<?xml version="1.0" encoding="UTF-8" standalone="yes"?>
<testsuites name="superWild_4" time="577" tests="1" failures="0" errors="0">
    <testsuite name="superWild_4" tests="1" failures="0" errors="0" time="577" timestamp="2019-08-24 12:42:56" hostname="eiralee - 172.20.10.2" id="Test Suites/INT/superWild_4">
        <properties>
            <property name="deviceName" value=""/>
            <property name="devicePlatform" value=""/>
            <property name="logFolder" value="/Users/eiralee/Katalon_Script/SuperWild/Reports/20190824_124242/INT/superWild_4/20190824_124242"/>
            <property name="logFiles" value="/Users/eiralee/Katalon_Script/SuperWild/Reports/20190824_124242/INT/superWild_4/20190824_124242/execution0.log, /Users/eiralee/Katalon_Script/SuperWild/Reports/20190824_124242/INT/superWild_4/20190824_124242/execution1.log, /Users/eiralee/Katalon_Script/SuperWild/Reports/20190824_124242/INT/superWild_4/20190824_124242/execution2.log"/>
            <property name="attachments" value=""/>
            <property name="hostName" value="eiralee - 172.20.10.2"/>
            <property name="hostAddress" value="172.20.10.2"/>
            <property name="os" value="Mac OS X 64bit"/>
            <property name="katalonVersion" value="6.3.1.2"/>
        </properties>
        <testcase name="Test Cases/INT_env/4_Multiplier_CALL" classname="Test Cases/INT_env/4_Multiplier_CALL" status="PASSED">
            <system-out>2019-08-24 12:42:56 - [TEST_CASE][PASSED] - Test Cases/INT_env/4_Multiplier_CALL: Test Cases/INT_env/4_Multiplier_CALL

2019-08-24 12:42:58 - [TEST_STEP][PASSED] - Multiplier = new java.util.ArrayList(): null

2019-08-24 12:42:58 - [TEST_STEP][PASSED] - Multiplier.add("wild_multiplier"): null

2019-08-24 12:42:58 - [TEST_STEP][PASSED] - Multiplier.add("wild_config"): null

2019-08-24 12:42:58 - [TEST_STEP][PASSED] - wild_config = new java.util.ArrayList(): null

2019-08-24 12:42:58 - [TEST_STEP][PASSED] - wild_config.add("index"): null

2019-08-24 12:42:58 - [TEST_STEP][PASSED] - wild_config.add("value"): null

2019-08-24 12:42:58 - [TEST_STEP][PASSED] - sendRequestAndVerify(findTestObject("INT/Wallet/Get_Session_Token", ["url_krug_gw":url_krug_gw, "partner":Partner, "secret_key":secret_key, "userid":Userid])): Send request and verify the response successfully

2019-08-24 12:42:59 - [MESSAGE][INFO] - HAR: /Users/eiralee/Katalon_Script/SuperWild/Reports/20190824_124242/INT/superWild_4/20190824_124242/requests/main/0.har

2019-08-24 12:42:59 - [TEST_CASE][PASSED] - Start Test Case : Verification: Verification accomplished successfully

2019-08-24 12:42:59 - [TEST_STEP][PASSED] - request = getInstance().getCurrentRequest(): null

2019-08-24 12:42:59 - [TEST_STEP][PASSED] - response = getInstance().getCurrentResponse(): null

2019-08-24 12:42:59 - [TEST_STEP][PASSED] - verifyResponseStatusCode(response, 200): Verify response status code successfully

2019-08-24 12:42:59 - [MESSAGE][PASSED] - Verify response status code successfully

2019-08-24 12:42:59 - [TEST_STEP][PASSED] - getStatusCode()).isEqualTo(200): null

2019-08-24 12:42:59 - [TEST_STEP][PASSED] - getResponseText()).contains("session_token"): null

2019-08-24 12:42:59 - [TEST_STEP][PASSED] - getsession = new groovy.json.JsonSlurper(): null

2019-08-24 12:42:59 - [TEST_STEP][PASSED] - result_getsession = getsession.parseText(response.getResponseBodyContent()): null

2019-08-24 12:42:59 - [TEST_STEP][PASSED] - session_token = session_token: null

2019-08-24 12:42:59 - [TEST_STEP][PASSED] - println("...value extracted is :" + session_token): null

2019-08-24 12:42:59 - [TEST_STEP][PASSED] - session_token = session_token: null

2019-08-24 12:43:01 - [TEST_STEP][PASSED] - println("GlobalVariable is :" + session_token): null

2019-08-24 12:43:01 - [TEST_STEP][PASSED] - internal_balance = internal_balance: null

2019-08-24 12:43:01 - [TEST_STEP][PASSED] - internal_balance = internal_balance: null

2019-08-24 12:43:01 - [MESSAGE][PASSED] - Verify response successfully

2019-08-24 12:43:01 - [MESSAGE][PASSED] - Send request and verify the response successfully

2019-08-24 12:43:01 - [TEST_STEP][PASSED] - M4_login = sendRequestAndVerify(findTestObject("INT/RGS(M4)/M4_Login", ["partner":Partner, "game_code":Game_code, "session_token":session_token])): Send request and verify the response successfully

2019-08-24 12:43:02 - [MESSAGE][INFO] - HAR: /Users/eiralee/Katalon_Script/SuperWild/Reports/20190824_124242/INT/superWild_4/20190824_124242/requests/main/1.har

2019-08-24 12:43:02 - [TEST_CASE][PASSED] - Start Test Case : Verification: Verification accomplished successfully

2019-08-24 12:43:02 - [TEST_STEP][PASSED] - request = getInstance().getCurrentRequest(): null

2019-08-24 12:43:02 - [TEST_STEP][PASSED] - response = getInstance().getCurrentResponse(): null

2019-08-24 12:43:02 - [TEST_STEP][PASSED] - verifyResponseStatusCode(response, 200): Verify response status code successfully

2019-08-24 12:43:02 - [MESSAGE][PASSED] - Verify response status code successfully

2019-08-24 12:43:02 - [TEST_STEP][PASSED] - getStatusCode()).isEqualTo(200): null

2019-08-24 12:43:02 - [TEST_STEP][PASSED] - newline = System.getProperty("line.separator"): null

2019-08-24 12:43:02 - [TEST_STEP][PASSED] - M4_login = new groovy.json.JsonSlurper(): null

2019-08-24 12:43:02 - [TEST_STEP][PASSED] - result_M4_login = M4_login.parseText(response.getResponseBodyContent()): null

2019-08-24 12:43:02 - [TEST_STEP][PASSED] - M4_login_user_id = user_id: null

2019-08-24 12:43:02 - [TEST_STEP][PASSED] - println("playerid is: " + M4_login_user_id): null

2019-08-24 12:43:02 - [TEST_STEP][PASSED] - M4_login_user_id = M4_login_user_id: null

2019-08-24 12:43:02 - [MESSAGE][PASSED] - Verify response successfully

2019-08-24 12:43:02 - [MESSAGE][PASSED] - Send request and verify the response successfully

2019-08-24 12:43:02 - [TEST_STEP][PASSED] - M4_login_user_id = M4_login_user_id: null

2019-08-24 12:43:02 - [TEST_STEP][PASSED] - M4_init = sendRequestAndVerify(findTestObject("INT/RGS(M4)/M4_init", ["partner":Partner, "gameId":gameId, "M4_login_user_id":M4_login_user_id])): Send request and verify the response successfully

2019-08-24 12:43:02 - [MESSAGE][INFO] - HAR: /Users/eiralee/Katalon_Script/SuperWild/Reports/20190824_124242/INT/superWild_4/20190824_124242/requests/main/2.har

2019-08-24 12:43:02 - [TEST_CASE][PASSED] - Start Test Case : Verification: Verification accomplished successfully

2019-08-24 12:43:02 - [TEST_STEP][PASSED] - request = getInstance().getCurrentRequest(): null

2019-08-24 12:43:03 - [TEST_STEP][PASSED] - response = getInstance().getCurrentResponse(): null

2019-08-24 12:43:03 - [TEST_STEP][PASSED] - verifyResponseStatusCode(response, 200): Verify response status code successfully

2019-08-24 12:43:03 - [MESSAGE][PASSED] - Verify response status code successfully

2019-08-24 12:43:03 - [TEST_STEP][PASSED] - getStatusCode()).isEqualTo(200): null

2019-08-24 12:43:03 - [TEST_STEP][PASSED] - newline = System.getProperty("line.separator"): null

2019-08-24 12:43:03 - [TEST_STEP][PASSED] - M4_init = new groovy.json.JsonSlurper(): null

2019-08-24 12:43:03 - [TEST_STEP][PASSED] - result_M4_init = M4_init.parseText(response.getResponseBodyContent()): null

2019-08-24 12:43:03 - [TEST_STEP][PASSED] - rgs_session_token = session_token: null

2019-08-24 12:43:03 - [TEST_STEP][PASSED] - rgs_session_token = rgs_session_token: null

2019-08-24 12:43:03 - [TEST_STEP][PASSED] - M4_init_balance = balance: null

2019-08-24 12:43:03 - [TEST_STEP][PASSED] - M4_init_balance = M4_init_balance: null

2019-08-24 12:43:03 - [TEST_STEP][PASSED] - game_code = genesis_id: null

2019-08-24 12:43:03 - [TEST_STEP][PASSED] - game_code = game_code: null

2019-08-24 12:43:03 - [TEST_STEP][PASSED] - M4_free_round = free_round: null

2019-08-24 12:43:03 - [TEST_STEP][PASSED] - M4_free_round = M4_free_round: null

2019-08-24 12:43:03 - [MESSAGE][PASSED] - Verify response successfully

2019-08-24 12:43:03 - [MESSAGE][PASSED] - Send request and verify the response successfully

2019-08-24 12:43:03 - [TEST_STEP][PASSED] - rgs_session_token = rgs_session_token: null

2019-08-24 12:43:03 - [TEST_STEP][PASSED] - for ([i = 0, i &lt;= 500, (i++)]): null

2019-08-24 12:43:03 - [TEST_STEP][PASSED] - free_spin_reel_counter = free_spin_reel_counter: null

2019-08-24 12:43:03 - [TEST_STEP][PASSED] - M4_spin_reels_symbols = M4_spin_reels_symbols: null

2019-08-24 12:43:03 - [TEST_STEP][PASSED] - M4_total_bonus_spins = M4_total_bonus_spins: null

2019-08-24 12:43:03 - [TEST_STEP][PASSED] - spin_result = sendRequestAndVerify(findTestObject("INT/RGS(M4)/1_M4_spin", ["M4_login_user_id":M4_login_user_id, "rgs_session_token":rgs_session_token, "partner":Partner])): Send request and verify the response successfully

2019-08-24 12:43:03 - [MESSAGE][INFO] - HAR: /Users/eiralee/Katalon_Script/SuperWild/Reports/20190824_124242/INT/superWild_4/20190824_124242/requests/main/3.har

2019-08-24 12:43:03 - [TEST_CASE][PASSED] - Start Test Case : Verification: Verification accomplished successfully

2019-08-24 12:43:04 - [TEST_STEP][PASSED] - request = getInstance().getCurrentRequest(): null

2019-08-24 12:43:04 - [TEST_STEP][PASSED] - response = getInstance().getCurrentResponse(): null

2019-08-24 12:43:04 - [TEST_STEP][PASSED] - verifyResponseStatusCode(response, 200): Verify response status code successfully

2019-08-24 12:43:04 - [MESSAGE][PASSED] - Verify response status code successfully

2019-08-24 12:43:04 - [TEST_STEP][PASSED] - getStatusCode()).isEqualTo(200): null

2019-08-24 12:43:04 - [TEST_STEP][PASSED] - newline = System.getProperty("line.separator"): null

2019-08-24 12:43:04 - [TEST_STEP][PASSED] - M4_spin = new groovy.json.JsonSlurper(): null

2019-08-24 12:43:04 - [TEST_STEP][PASSED] - result_M4_spin = M4_spin.parseText(response.getResponseBodyContent()): null

2019-08-24 12:43:04 - [TEST_STEP][PASSED] - M4_spin_current_balance = current_balance: null

2019-08-24 12:43:04 - [TEST_STEP][PASSED] - M4_spin_current_balance = M4_spin_current_balance: null

2019-08-24 12:43:04 - [TEST_STEP][PASSED] - M4_spin_transaction_id = causality: null

2019-08-24 12:43:04 - [TEST_STEP][PASSED] - M4_spin_transaction_id = M4_spin_transaction_id: null

2019-08-24 12:43:04 - [TEST_STEP][PASSED] - M4_spin_round_id = round_id: null

2019-08-24 12:43:04 - [TEST_STEP][PASSED] - M4_spin_round_id = M4_spin_round_id: null

2019-08-24 12:43:04 - [TEST_STEP][PASSED] - M4_spin_line_wins = line_wins: null

2019-08-24 12:43:04 - [TEST_STEP][PASSED] - M4_spin_line_wins = M4_spin_line_wins: null

2019-08-24 12:43:04 - [TEST_STEP][PASSED] - M4_total_bonus_spins_int = total_bonus_spins: null

2019-08-24 12:43:04 - [TEST_STEP][PASSED] - println("******M4_total_bonus_spins type is:*******" + newline + getClass().getName()): null

2019-08-24 12:43:04 - [TEST_STEP][PASSED] - M4_total_bonus_spins_int = M4_total_bonus_spins_int: null

2019-08-24 12:43:04 - [TEST_STEP][PASSED] - M4_total_bonus_spins = Integer.toString(M4_total_bonus_spins_int): null

2019-08-24 12:43:04 - [TEST_STEP][PASSED] - M4_total_bonus_spins = M4_total_bonus_spins: null

2019-08-24 12:43:04 - [TEST_STEP][PASSED] - println("M4_total_bonus_spins is:" + M4_total_bonus_spins): null

2019-08-24 12:43:04 - [TEST_STEP][PASSED] - M4_spin_bonus_data = bonus_data: null

2019-08-24 12:43:04 - [TEST_STEP][PASSED] - M4_spin_features_triggered = result_M4_spin: null

2019-08-24 12:43:04 - [TEST_STEP][PASSED] - wild = []: null

2019-08-24 12:43:04 - [TEST_STEP][PASSED] - wild[0] = "WILD_Expanding": null

2019-08-24 12:43:04 - [TEST_STEP][PASSED] - wild[1] = "WILD_Normal": null

2019-08-24 12:43:04 - [TEST_STEP][PASSED] - wild[2] = "WILD_Double": null

2019-08-24 12:43:04 - [TEST_STEP][PASSED] - wild[3] = "WILD_ExtraFG": null

2019-08-24 12:43:04 - [TEST_STEP][PASSED] - wild[4] = "WILD_Triple": null

2019-08-24 12:43:04 - [TEST_STEP][PASSED] - wildList = Arrays.asList(wild): null

2019-08-24 12:43:04 - [TEST_STEP][PASSED] - wildList = wildList: null

2019-08-24 12:43:04 - [TEST_STEP][PASSED] - free_spin_reel_counter = []: null

2019-08-24 12:43:04 - [TEST_STEP][PASSED] - free_spin_reel_counter[0] = 0: null

2019-08-24 12:43:04 - [TEST_STEP][PASSED] - free_spin_reel_counter[1] = 0: null

2019-08-24 12:43:04 - [TEST_STEP][PASSED] - free_spin_reel_counter[2] = 0: null

2019-08-24 12:43:04 - [TEST_STEP][PASSED] - M4_spin_reels = reels: null

2019-08-24 12:43:04 - [TEST_STEP][PASSED] - for ([i = 0, i &lt; M4_spin_reels.size(), (i++)]): null

2019-08-24 12:43:04 - [TEST_STEP][PASSED] - symbols = symbols: null

2019-08-24 12:43:04 - [TEST_STEP][PASSED] - for ([j = 0, j &lt; symbols.size(), (j++)]): null

2019-08-24 12:43:04 - [TEST_STEP][PASSED] - symbol = symbol: null

2019-08-24 12:43:04 - [TEST_STEP][PASSED] - println(symbol): null

2019-08-24 12:43:04 - [TEST_STEP][PASSED] - if (i == 2 &amp;&amp; wildList.indexOf(symbol) != -1): null

2019-08-24 12:43:04 - [TEST_STEP][PASSED] - if (i == 3 &amp;&amp; wildList.indexOf(symbol) != -1): null

2019-08-24 12:43:04 - [TEST_STEP][PASSED] - if (i == 4 &amp;&amp; wildList.indexOf(symbol) != -1): null

2019-08-24 12:43:04 - [TEST_STEP][PASSED] - symbol = symbol: null

2019-08-24 12:43:04 - [TEST_STEP][PASSED] - println(symbol): null

2019-08-24 12:43:04 - [TEST_STEP][PASSED] - if (i == 2 &amp;&amp; wildList.indexOf(symbol) != -1): null

2019-08-24 12:43:04 - [TEST_STEP][PASSED] - if (i == 3 &amp;&amp; wildList.indexOf(symbol) != -1): null

2019-08-24 12:43:04 - [TEST_STEP][PASSED] - if (i == 4 &amp;&amp; wildList.indexOf(symbol) != -1): null

2019-08-24 12:43:04 - [TEST_STEP][PASSED] - symbol = symbol: null

2019-08-24 12:43:04 - [TEST_STEP][PASSED] - println(symbol): null

2019-08-24 12:43:04 - [TEST_STEP][PASSED] - if (i == 2 &amp;&amp; wildList.indexOf(symbol) != -1): null

2019-08-24 12:43:04 - [TEST_STEP][PASSED] - if (i == 3 &amp;&amp; wildList.indexOf(symbol) != -1): null

2019-08-24 12:43:04 - [TEST_STEP][PASSED] - if (i == 4 &amp;&amp; wildList.indexOf(symbol) != -1): null

2019-08-24 12:43:04 - [TEST_STEP][PASSED] - symbols = symbols: null

2019-08-24 12:43:04 - [TEST_STEP][PASSED] - for ([j = 0, j &lt; symbols.size(), (j++)]): null

2019-08-24 12:43:04 - [TEST_STEP][PASSED] - symbol = symbol: null

2019-08-24 12:43:04 - [TEST_STEP][PASSED] - println(symbol): null

2019-08-24 12:43:04 - [TEST_STEP][PASSED] - if (i == 2 &amp;&amp; wildList.indexOf(symbol) != -1): null

2019-08-24 12:43:04 - [TEST_STEP][PASSED] - if (i == 3 &amp;&amp; wildList.indexOf(symbol) != -1): null

2019-08-24 12:43:04 - [TEST_STEP][PASSED] - if (i == 4 &amp;&amp; wildList.indexOf(symbol) != -1): null

2019-08-24 12:43:04 - [TEST_STEP][PASSED] - symbol = symbol: null

2019-08-24 12:43:04 - [TEST_STEP][PASSED] - println(symbol): null

2019-08-24 12:43:04 - [TEST_STEP][PASSED] - if (i == 2 &amp;&amp; wildList.indexOf(symbol) != -1): null

2019-08-24 12:43:04 - [TEST_STEP][PASSED] - if (i == 3 &amp;&amp; wildList.indexOf(symbol) != -1): null

2019-08-24 12:43:04 - [TEST_STEP][PASSED] - if (i == 4 &amp;&amp; wildList.indexOf(symbol) != -1): null

2019-08-24 12:43:04 - [TEST_STEP][PASSED] - symbol = symbol: null

2019-08-24 12:43:04 - [TEST_STEP][PASSED] - println(symbol): null

2019-08-24 12:43:04 - [TEST_STEP][PASSED] - if (i == 2 &amp;&amp; wildList.indexOf(symbol) != -1): null

2019-08-24 12:43:04 - [TEST_STEP][PASSED] - if (i == 3 &amp;&amp; wildList.indexOf(symbol) != -1): null

2019-08-24 12:43:04 - [TEST_STEP][PASSED] - if (i == 4 &amp;&amp; wildList.indexOf(symbol) != -1): null

2019-08-24 12:43:04 - [TEST_STEP][PASSED] - symbols = symbols: null

2019-08-24 12:43:04 - [TEST_STEP][PASSED] - for ([j = 0, j &lt; symbols.size(), (j++)]): null

2019-08-24 12:43:04 - [TEST_STEP][PASSED] - symbol = symbol: null

2019-08-24 12:43:04 - [TEST_STEP][PASSED] - println(symbol): null

2019-08-24 12:43:04 - [TEST_STEP][PASSED] - if (i == 2 &amp;&amp; wildList.indexOf(symbol) != -1): null

2019-08-24 12:43:04 - [TEST_STEP][PASSED] - if (i == 3 &amp;&amp; wildList.indexOf(symbol) != -1): null

2019-08-24 12:43:04 - [TEST_STEP][PASSED] - if (i == 4 &amp;&amp; wildList.indexOf(symbol) != -1): null

2019-08-24 12:43:04 - [TEST_STEP][PASSED] - symbol = symbol: null

2019-08-24 12:43:04 - [TEST_STEP][PASSED] - println(symbol): null

2019-08-24 12:43:04 - [TEST_STEP][PASSED] - if (i == 2 &amp;&amp; wildList.indexOf(symbol) != -1): null

2019-08-24 12:43:04 - [TEST_STEP][PASSED] - if (i == 3 &amp;&amp; wildList.indexOf(symbol) != -1): null

2019-08-24 12:43:04 - [TEST_STEP][PASSED] - if (i == 4 &amp;&amp; wildList.indexOf(symbol) != -1): null

2019-08-24 12:43:04 - [TEST_STEP][PASSED] - symbol = symbol: null

2019-08-24 12:43:04 - [TEST_STEP][PASSED] - println(symbol): null

2019-08-24 12:43:04 - [TEST_STEP][PASSED] - if (i == 2 &amp;&amp; wildList.indexOf(symbol) != -1): null

2019-08-24 12:43:04 - [TEST_STEP][PASSED] - if (i == 3 &amp;&amp; wildList.indexOf(symbol) != -1): null

2019-08-24 12:43:04 - [TEST_STEP][PASSED] - if (i == 4 &amp;&amp; wildList.indexOf(symbol) != -1): null

2019-08-24 12:43:04 - [TEST_STEP][PASSED] - symbols = symbols: null

2019-08-24 12:43:04 - [TEST_STEP][PASSED] - for ([j = 0, j &lt; symbols.size(), (j++)]): null

2019-08-24 12:43:04 - [TEST_STEP][PASSED] - symbol = symbol: null

2019-08-24 12:43:04 - [TEST_STEP][PASSED] - println(symbol): null

2019-08-24 12:43:04 - [TEST_STEP][PASSED] - if (i == 2 &amp;&amp; wildList.indexOf(symbol) != -1): null

2019-08-24 12:43:04 - [TEST_STEP][PASSED] - if (i == 3 &amp;&amp; wildList.indexOf(symbol) != -1): null

2019-08-24 12:43:04 - [TEST_STEP][PASSED] - println("wild found on reel 4, adding counter by 1"): null

2019-08-24 12:43:04 - [TEST_STEP][PASSED] - free_spin_reel_counter[1] = free_spin_reel_counter[1] + 1: null

2019-08-24 12:43:04 - [TEST_STEP][PASSED] - if (i == 4 &amp;&amp; wildList.indexOf(symbol) != -1): null

2019-08-24 12:43:04 - [TEST_STEP][PASSED] - symbol = symbol: null

2019-08-24 12:43:04 - [TEST_STEP][PASSED] - println(symbol): null

2019-08-24 12:43:04 - [TEST_STEP][PASSED] - if (i == 2 &amp;&amp; wildList.indexOf(symbol) != -1): null

2019-08-24 12:43:04 - [TEST_STEP][PASSED] - if (i == 3 &amp;&amp; wildList.indexOf(symbol) != -1): null

2019-08-24 12:43:04 - [TEST_STEP][PASSED] - if (i == 4 &amp;&amp; wildList.indexOf(symbol) != -1): null

2019-08-24 12:43:04 - [TEST_STEP][PASSED] - symbol = symbol: null

2019-08-24 12:43:04 - [TEST_STEP][PASSED] - println(symbol): null

2019-08-24 12:43:04 - [TEST_STEP][PASSED] - if (i == 2 &amp;&amp; wildList.indexOf(symbol) != -1): null

2019-08-24 12:43:04 - [TEST_STEP][PASSED] - if (i == 3 &amp;&amp; wildList.indexOf(symbol) != -1): null

2019-08-24 12:43:04 - [TEST_STEP][PASSED] - if (i == 4 &amp;&amp; wildList.indexOf(symbol) != -1): null

2019-08-24 12:43:04 - [TEST_STEP][PASSED] - symbols = symbols: null

2019-08-24 12:43:04 - [TEST_STEP][PASSED] - for ([j = 0, j &lt; symbols.size(), (j++)]): null

2019-08-24 12:43:04 - [TEST_STEP][PASSED] - symbol = symbol: null

2019-08-24 12:43:04 - [TEST_STEP][PASSED] - println(symbol): null

2019-08-24 12:43:04 - [TEST_STEP][PASSED] - if (i == 2 &amp;&amp; wildList.indexOf(symbol) != -1): null

2019-08-24 12:43:04 - [TEST_STEP][PASSED] - if (i == 3 &amp;&amp; wildList.indexOf(symbol) != -1): null

2019-08-24 12:43:04 - [TEST_STEP][PASSED] - if (i == 4 &amp;&amp; wildList.indexOf(symbol) != -1): null

2019-08-24 12:43:04 - [TEST_STEP][PASSED] - symbol = symbol: null

2019-08-24 12:43:04 - [TEST_STEP][PASSED] - println(symbol): null

2019-08-24 12:43:04 - [TEST_STEP][PASSED] - if (i == 2 &amp;&amp; wildList.indexOf(symbol) != -1): null

2019-08-24 12:43:04 - [TEST_STEP][PASSED] - if (i == 3 &amp;&amp; wildList.indexOf(symbol) != -1): null

2019-08-24 12:43:04 - [TEST_STEP][PASSED] - if (i == 4 &amp;&amp; wildList.indexOf(symbol) != -1): null

2019-08-24 12:43:04 - [TEST_STEP][PASSED] - symbol = symbol: null

2019-08-24 12:43:04 - [TEST_STEP][PASSED] - println(symbol): null

2019-08-24 12:43:04 - [TEST_STEP][PASSED] - if (i == 2 &amp;&amp; wildList.indexOf(symbol) != -1): null

2019-08-24 12:43:04 - [TEST_STEP][PASSED] - if (i == 3 &amp;&amp; wildList.indexOf(symbol) != -1): null

2019-08-24 12:43:04 - [TEST_STEP][PASSED] - if (i == 4 &amp;&amp; wildList.indexOf(symbol) != -1): null

2019-08-24 12:43:04 - [TEST_STEP][PASSED] - free_spin_reel_counter = free_spin_reel_counter: null

2019-08-24 12:43:04 - [TEST_STEP][PASSED] - println("reel 3 wild found: " + free_spin_reel_counter[0]): null

2019-08-24 12:43:04 - [TEST_STEP][PASSED] - println("reel 4 wild found: " + free_spin_reel_counter[1]): null

2019-08-24 12:43:04 - [TEST_STEP][PASSED] - println("reel 5 wild found: " + free_spin_reel_counter[2]): null

2019-08-24 12:43:04 - [TEST_STEP][PASSED] - M4_spin_reels = M4_spin_reels: null

2019-08-24 12:43:04 - [TEST_STEP][PASSED] - M4_spin_reels_symbols = symbol: null

2019-08-24 12:43:04 - [TEST_STEP][PASSED] - M4_spin_reels_symbols = M4_spin_reels_symbols: null

2019-08-24 12:43:04 - [TEST_STEP][PASSED] - M4_spin_reel_wins = reel_wins: null

2019-08-24 12:43:04 - [TEST_STEP][PASSED] - M4_spin_reel_wins = M4_spin_reel_wins: null

2019-08-24 12:43:04 - [TEST_STEP][PASSED] - println("GlobalVariable.M4_spin_reel_wins is: " + M4_spin_reel_wins): null

2019-08-24 12:43:04 - [TEST_STEP][PASSED] - M4_spin_total_bonus_win_this_round = total_bonus_win_this_round: null

2019-08-24 12:43:04 - [TEST_STEP][PASSED] - M4_spin_total_bonus_win_this_round = M4_spin_total_bonus_win_this_round: null

2019-08-24 12:43:04 - [TEST_STEP][PASSED] - println("GlobalVariable.M4_spin_total_bonus_win_this_round is: " + M4_spin_total_bonus_win_this_round): null

2019-08-24 12:43:04 - [TEST_STEP][PASSED] - M4_spin_bonus_spin_result = spin_result: null

2019-08-24 12:43:04 - [TEST_STEP][PASSED] - M4_spin_bonus_spin_result = M4_spin_bonus_spin_result: null

2019-08-24 12:43:04 - [MESSAGE][PASSED] - Verify response successfully

2019-08-24 12:43:04 - [MESSAGE][PASSED] - Send request and verify the response successfully

2019-08-24 12:43:04 - [TEST_STEP][PASSED] - if (M4_total_bonus_spins_int != 0 &amp;&amp; M4_spin_reels_symbols[2].contains("WILD_Double") || M4_spin_reels_symbols[4].contains("WILD_Triple")): null

2019-08-24 12:43:04 - [TEST_STEP][PASSED] - free_spin_reel_counter = free_spin_reel_counter: null

2019-08-24 12:43:04 - [TEST_STEP][PASSED] - M4_spin_reels_symbols = M4_spin_reels_symbols: null

2019-08-24 12:43:04 - [TEST_STEP][PASSED] - M4_total_bonus_spins = M4_total_bonus_spins: null

2019-08-24 12:43:04 - [TEST_STEP][PASSED] - spin_result = sendRequestAndVerify(findTestObject("INT/RGS(M4)/1_M4_spin", ["M4_login_user_id":M4_login_user_id, "rgs_session_token":rgs_session_token, "partner":Partner])): Send request and verify the response successfully

2019-08-24 12:43:04 - [MESSAGE][INFO] - HAR: /Users/eiralee/Katalon_Script/SuperWild/Reports/20190824_124242/INT/superWild_4/20190824_124242/requests/main/4.har

2019-08-24 12:43:04 - [TEST_CASE][PASSED] - Start Test Case : Verification: Verification accomplished successfully

2019-08-24 12:43:04 - [TEST_STEP][PASSED] - request = getInstance().getCurrentRequest(): null

2019-08-24 12:43:04 - [TEST_STEP][PASSED] - response = getInstance().getCurrentResponse(): null

2019-08-24 12:43:04 - [TEST_STEP][PASSED] - verifyResponseStatusCode(response, 200): Verify response status code successfully

2019-08-24 12:43:04 - [MESSAGE][PASSED] - Verify response status code successfully

2019-08-24 12:43:04 - [TEST_STEP][PASSED] - getStatusCode()).isEqualTo(200): null

2019-08-24 12:43:04 - [TEST_STEP][PASSED] - newline = System.getProperty("line.separator"): null

2019-08-24 12:43:04 - [TEST_STEP][PASSED] - M4_spin = new groovy.json.JsonSlurper(): null

2019-08-24 12:43:04 - [TEST_STEP][PASSED] - result_M4_spin = M4_spin.parseText(response.getResponseBodyContent()): null

2019-08-24 12:43:04 - [TEST_STEP][PASSED] - M4_spin_current_balance = current_balance: null

2019-08-24 12:43:04 - [TEST_STEP][PASSED] - M4_spin_current_balance = M4_spin_current_balance: null

2019-08-24 12:43:04 - [TEST_STEP][PASSED] - M4_spin_transaction_id = causality: null

2019-08-24 12:43:04 - [TEST_STEP][PASSED] - M4_spin_transaction_id = M4_spin_transaction_id: null

2019-08-24 12:43:04 - [TEST_STEP][PASSED] - M4_spin_round_id = round_id: null

2019-08-24 12:43:04 - [TEST_STEP][PASSED] - M4_spin_round_id = M4_spin_round_id: null

2019-08-24 12:43:04 - [TEST_STEP][PASSED] - M4_spin_line_wins = line_wins: null

2019-08-24 12:43:04 - [TEST_STEP][PASSED] - M4_spin_line_wins = M4_spin_line_wins: null

2019-08-24 12:43:04 - [TEST_STEP][PASSED] - M4_total_bonus_spins_int = total_bonus_spins: null

2019-08-24 12:43:04 - [TEST_STEP][PASSED] - println("******M4_total_bonus_spins type is:*******" + newline + getClass().getName()): null

2019-08-24 12:43:04 - [TEST_STEP][PASSED] - M4_total_bonus_spins_int = M4_total_bonus_spins_int: null

2019-08-24 12:43:04 - [TEST_STEP][PASSED] - M4_total_bonus_spins = Integer.toString(M4_total_bonus_spins_int): null

2019-08-24 12:43:04 - [TEST_STEP][PASSED] - M4_total_bonus_spins = M4_total_bonus_spins: null

2019-08-24 12:43:04 - [TEST_STEP][PASSED] - println("M4_total_bonus_spins is:" + M4_total_bonus_spins): null

2019-08-24 12:43:04 - [TEST_STEP][PASSED] - M4_spin_bonus_data = bonus_data: null

2019-08-24 12:43:04 - [TEST_STEP][PASSED] - M4_spin_features_triggered = result_M4_spin: null

2019-08-24 12:43:04 - [TEST_STEP][PASSED] - wild = []: null

2019-08-24 12:43:04 - [TEST_STEP][PASSED] - wild[0] = "WILD_Expanding": null

2019-08-24 12:43:04 - [TEST_STEP][PASSED] - wild[1] = "WILD_Normal": null

2019-08-24 12:43:04 - [TEST_STEP][PASSED] - wild[2] = "WILD_Double": null

2019-08-24 12:43:04 - [TEST_STEP][PASSED] - wild[3] = "WILD_ExtraFG": null

2019-08-24 12:43:04 - [TEST_STEP][PASSED] - wild[4] = "WILD_Triple": null

2019-08-24 12:43:04 - [TEST_STEP][PASSED] - wildList = Arrays.asList(wild): null

2019-08-24 12:43:04 - [TEST_STEP][PASSED] - wildList = wildList: null

2019-08-24 12:43:04 - [TEST_STEP][PASSED] - free_spin_reel_counter = []: null

2019-08-24 12:43:04 - [TEST_STEP][PASSED] - free_spin_reel_counter[0] = 0: null

2019-08-24 12:43:04 - [TEST_STEP][PASSED] - free_spin_reel_counter[1] = 0: null

2019-08-24 12:43:04 - [TEST_STEP][PASSED] - free_spin_reel_counter[2] = 0: null

2019-08-24 12:43:04 - [TEST_STEP][PASSED] - M4_spin_reels = reels: null

2019-08-24 12:43:04 - [TEST_STEP][PASSED] - for ([i = 0, i &lt; M4_spin_reels.size(), (i++)]): null

2019-08-24 12:43:04 - [TEST_STEP][PASSED] - symbols = symbols: null

2019-08-24 12:43:04 - [TEST_STEP][PASSED] - for ([j = 0, j &lt; symbols.size(), (j++)]): null

2019-08-24 12:43:04 - [TEST_STEP][PASSED] - symbol = symbol: null

2019-08-24 12:43:04 - [TEST_STEP][PASSED] - println(symbol): null

2019-08-24 12:43:04 - [TEST_STEP][PASSED] - if (i == 2 &amp;&amp; wildList.indexOf(symbol) != -1): null

2019-08-24 12:43:04 - [TEST_STEP][PASSED] - if (i == 3 &amp;&amp; wildList.indexOf(symbol) != -1): null

2019-08-24 12:43:04 - [TEST_STEP][PASSED] - if (i == 4 &amp;&amp; wildList.indexOf(symbol) != -1): null

2019-08-24 12:43:04 - [TEST_STEP][PASSED] - symbol = symbol: null

2019-08-24 12:43:04 - [TEST_STEP][PASSED] - println(symbol): null

2019-08-24 12:43:04 - [TEST_STEP][PASSED] - if (i == 2 &amp;&amp; wildList.indexOf(symbol) != -1): null

2019-08-24 12:43:04 - [TEST_STEP][PASSED] - if (i == 3 &amp;&amp; wildList.indexOf(symbol) != -1): null

2019-08-24 12:43:04 - [TEST_STEP][PASSED] - if (i == 4 &amp;&amp; wildList.indexOf(symbol) != -1): null

2019-08-24 12:43:04 - [TEST_STEP][PASSED] - symbol = symbol: null

2019-08-24 12:43:04 - [TEST_STEP][PASSED] - println(symbol): null

2019-08-24 12:43:04 - [TEST_STEP][PASSED] - if (i == 2 &amp;&amp; wildList.indexOf(symbol) != -1): null

2019-08-24 12:43:04 - [TEST_STEP][PASSED] - if (i == 3 &amp;&amp; wildList.indexOf(symbol) != -1): null

2019-08-24 12:43:04 - [TEST_STEP][PASSED] - if (i == 4 &amp;&amp; wildList.indexOf(symbol) != -1): null

2019-08-24 12:43:04 - [TEST_STEP][PASSED] - symbols = symbols: null

2019-08-24 12:43:04 - [TEST_STEP][PASSED] - for ([j = 0, j &lt; symbols.size(), (j++)]): null

2019-08-24 12:43:04 - [TEST_STEP][PASSED] - symbol = symbol: null

2019-08-24 12:43:04 - [TEST_STEP][PASSED] - println(symbol): null

2019-08-24 12:43:04 - [TEST_STEP][PASSED] - if (i == 2 &amp;&amp; wildList.indexOf(symbol) != -1): null

2019-08-24 12:43:04 - [TEST_STEP][PASSED] - if (i == 3 &amp;&amp; wildList.indexOf(symbol) != -1): null

2019-08-24 12:43:04 - [TEST_STEP][PASSED] - if (i == 4 &amp;&amp; wildList.indexOf(symbol) != -1): null

2019-08-24 12:43:04 - [TEST_STEP][PASSED] - symbol = symbol: null

2019-08-24 12:43:04 - [TEST_STEP][PASSED] - println(symbol): null

2019-08-24 12:43:04 - [TEST_STEP][PASSED] - if (i == 2 &amp;&amp; wildList.indexOf(symbol) != -1): null

2019-08-24 12:43:04 - [TEST_STEP][PASSED] - if (i == 3 &amp;&amp; wildList.indexOf(symbol) != -1): null

2019-08-24 12:43:04 - [TEST_STEP][PASSED] - if (i == 4 &amp;&amp; wildList.indexOf(symbol) != -1): null

2019-08-24 12:43:04 - [TEST_STEP][PASSED] - symbol = symbol: null

2019-08-24 12:43:04 - [TEST_STEP][PASSED] - println(symbol): null

2019-08-24 12:43:04 - [TEST_STEP][PASSED] - if (i == 2 &amp;&amp; wildList.indexOf(symbol) != -1): null

2019-08-24 12:43:04 - [TEST_STEP][PASSED] - if (i == 3 &amp;&amp; wildList.indexOf(symbol) != -1): null

2019-08-24 12:43:04 - [TEST_STEP][PASSED] - if (i == 4 &amp;&amp; wildList.indexOf(symbol) != -1): null

2019-08-24 12:43:04 - [TEST_STEP][PASSED] - symbols = symbols: null

2019-08-24 12:43:04 - [TEST_STEP][PASSED] - for ([j = 0, j &lt; symbols.size(), (j++)]): null

2019-08-24 12:43:04 - [TEST_STEP][PASSED] - symbol = symbol: null

2019-08-24 12:43:04 - [TEST_STEP][PASSED] - println(symbol): null

2019-08-24 12:43:04 - [TEST_STEP][PASSED] - if (i == 2 &amp;&amp; wildList.indexOf(symbol) != -1): null

2019-08-24 12:43:04 - [TEST_STEP][PASSED] - if (i == 3 &amp;&amp; wildList.indexOf(symbol) != -1): null

2019-08-24 12:43:04 - [TEST_STEP][PASSED] - if (i == 4 &amp;&amp; wildList.indexOf(symbol) != -1): null

2019-08-24 12:43:04 - [TEST_STEP][PASSED] - symbol = symbol: null

2019-08-24 12:43:04 - [TEST_STEP][PASSED] - println(symbol): null

2019-08-24 12:43:04 - [TEST_STEP][PASSED] - if (i == 2 &amp;&amp; wildList.indexOf(symbol) != -1): null

2019-08-24 12:43:04 - [TEST_STEP][PASSED] - if (i == 3 &amp;&amp; wildList.indexOf(symbol) != -1): null

2019-08-24 12:43:04 - [TEST_STEP][PASSED] - if (i == 4 &amp;&amp; wildList.indexOf(symbol) != -1): null

2019-08-24 12:43:04 - [TEST_STEP][PASSED] - symbol = symbol: null

2019-08-24 12:43:04 - [TEST_STEP][PASSED] - println(symbol): null

2019-08-24 12:43:04 - [TEST_STEP][PASSED] - if (i == 2 &amp;&amp; wildList.indexOf(symbol) != -1): null

2019-08-24 12:43:04 - [TEST_STEP][PASSED] - if (i == 3 &amp;&amp; wildList.indexOf(symbol) != -1): null

2019-08-24 12:43:04 - [TEST_STEP][PASSED] - if (i == 4 &amp;&amp; wildList.indexOf(symbol) != -1): null

2019-08-24 12:43:04 - [TEST_STEP][PASSED] - symbols = symbols: null

2019-08-24 12:43:04 - [TEST_STEP][PASSED] - for ([j = 0, j &lt; symbols.size(), (j++)]): null

2019-08-24 12:43:04 - [TEST_STEP][PASSED] - symbol = symbol: null

2019-08-24 12:43:04 - [TEST_STEP][PASSED] - println(symbol): null

2019-08-24 12:43:04 - [TEST_STEP][PASSED] - if (i == 2 &amp;&amp; wildList.indexOf(symbol) != -1): null

2019-08-24 12:43:04 - [TEST_STEP][PASSED] - if (i == 3 &amp;&amp; wildList.indexOf(symbol) != -1): null

2019-08-24 12:43:04 - [TEST_STEP][PASSED] - if (i == 4 &amp;&amp; wildList.indexOf(symbol) != -1): null

2019-08-24 12:43:04 - [TEST_STEP][PASSED] - symbol = symbol: null

2019-08-24 12:43:04 - [TEST_STEP][PASSED] - println(symbol): null

2019-08-24 12:43:04 - [TEST_STEP][PASSED] - if (i == 2 &amp;&amp; wildList.indexOf(symbol) != -1): null

2019-08-24 12:43:04 - [TEST_STEP][PASSED] - if (i == 3 &amp;&amp; wildList.indexOf(symbol) != -1): null

2019-08-24 12:43:04 - [TEST_STEP][PASSED] - if (i == 4 &amp;&amp; wildList.indexOf(symbol) != -1): null

2019-08-24 12:43:04 - [TEST_STEP][PASSED] - symbol = symbol: null

2019-08-24 12:43:04 - [TEST_STEP][PASSED] - println(symbol): null

2019-08-24 12:43:04 - [TEST_STEP][PASSED] - if (i == 2 &amp;&amp; wildList.indexOf(symbol) != -1): null

2019-08-24 12:43:04 - [TEST_STEP][PASSED] - if (i == 3 &amp;&amp; wildList.indexOf(symbol) != -1): null

2019-08-24 12:43:04 - [TEST_STEP][PASSED] - if (i == 4 &amp;&amp; wildList.indexOf(symbol) != -1): null

2019-08-24 12:43:04 - [TEST_STEP][PASSED] - symbols = symbols: null

2019-08-24 12:43:04 - [TEST_STEP][PASSED] - for ([j = 0, j &lt; symbols.size(), (j++)]): null

2019-08-24 12:43:04 - [TEST_STEP][PASSED] - symbol = symbol: null

2019-08-24 12:43:04 - [TEST_STEP][PASSED] - println(symbol): null

2019-08-24 12:43:04 - [TEST_STEP][PASSED] - if (i == 2 &amp;&amp; wildList.indexOf(symbol) != -1): null

2019-08-24 12:43:04 - [TEST_STEP][PASSED] - if (i == 3 &amp;&amp; wildList.indexOf(symbol) != -1): null

2019-08-24 12:43:04 - [TEST_STEP][PASSED] - if (i == 4 &amp;&amp; wildList.indexOf(symbol) != -1): null

2019-08-24 12:43:04 - [TEST_STEP][PASSED] - symbol = symbol: null

2019-08-24 12:43:04 - [TEST_STEP][PASSED] - println(symbol): null

2019-08-24 12:43:04 - [TEST_STEP][PASSED] - if (i == 2 &amp;&amp; wildList.indexOf(symbol) != -1): null

2019-08-24 12:43:04 - [TEST_STEP][PASSED] - if (i == 3 &amp;&amp; wildList.indexOf(symbol) != -1): null

2019-08-24 12:43:04 - [TEST_STEP][PASSED] - if (i == 4 &amp;&amp; wildList.indexOf(symbol) != -1): null

2019-08-24 12:43:04 - [TEST_STEP][PASSED] - symbol = symbol: null

2019-08-24 12:43:04 - [TEST_STEP][PASSED] - println(symbol): null

2019-08-24 12:43:04 - [TEST_STEP][PASSED] - if (i == 2 &amp;&amp; wildList.indexOf(symbol) != -1): null

2019-08-24 12:43:04 - [TEST_STEP][PASSED] - if (i == 3 &amp;&amp; wildList.indexOf(symbol) != -1): null

2019-08-24 12:43:04 - [TEST_STEP][PASSED] - if (i == 4 &amp;&amp; wildList.indexOf(symbol) != -1): null

2019-08-24 12:43:04 - [TEST_STEP][PASSED] - free_spin_reel_counter = free_spin_reel_counter: null

2019-08-24 12:43:04 - [TEST_STEP][PASSED] - println("reel 3 wild found: " + free_spin_reel_counter[0]): null

2019-08-24 12:43:04 - [TEST_STEP][PASSED] - println("reel 4 wild found: " + free_spin_reel_counter[1]): null

2019-08-24 12:43:04 - [TEST_STEP][PASSED] - println("reel 5 wild found: " + free_spin_reel_counter[2]): null

2019-08-24 12:43:04 - [TEST_STEP][PASSED] - M4_spin_reels = M4_spin_reels: null

2019-08-24 12:43:04 - [TEST_STEP][PASSED] - M4_spin_reels_symbols = symbol: null

2019-08-24 12:43:04 - [TEST_STEP][PASSED] - M4_spin_reels_symbols = M4_spin_reels_symbols: null

2019-08-24 12:43:04 - [TEST_STEP][PASSED] - M4_spin_reel_wins = reel_wins: null

2019-08-24 12:43:04 - [TEST_STEP][PASSED] - M4_spin_reel_wins = M4_spin_reel_wins: null

2019-08-24 12:43:04 - [TEST_STEP][PASSED] - println("GlobalVariable.M4_spin_reel_wins is: " + M4_spin_reel_wins): null

2019-08-24 12:43:04 - [TEST_STEP][PASSED] - M4_spin_total_bonus_win_this_round = total_bonus_win_this_round: null

2019-08-24 12:43:04 - [TEST_STEP][PASSED] - M4_spin_total_bonus_win_this_round = M4_spin_total_bonus_win_this_round: null

2019-08-24 12:43:04 - [TEST_STEP][PASSED] - println("GlobalVariable.M4_spin_total_bonus_win_this_round is: " + M4_spin_total_bonus_win_this_round): null

2019-08-24 12:43:04 - [TEST_STEP][PASSED] - M4_spin_bonus_spin_result = spin_result: null

2019-08-24 12:43:04 - [TEST_STEP][PASSED] - M4_spin_bonus_spin_result = M4_spin_bonus_spin_result: null

2019-08-24 12:43:04 - [MESSAGE][PASSED] - Verify response successfully

2019-08-24 12:43:04 - [MESSAGE][PASSED] - Send request and verify the response successfully

2019-08-24 12:43:04 - [TEST_STEP][PASSED] - if (M4_total_bonus_spins_int != 0 &amp;&amp; M4_spin_reels_symbols[2].contains("WILD_Double") || M4_spin_reels_symbols[4].contains("WILD_Triple")): null

2019-08-24 12:43:04 - [TEST_STEP][PASSED] - free_spin_reel_counter = free_spin_reel_counter: null

2019-08-24 12:43:04 - [TEST_STEP][PASSED] - M4_spin_reels_symbols = M4_spin_reels_symbols: null

2019-08-24 12:43:04 - [TEST_STEP][PASSED] - M4_total_bonus_spins = M4_total_bonus_spins: null

2019-08-24 12:43:04 - [TEST_STEP][PASSED] - spin_result = sendRequestAndVerify(findTestObject("INT/RGS(M4)/1_M4_spin", ["M4_login_user_id":M4_login_user_id, "rgs_session_token":rgs_session_token, "partner":Partner])): Send request and verify the response successfully

2019-08-24 12:43:05 - [MESSAGE][INFO] - HAR: /Users/eiralee/Katalon_Script/SuperWild/Reports/20190824_124242/INT/superWild_4/20190824_124242/requests/main/5.har

2019-08-24 12:43:05 - [TEST_CASE][PASSED] - Start Test Case : Verification: Verification accomplished successfully

2019-08-24 12:43:05 - [TEST_STEP][PASSED] - request = getInstance().getCurrentRequest(): null

2019-08-24 12:43:05 - [TEST_STEP][PASSED] - response = getInstance().getCurrentResponse(): null

2019-08-24 12:43:05 - [TEST_STEP][PASSED] - verifyResponseStatusCode(response, 200): Verify response status code successfully

2019-08-24 12:43:05 - [MESSAGE][PASSED] - Verify response status code successfully

2019-08-24 12:43:05 - [TEST_STEP][PASSED] - getStatusCode()).isEqualTo(200): null

2019-08-24 12:43:05 - [TEST_STEP][PASSED] - newline = System.getProperty("line.separator"): null

2019-08-24 12:43:05 - [TEST_STEP][PASSED] - M4_spin = new groovy.json.JsonSlurper(): null

2019-08-24 12:43:05 - [TEST_STEP][PASSED] - result_M4_spin = M4_spin.parseText(response.getResponseBodyContent()): null

2019-08-24 12:43:05 - [TEST_STEP][PASSED] - M4_spin_current_balance = current_balance: null

2019-08-24 12:43:05 - [TEST_STEP][PASSED] - M4_spin_current_balance = M4_spin_current_balance: null

2019-08-24 12:43:05 - [TEST_STEP][PASSED] - M4_spin_transaction_id = causality: null

2019-08-24 12:43:05 - [TEST_STEP][PASSED] - M4_spin_transaction_id = M4_spin_transaction_id: null

2019-08-24 12:43:05 - [TEST_STEP][PASSED] - M4_spin_round_id = round_id: null

2019-08-24 12:43:05 - [TEST_STEP][PASSED] - M4_spin_round_id = M4_spin_round_id: null

2019-08-24 12:43:05 - [TEST_STEP][PASSED] - M4_spin_line_wins = line_wins: null

2019-08-24 12:43:05 - [TEST_STEP][PASSED] - M4_spin_line_wins = M4_spin_line_wins: null

2019-08-24 12:43:05 - [TEST_STEP][PASSED] - M4_total_bonus_spins_int = total_bonus_spins: null

2019-08-24 12:43:05 - [TEST_STEP][PASSED] - println("******M4_total_bonus_spins type is:*******" + newline + getClass().getName()): null

2019-08-24 12:43:05 - [TEST_STEP][PASSED] - M4_total_bonus_spins_int = M4_total_bonus_spins_int: null

2019-08-24 12:43:05 - [TEST_STEP][PASSED] - M4_total_bonus_spins = Integer.toString(M4_total_bonus_spins_int): null

2019-08-24 12:43:05 - [TEST_STEP][PASSED] - M4_total_bonus_spins = M4_total_bonus_spins: null

2019-08-24 12:43:05 - [TEST_STEP][PASSED] - println("M4_total_bonus_spins is:" + M4_total_bonus_spins): null

2019-08-24 12:43:05 - [TEST_STEP][PASSED] - M4_spin_bonus_data = bonus_data: null

2019-08-24 12:43:05 - [TEST_STEP][PASSED] - M4_spin_features_triggered = result_M4_spin: null

2019-08-24 12:43:05 - [TEST_STEP][PASSED] - wild = []: null

2019-08-24 12:43:05 - [TEST_STEP][PASSED] - wild[0] = "WILD_Expanding": null

2019-08-24 12:43:05 - [TEST_STEP][PASSED] - wild[1] = "WILD_Normal": null

2019-08-24 12:43:05 - [TEST_STEP][PASSED] - wild[2] = "WILD_Double": null

2019-08-24 12:43:05 - [TEST_STEP][PASSED] - wild[3] = "WILD_ExtraFG": null

2019-08-24 12:43:05 - [TEST_STEP][PASSED] - wild[4] = "WILD_Triple": null

2019-08-24 12:43:05 - [TEST_STEP][PASSED] - wildList = Arrays.asList(wild): null

2019-08-24 12:43:05 - [TEST_STEP][PASSED] - wildList = wildList: null

2019-08-24 12:43:05 - [TEST_STEP][PASSED] - free_spin_reel_counter = []: null

2019-08-24 12:43:05 - [TEST_STEP][PASSED] - free_spin_reel_counter[0] = 0: null

2019-08-24 12:43:05 - [TEST_STEP][PASSED] - free_spin_reel_counter[1] = 0: null

2019-08-24 12:43:05 - [TEST_STEP][PASSED] - free_spin_reel_counter[2] = 0: null

2019-08-24 12:43:05 - [TEST_STEP][PASSED] - M4_spin_reels = reels: null

2019-08-24 12:43:05 - [TEST_STEP][PASSED] - for ([i = 0, i &lt; M4_spin_reels.size(), (i++)]): null

2019-08-24 12:43:05 - [TEST_STEP][PASSED] - symbols = symbols: null

2019-08-24 12:43:05 - [TEST_STEP][PASSED] - for ([j = 0, j &lt; symbols.size(), (j++)]): null

2019-08-24 12:43:05 - [TEST_STEP][PASSED] - symbol = symbol: null

2019-08-24 12:43:05 - [TEST_STEP][PASSED] - println(symbol): null

2019-08-24 12:43:05 - [TEST_STEP][PASSED] - if (i == 2 &amp;&amp; wildList.indexOf(symbol) != -1): null

2019-08-24 12:43:05 - [TEST_STEP][PASSED] - if (i == 3 &amp;&amp; wildList.indexOf(symbol) != -1): null

2019-08-24 12:43:05 - [TEST_STEP][PASSED] - if (i == 4 &amp;&amp; wildList.indexOf(symbol) != -1): null

2019-08-24 12:43:05 - [TEST_STEP][PASSED] - symbol = symbol: null

2019-08-24 12:43:05 - [TEST_STEP][PASSED] - println(symbol): null

2019-08-24 12:43:05 - [TEST_STEP][PASSED] - if (i == 2 &amp;&amp; wildList.indexOf(symbol) != -1): null

2019-08-24 12:43:05 - [TEST_STEP][PASSED] - if (i == 3 &amp;&amp; wildList.indexOf(symbol) != -1): null

2019-08-24 12:43:05 - [TEST_STEP][PASSED] - if (i == 4 &amp;&amp; wildList.indexOf(symbol) != -1): null

2019-08-24 12:43:05 - [TEST_STEP][PASSED] - symbol = symbol: null

2019-08-24 12:43:05 - [TEST_STEP][PASSED] - println(symbol): null

2019-08-24 12:43:05 - [TEST_STEP][PASSED] - if (i == 2 &amp;&amp; wildList.indexOf(symbol) != -1): null

2019-08-24 12:43:05 - [TEST_STEP][PASSED] - if (i == 3 &amp;&amp; wildList.indexOf(symbol) != -1): null

2019-08-24 12:43:05 - [TEST_STEP][PASSED] - if (i == 4 &amp;&amp; wildList.indexOf(symbol) != -1): null

2019-08-24 12:43:05 - [TEST_STEP][PASSED] - symbols = symbols: null

2019-08-24 12:43:05 - [TEST_STEP][PASSED] - for ([j = 0, j &lt; symbols.size(), (j++)]): null

2019-08-24 12:43:05 - [TEST_STEP][PASSED] - symbol = symbol: null

2019-08-24 12:43:05 - [TEST_STEP][PASSED] - println(symbol): null

2019-08-24 12:43:05 - [TEST_STEP][PASSED] - if (i == 2 &amp;&amp; wildList.indexOf(symbol) != -1): null

2019-08-24 12:43:05 - [TEST_STEP][PASSED] - if (i == 3 &amp;&amp; wildList.indexOf(symbol) != -1): null

2019-08-24 12:43:05 - [TEST_STEP][PASSED] - if (i == 4 &amp;&amp; wildList.indexOf(symbol) != -1): null

2019-08-24 12:43:05 - [TEST_STEP][PASSED] - symbol = symbol: null

2019-08-24 12:43:05 - [TEST_STEP][PASSED] - println(symbol): null

2019-08-24 12:43:05 - [TEST_STEP][PASSED] - if (i == 2 &amp;&amp; wildList.indexOf(symbol) != -1): null

2019-08-24 12:43:05 - [TEST_STEP][PASSED] - if (i == 3 &amp;&amp; wildList.indexOf(symbol) != -1): null

2019-08-24 12:43:05 - [TEST_STEP][PASSED] - if (i == 4 &amp;&amp; wildList.indexOf(symbol) != -1): null

2019-08-24 12:43:05 - [TEST_STEP][PASSED] - symbol = symbol: null

2019-08-24 12:43:05 - [TEST_STEP][PASSED] - println(symbol): null

2019-08-24 12:43:05 - [TEST_STEP][PASSED] - if (i == 2 &amp;&amp; wildList.indexOf(symbol) != -1): null

2019-08-24 12:43:05 - [TEST_STEP][PASSED] - if (i == 3 &amp;&amp; wildList.indexOf(symbol) != -1): null

2019-08-24 12:43:05 - [TEST_STEP][PASSED] - if (i == 4 &amp;&amp; wildList.indexOf(symbol) != -1): null

2019-08-24 12:43:05 - [TEST_STEP][PASSED] - symbols = symbols: null

2019-08-24 12:43:05 - [TEST_STEP][PASSED] - for ([j = 0, j &lt; symbols.size(), (j++)]): null

2019-08-24 12:43:05 - [TEST_STEP][PASSED] - symbol = symbol: null

2019-08-24 12:43:05 - [TEST_STEP][PASSED] - println(symbol): null

2019-08-24 12:43:05 - [TEST_STEP][PASSED] - if (i == 2 &amp;&amp; wildList.indexOf(symbol) != -1): null

2019-08-24 12:43:05 - [TEST_STEP][PASSED] - if (i == 3 &amp;&amp; wildList.indexOf(symbol) != -1): null

2019-08-24 12:43:05 - [TEST_STEP][PASSED] - if (i == 4 &amp;&amp; wildList.indexOf(symbol) != -1): null

2019-08-24 12:43:05 - [TEST_STEP][PASSED] - symbol = symbol: null

2019-08-24 12:43:05 - [TEST_STEP][PASSED] - println(symbol): null

2019-08-24 12:43:05 - [TEST_STEP][PASSED] - if (i == 2 &amp;&amp; wildList.indexOf(symbol) != -1): null

2019-08-24 12:43:05 - [TEST_STEP][PASSED] - if (i == 3 &amp;&amp; wildList.indexOf(symbol) != -1): null

2019-08-24 12:43:05 - [TEST_STEP][PASSED] - if (i == 4 &amp;&amp; wildList.indexOf(symbol) != -1): null

2019-08-24 12:43:05 - [TEST_STEP][PASSED] - symbol = symbol: null

2019-08-24 12:43:05 - [TEST_STEP][PASSED] - println(symbol): null

2019-08-24 12:43:05 - [TEST_STEP][PASSED] - if (i == 2 &amp;&amp; wildList.indexOf(symbol) != -1): null

2019-08-24 12:43:05 - [TEST_STEP][PASSED] - if (i == 3 &amp;&amp; wildList.indexOf(symbol) != -1): null

2019-08-24 12:43:05 - [TEST_STEP][PASSED] - if (i == 4 &amp;&amp; wildList.indexOf(symbol) != -1): null

2019-08-24 12:43:05 - [TEST_STEP][PASSED] - symbols = symbols: null

2019-08-24 12:43:05 - [TEST_STEP][PASSED] - for ([j = 0, j &lt; symbols.size(), (j++)]): null

2019-08-24 12:43:05 - [TEST_STEP][PASSED] - symbol = symbol: null

2019-08-24 12:43:05 - [TEST_STEP][PASSED] - println(symbol): null

2019-08-24 12:43:05 - [TEST_STEP][PASSED] - if (i == 2 &amp;&amp; wildList.indexOf(symbol) != -1): null

2019-08-24 12:43:05 - [TEST_STEP][PASSED] - if (i == 3 &amp;&amp; wildList.indexOf(symbol) != -1): null

2019-08-24 12:43:05 - [TEST_STEP][PASSED] - if (i == 4 &amp;&amp; wildList.indexOf(symbol) != -1): null

2019-08-24 12:43:05 - [TEST_STEP][PASSED] - symbol = symbol: null

2019-08-24 12:43:05 - [TEST_STEP][PASSED] - println(symbol): null

2019-08-24 12:43:05 - [TEST_STEP][PASSED] - if (i == 2 &amp;&amp; wildList.indexOf(symbol) != -1): null

2019-08-24 12:43:05 - [TEST_STEP][PASSED] - if (i == 3 &amp;&amp; wildList.indexOf(symbol) != -1): null

2019-08-24 12:43:05 - [TEST_STEP][PASSED] - if (i == 4 &amp;&amp; wildList.indexOf(symbol) != -1): null

2019-08-24 12:43:05 - [TEST_STEP][PASSED] - symbol = symbol: null

2019-08-24 12:43:05 - [TEST_STEP][PASSED] - println(symbol): null

2019-08-24 12:43:05 - [TEST_STEP][PASSED] - if (i == 2 &amp;&amp; wildList.indexOf(symbol) != -1): null

2019-08-24 12:43:05 - [TEST_STEP][PASSED] - if (i == 3 &amp;&amp; wildList.indexOf(symbol) != -1): null

2019-08-24 12:43:05 - [TEST_STEP][PASSED] - if (i == 4 &amp;&amp; wildList.indexOf(symbol) != -1): null

2019-08-24 12:43:05 - [TEST_STEP][PASSED] - symbols = symbols: null

2019-08-24 12:43:05 - [TEST_STEP][PASSED] - for ([j = 0, j &lt; symbols.size(), (j++)]): null

2019-08-24 12:43:05 - [TEST_STEP][PASSED] - symbol = symbol: null

2019-08-24 12:43:05 - [TEST_STEP][PASSED] - println(symbol): null

2019-08-24 12:43:05 - [TEST_STEP][PASSED] - if (i == 2 &amp;&amp; wildList.indexOf(symbol) != -1): null

2019-08-24 12:43:05 - [TEST_STEP][PASSED] - if (i == 3 &amp;&amp; wildList.indexOf(symbol) != -1): null

2019-08-24 12:43:05 - [TEST_STEP][PASSED] - if (i == 4 &amp;&amp; wildList.indexOf(symbol) != -1): null

2019-08-24 12:43:05 - [TEST_STEP][PASSED] - symbol = symbol: null

2019-08-24 12:43:05 - [TEST_STEP][PASSED] - println(symbol): null

2019-08-24 12:43:05 - [TEST_STEP][PASSED] - if (i == 2 &amp;&amp; wildList.indexOf(symbol) != -1): null

2019-08-24 12:43:05 - [TEST_STEP][PASSED] - if (i == 3 &amp;&amp; wildList.indexOf(symbol) != -1): null

2019-08-24 12:43:05 - [TEST_STEP][PASSED] - if (i == 4 &amp;&amp; wildList.indexOf(symbol) != -1): null

2019-08-24 12:43:05 - [TEST_STEP][PASSED] - symbol = symbol: null

2019-08-24 12:43:05 - [TEST_STEP][PASSED] - println(symbol): null

2019-08-24 12:43:05 - [TEST_STEP][PASSED] - if (i == 2 &amp;&amp; wildList.indexOf(symbol) != -1): null

2019-08-24 12:43:05 - [TEST_STEP][PASSED] - if (i == 3 &amp;&amp; wildList.indexOf(symbol) != -1): null

2019-08-24 12:43:05 - [TEST_STEP][PASSED] - if (i == 4 &amp;&amp; wildList.indexOf(symbol) != -1): null

2019-08-24 12:43:05 - [TEST_STEP][PASSED] - free_spin_reel_counter = free_spin_reel_counter: null

2019-08-24 12:43:05 - [TEST_STEP][PASSED] - println("reel 3 wild found: " + free_spin_reel_counter[0]): null

2019-08-24 12:43:05 - [TEST_STEP][PASSED] - println("reel 4 wild found: " + free_spin_reel_counter[1]): null

2019-08-24 12:43:05 - [TEST_STEP][PASSED] - println("reel 5 wild found: " + free_spin_reel_counter[2]): null

2019-08-24 12:43:05 - [TEST_STEP][PASSED] - M4_spin_reels = M4_spin_reels: null

2019-08-24 12:43:05 - [TEST_STEP][PASSED] - M4_spin_reels_symbols = symbol: null

2019-08-24 12:43:05 - [TEST_STEP][PASSED] - M4_spin_reels_symbols = M4_spin_reels_symbols: null

2019-08-24 12:43:05 - [TEST_STEP][PASSED] - M4_spin_reel_wins = reel_wins: null

2019-08-24 12:43:05 - [TEST_STEP][PASSED] - M4_spin_reel_wins = M4_spin_reel_wins: null

2019-08-24 12:43:05 - [TEST_STEP][PASSED] - println("GlobalVariable.M4_spin_reel_wins is: " + M4_spin_reel_wins): null

2019-08-24 12:43:05 - [TEST_STEP][PASSED] - M4_spin_total_bonus_win_this_round = total_bonus_win_this_round: null

2019-08-24 12:43:05 - [TEST_STEP][PASSED] - M4_spin_total_bonus_win_this_round = M4_spin_total_bonus_win_this_round: null

2019-08-24 12:43:05 - [TEST_STEP][PASSED] - println("GlobalVariable.M4_spin_total_bonus_win_this_round is: " + M4_spin_total_bonus_win_this_round): null

2019-08-24 12:43:05 - [TEST_STEP][PASSED] - M4_spin_bonus_spin_result = spin_result: null

2019-08-24 12:43:05 - [TEST_STEP][PASSED] - M4_spin_bonus_spin_result = M4_spin_bonus_spin_result: null

2019-08-24 12:43:05 - [MESSAGE][PASSED] - Verify response successfully

2019-08-24 12:43:05 - [MESSAGE][PASSED] - Send request and verify the response successfully

2019-08-24 12:43:05 - [TEST_STEP][PASSED] - if (M4_total_bonus_spins_int != 0 &amp;&amp; M4_spin_reels_symbols[2].contains("WILD_Double") || M4_spin_reels_symbols[4].contains("WILD_Triple")): null

2019-08-24 12:43:05 - [TEST_STEP][PASSED] - free_spin_reel_counter = free_spin_reel_counter: null

2019-08-24 12:43:05 - [TEST_STEP][PASSED] - M4_spin_reels_symbols = M4_spin_reels_symbols: null

2019-08-24 12:43:05 - [TEST_STEP][PASSED] - M4_total_bonus_spins = M4_total_bonus_spins: null

2019-08-24 12:43:05 - [TEST_STEP][PASSED] - spin_result = sendRequestAndVerify(findTestObject("INT/RGS(M4)/1_M4_spin", ["M4_login_user_id":M4_login_user_id, "rgs_session_token":rgs_session_token, "partner":Partner])): Send request and verify the response successfully

2019-08-24 12:43:05 - [MESSAGE][INFO] - HAR: /Users/eiralee/Katalon_Script/SuperWild/Reports/20190824_124242/INT/superWild_4/20190824_124242/requests/main/6.har

2019-08-24 12:43:06 - [TEST_CASE][PASSED] - Start Test Case : Verification: Verification accomplished successfully

2019-08-24 12:43:06 - [TEST_STEP][PASSED] - request = getInstance().getCurrentRequest(): null

2019-08-24 12:43:06 - [TEST_STEP][PASSED] - response = getInstance().getCurrentResponse(): null

2019-08-24 12:43:06 - [TEST_STEP][PASSED] - verifyResponseStatusCode(response, 200): Verify response status code successfully

2019-08-24 12:43:06 - [MESSAGE][PASSED] - Verify response status code successfully

2019-08-24 12:43:06 - [TEST_STEP][PASSED] - getStatusCode()).isEqualTo(200): null

2019-08-24 12:43:06 - [TEST_STEP][PASSED] - newline = System.getProperty("line.separator"): null

2019-08-24 12:43:06 - [TEST_STEP][PASSED] - M4_spin = new groovy.json.JsonSlurper(): null

2019-08-24 12:43:06 - [TEST_STEP][PASSED] - result_M4_spin = M4_spin.parseText(response.getResponseBodyContent()): null

2019-08-24 12:43:06 - [TEST_STEP][PASSED] - M4_spin_current_balance = current_balance: null

2019-08-24 12:43:06 - [TEST_STEP][PASSED] - M4_spin_current_balance = M4_spin_current_balance: null

2019-08-24 12:43:06 - [TEST_STEP][PASSED] - M4_spin_transaction_id = causality: null

2019-08-24 12:43:06 - [TEST_STEP][PASSED] - M4_spin_transaction_id = M4_spin_transaction_id: null

2019-08-24 12:43:06 - [TEST_STEP][PASSED] - M4_spin_round_id = round_id: null

2019-08-24 12:43:06 - [TEST_STEP][PASSED] - M4_spin_round_id = M4_spin_round_id: null

2019-08-24 12:43:06 - [TEST_STEP][PASSED] - M4_spin_line_wins = line_wins: null

2019-08-24 12:43:06 - [TEST_STEP][PASSED] - M4_spin_line_wins = M4_spin_line_wins: null

2019-08-24 12:43:06 - [TEST_STEP][PASSED] - M4_total_bonus_spins_int = total_bonus_spins: null

2019-08-24 12:43:06 - [TEST_STEP][PASSED] - println("******M4_total_bonus_spins type is:*******" + newline + getClass().getName()): null

2019-08-24 12:43:06 - [TEST_STEP][PASSED] - M4_total_bonus_spins_int = M4_total_bonus_spins_int: null

2019-08-24 12:43:06 - [TEST_STEP][PASSED] - M4_total_bonus_spins = Integer.toString(M4_total_bonus_spins_int): null

2019-08-24 12:43:06 - [TEST_STEP][PASSED] - M4_total_bonus_spins = M4_total_bonus_spins: null

2019-08-24 12:43:06 - [TEST_STEP][PASSED] - println("M4_total_bonus_spins is:" + M4_total_bonus_spins): null

2019-08-24 12:43:06 - [TEST_STEP][PASSED] - M4_spin_bonus_data = bonus_data: null

2019-08-24 12:43:06 - [TEST_STEP][PASSED] - M4_spin_features_triggered = result_M4_spin: null

2019-08-24 12:43:06 - [TEST_STEP][PASSED] - wild = []: null

2019-08-24 12:43:06 - [TEST_STEP][PASSED] - wild[0] = "WILD_Expanding": null

2019-08-24 12:43:06 - [TEST_STEP][PASSED] - wild[1] = "WILD_Normal": null

2019-08-24 12:43:06 - [TEST_STEP][PASSED] - wild[2] = "WILD_Double": null

2019-08-24 12:43:06 - [TEST_STEP][PASSED] - wild[3] = "WILD_ExtraFG": null

2019-08-24 12:43:06 - [TEST_STEP][PASSED] - wild[4] = "WILD_Triple": null

2019-08-24 12:43:06 - [TEST_STEP][PASSED] - wildList = Arrays.asList(wild): null

2019-08-24 12:43:06 - [TEST_STEP][PASSED] - wildList = wildList: null

2019-08-24 12:43:06 - [TEST_STEP][PASSED] - free_spin_reel_counter = []: null

2019-08-24 12:43:06 - [TEST_STEP][PASSED] - free_spin_reel_counter[0] = 0: null

2019-08-24 12:43:06 - [TEST_STEP][PASSED] - free_spin_reel_counter[1] = 0: null

2019-08-24 12:43:06 - [TEST_STEP][PASSED] - free_spin_reel_counter[2] = 0: null

2019-08-24 12:43:06 - [TEST_STEP][PASSED] - M4_spin_reels = reels: null

2019-08-24 12:43:06 - [TEST_STEP][PASSED] - for ([i = 0, i &lt; M4_spin_reels.size(), (i++)]): null

2019-08-24 12:43:06 - [TEST_STEP][PASSED] - symbols = symbols: null

2019-08-24 12:43:06 - [TEST_STEP][PASSED] - for ([j = 0, j &lt; symbols.size(), (j++)]): null

2019-08-24 12:43:06 - [TEST_STEP][PASSED] - symbol = symbol: null

2019-08-24 12:43:06 - [TEST_STEP][PASSED] - println(symbol): null

2019-08-24 12:43:06 - [TEST_STEP][PASSED] - if (i == 2 &amp;&amp; wildList.indexOf(symbol) != -1): null

2019-08-24 12:43:06 - [TEST_STEP][PASSED] - if (i == 3 &amp;&amp; wildList.indexOf(symbol) != -1): null

2019-08-24 12:43:06 - [TEST_STEP][PASSED] - if (i == 4 &amp;&amp; wildList.indexOf(symbol) != -1): null

2019-08-24 12:43:06 - [TEST_STEP][PASSED] - symbol = symbol: null

2019-08-24 12:43:06 - [TEST_STEP][PASSED] - println(symbol): null

2019-08-24 12:43:06 - [TEST_STEP][PASSED] - if (i == 2 &amp;&amp; wildList.indexOf(symbol) != -1): null

2019-08-24 12:43:06 - [TEST_STEP][PASSED] - if (i == 3 &amp;&amp; wildList.indexOf(symbol) != -1): null

2019-08-24 12:43:06 - [TEST_STEP][PASSED] - if (i == 4 &amp;&amp; wildList.indexOf(symbol) != -1): null

2019-08-24 12:43:06 - [TEST_STEP][PASSED] - symbol = symbol: null

2019-08-24 12:43:06 - [TEST_STEP][PASSED] - println(symbol): null

2019-08-24 12:43:06 - [TEST_STEP][PASSED] - if (i == 2 &amp;&amp; wildList.indexOf(symbol) != -1): null

2019-08-24 12:43:06 - [TEST_STEP][PASSED] - if (i == 3 &amp;&amp; wildList.indexOf(symbol) != -1): null

2019-08-24 12:43:06 - [TEST_STEP][PASSED] - if (i == 4 &amp;&amp; wildList.indexOf(symbol) != -1): null

2019-08-24 12:43:06 - [TEST_STEP][PASSED] - symbols = symbols: null

2019-08-24 12:43:06 - [TEST_STEP][PASSED] - for ([j = 0, j &lt; symbols.size(), (j++)]): null

2019-08-24 12:43:06 - [TEST_STEP][PASSED] - symbol = symbol: null

2019-08-24 12:43:06 - [TEST_STEP][PASSED] - println(symbol): null

2019-08-24 12:43:06 - [TEST_STEP][PASSED] - if (i == 2 &amp;&amp; wildList.indexOf(symbol) != -1): null

2019-08-24 12:43:06 - [TEST_STEP][PASSED] - if (i == 3 &amp;&amp; wildList.indexOf(symbol) != -1): null

2019-08-24 12:43:06 - [TEST_STEP][PASSED] - if (i == 4 &amp;&amp; wildList.indexOf(symbol) != -1): null

2019-08-24 12:43:06 - [TEST_STEP][PASSED] - symbol = symbol: null

2019-08-24 12:43:06 - [TEST_STEP][PASSED] - println(symbol): null

2019-08-24 12:43:06 - [TEST_STEP][PASSED] - if (i == 2 &amp;&amp; wildList.indexOf(symbol) != -1): null

2019-08-24 12:43:06 - [TEST_STEP][PASSED] - if (i == 3 &amp;&amp; wildList.indexOf(symbol) != -1): null

2019-08-24 12:43:06 - [TEST_STEP][PASSED] - if (i == 4 &amp;&amp; wildList.indexOf(symbol) != -1): null

2019-08-24 12:43:06 - [TEST_STEP][PASSED] - symbol = symbol: null

2019-08-24 12:43:06 - [TEST_STEP][PASSED] - println(symbol): null

2019-08-24 12:43:06 - [TEST_STEP][PASSED] - if (i == 2 &amp;&amp; wildList.indexOf(symbol) != -1): null

2019-08-24 12:43:06 - [TEST_STEP][PASSED] - if (i == 3 &amp;&amp; wildList.indexOf(symbol) != -1): null

2019-08-24 12:43:06 - [TEST_STEP][PASSED] - if (i == 4 &amp;&amp; wildList.indexOf(symbol) != -1): null

2019-08-24 12:43:06 - [TEST_STEP][PASSED] - symbols = symbols: null

2019-08-24 12:43:06 - [TEST_STEP][PASSED] - for ([j = 0, j &lt; symbols.size(), (j++)]): null

2019-08-24 12:43:06 - [TEST_STEP][PASSED] - symbol = symbol: null

2019-08-24 12:43:06 - [TEST_STEP][PASSED] - println(symbol): null

2019-08-24 12:43:06 - [TEST_STEP][PASSED] - if (i == 2 &amp;&amp; wildList.indexOf(symbol) != -1): null

2019-08-24 12:43:06 - [TEST_STEP][PASSED] - if (i == 3 &amp;&amp; wildList.indexOf(symbol) != -1): null

2019-08-24 12:43:06 - [TEST_STEP][PASSED] - if (i == 4 &amp;&amp; wildList.indexOf(symbol) != -1): null

2019-08-24 12:43:06 - [TEST_STEP][PASSED] - symbol = symbol: null

2019-08-24 12:43:06 - [TEST_STEP][PASSED] - println(symbol): null

2019-08-24 12:43:06 - [TEST_STEP][PASSED] - if (i == 2 &amp;&amp; wildList.indexOf(symbol) != -1): null

2019-08-24 12:43:06 - [TEST_STEP][PASSED] - if (i == 3 &amp;&amp; wildList.indexOf(symbol) != -1): null

2019-08-24 12:43:06 - [TEST_STEP][PASSED] - if (i == 4 &amp;&amp; wildList.indexOf(symbol) != -1): null

2019-08-24 12:43:06 - [TEST_STEP][PASSED] - symbol = symbol: null

2019-08-24 12:43:06 - [TEST_STEP][PASSED] - println(symbol): null

2019-08-24 12:43:06 - [TEST_STEP][PASSED] - if (i == 2 &amp;&amp; wildList.indexOf(symbol) != -1): null

2019-08-24 12:43:06 - [TEST_STEP][PASSED] - if (i == 3 &amp;&amp; wildList.indexOf(symbol) != -1): null

2019-08-24 12:43:06 - [TEST_STEP][PASSED] - if (i == 4 &amp;&amp; wildList.indexOf(symbol) != -1): null

2019-08-24 12:43:06 - [TEST_STEP][PASSED] - symbols = symbols: null

2019-08-24 12:43:06 - [TEST_STEP][PASSED] - for ([j = 0, j &lt; symbols.size(), (j++)]): null

2019-08-24 12:43:06 - [TEST_STEP][PASSED] - symbol = symbol: null

2019-08-24 12:43:06 - [TEST_STEP][PASSED] - println(symbol): null

2019-08-24 12:43:06 - [TEST_STEP][PASSED] - if (i == 2 &amp;&amp; wildList.indexOf(symbol) != -1): null

2019-08-24 12:43:06 - [TEST_STEP][PASSED] - if (i == 3 &amp;&amp; wildList.indexOf(symbol) != -1): null

2019-08-24 12:43:06 - [TEST_STEP][PASSED] - if (i == 4 &amp;&amp; wildList.indexOf(symbol) != -1): null

2019-08-24 12:43:06 - [TEST_STEP][PASSED] - symbol = symbol: null

2019-08-24 12:43:06 - [TEST_STEP][PASSED] - println(symbol): null

2019-08-24 12:43:06 - [TEST_STEP][PASSED] - if (i == 2 &amp;&amp; wildList.indexOf(symbol) != -1): null

2019-08-24 12:43:06 - [TEST_STEP][PASSED] - if (i == 3 &amp;&amp; wildList.indexOf(symbol) != -1): null

2019-08-24 12:43:06 - [TEST_STEP][PASSED] - if (i == 4 &amp;&amp; wildList.indexOf(symbol) != -1): null

2019-08-24 12:43:06 - [TEST_STEP][PASSED] - symbol = symbol: null

2019-08-24 12:43:06 - [TEST_STEP][PASSED] - println(symbol): null

2019-08-24 12:43:06 - [TEST_STEP][PASSED] - if (i == 2 &amp;&amp; wildList.indexOf(symbol) != -1): null

2019-08-24 12:43:06 - [TEST_STEP][PASSED] - if (i == 3 &amp;&amp; wildList.indexOf(symbol) != -1): null

2019-08-24 12:43:06 - [TEST_STEP][PASSED] - if (i == 4 &amp;&amp; wildList.indexOf(symbol) != -1): null

2019-08-24 12:43:06 - [TEST_STEP][PASSED] - symbols = symbols: null

2019-08-24 12:43:06 - [TEST_STEP][PASSED] - for ([j = 0, j &lt; symbols.size(), (j++)]): null

2019-08-24 12:43:06 - [TEST_STEP][PASSED] - symbol = symbol: null

2019-08-24 12:43:06 - [TEST_STEP][PASSED] - println(symbol): null

2019-08-24 12:43:06 - [TEST_STEP][PASSED] - if (i == 2 &amp;&amp; wildList.indexOf(symbol) != -1): null

2019-08-24 12:43:06 - [TEST_STEP][PASSED] - if (i == 3 &amp;&amp; wildList.indexOf(symbol) != -1): null

2019-08-24 12:43:06 - [TEST_STEP][PASSED] - if (i == 4 &amp;&amp; wildList.indexOf(symbol) != -1): null

2019-08-24 12:43:06 - [TEST_STEP][PASSED] - symbol = symbol: null

2019-08-24 12:43:06 - [TEST_STEP][PASSED] - println(symbol): null

2019-08-24 12:43:06 - [TEST_STEP][PASSED] - if (i == 2 &amp;&amp; wildList.indexOf(symbol) != -1): null

2019-08-24 12:43:06 - [TEST_STEP][PASSED] - if (i == 3 &amp;&amp; wildList.indexOf(symbol) != -1): null

2019-08-24 12:43:06 - [TEST_STEP][PASSED] - if (i == 4 &amp;&amp; wildList.indexOf(symbol) != -1): null

2019-08-24 12:43:06 - [TEST_STEP][PASSED] - symbol = symbol: null

2019-08-24 12:43:06 - [TEST_STEP][PASSED] - println(symbol): null

2019-08-24 12:43:06 - [TEST_STEP][PASSED] - if (i == 2 &amp;&amp; wildList.indexOf(symbol) != -1): null

2019-08-24 12:43:06 - [TEST_STEP][PASSED] - if (i == 3 &amp;&amp; wildList.indexOf(symbol) != -1): null

2019-08-24 12:43:06 - [TEST_STEP][PASSED] - if (i == 4 &amp;&amp; wildList.indexOf(symbol) != -1): null

2019-08-24 12:43:06 - [TEST_STEP][PASSED] - free_spin_reel_counter = free_spin_reel_counter: null

2019-08-24 12:43:06 - [TEST_STEP][PASSED] - println("reel 3 wild found: " + free_spin_reel_counter[0]): null

2019-08-24 12:43:06 - [TEST_STEP][PASSED] - println("reel 4 wild found: " + free_spin_reel_counter[1]): null

2019-08-24 12:43:06 - [TEST_STEP][PASSED] - println("reel 5 wild found: " + free_spin_reel_counter[2]): null

2019-08-24 12:43:06 - [TEST_STEP][PASSED] - M4_spin_reels = M4_spin_reels: null

2019-08-24 12:43:06 - [TEST_STEP][PASSED] - M4_spin_reels_symbols = symbol: null

2019-08-24 12:43:06 - [TEST_STEP][PASSED] - M4_spin_reels_symbols = M4_spin_reels_symbols: null

2019-08-24 12:43:06 - [TEST_STEP][PASSED] - M4_spin_reel_wins = reel_wins: null

2019-08-24 12:43:06 - [TEST_STEP][PASSED] - M4_spin_reel_wins = M4_spin_reel_wins: null

2019-08-24 12:43:06 - [TEST_STEP][PASSED] - println("GlobalVariable.M4_spin_reel_wins is: " + M4_spin_reel_wins): null

2019-08-24 12:43:06 - [TEST_STEP][PASSED] - M4_spin_total_bonus_win_this_round = total_bonus_win_this_round: null

2019-08-24 12:43:06 - [TEST_STEP][PASSED] - M4_spin_total_bonus_win_this_round = M4_spin_total_bonus_win_this_round: null

2019-08-24 12:43:06 - [TEST_STEP][PASSED] - println("GlobalVariable.M4_spin_total_bonus_win_this_round is: " + M4_spin_total_bonus_win_this_round): null

2019-08-24 12:43:06 - [TEST_STEP][PASSED] - M4_spin_bonus_spin_result = spin_result: null

2019-08-24 12:43:06 - [TEST_STEP][PASSED] - M4_spin_bonus_spin_result = M4_spin_bonus_spin_result: null

2019-08-24 12:43:06 - [MESSAGE][PASSED] - Verify response successfully

2019-08-24 12:43:06 - [MESSAGE][PASSED] - Send request and verify the response successfully

2019-08-24 12:43:06 - [TEST_STEP][PASSED] - if (M4_total_bonus_spins_int != 0 &amp;&amp; M4_spin_reels_symbols[2].contains("WILD_Double") || M4_spin_reels_symbols[4].contains("WILD_Triple")): null

2019-08-24 12:43:06 - [TEST_STEP][PASSED] - free_spin_reel_counter = free_spin_reel_counter: null

2019-08-24 12:43:06 - [TEST_STEP][PASSED] - M4_spin_reels_symbols = M4_spin_reels_symbols: null

2019-08-24 12:43:06 - [TEST_STEP][PASSED] - M4_total_bonus_spins = M4_total_bonus_spins: null

2019-08-24 12:43:06 - [TEST_STEP][PASSED] - spin_result = sendRequestAndVerify(findTestObject("INT/RGS(M4)/1_M4_spin", ["M4_login_user_id":M4_login_user_id, "rgs_session_token":rgs_session_token, "partner":Partner])): Send request and verify the response successfully

2019-08-24 12:43:06 - [MESSAGE][INFO] - HAR: /Users/eiralee/Katalon_Script/SuperWild/Reports/20190824_124242/INT/superWild_4/20190824_124242/requests/main/7.har

2019-08-24 12:43:06 - [TEST_CASE][PASSED] - Start Test Case : Verification: Verification accomplished successfully

2019-08-24 12:43:06 - [TEST_STEP][PASSED] - request = getInstance().getCurrentRequest(): null

2019-08-24 12:43:06 - [TEST_STEP][PASSED] - response = getInstance().getCurrentResponse(): null

2019-08-24 12:43:06 - [TEST_STEP][PASSED] - verifyResponseStatusCode(response, 200): Verify response status code successfully

2019-08-24 12:43:06 - [MESSAGE][PASSED] - Verify response status code successfully

2019-08-24 12:43:06 - [TEST_STEP][PASSED] - getStatusCode()).isEqualTo(200): null

2019-08-24 12:43:06 - [TEST_STEP][PASSED] - newline = System.getProperty("line.separator"): null

2019-08-24 12:43:06 - [TEST_STEP][PASSED] - M4_spin = new groovy.json.JsonSlurper(): null

2019-08-24 12:43:06 - [TEST_STEP][PASSED] - result_M4_spin = M4_spin.parseText(response.getResponseBodyContent()): null

2019-08-24 12:43:06 - [TEST_STEP][PASSED] - M4_spin_current_balance = current_balance: null

2019-08-24 12:43:06 - [TEST_STEP][PASSED] - M4_spin_current_balance = M4_spin_current_balance: null

2019-08-24 12:43:06 - [TEST_STEP][PASSED] - M4_spin_transaction_id = causality: null

2019-08-24 12:43:06 - [TEST_STEP][PASSED] - M4_spin_transaction_id = M4_spin_transaction_id: null

2019-08-24 12:43:06 - [TEST_STEP][PASSED] - M4_spin_round_id = round_id: null

2019-08-24 12:43:06 - [TEST_STEP][PASSED] - M4_spin_round_id = M4_spin_round_id: null

2019-08-24 12:43:06 - [TEST_STEP][PASSED] - M4_spin_line_wins = line_wins: null

2019-08-24 12:43:06 - [TEST_STEP][PASSED] - M4_spin_line_wins = M4_spin_line_wins: null

2019-08-24 12:43:06 - [TEST_STEP][PASSED] - M4_total_bonus_spins_int = total_bonus_spins: null

2019-08-24 12:43:06 - [TEST_STEP][PASSED] - println("******M4_total_bonus_spins type is:*******" + newline + getClass().getName()): null

2019-08-24 12:43:06 - [TEST_STEP][PASSED] - M4_total_bonus_spins_int = M4_total_bonus_spins_int: null

2019-08-24 12:43:06 - [TEST_STEP][PASSED] - M4_total_bonus_spins = Integer.toString(M4_total_bonus_spins_int): null

2019-08-24 12:43:06 - [TEST_STEP][PASSED] - M4_total_bonus_spins = M4_total_bonus_spins: null

2019-08-24 12:43:06 - [TEST_STEP][PASSED] - println("M4_total_bonus_spins is:" + M4_total_bonus_spins): null

2019-08-24 12:43:06 - [TEST_STEP][PASSED] - M4_spin_bonus_data = bonus_data: null

2019-08-24 12:43:06 - [TEST_STEP][PASSED] - M4_spin_features_triggered = result_M4_spin: null

2019-08-24 12:43:06 - [TEST_STEP][PASSED] - wild = []: null

2019-08-24 12:43:06 - [TEST_STEP][PASSED] - wild[0] = "WILD_Expanding": null

2019-08-24 12:43:06 - [TEST_STEP][PASSED] - wild[1] = "WILD_Normal": null

2019-08-24 12:43:06 - [TEST_STEP][PASSED] - wild[2] = "WILD_Double": null

2019-08-24 12:43:06 - [TEST_STEP][PASSED] - wild[3] = "WILD_ExtraFG": null

2019-08-24 12:43:06 - [TEST_STEP][PASSED] - wild[4] = "WILD_Triple": null

2019-08-24 12:43:06 - [TEST_STEP][PASSED] - wildList = Arrays.asList(wild): null

2019-08-24 12:43:06 - [TEST_STEP][PASSED] - wildList = wildList: null

2019-08-24 12:43:06 - [TEST_STEP][PASSED] - free_spin_reel_counter = []: null

2019-08-24 12:43:06 - [TEST_STEP][PASSED] - free_spin_reel_counter[0] = 0: null

2019-08-24 12:43:06 - [TEST_STEP][PASSED] - free_spin_reel_counter[1] = 0: null

2019-08-24 12:43:06 - [TEST_STEP][PASSED] - free_spin_reel_counter[2] = 0: null

2019-08-24 12:43:06 - [TEST_STEP][PASSED] - M4_spin_reels = reels: null

2019-08-24 12:43:06 - [TEST_STEP][PASSED] - for ([i = 0, i &lt; M4_spin_reels.size(), (i++)]): null

2019-08-24 12:43:06 - [TEST_STEP][PASSED] - symbols = symbols: null

2019-08-24 12:43:06 - [TEST_STEP][PASSED] - for ([j = 0, j &lt; symbols.size(), (j++)]): null

2019-08-24 12:43:06 - [TEST_STEP][PASSED] - symbol = symbol: null

2019-08-24 12:43:06 - [TEST_STEP][PASSED] - println(symbol): null

2019-08-24 12:43:06 - [TEST_STEP][PASSED] - if (i == 2 &amp;&amp; wildList.indexOf(symbol) != -1): null

2019-08-24 12:43:06 - [TEST_STEP][PASSED] - if (i == 3 &amp;&amp; wildList.indexOf(symbol) != -1): null

2019-08-24 12:43:06 - [TEST_STEP][PASSED] - if (i == 4 &amp;&amp; wildList.indexOf(symbol) != -1): null

2019-08-24 12:43:06 - [TEST_STEP][PASSED] - symbol = symbol: null

2019-08-24 12:43:06 - [TEST_STEP][PASSED] - println(symbol): null

2019-08-24 12:43:06 - [TEST_STEP][PASSED] - if (i == 2 &amp;&amp; wildList.indexOf(symbol) != -1): null

2019-08-24 12:43:06 - [TEST_STEP][PASSED] - if (i == 3 &amp;&amp; wildList.indexOf(symbol) != -1): null

2019-08-24 12:43:06 - [TEST_STEP][PASSED] - if (i == 4 &amp;&amp; wildList.indexOf(symbol) != -1): null

2019-08-24 12:43:06 - [TEST_STEP][PASSED] - symbol = symbol: null

2019-08-24 12:43:06 - [TEST_STEP][PASSED] - println(symbol): null

2019-08-24 12:43:06 - [TEST_STEP][PASSED] - if (i == 2 &amp;&amp; wildList.indexOf(symbol) != -1): null

2019-08-24 12:43:06 - [TEST_STEP][PASSED] - if (i == 3 &amp;&amp; wildList.indexOf(symbol) != -1): null

2019-08-24 12:43:06 - [TEST_STEP][PASSED] - if (i == 4 &amp;&amp; wildList.indexOf(symbol) != -1): null

2019-08-24 12:43:06 - [TEST_STEP][PASSED] - symbols = symbols: null

2019-08-24 12:43:06 - [TEST_STEP][PASSED] - for ([j = 0, j &lt; symbols.size(), (j++)]): null

2019-08-24 12:43:06 - [TEST_STEP][PASSED] - symbol = symbol: null

2019-08-24 12:43:06 - [TEST_STEP][PASSED] - println(symbol): null

2019-08-24 12:43:06 - [TEST_STEP][PASSED] - if (i == 2 &amp;&amp; wildList.indexOf(symbol) != -1): null

2019-08-24 12:43:06 - [TEST_STEP][PASSED] - if (i == 3 &amp;&amp; wildList.indexOf(symbol) != -1): null

2019-08-24 12:43:06 - [TEST_STEP][PASSED] - if (i == 4 &amp;&amp; wildList.indexOf(symbol) != -1): null

2019-08-24 12:43:06 - [TEST_STEP][PASSED] - symbol = symbol: null

2019-08-24 12:43:06 - [TEST_STEP][PASSED] - println(symbol): null

2019-08-24 12:43:06 - [TEST_STEP][PASSED] - if (i == 2 &amp;&amp; wildList.indexOf(symbol) != -1): null

2019-08-24 12:43:06 - [TEST_STEP][PASSED] - if (i == 3 &amp;&amp; wildList.indexOf(symbol) != -1): null

2019-08-24 12:43:06 - [TEST_STEP][PASSED] - if (i == 4 &amp;&amp; wildList.indexOf(symbol) != -1): null

2019-08-24 12:43:06 - [TEST_STEP][PASSED] - symbol = symbol: null

2019-08-24 12:43:06 - [TEST_STEP][PASSED] - println(symbol): null

2019-08-24 12:43:06 - [TEST_STEP][PASSED] - if (i == 2 &amp;&amp; wildList.indexOf(symbol) != -1): null

2019-08-24 12:43:06 - [TEST_STEP][PASSED] - if (i == 3 &amp;&amp; wildList.indexOf(symbol) != -1): null

2019-08-24 12:43:06 - [TEST_STEP][PASSED] - if (i == 4 &amp;&amp; wildList.indexOf(symbol) != -1): null

2019-08-24 12:43:06 - [TEST_STEP][PASSED] - symbols = symbols: null

2019-08-24 12:43:06 - [TEST_STEP][PASSED] - for ([j = 0, j &lt; symbols.size(), (j++)]): null

2019-08-24 12:43:06 - [TEST_STEP][PASSED] - symbol = symbol: null

2019-08-24 12:43:06 - [TEST_STEP][PASSED] - println(symbol): null

2019-08-24 12:43:06 - [TEST_STEP][PASSED] - if (i == 2 &amp;&amp; wildList.indexOf(symbol) != -1): null

2019-08-24 12:43:06 - [TEST_STEP][PASSED] - if (i == 3 &amp;&amp; wildList.indexOf(symbol) != -1): null

2019-08-24 12:43:06 - [TEST_STEP][PASSED] - if (i == 4 &amp;&amp; wildList.indexOf(symbol) != -1): null

2019-08-24 12:43:06 - [TEST_STEP][PASSED] - symbol = symbol: null

2019-08-24 12:43:06 - [TEST_STEP][PASSED] - println(symbol): null

2019-08-24 12:43:06 - [TEST_STEP][PASSED] - if (i == 2 &amp;&amp; wildList.indexOf(symbol) != -1): null

2019-08-24 12:43:06 - [TEST_STEP][PASSED] - if (i == 3 &amp;&amp; wildList.indexOf(symbol) != -1): null

2019-08-24 12:43:06 - [TEST_STEP][PASSED] - if (i == 4 &amp;&amp; wildList.indexOf(symbol) != -1): null

2019-08-24 12:43:06 - [TEST_STEP][PASSED] - symbol = symbol: null

2019-08-24 12:43:06 - [TEST_STEP][PASSED] - println(symbol): null

2019-08-24 12:43:06 - [TEST_STEP][PASSED] - if (i == 2 &amp;&amp; wildList.indexOf(symbol) != -1): null

2019-08-24 12:43:06 - [TEST_STEP][PASSED] - if (i == 3 &amp;&amp; wildList.indexOf(symbol) != -1): null

2019-08-24 12:43:06 - [TEST_STEP][PASSED] - if (i == 4 &amp;&amp; wildList.indexOf(symbol) != -1): null

2019-08-24 12:43:06 - [TEST_STEP][PASSED] - symbols = symbols: null

2019-08-24 12:43:06 - [TEST_STEP][PASSED] - for ([j = 0, j &lt; symbols.size(), (j++)]): null

2019-08-24 12:43:06 - [TEST_STEP][PASSED] - symbol = symbol: null

2019-08-24 12:43:06 - [TEST_STEP][PASSED] - println(symbol): null

2019-08-24 12:43:06 - [TEST_STEP][PASSED] - if (i == 2 &amp;&amp; wildList.indexOf(symbol) != -1): null

2019-08-24 12:43:06 - [TEST_STEP][PASSED] - if (i == 3 &amp;&amp; wildList.indexOf(symbol) != -1): null

2019-08-24 12:43:06 - [TEST_STEP][PASSED] - if (i == 4 &amp;&amp; wildList.indexOf(symbol) != -1): null

2019-08-24 12:43:06 - [TEST_STEP][PASSED] - symbol = symbol: null

2019-08-24 12:43:06 - [TEST_STEP][PASSED] - println(symbol): null

2019-08-24 12:43:06 - [TEST_STEP][PASSED] - if (i == 2 &amp;&amp; wildList.indexOf(symbol) != -1): null

2019-08-24 12:43:06 - [TEST_STEP][PASSED] - if (i == 3 &amp;&amp; wildList.indexOf(symbol) != -1): null

2019-08-24 12:43:06 - [TEST_STEP][PASSED] - println("wild found on reel 4, adding counter by 1"): null

2019-08-24 12:43:06 - [TEST_STEP][PASSED] - free_spin_reel_counter[1] = free_spin_reel_counter[1] + 1: null

2019-08-24 12:43:06 - [TEST_STEP][PASSED] - if (i == 4 &amp;&amp; wildList.indexOf(symbol) != -1): null

2019-08-24 12:43:06 - [TEST_STEP][PASSED] - symbol = symbol: null

2019-08-24 12:43:06 - [TEST_STEP][PASSED] - println(symbol): null

2019-08-24 12:43:06 - [TEST_STEP][PASSED] - if (i == 2 &amp;&amp; wildList.indexOf(symbol) != -1): null

2019-08-24 12:43:06 - [TEST_STEP][PASSED] - if (i == 3 &amp;&amp; wildList.indexOf(symbol) != -1): null

2019-08-24 12:43:06 - [TEST_STEP][PASSED] - if (i == 4 &amp;&amp; wildList.indexOf(symbol) != -1): null

2019-08-24 12:43:06 - [TEST_STEP][PASSED] - symbols = symbols: null

2019-08-24 12:43:06 - [TEST_STEP][PASSED] - for ([j = 0, j &lt; symbols.size(), (j++)]): null

2019-08-24 12:43:06 - [TEST_STEP][PASSED] - symbol = symbol: null

2019-08-24 12:43:06 - [TEST_STEP][PASSED] - println(symbol): null

2019-08-24 12:43:06 - [TEST_STEP][PASSED] - if (i == 2 &amp;&amp; wildList.indexOf(symbol) != -1): null

2019-08-24 12:43:06 - [TEST_STEP][PASSED] - if (i == 3 &amp;&amp; wildList.indexOf(symbol) != -1): null

2019-08-24 12:43:06 - [TEST_STEP][PASSED] - if (i == 4 &amp;&amp; wildList.indexOf(symbol) != -1): null

2019-08-24 12:43:06 - [TEST_STEP][PASSED] - symbol = symbol: null

2019-08-24 12:43:06 - [TEST_STEP][PASSED] - println(symbol): null

2019-08-24 12:43:06 - [TEST_STEP][PASSED] - if (i == 2 &amp;&amp; wildList.indexOf(symbol) != -1): null

2019-08-24 12:43:06 - [TEST_STEP][PASSED] - if (i == 3 &amp;&amp; wildList.indexOf(symbol) != -1): null

2019-08-24 12:43:06 - [TEST_STEP][PASSED] - if (i == 4 &amp;&amp; wildList.indexOf(symbol) != -1): null

2019-08-24 12:43:06 - [TEST_STEP][PASSED] - symbol = symbol: null

2019-08-24 12:43:06 - [TEST_STEP][PASSED] - println(symbol): null

2019-08-24 12:43:06 - [TEST_STEP][PASSED] - if (i == 2 &amp;&amp; wildList.indexOf(symbol) != -1): null

2019-08-24 12:43:06 - [TEST_STEP][PASSED] - if (i == 3 &amp;&amp; wildList.indexOf(symbol) != -1): null

2019-08-24 12:43:06 - [TEST_STEP][PASSED] - if (i == 4 &amp;&amp; wildList.indexOf(symbol) != -1): null

2019-08-24 12:43:06 - [TEST_STEP][PASSED] - free_spin_reel_counter = free_spin_reel_counter: null

2019-08-24 12:43:06 - [TEST_STEP][PASSED] - println("reel 3 wild found: " + free_spin_reel_counter[0]): null

2019-08-24 12:43:06 - [TEST_STEP][PASSED] - println("reel 4 wild found: " + free_spin_reel_counter[1]): null

2019-08-24 12:43:06 - [TEST_STEP][PASSED] - println("reel 5 wild found: " + free_spin_reel_counter[2]): null

2019-08-24 12:43:06 - [TEST_STEP][PASSED] - M4_spin_reels = M4_spin_reels: null

2019-08-24 12:43:06 - [TEST_STEP][PASSED] - M4_spin_reels_symbols = symbol: null

2019-08-24 12:43:06 - [TEST_STEP][PASSED] - M4_spin_reels_symbols = M4_spin_reels_symbols: null

2019-08-24 12:43:06 - [TEST_STEP][PASSED] - M4_spin_reel_wins = reel_wins: null

2019-08-24 12:43:06 - [TEST_STEP][PASSED] - M4_spin_reel_wins = M4_spin_reel_wins: null

2019-08-24 12:43:06 - [TEST_STEP][PASSED] - println("GlobalVariable.M4_spin_reel_wins is: " + M4_spin_reel_wins): null

2019-08-24 12:43:06 - [TEST_STEP][PASSED] - M4_spin_total_bonus_win_this_round = total_bonus_win_this_round: null

2019-08-24 12:43:06 - [TEST_STEP][PASSED] - M4_spin_total_bonus_win_this_round = M4_spin_total_bonus_win_this_round: null

2019-08-24 12:43:06 - [TEST_STEP][PASSED] - println("GlobalVariable.M4_spin_total_bonus_win_this_round is: " + M4_spin_total_bonus_win_this_round): null

2019-08-24 12:43:06 - [TEST_STEP][PASSED] - M4_spin_bonus_spin_result = spin_result: null

2019-08-24 12:43:06 - [TEST_STEP][PASSED] - M4_spin_bonus_spin_result = M4_spin_bonus_spin_result: null

2019-08-24 12:43:06 - [MESSAGE][PASSED] - Verify response successfully

2019-08-24 12:43:06 - [MESSAGE][PASSED] - Send request and verify the response successfully

2019-08-24 12:43:06 - [TEST_STEP][PASSED] - if (M4_total_bonus_spins_int != 0 &amp;&amp; M4_spin_reels_symbols[2].contains("WILD_Double") || M4_spin_reels_symbols[4].contains("WILD_Triple")): null

2019-08-24 12:43:06 - [TEST_STEP][PASSED] - free_spin_reel_counter = free_spin_reel_counter: null

2019-08-24 12:43:06 - [TEST_STEP][PASSED] - M4_spin_reels_symbols = M4_spin_reels_symbols: null

2019-08-24 12:43:06 - [TEST_STEP][PASSED] - M4_total_bonus_spins = M4_total_bonus_spins: null

2019-08-24 12:43:06 - [TEST_STEP][PASSED] - spin_result = sendRequestAndVerify(findTestObject("INT/RGS(M4)/1_M4_spin", ["M4_login_user_id":M4_login_user_id, "rgs_session_token":rgs_session_token, "partner":Partner])): Send request and verify the response successfully

2019-08-24 12:43:07 - [MESSAGE][INFO] - HAR: /Users/eiralee/Katalon_Script/SuperWild/Reports/20190824_124242/INT/superWild_4/20190824_124242/requests/main/8.har

2019-08-24 12:43:07 - [TEST_CASE][PASSED] - Start Test Case : Verification: Verification accomplished successfully

2019-08-24 12:43:07 - [TEST_STEP][PASSED] - request = getInstance().getCurrentRequest(): null

2019-08-24 12:43:07 - [TEST_STEP][PASSED] - response = getInstance().getCurrentResponse(): null

2019-08-24 12:43:07 - [TEST_STEP][PASSED] - verifyResponseStatusCode(response, 200): Verify response status code successfully

2019-08-24 12:43:07 - [MESSAGE][PASSED] - Verify response status code successfully

2019-08-24 12:43:07 - [TEST_STEP][PASSED] - getStatusCode()).isEqualTo(200): null

2019-08-24 12:43:07 - [TEST_STEP][PASSED] - newline = System.getProperty("line.separator"): null

2019-08-24 12:43:07 - [TEST_STEP][PASSED] - M4_spin = new groovy.json.JsonSlurper(): null

2019-08-24 12:43:07 - [TEST_STEP][PASSED] - result_M4_spin = M4_spin.parseText(response.getResponseBodyContent()): null

2019-08-24 12:43:07 - [TEST_STEP][PASSED] - M4_spin_current_balance = current_balance: null

2019-08-24 12:43:07 - [TEST_STEP][PASSED] - M4_spin_current_balance = M4_spin_current_balance: null

2019-08-24 12:43:07 - [TEST_STEP][PASSED] - M4_spin_transaction_id = causality: null

2019-08-24 12:43:07 - [TEST_STEP][PASSED] - M4_spin_transaction_id = M4_spin_transaction_id: null

2019-08-24 12:43:07 - [TEST_STEP][PASSED] - M4_spin_round_id = round_id: null

2019-08-24 12:43:07 - [TEST_STEP][PASSED] - M4_spin_round_id = M4_spin_round_id: null

2019-08-24 12:43:07 - [TEST_STEP][PASSED] - M4_spin_line_wins = line_wins: null

2019-08-24 12:43:07 - [TEST_STEP][PASSED] - M4_spin_line_wins = M4_spin_line_wins: null

2019-08-24 12:43:07 - [TEST_STEP][PASSED] - M4_total_bonus_spins_int = total_bonus_spins: null

2019-08-24 12:43:07 - [TEST_STEP][PASSED] - println("******M4_total_bonus_spins type is:*******" + newline + getClass().getName()): null

2019-08-24 12:43:07 - [TEST_STEP][PASSED] - M4_total_bonus_spins_int = M4_total_bonus_spins_int: null

2019-08-24 12:43:07 - [TEST_STEP][PASSED] - M4_total_bonus_spins = Integer.toString(M4_total_bonus_spins_int): null

2019-08-24 12:43:07 - [TEST_STEP][PASSED] - M4_total_bonus_spins = M4_total_bonus_spins: null

2019-08-24 12:43:07 - [TEST_STEP][PASSED] - println("M4_total_bonus_spins is:" + M4_total_bonus_spins): null

2019-08-24 12:43:07 - [TEST_STEP][PASSED] - M4_spin_bonus_data = bonus_data: null

2019-08-24 12:43:07 - [TEST_STEP][PASSED] - M4_spin_features_triggered = result_M4_spin: null

2019-08-24 12:43:07 - [TEST_STEP][PASSED] - wild = []: null

2019-08-24 12:43:07 - [TEST_STEP][PASSED] - wild[0] = "WILD_Expanding": null

2019-08-24 12:43:07 - [TEST_STEP][PASSED] - wild[1] = "WILD_Normal": null

2019-08-24 12:43:07 - [TEST_STEP][PASSED] - wild[2] = "WILD_Double": null

2019-08-24 12:43:07 - [TEST_STEP][PASSED] - wild[3] = "WILD_ExtraFG": null

2019-08-24 12:43:07 - [TEST_STEP][PASSED] - wild[4] = "WILD_Triple": null

2019-08-24 12:43:07 - [TEST_STEP][PASSED] - wildList = Arrays.asList(wild): null

2019-08-24 12:43:07 - [TEST_STEP][PASSED] - wildList = wildList: null

2019-08-24 12:43:07 - [TEST_STEP][PASSED] - free_spin_reel_counter = []: null

2019-08-24 12:43:07 - [TEST_STEP][PASSED] - free_spin_reel_counter[0] = 0: null

2019-08-24 12:43:07 - [TEST_STEP][PASSED] - free_spin_reel_counter[1] = 0: null

2019-08-24 12:43:07 - [TEST_STEP][PASSED] - free_spin_reel_counter[2] = 0: null

2019-08-24 12:43:07 - [TEST_STEP][PASSED] - M4_spin_reels = reels: null

2019-08-24 12:43:07 - [TEST_STEP][PASSED] - for ([i = 0, i &lt; M4_spin_reels.size(), (i++)]): null

2019-08-24 12:43:07 - [TEST_STEP][PASSED] - symbols = symbols: null

2019-08-24 12:43:07 - [TEST_STEP][PASSED] - for ([j = 0, j &lt; symbols.size(), (j++)]): null

2019-08-24 12:43:07 - [TEST_STEP][PASSED] - symbol = symbol: null

2019-08-24 12:43:07 - [TEST_STEP][PASSED] - println(symbol): null

2019-08-24 12:43:07 - [TEST_STEP][PASSED] - if (i == 2 &amp;&amp; wildList.indexOf(symbol) != -1): null

2019-08-24 12:43:07 - [TEST_STEP][PASSED] - if (i == 3 &amp;&amp; wildList.indexOf(symbol) != -1): null

2019-08-24 12:43:07 - [TEST_STEP][PASSED] - if (i == 4 &amp;&amp; wildList.indexOf(symbol) != -1): null

2019-08-24 12:43:07 - [TEST_STEP][PASSED] - symbol = symbol: null

2019-08-24 12:43:07 - [TEST_STEP][PASSED] - println(symbol): null

2019-08-24 12:43:07 - [TEST_STEP][PASSED] - if (i == 2 &amp;&amp; wildList.indexOf(symbol) != -1): null

2019-08-24 12:43:07 - [TEST_STEP][PASSED] - if (i == 3 &amp;&amp; wildList.indexOf(symbol) != -1): null

2019-08-24 12:43:07 - [TEST_STEP][PASSED] - if (i == 4 &amp;&amp; wildList.indexOf(symbol) != -1): null

2019-08-24 12:43:07 - [TEST_STEP][PASSED] - symbol = symbol: null

2019-08-24 12:43:07 - [TEST_STEP][PASSED] - println(symbol): null

2019-08-24 12:43:07 - [TEST_STEP][PASSED] - if (i == 2 &amp;&amp; wildList.indexOf(symbol) != -1): null

2019-08-24 12:43:07 - [TEST_STEP][PASSED] - if (i == 3 &amp;&amp; wildList.indexOf(symbol) != -1): null

2019-08-24 12:43:07 - [TEST_STEP][PASSED] - if (i == 4 &amp;&amp; wildList.indexOf(symbol) != -1): null

2019-08-24 12:43:07 - [TEST_STEP][PASSED] - symbols = symbols: null

2019-08-24 12:43:07 - [TEST_STEP][PASSED] - for ([j = 0, j &lt; symbols.size(), (j++)]): null

2019-08-24 12:43:07 - [TEST_STEP][PASSED] - symbol = symbol: null

2019-08-24 12:43:07 - [TEST_STEP][PASSED] - println(symbol): null

2019-08-24 12:43:07 - [TEST_STEP][PASSED] - if (i == 2 &amp;&amp; wildList.indexOf(symbol) != -1): null

2019-08-24 12:43:07 - [TEST_STEP][PASSED] - if (i == 3 &amp;&amp; wildList.indexOf(symbol) != -1): null

2019-08-24 12:43:07 - [TEST_STEP][PASSED] - if (i == 4 &amp;&amp; wildList.indexOf(symbol) != -1): null

2019-08-24 12:43:07 - [TEST_STEP][PASSED] - symbol = symbol: null

2019-08-24 12:43:07 - [TEST_STEP][PASSED] - println(symbol): null

2019-08-24 12:43:07 - [TEST_STEP][PASSED] - if (i == 2 &amp;&amp; wildList.indexOf(symbol) != -1): null

2019-08-24 12:43:07 - [TEST_STEP][PASSED] - if (i == 3 &amp;&amp; wildList.indexOf(symbol) != -1): null

2019-08-24 12:43:07 - [TEST_STEP][PASSED] - if (i == 4 &amp;&amp; wildList.indexOf(symbol) != -1): null

2019-08-24 12:43:07 - [TEST_STEP][PASSED] - symbol = symbol: null

2019-08-24 12:43:07 - [TEST_STEP][PASSED] - println(symbol): null

2019-08-24 12:43:07 - [TEST_STEP][PASSED] - if (i == 2 &amp;&amp; wildList.indexOf(symbol) != -1): null

2019-08-24 12:43:07 - [TEST_STEP][PASSED] - if (i == 3 &amp;&amp; wildList.indexOf(symbol) != -1): null

2019-08-24 12:43:07 - [TEST_STEP][PASSED] - if (i == 4 &amp;&amp; wildList.indexOf(symbol) != -1): null

2019-08-24 12:43:07 - [TEST_STEP][PASSED] - symbols = symbols: null

2019-08-24 12:43:07 - [TEST_STEP][PASSED] - for ([j = 0, j &lt; symbols.size(), (j++)]): null

2019-08-24 12:43:07 - [TEST_STEP][PASSED] - symbol = symbol: null

2019-08-24 12:43:07 - [TEST_STEP][PASSED] - println(symbol): null

2019-08-24 12:43:07 - [TEST_STEP][PASSED] - if (i == 2 &amp;&amp; wildList.indexOf(symbol) != -1): null

2019-08-24 12:43:07 - [TEST_STEP][PASSED] - if (i == 3 &amp;&amp; wildList.indexOf(symbol) != -1): null

2019-08-24 12:43:07 - [TEST_STEP][PASSED] - if (i == 4 &amp;&amp; wildList.indexOf(symbol) != -1): null

2019-08-24 12:43:07 - [TEST_STEP][PASSED] - symbol = symbol: null

2019-08-24 12:43:07 - [TEST_STEP][PASSED] - println(symbol): null

2019-08-24 12:43:07 - [TEST_STEP][PASSED] - if (i == 2 &amp;&amp; wildList.indexOf(symbol) != -1): null

2019-08-24 12:43:07 - [TEST_STEP][PASSED] - if (i == 3 &amp;&amp; wildList.indexOf(symbol) != -1): null

2019-08-24 12:43:07 - [TEST_STEP][PASSED] - if (i == 4 &amp;&amp; wildList.indexOf(symbol) != -1): null

2019-08-24 12:43:07 - [TEST_STEP][PASSED] - symbol = symbol: null

2019-08-24 12:43:07 - [TEST_STEP][PASSED] - println(symbol): null

2019-08-24 12:43:07 - [TEST_STEP][PASSED] - if (i == 2 &amp;&amp; wildList.indexOf(symbol) != -1): null

2019-08-24 12:43:07 - [TEST_STEP][PASSED] - if (i == 3 &amp;&amp; wildList.indexOf(symbol) != -1): null

2019-08-24 12:43:07 - [TEST_STEP][PASSED] - if (i == 4 &amp;&amp; wildList.indexOf(symbol) != -1): null

2019-08-24 12:43:07 - [TEST_STEP][PASSED] - symbols = symbols: null

2019-08-24 12:43:07 - [TEST_STEP][PASSED] - for ([j = 0, j &lt; symbols.size(), (j++)]): null

2019-08-24 12:43:07 - [TEST_STEP][PASSED] - symbol = symbol: null

2019-08-24 12:43:07 - [TEST_STEP][PASSED] - println(symbol): null

2019-08-24 12:43:07 - [TEST_STEP][PASSED] - if (i == 2 &amp;&amp; wildList.indexOf(symbol) != -1): null

2019-08-24 12:43:07 - [TEST_STEP][PASSED] - if (i == 3 &amp;&amp; wildList.indexOf(symbol) != -1): null

2019-08-24 12:43:07 - [TEST_STEP][PASSED] - if (i == 4 &amp;&amp; wildList.indexOf(symbol) != -1): null

2019-08-24 12:43:07 - [TEST_STEP][PASSED] - symbol = symbol: null

2019-08-24 12:43:07 - [TEST_STEP][PASSED] - println(symbol): null

2019-08-24 12:43:07 - [TEST_STEP][PASSED] - if (i == 2 &amp;&amp; wildList.indexOf(symbol) != -1): null

2019-08-24 12:43:07 - [TEST_STEP][PASSED] - if (i == 3 &amp;&amp; wildList.indexOf(symbol) != -1): null

2019-08-24 12:43:07 - [TEST_STEP][PASSED] - if (i == 4 &amp;&amp; wildList.indexOf(symbol) != -1): null

2019-08-24 12:43:07 - [TEST_STEP][PASSED] - symbol = symbol: null

2019-08-24 12:43:07 - [TEST_STEP][PASSED] - println(symbol): null

2019-08-24 12:43:07 - [TEST_STEP][PASSED] - if (i == 2 &amp;&amp; wildList.indexOf(symbol) != -1): null

2019-08-24 12:43:07 - [TEST_STEP][PASSED] - if (i == 3 &amp;&amp; wildList.indexOf(symbol) != -1): null

2019-08-24 12:43:07 - [TEST_STEP][PASSED] - if (i == 4 &amp;&amp; wildList.indexOf(symbol) != -1): null

2019-08-24 12:43:07 - [TEST_STEP][PASSED] - symbols = symbols: null

2019-08-24 12:43:07 - [TEST_STEP][PASSED] - for ([j = 0, j &lt; symbols.size(), (j++)]): null

2019-08-24 12:43:07 - [TEST_STEP][PASSED] - symbol = symbol: null

2019-08-24 12:43:07 - [TEST_STEP][PASSED] - println(symbol): null

2019-08-24 12:43:07 - [TEST_STEP][PASSED] - if (i == 2 &amp;&amp; wildList.indexOf(symbol) != -1): null

2019-08-24 12:43:07 - [TEST_STEP][PASSED] - if (i == 3 &amp;&amp; wildList.indexOf(symbol) != -1): null

2019-08-24 12:43:07 - [TEST_STEP][PASSED] - if (i == 4 &amp;&amp; wildList.indexOf(symbol) != -1): null

2019-08-24 12:43:07 - [TEST_STEP][PASSED] - symbol = symbol: null

2019-08-24 12:43:07 - [TEST_STEP][PASSED] - println(symbol): null

2019-08-24 12:43:07 - [TEST_STEP][PASSED] - if (i == 2 &amp;&amp; wildList.indexOf(symbol) != -1): null

2019-08-24 12:43:07 - [TEST_STEP][PASSED] - if (i == 3 &amp;&amp; wildList.indexOf(symbol) != -1): null

2019-08-24 12:43:07 - [TEST_STEP][PASSED] - if (i == 4 &amp;&amp; wildList.indexOf(symbol) != -1): null

2019-08-24 12:43:07 - [TEST_STEP][PASSED] - symbol = symbol: null

2019-08-24 12:43:07 - [TEST_STEP][PASSED] - println(symbol): null

2019-08-24 12:43:07 - [TEST_STEP][PASSED] - if (i == 2 &amp;&amp; wildList.indexOf(symbol) != -1): null

2019-08-24 12:43:07 - [TEST_STEP][PASSED] - if (i == 3 &amp;&amp; wildList.indexOf(symbol) != -1): null

2019-08-24 12:43:07 - [TEST_STEP][PASSED] - if (i == 4 &amp;&amp; wildList.indexOf(symbol) != -1): null

2019-08-24 12:43:07 - [TEST_STEP][PASSED] - free_spin_reel_counter = free_spin_reel_counter: null

2019-08-24 12:43:07 - [TEST_STEP][PASSED] - println("reel 3 wild found: " + free_spin_reel_counter[0]): null

2019-08-24 12:43:07 - [TEST_STEP][PASSED] - println("reel 4 wild found: " + free_spin_reel_counter[1]): null

2019-08-24 12:43:07 - [TEST_STEP][PASSED] - println("reel 5 wild found: " + free_spin_reel_counter[2]): null

2019-08-24 12:43:07 - [TEST_STEP][PASSED] - M4_spin_reels = M4_spin_reels: null

2019-08-24 12:43:07 - [TEST_STEP][PASSED] - M4_spin_reels_symbols = symbol: null

2019-08-24 12:43:07 - [TEST_STEP][PASSED] - M4_spin_reels_symbols = M4_spin_reels_symbols: null

2019-08-24 12:43:07 - [TEST_STEP][PASSED] - M4_spin_reel_wins = reel_wins: null

2019-08-24 12:43:07 - [TEST_STEP][PASSED] - M4_spin_reel_wins = M4_spin_reel_wins: null

2019-08-24 12:43:07 - [TEST_STEP][PASSED] - println("GlobalVariable.M4_spin_reel_wins is: " + M4_spin_reel_wins): null

2019-08-24 12:43:07 - [TEST_STEP][PASSED] - M4_spin_total_bonus_win_this_round = total_bonus_win_this_round: null

2019-08-24 12:43:07 - [TEST_STEP][PASSED] - M4_spin_total_bonus_win_this_round = M4_spin_total_bonus_win_this_round: null

2019-08-24 12:43:07 - [TEST_STEP][PASSED] - println("GlobalVariable.M4_spin_total_bonus_win_this_round is: " + M4_spin_total_bonus_win_this_round): null

2019-08-24 12:43:07 - [TEST_STEP][PASSED] - M4_spin_bonus_spin_result = spin_result: null

2019-08-24 12:43:07 - [TEST_STEP][PASSED] - M4_spin_bonus_spin_result = M4_spin_bonus_spin_result: null

2019-08-24 12:43:07 - [MESSAGE][PASSED] - Verify response successfully

2019-08-24 12:43:07 - [MESSAGE][PASSED] - Send request and verify the response successfully

2019-08-24 12:43:07 - [TEST_STEP][PASSED] - if (M4_total_bonus_spins_int != 0 &amp;&amp; M4_spin_reels_symbols[2].contains("WILD_Double") || M4_spin_reels_symbols[4].contains("WILD_Triple")): null

2019-08-24 12:43:07 - [TEST_STEP][PASSED] - free_spin_reel_counter = free_spin_reel_counter: null

2019-08-24 12:43:07 - [TEST_STEP][PASSED] - M4_spin_reels_symbols = M4_spin_reels_symbols: null

2019-08-24 12:43:07 - [TEST_STEP][PASSED] - M4_total_bonus_spins = M4_total_bonus_spins: null

2019-08-24 12:43:07 - [TEST_STEP][PASSED] - spin_result = sendRequestAndVerify(findTestObject("INT/RGS(M4)/1_M4_spin", ["M4_login_user_id":M4_login_user_id, "rgs_session_token":rgs_session_token, "partner":Partner])): Send request and verify the response successfully

2019-08-24 12:43:08 - [MESSAGE][INFO] - HAR: /Users/eiralee/Katalon_Script/SuperWild/Reports/20190824_124242/INT/superWild_4/20190824_124242/requests/main/9.har

2019-08-24 12:43:08 - [TEST_CASE][PASSED] - Start Test Case : Verification: Verification accomplished successfully

2019-08-24 12:43:08 - [TEST_STEP][PASSED] - request = getInstance().getCurrentRequest(): null

2019-08-24 12:43:08 - [TEST_STEP][PASSED] - response = getInstance().getCurrentResponse(): null

2019-08-24 12:43:08 - [TEST_STEP][PASSED] - verifyResponseStatusCode(response, 200): Verify response status code successfully

2019-08-24 12:43:08 - [MESSAGE][PASSED] - Verify response status code successfully

2019-08-24 12:43:08 - [TEST_STEP][PASSED] - getStatusCode()).isEqualTo(200): null

2019-08-24 12:43:08 - [TEST_STEP][PASSED] - newline = System.getProperty("line.separator"): null

2019-08-24 12:43:08 - [TEST_STEP][PASSED] - M4_spin = new groovy.json.JsonSlurper(): null

2019-08-24 12:43:08 - [TEST_STEP][PASSED] - result_M4_spin = M4_spin.parseText(response.getResponseBodyContent()): null

2019-08-24 12:43:08 - [TEST_STEP][PASSED] - M4_spin_current_balance = current_balance: null

2019-08-24 12:43:08 - [TEST_STEP][PASSED] - M4_spin_current_balance = M4_spin_current_balance: null

2019-08-24 12:43:08 - [TEST_STEP][PASSED] - M4_spin_transaction_id = causality: null

2019-08-24 12:43:08 - [TEST_STEP][PASSED] - M4_spin_transaction_id = M4_spin_transaction_id: null

2019-08-24 12:43:08 - [TEST_STEP][PASSED] - M4_spin_round_id = round_id: null

2019-08-24 12:43:08 - [TEST_STEP][PASSED] - M4_spin_round_id = M4_spin_round_id: null

2019-08-24 12:43:08 - [TEST_STEP][PASSED] - M4_spin_line_wins = line_wins: null

2019-08-24 12:43:08 - [TEST_STEP][PASSED] - M4_spin_line_wins = M4_spin_line_wins: null

2019-08-24 12:43:08 - [TEST_STEP][PASSED] - M4_total_bonus_spins_int = total_bonus_spins: null

2019-08-24 12:43:08 - [TEST_STEP][PASSED] - println("******M4_total_bonus_spins type is:*******" + newline + getClass().getName()): null

2019-08-24 12:43:08 - [TEST_STEP][PASSED] - M4_total_bonus_spins_int = M4_total_bonus_spins_int: null

2019-08-24 12:43:08 - [TEST_STEP][PASSED] - M4_total_bonus_spins = Integer.toString(M4_total_bonus_spins_int): null

2019-08-24 12:43:08 - [TEST_STEP][PASSED] - M4_total_bonus_spins = M4_total_bonus_spins: null

2019-08-24 12:43:08 - [TEST_STEP][PASSED] - println("M4_total_bonus_spins is:" + M4_total_bonus_spins): null

2019-08-24 12:43:08 - [TEST_STEP][PASSED] - M4_spin_bonus_data = bonus_data: null

2019-08-24 12:43:08 - [TEST_STEP][PASSED] - M4_spin_features_triggered = result_M4_spin: null

2019-08-24 12:43:08 - [TEST_STEP][PASSED] - wild = []: null

2019-08-24 12:43:08 - [TEST_STEP][PASSED] - wild[0] = "WILD_Expanding": null

2019-08-24 12:43:08 - [TEST_STEP][PASSED] - wild[1] = "WILD_Normal": null

2019-08-24 12:43:08 - [TEST_STEP][PASSED] - wild[2] = "WILD_Double": null

2019-08-24 12:43:08 - [TEST_STEP][PASSED] - wild[3] = "WILD_ExtraFG": null

2019-08-24 12:43:08 - [TEST_STEP][PASSED] - wild[4] = "WILD_Triple": null

2019-08-24 12:43:08 - [TEST_STEP][PASSED] - wildList = Arrays.asList(wild): null

2019-08-24 12:43:08 - [TEST_STEP][PASSED] - wildList = wildList: null

2019-08-24 12:43:08 - [TEST_STEP][PASSED] - free_spin_reel_counter = []: null

2019-08-24 12:43:08 - [TEST_STEP][PASSED] - free_spin_reel_counter[0] = 0: null

2019-08-24 12:43:08 - [TEST_STEP][PASSED] - free_spin_reel_counter[1] = 0: null

2019-08-24 12:43:08 - [TEST_STEP][PASSED] - free_spin_reel_counter[2] = 0: null

2019-08-24 12:43:08 - [TEST_STEP][PASSED] - M4_spin_reels = reels: null

2019-08-24 12:43:08 - [TEST_STEP][PASSED] - for ([i = 0, i &lt; M4_spin_reels.size(), (i++)]): null

2019-08-24 12:43:08 - [TEST_STEP][PASSED] - symbols = symbols: null

2019-08-24 12:43:08 - [TEST_STEP][PASSED] - for ([j = 0, j &lt; symbols.size(), (j++)]): null

2019-08-24 12:43:08 - [TEST_STEP][PASSED] - symbol = symbol: null

2019-08-24 12:43:08 - [TEST_STEP][PASSED] - println(symbol): null

2019-08-24 12:43:08 - [TEST_STEP][PASSED] - if (i == 2 &amp;&amp; wildList.indexOf(symbol) != -1): null

2019-08-24 12:43:08 - [TEST_STEP][PASSED] - if (i == 3 &amp;&amp; wildList.indexOf(symbol) != -1): null

2019-08-24 12:43:08 - [TEST_STEP][PASSED] - if (i == 4 &amp;&amp; wildList.indexOf(symbol) != -1): null

2019-08-24 12:43:08 - [TEST_STEP][PASSED] - symbol = symbol: null

2019-08-24 12:43:08 - [TEST_STEP][PASSED] - println(symbol): null

2019-08-24 12:43:08 - [TEST_STEP][PASSED] - if (i == 2 &amp;&amp; wildList.indexOf(symbol) != -1): null

2019-08-24 12:43:08 - [TEST_STEP][PASSED] - if (i == 3 &amp;&amp; wildList.indexOf(symbol) != -1): null

2019-08-24 12:43:08 - [TEST_STEP][PASSED] - if (i == 4 &amp;&amp; wildList.indexOf(symbol) != -1): null

2019-08-24 12:43:08 - [TEST_STEP][PASSED] - symbol = symbol: null

2019-08-24 12:43:08 - [TEST_STEP][PASSED] - println(symbol): null

2019-08-24 12:43:08 - [TEST_STEP][PASSED] - if (i == 2 &amp;&amp; wildList.indexOf(symbol) != -1): null

2019-08-24 12:43:08 - [TEST_STEP][PASSED] - if (i == 3 &amp;&amp; wildList.indexOf(symbol) != -1): null

2019-08-24 12:43:08 - [TEST_STEP][PASSED] - if (i == 4 &amp;&amp; wildList.indexOf(symbol) != -1): null

2019-08-24 12:43:08 - [TEST_STEP][PASSED] - symbols = symbols: null

2019-08-24 12:43:08 - [TEST_STEP][PASSED] - for ([j = 0, j &lt; symbols.size(), (j++)]): null

2019-08-24 12:43:08 - [TEST_STEP][PASSED] - symbol = symbol: null

2019-08-24 12:43:08 - [TEST_STEP][PASSED] - println(symbol): null

2019-08-24 12:43:11 - [TEST_STEP][PASSED] - if (i == 2 &amp;&amp; wildList.indexOf(symbol) != -1): null

2019-08-24 12:43:11 - [TEST_STEP][PASSED] - if (i == 3 &amp;&amp; wildList.indexOf(symbol) != -1): null

2019-08-24 12:43:11 - [TEST_STEP][PASSED] - if (i == 4 &amp;&amp; wildList.indexOf(symbol) != -1): null

2019-08-24 12:43:11 - [TEST_STEP][PASSED] - symbol = symbol: null

2019-08-24 12:43:11 - [TEST_STEP][PASSED] - println(symbol): null

2019-08-24 12:43:11 - [TEST_STEP][PASSED] - if (i == 2 &amp;&amp; wildList.indexOf(symbol) != -1): null

2019-08-24 12:43:11 - [TEST_STEP][PASSED] - if (i == 3 &amp;&amp; wildList.indexOf(symbol) != -1): null

2019-08-24 12:43:11 - [TEST_STEP][PASSED] - if (i == 4 &amp;&amp; wildList.indexOf(symbol) != -1): null

2019-08-24 12:43:11 - [TEST_STEP][PASSED] - symbol = symbol: null

2019-08-24 12:43:11 - [TEST_STEP][PASSED] - println(symbol): null

2019-08-24 12:43:11 - [TEST_STEP][PASSED] - if (i == 2 &amp;&amp; wildList.indexOf(symbol) != -1): null

2019-08-24 12:43:11 - [TEST_STEP][PASSED] - if (i == 3 &amp;&amp; wildList.indexOf(symbol) != -1): null

2019-08-24 12:43:11 - [TEST_STEP][PASSED] - if (i == 4 &amp;&amp; wildList.indexOf(symbol) != -1): null

2019-08-24 12:43:11 - [TEST_STEP][PASSED] - symbols = symbols: null

2019-08-24 12:43:11 - [TEST_STEP][PASSED] - for ([j = 0, j &lt; symbols.size(), (j++)]): null

2019-08-24 12:43:11 - [TEST_STEP][PASSED] - symbol = symbol: null

2019-08-24 12:43:11 - [TEST_STEP][PASSED] - println(symbol): null

2019-08-24 12:43:11 - [TEST_STEP][PASSED] - if (i == 2 &amp;&amp; wildList.indexOf(symbol) != -1): null

2019-08-24 12:43:11 - [TEST_STEP][PASSED] - if (i == 3 &amp;&amp; wildList.indexOf(symbol) != -1): null

2019-08-24 12:43:11 - [TEST_STEP][PASSED] - if (i == 4 &amp;&amp; wildList.indexOf(symbol) != -1): null

2019-08-24 12:43:11 - [TEST_STEP][PASSED] - symbol = symbol: null

2019-08-24 12:43:11 - [TEST_STEP][PASSED] - println(symbol): null

2019-08-24 12:43:11 - [TEST_STEP][PASSED] - if (i == 2 &amp;&amp; wildList.indexOf(symbol) != -1): null

2019-08-24 12:43:11 - [TEST_STEP][PASSED] - if (i == 3 &amp;&amp; wildList.indexOf(symbol) != -1): null

2019-08-24 12:43:11 - [TEST_STEP][PASSED] - if (i == 4 &amp;&amp; wildList.indexOf(symbol) != -1): null

2019-08-24 12:43:11 - [TEST_STEP][PASSED] - symbol = symbol: null

2019-08-24 12:43:11 - [TEST_STEP][PASSED] - println(symbol): null

2019-08-24 12:43:11 - [TEST_STEP][PASSED] - if (i == 2 &amp;&amp; wildList.indexOf(symbol) != -1): null

2019-08-24 12:43:11 - [TEST_STEP][PASSED] - if (i == 3 &amp;&amp; wildList.indexOf(symbol) != -1): null

2019-08-24 12:43:11 - [TEST_STEP][PASSED] - if (i == 4 &amp;&amp; wildList.indexOf(symbol) != -1): null

2019-08-24 12:43:11 - [TEST_STEP][PASSED] - symbols = symbols: null

2019-08-24 12:43:11 - [TEST_STEP][PASSED] - for ([j = 0, j &lt; symbols.size(), (j++)]): null

2019-08-24 12:43:11 - [TEST_STEP][PASSED] - symbol = symbol: null

2019-08-24 12:43:11 - [TEST_STEP][PASSED] - println(symbol): null

2019-08-24 12:43:11 - [TEST_STEP][PASSED] - if (i == 2 &amp;&amp; wildList.indexOf(symbol) != -1): null

2019-08-24 12:43:11 - [TEST_STEP][PASSED] - if (i == 3 &amp;&amp; wildList.indexOf(symbol) != -1): null

2019-08-24 12:43:11 - [TEST_STEP][PASSED] - if (i == 4 &amp;&amp; wildList.indexOf(symbol) != -1): null

2019-08-24 12:43:11 - [TEST_STEP][PASSED] - symbol = symbol: null

2019-08-24 12:43:11 - [TEST_STEP][PASSED] - println(symbol): null

2019-08-24 12:43:11 - [TEST_STEP][PASSED] - if (i == 2 &amp;&amp; wildList.indexOf(symbol) != -1): null

2019-08-24 12:43:11 - [TEST_STEP][PASSED] - if (i == 3 &amp;&amp; wildList.indexOf(symbol) != -1): null

2019-08-24 12:43:11 - [TEST_STEP][PASSED] - if (i == 4 &amp;&amp; wildList.indexOf(symbol) != -1): null

2019-08-24 12:43:11 - [TEST_STEP][PASSED] - symbol = symbol: null

2019-08-24 12:43:11 - [TEST_STEP][PASSED] - println(symbol): null

2019-08-24 12:43:11 - [TEST_STEP][PASSED] - if (i == 2 &amp;&amp; wildList.indexOf(symbol) != -1): null

2019-08-24 12:43:11 - [TEST_STEP][PASSED] - if (i == 3 &amp;&amp; wildList.indexOf(symbol) != -1): null

2019-08-24 12:43:11 - [TEST_STEP][PASSED] - if (i == 4 &amp;&amp; wildList.indexOf(symbol) != -1): null

2019-08-24 12:43:11 - [TEST_STEP][PASSED] - symbols = symbols: null

2019-08-24 12:43:11 - [TEST_STEP][PASSED] - for ([j = 0, j &lt; symbols.size(), (j++)]): null

2019-08-24 12:43:11 - [TEST_STEP][PASSED] - symbol = symbol: null

2019-08-24 12:43:11 - [TEST_STEP][PASSED] - println(symbol): null

2019-08-24 12:43:11 - [TEST_STEP][PASSED] - if (i == 2 &amp;&amp; wildList.indexOf(symbol) != -1): null

2019-08-24 12:43:11 - [TEST_STEP][PASSED] - if (i == 3 &amp;&amp; wildList.indexOf(symbol) != -1): null

2019-08-24 12:43:11 - [TEST_STEP][PASSED] - if (i == 4 &amp;&amp; wildList.indexOf(symbol) != -1): null

2019-08-24 12:43:11 - [TEST_STEP][PASSED] - symbol = symbol: null

2019-08-24 12:43:11 - [TEST_STEP][PASSED] - println(symbol): null

2019-08-24 12:43:11 - [TEST_STEP][PASSED] - if (i == 2 &amp;&amp; wildList.indexOf(symbol) != -1): null

2019-08-24 12:43:11 - [TEST_STEP][PASSED] - if (i == 3 &amp;&amp; wildList.indexOf(symbol) != -1): null

2019-08-24 12:43:11 - [TEST_STEP][PASSED] - if (i == 4 &amp;&amp; wildList.indexOf(symbol) != -1): null

2019-08-24 12:43:11 - [TEST_STEP][PASSED] - symbol = symbol: null

2019-08-24 12:43:11 - [TEST_STEP][PASSED] - println(symbol): null

2019-08-24 12:43:11 - [TEST_STEP][PASSED] - if (i == 2 &amp;&amp; wildList.indexOf(symbol) != -1): null

2019-08-24 12:43:11 - [TEST_STEP][PASSED] - if (i == 3 &amp;&amp; wildList.indexOf(symbol) != -1): null

2019-08-24 12:43:11 - [TEST_STEP][PASSED] - if (i == 4 &amp;&amp; wildList.indexOf(symbol) != -1): null

2019-08-24 12:43:11 - [TEST_STEP][PASSED] - free_spin_reel_counter = free_spin_reel_counter: null

2019-08-24 12:43:11 - [TEST_STEP][PASSED] - println("reel 3 wild found: " + free_spin_reel_counter[0]): null

2019-08-24 12:43:11 - [TEST_STEP][PASSED] - println("reel 4 wild found: " + free_spin_reel_counter[1]): null

2019-08-24 12:43:11 - [TEST_STEP][PASSED] - println("reel 5 wild found: " + free_spin_reel_counter[2]): null

2019-08-24 12:43:11 - [TEST_STEP][PASSED] - M4_spin_reels = M4_spin_reels: null

2019-08-24 12:43:11 - [TEST_STEP][PASSED] - M4_spin_reels_symbols = symbol: null

2019-08-24 12:43:11 - [TEST_STEP][PASSED] - M4_spin_reels_symbols = M4_spin_reels_symbols: null

2019-08-24 12:43:11 - [TEST_STEP][PASSED] - M4_spin_reel_wins = reel_wins: null

2019-08-24 12:43:11 - [TEST_STEP][PASSED] - M4_spin_reel_wins = M4_spin_reel_wins: null

2019-08-24 12:43:11 - [TEST_STEP][PASSED] - println("GlobalVariable.M4_spin_reel_wins is: " + M4_spin_reel_wins): null

2019-08-24 12:43:11 - [TEST_STEP][PASSED] - M4_spin_total_bonus_win_this_round = total_bonus_win_this_round: null

2019-08-24 12:43:11 - [TEST_STEP][PASSED] - M4_spin_total_bonus_win_this_round = M4_spin_total_bonus_win_this_round: null

2019-08-24 12:43:11 - [TEST_STEP][PASSED] - println("GlobalVariable.M4_spin_total_bonus_win_this_round is: " + M4_spin_total_bonus_win_this_round): null

2019-08-24 12:43:11 - [TEST_STEP][PASSED] - M4_spin_bonus_spin_result = spin_result: null

2019-08-24 12:43:11 - [TEST_STEP][PASSED] - M4_spin_bonus_spin_result = M4_spin_bonus_spin_result: null

2019-08-24 12:43:11 - [MESSAGE][PASSED] - Verify response successfully

2019-08-24 12:43:11 - [MESSAGE][PASSED] - Send request and verify the response successfully

2019-08-24 12:43:11 - [TEST_STEP][PASSED] - if (M4_total_bonus_spins_int != 0 &amp;&amp; M4_spin_reels_symbols[2].contains("WILD_Double") || M4_spin_reels_symbols[4].contains("WILD_Triple")): null

2019-08-24 12:43:11 - [TEST_STEP][PASSED] - free_spin_reel_counter = free_spin_reel_counter: null

2019-08-24 12:43:11 - [TEST_STEP][PASSED] - M4_spin_reels_symbols = M4_spin_reels_symbols: null

2019-08-24 12:43:11 - [TEST_STEP][PASSED] - M4_total_bonus_spins = M4_total_bonus_spins: null

2019-08-24 12:43:11 - [TEST_STEP][PASSED] - spin_result = sendRequestAndVerify(findTestObject("INT/RGS(M4)/1_M4_spin", ["M4_login_user_id":M4_login_user_id, "rgs_session_token":rgs_session_token, "partner":Partner])): Send request and verify the response successfully

2019-08-24 12:43:11 - [MESSAGE][INFO] - HAR: /Users/eiralee/Katalon_Script/SuperWild/Reports/20190824_124242/INT/superWild_4/20190824_124242/requests/main/10.har

2019-08-24 12:43:11 - [TEST_CASE][PASSED] - Start Test Case : Verification: Verification accomplished successfully

2019-08-24 12:43:11 - [TEST_STEP][PASSED] - request = getInstance().getCurrentRequest(): null

2019-08-24 12:43:11 - [TEST_STEP][PASSED] - response = getInstance().getCurrentResponse(): null

2019-08-24 12:43:11 - [TEST_STEP][PASSED] - verifyResponseStatusCode(response, 200): Verify response status code successfully

2019-08-24 12:43:11 - [MESSAGE][PASSED] - Verify response status code successfully

2019-08-24 12:43:11 - [TEST_STEP][PASSED] - getStatusCode()).isEqualTo(200): null

2019-08-24 12:43:11 - [TEST_STEP][PASSED] - newline = System.getProperty("line.separator"): null

2019-08-24 12:43:11 - [TEST_STEP][PASSED] - M4_spin = new groovy.json.JsonSlurper(): null

2019-08-24 12:43:11 - [TEST_STEP][PASSED] - result_M4_spin = M4_spin.parseText(response.getResponseBodyContent()): null

2019-08-24 12:43:11 - [TEST_STEP][PASSED] - M4_spin_current_balance = current_balance: null

2019-08-24 12:43:11 - [TEST_STEP][PASSED] - M4_spin_current_balance = M4_spin_current_balance: null

2019-08-24 12:43:11 - [TEST_STEP][PASSED] - M4_spin_transaction_id = causality: null

2019-08-24 12:43:11 - [TEST_STEP][PASSED] - M4_spin_transaction_id = M4_spin_transaction_id: null

2019-08-24 12:43:11 - [TEST_STEP][PASSED] - M4_spin_round_id = round_id: null

2019-08-24 12:43:11 - [TEST_STEP][PASSED] - M4_spin_round_id = M4_spin_round_id: null

2019-08-24 12:43:11 - [TEST_STEP][PASSED] - M4_spin_line_wins = line_wins: null

2019-08-24 12:43:11 - [TEST_STEP][PASSED] - M4_spin_line_wins = M4_spin_line_wins: null

2019-08-24 12:43:11 - [TEST_STEP][PASSED] - M4_total_bonus_spins_int = total_bonus_spins: null

2019-08-24 12:43:11 - [TEST_STEP][PASSED] - println("******M4_total_bonus_spins type is:*******" + newline + getClass().getName()): null

2019-08-24 12:43:11 - [TEST_STEP][PASSED] - M4_total_bonus_spins_int = M4_total_bonus_spins_int: null

2019-08-24 12:43:11 - [TEST_STEP][PASSED] - M4_total_bonus_spins = Integer.toString(M4_total_bonus_spins_int): null

2019-08-24 12:43:11 - [TEST_STEP][PASSED] - M4_total_bonus_spins = M4_total_bonus_spins: null

2019-08-24 12:43:11 - [TEST_STEP][PASSED] - println("M4_total_bonus_spins is:" + M4_total_bonus_spins): null

2019-08-24 12:43:11 - [TEST_STEP][PASSED] - M4_spin_bonus_data = bonus_data: null

2019-08-24 12:43:11 - [TEST_STEP][PASSED] - M4_spin_features_triggered = result_M4_spin: null

2019-08-24 12:43:11 - [TEST_STEP][PASSED] - wild = []: null

2019-08-24 12:43:11 - [TEST_STEP][PASSED] - wild[0] = "WILD_Expanding": null

2019-08-24 12:43:11 - [TEST_STEP][PASSED] - wild[1] = "WILD_Normal": null

2019-08-24 12:43:11 - [TEST_STEP][PASSED] - wild[2] = "WILD_Double": null

2019-08-24 12:43:11 - [TEST_STEP][PASSED] - wild[3] = "WILD_ExtraFG": null

2019-08-24 12:43:11 - [TEST_STEP][PASSED] - wild[4] = "WILD_Triple": null

2019-08-24 12:43:11 - [TEST_STEP][PASSED] - wildList = Arrays.asList(wild): null

2019-08-24 12:43:11 - [TEST_STEP][PASSED] - wildList = wildList: null

2019-08-24 12:43:11 - [TEST_STEP][PASSED] - free_spin_reel_counter = []: null

2019-08-24 12:43:11 - [TEST_STEP][PASSED] - free_spin_reel_counter[0] = 0: null

2019-08-24 12:43:11 - [TEST_STEP][PASSED] - free_spin_reel_counter[1] = 0: null

2019-08-24 12:43:11 - [TEST_STEP][PASSED] - free_spin_reel_counter[2] = 0: null

2019-08-24 12:43:11 - [TEST_STEP][PASSED] - M4_spin_reels = reels: null

2019-08-24 12:43:11 - [TEST_STEP][PASSED] - for ([i = 0, i &lt; M4_spin_reels.size(), (i++)]): null

2019-08-24 12:43:11 - [TEST_STEP][PASSED] - symbols = symbols: null

2019-08-24 12:43:11 - [TEST_STEP][PASSED] - for ([j = 0, j &lt; symbols.size(), (j++)]): null

2019-08-24 12:43:11 - [TEST_STEP][PASSED] - symbol = symbol: null

2019-08-24 12:43:11 - [TEST_STEP][PASSED] - println(symbol): null

2019-08-24 12:43:11 - [TEST_STEP][PASSED] - if (i == 2 &amp;&amp; wildList.indexOf(symbol) != -1): null

2019-08-24 12:43:11 - [TEST_STEP][PASSED] - if (i == 3 &amp;&amp; wildList.indexOf(symbol) != -1): null

2019-08-24 12:43:11 - [TEST_STEP][PASSED] - if (i == 4 &amp;&amp; wildList.indexOf(symbol) != -1): null

2019-08-24 12:43:11 - [TEST_STEP][PASSED] - symbol = symbol: null

2019-08-24 12:43:11 - [TEST_STEP][PASSED] - println(symbol): null

2019-08-24 12:43:11 - [TEST_STEP][PASSED] - if (i == 2 &amp;&amp; wildList.indexOf(symbol) != -1): null

2019-08-24 12:43:11 - [TEST_STEP][PASSED] - if (i == 3 &amp;&amp; wildList.indexOf(symbol) != -1): null

2019-08-24 12:43:11 - [TEST_STEP][PASSED] - if (i == 4 &amp;&amp; wildList.indexOf(symbol) != -1): null

2019-08-24 12:43:11 - [TEST_STEP][PASSED] - symbol = symbol: null

2019-08-24 12:43:11 - [TEST_STEP][PASSED] - println(symbol): null

2019-08-24 12:43:11 - [TEST_STEP][PASSED] - if (i == 2 &amp;&amp; wildList.indexOf(symbol) != -1): null

2019-08-24 12:43:11 - [TEST_STEP][PASSED] - if (i == 3 &amp;&amp; wildList.indexOf(symbol) != -1): null

2019-08-24 12:43:11 - [TEST_STEP][PASSED] - if (i == 4 &amp;&amp; wildList.indexOf(symbol) != -1): null

2019-08-24 12:43:11 - [TEST_STEP][PASSED] - symbols = symbols: null

2019-08-24 12:43:11 - [TEST_STEP][PASSED] - for ([j = 0, j &lt; symbols.size(), (j++)]): null

2019-08-24 12:43:11 - [TEST_STEP][PASSED] - symbol = symbol: null

2019-08-24 12:43:11 - [TEST_STEP][PASSED] - println(symbol): null

2019-08-24 12:43:11 - [TEST_STEP][PASSED] - if (i == 2 &amp;&amp; wildList.indexOf(symbol) != -1): null

2019-08-24 12:43:11 - [TEST_STEP][PASSED] - if (i == 3 &amp;&amp; wildList.indexOf(symbol) != -1): null

2019-08-24 12:43:11 - [TEST_STEP][PASSED] - if (i == 4 &amp;&amp; wildList.indexOf(symbol) != -1): null

2019-08-24 12:43:11 - [TEST_STEP][PASSED] - symbol = symbol: null

2019-08-24 12:43:11 - [TEST_STEP][PASSED] - println(symbol): null

2019-08-24 12:43:11 - [TEST_STEP][PASSED] - if (i == 2 &amp;&amp; wildList.indexOf(symbol) != -1): null

2019-08-24 12:43:11 - [TEST_STEP][PASSED] - if (i == 3 &amp;&amp; wildList.indexOf(symbol) != -1): null

2019-08-24 12:43:11 - [TEST_STEP][PASSED] - if (i == 4 &amp;&amp; wildList.indexOf(symbol) != -1): null

2019-08-24 12:43:11 - [TEST_STEP][PASSED] - symbol = symbol: null

2019-08-24 12:43:11 - [TEST_STEP][PASSED] - println(symbol): null

2019-08-24 12:43:11 - [TEST_STEP][PASSED] - if (i == 2 &amp;&amp; wildList.indexOf(symbol) != -1): null

2019-08-24 12:43:11 - [TEST_STEP][PASSED] - if (i == 3 &amp;&amp; wildList.indexOf(symbol) != -1): null

2019-08-24 12:43:11 - [TEST_STEP][PASSED] - if (i == 4 &amp;&amp; wildList.indexOf(symbol) != -1): null

2019-08-24 12:43:11 - [TEST_STEP][PASSED] - symbols = symbols: null

2019-08-24 12:43:11 - [TEST_STEP][PASSED] - for ([j = 0, j &lt; symbols.size(), (j++)]): null

2019-08-24 12:43:11 - [TEST_STEP][PASSED] - symbol = symbol: null

2019-08-24 12:43:11 - [TEST_STEP][PASSED] - println(symbol): null

2019-08-24 12:43:11 - [TEST_STEP][PASSED] - if (i == 2 &amp;&amp; wildList.indexOf(symbol) != -1): null

2019-08-24 12:43:11 - [TEST_STEP][PASSED] - if (i == 3 &amp;&amp; wildList.indexOf(symbol) != -1): null

2019-08-24 12:43:11 - [TEST_STEP][PASSED] - if (i == 4 &amp;&amp; wildList.indexOf(symbol) != -1): null

2019-08-24 12:43:11 - [TEST_STEP][PASSED] - symbol = symbol: null

2019-08-24 12:43:11 - [TEST_STEP][PASSED] - println(symbol): null

2019-08-24 12:43:11 - [TEST_STEP][PASSED] - if (i == 2 &amp;&amp; wildList.indexOf(symbol) != -1): null

2019-08-24 12:43:11 - [TEST_STEP][PASSED] - if (i == 3 &amp;&amp; wildList.indexOf(symbol) != -1): null

2019-08-24 12:43:11 - [TEST_STEP][PASSED] - if (i == 4 &amp;&amp; wildList.indexOf(symbol) != -1): null

2019-08-24 12:43:11 - [TEST_STEP][PASSED] - symbol = symbol: null

2019-08-24 12:43:11 - [TEST_STEP][PASSED] - println(symbol): null

2019-08-24 12:43:11 - [TEST_STEP][PASSED] - if (i == 2 &amp;&amp; wildList.indexOf(symbol) != -1): null

2019-08-24 12:43:11 - [TEST_STEP][PASSED] - if (i == 3 &amp;&amp; wildList.indexOf(symbol) != -1): null

2019-08-24 12:43:11 - [TEST_STEP][PASSED] - if (i == 4 &amp;&amp; wildList.indexOf(symbol) != -1): null

2019-08-24 12:43:11 - [TEST_STEP][PASSED] - symbols = symbols: null

2019-08-24 12:43:11 - [TEST_STEP][PASSED] - for ([j = 0, j &lt; symbols.size(), (j++)]): null

2019-08-24 12:43:11 - [TEST_STEP][PASSED] - symbol = symbol: null

2019-08-24 12:43:11 - [TEST_STEP][PASSED] - println(symbol): null

2019-08-24 12:43:11 - [TEST_STEP][PASSED] - if (i == 2 &amp;&amp; wildList.indexOf(symbol) != -1): null

2019-08-24 12:43:11 - [TEST_STEP][PASSED] - if (i == 3 &amp;&amp; wildList.indexOf(symbol) != -1): null

2019-08-24 12:43:11 - [TEST_STEP][PASSED] - if (i == 4 &amp;&amp; wildList.indexOf(symbol) != -1): null

2019-08-24 12:43:11 - [TEST_STEP][PASSED] - symbol = symbol: null

2019-08-24 12:43:11 - [TEST_STEP][PASSED] - println(symbol): null

2019-08-24 12:43:11 - [TEST_STEP][PASSED] - if (i == 2 &amp;&amp; wildList.indexOf(symbol) != -1): null

2019-08-24 12:43:11 - [TEST_STEP][PASSED] - if (i == 3 &amp;&amp; wildList.indexOf(symbol) != -1): null

2019-08-24 12:43:11 - [TEST_STEP][PASSED] - if (i == 4 &amp;&amp; wildList.indexOf(symbol) != -1): null

2019-08-24 12:43:11 - [TEST_STEP][PASSED] - symbol = symbol: null

2019-08-24 12:43:11 - [TEST_STEP][PASSED] - println(symbol): null

2019-08-24 12:43:11 - [TEST_STEP][PASSED] - if (i == 2 &amp;&amp; wildList.indexOf(symbol) != -1): null

2019-08-24 12:43:11 - [TEST_STEP][PASSED] - if (i == 3 &amp;&amp; wildList.indexOf(symbol) != -1): null

2019-08-24 12:43:11 - [TEST_STEP][PASSED] - if (i == 4 &amp;&amp; wildList.indexOf(symbol) != -1): null

2019-08-24 12:43:11 - [TEST_STEP][PASSED] - symbols = symbols: null

2019-08-24 12:43:11 - [TEST_STEP][PASSED] - for ([j = 0, j &lt; symbols.size(), (j++)]): null

2019-08-24 12:43:11 - [TEST_STEP][PASSED] - symbol = symbol: null

2019-08-24 12:43:11 - [TEST_STEP][PASSED] - println(symbol): null

2019-08-24 12:43:11 - [TEST_STEP][PASSED] - if (i == 2 &amp;&amp; wildList.indexOf(symbol) != -1): null

2019-08-24 12:43:11 - [TEST_STEP][PASSED] - if (i == 3 &amp;&amp; wildList.indexOf(symbol) != -1): null

2019-08-24 12:43:11 - [TEST_STEP][PASSED] - if (i == 4 &amp;&amp; wildList.indexOf(symbol) != -1): null

2019-08-24 12:43:11 - [TEST_STEP][PASSED] - symbol = symbol: null

2019-08-24 12:43:11 - [TEST_STEP][PASSED] - println(symbol): null

2019-08-24 12:43:11 - [TEST_STEP][PASSED] - if (i == 2 &amp;&amp; wildList.indexOf(symbol) != -1): null

2019-08-24 12:43:11 - [TEST_STEP][PASSED] - if (i == 3 &amp;&amp; wildList.indexOf(symbol) != -1): null

2019-08-24 12:43:11 - [TEST_STEP][PASSED] - if (i == 4 &amp;&amp; wildList.indexOf(symbol) != -1): null

2019-08-24 12:43:11 - [TEST_STEP][PASSED] - symbol = symbol: null

2019-08-24 12:43:11 - [TEST_STEP][PASSED] - println(symbol): null

2019-08-24 12:43:11 - [TEST_STEP][PASSED] - if (i == 2 &amp;&amp; wildList.indexOf(symbol) != -1): null

2019-08-24 12:43:11 - [TEST_STEP][PASSED] - if (i == 3 &amp;&amp; wildList.indexOf(symbol) != -1): null

2019-08-24 12:43:11 - [TEST_STEP][PASSED] - if (i == 4 &amp;&amp; wildList.indexOf(symbol) != -1): null

2019-08-24 12:43:11 - [TEST_STEP][PASSED] - free_spin_reel_counter = free_spin_reel_counter: null

2019-08-24 12:43:11 - [TEST_STEP][PASSED] - println("reel 3 wild found: " + free_spin_reel_counter[0]): null

2019-08-24 12:43:11 - [TEST_STEP][PASSED] - println("reel 4 wild found: " + free_spin_reel_counter[1]): null

2019-08-24 12:43:11 - [TEST_STEP][PASSED] - println("reel 5 wild found: " + free_spin_reel_counter[2]): null

2019-08-24 12:43:11 - [TEST_STEP][PASSED] - M4_spin_reels = M4_spin_reels: null

2019-08-24 12:43:11 - [TEST_STEP][PASSED] - M4_spin_reels_symbols = symbol: null

2019-08-24 12:43:11 - [TEST_STEP][PASSED] - M4_spin_reels_symbols = M4_spin_reels_symbols: null

2019-08-24 12:43:11 - [TEST_STEP][PASSED] - M4_spin_reel_wins = reel_wins: null

2019-08-24 12:43:11 - [TEST_STEP][PASSED] - M4_spin_reel_wins = M4_spin_reel_wins: null

2019-08-24 12:43:11 - [TEST_STEP][PASSED] - println("GlobalVariable.M4_spin_reel_wins is: " + M4_spin_reel_wins): null

2019-08-24 12:43:11 - [TEST_STEP][PASSED] - M4_spin_total_bonus_win_this_round = total_bonus_win_this_round: null

2019-08-24 12:43:11 - [TEST_STEP][PASSED] - M4_spin_total_bonus_win_this_round = M4_spin_total_bonus_win_this_round: null

2019-08-24 12:43:11 - [TEST_STEP][PASSED] - println("GlobalVariable.M4_spin_total_bonus_win_this_round is: " + M4_spin_total_bonus_win_this_round): null

2019-08-24 12:43:11 - [TEST_STEP][PASSED] - M4_spin_bonus_spin_result = spin_result: null

2019-08-24 12:43:11 - [TEST_STEP][PASSED] - M4_spin_bonus_spin_result = M4_spin_bonus_spin_result: null

2019-08-24 12:43:11 - [MESSAGE][PASSED] - Verify response successfully

2019-08-24 12:43:11 - [MESSAGE][PASSED] - Send request and verify the response successfully

2019-08-24 12:43:11 - [TEST_STEP][PASSED] - if (M4_total_bonus_spins_int != 0 &amp;&amp; M4_spin_reels_symbols[2].contains("WILD_Double") || M4_spin_reels_symbols[4].contains("WILD_Triple")): null

2019-08-24 12:43:11 - [TEST_STEP][PASSED] - free_spin_reel_counter = free_spin_reel_counter: null

2019-08-24 12:43:11 - [TEST_STEP][PASSED] - M4_spin_reels_symbols = M4_spin_reels_symbols: null

2019-08-24 12:43:11 - [TEST_STEP][PASSED] - M4_total_bonus_spins = M4_total_bonus_spins: null

2019-08-24 12:43:11 - [TEST_STEP][PASSED] - spin_result = sendRequestAndVerify(findTestObject("INT/RGS(M4)/1_M4_spin", ["M4_login_user_id":M4_login_user_id, "rgs_session_token":rgs_session_token, "partner":Partner])): Send request and verify the response successfully

2019-08-24 12:43:12 - [MESSAGE][INFO] - HAR: /Users/eiralee/Katalon_Script/SuperWild/Reports/20190824_124242/INT/superWild_4/20190824_124242/requests/main/11.har

2019-08-24 12:43:12 - [TEST_CASE][PASSED] - Start Test Case : Verification: Verification accomplished successfully

2019-08-24 12:43:12 - [TEST_STEP][PASSED] - request = getInstance().getCurrentRequest(): null

2019-08-24 12:43:12 - [TEST_STEP][PASSED] - response = getInstance().getCurrentResponse(): null

2019-08-24 12:43:12 - [TEST_STEP][PASSED] - verifyResponseStatusCode(response, 200): Verify response status code successfully

2019-08-24 12:43:12 - [MESSAGE][PASSED] - Verify response status code successfully

2019-08-24 12:43:12 - [TEST_STEP][PASSED] - getStatusCode()).isEqualTo(200): null

2019-08-24 12:43:12 - [TEST_STEP][PASSED] - newline = System.getProperty("line.separator"): null

2019-08-24 12:43:12 - [TEST_STEP][PASSED] - M4_spin = new groovy.json.JsonSlurper(): null

2019-08-24 12:43:12 - [TEST_STEP][PASSED] - result_M4_spin = M4_spin.parseText(response.getResponseBodyContent()): null

2019-08-24 12:43:12 - [TEST_STEP][PASSED] - M4_spin_current_balance = current_balance: null

2019-08-24 12:43:12 - [TEST_STEP][PASSED] - M4_spin_current_balance = M4_spin_current_balance: null

2019-08-24 12:43:12 - [TEST_STEP][PASSED] - M4_spin_transaction_id = causality: null

2019-08-24 12:43:12 - [TEST_STEP][PASSED] - M4_spin_transaction_id = M4_spin_transaction_id: null

2019-08-24 12:43:12 - [TEST_STEP][PASSED] - M4_spin_round_id = round_id: null

2019-08-24 12:43:12 - [TEST_STEP][PASSED] - M4_spin_round_id = M4_spin_round_id: null

2019-08-24 12:43:12 - [TEST_STEP][PASSED] - M4_spin_line_wins = line_wins: null

2019-08-24 12:43:12 - [TEST_STEP][PASSED] - M4_spin_line_wins = M4_spin_line_wins: null

2019-08-24 12:43:12 - [TEST_STEP][PASSED] - M4_total_bonus_spins_int = total_bonus_spins: null

2019-08-24 12:43:12 - [TEST_STEP][PASSED] - println("******M4_total_bonus_spins type is:*******" + newline + getClass().getName()): null

2019-08-24 12:43:12 - [TEST_STEP][PASSED] - M4_total_bonus_spins_int = M4_total_bonus_spins_int: null

2019-08-24 12:43:12 - [TEST_STEP][PASSED] - M4_total_bonus_spins = Integer.toString(M4_total_bonus_spins_int): null

2019-08-24 12:43:12 - [TEST_STEP][PASSED] - M4_total_bonus_spins = M4_total_bonus_spins: null

2019-08-24 12:43:12 - [TEST_STEP][PASSED] - println("M4_total_bonus_spins is:" + M4_total_bonus_spins): null

2019-08-24 12:43:12 - [TEST_STEP][PASSED] - M4_spin_bonus_data = bonus_data: null

2019-08-24 12:43:12 - [TEST_STEP][PASSED] - M4_spin_features_triggered = result_M4_spin: null

2019-08-24 12:43:12 - [TEST_STEP][PASSED] - wild = []: null

2019-08-24 12:43:12 - [TEST_STEP][PASSED] - wild[0] = "WILD_Expanding": null

2019-08-24 12:43:12 - [TEST_STEP][PASSED] - wild[1] = "WILD_Normal": null

2019-08-24 12:43:12 - [TEST_STEP][PASSED] - wild[2] = "WILD_Double": null

2019-08-24 12:43:12 - [TEST_STEP][PASSED] - wild[3] = "WILD_ExtraFG": null

2019-08-24 12:43:12 - [TEST_STEP][PASSED] - wild[4] = "WILD_Triple": null

2019-08-24 12:43:12 - [TEST_STEP][PASSED] - wildList = Arrays.asList(wild): null

2019-08-24 12:43:12 - [TEST_STEP][PASSED] - wildList = wildList: null

2019-08-24 12:43:12 - [TEST_STEP][PASSED] - free_spin_reel_counter = []: null

2019-08-24 12:43:12 - [TEST_STEP][PASSED] - free_spin_reel_counter[0] = 0: null

2019-08-24 12:43:12 - [TEST_STEP][PASSED] - free_spin_reel_counter[1] = 0: null

2019-08-24 12:43:12 - [TEST_STEP][PASSED] - free_spin_reel_counter[2] = 0: null

2019-08-24 12:43:12 - [TEST_STEP][PASSED] - M4_spin_reels = reels: null

2019-08-24 12:43:12 - [TEST_STEP][PASSED] - for ([i = 0, i &lt; M4_spin_reels.size(), (i++)]): null

2019-08-24 12:43:12 - [TEST_STEP][PASSED] - symbols = symbols: null

2019-08-24 12:43:12 - [TEST_STEP][PASSED] - for ([j = 0, j &lt; symbols.size(), (j++)]): null

2019-08-24 12:43:12 - [TEST_STEP][PASSED] - symbol = symbol: null

2019-08-24 12:43:12 - [TEST_STEP][PASSED] - println(symbol): null

2019-08-24 12:43:12 - [TEST_STEP][PASSED] - if (i == 2 &amp;&amp; wildList.indexOf(symbol) != -1): null

2019-08-24 12:43:12 - [TEST_STEP][PASSED] - if (i == 3 &amp;&amp; wildList.indexOf(symbol) != -1): null

2019-08-24 12:43:12 - [TEST_STEP][PASSED] - if (i == 4 &amp;&amp; wildList.indexOf(symbol) != -1): null

2019-08-24 12:43:12 - [TEST_STEP][PASSED] - symbol = symbol: null

2019-08-24 12:43:12 - [TEST_STEP][PASSED] - println(symbol): null

2019-08-24 12:43:12 - [TEST_STEP][PASSED] - if (i == 2 &amp;&amp; wildList.indexOf(symbol) != -1): null

2019-08-24 12:43:12 - [TEST_STEP][PASSED] - if (i == 3 &amp;&amp; wildList.indexOf(symbol) != -1): null

2019-08-24 12:43:12 - [TEST_STEP][PASSED] - if (i == 4 &amp;&amp; wildList.indexOf(symbol) != -1): null

2019-08-24 12:43:12 - [TEST_STEP][PASSED] - symbol = symbol: null

2019-08-24 12:43:12 - [TEST_STEP][PASSED] - println(symbol): null

2019-08-24 12:43:12 - [TEST_STEP][PASSED] - if (i == 2 &amp;&amp; wildList.indexOf(symbol) != -1): null

2019-08-24 12:43:12 - [TEST_STEP][PASSED] - if (i == 3 &amp;&amp; wildList.indexOf(symbol) != -1): null

2019-08-24 12:43:12 - [TEST_STEP][PASSED] - if (i == 4 &amp;&amp; wildList.indexOf(symbol) != -1): null

2019-08-24 12:43:12 - [TEST_STEP][PASSED] - symbols = symbols: null

2019-08-24 12:43:12 - [TEST_STEP][PASSED] - for ([j = 0, j &lt; symbols.size(), (j++)]): null

2019-08-24 12:43:12 - [TEST_STEP][PASSED] - symbol = symbol: null

2019-08-24 12:43:12 - [TEST_STEP][PASSED] - println(symbol): null

2019-08-24 12:43:12 - [TEST_STEP][PASSED] - if (i == 2 &amp;&amp; wildList.indexOf(symbol) != -1): null

2019-08-24 12:43:12 - [TEST_STEP][PASSED] - if (i == 3 &amp;&amp; wildList.indexOf(symbol) != -1): null

2019-08-24 12:43:12 - [TEST_STEP][PASSED] - if (i == 4 &amp;&amp; wildList.indexOf(symbol) != -1): null

2019-08-24 12:43:12 - [TEST_STEP][PASSED] - symbol = symbol: null

2019-08-24 12:43:12 - [TEST_STEP][PASSED] - println(symbol): null

2019-08-24 12:43:12 - [TEST_STEP][PASSED] - if (i == 2 &amp;&amp; wildList.indexOf(symbol) != -1): null

2019-08-24 12:43:12 - [TEST_STEP][PASSED] - if (i == 3 &amp;&amp; wildList.indexOf(symbol) != -1): null

2019-08-24 12:43:12 - [TEST_STEP][PASSED] - if (i == 4 &amp;&amp; wildList.indexOf(symbol) != -1): null

2019-08-24 12:43:12 - [TEST_STEP][PASSED] - symbol = symbol: null

2019-08-24 12:43:12 - [TEST_STEP][PASSED] - println(symbol): null

2019-08-24 12:43:12 - [TEST_STEP][PASSED] - if (i == 2 &amp;&amp; wildList.indexOf(symbol) != -1): null

2019-08-24 12:43:12 - [TEST_STEP][PASSED] - if (i == 3 &amp;&amp; wildList.indexOf(symbol) != -1): null

2019-08-24 12:43:12 - [TEST_STEP][PASSED] - if (i == 4 &amp;&amp; wildList.indexOf(symbol) != -1): null

2019-08-24 12:43:12 - [TEST_STEP][PASSED] - symbols = symbols: null

2019-08-24 12:43:12 - [TEST_STEP][PASSED] - for ([j = 0, j &lt; symbols.size(), (j++)]): null

2019-08-24 12:43:12 - [TEST_STEP][PASSED] - symbol = symbol: null

2019-08-24 12:43:12 - [TEST_STEP][PASSED] - println(symbol): null

2019-08-24 12:43:12 - [TEST_STEP][PASSED] - if (i == 2 &amp;&amp; wildList.indexOf(symbol) != -1): null

2019-08-24 12:43:12 - [TEST_STEP][PASSED] - if (i == 3 &amp;&amp; wildList.indexOf(symbol) != -1): null

2019-08-24 12:43:12 - [TEST_STEP][PASSED] - if (i == 4 &amp;&amp; wildList.indexOf(symbol) != -1): null

2019-08-24 12:43:12 - [TEST_STEP][PASSED] - symbol = symbol: null

2019-08-24 12:43:12 - [TEST_STEP][PASSED] - println(symbol): null

2019-08-24 12:43:12 - [TEST_STEP][PASSED] - if (i == 2 &amp;&amp; wildList.indexOf(symbol) != -1): null

2019-08-24 12:43:12 - [TEST_STEP][PASSED] - if (i == 3 &amp;&amp; wildList.indexOf(symbol) != -1): null

2019-08-24 12:43:12 - [TEST_STEP][PASSED] - if (i == 4 &amp;&amp; wildList.indexOf(symbol) != -1): null

2019-08-24 12:43:12 - [TEST_STEP][PASSED] - symbol = symbol: null

2019-08-24 12:43:12 - [TEST_STEP][PASSED] - println(symbol): null

2019-08-24 12:43:12 - [TEST_STEP][PASSED] - if (i == 2 &amp;&amp; wildList.indexOf(symbol) != -1): null

2019-08-24 12:43:12 - [TEST_STEP][PASSED] - if (i == 3 &amp;&amp; wildList.indexOf(symbol) != -1): null

2019-08-24 12:43:12 - [TEST_STEP][PASSED] - if (i == 4 &amp;&amp; wildList.indexOf(symbol) != -1): null

2019-08-24 12:43:12 - [TEST_STEP][PASSED] - symbols = symbols: null

2019-08-24 12:43:12 - [TEST_STEP][PASSED] - for ([j = 0, j &lt; symbols.size(), (j++)]): null

2019-08-24 12:43:12 - [TEST_STEP][PASSED] - symbol = symbol: null

2019-08-24 12:43:12 - [TEST_STEP][PASSED] - println(symbol): null

2019-08-24 12:43:12 - [TEST_STEP][PASSED] - if (i == 2 &amp;&amp; wildList.indexOf(symbol) != -1): null

2019-08-24 12:43:12 - [TEST_STEP][PASSED] - if (i == 3 &amp;&amp; wildList.indexOf(symbol) != -1): null

2019-08-24 12:43:12 - [TEST_STEP][PASSED] - if (i == 4 &amp;&amp; wildList.indexOf(symbol) != -1): null

2019-08-24 12:43:12 - [TEST_STEP][PASSED] - symbol = symbol: null

2019-08-24 12:43:12 - [TEST_STEP][PASSED] - println(symbol): null

2019-08-24 12:43:12 - [TEST_STEP][PASSED] - if (i == 2 &amp;&amp; wildList.indexOf(symbol) != -1): null

2019-08-24 12:43:12 - [TEST_STEP][PASSED] - if (i == 3 &amp;&amp; wildList.indexOf(symbol) != -1): null

2019-08-24 12:43:12 - [TEST_STEP][PASSED] - if (i == 4 &amp;&amp; wildList.indexOf(symbol) != -1): null

2019-08-24 12:43:12 - [TEST_STEP][PASSED] - symbol = symbol: null

2019-08-24 12:43:12 - [TEST_STEP][PASSED] - println(symbol): null

2019-08-24 12:43:12 - [TEST_STEP][PASSED] - if (i == 2 &amp;&amp; wildList.indexOf(symbol) != -1): null

2019-08-24 12:43:12 - [TEST_STEP][PASSED] - if (i == 3 &amp;&amp; wildList.indexOf(symbol) != -1): null

2019-08-24 12:43:12 - [TEST_STEP][PASSED] - if (i == 4 &amp;&amp; wildList.indexOf(symbol) != -1): null

2019-08-24 12:43:12 - [TEST_STEP][PASSED] - symbols = symbols: null

2019-08-24 12:43:12 - [TEST_STEP][PASSED] - for ([j = 0, j &lt; symbols.size(), (j++)]): null

2019-08-24 12:43:12 - [TEST_STEP][PASSED] - symbol = symbol: null

2019-08-24 12:43:12 - [TEST_STEP][PASSED] - println(symbol): null

2019-08-24 12:43:12 - [TEST_STEP][PASSED] - if (i == 2 &amp;&amp; wildList.indexOf(symbol) != -1): null

2019-08-24 12:43:12 - [TEST_STEP][PASSED] - if (i == 3 &amp;&amp; wildList.indexOf(symbol) != -1): null

2019-08-24 12:43:12 - [TEST_STEP][PASSED] - if (i == 4 &amp;&amp; wildList.indexOf(symbol) != -1): null

2019-08-24 12:43:12 - [TEST_STEP][PASSED] - symbol = symbol: null

2019-08-24 12:43:12 - [TEST_STEP][PASSED] - println(symbol): null

2019-08-24 12:43:12 - [TEST_STEP][PASSED] - if (i == 2 &amp;&amp; wildList.indexOf(symbol) != -1): null

2019-08-24 12:43:12 - [TEST_STEP][PASSED] - if (i == 3 &amp;&amp; wildList.indexOf(symbol) != -1): null

2019-08-24 12:43:12 - [TEST_STEP][PASSED] - if (i == 4 &amp;&amp; wildList.indexOf(symbol) != -1): null

2019-08-24 12:43:12 - [TEST_STEP][PASSED] - symbol = symbol: null

2019-08-24 12:43:12 - [TEST_STEP][PASSED] - println(symbol): null

2019-08-24 12:43:12 - [TEST_STEP][PASSED] - if (i == 2 &amp;&amp; wildList.indexOf(symbol) != -1): null

2019-08-24 12:43:12 - [TEST_STEP][PASSED] - if (i == 3 &amp;&amp; wildList.indexOf(symbol) != -1): null

2019-08-24 12:43:12 - [TEST_STEP][PASSED] - if (i == 4 &amp;&amp; wildList.indexOf(symbol) != -1): null

2019-08-24 12:43:12 - [TEST_STEP][PASSED] - free_spin_reel_counter = free_spin_reel_counter: null

2019-08-24 12:43:12 - [TEST_STEP][PASSED] - println("reel 3 wild found: " + free_spin_reel_counter[0]): null

2019-08-24 12:43:12 - [TEST_STEP][PASSED] - println("reel 4 wild found: " + free_spin_reel_counter[1]): null

2019-08-24 12:43:12 - [TEST_STEP][PASSED] - println("reel 5 wild found: " + free_spin_reel_counter[2]): null

2019-08-24 12:43:12 - [TEST_STEP][PASSED] - M4_spin_reels = M4_spin_reels: null

2019-08-24 12:43:12 - [TEST_STEP][PASSED] - M4_spin_reels_symbols = symbol: null

2019-08-24 12:43:18 - [TEST_STEP][PASSED] - M4_spin_reels_symbols = M4_spin_reels_symbols: null

2019-08-24 12:43:18 - [TEST_STEP][PASSED] - M4_spin_reel_wins = reel_wins: null

2019-08-24 12:43:18 - [TEST_STEP][PASSED] - M4_spin_reel_wins = M4_spin_reel_wins: null

2019-08-24 12:43:18 - [TEST_STEP][PASSED] - println("GlobalVariable.M4_spin_reel_wins is: " + M4_spin_reel_wins): null

2019-08-24 12:43:18 - [TEST_STEP][PASSED] - M4_spin_total_bonus_win_this_round = total_bonus_win_this_round: null

2019-08-24 12:43:18 - [TEST_STEP][PASSED] - M4_spin_total_bonus_win_this_round = M4_spin_total_bonus_win_this_round: null

2019-08-24 12:43:18 - [TEST_STEP][PASSED] - println("GlobalVariable.M4_spin_total_bonus_win_this_round is: " + M4_spin_total_bonus_win_this_round): null

2019-08-24 12:43:18 - [TEST_STEP][PASSED] - M4_spin_bonus_spin_result = spin_result: null

2019-08-24 12:43:18 - [TEST_STEP][PASSED] - M4_spin_bonus_spin_result = M4_spin_bonus_spin_result: null

2019-08-24 12:43:18 - [MESSAGE][PASSED] - Verify response successfully

2019-08-24 12:43:18 - [MESSAGE][PASSED] - Send request and verify the response successfully

2019-08-24 12:43:18 - [TEST_STEP][PASSED] - if (M4_total_bonus_spins_int != 0 &amp;&amp; M4_spin_reels_symbols[2].contains("WILD_Double") || M4_spin_reels_symbols[4].contains("WILD_Triple")): null

2019-08-24 12:43:18 - [TEST_STEP][PASSED] - free_spin_reel_counter = free_spin_reel_counter: null

2019-08-24 12:43:18 - [TEST_STEP][PASSED] - M4_spin_reels_symbols = M4_spin_reels_symbols: null

2019-08-24 12:43:18 - [TEST_STEP][PASSED] - M4_total_bonus_spins = M4_total_bonus_spins: null

2019-08-24 12:43:18 - [TEST_STEP][PASSED] - spin_result = sendRequestAndVerify(findTestObject("INT/RGS(M4)/1_M4_spin", ["M4_login_user_id":M4_login_user_id, "rgs_session_token":rgs_session_token, "partner":Partner])): Send request and verify the response successfully

2019-08-24 12:43:19 - [MESSAGE][INFO] - HAR: /Users/eiralee/Katalon_Script/SuperWild/Reports/20190824_124242/INT/superWild_4/20190824_124242/requests/main/12.har

2019-08-24 12:43:19 - [TEST_CASE][PASSED] - Start Test Case : Verification: Verification accomplished successfully

2019-08-24 12:43:19 - [TEST_STEP][PASSED] - request = getInstance().getCurrentRequest(): null

2019-08-24 12:43:19 - [TEST_STEP][PASSED] - response = getInstance().getCurrentResponse(): null

2019-08-24 12:43:19 - [TEST_STEP][PASSED] - verifyResponseStatusCode(response, 200): Verify response status code successfully

2019-08-24 12:43:19 - [MESSAGE][PASSED] - Verify response status code successfully

2019-08-24 12:43:19 - [TEST_STEP][PASSED] - getStatusCode()).isEqualTo(200): null

2019-08-24 12:43:19 - [TEST_STEP][PASSED] - newline = System.getProperty("line.separator"): null

2019-08-24 12:43:19 - [TEST_STEP][PASSED] - M4_spin = new groovy.json.JsonSlurper(): null

2019-08-24 12:43:19 - [TEST_STEP][PASSED] - result_M4_spin = M4_spin.parseText(response.getResponseBodyContent()): null

2019-08-24 12:43:19 - [TEST_STEP][PASSED] - M4_spin_current_balance = current_balance: null

2019-08-24 12:43:19 - [TEST_STEP][PASSED] - M4_spin_current_balance = M4_spin_current_balance: null

2019-08-24 12:43:19 - [TEST_STEP][PASSED] - M4_spin_transaction_id = causality: null

2019-08-24 12:43:19 - [TEST_STEP][PASSED] - M4_spin_transaction_id = M4_spin_transaction_id: null

2019-08-24 12:43:19 - [TEST_STEP][PASSED] - M4_spin_round_id = round_id: null

2019-08-24 12:43:19 - [TEST_STEP][PASSED] - M4_spin_round_id = M4_spin_round_id: null

2019-08-24 12:43:19 - [TEST_STEP][PASSED] - M4_spin_line_wins = line_wins: null

2019-08-24 12:43:19 - [TEST_STEP][PASSED] - M4_spin_line_wins = M4_spin_line_wins: null

2019-08-24 12:43:19 - [TEST_STEP][PASSED] - M4_total_bonus_spins_int = total_bonus_spins: null

2019-08-24 12:43:19 - [TEST_STEP][PASSED] - println("******M4_total_bonus_spins type is:*******" + newline + getClass().getName()): null

2019-08-24 12:43:19 - [TEST_STEP][PASSED] - M4_total_bonus_spins_int = M4_total_bonus_spins_int: null

2019-08-24 12:43:19 - [TEST_STEP][PASSED] - M4_total_bonus_spins = Integer.toString(M4_total_bonus_spins_int): null

2019-08-24 12:43:19 - [TEST_STEP][PASSED] - M4_total_bonus_spins = M4_total_bonus_spins: null

2019-08-24 12:43:19 - [TEST_STEP][PASSED] - println("M4_total_bonus_spins is:" + M4_total_bonus_spins): null

2019-08-24 12:43:19 - [TEST_STEP][PASSED] - M4_spin_bonus_data = bonus_data: null

2019-08-24 12:43:19 - [TEST_STEP][PASSED] - M4_spin_features_triggered = result_M4_spin: null

2019-08-24 12:43:19 - [TEST_STEP][PASSED] - wild = []: null

2019-08-24 12:43:19 - [TEST_STEP][PASSED] - wild[0] = "WILD_Expanding": null

2019-08-24 12:43:19 - [TEST_STEP][PASSED] - wild[1] = "WILD_Normal": null

2019-08-24 12:43:19 - [TEST_STEP][PASSED] - wild[2] = "WILD_Double": null

2019-08-24 12:43:19 - [TEST_STEP][PASSED] - wild[3] = "WILD_ExtraFG": null

2019-08-24 12:43:19 - [TEST_STEP][PASSED] - wild[4] = "WILD_Triple": null

2019-08-24 12:43:19 - [TEST_STEP][PASSED] - wildList = Arrays.asList(wild): null

2019-08-24 12:43:19 - [TEST_STEP][PASSED] - wildList = wildList: null

2019-08-24 12:43:19 - [TEST_STEP][PASSED] - free_spin_reel_counter = []: null

2019-08-24 12:43:19 - [TEST_STEP][PASSED] - free_spin_reel_counter[0] = 0: null

2019-08-24 12:43:19 - [TEST_STEP][PASSED] - free_spin_reel_counter[1] = 0: null

2019-08-24 12:43:19 - [TEST_STEP][PASSED] - free_spin_reel_counter[2] = 0: null

2019-08-24 12:43:19 - [TEST_STEP][PASSED] - M4_spin_reels = reels: null

2019-08-24 12:43:19 - [TEST_STEP][PASSED] - for ([i = 0, i &lt; M4_spin_reels.size(), (i++)]): null

2019-08-24 12:43:19 - [TEST_STEP][PASSED] - symbols = symbols: null

2019-08-24 12:43:19 - [TEST_STEP][PASSED] - for ([j = 0, j &lt; symbols.size(), (j++)]): null

2019-08-24 12:43:19 - [TEST_STEP][PASSED] - symbol = symbol: null

2019-08-24 12:43:19 - [TEST_STEP][PASSED] - println(symbol): null

2019-08-24 12:43:19 - [TEST_STEP][PASSED] - if (i == 2 &amp;&amp; wildList.indexOf(symbol) != -1): null

2019-08-24 12:43:19 - [TEST_STEP][PASSED] - if (i == 3 &amp;&amp; wildList.indexOf(symbol) != -1): null

2019-08-24 12:43:19 - [TEST_STEP][PASSED] - if (i == 4 &amp;&amp; wildList.indexOf(symbol) != -1): null

2019-08-24 12:43:19 - [TEST_STEP][PASSED] - symbol = symbol: null

2019-08-24 12:43:19 - [TEST_STEP][PASSED] - println(symbol): null

2019-08-24 12:43:19 - [TEST_STEP][PASSED] - if (i == 2 &amp;&amp; wildList.indexOf(symbol) != -1): null

2019-08-24 12:43:19 - [TEST_STEP][PASSED] - if (i == 3 &amp;&amp; wildList.indexOf(symbol) != -1): null

2019-08-24 12:43:19 - [TEST_STEP][PASSED] - if (i == 4 &amp;&amp; wildList.indexOf(symbol) != -1): null

2019-08-24 12:43:19 - [TEST_STEP][PASSED] - symbol = symbol: null

2019-08-24 12:43:19 - [TEST_STEP][PASSED] - println(symbol): null

2019-08-24 12:43:19 - [TEST_STEP][PASSED] - if (i == 2 &amp;&amp; wildList.indexOf(symbol) != -1): null

2019-08-24 12:43:19 - [TEST_STEP][PASSED] - if (i == 3 &amp;&amp; wildList.indexOf(symbol) != -1): null

2019-08-24 12:43:19 - [TEST_STEP][PASSED] - if (i == 4 &amp;&amp; wildList.indexOf(symbol) != -1): null

2019-08-24 12:43:19 - [TEST_STEP][PASSED] - symbols = symbols: null

2019-08-24 12:43:19 - [TEST_STEP][PASSED] - for ([j = 0, j &lt; symbols.size(), (j++)]): null

2019-08-24 12:43:19 - [TEST_STEP][PASSED] - symbol = symbol: null

2019-08-24 12:43:19 - [TEST_STEP][PASSED] - println(symbol): null

2019-08-24 12:43:19 - [TEST_STEP][PASSED] - if (i == 2 &amp;&amp; wildList.indexOf(symbol) != -1): null

2019-08-24 12:43:19 - [TEST_STEP][PASSED] - if (i == 3 &amp;&amp; wildList.indexOf(symbol) != -1): null

2019-08-24 12:43:19 - [TEST_STEP][PASSED] - if (i == 4 &amp;&amp; wildList.indexOf(symbol) != -1): null

2019-08-24 12:43:19 - [TEST_STEP][PASSED] - symbol = symbol: null

2019-08-24 12:43:19 - [TEST_STEP][PASSED] - println(symbol): null

2019-08-24 12:43:19 - [TEST_STEP][PASSED] - if (i == 2 &amp;&amp; wildList.indexOf(symbol) != -1): null

2019-08-24 12:43:19 - [TEST_STEP][PASSED] - if (i == 3 &amp;&amp; wildList.indexOf(symbol) != -1): null

2019-08-24 12:43:19 - [TEST_STEP][PASSED] - if (i == 4 &amp;&amp; wildList.indexOf(symbol) != -1): null

2019-08-24 12:43:19 - [TEST_STEP][PASSED] - symbol = symbol: null

2019-08-24 12:43:19 - [TEST_STEP][PASSED] - println(symbol): null

2019-08-24 12:43:19 - [TEST_STEP][PASSED] - if (i == 2 &amp;&amp; wildList.indexOf(symbol) != -1): null

2019-08-24 12:43:19 - [TEST_STEP][PASSED] - if (i == 3 &amp;&amp; wildList.indexOf(symbol) != -1): null

2019-08-24 12:43:19 - [TEST_STEP][PASSED] - if (i == 4 &amp;&amp; wildList.indexOf(symbol) != -1): null

2019-08-24 12:43:19 - [TEST_STEP][PASSED] - symbols = symbols: null

2019-08-24 12:43:19 - [TEST_STEP][PASSED] - for ([j = 0, j &lt; symbols.size(), (j++)]): null

2019-08-24 12:43:19 - [TEST_STEP][PASSED] - symbol = symbol: null

2019-08-24 12:43:19 - [TEST_STEP][PASSED] - println(symbol): null

2019-08-24 12:43:19 - [TEST_STEP][PASSED] - if (i == 2 &amp;&amp; wildList.indexOf(symbol) != -1): null

2019-08-24 12:43:19 - [TEST_STEP][PASSED] - println("wild found on reel 3, adding counter by 1"): null

2019-08-24 12:43:19 - [TEST_STEP][PASSED] - free_spin_reel_counter[0] = free_spin_reel_counter[0] + 1: null

2019-08-24 12:43:19 - [TEST_STEP][PASSED] - if (i == 3 &amp;&amp; wildList.indexOf(symbol) != -1): null

2019-08-24 12:43:19 - [TEST_STEP][PASSED] - if (i == 4 &amp;&amp; wildList.indexOf(symbol) != -1): null

2019-08-24 12:43:19 - [TEST_STEP][PASSED] - symbol = symbol: null

2019-08-24 12:43:19 - [TEST_STEP][PASSED] - println(symbol): null

2019-08-24 12:43:19 - [TEST_STEP][PASSED] - if (i == 2 &amp;&amp; wildList.indexOf(symbol) != -1): null

2019-08-24 12:43:19 - [TEST_STEP][PASSED] - if (i == 3 &amp;&amp; wildList.indexOf(symbol) != -1): null

2019-08-24 12:43:19 - [TEST_STEP][PASSED] - if (i == 4 &amp;&amp; wildList.indexOf(symbol) != -1): null

2019-08-24 12:43:19 - [TEST_STEP][PASSED] - symbol = symbol: null

2019-08-24 12:43:19 - [TEST_STEP][PASSED] - println(symbol): null

2019-08-24 12:43:19 - [TEST_STEP][PASSED] - if (i == 2 &amp;&amp; wildList.indexOf(symbol) != -1): null

2019-08-24 12:43:19 - [TEST_STEP][PASSED] - if (i == 3 &amp;&amp; wildList.indexOf(symbol) != -1): null

2019-08-24 12:43:19 - [TEST_STEP][PASSED] - if (i == 4 &amp;&amp; wildList.indexOf(symbol) != -1): null

2019-08-24 12:43:19 - [TEST_STEP][PASSED] - symbols = symbols: null

2019-08-24 12:43:19 - [TEST_STEP][PASSED] - for ([j = 0, j &lt; symbols.size(), (j++)]): null

2019-08-24 12:43:19 - [TEST_STEP][PASSED] - symbol = symbol: null

2019-08-24 12:43:19 - [TEST_STEP][PASSED] - println(symbol): null

2019-08-24 12:43:19 - [TEST_STEP][PASSED] - if (i == 2 &amp;&amp; wildList.indexOf(symbol) != -1): null

2019-08-24 12:43:19 - [TEST_STEP][PASSED] - if (i == 3 &amp;&amp; wildList.indexOf(symbol) != -1): null

2019-08-24 12:43:19 - [TEST_STEP][PASSED] - println("wild found on reel 4, adding counter by 1"): null

2019-08-24 12:43:19 - [TEST_STEP][PASSED] - free_spin_reel_counter[1] = free_spin_reel_counter[1] + 1: null

2019-08-24 12:43:19 - [TEST_STEP][PASSED] - if (i == 4 &amp;&amp; wildList.indexOf(symbol) != -1): null

2019-08-24 12:43:19 - [TEST_STEP][PASSED] - symbol = symbol: null

2019-08-24 12:43:19 - [TEST_STEP][PASSED] - println(symbol): null

2019-08-24 12:43:19 - [TEST_STEP][PASSED] - if (i == 2 &amp;&amp; wildList.indexOf(symbol) != -1): null

2019-08-24 12:43:19 - [TEST_STEP][PASSED] - if (i == 3 &amp;&amp; wildList.indexOf(symbol) != -1): null

2019-08-24 12:43:19 - [TEST_STEP][PASSED] - if (i == 4 &amp;&amp; wildList.indexOf(symbol) != -1): null

2019-08-24 12:43:19 - [TEST_STEP][PASSED] - symbol = symbol: null

2019-08-24 12:43:19 - [TEST_STEP][PASSED] - println(symbol): null

2019-08-24 12:43:19 - [TEST_STEP][PASSED] - if (i == 2 &amp;&amp; wildList.indexOf(symbol) != -1): null

2019-08-24 12:43:19 - [TEST_STEP][PASSED] - if (i == 3 &amp;&amp; wildList.indexOf(symbol) != -1): null

2019-08-24 12:43:19 - [TEST_STEP][PASSED] - if (i == 4 &amp;&amp; wildList.indexOf(symbol) != -1): null

2019-08-24 12:43:19 - [TEST_STEP][PASSED] - symbols = symbols: null

2019-08-24 12:43:19 - [TEST_STEP][PASSED] - for ([j = 0, j &lt; symbols.size(), (j++)]): null

2019-08-24 12:43:19 - [TEST_STEP][PASSED] - symbol = symbol: null

2019-08-24 12:43:19 - [TEST_STEP][PASSED] - println(symbol): null

2019-08-24 12:43:19 - [TEST_STEP][PASSED] - if (i == 2 &amp;&amp; wildList.indexOf(symbol) != -1): null

2019-08-24 12:43:19 - [TEST_STEP][PASSED] - if (i == 3 &amp;&amp; wildList.indexOf(symbol) != -1): null

2019-08-24 12:43:19 - [TEST_STEP][PASSED] - if (i == 4 &amp;&amp; wildList.indexOf(symbol) != -1): null

2019-08-24 12:43:19 - [TEST_STEP][PASSED] - symbol = symbol: null

2019-08-24 12:43:19 - [TEST_STEP][PASSED] - println(symbol): null

2019-08-24 12:43:19 - [TEST_STEP][PASSED] - if (i == 2 &amp;&amp; wildList.indexOf(symbol) != -1): null

2019-08-24 12:43:19 - [TEST_STEP][PASSED] - if (i == 3 &amp;&amp; wildList.indexOf(symbol) != -1): null

2019-08-24 12:43:19 - [TEST_STEP][PASSED] - if (i == 4 &amp;&amp; wildList.indexOf(symbol) != -1): null

2019-08-24 12:43:19 - [TEST_STEP][PASSED] - symbol = symbol: null

2019-08-24 12:43:19 - [TEST_STEP][PASSED] - println(symbol): null

2019-08-24 12:43:19 - [TEST_STEP][PASSED] - if (i == 2 &amp;&amp; wildList.indexOf(symbol) != -1): null

2019-08-24 12:43:19 - [TEST_STEP][PASSED] - if (i == 3 &amp;&amp; wildList.indexOf(symbol) != -1): null

2019-08-24 12:43:19 - [TEST_STEP][PASSED] - if (i == 4 &amp;&amp; wildList.indexOf(symbol) != -1): null

2019-08-24 12:43:19 - [TEST_STEP][PASSED] - free_spin_reel_counter = free_spin_reel_counter: null

2019-08-24 12:43:19 - [TEST_STEP][PASSED] - println("reel 3 wild found: " + free_spin_reel_counter[0]): null

2019-08-24 12:43:19 - [TEST_STEP][PASSED] - println("reel 4 wild found: " + free_spin_reel_counter[1]): null

2019-08-24 12:43:19 - [TEST_STEP][PASSED] - println("reel 5 wild found: " + free_spin_reel_counter[2]): null

2019-08-24 12:43:19 - [TEST_STEP][PASSED] - M4_spin_reels = M4_spin_reels: null

2019-08-24 12:43:19 - [TEST_STEP][PASSED] - M4_spin_reels_symbols = symbol: null

2019-08-24 12:43:19 - [TEST_STEP][PASSED] - M4_spin_reels_symbols = M4_spin_reels_symbols: null

2019-08-24 12:43:19 - [TEST_STEP][PASSED] - M4_spin_reel_wins = reel_wins: null

2019-08-24 12:43:19 - [TEST_STEP][PASSED] - M4_spin_reel_wins = M4_spin_reel_wins: null

2019-08-24 12:43:19 - [TEST_STEP][PASSED] - println("GlobalVariable.M4_spin_reel_wins is: " + M4_spin_reel_wins): null

2019-08-24 12:43:19 - [TEST_STEP][PASSED] - M4_spin_total_bonus_win_this_round = total_bonus_win_this_round: null

2019-08-24 12:43:19 - [TEST_STEP][PASSED] - M4_spin_total_bonus_win_this_round = M4_spin_total_bonus_win_this_round: null

2019-08-24 12:43:19 - [TEST_STEP][PASSED] - println("GlobalVariable.M4_spin_total_bonus_win_this_round is: " + M4_spin_total_bonus_win_this_round): null

2019-08-24 12:43:19 - [TEST_STEP][PASSED] - M4_spin_bonus_spin_result = spin_result: null

2019-08-24 12:43:19 - [TEST_STEP][PASSED] - M4_spin_bonus_spin_result = M4_spin_bonus_spin_result: null

2019-08-24 12:43:19 - [MESSAGE][PASSED] - Verify response successfully

2019-08-24 12:43:19 - [MESSAGE][PASSED] - Send request and verify the response successfully

2019-08-24 12:43:19 - [TEST_STEP][PASSED] - if (M4_total_bonus_spins_int != 0 &amp;&amp; M4_spin_reels_symbols[2].contains("WILD_Double") || M4_spin_reels_symbols[4].contains("WILD_Triple")): null

2019-08-24 12:43:19 - [TEST_STEP][PASSED] - free_spin_reel_counter = free_spin_reel_counter: null

2019-08-24 12:43:19 - [TEST_STEP][PASSED] - M4_spin_reels_symbols = M4_spin_reels_symbols: null

2019-08-24 12:43:19 - [TEST_STEP][PASSED] - M4_total_bonus_spins = M4_total_bonus_spins: null

2019-08-24 12:43:19 - [TEST_STEP][PASSED] - spin_result = sendRequestAndVerify(findTestObject("INT/RGS(M4)/1_M4_spin", ["M4_login_user_id":M4_login_user_id, "rgs_session_token":rgs_session_token, "partner":Partner])): Send request and verify the response successfully

2019-08-24 12:43:19 - [MESSAGE][INFO] - HAR: /Users/eiralee/Katalon_Script/SuperWild/Reports/20190824_124242/INT/superWild_4/20190824_124242/requests/main/13.har

2019-08-24 12:43:19 - [TEST_CASE][PASSED] - Start Test Case : Verification: Verification accomplished successfully

2019-08-24 12:43:19 - [TEST_STEP][PASSED] - request = getInstance().getCurrentRequest(): null

2019-08-24 12:43:19 - [TEST_STEP][PASSED] - response = getInstance().getCurrentResponse(): null

2019-08-24 12:43:19 - [TEST_STEP][PASSED] - verifyResponseStatusCode(response, 200): Verify response status code successfully

2019-08-24 12:43:19 - [MESSAGE][PASSED] - Verify response status code successfully

2019-08-24 12:43:19 - [TEST_STEP][PASSED] - getStatusCode()).isEqualTo(200): null

2019-08-24 12:43:19 - [TEST_STEP][PASSED] - newline = System.getProperty("line.separator"): null

2019-08-24 12:43:19 - [TEST_STEP][PASSED] - M4_spin = new groovy.json.JsonSlurper(): null

2019-08-24 12:43:19 - [TEST_STEP][PASSED] - result_M4_spin = M4_spin.parseText(response.getResponseBodyContent()): null

2019-08-24 12:43:19 - [TEST_STEP][PASSED] - M4_spin_current_balance = current_balance: null

2019-08-24 12:43:19 - [TEST_STEP][PASSED] - M4_spin_current_balance = M4_spin_current_balance: null

2019-08-24 12:43:19 - [TEST_STEP][PASSED] - M4_spin_transaction_id = causality: null

2019-08-24 12:43:19 - [TEST_STEP][PASSED] - M4_spin_transaction_id = M4_spin_transaction_id: null

2019-08-24 12:43:19 - [TEST_STEP][PASSED] - M4_spin_round_id = round_id: null

2019-08-24 12:43:19 - [TEST_STEP][PASSED] - M4_spin_round_id = M4_spin_round_id: null

2019-08-24 12:43:19 - [TEST_STEP][PASSED] - M4_spin_line_wins = line_wins: null

2019-08-24 12:43:19 - [TEST_STEP][PASSED] - M4_spin_line_wins = M4_spin_line_wins: null

2019-08-24 12:43:19 - [TEST_STEP][PASSED] - M4_total_bonus_spins_int = total_bonus_spins: null

2019-08-24 12:43:19 - [TEST_STEP][PASSED] - println("******M4_total_bonus_spins type is:*******" + newline + getClass().getName()): null

2019-08-24 12:43:19 - [TEST_STEP][PASSED] - M4_total_bonus_spins_int = M4_total_bonus_spins_int: null

2019-08-24 12:43:19 - [TEST_STEP][PASSED] - M4_total_bonus_spins = Integer.toString(M4_total_bonus_spins_int): null

2019-08-24 12:43:19 - [TEST_STEP][PASSED] - M4_total_bonus_spins = M4_total_bonus_spins: null

2019-08-24 12:43:19 - [TEST_STEP][PASSED] - println("M4_total_bonus_spins is:" + M4_total_bonus_spins): null

2019-08-24 12:43:19 - [TEST_STEP][PASSED] - M4_spin_bonus_data = bonus_data: null

2019-08-24 12:43:19 - [TEST_STEP][PASSED] - M4_spin_features_triggered = result_M4_spin: null

2019-08-24 12:43:19 - [TEST_STEP][PASSED] - wild = []: null

2019-08-24 12:43:19 - [TEST_STEP][PASSED] - wild[0] = "WILD_Expanding": null

2019-08-24 12:43:19 - [TEST_STEP][PASSED] - wild[1] = "WILD_Normal": null

2019-08-24 12:43:19 - [TEST_STEP][PASSED] - wild[2] = "WILD_Double": null

2019-08-24 12:43:19 - [TEST_STEP][PASSED] - wild[3] = "WILD_ExtraFG": null

2019-08-24 12:43:19 - [TEST_STEP][PASSED] - wild[4] = "WILD_Triple": null

2019-08-24 12:43:19 - [TEST_STEP][PASSED] - wildList = Arrays.asList(wild): null

2019-08-24 12:43:19 - [TEST_STEP][PASSED] - wildList = wildList: null

2019-08-24 12:43:19 - [TEST_STEP][PASSED] - free_spin_reel_counter = []: null

2019-08-24 12:43:19 - [TEST_STEP][PASSED] - free_spin_reel_counter[0] = 0: null

2019-08-24 12:43:19 - [TEST_STEP][PASSED] - free_spin_reel_counter[1] = 0: null

2019-08-24 12:43:19 - [TEST_STEP][PASSED] - free_spin_reel_counter[2] = 0: null

2019-08-24 12:43:19 - [TEST_STEP][PASSED] - M4_spin_reels = reels: null

2019-08-24 12:43:19 - [TEST_STEP][PASSED] - for ([i = 0, i &lt; M4_spin_reels.size(), (i++)]): null

2019-08-24 12:43:19 - [TEST_STEP][PASSED] - symbols = symbols: null

2019-08-24 12:43:19 - [TEST_STEP][PASSED] - for ([j = 0, j &lt; symbols.size(), (j++)]): null

2019-08-24 12:43:19 - [TEST_STEP][PASSED] - symbol = symbol: null

2019-08-24 12:43:19 - [TEST_STEP][PASSED] - println(symbol): null

2019-08-24 12:43:19 - [TEST_STEP][PASSED] - if (i == 2 &amp;&amp; wildList.indexOf(symbol) != -1): null

2019-08-24 12:43:19 - [TEST_STEP][PASSED] - if (i == 3 &amp;&amp; wildList.indexOf(symbol) != -1): null

2019-08-24 12:43:19 - [TEST_STEP][PASSED] - if (i == 4 &amp;&amp; wildList.indexOf(symbol) != -1): null

2019-08-24 12:43:19 - [TEST_STEP][PASSED] - symbol = symbol: null

2019-08-24 12:43:19 - [TEST_STEP][PASSED] - println(symbol): null

2019-08-24 12:43:19 - [TEST_STEP][PASSED] - if (i == 2 &amp;&amp; wildList.indexOf(symbol) != -1): null

2019-08-24 12:43:19 - [TEST_STEP][PASSED] - if (i == 3 &amp;&amp; wildList.indexOf(symbol) != -1): null

2019-08-24 12:43:19 - [TEST_STEP][PASSED] - if (i == 4 &amp;&amp; wildList.indexOf(symbol) != -1): null

2019-08-24 12:43:19 - [TEST_STEP][PASSED] - symbol = symbol: null

2019-08-24 12:43:19 - [TEST_STEP][PASSED] - println(symbol): null

2019-08-24 12:43:19 - [TEST_STEP][PASSED] - if (i == 2 &amp;&amp; wildList.indexOf(symbol) != -1): null

2019-08-24 12:43:19 - [TEST_STEP][PASSED] - if (i == 3 &amp;&amp; wildList.indexOf(symbol) != -1): null

2019-08-24 12:43:19 - [TEST_STEP][PASSED] - if (i == 4 &amp;&amp; wildList.indexOf(symbol) != -1): null

2019-08-24 12:43:19 - [TEST_STEP][PASSED] - symbols = symbols: null

2019-08-24 12:43:19 - [TEST_STEP][PASSED] - for ([j = 0, j &lt; symbols.size(), (j++)]): null

2019-08-24 12:43:19 - [TEST_STEP][PASSED] - symbol = symbol: null

2019-08-24 12:43:19 - [TEST_STEP][PASSED] - println(symbol): null

2019-08-24 12:43:19 - [TEST_STEP][PASSED] - if (i == 2 &amp;&amp; wildList.indexOf(symbol) != -1): null

2019-08-24 12:43:19 - [TEST_STEP][PASSED] - if (i == 3 &amp;&amp; wildList.indexOf(symbol) != -1): null

2019-08-24 12:43:19 - [TEST_STEP][PASSED] - if (i == 4 &amp;&amp; wildList.indexOf(symbol) != -1): null

2019-08-24 12:43:19 - [TEST_STEP][PASSED] - symbol = symbol: null

2019-08-24 12:43:19 - [TEST_STEP][PASSED] - println(symbol): null

2019-08-24 12:43:19 - [TEST_STEP][PASSED] - if (i == 2 &amp;&amp; wildList.indexOf(symbol) != -1): null

2019-08-24 12:43:19 - [TEST_STEP][PASSED] - if (i == 3 &amp;&amp; wildList.indexOf(symbol) != -1): null

2019-08-24 12:43:19 - [TEST_STEP][PASSED] - if (i == 4 &amp;&amp; wildList.indexOf(symbol) != -1): null

2019-08-24 12:43:19 - [TEST_STEP][PASSED] - symbol = symbol: null

2019-08-24 12:43:19 - [TEST_STEP][PASSED] - println(symbol): null

2019-08-24 12:43:19 - [TEST_STEP][PASSED] - if (i == 2 &amp;&amp; wildList.indexOf(symbol) != -1): null

2019-08-24 12:43:19 - [TEST_STEP][PASSED] - if (i == 3 &amp;&amp; wildList.indexOf(symbol) != -1): null

2019-08-24 12:43:19 - [TEST_STEP][PASSED] - if (i == 4 &amp;&amp; wildList.indexOf(symbol) != -1): null

2019-08-24 12:43:19 - [TEST_STEP][PASSED] - symbols = symbols: null

2019-08-24 12:43:19 - [TEST_STEP][PASSED] - for ([j = 0, j &lt; symbols.size(), (j++)]): null

2019-08-24 12:43:19 - [TEST_STEP][PASSED] - symbol = symbol: null

2019-08-24 12:43:19 - [TEST_STEP][PASSED] - println(symbol): null

2019-08-24 12:43:19 - [TEST_STEP][PASSED] - if (i == 2 &amp;&amp; wildList.indexOf(symbol) != -1): null

2019-08-24 12:43:19 - [TEST_STEP][PASSED] - if (i == 3 &amp;&amp; wildList.indexOf(symbol) != -1): null

2019-08-24 12:43:19 - [TEST_STEP][PASSED] - if (i == 4 &amp;&amp; wildList.indexOf(symbol) != -1): null

2019-08-24 12:43:19 - [TEST_STEP][PASSED] - symbol = symbol: null

2019-08-24 12:43:19 - [TEST_STEP][PASSED] - println(symbol): null

2019-08-24 12:43:19 - [TEST_STEP][PASSED] - if (i == 2 &amp;&amp; wildList.indexOf(symbol) != -1): null

2019-08-24 12:43:19 - [TEST_STEP][PASSED] - if (i == 3 &amp;&amp; wildList.indexOf(symbol) != -1): null

2019-08-24 12:43:19 - [TEST_STEP][PASSED] - if (i == 4 &amp;&amp; wildList.indexOf(symbol) != -1): null

2019-08-24 12:43:19 - [TEST_STEP][PASSED] - symbol = symbol: null

2019-08-24 12:43:19 - [TEST_STEP][PASSED] - println(symbol): null

2019-08-24 12:43:19 - [TEST_STEP][PASSED] - if (i == 2 &amp;&amp; wildList.indexOf(symbol) != -1): null

2019-08-24 12:43:19 - [TEST_STEP][PASSED] - if (i == 3 &amp;&amp; wildList.indexOf(symbol) != -1): null

2019-08-24 12:43:19 - [TEST_STEP][PASSED] - if (i == 4 &amp;&amp; wildList.indexOf(symbol) != -1): null

2019-08-24 12:43:19 - [TEST_STEP][PASSED] - symbols = symbols: null

2019-08-24 12:43:19 - [TEST_STEP][PASSED] - for ([j = 0, j &lt; symbols.size(), (j++)]): null

2019-08-24 12:43:19 - [TEST_STEP][PASSED] - symbol = symbol: null

2019-08-24 12:43:19 - [TEST_STEP][PASSED] - println(symbol): null

2019-08-24 12:43:19 - [TEST_STEP][PASSED] - if (i == 2 &amp;&amp; wildList.indexOf(symbol) != -1): null

2019-08-24 12:43:19 - [TEST_STEP][PASSED] - if (i == 3 &amp;&amp; wildList.indexOf(symbol) != -1): null

2019-08-24 12:43:19 - [TEST_STEP][PASSED] - if (i == 4 &amp;&amp; wildList.indexOf(symbol) != -1): null

2019-08-24 12:43:19 - [TEST_STEP][PASSED] - symbol = symbol: null

2019-08-24 12:43:19 - [TEST_STEP][PASSED] - println(symbol): null

2019-08-24 12:43:19 - [TEST_STEP][PASSED] - if (i == 2 &amp;&amp; wildList.indexOf(symbol) != -1): null

2019-08-24 12:43:19 - [TEST_STEP][PASSED] - if (i == 3 &amp;&amp; wildList.indexOf(symbol) != -1): null

2019-08-24 12:43:19 - [TEST_STEP][PASSED] - if (i == 4 &amp;&amp; wildList.indexOf(symbol) != -1): null

2019-08-24 12:43:19 - [TEST_STEP][PASSED] - symbol = symbol: null

2019-08-24 12:43:19 - [TEST_STEP][PASSED] - println(symbol): null

2019-08-24 12:43:19 - [TEST_STEP][PASSED] - if (i == 2 &amp;&amp; wildList.indexOf(symbol) != -1): null

2019-08-24 12:43:19 - [TEST_STEP][PASSED] - if (i == 3 &amp;&amp; wildList.indexOf(symbol) != -1): null

2019-08-24 12:43:19 - [TEST_STEP][PASSED] - if (i == 4 &amp;&amp; wildList.indexOf(symbol) != -1): null

2019-08-24 12:43:19 - [TEST_STEP][PASSED] - symbols = symbols: null

2019-08-24 12:43:19 - [TEST_STEP][PASSED] - for ([j = 0, j &lt; symbols.size(), (j++)]): null

2019-08-24 12:43:19 - [TEST_STEP][PASSED] - symbol = symbol: null

2019-08-24 12:43:19 - [TEST_STEP][PASSED] - println(symbol): null

2019-08-24 12:43:19 - [TEST_STEP][PASSED] - if (i == 2 &amp;&amp; wildList.indexOf(symbol) != -1): null

2019-08-24 12:43:19 - [TEST_STEP][PASSED] - if (i == 3 &amp;&amp; wildList.indexOf(symbol) != -1): null

2019-08-24 12:43:19 - [TEST_STEP][PASSED] - if (i == 4 &amp;&amp; wildList.indexOf(symbol) != -1): null

2019-08-24 12:43:19 - [TEST_STEP][PASSED] - symbol = symbol: null

2019-08-24 12:43:19 - [TEST_STEP][PASSED] - println(symbol): null

2019-08-24 12:43:19 - [TEST_STEP][PASSED] - if (i == 2 &amp;&amp; wildList.indexOf(symbol) != -1): null

2019-08-24 12:43:19 - [TEST_STEP][PASSED] - if (i == 3 &amp;&amp; wildList.indexOf(symbol) != -1): null

2019-08-24 12:43:19 - [TEST_STEP][PASSED] - if (i == 4 &amp;&amp; wildList.indexOf(symbol) != -1): null

2019-08-24 12:43:19 - [TEST_STEP][PASSED] - symbol = symbol: null

2019-08-24 12:43:19 - [TEST_STEP][PASSED] - println(symbol): null

2019-08-24 12:43:19 - [TEST_STEP][PASSED] - if (i == 2 &amp;&amp; wildList.indexOf(symbol) != -1): null

2019-08-24 12:43:19 - [TEST_STEP][PASSED] - if (i == 3 &amp;&amp; wildList.indexOf(symbol) != -1): null

2019-08-24 12:43:19 - [TEST_STEP][PASSED] - if (i == 4 &amp;&amp; wildList.indexOf(symbol) != -1): null

2019-08-24 12:43:19 - [TEST_STEP][PASSED] - free_spin_reel_counter = free_spin_reel_counter: null

2019-08-24 12:43:19 - [TEST_STEP][PASSED] - println("reel 3 wild found: " + free_spin_reel_counter[0]): null

2019-08-24 12:43:19 - [TEST_STEP][PASSED] - println("reel 4 wild found: " + free_spin_reel_counter[1]): null

2019-08-24 12:43:19 - [TEST_STEP][PASSED] - println("reel 5 wild found: " + free_spin_reel_counter[2]): null

2019-08-24 12:43:19 - [TEST_STEP][PASSED] - M4_spin_reels = M4_spin_reels: null

2019-08-24 12:43:19 - [TEST_STEP][PASSED] - M4_spin_reels_symbols = symbol: null

2019-08-24 12:43:19 - [TEST_STEP][PASSED] - M4_spin_reels_symbols = M4_spin_reels_symbols: null

2019-08-24 12:43:19 - [TEST_STEP][PASSED] - M4_spin_reel_wins = reel_wins: null

2019-08-24 12:43:19 - [TEST_STEP][PASSED] - M4_spin_reel_wins = M4_spin_reel_wins: null

2019-08-24 12:43:19 - [TEST_STEP][PASSED] - println("GlobalVariable.M4_spin_reel_wins is: " + M4_spin_reel_wins): null

2019-08-24 12:43:19 - [TEST_STEP][PASSED] - M4_spin_total_bonus_win_this_round = total_bonus_win_this_round: null

2019-08-24 12:43:19 - [TEST_STEP][PASSED] - M4_spin_total_bonus_win_this_round = M4_spin_total_bonus_win_this_round: null

2019-08-24 12:43:19 - [TEST_STEP][PASSED] - println("GlobalVariable.M4_spin_total_bonus_win_this_round is: " + M4_spin_total_bonus_win_this_round): null

2019-08-24 12:43:19 - [TEST_STEP][PASSED] - M4_spin_bonus_spin_result = spin_result: null

2019-08-24 12:43:19 - [TEST_STEP][PASSED] - M4_spin_bonus_spin_result = M4_spin_bonus_spin_result: null

2019-08-24 12:43:19 - [MESSAGE][PASSED] - Verify response successfully

2019-08-24 12:43:19 - [MESSAGE][PASSED] - Send request and verify the response successfully

2019-08-24 12:43:19 - [TEST_STEP][PASSED] - if (M4_total_bonus_spins_int != 0 &amp;&amp; M4_spin_reels_symbols[2].contains("WILD_Double") || M4_spin_reels_symbols[4].contains("WILD_Triple")): null

2019-08-24 12:43:19 - [TEST_STEP][PASSED] - free_spin_reel_counter = free_spin_reel_counter: null

2019-08-24 12:43:19 - [TEST_STEP][PASSED] - M4_spin_reels_symbols = M4_spin_reels_symbols: null

2019-08-24 12:43:19 - [TEST_STEP][PASSED] - M4_total_bonus_spins = M4_total_bonus_spins: null

2019-08-24 12:43:19 - [TEST_STEP][PASSED] - spin_result = sendRequestAndVerify(findTestObject("INT/RGS(M4)/1_M4_spin", ["M4_login_user_id":M4_login_user_id, "rgs_session_token":rgs_session_token, "partner":Partner])): Send request and verify the response successfully

2019-08-24 12:43:20 - [MESSAGE][INFO] - HAR: /Users/eiralee/Katalon_Script/SuperWild/Reports/20190824_124242/INT/superWild_4/20190824_124242/requests/main/14.har

2019-08-24 12:43:20 - [TEST_CASE][PASSED] - Start Test Case : Verification: Verification accomplished successfully

2019-08-24 12:43:20 - [TEST_STEP][PASSED] - request = getInstance().getCurrentRequest(): null

2019-08-24 12:43:20 - [TEST_STEP][PASSED] - response = getInstance().getCurrentResponse(): null

2019-08-24 12:43:20 - [TEST_STEP][PASSED] - verifyResponseStatusCode(response, 200): Verify response status code successfully

2019-08-24 12:43:20 - [MESSAGE][PASSED] - Verify response status code successfully

2019-08-24 12:43:20 - [TEST_STEP][PASSED] - getStatusCode()).isEqualTo(200): null

2019-08-24 12:43:20 - [TEST_STEP][PASSED] - newline = System.getProperty("line.separator"): null

2019-08-24 12:43:20 - [TEST_STEP][PASSED] - M4_spin = new groovy.json.JsonSlurper(): null

2019-08-24 12:43:20 - [TEST_STEP][PASSED] - result_M4_spin = M4_spin.parseText(response.getResponseBodyContent()): null

2019-08-24 12:43:20 - [TEST_STEP][PASSED] - M4_spin_current_balance = current_balance: null

2019-08-24 12:43:20 - [TEST_STEP][PASSED] - M4_spin_current_balance = M4_spin_current_balance: null

2019-08-24 12:43:20 - [TEST_STEP][PASSED] - M4_spin_transaction_id = causality: null

2019-08-24 12:43:20 - [TEST_STEP][PASSED] - M4_spin_transaction_id = M4_spin_transaction_id: null

2019-08-24 12:43:20 - [TEST_STEP][PASSED] - M4_spin_round_id = round_id: null

2019-08-24 12:43:20 - [TEST_STEP][PASSED] - M4_spin_round_id = M4_spin_round_id: null

2019-08-24 12:43:20 - [TEST_STEP][PASSED] - M4_spin_line_wins = line_wins: null

2019-08-24 12:43:20 - [TEST_STEP][PASSED] - M4_spin_line_wins = M4_spin_line_wins: null

2019-08-24 12:43:20 - [TEST_STEP][PASSED] - M4_total_bonus_spins_int = total_bonus_spins: null

2019-08-24 12:43:20 - [TEST_STEP][PASSED] - println("******M4_total_bonus_spins type is:*******" + newline + getClass().getName()): null

2019-08-24 12:43:20 - [TEST_STEP][PASSED] - M4_total_bonus_spins_int = M4_total_bonus_spins_int: null

2019-08-24 12:43:20 - [TEST_STEP][PASSED] - M4_total_bonus_spins = Integer.toString(M4_total_bonus_spins_int): null

2019-08-24 12:43:20 - [TEST_STEP][PASSED] - M4_total_bonus_spins = M4_total_bonus_spins: null

2019-08-24 12:43:20 - [TEST_STEP][PASSED] - println("M4_total_bonus_spins is:" + M4_total_bonus_spins): null

2019-08-24 12:43:20 - [TEST_STEP][PASSED] - M4_spin_bonus_data = bonus_data: null

2019-08-24 12:43:20 - [TEST_STEP][PASSED] - M4_spin_features_triggered = result_M4_spin: null

2019-08-24 12:43:20 - [TEST_STEP][PASSED] - wild = []: null

2019-08-24 12:43:20 - [TEST_STEP][PASSED] - wild[0] = "WILD_Expanding": null

2019-08-24 12:43:20 - [TEST_STEP][PASSED] - wild[1] = "WILD_Normal": null

2019-08-24 12:43:20 - [TEST_STEP][PASSED] - wild[2] = "WILD_Double": null

2019-08-24 12:43:20 - [TEST_STEP][PASSED] - wild[3] = "WILD_ExtraFG": null

2019-08-24 12:43:20 - [TEST_STEP][PASSED] - wild[4] = "WILD_Triple": null

2019-08-24 12:43:20 - [TEST_STEP][PASSED] - wildList = Arrays.asList(wild): null

2019-08-24 12:43:20 - [TEST_STEP][PASSED] - wildList = wildList: null

2019-08-24 12:43:20 - [TEST_STEP][PASSED] - free_spin_reel_counter = []: null

2019-08-24 12:43:20 - [TEST_STEP][PASSED] - free_spin_reel_counter[0] = 0: null

2019-08-24 12:43:20 - [TEST_STEP][PASSED] - free_spin_reel_counter[1] = 0: null

2019-08-24 12:43:20 - [TEST_STEP][PASSED] - free_spin_reel_counter[2] = 0: null

2019-08-24 12:43:20 - [TEST_STEP][PASSED] - M4_spin_reels = reels: null

2019-08-24 12:43:20 - [TEST_STEP][PASSED] - for ([i = 0, i &lt; M4_spin_reels.size(), (i++)]): null

2019-08-24 12:43:20 - [TEST_STEP][PASSED] - symbols = symbols: null

2019-08-24 12:43:20 - [TEST_STEP][PASSED] - for ([j = 0, j &lt; symbols.size(), (j++)]): null

2019-08-24 12:43:20 - [TEST_STEP][PASSED] - symbol = symbol: null

2019-08-24 12:43:20 - [TEST_STEP][PASSED] - println(symbol): null

2019-08-24 12:43:20 - [TEST_STEP][PASSED] - if (i == 2 &amp;&amp; wildList.indexOf(symbol) != -1): null

2019-08-24 12:43:20 - [TEST_STEP][PASSED] - if (i == 3 &amp;&amp; wildList.indexOf(symbol) != -1): null

2019-08-24 12:43:20 - [TEST_STEP][PASSED] - if (i == 4 &amp;&amp; wildList.indexOf(symbol) != -1): null

2019-08-24 12:43:20 - [TEST_STEP][PASSED] - symbol = symbol: null

2019-08-24 12:43:20 - [TEST_STEP][PASSED] - println(symbol): null

2019-08-24 12:43:20 - [TEST_STEP][PASSED] - if (i == 2 &amp;&amp; wildList.indexOf(symbol) != -1): null

2019-08-24 12:43:20 - [TEST_STEP][PASSED] - if (i == 3 &amp;&amp; wildList.indexOf(symbol) != -1): null

2019-08-24 12:43:20 - [TEST_STEP][PASSED] - if (i == 4 &amp;&amp; wildList.indexOf(symbol) != -1): null

2019-08-24 12:43:26 - [TEST_STEP][PASSED] - symbol = symbol: null

2019-08-24 12:43:26 - [TEST_STEP][PASSED] - println(symbol): null

2019-08-24 12:43:26 - [TEST_STEP][PASSED] - if (i == 2 &amp;&amp; wildList.indexOf(symbol) != -1): null

2019-08-24 12:43:26 - [TEST_STEP][PASSED] - if (i == 3 &amp;&amp; wildList.indexOf(symbol) != -1): null

2019-08-24 12:43:26 - [TEST_STEP][PASSED] - if (i == 4 &amp;&amp; wildList.indexOf(symbol) != -1): null

2019-08-24 12:43:26 - [TEST_STEP][PASSED] - symbols = symbols: null

2019-08-24 12:43:26 - [TEST_STEP][PASSED] - for ([j = 0, j &lt; symbols.size(), (j++)]): null

2019-08-24 12:43:26 - [TEST_STEP][PASSED] - symbol = symbol: null

2019-08-24 12:43:26 - [TEST_STEP][PASSED] - println(symbol): null

2019-08-24 12:43:26 - [TEST_STEP][PASSED] - if (i == 2 &amp;&amp; wildList.indexOf(symbol) != -1): null

2019-08-24 12:43:26 - [TEST_STEP][PASSED] - if (i == 3 &amp;&amp; wildList.indexOf(symbol) != -1): null

2019-08-24 12:43:26 - [TEST_STEP][PASSED] - if (i == 4 &amp;&amp; wildList.indexOf(symbol) != -1): null

2019-08-24 12:43:26 - [TEST_STEP][PASSED] - symbol = symbol: null

2019-08-24 12:43:26 - [TEST_STEP][PASSED] - println(symbol): null

2019-08-24 12:43:26 - [TEST_STEP][PASSED] - if (i == 2 &amp;&amp; wildList.indexOf(symbol) != -1): null

2019-08-24 12:43:26 - [TEST_STEP][PASSED] - if (i == 3 &amp;&amp; wildList.indexOf(symbol) != -1): null

2019-08-24 12:43:26 - [TEST_STEP][PASSED] - if (i == 4 &amp;&amp; wildList.indexOf(symbol) != -1): null

2019-08-24 12:43:26 - [TEST_STEP][PASSED] - symbol = symbol: null

2019-08-24 12:43:26 - [TEST_STEP][PASSED] - println(symbol): null

2019-08-24 12:43:26 - [TEST_STEP][PASSED] - if (i == 2 &amp;&amp; wildList.indexOf(symbol) != -1): null

2019-08-24 12:43:26 - [TEST_STEP][PASSED] - if (i == 3 &amp;&amp; wildList.indexOf(symbol) != -1): null

2019-08-24 12:43:26 - [TEST_STEP][PASSED] - if (i == 4 &amp;&amp; wildList.indexOf(symbol) != -1): null

2019-08-24 12:43:26 - [TEST_STEP][PASSED] - symbols = symbols: null

2019-08-24 12:43:26 - [TEST_STEP][PASSED] - for ([j = 0, j &lt; symbols.size(), (j++)]): null

2019-08-24 12:43:26 - [TEST_STEP][PASSED] - symbol = symbol: null

2019-08-24 12:43:26 - [TEST_STEP][PASSED] - println(symbol): null

2019-08-24 12:43:26 - [TEST_STEP][PASSED] - if (i == 2 &amp;&amp; wildList.indexOf(symbol) != -1): null

2019-08-24 12:43:26 - [TEST_STEP][PASSED] - if (i == 3 &amp;&amp; wildList.indexOf(symbol) != -1): null

2019-08-24 12:43:26 - [TEST_STEP][PASSED] - if (i == 4 &amp;&amp; wildList.indexOf(symbol) != -1): null

2019-08-24 12:43:26 - [TEST_STEP][PASSED] - symbol = symbol: null

2019-08-24 12:43:26 - [TEST_STEP][PASSED] - println(symbol): null

2019-08-24 12:43:26 - [TEST_STEP][PASSED] - if (i == 2 &amp;&amp; wildList.indexOf(symbol) != -1): null

2019-08-24 12:43:26 - [TEST_STEP][PASSED] - if (i == 3 &amp;&amp; wildList.indexOf(symbol) != -1): null

2019-08-24 12:43:26 - [TEST_STEP][PASSED] - if (i == 4 &amp;&amp; wildList.indexOf(symbol) != -1): null

2019-08-24 12:43:26 - [TEST_STEP][PASSED] - symbol = symbol: null

2019-08-24 12:43:26 - [TEST_STEP][PASSED] - println(symbol): null

2019-08-24 12:43:26 - [TEST_STEP][PASSED] - if (i == 2 &amp;&amp; wildList.indexOf(symbol) != -1): null

2019-08-24 12:43:26 - [TEST_STEP][PASSED] - if (i == 3 &amp;&amp; wildList.indexOf(symbol) != -1): null

2019-08-24 12:43:26 - [TEST_STEP][PASSED] - if (i == 4 &amp;&amp; wildList.indexOf(symbol) != -1): null

2019-08-24 12:43:26 - [TEST_STEP][PASSED] - symbols = symbols: null

2019-08-24 12:43:26 - [TEST_STEP][PASSED] - for ([j = 0, j &lt; symbols.size(), (j++)]): null

2019-08-24 12:43:26 - [TEST_STEP][PASSED] - symbol = symbol: null

2019-08-24 12:43:26 - [TEST_STEP][PASSED] - println(symbol): null

2019-08-24 12:43:26 - [TEST_STEP][PASSED] - if (i == 2 &amp;&amp; wildList.indexOf(symbol) != -1): null

2019-08-24 12:43:26 - [TEST_STEP][PASSED] - if (i == 3 &amp;&amp; wildList.indexOf(symbol) != -1): null

2019-08-24 12:43:26 - [TEST_STEP][PASSED] - if (i == 4 &amp;&amp; wildList.indexOf(symbol) != -1): null

2019-08-24 12:43:26 - [TEST_STEP][PASSED] - symbol = symbol: null

2019-08-24 12:43:26 - [TEST_STEP][PASSED] - println(symbol): null

2019-08-24 12:43:26 - [TEST_STEP][PASSED] - if (i == 2 &amp;&amp; wildList.indexOf(symbol) != -1): null

2019-08-24 12:43:26 - [TEST_STEP][PASSED] - if (i == 3 &amp;&amp; wildList.indexOf(symbol) != -1): null

2019-08-24 12:43:26 - [TEST_STEP][PASSED] - println("wild found on reel 4, adding counter by 1"): null

2019-08-24 12:43:26 - [TEST_STEP][PASSED] - free_spin_reel_counter[1] = free_spin_reel_counter[1] + 1: null

2019-08-24 12:43:26 - [TEST_STEP][PASSED] - if (i == 4 &amp;&amp; wildList.indexOf(symbol) != -1): null

2019-08-24 12:43:26 - [TEST_STEP][PASSED] - symbol = symbol: null

2019-08-24 12:43:26 - [TEST_STEP][PASSED] - println(symbol): null

2019-08-24 12:43:26 - [TEST_STEP][PASSED] - if (i == 2 &amp;&amp; wildList.indexOf(symbol) != -1): null

2019-08-24 12:43:26 - [TEST_STEP][PASSED] - if (i == 3 &amp;&amp; wildList.indexOf(symbol) != -1): null

2019-08-24 12:43:26 - [TEST_STEP][PASSED] - if (i == 4 &amp;&amp; wildList.indexOf(symbol) != -1): null

2019-08-24 12:43:26 - [TEST_STEP][PASSED] - symbols = symbols: null

2019-08-24 12:43:26 - [TEST_STEP][PASSED] - for ([j = 0, j &lt; symbols.size(), (j++)]): null

2019-08-24 12:43:26 - [TEST_STEP][PASSED] - symbol = symbol: null

2019-08-24 12:43:26 - [TEST_STEP][PASSED] - println(symbol): null

2019-08-24 12:43:26 - [TEST_STEP][PASSED] - if (i == 2 &amp;&amp; wildList.indexOf(symbol) != -1): null

2019-08-24 12:43:26 - [TEST_STEP][PASSED] - if (i == 3 &amp;&amp; wildList.indexOf(symbol) != -1): null

2019-08-24 12:43:26 - [TEST_STEP][PASSED] - if (i == 4 &amp;&amp; wildList.indexOf(symbol) != -1): null

2019-08-24 12:43:26 - [TEST_STEP][PASSED] - symbol = symbol: null

2019-08-24 12:43:26 - [TEST_STEP][PASSED] - println(symbol): null

2019-08-24 12:43:26 - [TEST_STEP][PASSED] - if (i == 2 &amp;&amp; wildList.indexOf(symbol) != -1): null

2019-08-24 12:43:26 - [TEST_STEP][PASSED] - if (i == 3 &amp;&amp; wildList.indexOf(symbol) != -1): null

2019-08-24 12:43:26 - [TEST_STEP][PASSED] - if (i == 4 &amp;&amp; wildList.indexOf(symbol) != -1): null

2019-08-24 12:43:26 - [TEST_STEP][PASSED] - symbol = symbol: null

2019-08-24 12:43:26 - [TEST_STEP][PASSED] - println(symbol): null

2019-08-24 12:43:26 - [TEST_STEP][PASSED] - if (i == 2 &amp;&amp; wildList.indexOf(symbol) != -1): null

2019-08-24 12:43:26 - [TEST_STEP][PASSED] - if (i == 3 &amp;&amp; wildList.indexOf(symbol) != -1): null

2019-08-24 12:43:26 - [TEST_STEP][PASSED] - if (i == 4 &amp;&amp; wildList.indexOf(symbol) != -1): null

2019-08-24 12:43:26 - [TEST_STEP][PASSED] - println("wild found on reel 5, adding counter by 1"): null

2019-08-24 12:43:26 - [TEST_STEP][PASSED] - free_spin_reel_counter[2] = free_spin_reel_counter[2] + 1: null

2019-08-24 12:43:26 - [TEST_STEP][PASSED] - free_spin_reel_counter = free_spin_reel_counter: null

2019-08-24 12:43:26 - [TEST_STEP][PASSED] - println("reel 3 wild found: " + free_spin_reel_counter[0]): null

2019-08-24 12:43:26 - [TEST_STEP][PASSED] - println("reel 4 wild found: " + free_spin_reel_counter[1]): null

2019-08-24 12:43:26 - [TEST_STEP][PASSED] - println("reel 5 wild found: " + free_spin_reel_counter[2]): null

2019-08-24 12:43:26 - [TEST_STEP][PASSED] - M4_spin_reels = M4_spin_reels: null

2019-08-24 12:43:26 - [TEST_STEP][PASSED] - M4_spin_reels_symbols = symbol: null

2019-08-24 12:43:26 - [TEST_STEP][PASSED] - M4_spin_reels_symbols = M4_spin_reels_symbols: null

2019-08-24 12:43:26 - [TEST_STEP][PASSED] - M4_spin_reel_wins = reel_wins: null

2019-08-24 12:43:26 - [TEST_STEP][PASSED] - M4_spin_reel_wins = M4_spin_reel_wins: null

2019-08-24 12:43:26 - [TEST_STEP][PASSED] - println("GlobalVariable.M4_spin_reel_wins is: " + M4_spin_reel_wins): null

2019-08-24 12:43:26 - [TEST_STEP][PASSED] - M4_spin_total_bonus_win_this_round = total_bonus_win_this_round: null

2019-08-24 12:43:26 - [TEST_STEP][PASSED] - M4_spin_total_bonus_win_this_round = M4_spin_total_bonus_win_this_round: null

2019-08-24 12:43:26 - [TEST_STEP][PASSED] - println("GlobalVariable.M4_spin_total_bonus_win_this_round is: " + M4_spin_total_bonus_win_this_round): null

2019-08-24 12:43:26 - [TEST_STEP][PASSED] - M4_spin_bonus_spin_result = spin_result: null

2019-08-24 12:43:26 - [TEST_STEP][PASSED] - M4_spin_bonus_spin_result = M4_spin_bonus_spin_result: null

2019-08-24 12:43:26 - [MESSAGE][PASSED] - Verify response successfully

2019-08-24 12:43:26 - [MESSAGE][PASSED] - Send request and verify the response successfully

2019-08-24 12:43:26 - [TEST_STEP][PASSED] - if (M4_total_bonus_spins_int != 0 &amp;&amp; M4_spin_reels_symbols[2].contains("WILD_Double") || M4_spin_reels_symbols[4].contains("WILD_Triple")): null

2019-08-24 12:43:26 - [TEST_STEP][PASSED] - free_spin_reel_counter = free_spin_reel_counter: null

2019-08-24 12:43:26 - [TEST_STEP][PASSED] - M4_spin_reels_symbols = M4_spin_reels_symbols: null

2019-08-24 12:43:26 - [TEST_STEP][PASSED] - M4_total_bonus_spins = M4_total_bonus_spins: null

2019-08-24 12:43:26 - [TEST_STEP][PASSED] - spin_result = sendRequestAndVerify(findTestObject("INT/RGS(M4)/1_M4_spin", ["M4_login_user_id":M4_login_user_id, "rgs_session_token":rgs_session_token, "partner":Partner])): Send request and verify the response successfully

2019-08-24 12:43:26 - [MESSAGE][INFO] - HAR: /Users/eiralee/Katalon_Script/SuperWild/Reports/20190824_124242/INT/superWild_4/20190824_124242/requests/main/15.har

2019-08-24 12:43:26 - [TEST_CASE][PASSED] - Start Test Case : Verification: Verification accomplished successfully

2019-08-24 12:43:26 - [TEST_STEP][PASSED] - request = getInstance().getCurrentRequest(): null

2019-08-24 12:43:26 - [TEST_STEP][PASSED] - response = getInstance().getCurrentResponse(): null

2019-08-24 12:43:26 - [TEST_STEP][PASSED] - verifyResponseStatusCode(response, 200): Verify response status code successfully

2019-08-24 12:43:26 - [MESSAGE][PASSED] - Verify response status code successfully

2019-08-24 12:43:26 - [TEST_STEP][PASSED] - getStatusCode()).isEqualTo(200): null

2019-08-24 12:43:26 - [TEST_STEP][PASSED] - newline = System.getProperty("line.separator"): null

2019-08-24 12:43:26 - [TEST_STEP][PASSED] - M4_spin = new groovy.json.JsonSlurper(): null

2019-08-24 12:43:26 - [TEST_STEP][PASSED] - result_M4_spin = M4_spin.parseText(response.getResponseBodyContent()): null

2019-08-24 12:43:26 - [TEST_STEP][PASSED] - M4_spin_current_balance = current_balance: null

2019-08-24 12:43:26 - [TEST_STEP][PASSED] - M4_spin_current_balance = M4_spin_current_balance: null

2019-08-24 12:43:26 - [TEST_STEP][PASSED] - M4_spin_transaction_id = causality: null

2019-08-24 12:43:26 - [TEST_STEP][PASSED] - M4_spin_transaction_id = M4_spin_transaction_id: null

2019-08-24 12:43:26 - [TEST_STEP][PASSED] - M4_spin_round_id = round_id: null

2019-08-24 12:43:26 - [TEST_STEP][PASSED] - M4_spin_round_id = M4_spin_round_id: null

2019-08-24 12:43:26 - [TEST_STEP][PASSED] - M4_spin_line_wins = line_wins: null

2019-08-24 12:43:26 - [TEST_STEP][PASSED] - M4_spin_line_wins = M4_spin_line_wins: null

2019-08-24 12:43:26 - [TEST_STEP][PASSED] - M4_total_bonus_spins_int = total_bonus_spins: null

2019-08-24 12:43:26 - [TEST_STEP][PASSED] - println("******M4_total_bonus_spins type is:*******" + newline + getClass().getName()): null

2019-08-24 12:43:26 - [TEST_STEP][PASSED] - M4_total_bonus_spins_int = M4_total_bonus_spins_int: null

2019-08-24 12:43:26 - [TEST_STEP][PASSED] - M4_total_bonus_spins = Integer.toString(M4_total_bonus_spins_int): null

2019-08-24 12:43:26 - [TEST_STEP][PASSED] - M4_total_bonus_spins = M4_total_bonus_spins: null

2019-08-24 12:43:26 - [TEST_STEP][PASSED] - println("M4_total_bonus_spins is:" + M4_total_bonus_spins): null

2019-08-24 12:43:26 - [TEST_STEP][PASSED] - M4_spin_bonus_data = bonus_data: null

2019-08-24 12:43:26 - [TEST_STEP][PASSED] - M4_spin_features_triggered = result_M4_spin: null

2019-08-24 12:43:26 - [TEST_STEP][PASSED] - wild = []: null

2019-08-24 12:43:26 - [TEST_STEP][PASSED] - wild[0] = "WILD_Expanding": null

2019-08-24 12:43:26 - [TEST_STEP][PASSED] - wild[1] = "WILD_Normal": null

2019-08-24 12:43:26 - [TEST_STEP][PASSED] - wild[2] = "WILD_Double": null

2019-08-24 12:43:26 - [TEST_STEP][PASSED] - wild[3] = "WILD_ExtraFG": null

2019-08-24 12:43:26 - [TEST_STEP][PASSED] - wild[4] = "WILD_Triple": null

2019-08-24 12:43:26 - [TEST_STEP][PASSED] - wildList = Arrays.asList(wild): null

2019-08-24 12:43:26 - [TEST_STEP][PASSED] - wildList = wildList: null

2019-08-24 12:43:26 - [TEST_STEP][PASSED] - free_spin_reel_counter = []: null

2019-08-24 12:43:26 - [TEST_STEP][PASSED] - free_spin_reel_counter[0] = 0: null

2019-08-24 12:43:26 - [TEST_STEP][PASSED] - free_spin_reel_counter[1] = 0: null

2019-08-24 12:43:26 - [TEST_STEP][PASSED] - free_spin_reel_counter[2] = 0: null

2019-08-24 12:43:26 - [TEST_STEP][PASSED] - M4_spin_reels = reels: null

2019-08-24 12:43:26 - [TEST_STEP][PASSED] - for ([i = 0, i &lt; M4_spin_reels.size(), (i++)]): null

2019-08-24 12:43:26 - [TEST_STEP][PASSED] - symbols = symbols: null

2019-08-24 12:43:26 - [TEST_STEP][PASSED] - for ([j = 0, j &lt; symbols.size(), (j++)]): null

2019-08-24 12:43:26 - [TEST_STEP][PASSED] - symbol = symbol: null

2019-08-24 12:43:26 - [TEST_STEP][PASSED] - println(symbol): null

2019-08-24 12:43:26 - [TEST_STEP][PASSED] - if (i == 2 &amp;&amp; wildList.indexOf(symbol) != -1): null

2019-08-24 12:43:26 - [TEST_STEP][PASSED] - if (i == 3 &amp;&amp; wildList.indexOf(symbol) != -1): null

2019-08-24 12:43:26 - [TEST_STEP][PASSED] - if (i == 4 &amp;&amp; wildList.indexOf(symbol) != -1): null

2019-08-24 12:43:26 - [TEST_STEP][PASSED] - symbol = symbol: null

2019-08-24 12:43:26 - [TEST_STEP][PASSED] - println(symbol): null

2019-08-24 12:43:26 - [TEST_STEP][PASSED] - if (i == 2 &amp;&amp; wildList.indexOf(symbol) != -1): null

2019-08-24 12:43:26 - [TEST_STEP][PASSED] - if (i == 3 &amp;&amp; wildList.indexOf(symbol) != -1): null

2019-08-24 12:43:26 - [TEST_STEP][PASSED] - if (i == 4 &amp;&amp; wildList.indexOf(symbol) != -1): null

2019-08-24 12:43:26 - [TEST_STEP][PASSED] - symbol = symbol: null

2019-08-24 12:43:26 - [TEST_STEP][PASSED] - println(symbol): null

2019-08-24 12:43:26 - [TEST_STEP][PASSED] - if (i == 2 &amp;&amp; wildList.indexOf(symbol) != -1): null

2019-08-24 12:43:26 - [TEST_STEP][PASSED] - if (i == 3 &amp;&amp; wildList.indexOf(symbol) != -1): null

2019-08-24 12:43:26 - [TEST_STEP][PASSED] - if (i == 4 &amp;&amp; wildList.indexOf(symbol) != -1): null

2019-08-24 12:43:26 - [TEST_STEP][PASSED] - symbols = symbols: null

2019-08-24 12:43:26 - [TEST_STEP][PASSED] - for ([j = 0, j &lt; symbols.size(), (j++)]): null

2019-08-24 12:43:26 - [TEST_STEP][PASSED] - symbol = symbol: null

2019-08-24 12:43:26 - [TEST_STEP][PASSED] - println(symbol): null

2019-08-24 12:43:26 - [TEST_STEP][PASSED] - if (i == 2 &amp;&amp; wildList.indexOf(symbol) != -1): null

2019-08-24 12:43:26 - [TEST_STEP][PASSED] - if (i == 3 &amp;&amp; wildList.indexOf(symbol) != -1): null

2019-08-24 12:43:26 - [TEST_STEP][PASSED] - if (i == 4 &amp;&amp; wildList.indexOf(symbol) != -1): null

2019-08-24 12:43:26 - [TEST_STEP][PASSED] - symbol = symbol: null

2019-08-24 12:43:26 - [TEST_STEP][PASSED] - println(symbol): null

2019-08-24 12:43:26 - [TEST_STEP][PASSED] - if (i == 2 &amp;&amp; wildList.indexOf(symbol) != -1): null

2019-08-24 12:43:26 - [TEST_STEP][PASSED] - if (i == 3 &amp;&amp; wildList.indexOf(symbol) != -1): null

2019-08-24 12:43:26 - [TEST_STEP][PASSED] - if (i == 4 &amp;&amp; wildList.indexOf(symbol) != -1): null

2019-08-24 12:43:26 - [TEST_STEP][PASSED] - symbol = symbol: null

2019-08-24 12:43:26 - [TEST_STEP][PASSED] - println(symbol): null

2019-08-24 12:43:26 - [TEST_STEP][PASSED] - if (i == 2 &amp;&amp; wildList.indexOf(symbol) != -1): null

2019-08-24 12:43:26 - [TEST_STEP][PASSED] - if (i == 3 &amp;&amp; wildList.indexOf(symbol) != -1): null

2019-08-24 12:43:26 - [TEST_STEP][PASSED] - if (i == 4 &amp;&amp; wildList.indexOf(symbol) != -1): null

2019-08-24 12:43:26 - [TEST_STEP][PASSED] - symbols = symbols: null

2019-08-24 12:43:26 - [TEST_STEP][PASSED] - for ([j = 0, j &lt; symbols.size(), (j++)]): null

2019-08-24 12:43:26 - [TEST_STEP][PASSED] - symbol = symbol: null

2019-08-24 12:43:26 - [TEST_STEP][PASSED] - println(symbol): null

2019-08-24 12:43:26 - [TEST_STEP][PASSED] - if (i == 2 &amp;&amp; wildList.indexOf(symbol) != -1): null

2019-08-24 12:43:26 - [TEST_STEP][PASSED] - if (i == 3 &amp;&amp; wildList.indexOf(symbol) != -1): null

2019-08-24 12:43:26 - [TEST_STEP][PASSED] - if (i == 4 &amp;&amp; wildList.indexOf(symbol) != -1): null

2019-08-24 12:43:26 - [TEST_STEP][PASSED] - symbol = symbol: null

2019-08-24 12:43:26 - [TEST_STEP][PASSED] - println(symbol): null

2019-08-24 12:43:26 - [TEST_STEP][PASSED] - if (i == 2 &amp;&amp; wildList.indexOf(symbol) != -1): null

2019-08-24 12:43:26 - [TEST_STEP][PASSED] - if (i == 3 &amp;&amp; wildList.indexOf(symbol) != -1): null

2019-08-24 12:43:26 - [TEST_STEP][PASSED] - if (i == 4 &amp;&amp; wildList.indexOf(symbol) != -1): null

2019-08-24 12:43:26 - [TEST_STEP][PASSED] - symbol = symbol: null

2019-08-24 12:43:26 - [TEST_STEP][PASSED] - println(symbol): null

2019-08-24 12:43:26 - [TEST_STEP][PASSED] - if (i == 2 &amp;&amp; wildList.indexOf(symbol) != -1): null

2019-08-24 12:43:26 - [TEST_STEP][PASSED] - if (i == 3 &amp;&amp; wildList.indexOf(symbol) != -1): null

2019-08-24 12:43:26 - [TEST_STEP][PASSED] - if (i == 4 &amp;&amp; wildList.indexOf(symbol) != -1): null

2019-08-24 12:43:26 - [TEST_STEP][PASSED] - symbols = symbols: null

2019-08-24 12:43:26 - [TEST_STEP][PASSED] - for ([j = 0, j &lt; symbols.size(), (j++)]): null

2019-08-24 12:43:26 - [TEST_STEP][PASSED] - symbol = symbol: null

2019-08-24 12:43:26 - [TEST_STEP][PASSED] - println(symbol): null

2019-08-24 12:43:26 - [TEST_STEP][PASSED] - if (i == 2 &amp;&amp; wildList.indexOf(symbol) != -1): null

2019-08-24 12:43:26 - [TEST_STEP][PASSED] - if (i == 3 &amp;&amp; wildList.indexOf(symbol) != -1): null

2019-08-24 12:43:26 - [TEST_STEP][PASSED] - if (i == 4 &amp;&amp; wildList.indexOf(symbol) != -1): null

2019-08-24 12:43:26 - [TEST_STEP][PASSED] - symbol = symbol: null

2019-08-24 12:43:26 - [TEST_STEP][PASSED] - println(symbol): null

2019-08-24 12:43:26 - [TEST_STEP][PASSED] - if (i == 2 &amp;&amp; wildList.indexOf(symbol) != -1): null

2019-08-24 12:43:26 - [TEST_STEP][PASSED] - if (i == 3 &amp;&amp; wildList.indexOf(symbol) != -1): null

2019-08-24 12:43:26 - [TEST_STEP][PASSED] - if (i == 4 &amp;&amp; wildList.indexOf(symbol) != -1): null

2019-08-24 12:43:26 - [TEST_STEP][PASSED] - symbol = symbol: null

2019-08-24 12:43:26 - [TEST_STEP][PASSED] - println(symbol): null

2019-08-24 12:43:26 - [TEST_STEP][PASSED] - if (i == 2 &amp;&amp; wildList.indexOf(symbol) != -1): null

2019-08-24 12:43:26 - [TEST_STEP][PASSED] - if (i == 3 &amp;&amp; wildList.indexOf(symbol) != -1): null

2019-08-24 12:43:26 - [TEST_STEP][PASSED] - if (i == 4 &amp;&amp; wildList.indexOf(symbol) != -1): null

2019-08-24 12:43:26 - [TEST_STEP][PASSED] - symbols = symbols: null

2019-08-24 12:43:26 - [TEST_STEP][PASSED] - for ([j = 0, j &lt; symbols.size(), (j++)]): null

2019-08-24 12:43:26 - [TEST_STEP][PASSED] - symbol = symbol: null

2019-08-24 12:43:26 - [TEST_STEP][PASSED] - println(symbol): null

2019-08-24 12:43:26 - [TEST_STEP][PASSED] - if (i == 2 &amp;&amp; wildList.indexOf(symbol) != -1): null

2019-08-24 12:43:26 - [TEST_STEP][PASSED] - if (i == 3 &amp;&amp; wildList.indexOf(symbol) != -1): null

2019-08-24 12:43:26 - [TEST_STEP][PASSED] - if (i == 4 &amp;&amp; wildList.indexOf(symbol) != -1): null

2019-08-24 12:43:26 - [TEST_STEP][PASSED] - symbol = symbol: null

2019-08-24 12:43:26 - [TEST_STEP][PASSED] - println(symbol): null

2019-08-24 12:43:26 - [TEST_STEP][PASSED] - if (i == 2 &amp;&amp; wildList.indexOf(symbol) != -1): null

2019-08-24 12:43:26 - [TEST_STEP][PASSED] - if (i == 3 &amp;&amp; wildList.indexOf(symbol) != -1): null

2019-08-24 12:43:26 - [TEST_STEP][PASSED] - if (i == 4 &amp;&amp; wildList.indexOf(symbol) != -1): null

2019-08-24 12:43:26 - [TEST_STEP][PASSED] - symbol = symbol: null

2019-08-24 12:43:26 - [TEST_STEP][PASSED] - println(symbol): null

2019-08-24 12:43:26 - [TEST_STEP][PASSED] - if (i == 2 &amp;&amp; wildList.indexOf(symbol) != -1): null

2019-08-24 12:43:26 - [TEST_STEP][PASSED] - if (i == 3 &amp;&amp; wildList.indexOf(symbol) != -1): null

2019-08-24 12:43:26 - [TEST_STEP][PASSED] - if (i == 4 &amp;&amp; wildList.indexOf(symbol) != -1): null

2019-08-24 12:43:26 - [TEST_STEP][PASSED] - free_spin_reel_counter = free_spin_reel_counter: null

2019-08-24 12:43:26 - [TEST_STEP][PASSED] - println("reel 3 wild found: " + free_spin_reel_counter[0]): null

2019-08-24 12:43:26 - [TEST_STEP][PASSED] - println("reel 4 wild found: " + free_spin_reel_counter[1]): null

2019-08-24 12:43:26 - [TEST_STEP][PASSED] - println("reel 5 wild found: " + free_spin_reel_counter[2]): null

2019-08-24 12:43:26 - [TEST_STEP][PASSED] - M4_spin_reels = M4_spin_reels: null

2019-08-24 12:43:26 - [TEST_STEP][PASSED] - M4_spin_reels_symbols = symbol: null

2019-08-24 12:43:26 - [TEST_STEP][PASSED] - M4_spin_reels_symbols = M4_spin_reels_symbols: null

2019-08-24 12:43:26 - [TEST_STEP][PASSED] - M4_spin_reel_wins = reel_wins: null

2019-08-24 12:43:26 - [TEST_STEP][PASSED] - M4_spin_reel_wins = M4_spin_reel_wins: null

2019-08-24 12:43:26 - [TEST_STEP][PASSED] - println("GlobalVariable.M4_spin_reel_wins is: " + M4_spin_reel_wins): null

2019-08-24 12:43:26 - [TEST_STEP][PASSED] - M4_spin_total_bonus_win_this_round = total_bonus_win_this_round: null

2019-08-24 12:43:26 - [TEST_STEP][PASSED] - M4_spin_total_bonus_win_this_round = M4_spin_total_bonus_win_this_round: null

2019-08-24 12:43:26 - [TEST_STEP][PASSED] - println("GlobalVariable.M4_spin_total_bonus_win_this_round is: " + M4_spin_total_bonus_win_this_round): null

2019-08-24 12:43:26 - [TEST_STEP][PASSED] - M4_spin_bonus_spin_result = spin_result: null

2019-08-24 12:43:26 - [TEST_STEP][PASSED] - M4_spin_bonus_spin_result = M4_spin_bonus_spin_result: null

2019-08-24 12:43:26 - [MESSAGE][PASSED] - Verify response successfully

2019-08-24 12:43:26 - [MESSAGE][PASSED] - Send request and verify the response successfully

2019-08-24 12:43:26 - [TEST_STEP][PASSED] - if (M4_total_bonus_spins_int != 0 &amp;&amp; M4_spin_reels_symbols[2].contains("WILD_Double") || M4_spin_reels_symbols[4].contains("WILD_Triple")): null

2019-08-24 12:43:26 - [TEST_STEP][PASSED] - free_spin_reel_counter = free_spin_reel_counter: null

2019-08-24 12:43:26 - [TEST_STEP][PASSED] - M4_spin_reels_symbols = M4_spin_reels_symbols: null

2019-08-24 12:43:26 - [TEST_STEP][PASSED] - M4_total_bonus_spins = M4_total_bonus_spins: null

2019-08-24 12:43:26 - [TEST_STEP][PASSED] - spin_result = sendRequestAndVerify(findTestObject("INT/RGS(M4)/1_M4_spin", ["M4_login_user_id":M4_login_user_id, "rgs_session_token":rgs_session_token, "partner":Partner])): Send request and verify the response successfully

2019-08-24 12:43:27 - [MESSAGE][INFO] - HAR: /Users/eiralee/Katalon_Script/SuperWild/Reports/20190824_124242/INT/superWild_4/20190824_124242/requests/main/16.har

2019-08-24 12:43:27 - [TEST_CASE][PASSED] - Start Test Case : Verification: Verification accomplished successfully

2019-08-24 12:43:27 - [TEST_STEP][PASSED] - request = getInstance().getCurrentRequest(): null

2019-08-24 12:43:27 - [TEST_STEP][PASSED] - response = getInstance().getCurrentResponse(): null

2019-08-24 12:43:27 - [TEST_STEP][PASSED] - verifyResponseStatusCode(response, 200): Verify response status code successfully

2019-08-24 12:43:27 - [MESSAGE][PASSED] - Verify response status code successfully

2019-08-24 12:43:27 - [TEST_STEP][PASSED] - getStatusCode()).isEqualTo(200): null

2019-08-24 12:43:27 - [TEST_STEP][PASSED] - newline = System.getProperty("line.separator"): null

2019-08-24 12:43:27 - [TEST_STEP][PASSED] - M4_spin = new groovy.json.JsonSlurper(): null

2019-08-24 12:43:27 - [TEST_STEP][PASSED] - result_M4_spin = M4_spin.parseText(response.getResponseBodyContent()): null

2019-08-24 12:43:27 - [TEST_STEP][PASSED] - M4_spin_current_balance = current_balance: null

2019-08-24 12:43:27 - [TEST_STEP][PASSED] - M4_spin_current_balance = M4_spin_current_balance: null

2019-08-24 12:43:27 - [TEST_STEP][PASSED] - M4_spin_transaction_id = causality: null

2019-08-24 12:43:27 - [TEST_STEP][PASSED] - M4_spin_transaction_id = M4_spin_transaction_id: null

2019-08-24 12:43:27 - [TEST_STEP][PASSED] - M4_spin_round_id = round_id: null

2019-08-24 12:43:27 - [TEST_STEP][PASSED] - M4_spin_round_id = M4_spin_round_id: null

2019-08-24 12:43:27 - [TEST_STEP][PASSED] - M4_spin_line_wins = line_wins: null

2019-08-24 12:43:27 - [TEST_STEP][PASSED] - M4_spin_line_wins = M4_spin_line_wins: null

2019-08-24 12:43:27 - [TEST_STEP][PASSED] - M4_total_bonus_spins_int = total_bonus_spins: null

2019-08-24 12:43:27 - [TEST_STEP][PASSED] - println("******M4_total_bonus_spins type is:*******" + newline + getClass().getName()): null

2019-08-24 12:43:27 - [TEST_STEP][PASSED] - M4_total_bonus_spins_int = M4_total_bonus_spins_int: null

2019-08-24 12:43:27 - [TEST_STEP][PASSED] - M4_total_bonus_spins = Integer.toString(M4_total_bonus_spins_int): null

2019-08-24 12:43:27 - [TEST_STEP][PASSED] - M4_total_bonus_spins = M4_total_bonus_spins: null

2019-08-24 12:43:27 - [TEST_STEP][PASSED] - println("M4_total_bonus_spins is:" + M4_total_bonus_spins): null

2019-08-24 12:43:27 - [TEST_STEP][PASSED] - M4_spin_bonus_data = bonus_data: null

2019-08-24 12:43:27 - [TEST_STEP][PASSED] - M4_spin_features_triggered = result_M4_spin: null

2019-08-24 12:43:27 - [TEST_STEP][PASSED] - wild = []: null

2019-08-24 12:43:27 - [TEST_STEP][PASSED] - wild[0] = "WILD_Expanding": null

2019-08-24 12:43:27 - [TEST_STEP][PASSED] - wild[1] = "WILD_Normal": null

2019-08-24 12:43:27 - [TEST_STEP][PASSED] - wild[2] = "WILD_Double": null

2019-08-24 12:43:27 - [TEST_STEP][PASSED] - wild[3] = "WILD_ExtraFG": null

2019-08-24 12:43:27 - [TEST_STEP][PASSED] - wild[4] = "WILD_Triple": null

2019-08-24 12:43:27 - [TEST_STEP][PASSED] - wildList = Arrays.asList(wild): null

2019-08-24 12:43:27 - [TEST_STEP][PASSED] - wildList = wildList: null

2019-08-24 12:43:27 - [TEST_STEP][PASSED] - free_spin_reel_counter = []: null

2019-08-24 12:43:27 - [TEST_STEP][PASSED] - free_spin_reel_counter[0] = 0: null

2019-08-24 12:43:27 - [TEST_STEP][PASSED] - free_spin_reel_counter[1] = 0: null

2019-08-24 12:43:27 - [TEST_STEP][PASSED] - free_spin_reel_counter[2] = 0: null

2019-08-24 12:43:27 - [TEST_STEP][PASSED] - M4_spin_reels = reels: null

2019-08-24 12:43:27 - [TEST_STEP][PASSED] - for ([i = 0, i &lt; M4_spin_reels.size(), (i++)]): null

2019-08-24 12:43:27 - [TEST_STEP][PASSED] - symbols = symbols: null

2019-08-24 12:43:27 - [TEST_STEP][PASSED] - for ([j = 0, j &lt; symbols.size(), (j++)]): null

2019-08-24 12:43:27 - [TEST_STEP][PASSED] - symbol = symbol: null

2019-08-24 12:43:27 - [TEST_STEP][PASSED] - println(symbol): null

2019-08-24 12:43:27 - [TEST_STEP][PASSED] - if (i == 2 &amp;&amp; wildList.indexOf(symbol) != -1): null

2019-08-24 12:43:27 - [TEST_STEP][PASSED] - if (i == 3 &amp;&amp; wildList.indexOf(symbol) != -1): null

2019-08-24 12:43:27 - [TEST_STEP][PASSED] - if (i == 4 &amp;&amp; wildList.indexOf(symbol) != -1): null

2019-08-24 12:43:27 - [TEST_STEP][PASSED] - symbol = symbol: null

2019-08-24 12:43:27 - [TEST_STEP][PASSED] - println(symbol): null

2019-08-24 12:43:27 - [TEST_STEP][PASSED] - if (i == 2 &amp;&amp; wildList.indexOf(symbol) != -1): null

2019-08-24 12:43:27 - [TEST_STEP][PASSED] - if (i == 3 &amp;&amp; wildList.indexOf(symbol) != -1): null

2019-08-24 12:43:27 - [TEST_STEP][PASSED] - if (i == 4 &amp;&amp; wildList.indexOf(symbol) != -1): null

2019-08-24 12:43:27 - [TEST_STEP][PASSED] - symbol = symbol: null

2019-08-24 12:43:27 - [TEST_STEP][PASSED] - println(symbol): null

2019-08-24 12:43:27 - [TEST_STEP][PASSED] - if (i == 2 &amp;&amp; wildList.indexOf(symbol) != -1): null

2019-08-24 12:43:27 - [TEST_STEP][PASSED] - if (i == 3 &amp;&amp; wildList.indexOf(symbol) != -1): null

2019-08-24 12:43:27 - [TEST_STEP][PASSED] - if (i == 4 &amp;&amp; wildList.indexOf(symbol) != -1): null

2019-08-24 12:43:27 - [TEST_STEP][PASSED] - symbols = symbols: null

2019-08-24 12:43:27 - [TEST_STEP][PASSED] - for ([j = 0, j &lt; symbols.size(), (j++)]): null

2019-08-24 12:43:27 - [TEST_STEP][PASSED] - symbol = symbol: null

2019-08-24 12:43:27 - [TEST_STEP][PASSED] - println(symbol): null

2019-08-24 12:43:27 - [TEST_STEP][PASSED] - if (i == 2 &amp;&amp; wildList.indexOf(symbol) != -1): null

2019-08-24 12:43:27 - [TEST_STEP][PASSED] - if (i == 3 &amp;&amp; wildList.indexOf(symbol) != -1): null

2019-08-24 12:43:27 - [TEST_STEP][PASSED] - if (i == 4 &amp;&amp; wildList.indexOf(symbol) != -1): null

2019-08-24 12:43:27 - [TEST_STEP][PASSED] - symbol = symbol: null

2019-08-24 12:43:27 - [TEST_STEP][PASSED] - println(symbol): null

2019-08-24 12:43:27 - [TEST_STEP][PASSED] - if (i == 2 &amp;&amp; wildList.indexOf(symbol) != -1): null

2019-08-24 12:43:27 - [TEST_STEP][PASSED] - if (i == 3 &amp;&amp; wildList.indexOf(symbol) != -1): null

2019-08-24 12:43:27 - [TEST_STEP][PASSED] - if (i == 4 &amp;&amp; wildList.indexOf(symbol) != -1): null

2019-08-24 12:43:27 - [TEST_STEP][PASSED] - symbol = symbol: null

2019-08-24 12:43:27 - [TEST_STEP][PASSED] - println(symbol): null

2019-08-24 12:43:27 - [TEST_STEP][PASSED] - if (i == 2 &amp;&amp; wildList.indexOf(symbol) != -1): null

2019-08-24 12:43:27 - [TEST_STEP][PASSED] - if (i == 3 &amp;&amp; wildList.indexOf(symbol) != -1): null

2019-08-24 12:43:27 - [TEST_STEP][PASSED] - if (i == 4 &amp;&amp; wildList.indexOf(symbol) != -1): null

2019-08-24 12:43:27 - [TEST_STEP][PASSED] - symbols = symbols: null

2019-08-24 12:43:27 - [TEST_STEP][PASSED] - for ([j = 0, j &lt; symbols.size(), (j++)]): null

2019-08-24 12:43:27 - [TEST_STEP][PASSED] - symbol = symbol: null

2019-08-24 12:43:27 - [TEST_STEP][PASSED] - println(symbol): null

2019-08-24 12:43:27 - [TEST_STEP][PASSED] - if (i == 2 &amp;&amp; wildList.indexOf(symbol) != -1): null

2019-08-24 12:43:27 - [TEST_STEP][PASSED] - if (i == 3 &amp;&amp; wildList.indexOf(symbol) != -1): null

2019-08-24 12:43:27 - [TEST_STEP][PASSED] - if (i == 4 &amp;&amp; wildList.indexOf(symbol) != -1): null

2019-08-24 12:43:27 - [TEST_STEP][PASSED] - symbol = symbol: null

2019-08-24 12:43:27 - [TEST_STEP][PASSED] - println(symbol): null

2019-08-24 12:43:27 - [TEST_STEP][PASSED] - if (i == 2 &amp;&amp; wildList.indexOf(symbol) != -1): null

2019-08-24 12:43:27 - [TEST_STEP][PASSED] - if (i == 3 &amp;&amp; wildList.indexOf(symbol) != -1): null

2019-08-24 12:43:27 - [TEST_STEP][PASSED] - if (i == 4 &amp;&amp; wildList.indexOf(symbol) != -1): null

2019-08-24 12:43:27 - [TEST_STEP][PASSED] - symbol = symbol: null

2019-08-24 12:43:27 - [TEST_STEP][PASSED] - println(symbol): null

2019-08-24 12:43:27 - [TEST_STEP][PASSED] - if (i == 2 &amp;&amp; wildList.indexOf(symbol) != -1): null

2019-08-24 12:43:27 - [TEST_STEP][PASSED] - if (i == 3 &amp;&amp; wildList.indexOf(symbol) != -1): null

2019-08-24 12:43:27 - [TEST_STEP][PASSED] - if (i == 4 &amp;&amp; wildList.indexOf(symbol) != -1): null

2019-08-24 12:43:27 - [TEST_STEP][PASSED] - symbols = symbols: null

2019-08-24 12:43:27 - [TEST_STEP][PASSED] - for ([j = 0, j &lt; symbols.size(), (j++)]): null

2019-08-24 12:43:27 - [TEST_STEP][PASSED] - symbol = symbol: null

2019-08-24 12:43:27 - [TEST_STEP][PASSED] - println(symbol): null

2019-08-24 12:43:27 - [TEST_STEP][PASSED] - if (i == 2 &amp;&amp; wildList.indexOf(symbol) != -1): null

2019-08-24 12:43:27 - [TEST_STEP][PASSED] - if (i == 3 &amp;&amp; wildList.indexOf(symbol) != -1): null

2019-08-24 12:43:27 - [TEST_STEP][PASSED] - if (i == 4 &amp;&amp; wildList.indexOf(symbol) != -1): null

2019-08-24 12:43:27 - [TEST_STEP][PASSED] - symbol = symbol: null

2019-08-24 12:43:27 - [TEST_STEP][PASSED] - println(symbol): null

2019-08-24 12:43:27 - [TEST_STEP][PASSED] - if (i == 2 &amp;&amp; wildList.indexOf(symbol) != -1): null

2019-08-24 12:43:27 - [TEST_STEP][PASSED] - if (i == 3 &amp;&amp; wildList.indexOf(symbol) != -1): null

2019-08-24 12:43:27 - [TEST_STEP][PASSED] - if (i == 4 &amp;&amp; wildList.indexOf(symbol) != -1): null

2019-08-24 12:43:27 - [TEST_STEP][PASSED] - symbol = symbol: null

2019-08-24 12:43:27 - [TEST_STEP][PASSED] - println(symbol): null

2019-08-24 12:43:27 - [TEST_STEP][PASSED] - if (i == 2 &amp;&amp; wildList.indexOf(symbol) != -1): null

2019-08-24 12:43:27 - [TEST_STEP][PASSED] - if (i == 3 &amp;&amp; wildList.indexOf(symbol) != -1): null

2019-08-24 12:43:27 - [TEST_STEP][PASSED] - if (i == 4 &amp;&amp; wildList.indexOf(symbol) != -1): null

2019-08-24 12:43:27 - [TEST_STEP][PASSED] - symbols = symbols: null

2019-08-24 12:43:27 - [TEST_STEP][PASSED] - for ([j = 0, j &lt; symbols.size(), (j++)]): null

2019-08-24 12:43:27 - [TEST_STEP][PASSED] - symbol = symbol: null

2019-08-24 12:43:27 - [TEST_STEP][PASSED] - println(symbol): null

2019-08-24 12:43:27 - [TEST_STEP][PASSED] - if (i == 2 &amp;&amp; wildList.indexOf(symbol) != -1): null

2019-08-24 12:43:27 - [TEST_STEP][PASSED] - if (i == 3 &amp;&amp; wildList.indexOf(symbol) != -1): null

2019-08-24 12:43:27 - [TEST_STEP][PASSED] - if (i == 4 &amp;&amp; wildList.indexOf(symbol) != -1): null

2019-08-24 12:43:27 - [TEST_STEP][PASSED] - symbol = symbol: null

2019-08-24 12:43:27 - [TEST_STEP][PASSED] - println(symbol): null

2019-08-24 12:43:27 - [TEST_STEP][PASSED] - if (i == 2 &amp;&amp; wildList.indexOf(symbol) != -1): null

2019-08-24 12:43:27 - [TEST_STEP][PASSED] - if (i == 3 &amp;&amp; wildList.indexOf(symbol) != -1): null

2019-08-24 12:43:27 - [TEST_STEP][PASSED] - if (i == 4 &amp;&amp; wildList.indexOf(symbol) != -1): null

2019-08-24 12:43:27 - [TEST_STEP][PASSED] - symbol = symbol: null

2019-08-24 12:43:27 - [TEST_STEP][PASSED] - println(symbol): null

2019-08-24 12:43:27 - [TEST_STEP][PASSED] - if (i == 2 &amp;&amp; wildList.indexOf(symbol) != -1): null

2019-08-24 12:43:27 - [TEST_STEP][PASSED] - if (i == 3 &amp;&amp; wildList.indexOf(symbol) != -1): null

2019-08-24 12:43:27 - [TEST_STEP][PASSED] - if (i == 4 &amp;&amp; wildList.indexOf(symbol) != -1): null

2019-08-24 12:43:27 - [TEST_STEP][PASSED] - free_spin_reel_counter = free_spin_reel_counter: null

2019-08-24 12:43:27 - [TEST_STEP][PASSED] - println("reel 3 wild found: " + free_spin_reel_counter[0]): null

2019-08-24 12:43:27 - [TEST_STEP][PASSED] - println("reel 4 wild found: " + free_spin_reel_counter[1]): null

2019-08-24 12:43:33 - [TEST_STEP][PASSED] - println("reel 5 wild found: " + free_spin_reel_counter[2]): null

2019-08-24 12:43:33 - [TEST_STEP][PASSED] - M4_spin_reels = M4_spin_reels: null

2019-08-24 12:43:33 - [TEST_STEP][PASSED] - M4_spin_reels_symbols = symbol: null

2019-08-24 12:43:33 - [TEST_STEP][PASSED] - M4_spin_reels_symbols = M4_spin_reels_symbols: null

2019-08-24 12:43:33 - [TEST_STEP][PASSED] - M4_spin_reel_wins = reel_wins: null

2019-08-24 12:43:33 - [TEST_STEP][PASSED] - M4_spin_reel_wins = M4_spin_reel_wins: null

2019-08-24 12:43:33 - [TEST_STEP][PASSED] - println("GlobalVariable.M4_spin_reel_wins is: " + M4_spin_reel_wins): null

2019-08-24 12:43:33 - [TEST_STEP][PASSED] - M4_spin_total_bonus_win_this_round = total_bonus_win_this_round: null

2019-08-24 12:43:33 - [TEST_STEP][PASSED] - M4_spin_total_bonus_win_this_round = M4_spin_total_bonus_win_this_round: null

2019-08-24 12:43:33 - [TEST_STEP][PASSED] - println("GlobalVariable.M4_spin_total_bonus_win_this_round is: " + M4_spin_total_bonus_win_this_round): null

2019-08-24 12:43:33 - [TEST_STEP][PASSED] - M4_spin_bonus_spin_result = spin_result: null

2019-08-24 12:43:33 - [TEST_STEP][PASSED] - M4_spin_bonus_spin_result = M4_spin_bonus_spin_result: null

2019-08-24 12:43:33 - [MESSAGE][PASSED] - Verify response successfully

2019-08-24 12:43:33 - [MESSAGE][PASSED] - Send request and verify the response successfully

2019-08-24 12:43:33 - [TEST_STEP][PASSED] - if (M4_total_bonus_spins_int != 0 &amp;&amp; M4_spin_reels_symbols[2].contains("WILD_Double") || M4_spin_reels_symbols[4].contains("WILD_Triple")): null

2019-08-24 12:43:33 - [TEST_STEP][PASSED] - free_spin_reel_counter = free_spin_reel_counter: null

2019-08-24 12:43:33 - [TEST_STEP][PASSED] - M4_spin_reels_symbols = M4_spin_reels_symbols: null

2019-08-24 12:43:33 - [TEST_STEP][PASSED] - M4_total_bonus_spins = M4_total_bonus_spins: null

2019-08-24 12:43:33 - [TEST_STEP][PASSED] - spin_result = sendRequestAndVerify(findTestObject("INT/RGS(M4)/1_M4_spin", ["M4_login_user_id":M4_login_user_id, "rgs_session_token":rgs_session_token, "partner":Partner])): Send request and verify the response successfully

2019-08-24 12:43:34 - [MESSAGE][INFO] - HAR: /Users/eiralee/Katalon_Script/SuperWild/Reports/20190824_124242/INT/superWild_4/20190824_124242/requests/main/17.har

2019-08-24 12:43:34 - [TEST_CASE][PASSED] - Start Test Case : Verification: Verification accomplished successfully

2019-08-24 12:43:34 - [TEST_STEP][PASSED] - request = getInstance().getCurrentRequest(): null

2019-08-24 12:43:34 - [TEST_STEP][PASSED] - response = getInstance().getCurrentResponse(): null

2019-08-24 12:43:34 - [TEST_STEP][PASSED] - verifyResponseStatusCode(response, 200): Verify response status code successfully

2019-08-24 12:43:34 - [MESSAGE][PASSED] - Verify response status code successfully

2019-08-24 12:43:34 - [TEST_STEP][PASSED] - getStatusCode()).isEqualTo(200): null

2019-08-24 12:43:34 - [TEST_STEP][PASSED] - newline = System.getProperty("line.separator"): null

2019-08-24 12:43:34 - [TEST_STEP][PASSED] - M4_spin = new groovy.json.JsonSlurper(): null

2019-08-24 12:43:34 - [TEST_STEP][PASSED] - result_M4_spin = M4_spin.parseText(response.getResponseBodyContent()): null

2019-08-24 12:43:34 - [TEST_STEP][PASSED] - M4_spin_current_balance = current_balance: null

2019-08-24 12:43:34 - [TEST_STEP][PASSED] - M4_spin_current_balance = M4_spin_current_balance: null

2019-08-24 12:43:34 - [TEST_STEP][PASSED] - M4_spin_transaction_id = causality: null

2019-08-24 12:43:34 - [TEST_STEP][PASSED] - M4_spin_transaction_id = M4_spin_transaction_id: null

2019-08-24 12:43:34 - [TEST_STEP][PASSED] - M4_spin_round_id = round_id: null

2019-08-24 12:43:34 - [TEST_STEP][PASSED] - M4_spin_round_id = M4_spin_round_id: null

2019-08-24 12:43:34 - [TEST_STEP][PASSED] - M4_spin_line_wins = line_wins: null

2019-08-24 12:43:34 - [TEST_STEP][PASSED] - M4_spin_line_wins = M4_spin_line_wins: null

2019-08-24 12:43:34 - [TEST_STEP][PASSED] - M4_total_bonus_spins_int = total_bonus_spins: null

2019-08-24 12:43:34 - [TEST_STEP][PASSED] - println("******M4_total_bonus_spins type is:*******" + newline + getClass().getName()): null

2019-08-24 12:43:34 - [TEST_STEP][PASSED] - M4_total_bonus_spins_int = M4_total_bonus_spins_int: null

2019-08-24 12:43:34 - [TEST_STEP][PASSED] - M4_total_bonus_spins = Integer.toString(M4_total_bonus_spins_int): null

2019-08-24 12:43:34 - [TEST_STEP][PASSED] - M4_total_bonus_spins = M4_total_bonus_spins: null

2019-08-24 12:43:34 - [TEST_STEP][PASSED] - println("M4_total_bonus_spins is:" + M4_total_bonus_spins): null

2019-08-24 12:43:34 - [TEST_STEP][PASSED] - M4_spin_bonus_data = bonus_data: null

2019-08-24 12:43:34 - [TEST_STEP][PASSED] - M4_spin_features_triggered = result_M4_spin: null

2019-08-24 12:43:34 - [TEST_STEP][PASSED] - wild = []: null

2019-08-24 12:43:34 - [TEST_STEP][PASSED] - wild[0] = "WILD_Expanding": null

2019-08-24 12:43:34 - [TEST_STEP][PASSED] - wild[1] = "WILD_Normal": null

2019-08-24 12:43:34 - [TEST_STEP][PASSED] - wild[2] = "WILD_Double": null

2019-08-24 12:43:34 - [TEST_STEP][PASSED] - wild[3] = "WILD_ExtraFG": null

2019-08-24 12:43:34 - [TEST_STEP][PASSED] - wild[4] = "WILD_Triple": null

2019-08-24 12:43:34 - [TEST_STEP][PASSED] - wildList = Arrays.asList(wild): null

2019-08-24 12:43:34 - [TEST_STEP][PASSED] - wildList = wildList: null

2019-08-24 12:43:34 - [TEST_STEP][PASSED] - free_spin_reel_counter = []: null

2019-08-24 12:43:34 - [TEST_STEP][PASSED] - free_spin_reel_counter[0] = 0: null

2019-08-24 12:43:34 - [TEST_STEP][PASSED] - free_spin_reel_counter[1] = 0: null

2019-08-24 12:43:34 - [TEST_STEP][PASSED] - free_spin_reel_counter[2] = 0: null

2019-08-24 12:43:34 - [TEST_STEP][PASSED] - M4_spin_reels = reels: null

2019-08-24 12:43:34 - [TEST_STEP][PASSED] - for ([i = 0, i &lt; M4_spin_reels.size(), (i++)]): null

2019-08-24 12:43:34 - [TEST_STEP][PASSED] - symbols = symbols: null

2019-08-24 12:43:34 - [TEST_STEP][PASSED] - for ([j = 0, j &lt; symbols.size(), (j++)]): null

2019-08-24 12:43:34 - [TEST_STEP][PASSED] - symbol = symbol: null

2019-08-24 12:43:34 - [TEST_STEP][PASSED] - println(symbol): null

2019-08-24 12:43:34 - [TEST_STEP][PASSED] - if (i == 2 &amp;&amp; wildList.indexOf(symbol) != -1): null

2019-08-24 12:43:34 - [TEST_STEP][PASSED] - if (i == 3 &amp;&amp; wildList.indexOf(symbol) != -1): null

2019-08-24 12:43:34 - [TEST_STEP][PASSED] - if (i == 4 &amp;&amp; wildList.indexOf(symbol) != -1): null

2019-08-24 12:43:34 - [TEST_STEP][PASSED] - symbol = symbol: null

2019-08-24 12:43:34 - [TEST_STEP][PASSED] - println(symbol): null

2019-08-24 12:43:34 - [TEST_STEP][PASSED] - if (i == 2 &amp;&amp; wildList.indexOf(symbol) != -1): null

2019-08-24 12:43:34 - [TEST_STEP][PASSED] - if (i == 3 &amp;&amp; wildList.indexOf(symbol) != -1): null

2019-08-24 12:43:34 - [TEST_STEP][PASSED] - if (i == 4 &amp;&amp; wildList.indexOf(symbol) != -1): null

2019-08-24 12:43:34 - [TEST_STEP][PASSED] - symbol = symbol: null

2019-08-24 12:43:34 - [TEST_STEP][PASSED] - println(symbol): null

2019-08-24 12:43:34 - [TEST_STEP][PASSED] - if (i == 2 &amp;&amp; wildList.indexOf(symbol) != -1): null

2019-08-24 12:43:34 - [TEST_STEP][PASSED] - if (i == 3 &amp;&amp; wildList.indexOf(symbol) != -1): null

2019-08-24 12:43:34 - [TEST_STEP][PASSED] - if (i == 4 &amp;&amp; wildList.indexOf(symbol) != -1): null

2019-08-24 12:43:34 - [TEST_STEP][PASSED] - symbols = symbols: null

2019-08-24 12:43:34 - [TEST_STEP][PASSED] - for ([j = 0, j &lt; symbols.size(), (j++)]): null

2019-08-24 12:43:34 - [TEST_STEP][PASSED] - symbol = symbol: null

2019-08-24 12:43:34 - [TEST_STEP][PASSED] - println(symbol): null

2019-08-24 12:43:34 - [TEST_STEP][PASSED] - if (i == 2 &amp;&amp; wildList.indexOf(symbol) != -1): null

2019-08-24 12:43:34 - [TEST_STEP][PASSED] - if (i == 3 &amp;&amp; wildList.indexOf(symbol) != -1): null

2019-08-24 12:43:34 - [TEST_STEP][PASSED] - if (i == 4 &amp;&amp; wildList.indexOf(symbol) != -1): null

2019-08-24 12:43:34 - [TEST_STEP][PASSED] - symbol = symbol: null

2019-08-24 12:43:34 - [TEST_STEP][PASSED] - println(symbol): null

2019-08-24 12:43:34 - [TEST_STEP][PASSED] - if (i == 2 &amp;&amp; wildList.indexOf(symbol) != -1): null

2019-08-24 12:43:34 - [TEST_STEP][PASSED] - if (i == 3 &amp;&amp; wildList.indexOf(symbol) != -1): null

2019-08-24 12:43:34 - [TEST_STEP][PASSED] - if (i == 4 &amp;&amp; wildList.indexOf(symbol) != -1): null

2019-08-24 12:43:34 - [TEST_STEP][PASSED] - symbol = symbol: null

2019-08-24 12:43:34 - [TEST_STEP][PASSED] - println(symbol): null

2019-08-24 12:43:34 - [TEST_STEP][PASSED] - if (i == 2 &amp;&amp; wildList.indexOf(symbol) != -1): null

2019-08-24 12:43:34 - [TEST_STEP][PASSED] - if (i == 3 &amp;&amp; wildList.indexOf(symbol) != -1): null

2019-08-24 12:43:34 - [TEST_STEP][PASSED] - if (i == 4 &amp;&amp; wildList.indexOf(symbol) != -1): null

2019-08-24 12:43:34 - [TEST_STEP][PASSED] - symbols = symbols: null

2019-08-24 12:43:34 - [TEST_STEP][PASSED] - for ([j = 0, j &lt; symbols.size(), (j++)]): null

2019-08-24 12:43:34 - [TEST_STEP][PASSED] - symbol = symbol: null

2019-08-24 12:43:34 - [TEST_STEP][PASSED] - println(symbol): null

2019-08-24 12:43:34 - [TEST_STEP][PASSED] - if (i == 2 &amp;&amp; wildList.indexOf(symbol) != -1): null

2019-08-24 12:43:34 - [TEST_STEP][PASSED] - if (i == 3 &amp;&amp; wildList.indexOf(symbol) != -1): null

2019-08-24 12:43:34 - [TEST_STEP][PASSED] - if (i == 4 &amp;&amp; wildList.indexOf(symbol) != -1): null

2019-08-24 12:43:34 - [TEST_STEP][PASSED] - symbol = symbol: null

2019-08-24 12:43:34 - [TEST_STEP][PASSED] - println(symbol): null

2019-08-24 12:43:34 - [TEST_STEP][PASSED] - if (i == 2 &amp;&amp; wildList.indexOf(symbol) != -1): null

2019-08-24 12:43:34 - [TEST_STEP][PASSED] - if (i == 3 &amp;&amp; wildList.indexOf(symbol) != -1): null

2019-08-24 12:43:34 - [TEST_STEP][PASSED] - if (i == 4 &amp;&amp; wildList.indexOf(symbol) != -1): null

2019-08-24 12:43:34 - [TEST_STEP][PASSED] - symbol = symbol: null

2019-08-24 12:43:34 - [TEST_STEP][PASSED] - println(symbol): null

2019-08-24 12:43:34 - [TEST_STEP][PASSED] - if (i == 2 &amp;&amp; wildList.indexOf(symbol) != -1): null

2019-08-24 12:43:34 - [TEST_STEP][PASSED] - if (i == 3 &amp;&amp; wildList.indexOf(symbol) != -1): null

2019-08-24 12:43:34 - [TEST_STEP][PASSED] - if (i == 4 &amp;&amp; wildList.indexOf(symbol) != -1): null

2019-08-24 12:43:34 - [TEST_STEP][PASSED] - symbols = symbols: null

2019-08-24 12:43:34 - [TEST_STEP][PASSED] - for ([j = 0, j &lt; symbols.size(), (j++)]): null

2019-08-24 12:43:34 - [TEST_STEP][PASSED] - symbol = symbol: null

2019-08-24 12:43:34 - [TEST_STEP][PASSED] - println(symbol): null

2019-08-24 12:43:34 - [TEST_STEP][PASSED] - if (i == 2 &amp;&amp; wildList.indexOf(symbol) != -1): null

2019-08-24 12:43:34 - [TEST_STEP][PASSED] - if (i == 3 &amp;&amp; wildList.indexOf(symbol) != -1): null

2019-08-24 12:43:34 - [TEST_STEP][PASSED] - if (i == 4 &amp;&amp; wildList.indexOf(symbol) != -1): null

2019-08-24 12:43:34 - [TEST_STEP][PASSED] - symbol = symbol: null

2019-08-24 12:43:34 - [TEST_STEP][PASSED] - println(symbol): null

2019-08-24 12:43:34 - [TEST_STEP][PASSED] - if (i == 2 &amp;&amp; wildList.indexOf(symbol) != -1): null

2019-08-24 12:43:34 - [TEST_STEP][PASSED] - if (i == 3 &amp;&amp; wildList.indexOf(symbol) != -1): null

2019-08-24 12:43:34 - [TEST_STEP][PASSED] - if (i == 4 &amp;&amp; wildList.indexOf(symbol) != -1): null

2019-08-24 12:43:34 - [TEST_STEP][PASSED] - symbol = symbol: null

2019-08-24 12:43:34 - [TEST_STEP][PASSED] - println(symbol): null

2019-08-24 12:43:34 - [TEST_STEP][PASSED] - if (i == 2 &amp;&amp; wildList.indexOf(symbol) != -1): null

2019-08-24 12:43:34 - [TEST_STEP][PASSED] - if (i == 3 &amp;&amp; wildList.indexOf(symbol) != -1): null

2019-08-24 12:43:34 - [TEST_STEP][PASSED] - if (i == 4 &amp;&amp; wildList.indexOf(symbol) != -1): null

2019-08-24 12:43:34 - [TEST_STEP][PASSED] - symbols = symbols: null

2019-08-24 12:43:34 - [TEST_STEP][PASSED] - for ([j = 0, j &lt; symbols.size(), (j++)]): null

2019-08-24 12:43:34 - [TEST_STEP][PASSED] - symbol = symbol: null

2019-08-24 12:43:34 - [TEST_STEP][PASSED] - println(symbol): null

2019-08-24 12:43:34 - [TEST_STEP][PASSED] - if (i == 2 &amp;&amp; wildList.indexOf(symbol) != -1): null

2019-08-24 12:43:34 - [TEST_STEP][PASSED] - if (i == 3 &amp;&amp; wildList.indexOf(symbol) != -1): null

2019-08-24 12:43:34 - [TEST_STEP][PASSED] - if (i == 4 &amp;&amp; wildList.indexOf(symbol) != -1): null

2019-08-24 12:43:34 - [TEST_STEP][PASSED] - symbol = symbol: null

2019-08-24 12:43:34 - [TEST_STEP][PASSED] - println(symbol): null

2019-08-24 12:43:34 - [TEST_STEP][PASSED] - if (i == 2 &amp;&amp; wildList.indexOf(symbol) != -1): null

2019-08-24 12:43:34 - [TEST_STEP][PASSED] - if (i == 3 &amp;&amp; wildList.indexOf(symbol) != -1): null

2019-08-24 12:43:34 - [TEST_STEP][PASSED] - if (i == 4 &amp;&amp; wildList.indexOf(symbol) != -1): null

2019-08-24 12:43:34 - [TEST_STEP][PASSED] - symbol = symbol: null

2019-08-24 12:43:34 - [TEST_STEP][PASSED] - println(symbol): null

2019-08-24 12:43:34 - [TEST_STEP][PASSED] - if (i == 2 &amp;&amp; wildList.indexOf(symbol) != -1): null

2019-08-24 12:43:34 - [TEST_STEP][PASSED] - if (i == 3 &amp;&amp; wildList.indexOf(symbol) != -1): null

2019-08-24 12:43:34 - [TEST_STEP][PASSED] - if (i == 4 &amp;&amp; wildList.indexOf(symbol) != -1): null

2019-08-24 12:43:34 - [TEST_STEP][PASSED] - free_spin_reel_counter = free_spin_reel_counter: null

2019-08-24 12:43:34 - [TEST_STEP][PASSED] - println("reel 3 wild found: " + free_spin_reel_counter[0]): null

2019-08-24 12:43:34 - [TEST_STEP][PASSED] - println("reel 4 wild found: " + free_spin_reel_counter[1]): null

2019-08-24 12:43:34 - [TEST_STEP][PASSED] - println("reel 5 wild found: " + free_spin_reel_counter[2]): null

2019-08-24 12:43:34 - [TEST_STEP][PASSED] - M4_spin_reels = M4_spin_reels: null

2019-08-24 12:43:34 - [TEST_STEP][PASSED] - M4_spin_reels_symbols = symbol: null

2019-08-24 12:43:34 - [TEST_STEP][PASSED] - M4_spin_reels_symbols = M4_spin_reels_symbols: null

2019-08-24 12:43:34 - [TEST_STEP][PASSED] - M4_spin_reel_wins = reel_wins: null

2019-08-24 12:43:34 - [TEST_STEP][PASSED] - M4_spin_reel_wins = M4_spin_reel_wins: null

2019-08-24 12:43:34 - [TEST_STEP][PASSED] - println("GlobalVariable.M4_spin_reel_wins is: " + M4_spin_reel_wins): null

2019-08-24 12:43:34 - [TEST_STEP][PASSED] - M4_spin_total_bonus_win_this_round = total_bonus_win_this_round: null

2019-08-24 12:43:34 - [TEST_STEP][PASSED] - M4_spin_total_bonus_win_this_round = M4_spin_total_bonus_win_this_round: null

2019-08-24 12:43:34 - [TEST_STEP][PASSED] - println("GlobalVariable.M4_spin_total_bonus_win_this_round is: " + M4_spin_total_bonus_win_this_round): null

2019-08-24 12:43:34 - [TEST_STEP][PASSED] - M4_spin_bonus_spin_result = spin_result: null

2019-08-24 12:43:34 - [TEST_STEP][PASSED] - M4_spin_bonus_spin_result = M4_spin_bonus_spin_result: null

2019-08-24 12:43:34 - [MESSAGE][PASSED] - Verify response successfully

2019-08-24 12:43:34 - [MESSAGE][PASSED] - Send request and verify the response successfully

2019-08-24 12:43:34 - [TEST_STEP][PASSED] - if (M4_total_bonus_spins_int != 0 &amp;&amp; M4_spin_reels_symbols[2].contains("WILD_Double") || M4_spin_reels_symbols[4].contains("WILD_Triple")): null

2019-08-24 12:43:34 - [TEST_STEP][PASSED] - free_spin_reel_counter = free_spin_reel_counter: null

2019-08-24 12:43:34 - [TEST_STEP][PASSED] - M4_spin_reels_symbols = M4_spin_reels_symbols: null

2019-08-24 12:43:34 - [TEST_STEP][PASSED] - M4_total_bonus_spins = M4_total_bonus_spins: null

2019-08-24 12:43:34 - [TEST_STEP][PASSED] - spin_result = sendRequestAndVerify(findTestObject("INT/RGS(M4)/1_M4_spin", ["M4_login_user_id":M4_login_user_id, "rgs_session_token":rgs_session_token, "partner":Partner])): Send request and verify the response successfully

2019-08-24 12:43:34 - [MESSAGE][INFO] - HAR: /Users/eiralee/Katalon_Script/SuperWild/Reports/20190824_124242/INT/superWild_4/20190824_124242/requests/main/18.har

2019-08-24 12:43:34 - [TEST_CASE][PASSED] - Start Test Case : Verification: Verification accomplished successfully

2019-08-24 12:43:34 - [TEST_STEP][PASSED] - request = getInstance().getCurrentRequest(): null

2019-08-24 12:43:34 - [TEST_STEP][PASSED] - response = getInstance().getCurrentResponse(): null

2019-08-24 12:43:34 - [TEST_STEP][PASSED] - verifyResponseStatusCode(response, 200): Verify response status code successfully

2019-08-24 12:43:34 - [MESSAGE][PASSED] - Verify response status code successfully

2019-08-24 12:43:34 - [TEST_STEP][PASSED] - getStatusCode()).isEqualTo(200): null

2019-08-24 12:43:34 - [TEST_STEP][PASSED] - newline = System.getProperty("line.separator"): null

2019-08-24 12:43:34 - [TEST_STEP][PASSED] - M4_spin = new groovy.json.JsonSlurper(): null

2019-08-24 12:43:34 - [TEST_STEP][PASSED] - result_M4_spin = M4_spin.parseText(response.getResponseBodyContent()): null

2019-08-24 12:43:34 - [TEST_STEP][PASSED] - M4_spin_current_balance = current_balance: null

2019-08-24 12:43:34 - [TEST_STEP][PASSED] - M4_spin_current_balance = M4_spin_current_balance: null

2019-08-24 12:43:34 - [TEST_STEP][PASSED] - M4_spin_transaction_id = causality: null

2019-08-24 12:43:34 - [TEST_STEP][PASSED] - M4_spin_transaction_id = M4_spin_transaction_id: null

2019-08-24 12:43:34 - [TEST_STEP][PASSED] - M4_spin_round_id = round_id: null

2019-08-24 12:43:34 - [TEST_STEP][PASSED] - M4_spin_round_id = M4_spin_round_id: null

2019-08-24 12:43:34 - [TEST_STEP][PASSED] - M4_spin_line_wins = line_wins: null

2019-08-24 12:43:34 - [TEST_STEP][PASSED] - M4_spin_line_wins = M4_spin_line_wins: null

2019-08-24 12:43:34 - [TEST_STEP][PASSED] - M4_total_bonus_spins_int = total_bonus_spins: null

2019-08-24 12:43:34 - [TEST_STEP][PASSED] - println("******M4_total_bonus_spins type is:*******" + newline + getClass().getName()): null

2019-08-24 12:43:34 - [TEST_STEP][PASSED] - M4_total_bonus_spins_int = M4_total_bonus_spins_int: null

2019-08-24 12:43:34 - [TEST_STEP][PASSED] - M4_total_bonus_spins = Integer.toString(M4_total_bonus_spins_int): null

2019-08-24 12:43:34 - [TEST_STEP][PASSED] - M4_total_bonus_spins = M4_total_bonus_spins: null

2019-08-24 12:43:34 - [TEST_STEP][PASSED] - println("M4_total_bonus_spins is:" + M4_total_bonus_spins): null

2019-08-24 12:43:34 - [TEST_STEP][PASSED] - M4_spin_bonus_data = bonus_data: null

2019-08-24 12:43:34 - [TEST_STEP][PASSED] - M4_spin_features_triggered = result_M4_spin: null

2019-08-24 12:43:34 - [TEST_STEP][PASSED] - wild = []: null

2019-08-24 12:43:34 - [TEST_STEP][PASSED] - wild[0] = "WILD_Expanding": null

2019-08-24 12:43:34 - [TEST_STEP][PASSED] - wild[1] = "WILD_Normal": null

2019-08-24 12:43:34 - [TEST_STEP][PASSED] - wild[2] = "WILD_Double": null

2019-08-24 12:43:34 - [TEST_STEP][PASSED] - wild[3] = "WILD_ExtraFG": null

2019-08-24 12:43:34 - [TEST_STEP][PASSED] - wild[4] = "WILD_Triple": null

2019-08-24 12:43:34 - [TEST_STEP][PASSED] - wildList = Arrays.asList(wild): null

2019-08-24 12:43:34 - [TEST_STEP][PASSED] - wildList = wildList: null

2019-08-24 12:43:34 - [TEST_STEP][PASSED] - free_spin_reel_counter = []: null

2019-08-24 12:43:34 - [TEST_STEP][PASSED] - free_spin_reel_counter[0] = 0: null

2019-08-24 12:43:34 - [TEST_STEP][PASSED] - free_spin_reel_counter[1] = 0: null

2019-08-24 12:43:34 - [TEST_STEP][PASSED] - free_spin_reel_counter[2] = 0: null

2019-08-24 12:43:34 - [TEST_STEP][PASSED] - M4_spin_reels = reels: null

2019-08-24 12:43:34 - [TEST_STEP][PASSED] - for ([i = 0, i &lt; M4_spin_reels.size(), (i++)]): null

2019-08-24 12:43:34 - [TEST_STEP][PASSED] - symbols = symbols: null

2019-08-24 12:43:34 - [TEST_STEP][PASSED] - for ([j = 0, j &lt; symbols.size(), (j++)]): null

2019-08-24 12:43:34 - [TEST_STEP][PASSED] - symbol = symbol: null

2019-08-24 12:43:34 - [TEST_STEP][PASSED] - println(symbol): null

2019-08-24 12:43:34 - [TEST_STEP][PASSED] - if (i == 2 &amp;&amp; wildList.indexOf(symbol) != -1): null

2019-08-24 12:43:34 - [TEST_STEP][PASSED] - if (i == 3 &amp;&amp; wildList.indexOf(symbol) != -1): null

2019-08-24 12:43:34 - [TEST_STEP][PASSED] - if (i == 4 &amp;&amp; wildList.indexOf(symbol) != -1): null

2019-08-24 12:43:34 - [TEST_STEP][PASSED] - symbol = symbol: null

2019-08-24 12:43:34 - [TEST_STEP][PASSED] - println(symbol): null

2019-08-24 12:43:34 - [TEST_STEP][PASSED] - if (i == 2 &amp;&amp; wildList.indexOf(symbol) != -1): null

2019-08-24 12:43:34 - [TEST_STEP][PASSED] - if (i == 3 &amp;&amp; wildList.indexOf(symbol) != -1): null

2019-08-24 12:43:34 - [TEST_STEP][PASSED] - if (i == 4 &amp;&amp; wildList.indexOf(symbol) != -1): null

2019-08-24 12:43:34 - [TEST_STEP][PASSED] - symbol = symbol: null

2019-08-24 12:43:34 - [TEST_STEP][PASSED] - println(symbol): null

2019-08-24 12:43:34 - [TEST_STEP][PASSED] - if (i == 2 &amp;&amp; wildList.indexOf(symbol) != -1): null

2019-08-24 12:43:34 - [TEST_STEP][PASSED] - if (i == 3 &amp;&amp; wildList.indexOf(symbol) != -1): null

2019-08-24 12:43:34 - [TEST_STEP][PASSED] - if (i == 4 &amp;&amp; wildList.indexOf(symbol) != -1): null

2019-08-24 12:43:34 - [TEST_STEP][PASSED] - symbols = symbols: null

2019-08-24 12:43:34 - [TEST_STEP][PASSED] - for ([j = 0, j &lt; symbols.size(), (j++)]): null

2019-08-24 12:43:34 - [TEST_STEP][PASSED] - symbol = symbol: null

2019-08-24 12:43:34 - [TEST_STEP][PASSED] - println(symbol): null

2019-08-24 12:43:34 - [TEST_STEP][PASSED] - if (i == 2 &amp;&amp; wildList.indexOf(symbol) != -1): null

2019-08-24 12:43:34 - [TEST_STEP][PASSED] - if (i == 3 &amp;&amp; wildList.indexOf(symbol) != -1): null

2019-08-24 12:43:34 - [TEST_STEP][PASSED] - if (i == 4 &amp;&amp; wildList.indexOf(symbol) != -1): null

2019-08-24 12:43:34 - [TEST_STEP][PASSED] - symbol = symbol: null

2019-08-24 12:43:34 - [TEST_STEP][PASSED] - println(symbol): null

2019-08-24 12:43:34 - [TEST_STEP][PASSED] - if (i == 2 &amp;&amp; wildList.indexOf(symbol) != -1): null

2019-08-24 12:43:34 - [TEST_STEP][PASSED] - if (i == 3 &amp;&amp; wildList.indexOf(symbol) != -1): null

2019-08-24 12:43:34 - [TEST_STEP][PASSED] - if (i == 4 &amp;&amp; wildList.indexOf(symbol) != -1): null

2019-08-24 12:43:34 - [TEST_STEP][PASSED] - symbol = symbol: null

2019-08-24 12:43:34 - [TEST_STEP][PASSED] - println(symbol): null

2019-08-24 12:43:34 - [TEST_STEP][PASSED] - if (i == 2 &amp;&amp; wildList.indexOf(symbol) != -1): null

2019-08-24 12:43:34 - [TEST_STEP][PASSED] - if (i == 3 &amp;&amp; wildList.indexOf(symbol) != -1): null

2019-08-24 12:43:34 - [TEST_STEP][PASSED] - if (i == 4 &amp;&amp; wildList.indexOf(symbol) != -1): null

2019-08-24 12:43:34 - [TEST_STEP][PASSED] - symbols = symbols: null

2019-08-24 12:43:34 - [TEST_STEP][PASSED] - for ([j = 0, j &lt; symbols.size(), (j++)]): null

2019-08-24 12:43:34 - [TEST_STEP][PASSED] - symbol = symbol: null

2019-08-24 12:43:34 - [TEST_STEP][PASSED] - println(symbol): null

2019-08-24 12:43:34 - [TEST_STEP][PASSED] - if (i == 2 &amp;&amp; wildList.indexOf(symbol) != -1): null

2019-08-24 12:43:34 - [TEST_STEP][PASSED] - if (i == 3 &amp;&amp; wildList.indexOf(symbol) != -1): null

2019-08-24 12:43:34 - [TEST_STEP][PASSED] - if (i == 4 &amp;&amp; wildList.indexOf(symbol) != -1): null

2019-08-24 12:43:34 - [TEST_STEP][PASSED] - symbol = symbol: null

2019-08-24 12:43:34 - [TEST_STEP][PASSED] - println(symbol): null

2019-08-24 12:43:34 - [TEST_STEP][PASSED] - if (i == 2 &amp;&amp; wildList.indexOf(symbol) != -1): null

2019-08-24 12:43:34 - [TEST_STEP][PASSED] - if (i == 3 &amp;&amp; wildList.indexOf(symbol) != -1): null

2019-08-24 12:43:34 - [TEST_STEP][PASSED] - if (i == 4 &amp;&amp; wildList.indexOf(symbol) != -1): null

2019-08-24 12:43:34 - [TEST_STEP][PASSED] - symbol = symbol: null

2019-08-24 12:43:34 - [TEST_STEP][PASSED] - println(symbol): null

2019-08-24 12:43:34 - [TEST_STEP][PASSED] - if (i == 2 &amp;&amp; wildList.indexOf(symbol) != -1): null

2019-08-24 12:43:34 - [TEST_STEP][PASSED] - if (i == 3 &amp;&amp; wildList.indexOf(symbol) != -1): null

2019-08-24 12:43:34 - [TEST_STEP][PASSED] - if (i == 4 &amp;&amp; wildList.indexOf(symbol) != -1): null

2019-08-24 12:43:34 - [TEST_STEP][PASSED] - symbols = symbols: null

2019-08-24 12:43:34 - [TEST_STEP][PASSED] - for ([j = 0, j &lt; symbols.size(), (j++)]): null

2019-08-24 12:43:34 - [TEST_STEP][PASSED] - symbol = symbol: null

2019-08-24 12:43:34 - [TEST_STEP][PASSED] - println(symbol): null

2019-08-24 12:43:34 - [TEST_STEP][PASSED] - if (i == 2 &amp;&amp; wildList.indexOf(symbol) != -1): null

2019-08-24 12:43:34 - [TEST_STEP][PASSED] - if (i == 3 &amp;&amp; wildList.indexOf(symbol) != -1): null

2019-08-24 12:43:34 - [TEST_STEP][PASSED] - if (i == 4 &amp;&amp; wildList.indexOf(symbol) != -1): null

2019-08-24 12:43:34 - [TEST_STEP][PASSED] - symbol = symbol: null

2019-08-24 12:43:34 - [TEST_STEP][PASSED] - println(symbol): null

2019-08-24 12:43:34 - [TEST_STEP][PASSED] - if (i == 2 &amp;&amp; wildList.indexOf(symbol) != -1): null

2019-08-24 12:43:34 - [TEST_STEP][PASSED] - if (i == 3 &amp;&amp; wildList.indexOf(symbol) != -1): null

2019-08-24 12:43:34 - [TEST_STEP][PASSED] - if (i == 4 &amp;&amp; wildList.indexOf(symbol) != -1): null

2019-08-24 12:43:34 - [TEST_STEP][PASSED] - symbol = symbol: null

2019-08-24 12:43:34 - [TEST_STEP][PASSED] - println(symbol): null

2019-08-24 12:43:34 - [TEST_STEP][PASSED] - if (i == 2 &amp;&amp; wildList.indexOf(symbol) != -1): null

2019-08-24 12:43:34 - [TEST_STEP][PASSED] - if (i == 3 &amp;&amp; wildList.indexOf(symbol) != -1): null

2019-08-24 12:43:34 - [TEST_STEP][PASSED] - if (i == 4 &amp;&amp; wildList.indexOf(symbol) != -1): null

2019-08-24 12:43:34 - [TEST_STEP][PASSED] - symbols = symbols: null

2019-08-24 12:43:34 - [TEST_STEP][PASSED] - for ([j = 0, j &lt; symbols.size(), (j++)]): null

2019-08-24 12:43:34 - [TEST_STEP][PASSED] - symbol = symbol: null

2019-08-24 12:43:34 - [TEST_STEP][PASSED] - println(symbol): null

2019-08-24 12:43:34 - [TEST_STEP][PASSED] - if (i == 2 &amp;&amp; wildList.indexOf(symbol) != -1): null

2019-08-24 12:43:34 - [TEST_STEP][PASSED] - if (i == 3 &amp;&amp; wildList.indexOf(symbol) != -1): null

2019-08-24 12:43:34 - [TEST_STEP][PASSED] - if (i == 4 &amp;&amp; wildList.indexOf(symbol) != -1): null

2019-08-24 12:43:34 - [TEST_STEP][PASSED] - symbol = symbol: null

2019-08-24 12:43:34 - [TEST_STEP][PASSED] - println(symbol): null

2019-08-24 12:43:34 - [TEST_STEP][PASSED] - if (i == 2 &amp;&amp; wildList.indexOf(symbol) != -1): null

2019-08-24 12:43:34 - [TEST_STEP][PASSED] - if (i == 3 &amp;&amp; wildList.indexOf(symbol) != -1): null

2019-08-24 12:43:34 - [TEST_STEP][PASSED] - if (i == 4 &amp;&amp; wildList.indexOf(symbol) != -1): null

2019-08-24 12:43:34 - [TEST_STEP][PASSED] - symbol = symbol: null

2019-08-24 12:43:34 - [TEST_STEP][PASSED] - println(symbol): null

2019-08-24 12:43:34 - [TEST_STEP][PASSED] - if (i == 2 &amp;&amp; wildList.indexOf(symbol) != -1): null

2019-08-24 12:43:34 - [TEST_STEP][PASSED] - if (i == 3 &amp;&amp; wildList.indexOf(symbol) != -1): null

2019-08-24 12:43:34 - [TEST_STEP][PASSED] - if (i == 4 &amp;&amp; wildList.indexOf(symbol) != -1): null

2019-08-24 12:43:34 - [TEST_STEP][PASSED] - free_spin_reel_counter = free_spin_reel_counter: null

2019-08-24 12:43:34 - [TEST_STEP][PASSED] - println("reel 3 wild found: " + free_spin_reel_counter[0]): null

2019-08-24 12:43:34 - [TEST_STEP][PASSED] - println("reel 4 wild found: " + free_spin_reel_counter[1]): null

2019-08-24 12:43:34 - [TEST_STEP][PASSED] - println("reel 5 wild found: " + free_spin_reel_counter[2]): null

2019-08-24 12:43:34 - [TEST_STEP][PASSED] - M4_spin_reels = M4_spin_reels: null

2019-08-24 12:43:34 - [TEST_STEP][PASSED] - M4_spin_reels_symbols = symbol: null

2019-08-24 12:43:34 - [TEST_STEP][PASSED] - M4_spin_reels_symbols = M4_spin_reels_symbols: null

2019-08-24 12:43:34 - [TEST_STEP][PASSED] - M4_spin_reel_wins = reel_wins: null

2019-08-24 12:43:34 - [TEST_STEP][PASSED] - M4_spin_reel_wins = M4_spin_reel_wins: null

2019-08-24 12:43:34 - [TEST_STEP][PASSED] - println("GlobalVariable.M4_spin_reel_wins is: " + M4_spin_reel_wins): null

2019-08-24 12:43:34 - [TEST_STEP][PASSED] - M4_spin_total_bonus_win_this_round = total_bonus_win_this_round: null

2019-08-24 12:43:34 - [TEST_STEP][PASSED] - M4_spin_total_bonus_win_this_round = M4_spin_total_bonus_win_this_round: null

2019-08-24 12:43:34 - [TEST_STEP][PASSED] - println("GlobalVariable.M4_spin_total_bonus_win_this_round is: " + M4_spin_total_bonus_win_this_round): null

2019-08-24 12:43:34 - [TEST_STEP][PASSED] - M4_spin_bonus_spin_result = spin_result: null

2019-08-24 12:43:34 - [TEST_STEP][PASSED] - M4_spin_bonus_spin_result = M4_spin_bonus_spin_result: null

2019-08-24 12:43:34 - [MESSAGE][PASSED] - Verify response successfully

2019-08-24 12:43:34 - [MESSAGE][PASSED] - Send request and verify the response successfully

2019-08-24 12:43:34 - [TEST_STEP][PASSED] - if (M4_total_bonus_spins_int != 0 &amp;&amp; M4_spin_reels_symbols[2].contains("WILD_Double") || M4_spin_reels_symbols[4].contains("WILD_Triple")): null

2019-08-24 12:43:34 - [TEST_STEP][PASSED] - free_spin_reel_counter = free_spin_reel_counter: null

2019-08-24 12:43:34 - [TEST_STEP][PASSED] - M4_spin_reels_symbols = M4_spin_reels_symbols: null

2019-08-24 12:43:34 - [TEST_STEP][PASSED] - M4_total_bonus_spins = M4_total_bonus_spins: null

2019-08-24 12:43:34 - [TEST_STEP][PASSED] - spin_result = sendRequestAndVerify(findTestObject("INT/RGS(M4)/1_M4_spin", ["M4_login_user_id":M4_login_user_id, "rgs_session_token":rgs_session_token, "partner":Partner])): Send request and verify the response successfully

2019-08-24 12:43:35 - [MESSAGE][INFO] - HAR: /Users/eiralee/Katalon_Script/SuperWild/Reports/20190824_124242/INT/superWild_4/20190824_124242/requests/main/19.har

2019-08-24 12:43:35 - [TEST_CASE][PASSED] - Start Test Case : Verification: Verification accomplished successfully

2019-08-24 12:43:35 - [TEST_STEP][PASSED] - request = getInstance().getCurrentRequest(): null

2019-08-24 12:43:35 - [TEST_STEP][PASSED] - response = getInstance().getCurrentResponse(): null

2019-08-24 12:43:35 - [TEST_STEP][PASSED] - verifyResponseStatusCode(response, 200): Verify response status code successfully

2019-08-24 12:43:35 - [MESSAGE][PASSED] - Verify response status code successfully

2019-08-24 12:43:35 - [TEST_STEP][PASSED] - getStatusCode()).isEqualTo(200): null

2019-08-24 12:43:35 - [TEST_STEP][PASSED] - newline = System.getProperty("line.separator"): null

2019-08-24 12:43:35 - [TEST_STEP][PASSED] - M4_spin = new groovy.json.JsonSlurper(): null

2019-08-24 12:43:35 - [TEST_STEP][PASSED] - result_M4_spin = M4_spin.parseText(response.getResponseBodyContent()): null

2019-08-24 12:43:35 - [TEST_STEP][PASSED] - M4_spin_current_balance = current_balance: null

2019-08-24 12:43:35 - [TEST_STEP][PASSED] - M4_spin_current_balance = M4_spin_current_balance: null

2019-08-24 12:43:35 - [TEST_STEP][PASSED] - M4_spin_transaction_id = causality: null

2019-08-24 12:43:35 - [TEST_STEP][PASSED] - M4_spin_transaction_id = M4_spin_transaction_id: null

2019-08-24 12:43:35 - [TEST_STEP][PASSED] - M4_spin_round_id = round_id: null

2019-08-24 12:43:35 - [TEST_STEP][PASSED] - M4_spin_round_id = M4_spin_round_id: null

2019-08-24 12:43:35 - [TEST_STEP][PASSED] - M4_spin_line_wins = line_wins: null

2019-08-24 12:43:35 - [TEST_STEP][PASSED] - M4_spin_line_wins = M4_spin_line_wins: null

2019-08-24 12:43:35 - [TEST_STEP][PASSED] - M4_total_bonus_spins_int = total_bonus_spins: null

2019-08-24 12:43:35 - [TEST_STEP][PASSED] - println("******M4_total_bonus_spins type is:*******" + newline + getClass().getName()): null

2019-08-24 12:43:35 - [TEST_STEP][PASSED] - M4_total_bonus_spins_int = M4_total_bonus_spins_int: null

2019-08-24 12:43:35 - [TEST_STEP][PASSED] - M4_total_bonus_spins = Integer.toString(M4_total_bonus_spins_int): null

2019-08-24 12:43:35 - [TEST_STEP][PASSED] - M4_total_bonus_spins = M4_total_bonus_spins: null

2019-08-24 12:43:35 - [TEST_STEP][PASSED] - println("M4_total_bonus_spins is:" + M4_total_bonus_spins): null

2019-08-24 12:43:35 - [TEST_STEP][PASSED] - M4_spin_bonus_data = bonus_data: null

2019-08-24 12:43:35 - [TEST_STEP][PASSED] - M4_spin_features_triggered = result_M4_spin: null

2019-08-24 12:43:35 - [TEST_STEP][PASSED] - wild = []: null

2019-08-24 12:43:35 - [TEST_STEP][PASSED] - wild[0] = "WILD_Expanding": null

2019-08-24 12:43:35 - [TEST_STEP][PASSED] - wild[1] = "WILD_Normal": null

2019-08-24 12:43:35 - [TEST_STEP][PASSED] - wild[2] = "WILD_Double": null

2019-08-24 12:43:35 - [TEST_STEP][PASSED] - wild[3] = "WILD_ExtraFG": null

2019-08-24 12:43:35 - [TEST_STEP][PASSED] - wild[4] = "WILD_Triple": null

2019-08-24 12:43:35 - [TEST_STEP][PASSED] - wildList = Arrays.asList(wild): null

2019-08-24 12:43:35 - [TEST_STEP][PASSED] - wildList = wildList: null

2019-08-24 12:43:35 - [TEST_STEP][PASSED] - free_spin_reel_counter = []: null

2019-08-24 12:43:35 - [TEST_STEP][PASSED] - free_spin_reel_counter[0] = 0: null

2019-08-24 12:43:35 - [TEST_STEP][PASSED] - free_spin_reel_counter[1] = 0: null

2019-08-24 12:43:35 - [TEST_STEP][PASSED] - free_spin_reel_counter[2] = 0: null

2019-08-24 12:43:35 - [TEST_STEP][PASSED] - M4_spin_reels = reels: null

2019-08-24 12:43:35 - [TEST_STEP][PASSED] - for ([i = 0, i &lt; M4_spin_reels.size(), (i++)]): null

2019-08-24 12:43:35 - [TEST_STEP][PASSED] - symbols = symbols: null

2019-08-24 12:43:35 - [TEST_STEP][PASSED] - for ([j = 0, j &lt; symbols.size(), (j++)]): null

2019-08-24 12:43:35 - [TEST_STEP][PASSED] - symbol = symbol: null

2019-08-24 12:43:35 - [TEST_STEP][PASSED] - println(symbol): null

2019-08-24 12:43:35 - [TEST_STEP][PASSED] - if (i == 2 &amp;&amp; wildList.indexOf(symbol) != -1): null

2019-08-24 12:43:35 - [TEST_STEP][PASSED] - if (i == 3 &amp;&amp; wildList.indexOf(symbol) != -1): null

2019-08-24 12:43:35 - [TEST_STEP][PASSED] - if (i == 4 &amp;&amp; wildList.indexOf(symbol) != -1): null

2019-08-24 12:43:35 - [TEST_STEP][PASSED] - symbol = symbol: null

2019-08-24 12:43:35 - [TEST_STEP][PASSED] - println(symbol): null

2019-08-24 12:43:35 - [TEST_STEP][PASSED] - if (i == 2 &amp;&amp; wildList.indexOf(symbol) != -1): null

2019-08-24 12:43:35 - [TEST_STEP][PASSED] - if (i == 3 &amp;&amp; wildList.indexOf(symbol) != -1): null

2019-08-24 12:43:35 - [TEST_STEP][PASSED] - if (i == 4 &amp;&amp; wildList.indexOf(symbol) != -1): null

2019-08-24 12:43:35 - [TEST_STEP][PASSED] - symbol = symbol: null

2019-08-24 12:43:35 - [TEST_STEP][PASSED] - println(symbol): null

2019-08-24 12:43:35 - [TEST_STEP][PASSED] - if (i == 2 &amp;&amp; wildList.indexOf(symbol) != -1): null

2019-08-24 12:43:35 - [TEST_STEP][PASSED] - if (i == 3 &amp;&amp; wildList.indexOf(symbol) != -1): null

2019-08-24 12:43:35 - [TEST_STEP][PASSED] - if (i == 4 &amp;&amp; wildList.indexOf(symbol) != -1): null

2019-08-24 12:43:35 - [TEST_STEP][PASSED] - symbols = symbols: null

2019-08-24 12:43:35 - [TEST_STEP][PASSED] - for ([j = 0, j &lt; symbols.size(), (j++)]): null

2019-08-24 12:43:35 - [TEST_STEP][PASSED] - symbol = symbol: null

2019-08-24 12:43:35 - [TEST_STEP][PASSED] - println(symbol): null

2019-08-24 12:43:35 - [TEST_STEP][PASSED] - if (i == 2 &amp;&amp; wildList.indexOf(symbol) != -1): null

2019-08-24 12:43:35 - [TEST_STEP][PASSED] - if (i == 3 &amp;&amp; wildList.indexOf(symbol) != -1): null

2019-08-24 12:43:35 - [TEST_STEP][PASSED] - if (i == 4 &amp;&amp; wildList.indexOf(symbol) != -1): null

2019-08-24 12:43:41 - [TEST_STEP][PASSED] - symbol = symbol: null

2019-08-24 12:43:41 - [TEST_STEP][PASSED] - println(symbol): null

2019-08-24 12:43:41 - [TEST_STEP][PASSED] - if (i == 2 &amp;&amp; wildList.indexOf(symbol) != -1): null

2019-08-24 12:43:41 - [TEST_STEP][PASSED] - if (i == 3 &amp;&amp; wildList.indexOf(symbol) != -1): null

2019-08-24 12:43:41 - [TEST_STEP][PASSED] - if (i == 4 &amp;&amp; wildList.indexOf(symbol) != -1): null

2019-08-24 12:43:41 - [TEST_STEP][PASSED] - symbol = symbol: null

2019-08-24 12:43:41 - [TEST_STEP][PASSED] - println(symbol): null

2019-08-24 12:43:41 - [TEST_STEP][PASSED] - if (i == 2 &amp;&amp; wildList.indexOf(symbol) != -1): null

2019-08-24 12:43:41 - [TEST_STEP][PASSED] - if (i == 3 &amp;&amp; wildList.indexOf(symbol) != -1): null

2019-08-24 12:43:41 - [TEST_STEP][PASSED] - if (i == 4 &amp;&amp; wildList.indexOf(symbol) != -1): null

2019-08-24 12:43:41 - [TEST_STEP][PASSED] - symbols = symbols: null

2019-08-24 12:43:41 - [TEST_STEP][PASSED] - for ([j = 0, j &lt; symbols.size(), (j++)]): null

2019-08-24 12:43:41 - [TEST_STEP][PASSED] - symbol = symbol: null

2019-08-24 12:43:41 - [TEST_STEP][PASSED] - println(symbol): null

2019-08-24 12:43:41 - [TEST_STEP][PASSED] - if (i == 2 &amp;&amp; wildList.indexOf(symbol) != -1): null

2019-08-24 12:43:41 - [TEST_STEP][PASSED] - if (i == 3 &amp;&amp; wildList.indexOf(symbol) != -1): null

2019-08-24 12:43:41 - [TEST_STEP][PASSED] - if (i == 4 &amp;&amp; wildList.indexOf(symbol) != -1): null

2019-08-24 12:43:41 - [TEST_STEP][PASSED] - symbol = symbol: null

2019-08-24 12:43:41 - [TEST_STEP][PASSED] - println(symbol): null

2019-08-24 12:43:41 - [TEST_STEP][PASSED] - if (i == 2 &amp;&amp; wildList.indexOf(symbol) != -1): null

2019-08-24 12:43:41 - [TEST_STEP][PASSED] - if (i == 3 &amp;&amp; wildList.indexOf(symbol) != -1): null

2019-08-24 12:43:41 - [TEST_STEP][PASSED] - if (i == 4 &amp;&amp; wildList.indexOf(symbol) != -1): null

2019-08-24 12:43:41 - [TEST_STEP][PASSED] - symbol = symbol: null

2019-08-24 12:43:41 - [TEST_STEP][PASSED] - println(symbol): null

2019-08-24 12:43:41 - [TEST_STEP][PASSED] - if (i == 2 &amp;&amp; wildList.indexOf(symbol) != -1): null

2019-08-24 12:43:41 - [TEST_STEP][PASSED] - if (i == 3 &amp;&amp; wildList.indexOf(symbol) != -1): null

2019-08-24 12:43:41 - [TEST_STEP][PASSED] - if (i == 4 &amp;&amp; wildList.indexOf(symbol) != -1): null

2019-08-24 12:43:41 - [TEST_STEP][PASSED] - symbols = symbols: null

2019-08-24 12:43:41 - [TEST_STEP][PASSED] - for ([j = 0, j &lt; symbols.size(), (j++)]): null

2019-08-24 12:43:41 - [TEST_STEP][PASSED] - symbol = symbol: null

2019-08-24 12:43:41 - [TEST_STEP][PASSED] - println(symbol): null

2019-08-24 12:43:41 - [TEST_STEP][PASSED] - if (i == 2 &amp;&amp; wildList.indexOf(symbol) != -1): null

2019-08-24 12:43:41 - [TEST_STEP][PASSED] - if (i == 3 &amp;&amp; wildList.indexOf(symbol) != -1): null

2019-08-24 12:43:41 - [TEST_STEP][PASSED] - if (i == 4 &amp;&amp; wildList.indexOf(symbol) != -1): null

2019-08-24 12:43:41 - [TEST_STEP][PASSED] - symbol = symbol: null

2019-08-24 12:43:41 - [TEST_STEP][PASSED] - println(symbol): null

2019-08-24 12:43:41 - [TEST_STEP][PASSED] - if (i == 2 &amp;&amp; wildList.indexOf(symbol) != -1): null

2019-08-24 12:43:41 - [TEST_STEP][PASSED] - if (i == 3 &amp;&amp; wildList.indexOf(symbol) != -1): null

2019-08-24 12:43:41 - [TEST_STEP][PASSED] - if (i == 4 &amp;&amp; wildList.indexOf(symbol) != -1): null

2019-08-24 12:43:41 - [TEST_STEP][PASSED] - symbol = symbol: null

2019-08-24 12:43:41 - [TEST_STEP][PASSED] - println(symbol): null

2019-08-24 12:43:41 - [TEST_STEP][PASSED] - if (i == 2 &amp;&amp; wildList.indexOf(symbol) != -1): null

2019-08-24 12:43:41 - [TEST_STEP][PASSED] - if (i == 3 &amp;&amp; wildList.indexOf(symbol) != -1): null

2019-08-24 12:43:41 - [TEST_STEP][PASSED] - if (i == 4 &amp;&amp; wildList.indexOf(symbol) != -1): null

2019-08-24 12:43:41 - [TEST_STEP][PASSED] - symbols = symbols: null

2019-08-24 12:43:41 - [TEST_STEP][PASSED] - for ([j = 0, j &lt; symbols.size(), (j++)]): null

2019-08-24 12:43:41 - [TEST_STEP][PASSED] - symbol = symbol: null

2019-08-24 12:43:41 - [TEST_STEP][PASSED] - println(symbol): null

2019-08-24 12:43:41 - [TEST_STEP][PASSED] - if (i == 2 &amp;&amp; wildList.indexOf(symbol) != -1): null

2019-08-24 12:43:41 - [TEST_STEP][PASSED] - if (i == 3 &amp;&amp; wildList.indexOf(symbol) != -1): null

2019-08-24 12:43:41 - [TEST_STEP][PASSED] - if (i == 4 &amp;&amp; wildList.indexOf(symbol) != -1): null

2019-08-24 12:43:41 - [TEST_STEP][PASSED] - symbol = symbol: null

2019-08-24 12:43:41 - [TEST_STEP][PASSED] - println(symbol): null

2019-08-24 12:43:41 - [TEST_STEP][PASSED] - if (i == 2 &amp;&amp; wildList.indexOf(symbol) != -1): null

2019-08-24 12:43:41 - [TEST_STEP][PASSED] - if (i == 3 &amp;&amp; wildList.indexOf(symbol) != -1): null

2019-08-24 12:43:41 - [TEST_STEP][PASSED] - if (i == 4 &amp;&amp; wildList.indexOf(symbol) != -1): null

2019-08-24 12:43:41 - [TEST_STEP][PASSED] - symbol = symbol: null

2019-08-24 12:43:41 - [TEST_STEP][PASSED] - println(symbol): null

2019-08-24 12:43:41 - [TEST_STEP][PASSED] - if (i == 2 &amp;&amp; wildList.indexOf(symbol) != -1): null

2019-08-24 12:43:41 - [TEST_STEP][PASSED] - if (i == 3 &amp;&amp; wildList.indexOf(symbol) != -1): null

2019-08-24 12:43:41 - [TEST_STEP][PASSED] - if (i == 4 &amp;&amp; wildList.indexOf(symbol) != -1): null

2019-08-24 12:43:41 - [TEST_STEP][PASSED] - free_spin_reel_counter = free_spin_reel_counter: null

2019-08-24 12:43:41 - [TEST_STEP][PASSED] - println("reel 3 wild found: " + free_spin_reel_counter[0]): null

2019-08-24 12:43:41 - [TEST_STEP][PASSED] - println("reel 4 wild found: " + free_spin_reel_counter[1]): null

2019-08-24 12:43:41 - [TEST_STEP][PASSED] - println("reel 5 wild found: " + free_spin_reel_counter[2]): null

2019-08-24 12:43:41 - [TEST_STEP][PASSED] - M4_spin_reels = M4_spin_reels: null

2019-08-24 12:43:41 - [TEST_STEP][PASSED] - M4_spin_reels_symbols = symbol: null

2019-08-24 12:43:41 - [TEST_STEP][PASSED] - M4_spin_reels_symbols = M4_spin_reels_symbols: null

2019-08-24 12:43:41 - [TEST_STEP][PASSED] - M4_spin_reel_wins = reel_wins: null

2019-08-24 12:43:41 - [TEST_STEP][PASSED] - M4_spin_reel_wins = M4_spin_reel_wins: null

2019-08-24 12:43:41 - [TEST_STEP][PASSED] - println("GlobalVariable.M4_spin_reel_wins is: " + M4_spin_reel_wins): null

2019-08-24 12:43:41 - [TEST_STEP][PASSED] - M4_spin_total_bonus_win_this_round = total_bonus_win_this_round: null

2019-08-24 12:43:41 - [TEST_STEP][PASSED] - M4_spin_total_bonus_win_this_round = M4_spin_total_bonus_win_this_round: null

2019-08-24 12:43:41 - [TEST_STEP][PASSED] - println("GlobalVariable.M4_spin_total_bonus_win_this_round is: " + M4_spin_total_bonus_win_this_round): null

2019-08-24 12:43:41 - [TEST_STEP][PASSED] - M4_spin_bonus_spin_result = spin_result: null

2019-08-24 12:43:41 - [TEST_STEP][PASSED] - M4_spin_bonus_spin_result = M4_spin_bonus_spin_result: null

2019-08-24 12:43:41 - [MESSAGE][PASSED] - Verify response successfully

2019-08-24 12:43:41 - [MESSAGE][PASSED] - Send request and verify the response successfully

2019-08-24 12:43:41 - [TEST_STEP][PASSED] - if (M4_total_bonus_spins_int != 0 &amp;&amp; M4_spin_reels_symbols[2].contains("WILD_Double") || M4_spin_reels_symbols[4].contains("WILD_Triple")): null

2019-08-24 12:43:41 - [TEST_STEP][PASSED] - free_spin_reel_counter = free_spin_reel_counter: null

2019-08-24 12:43:41 - [TEST_STEP][PASSED] - M4_spin_reels_symbols = M4_spin_reels_symbols: null

2019-08-24 12:43:41 - [TEST_STEP][PASSED] - M4_total_bonus_spins = M4_total_bonus_spins: null

2019-08-24 12:43:41 - [TEST_STEP][PASSED] - spin_result = sendRequestAndVerify(findTestObject("INT/RGS(M4)/1_M4_spin", ["M4_login_user_id":M4_login_user_id, "rgs_session_token":rgs_session_token, "partner":Partner])): Send request and verify the response successfully

2019-08-24 12:43:41 - [MESSAGE][INFO] - HAR: /Users/eiralee/Katalon_Script/SuperWild/Reports/20190824_124242/INT/superWild_4/20190824_124242/requests/main/20.har

2019-08-24 12:43:41 - [TEST_CASE][PASSED] - Start Test Case : Verification: Verification accomplished successfully

2019-08-24 12:43:41 - [TEST_STEP][PASSED] - request = getInstance().getCurrentRequest(): null

2019-08-24 12:43:41 - [TEST_STEP][PASSED] - response = getInstance().getCurrentResponse(): null

2019-08-24 12:43:41 - [TEST_STEP][PASSED] - verifyResponseStatusCode(response, 200): Verify response status code successfully

2019-08-24 12:43:41 - [MESSAGE][PASSED] - Verify response status code successfully

2019-08-24 12:43:41 - [TEST_STEP][PASSED] - getStatusCode()).isEqualTo(200): null

2019-08-24 12:43:41 - [TEST_STEP][PASSED] - newline = System.getProperty("line.separator"): null

2019-08-24 12:43:41 - [TEST_STEP][PASSED] - M4_spin = new groovy.json.JsonSlurper(): null

2019-08-24 12:43:41 - [TEST_STEP][PASSED] - result_M4_spin = M4_spin.parseText(response.getResponseBodyContent()): null

2019-08-24 12:43:41 - [TEST_STEP][PASSED] - M4_spin_current_balance = current_balance: null

2019-08-24 12:43:41 - [TEST_STEP][PASSED] - M4_spin_current_balance = M4_spin_current_balance: null

2019-08-24 12:43:41 - [TEST_STEP][PASSED] - M4_spin_transaction_id = causality: null

2019-08-24 12:43:41 - [TEST_STEP][PASSED] - M4_spin_transaction_id = M4_spin_transaction_id: null

2019-08-24 12:43:41 - [TEST_STEP][PASSED] - M4_spin_round_id = round_id: null

2019-08-24 12:43:41 - [TEST_STEP][PASSED] - M4_spin_round_id = M4_spin_round_id: null

2019-08-24 12:43:41 - [TEST_STEP][PASSED] - M4_spin_line_wins = line_wins: null

2019-08-24 12:43:41 - [TEST_STEP][PASSED] - M4_spin_line_wins = M4_spin_line_wins: null

2019-08-24 12:43:41 - [TEST_STEP][PASSED] - M4_total_bonus_spins_int = total_bonus_spins: null

2019-08-24 12:43:41 - [TEST_STEP][PASSED] - println("******M4_total_bonus_spins type is:*******" + newline + getClass().getName()): null

2019-08-24 12:43:41 - [TEST_STEP][PASSED] - M4_total_bonus_spins_int = M4_total_bonus_spins_int: null

2019-08-24 12:43:41 - [TEST_STEP][PASSED] - M4_total_bonus_spins = Integer.toString(M4_total_bonus_spins_int): null

2019-08-24 12:43:41 - [TEST_STEP][PASSED] - M4_total_bonus_spins = M4_total_bonus_spins: null

2019-08-24 12:43:41 - [TEST_STEP][PASSED] - println("M4_total_bonus_spins is:" + M4_total_bonus_spins): null

2019-08-24 12:43:41 - [TEST_STEP][PASSED] - M4_spin_bonus_data = bonus_data: null

2019-08-24 12:43:41 - [TEST_STEP][PASSED] - M4_spin_features_triggered = result_M4_spin: null

2019-08-24 12:43:41 - [TEST_STEP][PASSED] - wild = []: null

2019-08-24 12:43:41 - [TEST_STEP][PASSED] - wild[0] = "WILD_Expanding": null

2019-08-24 12:43:41 - [TEST_STEP][PASSED] - wild[1] = "WILD_Normal": null

2019-08-24 12:43:41 - [TEST_STEP][PASSED] - wild[2] = "WILD_Double": null

2019-08-24 12:43:41 - [TEST_STEP][PASSED] - wild[3] = "WILD_ExtraFG": null

2019-08-24 12:43:41 - [TEST_STEP][PASSED] - wild[4] = "WILD_Triple": null

2019-08-24 12:43:41 - [TEST_STEP][PASSED] - wildList = Arrays.asList(wild): null

2019-08-24 12:43:41 - [TEST_STEP][PASSED] - wildList = wildList: null

2019-08-24 12:43:41 - [TEST_STEP][PASSED] - free_spin_reel_counter = []: null

2019-08-24 12:43:41 - [TEST_STEP][PASSED] - free_spin_reel_counter[0] = 0: null

2019-08-24 12:43:41 - [TEST_STEP][PASSED] - free_spin_reel_counter[1] = 0: null

2019-08-24 12:43:41 - [TEST_STEP][PASSED] - free_spin_reel_counter[2] = 0: null

2019-08-24 12:43:41 - [TEST_STEP][PASSED] - M4_spin_reels = reels: null

2019-08-24 12:43:41 - [TEST_STEP][PASSED] - for ([i = 0, i &lt; M4_spin_reels.size(), (i++)]): null

2019-08-24 12:43:41 - [TEST_STEP][PASSED] - symbols = symbols: null

2019-08-24 12:43:41 - [TEST_STEP][PASSED] - for ([j = 0, j &lt; symbols.size(), (j++)]): null

2019-08-24 12:43:41 - [TEST_STEP][PASSED] - symbol = symbol: null

2019-08-24 12:43:41 - [TEST_STEP][PASSED] - println(symbol): null

2019-08-24 12:43:41 - [TEST_STEP][PASSED] - if (i == 2 &amp;&amp; wildList.indexOf(symbol) != -1): null

2019-08-24 12:43:41 - [TEST_STEP][PASSED] - if (i == 3 &amp;&amp; wildList.indexOf(symbol) != -1): null

2019-08-24 12:43:41 - [TEST_STEP][PASSED] - if (i == 4 &amp;&amp; wildList.indexOf(symbol) != -1): null

2019-08-24 12:43:41 - [TEST_STEP][PASSED] - symbol = symbol: null

2019-08-24 12:43:41 - [TEST_STEP][PASSED] - println(symbol): null

2019-08-24 12:43:41 - [TEST_STEP][PASSED] - if (i == 2 &amp;&amp; wildList.indexOf(symbol) != -1): null

2019-08-24 12:43:41 - [TEST_STEP][PASSED] - if (i == 3 &amp;&amp; wildList.indexOf(symbol) != -1): null

2019-08-24 12:43:41 - [TEST_STEP][PASSED] - if (i == 4 &amp;&amp; wildList.indexOf(symbol) != -1): null

2019-08-24 12:43:41 - [TEST_STEP][PASSED] - symbol = symbol: null

2019-08-24 12:43:41 - [TEST_STEP][PASSED] - println(symbol): null

2019-08-24 12:43:41 - [TEST_STEP][PASSED] - if (i == 2 &amp;&amp; wildList.indexOf(symbol) != -1): null

2019-08-24 12:43:41 - [TEST_STEP][PASSED] - if (i == 3 &amp;&amp; wildList.indexOf(symbol) != -1): null

2019-08-24 12:43:41 - [TEST_STEP][PASSED] - if (i == 4 &amp;&amp; wildList.indexOf(symbol) != -1): null

2019-08-24 12:43:41 - [TEST_STEP][PASSED] - symbols = symbols: null

2019-08-24 12:43:41 - [TEST_STEP][PASSED] - for ([j = 0, j &lt; symbols.size(), (j++)]): null

2019-08-24 12:43:41 - [TEST_STEP][PASSED] - symbol = symbol: null

2019-08-24 12:43:41 - [TEST_STEP][PASSED] - println(symbol): null

2019-08-24 12:43:41 - [TEST_STEP][PASSED] - if (i == 2 &amp;&amp; wildList.indexOf(symbol) != -1): null

2019-08-24 12:43:41 - [TEST_STEP][PASSED] - if (i == 3 &amp;&amp; wildList.indexOf(symbol) != -1): null

2019-08-24 12:43:41 - [TEST_STEP][PASSED] - if (i == 4 &amp;&amp; wildList.indexOf(symbol) != -1): null

2019-08-24 12:43:41 - [TEST_STEP][PASSED] - symbol = symbol: null

2019-08-24 12:43:41 - [TEST_STEP][PASSED] - println(symbol): null

2019-08-24 12:43:41 - [TEST_STEP][PASSED] - if (i == 2 &amp;&amp; wildList.indexOf(symbol) != -1): null

2019-08-24 12:43:41 - [TEST_STEP][PASSED] - if (i == 3 &amp;&amp; wildList.indexOf(symbol) != -1): null

2019-08-24 12:43:41 - [TEST_STEP][PASSED] - if (i == 4 &amp;&amp; wildList.indexOf(symbol) != -1): null

2019-08-24 12:43:41 - [TEST_STEP][PASSED] - symbol = symbol: null

2019-08-24 12:43:41 - [TEST_STEP][PASSED] - println(symbol): null

2019-08-24 12:43:41 - [TEST_STEP][PASSED] - if (i == 2 &amp;&amp; wildList.indexOf(symbol) != -1): null

2019-08-24 12:43:41 - [TEST_STEP][PASSED] - if (i == 3 &amp;&amp; wildList.indexOf(symbol) != -1): null

2019-08-24 12:43:41 - [TEST_STEP][PASSED] - if (i == 4 &amp;&amp; wildList.indexOf(symbol) != -1): null

2019-08-24 12:43:41 - [TEST_STEP][PASSED] - symbols = symbols: null

2019-08-24 12:43:41 - [TEST_STEP][PASSED] - for ([j = 0, j &lt; symbols.size(), (j++)]): null

2019-08-24 12:43:41 - [TEST_STEP][PASSED] - symbol = symbol: null

2019-08-24 12:43:41 - [TEST_STEP][PASSED] - println(symbol): null

2019-08-24 12:43:41 - [TEST_STEP][PASSED] - if (i == 2 &amp;&amp; wildList.indexOf(symbol) != -1): null

2019-08-24 12:43:41 - [TEST_STEP][PASSED] - if (i == 3 &amp;&amp; wildList.indexOf(symbol) != -1): null

2019-08-24 12:43:41 - [TEST_STEP][PASSED] - if (i == 4 &amp;&amp; wildList.indexOf(symbol) != -1): null

2019-08-24 12:43:41 - [TEST_STEP][PASSED] - symbol = symbol: null

2019-08-24 12:43:41 - [TEST_STEP][PASSED] - println(symbol): null

2019-08-24 12:43:41 - [TEST_STEP][PASSED] - if (i == 2 &amp;&amp; wildList.indexOf(symbol) != -1): null

2019-08-24 12:43:41 - [TEST_STEP][PASSED] - if (i == 3 &amp;&amp; wildList.indexOf(symbol) != -1): null

2019-08-24 12:43:41 - [TEST_STEP][PASSED] - if (i == 4 &amp;&amp; wildList.indexOf(symbol) != -1): null

2019-08-24 12:43:41 - [TEST_STEP][PASSED] - symbol = symbol: null

2019-08-24 12:43:41 - [TEST_STEP][PASSED] - println(symbol): null

2019-08-24 12:43:41 - [TEST_STEP][PASSED] - if (i == 2 &amp;&amp; wildList.indexOf(symbol) != -1): null

2019-08-24 12:43:41 - [TEST_STEP][PASSED] - if (i == 3 &amp;&amp; wildList.indexOf(symbol) != -1): null

2019-08-24 12:43:41 - [TEST_STEP][PASSED] - if (i == 4 &amp;&amp; wildList.indexOf(symbol) != -1): null

2019-08-24 12:43:41 - [TEST_STEP][PASSED] - symbols = symbols: null

2019-08-24 12:43:41 - [TEST_STEP][PASSED] - for ([j = 0, j &lt; symbols.size(), (j++)]): null

2019-08-24 12:43:41 - [TEST_STEP][PASSED] - symbol = symbol: null

2019-08-24 12:43:41 - [TEST_STEP][PASSED] - println(symbol): null

2019-08-24 12:43:41 - [TEST_STEP][PASSED] - if (i == 2 &amp;&amp; wildList.indexOf(symbol) != -1): null

2019-08-24 12:43:41 - [TEST_STEP][PASSED] - if (i == 3 &amp;&amp; wildList.indexOf(symbol) != -1): null

2019-08-24 12:43:41 - [TEST_STEP][PASSED] - if (i == 4 &amp;&amp; wildList.indexOf(symbol) != -1): null

2019-08-24 12:43:41 - [TEST_STEP][PASSED] - symbol = symbol: null

2019-08-24 12:43:41 - [TEST_STEP][PASSED] - println(symbol): null

2019-08-24 12:43:41 - [TEST_STEP][PASSED] - if (i == 2 &amp;&amp; wildList.indexOf(symbol) != -1): null

2019-08-24 12:43:41 - [TEST_STEP][PASSED] - if (i == 3 &amp;&amp; wildList.indexOf(symbol) != -1): null

2019-08-24 12:43:41 - [TEST_STEP][PASSED] - if (i == 4 &amp;&amp; wildList.indexOf(symbol) != -1): null

2019-08-24 12:43:41 - [TEST_STEP][PASSED] - symbol = symbol: null

2019-08-24 12:43:41 - [TEST_STEP][PASSED] - println(symbol): null

2019-08-24 12:43:41 - [TEST_STEP][PASSED] - if (i == 2 &amp;&amp; wildList.indexOf(symbol) != -1): null

2019-08-24 12:43:41 - [TEST_STEP][PASSED] - if (i == 3 &amp;&amp; wildList.indexOf(symbol) != -1): null

2019-08-24 12:43:41 - [TEST_STEP][PASSED] - if (i == 4 &amp;&amp; wildList.indexOf(symbol) != -1): null

2019-08-24 12:43:41 - [TEST_STEP][PASSED] - symbols = symbols: null

2019-08-24 12:43:41 - [TEST_STEP][PASSED] - for ([j = 0, j &lt; symbols.size(), (j++)]): null

2019-08-24 12:43:41 - [TEST_STEP][PASSED] - symbol = symbol: null

2019-08-24 12:43:41 - [TEST_STEP][PASSED] - println(symbol): null

2019-08-24 12:43:41 - [TEST_STEP][PASSED] - if (i == 2 &amp;&amp; wildList.indexOf(symbol) != -1): null

2019-08-24 12:43:41 - [TEST_STEP][PASSED] - if (i == 3 &amp;&amp; wildList.indexOf(symbol) != -1): null

2019-08-24 12:43:41 - [TEST_STEP][PASSED] - if (i == 4 &amp;&amp; wildList.indexOf(symbol) != -1): null

2019-08-24 12:43:41 - [TEST_STEP][PASSED] - println("wild found on reel 5, adding counter by 1"): null

2019-08-24 12:43:41 - [TEST_STEP][PASSED] - free_spin_reel_counter[2] = free_spin_reel_counter[2] + 1: null

2019-08-24 12:43:41 - [TEST_STEP][PASSED] - symbol = symbol: null

2019-08-24 12:43:41 - [TEST_STEP][PASSED] - println(symbol): null

2019-08-24 12:43:41 - [TEST_STEP][PASSED] - if (i == 2 &amp;&amp; wildList.indexOf(symbol) != -1): null

2019-08-24 12:43:41 - [TEST_STEP][PASSED] - if (i == 3 &amp;&amp; wildList.indexOf(symbol) != -1): null

2019-08-24 12:43:41 - [TEST_STEP][PASSED] - if (i == 4 &amp;&amp; wildList.indexOf(symbol) != -1): null

2019-08-24 12:43:41 - [TEST_STEP][PASSED] - symbol = symbol: null

2019-08-24 12:43:41 - [TEST_STEP][PASSED] - println(symbol): null

2019-08-24 12:43:41 - [TEST_STEP][PASSED] - if (i == 2 &amp;&amp; wildList.indexOf(symbol) != -1): null

2019-08-24 12:43:41 - [TEST_STEP][PASSED] - if (i == 3 &amp;&amp; wildList.indexOf(symbol) != -1): null

2019-08-24 12:43:41 - [TEST_STEP][PASSED] - if (i == 4 &amp;&amp; wildList.indexOf(symbol) != -1): null

2019-08-24 12:43:41 - [TEST_STEP][PASSED] - free_spin_reel_counter = free_spin_reel_counter: null

2019-08-24 12:43:41 - [TEST_STEP][PASSED] - println("reel 3 wild found: " + free_spin_reel_counter[0]): null

2019-08-24 12:43:41 - [TEST_STEP][PASSED] - println("reel 4 wild found: " + free_spin_reel_counter[1]): null

2019-08-24 12:43:41 - [TEST_STEP][PASSED] - println("reel 5 wild found: " + free_spin_reel_counter[2]): null

2019-08-24 12:43:41 - [TEST_STEP][PASSED] - M4_spin_reels = M4_spin_reels: null

2019-08-24 12:43:41 - [TEST_STEP][PASSED] - M4_spin_reels_symbols = symbol: null

2019-08-24 12:43:41 - [TEST_STEP][PASSED] - M4_spin_reels_symbols = M4_spin_reels_symbols: null

2019-08-24 12:43:41 - [TEST_STEP][PASSED] - M4_spin_reel_wins = reel_wins: null

2019-08-24 12:43:41 - [TEST_STEP][PASSED] - M4_spin_reel_wins = M4_spin_reel_wins: null

2019-08-24 12:43:41 - [TEST_STEP][PASSED] - println("GlobalVariable.M4_spin_reel_wins is: " + M4_spin_reel_wins): null

2019-08-24 12:43:41 - [TEST_STEP][PASSED] - M4_spin_total_bonus_win_this_round = total_bonus_win_this_round: null

2019-08-24 12:43:41 - [TEST_STEP][PASSED] - M4_spin_total_bonus_win_this_round = M4_spin_total_bonus_win_this_round: null

2019-08-24 12:43:41 - [TEST_STEP][PASSED] - println("GlobalVariable.M4_spin_total_bonus_win_this_round is: " + M4_spin_total_bonus_win_this_round): null

2019-08-24 12:43:41 - [TEST_STEP][PASSED] - M4_spin_bonus_spin_result = spin_result: null

2019-08-24 12:43:41 - [TEST_STEP][PASSED] - M4_spin_bonus_spin_result = M4_spin_bonus_spin_result: null

2019-08-24 12:43:41 - [MESSAGE][PASSED] - Verify response successfully

2019-08-24 12:43:41 - [MESSAGE][PASSED] - Send request and verify the response successfully

2019-08-24 12:43:41 - [TEST_STEP][PASSED] - if (M4_total_bonus_spins_int != 0 &amp;&amp; M4_spin_reels_symbols[2].contains("WILD_Double") || M4_spin_reels_symbols[4].contains("WILD_Triple")): null

2019-08-24 12:43:41 - [TEST_STEP][PASSED] - free_spin_reel_counter = free_spin_reel_counter: null

2019-08-24 12:43:41 - [TEST_STEP][PASSED] - M4_spin_reels_symbols = M4_spin_reels_symbols: null

2019-08-24 12:43:41 - [TEST_STEP][PASSED] - M4_total_bonus_spins = M4_total_bonus_spins: null

2019-08-24 12:43:41 - [TEST_STEP][PASSED] - spin_result = sendRequestAndVerify(findTestObject("INT/RGS(M4)/1_M4_spin", ["M4_login_user_id":M4_login_user_id, "rgs_session_token":rgs_session_token, "partner":Partner])): Send request and verify the response successfully

2019-08-24 12:43:42 - [MESSAGE][INFO] - HAR: /Users/eiralee/Katalon_Script/SuperWild/Reports/20190824_124242/INT/superWild_4/20190824_124242/requests/main/21.har

2019-08-24 12:43:42 - [TEST_CASE][PASSED] - Start Test Case : Verification: Verification accomplished successfully

2019-08-24 12:43:42 - [TEST_STEP][PASSED] - request = getInstance().getCurrentRequest(): null

2019-08-24 12:43:42 - [TEST_STEP][PASSED] - response = getInstance().getCurrentResponse(): null

2019-08-24 12:43:42 - [TEST_STEP][PASSED] - verifyResponseStatusCode(response, 200): Verify response status code successfully

2019-08-24 12:43:42 - [MESSAGE][PASSED] - Verify response status code successfully

2019-08-24 12:43:42 - [TEST_STEP][PASSED] - getStatusCode()).isEqualTo(200): null

2019-08-24 12:43:42 - [TEST_STEP][PASSED] - newline = System.getProperty("line.separator"): null

2019-08-24 12:43:42 - [TEST_STEP][PASSED] - M4_spin = new groovy.json.JsonSlurper(): null

2019-08-24 12:43:42 - [TEST_STEP][PASSED] - result_M4_spin = M4_spin.parseText(response.getResponseBodyContent()): null

2019-08-24 12:43:42 - [TEST_STEP][PASSED] - M4_spin_current_balance = current_balance: null

2019-08-24 12:43:42 - [TEST_STEP][PASSED] - M4_spin_current_balance = M4_spin_current_balance: null

2019-08-24 12:43:42 - [TEST_STEP][PASSED] - M4_spin_transaction_id = causality: null

2019-08-24 12:43:42 - [TEST_STEP][PASSED] - M4_spin_transaction_id = M4_spin_transaction_id: null

2019-08-24 12:43:42 - [TEST_STEP][PASSED] - M4_spin_round_id = round_id: null

2019-08-24 12:43:42 - [TEST_STEP][PASSED] - M4_spin_round_id = M4_spin_round_id: null

2019-08-24 12:43:42 - [TEST_STEP][PASSED] - M4_spin_line_wins = line_wins: null

2019-08-24 12:43:42 - [TEST_STEP][PASSED] - M4_spin_line_wins = M4_spin_line_wins: null

2019-08-24 12:43:42 - [TEST_STEP][PASSED] - M4_total_bonus_spins_int = total_bonus_spins: null

2019-08-24 12:43:42 - [TEST_STEP][PASSED] - println("******M4_total_bonus_spins type is:*******" + newline + getClass().getName()): null

2019-08-24 12:43:42 - [TEST_STEP][PASSED] - M4_total_bonus_spins_int = M4_total_bonus_spins_int: null

2019-08-24 12:43:42 - [TEST_STEP][PASSED] - M4_total_bonus_spins = Integer.toString(M4_total_bonus_spins_int): null

2019-08-24 12:43:42 - [TEST_STEP][PASSED] - M4_total_bonus_spins = M4_total_bonus_spins: null

2019-08-24 12:43:42 - [TEST_STEP][PASSED] - println("M4_total_bonus_spins is:" + M4_total_bonus_spins): null

2019-08-24 12:43:42 - [TEST_STEP][PASSED] - M4_spin_bonus_data = bonus_data: null

2019-08-24 12:43:42 - [TEST_STEP][PASSED] - M4_spin_features_triggered = result_M4_spin: null

2019-08-24 12:43:42 - [TEST_STEP][PASSED] - wild = []: null

2019-08-24 12:43:42 - [TEST_STEP][PASSED] - wild[0] = "WILD_Expanding": null

2019-08-24 12:43:42 - [TEST_STEP][PASSED] - wild[1] = "WILD_Normal": null

2019-08-24 12:43:42 - [TEST_STEP][PASSED] - wild[2] = "WILD_Double": null

2019-08-24 12:43:42 - [TEST_STEP][PASSED] - wild[3] = "WILD_ExtraFG": null

2019-08-24 12:43:42 - [TEST_STEP][PASSED] - wild[4] = "WILD_Triple": null

2019-08-24 12:43:42 - [TEST_STEP][PASSED] - wildList = Arrays.asList(wild): null

2019-08-24 12:43:42 - [TEST_STEP][PASSED] - wildList = wildList: null

2019-08-24 12:43:42 - [TEST_STEP][PASSED] - free_spin_reel_counter = []: null

2019-08-24 12:43:42 - [TEST_STEP][PASSED] - free_spin_reel_counter[0] = 0: null

2019-08-24 12:43:42 - [TEST_STEP][PASSED] - free_spin_reel_counter[1] = 0: null

2019-08-24 12:43:42 - [TEST_STEP][PASSED] - free_spin_reel_counter[2] = 0: null

2019-08-24 12:43:42 - [TEST_STEP][PASSED] - M4_spin_reels = reels: null

2019-08-24 12:43:42 - [TEST_STEP][PASSED] - for ([i = 0, i &lt; M4_spin_reels.size(), (i++)]): null

2019-08-24 12:43:42 - [TEST_STEP][PASSED] - symbols = symbols: null

2019-08-24 12:43:42 - [TEST_STEP][PASSED] - for ([j = 0, j &lt; symbols.size(), (j++)]): null

2019-08-24 12:43:42 - [TEST_STEP][PASSED] - symbol = symbol: null

2019-08-24 12:43:42 - [TEST_STEP][PASSED] - println(symbol): null

2019-08-24 12:43:42 - [TEST_STEP][PASSED] - if (i == 2 &amp;&amp; wildList.indexOf(symbol) != -1): null

2019-08-24 12:43:42 - [TEST_STEP][PASSED] - if (i == 3 &amp;&amp; wildList.indexOf(symbol) != -1): null

2019-08-24 12:43:42 - [TEST_STEP][PASSED] - if (i == 4 &amp;&amp; wildList.indexOf(symbol) != -1): null

2019-08-24 12:43:42 - [TEST_STEP][PASSED] - symbol = symbol: null

2019-08-24 12:43:42 - [TEST_STEP][PASSED] - println(symbol): null

2019-08-24 12:43:42 - [TEST_STEP][PASSED] - if (i == 2 &amp;&amp; wildList.indexOf(symbol) != -1): null

2019-08-24 12:43:42 - [TEST_STEP][PASSED] - if (i == 3 &amp;&amp; wildList.indexOf(symbol) != -1): null

2019-08-24 12:43:42 - [TEST_STEP][PASSED] - if (i == 4 &amp;&amp; wildList.indexOf(symbol) != -1): null

2019-08-24 12:43:42 - [TEST_STEP][PASSED] - symbol = symbol: null

2019-08-24 12:43:42 - [TEST_STEP][PASSED] - println(symbol): null

2019-08-24 12:43:42 - [TEST_STEP][PASSED] - if (i == 2 &amp;&amp; wildList.indexOf(symbol) != -1): null

2019-08-24 12:43:42 - [TEST_STEP][PASSED] - if (i == 3 &amp;&amp; wildList.indexOf(symbol) != -1): null

2019-08-24 12:43:42 - [TEST_STEP][PASSED] - if (i == 4 &amp;&amp; wildList.indexOf(symbol) != -1): null

2019-08-24 12:43:42 - [TEST_STEP][PASSED] - symbols = symbols: null

2019-08-24 12:43:42 - [TEST_STEP][PASSED] - for ([j = 0, j &lt; symbols.size(), (j++)]): null

2019-08-24 12:43:42 - [TEST_STEP][PASSED] - symbol = symbol: null

2019-08-24 12:43:42 - [TEST_STEP][PASSED] - println(symbol): null

2019-08-24 12:43:42 - [TEST_STEP][PASSED] - if (i == 2 &amp;&amp; wildList.indexOf(symbol) != -1): null

2019-08-24 12:43:42 - [TEST_STEP][PASSED] - if (i == 3 &amp;&amp; wildList.indexOf(symbol) != -1): null

2019-08-24 12:43:42 - [TEST_STEP][PASSED] - if (i == 4 &amp;&amp; wildList.indexOf(symbol) != -1): null

2019-08-24 12:43:42 - [TEST_STEP][PASSED] - symbol = symbol: null

2019-08-24 12:43:42 - [TEST_STEP][PASSED] - println(symbol): null

2019-08-24 12:43:42 - [TEST_STEP][PASSED] - if (i == 2 &amp;&amp; wildList.indexOf(symbol) != -1): null

2019-08-24 12:43:42 - [TEST_STEP][PASSED] - if (i == 3 &amp;&amp; wildList.indexOf(symbol) != -1): null

2019-08-24 12:43:42 - [TEST_STEP][PASSED] - if (i == 4 &amp;&amp; wildList.indexOf(symbol) != -1): null

2019-08-24 12:43:42 - [TEST_STEP][PASSED] - symbol = symbol: null

2019-08-24 12:43:42 - [TEST_STEP][PASSED] - println(symbol): null

2019-08-24 12:43:42 - [TEST_STEP][PASSED] - if (i == 2 &amp;&amp; wildList.indexOf(symbol) != -1): null

2019-08-24 12:43:42 - [TEST_STEP][PASSED] - if (i == 3 &amp;&amp; wildList.indexOf(symbol) != -1): null

2019-08-24 12:43:42 - [TEST_STEP][PASSED] - if (i == 4 &amp;&amp; wildList.indexOf(symbol) != -1): null

2019-08-24 12:43:42 - [TEST_STEP][PASSED] - symbols = symbols: null

2019-08-24 12:43:42 - [TEST_STEP][PASSED] - for ([j = 0, j &lt; symbols.size(), (j++)]): null

2019-08-24 12:43:42 - [TEST_STEP][PASSED] - symbol = symbol: null

2019-08-24 12:43:42 - [TEST_STEP][PASSED] - println(symbol): null

2019-08-24 12:43:42 - [TEST_STEP][PASSED] - if (i == 2 &amp;&amp; wildList.indexOf(symbol) != -1): null

2019-08-24 12:43:42 - [TEST_STEP][PASSED] - if (i == 3 &amp;&amp; wildList.indexOf(symbol) != -1): null

2019-08-24 12:43:42 - [TEST_STEP][PASSED] - if (i == 4 &amp;&amp; wildList.indexOf(symbol) != -1): null

2019-08-24 12:43:42 - [TEST_STEP][PASSED] - symbol = symbol: null

2019-08-24 12:43:42 - [TEST_STEP][PASSED] - println(symbol): null

2019-08-24 12:43:42 - [TEST_STEP][PASSED] - if (i == 2 &amp;&amp; wildList.indexOf(symbol) != -1): null

2019-08-24 12:43:42 - [TEST_STEP][PASSED] - if (i == 3 &amp;&amp; wildList.indexOf(symbol) != -1): null

2019-08-24 12:43:42 - [TEST_STEP][PASSED] - if (i == 4 &amp;&amp; wildList.indexOf(symbol) != -1): null

2019-08-24 12:43:42 - [TEST_STEP][PASSED] - symbol = symbol: null

2019-08-24 12:43:42 - [TEST_STEP][PASSED] - println(symbol): null

2019-08-24 12:43:42 - [TEST_STEP][PASSED] - if (i == 2 &amp;&amp; wildList.indexOf(symbol) != -1): null

2019-08-24 12:43:42 - [TEST_STEP][PASSED] - if (i == 3 &amp;&amp; wildList.indexOf(symbol) != -1): null

2019-08-24 12:43:42 - [TEST_STEP][PASSED] - if (i == 4 &amp;&amp; wildList.indexOf(symbol) != -1): null

2019-08-24 12:43:42 - [TEST_STEP][PASSED] - symbols = symbols: null

2019-08-24 12:43:42 - [TEST_STEP][PASSED] - for ([j = 0, j &lt; symbols.size(), (j++)]): null

2019-08-24 12:43:42 - [TEST_STEP][PASSED] - symbol = symbol: null

2019-08-24 12:43:42 - [TEST_STEP][PASSED] - println(symbol): null

2019-08-24 12:43:42 - [TEST_STEP][PASSED] - if (i == 2 &amp;&amp; wildList.indexOf(symbol) != -1): null

2019-08-24 12:43:42 - [TEST_STEP][PASSED] - if (i == 3 &amp;&amp; wildList.indexOf(symbol) != -1): null

2019-08-24 12:43:42 - [TEST_STEP][PASSED] - if (i == 4 &amp;&amp; wildList.indexOf(symbol) != -1): null

2019-08-24 12:43:42 - [TEST_STEP][PASSED] - symbol = symbol: null

2019-08-24 12:43:42 - [TEST_STEP][PASSED] - println(symbol): null

2019-08-24 12:43:42 - [TEST_STEP][PASSED] - if (i == 2 &amp;&amp; wildList.indexOf(symbol) != -1): null

2019-08-24 12:43:42 - [TEST_STEP][PASSED] - if (i == 3 &amp;&amp; wildList.indexOf(symbol) != -1): null

2019-08-24 12:43:42 - [TEST_STEP][PASSED] - println("wild found on reel 4, adding counter by 1"): null

2019-08-24 12:43:42 - [TEST_STEP][PASSED] - free_spin_reel_counter[1] = free_spin_reel_counter[1] + 1: null

2019-08-24 12:43:42 - [TEST_STEP][PASSED] - if (i == 4 &amp;&amp; wildList.indexOf(symbol) != -1): null

2019-08-24 12:43:42 - [TEST_STEP][PASSED] - symbol = symbol: null

2019-08-24 12:43:42 - [TEST_STEP][PASSED] - println(symbol): null

2019-08-24 12:43:42 - [TEST_STEP][PASSED] - if (i == 2 &amp;&amp; wildList.indexOf(symbol) != -1): null

2019-08-24 12:43:42 - [TEST_STEP][PASSED] - if (i == 3 &amp;&amp; wildList.indexOf(symbol) != -1): null

2019-08-24 12:43:42 - [TEST_STEP][PASSED] - if (i == 4 &amp;&amp; wildList.indexOf(symbol) != -1): null

2019-08-24 12:43:42 - [TEST_STEP][PASSED] - symbols = symbols: null

2019-08-24 12:43:42 - [TEST_STEP][PASSED] - for ([j = 0, j &lt; symbols.size(), (j++)]): null

2019-08-24 12:43:42 - [TEST_STEP][PASSED] - symbol = symbol: null

2019-08-24 12:43:42 - [TEST_STEP][PASSED] - println(symbol): null

2019-08-24 12:43:42 - [TEST_STEP][PASSED] - if (i == 2 &amp;&amp; wildList.indexOf(symbol) != -1): null

2019-08-24 12:43:42 - [TEST_STEP][PASSED] - if (i == 3 &amp;&amp; wildList.indexOf(symbol) != -1): null

2019-08-24 12:43:42 - [TEST_STEP][PASSED] - if (i == 4 &amp;&amp; wildList.indexOf(symbol) != -1): null

2019-08-24 12:43:42 - [TEST_STEP][PASSED] - symbol = symbol: null

2019-08-24 12:43:42 - [TEST_STEP][PASSED] - println(symbol): null

2019-08-24 12:43:42 - [TEST_STEP][PASSED] - if (i == 2 &amp;&amp; wildList.indexOf(symbol) != -1): null

2019-08-24 12:43:42 - [TEST_STEP][PASSED] - if (i == 3 &amp;&amp; wildList.indexOf(symbol) != -1): null

2019-08-24 12:43:42 - [TEST_STEP][PASSED] - if (i == 4 &amp;&amp; wildList.indexOf(symbol) != -1): null

2019-08-24 12:43:42 - [TEST_STEP][PASSED] - symbol = symbol: null

2019-08-24 12:43:42 - [TEST_STEP][PASSED] - println(symbol): null

2019-08-24 12:43:42 - [TEST_STEP][PASSED] - if (i == 2 &amp;&amp; wildList.indexOf(symbol) != -1): null

2019-08-24 12:43:42 - [TEST_STEP][PASSED] - if (i == 3 &amp;&amp; wildList.indexOf(symbol) != -1): null

2019-08-24 12:43:42 - [TEST_STEP][PASSED] - if (i == 4 &amp;&amp; wildList.indexOf(symbol) != -1): null

2019-08-24 12:43:42 - [TEST_STEP][PASSED] - free_spin_reel_counter = free_spin_reel_counter: null

2019-08-24 12:43:42 - [TEST_STEP][PASSED] - println("reel 3 wild found: " + free_spin_reel_counter[0]): null

2019-08-24 12:43:42 - [TEST_STEP][PASSED] - println("reel 4 wild found: " + free_spin_reel_counter[1]): null

2019-08-24 12:43:42 - [TEST_STEP][PASSED] - println("reel 5 wild found: " + free_spin_reel_counter[2]): null

2019-08-24 12:43:42 - [TEST_STEP][PASSED] - M4_spin_reels = M4_spin_reels: null

2019-08-24 12:43:42 - [TEST_STEP][PASSED] - M4_spin_reels_symbols = symbol: null

2019-08-24 12:43:42 - [TEST_STEP][PASSED] - M4_spin_reels_symbols = M4_spin_reels_symbols: null

2019-08-24 12:43:42 - [TEST_STEP][PASSED] - M4_spin_reel_wins = reel_wins: null

2019-08-24 12:43:42 - [TEST_STEP][PASSED] - M4_spin_reel_wins = M4_spin_reel_wins: null

2019-08-24 12:43:42 - [TEST_STEP][PASSED] - println("GlobalVariable.M4_spin_reel_wins is: " + M4_spin_reel_wins): null

2019-08-24 12:43:42 - [TEST_STEP][PASSED] - M4_spin_total_bonus_win_this_round = total_bonus_win_this_round: null

2019-08-24 12:43:42 - [TEST_STEP][PASSED] - M4_spin_total_bonus_win_this_round = M4_spin_total_bonus_win_this_round: null

2019-08-24 12:43:42 - [TEST_STEP][PASSED] - println("GlobalVariable.M4_spin_total_bonus_win_this_round is: " + M4_spin_total_bonus_win_this_round): null

2019-08-24 12:43:42 - [TEST_STEP][PASSED] - M4_spin_bonus_spin_result = spin_result: null

2019-08-24 12:43:42 - [TEST_STEP][PASSED] - M4_spin_bonus_spin_result = M4_spin_bonus_spin_result: null

2019-08-24 12:43:42 - [MESSAGE][PASSED] - Verify response successfully

2019-08-24 12:43:42 - [MESSAGE][PASSED] - Send request and verify the response successfully

2019-08-24 12:43:42 - [TEST_STEP][PASSED] - if (M4_total_bonus_spins_int != 0 &amp;&amp; M4_spin_reels_symbols[2].contains("WILD_Double") || M4_spin_reels_symbols[4].contains("WILD_Triple")): null

2019-08-24 12:43:42 - [TEST_STEP][PASSED] - free_spin_reel_counter = free_spin_reel_counter: null

2019-08-24 12:43:42 - [TEST_STEP][PASSED] - M4_spin_reels_symbols = M4_spin_reels_symbols: null

2019-08-24 12:43:42 - [TEST_STEP][PASSED] - M4_total_bonus_spins = M4_total_bonus_spins: null

2019-08-24 12:43:42 - [TEST_STEP][PASSED] - spin_result = sendRequestAndVerify(findTestObject("INT/RGS(M4)/1_M4_spin", ["M4_login_user_id":M4_login_user_id, "rgs_session_token":rgs_session_token, "partner":Partner])): Send request and verify the response successfully

2019-08-24 12:43:43 - [MESSAGE][INFO] - HAR: /Users/eiralee/Katalon_Script/SuperWild/Reports/20190824_124242/INT/superWild_4/20190824_124242/requests/main/22.har

2019-08-24 12:43:43 - [TEST_CASE][PASSED] - Start Test Case : Verification: Verification accomplished successfully

2019-08-24 12:43:43 - [TEST_STEP][PASSED] - request = getInstance().getCurrentRequest(): null

2019-08-24 12:43:51 - [TEST_STEP][PASSED] - response = getInstance().getCurrentResponse(): null

2019-08-24 12:43:51 - [TEST_STEP][PASSED] - verifyResponseStatusCode(response, 200): Verify response status code successfully

2019-08-24 12:43:51 - [MESSAGE][PASSED] - Verify response status code successfully

2019-08-24 12:43:51 - [TEST_STEP][PASSED] - getStatusCode()).isEqualTo(200): null

2019-08-24 12:43:51 - [TEST_STEP][PASSED] - newline = System.getProperty("line.separator"): null

2019-08-24 12:43:51 - [TEST_STEP][PASSED] - M4_spin = new groovy.json.JsonSlurper(): null

2019-08-24 12:43:57 - [TEST_STEP][PASSED] - result_M4_spin = M4_spin.parseText(response.getResponseBodyContent()): null

2019-08-24 12:43:57 - [TEST_STEP][PASSED] - M4_spin_current_balance = current_balance: null

2019-08-24 12:43:57 - [TEST_STEP][PASSED] - M4_spin_current_balance = M4_spin_current_balance: null

2019-08-24 12:43:57 - [TEST_STEP][PASSED] - M4_spin_transaction_id = causality: null

2019-08-24 12:43:57 - [TEST_STEP][PASSED] - M4_spin_transaction_id = M4_spin_transaction_id: null

2019-08-24 12:43:57 - [TEST_STEP][PASSED] - M4_spin_round_id = round_id: null

2019-08-24 12:43:57 - [TEST_STEP][PASSED] - M4_spin_round_id = M4_spin_round_id: null

2019-08-24 12:43:57 - [TEST_STEP][PASSED] - M4_spin_line_wins = line_wins: null

2019-08-24 12:43:57 - [TEST_STEP][PASSED] - M4_spin_line_wins = M4_spin_line_wins: null

2019-08-24 12:43:57 - [TEST_STEP][PASSED] - M4_total_bonus_spins_int = total_bonus_spins: null

2019-08-24 12:43:57 - [TEST_STEP][PASSED] - println("******M4_total_bonus_spins type is:*******" + newline + getClass().getName()): null

2019-08-24 12:43:57 - [TEST_STEP][PASSED] - M4_total_bonus_spins_int = M4_total_bonus_spins_int: null

2019-08-24 12:43:57 - [TEST_STEP][PASSED] - M4_total_bonus_spins = Integer.toString(M4_total_bonus_spins_int): null

2019-08-24 12:43:57 - [TEST_STEP][PASSED] - M4_total_bonus_spins = M4_total_bonus_spins: null

2019-08-24 12:43:57 - [TEST_STEP][PASSED] - println("M4_total_bonus_spins is:" + M4_total_bonus_spins): null

2019-08-24 12:43:57 - [TEST_STEP][PASSED] - M4_spin_bonus_data = bonus_data: null

2019-08-24 12:43:57 - [TEST_STEP][PASSED] - M4_spin_features_triggered = result_M4_spin: null

2019-08-24 12:43:57 - [TEST_STEP][PASSED] - wild = []: null

2019-08-24 12:43:57 - [TEST_STEP][PASSED] - wild[0] = "WILD_Expanding": null

2019-08-24 12:43:57 - [TEST_STEP][PASSED] - wild[1] = "WILD_Normal": null

2019-08-24 12:43:57 - [TEST_STEP][PASSED] - wild[2] = "WILD_Double": null

2019-08-24 12:43:57 - [TEST_STEP][PASSED] - wild[3] = "WILD_ExtraFG": null

2019-08-24 12:43:57 - [TEST_STEP][PASSED] - wild[4] = "WILD_Triple": null

2019-08-24 12:43:57 - [TEST_STEP][PASSED] - wildList = Arrays.asList(wild): null

2019-08-24 12:43:57 - [TEST_STEP][PASSED] - wildList = wildList: null

2019-08-24 12:43:57 - [TEST_STEP][PASSED] - free_spin_reel_counter = []: null

2019-08-24 12:43:57 - [TEST_STEP][PASSED] - free_spin_reel_counter[0] = 0: null

2019-08-24 12:43:57 - [TEST_STEP][PASSED] - free_spin_reel_counter[1] = 0: null

2019-08-24 12:43:57 - [TEST_STEP][PASSED] - free_spin_reel_counter[2] = 0: null

2019-08-24 12:43:57 - [TEST_STEP][PASSED] - M4_spin_reels = reels: null

2019-08-24 12:43:57 - [TEST_STEP][PASSED] - for ([i = 0, i &lt; M4_spin_reels.size(), (i++)]): null

2019-08-24 12:43:57 - [TEST_STEP][PASSED] - symbols = symbols: null

2019-08-24 12:43:57 - [TEST_STEP][PASSED] - for ([j = 0, j &lt; symbols.size(), (j++)]): null

2019-08-24 12:43:57 - [TEST_STEP][PASSED] - symbol = symbol: null

2019-08-24 12:43:57 - [TEST_STEP][PASSED] - println(symbol): null

2019-08-24 12:43:57 - [TEST_STEP][PASSED] - if (i == 2 &amp;&amp; wildList.indexOf(symbol) != -1): null

2019-08-24 12:43:57 - [TEST_STEP][PASSED] - if (i == 3 &amp;&amp; wildList.indexOf(symbol) != -1): null

2019-08-24 12:43:57 - [TEST_STEP][PASSED] - if (i == 4 &amp;&amp; wildList.indexOf(symbol) != -1): null

2019-08-24 12:43:57 - [TEST_STEP][PASSED] - symbol = symbol: null

2019-08-24 12:43:57 - [TEST_STEP][PASSED] - println(symbol): null

2019-08-24 12:43:57 - [TEST_STEP][PASSED] - if (i == 2 &amp;&amp; wildList.indexOf(symbol) != -1): null

2019-08-24 12:43:57 - [TEST_STEP][PASSED] - if (i == 3 &amp;&amp; wildList.indexOf(symbol) != -1): null

2019-08-24 12:43:57 - [TEST_STEP][PASSED] - if (i == 4 &amp;&amp; wildList.indexOf(symbol) != -1): null

2019-08-24 12:43:57 - [TEST_STEP][PASSED] - symbol = symbol: null

2019-08-24 12:43:57 - [TEST_STEP][PASSED] - println(symbol): null

2019-08-24 12:43:57 - [TEST_STEP][PASSED] - if (i == 2 &amp;&amp; wildList.indexOf(symbol) != -1): null

2019-08-24 12:43:57 - [TEST_STEP][PASSED] - if (i == 3 &amp;&amp; wildList.indexOf(symbol) != -1): null

2019-08-24 12:43:57 - [TEST_STEP][PASSED] - if (i == 4 &amp;&amp; wildList.indexOf(symbol) != -1): null

2019-08-24 12:43:57 - [TEST_STEP][PASSED] - symbols = symbols: null

2019-08-24 12:43:57 - [TEST_STEP][PASSED] - for ([j = 0, j &lt; symbols.size(), (j++)]): null

2019-08-24 12:43:57 - [TEST_STEP][PASSED] - symbol = symbol: null

2019-08-24 12:43:57 - [TEST_STEP][PASSED] - println(symbol): null

2019-08-24 12:43:57 - [TEST_STEP][PASSED] - if (i == 2 &amp;&amp; wildList.indexOf(symbol) != -1): null

2019-08-24 12:43:57 - [TEST_STEP][PASSED] - if (i == 3 &amp;&amp; wildList.indexOf(symbol) != -1): null

2019-08-24 12:43:57 - [TEST_STEP][PASSED] - if (i == 4 &amp;&amp; wildList.indexOf(symbol) != -1): null

2019-08-24 12:43:57 - [TEST_STEP][PASSED] - symbol = symbol: null

2019-08-24 12:43:57 - [TEST_STEP][PASSED] - println(symbol): null

2019-08-24 12:43:57 - [TEST_STEP][PASSED] - if (i == 2 &amp;&amp; wildList.indexOf(symbol) != -1): null

2019-08-24 12:43:57 - [TEST_STEP][PASSED] - if (i == 3 &amp;&amp; wildList.indexOf(symbol) != -1): null

2019-08-24 12:43:57 - [TEST_STEP][PASSED] - if (i == 4 &amp;&amp; wildList.indexOf(symbol) != -1): null

2019-08-24 12:43:57 - [TEST_STEP][PASSED] - symbol = symbol: null

2019-08-24 12:43:57 - [TEST_STEP][PASSED] - println(symbol): null

2019-08-24 12:43:57 - [TEST_STEP][PASSED] - if (i == 2 &amp;&amp; wildList.indexOf(symbol) != -1): null

2019-08-24 12:43:57 - [TEST_STEP][PASSED] - if (i == 3 &amp;&amp; wildList.indexOf(symbol) != -1): null

2019-08-24 12:43:57 - [TEST_STEP][PASSED] - if (i == 4 &amp;&amp; wildList.indexOf(symbol) != -1): null

2019-08-24 12:43:57 - [TEST_STEP][PASSED] - symbols = symbols: null

2019-08-24 12:43:57 - [TEST_STEP][PASSED] - for ([j = 0, j &lt; symbols.size(), (j++)]): null

2019-08-24 12:43:57 - [TEST_STEP][PASSED] - symbol = symbol: null

2019-08-24 12:43:57 - [TEST_STEP][PASSED] - println(symbol): null

2019-08-24 12:43:57 - [TEST_STEP][PASSED] - if (i == 2 &amp;&amp; wildList.indexOf(symbol) != -1): null

2019-08-24 12:43:57 - [TEST_STEP][PASSED] - if (i == 3 &amp;&amp; wildList.indexOf(symbol) != -1): null

2019-08-24 12:43:57 - [TEST_STEP][PASSED] - if (i == 4 &amp;&amp; wildList.indexOf(symbol) != -1): null

2019-08-24 12:43:57 - [TEST_STEP][PASSED] - symbol = symbol: null

2019-08-24 12:43:57 - [TEST_STEP][PASSED] - println(symbol): null

2019-08-24 12:43:57 - [TEST_STEP][PASSED] - if (i == 2 &amp;&amp; wildList.indexOf(symbol) != -1): null

2019-08-24 12:43:57 - [TEST_STEP][PASSED] - if (i == 3 &amp;&amp; wildList.indexOf(symbol) != -1): null

2019-08-24 12:43:57 - [TEST_STEP][PASSED] - if (i == 4 &amp;&amp; wildList.indexOf(symbol) != -1): null

2019-08-24 12:43:57 - [TEST_STEP][PASSED] - symbol = symbol: null

2019-08-24 12:43:57 - [TEST_STEP][PASSED] - println(symbol): null

2019-08-24 12:43:57 - [TEST_STEP][PASSED] - if (i == 2 &amp;&amp; wildList.indexOf(symbol) != -1): null

2019-08-24 12:43:57 - [TEST_STEP][PASSED] - if (i == 3 &amp;&amp; wildList.indexOf(symbol) != -1): null

2019-08-24 12:43:57 - [TEST_STEP][PASSED] - if (i == 4 &amp;&amp; wildList.indexOf(symbol) != -1): null

2019-08-24 12:43:57 - [TEST_STEP][PASSED] - symbols = symbols: null

2019-08-24 12:43:57 - [TEST_STEP][PASSED] - for ([j = 0, j &lt; symbols.size(), (j++)]): null

2019-08-24 12:43:57 - [TEST_STEP][PASSED] - symbol = symbol: null

2019-08-24 12:43:57 - [TEST_STEP][PASSED] - println(symbol): null

2019-08-24 12:43:57 - [TEST_STEP][PASSED] - if (i == 2 &amp;&amp; wildList.indexOf(symbol) != -1): null

2019-08-24 12:43:57 - [TEST_STEP][PASSED] - if (i == 3 &amp;&amp; wildList.indexOf(symbol) != -1): null

2019-08-24 12:43:57 - [TEST_STEP][PASSED] - if (i == 4 &amp;&amp; wildList.indexOf(symbol) != -1): null

2019-08-24 12:43:57 - [TEST_STEP][PASSED] - symbol = symbol: null

2019-08-24 12:43:57 - [TEST_STEP][PASSED] - println(symbol): null

2019-08-24 12:43:57 - [TEST_STEP][PASSED] - if (i == 2 &amp;&amp; wildList.indexOf(symbol) != -1): null

2019-08-24 12:43:57 - [TEST_STEP][PASSED] - if (i == 3 &amp;&amp; wildList.indexOf(symbol) != -1): null

2019-08-24 12:43:57 - [TEST_STEP][PASSED] - if (i == 4 &amp;&amp; wildList.indexOf(symbol) != -1): null

2019-08-24 12:43:57 - [TEST_STEP][PASSED] - symbol = symbol: null

2019-08-24 12:43:57 - [TEST_STEP][PASSED] - println(symbol): null

2019-08-24 12:43:57 - [TEST_STEP][PASSED] - if (i == 2 &amp;&amp; wildList.indexOf(symbol) != -1): null

2019-08-24 12:43:57 - [TEST_STEP][PASSED] - if (i == 3 &amp;&amp; wildList.indexOf(symbol) != -1): null

2019-08-24 12:43:57 - [TEST_STEP][PASSED] - println("wild found on reel 4, adding counter by 1"): null

2019-08-24 12:43:57 - [TEST_STEP][PASSED] - free_spin_reel_counter[1] = free_spin_reel_counter[1] + 1: null

2019-08-24 12:43:57 - [TEST_STEP][PASSED] - if (i == 4 &amp;&amp; wildList.indexOf(symbol) != -1): null

2019-08-24 12:43:57 - [TEST_STEP][PASSED] - symbols = symbols: null

2019-08-24 12:43:57 - [TEST_STEP][PASSED] - for ([j = 0, j &lt; symbols.size(), (j++)]): null

2019-08-24 12:43:57 - [TEST_STEP][PASSED] - symbol = symbol: null

2019-08-24 12:43:57 - [TEST_STEP][PASSED] - println(symbol): null

2019-08-24 12:43:57 - [TEST_STEP][PASSED] - if (i == 2 &amp;&amp; wildList.indexOf(symbol) != -1): null

2019-08-24 12:43:57 - [TEST_STEP][PASSED] - if (i == 3 &amp;&amp; wildList.indexOf(symbol) != -1): null

2019-08-24 12:43:57 - [TEST_STEP][PASSED] - if (i == 4 &amp;&amp; wildList.indexOf(symbol) != -1): null

2019-08-24 12:43:57 - [TEST_STEP][PASSED] - symbol = symbol: null

2019-08-24 12:43:57 - [TEST_STEP][PASSED] - println(symbol): null

2019-08-24 12:43:57 - [TEST_STEP][PASSED] - if (i == 2 &amp;&amp; wildList.indexOf(symbol) != -1): null

2019-08-24 12:43:57 - [TEST_STEP][PASSED] - if (i == 3 &amp;&amp; wildList.indexOf(symbol) != -1): null

2019-08-24 12:43:57 - [TEST_STEP][PASSED] - if (i == 4 &amp;&amp; wildList.indexOf(symbol) != -1): null

2019-08-24 12:43:57 - [TEST_STEP][PASSED] - symbol = symbol: null

2019-08-24 12:43:57 - [TEST_STEP][PASSED] - println(symbol): null

2019-08-24 12:43:57 - [TEST_STEP][PASSED] - if (i == 2 &amp;&amp; wildList.indexOf(symbol) != -1): null

2019-08-24 12:43:57 - [TEST_STEP][PASSED] - if (i == 3 &amp;&amp; wildList.indexOf(symbol) != -1): null

2019-08-24 12:43:57 - [TEST_STEP][PASSED] - if (i == 4 &amp;&amp; wildList.indexOf(symbol) != -1): null

2019-08-24 12:43:57 - [TEST_STEP][PASSED] - free_spin_reel_counter = free_spin_reel_counter: null

2019-08-24 12:43:57 - [TEST_STEP][PASSED] - println("reel 3 wild found: " + free_spin_reel_counter[0]): null

2019-08-24 12:43:57 - [TEST_STEP][PASSED] - println("reel 4 wild found: " + free_spin_reel_counter[1]): null

2019-08-24 12:43:57 - [TEST_STEP][PASSED] - println("reel 5 wild found: " + free_spin_reel_counter[2]): null

2019-08-24 12:43:57 - [TEST_STEP][PASSED] - M4_spin_reels = M4_spin_reels: null

2019-08-24 12:43:57 - [TEST_STEP][PASSED] - M4_spin_reels_symbols = symbol: null

2019-08-24 12:43:57 - [TEST_STEP][PASSED] - M4_spin_reels_symbols = M4_spin_reels_symbols: null

2019-08-24 12:43:57 - [TEST_STEP][PASSED] - M4_spin_reel_wins = reel_wins: null

2019-08-24 12:43:57 - [TEST_STEP][PASSED] - M4_spin_reel_wins = M4_spin_reel_wins: null

2019-08-24 12:43:57 - [TEST_STEP][PASSED] - println("GlobalVariable.M4_spin_reel_wins is: " + M4_spin_reel_wins): null

2019-08-24 12:43:57 - [TEST_STEP][PASSED] - M4_spin_total_bonus_win_this_round = total_bonus_win_this_round: null

2019-08-24 12:43:57 - [TEST_STEP][PASSED] - M4_spin_total_bonus_win_this_round = M4_spin_total_bonus_win_this_round: null

2019-08-24 12:43:57 - [TEST_STEP][PASSED] - println("GlobalVariable.M4_spin_total_bonus_win_this_round is: " + M4_spin_total_bonus_win_this_round): null

2019-08-24 12:43:57 - [TEST_STEP][PASSED] - M4_spin_bonus_spin_result = spin_result: null

2019-08-24 12:43:57 - [TEST_STEP][PASSED] - M4_spin_bonus_spin_result = M4_spin_bonus_spin_result: null

2019-08-24 12:43:57 - [MESSAGE][PASSED] - Verify response successfully

2019-08-24 12:43:57 - [MESSAGE][PASSED] - Send request and verify the response successfully

2019-08-24 12:43:57 - [TEST_STEP][PASSED] - if (M4_total_bonus_spins_int != 0 &amp;&amp; M4_spin_reels_symbols[2].contains("WILD_Double") || M4_spin_reels_symbols[4].contains("WILD_Triple")): null

2019-08-24 12:43:57 - [TEST_STEP][PASSED] - free_spin_reel_counter = free_spin_reel_counter: null

2019-08-24 12:43:57 - [TEST_STEP][PASSED] - M4_spin_reels_symbols = M4_spin_reels_symbols: null

2019-08-24 12:43:57 - [TEST_STEP][PASSED] - M4_total_bonus_spins = M4_total_bonus_spins: null

2019-08-24 12:43:57 - [TEST_STEP][PASSED] - spin_result = sendRequestAndVerify(findTestObject("INT/RGS(M4)/1_M4_spin", ["M4_login_user_id":M4_login_user_id, "rgs_session_token":rgs_session_token, "partner":Partner])): Send request and verify the response successfully

2019-08-24 12:43:57 - [MESSAGE][INFO] - HAR: /Users/eiralee/Katalon_Script/SuperWild/Reports/20190824_124242/INT/superWild_4/20190824_124242/requests/main/23.har

2019-08-24 12:43:57 - [TEST_CASE][PASSED] - Start Test Case : Verification: Verification accomplished successfully

2019-08-24 12:43:57 - [TEST_STEP][PASSED] - request = getInstance().getCurrentRequest(): null

2019-08-24 12:43:57 - [TEST_STEP][PASSED] - response = getInstance().getCurrentResponse(): null

2019-08-24 12:43:57 - [TEST_STEP][PASSED] - verifyResponseStatusCode(response, 200): Verify response status code successfully

2019-08-24 12:43:57 - [MESSAGE][PASSED] - Verify response status code successfully

2019-08-24 12:43:57 - [TEST_STEP][PASSED] - getStatusCode()).isEqualTo(200): null

2019-08-24 12:43:57 - [TEST_STEP][PASSED] - newline = System.getProperty("line.separator"): null

2019-08-24 12:43:57 - [TEST_STEP][PASSED] - M4_spin = new groovy.json.JsonSlurper(): null

2019-08-24 12:43:57 - [TEST_STEP][PASSED] - result_M4_spin = M4_spin.parseText(response.getResponseBodyContent()): null

2019-08-24 12:43:57 - [TEST_STEP][PASSED] - M4_spin_current_balance = current_balance: null

2019-08-24 12:43:57 - [TEST_STEP][PASSED] - M4_spin_current_balance = M4_spin_current_balance: null

2019-08-24 12:43:57 - [TEST_STEP][PASSED] - M4_spin_transaction_id = causality: null

2019-08-24 12:43:57 - [TEST_STEP][PASSED] - M4_spin_transaction_id = M4_spin_transaction_id: null

2019-08-24 12:43:57 - [TEST_STEP][PASSED] - M4_spin_round_id = round_id: null

2019-08-24 12:43:57 - [TEST_STEP][PASSED] - M4_spin_round_id = M4_spin_round_id: null

2019-08-24 12:43:57 - [TEST_STEP][PASSED] - M4_spin_line_wins = line_wins: null

2019-08-24 12:43:57 - [TEST_STEP][PASSED] - M4_spin_line_wins = M4_spin_line_wins: null

2019-08-24 12:43:57 - [TEST_STEP][PASSED] - M4_total_bonus_spins_int = total_bonus_spins: null

2019-08-24 12:43:57 - [TEST_STEP][PASSED] - println("******M4_total_bonus_spins type is:*******" + newline + getClass().getName()): null

2019-08-24 12:43:57 - [TEST_STEP][PASSED] - M4_total_bonus_spins_int = M4_total_bonus_spins_int: null

2019-08-24 12:43:57 - [TEST_STEP][PASSED] - M4_total_bonus_spins = Integer.toString(M4_total_bonus_spins_int): null

2019-08-24 12:43:57 - [TEST_STEP][PASSED] - M4_total_bonus_spins = M4_total_bonus_spins: null

2019-08-24 12:43:57 - [TEST_STEP][PASSED] - println("M4_total_bonus_spins is:" + M4_total_bonus_spins): null

2019-08-24 12:43:57 - [TEST_STEP][PASSED] - M4_spin_bonus_data = bonus_data: null

2019-08-24 12:43:57 - [TEST_STEP][PASSED] - M4_spin_features_triggered = result_M4_spin: null

2019-08-24 12:43:57 - [TEST_STEP][PASSED] - wild = []: null

2019-08-24 12:43:57 - [TEST_STEP][PASSED] - wild[0] = "WILD_Expanding": null

2019-08-24 12:43:57 - [TEST_STEP][PASSED] - wild[1] = "WILD_Normal": null

2019-08-24 12:43:57 - [TEST_STEP][PASSED] - wild[2] = "WILD_Double": null

2019-08-24 12:43:57 - [TEST_STEP][PASSED] - wild[3] = "WILD_ExtraFG": null

2019-08-24 12:43:57 - [TEST_STEP][PASSED] - wild[4] = "WILD_Triple": null

2019-08-24 12:43:57 - [TEST_STEP][PASSED] - wildList = Arrays.asList(wild): null

2019-08-24 12:43:57 - [TEST_STEP][PASSED] - wildList = wildList: null

2019-08-24 12:43:57 - [TEST_STEP][PASSED] - free_spin_reel_counter = []: null

2019-08-24 12:43:57 - [TEST_STEP][PASSED] - free_spin_reel_counter[0] = 0: null

2019-08-24 12:43:57 - [TEST_STEP][PASSED] - free_spin_reel_counter[1] = 0: null

2019-08-24 12:43:57 - [TEST_STEP][PASSED] - free_spin_reel_counter[2] = 0: null

2019-08-24 12:43:57 - [TEST_STEP][PASSED] - M4_spin_reels = reels: null

2019-08-24 12:43:57 - [TEST_STEP][PASSED] - for ([i = 0, i &lt; M4_spin_reels.size(), (i++)]): null

2019-08-24 12:43:57 - [TEST_STEP][PASSED] - symbols = symbols: null

2019-08-24 12:43:57 - [TEST_STEP][PASSED] - for ([j = 0, j &lt; symbols.size(), (j++)]): null

2019-08-24 12:43:57 - [TEST_STEP][PASSED] - symbol = symbol: null

2019-08-24 12:43:57 - [TEST_STEP][PASSED] - println(symbol): null

2019-08-24 12:43:57 - [TEST_STEP][PASSED] - if (i == 2 &amp;&amp; wildList.indexOf(symbol) != -1): null

2019-08-24 12:43:57 - [TEST_STEP][PASSED] - if (i == 3 &amp;&amp; wildList.indexOf(symbol) != -1): null

2019-08-24 12:43:57 - [TEST_STEP][PASSED] - if (i == 4 &amp;&amp; wildList.indexOf(symbol) != -1): null

2019-08-24 12:43:57 - [TEST_STEP][PASSED] - symbol = symbol: null

2019-08-24 12:43:57 - [TEST_STEP][PASSED] - println(symbol): null

2019-08-24 12:43:57 - [TEST_STEP][PASSED] - if (i == 2 &amp;&amp; wildList.indexOf(symbol) != -1): null

2019-08-24 12:43:57 - [TEST_STEP][PASSED] - if (i == 3 &amp;&amp; wildList.indexOf(symbol) != -1): null

2019-08-24 12:43:57 - [TEST_STEP][PASSED] - if (i == 4 &amp;&amp; wildList.indexOf(symbol) != -1): null

2019-08-24 12:43:57 - [TEST_STEP][PASSED] - symbol = symbol: null

2019-08-24 12:43:57 - [TEST_STEP][PASSED] - println(symbol): null

2019-08-24 12:43:57 - [TEST_STEP][PASSED] - if (i == 2 &amp;&amp; wildList.indexOf(symbol) != -1): null

2019-08-24 12:43:57 - [TEST_STEP][PASSED] - if (i == 3 &amp;&amp; wildList.indexOf(symbol) != -1): null

2019-08-24 12:43:57 - [TEST_STEP][PASSED] - if (i == 4 &amp;&amp; wildList.indexOf(symbol) != -1): null

2019-08-24 12:43:57 - [TEST_STEP][PASSED] - symbols = symbols: null

2019-08-24 12:43:57 - [TEST_STEP][PASSED] - for ([j = 0, j &lt; symbols.size(), (j++)]): null

2019-08-24 12:43:57 - [TEST_STEP][PASSED] - symbol = symbol: null

2019-08-24 12:43:57 - [TEST_STEP][PASSED] - println(symbol): null

2019-08-24 12:43:57 - [TEST_STEP][PASSED] - if (i == 2 &amp;&amp; wildList.indexOf(symbol) != -1): null

2019-08-24 12:43:57 - [TEST_STEP][PASSED] - if (i == 3 &amp;&amp; wildList.indexOf(symbol) != -1): null

2019-08-24 12:43:57 - [TEST_STEP][PASSED] - if (i == 4 &amp;&amp; wildList.indexOf(symbol) != -1): null

2019-08-24 12:43:57 - [TEST_STEP][PASSED] - symbol = symbol: null

2019-08-24 12:43:57 - [TEST_STEP][PASSED] - println(symbol): null

2019-08-24 12:43:57 - [TEST_STEP][PASSED] - if (i == 2 &amp;&amp; wildList.indexOf(symbol) != -1): null

2019-08-24 12:43:57 - [TEST_STEP][PASSED] - if (i == 3 &amp;&amp; wildList.indexOf(symbol) != -1): null

2019-08-24 12:43:57 - [TEST_STEP][PASSED] - if (i == 4 &amp;&amp; wildList.indexOf(symbol) != -1): null

2019-08-24 12:43:57 - [TEST_STEP][PASSED] - symbol = symbol: null

2019-08-24 12:43:57 - [TEST_STEP][PASSED] - println(symbol): null

2019-08-24 12:43:57 - [TEST_STEP][PASSED] - if (i == 2 &amp;&amp; wildList.indexOf(symbol) != -1): null

2019-08-24 12:43:57 - [TEST_STEP][PASSED] - if (i == 3 &amp;&amp; wildList.indexOf(symbol) != -1): null

2019-08-24 12:43:57 - [TEST_STEP][PASSED] - if (i == 4 &amp;&amp; wildList.indexOf(symbol) != -1): null

2019-08-24 12:43:57 - [TEST_STEP][PASSED] - symbols = symbols: null

2019-08-24 12:43:57 - [TEST_STEP][PASSED] - for ([j = 0, j &lt; symbols.size(), (j++)]): null

2019-08-24 12:43:57 - [TEST_STEP][PASSED] - symbol = symbol: null

2019-08-24 12:43:57 - [TEST_STEP][PASSED] - println(symbol): null

2019-08-24 12:43:57 - [TEST_STEP][PASSED] - if (i == 2 &amp;&amp; wildList.indexOf(symbol) != -1): null

2019-08-24 12:43:57 - [TEST_STEP][PASSED] - if (i == 3 &amp;&amp; wildList.indexOf(symbol) != -1): null

2019-08-24 12:43:57 - [TEST_STEP][PASSED] - if (i == 4 &amp;&amp; wildList.indexOf(symbol) != -1): null

2019-08-24 12:43:57 - [TEST_STEP][PASSED] - symbol = symbol: null

2019-08-24 12:43:57 - [TEST_STEP][PASSED] - println(symbol): null

2019-08-24 12:43:57 - [TEST_STEP][PASSED] - if (i == 2 &amp;&amp; wildList.indexOf(symbol) != -1): null

2019-08-24 12:43:57 - [TEST_STEP][PASSED] - if (i == 3 &amp;&amp; wildList.indexOf(symbol) != -1): null

2019-08-24 12:43:57 - [TEST_STEP][PASSED] - if (i == 4 &amp;&amp; wildList.indexOf(symbol) != -1): null

2019-08-24 12:43:57 - [TEST_STEP][PASSED] - symbol = symbol: null

2019-08-24 12:43:57 - [TEST_STEP][PASSED] - println(symbol): null

2019-08-24 12:43:57 - [TEST_STEP][PASSED] - if (i == 2 &amp;&amp; wildList.indexOf(symbol) != -1): null

2019-08-24 12:43:57 - [TEST_STEP][PASSED] - if (i == 3 &amp;&amp; wildList.indexOf(symbol) != -1): null

2019-08-24 12:43:57 - [TEST_STEP][PASSED] - if (i == 4 &amp;&amp; wildList.indexOf(symbol) != -1): null

2019-08-24 12:43:57 - [TEST_STEP][PASSED] - symbols = symbols: null

2019-08-24 12:43:57 - [TEST_STEP][PASSED] - for ([j = 0, j &lt; symbols.size(), (j++)]): null

2019-08-24 12:43:57 - [TEST_STEP][PASSED] - symbol = symbol: null

2019-08-24 12:43:57 - [TEST_STEP][PASSED] - println(symbol): null

2019-08-24 12:43:57 - [TEST_STEP][PASSED] - if (i == 2 &amp;&amp; wildList.indexOf(symbol) != -1): null

2019-08-24 12:43:57 - [TEST_STEP][PASSED] - if (i == 3 &amp;&amp; wildList.indexOf(symbol) != -1): null

2019-08-24 12:43:57 - [TEST_STEP][PASSED] - if (i == 4 &amp;&amp; wildList.indexOf(symbol) != -1): null

2019-08-24 12:43:57 - [TEST_STEP][PASSED] - symbol = symbol: null

2019-08-24 12:43:57 - [TEST_STEP][PASSED] - println(symbol): null

2019-08-24 12:43:57 - [TEST_STEP][PASSED] - if (i == 2 &amp;&amp; wildList.indexOf(symbol) != -1): null

2019-08-24 12:43:57 - [TEST_STEP][PASSED] - if (i == 3 &amp;&amp; wildList.indexOf(symbol) != -1): null

2019-08-24 12:43:57 - [TEST_STEP][PASSED] - if (i == 4 &amp;&amp; wildList.indexOf(symbol) != -1): null

2019-08-24 12:43:57 - [TEST_STEP][PASSED] - symbol = symbol: null

2019-08-24 12:43:57 - [TEST_STEP][PASSED] - println(symbol): null

2019-08-24 12:43:57 - [TEST_STEP][PASSED] - if (i == 2 &amp;&amp; wildList.indexOf(symbol) != -1): null

2019-08-24 12:43:57 - [TEST_STEP][PASSED] - if (i == 3 &amp;&amp; wildList.indexOf(symbol) != -1): null

2019-08-24 12:43:57 - [TEST_STEP][PASSED] - if (i == 4 &amp;&amp; wildList.indexOf(symbol) != -1): null

2019-08-24 12:43:57 - [TEST_STEP][PASSED] - symbols = symbols: null

2019-08-24 12:43:57 - [TEST_STEP][PASSED] - for ([j = 0, j &lt; symbols.size(), (j++)]): null

2019-08-24 12:43:57 - [TEST_STEP][PASSED] - symbol = symbol: null

2019-08-24 12:43:57 - [TEST_STEP][PASSED] - println(symbol): null

2019-08-24 12:43:57 - [TEST_STEP][PASSED] - if (i == 2 &amp;&amp; wildList.indexOf(symbol) != -1): null

2019-08-24 12:43:57 - [TEST_STEP][PASSED] - if (i == 3 &amp;&amp; wildList.indexOf(symbol) != -1): null

2019-08-24 12:43:57 - [TEST_STEP][PASSED] - if (i == 4 &amp;&amp; wildList.indexOf(symbol) != -1): null

2019-08-24 12:43:57 - [TEST_STEP][PASSED] - symbol = symbol: null

2019-08-24 12:43:57 - [TEST_STEP][PASSED] - println(symbol): null

2019-08-24 12:43:57 - [TEST_STEP][PASSED] - if (i == 2 &amp;&amp; wildList.indexOf(symbol) != -1): null

2019-08-24 12:43:57 - [TEST_STEP][PASSED] - if (i == 3 &amp;&amp; wildList.indexOf(symbol) != -1): null

2019-08-24 12:43:57 - [TEST_STEP][PASSED] - if (i == 4 &amp;&amp; wildList.indexOf(symbol) != -1): null

2019-08-24 12:43:57 - [TEST_STEP][PASSED] - symbol = symbol: null

2019-08-24 12:43:57 - [TEST_STEP][PASSED] - println(symbol): null

2019-08-24 12:43:57 - [TEST_STEP][PASSED] - if (i == 2 &amp;&amp; wildList.indexOf(symbol) != -1): null

2019-08-24 12:43:57 - [TEST_STEP][PASSED] - if (i == 3 &amp;&amp; wildList.indexOf(symbol) != -1): null

2019-08-24 12:43:57 - [TEST_STEP][PASSED] - if (i == 4 &amp;&amp; wildList.indexOf(symbol) != -1): null

2019-08-24 12:43:57 - [TEST_STEP][PASSED] - free_spin_reel_counter = free_spin_reel_counter: null

2019-08-24 12:43:57 - [TEST_STEP][PASSED] - println("reel 3 wild found: " + free_spin_reel_counter[0]): null

2019-08-24 12:43:57 - [TEST_STEP][PASSED] - println("reel 4 wild found: " + free_spin_reel_counter[1]): null

2019-08-24 12:43:57 - [TEST_STEP][PASSED] - println("reel 5 wild found: " + free_spin_reel_counter[2]): null

2019-08-24 12:43:57 - [TEST_STEP][PASSED] - M4_spin_reels = M4_spin_reels: null

2019-08-24 12:43:57 - [TEST_STEP][PASSED] - M4_spin_reels_symbols = symbol: null

2019-08-24 12:43:57 - [TEST_STEP][PASSED] - M4_spin_reels_symbols = M4_spin_reels_symbols: null

2019-08-24 12:43:57 - [TEST_STEP][PASSED] - M4_spin_reel_wins = reel_wins: null

2019-08-24 12:43:57 - [TEST_STEP][PASSED] - M4_spin_reel_wins = M4_spin_reel_wins: null

2019-08-24 12:43:57 - [TEST_STEP][PASSED] - println("GlobalVariable.M4_spin_reel_wins is: " + M4_spin_reel_wins): null

2019-08-24 12:43:57 - [TEST_STEP][PASSED] - M4_spin_total_bonus_win_this_round = total_bonus_win_this_round: null

2019-08-24 12:43:57 - [TEST_STEP][PASSED] - M4_spin_total_bonus_win_this_round = M4_spin_total_bonus_win_this_round: null

2019-08-24 12:43:57 - [TEST_STEP][PASSED] - println("GlobalVariable.M4_spin_total_bonus_win_this_round is: " + M4_spin_total_bonus_win_this_round): null

2019-08-24 12:43:57 - [TEST_STEP][PASSED] - M4_spin_bonus_spin_result = spin_result: null

2019-08-24 12:43:57 - [TEST_STEP][PASSED] - M4_spin_bonus_spin_result = M4_spin_bonus_spin_result: null

2019-08-24 12:43:57 - [MESSAGE][PASSED] - Verify response successfully

2019-08-24 12:43:57 - [MESSAGE][PASSED] - Send request and verify the response successfully

2019-08-24 12:43:57 - [TEST_STEP][PASSED] - if (M4_total_bonus_spins_int != 0 &amp;&amp; M4_spin_reels_symbols[2].contains("WILD_Double") || M4_spin_reels_symbols[4].contains("WILD_Triple")): null

2019-08-24 12:43:57 - [TEST_STEP][PASSED] - free_spin_reel_counter = free_spin_reel_counter: null

2019-08-24 12:43:57 - [TEST_STEP][PASSED] - M4_spin_reels_symbols = M4_spin_reels_symbols: null

2019-08-24 12:43:57 - [TEST_STEP][PASSED] - M4_total_bonus_spins = M4_total_bonus_spins: null

2019-08-24 12:43:57 - [TEST_STEP][PASSED] - spin_result = sendRequestAndVerify(findTestObject("INT/RGS(M4)/1_M4_spin", ["M4_login_user_id":M4_login_user_id, "rgs_session_token":rgs_session_token, "partner":Partner])): Send request and verify the response successfully

2019-08-24 12:43:58 - [MESSAGE][INFO] - HAR: /Users/eiralee/Katalon_Script/SuperWild/Reports/20190824_124242/INT/superWild_4/20190824_124242/requests/main/24.har

2019-08-24 12:43:58 - [TEST_CASE][PASSED] - Start Test Case : Verification: Verification accomplished successfully

2019-08-24 12:43:58 - [TEST_STEP][PASSED] - request = getInstance().getCurrentRequest(): null

2019-08-24 12:43:58 - [TEST_STEP][PASSED] - response = getInstance().getCurrentResponse(): null

2019-08-24 12:43:58 - [TEST_STEP][PASSED] - verifyResponseStatusCode(response, 200): Verify response status code successfully

2019-08-24 12:43:58 - [MESSAGE][PASSED] - Verify response status code successfully

2019-08-24 12:43:58 - [TEST_STEP][PASSED] - getStatusCode()).isEqualTo(200): null

2019-08-24 12:43:58 - [TEST_STEP][PASSED] - newline = System.getProperty("line.separator"): null

2019-08-24 12:43:58 - [TEST_STEP][PASSED] - M4_spin = new groovy.json.JsonSlurper(): null

2019-08-24 12:43:58 - [TEST_STEP][PASSED] - result_M4_spin = M4_spin.parseText(response.getResponseBodyContent()): null

2019-08-24 12:43:58 - [TEST_STEP][PASSED] - M4_spin_current_balance = current_balance: null

2019-08-24 12:43:58 - [TEST_STEP][PASSED] - M4_spin_current_balance = M4_spin_current_balance: null

2019-08-24 12:43:58 - [TEST_STEP][PASSED] - M4_spin_transaction_id = causality: null

2019-08-24 12:43:58 - [TEST_STEP][PASSED] - M4_spin_transaction_id = M4_spin_transaction_id: null

2019-08-24 12:43:58 - [TEST_STEP][PASSED] - M4_spin_round_id = round_id: null

2019-08-24 12:43:58 - [TEST_STEP][PASSED] - M4_spin_round_id = M4_spin_round_id: null

2019-08-24 12:43:58 - [TEST_STEP][PASSED] - M4_spin_line_wins = line_wins: null

2019-08-24 12:43:58 - [TEST_STEP][PASSED] - M4_spin_line_wins = M4_spin_line_wins: null

2019-08-24 12:43:58 - [TEST_STEP][PASSED] - M4_total_bonus_spins_int = total_bonus_spins: null

2019-08-24 12:43:58 - [TEST_STEP][PASSED] - println("******M4_total_bonus_spins type is:*******" + newline + getClass().getName()): null

2019-08-24 12:43:58 - [TEST_STEP][PASSED] - M4_total_bonus_spins_int = M4_total_bonus_spins_int: null

2019-08-24 12:43:58 - [TEST_STEP][PASSED] - M4_total_bonus_spins = Integer.toString(M4_total_bonus_spins_int): null

2019-08-24 12:43:58 - [TEST_STEP][PASSED] - M4_total_bonus_spins = M4_total_bonus_spins: null

2019-08-24 12:43:58 - [TEST_STEP][PASSED] - println("M4_total_bonus_spins is:" + M4_total_bonus_spins): null

2019-08-24 12:43:58 - [TEST_STEP][PASSED] - M4_spin_bonus_data = bonus_data: null

2019-08-24 12:43:58 - [TEST_STEP][PASSED] - M4_spin_features_triggered = result_M4_spin: null

2019-08-24 12:43:58 - [TEST_STEP][PASSED] - wild = []: null

2019-08-24 12:43:58 - [TEST_STEP][PASSED] - wild[0] = "WILD_Expanding": null

2019-08-24 12:43:58 - [TEST_STEP][PASSED] - wild[1] = "WILD_Normal": null

2019-08-24 12:43:58 - [TEST_STEP][PASSED] - wild[2] = "WILD_Double": null

2019-08-24 12:43:58 - [TEST_STEP][PASSED] - wild[3] = "WILD_ExtraFG": null

2019-08-24 12:43:58 - [TEST_STEP][PASSED] - wild[4] = "WILD_Triple": null

2019-08-24 12:43:58 - [TEST_STEP][PASSED] - wildList = Arrays.asList(wild): null

2019-08-24 12:43:58 - [TEST_STEP][PASSED] - wildList = wildList: null

2019-08-24 12:43:58 - [TEST_STEP][PASSED] - free_spin_reel_counter = []: null

2019-08-24 12:43:58 - [TEST_STEP][PASSED] - free_spin_reel_counter[0] = 0: null

2019-08-24 12:43:58 - [TEST_STEP][PASSED] - free_spin_reel_counter[1] = 0: null

2019-08-24 12:43:58 - [TEST_STEP][PASSED] - free_spin_reel_counter[2] = 0: null

2019-08-24 12:43:58 - [TEST_STEP][PASSED] - M4_spin_reels = reels: null

2019-08-24 12:43:58 - [TEST_STEP][PASSED] - for ([i = 0, i &lt; M4_spin_reels.size(), (i++)]): null

2019-08-24 12:43:58 - [TEST_STEP][PASSED] - symbols = symbols: null

2019-08-24 12:43:58 - [TEST_STEP][PASSED] - for ([j = 0, j &lt; symbols.size(), (j++)]): null

2019-08-24 12:43:58 - [TEST_STEP][PASSED] - symbol = symbol: null

2019-08-24 12:43:58 - [TEST_STEP][PASSED] - println(symbol): null

2019-08-24 12:43:58 - [TEST_STEP][PASSED] - if (i == 2 &amp;&amp; wildList.indexOf(symbol) != -1): null

2019-08-24 12:43:58 - [TEST_STEP][PASSED] - if (i == 3 &amp;&amp; wildList.indexOf(symbol) != -1): null

2019-08-24 12:43:58 - [TEST_STEP][PASSED] - if (i == 4 &amp;&amp; wildList.indexOf(symbol) != -1): null

2019-08-24 12:43:58 - [TEST_STEP][PASSED] - symbol = symbol: null

2019-08-24 12:43:58 - [TEST_STEP][PASSED] - println(symbol): null

2019-08-24 12:43:58 - [TEST_STEP][PASSED] - if (i == 2 &amp;&amp; wildList.indexOf(symbol) != -1): null

2019-08-24 12:43:58 - [TEST_STEP][PASSED] - if (i == 3 &amp;&amp; wildList.indexOf(symbol) != -1): null

2019-08-24 12:43:58 - [TEST_STEP][PASSED] - if (i == 4 &amp;&amp; wildList.indexOf(symbol) != -1): null

2019-08-24 12:43:58 - [TEST_STEP][PASSED] - symbol = symbol: null

2019-08-24 12:43:58 - [TEST_STEP][PASSED] - println(symbol): null

2019-08-24 12:43:58 - [TEST_STEP][PASSED] - if (i == 2 &amp;&amp; wildList.indexOf(symbol) != -1): null

2019-08-24 12:43:58 - [TEST_STEP][PASSED] - if (i == 3 &amp;&amp; wildList.indexOf(symbol) != -1): null

2019-08-24 12:43:58 - [TEST_STEP][PASSED] - if (i == 4 &amp;&amp; wildList.indexOf(symbol) != -1): null

2019-08-24 12:43:58 - [TEST_STEP][PASSED] - symbols = symbols: null

2019-08-24 12:43:58 - [TEST_STEP][PASSED] - for ([j = 0, j &lt; symbols.size(), (j++)]): null

2019-08-24 12:43:58 - [TEST_STEP][PASSED] - symbol = symbol: null

2019-08-24 12:43:58 - [TEST_STEP][PASSED] - println(symbol): null

2019-08-24 12:43:58 - [TEST_STEP][PASSED] - if (i == 2 &amp;&amp; wildList.indexOf(symbol) != -1): null

2019-08-24 12:43:58 - [TEST_STEP][PASSED] - if (i == 3 &amp;&amp; wildList.indexOf(symbol) != -1): null

2019-08-24 12:43:58 - [TEST_STEP][PASSED] - if (i == 4 &amp;&amp; wildList.indexOf(symbol) != -1): null

2019-08-24 12:43:58 - [TEST_STEP][PASSED] - symbol = symbol: null

2019-08-24 12:43:58 - [TEST_STEP][PASSED] - println(symbol): null

2019-08-24 12:43:58 - [TEST_STEP][PASSED] - if (i == 2 &amp;&amp; wildList.indexOf(symbol) != -1): null

2019-08-24 12:43:58 - [TEST_STEP][PASSED] - if (i == 3 &amp;&amp; wildList.indexOf(symbol) != -1): null

2019-08-24 12:43:58 - [TEST_STEP][PASSED] - if (i == 4 &amp;&amp; wildList.indexOf(symbol) != -1): null

2019-08-24 12:43:58 - [TEST_STEP][PASSED] - symbol = symbol: null

2019-08-24 12:43:58 - [TEST_STEP][PASSED] - println(symbol): null

2019-08-24 12:43:58 - [TEST_STEP][PASSED] - if (i == 2 &amp;&amp; wildList.indexOf(symbol) != -1): null

2019-08-24 12:43:58 - [TEST_STEP][PASSED] - if (i == 3 &amp;&amp; wildList.indexOf(symbol) != -1): null

2019-08-24 12:43:58 - [TEST_STEP][PASSED] - if (i == 4 &amp;&amp; wildList.indexOf(symbol) != -1): null

2019-08-24 12:43:58 - [TEST_STEP][PASSED] - symbols = symbols: null

2019-08-24 12:43:58 - [TEST_STEP][PASSED] - for ([j = 0, j &lt; symbols.size(), (j++)]): null

2019-08-24 12:43:58 - [TEST_STEP][PASSED] - symbol = symbol: null

2019-08-24 12:43:58 - [TEST_STEP][PASSED] - println(symbol): null

2019-08-24 12:43:58 - [TEST_STEP][PASSED] - if (i == 2 &amp;&amp; wildList.indexOf(symbol) != -1): null

2019-08-24 12:43:58 - [TEST_STEP][PASSED] - if (i == 3 &amp;&amp; wildList.indexOf(symbol) != -1): null

2019-08-24 12:43:58 - [TEST_STEP][PASSED] - if (i == 4 &amp;&amp; wildList.indexOf(symbol) != -1): null

2019-08-24 12:43:58 - [TEST_STEP][PASSED] - symbol = symbol: null

2019-08-24 12:43:58 - [TEST_STEP][PASSED] - println(symbol): null

2019-08-24 12:43:58 - [TEST_STEP][PASSED] - if (i == 2 &amp;&amp; wildList.indexOf(symbol) != -1): null

2019-08-24 12:43:58 - [TEST_STEP][PASSED] - if (i == 3 &amp;&amp; wildList.indexOf(symbol) != -1): null

2019-08-24 12:43:58 - [TEST_STEP][PASSED] - if (i == 4 &amp;&amp; wildList.indexOf(symbol) != -1): null

2019-08-24 12:43:58 - [TEST_STEP][PASSED] - symbol = symbol: null

2019-08-24 12:43:58 - [TEST_STEP][PASSED] - println(symbol): null

2019-08-24 12:43:58 - [TEST_STEP][PASSED] - if (i == 2 &amp;&amp; wildList.indexOf(symbol) != -1): null

2019-08-24 12:43:58 - [TEST_STEP][PASSED] - println("wild found on reel 3, adding counter by 1"): null

2019-08-24 12:43:58 - [TEST_STEP][PASSED] - free_spin_reel_counter[0] = free_spin_reel_counter[0] + 1: null

2019-08-24 12:43:58 - [TEST_STEP][PASSED] - if (i == 3 &amp;&amp; wildList.indexOf(symbol) != -1): null

2019-08-24 12:43:58 - [TEST_STEP][PASSED] - if (i == 4 &amp;&amp; wildList.indexOf(symbol) != -1): null

2019-08-24 12:43:58 - [TEST_STEP][PASSED] - symbols = symbols: null

2019-08-24 12:43:58 - [TEST_STEP][PASSED] - for ([j = 0, j &lt; symbols.size(), (j++)]): null

2019-08-24 12:43:58 - [TEST_STEP][PASSED] - symbol = symbol: null

2019-08-24 12:43:58 - [TEST_STEP][PASSED] - println(symbol): null

2019-08-24 12:43:58 - [TEST_STEP][PASSED] - if (i == 2 &amp;&amp; wildList.indexOf(symbol) != -1): null

2019-08-24 12:43:58 - [TEST_STEP][PASSED] - if (i == 3 &amp;&amp; wildList.indexOf(symbol) != -1): null

2019-08-24 12:43:58 - [TEST_STEP][PASSED] - if (i == 4 &amp;&amp; wildList.indexOf(symbol) != -1): null

2019-08-24 12:43:58 - [TEST_STEP][PASSED] - symbol = symbol: null

2019-08-24 12:43:58 - [TEST_STEP][PASSED] - println(symbol): null

2019-08-24 12:43:58 - [TEST_STEP][PASSED] - if (i == 2 &amp;&amp; wildList.indexOf(symbol) != -1): null

2019-08-24 12:43:58 - [TEST_STEP][PASSED] - if (i == 3 &amp;&amp; wildList.indexOf(symbol) != -1): null

2019-08-24 12:43:58 - [TEST_STEP][PASSED] - if (i == 4 &amp;&amp; wildList.indexOf(symbol) != -1): null

2019-08-24 12:43:58 - [TEST_STEP][PASSED] - symbol = symbol: null

2019-08-24 12:43:58 - [TEST_STEP][PASSED] - println(symbol): null

2019-08-24 12:43:58 - [TEST_STEP][PASSED] - if (i == 2 &amp;&amp; wildList.indexOf(symbol) != -1): null

2019-08-24 12:43:58 - [TEST_STEP][PASSED] - if (i == 3 &amp;&amp; wildList.indexOf(symbol) != -1): null

2019-08-24 12:43:58 - [TEST_STEP][PASSED] - if (i == 4 &amp;&amp; wildList.indexOf(symbol) != -1): null

2019-08-24 12:43:58 - [TEST_STEP][PASSED] - symbols = symbols: null

2019-08-24 12:43:58 - [TEST_STEP][PASSED] - for ([j = 0, j &lt; symbols.size(), (j++)]): null

2019-08-24 12:43:58 - [TEST_STEP][PASSED] - symbol = symbol: null

2019-08-24 12:43:58 - [TEST_STEP][PASSED] - println(symbol): null

2019-08-24 12:43:58 - [TEST_STEP][PASSED] - if (i == 2 &amp;&amp; wildList.indexOf(symbol) != -1): null

2019-08-24 12:43:58 - [TEST_STEP][PASSED] - if (i == 3 &amp;&amp; wildList.indexOf(symbol) != -1): null

2019-08-24 12:43:58 - [TEST_STEP][PASSED] - if (i == 4 &amp;&amp; wildList.indexOf(symbol) != -1): null

2019-08-24 12:43:58 - [TEST_STEP][PASSED] - symbol = symbol: null

2019-08-24 12:43:58 - [TEST_STEP][PASSED] - println(symbol): null

2019-08-24 12:43:58 - [TEST_STEP][PASSED] - if (i == 2 &amp;&amp; wildList.indexOf(symbol) != -1): null

2019-08-24 12:43:58 - [TEST_STEP][PASSED] - if (i == 3 &amp;&amp; wildList.indexOf(symbol) != -1): null

2019-08-24 12:43:58 - [TEST_STEP][PASSED] - if (i == 4 &amp;&amp; wildList.indexOf(symbol) != -1): null

2019-08-24 12:43:58 - [TEST_STEP][PASSED] - symbol = symbol: null

2019-08-24 12:43:58 - [TEST_STEP][PASSED] - println(symbol): null

2019-08-24 12:43:58 - [TEST_STEP][PASSED] - if (i == 2 &amp;&amp; wildList.indexOf(symbol) != -1): null

2019-08-24 12:43:58 - [TEST_STEP][PASSED] - if (i == 3 &amp;&amp; wildList.indexOf(symbol) != -1): null

2019-08-24 12:43:58 - [TEST_STEP][PASSED] - if (i == 4 &amp;&amp; wildList.indexOf(symbol) != -1): null

2019-08-24 12:43:58 - [TEST_STEP][PASSED] - free_spin_reel_counter = free_spin_reel_counter: null

2019-08-24 12:43:58 - [TEST_STEP][PASSED] - println("reel 3 wild found: " + free_spin_reel_counter[0]): null

2019-08-24 12:43:58 - [TEST_STEP][PASSED] - println("reel 4 wild found: " + free_spin_reel_counter[1]): null

2019-08-24 12:43:58 - [TEST_STEP][PASSED] - println("reel 5 wild found: " + free_spin_reel_counter[2]): null

2019-08-24 12:43:58 - [TEST_STEP][PASSED] - M4_spin_reels = M4_spin_reels: null

2019-08-24 12:43:58 - [TEST_STEP][PASSED] - M4_spin_reels_symbols = symbol: null

2019-08-24 12:43:58 - [TEST_STEP][PASSED] - M4_spin_reels_symbols = M4_spin_reels_symbols: null

2019-08-24 12:43:58 - [TEST_STEP][PASSED] - M4_spin_reel_wins = reel_wins: null

2019-08-24 12:43:58 - [TEST_STEP][PASSED] - M4_spin_reel_wins = M4_spin_reel_wins: null

2019-08-24 12:43:58 - [TEST_STEP][PASSED] - println("GlobalVariable.M4_spin_reel_wins is: " + M4_spin_reel_wins): null

2019-08-24 12:43:58 - [TEST_STEP][PASSED] - M4_spin_total_bonus_win_this_round = total_bonus_win_this_round: null

2019-08-24 12:43:58 - [TEST_STEP][PASSED] - M4_spin_total_bonus_win_this_round = M4_spin_total_bonus_win_this_round: null

2019-08-24 12:43:58 - [TEST_STEP][PASSED] - println("GlobalVariable.M4_spin_total_bonus_win_this_round is: " + M4_spin_total_bonus_win_this_round): null

2019-08-24 12:43:58 - [TEST_STEP][PASSED] - M4_spin_bonus_spin_result = spin_result: null

2019-08-24 12:43:58 - [TEST_STEP][PASSED] - M4_spin_bonus_spin_result = M4_spin_bonus_spin_result: null

2019-08-24 12:43:58 - [MESSAGE][PASSED] - Verify response successfully

2019-08-24 12:43:58 - [MESSAGE][PASSED] - Send request and verify the response successfully

2019-08-24 12:43:58 - [TEST_STEP][PASSED] - if (M4_total_bonus_spins_int != 0 &amp;&amp; M4_spin_reels_symbols[2].contains("WILD_Double") || M4_spin_reels_symbols[4].contains("WILD_Triple")): null

2019-08-24 12:43:58 - [TEST_STEP][PASSED] - free_spin_reel_counter = free_spin_reel_counter: null

2019-08-24 12:43:58 - [TEST_STEP][PASSED] - M4_spin_reels_symbols = M4_spin_reels_symbols: null

2019-08-24 12:43:58 - [TEST_STEP][PASSED] - M4_total_bonus_spins = M4_total_bonus_spins: null

2019-08-24 12:43:58 - [TEST_STEP][PASSED] - spin_result = sendRequestAndVerify(findTestObject("INT/RGS(M4)/1_M4_spin", ["M4_login_user_id":M4_login_user_id, "rgs_session_token":rgs_session_token, "partner":Partner])): Send request and verify the response successfully

2019-08-24 12:43:58 - [MESSAGE][INFO] - HAR: /Users/eiralee/Katalon_Script/SuperWild/Reports/20190824_124242/INT/superWild_4/20190824_124242/requests/main/25.har

2019-08-24 12:43:58 - [TEST_CASE][PASSED] - Start Test Case : Verification: Verification accomplished successfully

2019-08-24 12:43:58 - [TEST_STEP][PASSED] - request = getInstance().getCurrentRequest(): null

2019-08-24 12:43:59 - [TEST_STEP][PASSED] - response = getInstance().getCurrentResponse(): null

2019-08-24 12:43:59 - [TEST_STEP][PASSED] - verifyResponseStatusCode(response, 200): Verify response status code successfully

2019-08-24 12:43:59 - [MESSAGE][PASSED] - Verify response status code successfully

2019-08-24 12:43:59 - [TEST_STEP][PASSED] - getStatusCode()).isEqualTo(200): null

2019-08-24 12:43:59 - [TEST_STEP][PASSED] - newline = System.getProperty("line.separator"): null

2019-08-24 12:43:59 - [TEST_STEP][PASSED] - M4_spin = new groovy.json.JsonSlurper(): null

2019-08-24 12:43:59 - [TEST_STEP][PASSED] - result_M4_spin = M4_spin.parseText(response.getResponseBodyContent()): null

2019-08-24 12:43:59 - [TEST_STEP][PASSED] - M4_spin_current_balance = current_balance: null

2019-08-24 12:43:59 - [TEST_STEP][PASSED] - M4_spin_current_balance = M4_spin_current_balance: null

2019-08-24 12:43:59 - [TEST_STEP][PASSED] - M4_spin_transaction_id = causality: null

2019-08-24 12:43:59 - [TEST_STEP][PASSED] - M4_spin_transaction_id = M4_spin_transaction_id: null

2019-08-24 12:43:59 - [TEST_STEP][PASSED] - M4_spin_round_id = round_id: null

2019-08-24 12:43:59 - [TEST_STEP][PASSED] - M4_spin_round_id = M4_spin_round_id: null

2019-08-24 12:43:59 - [TEST_STEP][PASSED] - M4_spin_line_wins = line_wins: null

2019-08-24 12:43:59 - [TEST_STEP][PASSED] - M4_spin_line_wins = M4_spin_line_wins: null

2019-08-24 12:43:59 - [TEST_STEP][PASSED] - M4_total_bonus_spins_int = total_bonus_spins: null

2019-08-24 12:43:59 - [TEST_STEP][PASSED] - println("******M4_total_bonus_spins type is:*******" + newline + getClass().getName()): null

2019-08-24 12:43:59 - [TEST_STEP][PASSED] - M4_total_bonus_spins_int = M4_total_bonus_spins_int: null

2019-08-24 12:43:59 - [TEST_STEP][PASSED] - M4_total_bonus_spins = Integer.toString(M4_total_bonus_spins_int): null

2019-08-24 12:43:59 - [TEST_STEP][PASSED] - M4_total_bonus_spins = M4_total_bonus_spins: null

2019-08-24 12:43:59 - [TEST_STEP][PASSED] - println("M4_total_bonus_spins is:" + M4_total_bonus_spins): null

2019-08-24 12:43:59 - [TEST_STEP][PASSED] - M4_spin_bonus_data = bonus_data: null

2019-08-24 12:43:59 - [TEST_STEP][PASSED] - M4_spin_features_triggered = result_M4_spin: null

2019-08-24 12:43:59 - [TEST_STEP][PASSED] - wild = []: null

2019-08-24 12:43:59 - [TEST_STEP][PASSED] - wild[0] = "WILD_Expanding": null

2019-08-24 12:43:59 - [TEST_STEP][PASSED] - wild[1] = "WILD_Normal": null

2019-08-24 12:43:59 - [TEST_STEP][PASSED] - wild[2] = "WILD_Double": null

2019-08-24 12:43:59 - [TEST_STEP][PASSED] - wild[3] = "WILD_ExtraFG": null

2019-08-24 12:43:59 - [TEST_STEP][PASSED] - wild[4] = "WILD_Triple": null

2019-08-24 12:43:59 - [TEST_STEP][PASSED] - wildList = Arrays.asList(wild): null

2019-08-24 12:43:59 - [TEST_STEP][PASSED] - wildList = wildList: null

2019-08-24 12:43:59 - [TEST_STEP][PASSED] - free_spin_reel_counter = []: null

2019-08-24 12:43:59 - [TEST_STEP][PASSED] - free_spin_reel_counter[0] = 0: null

2019-08-24 12:43:59 - [TEST_STEP][PASSED] - free_spin_reel_counter[1] = 0: null

2019-08-24 12:43:59 - [TEST_STEP][PASSED] - free_spin_reel_counter[2] = 0: null

2019-08-24 12:43:59 - [TEST_STEP][PASSED] - M4_spin_reels = reels: null

2019-08-24 12:43:59 - [TEST_STEP][PASSED] - for ([i = 0, i &lt; M4_spin_reels.size(), (i++)]): null

2019-08-24 12:43:59 - [TEST_STEP][PASSED] - symbols = symbols: null

2019-08-24 12:43:59 - [TEST_STEP][PASSED] - for ([j = 0, j &lt; symbols.size(), (j++)]): null

2019-08-24 12:43:59 - [TEST_STEP][PASSED] - symbol = symbol: null

2019-08-24 12:43:59 - [TEST_STEP][PASSED] - println(symbol): null

2019-08-24 12:43:59 - [TEST_STEP][PASSED] - if (i == 2 &amp;&amp; wildList.indexOf(symbol) != -1): null

2019-08-24 12:43:59 - [TEST_STEP][PASSED] - if (i == 3 &amp;&amp; wildList.indexOf(symbol) != -1): null

2019-08-24 12:43:59 - [TEST_STEP][PASSED] - if (i == 4 &amp;&amp; wildList.indexOf(symbol) != -1): null

2019-08-24 12:43:59 - [TEST_STEP][PASSED] - symbol = symbol: null

2019-08-24 12:43:59 - [TEST_STEP][PASSED] - println(symbol): null

2019-08-24 12:43:59 - [TEST_STEP][PASSED] - if (i == 2 &amp;&amp; wildList.indexOf(symbol) != -1): null

2019-08-24 12:43:59 - [TEST_STEP][PASSED] - if (i == 3 &amp;&amp; wildList.indexOf(symbol) != -1): null

2019-08-24 12:43:59 - [TEST_STEP][PASSED] - if (i == 4 &amp;&amp; wildList.indexOf(symbol) != -1): null

2019-08-24 12:43:59 - [TEST_STEP][PASSED] - symbol = symbol: null

2019-08-24 12:43:59 - [TEST_STEP][PASSED] - println(symbol): null

2019-08-24 12:43:59 - [TEST_STEP][PASSED] - if (i == 2 &amp;&amp; wildList.indexOf(symbol) != -1): null

2019-08-24 12:43:59 - [TEST_STEP][PASSED] - if (i == 3 &amp;&amp; wildList.indexOf(symbol) != -1): null

2019-08-24 12:43:59 - [TEST_STEP][PASSED] - if (i == 4 &amp;&amp; wildList.indexOf(symbol) != -1): null

2019-08-24 12:43:59 - [TEST_STEP][PASSED] - symbols = symbols: null

2019-08-24 12:43:59 - [TEST_STEP][PASSED] - for ([j = 0, j &lt; symbols.size(), (j++)]): null

2019-08-24 12:43:59 - [TEST_STEP][PASSED] - symbol = symbol: null

2019-08-24 12:43:59 - [TEST_STEP][PASSED] - println(symbol): null

2019-08-24 12:43:59 - [TEST_STEP][PASSED] - if (i == 2 &amp;&amp; wildList.indexOf(symbol) != -1): null

2019-08-24 12:43:59 - [TEST_STEP][PASSED] - if (i == 3 &amp;&amp; wildList.indexOf(symbol) != -1): null

2019-08-24 12:43:59 - [TEST_STEP][PASSED] - if (i == 4 &amp;&amp; wildList.indexOf(symbol) != -1): null

2019-08-24 12:43:59 - [TEST_STEP][PASSED] - symbol = symbol: null

2019-08-24 12:43:59 - [TEST_STEP][PASSED] - println(symbol): null

2019-08-24 12:43:59 - [TEST_STEP][PASSED] - if (i == 2 &amp;&amp; wildList.indexOf(symbol) != -1): null

2019-08-24 12:43:59 - [TEST_STEP][PASSED] - if (i == 3 &amp;&amp; wildList.indexOf(symbol) != -1): null

2019-08-24 12:43:59 - [TEST_STEP][PASSED] - if (i == 4 &amp;&amp; wildList.indexOf(symbol) != -1): null

2019-08-24 12:43:59 - [TEST_STEP][PASSED] - symbol = symbol: null

2019-08-24 12:43:59 - [TEST_STEP][PASSED] - println(symbol): null

2019-08-24 12:43:59 - [TEST_STEP][PASSED] - if (i == 2 &amp;&amp; wildList.indexOf(symbol) != -1): null

2019-08-24 12:43:59 - [TEST_STEP][PASSED] - if (i == 3 &amp;&amp; wildList.indexOf(symbol) != -1): null

2019-08-24 12:43:59 - [TEST_STEP][PASSED] - if (i == 4 &amp;&amp; wildList.indexOf(symbol) != -1): null

2019-08-24 12:43:59 - [TEST_STEP][PASSED] - symbols = symbols: null

2019-08-24 12:43:59 - [TEST_STEP][PASSED] - for ([j = 0, j &lt; symbols.size(), (j++)]): null

2019-08-24 12:43:59 - [TEST_STEP][PASSED] - symbol = symbol: null

2019-08-24 12:43:59 - [TEST_STEP][PASSED] - println(symbol): null

2019-08-24 12:43:59 - [TEST_STEP][PASSED] - if (i == 2 &amp;&amp; wildList.indexOf(symbol) != -1): null

2019-08-24 12:43:59 - [TEST_STEP][PASSED] - if (i == 3 &amp;&amp; wildList.indexOf(symbol) != -1): null

2019-08-24 12:43:59 - [TEST_STEP][PASSED] - if (i == 4 &amp;&amp; wildList.indexOf(symbol) != -1): null

2019-08-24 12:43:59 - [TEST_STEP][PASSED] - symbol = symbol: null

2019-08-24 12:43:59 - [TEST_STEP][PASSED] - println(symbol): null

2019-08-24 12:43:59 - [TEST_STEP][PASSED] - if (i == 2 &amp;&amp; wildList.indexOf(symbol) != -1): null

2019-08-24 12:43:59 - [TEST_STEP][PASSED] - if (i == 3 &amp;&amp; wildList.indexOf(symbol) != -1): null

2019-08-24 12:43:59 - [TEST_STEP][PASSED] - if (i == 4 &amp;&amp; wildList.indexOf(symbol) != -1): null

2019-08-24 12:43:59 - [TEST_STEP][PASSED] - symbol = symbol: null

2019-08-24 12:43:59 - [TEST_STEP][PASSED] - println(symbol): null

2019-08-24 12:43:59 - [TEST_STEP][PASSED] - if (i == 2 &amp;&amp; wildList.indexOf(symbol) != -1): null

2019-08-24 12:43:59 - [TEST_STEP][PASSED] - if (i == 3 &amp;&amp; wildList.indexOf(symbol) != -1): null

2019-08-24 12:43:59 - [TEST_STEP][PASSED] - if (i == 4 &amp;&amp; wildList.indexOf(symbol) != -1): null

2019-08-24 12:43:59 - [TEST_STEP][PASSED] - symbols = symbols: null

2019-08-24 12:43:59 - [TEST_STEP][PASSED] - for ([j = 0, j &lt; symbols.size(), (j++)]): null

2019-08-24 12:43:59 - [TEST_STEP][PASSED] - symbol = symbol: null

2019-08-24 12:43:59 - [TEST_STEP][PASSED] - println(symbol): null

2019-08-24 12:43:59 - [TEST_STEP][PASSED] - if (i == 2 &amp;&amp; wildList.indexOf(symbol) != -1): null

2019-08-24 12:43:59 - [TEST_STEP][PASSED] - if (i == 3 &amp;&amp; wildList.indexOf(symbol) != -1): null

2019-08-24 12:43:59 - [TEST_STEP][PASSED] - if (i == 4 &amp;&amp; wildList.indexOf(symbol) != -1): null

2019-08-24 12:43:59 - [TEST_STEP][PASSED] - symbol = symbol: null

2019-08-24 12:43:59 - [TEST_STEP][PASSED] - println(symbol): null

2019-08-24 12:43:59 - [TEST_STEP][PASSED] - if (i == 2 &amp;&amp; wildList.indexOf(symbol) != -1): null

2019-08-24 12:43:59 - [TEST_STEP][PASSED] - if (i == 3 &amp;&amp; wildList.indexOf(symbol) != -1): null

2019-08-24 12:43:59 - [TEST_STEP][PASSED] - if (i == 4 &amp;&amp; wildList.indexOf(symbol) != -1): null

2019-08-24 12:43:59 - [TEST_STEP][PASSED] - symbol = symbol: null

2019-08-24 12:43:59 - [TEST_STEP][PASSED] - println(symbol): null

2019-08-24 12:43:59 - [TEST_STEP][PASSED] - if (i == 2 &amp;&amp; wildList.indexOf(symbol) != -1): null

2019-08-24 12:43:59 - [TEST_STEP][PASSED] - if (i == 3 &amp;&amp; wildList.indexOf(symbol) != -1): null

2019-08-24 12:43:59 - [TEST_STEP][PASSED] - if (i == 4 &amp;&amp; wildList.indexOf(symbol) != -1): null

2019-08-24 12:43:59 - [TEST_STEP][PASSED] - symbols = symbols: null

2019-08-24 12:43:59 - [TEST_STEP][PASSED] - for ([j = 0, j &lt; symbols.size(), (j++)]): null

2019-08-24 12:43:59 - [TEST_STEP][PASSED] - symbol = symbol: null

2019-08-24 12:43:59 - [TEST_STEP][PASSED] - println(symbol): null

2019-08-24 12:43:59 - [TEST_STEP][PASSED] - if (i == 2 &amp;&amp; wildList.indexOf(symbol) != -1): null

2019-08-24 12:43:59 - [TEST_STEP][PASSED] - if (i == 3 &amp;&amp; wildList.indexOf(symbol) != -1): null

2019-08-24 12:43:59 - [TEST_STEP][PASSED] - if (i == 4 &amp;&amp; wildList.indexOf(symbol) != -1): null

2019-08-24 12:43:59 - [TEST_STEP][PASSED] - symbol = symbol: null

2019-08-24 12:43:59 - [TEST_STEP][PASSED] - println(symbol): null

2019-08-24 12:43:59 - [TEST_STEP][PASSED] - if (i == 2 &amp;&amp; wildList.indexOf(symbol) != -1): null

2019-08-24 12:43:59 - [TEST_STEP][PASSED] - if (i == 3 &amp;&amp; wildList.indexOf(symbol) != -1): null

2019-08-24 12:43:59 - [TEST_STEP][PASSED] - if (i == 4 &amp;&amp; wildList.indexOf(symbol) != -1): null

2019-08-24 12:43:59 - [TEST_STEP][PASSED] - symbol = symbol: null

2019-08-24 12:43:59 - [TEST_STEP][PASSED] - println(symbol): null

2019-08-24 12:43:59 - [TEST_STEP][PASSED] - if (i == 2 &amp;&amp; wildList.indexOf(symbol) != -1): null

2019-08-24 12:43:59 - [TEST_STEP][PASSED] - if (i == 3 &amp;&amp; wildList.indexOf(symbol) != -1): null

2019-08-24 12:43:59 - [TEST_STEP][PASSED] - if (i == 4 &amp;&amp; wildList.indexOf(symbol) != -1): null

2019-08-24 12:43:59 - [TEST_STEP][PASSED] - free_spin_reel_counter = free_spin_reel_counter: null

2019-08-24 12:43:59 - [TEST_STEP][PASSED] - println("reel 3 wild found: " + free_spin_reel_counter[0]): null

2019-08-24 12:43:59 - [TEST_STEP][PASSED] - println("reel 4 wild found: " + free_spin_reel_counter[1]): null

2019-08-24 12:43:59 - [TEST_STEP][PASSED] - println("reel 5 wild found: " + free_spin_reel_counter[2]): null

2019-08-24 12:43:59 - [TEST_STEP][PASSED] - M4_spin_reels = M4_spin_reels: null

2019-08-24 12:43:59 - [TEST_STEP][PASSED] - M4_spin_reels_symbols = symbol: null

2019-08-24 12:43:59 - [TEST_STEP][PASSED] - M4_spin_reels_symbols = M4_spin_reels_symbols: null

2019-08-24 12:43:59 - [TEST_STEP][PASSED] - M4_spin_reel_wins = reel_wins: null

2019-08-24 12:43:59 - [TEST_STEP][PASSED] - M4_spin_reel_wins = M4_spin_reel_wins: null

2019-08-24 12:43:59 - [TEST_STEP][PASSED] - println("GlobalVariable.M4_spin_reel_wins is: " + M4_spin_reel_wins): null

2019-08-24 12:43:59 - [TEST_STEP][PASSED] - M4_spin_total_bonus_win_this_round = total_bonus_win_this_round: null

2019-08-24 12:43:59 - [TEST_STEP][PASSED] - M4_spin_total_bonus_win_this_round = M4_spin_total_bonus_win_this_round: null

2019-08-24 12:43:59 - [TEST_STEP][PASSED] - println("GlobalVariable.M4_spin_total_bonus_win_this_round is: " + M4_spin_total_bonus_win_this_round): null

2019-08-24 12:43:59 - [TEST_STEP][PASSED] - M4_spin_bonus_spin_result = spin_result: null

2019-08-24 12:43:59 - [TEST_STEP][PASSED] - M4_spin_bonus_spin_result = M4_spin_bonus_spin_result: null

2019-08-24 12:43:59 - [MESSAGE][PASSED] - Verify response successfully

2019-08-24 12:43:59 - [MESSAGE][PASSED] - Send request and verify the response successfully

2019-08-24 12:43:59 - [TEST_STEP][PASSED] - if (M4_total_bonus_spins_int != 0 &amp;&amp; M4_spin_reels_symbols[2].contains("WILD_Double") || M4_spin_reels_symbols[4].contains("WILD_Triple")): null

2019-08-24 12:43:59 - [TEST_STEP][PASSED] - free_spin_reel_counter = free_spin_reel_counter: null

2019-08-24 12:43:59 - [TEST_STEP][PASSED] - M4_spin_reels_symbols = M4_spin_reels_symbols: null

2019-08-24 12:43:59 - [TEST_STEP][PASSED] - M4_total_bonus_spins = M4_total_bonus_spins: null

2019-08-24 12:43:59 - [TEST_STEP][PASSED] - spin_result = sendRequestAndVerify(findTestObject("INT/RGS(M4)/1_M4_spin", ["M4_login_user_id":M4_login_user_id, "rgs_session_token":rgs_session_token, "partner":Partner])): Send request and verify the response successfully

2019-08-24 12:43:59 - [MESSAGE][INFO] - HAR: /Users/eiralee/Katalon_Script/SuperWild/Reports/20190824_124242/INT/superWild_4/20190824_124242/requests/main/26.har

2019-08-24 12:43:59 - [TEST_CASE][PASSED] - Start Test Case : Verification: Verification accomplished successfully

2019-08-24 12:43:59 - [TEST_STEP][PASSED] - request = getInstance().getCurrentRequest(): null

2019-08-24 12:43:59 - [TEST_STEP][PASSED] - response = getInstance().getCurrentResponse(): null

2019-08-24 12:43:59 - [TEST_STEP][PASSED] - verifyResponseStatusCode(response, 200): Verify response status code successfully

2019-08-24 12:43:59 - [MESSAGE][PASSED] - Verify response status code successfully

2019-08-24 12:43:59 - [TEST_STEP][PASSED] - getStatusCode()).isEqualTo(200): null

2019-08-24 12:43:59 - [TEST_STEP][PASSED] - newline = System.getProperty("line.separator"): null

2019-08-24 12:43:59 - [TEST_STEP][PASSED] - M4_spin = new groovy.json.JsonSlurper(): null

2019-08-24 12:43:59 - [TEST_STEP][PASSED] - result_M4_spin = M4_spin.parseText(response.getResponseBodyContent()): null

2019-08-24 12:43:59 - [TEST_STEP][PASSED] - M4_spin_current_balance = current_balance: null

2019-08-24 12:43:59 - [TEST_STEP][PASSED] - M4_spin_current_balance = M4_spin_current_balance: null

2019-08-24 12:43:59 - [TEST_STEP][PASSED] - M4_spin_transaction_id = causality: null

2019-08-24 12:43:59 - [TEST_STEP][PASSED] - M4_spin_transaction_id = M4_spin_transaction_id: null

2019-08-24 12:43:59 - [TEST_STEP][PASSED] - M4_spin_round_id = round_id: null

2019-08-24 12:43:59 - [TEST_STEP][PASSED] - M4_spin_round_id = M4_spin_round_id: null

2019-08-24 12:43:59 - [TEST_STEP][PASSED] - M4_spin_line_wins = line_wins: null

2019-08-24 12:43:59 - [TEST_STEP][PASSED] - M4_spin_line_wins = M4_spin_line_wins: null

2019-08-24 12:43:59 - [TEST_STEP][PASSED] - M4_total_bonus_spins_int = total_bonus_spins: null

2019-08-24 12:43:59 - [TEST_STEP][PASSED] - println("******M4_total_bonus_spins type is:*******" + newline + getClass().getName()): null

2019-08-24 12:43:59 - [TEST_STEP][PASSED] - M4_total_bonus_spins_int = M4_total_bonus_spins_int: null

2019-08-24 12:43:59 - [TEST_STEP][PASSED] - M4_total_bonus_spins = Integer.toString(M4_total_bonus_spins_int): null

2019-08-24 12:43:59 - [TEST_STEP][PASSED] - M4_total_bonus_spins = M4_total_bonus_spins: null

2019-08-24 12:43:59 - [TEST_STEP][PASSED] - println("M4_total_bonus_spins is:" + M4_total_bonus_spins): null

2019-08-24 12:43:59 - [TEST_STEP][PASSED] - M4_spin_bonus_data = bonus_data: null

2019-08-24 12:43:59 - [TEST_STEP][PASSED] - M4_spin_features_triggered = result_M4_spin: null

2019-08-24 12:43:59 - [TEST_STEP][PASSED] - wild = []: null

2019-08-24 12:43:59 - [TEST_STEP][PASSED] - wild[0] = "WILD_Expanding": null

2019-08-24 12:43:59 - [TEST_STEP][PASSED] - wild[1] = "WILD_Normal": null

2019-08-24 12:43:59 - [TEST_STEP][PASSED] - wild[2] = "WILD_Double": null

2019-08-24 12:43:59 - [TEST_STEP][PASSED] - wild[3] = "WILD_ExtraFG": null

2019-08-24 12:43:59 - [TEST_STEP][PASSED] - wild[4] = "WILD_Triple": null

2019-08-24 12:43:59 - [TEST_STEP][PASSED] - wildList = Arrays.asList(wild): null

2019-08-24 12:43:59 - [TEST_STEP][PASSED] - wildList = wildList: null

2019-08-24 12:43:59 - [TEST_STEP][PASSED] - free_spin_reel_counter = []: null

2019-08-24 12:43:59 - [TEST_STEP][PASSED] - free_spin_reel_counter[0] = 0: null

2019-08-24 12:43:59 - [TEST_STEP][PASSED] - free_spin_reel_counter[1] = 0: null

2019-08-24 12:43:59 - [TEST_STEP][PASSED] - free_spin_reel_counter[2] = 0: null

2019-08-24 12:43:59 - [TEST_STEP][PASSED] - M4_spin_reels = reels: null

2019-08-24 12:43:59 - [TEST_STEP][PASSED] - for ([i = 0, i &lt; M4_spin_reels.size(), (i++)]): null

2019-08-24 12:43:59 - [TEST_STEP][PASSED] - symbols = symbols: null

2019-08-24 12:43:59 - [TEST_STEP][PASSED] - for ([j = 0, j &lt; symbols.size(), (j++)]): null

2019-08-24 12:43:59 - [TEST_STEP][PASSED] - symbol = symbol: null

2019-08-24 12:43:59 - [TEST_STEP][PASSED] - println(symbol): null

2019-08-24 12:43:59 - [TEST_STEP][PASSED] - if (i == 2 &amp;&amp; wildList.indexOf(symbol) != -1): null

2019-08-24 12:43:59 - [TEST_STEP][PASSED] - if (i == 3 &amp;&amp; wildList.indexOf(symbol) != -1): null

2019-08-24 12:43:59 - [TEST_STEP][PASSED] - if (i == 4 &amp;&amp; wildList.indexOf(symbol) != -1): null

2019-08-24 12:43:59 - [TEST_STEP][PASSED] - symbol = symbol: null

2019-08-24 12:43:59 - [TEST_STEP][PASSED] - println(symbol): null

2019-08-24 12:43:59 - [TEST_STEP][PASSED] - if (i == 2 &amp;&amp; wildList.indexOf(symbol) != -1): null

2019-08-24 12:43:59 - [TEST_STEP][PASSED] - if (i == 3 &amp;&amp; wildList.indexOf(symbol) != -1): null

2019-08-24 12:43:59 - [TEST_STEP][PASSED] - if (i == 4 &amp;&amp; wildList.indexOf(symbol) != -1): null

2019-08-24 12:43:59 - [TEST_STEP][PASSED] - symbol = symbol: null

2019-08-24 12:43:59 - [TEST_STEP][PASSED] - println(symbol): null

2019-08-24 12:43:59 - [TEST_STEP][PASSED] - if (i == 2 &amp;&amp; wildList.indexOf(symbol) != -1): null

2019-08-24 12:43:59 - [TEST_STEP][PASSED] - if (i == 3 &amp;&amp; wildList.indexOf(symbol) != -1): null

2019-08-24 12:43:59 - [TEST_STEP][PASSED] - if (i == 4 &amp;&amp; wildList.indexOf(symbol) != -1): null

2019-08-24 12:43:59 - [TEST_STEP][PASSED] - symbols = symbols: null

2019-08-24 12:43:59 - [TEST_STEP][PASSED] - for ([j = 0, j &lt; symbols.size(), (j++)]): null

2019-08-24 12:43:59 - [TEST_STEP][PASSED] - symbol = symbol: null

2019-08-24 12:43:59 - [TEST_STEP][PASSED] - println(symbol): null

2019-08-24 12:43:59 - [TEST_STEP][PASSED] - if (i == 2 &amp;&amp; wildList.indexOf(symbol) != -1): null

2019-08-24 12:43:59 - [TEST_STEP][PASSED] - if (i == 3 &amp;&amp; wildList.indexOf(symbol) != -1): null

2019-08-24 12:43:59 - [TEST_STEP][PASSED] - if (i == 4 &amp;&amp; wildList.indexOf(symbol) != -1): null

2019-08-24 12:43:59 - [TEST_STEP][PASSED] - symbol = symbol: null

2019-08-24 12:43:59 - [TEST_STEP][PASSED] - println(symbol): null

2019-08-24 12:43:59 - [TEST_STEP][PASSED] - if (i == 2 &amp;&amp; wildList.indexOf(symbol) != -1): null

2019-08-24 12:43:59 - [TEST_STEP][PASSED] - if (i == 3 &amp;&amp; wildList.indexOf(symbol) != -1): null

2019-08-24 12:43:59 - [TEST_STEP][PASSED] - if (i == 4 &amp;&amp; wildList.indexOf(symbol) != -1): null

2019-08-24 12:43:59 - [TEST_STEP][PASSED] - symbol = symbol: null

2019-08-24 12:43:59 - [TEST_STEP][PASSED] - println(symbol): null

2019-08-24 12:44:03 - [TEST_STEP][PASSED] - if (i == 2 &amp;&amp; wildList.indexOf(symbol) != -1): null

2019-08-24 12:44:03 - [TEST_STEP][PASSED] - if (i == 3 &amp;&amp; wildList.indexOf(symbol) != -1): null

2019-08-24 12:44:03 - [TEST_STEP][PASSED] - if (i == 4 &amp;&amp; wildList.indexOf(symbol) != -1): null

2019-08-24 12:44:03 - [TEST_STEP][PASSED] - symbols = symbols: null

2019-08-24 12:44:03 - [TEST_STEP][PASSED] - for ([j = 0, j &lt; symbols.size(), (j++)]): null

2019-08-24 12:44:03 - [TEST_STEP][PASSED] - symbol = symbol: null

2019-08-24 12:44:03 - [TEST_STEP][PASSED] - println(symbol): null

2019-08-24 12:44:03 - [TEST_STEP][PASSED] - if (i == 2 &amp;&amp; wildList.indexOf(symbol) != -1): null

2019-08-24 12:44:03 - [TEST_STEP][PASSED] - if (i == 3 &amp;&amp; wildList.indexOf(symbol) != -1): null

2019-08-24 12:44:03 - [TEST_STEP][PASSED] - if (i == 4 &amp;&amp; wildList.indexOf(symbol) != -1): null

2019-08-24 12:44:03 - [TEST_STEP][PASSED] - symbol = symbol: null

2019-08-24 12:44:03 - [TEST_STEP][PASSED] - println(symbol): null

2019-08-24 12:44:03 - [TEST_STEP][PASSED] - if (i == 2 &amp;&amp; wildList.indexOf(symbol) != -1): null

2019-08-24 12:44:03 - [TEST_STEP][PASSED] - if (i == 3 &amp;&amp; wildList.indexOf(symbol) != -1): null

2019-08-24 12:44:03 - [TEST_STEP][PASSED] - if (i == 4 &amp;&amp; wildList.indexOf(symbol) != -1): null

2019-08-24 12:44:03 - [TEST_STEP][PASSED] - symbol = symbol: null

2019-08-24 12:44:03 - [TEST_STEP][PASSED] - println(symbol): null

2019-08-24 12:44:03 - [TEST_STEP][PASSED] - if (i == 2 &amp;&amp; wildList.indexOf(symbol) != -1): null

2019-08-24 12:44:03 - [TEST_STEP][PASSED] - if (i == 3 &amp;&amp; wildList.indexOf(symbol) != -1): null

2019-08-24 12:44:03 - [TEST_STEP][PASSED] - if (i == 4 &amp;&amp; wildList.indexOf(symbol) != -1): null

2019-08-24 12:44:03 - [TEST_STEP][PASSED] - symbols = symbols: null

2019-08-24 12:44:03 - [TEST_STEP][PASSED] - for ([j = 0, j &lt; symbols.size(), (j++)]): null

2019-08-24 12:44:03 - [TEST_STEP][PASSED] - symbol = symbol: null

2019-08-24 12:44:03 - [TEST_STEP][PASSED] - println(symbol): null

2019-08-24 12:44:03 - [TEST_STEP][PASSED] - if (i == 2 &amp;&amp; wildList.indexOf(symbol) != -1): null

2019-08-24 12:44:03 - [TEST_STEP][PASSED] - if (i == 3 &amp;&amp; wildList.indexOf(symbol) != -1): null

2019-08-24 12:44:03 - [TEST_STEP][PASSED] - if (i == 4 &amp;&amp; wildList.indexOf(symbol) != -1): null

2019-08-24 12:44:03 - [TEST_STEP][PASSED] - symbol = symbol: null

2019-08-24 12:44:03 - [TEST_STEP][PASSED] - println(symbol): null

2019-08-24 12:44:03 - [TEST_STEP][PASSED] - if (i == 2 &amp;&amp; wildList.indexOf(symbol) != -1): null

2019-08-24 12:44:03 - [TEST_STEP][PASSED] - if (i == 3 &amp;&amp; wildList.indexOf(symbol) != -1): null

2019-08-24 12:44:03 - [TEST_STEP][PASSED] - if (i == 4 &amp;&amp; wildList.indexOf(symbol) != -1): null

2019-08-24 12:44:03 - [TEST_STEP][PASSED] - symbol = symbol: null

2019-08-24 12:44:03 - [TEST_STEP][PASSED] - println(symbol): null

2019-08-24 12:44:03 - [TEST_STEP][PASSED] - if (i == 2 &amp;&amp; wildList.indexOf(symbol) != -1): null

2019-08-24 12:44:03 - [TEST_STEP][PASSED] - if (i == 3 &amp;&amp; wildList.indexOf(symbol) != -1): null

2019-08-24 12:44:03 - [TEST_STEP][PASSED] - if (i == 4 &amp;&amp; wildList.indexOf(symbol) != -1): null

2019-08-24 12:44:03 - [TEST_STEP][PASSED] - symbols = symbols: null

2019-08-24 12:44:03 - [TEST_STEP][PASSED] - for ([j = 0, j &lt; symbols.size(), (j++)]): null

2019-08-24 12:44:03 - [TEST_STEP][PASSED] - symbol = symbol: null

2019-08-24 12:44:03 - [TEST_STEP][PASSED] - println(symbol): null

2019-08-24 12:44:03 - [TEST_STEP][PASSED] - if (i == 2 &amp;&amp; wildList.indexOf(symbol) != -1): null

2019-08-24 12:44:03 - [TEST_STEP][PASSED] - if (i == 3 &amp;&amp; wildList.indexOf(symbol) != -1): null

2019-08-24 12:44:03 - [TEST_STEP][PASSED] - if (i == 4 &amp;&amp; wildList.indexOf(symbol) != -1): null

2019-08-24 12:44:03 - [TEST_STEP][PASSED] - symbol = symbol: null

2019-08-24 12:44:03 - [TEST_STEP][PASSED] - println(symbol): null

2019-08-24 12:44:03 - [TEST_STEP][PASSED] - if (i == 2 &amp;&amp; wildList.indexOf(symbol) != -1): null

2019-08-24 12:44:03 - [TEST_STEP][PASSED] - if (i == 3 &amp;&amp; wildList.indexOf(symbol) != -1): null

2019-08-24 12:44:03 - [TEST_STEP][PASSED] - if (i == 4 &amp;&amp; wildList.indexOf(symbol) != -1): null

2019-08-24 12:44:03 - [TEST_STEP][PASSED] - symbol = symbol: null

2019-08-24 12:44:03 - [TEST_STEP][PASSED] - println(symbol): null

2019-08-24 12:44:03 - [TEST_STEP][PASSED] - if (i == 2 &amp;&amp; wildList.indexOf(symbol) != -1): null

2019-08-24 12:44:03 - [TEST_STEP][PASSED] - if (i == 3 &amp;&amp; wildList.indexOf(symbol) != -1): null

2019-08-24 12:44:03 - [TEST_STEP][PASSED] - if (i == 4 &amp;&amp; wildList.indexOf(symbol) != -1): null

2019-08-24 12:44:03 - [TEST_STEP][PASSED] - println("wild found on reel 5, adding counter by 1"): null

2019-08-24 12:44:03 - [TEST_STEP][PASSED] - free_spin_reel_counter[2] = free_spin_reel_counter[2] + 1: null

2019-08-24 12:44:03 - [TEST_STEP][PASSED] - free_spin_reel_counter = free_spin_reel_counter: null

2019-08-24 12:44:03 - [TEST_STEP][PASSED] - println("reel 3 wild found: " + free_spin_reel_counter[0]): null

2019-08-24 12:44:03 - [TEST_STEP][PASSED] - println("reel 4 wild found: " + free_spin_reel_counter[1]): null

2019-08-24 12:44:03 - [TEST_STEP][PASSED] - println("reel 5 wild found: " + free_spin_reel_counter[2]): null

2019-08-24 12:44:03 - [TEST_STEP][PASSED] - M4_spin_reels = M4_spin_reels: null

2019-08-24 12:44:03 - [TEST_STEP][PASSED] - M4_spin_reels_symbols = symbol: null

2019-08-24 12:44:03 - [TEST_STEP][PASSED] - M4_spin_reels_symbols = M4_spin_reels_symbols: null

2019-08-24 12:44:03 - [TEST_STEP][PASSED] - M4_spin_reel_wins = reel_wins: null

2019-08-24 12:44:03 - [TEST_STEP][PASSED] - M4_spin_reel_wins = M4_spin_reel_wins: null

2019-08-24 12:44:03 - [TEST_STEP][PASSED] - println("GlobalVariable.M4_spin_reel_wins is: " + M4_spin_reel_wins): null

2019-08-24 12:44:03 - [TEST_STEP][PASSED] - M4_spin_total_bonus_win_this_round = total_bonus_win_this_round: null

2019-08-24 12:44:03 - [TEST_STEP][PASSED] - M4_spin_total_bonus_win_this_round = M4_spin_total_bonus_win_this_round: null

2019-08-24 12:44:03 - [TEST_STEP][PASSED] - println("GlobalVariable.M4_spin_total_bonus_win_this_round is: " + M4_spin_total_bonus_win_this_round): null

2019-08-24 12:44:03 - [TEST_STEP][PASSED] - M4_spin_bonus_spin_result = spin_result: null

2019-08-24 12:44:03 - [TEST_STEP][PASSED] - M4_spin_bonus_spin_result = M4_spin_bonus_spin_result: null

2019-08-24 12:44:03 - [MESSAGE][PASSED] - Verify response successfully

2019-08-24 12:44:03 - [MESSAGE][PASSED] - Send request and verify the response successfully

2019-08-24 12:44:03 - [TEST_STEP][PASSED] - if (M4_total_bonus_spins_int != 0 &amp;&amp; M4_spin_reels_symbols[2].contains("WILD_Double") || M4_spin_reels_symbols[4].contains("WILD_Triple")): null

2019-08-24 12:44:03 - [TEST_STEP][PASSED] - free_spin_reel_counter = free_spin_reel_counter: null

2019-08-24 12:44:03 - [TEST_STEP][PASSED] - M4_spin_reels_symbols = M4_spin_reels_symbols: null

2019-08-24 12:44:03 - [TEST_STEP][PASSED] - M4_total_bonus_spins = M4_total_bonus_spins: null

2019-08-24 12:44:03 - [TEST_STEP][PASSED] - spin_result = sendRequestAndVerify(findTestObject("INT/RGS(M4)/1_M4_spin", ["M4_login_user_id":M4_login_user_id, "rgs_session_token":rgs_session_token, "partner":Partner])): Send request and verify the response successfully

2019-08-24 12:44:04 - [MESSAGE][INFO] - HAR: /Users/eiralee/Katalon_Script/SuperWild/Reports/20190824_124242/INT/superWild_4/20190824_124242/requests/main/27.har

2019-08-24 12:44:04 - [TEST_CASE][PASSED] - Start Test Case : Verification: Verification accomplished successfully

2019-08-24 12:44:04 - [TEST_STEP][PASSED] - request = getInstance().getCurrentRequest(): null

2019-08-24 12:44:04 - [TEST_STEP][PASSED] - response = getInstance().getCurrentResponse(): null

2019-08-24 12:44:04 - [TEST_STEP][PASSED] - verifyResponseStatusCode(response, 200): Verify response status code successfully

2019-08-24 12:44:04 - [MESSAGE][PASSED] - Verify response status code successfully

2019-08-24 12:44:04 - [TEST_STEP][PASSED] - getStatusCode()).isEqualTo(200): null

2019-08-24 12:44:04 - [TEST_STEP][PASSED] - newline = System.getProperty("line.separator"): null

2019-08-24 12:44:04 - [TEST_STEP][PASSED] - M4_spin = new groovy.json.JsonSlurper(): null

2019-08-24 12:44:04 - [TEST_STEP][PASSED] - result_M4_spin = M4_spin.parseText(response.getResponseBodyContent()): null

2019-08-24 12:44:04 - [TEST_STEP][PASSED] - M4_spin_current_balance = current_balance: null

2019-08-24 12:44:04 - [TEST_STEP][PASSED] - M4_spin_current_balance = M4_spin_current_balance: null

2019-08-24 12:44:04 - [TEST_STEP][PASSED] - M4_spin_transaction_id = causality: null

2019-08-24 12:44:04 - [TEST_STEP][PASSED] - M4_spin_transaction_id = M4_spin_transaction_id: null

2019-08-24 12:44:04 - [TEST_STEP][PASSED] - M4_spin_round_id = round_id: null

2019-08-24 12:44:04 - [TEST_STEP][PASSED] - M4_spin_round_id = M4_spin_round_id: null

2019-08-24 12:44:04 - [TEST_STEP][PASSED] - M4_spin_line_wins = line_wins: null

2019-08-24 12:44:04 - [TEST_STEP][PASSED] - M4_spin_line_wins = M4_spin_line_wins: null

2019-08-24 12:44:04 - [TEST_STEP][PASSED] - M4_total_bonus_spins_int = total_bonus_spins: null

2019-08-24 12:44:04 - [TEST_STEP][PASSED] - println("******M4_total_bonus_spins type is:*******" + newline + getClass().getName()): null

2019-08-24 12:44:04 - [TEST_STEP][PASSED] - M4_total_bonus_spins_int = M4_total_bonus_spins_int: null

2019-08-24 12:44:04 - [TEST_STEP][PASSED] - M4_total_bonus_spins = Integer.toString(M4_total_bonus_spins_int): null

2019-08-24 12:44:04 - [TEST_STEP][PASSED] - M4_total_bonus_spins = M4_total_bonus_spins: null

2019-08-24 12:44:04 - [TEST_STEP][PASSED] - println("M4_total_bonus_spins is:" + M4_total_bonus_spins): null

2019-08-24 12:44:04 - [TEST_STEP][PASSED] - M4_spin_bonus_data = bonus_data: null

2019-08-24 12:44:04 - [TEST_STEP][PASSED] - M4_spin_features_triggered = result_M4_spin: null

2019-08-24 12:44:04 - [TEST_STEP][PASSED] - wild = []: null

2019-08-24 12:44:04 - [TEST_STEP][PASSED] - wild[0] = "WILD_Expanding": null

2019-08-24 12:44:04 - [TEST_STEP][PASSED] - wild[1] = "WILD_Normal": null

2019-08-24 12:44:04 - [TEST_STEP][PASSED] - wild[2] = "WILD_Double": null

2019-08-24 12:44:04 - [TEST_STEP][PASSED] - wild[3] = "WILD_ExtraFG": null

2019-08-24 12:44:04 - [TEST_STEP][PASSED] - wild[4] = "WILD_Triple": null

2019-08-24 12:44:04 - [TEST_STEP][PASSED] - wildList = Arrays.asList(wild): null

2019-08-24 12:44:04 - [TEST_STEP][PASSED] - wildList = wildList: null

2019-08-24 12:44:04 - [TEST_STEP][PASSED] - free_spin_reel_counter = []: null

2019-08-24 12:44:04 - [TEST_STEP][PASSED] - free_spin_reel_counter[0] = 0: null

2019-08-24 12:44:04 - [TEST_STEP][PASSED] - free_spin_reel_counter[1] = 0: null

2019-08-24 12:44:04 - [TEST_STEP][PASSED] - free_spin_reel_counter[2] = 0: null

2019-08-24 12:44:04 - [TEST_STEP][PASSED] - M4_spin_reels = reels: null

2019-08-24 12:44:04 - [TEST_STEP][PASSED] - for ([i = 0, i &lt; M4_spin_reels.size(), (i++)]): null

2019-08-24 12:44:04 - [TEST_STEP][PASSED] - symbols = symbols: null

2019-08-24 12:44:04 - [TEST_STEP][PASSED] - for ([j = 0, j &lt; symbols.size(), (j++)]): null

2019-08-24 12:44:04 - [TEST_STEP][PASSED] - symbol = symbol: null

2019-08-24 12:44:04 - [TEST_STEP][PASSED] - println(symbol): null

2019-08-24 12:44:04 - [TEST_STEP][PASSED] - if (i == 2 &amp;&amp; wildList.indexOf(symbol) != -1): null

2019-08-24 12:44:04 - [TEST_STEP][PASSED] - if (i == 3 &amp;&amp; wildList.indexOf(symbol) != -1): null

2019-08-24 12:44:04 - [TEST_STEP][PASSED] - if (i == 4 &amp;&amp; wildList.indexOf(symbol) != -1): null

2019-08-24 12:44:04 - [TEST_STEP][PASSED] - symbol = symbol: null

2019-08-24 12:44:04 - [TEST_STEP][PASSED] - println(symbol): null

2019-08-24 12:44:04 - [TEST_STEP][PASSED] - if (i == 2 &amp;&amp; wildList.indexOf(symbol) != -1): null

2019-08-24 12:44:04 - [TEST_STEP][PASSED] - if (i == 3 &amp;&amp; wildList.indexOf(symbol) != -1): null

2019-08-24 12:44:04 - [TEST_STEP][PASSED] - if (i == 4 &amp;&amp; wildList.indexOf(symbol) != -1): null

2019-08-24 12:44:04 - [TEST_STEP][PASSED] - symbol = symbol: null

2019-08-24 12:44:04 - [TEST_STEP][PASSED] - println(symbol): null

2019-08-24 12:44:04 - [TEST_STEP][PASSED] - if (i == 2 &amp;&amp; wildList.indexOf(symbol) != -1): null

2019-08-24 12:44:04 - [TEST_STEP][PASSED] - if (i == 3 &amp;&amp; wildList.indexOf(symbol) != -1): null

2019-08-24 12:44:04 - [TEST_STEP][PASSED] - if (i == 4 &amp;&amp; wildList.indexOf(symbol) != -1): null

2019-08-24 12:44:04 - [TEST_STEP][PASSED] - symbols = symbols: null

2019-08-24 12:44:04 - [TEST_STEP][PASSED] - for ([j = 0, j &lt; symbols.size(), (j++)]): null

2019-08-24 12:44:04 - [TEST_STEP][PASSED] - symbol = symbol: null

2019-08-24 12:44:04 - [TEST_STEP][PASSED] - println(symbol): null

2019-08-24 12:44:04 - [TEST_STEP][PASSED] - if (i == 2 &amp;&amp; wildList.indexOf(symbol) != -1): null

2019-08-24 12:44:04 - [TEST_STEP][PASSED] - if (i == 3 &amp;&amp; wildList.indexOf(symbol) != -1): null

2019-08-24 12:44:04 - [TEST_STEP][PASSED] - if (i == 4 &amp;&amp; wildList.indexOf(symbol) != -1): null

2019-08-24 12:44:04 - [TEST_STEP][PASSED] - symbol = symbol: null

2019-08-24 12:44:04 - [TEST_STEP][PASSED] - println(symbol): null

2019-08-24 12:44:04 - [TEST_STEP][PASSED] - if (i == 2 &amp;&amp; wildList.indexOf(symbol) != -1): null

2019-08-24 12:44:04 - [TEST_STEP][PASSED] - if (i == 3 &amp;&amp; wildList.indexOf(symbol) != -1): null

2019-08-24 12:44:04 - [TEST_STEP][PASSED] - if (i == 4 &amp;&amp; wildList.indexOf(symbol) != -1): null

2019-08-24 12:44:04 - [TEST_STEP][PASSED] - symbol = symbol: null

2019-08-24 12:44:04 - [TEST_STEP][PASSED] - println(symbol): null

2019-08-24 12:44:04 - [TEST_STEP][PASSED] - if (i == 2 &amp;&amp; wildList.indexOf(symbol) != -1): null

2019-08-24 12:44:04 - [TEST_STEP][PASSED] - if (i == 3 &amp;&amp; wildList.indexOf(symbol) != -1): null

2019-08-24 12:44:04 - [TEST_STEP][PASSED] - if (i == 4 &amp;&amp; wildList.indexOf(symbol) != -1): null

2019-08-24 12:44:04 - [TEST_STEP][PASSED] - symbols = symbols: null

2019-08-24 12:44:04 - [TEST_STEP][PASSED] - for ([j = 0, j &lt; symbols.size(), (j++)]): null

2019-08-24 12:44:04 - [TEST_STEP][PASSED] - symbol = symbol: null

2019-08-24 12:44:04 - [TEST_STEP][PASSED] - println(symbol): null

2019-08-24 12:44:04 - [TEST_STEP][PASSED] - if (i == 2 &amp;&amp; wildList.indexOf(symbol) != -1): null

2019-08-24 12:44:04 - [TEST_STEP][PASSED] - if (i == 3 &amp;&amp; wildList.indexOf(symbol) != -1): null

2019-08-24 12:44:04 - [TEST_STEP][PASSED] - if (i == 4 &amp;&amp; wildList.indexOf(symbol) != -1): null

2019-08-24 12:44:04 - [TEST_STEP][PASSED] - symbol = symbol: null

2019-08-24 12:44:04 - [TEST_STEP][PASSED] - println(symbol): null

2019-08-24 12:44:04 - [TEST_STEP][PASSED] - if (i == 2 &amp;&amp; wildList.indexOf(symbol) != -1): null

2019-08-24 12:44:04 - [TEST_STEP][PASSED] - if (i == 3 &amp;&amp; wildList.indexOf(symbol) != -1): null

2019-08-24 12:44:04 - [TEST_STEP][PASSED] - if (i == 4 &amp;&amp; wildList.indexOf(symbol) != -1): null

2019-08-24 12:44:04 - [TEST_STEP][PASSED] - symbol = symbol: null

2019-08-24 12:44:04 - [TEST_STEP][PASSED] - println(symbol): null

2019-08-24 12:44:04 - [TEST_STEP][PASSED] - if (i == 2 &amp;&amp; wildList.indexOf(symbol) != -1): null

2019-08-24 12:44:04 - [TEST_STEP][PASSED] - if (i == 3 &amp;&amp; wildList.indexOf(symbol) != -1): null

2019-08-24 12:44:04 - [TEST_STEP][PASSED] - if (i == 4 &amp;&amp; wildList.indexOf(symbol) != -1): null

2019-08-24 12:44:04 - [TEST_STEP][PASSED] - symbols = symbols: null

2019-08-24 12:44:04 - [TEST_STEP][PASSED] - for ([j = 0, j &lt; symbols.size(), (j++)]): null

2019-08-24 12:44:04 - [TEST_STEP][PASSED] - symbol = symbol: null

2019-08-24 12:44:04 - [TEST_STEP][PASSED] - println(symbol): null

2019-08-24 12:44:04 - [TEST_STEP][PASSED] - if (i == 2 &amp;&amp; wildList.indexOf(symbol) != -1): null

2019-08-24 12:44:04 - [TEST_STEP][PASSED] - if (i == 3 &amp;&amp; wildList.indexOf(symbol) != -1): null

2019-08-24 12:44:04 - [TEST_STEP][PASSED] - if (i == 4 &amp;&amp; wildList.indexOf(symbol) != -1): null

2019-08-24 12:44:04 - [TEST_STEP][PASSED] - symbol = symbol: null

2019-08-24 12:44:04 - [TEST_STEP][PASSED] - println(symbol): null

2019-08-24 12:44:04 - [TEST_STEP][PASSED] - if (i == 2 &amp;&amp; wildList.indexOf(symbol) != -1): null

2019-08-24 12:44:04 - [TEST_STEP][PASSED] - if (i == 3 &amp;&amp; wildList.indexOf(symbol) != -1): null

2019-08-24 12:44:04 - [TEST_STEP][PASSED] - if (i == 4 &amp;&amp; wildList.indexOf(symbol) != -1): null

2019-08-24 12:44:04 - [TEST_STEP][PASSED] - symbol = symbol: null

2019-08-24 12:44:04 - [TEST_STEP][PASSED] - println(symbol): null

2019-08-24 12:44:04 - [TEST_STEP][PASSED] - if (i == 2 &amp;&amp; wildList.indexOf(symbol) != -1): null

2019-08-24 12:44:04 - [TEST_STEP][PASSED] - if (i == 3 &amp;&amp; wildList.indexOf(symbol) != -1): null

2019-08-24 12:44:04 - [TEST_STEP][PASSED] - println("wild found on reel 4, adding counter by 1"): null

2019-08-24 12:44:04 - [TEST_STEP][PASSED] - free_spin_reel_counter[1] = free_spin_reel_counter[1] + 1: null

2019-08-24 12:44:04 - [TEST_STEP][PASSED] - if (i == 4 &amp;&amp; wildList.indexOf(symbol) != -1): null

2019-08-24 12:44:04 - [TEST_STEP][PASSED] - symbols = symbols: null

2019-08-24 12:44:04 - [TEST_STEP][PASSED] - for ([j = 0, j &lt; symbols.size(), (j++)]): null

2019-08-24 12:44:04 - [TEST_STEP][PASSED] - symbol = symbol: null

2019-08-24 12:44:04 - [TEST_STEP][PASSED] - println(symbol): null

2019-08-24 12:44:04 - [TEST_STEP][PASSED] - if (i == 2 &amp;&amp; wildList.indexOf(symbol) != -1): null

2019-08-24 12:44:04 - [TEST_STEP][PASSED] - if (i == 3 &amp;&amp; wildList.indexOf(symbol) != -1): null

2019-08-24 12:44:04 - [TEST_STEP][PASSED] - if (i == 4 &amp;&amp; wildList.indexOf(symbol) != -1): null

2019-08-24 12:44:04 - [TEST_STEP][PASSED] - println("wild found on reel 5, adding counter by 1"): null

2019-08-24 12:44:04 - [TEST_STEP][PASSED] - free_spin_reel_counter[2] = free_spin_reel_counter[2] + 1: null

2019-08-24 12:44:04 - [TEST_STEP][PASSED] - symbol = symbol: null

2019-08-24 12:44:04 - [TEST_STEP][PASSED] - println(symbol): null

2019-08-24 12:44:04 - [TEST_STEP][PASSED] - if (i == 2 &amp;&amp; wildList.indexOf(symbol) != -1): null

2019-08-24 12:44:04 - [TEST_STEP][PASSED] - if (i == 3 &amp;&amp; wildList.indexOf(symbol) != -1): null

2019-08-24 12:44:04 - [TEST_STEP][PASSED] - if (i == 4 &amp;&amp; wildList.indexOf(symbol) != -1): null

2019-08-24 12:44:04 - [TEST_STEP][PASSED] - symbol = symbol: null

2019-08-24 12:44:04 - [TEST_STEP][PASSED] - println(symbol): null

2019-08-24 12:44:04 - [TEST_STEP][PASSED] - if (i == 2 &amp;&amp; wildList.indexOf(symbol) != -1): null

2019-08-24 12:44:04 - [TEST_STEP][PASSED] - if (i == 3 &amp;&amp; wildList.indexOf(symbol) != -1): null

2019-08-24 12:44:04 - [TEST_STEP][PASSED] - if (i == 4 &amp;&amp; wildList.indexOf(symbol) != -1): null

2019-08-24 12:44:04 - [TEST_STEP][PASSED] - free_spin_reel_counter = free_spin_reel_counter: null

2019-08-24 12:44:04 - [TEST_STEP][PASSED] - println("reel 3 wild found: " + free_spin_reel_counter[0]): null

2019-08-24 12:44:04 - [TEST_STEP][PASSED] - println("reel 4 wild found: " + free_spin_reel_counter[1]): null

2019-08-24 12:44:04 - [TEST_STEP][PASSED] - println("reel 5 wild found: " + free_spin_reel_counter[2]): null

2019-08-24 12:44:04 - [TEST_STEP][PASSED] - M4_spin_reels = M4_spin_reels: null

2019-08-24 12:44:04 - [TEST_STEP][PASSED] - M4_spin_reels_symbols = symbol: null

2019-08-24 12:44:04 - [TEST_STEP][PASSED] - M4_spin_reels_symbols = M4_spin_reels_symbols: null

2019-08-24 12:44:04 - [TEST_STEP][PASSED] - M4_spin_reel_wins = reel_wins: null

2019-08-24 12:44:04 - [TEST_STEP][PASSED] - M4_spin_reel_wins = M4_spin_reel_wins: null

2019-08-24 12:44:04 - [TEST_STEP][PASSED] - println("GlobalVariable.M4_spin_reel_wins is: " + M4_spin_reel_wins): null

2019-08-24 12:44:04 - [TEST_STEP][PASSED] - M4_spin_total_bonus_win_this_round = total_bonus_win_this_round: null

2019-08-24 12:44:04 - [TEST_STEP][PASSED] - M4_spin_total_bonus_win_this_round = M4_spin_total_bonus_win_this_round: null

2019-08-24 12:44:04 - [TEST_STEP][PASSED] - println("GlobalVariable.M4_spin_total_bonus_win_this_round is: " + M4_spin_total_bonus_win_this_round): null

2019-08-24 12:44:04 - [TEST_STEP][PASSED] - M4_spin_bonus_spin_result = spin_result: null

2019-08-24 12:44:04 - [TEST_STEP][PASSED] - M4_spin_bonus_spin_result = M4_spin_bonus_spin_result: null

2019-08-24 12:44:04 - [MESSAGE][PASSED] - Verify response successfully

2019-08-24 12:44:04 - [MESSAGE][PASSED] - Send request and verify the response successfully

2019-08-24 12:44:04 - [TEST_STEP][PASSED] - if (M4_total_bonus_spins_int != 0 &amp;&amp; M4_spin_reels_symbols[2].contains("WILD_Double") || M4_spin_reels_symbols[4].contains("WILD_Triple")): null

2019-08-24 12:44:04 - [TEST_STEP][PASSED] - free_spin_reel_counter = free_spin_reel_counter: null

2019-08-24 12:44:04 - [TEST_STEP][PASSED] - M4_spin_reels_symbols = M4_spin_reels_symbols: null

2019-08-24 12:44:04 - [TEST_STEP][PASSED] - M4_total_bonus_spins = M4_total_bonus_spins: null

2019-08-24 12:44:04 - [TEST_STEP][PASSED] - spin_result = sendRequestAndVerify(findTestObject("INT/RGS(M4)/1_M4_spin", ["M4_login_user_id":M4_login_user_id, "rgs_session_token":rgs_session_token, "partner":Partner])): Send request and verify the response successfully

2019-08-24 12:44:04 - [MESSAGE][INFO] - HAR: /Users/eiralee/Katalon_Script/SuperWild/Reports/20190824_124242/INT/superWild_4/20190824_124242/requests/main/28.har

2019-08-24 12:44:04 - [TEST_CASE][PASSED] - Start Test Case : Verification: Verification accomplished successfully

2019-08-24 12:44:04 - [TEST_STEP][PASSED] - request = getInstance().getCurrentRequest(): null

2019-08-24 12:44:04 - [TEST_STEP][PASSED] - response = getInstance().getCurrentResponse(): null

2019-08-24 12:44:04 - [TEST_STEP][PASSED] - verifyResponseStatusCode(response, 200): Verify response status code successfully

2019-08-24 12:44:04 - [MESSAGE][PASSED] - Verify response status code successfully

2019-08-24 12:44:04 - [TEST_STEP][PASSED] - getStatusCode()).isEqualTo(200): null

2019-08-24 12:44:04 - [TEST_STEP][PASSED] - newline = System.getProperty("line.separator"): null

2019-08-24 12:44:04 - [TEST_STEP][PASSED] - M4_spin = new groovy.json.JsonSlurper(): null

2019-08-24 12:44:04 - [TEST_STEP][PASSED] - result_M4_spin = M4_spin.parseText(response.getResponseBodyContent()): null

2019-08-24 12:44:04 - [TEST_STEP][PASSED] - M4_spin_current_balance = current_balance: null

2019-08-24 12:44:04 - [TEST_STEP][PASSED] - M4_spin_current_balance = M4_spin_current_balance: null

2019-08-24 12:44:04 - [TEST_STEP][PASSED] - M4_spin_transaction_id = causality: null

2019-08-24 12:44:04 - [TEST_STEP][PASSED] - M4_spin_transaction_id = M4_spin_transaction_id: null

2019-08-24 12:44:04 - [TEST_STEP][PASSED] - M4_spin_round_id = round_id: null

2019-08-24 12:44:04 - [TEST_STEP][PASSED] - M4_spin_round_id = M4_spin_round_id: null

2019-08-24 12:44:04 - [TEST_STEP][PASSED] - M4_spin_line_wins = line_wins: null

2019-08-24 12:44:04 - [TEST_STEP][PASSED] - M4_spin_line_wins = M4_spin_line_wins: null

2019-08-24 12:44:04 - [TEST_STEP][PASSED] - M4_total_bonus_spins_int = total_bonus_spins: null

2019-08-24 12:44:04 - [TEST_STEP][PASSED] - println("******M4_total_bonus_spins type is:*******" + newline + getClass().getName()): null

2019-08-24 12:44:04 - [TEST_STEP][PASSED] - M4_total_bonus_spins_int = M4_total_bonus_spins_int: null

2019-08-24 12:44:04 - [TEST_STEP][PASSED] - M4_total_bonus_spins = Integer.toString(M4_total_bonus_spins_int): null

2019-08-24 12:44:04 - [TEST_STEP][PASSED] - M4_total_bonus_spins = M4_total_bonus_spins: null

2019-08-24 12:44:04 - [TEST_STEP][PASSED] - println("M4_total_bonus_spins is:" + M4_total_bonus_spins): null

2019-08-24 12:44:04 - [TEST_STEP][PASSED] - M4_spin_bonus_data = bonus_data: null

2019-08-24 12:44:04 - [TEST_STEP][PASSED] - M4_spin_features_triggered = result_M4_spin: null

2019-08-24 12:44:04 - [TEST_STEP][PASSED] - wild = []: null

2019-08-24 12:44:04 - [TEST_STEP][PASSED] - wild[0] = "WILD_Expanding": null

2019-08-24 12:44:04 - [TEST_STEP][PASSED] - wild[1] = "WILD_Normal": null

2019-08-24 12:44:04 - [TEST_STEP][PASSED] - wild[2] = "WILD_Double": null

2019-08-24 12:44:04 - [TEST_STEP][PASSED] - wild[3] = "WILD_ExtraFG": null

2019-08-24 12:44:04 - [TEST_STEP][PASSED] - wild[4] = "WILD_Triple": null

2019-08-24 12:44:04 - [TEST_STEP][PASSED] - wildList = Arrays.asList(wild): null

2019-08-24 12:44:04 - [TEST_STEP][PASSED] - wildList = wildList: null

2019-08-24 12:44:04 - [TEST_STEP][PASSED] - free_spin_reel_counter = []: null

2019-08-24 12:44:04 - [TEST_STEP][PASSED] - free_spin_reel_counter[0] = 0: null

2019-08-24 12:44:04 - [TEST_STEP][PASSED] - free_spin_reel_counter[1] = 0: null

2019-08-24 12:44:04 - [TEST_STEP][PASSED] - free_spin_reel_counter[2] = 0: null

2019-08-24 12:44:04 - [TEST_STEP][PASSED] - M4_spin_reels = reels: null

2019-08-24 12:44:04 - [TEST_STEP][PASSED] - for ([i = 0, i &lt; M4_spin_reels.size(), (i++)]): null

2019-08-24 12:44:04 - [TEST_STEP][PASSED] - symbols = symbols: null

2019-08-24 12:44:04 - [TEST_STEP][PASSED] - for ([j = 0, j &lt; symbols.size(), (j++)]): null

2019-08-24 12:44:04 - [TEST_STEP][PASSED] - symbol = symbol: null

2019-08-24 12:44:04 - [TEST_STEP][PASSED] - println(symbol): null

2019-08-24 12:44:04 - [TEST_STEP][PASSED] - if (i == 2 &amp;&amp; wildList.indexOf(symbol) != -1): null

2019-08-24 12:44:04 - [TEST_STEP][PASSED] - if (i == 3 &amp;&amp; wildList.indexOf(symbol) != -1): null

2019-08-24 12:44:04 - [TEST_STEP][PASSED] - if (i == 4 &amp;&amp; wildList.indexOf(symbol) != -1): null

2019-08-24 12:44:04 - [TEST_STEP][PASSED] - symbol = symbol: null

2019-08-24 12:44:04 - [TEST_STEP][PASSED] - println(symbol): null

2019-08-24 12:44:04 - [TEST_STEP][PASSED] - if (i == 2 &amp;&amp; wildList.indexOf(symbol) != -1): null

2019-08-24 12:44:04 - [TEST_STEP][PASSED] - if (i == 3 &amp;&amp; wildList.indexOf(symbol) != -1): null

2019-08-24 12:44:04 - [TEST_STEP][PASSED] - if (i == 4 &amp;&amp; wildList.indexOf(symbol) != -1): null

2019-08-24 12:44:04 - [TEST_STEP][PASSED] - symbol = symbol: null

2019-08-24 12:44:04 - [TEST_STEP][PASSED] - println(symbol): null

2019-08-24 12:44:04 - [TEST_STEP][PASSED] - if (i == 2 &amp;&amp; wildList.indexOf(symbol) != -1): null

2019-08-24 12:44:04 - [TEST_STEP][PASSED] - if (i == 3 &amp;&amp; wildList.indexOf(symbol) != -1): null

2019-08-24 12:44:04 - [TEST_STEP][PASSED] - if (i == 4 &amp;&amp; wildList.indexOf(symbol) != -1): null

2019-08-24 12:44:04 - [TEST_STEP][PASSED] - symbols = symbols: null

2019-08-24 12:44:04 - [TEST_STEP][PASSED] - for ([j = 0, j &lt; symbols.size(), (j++)]): null

2019-08-24 12:44:04 - [TEST_STEP][PASSED] - symbol = symbol: null

2019-08-24 12:44:04 - [TEST_STEP][PASSED] - println(symbol): null

2019-08-24 12:44:04 - [TEST_STEP][PASSED] - if (i == 2 &amp;&amp; wildList.indexOf(symbol) != -1): null

2019-08-24 12:44:04 - [TEST_STEP][PASSED] - if (i == 3 &amp;&amp; wildList.indexOf(symbol) != -1): null

2019-08-24 12:44:04 - [TEST_STEP][PASSED] - if (i == 4 &amp;&amp; wildList.indexOf(symbol) != -1): null

2019-08-24 12:44:04 - [TEST_STEP][PASSED] - symbol = symbol: null

2019-08-24 12:44:04 - [TEST_STEP][PASSED] - println(symbol): null

2019-08-24 12:44:04 - [TEST_STEP][PASSED] - if (i == 2 &amp;&amp; wildList.indexOf(symbol) != -1): null

2019-08-24 12:44:04 - [TEST_STEP][PASSED] - if (i == 3 &amp;&amp; wildList.indexOf(symbol) != -1): null

2019-08-24 12:44:04 - [TEST_STEP][PASSED] - if (i == 4 &amp;&amp; wildList.indexOf(symbol) != -1): null

2019-08-24 12:44:04 - [TEST_STEP][PASSED] - symbol = symbol: null

2019-08-24 12:44:04 - [TEST_STEP][PASSED] - println(symbol): null

2019-08-24 12:44:04 - [TEST_STEP][PASSED] - if (i == 2 &amp;&amp; wildList.indexOf(symbol) != -1): null

2019-08-24 12:44:04 - [TEST_STEP][PASSED] - if (i == 3 &amp;&amp; wildList.indexOf(symbol) != -1): null

2019-08-24 12:44:04 - [TEST_STEP][PASSED] - if (i == 4 &amp;&amp; wildList.indexOf(symbol) != -1): null

2019-08-24 12:44:04 - [TEST_STEP][PASSED] - symbols = symbols: null

2019-08-24 12:44:04 - [TEST_STEP][PASSED] - for ([j = 0, j &lt; symbols.size(), (j++)]): null

2019-08-24 12:44:04 - [TEST_STEP][PASSED] - symbol = symbol: null

2019-08-24 12:44:04 - [TEST_STEP][PASSED] - println(symbol): null

2019-08-24 12:44:04 - [TEST_STEP][PASSED] - if (i == 2 &amp;&amp; wildList.indexOf(symbol) != -1): null

2019-08-24 12:44:04 - [TEST_STEP][PASSED] - if (i == 3 &amp;&amp; wildList.indexOf(symbol) != -1): null

2019-08-24 12:44:04 - [TEST_STEP][PASSED] - if (i == 4 &amp;&amp; wildList.indexOf(symbol) != -1): null

2019-08-24 12:44:04 - [TEST_STEP][PASSED] - symbol = symbol: null

2019-08-24 12:44:04 - [TEST_STEP][PASSED] - println(symbol): null

2019-08-24 12:44:04 - [TEST_STEP][PASSED] - if (i == 2 &amp;&amp; wildList.indexOf(symbol) != -1): null

2019-08-24 12:44:04 - [TEST_STEP][PASSED] - if (i == 3 &amp;&amp; wildList.indexOf(symbol) != -1): null

2019-08-24 12:44:04 - [TEST_STEP][PASSED] - if (i == 4 &amp;&amp; wildList.indexOf(symbol) != -1): null

2019-08-24 12:44:04 - [TEST_STEP][PASSED] - symbol = symbol: null

2019-08-24 12:44:04 - [TEST_STEP][PASSED] - println(symbol): null

2019-08-24 12:44:04 - [TEST_STEP][PASSED] - if (i == 2 &amp;&amp; wildList.indexOf(symbol) != -1): null

2019-08-24 12:44:04 - [TEST_STEP][PASSED] - if (i == 3 &amp;&amp; wildList.indexOf(symbol) != -1): null

2019-08-24 12:44:04 - [TEST_STEP][PASSED] - if (i == 4 &amp;&amp; wildList.indexOf(symbol) != -1): null

2019-08-24 12:44:04 - [TEST_STEP][PASSED] - symbols = symbols: null

2019-08-24 12:44:04 - [TEST_STEP][PASSED] - for ([j = 0, j &lt; symbols.size(), (j++)]): null

2019-08-24 12:44:04 - [TEST_STEP][PASSED] - symbol = symbol: null

2019-08-24 12:44:04 - [TEST_STEP][PASSED] - println(symbol): null

2019-08-24 12:44:04 - [TEST_STEP][PASSED] - if (i == 2 &amp;&amp; wildList.indexOf(symbol) != -1): null

2019-08-24 12:44:04 - [TEST_STEP][PASSED] - if (i == 3 &amp;&amp; wildList.indexOf(symbol) != -1): null

2019-08-24 12:44:04 - [TEST_STEP][PASSED] - if (i == 4 &amp;&amp; wildList.indexOf(symbol) != -1): null

2019-08-24 12:44:04 - [TEST_STEP][PASSED] - symbol = symbol: null

2019-08-24 12:44:04 - [TEST_STEP][PASSED] - println(symbol): null

2019-08-24 12:44:04 - [TEST_STEP][PASSED] - if (i == 2 &amp;&amp; wildList.indexOf(symbol) != -1): null

2019-08-24 12:44:04 - [TEST_STEP][PASSED] - if (i == 3 &amp;&amp; wildList.indexOf(symbol) != -1): null

2019-08-24 12:44:04 - [TEST_STEP][PASSED] - if (i == 4 &amp;&amp; wildList.indexOf(symbol) != -1): null

2019-08-24 12:44:04 - [TEST_STEP][PASSED] - symbol = symbol: null

2019-08-24 12:44:04 - [TEST_STEP][PASSED] - println(symbol): null

2019-08-24 12:44:04 - [TEST_STEP][PASSED] - if (i == 2 &amp;&amp; wildList.indexOf(symbol) != -1): null

2019-08-24 12:44:04 - [TEST_STEP][PASSED] - if (i == 3 &amp;&amp; wildList.indexOf(symbol) != -1): null

2019-08-24 12:44:04 - [TEST_STEP][PASSED] - if (i == 4 &amp;&amp; wildList.indexOf(symbol) != -1): null

2019-08-24 12:44:04 - [TEST_STEP][PASSED] - symbols = symbols: null

2019-08-24 12:44:04 - [TEST_STEP][PASSED] - for ([j = 0, j &lt; symbols.size(), (j++)]): null

2019-08-24 12:44:04 - [TEST_STEP][PASSED] - symbol = symbol: null

2019-08-24 12:44:04 - [TEST_STEP][PASSED] - println(symbol): null

2019-08-24 12:44:04 - [TEST_STEP][PASSED] - if (i == 2 &amp;&amp; wildList.indexOf(symbol) != -1): null

2019-08-24 12:44:04 - [TEST_STEP][PASSED] - if (i == 3 &amp;&amp; wildList.indexOf(symbol) != -1): null

2019-08-24 12:44:04 - [TEST_STEP][PASSED] - if (i == 4 &amp;&amp; wildList.indexOf(symbol) != -1): null

2019-08-24 12:44:04 - [TEST_STEP][PASSED] - println("wild found on reel 5, adding counter by 1"): null

2019-08-24 12:44:04 - [TEST_STEP][PASSED] - free_spin_reel_counter[2] = free_spin_reel_counter[2] + 1: null

2019-08-24 12:44:04 - [TEST_STEP][PASSED] - symbol = symbol: null

2019-08-24 12:44:04 - [TEST_STEP][PASSED] - println(symbol): null

2019-08-24 12:44:04 - [TEST_STEP][PASSED] - if (i == 2 &amp;&amp; wildList.indexOf(symbol) != -1): null

2019-08-24 12:44:04 - [TEST_STEP][PASSED] - if (i == 3 &amp;&amp; wildList.indexOf(symbol) != -1): null

2019-08-24 12:44:04 - [TEST_STEP][PASSED] - if (i == 4 &amp;&amp; wildList.indexOf(symbol) != -1): null

2019-08-24 12:44:04 - [TEST_STEP][PASSED] - symbol = symbol: null

2019-08-24 12:44:04 - [TEST_STEP][PASSED] - println(symbol): null

2019-08-24 12:44:04 - [TEST_STEP][PASSED] - if (i == 2 &amp;&amp; wildList.indexOf(symbol) != -1): null

2019-08-24 12:44:04 - [TEST_STEP][PASSED] - if (i == 3 &amp;&amp; wildList.indexOf(symbol) != -1): null

2019-08-24 12:44:04 - [TEST_STEP][PASSED] - if (i == 4 &amp;&amp; wildList.indexOf(symbol) != -1): null

2019-08-24 12:44:04 - [TEST_STEP][PASSED] - free_spin_reel_counter = free_spin_reel_counter: null

2019-08-24 12:44:04 - [TEST_STEP][PASSED] - println("reel 3 wild found: " + free_spin_reel_counter[0]): null

2019-08-24 12:44:04 - [TEST_STEP][PASSED] - println("reel 4 wild found: " + free_spin_reel_counter[1]): null

2019-08-24 12:44:04 - [TEST_STEP][PASSED] - println("reel 5 wild found: " + free_spin_reel_counter[2]): null

2019-08-24 12:44:04 - [TEST_STEP][PASSED] - M4_spin_reels = M4_spin_reels: null

2019-08-24 12:44:04 - [TEST_STEP][PASSED] - M4_spin_reels_symbols = symbol: null

2019-08-24 12:44:04 - [TEST_STEP][PASSED] - M4_spin_reels_symbols = M4_spin_reels_symbols: null

2019-08-24 12:44:04 - [TEST_STEP][PASSED] - M4_spin_reel_wins = reel_wins: null

2019-08-24 12:44:04 - [TEST_STEP][PASSED] - M4_spin_reel_wins = M4_spin_reel_wins: null

2019-08-24 12:44:04 - [TEST_STEP][PASSED] - println("GlobalVariable.M4_spin_reel_wins is: " + M4_spin_reel_wins): null

2019-08-24 12:44:04 - [TEST_STEP][PASSED] - M4_spin_total_bonus_win_this_round = total_bonus_win_this_round: null

2019-08-24 12:44:04 - [TEST_STEP][PASSED] - M4_spin_total_bonus_win_this_round = M4_spin_total_bonus_win_this_round: null

2019-08-24 12:44:04 - [TEST_STEP][PASSED] - println("GlobalVariable.M4_spin_total_bonus_win_this_round is: " + M4_spin_total_bonus_win_this_round): null

2019-08-24 12:44:04 - [TEST_STEP][PASSED] - M4_spin_bonus_spin_result = spin_result: null

2019-08-24 12:44:04 - [TEST_STEP][PASSED] - M4_spin_bonus_spin_result = M4_spin_bonus_spin_result: null

2019-08-24 12:44:04 - [MESSAGE][PASSED] - Verify response successfully

2019-08-24 12:44:04 - [MESSAGE][PASSED] - Send request and verify the response successfully

2019-08-24 12:44:08 - [TEST_STEP][PASSED] - if (M4_total_bonus_spins_int != 0 &amp;&amp; M4_spin_reels_symbols[2].contains("WILD_Double") || M4_spin_reels_symbols[4].contains("WILD_Triple")): null

2019-08-24 12:44:08 - [TEST_STEP][PASSED] - free_spin_reel_counter = free_spin_reel_counter: null

2019-08-24 12:44:08 - [TEST_STEP][PASSED] - M4_spin_reels_symbols = M4_spin_reels_symbols: null

2019-08-24 12:44:08 - [TEST_STEP][PASSED] - M4_total_bonus_spins = M4_total_bonus_spins: null

2019-08-24 12:44:08 - [TEST_STEP][PASSED] - spin_result = sendRequestAndVerify(findTestObject("INT/RGS(M4)/1_M4_spin", ["M4_login_user_id":M4_login_user_id, "rgs_session_token":rgs_session_token, "partner":Partner])): Send request and verify the response successfully

2019-08-24 12:44:09 - [MESSAGE][INFO] - HAR: /Users/eiralee/Katalon_Script/SuperWild/Reports/20190824_124242/INT/superWild_4/20190824_124242/requests/main/29.har

2019-08-24 12:44:09 - [TEST_CASE][PASSED] - Start Test Case : Verification: Verification accomplished successfully

2019-08-24 12:44:09 - [TEST_STEP][PASSED] - request = getInstance().getCurrentRequest(): null

2019-08-24 12:44:09 - [TEST_STEP][PASSED] - response = getInstance().getCurrentResponse(): null

2019-08-24 12:44:09 - [TEST_STEP][PASSED] - verifyResponseStatusCode(response, 200): Verify response status code successfully

2019-08-24 12:44:09 - [MESSAGE][PASSED] - Verify response status code successfully

2019-08-24 12:44:09 - [TEST_STEP][PASSED] - getStatusCode()).isEqualTo(200): null

2019-08-24 12:44:13 - [TEST_STEP][PASSED] - newline = System.getProperty("line.separator"): null

2019-08-24 12:44:14 - [TEST_STEP][PASSED] - M4_spin = new groovy.json.JsonSlurper(): null

2019-08-24 12:44:14 - [TEST_STEP][PASSED] - result_M4_spin = M4_spin.parseText(response.getResponseBodyContent()): null

2019-08-24 12:44:14 - [TEST_STEP][PASSED] - M4_spin_current_balance = current_balance: null

2019-08-24 12:44:14 - [TEST_STEP][PASSED] - M4_spin_current_balance = M4_spin_current_balance: null

2019-08-24 12:44:19 - [TEST_STEP][PASSED] - M4_spin_transaction_id = causality: null

2019-08-24 12:44:19 - [TEST_STEP][PASSED] - M4_spin_transaction_id = M4_spin_transaction_id: null

2019-08-24 12:44:19 - [TEST_STEP][PASSED] - M4_spin_round_id = round_id: null

2019-08-24 12:44:19 - [TEST_STEP][PASSED] - M4_spin_round_id = M4_spin_round_id: null

2019-08-24 12:44:19 - [TEST_STEP][PASSED] - M4_spin_line_wins = line_wins: null

2019-08-24 12:44:19 - [TEST_STEP][PASSED] - M4_spin_line_wins = M4_spin_line_wins: null

2019-08-24 12:44:19 - [TEST_STEP][PASSED] - M4_total_bonus_spins_int = total_bonus_spins: null

2019-08-24 12:44:19 - [TEST_STEP][PASSED] - println("******M4_total_bonus_spins type is:*******" + newline + getClass().getName()): null

2019-08-24 12:44:19 - [TEST_STEP][PASSED] - M4_total_bonus_spins_int = M4_total_bonus_spins_int: null

2019-08-24 12:44:19 - [TEST_STEP][PASSED] - M4_total_bonus_spins = Integer.toString(M4_total_bonus_spins_int): null

2019-08-24 12:44:19 - [TEST_STEP][PASSED] - M4_total_bonus_spins = M4_total_bonus_spins: null

2019-08-24 12:44:19 - [TEST_STEP][PASSED] - println("M4_total_bonus_spins is:" + M4_total_bonus_spins): null

2019-08-24 12:44:19 - [TEST_STEP][PASSED] - M4_spin_bonus_data = bonus_data: null

2019-08-24 12:44:19 - [TEST_STEP][PASSED] - M4_spin_features_triggered = result_M4_spin: null

2019-08-24 12:44:19 - [TEST_STEP][PASSED] - wild = []: null

2019-08-24 12:44:19 - [TEST_STEP][PASSED] - wild[0] = "WILD_Expanding": null

2019-08-24 12:44:19 - [TEST_STEP][PASSED] - wild[1] = "WILD_Normal": null

2019-08-24 12:44:19 - [TEST_STEP][PASSED] - wild[2] = "WILD_Double": null

2019-08-24 12:44:19 - [TEST_STEP][PASSED] - wild[3] = "WILD_ExtraFG": null

2019-08-24 12:44:19 - [TEST_STEP][PASSED] - wild[4] = "WILD_Triple": null

2019-08-24 12:44:19 - [TEST_STEP][PASSED] - wildList = Arrays.asList(wild): null

2019-08-24 12:44:19 - [TEST_STEP][PASSED] - wildList = wildList: null

2019-08-24 12:44:19 - [TEST_STEP][PASSED] - free_spin_reel_counter = []: null

2019-08-24 12:44:19 - [TEST_STEP][PASSED] - free_spin_reel_counter[0] = 0: null

2019-08-24 12:44:19 - [TEST_STEP][PASSED] - free_spin_reel_counter[1] = 0: null

2019-08-24 12:44:19 - [TEST_STEP][PASSED] - free_spin_reel_counter[2] = 0: null

2019-08-24 12:44:19 - [TEST_STEP][PASSED] - M4_spin_reels = reels: null

2019-08-24 12:44:19 - [TEST_STEP][PASSED] - for ([i = 0, i &lt; M4_spin_reels.size(), (i++)]): null

2019-08-24 12:44:19 - [TEST_STEP][PASSED] - symbols = symbols: null

2019-08-24 12:44:19 - [TEST_STEP][PASSED] - for ([j = 0, j &lt; symbols.size(), (j++)]): null

2019-08-24 12:44:19 - [TEST_STEP][PASSED] - symbol = symbol: null

2019-08-24 12:44:19 - [TEST_STEP][PASSED] - println(symbol): null

2019-08-24 12:44:19 - [TEST_STEP][PASSED] - if (i == 2 &amp;&amp; wildList.indexOf(symbol) != -1): null

2019-08-24 12:44:19 - [TEST_STEP][PASSED] - if (i == 3 &amp;&amp; wildList.indexOf(symbol) != -1): null

2019-08-24 12:44:19 - [TEST_STEP][PASSED] - if (i == 4 &amp;&amp; wildList.indexOf(symbol) != -1): null

2019-08-24 12:44:19 - [TEST_STEP][PASSED] - symbol = symbol: null

2019-08-24 12:44:19 - [TEST_STEP][PASSED] - println(symbol): null

2019-08-24 12:44:19 - [TEST_STEP][PASSED] - if (i == 2 &amp;&amp; wildList.indexOf(symbol) != -1): null

2019-08-24 12:44:19 - [TEST_STEP][PASSED] - if (i == 3 &amp;&amp; wildList.indexOf(symbol) != -1): null

2019-08-24 12:44:19 - [TEST_STEP][PASSED] - if (i == 4 &amp;&amp; wildList.indexOf(symbol) != -1): null

2019-08-24 12:44:19 - [TEST_STEP][PASSED] - symbol = symbol: null

2019-08-24 12:44:19 - [TEST_STEP][PASSED] - println(symbol): null

2019-08-24 12:44:19 - [TEST_STEP][PASSED] - if (i == 2 &amp;&amp; wildList.indexOf(symbol) != -1): null

2019-08-24 12:44:19 - [TEST_STEP][PASSED] - if (i == 3 &amp;&amp; wildList.indexOf(symbol) != -1): null

2019-08-24 12:44:19 - [TEST_STEP][PASSED] - if (i == 4 &amp;&amp; wildList.indexOf(symbol) != -1): null

2019-08-24 12:44:19 - [TEST_STEP][PASSED] - symbols = symbols: null

2019-08-24 12:44:19 - [TEST_STEP][PASSED] - for ([j = 0, j &lt; symbols.size(), (j++)]): null

2019-08-24 12:44:19 - [TEST_STEP][PASSED] - symbol = symbol: null

2019-08-24 12:44:19 - [TEST_STEP][PASSED] - println(symbol): null

2019-08-24 12:44:19 - [TEST_STEP][PASSED] - if (i == 2 &amp;&amp; wildList.indexOf(symbol) != -1): null

2019-08-24 12:44:19 - [TEST_STEP][PASSED] - if (i == 3 &amp;&amp; wildList.indexOf(symbol) != -1): null

2019-08-24 12:44:19 - [TEST_STEP][PASSED] - if (i == 4 &amp;&amp; wildList.indexOf(symbol) != -1): null

2019-08-24 12:44:19 - [TEST_STEP][PASSED] - symbol = symbol: null

2019-08-24 12:44:19 - [TEST_STEP][PASSED] - println(symbol): null

2019-08-24 12:44:19 - [TEST_STEP][PASSED] - if (i == 2 &amp;&amp; wildList.indexOf(symbol) != -1): null

2019-08-24 12:44:19 - [TEST_STEP][PASSED] - if (i == 3 &amp;&amp; wildList.indexOf(symbol) != -1): null

2019-08-24 12:44:19 - [TEST_STEP][PASSED] - if (i == 4 &amp;&amp; wildList.indexOf(symbol) != -1): null

2019-08-24 12:44:19 - [TEST_STEP][PASSED] - symbol = symbol: null

2019-08-24 12:44:19 - [TEST_STEP][PASSED] - println(symbol): null

2019-08-24 12:44:19 - [TEST_STEP][PASSED] - if (i == 2 &amp;&amp; wildList.indexOf(symbol) != -1): null

2019-08-24 12:44:19 - [TEST_STEP][PASSED] - if (i == 3 &amp;&amp; wildList.indexOf(symbol) != -1): null

2019-08-24 12:44:19 - [TEST_STEP][PASSED] - if (i == 4 &amp;&amp; wildList.indexOf(symbol) != -1): null

2019-08-24 12:44:19 - [TEST_STEP][PASSED] - symbols = symbols: null

2019-08-24 12:44:19 - [TEST_STEP][PASSED] - for ([j = 0, j &lt; symbols.size(), (j++)]): null

2019-08-24 12:44:19 - [TEST_STEP][PASSED] - symbol = symbol: null

2019-08-24 12:44:19 - [TEST_STEP][PASSED] - println(symbol): null

2019-08-24 12:44:19 - [TEST_STEP][PASSED] - if (i == 2 &amp;&amp; wildList.indexOf(symbol) != -1): null

2019-08-24 12:44:19 - [TEST_STEP][PASSED] - if (i == 3 &amp;&amp; wildList.indexOf(symbol) != -1): null

2019-08-24 12:44:19 - [TEST_STEP][PASSED] - if (i == 4 &amp;&amp; wildList.indexOf(symbol) != -1): null

2019-08-24 12:44:19 - [TEST_STEP][PASSED] - symbol = symbol: null

2019-08-24 12:44:19 - [TEST_STEP][PASSED] - println(symbol): null

2019-08-24 12:44:19 - [TEST_STEP][PASSED] - if (i == 2 &amp;&amp; wildList.indexOf(symbol) != -1): null

2019-08-24 12:44:19 - [TEST_STEP][PASSED] - println("wild found on reel 3, adding counter by 1"): null

2019-08-24 12:44:19 - [TEST_STEP][PASSED] - free_spin_reel_counter[0] = free_spin_reel_counter[0] + 1: null

2019-08-24 12:44:19 - [TEST_STEP][PASSED] - if (i == 3 &amp;&amp; wildList.indexOf(symbol) != -1): null

2019-08-24 12:44:19 - [TEST_STEP][PASSED] - if (i == 4 &amp;&amp; wildList.indexOf(symbol) != -1): null

2019-08-24 12:44:19 - [TEST_STEP][PASSED] - symbol = symbol: null

2019-08-24 12:44:19 - [TEST_STEP][PASSED] - println(symbol): null

2019-08-24 12:44:19 - [TEST_STEP][PASSED] - if (i == 2 &amp;&amp; wildList.indexOf(symbol) != -1): null

2019-08-24 12:44:19 - [TEST_STEP][PASSED] - if (i == 3 &amp;&amp; wildList.indexOf(symbol) != -1): null

2019-08-24 12:44:19 - [TEST_STEP][PASSED] - if (i == 4 &amp;&amp; wildList.indexOf(symbol) != -1): null

2019-08-24 12:44:19 - [TEST_STEP][PASSED] - symbols = symbols: null

2019-08-24 12:44:19 - [TEST_STEP][PASSED] - for ([j = 0, j &lt; symbols.size(), (j++)]): null

2019-08-24 12:44:19 - [TEST_STEP][PASSED] - symbol = symbol: null

2019-08-24 12:44:19 - [TEST_STEP][PASSED] - println(symbol): null

2019-08-24 12:44:19 - [TEST_STEP][PASSED] - if (i == 2 &amp;&amp; wildList.indexOf(symbol) != -1): null

2019-08-24 12:44:19 - [TEST_STEP][PASSED] - if (i == 3 &amp;&amp; wildList.indexOf(symbol) != -1): null

2019-08-24 12:44:19 - [TEST_STEP][PASSED] - if (i == 4 &amp;&amp; wildList.indexOf(symbol) != -1): null

2019-08-24 12:44:19 - [TEST_STEP][PASSED] - symbol = symbol: null

2019-08-24 12:44:19 - [TEST_STEP][PASSED] - println(symbol): null

2019-08-24 12:44:19 - [TEST_STEP][PASSED] - if (i == 2 &amp;&amp; wildList.indexOf(symbol) != -1): null

2019-08-24 12:44:19 - [TEST_STEP][PASSED] - if (i == 3 &amp;&amp; wildList.indexOf(symbol) != -1): null

2019-08-24 12:44:19 - [TEST_STEP][PASSED] - if (i == 4 &amp;&amp; wildList.indexOf(symbol) != -1): null

2019-08-24 12:44:19 - [TEST_STEP][PASSED] - symbol = symbol: null

2019-08-24 12:44:19 - [TEST_STEP][PASSED] - println(symbol): null

2019-08-24 12:44:19 - [TEST_STEP][PASSED] - if (i == 2 &amp;&amp; wildList.indexOf(symbol) != -1): null

2019-08-24 12:44:19 - [TEST_STEP][PASSED] - if (i == 3 &amp;&amp; wildList.indexOf(symbol) != -1): null

2019-08-24 12:44:19 - [TEST_STEP][PASSED] - if (i == 4 &amp;&amp; wildList.indexOf(symbol) != -1): null

2019-08-24 12:44:19 - [TEST_STEP][PASSED] - symbols = symbols: null

2019-08-24 12:44:19 - [TEST_STEP][PASSED] - for ([j = 0, j &lt; symbols.size(), (j++)]): null

2019-08-24 12:44:19 - [TEST_STEP][PASSED] - symbol = symbol: null

2019-08-24 12:44:19 - [TEST_STEP][PASSED] - println(symbol): null

2019-08-24 12:44:19 - [TEST_STEP][PASSED] - if (i == 2 &amp;&amp; wildList.indexOf(symbol) != -1): null

2019-08-24 12:44:19 - [TEST_STEP][PASSED] - if (i == 3 &amp;&amp; wildList.indexOf(symbol) != -1): null

2019-08-24 12:44:19 - [TEST_STEP][PASSED] - if (i == 4 &amp;&amp; wildList.indexOf(symbol) != -1): null

2019-08-24 12:44:19 - [TEST_STEP][PASSED] - symbol = symbol: null

2019-08-24 12:44:19 - [TEST_STEP][PASSED] - println(symbol): null

2019-08-24 12:44:19 - [TEST_STEP][PASSED] - if (i == 2 &amp;&amp; wildList.indexOf(symbol) != -1): null

2019-08-24 12:44:19 - [TEST_STEP][PASSED] - if (i == 3 &amp;&amp; wildList.indexOf(symbol) != -1): null

2019-08-24 12:44:19 - [TEST_STEP][PASSED] - if (i == 4 &amp;&amp; wildList.indexOf(symbol) != -1): null

2019-08-24 12:44:19 - [TEST_STEP][PASSED] - symbol = symbol: null

2019-08-24 12:44:19 - [TEST_STEP][PASSED] - println(symbol): null

2019-08-24 12:44:19 - [TEST_STEP][PASSED] - if (i == 2 &amp;&amp; wildList.indexOf(symbol) != -1): null

2019-08-24 12:44:19 - [TEST_STEP][PASSED] - if (i == 3 &amp;&amp; wildList.indexOf(symbol) != -1): null

2019-08-24 12:44:19 - [TEST_STEP][PASSED] - if (i == 4 &amp;&amp; wildList.indexOf(symbol) != -1): null

2019-08-24 12:44:19 - [TEST_STEP][PASSED] - free_spin_reel_counter = free_spin_reel_counter: null

2019-08-24 12:44:19 - [TEST_STEP][PASSED] - println("reel 3 wild found: " + free_spin_reel_counter[0]): null

2019-08-24 12:44:19 - [TEST_STEP][PASSED] - println("reel 4 wild found: " + free_spin_reel_counter[1]): null

2019-08-24 12:44:19 - [TEST_STEP][PASSED] - println("reel 5 wild found: " + free_spin_reel_counter[2]): null

2019-08-24 12:44:19 - [TEST_STEP][PASSED] - M4_spin_reels = M4_spin_reels: null

2019-08-24 12:44:19 - [TEST_STEP][PASSED] - M4_spin_reels_symbols = symbol: null

2019-08-24 12:44:19 - [TEST_STEP][PASSED] - M4_spin_reels_symbols = M4_spin_reels_symbols: null

2019-08-24 12:44:19 - [TEST_STEP][PASSED] - M4_spin_reel_wins = reel_wins: null

2019-08-24 12:44:19 - [TEST_STEP][PASSED] - M4_spin_reel_wins = M4_spin_reel_wins: null

2019-08-24 12:44:19 - [TEST_STEP][PASSED] - println("GlobalVariable.M4_spin_reel_wins is: " + M4_spin_reel_wins): null

2019-08-24 12:44:19 - [TEST_STEP][PASSED] - M4_spin_total_bonus_win_this_round = total_bonus_win_this_round: null

2019-08-24 12:44:19 - [TEST_STEP][PASSED] - M4_spin_total_bonus_win_this_round = M4_spin_total_bonus_win_this_round: null

2019-08-24 12:44:19 - [TEST_STEP][PASSED] - println("GlobalVariable.M4_spin_total_bonus_win_this_round is: " + M4_spin_total_bonus_win_this_round): null

2019-08-24 12:44:19 - [TEST_STEP][PASSED] - M4_spin_bonus_spin_result = spin_result: null

2019-08-24 12:44:19 - [TEST_STEP][PASSED] - M4_spin_bonus_spin_result = M4_spin_bonus_spin_result: null

2019-08-24 12:44:19 - [MESSAGE][PASSED] - Verify response successfully

2019-08-24 12:44:19 - [MESSAGE][PASSED] - Send request and verify the response successfully

2019-08-24 12:44:19 - [TEST_STEP][PASSED] - if (M4_total_bonus_spins_int != 0 &amp;&amp; M4_spin_reels_symbols[2].contains("WILD_Double") || M4_spin_reels_symbols[4].contains("WILD_Triple")): null

2019-08-24 12:44:19 - [TEST_STEP][PASSED] - free_spin_reel_counter = free_spin_reel_counter: null

2019-08-24 12:44:19 - [TEST_STEP][PASSED] - M4_spin_reels_symbols = M4_spin_reels_symbols: null

2019-08-24 12:44:19 - [TEST_STEP][PASSED] - M4_total_bonus_spins = M4_total_bonus_spins: null

2019-08-24 12:44:19 - [TEST_STEP][PASSED] - spin_result = sendRequestAndVerify(findTestObject("INT/RGS(M4)/1_M4_spin", ["M4_login_user_id":M4_login_user_id, "rgs_session_token":rgs_session_token, "partner":Partner])): Send request and verify the response successfully

2019-08-24 12:44:19 - [MESSAGE][INFO] - HAR: /Users/eiralee/Katalon_Script/SuperWild/Reports/20190824_124242/INT/superWild_4/20190824_124242/requests/main/30.har

2019-08-24 12:44:19 - [TEST_CASE][PASSED] - Start Test Case : Verification: Verification accomplished successfully

2019-08-24 12:44:19 - [TEST_STEP][PASSED] - request = getInstance().getCurrentRequest(): null

2019-08-24 12:44:19 - [TEST_STEP][PASSED] - response = getInstance().getCurrentResponse(): null

2019-08-24 12:44:19 - [TEST_STEP][PASSED] - verifyResponseStatusCode(response, 200): Verify response status code successfully

2019-08-24 12:44:19 - [MESSAGE][PASSED] - Verify response status code successfully

2019-08-24 12:44:19 - [TEST_STEP][PASSED] - getStatusCode()).isEqualTo(200): null

2019-08-24 12:44:19 - [TEST_STEP][PASSED] - newline = System.getProperty("line.separator"): null

2019-08-24 12:44:19 - [TEST_STEP][PASSED] - M4_spin = new groovy.json.JsonSlurper(): null

2019-08-24 12:44:19 - [TEST_STEP][PASSED] - result_M4_spin = M4_spin.parseText(response.getResponseBodyContent()): null

2019-08-24 12:44:19 - [TEST_STEP][PASSED] - M4_spin_current_balance = current_balance: null

2019-08-24 12:44:19 - [TEST_STEP][PASSED] - M4_spin_current_balance = M4_spin_current_balance: null

2019-08-24 12:44:19 - [TEST_STEP][PASSED] - M4_spin_transaction_id = causality: null

2019-08-24 12:44:19 - [TEST_STEP][PASSED] - M4_spin_transaction_id = M4_spin_transaction_id: null

2019-08-24 12:44:19 - [TEST_STEP][PASSED] - M4_spin_round_id = round_id: null

2019-08-24 12:44:19 - [TEST_STEP][PASSED] - M4_spin_round_id = M4_spin_round_id: null

2019-08-24 12:44:19 - [TEST_STEP][PASSED] - M4_spin_line_wins = line_wins: null

2019-08-24 12:44:19 - [TEST_STEP][PASSED] - M4_spin_line_wins = M4_spin_line_wins: null

2019-08-24 12:44:19 - [TEST_STEP][PASSED] - M4_total_bonus_spins_int = total_bonus_spins: null

2019-08-24 12:44:19 - [TEST_STEP][PASSED] - println("******M4_total_bonus_spins type is:*******" + newline + getClass().getName()): null

2019-08-24 12:44:19 - [TEST_STEP][PASSED] - M4_total_bonus_spins_int = M4_total_bonus_spins_int: null

2019-08-24 12:44:19 - [TEST_STEP][PASSED] - M4_total_bonus_spins = Integer.toString(M4_total_bonus_spins_int): null

2019-08-24 12:44:19 - [TEST_STEP][PASSED] - M4_total_bonus_spins = M4_total_bonus_spins: null

2019-08-24 12:44:19 - [TEST_STEP][PASSED] - println("M4_total_bonus_spins is:" + M4_total_bonus_spins): null

2019-08-24 12:44:19 - [TEST_STEP][PASSED] - M4_spin_bonus_data = bonus_data: null

2019-08-24 12:44:19 - [TEST_STEP][PASSED] - M4_spin_features_triggered = result_M4_spin: null

2019-08-24 12:44:19 - [TEST_STEP][PASSED] - wild = []: null

2019-08-24 12:44:19 - [TEST_STEP][PASSED] - wild[0] = "WILD_Expanding": null

2019-08-24 12:44:19 - [TEST_STEP][PASSED] - wild[1] = "WILD_Normal": null

2019-08-24 12:44:19 - [TEST_STEP][PASSED] - wild[2] = "WILD_Double": null

2019-08-24 12:44:19 - [TEST_STEP][PASSED] - wild[3] = "WILD_ExtraFG": null

2019-08-24 12:44:19 - [TEST_STEP][PASSED] - wild[4] = "WILD_Triple": null

2019-08-24 12:44:19 - [TEST_STEP][PASSED] - wildList = Arrays.asList(wild): null

2019-08-24 12:44:19 - [TEST_STEP][PASSED] - wildList = wildList: null

2019-08-24 12:44:19 - [TEST_STEP][PASSED] - free_spin_reel_counter = []: null

2019-08-24 12:44:19 - [TEST_STEP][PASSED] - free_spin_reel_counter[0] = 0: null

2019-08-24 12:44:19 - [TEST_STEP][PASSED] - free_spin_reel_counter[1] = 0: null

2019-08-24 12:44:19 - [TEST_STEP][PASSED] - free_spin_reel_counter[2] = 0: null

2019-08-24 12:44:19 - [TEST_STEP][PASSED] - M4_spin_reels = reels: null

2019-08-24 12:44:19 - [TEST_STEP][PASSED] - for ([i = 0, i &lt; M4_spin_reels.size(), (i++)]): null

2019-08-24 12:44:19 - [TEST_STEP][PASSED] - symbols = symbols: null

2019-08-24 12:44:19 - [TEST_STEP][PASSED] - for ([j = 0, j &lt; symbols.size(), (j++)]): null

2019-08-24 12:44:19 - [TEST_STEP][PASSED] - symbol = symbol: null

2019-08-24 12:44:19 - [TEST_STEP][PASSED] - println(symbol): null

2019-08-24 12:44:19 - [TEST_STEP][PASSED] - if (i == 2 &amp;&amp; wildList.indexOf(symbol) != -1): null

2019-08-24 12:44:19 - [TEST_STEP][PASSED] - if (i == 3 &amp;&amp; wildList.indexOf(symbol) != -1): null

2019-08-24 12:44:19 - [TEST_STEP][PASSED] - if (i == 4 &amp;&amp; wildList.indexOf(symbol) != -1): null

2019-08-24 12:44:19 - [TEST_STEP][PASSED] - symbol = symbol: null

2019-08-24 12:44:19 - [TEST_STEP][PASSED] - println(symbol): null

2019-08-24 12:44:19 - [TEST_STEP][PASSED] - if (i == 2 &amp;&amp; wildList.indexOf(symbol) != -1): null

2019-08-24 12:44:19 - [TEST_STEP][PASSED] - if (i == 3 &amp;&amp; wildList.indexOf(symbol) != -1): null

2019-08-24 12:44:19 - [TEST_STEP][PASSED] - if (i == 4 &amp;&amp; wildList.indexOf(symbol) != -1): null

2019-08-24 12:44:19 - [TEST_STEP][PASSED] - symbol = symbol: null

2019-08-24 12:44:19 - [TEST_STEP][PASSED] - println(symbol): null

2019-08-24 12:44:19 - [TEST_STEP][PASSED] - if (i == 2 &amp;&amp; wildList.indexOf(symbol) != -1): null

2019-08-24 12:44:19 - [TEST_STEP][PASSED] - if (i == 3 &amp;&amp; wildList.indexOf(symbol) != -1): null

2019-08-24 12:44:19 - [TEST_STEP][PASSED] - if (i == 4 &amp;&amp; wildList.indexOf(symbol) != -1): null

2019-08-24 12:44:19 - [TEST_STEP][PASSED] - symbols = symbols: null

2019-08-24 12:44:19 - [TEST_STEP][PASSED] - for ([j = 0, j &lt; symbols.size(), (j++)]): null

2019-08-24 12:44:19 - [TEST_STEP][PASSED] - symbol = symbol: null

2019-08-24 12:44:19 - [TEST_STEP][PASSED] - println(symbol): null

2019-08-24 12:44:19 - [TEST_STEP][PASSED] - if (i == 2 &amp;&amp; wildList.indexOf(symbol) != -1): null

2019-08-24 12:44:19 - [TEST_STEP][PASSED] - if (i == 3 &amp;&amp; wildList.indexOf(symbol) != -1): null

2019-08-24 12:44:19 - [TEST_STEP][PASSED] - if (i == 4 &amp;&amp; wildList.indexOf(symbol) != -1): null

2019-08-24 12:44:19 - [TEST_STEP][PASSED] - symbol = symbol: null

2019-08-24 12:44:19 - [TEST_STEP][PASSED] - println(symbol): null

2019-08-24 12:44:19 - [TEST_STEP][PASSED] - if (i == 2 &amp;&amp; wildList.indexOf(symbol) != -1): null

2019-08-24 12:44:19 - [TEST_STEP][PASSED] - if (i == 3 &amp;&amp; wildList.indexOf(symbol) != -1): null

2019-08-24 12:44:19 - [TEST_STEP][PASSED] - if (i == 4 &amp;&amp; wildList.indexOf(symbol) != -1): null

2019-08-24 12:44:19 - [TEST_STEP][PASSED] - symbol = symbol: null

2019-08-24 12:44:19 - [TEST_STEP][PASSED] - println(symbol): null

2019-08-24 12:44:19 - [TEST_STEP][PASSED] - if (i == 2 &amp;&amp; wildList.indexOf(symbol) != -1): null

2019-08-24 12:44:19 - [TEST_STEP][PASSED] - if (i == 3 &amp;&amp; wildList.indexOf(symbol) != -1): null

2019-08-24 12:44:19 - [TEST_STEP][PASSED] - if (i == 4 &amp;&amp; wildList.indexOf(symbol) != -1): null

2019-08-24 12:44:19 - [TEST_STEP][PASSED] - symbols = symbols: null

2019-08-24 12:44:19 - [TEST_STEP][PASSED] - for ([j = 0, j &lt; symbols.size(), (j++)]): null

2019-08-24 12:44:19 - [TEST_STEP][PASSED] - symbol = symbol: null

2019-08-24 12:44:19 - [TEST_STEP][PASSED] - println(symbol): null

2019-08-24 12:44:19 - [TEST_STEP][PASSED] - if (i == 2 &amp;&amp; wildList.indexOf(symbol) != -1): null

2019-08-24 12:44:19 - [TEST_STEP][PASSED] - if (i == 3 &amp;&amp; wildList.indexOf(symbol) != -1): null

2019-08-24 12:44:19 - [TEST_STEP][PASSED] - if (i == 4 &amp;&amp; wildList.indexOf(symbol) != -1): null

2019-08-24 12:44:19 - [TEST_STEP][PASSED] - symbol = symbol: null

2019-08-24 12:44:19 - [TEST_STEP][PASSED] - println(symbol): null

2019-08-24 12:44:19 - [TEST_STEP][PASSED] - if (i == 2 &amp;&amp; wildList.indexOf(symbol) != -1): null

2019-08-24 12:44:19 - [TEST_STEP][PASSED] - if (i == 3 &amp;&amp; wildList.indexOf(symbol) != -1): null

2019-08-24 12:44:19 - [TEST_STEP][PASSED] - if (i == 4 &amp;&amp; wildList.indexOf(symbol) != -1): null

2019-08-24 12:44:19 - [TEST_STEP][PASSED] - symbol = symbol: null

2019-08-24 12:44:19 - [TEST_STEP][PASSED] - println(symbol): null

2019-08-24 12:44:19 - [TEST_STEP][PASSED] - if (i == 2 &amp;&amp; wildList.indexOf(symbol) != -1): null

2019-08-24 12:44:19 - [TEST_STEP][PASSED] - if (i == 3 &amp;&amp; wildList.indexOf(symbol) != -1): null

2019-08-24 12:44:19 - [TEST_STEP][PASSED] - if (i == 4 &amp;&amp; wildList.indexOf(symbol) != -1): null

2019-08-24 12:44:19 - [TEST_STEP][PASSED] - symbols = symbols: null

2019-08-24 12:44:19 - [TEST_STEP][PASSED] - for ([j = 0, j &lt; symbols.size(), (j++)]): null

2019-08-24 12:44:19 - [TEST_STEP][PASSED] - symbol = symbol: null

2019-08-24 12:44:19 - [TEST_STEP][PASSED] - println(symbol): null

2019-08-24 12:44:19 - [TEST_STEP][PASSED] - if (i == 2 &amp;&amp; wildList.indexOf(symbol) != -1): null

2019-08-24 12:44:19 - [TEST_STEP][PASSED] - if (i == 3 &amp;&amp; wildList.indexOf(symbol) != -1): null

2019-08-24 12:44:19 - [TEST_STEP][PASSED] - if (i == 4 &amp;&amp; wildList.indexOf(symbol) != -1): null

2019-08-24 12:44:19 - [TEST_STEP][PASSED] - symbol = symbol: null

2019-08-24 12:44:19 - [TEST_STEP][PASSED] - println(symbol): null

2019-08-24 12:44:19 - [TEST_STEP][PASSED] - if (i == 2 &amp;&amp; wildList.indexOf(symbol) != -1): null

2019-08-24 12:44:19 - [TEST_STEP][PASSED] - if (i == 3 &amp;&amp; wildList.indexOf(symbol) != -1): null

2019-08-24 12:44:19 - [TEST_STEP][PASSED] - if (i == 4 &amp;&amp; wildList.indexOf(symbol) != -1): null

2019-08-24 12:44:19 - [TEST_STEP][PASSED] - symbol = symbol: null

2019-08-24 12:44:19 - [TEST_STEP][PASSED] - println(symbol): null

2019-08-24 12:44:19 - [TEST_STEP][PASSED] - if (i == 2 &amp;&amp; wildList.indexOf(symbol) != -1): null

2019-08-24 12:44:19 - [TEST_STEP][PASSED] - if (i == 3 &amp;&amp; wildList.indexOf(symbol) != -1): null

2019-08-24 12:44:19 - [TEST_STEP][PASSED] - if (i == 4 &amp;&amp; wildList.indexOf(symbol) != -1): null

2019-08-24 12:44:19 - [TEST_STEP][PASSED] - symbols = symbols: null

2019-08-24 12:44:19 - [TEST_STEP][PASSED] - for ([j = 0, j &lt; symbols.size(), (j++)]): null

2019-08-24 12:44:19 - [TEST_STEP][PASSED] - symbol = symbol: null

2019-08-24 12:44:19 - [TEST_STEP][PASSED] - println(symbol): null

2019-08-24 12:44:19 - [TEST_STEP][PASSED] - if (i == 2 &amp;&amp; wildList.indexOf(symbol) != -1): null

2019-08-24 12:44:19 - [TEST_STEP][PASSED] - if (i == 3 &amp;&amp; wildList.indexOf(symbol) != -1): null

2019-08-24 12:44:19 - [TEST_STEP][PASSED] - if (i == 4 &amp;&amp; wildList.indexOf(symbol) != -1): null

2019-08-24 12:44:19 - [TEST_STEP][PASSED] - symbol = symbol: null

2019-08-24 12:44:19 - [TEST_STEP][PASSED] - println(symbol): null

2019-08-24 12:44:19 - [TEST_STEP][PASSED] - if (i == 2 &amp;&amp; wildList.indexOf(symbol) != -1): null

2019-08-24 12:44:19 - [TEST_STEP][PASSED] - if (i == 3 &amp;&amp; wildList.indexOf(symbol) != -1): null

2019-08-24 12:44:19 - [TEST_STEP][PASSED] - if (i == 4 &amp;&amp; wildList.indexOf(symbol) != -1): null

2019-08-24 12:44:19 - [TEST_STEP][PASSED] - symbol = symbol: null

2019-08-24 12:44:19 - [TEST_STEP][PASSED] - println(symbol): null

2019-08-24 12:44:19 - [TEST_STEP][PASSED] - if (i == 2 &amp;&amp; wildList.indexOf(symbol) != -1): null

2019-08-24 12:44:19 - [TEST_STEP][PASSED] - if (i == 3 &amp;&amp; wildList.indexOf(symbol) != -1): null

2019-08-24 12:44:19 - [TEST_STEP][PASSED] - if (i == 4 &amp;&amp; wildList.indexOf(symbol) != -1): null

2019-08-24 12:44:19 - [TEST_STEP][PASSED] - free_spin_reel_counter = free_spin_reel_counter: null

2019-08-24 12:44:19 - [TEST_STEP][PASSED] - println("reel 3 wild found: " + free_spin_reel_counter[0]): null

2019-08-24 12:44:19 - [TEST_STEP][PASSED] - println("reel 4 wild found: " + free_spin_reel_counter[1]): null

2019-08-24 12:44:19 - [TEST_STEP][PASSED] - println("reel 5 wild found: " + free_spin_reel_counter[2]): null

2019-08-24 12:44:19 - [TEST_STEP][PASSED] - M4_spin_reels = M4_spin_reels: null

2019-08-24 12:44:19 - [TEST_STEP][PASSED] - M4_spin_reels_symbols = symbol: null

2019-08-24 12:44:19 - [TEST_STEP][PASSED] - M4_spin_reels_symbols = M4_spin_reels_symbols: null

2019-08-24 12:44:19 - [TEST_STEP][PASSED] - M4_spin_reel_wins = reel_wins: null

2019-08-24 12:44:19 - [TEST_STEP][PASSED] - M4_spin_reel_wins = M4_spin_reel_wins: null

2019-08-24 12:44:19 - [TEST_STEP][PASSED] - println("GlobalVariable.M4_spin_reel_wins is: " + M4_spin_reel_wins): null

2019-08-24 12:44:19 - [TEST_STEP][PASSED] - M4_spin_total_bonus_win_this_round = total_bonus_win_this_round: null

2019-08-24 12:44:19 - [TEST_STEP][PASSED] - M4_spin_total_bonus_win_this_round = M4_spin_total_bonus_win_this_round: null

2019-08-24 12:44:19 - [TEST_STEP][PASSED] - println("GlobalVariable.M4_spin_total_bonus_win_this_round is: " + M4_spin_total_bonus_win_this_round): null

2019-08-24 12:44:19 - [TEST_STEP][PASSED] - M4_spin_bonus_spin_result = spin_result: null

2019-08-24 12:44:19 - [TEST_STEP][PASSED] - M4_spin_bonus_spin_result = M4_spin_bonus_spin_result: null

2019-08-24 12:44:19 - [MESSAGE][PASSED] - Verify response successfully

2019-08-24 12:44:19 - [MESSAGE][PASSED] - Send request and verify the response successfully

2019-08-24 12:44:19 - [TEST_STEP][PASSED] - if (M4_total_bonus_spins_int != 0 &amp;&amp; M4_spin_reels_symbols[2].contains("WILD_Double") || M4_spin_reels_symbols[4].contains("WILD_Triple")): null

2019-08-24 12:44:19 - [TEST_STEP][PASSED] - free_spin_reel_counter = free_spin_reel_counter: null

2019-08-24 12:44:19 - [TEST_STEP][PASSED] - M4_spin_reels_symbols = M4_spin_reels_symbols: null

2019-08-24 12:44:19 - [TEST_STEP][PASSED] - M4_total_bonus_spins = M4_total_bonus_spins: null

2019-08-24 12:44:19 - [TEST_STEP][PASSED] - spin_result = sendRequestAndVerify(findTestObject("INT/RGS(M4)/1_M4_spin", ["M4_login_user_id":M4_login_user_id, "rgs_session_token":rgs_session_token, "partner":Partner])): Send request and verify the response successfully

2019-08-24 12:44:20 - [MESSAGE][INFO] - HAR: /Users/eiralee/Katalon_Script/SuperWild/Reports/20190824_124242/INT/superWild_4/20190824_124242/requests/main/31.har

2019-08-24 12:44:20 - [TEST_CASE][PASSED] - Start Test Case : Verification: Verification accomplished successfully

2019-08-24 12:44:20 - [TEST_STEP][PASSED] - request = getInstance().getCurrentRequest(): null

2019-08-24 12:44:20 - [TEST_STEP][PASSED] - response = getInstance().getCurrentResponse(): null

2019-08-24 12:44:20 - [TEST_STEP][PASSED] - verifyResponseStatusCode(response, 200): Verify response status code successfully

2019-08-24 12:44:20 - [MESSAGE][PASSED] - Verify response status code successfully

2019-08-24 12:44:20 - [TEST_STEP][PASSED] - getStatusCode()).isEqualTo(200): null

2019-08-24 12:44:20 - [TEST_STEP][PASSED] - newline = System.getProperty("line.separator"): null

2019-08-24 12:44:20 - [TEST_STEP][PASSED] - M4_spin = new groovy.json.JsonSlurper(): null

2019-08-24 12:44:20 - [TEST_STEP][PASSED] - result_M4_spin = M4_spin.parseText(response.getResponseBodyContent()): null

2019-08-24 12:44:20 - [TEST_STEP][PASSED] - M4_spin_current_balance = current_balance: null

2019-08-24 12:44:20 - [TEST_STEP][PASSED] - M4_spin_current_balance = M4_spin_current_balance: null

2019-08-24 12:44:20 - [TEST_STEP][PASSED] - M4_spin_transaction_id = causality: null

2019-08-24 12:44:20 - [TEST_STEP][PASSED] - M4_spin_transaction_id = M4_spin_transaction_id: null

2019-08-24 12:44:20 - [TEST_STEP][PASSED] - M4_spin_round_id = round_id: null

2019-08-24 12:44:20 - [TEST_STEP][PASSED] - M4_spin_round_id = M4_spin_round_id: null

2019-08-24 12:44:20 - [TEST_STEP][PASSED] - M4_spin_line_wins = line_wins: null

2019-08-24 12:44:20 - [TEST_STEP][PASSED] - M4_spin_line_wins = M4_spin_line_wins: null

2019-08-24 12:44:20 - [TEST_STEP][PASSED] - M4_total_bonus_spins_int = total_bonus_spins: null

2019-08-24 12:44:20 - [TEST_STEP][PASSED] - println("******M4_total_bonus_spins type is:*******" + newline + getClass().getName()): null

2019-08-24 12:44:20 - [TEST_STEP][PASSED] - M4_total_bonus_spins_int = M4_total_bonus_spins_int: null

2019-08-24 12:44:20 - [TEST_STEP][PASSED] - M4_total_bonus_spins = Integer.toString(M4_total_bonus_spins_int): null

2019-08-24 12:44:20 - [TEST_STEP][PASSED] - M4_total_bonus_spins = M4_total_bonus_spins: null

2019-08-24 12:44:20 - [TEST_STEP][PASSED] - println("M4_total_bonus_spins is:" + M4_total_bonus_spins): null

2019-08-24 12:44:20 - [TEST_STEP][PASSED] - M4_spin_bonus_data = bonus_data: null

2019-08-24 12:44:20 - [TEST_STEP][PASSED] - M4_spin_features_triggered = result_M4_spin: null

2019-08-24 12:44:20 - [TEST_STEP][PASSED] - wild = []: null

2019-08-24 12:44:20 - [TEST_STEP][PASSED] - wild[0] = "WILD_Expanding": null

2019-08-24 12:44:20 - [TEST_STEP][PASSED] - wild[1] = "WILD_Normal": null

2019-08-24 12:44:20 - [TEST_STEP][PASSED] - wild[2] = "WILD_Double": null

2019-08-24 12:44:20 - [TEST_STEP][PASSED] - wild[3] = "WILD_ExtraFG": null

2019-08-24 12:44:20 - [TEST_STEP][PASSED] - wild[4] = "WILD_Triple": null

2019-08-24 12:44:20 - [TEST_STEP][PASSED] - wildList = Arrays.asList(wild): null

2019-08-24 12:44:20 - [TEST_STEP][PASSED] - wildList = wildList: null

2019-08-24 12:44:20 - [TEST_STEP][PASSED] - free_spin_reel_counter = []: null

2019-08-24 12:44:20 - [TEST_STEP][PASSED] - free_spin_reel_counter[0] = 0: null

2019-08-24 12:44:20 - [TEST_STEP][PASSED] - free_spin_reel_counter[1] = 0: null

2019-08-24 12:44:20 - [TEST_STEP][PASSED] - free_spin_reel_counter[2] = 0: null

2019-08-24 12:44:20 - [TEST_STEP][PASSED] - M4_spin_reels = reels: null

2019-08-24 12:44:20 - [TEST_STEP][PASSED] - for ([i = 0, i &lt; M4_spin_reels.size(), (i++)]): null

2019-08-24 12:44:20 - [TEST_STEP][PASSED] - symbols = symbols: null

2019-08-24 12:44:20 - [TEST_STEP][PASSED] - for ([j = 0, j &lt; symbols.size(), (j++)]): null

2019-08-24 12:44:20 - [TEST_STEP][PASSED] - symbol = symbol: null

2019-08-24 12:44:20 - [TEST_STEP][PASSED] - println(symbol): null

2019-08-24 12:44:20 - [TEST_STEP][PASSED] - if (i == 2 &amp;&amp; wildList.indexOf(symbol) != -1): null

2019-08-24 12:44:20 - [TEST_STEP][PASSED] - if (i == 3 &amp;&amp; wildList.indexOf(symbol) != -1): null

2019-08-24 12:44:20 - [TEST_STEP][PASSED] - if (i == 4 &amp;&amp; wildList.indexOf(symbol) != -1): null

2019-08-24 12:44:20 - [TEST_STEP][PASSED] - symbol = symbol: null

2019-08-24 12:44:20 - [TEST_STEP][PASSED] - println(symbol): null

2019-08-24 12:44:20 - [TEST_STEP][PASSED] - if (i == 2 &amp;&amp; wildList.indexOf(symbol) != -1): null

2019-08-24 12:44:20 - [TEST_STEP][PASSED] - if (i == 3 &amp;&amp; wildList.indexOf(symbol) != -1): null

2019-08-24 12:44:20 - [TEST_STEP][PASSED] - if (i == 4 &amp;&amp; wildList.indexOf(symbol) != -1): null

2019-08-24 12:44:20 - [TEST_STEP][PASSED] - symbol = symbol: null

2019-08-24 12:44:20 - [TEST_STEP][PASSED] - println(symbol): null

2019-08-24 12:44:20 - [TEST_STEP][PASSED] - if (i == 2 &amp;&amp; wildList.indexOf(symbol) != -1): null

2019-08-24 12:44:20 - [TEST_STEP][PASSED] - if (i == 3 &amp;&amp; wildList.indexOf(symbol) != -1): null

2019-08-24 12:44:20 - [TEST_STEP][PASSED] - if (i == 4 &amp;&amp; wildList.indexOf(symbol) != -1): null

2019-08-24 12:44:20 - [TEST_STEP][PASSED] - symbols = symbols: null

2019-08-24 12:44:20 - [TEST_STEP][PASSED] - for ([j = 0, j &lt; symbols.size(), (j++)]): null

2019-08-24 12:44:20 - [TEST_STEP][PASSED] - symbol = symbol: null

2019-08-24 12:44:20 - [TEST_STEP][PASSED] - println(symbol): null

2019-08-24 12:44:20 - [TEST_STEP][PASSED] - if (i == 2 &amp;&amp; wildList.indexOf(symbol) != -1): null

2019-08-24 12:44:20 - [TEST_STEP][PASSED] - if (i == 3 &amp;&amp; wildList.indexOf(symbol) != -1): null

2019-08-24 12:44:20 - [TEST_STEP][PASSED] - if (i == 4 &amp;&amp; wildList.indexOf(symbol) != -1): null

2019-08-24 12:44:20 - [TEST_STEP][PASSED] - symbol = symbol: null

2019-08-24 12:44:20 - [TEST_STEP][PASSED] - println(symbol): null

2019-08-24 12:44:20 - [TEST_STEP][PASSED] - if (i == 2 &amp;&amp; wildList.indexOf(symbol) != -1): null

2019-08-24 12:44:20 - [TEST_STEP][PASSED] - if (i == 3 &amp;&amp; wildList.indexOf(symbol) != -1): null

2019-08-24 12:44:20 - [TEST_STEP][PASSED] - if (i == 4 &amp;&amp; wildList.indexOf(symbol) != -1): null

2019-08-24 12:44:20 - [TEST_STEP][PASSED] - symbol = symbol: null

2019-08-24 12:44:20 - [TEST_STEP][PASSED] - println(symbol): null

2019-08-24 12:44:20 - [TEST_STEP][PASSED] - if (i == 2 &amp;&amp; wildList.indexOf(symbol) != -1): null

2019-08-24 12:44:20 - [TEST_STEP][PASSED] - if (i == 3 &amp;&amp; wildList.indexOf(symbol) != -1): null

2019-08-24 12:44:20 - [TEST_STEP][PASSED] - if (i == 4 &amp;&amp; wildList.indexOf(symbol) != -1): null

2019-08-24 12:44:20 - [TEST_STEP][PASSED] - symbols = symbols: null

2019-08-24 12:44:20 - [TEST_STEP][PASSED] - for ([j = 0, j &lt; symbols.size(), (j++)]): null

2019-08-24 12:44:20 - [TEST_STEP][PASSED] - symbol = symbol: null

2019-08-24 12:44:20 - [TEST_STEP][PASSED] - println(symbol): null

2019-08-24 12:44:20 - [TEST_STEP][PASSED] - if (i == 2 &amp;&amp; wildList.indexOf(symbol) != -1): null

2019-08-24 12:44:20 - [TEST_STEP][PASSED] - if (i == 3 &amp;&amp; wildList.indexOf(symbol) != -1): null

2019-08-24 12:44:20 - [TEST_STEP][PASSED] - if (i == 4 &amp;&amp; wildList.indexOf(symbol) != -1): null

2019-08-24 12:44:20 - [TEST_STEP][PASSED] - symbol = symbol: null

2019-08-24 12:44:20 - [TEST_STEP][PASSED] - println(symbol): null

2019-08-24 12:44:20 - [TEST_STEP][PASSED] - if (i == 2 &amp;&amp; wildList.indexOf(symbol) != -1): null

2019-08-24 12:44:20 - [TEST_STEP][PASSED] - if (i == 3 &amp;&amp; wildList.indexOf(symbol) != -1): null

2019-08-24 12:44:20 - [TEST_STEP][PASSED] - if (i == 4 &amp;&amp; wildList.indexOf(symbol) != -1): null

2019-08-24 12:44:20 - [TEST_STEP][PASSED] - symbol = symbol: null

2019-08-24 12:44:20 - [TEST_STEP][PASSED] - println(symbol): null

2019-08-24 12:44:20 - [TEST_STEP][PASSED] - if (i == 2 &amp;&amp; wildList.indexOf(symbol) != -1): null

2019-08-24 12:44:20 - [TEST_STEP][PASSED] - if (i == 3 &amp;&amp; wildList.indexOf(symbol) != -1): null

2019-08-24 12:44:20 - [TEST_STEP][PASSED] - if (i == 4 &amp;&amp; wildList.indexOf(symbol) != -1): null

2019-08-24 12:44:20 - [TEST_STEP][PASSED] - symbols = symbols: null

2019-08-24 12:44:20 - [TEST_STEP][PASSED] - for ([j = 0, j &lt; symbols.size(), (j++)]): null

2019-08-24 12:44:20 - [TEST_STEP][PASSED] - symbol = symbol: null

2019-08-24 12:44:20 - [TEST_STEP][PASSED] - println(symbol): null

2019-08-24 12:44:20 - [TEST_STEP][PASSED] - if (i == 2 &amp;&amp; wildList.indexOf(symbol) != -1): null

2019-08-24 12:44:20 - [TEST_STEP][PASSED] - if (i == 3 &amp;&amp; wildList.indexOf(symbol) != -1): null

2019-08-24 12:44:20 - [TEST_STEP][PASSED] - if (i == 4 &amp;&amp; wildList.indexOf(symbol) != -1): null

2019-08-24 12:44:20 - [TEST_STEP][PASSED] - symbol = symbol: null

2019-08-24 12:44:20 - [TEST_STEP][PASSED] - println(symbol): null

2019-08-24 12:44:20 - [TEST_STEP][PASSED] - if (i == 2 &amp;&amp; wildList.indexOf(symbol) != -1): null

2019-08-24 12:44:20 - [TEST_STEP][PASSED] - if (i == 3 &amp;&amp; wildList.indexOf(symbol) != -1): null

2019-08-24 12:44:20 - [TEST_STEP][PASSED] - if (i == 4 &amp;&amp; wildList.indexOf(symbol) != -1): null

2019-08-24 12:44:20 - [TEST_STEP][PASSED] - symbol = symbol: null

2019-08-24 12:44:20 - [TEST_STEP][PASSED] - println(symbol): null

2019-08-24 12:44:20 - [TEST_STEP][PASSED] - if (i == 2 &amp;&amp; wildList.indexOf(symbol) != -1): null

2019-08-24 12:44:20 - [TEST_STEP][PASSED] - if (i == 3 &amp;&amp; wildList.indexOf(symbol) != -1): null

2019-08-24 12:44:20 - [TEST_STEP][PASSED] - if (i == 4 &amp;&amp; wildList.indexOf(symbol) != -1): null

2019-08-24 12:44:20 - [TEST_STEP][PASSED] - symbols = symbols: null

2019-08-24 12:44:20 - [TEST_STEP][PASSED] - for ([j = 0, j &lt; symbols.size(), (j++)]): null

2019-08-24 12:44:20 - [TEST_STEP][PASSED] - symbol = symbol: null

2019-08-24 12:44:20 - [TEST_STEP][PASSED] - println(symbol): null

2019-08-24 12:44:20 - [TEST_STEP][PASSED] - if (i == 2 &amp;&amp; wildList.indexOf(symbol) != -1): null

2019-08-24 12:44:20 - [TEST_STEP][PASSED] - if (i == 3 &amp;&amp; wildList.indexOf(symbol) != -1): null

2019-08-24 12:44:20 - [TEST_STEP][PASSED] - if (i == 4 &amp;&amp; wildList.indexOf(symbol) != -1): null

2019-08-24 12:44:20 - [TEST_STEP][PASSED] - symbol = symbol: null

2019-08-24 12:44:20 - [TEST_STEP][PASSED] - println(symbol): null

2019-08-24 12:44:20 - [TEST_STEP][PASSED] - if (i == 2 &amp;&amp; wildList.indexOf(symbol) != -1): null

2019-08-24 12:44:20 - [TEST_STEP][PASSED] - if (i == 3 &amp;&amp; wildList.indexOf(symbol) != -1): null

2019-08-24 12:44:20 - [TEST_STEP][PASSED] - if (i == 4 &amp;&amp; wildList.indexOf(symbol) != -1): null

2019-08-24 12:44:20 - [TEST_STEP][PASSED] - symbol = symbol: null

2019-08-24 12:44:20 - [TEST_STEP][PASSED] - println(symbol): null

2019-08-24 12:44:20 - [TEST_STEP][PASSED] - if (i == 2 &amp;&amp; wildList.indexOf(symbol) != -1): null

2019-08-24 12:44:20 - [TEST_STEP][PASSED] - if (i == 3 &amp;&amp; wildList.indexOf(symbol) != -1): null

2019-08-24 12:44:20 - [TEST_STEP][PASSED] - if (i == 4 &amp;&amp; wildList.indexOf(symbol) != -1): null

2019-08-24 12:44:20 - [TEST_STEP][PASSED] - free_spin_reel_counter = free_spin_reel_counter: null

2019-08-24 12:44:20 - [TEST_STEP][PASSED] - println("reel 3 wild found: " + free_spin_reel_counter[0]): null

2019-08-24 12:44:20 - [TEST_STEP][PASSED] - println("reel 4 wild found: " + free_spin_reel_counter[1]): null

2019-08-24 12:44:20 - [TEST_STEP][PASSED] - println("reel 5 wild found: " + free_spin_reel_counter[2]): null

2019-08-24 12:44:20 - [TEST_STEP][PASSED] - M4_spin_reels = M4_spin_reels: null

2019-08-24 12:44:20 - [TEST_STEP][PASSED] - M4_spin_reels_symbols = symbol: null

2019-08-24 12:44:20 - [TEST_STEP][PASSED] - M4_spin_reels_symbols = M4_spin_reels_symbols: null

2019-08-24 12:44:20 - [TEST_STEP][PASSED] - M4_spin_reel_wins = reel_wins: null

2019-08-24 12:44:20 - [TEST_STEP][PASSED] - M4_spin_reel_wins = M4_spin_reel_wins: null

2019-08-24 12:44:20 - [TEST_STEP][PASSED] - println("GlobalVariable.M4_spin_reel_wins is: " + M4_spin_reel_wins): null

2019-08-24 12:44:20 - [TEST_STEP][PASSED] - M4_spin_total_bonus_win_this_round = total_bonus_win_this_round: null

2019-08-24 12:44:20 - [TEST_STEP][PASSED] - M4_spin_total_bonus_win_this_round = M4_spin_total_bonus_win_this_round: null

2019-08-24 12:44:20 - [TEST_STEP][PASSED] - println("GlobalVariable.M4_spin_total_bonus_win_this_round is: " + M4_spin_total_bonus_win_this_round): null

2019-08-24 12:44:20 - [TEST_STEP][PASSED] - M4_spin_bonus_spin_result = spin_result: null

2019-08-24 12:44:20 - [TEST_STEP][PASSED] - M4_spin_bonus_spin_result = M4_spin_bonus_spin_result: null

2019-08-24 12:44:20 - [MESSAGE][PASSED] - Verify response successfully

2019-08-24 12:44:20 - [MESSAGE][PASSED] - Send request and verify the response successfully

2019-08-24 12:44:20 - [TEST_STEP][PASSED] - if (M4_total_bonus_spins_int != 0 &amp;&amp; M4_spin_reels_symbols[2].contains("WILD_Double") || M4_spin_reels_symbols[4].contains("WILD_Triple")): null

2019-08-24 12:44:20 - [TEST_STEP][PASSED] - free_spin_reel_counter = free_spin_reel_counter: null

2019-08-24 12:44:20 - [TEST_STEP][PASSED] - M4_spin_reels_symbols = M4_spin_reels_symbols: null

2019-08-24 12:44:20 - [TEST_STEP][PASSED] - M4_total_bonus_spins = M4_total_bonus_spins: null

2019-08-24 12:44:20 - [TEST_STEP][PASSED] - spin_result = sendRequestAndVerify(findTestObject("INT/RGS(M4)/1_M4_spin", ["M4_login_user_id":M4_login_user_id, "rgs_session_token":rgs_session_token, "partner":Partner])): Send request and verify the response successfully

2019-08-24 12:44:20 - [MESSAGE][INFO] - HAR: /Users/eiralee/Katalon_Script/SuperWild/Reports/20190824_124242/INT/superWild_4/20190824_124242/requests/main/32.har

2019-08-24 12:44:20 - [TEST_CASE][PASSED] - Start Test Case : Verification: Verification accomplished successfully

2019-08-24 12:44:20 - [TEST_STEP][PASSED] - request = getInstance().getCurrentRequest(): null

2019-08-24 12:44:21 - [TEST_STEP][PASSED] - response = getInstance().getCurrentResponse(): null

2019-08-24 12:44:21 - [TEST_STEP][PASSED] - verifyResponseStatusCode(response, 200): Verify response status code successfully

2019-08-24 12:44:21 - [MESSAGE][PASSED] - Verify response status code successfully

2019-08-24 12:44:21 - [TEST_STEP][PASSED] - getStatusCode()).isEqualTo(200): null

2019-08-24 12:44:21 - [TEST_STEP][PASSED] - newline = System.getProperty("line.separator"): null

2019-08-24 12:44:21 - [TEST_STEP][PASSED] - M4_spin = new groovy.json.JsonSlurper(): null

2019-08-24 12:44:21 - [TEST_STEP][PASSED] - result_M4_spin = M4_spin.parseText(response.getResponseBodyContent()): null

2019-08-24 12:44:21 - [TEST_STEP][PASSED] - M4_spin_current_balance = current_balance: null

2019-08-24 12:44:21 - [TEST_STEP][PASSED] - M4_spin_current_balance = M4_spin_current_balance: null

2019-08-24 12:44:21 - [TEST_STEP][PASSED] - M4_spin_transaction_id = causality: null

2019-08-24 12:44:21 - [TEST_STEP][PASSED] - M4_spin_transaction_id = M4_spin_transaction_id: null

2019-08-24 12:44:21 - [TEST_STEP][PASSED] - M4_spin_round_id = round_id: null

2019-08-24 12:44:21 - [TEST_STEP][PASSED] - M4_spin_round_id = M4_spin_round_id: null

2019-08-24 12:44:21 - [TEST_STEP][PASSED] - M4_spin_line_wins = line_wins: null

2019-08-24 12:44:21 - [TEST_STEP][PASSED] - M4_spin_line_wins = M4_spin_line_wins: null

2019-08-24 12:44:21 - [TEST_STEP][PASSED] - M4_total_bonus_spins_int = total_bonus_spins: null

2019-08-24 12:44:21 - [TEST_STEP][PASSED] - println("******M4_total_bonus_spins type is:*******" + newline + getClass().getName()): null

2019-08-24 12:44:21 - [TEST_STEP][PASSED] - M4_total_bonus_spins_int = M4_total_bonus_spins_int: null

2019-08-24 12:44:21 - [TEST_STEP][PASSED] - M4_total_bonus_spins = Integer.toString(M4_total_bonus_spins_int): null

2019-08-24 12:44:21 - [TEST_STEP][PASSED] - M4_total_bonus_spins = M4_total_bonus_spins: null

2019-08-24 12:44:21 - [TEST_STEP][PASSED] - println("M4_total_bonus_spins is:" + M4_total_bonus_spins): null

2019-08-24 12:44:21 - [TEST_STEP][PASSED] - M4_spin_bonus_data = bonus_data: null

2019-08-24 12:44:21 - [TEST_STEP][PASSED] - M4_spin_features_triggered = result_M4_spin: null

2019-08-24 12:44:21 - [TEST_STEP][PASSED] - wild = []: null

2019-08-24 12:44:21 - [TEST_STEP][PASSED] - wild[0] = "WILD_Expanding": null

2019-08-24 12:44:21 - [TEST_STEP][PASSED] - wild[1] = "WILD_Normal": null

2019-08-24 12:44:21 - [TEST_STEP][PASSED] - wild[2] = "WILD_Double": null

2019-08-24 12:44:21 - [TEST_STEP][PASSED] - wild[3] = "WILD_ExtraFG": null

2019-08-24 12:44:21 - [TEST_STEP][PASSED] - wild[4] = "WILD_Triple": null

2019-08-24 12:44:21 - [TEST_STEP][PASSED] - wildList = Arrays.asList(wild): null

2019-08-24 12:44:21 - [TEST_STEP][PASSED] - wildList = wildList: null

2019-08-24 12:44:21 - [TEST_STEP][PASSED] - free_spin_reel_counter = []: null

2019-08-24 12:44:21 - [TEST_STEP][PASSED] - free_spin_reel_counter[0] = 0: null

2019-08-24 12:44:21 - [TEST_STEP][PASSED] - free_spin_reel_counter[1] = 0: null

2019-08-24 12:44:21 - [TEST_STEP][PASSED] - free_spin_reel_counter[2] = 0: null

2019-08-24 12:44:21 - [TEST_STEP][PASSED] - M4_spin_reels = reels: null

2019-08-24 12:44:21 - [TEST_STEP][PASSED] - for ([i = 0, i &lt; M4_spin_reels.size(), (i++)]): null

2019-08-24 12:44:21 - [TEST_STEP][PASSED] - symbols = symbols: null

2019-08-24 12:44:21 - [TEST_STEP][PASSED] - for ([j = 0, j &lt; symbols.size(), (j++)]): null

2019-08-24 12:44:21 - [TEST_STEP][PASSED] - symbol = symbol: null

2019-08-24 12:44:21 - [TEST_STEP][PASSED] - println(symbol): null

2019-08-24 12:44:21 - [TEST_STEP][PASSED] - if (i == 2 &amp;&amp; wildList.indexOf(symbol) != -1): null

2019-08-24 12:44:21 - [TEST_STEP][PASSED] - if (i == 3 &amp;&amp; wildList.indexOf(symbol) != -1): null

2019-08-24 12:44:21 - [TEST_STEP][PASSED] - if (i == 4 &amp;&amp; wildList.indexOf(symbol) != -1): null

2019-08-24 12:44:21 - [TEST_STEP][PASSED] - symbol = symbol: null

2019-08-24 12:44:21 - [TEST_STEP][PASSED] - println(symbol): null

2019-08-24 12:44:21 - [TEST_STEP][PASSED] - if (i == 2 &amp;&amp; wildList.indexOf(symbol) != -1): null

2019-08-24 12:44:21 - [TEST_STEP][PASSED] - if (i == 3 &amp;&amp; wildList.indexOf(symbol) != -1): null

2019-08-24 12:44:21 - [TEST_STEP][PASSED] - if (i == 4 &amp;&amp; wildList.indexOf(symbol) != -1): null

2019-08-24 12:44:21 - [TEST_STEP][PASSED] - symbol = symbol: null

2019-08-24 12:44:21 - [TEST_STEP][PASSED] - println(symbol): null

2019-08-24 12:44:21 - [TEST_STEP][PASSED] - if (i == 2 &amp;&amp; wildList.indexOf(symbol) != -1): null

2019-08-24 12:44:21 - [TEST_STEP][PASSED] - if (i == 3 &amp;&amp; wildList.indexOf(symbol) != -1): null

2019-08-24 12:44:21 - [TEST_STEP][PASSED] - if (i == 4 &amp;&amp; wildList.indexOf(symbol) != -1): null

2019-08-24 12:44:21 - [TEST_STEP][PASSED] - symbols = symbols: null

2019-08-24 12:44:21 - [TEST_STEP][PASSED] - for ([j = 0, j &lt; symbols.size(), (j++)]): null

2019-08-24 12:44:21 - [TEST_STEP][PASSED] - symbol = symbol: null

2019-08-24 12:44:21 - [TEST_STEP][PASSED] - println(symbol): null

2019-08-24 12:44:21 - [TEST_STEP][PASSED] - if (i == 2 &amp;&amp; wildList.indexOf(symbol) != -1): null

2019-08-24 12:44:21 - [TEST_STEP][PASSED] - if (i == 3 &amp;&amp; wildList.indexOf(symbol) != -1): null

2019-08-24 12:44:21 - [TEST_STEP][PASSED] - if (i == 4 &amp;&amp; wildList.indexOf(symbol) != -1): null

2019-08-24 12:44:21 - [TEST_STEP][PASSED] - symbol = symbol: null

2019-08-24 12:44:21 - [TEST_STEP][PASSED] - println(symbol): null

2019-08-24 12:44:21 - [TEST_STEP][PASSED] - if (i == 2 &amp;&amp; wildList.indexOf(symbol) != -1): null

2019-08-24 12:44:21 - [TEST_STEP][PASSED] - if (i == 3 &amp;&amp; wildList.indexOf(symbol) != -1): null

2019-08-24 12:44:21 - [TEST_STEP][PASSED] - if (i == 4 &amp;&amp; wildList.indexOf(symbol) != -1): null

2019-08-24 12:44:21 - [TEST_STEP][PASSED] - symbol = symbol: null

2019-08-24 12:44:21 - [TEST_STEP][PASSED] - println(symbol): null

2019-08-24 12:44:21 - [TEST_STEP][PASSED] - if (i == 2 &amp;&amp; wildList.indexOf(symbol) != -1): null

2019-08-24 12:44:21 - [TEST_STEP][PASSED] - if (i == 3 &amp;&amp; wildList.indexOf(symbol) != -1): null

2019-08-24 12:44:21 - [TEST_STEP][PASSED] - if (i == 4 &amp;&amp; wildList.indexOf(symbol) != -1): null

2019-08-24 12:44:21 - [TEST_STEP][PASSED] - symbols = symbols: null

2019-08-24 12:44:21 - [TEST_STEP][PASSED] - for ([j = 0, j &lt; symbols.size(), (j++)]): null

2019-08-24 12:44:21 - [TEST_STEP][PASSED] - symbol = symbol: null

2019-08-24 12:44:21 - [TEST_STEP][PASSED] - println(symbol): null

2019-08-24 12:44:21 - [TEST_STEP][PASSED] - if (i == 2 &amp;&amp; wildList.indexOf(symbol) != -1): null

2019-08-24 12:44:21 - [TEST_STEP][PASSED] - if (i == 3 &amp;&amp; wildList.indexOf(symbol) != -1): null

2019-08-24 12:44:21 - [TEST_STEP][PASSED] - if (i == 4 &amp;&amp; wildList.indexOf(symbol) != -1): null

2019-08-24 12:44:21 - [TEST_STEP][PASSED] - symbol = symbol: null

2019-08-24 12:44:21 - [TEST_STEP][PASSED] - println(symbol): null

2019-08-24 12:44:21 - [TEST_STEP][PASSED] - if (i == 2 &amp;&amp; wildList.indexOf(symbol) != -1): null

2019-08-24 12:44:21 - [TEST_STEP][PASSED] - if (i == 3 &amp;&amp; wildList.indexOf(symbol) != -1): null

2019-08-24 12:44:21 - [TEST_STEP][PASSED] - if (i == 4 &amp;&amp; wildList.indexOf(symbol) != -1): null

2019-08-24 12:44:21 - [TEST_STEP][PASSED] - symbol = symbol: null

2019-08-24 12:44:21 - [TEST_STEP][PASSED] - println(symbol): null

2019-08-24 12:44:21 - [TEST_STEP][PASSED] - if (i == 2 &amp;&amp; wildList.indexOf(symbol) != -1): null

2019-08-24 12:44:21 - [TEST_STEP][PASSED] - if (i == 3 &amp;&amp; wildList.indexOf(symbol) != -1): null

2019-08-24 12:44:21 - [TEST_STEP][PASSED] - if (i == 4 &amp;&amp; wildList.indexOf(symbol) != -1): null

2019-08-24 12:44:21 - [TEST_STEP][PASSED] - symbols = symbols: null

2019-08-24 12:44:21 - [TEST_STEP][PASSED] - for ([j = 0, j &lt; symbols.size(), (j++)]): null

2019-08-24 12:44:21 - [TEST_STEP][PASSED] - symbol = symbol: null

2019-08-24 12:44:21 - [TEST_STEP][PASSED] - println(symbol): null

2019-08-24 12:44:21 - [TEST_STEP][PASSED] - if (i == 2 &amp;&amp; wildList.indexOf(symbol) != -1): null

2019-08-24 12:44:21 - [TEST_STEP][PASSED] - if (i == 3 &amp;&amp; wildList.indexOf(symbol) != -1): null

2019-08-24 12:44:21 - [TEST_STEP][PASSED] - if (i == 4 &amp;&amp; wildList.indexOf(symbol) != -1): null

2019-08-24 12:44:21 - [TEST_STEP][PASSED] - symbol = symbol: null

2019-08-24 12:44:21 - [TEST_STEP][PASSED] - println(symbol): null

2019-08-24 12:44:21 - [TEST_STEP][PASSED] - if (i == 2 &amp;&amp; wildList.indexOf(symbol) != -1): null

2019-08-24 12:44:21 - [TEST_STEP][PASSED] - if (i == 3 &amp;&amp; wildList.indexOf(symbol) != -1): null

2019-08-24 12:44:21 - [TEST_STEP][PASSED] - if (i == 4 &amp;&amp; wildList.indexOf(symbol) != -1): null

2019-08-24 12:44:21 - [TEST_STEP][PASSED] - symbol = symbol: null

2019-08-24 12:44:21 - [TEST_STEP][PASSED] - println(symbol): null

2019-08-24 12:44:21 - [TEST_STEP][PASSED] - if (i == 2 &amp;&amp; wildList.indexOf(symbol) != -1): null

2019-08-24 12:44:21 - [TEST_STEP][PASSED] - if (i == 3 &amp;&amp; wildList.indexOf(symbol) != -1): null

2019-08-24 12:44:21 - [TEST_STEP][PASSED] - if (i == 4 &amp;&amp; wildList.indexOf(symbol) != -1): null

2019-08-24 12:44:21 - [TEST_STEP][PASSED] - symbols = symbols: null

2019-08-24 12:44:21 - [TEST_STEP][PASSED] - for ([j = 0, j &lt; symbols.size(), (j++)]): null

2019-08-24 12:44:21 - [TEST_STEP][PASSED] - symbol = symbol: null

2019-08-24 12:44:21 - [TEST_STEP][PASSED] - println(symbol): null

2019-08-24 12:44:21 - [TEST_STEP][PASSED] - if (i == 2 &amp;&amp; wildList.indexOf(symbol) != -1): null

2019-08-24 12:44:21 - [TEST_STEP][PASSED] - if (i == 3 &amp;&amp; wildList.indexOf(symbol) != -1): null

2019-08-24 12:44:21 - [TEST_STEP][PASSED] - if (i == 4 &amp;&amp; wildList.indexOf(symbol) != -1): null

2019-08-24 12:44:21 - [TEST_STEP][PASSED] - symbol = symbol: null

2019-08-24 12:44:21 - [TEST_STEP][PASSED] - println(symbol): null

2019-08-24 12:44:21 - [TEST_STEP][PASSED] - if (i == 2 &amp;&amp; wildList.indexOf(symbol) != -1): null

2019-08-24 12:44:21 - [TEST_STEP][PASSED] - if (i == 3 &amp;&amp; wildList.indexOf(symbol) != -1): null

2019-08-24 12:44:21 - [TEST_STEP][PASSED] - if (i == 4 &amp;&amp; wildList.indexOf(symbol) != -1): null

2019-08-24 12:44:21 - [TEST_STEP][PASSED] - symbol = symbol: null

2019-08-24 12:44:21 - [TEST_STEP][PASSED] - println(symbol): null

2019-08-24 12:44:21 - [TEST_STEP][PASSED] - if (i == 2 &amp;&amp; wildList.indexOf(symbol) != -1): null

2019-08-24 12:44:21 - [TEST_STEP][PASSED] - if (i == 3 &amp;&amp; wildList.indexOf(symbol) != -1): null

2019-08-24 12:44:21 - [TEST_STEP][PASSED] - if (i == 4 &amp;&amp; wildList.indexOf(symbol) != -1): null

2019-08-24 12:44:21 - [TEST_STEP][PASSED] - free_spin_reel_counter = free_spin_reel_counter: null

2019-08-24 12:44:21 - [TEST_STEP][PASSED] - println("reel 3 wild found: " + free_spin_reel_counter[0]): null

2019-08-24 12:44:21 - [TEST_STEP][PASSED] - println("reel 4 wild found: " + free_spin_reel_counter[1]): null

2019-08-24 12:44:21 - [TEST_STEP][PASSED] - println("reel 5 wild found: " + free_spin_reel_counter[2]): null

2019-08-24 12:44:21 - [TEST_STEP][PASSED] - M4_spin_reels = M4_spin_reels: null

2019-08-24 12:44:21 - [TEST_STEP][PASSED] - M4_spin_reels_symbols = symbol: null

2019-08-24 12:44:21 - [TEST_STEP][PASSED] - M4_spin_reels_symbols = M4_spin_reels_symbols: null

2019-08-24 12:44:21 - [TEST_STEP][PASSED] - M4_spin_reel_wins = reel_wins: null

2019-08-24 12:44:21 - [TEST_STEP][PASSED] - M4_spin_reel_wins = M4_spin_reel_wins: null

2019-08-24 12:44:21 - [TEST_STEP][PASSED] - println("GlobalVariable.M4_spin_reel_wins is: " + M4_spin_reel_wins): null

2019-08-24 12:44:21 - [TEST_STEP][PASSED] - M4_spin_total_bonus_win_this_round = total_bonus_win_this_round: null

2019-08-24 12:44:21 - [TEST_STEP][PASSED] - M4_spin_total_bonus_win_this_round = M4_spin_total_bonus_win_this_round: null

2019-08-24 12:44:21 - [TEST_STEP][PASSED] - println("GlobalVariable.M4_spin_total_bonus_win_this_round is: " + M4_spin_total_bonus_win_this_round): null

2019-08-24 12:44:21 - [TEST_STEP][PASSED] - M4_spin_bonus_spin_result = spin_result: null

2019-08-24 12:44:21 - [TEST_STEP][PASSED] - M4_spin_bonus_spin_result = M4_spin_bonus_spin_result: null

2019-08-24 12:44:21 - [MESSAGE][PASSED] - Verify response successfully

2019-08-24 12:44:21 - [MESSAGE][PASSED] - Send request and verify the response successfully

2019-08-24 12:44:21 - [TEST_STEP][PASSED] - if (M4_total_bonus_spins_int != 0 &amp;&amp; M4_spin_reels_symbols[2].contains("WILD_Double") || M4_spin_reels_symbols[4].contains("WILD_Triple")): null

2019-08-24 12:44:21 - [TEST_STEP][PASSED] - free_spin_reel_counter = free_spin_reel_counter: null

2019-08-24 12:44:21 - [TEST_STEP][PASSED] - M4_spin_reels_symbols = M4_spin_reels_symbols: null

2019-08-24 12:44:21 - [TEST_STEP][PASSED] - M4_total_bonus_spins = M4_total_bonus_spins: null

2019-08-24 12:44:21 - [TEST_STEP][PASSED] - spin_result = sendRequestAndVerify(findTestObject("INT/RGS(M4)/1_M4_spin", ["M4_login_user_id":M4_login_user_id, "rgs_session_token":rgs_session_token, "partner":Partner])): Send request and verify the response successfully

2019-08-24 12:44:21 - [MESSAGE][INFO] - HAR: /Users/eiralee/Katalon_Script/SuperWild/Reports/20190824_124242/INT/superWild_4/20190824_124242/requests/main/33.har

2019-08-24 12:44:21 - [TEST_CASE][PASSED] - Start Test Case : Verification: Verification accomplished successfully

2019-08-24 12:44:21 - [TEST_STEP][PASSED] - request = getInstance().getCurrentRequest(): null

2019-08-24 12:44:21 - [TEST_STEP][PASSED] - response = getInstance().getCurrentResponse(): null

2019-08-24 12:44:21 - [TEST_STEP][PASSED] - verifyResponseStatusCode(response, 200): Verify response status code successfully

2019-08-24 12:44:21 - [MESSAGE][PASSED] - Verify response status code successfully

2019-08-24 12:44:21 - [TEST_STEP][PASSED] - getStatusCode()).isEqualTo(200): null

2019-08-24 12:44:21 - [TEST_STEP][PASSED] - newline = System.getProperty("line.separator"): null

2019-08-24 12:44:21 - [TEST_STEP][PASSED] - M4_spin = new groovy.json.JsonSlurper(): null

2019-08-24 12:44:21 - [TEST_STEP][PASSED] - result_M4_spin = M4_spin.parseText(response.getResponseBodyContent()): null

2019-08-24 12:44:21 - [TEST_STEP][PASSED] - M4_spin_current_balance = current_balance: null

2019-08-24 12:44:21 - [TEST_STEP][PASSED] - M4_spin_current_balance = M4_spin_current_balance: null

2019-08-24 12:44:21 - [TEST_STEP][PASSED] - M4_spin_transaction_id = causality: null

2019-08-24 12:44:21 - [TEST_STEP][PASSED] - M4_spin_transaction_id = M4_spin_transaction_id: null

2019-08-24 12:44:21 - [TEST_STEP][PASSED] - M4_spin_round_id = round_id: null

2019-08-24 12:44:21 - [TEST_STEP][PASSED] - M4_spin_round_id = M4_spin_round_id: null

2019-08-24 12:44:21 - [TEST_STEP][PASSED] - M4_spin_line_wins = line_wins: null

2019-08-24 12:44:21 - [TEST_STEP][PASSED] - M4_spin_line_wins = M4_spin_line_wins: null

2019-08-24 12:44:21 - [TEST_STEP][PASSED] - M4_total_bonus_spins_int = total_bonus_spins: null

2019-08-24 12:44:21 - [TEST_STEP][PASSED] - println("******M4_total_bonus_spins type is:*******" + newline + getClass().getName()): null

2019-08-24 12:44:21 - [TEST_STEP][PASSED] - M4_total_bonus_spins_int = M4_total_bonus_spins_int: null

2019-08-24 12:44:21 - [TEST_STEP][PASSED] - M4_total_bonus_spins = Integer.toString(M4_total_bonus_spins_int): null

2019-08-24 12:44:21 - [TEST_STEP][PASSED] - M4_total_bonus_spins = M4_total_bonus_spins: null

2019-08-24 12:44:21 - [TEST_STEP][PASSED] - println("M4_total_bonus_spins is:" + M4_total_bonus_spins): null

2019-08-24 12:44:21 - [TEST_STEP][PASSED] - M4_spin_bonus_data = bonus_data: null

2019-08-24 12:44:21 - [TEST_STEP][PASSED] - M4_spin_features_triggered = result_M4_spin: null

2019-08-24 12:44:21 - [TEST_STEP][PASSED] - wild = []: null

2019-08-24 12:44:21 - [TEST_STEP][PASSED] - wild[0] = "WILD_Expanding": null

2019-08-24 12:44:21 - [TEST_STEP][PASSED] - wild[1] = "WILD_Normal": null

2019-08-24 12:44:21 - [TEST_STEP][PASSED] - wild[2] = "WILD_Double": null

2019-08-24 12:44:21 - [TEST_STEP][PASSED] - wild[3] = "WILD_ExtraFG": null

2019-08-24 12:44:21 - [TEST_STEP][PASSED] - wild[4] = "WILD_Triple": null

2019-08-24 12:44:21 - [TEST_STEP][PASSED] - wildList = Arrays.asList(wild): null

2019-08-24 12:44:21 - [TEST_STEP][PASSED] - wildList = wildList: null

2019-08-24 12:44:21 - [TEST_STEP][PASSED] - free_spin_reel_counter = []: null

2019-08-24 12:44:21 - [TEST_STEP][PASSED] - free_spin_reel_counter[0] = 0: null

2019-08-24 12:44:21 - [TEST_STEP][PASSED] - free_spin_reel_counter[1] = 0: null

2019-08-24 12:44:21 - [TEST_STEP][PASSED] - free_spin_reel_counter[2] = 0: null

2019-08-24 12:44:21 - [TEST_STEP][PASSED] - M4_spin_reels = reels: null

2019-08-24 12:44:21 - [TEST_STEP][PASSED] - for ([i = 0, i &lt; M4_spin_reels.size(), (i++)]): null

2019-08-24 12:44:21 - [TEST_STEP][PASSED] - symbols = symbols: null

2019-08-24 12:44:21 - [TEST_STEP][PASSED] - for ([j = 0, j &lt; symbols.size(), (j++)]): null

2019-08-24 12:44:21 - [TEST_STEP][PASSED] - symbol = symbol: null

2019-08-24 12:44:21 - [TEST_STEP][PASSED] - println(symbol): null

2019-08-24 12:44:21 - [TEST_STEP][PASSED] - if (i == 2 &amp;&amp; wildList.indexOf(symbol) != -1): null

2019-08-24 12:44:21 - [TEST_STEP][PASSED] - if (i == 3 &amp;&amp; wildList.indexOf(symbol) != -1): null

2019-08-24 12:44:21 - [TEST_STEP][PASSED] - if (i == 4 &amp;&amp; wildList.indexOf(symbol) != -1): null

2019-08-24 12:44:21 - [TEST_STEP][PASSED] - symbol = symbol: null

2019-08-24 12:44:21 - [TEST_STEP][PASSED] - println(symbol): null

2019-08-24 12:44:21 - [TEST_STEP][PASSED] - if (i == 2 &amp;&amp; wildList.indexOf(symbol) != -1): null

2019-08-24 12:44:21 - [TEST_STEP][PASSED] - if (i == 3 &amp;&amp; wildList.indexOf(symbol) != -1): null

2019-08-24 12:44:21 - [TEST_STEP][PASSED] - if (i == 4 &amp;&amp; wildList.indexOf(symbol) != -1): null

2019-08-24 12:44:21 - [TEST_STEP][PASSED] - symbol = symbol: null

2019-08-24 12:44:21 - [TEST_STEP][PASSED] - println(symbol): null

2019-08-24 12:44:21 - [TEST_STEP][PASSED] - if (i == 2 &amp;&amp; wildList.indexOf(symbol) != -1): null

2019-08-24 12:44:21 - [TEST_STEP][PASSED] - if (i == 3 &amp;&amp; wildList.indexOf(symbol) != -1): null

2019-08-24 12:44:21 - [TEST_STEP][PASSED] - if (i == 4 &amp;&amp; wildList.indexOf(symbol) != -1): null

2019-08-24 12:44:21 - [TEST_STEP][PASSED] - symbols = symbols: null

2019-08-24 12:44:21 - [TEST_STEP][PASSED] - for ([j = 0, j &lt; symbols.size(), (j++)]): null

2019-08-24 12:44:21 - [TEST_STEP][PASSED] - symbol = symbol: null

2019-08-24 12:44:21 - [TEST_STEP][PASSED] - println(symbol): null

2019-08-24 12:44:21 - [TEST_STEP][PASSED] - if (i == 2 &amp;&amp; wildList.indexOf(symbol) != -1): null

2019-08-24 12:44:21 - [TEST_STEP][PASSED] - if (i == 3 &amp;&amp; wildList.indexOf(symbol) != -1): null

2019-08-24 12:44:21 - [TEST_STEP][PASSED] - if (i == 4 &amp;&amp; wildList.indexOf(symbol) != -1): null

2019-08-24 12:44:21 - [TEST_STEP][PASSED] - symbol = symbol: null

2019-08-24 12:44:21 - [TEST_STEP][PASSED] - println(symbol): null

2019-08-24 12:44:21 - [TEST_STEP][PASSED] - if (i == 2 &amp;&amp; wildList.indexOf(symbol) != -1): null

2019-08-24 12:44:21 - [TEST_STEP][PASSED] - if (i == 3 &amp;&amp; wildList.indexOf(symbol) != -1): null

2019-08-24 12:44:21 - [TEST_STEP][PASSED] - if (i == 4 &amp;&amp; wildList.indexOf(symbol) != -1): null

2019-08-24 12:44:21 - [TEST_STEP][PASSED] - symbol = symbol: null

2019-08-24 12:44:21 - [TEST_STEP][PASSED] - println(symbol): null

2019-08-24 12:44:21 - [TEST_STEP][PASSED] - if (i == 2 &amp;&amp; wildList.indexOf(symbol) != -1): null

2019-08-24 12:44:21 - [TEST_STEP][PASSED] - if (i == 3 &amp;&amp; wildList.indexOf(symbol) != -1): null

2019-08-24 12:44:21 - [TEST_STEP][PASSED] - if (i == 4 &amp;&amp; wildList.indexOf(symbol) != -1): null

2019-08-24 12:44:21 - [TEST_STEP][PASSED] - symbols = symbols: null

2019-08-24 12:44:21 - [TEST_STEP][PASSED] - for ([j = 0, j &lt; symbols.size(), (j++)]): null

2019-08-24 12:44:21 - [TEST_STEP][PASSED] - symbol = symbol: null

2019-08-24 12:44:25 - [TEST_STEP][PASSED] - println(symbol): null

2019-08-24 12:44:25 - [TEST_STEP][PASSED] - if (i == 2 &amp;&amp; wildList.indexOf(symbol) != -1): null

2019-08-24 12:44:25 - [TEST_STEP][PASSED] - if (i == 3 &amp;&amp; wildList.indexOf(symbol) != -1): null

2019-08-24 12:44:25 - [TEST_STEP][PASSED] - if (i == 4 &amp;&amp; wildList.indexOf(symbol) != -1): null

2019-08-24 12:44:25 - [TEST_STEP][PASSED] - symbol = symbol: null

2019-08-24 12:44:25 - [TEST_STEP][PASSED] - println(symbol): null

2019-08-24 12:44:25 - [TEST_STEP][PASSED] - if (i == 2 &amp;&amp; wildList.indexOf(symbol) != -1): null

2019-08-24 12:44:25 - [TEST_STEP][PASSED] - if (i == 3 &amp;&amp; wildList.indexOf(symbol) != -1): null

2019-08-24 12:44:25 - [TEST_STEP][PASSED] - if (i == 4 &amp;&amp; wildList.indexOf(symbol) != -1): null

2019-08-24 12:44:25 - [TEST_STEP][PASSED] - symbol = symbol: null

2019-08-24 12:44:25 - [TEST_STEP][PASSED] - println(symbol): null

2019-08-24 12:44:25 - [TEST_STEP][PASSED] - if (i == 2 &amp;&amp; wildList.indexOf(symbol) != -1): null

2019-08-24 12:44:25 - [TEST_STEP][PASSED] - if (i == 3 &amp;&amp; wildList.indexOf(symbol) != -1): null

2019-08-24 12:44:25 - [TEST_STEP][PASSED] - if (i == 4 &amp;&amp; wildList.indexOf(symbol) != -1): null

2019-08-24 12:44:25 - [TEST_STEP][PASSED] - symbols = symbols: null

2019-08-24 12:44:25 - [TEST_STEP][PASSED] - for ([j = 0, j &lt; symbols.size(), (j++)]): null

2019-08-24 12:44:25 - [TEST_STEP][PASSED] - symbol = symbol: null

2019-08-24 12:44:25 - [TEST_STEP][PASSED] - println(symbol): null

2019-08-24 12:44:25 - [TEST_STEP][PASSED] - if (i == 2 &amp;&amp; wildList.indexOf(symbol) != -1): null

2019-08-24 12:44:25 - [TEST_STEP][PASSED] - if (i == 3 &amp;&amp; wildList.indexOf(symbol) != -1): null

2019-08-24 12:44:25 - [TEST_STEP][PASSED] - if (i == 4 &amp;&amp; wildList.indexOf(symbol) != -1): null

2019-08-24 12:44:25 - [TEST_STEP][PASSED] - symbol = symbol: null

2019-08-24 12:44:25 - [TEST_STEP][PASSED] - println(symbol): null

2019-08-24 12:44:25 - [TEST_STEP][PASSED] - if (i == 2 &amp;&amp; wildList.indexOf(symbol) != -1): null

2019-08-24 12:44:25 - [TEST_STEP][PASSED] - if (i == 3 &amp;&amp; wildList.indexOf(symbol) != -1): null

2019-08-24 12:44:25 - [TEST_STEP][PASSED] - if (i == 4 &amp;&amp; wildList.indexOf(symbol) != -1): null

2019-08-24 12:44:25 - [TEST_STEP][PASSED] - symbol = symbol: null

2019-08-24 12:44:25 - [TEST_STEP][PASSED] - println(symbol): null

2019-08-24 12:44:25 - [TEST_STEP][PASSED] - if (i == 2 &amp;&amp; wildList.indexOf(symbol) != -1): null

2019-08-24 12:44:25 - [TEST_STEP][PASSED] - if (i == 3 &amp;&amp; wildList.indexOf(symbol) != -1): null

2019-08-24 12:44:25 - [TEST_STEP][PASSED] - if (i == 4 &amp;&amp; wildList.indexOf(symbol) != -1): null

2019-08-24 12:44:25 - [TEST_STEP][PASSED] - symbols = symbols: null

2019-08-24 12:44:25 - [TEST_STEP][PASSED] - for ([j = 0, j &lt; symbols.size(), (j++)]): null

2019-08-24 12:44:25 - [TEST_STEP][PASSED] - symbol = symbol: null

2019-08-24 12:44:25 - [TEST_STEP][PASSED] - println(symbol): null

2019-08-24 12:44:25 - [TEST_STEP][PASSED] - if (i == 2 &amp;&amp; wildList.indexOf(symbol) != -1): null

2019-08-24 12:44:25 - [TEST_STEP][PASSED] - if (i == 3 &amp;&amp; wildList.indexOf(symbol) != -1): null

2019-08-24 12:44:25 - [TEST_STEP][PASSED] - if (i == 4 &amp;&amp; wildList.indexOf(symbol) != -1): null

2019-08-24 12:44:25 - [TEST_STEP][PASSED] - symbol = symbol: null

2019-08-24 12:44:25 - [TEST_STEP][PASSED] - println(symbol): null

2019-08-24 12:44:25 - [TEST_STEP][PASSED] - if (i == 2 &amp;&amp; wildList.indexOf(symbol) != -1): null

2019-08-24 12:44:25 - [TEST_STEP][PASSED] - if (i == 3 &amp;&amp; wildList.indexOf(symbol) != -1): null

2019-08-24 12:44:25 - [TEST_STEP][PASSED] - if (i == 4 &amp;&amp; wildList.indexOf(symbol) != -1): null

2019-08-24 12:44:25 - [TEST_STEP][PASSED] - symbol = symbol: null

2019-08-24 12:44:25 - [TEST_STEP][PASSED] - println(symbol): null

2019-08-24 12:44:25 - [TEST_STEP][PASSED] - if (i == 2 &amp;&amp; wildList.indexOf(symbol) != -1): null

2019-08-24 12:44:25 - [TEST_STEP][PASSED] - if (i == 3 &amp;&amp; wildList.indexOf(symbol) != -1): null

2019-08-24 12:44:25 - [TEST_STEP][PASSED] - if (i == 4 &amp;&amp; wildList.indexOf(symbol) != -1): null

2019-08-24 12:44:25 - [TEST_STEP][PASSED] - free_spin_reel_counter = free_spin_reel_counter: null

2019-08-24 12:44:25 - [TEST_STEP][PASSED] - println("reel 3 wild found: " + free_spin_reel_counter[0]): null

2019-08-24 12:44:25 - [TEST_STEP][PASSED] - println("reel 4 wild found: " + free_spin_reel_counter[1]): null

2019-08-24 12:44:25 - [TEST_STEP][PASSED] - println("reel 5 wild found: " + free_spin_reel_counter[2]): null

2019-08-24 12:44:25 - [TEST_STEP][PASSED] - M4_spin_reels = M4_spin_reels: null

2019-08-24 12:44:25 - [TEST_STEP][PASSED] - M4_spin_reels_symbols = symbol: null

2019-08-24 12:44:25 - [TEST_STEP][PASSED] - M4_spin_reels_symbols = M4_spin_reels_symbols: null

2019-08-24 12:44:25 - [TEST_STEP][PASSED] - M4_spin_reel_wins = reel_wins: null

2019-08-24 12:44:25 - [TEST_STEP][PASSED] - M4_spin_reel_wins = M4_spin_reel_wins: null

2019-08-24 12:44:25 - [TEST_STEP][PASSED] - println("GlobalVariable.M4_spin_reel_wins is: " + M4_spin_reel_wins): null

2019-08-24 12:44:25 - [TEST_STEP][PASSED] - M4_spin_total_bonus_win_this_round = total_bonus_win_this_round: null

2019-08-24 12:44:25 - [TEST_STEP][PASSED] - M4_spin_total_bonus_win_this_round = M4_spin_total_bonus_win_this_round: null

2019-08-24 12:44:25 - [TEST_STEP][PASSED] - println("GlobalVariable.M4_spin_total_bonus_win_this_round is: " + M4_spin_total_bonus_win_this_round): null

2019-08-24 12:44:25 - [TEST_STEP][PASSED] - M4_spin_bonus_spin_result = spin_result: null

2019-08-24 12:44:25 - [TEST_STEP][PASSED] - M4_spin_bonus_spin_result = M4_spin_bonus_spin_result: null

2019-08-24 12:44:25 - [MESSAGE][PASSED] - Verify response successfully

2019-08-24 12:44:25 - [MESSAGE][PASSED] - Send request and verify the response successfully

2019-08-24 12:44:25 - [TEST_STEP][PASSED] - if (M4_total_bonus_spins_int != 0 &amp;&amp; M4_spin_reels_symbols[2].contains("WILD_Double") || M4_spin_reels_symbols[4].contains("WILD_Triple")): null

2019-08-24 12:44:25 - [TEST_STEP][PASSED] - free_spin_reel_counter = free_spin_reel_counter: null

2019-08-24 12:44:25 - [TEST_STEP][PASSED] - M4_spin_reels_symbols = M4_spin_reels_symbols: null

2019-08-24 12:44:25 - [TEST_STEP][PASSED] - M4_total_bonus_spins = M4_total_bonus_spins: null

2019-08-24 12:44:25 - [TEST_STEP][PASSED] - spin_result = sendRequestAndVerify(findTestObject("INT/RGS(M4)/1_M4_spin", ["M4_login_user_id":M4_login_user_id, "rgs_session_token":rgs_session_token, "partner":Partner])): Send request and verify the response successfully

2019-08-24 12:44:26 - [MESSAGE][INFO] - HAR: /Users/eiralee/Katalon_Script/SuperWild/Reports/20190824_124242/INT/superWild_4/20190824_124242/requests/main/34.har

2019-08-24 12:44:26 - [TEST_CASE][PASSED] - Start Test Case : Verification: Verification accomplished successfully

2019-08-24 12:44:26 - [TEST_STEP][PASSED] - request = getInstance().getCurrentRequest(): null

2019-08-24 12:44:26 - [TEST_STEP][PASSED] - response = getInstance().getCurrentResponse(): null

2019-08-24 12:44:26 - [TEST_STEP][PASSED] - verifyResponseStatusCode(response, 200): Verify response status code successfully

2019-08-24 12:44:26 - [MESSAGE][PASSED] - Verify response status code successfully

2019-08-24 12:44:26 - [TEST_STEP][PASSED] - getStatusCode()).isEqualTo(200): null

2019-08-24 12:44:26 - [TEST_STEP][PASSED] - newline = System.getProperty("line.separator"): null

2019-08-24 12:44:26 - [TEST_STEP][PASSED] - M4_spin = new groovy.json.JsonSlurper(): null

2019-08-24 12:44:26 - [TEST_STEP][PASSED] - result_M4_spin = M4_spin.parseText(response.getResponseBodyContent()): null

2019-08-24 12:44:26 - [TEST_STEP][PASSED] - M4_spin_current_balance = current_balance: null

2019-08-24 12:44:26 - [TEST_STEP][PASSED] - M4_spin_current_balance = M4_spin_current_balance: null

2019-08-24 12:44:26 - [TEST_STEP][PASSED] - M4_spin_transaction_id = causality: null

2019-08-24 12:44:26 - [TEST_STEP][PASSED] - M4_spin_transaction_id = M4_spin_transaction_id: null

2019-08-24 12:44:26 - [TEST_STEP][PASSED] - M4_spin_round_id = round_id: null

2019-08-24 12:44:26 - [TEST_STEP][PASSED] - M4_spin_round_id = M4_spin_round_id: null

2019-08-24 12:44:26 - [TEST_STEP][PASSED] - M4_spin_line_wins = line_wins: null

2019-08-24 12:44:26 - [TEST_STEP][PASSED] - M4_spin_line_wins = M4_spin_line_wins: null

2019-08-24 12:44:26 - [TEST_STEP][PASSED] - M4_total_bonus_spins_int = total_bonus_spins: null

2019-08-24 12:44:26 - [TEST_STEP][PASSED] - println("******M4_total_bonus_spins type is:*******" + newline + getClass().getName()): null

2019-08-24 12:44:26 - [TEST_STEP][PASSED] - M4_total_bonus_spins_int = M4_total_bonus_spins_int: null

2019-08-24 12:44:26 - [TEST_STEP][PASSED] - M4_total_bonus_spins = Integer.toString(M4_total_bonus_spins_int): null

2019-08-24 12:44:26 - [TEST_STEP][PASSED] - M4_total_bonus_spins = M4_total_bonus_spins: null

2019-08-24 12:44:26 - [TEST_STEP][PASSED] - println("M4_total_bonus_spins is:" + M4_total_bonus_spins): null

2019-08-24 12:44:26 - [TEST_STEP][PASSED] - M4_spin_bonus_data = bonus_data: null

2019-08-24 12:44:26 - [TEST_STEP][PASSED] - M4_spin_features_triggered = result_M4_spin: null

2019-08-24 12:44:26 - [TEST_STEP][PASSED] - wild = []: null

2019-08-24 12:44:26 - [TEST_STEP][PASSED] - wild[0] = "WILD_Expanding": null

2019-08-24 12:44:26 - [TEST_STEP][PASSED] - wild[1] = "WILD_Normal": null

2019-08-24 12:44:26 - [TEST_STEP][PASSED] - wild[2] = "WILD_Double": null

2019-08-24 12:44:26 - [TEST_STEP][PASSED] - wild[3] = "WILD_ExtraFG": null

2019-08-24 12:44:26 - [TEST_STEP][PASSED] - wild[4] = "WILD_Triple": null

2019-08-24 12:44:26 - [TEST_STEP][PASSED] - wildList = Arrays.asList(wild): null

2019-08-24 12:44:26 - [TEST_STEP][PASSED] - wildList = wildList: null

2019-08-24 12:44:26 - [TEST_STEP][PASSED] - free_spin_reel_counter = []: null

2019-08-24 12:44:26 - [TEST_STEP][PASSED] - free_spin_reel_counter[0] = 0: null

2019-08-24 12:44:26 - [TEST_STEP][PASSED] - free_spin_reel_counter[1] = 0: null

2019-08-24 12:44:26 - [TEST_STEP][PASSED] - free_spin_reel_counter[2] = 0: null

2019-08-24 12:44:26 - [TEST_STEP][PASSED] - M4_spin_reels = reels: null

2019-08-24 12:44:26 - [TEST_STEP][PASSED] - for ([i = 0, i &lt; M4_spin_reels.size(), (i++)]): null

2019-08-24 12:44:26 - [TEST_STEP][PASSED] - symbols = symbols: null

2019-08-24 12:44:26 - [TEST_STEP][PASSED] - for ([j = 0, j &lt; symbols.size(), (j++)]): null

2019-08-24 12:44:26 - [TEST_STEP][PASSED] - symbol = symbol: null

2019-08-24 12:44:26 - [TEST_STEP][PASSED] - println(symbol): null

2019-08-24 12:44:26 - [TEST_STEP][PASSED] - if (i == 2 &amp;&amp; wildList.indexOf(symbol) != -1): null

2019-08-24 12:44:26 - [TEST_STEP][PASSED] - if (i == 3 &amp;&amp; wildList.indexOf(symbol) != -1): null

2019-08-24 12:44:26 - [TEST_STEP][PASSED] - if (i == 4 &amp;&amp; wildList.indexOf(symbol) != -1): null

2019-08-24 12:44:26 - [TEST_STEP][PASSED] - symbol = symbol: null

2019-08-24 12:44:26 - [TEST_STEP][PASSED] - println(symbol): null

2019-08-24 12:44:26 - [TEST_STEP][PASSED] - if (i == 2 &amp;&amp; wildList.indexOf(symbol) != -1): null

2019-08-24 12:44:26 - [TEST_STEP][PASSED] - if (i == 3 &amp;&amp; wildList.indexOf(symbol) != -1): null

2019-08-24 12:44:26 - [TEST_STEP][PASSED] - if (i == 4 &amp;&amp; wildList.indexOf(symbol) != -1): null

2019-08-24 12:44:26 - [TEST_STEP][PASSED] - symbol = symbol: null

2019-08-24 12:44:26 - [TEST_STEP][PASSED] - println(symbol): null

2019-08-24 12:44:26 - [TEST_STEP][PASSED] - if (i == 2 &amp;&amp; wildList.indexOf(symbol) != -1): null

2019-08-24 12:44:26 - [TEST_STEP][PASSED] - if (i == 3 &amp;&amp; wildList.indexOf(symbol) != -1): null

2019-08-24 12:44:26 - [TEST_STEP][PASSED] - if (i == 4 &amp;&amp; wildList.indexOf(symbol) != -1): null

2019-08-24 12:44:26 - [TEST_STEP][PASSED] - symbols = symbols: null

2019-08-24 12:44:26 - [TEST_STEP][PASSED] - for ([j = 0, j &lt; symbols.size(), (j++)]): null

2019-08-24 12:44:26 - [TEST_STEP][PASSED] - symbol = symbol: null

2019-08-24 12:44:26 - [TEST_STEP][PASSED] - println(symbol): null

2019-08-24 12:44:26 - [TEST_STEP][PASSED] - if (i == 2 &amp;&amp; wildList.indexOf(symbol) != -1): null

2019-08-24 12:44:26 - [TEST_STEP][PASSED] - if (i == 3 &amp;&amp; wildList.indexOf(symbol) != -1): null

2019-08-24 12:44:26 - [TEST_STEP][PASSED] - if (i == 4 &amp;&amp; wildList.indexOf(symbol) != -1): null

2019-08-24 12:44:26 - [TEST_STEP][PASSED] - symbol = symbol: null

2019-08-24 12:44:26 - [TEST_STEP][PASSED] - println(symbol): null

2019-08-24 12:44:26 - [TEST_STEP][PASSED] - if (i == 2 &amp;&amp; wildList.indexOf(symbol) != -1): null

2019-08-24 12:44:26 - [TEST_STEP][PASSED] - if (i == 3 &amp;&amp; wildList.indexOf(symbol) != -1): null

2019-08-24 12:44:26 - [TEST_STEP][PASSED] - if (i == 4 &amp;&amp; wildList.indexOf(symbol) != -1): null

2019-08-24 12:44:26 - [TEST_STEP][PASSED] - symbol = symbol: null

2019-08-24 12:44:26 - [TEST_STEP][PASSED] - println(symbol): null

2019-08-24 12:44:26 - [TEST_STEP][PASSED] - if (i == 2 &amp;&amp; wildList.indexOf(symbol) != -1): null

2019-08-24 12:44:26 - [TEST_STEP][PASSED] - if (i == 3 &amp;&amp; wildList.indexOf(symbol) != -1): null

2019-08-24 12:44:26 - [TEST_STEP][PASSED] - if (i == 4 &amp;&amp; wildList.indexOf(symbol) != -1): null

2019-08-24 12:44:26 - [TEST_STEP][PASSED] - symbols = symbols: null

2019-08-24 12:44:26 - [TEST_STEP][PASSED] - for ([j = 0, j &lt; symbols.size(), (j++)]): null

2019-08-24 12:44:26 - [TEST_STEP][PASSED] - symbol = symbol: null

2019-08-24 12:44:26 - [TEST_STEP][PASSED] - println(symbol): null

2019-08-24 12:44:26 - [TEST_STEP][PASSED] - if (i == 2 &amp;&amp; wildList.indexOf(symbol) != -1): null

2019-08-24 12:44:26 - [TEST_STEP][PASSED] - if (i == 3 &amp;&amp; wildList.indexOf(symbol) != -1): null

2019-08-24 12:44:26 - [TEST_STEP][PASSED] - if (i == 4 &amp;&amp; wildList.indexOf(symbol) != -1): null

2019-08-24 12:44:26 - [TEST_STEP][PASSED] - symbol = symbol: null

2019-08-24 12:44:26 - [TEST_STEP][PASSED] - println(symbol): null

2019-08-24 12:44:26 - [TEST_STEP][PASSED] - if (i == 2 &amp;&amp; wildList.indexOf(symbol) != -1): null

2019-08-24 12:44:26 - [TEST_STEP][PASSED] - if (i == 3 &amp;&amp; wildList.indexOf(symbol) != -1): null

2019-08-24 12:44:26 - [TEST_STEP][PASSED] - if (i == 4 &amp;&amp; wildList.indexOf(symbol) != -1): null

2019-08-24 12:44:26 - [TEST_STEP][PASSED] - symbol = symbol: null

2019-08-24 12:44:26 - [TEST_STEP][PASSED] - println(symbol): null

2019-08-24 12:44:26 - [TEST_STEP][PASSED] - if (i == 2 &amp;&amp; wildList.indexOf(symbol) != -1): null

2019-08-24 12:44:26 - [TEST_STEP][PASSED] - if (i == 3 &amp;&amp; wildList.indexOf(symbol) != -1): null

2019-08-24 12:44:26 - [TEST_STEP][PASSED] - if (i == 4 &amp;&amp; wildList.indexOf(symbol) != -1): null

2019-08-24 12:44:26 - [TEST_STEP][PASSED] - symbols = symbols: null

2019-08-24 12:44:26 - [TEST_STEP][PASSED] - for ([j = 0, j &lt; symbols.size(), (j++)]): null

2019-08-24 12:44:26 - [TEST_STEP][PASSED] - symbol = symbol: null

2019-08-24 12:44:26 - [TEST_STEP][PASSED] - println(symbol): null

2019-08-24 12:44:26 - [TEST_STEP][PASSED] - if (i == 2 &amp;&amp; wildList.indexOf(symbol) != -1): null

2019-08-24 12:44:26 - [TEST_STEP][PASSED] - if (i == 3 &amp;&amp; wildList.indexOf(symbol) != -1): null

2019-08-24 12:44:26 - [TEST_STEP][PASSED] - println("wild found on reel 4, adding counter by 1"): null

2019-08-24 12:44:26 - [TEST_STEP][PASSED] - free_spin_reel_counter[1] = free_spin_reel_counter[1] + 1: null

2019-08-24 12:44:26 - [TEST_STEP][PASSED] - if (i == 4 &amp;&amp; wildList.indexOf(symbol) != -1): null

2019-08-24 12:44:26 - [TEST_STEP][PASSED] - symbol = symbol: null

2019-08-24 12:44:26 - [TEST_STEP][PASSED] - println(symbol): null

2019-08-24 12:44:26 - [TEST_STEP][PASSED] - if (i == 2 &amp;&amp; wildList.indexOf(symbol) != -1): null

2019-08-24 12:44:26 - [TEST_STEP][PASSED] - if (i == 3 &amp;&amp; wildList.indexOf(symbol) != -1): null

2019-08-24 12:44:26 - [TEST_STEP][PASSED] - if (i == 4 &amp;&amp; wildList.indexOf(symbol) != -1): null

2019-08-24 12:44:26 - [TEST_STEP][PASSED] - symbol = symbol: null

2019-08-24 12:44:26 - [TEST_STEP][PASSED] - println(symbol): null

2019-08-24 12:44:26 - [TEST_STEP][PASSED] - if (i == 2 &amp;&amp; wildList.indexOf(symbol) != -1): null

2019-08-24 12:44:26 - [TEST_STEP][PASSED] - if (i == 3 &amp;&amp; wildList.indexOf(symbol) != -1): null

2019-08-24 12:44:26 - [TEST_STEP][PASSED] - if (i == 4 &amp;&amp; wildList.indexOf(symbol) != -1): null

2019-08-24 12:44:26 - [TEST_STEP][PASSED] - symbols = symbols: null

2019-08-24 12:44:26 - [TEST_STEP][PASSED] - for ([j = 0, j &lt; symbols.size(), (j++)]): null

2019-08-24 12:44:26 - [TEST_STEP][PASSED] - symbol = symbol: null

2019-08-24 12:44:26 - [TEST_STEP][PASSED] - println(symbol): null

2019-08-24 12:44:26 - [TEST_STEP][PASSED] - if (i == 2 &amp;&amp; wildList.indexOf(symbol) != -1): null

2019-08-24 12:44:26 - [TEST_STEP][PASSED] - if (i == 3 &amp;&amp; wildList.indexOf(symbol) != -1): null

2019-08-24 12:44:26 - [TEST_STEP][PASSED] - if (i == 4 &amp;&amp; wildList.indexOf(symbol) != -1): null

2019-08-24 12:44:26 - [TEST_STEP][PASSED] - symbol = symbol: null

2019-08-24 12:44:26 - [TEST_STEP][PASSED] - println(symbol): null

2019-08-24 12:44:26 - [TEST_STEP][PASSED] - if (i == 2 &amp;&amp; wildList.indexOf(symbol) != -1): null

2019-08-24 12:44:26 - [TEST_STEP][PASSED] - if (i == 3 &amp;&amp; wildList.indexOf(symbol) != -1): null

2019-08-24 12:44:26 - [TEST_STEP][PASSED] - if (i == 4 &amp;&amp; wildList.indexOf(symbol) != -1): null

2019-08-24 12:44:26 - [TEST_STEP][PASSED] - symbol = symbol: null

2019-08-24 12:44:26 - [TEST_STEP][PASSED] - println(symbol): null

2019-08-24 12:44:26 - [TEST_STEP][PASSED] - if (i == 2 &amp;&amp; wildList.indexOf(symbol) != -1): null

2019-08-24 12:44:26 - [TEST_STEP][PASSED] - if (i == 3 &amp;&amp; wildList.indexOf(symbol) != -1): null

2019-08-24 12:44:26 - [TEST_STEP][PASSED] - if (i == 4 &amp;&amp; wildList.indexOf(symbol) != -1): null

2019-08-24 12:44:26 - [TEST_STEP][PASSED] - free_spin_reel_counter = free_spin_reel_counter: null

2019-08-24 12:44:26 - [TEST_STEP][PASSED] - println("reel 3 wild found: " + free_spin_reel_counter[0]): null

2019-08-24 12:44:26 - [TEST_STEP][PASSED] - println("reel 4 wild found: " + free_spin_reel_counter[1]): null

2019-08-24 12:44:26 - [TEST_STEP][PASSED] - println("reel 5 wild found: " + free_spin_reel_counter[2]): null

2019-08-24 12:44:26 - [TEST_STEP][PASSED] - M4_spin_reels = M4_spin_reels: null

2019-08-24 12:44:26 - [TEST_STEP][PASSED] - M4_spin_reels_symbols = symbol: null

2019-08-24 12:44:26 - [TEST_STEP][PASSED] - M4_spin_reels_symbols = M4_spin_reels_symbols: null

2019-08-24 12:44:26 - [TEST_STEP][PASSED] - M4_spin_reel_wins = reel_wins: null

2019-08-24 12:44:26 - [TEST_STEP][PASSED] - M4_spin_reel_wins = M4_spin_reel_wins: null

2019-08-24 12:44:26 - [TEST_STEP][PASSED] - println("GlobalVariable.M4_spin_reel_wins is: " + M4_spin_reel_wins): null

2019-08-24 12:44:26 - [TEST_STEP][PASSED] - M4_spin_total_bonus_win_this_round = total_bonus_win_this_round: null

2019-08-24 12:44:26 - [TEST_STEP][PASSED] - M4_spin_total_bonus_win_this_round = M4_spin_total_bonus_win_this_round: null

2019-08-24 12:44:26 - [TEST_STEP][PASSED] - println("GlobalVariable.M4_spin_total_bonus_win_this_round is: " + M4_spin_total_bonus_win_this_round): null

2019-08-24 12:44:26 - [TEST_STEP][PASSED] - M4_spin_bonus_spin_result = spin_result: null

2019-08-24 12:44:26 - [TEST_STEP][PASSED] - M4_spin_bonus_spin_result = M4_spin_bonus_spin_result: null

2019-08-24 12:44:26 - [MESSAGE][PASSED] - Verify response successfully

2019-08-24 12:44:26 - [MESSAGE][PASSED] - Send request and verify the response successfully

2019-08-24 12:44:26 - [TEST_STEP][PASSED] - if (M4_total_bonus_spins_int != 0 &amp;&amp; M4_spin_reels_symbols[2].contains("WILD_Double") || M4_spin_reels_symbols[4].contains("WILD_Triple")): null

2019-08-24 12:44:26 - [TEST_STEP][PASSED] - free_spin_reel_counter = free_spin_reel_counter: null

2019-08-24 12:44:26 - [TEST_STEP][PASSED] - M4_spin_reels_symbols = M4_spin_reels_symbols: null

2019-08-24 12:44:26 - [TEST_STEP][PASSED] - M4_total_bonus_spins = M4_total_bonus_spins: null

2019-08-24 12:44:26 - [TEST_STEP][PASSED] - spin_result = sendRequestAndVerify(findTestObject("INT/RGS(M4)/1_M4_spin", ["M4_login_user_id":M4_login_user_id, "rgs_session_token":rgs_session_token, "partner":Partner])): Send request and verify the response successfully

2019-08-24 12:44:27 - [MESSAGE][INFO] - HAR: /Users/eiralee/Katalon_Script/SuperWild/Reports/20190824_124242/INT/superWild_4/20190824_124242/requests/main/35.har

2019-08-24 12:44:27 - [TEST_CASE][PASSED] - Start Test Case : Verification: Verification accomplished successfully

2019-08-24 12:44:27 - [TEST_STEP][PASSED] - request = getInstance().getCurrentRequest(): null

2019-08-24 12:44:27 - [TEST_STEP][PASSED] - response = getInstance().getCurrentResponse(): null

2019-08-24 12:44:27 - [TEST_STEP][PASSED] - verifyResponseStatusCode(response, 200): Verify response status code successfully

2019-08-24 12:44:27 - [MESSAGE][PASSED] - Verify response status code successfully

2019-08-24 12:44:27 - [TEST_STEP][PASSED] - getStatusCode()).isEqualTo(200): null

2019-08-24 12:44:27 - [TEST_STEP][PASSED] - newline = System.getProperty("line.separator"): null

2019-08-24 12:44:27 - [TEST_STEP][PASSED] - M4_spin = new groovy.json.JsonSlurper(): null

2019-08-24 12:44:27 - [TEST_STEP][PASSED] - result_M4_spin = M4_spin.parseText(response.getResponseBodyContent()): null

2019-08-24 12:44:27 - [TEST_STEP][PASSED] - M4_spin_current_balance = current_balance: null

2019-08-24 12:44:27 - [TEST_STEP][PASSED] - M4_spin_current_balance = M4_spin_current_balance: null

2019-08-24 12:44:27 - [TEST_STEP][PASSED] - M4_spin_transaction_id = causality: null

2019-08-24 12:44:27 - [TEST_STEP][PASSED] - M4_spin_transaction_id = M4_spin_transaction_id: null

2019-08-24 12:44:27 - [TEST_STEP][PASSED] - M4_spin_round_id = round_id: null

2019-08-24 12:44:27 - [TEST_STEP][PASSED] - M4_spin_round_id = M4_spin_round_id: null

2019-08-24 12:44:27 - [TEST_STEP][PASSED] - M4_spin_line_wins = line_wins: null

2019-08-24 12:44:27 - [TEST_STEP][PASSED] - M4_spin_line_wins = M4_spin_line_wins: null

2019-08-24 12:44:27 - [TEST_STEP][PASSED] - M4_total_bonus_spins_int = total_bonus_spins: null

2019-08-24 12:44:27 - [TEST_STEP][PASSED] - println("******M4_total_bonus_spins type is:*******" + newline + getClass().getName()): null

2019-08-24 12:44:27 - [TEST_STEP][PASSED] - M4_total_bonus_spins_int = M4_total_bonus_spins_int: null

2019-08-24 12:44:27 - [TEST_STEP][PASSED] - M4_total_bonus_spins = Integer.toString(M4_total_bonus_spins_int): null

2019-08-24 12:44:27 - [TEST_STEP][PASSED] - M4_total_bonus_spins = M4_total_bonus_spins: null

2019-08-24 12:44:27 - [TEST_STEP][PASSED] - println("M4_total_bonus_spins is:" + M4_total_bonus_spins): null

2019-08-24 12:44:27 - [TEST_STEP][PASSED] - M4_spin_bonus_data = bonus_data: null

2019-08-24 12:44:27 - [TEST_STEP][PASSED] - M4_spin_features_triggered = result_M4_spin: null

2019-08-24 12:44:27 - [TEST_STEP][PASSED] - wild = []: null

2019-08-24 12:44:27 - [TEST_STEP][PASSED] - wild[0] = "WILD_Expanding": null

2019-08-24 12:44:27 - [TEST_STEP][PASSED] - wild[1] = "WILD_Normal": null

2019-08-24 12:44:27 - [TEST_STEP][PASSED] - wild[2] = "WILD_Double": null

2019-08-24 12:44:27 - [TEST_STEP][PASSED] - wild[3] = "WILD_ExtraFG": null

2019-08-24 12:44:27 - [TEST_STEP][PASSED] - wild[4] = "WILD_Triple": null

2019-08-24 12:44:27 - [TEST_STEP][PASSED] - wildList = Arrays.asList(wild): null

2019-08-24 12:44:27 - [TEST_STEP][PASSED] - wildList = wildList: null

2019-08-24 12:44:27 - [TEST_STEP][PASSED] - free_spin_reel_counter = []: null

2019-08-24 12:44:27 - [TEST_STEP][PASSED] - free_spin_reel_counter[0] = 0: null

2019-08-24 12:44:27 - [TEST_STEP][PASSED] - free_spin_reel_counter[1] = 0: null

2019-08-24 12:44:27 - [TEST_STEP][PASSED] - free_spin_reel_counter[2] = 0: null

2019-08-24 12:44:27 - [TEST_STEP][PASSED] - M4_spin_reels = reels: null

2019-08-24 12:44:27 - [TEST_STEP][PASSED] - for ([i = 0, i &lt; M4_spin_reels.size(), (i++)]): null

2019-08-24 12:44:27 - [TEST_STEP][PASSED] - symbols = symbols: null

2019-08-24 12:44:27 - [TEST_STEP][PASSED] - for ([j = 0, j &lt; symbols.size(), (j++)]): null

2019-08-24 12:44:27 - [TEST_STEP][PASSED] - symbol = symbol: null

2019-08-24 12:44:27 - [TEST_STEP][PASSED] - println(symbol): null

2019-08-24 12:44:27 - [TEST_STEP][PASSED] - if (i == 2 &amp;&amp; wildList.indexOf(symbol) != -1): null

2019-08-24 12:44:27 - [TEST_STEP][PASSED] - if (i == 3 &amp;&amp; wildList.indexOf(symbol) != -1): null

2019-08-24 12:44:27 - [TEST_STEP][PASSED] - if (i == 4 &amp;&amp; wildList.indexOf(symbol) != -1): null

2019-08-24 12:44:27 - [TEST_STEP][PASSED] - symbol = symbol: null

2019-08-24 12:44:27 - [TEST_STEP][PASSED] - println(symbol): null

2019-08-24 12:44:27 - [TEST_STEP][PASSED] - if (i == 2 &amp;&amp; wildList.indexOf(symbol) != -1): null

2019-08-24 12:44:27 - [TEST_STEP][PASSED] - if (i == 3 &amp;&amp; wildList.indexOf(symbol) != -1): null

2019-08-24 12:44:27 - [TEST_STEP][PASSED] - if (i == 4 &amp;&amp; wildList.indexOf(symbol) != -1): null

2019-08-24 12:44:27 - [TEST_STEP][PASSED] - symbol = symbol: null

2019-08-24 12:44:27 - [TEST_STEP][PASSED] - println(symbol): null

2019-08-24 12:44:27 - [TEST_STEP][PASSED] - if (i == 2 &amp;&amp; wildList.indexOf(symbol) != -1): null

2019-08-24 12:44:27 - [TEST_STEP][PASSED] - if (i == 3 &amp;&amp; wildList.indexOf(symbol) != -1): null

2019-08-24 12:44:27 - [TEST_STEP][PASSED] - if (i == 4 &amp;&amp; wildList.indexOf(symbol) != -1): null

2019-08-24 12:44:27 - [TEST_STEP][PASSED] - symbols = symbols: null

2019-08-24 12:44:27 - [TEST_STEP][PASSED] - for ([j = 0, j &lt; symbols.size(), (j++)]): null

2019-08-24 12:44:27 - [TEST_STEP][PASSED] - symbol = symbol: null

2019-08-24 12:44:27 - [TEST_STEP][PASSED] - println(symbol): null

2019-08-24 12:44:27 - [TEST_STEP][PASSED] - if (i == 2 &amp;&amp; wildList.indexOf(symbol) != -1): null

2019-08-24 12:44:27 - [TEST_STEP][PASSED] - if (i == 3 &amp;&amp; wildList.indexOf(symbol) != -1): null

2019-08-24 12:44:27 - [TEST_STEP][PASSED] - if (i == 4 &amp;&amp; wildList.indexOf(symbol) != -1): null

2019-08-24 12:44:27 - [TEST_STEP][PASSED] - symbol = symbol: null

2019-08-24 12:44:27 - [TEST_STEP][PASSED] - println(symbol): null

2019-08-24 12:44:27 - [TEST_STEP][PASSED] - if (i == 2 &amp;&amp; wildList.indexOf(symbol) != -1): null

2019-08-24 12:44:27 - [TEST_STEP][PASSED] - if (i == 3 &amp;&amp; wildList.indexOf(symbol) != -1): null

2019-08-24 12:44:27 - [TEST_STEP][PASSED] - if (i == 4 &amp;&amp; wildList.indexOf(symbol) != -1): null

2019-08-24 12:44:27 - [TEST_STEP][PASSED] - symbol = symbol: null

2019-08-24 12:44:27 - [TEST_STEP][PASSED] - println(symbol): null

2019-08-24 12:44:27 - [TEST_STEP][PASSED] - if (i == 2 &amp;&amp; wildList.indexOf(symbol) != -1): null

2019-08-24 12:44:27 - [TEST_STEP][PASSED] - if (i == 3 &amp;&amp; wildList.indexOf(symbol) != -1): null

2019-08-24 12:44:27 - [TEST_STEP][PASSED] - if (i == 4 &amp;&amp; wildList.indexOf(symbol) != -1): null

2019-08-24 12:44:27 - [TEST_STEP][PASSED] - symbols = symbols: null

2019-08-24 12:44:27 - [TEST_STEP][PASSED] - for ([j = 0, j &lt; symbols.size(), (j++)]): null

2019-08-24 12:44:27 - [TEST_STEP][PASSED] - symbol = symbol: null

2019-08-24 12:44:27 - [TEST_STEP][PASSED] - println(symbol): null

2019-08-24 12:44:27 - [TEST_STEP][PASSED] - if (i == 2 &amp;&amp; wildList.indexOf(symbol) != -1): null

2019-08-24 12:44:27 - [TEST_STEP][PASSED] - if (i == 3 &amp;&amp; wildList.indexOf(symbol) != -1): null

2019-08-24 12:44:27 - [TEST_STEP][PASSED] - if (i == 4 &amp;&amp; wildList.indexOf(symbol) != -1): null

2019-08-24 12:44:27 - [TEST_STEP][PASSED] - symbol = symbol: null

2019-08-24 12:44:27 - [TEST_STEP][PASSED] - println(symbol): null

2019-08-24 12:44:27 - [TEST_STEP][PASSED] - if (i == 2 &amp;&amp; wildList.indexOf(symbol) != -1): null

2019-08-24 12:44:27 - [TEST_STEP][PASSED] - if (i == 3 &amp;&amp; wildList.indexOf(symbol) != -1): null

2019-08-24 12:44:27 - [TEST_STEP][PASSED] - if (i == 4 &amp;&amp; wildList.indexOf(symbol) != -1): null

2019-08-24 12:44:27 - [TEST_STEP][PASSED] - symbol = symbol: null

2019-08-24 12:44:27 - [TEST_STEP][PASSED] - println(symbol): null

2019-08-24 12:44:27 - [TEST_STEP][PASSED] - if (i == 2 &amp;&amp; wildList.indexOf(symbol) != -1): null

2019-08-24 12:44:27 - [TEST_STEP][PASSED] - if (i == 3 &amp;&amp; wildList.indexOf(symbol) != -1): null

2019-08-24 12:44:27 - [TEST_STEP][PASSED] - if (i == 4 &amp;&amp; wildList.indexOf(symbol) != -1): null

2019-08-24 12:44:27 - [TEST_STEP][PASSED] - symbols = symbols: null

2019-08-24 12:44:27 - [TEST_STEP][PASSED] - for ([j = 0, j &lt; symbols.size(), (j++)]): null

2019-08-24 12:44:27 - [TEST_STEP][PASSED] - symbol = symbol: null

2019-08-24 12:44:27 - [TEST_STEP][PASSED] - println(symbol): null

2019-08-24 12:44:27 - [TEST_STEP][PASSED] - if (i == 2 &amp;&amp; wildList.indexOf(symbol) != -1): null

2019-08-24 12:44:27 - [TEST_STEP][PASSED] - if (i == 3 &amp;&amp; wildList.indexOf(symbol) != -1): null

2019-08-24 12:44:27 - [TEST_STEP][PASSED] - if (i == 4 &amp;&amp; wildList.indexOf(symbol) != -1): null

2019-08-24 12:44:27 - [TEST_STEP][PASSED] - symbol = symbol: null

2019-08-24 12:44:27 - [TEST_STEP][PASSED] - println(symbol): null

2019-08-24 12:44:27 - [TEST_STEP][PASSED] - if (i == 2 &amp;&amp; wildList.indexOf(symbol) != -1): null

2019-08-24 12:44:27 - [TEST_STEP][PASSED] - if (i == 3 &amp;&amp; wildList.indexOf(symbol) != -1): null

2019-08-24 12:44:27 - [TEST_STEP][PASSED] - if (i == 4 &amp;&amp; wildList.indexOf(symbol) != -1): null

2019-08-24 12:44:27 - [TEST_STEP][PASSED] - symbol = symbol: null

2019-08-24 12:44:27 - [TEST_STEP][PASSED] - println(symbol): null

2019-08-24 12:44:31 - [TEST_STEP][PASSED] - if (i == 2 &amp;&amp; wildList.indexOf(symbol) != -1): null

2019-08-24 12:44:31 - [TEST_STEP][PASSED] - if (i == 3 &amp;&amp; wildList.indexOf(symbol) != -1): null

2019-08-24 12:44:31 - [TEST_STEP][PASSED] - println("wild found on reel 4, adding counter by 1"): null

2019-08-24 12:44:31 - [TEST_STEP][PASSED] - free_spin_reel_counter[1] = free_spin_reel_counter[1] + 1: null

2019-08-24 12:44:31 - [TEST_STEP][PASSED] - if (i == 4 &amp;&amp; wildList.indexOf(symbol) != -1): null

2019-08-24 12:44:31 - [TEST_STEP][PASSED] - symbols = symbols: null

2019-08-24 12:44:31 - [TEST_STEP][PASSED] - for ([j = 0, j &lt; symbols.size(), (j++)]): null

2019-08-24 12:44:31 - [TEST_STEP][PASSED] - symbol = symbol: null

2019-08-24 12:44:31 - [TEST_STEP][PASSED] - println(symbol): null

2019-08-24 12:44:31 - [TEST_STEP][PASSED] - if (i == 2 &amp;&amp; wildList.indexOf(symbol) != -1): null

2019-08-24 12:44:33 - [TEST_STEP][PASSED] - if (i == 3 &amp;&amp; wildList.indexOf(symbol) != -1): null

2019-08-24 12:44:33 - [TEST_STEP][PASSED] - if (i == 4 &amp;&amp; wildList.indexOf(symbol) != -1): null

2019-08-24 12:44:33 - [TEST_STEP][PASSED] - symbol = symbol: null

2019-08-24 12:44:33 - [TEST_STEP][PASSED] - println(symbol): null

2019-08-24 12:44:33 - [TEST_STEP][PASSED] - if (i == 2 &amp;&amp; wildList.indexOf(symbol) != -1): null

2019-08-24 12:44:33 - [TEST_STEP][PASSED] - if (i == 3 &amp;&amp; wildList.indexOf(symbol) != -1): null

2019-08-24 12:44:33 - [TEST_STEP][PASSED] - if (i == 4 &amp;&amp; wildList.indexOf(symbol) != -1): null

2019-08-24 12:44:33 - [TEST_STEP][PASSED] - symbol = symbol: null

2019-08-24 12:44:33 - [TEST_STEP][PASSED] - println(symbol): null

2019-08-24 12:44:33 - [TEST_STEP][PASSED] - if (i == 2 &amp;&amp; wildList.indexOf(symbol) != -1): null

2019-08-24 12:44:33 - [TEST_STEP][PASSED] - if (i == 3 &amp;&amp; wildList.indexOf(symbol) != -1): null

2019-08-24 12:44:33 - [TEST_STEP][PASSED] - if (i == 4 &amp;&amp; wildList.indexOf(symbol) != -1): null

2019-08-24 12:44:33 - [TEST_STEP][PASSED] - free_spin_reel_counter = free_spin_reel_counter: null

2019-08-24 12:44:33 - [TEST_STEP][PASSED] - println("reel 3 wild found: " + free_spin_reel_counter[0]): null

2019-08-24 12:44:33 - [TEST_STEP][PASSED] - println("reel 4 wild found: " + free_spin_reel_counter[1]): null

2019-08-24 12:44:33 - [TEST_STEP][PASSED] - println("reel 5 wild found: " + free_spin_reel_counter[2]): null

2019-08-24 12:44:33 - [TEST_STEP][PASSED] - M4_spin_reels = M4_spin_reels: null

2019-08-24 12:44:33 - [TEST_STEP][PASSED] - M4_spin_reels_symbols = symbol: null

2019-08-24 12:44:33 - [TEST_STEP][PASSED] - M4_spin_reels_symbols = M4_spin_reels_symbols: null

2019-08-24 12:44:33 - [TEST_STEP][PASSED] - M4_spin_reel_wins = reel_wins: null

2019-08-24 12:44:33 - [TEST_STEP][PASSED] - M4_spin_reel_wins = M4_spin_reel_wins: null

2019-08-24 12:44:33 - [TEST_STEP][PASSED] - println("GlobalVariable.M4_spin_reel_wins is: " + M4_spin_reel_wins): null

2019-08-24 12:44:33 - [TEST_STEP][PASSED] - M4_spin_total_bonus_win_this_round = total_bonus_win_this_round: null

2019-08-24 12:44:33 - [TEST_STEP][PASSED] - M4_spin_total_bonus_win_this_round = M4_spin_total_bonus_win_this_round: null

2019-08-24 12:44:33 - [TEST_STEP][PASSED] - println("GlobalVariable.M4_spin_total_bonus_win_this_round is: " + M4_spin_total_bonus_win_this_round): null

2019-08-24 12:44:33 - [TEST_STEP][PASSED] - M4_spin_bonus_spin_result = spin_result: null

2019-08-24 12:44:33 - [TEST_STEP][PASSED] - M4_spin_bonus_spin_result = M4_spin_bonus_spin_result: null

2019-08-24 12:44:33 - [MESSAGE][PASSED] - Verify response successfully

2019-08-24 12:44:33 - [MESSAGE][PASSED] - Send request and verify the response successfully

2019-08-24 12:44:33 - [TEST_STEP][PASSED] - if (M4_total_bonus_spins_int != 0 &amp;&amp; M4_spin_reels_symbols[2].contains("WILD_Double") || M4_spin_reels_symbols[4].contains("WILD_Triple")): null

2019-08-24 12:44:33 - [TEST_STEP][PASSED] - free_spin_reel_counter = free_spin_reel_counter: null

2019-08-24 12:44:33 - [TEST_STEP][PASSED] - M4_spin_reels_symbols = M4_spin_reels_symbols: null

2019-08-24 12:44:33 - [TEST_STEP][PASSED] - M4_total_bonus_spins = M4_total_bonus_spins: null

2019-08-24 12:44:33 - [TEST_STEP][PASSED] - spin_result = sendRequestAndVerify(findTestObject("INT/RGS(M4)/1_M4_spin", ["M4_login_user_id":M4_login_user_id, "rgs_session_token":rgs_session_token, "partner":Partner])): Send request and verify the response successfully

2019-08-24 12:44:33 - [MESSAGE][INFO] - HAR: /Users/eiralee/Katalon_Script/SuperWild/Reports/20190824_124242/INT/superWild_4/20190824_124242/requests/main/36.har

2019-08-24 12:44:33 - [TEST_CASE][PASSED] - Start Test Case : Verification: Verification accomplished successfully

2019-08-24 12:44:33 - [TEST_STEP][PASSED] - request = getInstance().getCurrentRequest(): null

2019-08-24 12:44:34 - [TEST_STEP][PASSED] - response = getInstance().getCurrentResponse(): null

2019-08-24 12:44:34 - [TEST_STEP][PASSED] - verifyResponseStatusCode(response, 200): Verify response status code successfully

2019-08-24 12:44:34 - [MESSAGE][PASSED] - Verify response status code successfully

2019-08-24 12:44:34 - [TEST_STEP][PASSED] - getStatusCode()).isEqualTo(200): null

2019-08-24 12:44:34 - [TEST_STEP][PASSED] - newline = System.getProperty("line.separator"): null

2019-08-24 12:44:34 - [TEST_STEP][PASSED] - M4_spin = new groovy.json.JsonSlurper(): null

2019-08-24 12:44:34 - [TEST_STEP][PASSED] - result_M4_spin = M4_spin.parseText(response.getResponseBodyContent()): null

2019-08-24 12:44:34 - [TEST_STEP][PASSED] - M4_spin_current_balance = current_balance: null

2019-08-24 12:44:34 - [TEST_STEP][PASSED] - M4_spin_current_balance = M4_spin_current_balance: null

2019-08-24 12:44:34 - [TEST_STEP][PASSED] - M4_spin_transaction_id = causality: null

2019-08-24 12:44:34 - [TEST_STEP][PASSED] - M4_spin_transaction_id = M4_spin_transaction_id: null

2019-08-24 12:44:34 - [TEST_STEP][PASSED] - M4_spin_round_id = round_id: null

2019-08-24 12:44:34 - [TEST_STEP][PASSED] - M4_spin_round_id = M4_spin_round_id: null

2019-08-24 12:44:34 - [TEST_STEP][PASSED] - M4_spin_line_wins = line_wins: null

2019-08-24 12:44:34 - [TEST_STEP][PASSED] - M4_spin_line_wins = M4_spin_line_wins: null

2019-08-24 12:44:34 - [TEST_STEP][PASSED] - M4_total_bonus_spins_int = total_bonus_spins: null

2019-08-24 12:44:34 - [TEST_STEP][PASSED] - println("******M4_total_bonus_spins type is:*******" + newline + getClass().getName()): null

2019-08-24 12:44:34 - [TEST_STEP][PASSED] - M4_total_bonus_spins_int = M4_total_bonus_spins_int: null

2019-08-24 12:44:34 - [TEST_STEP][PASSED] - M4_total_bonus_spins = Integer.toString(M4_total_bonus_spins_int): null

2019-08-24 12:44:34 - [TEST_STEP][PASSED] - M4_total_bonus_spins = M4_total_bonus_spins: null

2019-08-24 12:44:34 - [TEST_STEP][PASSED] - println("M4_total_bonus_spins is:" + M4_total_bonus_spins): null

2019-08-24 12:44:34 - [TEST_STEP][PASSED] - M4_spin_bonus_data = bonus_data: null

2019-08-24 12:44:34 - [TEST_STEP][PASSED] - M4_spin_features_triggered = result_M4_spin: null

2019-08-24 12:44:34 - [TEST_STEP][PASSED] - wild = []: null

2019-08-24 12:44:34 - [TEST_STEP][PASSED] - wild[0] = "WILD_Expanding": null

2019-08-24 12:44:34 - [TEST_STEP][PASSED] - wild[1] = "WILD_Normal": null

2019-08-24 12:44:34 - [TEST_STEP][PASSED] - wild[2] = "WILD_Double": null

2019-08-24 12:44:34 - [TEST_STEP][PASSED] - wild[3] = "WILD_ExtraFG": null

2019-08-24 12:44:34 - [TEST_STEP][PASSED] - wild[4] = "WILD_Triple": null

2019-08-24 12:44:34 - [TEST_STEP][PASSED] - wildList = Arrays.asList(wild): null

2019-08-24 12:44:34 - [TEST_STEP][PASSED] - wildList = wildList: null

2019-08-24 12:44:34 - [TEST_STEP][PASSED] - free_spin_reel_counter = []: null

2019-08-24 12:44:34 - [TEST_STEP][PASSED] - free_spin_reel_counter[0] = 0: null

2019-08-24 12:44:34 - [TEST_STEP][PASSED] - free_spin_reel_counter[1] = 0: null

2019-08-24 12:44:34 - [TEST_STEP][PASSED] - free_spin_reel_counter[2] = 0: null

2019-08-24 12:44:34 - [TEST_STEP][PASSED] - M4_spin_reels = reels: null

2019-08-24 12:44:34 - [TEST_STEP][PASSED] - for ([i = 0, i &lt; M4_spin_reels.size(), (i++)]): null

2019-08-24 12:44:34 - [TEST_STEP][PASSED] - symbols = symbols: null

2019-08-24 12:44:34 - [TEST_STEP][PASSED] - for ([j = 0, j &lt; symbols.size(), (j++)]): null

2019-08-24 12:44:34 - [TEST_STEP][PASSED] - symbol = symbol: null

2019-08-24 12:44:34 - [TEST_STEP][PASSED] - println(symbol): null

2019-08-24 12:44:34 - [TEST_STEP][PASSED] - if (i == 2 &amp;&amp; wildList.indexOf(symbol) != -1): null

2019-08-24 12:44:34 - [TEST_STEP][PASSED] - if (i == 3 &amp;&amp; wildList.indexOf(symbol) != -1): null

2019-08-24 12:44:34 - [TEST_STEP][PASSED] - if (i == 4 &amp;&amp; wildList.indexOf(symbol) != -1): null

2019-08-24 12:44:34 - [TEST_STEP][PASSED] - symbol = symbol: null

2019-08-24 12:44:34 - [TEST_STEP][PASSED] - println(symbol): null

2019-08-24 12:44:34 - [TEST_STEP][PASSED] - if (i == 2 &amp;&amp; wildList.indexOf(symbol) != -1): null

2019-08-24 12:44:34 - [TEST_STEP][PASSED] - if (i == 3 &amp;&amp; wildList.indexOf(symbol) != -1): null

2019-08-24 12:44:34 - [TEST_STEP][PASSED] - if (i == 4 &amp;&amp; wildList.indexOf(symbol) != -1): null

2019-08-24 12:44:34 - [TEST_STEP][PASSED] - symbol = symbol: null

2019-08-24 12:44:34 - [TEST_STEP][PASSED] - println(symbol): null

2019-08-24 12:44:34 - [TEST_STEP][PASSED] - if (i == 2 &amp;&amp; wildList.indexOf(symbol) != -1): null

2019-08-24 12:44:34 - [TEST_STEP][PASSED] - if (i == 3 &amp;&amp; wildList.indexOf(symbol) != -1): null

2019-08-24 12:44:34 - [TEST_STEP][PASSED] - if (i == 4 &amp;&amp; wildList.indexOf(symbol) != -1): null

2019-08-24 12:44:34 - [TEST_STEP][PASSED] - symbols = symbols: null

2019-08-24 12:44:34 - [TEST_STEP][PASSED] - for ([j = 0, j &lt; symbols.size(), (j++)]): null

2019-08-24 12:44:34 - [TEST_STEP][PASSED] - symbol = symbol: null

2019-08-24 12:44:34 - [TEST_STEP][PASSED] - println(symbol): null

2019-08-24 12:44:34 - [TEST_STEP][PASSED] - if (i == 2 &amp;&amp; wildList.indexOf(symbol) != -1): null

2019-08-24 12:44:34 - [TEST_STEP][PASSED] - if (i == 3 &amp;&amp; wildList.indexOf(symbol) != -1): null

2019-08-24 12:44:34 - [TEST_STEP][PASSED] - if (i == 4 &amp;&amp; wildList.indexOf(symbol) != -1): null

2019-08-24 12:44:34 - [TEST_STEP][PASSED] - symbol = symbol: null

2019-08-24 12:44:34 - [TEST_STEP][PASSED] - println(symbol): null

2019-08-24 12:44:34 - [TEST_STEP][PASSED] - if (i == 2 &amp;&amp; wildList.indexOf(symbol) != -1): null

2019-08-24 12:44:34 - [TEST_STEP][PASSED] - if (i == 3 &amp;&amp; wildList.indexOf(symbol) != -1): null

2019-08-24 12:44:34 - [TEST_STEP][PASSED] - if (i == 4 &amp;&amp; wildList.indexOf(symbol) != -1): null

2019-08-24 12:44:34 - [TEST_STEP][PASSED] - symbol = symbol: null

2019-08-24 12:44:34 - [TEST_STEP][PASSED] - println(symbol): null

2019-08-24 12:44:34 - [TEST_STEP][PASSED] - if (i == 2 &amp;&amp; wildList.indexOf(symbol) != -1): null

2019-08-24 12:44:34 - [TEST_STEP][PASSED] - if (i == 3 &amp;&amp; wildList.indexOf(symbol) != -1): null

2019-08-24 12:44:34 - [TEST_STEP][PASSED] - if (i == 4 &amp;&amp; wildList.indexOf(symbol) != -1): null

2019-08-24 12:44:34 - [TEST_STEP][PASSED] - symbols = symbols: null

2019-08-24 12:44:34 - [TEST_STEP][PASSED] - for ([j = 0, j &lt; symbols.size(), (j++)]): null

2019-08-24 12:44:34 - [TEST_STEP][PASSED] - symbol = symbol: null

2019-08-24 12:44:34 - [TEST_STEP][PASSED] - println(symbol): null

2019-08-24 12:44:34 - [TEST_STEP][PASSED] - if (i == 2 &amp;&amp; wildList.indexOf(symbol) != -1): null

2019-08-24 12:44:34 - [TEST_STEP][PASSED] - if (i == 3 &amp;&amp; wildList.indexOf(symbol) != -1): null

2019-08-24 12:44:34 - [TEST_STEP][PASSED] - if (i == 4 &amp;&amp; wildList.indexOf(symbol) != -1): null

2019-08-24 12:44:34 - [TEST_STEP][PASSED] - symbol = symbol: null

2019-08-24 12:44:34 - [TEST_STEP][PASSED] - println(symbol): null

2019-08-24 12:44:34 - [TEST_STEP][PASSED] - if (i == 2 &amp;&amp; wildList.indexOf(symbol) != -1): null

2019-08-24 12:44:34 - [TEST_STEP][PASSED] - if (i == 3 &amp;&amp; wildList.indexOf(symbol) != -1): null

2019-08-24 12:44:34 - [TEST_STEP][PASSED] - if (i == 4 &amp;&amp; wildList.indexOf(symbol) != -1): null

2019-08-24 12:44:34 - [TEST_STEP][PASSED] - symbol = symbol: null

2019-08-24 12:44:34 - [TEST_STEP][PASSED] - println(symbol): null

2019-08-24 12:44:34 - [TEST_STEP][PASSED] - if (i == 2 &amp;&amp; wildList.indexOf(symbol) != -1): null

2019-08-24 12:44:34 - [TEST_STEP][PASSED] - if (i == 3 &amp;&amp; wildList.indexOf(symbol) != -1): null

2019-08-24 12:44:34 - [TEST_STEP][PASSED] - if (i == 4 &amp;&amp; wildList.indexOf(symbol) != -1): null

2019-08-24 12:44:34 - [TEST_STEP][PASSED] - symbols = symbols: null

2019-08-24 12:44:34 - [TEST_STEP][PASSED] - for ([j = 0, j &lt; symbols.size(), (j++)]): null

2019-08-24 12:44:34 - [TEST_STEP][PASSED] - symbol = symbol: null

2019-08-24 12:44:34 - [TEST_STEP][PASSED] - println(symbol): null

2019-08-24 12:44:34 - [TEST_STEP][PASSED] - if (i == 2 &amp;&amp; wildList.indexOf(symbol) != -1): null

2019-08-24 12:44:34 - [TEST_STEP][PASSED] - if (i == 3 &amp;&amp; wildList.indexOf(symbol) != -1): null

2019-08-24 12:44:34 - [TEST_STEP][PASSED] - if (i == 4 &amp;&amp; wildList.indexOf(symbol) != -1): null

2019-08-24 12:44:34 - [TEST_STEP][PASSED] - symbol = symbol: null

2019-08-24 12:44:34 - [TEST_STEP][PASSED] - println(symbol): null

2019-08-24 12:44:34 - [TEST_STEP][PASSED] - if (i == 2 &amp;&amp; wildList.indexOf(symbol) != -1): null

2019-08-24 12:44:34 - [TEST_STEP][PASSED] - if (i == 3 &amp;&amp; wildList.indexOf(symbol) != -1): null

2019-08-24 12:44:34 - [TEST_STEP][PASSED] - if (i == 4 &amp;&amp; wildList.indexOf(symbol) != -1): null

2019-08-24 12:44:34 - [TEST_STEP][PASSED] - symbol = symbol: null

2019-08-24 12:44:34 - [TEST_STEP][PASSED] - println(symbol): null

2019-08-24 12:44:34 - [TEST_STEP][PASSED] - if (i == 2 &amp;&amp; wildList.indexOf(symbol) != -1): null

2019-08-24 12:44:34 - [TEST_STEP][PASSED] - if (i == 3 &amp;&amp; wildList.indexOf(symbol) != -1): null

2019-08-24 12:44:34 - [TEST_STEP][PASSED] - if (i == 4 &amp;&amp; wildList.indexOf(symbol) != -1): null

2019-08-24 12:44:34 - [TEST_STEP][PASSED] - symbols = symbols: null

2019-08-24 12:44:34 - [TEST_STEP][PASSED] - for ([j = 0, j &lt; symbols.size(), (j++)]): null

2019-08-24 12:44:34 - [TEST_STEP][PASSED] - symbol = symbol: null

2019-08-24 12:44:34 - [TEST_STEP][PASSED] - println(symbol): null

2019-08-24 12:44:34 - [TEST_STEP][PASSED] - if (i == 2 &amp;&amp; wildList.indexOf(symbol) != -1): null

2019-08-24 12:44:34 - [TEST_STEP][PASSED] - if (i == 3 &amp;&amp; wildList.indexOf(symbol) != -1): null

2019-08-24 12:44:34 - [TEST_STEP][PASSED] - if (i == 4 &amp;&amp; wildList.indexOf(symbol) != -1): null

2019-08-24 12:44:34 - [TEST_STEP][PASSED] - symbol = symbol: null

2019-08-24 12:44:34 - [TEST_STEP][PASSED] - println(symbol): null

2019-08-24 12:44:34 - [TEST_STEP][PASSED] - if (i == 2 &amp;&amp; wildList.indexOf(symbol) != -1): null

2019-08-24 12:44:34 - [TEST_STEP][PASSED] - if (i == 3 &amp;&amp; wildList.indexOf(symbol) != -1): null

2019-08-24 12:44:34 - [TEST_STEP][PASSED] - if (i == 4 &amp;&amp; wildList.indexOf(symbol) != -1): null

2019-08-24 12:44:34 - [TEST_STEP][PASSED] - symbol = symbol: null

2019-08-24 12:44:34 - [TEST_STEP][PASSED] - println(symbol): null

2019-08-24 12:44:34 - [TEST_STEP][PASSED] - if (i == 2 &amp;&amp; wildList.indexOf(symbol) != -1): null

2019-08-24 12:44:34 - [TEST_STEP][PASSED] - if (i == 3 &amp;&amp; wildList.indexOf(symbol) != -1): null

2019-08-24 12:44:34 - [TEST_STEP][PASSED] - if (i == 4 &amp;&amp; wildList.indexOf(symbol) != -1): null

2019-08-24 12:44:34 - [TEST_STEP][PASSED] - free_spin_reel_counter = free_spin_reel_counter: null

2019-08-24 12:44:34 - [TEST_STEP][PASSED] - println("reel 3 wild found: " + free_spin_reel_counter[0]): null

2019-08-24 12:44:34 - [TEST_STEP][PASSED] - println("reel 4 wild found: " + free_spin_reel_counter[1]): null

2019-08-24 12:44:34 - [TEST_STEP][PASSED] - println("reel 5 wild found: " + free_spin_reel_counter[2]): null

2019-08-24 12:44:34 - [TEST_STEP][PASSED] - M4_spin_reels = M4_spin_reels: null

2019-08-24 12:44:34 - [TEST_STEP][PASSED] - M4_spin_reels_symbols = symbol: null

2019-08-24 12:44:34 - [TEST_STEP][PASSED] - M4_spin_reels_symbols = M4_spin_reels_symbols: null

2019-08-24 12:44:34 - [TEST_STEP][PASSED] - M4_spin_reel_wins = reel_wins: null

2019-08-24 12:44:34 - [TEST_STEP][PASSED] - M4_spin_reel_wins = M4_spin_reel_wins: null

2019-08-24 12:44:34 - [TEST_STEP][PASSED] - println("GlobalVariable.M4_spin_reel_wins is: " + M4_spin_reel_wins): null

2019-08-24 12:44:34 - [TEST_STEP][PASSED] - M4_spin_total_bonus_win_this_round = total_bonus_win_this_round: null

2019-08-24 12:44:34 - [TEST_STEP][PASSED] - M4_spin_total_bonus_win_this_round = M4_spin_total_bonus_win_this_round: null

2019-08-24 12:44:34 - [TEST_STEP][PASSED] - println("GlobalVariable.M4_spin_total_bonus_win_this_round is: " + M4_spin_total_bonus_win_this_round): null

2019-08-24 12:44:34 - [TEST_STEP][PASSED] - M4_spin_bonus_spin_result = spin_result: null

2019-08-24 12:44:34 - [TEST_STEP][PASSED] - M4_spin_bonus_spin_result = M4_spin_bonus_spin_result: null

2019-08-24 12:44:34 - [MESSAGE][PASSED] - Verify response successfully

2019-08-24 12:44:34 - [MESSAGE][PASSED] - Send request and verify the response successfully

2019-08-24 12:44:34 - [TEST_STEP][PASSED] - if (M4_total_bonus_spins_int != 0 &amp;&amp; M4_spin_reels_symbols[2].contains("WILD_Double") || M4_spin_reels_symbols[4].contains("WILD_Triple")): null

2019-08-24 12:44:34 - [TEST_STEP][PASSED] - free_spin_reel_counter = free_spin_reel_counter: null

2019-08-24 12:44:34 - [TEST_STEP][PASSED] - M4_spin_reels_symbols = M4_spin_reels_symbols: null

2019-08-24 12:44:34 - [TEST_STEP][PASSED] - M4_total_bonus_spins = M4_total_bonus_spins: null

2019-08-24 12:44:34 - [TEST_STEP][PASSED] - spin_result = sendRequestAndVerify(findTestObject("INT/RGS(M4)/1_M4_spin", ["M4_login_user_id":M4_login_user_id, "rgs_session_token":rgs_session_token, "partner":Partner])): Send request and verify the response successfully

2019-08-24 12:44:34 - [MESSAGE][INFO] - HAR: /Users/eiralee/Katalon_Script/SuperWild/Reports/20190824_124242/INT/superWild_4/20190824_124242/requests/main/37.har

2019-08-24 12:44:34 - [TEST_CASE][PASSED] - Start Test Case : Verification: Verification accomplished successfully

2019-08-24 12:44:34 - [TEST_STEP][PASSED] - request = getInstance().getCurrentRequest(): null

2019-08-24 12:44:34 - [TEST_STEP][PASSED] - response = getInstance().getCurrentResponse(): null

2019-08-24 12:44:34 - [TEST_STEP][PASSED] - verifyResponseStatusCode(response, 200): Verify response status code successfully

2019-08-24 12:44:34 - [MESSAGE][PASSED] - Verify response status code successfully

2019-08-24 12:44:34 - [TEST_STEP][PASSED] - getStatusCode()).isEqualTo(200): null

2019-08-24 12:44:34 - [TEST_STEP][PASSED] - newline = System.getProperty("line.separator"): null

2019-08-24 12:44:34 - [TEST_STEP][PASSED] - M4_spin = new groovy.json.JsonSlurper(): null

2019-08-24 12:44:34 - [TEST_STEP][PASSED] - result_M4_spin = M4_spin.parseText(response.getResponseBodyContent()): null

2019-08-24 12:44:34 - [TEST_STEP][PASSED] - M4_spin_current_balance = current_balance: null

2019-08-24 12:44:34 - [TEST_STEP][PASSED] - M4_spin_current_balance = M4_spin_current_balance: null

2019-08-24 12:44:34 - [TEST_STEP][PASSED] - M4_spin_transaction_id = causality: null

2019-08-24 12:44:34 - [TEST_STEP][PASSED] - M4_spin_transaction_id = M4_spin_transaction_id: null

2019-08-24 12:44:34 - [TEST_STEP][PASSED] - M4_spin_round_id = round_id: null

2019-08-24 12:44:34 - [TEST_STEP][PASSED] - M4_spin_round_id = M4_spin_round_id: null

2019-08-24 12:44:34 - [TEST_STEP][PASSED] - M4_spin_line_wins = line_wins: null

2019-08-24 12:44:34 - [TEST_STEP][PASSED] - M4_spin_line_wins = M4_spin_line_wins: null

2019-08-24 12:44:34 - [TEST_STEP][PASSED] - M4_total_bonus_spins_int = total_bonus_spins: null

2019-08-24 12:44:34 - [TEST_STEP][PASSED] - println("******M4_total_bonus_spins type is:*******" + newline + getClass().getName()): null

2019-08-24 12:44:34 - [TEST_STEP][PASSED] - M4_total_bonus_spins_int = M4_total_bonus_spins_int: null

2019-08-24 12:44:34 - [TEST_STEP][PASSED] - M4_total_bonus_spins = Integer.toString(M4_total_bonus_spins_int): null

2019-08-24 12:44:34 - [TEST_STEP][PASSED] - M4_total_bonus_spins = M4_total_bonus_spins: null

2019-08-24 12:44:34 - [TEST_STEP][PASSED] - println("M4_total_bonus_spins is:" + M4_total_bonus_spins): null

2019-08-24 12:44:34 - [TEST_STEP][PASSED] - M4_spin_bonus_data = bonus_data: null

2019-08-24 12:44:34 - [TEST_STEP][PASSED] - M4_spin_features_triggered = result_M4_spin: null

2019-08-24 12:44:34 - [TEST_STEP][PASSED] - wild = []: null

2019-08-24 12:44:34 - [TEST_STEP][PASSED] - wild[0] = "WILD_Expanding": null

2019-08-24 12:44:34 - [TEST_STEP][PASSED] - wild[1] = "WILD_Normal": null

2019-08-24 12:44:34 - [TEST_STEP][PASSED] - wild[2] = "WILD_Double": null

2019-08-24 12:44:34 - [TEST_STEP][PASSED] - wild[3] = "WILD_ExtraFG": null

2019-08-24 12:44:34 - [TEST_STEP][PASSED] - wild[4] = "WILD_Triple": null

2019-08-24 12:44:34 - [TEST_STEP][PASSED] - wildList = Arrays.asList(wild): null

2019-08-24 12:44:34 - [TEST_STEP][PASSED] - wildList = wildList: null

2019-08-24 12:44:34 - [TEST_STEP][PASSED] - free_spin_reel_counter = []: null

2019-08-24 12:44:34 - [TEST_STEP][PASSED] - free_spin_reel_counter[0] = 0: null

2019-08-24 12:44:34 - [TEST_STEP][PASSED] - free_spin_reel_counter[1] = 0: null

2019-08-24 12:44:34 - [TEST_STEP][PASSED] - free_spin_reel_counter[2] = 0: null

2019-08-24 12:44:34 - [TEST_STEP][PASSED] - M4_spin_reels = reels: null

2019-08-24 12:44:34 - [TEST_STEP][PASSED] - for ([i = 0, i &lt; M4_spin_reels.size(), (i++)]): null

2019-08-24 12:44:34 - [TEST_STEP][PASSED] - symbols = symbols: null

2019-08-24 12:44:34 - [TEST_STEP][PASSED] - for ([j = 0, j &lt; symbols.size(), (j++)]): null

2019-08-24 12:44:34 - [TEST_STEP][PASSED] - symbol = symbol: null

2019-08-24 12:44:34 - [TEST_STEP][PASSED] - println(symbol): null

2019-08-24 12:44:34 - [TEST_STEP][PASSED] - if (i == 2 &amp;&amp; wildList.indexOf(symbol) != -1): null

2019-08-24 12:44:34 - [TEST_STEP][PASSED] - if (i == 3 &amp;&amp; wildList.indexOf(symbol) != -1): null

2019-08-24 12:44:34 - [TEST_STEP][PASSED] - if (i == 4 &amp;&amp; wildList.indexOf(symbol) != -1): null

2019-08-24 12:44:34 - [TEST_STEP][PASSED] - symbol = symbol: null

2019-08-24 12:44:34 - [TEST_STEP][PASSED] - println(symbol): null

2019-08-24 12:44:34 - [TEST_STEP][PASSED] - if (i == 2 &amp;&amp; wildList.indexOf(symbol) != -1): null

2019-08-24 12:44:34 - [TEST_STEP][PASSED] - if (i == 3 &amp;&amp; wildList.indexOf(symbol) != -1): null

2019-08-24 12:44:34 - [TEST_STEP][PASSED] - if (i == 4 &amp;&amp; wildList.indexOf(symbol) != -1): null

2019-08-24 12:44:34 - [TEST_STEP][PASSED] - symbol = symbol: null

2019-08-24 12:44:34 - [TEST_STEP][PASSED] - println(symbol): null

2019-08-24 12:44:34 - [TEST_STEP][PASSED] - if (i == 2 &amp;&amp; wildList.indexOf(symbol) != -1): null

2019-08-24 12:44:34 - [TEST_STEP][PASSED] - if (i == 3 &amp;&amp; wildList.indexOf(symbol) != -1): null

2019-08-24 12:44:34 - [TEST_STEP][PASSED] - if (i == 4 &amp;&amp; wildList.indexOf(symbol) != -1): null

2019-08-24 12:44:34 - [TEST_STEP][PASSED] - symbols = symbols: null

2019-08-24 12:44:34 - [TEST_STEP][PASSED] - for ([j = 0, j &lt; symbols.size(), (j++)]): null

2019-08-24 12:44:34 - [TEST_STEP][PASSED] - symbol = symbol: null

2019-08-24 12:44:34 - [TEST_STEP][PASSED] - println(symbol): null

2019-08-24 12:44:34 - [TEST_STEP][PASSED] - if (i == 2 &amp;&amp; wildList.indexOf(symbol) != -1): null

2019-08-24 12:44:34 - [TEST_STEP][PASSED] - if (i == 3 &amp;&amp; wildList.indexOf(symbol) != -1): null

2019-08-24 12:44:34 - [TEST_STEP][PASSED] - if (i == 4 &amp;&amp; wildList.indexOf(symbol) != -1): null

2019-08-24 12:44:34 - [TEST_STEP][PASSED] - symbol = symbol: null

2019-08-24 12:44:34 - [TEST_STEP][PASSED] - println(symbol): null

2019-08-24 12:44:34 - [TEST_STEP][PASSED] - if (i == 2 &amp;&amp; wildList.indexOf(symbol) != -1): null

2019-08-24 12:44:34 - [TEST_STEP][PASSED] - if (i == 3 &amp;&amp; wildList.indexOf(symbol) != -1): null

2019-08-24 12:44:34 - [TEST_STEP][PASSED] - if (i == 4 &amp;&amp; wildList.indexOf(symbol) != -1): null

2019-08-24 12:44:34 - [TEST_STEP][PASSED] - symbol = symbol: null

2019-08-24 12:44:34 - [TEST_STEP][PASSED] - println(symbol): null

2019-08-24 12:44:34 - [TEST_STEP][PASSED] - if (i == 2 &amp;&amp; wildList.indexOf(symbol) != -1): null

2019-08-24 12:44:34 - [TEST_STEP][PASSED] - if (i == 3 &amp;&amp; wildList.indexOf(symbol) != -1): null

2019-08-24 12:44:34 - [TEST_STEP][PASSED] - if (i == 4 &amp;&amp; wildList.indexOf(symbol) != -1): null

2019-08-24 12:44:34 - [TEST_STEP][PASSED] - symbols = symbols: null

2019-08-24 12:44:34 - [TEST_STEP][PASSED] - for ([j = 0, j &lt; symbols.size(), (j++)]): null

2019-08-24 12:44:34 - [TEST_STEP][PASSED] - symbol = symbol: null

2019-08-24 12:44:34 - [TEST_STEP][PASSED] - println(symbol): null

2019-08-24 12:44:34 - [TEST_STEP][PASSED] - if (i == 2 &amp;&amp; wildList.indexOf(symbol) != -1): null

2019-08-24 12:44:34 - [TEST_STEP][PASSED] - if (i == 3 &amp;&amp; wildList.indexOf(symbol) != -1): null

2019-08-24 12:44:34 - [TEST_STEP][PASSED] - if (i == 4 &amp;&amp; wildList.indexOf(symbol) != -1): null

2019-08-24 12:44:34 - [TEST_STEP][PASSED] - symbol = symbol: null

2019-08-24 12:44:34 - [TEST_STEP][PASSED] - println(symbol): null

2019-08-24 12:44:34 - [TEST_STEP][PASSED] - if (i == 2 &amp;&amp; wildList.indexOf(symbol) != -1): null

2019-08-24 12:44:34 - [TEST_STEP][PASSED] - if (i == 3 &amp;&amp; wildList.indexOf(symbol) != -1): null

2019-08-24 12:44:34 - [TEST_STEP][PASSED] - if (i == 4 &amp;&amp; wildList.indexOf(symbol) != -1): null

2019-08-24 12:44:34 - [TEST_STEP][PASSED] - symbol = symbol: null

2019-08-24 12:44:34 - [TEST_STEP][PASSED] - println(symbol): null

2019-08-24 12:44:34 - [TEST_STEP][PASSED] - if (i == 2 &amp;&amp; wildList.indexOf(symbol) != -1): null

2019-08-24 12:44:34 - [TEST_STEP][PASSED] - if (i == 3 &amp;&amp; wildList.indexOf(symbol) != -1): null

2019-08-24 12:44:34 - [TEST_STEP][PASSED] - if (i == 4 &amp;&amp; wildList.indexOf(symbol) != -1): null

2019-08-24 12:44:34 - [TEST_STEP][PASSED] - symbols = symbols: null

2019-08-24 12:44:34 - [TEST_STEP][PASSED] - for ([j = 0, j &lt; symbols.size(), (j++)]): null

2019-08-24 12:44:34 - [TEST_STEP][PASSED] - symbol = symbol: null

2019-08-24 12:44:34 - [TEST_STEP][PASSED] - println(symbol): null

2019-08-24 12:44:34 - [TEST_STEP][PASSED] - if (i == 2 &amp;&amp; wildList.indexOf(symbol) != -1): null

2019-08-24 12:44:34 - [TEST_STEP][PASSED] - if (i == 3 &amp;&amp; wildList.indexOf(symbol) != -1): null

2019-08-24 12:44:34 - [TEST_STEP][PASSED] - println("wild found on reel 4, adding counter by 1"): null

2019-08-24 12:44:34 - [TEST_STEP][PASSED] - free_spin_reel_counter[1] = free_spin_reel_counter[1] + 1: null

2019-08-24 12:44:34 - [TEST_STEP][PASSED] - if (i == 4 &amp;&amp; wildList.indexOf(symbol) != -1): null

2019-08-24 12:44:34 - [TEST_STEP][PASSED] - symbol = symbol: null

2019-08-24 12:44:34 - [TEST_STEP][PASSED] - println(symbol): null

2019-08-24 12:44:34 - [TEST_STEP][PASSED] - if (i == 2 &amp;&amp; wildList.indexOf(symbol) != -1): null

2019-08-24 12:44:34 - [TEST_STEP][PASSED] - if (i == 3 &amp;&amp; wildList.indexOf(symbol) != -1): null

2019-08-24 12:44:34 - [TEST_STEP][PASSED] - if (i == 4 &amp;&amp; wildList.indexOf(symbol) != -1): null

2019-08-24 12:44:34 - [TEST_STEP][PASSED] - symbol = symbol: null

2019-08-24 12:44:34 - [TEST_STEP][PASSED] - println(symbol): null

2019-08-24 12:44:34 - [TEST_STEP][PASSED] - if (i == 2 &amp;&amp; wildList.indexOf(symbol) != -1): null

2019-08-24 12:44:34 - [TEST_STEP][PASSED] - if (i == 3 &amp;&amp; wildList.indexOf(symbol) != -1): null

2019-08-24 12:44:34 - [TEST_STEP][PASSED] - if (i == 4 &amp;&amp; wildList.indexOf(symbol) != -1): null

2019-08-24 12:44:34 - [TEST_STEP][PASSED] - symbols = symbols: null

2019-08-24 12:44:34 - [TEST_STEP][PASSED] - for ([j = 0, j &lt; symbols.size(), (j++)]): null

2019-08-24 12:44:34 - [TEST_STEP][PASSED] - symbol = symbol: null

2019-08-24 12:44:34 - [TEST_STEP][PASSED] - println(symbol): null

2019-08-24 12:44:34 - [TEST_STEP][PASSED] - if (i == 2 &amp;&amp; wildList.indexOf(symbol) != -1): null

2019-08-24 12:44:34 - [TEST_STEP][PASSED] - if (i == 3 &amp;&amp; wildList.indexOf(symbol) != -1): null

2019-08-24 12:44:34 - [TEST_STEP][PASSED] - if (i == 4 &amp;&amp; wildList.indexOf(symbol) != -1): null

2019-08-24 12:44:34 - [TEST_STEP][PASSED] - symbol = symbol: null

2019-08-24 12:44:34 - [TEST_STEP][PASSED] - println(symbol): null

2019-08-24 12:44:34 - [TEST_STEP][PASSED] - if (i == 2 &amp;&amp; wildList.indexOf(symbol) != -1): null

2019-08-24 12:44:34 - [TEST_STEP][PASSED] - if (i == 3 &amp;&amp; wildList.indexOf(symbol) != -1): null

2019-08-24 12:44:34 - [TEST_STEP][PASSED] - if (i == 4 &amp;&amp; wildList.indexOf(symbol) != -1): null

2019-08-24 12:44:34 - [TEST_STEP][PASSED] - symbol = symbol: null

2019-08-24 12:44:34 - [TEST_STEP][PASSED] - println(symbol): null

2019-08-24 12:44:34 - [TEST_STEP][PASSED] - if (i == 2 &amp;&amp; wildList.indexOf(symbol) != -1): null

2019-08-24 12:44:34 - [TEST_STEP][PASSED] - if (i == 3 &amp;&amp; wildList.indexOf(symbol) != -1): null

2019-08-24 12:44:34 - [TEST_STEP][PASSED] - if (i == 4 &amp;&amp; wildList.indexOf(symbol) != -1): null

2019-08-24 12:44:34 - [TEST_STEP][PASSED] - free_spin_reel_counter = free_spin_reel_counter: null

2019-08-24 12:44:34 - [TEST_STEP][PASSED] - println("reel 3 wild found: " + free_spin_reel_counter[0]): null

2019-08-24 12:44:34 - [TEST_STEP][PASSED] - println("reel 4 wild found: " + free_spin_reel_counter[1]): null

2019-08-24 12:44:34 - [TEST_STEP][PASSED] - println("reel 5 wild found: " + free_spin_reel_counter[2]): null

2019-08-24 12:44:34 - [TEST_STEP][PASSED] - M4_spin_reels = M4_spin_reels: null

2019-08-24 12:44:34 - [TEST_STEP][PASSED] - M4_spin_reels_symbols = symbol: null

2019-08-24 12:44:34 - [TEST_STEP][PASSED] - M4_spin_reels_symbols = M4_spin_reels_symbols: null

2019-08-24 12:44:34 - [TEST_STEP][PASSED] - M4_spin_reel_wins = reel_wins: null

2019-08-24 12:44:34 - [TEST_STEP][PASSED] - M4_spin_reel_wins = M4_spin_reel_wins: null

2019-08-24 12:44:34 - [TEST_STEP][PASSED] - println("GlobalVariable.M4_spin_reel_wins is: " + M4_spin_reel_wins): null

2019-08-24 12:44:34 - [TEST_STEP][PASSED] - M4_spin_total_bonus_win_this_round = total_bonus_win_this_round: null

2019-08-24 12:44:34 - [TEST_STEP][PASSED] - M4_spin_total_bonus_win_this_round = M4_spin_total_bonus_win_this_round: null

2019-08-24 12:44:34 - [TEST_STEP][PASSED] - println("GlobalVariable.M4_spin_total_bonus_win_this_round is: " + M4_spin_total_bonus_win_this_round): null

2019-08-24 12:44:34 - [TEST_STEP][PASSED] - M4_spin_bonus_spin_result = spin_result: null

2019-08-24 12:44:38 - [TEST_STEP][PASSED] - M4_spin_bonus_spin_result = M4_spin_bonus_spin_result: null

2019-08-24 12:44:38 - [MESSAGE][PASSED] - Verify response successfully

2019-08-24 12:44:38 - [MESSAGE][PASSED] - Send request and verify the response successfully

2019-08-24 12:44:38 - [TEST_STEP][PASSED] - if (M4_total_bonus_spins_int != 0 &amp;&amp; M4_spin_reels_symbols[2].contains("WILD_Double") || M4_spin_reels_symbols[4].contains("WILD_Triple")): null

2019-08-24 12:44:38 - [TEST_STEP][PASSED] - free_spin_reel_counter = free_spin_reel_counter: null

2019-08-24 12:44:38 - [TEST_STEP][PASSED] - M4_spin_reels_symbols = M4_spin_reels_symbols: null

2019-08-24 12:44:38 - [TEST_STEP][PASSED] - M4_total_bonus_spins = M4_total_bonus_spins: null

2019-08-24 12:44:38 - [TEST_STEP][PASSED] - spin_result = sendRequestAndVerify(findTestObject("INT/RGS(M4)/1_M4_spin", ["M4_login_user_id":M4_login_user_id, "rgs_session_token":rgs_session_token, "partner":Partner])): Send request and verify the response successfully

2019-08-24 12:44:39 - [MESSAGE][INFO] - HAR: /Users/eiralee/Katalon_Script/SuperWild/Reports/20190824_124242/INT/superWild_4/20190824_124242/requests/main/38.har

2019-08-24 12:44:39 - [TEST_CASE][PASSED] - Start Test Case : Verification: Verification accomplished successfully

2019-08-24 12:44:39 - [TEST_STEP][PASSED] - request = getInstance().getCurrentRequest(): null

2019-08-24 12:44:41 - [TEST_STEP][PASSED] - response = getInstance().getCurrentResponse(): null

2019-08-24 12:44:41 - [TEST_STEP][PASSED] - verifyResponseStatusCode(response, 200): Verify response status code successfully

2019-08-24 12:44:41 - [MESSAGE][PASSED] - Verify response status code successfully

2019-08-24 12:44:41 - [TEST_STEP][PASSED] - getStatusCode()).isEqualTo(200): null

2019-08-24 12:44:41 - [TEST_STEP][PASSED] - newline = System.getProperty("line.separator"): null

2019-08-24 12:44:41 - [TEST_STEP][PASSED] - M4_spin = new groovy.json.JsonSlurper(): null

2019-08-24 12:44:41 - [TEST_STEP][PASSED] - result_M4_spin = M4_spin.parseText(response.getResponseBodyContent()): null

2019-08-24 12:44:41 - [TEST_STEP][PASSED] - M4_spin_current_balance = current_balance: null

2019-08-24 12:44:41 - [TEST_STEP][PASSED] - M4_spin_current_balance = M4_spin_current_balance: null

2019-08-24 12:44:41 - [TEST_STEP][PASSED] - M4_spin_transaction_id = causality: null

2019-08-24 12:44:41 - [TEST_STEP][PASSED] - M4_spin_transaction_id = M4_spin_transaction_id: null

2019-08-24 12:44:41 - [TEST_STEP][PASSED] - M4_spin_round_id = round_id: null

2019-08-24 12:44:41 - [TEST_STEP][PASSED] - M4_spin_round_id = M4_spin_round_id: null

2019-08-24 12:44:41 - [TEST_STEP][PASSED] - M4_spin_line_wins = line_wins: null

2019-08-24 12:44:41 - [TEST_STEP][PASSED] - M4_spin_line_wins = M4_spin_line_wins: null

2019-08-24 12:44:41 - [TEST_STEP][PASSED] - M4_total_bonus_spins_int = total_bonus_spins: null

2019-08-24 12:44:41 - [TEST_STEP][PASSED] - println("******M4_total_bonus_spins type is:*******" + newline + getClass().getName()): null

2019-08-24 12:44:41 - [TEST_STEP][PASSED] - M4_total_bonus_spins_int = M4_total_bonus_spins_int: null

2019-08-24 12:44:41 - [TEST_STEP][PASSED] - M4_total_bonus_spins = Integer.toString(M4_total_bonus_spins_int): null

2019-08-24 12:44:41 - [TEST_STEP][PASSED] - M4_total_bonus_spins = M4_total_bonus_spins: null

2019-08-24 12:44:41 - [TEST_STEP][PASSED] - println("M4_total_bonus_spins is:" + M4_total_bonus_spins): null

2019-08-24 12:44:41 - [TEST_STEP][PASSED] - M4_spin_bonus_data = bonus_data: null

2019-08-24 12:44:41 - [TEST_STEP][PASSED] - M4_spin_features_triggered = result_M4_spin: null

2019-08-24 12:44:41 - [TEST_STEP][PASSED] - wild = []: null

2019-08-24 12:44:41 - [TEST_STEP][PASSED] - wild[0] = "WILD_Expanding": null

2019-08-24 12:44:41 - [TEST_STEP][PASSED] - wild[1] = "WILD_Normal": null

2019-08-24 12:44:41 - [TEST_STEP][PASSED] - wild[2] = "WILD_Double": null

2019-08-24 12:44:41 - [TEST_STEP][PASSED] - wild[3] = "WILD_ExtraFG": null

2019-08-24 12:44:41 - [TEST_STEP][PASSED] - wild[4] = "WILD_Triple": null

2019-08-24 12:44:41 - [TEST_STEP][PASSED] - wildList = Arrays.asList(wild): null

2019-08-24 12:44:41 - [TEST_STEP][PASSED] - wildList = wildList: null

2019-08-24 12:44:41 - [TEST_STEP][PASSED] - free_spin_reel_counter = []: null

2019-08-24 12:44:41 - [TEST_STEP][PASSED] - free_spin_reel_counter[0] = 0: null

2019-08-24 12:44:41 - [TEST_STEP][PASSED] - free_spin_reel_counter[1] = 0: null

2019-08-24 12:44:41 - [TEST_STEP][PASSED] - free_spin_reel_counter[2] = 0: null

2019-08-24 12:44:41 - [TEST_STEP][PASSED] - M4_spin_reels = reels: null

2019-08-24 12:44:41 - [TEST_STEP][PASSED] - for ([i = 0, i &lt; M4_spin_reels.size(), (i++)]): null

2019-08-24 12:44:41 - [TEST_STEP][PASSED] - symbols = symbols: null

2019-08-24 12:44:41 - [TEST_STEP][PASSED] - for ([j = 0, j &lt; symbols.size(), (j++)]): null

2019-08-24 12:44:41 - [TEST_STEP][PASSED] - symbol = symbol: null

2019-08-24 12:44:41 - [TEST_STEP][PASSED] - println(symbol): null

2019-08-24 12:44:41 - [TEST_STEP][PASSED] - if (i == 2 &amp;&amp; wildList.indexOf(symbol) != -1): null

2019-08-24 12:44:41 - [TEST_STEP][PASSED] - if (i == 3 &amp;&amp; wildList.indexOf(symbol) != -1): null

2019-08-24 12:44:41 - [TEST_STEP][PASSED] - if (i == 4 &amp;&amp; wildList.indexOf(symbol) != -1): null

2019-08-24 12:44:41 - [TEST_STEP][PASSED] - symbol = symbol: null

2019-08-24 12:44:41 - [TEST_STEP][PASSED] - println(symbol): null

2019-08-24 12:44:41 - [TEST_STEP][PASSED] - if (i == 2 &amp;&amp; wildList.indexOf(symbol) != -1): null

2019-08-24 12:44:41 - [TEST_STEP][PASSED] - if (i == 3 &amp;&amp; wildList.indexOf(symbol) != -1): null

2019-08-24 12:44:41 - [TEST_STEP][PASSED] - if (i == 4 &amp;&amp; wildList.indexOf(symbol) != -1): null

2019-08-24 12:44:41 - [TEST_STEP][PASSED] - symbol = symbol: null

2019-08-24 12:44:41 - [TEST_STEP][PASSED] - println(symbol): null

2019-08-24 12:44:41 - [TEST_STEP][PASSED] - if (i == 2 &amp;&amp; wildList.indexOf(symbol) != -1): null

2019-08-24 12:44:41 - [TEST_STEP][PASSED] - if (i == 3 &amp;&amp; wildList.indexOf(symbol) != -1): null

2019-08-24 12:44:41 - [TEST_STEP][PASSED] - if (i == 4 &amp;&amp; wildList.indexOf(symbol) != -1): null

2019-08-24 12:44:41 - [TEST_STEP][PASSED] - symbols = symbols: null

2019-08-24 12:44:41 - [TEST_STEP][PASSED] - for ([j = 0, j &lt; symbols.size(), (j++)]): null

2019-08-24 12:44:41 - [TEST_STEP][PASSED] - symbol = symbol: null

2019-08-24 12:44:41 - [TEST_STEP][PASSED] - println(symbol): null

2019-08-24 12:44:41 - [TEST_STEP][PASSED] - if (i == 2 &amp;&amp; wildList.indexOf(symbol) != -1): null

2019-08-24 12:44:41 - [TEST_STEP][PASSED] - if (i == 3 &amp;&amp; wildList.indexOf(symbol) != -1): null

2019-08-24 12:44:41 - [TEST_STEP][PASSED] - if (i == 4 &amp;&amp; wildList.indexOf(symbol) != -1): null

2019-08-24 12:44:41 - [TEST_STEP][PASSED] - symbol = symbol: null

2019-08-24 12:44:41 - [TEST_STEP][PASSED] - println(symbol): null

2019-08-24 12:44:41 - [TEST_STEP][PASSED] - if (i == 2 &amp;&amp; wildList.indexOf(symbol) != -1): null

2019-08-24 12:44:41 - [TEST_STEP][PASSED] - if (i == 3 &amp;&amp; wildList.indexOf(symbol) != -1): null

2019-08-24 12:44:41 - [TEST_STEP][PASSED] - if (i == 4 &amp;&amp; wildList.indexOf(symbol) != -1): null

2019-08-24 12:44:41 - [TEST_STEP][PASSED] - symbol = symbol: null

2019-08-24 12:44:41 - [TEST_STEP][PASSED] - println(symbol): null

2019-08-24 12:44:41 - [TEST_STEP][PASSED] - if (i == 2 &amp;&amp; wildList.indexOf(symbol) != -1): null

2019-08-24 12:44:41 - [TEST_STEP][PASSED] - if (i == 3 &amp;&amp; wildList.indexOf(symbol) != -1): null

2019-08-24 12:44:41 - [TEST_STEP][PASSED] - if (i == 4 &amp;&amp; wildList.indexOf(symbol) != -1): null

2019-08-24 12:44:41 - [TEST_STEP][PASSED] - symbols = symbols: null

2019-08-24 12:44:41 - [TEST_STEP][PASSED] - for ([j = 0, j &lt; symbols.size(), (j++)]): null

2019-08-24 12:44:41 - [TEST_STEP][PASSED] - symbol = symbol: null

2019-08-24 12:44:41 - [TEST_STEP][PASSED] - println(symbol): null

2019-08-24 12:44:41 - [TEST_STEP][PASSED] - if (i == 2 &amp;&amp; wildList.indexOf(symbol) != -1): null

2019-08-24 12:44:41 - [TEST_STEP][PASSED] - if (i == 3 &amp;&amp; wildList.indexOf(symbol) != -1): null

2019-08-24 12:44:41 - [TEST_STEP][PASSED] - if (i == 4 &amp;&amp; wildList.indexOf(symbol) != -1): null

2019-08-24 12:44:41 - [TEST_STEP][PASSED] - symbol = symbol: null

2019-08-24 12:44:41 - [TEST_STEP][PASSED] - println(symbol): null

2019-08-24 12:44:41 - [TEST_STEP][PASSED] - if (i == 2 &amp;&amp; wildList.indexOf(symbol) != -1): null

2019-08-24 12:44:41 - [TEST_STEP][PASSED] - if (i == 3 &amp;&amp; wildList.indexOf(symbol) != -1): null

2019-08-24 12:44:41 - [TEST_STEP][PASSED] - if (i == 4 &amp;&amp; wildList.indexOf(symbol) != -1): null

2019-08-24 12:44:41 - [TEST_STEP][PASSED] - symbol = symbol: null

2019-08-24 12:44:41 - [TEST_STEP][PASSED] - println(symbol): null

2019-08-24 12:44:41 - [TEST_STEP][PASSED] - if (i == 2 &amp;&amp; wildList.indexOf(symbol) != -1): null

2019-08-24 12:44:41 - [TEST_STEP][PASSED] - if (i == 3 &amp;&amp; wildList.indexOf(symbol) != -1): null

2019-08-24 12:44:41 - [TEST_STEP][PASSED] - if (i == 4 &amp;&amp; wildList.indexOf(symbol) != -1): null

2019-08-24 12:44:41 - [TEST_STEP][PASSED] - symbols = symbols: null

2019-08-24 12:44:41 - [TEST_STEP][PASSED] - for ([j = 0, j &lt; symbols.size(), (j++)]): null

2019-08-24 12:44:41 - [TEST_STEP][PASSED] - symbol = symbol: null

2019-08-24 12:44:41 - [TEST_STEP][PASSED] - println(symbol): null

2019-08-24 12:44:41 - [TEST_STEP][PASSED] - if (i == 2 &amp;&amp; wildList.indexOf(symbol) != -1): null

2019-08-24 12:44:41 - [TEST_STEP][PASSED] - if (i == 3 &amp;&amp; wildList.indexOf(symbol) != -1): null

2019-08-24 12:44:41 - [TEST_STEP][PASSED] - if (i == 4 &amp;&amp; wildList.indexOf(symbol) != -1): null

2019-08-24 12:44:41 - [TEST_STEP][PASSED] - symbol = symbol: null

2019-08-24 12:44:41 - [TEST_STEP][PASSED] - println(symbol): null

2019-08-24 12:44:41 - [TEST_STEP][PASSED] - if (i == 2 &amp;&amp; wildList.indexOf(symbol) != -1): null

2019-08-24 12:44:41 - [TEST_STEP][PASSED] - if (i == 3 &amp;&amp; wildList.indexOf(symbol) != -1): null

2019-08-24 12:44:41 - [TEST_STEP][PASSED] - println("wild found on reel 4, adding counter by 1"): null

2019-08-24 12:44:41 - [TEST_STEP][PASSED] - free_spin_reel_counter[1] = free_spin_reel_counter[1] + 1: null

2019-08-24 12:44:41 - [TEST_STEP][PASSED] - if (i == 4 &amp;&amp; wildList.indexOf(symbol) != -1): null

2019-08-24 12:44:41 - [TEST_STEP][PASSED] - symbol = symbol: null

2019-08-24 12:44:41 - [TEST_STEP][PASSED] - println(symbol): null

2019-08-24 12:44:41 - [TEST_STEP][PASSED] - if (i == 2 &amp;&amp; wildList.indexOf(symbol) != -1): null

2019-08-24 12:44:41 - [TEST_STEP][PASSED] - if (i == 3 &amp;&amp; wildList.indexOf(symbol) != -1): null

2019-08-24 12:44:41 - [TEST_STEP][PASSED] - if (i == 4 &amp;&amp; wildList.indexOf(symbol) != -1): null

2019-08-24 12:44:41 - [TEST_STEP][PASSED] - symbols = symbols: null

2019-08-24 12:44:41 - [TEST_STEP][PASSED] - for ([j = 0, j &lt; symbols.size(), (j++)]): null

2019-08-24 12:44:41 - [TEST_STEP][PASSED] - symbol = symbol: null

2019-08-24 12:44:41 - [TEST_STEP][PASSED] - println(symbol): null

2019-08-24 12:44:41 - [TEST_STEP][PASSED] - if (i == 2 &amp;&amp; wildList.indexOf(symbol) != -1): null

2019-08-24 12:44:41 - [TEST_STEP][PASSED] - if (i == 3 &amp;&amp; wildList.indexOf(symbol) != -1): null

2019-08-24 12:44:41 - [TEST_STEP][PASSED] - if (i == 4 &amp;&amp; wildList.indexOf(symbol) != -1): null

2019-08-24 12:44:41 - [TEST_STEP][PASSED] - symbol = symbol: null

2019-08-24 12:44:41 - [TEST_STEP][PASSED] - println(symbol): null

2019-08-24 12:44:41 - [TEST_STEP][PASSED] - if (i == 2 &amp;&amp; wildList.indexOf(symbol) != -1): null

2019-08-24 12:44:41 - [TEST_STEP][PASSED] - if (i == 3 &amp;&amp; wildList.indexOf(symbol) != -1): null

2019-08-24 12:44:41 - [TEST_STEP][PASSED] - if (i == 4 &amp;&amp; wildList.indexOf(symbol) != -1): null

2019-08-24 12:44:41 - [TEST_STEP][PASSED] - symbol = symbol: null

2019-08-24 12:44:41 - [TEST_STEP][PASSED] - println(symbol): null

2019-08-24 12:44:41 - [TEST_STEP][PASSED] - if (i == 2 &amp;&amp; wildList.indexOf(symbol) != -1): null

2019-08-24 12:44:41 - [TEST_STEP][PASSED] - if (i == 3 &amp;&amp; wildList.indexOf(symbol) != -1): null

2019-08-24 12:44:41 - [TEST_STEP][PASSED] - if (i == 4 &amp;&amp; wildList.indexOf(symbol) != -1): null

2019-08-24 12:44:41 - [TEST_STEP][PASSED] - free_spin_reel_counter = free_spin_reel_counter: null

2019-08-24 12:44:41 - [TEST_STEP][PASSED] - println("reel 3 wild found: " + free_spin_reel_counter[0]): null

2019-08-24 12:44:41 - [TEST_STEP][PASSED] - println("reel 4 wild found: " + free_spin_reel_counter[1]): null

2019-08-24 12:44:41 - [TEST_STEP][PASSED] - println("reel 5 wild found: " + free_spin_reel_counter[2]): null

2019-08-24 12:44:41 - [TEST_STEP][PASSED] - M4_spin_reels = M4_spin_reels: null

2019-08-24 12:44:41 - [TEST_STEP][PASSED] - M4_spin_reels_symbols = symbol: null

2019-08-24 12:44:41 - [TEST_STEP][PASSED] - M4_spin_reels_symbols = M4_spin_reels_symbols: null

2019-08-24 12:44:41 - [TEST_STEP][PASSED] - M4_spin_reel_wins = reel_wins: null

2019-08-24 12:44:41 - [TEST_STEP][PASSED] - M4_spin_reel_wins = M4_spin_reel_wins: null

2019-08-24 12:44:41 - [TEST_STEP][PASSED] - println("GlobalVariable.M4_spin_reel_wins is: " + M4_spin_reel_wins): null

2019-08-24 12:44:41 - [TEST_STEP][PASSED] - M4_spin_total_bonus_win_this_round = total_bonus_win_this_round: null

2019-08-24 12:44:41 - [TEST_STEP][PASSED] - M4_spin_total_bonus_win_this_round = M4_spin_total_bonus_win_this_round: null

2019-08-24 12:44:41 - [TEST_STEP][PASSED] - println("GlobalVariable.M4_spin_total_bonus_win_this_round is: " + M4_spin_total_bonus_win_this_round): null

2019-08-24 12:44:41 - [TEST_STEP][PASSED] - M4_spin_bonus_spin_result = spin_result: null

2019-08-24 12:44:41 - [TEST_STEP][PASSED] - M4_spin_bonus_spin_result = M4_spin_bonus_spin_result: null

2019-08-24 12:44:41 - [MESSAGE][PASSED] - Verify response successfully

2019-08-24 12:44:41 - [MESSAGE][PASSED] - Send request and verify the response successfully

2019-08-24 12:44:41 - [TEST_STEP][PASSED] - if (M4_total_bonus_spins_int != 0 &amp;&amp; M4_spin_reels_symbols[2].contains("WILD_Double") || M4_spin_reels_symbols[4].contains("WILD_Triple")): null

2019-08-24 12:44:41 - [TEST_STEP][PASSED] - free_spin_reel_counter = free_spin_reel_counter: null

2019-08-24 12:44:41 - [TEST_STEP][PASSED] - M4_spin_reels_symbols = M4_spin_reels_symbols: null

2019-08-24 12:44:41 - [TEST_STEP][PASSED] - M4_total_bonus_spins = M4_total_bonus_spins: null

2019-08-24 12:44:41 - [TEST_STEP][PASSED] - spin_result = sendRequestAndVerify(findTestObject("INT/RGS(M4)/1_M4_spin", ["M4_login_user_id":M4_login_user_id, "rgs_session_token":rgs_session_token, "partner":Partner])): Send request and verify the response successfully

2019-08-24 12:44:41 - [MESSAGE][INFO] - HAR: /Users/eiralee/Katalon_Script/SuperWild/Reports/20190824_124242/INT/superWild_4/20190824_124242/requests/main/39.har

2019-08-24 12:44:41 - [TEST_CASE][PASSED] - Start Test Case : Verification: Verification accomplished successfully

2019-08-24 12:44:41 - [TEST_STEP][PASSED] - request = getInstance().getCurrentRequest(): null

2019-08-24 12:44:41 - [TEST_STEP][PASSED] - response = getInstance().getCurrentResponse(): null

2019-08-24 12:44:41 - [TEST_STEP][PASSED] - verifyResponseStatusCode(response, 200): Verify response status code successfully

2019-08-24 12:44:41 - [MESSAGE][PASSED] - Verify response status code successfully

2019-08-24 12:44:41 - [TEST_STEP][PASSED] - getStatusCode()).isEqualTo(200): null

2019-08-24 12:44:41 - [TEST_STEP][PASSED] - newline = System.getProperty("line.separator"): null

2019-08-24 12:44:41 - [TEST_STEP][PASSED] - M4_spin = new groovy.json.JsonSlurper(): null

2019-08-24 12:44:41 - [TEST_STEP][PASSED] - result_M4_spin = M4_spin.parseText(response.getResponseBodyContent()): null

2019-08-24 12:44:41 - [TEST_STEP][PASSED] - M4_spin_current_balance = current_balance: null

2019-08-24 12:44:41 - [TEST_STEP][PASSED] - M4_spin_current_balance = M4_spin_current_balance: null

2019-08-24 12:44:41 - [TEST_STEP][PASSED] - M4_spin_transaction_id = causality: null

2019-08-24 12:44:41 - [TEST_STEP][PASSED] - M4_spin_transaction_id = M4_spin_transaction_id: null

2019-08-24 12:44:41 - [TEST_STEP][PASSED] - M4_spin_round_id = round_id: null

2019-08-24 12:44:41 - [TEST_STEP][PASSED] - M4_spin_round_id = M4_spin_round_id: null

2019-08-24 12:44:41 - [TEST_STEP][PASSED] - M4_spin_line_wins = line_wins: null

2019-08-24 12:44:41 - [TEST_STEP][PASSED] - M4_spin_line_wins = M4_spin_line_wins: null

2019-08-24 12:44:41 - [TEST_STEP][PASSED] - M4_total_bonus_spins_int = total_bonus_spins: null

2019-08-24 12:44:41 - [TEST_STEP][PASSED] - println("******M4_total_bonus_spins type is:*******" + newline + getClass().getName()): null

2019-08-24 12:44:41 - [TEST_STEP][PASSED] - M4_total_bonus_spins_int = M4_total_bonus_spins_int: null

2019-08-24 12:44:41 - [TEST_STEP][PASSED] - M4_total_bonus_spins = Integer.toString(M4_total_bonus_spins_int): null

2019-08-24 12:44:41 - [TEST_STEP][PASSED] - M4_total_bonus_spins = M4_total_bonus_spins: null

2019-08-24 12:44:41 - [TEST_STEP][PASSED] - println("M4_total_bonus_spins is:" + M4_total_bonus_spins): null

2019-08-24 12:44:41 - [TEST_STEP][PASSED] - M4_spin_bonus_data = bonus_data: null

2019-08-24 12:44:41 - [TEST_STEP][PASSED] - M4_spin_features_triggered = result_M4_spin: null

2019-08-24 12:44:41 - [TEST_STEP][PASSED] - wild = []: null

2019-08-24 12:44:41 - [TEST_STEP][PASSED] - wild[0] = "WILD_Expanding": null

2019-08-24 12:44:41 - [TEST_STEP][PASSED] - wild[1] = "WILD_Normal": null

2019-08-24 12:44:41 - [TEST_STEP][PASSED] - wild[2] = "WILD_Double": null

2019-08-24 12:44:41 - [TEST_STEP][PASSED] - wild[3] = "WILD_ExtraFG": null

2019-08-24 12:44:41 - [TEST_STEP][PASSED] - wild[4] = "WILD_Triple": null

2019-08-24 12:44:41 - [TEST_STEP][PASSED] - wildList = Arrays.asList(wild): null

2019-08-24 12:44:41 - [TEST_STEP][PASSED] - wildList = wildList: null

2019-08-24 12:44:41 - [TEST_STEP][PASSED] - free_spin_reel_counter = []: null

2019-08-24 12:44:41 - [TEST_STEP][PASSED] - free_spin_reel_counter[0] = 0: null

2019-08-24 12:44:41 - [TEST_STEP][PASSED] - free_spin_reel_counter[1] = 0: null

2019-08-24 12:44:41 - [TEST_STEP][PASSED] - free_spin_reel_counter[2] = 0: null

2019-08-24 12:44:41 - [TEST_STEP][PASSED] - M4_spin_reels = reels: null

2019-08-24 12:44:41 - [TEST_STEP][PASSED] - for ([i = 0, i &lt; M4_spin_reels.size(), (i++)]): null

2019-08-24 12:44:41 - [TEST_STEP][PASSED] - symbols = symbols: null

2019-08-24 12:44:41 - [TEST_STEP][PASSED] - for ([j = 0, j &lt; symbols.size(), (j++)]): null

2019-08-24 12:44:41 - [TEST_STEP][PASSED] - symbol = symbol: null

2019-08-24 12:44:41 - [TEST_STEP][PASSED] - println(symbol): null

2019-08-24 12:44:41 - [TEST_STEP][PASSED] - if (i == 2 &amp;&amp; wildList.indexOf(symbol) != -1): null

2019-08-24 12:44:41 - [TEST_STEP][PASSED] - if (i == 3 &amp;&amp; wildList.indexOf(symbol) != -1): null

2019-08-24 12:44:41 - [TEST_STEP][PASSED] - if (i == 4 &amp;&amp; wildList.indexOf(symbol) != -1): null

2019-08-24 12:44:41 - [TEST_STEP][PASSED] - symbol = symbol: null

2019-08-24 12:44:41 - [TEST_STEP][PASSED] - println(symbol): null

2019-08-24 12:44:41 - [TEST_STEP][PASSED] - if (i == 2 &amp;&amp; wildList.indexOf(symbol) != -1): null

2019-08-24 12:44:41 - [TEST_STEP][PASSED] - if (i == 3 &amp;&amp; wildList.indexOf(symbol) != -1): null

2019-08-24 12:44:41 - [TEST_STEP][PASSED] - if (i == 4 &amp;&amp; wildList.indexOf(symbol) != -1): null

2019-08-24 12:44:41 - [TEST_STEP][PASSED] - symbol = symbol: null

2019-08-24 12:44:41 - [TEST_STEP][PASSED] - println(symbol): null

2019-08-24 12:44:41 - [TEST_STEP][PASSED] - if (i == 2 &amp;&amp; wildList.indexOf(symbol) != -1): null

2019-08-24 12:44:41 - [TEST_STEP][PASSED] - if (i == 3 &amp;&amp; wildList.indexOf(symbol) != -1): null

2019-08-24 12:44:41 - [TEST_STEP][PASSED] - if (i == 4 &amp;&amp; wildList.indexOf(symbol) != -1): null

2019-08-24 12:44:41 - [TEST_STEP][PASSED] - symbols = symbols: null

2019-08-24 12:44:41 - [TEST_STEP][PASSED] - for ([j = 0, j &lt; symbols.size(), (j++)]): null

2019-08-24 12:44:41 - [TEST_STEP][PASSED] - symbol = symbol: null

2019-08-24 12:44:41 - [TEST_STEP][PASSED] - println(symbol): null

2019-08-24 12:44:41 - [TEST_STEP][PASSED] - if (i == 2 &amp;&amp; wildList.indexOf(symbol) != -1): null

2019-08-24 12:44:41 - [TEST_STEP][PASSED] - if (i == 3 &amp;&amp; wildList.indexOf(symbol) != -1): null

2019-08-24 12:44:41 - [TEST_STEP][PASSED] - if (i == 4 &amp;&amp; wildList.indexOf(symbol) != -1): null

2019-08-24 12:44:41 - [TEST_STEP][PASSED] - symbol = symbol: null

2019-08-24 12:44:41 - [TEST_STEP][PASSED] - println(symbol): null

2019-08-24 12:44:41 - [TEST_STEP][PASSED] - if (i == 2 &amp;&amp; wildList.indexOf(symbol) != -1): null

2019-08-24 12:44:41 - [TEST_STEP][PASSED] - if (i == 3 &amp;&amp; wildList.indexOf(symbol) != -1): null

2019-08-24 12:44:41 - [TEST_STEP][PASSED] - if (i == 4 &amp;&amp; wildList.indexOf(symbol) != -1): null

2019-08-24 12:44:41 - [TEST_STEP][PASSED] - symbol = symbol: null

2019-08-24 12:44:41 - [TEST_STEP][PASSED] - println(symbol): null

2019-08-24 12:44:41 - [TEST_STEP][PASSED] - if (i == 2 &amp;&amp; wildList.indexOf(symbol) != -1): null

2019-08-24 12:44:41 - [TEST_STEP][PASSED] - if (i == 3 &amp;&amp; wildList.indexOf(symbol) != -1): null

2019-08-24 12:44:41 - [TEST_STEP][PASSED] - if (i == 4 &amp;&amp; wildList.indexOf(symbol) != -1): null

2019-08-24 12:44:41 - [TEST_STEP][PASSED] - symbols = symbols: null

2019-08-24 12:44:41 - [TEST_STEP][PASSED] - for ([j = 0, j &lt; symbols.size(), (j++)]): null

2019-08-24 12:44:41 - [TEST_STEP][PASSED] - symbol = symbol: null

2019-08-24 12:44:41 - [TEST_STEP][PASSED] - println(symbol): null

2019-08-24 12:44:41 - [TEST_STEP][PASSED] - if (i == 2 &amp;&amp; wildList.indexOf(symbol) != -1): null

2019-08-24 12:44:41 - [TEST_STEP][PASSED] - if (i == 3 &amp;&amp; wildList.indexOf(symbol) != -1): null

2019-08-24 12:44:41 - [TEST_STEP][PASSED] - if (i == 4 &amp;&amp; wildList.indexOf(symbol) != -1): null

2019-08-24 12:44:41 - [TEST_STEP][PASSED] - symbol = symbol: null

2019-08-24 12:44:41 - [TEST_STEP][PASSED] - println(symbol): null

2019-08-24 12:44:41 - [TEST_STEP][PASSED] - if (i == 2 &amp;&amp; wildList.indexOf(symbol) != -1): null

2019-08-24 12:44:41 - [TEST_STEP][PASSED] - if (i == 3 &amp;&amp; wildList.indexOf(symbol) != -1): null

2019-08-24 12:44:41 - [TEST_STEP][PASSED] - if (i == 4 &amp;&amp; wildList.indexOf(symbol) != -1): null

2019-08-24 12:44:41 - [TEST_STEP][PASSED] - symbol = symbol: null

2019-08-24 12:44:41 - [TEST_STEP][PASSED] - println(symbol): null

2019-08-24 12:44:41 - [TEST_STEP][PASSED] - if (i == 2 &amp;&amp; wildList.indexOf(symbol) != -1): null

2019-08-24 12:44:41 - [TEST_STEP][PASSED] - println("wild found on reel 3, adding counter by 1"): null

2019-08-24 12:44:41 - [TEST_STEP][PASSED] - free_spin_reel_counter[0] = free_spin_reel_counter[0] + 1: null

2019-08-24 12:44:41 - [TEST_STEP][PASSED] - if (i == 3 &amp;&amp; wildList.indexOf(symbol) != -1): null

2019-08-24 12:44:41 - [TEST_STEP][PASSED] - if (i == 4 &amp;&amp; wildList.indexOf(symbol) != -1): null

2019-08-24 12:44:41 - [TEST_STEP][PASSED] - symbols = symbols: null

2019-08-24 12:44:41 - [TEST_STEP][PASSED] - for ([j = 0, j &lt; symbols.size(), (j++)]): null

2019-08-24 12:44:41 - [TEST_STEP][PASSED] - symbol = symbol: null

2019-08-24 12:44:41 - [TEST_STEP][PASSED] - println(symbol): null

2019-08-24 12:44:41 - [TEST_STEP][PASSED] - if (i == 2 &amp;&amp; wildList.indexOf(symbol) != -1): null

2019-08-24 12:44:41 - [TEST_STEP][PASSED] - if (i == 3 &amp;&amp; wildList.indexOf(symbol) != -1): null

2019-08-24 12:44:41 - [TEST_STEP][PASSED] - println("wild found on reel 4, adding counter by 1"): null

2019-08-24 12:44:41 - [TEST_STEP][PASSED] - free_spin_reel_counter[1] = free_spin_reel_counter[1] + 1: null

2019-08-24 12:44:41 - [TEST_STEP][PASSED] - if (i == 4 &amp;&amp; wildList.indexOf(symbol) != -1): null

2019-08-24 12:44:41 - [TEST_STEP][PASSED] - symbol = symbol: null

2019-08-24 12:44:41 - [TEST_STEP][PASSED] - println(symbol): null

2019-08-24 12:44:41 - [TEST_STEP][PASSED] - if (i == 2 &amp;&amp; wildList.indexOf(symbol) != -1): null

2019-08-24 12:44:41 - [TEST_STEP][PASSED] - if (i == 3 &amp;&amp; wildList.indexOf(symbol) != -1): null

2019-08-24 12:44:41 - [TEST_STEP][PASSED] - if (i == 4 &amp;&amp; wildList.indexOf(symbol) != -1): null

2019-08-24 12:44:41 - [TEST_STEP][PASSED] - symbol = symbol: null

2019-08-24 12:44:41 - [TEST_STEP][PASSED] - println(symbol): null

2019-08-24 12:44:41 - [TEST_STEP][PASSED] - if (i == 2 &amp;&amp; wildList.indexOf(symbol) != -1): null

2019-08-24 12:44:41 - [TEST_STEP][PASSED] - if (i == 3 &amp;&amp; wildList.indexOf(symbol) != -1): null

2019-08-24 12:44:41 - [TEST_STEP][PASSED] - if (i == 4 &amp;&amp; wildList.indexOf(symbol) != -1): null

2019-08-24 12:44:41 - [TEST_STEP][PASSED] - symbols = symbols: null

2019-08-24 12:44:41 - [TEST_STEP][PASSED] - for ([j = 0, j &lt; symbols.size(), (j++)]): null

2019-08-24 12:44:41 - [TEST_STEP][PASSED] - symbol = symbol: null

2019-08-24 12:44:41 - [TEST_STEP][PASSED] - println(symbol): null

2019-08-24 12:44:41 - [TEST_STEP][PASSED] - if (i == 2 &amp;&amp; wildList.indexOf(symbol) != -1): null

2019-08-24 12:44:41 - [TEST_STEP][PASSED] - if (i == 3 &amp;&amp; wildList.indexOf(symbol) != -1): null

2019-08-24 12:44:41 - [TEST_STEP][PASSED] - if (i == 4 &amp;&amp; wildList.indexOf(symbol) != -1): null

2019-08-24 12:44:41 - [TEST_STEP][PASSED] - symbol = symbol: null

2019-08-24 12:44:41 - [TEST_STEP][PASSED] - println(symbol): null

2019-08-24 12:44:41 - [TEST_STEP][PASSED] - if (i == 2 &amp;&amp; wildList.indexOf(symbol) != -1): null

2019-08-24 12:44:41 - [TEST_STEP][PASSED] - if (i == 3 &amp;&amp; wildList.indexOf(symbol) != -1): null

2019-08-24 12:44:41 - [TEST_STEP][PASSED] - if (i == 4 &amp;&amp; wildList.indexOf(symbol) != -1): null

2019-08-24 12:44:41 - [TEST_STEP][PASSED] - symbol = symbol: null

2019-08-24 12:44:41 - [TEST_STEP][PASSED] - println(symbol): null

2019-08-24 12:44:41 - [TEST_STEP][PASSED] - if (i == 2 &amp;&amp; wildList.indexOf(symbol) != -1): null

2019-08-24 12:44:41 - [TEST_STEP][PASSED] - if (i == 3 &amp;&amp; wildList.indexOf(symbol) != -1): null

2019-08-24 12:44:41 - [TEST_STEP][PASSED] - if (i == 4 &amp;&amp; wildList.indexOf(symbol) != -1): null

2019-08-24 12:44:41 - [TEST_STEP][PASSED] - free_spin_reel_counter = free_spin_reel_counter: null

2019-08-24 12:44:41 - [TEST_STEP][PASSED] - println("reel 3 wild found: " + free_spin_reel_counter[0]): null

2019-08-24 12:44:41 - [TEST_STEP][PASSED] - println("reel 4 wild found: " + free_spin_reel_counter[1]): null

2019-08-24 12:44:41 - [TEST_STEP][PASSED] - println("reel 5 wild found: " + free_spin_reel_counter[2]): null

2019-08-24 12:44:41 - [TEST_STEP][PASSED] - M4_spin_reels = M4_spin_reels: null

2019-08-24 12:44:41 - [TEST_STEP][PASSED] - M4_spin_reels_symbols = symbol: null

2019-08-24 12:44:41 - [TEST_STEP][PASSED] - M4_spin_reels_symbols = M4_spin_reels_symbols: null

2019-08-24 12:44:41 - [TEST_STEP][PASSED] - M4_spin_reel_wins = reel_wins: null

2019-08-24 12:44:41 - [TEST_STEP][PASSED] - M4_spin_reel_wins = M4_spin_reel_wins: null

2019-08-24 12:44:41 - [TEST_STEP][PASSED] - println("GlobalVariable.M4_spin_reel_wins is: " + M4_spin_reel_wins): null

2019-08-24 12:44:41 - [TEST_STEP][PASSED] - M4_spin_total_bonus_win_this_round = total_bonus_win_this_round: null

2019-08-24 12:44:41 - [TEST_STEP][PASSED] - M4_spin_total_bonus_win_this_round = M4_spin_total_bonus_win_this_round: null

2019-08-24 12:44:41 - [TEST_STEP][PASSED] - println("GlobalVariable.M4_spin_total_bonus_win_this_round is: " + M4_spin_total_bonus_win_this_round): null

2019-08-24 12:44:41 - [TEST_STEP][PASSED] - M4_spin_bonus_spin_result = spin_result: null

2019-08-24 12:44:41 - [TEST_STEP][PASSED] - M4_spin_bonus_spin_result = M4_spin_bonus_spin_result: null

2019-08-24 12:44:41 - [MESSAGE][PASSED] - Verify response successfully

2019-08-24 12:44:41 - [MESSAGE][PASSED] - Send request and verify the response successfully

2019-08-24 12:44:41 - [TEST_STEP][PASSED] - if (M4_total_bonus_spins_int != 0 &amp;&amp; M4_spin_reels_symbols[2].contains("WILD_Double") || M4_spin_reels_symbols[4].contains("WILD_Triple")): null

2019-08-24 12:44:41 - [TEST_STEP][PASSED] - free_spin_reel_counter = free_spin_reel_counter: null

2019-08-24 12:44:41 - [TEST_STEP][PASSED] - M4_spin_reels_symbols = M4_spin_reels_symbols: null

2019-08-24 12:44:41 - [TEST_STEP][PASSED] - M4_total_bonus_spins = M4_total_bonus_spins: null

2019-08-24 12:44:41 - [TEST_STEP][PASSED] - spin_result = sendRequestAndVerify(findTestObject("INT/RGS(M4)/1_M4_spin", ["M4_login_user_id":M4_login_user_id, "rgs_session_token":rgs_session_token, "partner":Partner])): Send request and verify the response successfully

2019-08-24 12:44:42 - [MESSAGE][INFO] - HAR: /Users/eiralee/Katalon_Script/SuperWild/Reports/20190824_124242/INT/superWild_4/20190824_124242/requests/main/40.har

2019-08-24 12:44:42 - [TEST_CASE][PASSED] - Start Test Case : Verification: Verification accomplished successfully

2019-08-24 12:44:42 - [TEST_STEP][PASSED] - request = getInstance().getCurrentRequest(): null

2019-08-24 12:44:42 - [TEST_STEP][PASSED] - response = getInstance().getCurrentResponse(): null

2019-08-24 12:44:42 - [TEST_STEP][PASSED] - verifyResponseStatusCode(response, 200): Verify response status code successfully

2019-08-24 12:44:42 - [MESSAGE][PASSED] - Verify response status code successfully

2019-08-24 12:44:42 - [TEST_STEP][PASSED] - getStatusCode()).isEqualTo(200): null

2019-08-24 12:44:42 - [TEST_STEP][PASSED] - newline = System.getProperty("line.separator"): null

2019-08-24 12:44:42 - [TEST_STEP][PASSED] - M4_spin = new groovy.json.JsonSlurper(): null

2019-08-24 12:44:42 - [TEST_STEP][PASSED] - result_M4_spin = M4_spin.parseText(response.getResponseBodyContent()): null

2019-08-24 12:44:42 - [TEST_STEP][PASSED] - M4_spin_current_balance = current_balance: null

2019-08-24 12:44:42 - [TEST_STEP][PASSED] - M4_spin_current_balance = M4_spin_current_balance: null

2019-08-24 12:44:42 - [TEST_STEP][PASSED] - M4_spin_transaction_id = causality: null

2019-08-24 12:44:42 - [TEST_STEP][PASSED] - M4_spin_transaction_id = M4_spin_transaction_id: null

2019-08-24 12:44:42 - [TEST_STEP][PASSED] - M4_spin_round_id = round_id: null

2019-08-24 12:44:42 - [TEST_STEP][PASSED] - M4_spin_round_id = M4_spin_round_id: null

2019-08-24 12:44:42 - [TEST_STEP][PASSED] - M4_spin_line_wins = line_wins: null

2019-08-24 12:44:42 - [TEST_STEP][PASSED] - M4_spin_line_wins = M4_spin_line_wins: null

2019-08-24 12:44:42 - [TEST_STEP][PASSED] - M4_total_bonus_spins_int = total_bonus_spins: null

2019-08-24 12:44:42 - [TEST_STEP][PASSED] - println("******M4_total_bonus_spins type is:*******" + newline + getClass().getName()): null

2019-08-24 12:44:42 - [TEST_STEP][PASSED] - M4_total_bonus_spins_int = M4_total_bonus_spins_int: null

2019-08-24 12:44:42 - [TEST_STEP][PASSED] - M4_total_bonus_spins = Integer.toString(M4_total_bonus_spins_int): null

2019-08-24 12:44:42 - [TEST_STEP][PASSED] - M4_total_bonus_spins = M4_total_bonus_spins: null

2019-08-24 12:44:42 - [TEST_STEP][PASSED] - println("M4_total_bonus_spins is:" + M4_total_bonus_spins): null

2019-08-24 12:44:42 - [TEST_STEP][PASSED] - M4_spin_bonus_data = bonus_data: null

2019-08-24 12:44:42 - [TEST_STEP][PASSED] - M4_spin_features_triggered = result_M4_spin: null

2019-08-24 12:44:42 - [TEST_STEP][PASSED] - wild = []: null

2019-08-24 12:44:46 - [TEST_STEP][PASSED] - wild[0] = "WILD_Expanding": null

2019-08-24 12:44:46 - [TEST_STEP][PASSED] - wild[1] = "WILD_Normal": null

2019-08-24 12:44:46 - [TEST_STEP][PASSED] - wild[2] = "WILD_Double": null

2019-08-24 12:44:46 - [TEST_STEP][PASSED] - wild[3] = "WILD_ExtraFG": null

2019-08-24 12:44:46 - [TEST_STEP][PASSED] - wild[4] = "WILD_Triple": null

2019-08-24 12:44:46 - [TEST_STEP][PASSED] - wildList = Arrays.asList(wild): null

2019-08-24 12:44:46 - [TEST_STEP][PASSED] - wildList = wildList: null

2019-08-24 12:44:46 - [TEST_STEP][PASSED] - free_spin_reel_counter = []: null

2019-08-24 12:44:46 - [TEST_STEP][PASSED] - free_spin_reel_counter[0] = 0: null

2019-08-24 12:44:46 - [TEST_STEP][PASSED] - free_spin_reel_counter[1] = 0: null

2019-08-24 12:44:51 - [TEST_STEP][PASSED] - free_spin_reel_counter[2] = 0: null

2019-08-24 12:44:51 - [TEST_STEP][PASSED] - M4_spin_reels = reels: null

2019-08-24 12:44:51 - [TEST_STEP][PASSED] - for ([i = 0, i &lt; M4_spin_reels.size(), (i++)]): null

2019-08-24 12:44:51 - [TEST_STEP][PASSED] - symbols = symbols: null

2019-08-24 12:44:51 - [TEST_STEP][PASSED] - for ([j = 0, j &lt; symbols.size(), (j++)]): null

2019-08-24 12:44:51 - [TEST_STEP][PASSED] - symbol = symbol: null

2019-08-24 12:44:56 - [TEST_STEP][PASSED] - println(symbol): null

2019-08-24 12:44:56 - [TEST_STEP][PASSED] - if (i == 2 &amp;&amp; wildList.indexOf(symbol) != -1): null

2019-08-24 12:44:56 - [TEST_STEP][PASSED] - if (i == 3 &amp;&amp; wildList.indexOf(symbol) != -1): null

2019-08-24 12:44:56 - [TEST_STEP][PASSED] - if (i == 4 &amp;&amp; wildList.indexOf(symbol) != -1): null

2019-08-24 12:44:56 - [TEST_STEP][PASSED] - symbol = symbol: null

2019-08-24 12:44:56 - [TEST_STEP][PASSED] - println(symbol): null

2019-08-24 12:44:56 - [TEST_STEP][PASSED] - if (i == 2 &amp;&amp; wildList.indexOf(symbol) != -1): null

2019-08-24 12:44:56 - [TEST_STEP][PASSED] - if (i == 3 &amp;&amp; wildList.indexOf(symbol) != -1): null

2019-08-24 12:44:56 - [TEST_STEP][PASSED] - if (i == 4 &amp;&amp; wildList.indexOf(symbol) != -1): null

2019-08-24 12:44:56 - [TEST_STEP][PASSED] - symbol = symbol: null

2019-08-24 12:44:56 - [TEST_STEP][PASSED] - println(symbol): null

2019-08-24 12:44:56 - [TEST_STEP][PASSED] - if (i == 2 &amp;&amp; wildList.indexOf(symbol) != -1): null

2019-08-24 12:44:56 - [TEST_STEP][PASSED] - if (i == 3 &amp;&amp; wildList.indexOf(symbol) != -1): null

2019-08-24 12:44:56 - [TEST_STEP][PASSED] - if (i == 4 &amp;&amp; wildList.indexOf(symbol) != -1): null

2019-08-24 12:44:56 - [TEST_STEP][PASSED] - symbols = symbols: null

2019-08-24 12:44:56 - [TEST_STEP][PASSED] - for ([j = 0, j &lt; symbols.size(), (j++)]): null

2019-08-24 12:44:56 - [TEST_STEP][PASSED] - symbol = symbol: null

2019-08-24 12:44:56 - [TEST_STEP][PASSED] - println(symbol): null

2019-08-24 12:44:56 - [TEST_STEP][PASSED] - if (i == 2 &amp;&amp; wildList.indexOf(symbol) != -1): null

2019-08-24 12:44:56 - [TEST_STEP][PASSED] - if (i == 3 &amp;&amp; wildList.indexOf(symbol) != -1): null

2019-08-24 12:44:56 - [TEST_STEP][PASSED] - if (i == 4 &amp;&amp; wildList.indexOf(symbol) != -1): null

2019-08-24 12:44:56 - [TEST_STEP][PASSED] - symbol = symbol: null

2019-08-24 12:44:56 - [TEST_STEP][PASSED] - println(symbol): null

2019-08-24 12:44:56 - [TEST_STEP][PASSED] - if (i == 2 &amp;&amp; wildList.indexOf(symbol) != -1): null

2019-08-24 12:44:56 - [TEST_STEP][PASSED] - if (i == 3 &amp;&amp; wildList.indexOf(symbol) != -1): null

2019-08-24 12:44:56 - [TEST_STEP][PASSED] - if (i == 4 &amp;&amp; wildList.indexOf(symbol) != -1): null

2019-08-24 12:44:56 - [TEST_STEP][PASSED] - symbol = symbol: null

2019-08-24 12:44:56 - [TEST_STEP][PASSED] - println(symbol): null

2019-08-24 12:44:56 - [TEST_STEP][PASSED] - if (i == 2 &amp;&amp; wildList.indexOf(symbol) != -1): null

2019-08-24 12:44:56 - [TEST_STEP][PASSED] - if (i == 3 &amp;&amp; wildList.indexOf(symbol) != -1): null

2019-08-24 12:44:56 - [TEST_STEP][PASSED] - if (i == 4 &amp;&amp; wildList.indexOf(symbol) != -1): null

2019-08-24 12:44:56 - [TEST_STEP][PASSED] - symbols = symbols: null

2019-08-24 12:44:56 - [TEST_STEP][PASSED] - for ([j = 0, j &lt; symbols.size(), (j++)]): null

2019-08-24 12:44:56 - [TEST_STEP][PASSED] - symbol = symbol: null

2019-08-24 12:44:56 - [TEST_STEP][PASSED] - println(symbol): null

2019-08-24 12:44:56 - [TEST_STEP][PASSED] - if (i == 2 &amp;&amp; wildList.indexOf(symbol) != -1): null

2019-08-24 12:44:56 - [TEST_STEP][PASSED] - println("wild found on reel 3, adding counter by 1"): null

2019-08-24 12:44:56 - [TEST_STEP][PASSED] - free_spin_reel_counter[0] = free_spin_reel_counter[0] + 1: null

2019-08-24 12:44:56 - [TEST_STEP][PASSED] - if (i == 3 &amp;&amp; wildList.indexOf(symbol) != -1): null

2019-08-24 12:44:56 - [TEST_STEP][PASSED] - if (i == 4 &amp;&amp; wildList.indexOf(symbol) != -1): null

2019-08-24 12:44:56 - [TEST_STEP][PASSED] - symbol = symbol: null

2019-08-24 12:44:56 - [TEST_STEP][PASSED] - println(symbol): null

2019-08-24 12:44:56 - [TEST_STEP][PASSED] - if (i == 2 &amp;&amp; wildList.indexOf(symbol) != -1): null

2019-08-24 12:44:56 - [TEST_STEP][PASSED] - if (i == 3 &amp;&amp; wildList.indexOf(symbol) != -1): null

2019-08-24 12:44:56 - [TEST_STEP][PASSED] - if (i == 4 &amp;&amp; wildList.indexOf(symbol) != -1): null

2019-08-24 12:44:56 - [TEST_STEP][PASSED] - symbol = symbol: null

2019-08-24 12:44:56 - [TEST_STEP][PASSED] - println(symbol): null

2019-08-24 12:44:56 - [TEST_STEP][PASSED] - if (i == 2 &amp;&amp; wildList.indexOf(symbol) != -1): null

2019-08-24 12:44:56 - [TEST_STEP][PASSED] - if (i == 3 &amp;&amp; wildList.indexOf(symbol) != -1): null

2019-08-24 12:44:56 - [TEST_STEP][PASSED] - if (i == 4 &amp;&amp; wildList.indexOf(symbol) != -1): null

2019-08-24 12:44:56 - [TEST_STEP][PASSED] - symbols = symbols: null

2019-08-24 12:44:56 - [TEST_STEP][PASSED] - for ([j = 0, j &lt; symbols.size(), (j++)]): null

2019-08-24 12:44:56 - [TEST_STEP][PASSED] - symbol = symbol: null

2019-08-24 12:44:56 - [TEST_STEP][PASSED] - println(symbol): null

2019-08-24 12:44:56 - [TEST_STEP][PASSED] - if (i == 2 &amp;&amp; wildList.indexOf(symbol) != -1): null

2019-08-24 12:44:56 - [TEST_STEP][PASSED] - if (i == 3 &amp;&amp; wildList.indexOf(symbol) != -1): null

2019-08-24 12:44:56 - [TEST_STEP][PASSED] - if (i == 4 &amp;&amp; wildList.indexOf(symbol) != -1): null

2019-08-24 12:44:56 - [TEST_STEP][PASSED] - symbol = symbol: null

2019-08-24 12:44:56 - [TEST_STEP][PASSED] - println(symbol): null

2019-08-24 12:44:56 - [TEST_STEP][PASSED] - if (i == 2 &amp;&amp; wildList.indexOf(symbol) != -1): null

2019-08-24 12:44:56 - [TEST_STEP][PASSED] - if (i == 3 &amp;&amp; wildList.indexOf(symbol) != -1): null

2019-08-24 12:44:56 - [TEST_STEP][PASSED] - if (i == 4 &amp;&amp; wildList.indexOf(symbol) != -1): null

2019-08-24 12:44:56 - [TEST_STEP][PASSED] - symbol = symbol: null

2019-08-24 12:44:56 - [TEST_STEP][PASSED] - println(symbol): null

2019-08-24 12:44:56 - [TEST_STEP][PASSED] - if (i == 2 &amp;&amp; wildList.indexOf(symbol) != -1): null

2019-08-24 12:44:56 - [TEST_STEP][PASSED] - if (i == 3 &amp;&amp; wildList.indexOf(symbol) != -1): null

2019-08-24 12:44:56 - [TEST_STEP][PASSED] - if (i == 4 &amp;&amp; wildList.indexOf(symbol) != -1): null

2019-08-24 12:44:56 - [TEST_STEP][PASSED] - symbols = symbols: null

2019-08-24 12:44:56 - [TEST_STEP][PASSED] - for ([j = 0, j &lt; symbols.size(), (j++)]): null

2019-08-24 12:44:56 - [TEST_STEP][PASSED] - symbol = symbol: null

2019-08-24 12:44:56 - [TEST_STEP][PASSED] - println(symbol): null

2019-08-24 12:44:56 - [TEST_STEP][PASSED] - if (i == 2 &amp;&amp; wildList.indexOf(symbol) != -1): null

2019-08-24 12:44:56 - [TEST_STEP][PASSED] - if (i == 3 &amp;&amp; wildList.indexOf(symbol) != -1): null

2019-08-24 12:44:56 - [TEST_STEP][PASSED] - if (i == 4 &amp;&amp; wildList.indexOf(symbol) != -1): null

2019-08-24 12:44:56 - [TEST_STEP][PASSED] - symbol = symbol: null

2019-08-24 12:44:56 - [TEST_STEP][PASSED] - println(symbol): null

2019-08-24 12:44:56 - [TEST_STEP][PASSED] - if (i == 2 &amp;&amp; wildList.indexOf(symbol) != -1): null

2019-08-24 12:44:56 - [TEST_STEP][PASSED] - if (i == 3 &amp;&amp; wildList.indexOf(symbol) != -1): null

2019-08-24 12:44:56 - [TEST_STEP][PASSED] - if (i == 4 &amp;&amp; wildList.indexOf(symbol) != -1): null

2019-08-24 12:44:56 - [TEST_STEP][PASSED] - symbol = symbol: null

2019-08-24 12:44:56 - [TEST_STEP][PASSED] - println(symbol): null

2019-08-24 12:44:56 - [TEST_STEP][PASSED] - if (i == 2 &amp;&amp; wildList.indexOf(symbol) != -1): null

2019-08-24 12:44:56 - [TEST_STEP][PASSED] - if (i == 3 &amp;&amp; wildList.indexOf(symbol) != -1): null

2019-08-24 12:44:56 - [TEST_STEP][PASSED] - if (i == 4 &amp;&amp; wildList.indexOf(symbol) != -1): null

2019-08-24 12:44:56 - [TEST_STEP][PASSED] - free_spin_reel_counter = free_spin_reel_counter: null

2019-08-24 12:44:56 - [TEST_STEP][PASSED] - println("reel 3 wild found: " + free_spin_reel_counter[0]): null

2019-08-24 12:44:56 - [TEST_STEP][PASSED] - println("reel 4 wild found: " + free_spin_reel_counter[1]): null

2019-08-24 12:44:56 - [TEST_STEP][PASSED] - println("reel 5 wild found: " + free_spin_reel_counter[2]): null

2019-08-24 12:44:56 - [TEST_STEP][PASSED] - M4_spin_reels = M4_spin_reels: null

2019-08-24 12:44:56 - [TEST_STEP][PASSED] - M4_spin_reels_symbols = symbol: null

2019-08-24 12:44:56 - [TEST_STEP][PASSED] - M4_spin_reels_symbols = M4_spin_reels_symbols: null

2019-08-24 12:44:56 - [TEST_STEP][PASSED] - M4_spin_reel_wins = reel_wins: null

2019-08-24 12:44:56 - [TEST_STEP][PASSED] - M4_spin_reel_wins = M4_spin_reel_wins: null

2019-08-24 12:44:56 - [TEST_STEP][PASSED] - println("GlobalVariable.M4_spin_reel_wins is: " + M4_spin_reel_wins): null

2019-08-24 12:44:56 - [TEST_STEP][PASSED] - M4_spin_total_bonus_win_this_round = total_bonus_win_this_round: null

2019-08-24 12:44:56 - [TEST_STEP][PASSED] - M4_spin_total_bonus_win_this_round = M4_spin_total_bonus_win_this_round: null

2019-08-24 12:44:56 - [TEST_STEP][PASSED] - println("GlobalVariable.M4_spin_total_bonus_win_this_round is: " + M4_spin_total_bonus_win_this_round): null

2019-08-24 12:44:56 - [TEST_STEP][PASSED] - M4_spin_bonus_spin_result = spin_result: null

2019-08-24 12:44:56 - [TEST_STEP][PASSED] - M4_spin_bonus_spin_result = M4_spin_bonus_spin_result: null

2019-08-24 12:44:56 - [MESSAGE][PASSED] - Verify response successfully

2019-08-24 12:44:56 - [MESSAGE][PASSED] - Send request and verify the response successfully

2019-08-24 12:44:56 - [TEST_STEP][PASSED] - if (M4_total_bonus_spins_int != 0 &amp;&amp; M4_spin_reels_symbols[2].contains("WILD_Double") || M4_spin_reels_symbols[4].contains("WILD_Triple")): null

2019-08-24 12:44:56 - [TEST_STEP][PASSED] - free_spin_reel_counter = free_spin_reel_counter: null

2019-08-24 12:44:56 - [TEST_STEP][PASSED] - M4_spin_reels_symbols = M4_spin_reels_symbols: null

2019-08-24 12:44:56 - [TEST_STEP][PASSED] - M4_total_bonus_spins = M4_total_bonus_spins: null

2019-08-24 12:44:56 - [TEST_STEP][PASSED] - spin_result = sendRequestAndVerify(findTestObject("INT/RGS(M4)/1_M4_spin", ["M4_login_user_id":M4_login_user_id, "rgs_session_token":rgs_session_token, "partner":Partner])): Send request and verify the response successfully

2019-08-24 12:44:57 - [MESSAGE][INFO] - HAR: /Users/eiralee/Katalon_Script/SuperWild/Reports/20190824_124242/INT/superWild_4/20190824_124242/requests/main/41.har

2019-08-24 12:44:57 - [TEST_CASE][PASSED] - Start Test Case : Verification: Verification accomplished successfully

2019-08-24 12:44:57 - [TEST_STEP][PASSED] - request = getInstance().getCurrentRequest(): null

2019-08-24 12:44:57 - [TEST_STEP][PASSED] - response = getInstance().getCurrentResponse(): null

2019-08-24 12:44:57 - [TEST_STEP][PASSED] - verifyResponseStatusCode(response, 200): Verify response status code successfully

2019-08-24 12:44:57 - [MESSAGE][PASSED] - Verify response status code successfully

2019-08-24 12:44:57 - [TEST_STEP][PASSED] - getStatusCode()).isEqualTo(200): null

2019-08-24 12:44:57 - [TEST_STEP][PASSED] - newline = System.getProperty("line.separator"): null

2019-08-24 12:44:57 - [TEST_STEP][PASSED] - M4_spin = new groovy.json.JsonSlurper(): null

2019-08-24 12:44:57 - [TEST_STEP][PASSED] - result_M4_spin = M4_spin.parseText(response.getResponseBodyContent()): null

2019-08-24 12:44:57 - [TEST_STEP][PASSED] - M4_spin_current_balance = current_balance: null

2019-08-24 12:44:57 - [TEST_STEP][PASSED] - M4_spin_current_balance = M4_spin_current_balance: null

2019-08-24 12:44:57 - [TEST_STEP][PASSED] - M4_spin_transaction_id = causality: null

2019-08-24 12:44:57 - [TEST_STEP][PASSED] - M4_spin_transaction_id = M4_spin_transaction_id: null

2019-08-24 12:44:57 - [TEST_STEP][PASSED] - M4_spin_round_id = round_id: null

2019-08-24 12:44:57 - [TEST_STEP][PASSED] - M4_spin_round_id = M4_spin_round_id: null

2019-08-24 12:44:57 - [TEST_STEP][PASSED] - M4_spin_line_wins = line_wins: null

2019-08-24 12:44:57 - [TEST_STEP][PASSED] - M4_spin_line_wins = M4_spin_line_wins: null

2019-08-24 12:44:57 - [TEST_STEP][PASSED] - M4_total_bonus_spins_int = total_bonus_spins: null

2019-08-24 12:44:57 - [TEST_STEP][PASSED] - println("******M4_total_bonus_spins type is:*******" + newline + getClass().getName()): null

2019-08-24 12:44:57 - [TEST_STEP][PASSED] - M4_total_bonus_spins_int = M4_total_bonus_spins_int: null

2019-08-24 12:44:57 - [TEST_STEP][PASSED] - M4_total_bonus_spins = Integer.toString(M4_total_bonus_spins_int): null

2019-08-24 12:44:57 - [TEST_STEP][PASSED] - M4_total_bonus_spins = M4_total_bonus_spins: null

2019-08-24 12:44:57 - [TEST_STEP][PASSED] - println("M4_total_bonus_spins is:" + M4_total_bonus_spins): null

2019-08-24 12:44:57 - [TEST_STEP][PASSED] - M4_spin_bonus_data = bonus_data: null

2019-08-24 12:44:57 - [TEST_STEP][PASSED] - M4_spin_features_triggered = result_M4_spin: null

2019-08-24 12:44:57 - [TEST_STEP][PASSED] - wild = []: null

2019-08-24 12:44:57 - [TEST_STEP][PASSED] - wild[0] = "WILD_Expanding": null

2019-08-24 12:44:57 - [TEST_STEP][PASSED] - wild[1] = "WILD_Normal": null

2019-08-24 12:44:57 - [TEST_STEP][PASSED] - wild[2] = "WILD_Double": null

2019-08-24 12:44:57 - [TEST_STEP][PASSED] - wild[3] = "WILD_ExtraFG": null

2019-08-24 12:44:57 - [TEST_STEP][PASSED] - wild[4] = "WILD_Triple": null

2019-08-24 12:44:57 - [TEST_STEP][PASSED] - wildList = Arrays.asList(wild): null

2019-08-24 12:44:57 - [TEST_STEP][PASSED] - wildList = wildList: null

2019-08-24 12:44:57 - [TEST_STEP][PASSED] - free_spin_reel_counter = []: null

2019-08-24 12:44:57 - [TEST_STEP][PASSED] - free_spin_reel_counter[0] = 0: null

2019-08-24 12:44:57 - [TEST_STEP][PASSED] - free_spin_reel_counter[1] = 0: null

2019-08-24 12:44:57 - [TEST_STEP][PASSED] - free_spin_reel_counter[2] = 0: null

2019-08-24 12:44:57 - [TEST_STEP][PASSED] - M4_spin_reels = reels: null

2019-08-24 12:44:57 - [TEST_STEP][PASSED] - for ([i = 0, i &lt; M4_spin_reels.size(), (i++)]): null

2019-08-24 12:44:57 - [TEST_STEP][PASSED] - symbols = symbols: null

2019-08-24 12:44:57 - [TEST_STEP][PASSED] - for ([j = 0, j &lt; symbols.size(), (j++)]): null

2019-08-24 12:44:57 - [TEST_STEP][PASSED] - symbol = symbol: null

2019-08-24 12:44:57 - [TEST_STEP][PASSED] - println(symbol): null

2019-08-24 12:44:57 - [TEST_STEP][PASSED] - if (i == 2 &amp;&amp; wildList.indexOf(symbol) != -1): null

2019-08-24 12:44:57 - [TEST_STEP][PASSED] - if (i == 3 &amp;&amp; wildList.indexOf(symbol) != -1): null

2019-08-24 12:44:57 - [TEST_STEP][PASSED] - if (i == 4 &amp;&amp; wildList.indexOf(symbol) != -1): null

2019-08-24 12:44:57 - [TEST_STEP][PASSED] - symbol = symbol: null

2019-08-24 12:44:57 - [TEST_STEP][PASSED] - println(symbol): null

2019-08-24 12:44:57 - [TEST_STEP][PASSED] - if (i == 2 &amp;&amp; wildList.indexOf(symbol) != -1): null

2019-08-24 12:44:57 - [TEST_STEP][PASSED] - if (i == 3 &amp;&amp; wildList.indexOf(symbol) != -1): null

2019-08-24 12:44:57 - [TEST_STEP][PASSED] - if (i == 4 &amp;&amp; wildList.indexOf(symbol) != -1): null

2019-08-24 12:44:57 - [TEST_STEP][PASSED] - symbol = symbol: null

2019-08-24 12:44:57 - [TEST_STEP][PASSED] - println(symbol): null

2019-08-24 12:44:57 - [TEST_STEP][PASSED] - if (i == 2 &amp;&amp; wildList.indexOf(symbol) != -1): null

2019-08-24 12:44:57 - [TEST_STEP][PASSED] - if (i == 3 &amp;&amp; wildList.indexOf(symbol) != -1): null

2019-08-24 12:44:57 - [TEST_STEP][PASSED] - if (i == 4 &amp;&amp; wildList.indexOf(symbol) != -1): null

2019-08-24 12:44:57 - [TEST_STEP][PASSED] - symbols = symbols: null

2019-08-24 12:44:57 - [TEST_STEP][PASSED] - for ([j = 0, j &lt; symbols.size(), (j++)]): null

2019-08-24 12:44:57 - [TEST_STEP][PASSED] - symbol = symbol: null

2019-08-24 12:44:57 - [TEST_STEP][PASSED] - println(symbol): null

2019-08-24 12:44:57 - [TEST_STEP][PASSED] - if (i == 2 &amp;&amp; wildList.indexOf(symbol) != -1): null

2019-08-24 12:44:57 - [TEST_STEP][PASSED] - if (i == 3 &amp;&amp; wildList.indexOf(symbol) != -1): null

2019-08-24 12:44:57 - [TEST_STEP][PASSED] - if (i == 4 &amp;&amp; wildList.indexOf(symbol) != -1): null

2019-08-24 12:44:57 - [TEST_STEP][PASSED] - symbol = symbol: null

2019-08-24 12:44:57 - [TEST_STEP][PASSED] - println(symbol): null

2019-08-24 12:44:57 - [TEST_STEP][PASSED] - if (i == 2 &amp;&amp; wildList.indexOf(symbol) != -1): null

2019-08-24 12:44:57 - [TEST_STEP][PASSED] - if (i == 3 &amp;&amp; wildList.indexOf(symbol) != -1): null

2019-08-24 12:44:57 - [TEST_STEP][PASSED] - if (i == 4 &amp;&amp; wildList.indexOf(symbol) != -1): null

2019-08-24 12:44:57 - [TEST_STEP][PASSED] - symbol = symbol: null

2019-08-24 12:44:57 - [TEST_STEP][PASSED] - println(symbol): null

2019-08-24 12:44:57 - [TEST_STEP][PASSED] - if (i == 2 &amp;&amp; wildList.indexOf(symbol) != -1): null

2019-08-24 12:44:57 - [TEST_STEP][PASSED] - if (i == 3 &amp;&amp; wildList.indexOf(symbol) != -1): null

2019-08-24 12:44:57 - [TEST_STEP][PASSED] - if (i == 4 &amp;&amp; wildList.indexOf(symbol) != -1): null

2019-08-24 12:44:57 - [TEST_STEP][PASSED] - symbols = symbols: null

2019-08-24 12:44:57 - [TEST_STEP][PASSED] - for ([j = 0, j &lt; symbols.size(), (j++)]): null

2019-08-24 12:44:57 - [TEST_STEP][PASSED] - symbol = symbol: null

2019-08-24 12:44:57 - [TEST_STEP][PASSED] - println(symbol): null

2019-08-24 12:44:57 - [TEST_STEP][PASSED] - if (i == 2 &amp;&amp; wildList.indexOf(symbol) != -1): null

2019-08-24 12:44:57 - [TEST_STEP][PASSED] - if (i == 3 &amp;&amp; wildList.indexOf(symbol) != -1): null

2019-08-24 12:44:57 - [TEST_STEP][PASSED] - if (i == 4 &amp;&amp; wildList.indexOf(symbol) != -1): null

2019-08-24 12:44:57 - [TEST_STEP][PASSED] - symbol = symbol: null

2019-08-24 12:44:57 - [TEST_STEP][PASSED] - println(symbol): null

2019-08-24 12:44:57 - [TEST_STEP][PASSED] - if (i == 2 &amp;&amp; wildList.indexOf(symbol) != -1): null

2019-08-24 12:44:57 - [TEST_STEP][PASSED] - if (i == 3 &amp;&amp; wildList.indexOf(symbol) != -1): null

2019-08-24 12:44:57 - [TEST_STEP][PASSED] - if (i == 4 &amp;&amp; wildList.indexOf(symbol) != -1): null

2019-08-24 12:44:57 - [TEST_STEP][PASSED] - symbol = symbol: null

2019-08-24 12:44:57 - [TEST_STEP][PASSED] - println(symbol): null

2019-08-24 12:44:57 - [TEST_STEP][PASSED] - if (i == 2 &amp;&amp; wildList.indexOf(symbol) != -1): null

2019-08-24 12:44:57 - [TEST_STEP][PASSED] - if (i == 3 &amp;&amp; wildList.indexOf(symbol) != -1): null

2019-08-24 12:44:57 - [TEST_STEP][PASSED] - if (i == 4 &amp;&amp; wildList.indexOf(symbol) != -1): null

2019-08-24 12:44:57 - [TEST_STEP][PASSED] - symbols = symbols: null

2019-08-24 12:44:57 - [TEST_STEP][PASSED] - for ([j = 0, j &lt; symbols.size(), (j++)]): null

2019-08-24 12:44:57 - [TEST_STEP][PASSED] - symbol = symbol: null

2019-08-24 12:44:57 - [TEST_STEP][PASSED] - println(symbol): null

2019-08-24 12:44:57 - [TEST_STEP][PASSED] - if (i == 2 &amp;&amp; wildList.indexOf(symbol) != -1): null

2019-08-24 12:44:57 - [TEST_STEP][PASSED] - if (i == 3 &amp;&amp; wildList.indexOf(symbol) != -1): null

2019-08-24 12:44:57 - [TEST_STEP][PASSED] - if (i == 4 &amp;&amp; wildList.indexOf(symbol) != -1): null

2019-08-24 12:44:57 - [TEST_STEP][PASSED] - symbol = symbol: null

2019-08-24 12:44:57 - [TEST_STEP][PASSED] - println(symbol): null

2019-08-24 12:44:57 - [TEST_STEP][PASSED] - if (i == 2 &amp;&amp; wildList.indexOf(symbol) != -1): null

2019-08-24 12:44:57 - [TEST_STEP][PASSED] - if (i == 3 &amp;&amp; wildList.indexOf(symbol) != -1): null

2019-08-24 12:44:57 - [TEST_STEP][PASSED] - if (i == 4 &amp;&amp; wildList.indexOf(symbol) != -1): null

2019-08-24 12:44:57 - [TEST_STEP][PASSED] - symbol = symbol: null

2019-08-24 12:44:57 - [TEST_STEP][PASSED] - println(symbol): null

2019-08-24 12:44:57 - [TEST_STEP][PASSED] - if (i == 2 &amp;&amp; wildList.indexOf(symbol) != -1): null

2019-08-24 12:44:57 - [TEST_STEP][PASSED] - if (i == 3 &amp;&amp; wildList.indexOf(symbol) != -1): null

2019-08-24 12:44:57 - [TEST_STEP][PASSED] - if (i == 4 &amp;&amp; wildList.indexOf(symbol) != -1): null

2019-08-24 12:44:57 - [TEST_STEP][PASSED] - symbols = symbols: null

2019-08-24 12:44:57 - [TEST_STEP][PASSED] - for ([j = 0, j &lt; symbols.size(), (j++)]): null

2019-08-24 12:44:57 - [TEST_STEP][PASSED] - symbol = symbol: null

2019-08-24 12:44:57 - [TEST_STEP][PASSED] - println(symbol): null

2019-08-24 12:44:57 - [TEST_STEP][PASSED] - if (i == 2 &amp;&amp; wildList.indexOf(symbol) != -1): null

2019-08-24 12:44:57 - [TEST_STEP][PASSED] - if (i == 3 &amp;&amp; wildList.indexOf(symbol) != -1): null

2019-08-24 12:44:57 - [TEST_STEP][PASSED] - if (i == 4 &amp;&amp; wildList.indexOf(symbol) != -1): null

2019-08-24 12:44:57 - [TEST_STEP][PASSED] - symbol = symbol: null

2019-08-24 12:44:57 - [TEST_STEP][PASSED] - println(symbol): null

2019-08-24 12:44:57 - [TEST_STEP][PASSED] - if (i == 2 &amp;&amp; wildList.indexOf(symbol) != -1): null

2019-08-24 12:44:57 - [TEST_STEP][PASSED] - if (i == 3 &amp;&amp; wildList.indexOf(symbol) != -1): null

2019-08-24 12:44:57 - [TEST_STEP][PASSED] - if (i == 4 &amp;&amp; wildList.indexOf(symbol) != -1): null

2019-08-24 12:44:57 - [TEST_STEP][PASSED] - symbol = symbol: null

2019-08-24 12:44:57 - [TEST_STEP][PASSED] - println(symbol): null

2019-08-24 12:44:57 - [TEST_STEP][PASSED] - if (i == 2 &amp;&amp; wildList.indexOf(symbol) != -1): null

2019-08-24 12:44:57 - [TEST_STEP][PASSED] - if (i == 3 &amp;&amp; wildList.indexOf(symbol) != -1): null

2019-08-24 12:44:57 - [TEST_STEP][PASSED] - if (i == 4 &amp;&amp; wildList.indexOf(symbol) != -1): null

2019-08-24 12:44:57 - [TEST_STEP][PASSED] - free_spin_reel_counter = free_spin_reel_counter: null

2019-08-24 12:44:57 - [TEST_STEP][PASSED] - println("reel 3 wild found: " + free_spin_reel_counter[0]): null

2019-08-24 12:44:57 - [TEST_STEP][PASSED] - println("reel 4 wild found: " + free_spin_reel_counter[1]): null

2019-08-24 12:44:57 - [TEST_STEP][PASSED] - println("reel 5 wild found: " + free_spin_reel_counter[2]): null

2019-08-24 12:44:57 - [TEST_STEP][PASSED] - M4_spin_reels = M4_spin_reels: null

2019-08-24 12:44:57 - [TEST_STEP][PASSED] - M4_spin_reels_symbols = symbol: null

2019-08-24 12:44:57 - [TEST_STEP][PASSED] - M4_spin_reels_symbols = M4_spin_reels_symbols: null

2019-08-24 12:44:57 - [TEST_STEP][PASSED] - M4_spin_reel_wins = reel_wins: null

2019-08-24 12:44:57 - [TEST_STEP][PASSED] - M4_spin_reel_wins = M4_spin_reel_wins: null

2019-08-24 12:44:57 - [TEST_STEP][PASSED] - println("GlobalVariable.M4_spin_reel_wins is: " + M4_spin_reel_wins): null

2019-08-24 12:44:57 - [TEST_STEP][PASSED] - M4_spin_total_bonus_win_this_round = total_bonus_win_this_round: null

2019-08-24 12:44:57 - [TEST_STEP][PASSED] - M4_spin_total_bonus_win_this_round = M4_spin_total_bonus_win_this_round: null

2019-08-24 12:44:57 - [TEST_STEP][PASSED] - println("GlobalVariable.M4_spin_total_bonus_win_this_round is: " + M4_spin_total_bonus_win_this_round): null

2019-08-24 12:44:57 - [TEST_STEP][PASSED] - M4_spin_bonus_spin_result = spin_result: null

2019-08-24 12:44:57 - [TEST_STEP][PASSED] - M4_spin_bonus_spin_result = M4_spin_bonus_spin_result: null

2019-08-24 12:44:57 - [MESSAGE][PASSED] - Verify response successfully

2019-08-24 12:44:57 - [MESSAGE][PASSED] - Send request and verify the response successfully

2019-08-24 12:44:57 - [TEST_STEP][PASSED] - if (M4_total_bonus_spins_int != 0 &amp;&amp; M4_spin_reels_symbols[2].contains("WILD_Double") || M4_spin_reels_symbols[4].contains("WILD_Triple")): null

2019-08-24 12:44:57 - [TEST_STEP][PASSED] - free_spin_reel_counter = free_spin_reel_counter: null

2019-08-24 12:44:57 - [TEST_STEP][PASSED] - M4_spin_reels_symbols = M4_spin_reels_symbols: null

2019-08-24 12:44:57 - [TEST_STEP][PASSED] - M4_total_bonus_spins = M4_total_bonus_spins: null

2019-08-24 12:44:57 - [TEST_STEP][PASSED] - spin_result = sendRequestAndVerify(findTestObject("INT/RGS(M4)/1_M4_spin", ["M4_login_user_id":M4_login_user_id, "rgs_session_token":rgs_session_token, "partner":Partner])): Send request and verify the response successfully

2019-08-24 12:44:57 - [MESSAGE][INFO] - HAR: /Users/eiralee/Katalon_Script/SuperWild/Reports/20190824_124242/INT/superWild_4/20190824_124242/requests/main/42.har

2019-08-24 12:44:57 - [TEST_CASE][PASSED] - Start Test Case : Verification: Verification accomplished successfully

2019-08-24 12:44:57 - [TEST_STEP][PASSED] - request = getInstance().getCurrentRequest(): null

2019-08-24 12:44:58 - [TEST_STEP][PASSED] - response = getInstance().getCurrentResponse(): null

2019-08-24 12:44:58 - [TEST_STEP][PASSED] - verifyResponseStatusCode(response, 200): Verify response status code successfully

2019-08-24 12:44:58 - [MESSAGE][PASSED] - Verify response status code successfully

2019-08-24 12:44:58 - [TEST_STEP][PASSED] - getStatusCode()).isEqualTo(200): null

2019-08-24 12:44:58 - [TEST_STEP][PASSED] - newline = System.getProperty("line.separator"): null

2019-08-24 12:44:58 - [TEST_STEP][PASSED] - M4_spin = new groovy.json.JsonSlurper(): null

2019-08-24 12:44:58 - [TEST_STEP][PASSED] - result_M4_spin = M4_spin.parseText(response.getResponseBodyContent()): null

2019-08-24 12:44:58 - [TEST_STEP][PASSED] - M4_spin_current_balance = current_balance: null

2019-08-24 12:44:58 - [TEST_STEP][PASSED] - M4_spin_current_balance = M4_spin_current_balance: null

2019-08-24 12:44:58 - [TEST_STEP][PASSED] - M4_spin_transaction_id = causality: null

2019-08-24 12:44:58 - [TEST_STEP][PASSED] - M4_spin_transaction_id = M4_spin_transaction_id: null

2019-08-24 12:44:58 - [TEST_STEP][PASSED] - M4_spin_round_id = round_id: null

2019-08-24 12:44:58 - [TEST_STEP][PASSED] - M4_spin_round_id = M4_spin_round_id: null

2019-08-24 12:44:58 - [TEST_STEP][PASSED] - M4_spin_line_wins = line_wins: null

2019-08-24 12:44:58 - [TEST_STEP][PASSED] - M4_spin_line_wins = M4_spin_line_wins: null

2019-08-24 12:44:58 - [TEST_STEP][PASSED] - M4_total_bonus_spins_int = total_bonus_spins: null

2019-08-24 12:44:58 - [TEST_STEP][PASSED] - println("******M4_total_bonus_spins type is:*******" + newline + getClass().getName()): null

2019-08-24 12:44:58 - [TEST_STEP][PASSED] - M4_total_bonus_spins_int = M4_total_bonus_spins_int: null

2019-08-24 12:44:58 - [TEST_STEP][PASSED] - M4_total_bonus_spins = Integer.toString(M4_total_bonus_spins_int): null

2019-08-24 12:44:58 - [TEST_STEP][PASSED] - M4_total_bonus_spins = M4_total_bonus_spins: null

2019-08-24 12:44:58 - [TEST_STEP][PASSED] - println("M4_total_bonus_spins is:" + M4_total_bonus_spins): null

2019-08-24 12:44:58 - [TEST_STEP][PASSED] - M4_spin_bonus_data = bonus_data: null

2019-08-24 12:44:58 - [TEST_STEP][PASSED] - M4_spin_features_triggered = result_M4_spin: null

2019-08-24 12:44:58 - [TEST_STEP][PASSED] - wild = []: null

2019-08-24 12:44:58 - [TEST_STEP][PASSED] - wild[0] = "WILD_Expanding": null

2019-08-24 12:44:58 - [TEST_STEP][PASSED] - wild[1] = "WILD_Normal": null

2019-08-24 12:44:58 - [TEST_STEP][PASSED] - wild[2] = "WILD_Double": null

2019-08-24 12:44:58 - [TEST_STEP][PASSED] - wild[3] = "WILD_ExtraFG": null

2019-08-24 12:44:58 - [TEST_STEP][PASSED] - wild[4] = "WILD_Triple": null

2019-08-24 12:44:58 - [TEST_STEP][PASSED] - wildList = Arrays.asList(wild): null

2019-08-24 12:44:58 - [TEST_STEP][PASSED] - wildList = wildList: null

2019-08-24 12:44:58 - [TEST_STEP][PASSED] - free_spin_reel_counter = []: null

2019-08-24 12:44:58 - [TEST_STEP][PASSED] - free_spin_reel_counter[0] = 0: null

2019-08-24 12:44:58 - [TEST_STEP][PASSED] - free_spin_reel_counter[1] = 0: null

2019-08-24 12:44:58 - [TEST_STEP][PASSED] - free_spin_reel_counter[2] = 0: null

2019-08-24 12:44:58 - [TEST_STEP][PASSED] - M4_spin_reels = reels: null

2019-08-24 12:44:58 - [TEST_STEP][PASSED] - for ([i = 0, i &lt; M4_spin_reels.size(), (i++)]): null

2019-08-24 12:44:58 - [TEST_STEP][PASSED] - symbols = symbols: null

2019-08-24 12:44:58 - [TEST_STEP][PASSED] - for ([j = 0, j &lt; symbols.size(), (j++)]): null

2019-08-24 12:44:58 - [TEST_STEP][PASSED] - symbol = symbol: null

2019-08-24 12:44:58 - [TEST_STEP][PASSED] - println(symbol): null

2019-08-24 12:44:58 - [TEST_STEP][PASSED] - if (i == 2 &amp;&amp; wildList.indexOf(symbol) != -1): null

2019-08-24 12:44:58 - [TEST_STEP][PASSED] - if (i == 3 &amp;&amp; wildList.indexOf(symbol) != -1): null

2019-08-24 12:44:58 - [TEST_STEP][PASSED] - if (i == 4 &amp;&amp; wildList.indexOf(symbol) != -1): null

2019-08-24 12:44:58 - [TEST_STEP][PASSED] - symbol = symbol: null

2019-08-24 12:44:58 - [TEST_STEP][PASSED] - println(symbol): null

2019-08-24 12:44:58 - [TEST_STEP][PASSED] - if (i == 2 &amp;&amp; wildList.indexOf(symbol) != -1): null

2019-08-24 12:44:58 - [TEST_STEP][PASSED] - if (i == 3 &amp;&amp; wildList.indexOf(symbol) != -1): null

2019-08-24 12:44:58 - [TEST_STEP][PASSED] - if (i == 4 &amp;&amp; wildList.indexOf(symbol) != -1): null

2019-08-24 12:44:58 - [TEST_STEP][PASSED] - symbol = symbol: null

2019-08-24 12:44:58 - [TEST_STEP][PASSED] - println(symbol): null

2019-08-24 12:44:58 - [TEST_STEP][PASSED] - if (i == 2 &amp;&amp; wildList.indexOf(symbol) != -1): null

2019-08-24 12:44:58 - [TEST_STEP][PASSED] - if (i == 3 &amp;&amp; wildList.indexOf(symbol) != -1): null

2019-08-24 12:44:58 - [TEST_STEP][PASSED] - if (i == 4 &amp;&amp; wildList.indexOf(symbol) != -1): null

2019-08-24 12:44:58 - [TEST_STEP][PASSED] - symbols = symbols: null

2019-08-24 12:44:58 - [TEST_STEP][PASSED] - for ([j = 0, j &lt; symbols.size(), (j++)]): null

2019-08-24 12:44:58 - [TEST_STEP][PASSED] - symbol = symbol: null

2019-08-24 12:44:58 - [TEST_STEP][PASSED] - println(symbol): null

2019-08-24 12:44:58 - [TEST_STEP][PASSED] - if (i == 2 &amp;&amp; wildList.indexOf(symbol) != -1): null

2019-08-24 12:44:58 - [TEST_STEP][PASSED] - if (i == 3 &amp;&amp; wildList.indexOf(symbol) != -1): null

2019-08-24 12:44:58 - [TEST_STEP][PASSED] - if (i == 4 &amp;&amp; wildList.indexOf(symbol) != -1): null

2019-08-24 12:44:58 - [TEST_STEP][PASSED] - symbol = symbol: null

2019-08-24 12:44:58 - [TEST_STEP][PASSED] - println(symbol): null

2019-08-24 12:44:58 - [TEST_STEP][PASSED] - if (i == 2 &amp;&amp; wildList.indexOf(symbol) != -1): null

2019-08-24 12:44:58 - [TEST_STEP][PASSED] - if (i == 3 &amp;&amp; wildList.indexOf(symbol) != -1): null

2019-08-24 12:44:58 - [TEST_STEP][PASSED] - if (i == 4 &amp;&amp; wildList.indexOf(symbol) != -1): null

2019-08-24 12:44:58 - [TEST_STEP][PASSED] - symbol = symbol: null

2019-08-24 12:44:58 - [TEST_STEP][PASSED] - println(symbol): null

2019-08-24 12:44:58 - [TEST_STEP][PASSED] - if (i == 2 &amp;&amp; wildList.indexOf(symbol) != -1): null

2019-08-24 12:44:58 - [TEST_STEP][PASSED] - if (i == 3 &amp;&amp; wildList.indexOf(symbol) != -1): null

2019-08-24 12:44:58 - [TEST_STEP][PASSED] - if (i == 4 &amp;&amp; wildList.indexOf(symbol) != -1): null

2019-08-24 12:44:58 - [TEST_STEP][PASSED] - symbols = symbols: null

2019-08-24 12:44:58 - [TEST_STEP][PASSED] - for ([j = 0, j &lt; symbols.size(), (j++)]): null

2019-08-24 12:44:58 - [TEST_STEP][PASSED] - symbol = symbol: null

2019-08-24 12:44:58 - [TEST_STEP][PASSED] - println(symbol): null

2019-08-24 12:44:58 - [TEST_STEP][PASSED] - if (i == 2 &amp;&amp; wildList.indexOf(symbol) != -1): null

2019-08-24 12:44:58 - [TEST_STEP][PASSED] - println("wild found on reel 3, adding counter by 1"): null

2019-08-24 12:44:58 - [TEST_STEP][PASSED] - free_spin_reel_counter[0] = free_spin_reel_counter[0] + 1: null

2019-08-24 12:44:58 - [TEST_STEP][PASSED] - if (i == 3 &amp;&amp; wildList.indexOf(symbol) != -1): null

2019-08-24 12:44:58 - [TEST_STEP][PASSED] - if (i == 4 &amp;&amp; wildList.indexOf(symbol) != -1): null

2019-08-24 12:44:58 - [TEST_STEP][PASSED] - symbol = symbol: null

2019-08-24 12:44:58 - [TEST_STEP][PASSED] - println(symbol): null

2019-08-24 12:44:58 - [TEST_STEP][PASSED] - if (i == 2 &amp;&amp; wildList.indexOf(symbol) != -1): null

2019-08-24 12:44:58 - [TEST_STEP][PASSED] - if (i == 3 &amp;&amp; wildList.indexOf(symbol) != -1): null

2019-08-24 12:44:58 - [TEST_STEP][PASSED] - if (i == 4 &amp;&amp; wildList.indexOf(symbol) != -1): null

2019-08-24 12:44:58 - [TEST_STEP][PASSED] - symbol = symbol: null

2019-08-24 12:44:58 - [TEST_STEP][PASSED] - println(symbol): null

2019-08-24 12:44:58 - [TEST_STEP][PASSED] - if (i == 2 &amp;&amp; wildList.indexOf(symbol) != -1): null

2019-08-24 12:44:58 - [TEST_STEP][PASSED] - if (i == 3 &amp;&amp; wildList.indexOf(symbol) != -1): null

2019-08-24 12:44:58 - [TEST_STEP][PASSED] - if (i == 4 &amp;&amp; wildList.indexOf(symbol) != -1): null

2019-08-24 12:44:58 - [TEST_STEP][PASSED] - symbols = symbols: null

2019-08-24 12:44:58 - [TEST_STEP][PASSED] - for ([j = 0, j &lt; symbols.size(), (j++)]): null

2019-08-24 12:44:58 - [TEST_STEP][PASSED] - symbol = symbol: null

2019-08-24 12:44:58 - [TEST_STEP][PASSED] - println(symbol): null

2019-08-24 12:44:58 - [TEST_STEP][PASSED] - if (i == 2 &amp;&amp; wildList.indexOf(symbol) != -1): null

2019-08-24 12:44:58 - [TEST_STEP][PASSED] - if (i == 3 &amp;&amp; wildList.indexOf(symbol) != -1): null

2019-08-24 12:44:58 - [TEST_STEP][PASSED] - if (i == 4 &amp;&amp; wildList.indexOf(symbol) != -1): null

2019-08-24 12:44:58 - [TEST_STEP][PASSED] - symbol = symbol: null

2019-08-24 12:44:58 - [TEST_STEP][PASSED] - println(symbol): null

2019-08-24 12:44:58 - [TEST_STEP][PASSED] - if (i == 2 &amp;&amp; wildList.indexOf(symbol) != -1): null

2019-08-24 12:44:58 - [TEST_STEP][PASSED] - if (i == 3 &amp;&amp; wildList.indexOf(symbol) != -1): null

2019-08-24 12:44:58 - [TEST_STEP][PASSED] - if (i == 4 &amp;&amp; wildList.indexOf(symbol) != -1): null

2019-08-24 12:44:58 - [TEST_STEP][PASSED] - symbol = symbol: null

2019-08-24 12:44:58 - [TEST_STEP][PASSED] - println(symbol): null

2019-08-24 12:44:58 - [TEST_STEP][PASSED] - if (i == 2 &amp;&amp; wildList.indexOf(symbol) != -1): null

2019-08-24 12:44:58 - [TEST_STEP][PASSED] - if (i == 3 &amp;&amp; wildList.indexOf(symbol) != -1): null

2019-08-24 12:44:58 - [TEST_STEP][PASSED] - println("wild found on reel 4, adding counter by 1"): null

2019-08-24 12:44:58 - [TEST_STEP][PASSED] - free_spin_reel_counter[1] = free_spin_reel_counter[1] + 1: null

2019-08-24 12:44:58 - [TEST_STEP][PASSED] - if (i == 4 &amp;&amp; wildList.indexOf(symbol) != -1): null

2019-08-24 12:44:58 - [TEST_STEP][PASSED] - symbols = symbols: null

2019-08-24 12:44:58 - [TEST_STEP][PASSED] - for ([j = 0, j &lt; symbols.size(), (j++)]): null

2019-08-24 12:44:58 - [TEST_STEP][PASSED] - symbol = symbol: null

2019-08-24 12:44:58 - [TEST_STEP][PASSED] - println(symbol): null

2019-08-24 12:44:58 - [TEST_STEP][PASSED] - if (i == 2 &amp;&amp; wildList.indexOf(symbol) != -1): null

2019-08-24 12:44:58 - [TEST_STEP][PASSED] - if (i == 3 &amp;&amp; wildList.indexOf(symbol) != -1): null

2019-08-24 12:44:58 - [TEST_STEP][PASSED] - if (i == 4 &amp;&amp; wildList.indexOf(symbol) != -1): null

2019-08-24 12:44:58 - [TEST_STEP][PASSED] - symbol = symbol: null

2019-08-24 12:44:58 - [TEST_STEP][PASSED] - println(symbol): null

2019-08-24 12:44:58 - [TEST_STEP][PASSED] - if (i == 2 &amp;&amp; wildList.indexOf(symbol) != -1): null

2019-08-24 12:44:58 - [TEST_STEP][PASSED] - if (i == 3 &amp;&amp; wildList.indexOf(symbol) != -1): null

2019-08-24 12:44:58 - [TEST_STEP][PASSED] - if (i == 4 &amp;&amp; wildList.indexOf(symbol) != -1): null

2019-08-24 12:44:58 - [TEST_STEP][PASSED] - symbol = symbol: null

2019-08-24 12:44:58 - [TEST_STEP][PASSED] - println(symbol): null

2019-08-24 12:44:58 - [TEST_STEP][PASSED] - if (i == 2 &amp;&amp; wildList.indexOf(symbol) != -1): null

2019-08-24 12:44:58 - [TEST_STEP][PASSED] - if (i == 3 &amp;&amp; wildList.indexOf(symbol) != -1): null

2019-08-24 12:44:58 - [TEST_STEP][PASSED] - if (i == 4 &amp;&amp; wildList.indexOf(symbol) != -1): null

2019-08-24 12:44:58 - [TEST_STEP][PASSED] - free_spin_reel_counter = free_spin_reel_counter: null

2019-08-24 12:44:58 - [TEST_STEP][PASSED] - println("reel 3 wild found: " + free_spin_reel_counter[0]): null

2019-08-24 12:44:58 - [TEST_STEP][PASSED] - println("reel 4 wild found: " + free_spin_reel_counter[1]): null

2019-08-24 12:44:58 - [TEST_STEP][PASSED] - println("reel 5 wild found: " + free_spin_reel_counter[2]): null

2019-08-24 12:44:58 - [TEST_STEP][PASSED] - M4_spin_reels = M4_spin_reels: null

2019-08-24 12:44:58 - [TEST_STEP][PASSED] - M4_spin_reels_symbols = symbol: null

2019-08-24 12:44:58 - [TEST_STEP][PASSED] - M4_spin_reels_symbols = M4_spin_reels_symbols: null

2019-08-24 12:44:58 - [TEST_STEP][PASSED] - M4_spin_reel_wins = reel_wins: null

2019-08-24 12:44:58 - [TEST_STEP][PASSED] - M4_spin_reel_wins = M4_spin_reel_wins: null

2019-08-24 12:44:58 - [TEST_STEP][PASSED] - println("GlobalVariable.M4_spin_reel_wins is: " + M4_spin_reel_wins): null

2019-08-24 12:44:58 - [TEST_STEP][PASSED] - M4_spin_total_bonus_win_this_round = total_bonus_win_this_round: null

2019-08-24 12:44:58 - [TEST_STEP][PASSED] - M4_spin_total_bonus_win_this_round = M4_spin_total_bonus_win_this_round: null

2019-08-24 12:44:58 - [TEST_STEP][PASSED] - println("GlobalVariable.M4_spin_total_bonus_win_this_round is: " + M4_spin_total_bonus_win_this_round): null

2019-08-24 12:44:58 - [TEST_STEP][PASSED] - M4_spin_bonus_spin_result = spin_result: null

2019-08-24 12:44:58 - [TEST_STEP][PASSED] - M4_spin_bonus_spin_result = M4_spin_bonus_spin_result: null

2019-08-24 12:44:58 - [MESSAGE][PASSED] - Verify response successfully

2019-08-24 12:44:58 - [MESSAGE][PASSED] - Send request and verify the response successfully

2019-08-24 12:44:58 - [TEST_STEP][PASSED] - if (M4_total_bonus_spins_int != 0 &amp;&amp; M4_spin_reels_symbols[2].contains("WILD_Double") || M4_spin_reels_symbols[4].contains("WILD_Triple")): null

2019-08-24 12:44:58 - [TEST_STEP][PASSED] - free_spin_reel_counter = free_spin_reel_counter: null

2019-08-24 12:44:58 - [TEST_STEP][PASSED] - M4_spin_reels_symbols = M4_spin_reels_symbols: null

2019-08-24 12:44:58 - [TEST_STEP][PASSED] - M4_total_bonus_spins = M4_total_bonus_spins: null

2019-08-24 12:44:58 - [TEST_STEP][PASSED] - spin_result = sendRequestAndVerify(findTestObject("INT/RGS(M4)/1_M4_spin", ["M4_login_user_id":M4_login_user_id, "rgs_session_token":rgs_session_token, "partner":Partner])): Send request and verify the response successfully

2019-08-24 12:44:58 - [MESSAGE][INFO] - HAR: /Users/eiralee/Katalon_Script/SuperWild/Reports/20190824_124242/INT/superWild_4/20190824_124242/requests/main/43.har

2019-08-24 12:44:58 - [TEST_CASE][PASSED] - Start Test Case : Verification: Verification accomplished successfully

2019-08-24 12:44:58 - [TEST_STEP][PASSED] - request = getInstance().getCurrentRequest(): null

2019-08-24 12:44:58 - [TEST_STEP][PASSED] - response = getInstance().getCurrentResponse(): null

2019-08-24 12:44:58 - [TEST_STEP][PASSED] - verifyResponseStatusCode(response, 200): Verify response status code successfully

2019-08-24 12:44:58 - [MESSAGE][PASSED] - Verify response status code successfully

2019-08-24 12:44:58 - [TEST_STEP][PASSED] - getStatusCode()).isEqualTo(200): null

2019-08-24 12:44:58 - [TEST_STEP][PASSED] - newline = System.getProperty("line.separator"): null

2019-08-24 12:44:58 - [TEST_STEP][PASSED] - M4_spin = new groovy.json.JsonSlurper(): null

2019-08-24 12:44:58 - [TEST_STEP][PASSED] - result_M4_spin = M4_spin.parseText(response.getResponseBodyContent()): null

2019-08-24 12:44:58 - [TEST_STEP][PASSED] - M4_spin_current_balance = current_balance: null

2019-08-24 12:44:58 - [TEST_STEP][PASSED] - M4_spin_current_balance = M4_spin_current_balance: null

2019-08-24 12:44:58 - [TEST_STEP][PASSED] - M4_spin_transaction_id = causality: null

2019-08-24 12:44:58 - [TEST_STEP][PASSED] - M4_spin_transaction_id = M4_spin_transaction_id: null

2019-08-24 12:44:58 - [TEST_STEP][PASSED] - M4_spin_round_id = round_id: null

2019-08-24 12:44:58 - [TEST_STEP][PASSED] - M4_spin_round_id = M4_spin_round_id: null

2019-08-24 12:44:58 - [TEST_STEP][PASSED] - M4_spin_line_wins = line_wins: null

2019-08-24 12:44:58 - [TEST_STEP][PASSED] - M4_spin_line_wins = M4_spin_line_wins: null

2019-08-24 12:44:58 - [TEST_STEP][PASSED] - M4_total_bonus_spins_int = total_bonus_spins: null

2019-08-24 12:44:58 - [TEST_STEP][PASSED] - println("******M4_total_bonus_spins type is:*******" + newline + getClass().getName()): null

2019-08-24 12:44:58 - [TEST_STEP][PASSED] - M4_total_bonus_spins_int = M4_total_bonus_spins_int: null

2019-08-24 12:44:58 - [TEST_STEP][PASSED] - M4_total_bonus_spins = Integer.toString(M4_total_bonus_spins_int): null

2019-08-24 12:44:58 - [TEST_STEP][PASSED] - M4_total_bonus_spins = M4_total_bonus_spins: null

2019-08-24 12:44:58 - [TEST_STEP][PASSED] - println("M4_total_bonus_spins is:" + M4_total_bonus_spins): null

2019-08-24 12:44:58 - [TEST_STEP][PASSED] - M4_spin_bonus_data = bonus_data: null

2019-08-24 12:44:58 - [TEST_STEP][PASSED] - M4_spin_features_triggered = result_M4_spin: null

2019-08-24 12:44:58 - [TEST_STEP][PASSED] - wild = []: null

2019-08-24 12:44:58 - [TEST_STEP][PASSED] - wild[0] = "WILD_Expanding": null

2019-08-24 12:44:58 - [TEST_STEP][PASSED] - wild[1] = "WILD_Normal": null

2019-08-24 12:44:58 - [TEST_STEP][PASSED] - wild[2] = "WILD_Double": null

2019-08-24 12:44:58 - [TEST_STEP][PASSED] - wild[3] = "WILD_ExtraFG": null

2019-08-24 12:44:58 - [TEST_STEP][PASSED] - wild[4] = "WILD_Triple": null

2019-08-24 12:44:58 - [TEST_STEP][PASSED] - wildList = Arrays.asList(wild): null

2019-08-24 12:44:58 - [TEST_STEP][PASSED] - wildList = wildList: null

2019-08-24 12:44:58 - [TEST_STEP][PASSED] - free_spin_reel_counter = []: null

2019-08-24 12:44:58 - [TEST_STEP][PASSED] - free_spin_reel_counter[0] = 0: null

2019-08-24 12:44:58 - [TEST_STEP][PASSED] - free_spin_reel_counter[1] = 0: null

2019-08-24 12:44:58 - [TEST_STEP][PASSED] - free_spin_reel_counter[2] = 0: null

2019-08-24 12:44:58 - [TEST_STEP][PASSED] - M4_spin_reels = reels: null

2019-08-24 12:44:58 - [TEST_STEP][PASSED] - for ([i = 0, i &lt; M4_spin_reels.size(), (i++)]): null

2019-08-24 12:44:58 - [TEST_STEP][PASSED] - symbols = symbols: null

2019-08-24 12:44:58 - [TEST_STEP][PASSED] - for ([j = 0, j &lt; symbols.size(), (j++)]): null

2019-08-24 12:44:58 - [TEST_STEP][PASSED] - symbol = symbol: null

2019-08-24 12:44:58 - [TEST_STEP][PASSED] - println(symbol): null

2019-08-24 12:44:58 - [TEST_STEP][PASSED] - if (i == 2 &amp;&amp; wildList.indexOf(symbol) != -1): null

2019-08-24 12:44:58 - [TEST_STEP][PASSED] - if (i == 3 &amp;&amp; wildList.indexOf(symbol) != -1): null

2019-08-24 12:44:58 - [TEST_STEP][PASSED] - if (i == 4 &amp;&amp; wildList.indexOf(symbol) != -1): null

2019-08-24 12:44:58 - [TEST_STEP][PASSED] - symbol = symbol: null

2019-08-24 12:44:58 - [TEST_STEP][PASSED] - println(symbol): null

2019-08-24 12:44:58 - [TEST_STEP][PASSED] - if (i == 2 &amp;&amp; wildList.indexOf(symbol) != -1): null

2019-08-24 12:44:58 - [TEST_STEP][PASSED] - if (i == 3 &amp;&amp; wildList.indexOf(symbol) != -1): null

2019-08-24 12:44:58 - [TEST_STEP][PASSED] - if (i == 4 &amp;&amp; wildList.indexOf(symbol) != -1): null

2019-08-24 12:44:58 - [TEST_STEP][PASSED] - symbol = symbol: null

2019-08-24 12:44:58 - [TEST_STEP][PASSED] - println(symbol): null

2019-08-24 12:44:58 - [TEST_STEP][PASSED] - if (i == 2 &amp;&amp; wildList.indexOf(symbol) != -1): null

2019-08-24 12:44:58 - [TEST_STEP][PASSED] - if (i == 3 &amp;&amp; wildList.indexOf(symbol) != -1): null

2019-08-24 12:44:58 - [TEST_STEP][PASSED] - if (i == 4 &amp;&amp; wildList.indexOf(symbol) != -1): null

2019-08-24 12:44:58 - [TEST_STEP][PASSED] - symbols = symbols: null

2019-08-24 12:44:58 - [TEST_STEP][PASSED] - for ([j = 0, j &lt; symbols.size(), (j++)]): null

2019-08-24 12:44:58 - [TEST_STEP][PASSED] - symbol = symbol: null

2019-08-24 12:44:58 - [TEST_STEP][PASSED] - println(symbol): null

2019-08-24 12:44:58 - [TEST_STEP][PASSED] - if (i == 2 &amp;&amp; wildList.indexOf(symbol) != -1): null

2019-08-24 12:44:58 - [TEST_STEP][PASSED] - if (i == 3 &amp;&amp; wildList.indexOf(symbol) != -1): null

2019-08-24 12:44:58 - [TEST_STEP][PASSED] - if (i == 4 &amp;&amp; wildList.indexOf(symbol) != -1): null

2019-08-24 12:44:58 - [TEST_STEP][PASSED] - symbol = symbol: null

2019-08-24 12:44:58 - [TEST_STEP][PASSED] - println(symbol): null

2019-08-24 12:44:58 - [TEST_STEP][PASSED] - if (i == 2 &amp;&amp; wildList.indexOf(symbol) != -1): null

2019-08-24 12:44:58 - [TEST_STEP][PASSED] - if (i == 3 &amp;&amp; wildList.indexOf(symbol) != -1): null

2019-08-24 12:44:58 - [TEST_STEP][PASSED] - if (i == 4 &amp;&amp; wildList.indexOf(symbol) != -1): null

2019-08-24 12:44:58 - [TEST_STEP][PASSED] - symbol = symbol: null

2019-08-24 12:44:58 - [TEST_STEP][PASSED] - println(symbol): null

2019-08-24 12:44:58 - [TEST_STEP][PASSED] - if (i == 2 &amp;&amp; wildList.indexOf(symbol) != -1): null

2019-08-24 12:44:58 - [TEST_STEP][PASSED] - if (i == 3 &amp;&amp; wildList.indexOf(symbol) != -1): null

2019-08-24 12:44:58 - [TEST_STEP][PASSED] - if (i == 4 &amp;&amp; wildList.indexOf(symbol) != -1): null

2019-08-24 12:44:58 - [TEST_STEP][PASSED] - symbols = symbols: null

2019-08-24 12:44:58 - [TEST_STEP][PASSED] - for ([j = 0, j &lt; symbols.size(), (j++)]): null

2019-08-24 12:44:58 - [TEST_STEP][PASSED] - symbol = symbol: null

2019-08-24 12:44:58 - [TEST_STEP][PASSED] - println(symbol): null

2019-08-24 12:44:58 - [TEST_STEP][PASSED] - if (i == 2 &amp;&amp; wildList.indexOf(symbol) != -1): null

2019-08-24 12:44:58 - [TEST_STEP][PASSED] - if (i == 3 &amp;&amp; wildList.indexOf(symbol) != -1): null

2019-08-24 12:44:58 - [TEST_STEP][PASSED] - if (i == 4 &amp;&amp; wildList.indexOf(symbol) != -1): null

2019-08-24 12:44:58 - [TEST_STEP][PASSED] - symbol = symbol: null

2019-08-24 12:44:58 - [TEST_STEP][PASSED] - println(symbol): null

2019-08-24 12:44:58 - [TEST_STEP][PASSED] - if (i == 2 &amp;&amp; wildList.indexOf(symbol) != -1): null

2019-08-24 12:44:58 - [TEST_STEP][PASSED] - if (i == 3 &amp;&amp; wildList.indexOf(symbol) != -1): null

2019-08-24 12:44:58 - [TEST_STEP][PASSED] - if (i == 4 &amp;&amp; wildList.indexOf(symbol) != -1): null

2019-08-24 12:44:58 - [TEST_STEP][PASSED] - symbol = symbol: null

2019-08-24 12:44:58 - [TEST_STEP][PASSED] - println(symbol): null

2019-08-24 12:44:58 - [TEST_STEP][PASSED] - if (i == 2 &amp;&amp; wildList.indexOf(symbol) != -1): null

2019-08-24 12:44:58 - [TEST_STEP][PASSED] - if (i == 3 &amp;&amp; wildList.indexOf(symbol) != -1): null

2019-08-24 12:44:58 - [TEST_STEP][PASSED] - if (i == 4 &amp;&amp; wildList.indexOf(symbol) != -1): null

2019-08-24 12:44:58 - [TEST_STEP][PASSED] - symbols = symbols: null

2019-08-24 12:44:58 - [TEST_STEP][PASSED] - for ([j = 0, j &lt; symbols.size(), (j++)]): null

2019-08-24 12:44:58 - [TEST_STEP][PASSED] - symbol = symbol: null

2019-08-24 12:44:58 - [TEST_STEP][PASSED] - println(symbol): null

2019-08-24 12:44:58 - [TEST_STEP][PASSED] - if (i == 2 &amp;&amp; wildList.indexOf(symbol) != -1): null

2019-08-24 12:44:58 - [TEST_STEP][PASSED] - if (i == 3 &amp;&amp; wildList.indexOf(symbol) != -1): null

2019-08-24 12:44:58 - [TEST_STEP][PASSED] - if (i == 4 &amp;&amp; wildList.indexOf(symbol) != -1): null

2019-08-24 12:44:58 - [TEST_STEP][PASSED] - symbol = symbol: null

2019-08-24 12:44:58 - [TEST_STEP][PASSED] - println(symbol): null

2019-08-24 12:44:58 - [TEST_STEP][PASSED] - if (i == 2 &amp;&amp; wildList.indexOf(symbol) != -1): null

2019-08-24 12:44:58 - [TEST_STEP][PASSED] - if (i == 3 &amp;&amp; wildList.indexOf(symbol) != -1): null

2019-08-24 12:44:58 - [TEST_STEP][PASSED] - if (i == 4 &amp;&amp; wildList.indexOf(symbol) != -1): null

2019-08-24 12:44:58 - [TEST_STEP][PASSED] - symbol = symbol: null

2019-08-24 12:44:58 - [TEST_STEP][PASSED] - println(symbol): null

2019-08-24 12:44:58 - [TEST_STEP][PASSED] - if (i == 2 &amp;&amp; wildList.indexOf(symbol) != -1): null

2019-08-24 12:44:58 - [TEST_STEP][PASSED] - if (i == 3 &amp;&amp; wildList.indexOf(symbol) != -1): null

2019-08-24 12:44:58 - [TEST_STEP][PASSED] - if (i == 4 &amp;&amp; wildList.indexOf(symbol) != -1): null

2019-08-24 12:44:58 - [TEST_STEP][PASSED] - symbols = symbols: null

2019-08-24 12:44:58 - [TEST_STEP][PASSED] - for ([j = 0, j &lt; symbols.size(), (j++)]): null

2019-08-24 12:44:58 - [TEST_STEP][PASSED] - symbol = symbol: null

2019-08-24 12:44:58 - [TEST_STEP][PASSED] - println(symbol): null

2019-08-24 12:44:58 - [TEST_STEP][PASSED] - if (i == 2 &amp;&amp; wildList.indexOf(symbol) != -1): null

2019-08-24 12:44:58 - [TEST_STEP][PASSED] - if (i == 3 &amp;&amp; wildList.indexOf(symbol) != -1): null

2019-08-24 12:44:58 - [TEST_STEP][PASSED] - if (i == 4 &amp;&amp; wildList.indexOf(symbol) != -1): null

2019-08-24 12:44:58 - [TEST_STEP][PASSED] - symbol = symbol: null

2019-08-24 12:44:58 - [TEST_STEP][PASSED] - println(symbol): null

2019-08-24 12:44:58 - [TEST_STEP][PASSED] - if (i == 2 &amp;&amp; wildList.indexOf(symbol) != -1): null

2019-08-24 12:44:58 - [TEST_STEP][PASSED] - if (i == 3 &amp;&amp; wildList.indexOf(symbol) != -1): null

2019-08-24 12:44:58 - [TEST_STEP][PASSED] - if (i == 4 &amp;&amp; wildList.indexOf(symbol) != -1): null

2019-08-24 12:44:58 - [TEST_STEP][PASSED] - println("wild found on reel 5, adding counter by 1"): null

2019-08-24 12:44:58 - [TEST_STEP][PASSED] - free_spin_reel_counter[2] = free_spin_reel_counter[2] + 1: null

2019-08-24 12:44:58 - [TEST_STEP][PASSED] - symbol = symbol: null

2019-08-24 12:44:58 - [TEST_STEP][PASSED] - println(symbol): null

2019-08-24 12:44:58 - [TEST_STEP][PASSED] - if (i == 2 &amp;&amp; wildList.indexOf(symbol) != -1): null

2019-08-24 12:44:58 - [TEST_STEP][PASSED] - if (i == 3 &amp;&amp; wildList.indexOf(symbol) != -1): null

2019-08-24 12:44:58 - [TEST_STEP][PASSED] - if (i == 4 &amp;&amp; wildList.indexOf(symbol) != -1): null

2019-08-24 12:44:58 - [TEST_STEP][PASSED] - free_spin_reel_counter = free_spin_reel_counter: null

2019-08-24 12:44:58 - [TEST_STEP][PASSED] - println("reel 3 wild found: " + free_spin_reel_counter[0]): null

2019-08-24 12:44:58 - [TEST_STEP][PASSED] - println("reel 4 wild found: " + free_spin_reel_counter[1]): null

2019-08-24 12:44:58 - [TEST_STEP][PASSED] - println("reel 5 wild found: " + free_spin_reel_counter[2]): null

2019-08-24 12:44:58 - [TEST_STEP][PASSED] - M4_spin_reels = M4_spin_reels: null

2019-08-24 12:44:58 - [TEST_STEP][PASSED] - M4_spin_reels_symbols = symbol: null

2019-08-24 12:44:58 - [TEST_STEP][PASSED] - M4_spin_reels_symbols = M4_spin_reels_symbols: null

2019-08-24 12:44:58 - [TEST_STEP][PASSED] - M4_spin_reel_wins = reel_wins: null

2019-08-24 12:44:58 - [TEST_STEP][PASSED] - M4_spin_reel_wins = M4_spin_reel_wins: null

2019-08-24 12:44:58 - [TEST_STEP][PASSED] - println("GlobalVariable.M4_spin_reel_wins is: " + M4_spin_reel_wins): null

2019-08-24 12:44:58 - [TEST_STEP][PASSED] - M4_spin_total_bonus_win_this_round = total_bonus_win_this_round: null

2019-08-24 12:44:58 - [TEST_STEP][PASSED] - M4_spin_total_bonus_win_this_round = M4_spin_total_bonus_win_this_round: null

2019-08-24 12:44:58 - [TEST_STEP][PASSED] - println("GlobalVariable.M4_spin_total_bonus_win_this_round is: " + M4_spin_total_bonus_win_this_round): null

2019-08-24 12:44:58 - [TEST_STEP][PASSED] - M4_spin_bonus_spin_result = spin_result: null

2019-08-24 12:44:58 - [TEST_STEP][PASSED] - M4_spin_bonus_spin_result = M4_spin_bonus_spin_result: null

2019-08-24 12:44:58 - [MESSAGE][PASSED] - Verify response successfully

2019-08-24 12:44:58 - [MESSAGE][PASSED] - Send request and verify the response successfully

2019-08-24 12:44:58 - [TEST_STEP][PASSED] - if (M4_total_bonus_spins_int != 0 &amp;&amp; M4_spin_reels_symbols[2].contains("WILD_Double") || M4_spin_reels_symbols[4].contains("WILD_Triple")): null

2019-08-24 12:44:58 - [TEST_STEP][PASSED] - free_spin_reel_counter = free_spin_reel_counter: null

2019-08-24 12:44:58 - [TEST_STEP][PASSED] - M4_spin_reels_symbols = M4_spin_reels_symbols: null

2019-08-24 12:44:58 - [TEST_STEP][PASSED] - M4_total_bonus_spins = M4_total_bonus_spins: null

2019-08-24 12:44:58 - [TEST_STEP][PASSED] - spin_result = sendRequestAndVerify(findTestObject("INT/RGS(M4)/1_M4_spin", ["M4_login_user_id":M4_login_user_id, "rgs_session_token":rgs_session_token, "partner":Partner])): Send request and verify the response successfully

2019-08-24 12:44:59 - [MESSAGE][INFO] - HAR: /Users/eiralee/Katalon_Script/SuperWild/Reports/20190824_124242/INT/superWild_4/20190824_124242/requests/main/44.har

2019-08-24 12:44:59 - [TEST_CASE][PASSED] - Start Test Case : Verification: Verification accomplished successfully

2019-08-24 12:44:59 - [TEST_STEP][PASSED] - request = getInstance().getCurrentRequest(): null

2019-08-24 12:44:59 - [TEST_STEP][PASSED] - response = getInstance().getCurrentResponse(): null

2019-08-24 12:44:59 - [TEST_STEP][PASSED] - verifyResponseStatusCode(response, 200): Verify response status code successfully

2019-08-24 12:44:59 - [MESSAGE][PASSED] - Verify response status code successfully

2019-08-24 12:44:59 - [TEST_STEP][PASSED] - getStatusCode()).isEqualTo(200): null

2019-08-24 12:44:59 - [TEST_STEP][PASSED] - newline = System.getProperty("line.separator"): null

2019-08-24 12:44:59 - [TEST_STEP][PASSED] - M4_spin = new groovy.json.JsonSlurper(): null

2019-08-24 12:44:59 - [TEST_STEP][PASSED] - result_M4_spin = M4_spin.parseText(response.getResponseBodyContent()): null

2019-08-24 12:44:59 - [TEST_STEP][PASSED] - M4_spin_current_balance = current_balance: null

2019-08-24 12:44:59 - [TEST_STEP][PASSED] - M4_spin_current_balance = M4_spin_current_balance: null

2019-08-24 12:44:59 - [TEST_STEP][PASSED] - M4_spin_transaction_id = causality: null

2019-08-24 12:44:59 - [TEST_STEP][PASSED] - M4_spin_transaction_id = M4_spin_transaction_id: null

2019-08-24 12:44:59 - [TEST_STEP][PASSED] - M4_spin_round_id = round_id: null

2019-08-24 12:44:59 - [TEST_STEP][PASSED] - M4_spin_round_id = M4_spin_round_id: null

2019-08-24 12:44:59 - [TEST_STEP][PASSED] - M4_spin_line_wins = line_wins: null

2019-08-24 12:44:59 - [TEST_STEP][PASSED] - M4_spin_line_wins = M4_spin_line_wins: null

2019-08-24 12:44:59 - [TEST_STEP][PASSED] - M4_total_bonus_spins_int = total_bonus_spins: null

2019-08-24 12:44:59 - [TEST_STEP][PASSED] - println("******M4_total_bonus_spins type is:*******" + newline + getClass().getName()): null

2019-08-24 12:44:59 - [TEST_STEP][PASSED] - M4_total_bonus_spins_int = M4_total_bonus_spins_int: null

2019-08-24 12:44:59 - [TEST_STEP][PASSED] - M4_total_bonus_spins = Integer.toString(M4_total_bonus_spins_int): null

2019-08-24 12:44:59 - [TEST_STEP][PASSED] - M4_total_bonus_spins = M4_total_bonus_spins: null

2019-08-24 12:44:59 - [TEST_STEP][PASSED] - println("M4_total_bonus_spins is:" + M4_total_bonus_spins): null

2019-08-24 12:44:59 - [TEST_STEP][PASSED] - M4_spin_bonus_data = bonus_data: null

2019-08-24 12:44:59 - [TEST_STEP][PASSED] - M4_spin_features_triggered = result_M4_spin: null

2019-08-24 12:44:59 - [TEST_STEP][PASSED] - wild = []: null

2019-08-24 12:44:59 - [TEST_STEP][PASSED] - wild[0] = "WILD_Expanding": null

2019-08-24 12:44:59 - [TEST_STEP][PASSED] - wild[1] = "WILD_Normal": null

2019-08-24 12:44:59 - [TEST_STEP][PASSED] - wild[2] = "WILD_Double": null

2019-08-24 12:44:59 - [TEST_STEP][PASSED] - wild[3] = "WILD_ExtraFG": null

2019-08-24 12:44:59 - [TEST_STEP][PASSED] - wild[4] = "WILD_Triple": null

2019-08-24 12:44:59 - [TEST_STEP][PASSED] - wildList = Arrays.asList(wild): null

2019-08-24 12:44:59 - [TEST_STEP][PASSED] - wildList = wildList: null

2019-08-24 12:44:59 - [TEST_STEP][PASSED] - free_spin_reel_counter = []: null

2019-08-24 12:44:59 - [TEST_STEP][PASSED] - free_spin_reel_counter[0] = 0: null

2019-08-24 12:44:59 - [TEST_STEP][PASSED] - free_spin_reel_counter[1] = 0: null

2019-08-24 12:44:59 - [TEST_STEP][PASSED] - free_spin_reel_counter[2] = 0: null

2019-08-24 12:44:59 - [TEST_STEP][PASSED] - M4_spin_reels = reels: null

2019-08-24 12:44:59 - [TEST_STEP][PASSED] - for ([i = 0, i &lt; M4_spin_reels.size(), (i++)]): null

2019-08-24 12:44:59 - [TEST_STEP][PASSED] - symbols = symbols: null

2019-08-24 12:44:59 - [TEST_STEP][PASSED] - for ([j = 0, j &lt; symbols.size(), (j++)]): null

2019-08-24 12:44:59 - [TEST_STEP][PASSED] - symbol = symbol: null

2019-08-24 12:44:59 - [TEST_STEP][PASSED] - println(symbol): null

2019-08-24 12:44:59 - [TEST_STEP][PASSED] - if (i == 2 &amp;&amp; wildList.indexOf(symbol) != -1): null

2019-08-24 12:44:59 - [TEST_STEP][PASSED] - if (i == 3 &amp;&amp; wildList.indexOf(symbol) != -1): null

2019-08-24 12:44:59 - [TEST_STEP][PASSED] - if (i == 4 &amp;&amp; wildList.indexOf(symbol) != -1): null

2019-08-24 12:44:59 - [TEST_STEP][PASSED] - symbol = symbol: null

2019-08-24 12:44:59 - [TEST_STEP][PASSED] - println(symbol): null

2019-08-24 12:44:59 - [TEST_STEP][PASSED] - if (i == 2 &amp;&amp; wildList.indexOf(symbol) != -1): null

2019-08-24 12:44:59 - [TEST_STEP][PASSED] - if (i == 3 &amp;&amp; wildList.indexOf(symbol) != -1): null

2019-08-24 12:44:59 - [TEST_STEP][PASSED] - if (i == 4 &amp;&amp; wildList.indexOf(symbol) != -1): null

2019-08-24 12:44:59 - [TEST_STEP][PASSED] - symbol = symbol: null

2019-08-24 12:44:59 - [TEST_STEP][PASSED] - println(symbol): null

2019-08-24 12:44:59 - [TEST_STEP][PASSED] - if (i == 2 &amp;&amp; wildList.indexOf(symbol) != -1): null

2019-08-24 12:44:59 - [TEST_STEP][PASSED] - if (i == 3 &amp;&amp; wildList.indexOf(symbol) != -1): null

2019-08-24 12:44:59 - [TEST_STEP][PASSED] - if (i == 4 &amp;&amp; wildList.indexOf(symbol) != -1): null

2019-08-24 12:44:59 - [TEST_STEP][PASSED] - symbols = symbols: null

2019-08-24 12:44:59 - [TEST_STEP][PASSED] - for ([j = 0, j &lt; symbols.size(), (j++)]): null

2019-08-24 12:44:59 - [TEST_STEP][PASSED] - symbol = symbol: null

2019-08-24 12:44:59 - [TEST_STEP][PASSED] - println(symbol): null

2019-08-24 12:44:59 - [TEST_STEP][PASSED] - if (i == 2 &amp;&amp; wildList.indexOf(symbol) != -1): null

2019-08-24 12:44:59 - [TEST_STEP][PASSED] - if (i == 3 &amp;&amp; wildList.indexOf(symbol) != -1): null

2019-08-24 12:44:59 - [TEST_STEP][PASSED] - if (i == 4 &amp;&amp; wildList.indexOf(symbol) != -1): null

2019-08-24 12:44:59 - [TEST_STEP][PASSED] - symbol = symbol: null

2019-08-24 12:44:59 - [TEST_STEP][PASSED] - println(symbol): null

2019-08-24 12:44:59 - [TEST_STEP][PASSED] - if (i == 2 &amp;&amp; wildList.indexOf(symbol) != -1): null

2019-08-24 12:44:59 - [TEST_STEP][PASSED] - if (i == 3 &amp;&amp; wildList.indexOf(symbol) != -1): null

2019-08-24 12:44:59 - [TEST_STEP][PASSED] - if (i == 4 &amp;&amp; wildList.indexOf(symbol) != -1): null

2019-08-24 12:44:59 - [TEST_STEP][PASSED] - symbol = symbol: null

2019-08-24 12:44:59 - [TEST_STEP][PASSED] - println(symbol): null

2019-08-24 12:44:59 - [TEST_STEP][PASSED] - if (i == 2 &amp;&amp; wildList.indexOf(symbol) != -1): null

2019-08-24 12:44:59 - [TEST_STEP][PASSED] - if (i == 3 &amp;&amp; wildList.indexOf(symbol) != -1): null

2019-08-24 12:44:59 - [TEST_STEP][PASSED] - if (i == 4 &amp;&amp; wildList.indexOf(symbol) != -1): null

2019-08-24 12:44:59 - [TEST_STEP][PASSED] - symbols = symbols: null

2019-08-24 12:44:59 - [TEST_STEP][PASSED] - for ([j = 0, j &lt; symbols.size(), (j++)]): null

2019-08-24 12:44:59 - [TEST_STEP][PASSED] - symbol = symbol: null

2019-08-24 12:44:59 - [TEST_STEP][PASSED] - println(symbol): null

2019-08-24 12:44:59 - [TEST_STEP][PASSED] - if (i == 2 &amp;&amp; wildList.indexOf(symbol) != -1): null

2019-08-24 12:44:59 - [TEST_STEP][PASSED] - if (i == 3 &amp;&amp; wildList.indexOf(symbol) != -1): null

2019-08-24 12:44:59 - [TEST_STEP][PASSED] - if (i == 4 &amp;&amp; wildList.indexOf(symbol) != -1): null

2019-08-24 12:44:59 - [TEST_STEP][PASSED] - symbol = symbol: null

2019-08-24 12:44:59 - [TEST_STEP][PASSED] - println(symbol): null

2019-08-24 12:44:59 - [TEST_STEP][PASSED] - if (i == 2 &amp;&amp; wildList.indexOf(symbol) != -1): null

2019-08-24 12:44:59 - [TEST_STEP][PASSED] - if (i == 3 &amp;&amp; wildList.indexOf(symbol) != -1): null

2019-08-24 12:44:59 - [TEST_STEP][PASSED] - if (i == 4 &amp;&amp; wildList.indexOf(symbol) != -1): null

2019-08-24 12:44:59 - [TEST_STEP][PASSED] - symbol = symbol: null

2019-08-24 12:44:59 - [TEST_STEP][PASSED] - println(symbol): null

2019-08-24 12:44:59 - [TEST_STEP][PASSED] - if (i == 2 &amp;&amp; wildList.indexOf(symbol) != -1): null

2019-08-24 12:44:59 - [TEST_STEP][PASSED] - if (i == 3 &amp;&amp; wildList.indexOf(symbol) != -1): null

2019-08-24 12:44:59 - [TEST_STEP][PASSED] - if (i == 4 &amp;&amp; wildList.indexOf(symbol) != -1): null

2019-08-24 12:44:59 - [TEST_STEP][PASSED] - symbols = symbols: null

2019-08-24 12:44:59 - [TEST_STEP][PASSED] - for ([j = 0, j &lt; symbols.size(), (j++)]): null

2019-08-24 12:44:59 - [TEST_STEP][PASSED] - symbol = symbol: null

2019-08-24 12:44:59 - [TEST_STEP][PASSED] - println(symbol): null

2019-08-24 12:44:59 - [TEST_STEP][PASSED] - if (i == 2 &amp;&amp; wildList.indexOf(symbol) != -1): null

2019-08-24 12:44:59 - [TEST_STEP][PASSED] - if (i == 3 &amp;&amp; wildList.indexOf(symbol) != -1): null

2019-08-24 12:44:59 - [TEST_STEP][PASSED] - if (i == 4 &amp;&amp; wildList.indexOf(symbol) != -1): null

2019-08-24 12:44:59 - [TEST_STEP][PASSED] - symbol = symbol: null

2019-08-24 12:45:08 - [TEST_STEP][PASSED] - println(symbol): null

2019-08-24 12:45:08 - [TEST_STEP][PASSED] - if (i == 2 &amp;&amp; wildList.indexOf(symbol) != -1): null

2019-08-24 12:45:08 - [TEST_STEP][PASSED] - if (i == 3 &amp;&amp; wildList.indexOf(symbol) != -1): null

2019-08-24 12:45:08 - [TEST_STEP][PASSED] - if (i == 4 &amp;&amp; wildList.indexOf(symbol) != -1): null

2019-08-24 12:45:08 - [TEST_STEP][PASSED] - symbol = symbol: null

2019-08-24 12:45:08 - [TEST_STEP][PASSED] - println(symbol): null

2019-08-24 12:45:13 - [TEST_STEP][PASSED] - if (i == 2 &amp;&amp; wildList.indexOf(symbol) != -1): null

2019-08-24 12:45:13 - [TEST_STEP][PASSED] - if (i == 3 &amp;&amp; wildList.indexOf(symbol) != -1): null

2019-08-24 12:45:13 - [TEST_STEP][PASSED] - if (i == 4 &amp;&amp; wildList.indexOf(symbol) != -1): null

2019-08-24 12:45:13 - [TEST_STEP][PASSED] - symbols = symbols: null

2019-08-24 12:45:13 - [TEST_STEP][PASSED] - for ([j = 0, j &lt; symbols.size(), (j++)]): null

2019-08-24 12:45:13 - [TEST_STEP][PASSED] - symbol = symbol: null

2019-08-24 12:45:13 - [TEST_STEP][PASSED] - println(symbol): null

2019-08-24 12:45:13 - [TEST_STEP][PASSED] - if (i == 2 &amp;&amp; wildList.indexOf(symbol) != -1): null

2019-08-24 12:45:13 - [TEST_STEP][PASSED] - if (i == 3 &amp;&amp; wildList.indexOf(symbol) != -1): null

2019-08-24 12:45:13 - [TEST_STEP][PASSED] - if (i == 4 &amp;&amp; wildList.indexOf(symbol) != -1): null

2019-08-24 12:45:13 - [TEST_STEP][PASSED] - symbol = symbol: null

2019-08-24 12:45:13 - [TEST_STEP][PASSED] - println(symbol): null

2019-08-24 12:45:13 - [TEST_STEP][PASSED] - if (i == 2 &amp;&amp; wildList.indexOf(symbol) != -1): null

2019-08-24 12:45:13 - [TEST_STEP][PASSED] - if (i == 3 &amp;&amp; wildList.indexOf(symbol) != -1): null

2019-08-24 12:45:13 - [TEST_STEP][PASSED] - if (i == 4 &amp;&amp; wildList.indexOf(symbol) != -1): null

2019-08-24 12:45:13 - [TEST_STEP][PASSED] - symbol = symbol: null

2019-08-24 12:45:13 - [TEST_STEP][PASSED] - println(symbol): null

2019-08-24 12:45:13 - [TEST_STEP][PASSED] - if (i == 2 &amp;&amp; wildList.indexOf(symbol) != -1): null

2019-08-24 12:45:13 - [TEST_STEP][PASSED] - if (i == 3 &amp;&amp; wildList.indexOf(symbol) != -1): null

2019-08-24 12:45:13 - [TEST_STEP][PASSED] - if (i == 4 &amp;&amp; wildList.indexOf(symbol) != -1): null

2019-08-24 12:45:13 - [TEST_STEP][PASSED] - println("wild found on reel 5, adding counter by 1"): null

2019-08-24 12:45:13 - [TEST_STEP][PASSED] - free_spin_reel_counter[2] = free_spin_reel_counter[2] + 1: null

2019-08-24 12:45:13 - [TEST_STEP][PASSED] - free_spin_reel_counter = free_spin_reel_counter: null

2019-08-24 12:45:13 - [TEST_STEP][PASSED] - println("reel 3 wild found: " + free_spin_reel_counter[0]): null

2019-08-24 12:45:13 - [TEST_STEP][PASSED] - println("reel 4 wild found: " + free_spin_reel_counter[1]): null

2019-08-24 12:45:13 - [TEST_STEP][PASSED] - println("reel 5 wild found: " + free_spin_reel_counter[2]): null

2019-08-24 12:45:13 - [TEST_STEP][PASSED] - M4_spin_reels = M4_spin_reels: null

2019-08-24 12:45:13 - [TEST_STEP][PASSED] - M4_spin_reels_symbols = symbol: null

2019-08-24 12:45:13 - [TEST_STEP][PASSED] - M4_spin_reels_symbols = M4_spin_reels_symbols: null

2019-08-24 12:45:13 - [TEST_STEP][PASSED] - M4_spin_reel_wins = reel_wins: null

2019-08-24 12:45:13 - [TEST_STEP][PASSED] - M4_spin_reel_wins = M4_spin_reel_wins: null

2019-08-24 12:45:13 - [TEST_STEP][PASSED] - println("GlobalVariable.M4_spin_reel_wins is: " + M4_spin_reel_wins): null

2019-08-24 12:45:13 - [TEST_STEP][PASSED] - M4_spin_total_bonus_win_this_round = total_bonus_win_this_round: null

2019-08-24 12:45:13 - [TEST_STEP][PASSED] - M4_spin_total_bonus_win_this_round = M4_spin_total_bonus_win_this_round: null

2019-08-24 12:45:13 - [TEST_STEP][PASSED] - println("GlobalVariable.M4_spin_total_bonus_win_this_round is: " + M4_spin_total_bonus_win_this_round): null

2019-08-24 12:45:13 - [TEST_STEP][PASSED] - M4_spin_bonus_spin_result = spin_result: null

2019-08-24 12:45:13 - [TEST_STEP][PASSED] - M4_spin_bonus_spin_result = M4_spin_bonus_spin_result: null

2019-08-24 12:45:13 - [MESSAGE][PASSED] - Verify response successfully

2019-08-24 12:45:13 - [MESSAGE][PASSED] - Send request and verify the response successfully

2019-08-24 12:45:13 - [TEST_STEP][PASSED] - if (M4_total_bonus_spins_int != 0 &amp;&amp; M4_spin_reels_symbols[2].contains("WILD_Double") || M4_spin_reels_symbols[4].contains("WILD_Triple")): null

2019-08-24 12:45:13 - [TEST_STEP][PASSED] - free_spin_reel_counter = free_spin_reel_counter: null

2019-08-24 12:45:13 - [TEST_STEP][PASSED] - M4_spin_reels_symbols = M4_spin_reels_symbols: null

2019-08-24 12:45:13 - [TEST_STEP][PASSED] - M4_total_bonus_spins = M4_total_bonus_spins: null

2019-08-24 12:45:13 - [TEST_STEP][PASSED] - spin_result = sendRequestAndVerify(findTestObject("INT/RGS(M4)/1_M4_spin", ["M4_login_user_id":M4_login_user_id, "rgs_session_token":rgs_session_token, "partner":Partner])): Send request and verify the response successfully

2019-08-24 12:45:14 - [MESSAGE][INFO] - HAR: /Users/eiralee/Katalon_Script/SuperWild/Reports/20190824_124242/INT/superWild_4/20190824_124242/requests/main/45.har

2019-08-24 12:45:14 - [TEST_CASE][PASSED] - Start Test Case : Verification: Verification accomplished successfully

2019-08-24 12:45:14 - [TEST_STEP][PASSED] - request = getInstance().getCurrentRequest(): null

2019-08-24 12:45:14 - [TEST_STEP][PASSED] - response = getInstance().getCurrentResponse(): null

2019-08-24 12:45:14 - [TEST_STEP][PASSED] - verifyResponseStatusCode(response, 200): Verify response status code successfully

2019-08-24 12:45:14 - [MESSAGE][PASSED] - Verify response status code successfully

2019-08-24 12:45:14 - [TEST_STEP][PASSED] - getStatusCode()).isEqualTo(200): null

2019-08-24 12:45:14 - [TEST_STEP][PASSED] - newline = System.getProperty("line.separator"): null

2019-08-24 12:45:14 - [TEST_STEP][PASSED] - M4_spin = new groovy.json.JsonSlurper(): null

2019-08-24 12:45:14 - [TEST_STEP][PASSED] - result_M4_spin = M4_spin.parseText(response.getResponseBodyContent()): null

2019-08-24 12:45:14 - [TEST_STEP][PASSED] - M4_spin_current_balance = current_balance: null

2019-08-24 12:45:14 - [TEST_STEP][PASSED] - M4_spin_current_balance = M4_spin_current_balance: null

2019-08-24 12:45:14 - [TEST_STEP][PASSED] - M4_spin_transaction_id = causality: null

2019-08-24 12:45:14 - [TEST_STEP][PASSED] - M4_spin_transaction_id = M4_spin_transaction_id: null

2019-08-24 12:45:14 - [TEST_STEP][PASSED] - M4_spin_round_id = round_id: null

2019-08-24 12:45:14 - [TEST_STEP][PASSED] - M4_spin_round_id = M4_spin_round_id: null

2019-08-24 12:45:14 - [TEST_STEP][PASSED] - M4_spin_line_wins = line_wins: null

2019-08-24 12:45:14 - [TEST_STEP][PASSED] - M4_spin_line_wins = M4_spin_line_wins: null

2019-08-24 12:45:14 - [TEST_STEP][PASSED] - M4_total_bonus_spins_int = total_bonus_spins: null

2019-08-24 12:45:14 - [TEST_STEP][PASSED] - println("******M4_total_bonus_spins type is:*******" + newline + getClass().getName()): null

2019-08-24 12:45:14 - [TEST_STEP][PASSED] - M4_total_bonus_spins_int = M4_total_bonus_spins_int: null

2019-08-24 12:45:14 - [TEST_STEP][PASSED] - M4_total_bonus_spins = Integer.toString(M4_total_bonus_spins_int): null

2019-08-24 12:45:14 - [TEST_STEP][PASSED] - M4_total_bonus_spins = M4_total_bonus_spins: null

2019-08-24 12:45:14 - [TEST_STEP][PASSED] - println("M4_total_bonus_spins is:" + M4_total_bonus_spins): null

2019-08-24 12:45:14 - [TEST_STEP][PASSED] - M4_spin_bonus_data = bonus_data: null

2019-08-24 12:45:14 - [TEST_STEP][PASSED] - M4_spin_features_triggered = result_M4_spin: null

2019-08-24 12:45:14 - [TEST_STEP][PASSED] - wild = []: null

2019-08-24 12:45:14 - [TEST_STEP][PASSED] - wild[0] = "WILD_Expanding": null

2019-08-24 12:45:14 - [TEST_STEP][PASSED] - wild[1] = "WILD_Normal": null

2019-08-24 12:45:14 - [TEST_STEP][PASSED] - wild[2] = "WILD_Double": null

2019-08-24 12:45:14 - [TEST_STEP][PASSED] - wild[3] = "WILD_ExtraFG": null

2019-08-24 12:45:14 - [TEST_STEP][PASSED] - wild[4] = "WILD_Triple": null

2019-08-24 12:45:14 - [TEST_STEP][PASSED] - wildList = Arrays.asList(wild): null

2019-08-24 12:45:14 - [TEST_STEP][PASSED] - wildList = wildList: null

2019-08-24 12:45:14 - [TEST_STEP][PASSED] - free_spin_reel_counter = []: null

2019-08-24 12:45:14 - [TEST_STEP][PASSED] - free_spin_reel_counter[0] = 0: null

2019-08-24 12:45:14 - [TEST_STEP][PASSED] - free_spin_reel_counter[1] = 0: null

2019-08-24 12:45:14 - [TEST_STEP][PASSED] - free_spin_reel_counter[2] = 0: null

2019-08-24 12:45:14 - [TEST_STEP][PASSED] - M4_spin_reels = reels: null

2019-08-24 12:45:14 - [TEST_STEP][PASSED] - for ([i = 0, i &lt; M4_spin_reels.size(), (i++)]): null

2019-08-24 12:45:14 - [TEST_STEP][PASSED] - symbols = symbols: null

2019-08-24 12:45:14 - [TEST_STEP][PASSED] - for ([j = 0, j &lt; symbols.size(), (j++)]): null

2019-08-24 12:45:14 - [TEST_STEP][PASSED] - symbol = symbol: null

2019-08-24 12:45:14 - [TEST_STEP][PASSED] - println(symbol): null

2019-08-24 12:45:14 - [TEST_STEP][PASSED] - if (i == 2 &amp;&amp; wildList.indexOf(symbol) != -1): null

2019-08-24 12:45:14 - [TEST_STEP][PASSED] - if (i == 3 &amp;&amp; wildList.indexOf(symbol) != -1): null

2019-08-24 12:45:14 - [TEST_STEP][PASSED] - if (i == 4 &amp;&amp; wildList.indexOf(symbol) != -1): null

2019-08-24 12:45:14 - [TEST_STEP][PASSED] - symbol = symbol: null

2019-08-24 12:45:14 - [TEST_STEP][PASSED] - println(symbol): null

2019-08-24 12:45:14 - [TEST_STEP][PASSED] - if (i == 2 &amp;&amp; wildList.indexOf(symbol) != -1): null

2019-08-24 12:45:14 - [TEST_STEP][PASSED] - if (i == 3 &amp;&amp; wildList.indexOf(symbol) != -1): null

2019-08-24 12:45:14 - [TEST_STEP][PASSED] - if (i == 4 &amp;&amp; wildList.indexOf(symbol) != -1): null

2019-08-24 12:45:14 - [TEST_STEP][PASSED] - symbol = symbol: null

2019-08-24 12:45:14 - [TEST_STEP][PASSED] - println(symbol): null

2019-08-24 12:45:14 - [TEST_STEP][PASSED] - if (i == 2 &amp;&amp; wildList.indexOf(symbol) != -1): null

2019-08-24 12:45:14 - [TEST_STEP][PASSED] - if (i == 3 &amp;&amp; wildList.indexOf(symbol) != -1): null

2019-08-24 12:45:14 - [TEST_STEP][PASSED] - if (i == 4 &amp;&amp; wildList.indexOf(symbol) != -1): null

2019-08-24 12:45:14 - [TEST_STEP][PASSED] - symbols = symbols: null

2019-08-24 12:45:14 - [TEST_STEP][PASSED] - for ([j = 0, j &lt; symbols.size(), (j++)]): null

2019-08-24 12:45:14 - [TEST_STEP][PASSED] - symbol = symbol: null

2019-08-24 12:45:14 - [TEST_STEP][PASSED] - println(symbol): null

2019-08-24 12:45:14 - [TEST_STEP][PASSED] - if (i == 2 &amp;&amp; wildList.indexOf(symbol) != -1): null

2019-08-24 12:45:14 - [TEST_STEP][PASSED] - if (i == 3 &amp;&amp; wildList.indexOf(symbol) != -1): null

2019-08-24 12:45:14 - [TEST_STEP][PASSED] - if (i == 4 &amp;&amp; wildList.indexOf(symbol) != -1): null

2019-08-24 12:45:14 - [TEST_STEP][PASSED] - symbol = symbol: null

2019-08-24 12:45:14 - [TEST_STEP][PASSED] - println(symbol): null

2019-08-24 12:45:14 - [TEST_STEP][PASSED] - if (i == 2 &amp;&amp; wildList.indexOf(symbol) != -1): null

2019-08-24 12:45:14 - [TEST_STEP][PASSED] - if (i == 3 &amp;&amp; wildList.indexOf(symbol) != -1): null

2019-08-24 12:45:14 - [TEST_STEP][PASSED] - if (i == 4 &amp;&amp; wildList.indexOf(symbol) != -1): null

2019-08-24 12:45:14 - [TEST_STEP][PASSED] - symbol = symbol: null

2019-08-24 12:45:14 - [TEST_STEP][PASSED] - println(symbol): null

2019-08-24 12:45:14 - [TEST_STEP][PASSED] - if (i == 2 &amp;&amp; wildList.indexOf(symbol) != -1): null

2019-08-24 12:45:14 - [TEST_STEP][PASSED] - if (i == 3 &amp;&amp; wildList.indexOf(symbol) != -1): null

2019-08-24 12:45:14 - [TEST_STEP][PASSED] - if (i == 4 &amp;&amp; wildList.indexOf(symbol) != -1): null

2019-08-24 12:45:14 - [TEST_STEP][PASSED] - symbols = symbols: null

2019-08-24 12:45:14 - [TEST_STEP][PASSED] - for ([j = 0, j &lt; symbols.size(), (j++)]): null

2019-08-24 12:45:14 - [TEST_STEP][PASSED] - symbol = symbol: null

2019-08-24 12:45:14 - [TEST_STEP][PASSED] - println(symbol): null

2019-08-24 12:45:14 - [TEST_STEP][PASSED] - if (i == 2 &amp;&amp; wildList.indexOf(symbol) != -1): null

2019-08-24 12:45:14 - [TEST_STEP][PASSED] - if (i == 3 &amp;&amp; wildList.indexOf(symbol) != -1): null

2019-08-24 12:45:14 - [TEST_STEP][PASSED] - if (i == 4 &amp;&amp; wildList.indexOf(symbol) != -1): null

2019-08-24 12:45:14 - [TEST_STEP][PASSED] - symbol = symbol: null

2019-08-24 12:45:14 - [TEST_STEP][PASSED] - println(symbol): null

2019-08-24 12:45:14 - [TEST_STEP][PASSED] - if (i == 2 &amp;&amp; wildList.indexOf(symbol) != -1): null

2019-08-24 12:45:14 - [TEST_STEP][PASSED] - if (i == 3 &amp;&amp; wildList.indexOf(symbol) != -1): null

2019-08-24 12:45:14 - [TEST_STEP][PASSED] - if (i == 4 &amp;&amp; wildList.indexOf(symbol) != -1): null

2019-08-24 12:45:14 - [TEST_STEP][PASSED] - symbol = symbol: null

2019-08-24 12:45:14 - [TEST_STEP][PASSED] - println(symbol): null

2019-08-24 12:45:14 - [TEST_STEP][PASSED] - if (i == 2 &amp;&amp; wildList.indexOf(symbol) != -1): null

2019-08-24 12:45:14 - [TEST_STEP][PASSED] - if (i == 3 &amp;&amp; wildList.indexOf(symbol) != -1): null

2019-08-24 12:45:14 - [TEST_STEP][PASSED] - if (i == 4 &amp;&amp; wildList.indexOf(symbol) != -1): null

2019-08-24 12:45:14 - [TEST_STEP][PASSED] - symbols = symbols: null

2019-08-24 12:45:14 - [TEST_STEP][PASSED] - for ([j = 0, j &lt; symbols.size(), (j++)]): null

2019-08-24 12:45:14 - [TEST_STEP][PASSED] - symbol = symbol: null

2019-08-24 12:45:14 - [TEST_STEP][PASSED] - println(symbol): null

2019-08-24 12:45:14 - [TEST_STEP][PASSED] - if (i == 2 &amp;&amp; wildList.indexOf(symbol) != -1): null

2019-08-24 12:45:14 - [TEST_STEP][PASSED] - if (i == 3 &amp;&amp; wildList.indexOf(symbol) != -1): null

2019-08-24 12:45:14 - [TEST_STEP][PASSED] - if (i == 4 &amp;&amp; wildList.indexOf(symbol) != -1): null

2019-08-24 12:45:14 - [TEST_STEP][PASSED] - symbol = symbol: null

2019-08-24 12:45:14 - [TEST_STEP][PASSED] - println(symbol): null

2019-08-24 12:45:14 - [TEST_STEP][PASSED] - if (i == 2 &amp;&amp; wildList.indexOf(symbol) != -1): null

2019-08-24 12:45:14 - [TEST_STEP][PASSED] - if (i == 3 &amp;&amp; wildList.indexOf(symbol) != -1): null

2019-08-24 12:45:14 - [TEST_STEP][PASSED] - if (i == 4 &amp;&amp; wildList.indexOf(symbol) != -1): null

2019-08-24 12:45:14 - [TEST_STEP][PASSED] - symbol = symbol: null

2019-08-24 12:45:14 - [TEST_STEP][PASSED] - println(symbol): null

2019-08-24 12:45:14 - [TEST_STEP][PASSED] - if (i == 2 &amp;&amp; wildList.indexOf(symbol) != -1): null

2019-08-24 12:45:14 - [TEST_STEP][PASSED] - if (i == 3 &amp;&amp; wildList.indexOf(symbol) != -1): null

2019-08-24 12:45:14 - [TEST_STEP][PASSED] - if (i == 4 &amp;&amp; wildList.indexOf(symbol) != -1): null

2019-08-24 12:45:14 - [TEST_STEP][PASSED] - symbols = symbols: null

2019-08-24 12:45:14 - [TEST_STEP][PASSED] - for ([j = 0, j &lt; symbols.size(), (j++)]): null

2019-08-24 12:45:14 - [TEST_STEP][PASSED] - symbol = symbol: null

2019-08-24 12:45:14 - [TEST_STEP][PASSED] - println(symbol): null

2019-08-24 12:45:14 - [TEST_STEP][PASSED] - if (i == 2 &amp;&amp; wildList.indexOf(symbol) != -1): null

2019-08-24 12:45:14 - [TEST_STEP][PASSED] - if (i == 3 &amp;&amp; wildList.indexOf(symbol) != -1): null

2019-08-24 12:45:14 - [TEST_STEP][PASSED] - if (i == 4 &amp;&amp; wildList.indexOf(symbol) != -1): null

2019-08-24 12:45:14 - [TEST_STEP][PASSED] - symbol = symbol: null

2019-08-24 12:45:14 - [TEST_STEP][PASSED] - println(symbol): null

2019-08-24 12:45:14 - [TEST_STEP][PASSED] - if (i == 2 &amp;&amp; wildList.indexOf(symbol) != -1): null

2019-08-24 12:45:14 - [TEST_STEP][PASSED] - if (i == 3 &amp;&amp; wildList.indexOf(symbol) != -1): null

2019-08-24 12:45:14 - [TEST_STEP][PASSED] - if (i == 4 &amp;&amp; wildList.indexOf(symbol) != -1): null

2019-08-24 12:45:14 - [TEST_STEP][PASSED] - symbol = symbol: null

2019-08-24 12:45:14 - [TEST_STEP][PASSED] - println(symbol): null

2019-08-24 12:45:14 - [TEST_STEP][PASSED] - if (i == 2 &amp;&amp; wildList.indexOf(symbol) != -1): null

2019-08-24 12:45:14 - [TEST_STEP][PASSED] - if (i == 3 &amp;&amp; wildList.indexOf(symbol) != -1): null

2019-08-24 12:45:14 - [TEST_STEP][PASSED] - if (i == 4 &amp;&amp; wildList.indexOf(symbol) != -1): null

2019-08-24 12:45:14 - [TEST_STEP][PASSED] - free_spin_reel_counter = free_spin_reel_counter: null

2019-08-24 12:45:14 - [TEST_STEP][PASSED] - println("reel 3 wild found: " + free_spin_reel_counter[0]): null

2019-08-24 12:45:14 - [TEST_STEP][PASSED] - println("reel 4 wild found: " + free_spin_reel_counter[1]): null

2019-08-24 12:45:14 - [TEST_STEP][PASSED] - println("reel 5 wild found: " + free_spin_reel_counter[2]): null

2019-08-24 12:45:14 - [TEST_STEP][PASSED] - M4_spin_reels = M4_spin_reels: null

2019-08-24 12:45:14 - [TEST_STEP][PASSED] - M4_spin_reels_symbols = symbol: null

2019-08-24 12:45:14 - [TEST_STEP][PASSED] - M4_spin_reels_symbols = M4_spin_reels_symbols: null

2019-08-24 12:45:14 - [TEST_STEP][PASSED] - M4_spin_reel_wins = reel_wins: null

2019-08-24 12:45:14 - [TEST_STEP][PASSED] - M4_spin_reel_wins = M4_spin_reel_wins: null

2019-08-24 12:45:14 - [TEST_STEP][PASSED] - println("GlobalVariable.M4_spin_reel_wins is: " + M4_spin_reel_wins): null

2019-08-24 12:45:14 - [TEST_STEP][PASSED] - M4_spin_total_bonus_win_this_round = total_bonus_win_this_round: null

2019-08-24 12:45:14 - [TEST_STEP][PASSED] - M4_spin_total_bonus_win_this_round = M4_spin_total_bonus_win_this_round: null

2019-08-24 12:45:14 - [TEST_STEP][PASSED] - println("GlobalVariable.M4_spin_total_bonus_win_this_round is: " + M4_spin_total_bonus_win_this_round): null

2019-08-24 12:45:14 - [TEST_STEP][PASSED] - M4_spin_bonus_spin_result = spin_result: null

2019-08-24 12:45:14 - [TEST_STEP][PASSED] - M4_spin_bonus_spin_result = M4_spin_bonus_spin_result: null

2019-08-24 12:45:14 - [MESSAGE][PASSED] - Verify response successfully

2019-08-24 12:45:14 - [MESSAGE][PASSED] - Send request and verify the response successfully

2019-08-24 12:45:14 - [TEST_STEP][PASSED] - if (M4_total_bonus_spins_int != 0 &amp;&amp; M4_spin_reels_symbols[2].contains("WILD_Double") || M4_spin_reels_symbols[4].contains("WILD_Triple")): null

2019-08-24 12:45:14 - [TEST_STEP][PASSED] - free_spin_reel_counter = free_spin_reel_counter: null

2019-08-24 12:45:14 - [TEST_STEP][PASSED] - M4_spin_reels_symbols = M4_spin_reels_symbols: null

2019-08-24 12:45:14 - [TEST_STEP][PASSED] - M4_total_bonus_spins = M4_total_bonus_spins: null

2019-08-24 12:45:14 - [TEST_STEP][PASSED] - spin_result = sendRequestAndVerify(findTestObject("INT/RGS(M4)/1_M4_spin", ["M4_login_user_id":M4_login_user_id, "rgs_session_token":rgs_session_token, "partner":Partner])): Send request and verify the response successfully

2019-08-24 12:45:15 - [MESSAGE][INFO] - HAR: /Users/eiralee/Katalon_Script/SuperWild/Reports/20190824_124242/INT/superWild_4/20190824_124242/requests/main/46.har

2019-08-24 12:45:15 - [TEST_CASE][PASSED] - Start Test Case : Verification: Verification accomplished successfully

2019-08-24 12:45:15 - [TEST_STEP][PASSED] - request = getInstance().getCurrentRequest(): null

2019-08-24 12:45:15 - [TEST_STEP][PASSED] - response = getInstance().getCurrentResponse(): null

2019-08-24 12:45:15 - [TEST_STEP][PASSED] - verifyResponseStatusCode(response, 200): Verify response status code successfully

2019-08-24 12:45:15 - [MESSAGE][PASSED] - Verify response status code successfully

2019-08-24 12:45:15 - [TEST_STEP][PASSED] - getStatusCode()).isEqualTo(200): null

2019-08-24 12:45:15 - [TEST_STEP][PASSED] - newline = System.getProperty("line.separator"): null

2019-08-24 12:45:15 - [TEST_STEP][PASSED] - M4_spin = new groovy.json.JsonSlurper(): null

2019-08-24 12:45:15 - [TEST_STEP][PASSED] - result_M4_spin = M4_spin.parseText(response.getResponseBodyContent()): null

2019-08-24 12:45:15 - [TEST_STEP][PASSED] - M4_spin_current_balance = current_balance: null

2019-08-24 12:45:15 - [TEST_STEP][PASSED] - M4_spin_current_balance = M4_spin_current_balance: null

2019-08-24 12:45:15 - [TEST_STEP][PASSED] - M4_spin_transaction_id = causality: null

2019-08-24 12:45:15 - [TEST_STEP][PASSED] - M4_spin_transaction_id = M4_spin_transaction_id: null

2019-08-24 12:45:15 - [TEST_STEP][PASSED] - M4_spin_round_id = round_id: null

2019-08-24 12:45:15 - [TEST_STEP][PASSED] - M4_spin_round_id = M4_spin_round_id: null

2019-08-24 12:45:15 - [TEST_STEP][PASSED] - M4_spin_line_wins = line_wins: null

2019-08-24 12:45:15 - [TEST_STEP][PASSED] - M4_spin_line_wins = M4_spin_line_wins: null

2019-08-24 12:45:15 - [TEST_STEP][PASSED] - M4_total_bonus_spins_int = total_bonus_spins: null

2019-08-24 12:45:15 - [TEST_STEP][PASSED] - println("******M4_total_bonus_spins type is:*******" + newline + getClass().getName()): null

2019-08-24 12:45:15 - [TEST_STEP][PASSED] - M4_total_bonus_spins_int = M4_total_bonus_spins_int: null

2019-08-24 12:45:15 - [TEST_STEP][PASSED] - M4_total_bonus_spins = Integer.toString(M4_total_bonus_spins_int): null

2019-08-24 12:45:15 - [TEST_STEP][PASSED] - M4_total_bonus_spins = M4_total_bonus_spins: null

2019-08-24 12:45:15 - [TEST_STEP][PASSED] - println("M4_total_bonus_spins is:" + M4_total_bonus_spins): null

2019-08-24 12:45:15 - [TEST_STEP][PASSED] - M4_spin_bonus_data = bonus_data: null

2019-08-24 12:45:15 - [TEST_STEP][PASSED] - M4_spin_features_triggered = result_M4_spin: null

2019-08-24 12:45:15 - [TEST_STEP][PASSED] - wild = []: null

2019-08-24 12:45:15 - [TEST_STEP][PASSED] - wild[0] = "WILD_Expanding": null

2019-08-24 12:45:15 - [TEST_STEP][PASSED] - wild[1] = "WILD_Normal": null

2019-08-24 12:45:15 - [TEST_STEP][PASSED] - wild[2] = "WILD_Double": null

2019-08-24 12:45:15 - [TEST_STEP][PASSED] - wild[3] = "WILD_ExtraFG": null

2019-08-24 12:45:15 - [TEST_STEP][PASSED] - wild[4] = "WILD_Triple": null

2019-08-24 12:45:15 - [TEST_STEP][PASSED] - wildList = Arrays.asList(wild): null

2019-08-24 12:45:15 - [TEST_STEP][PASSED] - wildList = wildList: null

2019-08-24 12:45:15 - [TEST_STEP][PASSED] - free_spin_reel_counter = []: null

2019-08-24 12:45:15 - [TEST_STEP][PASSED] - free_spin_reel_counter[0] = 0: null

2019-08-24 12:45:15 - [TEST_STEP][PASSED] - free_spin_reel_counter[1] = 0: null

2019-08-24 12:45:15 - [TEST_STEP][PASSED] - free_spin_reel_counter[2] = 0: null

2019-08-24 12:45:15 - [TEST_STEP][PASSED] - M4_spin_reels = reels: null

2019-08-24 12:45:15 - [TEST_STEP][PASSED] - for ([i = 0, i &lt; M4_spin_reels.size(), (i++)]): null

2019-08-24 12:45:15 - [TEST_STEP][PASSED] - symbols = symbols: null

2019-08-24 12:45:15 - [TEST_STEP][PASSED] - for ([j = 0, j &lt; symbols.size(), (j++)]): null

2019-08-24 12:45:15 - [TEST_STEP][PASSED] - symbol = symbol: null

2019-08-24 12:45:15 - [TEST_STEP][PASSED] - println(symbol): null

2019-08-24 12:45:15 - [TEST_STEP][PASSED] - if (i == 2 &amp;&amp; wildList.indexOf(symbol) != -1): null

2019-08-24 12:45:15 - [TEST_STEP][PASSED] - if (i == 3 &amp;&amp; wildList.indexOf(symbol) != -1): null

2019-08-24 12:45:15 - [TEST_STEP][PASSED] - if (i == 4 &amp;&amp; wildList.indexOf(symbol) != -1): null

2019-08-24 12:45:15 - [TEST_STEP][PASSED] - symbol = symbol: null

2019-08-24 12:45:15 - [TEST_STEP][PASSED] - println(symbol): null

2019-08-24 12:45:15 - [TEST_STEP][PASSED] - if (i == 2 &amp;&amp; wildList.indexOf(symbol) != -1): null

2019-08-24 12:45:15 - [TEST_STEP][PASSED] - if (i == 3 &amp;&amp; wildList.indexOf(symbol) != -1): null

2019-08-24 12:45:15 - [TEST_STEP][PASSED] - if (i == 4 &amp;&amp; wildList.indexOf(symbol) != -1): null

2019-08-24 12:45:15 - [TEST_STEP][PASSED] - symbol = symbol: null

2019-08-24 12:45:15 - [TEST_STEP][PASSED] - println(symbol): null

2019-08-24 12:45:15 - [TEST_STEP][PASSED] - if (i == 2 &amp;&amp; wildList.indexOf(symbol) != -1): null

2019-08-24 12:45:15 - [TEST_STEP][PASSED] - if (i == 3 &amp;&amp; wildList.indexOf(symbol) != -1): null

2019-08-24 12:45:15 - [TEST_STEP][PASSED] - if (i == 4 &amp;&amp; wildList.indexOf(symbol) != -1): null

2019-08-24 12:45:15 - [TEST_STEP][PASSED] - symbols = symbols: null

2019-08-24 12:45:15 - [TEST_STEP][PASSED] - for ([j = 0, j &lt; symbols.size(), (j++)]): null

2019-08-24 12:45:15 - [TEST_STEP][PASSED] - symbol = symbol: null

2019-08-24 12:45:15 - [TEST_STEP][PASSED] - println(symbol): null

2019-08-24 12:45:15 - [TEST_STEP][PASSED] - if (i == 2 &amp;&amp; wildList.indexOf(symbol) != -1): null

2019-08-24 12:45:15 - [TEST_STEP][PASSED] - if (i == 3 &amp;&amp; wildList.indexOf(symbol) != -1): null

2019-08-24 12:45:15 - [TEST_STEP][PASSED] - if (i == 4 &amp;&amp; wildList.indexOf(symbol) != -1): null

2019-08-24 12:45:15 - [TEST_STEP][PASSED] - symbol = symbol: null

2019-08-24 12:45:15 - [TEST_STEP][PASSED] - println(symbol): null

2019-08-24 12:45:15 - [TEST_STEP][PASSED] - if (i == 2 &amp;&amp; wildList.indexOf(symbol) != -1): null

2019-08-24 12:45:15 - [TEST_STEP][PASSED] - if (i == 3 &amp;&amp; wildList.indexOf(symbol) != -1): null

2019-08-24 12:45:15 - [TEST_STEP][PASSED] - if (i == 4 &amp;&amp; wildList.indexOf(symbol) != -1): null

2019-08-24 12:45:15 - [TEST_STEP][PASSED] - symbol = symbol: null

2019-08-24 12:45:15 - [TEST_STEP][PASSED] - println(symbol): null

2019-08-24 12:45:15 - [TEST_STEP][PASSED] - if (i == 2 &amp;&amp; wildList.indexOf(symbol) != -1): null

2019-08-24 12:45:15 - [TEST_STEP][PASSED] - if (i == 3 &amp;&amp; wildList.indexOf(symbol) != -1): null

2019-08-24 12:45:15 - [TEST_STEP][PASSED] - if (i == 4 &amp;&amp; wildList.indexOf(symbol) != -1): null

2019-08-24 12:45:15 - [TEST_STEP][PASSED] - symbols = symbols: null

2019-08-24 12:45:15 - [TEST_STEP][PASSED] - for ([j = 0, j &lt; symbols.size(), (j++)]): null

2019-08-24 12:45:15 - [TEST_STEP][PASSED] - symbol = symbol: null

2019-08-24 12:45:15 - [TEST_STEP][PASSED] - println(symbol): null

2019-08-24 12:45:15 - [TEST_STEP][PASSED] - if (i == 2 &amp;&amp; wildList.indexOf(symbol) != -1): null

2019-08-24 12:45:15 - [TEST_STEP][PASSED] - if (i == 3 &amp;&amp; wildList.indexOf(symbol) != -1): null

2019-08-24 12:45:15 - [TEST_STEP][PASSED] - if (i == 4 &amp;&amp; wildList.indexOf(symbol) != -1): null

2019-08-24 12:45:15 - [TEST_STEP][PASSED] - symbol = symbol: null

2019-08-24 12:45:15 - [TEST_STEP][PASSED] - println(symbol): null

2019-08-24 12:45:15 - [TEST_STEP][PASSED] - if (i == 2 &amp;&amp; wildList.indexOf(symbol) != -1): null

2019-08-24 12:45:15 - [TEST_STEP][PASSED] - if (i == 3 &amp;&amp; wildList.indexOf(symbol) != -1): null

2019-08-24 12:45:15 - [TEST_STEP][PASSED] - if (i == 4 &amp;&amp; wildList.indexOf(symbol) != -1): null

2019-08-24 12:45:15 - [TEST_STEP][PASSED] - symbol = symbol: null

2019-08-24 12:45:15 - [TEST_STEP][PASSED] - println(symbol): null

2019-08-24 12:45:15 - [TEST_STEP][PASSED] - if (i == 2 &amp;&amp; wildList.indexOf(symbol) != -1): null

2019-08-24 12:45:15 - [TEST_STEP][PASSED] - if (i == 3 &amp;&amp; wildList.indexOf(symbol) != -1): null

2019-08-24 12:45:15 - [TEST_STEP][PASSED] - if (i == 4 &amp;&amp; wildList.indexOf(symbol) != -1): null

2019-08-24 12:45:15 - [TEST_STEP][PASSED] - symbols = symbols: null

2019-08-24 12:45:15 - [TEST_STEP][PASSED] - for ([j = 0, j &lt; symbols.size(), (j++)]): null

2019-08-24 12:45:15 - [TEST_STEP][PASSED] - symbol = symbol: null

2019-08-24 12:45:15 - [TEST_STEP][PASSED] - println(symbol): null

2019-08-24 12:45:15 - [TEST_STEP][PASSED] - if (i == 2 &amp;&amp; wildList.indexOf(symbol) != -1): null

2019-08-24 12:45:15 - [TEST_STEP][PASSED] - if (i == 3 &amp;&amp; wildList.indexOf(symbol) != -1): null

2019-08-24 12:45:15 - [TEST_STEP][PASSED] - if (i == 4 &amp;&amp; wildList.indexOf(symbol) != -1): null

2019-08-24 12:45:15 - [TEST_STEP][PASSED] - symbol = symbol: null

2019-08-24 12:45:15 - [TEST_STEP][PASSED] - println(symbol): null

2019-08-24 12:45:15 - [TEST_STEP][PASSED] - if (i == 2 &amp;&amp; wildList.indexOf(symbol) != -1): null

2019-08-24 12:45:15 - [TEST_STEP][PASSED] - if (i == 3 &amp;&amp; wildList.indexOf(symbol) != -1): null

2019-08-24 12:45:15 - [TEST_STEP][PASSED] - if (i == 4 &amp;&amp; wildList.indexOf(symbol) != -1): null

2019-08-24 12:45:15 - [TEST_STEP][PASSED] - symbol = symbol: null

2019-08-24 12:45:15 - [TEST_STEP][PASSED] - println(symbol): null

2019-08-24 12:45:15 - [TEST_STEP][PASSED] - if (i == 2 &amp;&amp; wildList.indexOf(symbol) != -1): null

2019-08-24 12:45:15 - [TEST_STEP][PASSED] - if (i == 3 &amp;&amp; wildList.indexOf(symbol) != -1): null

2019-08-24 12:45:15 - [TEST_STEP][PASSED] - if (i == 4 &amp;&amp; wildList.indexOf(symbol) != -1): null

2019-08-24 12:45:15 - [TEST_STEP][PASSED] - symbols = symbols: null

2019-08-24 12:45:15 - [TEST_STEP][PASSED] - for ([j = 0, j &lt; symbols.size(), (j++)]): null

2019-08-24 12:45:15 - [TEST_STEP][PASSED] - symbol = symbol: null

2019-08-24 12:45:15 - [TEST_STEP][PASSED] - println(symbol): null

2019-08-24 12:45:15 - [TEST_STEP][PASSED] - if (i == 2 &amp;&amp; wildList.indexOf(symbol) != -1): null

2019-08-24 12:45:15 - [TEST_STEP][PASSED] - if (i == 3 &amp;&amp; wildList.indexOf(symbol) != -1): null

2019-08-24 12:45:15 - [TEST_STEP][PASSED] - if (i == 4 &amp;&amp; wildList.indexOf(symbol) != -1): null

2019-08-24 12:45:15 - [TEST_STEP][PASSED] - symbol = symbol: null

2019-08-24 12:45:15 - [TEST_STEP][PASSED] - println(symbol): null

2019-08-24 12:45:15 - [TEST_STEP][PASSED] - if (i == 2 &amp;&amp; wildList.indexOf(symbol) != -1): null

2019-08-24 12:45:15 - [TEST_STEP][PASSED] - if (i == 3 &amp;&amp; wildList.indexOf(symbol) != -1): null

2019-08-24 12:45:15 - [TEST_STEP][PASSED] - if (i == 4 &amp;&amp; wildList.indexOf(symbol) != -1): null

2019-08-24 12:45:15 - [TEST_STEP][PASSED] - symbol = symbol: null

2019-08-24 12:45:15 - [TEST_STEP][PASSED] - println(symbol): null

2019-08-24 12:45:15 - [TEST_STEP][PASSED] - if (i == 2 &amp;&amp; wildList.indexOf(symbol) != -1): null

2019-08-24 12:45:15 - [TEST_STEP][PASSED] - if (i == 3 &amp;&amp; wildList.indexOf(symbol) != -1): null

2019-08-24 12:45:15 - [TEST_STEP][PASSED] - if (i == 4 &amp;&amp; wildList.indexOf(symbol) != -1): null

2019-08-24 12:45:15 - [TEST_STEP][PASSED] - free_spin_reel_counter = free_spin_reel_counter: null

2019-08-24 12:45:15 - [TEST_STEP][PASSED] - println("reel 3 wild found: " + free_spin_reel_counter[0]): null

2019-08-24 12:45:15 - [TEST_STEP][PASSED] - println("reel 4 wild found: " + free_spin_reel_counter[1]): null

2019-08-24 12:45:15 - [TEST_STEP][PASSED] - println("reel 5 wild found: " + free_spin_reel_counter[2]): null

2019-08-24 12:45:15 - [TEST_STEP][PASSED] - M4_spin_reels = M4_spin_reels: null

2019-08-24 12:45:15 - [TEST_STEP][PASSED] - M4_spin_reels_symbols = symbol: null

2019-08-24 12:45:15 - [TEST_STEP][PASSED] - M4_spin_reels_symbols = M4_spin_reels_symbols: null

2019-08-24 12:45:15 - [TEST_STEP][PASSED] - M4_spin_reel_wins = reel_wins: null

2019-08-24 12:45:15 - [TEST_STEP][PASSED] - M4_spin_reel_wins = M4_spin_reel_wins: null

2019-08-24 12:45:15 - [TEST_STEP][PASSED] - println("GlobalVariable.M4_spin_reel_wins is: " + M4_spin_reel_wins): null

2019-08-24 12:45:15 - [TEST_STEP][PASSED] - M4_spin_total_bonus_win_this_round = total_bonus_win_this_round: null

2019-08-24 12:45:15 - [TEST_STEP][PASSED] - M4_spin_total_bonus_win_this_round = M4_spin_total_bonus_win_this_round: null

2019-08-24 12:45:15 - [TEST_STEP][PASSED] - println("GlobalVariable.M4_spin_total_bonus_win_this_round is: " + M4_spin_total_bonus_win_this_round): null

2019-08-24 12:45:15 - [TEST_STEP][PASSED] - M4_spin_bonus_spin_result = spin_result: null

2019-08-24 12:45:15 - [TEST_STEP][PASSED] - M4_spin_bonus_spin_result = M4_spin_bonus_spin_result: null

2019-08-24 12:45:15 - [MESSAGE][PASSED] - Verify response successfully

2019-08-24 12:45:15 - [MESSAGE][PASSED] - Send request and verify the response successfully

2019-08-24 12:45:15 - [TEST_STEP][PASSED] - if (M4_total_bonus_spins_int != 0 &amp;&amp; M4_spin_reels_symbols[2].contains("WILD_Double") || M4_spin_reels_symbols[4].contains("WILD_Triple")): null

2019-08-24 12:45:15 - [TEST_STEP][PASSED] - free_spin_reel_counter = free_spin_reel_counter: null

2019-08-24 12:45:15 - [TEST_STEP][PASSED] - M4_spin_reels_symbols = M4_spin_reels_symbols: null

2019-08-24 12:45:15 - [TEST_STEP][PASSED] - M4_total_bonus_spins = M4_total_bonus_spins: null

2019-08-24 12:45:15 - [TEST_STEP][PASSED] - spin_result = sendRequestAndVerify(findTestObject("INT/RGS(M4)/1_M4_spin", ["M4_login_user_id":M4_login_user_id, "rgs_session_token":rgs_session_token, "partner":Partner])): Send request and verify the response successfully

2019-08-24 12:45:16 - [MESSAGE][INFO] - HAR: /Users/eiralee/Katalon_Script/SuperWild/Reports/20190824_124242/INT/superWild_4/20190824_124242/requests/main/47.har

2019-08-24 12:45:16 - [TEST_CASE][PASSED] - Start Test Case : Verification: Verification accomplished successfully

2019-08-24 12:45:16 - [TEST_STEP][PASSED] - request = getInstance().getCurrentRequest(): null

2019-08-24 12:45:16 - [TEST_STEP][PASSED] - response = getInstance().getCurrentResponse(): null

2019-08-24 12:45:16 - [TEST_STEP][PASSED] - verifyResponseStatusCode(response, 200): Verify response status code successfully

2019-08-24 12:45:16 - [MESSAGE][PASSED] - Verify response status code successfully

2019-08-24 12:45:16 - [TEST_STEP][PASSED] - getStatusCode()).isEqualTo(200): null

2019-08-24 12:45:16 - [TEST_STEP][PASSED] - newline = System.getProperty("line.separator"): null

2019-08-24 12:45:16 - [TEST_STEP][PASSED] - M4_spin = new groovy.json.JsonSlurper(): null

2019-08-24 12:45:16 - [TEST_STEP][PASSED] - result_M4_spin = M4_spin.parseText(response.getResponseBodyContent()): null

2019-08-24 12:45:16 - [TEST_STEP][PASSED] - M4_spin_current_balance = current_balance: null

2019-08-24 12:45:16 - [TEST_STEP][PASSED] - M4_spin_current_balance = M4_spin_current_balance: null

2019-08-24 12:45:16 - [TEST_STEP][PASSED] - M4_spin_transaction_id = causality: null

2019-08-24 12:45:16 - [TEST_STEP][PASSED] - M4_spin_transaction_id = M4_spin_transaction_id: null

2019-08-24 12:45:16 - [TEST_STEP][PASSED] - M4_spin_round_id = round_id: null

2019-08-24 12:45:16 - [TEST_STEP][PASSED] - M4_spin_round_id = M4_spin_round_id: null

2019-08-24 12:45:16 - [TEST_STEP][PASSED] - M4_spin_line_wins = line_wins: null

2019-08-24 12:45:16 - [TEST_STEP][PASSED] - M4_spin_line_wins = M4_spin_line_wins: null

2019-08-24 12:45:16 - [TEST_STEP][PASSED] - M4_total_bonus_spins_int = total_bonus_spins: null

2019-08-24 12:45:16 - [TEST_STEP][PASSED] - println("******M4_total_bonus_spins type is:*******" + newline + getClass().getName()): null

2019-08-24 12:45:16 - [TEST_STEP][PASSED] - M4_total_bonus_spins_int = M4_total_bonus_spins_int: null

2019-08-24 12:45:16 - [TEST_STEP][PASSED] - M4_total_bonus_spins = Integer.toString(M4_total_bonus_spins_int): null

2019-08-24 12:45:16 - [TEST_STEP][PASSED] - M4_total_bonus_spins = M4_total_bonus_spins: null

2019-08-24 12:45:16 - [TEST_STEP][PASSED] - println("M4_total_bonus_spins is:" + M4_total_bonus_spins): null

2019-08-24 12:45:16 - [TEST_STEP][PASSED] - M4_spin_bonus_data = bonus_data: null

2019-08-24 12:45:16 - [TEST_STEP][PASSED] - M4_spin_features_triggered = result_M4_spin: null

2019-08-24 12:45:16 - [TEST_STEP][PASSED] - wild = []: null

2019-08-24 12:45:16 - [TEST_STEP][PASSED] - wild[0] = "WILD_Expanding": null

2019-08-24 12:45:16 - [TEST_STEP][PASSED] - wild[1] = "WILD_Normal": null

2019-08-24 12:45:16 - [TEST_STEP][PASSED] - wild[2] = "WILD_Double": null

2019-08-24 12:45:16 - [TEST_STEP][PASSED] - wild[3] = "WILD_ExtraFG": null

2019-08-24 12:45:16 - [TEST_STEP][PASSED] - wild[4] = "WILD_Triple": null

2019-08-24 12:45:16 - [TEST_STEP][PASSED] - wildList = Arrays.asList(wild): null

2019-08-24 12:45:16 - [TEST_STEP][PASSED] - wildList = wildList: null

2019-08-24 12:45:16 - [TEST_STEP][PASSED] - free_spin_reel_counter = []: null

2019-08-24 12:45:16 - [TEST_STEP][PASSED] - free_spin_reel_counter[0] = 0: null

2019-08-24 12:45:16 - [TEST_STEP][PASSED] - free_spin_reel_counter[1] = 0: null

2019-08-24 12:45:16 - [TEST_STEP][PASSED] - free_spin_reel_counter[2] = 0: null

2019-08-24 12:45:16 - [TEST_STEP][PASSED] - M4_spin_reels = reels: null

2019-08-24 12:45:16 - [TEST_STEP][PASSED] - for ([i = 0, i &lt; M4_spin_reels.size(), (i++)]): null

2019-08-24 12:45:16 - [TEST_STEP][PASSED] - symbols = symbols: null

2019-08-24 12:45:16 - [TEST_STEP][PASSED] - for ([j = 0, j &lt; symbols.size(), (j++)]): null

2019-08-24 12:45:16 - [TEST_STEP][PASSED] - symbol = symbol: null

2019-08-24 12:45:16 - [TEST_STEP][PASSED] - println(symbol): null

2019-08-24 12:45:16 - [TEST_STEP][PASSED] - if (i == 2 &amp;&amp; wildList.indexOf(symbol) != -1): null

2019-08-24 12:45:16 - [TEST_STEP][PASSED] - if (i == 3 &amp;&amp; wildList.indexOf(symbol) != -1): null

2019-08-24 12:45:16 - [TEST_STEP][PASSED] - if (i == 4 &amp;&amp; wildList.indexOf(symbol) != -1): null

2019-08-24 12:45:16 - [TEST_STEP][PASSED] - symbol = symbol: null

2019-08-24 12:45:16 - [TEST_STEP][PASSED] - println(symbol): null

2019-08-24 12:45:16 - [TEST_STEP][PASSED] - if (i == 2 &amp;&amp; wildList.indexOf(symbol) != -1): null

2019-08-24 12:45:16 - [TEST_STEP][PASSED] - if (i == 3 &amp;&amp; wildList.indexOf(symbol) != -1): null

2019-08-24 12:45:16 - [TEST_STEP][PASSED] - if (i == 4 &amp;&amp; wildList.indexOf(symbol) != -1): null

2019-08-24 12:45:16 - [TEST_STEP][PASSED] - symbol = symbol: null

2019-08-24 12:45:16 - [TEST_STEP][PASSED] - println(symbol): null

2019-08-24 12:45:16 - [TEST_STEP][PASSED] - if (i == 2 &amp;&amp; wildList.indexOf(symbol) != -1): null

2019-08-24 12:45:16 - [TEST_STEP][PASSED] - if (i == 3 &amp;&amp; wildList.indexOf(symbol) != -1): null

2019-08-24 12:45:16 - [TEST_STEP][PASSED] - if (i == 4 &amp;&amp; wildList.indexOf(symbol) != -1): null

2019-08-24 12:45:16 - [TEST_STEP][PASSED] - symbols = symbols: null

2019-08-24 12:45:16 - [TEST_STEP][PASSED] - for ([j = 0, j &lt; symbols.size(), (j++)]): null

2019-08-24 12:45:16 - [TEST_STEP][PASSED] - symbol = symbol: null

2019-08-24 12:45:16 - [TEST_STEP][PASSED] - println(symbol): null

2019-08-24 12:45:16 - [TEST_STEP][PASSED] - if (i == 2 &amp;&amp; wildList.indexOf(symbol) != -1): null

2019-08-24 12:45:16 - [TEST_STEP][PASSED] - if (i == 3 &amp;&amp; wildList.indexOf(symbol) != -1): null

2019-08-24 12:45:16 - [TEST_STEP][PASSED] - if (i == 4 &amp;&amp; wildList.indexOf(symbol) != -1): null

2019-08-24 12:45:16 - [TEST_STEP][PASSED] - symbol = symbol: null

2019-08-24 12:45:16 - [TEST_STEP][PASSED] - println(symbol): null

2019-08-24 12:45:16 - [TEST_STEP][PASSED] - if (i == 2 &amp;&amp; wildList.indexOf(symbol) != -1): null

2019-08-24 12:45:16 - [TEST_STEP][PASSED] - if (i == 3 &amp;&amp; wildList.indexOf(symbol) != -1): null

2019-08-24 12:45:16 - [TEST_STEP][PASSED] - if (i == 4 &amp;&amp; wildList.indexOf(symbol) != -1): null

2019-08-24 12:45:16 - [TEST_STEP][PASSED] - symbol = symbol: null

2019-08-24 12:45:16 - [TEST_STEP][PASSED] - println(symbol): null

2019-08-24 12:45:16 - [TEST_STEP][PASSED] - if (i == 2 &amp;&amp; wildList.indexOf(symbol) != -1): null

2019-08-24 12:45:16 - [TEST_STEP][PASSED] - if (i == 3 &amp;&amp; wildList.indexOf(symbol) != -1): null

2019-08-24 12:45:16 - [TEST_STEP][PASSED] - if (i == 4 &amp;&amp; wildList.indexOf(symbol) != -1): null

2019-08-24 12:45:16 - [TEST_STEP][PASSED] - symbols = symbols: null

2019-08-24 12:45:16 - [TEST_STEP][PASSED] - for ([j = 0, j &lt; symbols.size(), (j++)]): null

2019-08-24 12:45:16 - [TEST_STEP][PASSED] - symbol = symbol: null

2019-08-24 12:45:16 - [TEST_STEP][PASSED] - println(symbol): null

2019-08-24 12:45:16 - [TEST_STEP][PASSED] - if (i == 2 &amp;&amp; wildList.indexOf(symbol) != -1): null

2019-08-24 12:45:16 - [TEST_STEP][PASSED] - println("wild found on reel 3, adding counter by 1"): null

2019-08-24 12:45:16 - [TEST_STEP][PASSED] - free_spin_reel_counter[0] = free_spin_reel_counter[0] + 1: null

2019-08-24 12:45:16 - [TEST_STEP][PASSED] - if (i == 3 &amp;&amp; wildList.indexOf(symbol) != -1): null

2019-08-24 12:45:16 - [TEST_STEP][PASSED] - if (i == 4 &amp;&amp; wildList.indexOf(symbol) != -1): null

2019-08-24 12:45:16 - [TEST_STEP][PASSED] - symbol = symbol: null

2019-08-24 12:45:16 - [TEST_STEP][PASSED] - println(symbol): null

2019-08-24 12:45:16 - [TEST_STEP][PASSED] - if (i == 2 &amp;&amp; wildList.indexOf(symbol) != -1): null

2019-08-24 12:45:16 - [TEST_STEP][PASSED] - if (i == 3 &amp;&amp; wildList.indexOf(symbol) != -1): null

2019-08-24 12:45:16 - [TEST_STEP][PASSED] - if (i == 4 &amp;&amp; wildList.indexOf(symbol) != -1): null

2019-08-24 12:45:16 - [TEST_STEP][PASSED] - symbol = symbol: null

2019-08-24 12:45:16 - [TEST_STEP][PASSED] - println(symbol): null

2019-08-24 12:45:16 - [TEST_STEP][PASSED] - if (i == 2 &amp;&amp; wildList.indexOf(symbol) != -1): null

2019-08-24 12:45:16 - [TEST_STEP][PASSED] - if (i == 3 &amp;&amp; wildList.indexOf(symbol) != -1): null

2019-08-24 12:45:16 - [TEST_STEP][PASSED] - if (i == 4 &amp;&amp; wildList.indexOf(symbol) != -1): null

2019-08-24 12:45:16 - [TEST_STEP][PASSED] - symbols = symbols: null

2019-08-24 12:45:16 - [TEST_STEP][PASSED] - for ([j = 0, j &lt; symbols.size(), (j++)]): null

2019-08-24 12:45:16 - [TEST_STEP][PASSED] - symbol = symbol: null

2019-08-24 12:45:16 - [TEST_STEP][PASSED] - println(symbol): null

2019-08-24 12:45:16 - [TEST_STEP][PASSED] - if (i == 2 &amp;&amp; wildList.indexOf(symbol) != -1): null

2019-08-24 12:45:16 - [TEST_STEP][PASSED] - if (i == 3 &amp;&amp; wildList.indexOf(symbol) != -1): null

2019-08-24 12:45:16 - [TEST_STEP][PASSED] - if (i == 4 &amp;&amp; wildList.indexOf(symbol) != -1): null

2019-08-24 12:45:16 - [TEST_STEP][PASSED] - symbol = symbol: null

2019-08-24 12:45:16 - [TEST_STEP][PASSED] - println(symbol): null

2019-08-24 12:45:16 - [TEST_STEP][PASSED] - if (i == 2 &amp;&amp; wildList.indexOf(symbol) != -1): null

2019-08-24 12:45:16 - [TEST_STEP][PASSED] - if (i == 3 &amp;&amp; wildList.indexOf(symbol) != -1): null

2019-08-24 12:45:16 - [TEST_STEP][PASSED] - if (i == 4 &amp;&amp; wildList.indexOf(symbol) != -1): null

2019-08-24 12:45:16 - [TEST_STEP][PASSED] - symbol = symbol: null

2019-08-24 12:45:16 - [TEST_STEP][PASSED] - println(symbol): null

2019-08-24 12:45:16 - [TEST_STEP][PASSED] - if (i == 2 &amp;&amp; wildList.indexOf(symbol) != -1): null

2019-08-24 12:45:16 - [TEST_STEP][PASSED] - if (i == 3 &amp;&amp; wildList.indexOf(symbol) != -1): null

2019-08-24 12:45:16 - [TEST_STEP][PASSED] - if (i == 4 &amp;&amp; wildList.indexOf(symbol) != -1): null

2019-08-24 12:45:16 - [TEST_STEP][PASSED] - symbols = symbols: null

2019-08-24 12:45:16 - [TEST_STEP][PASSED] - for ([j = 0, j &lt; symbols.size(), (j++)]): null

2019-08-24 12:45:16 - [TEST_STEP][PASSED] - symbol = symbol: null

2019-08-24 12:45:16 - [TEST_STEP][PASSED] - println(symbol): null

2019-08-24 12:45:16 - [TEST_STEP][PASSED] - if (i == 2 &amp;&amp; wildList.indexOf(symbol) != -1): null

2019-08-24 12:45:16 - [TEST_STEP][PASSED] - if (i == 3 &amp;&amp; wildList.indexOf(symbol) != -1): null

2019-08-24 12:45:16 - [TEST_STEP][PASSED] - if (i == 4 &amp;&amp; wildList.indexOf(symbol) != -1): null

2019-08-24 12:45:16 - [TEST_STEP][PASSED] - symbol = symbol: null

2019-08-24 12:45:16 - [TEST_STEP][PASSED] - println(symbol): null

2019-08-24 12:45:16 - [TEST_STEP][PASSED] - if (i == 2 &amp;&amp; wildList.indexOf(symbol) != -1): null

2019-08-24 12:45:16 - [TEST_STEP][PASSED] - if (i == 3 &amp;&amp; wildList.indexOf(symbol) != -1): null

2019-08-24 12:45:16 - [TEST_STEP][PASSED] - if (i == 4 &amp;&amp; wildList.indexOf(symbol) != -1): null

2019-08-24 12:45:16 - [TEST_STEP][PASSED] - symbol = symbol: null

2019-08-24 12:45:16 - [TEST_STEP][PASSED] - println(symbol): null

2019-08-24 12:45:16 - [TEST_STEP][PASSED] - if (i == 2 &amp;&amp; wildList.indexOf(symbol) != -1): null

2019-08-24 12:45:16 - [TEST_STEP][PASSED] - if (i == 3 &amp;&amp; wildList.indexOf(symbol) != -1): null

2019-08-24 12:45:16 - [TEST_STEP][PASSED] - if (i == 4 &amp;&amp; wildList.indexOf(symbol) != -1): null

2019-08-24 12:45:16 - [TEST_STEP][PASSED] - free_spin_reel_counter = free_spin_reel_counter: null

2019-08-24 12:45:16 - [TEST_STEP][PASSED] - println("reel 3 wild found: " + free_spin_reel_counter[0]): null

2019-08-24 12:45:16 - [TEST_STEP][PASSED] - println("reel 4 wild found: " + free_spin_reel_counter[1]): null

2019-08-24 12:45:16 - [TEST_STEP][PASSED] - println("reel 5 wild found: " + free_spin_reel_counter[2]): null

2019-08-24 12:45:16 - [TEST_STEP][PASSED] - M4_spin_reels = M4_spin_reels: null

2019-08-24 12:45:16 - [TEST_STEP][PASSED] - M4_spin_reels_symbols = symbol: null

2019-08-24 12:45:16 - [TEST_STEP][PASSED] - M4_spin_reels_symbols = M4_spin_reels_symbols: null

2019-08-24 12:45:16 - [TEST_STEP][PASSED] - M4_spin_reel_wins = reel_wins: null

2019-08-24 12:45:16 - [TEST_STEP][PASSED] - M4_spin_reel_wins = M4_spin_reel_wins: null

2019-08-24 12:45:16 - [TEST_STEP][PASSED] - println("GlobalVariable.M4_spin_reel_wins is: " + M4_spin_reel_wins): null

2019-08-24 12:45:16 - [TEST_STEP][PASSED] - M4_spin_total_bonus_win_this_round = total_bonus_win_this_round: null

2019-08-24 12:45:16 - [TEST_STEP][PASSED] - M4_spin_total_bonus_win_this_round = M4_spin_total_bonus_win_this_round: null

2019-08-24 12:45:16 - [TEST_STEP][PASSED] - println("GlobalVariable.M4_spin_total_bonus_win_this_round is: " + M4_spin_total_bonus_win_this_round): null

2019-08-24 12:45:16 - [TEST_STEP][PASSED] - M4_spin_bonus_spin_result = spin_result: null

2019-08-24 12:45:16 - [TEST_STEP][PASSED] - M4_spin_bonus_spin_result = M4_spin_bonus_spin_result: null

2019-08-24 12:45:16 - [MESSAGE][PASSED] - Verify response successfully

2019-08-24 12:45:16 - [MESSAGE][PASSED] - Send request and verify the response successfully

2019-08-24 12:45:16 - [TEST_STEP][PASSED] - if (M4_total_bonus_spins_int != 0 &amp;&amp; M4_spin_reels_symbols[2].contains("WILD_Double") || M4_spin_reels_symbols[4].contains("WILD_Triple")): null

2019-08-24 12:45:16 - [TEST_STEP][PASSED] - free_spin_reel_counter = free_spin_reel_counter: null

2019-08-24 12:45:16 - [TEST_STEP][PASSED] - M4_spin_reels_symbols = M4_spin_reels_symbols: null

2019-08-24 12:45:16 - [TEST_STEP][PASSED] - M4_total_bonus_spins = M4_total_bonus_spins: null

2019-08-24 12:45:16 - [TEST_STEP][PASSED] - spin_result = sendRequestAndVerify(findTestObject("INT/RGS(M4)/1_M4_spin", ["M4_login_user_id":M4_login_user_id, "rgs_session_token":rgs_session_token, "partner":Partner])): Send request and verify the response successfully

2019-08-24 12:45:16 - [MESSAGE][INFO] - HAR: /Users/eiralee/Katalon_Script/SuperWild/Reports/20190824_124242/INT/superWild_4/20190824_124242/requests/main/48.har

2019-08-24 12:45:16 - [TEST_CASE][PASSED] - Start Test Case : Verification: Verification accomplished successfully

2019-08-24 12:45:17 - [TEST_STEP][PASSED] - request = getInstance().getCurrentRequest(): null

2019-08-24 12:45:17 - [TEST_STEP][PASSED] - response = getInstance().getCurrentResponse(): null

2019-08-24 12:45:17 - [TEST_STEP][PASSED] - verifyResponseStatusCode(response, 200): Verify response status code successfully

2019-08-24 12:45:17 - [MESSAGE][PASSED] - Verify response status code successfully

2019-08-24 12:45:17 - [TEST_STEP][PASSED] - getStatusCode()).isEqualTo(200): null

2019-08-24 12:45:17 - [TEST_STEP][PASSED] - newline = System.getProperty("line.separator"): null

2019-08-24 12:45:17 - [TEST_STEP][PASSED] - M4_spin = new groovy.json.JsonSlurper(): null

2019-08-24 12:45:17 - [TEST_STEP][PASSED] - result_M4_spin = M4_spin.parseText(response.getResponseBodyContent()): null

2019-08-24 12:45:17 - [TEST_STEP][PASSED] - M4_spin_current_balance = current_balance: null

2019-08-24 12:45:17 - [TEST_STEP][PASSED] - M4_spin_current_balance = M4_spin_current_balance: null

2019-08-24 12:45:17 - [TEST_STEP][PASSED] - M4_spin_transaction_id = causality: null

2019-08-24 12:45:17 - [TEST_STEP][PASSED] - M4_spin_transaction_id = M4_spin_transaction_id: null

2019-08-24 12:45:17 - [TEST_STEP][PASSED] - M4_spin_round_id = round_id: null

2019-08-24 12:45:17 - [TEST_STEP][PASSED] - M4_spin_round_id = M4_spin_round_id: null

2019-08-24 12:45:17 - [TEST_STEP][PASSED] - M4_spin_line_wins = line_wins: null

2019-08-24 12:45:17 - [TEST_STEP][PASSED] - M4_spin_line_wins = M4_spin_line_wins: null

2019-08-24 12:45:17 - [TEST_STEP][PASSED] - M4_total_bonus_spins_int = total_bonus_spins: null

2019-08-24 12:45:17 - [TEST_STEP][PASSED] - println("******M4_total_bonus_spins type is:*******" + newline + getClass().getName()): null

2019-08-24 12:45:17 - [TEST_STEP][PASSED] - M4_total_bonus_spins_int = M4_total_bonus_spins_int: null

2019-08-24 12:45:17 - [TEST_STEP][PASSED] - M4_total_bonus_spins = Integer.toString(M4_total_bonus_spins_int): null

2019-08-24 12:45:17 - [TEST_STEP][PASSED] - M4_total_bonus_spins = M4_total_bonus_spins: null

2019-08-24 12:45:17 - [TEST_STEP][PASSED] - println("M4_total_bonus_spins is:" + M4_total_bonus_spins): null

2019-08-24 12:45:17 - [TEST_STEP][PASSED] - M4_spin_bonus_data = bonus_data: null

2019-08-24 12:45:17 - [TEST_STEP][PASSED] - M4_spin_features_triggered = result_M4_spin: null

2019-08-24 12:45:17 - [TEST_STEP][PASSED] - wild = []: null

2019-08-24 12:45:17 - [TEST_STEP][PASSED] - wild[0] = "WILD_Expanding": null

2019-08-24 12:45:17 - [TEST_STEP][PASSED] - wild[1] = "WILD_Normal": null

2019-08-24 12:45:17 - [TEST_STEP][PASSED] - wild[2] = "WILD_Double": null

2019-08-24 12:45:17 - [TEST_STEP][PASSED] - wild[3] = "WILD_ExtraFG": null

2019-08-24 12:45:17 - [TEST_STEP][PASSED] - wild[4] = "WILD_Triple": null

2019-08-24 12:45:17 - [TEST_STEP][PASSED] - wildList = Arrays.asList(wild): null

2019-08-24 12:45:17 - [TEST_STEP][PASSED] - wildList = wildList: null

2019-08-24 12:45:17 - [TEST_STEP][PASSED] - free_spin_reel_counter = []: null

2019-08-24 12:45:17 - [TEST_STEP][PASSED] - free_spin_reel_counter[0] = 0: null

2019-08-24 12:45:17 - [TEST_STEP][PASSED] - free_spin_reel_counter[1] = 0: null

2019-08-24 12:45:17 - [TEST_STEP][PASSED] - free_spin_reel_counter[2] = 0: null

2019-08-24 12:45:17 - [TEST_STEP][PASSED] - M4_spin_reels = reels: null

2019-08-24 12:45:17 - [TEST_STEP][PASSED] - for ([i = 0, i &lt; M4_spin_reels.size(), (i++)]): null

2019-08-24 12:45:17 - [TEST_STEP][PASSED] - symbols = symbols: null

2019-08-24 12:45:17 - [TEST_STEP][PASSED] - for ([j = 0, j &lt; symbols.size(), (j++)]): null

2019-08-24 12:45:17 - [TEST_STEP][PASSED] - symbol = symbol: null

2019-08-24 12:45:17 - [TEST_STEP][PASSED] - println(symbol): null

2019-08-24 12:45:17 - [TEST_STEP][PASSED] - if (i == 2 &amp;&amp; wildList.indexOf(symbol) != -1): null

2019-08-24 12:45:17 - [TEST_STEP][PASSED] - if (i == 3 &amp;&amp; wildList.indexOf(symbol) != -1): null

2019-08-24 12:45:17 - [TEST_STEP][PASSED] - if (i == 4 &amp;&amp; wildList.indexOf(symbol) != -1): null

2019-08-24 12:45:17 - [TEST_STEP][PASSED] - symbol = symbol: null

2019-08-24 12:45:17 - [TEST_STEP][PASSED] - println(symbol): null

2019-08-24 12:45:17 - [TEST_STEP][PASSED] - if (i == 2 &amp;&amp; wildList.indexOf(symbol) != -1): null

2019-08-24 12:45:17 - [TEST_STEP][PASSED] - if (i == 3 &amp;&amp; wildList.indexOf(symbol) != -1): null

2019-08-24 12:45:17 - [TEST_STEP][PASSED] - if (i == 4 &amp;&amp; wildList.indexOf(symbol) != -1): null

2019-08-24 12:45:17 - [TEST_STEP][PASSED] - symbol = symbol: null

2019-08-24 12:45:17 - [TEST_STEP][PASSED] - println(symbol): null

2019-08-24 12:45:17 - [TEST_STEP][PASSED] - if (i == 2 &amp;&amp; wildList.indexOf(symbol) != -1): null

2019-08-24 12:45:17 - [TEST_STEP][PASSED] - if (i == 3 &amp;&amp; wildList.indexOf(symbol) != -1): null

2019-08-24 12:45:17 - [TEST_STEP][PASSED] - if (i == 4 &amp;&amp; wildList.indexOf(symbol) != -1): null

2019-08-24 12:45:17 - [TEST_STEP][PASSED] - symbols = symbols: null

2019-08-24 12:45:17 - [TEST_STEP][PASSED] - for ([j = 0, j &lt; symbols.size(), (j++)]): null

2019-08-24 12:45:17 - [TEST_STEP][PASSED] - symbol = symbol: null

2019-08-24 12:45:17 - [TEST_STEP][PASSED] - println(symbol): null

2019-08-24 12:45:17 - [TEST_STEP][PASSED] - if (i == 2 &amp;&amp; wildList.indexOf(symbol) != -1): null

2019-08-24 12:45:17 - [TEST_STEP][PASSED] - if (i == 3 &amp;&amp; wildList.indexOf(symbol) != -1): null

2019-08-24 12:45:17 - [TEST_STEP][PASSED] - if (i == 4 &amp;&amp; wildList.indexOf(symbol) != -1): null

2019-08-24 12:45:17 - [TEST_STEP][PASSED] - symbol = symbol: null

2019-08-24 12:45:17 - [TEST_STEP][PASSED] - println(symbol): null

2019-08-24 12:45:17 - [TEST_STEP][PASSED] - if (i == 2 &amp;&amp; wildList.indexOf(symbol) != -1): null

2019-08-24 12:45:17 - [TEST_STEP][PASSED] - if (i == 3 &amp;&amp; wildList.indexOf(symbol) != -1): null

2019-08-24 12:45:17 - [TEST_STEP][PASSED] - if (i == 4 &amp;&amp; wildList.indexOf(symbol) != -1): null

2019-08-24 12:45:17 - [TEST_STEP][PASSED] - symbol = symbol: null

2019-08-24 12:45:17 - [TEST_STEP][PASSED] - println(symbol): null

2019-08-24 12:45:17 - [TEST_STEP][PASSED] - if (i == 2 &amp;&amp; wildList.indexOf(symbol) != -1): null

2019-08-24 12:45:17 - [TEST_STEP][PASSED] - if (i == 3 &amp;&amp; wildList.indexOf(symbol) != -1): null

2019-08-24 12:45:17 - [TEST_STEP][PASSED] - if (i == 4 &amp;&amp; wildList.indexOf(symbol) != -1): null

2019-08-24 12:45:17 - [TEST_STEP][PASSED] - symbols = symbols: null

2019-08-24 12:45:17 - [TEST_STEP][PASSED] - for ([j = 0, j &lt; symbols.size(), (j++)]): null

2019-08-24 12:45:17 - [TEST_STEP][PASSED] - symbol = symbol: null

2019-08-24 12:45:17 - [TEST_STEP][PASSED] - println(symbol): null

2019-08-24 12:45:17 - [TEST_STEP][PASSED] - if (i == 2 &amp;&amp; wildList.indexOf(symbol) != -1): null

2019-08-24 12:45:17 - [TEST_STEP][PASSED] - println("wild found on reel 3, adding counter by 1"): null

2019-08-24 12:45:17 - [TEST_STEP][PASSED] - free_spin_reel_counter[0] = free_spin_reel_counter[0] + 1: null

2019-08-24 12:45:17 - [TEST_STEP][PASSED] - if (i == 3 &amp;&amp; wildList.indexOf(symbol) != -1): null

2019-08-24 12:45:17 - [TEST_STEP][PASSED] - if (i == 4 &amp;&amp; wildList.indexOf(symbol) != -1): null

2019-08-24 12:45:17 - [TEST_STEP][PASSED] - symbol = symbol: null

2019-08-24 12:45:17 - [TEST_STEP][PASSED] - println(symbol): null

2019-08-24 12:45:17 - [TEST_STEP][PASSED] - if (i == 2 &amp;&amp; wildList.indexOf(symbol) != -1): null

2019-08-24 12:45:17 - [TEST_STEP][PASSED] - if (i == 3 &amp;&amp; wildList.indexOf(symbol) != -1): null

2019-08-24 12:45:17 - [TEST_STEP][PASSED] - if (i == 4 &amp;&amp; wildList.indexOf(symbol) != -1): null

2019-08-24 12:45:17 - [TEST_STEP][PASSED] - symbol = symbol: null

2019-08-24 12:45:17 - [TEST_STEP][PASSED] - println(symbol): null

2019-08-24 12:45:17 - [TEST_STEP][PASSED] - if (i == 2 &amp;&amp; wildList.indexOf(symbol) != -1): null

2019-08-24 12:45:17 - [TEST_STEP][PASSED] - if (i == 3 &amp;&amp; wildList.indexOf(symbol) != -1): null

2019-08-24 12:45:17 - [TEST_STEP][PASSED] - if (i == 4 &amp;&amp; wildList.indexOf(symbol) != -1): null

2019-08-24 12:45:17 - [TEST_STEP][PASSED] - symbols = symbols: null

2019-08-24 12:45:17 - [TEST_STEP][PASSED] - for ([j = 0, j &lt; symbols.size(), (j++)]): null

2019-08-24 12:45:17 - [TEST_STEP][PASSED] - symbol = symbol: null

2019-08-24 12:45:17 - [TEST_STEP][PASSED] - println(symbol): null

2019-08-24 12:45:17 - [TEST_STEP][PASSED] - if (i == 2 &amp;&amp; wildList.indexOf(symbol) != -1): null

2019-08-24 12:45:17 - [TEST_STEP][PASSED] - if (i == 3 &amp;&amp; wildList.indexOf(symbol) != -1): null

2019-08-24 12:45:17 - [TEST_STEP][PASSED] - if (i == 4 &amp;&amp; wildList.indexOf(symbol) != -1): null

2019-08-24 12:45:17 - [TEST_STEP][PASSED] - symbol = symbol: null

2019-08-24 12:45:17 - [TEST_STEP][PASSED] - println(symbol): null

2019-08-24 12:45:17 - [TEST_STEP][PASSED] - if (i == 2 &amp;&amp; wildList.indexOf(symbol) != -1): null

2019-08-24 12:45:17 - [TEST_STEP][PASSED] - if (i == 3 &amp;&amp; wildList.indexOf(symbol) != -1): null

2019-08-24 12:45:17 - [TEST_STEP][PASSED] - if (i == 4 &amp;&amp; wildList.indexOf(symbol) != -1): null

2019-08-24 12:45:17 - [TEST_STEP][PASSED] - symbol = symbol: null

2019-08-24 12:45:17 - [TEST_STEP][PASSED] - println(symbol): null

2019-08-24 12:45:17 - [TEST_STEP][PASSED] - if (i == 2 &amp;&amp; wildList.indexOf(symbol) != -1): null

2019-08-24 12:45:17 - [TEST_STEP][PASSED] - if (i == 3 &amp;&amp; wildList.indexOf(symbol) != -1): null

2019-08-24 12:45:17 - [TEST_STEP][PASSED] - if (i == 4 &amp;&amp; wildList.indexOf(symbol) != -1): null

2019-08-24 12:45:17 - [TEST_STEP][PASSED] - symbols = symbols: null

2019-08-24 12:45:17 - [TEST_STEP][PASSED] - for ([j = 0, j &lt; symbols.size(), (j++)]): null

2019-08-24 12:45:17 - [TEST_STEP][PASSED] - symbol = symbol: null

2019-08-24 12:45:17 - [TEST_STEP][PASSED] - println(symbol): null

2019-08-24 12:45:17 - [TEST_STEP][PASSED] - if (i == 2 &amp;&amp; wildList.indexOf(symbol) != -1): null

2019-08-24 12:45:17 - [TEST_STEP][PASSED] - if (i == 3 &amp;&amp; wildList.indexOf(symbol) != -1): null

2019-08-24 12:45:17 - [TEST_STEP][PASSED] - if (i == 4 &amp;&amp; wildList.indexOf(symbol) != -1): null

2019-08-24 12:45:17 - [TEST_STEP][PASSED] - symbol = symbol: null

2019-08-24 12:45:17 - [TEST_STEP][PASSED] - println(symbol): null

2019-08-24 12:45:17 - [TEST_STEP][PASSED] - if (i == 2 &amp;&amp; wildList.indexOf(symbol) != -1): null

2019-08-24 12:45:17 - [TEST_STEP][PASSED] - if (i == 3 &amp;&amp; wildList.indexOf(symbol) != -1): null

2019-08-24 12:45:17 - [TEST_STEP][PASSED] - if (i == 4 &amp;&amp; wildList.indexOf(symbol) != -1): null

2019-08-24 12:45:17 - [TEST_STEP][PASSED] - symbol = symbol: null

2019-08-24 12:45:17 - [TEST_STEP][PASSED] - println(symbol): null

2019-08-24 12:45:17 - [TEST_STEP][PASSED] - if (i == 2 &amp;&amp; wildList.indexOf(symbol) != -1): null

2019-08-24 12:45:17 - [TEST_STEP][PASSED] - if (i == 3 &amp;&amp; wildList.indexOf(symbol) != -1): null

2019-08-24 12:45:17 - [TEST_STEP][PASSED] - if (i == 4 &amp;&amp; wildList.indexOf(symbol) != -1): null

2019-08-24 12:45:17 - [TEST_STEP][PASSED] - free_spin_reel_counter = free_spin_reel_counter: null

2019-08-24 12:45:17 - [TEST_STEP][PASSED] - println("reel 3 wild found: " + free_spin_reel_counter[0]): null

2019-08-24 12:45:17 - [TEST_STEP][PASSED] - println("reel 4 wild found: " + free_spin_reel_counter[1]): null

2019-08-24 12:45:17 - [TEST_STEP][PASSED] - println("reel 5 wild found: " + free_spin_reel_counter[2]): null

2019-08-24 12:45:17 - [TEST_STEP][PASSED] - M4_spin_reels = M4_spin_reels: null

2019-08-24 12:45:17 - [TEST_STEP][PASSED] - M4_spin_reels_symbols = symbol: null

2019-08-24 12:45:17 - [TEST_STEP][PASSED] - M4_spin_reels_symbols = M4_spin_reels_symbols: null

2019-08-24 12:45:17 - [TEST_STEP][PASSED] - M4_spin_reel_wins = reel_wins: null

2019-08-24 12:45:17 - [TEST_STEP][PASSED] - M4_spin_reel_wins = M4_spin_reel_wins: null

2019-08-24 12:45:17 - [TEST_STEP][PASSED] - println("GlobalVariable.M4_spin_reel_wins is: " + M4_spin_reel_wins): null

2019-08-24 12:45:17 - [TEST_STEP][PASSED] - M4_spin_total_bonus_win_this_round = total_bonus_win_this_round: null

2019-08-24 12:45:17 - [TEST_STEP][PASSED] - M4_spin_total_bonus_win_this_round = M4_spin_total_bonus_win_this_round: null

2019-08-24 12:45:17 - [TEST_STEP][PASSED] - println("GlobalVariable.M4_spin_total_bonus_win_this_round is: " + M4_spin_total_bonus_win_this_round): null

2019-08-24 12:45:17 - [TEST_STEP][PASSED] - M4_spin_bonus_spin_result = spin_result: null

2019-08-24 12:45:17 - [TEST_STEP][PASSED] - M4_spin_bonus_spin_result = M4_spin_bonus_spin_result: null

2019-08-24 12:45:17 - [MESSAGE][PASSED] - Verify response successfully

2019-08-24 12:45:17 - [MESSAGE][PASSED] - Send request and verify the response successfully

2019-08-24 12:45:17 - [TEST_STEP][PASSED] - if (M4_total_bonus_spins_int != 0 &amp;&amp; M4_spin_reels_symbols[2].contains("WILD_Double") || M4_spin_reels_symbols[4].contains("WILD_Triple")): null

2019-08-24 12:45:17 - [TEST_STEP][PASSED] - free_spin_reel_counter = free_spin_reel_counter: null

2019-08-24 12:45:17 - [TEST_STEP][PASSED] - M4_spin_reels_symbols = M4_spin_reels_symbols: null

2019-08-24 12:45:17 - [TEST_STEP][PASSED] - M4_total_bonus_spins = M4_total_bonus_spins: null

2019-08-24 12:45:17 - [TEST_STEP][PASSED] - spin_result = sendRequestAndVerify(findTestObject("INT/RGS(M4)/1_M4_spin", ["M4_login_user_id":M4_login_user_id, "rgs_session_token":rgs_session_token, "partner":Partner])): Send request and verify the response successfully

2019-08-24 12:45:17 - [MESSAGE][INFO] - HAR: /Users/eiralee/Katalon_Script/SuperWild/Reports/20190824_124242/INT/superWild_4/20190824_124242/requests/main/49.har

2019-08-24 12:45:17 - [TEST_CASE][PASSED] - Start Test Case : Verification: Verification accomplished successfully

2019-08-24 12:45:17 - [TEST_STEP][PASSED] - request = getInstance().getCurrentRequest(): null

2019-08-24 12:45:17 - [TEST_STEP][PASSED] - response = getInstance().getCurrentResponse(): null

2019-08-24 12:45:17 - [TEST_STEP][PASSED] - verifyResponseStatusCode(response, 200): Verify response status code successfully

2019-08-24 12:45:17 - [MESSAGE][PASSED] - Verify response status code successfully

2019-08-24 12:45:17 - [TEST_STEP][PASSED] - getStatusCode()).isEqualTo(200): null

2019-08-24 12:45:17 - [TEST_STEP][PASSED] - newline = System.getProperty("line.separator"): null

2019-08-24 12:45:17 - [TEST_STEP][PASSED] - M4_spin = new groovy.json.JsonSlurper(): null

2019-08-24 12:45:17 - [TEST_STEP][PASSED] - result_M4_spin = M4_spin.parseText(response.getResponseBodyContent()): null

2019-08-24 12:45:17 - [TEST_STEP][PASSED] - M4_spin_current_balance = current_balance: null

2019-08-24 12:45:17 - [TEST_STEP][PASSED] - M4_spin_current_balance = M4_spin_current_balance: null

2019-08-24 12:45:17 - [TEST_STEP][PASSED] - M4_spin_transaction_id = causality: null

2019-08-24 12:45:17 - [TEST_STEP][PASSED] - M4_spin_transaction_id = M4_spin_transaction_id: null

2019-08-24 12:45:17 - [TEST_STEP][PASSED] - M4_spin_round_id = round_id: null

2019-08-24 12:45:17 - [TEST_STEP][PASSED] - M4_spin_round_id = M4_spin_round_id: null

2019-08-24 12:45:17 - [TEST_STEP][PASSED] - M4_spin_line_wins = line_wins: null

2019-08-24 12:45:17 - [TEST_STEP][PASSED] - M4_spin_line_wins = M4_spin_line_wins: null

2019-08-24 12:45:17 - [TEST_STEP][PASSED] - M4_total_bonus_spins_int = total_bonus_spins: null

2019-08-24 12:45:17 - [TEST_STEP][PASSED] - println("******M4_total_bonus_spins type is:*******" + newline + getClass().getName()): null

2019-08-24 12:45:17 - [TEST_STEP][PASSED] - M4_total_bonus_spins_int = M4_total_bonus_spins_int: null

2019-08-24 12:45:17 - [TEST_STEP][PASSED] - M4_total_bonus_spins = Integer.toString(M4_total_bonus_spins_int): null

2019-08-24 12:45:17 - [TEST_STEP][PASSED] - M4_total_bonus_spins = M4_total_bonus_spins: null

2019-08-24 12:45:17 - [TEST_STEP][PASSED] - println("M4_total_bonus_spins is:" + M4_total_bonus_spins): null

2019-08-24 12:45:17 - [TEST_STEP][PASSED] - M4_spin_bonus_data = bonus_data: null

2019-08-24 12:45:17 - [TEST_STEP][PASSED] - M4_spin_features_triggered = result_M4_spin: null

2019-08-24 12:45:17 - [TEST_STEP][PASSED] - wild = []: null

2019-08-24 12:45:17 - [TEST_STEP][PASSED] - wild[0] = "WILD_Expanding": null

2019-08-24 12:45:17 - [TEST_STEP][PASSED] - wild[1] = "WILD_Normal": null

2019-08-24 12:45:17 - [TEST_STEP][PASSED] - wild[2] = "WILD_Double": null

2019-08-24 12:45:17 - [TEST_STEP][PASSED] - wild[3] = "WILD_ExtraFG": null

2019-08-24 12:45:17 - [TEST_STEP][PASSED] - wild[4] = "WILD_Triple": null

2019-08-24 12:45:17 - [TEST_STEP][PASSED] - wildList = Arrays.asList(wild): null

2019-08-24 12:45:17 - [TEST_STEP][PASSED] - wildList = wildList: null

2019-08-24 12:45:17 - [TEST_STEP][PASSED] - free_spin_reel_counter = []: null

2019-08-24 12:45:17 - [TEST_STEP][PASSED] - free_spin_reel_counter[0] = 0: null

2019-08-24 12:45:17 - [TEST_STEP][PASSED] - free_spin_reel_counter[1] = 0: null

2019-08-24 12:45:17 - [TEST_STEP][PASSED] - free_spin_reel_counter[2] = 0: null

2019-08-24 12:45:17 - [TEST_STEP][PASSED] - M4_spin_reels = reels: null

2019-08-24 12:45:17 - [TEST_STEP][PASSED] - for ([i = 0, i &lt; M4_spin_reels.size(), (i++)]): null

2019-08-24 12:45:17 - [TEST_STEP][PASSED] - symbols = symbols: null

2019-08-24 12:45:17 - [TEST_STEP][PASSED] - for ([j = 0, j &lt; symbols.size(), (j++)]): null

2019-08-24 12:45:17 - [TEST_STEP][PASSED] - symbol = symbol: null

2019-08-24 12:45:17 - [TEST_STEP][PASSED] - println(symbol): null

2019-08-24 12:45:17 - [TEST_STEP][PASSED] - if (i == 2 &amp;&amp; wildList.indexOf(symbol) != -1): null

2019-08-24 12:45:17 - [TEST_STEP][PASSED] - if (i == 3 &amp;&amp; wildList.indexOf(symbol) != -1): null

2019-08-24 12:45:17 - [TEST_STEP][PASSED] - if (i == 4 &amp;&amp; wildList.indexOf(symbol) != -1): null

2019-08-24 12:45:17 - [TEST_STEP][PASSED] - symbol = symbol: null

2019-08-24 12:45:17 - [TEST_STEP][PASSED] - println(symbol): null

2019-08-24 12:45:17 - [TEST_STEP][PASSED] - if (i == 2 &amp;&amp; wildList.indexOf(symbol) != -1): null

2019-08-24 12:45:17 - [TEST_STEP][PASSED] - if (i == 3 &amp;&amp; wildList.indexOf(symbol) != -1): null

2019-08-24 12:45:17 - [TEST_STEP][PASSED] - if (i == 4 &amp;&amp; wildList.indexOf(symbol) != -1): null

2019-08-24 12:45:17 - [TEST_STEP][PASSED] - symbol = symbol: null

2019-08-24 12:45:17 - [TEST_STEP][PASSED] - println(symbol): null

2019-08-24 12:45:17 - [TEST_STEP][PASSED] - if (i == 2 &amp;&amp; wildList.indexOf(symbol) != -1): null

2019-08-24 12:45:17 - [TEST_STEP][PASSED] - if (i == 3 &amp;&amp; wildList.indexOf(symbol) != -1): null

2019-08-24 12:45:17 - [TEST_STEP][PASSED] - if (i == 4 &amp;&amp; wildList.indexOf(symbol) != -1): null

2019-08-24 12:45:17 - [TEST_STEP][PASSED] - symbols = symbols: null

2019-08-24 12:45:17 - [TEST_STEP][PASSED] - for ([j = 0, j &lt; symbols.size(), (j++)]): null

2019-08-24 12:45:17 - [TEST_STEP][PASSED] - symbol = symbol: null

2019-08-24 12:45:17 - [TEST_STEP][PASSED] - println(symbol): null

2019-08-24 12:45:17 - [TEST_STEP][PASSED] - if (i == 2 &amp;&amp; wildList.indexOf(symbol) != -1): null

2019-08-24 12:45:17 - [TEST_STEP][PASSED] - if (i == 3 &amp;&amp; wildList.indexOf(symbol) != -1): null

2019-08-24 12:45:17 - [TEST_STEP][PASSED] - if (i == 4 &amp;&amp; wildList.indexOf(symbol) != -1): null

2019-08-24 12:45:17 - [TEST_STEP][PASSED] - symbol = symbol: null

2019-08-24 12:45:17 - [TEST_STEP][PASSED] - println(symbol): null

2019-08-24 12:45:17 - [TEST_STEP][PASSED] - if (i == 2 &amp;&amp; wildList.indexOf(symbol) != -1): null

2019-08-24 12:45:17 - [TEST_STEP][PASSED] - if (i == 3 &amp;&amp; wildList.indexOf(symbol) != -1): null

2019-08-24 12:45:17 - [TEST_STEP][PASSED] - if (i == 4 &amp;&amp; wildList.indexOf(symbol) != -1): null

2019-08-24 12:45:17 - [TEST_STEP][PASSED] - symbol = symbol: null

2019-08-24 12:45:17 - [TEST_STEP][PASSED] - println(symbol): null

2019-08-24 12:45:17 - [TEST_STEP][PASSED] - if (i == 2 &amp;&amp; wildList.indexOf(symbol) != -1): null

2019-08-24 12:45:17 - [TEST_STEP][PASSED] - if (i == 3 &amp;&amp; wildList.indexOf(symbol) != -1): null

2019-08-24 12:45:17 - [TEST_STEP][PASSED] - if (i == 4 &amp;&amp; wildList.indexOf(symbol) != -1): null

2019-08-24 12:45:17 - [TEST_STEP][PASSED] - symbols = symbols: null

2019-08-24 12:45:17 - [TEST_STEP][PASSED] - for ([j = 0, j &lt; symbols.size(), (j++)]): null

2019-08-24 12:45:17 - [TEST_STEP][PASSED] - symbol = symbol: null

2019-08-24 12:45:17 - [TEST_STEP][PASSED] - println(symbol): null

2019-08-24 12:45:17 - [TEST_STEP][PASSED] - if (i == 2 &amp;&amp; wildList.indexOf(symbol) != -1): null

2019-08-24 12:45:17 - [TEST_STEP][PASSED] - if (i == 3 &amp;&amp; wildList.indexOf(symbol) != -1): null

2019-08-24 12:45:17 - [TEST_STEP][PASSED] - if (i == 4 &amp;&amp; wildList.indexOf(symbol) != -1): null

2019-08-24 12:45:17 - [TEST_STEP][PASSED] - symbol = symbol: null

2019-08-24 12:45:17 - [TEST_STEP][PASSED] - println(symbol): null

2019-08-24 12:45:17 - [TEST_STEP][PASSED] - if (i == 2 &amp;&amp; wildList.indexOf(symbol) != -1): null

2019-08-24 12:45:17 - [TEST_STEP][PASSED] - if (i == 3 &amp;&amp; wildList.indexOf(symbol) != -1): null

2019-08-24 12:45:17 - [TEST_STEP][PASSED] - if (i == 4 &amp;&amp; wildList.indexOf(symbol) != -1): null

2019-08-24 12:45:17 - [TEST_STEP][PASSED] - symbol = symbol: null

2019-08-24 12:45:17 - [TEST_STEP][PASSED] - println(symbol): null

2019-08-24 12:45:17 - [TEST_STEP][PASSED] - if (i == 2 &amp;&amp; wildList.indexOf(symbol) != -1): null

2019-08-24 12:45:17 - [TEST_STEP][PASSED] - if (i == 3 &amp;&amp; wildList.indexOf(symbol) != -1): null

2019-08-24 12:45:17 - [TEST_STEP][PASSED] - if (i == 4 &amp;&amp; wildList.indexOf(symbol) != -1): null

2019-08-24 12:45:17 - [TEST_STEP][PASSED] - symbols = symbols: null

2019-08-24 12:45:17 - [TEST_STEP][PASSED] - for ([j = 0, j &lt; symbols.size(), (j++)]): null

2019-08-24 12:45:17 - [TEST_STEP][PASSED] - symbol = symbol: null

2019-08-24 12:45:17 - [TEST_STEP][PASSED] - println(symbol): null

2019-08-24 12:45:17 - [TEST_STEP][PASSED] - if (i == 2 &amp;&amp; wildList.indexOf(symbol) != -1): null

2019-08-24 12:45:17 - [TEST_STEP][PASSED] - if (i == 3 &amp;&amp; wildList.indexOf(symbol) != -1): null

2019-08-24 12:45:17 - [TEST_STEP][PASSED] - println("wild found on reel 4, adding counter by 1"): null

2019-08-24 12:45:17 - [TEST_STEP][PASSED] - free_spin_reel_counter[1] = free_spin_reel_counter[1] + 1: null

2019-08-24 12:45:17 - [TEST_STEP][PASSED] - if (i == 4 &amp;&amp; wildList.indexOf(symbol) != -1): null

2019-08-24 12:45:17 - [TEST_STEP][PASSED] - symbol = symbol: null

2019-08-24 12:45:17 - [TEST_STEP][PASSED] - println(symbol): null

2019-08-24 12:45:17 - [TEST_STEP][PASSED] - if (i == 2 &amp;&amp; wildList.indexOf(symbol) != -1): null

2019-08-24 12:45:17 - [TEST_STEP][PASSED] - if (i == 3 &amp;&amp; wildList.indexOf(symbol) != -1): null

2019-08-24 12:45:17 - [TEST_STEP][PASSED] - if (i == 4 &amp;&amp; wildList.indexOf(symbol) != -1): null

2019-08-24 12:45:17 - [TEST_STEP][PASSED] - symbol = symbol: null

2019-08-24 12:45:17 - [TEST_STEP][PASSED] - println(symbol): null

2019-08-24 12:45:17 - [TEST_STEP][PASSED] - if (i == 2 &amp;&amp; wildList.indexOf(symbol) != -1): null

2019-08-24 12:45:17 - [TEST_STEP][PASSED] - if (i == 3 &amp;&amp; wildList.indexOf(symbol) != -1): null

2019-08-24 12:45:17 - [TEST_STEP][PASSED] - if (i == 4 &amp;&amp; wildList.indexOf(symbol) != -1): null

2019-08-24 12:45:17 - [TEST_STEP][PASSED] - symbols = symbols: null

2019-08-24 12:45:17 - [TEST_STEP][PASSED] - for ([j = 0, j &lt; symbols.size(), (j++)]): null

2019-08-24 12:45:17 - [TEST_STEP][PASSED] - symbol = symbol: null

2019-08-24 12:45:17 - [TEST_STEP][PASSED] - println(symbol): null

2019-08-24 12:45:17 - [TEST_STEP][PASSED] - if (i == 2 &amp;&amp; wildList.indexOf(symbol) != -1): null

2019-08-24 12:45:17 - [TEST_STEP][PASSED] - if (i == 3 &amp;&amp; wildList.indexOf(symbol) != -1): null

2019-08-24 12:45:17 - [TEST_STEP][PASSED] - if (i == 4 &amp;&amp; wildList.indexOf(symbol) != -1): null

2019-08-24 12:45:17 - [TEST_STEP][PASSED] - symbol = symbol: null

2019-08-24 12:45:17 - [TEST_STEP][PASSED] - println(symbol): null

2019-08-24 12:45:17 - [TEST_STEP][PASSED] - if (i == 2 &amp;&amp; wildList.indexOf(symbol) != -1): null

2019-08-24 12:45:17 - [TEST_STEP][PASSED] - if (i == 3 &amp;&amp; wildList.indexOf(symbol) != -1): null

2019-08-24 12:45:17 - [TEST_STEP][PASSED] - if (i == 4 &amp;&amp; wildList.indexOf(symbol) != -1): null

2019-08-24 12:45:17 - [TEST_STEP][PASSED] - symbol = symbol: null

2019-08-24 12:45:17 - [TEST_STEP][PASSED] - println(symbol): null

2019-08-24 12:45:17 - [TEST_STEP][PASSED] - if (i == 2 &amp;&amp; wildList.indexOf(symbol) != -1): null

2019-08-24 12:45:17 - [TEST_STEP][PASSED] - if (i == 3 &amp;&amp; wildList.indexOf(symbol) != -1): null

2019-08-24 12:45:17 - [TEST_STEP][PASSED] - if (i == 4 &amp;&amp; wildList.indexOf(symbol) != -1): null

2019-08-24 12:45:17 - [TEST_STEP][PASSED] - free_spin_reel_counter = free_spin_reel_counter: null

2019-08-24 12:45:17 - [TEST_STEP][PASSED] - println("reel 3 wild found: " + free_spin_reel_counter[0]): null

2019-08-24 12:45:17 - [TEST_STEP][PASSED] - println("reel 4 wild found: " + free_spin_reel_counter[1]): null

2019-08-24 12:45:17 - [TEST_STEP][PASSED] - println("reel 5 wild found: " + free_spin_reel_counter[2]): null

2019-08-24 12:45:17 - [TEST_STEP][PASSED] - M4_spin_reels = M4_spin_reels: null

2019-08-24 12:45:17 - [TEST_STEP][PASSED] - M4_spin_reels_symbols = symbol: null

2019-08-24 12:45:17 - [TEST_STEP][PASSED] - M4_spin_reels_symbols = M4_spin_reels_symbols: null

2019-08-24 12:45:17 - [TEST_STEP][PASSED] - M4_spin_reel_wins = reel_wins: null

2019-08-24 12:45:17 - [TEST_STEP][PASSED] - M4_spin_reel_wins = M4_spin_reel_wins: null

2019-08-24 12:45:17 - [TEST_STEP][PASSED] - println("GlobalVariable.M4_spin_reel_wins is: " + M4_spin_reel_wins): null

2019-08-24 12:45:17 - [TEST_STEP][PASSED] - M4_spin_total_bonus_win_this_round = total_bonus_win_this_round: null

2019-08-24 12:45:17 - [TEST_STEP][PASSED] - M4_spin_total_bonus_win_this_round = M4_spin_total_bonus_win_this_round: null

2019-08-24 12:45:17 - [TEST_STEP][PASSED] - println("GlobalVariable.M4_spin_total_bonus_win_this_round is: " + M4_spin_total_bonus_win_this_round): null

2019-08-24 12:45:17 - [TEST_STEP][PASSED] - M4_spin_bonus_spin_result = spin_result: null

2019-08-24 12:45:17 - [TEST_STEP][PASSED] - M4_spin_bonus_spin_result = M4_spin_bonus_spin_result: null

2019-08-24 12:45:17 - [MESSAGE][PASSED] - Verify response successfully

2019-08-24 12:45:17 - [MESSAGE][PASSED] - Send request and verify the response successfully

2019-08-24 12:45:17 - [TEST_STEP][PASSED] - if (M4_total_bonus_spins_int != 0 &amp;&amp; M4_spin_reels_symbols[2].contains("WILD_Double") || M4_spin_reels_symbols[4].contains("WILD_Triple")): null

2019-08-24 12:45:17 - [TEST_STEP][PASSED] - free_spin_reel_counter = free_spin_reel_counter: null

2019-08-24 12:45:17 - [TEST_STEP][PASSED] - M4_spin_reels_symbols = M4_spin_reels_symbols: null

2019-08-24 12:45:17 - [TEST_STEP][PASSED] - M4_total_bonus_spins = M4_total_bonus_spins: null

2019-08-24 12:45:17 - [TEST_STEP][PASSED] - spin_result = sendRequestAndVerify(findTestObject("INT/RGS(M4)/1_M4_spin", ["M4_login_user_id":M4_login_user_id, "rgs_session_token":rgs_session_token, "partner":Partner])): Send request and verify the response successfully

2019-08-24 12:45:18 - [MESSAGE][INFO] - HAR: /Users/eiralee/Katalon_Script/SuperWild/Reports/20190824_124242/INT/superWild_4/20190824_124242/requests/main/50.har

2019-08-24 12:45:18 - [TEST_CASE][PASSED] - Start Test Case : Verification: Verification accomplished successfully

2019-08-24 12:45:18 - [TEST_STEP][PASSED] - request = getInstance().getCurrentRequest(): null

2019-08-24 12:45:18 - [TEST_STEP][PASSED] - response = getInstance().getCurrentResponse(): null

2019-08-24 12:45:18 - [TEST_STEP][PASSED] - verifyResponseStatusCode(response, 200): Verify response status code successfully

2019-08-24 12:45:18 - [MESSAGE][PASSED] - Verify response status code successfully

2019-08-24 12:45:18 - [TEST_STEP][PASSED] - getStatusCode()).isEqualTo(200): null

2019-08-24 12:45:18 - [TEST_STEP][PASSED] - newline = System.getProperty("line.separator"): null

2019-08-24 12:45:18 - [TEST_STEP][PASSED] - M4_spin = new groovy.json.JsonSlurper(): null

2019-08-24 12:45:18 - [TEST_STEP][PASSED] - result_M4_spin = M4_spin.parseText(response.getResponseBodyContent()): null

2019-08-24 12:45:18 - [TEST_STEP][PASSED] - M4_spin_current_balance = current_balance: null

2019-08-24 12:45:18 - [TEST_STEP][PASSED] - M4_spin_current_balance = M4_spin_current_balance: null

2019-08-24 12:45:18 - [TEST_STEP][PASSED] - M4_spin_transaction_id = causality: null

2019-08-24 12:45:18 - [TEST_STEP][PASSED] - M4_spin_transaction_id = M4_spin_transaction_id: null

2019-08-24 12:45:18 - [TEST_STEP][PASSED] - M4_spin_round_id = round_id: null

2019-08-24 12:45:18 - [TEST_STEP][PASSED] - M4_spin_round_id = M4_spin_round_id: null

2019-08-24 12:45:18 - [TEST_STEP][PASSED] - M4_spin_line_wins = line_wins: null

2019-08-24 12:45:18 - [TEST_STEP][PASSED] - M4_spin_line_wins = M4_spin_line_wins: null

2019-08-24 12:45:18 - [TEST_STEP][PASSED] - M4_total_bonus_spins_int = total_bonus_spins: null

2019-08-24 12:45:18 - [TEST_STEP][PASSED] - println("******M4_total_bonus_spins type is:*******" + newline + getClass().getName()): null

2019-08-24 12:45:18 - [TEST_STEP][PASSED] - M4_total_bonus_spins_int = M4_total_bonus_spins_int: null

2019-08-24 12:45:18 - [TEST_STEP][PASSED] - M4_total_bonus_spins = Integer.toString(M4_total_bonus_spins_int): null

2019-08-24 12:45:18 - [TEST_STEP][PASSED] - M4_total_bonus_spins = M4_total_bonus_spins: null

2019-08-24 12:45:18 - [TEST_STEP][PASSED] - println("M4_total_bonus_spins is:" + M4_total_bonus_spins): null

2019-08-24 12:45:18 - [TEST_STEP][PASSED] - M4_spin_bonus_data = bonus_data: null

2019-08-24 12:45:18 - [TEST_STEP][PASSED] - M4_spin_features_triggered = result_M4_spin: null

2019-08-24 12:45:18 - [TEST_STEP][PASSED] - wild = []: null

2019-08-24 12:45:18 - [TEST_STEP][PASSED] - wild[0] = "WILD_Expanding": null

2019-08-24 12:45:18 - [TEST_STEP][PASSED] - wild[1] = "WILD_Normal": null

2019-08-24 12:45:18 - [TEST_STEP][PASSED] - wild[2] = "WILD_Double": null

2019-08-24 12:45:18 - [TEST_STEP][PASSED] - wild[3] = "WILD_ExtraFG": null

2019-08-24 12:45:18 - [TEST_STEP][PASSED] - wild[4] = "WILD_Triple": null

2019-08-24 12:45:18 - [TEST_STEP][PASSED] - wildList = Arrays.asList(wild): null

2019-08-24 12:45:18 - [TEST_STEP][PASSED] - wildList = wildList: null

2019-08-24 12:45:18 - [TEST_STEP][PASSED] - free_spin_reel_counter = []: null

2019-08-24 12:45:18 - [TEST_STEP][PASSED] - free_spin_reel_counter[0] = 0: null

2019-08-24 12:45:18 - [TEST_STEP][PASSED] - free_spin_reel_counter[1] = 0: null

2019-08-24 12:45:18 - [TEST_STEP][PASSED] - free_spin_reel_counter[2] = 0: null

2019-08-24 12:45:18 - [TEST_STEP][PASSED] - M4_spin_reels = reels: null

2019-08-24 12:45:18 - [TEST_STEP][PASSED] - for ([i = 0, i &lt; M4_spin_reels.size(), (i++)]): null

2019-08-24 12:45:18 - [TEST_STEP][PASSED] - symbols = symbols: null

2019-08-24 12:45:18 - [TEST_STEP][PASSED] - for ([j = 0, j &lt; symbols.size(), (j++)]): null

2019-08-24 12:45:18 - [TEST_STEP][PASSED] - symbol = symbol: null

2019-08-24 12:45:18 - [TEST_STEP][PASSED] - println(symbol): null

2019-08-24 12:45:18 - [TEST_STEP][PASSED] - if (i == 2 &amp;&amp; wildList.indexOf(symbol) != -1): null

2019-08-24 12:45:18 - [TEST_STEP][PASSED] - if (i == 3 &amp;&amp; wildList.indexOf(symbol) != -1): null

2019-08-24 12:45:18 - [TEST_STEP][PASSED] - if (i == 4 &amp;&amp; wildList.indexOf(symbol) != -1): null

2019-08-24 12:45:18 - [TEST_STEP][PASSED] - symbol = symbol: null

2019-08-24 12:45:18 - [TEST_STEP][PASSED] - println(symbol): null

2019-08-24 12:45:18 - [TEST_STEP][PASSED] - if (i == 2 &amp;&amp; wildList.indexOf(symbol) != -1): null

2019-08-24 12:45:18 - [TEST_STEP][PASSED] - if (i == 3 &amp;&amp; wildList.indexOf(symbol) != -1): null

2019-08-24 12:45:18 - [TEST_STEP][PASSED] - if (i == 4 &amp;&amp; wildList.indexOf(symbol) != -1): null

2019-08-24 12:45:18 - [TEST_STEP][PASSED] - symbol = symbol: null

2019-08-24 12:45:18 - [TEST_STEP][PASSED] - println(symbol): null

2019-08-24 12:45:18 - [TEST_STEP][PASSED] - if (i == 2 &amp;&amp; wildList.indexOf(symbol) != -1): null

2019-08-24 12:45:18 - [TEST_STEP][PASSED] - if (i == 3 &amp;&amp; wildList.indexOf(symbol) != -1): null

2019-08-24 12:45:18 - [TEST_STEP][PASSED] - if (i == 4 &amp;&amp; wildList.indexOf(symbol) != -1): null

2019-08-24 12:45:18 - [TEST_STEP][PASSED] - symbols = symbols: null

2019-08-24 12:45:18 - [TEST_STEP][PASSED] - for ([j = 0, j &lt; symbols.size(), (j++)]): null

2019-08-24 12:45:18 - [TEST_STEP][PASSED] - symbol = symbol: null

2019-08-24 12:45:18 - [TEST_STEP][PASSED] - println(symbol): null

2019-08-24 12:45:18 - [TEST_STEP][PASSED] - if (i == 2 &amp;&amp; wildList.indexOf(symbol) != -1): null

2019-08-24 12:45:18 - [TEST_STEP][PASSED] - if (i == 3 &amp;&amp; wildList.indexOf(symbol) != -1): null

2019-08-24 12:45:18 - [TEST_STEP][PASSED] - if (i == 4 &amp;&amp; wildList.indexOf(symbol) != -1): null

2019-08-24 12:45:18 - [TEST_STEP][PASSED] - symbol = symbol: null

2019-08-24 12:45:18 - [TEST_STEP][PASSED] - println(symbol): null

2019-08-24 12:45:18 - [TEST_STEP][PASSED] - if (i == 2 &amp;&amp; wildList.indexOf(symbol) != -1): null

2019-08-24 12:45:18 - [TEST_STEP][PASSED] - if (i == 3 &amp;&amp; wildList.indexOf(symbol) != -1): null

2019-08-24 12:45:18 - [TEST_STEP][PASSED] - if (i == 4 &amp;&amp; wildList.indexOf(symbol) != -1): null

2019-08-24 12:45:18 - [TEST_STEP][PASSED] - symbol = symbol: null

2019-08-24 12:45:18 - [TEST_STEP][PASSED] - println(symbol): null

2019-08-24 12:45:18 - [TEST_STEP][PASSED] - if (i == 2 &amp;&amp; wildList.indexOf(symbol) != -1): null

2019-08-24 12:45:18 - [TEST_STEP][PASSED] - if (i == 3 &amp;&amp; wildList.indexOf(symbol) != -1): null

2019-08-24 12:45:18 - [TEST_STEP][PASSED] - if (i == 4 &amp;&amp; wildList.indexOf(symbol) != -1): null

2019-08-24 12:45:18 - [TEST_STEP][PASSED] - symbols = symbols: null

2019-08-24 12:45:18 - [TEST_STEP][PASSED] - for ([j = 0, j &lt; symbols.size(), (j++)]): null

2019-08-24 12:45:18 - [TEST_STEP][PASSED] - symbol = symbol: null

2019-08-24 12:45:18 - [TEST_STEP][PASSED] - println(symbol): null

2019-08-24 12:45:18 - [TEST_STEP][PASSED] - if (i == 2 &amp;&amp; wildList.indexOf(symbol) != -1): null

2019-08-24 12:45:18 - [TEST_STEP][PASSED] - if (i == 3 &amp;&amp; wildList.indexOf(symbol) != -1): null

2019-08-24 12:45:18 - [TEST_STEP][PASSED] - if (i == 4 &amp;&amp; wildList.indexOf(symbol) != -1): null

2019-08-24 12:45:18 - [TEST_STEP][PASSED] - symbol = symbol: null

2019-08-24 12:45:18 - [TEST_STEP][PASSED] - println(symbol): null

2019-08-24 12:45:18 - [TEST_STEP][PASSED] - if (i == 2 &amp;&amp; wildList.indexOf(symbol) != -1): null

2019-08-24 12:45:18 - [TEST_STEP][PASSED] - if (i == 3 &amp;&amp; wildList.indexOf(symbol) != -1): null

2019-08-24 12:45:18 - [TEST_STEP][PASSED] - if (i == 4 &amp;&amp; wildList.indexOf(symbol) != -1): null

2019-08-24 12:45:18 - [TEST_STEP][PASSED] - symbol = symbol: null

2019-08-24 12:45:18 - [TEST_STEP][PASSED] - println(symbol): null

2019-08-24 12:45:18 - [TEST_STEP][PASSED] - if (i == 2 &amp;&amp; wildList.indexOf(symbol) != -1): null

2019-08-24 12:45:18 - [TEST_STEP][PASSED] - if (i == 3 &amp;&amp; wildList.indexOf(symbol) != -1): null

2019-08-24 12:45:18 - [TEST_STEP][PASSED] - if (i == 4 &amp;&amp; wildList.indexOf(symbol) != -1): null

2019-08-24 12:45:18 - [TEST_STEP][PASSED] - symbols = symbols: null

2019-08-24 12:45:18 - [TEST_STEP][PASSED] - for ([j = 0, j &lt; symbols.size(), (j++)]): null

2019-08-24 12:45:18 - [TEST_STEP][PASSED] - symbol = symbol: null

2019-08-24 12:45:18 - [TEST_STEP][PASSED] - println(symbol): null

2019-08-24 12:45:18 - [TEST_STEP][PASSED] - if (i == 2 &amp;&amp; wildList.indexOf(symbol) != -1): null

2019-08-24 12:45:18 - [TEST_STEP][PASSED] - if (i == 3 &amp;&amp; wildList.indexOf(symbol) != -1): null

2019-08-24 12:45:18 - [TEST_STEP][PASSED] - if (i == 4 &amp;&amp; wildList.indexOf(symbol) != -1): null

2019-08-24 12:45:18 - [TEST_STEP][PASSED] - symbol = symbol: null

2019-08-24 12:45:18 - [TEST_STEP][PASSED] - println(symbol): null

2019-08-24 12:45:18 - [TEST_STEP][PASSED] - if (i == 2 &amp;&amp; wildList.indexOf(symbol) != -1): null

2019-08-24 12:45:18 - [TEST_STEP][PASSED] - if (i == 3 &amp;&amp; wildList.indexOf(symbol) != -1): null

2019-08-24 12:45:18 - [TEST_STEP][PASSED] - if (i == 4 &amp;&amp; wildList.indexOf(symbol) != -1): null

2019-08-24 12:45:18 - [TEST_STEP][PASSED] - symbol = symbol: null

2019-08-24 12:45:18 - [TEST_STEP][PASSED] - println(symbol): null

2019-08-24 12:45:18 - [TEST_STEP][PASSED] - if (i == 2 &amp;&amp; wildList.indexOf(symbol) != -1): null

2019-08-24 12:45:18 - [TEST_STEP][PASSED] - if (i == 3 &amp;&amp; wildList.indexOf(symbol) != -1): null

2019-08-24 12:45:18 - [TEST_STEP][PASSED] - if (i == 4 &amp;&amp; wildList.indexOf(symbol) != -1): null

2019-08-24 12:45:18 - [TEST_STEP][PASSED] - symbols = symbols: null

2019-08-24 12:45:18 - [TEST_STEP][PASSED] - for ([j = 0, j &lt; symbols.size(), (j++)]): null

2019-08-24 12:45:18 - [TEST_STEP][PASSED] - symbol = symbol: null

2019-08-24 12:45:18 - [TEST_STEP][PASSED] - println(symbol): null

2019-08-24 12:45:18 - [TEST_STEP][PASSED] - if (i == 2 &amp;&amp; wildList.indexOf(symbol) != -1): null

2019-08-24 12:45:18 - [TEST_STEP][PASSED] - if (i == 3 &amp;&amp; wildList.indexOf(symbol) != -1): null

2019-08-24 12:45:18 - [TEST_STEP][PASSED] - if (i == 4 &amp;&amp; wildList.indexOf(symbol) != -1): null

2019-08-24 12:45:18 - [TEST_STEP][PASSED] - symbol = symbol: null

2019-08-24 12:45:18 - [TEST_STEP][PASSED] - println(symbol): null

2019-08-24 12:45:18 - [TEST_STEP][PASSED] - if (i == 2 &amp;&amp; wildList.indexOf(symbol) != -1): null

2019-08-24 12:45:18 - [TEST_STEP][PASSED] - if (i == 3 &amp;&amp; wildList.indexOf(symbol) != -1): null

2019-08-24 12:45:18 - [TEST_STEP][PASSED] - if (i == 4 &amp;&amp; wildList.indexOf(symbol) != -1): null

2019-08-24 12:45:18 - [TEST_STEP][PASSED] - symbol = symbol: null

2019-08-24 12:45:18 - [TEST_STEP][PASSED] - println(symbol): null

2019-08-24 12:45:18 - [TEST_STEP][PASSED] - if (i == 2 &amp;&amp; wildList.indexOf(symbol) != -1): null

2019-08-24 12:45:18 - [TEST_STEP][PASSED] - if (i == 3 &amp;&amp; wildList.indexOf(symbol) != -1): null

2019-08-24 12:45:18 - [TEST_STEP][PASSED] - if (i == 4 &amp;&amp; wildList.indexOf(symbol) != -1): null

2019-08-24 12:45:18 - [TEST_STEP][PASSED] - free_spin_reel_counter = free_spin_reel_counter: null

2019-08-24 12:45:18 - [TEST_STEP][PASSED] - println("reel 3 wild found: " + free_spin_reel_counter[0]): null

2019-08-24 12:45:18 - [TEST_STEP][PASSED] - println("reel 4 wild found: " + free_spin_reel_counter[1]): null

2019-08-24 12:45:18 - [TEST_STEP][PASSED] - println("reel 5 wild found: " + free_spin_reel_counter[2]): null

2019-08-24 12:45:18 - [TEST_STEP][PASSED] - M4_spin_reels = M4_spin_reels: null

2019-08-24 12:45:18 - [TEST_STEP][PASSED] - M4_spin_reels_symbols = symbol: null

2019-08-24 12:45:18 - [TEST_STEP][PASSED] - M4_spin_reels_symbols = M4_spin_reels_symbols: null

2019-08-24 12:45:18 - [TEST_STEP][PASSED] - M4_spin_reel_wins = reel_wins: null

2019-08-24 12:45:18 - [TEST_STEP][PASSED] - M4_spin_reel_wins = M4_spin_reel_wins: null

2019-08-24 12:45:18 - [TEST_STEP][PASSED] - println("GlobalVariable.M4_spin_reel_wins is: " + M4_spin_reel_wins): null

2019-08-24 12:45:18 - [TEST_STEP][PASSED] - M4_spin_total_bonus_win_this_round = total_bonus_win_this_round: null

2019-08-24 12:45:18 - [TEST_STEP][PASSED] - M4_spin_total_bonus_win_this_round = M4_spin_total_bonus_win_this_round: null

2019-08-24 12:45:18 - [TEST_STEP][PASSED] - println("GlobalVariable.M4_spin_total_bonus_win_this_round is: " + M4_spin_total_bonus_win_this_round): null

2019-08-24 12:45:18 - [TEST_STEP][PASSED] - M4_spin_bonus_spin_result = spin_result: null

2019-08-24 12:45:18 - [TEST_STEP][PASSED] - M4_spin_bonus_spin_result = M4_spin_bonus_spin_result: null

2019-08-24 12:45:18 - [MESSAGE][PASSED] - Verify response successfully

2019-08-24 12:45:18 - [MESSAGE][PASSED] - Send request and verify the response successfully

2019-08-24 12:45:18 - [TEST_STEP][PASSED] - if (M4_total_bonus_spins_int != 0 &amp;&amp; M4_spin_reels_symbols[2].contains("WILD_Double") || M4_spin_reels_symbols[4].contains("WILD_Triple")): null

2019-08-24 12:45:18 - [TEST_STEP][PASSED] - free_spin_reel_counter = free_spin_reel_counter: null

2019-08-24 12:45:18 - [TEST_STEP][PASSED] - M4_spin_reels_symbols = M4_spin_reels_symbols: null

2019-08-24 12:45:18 - [TEST_STEP][PASSED] - M4_total_bonus_spins = M4_total_bonus_spins: null

2019-08-24 12:45:18 - [TEST_STEP][PASSED] - spin_result = sendRequestAndVerify(findTestObject("INT/RGS(M4)/1_M4_spin", ["M4_login_user_id":M4_login_user_id, "rgs_session_token":rgs_session_token, "partner":Partner])): Send request and verify the response successfully

2019-08-24 12:45:18 - [MESSAGE][INFO] - HAR: /Users/eiralee/Katalon_Script/SuperWild/Reports/20190824_124242/INT/superWild_4/20190824_124242/requests/main/51.har

2019-08-24 12:45:18 - [TEST_CASE][PASSED] - Start Test Case : Verification: Verification accomplished successfully

2019-08-24 12:45:18 - [TEST_STEP][PASSED] - request = getInstance().getCurrentRequest(): null

2019-08-24 12:45:18 - [TEST_STEP][PASSED] - response = getInstance().getCurrentResponse(): null

2019-08-24 12:45:18 - [TEST_STEP][PASSED] - verifyResponseStatusCode(response, 200): Verify response status code successfully

2019-08-24 12:45:18 - [MESSAGE][PASSED] - Verify response status code successfully

2019-08-24 12:45:18 - [TEST_STEP][PASSED] - getStatusCode()).isEqualTo(200): null

2019-08-24 12:45:18 - [TEST_STEP][PASSED] - newline = System.getProperty("line.separator"): null

2019-08-24 12:45:18 - [TEST_STEP][PASSED] - M4_spin = new groovy.json.JsonSlurper(): null

2019-08-24 12:45:18 - [TEST_STEP][PASSED] - result_M4_spin = M4_spin.parseText(response.getResponseBodyContent()): null

2019-08-24 12:45:18 - [TEST_STEP][PASSED] - M4_spin_current_balance = current_balance: null

2019-08-24 12:45:18 - [TEST_STEP][PASSED] - M4_spin_current_balance = M4_spin_current_balance: null

2019-08-24 12:45:18 - [TEST_STEP][PASSED] - M4_spin_transaction_id = causality: null

2019-08-24 12:45:18 - [TEST_STEP][PASSED] - M4_spin_transaction_id = M4_spin_transaction_id: null

2019-08-24 12:45:18 - [TEST_STEP][PASSED] - M4_spin_round_id = round_id: null

2019-08-24 12:45:18 - [TEST_STEP][PASSED] - M4_spin_round_id = M4_spin_round_id: null

2019-08-24 12:45:18 - [TEST_STEP][PASSED] - M4_spin_line_wins = line_wins: null

2019-08-24 12:45:18 - [TEST_STEP][PASSED] - M4_spin_line_wins = M4_spin_line_wins: null

2019-08-24 12:45:18 - [TEST_STEP][PASSED] - M4_total_bonus_spins_int = total_bonus_spins: null

2019-08-24 12:45:18 - [TEST_STEP][PASSED] - println("******M4_total_bonus_spins type is:*******" + newline + getClass().getName()): null

2019-08-24 12:45:18 - [TEST_STEP][PASSED] - M4_total_bonus_spins_int = M4_total_bonus_spins_int: null

2019-08-24 12:45:18 - [TEST_STEP][PASSED] - M4_total_bonus_spins = Integer.toString(M4_total_bonus_spins_int): null

2019-08-24 12:45:18 - [TEST_STEP][PASSED] - M4_total_bonus_spins = M4_total_bonus_spins: null

2019-08-24 12:45:18 - [TEST_STEP][PASSED] - println("M4_total_bonus_spins is:" + M4_total_bonus_spins): null

2019-08-24 12:45:19 - [TEST_STEP][PASSED] - M4_spin_bonus_data = bonus_data: null

2019-08-24 12:45:19 - [TEST_STEP][PASSED] - M4_spin_features_triggered = result_M4_spin: null

2019-08-24 12:45:19 - [TEST_STEP][PASSED] - wild = []: null

2019-08-24 12:45:19 - [TEST_STEP][PASSED] - wild[0] = "WILD_Expanding": null

2019-08-24 12:45:19 - [TEST_STEP][PASSED] - wild[1] = "WILD_Normal": null

2019-08-24 12:45:19 - [TEST_STEP][PASSED] - wild[2] = "WILD_Double": null

2019-08-24 12:45:19 - [TEST_STEP][PASSED] - wild[3] = "WILD_ExtraFG": null

2019-08-24 12:45:19 - [TEST_STEP][PASSED] - wild[4] = "WILD_Triple": null

2019-08-24 12:45:19 - [TEST_STEP][PASSED] - wildList = Arrays.asList(wild): null

2019-08-24 12:45:19 - [TEST_STEP][PASSED] - wildList = wildList: null

2019-08-24 12:45:19 - [TEST_STEP][PASSED] - free_spin_reel_counter = []: null

2019-08-24 12:45:19 - [TEST_STEP][PASSED] - free_spin_reel_counter[0] = 0: null

2019-08-24 12:45:19 - [TEST_STEP][PASSED] - free_spin_reel_counter[1] = 0: null

2019-08-24 12:45:19 - [TEST_STEP][PASSED] - free_spin_reel_counter[2] = 0: null

2019-08-24 12:45:19 - [TEST_STEP][PASSED] - M4_spin_reels = reels: null

2019-08-24 12:45:19 - [TEST_STEP][PASSED] - for ([i = 0, i &lt; M4_spin_reels.size(), (i++)]): null

2019-08-24 12:45:19 - [TEST_STEP][PASSED] - symbols = symbols: null

2019-08-24 12:45:19 - [TEST_STEP][PASSED] - for ([j = 0, j &lt; symbols.size(), (j++)]): null

2019-08-24 12:45:19 - [TEST_STEP][PASSED] - symbol = symbol: null

2019-08-24 12:45:22 - [TEST_STEP][PASSED] - println(symbol): null

2019-08-24 12:45:22 - [TEST_STEP][PASSED] - if (i == 2 &amp;&amp; wildList.indexOf(symbol) != -1): null

2019-08-24 12:45:22 - [TEST_STEP][PASSED] - if (i == 3 &amp;&amp; wildList.indexOf(symbol) != -1): null

2019-08-24 12:45:22 - [TEST_STEP][PASSED] - if (i == 4 &amp;&amp; wildList.indexOf(symbol) != -1): null

2019-08-24 12:45:22 - [TEST_STEP][PASSED] - symbol = symbol: null

2019-08-24 12:45:22 - [TEST_STEP][PASSED] - println(symbol): null

2019-08-24 12:45:22 - [TEST_STEP][PASSED] - if (i == 2 &amp;&amp; wildList.indexOf(symbol) != -1): null

2019-08-24 12:45:22 - [TEST_STEP][PASSED] - if (i == 3 &amp;&amp; wildList.indexOf(symbol) != -1): null

2019-08-24 12:45:22 - [TEST_STEP][PASSED] - if (i == 4 &amp;&amp; wildList.indexOf(symbol) != -1): null

2019-08-24 12:45:22 - [TEST_STEP][PASSED] - symbol = symbol: null

2019-08-24 12:45:25 - [TEST_STEP][PASSED] - println(symbol): null

2019-08-24 12:45:25 - [TEST_STEP][PASSED] - if (i == 2 &amp;&amp; wildList.indexOf(symbol) != -1): null

2019-08-24 12:45:25 - [TEST_STEP][PASSED] - if (i == 3 &amp;&amp; wildList.indexOf(symbol) != -1): null

2019-08-24 12:45:25 - [TEST_STEP][PASSED] - if (i == 4 &amp;&amp; wildList.indexOf(symbol) != -1): null

2019-08-24 12:45:25 - [TEST_STEP][PASSED] - symbols = symbols: null

2019-08-24 12:45:25 - [TEST_STEP][PASSED] - for ([j = 0, j &lt; symbols.size(), (j++)]): null

2019-08-24 12:45:25 - [TEST_STEP][PASSED] - symbol = symbol: null

2019-08-24 12:45:25 - [TEST_STEP][PASSED] - println(symbol): null

2019-08-24 12:45:25 - [TEST_STEP][PASSED] - if (i == 2 &amp;&amp; wildList.indexOf(symbol) != -1): null

2019-08-24 12:45:25 - [TEST_STEP][PASSED] - if (i == 3 &amp;&amp; wildList.indexOf(symbol) != -1): null

2019-08-24 12:45:25 - [TEST_STEP][PASSED] - if (i == 4 &amp;&amp; wildList.indexOf(symbol) != -1): null

2019-08-24 12:45:25 - [TEST_STEP][PASSED] - symbol = symbol: null

2019-08-24 12:45:25 - [TEST_STEP][PASSED] - println(symbol): null

2019-08-24 12:45:25 - [TEST_STEP][PASSED] - if (i == 2 &amp;&amp; wildList.indexOf(symbol) != -1): null

2019-08-24 12:45:25 - [TEST_STEP][PASSED] - if (i == 3 &amp;&amp; wildList.indexOf(symbol) != -1): null

2019-08-24 12:45:25 - [TEST_STEP][PASSED] - if (i == 4 &amp;&amp; wildList.indexOf(symbol) != -1): null

2019-08-24 12:45:25 - [TEST_STEP][PASSED] - symbol = symbol: null

2019-08-24 12:45:25 - [TEST_STEP][PASSED] - println(symbol): null

2019-08-24 12:45:25 - [TEST_STEP][PASSED] - if (i == 2 &amp;&amp; wildList.indexOf(symbol) != -1): null

2019-08-24 12:45:25 - [TEST_STEP][PASSED] - if (i == 3 &amp;&amp; wildList.indexOf(symbol) != -1): null

2019-08-24 12:45:25 - [TEST_STEP][PASSED] - if (i == 4 &amp;&amp; wildList.indexOf(symbol) != -1): null

2019-08-24 12:45:25 - [TEST_STEP][PASSED] - symbols = symbols: null

2019-08-24 12:45:25 - [TEST_STEP][PASSED] - for ([j = 0, j &lt; symbols.size(), (j++)]): null

2019-08-24 12:45:25 - [TEST_STEP][PASSED] - symbol = symbol: null

2019-08-24 12:45:25 - [TEST_STEP][PASSED] - println(symbol): null

2019-08-24 12:45:25 - [TEST_STEP][PASSED] - if (i == 2 &amp;&amp; wildList.indexOf(symbol) != -1): null

2019-08-24 12:45:25 - [TEST_STEP][PASSED] - if (i == 3 &amp;&amp; wildList.indexOf(symbol) != -1): null

2019-08-24 12:45:25 - [TEST_STEP][PASSED] - if (i == 4 &amp;&amp; wildList.indexOf(symbol) != -1): null

2019-08-24 12:45:25 - [TEST_STEP][PASSED] - symbol = symbol: null

2019-08-24 12:45:25 - [TEST_STEP][PASSED] - println(symbol): null

2019-08-24 12:45:25 - [TEST_STEP][PASSED] - if (i == 2 &amp;&amp; wildList.indexOf(symbol) != -1): null

2019-08-24 12:45:25 - [TEST_STEP][PASSED] - if (i == 3 &amp;&amp; wildList.indexOf(symbol) != -1): null

2019-08-24 12:45:25 - [TEST_STEP][PASSED] - if (i == 4 &amp;&amp; wildList.indexOf(symbol) != -1): null

2019-08-24 12:45:25 - [TEST_STEP][PASSED] - symbol = symbol: null

2019-08-24 12:45:25 - [TEST_STEP][PASSED] - println(symbol): null

2019-08-24 12:45:25 - [TEST_STEP][PASSED] - if (i == 2 &amp;&amp; wildList.indexOf(symbol) != -1): null

2019-08-24 12:45:25 - [TEST_STEP][PASSED] - if (i == 3 &amp;&amp; wildList.indexOf(symbol) != -1): null

2019-08-24 12:45:25 - [TEST_STEP][PASSED] - if (i == 4 &amp;&amp; wildList.indexOf(symbol) != -1): null

2019-08-24 12:45:25 - [TEST_STEP][PASSED] - symbols = symbols: null

2019-08-24 12:45:25 - [TEST_STEP][PASSED] - for ([j = 0, j &lt; symbols.size(), (j++)]): null

2019-08-24 12:45:25 - [TEST_STEP][PASSED] - symbol = symbol: null

2019-08-24 12:45:25 - [TEST_STEP][PASSED] - println(symbol): null

2019-08-24 12:45:25 - [TEST_STEP][PASSED] - if (i == 2 &amp;&amp; wildList.indexOf(symbol) != -1): null

2019-08-24 12:45:25 - [TEST_STEP][PASSED] - if (i == 3 &amp;&amp; wildList.indexOf(symbol) != -1): null

2019-08-24 12:45:25 - [TEST_STEP][PASSED] - if (i == 4 &amp;&amp; wildList.indexOf(symbol) != -1): null

2019-08-24 12:45:25 - [TEST_STEP][PASSED] - symbol = symbol: null

2019-08-24 12:45:25 - [TEST_STEP][PASSED] - println(symbol): null

2019-08-24 12:45:25 - [TEST_STEP][PASSED] - if (i == 2 &amp;&amp; wildList.indexOf(symbol) != -1): null

2019-08-24 12:45:25 - [TEST_STEP][PASSED] - if (i == 3 &amp;&amp; wildList.indexOf(symbol) != -1): null

2019-08-24 12:45:25 - [TEST_STEP][PASSED] - println("wild found on reel 4, adding counter by 1"): null

2019-08-24 12:45:25 - [TEST_STEP][PASSED] - free_spin_reel_counter[1] = free_spin_reel_counter[1] + 1: null

2019-08-24 12:45:25 - [TEST_STEP][PASSED] - if (i == 4 &amp;&amp; wildList.indexOf(symbol) != -1): null

2019-08-24 12:45:25 - [TEST_STEP][PASSED] - symbol = symbol: null

2019-08-24 12:45:25 - [TEST_STEP][PASSED] - println(symbol): null

2019-08-24 12:45:25 - [TEST_STEP][PASSED] - if (i == 2 &amp;&amp; wildList.indexOf(symbol) != -1): null

2019-08-24 12:45:25 - [TEST_STEP][PASSED] - if (i == 3 &amp;&amp; wildList.indexOf(symbol) != -1): null

2019-08-24 12:45:25 - [TEST_STEP][PASSED] - if (i == 4 &amp;&amp; wildList.indexOf(symbol) != -1): null

2019-08-24 12:45:25 - [TEST_STEP][PASSED] - symbols = symbols: null

2019-08-24 12:45:25 - [TEST_STEP][PASSED] - for ([j = 0, j &lt; symbols.size(), (j++)]): null

2019-08-24 12:45:25 - [TEST_STEP][PASSED] - symbol = symbol: null

2019-08-24 12:45:25 - [TEST_STEP][PASSED] - println(symbol): null

2019-08-24 12:45:25 - [TEST_STEP][PASSED] - if (i == 2 &amp;&amp; wildList.indexOf(symbol) != -1): null

2019-08-24 12:45:25 - [TEST_STEP][PASSED] - if (i == 3 &amp;&amp; wildList.indexOf(symbol) != -1): null

2019-08-24 12:45:25 - [TEST_STEP][PASSED] - if (i == 4 &amp;&amp; wildList.indexOf(symbol) != -1): null

2019-08-24 12:45:25 - [TEST_STEP][PASSED] - symbol = symbol: null

2019-08-24 12:45:25 - [TEST_STEP][PASSED] - println(symbol): null

2019-08-24 12:45:25 - [TEST_STEP][PASSED] - if (i == 2 &amp;&amp; wildList.indexOf(symbol) != -1): null

2019-08-24 12:45:25 - [TEST_STEP][PASSED] - if (i == 3 &amp;&amp; wildList.indexOf(symbol) != -1): null

2019-08-24 12:45:25 - [TEST_STEP][PASSED] - if (i == 4 &amp;&amp; wildList.indexOf(symbol) != -1): null

2019-08-24 12:45:25 - [TEST_STEP][PASSED] - symbol = symbol: null

2019-08-24 12:45:25 - [TEST_STEP][PASSED] - println(symbol): null

2019-08-24 12:45:25 - [TEST_STEP][PASSED] - if (i == 2 &amp;&amp; wildList.indexOf(symbol) != -1): null

2019-08-24 12:45:25 - [TEST_STEP][PASSED] - if (i == 3 &amp;&amp; wildList.indexOf(symbol) != -1): null

2019-08-24 12:45:25 - [TEST_STEP][PASSED] - if (i == 4 &amp;&amp; wildList.indexOf(symbol) != -1): null

2019-08-24 12:45:25 - [TEST_STEP][PASSED] - free_spin_reel_counter = free_spin_reel_counter: null

2019-08-24 12:45:25 - [TEST_STEP][PASSED] - println("reel 3 wild found: " + free_spin_reel_counter[0]): null

2019-08-24 12:45:25 - [TEST_STEP][PASSED] - println("reel 4 wild found: " + free_spin_reel_counter[1]): null

2019-08-24 12:45:25 - [TEST_STEP][PASSED] - println("reel 5 wild found: " + free_spin_reel_counter[2]): null

2019-08-24 12:45:25 - [TEST_STEP][PASSED] - M4_spin_reels = M4_spin_reels: null

2019-08-24 12:45:25 - [TEST_STEP][PASSED] - M4_spin_reels_symbols = symbol: null

2019-08-24 12:45:25 - [TEST_STEP][PASSED] - M4_spin_reels_symbols = M4_spin_reels_symbols: null

2019-08-24 12:45:25 - [TEST_STEP][PASSED] - M4_spin_reel_wins = reel_wins: null

2019-08-24 12:45:25 - [TEST_STEP][PASSED] - M4_spin_reel_wins = M4_spin_reel_wins: null

2019-08-24 12:45:25 - [TEST_STEP][PASSED] - println("GlobalVariable.M4_spin_reel_wins is: " + M4_spin_reel_wins): null

2019-08-24 12:45:25 - [TEST_STEP][PASSED] - M4_spin_total_bonus_win_this_round = total_bonus_win_this_round: null

2019-08-24 12:45:25 - [TEST_STEP][PASSED] - M4_spin_total_bonus_win_this_round = M4_spin_total_bonus_win_this_round: null

2019-08-24 12:45:25 - [TEST_STEP][PASSED] - println("GlobalVariable.M4_spin_total_bonus_win_this_round is: " + M4_spin_total_bonus_win_this_round): null

2019-08-24 12:45:25 - [TEST_STEP][PASSED] - M4_spin_bonus_spin_result = spin_result: null

2019-08-24 12:45:25 - [TEST_STEP][PASSED] - M4_spin_bonus_spin_result = M4_spin_bonus_spin_result: null

2019-08-24 12:45:25 - [MESSAGE][PASSED] - Verify response successfully

2019-08-24 12:45:25 - [MESSAGE][PASSED] - Send request and verify the response successfully

2019-08-24 12:45:25 - [TEST_STEP][PASSED] - if (M4_total_bonus_spins_int != 0 &amp;&amp; M4_spin_reels_symbols[2].contains("WILD_Double") || M4_spin_reels_symbols[4].contains("WILD_Triple")): null

2019-08-24 12:45:25 - [TEST_STEP][PASSED] - free_spin_reel_counter = free_spin_reel_counter: null

2019-08-24 12:45:25 - [TEST_STEP][PASSED] - M4_spin_reels_symbols = M4_spin_reels_symbols: null

2019-08-24 12:45:25 - [TEST_STEP][PASSED] - M4_total_bonus_spins = M4_total_bonus_spins: null

2019-08-24 12:45:25 - [TEST_STEP][PASSED] - spin_result = sendRequestAndVerify(findTestObject("INT/RGS(M4)/1_M4_spin", ["M4_login_user_id":M4_login_user_id, "rgs_session_token":rgs_session_token, "partner":Partner])): Send request and verify the response successfully

2019-08-24 12:45:26 - [MESSAGE][INFO] - HAR: /Users/eiralee/Katalon_Script/SuperWild/Reports/20190824_124242/INT/superWild_4/20190824_124242/requests/main/52.har

2019-08-24 12:45:26 - [TEST_CASE][PASSED] - Start Test Case : Verification: Verification accomplished successfully

2019-08-24 12:45:26 - [TEST_STEP][PASSED] - request = getInstance().getCurrentRequest(): null

2019-08-24 12:45:26 - [TEST_STEP][PASSED] - response = getInstance().getCurrentResponse(): null

2019-08-24 12:45:26 - [TEST_STEP][PASSED] - verifyResponseStatusCode(response, 200): Verify response status code successfully

2019-08-24 12:45:26 - [MESSAGE][PASSED] - Verify response status code successfully

2019-08-24 12:45:26 - [TEST_STEP][PASSED] - getStatusCode()).isEqualTo(200): null

2019-08-24 12:45:26 - [TEST_STEP][PASSED] - newline = System.getProperty("line.separator"): null

2019-08-24 12:45:26 - [TEST_STEP][PASSED] - M4_spin = new groovy.json.JsonSlurper(): null

2019-08-24 12:45:26 - [TEST_STEP][PASSED] - result_M4_spin = M4_spin.parseText(response.getResponseBodyContent()): null

2019-08-24 12:45:26 - [TEST_STEP][PASSED] - M4_spin_current_balance = current_balance: null

2019-08-24 12:45:26 - [TEST_STEP][PASSED] - M4_spin_current_balance = M4_spin_current_balance: null

2019-08-24 12:45:26 - [TEST_STEP][PASSED] - M4_spin_transaction_id = causality: null

2019-08-24 12:45:26 - [TEST_STEP][PASSED] - M4_spin_transaction_id = M4_spin_transaction_id: null

2019-08-24 12:45:26 - [TEST_STEP][PASSED] - M4_spin_round_id = round_id: null

2019-08-24 12:45:26 - [TEST_STEP][PASSED] - M4_spin_round_id = M4_spin_round_id: null

2019-08-24 12:45:26 - [TEST_STEP][PASSED] - M4_spin_line_wins = line_wins: null

2019-08-24 12:45:26 - [TEST_STEP][PASSED] - M4_spin_line_wins = M4_spin_line_wins: null

2019-08-24 12:45:26 - [TEST_STEP][PASSED] - M4_total_bonus_spins_int = total_bonus_spins: null

2019-08-24 12:45:26 - [TEST_STEP][PASSED] - println("******M4_total_bonus_spins type is:*******" + newline + getClass().getName()): null

2019-08-24 12:45:26 - [TEST_STEP][PASSED] - M4_total_bonus_spins_int = M4_total_bonus_spins_int: null

2019-08-24 12:45:26 - [TEST_STEP][PASSED] - M4_total_bonus_spins = Integer.toString(M4_total_bonus_spins_int): null

2019-08-24 12:45:26 - [TEST_STEP][PASSED] - M4_total_bonus_spins = M4_total_bonus_spins: null

2019-08-24 12:45:26 - [TEST_STEP][PASSED] - println("M4_total_bonus_spins is:" + M4_total_bonus_spins): null

2019-08-24 12:45:26 - [TEST_STEP][PASSED] - M4_spin_bonus_data = bonus_data: null

2019-08-24 12:45:26 - [TEST_STEP][PASSED] - M4_spin_features_triggered = result_M4_spin: null

2019-08-24 12:45:26 - [TEST_STEP][PASSED] - wild = []: null

2019-08-24 12:45:26 - [TEST_STEP][PASSED] - wild[0] = "WILD_Expanding": null

2019-08-24 12:45:26 - [TEST_STEP][PASSED] - wild[1] = "WILD_Normal": null

2019-08-24 12:45:26 - [TEST_STEP][PASSED] - wild[2] = "WILD_Double": null

2019-08-24 12:45:26 - [TEST_STEP][PASSED] - wild[3] = "WILD_ExtraFG": null

2019-08-24 12:45:26 - [TEST_STEP][PASSED] - wild[4] = "WILD_Triple": null

2019-08-24 12:45:26 - [TEST_STEP][PASSED] - wildList = Arrays.asList(wild): null

2019-08-24 12:45:26 - [TEST_STEP][PASSED] - wildList = wildList: null

2019-08-24 12:45:26 - [TEST_STEP][PASSED] - free_spin_reel_counter = []: null

2019-08-24 12:45:26 - [TEST_STEP][PASSED] - free_spin_reel_counter[0] = 0: null

2019-08-24 12:45:26 - [TEST_STEP][PASSED] - free_spin_reel_counter[1] = 0: null

2019-08-24 12:45:26 - [TEST_STEP][PASSED] - free_spin_reel_counter[2] = 0: null

2019-08-24 12:45:26 - [TEST_STEP][PASSED] - M4_spin_reels = reels: null

2019-08-24 12:45:26 - [TEST_STEP][PASSED] - for ([i = 0, i &lt; M4_spin_reels.size(), (i++)]): null

2019-08-24 12:45:26 - [TEST_STEP][PASSED] - symbols = symbols: null

2019-08-24 12:45:26 - [TEST_STEP][PASSED] - for ([j = 0, j &lt; symbols.size(), (j++)]): null

2019-08-24 12:45:26 - [TEST_STEP][PASSED] - symbol = symbol: null

2019-08-24 12:45:26 - [TEST_STEP][PASSED] - println(symbol): null

2019-08-24 12:45:26 - [TEST_STEP][PASSED] - if (i == 2 &amp;&amp; wildList.indexOf(symbol) != -1): null

2019-08-24 12:45:26 - [TEST_STEP][PASSED] - if (i == 3 &amp;&amp; wildList.indexOf(symbol) != -1): null

2019-08-24 12:45:26 - [TEST_STEP][PASSED] - if (i == 4 &amp;&amp; wildList.indexOf(symbol) != -1): null

2019-08-24 12:45:26 - [TEST_STEP][PASSED] - symbol = symbol: null

2019-08-24 12:45:26 - [TEST_STEP][PASSED] - println(symbol): null

2019-08-24 12:45:26 - [TEST_STEP][PASSED] - if (i == 2 &amp;&amp; wildList.indexOf(symbol) != -1): null

2019-08-24 12:45:26 - [TEST_STEP][PASSED] - if (i == 3 &amp;&amp; wildList.indexOf(symbol) != -1): null

2019-08-24 12:45:26 - [TEST_STEP][PASSED] - if (i == 4 &amp;&amp; wildList.indexOf(symbol) != -1): null

2019-08-24 12:45:26 - [TEST_STEP][PASSED] - symbol = symbol: null

2019-08-24 12:45:26 - [TEST_STEP][PASSED] - println(symbol): null

2019-08-24 12:45:26 - [TEST_STEP][PASSED] - if (i == 2 &amp;&amp; wildList.indexOf(symbol) != -1): null

2019-08-24 12:45:26 - [TEST_STEP][PASSED] - if (i == 3 &amp;&amp; wildList.indexOf(symbol) != -1): null

2019-08-24 12:45:26 - [TEST_STEP][PASSED] - if (i == 4 &amp;&amp; wildList.indexOf(symbol) != -1): null

2019-08-24 12:45:26 - [TEST_STEP][PASSED] - symbols = symbols: null

2019-08-24 12:45:26 - [TEST_STEP][PASSED] - for ([j = 0, j &lt; symbols.size(), (j++)]): null

2019-08-24 12:45:26 - [TEST_STEP][PASSED] - symbol = symbol: null

2019-08-24 12:45:26 - [TEST_STEP][PASSED] - println(symbol): null

2019-08-24 12:45:26 - [TEST_STEP][PASSED] - if (i == 2 &amp;&amp; wildList.indexOf(symbol) != -1): null

2019-08-24 12:45:26 - [TEST_STEP][PASSED] - if (i == 3 &amp;&amp; wildList.indexOf(symbol) != -1): null

2019-08-24 12:45:26 - [TEST_STEP][PASSED] - if (i == 4 &amp;&amp; wildList.indexOf(symbol) != -1): null

2019-08-24 12:45:26 - [TEST_STEP][PASSED] - symbol = symbol: null

2019-08-24 12:45:26 - [TEST_STEP][PASSED] - println(symbol): null

2019-08-24 12:45:26 - [TEST_STEP][PASSED] - if (i == 2 &amp;&amp; wildList.indexOf(symbol) != -1): null

2019-08-24 12:45:26 - [TEST_STEP][PASSED] - if (i == 3 &amp;&amp; wildList.indexOf(symbol) != -1): null

2019-08-24 12:45:26 - [TEST_STEP][PASSED] - if (i == 4 &amp;&amp; wildList.indexOf(symbol) != -1): null

2019-08-24 12:45:26 - [TEST_STEP][PASSED] - symbol = symbol: null

2019-08-24 12:45:26 - [TEST_STEP][PASSED] - println(symbol): null

2019-08-24 12:45:26 - [TEST_STEP][PASSED] - if (i == 2 &amp;&amp; wildList.indexOf(symbol) != -1): null

2019-08-24 12:45:26 - [TEST_STEP][PASSED] - if (i == 3 &amp;&amp; wildList.indexOf(symbol) != -1): null

2019-08-24 12:45:26 - [TEST_STEP][PASSED] - if (i == 4 &amp;&amp; wildList.indexOf(symbol) != -1): null

2019-08-24 12:45:26 - [TEST_STEP][PASSED] - symbols = symbols: null

2019-08-24 12:45:26 - [TEST_STEP][PASSED] - for ([j = 0, j &lt; symbols.size(), (j++)]): null

2019-08-24 12:45:26 - [TEST_STEP][PASSED] - symbol = symbol: null

2019-08-24 12:45:26 - [TEST_STEP][PASSED] - println(symbol): null

2019-08-24 12:45:26 - [TEST_STEP][PASSED] - if (i == 2 &amp;&amp; wildList.indexOf(symbol) != -1): null

2019-08-24 12:45:26 - [TEST_STEP][PASSED] - if (i == 3 &amp;&amp; wildList.indexOf(symbol) != -1): null

2019-08-24 12:45:26 - [TEST_STEP][PASSED] - if (i == 4 &amp;&amp; wildList.indexOf(symbol) != -1): null

2019-08-24 12:45:26 - [TEST_STEP][PASSED] - symbol = symbol: null

2019-08-24 12:45:26 - [TEST_STEP][PASSED] - println(symbol): null

2019-08-24 12:45:26 - [TEST_STEP][PASSED] - if (i == 2 &amp;&amp; wildList.indexOf(symbol) != -1): null

2019-08-24 12:45:26 - [TEST_STEP][PASSED] - if (i == 3 &amp;&amp; wildList.indexOf(symbol) != -1): null

2019-08-24 12:45:26 - [TEST_STEP][PASSED] - if (i == 4 &amp;&amp; wildList.indexOf(symbol) != -1): null

2019-08-24 12:45:26 - [TEST_STEP][PASSED] - symbol = symbol: null

2019-08-24 12:45:26 - [TEST_STEP][PASSED] - println(symbol): null

2019-08-24 12:45:26 - [TEST_STEP][PASSED] - if (i == 2 &amp;&amp; wildList.indexOf(symbol) != -1): null

2019-08-24 12:45:26 - [TEST_STEP][PASSED] - if (i == 3 &amp;&amp; wildList.indexOf(symbol) != -1): null

2019-08-24 12:45:26 - [TEST_STEP][PASSED] - if (i == 4 &amp;&amp; wildList.indexOf(symbol) != -1): null

2019-08-24 12:45:26 - [TEST_STEP][PASSED] - symbols = symbols: null

2019-08-24 12:45:26 - [TEST_STEP][PASSED] - for ([j = 0, j &lt; symbols.size(), (j++)]): null

2019-08-24 12:45:26 - [TEST_STEP][PASSED] - symbol = symbol: null

2019-08-24 12:45:26 - [TEST_STEP][PASSED] - println(symbol): null

2019-08-24 12:45:26 - [TEST_STEP][PASSED] - if (i == 2 &amp;&amp; wildList.indexOf(symbol) != -1): null

2019-08-24 12:45:26 - [TEST_STEP][PASSED] - if (i == 3 &amp;&amp; wildList.indexOf(symbol) != -1): null

2019-08-24 12:45:26 - [TEST_STEP][PASSED] - if (i == 4 &amp;&amp; wildList.indexOf(symbol) != -1): null

2019-08-24 12:45:26 - [TEST_STEP][PASSED] - symbol = symbol: null

2019-08-24 12:45:26 - [TEST_STEP][PASSED] - println(symbol): null

2019-08-24 12:45:26 - [TEST_STEP][PASSED] - if (i == 2 &amp;&amp; wildList.indexOf(symbol) != -1): null

2019-08-24 12:45:26 - [TEST_STEP][PASSED] - if (i == 3 &amp;&amp; wildList.indexOf(symbol) != -1): null

2019-08-24 12:45:26 - [TEST_STEP][PASSED] - if (i == 4 &amp;&amp; wildList.indexOf(symbol) != -1): null

2019-08-24 12:45:26 - [TEST_STEP][PASSED] - symbol = symbol: null

2019-08-24 12:45:26 - [TEST_STEP][PASSED] - println(symbol): null

2019-08-24 12:45:26 - [TEST_STEP][PASSED] - if (i == 2 &amp;&amp; wildList.indexOf(symbol) != -1): null

2019-08-24 12:45:26 - [TEST_STEP][PASSED] - if (i == 3 &amp;&amp; wildList.indexOf(symbol) != -1): null

2019-08-24 12:45:26 - [TEST_STEP][PASSED] - if (i == 4 &amp;&amp; wildList.indexOf(symbol) != -1): null

2019-08-24 12:45:26 - [TEST_STEP][PASSED] - symbols = symbols: null

2019-08-24 12:45:26 - [TEST_STEP][PASSED] - for ([j = 0, j &lt; symbols.size(), (j++)]): null

2019-08-24 12:45:26 - [TEST_STEP][PASSED] - symbol = symbol: null

2019-08-24 12:45:26 - [TEST_STEP][PASSED] - println(symbol): null

2019-08-24 12:45:26 - [TEST_STEP][PASSED] - if (i == 2 &amp;&amp; wildList.indexOf(symbol) != -1): null

2019-08-24 12:45:26 - [TEST_STEP][PASSED] - if (i == 3 &amp;&amp; wildList.indexOf(symbol) != -1): null

2019-08-24 12:45:26 - [TEST_STEP][PASSED] - if (i == 4 &amp;&amp; wildList.indexOf(symbol) != -1): null

2019-08-24 12:45:26 - [TEST_STEP][PASSED] - symbol = symbol: null

2019-08-24 12:45:26 - [TEST_STEP][PASSED] - println(symbol): null

2019-08-24 12:45:26 - [TEST_STEP][PASSED] - if (i == 2 &amp;&amp; wildList.indexOf(symbol) != -1): null

2019-08-24 12:45:26 - [TEST_STEP][PASSED] - if (i == 3 &amp;&amp; wildList.indexOf(symbol) != -1): null

2019-08-24 12:45:26 - [TEST_STEP][PASSED] - if (i == 4 &amp;&amp; wildList.indexOf(symbol) != -1): null

2019-08-24 12:45:26 - [TEST_STEP][PASSED] - symbol = symbol: null

2019-08-24 12:45:26 - [TEST_STEP][PASSED] - println(symbol): null

2019-08-24 12:45:26 - [TEST_STEP][PASSED] - if (i == 2 &amp;&amp; wildList.indexOf(symbol) != -1): null

2019-08-24 12:45:26 - [TEST_STEP][PASSED] - if (i == 3 &amp;&amp; wildList.indexOf(symbol) != -1): null

2019-08-24 12:45:26 - [TEST_STEP][PASSED] - if (i == 4 &amp;&amp; wildList.indexOf(symbol) != -1): null

2019-08-24 12:45:26 - [TEST_STEP][PASSED] - free_spin_reel_counter = free_spin_reel_counter: null

2019-08-24 12:45:26 - [TEST_STEP][PASSED] - println("reel 3 wild found: " + free_spin_reel_counter[0]): null

2019-08-24 12:45:26 - [TEST_STEP][PASSED] - println("reel 4 wild found: " + free_spin_reel_counter[1]): null

2019-08-24 12:45:26 - [TEST_STEP][PASSED] - println("reel 5 wild found: " + free_spin_reel_counter[2]): null

2019-08-24 12:45:26 - [TEST_STEP][PASSED] - M4_spin_reels = M4_spin_reels: null

2019-08-24 12:45:26 - [TEST_STEP][PASSED] - M4_spin_reels_symbols = symbol: null

2019-08-24 12:45:26 - [TEST_STEP][PASSED] - M4_spin_reels_symbols = M4_spin_reels_symbols: null

2019-08-24 12:45:26 - [TEST_STEP][PASSED] - M4_spin_reel_wins = reel_wins: null

2019-08-24 12:45:26 - [TEST_STEP][PASSED] - M4_spin_reel_wins = M4_spin_reel_wins: null

2019-08-24 12:45:26 - [TEST_STEP][PASSED] - println("GlobalVariable.M4_spin_reel_wins is: " + M4_spin_reel_wins): null

2019-08-24 12:45:26 - [TEST_STEP][PASSED] - M4_spin_total_bonus_win_this_round = total_bonus_win_this_round: null

2019-08-24 12:45:26 - [TEST_STEP][PASSED] - M4_spin_total_bonus_win_this_round = M4_spin_total_bonus_win_this_round: null

2019-08-24 12:45:26 - [TEST_STEP][PASSED] - println("GlobalVariable.M4_spin_total_bonus_win_this_round is: " + M4_spin_total_bonus_win_this_round): null

2019-08-24 12:45:26 - [TEST_STEP][PASSED] - M4_spin_bonus_spin_result = spin_result: null

2019-08-24 12:45:26 - [TEST_STEP][PASSED] - M4_spin_bonus_spin_result = M4_spin_bonus_spin_result: null

2019-08-24 12:45:26 - [MESSAGE][PASSED] - Verify response successfully

2019-08-24 12:45:26 - [MESSAGE][PASSED] - Send request and verify the response successfully

2019-08-24 12:45:26 - [TEST_STEP][PASSED] - if (M4_total_bonus_spins_int != 0 &amp;&amp; M4_spin_reels_symbols[2].contains("WILD_Double") || M4_spin_reels_symbols[4].contains("WILD_Triple")): null

2019-08-24 12:45:26 - [TEST_STEP][PASSED] - free_spin_reel_counter = free_spin_reel_counter: null

2019-08-24 12:45:26 - [TEST_STEP][PASSED] - M4_spin_reels_symbols = M4_spin_reels_symbols: null

2019-08-24 12:45:26 - [TEST_STEP][PASSED] - M4_total_bonus_spins = M4_total_bonus_spins: null

2019-08-24 12:45:26 - [TEST_STEP][PASSED] - spin_result = sendRequestAndVerify(findTestObject("INT/RGS(M4)/1_M4_spin", ["M4_login_user_id":M4_login_user_id, "rgs_session_token":rgs_session_token, "partner":Partner])): Send request and verify the response successfully

2019-08-24 12:45:27 - [MESSAGE][INFO] - HAR: /Users/eiralee/Katalon_Script/SuperWild/Reports/20190824_124242/INT/superWild_4/20190824_124242/requests/main/53.har

2019-08-24 12:45:27 - [TEST_CASE][PASSED] - Start Test Case : Verification: Verification accomplished successfully

2019-08-24 12:45:27 - [TEST_STEP][PASSED] - request = getInstance().getCurrentRequest(): null

2019-08-24 12:45:27 - [TEST_STEP][PASSED] - response = getInstance().getCurrentResponse(): null

2019-08-24 12:45:27 - [TEST_STEP][PASSED] - verifyResponseStatusCode(response, 200): Verify response status code successfully

2019-08-24 12:45:27 - [MESSAGE][PASSED] - Verify response status code successfully

2019-08-24 12:45:27 - [TEST_STEP][PASSED] - getStatusCode()).isEqualTo(200): null

2019-08-24 12:45:27 - [TEST_STEP][PASSED] - newline = System.getProperty("line.separator"): null

2019-08-24 12:45:27 - [TEST_STEP][PASSED] - M4_spin = new groovy.json.JsonSlurper(): null

2019-08-24 12:45:27 - [TEST_STEP][PASSED] - result_M4_spin = M4_spin.parseText(response.getResponseBodyContent()): null

2019-08-24 12:45:27 - [TEST_STEP][PASSED] - M4_spin_current_balance = current_balance: null

2019-08-24 12:45:27 - [TEST_STEP][PASSED] - M4_spin_current_balance = M4_spin_current_balance: null

2019-08-24 12:45:27 - [TEST_STEP][PASSED] - M4_spin_transaction_id = causality: null

2019-08-24 12:45:27 - [TEST_STEP][PASSED] - M4_spin_transaction_id = M4_spin_transaction_id: null

2019-08-24 12:45:27 - [TEST_STEP][PASSED] - M4_spin_round_id = round_id: null

2019-08-24 12:45:27 - [TEST_STEP][PASSED] - M4_spin_round_id = M4_spin_round_id: null

2019-08-24 12:45:27 - [TEST_STEP][PASSED] - M4_spin_line_wins = line_wins: null

2019-08-24 12:45:27 - [TEST_STEP][PASSED] - M4_spin_line_wins = M4_spin_line_wins: null

2019-08-24 12:45:27 - [TEST_STEP][PASSED] - M4_total_bonus_spins_int = total_bonus_spins: null

2019-08-24 12:45:27 - [TEST_STEP][PASSED] - println("******M4_total_bonus_spins type is:*******" + newline + getClass().getName()): null

2019-08-24 12:45:27 - [TEST_STEP][PASSED] - M4_total_bonus_spins_int = M4_total_bonus_spins_int: null

2019-08-24 12:45:27 - [TEST_STEP][PASSED] - M4_total_bonus_spins = Integer.toString(M4_total_bonus_spins_int): null

2019-08-24 12:45:27 - [TEST_STEP][PASSED] - M4_total_bonus_spins = M4_total_bonus_spins: null

2019-08-24 12:45:27 - [TEST_STEP][PASSED] - println("M4_total_bonus_spins is:" + M4_total_bonus_spins): null

2019-08-24 12:45:27 - [TEST_STEP][PASSED] - M4_spin_bonus_data = bonus_data: null

2019-08-24 12:45:27 - [TEST_STEP][PASSED] - M4_spin_features_triggered = result_M4_spin: null

2019-08-24 12:45:27 - [TEST_STEP][PASSED] - wild = []: null

2019-08-24 12:45:27 - [TEST_STEP][PASSED] - wild[0] = "WILD_Expanding": null

2019-08-24 12:45:27 - [TEST_STEP][PASSED] - wild[1] = "WILD_Normal": null

2019-08-24 12:45:27 - [TEST_STEP][PASSED] - wild[2] = "WILD_Double": null

2019-08-24 12:45:27 - [TEST_STEP][PASSED] - wild[3] = "WILD_ExtraFG": null

2019-08-24 12:45:27 - [TEST_STEP][PASSED] - wild[4] = "WILD_Triple": null

2019-08-24 12:45:27 - [TEST_STEP][PASSED] - wildList = Arrays.asList(wild): null

2019-08-24 12:45:27 - [TEST_STEP][PASSED] - wildList = wildList: null

2019-08-24 12:45:27 - [TEST_STEP][PASSED] - free_spin_reel_counter = []: null

2019-08-24 12:45:27 - [TEST_STEP][PASSED] - free_spin_reel_counter[0] = 0: null

2019-08-24 12:45:27 - [TEST_STEP][PASSED] - free_spin_reel_counter[1] = 0: null

2019-08-24 12:45:27 - [TEST_STEP][PASSED] - free_spin_reel_counter[2] = 0: null

2019-08-24 12:45:27 - [TEST_STEP][PASSED] - M4_spin_reels = reels: null

2019-08-24 12:45:27 - [TEST_STEP][PASSED] - for ([i = 0, i &lt; M4_spin_reels.size(), (i++)]): null

2019-08-24 12:45:27 - [TEST_STEP][PASSED] - symbols = symbols: null

2019-08-24 12:45:27 - [TEST_STEP][PASSED] - for ([j = 0, j &lt; symbols.size(), (j++)]): null

2019-08-24 12:45:27 - [TEST_STEP][PASSED] - symbol = symbol: null

2019-08-24 12:45:27 - [TEST_STEP][PASSED] - println(symbol): null

2019-08-24 12:45:27 - [TEST_STEP][PASSED] - if (i == 2 &amp;&amp; wildList.indexOf(symbol) != -1): null

2019-08-24 12:45:27 - [TEST_STEP][PASSED] - if (i == 3 &amp;&amp; wildList.indexOf(symbol) != -1): null

2019-08-24 12:45:27 - [TEST_STEP][PASSED] - if (i == 4 &amp;&amp; wildList.indexOf(symbol) != -1): null

2019-08-24 12:45:27 - [TEST_STEP][PASSED] - symbol = symbol: null

2019-08-24 12:45:27 - [TEST_STEP][PASSED] - println(symbol): null

2019-08-24 12:45:27 - [TEST_STEP][PASSED] - if (i == 2 &amp;&amp; wildList.indexOf(symbol) != -1): null

2019-08-24 12:45:27 - [TEST_STEP][PASSED] - if (i == 3 &amp;&amp; wildList.indexOf(symbol) != -1): null

2019-08-24 12:45:27 - [TEST_STEP][PASSED] - if (i == 4 &amp;&amp; wildList.indexOf(symbol) != -1): null

2019-08-24 12:45:27 - [TEST_STEP][PASSED] - symbol = symbol: null

2019-08-24 12:45:27 - [TEST_STEP][PASSED] - println(symbol): null

2019-08-24 12:45:27 - [TEST_STEP][PASSED] - if (i == 2 &amp;&amp; wildList.indexOf(symbol) != -1): null

2019-08-24 12:45:27 - [TEST_STEP][PASSED] - if (i == 3 &amp;&amp; wildList.indexOf(symbol) != -1): null

2019-08-24 12:45:27 - [TEST_STEP][PASSED] - if (i == 4 &amp;&amp; wildList.indexOf(symbol) != -1): null

2019-08-24 12:45:27 - [TEST_STEP][PASSED] - symbols = symbols: null

2019-08-24 12:45:27 - [TEST_STEP][PASSED] - for ([j = 0, j &lt; symbols.size(), (j++)]): null

2019-08-24 12:45:27 - [TEST_STEP][PASSED] - symbol = symbol: null

2019-08-24 12:45:27 - [TEST_STEP][PASSED] - println(symbol): null

2019-08-24 12:45:27 - [TEST_STEP][PASSED] - if (i == 2 &amp;&amp; wildList.indexOf(symbol) != -1): null

2019-08-24 12:45:27 - [TEST_STEP][PASSED] - if (i == 3 &amp;&amp; wildList.indexOf(symbol) != -1): null

2019-08-24 12:45:27 - [TEST_STEP][PASSED] - if (i == 4 &amp;&amp; wildList.indexOf(symbol) != -1): null

2019-08-24 12:45:27 - [TEST_STEP][PASSED] - symbol = symbol: null

2019-08-24 12:45:27 - [TEST_STEP][PASSED] - println(symbol): null

2019-08-24 12:45:27 - [TEST_STEP][PASSED] - if (i == 2 &amp;&amp; wildList.indexOf(symbol) != -1): null

2019-08-24 12:45:27 - [TEST_STEP][PASSED] - if (i == 3 &amp;&amp; wildList.indexOf(symbol) != -1): null

2019-08-24 12:45:27 - [TEST_STEP][PASSED] - if (i == 4 &amp;&amp; wildList.indexOf(symbol) != -1): null

2019-08-24 12:45:27 - [TEST_STEP][PASSED] - symbol = symbol: null

2019-08-24 12:45:27 - [TEST_STEP][PASSED] - println(symbol): null

2019-08-24 12:45:27 - [TEST_STEP][PASSED] - if (i == 2 &amp;&amp; wildList.indexOf(symbol) != -1): null

2019-08-24 12:45:27 - [TEST_STEP][PASSED] - if (i == 3 &amp;&amp; wildList.indexOf(symbol) != -1): null

2019-08-24 12:45:27 - [TEST_STEP][PASSED] - if (i == 4 &amp;&amp; wildList.indexOf(symbol) != -1): null

2019-08-24 12:45:27 - [TEST_STEP][PASSED] - symbols = symbols: null

2019-08-24 12:45:27 - [TEST_STEP][PASSED] - for ([j = 0, j &lt; symbols.size(), (j++)]): null

2019-08-24 12:45:27 - [TEST_STEP][PASSED] - symbol = symbol: null

2019-08-24 12:45:27 - [TEST_STEP][PASSED] - println(symbol): null

2019-08-24 12:45:27 - [TEST_STEP][PASSED] - if (i == 2 &amp;&amp; wildList.indexOf(symbol) != -1): null

2019-08-24 12:45:27 - [TEST_STEP][PASSED] - if (i == 3 &amp;&amp; wildList.indexOf(symbol) != -1): null

2019-08-24 12:45:27 - [TEST_STEP][PASSED] - if (i == 4 &amp;&amp; wildList.indexOf(symbol) != -1): null

2019-08-24 12:45:30 - [TEST_STEP][PASSED] - symbol = symbol: null

2019-08-24 12:45:30 - [TEST_STEP][PASSED] - println(symbol): null

2019-08-24 12:45:30 - [TEST_STEP][PASSED] - if (i == 2 &amp;&amp; wildList.indexOf(symbol) != -1): null

2019-08-24 12:45:30 - [TEST_STEP][PASSED] - if (i == 3 &amp;&amp; wildList.indexOf(symbol) != -1): null

2019-08-24 12:45:30 - [TEST_STEP][PASSED] - if (i == 4 &amp;&amp; wildList.indexOf(symbol) != -1): null

2019-08-24 12:45:30 - [TEST_STEP][PASSED] - symbol = symbol: null

2019-08-24 12:45:30 - [TEST_STEP][PASSED] - println(symbol): null

2019-08-24 12:45:30 - [TEST_STEP][PASSED] - if (i == 2 &amp;&amp; wildList.indexOf(symbol) != -1): null

2019-08-24 12:45:30 - [TEST_STEP][PASSED] - if (i == 3 &amp;&amp; wildList.indexOf(symbol) != -1): null

2019-08-24 12:45:30 - [TEST_STEP][PASSED] - if (i == 4 &amp;&amp; wildList.indexOf(symbol) != -1): null

2019-08-24 12:45:35 - [TEST_STEP][PASSED] - symbols = symbols: null

2019-08-24 12:45:35 - [TEST_STEP][PASSED] - for ([j = 0, j &lt; symbols.size(), (j++)]): null

2019-08-24 12:45:35 - [TEST_STEP][PASSED] - symbol = symbol: null

2019-08-24 12:45:35 - [TEST_STEP][PASSED] - println(symbol): null

2019-08-24 12:45:35 - [TEST_STEP][PASSED] - if (i == 2 &amp;&amp; wildList.indexOf(symbol) != -1): null

2019-08-24 12:45:40 - [TEST_STEP][PASSED] - if (i == 3 &amp;&amp; wildList.indexOf(symbol) != -1): null

2019-08-24 12:45:40 - [TEST_STEP][PASSED] - if (i == 4 &amp;&amp; wildList.indexOf(symbol) != -1): null

2019-08-24 12:45:40 - [TEST_STEP][PASSED] - symbol = symbol: null

2019-08-24 12:45:40 - [TEST_STEP][PASSED] - println(symbol): null

2019-08-24 12:45:40 - [TEST_STEP][PASSED] - if (i == 2 &amp;&amp; wildList.indexOf(symbol) != -1): null

2019-08-24 12:45:40 - [TEST_STEP][PASSED] - if (i == 3 &amp;&amp; wildList.indexOf(symbol) != -1): null

2019-08-24 12:45:40 - [TEST_STEP][PASSED] - println("wild found on reel 4, adding counter by 1"): null

2019-08-24 12:45:40 - [TEST_STEP][PASSED] - free_spin_reel_counter[1] = free_spin_reel_counter[1] + 1: null

2019-08-24 12:45:40 - [TEST_STEP][PASSED] - if (i == 4 &amp;&amp; wildList.indexOf(symbol) != -1): null

2019-08-24 12:45:40 - [TEST_STEP][PASSED] - symbol = symbol: null

2019-08-24 12:45:40 - [TEST_STEP][PASSED] - println(symbol): null

2019-08-24 12:45:41 - [TEST_STEP][PASSED] - if (i == 2 &amp;&amp; wildList.indexOf(symbol) != -1): null

2019-08-24 12:45:41 - [TEST_STEP][PASSED] - if (i == 3 &amp;&amp; wildList.indexOf(symbol) != -1): null

2019-08-24 12:45:41 - [TEST_STEP][PASSED] - if (i == 4 &amp;&amp; wildList.indexOf(symbol) != -1): null

2019-08-24 12:45:41 - [TEST_STEP][PASSED] - symbols = symbols: null

2019-08-24 12:45:41 - [TEST_STEP][PASSED] - for ([j = 0, j &lt; symbols.size(), (j++)]): null

2019-08-24 12:45:41 - [TEST_STEP][PASSED] - symbol = symbol: null

2019-08-24 12:45:41 - [TEST_STEP][PASSED] - println(symbol): null

2019-08-24 12:45:41 - [TEST_STEP][PASSED] - if (i == 2 &amp;&amp; wildList.indexOf(symbol) != -1): null

2019-08-24 12:45:41 - [TEST_STEP][PASSED] - if (i == 3 &amp;&amp; wildList.indexOf(symbol) != -1): null

2019-08-24 12:45:41 - [TEST_STEP][PASSED] - if (i == 4 &amp;&amp; wildList.indexOf(symbol) != -1): null

2019-08-24 12:45:41 - [TEST_STEP][PASSED] - symbol = symbol: null

2019-08-24 12:45:41 - [TEST_STEP][PASSED] - println(symbol): null

2019-08-24 12:45:41 - [TEST_STEP][PASSED] - if (i == 2 &amp;&amp; wildList.indexOf(symbol) != -1): null

2019-08-24 12:45:41 - [TEST_STEP][PASSED] - if (i == 3 &amp;&amp; wildList.indexOf(symbol) != -1): null

2019-08-24 12:45:41 - [TEST_STEP][PASSED] - if (i == 4 &amp;&amp; wildList.indexOf(symbol) != -1): null

2019-08-24 12:45:41 - [TEST_STEP][PASSED] - symbol = symbol: null

2019-08-24 12:45:41 - [TEST_STEP][PASSED] - println(symbol): null

2019-08-24 12:45:41 - [TEST_STEP][PASSED] - if (i == 2 &amp;&amp; wildList.indexOf(symbol) != -1): null

2019-08-24 12:45:41 - [TEST_STEP][PASSED] - if (i == 3 &amp;&amp; wildList.indexOf(symbol) != -1): null

2019-08-24 12:45:41 - [TEST_STEP][PASSED] - if (i == 4 &amp;&amp; wildList.indexOf(symbol) != -1): null

2019-08-24 12:45:41 - [TEST_STEP][PASSED] - println("wild found on reel 5, adding counter by 1"): null

2019-08-24 12:45:41 - [TEST_STEP][PASSED] - free_spin_reel_counter[2] = free_spin_reel_counter[2] + 1: null

2019-08-24 12:45:41 - [TEST_STEP][PASSED] - free_spin_reel_counter = free_spin_reel_counter: null

2019-08-24 12:45:41 - [TEST_STEP][PASSED] - println("reel 3 wild found: " + free_spin_reel_counter[0]): null

2019-08-24 12:45:41 - [TEST_STEP][PASSED] - println("reel 4 wild found: " + free_spin_reel_counter[1]): null

2019-08-24 12:45:41 - [TEST_STEP][PASSED] - println("reel 5 wild found: " + free_spin_reel_counter[2]): null

2019-08-24 12:45:41 - [TEST_STEP][PASSED] - M4_spin_reels = M4_spin_reels: null

2019-08-24 12:45:41 - [TEST_STEP][PASSED] - M4_spin_reels_symbols = symbol: null

2019-08-24 12:45:41 - [TEST_STEP][PASSED] - M4_spin_reels_symbols = M4_spin_reels_symbols: null

2019-08-24 12:45:41 - [TEST_STEP][PASSED] - M4_spin_reel_wins = reel_wins: null

2019-08-24 12:45:41 - [TEST_STEP][PASSED] - M4_spin_reel_wins = M4_spin_reel_wins: null

2019-08-24 12:45:41 - [TEST_STEP][PASSED] - println("GlobalVariable.M4_spin_reel_wins is: " + M4_spin_reel_wins): null

2019-08-24 12:45:41 - [TEST_STEP][PASSED] - M4_spin_total_bonus_win_this_round = total_bonus_win_this_round: null

2019-08-24 12:45:41 - [TEST_STEP][PASSED] - M4_spin_total_bonus_win_this_round = M4_spin_total_bonus_win_this_round: null

2019-08-24 12:45:41 - [TEST_STEP][PASSED] - println("GlobalVariable.M4_spin_total_bonus_win_this_round is: " + M4_spin_total_bonus_win_this_round): null

2019-08-24 12:45:41 - [TEST_STEP][PASSED] - M4_spin_bonus_spin_result = spin_result: null

2019-08-24 12:45:41 - [TEST_STEP][PASSED] - M4_spin_bonus_spin_result = M4_spin_bonus_spin_result: null

2019-08-24 12:45:41 - [MESSAGE][PASSED] - Verify response successfully

2019-08-24 12:45:41 - [MESSAGE][PASSED] - Send request and verify the response successfully

2019-08-24 12:45:41 - [TEST_STEP][PASSED] - if (M4_total_bonus_spins_int != 0 &amp;&amp; M4_spin_reels_symbols[2].contains("WILD_Double") || M4_spin_reels_symbols[4].contains("WILD_Triple")): null

2019-08-24 12:45:41 - [TEST_STEP][PASSED] - free_spin_reel_counter = free_spin_reel_counter: null

2019-08-24 12:45:41 - [TEST_STEP][PASSED] - M4_spin_reels_symbols = M4_spin_reels_symbols: null

2019-08-24 12:45:41 - [TEST_STEP][PASSED] - M4_total_bonus_spins = M4_total_bonus_spins: null

2019-08-24 12:45:41 - [TEST_STEP][PASSED] - spin_result = sendRequestAndVerify(findTestObject("INT/RGS(M4)/1_M4_spin", ["M4_login_user_id":M4_login_user_id, "rgs_session_token":rgs_session_token, "partner":Partner])): Send request and verify the response successfully

2019-08-24 12:45:41 - [MESSAGE][INFO] - HAR: /Users/eiralee/Katalon_Script/SuperWild/Reports/20190824_124242/INT/superWild_4/20190824_124242/requests/main/54.har

2019-08-24 12:45:41 - [TEST_CASE][PASSED] - Start Test Case : Verification: Verification accomplished successfully

2019-08-24 12:45:41 - [TEST_STEP][PASSED] - request = getInstance().getCurrentRequest(): null

2019-08-24 12:45:41 - [TEST_STEP][PASSED] - response = getInstance().getCurrentResponse(): null

2019-08-24 12:45:41 - [TEST_STEP][PASSED] - verifyResponseStatusCode(response, 200): Verify response status code successfully

2019-08-24 12:45:41 - [MESSAGE][PASSED] - Verify response status code successfully

2019-08-24 12:45:41 - [TEST_STEP][PASSED] - getStatusCode()).isEqualTo(200): null

2019-08-24 12:45:41 - [TEST_STEP][PASSED] - newline = System.getProperty("line.separator"): null

2019-08-24 12:45:41 - [TEST_STEP][PASSED] - M4_spin = new groovy.json.JsonSlurper(): null

2019-08-24 12:45:41 - [TEST_STEP][PASSED] - result_M4_spin = M4_spin.parseText(response.getResponseBodyContent()): null

2019-08-24 12:45:41 - [TEST_STEP][PASSED] - M4_spin_current_balance = current_balance: null

2019-08-24 12:45:41 - [TEST_STEP][PASSED] - M4_spin_current_balance = M4_spin_current_balance: null

2019-08-24 12:45:41 - [TEST_STEP][PASSED] - M4_spin_transaction_id = causality: null

2019-08-24 12:45:41 - [TEST_STEP][PASSED] - M4_spin_transaction_id = M4_spin_transaction_id: null

2019-08-24 12:45:41 - [TEST_STEP][PASSED] - M4_spin_round_id = round_id: null

2019-08-24 12:45:41 - [TEST_STEP][PASSED] - M4_spin_round_id = M4_spin_round_id: null

2019-08-24 12:45:41 - [TEST_STEP][PASSED] - M4_spin_line_wins = line_wins: null

2019-08-24 12:45:41 - [TEST_STEP][PASSED] - M4_spin_line_wins = M4_spin_line_wins: null

2019-08-24 12:45:41 - [TEST_STEP][PASSED] - M4_total_bonus_spins_int = total_bonus_spins: null

2019-08-24 12:45:41 - [TEST_STEP][PASSED] - println("******M4_total_bonus_spins type is:*******" + newline + getClass().getName()): null

2019-08-24 12:45:41 - [TEST_STEP][PASSED] - M4_total_bonus_spins_int = M4_total_bonus_spins_int: null

2019-08-24 12:45:41 - [TEST_STEP][PASSED] - M4_total_bonus_spins = Integer.toString(M4_total_bonus_spins_int): null

2019-08-24 12:45:41 - [TEST_STEP][PASSED] - M4_total_bonus_spins = M4_total_bonus_spins: null

2019-08-24 12:45:41 - [TEST_STEP][PASSED] - println("M4_total_bonus_spins is:" + M4_total_bonus_spins): null

2019-08-24 12:45:41 - [TEST_STEP][PASSED] - M4_spin_bonus_data = bonus_data: null

2019-08-24 12:45:41 - [TEST_STEP][PASSED] - M4_spin_features_triggered = result_M4_spin: null

2019-08-24 12:45:41 - [TEST_STEP][PASSED] - wild = []: null

2019-08-24 12:45:41 - [TEST_STEP][PASSED] - wild[0] = "WILD_Expanding": null

2019-08-24 12:45:41 - [TEST_STEP][PASSED] - wild[1] = "WILD_Normal": null

2019-08-24 12:45:41 - [TEST_STEP][PASSED] - wild[2] = "WILD_Double": null

2019-08-24 12:45:41 - [TEST_STEP][PASSED] - wild[3] = "WILD_ExtraFG": null

2019-08-24 12:45:41 - [TEST_STEP][PASSED] - wild[4] = "WILD_Triple": null

2019-08-24 12:45:41 - [TEST_STEP][PASSED] - wildList = Arrays.asList(wild): null

2019-08-24 12:45:41 - [TEST_STEP][PASSED] - wildList = wildList: null

2019-08-24 12:45:41 - [TEST_STEP][PASSED] - free_spin_reel_counter = []: null

2019-08-24 12:45:41 - [TEST_STEP][PASSED] - free_spin_reel_counter[0] = 0: null

2019-08-24 12:45:41 - [TEST_STEP][PASSED] - free_spin_reel_counter[1] = 0: null

2019-08-24 12:45:41 - [TEST_STEP][PASSED] - free_spin_reel_counter[2] = 0: null

2019-08-24 12:45:41 - [TEST_STEP][PASSED] - M4_spin_reels = reels: null

2019-08-24 12:45:41 - [TEST_STEP][PASSED] - for ([i = 0, i &lt; M4_spin_reels.size(), (i++)]): null

2019-08-24 12:45:41 - [TEST_STEP][PASSED] - symbols = symbols: null

2019-08-24 12:45:41 - [TEST_STEP][PASSED] - for ([j = 0, j &lt; symbols.size(), (j++)]): null

2019-08-24 12:45:41 - [TEST_STEP][PASSED] - symbol = symbol: null

2019-08-24 12:45:41 - [TEST_STEP][PASSED] - println(symbol): null

2019-08-24 12:45:41 - [TEST_STEP][PASSED] - if (i == 2 &amp;&amp; wildList.indexOf(symbol) != -1): null

2019-08-24 12:45:41 - [TEST_STEP][PASSED] - if (i == 3 &amp;&amp; wildList.indexOf(symbol) != -1): null

2019-08-24 12:45:41 - [TEST_STEP][PASSED] - if (i == 4 &amp;&amp; wildList.indexOf(symbol) != -1): null

2019-08-24 12:45:41 - [TEST_STEP][PASSED] - symbol = symbol: null

2019-08-24 12:45:41 - [TEST_STEP][PASSED] - println(symbol): null

2019-08-24 12:45:41 - [TEST_STEP][PASSED] - if (i == 2 &amp;&amp; wildList.indexOf(symbol) != -1): null

2019-08-24 12:45:41 - [TEST_STEP][PASSED] - if (i == 3 &amp;&amp; wildList.indexOf(symbol) != -1): null

2019-08-24 12:45:41 - [TEST_STEP][PASSED] - if (i == 4 &amp;&amp; wildList.indexOf(symbol) != -1): null

2019-08-24 12:45:41 - [TEST_STEP][PASSED] - symbol = symbol: null

2019-08-24 12:45:41 - [TEST_STEP][PASSED] - println(symbol): null

2019-08-24 12:45:41 - [TEST_STEP][PASSED] - if (i == 2 &amp;&amp; wildList.indexOf(symbol) != -1): null

2019-08-24 12:45:41 - [TEST_STEP][PASSED] - if (i == 3 &amp;&amp; wildList.indexOf(symbol) != -1): null

2019-08-24 12:45:41 - [TEST_STEP][PASSED] - if (i == 4 &amp;&amp; wildList.indexOf(symbol) != -1): null

2019-08-24 12:45:41 - [TEST_STEP][PASSED] - symbols = symbols: null

2019-08-24 12:45:41 - [TEST_STEP][PASSED] - for ([j = 0, j &lt; symbols.size(), (j++)]): null

2019-08-24 12:45:41 - [TEST_STEP][PASSED] - symbol = symbol: null

2019-08-24 12:45:41 - [TEST_STEP][PASSED] - println(symbol): null

2019-08-24 12:45:41 - [TEST_STEP][PASSED] - if (i == 2 &amp;&amp; wildList.indexOf(symbol) != -1): null

2019-08-24 12:45:41 - [TEST_STEP][PASSED] - if (i == 3 &amp;&amp; wildList.indexOf(symbol) != -1): null

2019-08-24 12:45:41 - [TEST_STEP][PASSED] - if (i == 4 &amp;&amp; wildList.indexOf(symbol) != -1): null

2019-08-24 12:45:41 - [TEST_STEP][PASSED] - symbol = symbol: null

2019-08-24 12:45:41 - [TEST_STEP][PASSED] - println(symbol): null

2019-08-24 12:45:41 - [TEST_STEP][PASSED] - if (i == 2 &amp;&amp; wildList.indexOf(symbol) != -1): null

2019-08-24 12:45:41 - [TEST_STEP][PASSED] - if (i == 3 &amp;&amp; wildList.indexOf(symbol) != -1): null

2019-08-24 12:45:41 - [TEST_STEP][PASSED] - if (i == 4 &amp;&amp; wildList.indexOf(symbol) != -1): null

2019-08-24 12:45:41 - [TEST_STEP][PASSED] - symbol = symbol: null

2019-08-24 12:45:41 - [TEST_STEP][PASSED] - println(symbol): null

2019-08-24 12:45:41 - [TEST_STEP][PASSED] - if (i == 2 &amp;&amp; wildList.indexOf(symbol) != -1): null

2019-08-24 12:45:41 - [TEST_STEP][PASSED] - if (i == 3 &amp;&amp; wildList.indexOf(symbol) != -1): null

2019-08-24 12:45:41 - [TEST_STEP][PASSED] - if (i == 4 &amp;&amp; wildList.indexOf(symbol) != -1): null

2019-08-24 12:45:41 - [TEST_STEP][PASSED] - symbols = symbols: null

2019-08-24 12:45:41 - [TEST_STEP][PASSED] - for ([j = 0, j &lt; symbols.size(), (j++)]): null

2019-08-24 12:45:41 - [TEST_STEP][PASSED] - symbol = symbol: null

2019-08-24 12:45:41 - [TEST_STEP][PASSED] - println(symbol): null

2019-08-24 12:45:41 - [TEST_STEP][PASSED] - if (i == 2 &amp;&amp; wildList.indexOf(symbol) != -1): null

2019-08-24 12:45:41 - [TEST_STEP][PASSED] - if (i == 3 &amp;&amp; wildList.indexOf(symbol) != -1): null

2019-08-24 12:45:41 - [TEST_STEP][PASSED] - if (i == 4 &amp;&amp; wildList.indexOf(symbol) != -1): null

2019-08-24 12:45:41 - [TEST_STEP][PASSED] - symbol = symbol: null

2019-08-24 12:45:41 - [TEST_STEP][PASSED] - println(symbol): null

2019-08-24 12:45:41 - [TEST_STEP][PASSED] - if (i == 2 &amp;&amp; wildList.indexOf(symbol) != -1): null

2019-08-24 12:45:41 - [TEST_STEP][PASSED] - if (i == 3 &amp;&amp; wildList.indexOf(symbol) != -1): null

2019-08-24 12:45:41 - [TEST_STEP][PASSED] - if (i == 4 &amp;&amp; wildList.indexOf(symbol) != -1): null

2019-08-24 12:45:41 - [TEST_STEP][PASSED] - symbol = symbol: null

2019-08-24 12:45:41 - [TEST_STEP][PASSED] - println(symbol): null

2019-08-24 12:45:41 - [TEST_STEP][PASSED] - if (i == 2 &amp;&amp; wildList.indexOf(symbol) != -1): null

2019-08-24 12:45:41 - [TEST_STEP][PASSED] - if (i == 3 &amp;&amp; wildList.indexOf(symbol) != -1): null

2019-08-24 12:45:41 - [TEST_STEP][PASSED] - if (i == 4 &amp;&amp; wildList.indexOf(symbol) != -1): null

2019-08-24 12:45:41 - [TEST_STEP][PASSED] - symbols = symbols: null

2019-08-24 12:45:41 - [TEST_STEP][PASSED] - for ([j = 0, j &lt; symbols.size(), (j++)]): null

2019-08-24 12:45:41 - [TEST_STEP][PASSED] - symbol = symbol: null

2019-08-24 12:45:41 - [TEST_STEP][PASSED] - println(symbol): null

2019-08-24 12:45:41 - [TEST_STEP][PASSED] - if (i == 2 &amp;&amp; wildList.indexOf(symbol) != -1): null

2019-08-24 12:45:41 - [TEST_STEP][PASSED] - if (i == 3 &amp;&amp; wildList.indexOf(symbol) != -1): null

2019-08-24 12:45:41 - [TEST_STEP][PASSED] - println("wild found on reel 4, adding counter by 1"): null

2019-08-24 12:45:41 - [TEST_STEP][PASSED] - free_spin_reel_counter[1] = free_spin_reel_counter[1] + 1: null

2019-08-24 12:45:41 - [TEST_STEP][PASSED] - if (i == 4 &amp;&amp; wildList.indexOf(symbol) != -1): null

2019-08-24 12:45:41 - [TEST_STEP][PASSED] - symbol = symbol: null

2019-08-24 12:45:41 - [TEST_STEP][PASSED] - println(symbol): null

2019-08-24 12:45:41 - [TEST_STEP][PASSED] - if (i == 2 &amp;&amp; wildList.indexOf(symbol) != -1): null

2019-08-24 12:45:41 - [TEST_STEP][PASSED] - if (i == 3 &amp;&amp; wildList.indexOf(symbol) != -1): null

2019-08-24 12:45:41 - [TEST_STEP][PASSED] - if (i == 4 &amp;&amp; wildList.indexOf(symbol) != -1): null

2019-08-24 12:45:41 - [TEST_STEP][PASSED] - symbol = symbol: null

2019-08-24 12:45:41 - [TEST_STEP][PASSED] - println(symbol): null

2019-08-24 12:45:41 - [TEST_STEP][PASSED] - if (i == 2 &amp;&amp; wildList.indexOf(symbol) != -1): null

2019-08-24 12:45:41 - [TEST_STEP][PASSED] - if (i == 3 &amp;&amp; wildList.indexOf(symbol) != -1): null

2019-08-24 12:45:41 - [TEST_STEP][PASSED] - if (i == 4 &amp;&amp; wildList.indexOf(symbol) != -1): null

2019-08-24 12:45:41 - [TEST_STEP][PASSED] - symbols = symbols: null

2019-08-24 12:45:41 - [TEST_STEP][PASSED] - for ([j = 0, j &lt; symbols.size(), (j++)]): null

2019-08-24 12:45:41 - [TEST_STEP][PASSED] - symbol = symbol: null

2019-08-24 12:45:41 - [TEST_STEP][PASSED] - println(symbol): null

2019-08-24 12:45:41 - [TEST_STEP][PASSED] - if (i == 2 &amp;&amp; wildList.indexOf(symbol) != -1): null

2019-08-24 12:45:41 - [TEST_STEP][PASSED] - if (i == 3 &amp;&amp; wildList.indexOf(symbol) != -1): null

2019-08-24 12:45:41 - [TEST_STEP][PASSED] - if (i == 4 &amp;&amp; wildList.indexOf(symbol) != -1): null

2019-08-24 12:45:41 - [TEST_STEP][PASSED] - symbol = symbol: null

2019-08-24 12:45:41 - [TEST_STEP][PASSED] - println(symbol): null

2019-08-24 12:45:41 - [TEST_STEP][PASSED] - if (i == 2 &amp;&amp; wildList.indexOf(symbol) != -1): null

2019-08-24 12:45:41 - [TEST_STEP][PASSED] - if (i == 3 &amp;&amp; wildList.indexOf(symbol) != -1): null

2019-08-24 12:45:41 - [TEST_STEP][PASSED] - if (i == 4 &amp;&amp; wildList.indexOf(symbol) != -1): null

2019-08-24 12:45:41 - [TEST_STEP][PASSED] - symbol = symbol: null

2019-08-24 12:45:41 - [TEST_STEP][PASSED] - println(symbol): null

2019-08-24 12:45:41 - [TEST_STEP][PASSED] - if (i == 2 &amp;&amp; wildList.indexOf(symbol) != -1): null

2019-08-24 12:45:41 - [TEST_STEP][PASSED] - if (i == 3 &amp;&amp; wildList.indexOf(symbol) != -1): null

2019-08-24 12:45:41 - [TEST_STEP][PASSED] - if (i == 4 &amp;&amp; wildList.indexOf(symbol) != -1): null

2019-08-24 12:45:41 - [TEST_STEP][PASSED] - free_spin_reel_counter = free_spin_reel_counter: null

2019-08-24 12:45:41 - [TEST_STEP][PASSED] - println("reel 3 wild found: " + free_spin_reel_counter[0]): null

2019-08-24 12:45:41 - [TEST_STEP][PASSED] - println("reel 4 wild found: " + free_spin_reel_counter[1]): null

2019-08-24 12:45:41 - [TEST_STEP][PASSED] - println("reel 5 wild found: " + free_spin_reel_counter[2]): null

2019-08-24 12:45:41 - [TEST_STEP][PASSED] - M4_spin_reels = M4_spin_reels: null

2019-08-24 12:45:41 - [TEST_STEP][PASSED] - M4_spin_reels_symbols = symbol: null

2019-08-24 12:45:41 - [TEST_STEP][PASSED] - M4_spin_reels_symbols = M4_spin_reels_symbols: null

2019-08-24 12:45:41 - [TEST_STEP][PASSED] - M4_spin_reel_wins = reel_wins: null

2019-08-24 12:45:41 - [TEST_STEP][PASSED] - M4_spin_reel_wins = M4_spin_reel_wins: null

2019-08-24 12:45:41 - [TEST_STEP][PASSED] - println("GlobalVariable.M4_spin_reel_wins is: " + M4_spin_reel_wins): null

2019-08-24 12:45:41 - [TEST_STEP][PASSED] - M4_spin_total_bonus_win_this_round = total_bonus_win_this_round: null

2019-08-24 12:45:41 - [TEST_STEP][PASSED] - M4_spin_total_bonus_win_this_round = M4_spin_total_bonus_win_this_round: null

2019-08-24 12:45:41 - [TEST_STEP][PASSED] - println("GlobalVariable.M4_spin_total_bonus_win_this_round is: " + M4_spin_total_bonus_win_this_round): null

2019-08-24 12:45:41 - [TEST_STEP][PASSED] - M4_spin_bonus_spin_result = spin_result: null

2019-08-24 12:45:41 - [TEST_STEP][PASSED] - M4_spin_bonus_spin_result = M4_spin_bonus_spin_result: null

2019-08-24 12:45:41 - [MESSAGE][PASSED] - Verify response successfully

2019-08-24 12:45:41 - [MESSAGE][PASSED] - Send request and verify the response successfully

2019-08-24 12:45:41 - [TEST_STEP][PASSED] - if (M4_total_bonus_spins_int != 0 &amp;&amp; M4_spin_reels_symbols[2].contains("WILD_Double") || M4_spin_reels_symbols[4].contains("WILD_Triple")): null

2019-08-24 12:45:41 - [TEST_STEP][PASSED] - free_spin_reel_counter = free_spin_reel_counter: null

2019-08-24 12:45:41 - [TEST_STEP][PASSED] - M4_spin_reels_symbols = M4_spin_reels_symbols: null

2019-08-24 12:45:41 - [TEST_STEP][PASSED] - M4_total_bonus_spins = M4_total_bonus_spins: null

2019-08-24 12:45:41 - [TEST_STEP][PASSED] - spin_result = sendRequestAndVerify(findTestObject("INT/RGS(M4)/1_M4_spin", ["M4_login_user_id":M4_login_user_id, "rgs_session_token":rgs_session_token, "partner":Partner])): Send request and verify the response successfully

2019-08-24 12:45:42 - [MESSAGE][INFO] - HAR: /Users/eiralee/Katalon_Script/SuperWild/Reports/20190824_124242/INT/superWild_4/20190824_124242/requests/main/55.har

2019-08-24 12:45:42 - [TEST_CASE][PASSED] - Start Test Case : Verification: Verification accomplished successfully

2019-08-24 12:45:42 - [TEST_STEP][PASSED] - request = getInstance().getCurrentRequest(): null

2019-08-24 12:45:42 - [TEST_STEP][PASSED] - response = getInstance().getCurrentResponse(): null

2019-08-24 12:45:42 - [TEST_STEP][PASSED] - verifyResponseStatusCode(response, 200): Verify response status code successfully

2019-08-24 12:45:42 - [MESSAGE][PASSED] - Verify response status code successfully

2019-08-24 12:45:42 - [TEST_STEP][PASSED] - getStatusCode()).isEqualTo(200): null

2019-08-24 12:45:42 - [TEST_STEP][PASSED] - newline = System.getProperty("line.separator"): null

2019-08-24 12:45:42 - [TEST_STEP][PASSED] - M4_spin = new groovy.json.JsonSlurper(): null

2019-08-24 12:45:42 - [TEST_STEP][PASSED] - result_M4_spin = M4_spin.parseText(response.getResponseBodyContent()): null

2019-08-24 12:45:42 - [TEST_STEP][PASSED] - M4_spin_current_balance = current_balance: null

2019-08-24 12:45:42 - [TEST_STEP][PASSED] - M4_spin_current_balance = M4_spin_current_balance: null

2019-08-24 12:45:42 - [TEST_STEP][PASSED] - M4_spin_transaction_id = causality: null

2019-08-24 12:45:42 - [TEST_STEP][PASSED] - M4_spin_transaction_id = M4_spin_transaction_id: null

2019-08-24 12:45:42 - [TEST_STEP][PASSED] - M4_spin_round_id = round_id: null

2019-08-24 12:45:42 - [TEST_STEP][PASSED] - M4_spin_round_id = M4_spin_round_id: null

2019-08-24 12:45:42 - [TEST_STEP][PASSED] - M4_spin_line_wins = line_wins: null

2019-08-24 12:45:42 - [TEST_STEP][PASSED] - M4_spin_line_wins = M4_spin_line_wins: null

2019-08-24 12:45:42 - [TEST_STEP][PASSED] - M4_total_bonus_spins_int = total_bonus_spins: null

2019-08-24 12:45:42 - [TEST_STEP][PASSED] - println("******M4_total_bonus_spins type is:*******" + newline + getClass().getName()): null

2019-08-24 12:45:42 - [TEST_STEP][PASSED] - M4_total_bonus_spins_int = M4_total_bonus_spins_int: null

2019-08-24 12:45:42 - [TEST_STEP][PASSED] - M4_total_bonus_spins = Integer.toString(M4_total_bonus_spins_int): null

2019-08-24 12:45:42 - [TEST_STEP][PASSED] - M4_total_bonus_spins = M4_total_bonus_spins: null

2019-08-24 12:45:42 - [TEST_STEP][PASSED] - println("M4_total_bonus_spins is:" + M4_total_bonus_spins): null

2019-08-24 12:45:42 - [TEST_STEP][PASSED] - M4_spin_bonus_data = bonus_data: null

2019-08-24 12:45:42 - [TEST_STEP][PASSED] - M4_spin_features_triggered = result_M4_spin: null

2019-08-24 12:45:42 - [TEST_STEP][PASSED] - wild = []: null

2019-08-24 12:45:42 - [TEST_STEP][PASSED] - wild[0] = "WILD_Expanding": null

2019-08-24 12:45:42 - [TEST_STEP][PASSED] - wild[1] = "WILD_Normal": null

2019-08-24 12:45:42 - [TEST_STEP][PASSED] - wild[2] = "WILD_Double": null

2019-08-24 12:45:42 - [TEST_STEP][PASSED] - wild[3] = "WILD_ExtraFG": null

2019-08-24 12:45:42 - [TEST_STEP][PASSED] - wild[4] = "WILD_Triple": null

2019-08-24 12:45:42 - [TEST_STEP][PASSED] - wildList = Arrays.asList(wild): null

2019-08-24 12:45:42 - [TEST_STEP][PASSED] - wildList = wildList: null

2019-08-24 12:45:42 - [TEST_STEP][PASSED] - free_spin_reel_counter = []: null

2019-08-24 12:45:42 - [TEST_STEP][PASSED] - free_spin_reel_counter[0] = 0: null

2019-08-24 12:45:42 - [TEST_STEP][PASSED] - free_spin_reel_counter[1] = 0: null

2019-08-24 12:45:42 - [TEST_STEP][PASSED] - free_spin_reel_counter[2] = 0: null

2019-08-24 12:45:42 - [TEST_STEP][PASSED] - M4_spin_reels = reels: null

2019-08-24 12:45:42 - [TEST_STEP][PASSED] - for ([i = 0, i &lt; M4_spin_reels.size(), (i++)]): null

2019-08-24 12:45:42 - [TEST_STEP][PASSED] - symbols = symbols: null

2019-08-24 12:45:42 - [TEST_STEP][PASSED] - for ([j = 0, j &lt; symbols.size(), (j++)]): null

2019-08-24 12:45:42 - [TEST_STEP][PASSED] - symbol = symbol: null

2019-08-24 12:45:42 - [TEST_STEP][PASSED] - println(symbol): null

2019-08-24 12:45:42 - [TEST_STEP][PASSED] - if (i == 2 &amp;&amp; wildList.indexOf(symbol) != -1): null

2019-08-24 12:45:42 - [TEST_STEP][PASSED] - if (i == 3 &amp;&amp; wildList.indexOf(symbol) != -1): null

2019-08-24 12:45:42 - [TEST_STEP][PASSED] - if (i == 4 &amp;&amp; wildList.indexOf(symbol) != -1): null

2019-08-24 12:45:42 - [TEST_STEP][PASSED] - symbol = symbol: null

2019-08-24 12:45:42 - [TEST_STEP][PASSED] - println(symbol): null

2019-08-24 12:45:42 - [TEST_STEP][PASSED] - if (i == 2 &amp;&amp; wildList.indexOf(symbol) != -1): null

2019-08-24 12:45:42 - [TEST_STEP][PASSED] - if (i == 3 &amp;&amp; wildList.indexOf(symbol) != -1): null

2019-08-24 12:45:42 - [TEST_STEP][PASSED] - if (i == 4 &amp;&amp; wildList.indexOf(symbol) != -1): null

2019-08-24 12:45:42 - [TEST_STEP][PASSED] - symbol = symbol: null

2019-08-24 12:45:42 - [TEST_STEP][PASSED] - println(symbol): null

2019-08-24 12:45:42 - [TEST_STEP][PASSED] - if (i == 2 &amp;&amp; wildList.indexOf(symbol) != -1): null

2019-08-24 12:45:42 - [TEST_STEP][PASSED] - if (i == 3 &amp;&amp; wildList.indexOf(symbol) != -1): null

2019-08-24 12:45:42 - [TEST_STEP][PASSED] - if (i == 4 &amp;&amp; wildList.indexOf(symbol) != -1): null

2019-08-24 12:45:42 - [TEST_STEP][PASSED] - symbols = symbols: null

2019-08-24 12:45:42 - [TEST_STEP][PASSED] - for ([j = 0, j &lt; symbols.size(), (j++)]): null

2019-08-24 12:45:42 - [TEST_STEP][PASSED] - symbol = symbol: null

2019-08-24 12:45:42 - [TEST_STEP][PASSED] - println(symbol): null

2019-08-24 12:45:42 - [TEST_STEP][PASSED] - if (i == 2 &amp;&amp; wildList.indexOf(symbol) != -1): null

2019-08-24 12:45:42 - [TEST_STEP][PASSED] - if (i == 3 &amp;&amp; wildList.indexOf(symbol) != -1): null

2019-08-24 12:45:42 - [TEST_STEP][PASSED] - if (i == 4 &amp;&amp; wildList.indexOf(symbol) != -1): null

2019-08-24 12:45:42 - [TEST_STEP][PASSED] - symbol = symbol: null

2019-08-24 12:45:42 - [TEST_STEP][PASSED] - println(symbol): null

2019-08-24 12:45:42 - [TEST_STEP][PASSED] - if (i == 2 &amp;&amp; wildList.indexOf(symbol) != -1): null

2019-08-24 12:45:42 - [TEST_STEP][PASSED] - if (i == 3 &amp;&amp; wildList.indexOf(symbol) != -1): null

2019-08-24 12:45:42 - [TEST_STEP][PASSED] - if (i == 4 &amp;&amp; wildList.indexOf(symbol) != -1): null

2019-08-24 12:45:42 - [TEST_STEP][PASSED] - symbol = symbol: null

2019-08-24 12:45:42 - [TEST_STEP][PASSED] - println(symbol): null

2019-08-24 12:45:42 - [TEST_STEP][PASSED] - if (i == 2 &amp;&amp; wildList.indexOf(symbol) != -1): null

2019-08-24 12:45:42 - [TEST_STEP][PASSED] - if (i == 3 &amp;&amp; wildList.indexOf(symbol) != -1): null

2019-08-24 12:45:42 - [TEST_STEP][PASSED] - if (i == 4 &amp;&amp; wildList.indexOf(symbol) != -1): null

2019-08-24 12:45:42 - [TEST_STEP][PASSED] - symbols = symbols: null

2019-08-24 12:45:42 - [TEST_STEP][PASSED] - for ([j = 0, j &lt; symbols.size(), (j++)]): null

2019-08-24 12:45:42 - [TEST_STEP][PASSED] - symbol = symbol: null

2019-08-24 12:45:42 - [TEST_STEP][PASSED] - println(symbol): null

2019-08-24 12:45:42 - [TEST_STEP][PASSED] - if (i == 2 &amp;&amp; wildList.indexOf(symbol) != -1): null

2019-08-24 12:45:42 - [TEST_STEP][PASSED] - if (i == 3 &amp;&amp; wildList.indexOf(symbol) != -1): null

2019-08-24 12:45:42 - [TEST_STEP][PASSED] - if (i == 4 &amp;&amp; wildList.indexOf(symbol) != -1): null

2019-08-24 12:45:42 - [TEST_STEP][PASSED] - symbol = symbol: null

2019-08-24 12:45:42 - [TEST_STEP][PASSED] - println(symbol): null

2019-08-24 12:45:42 - [TEST_STEP][PASSED] - if (i == 2 &amp;&amp; wildList.indexOf(symbol) != -1): null

2019-08-24 12:45:42 - [TEST_STEP][PASSED] - if (i == 3 &amp;&amp; wildList.indexOf(symbol) != -1): null

2019-08-24 12:45:42 - [TEST_STEP][PASSED] - if (i == 4 &amp;&amp; wildList.indexOf(symbol) != -1): null

2019-08-24 12:45:42 - [TEST_STEP][PASSED] - symbol = symbol: null

2019-08-24 12:45:42 - [TEST_STEP][PASSED] - println(symbol): null

2019-08-24 12:45:42 - [TEST_STEP][PASSED] - if (i == 2 &amp;&amp; wildList.indexOf(symbol) != -1): null

2019-08-24 12:45:42 - [TEST_STEP][PASSED] - if (i == 3 &amp;&amp; wildList.indexOf(symbol) != -1): null

2019-08-24 12:45:42 - [TEST_STEP][PASSED] - if (i == 4 &amp;&amp; wildList.indexOf(symbol) != -1): null

2019-08-24 12:45:42 - [TEST_STEP][PASSED] - symbols = symbols: null

2019-08-24 12:45:42 - [TEST_STEP][PASSED] - for ([j = 0, j &lt; symbols.size(), (j++)]): null

2019-08-24 12:45:42 - [TEST_STEP][PASSED] - symbol = symbol: null

2019-08-24 12:45:42 - [TEST_STEP][PASSED] - println(symbol): null

2019-08-24 12:45:42 - [TEST_STEP][PASSED] - if (i == 2 &amp;&amp; wildList.indexOf(symbol) != -1): null

2019-08-24 12:45:42 - [TEST_STEP][PASSED] - if (i == 3 &amp;&amp; wildList.indexOf(symbol) != -1): null

2019-08-24 12:45:42 - [TEST_STEP][PASSED] - if (i == 4 &amp;&amp; wildList.indexOf(symbol) != -1): null

2019-08-24 12:45:42 - [TEST_STEP][PASSED] - symbol = symbol: null

2019-08-24 12:45:42 - [TEST_STEP][PASSED] - println(symbol): null

2019-08-24 12:45:42 - [TEST_STEP][PASSED] - if (i == 2 &amp;&amp; wildList.indexOf(symbol) != -1): null

2019-08-24 12:45:42 - [TEST_STEP][PASSED] - if (i == 3 &amp;&amp; wildList.indexOf(symbol) != -1): null

2019-08-24 12:45:42 - [TEST_STEP][PASSED] - if (i == 4 &amp;&amp; wildList.indexOf(symbol) != -1): null

2019-08-24 12:45:42 - [TEST_STEP][PASSED] - symbol = symbol: null

2019-08-24 12:45:42 - [TEST_STEP][PASSED] - println(symbol): null

2019-08-24 12:45:42 - [TEST_STEP][PASSED] - if (i == 2 &amp;&amp; wildList.indexOf(symbol) != -1): null

2019-08-24 12:45:42 - [TEST_STEP][PASSED] - if (i == 3 &amp;&amp; wildList.indexOf(symbol) != -1): null

2019-08-24 12:45:42 - [TEST_STEP][PASSED] - if (i == 4 &amp;&amp; wildList.indexOf(symbol) != -1): null

2019-08-24 12:45:42 - [TEST_STEP][PASSED] - symbols = symbols: null

2019-08-24 12:45:42 - [TEST_STEP][PASSED] - for ([j = 0, j &lt; symbols.size(), (j++)]): null

2019-08-24 12:45:42 - [TEST_STEP][PASSED] - symbol = symbol: null

2019-08-24 12:45:42 - [TEST_STEP][PASSED] - println(symbol): null

2019-08-24 12:45:42 - [TEST_STEP][PASSED] - if (i == 2 &amp;&amp; wildList.indexOf(symbol) != -1): null

2019-08-24 12:45:42 - [TEST_STEP][PASSED] - if (i == 3 &amp;&amp; wildList.indexOf(symbol) != -1): null

2019-08-24 12:45:42 - [TEST_STEP][PASSED] - if (i == 4 &amp;&amp; wildList.indexOf(symbol) != -1): null

2019-08-24 12:45:42 - [TEST_STEP][PASSED] - symbol = symbol: null

2019-08-24 12:45:42 - [TEST_STEP][PASSED] - println(symbol): null

2019-08-24 12:45:42 - [TEST_STEP][PASSED] - if (i == 2 &amp;&amp; wildList.indexOf(symbol) != -1): null

2019-08-24 12:45:42 - [TEST_STEP][PASSED] - if (i == 3 &amp;&amp; wildList.indexOf(symbol) != -1): null

2019-08-24 12:45:42 - [TEST_STEP][PASSED] - if (i == 4 &amp;&amp; wildList.indexOf(symbol) != -1): null

2019-08-24 12:45:42 - [TEST_STEP][PASSED] - symbol = symbol: null

2019-08-24 12:45:42 - [TEST_STEP][PASSED] - println(symbol): null

2019-08-24 12:45:42 - [TEST_STEP][PASSED] - if (i == 2 &amp;&amp; wildList.indexOf(symbol) != -1): null

2019-08-24 12:45:42 - [TEST_STEP][PASSED] - if (i == 3 &amp;&amp; wildList.indexOf(symbol) != -1): null

2019-08-24 12:45:42 - [TEST_STEP][PASSED] - if (i == 4 &amp;&amp; wildList.indexOf(symbol) != -1): null

2019-08-24 12:45:42 - [TEST_STEP][PASSED] - free_spin_reel_counter = free_spin_reel_counter: null

2019-08-24 12:45:42 - [TEST_STEP][PASSED] - println("reel 3 wild found: " + free_spin_reel_counter[0]): null

2019-08-24 12:45:42 - [TEST_STEP][PASSED] - println("reel 4 wild found: " + free_spin_reel_counter[1]): null

2019-08-24 12:45:42 - [TEST_STEP][PASSED] - println("reel 5 wild found: " + free_spin_reel_counter[2]): null

2019-08-24 12:45:42 - [TEST_STEP][PASSED] - M4_spin_reels = M4_spin_reels: null

2019-08-24 12:45:42 - [TEST_STEP][PASSED] - M4_spin_reels_symbols = symbol: null

2019-08-24 12:45:42 - [TEST_STEP][PASSED] - M4_spin_reels_symbols = M4_spin_reels_symbols: null

2019-08-24 12:45:42 - [TEST_STEP][PASSED] - M4_spin_reel_wins = reel_wins: null

2019-08-24 12:45:42 - [TEST_STEP][PASSED] - M4_spin_reel_wins = M4_spin_reel_wins: null

2019-08-24 12:45:42 - [TEST_STEP][PASSED] - println("GlobalVariable.M4_spin_reel_wins is: " + M4_spin_reel_wins): null

2019-08-24 12:45:42 - [TEST_STEP][PASSED] - M4_spin_total_bonus_win_this_round = total_bonus_win_this_round: null

2019-08-24 12:45:42 - [TEST_STEP][PASSED] - M4_spin_total_bonus_win_this_round = M4_spin_total_bonus_win_this_round: null

2019-08-24 12:45:42 - [TEST_STEP][PASSED] - println("GlobalVariable.M4_spin_total_bonus_win_this_round is: " + M4_spin_total_bonus_win_this_round): null

2019-08-24 12:45:42 - [TEST_STEP][PASSED] - M4_spin_bonus_spin_result = spin_result: null

2019-08-24 12:45:42 - [TEST_STEP][PASSED] - M4_spin_bonus_spin_result = M4_spin_bonus_spin_result: null

2019-08-24 12:45:42 - [MESSAGE][PASSED] - Verify response successfully

2019-08-24 12:45:42 - [MESSAGE][PASSED] - Send request and verify the response successfully

2019-08-24 12:45:42 - [TEST_STEP][PASSED] - if (M4_total_bonus_spins_int != 0 &amp;&amp; M4_spin_reels_symbols[2].contains("WILD_Double") || M4_spin_reels_symbols[4].contains("WILD_Triple")): null

2019-08-24 12:45:42 - [TEST_STEP][PASSED] - free_spin_reel_counter = free_spin_reel_counter: null

2019-08-24 12:45:42 - [TEST_STEP][PASSED] - M4_spin_reels_symbols = M4_spin_reels_symbols: null

2019-08-24 12:45:42 - [TEST_STEP][PASSED] - M4_total_bonus_spins = M4_total_bonus_spins: null

2019-08-24 12:45:42 - [TEST_STEP][PASSED] - spin_result = sendRequestAndVerify(findTestObject("INT/RGS(M4)/1_M4_spin", ["M4_login_user_id":M4_login_user_id, "rgs_session_token":rgs_session_token, "partner":Partner])): Send request and verify the response successfully

2019-08-24 12:45:42 - [MESSAGE][INFO] - HAR: /Users/eiralee/Katalon_Script/SuperWild/Reports/20190824_124242/INT/superWild_4/20190824_124242/requests/main/56.har

2019-08-24 12:45:42 - [TEST_CASE][PASSED] - Start Test Case : Verification: Verification accomplished successfully

2019-08-24 12:45:42 - [TEST_STEP][PASSED] - request = getInstance().getCurrentRequest(): null

2019-08-24 12:45:42 - [TEST_STEP][PASSED] - response = getInstance().getCurrentResponse(): null

2019-08-24 12:45:42 - [TEST_STEP][PASSED] - verifyResponseStatusCode(response, 200): Verify response status code successfully

2019-08-24 12:45:42 - [MESSAGE][PASSED] - Verify response status code successfully

2019-08-24 12:45:42 - [TEST_STEP][PASSED] - getStatusCode()).isEqualTo(200): null

2019-08-24 12:45:42 - [TEST_STEP][PASSED] - newline = System.getProperty("line.separator"): null

2019-08-24 12:45:42 - [TEST_STEP][PASSED] - M4_spin = new groovy.json.JsonSlurper(): null

2019-08-24 12:45:42 - [TEST_STEP][PASSED] - result_M4_spin = M4_spin.parseText(response.getResponseBodyContent()): null

2019-08-24 12:45:42 - [TEST_STEP][PASSED] - M4_spin_current_balance = current_balance: null

2019-08-24 12:45:42 - [TEST_STEP][PASSED] - M4_spin_current_balance = M4_spin_current_balance: null

2019-08-24 12:45:42 - [TEST_STEP][PASSED] - M4_spin_transaction_id = causality: null

2019-08-24 12:45:42 - [TEST_STEP][PASSED] - M4_spin_transaction_id = M4_spin_transaction_id: null

2019-08-24 12:45:42 - [TEST_STEP][PASSED] - M4_spin_round_id = round_id: null

2019-08-24 12:45:42 - [TEST_STEP][PASSED] - M4_spin_round_id = M4_spin_round_id: null

2019-08-24 12:45:42 - [TEST_STEP][PASSED] - M4_spin_line_wins = line_wins: null

2019-08-24 12:45:42 - [TEST_STEP][PASSED] - M4_spin_line_wins = M4_spin_line_wins: null

2019-08-24 12:45:42 - [TEST_STEP][PASSED] - M4_total_bonus_spins_int = total_bonus_spins: null

2019-08-24 12:45:42 - [TEST_STEP][PASSED] - println("******M4_total_bonus_spins type is:*******" + newline + getClass().getName()): null

2019-08-24 12:45:42 - [TEST_STEP][PASSED] - M4_total_bonus_spins_int = M4_total_bonus_spins_int: null

2019-08-24 12:45:42 - [TEST_STEP][PASSED] - M4_total_bonus_spins = Integer.toString(M4_total_bonus_spins_int): null

2019-08-24 12:45:42 - [TEST_STEP][PASSED] - M4_total_bonus_spins = M4_total_bonus_spins: null

2019-08-24 12:45:42 - [TEST_STEP][PASSED] - println("M4_total_bonus_spins is:" + M4_total_bonus_spins): null

2019-08-24 12:45:42 - [TEST_STEP][PASSED] - M4_spin_bonus_data = bonus_data: null

2019-08-24 12:45:42 - [TEST_STEP][PASSED] - M4_spin_features_triggered = result_M4_spin: null

2019-08-24 12:45:42 - [TEST_STEP][PASSED] - wild = []: null

2019-08-24 12:45:42 - [TEST_STEP][PASSED] - wild[0] = "WILD_Expanding": null

2019-08-24 12:45:42 - [TEST_STEP][PASSED] - wild[1] = "WILD_Normal": null

2019-08-24 12:45:42 - [TEST_STEP][PASSED] - wild[2] = "WILD_Double": null

2019-08-24 12:45:42 - [TEST_STEP][PASSED] - wild[3] = "WILD_ExtraFG": null

2019-08-24 12:45:42 - [TEST_STEP][PASSED] - wild[4] = "WILD_Triple": null

2019-08-24 12:45:42 - [TEST_STEP][PASSED] - wildList = Arrays.asList(wild): null

2019-08-24 12:45:42 - [TEST_STEP][PASSED] - wildList = wildList: null

2019-08-24 12:45:42 - [TEST_STEP][PASSED] - free_spin_reel_counter = []: null

2019-08-24 12:45:42 - [TEST_STEP][PASSED] - free_spin_reel_counter[0] = 0: null

2019-08-24 12:45:42 - [TEST_STEP][PASSED] - free_spin_reel_counter[1] = 0: null

2019-08-24 12:45:42 - [TEST_STEP][PASSED] - free_spin_reel_counter[2] = 0: null

2019-08-24 12:45:42 - [TEST_STEP][PASSED] - M4_spin_reels = reels: null

2019-08-24 12:45:42 - [TEST_STEP][PASSED] - for ([i = 0, i &lt; M4_spin_reels.size(), (i++)]): null

2019-08-24 12:45:42 - [TEST_STEP][PASSED] - symbols = symbols: null

2019-08-24 12:45:42 - [TEST_STEP][PASSED] - for ([j = 0, j &lt; symbols.size(), (j++)]): null

2019-08-24 12:45:42 - [TEST_STEP][PASSED] - symbol = symbol: null

2019-08-24 12:45:42 - [TEST_STEP][PASSED] - println(symbol): null

2019-08-24 12:45:42 - [TEST_STEP][PASSED] - if (i == 2 &amp;&amp; wildList.indexOf(symbol) != -1): null

2019-08-24 12:45:42 - [TEST_STEP][PASSED] - if (i == 3 &amp;&amp; wildList.indexOf(symbol) != -1): null

2019-08-24 12:45:42 - [TEST_STEP][PASSED] - if (i == 4 &amp;&amp; wildList.indexOf(symbol) != -1): null

2019-08-24 12:45:42 - [TEST_STEP][PASSED] - symbol = symbol: null

2019-08-24 12:45:42 - [TEST_STEP][PASSED] - println(symbol): null

2019-08-24 12:45:42 - [TEST_STEP][PASSED] - if (i == 2 &amp;&amp; wildList.indexOf(symbol) != -1): null

2019-08-24 12:45:42 - [TEST_STEP][PASSED] - if (i == 3 &amp;&amp; wildList.indexOf(symbol) != -1): null

2019-08-24 12:45:42 - [TEST_STEP][PASSED] - if (i == 4 &amp;&amp; wildList.indexOf(symbol) != -1): null

2019-08-24 12:45:42 - [TEST_STEP][PASSED] - symbol = symbol: null

2019-08-24 12:45:42 - [TEST_STEP][PASSED] - println(symbol): null

2019-08-24 12:45:42 - [TEST_STEP][PASSED] - if (i == 2 &amp;&amp; wildList.indexOf(symbol) != -1): null

2019-08-24 12:45:42 - [TEST_STEP][PASSED] - if (i == 3 &amp;&amp; wildList.indexOf(symbol) != -1): null

2019-08-24 12:45:42 - [TEST_STEP][PASSED] - if (i == 4 &amp;&amp; wildList.indexOf(symbol) != -1): null

2019-08-24 12:45:42 - [TEST_STEP][PASSED] - symbols = symbols: null

2019-08-24 12:45:42 - [TEST_STEP][PASSED] - for ([j = 0, j &lt; symbols.size(), (j++)]): null

2019-08-24 12:45:42 - [TEST_STEP][PASSED] - symbol = symbol: null

2019-08-24 12:45:42 - [TEST_STEP][PASSED] - println(symbol): null

2019-08-24 12:45:42 - [TEST_STEP][PASSED] - if (i == 2 &amp;&amp; wildList.indexOf(symbol) != -1): null

2019-08-24 12:45:42 - [TEST_STEP][PASSED] - if (i == 3 &amp;&amp; wildList.indexOf(symbol) != -1): null

2019-08-24 12:45:42 - [TEST_STEP][PASSED] - if (i == 4 &amp;&amp; wildList.indexOf(symbol) != -1): null

2019-08-24 12:45:42 - [TEST_STEP][PASSED] - symbol = symbol: null

2019-08-24 12:45:42 - [TEST_STEP][PASSED] - println(symbol): null

2019-08-24 12:45:42 - [TEST_STEP][PASSED] - if (i == 2 &amp;&amp; wildList.indexOf(symbol) != -1): null

2019-08-24 12:45:42 - [TEST_STEP][PASSED] - if (i == 3 &amp;&amp; wildList.indexOf(symbol) != -1): null

2019-08-24 12:45:42 - [TEST_STEP][PASSED] - if (i == 4 &amp;&amp; wildList.indexOf(symbol) != -1): null

2019-08-24 12:45:42 - [TEST_STEP][PASSED] - symbol = symbol: null

2019-08-24 12:45:42 - [TEST_STEP][PASSED] - println(symbol): null

2019-08-24 12:45:42 - [TEST_STEP][PASSED] - if (i == 2 &amp;&amp; wildList.indexOf(symbol) != -1): null

2019-08-24 12:45:42 - [TEST_STEP][PASSED] - if (i == 3 &amp;&amp; wildList.indexOf(symbol) != -1): null

2019-08-24 12:45:42 - [TEST_STEP][PASSED] - if (i == 4 &amp;&amp; wildList.indexOf(symbol) != -1): null

2019-08-24 12:45:42 - [TEST_STEP][PASSED] - symbols = symbols: null

2019-08-24 12:45:42 - [TEST_STEP][PASSED] - for ([j = 0, j &lt; symbols.size(), (j++)]): null

2019-08-24 12:45:42 - [TEST_STEP][PASSED] - symbol = symbol: null

2019-08-24 12:45:42 - [TEST_STEP][PASSED] - println(symbol): null

2019-08-24 12:45:42 - [TEST_STEP][PASSED] - if (i == 2 &amp;&amp; wildList.indexOf(symbol) != -1): null

2019-08-24 12:45:42 - [TEST_STEP][PASSED] - if (i == 3 &amp;&amp; wildList.indexOf(symbol) != -1): null

2019-08-24 12:45:42 - [TEST_STEP][PASSED] - if (i == 4 &amp;&amp; wildList.indexOf(symbol) != -1): null

2019-08-24 12:45:42 - [TEST_STEP][PASSED] - symbol = symbol: null

2019-08-24 12:45:42 - [TEST_STEP][PASSED] - println(symbol): null

2019-08-24 12:45:42 - [TEST_STEP][PASSED] - if (i == 2 &amp;&amp; wildList.indexOf(symbol) != -1): null

2019-08-24 12:45:42 - [TEST_STEP][PASSED] - if (i == 3 &amp;&amp; wildList.indexOf(symbol) != -1): null

2019-08-24 12:45:42 - [TEST_STEP][PASSED] - if (i == 4 &amp;&amp; wildList.indexOf(symbol) != -1): null

2019-08-24 12:45:42 - [TEST_STEP][PASSED] - symbol = symbol: null

2019-08-24 12:45:42 - [TEST_STEP][PASSED] - println(symbol): null

2019-08-24 12:45:42 - [TEST_STEP][PASSED] - if (i == 2 &amp;&amp; wildList.indexOf(symbol) != -1): null

2019-08-24 12:45:42 - [TEST_STEP][PASSED] - if (i == 3 &amp;&amp; wildList.indexOf(symbol) != -1): null

2019-08-24 12:45:42 - [TEST_STEP][PASSED] - if (i == 4 &amp;&amp; wildList.indexOf(symbol) != -1): null

2019-08-24 12:45:42 - [TEST_STEP][PASSED] - symbols = symbols: null

2019-08-24 12:45:42 - [TEST_STEP][PASSED] - for ([j = 0, j &lt; symbols.size(), (j++)]): null

2019-08-24 12:45:42 - [TEST_STEP][PASSED] - symbol = symbol: null

2019-08-24 12:45:42 - [TEST_STEP][PASSED] - println(symbol): null

2019-08-24 12:45:42 - [TEST_STEP][PASSED] - if (i == 2 &amp;&amp; wildList.indexOf(symbol) != -1): null

2019-08-24 12:45:42 - [TEST_STEP][PASSED] - if (i == 3 &amp;&amp; wildList.indexOf(symbol) != -1): null

2019-08-24 12:45:42 - [TEST_STEP][PASSED] - if (i == 4 &amp;&amp; wildList.indexOf(symbol) != -1): null

2019-08-24 12:45:42 - [TEST_STEP][PASSED] - symbol = symbol: null

2019-08-24 12:45:42 - [TEST_STEP][PASSED] - println(symbol): null

2019-08-24 12:45:42 - [TEST_STEP][PASSED] - if (i == 2 &amp;&amp; wildList.indexOf(symbol) != -1): null

2019-08-24 12:45:42 - [TEST_STEP][PASSED] - if (i == 3 &amp;&amp; wildList.indexOf(symbol) != -1): null

2019-08-24 12:45:42 - [TEST_STEP][PASSED] - if (i == 4 &amp;&amp; wildList.indexOf(symbol) != -1): null

2019-08-24 12:45:42 - [TEST_STEP][PASSED] - symbol = symbol: null

2019-08-24 12:45:42 - [TEST_STEP][PASSED] - println(symbol): null

2019-08-24 12:45:42 - [TEST_STEP][PASSED] - if (i == 2 &amp;&amp; wildList.indexOf(symbol) != -1): null

2019-08-24 12:45:42 - [TEST_STEP][PASSED] - if (i == 3 &amp;&amp; wildList.indexOf(symbol) != -1): null

2019-08-24 12:45:42 - [TEST_STEP][PASSED] - if (i == 4 &amp;&amp; wildList.indexOf(symbol) != -1): null

2019-08-24 12:45:42 - [TEST_STEP][PASSED] - symbols = symbols: null

2019-08-24 12:45:42 - [TEST_STEP][PASSED] - for ([j = 0, j &lt; symbols.size(), (j++)]): null

2019-08-24 12:45:42 - [TEST_STEP][PASSED] - symbol = symbol: null

2019-08-24 12:45:42 - [TEST_STEP][PASSED] - println(symbol): null

2019-08-24 12:45:42 - [TEST_STEP][PASSED] - if (i == 2 &amp;&amp; wildList.indexOf(symbol) != -1): null

2019-08-24 12:45:42 - [TEST_STEP][PASSED] - if (i == 3 &amp;&amp; wildList.indexOf(symbol) != -1): null

2019-08-24 12:45:42 - [TEST_STEP][PASSED] - if (i == 4 &amp;&amp; wildList.indexOf(symbol) != -1): null

2019-08-24 12:45:42 - [TEST_STEP][PASSED] - symbol = symbol: null

2019-08-24 12:45:42 - [TEST_STEP][PASSED] - println(symbol): null

2019-08-24 12:45:42 - [TEST_STEP][PASSED] - if (i == 2 &amp;&amp; wildList.indexOf(symbol) != -1): null

2019-08-24 12:45:42 - [TEST_STEP][PASSED] - if (i == 3 &amp;&amp; wildList.indexOf(symbol) != -1): null

2019-08-24 12:45:42 - [TEST_STEP][PASSED] - if (i == 4 &amp;&amp; wildList.indexOf(symbol) != -1): null

2019-08-24 12:45:42 - [TEST_STEP][PASSED] - symbol = symbol: null

2019-08-24 12:45:42 - [TEST_STEP][PASSED] - println(symbol): null

2019-08-24 12:45:42 - [TEST_STEP][PASSED] - if (i == 2 &amp;&amp; wildList.indexOf(symbol) != -1): null

2019-08-24 12:45:42 - [TEST_STEP][PASSED] - if (i == 3 &amp;&amp; wildList.indexOf(symbol) != -1): null

2019-08-24 12:45:42 - [TEST_STEP][PASSED] - if (i == 4 &amp;&amp; wildList.indexOf(symbol) != -1): null

2019-08-24 12:45:42 - [TEST_STEP][PASSED] - free_spin_reel_counter = free_spin_reel_counter: null

2019-08-24 12:45:42 - [TEST_STEP][PASSED] - println("reel 3 wild found: " + free_spin_reel_counter[0]): null

2019-08-24 12:45:42 - [TEST_STEP][PASSED] - println("reel 4 wild found: " + free_spin_reel_counter[1]): null

2019-08-24 12:45:42 - [TEST_STEP][PASSED] - println("reel 5 wild found: " + free_spin_reel_counter[2]): null

2019-08-24 12:45:42 - [TEST_STEP][PASSED] - M4_spin_reels = M4_spin_reels: null

2019-08-24 12:45:42 - [TEST_STEP][PASSED] - M4_spin_reels_symbols = symbol: null

2019-08-24 12:45:42 - [TEST_STEP][PASSED] - M4_spin_reels_symbols = M4_spin_reels_symbols: null

2019-08-24 12:45:42 - [TEST_STEP][PASSED] - M4_spin_reel_wins = reel_wins: null

2019-08-24 12:45:42 - [TEST_STEP][PASSED] - M4_spin_reel_wins = M4_spin_reel_wins: null

2019-08-24 12:45:42 - [TEST_STEP][PASSED] - println("GlobalVariable.M4_spin_reel_wins is: " + M4_spin_reel_wins): null

2019-08-24 12:45:42 - [TEST_STEP][PASSED] - M4_spin_total_bonus_win_this_round = total_bonus_win_this_round: null

2019-08-24 12:45:42 - [TEST_STEP][PASSED] - M4_spin_total_bonus_win_this_round = M4_spin_total_bonus_win_this_round: null

2019-08-24 12:45:42 - [TEST_STEP][PASSED] - println("GlobalVariable.M4_spin_total_bonus_win_this_round is: " + M4_spin_total_bonus_win_this_round): null

2019-08-24 12:45:42 - [TEST_STEP][PASSED] - M4_spin_bonus_spin_result = spin_result: null

2019-08-24 12:45:42 - [TEST_STEP][PASSED] - M4_spin_bonus_spin_result = M4_spin_bonus_spin_result: null

2019-08-24 12:45:42 - [MESSAGE][PASSED] - Verify response successfully

2019-08-24 12:45:42 - [MESSAGE][PASSED] - Send request and verify the response successfully

2019-08-24 12:45:42 - [TEST_STEP][PASSED] - if (M4_total_bonus_spins_int != 0 &amp;&amp; M4_spin_reels_symbols[2].contains("WILD_Double") || M4_spin_reels_symbols[4].contains("WILD_Triple")): null

2019-08-24 12:45:42 - [TEST_STEP][PASSED] - free_spin_reel_counter = free_spin_reel_counter: null

2019-08-24 12:45:42 - [TEST_STEP][PASSED] - M4_spin_reels_symbols = M4_spin_reels_symbols: null

2019-08-24 12:45:42 - [TEST_STEP][PASSED] - M4_total_bonus_spins = M4_total_bonus_spins: null

2019-08-24 12:45:42 - [TEST_STEP][PASSED] - spin_result = sendRequestAndVerify(findTestObject("INT/RGS(M4)/1_M4_spin", ["M4_login_user_id":M4_login_user_id, "rgs_session_token":rgs_session_token, "partner":Partner])): Send request and verify the response successfully

2019-08-24 12:45:43 - [MESSAGE][INFO] - HAR: /Users/eiralee/Katalon_Script/SuperWild/Reports/20190824_124242/INT/superWild_4/20190824_124242/requests/main/57.har

2019-08-24 12:45:43 - [TEST_CASE][PASSED] - Start Test Case : Verification: Verification accomplished successfully

2019-08-24 12:45:43 - [TEST_STEP][PASSED] - request = getInstance().getCurrentRequest(): null

2019-08-24 12:45:43 - [TEST_STEP][PASSED] - response = getInstance().getCurrentResponse(): null

2019-08-24 12:45:43 - [TEST_STEP][PASSED] - verifyResponseStatusCode(response, 200): Verify response status code successfully

2019-08-24 12:45:43 - [MESSAGE][PASSED] - Verify response status code successfully

2019-08-24 12:45:43 - [TEST_STEP][PASSED] - getStatusCode()).isEqualTo(200): null

2019-08-24 12:45:43 - [TEST_STEP][PASSED] - newline = System.getProperty("line.separator"): null

2019-08-24 12:45:43 - [TEST_STEP][PASSED] - M4_spin = new groovy.json.JsonSlurper(): null

2019-08-24 12:45:43 - [TEST_STEP][PASSED] - result_M4_spin = M4_spin.parseText(response.getResponseBodyContent()): null

2019-08-24 12:45:43 - [TEST_STEP][PASSED] - M4_spin_current_balance = current_balance: null

2019-08-24 12:45:43 - [TEST_STEP][PASSED] - M4_spin_current_balance = M4_spin_current_balance: null

2019-08-24 12:45:43 - [TEST_STEP][PASSED] - M4_spin_transaction_id = causality: null

2019-08-24 12:45:43 - [TEST_STEP][PASSED] - M4_spin_transaction_id = M4_spin_transaction_id: null

2019-08-24 12:45:43 - [TEST_STEP][PASSED] - M4_spin_round_id = round_id: null

2019-08-24 12:45:43 - [TEST_STEP][PASSED] - M4_spin_round_id = M4_spin_round_id: null

2019-08-24 12:45:43 - [TEST_STEP][PASSED] - M4_spin_line_wins = line_wins: null

2019-08-24 12:45:43 - [TEST_STEP][PASSED] - M4_spin_line_wins = M4_spin_line_wins: null

2019-08-24 12:45:43 - [TEST_STEP][PASSED] - M4_total_bonus_spins_int = total_bonus_spins: null

2019-08-24 12:45:43 - [TEST_STEP][PASSED] - println("******M4_total_bonus_spins type is:*******" + newline + getClass().getName()): null

2019-08-24 12:45:43 - [TEST_STEP][PASSED] - M4_total_bonus_spins_int = M4_total_bonus_spins_int: null

2019-08-24 12:45:43 - [TEST_STEP][PASSED] - M4_total_bonus_spins = Integer.toString(M4_total_bonus_spins_int): null

2019-08-24 12:45:43 - [TEST_STEP][PASSED] - M4_total_bonus_spins = M4_total_bonus_spins: null

2019-08-24 12:45:43 - [TEST_STEP][PASSED] - println("M4_total_bonus_spins is:" + M4_total_bonus_spins): null

2019-08-24 12:45:43 - [TEST_STEP][PASSED] - M4_spin_bonus_data = bonus_data: null

2019-08-24 12:45:43 - [TEST_STEP][PASSED] - M4_spin_features_triggered = result_M4_spin: null

2019-08-24 12:45:43 - [TEST_STEP][PASSED] - wild = []: null

2019-08-24 12:45:43 - [TEST_STEP][PASSED] - wild[0] = "WILD_Expanding": null

2019-08-24 12:45:43 - [TEST_STEP][PASSED] - wild[1] = "WILD_Normal": null

2019-08-24 12:45:43 - [TEST_STEP][PASSED] - wild[2] = "WILD_Double": null

2019-08-24 12:45:43 - [TEST_STEP][PASSED] - wild[3] = "WILD_ExtraFG": null

2019-08-24 12:45:43 - [TEST_STEP][PASSED] - wild[4] = "WILD_Triple": null

2019-08-24 12:45:43 - [TEST_STEP][PASSED] - wildList = Arrays.asList(wild): null

2019-08-24 12:45:43 - [TEST_STEP][PASSED] - wildList = wildList: null

2019-08-24 12:45:43 - [TEST_STEP][PASSED] - free_spin_reel_counter = []: null

2019-08-24 12:45:43 - [TEST_STEP][PASSED] - free_spin_reel_counter[0] = 0: null

2019-08-24 12:45:43 - [TEST_STEP][PASSED] - free_spin_reel_counter[1] = 0: null

2019-08-24 12:45:43 - [TEST_STEP][PASSED] - free_spin_reel_counter[2] = 0: null

2019-08-24 12:45:43 - [TEST_STEP][PASSED] - M4_spin_reels = reels: null

2019-08-24 12:45:43 - [TEST_STEP][PASSED] - for ([i = 0, i &lt; M4_spin_reels.size(), (i++)]): null

2019-08-24 12:45:43 - [TEST_STEP][PASSED] - symbols = symbols: null

2019-08-24 12:45:43 - [TEST_STEP][PASSED] - for ([j = 0, j &lt; symbols.size(), (j++)]): null

2019-08-24 12:45:43 - [TEST_STEP][PASSED] - symbol = symbol: null

2019-08-24 12:45:43 - [TEST_STEP][PASSED] - println(symbol): null

2019-08-24 12:45:43 - [TEST_STEP][PASSED] - if (i == 2 &amp;&amp; wildList.indexOf(symbol) != -1): null

2019-08-24 12:45:43 - [TEST_STEP][PASSED] - if (i == 3 &amp;&amp; wildList.indexOf(symbol) != -1): null

2019-08-24 12:45:43 - [TEST_STEP][PASSED] - if (i == 4 &amp;&amp; wildList.indexOf(symbol) != -1): null

2019-08-24 12:45:43 - [TEST_STEP][PASSED] - symbol = symbol: null

2019-08-24 12:45:43 - [TEST_STEP][PASSED] - println(symbol): null

2019-08-24 12:45:43 - [TEST_STEP][PASSED] - if (i == 2 &amp;&amp; wildList.indexOf(symbol) != -1): null

2019-08-24 12:45:43 - [TEST_STEP][PASSED] - if (i == 3 &amp;&amp; wildList.indexOf(symbol) != -1): null

2019-08-24 12:45:43 - [TEST_STEP][PASSED] - if (i == 4 &amp;&amp; wildList.indexOf(symbol) != -1): null

2019-08-24 12:45:43 - [TEST_STEP][PASSED] - symbol = symbol: null

2019-08-24 12:45:43 - [TEST_STEP][PASSED] - println(symbol): null

2019-08-24 12:45:43 - [TEST_STEP][PASSED] - if (i == 2 &amp;&amp; wildList.indexOf(symbol) != -1): null

2019-08-24 12:45:43 - [TEST_STEP][PASSED] - if (i == 3 &amp;&amp; wildList.indexOf(symbol) != -1): null

2019-08-24 12:45:43 - [TEST_STEP][PASSED] - if (i == 4 &amp;&amp; wildList.indexOf(symbol) != -1): null

2019-08-24 12:45:43 - [TEST_STEP][PASSED] - symbols = symbols: null

2019-08-24 12:45:43 - [TEST_STEP][PASSED] - for ([j = 0, j &lt; symbols.size(), (j++)]): null

2019-08-24 12:45:43 - [TEST_STEP][PASSED] - symbol = symbol: null

2019-08-24 12:45:43 - [TEST_STEP][PASSED] - println(symbol): null

2019-08-24 12:45:43 - [TEST_STEP][PASSED] - if (i == 2 &amp;&amp; wildList.indexOf(symbol) != -1): null

2019-08-24 12:45:43 - [TEST_STEP][PASSED] - if (i == 3 &amp;&amp; wildList.indexOf(symbol) != -1): null

2019-08-24 12:45:43 - [TEST_STEP][PASSED] - if (i == 4 &amp;&amp; wildList.indexOf(symbol) != -1): null

2019-08-24 12:45:43 - [TEST_STEP][PASSED] - symbol = symbol: null

2019-08-24 12:45:43 - [TEST_STEP][PASSED] - println(symbol): null

2019-08-24 12:45:43 - [TEST_STEP][PASSED] - if (i == 2 &amp;&amp; wildList.indexOf(symbol) != -1): null

2019-08-24 12:45:43 - [TEST_STEP][PASSED] - if (i == 3 &amp;&amp; wildList.indexOf(symbol) != -1): null

2019-08-24 12:45:43 - [TEST_STEP][PASSED] - if (i == 4 &amp;&amp; wildList.indexOf(symbol) != -1): null

2019-08-24 12:45:43 - [TEST_STEP][PASSED] - symbol = symbol: null

2019-08-24 12:45:43 - [TEST_STEP][PASSED] - println(symbol): null

2019-08-24 12:45:43 - [TEST_STEP][PASSED] - if (i == 2 &amp;&amp; wildList.indexOf(symbol) != -1): null

2019-08-24 12:45:43 - [TEST_STEP][PASSED] - if (i == 3 &amp;&amp; wildList.indexOf(symbol) != -1): null

2019-08-24 12:45:43 - [TEST_STEP][PASSED] - if (i == 4 &amp;&amp; wildList.indexOf(symbol) != -1): null

2019-08-24 12:45:43 - [TEST_STEP][PASSED] - symbols = symbols: null

2019-08-24 12:45:43 - [TEST_STEP][PASSED] - for ([j = 0, j &lt; symbols.size(), (j++)]): null

2019-08-24 12:45:43 - [TEST_STEP][PASSED] - symbol = symbol: null

2019-08-24 12:45:43 - [TEST_STEP][PASSED] - println(symbol): null

2019-08-24 12:45:43 - [TEST_STEP][PASSED] - if (i == 2 &amp;&amp; wildList.indexOf(symbol) != -1): null

2019-08-24 12:45:43 - [TEST_STEP][PASSED] - if (i == 3 &amp;&amp; wildList.indexOf(symbol) != -1): null

2019-08-24 12:45:43 - [TEST_STEP][PASSED] - if (i == 4 &amp;&amp; wildList.indexOf(symbol) != -1): null

2019-08-24 12:45:43 - [TEST_STEP][PASSED] - symbol = symbol: null

2019-08-24 12:45:43 - [TEST_STEP][PASSED] - println(symbol): null

2019-08-24 12:45:43 - [TEST_STEP][PASSED] - if (i == 2 &amp;&amp; wildList.indexOf(symbol) != -1): null

2019-08-24 12:45:43 - [TEST_STEP][PASSED] - if (i == 3 &amp;&amp; wildList.indexOf(symbol) != -1): null

2019-08-24 12:45:43 - [TEST_STEP][PASSED] - if (i == 4 &amp;&amp; wildList.indexOf(symbol) != -1): null

2019-08-24 12:45:43 - [TEST_STEP][PASSED] - symbol = symbol: null

2019-08-24 12:45:43 - [TEST_STEP][PASSED] - println(symbol): null

2019-08-24 12:45:43 - [TEST_STEP][PASSED] - if (i == 2 &amp;&amp; wildList.indexOf(symbol) != -1): null

2019-08-24 12:45:43 - [TEST_STEP][PASSED] - if (i == 3 &amp;&amp; wildList.indexOf(symbol) != -1): null

2019-08-24 12:45:43 - [TEST_STEP][PASSED] - if (i == 4 &amp;&amp; wildList.indexOf(symbol) != -1): null

2019-08-24 12:45:43 - [TEST_STEP][PASSED] - symbols = symbols: null

2019-08-24 12:45:43 - [TEST_STEP][PASSED] - for ([j = 0, j &lt; symbols.size(), (j++)]): null

2019-08-24 12:45:43 - [TEST_STEP][PASSED] - symbol = symbol: null

2019-08-24 12:45:43 - [TEST_STEP][PASSED] - println(symbol): null

2019-08-24 12:45:43 - [TEST_STEP][PASSED] - if (i == 2 &amp;&amp; wildList.indexOf(symbol) != -1): null

2019-08-24 12:45:43 - [TEST_STEP][PASSED] - if (i == 3 &amp;&amp; wildList.indexOf(symbol) != -1): null

2019-08-24 12:45:43 - [TEST_STEP][PASSED] - if (i == 4 &amp;&amp; wildList.indexOf(symbol) != -1): null

2019-08-24 12:45:43 - [TEST_STEP][PASSED] - symbol = symbol: null

2019-08-24 12:45:43 - [TEST_STEP][PASSED] - println(symbol): null

2019-08-24 12:45:43 - [TEST_STEP][PASSED] - if (i == 2 &amp;&amp; wildList.indexOf(symbol) != -1): null

2019-08-24 12:45:43 - [TEST_STEP][PASSED] - if (i == 3 &amp;&amp; wildList.indexOf(symbol) != -1): null

2019-08-24 12:45:43 - [TEST_STEP][PASSED] - if (i == 4 &amp;&amp; wildList.indexOf(symbol) != -1): null

2019-08-24 12:45:43 - [TEST_STEP][PASSED] - symbol = symbol: null

2019-08-24 12:45:43 - [TEST_STEP][PASSED] - println(symbol): null

2019-08-24 12:45:43 - [TEST_STEP][PASSED] - if (i == 2 &amp;&amp; wildList.indexOf(symbol) != -1): null

2019-08-24 12:45:43 - [TEST_STEP][PASSED] - if (i == 3 &amp;&amp; wildList.indexOf(symbol) != -1): null

2019-08-24 12:45:43 - [TEST_STEP][PASSED] - if (i == 4 &amp;&amp; wildList.indexOf(symbol) != -1): null

2019-08-24 12:45:43 - [TEST_STEP][PASSED] - symbols = symbols: null

2019-08-24 12:45:43 - [TEST_STEP][PASSED] - for ([j = 0, j &lt; symbols.size(), (j++)]): null

2019-08-24 12:45:43 - [TEST_STEP][PASSED] - symbol = symbol: null

2019-08-24 12:45:43 - [TEST_STEP][PASSED] - println(symbol): null

2019-08-24 12:45:43 - [TEST_STEP][PASSED] - if (i == 2 &amp;&amp; wildList.indexOf(symbol) != -1): null

2019-08-24 12:45:43 - [TEST_STEP][PASSED] - if (i == 3 &amp;&amp; wildList.indexOf(symbol) != -1): null

2019-08-24 12:45:43 - [TEST_STEP][PASSED] - if (i == 4 &amp;&amp; wildList.indexOf(symbol) != -1): null

2019-08-24 12:45:43 - [TEST_STEP][PASSED] - symbol = symbol: null

2019-08-24 12:45:43 - [TEST_STEP][PASSED] - println(symbol): null

2019-08-24 12:45:43 - [TEST_STEP][PASSED] - if (i == 2 &amp;&amp; wildList.indexOf(symbol) != -1): null

2019-08-24 12:45:43 - [TEST_STEP][PASSED] - if (i == 3 &amp;&amp; wildList.indexOf(symbol) != -1): null

2019-08-24 12:45:43 - [TEST_STEP][PASSED] - if (i == 4 &amp;&amp; wildList.indexOf(symbol) != -1): null

2019-08-24 12:45:43 - [TEST_STEP][PASSED] - println("wild found on reel 5, adding counter by 1"): null

2019-08-24 12:45:43 - [TEST_STEP][PASSED] - free_spin_reel_counter[2] = free_spin_reel_counter[2] + 1: null

2019-08-24 12:45:43 - [TEST_STEP][PASSED] - symbol = symbol: null

2019-08-24 12:45:43 - [TEST_STEP][PASSED] - println(symbol): null

2019-08-24 12:45:43 - [TEST_STEP][PASSED] - if (i == 2 &amp;&amp; wildList.indexOf(symbol) != -1): null

2019-08-24 12:45:43 - [TEST_STEP][PASSED] - if (i == 3 &amp;&amp; wildList.indexOf(symbol) != -1): null

2019-08-24 12:45:43 - [TEST_STEP][PASSED] - if (i == 4 &amp;&amp; wildList.indexOf(symbol) != -1): null

2019-08-24 12:45:43 - [TEST_STEP][PASSED] - free_spin_reel_counter = free_spin_reel_counter: null

2019-08-24 12:45:43 - [TEST_STEP][PASSED] - println("reel 3 wild found: " + free_spin_reel_counter[0]): null

2019-08-24 12:45:43 - [TEST_STEP][PASSED] - println("reel 4 wild found: " + free_spin_reel_counter[1]): null

2019-08-24 12:45:43 - [TEST_STEP][PASSED] - println("reel 5 wild found: " + free_spin_reel_counter[2]): null

2019-08-24 12:45:43 - [TEST_STEP][PASSED] - M4_spin_reels = M4_spin_reels: null

2019-08-24 12:45:43 - [TEST_STEP][PASSED] - M4_spin_reels_symbols = symbol: null

2019-08-24 12:45:43 - [TEST_STEP][PASSED] - M4_spin_reels_symbols = M4_spin_reels_symbols: null

2019-08-24 12:45:43 - [TEST_STEP][PASSED] - M4_spin_reel_wins = reel_wins: null

2019-08-24 12:45:43 - [TEST_STEP][PASSED] - M4_spin_reel_wins = M4_spin_reel_wins: null

2019-08-24 12:45:43 - [TEST_STEP][PASSED] - println("GlobalVariable.M4_spin_reel_wins is: " + M4_spin_reel_wins): null

2019-08-24 12:45:43 - [TEST_STEP][PASSED] - M4_spin_total_bonus_win_this_round = total_bonus_win_this_round: null

2019-08-24 12:45:43 - [TEST_STEP][PASSED] - M4_spin_total_bonus_win_this_round = M4_spin_total_bonus_win_this_round: null

2019-08-24 12:45:43 - [TEST_STEP][PASSED] - println("GlobalVariable.M4_spin_total_bonus_win_this_round is: " + M4_spin_total_bonus_win_this_round): null

2019-08-24 12:45:43 - [TEST_STEP][PASSED] - M4_spin_bonus_spin_result = spin_result: null

2019-08-24 12:45:43 - [TEST_STEP][PASSED] - M4_spin_bonus_spin_result = M4_spin_bonus_spin_result: null

2019-08-24 12:45:43 - [MESSAGE][PASSED] - Verify response successfully

2019-08-24 12:45:43 - [MESSAGE][PASSED] - Send request and verify the response successfully

2019-08-24 12:45:43 - [TEST_STEP][PASSED] - if (M4_total_bonus_spins_int != 0 &amp;&amp; M4_spin_reels_symbols[2].contains("WILD_Double") || M4_spin_reels_symbols[4].contains("WILD_Triple")): null

2019-08-24 12:45:43 - [TEST_STEP][PASSED] - free_spin_reel_counter = free_spin_reel_counter: null

2019-08-24 12:45:43 - [TEST_STEP][PASSED] - M4_spin_reels_symbols = M4_spin_reels_symbols: null

2019-08-24 12:45:43 - [TEST_STEP][PASSED] - M4_total_bonus_spins = M4_total_bonus_spins: null

2019-08-24 12:45:43 - [TEST_STEP][PASSED] - spin_result = sendRequestAndVerify(findTestObject("INT/RGS(M4)/1_M4_spin", ["M4_login_user_id":M4_login_user_id, "rgs_session_token":rgs_session_token, "partner":Partner])): Send request and verify the response successfully

2019-08-24 12:45:43 - [MESSAGE][INFO] - HAR: /Users/eiralee/Katalon_Script/SuperWild/Reports/20190824_124242/INT/superWild_4/20190824_124242/requests/main/58.har

2019-08-24 12:45:43 - [TEST_CASE][PASSED] - Start Test Case : Verification: Verification accomplished successfully

2019-08-24 12:45:43 - [TEST_STEP][PASSED] - request = getInstance().getCurrentRequest(): null

2019-08-24 12:45:43 - [TEST_STEP][PASSED] - response = getInstance().getCurrentResponse(): null

2019-08-24 12:45:47 - [TEST_STEP][PASSED] - verifyResponseStatusCode(response, 200): Verify response status code successfully

2019-08-24 12:45:47 - [MESSAGE][PASSED] - Verify response status code successfully

2019-08-24 12:45:47 - [TEST_STEP][PASSED] - getStatusCode()).isEqualTo(200): null

2019-08-24 12:45:47 - [TEST_STEP][PASSED] - newline = System.getProperty("line.separator"): null

2019-08-24 12:45:47 - [TEST_STEP][PASSED] - M4_spin = new groovy.json.JsonSlurper(): null

2019-08-24 12:45:47 - [TEST_STEP][PASSED] - result_M4_spin = M4_spin.parseText(response.getResponseBodyContent()): null

2019-08-24 12:45:47 - [TEST_STEP][PASSED] - M4_spin_current_balance = current_balance: null

2019-08-24 12:45:47 - [TEST_STEP][PASSED] - M4_spin_current_balance = M4_spin_current_balance: null

2019-08-24 12:45:47 - [TEST_STEP][PASSED] - M4_spin_transaction_id = causality: null

2019-08-24 12:45:47 - [TEST_STEP][PASSED] - M4_spin_transaction_id = M4_spin_transaction_id: null

2019-08-24 12:45:47 - [TEST_STEP][PASSED] - M4_spin_round_id = round_id: null

2019-08-24 12:45:47 - [TEST_STEP][PASSED] - M4_spin_round_id = M4_spin_round_id: null

2019-08-24 12:45:47 - [TEST_STEP][PASSED] - M4_spin_line_wins = line_wins: null

2019-08-24 12:45:47 - [TEST_STEP][PASSED] - M4_spin_line_wins = M4_spin_line_wins: null

2019-08-24 12:45:47 - [TEST_STEP][PASSED] - M4_total_bonus_spins_int = total_bonus_spins: null

2019-08-24 12:45:47 - [TEST_STEP][PASSED] - println("******M4_total_bonus_spins type is:*******" + newline + getClass().getName()): null

2019-08-24 12:45:47 - [TEST_STEP][PASSED] - M4_total_bonus_spins_int = M4_total_bonus_spins_int: null

2019-08-24 12:45:47 - [TEST_STEP][PASSED] - M4_total_bonus_spins = Integer.toString(M4_total_bonus_spins_int): null

2019-08-24 12:45:47 - [TEST_STEP][PASSED] - M4_total_bonus_spins = M4_total_bonus_spins: null

2019-08-24 12:45:47 - [TEST_STEP][PASSED] - println("M4_total_bonus_spins is:" + M4_total_bonus_spins): null

2019-08-24 12:45:47 - [TEST_STEP][PASSED] - M4_spin_bonus_data = bonus_data: null

2019-08-24 12:45:47 - [TEST_STEP][PASSED] - M4_spin_features_triggered = result_M4_spin: null

2019-08-24 12:45:47 - [TEST_STEP][PASSED] - wild = []: null

2019-08-24 12:45:47 - [TEST_STEP][PASSED] - wild[0] = "WILD_Expanding": null

2019-08-24 12:45:47 - [TEST_STEP][PASSED] - wild[1] = "WILD_Normal": null

2019-08-24 12:45:47 - [TEST_STEP][PASSED] - wild[2] = "WILD_Double": null

2019-08-24 12:45:47 - [TEST_STEP][PASSED] - wild[3] = "WILD_ExtraFG": null

2019-08-24 12:45:47 - [TEST_STEP][PASSED] - wild[4] = "WILD_Triple": null

2019-08-24 12:45:47 - [TEST_STEP][PASSED] - wildList = Arrays.asList(wild): null

2019-08-24 12:45:47 - [TEST_STEP][PASSED] - wildList = wildList: null

2019-08-24 12:45:47 - [TEST_STEP][PASSED] - free_spin_reel_counter = []: null

2019-08-24 12:45:47 - [TEST_STEP][PASSED] - free_spin_reel_counter[0] = 0: null

2019-08-24 12:45:47 - [TEST_STEP][PASSED] - free_spin_reel_counter[1] = 0: null

2019-08-24 12:45:47 - [TEST_STEP][PASSED] - free_spin_reel_counter[2] = 0: null

2019-08-24 12:45:47 - [TEST_STEP][PASSED] - M4_spin_reels = reels: null

2019-08-24 12:45:47 - [TEST_STEP][PASSED] - for ([i = 0, i &lt; M4_spin_reels.size(), (i++)]): null

2019-08-24 12:45:47 - [TEST_STEP][PASSED] - symbols = symbols: null

2019-08-24 12:45:47 - [TEST_STEP][PASSED] - for ([j = 0, j &lt; symbols.size(), (j++)]): null

2019-08-24 12:45:47 - [TEST_STEP][PASSED] - symbol = symbol: null

2019-08-24 12:45:47 - [TEST_STEP][PASSED] - println(symbol): null

2019-08-24 12:45:47 - [TEST_STEP][PASSED] - if (i == 2 &amp;&amp; wildList.indexOf(symbol) != -1): null

2019-08-24 12:45:47 - [TEST_STEP][PASSED] - if (i == 3 &amp;&amp; wildList.indexOf(symbol) != -1): null

2019-08-24 12:45:47 - [TEST_STEP][PASSED] - if (i == 4 &amp;&amp; wildList.indexOf(symbol) != -1): null

2019-08-24 12:45:47 - [TEST_STEP][PASSED] - symbol = symbol: null

2019-08-24 12:45:47 - [TEST_STEP][PASSED] - println(symbol): null

2019-08-24 12:45:47 - [TEST_STEP][PASSED] - if (i == 2 &amp;&amp; wildList.indexOf(symbol) != -1): null

2019-08-24 12:45:47 - [TEST_STEP][PASSED] - if (i == 3 &amp;&amp; wildList.indexOf(symbol) != -1): null

2019-08-24 12:45:47 - [TEST_STEP][PASSED] - if (i == 4 &amp;&amp; wildList.indexOf(symbol) != -1): null

2019-08-24 12:45:47 - [TEST_STEP][PASSED] - symbol = symbol: null

2019-08-24 12:45:47 - [TEST_STEP][PASSED] - println(symbol): null

2019-08-24 12:45:47 - [TEST_STEP][PASSED] - if (i == 2 &amp;&amp; wildList.indexOf(symbol) != -1): null

2019-08-24 12:45:47 - [TEST_STEP][PASSED] - if (i == 3 &amp;&amp; wildList.indexOf(symbol) != -1): null

2019-08-24 12:45:47 - [TEST_STEP][PASSED] - if (i == 4 &amp;&amp; wildList.indexOf(symbol) != -1): null

2019-08-24 12:45:47 - [TEST_STEP][PASSED] - symbols = symbols: null

2019-08-24 12:45:47 - [TEST_STEP][PASSED] - for ([j = 0, j &lt; symbols.size(), (j++)]): null

2019-08-24 12:45:47 - [TEST_STEP][PASSED] - symbol = symbol: null

2019-08-24 12:45:47 - [TEST_STEP][PASSED] - println(symbol): null

2019-08-24 12:45:47 - [TEST_STEP][PASSED] - if (i == 2 &amp;&amp; wildList.indexOf(symbol) != -1): null

2019-08-24 12:45:47 - [TEST_STEP][PASSED] - if (i == 3 &amp;&amp; wildList.indexOf(symbol) != -1): null

2019-08-24 12:45:47 - [TEST_STEP][PASSED] - if (i == 4 &amp;&amp; wildList.indexOf(symbol) != -1): null

2019-08-24 12:45:47 - [TEST_STEP][PASSED] - symbol = symbol: null

2019-08-24 12:45:47 - [TEST_STEP][PASSED] - println(symbol): null

2019-08-24 12:45:47 - [TEST_STEP][PASSED] - if (i == 2 &amp;&amp; wildList.indexOf(symbol) != -1): null

2019-08-24 12:45:47 - [TEST_STEP][PASSED] - if (i == 3 &amp;&amp; wildList.indexOf(symbol) != -1): null

2019-08-24 12:45:47 - [TEST_STEP][PASSED] - if (i == 4 &amp;&amp; wildList.indexOf(symbol) != -1): null

2019-08-24 12:45:47 - [TEST_STEP][PASSED] - symbol = symbol: null

2019-08-24 12:45:47 - [TEST_STEP][PASSED] - println(symbol): null

2019-08-24 12:45:47 - [TEST_STEP][PASSED] - if (i == 2 &amp;&amp; wildList.indexOf(symbol) != -1): null

2019-08-24 12:45:47 - [TEST_STEP][PASSED] - if (i == 3 &amp;&amp; wildList.indexOf(symbol) != -1): null

2019-08-24 12:45:47 - [TEST_STEP][PASSED] - if (i == 4 &amp;&amp; wildList.indexOf(symbol) != -1): null

2019-08-24 12:45:47 - [TEST_STEP][PASSED] - symbols = symbols: null

2019-08-24 12:45:47 - [TEST_STEP][PASSED] - for ([j = 0, j &lt; symbols.size(), (j++)]): null

2019-08-24 12:45:47 - [TEST_STEP][PASSED] - symbol = symbol: null

2019-08-24 12:45:47 - [TEST_STEP][PASSED] - println(symbol): null

2019-08-24 12:45:47 - [TEST_STEP][PASSED] - if (i == 2 &amp;&amp; wildList.indexOf(symbol) != -1): null

2019-08-24 12:45:47 - [TEST_STEP][PASSED] - if (i == 3 &amp;&amp; wildList.indexOf(symbol) != -1): null

2019-08-24 12:45:47 - [TEST_STEP][PASSED] - if (i == 4 &amp;&amp; wildList.indexOf(symbol) != -1): null

2019-08-24 12:45:47 - [TEST_STEP][PASSED] - symbol = symbol: null

2019-08-24 12:45:47 - [TEST_STEP][PASSED] - println(symbol): null

2019-08-24 12:45:47 - [TEST_STEP][PASSED] - if (i == 2 &amp;&amp; wildList.indexOf(symbol) != -1): null

2019-08-24 12:45:47 - [TEST_STEP][PASSED] - println("wild found on reel 3, adding counter by 1"): null

2019-08-24 12:45:47 - [TEST_STEP][PASSED] - free_spin_reel_counter[0] = free_spin_reel_counter[0] + 1: null

2019-08-24 12:45:47 - [TEST_STEP][PASSED] - if (i == 3 &amp;&amp; wildList.indexOf(symbol) != -1): null

2019-08-24 12:45:47 - [TEST_STEP][PASSED] - if (i == 4 &amp;&amp; wildList.indexOf(symbol) != -1): null

2019-08-24 12:45:47 - [TEST_STEP][PASSED] - symbol = symbol: null

2019-08-24 12:45:47 - [TEST_STEP][PASSED] - println(symbol): null

2019-08-24 12:45:47 - [TEST_STEP][PASSED] - if (i == 2 &amp;&amp; wildList.indexOf(symbol) != -1): null

2019-08-24 12:45:47 - [TEST_STEP][PASSED] - if (i == 3 &amp;&amp; wildList.indexOf(symbol) != -1): null

2019-08-24 12:45:47 - [TEST_STEP][PASSED] - if (i == 4 &amp;&amp; wildList.indexOf(symbol) != -1): null

2019-08-24 12:45:47 - [TEST_STEP][PASSED] - symbols = symbols: null

2019-08-24 12:45:47 - [TEST_STEP][PASSED] - for ([j = 0, j &lt; symbols.size(), (j++)]): null

2019-08-24 12:45:47 - [TEST_STEP][PASSED] - symbol = symbol: null

2019-08-24 12:45:47 - [TEST_STEP][PASSED] - println(symbol): null

2019-08-24 12:45:47 - [TEST_STEP][PASSED] - if (i == 2 &amp;&amp; wildList.indexOf(symbol) != -1): null

2019-08-24 12:45:47 - [TEST_STEP][PASSED] - if (i == 3 &amp;&amp; wildList.indexOf(symbol) != -1): null

2019-08-24 12:45:47 - [TEST_STEP][PASSED] - if (i == 4 &amp;&amp; wildList.indexOf(symbol) != -1): null

2019-08-24 12:45:47 - [TEST_STEP][PASSED] - symbol = symbol: null

2019-08-24 12:45:47 - [TEST_STEP][PASSED] - println(symbol): null

2019-08-24 12:45:47 - [TEST_STEP][PASSED] - if (i == 2 &amp;&amp; wildList.indexOf(symbol) != -1): null

2019-08-24 12:45:47 - [TEST_STEP][PASSED] - if (i == 3 &amp;&amp; wildList.indexOf(symbol) != -1): null

2019-08-24 12:45:47 - [TEST_STEP][PASSED] - if (i == 4 &amp;&amp; wildList.indexOf(symbol) != -1): null

2019-08-24 12:45:47 - [TEST_STEP][PASSED] - symbol = symbol: null

2019-08-24 12:45:47 - [TEST_STEP][PASSED] - println(symbol): null

2019-08-24 12:45:47 - [TEST_STEP][PASSED] - if (i == 2 &amp;&amp; wildList.indexOf(symbol) != -1): null

2019-08-24 12:45:47 - [TEST_STEP][PASSED] - if (i == 3 &amp;&amp; wildList.indexOf(symbol) != -1): null

2019-08-24 12:45:47 - [TEST_STEP][PASSED] - if (i == 4 &amp;&amp; wildList.indexOf(symbol) != -1): null

2019-08-24 12:45:47 - [TEST_STEP][PASSED] - symbols = symbols: null

2019-08-24 12:45:47 - [TEST_STEP][PASSED] - for ([j = 0, j &lt; symbols.size(), (j++)]): null

2019-08-24 12:45:47 - [TEST_STEP][PASSED] - symbol = symbol: null

2019-08-24 12:45:47 - [TEST_STEP][PASSED] - println(symbol): null

2019-08-24 12:45:47 - [TEST_STEP][PASSED] - if (i == 2 &amp;&amp; wildList.indexOf(symbol) != -1): null

2019-08-24 12:45:47 - [TEST_STEP][PASSED] - if (i == 3 &amp;&amp; wildList.indexOf(symbol) != -1): null

2019-08-24 12:45:47 - [TEST_STEP][PASSED] - if (i == 4 &amp;&amp; wildList.indexOf(symbol) != -1): null

2019-08-24 12:45:47 - [TEST_STEP][PASSED] - symbol = symbol: null

2019-08-24 12:45:47 - [TEST_STEP][PASSED] - println(symbol): null

2019-08-24 12:45:47 - [TEST_STEP][PASSED] - if (i == 2 &amp;&amp; wildList.indexOf(symbol) != -1): null

2019-08-24 12:45:47 - [TEST_STEP][PASSED] - if (i == 3 &amp;&amp; wildList.indexOf(symbol) != -1): null

2019-08-24 12:45:47 - [TEST_STEP][PASSED] - if (i == 4 &amp;&amp; wildList.indexOf(symbol) != -1): null

2019-08-24 12:45:47 - [TEST_STEP][PASSED] - symbol = symbol: null

2019-08-24 12:45:47 - [TEST_STEP][PASSED] - println(symbol): null

2019-08-24 12:45:47 - [TEST_STEP][PASSED] - if (i == 2 &amp;&amp; wildList.indexOf(symbol) != -1): null

2019-08-24 12:45:47 - [TEST_STEP][PASSED] - if (i == 3 &amp;&amp; wildList.indexOf(symbol) != -1): null

2019-08-24 12:45:47 - [TEST_STEP][PASSED] - if (i == 4 &amp;&amp; wildList.indexOf(symbol) != -1): null

2019-08-24 12:45:47 - [TEST_STEP][PASSED] - free_spin_reel_counter = free_spin_reel_counter: null

2019-08-24 12:45:47 - [TEST_STEP][PASSED] - println("reel 3 wild found: " + free_spin_reel_counter[0]): null

2019-08-24 12:45:47 - [TEST_STEP][PASSED] - println("reel 4 wild found: " + free_spin_reel_counter[1]): null

2019-08-24 12:45:47 - [TEST_STEP][PASSED] - println("reel 5 wild found: " + free_spin_reel_counter[2]): null

2019-08-24 12:45:47 - [TEST_STEP][PASSED] - M4_spin_reels = M4_spin_reels: null

2019-08-24 12:45:47 - [TEST_STEP][PASSED] - M4_spin_reels_symbols = symbol: null

2019-08-24 12:45:47 - [TEST_STEP][PASSED] - M4_spin_reels_symbols = M4_spin_reels_symbols: null

2019-08-24 12:45:47 - [TEST_STEP][PASSED] - M4_spin_reel_wins = reel_wins: null

2019-08-24 12:45:47 - [TEST_STEP][PASSED] - M4_spin_reel_wins = M4_spin_reel_wins: null

2019-08-24 12:45:47 - [TEST_STEP][PASSED] - println("GlobalVariable.M4_spin_reel_wins is: " + M4_spin_reel_wins): null

2019-08-24 12:45:47 - [TEST_STEP][PASSED] - M4_spin_total_bonus_win_this_round = total_bonus_win_this_round: null

2019-08-24 12:45:47 - [TEST_STEP][PASSED] - M4_spin_total_bonus_win_this_round = M4_spin_total_bonus_win_this_round: null

2019-08-24 12:45:47 - [TEST_STEP][PASSED] - println("GlobalVariable.M4_spin_total_bonus_win_this_round is: " + M4_spin_total_bonus_win_this_round): null

2019-08-24 12:45:47 - [TEST_STEP][PASSED] - M4_spin_bonus_spin_result = spin_result: null

2019-08-24 12:45:47 - [TEST_STEP][PASSED] - M4_spin_bonus_spin_result = M4_spin_bonus_spin_result: null

2019-08-24 12:45:47 - [MESSAGE][PASSED] - Verify response successfully

2019-08-24 12:45:47 - [MESSAGE][PASSED] - Send request and verify the response successfully

2019-08-24 12:45:47 - [TEST_STEP][PASSED] - if (M4_total_bonus_spins_int != 0 &amp;&amp; M4_spin_reels_symbols[2].contains("WILD_Double") || M4_spin_reels_symbols[4].contains("WILD_Triple")): null

2019-08-24 12:45:47 - [TEST_STEP][PASSED] - free_spin_reel_counter = free_spin_reel_counter: null

2019-08-24 12:45:47 - [TEST_STEP][PASSED] - M4_spin_reels_symbols = M4_spin_reels_symbols: null

2019-08-24 12:45:47 - [TEST_STEP][PASSED] - M4_total_bonus_spins = M4_total_bonus_spins: null

2019-08-24 12:45:47 - [TEST_STEP][PASSED] - spin_result = sendRequestAndVerify(findTestObject("INT/RGS(M4)/1_M4_spin", ["M4_login_user_id":M4_login_user_id, "rgs_session_token":rgs_session_token, "partner":Partner])): Send request and verify the response successfully

2019-08-24 12:45:47 - [MESSAGE][INFO] - HAR: /Users/eiralee/Katalon_Script/SuperWild/Reports/20190824_124242/INT/superWild_4/20190824_124242/requests/main/59.har

2019-08-24 12:45:48 - [TEST_CASE][PASSED] - Start Test Case : Verification: Verification accomplished successfully

2019-08-24 12:45:48 - [TEST_STEP][PASSED] - request = getInstance().getCurrentRequest(): null

2019-08-24 12:45:48 - [TEST_STEP][PASSED] - response = getInstance().getCurrentResponse(): null

2019-08-24 12:45:48 - [TEST_STEP][PASSED] - verifyResponseStatusCode(response, 200): Verify response status code successfully

2019-08-24 12:45:48 - [MESSAGE][PASSED] - Verify response status code successfully

2019-08-24 12:45:48 - [TEST_STEP][PASSED] - getStatusCode()).isEqualTo(200): null

2019-08-24 12:45:48 - [TEST_STEP][PASSED] - newline = System.getProperty("line.separator"): null

2019-08-24 12:45:48 - [TEST_STEP][PASSED] - M4_spin = new groovy.json.JsonSlurper(): null

2019-08-24 12:45:48 - [TEST_STEP][PASSED] - result_M4_spin = M4_spin.parseText(response.getResponseBodyContent()): null

2019-08-24 12:45:48 - [TEST_STEP][PASSED] - M4_spin_current_balance = current_balance: null

2019-08-24 12:45:48 - [TEST_STEP][PASSED] - M4_spin_current_balance = M4_spin_current_balance: null

2019-08-24 12:45:48 - [TEST_STEP][PASSED] - M4_spin_transaction_id = causality: null

2019-08-24 12:45:48 - [TEST_STEP][PASSED] - M4_spin_transaction_id = M4_spin_transaction_id: null

2019-08-24 12:45:48 - [TEST_STEP][PASSED] - M4_spin_round_id = round_id: null

2019-08-24 12:45:48 - [TEST_STEP][PASSED] - M4_spin_round_id = M4_spin_round_id: null

2019-08-24 12:45:48 - [TEST_STEP][PASSED] - M4_spin_line_wins = line_wins: null

2019-08-24 12:45:48 - [TEST_STEP][PASSED] - M4_spin_line_wins = M4_spin_line_wins: null

2019-08-24 12:45:48 - [TEST_STEP][PASSED] - M4_total_bonus_spins_int = total_bonus_spins: null

2019-08-24 12:45:48 - [TEST_STEP][PASSED] - println("******M4_total_bonus_spins type is:*******" + newline + getClass().getName()): null

2019-08-24 12:45:48 - [TEST_STEP][PASSED] - M4_total_bonus_spins_int = M4_total_bonus_spins_int: null

2019-08-24 12:45:48 - [TEST_STEP][PASSED] - M4_total_bonus_spins = Integer.toString(M4_total_bonus_spins_int): null

2019-08-24 12:45:48 - [TEST_STEP][PASSED] - M4_total_bonus_spins = M4_total_bonus_spins: null

2019-08-24 12:45:48 - [TEST_STEP][PASSED] - println("M4_total_bonus_spins is:" + M4_total_bonus_spins): null

2019-08-24 12:45:48 - [TEST_STEP][PASSED] - M4_spin_bonus_data = bonus_data: null

2019-08-24 12:45:48 - [TEST_STEP][PASSED] - M4_spin_features_triggered = result_M4_spin: null

2019-08-24 12:45:48 - [TEST_STEP][PASSED] - wild = []: null

2019-08-24 12:45:48 - [TEST_STEP][PASSED] - wild[0] = "WILD_Expanding": null

2019-08-24 12:45:48 - [TEST_STEP][PASSED] - wild[1] = "WILD_Normal": null

2019-08-24 12:45:48 - [TEST_STEP][PASSED] - wild[2] = "WILD_Double": null

2019-08-24 12:45:48 - [TEST_STEP][PASSED] - wild[3] = "WILD_ExtraFG": null

2019-08-24 12:45:48 - [TEST_STEP][PASSED] - wild[4] = "WILD_Triple": null

2019-08-24 12:45:48 - [TEST_STEP][PASSED] - wildList = Arrays.asList(wild): null

2019-08-24 12:45:48 - [TEST_STEP][PASSED] - wildList = wildList: null

2019-08-24 12:45:48 - [TEST_STEP][PASSED] - free_spin_reel_counter = []: null

2019-08-24 12:45:48 - [TEST_STEP][PASSED] - free_spin_reel_counter[0] = 0: null

2019-08-24 12:45:48 - [TEST_STEP][PASSED] - free_spin_reel_counter[1] = 0: null

2019-08-24 12:45:48 - [TEST_STEP][PASSED] - free_spin_reel_counter[2] = 0: null

2019-08-24 12:45:48 - [TEST_STEP][PASSED] - M4_spin_reels = reels: null

2019-08-24 12:45:48 - [TEST_STEP][PASSED] - for ([i = 0, i &lt; M4_spin_reels.size(), (i++)]): null

2019-08-24 12:45:48 - [TEST_STEP][PASSED] - symbols = symbols: null

2019-08-24 12:45:48 - [TEST_STEP][PASSED] - for ([j = 0, j &lt; symbols.size(), (j++)]): null

2019-08-24 12:45:48 - [TEST_STEP][PASSED] - symbol = symbol: null

2019-08-24 12:45:48 - [TEST_STEP][PASSED] - println(symbol): null

2019-08-24 12:45:48 - [TEST_STEP][PASSED] - if (i == 2 &amp;&amp; wildList.indexOf(symbol) != -1): null

2019-08-24 12:45:48 - [TEST_STEP][PASSED] - if (i == 3 &amp;&amp; wildList.indexOf(symbol) != -1): null

2019-08-24 12:45:48 - [TEST_STEP][PASSED] - if (i == 4 &amp;&amp; wildList.indexOf(symbol) != -1): null

2019-08-24 12:45:48 - [TEST_STEP][PASSED] - symbol = symbol: null

2019-08-24 12:45:48 - [TEST_STEP][PASSED] - println(symbol): null

2019-08-24 12:45:48 - [TEST_STEP][PASSED] - if (i == 2 &amp;&amp; wildList.indexOf(symbol) != -1): null

2019-08-24 12:45:48 - [TEST_STEP][PASSED] - if (i == 3 &amp;&amp; wildList.indexOf(symbol) != -1): null

2019-08-24 12:45:48 - [TEST_STEP][PASSED] - if (i == 4 &amp;&amp; wildList.indexOf(symbol) != -1): null

2019-08-24 12:45:48 - [TEST_STEP][PASSED] - symbol = symbol: null

2019-08-24 12:45:48 - [TEST_STEP][PASSED] - println(symbol): null

2019-08-24 12:45:48 - [TEST_STEP][PASSED] - if (i == 2 &amp;&amp; wildList.indexOf(symbol) != -1): null

2019-08-24 12:45:48 - [TEST_STEP][PASSED] - if (i == 3 &amp;&amp; wildList.indexOf(symbol) != -1): null

2019-08-24 12:45:48 - [TEST_STEP][PASSED] - if (i == 4 &amp;&amp; wildList.indexOf(symbol) != -1): null

2019-08-24 12:45:48 - [TEST_STEP][PASSED] - symbols = symbols: null

2019-08-24 12:45:48 - [TEST_STEP][PASSED] - for ([j = 0, j &lt; symbols.size(), (j++)]): null

2019-08-24 12:45:48 - [TEST_STEP][PASSED] - symbol = symbol: null

2019-08-24 12:45:48 - [TEST_STEP][PASSED] - println(symbol): null

2019-08-24 12:45:48 - [TEST_STEP][PASSED] - if (i == 2 &amp;&amp; wildList.indexOf(symbol) != -1): null

2019-08-24 12:45:48 - [TEST_STEP][PASSED] - if (i == 3 &amp;&amp; wildList.indexOf(symbol) != -1): null

2019-08-24 12:45:48 - [TEST_STEP][PASSED] - if (i == 4 &amp;&amp; wildList.indexOf(symbol) != -1): null

2019-08-24 12:45:48 - [TEST_STEP][PASSED] - symbol = symbol: null

2019-08-24 12:45:48 - [TEST_STEP][PASSED] - println(symbol): null

2019-08-24 12:45:48 - [TEST_STEP][PASSED] - if (i == 2 &amp;&amp; wildList.indexOf(symbol) != -1): null

2019-08-24 12:45:48 - [TEST_STEP][PASSED] - if (i == 3 &amp;&amp; wildList.indexOf(symbol) != -1): null

2019-08-24 12:45:48 - [TEST_STEP][PASSED] - if (i == 4 &amp;&amp; wildList.indexOf(symbol) != -1): null

2019-08-24 12:45:48 - [TEST_STEP][PASSED] - symbol = symbol: null

2019-08-24 12:45:48 - [TEST_STEP][PASSED] - println(symbol): null

2019-08-24 12:45:48 - [TEST_STEP][PASSED] - if (i == 2 &amp;&amp; wildList.indexOf(symbol) != -1): null

2019-08-24 12:45:48 - [TEST_STEP][PASSED] - if (i == 3 &amp;&amp; wildList.indexOf(symbol) != -1): null

2019-08-24 12:45:48 - [TEST_STEP][PASSED] - if (i == 4 &amp;&amp; wildList.indexOf(symbol) != -1): null

2019-08-24 12:45:48 - [TEST_STEP][PASSED] - symbols = symbols: null

2019-08-24 12:45:48 - [TEST_STEP][PASSED] - for ([j = 0, j &lt; symbols.size(), (j++)]): null

2019-08-24 12:45:48 - [TEST_STEP][PASSED] - symbol = symbol: null

2019-08-24 12:45:48 - [TEST_STEP][PASSED] - println(symbol): null

2019-08-24 12:45:48 - [TEST_STEP][PASSED] - if (i == 2 &amp;&amp; wildList.indexOf(symbol) != -1): null

2019-08-24 12:45:48 - [TEST_STEP][PASSED] - if (i == 3 &amp;&amp; wildList.indexOf(symbol) != -1): null

2019-08-24 12:45:48 - [TEST_STEP][PASSED] - if (i == 4 &amp;&amp; wildList.indexOf(symbol) != -1): null

2019-08-24 12:45:48 - [TEST_STEP][PASSED] - symbol = symbol: null

2019-08-24 12:45:48 - [TEST_STEP][PASSED] - println(symbol): null

2019-08-24 12:45:48 - [TEST_STEP][PASSED] - if (i == 2 &amp;&amp; wildList.indexOf(symbol) != -1): null

2019-08-24 12:45:48 - [TEST_STEP][PASSED] - if (i == 3 &amp;&amp; wildList.indexOf(symbol) != -1): null

2019-08-24 12:45:48 - [TEST_STEP][PASSED] - if (i == 4 &amp;&amp; wildList.indexOf(symbol) != -1): null

2019-08-24 12:45:48 - [TEST_STEP][PASSED] - symbol = symbol: null

2019-08-24 12:45:48 - [TEST_STEP][PASSED] - println(symbol): null

2019-08-24 12:45:48 - [TEST_STEP][PASSED] - if (i == 2 &amp;&amp; wildList.indexOf(symbol) != -1): null

2019-08-24 12:45:48 - [TEST_STEP][PASSED] - if (i == 3 &amp;&amp; wildList.indexOf(symbol) != -1): null

2019-08-24 12:45:48 - [TEST_STEP][PASSED] - if (i == 4 &amp;&amp; wildList.indexOf(symbol) != -1): null

2019-08-24 12:45:48 - [TEST_STEP][PASSED] - symbols = symbols: null

2019-08-24 12:45:48 - [TEST_STEP][PASSED] - for ([j = 0, j &lt; symbols.size(), (j++)]): null

2019-08-24 12:45:48 - [TEST_STEP][PASSED] - symbol = symbol: null

2019-08-24 12:45:48 - [TEST_STEP][PASSED] - println(symbol): null

2019-08-24 12:45:48 - [TEST_STEP][PASSED] - if (i == 2 &amp;&amp; wildList.indexOf(symbol) != -1): null

2019-08-24 12:45:48 - [TEST_STEP][PASSED] - if (i == 3 &amp;&amp; wildList.indexOf(symbol) != -1): null

2019-08-24 12:45:48 - [TEST_STEP][PASSED] - if (i == 4 &amp;&amp; wildList.indexOf(symbol) != -1): null

2019-08-24 12:45:48 - [TEST_STEP][PASSED] - symbol = symbol: null

2019-08-24 12:45:48 - [TEST_STEP][PASSED] - println(symbol): null

2019-08-24 12:45:48 - [TEST_STEP][PASSED] - if (i == 2 &amp;&amp; wildList.indexOf(symbol) != -1): null

2019-08-24 12:45:48 - [TEST_STEP][PASSED] - if (i == 3 &amp;&amp; wildList.indexOf(symbol) != -1): null

2019-08-24 12:45:48 - [TEST_STEP][PASSED] - if (i == 4 &amp;&amp; wildList.indexOf(symbol) != -1): null

2019-08-24 12:45:48 - [TEST_STEP][PASSED] - symbol = symbol: null

2019-08-24 12:45:48 - [TEST_STEP][PASSED] - println(symbol): null

2019-08-24 12:45:48 - [TEST_STEP][PASSED] - if (i == 2 &amp;&amp; wildList.indexOf(symbol) != -1): null

2019-08-24 12:45:48 - [TEST_STEP][PASSED] - if (i == 3 &amp;&amp; wildList.indexOf(symbol) != -1): null

2019-08-24 12:45:48 - [TEST_STEP][PASSED] - if (i == 4 &amp;&amp; wildList.indexOf(symbol) != -1): null

2019-08-24 12:45:48 - [TEST_STEP][PASSED] - symbols = symbols: null

2019-08-24 12:45:48 - [TEST_STEP][PASSED] - for ([j = 0, j &lt; symbols.size(), (j++)]): null

2019-08-24 12:45:48 - [TEST_STEP][PASSED] - symbol = symbol: null

2019-08-24 12:45:48 - [TEST_STEP][PASSED] - println(symbol): null

2019-08-24 12:45:48 - [TEST_STEP][PASSED] - if (i == 2 &amp;&amp; wildList.indexOf(symbol) != -1): null

2019-08-24 12:45:48 - [TEST_STEP][PASSED] - if (i == 3 &amp;&amp; wildList.indexOf(symbol) != -1): null

2019-08-24 12:45:48 - [TEST_STEP][PASSED] - if (i == 4 &amp;&amp; wildList.indexOf(symbol) != -1): null

2019-08-24 12:45:48 - [TEST_STEP][PASSED] - println("wild found on reel 5, adding counter by 1"): null

2019-08-24 12:45:48 - [TEST_STEP][PASSED] - free_spin_reel_counter[2] = free_spin_reel_counter[2] + 1: null

2019-08-24 12:45:48 - [TEST_STEP][PASSED] - symbol = symbol: null

2019-08-24 12:45:48 - [TEST_STEP][PASSED] - println(symbol): null

2019-08-24 12:45:48 - [TEST_STEP][PASSED] - if (i == 2 &amp;&amp; wildList.indexOf(symbol) != -1): null

2019-08-24 12:45:48 - [TEST_STEP][PASSED] - if (i == 3 &amp;&amp; wildList.indexOf(symbol) != -1): null

2019-08-24 12:45:48 - [TEST_STEP][PASSED] - if (i == 4 &amp;&amp; wildList.indexOf(symbol) != -1): null

2019-08-24 12:45:48 - [TEST_STEP][PASSED] - symbol = symbol: null

2019-08-24 12:45:48 - [TEST_STEP][PASSED] - println(symbol): null

2019-08-24 12:45:48 - [TEST_STEP][PASSED] - if (i == 2 &amp;&amp; wildList.indexOf(symbol) != -1): null

2019-08-24 12:45:48 - [TEST_STEP][PASSED] - if (i == 3 &amp;&amp; wildList.indexOf(symbol) != -1): null

2019-08-24 12:45:48 - [TEST_STEP][PASSED] - if (i == 4 &amp;&amp; wildList.indexOf(symbol) != -1): null

2019-08-24 12:45:48 - [TEST_STEP][PASSED] - free_spin_reel_counter = free_spin_reel_counter: null

2019-08-24 12:45:48 - [TEST_STEP][PASSED] - println("reel 3 wild found: " + free_spin_reel_counter[0]): null

2019-08-24 12:45:48 - [TEST_STEP][PASSED] - println("reel 4 wild found: " + free_spin_reel_counter[1]): null

2019-08-24 12:45:48 - [TEST_STEP][PASSED] - println("reel 5 wild found: " + free_spin_reel_counter[2]): null

2019-08-24 12:45:48 - [TEST_STEP][PASSED] - M4_spin_reels = M4_spin_reels: null

2019-08-24 12:45:48 - [TEST_STEP][PASSED] - M4_spin_reels_symbols = symbol: null

2019-08-24 12:45:48 - [TEST_STEP][PASSED] - M4_spin_reels_symbols = M4_spin_reels_symbols: null

2019-08-24 12:45:48 - [TEST_STEP][PASSED] - M4_spin_reel_wins = reel_wins: null

2019-08-24 12:45:48 - [TEST_STEP][PASSED] - M4_spin_reel_wins = M4_spin_reel_wins: null

2019-08-24 12:45:48 - [TEST_STEP][PASSED] - println("GlobalVariable.M4_spin_reel_wins is: " + M4_spin_reel_wins): null

2019-08-24 12:45:48 - [TEST_STEP][PASSED] - M4_spin_total_bonus_win_this_round = total_bonus_win_this_round: null

2019-08-24 12:45:48 - [TEST_STEP][PASSED] - M4_spin_total_bonus_win_this_round = M4_spin_total_bonus_win_this_round: null

2019-08-24 12:45:48 - [TEST_STEP][PASSED] - println("GlobalVariable.M4_spin_total_bonus_win_this_round is: " + M4_spin_total_bonus_win_this_round): null

2019-08-24 12:45:48 - [TEST_STEP][PASSED] - M4_spin_bonus_spin_result = spin_result: null

2019-08-24 12:45:48 - [TEST_STEP][PASSED] - M4_spin_bonus_spin_result = M4_spin_bonus_spin_result: null

2019-08-24 12:45:48 - [MESSAGE][PASSED] - Verify response successfully

2019-08-24 12:45:48 - [MESSAGE][PASSED] - Send request and verify the response successfully

2019-08-24 12:45:48 - [TEST_STEP][PASSED] - if (M4_total_bonus_spins_int != 0 &amp;&amp; M4_spin_reels_symbols[2].contains("WILD_Double") || M4_spin_reels_symbols[4].contains("WILD_Triple")): null

2019-08-24 12:45:48 - [TEST_STEP][PASSED] - free_spin_reel_counter = free_spin_reel_counter: null

2019-08-24 12:45:48 - [TEST_STEP][PASSED] - M4_spin_reels_symbols = M4_spin_reels_symbols: null

2019-08-24 12:45:48 - [TEST_STEP][PASSED] - M4_total_bonus_spins = M4_total_bonus_spins: null

2019-08-24 12:45:48 - [TEST_STEP][PASSED] - spin_result = sendRequestAndVerify(findTestObject("INT/RGS(M4)/1_M4_spin", ["M4_login_user_id":M4_login_user_id, "rgs_session_token":rgs_session_token, "partner":Partner])): Send request and verify the response successfully

2019-08-24 12:45:48 - [MESSAGE][INFO] - HAR: /Users/eiralee/Katalon_Script/SuperWild/Reports/20190824_124242/INT/superWild_4/20190824_124242/requests/main/60.har

2019-08-24 12:45:48 - [TEST_CASE][PASSED] - Start Test Case : Verification: Verification accomplished successfully

2019-08-24 12:45:48 - [TEST_STEP][PASSED] - request = getInstance().getCurrentRequest(): null

2019-08-24 12:45:48 - [TEST_STEP][PASSED] - response = getInstance().getCurrentResponse(): null

2019-08-24 12:45:48 - [TEST_STEP][PASSED] - verifyResponseStatusCode(response, 200): Verify response status code successfully

2019-08-24 12:45:48 - [MESSAGE][PASSED] - Verify response status code successfully

2019-08-24 12:45:48 - [TEST_STEP][PASSED] - getStatusCode()).isEqualTo(200): null

2019-08-24 12:45:48 - [TEST_STEP][PASSED] - newline = System.getProperty("line.separator"): null

2019-08-24 12:45:48 - [TEST_STEP][PASSED] - M4_spin = new groovy.json.JsonSlurper(): null

2019-08-24 12:45:48 - [TEST_STEP][PASSED] - result_M4_spin = M4_spin.parseText(response.getResponseBodyContent()): null

2019-08-24 12:45:48 - [TEST_STEP][PASSED] - M4_spin_current_balance = current_balance: null

2019-08-24 12:45:48 - [TEST_STEP][PASSED] - M4_spin_current_balance = M4_spin_current_balance: null

2019-08-24 12:45:48 - [TEST_STEP][PASSED] - M4_spin_transaction_id = causality: null

2019-08-24 12:45:48 - [TEST_STEP][PASSED] - M4_spin_transaction_id = M4_spin_transaction_id: null

2019-08-24 12:45:48 - [TEST_STEP][PASSED] - M4_spin_round_id = round_id: null

2019-08-24 12:45:48 - [TEST_STEP][PASSED] - M4_spin_round_id = M4_spin_round_id: null

2019-08-24 12:45:48 - [TEST_STEP][PASSED] - M4_spin_line_wins = line_wins: null

2019-08-24 12:45:48 - [TEST_STEP][PASSED] - M4_spin_line_wins = M4_spin_line_wins: null

2019-08-24 12:45:48 - [TEST_STEP][PASSED] - M4_total_bonus_spins_int = total_bonus_spins: null

2019-08-24 12:45:48 - [TEST_STEP][PASSED] - println("******M4_total_bonus_spins type is:*******" + newline + getClass().getName()): null

2019-08-24 12:45:48 - [TEST_STEP][PASSED] - M4_total_bonus_spins_int = M4_total_bonus_spins_int: null

2019-08-24 12:45:48 - [TEST_STEP][PASSED] - M4_total_bonus_spins = Integer.toString(M4_total_bonus_spins_int): null

2019-08-24 12:45:48 - [TEST_STEP][PASSED] - M4_total_bonus_spins = M4_total_bonus_spins: null

2019-08-24 12:45:48 - [TEST_STEP][PASSED] - println("M4_total_bonus_spins is:" + M4_total_bonus_spins): null

2019-08-24 12:45:48 - [TEST_STEP][PASSED] - M4_spin_bonus_data = bonus_data: null

2019-08-24 12:45:48 - [TEST_STEP][PASSED] - M4_spin_features_triggered = result_M4_spin: null

2019-08-24 12:45:48 - [TEST_STEP][PASSED] - wild = []: null

2019-08-24 12:45:48 - [TEST_STEP][PASSED] - wild[0] = "WILD_Expanding": null

2019-08-24 12:45:48 - [TEST_STEP][PASSED] - wild[1] = "WILD_Normal": null

2019-08-24 12:45:48 - [TEST_STEP][PASSED] - wild[2] = "WILD_Double": null

2019-08-24 12:45:52 - [TEST_STEP][PASSED] - wild[3] = "WILD_ExtraFG": null

2019-08-24 12:45:52 - [TEST_STEP][PASSED] - wild[4] = "WILD_Triple": null

2019-08-24 12:45:52 - [TEST_STEP][PASSED] - wildList = Arrays.asList(wild): null

2019-08-24 12:45:52 - [TEST_STEP][PASSED] - wildList = wildList: null

2019-08-24 12:45:52 - [TEST_STEP][PASSED] - free_spin_reel_counter = []: null

2019-08-24 12:45:52 - [TEST_STEP][PASSED] - free_spin_reel_counter[0] = 0: null

2019-08-24 12:45:52 - [TEST_STEP][PASSED] - free_spin_reel_counter[1] = 0: null

2019-08-24 12:45:52 - [TEST_STEP][PASSED] - free_spin_reel_counter[2] = 0: null

2019-08-24 12:45:52 - [TEST_STEP][PASSED] - M4_spin_reels = reels: null

2019-08-24 12:45:52 - [TEST_STEP][PASSED] - for ([i = 0, i &lt; M4_spin_reels.size(), (i++)]): null

2019-08-24 12:45:54 - [TEST_STEP][PASSED] - symbols = symbols: null

2019-08-24 12:45:54 - [TEST_STEP][PASSED] - for ([j = 0, j &lt; symbols.size(), (j++)]): null

2019-08-24 12:45:54 - [TEST_STEP][PASSED] - symbol = symbol: null

2019-08-24 12:45:54 - [TEST_STEP][PASSED] - println(symbol): null

2019-08-24 12:45:54 - [TEST_STEP][PASSED] - if (i == 2 &amp;&amp; wildList.indexOf(symbol) != -1): null

2019-08-24 12:45:54 - [TEST_STEP][PASSED] - if (i == 3 &amp;&amp; wildList.indexOf(symbol) != -1): null

2019-08-24 12:45:54 - [TEST_STEP][PASSED] - if (i == 4 &amp;&amp; wildList.indexOf(symbol) != -1): null

2019-08-24 12:45:54 - [TEST_STEP][PASSED] - symbol = symbol: null

2019-08-24 12:45:54 - [TEST_STEP][PASSED] - println(symbol): null

2019-08-24 12:45:54 - [TEST_STEP][PASSED] - if (i == 2 &amp;&amp; wildList.indexOf(symbol) != -1): null

2019-08-24 12:45:54 - [TEST_STEP][PASSED] - if (i == 3 &amp;&amp; wildList.indexOf(symbol) != -1): null

2019-08-24 12:45:54 - [TEST_STEP][PASSED] - if (i == 4 &amp;&amp; wildList.indexOf(symbol) != -1): null

2019-08-24 12:45:54 - [TEST_STEP][PASSED] - symbol = symbol: null

2019-08-24 12:45:54 - [TEST_STEP][PASSED] - println(symbol): null

2019-08-24 12:45:54 - [TEST_STEP][PASSED] - if (i == 2 &amp;&amp; wildList.indexOf(symbol) != -1): null

2019-08-24 12:45:54 - [TEST_STEP][PASSED] - if (i == 3 &amp;&amp; wildList.indexOf(symbol) != -1): null

2019-08-24 12:45:54 - [TEST_STEP][PASSED] - if (i == 4 &amp;&amp; wildList.indexOf(symbol) != -1): null

2019-08-24 12:45:54 - [TEST_STEP][PASSED] - symbols = symbols: null

2019-08-24 12:45:54 - [TEST_STEP][PASSED] - for ([j = 0, j &lt; symbols.size(), (j++)]): null

2019-08-24 12:45:54 - [TEST_STEP][PASSED] - symbol = symbol: null

2019-08-24 12:45:54 - [TEST_STEP][PASSED] - println(symbol): null

2019-08-24 12:45:54 - [TEST_STEP][PASSED] - if (i == 2 &amp;&amp; wildList.indexOf(symbol) != -1): null

2019-08-24 12:45:54 - [TEST_STEP][PASSED] - if (i == 3 &amp;&amp; wildList.indexOf(symbol) != -1): null

2019-08-24 12:45:54 - [TEST_STEP][PASSED] - if (i == 4 &amp;&amp; wildList.indexOf(symbol) != -1): null

2019-08-24 12:45:54 - [TEST_STEP][PASSED] - symbol = symbol: null

2019-08-24 12:45:54 - [TEST_STEP][PASSED] - println(symbol): null

2019-08-24 12:45:54 - [TEST_STEP][PASSED] - if (i == 2 &amp;&amp; wildList.indexOf(symbol) != -1): null

2019-08-24 12:45:54 - [TEST_STEP][PASSED] - if (i == 3 &amp;&amp; wildList.indexOf(symbol) != -1): null

2019-08-24 12:45:54 - [TEST_STEP][PASSED] - if (i == 4 &amp;&amp; wildList.indexOf(symbol) != -1): null

2019-08-24 12:45:54 - [TEST_STEP][PASSED] - symbol = symbol: null

2019-08-24 12:45:54 - [TEST_STEP][PASSED] - println(symbol): null

2019-08-24 12:45:54 - [TEST_STEP][PASSED] - if (i == 2 &amp;&amp; wildList.indexOf(symbol) != -1): null

2019-08-24 12:45:54 - [TEST_STEP][PASSED] - if (i == 3 &amp;&amp; wildList.indexOf(symbol) != -1): null

2019-08-24 12:45:54 - [TEST_STEP][PASSED] - if (i == 4 &amp;&amp; wildList.indexOf(symbol) != -1): null

2019-08-24 12:45:54 - [TEST_STEP][PASSED] - symbols = symbols: null

2019-08-24 12:45:54 - [TEST_STEP][PASSED] - for ([j = 0, j &lt; symbols.size(), (j++)]): null

2019-08-24 12:45:54 - [TEST_STEP][PASSED] - symbol = symbol: null

2019-08-24 12:45:54 - [TEST_STEP][PASSED] - println(symbol): null

2019-08-24 12:45:54 - [TEST_STEP][PASSED] - if (i == 2 &amp;&amp; wildList.indexOf(symbol) != -1): null

2019-08-24 12:45:54 - [TEST_STEP][PASSED] - if (i == 3 &amp;&amp; wildList.indexOf(symbol) != -1): null

2019-08-24 12:45:54 - [TEST_STEP][PASSED] - if (i == 4 &amp;&amp; wildList.indexOf(symbol) != -1): null

2019-08-24 12:45:54 - [TEST_STEP][PASSED] - symbol = symbol: null

2019-08-24 12:45:54 - [TEST_STEP][PASSED] - println(symbol): null

2019-08-24 12:45:54 - [TEST_STEP][PASSED] - if (i == 2 &amp;&amp; wildList.indexOf(symbol) != -1): null

2019-08-24 12:45:54 - [TEST_STEP][PASSED] - println("wild found on reel 3, adding counter by 1"): null

2019-08-24 12:45:54 - [TEST_STEP][PASSED] - free_spin_reel_counter[0] = free_spin_reel_counter[0] + 1: null

2019-08-24 12:45:54 - [TEST_STEP][PASSED] - if (i == 3 &amp;&amp; wildList.indexOf(symbol) != -1): null

2019-08-24 12:45:54 - [TEST_STEP][PASSED] - if (i == 4 &amp;&amp; wildList.indexOf(symbol) != -1): null

2019-08-24 12:45:54 - [TEST_STEP][PASSED] - symbol = symbol: null

2019-08-24 12:45:54 - [TEST_STEP][PASSED] - println(symbol): null

2019-08-24 12:45:54 - [TEST_STEP][PASSED] - if (i == 2 &amp;&amp; wildList.indexOf(symbol) != -1): null

2019-08-24 12:45:54 - [TEST_STEP][PASSED] - if (i == 3 &amp;&amp; wildList.indexOf(symbol) != -1): null

2019-08-24 12:45:54 - [TEST_STEP][PASSED] - if (i == 4 &amp;&amp; wildList.indexOf(symbol) != -1): null

2019-08-24 12:45:54 - [TEST_STEP][PASSED] - symbols = symbols: null

2019-08-24 12:45:54 - [TEST_STEP][PASSED] - for ([j = 0, j &lt; symbols.size(), (j++)]): null

2019-08-24 12:45:54 - [TEST_STEP][PASSED] - symbol = symbol: null

2019-08-24 12:45:54 - [TEST_STEP][PASSED] - println(symbol): null

2019-08-24 12:45:54 - [TEST_STEP][PASSED] - if (i == 2 &amp;&amp; wildList.indexOf(symbol) != -1): null

2019-08-24 12:45:54 - [TEST_STEP][PASSED] - if (i == 3 &amp;&amp; wildList.indexOf(symbol) != -1): null

2019-08-24 12:45:54 - [TEST_STEP][PASSED] - if (i == 4 &amp;&amp; wildList.indexOf(symbol) != -1): null

2019-08-24 12:45:54 - [TEST_STEP][PASSED] - symbol = symbol: null

2019-08-24 12:45:54 - [TEST_STEP][PASSED] - println(symbol): null

2019-08-24 12:45:54 - [TEST_STEP][PASSED] - if (i == 2 &amp;&amp; wildList.indexOf(symbol) != -1): null

2019-08-24 12:45:54 - [TEST_STEP][PASSED] - if (i == 3 &amp;&amp; wildList.indexOf(symbol) != -1): null

2019-08-24 12:45:54 - [TEST_STEP][PASSED] - if (i == 4 &amp;&amp; wildList.indexOf(symbol) != -1): null

2019-08-24 12:45:54 - [TEST_STEP][PASSED] - symbol = symbol: null

2019-08-24 12:45:54 - [TEST_STEP][PASSED] - println(symbol): null

2019-08-24 12:45:54 - [TEST_STEP][PASSED] - if (i == 2 &amp;&amp; wildList.indexOf(symbol) != -1): null

2019-08-24 12:45:54 - [TEST_STEP][PASSED] - if (i == 3 &amp;&amp; wildList.indexOf(symbol) != -1): null

2019-08-24 12:45:54 - [TEST_STEP][PASSED] - if (i == 4 &amp;&amp; wildList.indexOf(symbol) != -1): null

2019-08-24 12:45:54 - [TEST_STEP][PASSED] - symbols = symbols: null

2019-08-24 12:45:54 - [TEST_STEP][PASSED] - for ([j = 0, j &lt; symbols.size(), (j++)]): null

2019-08-24 12:45:54 - [TEST_STEP][PASSED] - symbol = symbol: null

2019-08-24 12:45:54 - [TEST_STEP][PASSED] - println(symbol): null

2019-08-24 12:45:54 - [TEST_STEP][PASSED] - if (i == 2 &amp;&amp; wildList.indexOf(symbol) != -1): null

2019-08-24 12:45:54 - [TEST_STEP][PASSED] - if (i == 3 &amp;&amp; wildList.indexOf(symbol) != -1): null

2019-08-24 12:45:54 - [TEST_STEP][PASSED] - if (i == 4 &amp;&amp; wildList.indexOf(symbol) != -1): null

2019-08-24 12:45:54 - [TEST_STEP][PASSED] - symbol = symbol: null

2019-08-24 12:45:54 - [TEST_STEP][PASSED] - println(symbol): null

2019-08-24 12:45:54 - [TEST_STEP][PASSED] - if (i == 2 &amp;&amp; wildList.indexOf(symbol) != -1): null

2019-08-24 12:45:54 - [TEST_STEP][PASSED] - if (i == 3 &amp;&amp; wildList.indexOf(symbol) != -1): null

2019-08-24 12:45:54 - [TEST_STEP][PASSED] - if (i == 4 &amp;&amp; wildList.indexOf(symbol) != -1): null

2019-08-24 12:45:54 - [TEST_STEP][PASSED] - symbol = symbol: null

2019-08-24 12:45:54 - [TEST_STEP][PASSED] - println(symbol): null

2019-08-24 12:45:54 - [TEST_STEP][PASSED] - if (i == 2 &amp;&amp; wildList.indexOf(symbol) != -1): null

2019-08-24 12:45:54 - [TEST_STEP][PASSED] - if (i == 3 &amp;&amp; wildList.indexOf(symbol) != -1): null

2019-08-24 12:45:54 - [TEST_STEP][PASSED] - if (i == 4 &amp;&amp; wildList.indexOf(symbol) != -1): null

2019-08-24 12:45:54 - [TEST_STEP][PASSED] - free_spin_reel_counter = free_spin_reel_counter: null

2019-08-24 12:45:54 - [TEST_STEP][PASSED] - println("reel 3 wild found: " + free_spin_reel_counter[0]): null

2019-08-24 12:45:54 - [TEST_STEP][PASSED] - println("reel 4 wild found: " + free_spin_reel_counter[1]): null

2019-08-24 12:45:54 - [TEST_STEP][PASSED] - println("reel 5 wild found: " + free_spin_reel_counter[2]): null

2019-08-24 12:45:54 - [TEST_STEP][PASSED] - M4_spin_reels = M4_spin_reels: null

2019-08-24 12:45:54 - [TEST_STEP][PASSED] - M4_spin_reels_symbols = symbol: null

2019-08-24 12:45:54 - [TEST_STEP][PASSED] - M4_spin_reels_symbols = M4_spin_reels_symbols: null

2019-08-24 12:45:54 - [TEST_STEP][PASSED] - M4_spin_reel_wins = reel_wins: null

2019-08-24 12:45:54 - [TEST_STEP][PASSED] - M4_spin_reel_wins = M4_spin_reel_wins: null

2019-08-24 12:45:54 - [TEST_STEP][PASSED] - println("GlobalVariable.M4_spin_reel_wins is: " + M4_spin_reel_wins): null

2019-08-24 12:45:54 - [TEST_STEP][PASSED] - M4_spin_total_bonus_win_this_round = total_bonus_win_this_round: null

2019-08-24 12:45:54 - [TEST_STEP][PASSED] - M4_spin_total_bonus_win_this_round = M4_spin_total_bonus_win_this_round: null

2019-08-24 12:45:54 - [TEST_STEP][PASSED] - println("GlobalVariable.M4_spin_total_bonus_win_this_round is: " + M4_spin_total_bonus_win_this_round): null

2019-08-24 12:45:54 - [TEST_STEP][PASSED] - M4_spin_bonus_spin_result = spin_result: null

2019-08-24 12:45:54 - [TEST_STEP][PASSED] - M4_spin_bonus_spin_result = M4_spin_bonus_spin_result: null

2019-08-24 12:45:54 - [MESSAGE][PASSED] - Verify response successfully

2019-08-24 12:45:54 - [MESSAGE][PASSED] - Send request and verify the response successfully

2019-08-24 12:45:54 - [TEST_STEP][PASSED] - if (M4_total_bonus_spins_int != 0 &amp;&amp; M4_spin_reels_symbols[2].contains("WILD_Double") || M4_spin_reels_symbols[4].contains("WILD_Triple")): null

2019-08-24 12:45:54 - [TEST_STEP][PASSED] - free_spin_reel_counter = free_spin_reel_counter: null

2019-08-24 12:45:54 - [TEST_STEP][PASSED] - M4_spin_reels_symbols = M4_spin_reels_symbols: null

2019-08-24 12:45:54 - [TEST_STEP][PASSED] - M4_total_bonus_spins = M4_total_bonus_spins: null

2019-08-24 12:45:54 - [TEST_STEP][PASSED] - spin_result = sendRequestAndVerify(findTestObject("INT/RGS(M4)/1_M4_spin", ["M4_login_user_id":M4_login_user_id, "rgs_session_token":rgs_session_token, "partner":Partner])): Send request and verify the response successfully

2019-08-24 12:45:55 - [MESSAGE][INFO] - HAR: /Users/eiralee/Katalon_Script/SuperWild/Reports/20190824_124242/INT/superWild_4/20190824_124242/requests/main/61.har

2019-08-24 12:45:55 - [TEST_CASE][PASSED] - Start Test Case : Verification: Verification accomplished successfully

2019-08-24 12:45:55 - [TEST_STEP][PASSED] - request = getInstance().getCurrentRequest(): null

2019-08-24 12:45:55 - [TEST_STEP][PASSED] - response = getInstance().getCurrentResponse(): null

2019-08-24 12:45:55 - [TEST_STEP][PASSED] - verifyResponseStatusCode(response, 200): Verify response status code successfully

2019-08-24 12:45:55 - [MESSAGE][PASSED] - Verify response status code successfully

2019-08-24 12:45:55 - [TEST_STEP][PASSED] - getStatusCode()).isEqualTo(200): null

2019-08-24 12:45:55 - [TEST_STEP][PASSED] - newline = System.getProperty("line.separator"): null

2019-08-24 12:45:55 - [TEST_STEP][PASSED] - M4_spin = new groovy.json.JsonSlurper(): null

2019-08-24 12:45:55 - [TEST_STEP][PASSED] - result_M4_spin = M4_spin.parseText(response.getResponseBodyContent()): null

2019-08-24 12:45:55 - [TEST_STEP][PASSED] - M4_spin_current_balance = current_balance: null

2019-08-24 12:45:55 - [TEST_STEP][PASSED] - M4_spin_current_balance = M4_spin_current_balance: null

2019-08-24 12:45:55 - [TEST_STEP][PASSED] - M4_spin_transaction_id = causality: null

2019-08-24 12:45:55 - [TEST_STEP][PASSED] - M4_spin_transaction_id = M4_spin_transaction_id: null

2019-08-24 12:45:55 - [TEST_STEP][PASSED] - M4_spin_round_id = round_id: null

2019-08-24 12:45:55 - [TEST_STEP][PASSED] - M4_spin_round_id = M4_spin_round_id: null

2019-08-24 12:45:55 - [TEST_STEP][PASSED] - M4_spin_line_wins = line_wins: null

2019-08-24 12:45:55 - [TEST_STEP][PASSED] - M4_spin_line_wins = M4_spin_line_wins: null

2019-08-24 12:45:55 - [TEST_STEP][PASSED] - M4_total_bonus_spins_int = total_bonus_spins: null

2019-08-24 12:45:55 - [TEST_STEP][PASSED] - println("******M4_total_bonus_spins type is:*******" + newline + getClass().getName()): null

2019-08-24 12:45:55 - [TEST_STEP][PASSED] - M4_total_bonus_spins_int = M4_total_bonus_spins_int: null

2019-08-24 12:45:55 - [TEST_STEP][PASSED] - M4_total_bonus_spins = Integer.toString(M4_total_bonus_spins_int): null

2019-08-24 12:45:55 - [TEST_STEP][PASSED] - M4_total_bonus_spins = M4_total_bonus_spins: null

2019-08-24 12:45:55 - [TEST_STEP][PASSED] - println("M4_total_bonus_spins is:" + M4_total_bonus_spins): null

2019-08-24 12:45:55 - [TEST_STEP][PASSED] - M4_spin_bonus_data = bonus_data: null

2019-08-24 12:45:55 - [TEST_STEP][PASSED] - M4_spin_features_triggered = result_M4_spin: null

2019-08-24 12:45:55 - [TEST_STEP][PASSED] - wild = []: null

2019-08-24 12:45:55 - [TEST_STEP][PASSED] - wild[0] = "WILD_Expanding": null

2019-08-24 12:45:55 - [TEST_STEP][PASSED] - wild[1] = "WILD_Normal": null

2019-08-24 12:45:55 - [TEST_STEP][PASSED] - wild[2] = "WILD_Double": null

2019-08-24 12:45:55 - [TEST_STEP][PASSED] - wild[3] = "WILD_ExtraFG": null

2019-08-24 12:45:55 - [TEST_STEP][PASSED] - wild[4] = "WILD_Triple": null

2019-08-24 12:45:55 - [TEST_STEP][PASSED] - wildList = Arrays.asList(wild): null

2019-08-24 12:45:55 - [TEST_STEP][PASSED] - wildList = wildList: null

2019-08-24 12:45:55 - [TEST_STEP][PASSED] - free_spin_reel_counter = []: null

2019-08-24 12:45:55 - [TEST_STEP][PASSED] - free_spin_reel_counter[0] = 0: null

2019-08-24 12:45:55 - [TEST_STEP][PASSED] - free_spin_reel_counter[1] = 0: null

2019-08-24 12:45:55 - [TEST_STEP][PASSED] - free_spin_reel_counter[2] = 0: null

2019-08-24 12:45:55 - [TEST_STEP][PASSED] - M4_spin_reels = reels: null

2019-08-24 12:45:55 - [TEST_STEP][PASSED] - for ([i = 0, i &lt; M4_spin_reels.size(), (i++)]): null

2019-08-24 12:45:55 - [TEST_STEP][PASSED] - symbols = symbols: null

2019-08-24 12:45:55 - [TEST_STEP][PASSED] - for ([j = 0, j &lt; symbols.size(), (j++)]): null

2019-08-24 12:45:55 - [TEST_STEP][PASSED] - symbol = symbol: null

2019-08-24 12:45:55 - [TEST_STEP][PASSED] - println(symbol): null

2019-08-24 12:45:55 - [TEST_STEP][PASSED] - if (i == 2 &amp;&amp; wildList.indexOf(symbol) != -1): null

2019-08-24 12:45:55 - [TEST_STEP][PASSED] - if (i == 3 &amp;&amp; wildList.indexOf(symbol) != -1): null

2019-08-24 12:45:55 - [TEST_STEP][PASSED] - if (i == 4 &amp;&amp; wildList.indexOf(symbol) != -1): null

2019-08-24 12:45:55 - [TEST_STEP][PASSED] - symbol = symbol: null

2019-08-24 12:45:55 - [TEST_STEP][PASSED] - println(symbol): null

2019-08-24 12:45:55 - [TEST_STEP][PASSED] - if (i == 2 &amp;&amp; wildList.indexOf(symbol) != -1): null

2019-08-24 12:45:55 - [TEST_STEP][PASSED] - if (i == 3 &amp;&amp; wildList.indexOf(symbol) != -1): null

2019-08-24 12:45:55 - [TEST_STEP][PASSED] - if (i == 4 &amp;&amp; wildList.indexOf(symbol) != -1): null

2019-08-24 12:45:55 - [TEST_STEP][PASSED] - symbol = symbol: null

2019-08-24 12:45:55 - [TEST_STEP][PASSED] - println(symbol): null

2019-08-24 12:45:55 - [TEST_STEP][PASSED] - if (i == 2 &amp;&amp; wildList.indexOf(symbol) != -1): null

2019-08-24 12:45:55 - [TEST_STEP][PASSED] - if (i == 3 &amp;&amp; wildList.indexOf(symbol) != -1): null

2019-08-24 12:45:55 - [TEST_STEP][PASSED] - if (i == 4 &amp;&amp; wildList.indexOf(symbol) != -1): null

2019-08-24 12:45:55 - [TEST_STEP][PASSED] - symbols = symbols: null

2019-08-24 12:45:55 - [TEST_STEP][PASSED] - for ([j = 0, j &lt; symbols.size(), (j++)]): null

2019-08-24 12:45:55 - [TEST_STEP][PASSED] - symbol = symbol: null

2019-08-24 12:45:55 - [TEST_STEP][PASSED] - println(symbol): null

2019-08-24 12:45:55 - [TEST_STEP][PASSED] - if (i == 2 &amp;&amp; wildList.indexOf(symbol) != -1): null

2019-08-24 12:45:55 - [TEST_STEP][PASSED] - if (i == 3 &amp;&amp; wildList.indexOf(symbol) != -1): null

2019-08-24 12:45:55 - [TEST_STEP][PASSED] - if (i == 4 &amp;&amp; wildList.indexOf(symbol) != -1): null

2019-08-24 12:45:55 - [TEST_STEP][PASSED] - symbol = symbol: null

2019-08-24 12:45:55 - [TEST_STEP][PASSED] - println(symbol): null

2019-08-24 12:45:55 - [TEST_STEP][PASSED] - if (i == 2 &amp;&amp; wildList.indexOf(symbol) != -1): null

2019-08-24 12:45:55 - [TEST_STEP][PASSED] - if (i == 3 &amp;&amp; wildList.indexOf(symbol) != -1): null

2019-08-24 12:45:55 - [TEST_STEP][PASSED] - if (i == 4 &amp;&amp; wildList.indexOf(symbol) != -1): null

2019-08-24 12:45:55 - [TEST_STEP][PASSED] - symbol = symbol: null

2019-08-24 12:45:55 - [TEST_STEP][PASSED] - println(symbol): null

2019-08-24 12:45:55 - [TEST_STEP][PASSED] - if (i == 2 &amp;&amp; wildList.indexOf(symbol) != -1): null

2019-08-24 12:45:55 - [TEST_STEP][PASSED] - if (i == 3 &amp;&amp; wildList.indexOf(symbol) != -1): null

2019-08-24 12:45:55 - [TEST_STEP][PASSED] - if (i == 4 &amp;&amp; wildList.indexOf(symbol) != -1): null

2019-08-24 12:45:55 - [TEST_STEP][PASSED] - symbols = symbols: null

2019-08-24 12:45:55 - [TEST_STEP][PASSED] - for ([j = 0, j &lt; symbols.size(), (j++)]): null

2019-08-24 12:45:55 - [TEST_STEP][PASSED] - symbol = symbol: null

2019-08-24 12:45:55 - [TEST_STEP][PASSED] - println(symbol): null

2019-08-24 12:45:55 - [TEST_STEP][PASSED] - if (i == 2 &amp;&amp; wildList.indexOf(symbol) != -1): null

2019-08-24 12:45:55 - [TEST_STEP][PASSED] - if (i == 3 &amp;&amp; wildList.indexOf(symbol) != -1): null

2019-08-24 12:45:55 - [TEST_STEP][PASSED] - if (i == 4 &amp;&amp; wildList.indexOf(symbol) != -1): null

2019-08-24 12:45:55 - [TEST_STEP][PASSED] - symbol = symbol: null

2019-08-24 12:45:55 - [TEST_STEP][PASSED] - println(symbol): null

2019-08-24 12:45:55 - [TEST_STEP][PASSED] - if (i == 2 &amp;&amp; wildList.indexOf(symbol) != -1): null

2019-08-24 12:45:55 - [TEST_STEP][PASSED] - if (i == 3 &amp;&amp; wildList.indexOf(symbol) != -1): null

2019-08-24 12:45:55 - [TEST_STEP][PASSED] - if (i == 4 &amp;&amp; wildList.indexOf(symbol) != -1): null

2019-08-24 12:45:55 - [TEST_STEP][PASSED] - symbol = symbol: null

2019-08-24 12:45:55 - [TEST_STEP][PASSED] - println(symbol): null

2019-08-24 12:45:55 - [TEST_STEP][PASSED] - if (i == 2 &amp;&amp; wildList.indexOf(symbol) != -1): null

2019-08-24 12:45:55 - [TEST_STEP][PASSED] - if (i == 3 &amp;&amp; wildList.indexOf(symbol) != -1): null

2019-08-24 12:45:55 - [TEST_STEP][PASSED] - if (i == 4 &amp;&amp; wildList.indexOf(symbol) != -1): null

2019-08-24 12:45:55 - [TEST_STEP][PASSED] - symbols = symbols: null

2019-08-24 12:45:55 - [TEST_STEP][PASSED] - for ([j = 0, j &lt; symbols.size(), (j++)]): null

2019-08-24 12:45:55 - [TEST_STEP][PASSED] - symbol = symbol: null

2019-08-24 12:45:55 - [TEST_STEP][PASSED] - println(symbol): null

2019-08-24 12:45:55 - [TEST_STEP][PASSED] - if (i == 2 &amp;&amp; wildList.indexOf(symbol) != -1): null

2019-08-24 12:45:55 - [TEST_STEP][PASSED] - if (i == 3 &amp;&amp; wildList.indexOf(symbol) != -1): null

2019-08-24 12:45:55 - [TEST_STEP][PASSED] - if (i == 4 &amp;&amp; wildList.indexOf(symbol) != -1): null

2019-08-24 12:45:55 - [TEST_STEP][PASSED] - symbol = symbol: null

2019-08-24 12:45:55 - [TEST_STEP][PASSED] - println(symbol): null

2019-08-24 12:45:55 - [TEST_STEP][PASSED] - if (i == 2 &amp;&amp; wildList.indexOf(symbol) != -1): null

2019-08-24 12:45:55 - [TEST_STEP][PASSED] - if (i == 3 &amp;&amp; wildList.indexOf(symbol) != -1): null

2019-08-24 12:45:55 - [TEST_STEP][PASSED] - if (i == 4 &amp;&amp; wildList.indexOf(symbol) != -1): null

2019-08-24 12:45:55 - [TEST_STEP][PASSED] - symbol = symbol: null

2019-08-24 12:45:55 - [TEST_STEP][PASSED] - println(symbol): null

2019-08-24 12:45:55 - [TEST_STEP][PASSED] - if (i == 2 &amp;&amp; wildList.indexOf(symbol) != -1): null

2019-08-24 12:45:55 - [TEST_STEP][PASSED] - if (i == 3 &amp;&amp; wildList.indexOf(symbol) != -1): null

2019-08-24 12:45:55 - [TEST_STEP][PASSED] - if (i == 4 &amp;&amp; wildList.indexOf(symbol) != -1): null

2019-08-24 12:45:55 - [TEST_STEP][PASSED] - symbols = symbols: null

2019-08-24 12:45:55 - [TEST_STEP][PASSED] - for ([j = 0, j &lt; symbols.size(), (j++)]): null

2019-08-24 12:45:55 - [TEST_STEP][PASSED] - symbol = symbol: null

2019-08-24 12:45:55 - [TEST_STEP][PASSED] - println(symbol): null

2019-08-24 12:45:55 - [TEST_STEP][PASSED] - if (i == 2 &amp;&amp; wildList.indexOf(symbol) != -1): null

2019-08-24 12:45:55 - [TEST_STEP][PASSED] - if (i == 3 &amp;&amp; wildList.indexOf(symbol) != -1): null

2019-08-24 12:45:55 - [TEST_STEP][PASSED] - if (i == 4 &amp;&amp; wildList.indexOf(symbol) != -1): null

2019-08-24 12:45:55 - [TEST_STEP][PASSED] - symbol = symbol: null

2019-08-24 12:45:55 - [TEST_STEP][PASSED] - println(symbol): null

2019-08-24 12:45:55 - [TEST_STEP][PASSED] - if (i == 2 &amp;&amp; wildList.indexOf(symbol) != -1): null

2019-08-24 12:45:55 - [TEST_STEP][PASSED] - if (i == 3 &amp;&amp; wildList.indexOf(symbol) != -1): null

2019-08-24 12:45:55 - [TEST_STEP][PASSED] - if (i == 4 &amp;&amp; wildList.indexOf(symbol) != -1): null

2019-08-24 12:45:55 - [TEST_STEP][PASSED] - symbol = symbol: null

2019-08-24 12:45:55 - [TEST_STEP][PASSED] - println(symbol): null

2019-08-24 12:45:55 - [TEST_STEP][PASSED] - if (i == 2 &amp;&amp; wildList.indexOf(symbol) != -1): null

2019-08-24 12:45:55 - [TEST_STEP][PASSED] - if (i == 3 &amp;&amp; wildList.indexOf(symbol) != -1): null

2019-08-24 12:45:55 - [TEST_STEP][PASSED] - if (i == 4 &amp;&amp; wildList.indexOf(symbol) != -1): null

2019-08-24 12:45:55 - [TEST_STEP][PASSED] - free_spin_reel_counter = free_spin_reel_counter: null

2019-08-24 12:45:55 - [TEST_STEP][PASSED] - println("reel 3 wild found: " + free_spin_reel_counter[0]): null

2019-08-24 12:45:55 - [TEST_STEP][PASSED] - println("reel 4 wild found: " + free_spin_reel_counter[1]): null

2019-08-24 12:45:55 - [TEST_STEP][PASSED] - println("reel 5 wild found: " + free_spin_reel_counter[2]): null

2019-08-24 12:45:55 - [TEST_STEP][PASSED] - M4_spin_reels = M4_spin_reels: null

2019-08-24 12:45:55 - [TEST_STEP][PASSED] - M4_spin_reels_symbols = symbol: null

2019-08-24 12:45:55 - [TEST_STEP][PASSED] - M4_spin_reels_symbols = M4_spin_reels_symbols: null

2019-08-24 12:45:55 - [TEST_STEP][PASSED] - M4_spin_reel_wins = reel_wins: null

2019-08-24 12:45:55 - [TEST_STEP][PASSED] - M4_spin_reel_wins = M4_spin_reel_wins: null

2019-08-24 12:45:55 - [TEST_STEP][PASSED] - println("GlobalVariable.M4_spin_reel_wins is: " + M4_spin_reel_wins): null

2019-08-24 12:45:55 - [TEST_STEP][PASSED] - M4_spin_total_bonus_win_this_round = total_bonus_win_this_round: null

2019-08-24 12:45:55 - [TEST_STEP][PASSED] - M4_spin_total_bonus_win_this_round = M4_spin_total_bonus_win_this_round: null

2019-08-24 12:45:55 - [TEST_STEP][PASSED] - println("GlobalVariable.M4_spin_total_bonus_win_this_round is: " + M4_spin_total_bonus_win_this_round): null

2019-08-24 12:45:55 - [TEST_STEP][PASSED] - M4_spin_bonus_spin_result = spin_result: null

2019-08-24 12:45:55 - [TEST_STEP][PASSED] - M4_spin_bonus_spin_result = M4_spin_bonus_spin_result: null

2019-08-24 12:45:55 - [MESSAGE][PASSED] - Verify response successfully

2019-08-24 12:45:55 - [MESSAGE][PASSED] - Send request and verify the response successfully

2019-08-24 12:45:55 - [TEST_STEP][PASSED] - if (M4_total_bonus_spins_int != 0 &amp;&amp; M4_spin_reels_symbols[2].contains("WILD_Double") || M4_spin_reels_symbols[4].contains("WILD_Triple")): null

2019-08-24 12:45:55 - [TEST_STEP][PASSED] - free_spin_reel_counter = free_spin_reel_counter: null

2019-08-24 12:45:55 - [TEST_STEP][PASSED] - M4_spin_reels_symbols = M4_spin_reels_symbols: null

2019-08-24 12:45:55 - [TEST_STEP][PASSED] - M4_total_bonus_spins = M4_total_bonus_spins: null

2019-08-24 12:45:55 - [TEST_STEP][PASSED] - spin_result = sendRequestAndVerify(findTestObject("INT/RGS(M4)/1_M4_spin", ["M4_login_user_id":M4_login_user_id, "rgs_session_token":rgs_session_token, "partner":Partner])): Send request and verify the response successfully

2019-08-24 12:45:56 - [MESSAGE][INFO] - HAR: /Users/eiralee/Katalon_Script/SuperWild/Reports/20190824_124242/INT/superWild_4/20190824_124242/requests/main/62.har

2019-08-24 12:45:56 - [TEST_CASE][PASSED] - Start Test Case : Verification: Verification accomplished successfully

2019-08-24 12:45:56 - [TEST_STEP][PASSED] - request = getInstance().getCurrentRequest(): null

2019-08-24 12:45:56 - [TEST_STEP][PASSED] - response = getInstance().getCurrentResponse(): null

2019-08-24 12:45:56 - [TEST_STEP][PASSED] - verifyResponseStatusCode(response, 200): Verify response status code successfully

2019-08-24 12:45:56 - [MESSAGE][PASSED] - Verify response status code successfully

2019-08-24 12:45:56 - [TEST_STEP][PASSED] - getStatusCode()).isEqualTo(200): null

2019-08-24 12:45:56 - [TEST_STEP][PASSED] - newline = System.getProperty("line.separator"): null

2019-08-24 12:45:56 - [TEST_STEP][PASSED] - M4_spin = new groovy.json.JsonSlurper(): null

2019-08-24 12:45:56 - [TEST_STEP][PASSED] - result_M4_spin = M4_spin.parseText(response.getResponseBodyContent()): null

2019-08-24 12:45:56 - [TEST_STEP][PASSED] - M4_spin_current_balance = current_balance: null

2019-08-24 12:45:56 - [TEST_STEP][PASSED] - M4_spin_current_balance = M4_spin_current_balance: null

2019-08-24 12:45:56 - [TEST_STEP][PASSED] - M4_spin_transaction_id = causality: null

2019-08-24 12:45:56 - [TEST_STEP][PASSED] - M4_spin_transaction_id = M4_spin_transaction_id: null

2019-08-24 12:45:56 - [TEST_STEP][PASSED] - M4_spin_round_id = round_id: null

2019-08-24 12:45:56 - [TEST_STEP][PASSED] - M4_spin_round_id = M4_spin_round_id: null

2019-08-24 12:45:56 - [TEST_STEP][PASSED] - M4_spin_line_wins = line_wins: null

2019-08-24 12:45:56 - [TEST_STEP][PASSED] - M4_spin_line_wins = M4_spin_line_wins: null

2019-08-24 12:45:56 - [TEST_STEP][PASSED] - M4_total_bonus_spins_int = total_bonus_spins: null

2019-08-24 12:45:56 - [TEST_STEP][PASSED] - println("******M4_total_bonus_spins type is:*******" + newline + getClass().getName()): null

2019-08-24 12:45:56 - [TEST_STEP][PASSED] - M4_total_bonus_spins_int = M4_total_bonus_spins_int: null

2019-08-24 12:45:56 - [TEST_STEP][PASSED] - M4_total_bonus_spins = Integer.toString(M4_total_bonus_spins_int): null

2019-08-24 12:45:56 - [TEST_STEP][PASSED] - M4_total_bonus_spins = M4_total_bonus_spins: null

2019-08-24 12:45:56 - [TEST_STEP][PASSED] - println("M4_total_bonus_spins is:" + M4_total_bonus_spins): null

2019-08-24 12:45:56 - [TEST_STEP][PASSED] - M4_spin_bonus_data = bonus_data: null

2019-08-24 12:45:56 - [TEST_STEP][PASSED] - M4_spin_features_triggered = result_M4_spin: null

2019-08-24 12:45:56 - [TEST_STEP][PASSED] - wild = []: null

2019-08-24 12:45:56 - [TEST_STEP][PASSED] - wild[0] = "WILD_Expanding": null

2019-08-24 12:45:56 - [TEST_STEP][PASSED] - wild[1] = "WILD_Normal": null

2019-08-24 12:45:56 - [TEST_STEP][PASSED] - wild[2] = "WILD_Double": null

2019-08-24 12:45:56 - [TEST_STEP][PASSED] - wild[3] = "WILD_ExtraFG": null

2019-08-24 12:45:56 - [TEST_STEP][PASSED] - wild[4] = "WILD_Triple": null

2019-08-24 12:45:56 - [TEST_STEP][PASSED] - wildList = Arrays.asList(wild): null

2019-08-24 12:45:56 - [TEST_STEP][PASSED] - wildList = wildList: null

2019-08-24 12:45:56 - [TEST_STEP][PASSED] - free_spin_reel_counter = []: null

2019-08-24 12:45:56 - [TEST_STEP][PASSED] - free_spin_reel_counter[0] = 0: null

2019-08-24 12:45:56 - [TEST_STEP][PASSED] - free_spin_reel_counter[1] = 0: null

2019-08-24 12:45:56 - [TEST_STEP][PASSED] - free_spin_reel_counter[2] = 0: null

2019-08-24 12:45:56 - [TEST_STEP][PASSED] - M4_spin_reels = reels: null

2019-08-24 12:45:56 - [TEST_STEP][PASSED] - for ([i = 0, i &lt; M4_spin_reels.size(), (i++)]): null

2019-08-24 12:45:56 - [TEST_STEP][PASSED] - symbols = symbols: null

2019-08-24 12:45:56 - [TEST_STEP][PASSED] - for ([j = 0, j &lt; symbols.size(), (j++)]): null

2019-08-24 12:45:56 - [TEST_STEP][PASSED] - symbol = symbol: null

2019-08-24 12:45:56 - [TEST_STEP][PASSED] - println(symbol): null

2019-08-24 12:45:56 - [TEST_STEP][PASSED] - if (i == 2 &amp;&amp; wildList.indexOf(symbol) != -1): null

2019-08-24 12:45:56 - [TEST_STEP][PASSED] - if (i == 3 &amp;&amp; wildList.indexOf(symbol) != -1): null

2019-08-24 12:45:56 - [TEST_STEP][PASSED] - if (i == 4 &amp;&amp; wildList.indexOf(symbol) != -1): null

2019-08-24 12:45:56 - [TEST_STEP][PASSED] - symbol = symbol: null

2019-08-24 12:45:56 - [TEST_STEP][PASSED] - println(symbol): null

2019-08-24 12:45:56 - [TEST_STEP][PASSED] - if (i == 2 &amp;&amp; wildList.indexOf(symbol) != -1): null

2019-08-24 12:45:56 - [TEST_STEP][PASSED] - if (i == 3 &amp;&amp; wildList.indexOf(symbol) != -1): null

2019-08-24 12:45:56 - [TEST_STEP][PASSED] - if (i == 4 &amp;&amp; wildList.indexOf(symbol) != -1): null

2019-08-24 12:45:56 - [TEST_STEP][PASSED] - symbol = symbol: null

2019-08-24 12:45:56 - [TEST_STEP][PASSED] - println(symbol): null

2019-08-24 12:45:56 - [TEST_STEP][PASSED] - if (i == 2 &amp;&amp; wildList.indexOf(symbol) != -1): null

2019-08-24 12:45:56 - [TEST_STEP][PASSED] - if (i == 3 &amp;&amp; wildList.indexOf(symbol) != -1): null

2019-08-24 12:45:56 - [TEST_STEP][PASSED] - if (i == 4 &amp;&amp; wildList.indexOf(symbol) != -1): null

2019-08-24 12:45:56 - [TEST_STEP][PASSED] - symbols = symbols: null

2019-08-24 12:45:56 - [TEST_STEP][PASSED] - for ([j = 0, j &lt; symbols.size(), (j++)]): null

2019-08-24 12:45:56 - [TEST_STEP][PASSED] - symbol = symbol: null

2019-08-24 12:45:56 - [TEST_STEP][PASSED] - println(symbol): null

2019-08-24 12:45:56 - [TEST_STEP][PASSED] - if (i == 2 &amp;&amp; wildList.indexOf(symbol) != -1): null

2019-08-24 12:45:56 - [TEST_STEP][PASSED] - if (i == 3 &amp;&amp; wildList.indexOf(symbol) != -1): null

2019-08-24 12:45:56 - [TEST_STEP][PASSED] - if (i == 4 &amp;&amp; wildList.indexOf(symbol) != -1): null

2019-08-24 12:45:56 - [TEST_STEP][PASSED] - symbol = symbol: null

2019-08-24 12:45:56 - [TEST_STEP][PASSED] - println(symbol): null

2019-08-24 12:45:56 - [TEST_STEP][PASSED] - if (i == 2 &amp;&amp; wildList.indexOf(symbol) != -1): null

2019-08-24 12:45:56 - [TEST_STEP][PASSED] - if (i == 3 &amp;&amp; wildList.indexOf(symbol) != -1): null

2019-08-24 12:45:56 - [TEST_STEP][PASSED] - if (i == 4 &amp;&amp; wildList.indexOf(symbol) != -1): null

2019-08-24 12:46:00 - [TEST_STEP][PASSED] - symbol = symbol: null

2019-08-24 12:46:00 - [TEST_STEP][PASSED] - println(symbol): null

2019-08-24 12:46:00 - [TEST_STEP][PASSED] - if (i == 2 &amp;&amp; wildList.indexOf(symbol) != -1): null

2019-08-24 12:46:00 - [TEST_STEP][PASSED] - if (i == 3 &amp;&amp; wildList.indexOf(symbol) != -1): null

2019-08-24 12:46:00 - [TEST_STEP][PASSED] - if (i == 4 &amp;&amp; wildList.indexOf(symbol) != -1): null

2019-08-24 12:46:00 - [TEST_STEP][PASSED] - symbols = symbols: null

2019-08-24 12:46:00 - [TEST_STEP][PASSED] - for ([j = 0, j &lt; symbols.size(), (j++)]): null

2019-08-24 12:46:00 - [TEST_STEP][PASSED] - symbol = symbol: null

2019-08-24 12:46:00 - [TEST_STEP][PASSED] - println(symbol): null

2019-08-24 12:46:00 - [TEST_STEP][PASSED] - if (i == 2 &amp;&amp; wildList.indexOf(symbol) != -1): null

2019-08-24 12:46:02 - [TEST_STEP][PASSED] - if (i == 3 &amp;&amp; wildList.indexOf(symbol) != -1): null

2019-08-24 12:46:02 - [TEST_STEP][PASSED] - if (i == 4 &amp;&amp; wildList.indexOf(symbol) != -1): null

2019-08-24 12:46:02 - [TEST_STEP][PASSED] - symbol = symbol: null

2019-08-24 12:46:02 - [TEST_STEP][PASSED] - println(symbol): null

2019-08-24 12:46:02 - [TEST_STEP][PASSED] - if (i == 2 &amp;&amp; wildList.indexOf(symbol) != -1): null

2019-08-24 12:46:02 - [TEST_STEP][PASSED] - if (i == 3 &amp;&amp; wildList.indexOf(symbol) != -1): null

2019-08-24 12:46:02 - [TEST_STEP][PASSED] - if (i == 4 &amp;&amp; wildList.indexOf(symbol) != -1): null

2019-08-24 12:46:02 - [TEST_STEP][PASSED] - symbol = symbol: null

2019-08-24 12:46:02 - [TEST_STEP][PASSED] - println(symbol): null

2019-08-24 12:46:02 - [TEST_STEP][PASSED] - if (i == 2 &amp;&amp; wildList.indexOf(symbol) != -1): null

2019-08-24 12:46:02 - [TEST_STEP][PASSED] - if (i == 3 &amp;&amp; wildList.indexOf(symbol) != -1): null

2019-08-24 12:46:02 - [TEST_STEP][PASSED] - if (i == 4 &amp;&amp; wildList.indexOf(symbol) != -1): null

2019-08-24 12:46:02 - [TEST_STEP][PASSED] - symbols = symbols: null

2019-08-24 12:46:02 - [TEST_STEP][PASSED] - for ([j = 0, j &lt; symbols.size(), (j++)]): null

2019-08-24 12:46:02 - [TEST_STEP][PASSED] - symbol = symbol: null

2019-08-24 12:46:02 - [TEST_STEP][PASSED] - println(symbol): null

2019-08-24 12:46:02 - [TEST_STEP][PASSED] - if (i == 2 &amp;&amp; wildList.indexOf(symbol) != -1): null

2019-08-24 12:46:02 - [TEST_STEP][PASSED] - if (i == 3 &amp;&amp; wildList.indexOf(symbol) != -1): null

2019-08-24 12:46:02 - [TEST_STEP][PASSED] - if (i == 4 &amp;&amp; wildList.indexOf(symbol) != -1): null

2019-08-24 12:46:02 - [TEST_STEP][PASSED] - symbol = symbol: null

2019-08-24 12:46:02 - [TEST_STEP][PASSED] - println(symbol): null

2019-08-24 12:46:02 - [TEST_STEP][PASSED] - if (i == 2 &amp;&amp; wildList.indexOf(symbol) != -1): null

2019-08-24 12:46:02 - [TEST_STEP][PASSED] - if (i == 3 &amp;&amp; wildList.indexOf(symbol) != -1): null

2019-08-24 12:46:02 - [TEST_STEP][PASSED] - if (i == 4 &amp;&amp; wildList.indexOf(symbol) != -1): null

2019-08-24 12:46:02 - [TEST_STEP][PASSED] - symbol = symbol: null

2019-08-24 12:46:02 - [TEST_STEP][PASSED] - println(symbol): null

2019-08-24 12:46:02 - [TEST_STEP][PASSED] - if (i == 2 &amp;&amp; wildList.indexOf(symbol) != -1): null

2019-08-24 12:46:02 - [TEST_STEP][PASSED] - if (i == 3 &amp;&amp; wildList.indexOf(symbol) != -1): null

2019-08-24 12:46:02 - [TEST_STEP][PASSED] - println("wild found on reel 4, adding counter by 1"): null

2019-08-24 12:46:02 - [TEST_STEP][PASSED] - free_spin_reel_counter[1] = free_spin_reel_counter[1] + 1: null

2019-08-24 12:46:02 - [TEST_STEP][PASSED] - if (i == 4 &amp;&amp; wildList.indexOf(symbol) != -1): null

2019-08-24 12:46:02 - [TEST_STEP][PASSED] - symbols = symbols: null

2019-08-24 12:46:02 - [TEST_STEP][PASSED] - for ([j = 0, j &lt; symbols.size(), (j++)]): null

2019-08-24 12:46:02 - [TEST_STEP][PASSED] - symbol = symbol: null

2019-08-24 12:46:02 - [TEST_STEP][PASSED] - println(symbol): null

2019-08-24 12:46:02 - [TEST_STEP][PASSED] - if (i == 2 &amp;&amp; wildList.indexOf(symbol) != -1): null

2019-08-24 12:46:02 - [TEST_STEP][PASSED] - if (i == 3 &amp;&amp; wildList.indexOf(symbol) != -1): null

2019-08-24 12:46:02 - [TEST_STEP][PASSED] - if (i == 4 &amp;&amp; wildList.indexOf(symbol) != -1): null

2019-08-24 12:46:02 - [TEST_STEP][PASSED] - symbol = symbol: null

2019-08-24 12:46:02 - [TEST_STEP][PASSED] - println(symbol): null

2019-08-24 12:46:02 - [TEST_STEP][PASSED] - if (i == 2 &amp;&amp; wildList.indexOf(symbol) != -1): null

2019-08-24 12:46:02 - [TEST_STEP][PASSED] - if (i == 3 &amp;&amp; wildList.indexOf(symbol) != -1): null

2019-08-24 12:46:02 - [TEST_STEP][PASSED] - if (i == 4 &amp;&amp; wildList.indexOf(symbol) != -1): null

2019-08-24 12:46:02 - [TEST_STEP][PASSED] - symbol = symbol: null

2019-08-24 12:46:02 - [TEST_STEP][PASSED] - println(symbol): null

2019-08-24 12:46:02 - [TEST_STEP][PASSED] - if (i == 2 &amp;&amp; wildList.indexOf(symbol) != -1): null

2019-08-24 12:46:02 - [TEST_STEP][PASSED] - if (i == 3 &amp;&amp; wildList.indexOf(symbol) != -1): null

2019-08-24 12:46:02 - [TEST_STEP][PASSED] - if (i == 4 &amp;&amp; wildList.indexOf(symbol) != -1): null

2019-08-24 12:46:02 - [TEST_STEP][PASSED] - free_spin_reel_counter = free_spin_reel_counter: null

2019-08-24 12:46:02 - [TEST_STEP][PASSED] - println("reel 3 wild found: " + free_spin_reel_counter[0]): null

2019-08-24 12:46:02 - [TEST_STEP][PASSED] - println("reel 4 wild found: " + free_spin_reel_counter[1]): null

2019-08-24 12:46:02 - [TEST_STEP][PASSED] - println("reel 5 wild found: " + free_spin_reel_counter[2]): null

2019-08-24 12:46:02 - [TEST_STEP][PASSED] - M4_spin_reels = M4_spin_reels: null

2019-08-24 12:46:02 - [TEST_STEP][PASSED] - M4_spin_reels_symbols = symbol: null

2019-08-24 12:46:02 - [TEST_STEP][PASSED] - M4_spin_reels_symbols = M4_spin_reels_symbols: null

2019-08-24 12:46:02 - [TEST_STEP][PASSED] - M4_spin_reel_wins = reel_wins: null

2019-08-24 12:46:02 - [TEST_STEP][PASSED] - M4_spin_reel_wins = M4_spin_reel_wins: null

2019-08-24 12:46:02 - [TEST_STEP][PASSED] - println("GlobalVariable.M4_spin_reel_wins is: " + M4_spin_reel_wins): null

2019-08-24 12:46:02 - [TEST_STEP][PASSED] - M4_spin_total_bonus_win_this_round = total_bonus_win_this_round: null

2019-08-24 12:46:02 - [TEST_STEP][PASSED] - M4_spin_total_bonus_win_this_round = M4_spin_total_bonus_win_this_round: null

2019-08-24 12:46:02 - [TEST_STEP][PASSED] - println("GlobalVariable.M4_spin_total_bonus_win_this_round is: " + M4_spin_total_bonus_win_this_round): null

2019-08-24 12:46:02 - [TEST_STEP][PASSED] - M4_spin_bonus_spin_result = spin_result: null

2019-08-24 12:46:02 - [TEST_STEP][PASSED] - M4_spin_bonus_spin_result = M4_spin_bonus_spin_result: null

2019-08-24 12:46:02 - [MESSAGE][PASSED] - Verify response successfully

2019-08-24 12:46:02 - [MESSAGE][PASSED] - Send request and verify the response successfully

2019-08-24 12:46:02 - [TEST_STEP][PASSED] - if (M4_total_bonus_spins_int != 0 &amp;&amp; M4_spin_reels_symbols[2].contains("WILD_Double") || M4_spin_reels_symbols[4].contains("WILD_Triple")): null

2019-08-24 12:46:02 - [TEST_STEP][PASSED] - free_spin_reel_counter = free_spin_reel_counter: null

2019-08-24 12:46:02 - [TEST_STEP][PASSED] - M4_spin_reels_symbols = M4_spin_reels_symbols: null

2019-08-24 12:46:02 - [TEST_STEP][PASSED] - M4_total_bonus_spins = M4_total_bonus_spins: null

2019-08-24 12:46:02 - [TEST_STEP][PASSED] - spin_result = sendRequestAndVerify(findTestObject("INT/RGS(M4)/1_M4_spin", ["M4_login_user_id":M4_login_user_id, "rgs_session_token":rgs_session_token, "partner":Partner])): Send request and verify the response successfully

2019-08-24 12:46:02 - [MESSAGE][INFO] - HAR: /Users/eiralee/Katalon_Script/SuperWild/Reports/20190824_124242/INT/superWild_4/20190824_124242/requests/main/63.har

2019-08-24 12:46:02 - [TEST_CASE][PASSED] - Start Test Case : Verification: Verification accomplished successfully

2019-08-24 12:46:03 - [TEST_STEP][PASSED] - request = getInstance().getCurrentRequest(): null

2019-08-24 12:46:03 - [TEST_STEP][PASSED] - response = getInstance().getCurrentResponse(): null

2019-08-24 12:46:03 - [TEST_STEP][PASSED] - verifyResponseStatusCode(response, 200): Verify response status code successfully

2019-08-24 12:46:03 - [MESSAGE][PASSED] - Verify response status code successfully

2019-08-24 12:46:03 - [TEST_STEP][PASSED] - getStatusCode()).isEqualTo(200): null

2019-08-24 12:46:03 - [TEST_STEP][PASSED] - newline = System.getProperty("line.separator"): null

2019-08-24 12:46:03 - [TEST_STEP][PASSED] - M4_spin = new groovy.json.JsonSlurper(): null

2019-08-24 12:46:03 - [TEST_STEP][PASSED] - result_M4_spin = M4_spin.parseText(response.getResponseBodyContent()): null

2019-08-24 12:46:03 - [TEST_STEP][PASSED] - M4_spin_current_balance = current_balance: null

2019-08-24 12:46:03 - [TEST_STEP][PASSED] - M4_spin_current_balance = M4_spin_current_balance: null

2019-08-24 12:46:03 - [TEST_STEP][PASSED] - M4_spin_transaction_id = causality: null

2019-08-24 12:46:03 - [TEST_STEP][PASSED] - M4_spin_transaction_id = M4_spin_transaction_id: null

2019-08-24 12:46:03 - [TEST_STEP][PASSED] - M4_spin_round_id = round_id: null

2019-08-24 12:46:03 - [TEST_STEP][PASSED] - M4_spin_round_id = M4_spin_round_id: null

2019-08-24 12:46:03 - [TEST_STEP][PASSED] - M4_spin_line_wins = line_wins: null

2019-08-24 12:46:03 - [TEST_STEP][PASSED] - M4_spin_line_wins = M4_spin_line_wins: null

2019-08-24 12:46:03 - [TEST_STEP][PASSED] - M4_total_bonus_spins_int = total_bonus_spins: null

2019-08-24 12:46:03 - [TEST_STEP][PASSED] - println("******M4_total_bonus_spins type is:*******" + newline + getClass().getName()): null

2019-08-24 12:46:03 - [TEST_STEP][PASSED] - M4_total_bonus_spins_int = M4_total_bonus_spins_int: null

2019-08-24 12:46:03 - [TEST_STEP][PASSED] - M4_total_bonus_spins = Integer.toString(M4_total_bonus_spins_int): null

2019-08-24 12:46:03 - [TEST_STEP][PASSED] - M4_total_bonus_spins = M4_total_bonus_spins: null

2019-08-24 12:46:03 - [TEST_STEP][PASSED] - println("M4_total_bonus_spins is:" + M4_total_bonus_spins): null

2019-08-24 12:46:03 - [TEST_STEP][PASSED] - M4_spin_bonus_data = bonus_data: null

2019-08-24 12:46:03 - [TEST_STEP][PASSED] - M4_spin_features_triggered = result_M4_spin: null

2019-08-24 12:46:03 - [TEST_STEP][PASSED] - wild = []: null

2019-08-24 12:46:03 - [TEST_STEP][PASSED] - wild[0] = "WILD_Expanding": null

2019-08-24 12:46:03 - [TEST_STEP][PASSED] - wild[1] = "WILD_Normal": null

2019-08-24 12:46:03 - [TEST_STEP][PASSED] - wild[2] = "WILD_Double": null

2019-08-24 12:46:03 - [TEST_STEP][PASSED] - wild[3] = "WILD_ExtraFG": null

2019-08-24 12:46:03 - [TEST_STEP][PASSED] - wild[4] = "WILD_Triple": null

2019-08-24 12:46:03 - [TEST_STEP][PASSED] - wildList = Arrays.asList(wild): null

2019-08-24 12:46:03 - [TEST_STEP][PASSED] - wildList = wildList: null

2019-08-24 12:46:03 - [TEST_STEP][PASSED] - free_spin_reel_counter = []: null

2019-08-24 12:46:03 - [TEST_STEP][PASSED] - free_spin_reel_counter[0] = 0: null

2019-08-24 12:46:03 - [TEST_STEP][PASSED] - free_spin_reel_counter[1] = 0: null

2019-08-24 12:46:03 - [TEST_STEP][PASSED] - free_spin_reel_counter[2] = 0: null

2019-08-24 12:46:03 - [TEST_STEP][PASSED] - M4_spin_reels = reels: null

2019-08-24 12:46:03 - [TEST_STEP][PASSED] - for ([i = 0, i &lt; M4_spin_reels.size(), (i++)]): null

2019-08-24 12:46:03 - [TEST_STEP][PASSED] - symbols = symbols: null

2019-08-24 12:46:03 - [TEST_STEP][PASSED] - for ([j = 0, j &lt; symbols.size(), (j++)]): null

2019-08-24 12:46:03 - [TEST_STEP][PASSED] - symbol = symbol: null

2019-08-24 12:46:03 - [TEST_STEP][PASSED] - println(symbol): null

2019-08-24 12:46:03 - [TEST_STEP][PASSED] - if (i == 2 &amp;&amp; wildList.indexOf(symbol) != -1): null

2019-08-24 12:46:03 - [TEST_STEP][PASSED] - if (i == 3 &amp;&amp; wildList.indexOf(symbol) != -1): null

2019-08-24 12:46:03 - [TEST_STEP][PASSED] - if (i == 4 &amp;&amp; wildList.indexOf(symbol) != -1): null

2019-08-24 12:46:03 - [TEST_STEP][PASSED] - symbol = symbol: null

2019-08-24 12:46:03 - [TEST_STEP][PASSED] - println(symbol): null

2019-08-24 12:46:03 - [TEST_STEP][PASSED] - if (i == 2 &amp;&amp; wildList.indexOf(symbol) != -1): null

2019-08-24 12:46:03 - [TEST_STEP][PASSED] - if (i == 3 &amp;&amp; wildList.indexOf(symbol) != -1): null

2019-08-24 12:46:03 - [TEST_STEP][PASSED] - if (i == 4 &amp;&amp; wildList.indexOf(symbol) != -1): null

2019-08-24 12:46:03 - [TEST_STEP][PASSED] - symbol = symbol: null

2019-08-24 12:46:03 - [TEST_STEP][PASSED] - println(symbol): null

2019-08-24 12:46:03 - [TEST_STEP][PASSED] - if (i == 2 &amp;&amp; wildList.indexOf(symbol) != -1): null

2019-08-24 12:46:03 - [TEST_STEP][PASSED] - if (i == 3 &amp;&amp; wildList.indexOf(symbol) != -1): null

2019-08-24 12:46:03 - [TEST_STEP][PASSED] - if (i == 4 &amp;&amp; wildList.indexOf(symbol) != -1): null

2019-08-24 12:46:03 - [TEST_STEP][PASSED] - symbols = symbols: null

2019-08-24 12:46:03 - [TEST_STEP][PASSED] - for ([j = 0, j &lt; symbols.size(), (j++)]): null

2019-08-24 12:46:03 - [TEST_STEP][PASSED] - symbol = symbol: null

2019-08-24 12:46:03 - [TEST_STEP][PASSED] - println(symbol): null

2019-08-24 12:46:03 - [TEST_STEP][PASSED] - if (i == 2 &amp;&amp; wildList.indexOf(symbol) != -1): null

2019-08-24 12:46:03 - [TEST_STEP][PASSED] - if (i == 3 &amp;&amp; wildList.indexOf(symbol) != -1): null

2019-08-24 12:46:03 - [TEST_STEP][PASSED] - if (i == 4 &amp;&amp; wildList.indexOf(symbol) != -1): null

2019-08-24 12:46:03 - [TEST_STEP][PASSED] - symbol = symbol: null

2019-08-24 12:46:03 - [TEST_STEP][PASSED] - println(symbol): null

2019-08-24 12:46:03 - [TEST_STEP][PASSED] - if (i == 2 &amp;&amp; wildList.indexOf(symbol) != -1): null

2019-08-24 12:46:03 - [TEST_STEP][PASSED] - if (i == 3 &amp;&amp; wildList.indexOf(symbol) != -1): null

2019-08-24 12:46:03 - [TEST_STEP][PASSED] - if (i == 4 &amp;&amp; wildList.indexOf(symbol) != -1): null

2019-08-24 12:46:03 - [TEST_STEP][PASSED] - symbol = symbol: null

2019-08-24 12:46:03 - [TEST_STEP][PASSED] - println(symbol): null

2019-08-24 12:46:03 - [TEST_STEP][PASSED] - if (i == 2 &amp;&amp; wildList.indexOf(symbol) != -1): null

2019-08-24 12:46:03 - [TEST_STEP][PASSED] - if (i == 3 &amp;&amp; wildList.indexOf(symbol) != -1): null

2019-08-24 12:46:03 - [TEST_STEP][PASSED] - if (i == 4 &amp;&amp; wildList.indexOf(symbol) != -1): null

2019-08-24 12:46:03 - [TEST_STEP][PASSED] - symbols = symbols: null

2019-08-24 12:46:03 - [TEST_STEP][PASSED] - for ([j = 0, j &lt; symbols.size(), (j++)]): null

2019-08-24 12:46:03 - [TEST_STEP][PASSED] - symbol = symbol: null

2019-08-24 12:46:03 - [TEST_STEP][PASSED] - println(symbol): null

2019-08-24 12:46:03 - [TEST_STEP][PASSED] - if (i == 2 &amp;&amp; wildList.indexOf(symbol) != -1): null

2019-08-24 12:46:03 - [TEST_STEP][PASSED] - if (i == 3 &amp;&amp; wildList.indexOf(symbol) != -1): null

2019-08-24 12:46:03 - [TEST_STEP][PASSED] - if (i == 4 &amp;&amp; wildList.indexOf(symbol) != -1): null

2019-08-24 12:46:03 - [TEST_STEP][PASSED] - symbol = symbol: null

2019-08-24 12:46:03 - [TEST_STEP][PASSED] - println(symbol): null

2019-08-24 12:46:03 - [TEST_STEP][PASSED] - if (i == 2 &amp;&amp; wildList.indexOf(symbol) != -1): null

2019-08-24 12:46:03 - [TEST_STEP][PASSED] - println("wild found on reel 3, adding counter by 1"): null

2019-08-24 12:46:03 - [TEST_STEP][PASSED] - free_spin_reel_counter[0] = free_spin_reel_counter[0] + 1: null

2019-08-24 12:46:03 - [TEST_STEP][PASSED] - if (i == 3 &amp;&amp; wildList.indexOf(symbol) != -1): null

2019-08-24 12:46:03 - [TEST_STEP][PASSED] - if (i == 4 &amp;&amp; wildList.indexOf(symbol) != -1): null

2019-08-24 12:46:03 - [TEST_STEP][PASSED] - symbol = symbol: null

2019-08-24 12:46:03 - [TEST_STEP][PASSED] - println(symbol): null

2019-08-24 12:46:03 - [TEST_STEP][PASSED] - if (i == 2 &amp;&amp; wildList.indexOf(symbol) != -1): null

2019-08-24 12:46:03 - [TEST_STEP][PASSED] - if (i == 3 &amp;&amp; wildList.indexOf(symbol) != -1): null

2019-08-24 12:46:03 - [TEST_STEP][PASSED] - if (i == 4 &amp;&amp; wildList.indexOf(symbol) != -1): null

2019-08-24 12:46:03 - [TEST_STEP][PASSED] - symbols = symbols: null

2019-08-24 12:46:03 - [TEST_STEP][PASSED] - for ([j = 0, j &lt; symbols.size(), (j++)]): null

2019-08-24 12:46:03 - [TEST_STEP][PASSED] - symbol = symbol: null

2019-08-24 12:46:03 - [TEST_STEP][PASSED] - println(symbol): null

2019-08-24 12:46:03 - [TEST_STEP][PASSED] - if (i == 2 &amp;&amp; wildList.indexOf(symbol) != -1): null

2019-08-24 12:46:03 - [TEST_STEP][PASSED] - if (i == 3 &amp;&amp; wildList.indexOf(symbol) != -1): null

2019-08-24 12:46:03 - [TEST_STEP][PASSED] - if (i == 4 &amp;&amp; wildList.indexOf(symbol) != -1): null

2019-08-24 12:46:03 - [TEST_STEP][PASSED] - symbol = symbol: null

2019-08-24 12:46:03 - [TEST_STEP][PASSED] - println(symbol): null

2019-08-24 12:46:03 - [TEST_STEP][PASSED] - if (i == 2 &amp;&amp; wildList.indexOf(symbol) != -1): null

2019-08-24 12:46:03 - [TEST_STEP][PASSED] - if (i == 3 &amp;&amp; wildList.indexOf(symbol) != -1): null

2019-08-24 12:46:03 - [TEST_STEP][PASSED] - if (i == 4 &amp;&amp; wildList.indexOf(symbol) != -1): null

2019-08-24 12:46:03 - [TEST_STEP][PASSED] - symbol = symbol: null

2019-08-24 12:46:03 - [TEST_STEP][PASSED] - println(symbol): null

2019-08-24 12:46:03 - [TEST_STEP][PASSED] - if (i == 2 &amp;&amp; wildList.indexOf(symbol) != -1): null

2019-08-24 12:46:03 - [TEST_STEP][PASSED] - if (i == 3 &amp;&amp; wildList.indexOf(symbol) != -1): null

2019-08-24 12:46:03 - [TEST_STEP][PASSED] - if (i == 4 &amp;&amp; wildList.indexOf(symbol) != -1): null

2019-08-24 12:46:03 - [TEST_STEP][PASSED] - symbols = symbols: null

2019-08-24 12:46:03 - [TEST_STEP][PASSED] - for ([j = 0, j &lt; symbols.size(), (j++)]): null

2019-08-24 12:46:03 - [TEST_STEP][PASSED] - symbol = symbol: null

2019-08-24 12:46:03 - [TEST_STEP][PASSED] - println(symbol): null

2019-08-24 12:46:03 - [TEST_STEP][PASSED] - if (i == 2 &amp;&amp; wildList.indexOf(symbol) != -1): null

2019-08-24 12:46:03 - [TEST_STEP][PASSED] - if (i == 3 &amp;&amp; wildList.indexOf(symbol) != -1): null

2019-08-24 12:46:03 - [TEST_STEP][PASSED] - if (i == 4 &amp;&amp; wildList.indexOf(symbol) != -1): null

2019-08-24 12:46:03 - [TEST_STEP][PASSED] - symbol = symbol: null

2019-08-24 12:46:03 - [TEST_STEP][PASSED] - println(symbol): null

2019-08-24 12:46:03 - [TEST_STEP][PASSED] - if (i == 2 &amp;&amp; wildList.indexOf(symbol) != -1): null

2019-08-24 12:46:03 - [TEST_STEP][PASSED] - if (i == 3 &amp;&amp; wildList.indexOf(symbol) != -1): null

2019-08-24 12:46:03 - [TEST_STEP][PASSED] - if (i == 4 &amp;&amp; wildList.indexOf(symbol) != -1): null

2019-08-24 12:46:03 - [TEST_STEP][PASSED] - symbol = symbol: null

2019-08-24 12:46:03 - [TEST_STEP][PASSED] - println(symbol): null

2019-08-24 12:46:03 - [TEST_STEP][PASSED] - if (i == 2 &amp;&amp; wildList.indexOf(symbol) != -1): null

2019-08-24 12:46:03 - [TEST_STEP][PASSED] - if (i == 3 &amp;&amp; wildList.indexOf(symbol) != -1): null

2019-08-24 12:46:03 - [TEST_STEP][PASSED] - if (i == 4 &amp;&amp; wildList.indexOf(symbol) != -1): null

2019-08-24 12:46:03 - [TEST_STEP][PASSED] - free_spin_reel_counter = free_spin_reel_counter: null

2019-08-24 12:46:03 - [TEST_STEP][PASSED] - println("reel 3 wild found: " + free_spin_reel_counter[0]): null

2019-08-24 12:46:03 - [TEST_STEP][PASSED] - println("reel 4 wild found: " + free_spin_reel_counter[1]): null

2019-08-24 12:46:03 - [TEST_STEP][PASSED] - println("reel 5 wild found: " + free_spin_reel_counter[2]): null

2019-08-24 12:46:03 - [TEST_STEP][PASSED] - M4_spin_reels = M4_spin_reels: null

2019-08-24 12:46:03 - [TEST_STEP][PASSED] - M4_spin_reels_symbols = symbol: null

2019-08-24 12:46:03 - [TEST_STEP][PASSED] - M4_spin_reels_symbols = M4_spin_reels_symbols: null

2019-08-24 12:46:03 - [TEST_STEP][PASSED] - M4_spin_reel_wins = reel_wins: null

2019-08-24 12:46:03 - [TEST_STEP][PASSED] - M4_spin_reel_wins = M4_spin_reel_wins: null

2019-08-24 12:46:03 - [TEST_STEP][PASSED] - println("GlobalVariable.M4_spin_reel_wins is: " + M4_spin_reel_wins): null

2019-08-24 12:46:03 - [TEST_STEP][PASSED] - M4_spin_total_bonus_win_this_round = total_bonus_win_this_round: null

2019-08-24 12:46:03 - [TEST_STEP][PASSED] - M4_spin_total_bonus_win_this_round = M4_spin_total_bonus_win_this_round: null

2019-08-24 12:46:03 - [TEST_STEP][PASSED] - println("GlobalVariable.M4_spin_total_bonus_win_this_round is: " + M4_spin_total_bonus_win_this_round): null

2019-08-24 12:46:03 - [TEST_STEP][PASSED] - M4_spin_bonus_spin_result = spin_result: null

2019-08-24 12:46:03 - [TEST_STEP][PASSED] - M4_spin_bonus_spin_result = M4_spin_bonus_spin_result: null

2019-08-24 12:46:03 - [MESSAGE][PASSED] - Verify response successfully

2019-08-24 12:46:03 - [MESSAGE][PASSED] - Send request and verify the response successfully

2019-08-24 12:46:03 - [TEST_STEP][PASSED] - if (M4_total_bonus_spins_int != 0 &amp;&amp; M4_spin_reels_symbols[2].contains("WILD_Double") || M4_spin_reels_symbols[4].contains("WILD_Triple")): null

2019-08-24 12:46:03 - [TEST_STEP][PASSED] - free_spin_reel_counter = free_spin_reel_counter: null

2019-08-24 12:46:03 - [TEST_STEP][PASSED] - M4_spin_reels_symbols = M4_spin_reels_symbols: null

2019-08-24 12:46:03 - [TEST_STEP][PASSED] - M4_total_bonus_spins = M4_total_bonus_spins: null

2019-08-24 12:46:03 - [TEST_STEP][PASSED] - spin_result = sendRequestAndVerify(findTestObject("INT/RGS(M4)/1_M4_spin", ["M4_login_user_id":M4_login_user_id, "rgs_session_token":rgs_session_token, "partner":Partner])): Send request and verify the response successfully

2019-08-24 12:46:03 - [MESSAGE][INFO] - HAR: /Users/eiralee/Katalon_Script/SuperWild/Reports/20190824_124242/INT/superWild_4/20190824_124242/requests/main/64.har

2019-08-24 12:46:03 - [TEST_CASE][PASSED] - Start Test Case : Verification: Verification accomplished successfully

2019-08-24 12:46:03 - [TEST_STEP][PASSED] - request = getInstance().getCurrentRequest(): null

2019-08-24 12:46:03 - [TEST_STEP][PASSED] - response = getInstance().getCurrentResponse(): null

2019-08-24 12:46:03 - [TEST_STEP][PASSED] - verifyResponseStatusCode(response, 200): Verify response status code successfully

2019-08-24 12:46:03 - [MESSAGE][PASSED] - Verify response status code successfully

2019-08-24 12:46:03 - [TEST_STEP][PASSED] - getStatusCode()).isEqualTo(200): null

2019-08-24 12:46:03 - [TEST_STEP][PASSED] - newline = System.getProperty("line.separator"): null

2019-08-24 12:46:03 - [TEST_STEP][PASSED] - M4_spin = new groovy.json.JsonSlurper(): null

2019-08-24 12:46:03 - [TEST_STEP][PASSED] - result_M4_spin = M4_spin.parseText(response.getResponseBodyContent()): null

2019-08-24 12:46:03 - [TEST_STEP][PASSED] - M4_spin_current_balance = current_balance: null

2019-08-24 12:46:03 - [TEST_STEP][PASSED] - M4_spin_current_balance = M4_spin_current_balance: null

2019-08-24 12:46:03 - [TEST_STEP][PASSED] - M4_spin_transaction_id = causality: null

2019-08-24 12:46:03 - [TEST_STEP][PASSED] - M4_spin_transaction_id = M4_spin_transaction_id: null

2019-08-24 12:46:03 - [TEST_STEP][PASSED] - M4_spin_round_id = round_id: null

2019-08-24 12:46:03 - [TEST_STEP][PASSED] - M4_spin_round_id = M4_spin_round_id: null

2019-08-24 12:46:03 - [TEST_STEP][PASSED] - M4_spin_line_wins = line_wins: null

2019-08-24 12:46:03 - [TEST_STEP][PASSED] - M4_spin_line_wins = M4_spin_line_wins: null

2019-08-24 12:46:03 - [TEST_STEP][PASSED] - M4_total_bonus_spins_int = total_bonus_spins: null

2019-08-24 12:46:03 - [TEST_STEP][PASSED] - println("******M4_total_bonus_spins type is:*******" + newline + getClass().getName()): null

2019-08-24 12:46:03 - [TEST_STEP][PASSED] - M4_total_bonus_spins_int = M4_total_bonus_spins_int: null

2019-08-24 12:46:03 - [TEST_STEP][PASSED] - M4_total_bonus_spins = Integer.toString(M4_total_bonus_spins_int): null

2019-08-24 12:46:03 - [TEST_STEP][PASSED] - M4_total_bonus_spins = M4_total_bonus_spins: null

2019-08-24 12:46:03 - [TEST_STEP][PASSED] - println("M4_total_bonus_spins is:" + M4_total_bonus_spins): null

2019-08-24 12:46:03 - [TEST_STEP][PASSED] - M4_spin_bonus_data = bonus_data: null

2019-08-24 12:46:03 - [TEST_STEP][PASSED] - M4_spin_features_triggered = result_M4_spin: null

2019-08-24 12:46:03 - [TEST_STEP][PASSED] - wild = []: null

2019-08-24 12:46:03 - [TEST_STEP][PASSED] - wild[0] = "WILD_Expanding": null

2019-08-24 12:46:03 - [TEST_STEP][PASSED] - wild[1] = "WILD_Normal": null

2019-08-24 12:46:03 - [TEST_STEP][PASSED] - wild[2] = "WILD_Double": null

2019-08-24 12:46:03 - [TEST_STEP][PASSED] - wild[3] = "WILD_ExtraFG": null

2019-08-24 12:46:03 - [TEST_STEP][PASSED] - wild[4] = "WILD_Triple": null

2019-08-24 12:46:03 - [TEST_STEP][PASSED] - wildList = Arrays.asList(wild): null

2019-08-24 12:46:03 - [TEST_STEP][PASSED] - wildList = wildList: null

2019-08-24 12:46:03 - [TEST_STEP][PASSED] - free_spin_reel_counter = []: null

2019-08-24 12:46:03 - [TEST_STEP][PASSED] - free_spin_reel_counter[0] = 0: null

2019-08-24 12:46:03 - [TEST_STEP][PASSED] - free_spin_reel_counter[1] = 0: null

2019-08-24 12:46:03 - [TEST_STEP][PASSED] - free_spin_reel_counter[2] = 0: null

2019-08-24 12:46:03 - [TEST_STEP][PASSED] - M4_spin_reels = reels: null

2019-08-24 12:46:03 - [TEST_STEP][PASSED] - for ([i = 0, i &lt; M4_spin_reels.size(), (i++)]): null

2019-08-24 12:46:03 - [TEST_STEP][PASSED] - symbols = symbols: null

2019-08-24 12:46:03 - [TEST_STEP][PASSED] - for ([j = 0, j &lt; symbols.size(), (j++)]): null

2019-08-24 12:46:03 - [TEST_STEP][PASSED] - symbol = symbol: null

2019-08-24 12:46:03 - [TEST_STEP][PASSED] - println(symbol): null

2019-08-24 12:46:03 - [TEST_STEP][PASSED] - if (i == 2 &amp;&amp; wildList.indexOf(symbol) != -1): null

2019-08-24 12:46:03 - [TEST_STEP][PASSED] - if (i == 3 &amp;&amp; wildList.indexOf(symbol) != -1): null

2019-08-24 12:46:03 - [TEST_STEP][PASSED] - if (i == 4 &amp;&amp; wildList.indexOf(symbol) != -1): null

2019-08-24 12:46:03 - [TEST_STEP][PASSED] - symbol = symbol: null

2019-08-24 12:46:03 - [TEST_STEP][PASSED] - println(symbol): null

2019-08-24 12:46:03 - [TEST_STEP][PASSED] - if (i == 2 &amp;&amp; wildList.indexOf(symbol) != -1): null

2019-08-24 12:46:03 - [TEST_STEP][PASSED] - if (i == 3 &amp;&amp; wildList.indexOf(symbol) != -1): null

2019-08-24 12:46:03 - [TEST_STEP][PASSED] - if (i == 4 &amp;&amp; wildList.indexOf(symbol) != -1): null

2019-08-24 12:46:03 - [TEST_STEP][PASSED] - symbol = symbol: null

2019-08-24 12:46:03 - [TEST_STEP][PASSED] - println(symbol): null

2019-08-24 12:46:03 - [TEST_STEP][PASSED] - if (i == 2 &amp;&amp; wildList.indexOf(symbol) != -1): null

2019-08-24 12:46:03 - [TEST_STEP][PASSED] - if (i == 3 &amp;&amp; wildList.indexOf(symbol) != -1): null

2019-08-24 12:46:03 - [TEST_STEP][PASSED] - if (i == 4 &amp;&amp; wildList.indexOf(symbol) != -1): null

2019-08-24 12:46:03 - [TEST_STEP][PASSED] - symbols = symbols: null

2019-08-24 12:46:03 - [TEST_STEP][PASSED] - for ([j = 0, j &lt; symbols.size(), (j++)]): null

2019-08-24 12:46:03 - [TEST_STEP][PASSED] - symbol = symbol: null

2019-08-24 12:46:03 - [TEST_STEP][PASSED] - println(symbol): null

2019-08-24 12:46:03 - [TEST_STEP][PASSED] - if (i == 2 &amp;&amp; wildList.indexOf(symbol) != -1): null

2019-08-24 12:46:03 - [TEST_STEP][PASSED] - if (i == 3 &amp;&amp; wildList.indexOf(symbol) != -1): null

2019-08-24 12:46:03 - [TEST_STEP][PASSED] - if (i == 4 &amp;&amp; wildList.indexOf(symbol) != -1): null

2019-08-24 12:46:03 - [TEST_STEP][PASSED] - symbol = symbol: null

2019-08-24 12:46:03 - [TEST_STEP][PASSED] - println(symbol): null

2019-08-24 12:46:03 - [TEST_STEP][PASSED] - if (i == 2 &amp;&amp; wildList.indexOf(symbol) != -1): null

2019-08-24 12:46:03 - [TEST_STEP][PASSED] - if (i == 3 &amp;&amp; wildList.indexOf(symbol) != -1): null

2019-08-24 12:46:03 - [TEST_STEP][PASSED] - if (i == 4 &amp;&amp; wildList.indexOf(symbol) != -1): null

2019-08-24 12:46:03 - [TEST_STEP][PASSED] - symbol = symbol: null

2019-08-24 12:46:03 - [TEST_STEP][PASSED] - println(symbol): null

2019-08-24 12:46:03 - [TEST_STEP][PASSED] - if (i == 2 &amp;&amp; wildList.indexOf(symbol) != -1): null

2019-08-24 12:46:03 - [TEST_STEP][PASSED] - if (i == 3 &amp;&amp; wildList.indexOf(symbol) != -1): null

2019-08-24 12:46:03 - [TEST_STEP][PASSED] - if (i == 4 &amp;&amp; wildList.indexOf(symbol) != -1): null

2019-08-24 12:46:03 - [TEST_STEP][PASSED] - symbols = symbols: null

2019-08-24 12:46:03 - [TEST_STEP][PASSED] - for ([j = 0, j &lt; symbols.size(), (j++)]): null

2019-08-24 12:46:03 - [TEST_STEP][PASSED] - symbol = symbol: null

2019-08-24 12:46:03 - [TEST_STEP][PASSED] - println(symbol): null

2019-08-24 12:46:03 - [TEST_STEP][PASSED] - if (i == 2 &amp;&amp; wildList.indexOf(symbol) != -1): null

2019-08-24 12:46:03 - [TEST_STEP][PASSED] - if (i == 3 &amp;&amp; wildList.indexOf(symbol) != -1): null

2019-08-24 12:46:03 - [TEST_STEP][PASSED] - if (i == 4 &amp;&amp; wildList.indexOf(symbol) != -1): null

2019-08-24 12:46:03 - [TEST_STEP][PASSED] - symbol = symbol: null

2019-08-24 12:46:03 - [TEST_STEP][PASSED] - println(symbol): null

2019-08-24 12:46:03 - [TEST_STEP][PASSED] - if (i == 2 &amp;&amp; wildList.indexOf(symbol) != -1): null

2019-08-24 12:46:03 - [TEST_STEP][PASSED] - println("wild found on reel 3, adding counter by 1"): null

2019-08-24 12:46:03 - [TEST_STEP][PASSED] - free_spin_reel_counter[0] = free_spin_reel_counter[0] + 1: null

2019-08-24 12:46:03 - [TEST_STEP][PASSED] - if (i == 3 &amp;&amp; wildList.indexOf(symbol) != -1): null

2019-08-24 12:46:03 - [TEST_STEP][PASSED] - if (i == 4 &amp;&amp; wildList.indexOf(symbol) != -1): null

2019-08-24 12:46:03 - [TEST_STEP][PASSED] - symbol = symbol: null

2019-08-24 12:46:03 - [TEST_STEP][PASSED] - println(symbol): null

2019-08-24 12:46:03 - [TEST_STEP][PASSED] - if (i == 2 &amp;&amp; wildList.indexOf(symbol) != -1): null

2019-08-24 12:46:03 - [TEST_STEP][PASSED] - if (i == 3 &amp;&amp; wildList.indexOf(symbol) != -1): null

2019-08-24 12:46:03 - [TEST_STEP][PASSED] - if (i == 4 &amp;&amp; wildList.indexOf(symbol) != -1): null

2019-08-24 12:46:03 - [TEST_STEP][PASSED] - symbols = symbols: null

2019-08-24 12:46:03 - [TEST_STEP][PASSED] - for ([j = 0, j &lt; symbols.size(), (j++)]): null

2019-08-24 12:46:03 - [TEST_STEP][PASSED] - symbol = symbol: null

2019-08-24 12:46:03 - [TEST_STEP][PASSED] - println(symbol): null

2019-08-24 12:46:03 - [TEST_STEP][PASSED] - if (i == 2 &amp;&amp; wildList.indexOf(symbol) != -1): null

2019-08-24 12:46:03 - [TEST_STEP][PASSED] - if (i == 3 &amp;&amp; wildList.indexOf(symbol) != -1): null

2019-08-24 12:46:03 - [TEST_STEP][PASSED] - if (i == 4 &amp;&amp; wildList.indexOf(symbol) != -1): null

2019-08-24 12:46:03 - [TEST_STEP][PASSED] - symbol = symbol: null

2019-08-24 12:46:03 - [TEST_STEP][PASSED] - println(symbol): null

2019-08-24 12:46:03 - [TEST_STEP][PASSED] - if (i == 2 &amp;&amp; wildList.indexOf(symbol) != -1): null

2019-08-24 12:46:03 - [TEST_STEP][PASSED] - if (i == 3 &amp;&amp; wildList.indexOf(symbol) != -1): null

2019-08-24 12:46:07 - [TEST_STEP][PASSED] - if (i == 4 &amp;&amp; wildList.indexOf(symbol) != -1): null

2019-08-24 12:46:07 - [TEST_STEP][PASSED] - symbol = symbol: null

2019-08-24 12:46:07 - [TEST_STEP][PASSED] - println(symbol): null

2019-08-24 12:46:07 - [TEST_STEP][PASSED] - if (i == 2 &amp;&amp; wildList.indexOf(symbol) != -1): null

2019-08-24 12:46:07 - [TEST_STEP][PASSED] - if (i == 3 &amp;&amp; wildList.indexOf(symbol) != -1): null

2019-08-24 12:46:07 - [TEST_STEP][PASSED] - if (i == 4 &amp;&amp; wildList.indexOf(symbol) != -1): null

2019-08-24 12:46:07 - [TEST_STEP][PASSED] - symbols = symbols: null

2019-08-24 12:46:07 - [TEST_STEP][PASSED] - for ([j = 0, j &lt; symbols.size(), (j++)]): null

2019-08-24 12:46:07 - [TEST_STEP][PASSED] - symbol = symbol: null

2019-08-24 12:46:07 - [TEST_STEP][PASSED] - println(symbol): null

2019-08-24 12:46:07 - [TEST_STEP][PASSED] - if (i == 2 &amp;&amp; wildList.indexOf(symbol) != -1): null

2019-08-24 12:46:10 - [TEST_STEP][PASSED] - if (i == 3 &amp;&amp; wildList.indexOf(symbol) != -1): null

2019-08-24 12:46:10 - [TEST_STEP][PASSED] - if (i == 4 &amp;&amp; wildList.indexOf(symbol) != -1): null

2019-08-24 12:46:10 - [TEST_STEP][PASSED] - symbol = symbol: null

2019-08-24 12:46:10 - [TEST_STEP][PASSED] - println(symbol): null

2019-08-24 12:46:10 - [TEST_STEP][PASSED] - if (i == 2 &amp;&amp; wildList.indexOf(symbol) != -1): null

2019-08-24 12:46:10 - [TEST_STEP][PASSED] - if (i == 3 &amp;&amp; wildList.indexOf(symbol) != -1): null

2019-08-24 12:46:10 - [TEST_STEP][PASSED] - if (i == 4 &amp;&amp; wildList.indexOf(symbol) != -1): null

2019-08-24 12:46:10 - [TEST_STEP][PASSED] - symbol = symbol: null

2019-08-24 12:46:10 - [TEST_STEP][PASSED] - println(symbol): null

2019-08-24 12:46:10 - [TEST_STEP][PASSED] - if (i == 2 &amp;&amp; wildList.indexOf(symbol) != -1): null

2019-08-24 12:46:10 - [TEST_STEP][PASSED] - if (i == 3 &amp;&amp; wildList.indexOf(symbol) != -1): null

2019-08-24 12:46:10 - [TEST_STEP][PASSED] - if (i == 4 &amp;&amp; wildList.indexOf(symbol) != -1): null

2019-08-24 12:46:10 - [TEST_STEP][PASSED] - free_spin_reel_counter = free_spin_reel_counter: null

2019-08-24 12:46:10 - [TEST_STEP][PASSED] - println("reel 3 wild found: " + free_spin_reel_counter[0]): null

2019-08-24 12:46:10 - [TEST_STEP][PASSED] - println("reel 4 wild found: " + free_spin_reel_counter[1]): null

2019-08-24 12:46:10 - [TEST_STEP][PASSED] - println("reel 5 wild found: " + free_spin_reel_counter[2]): null

2019-08-24 12:46:10 - [TEST_STEP][PASSED] - M4_spin_reels = M4_spin_reels: null

2019-08-24 12:46:10 - [TEST_STEP][PASSED] - M4_spin_reels_symbols = symbol: null

2019-08-24 12:46:10 - [TEST_STEP][PASSED] - M4_spin_reels_symbols = M4_spin_reels_symbols: null

2019-08-24 12:46:10 - [TEST_STEP][PASSED] - M4_spin_reel_wins = reel_wins: null

2019-08-24 12:46:10 - [TEST_STEP][PASSED] - M4_spin_reel_wins = M4_spin_reel_wins: null

2019-08-24 12:46:10 - [TEST_STEP][PASSED] - println("GlobalVariable.M4_spin_reel_wins is: " + M4_spin_reel_wins): null

2019-08-24 12:46:10 - [TEST_STEP][PASSED] - M4_spin_total_bonus_win_this_round = total_bonus_win_this_round: null

2019-08-24 12:46:10 - [TEST_STEP][PASSED] - M4_spin_total_bonus_win_this_round = M4_spin_total_bonus_win_this_round: null

2019-08-24 12:46:10 - [TEST_STEP][PASSED] - println("GlobalVariable.M4_spin_total_bonus_win_this_round is: " + M4_spin_total_bonus_win_this_round): null

2019-08-24 12:46:10 - [TEST_STEP][PASSED] - M4_spin_bonus_spin_result = spin_result: null

2019-08-24 12:46:10 - [TEST_STEP][PASSED] - M4_spin_bonus_spin_result = M4_spin_bonus_spin_result: null

2019-08-24 12:46:10 - [MESSAGE][PASSED] - Verify response successfully

2019-08-24 12:46:10 - [MESSAGE][PASSED] - Send request and verify the response successfully

2019-08-24 12:46:10 - [TEST_STEP][PASSED] - if (M4_total_bonus_spins_int != 0 &amp;&amp; M4_spin_reels_symbols[2].contains("WILD_Double") || M4_spin_reels_symbols[4].contains("WILD_Triple")): null

2019-08-24 12:46:10 - [TEST_STEP][PASSED] - free_spin_reel_counter = free_spin_reel_counter: null

2019-08-24 12:46:10 - [TEST_STEP][PASSED] - M4_spin_reels_symbols = M4_spin_reels_symbols: null

2019-08-24 12:46:10 - [TEST_STEP][PASSED] - M4_total_bonus_spins = M4_total_bonus_spins: null

2019-08-24 12:46:10 - [TEST_STEP][PASSED] - spin_result = sendRequestAndVerify(findTestObject("INT/RGS(M4)/1_M4_spin", ["M4_login_user_id":M4_login_user_id, "rgs_session_token":rgs_session_token, "partner":Partner])): Send request and verify the response successfully

2019-08-24 12:46:10 - [MESSAGE][INFO] - HAR: /Users/eiralee/Katalon_Script/SuperWild/Reports/20190824_124242/INT/superWild_4/20190824_124242/requests/main/65.har

2019-08-24 12:46:10 - [TEST_CASE][PASSED] - Start Test Case : Verification: Verification accomplished successfully

2019-08-24 12:46:10 - [TEST_STEP][PASSED] - request = getInstance().getCurrentRequest(): null

2019-08-24 12:46:10 - [TEST_STEP][PASSED] - response = getInstance().getCurrentResponse(): null

2019-08-24 12:46:10 - [TEST_STEP][PASSED] - verifyResponseStatusCode(response, 200): Verify response status code successfully

2019-08-24 12:46:10 - [MESSAGE][PASSED] - Verify response status code successfully

2019-08-24 12:46:10 - [TEST_STEP][PASSED] - getStatusCode()).isEqualTo(200): null

2019-08-24 12:46:10 - [TEST_STEP][PASSED] - newline = System.getProperty("line.separator"): null

2019-08-24 12:46:10 - [TEST_STEP][PASSED] - M4_spin = new groovy.json.JsonSlurper(): null

2019-08-24 12:46:10 - [TEST_STEP][PASSED] - result_M4_spin = M4_spin.parseText(response.getResponseBodyContent()): null

2019-08-24 12:46:10 - [TEST_STEP][PASSED] - M4_spin_current_balance = current_balance: null

2019-08-24 12:46:10 - [TEST_STEP][PASSED] - M4_spin_current_balance = M4_spin_current_balance: null

2019-08-24 12:46:10 - [TEST_STEP][PASSED] - M4_spin_transaction_id = causality: null

2019-08-24 12:46:10 - [TEST_STEP][PASSED] - M4_spin_transaction_id = M4_spin_transaction_id: null

2019-08-24 12:46:10 - [TEST_STEP][PASSED] - M4_spin_round_id = round_id: null

2019-08-24 12:46:10 - [TEST_STEP][PASSED] - M4_spin_round_id = M4_spin_round_id: null

2019-08-24 12:46:10 - [TEST_STEP][PASSED] - M4_spin_line_wins = line_wins: null

2019-08-24 12:46:10 - [TEST_STEP][PASSED] - M4_spin_line_wins = M4_spin_line_wins: null

2019-08-24 12:46:10 - [TEST_STEP][PASSED] - M4_total_bonus_spins_int = total_bonus_spins: null

2019-08-24 12:46:10 - [TEST_STEP][PASSED] - println("******M4_total_bonus_spins type is:*******" + newline + getClass().getName()): null

2019-08-24 12:46:10 - [TEST_STEP][PASSED] - M4_total_bonus_spins_int = M4_total_bonus_spins_int: null

2019-08-24 12:46:10 - [TEST_STEP][PASSED] - M4_total_bonus_spins = Integer.toString(M4_total_bonus_spins_int): null

2019-08-24 12:46:10 - [TEST_STEP][PASSED] - M4_total_bonus_spins = M4_total_bonus_spins: null

2019-08-24 12:46:10 - [TEST_STEP][PASSED] - println("M4_total_bonus_spins is:" + M4_total_bonus_spins): null

2019-08-24 12:46:10 - [TEST_STEP][PASSED] - M4_spin_bonus_data = bonus_data: null

2019-08-24 12:46:10 - [TEST_STEP][PASSED] - M4_spin_features_triggered = result_M4_spin: null

2019-08-24 12:46:10 - [TEST_STEP][PASSED] - wild = []: null

2019-08-24 12:46:10 - [TEST_STEP][PASSED] - wild[0] = "WILD_Expanding": null

2019-08-24 12:46:10 - [TEST_STEP][PASSED] - wild[1] = "WILD_Normal": null

2019-08-24 12:46:10 - [TEST_STEP][PASSED] - wild[2] = "WILD_Double": null

2019-08-24 12:46:10 - [TEST_STEP][PASSED] - wild[3] = "WILD_ExtraFG": null

2019-08-24 12:46:10 - [TEST_STEP][PASSED] - wild[4] = "WILD_Triple": null

2019-08-24 12:46:10 - [TEST_STEP][PASSED] - wildList = Arrays.asList(wild): null

2019-08-24 12:46:10 - [TEST_STEP][PASSED] - wildList = wildList: null

2019-08-24 12:46:10 - [TEST_STEP][PASSED] - free_spin_reel_counter = []: null

2019-08-24 12:46:10 - [TEST_STEP][PASSED] - free_spin_reel_counter[0] = 0: null

2019-08-24 12:46:10 - [TEST_STEP][PASSED] - free_spin_reel_counter[1] = 0: null

2019-08-24 12:46:10 - [TEST_STEP][PASSED] - free_spin_reel_counter[2] = 0: null

2019-08-24 12:46:10 - [TEST_STEP][PASSED] - M4_spin_reels = reels: null

2019-08-24 12:46:10 - [TEST_STEP][PASSED] - for ([i = 0, i &lt; M4_spin_reels.size(), (i++)]): null

2019-08-24 12:46:10 - [TEST_STEP][PASSED] - symbols = symbols: null

2019-08-24 12:46:10 - [TEST_STEP][PASSED] - for ([j = 0, j &lt; symbols.size(), (j++)]): null

2019-08-24 12:46:10 - [TEST_STEP][PASSED] - symbol = symbol: null

2019-08-24 12:46:10 - [TEST_STEP][PASSED] - println(symbol): null

2019-08-24 12:46:10 - [TEST_STEP][PASSED] - if (i == 2 &amp;&amp; wildList.indexOf(symbol) != -1): null

2019-08-24 12:46:10 - [TEST_STEP][PASSED] - if (i == 3 &amp;&amp; wildList.indexOf(symbol) != -1): null

2019-08-24 12:46:10 - [TEST_STEP][PASSED] - if (i == 4 &amp;&amp; wildList.indexOf(symbol) != -1): null

2019-08-24 12:46:10 - [TEST_STEP][PASSED] - symbol = symbol: null

2019-08-24 12:46:10 - [TEST_STEP][PASSED] - println(symbol): null

2019-08-24 12:46:10 - [TEST_STEP][PASSED] - if (i == 2 &amp;&amp; wildList.indexOf(symbol) != -1): null

2019-08-24 12:46:10 - [TEST_STEP][PASSED] - if (i == 3 &amp;&amp; wildList.indexOf(symbol) != -1): null

2019-08-24 12:46:10 - [TEST_STEP][PASSED] - if (i == 4 &amp;&amp; wildList.indexOf(symbol) != -1): null

2019-08-24 12:46:10 - [TEST_STEP][PASSED] - symbol = symbol: null

2019-08-24 12:46:10 - [TEST_STEP][PASSED] - println(symbol): null

2019-08-24 12:46:10 - [TEST_STEP][PASSED] - if (i == 2 &amp;&amp; wildList.indexOf(symbol) != -1): null

2019-08-24 12:46:10 - [TEST_STEP][PASSED] - if (i == 3 &amp;&amp; wildList.indexOf(symbol) != -1): null

2019-08-24 12:46:10 - [TEST_STEP][PASSED] - if (i == 4 &amp;&amp; wildList.indexOf(symbol) != -1): null

2019-08-24 12:46:10 - [TEST_STEP][PASSED] - symbols = symbols: null

2019-08-24 12:46:10 - [TEST_STEP][PASSED] - for ([j = 0, j &lt; symbols.size(), (j++)]): null

2019-08-24 12:46:10 - [TEST_STEP][PASSED] - symbol = symbol: null

2019-08-24 12:46:10 - [TEST_STEP][PASSED] - println(symbol): null

2019-08-24 12:46:10 - [TEST_STEP][PASSED] - if (i == 2 &amp;&amp; wildList.indexOf(symbol) != -1): null

2019-08-24 12:46:10 - [TEST_STEP][PASSED] - if (i == 3 &amp;&amp; wildList.indexOf(symbol) != -1): null

2019-08-24 12:46:10 - [TEST_STEP][PASSED] - if (i == 4 &amp;&amp; wildList.indexOf(symbol) != -1): null

2019-08-24 12:46:10 - [TEST_STEP][PASSED] - symbol = symbol: null

2019-08-24 12:46:10 - [TEST_STEP][PASSED] - println(symbol): null

2019-08-24 12:46:10 - [TEST_STEP][PASSED] - if (i == 2 &amp;&amp; wildList.indexOf(symbol) != -1): null

2019-08-24 12:46:10 - [TEST_STEP][PASSED] - if (i == 3 &amp;&amp; wildList.indexOf(symbol) != -1): null

2019-08-24 12:46:10 - [TEST_STEP][PASSED] - if (i == 4 &amp;&amp; wildList.indexOf(symbol) != -1): null

2019-08-24 12:46:10 - [TEST_STEP][PASSED] - symbol = symbol: null

2019-08-24 12:46:10 - [TEST_STEP][PASSED] - println(symbol): null

2019-08-24 12:46:10 - [TEST_STEP][PASSED] - if (i == 2 &amp;&amp; wildList.indexOf(symbol) != -1): null

2019-08-24 12:46:10 - [TEST_STEP][PASSED] - if (i == 3 &amp;&amp; wildList.indexOf(symbol) != -1): null

2019-08-24 12:46:10 - [TEST_STEP][PASSED] - if (i == 4 &amp;&amp; wildList.indexOf(symbol) != -1): null

2019-08-24 12:46:10 - [TEST_STEP][PASSED] - symbols = symbols: null

2019-08-24 12:46:10 - [TEST_STEP][PASSED] - for ([j = 0, j &lt; symbols.size(), (j++)]): null

2019-08-24 12:46:10 - [TEST_STEP][PASSED] - symbol = symbol: null

2019-08-24 12:46:10 - [TEST_STEP][PASSED] - println(symbol): null

2019-08-24 12:46:10 - [TEST_STEP][PASSED] - if (i == 2 &amp;&amp; wildList.indexOf(symbol) != -1): null

2019-08-24 12:46:10 - [TEST_STEP][PASSED] - if (i == 3 &amp;&amp; wildList.indexOf(symbol) != -1): null

2019-08-24 12:46:10 - [TEST_STEP][PASSED] - if (i == 4 &amp;&amp; wildList.indexOf(symbol) != -1): null

2019-08-24 12:46:10 - [TEST_STEP][PASSED] - symbol = symbol: null

2019-08-24 12:46:10 - [TEST_STEP][PASSED] - println(symbol): null

2019-08-24 12:46:10 - [TEST_STEP][PASSED] - if (i == 2 &amp;&amp; wildList.indexOf(symbol) != -1): null

2019-08-24 12:46:10 - [TEST_STEP][PASSED] - if (i == 3 &amp;&amp; wildList.indexOf(symbol) != -1): null

2019-08-24 12:46:10 - [TEST_STEP][PASSED] - if (i == 4 &amp;&amp; wildList.indexOf(symbol) != -1): null

2019-08-24 12:46:10 - [TEST_STEP][PASSED] - symbol = symbol: null

2019-08-24 12:46:10 - [TEST_STEP][PASSED] - println(symbol): null

2019-08-24 12:46:10 - [TEST_STEP][PASSED] - if (i == 2 &amp;&amp; wildList.indexOf(symbol) != -1): null

2019-08-24 12:46:10 - [TEST_STEP][PASSED] - if (i == 3 &amp;&amp; wildList.indexOf(symbol) != -1): null

2019-08-24 12:46:10 - [TEST_STEP][PASSED] - if (i == 4 &amp;&amp; wildList.indexOf(symbol) != -1): null

2019-08-24 12:46:10 - [TEST_STEP][PASSED] - symbols = symbols: null

2019-08-24 12:46:10 - [TEST_STEP][PASSED] - for ([j = 0, j &lt; symbols.size(), (j++)]): null

2019-08-24 12:46:10 - [TEST_STEP][PASSED] - symbol = symbol: null

2019-08-24 12:46:10 - [TEST_STEP][PASSED] - println(symbol): null

2019-08-24 12:46:10 - [TEST_STEP][PASSED] - if (i == 2 &amp;&amp; wildList.indexOf(symbol) != -1): null

2019-08-24 12:46:10 - [TEST_STEP][PASSED] - if (i == 3 &amp;&amp; wildList.indexOf(symbol) != -1): null

2019-08-24 12:46:10 - [TEST_STEP][PASSED] - if (i == 4 &amp;&amp; wildList.indexOf(symbol) != -1): null

2019-08-24 12:46:10 - [TEST_STEP][PASSED] - symbol = symbol: null

2019-08-24 12:46:10 - [TEST_STEP][PASSED] - println(symbol): null

2019-08-24 12:46:10 - [TEST_STEP][PASSED] - if (i == 2 &amp;&amp; wildList.indexOf(symbol) != -1): null

2019-08-24 12:46:10 - [TEST_STEP][PASSED] - if (i == 3 &amp;&amp; wildList.indexOf(symbol) != -1): null

2019-08-24 12:46:10 - [TEST_STEP][PASSED] - if (i == 4 &amp;&amp; wildList.indexOf(symbol) != -1): null

2019-08-24 12:46:10 - [TEST_STEP][PASSED] - symbol = symbol: null

2019-08-24 12:46:10 - [TEST_STEP][PASSED] - println(symbol): null

2019-08-24 12:46:10 - [TEST_STEP][PASSED] - if (i == 2 &amp;&amp; wildList.indexOf(symbol) != -1): null

2019-08-24 12:46:10 - [TEST_STEP][PASSED] - if (i == 3 &amp;&amp; wildList.indexOf(symbol) != -1): null

2019-08-24 12:46:10 - [TEST_STEP][PASSED] - if (i == 4 &amp;&amp; wildList.indexOf(symbol) != -1): null

2019-08-24 12:46:10 - [TEST_STEP][PASSED] - symbols = symbols: null

2019-08-24 12:46:10 - [TEST_STEP][PASSED] - for ([j = 0, j &lt; symbols.size(), (j++)]): null

2019-08-24 12:46:10 - [TEST_STEP][PASSED] - symbol = symbol: null

2019-08-24 12:46:10 - [TEST_STEP][PASSED] - println(symbol): null

2019-08-24 12:46:10 - [TEST_STEP][PASSED] - if (i == 2 &amp;&amp; wildList.indexOf(symbol) != -1): null

2019-08-24 12:46:10 - [TEST_STEP][PASSED] - if (i == 3 &amp;&amp; wildList.indexOf(symbol) != -1): null

2019-08-24 12:46:10 - [TEST_STEP][PASSED] - if (i == 4 &amp;&amp; wildList.indexOf(symbol) != -1): null

2019-08-24 12:46:10 - [TEST_STEP][PASSED] - symbol = symbol: null

2019-08-24 12:46:10 - [TEST_STEP][PASSED] - println(symbol): null

2019-08-24 12:46:10 - [TEST_STEP][PASSED] - if (i == 2 &amp;&amp; wildList.indexOf(symbol) != -1): null

2019-08-24 12:46:10 - [TEST_STEP][PASSED] - if (i == 3 &amp;&amp; wildList.indexOf(symbol) != -1): null

2019-08-24 12:46:10 - [TEST_STEP][PASSED] - if (i == 4 &amp;&amp; wildList.indexOf(symbol) != -1): null

2019-08-24 12:46:10 - [TEST_STEP][PASSED] - symbol = symbol: null

2019-08-24 12:46:10 - [TEST_STEP][PASSED] - println(symbol): null

2019-08-24 12:46:10 - [TEST_STEP][PASSED] - if (i == 2 &amp;&amp; wildList.indexOf(symbol) != -1): null

2019-08-24 12:46:10 - [TEST_STEP][PASSED] - if (i == 3 &amp;&amp; wildList.indexOf(symbol) != -1): null

2019-08-24 12:46:10 - [TEST_STEP][PASSED] - if (i == 4 &amp;&amp; wildList.indexOf(symbol) != -1): null

2019-08-24 12:46:10 - [TEST_STEP][PASSED] - println("wild found on reel 5, adding counter by 1"): null

2019-08-24 12:46:10 - [TEST_STEP][PASSED] - free_spin_reel_counter[2] = free_spin_reel_counter[2] + 1: null

2019-08-24 12:46:10 - [TEST_STEP][PASSED] - free_spin_reel_counter = free_spin_reel_counter: null

2019-08-24 12:46:10 - [TEST_STEP][PASSED] - println("reel 3 wild found: " + free_spin_reel_counter[0]): null

2019-08-24 12:46:10 - [TEST_STEP][PASSED] - println("reel 4 wild found: " + free_spin_reel_counter[1]): null

2019-08-24 12:46:10 - [TEST_STEP][PASSED] - println("reel 5 wild found: " + free_spin_reel_counter[2]): null

2019-08-24 12:46:10 - [TEST_STEP][PASSED] - M4_spin_reels = M4_spin_reels: null

2019-08-24 12:46:10 - [TEST_STEP][PASSED] - M4_spin_reels_symbols = symbol: null

2019-08-24 12:46:10 - [TEST_STEP][PASSED] - M4_spin_reels_symbols = M4_spin_reels_symbols: null

2019-08-24 12:46:10 - [TEST_STEP][PASSED] - M4_spin_reel_wins = reel_wins: null

2019-08-24 12:46:10 - [TEST_STEP][PASSED] - M4_spin_reel_wins = M4_spin_reel_wins: null

2019-08-24 12:46:10 - [TEST_STEP][PASSED] - println("GlobalVariable.M4_spin_reel_wins is: " + M4_spin_reel_wins): null

2019-08-24 12:46:10 - [TEST_STEP][PASSED] - M4_spin_total_bonus_win_this_round = total_bonus_win_this_round: null

2019-08-24 12:46:10 - [TEST_STEP][PASSED] - M4_spin_total_bonus_win_this_round = M4_spin_total_bonus_win_this_round: null

2019-08-24 12:46:10 - [TEST_STEP][PASSED] - println("GlobalVariable.M4_spin_total_bonus_win_this_round is: " + M4_spin_total_bonus_win_this_round): null

2019-08-24 12:46:10 - [TEST_STEP][PASSED] - M4_spin_bonus_spin_result = spin_result: null

2019-08-24 12:46:10 - [TEST_STEP][PASSED] - M4_spin_bonus_spin_result = M4_spin_bonus_spin_result: null

2019-08-24 12:46:10 - [MESSAGE][PASSED] - Verify response successfully

2019-08-24 12:46:10 - [MESSAGE][PASSED] - Send request and verify the response successfully

2019-08-24 12:46:10 - [TEST_STEP][PASSED] - if (M4_total_bonus_spins_int != 0 &amp;&amp; M4_spin_reels_symbols[2].contains("WILD_Double") || M4_spin_reels_symbols[4].contains("WILD_Triple")): null

2019-08-24 12:46:10 - [TEST_STEP][PASSED] - free_spin_reel_counter = free_spin_reel_counter: null

2019-08-24 12:46:10 - [TEST_STEP][PASSED] - M4_spin_reels_symbols = M4_spin_reels_symbols: null

2019-08-24 12:46:10 - [TEST_STEP][PASSED] - M4_total_bonus_spins = M4_total_bonus_spins: null

2019-08-24 12:46:10 - [TEST_STEP][PASSED] - spin_result = sendRequestAndVerify(findTestObject("INT/RGS(M4)/1_M4_spin", ["M4_login_user_id":M4_login_user_id, "rgs_session_token":rgs_session_token, "partner":Partner])): Send request and verify the response successfully

2019-08-24 12:46:11 - [MESSAGE][INFO] - HAR: /Users/eiralee/Katalon_Script/SuperWild/Reports/20190824_124242/INT/superWild_4/20190824_124242/requests/main/66.har

2019-08-24 12:46:11 - [TEST_CASE][PASSED] - Start Test Case : Verification: Verification accomplished successfully

2019-08-24 12:46:12 - [TEST_STEP][PASSED] - request = getInstance().getCurrentRequest(): null

2019-08-24 12:46:12 - [TEST_STEP][PASSED] - response = getInstance().getCurrentResponse(): null

2019-08-24 12:46:12 - [TEST_STEP][PASSED] - verifyResponseStatusCode(response, 200): Verify response status code successfully

2019-08-24 12:46:12 - [MESSAGE][PASSED] - Verify response status code successfully

2019-08-24 12:46:12 - [TEST_STEP][PASSED] - getStatusCode()).isEqualTo(200): null

2019-08-24 12:46:12 - [TEST_STEP][PASSED] - newline = System.getProperty("line.separator"): null

2019-08-24 12:46:12 - [TEST_STEP][PASSED] - M4_spin = new groovy.json.JsonSlurper(): null

2019-08-24 12:46:12 - [TEST_STEP][PASSED] - result_M4_spin = M4_spin.parseText(response.getResponseBodyContent()): null

2019-08-24 12:46:12 - [TEST_STEP][PASSED] - M4_spin_current_balance = current_balance: null

2019-08-24 12:46:12 - [TEST_STEP][PASSED] - M4_spin_current_balance = M4_spin_current_balance: null

2019-08-24 12:46:12 - [TEST_STEP][PASSED] - M4_spin_transaction_id = causality: null

2019-08-24 12:46:12 - [TEST_STEP][PASSED] - M4_spin_transaction_id = M4_spin_transaction_id: null

2019-08-24 12:46:12 - [TEST_STEP][PASSED] - M4_spin_round_id = round_id: null

2019-08-24 12:46:12 - [TEST_STEP][PASSED] - M4_spin_round_id = M4_spin_round_id: null

2019-08-24 12:46:12 - [TEST_STEP][PASSED] - M4_spin_line_wins = line_wins: null

2019-08-24 12:46:12 - [TEST_STEP][PASSED] - M4_spin_line_wins = M4_spin_line_wins: null

2019-08-24 12:46:12 - [TEST_STEP][PASSED] - M4_total_bonus_spins_int = total_bonus_spins: null

2019-08-24 12:46:12 - [TEST_STEP][PASSED] - println("******M4_total_bonus_spins type is:*******" + newline + getClass().getName()): null

2019-08-24 12:46:12 - [TEST_STEP][PASSED] - M4_total_bonus_spins_int = M4_total_bonus_spins_int: null

2019-08-24 12:46:12 - [TEST_STEP][PASSED] - M4_total_bonus_spins = Integer.toString(M4_total_bonus_spins_int): null

2019-08-24 12:46:12 - [TEST_STEP][PASSED] - M4_total_bonus_spins = M4_total_bonus_spins: null

2019-08-24 12:46:12 - [TEST_STEP][PASSED] - println("M4_total_bonus_spins is:" + M4_total_bonus_spins): null

2019-08-24 12:46:12 - [TEST_STEP][PASSED] - M4_spin_bonus_data = bonus_data: null

2019-08-24 12:46:12 - [TEST_STEP][PASSED] - M4_spin_features_triggered = result_M4_spin: null

2019-08-24 12:46:12 - [TEST_STEP][PASSED] - wild = []: null

2019-08-24 12:46:12 - [TEST_STEP][PASSED] - wild[0] = "WILD_Expanding": null

2019-08-24 12:46:12 - [TEST_STEP][PASSED] - wild[1] = "WILD_Normal": null

2019-08-24 12:46:12 - [TEST_STEP][PASSED] - wild[2] = "WILD_Double": null

2019-08-24 12:46:12 - [TEST_STEP][PASSED] - wild[3] = "WILD_ExtraFG": null

2019-08-24 12:46:12 - [TEST_STEP][PASSED] - wild[4] = "WILD_Triple": null

2019-08-24 12:46:12 - [TEST_STEP][PASSED] - wildList = Arrays.asList(wild): null

2019-08-24 12:46:12 - [TEST_STEP][PASSED] - wildList = wildList: null

2019-08-24 12:46:12 - [TEST_STEP][PASSED] - free_spin_reel_counter = []: null

2019-08-24 12:46:12 - [TEST_STEP][PASSED] - free_spin_reel_counter[0] = 0: null

2019-08-24 12:46:12 - [TEST_STEP][PASSED] - free_spin_reel_counter[1] = 0: null

2019-08-24 12:46:12 - [TEST_STEP][PASSED] - free_spin_reel_counter[2] = 0: null

2019-08-24 12:46:12 - [TEST_STEP][PASSED] - M4_spin_reels = reels: null

2019-08-24 12:46:12 - [TEST_STEP][PASSED] - for ([i = 0, i &lt; M4_spin_reels.size(), (i++)]): null

2019-08-24 12:46:12 - [TEST_STEP][PASSED] - symbols = symbols: null

2019-08-24 12:46:12 - [TEST_STEP][PASSED] - for ([j = 0, j &lt; symbols.size(), (j++)]): null

2019-08-24 12:46:12 - [TEST_STEP][PASSED] - symbol = symbol: null

2019-08-24 12:46:12 - [TEST_STEP][PASSED] - println(symbol): null

2019-08-24 12:46:12 - [TEST_STEP][PASSED] - if (i == 2 &amp;&amp; wildList.indexOf(symbol) != -1): null

2019-08-24 12:46:12 - [TEST_STEP][PASSED] - if (i == 3 &amp;&amp; wildList.indexOf(symbol) != -1): null

2019-08-24 12:46:12 - [TEST_STEP][PASSED] - if (i == 4 &amp;&amp; wildList.indexOf(symbol) != -1): null

2019-08-24 12:46:12 - [TEST_STEP][PASSED] - symbol = symbol: null

2019-08-24 12:46:12 - [TEST_STEP][PASSED] - println(symbol): null

2019-08-24 12:46:12 - [TEST_STEP][PASSED] - if (i == 2 &amp;&amp; wildList.indexOf(symbol) != -1): null

2019-08-24 12:46:12 - [TEST_STEP][PASSED] - if (i == 3 &amp;&amp; wildList.indexOf(symbol) != -1): null

2019-08-24 12:46:12 - [TEST_STEP][PASSED] - if (i == 4 &amp;&amp; wildList.indexOf(symbol) != -1): null

2019-08-24 12:46:12 - [TEST_STEP][PASSED] - symbol = symbol: null

2019-08-24 12:46:12 - [TEST_STEP][PASSED] - println(symbol): null

2019-08-24 12:46:12 - [TEST_STEP][PASSED] - if (i == 2 &amp;&amp; wildList.indexOf(symbol) != -1): null

2019-08-24 12:46:12 - [TEST_STEP][PASSED] - if (i == 3 &amp;&amp; wildList.indexOf(symbol) != -1): null

2019-08-24 12:46:12 - [TEST_STEP][PASSED] - if (i == 4 &amp;&amp; wildList.indexOf(symbol) != -1): null

2019-08-24 12:46:12 - [TEST_STEP][PASSED] - symbols = symbols: null

2019-08-24 12:46:12 - [TEST_STEP][PASSED] - for ([j = 0, j &lt; symbols.size(), (j++)]): null

2019-08-24 12:46:12 - [TEST_STEP][PASSED] - symbol = symbol: null

2019-08-24 12:46:12 - [TEST_STEP][PASSED] - println(symbol): null

2019-08-24 12:46:12 - [TEST_STEP][PASSED] - if (i == 2 &amp;&amp; wildList.indexOf(symbol) != -1): null

2019-08-24 12:46:12 - [TEST_STEP][PASSED] - if (i == 3 &amp;&amp; wildList.indexOf(symbol) != -1): null

2019-08-24 12:46:12 - [TEST_STEP][PASSED] - if (i == 4 &amp;&amp; wildList.indexOf(symbol) != -1): null

2019-08-24 12:46:12 - [TEST_STEP][PASSED] - symbol = symbol: null

2019-08-24 12:46:12 - [TEST_STEP][PASSED] - println(symbol): null

2019-08-24 12:46:12 - [TEST_STEP][PASSED] - if (i == 2 &amp;&amp; wildList.indexOf(symbol) != -1): null

2019-08-24 12:46:12 - [TEST_STEP][PASSED] - if (i == 3 &amp;&amp; wildList.indexOf(symbol) != -1): null

2019-08-24 12:46:12 - [TEST_STEP][PASSED] - if (i == 4 &amp;&amp; wildList.indexOf(symbol) != -1): null

2019-08-24 12:46:12 - [TEST_STEP][PASSED] - symbol = symbol: null

2019-08-24 12:46:12 - [TEST_STEP][PASSED] - println(symbol): null

2019-08-24 12:46:12 - [TEST_STEP][PASSED] - if (i == 2 &amp;&amp; wildList.indexOf(symbol) != -1): null

2019-08-24 12:46:12 - [TEST_STEP][PASSED] - if (i == 3 &amp;&amp; wildList.indexOf(symbol) != -1): null

2019-08-24 12:46:12 - [TEST_STEP][PASSED] - if (i == 4 &amp;&amp; wildList.indexOf(symbol) != -1): null

2019-08-24 12:46:12 - [TEST_STEP][PASSED] - symbols = symbols: null

2019-08-24 12:46:12 - [TEST_STEP][PASSED] - for ([j = 0, j &lt; symbols.size(), (j++)]): null

2019-08-24 12:46:12 - [TEST_STEP][PASSED] - symbol = symbol: null

2019-08-24 12:46:12 - [TEST_STEP][PASSED] - println(symbol): null

2019-08-24 12:46:12 - [TEST_STEP][PASSED] - if (i == 2 &amp;&amp; wildList.indexOf(symbol) != -1): null

2019-08-24 12:46:12 - [TEST_STEP][PASSED] - if (i == 3 &amp;&amp; wildList.indexOf(symbol) != -1): null

2019-08-24 12:46:12 - [TEST_STEP][PASSED] - if (i == 4 &amp;&amp; wildList.indexOf(symbol) != -1): null

2019-08-24 12:46:12 - [TEST_STEP][PASSED] - symbol = symbol: null

2019-08-24 12:46:12 - [TEST_STEP][PASSED] - println(symbol): null

2019-08-24 12:46:12 - [TEST_STEP][PASSED] - if (i == 2 &amp;&amp; wildList.indexOf(symbol) != -1): null

2019-08-24 12:46:12 - [TEST_STEP][PASSED] - println("wild found on reel 3, adding counter by 1"): null

2019-08-24 12:46:12 - [TEST_STEP][PASSED] - free_spin_reel_counter[0] = free_spin_reel_counter[0] + 1: null

2019-08-24 12:46:12 - [TEST_STEP][PASSED] - if (i == 3 &amp;&amp; wildList.indexOf(symbol) != -1): null

2019-08-24 12:46:12 - [TEST_STEP][PASSED] - if (i == 4 &amp;&amp; wildList.indexOf(symbol) != -1): null

2019-08-24 12:46:12 - [TEST_STEP][PASSED] - symbol = symbol: null

2019-08-24 12:46:12 - [TEST_STEP][PASSED] - println(symbol): null

2019-08-24 12:46:12 - [TEST_STEP][PASSED] - if (i == 2 &amp;&amp; wildList.indexOf(symbol) != -1): null

2019-08-24 12:46:12 - [TEST_STEP][PASSED] - if (i == 3 &amp;&amp; wildList.indexOf(symbol) != -1): null

2019-08-24 12:46:12 - [TEST_STEP][PASSED] - if (i == 4 &amp;&amp; wildList.indexOf(symbol) != -1): null

2019-08-24 12:46:12 - [TEST_STEP][PASSED] - symbols = symbols: null

2019-08-24 12:46:12 - [TEST_STEP][PASSED] - for ([j = 0, j &lt; symbols.size(), (j++)]): null

2019-08-24 12:46:12 - [TEST_STEP][PASSED] - symbol = symbol: null

2019-08-24 12:46:12 - [TEST_STEP][PASSED] - println(symbol): null

2019-08-24 12:46:12 - [TEST_STEP][PASSED] - if (i == 2 &amp;&amp; wildList.indexOf(symbol) != -1): null

2019-08-24 12:46:12 - [TEST_STEP][PASSED] - if (i == 3 &amp;&amp; wildList.indexOf(symbol) != -1): null

2019-08-24 12:46:12 - [TEST_STEP][PASSED] - if (i == 4 &amp;&amp; wildList.indexOf(symbol) != -1): null

2019-08-24 12:46:12 - [TEST_STEP][PASSED] - symbol = symbol: null

2019-08-24 12:46:12 - [TEST_STEP][PASSED] - println(symbol): null

2019-08-24 12:46:12 - [TEST_STEP][PASSED] - if (i == 2 &amp;&amp; wildList.indexOf(symbol) != -1): null

2019-08-24 12:46:12 - [TEST_STEP][PASSED] - if (i == 3 &amp;&amp; wildList.indexOf(symbol) != -1): null

2019-08-24 12:46:12 - [TEST_STEP][PASSED] - println("wild found on reel 4, adding counter by 1"): null

2019-08-24 12:46:12 - [TEST_STEP][PASSED] - free_spin_reel_counter[1] = free_spin_reel_counter[1] + 1: null

2019-08-24 12:46:12 - [TEST_STEP][PASSED] - if (i == 4 &amp;&amp; wildList.indexOf(symbol) != -1): null

2019-08-24 12:46:12 - [TEST_STEP][PASSED] - symbol = symbol: null

2019-08-24 12:46:12 - [TEST_STEP][PASSED] - println(symbol): null

2019-08-24 12:46:12 - [TEST_STEP][PASSED] - if (i == 2 &amp;&amp; wildList.indexOf(symbol) != -1): null

2019-08-24 12:46:12 - [TEST_STEP][PASSED] - if (i == 3 &amp;&amp; wildList.indexOf(symbol) != -1): null

2019-08-24 12:46:12 - [TEST_STEP][PASSED] - if (i == 4 &amp;&amp; wildList.indexOf(symbol) != -1): null

2019-08-24 12:46:12 - [TEST_STEP][PASSED] - symbols = symbols: null

2019-08-24 12:46:12 - [TEST_STEP][PASSED] - for ([j = 0, j &lt; symbols.size(), (j++)]): null

2019-08-24 12:46:12 - [TEST_STEP][PASSED] - symbol = symbol: null

2019-08-24 12:46:12 - [TEST_STEP][PASSED] - println(symbol): null

2019-08-24 12:46:12 - [TEST_STEP][PASSED] - if (i == 2 &amp;&amp; wildList.indexOf(symbol) != -1): null

2019-08-24 12:46:12 - [TEST_STEP][PASSED] - if (i == 3 &amp;&amp; wildList.indexOf(symbol) != -1): null

2019-08-24 12:46:12 - [TEST_STEP][PASSED] - if (i == 4 &amp;&amp; wildList.indexOf(symbol) != -1): null

2019-08-24 12:46:12 - [TEST_STEP][PASSED] - symbol = symbol: null

2019-08-24 12:46:12 - [TEST_STEP][PASSED] - println(symbol): null

2019-08-24 12:46:12 - [TEST_STEP][PASSED] - if (i == 2 &amp;&amp; wildList.indexOf(symbol) != -1): null

2019-08-24 12:46:12 - [TEST_STEP][PASSED] - if (i == 3 &amp;&amp; wildList.indexOf(symbol) != -1): null

2019-08-24 12:46:12 - [TEST_STEP][PASSED] - if (i == 4 &amp;&amp; wildList.indexOf(symbol) != -1): null

2019-08-24 12:46:12 - [TEST_STEP][PASSED] - symbol = symbol: null

2019-08-24 12:46:12 - [TEST_STEP][PASSED] - println(symbol): null

2019-08-24 12:46:12 - [TEST_STEP][PASSED] - if (i == 2 &amp;&amp; wildList.indexOf(symbol) != -1): null

2019-08-24 12:46:12 - [TEST_STEP][PASSED] - if (i == 3 &amp;&amp; wildList.indexOf(symbol) != -1): null

2019-08-24 12:46:12 - [TEST_STEP][PASSED] - if (i == 4 &amp;&amp; wildList.indexOf(symbol) != -1): null

2019-08-24 12:46:12 - [TEST_STEP][PASSED] - free_spin_reel_counter = free_spin_reel_counter: null

2019-08-24 12:46:12 - [TEST_STEP][PASSED] - println("reel 3 wild found: " + free_spin_reel_counter[0]): null

2019-08-24 12:46:12 - [TEST_STEP][PASSED] - println("reel 4 wild found: " + free_spin_reel_counter[1]): null

2019-08-24 12:46:12 - [TEST_STEP][PASSED] - println("reel 5 wild found: " + free_spin_reel_counter[2]): null

2019-08-24 12:46:12 - [TEST_STEP][PASSED] - M4_spin_reels = M4_spin_reels: null

2019-08-24 12:46:12 - [TEST_STEP][PASSED] - M4_spin_reels_symbols = symbol: null

2019-08-24 12:46:12 - [TEST_STEP][PASSED] - M4_spin_reels_symbols = M4_spin_reels_symbols: null

2019-08-24 12:46:12 - [TEST_STEP][PASSED] - M4_spin_reel_wins = reel_wins: null

2019-08-24 12:46:12 - [TEST_STEP][PASSED] - M4_spin_reel_wins = M4_spin_reel_wins: null

2019-08-24 12:46:12 - [TEST_STEP][PASSED] - println("GlobalVariable.M4_spin_reel_wins is: " + M4_spin_reel_wins): null

2019-08-24 12:46:15 - [TEST_STEP][PASSED] - M4_spin_total_bonus_win_this_round = total_bonus_win_this_round: null

2019-08-24 12:46:15 - [TEST_STEP][PASSED] - M4_spin_total_bonus_win_this_round = M4_spin_total_bonus_win_this_round: null

2019-08-24 12:46:15 - [TEST_STEP][PASSED] - println("GlobalVariable.M4_spin_total_bonus_win_this_round is: " + M4_spin_total_bonus_win_this_round): null

2019-08-24 12:46:15 - [TEST_STEP][PASSED] - M4_spin_bonus_spin_result = spin_result: null

2019-08-24 12:46:15 - [TEST_STEP][PASSED] - M4_spin_bonus_spin_result = M4_spin_bonus_spin_result: null

2019-08-24 12:46:15 - [MESSAGE][PASSED] - Verify response successfully

2019-08-24 12:46:15 - [MESSAGE][PASSED] - Send request and verify the response successfully

2019-08-24 12:46:15 - [TEST_STEP][PASSED] - if (M4_total_bonus_spins_int != 0 &amp;&amp; M4_spin_reels_symbols[2].contains("WILD_Double") || M4_spin_reels_symbols[4].contains("WILD_Triple")): null

2019-08-24 12:46:15 - [TEST_STEP][PASSED] - free_spin_reel_counter = free_spin_reel_counter: null

2019-08-24 12:46:20 - [TEST_STEP][PASSED] - M4_spin_reels_symbols = M4_spin_reels_symbols: null

2019-08-24 12:46:20 - [TEST_STEP][PASSED] - M4_total_bonus_spins = M4_total_bonus_spins: null

2019-08-24 12:46:20 - [TEST_STEP][PASSED] - spin_result = sendRequestAndVerify(findTestObject("INT/RGS(M4)/1_M4_spin", ["M4_login_user_id":M4_login_user_id, "rgs_session_token":rgs_session_token, "partner":Partner])): Send request and verify the response successfully

2019-08-24 12:46:21 - [MESSAGE][INFO] - HAR: /Users/eiralee/Katalon_Script/SuperWild/Reports/20190824_124242/INT/superWild_4/20190824_124242/requests/main/67.har

2019-08-24 12:46:21 - [TEST_CASE][PASSED] - Start Test Case : Verification: Verification accomplished successfully

2019-08-24 12:46:21 - [TEST_STEP][PASSED] - request = getInstance().getCurrentRequest(): null

2019-08-24 12:46:25 - [TEST_STEP][PASSED] - response = getInstance().getCurrentResponse(): null

2019-08-24 12:46:25 - [TEST_STEP][PASSED] - verifyResponseStatusCode(response, 200): Verify response status code successfully

2019-08-24 12:46:25 - [MESSAGE][PASSED] - Verify response status code successfully

2019-08-24 12:46:25 - [TEST_STEP][PASSED] - getStatusCode()).isEqualTo(200): null

2019-08-24 12:46:25 - [TEST_STEP][PASSED] - newline = System.getProperty("line.separator"): null

2019-08-24 12:46:25 - [TEST_STEP][PASSED] - M4_spin = new groovy.json.JsonSlurper(): null

2019-08-24 12:46:25 - [TEST_STEP][PASSED] - result_M4_spin = M4_spin.parseText(response.getResponseBodyContent()): null

2019-08-24 12:46:25 - [TEST_STEP][PASSED] - M4_spin_current_balance = current_balance: null

2019-08-24 12:46:25 - [TEST_STEP][PASSED] - M4_spin_current_balance = M4_spin_current_balance: null

2019-08-24 12:46:25 - [TEST_STEP][PASSED] - M4_spin_transaction_id = causality: null

2019-08-24 12:46:25 - [TEST_STEP][PASSED] - M4_spin_transaction_id = M4_spin_transaction_id: null

2019-08-24 12:46:25 - [TEST_STEP][PASSED] - M4_spin_round_id = round_id: null

2019-08-24 12:46:25 - [TEST_STEP][PASSED] - M4_spin_round_id = M4_spin_round_id: null

2019-08-24 12:46:25 - [TEST_STEP][PASSED] - M4_spin_line_wins = line_wins: null

2019-08-24 12:46:25 - [TEST_STEP][PASSED] - M4_spin_line_wins = M4_spin_line_wins: null

2019-08-24 12:46:25 - [TEST_STEP][PASSED] - M4_total_bonus_spins_int = total_bonus_spins: null

2019-08-24 12:46:25 - [TEST_STEP][PASSED] - println("******M4_total_bonus_spins type is:*******" + newline + getClass().getName()): null

2019-08-24 12:46:25 - [TEST_STEP][PASSED] - M4_total_bonus_spins_int = M4_total_bonus_spins_int: null

2019-08-24 12:46:25 - [TEST_STEP][PASSED] - M4_total_bonus_spins = Integer.toString(M4_total_bonus_spins_int): null

2019-08-24 12:46:25 - [TEST_STEP][PASSED] - M4_total_bonus_spins = M4_total_bonus_spins: null

2019-08-24 12:46:25 - [TEST_STEP][PASSED] - println("M4_total_bonus_spins is:" + M4_total_bonus_spins): null

2019-08-24 12:46:25 - [TEST_STEP][PASSED] - M4_spin_bonus_data = bonus_data: null

2019-08-24 12:46:25 - [TEST_STEP][PASSED] - M4_spin_features_triggered = result_M4_spin: null

2019-08-24 12:46:25 - [TEST_STEP][PASSED] - wild = []: null

2019-08-24 12:46:25 - [TEST_STEP][PASSED] - wild[0] = "WILD_Expanding": null

2019-08-24 12:46:25 - [TEST_STEP][PASSED] - wild[1] = "WILD_Normal": null

2019-08-24 12:46:25 - [TEST_STEP][PASSED] - wild[2] = "WILD_Double": null

2019-08-24 12:46:25 - [TEST_STEP][PASSED] - wild[3] = "WILD_ExtraFG": null

2019-08-24 12:46:25 - [TEST_STEP][PASSED] - wild[4] = "WILD_Triple": null

2019-08-24 12:46:25 - [TEST_STEP][PASSED] - wildList = Arrays.asList(wild): null

2019-08-24 12:46:25 - [TEST_STEP][PASSED] - wildList = wildList: null

2019-08-24 12:46:25 - [TEST_STEP][PASSED] - free_spin_reel_counter = []: null

2019-08-24 12:46:25 - [TEST_STEP][PASSED] - free_spin_reel_counter[0] = 0: null

2019-08-24 12:46:25 - [TEST_STEP][PASSED] - free_spin_reel_counter[1] = 0: null

2019-08-24 12:46:25 - [TEST_STEP][PASSED] - free_spin_reel_counter[2] = 0: null

2019-08-24 12:46:25 - [TEST_STEP][PASSED] - M4_spin_reels = reels: null

2019-08-24 12:46:25 - [TEST_STEP][PASSED] - for ([i = 0, i &lt; M4_spin_reels.size(), (i++)]): null

2019-08-24 12:46:25 - [TEST_STEP][PASSED] - symbols = symbols: null

2019-08-24 12:46:25 - [TEST_STEP][PASSED] - for ([j = 0, j &lt; symbols.size(), (j++)]): null

2019-08-24 12:46:25 - [TEST_STEP][PASSED] - symbol = symbol: null

2019-08-24 12:46:25 - [TEST_STEP][PASSED] - println(symbol): null

2019-08-24 12:46:25 - [TEST_STEP][PASSED] - if (i == 2 &amp;&amp; wildList.indexOf(symbol) != -1): null

2019-08-24 12:46:25 - [TEST_STEP][PASSED] - if (i == 3 &amp;&amp; wildList.indexOf(symbol) != -1): null

2019-08-24 12:46:25 - [TEST_STEP][PASSED] - if (i == 4 &amp;&amp; wildList.indexOf(symbol) != -1): null

2019-08-24 12:46:25 - [TEST_STEP][PASSED] - symbol = symbol: null

2019-08-24 12:46:25 - [TEST_STEP][PASSED] - println(symbol): null

2019-08-24 12:46:25 - [TEST_STEP][PASSED] - if (i == 2 &amp;&amp; wildList.indexOf(symbol) != -1): null

2019-08-24 12:46:25 - [TEST_STEP][PASSED] - if (i == 3 &amp;&amp; wildList.indexOf(symbol) != -1): null

2019-08-24 12:46:25 - [TEST_STEP][PASSED] - if (i == 4 &amp;&amp; wildList.indexOf(symbol) != -1): null

2019-08-24 12:46:25 - [TEST_STEP][PASSED] - symbol = symbol: null

2019-08-24 12:46:25 - [TEST_STEP][PASSED] - println(symbol): null

2019-08-24 12:46:25 - [TEST_STEP][PASSED] - if (i == 2 &amp;&amp; wildList.indexOf(symbol) != -1): null

2019-08-24 12:46:25 - [TEST_STEP][PASSED] - if (i == 3 &amp;&amp; wildList.indexOf(symbol) != -1): null

2019-08-24 12:46:25 - [TEST_STEP][PASSED] - if (i == 4 &amp;&amp; wildList.indexOf(symbol) != -1): null

2019-08-24 12:46:25 - [TEST_STEP][PASSED] - symbols = symbols: null

2019-08-24 12:46:25 - [TEST_STEP][PASSED] - for ([j = 0, j &lt; symbols.size(), (j++)]): null

2019-08-24 12:46:25 - [TEST_STEP][PASSED] - symbol = symbol: null

2019-08-24 12:46:25 - [TEST_STEP][PASSED] - println(symbol): null

2019-08-24 12:46:25 - [TEST_STEP][PASSED] - if (i == 2 &amp;&amp; wildList.indexOf(symbol) != -1): null

2019-08-24 12:46:25 - [TEST_STEP][PASSED] - if (i == 3 &amp;&amp; wildList.indexOf(symbol) != -1): null

2019-08-24 12:46:25 - [TEST_STEP][PASSED] - if (i == 4 &amp;&amp; wildList.indexOf(symbol) != -1): null

2019-08-24 12:46:25 - [TEST_STEP][PASSED] - symbol = symbol: null

2019-08-24 12:46:25 - [TEST_STEP][PASSED] - println(symbol): null

2019-08-24 12:46:25 - [TEST_STEP][PASSED] - if (i == 2 &amp;&amp; wildList.indexOf(symbol) != -1): null

2019-08-24 12:46:25 - [TEST_STEP][PASSED] - if (i == 3 &amp;&amp; wildList.indexOf(symbol) != -1): null

2019-08-24 12:46:25 - [TEST_STEP][PASSED] - if (i == 4 &amp;&amp; wildList.indexOf(symbol) != -1): null

2019-08-24 12:46:25 - [TEST_STEP][PASSED] - symbol = symbol: null

2019-08-24 12:46:25 - [TEST_STEP][PASSED] - println(symbol): null

2019-08-24 12:46:25 - [TEST_STEP][PASSED] - if (i == 2 &amp;&amp; wildList.indexOf(symbol) != -1): null

2019-08-24 12:46:25 - [TEST_STEP][PASSED] - if (i == 3 &amp;&amp; wildList.indexOf(symbol) != -1): null

2019-08-24 12:46:25 - [TEST_STEP][PASSED] - if (i == 4 &amp;&amp; wildList.indexOf(symbol) != -1): null

2019-08-24 12:46:25 - [TEST_STEP][PASSED] - symbols = symbols: null

2019-08-24 12:46:25 - [TEST_STEP][PASSED] - for ([j = 0, j &lt; symbols.size(), (j++)]): null

2019-08-24 12:46:25 - [TEST_STEP][PASSED] - symbol = symbol: null

2019-08-24 12:46:25 - [TEST_STEP][PASSED] - println(symbol): null

2019-08-24 12:46:25 - [TEST_STEP][PASSED] - if (i == 2 &amp;&amp; wildList.indexOf(symbol) != -1): null

2019-08-24 12:46:25 - [TEST_STEP][PASSED] - if (i == 3 &amp;&amp; wildList.indexOf(symbol) != -1): null

2019-08-24 12:46:25 - [TEST_STEP][PASSED] - if (i == 4 &amp;&amp; wildList.indexOf(symbol) != -1): null

2019-08-24 12:46:25 - [TEST_STEP][PASSED] - symbol = symbol: null

2019-08-24 12:46:25 - [TEST_STEP][PASSED] - println(symbol): null

2019-08-24 12:46:25 - [TEST_STEP][PASSED] - if (i == 2 &amp;&amp; wildList.indexOf(symbol) != -1): null

2019-08-24 12:46:25 - [TEST_STEP][PASSED] - if (i == 3 &amp;&amp; wildList.indexOf(symbol) != -1): null

2019-08-24 12:46:25 - [TEST_STEP][PASSED] - if (i == 4 &amp;&amp; wildList.indexOf(symbol) != -1): null

2019-08-24 12:46:25 - [TEST_STEP][PASSED] - symbol = symbol: null

2019-08-24 12:46:25 - [TEST_STEP][PASSED] - println(symbol): null

2019-08-24 12:46:25 - [TEST_STEP][PASSED] - if (i == 2 &amp;&amp; wildList.indexOf(symbol) != -1): null

2019-08-24 12:46:25 - [TEST_STEP][PASSED] - println("wild found on reel 3, adding counter by 1"): null

2019-08-24 12:46:25 - [TEST_STEP][PASSED] - free_spin_reel_counter[0] = free_spin_reel_counter[0] + 1: null

2019-08-24 12:46:25 - [TEST_STEP][PASSED] - if (i == 3 &amp;&amp; wildList.indexOf(symbol) != -1): null

2019-08-24 12:46:25 - [TEST_STEP][PASSED] - if (i == 4 &amp;&amp; wildList.indexOf(symbol) != -1): null

2019-08-24 12:46:25 - [TEST_STEP][PASSED] - symbols = symbols: null

2019-08-24 12:46:25 - [TEST_STEP][PASSED] - for ([j = 0, j &lt; symbols.size(), (j++)]): null

2019-08-24 12:46:25 - [TEST_STEP][PASSED] - symbol = symbol: null

2019-08-24 12:46:25 - [TEST_STEP][PASSED] - println(symbol): null

2019-08-24 12:46:25 - [TEST_STEP][PASSED] - if (i == 2 &amp;&amp; wildList.indexOf(symbol) != -1): null

2019-08-24 12:46:25 - [TEST_STEP][PASSED] - if (i == 3 &amp;&amp; wildList.indexOf(symbol) != -1): null

2019-08-24 12:46:25 - [TEST_STEP][PASSED] - if (i == 4 &amp;&amp; wildList.indexOf(symbol) != -1): null

2019-08-24 12:46:25 - [TEST_STEP][PASSED] - symbol = symbol: null

2019-08-24 12:46:25 - [TEST_STEP][PASSED] - println(symbol): null

2019-08-24 12:46:25 - [TEST_STEP][PASSED] - if (i == 2 &amp;&amp; wildList.indexOf(symbol) != -1): null

2019-08-24 12:46:25 - [TEST_STEP][PASSED] - if (i == 3 &amp;&amp; wildList.indexOf(symbol) != -1): null

2019-08-24 12:46:25 - [TEST_STEP][PASSED] - if (i == 4 &amp;&amp; wildList.indexOf(symbol) != -1): null

2019-08-24 12:46:25 - [TEST_STEP][PASSED] - symbol = symbol: null

2019-08-24 12:46:25 - [TEST_STEP][PASSED] - println(symbol): null

2019-08-24 12:46:25 - [TEST_STEP][PASSED] - if (i == 2 &amp;&amp; wildList.indexOf(symbol) != -1): null

2019-08-24 12:46:25 - [TEST_STEP][PASSED] - if (i == 3 &amp;&amp; wildList.indexOf(symbol) != -1): null

2019-08-24 12:46:25 - [TEST_STEP][PASSED] - if (i == 4 &amp;&amp; wildList.indexOf(symbol) != -1): null

2019-08-24 12:46:25 - [TEST_STEP][PASSED] - symbols = symbols: null

2019-08-24 12:46:25 - [TEST_STEP][PASSED] - for ([j = 0, j &lt; symbols.size(), (j++)]): null

2019-08-24 12:46:25 - [TEST_STEP][PASSED] - symbol = symbol: null

2019-08-24 12:46:25 - [TEST_STEP][PASSED] - println(symbol): null

2019-08-24 12:46:25 - [TEST_STEP][PASSED] - if (i == 2 &amp;&amp; wildList.indexOf(symbol) != -1): null

2019-08-24 12:46:25 - [TEST_STEP][PASSED] - if (i == 3 &amp;&amp; wildList.indexOf(symbol) != -1): null

2019-08-24 12:46:25 - [TEST_STEP][PASSED] - if (i == 4 &amp;&amp; wildList.indexOf(symbol) != -1): null

2019-08-24 12:46:25 - [TEST_STEP][PASSED] - symbol = symbol: null

2019-08-24 12:46:25 - [TEST_STEP][PASSED] - println(symbol): null

2019-08-24 12:46:25 - [TEST_STEP][PASSED] - if (i == 2 &amp;&amp; wildList.indexOf(symbol) != -1): null

2019-08-24 12:46:25 - [TEST_STEP][PASSED] - if (i == 3 &amp;&amp; wildList.indexOf(symbol) != -1): null

2019-08-24 12:46:25 - [TEST_STEP][PASSED] - if (i == 4 &amp;&amp; wildList.indexOf(symbol) != -1): null

2019-08-24 12:46:25 - [TEST_STEP][PASSED] - symbol = symbol: null

2019-08-24 12:46:25 - [TEST_STEP][PASSED] - println(symbol): null

2019-08-24 12:46:25 - [TEST_STEP][PASSED] - if (i == 2 &amp;&amp; wildList.indexOf(symbol) != -1): null

2019-08-24 12:46:25 - [TEST_STEP][PASSED] - if (i == 3 &amp;&amp; wildList.indexOf(symbol) != -1): null

2019-08-24 12:46:25 - [TEST_STEP][PASSED] - if (i == 4 &amp;&amp; wildList.indexOf(symbol) != -1): null

2019-08-24 12:46:25 - [TEST_STEP][PASSED] - free_spin_reel_counter = free_spin_reel_counter: null

2019-08-24 12:46:25 - [TEST_STEP][PASSED] - println("reel 3 wild found: " + free_spin_reel_counter[0]): null

2019-08-24 12:46:25 - [TEST_STEP][PASSED] - println("reel 4 wild found: " + free_spin_reel_counter[1]): null

2019-08-24 12:46:25 - [TEST_STEP][PASSED] - println("reel 5 wild found: " + free_spin_reel_counter[2]): null

2019-08-24 12:46:25 - [TEST_STEP][PASSED] - M4_spin_reels = M4_spin_reels: null

2019-08-24 12:46:25 - [TEST_STEP][PASSED] - M4_spin_reels_symbols = symbol: null

2019-08-24 12:46:25 - [TEST_STEP][PASSED] - M4_spin_reels_symbols = M4_spin_reels_symbols: null

2019-08-24 12:46:25 - [TEST_STEP][PASSED] - M4_spin_reel_wins = reel_wins: null

2019-08-24 12:46:25 - [TEST_STEP][PASSED] - M4_spin_reel_wins = M4_spin_reel_wins: null

2019-08-24 12:46:25 - [TEST_STEP][PASSED] - println("GlobalVariable.M4_spin_reel_wins is: " + M4_spin_reel_wins): null

2019-08-24 12:46:25 - [TEST_STEP][PASSED] - M4_spin_total_bonus_win_this_round = total_bonus_win_this_round: null

2019-08-24 12:46:25 - [TEST_STEP][PASSED] - M4_spin_total_bonus_win_this_round = M4_spin_total_bonus_win_this_round: null

2019-08-24 12:46:25 - [TEST_STEP][PASSED] - println("GlobalVariable.M4_spin_total_bonus_win_this_round is: " + M4_spin_total_bonus_win_this_round): null

2019-08-24 12:46:25 - [TEST_STEP][PASSED] - M4_spin_bonus_spin_result = spin_result: null

2019-08-24 12:46:25 - [TEST_STEP][PASSED] - M4_spin_bonus_spin_result = M4_spin_bonus_spin_result: null

2019-08-24 12:46:25 - [MESSAGE][PASSED] - Verify response successfully

2019-08-24 12:46:25 - [MESSAGE][PASSED] - Send request and verify the response successfully

2019-08-24 12:46:25 - [TEST_STEP][PASSED] - if (M4_total_bonus_spins_int != 0 &amp;&amp; M4_spin_reels_symbols[2].contains("WILD_Double") || M4_spin_reels_symbols[4].contains("WILD_Triple")): null

2019-08-24 12:46:25 - [TEST_STEP][PASSED] - free_spin_reel_counter = free_spin_reel_counter: null

2019-08-24 12:46:25 - [TEST_STEP][PASSED] - M4_spin_reels_symbols = M4_spin_reels_symbols: null

2019-08-24 12:46:25 - [TEST_STEP][PASSED] - M4_total_bonus_spins = M4_total_bonus_spins: null

2019-08-24 12:46:25 - [TEST_STEP][PASSED] - spin_result = sendRequestAndVerify(findTestObject("INT/RGS(M4)/1_M4_spin", ["M4_login_user_id":M4_login_user_id, "rgs_session_token":rgs_session_token, "partner":Partner])): Send request and verify the response successfully

2019-08-24 12:46:26 - [MESSAGE][INFO] - HAR: /Users/eiralee/Katalon_Script/SuperWild/Reports/20190824_124242/INT/superWild_4/20190824_124242/requests/main/68.har

2019-08-24 12:46:26 - [TEST_CASE][PASSED] - Start Test Case : Verification: Verification accomplished successfully

2019-08-24 12:46:26 - [TEST_STEP][PASSED] - request = getInstance().getCurrentRequest(): null

2019-08-24 12:46:26 - [TEST_STEP][PASSED] - response = getInstance().getCurrentResponse(): null

2019-08-24 12:46:26 - [TEST_STEP][PASSED] - verifyResponseStatusCode(response, 200): Verify response status code successfully

2019-08-24 12:46:26 - [MESSAGE][PASSED] - Verify response status code successfully

2019-08-24 12:46:26 - [TEST_STEP][PASSED] - getStatusCode()).isEqualTo(200): null

2019-08-24 12:46:26 - [TEST_STEP][PASSED] - newline = System.getProperty("line.separator"): null

2019-08-24 12:46:26 - [TEST_STEP][PASSED] - M4_spin = new groovy.json.JsonSlurper(): null

2019-08-24 12:46:26 - [TEST_STEP][PASSED] - result_M4_spin = M4_spin.parseText(response.getResponseBodyContent()): null

2019-08-24 12:46:26 - [TEST_STEP][PASSED] - M4_spin_current_balance = current_balance: null

2019-08-24 12:46:26 - [TEST_STEP][PASSED] - M4_spin_current_balance = M4_spin_current_balance: null

2019-08-24 12:46:26 - [TEST_STEP][PASSED] - M4_spin_transaction_id = causality: null

2019-08-24 12:46:26 - [TEST_STEP][PASSED] - M4_spin_transaction_id = M4_spin_transaction_id: null

2019-08-24 12:46:26 - [TEST_STEP][PASSED] - M4_spin_round_id = round_id: null

2019-08-24 12:46:26 - [TEST_STEP][PASSED] - M4_spin_round_id = M4_spin_round_id: null

2019-08-24 12:46:26 - [TEST_STEP][PASSED] - M4_spin_line_wins = line_wins: null

2019-08-24 12:46:26 - [TEST_STEP][PASSED] - M4_spin_line_wins = M4_spin_line_wins: null

2019-08-24 12:46:26 - [TEST_STEP][PASSED] - M4_total_bonus_spins_int = total_bonus_spins: null

2019-08-24 12:46:26 - [TEST_STEP][PASSED] - println("******M4_total_bonus_spins type is:*******" + newline + getClass().getName()): null

2019-08-24 12:46:26 - [TEST_STEP][PASSED] - M4_total_bonus_spins_int = M4_total_bonus_spins_int: null

2019-08-24 12:46:26 - [TEST_STEP][PASSED] - M4_total_bonus_spins = Integer.toString(M4_total_bonus_spins_int): null

2019-08-24 12:46:26 - [TEST_STEP][PASSED] - M4_total_bonus_spins = M4_total_bonus_spins: null

2019-08-24 12:46:26 - [TEST_STEP][PASSED] - println("M4_total_bonus_spins is:" + M4_total_bonus_spins): null

2019-08-24 12:46:26 - [TEST_STEP][PASSED] - M4_spin_bonus_data = bonus_data: null

2019-08-24 12:46:26 - [TEST_STEP][PASSED] - M4_spin_features_triggered = result_M4_spin: null

2019-08-24 12:46:26 - [TEST_STEP][PASSED] - wild = []: null

2019-08-24 12:46:26 - [TEST_STEP][PASSED] - wild[0] = "WILD_Expanding": null

2019-08-24 12:46:26 - [TEST_STEP][PASSED] - wild[1] = "WILD_Normal": null

2019-08-24 12:46:26 - [TEST_STEP][PASSED] - wild[2] = "WILD_Double": null

2019-08-24 12:46:26 - [TEST_STEP][PASSED] - wild[3] = "WILD_ExtraFG": null

2019-08-24 12:46:26 - [TEST_STEP][PASSED] - wild[4] = "WILD_Triple": null

2019-08-24 12:46:26 - [TEST_STEP][PASSED] - wildList = Arrays.asList(wild): null

2019-08-24 12:46:26 - [TEST_STEP][PASSED] - wildList = wildList: null

2019-08-24 12:46:26 - [TEST_STEP][PASSED] - free_spin_reel_counter = []: null

2019-08-24 12:46:26 - [TEST_STEP][PASSED] - free_spin_reel_counter[0] = 0: null

2019-08-24 12:46:26 - [TEST_STEP][PASSED] - free_spin_reel_counter[1] = 0: null

2019-08-24 12:46:26 - [TEST_STEP][PASSED] - free_spin_reel_counter[2] = 0: null

2019-08-24 12:46:26 - [TEST_STEP][PASSED] - M4_spin_reels = reels: null

2019-08-24 12:46:26 - [TEST_STEP][PASSED] - for ([i = 0, i &lt; M4_spin_reels.size(), (i++)]): null

2019-08-24 12:46:26 - [TEST_STEP][PASSED] - symbols = symbols: null

2019-08-24 12:46:26 - [TEST_STEP][PASSED] - for ([j = 0, j &lt; symbols.size(), (j++)]): null

2019-08-24 12:46:26 - [TEST_STEP][PASSED] - symbol = symbol: null

2019-08-24 12:46:26 - [TEST_STEP][PASSED] - println(symbol): null

2019-08-24 12:46:26 - [TEST_STEP][PASSED] - if (i == 2 &amp;&amp; wildList.indexOf(symbol) != -1): null

2019-08-24 12:46:26 - [TEST_STEP][PASSED] - if (i == 3 &amp;&amp; wildList.indexOf(symbol) != -1): null

2019-08-24 12:46:26 - [TEST_STEP][PASSED] - if (i == 4 &amp;&amp; wildList.indexOf(symbol) != -1): null

2019-08-24 12:46:26 - [TEST_STEP][PASSED] - symbol = symbol: null

2019-08-24 12:46:26 - [TEST_STEP][PASSED] - println(symbol): null

2019-08-24 12:46:26 - [TEST_STEP][PASSED] - if (i == 2 &amp;&amp; wildList.indexOf(symbol) != -1): null

2019-08-24 12:46:26 - [TEST_STEP][PASSED] - if (i == 3 &amp;&amp; wildList.indexOf(symbol) != -1): null

2019-08-24 12:46:26 - [TEST_STEP][PASSED] - if (i == 4 &amp;&amp; wildList.indexOf(symbol) != -1): null

2019-08-24 12:46:26 - [TEST_STEP][PASSED] - symbol = symbol: null

2019-08-24 12:46:26 - [TEST_STEP][PASSED] - println(symbol): null

2019-08-24 12:46:26 - [TEST_STEP][PASSED] - if (i == 2 &amp;&amp; wildList.indexOf(symbol) != -1): null

2019-08-24 12:46:26 - [TEST_STEP][PASSED] - if (i == 3 &amp;&amp; wildList.indexOf(symbol) != -1): null

2019-08-24 12:46:26 - [TEST_STEP][PASSED] - if (i == 4 &amp;&amp; wildList.indexOf(symbol) != -1): null

2019-08-24 12:46:26 - [TEST_STEP][PASSED] - symbols = symbols: null

2019-08-24 12:46:26 - [TEST_STEP][PASSED] - for ([j = 0, j &lt; symbols.size(), (j++)]): null

2019-08-24 12:46:26 - [TEST_STEP][PASSED] - symbol = symbol: null

2019-08-24 12:46:26 - [TEST_STEP][PASSED] - println(symbol): null

2019-08-24 12:46:26 - [TEST_STEP][PASSED] - if (i == 2 &amp;&amp; wildList.indexOf(symbol) != -1): null

2019-08-24 12:46:26 - [TEST_STEP][PASSED] - if (i == 3 &amp;&amp; wildList.indexOf(symbol) != -1): null

2019-08-24 12:46:26 - [TEST_STEP][PASSED] - if (i == 4 &amp;&amp; wildList.indexOf(symbol) != -1): null

2019-08-24 12:46:26 - [TEST_STEP][PASSED] - symbol = symbol: null

2019-08-24 12:46:26 - [TEST_STEP][PASSED] - println(symbol): null

2019-08-24 12:46:26 - [TEST_STEP][PASSED] - if (i == 2 &amp;&amp; wildList.indexOf(symbol) != -1): null

2019-08-24 12:46:26 - [TEST_STEP][PASSED] - if (i == 3 &amp;&amp; wildList.indexOf(symbol) != -1): null

2019-08-24 12:46:26 - [TEST_STEP][PASSED] - if (i == 4 &amp;&amp; wildList.indexOf(symbol) != -1): null

2019-08-24 12:46:26 - [TEST_STEP][PASSED] - symbol = symbol: null

2019-08-24 12:46:26 - [TEST_STEP][PASSED] - println(symbol): null

2019-08-24 12:46:26 - [TEST_STEP][PASSED] - if (i == 2 &amp;&amp; wildList.indexOf(symbol) != -1): null

2019-08-24 12:46:26 - [TEST_STEP][PASSED] - if (i == 3 &amp;&amp; wildList.indexOf(symbol) != -1): null

2019-08-24 12:46:26 - [TEST_STEP][PASSED] - if (i == 4 &amp;&amp; wildList.indexOf(symbol) != -1): null

2019-08-24 12:46:26 - [TEST_STEP][PASSED] - symbols = symbols: null

2019-08-24 12:46:26 - [TEST_STEP][PASSED] - for ([j = 0, j &lt; symbols.size(), (j++)]): null

2019-08-24 12:46:26 - [TEST_STEP][PASSED] - symbol = symbol: null

2019-08-24 12:46:26 - [TEST_STEP][PASSED] - println(symbol): null

2019-08-24 12:46:26 - [TEST_STEP][PASSED] - if (i == 2 &amp;&amp; wildList.indexOf(symbol) != -1): null

2019-08-24 12:46:26 - [TEST_STEP][PASSED] - if (i == 3 &amp;&amp; wildList.indexOf(symbol) != -1): null

2019-08-24 12:46:26 - [TEST_STEP][PASSED] - if (i == 4 &amp;&amp; wildList.indexOf(symbol) != -1): null

2019-08-24 12:46:26 - [TEST_STEP][PASSED] - symbol = symbol: null

2019-08-24 12:46:26 - [TEST_STEP][PASSED] - println(symbol): null

2019-08-24 12:46:26 - [TEST_STEP][PASSED] - if (i == 2 &amp;&amp; wildList.indexOf(symbol) != -1): null

2019-08-24 12:46:26 - [TEST_STEP][PASSED] - println("wild found on reel 3, adding counter by 1"): null

2019-08-24 12:46:26 - [TEST_STEP][PASSED] - free_spin_reel_counter[0] = free_spin_reel_counter[0] + 1: null

2019-08-24 12:46:26 - [TEST_STEP][PASSED] - if (i == 3 &amp;&amp; wildList.indexOf(symbol) != -1): null

2019-08-24 12:46:26 - [TEST_STEP][PASSED] - if (i == 4 &amp;&amp; wildList.indexOf(symbol) != -1): null

2019-08-24 12:46:26 - [TEST_STEP][PASSED] - symbol = symbol: null

2019-08-24 12:46:26 - [TEST_STEP][PASSED] - println(symbol): null

2019-08-24 12:46:26 - [TEST_STEP][PASSED] - if (i == 2 &amp;&amp; wildList.indexOf(symbol) != -1): null

2019-08-24 12:46:26 - [TEST_STEP][PASSED] - if (i == 3 &amp;&amp; wildList.indexOf(symbol) != -1): null

2019-08-24 12:46:26 - [TEST_STEP][PASSED] - if (i == 4 &amp;&amp; wildList.indexOf(symbol) != -1): null

2019-08-24 12:46:26 - [TEST_STEP][PASSED] - symbols = symbols: null

2019-08-24 12:46:26 - [TEST_STEP][PASSED] - for ([j = 0, j &lt; symbols.size(), (j++)]): null

2019-08-24 12:46:26 - [TEST_STEP][PASSED] - symbol = symbol: null

2019-08-24 12:46:26 - [TEST_STEP][PASSED] - println(symbol): null

2019-08-24 12:46:26 - [TEST_STEP][PASSED] - if (i == 2 &amp;&amp; wildList.indexOf(symbol) != -1): null

2019-08-24 12:46:26 - [TEST_STEP][PASSED] - if (i == 3 &amp;&amp; wildList.indexOf(symbol) != -1): null

2019-08-24 12:46:26 - [TEST_STEP][PASSED] - if (i == 4 &amp;&amp; wildList.indexOf(symbol) != -1): null

2019-08-24 12:46:26 - [TEST_STEP][PASSED] - symbol = symbol: null

2019-08-24 12:46:26 - [TEST_STEP][PASSED] - println(symbol): null

2019-08-24 12:46:26 - [TEST_STEP][PASSED] - if (i == 2 &amp;&amp; wildList.indexOf(symbol) != -1): null

2019-08-24 12:46:26 - [TEST_STEP][PASSED] - if (i == 3 &amp;&amp; wildList.indexOf(symbol) != -1): null

2019-08-24 12:46:26 - [TEST_STEP][PASSED] - if (i == 4 &amp;&amp; wildList.indexOf(symbol) != -1): null

2019-08-24 12:46:26 - [TEST_STEP][PASSED] - symbol = symbol: null

2019-08-24 12:46:26 - [TEST_STEP][PASSED] - println(symbol): null

2019-08-24 12:46:26 - [TEST_STEP][PASSED] - if (i == 2 &amp;&amp; wildList.indexOf(symbol) != -1): null

2019-08-24 12:46:26 - [TEST_STEP][PASSED] - if (i == 3 &amp;&amp; wildList.indexOf(symbol) != -1): null

2019-08-24 12:46:26 - [TEST_STEP][PASSED] - if (i == 4 &amp;&amp; wildList.indexOf(symbol) != -1): null

2019-08-24 12:46:26 - [TEST_STEP][PASSED] - symbols = symbols: null

2019-08-24 12:46:26 - [TEST_STEP][PASSED] - for ([j = 0, j &lt; symbols.size(), (j++)]): null

2019-08-24 12:46:26 - [TEST_STEP][PASSED] - symbol = symbol: null

2019-08-24 12:46:26 - [TEST_STEP][PASSED] - println(symbol): null

2019-08-24 12:46:26 - [TEST_STEP][PASSED] - if (i == 2 &amp;&amp; wildList.indexOf(symbol) != -1): null

2019-08-24 12:46:26 - [TEST_STEP][PASSED] - if (i == 3 &amp;&amp; wildList.indexOf(symbol) != -1): null

2019-08-24 12:46:26 - [TEST_STEP][PASSED] - if (i == 4 &amp;&amp; wildList.indexOf(symbol) != -1): null

2019-08-24 12:46:26 - [TEST_STEP][PASSED] - symbol = symbol: null

2019-08-24 12:46:26 - [TEST_STEP][PASSED] - println(symbol): null

2019-08-24 12:46:26 - [TEST_STEP][PASSED] - if (i == 2 &amp;&amp; wildList.indexOf(symbol) != -1): null

2019-08-24 12:46:26 - [TEST_STEP][PASSED] - if (i == 3 &amp;&amp; wildList.indexOf(symbol) != -1): null

2019-08-24 12:46:26 - [TEST_STEP][PASSED] - if (i == 4 &amp;&amp; wildList.indexOf(symbol) != -1): null

2019-08-24 12:46:26 - [TEST_STEP][PASSED] - symbol = symbol: null

2019-08-24 12:46:26 - [TEST_STEP][PASSED] - println(symbol): null

2019-08-24 12:46:26 - [TEST_STEP][PASSED] - if (i == 2 &amp;&amp; wildList.indexOf(symbol) != -1): null

2019-08-24 12:46:26 - [TEST_STEP][PASSED] - if (i == 3 &amp;&amp; wildList.indexOf(symbol) != -1): null

2019-08-24 12:46:26 - [TEST_STEP][PASSED] - if (i == 4 &amp;&amp; wildList.indexOf(symbol) != -1): null

2019-08-24 12:46:26 - [TEST_STEP][PASSED] - free_spin_reel_counter = free_spin_reel_counter: null

2019-08-24 12:46:26 - [TEST_STEP][PASSED] - println("reel 3 wild found: " + free_spin_reel_counter[0]): null

2019-08-24 12:46:26 - [TEST_STEP][PASSED] - println("reel 4 wild found: " + free_spin_reel_counter[1]): null

2019-08-24 12:46:26 - [TEST_STEP][PASSED] - println("reel 5 wild found: " + free_spin_reel_counter[2]): null

2019-08-24 12:46:26 - [TEST_STEP][PASSED] - M4_spin_reels = M4_spin_reels: null

2019-08-24 12:46:26 - [TEST_STEP][PASSED] - M4_spin_reels_symbols = symbol: null

2019-08-24 12:46:26 - [TEST_STEP][PASSED] - M4_spin_reels_symbols = M4_spin_reels_symbols: null

2019-08-24 12:46:26 - [TEST_STEP][PASSED] - M4_spin_reel_wins = reel_wins: null

2019-08-24 12:46:26 - [TEST_STEP][PASSED] - M4_spin_reel_wins = M4_spin_reel_wins: null

2019-08-24 12:46:26 - [TEST_STEP][PASSED] - println("GlobalVariable.M4_spin_reel_wins is: " + M4_spin_reel_wins): null

2019-08-24 12:46:26 - [TEST_STEP][PASSED] - M4_spin_total_bonus_win_this_round = total_bonus_win_this_round: null

2019-08-24 12:46:26 - [TEST_STEP][PASSED] - M4_spin_total_bonus_win_this_round = M4_spin_total_bonus_win_this_round: null

2019-08-24 12:46:26 - [TEST_STEP][PASSED] - println("GlobalVariable.M4_spin_total_bonus_win_this_round is: " + M4_spin_total_bonus_win_this_round): null

2019-08-24 12:46:26 - [TEST_STEP][PASSED] - M4_spin_bonus_spin_result = spin_result: null

2019-08-24 12:46:26 - [TEST_STEP][PASSED] - M4_spin_bonus_spin_result = M4_spin_bonus_spin_result: null

2019-08-24 12:46:26 - [MESSAGE][PASSED] - Verify response successfully

2019-08-24 12:46:26 - [MESSAGE][PASSED] - Send request and verify the response successfully

2019-08-24 12:46:26 - [TEST_STEP][PASSED] - if (M4_total_bonus_spins_int != 0 &amp;&amp; M4_spin_reels_symbols[2].contains("WILD_Double") || M4_spin_reels_symbols[4].contains("WILD_Triple")): null

2019-08-24 12:46:26 - [TEST_STEP][PASSED] - free_spin_reel_counter = free_spin_reel_counter: null

2019-08-24 12:46:26 - [TEST_STEP][PASSED] - M4_spin_reels_symbols = M4_spin_reels_symbols: null

2019-08-24 12:46:26 - [TEST_STEP][PASSED] - M4_total_bonus_spins = M4_total_bonus_spins: null

2019-08-24 12:46:26 - [TEST_STEP][PASSED] - spin_result = sendRequestAndVerify(findTestObject("INT/RGS(M4)/1_M4_spin", ["M4_login_user_id":M4_login_user_id, "rgs_session_token":rgs_session_token, "partner":Partner])): Send request and verify the response successfully

2019-08-24 12:46:27 - [MESSAGE][INFO] - HAR: /Users/eiralee/Katalon_Script/SuperWild/Reports/20190824_124242/INT/superWild_4/20190824_124242/requests/main/69.har

2019-08-24 12:46:27 - [TEST_CASE][PASSED] - Start Test Case : Verification: Verification accomplished successfully

2019-08-24 12:46:27 - [TEST_STEP][PASSED] - request = getInstance().getCurrentRequest(): null

2019-08-24 12:46:27 - [TEST_STEP][PASSED] - response = getInstance().getCurrentResponse(): null

2019-08-24 12:46:27 - [TEST_STEP][PASSED] - verifyResponseStatusCode(response, 200): Verify response status code successfully

2019-08-24 12:46:27 - [MESSAGE][PASSED] - Verify response status code successfully

2019-08-24 12:46:27 - [TEST_STEP][PASSED] - getStatusCode()).isEqualTo(200): null

2019-08-24 12:46:27 - [TEST_STEP][PASSED] - newline = System.getProperty("line.separator"): null

2019-08-24 12:46:27 - [TEST_STEP][PASSED] - M4_spin = new groovy.json.JsonSlurper(): null

2019-08-24 12:46:27 - [TEST_STEP][PASSED] - result_M4_spin = M4_spin.parseText(response.getResponseBodyContent()): null

2019-08-24 12:46:27 - [TEST_STEP][PASSED] - M4_spin_current_balance = current_balance: null

2019-08-24 12:46:27 - [TEST_STEP][PASSED] - M4_spin_current_balance = M4_spin_current_balance: null

2019-08-24 12:46:27 - [TEST_STEP][PASSED] - M4_spin_transaction_id = causality: null

2019-08-24 12:46:27 - [TEST_STEP][PASSED] - M4_spin_transaction_id = M4_spin_transaction_id: null

2019-08-24 12:46:27 - [TEST_STEP][PASSED] - M4_spin_round_id = round_id: null

2019-08-24 12:46:27 - [TEST_STEP][PASSED] - M4_spin_round_id = M4_spin_round_id: null

2019-08-24 12:46:27 - [TEST_STEP][PASSED] - M4_spin_line_wins = line_wins: null

2019-08-24 12:46:27 - [TEST_STEP][PASSED] - M4_spin_line_wins = M4_spin_line_wins: null

2019-08-24 12:46:27 - [TEST_STEP][PASSED] - M4_total_bonus_spins_int = total_bonus_spins: null

2019-08-24 12:46:27 - [TEST_STEP][PASSED] - println("******M4_total_bonus_spins type is:*******" + newline + getClass().getName()): null

2019-08-24 12:46:27 - [TEST_STEP][PASSED] - M4_total_bonus_spins_int = M4_total_bonus_spins_int: null

2019-08-24 12:46:27 - [TEST_STEP][PASSED] - M4_total_bonus_spins = Integer.toString(M4_total_bonus_spins_int): null

2019-08-24 12:46:27 - [TEST_STEP][PASSED] - M4_total_bonus_spins = M4_total_bonus_spins: null

2019-08-24 12:46:27 - [TEST_STEP][PASSED] - println("M4_total_bonus_spins is:" + M4_total_bonus_spins): null

2019-08-24 12:46:27 - [TEST_STEP][PASSED] - M4_spin_bonus_data = bonus_data: null

2019-08-24 12:46:27 - [TEST_STEP][PASSED] - M4_spin_features_triggered = result_M4_spin: null

2019-08-24 12:46:27 - [TEST_STEP][PASSED] - wild = []: null

2019-08-24 12:46:27 - [TEST_STEP][PASSED] - wild[0] = "WILD_Expanding": null

2019-08-24 12:46:27 - [TEST_STEP][PASSED] - wild[1] = "WILD_Normal": null

2019-08-24 12:46:27 - [TEST_STEP][PASSED] - wild[2] = "WILD_Double": null

2019-08-24 12:46:27 - [TEST_STEP][PASSED] - wild[3] = "WILD_ExtraFG": null

2019-08-24 12:46:27 - [TEST_STEP][PASSED] - wild[4] = "WILD_Triple": null

2019-08-24 12:46:27 - [TEST_STEP][PASSED] - wildList = Arrays.asList(wild): null

2019-08-24 12:46:27 - [TEST_STEP][PASSED] - wildList = wildList: null

2019-08-24 12:46:27 - [TEST_STEP][PASSED] - free_spin_reel_counter = []: null

2019-08-24 12:46:27 - [TEST_STEP][PASSED] - free_spin_reel_counter[0] = 0: null

2019-08-24 12:46:27 - [TEST_STEP][PASSED] - free_spin_reel_counter[1] = 0: null

2019-08-24 12:46:27 - [TEST_STEP][PASSED] - free_spin_reel_counter[2] = 0: null

2019-08-24 12:46:27 - [TEST_STEP][PASSED] - M4_spin_reels = reels: null

2019-08-24 12:46:27 - [TEST_STEP][PASSED] - for ([i = 0, i &lt; M4_spin_reels.size(), (i++)]): null

2019-08-24 12:46:27 - [TEST_STEP][PASSED] - symbols = symbols: null

2019-08-24 12:46:27 - [TEST_STEP][PASSED] - for ([j = 0, j &lt; symbols.size(), (j++)]): null

2019-08-24 12:46:27 - [TEST_STEP][PASSED] - symbol = symbol: null

2019-08-24 12:46:27 - [TEST_STEP][PASSED] - println(symbol): null

2019-08-24 12:46:27 - [TEST_STEP][PASSED] - if (i == 2 &amp;&amp; wildList.indexOf(symbol) != -1): null

2019-08-24 12:46:27 - [TEST_STEP][PASSED] - if (i == 3 &amp;&amp; wildList.indexOf(symbol) != -1): null

2019-08-24 12:46:27 - [TEST_STEP][PASSED] - if (i == 4 &amp;&amp; wildList.indexOf(symbol) != -1): null

2019-08-24 12:46:27 - [TEST_STEP][PASSED] - symbol = symbol: null

2019-08-24 12:46:27 - [TEST_STEP][PASSED] - println(symbol): null

2019-08-24 12:46:27 - [TEST_STEP][PASSED] - if (i == 2 &amp;&amp; wildList.indexOf(symbol) != -1): null

2019-08-24 12:46:27 - [TEST_STEP][PASSED] - if (i == 3 &amp;&amp; wildList.indexOf(symbol) != -1): null

2019-08-24 12:46:27 - [TEST_STEP][PASSED] - if (i == 4 &amp;&amp; wildList.indexOf(symbol) != -1): null

2019-08-24 12:46:27 - [TEST_STEP][PASSED] - symbol = symbol: null

2019-08-24 12:46:27 - [TEST_STEP][PASSED] - println(symbol): null

2019-08-24 12:46:27 - [TEST_STEP][PASSED] - if (i == 2 &amp;&amp; wildList.indexOf(symbol) != -1): null

2019-08-24 12:46:27 - [TEST_STEP][PASSED] - if (i == 3 &amp;&amp; wildList.indexOf(symbol) != -1): null

2019-08-24 12:46:27 - [TEST_STEP][PASSED] - if (i == 4 &amp;&amp; wildList.indexOf(symbol) != -1): null

2019-08-24 12:46:27 - [TEST_STEP][PASSED] - symbols = symbols: null

2019-08-24 12:46:27 - [TEST_STEP][PASSED] - for ([j = 0, j &lt; symbols.size(), (j++)]): null

2019-08-24 12:46:27 - [TEST_STEP][PASSED] - symbol = symbol: null

2019-08-24 12:46:27 - [TEST_STEP][PASSED] - println(symbol): null

2019-08-24 12:46:27 - [TEST_STEP][PASSED] - if (i == 2 &amp;&amp; wildList.indexOf(symbol) != -1): null

2019-08-24 12:46:27 - [TEST_STEP][PASSED] - if (i == 3 &amp;&amp; wildList.indexOf(symbol) != -1): null

2019-08-24 12:46:27 - [TEST_STEP][PASSED] - if (i == 4 &amp;&amp; wildList.indexOf(symbol) != -1): null

2019-08-24 12:46:27 - [TEST_STEP][PASSED] - symbol = symbol: null

2019-08-24 12:46:27 - [TEST_STEP][PASSED] - println(symbol): null

2019-08-24 12:46:27 - [TEST_STEP][PASSED] - if (i == 2 &amp;&amp; wildList.indexOf(symbol) != -1): null

2019-08-24 12:46:27 - [TEST_STEP][PASSED] - if (i == 3 &amp;&amp; wildList.indexOf(symbol) != -1): null

2019-08-24 12:46:27 - [TEST_STEP][PASSED] - if (i == 4 &amp;&amp; wildList.indexOf(symbol) != -1): null

2019-08-24 12:46:27 - [TEST_STEP][PASSED] - symbol = symbol: null

2019-08-24 12:46:27 - [TEST_STEP][PASSED] - println(symbol): null

2019-08-24 12:46:27 - [TEST_STEP][PASSED] - if (i == 2 &amp;&amp; wildList.indexOf(symbol) != -1): null

2019-08-24 12:46:27 - [TEST_STEP][PASSED] - if (i == 3 &amp;&amp; wildList.indexOf(symbol) != -1): null

2019-08-24 12:46:27 - [TEST_STEP][PASSED] - if (i == 4 &amp;&amp; wildList.indexOf(symbol) != -1): null

2019-08-24 12:46:27 - [TEST_STEP][PASSED] - symbols = symbols: null

2019-08-24 12:46:27 - [TEST_STEP][PASSED] - for ([j = 0, j &lt; symbols.size(), (j++)]): null

2019-08-24 12:46:27 - [TEST_STEP][PASSED] - symbol = symbol: null

2019-08-24 12:46:27 - [TEST_STEP][PASSED] - println(symbol): null

2019-08-24 12:46:27 - [TEST_STEP][PASSED] - if (i == 2 &amp;&amp; wildList.indexOf(symbol) != -1): null

2019-08-24 12:46:27 - [TEST_STEP][PASSED] - if (i == 3 &amp;&amp; wildList.indexOf(symbol) != -1): null

2019-08-24 12:46:27 - [TEST_STEP][PASSED] - if (i == 4 &amp;&amp; wildList.indexOf(symbol) != -1): null

2019-08-24 12:46:27 - [TEST_STEP][PASSED] - symbol = symbol: null

2019-08-24 12:46:27 - [TEST_STEP][PASSED] - println(symbol): null

2019-08-24 12:46:27 - [TEST_STEP][PASSED] - if (i == 2 &amp;&amp; wildList.indexOf(symbol) != -1): null

2019-08-24 12:46:27 - [TEST_STEP][PASSED] - if (i == 3 &amp;&amp; wildList.indexOf(symbol) != -1): null

2019-08-24 12:46:27 - [TEST_STEP][PASSED] - if (i == 4 &amp;&amp; wildList.indexOf(symbol) != -1): null

2019-08-24 12:46:27 - [TEST_STEP][PASSED] - symbol = symbol: null

2019-08-24 12:46:27 - [TEST_STEP][PASSED] - println(symbol): null

2019-08-24 12:46:27 - [TEST_STEP][PASSED] - if (i == 2 &amp;&amp; wildList.indexOf(symbol) != -1): null

2019-08-24 12:46:27 - [TEST_STEP][PASSED] - if (i == 3 &amp;&amp; wildList.indexOf(symbol) != -1): null

2019-08-24 12:46:27 - [TEST_STEP][PASSED] - if (i == 4 &amp;&amp; wildList.indexOf(symbol) != -1): null

2019-08-24 12:46:27 - [TEST_STEP][PASSED] - symbols = symbols: null

2019-08-24 12:46:27 - [TEST_STEP][PASSED] - for ([j = 0, j &lt; symbols.size(), (j++)]): null

2019-08-24 12:46:27 - [TEST_STEP][PASSED] - symbol = symbol: null

2019-08-24 12:46:27 - [TEST_STEP][PASSED] - println(symbol): null

2019-08-24 12:46:27 - [TEST_STEP][PASSED] - if (i == 2 &amp;&amp; wildList.indexOf(symbol) != -1): null

2019-08-24 12:46:27 - [TEST_STEP][PASSED] - if (i == 3 &amp;&amp; wildList.indexOf(symbol) != -1): null

2019-08-24 12:46:27 - [TEST_STEP][PASSED] - if (i == 4 &amp;&amp; wildList.indexOf(symbol) != -1): null

2019-08-24 12:46:27 - [TEST_STEP][PASSED] - symbol = symbol: null

2019-08-24 12:46:27 - [TEST_STEP][PASSED] - println(symbol): null

2019-08-24 12:46:27 - [TEST_STEP][PASSED] - if (i == 2 &amp;&amp; wildList.indexOf(symbol) != -1): null

2019-08-24 12:46:27 - [TEST_STEP][PASSED] - if (i == 3 &amp;&amp; wildList.indexOf(symbol) != -1): null

2019-08-24 12:46:27 - [TEST_STEP][PASSED] - if (i == 4 &amp;&amp; wildList.indexOf(symbol) != -1): null

2019-08-24 12:46:27 - [TEST_STEP][PASSED] - symbol = symbol: null

2019-08-24 12:46:27 - [TEST_STEP][PASSED] - println(symbol): null

2019-08-24 12:46:27 - [TEST_STEP][PASSED] - if (i == 2 &amp;&amp; wildList.indexOf(symbol) != -1): null

2019-08-24 12:46:27 - [TEST_STEP][PASSED] - if (i == 3 &amp;&amp; wildList.indexOf(symbol) != -1): null

2019-08-24 12:46:27 - [TEST_STEP][PASSED] - if (i == 4 &amp;&amp; wildList.indexOf(symbol) != -1): null

2019-08-24 12:46:27 - [TEST_STEP][PASSED] - symbols = symbols: null

2019-08-24 12:46:27 - [TEST_STEP][PASSED] - for ([j = 0, j &lt; symbols.size(), (j++)]): null

2019-08-24 12:46:27 - [TEST_STEP][PASSED] - symbol = symbol: null

2019-08-24 12:46:27 - [TEST_STEP][PASSED] - println(symbol): null

2019-08-24 12:46:27 - [TEST_STEP][PASSED] - if (i == 2 &amp;&amp; wildList.indexOf(symbol) != -1): null

2019-08-24 12:46:27 - [TEST_STEP][PASSED] - if (i == 3 &amp;&amp; wildList.indexOf(symbol) != -1): null

2019-08-24 12:46:27 - [TEST_STEP][PASSED] - if (i == 4 &amp;&amp; wildList.indexOf(symbol) != -1): null

2019-08-24 12:46:27 - [TEST_STEP][PASSED] - symbol = symbol: null

2019-08-24 12:46:27 - [TEST_STEP][PASSED] - println(symbol): null

2019-08-24 12:46:27 - [TEST_STEP][PASSED] - if (i == 2 &amp;&amp; wildList.indexOf(symbol) != -1): null

2019-08-24 12:46:27 - [TEST_STEP][PASSED] - if (i == 3 &amp;&amp; wildList.indexOf(symbol) != -1): null

2019-08-24 12:46:27 - [TEST_STEP][PASSED] - if (i == 4 &amp;&amp; wildList.indexOf(symbol) != -1): null

2019-08-24 12:46:27 - [TEST_STEP][PASSED] - symbol = symbol: null

2019-08-24 12:46:27 - [TEST_STEP][PASSED] - println(symbol): null

2019-08-24 12:46:27 - [TEST_STEP][PASSED] - if (i == 2 &amp;&amp; wildList.indexOf(symbol) != -1): null

2019-08-24 12:46:27 - [TEST_STEP][PASSED] - if (i == 3 &amp;&amp; wildList.indexOf(symbol) != -1): null

2019-08-24 12:46:27 - [TEST_STEP][PASSED] - if (i == 4 &amp;&amp; wildList.indexOf(symbol) != -1): null

2019-08-24 12:46:27 - [TEST_STEP][PASSED] - free_spin_reel_counter = free_spin_reel_counter: null

2019-08-24 12:46:27 - [TEST_STEP][PASSED] - println("reel 3 wild found: " + free_spin_reel_counter[0]): null

2019-08-24 12:46:27 - [TEST_STEP][PASSED] - println("reel 4 wild found: " + free_spin_reel_counter[1]): null

2019-08-24 12:46:27 - [TEST_STEP][PASSED] - println("reel 5 wild found: " + free_spin_reel_counter[2]): null

2019-08-24 12:46:27 - [TEST_STEP][PASSED] - M4_spin_reels = M4_spin_reels: null

2019-08-24 12:46:27 - [TEST_STEP][PASSED] - M4_spin_reels_symbols = symbol: null

2019-08-24 12:46:27 - [TEST_STEP][PASSED] - M4_spin_reels_symbols = M4_spin_reels_symbols: null

2019-08-24 12:46:27 - [TEST_STEP][PASSED] - M4_spin_reel_wins = reel_wins: null

2019-08-24 12:46:27 - [TEST_STEP][PASSED] - M4_spin_reel_wins = M4_spin_reel_wins: null

2019-08-24 12:46:27 - [TEST_STEP][PASSED] - println("GlobalVariable.M4_spin_reel_wins is: " + M4_spin_reel_wins): null

2019-08-24 12:46:27 - [TEST_STEP][PASSED] - M4_spin_total_bonus_win_this_round = total_bonus_win_this_round: null

2019-08-24 12:46:27 - [TEST_STEP][PASSED] - M4_spin_total_bonus_win_this_round = M4_spin_total_bonus_win_this_round: null

2019-08-24 12:46:27 - [TEST_STEP][PASSED] - println("GlobalVariable.M4_spin_total_bonus_win_this_round is: " + M4_spin_total_bonus_win_this_round): null

2019-08-24 12:46:27 - [TEST_STEP][PASSED] - M4_spin_bonus_spin_result = spin_result: null

2019-08-24 12:46:27 - [TEST_STEP][PASSED] - M4_spin_bonus_spin_result = M4_spin_bonus_spin_result: null

2019-08-24 12:46:27 - [MESSAGE][PASSED] - Verify response successfully

2019-08-24 12:46:27 - [MESSAGE][PASSED] - Send request and verify the response successfully

2019-08-24 12:46:27 - [TEST_STEP][PASSED] - if (M4_total_bonus_spins_int != 0 &amp;&amp; M4_spin_reels_symbols[2].contains("WILD_Double") || M4_spin_reels_symbols[4].contains("WILD_Triple")): null

2019-08-24 12:46:27 - [TEST_STEP][PASSED] - free_spin_reel_counter = free_spin_reel_counter: null

2019-08-24 12:46:27 - [TEST_STEP][PASSED] - M4_spin_reels_symbols = M4_spin_reels_symbols: null

2019-08-24 12:46:27 - [TEST_STEP][PASSED] - M4_total_bonus_spins = M4_total_bonus_spins: null

2019-08-24 12:46:27 - [TEST_STEP][PASSED] - spin_result = sendRequestAndVerify(findTestObject("INT/RGS(M4)/1_M4_spin", ["M4_login_user_id":M4_login_user_id, "rgs_session_token":rgs_session_token, "partner":Partner])): Send request and verify the response successfully

2019-08-24 12:46:28 - [MESSAGE][INFO] - HAR: /Users/eiralee/Katalon_Script/SuperWild/Reports/20190824_124242/INT/superWild_4/20190824_124242/requests/main/70.har

2019-08-24 12:46:28 - [TEST_CASE][PASSED] - Start Test Case : Verification: Verification accomplished successfully

2019-08-24 12:46:28 - [TEST_STEP][PASSED] - request = getInstance().getCurrentRequest(): null

2019-08-24 12:46:28 - [TEST_STEP][PASSED] - response = getInstance().getCurrentResponse(): null

2019-08-24 12:46:28 - [TEST_STEP][PASSED] - verifyResponseStatusCode(response, 200): Verify response status code successfully

2019-08-24 12:46:28 - [MESSAGE][PASSED] - Verify response status code successfully

2019-08-24 12:46:28 - [TEST_STEP][PASSED] - getStatusCode()).isEqualTo(200): null

2019-08-24 12:46:28 - [TEST_STEP][PASSED] - newline = System.getProperty("line.separator"): null

2019-08-24 12:46:28 - [TEST_STEP][PASSED] - M4_spin = new groovy.json.JsonSlurper(): null

2019-08-24 12:46:28 - [TEST_STEP][PASSED] - result_M4_spin = M4_spin.parseText(response.getResponseBodyContent()): null

2019-08-24 12:46:28 - [TEST_STEP][PASSED] - M4_spin_current_balance = current_balance: null

2019-08-24 12:46:28 - [TEST_STEP][PASSED] - M4_spin_current_balance = M4_spin_current_balance: null

2019-08-24 12:46:28 - [TEST_STEP][PASSED] - M4_spin_transaction_id = causality: null

2019-08-24 12:46:28 - [TEST_STEP][PASSED] - M4_spin_transaction_id = M4_spin_transaction_id: null

2019-08-24 12:46:28 - [TEST_STEP][PASSED] - M4_spin_round_id = round_id: null

2019-08-24 12:46:28 - [TEST_STEP][PASSED] - M4_spin_round_id = M4_spin_round_id: null

2019-08-24 12:46:28 - [TEST_STEP][PASSED] - M4_spin_line_wins = line_wins: null

2019-08-24 12:46:28 - [TEST_STEP][PASSED] - M4_spin_line_wins = M4_spin_line_wins: null

2019-08-24 12:46:28 - [TEST_STEP][PASSED] - M4_total_bonus_spins_int = total_bonus_spins: null

2019-08-24 12:46:28 - [TEST_STEP][PASSED] - println("******M4_total_bonus_spins type is:*******" + newline + getClass().getName()): null

2019-08-24 12:46:28 - [TEST_STEP][PASSED] - M4_total_bonus_spins_int = M4_total_bonus_spins_int: null

2019-08-24 12:46:28 - [TEST_STEP][PASSED] - M4_total_bonus_spins = Integer.toString(M4_total_bonus_spins_int): null

2019-08-24 12:46:28 - [TEST_STEP][PASSED] - M4_total_bonus_spins = M4_total_bonus_spins: null

2019-08-24 12:46:28 - [TEST_STEP][PASSED] - println("M4_total_bonus_spins is:" + M4_total_bonus_spins): null

2019-08-24 12:46:28 - [TEST_STEP][PASSED] - M4_spin_bonus_data = bonus_data: null

2019-08-24 12:46:28 - [TEST_STEP][PASSED] - M4_spin_features_triggered = result_M4_spin: null

2019-08-24 12:46:28 - [TEST_STEP][PASSED] - wild = []: null

2019-08-24 12:46:28 - [TEST_STEP][PASSED] - wild[0] = "WILD_Expanding": null

2019-08-24 12:46:28 - [TEST_STEP][PASSED] - wild[1] = "WILD_Normal": null

2019-08-24 12:46:28 - [TEST_STEP][PASSED] - wild[2] = "WILD_Double": null

2019-08-24 12:46:28 - [TEST_STEP][PASSED] - wild[3] = "WILD_ExtraFG": null

2019-08-24 12:46:28 - [TEST_STEP][PASSED] - wild[4] = "WILD_Triple": null

2019-08-24 12:46:28 - [TEST_STEP][PASSED] - wildList = Arrays.asList(wild): null

2019-08-24 12:46:28 - [TEST_STEP][PASSED] - wildList = wildList: null

2019-08-24 12:46:28 - [TEST_STEP][PASSED] - free_spin_reel_counter = []: null

2019-08-24 12:46:28 - [TEST_STEP][PASSED] - free_spin_reel_counter[0] = 0: null

2019-08-24 12:46:28 - [TEST_STEP][PASSED] - free_spin_reel_counter[1] = 0: null

2019-08-24 12:46:28 - [TEST_STEP][PASSED] - free_spin_reel_counter[2] = 0: null

2019-08-24 12:46:28 - [TEST_STEP][PASSED] - M4_spin_reels = reels: null

2019-08-24 12:46:28 - [TEST_STEP][PASSED] - for ([i = 0, i &lt; M4_spin_reels.size(), (i++)]): null

2019-08-24 12:46:28 - [TEST_STEP][PASSED] - symbols = symbols: null

2019-08-24 12:46:28 - [TEST_STEP][PASSED] - for ([j = 0, j &lt; symbols.size(), (j++)]): null

2019-08-24 12:46:28 - [TEST_STEP][PASSED] - symbol = symbol: null

2019-08-24 12:46:28 - [TEST_STEP][PASSED] - println(symbol): null

2019-08-24 12:46:28 - [TEST_STEP][PASSED] - if (i == 2 &amp;&amp; wildList.indexOf(symbol) != -1): null

2019-08-24 12:46:28 - [TEST_STEP][PASSED] - if (i == 3 &amp;&amp; wildList.indexOf(symbol) != -1): null

2019-08-24 12:46:28 - [TEST_STEP][PASSED] - if (i == 4 &amp;&amp; wildList.indexOf(symbol) != -1): null

2019-08-24 12:46:28 - [TEST_STEP][PASSED] - symbol = symbol: null

2019-08-24 12:46:28 - [TEST_STEP][PASSED] - println(symbol): null

2019-08-24 12:46:28 - [TEST_STEP][PASSED] - if (i == 2 &amp;&amp; wildList.indexOf(symbol) != -1): null

2019-08-24 12:46:28 - [TEST_STEP][PASSED] - if (i == 3 &amp;&amp; wildList.indexOf(symbol) != -1): null

2019-08-24 12:46:28 - [TEST_STEP][PASSED] - if (i == 4 &amp;&amp; wildList.indexOf(symbol) != -1): null

2019-08-24 12:46:28 - [TEST_STEP][PASSED] - symbol = symbol: null

2019-08-24 12:46:28 - [TEST_STEP][PASSED] - println(symbol): null

2019-08-24 12:46:28 - [TEST_STEP][PASSED] - if (i == 2 &amp;&amp; wildList.indexOf(symbol) != -1): null

2019-08-24 12:46:28 - [TEST_STEP][PASSED] - if (i == 3 &amp;&amp; wildList.indexOf(symbol) != -1): null

2019-08-24 12:46:28 - [TEST_STEP][PASSED] - if (i == 4 &amp;&amp; wildList.indexOf(symbol) != -1): null

2019-08-24 12:46:28 - [TEST_STEP][PASSED] - symbols = symbols: null

2019-08-24 12:46:28 - [TEST_STEP][PASSED] - for ([j = 0, j &lt; symbols.size(), (j++)]): null

2019-08-24 12:46:28 - [TEST_STEP][PASSED] - symbol = symbol: null

2019-08-24 12:46:28 - [TEST_STEP][PASSED] - println(symbol): null

2019-08-24 12:46:28 - [TEST_STEP][PASSED] - if (i == 2 &amp;&amp; wildList.indexOf(symbol) != -1): null

2019-08-24 12:46:28 - [TEST_STEP][PASSED] - if (i == 3 &amp;&amp; wildList.indexOf(symbol) != -1): null

2019-08-24 12:46:28 - [TEST_STEP][PASSED] - if (i == 4 &amp;&amp; wildList.indexOf(symbol) != -1): null

2019-08-24 12:46:28 - [TEST_STEP][PASSED] - symbol = symbol: null

2019-08-24 12:46:28 - [TEST_STEP][PASSED] - println(symbol): null

2019-08-24 12:46:28 - [TEST_STEP][PASSED] - if (i == 2 &amp;&amp; wildList.indexOf(symbol) != -1): null

2019-08-24 12:46:28 - [TEST_STEP][PASSED] - if (i == 3 &amp;&amp; wildList.indexOf(symbol) != -1): null

2019-08-24 12:46:28 - [TEST_STEP][PASSED] - if (i == 4 &amp;&amp; wildList.indexOf(symbol) != -1): null

2019-08-24 12:46:28 - [TEST_STEP][PASSED] - symbol = symbol: null

2019-08-24 12:46:28 - [TEST_STEP][PASSED] - println(symbol): null

2019-08-24 12:46:28 - [TEST_STEP][PASSED] - if (i == 2 &amp;&amp; wildList.indexOf(symbol) != -1): null

2019-08-24 12:46:28 - [TEST_STEP][PASSED] - if (i == 3 &amp;&amp; wildList.indexOf(symbol) != -1): null

2019-08-24 12:46:28 - [TEST_STEP][PASSED] - if (i == 4 &amp;&amp; wildList.indexOf(symbol) != -1): null

2019-08-24 12:46:28 - [TEST_STEP][PASSED] - symbols = symbols: null

2019-08-24 12:46:28 - [TEST_STEP][PASSED] - for ([j = 0, j &lt; symbols.size(), (j++)]): null

2019-08-24 12:46:28 - [TEST_STEP][PASSED] - symbol = symbol: null

2019-08-24 12:46:28 - [TEST_STEP][PASSED] - println(symbol): null

2019-08-24 12:46:28 - [TEST_STEP][PASSED] - if (i == 2 &amp;&amp; wildList.indexOf(symbol) != -1): null

2019-08-24 12:46:28 - [TEST_STEP][PASSED] - if (i == 3 &amp;&amp; wildList.indexOf(symbol) != -1): null

2019-08-24 12:46:28 - [TEST_STEP][PASSED] - if (i == 4 &amp;&amp; wildList.indexOf(symbol) != -1): null

2019-08-24 12:46:28 - [TEST_STEP][PASSED] - symbol = symbol: null

2019-08-24 12:46:28 - [TEST_STEP][PASSED] - println(symbol): null

2019-08-24 12:46:28 - [TEST_STEP][PASSED] - if (i == 2 &amp;&amp; wildList.indexOf(symbol) != -1): null

2019-08-24 12:46:28 - [TEST_STEP][PASSED] - if (i == 3 &amp;&amp; wildList.indexOf(symbol) != -1): null

2019-08-24 12:46:28 - [TEST_STEP][PASSED] - if (i == 4 &amp;&amp; wildList.indexOf(symbol) != -1): null

2019-08-24 12:46:28 - [TEST_STEP][PASSED] - symbol = symbol: null

2019-08-24 12:46:28 - [TEST_STEP][PASSED] - println(symbol): null

2019-08-24 12:46:28 - [TEST_STEP][PASSED] - if (i == 2 &amp;&amp; wildList.indexOf(symbol) != -1): null

2019-08-24 12:46:28 - [TEST_STEP][PASSED] - if (i == 3 &amp;&amp; wildList.indexOf(symbol) != -1): null

2019-08-24 12:46:28 - [TEST_STEP][PASSED] - if (i == 4 &amp;&amp; wildList.indexOf(symbol) != -1): null

2019-08-24 12:46:28 - [TEST_STEP][PASSED] - symbols = symbols: null

2019-08-24 12:46:28 - [TEST_STEP][PASSED] - for ([j = 0, j &lt; symbols.size(), (j++)]): null

2019-08-24 12:46:28 - [TEST_STEP][PASSED] - symbol = symbol: null

2019-08-24 12:46:28 - [TEST_STEP][PASSED] - println(symbol): null

2019-08-24 12:46:28 - [TEST_STEP][PASSED] - if (i == 2 &amp;&amp; wildList.indexOf(symbol) != -1): null

2019-08-24 12:46:28 - [TEST_STEP][PASSED] - if (i == 3 &amp;&amp; wildList.indexOf(symbol) != -1): null

2019-08-24 12:46:28 - [TEST_STEP][PASSED] - if (i == 4 &amp;&amp; wildList.indexOf(symbol) != -1): null

2019-08-24 12:46:28 - [TEST_STEP][PASSED] - symbol = symbol: null

2019-08-24 12:46:28 - [TEST_STEP][PASSED] - println(symbol): null

2019-08-24 12:46:28 - [TEST_STEP][PASSED] - if (i == 2 &amp;&amp; wildList.indexOf(symbol) != -1): null

2019-08-24 12:46:28 - [TEST_STEP][PASSED] - if (i == 3 &amp;&amp; wildList.indexOf(symbol) != -1): null

2019-08-24 12:46:28 - [TEST_STEP][PASSED] - if (i == 4 &amp;&amp; wildList.indexOf(symbol) != -1): null

2019-08-24 12:46:28 - [TEST_STEP][PASSED] - symbol = symbol: null

2019-08-24 12:46:28 - [TEST_STEP][PASSED] - println(symbol): null

2019-08-24 12:46:28 - [TEST_STEP][PASSED] - if (i == 2 &amp;&amp; wildList.indexOf(symbol) != -1): null

2019-08-24 12:46:28 - [TEST_STEP][PASSED] - if (i == 3 &amp;&amp; wildList.indexOf(symbol) != -1): null

2019-08-24 12:46:28 - [TEST_STEP][PASSED] - if (i == 4 &amp;&amp; wildList.indexOf(symbol) != -1): null

2019-08-24 12:46:28 - [TEST_STEP][PASSED] - symbols = symbols: null

2019-08-24 12:46:28 - [TEST_STEP][PASSED] - for ([j = 0, j &lt; symbols.size(), (j++)]): null

2019-08-24 12:46:28 - [TEST_STEP][PASSED] - symbol = symbol: null

2019-08-24 12:46:28 - [TEST_STEP][PASSED] - println(symbol): null

2019-08-24 12:46:28 - [TEST_STEP][PASSED] - if (i == 2 &amp;&amp; wildList.indexOf(symbol) != -1): null

2019-08-24 12:46:28 - [TEST_STEP][PASSED] - if (i == 3 &amp;&amp; wildList.indexOf(symbol) != -1): null

2019-08-24 12:46:28 - [TEST_STEP][PASSED] - if (i == 4 &amp;&amp; wildList.indexOf(symbol) != -1): null

2019-08-24 12:46:28 - [TEST_STEP][PASSED] - symbol = symbol: null

2019-08-24 12:46:28 - [TEST_STEP][PASSED] - println(symbol): null

2019-08-24 12:46:28 - [TEST_STEP][PASSED] - if (i == 2 &amp;&amp; wildList.indexOf(symbol) != -1): null

2019-08-24 12:46:28 - [TEST_STEP][PASSED] - if (i == 3 &amp;&amp; wildList.indexOf(symbol) != -1): null

2019-08-24 12:46:28 - [TEST_STEP][PASSED] - if (i == 4 &amp;&amp; wildList.indexOf(symbol) != -1): null

2019-08-24 12:46:28 - [TEST_STEP][PASSED] - symbol = symbol: null

2019-08-24 12:46:28 - [TEST_STEP][PASSED] - println(symbol): null

2019-08-24 12:46:28 - [TEST_STEP][PASSED] - if (i == 2 &amp;&amp; wildList.indexOf(symbol) != -1): null

2019-08-24 12:46:28 - [TEST_STEP][PASSED] - if (i == 3 &amp;&amp; wildList.indexOf(symbol) != -1): null

2019-08-24 12:46:28 - [TEST_STEP][PASSED] - if (i == 4 &amp;&amp; wildList.indexOf(symbol) != -1): null

2019-08-24 12:46:28 - [TEST_STEP][PASSED] - free_spin_reel_counter = free_spin_reel_counter: null

2019-08-24 12:46:28 - [TEST_STEP][PASSED] - println("reel 3 wild found: " + free_spin_reel_counter[0]): null

2019-08-24 12:46:28 - [TEST_STEP][PASSED] - println("reel 4 wild found: " + free_spin_reel_counter[1]): null

2019-08-24 12:46:28 - [TEST_STEP][PASSED] - println("reel 5 wild found: " + free_spin_reel_counter[2]): null

2019-08-24 12:46:28 - [TEST_STEP][PASSED] - M4_spin_reels = M4_spin_reels: null

2019-08-24 12:46:28 - [TEST_STEP][PASSED] - M4_spin_reels_symbols = symbol: null

2019-08-24 12:46:28 - [TEST_STEP][PASSED] - M4_spin_reels_symbols = M4_spin_reels_symbols: null

2019-08-24 12:46:28 - [TEST_STEP][PASSED] - M4_spin_reel_wins = reel_wins: null

2019-08-24 12:46:28 - [TEST_STEP][PASSED] - M4_spin_reel_wins = M4_spin_reel_wins: null

2019-08-24 12:46:28 - [TEST_STEP][PASSED] - println("GlobalVariable.M4_spin_reel_wins is: " + M4_spin_reel_wins): null

2019-08-24 12:46:28 - [TEST_STEP][PASSED] - M4_spin_total_bonus_win_this_round = total_bonus_win_this_round: null

2019-08-24 12:46:28 - [TEST_STEP][PASSED] - M4_spin_total_bonus_win_this_round = M4_spin_total_bonus_win_this_round: null

2019-08-24 12:46:28 - [TEST_STEP][PASSED] - println("GlobalVariable.M4_spin_total_bonus_win_this_round is: " + M4_spin_total_bonus_win_this_round): null

2019-08-24 12:46:28 - [TEST_STEP][PASSED] - M4_spin_bonus_spin_result = spin_result: null

2019-08-24 12:46:28 - [TEST_STEP][PASSED] - M4_spin_bonus_spin_result = M4_spin_bonus_spin_result: null

2019-08-24 12:46:28 - [MESSAGE][PASSED] - Verify response successfully

2019-08-24 12:46:28 - [MESSAGE][PASSED] - Send request and verify the response successfully

2019-08-24 12:46:28 - [TEST_STEP][PASSED] - if (M4_total_bonus_spins_int != 0 &amp;&amp; M4_spin_reels_symbols[2].contains("WILD_Double") || M4_spin_reels_symbols[4].contains("WILD_Triple")): null

2019-08-24 12:46:28 - [TEST_STEP][PASSED] - free_spin_reel_counter = free_spin_reel_counter: null

2019-08-24 12:46:28 - [TEST_STEP][PASSED] - M4_spin_reels_symbols = M4_spin_reels_symbols: null

2019-08-24 12:46:28 - [TEST_STEP][PASSED] - M4_total_bonus_spins = M4_total_bonus_spins: null

2019-08-24 12:46:28 - [TEST_STEP][PASSED] - spin_result = sendRequestAndVerify(findTestObject("INT/RGS(M4)/1_M4_spin", ["M4_login_user_id":M4_login_user_id, "rgs_session_token":rgs_session_token, "partner":Partner])): Send request and verify the response successfully

2019-08-24 12:46:28 - [MESSAGE][INFO] - HAR: /Users/eiralee/Katalon_Script/SuperWild/Reports/20190824_124242/INT/superWild_4/20190824_124242/requests/main/71.har

2019-08-24 12:46:28 - [TEST_CASE][PASSED] - Start Test Case : Verification: Verification accomplished successfully

2019-08-24 12:46:28 - [TEST_STEP][PASSED] - request = getInstance().getCurrentRequest(): null

2019-08-24 12:46:28 - [TEST_STEP][PASSED] - response = getInstance().getCurrentResponse(): null

2019-08-24 12:46:28 - [TEST_STEP][PASSED] - verifyResponseStatusCode(response, 200): Verify response status code successfully

2019-08-24 12:46:28 - [MESSAGE][PASSED] - Verify response status code successfully

2019-08-24 12:46:28 - [TEST_STEP][PASSED] - getStatusCode()).isEqualTo(200): null

2019-08-24 12:46:28 - [TEST_STEP][PASSED] - newline = System.getProperty("line.separator"): null

2019-08-24 12:46:28 - [TEST_STEP][PASSED] - M4_spin = new groovy.json.JsonSlurper(): null

2019-08-24 12:46:28 - [TEST_STEP][PASSED] - result_M4_spin = M4_spin.parseText(response.getResponseBodyContent()): null

2019-08-24 12:46:28 - [TEST_STEP][PASSED] - M4_spin_current_balance = current_balance: null

2019-08-24 12:46:28 - [TEST_STEP][PASSED] - M4_spin_current_balance = M4_spin_current_balance: null

2019-08-24 12:46:28 - [TEST_STEP][PASSED] - M4_spin_transaction_id = causality: null

2019-08-24 12:46:28 - [TEST_STEP][PASSED] - M4_spin_transaction_id = M4_spin_transaction_id: null

2019-08-24 12:46:28 - [TEST_STEP][PASSED] - M4_spin_round_id = round_id: null

2019-08-24 12:46:28 - [TEST_STEP][PASSED] - M4_spin_round_id = M4_spin_round_id: null

2019-08-24 12:46:28 - [TEST_STEP][PASSED] - M4_spin_line_wins = line_wins: null

2019-08-24 12:46:28 - [TEST_STEP][PASSED] - M4_spin_line_wins = M4_spin_line_wins: null

2019-08-24 12:46:28 - [TEST_STEP][PASSED] - M4_total_bonus_spins_int = total_bonus_spins: null

2019-08-24 12:46:28 - [TEST_STEP][PASSED] - println("******M4_total_bonus_spins type is:*******" + newline + getClass().getName()): null

2019-08-24 12:46:28 - [TEST_STEP][PASSED] - M4_total_bonus_spins_int = M4_total_bonus_spins_int: null

2019-08-24 12:46:28 - [TEST_STEP][PASSED] - M4_total_bonus_spins = Integer.toString(M4_total_bonus_spins_int): null

2019-08-24 12:46:28 - [TEST_STEP][PASSED] - M4_total_bonus_spins = M4_total_bonus_spins: null

2019-08-24 12:46:28 - [TEST_STEP][PASSED] - println("M4_total_bonus_spins is:" + M4_total_bonus_spins): null

2019-08-24 12:46:28 - [TEST_STEP][PASSED] - M4_spin_bonus_data = bonus_data: null

2019-08-24 12:46:28 - [TEST_STEP][PASSED] - M4_spin_features_triggered = result_M4_spin: null

2019-08-24 12:46:28 - [TEST_STEP][PASSED] - wild = []: null

2019-08-24 12:46:28 - [TEST_STEP][PASSED] - wild[0] = "WILD_Expanding": null

2019-08-24 12:46:28 - [TEST_STEP][PASSED] - wild[1] = "WILD_Normal": null

2019-08-24 12:46:28 - [TEST_STEP][PASSED] - wild[2] = "WILD_Double": null

2019-08-24 12:46:28 - [TEST_STEP][PASSED] - wild[3] = "WILD_ExtraFG": null

2019-08-24 12:46:28 - [TEST_STEP][PASSED] - wild[4] = "WILD_Triple": null

2019-08-24 12:46:28 - [TEST_STEP][PASSED] - wildList = Arrays.asList(wild): null

2019-08-24 12:46:28 - [TEST_STEP][PASSED] - wildList = wildList: null

2019-08-24 12:46:28 - [TEST_STEP][PASSED] - free_spin_reel_counter = []: null

2019-08-24 12:46:28 - [TEST_STEP][PASSED] - free_spin_reel_counter[0] = 0: null

2019-08-24 12:46:28 - [TEST_STEP][PASSED] - free_spin_reel_counter[1] = 0: null

2019-08-24 12:46:28 - [TEST_STEP][PASSED] - free_spin_reel_counter[2] = 0: null

2019-08-24 12:46:28 - [TEST_STEP][PASSED] - M4_spin_reels = reels: null

2019-08-24 12:46:28 - [TEST_STEP][PASSED] - for ([i = 0, i &lt; M4_spin_reels.size(), (i++)]): null

2019-08-24 12:46:28 - [TEST_STEP][PASSED] - symbols = symbols: null

2019-08-24 12:46:28 - [TEST_STEP][PASSED] - for ([j = 0, j &lt; symbols.size(), (j++)]): null

2019-08-24 12:46:28 - [TEST_STEP][PASSED] - symbol = symbol: null

2019-08-24 12:46:28 - [TEST_STEP][PASSED] - println(symbol): null

2019-08-24 12:46:28 - [TEST_STEP][PASSED] - if (i == 2 &amp;&amp; wildList.indexOf(symbol) != -1): null

2019-08-24 12:46:28 - [TEST_STEP][PASSED] - if (i == 3 &amp;&amp; wildList.indexOf(symbol) != -1): null

2019-08-24 12:46:28 - [TEST_STEP][PASSED] - if (i == 4 &amp;&amp; wildList.indexOf(symbol) != -1): null

2019-08-24 12:46:28 - [TEST_STEP][PASSED] - symbol = symbol: null

2019-08-24 12:46:28 - [TEST_STEP][PASSED] - println(symbol): null

2019-08-24 12:46:28 - [TEST_STEP][PASSED] - if (i == 2 &amp;&amp; wildList.indexOf(symbol) != -1): null

2019-08-24 12:46:28 - [TEST_STEP][PASSED] - if (i == 3 &amp;&amp; wildList.indexOf(symbol) != -1): null

2019-08-24 12:46:28 - [TEST_STEP][PASSED] - if (i == 4 &amp;&amp; wildList.indexOf(symbol) != -1): null

2019-08-24 12:46:28 - [TEST_STEP][PASSED] - symbol = symbol: null

2019-08-24 12:46:28 - [TEST_STEP][PASSED] - println(symbol): null

2019-08-24 12:46:28 - [TEST_STEP][PASSED] - if (i == 2 &amp;&amp; wildList.indexOf(symbol) != -1): null

2019-08-24 12:46:28 - [TEST_STEP][PASSED] - if (i == 3 &amp;&amp; wildList.indexOf(symbol) != -1): null

2019-08-24 12:46:28 - [TEST_STEP][PASSED] - if (i == 4 &amp;&amp; wildList.indexOf(symbol) != -1): null

2019-08-24 12:46:28 - [TEST_STEP][PASSED] - symbols = symbols: null

2019-08-24 12:46:28 - [TEST_STEP][PASSED] - for ([j = 0, j &lt; symbols.size(), (j++)]): null

2019-08-24 12:46:28 - [TEST_STEP][PASSED] - symbol = symbol: null

2019-08-24 12:46:28 - [TEST_STEP][PASSED] - println(symbol): null

2019-08-24 12:46:28 - [TEST_STEP][PASSED] - if (i == 2 &amp;&amp; wildList.indexOf(symbol) != -1): null

2019-08-24 12:46:28 - [TEST_STEP][PASSED] - if (i == 3 &amp;&amp; wildList.indexOf(symbol) != -1): null

2019-08-24 12:46:28 - [TEST_STEP][PASSED] - if (i == 4 &amp;&amp; wildList.indexOf(symbol) != -1): null

2019-08-24 12:46:32 - [TEST_STEP][PASSED] - symbol = symbol: null

2019-08-24 12:46:32 - [TEST_STEP][PASSED] - println(symbol): null

2019-08-24 12:46:32 - [TEST_STEP][PASSED] - if (i == 2 &amp;&amp; wildList.indexOf(symbol) != -1): null

2019-08-24 12:46:32 - [TEST_STEP][PASSED] - if (i == 3 &amp;&amp; wildList.indexOf(symbol) != -1): null

2019-08-24 12:46:32 - [TEST_STEP][PASSED] - if (i == 4 &amp;&amp; wildList.indexOf(symbol) != -1): null

2019-08-24 12:46:32 - [TEST_STEP][PASSED] - symbol = symbol: null

2019-08-24 12:46:32 - [TEST_STEP][PASSED] - println(symbol): null

2019-08-24 12:46:32 - [TEST_STEP][PASSED] - if (i == 2 &amp;&amp; wildList.indexOf(symbol) != -1): null

2019-08-24 12:46:32 - [TEST_STEP][PASSED] - if (i == 3 &amp;&amp; wildList.indexOf(symbol) != -1): null

2019-08-24 12:46:32 - [TEST_STEP][PASSED] - if (i == 4 &amp;&amp; wildList.indexOf(symbol) != -1): null

2019-08-24 12:46:32 - [TEST_STEP][PASSED] - symbols = symbols: null

2019-08-24 12:46:32 - [TEST_STEP][PASSED] - for ([j = 0, j &lt; symbols.size(), (j++)]): null

2019-08-24 12:46:32 - [TEST_STEP][PASSED] - symbol = symbol: null

2019-08-24 12:46:32 - [TEST_STEP][PASSED] - println(symbol): null

2019-08-24 12:46:32 - [TEST_STEP][PASSED] - if (i == 2 &amp;&amp; wildList.indexOf(symbol) != -1): null

2019-08-24 12:46:32 - [TEST_STEP][PASSED] - if (i == 3 &amp;&amp; wildList.indexOf(symbol) != -1): null

2019-08-24 12:46:32 - [TEST_STEP][PASSED] - if (i == 4 &amp;&amp; wildList.indexOf(symbol) != -1): null

2019-08-24 12:46:32 - [TEST_STEP][PASSED] - symbol = symbol: null

2019-08-24 12:46:32 - [TEST_STEP][PASSED] - println(symbol): null

2019-08-24 12:46:32 - [TEST_STEP][PASSED] - if (i == 2 &amp;&amp; wildList.indexOf(symbol) != -1): null

2019-08-24 12:46:32 - [TEST_STEP][PASSED] - if (i == 3 &amp;&amp; wildList.indexOf(symbol) != -1): null

2019-08-24 12:46:32 - [TEST_STEP][PASSED] - if (i == 4 &amp;&amp; wildList.indexOf(symbol) != -1): null

2019-08-24 12:46:32 - [TEST_STEP][PASSED] - symbol = symbol: null

2019-08-24 12:46:32 - [TEST_STEP][PASSED] - println(symbol): null

2019-08-24 12:46:32 - [TEST_STEP][PASSED] - if (i == 2 &amp;&amp; wildList.indexOf(symbol) != -1): null

2019-08-24 12:46:32 - [TEST_STEP][PASSED] - if (i == 3 &amp;&amp; wildList.indexOf(symbol) != -1): null

2019-08-24 12:46:32 - [TEST_STEP][PASSED] - if (i == 4 &amp;&amp; wildList.indexOf(symbol) != -1): null

2019-08-24 12:46:32 - [TEST_STEP][PASSED] - symbols = symbols: null

2019-08-24 12:46:32 - [TEST_STEP][PASSED] - for ([j = 0, j &lt; symbols.size(), (j++)]): null

2019-08-24 12:46:32 - [TEST_STEP][PASSED] - symbol = symbol: null

2019-08-24 12:46:32 - [TEST_STEP][PASSED] - println(symbol): null

2019-08-24 12:46:32 - [TEST_STEP][PASSED] - if (i == 2 &amp;&amp; wildList.indexOf(symbol) != -1): null

2019-08-24 12:46:32 - [TEST_STEP][PASSED] - if (i == 3 &amp;&amp; wildList.indexOf(symbol) != -1): null

2019-08-24 12:46:32 - [TEST_STEP][PASSED] - if (i == 4 &amp;&amp; wildList.indexOf(symbol) != -1): null

2019-08-24 12:46:32 - [TEST_STEP][PASSED] - symbol = symbol: null

2019-08-24 12:46:32 - [TEST_STEP][PASSED] - println(symbol): null

2019-08-24 12:46:32 - [TEST_STEP][PASSED] - if (i == 2 &amp;&amp; wildList.indexOf(symbol) != -1): null

2019-08-24 12:46:32 - [TEST_STEP][PASSED] - if (i == 3 &amp;&amp; wildList.indexOf(symbol) != -1): null

2019-08-24 12:46:32 - [TEST_STEP][PASSED] - if (i == 4 &amp;&amp; wildList.indexOf(symbol) != -1): null

2019-08-24 12:46:32 - [TEST_STEP][PASSED] - symbol = symbol: null

2019-08-24 12:46:32 - [TEST_STEP][PASSED] - println(symbol): null

2019-08-24 12:46:32 - [TEST_STEP][PASSED] - if (i == 2 &amp;&amp; wildList.indexOf(symbol) != -1): null

2019-08-24 12:46:32 - [TEST_STEP][PASSED] - if (i == 3 &amp;&amp; wildList.indexOf(symbol) != -1): null

2019-08-24 12:46:32 - [TEST_STEP][PASSED] - if (i == 4 &amp;&amp; wildList.indexOf(symbol) != -1): null

2019-08-24 12:46:32 - [TEST_STEP][PASSED] - symbols = symbols: null

2019-08-24 12:46:32 - [TEST_STEP][PASSED] - for ([j = 0, j &lt; symbols.size(), (j++)]): null

2019-08-24 12:46:32 - [TEST_STEP][PASSED] - symbol = symbol: null

2019-08-24 12:46:32 - [TEST_STEP][PASSED] - println(symbol): null

2019-08-24 12:46:32 - [TEST_STEP][PASSED] - if (i == 2 &amp;&amp; wildList.indexOf(symbol) != -1): null

2019-08-24 12:46:32 - [TEST_STEP][PASSED] - if (i == 3 &amp;&amp; wildList.indexOf(symbol) != -1): null

2019-08-24 12:46:32 - [TEST_STEP][PASSED] - if (i == 4 &amp;&amp; wildList.indexOf(symbol) != -1): null

2019-08-24 12:46:32 - [TEST_STEP][PASSED] - symbol = symbol: null

2019-08-24 12:46:32 - [TEST_STEP][PASSED] - println(symbol): null

2019-08-24 12:46:32 - [TEST_STEP][PASSED] - if (i == 2 &amp;&amp; wildList.indexOf(symbol) != -1): null

2019-08-24 12:46:32 - [TEST_STEP][PASSED] - if (i == 3 &amp;&amp; wildList.indexOf(symbol) != -1): null

2019-08-24 12:46:32 - [TEST_STEP][PASSED] - if (i == 4 &amp;&amp; wildList.indexOf(symbol) != -1): null

2019-08-24 12:46:32 - [TEST_STEP][PASSED] - symbol = symbol: null

2019-08-24 12:46:32 - [TEST_STEP][PASSED] - println(symbol): null

2019-08-24 12:46:32 - [TEST_STEP][PASSED] - if (i == 2 &amp;&amp; wildList.indexOf(symbol) != -1): null

2019-08-24 12:46:32 - [TEST_STEP][PASSED] - if (i == 3 &amp;&amp; wildList.indexOf(symbol) != -1): null

2019-08-24 12:46:32 - [TEST_STEP][PASSED] - if (i == 4 &amp;&amp; wildList.indexOf(symbol) != -1): null

2019-08-24 12:46:32 - [TEST_STEP][PASSED] - free_spin_reel_counter = free_spin_reel_counter: null

2019-08-24 12:46:32 - [TEST_STEP][PASSED] - println("reel 3 wild found: " + free_spin_reel_counter[0]): null

2019-08-24 12:46:32 - [TEST_STEP][PASSED] - println("reel 4 wild found: " + free_spin_reel_counter[1]): null

2019-08-24 12:46:32 - [TEST_STEP][PASSED] - println("reel 5 wild found: " + free_spin_reel_counter[2]): null

2019-08-24 12:46:32 - [TEST_STEP][PASSED] - M4_spin_reels = M4_spin_reels: null

2019-08-24 12:46:32 - [TEST_STEP][PASSED] - M4_spin_reels_symbols = symbol: null

2019-08-24 12:46:32 - [TEST_STEP][PASSED] - M4_spin_reels_symbols = M4_spin_reels_symbols: null

2019-08-24 12:46:32 - [TEST_STEP][PASSED] - M4_spin_reel_wins = reel_wins: null

2019-08-24 12:46:32 - [TEST_STEP][PASSED] - M4_spin_reel_wins = M4_spin_reel_wins: null

2019-08-24 12:46:32 - [TEST_STEP][PASSED] - println("GlobalVariable.M4_spin_reel_wins is: " + M4_spin_reel_wins): null

2019-08-24 12:46:32 - [TEST_STEP][PASSED] - M4_spin_total_bonus_win_this_round = total_bonus_win_this_round: null

2019-08-24 12:46:32 - [TEST_STEP][PASSED] - M4_spin_total_bonus_win_this_round = M4_spin_total_bonus_win_this_round: null

2019-08-24 12:46:32 - [TEST_STEP][PASSED] - println("GlobalVariable.M4_spin_total_bonus_win_this_round is: " + M4_spin_total_bonus_win_this_round): null

2019-08-24 12:46:32 - [TEST_STEP][PASSED] - M4_spin_bonus_spin_result = spin_result: null

2019-08-24 12:46:32 - [TEST_STEP][PASSED] - M4_spin_bonus_spin_result = M4_spin_bonus_spin_result: null

2019-08-24 12:46:32 - [MESSAGE][PASSED] - Verify response successfully

2019-08-24 12:46:32 - [MESSAGE][PASSED] - Send request and verify the response successfully

2019-08-24 12:46:32 - [TEST_STEP][PASSED] - if (M4_total_bonus_spins_int != 0 &amp;&amp; M4_spin_reels_symbols[2].contains("WILD_Double") || M4_spin_reels_symbols[4].contains("WILD_Triple")): null

2019-08-24 12:46:32 - [TEST_STEP][PASSED] - free_spin_reel_counter = free_spin_reel_counter: null

2019-08-24 12:46:32 - [TEST_STEP][PASSED] - M4_spin_reels_symbols = M4_spin_reels_symbols: null

2019-08-24 12:46:32 - [TEST_STEP][PASSED] - M4_total_bonus_spins = M4_total_bonus_spins: null

2019-08-24 12:46:32 - [TEST_STEP][PASSED] - spin_result = sendRequestAndVerify(findTestObject("INT/RGS(M4)/1_M4_spin", ["M4_login_user_id":M4_login_user_id, "rgs_session_token":rgs_session_token, "partner":Partner])): Send request and verify the response successfully

2019-08-24 12:46:32 - [MESSAGE][INFO] - HAR: /Users/eiralee/Katalon_Script/SuperWild/Reports/20190824_124242/INT/superWild_4/20190824_124242/requests/main/72.har

2019-08-24 12:46:32 - [TEST_CASE][PASSED] - Start Test Case : Verification: Verification accomplished successfully

2019-08-24 12:46:32 - [TEST_STEP][PASSED] - request = getInstance().getCurrentRequest(): null

2019-08-24 12:46:33 - [TEST_STEP][PASSED] - response = getInstance().getCurrentResponse(): null

2019-08-24 12:46:33 - [TEST_STEP][PASSED] - verifyResponseStatusCode(response, 200): Verify response status code successfully

2019-08-24 12:46:33 - [MESSAGE][PASSED] - Verify response status code successfully

2019-08-24 12:46:33 - [TEST_STEP][PASSED] - getStatusCode()).isEqualTo(200): null

2019-08-24 12:46:33 - [TEST_STEP][PASSED] - newline = System.getProperty("line.separator"): null

2019-08-24 12:46:33 - [TEST_STEP][PASSED] - M4_spin = new groovy.json.JsonSlurper(): null

2019-08-24 12:46:33 - [TEST_STEP][PASSED] - result_M4_spin = M4_spin.parseText(response.getResponseBodyContent()): null

2019-08-24 12:46:33 - [TEST_STEP][PASSED] - M4_spin_current_balance = current_balance: null

2019-08-24 12:46:33 - [TEST_STEP][PASSED] - M4_spin_current_balance = M4_spin_current_balance: null

2019-08-24 12:46:33 - [TEST_STEP][PASSED] - M4_spin_transaction_id = causality: null

2019-08-24 12:46:33 - [TEST_STEP][PASSED] - M4_spin_transaction_id = M4_spin_transaction_id: null

2019-08-24 12:46:33 - [TEST_STEP][PASSED] - M4_spin_round_id = round_id: null

2019-08-24 12:46:33 - [TEST_STEP][PASSED] - M4_spin_round_id = M4_spin_round_id: null

2019-08-24 12:46:33 - [TEST_STEP][PASSED] - M4_spin_line_wins = line_wins: null

2019-08-24 12:46:33 - [TEST_STEP][PASSED] - M4_spin_line_wins = M4_spin_line_wins: null

2019-08-24 12:46:33 - [TEST_STEP][PASSED] - M4_total_bonus_spins_int = total_bonus_spins: null

2019-08-24 12:46:33 - [TEST_STEP][PASSED] - println("******M4_total_bonus_spins type is:*******" + newline + getClass().getName()): null

2019-08-24 12:46:33 - [TEST_STEP][PASSED] - M4_total_bonus_spins_int = M4_total_bonus_spins_int: null

2019-08-24 12:46:33 - [TEST_STEP][PASSED] - M4_total_bonus_spins = Integer.toString(M4_total_bonus_spins_int): null

2019-08-24 12:46:33 - [TEST_STEP][PASSED] - M4_total_bonus_spins = M4_total_bonus_spins: null

2019-08-24 12:46:33 - [TEST_STEP][PASSED] - println("M4_total_bonus_spins is:" + M4_total_bonus_spins): null

2019-08-24 12:46:33 - [TEST_STEP][PASSED] - M4_spin_bonus_data = bonus_data: null

2019-08-24 12:46:33 - [TEST_STEP][PASSED] - M4_spin_features_triggered = result_M4_spin: null

2019-08-24 12:46:33 - [TEST_STEP][PASSED] - wild = []: null

2019-08-24 12:46:33 - [TEST_STEP][PASSED] - wild[0] = "WILD_Expanding": null

2019-08-24 12:46:33 - [TEST_STEP][PASSED] - wild[1] = "WILD_Normal": null

2019-08-24 12:46:33 - [TEST_STEP][PASSED] - wild[2] = "WILD_Double": null

2019-08-24 12:46:33 - [TEST_STEP][PASSED] - wild[3] = "WILD_ExtraFG": null

2019-08-24 12:46:33 - [TEST_STEP][PASSED] - wild[4] = "WILD_Triple": null

2019-08-24 12:46:33 - [TEST_STEP][PASSED] - wildList = Arrays.asList(wild): null

2019-08-24 12:46:33 - [TEST_STEP][PASSED] - wildList = wildList: null

2019-08-24 12:46:33 - [TEST_STEP][PASSED] - free_spin_reel_counter = []: null

2019-08-24 12:46:33 - [TEST_STEP][PASSED] - free_spin_reel_counter[0] = 0: null

2019-08-24 12:46:33 - [TEST_STEP][PASSED] - free_spin_reel_counter[1] = 0: null

2019-08-24 12:46:33 - [TEST_STEP][PASSED] - free_spin_reel_counter[2] = 0: null

2019-08-24 12:46:33 - [TEST_STEP][PASSED] - M4_spin_reels = reels: null

2019-08-24 12:46:33 - [TEST_STEP][PASSED] - for ([i = 0, i &lt; M4_spin_reels.size(), (i++)]): null

2019-08-24 12:46:33 - [TEST_STEP][PASSED] - symbols = symbols: null

2019-08-24 12:46:33 - [TEST_STEP][PASSED] - for ([j = 0, j &lt; symbols.size(), (j++)]): null

2019-08-24 12:46:33 - [TEST_STEP][PASSED] - symbol = symbol: null

2019-08-24 12:46:33 - [TEST_STEP][PASSED] - println(symbol): null

2019-08-24 12:46:33 - [TEST_STEP][PASSED] - if (i == 2 &amp;&amp; wildList.indexOf(symbol) != -1): null

2019-08-24 12:46:33 - [TEST_STEP][PASSED] - if (i == 3 &amp;&amp; wildList.indexOf(symbol) != -1): null

2019-08-24 12:46:33 - [TEST_STEP][PASSED] - if (i == 4 &amp;&amp; wildList.indexOf(symbol) != -1): null

2019-08-24 12:46:33 - [TEST_STEP][PASSED] - symbol = symbol: null

2019-08-24 12:46:33 - [TEST_STEP][PASSED] - println(symbol): null

2019-08-24 12:46:33 - [TEST_STEP][PASSED] - if (i == 2 &amp;&amp; wildList.indexOf(symbol) != -1): null

2019-08-24 12:46:33 - [TEST_STEP][PASSED] - if (i == 3 &amp;&amp; wildList.indexOf(symbol) != -1): null

2019-08-24 12:46:33 - [TEST_STEP][PASSED] - if (i == 4 &amp;&amp; wildList.indexOf(symbol) != -1): null

2019-08-24 12:46:33 - [TEST_STEP][PASSED] - symbol = symbol: null

2019-08-24 12:46:33 - [TEST_STEP][PASSED] - println(symbol): null

2019-08-24 12:46:33 - [TEST_STEP][PASSED] - if (i == 2 &amp;&amp; wildList.indexOf(symbol) != -1): null

2019-08-24 12:46:33 - [TEST_STEP][PASSED] - if (i == 3 &amp;&amp; wildList.indexOf(symbol) != -1): null

2019-08-24 12:46:33 - [TEST_STEP][PASSED] - if (i == 4 &amp;&amp; wildList.indexOf(symbol) != -1): null

2019-08-24 12:46:33 - [TEST_STEP][PASSED] - symbols = symbols: null

2019-08-24 12:46:33 - [TEST_STEP][PASSED] - for ([j = 0, j &lt; symbols.size(), (j++)]): null

2019-08-24 12:46:33 - [TEST_STEP][PASSED] - symbol = symbol: null

2019-08-24 12:46:33 - [TEST_STEP][PASSED] - println(symbol): null

2019-08-24 12:46:33 - [TEST_STEP][PASSED] - if (i == 2 &amp;&amp; wildList.indexOf(symbol) != -1): null

2019-08-24 12:46:33 - [TEST_STEP][PASSED] - if (i == 3 &amp;&amp; wildList.indexOf(symbol) != -1): null

2019-08-24 12:46:33 - [TEST_STEP][PASSED] - if (i == 4 &amp;&amp; wildList.indexOf(symbol) != -1): null

2019-08-24 12:46:33 - [TEST_STEP][PASSED] - symbol = symbol: null

2019-08-24 12:46:33 - [TEST_STEP][PASSED] - println(symbol): null

2019-08-24 12:46:33 - [TEST_STEP][PASSED] - if (i == 2 &amp;&amp; wildList.indexOf(symbol) != -1): null

2019-08-24 12:46:33 - [TEST_STEP][PASSED] - if (i == 3 &amp;&amp; wildList.indexOf(symbol) != -1): null

2019-08-24 12:46:33 - [TEST_STEP][PASSED] - if (i == 4 &amp;&amp; wildList.indexOf(symbol) != -1): null

2019-08-24 12:46:33 - [TEST_STEP][PASSED] - symbol = symbol: null

2019-08-24 12:46:33 - [TEST_STEP][PASSED] - println(symbol): null

2019-08-24 12:46:33 - [TEST_STEP][PASSED] - if (i == 2 &amp;&amp; wildList.indexOf(symbol) != -1): null

2019-08-24 12:46:33 - [TEST_STEP][PASSED] - if (i == 3 &amp;&amp; wildList.indexOf(symbol) != -1): null

2019-08-24 12:46:33 - [TEST_STEP][PASSED] - if (i == 4 &amp;&amp; wildList.indexOf(symbol) != -1): null

2019-08-24 12:46:33 - [TEST_STEP][PASSED] - symbols = symbols: null

2019-08-24 12:46:33 - [TEST_STEP][PASSED] - for ([j = 0, j &lt; symbols.size(), (j++)]): null

2019-08-24 12:46:33 - [TEST_STEP][PASSED] - symbol = symbol: null

2019-08-24 12:46:33 - [TEST_STEP][PASSED] - println(symbol): null

2019-08-24 12:46:33 - [TEST_STEP][PASSED] - if (i == 2 &amp;&amp; wildList.indexOf(symbol) != -1): null

2019-08-24 12:46:33 - [TEST_STEP][PASSED] - if (i == 3 &amp;&amp; wildList.indexOf(symbol) != -1): null

2019-08-24 12:46:33 - [TEST_STEP][PASSED] - if (i == 4 &amp;&amp; wildList.indexOf(symbol) != -1): null

2019-08-24 12:46:33 - [TEST_STEP][PASSED] - symbol = symbol: null

2019-08-24 12:46:33 - [TEST_STEP][PASSED] - println(symbol): null

2019-08-24 12:46:33 - [TEST_STEP][PASSED] - if (i == 2 &amp;&amp; wildList.indexOf(symbol) != -1): null

2019-08-24 12:46:33 - [TEST_STEP][PASSED] - if (i == 3 &amp;&amp; wildList.indexOf(symbol) != -1): null

2019-08-24 12:46:33 - [TEST_STEP][PASSED] - if (i == 4 &amp;&amp; wildList.indexOf(symbol) != -1): null

2019-08-24 12:46:33 - [TEST_STEP][PASSED] - symbol = symbol: null

2019-08-24 12:46:33 - [TEST_STEP][PASSED] - println(symbol): null

2019-08-24 12:46:33 - [TEST_STEP][PASSED] - if (i == 2 &amp;&amp; wildList.indexOf(symbol) != -1): null

2019-08-24 12:46:33 - [TEST_STEP][PASSED] - if (i == 3 &amp;&amp; wildList.indexOf(symbol) != -1): null

2019-08-24 12:46:33 - [TEST_STEP][PASSED] - if (i == 4 &amp;&amp; wildList.indexOf(symbol) != -1): null

2019-08-24 12:46:33 - [TEST_STEP][PASSED] - symbols = symbols: null

2019-08-24 12:46:33 - [TEST_STEP][PASSED] - for ([j = 0, j &lt; symbols.size(), (j++)]): null

2019-08-24 12:46:33 - [TEST_STEP][PASSED] - symbol = symbol: null

2019-08-24 12:46:33 - [TEST_STEP][PASSED] - println(symbol): null

2019-08-24 12:46:33 - [TEST_STEP][PASSED] - if (i == 2 &amp;&amp; wildList.indexOf(symbol) != -1): null

2019-08-24 12:46:33 - [TEST_STEP][PASSED] - if (i == 3 &amp;&amp; wildList.indexOf(symbol) != -1): null

2019-08-24 12:46:33 - [TEST_STEP][PASSED] - if (i == 4 &amp;&amp; wildList.indexOf(symbol) != -1): null

2019-08-24 12:46:33 - [TEST_STEP][PASSED] - symbol = symbol: null

2019-08-24 12:46:33 - [TEST_STEP][PASSED] - println(symbol): null

2019-08-24 12:46:33 - [TEST_STEP][PASSED] - if (i == 2 &amp;&amp; wildList.indexOf(symbol) != -1): null

2019-08-24 12:46:33 - [TEST_STEP][PASSED] - if (i == 3 &amp;&amp; wildList.indexOf(symbol) != -1): null

2019-08-24 12:46:33 - [TEST_STEP][PASSED] - if (i == 4 &amp;&amp; wildList.indexOf(symbol) != -1): null

2019-08-24 12:46:33 - [TEST_STEP][PASSED] - symbol = symbol: null

2019-08-24 12:46:33 - [TEST_STEP][PASSED] - println(symbol): null

2019-08-24 12:46:33 - [TEST_STEP][PASSED] - if (i == 2 &amp;&amp; wildList.indexOf(symbol) != -1): null

2019-08-24 12:46:33 - [TEST_STEP][PASSED] - if (i == 3 &amp;&amp; wildList.indexOf(symbol) != -1): null

2019-08-24 12:46:33 - [TEST_STEP][PASSED] - if (i == 4 &amp;&amp; wildList.indexOf(symbol) != -1): null

2019-08-24 12:46:33 - [TEST_STEP][PASSED] - symbols = symbols: null

2019-08-24 12:46:33 - [TEST_STEP][PASSED] - for ([j = 0, j &lt; symbols.size(), (j++)]): null

2019-08-24 12:46:33 - [TEST_STEP][PASSED] - symbol = symbol: null

2019-08-24 12:46:33 - [TEST_STEP][PASSED] - println(symbol): null

2019-08-24 12:46:33 - [TEST_STEP][PASSED] - if (i == 2 &amp;&amp; wildList.indexOf(symbol) != -1): null

2019-08-24 12:46:33 - [TEST_STEP][PASSED] - if (i == 3 &amp;&amp; wildList.indexOf(symbol) != -1): null

2019-08-24 12:46:33 - [TEST_STEP][PASSED] - if (i == 4 &amp;&amp; wildList.indexOf(symbol) != -1): null

2019-08-24 12:46:33 - [TEST_STEP][PASSED] - symbol = symbol: null

2019-08-24 12:46:33 - [TEST_STEP][PASSED] - println(symbol): null

2019-08-24 12:46:33 - [TEST_STEP][PASSED] - if (i == 2 &amp;&amp; wildList.indexOf(symbol) != -1): null

2019-08-24 12:46:33 - [TEST_STEP][PASSED] - if (i == 3 &amp;&amp; wildList.indexOf(symbol) != -1): null

2019-08-24 12:46:33 - [TEST_STEP][PASSED] - if (i == 4 &amp;&amp; wildList.indexOf(symbol) != -1): null

2019-08-24 12:46:33 - [TEST_STEP][PASSED] - symbol = symbol: null

2019-08-24 12:46:33 - [TEST_STEP][PASSED] - println(symbol): null

2019-08-24 12:46:33 - [TEST_STEP][PASSED] - if (i == 2 &amp;&amp; wildList.indexOf(symbol) != -1): null

2019-08-24 12:46:33 - [TEST_STEP][PASSED] - if (i == 3 &amp;&amp; wildList.indexOf(symbol) != -1): null

2019-08-24 12:46:33 - [TEST_STEP][PASSED] - if (i == 4 &amp;&amp; wildList.indexOf(symbol) != -1): null

2019-08-24 12:46:33 - [TEST_STEP][PASSED] - free_spin_reel_counter = free_spin_reel_counter: null

2019-08-24 12:46:33 - [TEST_STEP][PASSED] - println("reel 3 wild found: " + free_spin_reel_counter[0]): null

2019-08-24 12:46:33 - [TEST_STEP][PASSED] - println("reel 4 wild found: " + free_spin_reel_counter[1]): null

2019-08-24 12:46:33 - [TEST_STEP][PASSED] - println("reel 5 wild found: " + free_spin_reel_counter[2]): null

2019-08-24 12:46:33 - [TEST_STEP][PASSED] - M4_spin_reels = M4_spin_reels: null

2019-08-24 12:46:33 - [TEST_STEP][PASSED] - M4_spin_reels_symbols = symbol: null

2019-08-24 12:46:33 - [TEST_STEP][PASSED] - M4_spin_reels_symbols = M4_spin_reels_symbols: null

2019-08-24 12:46:33 - [TEST_STEP][PASSED] - M4_spin_reel_wins = reel_wins: null

2019-08-24 12:46:33 - [TEST_STEP][PASSED] - M4_spin_reel_wins = M4_spin_reel_wins: null

2019-08-24 12:46:33 - [TEST_STEP][PASSED] - println("GlobalVariable.M4_spin_reel_wins is: " + M4_spin_reel_wins): null

2019-08-24 12:46:33 - [TEST_STEP][PASSED] - M4_spin_total_bonus_win_this_round = total_bonus_win_this_round: null

2019-08-24 12:46:33 - [TEST_STEP][PASSED] - M4_spin_total_bonus_win_this_round = M4_spin_total_bonus_win_this_round: null

2019-08-24 12:46:33 - [TEST_STEP][PASSED] - println("GlobalVariable.M4_spin_total_bonus_win_this_round is: " + M4_spin_total_bonus_win_this_round): null

2019-08-24 12:46:33 - [TEST_STEP][PASSED] - M4_spin_bonus_spin_result = spin_result: null

2019-08-24 12:46:33 - [TEST_STEP][PASSED] - M4_spin_bonus_spin_result = M4_spin_bonus_spin_result: null

2019-08-24 12:46:33 - [MESSAGE][PASSED] - Verify response successfully

2019-08-24 12:46:33 - [MESSAGE][PASSED] - Send request and verify the response successfully

2019-08-24 12:46:33 - [TEST_STEP][PASSED] - if (M4_total_bonus_spins_int != 0 &amp;&amp; M4_spin_reels_symbols[2].contains("WILD_Double") || M4_spin_reels_symbols[4].contains("WILD_Triple")): null

2019-08-24 12:46:33 - [TEST_STEP][PASSED] - free_spin_reel_counter = free_spin_reel_counter: null

2019-08-24 12:46:33 - [TEST_STEP][PASSED] - M4_spin_reels_symbols = M4_spin_reels_symbols: null

2019-08-24 12:46:33 - [TEST_STEP][PASSED] - M4_total_bonus_spins = M4_total_bonus_spins: null

2019-08-24 12:46:33 - [TEST_STEP][PASSED] - spin_result = sendRequestAndVerify(findTestObject("INT/RGS(M4)/1_M4_spin", ["M4_login_user_id":M4_login_user_id, "rgs_session_token":rgs_session_token, "partner":Partner])): Send request and verify the response successfully

2019-08-24 12:46:33 - [MESSAGE][INFO] - HAR: /Users/eiralee/Katalon_Script/SuperWild/Reports/20190824_124242/INT/superWild_4/20190824_124242/requests/main/73.har

2019-08-24 12:46:33 - [TEST_CASE][PASSED] - Start Test Case : Verification: Verification accomplished successfully

2019-08-24 12:46:33 - [TEST_STEP][PASSED] - request = getInstance().getCurrentRequest(): null

2019-08-24 12:46:33 - [TEST_STEP][PASSED] - response = getInstance().getCurrentResponse(): null

2019-08-24 12:46:33 - [TEST_STEP][PASSED] - verifyResponseStatusCode(response, 200): Verify response status code successfully

2019-08-24 12:46:33 - [MESSAGE][PASSED] - Verify response status code successfully

2019-08-24 12:46:33 - [TEST_STEP][PASSED] - getStatusCode()).isEqualTo(200): null

2019-08-24 12:46:33 - [TEST_STEP][PASSED] - newline = System.getProperty("line.separator"): null

2019-08-24 12:46:33 - [TEST_STEP][PASSED] - M4_spin = new groovy.json.JsonSlurper(): null

2019-08-24 12:46:33 - [TEST_STEP][PASSED] - result_M4_spin = M4_spin.parseText(response.getResponseBodyContent()): null

2019-08-24 12:46:33 - [TEST_STEP][PASSED] - M4_spin_current_balance = current_balance: null

2019-08-24 12:46:33 - [TEST_STEP][PASSED] - M4_spin_current_balance = M4_spin_current_balance: null

2019-08-24 12:46:33 - [TEST_STEP][PASSED] - M4_spin_transaction_id = causality: null

2019-08-24 12:46:33 - [TEST_STEP][PASSED] - M4_spin_transaction_id = M4_spin_transaction_id: null

2019-08-24 12:46:33 - [TEST_STEP][PASSED] - M4_spin_round_id = round_id: null

2019-08-24 12:46:33 - [TEST_STEP][PASSED] - M4_spin_round_id = M4_spin_round_id: null

2019-08-24 12:46:33 - [TEST_STEP][PASSED] - M4_spin_line_wins = line_wins: null

2019-08-24 12:46:33 - [TEST_STEP][PASSED] - M4_spin_line_wins = M4_spin_line_wins: null

2019-08-24 12:46:33 - [TEST_STEP][PASSED] - M4_total_bonus_spins_int = total_bonus_spins: null

2019-08-24 12:46:33 - [TEST_STEP][PASSED] - println("******M4_total_bonus_spins type is:*******" + newline + getClass().getName()): null

2019-08-24 12:46:33 - [TEST_STEP][PASSED] - M4_total_bonus_spins_int = M4_total_bonus_spins_int: null

2019-08-24 12:46:33 - [TEST_STEP][PASSED] - M4_total_bonus_spins = Integer.toString(M4_total_bonus_spins_int): null

2019-08-24 12:46:33 - [TEST_STEP][PASSED] - M4_total_bonus_spins = M4_total_bonus_spins: null

2019-08-24 12:46:33 - [TEST_STEP][PASSED] - println("M4_total_bonus_spins is:" + M4_total_bonus_spins): null

2019-08-24 12:46:33 - [TEST_STEP][PASSED] - M4_spin_bonus_data = bonus_data: null

2019-08-24 12:46:33 - [TEST_STEP][PASSED] - M4_spin_features_triggered = result_M4_spin: null

2019-08-24 12:46:33 - [TEST_STEP][PASSED] - wild = []: null

2019-08-24 12:46:33 - [TEST_STEP][PASSED] - wild[0] = "WILD_Expanding": null

2019-08-24 12:46:33 - [TEST_STEP][PASSED] - wild[1] = "WILD_Normal": null

2019-08-24 12:46:33 - [TEST_STEP][PASSED] - wild[2] = "WILD_Double": null

2019-08-24 12:46:33 - [TEST_STEP][PASSED] - wild[3] = "WILD_ExtraFG": null

2019-08-24 12:46:33 - [TEST_STEP][PASSED] - wild[4] = "WILD_Triple": null

2019-08-24 12:46:33 - [TEST_STEP][PASSED] - wildList = Arrays.asList(wild): null

2019-08-24 12:46:33 - [TEST_STEP][PASSED] - wildList = wildList: null

2019-08-24 12:46:33 - [TEST_STEP][PASSED] - free_spin_reel_counter = []: null

2019-08-24 12:46:33 - [TEST_STEP][PASSED] - free_spin_reel_counter[0] = 0: null

2019-08-24 12:46:33 - [TEST_STEP][PASSED] - free_spin_reel_counter[1] = 0: null

2019-08-24 12:46:33 - [TEST_STEP][PASSED] - free_spin_reel_counter[2] = 0: null

2019-08-24 12:46:33 - [TEST_STEP][PASSED] - M4_spin_reels = reels: null

2019-08-24 12:46:33 - [TEST_STEP][PASSED] - for ([i = 0, i &lt; M4_spin_reels.size(), (i++)]): null

2019-08-24 12:46:33 - [TEST_STEP][PASSED] - symbols = symbols: null

2019-08-24 12:46:33 - [TEST_STEP][PASSED] - for ([j = 0, j &lt; symbols.size(), (j++)]): null

2019-08-24 12:46:33 - [TEST_STEP][PASSED] - symbol = symbol: null

2019-08-24 12:46:33 - [TEST_STEP][PASSED] - println(symbol): null

2019-08-24 12:46:33 - [TEST_STEP][PASSED] - if (i == 2 &amp;&amp; wildList.indexOf(symbol) != -1): null

2019-08-24 12:46:33 - [TEST_STEP][PASSED] - if (i == 3 &amp;&amp; wildList.indexOf(symbol) != -1): null

2019-08-24 12:46:33 - [TEST_STEP][PASSED] - if (i == 4 &amp;&amp; wildList.indexOf(symbol) != -1): null

2019-08-24 12:46:33 - [TEST_STEP][PASSED] - symbol = symbol: null

2019-08-24 12:46:33 - [TEST_STEP][PASSED] - println(symbol): null

2019-08-24 12:46:33 - [TEST_STEP][PASSED] - if (i == 2 &amp;&amp; wildList.indexOf(symbol) != -1): null

2019-08-24 12:46:33 - [TEST_STEP][PASSED] - if (i == 3 &amp;&amp; wildList.indexOf(symbol) != -1): null

2019-08-24 12:46:33 - [TEST_STEP][PASSED] - if (i == 4 &amp;&amp; wildList.indexOf(symbol) != -1): null

2019-08-24 12:46:33 - [TEST_STEP][PASSED] - symbol = symbol: null

2019-08-24 12:46:33 - [TEST_STEP][PASSED] - println(symbol): null

2019-08-24 12:46:33 - [TEST_STEP][PASSED] - if (i == 2 &amp;&amp; wildList.indexOf(symbol) != -1): null

2019-08-24 12:46:33 - [TEST_STEP][PASSED] - if (i == 3 &amp;&amp; wildList.indexOf(symbol) != -1): null

2019-08-24 12:46:33 - [TEST_STEP][PASSED] - if (i == 4 &amp;&amp; wildList.indexOf(symbol) != -1): null

2019-08-24 12:46:33 - [TEST_STEP][PASSED] - symbols = symbols: null

2019-08-24 12:46:33 - [TEST_STEP][PASSED] - for ([j = 0, j &lt; symbols.size(), (j++)]): null

2019-08-24 12:46:33 - [TEST_STEP][PASSED] - symbol = symbol: null

2019-08-24 12:46:33 - [TEST_STEP][PASSED] - println(symbol): null

2019-08-24 12:46:33 - [TEST_STEP][PASSED] - if (i == 2 &amp;&amp; wildList.indexOf(symbol) != -1): null

2019-08-24 12:46:33 - [TEST_STEP][PASSED] - if (i == 3 &amp;&amp; wildList.indexOf(symbol) != -1): null

2019-08-24 12:46:33 - [TEST_STEP][PASSED] - if (i == 4 &amp;&amp; wildList.indexOf(symbol) != -1): null

2019-08-24 12:46:33 - [TEST_STEP][PASSED] - symbol = symbol: null

2019-08-24 12:46:33 - [TEST_STEP][PASSED] - println(symbol): null

2019-08-24 12:46:33 - [TEST_STEP][PASSED] - if (i == 2 &amp;&amp; wildList.indexOf(symbol) != -1): null

2019-08-24 12:46:33 - [TEST_STEP][PASSED] - if (i == 3 &amp;&amp; wildList.indexOf(symbol) != -1): null

2019-08-24 12:46:33 - [TEST_STEP][PASSED] - if (i == 4 &amp;&amp; wildList.indexOf(symbol) != -1): null

2019-08-24 12:46:33 - [TEST_STEP][PASSED] - symbol = symbol: null

2019-08-24 12:46:33 - [TEST_STEP][PASSED] - println(symbol): null

2019-08-24 12:46:33 - [TEST_STEP][PASSED] - if (i == 2 &amp;&amp; wildList.indexOf(symbol) != -1): null

2019-08-24 12:46:33 - [TEST_STEP][PASSED] - if (i == 3 &amp;&amp; wildList.indexOf(symbol) != -1): null

2019-08-24 12:46:33 - [TEST_STEP][PASSED] - if (i == 4 &amp;&amp; wildList.indexOf(symbol) != -1): null

2019-08-24 12:46:33 - [TEST_STEP][PASSED] - symbols = symbols: null

2019-08-24 12:46:33 - [TEST_STEP][PASSED] - for ([j = 0, j &lt; symbols.size(), (j++)]): null

2019-08-24 12:46:33 - [TEST_STEP][PASSED] - symbol = symbol: null

2019-08-24 12:46:33 - [TEST_STEP][PASSED] - println(symbol): null

2019-08-24 12:46:33 - [TEST_STEP][PASSED] - if (i == 2 &amp;&amp; wildList.indexOf(symbol) != -1): null

2019-08-24 12:46:33 - [TEST_STEP][PASSED] - if (i == 3 &amp;&amp; wildList.indexOf(symbol) != -1): null

2019-08-24 12:46:33 - [TEST_STEP][PASSED] - if (i == 4 &amp;&amp; wildList.indexOf(symbol) != -1): null

2019-08-24 12:46:33 - [TEST_STEP][PASSED] - symbol = symbol: null

2019-08-24 12:46:33 - [TEST_STEP][PASSED] - println(symbol): null

2019-08-24 12:46:33 - [TEST_STEP][PASSED] - if (i == 2 &amp;&amp; wildList.indexOf(symbol) != -1): null

2019-08-24 12:46:33 - [TEST_STEP][PASSED] - if (i == 3 &amp;&amp; wildList.indexOf(symbol) != -1): null

2019-08-24 12:46:33 - [TEST_STEP][PASSED] - if (i == 4 &amp;&amp; wildList.indexOf(symbol) != -1): null

2019-08-24 12:46:33 - [TEST_STEP][PASSED] - symbol = symbol: null

2019-08-24 12:46:33 - [TEST_STEP][PASSED] - println(symbol): null

2019-08-24 12:46:33 - [TEST_STEP][PASSED] - if (i == 2 &amp;&amp; wildList.indexOf(symbol) != -1): null

2019-08-24 12:46:33 - [TEST_STEP][PASSED] - if (i == 3 &amp;&amp; wildList.indexOf(symbol) != -1): null

2019-08-24 12:46:33 - [TEST_STEP][PASSED] - if (i == 4 &amp;&amp; wildList.indexOf(symbol) != -1): null

2019-08-24 12:46:33 - [TEST_STEP][PASSED] - symbols = symbols: null

2019-08-24 12:46:33 - [TEST_STEP][PASSED] - for ([j = 0, j &lt; symbols.size(), (j++)]): null

2019-08-24 12:46:33 - [TEST_STEP][PASSED] - symbol = symbol: null

2019-08-24 12:46:37 - [TEST_STEP][PASSED] - println(symbol): null

2019-08-24 12:46:37 - [TEST_STEP][PASSED] - if (i == 2 &amp;&amp; wildList.indexOf(symbol) != -1): null

2019-08-24 12:46:37 - [TEST_STEP][PASSED] - if (i == 3 &amp;&amp; wildList.indexOf(symbol) != -1): null

2019-08-24 12:46:37 - [TEST_STEP][PASSED] - if (i == 4 &amp;&amp; wildList.indexOf(symbol) != -1): null

2019-08-24 12:46:37 - [TEST_STEP][PASSED] - symbol = symbol: null

2019-08-24 12:46:37 - [TEST_STEP][PASSED] - println(symbol): null

2019-08-24 12:46:37 - [TEST_STEP][PASSED] - if (i == 2 &amp;&amp; wildList.indexOf(symbol) != -1): null

2019-08-24 12:46:37 - [TEST_STEP][PASSED] - if (i == 3 &amp;&amp; wildList.indexOf(symbol) != -1): null

2019-08-24 12:46:37 - [TEST_STEP][PASSED] - if (i == 4 &amp;&amp; wildList.indexOf(symbol) != -1): null

2019-08-24 12:46:37 - [TEST_STEP][PASSED] - symbol = symbol: null

2019-08-24 12:46:37 - [TEST_STEP][PASSED] - println(symbol): null

2019-08-24 12:46:40 - [TEST_STEP][PASSED] - if (i == 2 &amp;&amp; wildList.indexOf(symbol) != -1): null

2019-08-24 12:46:40 - [TEST_STEP][PASSED] - if (i == 3 &amp;&amp; wildList.indexOf(symbol) != -1): null

2019-08-24 12:46:40 - [TEST_STEP][PASSED] - println("wild found on reel 4, adding counter by 1"): null

2019-08-24 12:46:40 - [TEST_STEP][PASSED] - free_spin_reel_counter[1] = free_spin_reel_counter[1] + 1: null

2019-08-24 12:46:40 - [TEST_STEP][PASSED] - if (i == 4 &amp;&amp; wildList.indexOf(symbol) != -1): null

2019-08-24 12:46:40 - [TEST_STEP][PASSED] - symbols = symbols: null

2019-08-24 12:46:40 - [TEST_STEP][PASSED] - for ([j = 0, j &lt; symbols.size(), (j++)]): null

2019-08-24 12:46:40 - [TEST_STEP][PASSED] - symbol = symbol: null

2019-08-24 12:46:40 - [TEST_STEP][PASSED] - println(symbol): null

2019-08-24 12:46:40 - [TEST_STEP][PASSED] - if (i == 2 &amp;&amp; wildList.indexOf(symbol) != -1): null

2019-08-24 12:46:40 - [TEST_STEP][PASSED] - if (i == 3 &amp;&amp; wildList.indexOf(symbol) != -1): null

2019-08-24 12:46:40 - [TEST_STEP][PASSED] - if (i == 4 &amp;&amp; wildList.indexOf(symbol) != -1): null

2019-08-24 12:46:40 - [TEST_STEP][PASSED] - symbol = symbol: null

2019-08-24 12:46:40 - [TEST_STEP][PASSED] - println(symbol): null

2019-08-24 12:46:40 - [TEST_STEP][PASSED] - if (i == 2 &amp;&amp; wildList.indexOf(symbol) != -1): null

2019-08-24 12:46:40 - [TEST_STEP][PASSED] - if (i == 3 &amp;&amp; wildList.indexOf(symbol) != -1): null

2019-08-24 12:46:40 - [TEST_STEP][PASSED] - if (i == 4 &amp;&amp; wildList.indexOf(symbol) != -1): null

2019-08-24 12:46:40 - [TEST_STEP][PASSED] - symbol = symbol: null

2019-08-24 12:46:40 - [TEST_STEP][PASSED] - println(symbol): null

2019-08-24 12:46:40 - [TEST_STEP][PASSED] - if (i == 2 &amp;&amp; wildList.indexOf(symbol) != -1): null

2019-08-24 12:46:40 - [TEST_STEP][PASSED] - if (i == 3 &amp;&amp; wildList.indexOf(symbol) != -1): null

2019-08-24 12:46:40 - [TEST_STEP][PASSED] - if (i == 4 &amp;&amp; wildList.indexOf(symbol) != -1): null

2019-08-24 12:46:40 - [TEST_STEP][PASSED] - free_spin_reel_counter = free_spin_reel_counter: null

2019-08-24 12:46:40 - [TEST_STEP][PASSED] - println("reel 3 wild found: " + free_spin_reel_counter[0]): null

2019-08-24 12:46:40 - [TEST_STEP][PASSED] - println("reel 4 wild found: " + free_spin_reel_counter[1]): null

2019-08-24 12:46:40 - [TEST_STEP][PASSED] - println("reel 5 wild found: " + free_spin_reel_counter[2]): null

2019-08-24 12:46:40 - [TEST_STEP][PASSED] - M4_spin_reels = M4_spin_reels: null

2019-08-24 12:46:40 - [TEST_STEP][PASSED] - M4_spin_reels_symbols = symbol: null

2019-08-24 12:46:40 - [TEST_STEP][PASSED] - M4_spin_reels_symbols = M4_spin_reels_symbols: null

2019-08-24 12:46:40 - [TEST_STEP][PASSED] - M4_spin_reel_wins = reel_wins: null

2019-08-24 12:46:40 - [TEST_STEP][PASSED] - M4_spin_reel_wins = M4_spin_reel_wins: null

2019-08-24 12:46:40 - [TEST_STEP][PASSED] - println("GlobalVariable.M4_spin_reel_wins is: " + M4_spin_reel_wins): null

2019-08-24 12:46:40 - [TEST_STEP][PASSED] - M4_spin_total_bonus_win_this_round = total_bonus_win_this_round: null

2019-08-24 12:46:40 - [TEST_STEP][PASSED] - M4_spin_total_bonus_win_this_round = M4_spin_total_bonus_win_this_round: null

2019-08-24 12:46:40 - [TEST_STEP][PASSED] - println("GlobalVariable.M4_spin_total_bonus_win_this_round is: " + M4_spin_total_bonus_win_this_round): null

2019-08-24 12:46:40 - [TEST_STEP][PASSED] - M4_spin_bonus_spin_result = spin_result: null

2019-08-24 12:46:40 - [TEST_STEP][PASSED] - M4_spin_bonus_spin_result = M4_spin_bonus_spin_result: null

2019-08-24 12:46:40 - [MESSAGE][PASSED] - Verify response successfully

2019-08-24 12:46:40 - [MESSAGE][PASSED] - Send request and verify the response successfully

2019-08-24 12:46:40 - [TEST_STEP][PASSED] - if (M4_total_bonus_spins_int != 0 &amp;&amp; M4_spin_reels_symbols[2].contains("WILD_Double") || M4_spin_reels_symbols[4].contains("WILD_Triple")): null

2019-08-24 12:46:40 - [TEST_STEP][PASSED] - free_spin_reel_counter = free_spin_reel_counter: null

2019-08-24 12:46:40 - [TEST_STEP][PASSED] - M4_spin_reels_symbols = M4_spin_reels_symbols: null

2019-08-24 12:46:40 - [TEST_STEP][PASSED] - M4_total_bonus_spins = M4_total_bonus_spins: null

2019-08-24 12:46:40 - [TEST_STEP][PASSED] - spin_result = sendRequestAndVerify(findTestObject("INT/RGS(M4)/1_M4_spin", ["M4_login_user_id":M4_login_user_id, "rgs_session_token":rgs_session_token, "partner":Partner])): Send request and verify the response successfully

2019-08-24 12:46:40 - [MESSAGE][INFO] - HAR: /Users/eiralee/Katalon_Script/SuperWild/Reports/20190824_124242/INT/superWild_4/20190824_124242/requests/main/74.har

2019-08-24 12:46:40 - [TEST_CASE][PASSED] - Start Test Case : Verification: Verification accomplished successfully

2019-08-24 12:46:40 - [TEST_STEP][PASSED] - request = getInstance().getCurrentRequest(): null

2019-08-24 12:46:40 - [TEST_STEP][PASSED] - response = getInstance().getCurrentResponse(): null

2019-08-24 12:46:40 - [TEST_STEP][PASSED] - verifyResponseStatusCode(response, 200): Verify response status code successfully

2019-08-24 12:46:40 - [MESSAGE][PASSED] - Verify response status code successfully

2019-08-24 12:46:40 - [TEST_STEP][PASSED] - getStatusCode()).isEqualTo(200): null

2019-08-24 12:46:40 - [TEST_STEP][PASSED] - newline = System.getProperty("line.separator"): null

2019-08-24 12:46:40 - [TEST_STEP][PASSED] - M4_spin = new groovy.json.JsonSlurper(): null

2019-08-24 12:46:40 - [TEST_STEP][PASSED] - result_M4_spin = M4_spin.parseText(response.getResponseBodyContent()): null

2019-08-24 12:46:40 - [TEST_STEP][PASSED] - M4_spin_current_balance = current_balance: null

2019-08-24 12:46:40 - [TEST_STEP][PASSED] - M4_spin_current_balance = M4_spin_current_balance: null

2019-08-24 12:46:40 - [TEST_STEP][PASSED] - M4_spin_transaction_id = causality: null

2019-08-24 12:46:40 - [TEST_STEP][PASSED] - M4_spin_transaction_id = M4_spin_transaction_id: null

2019-08-24 12:46:40 - [TEST_STEP][PASSED] - M4_spin_round_id = round_id: null

2019-08-24 12:46:40 - [TEST_STEP][PASSED] - M4_spin_round_id = M4_spin_round_id: null

2019-08-24 12:46:40 - [TEST_STEP][PASSED] - M4_spin_line_wins = line_wins: null

2019-08-24 12:46:40 - [TEST_STEP][PASSED] - M4_spin_line_wins = M4_spin_line_wins: null

2019-08-24 12:46:40 - [TEST_STEP][PASSED] - M4_total_bonus_spins_int = total_bonus_spins: null

2019-08-24 12:46:40 - [TEST_STEP][PASSED] - println("******M4_total_bonus_spins type is:*******" + newline + getClass().getName()): null

2019-08-24 12:46:40 - [TEST_STEP][PASSED] - M4_total_bonus_spins_int = M4_total_bonus_spins_int: null

2019-08-24 12:46:40 - [TEST_STEP][PASSED] - M4_total_bonus_spins = Integer.toString(M4_total_bonus_spins_int): null

2019-08-24 12:46:40 - [TEST_STEP][PASSED] - M4_total_bonus_spins = M4_total_bonus_spins: null

2019-08-24 12:46:40 - [TEST_STEP][PASSED] - println("M4_total_bonus_spins is:" + M4_total_bonus_spins): null

2019-08-24 12:46:40 - [TEST_STEP][PASSED] - M4_spin_bonus_data = bonus_data: null

2019-08-24 12:46:40 - [TEST_STEP][PASSED] - M4_spin_features_triggered = result_M4_spin: null

2019-08-24 12:46:40 - [TEST_STEP][PASSED] - wild = []: null

2019-08-24 12:46:40 - [TEST_STEP][PASSED] - wild[0] = "WILD_Expanding": null

2019-08-24 12:46:40 - [TEST_STEP][PASSED] - wild[1] = "WILD_Normal": null

2019-08-24 12:46:40 - [TEST_STEP][PASSED] - wild[2] = "WILD_Double": null

2019-08-24 12:46:40 - [TEST_STEP][PASSED] - wild[3] = "WILD_ExtraFG": null

2019-08-24 12:46:40 - [TEST_STEP][PASSED] - wild[4] = "WILD_Triple": null

2019-08-24 12:46:40 - [TEST_STEP][PASSED] - wildList = Arrays.asList(wild): null

2019-08-24 12:46:40 - [TEST_STEP][PASSED] - wildList = wildList: null

2019-08-24 12:46:40 - [TEST_STEP][PASSED] - free_spin_reel_counter = []: null

2019-08-24 12:46:40 - [TEST_STEP][PASSED] - free_spin_reel_counter[0] = 0: null

2019-08-24 12:46:40 - [TEST_STEP][PASSED] - free_spin_reel_counter[1] = 0: null

2019-08-24 12:46:40 - [TEST_STEP][PASSED] - free_spin_reel_counter[2] = 0: null

2019-08-24 12:46:40 - [TEST_STEP][PASSED] - M4_spin_reels = reels: null

2019-08-24 12:46:40 - [TEST_STEP][PASSED] - for ([i = 0, i &lt; M4_spin_reels.size(), (i++)]): null

2019-08-24 12:46:40 - [TEST_STEP][PASSED] - symbols = symbols: null

2019-08-24 12:46:40 - [TEST_STEP][PASSED] - for ([j = 0, j &lt; symbols.size(), (j++)]): null

2019-08-24 12:46:40 - [TEST_STEP][PASSED] - symbol = symbol: null

2019-08-24 12:46:40 - [TEST_STEP][PASSED] - println(symbol): null

2019-08-24 12:46:40 - [TEST_STEP][PASSED] - if (i == 2 &amp;&amp; wildList.indexOf(symbol) != -1): null

2019-08-24 12:46:40 - [TEST_STEP][PASSED] - if (i == 3 &amp;&amp; wildList.indexOf(symbol) != -1): null

2019-08-24 12:46:40 - [TEST_STEP][PASSED] - if (i == 4 &amp;&amp; wildList.indexOf(symbol) != -1): null

2019-08-24 12:46:40 - [TEST_STEP][PASSED] - symbol = symbol: null

2019-08-24 12:46:40 - [TEST_STEP][PASSED] - println(symbol): null

2019-08-24 12:46:40 - [TEST_STEP][PASSED] - if (i == 2 &amp;&amp; wildList.indexOf(symbol) != -1): null

2019-08-24 12:46:40 - [TEST_STEP][PASSED] - if (i == 3 &amp;&amp; wildList.indexOf(symbol) != -1): null

2019-08-24 12:46:40 - [TEST_STEP][PASSED] - if (i == 4 &amp;&amp; wildList.indexOf(symbol) != -1): null

2019-08-24 12:46:40 - [TEST_STEP][PASSED] - symbol = symbol: null

2019-08-24 12:46:40 - [TEST_STEP][PASSED] - println(symbol): null

2019-08-24 12:46:40 - [TEST_STEP][PASSED] - if (i == 2 &amp;&amp; wildList.indexOf(symbol) != -1): null

2019-08-24 12:46:40 - [TEST_STEP][PASSED] - if (i == 3 &amp;&amp; wildList.indexOf(symbol) != -1): null

2019-08-24 12:46:40 - [TEST_STEP][PASSED] - if (i == 4 &amp;&amp; wildList.indexOf(symbol) != -1): null

2019-08-24 12:46:40 - [TEST_STEP][PASSED] - symbols = symbols: null

2019-08-24 12:46:40 - [TEST_STEP][PASSED] - for ([j = 0, j &lt; symbols.size(), (j++)]): null

2019-08-24 12:46:40 - [TEST_STEP][PASSED] - symbol = symbol: null

2019-08-24 12:46:40 - [TEST_STEP][PASSED] - println(symbol): null

2019-08-24 12:46:40 - [TEST_STEP][PASSED] - if (i == 2 &amp;&amp; wildList.indexOf(symbol) != -1): null

2019-08-24 12:46:40 - [TEST_STEP][PASSED] - if (i == 3 &amp;&amp; wildList.indexOf(symbol) != -1): null

2019-08-24 12:46:40 - [TEST_STEP][PASSED] - if (i == 4 &amp;&amp; wildList.indexOf(symbol) != -1): null

2019-08-24 12:46:40 - [TEST_STEP][PASSED] - symbol = symbol: null

2019-08-24 12:46:40 - [TEST_STEP][PASSED] - println(symbol): null

2019-08-24 12:46:40 - [TEST_STEP][PASSED] - if (i == 2 &amp;&amp; wildList.indexOf(symbol) != -1): null

2019-08-24 12:46:40 - [TEST_STEP][PASSED] - if (i == 3 &amp;&amp; wildList.indexOf(symbol) != -1): null

2019-08-24 12:46:40 - [TEST_STEP][PASSED] - if (i == 4 &amp;&amp; wildList.indexOf(symbol) != -1): null

2019-08-24 12:46:40 - [TEST_STEP][PASSED] - symbol = symbol: null

2019-08-24 12:46:40 - [TEST_STEP][PASSED] - println(symbol): null

2019-08-24 12:46:40 - [TEST_STEP][PASSED] - if (i == 2 &amp;&amp; wildList.indexOf(symbol) != -1): null

2019-08-24 12:46:40 - [TEST_STEP][PASSED] - if (i == 3 &amp;&amp; wildList.indexOf(symbol) != -1): null

2019-08-24 12:46:40 - [TEST_STEP][PASSED] - if (i == 4 &amp;&amp; wildList.indexOf(symbol) != -1): null

2019-08-24 12:46:40 - [TEST_STEP][PASSED] - symbols = symbols: null

2019-08-24 12:46:40 - [TEST_STEP][PASSED] - for ([j = 0, j &lt; symbols.size(), (j++)]): null

2019-08-24 12:46:40 - [TEST_STEP][PASSED] - symbol = symbol: null

2019-08-24 12:46:40 - [TEST_STEP][PASSED] - println(symbol): null

2019-08-24 12:46:40 - [TEST_STEP][PASSED] - if (i == 2 &amp;&amp; wildList.indexOf(symbol) != -1): null

2019-08-24 12:46:40 - [TEST_STEP][PASSED] - if (i == 3 &amp;&amp; wildList.indexOf(symbol) != -1): null

2019-08-24 12:46:40 - [TEST_STEP][PASSED] - if (i == 4 &amp;&amp; wildList.indexOf(symbol) != -1): null

2019-08-24 12:46:40 - [TEST_STEP][PASSED] - symbol = symbol: null

2019-08-24 12:46:40 - [TEST_STEP][PASSED] - println(symbol): null

2019-08-24 12:46:40 - [TEST_STEP][PASSED] - if (i == 2 &amp;&amp; wildList.indexOf(symbol) != -1): null

2019-08-24 12:46:40 - [TEST_STEP][PASSED] - if (i == 3 &amp;&amp; wildList.indexOf(symbol) != -1): null

2019-08-24 12:46:40 - [TEST_STEP][PASSED] - if (i == 4 &amp;&amp; wildList.indexOf(symbol) != -1): null

2019-08-24 12:46:40 - [TEST_STEP][PASSED] - symbol = symbol: null

2019-08-24 12:46:40 - [TEST_STEP][PASSED] - println(symbol): null

2019-08-24 12:46:40 - [TEST_STEP][PASSED] - if (i == 2 &amp;&amp; wildList.indexOf(symbol) != -1): null

2019-08-24 12:46:40 - [TEST_STEP][PASSED] - if (i == 3 &amp;&amp; wildList.indexOf(symbol) != -1): null

2019-08-24 12:46:40 - [TEST_STEP][PASSED] - if (i == 4 &amp;&amp; wildList.indexOf(symbol) != -1): null

2019-08-24 12:46:40 - [TEST_STEP][PASSED] - symbols = symbols: null

2019-08-24 12:46:40 - [TEST_STEP][PASSED] - for ([j = 0, j &lt; symbols.size(), (j++)]): null

2019-08-24 12:46:40 - [TEST_STEP][PASSED] - symbol = symbol: null

2019-08-24 12:46:40 - [TEST_STEP][PASSED] - println(symbol): null

2019-08-24 12:46:40 - [TEST_STEP][PASSED] - if (i == 2 &amp;&amp; wildList.indexOf(symbol) != -1): null

2019-08-24 12:46:40 - [TEST_STEP][PASSED] - if (i == 3 &amp;&amp; wildList.indexOf(symbol) != -1): null

2019-08-24 12:46:40 - [TEST_STEP][PASSED] - if (i == 4 &amp;&amp; wildList.indexOf(symbol) != -1): null

2019-08-24 12:46:40 - [TEST_STEP][PASSED] - symbol = symbol: null

2019-08-24 12:46:40 - [TEST_STEP][PASSED] - println(symbol): null

2019-08-24 12:46:40 - [TEST_STEP][PASSED] - if (i == 2 &amp;&amp; wildList.indexOf(symbol) != -1): null

2019-08-24 12:46:40 - [TEST_STEP][PASSED] - if (i == 3 &amp;&amp; wildList.indexOf(symbol) != -1): null

2019-08-24 12:46:40 - [TEST_STEP][PASSED] - println("wild found on reel 4, adding counter by 1"): null

2019-08-24 12:46:40 - [TEST_STEP][PASSED] - free_spin_reel_counter[1] = free_spin_reel_counter[1] + 1: null

2019-08-24 12:46:40 - [TEST_STEP][PASSED] - if (i == 4 &amp;&amp; wildList.indexOf(symbol) != -1): null

2019-08-24 12:46:40 - [TEST_STEP][PASSED] - symbol = symbol: null

2019-08-24 12:46:40 - [TEST_STEP][PASSED] - println(symbol): null

2019-08-24 12:46:40 - [TEST_STEP][PASSED] - if (i == 2 &amp;&amp; wildList.indexOf(symbol) != -1): null

2019-08-24 12:46:40 - [TEST_STEP][PASSED] - if (i == 3 &amp;&amp; wildList.indexOf(symbol) != -1): null

2019-08-24 12:46:40 - [TEST_STEP][PASSED] - if (i == 4 &amp;&amp; wildList.indexOf(symbol) != -1): null

2019-08-24 12:46:40 - [TEST_STEP][PASSED] - symbols = symbols: null

2019-08-24 12:46:40 - [TEST_STEP][PASSED] - for ([j = 0, j &lt; symbols.size(), (j++)]): null

2019-08-24 12:46:40 - [TEST_STEP][PASSED] - symbol = symbol: null

2019-08-24 12:46:40 - [TEST_STEP][PASSED] - println(symbol): null

2019-08-24 12:46:40 - [TEST_STEP][PASSED] - if (i == 2 &amp;&amp; wildList.indexOf(symbol) != -1): null

2019-08-24 12:46:40 - [TEST_STEP][PASSED] - if (i == 3 &amp;&amp; wildList.indexOf(symbol) != -1): null

2019-08-24 12:46:40 - [TEST_STEP][PASSED] - if (i == 4 &amp;&amp; wildList.indexOf(symbol) != -1): null

2019-08-24 12:46:40 - [TEST_STEP][PASSED] - symbol = symbol: null

2019-08-24 12:46:40 - [TEST_STEP][PASSED] - println(symbol): null

2019-08-24 12:46:40 - [TEST_STEP][PASSED] - if (i == 2 &amp;&amp; wildList.indexOf(symbol) != -1): null

2019-08-24 12:46:40 - [TEST_STEP][PASSED] - if (i == 3 &amp;&amp; wildList.indexOf(symbol) != -1): null

2019-08-24 12:46:40 - [TEST_STEP][PASSED] - if (i == 4 &amp;&amp; wildList.indexOf(symbol) != -1): null

2019-08-24 12:46:40 - [TEST_STEP][PASSED] - symbol = symbol: null

2019-08-24 12:46:40 - [TEST_STEP][PASSED] - println(symbol): null

2019-08-24 12:46:40 - [TEST_STEP][PASSED] - if (i == 2 &amp;&amp; wildList.indexOf(symbol) != -1): null

2019-08-24 12:46:40 - [TEST_STEP][PASSED] - if (i == 3 &amp;&amp; wildList.indexOf(symbol) != -1): null

2019-08-24 12:46:40 - [TEST_STEP][PASSED] - if (i == 4 &amp;&amp; wildList.indexOf(symbol) != -1): null

2019-08-24 12:46:40 - [TEST_STEP][PASSED] - free_spin_reel_counter = free_spin_reel_counter: null

2019-08-24 12:46:40 - [TEST_STEP][PASSED] - println("reel 3 wild found: " + free_spin_reel_counter[0]): null

2019-08-24 12:46:40 - [TEST_STEP][PASSED] - println("reel 4 wild found: " + free_spin_reel_counter[1]): null

2019-08-24 12:46:40 - [TEST_STEP][PASSED] - println("reel 5 wild found: " + free_spin_reel_counter[2]): null

2019-08-24 12:46:40 - [TEST_STEP][PASSED] - M4_spin_reels = M4_spin_reels: null

2019-08-24 12:46:40 - [TEST_STEP][PASSED] - M4_spin_reels_symbols = symbol: null

2019-08-24 12:46:40 - [TEST_STEP][PASSED] - M4_spin_reels_symbols = M4_spin_reels_symbols: null

2019-08-24 12:46:40 - [TEST_STEP][PASSED] - M4_spin_reel_wins = reel_wins: null

2019-08-24 12:46:40 - [TEST_STEP][PASSED] - M4_spin_reel_wins = M4_spin_reel_wins: null

2019-08-24 12:46:40 - [TEST_STEP][PASSED] - println("GlobalVariable.M4_spin_reel_wins is: " + M4_spin_reel_wins): null

2019-08-24 12:46:40 - [TEST_STEP][PASSED] - M4_spin_total_bonus_win_this_round = total_bonus_win_this_round: null

2019-08-24 12:46:40 - [TEST_STEP][PASSED] - M4_spin_total_bonus_win_this_round = M4_spin_total_bonus_win_this_round: null

2019-08-24 12:46:40 - [TEST_STEP][PASSED] - println("GlobalVariable.M4_spin_total_bonus_win_this_round is: " + M4_spin_total_bonus_win_this_round): null

2019-08-24 12:46:40 - [TEST_STEP][PASSED] - M4_spin_bonus_spin_result = spin_result: null

2019-08-24 12:46:40 - [TEST_STEP][PASSED] - M4_spin_bonus_spin_result = M4_spin_bonus_spin_result: null

2019-08-24 12:46:40 - [MESSAGE][PASSED] - Verify response successfully

2019-08-24 12:46:40 - [MESSAGE][PASSED] - Send request and verify the response successfully

2019-08-24 12:46:40 - [TEST_STEP][PASSED] - if (M4_total_bonus_spins_int != 0 &amp;&amp; M4_spin_reels_symbols[2].contains("WILD_Double") || M4_spin_reels_symbols[4].contains("WILD_Triple")): null

2019-08-24 12:46:40 - [TEST_STEP][PASSED] - free_spin_reel_counter = free_spin_reel_counter: null

2019-08-24 12:46:40 - [TEST_STEP][PASSED] - M4_spin_reels_symbols = M4_spin_reels_symbols: null

2019-08-24 12:46:40 - [TEST_STEP][PASSED] - M4_total_bonus_spins = M4_total_bonus_spins: null

2019-08-24 12:46:40 - [TEST_STEP][PASSED] - spin_result = sendRequestAndVerify(findTestObject("INT/RGS(M4)/1_M4_spin", ["M4_login_user_id":M4_login_user_id, "rgs_session_token":rgs_session_token, "partner":Partner])): Send request and verify the response successfully

2019-08-24 12:46:40 - [MESSAGE][INFO] - HAR: /Users/eiralee/Katalon_Script/SuperWild/Reports/20190824_124242/INT/superWild_4/20190824_124242/requests/main/75.har

2019-08-24 12:46:41 - [TEST_CASE][PASSED] - Start Test Case : Verification: Verification accomplished successfully

2019-08-24 12:46:41 - [TEST_STEP][PASSED] - request = getInstance().getCurrentRequest(): null

2019-08-24 12:46:41 - [TEST_STEP][PASSED] - response = getInstance().getCurrentResponse(): null

2019-08-24 12:46:41 - [TEST_STEP][PASSED] - verifyResponseStatusCode(response, 200): Verify response status code successfully

2019-08-24 12:46:41 - [MESSAGE][PASSED] - Verify response status code successfully

2019-08-24 12:46:41 - [TEST_STEP][PASSED] - getStatusCode()).isEqualTo(200): null

2019-08-24 12:46:41 - [TEST_STEP][PASSED] - newline = System.getProperty("line.separator"): null

2019-08-24 12:46:41 - [TEST_STEP][PASSED] - M4_spin = new groovy.json.JsonSlurper(): null

2019-08-24 12:46:41 - [TEST_STEP][PASSED] - result_M4_spin = M4_spin.parseText(response.getResponseBodyContent()): null

2019-08-24 12:46:41 - [TEST_STEP][PASSED] - M4_spin_current_balance = current_balance: null

2019-08-24 12:46:41 - [TEST_STEP][PASSED] - M4_spin_current_balance = M4_spin_current_balance: null

2019-08-24 12:46:41 - [TEST_STEP][PASSED] - M4_spin_transaction_id = causality: null

2019-08-24 12:46:41 - [TEST_STEP][PASSED] - M4_spin_transaction_id = M4_spin_transaction_id: null

2019-08-24 12:46:41 - [TEST_STEP][PASSED] - M4_spin_round_id = round_id: null

2019-08-24 12:46:41 - [TEST_STEP][PASSED] - M4_spin_round_id = M4_spin_round_id: null

2019-08-24 12:46:41 - [TEST_STEP][PASSED] - M4_spin_line_wins = line_wins: null

2019-08-24 12:46:41 - [TEST_STEP][PASSED] - M4_spin_line_wins = M4_spin_line_wins: null

2019-08-24 12:46:41 - [TEST_STEP][PASSED] - M4_total_bonus_spins_int = total_bonus_spins: null

2019-08-24 12:46:41 - [TEST_STEP][PASSED] - println("******M4_total_bonus_spins type is:*******" + newline + getClass().getName()): null

2019-08-24 12:46:41 - [TEST_STEP][PASSED] - M4_total_bonus_spins_int = M4_total_bonus_spins_int: null

2019-08-24 12:46:41 - [TEST_STEP][PASSED] - M4_total_bonus_spins = Integer.toString(M4_total_bonus_spins_int): null

2019-08-24 12:46:41 - [TEST_STEP][PASSED] - M4_total_bonus_spins = M4_total_bonus_spins: null

2019-08-24 12:46:41 - [TEST_STEP][PASSED] - println("M4_total_bonus_spins is:" + M4_total_bonus_spins): null

2019-08-24 12:46:41 - [TEST_STEP][PASSED] - M4_spin_bonus_data = bonus_data: null

2019-08-24 12:46:41 - [TEST_STEP][PASSED] - M4_spin_features_triggered = result_M4_spin: null

2019-08-24 12:46:41 - [TEST_STEP][PASSED] - wild = []: null

2019-08-24 12:46:41 - [TEST_STEP][PASSED] - wild[0] = "WILD_Expanding": null

2019-08-24 12:46:41 - [TEST_STEP][PASSED] - wild[1] = "WILD_Normal": null

2019-08-24 12:46:41 - [TEST_STEP][PASSED] - wild[2] = "WILD_Double": null

2019-08-24 12:46:41 - [TEST_STEP][PASSED] - wild[3] = "WILD_ExtraFG": null

2019-08-24 12:46:41 - [TEST_STEP][PASSED] - wild[4] = "WILD_Triple": null

2019-08-24 12:46:41 - [TEST_STEP][PASSED] - wildList = Arrays.asList(wild): null

2019-08-24 12:46:41 - [TEST_STEP][PASSED] - wildList = wildList: null

2019-08-24 12:46:41 - [TEST_STEP][PASSED] - free_spin_reel_counter = []: null

2019-08-24 12:46:41 - [TEST_STEP][PASSED] - free_spin_reel_counter[0] = 0: null

2019-08-24 12:46:41 - [TEST_STEP][PASSED] - free_spin_reel_counter[1] = 0: null

2019-08-24 12:46:41 - [TEST_STEP][PASSED] - free_spin_reel_counter[2] = 0: null

2019-08-24 12:46:41 - [TEST_STEP][PASSED] - M4_spin_reels = reels: null

2019-08-24 12:46:41 - [TEST_STEP][PASSED] - for ([i = 0, i &lt; M4_spin_reels.size(), (i++)]): null

2019-08-24 12:46:41 - [TEST_STEP][PASSED] - symbols = symbols: null

2019-08-24 12:46:41 - [TEST_STEP][PASSED] - for ([j = 0, j &lt; symbols.size(), (j++)]): null

2019-08-24 12:46:41 - [TEST_STEP][PASSED] - symbol = symbol: null

2019-08-24 12:46:41 - [TEST_STEP][PASSED] - println(symbol): null

2019-08-24 12:46:41 - [TEST_STEP][PASSED] - if (i == 2 &amp;&amp; wildList.indexOf(symbol) != -1): null

2019-08-24 12:46:41 - [TEST_STEP][PASSED] - if (i == 3 &amp;&amp; wildList.indexOf(symbol) != -1): null

2019-08-24 12:46:41 - [TEST_STEP][PASSED] - if (i == 4 &amp;&amp; wildList.indexOf(symbol) != -1): null

2019-08-24 12:46:41 - [TEST_STEP][PASSED] - symbol = symbol: null

2019-08-24 12:46:41 - [TEST_STEP][PASSED] - println(symbol): null

2019-08-24 12:46:41 - [TEST_STEP][PASSED] - if (i == 2 &amp;&amp; wildList.indexOf(symbol) != -1): null

2019-08-24 12:46:41 - [TEST_STEP][PASSED] - if (i == 3 &amp;&amp; wildList.indexOf(symbol) != -1): null

2019-08-24 12:46:41 - [TEST_STEP][PASSED] - if (i == 4 &amp;&amp; wildList.indexOf(symbol) != -1): null

2019-08-24 12:46:41 - [TEST_STEP][PASSED] - symbol = symbol: null

2019-08-24 12:46:41 - [TEST_STEP][PASSED] - println(symbol): null

2019-08-24 12:46:41 - [TEST_STEP][PASSED] - if (i == 2 &amp;&amp; wildList.indexOf(symbol) != -1): null

2019-08-24 12:46:41 - [TEST_STEP][PASSED] - if (i == 3 &amp;&amp; wildList.indexOf(symbol) != -1): null

2019-08-24 12:46:41 - [TEST_STEP][PASSED] - if (i == 4 &amp;&amp; wildList.indexOf(symbol) != -1): null

2019-08-24 12:46:41 - [TEST_STEP][PASSED] - symbols = symbols: null

2019-08-24 12:46:41 - [TEST_STEP][PASSED] - for ([j = 0, j &lt; symbols.size(), (j++)]): null

2019-08-24 12:46:41 - [TEST_STEP][PASSED] - symbol = symbol: null

2019-08-24 12:46:41 - [TEST_STEP][PASSED] - println(symbol): null

2019-08-24 12:46:41 - [TEST_STEP][PASSED] - if (i == 2 &amp;&amp; wildList.indexOf(symbol) != -1): null

2019-08-24 12:46:41 - [TEST_STEP][PASSED] - if (i == 3 &amp;&amp; wildList.indexOf(symbol) != -1): null

2019-08-24 12:46:41 - [TEST_STEP][PASSED] - if (i == 4 &amp;&amp; wildList.indexOf(symbol) != -1): null

2019-08-24 12:46:41 - [TEST_STEP][PASSED] - symbol = symbol: null

2019-08-24 12:46:41 - [TEST_STEP][PASSED] - println(symbol): null

2019-08-24 12:46:41 - [TEST_STEP][PASSED] - if (i == 2 &amp;&amp; wildList.indexOf(symbol) != -1): null

2019-08-24 12:46:41 - [TEST_STEP][PASSED] - if (i == 3 &amp;&amp; wildList.indexOf(symbol) != -1): null

2019-08-24 12:46:41 - [TEST_STEP][PASSED] - if (i == 4 &amp;&amp; wildList.indexOf(symbol) != -1): null

2019-08-24 12:46:41 - [TEST_STEP][PASSED] - symbol = symbol: null

2019-08-24 12:46:41 - [TEST_STEP][PASSED] - println(symbol): null

2019-08-24 12:46:41 - [TEST_STEP][PASSED] - if (i == 2 &amp;&amp; wildList.indexOf(symbol) != -1): null

2019-08-24 12:46:41 - [TEST_STEP][PASSED] - if (i == 3 &amp;&amp; wildList.indexOf(symbol) != -1): null

2019-08-24 12:46:41 - [TEST_STEP][PASSED] - if (i == 4 &amp;&amp; wildList.indexOf(symbol) != -1): null

2019-08-24 12:46:41 - [TEST_STEP][PASSED] - symbols = symbols: null

2019-08-24 12:46:41 - [TEST_STEP][PASSED] - for ([j = 0, j &lt; symbols.size(), (j++)]): null

2019-08-24 12:46:41 - [TEST_STEP][PASSED] - symbol = symbol: null

2019-08-24 12:46:41 - [TEST_STEP][PASSED] - println(symbol): null

2019-08-24 12:46:41 - [TEST_STEP][PASSED] - if (i == 2 &amp;&amp; wildList.indexOf(symbol) != -1): null

2019-08-24 12:46:41 - [TEST_STEP][PASSED] - if (i == 3 &amp;&amp; wildList.indexOf(symbol) != -1): null

2019-08-24 12:46:41 - [TEST_STEP][PASSED] - if (i == 4 &amp;&amp; wildList.indexOf(symbol) != -1): null

2019-08-24 12:46:41 - [TEST_STEP][PASSED] - symbol = symbol: null

2019-08-24 12:46:41 - [TEST_STEP][PASSED] - println(symbol): null

2019-08-24 12:46:41 - [TEST_STEP][PASSED] - if (i == 2 &amp;&amp; wildList.indexOf(symbol) != -1): null

2019-08-24 12:46:41 - [TEST_STEP][PASSED] - if (i == 3 &amp;&amp; wildList.indexOf(symbol) != -1): null

2019-08-24 12:46:41 - [TEST_STEP][PASSED] - if (i == 4 &amp;&amp; wildList.indexOf(symbol) != -1): null

2019-08-24 12:46:41 - [TEST_STEP][PASSED] - symbol = symbol: null

2019-08-24 12:46:41 - [TEST_STEP][PASSED] - println(symbol): null

2019-08-24 12:46:41 - [TEST_STEP][PASSED] - if (i == 2 &amp;&amp; wildList.indexOf(symbol) != -1): null

2019-08-24 12:46:41 - [TEST_STEP][PASSED] - if (i == 3 &amp;&amp; wildList.indexOf(symbol) != -1): null

2019-08-24 12:46:41 - [TEST_STEP][PASSED] - if (i == 4 &amp;&amp; wildList.indexOf(symbol) != -1): null

2019-08-24 12:46:41 - [TEST_STEP][PASSED] - symbols = symbols: null

2019-08-24 12:46:41 - [TEST_STEP][PASSED] - for ([j = 0, j &lt; symbols.size(), (j++)]): null

2019-08-24 12:46:41 - [TEST_STEP][PASSED] - symbol = symbol: null

2019-08-24 12:46:41 - [TEST_STEP][PASSED] - println(symbol): null

2019-08-24 12:46:41 - [TEST_STEP][PASSED] - if (i == 2 &amp;&amp; wildList.indexOf(symbol) != -1): null

2019-08-24 12:46:41 - [TEST_STEP][PASSED] - if (i == 3 &amp;&amp; wildList.indexOf(symbol) != -1): null

2019-08-24 12:46:41 - [TEST_STEP][PASSED] - if (i == 4 &amp;&amp; wildList.indexOf(symbol) != -1): null

2019-08-24 12:46:41 - [TEST_STEP][PASSED] - symbol = symbol: null

2019-08-24 12:46:41 - [TEST_STEP][PASSED] - println(symbol): null

2019-08-24 12:46:41 - [TEST_STEP][PASSED] - if (i == 2 &amp;&amp; wildList.indexOf(symbol) != -1): null

2019-08-24 12:46:41 - [TEST_STEP][PASSED] - if (i == 3 &amp;&amp; wildList.indexOf(symbol) != -1): null

2019-08-24 12:46:41 - [TEST_STEP][PASSED] - if (i == 4 &amp;&amp; wildList.indexOf(symbol) != -1): null

2019-08-24 12:46:41 - [TEST_STEP][PASSED] - symbol = symbol: null

2019-08-24 12:46:41 - [TEST_STEP][PASSED] - println(symbol): null

2019-08-24 12:46:41 - [TEST_STEP][PASSED] - if (i == 2 &amp;&amp; wildList.indexOf(symbol) != -1): null

2019-08-24 12:46:41 - [TEST_STEP][PASSED] - if (i == 3 &amp;&amp; wildList.indexOf(symbol) != -1): null

2019-08-24 12:46:41 - [TEST_STEP][PASSED] - println("wild found on reel 4, adding counter by 1"): null

2019-08-24 12:46:41 - [TEST_STEP][PASSED] - free_spin_reel_counter[1] = free_spin_reel_counter[1] + 1: null

2019-08-24 12:46:41 - [TEST_STEP][PASSED] - if (i == 4 &amp;&amp; wildList.indexOf(symbol) != -1): null

2019-08-24 12:46:41 - [TEST_STEP][PASSED] - symbols = symbols: null

2019-08-24 12:46:41 - [TEST_STEP][PASSED] - for ([j = 0, j &lt; symbols.size(), (j++)]): null

2019-08-24 12:46:41 - [TEST_STEP][PASSED] - symbol = symbol: null

2019-08-24 12:46:41 - [TEST_STEP][PASSED] - println(symbol): null

2019-08-24 12:46:41 - [TEST_STEP][PASSED] - if (i == 2 &amp;&amp; wildList.indexOf(symbol) != -1): null

2019-08-24 12:46:41 - [TEST_STEP][PASSED] - if (i == 3 &amp;&amp; wildList.indexOf(symbol) != -1): null

2019-08-24 12:46:41 - [TEST_STEP][PASSED] - if (i == 4 &amp;&amp; wildList.indexOf(symbol) != -1): null

2019-08-24 12:46:41 - [TEST_STEP][PASSED] - symbol = symbol: null

2019-08-24 12:46:41 - [TEST_STEP][PASSED] - println(symbol): null

2019-08-24 12:46:41 - [TEST_STEP][PASSED] - if (i == 2 &amp;&amp; wildList.indexOf(symbol) != -1): null

2019-08-24 12:46:41 - [TEST_STEP][PASSED] - if (i == 3 &amp;&amp; wildList.indexOf(symbol) != -1): null

2019-08-24 12:46:41 - [TEST_STEP][PASSED] - if (i == 4 &amp;&amp; wildList.indexOf(symbol) != -1): null

2019-08-24 12:46:41 - [TEST_STEP][PASSED] - symbol = symbol: null

2019-08-24 12:46:41 - [TEST_STEP][PASSED] - println(symbol): null

2019-08-24 12:46:41 - [TEST_STEP][PASSED] - if (i == 2 &amp;&amp; wildList.indexOf(symbol) != -1): null

2019-08-24 12:46:41 - [TEST_STEP][PASSED] - if (i == 3 &amp;&amp; wildList.indexOf(symbol) != -1): null

2019-08-24 12:46:41 - [TEST_STEP][PASSED] - if (i == 4 &amp;&amp; wildList.indexOf(symbol) != -1): null

2019-08-24 12:46:41 - [TEST_STEP][PASSED] - free_spin_reel_counter = free_spin_reel_counter: null

2019-08-24 12:46:41 - [TEST_STEP][PASSED] - println("reel 3 wild found: " + free_spin_reel_counter[0]): null

2019-08-24 12:46:45 - [TEST_STEP][PASSED] - println("reel 4 wild found: " + free_spin_reel_counter[1]): null

2019-08-24 12:46:45 - [TEST_STEP][PASSED] - println("reel 5 wild found: " + free_spin_reel_counter[2]): null

2019-08-24 12:46:45 - [TEST_STEP][PASSED] - M4_spin_reels = M4_spin_reels: null

2019-08-24 12:46:45 - [TEST_STEP][PASSED] - M4_spin_reels_symbols = symbol: null

2019-08-24 12:46:45 - [TEST_STEP][PASSED] - M4_spin_reels_symbols = M4_spin_reels_symbols: null

2019-08-24 12:46:45 - [TEST_STEP][PASSED] - M4_spin_reel_wins = reel_wins: null

2019-08-24 12:46:45 - [TEST_STEP][PASSED] - M4_spin_reel_wins = M4_spin_reel_wins: null

2019-08-24 12:46:45 - [TEST_STEP][PASSED] - println("GlobalVariable.M4_spin_reel_wins is: " + M4_spin_reel_wins): null

2019-08-24 12:46:45 - [TEST_STEP][PASSED] - M4_spin_total_bonus_win_this_round = total_bonus_win_this_round: null

2019-08-24 12:46:45 - [TEST_STEP][PASSED] - M4_spin_total_bonus_win_this_round = M4_spin_total_bonus_win_this_round: null

2019-08-24 12:46:47 - [TEST_STEP][PASSED] - println("GlobalVariable.M4_spin_total_bonus_win_this_round is: " + M4_spin_total_bonus_win_this_round): null

2019-08-24 12:46:47 - [TEST_STEP][PASSED] - M4_spin_bonus_spin_result = spin_result: null

2019-08-24 12:46:47 - [TEST_STEP][PASSED] - M4_spin_bonus_spin_result = M4_spin_bonus_spin_result: null

2019-08-24 12:46:47 - [MESSAGE][PASSED] - Verify response successfully

2019-08-24 12:46:47 - [MESSAGE][PASSED] - Send request and verify the response successfully

2019-08-24 12:46:47 - [TEST_STEP][PASSED] - if (M4_total_bonus_spins_int != 0 &amp;&amp; M4_spin_reels_symbols[2].contains("WILD_Double") || M4_spin_reels_symbols[4].contains("WILD_Triple")): null

2019-08-24 12:46:47 - [TEST_STEP][PASSED] - free_spin_reel_counter = free_spin_reel_counter: null

2019-08-24 12:46:47 - [TEST_STEP][PASSED] - M4_spin_reels_symbols = M4_spin_reels_symbols: null

2019-08-24 12:46:47 - [TEST_STEP][PASSED] - M4_total_bonus_spins = M4_total_bonus_spins: null

2019-08-24 12:46:47 - [TEST_STEP][PASSED] - spin_result = sendRequestAndVerify(findTestObject("INT/RGS(M4)/1_M4_spin", ["M4_login_user_id":M4_login_user_id, "rgs_session_token":rgs_session_token, "partner":Partner])): Send request and verify the response successfully

2019-08-24 12:46:47 - [MESSAGE][INFO] - HAR: /Users/eiralee/Katalon_Script/SuperWild/Reports/20190824_124242/INT/superWild_4/20190824_124242/requests/main/76.har

2019-08-24 12:46:47 - [TEST_CASE][PASSED] - Start Test Case : Verification: Verification accomplished successfully

2019-08-24 12:46:48 - [TEST_STEP][PASSED] - request = getInstance().getCurrentRequest(): null

2019-08-24 12:46:48 - [TEST_STEP][PASSED] - response = getInstance().getCurrentResponse(): null

2019-08-24 12:46:48 - [TEST_STEP][PASSED] - verifyResponseStatusCode(response, 200): Verify response status code successfully

2019-08-24 12:46:48 - [MESSAGE][PASSED] - Verify response status code successfully

2019-08-24 12:46:48 - [TEST_STEP][PASSED] - getStatusCode()).isEqualTo(200): null

2019-08-24 12:46:48 - [TEST_STEP][PASSED] - newline = System.getProperty("line.separator"): null

2019-08-24 12:46:48 - [TEST_STEP][PASSED] - M4_spin = new groovy.json.JsonSlurper(): null

2019-08-24 12:46:48 - [TEST_STEP][PASSED] - result_M4_spin = M4_spin.parseText(response.getResponseBodyContent()): null

2019-08-24 12:46:48 - [TEST_STEP][PASSED] - M4_spin_current_balance = current_balance: null

2019-08-24 12:46:48 - [TEST_STEP][PASSED] - M4_spin_current_balance = M4_spin_current_balance: null

2019-08-24 12:46:48 - [TEST_STEP][PASSED] - M4_spin_transaction_id = causality: null

2019-08-24 12:46:48 - [TEST_STEP][PASSED] - M4_spin_transaction_id = M4_spin_transaction_id: null

2019-08-24 12:46:48 - [TEST_STEP][PASSED] - M4_spin_round_id = round_id: null

2019-08-24 12:46:48 - [TEST_STEP][PASSED] - M4_spin_round_id = M4_spin_round_id: null

2019-08-24 12:46:48 - [TEST_STEP][PASSED] - M4_spin_line_wins = line_wins: null

2019-08-24 12:46:48 - [TEST_STEP][PASSED] - M4_spin_line_wins = M4_spin_line_wins: null

2019-08-24 12:46:48 - [TEST_STEP][PASSED] - M4_total_bonus_spins_int = total_bonus_spins: null

2019-08-24 12:46:48 - [TEST_STEP][PASSED] - println("******M4_total_bonus_spins type is:*******" + newline + getClass().getName()): null

2019-08-24 12:46:48 - [TEST_STEP][PASSED] - M4_total_bonus_spins_int = M4_total_bonus_spins_int: null

2019-08-24 12:46:48 - [TEST_STEP][PASSED] - M4_total_bonus_spins = Integer.toString(M4_total_bonus_spins_int): null

2019-08-24 12:46:48 - [TEST_STEP][PASSED] - M4_total_bonus_spins = M4_total_bonus_spins: null

2019-08-24 12:46:48 - [TEST_STEP][PASSED] - println("M4_total_bonus_spins is:" + M4_total_bonus_spins): null

2019-08-24 12:46:48 - [TEST_STEP][PASSED] - M4_spin_bonus_data = bonus_data: null

2019-08-24 12:46:48 - [TEST_STEP][PASSED] - M4_spin_features_triggered = result_M4_spin: null

2019-08-24 12:46:48 - [TEST_STEP][PASSED] - wild = []: null

2019-08-24 12:46:48 - [TEST_STEP][PASSED] - wild[0] = "WILD_Expanding": null

2019-08-24 12:46:48 - [TEST_STEP][PASSED] - wild[1] = "WILD_Normal": null

2019-08-24 12:46:48 - [TEST_STEP][PASSED] - wild[2] = "WILD_Double": null

2019-08-24 12:46:48 - [TEST_STEP][PASSED] - wild[3] = "WILD_ExtraFG": null

2019-08-24 12:46:48 - [TEST_STEP][PASSED] - wild[4] = "WILD_Triple": null

2019-08-24 12:46:48 - [TEST_STEP][PASSED] - wildList = Arrays.asList(wild): null

2019-08-24 12:46:48 - [TEST_STEP][PASSED] - wildList = wildList: null

2019-08-24 12:46:48 - [TEST_STEP][PASSED] - free_spin_reel_counter = []: null

2019-08-24 12:46:48 - [TEST_STEP][PASSED] - free_spin_reel_counter[0] = 0: null

2019-08-24 12:46:48 - [TEST_STEP][PASSED] - free_spin_reel_counter[1] = 0: null

2019-08-24 12:46:48 - [TEST_STEP][PASSED] - free_spin_reel_counter[2] = 0: null

2019-08-24 12:46:48 - [TEST_STEP][PASSED] - M4_spin_reels = reels: null

2019-08-24 12:46:48 - [TEST_STEP][PASSED] - for ([i = 0, i &lt; M4_spin_reels.size(), (i++)]): null

2019-08-24 12:46:48 - [TEST_STEP][PASSED] - symbols = symbols: null

2019-08-24 12:46:48 - [TEST_STEP][PASSED] - for ([j = 0, j &lt; symbols.size(), (j++)]): null

2019-08-24 12:46:48 - [TEST_STEP][PASSED] - symbol = symbol: null

2019-08-24 12:46:48 - [TEST_STEP][PASSED] - println(symbol): null

2019-08-24 12:46:48 - [TEST_STEP][PASSED] - if (i == 2 &amp;&amp; wildList.indexOf(symbol) != -1): null

2019-08-24 12:46:48 - [TEST_STEP][PASSED] - if (i == 3 &amp;&amp; wildList.indexOf(symbol) != -1): null

2019-08-24 12:46:48 - [TEST_STEP][PASSED] - if (i == 4 &amp;&amp; wildList.indexOf(symbol) != -1): null

2019-08-24 12:46:48 - [TEST_STEP][PASSED] - symbol = symbol: null

2019-08-24 12:46:48 - [TEST_STEP][PASSED] - println(symbol): null

2019-08-24 12:46:48 - [TEST_STEP][PASSED] - if (i == 2 &amp;&amp; wildList.indexOf(symbol) != -1): null

2019-08-24 12:46:48 - [TEST_STEP][PASSED] - if (i == 3 &amp;&amp; wildList.indexOf(symbol) != -1): null

2019-08-24 12:46:48 - [TEST_STEP][PASSED] - if (i == 4 &amp;&amp; wildList.indexOf(symbol) != -1): null

2019-08-24 12:46:48 - [TEST_STEP][PASSED] - symbol = symbol: null

2019-08-24 12:46:48 - [TEST_STEP][PASSED] - println(symbol): null

2019-08-24 12:46:48 - [TEST_STEP][PASSED] - if (i == 2 &amp;&amp; wildList.indexOf(symbol) != -1): null

2019-08-24 12:46:48 - [TEST_STEP][PASSED] - if (i == 3 &amp;&amp; wildList.indexOf(symbol) != -1): null

2019-08-24 12:46:48 - [TEST_STEP][PASSED] - if (i == 4 &amp;&amp; wildList.indexOf(symbol) != -1): null

2019-08-24 12:46:48 - [TEST_STEP][PASSED] - symbols = symbols: null

2019-08-24 12:46:48 - [TEST_STEP][PASSED] - for ([j = 0, j &lt; symbols.size(), (j++)]): null

2019-08-24 12:46:48 - [TEST_STEP][PASSED] - symbol = symbol: null

2019-08-24 12:46:48 - [TEST_STEP][PASSED] - println(symbol): null

2019-08-24 12:46:48 - [TEST_STEP][PASSED] - if (i == 2 &amp;&amp; wildList.indexOf(symbol) != -1): null

2019-08-24 12:46:48 - [TEST_STEP][PASSED] - if (i == 3 &amp;&amp; wildList.indexOf(symbol) != -1): null

2019-08-24 12:46:48 - [TEST_STEP][PASSED] - if (i == 4 &amp;&amp; wildList.indexOf(symbol) != -1): null

2019-08-24 12:46:48 - [TEST_STEP][PASSED] - symbol = symbol: null

2019-08-24 12:46:48 - [TEST_STEP][PASSED] - println(symbol): null

2019-08-24 12:46:48 - [TEST_STEP][PASSED] - if (i == 2 &amp;&amp; wildList.indexOf(symbol) != -1): null

2019-08-24 12:46:48 - [TEST_STEP][PASSED] - if (i == 3 &amp;&amp; wildList.indexOf(symbol) != -1): null

2019-08-24 12:46:48 - [TEST_STEP][PASSED] - if (i == 4 &amp;&amp; wildList.indexOf(symbol) != -1): null

2019-08-24 12:46:48 - [TEST_STEP][PASSED] - symbol = symbol: null

2019-08-24 12:46:48 - [TEST_STEP][PASSED] - println(symbol): null

2019-08-24 12:46:48 - [TEST_STEP][PASSED] - if (i == 2 &amp;&amp; wildList.indexOf(symbol) != -1): null

2019-08-24 12:46:48 - [TEST_STEP][PASSED] - if (i == 3 &amp;&amp; wildList.indexOf(symbol) != -1): null

2019-08-24 12:46:48 - [TEST_STEP][PASSED] - if (i == 4 &amp;&amp; wildList.indexOf(symbol) != -1): null

2019-08-24 12:46:48 - [TEST_STEP][PASSED] - symbols = symbols: null

2019-08-24 12:46:48 - [TEST_STEP][PASSED] - for ([j = 0, j &lt; symbols.size(), (j++)]): null

2019-08-24 12:46:48 - [TEST_STEP][PASSED] - symbol = symbol: null

2019-08-24 12:46:48 - [TEST_STEP][PASSED] - println(symbol): null

2019-08-24 12:46:48 - [TEST_STEP][PASSED] - if (i == 2 &amp;&amp; wildList.indexOf(symbol) != -1): null

2019-08-24 12:46:48 - [TEST_STEP][PASSED] - if (i == 3 &amp;&amp; wildList.indexOf(symbol) != -1): null

2019-08-24 12:46:48 - [TEST_STEP][PASSED] - if (i == 4 &amp;&amp; wildList.indexOf(symbol) != -1): null

2019-08-24 12:46:48 - [TEST_STEP][PASSED] - symbol = symbol: null

2019-08-24 12:46:48 - [TEST_STEP][PASSED] - println(symbol): null

2019-08-24 12:46:48 - [TEST_STEP][PASSED] - if (i == 2 &amp;&amp; wildList.indexOf(symbol) != -1): null

2019-08-24 12:46:48 - [TEST_STEP][PASSED] - if (i == 3 &amp;&amp; wildList.indexOf(symbol) != -1): null

2019-08-24 12:46:48 - [TEST_STEP][PASSED] - if (i == 4 &amp;&amp; wildList.indexOf(symbol) != -1): null

2019-08-24 12:46:48 - [TEST_STEP][PASSED] - symbol = symbol: null

2019-08-24 12:46:48 - [TEST_STEP][PASSED] - println(symbol): null

2019-08-24 12:46:48 - [TEST_STEP][PASSED] - if (i == 2 &amp;&amp; wildList.indexOf(symbol) != -1): null

2019-08-24 12:46:48 - [TEST_STEP][PASSED] - if (i == 3 &amp;&amp; wildList.indexOf(symbol) != -1): null

2019-08-24 12:46:48 - [TEST_STEP][PASSED] - if (i == 4 &amp;&amp; wildList.indexOf(symbol) != -1): null

2019-08-24 12:46:48 - [TEST_STEP][PASSED] - symbols = symbols: null

2019-08-24 12:46:48 - [TEST_STEP][PASSED] - for ([j = 0, j &lt; symbols.size(), (j++)]): null

2019-08-24 12:46:48 - [TEST_STEP][PASSED] - symbol = symbol: null

2019-08-24 12:46:48 - [TEST_STEP][PASSED] - println(symbol): null

2019-08-24 12:46:48 - [TEST_STEP][PASSED] - if (i == 2 &amp;&amp; wildList.indexOf(symbol) != -1): null

2019-08-24 12:46:48 - [TEST_STEP][PASSED] - if (i == 3 &amp;&amp; wildList.indexOf(symbol) != -1): null

2019-08-24 12:46:48 - [TEST_STEP][PASSED] - if (i == 4 &amp;&amp; wildList.indexOf(symbol) != -1): null

2019-08-24 12:46:48 - [TEST_STEP][PASSED] - symbol = symbol: null

2019-08-24 12:46:48 - [TEST_STEP][PASSED] - println(symbol): null

2019-08-24 12:46:48 - [TEST_STEP][PASSED] - if (i == 2 &amp;&amp; wildList.indexOf(symbol) != -1): null

2019-08-24 12:46:48 - [TEST_STEP][PASSED] - if (i == 3 &amp;&amp; wildList.indexOf(symbol) != -1): null

2019-08-24 12:46:48 - [TEST_STEP][PASSED] - println("wild found on reel 4, adding counter by 1"): null

2019-08-24 12:46:48 - [TEST_STEP][PASSED] - free_spin_reel_counter[1] = free_spin_reel_counter[1] + 1: null

2019-08-24 12:46:48 - [TEST_STEP][PASSED] - if (i == 4 &amp;&amp; wildList.indexOf(symbol) != -1): null

2019-08-24 12:46:48 - [TEST_STEP][PASSED] - symbol = symbol: null

2019-08-24 12:46:48 - [TEST_STEP][PASSED] - println(symbol): null

2019-08-24 12:46:48 - [TEST_STEP][PASSED] - if (i == 2 &amp;&amp; wildList.indexOf(symbol) != -1): null

2019-08-24 12:46:48 - [TEST_STEP][PASSED] - if (i == 3 &amp;&amp; wildList.indexOf(symbol) != -1): null

2019-08-24 12:46:48 - [TEST_STEP][PASSED] - if (i == 4 &amp;&amp; wildList.indexOf(symbol) != -1): null

2019-08-24 12:46:48 - [TEST_STEP][PASSED] - symbols = symbols: null

2019-08-24 12:46:48 - [TEST_STEP][PASSED] - for ([j = 0, j &lt; symbols.size(), (j++)]): null

2019-08-24 12:46:48 - [TEST_STEP][PASSED] - symbol = symbol: null

2019-08-24 12:46:48 - [TEST_STEP][PASSED] - println(symbol): null

2019-08-24 12:46:48 - [TEST_STEP][PASSED] - if (i == 2 &amp;&amp; wildList.indexOf(symbol) != -1): null

2019-08-24 12:46:48 - [TEST_STEP][PASSED] - if (i == 3 &amp;&amp; wildList.indexOf(symbol) != -1): null

2019-08-24 12:46:48 - [TEST_STEP][PASSED] - if (i == 4 &amp;&amp; wildList.indexOf(symbol) != -1): null

2019-08-24 12:46:48 - [TEST_STEP][PASSED] - symbol = symbol: null

2019-08-24 12:46:48 - [TEST_STEP][PASSED] - println(symbol): null

2019-08-24 12:46:48 - [TEST_STEP][PASSED] - if (i == 2 &amp;&amp; wildList.indexOf(symbol) != -1): null

2019-08-24 12:46:48 - [TEST_STEP][PASSED] - if (i == 3 &amp;&amp; wildList.indexOf(symbol) != -1): null

2019-08-24 12:46:48 - [TEST_STEP][PASSED] - if (i == 4 &amp;&amp; wildList.indexOf(symbol) != -1): null

2019-08-24 12:46:48 - [TEST_STEP][PASSED] - symbol = symbol: null

2019-08-24 12:46:48 - [TEST_STEP][PASSED] - println(symbol): null

2019-08-24 12:46:48 - [TEST_STEP][PASSED] - if (i == 2 &amp;&amp; wildList.indexOf(symbol) != -1): null

2019-08-24 12:46:48 - [TEST_STEP][PASSED] - if (i == 3 &amp;&amp; wildList.indexOf(symbol) != -1): null

2019-08-24 12:46:48 - [TEST_STEP][PASSED] - if (i == 4 &amp;&amp; wildList.indexOf(symbol) != -1): null

2019-08-24 12:46:48 - [TEST_STEP][PASSED] - free_spin_reel_counter = free_spin_reel_counter: null

2019-08-24 12:46:48 - [TEST_STEP][PASSED] - println("reel 3 wild found: " + free_spin_reel_counter[0]): null

2019-08-24 12:46:48 - [TEST_STEP][PASSED] - println("reel 4 wild found: " + free_spin_reel_counter[1]): null

2019-08-24 12:46:48 - [TEST_STEP][PASSED] - println("reel 5 wild found: " + free_spin_reel_counter[2]): null

2019-08-24 12:46:48 - [TEST_STEP][PASSED] - M4_spin_reels = M4_spin_reels: null

2019-08-24 12:46:48 - [TEST_STEP][PASSED] - M4_spin_reels_symbols = symbol: null

2019-08-24 12:46:48 - [TEST_STEP][PASSED] - M4_spin_reels_symbols = M4_spin_reels_symbols: null

2019-08-24 12:46:48 - [TEST_STEP][PASSED] - M4_spin_reel_wins = reel_wins: null

2019-08-24 12:46:48 - [TEST_STEP][PASSED] - M4_spin_reel_wins = M4_spin_reel_wins: null

2019-08-24 12:46:48 - [TEST_STEP][PASSED] - println("GlobalVariable.M4_spin_reel_wins is: " + M4_spin_reel_wins): null

2019-08-24 12:46:48 - [TEST_STEP][PASSED] - M4_spin_total_bonus_win_this_round = total_bonus_win_this_round: null

2019-08-24 12:46:48 - [TEST_STEP][PASSED] - M4_spin_total_bonus_win_this_round = M4_spin_total_bonus_win_this_round: null

2019-08-24 12:46:48 - [TEST_STEP][PASSED] - println("GlobalVariable.M4_spin_total_bonus_win_this_round is: " + M4_spin_total_bonus_win_this_round): null

2019-08-24 12:46:48 - [TEST_STEP][PASSED] - M4_spin_bonus_spin_result = spin_result: null

2019-08-24 12:46:48 - [TEST_STEP][PASSED] - M4_spin_bonus_spin_result = M4_spin_bonus_spin_result: null

2019-08-24 12:46:48 - [MESSAGE][PASSED] - Verify response successfully

2019-08-24 12:46:48 - [MESSAGE][PASSED] - Send request and verify the response successfully

2019-08-24 12:46:48 - [TEST_STEP][PASSED] - if (M4_total_bonus_spins_int != 0 &amp;&amp; M4_spin_reels_symbols[2].contains("WILD_Double") || M4_spin_reels_symbols[4].contains("WILD_Triple")): null

2019-08-24 12:46:48 - [TEST_STEP][PASSED] - free_spin_reel_counter = free_spin_reel_counter: null

2019-08-24 12:46:48 - [TEST_STEP][PASSED] - M4_spin_reels_symbols = M4_spin_reels_symbols: null

2019-08-24 12:46:48 - [TEST_STEP][PASSED] - M4_total_bonus_spins = M4_total_bonus_spins: null

2019-08-24 12:46:48 - [TEST_STEP][PASSED] - spin_result = sendRequestAndVerify(findTestObject("INT/RGS(M4)/1_M4_spin", ["M4_login_user_id":M4_login_user_id, "rgs_session_token":rgs_session_token, "partner":Partner])): Send request and verify the response successfully

2019-08-24 12:46:48 - [MESSAGE][INFO] - HAR: /Users/eiralee/Katalon_Script/SuperWild/Reports/20190824_124242/INT/superWild_4/20190824_124242/requests/main/77.har

2019-08-24 12:46:48 - [TEST_CASE][PASSED] - Start Test Case : Verification: Verification accomplished successfully

2019-08-24 12:46:48 - [TEST_STEP][PASSED] - request = getInstance().getCurrentRequest(): null

2019-08-24 12:46:48 - [TEST_STEP][PASSED] - response = getInstance().getCurrentResponse(): null

2019-08-24 12:46:48 - [TEST_STEP][PASSED] - verifyResponseStatusCode(response, 200): Verify response status code successfully

2019-08-24 12:46:48 - [MESSAGE][PASSED] - Verify response status code successfully

2019-08-24 12:46:48 - [TEST_STEP][PASSED] - getStatusCode()).isEqualTo(200): null

2019-08-24 12:46:48 - [TEST_STEP][PASSED] - newline = System.getProperty("line.separator"): null

2019-08-24 12:46:48 - [TEST_STEP][PASSED] - M4_spin = new groovy.json.JsonSlurper(): null

2019-08-24 12:46:48 - [TEST_STEP][PASSED] - result_M4_spin = M4_spin.parseText(response.getResponseBodyContent()): null

2019-08-24 12:46:48 - [TEST_STEP][PASSED] - M4_spin_current_balance = current_balance: null

2019-08-24 12:46:48 - [TEST_STEP][PASSED] - M4_spin_current_balance = M4_spin_current_balance: null

2019-08-24 12:46:48 - [TEST_STEP][PASSED] - M4_spin_transaction_id = causality: null

2019-08-24 12:46:48 - [TEST_STEP][PASSED] - M4_spin_transaction_id = M4_spin_transaction_id: null

2019-08-24 12:46:48 - [TEST_STEP][PASSED] - M4_spin_round_id = round_id: null

2019-08-24 12:46:48 - [TEST_STEP][PASSED] - M4_spin_round_id = M4_spin_round_id: null

2019-08-24 12:46:48 - [TEST_STEP][PASSED] - M4_spin_line_wins = line_wins: null

2019-08-24 12:46:48 - [TEST_STEP][PASSED] - M4_spin_line_wins = M4_spin_line_wins: null

2019-08-24 12:46:48 - [TEST_STEP][PASSED] - M4_total_bonus_spins_int = total_bonus_spins: null

2019-08-24 12:46:48 - [TEST_STEP][PASSED] - println("******M4_total_bonus_spins type is:*******" + newline + getClass().getName()): null

2019-08-24 12:46:48 - [TEST_STEP][PASSED] - M4_total_bonus_spins_int = M4_total_bonus_spins_int: null

2019-08-24 12:46:48 - [TEST_STEP][PASSED] - M4_total_bonus_spins = Integer.toString(M4_total_bonus_spins_int): null

2019-08-24 12:46:48 - [TEST_STEP][PASSED] - M4_total_bonus_spins = M4_total_bonus_spins: null

2019-08-24 12:46:48 - [TEST_STEP][PASSED] - println("M4_total_bonus_spins is:" + M4_total_bonus_spins): null

2019-08-24 12:46:48 - [TEST_STEP][PASSED] - M4_spin_bonus_data = bonus_data: null

2019-08-24 12:46:48 - [TEST_STEP][PASSED] - M4_spin_features_triggered = result_M4_spin: null

2019-08-24 12:46:48 - [TEST_STEP][PASSED] - wild = []: null

2019-08-24 12:46:48 - [TEST_STEP][PASSED] - wild[0] = "WILD_Expanding": null

2019-08-24 12:46:48 - [TEST_STEP][PASSED] - wild[1] = "WILD_Normal": null

2019-08-24 12:46:48 - [TEST_STEP][PASSED] - wild[2] = "WILD_Double": null

2019-08-24 12:46:48 - [TEST_STEP][PASSED] - wild[3] = "WILD_ExtraFG": null

2019-08-24 12:46:48 - [TEST_STEP][PASSED] - wild[4] = "WILD_Triple": null

2019-08-24 12:46:48 - [TEST_STEP][PASSED] - wildList = Arrays.asList(wild): null

2019-08-24 12:46:48 - [TEST_STEP][PASSED] - wildList = wildList: null

2019-08-24 12:46:48 - [TEST_STEP][PASSED] - free_spin_reel_counter = []: null

2019-08-24 12:46:48 - [TEST_STEP][PASSED] - free_spin_reel_counter[0] = 0: null

2019-08-24 12:46:48 - [TEST_STEP][PASSED] - free_spin_reel_counter[1] = 0: null

2019-08-24 12:46:48 - [TEST_STEP][PASSED] - free_spin_reel_counter[2] = 0: null

2019-08-24 12:46:48 - [TEST_STEP][PASSED] - M4_spin_reels = reels: null

2019-08-24 12:46:48 - [TEST_STEP][PASSED] - for ([i = 0, i &lt; M4_spin_reels.size(), (i++)]): null

2019-08-24 12:46:48 - [TEST_STEP][PASSED] - symbols = symbols: null

2019-08-24 12:46:48 - [TEST_STEP][PASSED] - for ([j = 0, j &lt; symbols.size(), (j++)]): null

2019-08-24 12:46:48 - [TEST_STEP][PASSED] - symbol = symbol: null

2019-08-24 12:46:48 - [TEST_STEP][PASSED] - println(symbol): null

2019-08-24 12:46:48 - [TEST_STEP][PASSED] - if (i == 2 &amp;&amp; wildList.indexOf(symbol) != -1): null

2019-08-24 12:46:48 - [TEST_STEP][PASSED] - if (i == 3 &amp;&amp; wildList.indexOf(symbol) != -1): null

2019-08-24 12:46:48 - [TEST_STEP][PASSED] - if (i == 4 &amp;&amp; wildList.indexOf(symbol) != -1): null

2019-08-24 12:46:48 - [TEST_STEP][PASSED] - symbol = symbol: null

2019-08-24 12:46:48 - [TEST_STEP][PASSED] - println(symbol): null

2019-08-24 12:46:48 - [TEST_STEP][PASSED] - if (i == 2 &amp;&amp; wildList.indexOf(symbol) != -1): null

2019-08-24 12:46:48 - [TEST_STEP][PASSED] - if (i == 3 &amp;&amp; wildList.indexOf(symbol) != -1): null

2019-08-24 12:46:48 - [TEST_STEP][PASSED] - if (i == 4 &amp;&amp; wildList.indexOf(symbol) != -1): null

2019-08-24 12:46:48 - [TEST_STEP][PASSED] - symbol = symbol: null

2019-08-24 12:46:48 - [TEST_STEP][PASSED] - println(symbol): null

2019-08-24 12:46:48 - [TEST_STEP][PASSED] - if (i == 2 &amp;&amp; wildList.indexOf(symbol) != -1): null

2019-08-24 12:46:48 - [TEST_STEP][PASSED] - if (i == 3 &amp;&amp; wildList.indexOf(symbol) != -1): null

2019-08-24 12:46:48 - [TEST_STEP][PASSED] - if (i == 4 &amp;&amp; wildList.indexOf(symbol) != -1): null

2019-08-24 12:46:48 - [TEST_STEP][PASSED] - symbols = symbols: null

2019-08-24 12:46:48 - [TEST_STEP][PASSED] - for ([j = 0, j &lt; symbols.size(), (j++)]): null

2019-08-24 12:46:48 - [TEST_STEP][PASSED] - symbol = symbol: null

2019-08-24 12:46:48 - [TEST_STEP][PASSED] - println(symbol): null

2019-08-24 12:46:48 - [TEST_STEP][PASSED] - if (i == 2 &amp;&amp; wildList.indexOf(symbol) != -1): null

2019-08-24 12:46:48 - [TEST_STEP][PASSED] - if (i == 3 &amp;&amp; wildList.indexOf(symbol) != -1): null

2019-08-24 12:46:48 - [TEST_STEP][PASSED] - if (i == 4 &amp;&amp; wildList.indexOf(symbol) != -1): null

2019-08-24 12:46:48 - [TEST_STEP][PASSED] - symbol = symbol: null

2019-08-24 12:46:48 - [TEST_STEP][PASSED] - println(symbol): null

2019-08-24 12:46:48 - [TEST_STEP][PASSED] - if (i == 2 &amp;&amp; wildList.indexOf(symbol) != -1): null

2019-08-24 12:46:48 - [TEST_STEP][PASSED] - if (i == 3 &amp;&amp; wildList.indexOf(symbol) != -1): null

2019-08-24 12:46:48 - [TEST_STEP][PASSED] - if (i == 4 &amp;&amp; wildList.indexOf(symbol) != -1): null

2019-08-24 12:46:48 - [TEST_STEP][PASSED] - symbol = symbol: null

2019-08-24 12:46:48 - [TEST_STEP][PASSED] - println(symbol): null

2019-08-24 12:46:48 - [TEST_STEP][PASSED] - if (i == 2 &amp;&amp; wildList.indexOf(symbol) != -1): null

2019-08-24 12:46:48 - [TEST_STEP][PASSED] - if (i == 3 &amp;&amp; wildList.indexOf(symbol) != -1): null

2019-08-24 12:46:48 - [TEST_STEP][PASSED] - if (i == 4 &amp;&amp; wildList.indexOf(symbol) != -1): null

2019-08-24 12:46:48 - [TEST_STEP][PASSED] - symbols = symbols: null

2019-08-24 12:46:48 - [TEST_STEP][PASSED] - for ([j = 0, j &lt; symbols.size(), (j++)]): null

2019-08-24 12:46:48 - [TEST_STEP][PASSED] - symbol = symbol: null

2019-08-24 12:46:48 - [TEST_STEP][PASSED] - println(symbol): null

2019-08-24 12:46:48 - [TEST_STEP][PASSED] - if (i == 2 &amp;&amp; wildList.indexOf(symbol) != -1): null

2019-08-24 12:46:48 - [TEST_STEP][PASSED] - if (i == 3 &amp;&amp; wildList.indexOf(symbol) != -1): null

2019-08-24 12:46:48 - [TEST_STEP][PASSED] - if (i == 4 &amp;&amp; wildList.indexOf(symbol) != -1): null

2019-08-24 12:46:48 - [TEST_STEP][PASSED] - symbol = symbol: null

2019-08-24 12:46:48 - [TEST_STEP][PASSED] - println(symbol): null

2019-08-24 12:46:48 - [TEST_STEP][PASSED] - if (i == 2 &amp;&amp; wildList.indexOf(symbol) != -1): null

2019-08-24 12:46:48 - [TEST_STEP][PASSED] - if (i == 3 &amp;&amp; wildList.indexOf(symbol) != -1): null

2019-08-24 12:46:48 - [TEST_STEP][PASSED] - if (i == 4 &amp;&amp; wildList.indexOf(symbol) != -1): null

2019-08-24 12:46:48 - [TEST_STEP][PASSED] - symbol = symbol: null

2019-08-24 12:46:48 - [TEST_STEP][PASSED] - println(symbol): null

2019-08-24 12:46:48 - [TEST_STEP][PASSED] - if (i == 2 &amp;&amp; wildList.indexOf(symbol) != -1): null

2019-08-24 12:46:48 - [TEST_STEP][PASSED] - println("wild found on reel 3, adding counter by 1"): null

2019-08-24 12:46:48 - [TEST_STEP][PASSED] - free_spin_reel_counter[0] = free_spin_reel_counter[0] + 1: null

2019-08-24 12:46:48 - [TEST_STEP][PASSED] - if (i == 3 &amp;&amp; wildList.indexOf(symbol) != -1): null

2019-08-24 12:46:48 - [TEST_STEP][PASSED] - if (i == 4 &amp;&amp; wildList.indexOf(symbol) != -1): null

2019-08-24 12:46:48 - [TEST_STEP][PASSED] - symbols = symbols: null

2019-08-24 12:46:48 - [TEST_STEP][PASSED] - for ([j = 0, j &lt; symbols.size(), (j++)]): null

2019-08-24 12:46:48 - [TEST_STEP][PASSED] - symbol = symbol: null

2019-08-24 12:46:48 - [TEST_STEP][PASSED] - println(symbol): null

2019-08-24 12:46:48 - [TEST_STEP][PASSED] - if (i == 2 &amp;&amp; wildList.indexOf(symbol) != -1): null

2019-08-24 12:46:48 - [TEST_STEP][PASSED] - if (i == 3 &amp;&amp; wildList.indexOf(symbol) != -1): null

2019-08-24 12:46:48 - [TEST_STEP][PASSED] - if (i == 4 &amp;&amp; wildList.indexOf(symbol) != -1): null

2019-08-24 12:46:48 - [TEST_STEP][PASSED] - symbol = symbol: null

2019-08-24 12:46:48 - [TEST_STEP][PASSED] - println(symbol): null

2019-08-24 12:46:48 - [TEST_STEP][PASSED] - if (i == 2 &amp;&amp; wildList.indexOf(symbol) != -1): null

2019-08-24 12:46:48 - [TEST_STEP][PASSED] - if (i == 3 &amp;&amp; wildList.indexOf(symbol) != -1): null

2019-08-24 12:46:48 - [TEST_STEP][PASSED] - if (i == 4 &amp;&amp; wildList.indexOf(symbol) != -1): null

2019-08-24 12:46:48 - [TEST_STEP][PASSED] - symbol = symbol: null

2019-08-24 12:46:48 - [TEST_STEP][PASSED] - println(symbol): null

2019-08-24 12:46:48 - [TEST_STEP][PASSED] - if (i == 2 &amp;&amp; wildList.indexOf(symbol) != -1): null

2019-08-24 12:46:48 - [TEST_STEP][PASSED] - if (i == 3 &amp;&amp; wildList.indexOf(symbol) != -1): null

2019-08-24 12:46:48 - [TEST_STEP][PASSED] - if (i == 4 &amp;&amp; wildList.indexOf(symbol) != -1): null

2019-08-24 12:46:48 - [TEST_STEP][PASSED] - symbols = symbols: null

2019-08-24 12:46:48 - [TEST_STEP][PASSED] - for ([j = 0, j &lt; symbols.size(), (j++)]): null

2019-08-24 12:46:48 - [TEST_STEP][PASSED] - symbol = symbol: null

2019-08-24 12:46:48 - [TEST_STEP][PASSED] - println(symbol): null

2019-08-24 12:46:48 - [TEST_STEP][PASSED] - if (i == 2 &amp;&amp; wildList.indexOf(symbol) != -1): null

2019-08-24 12:46:48 - [TEST_STEP][PASSED] - if (i == 3 &amp;&amp; wildList.indexOf(symbol) != -1): null

2019-08-24 12:46:48 - [TEST_STEP][PASSED] - if (i == 4 &amp;&amp; wildList.indexOf(symbol) != -1): null

2019-08-24 12:46:48 - [TEST_STEP][PASSED] - symbol = symbol: null

2019-08-24 12:46:48 - [TEST_STEP][PASSED] - println(symbol): null

2019-08-24 12:46:48 - [TEST_STEP][PASSED] - if (i == 2 &amp;&amp; wildList.indexOf(symbol) != -1): null

2019-08-24 12:46:48 - [TEST_STEP][PASSED] - if (i == 3 &amp;&amp; wildList.indexOf(symbol) != -1): null

2019-08-24 12:46:48 - [TEST_STEP][PASSED] - if (i == 4 &amp;&amp; wildList.indexOf(symbol) != -1): null

2019-08-24 12:46:48 - [TEST_STEP][PASSED] - symbol = symbol: null

2019-08-24 12:46:48 - [TEST_STEP][PASSED] - println(symbol): null

2019-08-24 12:46:48 - [TEST_STEP][PASSED] - if (i == 2 &amp;&amp; wildList.indexOf(symbol) != -1): null

2019-08-24 12:46:48 - [TEST_STEP][PASSED] - if (i == 3 &amp;&amp; wildList.indexOf(symbol) != -1): null

2019-08-24 12:46:48 - [TEST_STEP][PASSED] - if (i == 4 &amp;&amp; wildList.indexOf(symbol) != -1): null

2019-08-24 12:46:48 - [TEST_STEP][PASSED] - free_spin_reel_counter = free_spin_reel_counter: null

2019-08-24 12:46:48 - [TEST_STEP][PASSED] - println("reel 3 wild found: " + free_spin_reel_counter[0]): null

2019-08-24 12:46:48 - [TEST_STEP][PASSED] - println("reel 4 wild found: " + free_spin_reel_counter[1]): null

2019-08-24 12:46:48 - [TEST_STEP][PASSED] - println("reel 5 wild found: " + free_spin_reel_counter[2]): null

2019-08-24 12:46:48 - [TEST_STEP][PASSED] - M4_spin_reels = M4_spin_reels: null

2019-08-24 12:46:48 - [TEST_STEP][PASSED] - M4_spin_reels_symbols = symbol: null

2019-08-24 12:46:48 - [TEST_STEP][PASSED] - M4_spin_reels_symbols = M4_spin_reels_symbols: null

2019-08-24 12:46:48 - [TEST_STEP][PASSED] - M4_spin_reel_wins = reel_wins: null

2019-08-24 12:46:48 - [TEST_STEP][PASSED] - M4_spin_reel_wins = M4_spin_reel_wins: null

2019-08-24 12:46:48 - [TEST_STEP][PASSED] - println("GlobalVariable.M4_spin_reel_wins is: " + M4_spin_reel_wins): null

2019-08-24 12:46:48 - [TEST_STEP][PASSED] - M4_spin_total_bonus_win_this_round = total_bonus_win_this_round: null

2019-08-24 12:46:48 - [TEST_STEP][PASSED] - M4_spin_total_bonus_win_this_round = M4_spin_total_bonus_win_this_round: null

2019-08-24 12:46:48 - [TEST_STEP][PASSED] - println("GlobalVariable.M4_spin_total_bonus_win_this_round is: " + M4_spin_total_bonus_win_this_round): null

2019-08-24 12:46:48 - [TEST_STEP][PASSED] - M4_spin_bonus_spin_result = spin_result: null

2019-08-24 12:46:48 - [TEST_STEP][PASSED] - M4_spin_bonus_spin_result = M4_spin_bonus_spin_result: null

2019-08-24 12:46:48 - [MESSAGE][PASSED] - Verify response successfully

2019-08-24 12:46:48 - [MESSAGE][PASSED] - Send request and verify the response successfully

2019-08-24 12:46:48 - [TEST_STEP][PASSED] - if (M4_total_bonus_spins_int != 0 &amp;&amp; M4_spin_reels_symbols[2].contains("WILD_Double") || M4_spin_reels_symbols[4].contains("WILD_Triple")): null

2019-08-24 12:46:48 - [TEST_STEP][PASSED] - free_spin_reel_counter = free_spin_reel_counter: null

2019-08-24 12:46:48 - [TEST_STEP][PASSED] - M4_spin_reels_symbols = M4_spin_reels_symbols: null

2019-08-24 12:46:48 - [TEST_STEP][PASSED] - M4_total_bonus_spins = M4_total_bonus_spins: null

2019-08-24 12:46:48 - [TEST_STEP][PASSED] - spin_result = sendRequestAndVerify(findTestObject("INT/RGS(M4)/1_M4_spin", ["M4_login_user_id":M4_login_user_id, "rgs_session_token":rgs_session_token, "partner":Partner])): Send request and verify the response successfully

2019-08-24 12:46:49 - [MESSAGE][INFO] - HAR: /Users/eiralee/Katalon_Script/SuperWild/Reports/20190824_124242/INT/superWild_4/20190824_124242/requests/main/78.har

2019-08-24 12:46:49 - [TEST_CASE][PASSED] - Start Test Case : Verification: Verification accomplished successfully

2019-08-24 12:46:49 - [TEST_STEP][PASSED] - request = getInstance().getCurrentRequest(): null

2019-08-24 12:46:49 - [TEST_STEP][PASSED] - response = getInstance().getCurrentResponse(): null

2019-08-24 12:46:49 - [TEST_STEP][PASSED] - verifyResponseStatusCode(response, 200): Verify response status code successfully

2019-08-24 12:46:49 - [MESSAGE][PASSED] - Verify response status code successfully

2019-08-24 12:46:49 - [TEST_STEP][PASSED] - getStatusCode()).isEqualTo(200): null

2019-08-24 12:46:49 - [TEST_STEP][PASSED] - newline = System.getProperty("line.separator"): null

2019-08-24 12:46:49 - [TEST_STEP][PASSED] - M4_spin = new groovy.json.JsonSlurper(): null

2019-08-24 12:46:49 - [TEST_STEP][PASSED] - result_M4_spin = M4_spin.parseText(response.getResponseBodyContent()): null

2019-08-24 12:46:49 - [TEST_STEP][PASSED] - M4_spin_current_balance = current_balance: null

2019-08-24 12:46:49 - [TEST_STEP][PASSED] - M4_spin_current_balance = M4_spin_current_balance: null

2019-08-24 12:46:49 - [TEST_STEP][PASSED] - M4_spin_transaction_id = causality: null

2019-08-24 12:46:49 - [TEST_STEP][PASSED] - M4_spin_transaction_id = M4_spin_transaction_id: null

2019-08-24 12:46:49 - [TEST_STEP][PASSED] - M4_spin_round_id = round_id: null

2019-08-24 12:46:49 - [TEST_STEP][PASSED] - M4_spin_round_id = M4_spin_round_id: null

2019-08-24 12:46:52 - [TEST_STEP][PASSED] - M4_spin_line_wins = line_wins: null

2019-08-24 12:46:52 - [TEST_STEP][PASSED] - M4_spin_line_wins = M4_spin_line_wins: null

2019-08-24 12:46:52 - [TEST_STEP][PASSED] - M4_total_bonus_spins_int = total_bonus_spins: null

2019-08-24 12:46:52 - [TEST_STEP][PASSED] - println("******M4_total_bonus_spins type is:*******" + newline + getClass().getName()): null

2019-08-24 12:46:52 - [TEST_STEP][PASSED] - M4_total_bonus_spins_int = M4_total_bonus_spins_int: null

2019-08-24 12:46:52 - [TEST_STEP][PASSED] - M4_total_bonus_spins = Integer.toString(M4_total_bonus_spins_int): null

2019-08-24 12:46:52 - [TEST_STEP][PASSED] - M4_total_bonus_spins = M4_total_bonus_spins: null

2019-08-24 12:46:52 - [TEST_STEP][PASSED] - println("M4_total_bonus_spins is:" + M4_total_bonus_spins): null

2019-08-24 12:46:52 - [TEST_STEP][PASSED] - M4_spin_bonus_data = bonus_data: null

2019-08-24 12:46:52 - [TEST_STEP][PASSED] - M4_spin_features_triggered = result_M4_spin: null

2019-08-24 12:46:55 - [TEST_STEP][PASSED] - wild = []: null

2019-08-24 12:46:55 - [TEST_STEP][PASSED] - wild[0] = "WILD_Expanding": null

2019-08-24 12:46:55 - [TEST_STEP][PASSED] - wild[1] = "WILD_Normal": null

2019-08-24 12:46:55 - [TEST_STEP][PASSED] - wild[2] = "WILD_Double": null

2019-08-24 12:46:55 - [TEST_STEP][PASSED] - wild[3] = "WILD_ExtraFG": null

2019-08-24 12:46:55 - [TEST_STEP][PASSED] - wild[4] = "WILD_Triple": null

2019-08-24 12:46:55 - [TEST_STEP][PASSED] - wildList = Arrays.asList(wild): null

2019-08-24 12:46:55 - [TEST_STEP][PASSED] - wildList = wildList: null

2019-08-24 12:46:55 - [TEST_STEP][PASSED] - free_spin_reel_counter = []: null

2019-08-24 12:46:55 - [TEST_STEP][PASSED] - free_spin_reel_counter[0] = 0: null

2019-08-24 12:46:55 - [TEST_STEP][PASSED] - free_spin_reel_counter[1] = 0: null

2019-08-24 12:46:55 - [TEST_STEP][PASSED] - free_spin_reel_counter[2] = 0: null

2019-08-24 12:46:55 - [TEST_STEP][PASSED] - M4_spin_reels = reels: null

2019-08-24 12:46:55 - [TEST_STEP][PASSED] - for ([i = 0, i &lt; M4_spin_reels.size(), (i++)]): null

2019-08-24 12:46:55 - [TEST_STEP][PASSED] - symbols = symbols: null

2019-08-24 12:46:55 - [TEST_STEP][PASSED] - for ([j = 0, j &lt; symbols.size(), (j++)]): null

2019-08-24 12:46:55 - [TEST_STEP][PASSED] - symbol = symbol: null

2019-08-24 12:46:55 - [TEST_STEP][PASSED] - println(symbol): null

2019-08-24 12:46:55 - [TEST_STEP][PASSED] - if (i == 2 &amp;&amp; wildList.indexOf(symbol) != -1): null

2019-08-24 12:46:55 - [TEST_STEP][PASSED] - if (i == 3 &amp;&amp; wildList.indexOf(symbol) != -1): null

2019-08-24 12:46:55 - [TEST_STEP][PASSED] - if (i == 4 &amp;&amp; wildList.indexOf(symbol) != -1): null

2019-08-24 12:46:55 - [TEST_STEP][PASSED] - symbol = symbol: null

2019-08-24 12:46:55 - [TEST_STEP][PASSED] - println(symbol): null

2019-08-24 12:46:55 - [TEST_STEP][PASSED] - if (i == 2 &amp;&amp; wildList.indexOf(symbol) != -1): null

2019-08-24 12:46:55 - [TEST_STEP][PASSED] - if (i == 3 &amp;&amp; wildList.indexOf(symbol) != -1): null

2019-08-24 12:46:55 - [TEST_STEP][PASSED] - if (i == 4 &amp;&amp; wildList.indexOf(symbol) != -1): null

2019-08-24 12:46:55 - [TEST_STEP][PASSED] - symbol = symbol: null

2019-08-24 12:46:55 - [TEST_STEP][PASSED] - println(symbol): null

2019-08-24 12:46:55 - [TEST_STEP][PASSED] - if (i == 2 &amp;&amp; wildList.indexOf(symbol) != -1): null

2019-08-24 12:46:55 - [TEST_STEP][PASSED] - if (i == 3 &amp;&amp; wildList.indexOf(symbol) != -1): null

2019-08-24 12:46:55 - [TEST_STEP][PASSED] - if (i == 4 &amp;&amp; wildList.indexOf(symbol) != -1): null

2019-08-24 12:46:55 - [TEST_STEP][PASSED] - symbols = symbols: null

2019-08-24 12:46:55 - [TEST_STEP][PASSED] - for ([j = 0, j &lt; symbols.size(), (j++)]): null

2019-08-24 12:46:55 - [TEST_STEP][PASSED] - symbol = symbol: null

2019-08-24 12:46:55 - [TEST_STEP][PASSED] - println(symbol): null

2019-08-24 12:46:55 - [TEST_STEP][PASSED] - if (i == 2 &amp;&amp; wildList.indexOf(symbol) != -1): null

2019-08-24 12:46:55 - [TEST_STEP][PASSED] - if (i == 3 &amp;&amp; wildList.indexOf(symbol) != -1): null

2019-08-24 12:46:55 - [TEST_STEP][PASSED] - if (i == 4 &amp;&amp; wildList.indexOf(symbol) != -1): null

2019-08-24 12:46:55 - [TEST_STEP][PASSED] - symbol = symbol: null

2019-08-24 12:46:55 - [TEST_STEP][PASSED] - println(symbol): null

2019-08-24 12:46:55 - [TEST_STEP][PASSED] - if (i == 2 &amp;&amp; wildList.indexOf(symbol) != -1): null

2019-08-24 12:46:55 - [TEST_STEP][PASSED] - if (i == 3 &amp;&amp; wildList.indexOf(symbol) != -1): null

2019-08-24 12:46:55 - [TEST_STEP][PASSED] - if (i == 4 &amp;&amp; wildList.indexOf(symbol) != -1): null

2019-08-24 12:46:55 - [TEST_STEP][PASSED] - symbol = symbol: null

2019-08-24 12:46:55 - [TEST_STEP][PASSED] - println(symbol): null

2019-08-24 12:46:55 - [TEST_STEP][PASSED] - if (i == 2 &amp;&amp; wildList.indexOf(symbol) != -1): null

2019-08-24 12:46:55 - [TEST_STEP][PASSED] - if (i == 3 &amp;&amp; wildList.indexOf(symbol) != -1): null

2019-08-24 12:46:55 - [TEST_STEP][PASSED] - if (i == 4 &amp;&amp; wildList.indexOf(symbol) != -1): null

2019-08-24 12:46:55 - [TEST_STEP][PASSED] - symbols = symbols: null

2019-08-24 12:46:55 - [TEST_STEP][PASSED] - for ([j = 0, j &lt; symbols.size(), (j++)]): null

2019-08-24 12:46:55 - [TEST_STEP][PASSED] - symbol = symbol: null

2019-08-24 12:46:55 - [TEST_STEP][PASSED] - println(symbol): null

2019-08-24 12:46:55 - [TEST_STEP][PASSED] - if (i == 2 &amp;&amp; wildList.indexOf(symbol) != -1): null

2019-08-24 12:46:55 - [TEST_STEP][PASSED] - if (i == 3 &amp;&amp; wildList.indexOf(symbol) != -1): null

2019-08-24 12:46:55 - [TEST_STEP][PASSED] - if (i == 4 &amp;&amp; wildList.indexOf(symbol) != -1): null

2019-08-24 12:46:55 - [TEST_STEP][PASSED] - symbol = symbol: null

2019-08-24 12:46:55 - [TEST_STEP][PASSED] - println(symbol): null

2019-08-24 12:46:55 - [TEST_STEP][PASSED] - if (i == 2 &amp;&amp; wildList.indexOf(symbol) != -1): null

2019-08-24 12:46:55 - [TEST_STEP][PASSED] - if (i == 3 &amp;&amp; wildList.indexOf(symbol) != -1): null

2019-08-24 12:46:55 - [TEST_STEP][PASSED] - if (i == 4 &amp;&amp; wildList.indexOf(symbol) != -1): null

2019-08-24 12:46:55 - [TEST_STEP][PASSED] - symbol = symbol: null

2019-08-24 12:46:55 - [TEST_STEP][PASSED] - println(symbol): null

2019-08-24 12:46:55 - [TEST_STEP][PASSED] - if (i == 2 &amp;&amp; wildList.indexOf(symbol) != -1): null

2019-08-24 12:46:55 - [TEST_STEP][PASSED] - if (i == 3 &amp;&amp; wildList.indexOf(symbol) != -1): null

2019-08-24 12:46:55 - [TEST_STEP][PASSED] - if (i == 4 &amp;&amp; wildList.indexOf(symbol) != -1): null

2019-08-24 12:46:55 - [TEST_STEP][PASSED] - symbols = symbols: null

2019-08-24 12:46:55 - [TEST_STEP][PASSED] - for ([j = 0, j &lt; symbols.size(), (j++)]): null

2019-08-24 12:46:55 - [TEST_STEP][PASSED] - symbol = symbol: null

2019-08-24 12:46:55 - [TEST_STEP][PASSED] - println(symbol): null

2019-08-24 12:46:55 - [TEST_STEP][PASSED] - if (i == 2 &amp;&amp; wildList.indexOf(symbol) != -1): null

2019-08-24 12:46:55 - [TEST_STEP][PASSED] - if (i == 3 &amp;&amp; wildList.indexOf(symbol) != -1): null

2019-08-24 12:46:55 - [TEST_STEP][PASSED] - if (i == 4 &amp;&amp; wildList.indexOf(symbol) != -1): null

2019-08-24 12:46:55 - [TEST_STEP][PASSED] - symbol = symbol: null

2019-08-24 12:46:55 - [TEST_STEP][PASSED] - println(symbol): null

2019-08-24 12:46:55 - [TEST_STEP][PASSED] - if (i == 2 &amp;&amp; wildList.indexOf(symbol) != -1): null

2019-08-24 12:46:55 - [TEST_STEP][PASSED] - if (i == 3 &amp;&amp; wildList.indexOf(symbol) != -1): null

2019-08-24 12:46:55 - [TEST_STEP][PASSED] - if (i == 4 &amp;&amp; wildList.indexOf(symbol) != -1): null

2019-08-24 12:46:55 - [TEST_STEP][PASSED] - symbol = symbol: null

2019-08-24 12:46:55 - [TEST_STEP][PASSED] - println(symbol): null

2019-08-24 12:46:55 - [TEST_STEP][PASSED] - if (i == 2 &amp;&amp; wildList.indexOf(symbol) != -1): null

2019-08-24 12:46:55 - [TEST_STEP][PASSED] - if (i == 3 &amp;&amp; wildList.indexOf(symbol) != -1): null

2019-08-24 12:46:55 - [TEST_STEP][PASSED] - if (i == 4 &amp;&amp; wildList.indexOf(symbol) != -1): null

2019-08-24 12:46:55 - [TEST_STEP][PASSED] - symbols = symbols: null

2019-08-24 12:46:55 - [TEST_STEP][PASSED] - for ([j = 0, j &lt; symbols.size(), (j++)]): null

2019-08-24 12:46:55 - [TEST_STEP][PASSED] - symbol = symbol: null

2019-08-24 12:46:55 - [TEST_STEP][PASSED] - println(symbol): null

2019-08-24 12:46:55 - [TEST_STEP][PASSED] - if (i == 2 &amp;&amp; wildList.indexOf(symbol) != -1): null

2019-08-24 12:46:55 - [TEST_STEP][PASSED] - if (i == 3 &amp;&amp; wildList.indexOf(symbol) != -1): null

2019-08-24 12:46:55 - [TEST_STEP][PASSED] - if (i == 4 &amp;&amp; wildList.indexOf(symbol) != -1): null

2019-08-24 12:46:55 - [TEST_STEP][PASSED] - symbol = symbol: null

2019-08-24 12:46:55 - [TEST_STEP][PASSED] - println(symbol): null

2019-08-24 12:46:55 - [TEST_STEP][PASSED] - if (i == 2 &amp;&amp; wildList.indexOf(symbol) != -1): null

2019-08-24 12:46:55 - [TEST_STEP][PASSED] - if (i == 3 &amp;&amp; wildList.indexOf(symbol) != -1): null

2019-08-24 12:46:55 - [TEST_STEP][PASSED] - if (i == 4 &amp;&amp; wildList.indexOf(symbol) != -1): null

2019-08-24 12:46:55 - [TEST_STEP][PASSED] - symbol = symbol: null

2019-08-24 12:46:55 - [TEST_STEP][PASSED] - println(symbol): null

2019-08-24 12:46:55 - [TEST_STEP][PASSED] - if (i == 2 &amp;&amp; wildList.indexOf(symbol) != -1): null

2019-08-24 12:46:55 - [TEST_STEP][PASSED] - if (i == 3 &amp;&amp; wildList.indexOf(symbol) != -1): null

2019-08-24 12:46:55 - [TEST_STEP][PASSED] - if (i == 4 &amp;&amp; wildList.indexOf(symbol) != -1): null

2019-08-24 12:46:55 - [TEST_STEP][PASSED] - free_spin_reel_counter = free_spin_reel_counter: null

2019-08-24 12:46:55 - [TEST_STEP][PASSED] - println("reel 3 wild found: " + free_spin_reel_counter[0]): null

2019-08-24 12:46:55 - [TEST_STEP][PASSED] - println("reel 4 wild found: " + free_spin_reel_counter[1]): null

2019-08-24 12:46:55 - [TEST_STEP][PASSED] - println("reel 5 wild found: " + free_spin_reel_counter[2]): null

2019-08-24 12:46:55 - [TEST_STEP][PASSED] - M4_spin_reels = M4_spin_reels: null

2019-08-24 12:46:55 - [TEST_STEP][PASSED] - M4_spin_reels_symbols = symbol: null

2019-08-24 12:46:55 - [TEST_STEP][PASSED] - M4_spin_reels_symbols = M4_spin_reels_symbols: null

2019-08-24 12:46:55 - [TEST_STEP][PASSED] - M4_spin_reel_wins = reel_wins: null

2019-08-24 12:46:55 - [TEST_STEP][PASSED] - M4_spin_reel_wins = M4_spin_reel_wins: null

2019-08-24 12:46:55 - [TEST_STEP][PASSED] - println("GlobalVariable.M4_spin_reel_wins is: " + M4_spin_reel_wins): null

2019-08-24 12:46:55 - [TEST_STEP][PASSED] - M4_spin_total_bonus_win_this_round = total_bonus_win_this_round: null

2019-08-24 12:46:55 - [TEST_STEP][PASSED] - M4_spin_total_bonus_win_this_round = M4_spin_total_bonus_win_this_round: null

2019-08-24 12:46:55 - [TEST_STEP][PASSED] - println("GlobalVariable.M4_spin_total_bonus_win_this_round is: " + M4_spin_total_bonus_win_this_round): null

2019-08-24 12:46:55 - [TEST_STEP][PASSED] - M4_spin_bonus_spin_result = spin_result: null

2019-08-24 12:46:55 - [TEST_STEP][PASSED] - M4_spin_bonus_spin_result = M4_spin_bonus_spin_result: null

2019-08-24 12:46:55 - [MESSAGE][PASSED] - Verify response successfully

2019-08-24 12:46:55 - [MESSAGE][PASSED] - Send request and verify the response successfully

2019-08-24 12:46:55 - [TEST_STEP][PASSED] - if (M4_total_bonus_spins_int != 0 &amp;&amp; M4_spin_reels_symbols[2].contains("WILD_Double") || M4_spin_reels_symbols[4].contains("WILD_Triple")): null

2019-08-24 12:46:55 - [TEST_STEP][PASSED] - free_spin_reel_counter = free_spin_reel_counter: null

2019-08-24 12:46:55 - [TEST_STEP][PASSED] - M4_spin_reels_symbols = M4_spin_reels_symbols: null

2019-08-24 12:46:55 - [TEST_STEP][PASSED] - M4_total_bonus_spins = M4_total_bonus_spins: null

2019-08-24 12:46:55 - [TEST_STEP][PASSED] - spin_result = sendRequestAndVerify(findTestObject("INT/RGS(M4)/1_M4_spin", ["M4_login_user_id":M4_login_user_id, "rgs_session_token":rgs_session_token, "partner":Partner])): Send request and verify the response successfully

2019-08-24 12:46:55 - [MESSAGE][INFO] - HAR: /Users/eiralee/Katalon_Script/SuperWild/Reports/20190824_124242/INT/superWild_4/20190824_124242/requests/main/79.har

2019-08-24 12:46:56 - [TEST_CASE][PASSED] - Start Test Case : Verification: Verification accomplished successfully

2019-08-24 12:46:56 - [TEST_STEP][PASSED] - request = getInstance().getCurrentRequest(): null

2019-08-24 12:46:56 - [TEST_STEP][PASSED] - response = getInstance().getCurrentResponse(): null

2019-08-24 12:46:56 - [TEST_STEP][PASSED] - verifyResponseStatusCode(response, 200): Verify response status code successfully

2019-08-24 12:46:56 - [MESSAGE][PASSED] - Verify response status code successfully

2019-08-24 12:46:56 - [TEST_STEP][PASSED] - getStatusCode()).isEqualTo(200): null

2019-08-24 12:46:56 - [TEST_STEP][PASSED] - newline = System.getProperty("line.separator"): null

2019-08-24 12:46:56 - [TEST_STEP][PASSED] - M4_spin = new groovy.json.JsonSlurper(): null

2019-08-24 12:46:56 - [TEST_STEP][PASSED] - result_M4_spin = M4_spin.parseText(response.getResponseBodyContent()): null

2019-08-24 12:46:56 - [TEST_STEP][PASSED] - M4_spin_current_balance = current_balance: null

2019-08-24 12:46:56 - [TEST_STEP][PASSED] - M4_spin_current_balance = M4_spin_current_balance: null

2019-08-24 12:46:56 - [TEST_STEP][PASSED] - M4_spin_transaction_id = causality: null

2019-08-24 12:46:56 - [TEST_STEP][PASSED] - M4_spin_transaction_id = M4_spin_transaction_id: null

2019-08-24 12:46:56 - [TEST_STEP][PASSED] - M4_spin_round_id = round_id: null

2019-08-24 12:46:56 - [TEST_STEP][PASSED] - M4_spin_round_id = M4_spin_round_id: null

2019-08-24 12:46:56 - [TEST_STEP][PASSED] - M4_spin_line_wins = line_wins: null

2019-08-24 12:46:56 - [TEST_STEP][PASSED] - M4_spin_line_wins = M4_spin_line_wins: null

2019-08-24 12:46:56 - [TEST_STEP][PASSED] - M4_total_bonus_spins_int = total_bonus_spins: null

2019-08-24 12:46:56 - [TEST_STEP][PASSED] - println("******M4_total_bonus_spins type is:*******" + newline + getClass().getName()): null

2019-08-24 12:46:56 - [TEST_STEP][PASSED] - M4_total_bonus_spins_int = M4_total_bonus_spins_int: null

2019-08-24 12:46:56 - [TEST_STEP][PASSED] - M4_total_bonus_spins = Integer.toString(M4_total_bonus_spins_int): null

2019-08-24 12:46:56 - [TEST_STEP][PASSED] - M4_total_bonus_spins = M4_total_bonus_spins: null

2019-08-24 12:46:56 - [TEST_STEP][PASSED] - println("M4_total_bonus_spins is:" + M4_total_bonus_spins): null

2019-08-24 12:46:56 - [TEST_STEP][PASSED] - M4_spin_bonus_data = bonus_data: null

2019-08-24 12:46:56 - [TEST_STEP][PASSED] - M4_spin_features_triggered = result_M4_spin: null

2019-08-24 12:46:56 - [TEST_STEP][PASSED] - wild = []: null

2019-08-24 12:46:56 - [TEST_STEP][PASSED] - wild[0] = "WILD_Expanding": null

2019-08-24 12:46:56 - [TEST_STEP][PASSED] - wild[1] = "WILD_Normal": null

2019-08-24 12:46:56 - [TEST_STEP][PASSED] - wild[2] = "WILD_Double": null

2019-08-24 12:46:56 - [TEST_STEP][PASSED] - wild[3] = "WILD_ExtraFG": null

2019-08-24 12:46:56 - [TEST_STEP][PASSED] - wild[4] = "WILD_Triple": null

2019-08-24 12:46:56 - [TEST_STEP][PASSED] - wildList = Arrays.asList(wild): null

2019-08-24 12:46:56 - [TEST_STEP][PASSED] - wildList = wildList: null

2019-08-24 12:46:56 - [TEST_STEP][PASSED] - free_spin_reel_counter = []: null

2019-08-24 12:46:56 - [TEST_STEP][PASSED] - free_spin_reel_counter[0] = 0: null

2019-08-24 12:46:56 - [TEST_STEP][PASSED] - free_spin_reel_counter[1] = 0: null

2019-08-24 12:46:56 - [TEST_STEP][PASSED] - free_spin_reel_counter[2] = 0: null

2019-08-24 12:46:56 - [TEST_STEP][PASSED] - M4_spin_reels = reels: null

2019-08-24 12:46:56 - [TEST_STEP][PASSED] - for ([i = 0, i &lt; M4_spin_reels.size(), (i++)]): null

2019-08-24 12:46:56 - [TEST_STEP][PASSED] - symbols = symbols: null

2019-08-24 12:46:56 - [TEST_STEP][PASSED] - for ([j = 0, j &lt; symbols.size(), (j++)]): null

2019-08-24 12:46:56 - [TEST_STEP][PASSED] - symbol = symbol: null

2019-08-24 12:46:56 - [TEST_STEP][PASSED] - println(symbol): null

2019-08-24 12:46:56 - [TEST_STEP][PASSED] - if (i == 2 &amp;&amp; wildList.indexOf(symbol) != -1): null

2019-08-24 12:46:56 - [TEST_STEP][PASSED] - if (i == 3 &amp;&amp; wildList.indexOf(symbol) != -1): null

2019-08-24 12:46:56 - [TEST_STEP][PASSED] - if (i == 4 &amp;&amp; wildList.indexOf(symbol) != -1): null

2019-08-24 12:46:56 - [TEST_STEP][PASSED] - symbol = symbol: null

2019-08-24 12:46:56 - [TEST_STEP][PASSED] - println(symbol): null

2019-08-24 12:46:56 - [TEST_STEP][PASSED] - if (i == 2 &amp;&amp; wildList.indexOf(symbol) != -1): null

2019-08-24 12:46:56 - [TEST_STEP][PASSED] - if (i == 3 &amp;&amp; wildList.indexOf(symbol) != -1): null

2019-08-24 12:46:56 - [TEST_STEP][PASSED] - if (i == 4 &amp;&amp; wildList.indexOf(symbol) != -1): null

2019-08-24 12:46:56 - [TEST_STEP][PASSED] - symbol = symbol: null

2019-08-24 12:46:56 - [TEST_STEP][PASSED] - println(symbol): null

2019-08-24 12:46:56 - [TEST_STEP][PASSED] - if (i == 2 &amp;&amp; wildList.indexOf(symbol) != -1): null

2019-08-24 12:46:56 - [TEST_STEP][PASSED] - if (i == 3 &amp;&amp; wildList.indexOf(symbol) != -1): null

2019-08-24 12:46:56 - [TEST_STEP][PASSED] - if (i == 4 &amp;&amp; wildList.indexOf(symbol) != -1): null

2019-08-24 12:46:56 - [TEST_STEP][PASSED] - symbols = symbols: null

2019-08-24 12:46:56 - [TEST_STEP][PASSED] - for ([j = 0, j &lt; symbols.size(), (j++)]): null

2019-08-24 12:46:56 - [TEST_STEP][PASSED] - symbol = symbol: null

2019-08-24 12:46:56 - [TEST_STEP][PASSED] - println(symbol): null

2019-08-24 12:46:56 - [TEST_STEP][PASSED] - if (i == 2 &amp;&amp; wildList.indexOf(symbol) != -1): null

2019-08-24 12:46:56 - [TEST_STEP][PASSED] - if (i == 3 &amp;&amp; wildList.indexOf(symbol) != -1): null

2019-08-24 12:46:56 - [TEST_STEP][PASSED] - if (i == 4 &amp;&amp; wildList.indexOf(symbol) != -1): null

2019-08-24 12:46:56 - [TEST_STEP][PASSED] - symbol = symbol: null

2019-08-24 12:46:56 - [TEST_STEP][PASSED] - println(symbol): null

2019-08-24 12:46:56 - [TEST_STEP][PASSED] - if (i == 2 &amp;&amp; wildList.indexOf(symbol) != -1): null

2019-08-24 12:46:56 - [TEST_STEP][PASSED] - if (i == 3 &amp;&amp; wildList.indexOf(symbol) != -1): null

2019-08-24 12:46:56 - [TEST_STEP][PASSED] - if (i == 4 &amp;&amp; wildList.indexOf(symbol) != -1): null

2019-08-24 12:46:56 - [TEST_STEP][PASSED] - symbol = symbol: null

2019-08-24 12:46:56 - [TEST_STEP][PASSED] - println(symbol): null

2019-08-24 12:46:56 - [TEST_STEP][PASSED] - if (i == 2 &amp;&amp; wildList.indexOf(symbol) != -1): null

2019-08-24 12:46:56 - [TEST_STEP][PASSED] - if (i == 3 &amp;&amp; wildList.indexOf(symbol) != -1): null

2019-08-24 12:46:56 - [TEST_STEP][PASSED] - if (i == 4 &amp;&amp; wildList.indexOf(symbol) != -1): null

2019-08-24 12:46:56 - [TEST_STEP][PASSED] - symbols = symbols: null

2019-08-24 12:46:56 - [TEST_STEP][PASSED] - for ([j = 0, j &lt; symbols.size(), (j++)]): null

2019-08-24 12:46:56 - [TEST_STEP][PASSED] - symbol = symbol: null

2019-08-24 12:46:56 - [TEST_STEP][PASSED] - println(symbol): null

2019-08-24 12:46:56 - [TEST_STEP][PASSED] - if (i == 2 &amp;&amp; wildList.indexOf(symbol) != -1): null

2019-08-24 12:46:56 - [TEST_STEP][PASSED] - if (i == 3 &amp;&amp; wildList.indexOf(symbol) != -1): null

2019-08-24 12:46:56 - [TEST_STEP][PASSED] - if (i == 4 &amp;&amp; wildList.indexOf(symbol) != -1): null

2019-08-24 12:46:56 - [TEST_STEP][PASSED] - symbol = symbol: null

2019-08-24 12:46:56 - [TEST_STEP][PASSED] - println(symbol): null

2019-08-24 12:46:56 - [TEST_STEP][PASSED] - if (i == 2 &amp;&amp; wildList.indexOf(symbol) != -1): null

2019-08-24 12:46:56 - [TEST_STEP][PASSED] - if (i == 3 &amp;&amp; wildList.indexOf(symbol) != -1): null

2019-08-24 12:46:56 - [TEST_STEP][PASSED] - if (i == 4 &amp;&amp; wildList.indexOf(symbol) != -1): null

2019-08-24 12:46:56 - [TEST_STEP][PASSED] - symbol = symbol: null

2019-08-24 12:46:56 - [TEST_STEP][PASSED] - println(symbol): null

2019-08-24 12:46:56 - [TEST_STEP][PASSED] - if (i == 2 &amp;&amp; wildList.indexOf(symbol) != -1): null

2019-08-24 12:46:56 - [TEST_STEP][PASSED] - if (i == 3 &amp;&amp; wildList.indexOf(symbol) != -1): null

2019-08-24 12:46:56 - [TEST_STEP][PASSED] - if (i == 4 &amp;&amp; wildList.indexOf(symbol) != -1): null

2019-08-24 12:46:56 - [TEST_STEP][PASSED] - symbols = symbols: null

2019-08-24 12:46:56 - [TEST_STEP][PASSED] - for ([j = 0, j &lt; symbols.size(), (j++)]): null

2019-08-24 12:46:56 - [TEST_STEP][PASSED] - symbol = symbol: null

2019-08-24 12:46:56 - [TEST_STEP][PASSED] - println(symbol): null

2019-08-24 12:46:56 - [TEST_STEP][PASSED] - if (i == 2 &amp;&amp; wildList.indexOf(symbol) != -1): null

2019-08-24 12:46:56 - [TEST_STEP][PASSED] - if (i == 3 &amp;&amp; wildList.indexOf(symbol) != -1): null

2019-08-24 12:46:56 - [TEST_STEP][PASSED] - if (i == 4 &amp;&amp; wildList.indexOf(symbol) != -1): null

2019-08-24 12:46:56 - [TEST_STEP][PASSED] - symbol = symbol: null

2019-08-24 12:46:56 - [TEST_STEP][PASSED] - println(symbol): null

2019-08-24 12:46:56 - [TEST_STEP][PASSED] - if (i == 2 &amp;&amp; wildList.indexOf(symbol) != -1): null

2019-08-24 12:46:56 - [TEST_STEP][PASSED] - if (i == 3 &amp;&amp; wildList.indexOf(symbol) != -1): null

2019-08-24 12:46:56 - [TEST_STEP][PASSED] - println("wild found on reel 4, adding counter by 1"): null

2019-08-24 12:46:56 - [TEST_STEP][PASSED] - free_spin_reel_counter[1] = free_spin_reel_counter[1] + 1: null

2019-08-24 12:46:56 - [TEST_STEP][PASSED] - if (i == 4 &amp;&amp; wildList.indexOf(symbol) != -1): null

2019-08-24 12:46:56 - [TEST_STEP][PASSED] - symbol = symbol: null

2019-08-24 12:46:56 - [TEST_STEP][PASSED] - println(symbol): null

2019-08-24 12:46:56 - [TEST_STEP][PASSED] - if (i == 2 &amp;&amp; wildList.indexOf(symbol) != -1): null

2019-08-24 12:46:56 - [TEST_STEP][PASSED] - if (i == 3 &amp;&amp; wildList.indexOf(symbol) != -1): null

2019-08-24 12:46:56 - [TEST_STEP][PASSED] - if (i == 4 &amp;&amp; wildList.indexOf(symbol) != -1): null

2019-08-24 12:46:56 - [TEST_STEP][PASSED] - symbols = symbols: null

2019-08-24 12:46:56 - [TEST_STEP][PASSED] - for ([j = 0, j &lt; symbols.size(), (j++)]): null

2019-08-24 12:46:56 - [TEST_STEP][PASSED] - symbol = symbol: null

2019-08-24 12:46:56 - [TEST_STEP][PASSED] - println(symbol): null

2019-08-24 12:46:56 - [TEST_STEP][PASSED] - if (i == 2 &amp;&amp; wildList.indexOf(symbol) != -1): null

2019-08-24 12:46:56 - [TEST_STEP][PASSED] - if (i == 3 &amp;&amp; wildList.indexOf(symbol) != -1): null

2019-08-24 12:46:56 - [TEST_STEP][PASSED] - if (i == 4 &amp;&amp; wildList.indexOf(symbol) != -1): null

2019-08-24 12:46:56 - [TEST_STEP][PASSED] - symbol = symbol: null

2019-08-24 12:46:56 - [TEST_STEP][PASSED] - println(symbol): null

2019-08-24 12:46:56 - [TEST_STEP][PASSED] - if (i == 2 &amp;&amp; wildList.indexOf(symbol) != -1): null

2019-08-24 12:46:56 - [TEST_STEP][PASSED] - if (i == 3 &amp;&amp; wildList.indexOf(symbol) != -1): null

2019-08-24 12:46:56 - [TEST_STEP][PASSED] - if (i == 4 &amp;&amp; wildList.indexOf(symbol) != -1): null

2019-08-24 12:46:56 - [TEST_STEP][PASSED] - symbol = symbol: null

2019-08-24 12:46:56 - [TEST_STEP][PASSED] - println(symbol): null

2019-08-24 12:46:56 - [TEST_STEP][PASSED] - if (i == 2 &amp;&amp; wildList.indexOf(symbol) != -1): null

2019-08-24 12:46:56 - [TEST_STEP][PASSED] - if (i == 3 &amp;&amp; wildList.indexOf(symbol) != -1): null

2019-08-24 12:46:56 - [TEST_STEP][PASSED] - if (i == 4 &amp;&amp; wildList.indexOf(symbol) != -1): null

2019-08-24 12:46:56 - [TEST_STEP][PASSED] - free_spin_reel_counter = free_spin_reel_counter: null

2019-08-24 12:46:56 - [TEST_STEP][PASSED] - println("reel 3 wild found: " + free_spin_reel_counter[0]): null

2019-08-24 12:46:56 - [TEST_STEP][PASSED] - println("reel 4 wild found: " + free_spin_reel_counter[1]): null

2019-08-24 12:46:56 - [TEST_STEP][PASSED] - println("reel 5 wild found: " + free_spin_reel_counter[2]): null

2019-08-24 12:46:56 - [TEST_STEP][PASSED] - M4_spin_reels = M4_spin_reels: null

2019-08-24 12:46:56 - [TEST_STEP][PASSED] - M4_spin_reels_symbols = symbol: null

2019-08-24 12:46:56 - [TEST_STEP][PASSED] - M4_spin_reels_symbols = M4_spin_reels_symbols: null

2019-08-24 12:46:56 - [TEST_STEP][PASSED] - M4_spin_reel_wins = reel_wins: null

2019-08-24 12:46:56 - [TEST_STEP][PASSED] - M4_spin_reel_wins = M4_spin_reel_wins: null

2019-08-24 12:46:56 - [TEST_STEP][PASSED] - println("GlobalVariable.M4_spin_reel_wins is: " + M4_spin_reel_wins): null

2019-08-24 12:46:56 - [TEST_STEP][PASSED] - M4_spin_total_bonus_win_this_round = total_bonus_win_this_round: null

2019-08-24 12:46:56 - [TEST_STEP][PASSED] - M4_spin_total_bonus_win_this_round = M4_spin_total_bonus_win_this_round: null

2019-08-24 12:46:56 - [TEST_STEP][PASSED] - println("GlobalVariable.M4_spin_total_bonus_win_this_round is: " + M4_spin_total_bonus_win_this_round): null

2019-08-24 12:46:56 - [TEST_STEP][PASSED] - M4_spin_bonus_spin_result = spin_result: null

2019-08-24 12:46:56 - [TEST_STEP][PASSED] - M4_spin_bonus_spin_result = M4_spin_bonus_spin_result: null

2019-08-24 12:46:56 - [MESSAGE][PASSED] - Verify response successfully

2019-08-24 12:46:56 - [MESSAGE][PASSED] - Send request and verify the response successfully

2019-08-24 12:46:56 - [TEST_STEP][PASSED] - if (M4_total_bonus_spins_int != 0 &amp;&amp; M4_spin_reels_symbols[2].contains("WILD_Double") || M4_spin_reels_symbols[4].contains("WILD_Triple")): null

2019-08-24 12:46:56 - [TEST_STEP][PASSED] - free_spin_reel_counter = free_spin_reel_counter: null

2019-08-24 12:46:56 - [TEST_STEP][PASSED] - M4_spin_reels_symbols = M4_spin_reels_symbols: null

2019-08-24 12:46:56 - [TEST_STEP][PASSED] - M4_total_bonus_spins = M4_total_bonus_spins: null

2019-08-24 12:46:56 - [TEST_STEP][PASSED] - spin_result = sendRequestAndVerify(findTestObject("INT/RGS(M4)/1_M4_spin", ["M4_login_user_id":M4_login_user_id, "rgs_session_token":rgs_session_token, "partner":Partner])): Send request and verify the response successfully

2019-08-24 12:46:56 - [MESSAGE][INFO] - HAR: /Users/eiralee/Katalon_Script/SuperWild/Reports/20190824_124242/INT/superWild_4/20190824_124242/requests/main/80.har

2019-08-24 12:46:56 - [TEST_CASE][PASSED] - Start Test Case : Verification: Verification accomplished successfully

2019-08-24 12:46:56 - [TEST_STEP][PASSED] - request = getInstance().getCurrentRequest(): null

2019-08-24 12:46:56 - [TEST_STEP][PASSED] - response = getInstance().getCurrentResponse(): null

2019-08-24 12:46:56 - [TEST_STEP][PASSED] - verifyResponseStatusCode(response, 200): Verify response status code successfully

2019-08-24 12:46:56 - [MESSAGE][PASSED] - Verify response status code successfully

2019-08-24 12:46:56 - [TEST_STEP][PASSED] - getStatusCode()).isEqualTo(200): null

2019-08-24 12:46:56 - [TEST_STEP][PASSED] - newline = System.getProperty("line.separator"): null

2019-08-24 12:46:56 - [TEST_STEP][PASSED] - M4_spin = new groovy.json.JsonSlurper(): null

2019-08-24 12:46:56 - [TEST_STEP][PASSED] - result_M4_spin = M4_spin.parseText(response.getResponseBodyContent()): null

2019-08-24 12:46:56 - [TEST_STEP][PASSED] - M4_spin_current_balance = current_balance: null

2019-08-24 12:46:56 - [TEST_STEP][PASSED] - M4_spin_current_balance = M4_spin_current_balance: null

2019-08-24 12:46:56 - [TEST_STEP][PASSED] - M4_spin_transaction_id = causality: null

2019-08-24 12:46:56 - [TEST_STEP][PASSED] - M4_spin_transaction_id = M4_spin_transaction_id: null

2019-08-24 12:46:56 - [TEST_STEP][PASSED] - M4_spin_round_id = round_id: null

2019-08-24 12:46:56 - [TEST_STEP][PASSED] - M4_spin_round_id = M4_spin_round_id: null

2019-08-24 12:46:56 - [TEST_STEP][PASSED] - M4_spin_line_wins = line_wins: null

2019-08-24 12:46:56 - [TEST_STEP][PASSED] - M4_spin_line_wins = M4_spin_line_wins: null

2019-08-24 12:46:56 - [TEST_STEP][PASSED] - M4_total_bonus_spins_int = total_bonus_spins: null

2019-08-24 12:46:56 - [TEST_STEP][PASSED] - println("******M4_total_bonus_spins type is:*******" + newline + getClass().getName()): null

2019-08-24 12:46:56 - [TEST_STEP][PASSED] - M4_total_bonus_spins_int = M4_total_bonus_spins_int: null

2019-08-24 12:46:56 - [TEST_STEP][PASSED] - M4_total_bonus_spins = Integer.toString(M4_total_bonus_spins_int): null

2019-08-24 12:46:56 - [TEST_STEP][PASSED] - M4_total_bonus_spins = M4_total_bonus_spins: null

2019-08-24 12:46:56 - [TEST_STEP][PASSED] - println("M4_total_bonus_spins is:" + M4_total_bonus_spins): null

2019-08-24 12:46:56 - [TEST_STEP][PASSED] - M4_spin_bonus_data = bonus_data: null

2019-08-24 12:46:56 - [TEST_STEP][PASSED] - M4_spin_features_triggered = result_M4_spin: null

2019-08-24 12:46:56 - [TEST_STEP][PASSED] - wild = []: null

2019-08-24 12:46:56 - [TEST_STEP][PASSED] - wild[0] = "WILD_Expanding": null

2019-08-24 12:46:56 - [TEST_STEP][PASSED] - wild[1] = "WILD_Normal": null

2019-08-24 12:46:56 - [TEST_STEP][PASSED] - wild[2] = "WILD_Double": null

2019-08-24 12:46:56 - [TEST_STEP][PASSED] - wild[3] = "WILD_ExtraFG": null

2019-08-24 12:46:56 - [TEST_STEP][PASSED] - wild[4] = "WILD_Triple": null

2019-08-24 12:46:56 - [TEST_STEP][PASSED] - wildList = Arrays.asList(wild): null

2019-08-24 12:46:56 - [TEST_STEP][PASSED] - wildList = wildList: null

2019-08-24 12:46:56 - [TEST_STEP][PASSED] - free_spin_reel_counter = []: null

2019-08-24 12:46:56 - [TEST_STEP][PASSED] - free_spin_reel_counter[0] = 0: null

2019-08-24 12:46:56 - [TEST_STEP][PASSED] - free_spin_reel_counter[1] = 0: null

2019-08-24 12:46:56 - [TEST_STEP][PASSED] - free_spin_reel_counter[2] = 0: null

2019-08-24 12:46:56 - [TEST_STEP][PASSED] - M4_spin_reels = reels: null

2019-08-24 12:46:56 - [TEST_STEP][PASSED] - for ([i = 0, i &lt; M4_spin_reels.size(), (i++)]): null

2019-08-24 12:46:56 - [TEST_STEP][PASSED] - symbols = symbols: null

2019-08-24 12:46:56 - [TEST_STEP][PASSED] - for ([j = 0, j &lt; symbols.size(), (j++)]): null

2019-08-24 12:46:56 - [TEST_STEP][PASSED] - symbol = symbol: null

2019-08-24 12:46:56 - [TEST_STEP][PASSED] - println(symbol): null

2019-08-24 12:46:56 - [TEST_STEP][PASSED] - if (i == 2 &amp;&amp; wildList.indexOf(symbol) != -1): null

2019-08-24 12:46:56 - [TEST_STEP][PASSED] - if (i == 3 &amp;&amp; wildList.indexOf(symbol) != -1): null

2019-08-24 12:46:56 - [TEST_STEP][PASSED] - if (i == 4 &amp;&amp; wildList.indexOf(symbol) != -1): null

2019-08-24 12:46:56 - [TEST_STEP][PASSED] - symbol = symbol: null

2019-08-24 12:46:56 - [TEST_STEP][PASSED] - println(symbol): null

2019-08-24 12:46:56 - [TEST_STEP][PASSED] - if (i == 2 &amp;&amp; wildList.indexOf(symbol) != -1): null

2019-08-24 12:46:56 - [TEST_STEP][PASSED] - if (i == 3 &amp;&amp; wildList.indexOf(symbol) != -1): null

2019-08-24 12:46:56 - [TEST_STEP][PASSED] - if (i == 4 &amp;&amp; wildList.indexOf(symbol) != -1): null

2019-08-24 12:46:56 - [TEST_STEP][PASSED] - symbol = symbol: null

2019-08-24 12:46:56 - [TEST_STEP][PASSED] - println(symbol): null

2019-08-24 12:46:56 - [TEST_STEP][PASSED] - if (i == 2 &amp;&amp; wildList.indexOf(symbol) != -1): null

2019-08-24 12:47:00 - [TEST_STEP][PASSED] - if (i == 3 &amp;&amp; wildList.indexOf(symbol) != -1): null

2019-08-24 12:47:00 - [TEST_STEP][PASSED] - if (i == 4 &amp;&amp; wildList.indexOf(symbol) != -1): null

2019-08-24 12:47:00 - [TEST_STEP][PASSED] - symbols = symbols: null

2019-08-24 12:47:00 - [TEST_STEP][PASSED] - for ([j = 0, j &lt; symbols.size(), (j++)]): null

2019-08-24 12:47:00 - [TEST_STEP][PASSED] - symbol = symbol: null

2019-08-24 12:47:00 - [TEST_STEP][PASSED] - println(symbol): null

2019-08-24 12:47:00 - [TEST_STEP][PASSED] - if (i == 2 &amp;&amp; wildList.indexOf(symbol) != -1): null

2019-08-24 12:47:00 - [TEST_STEP][PASSED] - if (i == 3 &amp;&amp; wildList.indexOf(symbol) != -1): null

2019-08-24 12:47:00 - [TEST_STEP][PASSED] - if (i == 4 &amp;&amp; wildList.indexOf(symbol) != -1): null

2019-08-24 12:47:00 - [TEST_STEP][PASSED] - symbol = symbol: null

2019-08-24 12:47:02 - [TEST_STEP][PASSED] - println(symbol): null

2019-08-24 12:47:02 - [TEST_STEP][PASSED] - if (i == 2 &amp;&amp; wildList.indexOf(symbol) != -1): null

2019-08-24 12:47:02 - [TEST_STEP][PASSED] - if (i == 3 &amp;&amp; wildList.indexOf(symbol) != -1): null

2019-08-24 12:47:02 - [TEST_STEP][PASSED] - if (i == 4 &amp;&amp; wildList.indexOf(symbol) != -1): null

2019-08-24 12:47:02 - [TEST_STEP][PASSED] - symbol = symbol: null

2019-08-24 12:47:02 - [TEST_STEP][PASSED] - println(symbol): null

2019-08-24 12:47:02 - [TEST_STEP][PASSED] - if (i == 2 &amp;&amp; wildList.indexOf(symbol) != -1): null

2019-08-24 12:47:02 - [TEST_STEP][PASSED] - if (i == 3 &amp;&amp; wildList.indexOf(symbol) != -1): null

2019-08-24 12:47:02 - [TEST_STEP][PASSED] - if (i == 4 &amp;&amp; wildList.indexOf(symbol) != -1): null

2019-08-24 12:47:02 - [TEST_STEP][PASSED] - symbols = symbols: null

2019-08-24 12:47:02 - [TEST_STEP][PASSED] - for ([j = 0, j &lt; symbols.size(), (j++)]): null

2019-08-24 12:47:02 - [TEST_STEP][PASSED] - symbol = symbol: null

2019-08-24 12:47:02 - [TEST_STEP][PASSED] - println(symbol): null

2019-08-24 12:47:02 - [TEST_STEP][PASSED] - if (i == 2 &amp;&amp; wildList.indexOf(symbol) != -1): null

2019-08-24 12:47:02 - [TEST_STEP][PASSED] - if (i == 3 &amp;&amp; wildList.indexOf(symbol) != -1): null

2019-08-24 12:47:02 - [TEST_STEP][PASSED] - if (i == 4 &amp;&amp; wildList.indexOf(symbol) != -1): null

2019-08-24 12:47:02 - [TEST_STEP][PASSED] - symbol = symbol: null

2019-08-24 12:47:02 - [TEST_STEP][PASSED] - println(symbol): null

2019-08-24 12:47:02 - [TEST_STEP][PASSED] - if (i == 2 &amp;&amp; wildList.indexOf(symbol) != -1): null

2019-08-24 12:47:02 - [TEST_STEP][PASSED] - if (i == 3 &amp;&amp; wildList.indexOf(symbol) != -1): null

2019-08-24 12:47:02 - [TEST_STEP][PASSED] - if (i == 4 &amp;&amp; wildList.indexOf(symbol) != -1): null

2019-08-24 12:47:02 - [TEST_STEP][PASSED] - symbol = symbol: null

2019-08-24 12:47:02 - [TEST_STEP][PASSED] - println(symbol): null

2019-08-24 12:47:02 - [TEST_STEP][PASSED] - if (i == 2 &amp;&amp; wildList.indexOf(symbol) != -1): null

2019-08-24 12:47:02 - [TEST_STEP][PASSED] - if (i == 3 &amp;&amp; wildList.indexOf(symbol) != -1): null

2019-08-24 12:47:02 - [TEST_STEP][PASSED] - if (i == 4 &amp;&amp; wildList.indexOf(symbol) != -1): null

2019-08-24 12:47:02 - [TEST_STEP][PASSED] - symbols = symbols: null

2019-08-24 12:47:02 - [TEST_STEP][PASSED] - for ([j = 0, j &lt; symbols.size(), (j++)]): null

2019-08-24 12:47:02 - [TEST_STEP][PASSED] - symbol = symbol: null

2019-08-24 12:47:02 - [TEST_STEP][PASSED] - println(symbol): null

2019-08-24 12:47:02 - [TEST_STEP][PASSED] - if (i == 2 &amp;&amp; wildList.indexOf(symbol) != -1): null

2019-08-24 12:47:02 - [TEST_STEP][PASSED] - if (i == 3 &amp;&amp; wildList.indexOf(symbol) != -1): null

2019-08-24 12:47:02 - [TEST_STEP][PASSED] - if (i == 4 &amp;&amp; wildList.indexOf(symbol) != -1): null

2019-08-24 12:47:02 - [TEST_STEP][PASSED] - symbol = symbol: null

2019-08-24 12:47:02 - [TEST_STEP][PASSED] - println(symbol): null

2019-08-24 12:47:02 - [TEST_STEP][PASSED] - if (i == 2 &amp;&amp; wildList.indexOf(symbol) != -1): null

2019-08-24 12:47:02 - [TEST_STEP][PASSED] - if (i == 3 &amp;&amp; wildList.indexOf(symbol) != -1): null

2019-08-24 12:47:02 - [TEST_STEP][PASSED] - if (i == 4 &amp;&amp; wildList.indexOf(symbol) != -1): null

2019-08-24 12:47:02 - [TEST_STEP][PASSED] - symbol = symbol: null

2019-08-24 12:47:02 - [TEST_STEP][PASSED] - println(symbol): null

2019-08-24 12:47:02 - [TEST_STEP][PASSED] - if (i == 2 &amp;&amp; wildList.indexOf(symbol) != -1): null

2019-08-24 12:47:02 - [TEST_STEP][PASSED] - if (i == 3 &amp;&amp; wildList.indexOf(symbol) != -1): null

2019-08-24 12:47:02 - [TEST_STEP][PASSED] - if (i == 4 &amp;&amp; wildList.indexOf(symbol) != -1): null

2019-08-24 12:47:02 - [TEST_STEP][PASSED] - symbols = symbols: null

2019-08-24 12:47:02 - [TEST_STEP][PASSED] - for ([j = 0, j &lt; symbols.size(), (j++)]): null

2019-08-24 12:47:02 - [TEST_STEP][PASSED] - symbol = symbol: null

2019-08-24 12:47:02 - [TEST_STEP][PASSED] - println(symbol): null

2019-08-24 12:47:02 - [TEST_STEP][PASSED] - if (i == 2 &amp;&amp; wildList.indexOf(symbol) != -1): null

2019-08-24 12:47:02 - [TEST_STEP][PASSED] - if (i == 3 &amp;&amp; wildList.indexOf(symbol) != -1): null

2019-08-24 12:47:02 - [TEST_STEP][PASSED] - if (i == 4 &amp;&amp; wildList.indexOf(symbol) != -1): null

2019-08-24 12:47:02 - [TEST_STEP][PASSED] - symbol = symbol: null

2019-08-24 12:47:02 - [TEST_STEP][PASSED] - println(symbol): null

2019-08-24 12:47:02 - [TEST_STEP][PASSED] - if (i == 2 &amp;&amp; wildList.indexOf(symbol) != -1): null

2019-08-24 12:47:02 - [TEST_STEP][PASSED] - if (i == 3 &amp;&amp; wildList.indexOf(symbol) != -1): null

2019-08-24 12:47:02 - [TEST_STEP][PASSED] - if (i == 4 &amp;&amp; wildList.indexOf(symbol) != -1): null

2019-08-24 12:47:02 - [TEST_STEP][PASSED] - symbol = symbol: null

2019-08-24 12:47:02 - [TEST_STEP][PASSED] - println(symbol): null

2019-08-24 12:47:02 - [TEST_STEP][PASSED] - if (i == 2 &amp;&amp; wildList.indexOf(symbol) != -1): null

2019-08-24 12:47:02 - [TEST_STEP][PASSED] - if (i == 3 &amp;&amp; wildList.indexOf(symbol) != -1): null

2019-08-24 12:47:02 - [TEST_STEP][PASSED] - if (i == 4 &amp;&amp; wildList.indexOf(symbol) != -1): null

2019-08-24 12:47:02 - [TEST_STEP][PASSED] - free_spin_reel_counter = free_spin_reel_counter: null

2019-08-24 12:47:02 - [TEST_STEP][PASSED] - println("reel 3 wild found: " + free_spin_reel_counter[0]): null

2019-08-24 12:47:02 - [TEST_STEP][PASSED] - println("reel 4 wild found: " + free_spin_reel_counter[1]): null

2019-08-24 12:47:02 - [TEST_STEP][PASSED] - println("reel 5 wild found: " + free_spin_reel_counter[2]): null

2019-08-24 12:47:02 - [TEST_STEP][PASSED] - M4_spin_reels = M4_spin_reels: null

2019-08-24 12:47:02 - [TEST_STEP][PASSED] - M4_spin_reels_symbols = symbol: null

2019-08-24 12:47:02 - [TEST_STEP][PASSED] - M4_spin_reels_symbols = M4_spin_reels_symbols: null

2019-08-24 12:47:02 - [TEST_STEP][PASSED] - M4_spin_reel_wins = reel_wins: null

2019-08-24 12:47:02 - [TEST_STEP][PASSED] - M4_spin_reel_wins = M4_spin_reel_wins: null

2019-08-24 12:47:02 - [TEST_STEP][PASSED] - println("GlobalVariable.M4_spin_reel_wins is: " + M4_spin_reel_wins): null

2019-08-24 12:47:02 - [TEST_STEP][PASSED] - M4_spin_total_bonus_win_this_round = total_bonus_win_this_round: null

2019-08-24 12:47:02 - [TEST_STEP][PASSED] - M4_spin_total_bonus_win_this_round = M4_spin_total_bonus_win_this_round: null

2019-08-24 12:47:02 - [TEST_STEP][PASSED] - println("GlobalVariable.M4_spin_total_bonus_win_this_round is: " + M4_spin_total_bonus_win_this_round): null

2019-08-24 12:47:02 - [TEST_STEP][PASSED] - M4_spin_bonus_spin_result = spin_result: null

2019-08-24 12:47:02 - [TEST_STEP][PASSED] - M4_spin_bonus_spin_result = M4_spin_bonus_spin_result: null

2019-08-24 12:47:02 - [MESSAGE][PASSED] - Verify response successfully

2019-08-24 12:47:02 - [MESSAGE][PASSED] - Send request and verify the response successfully

2019-08-24 12:47:02 - [TEST_STEP][PASSED] - if (M4_total_bonus_spins_int != 0 &amp;&amp; M4_spin_reels_symbols[2].contains("WILD_Double") || M4_spin_reels_symbols[4].contains("WILD_Triple")): null

2019-08-24 12:47:02 - [TEST_STEP][PASSED] - free_spin_reel_counter = free_spin_reel_counter: null

2019-08-24 12:47:02 - [TEST_STEP][PASSED] - M4_spin_reels_symbols = M4_spin_reels_symbols: null

2019-08-24 12:47:02 - [TEST_STEP][PASSED] - M4_total_bonus_spins = M4_total_bonus_spins: null

2019-08-24 12:47:02 - [TEST_STEP][PASSED] - spin_result = sendRequestAndVerify(findTestObject("INT/RGS(M4)/1_M4_spin", ["M4_login_user_id":M4_login_user_id, "rgs_session_token":rgs_session_token, "partner":Partner])): Send request and verify the response successfully

2019-08-24 12:47:03 - [MESSAGE][INFO] - HAR: /Users/eiralee/Katalon_Script/SuperWild/Reports/20190824_124242/INT/superWild_4/20190824_124242/requests/main/81.har

2019-08-24 12:47:03 - [TEST_CASE][PASSED] - Start Test Case : Verification: Verification accomplished successfully

2019-08-24 12:47:03 - [TEST_STEP][PASSED] - request = getInstance().getCurrentRequest(): null

2019-08-24 12:47:03 - [TEST_STEP][PASSED] - response = getInstance().getCurrentResponse(): null

2019-08-24 12:47:03 - [TEST_STEP][PASSED] - verifyResponseStatusCode(response, 200): Verify response status code successfully

2019-08-24 12:47:03 - [MESSAGE][PASSED] - Verify response status code successfully

2019-08-24 12:47:03 - [TEST_STEP][PASSED] - getStatusCode()).isEqualTo(200): null

2019-08-24 12:47:03 - [TEST_STEP][PASSED] - newline = System.getProperty("line.separator"): null

2019-08-24 12:47:03 - [TEST_STEP][PASSED] - M4_spin = new groovy.json.JsonSlurper(): null

2019-08-24 12:47:03 - [TEST_STEP][PASSED] - result_M4_spin = M4_spin.parseText(response.getResponseBodyContent()): null

2019-08-24 12:47:03 - [TEST_STEP][PASSED] - M4_spin_current_balance = current_balance: null

2019-08-24 12:47:03 - [TEST_STEP][PASSED] - M4_spin_current_balance = M4_spin_current_balance: null

2019-08-24 12:47:03 - [TEST_STEP][PASSED] - M4_spin_transaction_id = causality: null

2019-08-24 12:47:03 - [TEST_STEP][PASSED] - M4_spin_transaction_id = M4_spin_transaction_id: null

2019-08-24 12:47:03 - [TEST_STEP][PASSED] - M4_spin_round_id = round_id: null

2019-08-24 12:47:03 - [TEST_STEP][PASSED] - M4_spin_round_id = M4_spin_round_id: null

2019-08-24 12:47:03 - [TEST_STEP][PASSED] - M4_spin_line_wins = line_wins: null

2019-08-24 12:47:03 - [TEST_STEP][PASSED] - M4_spin_line_wins = M4_spin_line_wins: null

2019-08-24 12:47:03 - [TEST_STEP][PASSED] - M4_total_bonus_spins_int = total_bonus_spins: null

2019-08-24 12:47:03 - [TEST_STEP][PASSED] - println("******M4_total_bonus_spins type is:*******" + newline + getClass().getName()): null

2019-08-24 12:47:03 - [TEST_STEP][PASSED] - M4_total_bonus_spins_int = M4_total_bonus_spins_int: null

2019-08-24 12:47:03 - [TEST_STEP][PASSED] - M4_total_bonus_spins = Integer.toString(M4_total_bonus_spins_int): null

2019-08-24 12:47:03 - [TEST_STEP][PASSED] - M4_total_bonus_spins = M4_total_bonus_spins: null

2019-08-24 12:47:03 - [TEST_STEP][PASSED] - println("M4_total_bonus_spins is:" + M4_total_bonus_spins): null

2019-08-24 12:47:03 - [TEST_STEP][PASSED] - M4_spin_bonus_data = bonus_data: null

2019-08-24 12:47:03 - [TEST_STEP][PASSED] - M4_spin_features_triggered = result_M4_spin: null

2019-08-24 12:47:03 - [TEST_STEP][PASSED] - wild = []: null

2019-08-24 12:47:03 - [TEST_STEP][PASSED] - wild[0] = "WILD_Expanding": null

2019-08-24 12:47:03 - [TEST_STEP][PASSED] - wild[1] = "WILD_Normal": null

2019-08-24 12:47:03 - [TEST_STEP][PASSED] - wild[2] = "WILD_Double": null

2019-08-24 12:47:03 - [TEST_STEP][PASSED] - wild[3] = "WILD_ExtraFG": null

2019-08-24 12:47:03 - [TEST_STEP][PASSED] - wild[4] = "WILD_Triple": null

2019-08-24 12:47:03 - [TEST_STEP][PASSED] - wildList = Arrays.asList(wild): null

2019-08-24 12:47:03 - [TEST_STEP][PASSED] - wildList = wildList: null

2019-08-24 12:47:03 - [TEST_STEP][PASSED] - free_spin_reel_counter = []: null

2019-08-24 12:47:03 - [TEST_STEP][PASSED] - free_spin_reel_counter[0] = 0: null

2019-08-24 12:47:03 - [TEST_STEP][PASSED] - free_spin_reel_counter[1] = 0: null

2019-08-24 12:47:03 - [TEST_STEP][PASSED] - free_spin_reel_counter[2] = 0: null

2019-08-24 12:47:03 - [TEST_STEP][PASSED] - M4_spin_reels = reels: null

2019-08-24 12:47:03 - [TEST_STEP][PASSED] - for ([i = 0, i &lt; M4_spin_reels.size(), (i++)]): null

2019-08-24 12:47:03 - [TEST_STEP][PASSED] - symbols = symbols: null

2019-08-24 12:47:03 - [TEST_STEP][PASSED] - for ([j = 0, j &lt; symbols.size(), (j++)]): null

2019-08-24 12:47:03 - [TEST_STEP][PASSED] - symbol = symbol: null

2019-08-24 12:47:03 - [TEST_STEP][PASSED] - println(symbol): null

2019-08-24 12:47:03 - [TEST_STEP][PASSED] - if (i == 2 &amp;&amp; wildList.indexOf(symbol) != -1): null

2019-08-24 12:47:03 - [TEST_STEP][PASSED] - if (i == 3 &amp;&amp; wildList.indexOf(symbol) != -1): null

2019-08-24 12:47:03 - [TEST_STEP][PASSED] - if (i == 4 &amp;&amp; wildList.indexOf(symbol) != -1): null

2019-08-24 12:47:03 - [TEST_STEP][PASSED] - symbol = symbol: null

2019-08-24 12:47:03 - [TEST_STEP][PASSED] - println(symbol): null

2019-08-24 12:47:03 - [TEST_STEP][PASSED] - if (i == 2 &amp;&amp; wildList.indexOf(symbol) != -1): null

2019-08-24 12:47:03 - [TEST_STEP][PASSED] - if (i == 3 &amp;&amp; wildList.indexOf(symbol) != -1): null

2019-08-24 12:47:03 - [TEST_STEP][PASSED] - if (i == 4 &amp;&amp; wildList.indexOf(symbol) != -1): null

2019-08-24 12:47:03 - [TEST_STEP][PASSED] - symbol = symbol: null

2019-08-24 12:47:03 - [TEST_STEP][PASSED] - println(symbol): null

2019-08-24 12:47:03 - [TEST_STEP][PASSED] - if (i == 2 &amp;&amp; wildList.indexOf(symbol) != -1): null

2019-08-24 12:47:03 - [TEST_STEP][PASSED] - if (i == 3 &amp;&amp; wildList.indexOf(symbol) != -1): null

2019-08-24 12:47:03 - [TEST_STEP][PASSED] - if (i == 4 &amp;&amp; wildList.indexOf(symbol) != -1): null

2019-08-24 12:47:03 - [TEST_STEP][PASSED] - symbols = symbols: null

2019-08-24 12:47:03 - [TEST_STEP][PASSED] - for ([j = 0, j &lt; symbols.size(), (j++)]): null

2019-08-24 12:47:03 - [TEST_STEP][PASSED] - symbol = symbol: null

2019-08-24 12:47:03 - [TEST_STEP][PASSED] - println(symbol): null

2019-08-24 12:47:03 - [TEST_STEP][PASSED] - if (i == 2 &amp;&amp; wildList.indexOf(symbol) != -1): null

2019-08-24 12:47:03 - [TEST_STEP][PASSED] - if (i == 3 &amp;&amp; wildList.indexOf(symbol) != -1): null

2019-08-24 12:47:03 - [TEST_STEP][PASSED] - if (i == 4 &amp;&amp; wildList.indexOf(symbol) != -1): null

2019-08-24 12:47:03 - [TEST_STEP][PASSED] - symbol = symbol: null

2019-08-24 12:47:03 - [TEST_STEP][PASSED] - println(symbol): null

2019-08-24 12:47:03 - [TEST_STEP][PASSED] - if (i == 2 &amp;&amp; wildList.indexOf(symbol) != -1): null

2019-08-24 12:47:03 - [TEST_STEP][PASSED] - if (i == 3 &amp;&amp; wildList.indexOf(symbol) != -1): null

2019-08-24 12:47:03 - [TEST_STEP][PASSED] - if (i == 4 &amp;&amp; wildList.indexOf(symbol) != -1): null

2019-08-24 12:47:03 - [TEST_STEP][PASSED] - symbol = symbol: null

2019-08-24 12:47:03 - [TEST_STEP][PASSED] - println(symbol): null

2019-08-24 12:47:03 - [TEST_STEP][PASSED] - if (i == 2 &amp;&amp; wildList.indexOf(symbol) != -1): null

2019-08-24 12:47:03 - [TEST_STEP][PASSED] - if (i == 3 &amp;&amp; wildList.indexOf(symbol) != -1): null

2019-08-24 12:47:03 - [TEST_STEP][PASSED] - if (i == 4 &amp;&amp; wildList.indexOf(symbol) != -1): null

2019-08-24 12:47:03 - [TEST_STEP][PASSED] - symbols = symbols: null

2019-08-24 12:47:03 - [TEST_STEP][PASSED] - for ([j = 0, j &lt; symbols.size(), (j++)]): null

2019-08-24 12:47:03 - [TEST_STEP][PASSED] - symbol = symbol: null

2019-08-24 12:47:03 - [TEST_STEP][PASSED] - println(symbol): null

2019-08-24 12:47:03 - [TEST_STEP][PASSED] - if (i == 2 &amp;&amp; wildList.indexOf(symbol) != -1): null

2019-08-24 12:47:03 - [TEST_STEP][PASSED] - if (i == 3 &amp;&amp; wildList.indexOf(symbol) != -1): null

2019-08-24 12:47:03 - [TEST_STEP][PASSED] - if (i == 4 &amp;&amp; wildList.indexOf(symbol) != -1): null

2019-08-24 12:47:03 - [TEST_STEP][PASSED] - symbol = symbol: null

2019-08-24 12:47:03 - [TEST_STEP][PASSED] - println(symbol): null

2019-08-24 12:47:03 - [TEST_STEP][PASSED] - if (i == 2 &amp;&amp; wildList.indexOf(symbol) != -1): null

2019-08-24 12:47:03 - [TEST_STEP][PASSED] - if (i == 3 &amp;&amp; wildList.indexOf(symbol) != -1): null

2019-08-24 12:47:03 - [TEST_STEP][PASSED] - if (i == 4 &amp;&amp; wildList.indexOf(symbol) != -1): null

2019-08-24 12:47:03 - [TEST_STEP][PASSED] - symbol = symbol: null

2019-08-24 12:47:03 - [TEST_STEP][PASSED] - println(symbol): null

2019-08-24 12:47:03 - [TEST_STEP][PASSED] - if (i == 2 &amp;&amp; wildList.indexOf(symbol) != -1): null

2019-08-24 12:47:03 - [TEST_STEP][PASSED] - if (i == 3 &amp;&amp; wildList.indexOf(symbol) != -1): null

2019-08-24 12:47:03 - [TEST_STEP][PASSED] - if (i == 4 &amp;&amp; wildList.indexOf(symbol) != -1): null

2019-08-24 12:47:03 - [TEST_STEP][PASSED] - symbols = symbols: null

2019-08-24 12:47:03 - [TEST_STEP][PASSED] - for ([j = 0, j &lt; symbols.size(), (j++)]): null

2019-08-24 12:47:03 - [TEST_STEP][PASSED] - symbol = symbol: null

2019-08-24 12:47:03 - [TEST_STEP][PASSED] - println(symbol): null

2019-08-24 12:47:03 - [TEST_STEP][PASSED] - if (i == 2 &amp;&amp; wildList.indexOf(symbol) != -1): null

2019-08-24 12:47:03 - [TEST_STEP][PASSED] - if (i == 3 &amp;&amp; wildList.indexOf(symbol) != -1): null

2019-08-24 12:47:03 - [TEST_STEP][PASSED] - if (i == 4 &amp;&amp; wildList.indexOf(symbol) != -1): null

2019-08-24 12:47:03 - [TEST_STEP][PASSED] - symbol = symbol: null

2019-08-24 12:47:03 - [TEST_STEP][PASSED] - println(symbol): null

2019-08-24 12:47:03 - [TEST_STEP][PASSED] - if (i == 2 &amp;&amp; wildList.indexOf(symbol) != -1): null

2019-08-24 12:47:03 - [TEST_STEP][PASSED] - if (i == 3 &amp;&amp; wildList.indexOf(symbol) != -1): null

2019-08-24 12:47:03 - [TEST_STEP][PASSED] - if (i == 4 &amp;&amp; wildList.indexOf(symbol) != -1): null

2019-08-24 12:47:03 - [TEST_STEP][PASSED] - symbol = symbol: null

2019-08-24 12:47:03 - [TEST_STEP][PASSED] - println(symbol): null

2019-08-24 12:47:03 - [TEST_STEP][PASSED] - if (i == 2 &amp;&amp; wildList.indexOf(symbol) != -1): null

2019-08-24 12:47:03 - [TEST_STEP][PASSED] - if (i == 3 &amp;&amp; wildList.indexOf(symbol) != -1): null

2019-08-24 12:47:03 - [TEST_STEP][PASSED] - if (i == 4 &amp;&amp; wildList.indexOf(symbol) != -1): null

2019-08-24 12:47:03 - [TEST_STEP][PASSED] - symbols = symbols: null

2019-08-24 12:47:03 - [TEST_STEP][PASSED] - for ([j = 0, j &lt; symbols.size(), (j++)]): null

2019-08-24 12:47:03 - [TEST_STEP][PASSED] - symbol = symbol: null

2019-08-24 12:47:03 - [TEST_STEP][PASSED] - println(symbol): null

2019-08-24 12:47:03 - [TEST_STEP][PASSED] - if (i == 2 &amp;&amp; wildList.indexOf(symbol) != -1): null

2019-08-24 12:47:03 - [TEST_STEP][PASSED] - if (i == 3 &amp;&amp; wildList.indexOf(symbol) != -1): null

2019-08-24 12:47:03 - [TEST_STEP][PASSED] - if (i == 4 &amp;&amp; wildList.indexOf(symbol) != -1): null

2019-08-24 12:47:03 - [TEST_STEP][PASSED] - symbol = symbol: null

2019-08-24 12:47:03 - [TEST_STEP][PASSED] - println(symbol): null

2019-08-24 12:47:03 - [TEST_STEP][PASSED] - if (i == 2 &amp;&amp; wildList.indexOf(symbol) != -1): null

2019-08-24 12:47:03 - [TEST_STEP][PASSED] - if (i == 3 &amp;&amp; wildList.indexOf(symbol) != -1): null

2019-08-24 12:47:03 - [TEST_STEP][PASSED] - if (i == 4 &amp;&amp; wildList.indexOf(symbol) != -1): null

2019-08-24 12:47:03 - [TEST_STEP][PASSED] - symbol = symbol: null

2019-08-24 12:47:03 - [TEST_STEP][PASSED] - println(symbol): null

2019-08-24 12:47:03 - [TEST_STEP][PASSED] - if (i == 2 &amp;&amp; wildList.indexOf(symbol) != -1): null

2019-08-24 12:47:03 - [TEST_STEP][PASSED] - if (i == 3 &amp;&amp; wildList.indexOf(symbol) != -1): null

2019-08-24 12:47:03 - [TEST_STEP][PASSED] - if (i == 4 &amp;&amp; wildList.indexOf(symbol) != -1): null

2019-08-24 12:47:03 - [TEST_STEP][PASSED] - free_spin_reel_counter = free_spin_reel_counter: null

2019-08-24 12:47:03 - [TEST_STEP][PASSED] - println("reel 3 wild found: " + free_spin_reel_counter[0]): null

2019-08-24 12:47:03 - [TEST_STEP][PASSED] - println("reel 4 wild found: " + free_spin_reel_counter[1]): null

2019-08-24 12:47:03 - [TEST_STEP][PASSED] - println("reel 5 wild found: " + free_spin_reel_counter[2]): null

2019-08-24 12:47:03 - [TEST_STEP][PASSED] - M4_spin_reels = M4_spin_reels: null

2019-08-24 12:47:03 - [TEST_STEP][PASSED] - M4_spin_reels_symbols = symbol: null

2019-08-24 12:47:03 - [TEST_STEP][PASSED] - M4_spin_reels_symbols = M4_spin_reels_symbols: null

2019-08-24 12:47:03 - [TEST_STEP][PASSED] - M4_spin_reel_wins = reel_wins: null

2019-08-24 12:47:03 - [TEST_STEP][PASSED] - M4_spin_reel_wins = M4_spin_reel_wins: null

2019-08-24 12:47:03 - [TEST_STEP][PASSED] - println("GlobalVariable.M4_spin_reel_wins is: " + M4_spin_reel_wins): null

2019-08-24 12:47:03 - [TEST_STEP][PASSED] - M4_spin_total_bonus_win_this_round = total_bonus_win_this_round: null

2019-08-24 12:47:03 - [TEST_STEP][PASSED] - M4_spin_total_bonus_win_this_round = M4_spin_total_bonus_win_this_round: null

2019-08-24 12:47:03 - [TEST_STEP][PASSED] - println("GlobalVariable.M4_spin_total_bonus_win_this_round is: " + M4_spin_total_bonus_win_this_round): null

2019-08-24 12:47:03 - [TEST_STEP][PASSED] - M4_spin_bonus_spin_result = spin_result: null

2019-08-24 12:47:03 - [TEST_STEP][PASSED] - M4_spin_bonus_spin_result = M4_spin_bonus_spin_result: null

2019-08-24 12:47:03 - [MESSAGE][PASSED] - Verify response successfully

2019-08-24 12:47:03 - [MESSAGE][PASSED] - Send request and verify the response successfully

2019-08-24 12:47:03 - [TEST_STEP][PASSED] - if (M4_total_bonus_spins_int != 0 &amp;&amp; M4_spin_reels_symbols[2].contains("WILD_Double") || M4_spin_reels_symbols[4].contains("WILD_Triple")): null

2019-08-24 12:47:03 - [TEST_STEP][PASSED] - free_spin_reel_counter = free_spin_reel_counter: null

2019-08-24 12:47:03 - [TEST_STEP][PASSED] - M4_spin_reels_symbols = M4_spin_reels_symbols: null

2019-08-24 12:47:03 - [TEST_STEP][PASSED] - M4_total_bonus_spins = M4_total_bonus_spins: null

2019-08-24 12:47:03 - [TEST_STEP][PASSED] - spin_result = sendRequestAndVerify(findTestObject("INT/RGS(M4)/1_M4_spin", ["M4_login_user_id":M4_login_user_id, "rgs_session_token":rgs_session_token, "partner":Partner])): Send request and verify the response successfully

2019-08-24 12:47:03 - [MESSAGE][INFO] - HAR: /Users/eiralee/Katalon_Script/SuperWild/Reports/20190824_124242/INT/superWild_4/20190824_124242/requests/main/82.har

2019-08-24 12:47:03 - [TEST_CASE][PASSED] - Start Test Case : Verification: Verification accomplished successfully

2019-08-24 12:47:03 - [TEST_STEP][PASSED] - request = getInstance().getCurrentRequest(): null

2019-08-24 12:47:03 - [TEST_STEP][PASSED] - response = getInstance().getCurrentResponse(): null

2019-08-24 12:47:03 - [TEST_STEP][PASSED] - verifyResponseStatusCode(response, 200): Verify response status code successfully

2019-08-24 12:47:03 - [MESSAGE][PASSED] - Verify response status code successfully

2019-08-24 12:47:03 - [TEST_STEP][PASSED] - getStatusCode()).isEqualTo(200): null

2019-08-24 12:47:03 - [TEST_STEP][PASSED] - newline = System.getProperty("line.separator"): null

2019-08-24 12:47:03 - [TEST_STEP][PASSED] - M4_spin = new groovy.json.JsonSlurper(): null

2019-08-24 12:47:03 - [TEST_STEP][PASSED] - result_M4_spin = M4_spin.parseText(response.getResponseBodyContent()): null

2019-08-24 12:47:03 - [TEST_STEP][PASSED] - M4_spin_current_balance = current_balance: null

2019-08-24 12:47:03 - [TEST_STEP][PASSED] - M4_spin_current_balance = M4_spin_current_balance: null

2019-08-24 12:47:03 - [TEST_STEP][PASSED] - M4_spin_transaction_id = causality: null

2019-08-24 12:47:03 - [TEST_STEP][PASSED] - M4_spin_transaction_id = M4_spin_transaction_id: null

2019-08-24 12:47:03 - [TEST_STEP][PASSED] - M4_spin_round_id = round_id: null

2019-08-24 12:47:03 - [TEST_STEP][PASSED] - M4_spin_round_id = M4_spin_round_id: null

2019-08-24 12:47:03 - [TEST_STEP][PASSED] - M4_spin_line_wins = line_wins: null

2019-08-24 12:47:03 - [TEST_STEP][PASSED] - M4_spin_line_wins = M4_spin_line_wins: null

2019-08-24 12:47:03 - [TEST_STEP][PASSED] - M4_total_bonus_spins_int = total_bonus_spins: null

2019-08-24 12:47:03 - [TEST_STEP][PASSED] - println("******M4_total_bonus_spins type is:*******" + newline + getClass().getName()): null

2019-08-24 12:47:03 - [TEST_STEP][PASSED] - M4_total_bonus_spins_int = M4_total_bonus_spins_int: null

2019-08-24 12:47:03 - [TEST_STEP][PASSED] - M4_total_bonus_spins = Integer.toString(M4_total_bonus_spins_int): null

2019-08-24 12:47:03 - [TEST_STEP][PASSED] - M4_total_bonus_spins = M4_total_bonus_spins: null

2019-08-24 12:47:03 - [TEST_STEP][PASSED] - println("M4_total_bonus_spins is:" + M4_total_bonus_spins): null

2019-08-24 12:47:03 - [TEST_STEP][PASSED] - M4_spin_bonus_data = bonus_data: null

2019-08-24 12:47:03 - [TEST_STEP][PASSED] - M4_spin_features_triggered = result_M4_spin: null

2019-08-24 12:47:03 - [TEST_STEP][PASSED] - wild = []: null

2019-08-24 12:47:03 - [TEST_STEP][PASSED] - wild[0] = "WILD_Expanding": null

2019-08-24 12:47:03 - [TEST_STEP][PASSED] - wild[1] = "WILD_Normal": null

2019-08-24 12:47:03 - [TEST_STEP][PASSED] - wild[2] = "WILD_Double": null

2019-08-24 12:47:03 - [TEST_STEP][PASSED] - wild[3] = "WILD_ExtraFG": null

2019-08-24 12:47:03 - [TEST_STEP][PASSED] - wild[4] = "WILD_Triple": null

2019-08-24 12:47:03 - [TEST_STEP][PASSED] - wildList = Arrays.asList(wild): null

2019-08-24 12:47:03 - [TEST_STEP][PASSED] - wildList = wildList: null

2019-08-24 12:47:03 - [TEST_STEP][PASSED] - free_spin_reel_counter = []: null

2019-08-24 12:47:03 - [TEST_STEP][PASSED] - free_spin_reel_counter[0] = 0: null

2019-08-24 12:47:03 - [TEST_STEP][PASSED] - free_spin_reel_counter[1] = 0: null

2019-08-24 12:47:03 - [TEST_STEP][PASSED] - free_spin_reel_counter[2] = 0: null

2019-08-24 12:47:03 - [TEST_STEP][PASSED] - M4_spin_reels = reels: null

2019-08-24 12:47:03 - [TEST_STEP][PASSED] - for ([i = 0, i &lt; M4_spin_reels.size(), (i++)]): null

2019-08-24 12:47:03 - [TEST_STEP][PASSED] - symbols = symbols: null

2019-08-24 12:47:03 - [TEST_STEP][PASSED] - for ([j = 0, j &lt; symbols.size(), (j++)]): null

2019-08-24 12:47:03 - [TEST_STEP][PASSED] - symbol = symbol: null

2019-08-24 12:47:03 - [TEST_STEP][PASSED] - println(symbol): null

2019-08-24 12:47:03 - [TEST_STEP][PASSED] - if (i == 2 &amp;&amp; wildList.indexOf(symbol) != -1): null

2019-08-24 12:47:03 - [TEST_STEP][PASSED] - if (i == 3 &amp;&amp; wildList.indexOf(symbol) != -1): null

2019-08-24 12:47:03 - [TEST_STEP][PASSED] - if (i == 4 &amp;&amp; wildList.indexOf(symbol) != -1): null

2019-08-24 12:47:03 - [TEST_STEP][PASSED] - symbol = symbol: null

2019-08-24 12:47:03 - [TEST_STEP][PASSED] - println(symbol): null

2019-08-24 12:47:03 - [TEST_STEP][PASSED] - if (i == 2 &amp;&amp; wildList.indexOf(symbol) != -1): null

2019-08-24 12:47:03 - [TEST_STEP][PASSED] - if (i == 3 &amp;&amp; wildList.indexOf(symbol) != -1): null

2019-08-24 12:47:03 - [TEST_STEP][PASSED] - if (i == 4 &amp;&amp; wildList.indexOf(symbol) != -1): null

2019-08-24 12:47:03 - [TEST_STEP][PASSED] - symbol = symbol: null

2019-08-24 12:47:03 - [TEST_STEP][PASSED] - println(symbol): null

2019-08-24 12:47:03 - [TEST_STEP][PASSED] - if (i == 2 &amp;&amp; wildList.indexOf(symbol) != -1): null

2019-08-24 12:47:03 - [TEST_STEP][PASSED] - if (i == 3 &amp;&amp; wildList.indexOf(symbol) != -1): null

2019-08-24 12:47:03 - [TEST_STEP][PASSED] - if (i == 4 &amp;&amp; wildList.indexOf(symbol) != -1): null

2019-08-24 12:47:03 - [TEST_STEP][PASSED] - symbols = symbols: null

2019-08-24 12:47:03 - [TEST_STEP][PASSED] - for ([j = 0, j &lt; symbols.size(), (j++)]): null

2019-08-24 12:47:03 - [TEST_STEP][PASSED] - symbol = symbol: null

2019-08-24 12:47:03 - [TEST_STEP][PASSED] - println(symbol): null

2019-08-24 12:47:03 - [TEST_STEP][PASSED] - if (i == 2 &amp;&amp; wildList.indexOf(symbol) != -1): null

2019-08-24 12:47:03 - [TEST_STEP][PASSED] - if (i == 3 &amp;&amp; wildList.indexOf(symbol) != -1): null

2019-08-24 12:47:03 - [TEST_STEP][PASSED] - if (i == 4 &amp;&amp; wildList.indexOf(symbol) != -1): null

2019-08-24 12:47:03 - [TEST_STEP][PASSED] - symbol = symbol: null

2019-08-24 12:47:03 - [TEST_STEP][PASSED] - println(symbol): null

2019-08-24 12:47:03 - [TEST_STEP][PASSED] - if (i == 2 &amp;&amp; wildList.indexOf(symbol) != -1): null

2019-08-24 12:47:03 - [TEST_STEP][PASSED] - if (i == 3 &amp;&amp; wildList.indexOf(symbol) != -1): null

2019-08-24 12:47:03 - [TEST_STEP][PASSED] - if (i == 4 &amp;&amp; wildList.indexOf(symbol) != -1): null

2019-08-24 12:47:03 - [TEST_STEP][PASSED] - symbol = symbol: null

2019-08-24 12:47:03 - [TEST_STEP][PASSED] - println(symbol): null

2019-08-24 12:47:03 - [TEST_STEP][PASSED] - if (i == 2 &amp;&amp; wildList.indexOf(symbol) != -1): null

2019-08-24 12:47:03 - [TEST_STEP][PASSED] - if (i == 3 &amp;&amp; wildList.indexOf(symbol) != -1): null

2019-08-24 12:47:03 - [TEST_STEP][PASSED] - if (i == 4 &amp;&amp; wildList.indexOf(symbol) != -1): null

2019-08-24 12:47:03 - [TEST_STEP][PASSED] - symbols = symbols: null

2019-08-24 12:47:03 - [TEST_STEP][PASSED] - for ([j = 0, j &lt; symbols.size(), (j++)]): null

2019-08-24 12:47:03 - [TEST_STEP][PASSED] - symbol = symbol: null

2019-08-24 12:47:03 - [TEST_STEP][PASSED] - println(symbol): null

2019-08-24 12:47:03 - [TEST_STEP][PASSED] - if (i == 2 &amp;&amp; wildList.indexOf(symbol) != -1): null

2019-08-24 12:47:03 - [TEST_STEP][PASSED] - if (i == 3 &amp;&amp; wildList.indexOf(symbol) != -1): null

2019-08-24 12:47:03 - [TEST_STEP][PASSED] - if (i == 4 &amp;&amp; wildList.indexOf(symbol) != -1): null

2019-08-24 12:47:03 - [TEST_STEP][PASSED] - symbol = symbol: null

2019-08-24 12:47:03 - [TEST_STEP][PASSED] - println(symbol): null

2019-08-24 12:47:03 - [TEST_STEP][PASSED] - if (i == 2 &amp;&amp; wildList.indexOf(symbol) != -1): null

2019-08-24 12:47:03 - [TEST_STEP][PASSED] - if (i == 3 &amp;&amp; wildList.indexOf(symbol) != -1): null

2019-08-24 12:47:03 - [TEST_STEP][PASSED] - if (i == 4 &amp;&amp; wildList.indexOf(symbol) != -1): null

2019-08-24 12:47:03 - [TEST_STEP][PASSED] - symbol = symbol: null

2019-08-24 12:47:03 - [TEST_STEP][PASSED] - println(symbol): null

2019-08-24 12:47:03 - [TEST_STEP][PASSED] - if (i == 2 &amp;&amp; wildList.indexOf(symbol) != -1): null

2019-08-24 12:47:03 - [TEST_STEP][PASSED] - if (i == 3 &amp;&amp; wildList.indexOf(symbol) != -1): null

2019-08-24 12:47:03 - [TEST_STEP][PASSED] - if (i == 4 &amp;&amp; wildList.indexOf(symbol) != -1): null

2019-08-24 12:47:03 - [TEST_STEP][PASSED] - symbols = symbols: null

2019-08-24 12:47:03 - [TEST_STEP][PASSED] - for ([j = 0, j &lt; symbols.size(), (j++)]): null

2019-08-24 12:47:03 - [TEST_STEP][PASSED] - symbol = symbol: null

2019-08-24 12:47:03 - [TEST_STEP][PASSED] - println(symbol): null

2019-08-24 12:47:08 - [TEST_STEP][PASSED] - if (i == 2 &amp;&amp; wildList.indexOf(symbol) != -1): null

2019-08-24 12:47:08 - [TEST_STEP][PASSED] - if (i == 3 &amp;&amp; wildList.indexOf(symbol) != -1): null

2019-08-24 12:47:08 - [TEST_STEP][PASSED] - if (i == 4 &amp;&amp; wildList.indexOf(symbol) != -1): null

2019-08-24 12:47:08 - [TEST_STEP][PASSED] - symbol = symbol: null

2019-08-24 12:47:08 - [TEST_STEP][PASSED] - println(symbol): null

2019-08-24 12:47:08 - [TEST_STEP][PASSED] - if (i == 2 &amp;&amp; wildList.indexOf(symbol) != -1): null

2019-08-24 12:47:08 - [TEST_STEP][PASSED] - if (i == 3 &amp;&amp; wildList.indexOf(symbol) != -1): null

2019-08-24 12:47:08 - [TEST_STEP][PASSED] - if (i == 4 &amp;&amp; wildList.indexOf(symbol) != -1): null

2019-08-24 12:47:08 - [TEST_STEP][PASSED] - symbol = symbol: null

2019-08-24 12:47:08 - [TEST_STEP][PASSED] - println(symbol): null

2019-08-24 12:47:10 - [TEST_STEP][PASSED] - if (i == 2 &amp;&amp; wildList.indexOf(symbol) != -1): null

2019-08-24 12:47:10 - [TEST_STEP][PASSED] - if (i == 3 &amp;&amp; wildList.indexOf(symbol) != -1): null

2019-08-24 12:47:10 - [TEST_STEP][PASSED] - if (i == 4 &amp;&amp; wildList.indexOf(symbol) != -1): null

2019-08-24 12:47:10 - [TEST_STEP][PASSED] - symbols = symbols: null

2019-08-24 12:47:10 - [TEST_STEP][PASSED] - for ([j = 0, j &lt; symbols.size(), (j++)]): null

2019-08-24 12:47:10 - [TEST_STEP][PASSED] - symbol = symbol: null

2019-08-24 12:47:10 - [TEST_STEP][PASSED] - println(symbol): null

2019-08-24 12:47:10 - [TEST_STEP][PASSED] - if (i == 2 &amp;&amp; wildList.indexOf(symbol) != -1): null

2019-08-24 12:47:10 - [TEST_STEP][PASSED] - if (i == 3 &amp;&amp; wildList.indexOf(symbol) != -1): null

2019-08-24 12:47:10 - [TEST_STEP][PASSED] - if (i == 4 &amp;&amp; wildList.indexOf(symbol) != -1): null

2019-08-24 12:47:10 - [TEST_STEP][PASSED] - symbol = symbol: null

2019-08-24 12:47:10 - [TEST_STEP][PASSED] - println(symbol): null

2019-08-24 12:47:10 - [TEST_STEP][PASSED] - if (i == 2 &amp;&amp; wildList.indexOf(symbol) != -1): null

2019-08-24 12:47:10 - [TEST_STEP][PASSED] - if (i == 3 &amp;&amp; wildList.indexOf(symbol) != -1): null

2019-08-24 12:47:10 - [TEST_STEP][PASSED] - if (i == 4 &amp;&amp; wildList.indexOf(symbol) != -1): null

2019-08-24 12:47:10 - [TEST_STEP][PASSED] - symbol = symbol: null

2019-08-24 12:47:10 - [TEST_STEP][PASSED] - println(symbol): null

2019-08-24 12:47:10 - [TEST_STEP][PASSED] - if (i == 2 &amp;&amp; wildList.indexOf(symbol) != -1): null

2019-08-24 12:47:10 - [TEST_STEP][PASSED] - if (i == 3 &amp;&amp; wildList.indexOf(symbol) != -1): null

2019-08-24 12:47:10 - [TEST_STEP][PASSED] - if (i == 4 &amp;&amp; wildList.indexOf(symbol) != -1): null

2019-08-24 12:47:10 - [TEST_STEP][PASSED] - free_spin_reel_counter = free_spin_reel_counter: null

2019-08-24 12:47:10 - [TEST_STEP][PASSED] - println("reel 3 wild found: " + free_spin_reel_counter[0]): null

2019-08-24 12:47:10 - [TEST_STEP][PASSED] - println("reel 4 wild found: " + free_spin_reel_counter[1]): null

2019-08-24 12:47:10 - [TEST_STEP][PASSED] - println("reel 5 wild found: " + free_spin_reel_counter[2]): null

2019-08-24 12:47:10 - [TEST_STEP][PASSED] - M4_spin_reels = M4_spin_reels: null

2019-08-24 12:47:10 - [TEST_STEP][PASSED] - M4_spin_reels_symbols = symbol: null

2019-08-24 12:47:10 - [TEST_STEP][PASSED] - M4_spin_reels_symbols = M4_spin_reels_symbols: null

2019-08-24 12:47:10 - [TEST_STEP][PASSED] - M4_spin_reel_wins = reel_wins: null

2019-08-24 12:47:10 - [TEST_STEP][PASSED] - M4_spin_reel_wins = M4_spin_reel_wins: null

2019-08-24 12:47:10 - [TEST_STEP][PASSED] - println("GlobalVariable.M4_spin_reel_wins is: " + M4_spin_reel_wins): null

2019-08-24 12:47:10 - [TEST_STEP][PASSED] - M4_spin_total_bonus_win_this_round = total_bonus_win_this_round: null

2019-08-24 12:47:10 - [TEST_STEP][PASSED] - M4_spin_total_bonus_win_this_round = M4_spin_total_bonus_win_this_round: null

2019-08-24 12:47:10 - [TEST_STEP][PASSED] - println("GlobalVariable.M4_spin_total_bonus_win_this_round is: " + M4_spin_total_bonus_win_this_round): null

2019-08-24 12:47:10 - [TEST_STEP][PASSED] - M4_spin_bonus_spin_result = spin_result: null

2019-08-24 12:47:10 - [TEST_STEP][PASSED] - M4_spin_bonus_spin_result = M4_spin_bonus_spin_result: null

2019-08-24 12:47:10 - [MESSAGE][PASSED] - Verify response successfully

2019-08-24 12:47:10 - [MESSAGE][PASSED] - Send request and verify the response successfully

2019-08-24 12:47:10 - [TEST_STEP][PASSED] - if (M4_total_bonus_spins_int != 0 &amp;&amp; M4_spin_reels_symbols[2].contains("WILD_Double") || M4_spin_reels_symbols[4].contains("WILD_Triple")): null

2019-08-24 12:47:10 - [TEST_STEP][PASSED] - free_spin_reel_counter = free_spin_reel_counter: null

2019-08-24 12:47:10 - [TEST_STEP][PASSED] - M4_spin_reels_symbols = M4_spin_reels_symbols: null

2019-08-24 12:47:10 - [TEST_STEP][PASSED] - M4_total_bonus_spins = M4_total_bonus_spins: null

2019-08-24 12:47:10 - [TEST_STEP][PASSED] - spin_result = sendRequestAndVerify(findTestObject("INT/RGS(M4)/1_M4_spin", ["M4_login_user_id":M4_login_user_id, "rgs_session_token":rgs_session_token, "partner":Partner])): Send request and verify the response successfully

2019-08-24 12:47:10 - [MESSAGE][INFO] - HAR: /Users/eiralee/Katalon_Script/SuperWild/Reports/20190824_124242/INT/superWild_4/20190824_124242/requests/main/83.har

2019-08-24 12:47:10 - [TEST_CASE][PASSED] - Start Test Case : Verification: Verification accomplished successfully

2019-08-24 12:47:10 - [TEST_STEP][PASSED] - request = getInstance().getCurrentRequest(): null

2019-08-24 12:47:10 - [TEST_STEP][PASSED] - response = getInstance().getCurrentResponse(): null

2019-08-24 12:47:10 - [TEST_STEP][PASSED] - verifyResponseStatusCode(response, 200): Verify response status code successfully

2019-08-24 12:47:10 - [MESSAGE][PASSED] - Verify response status code successfully

2019-08-24 12:47:10 - [TEST_STEP][PASSED] - getStatusCode()).isEqualTo(200): null

2019-08-24 12:47:10 - [TEST_STEP][PASSED] - newline = System.getProperty("line.separator"): null

2019-08-24 12:47:10 - [TEST_STEP][PASSED] - M4_spin = new groovy.json.JsonSlurper(): null

2019-08-24 12:47:10 - [TEST_STEP][PASSED] - result_M4_spin = M4_spin.parseText(response.getResponseBodyContent()): null

2019-08-24 12:47:10 - [TEST_STEP][PASSED] - M4_spin_current_balance = current_balance: null

2019-08-24 12:47:10 - [TEST_STEP][PASSED] - M4_spin_current_balance = M4_spin_current_balance: null

2019-08-24 12:47:10 - [TEST_STEP][PASSED] - M4_spin_transaction_id = causality: null

2019-08-24 12:47:10 - [TEST_STEP][PASSED] - M4_spin_transaction_id = M4_spin_transaction_id: null

2019-08-24 12:47:10 - [TEST_STEP][PASSED] - M4_spin_round_id = round_id: null

2019-08-24 12:47:10 - [TEST_STEP][PASSED] - M4_spin_round_id = M4_spin_round_id: null

2019-08-24 12:47:10 - [TEST_STEP][PASSED] - M4_spin_line_wins = line_wins: null

2019-08-24 12:47:10 - [TEST_STEP][PASSED] - M4_spin_line_wins = M4_spin_line_wins: null

2019-08-24 12:47:10 - [TEST_STEP][PASSED] - M4_total_bonus_spins_int = total_bonus_spins: null

2019-08-24 12:47:10 - [TEST_STEP][PASSED] - println("******M4_total_bonus_spins type is:*******" + newline + getClass().getName()): null

2019-08-24 12:47:10 - [TEST_STEP][PASSED] - M4_total_bonus_spins_int = M4_total_bonus_spins_int: null

2019-08-24 12:47:10 - [TEST_STEP][PASSED] - M4_total_bonus_spins = Integer.toString(M4_total_bonus_spins_int): null

2019-08-24 12:47:10 - [TEST_STEP][PASSED] - M4_total_bonus_spins = M4_total_bonus_spins: null

2019-08-24 12:47:10 - [TEST_STEP][PASSED] - println("M4_total_bonus_spins is:" + M4_total_bonus_spins): null

2019-08-24 12:47:10 - [TEST_STEP][PASSED] - M4_spin_bonus_data = bonus_data: null

2019-08-24 12:47:10 - [TEST_STEP][PASSED] - M4_spin_features_triggered = result_M4_spin: null

2019-08-24 12:47:10 - [TEST_STEP][PASSED] - wild = []: null

2019-08-24 12:47:10 - [TEST_STEP][PASSED] - wild[0] = "WILD_Expanding": null

2019-08-24 12:47:10 - [TEST_STEP][PASSED] - wild[1] = "WILD_Normal": null

2019-08-24 12:47:10 - [TEST_STEP][PASSED] - wild[2] = "WILD_Double": null

2019-08-24 12:47:10 - [TEST_STEP][PASSED] - wild[3] = "WILD_ExtraFG": null

2019-08-24 12:47:10 - [TEST_STEP][PASSED] - wild[4] = "WILD_Triple": null

2019-08-24 12:47:10 - [TEST_STEP][PASSED] - wildList = Arrays.asList(wild): null

2019-08-24 12:47:10 - [TEST_STEP][PASSED] - wildList = wildList: null

2019-08-24 12:47:10 - [TEST_STEP][PASSED] - free_spin_reel_counter = []: null

2019-08-24 12:47:10 - [TEST_STEP][PASSED] - free_spin_reel_counter[0] = 0: null

2019-08-24 12:47:10 - [TEST_STEP][PASSED] - free_spin_reel_counter[1] = 0: null

2019-08-24 12:47:10 - [TEST_STEP][PASSED] - free_spin_reel_counter[2] = 0: null

2019-08-24 12:47:10 - [TEST_STEP][PASSED] - M4_spin_reels = reels: null

2019-08-24 12:47:10 - [TEST_STEP][PASSED] - for ([i = 0, i &lt; M4_spin_reels.size(), (i++)]): null

2019-08-24 12:47:10 - [TEST_STEP][PASSED] - symbols = symbols: null

2019-08-24 12:47:10 - [TEST_STEP][PASSED] - for ([j = 0, j &lt; symbols.size(), (j++)]): null

2019-08-24 12:47:10 - [TEST_STEP][PASSED] - symbol = symbol: null

2019-08-24 12:47:10 - [TEST_STEP][PASSED] - println(symbol): null

2019-08-24 12:47:10 - [TEST_STEP][PASSED] - if (i == 2 &amp;&amp; wildList.indexOf(symbol) != -1): null

2019-08-24 12:47:10 - [TEST_STEP][PASSED] - if (i == 3 &amp;&amp; wildList.indexOf(symbol) != -1): null

2019-08-24 12:47:10 - [TEST_STEP][PASSED] - if (i == 4 &amp;&amp; wildList.indexOf(symbol) != -1): null

2019-08-24 12:47:10 - [TEST_STEP][PASSED] - symbol = symbol: null

2019-08-24 12:47:10 - [TEST_STEP][PASSED] - println(symbol): null

2019-08-24 12:47:10 - [TEST_STEP][PASSED] - if (i == 2 &amp;&amp; wildList.indexOf(symbol) != -1): null

2019-08-24 12:47:10 - [TEST_STEP][PASSED] - if (i == 3 &amp;&amp; wildList.indexOf(symbol) != -1): null

2019-08-24 12:47:10 - [TEST_STEP][PASSED] - if (i == 4 &amp;&amp; wildList.indexOf(symbol) != -1): null

2019-08-24 12:47:10 - [TEST_STEP][PASSED] - symbol = symbol: null

2019-08-24 12:47:10 - [TEST_STEP][PASSED] - println(symbol): null

2019-08-24 12:47:10 - [TEST_STEP][PASSED] - if (i == 2 &amp;&amp; wildList.indexOf(symbol) != -1): null

2019-08-24 12:47:10 - [TEST_STEP][PASSED] - if (i == 3 &amp;&amp; wildList.indexOf(symbol) != -1): null

2019-08-24 12:47:10 - [TEST_STEP][PASSED] - if (i == 4 &amp;&amp; wildList.indexOf(symbol) != -1): null

2019-08-24 12:47:10 - [TEST_STEP][PASSED] - symbols = symbols: null

2019-08-24 12:47:10 - [TEST_STEP][PASSED] - for ([j = 0, j &lt; symbols.size(), (j++)]): null

2019-08-24 12:47:10 - [TEST_STEP][PASSED] - symbol = symbol: null

2019-08-24 12:47:10 - [TEST_STEP][PASSED] - println(symbol): null

2019-08-24 12:47:10 - [TEST_STEP][PASSED] - if (i == 2 &amp;&amp; wildList.indexOf(symbol) != -1): null

2019-08-24 12:47:10 - [TEST_STEP][PASSED] - if (i == 3 &amp;&amp; wildList.indexOf(symbol) != -1): null

2019-08-24 12:47:10 - [TEST_STEP][PASSED] - if (i == 4 &amp;&amp; wildList.indexOf(symbol) != -1): null

2019-08-24 12:47:10 - [TEST_STEP][PASSED] - symbol = symbol: null

2019-08-24 12:47:10 - [TEST_STEP][PASSED] - println(symbol): null

2019-08-24 12:47:10 - [TEST_STEP][PASSED] - if (i == 2 &amp;&amp; wildList.indexOf(symbol) != -1): null

2019-08-24 12:47:10 - [TEST_STEP][PASSED] - if (i == 3 &amp;&amp; wildList.indexOf(symbol) != -1): null

2019-08-24 12:47:10 - [TEST_STEP][PASSED] - if (i == 4 &amp;&amp; wildList.indexOf(symbol) != -1): null

2019-08-24 12:47:10 - [TEST_STEP][PASSED] - symbol = symbol: null

2019-08-24 12:47:10 - [TEST_STEP][PASSED] - println(symbol): null

2019-08-24 12:47:10 - [TEST_STEP][PASSED] - if (i == 2 &amp;&amp; wildList.indexOf(symbol) != -1): null

2019-08-24 12:47:10 - [TEST_STEP][PASSED] - if (i == 3 &amp;&amp; wildList.indexOf(symbol) != -1): null

2019-08-24 12:47:10 - [TEST_STEP][PASSED] - if (i == 4 &amp;&amp; wildList.indexOf(symbol) != -1): null

2019-08-24 12:47:10 - [TEST_STEP][PASSED] - symbols = symbols: null

2019-08-24 12:47:10 - [TEST_STEP][PASSED] - for ([j = 0, j &lt; symbols.size(), (j++)]): null

2019-08-24 12:47:10 - [TEST_STEP][PASSED] - symbol = symbol: null

2019-08-24 12:47:10 - [TEST_STEP][PASSED] - println(symbol): null

2019-08-24 12:47:10 - [TEST_STEP][PASSED] - if (i == 2 &amp;&amp; wildList.indexOf(symbol) != -1): null

2019-08-24 12:47:10 - [TEST_STEP][PASSED] - if (i == 3 &amp;&amp; wildList.indexOf(symbol) != -1): null

2019-08-24 12:47:10 - [TEST_STEP][PASSED] - if (i == 4 &amp;&amp; wildList.indexOf(symbol) != -1): null

2019-08-24 12:47:10 - [TEST_STEP][PASSED] - symbol = symbol: null

2019-08-24 12:47:10 - [TEST_STEP][PASSED] - println(symbol): null

2019-08-24 12:47:10 - [TEST_STEP][PASSED] - if (i == 2 &amp;&amp; wildList.indexOf(symbol) != -1): null

2019-08-24 12:47:10 - [TEST_STEP][PASSED] - println("wild found on reel 3, adding counter by 1"): null

2019-08-24 12:47:10 - [TEST_STEP][PASSED] - free_spin_reel_counter[0] = free_spin_reel_counter[0] + 1: null

2019-08-24 12:47:10 - [TEST_STEP][PASSED] - if (i == 3 &amp;&amp; wildList.indexOf(symbol) != -1): null

2019-08-24 12:47:10 - [TEST_STEP][PASSED] - if (i == 4 &amp;&amp; wildList.indexOf(symbol) != -1): null

2019-08-24 12:47:10 - [TEST_STEP][PASSED] - symbol = symbol: null

2019-08-24 12:47:10 - [TEST_STEP][PASSED] - println(symbol): null

2019-08-24 12:47:10 - [TEST_STEP][PASSED] - if (i == 2 &amp;&amp; wildList.indexOf(symbol) != -1): null

2019-08-24 12:47:10 - [TEST_STEP][PASSED] - if (i == 3 &amp;&amp; wildList.indexOf(symbol) != -1): null

2019-08-24 12:47:10 - [TEST_STEP][PASSED] - if (i == 4 &amp;&amp; wildList.indexOf(symbol) != -1): null

2019-08-24 12:47:10 - [TEST_STEP][PASSED] - symbols = symbols: null

2019-08-24 12:47:10 - [TEST_STEP][PASSED] - for ([j = 0, j &lt; symbols.size(), (j++)]): null

2019-08-24 12:47:10 - [TEST_STEP][PASSED] - symbol = symbol: null

2019-08-24 12:47:10 - [TEST_STEP][PASSED] - println(symbol): null

2019-08-24 12:47:10 - [TEST_STEP][PASSED] - if (i == 2 &amp;&amp; wildList.indexOf(symbol) != -1): null

2019-08-24 12:47:10 - [TEST_STEP][PASSED] - if (i == 3 &amp;&amp; wildList.indexOf(symbol) != -1): null

2019-08-24 12:47:10 - [TEST_STEP][PASSED] - println("wild found on reel 4, adding counter by 1"): null

2019-08-24 12:47:10 - [TEST_STEP][PASSED] - free_spin_reel_counter[1] = free_spin_reel_counter[1] + 1: null

2019-08-24 12:47:10 - [TEST_STEP][PASSED] - if (i == 4 &amp;&amp; wildList.indexOf(symbol) != -1): null

2019-08-24 12:47:10 - [TEST_STEP][PASSED] - symbol = symbol: null

2019-08-24 12:47:10 - [TEST_STEP][PASSED] - println(symbol): null

2019-08-24 12:47:10 - [TEST_STEP][PASSED] - if (i == 2 &amp;&amp; wildList.indexOf(symbol) != -1): null

2019-08-24 12:47:10 - [TEST_STEP][PASSED] - if (i == 3 &amp;&amp; wildList.indexOf(symbol) != -1): null

2019-08-24 12:47:10 - [TEST_STEP][PASSED] - if (i == 4 &amp;&amp; wildList.indexOf(symbol) != -1): null

2019-08-24 12:47:10 - [TEST_STEP][PASSED] - symbol = symbol: null

2019-08-24 12:47:10 - [TEST_STEP][PASSED] - println(symbol): null

2019-08-24 12:47:10 - [TEST_STEP][PASSED] - if (i == 2 &amp;&amp; wildList.indexOf(symbol) != -1): null

2019-08-24 12:47:10 - [TEST_STEP][PASSED] - if (i == 3 &amp;&amp; wildList.indexOf(symbol) != -1): null

2019-08-24 12:47:10 - [TEST_STEP][PASSED] - if (i == 4 &amp;&amp; wildList.indexOf(symbol) != -1): null

2019-08-24 12:47:10 - [TEST_STEP][PASSED] - symbols = symbols: null

2019-08-24 12:47:10 - [TEST_STEP][PASSED] - for ([j = 0, j &lt; symbols.size(), (j++)]): null

2019-08-24 12:47:10 - [TEST_STEP][PASSED] - symbol = symbol: null

2019-08-24 12:47:10 - [TEST_STEP][PASSED] - println(symbol): null

2019-08-24 12:47:10 - [TEST_STEP][PASSED] - if (i == 2 &amp;&amp; wildList.indexOf(symbol) != -1): null

2019-08-24 12:47:10 - [TEST_STEP][PASSED] - if (i == 3 &amp;&amp; wildList.indexOf(symbol) != -1): null

2019-08-24 12:47:10 - [TEST_STEP][PASSED] - if (i == 4 &amp;&amp; wildList.indexOf(symbol) != -1): null

2019-08-24 12:47:10 - [TEST_STEP][PASSED] - symbol = symbol: null

2019-08-24 12:47:10 - [TEST_STEP][PASSED] - println(symbol): null

2019-08-24 12:47:10 - [TEST_STEP][PASSED] - if (i == 2 &amp;&amp; wildList.indexOf(symbol) != -1): null

2019-08-24 12:47:10 - [TEST_STEP][PASSED] - if (i == 3 &amp;&amp; wildList.indexOf(symbol) != -1): null

2019-08-24 12:47:10 - [TEST_STEP][PASSED] - if (i == 4 &amp;&amp; wildList.indexOf(symbol) != -1): null

2019-08-24 12:47:10 - [TEST_STEP][PASSED] - symbol = symbol: null

2019-08-24 12:47:10 - [TEST_STEP][PASSED] - println(symbol): null

2019-08-24 12:47:10 - [TEST_STEP][PASSED] - if (i == 2 &amp;&amp; wildList.indexOf(symbol) != -1): null

2019-08-24 12:47:10 - [TEST_STEP][PASSED] - if (i == 3 &amp;&amp; wildList.indexOf(symbol) != -1): null

2019-08-24 12:47:10 - [TEST_STEP][PASSED] - if (i == 4 &amp;&amp; wildList.indexOf(symbol) != -1): null

2019-08-24 12:47:10 - [TEST_STEP][PASSED] - free_spin_reel_counter = free_spin_reel_counter: null

2019-08-24 12:47:10 - [TEST_STEP][PASSED] - println("reel 3 wild found: " + free_spin_reel_counter[0]): null

2019-08-24 12:47:10 - [TEST_STEP][PASSED] - println("reel 4 wild found: " + free_spin_reel_counter[1]): null

2019-08-24 12:47:10 - [TEST_STEP][PASSED] - println("reel 5 wild found: " + free_spin_reel_counter[2]): null

2019-08-24 12:47:10 - [TEST_STEP][PASSED] - M4_spin_reels = M4_spin_reels: null

2019-08-24 12:47:10 - [TEST_STEP][PASSED] - M4_spin_reels_symbols = symbol: null

2019-08-24 12:47:10 - [TEST_STEP][PASSED] - M4_spin_reels_symbols = M4_spin_reels_symbols: null

2019-08-24 12:47:10 - [TEST_STEP][PASSED] - M4_spin_reel_wins = reel_wins: null

2019-08-24 12:47:10 - [TEST_STEP][PASSED] - M4_spin_reel_wins = M4_spin_reel_wins: null

2019-08-24 12:47:10 - [TEST_STEP][PASSED] - println("GlobalVariable.M4_spin_reel_wins is: " + M4_spin_reel_wins): null

2019-08-24 12:47:10 - [TEST_STEP][PASSED] - M4_spin_total_bonus_win_this_round = total_bonus_win_this_round: null

2019-08-24 12:47:10 - [TEST_STEP][PASSED] - M4_spin_total_bonus_win_this_round = M4_spin_total_bonus_win_this_round: null

2019-08-24 12:47:10 - [TEST_STEP][PASSED] - println("GlobalVariable.M4_spin_total_bonus_win_this_round is: " + M4_spin_total_bonus_win_this_round): null

2019-08-24 12:47:10 - [TEST_STEP][PASSED] - M4_spin_bonus_spin_result = spin_result: null

2019-08-24 12:47:10 - [TEST_STEP][PASSED] - M4_spin_bonus_spin_result = M4_spin_bonus_spin_result: null

2019-08-24 12:47:10 - [MESSAGE][PASSED] - Verify response successfully

2019-08-24 12:47:10 - [MESSAGE][PASSED] - Send request and verify the response successfully

2019-08-24 12:47:10 - [TEST_STEP][PASSED] - if (M4_total_bonus_spins_int != 0 &amp;&amp; M4_spin_reels_symbols[2].contains("WILD_Double") || M4_spin_reels_symbols[4].contains("WILD_Triple")): null

2019-08-24 12:47:10 - [TEST_STEP][PASSED] - free_spin_reel_counter = free_spin_reel_counter: null

2019-08-24 12:47:10 - [TEST_STEP][PASSED] - M4_spin_reels_symbols = M4_spin_reels_symbols: null

2019-08-24 12:47:10 - [TEST_STEP][PASSED] - M4_total_bonus_spins = M4_total_bonus_spins: null

2019-08-24 12:47:10 - [TEST_STEP][PASSED] - spin_result = sendRequestAndVerify(findTestObject("INT/RGS(M4)/1_M4_spin", ["M4_login_user_id":M4_login_user_id, "rgs_session_token":rgs_session_token, "partner":Partner])): Send request and verify the response successfully

2019-08-24 12:47:11 - [MESSAGE][INFO] - HAR: /Users/eiralee/Katalon_Script/SuperWild/Reports/20190824_124242/INT/superWild_4/20190824_124242/requests/main/84.har

2019-08-24 12:47:11 - [TEST_CASE][PASSED] - Start Test Case : Verification: Verification accomplished successfully

2019-08-24 12:47:11 - [TEST_STEP][PASSED] - request = getInstance().getCurrentRequest(): null

2019-08-24 12:47:11 - [TEST_STEP][PASSED] - response = getInstance().getCurrentResponse(): null

2019-08-24 12:47:11 - [TEST_STEP][PASSED] - verifyResponseStatusCode(response, 200): Verify response status code successfully

2019-08-24 12:47:11 - [MESSAGE][PASSED] - Verify response status code successfully

2019-08-24 12:47:11 - [TEST_STEP][PASSED] - getStatusCode()).isEqualTo(200): null

2019-08-24 12:47:11 - [TEST_STEP][PASSED] - newline = System.getProperty("line.separator"): null

2019-08-24 12:47:11 - [TEST_STEP][PASSED] - M4_spin = new groovy.json.JsonSlurper(): null

2019-08-24 12:47:11 - [TEST_STEP][PASSED] - result_M4_spin = M4_spin.parseText(response.getResponseBodyContent()): null

2019-08-24 12:47:11 - [TEST_STEP][PASSED] - M4_spin_current_balance = current_balance: null

2019-08-24 12:47:11 - [TEST_STEP][PASSED] - M4_spin_current_balance = M4_spin_current_balance: null

2019-08-24 12:47:11 - [TEST_STEP][PASSED] - M4_spin_transaction_id = causality: null

2019-08-24 12:47:11 - [TEST_STEP][PASSED] - M4_spin_transaction_id = M4_spin_transaction_id: null

2019-08-24 12:47:11 - [TEST_STEP][PASSED] - M4_spin_round_id = round_id: null

2019-08-24 12:47:11 - [TEST_STEP][PASSED] - M4_spin_round_id = M4_spin_round_id: null

2019-08-24 12:47:11 - [TEST_STEP][PASSED] - M4_spin_line_wins = line_wins: null

2019-08-24 12:47:11 - [TEST_STEP][PASSED] - M4_spin_line_wins = M4_spin_line_wins: null

2019-08-24 12:47:11 - [TEST_STEP][PASSED] - M4_total_bonus_spins_int = total_bonus_spins: null

2019-08-24 12:47:11 - [TEST_STEP][PASSED] - println("******M4_total_bonus_spins type is:*******" + newline + getClass().getName()): null

2019-08-24 12:47:11 - [TEST_STEP][PASSED] - M4_total_bonus_spins_int = M4_total_bonus_spins_int: null

2019-08-24 12:47:11 - [TEST_STEP][PASSED] - M4_total_bonus_spins = Integer.toString(M4_total_bonus_spins_int): null

2019-08-24 12:47:11 - [TEST_STEP][PASSED] - M4_total_bonus_spins = M4_total_bonus_spins: null

2019-08-24 12:47:11 - [TEST_STEP][PASSED] - println("M4_total_bonus_spins is:" + M4_total_bonus_spins): null

2019-08-24 12:47:11 - [TEST_STEP][PASSED] - M4_spin_bonus_data = bonus_data: null

2019-08-24 12:47:11 - [TEST_STEP][PASSED] - M4_spin_features_triggered = result_M4_spin: null

2019-08-24 12:47:11 - [TEST_STEP][PASSED] - wild = []: null

2019-08-24 12:47:11 - [TEST_STEP][PASSED] - wild[0] = "WILD_Expanding": null

2019-08-24 12:47:11 - [TEST_STEP][PASSED] - wild[1] = "WILD_Normal": null

2019-08-24 12:47:11 - [TEST_STEP][PASSED] - wild[2] = "WILD_Double": null

2019-08-24 12:47:11 - [TEST_STEP][PASSED] - wild[3] = "WILD_ExtraFG": null

2019-08-24 12:47:11 - [TEST_STEP][PASSED] - wild[4] = "WILD_Triple": null

2019-08-24 12:47:11 - [TEST_STEP][PASSED] - wildList = Arrays.asList(wild): null

2019-08-24 12:47:11 - [TEST_STEP][PASSED] - wildList = wildList: null

2019-08-24 12:47:11 - [TEST_STEP][PASSED] - free_spin_reel_counter = []: null

2019-08-24 12:47:11 - [TEST_STEP][PASSED] - free_spin_reel_counter[0] = 0: null

2019-08-24 12:47:11 - [TEST_STEP][PASSED] - free_spin_reel_counter[1] = 0: null

2019-08-24 12:47:11 - [TEST_STEP][PASSED] - free_spin_reel_counter[2] = 0: null

2019-08-24 12:47:11 - [TEST_STEP][PASSED] - M4_spin_reels = reels: null

2019-08-24 12:47:11 - [TEST_STEP][PASSED] - for ([i = 0, i &lt; M4_spin_reels.size(), (i++)]): null

2019-08-24 12:47:11 - [TEST_STEP][PASSED] - symbols = symbols: null

2019-08-24 12:47:11 - [TEST_STEP][PASSED] - for ([j = 0, j &lt; symbols.size(), (j++)]): null

2019-08-24 12:47:11 - [TEST_STEP][PASSED] - symbol = symbol: null

2019-08-24 12:47:11 - [TEST_STEP][PASSED] - println(symbol): null

2019-08-24 12:47:11 - [TEST_STEP][PASSED] - if (i == 2 &amp;&amp; wildList.indexOf(symbol) != -1): null

2019-08-24 12:47:11 - [TEST_STEP][PASSED] - if (i == 3 &amp;&amp; wildList.indexOf(symbol) != -1): null

2019-08-24 12:47:11 - [TEST_STEP][PASSED] - if (i == 4 &amp;&amp; wildList.indexOf(symbol) != -1): null

2019-08-24 12:47:11 - [TEST_STEP][PASSED] - symbol = symbol: null

2019-08-24 12:47:11 - [TEST_STEP][PASSED] - println(symbol): null

2019-08-24 12:47:11 - [TEST_STEP][PASSED] - if (i == 2 &amp;&amp; wildList.indexOf(symbol) != -1): null

2019-08-24 12:47:11 - [TEST_STEP][PASSED] - if (i == 3 &amp;&amp; wildList.indexOf(symbol) != -1): null

2019-08-24 12:47:11 - [TEST_STEP][PASSED] - if (i == 4 &amp;&amp; wildList.indexOf(symbol) != -1): null

2019-08-24 12:47:11 - [TEST_STEP][PASSED] - symbol = symbol: null

2019-08-24 12:47:11 - [TEST_STEP][PASSED] - println(symbol): null

2019-08-24 12:47:11 - [TEST_STEP][PASSED] - if (i == 2 &amp;&amp; wildList.indexOf(symbol) != -1): null

2019-08-24 12:47:11 - [TEST_STEP][PASSED] - if (i == 3 &amp;&amp; wildList.indexOf(symbol) != -1): null

2019-08-24 12:47:11 - [TEST_STEP][PASSED] - if (i == 4 &amp;&amp; wildList.indexOf(symbol) != -1): null

2019-08-24 12:47:11 - [TEST_STEP][PASSED] - symbols = symbols: null

2019-08-24 12:47:11 - [TEST_STEP][PASSED] - for ([j = 0, j &lt; symbols.size(), (j++)]): null

2019-08-24 12:47:11 - [TEST_STEP][PASSED] - symbol = symbol: null

2019-08-24 12:47:11 - [TEST_STEP][PASSED] - println(symbol): null

2019-08-24 12:47:11 - [TEST_STEP][PASSED] - if (i == 2 &amp;&amp; wildList.indexOf(symbol) != -1): null

2019-08-24 12:47:11 - [TEST_STEP][PASSED] - if (i == 3 &amp;&amp; wildList.indexOf(symbol) != -1): null

2019-08-24 12:47:11 - [TEST_STEP][PASSED] - if (i == 4 &amp;&amp; wildList.indexOf(symbol) != -1): null

2019-08-24 12:47:11 - [TEST_STEP][PASSED] - symbol = symbol: null

2019-08-24 12:47:11 - [TEST_STEP][PASSED] - println(symbol): null

2019-08-24 12:47:11 - [TEST_STEP][PASSED] - if (i == 2 &amp;&amp; wildList.indexOf(symbol) != -1): null

2019-08-24 12:47:11 - [TEST_STEP][PASSED] - if (i == 3 &amp;&amp; wildList.indexOf(symbol) != -1): null

2019-08-24 12:47:11 - [TEST_STEP][PASSED] - if (i == 4 &amp;&amp; wildList.indexOf(symbol) != -1): null

2019-08-24 12:47:11 - [TEST_STEP][PASSED] - symbol = symbol: null

2019-08-24 12:47:11 - [TEST_STEP][PASSED] - println(symbol): null

2019-08-24 12:47:11 - [TEST_STEP][PASSED] - if (i == 2 &amp;&amp; wildList.indexOf(symbol) != -1): null

2019-08-24 12:47:11 - [TEST_STEP][PASSED] - if (i == 3 &amp;&amp; wildList.indexOf(symbol) != -1): null

2019-08-24 12:47:11 - [TEST_STEP][PASSED] - if (i == 4 &amp;&amp; wildList.indexOf(symbol) != -1): null

2019-08-24 12:47:11 - [TEST_STEP][PASSED] - symbols = symbols: null

2019-08-24 12:47:11 - [TEST_STEP][PASSED] - for ([j = 0, j &lt; symbols.size(), (j++)]): null

2019-08-24 12:47:11 - [TEST_STEP][PASSED] - symbol = symbol: null

2019-08-24 12:47:11 - [TEST_STEP][PASSED] - println(symbol): null

2019-08-24 12:47:11 - [TEST_STEP][PASSED] - if (i == 2 &amp;&amp; wildList.indexOf(symbol) != -1): null

2019-08-24 12:47:11 - [TEST_STEP][PASSED] - if (i == 3 &amp;&amp; wildList.indexOf(symbol) != -1): null

2019-08-24 12:47:11 - [TEST_STEP][PASSED] - if (i == 4 &amp;&amp; wildList.indexOf(symbol) != -1): null

2019-08-24 12:47:11 - [TEST_STEP][PASSED] - symbol = symbol: null

2019-08-24 12:47:11 - [TEST_STEP][PASSED] - println(symbol): null

2019-08-24 12:47:11 - [TEST_STEP][PASSED] - if (i == 2 &amp;&amp; wildList.indexOf(symbol) != -1): null

2019-08-24 12:47:11 - [TEST_STEP][PASSED] - if (i == 3 &amp;&amp; wildList.indexOf(symbol) != -1): null

2019-08-24 12:47:11 - [TEST_STEP][PASSED] - if (i == 4 &amp;&amp; wildList.indexOf(symbol) != -1): null

2019-08-24 12:47:11 - [TEST_STEP][PASSED] - symbol = symbol: null

2019-08-24 12:47:11 - [TEST_STEP][PASSED] - println(symbol): null

2019-08-24 12:47:11 - [TEST_STEP][PASSED] - if (i == 2 &amp;&amp; wildList.indexOf(symbol) != -1): null

2019-08-24 12:47:11 - [TEST_STEP][PASSED] - if (i == 3 &amp;&amp; wildList.indexOf(symbol) != -1): null

2019-08-24 12:47:11 - [TEST_STEP][PASSED] - if (i == 4 &amp;&amp; wildList.indexOf(symbol) != -1): null

2019-08-24 12:47:11 - [TEST_STEP][PASSED] - symbols = symbols: null

2019-08-24 12:47:11 - [TEST_STEP][PASSED] - for ([j = 0, j &lt; symbols.size(), (j++)]): null

2019-08-24 12:47:11 - [TEST_STEP][PASSED] - symbol = symbol: null

2019-08-24 12:47:11 - [TEST_STEP][PASSED] - println(symbol): null

2019-08-24 12:47:11 - [TEST_STEP][PASSED] - if (i == 2 &amp;&amp; wildList.indexOf(symbol) != -1): null

2019-08-24 12:47:11 - [TEST_STEP][PASSED] - if (i == 3 &amp;&amp; wildList.indexOf(symbol) != -1): null

2019-08-24 12:47:11 - [TEST_STEP][PASSED] - if (i == 4 &amp;&amp; wildList.indexOf(symbol) != -1): null

2019-08-24 12:47:11 - [TEST_STEP][PASSED] - symbol = symbol: null

2019-08-24 12:47:11 - [TEST_STEP][PASSED] - println(symbol): null

2019-08-24 12:47:11 - [TEST_STEP][PASSED] - if (i == 2 &amp;&amp; wildList.indexOf(symbol) != -1): null

2019-08-24 12:47:11 - [TEST_STEP][PASSED] - if (i == 3 &amp;&amp; wildList.indexOf(symbol) != -1): null

2019-08-24 12:47:11 - [TEST_STEP][PASSED] - if (i == 4 &amp;&amp; wildList.indexOf(symbol) != -1): null

2019-08-24 12:47:11 - [TEST_STEP][PASSED] - symbol = symbol: null

2019-08-24 12:47:11 - [TEST_STEP][PASSED] - println(symbol): null

2019-08-24 12:47:11 - [TEST_STEP][PASSED] - if (i == 2 &amp;&amp; wildList.indexOf(symbol) != -1): null

2019-08-24 12:47:11 - [TEST_STEP][PASSED] - if (i == 3 &amp;&amp; wildList.indexOf(symbol) != -1): null

2019-08-24 12:47:11 - [TEST_STEP][PASSED] - println("wild found on reel 4, adding counter by 1"): null

2019-08-24 12:47:11 - [TEST_STEP][PASSED] - free_spin_reel_counter[1] = free_spin_reel_counter[1] + 1: null

2019-08-24 12:47:11 - [TEST_STEP][PASSED] - if (i == 4 &amp;&amp; wildList.indexOf(symbol) != -1): null

2019-08-24 12:47:11 - [TEST_STEP][PASSED] - symbols = symbols: null

2019-08-24 12:47:11 - [TEST_STEP][PASSED] - for ([j = 0, j &lt; symbols.size(), (j++)]): null

2019-08-24 12:47:11 - [TEST_STEP][PASSED] - symbol = symbol: null

2019-08-24 12:47:11 - [TEST_STEP][PASSED] - println(symbol): null

2019-08-24 12:47:11 - [TEST_STEP][PASSED] - if (i == 2 &amp;&amp; wildList.indexOf(symbol) != -1): null

2019-08-24 12:47:11 - [TEST_STEP][PASSED] - if (i == 3 &amp;&amp; wildList.indexOf(symbol) != -1): null

2019-08-24 12:47:11 - [TEST_STEP][PASSED] - if (i == 4 &amp;&amp; wildList.indexOf(symbol) != -1): null

2019-08-24 12:47:11 - [TEST_STEP][PASSED] - println("wild found on reel 5, adding counter by 1"): null

2019-08-24 12:47:11 - [TEST_STEP][PASSED] - free_spin_reel_counter[2] = free_spin_reel_counter[2] + 1: null

2019-08-24 12:47:11 - [TEST_STEP][PASSED] - symbol = symbol: null

2019-08-24 12:47:11 - [TEST_STEP][PASSED] - println(symbol): null

2019-08-24 12:47:11 - [TEST_STEP][PASSED] - if (i == 2 &amp;&amp; wildList.indexOf(symbol) != -1): null

2019-08-24 12:47:11 - [TEST_STEP][PASSED] - if (i == 3 &amp;&amp; wildList.indexOf(symbol) != -1): null

2019-08-24 12:47:11 - [TEST_STEP][PASSED] - if (i == 4 &amp;&amp; wildList.indexOf(symbol) != -1): null

2019-08-24 12:47:11 - [TEST_STEP][PASSED] - symbol = symbol: null

2019-08-24 12:47:11 - [TEST_STEP][PASSED] - println(symbol): null

2019-08-24 12:47:11 - [TEST_STEP][PASSED] - if (i == 2 &amp;&amp; wildList.indexOf(symbol) != -1): null

2019-08-24 12:47:11 - [TEST_STEP][PASSED] - if (i == 3 &amp;&amp; wildList.indexOf(symbol) != -1): null

2019-08-24 12:47:11 - [TEST_STEP][PASSED] - if (i == 4 &amp;&amp; wildList.indexOf(symbol) != -1): null

2019-08-24 12:47:15 - [TEST_STEP][PASSED] - free_spin_reel_counter = free_spin_reel_counter: null

2019-08-24 12:47:15 - [TEST_STEP][PASSED] - println("reel 3 wild found: " + free_spin_reel_counter[0]): null

2019-08-24 12:47:15 - [TEST_STEP][PASSED] - println("reel 4 wild found: " + free_spin_reel_counter[1]): null

2019-08-24 12:47:15 - [TEST_STEP][PASSED] - println("reel 5 wild found: " + free_spin_reel_counter[2]): null

2019-08-24 12:47:15 - [TEST_STEP][PASSED] - M4_spin_reels = M4_spin_reels: null

2019-08-24 12:47:15 - [TEST_STEP][PASSED] - M4_spin_reels_symbols = symbol: null

2019-08-24 12:47:15 - [TEST_STEP][PASSED] - M4_spin_reels_symbols = M4_spin_reels_symbols: null

2019-08-24 12:47:15 - [TEST_STEP][PASSED] - M4_spin_reel_wins = reel_wins: null

2019-08-24 12:47:15 - [TEST_STEP][PASSED] - M4_spin_reel_wins = M4_spin_reel_wins: null

2019-08-24 12:47:15 - [TEST_STEP][PASSED] - println("GlobalVariable.M4_spin_reel_wins is: " + M4_spin_reel_wins): null

2019-08-24 12:47:17 - [TEST_STEP][PASSED] - M4_spin_total_bonus_win_this_round = total_bonus_win_this_round: null

2019-08-24 12:47:17 - [TEST_STEP][PASSED] - M4_spin_total_bonus_win_this_round = M4_spin_total_bonus_win_this_round: null

2019-08-24 12:47:17 - [TEST_STEP][PASSED] - println("GlobalVariable.M4_spin_total_bonus_win_this_round is: " + M4_spin_total_bonus_win_this_round): null

2019-08-24 12:47:17 - [TEST_STEP][PASSED] - M4_spin_bonus_spin_result = spin_result: null

2019-08-24 12:47:17 - [TEST_STEP][PASSED] - M4_spin_bonus_spin_result = M4_spin_bonus_spin_result: null

2019-08-24 12:47:17 - [MESSAGE][PASSED] - Verify response successfully

2019-08-24 12:47:17 - [MESSAGE][PASSED] - Send request and verify the response successfully

2019-08-24 12:47:17 - [TEST_STEP][PASSED] - if (M4_total_bonus_spins_int != 0 &amp;&amp; M4_spin_reels_symbols[2].contains("WILD_Double") || M4_spin_reels_symbols[4].contains("WILD_Triple")): null

2019-08-24 12:47:17 - [TEST_STEP][PASSED] - free_spin_reel_counter = free_spin_reel_counter: null

2019-08-24 12:47:17 - [TEST_STEP][PASSED] - M4_spin_reels_symbols = M4_spin_reels_symbols: null

2019-08-24 12:47:17 - [TEST_STEP][PASSED] - M4_total_bonus_spins = M4_total_bonus_spins: null

2019-08-24 12:47:17 - [TEST_STEP][PASSED] - spin_result = sendRequestAndVerify(findTestObject("INT/RGS(M4)/1_M4_spin", ["M4_login_user_id":M4_login_user_id, "rgs_session_token":rgs_session_token, "partner":Partner])): Send request and verify the response successfully

2019-08-24 12:47:18 - [MESSAGE][INFO] - HAR: /Users/eiralee/Katalon_Script/SuperWild/Reports/20190824_124242/INT/superWild_4/20190824_124242/requests/main/85.har

2019-08-24 12:47:18 - [TEST_CASE][PASSED] - Start Test Case : Verification: Verification accomplished successfully

2019-08-24 12:47:18 - [TEST_STEP][PASSED] - request = getInstance().getCurrentRequest(): null

2019-08-24 12:47:18 - [TEST_STEP][PASSED] - response = getInstance().getCurrentResponse(): null

2019-08-24 12:47:18 - [TEST_STEP][PASSED] - verifyResponseStatusCode(response, 200): Verify response status code successfully

2019-08-24 12:47:18 - [MESSAGE][PASSED] - Verify response status code successfully

2019-08-24 12:47:18 - [TEST_STEP][PASSED] - getStatusCode()).isEqualTo(200): null

2019-08-24 12:47:18 - [TEST_STEP][PASSED] - newline = System.getProperty("line.separator"): null

2019-08-24 12:47:18 - [TEST_STEP][PASSED] - M4_spin = new groovy.json.JsonSlurper(): null

2019-08-24 12:47:18 - [TEST_STEP][PASSED] - result_M4_spin = M4_spin.parseText(response.getResponseBodyContent()): null

2019-08-24 12:47:18 - [TEST_STEP][PASSED] - M4_spin_current_balance = current_balance: null

2019-08-24 12:47:18 - [TEST_STEP][PASSED] - M4_spin_current_balance = M4_spin_current_balance: null

2019-08-24 12:47:18 - [TEST_STEP][PASSED] - M4_spin_transaction_id = causality: null

2019-08-24 12:47:18 - [TEST_STEP][PASSED] - M4_spin_transaction_id = M4_spin_transaction_id: null

2019-08-24 12:47:18 - [TEST_STEP][PASSED] - M4_spin_round_id = round_id: null

2019-08-24 12:47:18 - [TEST_STEP][PASSED] - M4_spin_round_id = M4_spin_round_id: null

2019-08-24 12:47:18 - [TEST_STEP][PASSED] - M4_spin_line_wins = line_wins: null

2019-08-24 12:47:18 - [TEST_STEP][PASSED] - M4_spin_line_wins = M4_spin_line_wins: null

2019-08-24 12:47:18 - [TEST_STEP][PASSED] - M4_total_bonus_spins_int = total_bonus_spins: null

2019-08-24 12:47:18 - [TEST_STEP][PASSED] - println("******M4_total_bonus_spins type is:*******" + newline + getClass().getName()): null

2019-08-24 12:47:18 - [TEST_STEP][PASSED] - M4_total_bonus_spins_int = M4_total_bonus_spins_int: null

2019-08-24 12:47:18 - [TEST_STEP][PASSED] - M4_total_bonus_spins = Integer.toString(M4_total_bonus_spins_int): null

2019-08-24 12:47:18 - [TEST_STEP][PASSED] - M4_total_bonus_spins = M4_total_bonus_spins: null

2019-08-24 12:47:18 - [TEST_STEP][PASSED] - println("M4_total_bonus_spins is:" + M4_total_bonus_spins): null

2019-08-24 12:47:18 - [TEST_STEP][PASSED] - M4_spin_bonus_data = bonus_data: null

2019-08-24 12:47:18 - [TEST_STEP][PASSED] - M4_spin_features_triggered = result_M4_spin: null

2019-08-24 12:47:18 - [TEST_STEP][PASSED] - wild = []: null

2019-08-24 12:47:18 - [TEST_STEP][PASSED] - wild[0] = "WILD_Expanding": null

2019-08-24 12:47:18 - [TEST_STEP][PASSED] - wild[1] = "WILD_Normal": null

2019-08-24 12:47:18 - [TEST_STEP][PASSED] - wild[2] = "WILD_Double": null

2019-08-24 12:47:18 - [TEST_STEP][PASSED] - wild[3] = "WILD_ExtraFG": null

2019-08-24 12:47:18 - [TEST_STEP][PASSED] - wild[4] = "WILD_Triple": null

2019-08-24 12:47:18 - [TEST_STEP][PASSED] - wildList = Arrays.asList(wild): null

2019-08-24 12:47:18 - [TEST_STEP][PASSED] - wildList = wildList: null

2019-08-24 12:47:18 - [TEST_STEP][PASSED] - free_spin_reel_counter = []: null

2019-08-24 12:47:18 - [TEST_STEP][PASSED] - free_spin_reel_counter[0] = 0: null

2019-08-24 12:47:18 - [TEST_STEP][PASSED] - free_spin_reel_counter[1] = 0: null

2019-08-24 12:47:18 - [TEST_STEP][PASSED] - free_spin_reel_counter[2] = 0: null

2019-08-24 12:47:18 - [TEST_STEP][PASSED] - M4_spin_reels = reels: null

2019-08-24 12:47:18 - [TEST_STEP][PASSED] - for ([i = 0, i &lt; M4_spin_reels.size(), (i++)]): null

2019-08-24 12:47:18 - [TEST_STEP][PASSED] - symbols = symbols: null

2019-08-24 12:47:18 - [TEST_STEP][PASSED] - for ([j = 0, j &lt; symbols.size(), (j++)]): null

2019-08-24 12:47:18 - [TEST_STEP][PASSED] - symbol = symbol: null

2019-08-24 12:47:18 - [TEST_STEP][PASSED] - println(symbol): null

2019-08-24 12:47:18 - [TEST_STEP][PASSED] - if (i == 2 &amp;&amp; wildList.indexOf(symbol) != -1): null

2019-08-24 12:47:18 - [TEST_STEP][PASSED] - if (i == 3 &amp;&amp; wildList.indexOf(symbol) != -1): null

2019-08-24 12:47:18 - [TEST_STEP][PASSED] - if (i == 4 &amp;&amp; wildList.indexOf(symbol) != -1): null

2019-08-24 12:47:18 - [TEST_STEP][PASSED] - symbol = symbol: null

2019-08-24 12:47:18 - [TEST_STEP][PASSED] - println(symbol): null

2019-08-24 12:47:18 - [TEST_STEP][PASSED] - if (i == 2 &amp;&amp; wildList.indexOf(symbol) != -1): null

2019-08-24 12:47:18 - [TEST_STEP][PASSED] - if (i == 3 &amp;&amp; wildList.indexOf(symbol) != -1): null

2019-08-24 12:47:18 - [TEST_STEP][PASSED] - if (i == 4 &amp;&amp; wildList.indexOf(symbol) != -1): null

2019-08-24 12:47:18 - [TEST_STEP][PASSED] - symbol = symbol: null

2019-08-24 12:47:18 - [TEST_STEP][PASSED] - println(symbol): null

2019-08-24 12:47:18 - [TEST_STEP][PASSED] - if (i == 2 &amp;&amp; wildList.indexOf(symbol) != -1): null

2019-08-24 12:47:18 - [TEST_STEP][PASSED] - if (i == 3 &amp;&amp; wildList.indexOf(symbol) != -1): null

2019-08-24 12:47:18 - [TEST_STEP][PASSED] - if (i == 4 &amp;&amp; wildList.indexOf(symbol) != -1): null

2019-08-24 12:47:18 - [TEST_STEP][PASSED] - symbols = symbols: null

2019-08-24 12:47:18 - [TEST_STEP][PASSED] - for ([j = 0, j &lt; symbols.size(), (j++)]): null

2019-08-24 12:47:18 - [TEST_STEP][PASSED] - symbol = symbol: null

2019-08-24 12:47:18 - [TEST_STEP][PASSED] - println(symbol): null

2019-08-24 12:47:18 - [TEST_STEP][PASSED] - if (i == 2 &amp;&amp; wildList.indexOf(symbol) != -1): null

2019-08-24 12:47:18 - [TEST_STEP][PASSED] - if (i == 3 &amp;&amp; wildList.indexOf(symbol) != -1): null

2019-08-24 12:47:18 - [TEST_STEP][PASSED] - if (i == 4 &amp;&amp; wildList.indexOf(symbol) != -1): null

2019-08-24 12:47:18 - [TEST_STEP][PASSED] - symbol = symbol: null

2019-08-24 12:47:18 - [TEST_STEP][PASSED] - println(symbol): null

2019-08-24 12:47:18 - [TEST_STEP][PASSED] - if (i == 2 &amp;&amp; wildList.indexOf(symbol) != -1): null

2019-08-24 12:47:18 - [TEST_STEP][PASSED] - if (i == 3 &amp;&amp; wildList.indexOf(symbol) != -1): null

2019-08-24 12:47:18 - [TEST_STEP][PASSED] - if (i == 4 &amp;&amp; wildList.indexOf(symbol) != -1): null

2019-08-24 12:47:18 - [TEST_STEP][PASSED] - symbol = symbol: null

2019-08-24 12:47:18 - [TEST_STEP][PASSED] - println(symbol): null

2019-08-24 12:47:18 - [TEST_STEP][PASSED] - if (i == 2 &amp;&amp; wildList.indexOf(symbol) != -1): null

2019-08-24 12:47:18 - [TEST_STEP][PASSED] - if (i == 3 &amp;&amp; wildList.indexOf(symbol) != -1): null

2019-08-24 12:47:18 - [TEST_STEP][PASSED] - if (i == 4 &amp;&amp; wildList.indexOf(symbol) != -1): null

2019-08-24 12:47:18 - [TEST_STEP][PASSED] - symbols = symbols: null

2019-08-24 12:47:18 - [TEST_STEP][PASSED] - for ([j = 0, j &lt; symbols.size(), (j++)]): null

2019-08-24 12:47:18 - [TEST_STEP][PASSED] - symbol = symbol: null

2019-08-24 12:47:18 - [TEST_STEP][PASSED] - println(symbol): null

2019-08-24 12:47:18 - [TEST_STEP][PASSED] - if (i == 2 &amp;&amp; wildList.indexOf(symbol) != -1): null

2019-08-24 12:47:18 - [TEST_STEP][PASSED] - if (i == 3 &amp;&amp; wildList.indexOf(symbol) != -1): null

2019-08-24 12:47:18 - [TEST_STEP][PASSED] - if (i == 4 &amp;&amp; wildList.indexOf(symbol) != -1): null

2019-08-24 12:47:18 - [TEST_STEP][PASSED] - symbol = symbol: null

2019-08-24 12:47:18 - [TEST_STEP][PASSED] - println(symbol): null

2019-08-24 12:47:18 - [TEST_STEP][PASSED] - if (i == 2 &amp;&amp; wildList.indexOf(symbol) != -1): null

2019-08-24 12:47:18 - [TEST_STEP][PASSED] - if (i == 3 &amp;&amp; wildList.indexOf(symbol) != -1): null

2019-08-24 12:47:18 - [TEST_STEP][PASSED] - if (i == 4 &amp;&amp; wildList.indexOf(symbol) != -1): null

2019-08-24 12:47:18 - [TEST_STEP][PASSED] - symbol = symbol: null

2019-08-24 12:47:18 - [TEST_STEP][PASSED] - println(symbol): null

2019-08-24 12:47:18 - [TEST_STEP][PASSED] - if (i == 2 &amp;&amp; wildList.indexOf(symbol) != -1): null

2019-08-24 12:47:18 - [TEST_STEP][PASSED] - if (i == 3 &amp;&amp; wildList.indexOf(symbol) != -1): null

2019-08-24 12:47:18 - [TEST_STEP][PASSED] - if (i == 4 &amp;&amp; wildList.indexOf(symbol) != -1): null

2019-08-24 12:47:18 - [TEST_STEP][PASSED] - symbols = symbols: null

2019-08-24 12:47:18 - [TEST_STEP][PASSED] - for ([j = 0, j &lt; symbols.size(), (j++)]): null

2019-08-24 12:47:18 - [TEST_STEP][PASSED] - symbol = symbol: null

2019-08-24 12:47:18 - [TEST_STEP][PASSED] - println(symbol): null

2019-08-24 12:47:18 - [TEST_STEP][PASSED] - if (i == 2 &amp;&amp; wildList.indexOf(symbol) != -1): null

2019-08-24 12:47:18 - [TEST_STEP][PASSED] - if (i == 3 &amp;&amp; wildList.indexOf(symbol) != -1): null

2019-08-24 12:47:18 - [TEST_STEP][PASSED] - if (i == 4 &amp;&amp; wildList.indexOf(symbol) != -1): null

2019-08-24 12:47:18 - [TEST_STEP][PASSED] - symbol = symbol: null

2019-08-24 12:47:18 - [TEST_STEP][PASSED] - println(symbol): null

2019-08-24 12:47:18 - [TEST_STEP][PASSED] - if (i == 2 &amp;&amp; wildList.indexOf(symbol) != -1): null

2019-08-24 12:47:18 - [TEST_STEP][PASSED] - if (i == 3 &amp;&amp; wildList.indexOf(symbol) != -1): null

2019-08-24 12:47:18 - [TEST_STEP][PASSED] - if (i == 4 &amp;&amp; wildList.indexOf(symbol) != -1): null

2019-08-24 12:47:18 - [TEST_STEP][PASSED] - symbol = symbol: null

2019-08-24 12:47:18 - [TEST_STEP][PASSED] - println(symbol): null

2019-08-24 12:47:18 - [TEST_STEP][PASSED] - if (i == 2 &amp;&amp; wildList.indexOf(symbol) != -1): null

2019-08-24 12:47:18 - [TEST_STEP][PASSED] - if (i == 3 &amp;&amp; wildList.indexOf(symbol) != -1): null

2019-08-24 12:47:18 - [TEST_STEP][PASSED] - if (i == 4 &amp;&amp; wildList.indexOf(symbol) != -1): null

2019-08-24 12:47:18 - [TEST_STEP][PASSED] - symbols = symbols: null

2019-08-24 12:47:18 - [TEST_STEP][PASSED] - for ([j = 0, j &lt; symbols.size(), (j++)]): null

2019-08-24 12:47:18 - [TEST_STEP][PASSED] - symbol = symbol: null

2019-08-24 12:47:18 - [TEST_STEP][PASSED] - println(symbol): null

2019-08-24 12:47:18 - [TEST_STEP][PASSED] - if (i == 2 &amp;&amp; wildList.indexOf(symbol) != -1): null

2019-08-24 12:47:18 - [TEST_STEP][PASSED] - if (i == 3 &amp;&amp; wildList.indexOf(symbol) != -1): null

2019-08-24 12:47:18 - [TEST_STEP][PASSED] - if (i == 4 &amp;&amp; wildList.indexOf(symbol) != -1): null

2019-08-24 12:47:18 - [TEST_STEP][PASSED] - symbol = symbol: null

2019-08-24 12:47:18 - [TEST_STEP][PASSED] - println(symbol): null

2019-08-24 12:47:18 - [TEST_STEP][PASSED] - if (i == 2 &amp;&amp; wildList.indexOf(symbol) != -1): null

2019-08-24 12:47:18 - [TEST_STEP][PASSED] - if (i == 3 &amp;&amp; wildList.indexOf(symbol) != -1): null

2019-08-24 12:47:18 - [TEST_STEP][PASSED] - if (i == 4 &amp;&amp; wildList.indexOf(symbol) != -1): null

2019-08-24 12:47:18 - [TEST_STEP][PASSED] - symbol = symbol: null

2019-08-24 12:47:18 - [TEST_STEP][PASSED] - println(symbol): null

2019-08-24 12:47:18 - [TEST_STEP][PASSED] - if (i == 2 &amp;&amp; wildList.indexOf(symbol) != -1): null

2019-08-24 12:47:18 - [TEST_STEP][PASSED] - if (i == 3 &amp;&amp; wildList.indexOf(symbol) != -1): null

2019-08-24 12:47:18 - [TEST_STEP][PASSED] - if (i == 4 &amp;&amp; wildList.indexOf(symbol) != -1): null

2019-08-24 12:47:18 - [TEST_STEP][PASSED] - free_spin_reel_counter = free_spin_reel_counter: null

2019-08-24 12:47:18 - [TEST_STEP][PASSED] - println("reel 3 wild found: " + free_spin_reel_counter[0]): null

2019-08-24 12:47:18 - [TEST_STEP][PASSED] - println("reel 4 wild found: " + free_spin_reel_counter[1]): null

2019-08-24 12:47:18 - [TEST_STEP][PASSED] - println("reel 5 wild found: " + free_spin_reel_counter[2]): null

2019-08-24 12:47:18 - [TEST_STEP][PASSED] - M4_spin_reels = M4_spin_reels: null

2019-08-24 12:47:18 - [TEST_STEP][PASSED] - M4_spin_reels_symbols = symbol: null

2019-08-24 12:47:18 - [TEST_STEP][PASSED] - M4_spin_reels_symbols = M4_spin_reels_symbols: null

2019-08-24 12:47:18 - [TEST_STEP][PASSED] - M4_spin_reel_wins = reel_wins: null

2019-08-24 12:47:18 - [TEST_STEP][PASSED] - M4_spin_reel_wins = M4_spin_reel_wins: null

2019-08-24 12:47:18 - [TEST_STEP][PASSED] - println("GlobalVariable.M4_spin_reel_wins is: " + M4_spin_reel_wins): null

2019-08-24 12:47:18 - [TEST_STEP][PASSED] - M4_spin_total_bonus_win_this_round = total_bonus_win_this_round: null

2019-08-24 12:47:18 - [TEST_STEP][PASSED] - M4_spin_total_bonus_win_this_round = M4_spin_total_bonus_win_this_round: null

2019-08-24 12:47:18 - [TEST_STEP][PASSED] - println("GlobalVariable.M4_spin_total_bonus_win_this_round is: " + M4_spin_total_bonus_win_this_round): null

2019-08-24 12:47:18 - [TEST_STEP][PASSED] - M4_spin_bonus_spin_result = spin_result: null

2019-08-24 12:47:18 - [TEST_STEP][PASSED] - M4_spin_bonus_spin_result = M4_spin_bonus_spin_result: null

2019-08-24 12:47:18 - [MESSAGE][PASSED] - Verify response successfully

2019-08-24 12:47:18 - [MESSAGE][PASSED] - Send request and verify the response successfully

2019-08-24 12:47:18 - [TEST_STEP][PASSED] - if (M4_total_bonus_spins_int != 0 &amp;&amp; M4_spin_reels_symbols[2].contains("WILD_Double") || M4_spin_reels_symbols[4].contains("WILD_Triple")): null

2019-08-24 12:47:18 - [TEST_STEP][PASSED] - free_spin_reel_counter = free_spin_reel_counter: null

2019-08-24 12:47:18 - [TEST_STEP][PASSED] - M4_spin_reels_symbols = M4_spin_reels_symbols: null

2019-08-24 12:47:18 - [TEST_STEP][PASSED] - M4_total_bonus_spins = M4_total_bonus_spins: null

2019-08-24 12:47:18 - [TEST_STEP][PASSED] - spin_result = sendRequestAndVerify(findTestObject("INT/RGS(M4)/1_M4_spin", ["M4_login_user_id":M4_login_user_id, "rgs_session_token":rgs_session_token, "partner":Partner])): Send request and verify the response successfully

2019-08-24 12:47:18 - [MESSAGE][INFO] - HAR: /Users/eiralee/Katalon_Script/SuperWild/Reports/20190824_124242/INT/superWild_4/20190824_124242/requests/main/86.har

2019-08-24 12:47:18 - [TEST_CASE][PASSED] - Start Test Case : Verification: Verification accomplished successfully

2019-08-24 12:47:18 - [TEST_STEP][PASSED] - request = getInstance().getCurrentRequest(): null

2019-08-24 12:47:18 - [TEST_STEP][PASSED] - response = getInstance().getCurrentResponse(): null

2019-08-24 12:47:18 - [TEST_STEP][PASSED] - verifyResponseStatusCode(response, 200): Verify response status code successfully

2019-08-24 12:47:18 - [MESSAGE][PASSED] - Verify response status code successfully

2019-08-24 12:47:18 - [TEST_STEP][PASSED] - getStatusCode()).isEqualTo(200): null

2019-08-24 12:47:18 - [TEST_STEP][PASSED] - newline = System.getProperty("line.separator"): null

2019-08-24 12:47:18 - [TEST_STEP][PASSED] - M4_spin = new groovy.json.JsonSlurper(): null

2019-08-24 12:47:18 - [TEST_STEP][PASSED] - result_M4_spin = M4_spin.parseText(response.getResponseBodyContent()): null

2019-08-24 12:47:18 - [TEST_STEP][PASSED] - M4_spin_current_balance = current_balance: null

2019-08-24 12:47:18 - [TEST_STEP][PASSED] - M4_spin_current_balance = M4_spin_current_balance: null

2019-08-24 12:47:18 - [TEST_STEP][PASSED] - M4_spin_transaction_id = causality: null

2019-08-24 12:47:18 - [TEST_STEP][PASSED] - M4_spin_transaction_id = M4_spin_transaction_id: null

2019-08-24 12:47:18 - [TEST_STEP][PASSED] - M4_spin_round_id = round_id: null

2019-08-24 12:47:18 - [TEST_STEP][PASSED] - M4_spin_round_id = M4_spin_round_id: null

2019-08-24 12:47:18 - [TEST_STEP][PASSED] - M4_spin_line_wins = line_wins: null

2019-08-24 12:47:18 - [TEST_STEP][PASSED] - M4_spin_line_wins = M4_spin_line_wins: null

2019-08-24 12:47:18 - [TEST_STEP][PASSED] - M4_total_bonus_spins_int = total_bonus_spins: null

2019-08-24 12:47:18 - [TEST_STEP][PASSED] - println("******M4_total_bonus_spins type is:*******" + newline + getClass().getName()): null

2019-08-24 12:47:18 - [TEST_STEP][PASSED] - M4_total_bonus_spins_int = M4_total_bonus_spins_int: null

2019-08-24 12:47:18 - [TEST_STEP][PASSED] - M4_total_bonus_spins = Integer.toString(M4_total_bonus_spins_int): null

2019-08-24 12:47:18 - [TEST_STEP][PASSED] - M4_total_bonus_spins = M4_total_bonus_spins: null

2019-08-24 12:47:18 - [TEST_STEP][PASSED] - println("M4_total_bonus_spins is:" + M4_total_bonus_spins): null

2019-08-24 12:47:18 - [TEST_STEP][PASSED] - M4_spin_bonus_data = bonus_data: null

2019-08-24 12:47:18 - [TEST_STEP][PASSED] - M4_spin_features_triggered = result_M4_spin: null

2019-08-24 12:47:18 - [TEST_STEP][PASSED] - wild = []: null

2019-08-24 12:47:18 - [TEST_STEP][PASSED] - wild[0] = "WILD_Expanding": null

2019-08-24 12:47:18 - [TEST_STEP][PASSED] - wild[1] = "WILD_Normal": null

2019-08-24 12:47:18 - [TEST_STEP][PASSED] - wild[2] = "WILD_Double": null

2019-08-24 12:47:18 - [TEST_STEP][PASSED] - wild[3] = "WILD_ExtraFG": null

2019-08-24 12:47:18 - [TEST_STEP][PASSED] - wild[4] = "WILD_Triple": null

2019-08-24 12:47:18 - [TEST_STEP][PASSED] - wildList = Arrays.asList(wild): null

2019-08-24 12:47:18 - [TEST_STEP][PASSED] - wildList = wildList: null

2019-08-24 12:47:18 - [TEST_STEP][PASSED] - free_spin_reel_counter = []: null

2019-08-24 12:47:18 - [TEST_STEP][PASSED] - free_spin_reel_counter[0] = 0: null

2019-08-24 12:47:18 - [TEST_STEP][PASSED] - free_spin_reel_counter[1] = 0: null

2019-08-24 12:47:18 - [TEST_STEP][PASSED] - free_spin_reel_counter[2] = 0: null

2019-08-24 12:47:18 - [TEST_STEP][PASSED] - M4_spin_reels = reels: null

2019-08-24 12:47:18 - [TEST_STEP][PASSED] - for ([i = 0, i &lt; M4_spin_reels.size(), (i++)]): null

2019-08-24 12:47:18 - [TEST_STEP][PASSED] - symbols = symbols: null

2019-08-24 12:47:18 - [TEST_STEP][PASSED] - for ([j = 0, j &lt; symbols.size(), (j++)]): null

2019-08-24 12:47:18 - [TEST_STEP][PASSED] - symbol = symbol: null

2019-08-24 12:47:18 - [TEST_STEP][PASSED] - println(symbol): null

2019-08-24 12:47:18 - [TEST_STEP][PASSED] - if (i == 2 &amp;&amp; wildList.indexOf(symbol) != -1): null

2019-08-24 12:47:18 - [TEST_STEP][PASSED] - if (i == 3 &amp;&amp; wildList.indexOf(symbol) != -1): null

2019-08-24 12:47:18 - [TEST_STEP][PASSED] - if (i == 4 &amp;&amp; wildList.indexOf(symbol) != -1): null

2019-08-24 12:47:18 - [TEST_STEP][PASSED] - symbol = symbol: null

2019-08-24 12:47:18 - [TEST_STEP][PASSED] - println(symbol): null

2019-08-24 12:47:18 - [TEST_STEP][PASSED] - if (i == 2 &amp;&amp; wildList.indexOf(symbol) != -1): null

2019-08-24 12:47:18 - [TEST_STEP][PASSED] - if (i == 3 &amp;&amp; wildList.indexOf(symbol) != -1): null

2019-08-24 12:47:18 - [TEST_STEP][PASSED] - if (i == 4 &amp;&amp; wildList.indexOf(symbol) != -1): null

2019-08-24 12:47:18 - [TEST_STEP][PASSED] - symbol = symbol: null

2019-08-24 12:47:18 - [TEST_STEP][PASSED] - println(symbol): null

2019-08-24 12:47:18 - [TEST_STEP][PASSED] - if (i == 2 &amp;&amp; wildList.indexOf(symbol) != -1): null

2019-08-24 12:47:18 - [TEST_STEP][PASSED] - if (i == 3 &amp;&amp; wildList.indexOf(symbol) != -1): null

2019-08-24 12:47:18 - [TEST_STEP][PASSED] - if (i == 4 &amp;&amp; wildList.indexOf(symbol) != -1): null

2019-08-24 12:47:18 - [TEST_STEP][PASSED] - symbols = symbols: null

2019-08-24 12:47:18 - [TEST_STEP][PASSED] - for ([j = 0, j &lt; symbols.size(), (j++)]): null

2019-08-24 12:47:18 - [TEST_STEP][PASSED] - symbol = symbol: null

2019-08-24 12:47:18 - [TEST_STEP][PASSED] - println(symbol): null

2019-08-24 12:47:18 - [TEST_STEP][PASSED] - if (i == 2 &amp;&amp; wildList.indexOf(symbol) != -1): null

2019-08-24 12:47:18 - [TEST_STEP][PASSED] - if (i == 3 &amp;&amp; wildList.indexOf(symbol) != -1): null

2019-08-24 12:47:18 - [TEST_STEP][PASSED] - if (i == 4 &amp;&amp; wildList.indexOf(symbol) != -1): null

2019-08-24 12:47:18 - [TEST_STEP][PASSED] - symbol = symbol: null

2019-08-24 12:47:18 - [TEST_STEP][PASSED] - println(symbol): null

2019-08-24 12:47:18 - [TEST_STEP][PASSED] - if (i == 2 &amp;&amp; wildList.indexOf(symbol) != -1): null

2019-08-24 12:47:18 - [TEST_STEP][PASSED] - if (i == 3 &amp;&amp; wildList.indexOf(symbol) != -1): null

2019-08-24 12:47:18 - [TEST_STEP][PASSED] - if (i == 4 &amp;&amp; wildList.indexOf(symbol) != -1): null

2019-08-24 12:47:18 - [TEST_STEP][PASSED] - symbol = symbol: null

2019-08-24 12:47:18 - [TEST_STEP][PASSED] - println(symbol): null

2019-08-24 12:47:18 - [TEST_STEP][PASSED] - if (i == 2 &amp;&amp; wildList.indexOf(symbol) != -1): null

2019-08-24 12:47:18 - [TEST_STEP][PASSED] - if (i == 3 &amp;&amp; wildList.indexOf(symbol) != -1): null

2019-08-24 12:47:18 - [TEST_STEP][PASSED] - if (i == 4 &amp;&amp; wildList.indexOf(symbol) != -1): null

2019-08-24 12:47:18 - [TEST_STEP][PASSED] - symbols = symbols: null

2019-08-24 12:47:18 - [TEST_STEP][PASSED] - for ([j = 0, j &lt; symbols.size(), (j++)]): null

2019-08-24 12:47:18 - [TEST_STEP][PASSED] - symbol = symbol: null

2019-08-24 12:47:18 - [TEST_STEP][PASSED] - println(symbol): null

2019-08-24 12:47:18 - [TEST_STEP][PASSED] - if (i == 2 &amp;&amp; wildList.indexOf(symbol) != -1): null

2019-08-24 12:47:18 - [TEST_STEP][PASSED] - if (i == 3 &amp;&amp; wildList.indexOf(symbol) != -1): null

2019-08-24 12:47:18 - [TEST_STEP][PASSED] - if (i == 4 &amp;&amp; wildList.indexOf(symbol) != -1): null

2019-08-24 12:47:18 - [TEST_STEP][PASSED] - symbol = symbol: null

2019-08-24 12:47:18 - [TEST_STEP][PASSED] - println(symbol): null

2019-08-24 12:47:18 - [TEST_STEP][PASSED] - if (i == 2 &amp;&amp; wildList.indexOf(symbol) != -1): null

2019-08-24 12:47:18 - [TEST_STEP][PASSED] - if (i == 3 &amp;&amp; wildList.indexOf(symbol) != -1): null

2019-08-24 12:47:18 - [TEST_STEP][PASSED] - if (i == 4 &amp;&amp; wildList.indexOf(symbol) != -1): null

2019-08-24 12:47:18 - [TEST_STEP][PASSED] - symbol = symbol: null

2019-08-24 12:47:18 - [TEST_STEP][PASSED] - println(symbol): null

2019-08-24 12:47:18 - [TEST_STEP][PASSED] - if (i == 2 &amp;&amp; wildList.indexOf(symbol) != -1): null

2019-08-24 12:47:18 - [TEST_STEP][PASSED] - if (i == 3 &amp;&amp; wildList.indexOf(symbol) != -1): null

2019-08-24 12:47:18 - [TEST_STEP][PASSED] - if (i == 4 &amp;&amp; wildList.indexOf(symbol) != -1): null

2019-08-24 12:47:18 - [TEST_STEP][PASSED] - symbols = symbols: null

2019-08-24 12:47:18 - [TEST_STEP][PASSED] - for ([j = 0, j &lt; symbols.size(), (j++)]): null

2019-08-24 12:47:18 - [TEST_STEP][PASSED] - symbol = symbol: null

2019-08-24 12:47:18 - [TEST_STEP][PASSED] - println(symbol): null

2019-08-24 12:47:18 - [TEST_STEP][PASSED] - if (i == 2 &amp;&amp; wildList.indexOf(symbol) != -1): null

2019-08-24 12:47:18 - [TEST_STEP][PASSED] - if (i == 3 &amp;&amp; wildList.indexOf(symbol) != -1): null

2019-08-24 12:47:18 - [TEST_STEP][PASSED] - println("wild found on reel 4, adding counter by 1"): null

2019-08-24 12:47:18 - [TEST_STEP][PASSED] - free_spin_reel_counter[1] = free_spin_reel_counter[1] + 1: null

2019-08-24 12:47:18 - [TEST_STEP][PASSED] - if (i == 4 &amp;&amp; wildList.indexOf(symbol) != -1): null

2019-08-24 12:47:19 - [TEST_STEP][PASSED] - symbol = symbol: null

2019-08-24 12:47:19 - [TEST_STEP][PASSED] - println(symbol): null

2019-08-24 12:47:19 - [TEST_STEP][PASSED] - if (i == 2 &amp;&amp; wildList.indexOf(symbol) != -1): null

2019-08-24 12:47:19 - [TEST_STEP][PASSED] - if (i == 3 &amp;&amp; wildList.indexOf(symbol) != -1): null

2019-08-24 12:47:19 - [TEST_STEP][PASSED] - if (i == 4 &amp;&amp; wildList.indexOf(symbol) != -1): null

2019-08-24 12:47:19 - [TEST_STEP][PASSED] - symbol = symbol: null

2019-08-24 12:47:19 - [TEST_STEP][PASSED] - println(symbol): null

2019-08-24 12:47:19 - [TEST_STEP][PASSED] - if (i == 2 &amp;&amp; wildList.indexOf(symbol) != -1): null

2019-08-24 12:47:19 - [TEST_STEP][PASSED] - if (i == 3 &amp;&amp; wildList.indexOf(symbol) != -1): null

2019-08-24 12:47:19 - [TEST_STEP][PASSED] - if (i == 4 &amp;&amp; wildList.indexOf(symbol) != -1): null

2019-08-24 12:47:19 - [TEST_STEP][PASSED] - symbols = symbols: null

2019-08-24 12:47:19 - [TEST_STEP][PASSED] - for ([j = 0, j &lt; symbols.size(), (j++)]): null

2019-08-24 12:47:19 - [TEST_STEP][PASSED] - symbol = symbol: null

2019-08-24 12:47:19 - [TEST_STEP][PASSED] - println(symbol): null

2019-08-24 12:47:19 - [TEST_STEP][PASSED] - if (i == 2 &amp;&amp; wildList.indexOf(symbol) != -1): null

2019-08-24 12:47:19 - [TEST_STEP][PASSED] - if (i == 3 &amp;&amp; wildList.indexOf(symbol) != -1): null

2019-08-24 12:47:19 - [TEST_STEP][PASSED] - if (i == 4 &amp;&amp; wildList.indexOf(symbol) != -1): null

2019-08-24 12:47:19 - [TEST_STEP][PASSED] - symbol = symbol: null

2019-08-24 12:47:19 - [TEST_STEP][PASSED] - println(symbol): null

2019-08-24 12:47:19 - [TEST_STEP][PASSED] - if (i == 2 &amp;&amp; wildList.indexOf(symbol) != -1): null

2019-08-24 12:47:19 - [TEST_STEP][PASSED] - if (i == 3 &amp;&amp; wildList.indexOf(symbol) != -1): null

2019-08-24 12:47:19 - [TEST_STEP][PASSED] - if (i == 4 &amp;&amp; wildList.indexOf(symbol) != -1): null

2019-08-24 12:47:19 - [TEST_STEP][PASSED] - symbol = symbol: null

2019-08-24 12:47:19 - [TEST_STEP][PASSED] - println(symbol): null

2019-08-24 12:47:19 - [TEST_STEP][PASSED] - if (i == 2 &amp;&amp; wildList.indexOf(symbol) != -1): null

2019-08-24 12:47:19 - [TEST_STEP][PASSED] - if (i == 3 &amp;&amp; wildList.indexOf(symbol) != -1): null

2019-08-24 12:47:19 - [TEST_STEP][PASSED] - if (i == 4 &amp;&amp; wildList.indexOf(symbol) != -1): null

2019-08-24 12:47:19 - [TEST_STEP][PASSED] - free_spin_reel_counter = free_spin_reel_counter: null

2019-08-24 12:47:19 - [TEST_STEP][PASSED] - println("reel 3 wild found: " + free_spin_reel_counter[0]): null

2019-08-24 12:47:19 - [TEST_STEP][PASSED] - println("reel 4 wild found: " + free_spin_reel_counter[1]): null

2019-08-24 12:47:19 - [TEST_STEP][PASSED] - println("reel 5 wild found: " + free_spin_reel_counter[2]): null

2019-08-24 12:47:19 - [TEST_STEP][PASSED] - M4_spin_reels = M4_spin_reels: null

2019-08-24 12:47:19 - [TEST_STEP][PASSED] - M4_spin_reels_symbols = symbol: null

2019-08-24 12:47:19 - [TEST_STEP][PASSED] - M4_spin_reels_symbols = M4_spin_reels_symbols: null

2019-08-24 12:47:19 - [TEST_STEP][PASSED] - M4_spin_reel_wins = reel_wins: null

2019-08-24 12:47:19 - [TEST_STEP][PASSED] - M4_spin_reel_wins = M4_spin_reel_wins: null

2019-08-24 12:47:19 - [TEST_STEP][PASSED] - println("GlobalVariable.M4_spin_reel_wins is: " + M4_spin_reel_wins): null

2019-08-24 12:47:19 - [TEST_STEP][PASSED] - M4_spin_total_bonus_win_this_round = total_bonus_win_this_round: null

2019-08-24 12:47:19 - [TEST_STEP][PASSED] - M4_spin_total_bonus_win_this_round = M4_spin_total_bonus_win_this_round: null

2019-08-24 12:47:19 - [TEST_STEP][PASSED] - println("GlobalVariable.M4_spin_total_bonus_win_this_round is: " + M4_spin_total_bonus_win_this_round): null

2019-08-24 12:47:19 - [TEST_STEP][PASSED] - M4_spin_bonus_spin_result = spin_result: null

2019-08-24 12:47:19 - [TEST_STEP][PASSED] - M4_spin_bonus_spin_result = M4_spin_bonus_spin_result: null

2019-08-24 12:47:19 - [MESSAGE][PASSED] - Verify response successfully

2019-08-24 12:47:19 - [MESSAGE][PASSED] - Send request and verify the response successfully

2019-08-24 12:47:19 - [TEST_STEP][PASSED] - if (M4_total_bonus_spins_int != 0 &amp;&amp; M4_spin_reels_symbols[2].contains("WILD_Double") || M4_spin_reels_symbols[4].contains("WILD_Triple")): null

2019-08-24 12:47:19 - [TEST_STEP][PASSED] - free_spin_reel_counter = free_spin_reel_counter: null

2019-08-24 12:47:19 - [TEST_STEP][PASSED] - M4_spin_reels_symbols = M4_spin_reels_symbols: null

2019-08-24 12:47:19 - [TEST_STEP][PASSED] - M4_total_bonus_spins = M4_total_bonus_spins: null

2019-08-24 12:47:19 - [TEST_STEP][PASSED] - spin_result = sendRequestAndVerify(findTestObject("INT/RGS(M4)/1_M4_spin", ["M4_login_user_id":M4_login_user_id, "rgs_session_token":rgs_session_token, "partner":Partner])): Send request and verify the response successfully

2019-08-24 12:47:19 - [MESSAGE][INFO] - HAR: /Users/eiralee/Katalon_Script/SuperWild/Reports/20190824_124242/INT/superWild_4/20190824_124242/requests/main/87.har

2019-08-24 12:47:19 - [TEST_CASE][PASSED] - Start Test Case : Verification: Verification accomplished successfully

2019-08-24 12:47:19 - [TEST_STEP][PASSED] - request = getInstance().getCurrentRequest(): null

2019-08-24 12:47:19 - [TEST_STEP][PASSED] - response = getInstance().getCurrentResponse(): null

2019-08-24 12:47:19 - [TEST_STEP][PASSED] - verifyResponseStatusCode(response, 200): Verify response status code successfully

2019-08-24 12:47:19 - [MESSAGE][PASSED] - Verify response status code successfully

2019-08-24 12:47:19 - [TEST_STEP][PASSED] - getStatusCode()).isEqualTo(200): null

2019-08-24 12:47:19 - [TEST_STEP][PASSED] - newline = System.getProperty("line.separator"): null

2019-08-24 12:47:19 - [TEST_STEP][PASSED] - M4_spin = new groovy.json.JsonSlurper(): null

2019-08-24 12:47:19 - [TEST_STEP][PASSED] - result_M4_spin = M4_spin.parseText(response.getResponseBodyContent()): null

2019-08-24 12:47:19 - [TEST_STEP][PASSED] - M4_spin_current_balance = current_balance: null

2019-08-24 12:47:19 - [TEST_STEP][PASSED] - M4_spin_current_balance = M4_spin_current_balance: null

2019-08-24 12:47:19 - [TEST_STEP][PASSED] - M4_spin_transaction_id = causality: null

2019-08-24 12:47:19 - [TEST_STEP][PASSED] - M4_spin_transaction_id = M4_spin_transaction_id: null

2019-08-24 12:47:19 - [TEST_STEP][PASSED] - M4_spin_round_id = round_id: null

2019-08-24 12:47:19 - [TEST_STEP][PASSED] - M4_spin_round_id = M4_spin_round_id: null

2019-08-24 12:47:23 - [TEST_STEP][PASSED] - M4_spin_line_wins = line_wins: null

2019-08-24 12:47:23 - [TEST_STEP][PASSED] - M4_spin_line_wins = M4_spin_line_wins: null

2019-08-24 12:47:23 - [TEST_STEP][PASSED] - M4_total_bonus_spins_int = total_bonus_spins: null

2019-08-24 12:47:23 - [TEST_STEP][PASSED] - println("******M4_total_bonus_spins type is:*******" + newline + getClass().getName()): null

2019-08-24 12:47:23 - [TEST_STEP][PASSED] - M4_total_bonus_spins_int = M4_total_bonus_spins_int: null

2019-08-24 12:47:23 - [TEST_STEP][PASSED] - M4_total_bonus_spins = Integer.toString(M4_total_bonus_spins_int): null

2019-08-24 12:47:23 - [TEST_STEP][PASSED] - M4_total_bonus_spins = M4_total_bonus_spins: null

2019-08-24 12:47:23 - [TEST_STEP][PASSED] - println("M4_total_bonus_spins is:" + M4_total_bonus_spins): null

2019-08-24 12:47:23 - [TEST_STEP][PASSED] - M4_spin_bonus_data = bonus_data: null

2019-08-24 12:47:23 - [TEST_STEP][PASSED] - M4_spin_features_triggered = result_M4_spin: null

2019-08-24 12:47:28 - [TEST_STEP][PASSED] - wild = []: null

2019-08-24 12:47:28 - [TEST_STEP][PASSED] - wild[0] = "WILD_Expanding": null

2019-08-24 12:47:28 - [TEST_STEP][PASSED] - wild[1] = "WILD_Normal": null

2019-08-24 12:47:28 - [TEST_STEP][PASSED] - wild[2] = "WILD_Double": null

2019-08-24 12:47:28 - [TEST_STEP][PASSED] - wild[3] = "WILD_ExtraFG": null

2019-08-24 12:47:33 - [TEST_STEP][PASSED] - wild[4] = "WILD_Triple": null

2019-08-24 12:47:33 - [TEST_STEP][PASSED] - wildList = Arrays.asList(wild): null

2019-08-24 12:47:33 - [TEST_STEP][PASSED] - wildList = wildList: null

2019-08-24 12:47:33 - [TEST_STEP][PASSED] - free_spin_reel_counter = []: null

2019-08-24 12:47:33 - [TEST_STEP][PASSED] - free_spin_reel_counter[0] = 0: null

2019-08-24 12:47:33 - [TEST_STEP][PASSED] - free_spin_reel_counter[1] = 0: null

2019-08-24 12:47:33 - [TEST_STEP][PASSED] - free_spin_reel_counter[2] = 0: null

2019-08-24 12:47:33 - [TEST_STEP][PASSED] - M4_spin_reels = reels: null

2019-08-24 12:47:33 - [TEST_STEP][PASSED] - for ([i = 0, i &lt; M4_spin_reels.size(), (i++)]): null

2019-08-24 12:47:33 - [TEST_STEP][PASSED] - symbols = symbols: null

2019-08-24 12:47:33 - [TEST_STEP][PASSED] - for ([j = 0, j &lt; symbols.size(), (j++)]): null

2019-08-24 12:47:33 - [TEST_STEP][PASSED] - symbol = symbol: null

2019-08-24 12:47:33 - [TEST_STEP][PASSED] - println(symbol): null

2019-08-24 12:47:33 - [TEST_STEP][PASSED] - if (i == 2 &amp;&amp; wildList.indexOf(symbol) != -1): null

2019-08-24 12:47:33 - [TEST_STEP][PASSED] - if (i == 3 &amp;&amp; wildList.indexOf(symbol) != -1): null

2019-08-24 12:47:33 - [TEST_STEP][PASSED] - if (i == 4 &amp;&amp; wildList.indexOf(symbol) != -1): null

2019-08-24 12:47:33 - [TEST_STEP][PASSED] - symbol = symbol: null

2019-08-24 12:47:33 - [TEST_STEP][PASSED] - println(symbol): null

2019-08-24 12:47:33 - [TEST_STEP][PASSED] - if (i == 2 &amp;&amp; wildList.indexOf(symbol) != -1): null

2019-08-24 12:47:33 - [TEST_STEP][PASSED] - if (i == 3 &amp;&amp; wildList.indexOf(symbol) != -1): null

2019-08-24 12:47:33 - [TEST_STEP][PASSED] - if (i == 4 &amp;&amp; wildList.indexOf(symbol) != -1): null

2019-08-24 12:47:33 - [TEST_STEP][PASSED] - symbol = symbol: null

2019-08-24 12:47:33 - [TEST_STEP][PASSED] - println(symbol): null

2019-08-24 12:47:33 - [TEST_STEP][PASSED] - if (i == 2 &amp;&amp; wildList.indexOf(symbol) != -1): null

2019-08-24 12:47:33 - [TEST_STEP][PASSED] - if (i == 3 &amp;&amp; wildList.indexOf(symbol) != -1): null

2019-08-24 12:47:33 - [TEST_STEP][PASSED] - if (i == 4 &amp;&amp; wildList.indexOf(symbol) != -1): null

2019-08-24 12:47:33 - [TEST_STEP][PASSED] - symbols = symbols: null

2019-08-24 12:47:33 - [TEST_STEP][PASSED] - for ([j = 0, j &lt; symbols.size(), (j++)]): null

2019-08-24 12:47:33 - [TEST_STEP][PASSED] - symbol = symbol: null

2019-08-24 12:47:33 - [TEST_STEP][PASSED] - println(symbol): null

2019-08-24 12:47:33 - [TEST_STEP][PASSED] - if (i == 2 &amp;&amp; wildList.indexOf(symbol) != -1): null

2019-08-24 12:47:33 - [TEST_STEP][PASSED] - if (i == 3 &amp;&amp; wildList.indexOf(symbol) != -1): null

2019-08-24 12:47:33 - [TEST_STEP][PASSED] - if (i == 4 &amp;&amp; wildList.indexOf(symbol) != -1): null

2019-08-24 12:47:33 - [TEST_STEP][PASSED] - symbol = symbol: null

2019-08-24 12:47:33 - [TEST_STEP][PASSED] - println(symbol): null

2019-08-24 12:47:33 - [TEST_STEP][PASSED] - if (i == 2 &amp;&amp; wildList.indexOf(symbol) != -1): null

2019-08-24 12:47:33 - [TEST_STEP][PASSED] - if (i == 3 &amp;&amp; wildList.indexOf(symbol) != -1): null

2019-08-24 12:47:33 - [TEST_STEP][PASSED] - if (i == 4 &amp;&amp; wildList.indexOf(symbol) != -1): null

2019-08-24 12:47:33 - [TEST_STEP][PASSED] - symbol = symbol: null

2019-08-24 12:47:33 - [TEST_STEP][PASSED] - println(symbol): null

2019-08-24 12:47:33 - [TEST_STEP][PASSED] - if (i == 2 &amp;&amp; wildList.indexOf(symbol) != -1): null

2019-08-24 12:47:33 - [TEST_STEP][PASSED] - if (i == 3 &amp;&amp; wildList.indexOf(symbol) != -1): null

2019-08-24 12:47:33 - [TEST_STEP][PASSED] - if (i == 4 &amp;&amp; wildList.indexOf(symbol) != -1): null

2019-08-24 12:47:33 - [TEST_STEP][PASSED] - symbols = symbols: null

2019-08-24 12:47:33 - [TEST_STEP][PASSED] - for ([j = 0, j &lt; symbols.size(), (j++)]): null

2019-08-24 12:47:33 - [TEST_STEP][PASSED] - symbol = symbol: null

2019-08-24 12:47:33 - [TEST_STEP][PASSED] - println(symbol): null

2019-08-24 12:47:33 - [TEST_STEP][PASSED] - if (i == 2 &amp;&amp; wildList.indexOf(symbol) != -1): null

2019-08-24 12:47:33 - [TEST_STEP][PASSED] - if (i == 3 &amp;&amp; wildList.indexOf(symbol) != -1): null

2019-08-24 12:47:33 - [TEST_STEP][PASSED] - if (i == 4 &amp;&amp; wildList.indexOf(symbol) != -1): null

2019-08-24 12:47:33 - [TEST_STEP][PASSED] - symbol = symbol: null

2019-08-24 12:47:33 - [TEST_STEP][PASSED] - println(symbol): null

2019-08-24 12:47:33 - [TEST_STEP][PASSED] - if (i == 2 &amp;&amp; wildList.indexOf(symbol) != -1): null

2019-08-24 12:47:33 - [TEST_STEP][PASSED] - if (i == 3 &amp;&amp; wildList.indexOf(symbol) != -1): null

2019-08-24 12:47:33 - [TEST_STEP][PASSED] - if (i == 4 &amp;&amp; wildList.indexOf(symbol) != -1): null

2019-08-24 12:47:33 - [TEST_STEP][PASSED] - symbol = symbol: null

2019-08-24 12:47:33 - [TEST_STEP][PASSED] - println(symbol): null

2019-08-24 12:47:33 - [TEST_STEP][PASSED] - if (i == 2 &amp;&amp; wildList.indexOf(symbol) != -1): null

2019-08-24 12:47:33 - [TEST_STEP][PASSED] - if (i == 3 &amp;&amp; wildList.indexOf(symbol) != -1): null

2019-08-24 12:47:33 - [TEST_STEP][PASSED] - if (i == 4 &amp;&amp; wildList.indexOf(symbol) != -1): null

2019-08-24 12:47:33 - [TEST_STEP][PASSED] - symbols = symbols: null

2019-08-24 12:47:33 - [TEST_STEP][PASSED] - for ([j = 0, j &lt; symbols.size(), (j++)]): null

2019-08-24 12:47:33 - [TEST_STEP][PASSED] - symbol = symbol: null

2019-08-24 12:47:33 - [TEST_STEP][PASSED] - println(symbol): null

2019-08-24 12:47:33 - [TEST_STEP][PASSED] - if (i == 2 &amp;&amp; wildList.indexOf(symbol) != -1): null

2019-08-24 12:47:33 - [TEST_STEP][PASSED] - if (i == 3 &amp;&amp; wildList.indexOf(symbol) != -1): null

2019-08-24 12:47:33 - [TEST_STEP][PASSED] - if (i == 4 &amp;&amp; wildList.indexOf(symbol) != -1): null

2019-08-24 12:47:33 - [TEST_STEP][PASSED] - symbol = symbol: null

2019-08-24 12:47:33 - [TEST_STEP][PASSED] - println(symbol): null

2019-08-24 12:47:33 - [TEST_STEP][PASSED] - if (i == 2 &amp;&amp; wildList.indexOf(symbol) != -1): null

2019-08-24 12:47:33 - [TEST_STEP][PASSED] - if (i == 3 &amp;&amp; wildList.indexOf(symbol) != -1): null

2019-08-24 12:47:33 - [TEST_STEP][PASSED] - if (i == 4 &amp;&amp; wildList.indexOf(symbol) != -1): null

2019-08-24 12:47:33 - [TEST_STEP][PASSED] - symbol = symbol: null

2019-08-24 12:47:33 - [TEST_STEP][PASSED] - println(symbol): null

2019-08-24 12:47:33 - [TEST_STEP][PASSED] - if (i == 2 &amp;&amp; wildList.indexOf(symbol) != -1): null

2019-08-24 12:47:33 - [TEST_STEP][PASSED] - if (i == 3 &amp;&amp; wildList.indexOf(symbol) != -1): null

2019-08-24 12:47:33 - [TEST_STEP][PASSED] - if (i == 4 &amp;&amp; wildList.indexOf(symbol) != -1): null

2019-08-24 12:47:33 - [TEST_STEP][PASSED] - symbols = symbols: null

2019-08-24 12:47:33 - [TEST_STEP][PASSED] - for ([j = 0, j &lt; symbols.size(), (j++)]): null

2019-08-24 12:47:33 - [TEST_STEP][PASSED] - symbol = symbol: null

2019-08-24 12:47:33 - [TEST_STEP][PASSED] - println(symbol): null

2019-08-24 12:47:33 - [TEST_STEP][PASSED] - if (i == 2 &amp;&amp; wildList.indexOf(symbol) != -1): null

2019-08-24 12:47:33 - [TEST_STEP][PASSED] - if (i == 3 &amp;&amp; wildList.indexOf(symbol) != -1): null

2019-08-24 12:47:33 - [TEST_STEP][PASSED] - if (i == 4 &amp;&amp; wildList.indexOf(symbol) != -1): null

2019-08-24 12:47:33 - [TEST_STEP][PASSED] - symbol = symbol: null

2019-08-24 12:47:33 - [TEST_STEP][PASSED] - println(symbol): null

2019-08-24 12:47:33 - [TEST_STEP][PASSED] - if (i == 2 &amp;&amp; wildList.indexOf(symbol) != -1): null

2019-08-24 12:47:33 - [TEST_STEP][PASSED] - if (i == 3 &amp;&amp; wildList.indexOf(symbol) != -1): null

2019-08-24 12:47:33 - [TEST_STEP][PASSED] - if (i == 4 &amp;&amp; wildList.indexOf(symbol) != -1): null

2019-08-24 12:47:33 - [TEST_STEP][PASSED] - symbol = symbol: null

2019-08-24 12:47:33 - [TEST_STEP][PASSED] - println(symbol): null

2019-08-24 12:47:33 - [TEST_STEP][PASSED] - if (i == 2 &amp;&amp; wildList.indexOf(symbol) != -1): null

2019-08-24 12:47:33 - [TEST_STEP][PASSED] - if (i == 3 &amp;&amp; wildList.indexOf(symbol) != -1): null

2019-08-24 12:47:33 - [TEST_STEP][PASSED] - if (i == 4 &amp;&amp; wildList.indexOf(symbol) != -1): null

2019-08-24 12:47:33 - [TEST_STEP][PASSED] - free_spin_reel_counter = free_spin_reel_counter: null

2019-08-24 12:47:33 - [TEST_STEP][PASSED] - println("reel 3 wild found: " + free_spin_reel_counter[0]): null

2019-08-24 12:47:33 - [TEST_STEP][PASSED] - println("reel 4 wild found: " + free_spin_reel_counter[1]): null

2019-08-24 12:47:33 - [TEST_STEP][PASSED] - println("reel 5 wild found: " + free_spin_reel_counter[2]): null

2019-08-24 12:47:33 - [TEST_STEP][PASSED] - M4_spin_reels = M4_spin_reels: null

2019-08-24 12:47:33 - [TEST_STEP][PASSED] - M4_spin_reels_symbols = symbol: null

2019-08-24 12:47:33 - [TEST_STEP][PASSED] - M4_spin_reels_symbols = M4_spin_reels_symbols: null

2019-08-24 12:47:33 - [TEST_STEP][PASSED] - M4_spin_reel_wins = reel_wins: null

2019-08-24 12:47:33 - [TEST_STEP][PASSED] - M4_spin_reel_wins = M4_spin_reel_wins: null

2019-08-24 12:47:33 - [TEST_STEP][PASSED] - println("GlobalVariable.M4_spin_reel_wins is: " + M4_spin_reel_wins): null

2019-08-24 12:47:33 - [TEST_STEP][PASSED] - M4_spin_total_bonus_win_this_round = total_bonus_win_this_round: null

2019-08-24 12:47:33 - [TEST_STEP][PASSED] - M4_spin_total_bonus_win_this_round = M4_spin_total_bonus_win_this_round: null

2019-08-24 12:47:33 - [TEST_STEP][PASSED] - println("GlobalVariable.M4_spin_total_bonus_win_this_round is: " + M4_spin_total_bonus_win_this_round): null

2019-08-24 12:47:33 - [TEST_STEP][PASSED] - M4_spin_bonus_spin_result = spin_result: null

2019-08-24 12:47:33 - [TEST_STEP][PASSED] - M4_spin_bonus_spin_result = M4_spin_bonus_spin_result: null

2019-08-24 12:47:33 - [MESSAGE][PASSED] - Verify response successfully

2019-08-24 12:47:33 - [MESSAGE][PASSED] - Send request and verify the response successfully

2019-08-24 12:47:33 - [TEST_STEP][PASSED] - if (M4_total_bonus_spins_int != 0 &amp;&amp; M4_spin_reels_symbols[2].contains("WILD_Double") || M4_spin_reels_symbols[4].contains("WILD_Triple")): null

2019-08-24 12:47:33 - [TEST_STEP][PASSED] - free_spin_reel_counter = free_spin_reel_counter: null

2019-08-24 12:47:33 - [TEST_STEP][PASSED] - M4_spin_reels_symbols = M4_spin_reels_symbols: null

2019-08-24 12:47:33 - [TEST_STEP][PASSED] - M4_total_bonus_spins = M4_total_bonus_spins: null

2019-08-24 12:47:33 - [TEST_STEP][PASSED] - spin_result = sendRequestAndVerify(findTestObject("INT/RGS(M4)/1_M4_spin", ["M4_login_user_id":M4_login_user_id, "rgs_session_token":rgs_session_token, "partner":Partner])): Send request and verify the response successfully

2019-08-24 12:47:34 - [MESSAGE][INFO] - HAR: /Users/eiralee/Katalon_Script/SuperWild/Reports/20190824_124242/INT/superWild_4/20190824_124242/requests/main/88.har

2019-08-24 12:47:34 - [TEST_CASE][PASSED] - Start Test Case : Verification: Verification accomplished successfully

2019-08-24 12:47:34 - [TEST_STEP][PASSED] - request = getInstance().getCurrentRequest(): null

2019-08-24 12:47:34 - [TEST_STEP][PASSED] - response = getInstance().getCurrentResponse(): null

2019-08-24 12:47:34 - [TEST_STEP][PASSED] - verifyResponseStatusCode(response, 200): Verify response status code successfully

2019-08-24 12:47:34 - [MESSAGE][PASSED] - Verify response status code successfully

2019-08-24 12:47:34 - [TEST_STEP][PASSED] - getStatusCode()).isEqualTo(200): null

2019-08-24 12:47:34 - [TEST_STEP][PASSED] - newline = System.getProperty("line.separator"): null

2019-08-24 12:47:34 - [TEST_STEP][PASSED] - M4_spin = new groovy.json.JsonSlurper(): null

2019-08-24 12:47:34 - [TEST_STEP][PASSED] - result_M4_spin = M4_spin.parseText(response.getResponseBodyContent()): null

2019-08-24 12:47:34 - [TEST_STEP][PASSED] - M4_spin_current_balance = current_balance: null

2019-08-24 12:47:34 - [TEST_STEP][PASSED] - M4_spin_current_balance = M4_spin_current_balance: null

2019-08-24 12:47:34 - [TEST_STEP][PASSED] - M4_spin_transaction_id = causality: null

2019-08-24 12:47:34 - [TEST_STEP][PASSED] - M4_spin_transaction_id = M4_spin_transaction_id: null

2019-08-24 12:47:34 - [TEST_STEP][PASSED] - M4_spin_round_id = round_id: null

2019-08-24 12:47:34 - [TEST_STEP][PASSED] - M4_spin_round_id = M4_spin_round_id: null

2019-08-24 12:47:34 - [TEST_STEP][PASSED] - M4_spin_line_wins = line_wins: null

2019-08-24 12:47:34 - [TEST_STEP][PASSED] - M4_spin_line_wins = M4_spin_line_wins: null

2019-08-24 12:47:34 - [TEST_STEP][PASSED] - M4_total_bonus_spins_int = total_bonus_spins: null

2019-08-24 12:47:34 - [TEST_STEP][PASSED] - println("******M4_total_bonus_spins type is:*******" + newline + getClass().getName()): null

2019-08-24 12:47:34 - [TEST_STEP][PASSED] - M4_total_bonus_spins_int = M4_total_bonus_spins_int: null

2019-08-24 12:47:34 - [TEST_STEP][PASSED] - M4_total_bonus_spins = Integer.toString(M4_total_bonus_spins_int): null

2019-08-24 12:47:34 - [TEST_STEP][PASSED] - M4_total_bonus_spins = M4_total_bonus_spins: null

2019-08-24 12:47:34 - [TEST_STEP][PASSED] - println("M4_total_bonus_spins is:" + M4_total_bonus_spins): null

2019-08-24 12:47:34 - [TEST_STEP][PASSED] - M4_spin_bonus_data = bonus_data: null

2019-08-24 12:47:34 - [TEST_STEP][PASSED] - M4_spin_features_triggered = result_M4_spin: null

2019-08-24 12:47:34 - [TEST_STEP][PASSED] - wild = []: null

2019-08-24 12:47:34 - [TEST_STEP][PASSED] - wild[0] = "WILD_Expanding": null

2019-08-24 12:47:34 - [TEST_STEP][PASSED] - wild[1] = "WILD_Normal": null

2019-08-24 12:47:34 - [TEST_STEP][PASSED] - wild[2] = "WILD_Double": null

2019-08-24 12:47:34 - [TEST_STEP][PASSED] - wild[3] = "WILD_ExtraFG": null

2019-08-24 12:47:34 - [TEST_STEP][PASSED] - wild[4] = "WILD_Triple": null

2019-08-24 12:47:34 - [TEST_STEP][PASSED] - wildList = Arrays.asList(wild): null

2019-08-24 12:47:34 - [TEST_STEP][PASSED] - wildList = wildList: null

2019-08-24 12:47:34 - [TEST_STEP][PASSED] - free_spin_reel_counter = []: null

2019-08-24 12:47:34 - [TEST_STEP][PASSED] - free_spin_reel_counter[0] = 0: null

2019-08-24 12:47:34 - [TEST_STEP][PASSED] - free_spin_reel_counter[1] = 0: null

2019-08-24 12:47:34 - [TEST_STEP][PASSED] - free_spin_reel_counter[2] = 0: null

2019-08-24 12:47:34 - [TEST_STEP][PASSED] - M4_spin_reels = reels: null

2019-08-24 12:47:34 - [TEST_STEP][PASSED] - for ([i = 0, i &lt; M4_spin_reels.size(), (i++)]): null

2019-08-24 12:47:34 - [TEST_STEP][PASSED] - symbols = symbols: null

2019-08-24 12:47:34 - [TEST_STEP][PASSED] - for ([j = 0, j &lt; symbols.size(), (j++)]): null

2019-08-24 12:47:34 - [TEST_STEP][PASSED] - symbol = symbol: null

2019-08-24 12:47:34 - [TEST_STEP][PASSED] - println(symbol): null

2019-08-24 12:47:34 - [TEST_STEP][PASSED] - if (i == 2 &amp;&amp; wildList.indexOf(symbol) != -1): null

2019-08-24 12:47:34 - [TEST_STEP][PASSED] - if (i == 3 &amp;&amp; wildList.indexOf(symbol) != -1): null

2019-08-24 12:47:34 - [TEST_STEP][PASSED] - if (i == 4 &amp;&amp; wildList.indexOf(symbol) != -1): null

2019-08-24 12:47:34 - [TEST_STEP][PASSED] - symbol = symbol: null

2019-08-24 12:47:34 - [TEST_STEP][PASSED] - println(symbol): null

2019-08-24 12:47:34 - [TEST_STEP][PASSED] - if (i == 2 &amp;&amp; wildList.indexOf(symbol) != -1): null

2019-08-24 12:47:34 - [TEST_STEP][PASSED] - if (i == 3 &amp;&amp; wildList.indexOf(symbol) != -1): null

2019-08-24 12:47:34 - [TEST_STEP][PASSED] - if (i == 4 &amp;&amp; wildList.indexOf(symbol) != -1): null

2019-08-24 12:47:34 - [TEST_STEP][PASSED] - symbol = symbol: null

2019-08-24 12:47:34 - [TEST_STEP][PASSED] - println(symbol): null

2019-08-24 12:47:34 - [TEST_STEP][PASSED] - if (i == 2 &amp;&amp; wildList.indexOf(symbol) != -1): null

2019-08-24 12:47:34 - [TEST_STEP][PASSED] - if (i == 3 &amp;&amp; wildList.indexOf(symbol) != -1): null

2019-08-24 12:47:34 - [TEST_STEP][PASSED] - if (i == 4 &amp;&amp; wildList.indexOf(symbol) != -1): null

2019-08-24 12:47:34 - [TEST_STEP][PASSED] - symbols = symbols: null

2019-08-24 12:47:34 - [TEST_STEP][PASSED] - for ([j = 0, j &lt; symbols.size(), (j++)]): null

2019-08-24 12:47:34 - [TEST_STEP][PASSED] - symbol = symbol: null

2019-08-24 12:47:34 - [TEST_STEP][PASSED] - println(symbol): null

2019-08-24 12:47:34 - [TEST_STEP][PASSED] - if (i == 2 &amp;&amp; wildList.indexOf(symbol) != -1): null

2019-08-24 12:47:34 - [TEST_STEP][PASSED] - if (i == 3 &amp;&amp; wildList.indexOf(symbol) != -1): null

2019-08-24 12:47:34 - [TEST_STEP][PASSED] - if (i == 4 &amp;&amp; wildList.indexOf(symbol) != -1): null

2019-08-24 12:47:34 - [TEST_STEP][PASSED] - symbol = symbol: null

2019-08-24 12:47:34 - [TEST_STEP][PASSED] - println(symbol): null

2019-08-24 12:47:34 - [TEST_STEP][PASSED] - if (i == 2 &amp;&amp; wildList.indexOf(symbol) != -1): null

2019-08-24 12:47:34 - [TEST_STEP][PASSED] - if (i == 3 &amp;&amp; wildList.indexOf(symbol) != -1): null

2019-08-24 12:47:34 - [TEST_STEP][PASSED] - if (i == 4 &amp;&amp; wildList.indexOf(symbol) != -1): null

2019-08-24 12:47:34 - [TEST_STEP][PASSED] - symbol = symbol: null

2019-08-24 12:47:34 - [TEST_STEP][PASSED] - println(symbol): null

2019-08-24 12:47:34 - [TEST_STEP][PASSED] - if (i == 2 &amp;&amp; wildList.indexOf(symbol) != -1): null

2019-08-24 12:47:34 - [TEST_STEP][PASSED] - if (i == 3 &amp;&amp; wildList.indexOf(symbol) != -1): null

2019-08-24 12:47:34 - [TEST_STEP][PASSED] - if (i == 4 &amp;&amp; wildList.indexOf(symbol) != -1): null

2019-08-24 12:47:34 - [TEST_STEP][PASSED] - symbols = symbols: null

2019-08-24 12:47:34 - [TEST_STEP][PASSED] - for ([j = 0, j &lt; symbols.size(), (j++)]): null

2019-08-24 12:47:34 - [TEST_STEP][PASSED] - symbol = symbol: null

2019-08-24 12:47:34 - [TEST_STEP][PASSED] - println(symbol): null

2019-08-24 12:47:34 - [TEST_STEP][PASSED] - if (i == 2 &amp;&amp; wildList.indexOf(symbol) != -1): null

2019-08-24 12:47:34 - [TEST_STEP][PASSED] - if (i == 3 &amp;&amp; wildList.indexOf(symbol) != -1): null

2019-08-24 12:47:34 - [TEST_STEP][PASSED] - if (i == 4 &amp;&amp; wildList.indexOf(symbol) != -1): null

2019-08-24 12:47:34 - [TEST_STEP][PASSED] - symbol = symbol: null

2019-08-24 12:47:34 - [TEST_STEP][PASSED] - println(symbol): null

2019-08-24 12:47:34 - [TEST_STEP][PASSED] - if (i == 2 &amp;&amp; wildList.indexOf(symbol) != -1): null

2019-08-24 12:47:34 - [TEST_STEP][PASSED] - if (i == 3 &amp;&amp; wildList.indexOf(symbol) != -1): null

2019-08-24 12:47:34 - [TEST_STEP][PASSED] - if (i == 4 &amp;&amp; wildList.indexOf(symbol) != -1): null

2019-08-24 12:47:34 - [TEST_STEP][PASSED] - symbol = symbol: null

2019-08-24 12:47:34 - [TEST_STEP][PASSED] - println(symbol): null

2019-08-24 12:47:34 - [TEST_STEP][PASSED] - if (i == 2 &amp;&amp; wildList.indexOf(symbol) != -1): null

2019-08-24 12:47:34 - [TEST_STEP][PASSED] - if (i == 3 &amp;&amp; wildList.indexOf(symbol) != -1): null

2019-08-24 12:47:34 - [TEST_STEP][PASSED] - if (i == 4 &amp;&amp; wildList.indexOf(symbol) != -1): null

2019-08-24 12:47:34 - [TEST_STEP][PASSED] - symbols = symbols: null

2019-08-24 12:47:34 - [TEST_STEP][PASSED] - for ([j = 0, j &lt; symbols.size(), (j++)]): null

2019-08-24 12:47:34 - [TEST_STEP][PASSED] - symbol = symbol: null

2019-08-24 12:47:34 - [TEST_STEP][PASSED] - println(symbol): null

2019-08-24 12:47:34 - [TEST_STEP][PASSED] - if (i == 2 &amp;&amp; wildList.indexOf(symbol) != -1): null

2019-08-24 12:47:34 - [TEST_STEP][PASSED] - if (i == 3 &amp;&amp; wildList.indexOf(symbol) != -1): null

2019-08-24 12:47:34 - [TEST_STEP][PASSED] - if (i == 4 &amp;&amp; wildList.indexOf(symbol) != -1): null

2019-08-24 12:47:34 - [TEST_STEP][PASSED] - symbol = symbol: null

2019-08-24 12:47:34 - [TEST_STEP][PASSED] - println(symbol): null

2019-08-24 12:47:34 - [TEST_STEP][PASSED] - if (i == 2 &amp;&amp; wildList.indexOf(symbol) != -1): null

2019-08-24 12:47:34 - [TEST_STEP][PASSED] - if (i == 3 &amp;&amp; wildList.indexOf(symbol) != -1): null

2019-08-24 12:47:34 - [TEST_STEP][PASSED] - if (i == 4 &amp;&amp; wildList.indexOf(symbol) != -1): null

2019-08-24 12:47:34 - [TEST_STEP][PASSED] - symbol = symbol: null

2019-08-24 12:47:34 - [TEST_STEP][PASSED] - println(symbol): null

2019-08-24 12:47:34 - [TEST_STEP][PASSED] - if (i == 2 &amp;&amp; wildList.indexOf(symbol) != -1): null

2019-08-24 12:47:34 - [TEST_STEP][PASSED] - if (i == 3 &amp;&amp; wildList.indexOf(symbol) != -1): null

2019-08-24 12:47:34 - [TEST_STEP][PASSED] - if (i == 4 &amp;&amp; wildList.indexOf(symbol) != -1): null

2019-08-24 12:47:34 - [TEST_STEP][PASSED] - symbols = symbols: null

2019-08-24 12:47:34 - [TEST_STEP][PASSED] - for ([j = 0, j &lt; symbols.size(), (j++)]): null

2019-08-24 12:47:34 - [TEST_STEP][PASSED] - symbol = symbol: null

2019-08-24 12:47:34 - [TEST_STEP][PASSED] - println(symbol): null

2019-08-24 12:47:34 - [TEST_STEP][PASSED] - if (i == 2 &amp;&amp; wildList.indexOf(symbol) != -1): null

2019-08-24 12:47:34 - [TEST_STEP][PASSED] - if (i == 3 &amp;&amp; wildList.indexOf(symbol) != -1): null

2019-08-24 12:47:34 - [TEST_STEP][PASSED] - if (i == 4 &amp;&amp; wildList.indexOf(symbol) != -1): null

2019-08-24 12:47:34 - [TEST_STEP][PASSED] - symbol = symbol: null

2019-08-24 12:47:34 - [TEST_STEP][PASSED] - println(symbol): null

2019-08-24 12:47:34 - [TEST_STEP][PASSED] - if (i == 2 &amp;&amp; wildList.indexOf(symbol) != -1): null

2019-08-24 12:47:34 - [TEST_STEP][PASSED] - if (i == 3 &amp;&amp; wildList.indexOf(symbol) != -1): null

2019-08-24 12:47:34 - [TEST_STEP][PASSED] - if (i == 4 &amp;&amp; wildList.indexOf(symbol) != -1): null

2019-08-24 12:47:34 - [TEST_STEP][PASSED] - symbol = symbol: null

2019-08-24 12:47:34 - [TEST_STEP][PASSED] - println(symbol): null

2019-08-24 12:47:34 - [TEST_STEP][PASSED] - if (i == 2 &amp;&amp; wildList.indexOf(symbol) != -1): null

2019-08-24 12:47:34 - [TEST_STEP][PASSED] - if (i == 3 &amp;&amp; wildList.indexOf(symbol) != -1): null

2019-08-24 12:47:34 - [TEST_STEP][PASSED] - if (i == 4 &amp;&amp; wildList.indexOf(symbol) != -1): null

2019-08-24 12:47:34 - [TEST_STEP][PASSED] - free_spin_reel_counter = free_spin_reel_counter: null

2019-08-24 12:47:34 - [TEST_STEP][PASSED] - println("reel 3 wild found: " + free_spin_reel_counter[0]): null

2019-08-24 12:47:34 - [TEST_STEP][PASSED] - println("reel 4 wild found: " + free_spin_reel_counter[1]): null

2019-08-24 12:47:34 - [TEST_STEP][PASSED] - println("reel 5 wild found: " + free_spin_reel_counter[2]): null

2019-08-24 12:47:34 - [TEST_STEP][PASSED] - M4_spin_reels = M4_spin_reels: null

2019-08-24 12:47:34 - [TEST_STEP][PASSED] - M4_spin_reels_symbols = symbol: null

2019-08-24 12:47:34 - [TEST_STEP][PASSED] - M4_spin_reels_symbols = M4_spin_reels_symbols: null

2019-08-24 12:47:34 - [TEST_STEP][PASSED] - M4_spin_reel_wins = reel_wins: null

2019-08-24 12:47:34 - [TEST_STEP][PASSED] - M4_spin_reel_wins = M4_spin_reel_wins: null

2019-08-24 12:47:34 - [TEST_STEP][PASSED] - println("GlobalVariable.M4_spin_reel_wins is: " + M4_spin_reel_wins): null

2019-08-24 12:47:34 - [TEST_STEP][PASSED] - M4_spin_total_bonus_win_this_round = total_bonus_win_this_round: null

2019-08-24 12:47:34 - [TEST_STEP][PASSED] - M4_spin_total_bonus_win_this_round = M4_spin_total_bonus_win_this_round: null

2019-08-24 12:47:34 - [TEST_STEP][PASSED] - println("GlobalVariable.M4_spin_total_bonus_win_this_round is: " + M4_spin_total_bonus_win_this_round): null

2019-08-24 12:47:34 - [TEST_STEP][PASSED] - M4_spin_bonus_spin_result = spin_result: null

2019-08-24 12:47:34 - [TEST_STEP][PASSED] - M4_spin_bonus_spin_result = M4_spin_bonus_spin_result: null

2019-08-24 12:47:34 - [MESSAGE][PASSED] - Verify response successfully

2019-08-24 12:47:34 - [MESSAGE][PASSED] - Send request and verify the response successfully

2019-08-24 12:47:34 - [TEST_STEP][PASSED] - if (M4_total_bonus_spins_int != 0 &amp;&amp; M4_spin_reels_symbols[2].contains("WILD_Double") || M4_spin_reels_symbols[4].contains("WILD_Triple")): null

2019-08-24 12:47:34 - [TEST_STEP][PASSED] - free_spin_reel_counter = free_spin_reel_counter: null

2019-08-24 12:47:34 - [TEST_STEP][PASSED] - M4_spin_reels_symbols = M4_spin_reels_symbols: null

2019-08-24 12:47:34 - [TEST_STEP][PASSED] - M4_total_bonus_spins = M4_total_bonus_spins: null

2019-08-24 12:47:34 - [TEST_STEP][PASSED] - spin_result = sendRequestAndVerify(findTestObject("INT/RGS(M4)/1_M4_spin", ["M4_login_user_id":M4_login_user_id, "rgs_session_token":rgs_session_token, "partner":Partner])): Send request and verify the response successfully

2019-08-24 12:47:35 - [MESSAGE][INFO] - HAR: /Users/eiralee/Katalon_Script/SuperWild/Reports/20190824_124242/INT/superWild_4/20190824_124242/requests/main/89.har

2019-08-24 12:47:35 - [TEST_CASE][PASSED] - Start Test Case : Verification: Verification accomplished successfully

2019-08-24 12:47:35 - [TEST_STEP][PASSED] - request = getInstance().getCurrentRequest(): null

2019-08-24 12:47:35 - [TEST_STEP][PASSED] - response = getInstance().getCurrentResponse(): null

2019-08-24 12:47:35 - [TEST_STEP][PASSED] - verifyResponseStatusCode(response, 200): Verify response status code successfully

2019-08-24 12:47:35 - [MESSAGE][PASSED] - Verify response status code successfully

2019-08-24 12:47:35 - [TEST_STEP][PASSED] - getStatusCode()).isEqualTo(200): null

2019-08-24 12:47:35 - [TEST_STEP][PASSED] - newline = System.getProperty("line.separator"): null

2019-08-24 12:47:35 - [TEST_STEP][PASSED] - M4_spin = new groovy.json.JsonSlurper(): null

2019-08-24 12:47:35 - [TEST_STEP][PASSED] - result_M4_spin = M4_spin.parseText(response.getResponseBodyContent()): null

2019-08-24 12:47:35 - [TEST_STEP][PASSED] - M4_spin_current_balance = current_balance: null

2019-08-24 12:47:35 - [TEST_STEP][PASSED] - M4_spin_current_balance = M4_spin_current_balance: null

2019-08-24 12:47:35 - [TEST_STEP][PASSED] - M4_spin_transaction_id = causality: null

2019-08-24 12:47:35 - [TEST_STEP][PASSED] - M4_spin_transaction_id = M4_spin_transaction_id: null

2019-08-24 12:47:35 - [TEST_STEP][PASSED] - M4_spin_round_id = round_id: null

2019-08-24 12:47:35 - [TEST_STEP][PASSED] - M4_spin_round_id = M4_spin_round_id: null

2019-08-24 12:47:35 - [TEST_STEP][PASSED] - M4_spin_line_wins = line_wins: null

2019-08-24 12:47:35 - [TEST_STEP][PASSED] - M4_spin_line_wins = M4_spin_line_wins: null

2019-08-24 12:47:35 - [TEST_STEP][PASSED] - M4_total_bonus_spins_int = total_bonus_spins: null

2019-08-24 12:47:35 - [TEST_STEP][PASSED] - println("******M4_total_bonus_spins type is:*******" + newline + getClass().getName()): null

2019-08-24 12:47:35 - [TEST_STEP][PASSED] - M4_total_bonus_spins_int = M4_total_bonus_spins_int: null

2019-08-24 12:47:35 - [TEST_STEP][PASSED] - M4_total_bonus_spins = Integer.toString(M4_total_bonus_spins_int): null

2019-08-24 12:47:35 - [TEST_STEP][PASSED] - M4_total_bonus_spins = M4_total_bonus_spins: null

2019-08-24 12:47:35 - [TEST_STEP][PASSED] - println("M4_total_bonus_spins is:" + M4_total_bonus_spins): null

2019-08-24 12:47:35 - [TEST_STEP][PASSED] - M4_spin_bonus_data = bonus_data: null

2019-08-24 12:47:35 - [TEST_STEP][PASSED] - M4_spin_features_triggered = result_M4_spin: null

2019-08-24 12:47:35 - [TEST_STEP][PASSED] - wild = []: null

2019-08-24 12:47:35 - [TEST_STEP][PASSED] - wild[0] = "WILD_Expanding": null

2019-08-24 12:47:35 - [TEST_STEP][PASSED] - wild[1] = "WILD_Normal": null

2019-08-24 12:47:35 - [TEST_STEP][PASSED] - wild[2] = "WILD_Double": null

2019-08-24 12:47:35 - [TEST_STEP][PASSED] - wild[3] = "WILD_ExtraFG": null

2019-08-24 12:47:35 - [TEST_STEP][PASSED] - wild[4] = "WILD_Triple": null

2019-08-24 12:47:35 - [TEST_STEP][PASSED] - wildList = Arrays.asList(wild): null

2019-08-24 12:47:35 - [TEST_STEP][PASSED] - wildList = wildList: null

2019-08-24 12:47:35 - [TEST_STEP][PASSED] - free_spin_reel_counter = []: null

2019-08-24 12:47:35 - [TEST_STEP][PASSED] - free_spin_reel_counter[0] = 0: null

2019-08-24 12:47:35 - [TEST_STEP][PASSED] - free_spin_reel_counter[1] = 0: null

2019-08-24 12:47:35 - [TEST_STEP][PASSED] - free_spin_reel_counter[2] = 0: null

2019-08-24 12:47:35 - [TEST_STEP][PASSED] - M4_spin_reels = reels: null

2019-08-24 12:47:35 - [TEST_STEP][PASSED] - for ([i = 0, i &lt; M4_spin_reels.size(), (i++)]): null

2019-08-24 12:47:35 - [TEST_STEP][PASSED] - symbols = symbols: null

2019-08-24 12:47:35 - [TEST_STEP][PASSED] - for ([j = 0, j &lt; symbols.size(), (j++)]): null

2019-08-24 12:47:35 - [TEST_STEP][PASSED] - symbol = symbol: null

2019-08-24 12:47:35 - [TEST_STEP][PASSED] - println(symbol): null

2019-08-24 12:47:35 - [TEST_STEP][PASSED] - if (i == 2 &amp;&amp; wildList.indexOf(symbol) != -1): null

2019-08-24 12:47:35 - [TEST_STEP][PASSED] - if (i == 3 &amp;&amp; wildList.indexOf(symbol) != -1): null

2019-08-24 12:47:35 - [TEST_STEP][PASSED] - if (i == 4 &amp;&amp; wildList.indexOf(symbol) != -1): null

2019-08-24 12:47:35 - [TEST_STEP][PASSED] - symbol = symbol: null

2019-08-24 12:47:35 - [TEST_STEP][PASSED] - println(symbol): null

2019-08-24 12:47:35 - [TEST_STEP][PASSED] - if (i == 2 &amp;&amp; wildList.indexOf(symbol) != -1): null

2019-08-24 12:47:35 - [TEST_STEP][PASSED] - if (i == 3 &amp;&amp; wildList.indexOf(symbol) != -1): null

2019-08-24 12:47:35 - [TEST_STEP][PASSED] - if (i == 4 &amp;&amp; wildList.indexOf(symbol) != -1): null

2019-08-24 12:47:35 - [TEST_STEP][PASSED] - symbol = symbol: null

2019-08-24 12:47:35 - [TEST_STEP][PASSED] - println(symbol): null

2019-08-24 12:47:35 - [TEST_STEP][PASSED] - if (i == 2 &amp;&amp; wildList.indexOf(symbol) != -1): null

2019-08-24 12:47:35 - [TEST_STEP][PASSED] - if (i == 3 &amp;&amp; wildList.indexOf(symbol) != -1): null

2019-08-24 12:47:35 - [TEST_STEP][PASSED] - if (i == 4 &amp;&amp; wildList.indexOf(symbol) != -1): null

2019-08-24 12:47:35 - [TEST_STEP][PASSED] - symbols = symbols: null

2019-08-24 12:47:35 - [TEST_STEP][PASSED] - for ([j = 0, j &lt; symbols.size(), (j++)]): null

2019-08-24 12:47:35 - [TEST_STEP][PASSED] - symbol = symbol: null

2019-08-24 12:47:35 - [TEST_STEP][PASSED] - println(symbol): null

2019-08-24 12:47:35 - [TEST_STEP][PASSED] - if (i == 2 &amp;&amp; wildList.indexOf(symbol) != -1): null

2019-08-24 12:47:35 - [TEST_STEP][PASSED] - if (i == 3 &amp;&amp; wildList.indexOf(symbol) != -1): null

2019-08-24 12:47:35 - [TEST_STEP][PASSED] - if (i == 4 &amp;&amp; wildList.indexOf(symbol) != -1): null

2019-08-24 12:47:35 - [TEST_STEP][PASSED] - symbol = symbol: null

2019-08-24 12:47:35 - [TEST_STEP][PASSED] - println(symbol): null

2019-08-24 12:47:35 - [TEST_STEP][PASSED] - if (i == 2 &amp;&amp; wildList.indexOf(symbol) != -1): null

2019-08-24 12:47:35 - [TEST_STEP][PASSED] - if (i == 3 &amp;&amp; wildList.indexOf(symbol) != -1): null

2019-08-24 12:47:35 - [TEST_STEP][PASSED] - if (i == 4 &amp;&amp; wildList.indexOf(symbol) != -1): null

2019-08-24 12:47:35 - [TEST_STEP][PASSED] - symbol = symbol: null

2019-08-24 12:47:35 - [TEST_STEP][PASSED] - println(symbol): null

2019-08-24 12:47:35 - [TEST_STEP][PASSED] - if (i == 2 &amp;&amp; wildList.indexOf(symbol) != -1): null

2019-08-24 12:47:35 - [TEST_STEP][PASSED] - if (i == 3 &amp;&amp; wildList.indexOf(symbol) != -1): null

2019-08-24 12:47:35 - [TEST_STEP][PASSED] - if (i == 4 &amp;&amp; wildList.indexOf(symbol) != -1): null

2019-08-24 12:47:35 - [TEST_STEP][PASSED] - symbols = symbols: null

2019-08-24 12:47:35 - [TEST_STEP][PASSED] - for ([j = 0, j &lt; symbols.size(), (j++)]): null

2019-08-24 12:47:35 - [TEST_STEP][PASSED] - symbol = symbol: null

2019-08-24 12:47:35 - [TEST_STEP][PASSED] - println(symbol): null

2019-08-24 12:47:35 - [TEST_STEP][PASSED] - if (i == 2 &amp;&amp; wildList.indexOf(symbol) != -1): null

2019-08-24 12:47:35 - [TEST_STEP][PASSED] - if (i == 3 &amp;&amp; wildList.indexOf(symbol) != -1): null

2019-08-24 12:47:35 - [TEST_STEP][PASSED] - if (i == 4 &amp;&amp; wildList.indexOf(symbol) != -1): null

2019-08-24 12:47:35 - [TEST_STEP][PASSED] - symbol = symbol: null

2019-08-24 12:47:35 - [TEST_STEP][PASSED] - println(symbol): null

2019-08-24 12:47:35 - [TEST_STEP][PASSED] - if (i == 2 &amp;&amp; wildList.indexOf(symbol) != -1): null

2019-08-24 12:47:35 - [TEST_STEP][PASSED] - if (i == 3 &amp;&amp; wildList.indexOf(symbol) != -1): null

2019-08-24 12:47:35 - [TEST_STEP][PASSED] - if (i == 4 &amp;&amp; wildList.indexOf(symbol) != -1): null

2019-08-24 12:47:35 - [TEST_STEP][PASSED] - symbol = symbol: null

2019-08-24 12:47:35 - [TEST_STEP][PASSED] - println(symbol): null

2019-08-24 12:47:35 - [TEST_STEP][PASSED] - if (i == 2 &amp;&amp; wildList.indexOf(symbol) != -1): null

2019-08-24 12:47:35 - [TEST_STEP][PASSED] - if (i == 3 &amp;&amp; wildList.indexOf(symbol) != -1): null

2019-08-24 12:47:35 - [TEST_STEP][PASSED] - if (i == 4 &amp;&amp; wildList.indexOf(symbol) != -1): null

2019-08-24 12:47:35 - [TEST_STEP][PASSED] - symbols = symbols: null

2019-08-24 12:47:35 - [TEST_STEP][PASSED] - for ([j = 0, j &lt; symbols.size(), (j++)]): null

2019-08-24 12:47:35 - [TEST_STEP][PASSED] - symbol = symbol: null

2019-08-24 12:47:35 - [TEST_STEP][PASSED] - println(symbol): null

2019-08-24 12:47:35 - [TEST_STEP][PASSED] - if (i == 2 &amp;&amp; wildList.indexOf(symbol) != -1): null

2019-08-24 12:47:35 - [TEST_STEP][PASSED] - if (i == 3 &amp;&amp; wildList.indexOf(symbol) != -1): null

2019-08-24 12:47:35 - [TEST_STEP][PASSED] - if (i == 4 &amp;&amp; wildList.indexOf(symbol) != -1): null

2019-08-24 12:47:35 - [TEST_STEP][PASSED] - symbol = symbol: null

2019-08-24 12:47:35 - [TEST_STEP][PASSED] - println(symbol): null

2019-08-24 12:47:35 - [TEST_STEP][PASSED] - if (i == 2 &amp;&amp; wildList.indexOf(symbol) != -1): null

2019-08-24 12:47:35 - [TEST_STEP][PASSED] - if (i == 3 &amp;&amp; wildList.indexOf(symbol) != -1): null

2019-08-24 12:47:35 - [TEST_STEP][PASSED] - if (i == 4 &amp;&amp; wildList.indexOf(symbol) != -1): null

2019-08-24 12:47:35 - [TEST_STEP][PASSED] - symbol = symbol: null

2019-08-24 12:47:35 - [TEST_STEP][PASSED] - println(symbol): null

2019-08-24 12:47:35 - [TEST_STEP][PASSED] - if (i == 2 &amp;&amp; wildList.indexOf(symbol) != -1): null

2019-08-24 12:47:35 - [TEST_STEP][PASSED] - if (i == 3 &amp;&amp; wildList.indexOf(symbol) != -1): null

2019-08-24 12:47:35 - [TEST_STEP][PASSED] - if (i == 4 &amp;&amp; wildList.indexOf(symbol) != -1): null

2019-08-24 12:47:35 - [TEST_STEP][PASSED] - symbols = symbols: null

2019-08-24 12:47:35 - [TEST_STEP][PASSED] - for ([j = 0, j &lt; symbols.size(), (j++)]): null

2019-08-24 12:47:35 - [TEST_STEP][PASSED] - symbol = symbol: null

2019-08-24 12:47:35 - [TEST_STEP][PASSED] - println(symbol): null

2019-08-24 12:47:35 - [TEST_STEP][PASSED] - if (i == 2 &amp;&amp; wildList.indexOf(symbol) != -1): null

2019-08-24 12:47:35 - [TEST_STEP][PASSED] - if (i == 3 &amp;&amp; wildList.indexOf(symbol) != -1): null

2019-08-24 12:47:35 - [TEST_STEP][PASSED] - if (i == 4 &amp;&amp; wildList.indexOf(symbol) != -1): null

2019-08-24 12:47:35 - [TEST_STEP][PASSED] - symbol = symbol: null

2019-08-24 12:47:35 - [TEST_STEP][PASSED] - println(symbol): null

2019-08-24 12:47:35 - [TEST_STEP][PASSED] - if (i == 2 &amp;&amp; wildList.indexOf(symbol) != -1): null

2019-08-24 12:47:35 - [TEST_STEP][PASSED] - if (i == 3 &amp;&amp; wildList.indexOf(symbol) != -1): null

2019-08-24 12:47:35 - [TEST_STEP][PASSED] - if (i == 4 &amp;&amp; wildList.indexOf(symbol) != -1): null

2019-08-24 12:47:35 - [TEST_STEP][PASSED] - symbol = symbol: null

2019-08-24 12:47:35 - [TEST_STEP][PASSED] - println(symbol): null

2019-08-24 12:47:35 - [TEST_STEP][PASSED] - if (i == 2 &amp;&amp; wildList.indexOf(symbol) != -1): null

2019-08-24 12:47:35 - [TEST_STEP][PASSED] - if (i == 3 &amp;&amp; wildList.indexOf(symbol) != -1): null

2019-08-24 12:47:35 - [TEST_STEP][PASSED] - if (i == 4 &amp;&amp; wildList.indexOf(symbol) != -1): null

2019-08-24 12:47:35 - [TEST_STEP][PASSED] - free_spin_reel_counter = free_spin_reel_counter: null

2019-08-24 12:47:35 - [TEST_STEP][PASSED] - println("reel 3 wild found: " + free_spin_reel_counter[0]): null

2019-08-24 12:47:35 - [TEST_STEP][PASSED] - println("reel 4 wild found: " + free_spin_reel_counter[1]): null

2019-08-24 12:47:35 - [TEST_STEP][PASSED] - println("reel 5 wild found: " + free_spin_reel_counter[2]): null

2019-08-24 12:47:35 - [TEST_STEP][PASSED] - M4_spin_reels = M4_spin_reels: null

2019-08-24 12:47:35 - [TEST_STEP][PASSED] - M4_spin_reels_symbols = symbol: null

2019-08-24 12:47:35 - [TEST_STEP][PASSED] - M4_spin_reels_symbols = M4_spin_reels_symbols: null

2019-08-24 12:47:35 - [TEST_STEP][PASSED] - M4_spin_reel_wins = reel_wins: null

2019-08-24 12:47:35 - [TEST_STEP][PASSED] - M4_spin_reel_wins = M4_spin_reel_wins: null

2019-08-24 12:47:35 - [TEST_STEP][PASSED] - println("GlobalVariable.M4_spin_reel_wins is: " + M4_spin_reel_wins): null

2019-08-24 12:47:35 - [TEST_STEP][PASSED] - M4_spin_total_bonus_win_this_round = total_bonus_win_this_round: null

2019-08-24 12:47:35 - [TEST_STEP][PASSED] - M4_spin_total_bonus_win_this_round = M4_spin_total_bonus_win_this_round: null

2019-08-24 12:47:35 - [TEST_STEP][PASSED] - println("GlobalVariable.M4_spin_total_bonus_win_this_round is: " + M4_spin_total_bonus_win_this_round): null

2019-08-24 12:47:35 - [TEST_STEP][PASSED] - M4_spin_bonus_spin_result = spin_result: null

2019-08-24 12:47:35 - [TEST_STEP][PASSED] - M4_spin_bonus_spin_result = M4_spin_bonus_spin_result: null

2019-08-24 12:47:35 - [MESSAGE][PASSED] - Verify response successfully

2019-08-24 12:47:35 - [MESSAGE][PASSED] - Send request and verify the response successfully

2019-08-24 12:47:35 - [TEST_STEP][PASSED] - if (M4_total_bonus_spins_int != 0 &amp;&amp; M4_spin_reels_symbols[2].contains("WILD_Double") || M4_spin_reels_symbols[4].contains("WILD_Triple")): null

2019-08-24 12:47:35 - [TEST_STEP][PASSED] - free_spin_reel_counter = free_spin_reel_counter: null

2019-08-24 12:47:35 - [TEST_STEP][PASSED] - M4_spin_reels_symbols = M4_spin_reels_symbols: null

2019-08-24 12:47:35 - [TEST_STEP][PASSED] - M4_total_bonus_spins = M4_total_bonus_spins: null

2019-08-24 12:47:35 - [TEST_STEP][PASSED] - spin_result = sendRequestAndVerify(findTestObject("INT/RGS(M4)/1_M4_spin", ["M4_login_user_id":M4_login_user_id, "rgs_session_token":rgs_session_token, "partner":Partner])): Send request and verify the response successfully

2019-08-24 12:47:35 - [MESSAGE][INFO] - HAR: /Users/eiralee/Katalon_Script/SuperWild/Reports/20190824_124242/INT/superWild_4/20190824_124242/requests/main/90.har

2019-08-24 12:47:35 - [TEST_CASE][PASSED] - Start Test Case : Verification: Verification accomplished successfully

2019-08-24 12:47:35 - [TEST_STEP][PASSED] - request = getInstance().getCurrentRequest(): null

2019-08-24 12:47:35 - [TEST_STEP][PASSED] - response = getInstance().getCurrentResponse(): null

2019-08-24 12:47:35 - [TEST_STEP][PASSED] - verifyResponseStatusCode(response, 200): Verify response status code successfully

2019-08-24 12:47:35 - [MESSAGE][PASSED] - Verify response status code successfully

2019-08-24 12:47:35 - [TEST_STEP][PASSED] - getStatusCode()).isEqualTo(200): null

2019-08-24 12:47:35 - [TEST_STEP][PASSED] - newline = System.getProperty("line.separator"): null

2019-08-24 12:47:35 - [TEST_STEP][PASSED] - M4_spin = new groovy.json.JsonSlurper(): null

2019-08-24 12:47:35 - [TEST_STEP][PASSED] - result_M4_spin = M4_spin.parseText(response.getResponseBodyContent()): null

2019-08-24 12:47:35 - [TEST_STEP][PASSED] - M4_spin_current_balance = current_balance: null

2019-08-24 12:47:35 - [TEST_STEP][PASSED] - M4_spin_current_balance = M4_spin_current_balance: null

2019-08-24 12:47:35 - [TEST_STEP][PASSED] - M4_spin_transaction_id = causality: null

2019-08-24 12:47:35 - [TEST_STEP][PASSED] - M4_spin_transaction_id = M4_spin_transaction_id: null

2019-08-24 12:47:35 - [TEST_STEP][PASSED] - M4_spin_round_id = round_id: null

2019-08-24 12:47:35 - [TEST_STEP][PASSED] - M4_spin_round_id = M4_spin_round_id: null

2019-08-24 12:47:35 - [TEST_STEP][PASSED] - M4_spin_line_wins = line_wins: null

2019-08-24 12:47:35 - [TEST_STEP][PASSED] - M4_spin_line_wins = M4_spin_line_wins: null

2019-08-24 12:47:35 - [TEST_STEP][PASSED] - M4_total_bonus_spins_int = total_bonus_spins: null

2019-08-24 12:47:35 - [TEST_STEP][PASSED] - println("******M4_total_bonus_spins type is:*******" + newline + getClass().getName()): null

2019-08-24 12:47:35 - [TEST_STEP][PASSED] - M4_total_bonus_spins_int = M4_total_bonus_spins_int: null

2019-08-24 12:47:35 - [TEST_STEP][PASSED] - M4_total_bonus_spins = Integer.toString(M4_total_bonus_spins_int): null

2019-08-24 12:47:35 - [TEST_STEP][PASSED] - M4_total_bonus_spins = M4_total_bonus_spins: null

2019-08-24 12:47:35 - [TEST_STEP][PASSED] - println("M4_total_bonus_spins is:" + M4_total_bonus_spins): null

2019-08-24 12:47:35 - [TEST_STEP][PASSED] - M4_spin_bonus_data = bonus_data: null

2019-08-24 12:47:35 - [TEST_STEP][PASSED] - M4_spin_features_triggered = result_M4_spin: null

2019-08-24 12:47:35 - [TEST_STEP][PASSED] - wild = []: null

2019-08-24 12:47:35 - [TEST_STEP][PASSED] - wild[0] = "WILD_Expanding": null

2019-08-24 12:47:35 - [TEST_STEP][PASSED] - wild[1] = "WILD_Normal": null

2019-08-24 12:47:35 - [TEST_STEP][PASSED] - wild[2] = "WILD_Double": null

2019-08-24 12:47:35 - [TEST_STEP][PASSED] - wild[3] = "WILD_ExtraFG": null

2019-08-24 12:47:35 - [TEST_STEP][PASSED] - wild[4] = "WILD_Triple": null

2019-08-24 12:47:35 - [TEST_STEP][PASSED] - wildList = Arrays.asList(wild): null

2019-08-24 12:47:35 - [TEST_STEP][PASSED] - wildList = wildList: null

2019-08-24 12:47:35 - [TEST_STEP][PASSED] - free_spin_reel_counter = []: null

2019-08-24 12:47:35 - [TEST_STEP][PASSED] - free_spin_reel_counter[0] = 0: null

2019-08-24 12:47:35 - [TEST_STEP][PASSED] - free_spin_reel_counter[1] = 0: null

2019-08-24 12:47:35 - [TEST_STEP][PASSED] - free_spin_reel_counter[2] = 0: null

2019-08-24 12:47:35 - [TEST_STEP][PASSED] - M4_spin_reels = reels: null

2019-08-24 12:47:35 - [TEST_STEP][PASSED] - for ([i = 0, i &lt; M4_spin_reels.size(), (i++)]): null

2019-08-24 12:47:35 - [TEST_STEP][PASSED] - symbols = symbols: null

2019-08-24 12:47:35 - [TEST_STEP][PASSED] - for ([j = 0, j &lt; symbols.size(), (j++)]): null

2019-08-24 12:47:35 - [TEST_STEP][PASSED] - symbol = symbol: null

2019-08-24 12:47:35 - [TEST_STEP][PASSED] - println(symbol): null

2019-08-24 12:47:35 - [TEST_STEP][PASSED] - if (i == 2 &amp;&amp; wildList.indexOf(symbol) != -1): null

2019-08-24 12:47:35 - [TEST_STEP][PASSED] - if (i == 3 &amp;&amp; wildList.indexOf(symbol) != -1): null

2019-08-24 12:47:35 - [TEST_STEP][PASSED] - if (i == 4 &amp;&amp; wildList.indexOf(symbol) != -1): null

2019-08-24 12:47:35 - [TEST_STEP][PASSED] - symbol = symbol: null

2019-08-24 12:47:35 - [TEST_STEP][PASSED] - println(symbol): null

2019-08-24 12:47:35 - [TEST_STEP][PASSED] - if (i == 2 &amp;&amp; wildList.indexOf(symbol) != -1): null

2019-08-24 12:47:35 - [TEST_STEP][PASSED] - if (i == 3 &amp;&amp; wildList.indexOf(symbol) != -1): null

2019-08-24 12:47:35 - [TEST_STEP][PASSED] - if (i == 4 &amp;&amp; wildList.indexOf(symbol) != -1): null

2019-08-24 12:47:35 - [TEST_STEP][PASSED] - symbol = symbol: null

2019-08-24 12:47:35 - [TEST_STEP][PASSED] - println(symbol): null

2019-08-24 12:47:35 - [TEST_STEP][PASSED] - if (i == 2 &amp;&amp; wildList.indexOf(symbol) != -1): null

2019-08-24 12:47:35 - [TEST_STEP][PASSED] - if (i == 3 &amp;&amp; wildList.indexOf(symbol) != -1): null

2019-08-24 12:47:35 - [TEST_STEP][PASSED] - if (i == 4 &amp;&amp; wildList.indexOf(symbol) != -1): null

2019-08-24 12:47:35 - [TEST_STEP][PASSED] - symbols = symbols: null

2019-08-24 12:47:35 - [TEST_STEP][PASSED] - for ([j = 0, j &lt; symbols.size(), (j++)]): null

2019-08-24 12:47:35 - [TEST_STEP][PASSED] - symbol = symbol: null

2019-08-24 12:47:35 - [TEST_STEP][PASSED] - println(symbol): null

2019-08-24 12:47:35 - [TEST_STEP][PASSED] - if (i == 2 &amp;&amp; wildList.indexOf(symbol) != -1): null

2019-08-24 12:47:35 - [TEST_STEP][PASSED] - if (i == 3 &amp;&amp; wildList.indexOf(symbol) != -1): null

2019-08-24 12:47:35 - [TEST_STEP][PASSED] - if (i == 4 &amp;&amp; wildList.indexOf(symbol) != -1): null

2019-08-24 12:47:35 - [TEST_STEP][PASSED] - symbol = symbol: null

2019-08-24 12:47:35 - [TEST_STEP][PASSED] - println(symbol): null

2019-08-24 12:47:35 - [TEST_STEP][PASSED] - if (i == 2 &amp;&amp; wildList.indexOf(symbol) != -1): null

2019-08-24 12:47:35 - [TEST_STEP][PASSED] - if (i == 3 &amp;&amp; wildList.indexOf(symbol) != -1): null

2019-08-24 12:47:35 - [TEST_STEP][PASSED] - if (i == 4 &amp;&amp; wildList.indexOf(symbol) != -1): null

2019-08-24 12:47:35 - [TEST_STEP][PASSED] - symbol = symbol: null

2019-08-24 12:47:35 - [TEST_STEP][PASSED] - println(symbol): null

2019-08-24 12:47:35 - [TEST_STEP][PASSED] - if (i == 2 &amp;&amp; wildList.indexOf(symbol) != -1): null

2019-08-24 12:47:35 - [TEST_STEP][PASSED] - if (i == 3 &amp;&amp; wildList.indexOf(symbol) != -1): null

2019-08-24 12:47:35 - [TEST_STEP][PASSED] - if (i == 4 &amp;&amp; wildList.indexOf(symbol) != -1): null

2019-08-24 12:47:35 - [TEST_STEP][PASSED] - symbols = symbols: null

2019-08-24 12:47:35 - [TEST_STEP][PASSED] - for ([j = 0, j &lt; symbols.size(), (j++)]): null

2019-08-24 12:47:35 - [TEST_STEP][PASSED] - symbol = symbol: null

2019-08-24 12:47:35 - [TEST_STEP][PASSED] - println(symbol): null

2019-08-24 12:47:35 - [TEST_STEP][PASSED] - if (i == 2 &amp;&amp; wildList.indexOf(symbol) != -1): null

2019-08-24 12:47:35 - [TEST_STEP][PASSED] - if (i == 3 &amp;&amp; wildList.indexOf(symbol) != -1): null

2019-08-24 12:47:35 - [TEST_STEP][PASSED] - if (i == 4 &amp;&amp; wildList.indexOf(symbol) != -1): null

2019-08-24 12:47:35 - [TEST_STEP][PASSED] - symbol = symbol: null

2019-08-24 12:47:35 - [TEST_STEP][PASSED] - println(symbol): null

2019-08-24 12:47:35 - [TEST_STEP][PASSED] - if (i == 2 &amp;&amp; wildList.indexOf(symbol) != -1): null

2019-08-24 12:47:35 - [TEST_STEP][PASSED] - if (i == 3 &amp;&amp; wildList.indexOf(symbol) != -1): null

2019-08-24 12:47:35 - [TEST_STEP][PASSED] - if (i == 4 &amp;&amp; wildList.indexOf(symbol) != -1): null

2019-08-24 12:47:35 - [TEST_STEP][PASSED] - symbol = symbol: null

2019-08-24 12:47:35 - [TEST_STEP][PASSED] - println(symbol): null

2019-08-24 12:47:35 - [TEST_STEP][PASSED] - if (i == 2 &amp;&amp; wildList.indexOf(symbol) != -1): null

2019-08-24 12:47:35 - [TEST_STEP][PASSED] - if (i == 3 &amp;&amp; wildList.indexOf(symbol) != -1): null

2019-08-24 12:47:35 - [TEST_STEP][PASSED] - if (i == 4 &amp;&amp; wildList.indexOf(symbol) != -1): null

2019-08-24 12:47:35 - [TEST_STEP][PASSED] - symbols = symbols: null

2019-08-24 12:47:35 - [TEST_STEP][PASSED] - for ([j = 0, j &lt; symbols.size(), (j++)]): null

2019-08-24 12:47:35 - [TEST_STEP][PASSED] - symbol = symbol: null

2019-08-24 12:47:35 - [TEST_STEP][PASSED] - println(symbol): null

2019-08-24 12:47:35 - [TEST_STEP][PASSED] - if (i == 2 &amp;&amp; wildList.indexOf(symbol) != -1): null

2019-08-24 12:47:35 - [TEST_STEP][PASSED] - if (i == 3 &amp;&amp; wildList.indexOf(symbol) != -1): null

2019-08-24 12:47:35 - [TEST_STEP][PASSED] - if (i == 4 &amp;&amp; wildList.indexOf(symbol) != -1): null

2019-08-24 12:47:35 - [TEST_STEP][PASSED] - symbol = symbol: null

2019-08-24 12:47:35 - [TEST_STEP][PASSED] - println(symbol): null

2019-08-24 12:47:35 - [TEST_STEP][PASSED] - if (i == 2 &amp;&amp; wildList.indexOf(symbol) != -1): null

2019-08-24 12:47:35 - [TEST_STEP][PASSED] - if (i == 3 &amp;&amp; wildList.indexOf(symbol) != -1): null

2019-08-24 12:47:35 - [TEST_STEP][PASSED] - if (i == 4 &amp;&amp; wildList.indexOf(symbol) != -1): null

2019-08-24 12:47:35 - [TEST_STEP][PASSED] - symbol = symbol: null

2019-08-24 12:47:35 - [TEST_STEP][PASSED] - println(symbol): null

2019-08-24 12:47:35 - [TEST_STEP][PASSED] - if (i == 2 &amp;&amp; wildList.indexOf(symbol) != -1): null

2019-08-24 12:47:35 - [TEST_STEP][PASSED] - if (i == 3 &amp;&amp; wildList.indexOf(symbol) != -1): null

2019-08-24 12:47:35 - [TEST_STEP][PASSED] - if (i == 4 &amp;&amp; wildList.indexOf(symbol) != -1): null

2019-08-24 12:47:35 - [TEST_STEP][PASSED] - symbols = symbols: null

2019-08-24 12:47:35 - [TEST_STEP][PASSED] - for ([j = 0, j &lt; symbols.size(), (j++)]): null

2019-08-24 12:47:35 - [TEST_STEP][PASSED] - symbol = symbol: null

2019-08-24 12:47:35 - [TEST_STEP][PASSED] - println(symbol): null

2019-08-24 12:47:35 - [TEST_STEP][PASSED] - if (i == 2 &amp;&amp; wildList.indexOf(symbol) != -1): null

2019-08-24 12:47:35 - [TEST_STEP][PASSED] - if (i == 3 &amp;&amp; wildList.indexOf(symbol) != -1): null

2019-08-24 12:47:35 - [TEST_STEP][PASSED] - if (i == 4 &amp;&amp; wildList.indexOf(symbol) != -1): null

2019-08-24 12:47:35 - [TEST_STEP][PASSED] - symbol = symbol: null

2019-08-24 12:47:35 - [TEST_STEP][PASSED] - println(symbol): null

2019-08-24 12:47:35 - [TEST_STEP][PASSED] - if (i == 2 &amp;&amp; wildList.indexOf(symbol) != -1): null

2019-08-24 12:47:35 - [TEST_STEP][PASSED] - if (i == 3 &amp;&amp; wildList.indexOf(symbol) != -1): null

2019-08-24 12:47:35 - [TEST_STEP][PASSED] - if (i == 4 &amp;&amp; wildList.indexOf(symbol) != -1): null

2019-08-24 12:47:35 - [TEST_STEP][PASSED] - symbol = symbol: null

2019-08-24 12:47:35 - [TEST_STEP][PASSED] - println(symbol): null

2019-08-24 12:47:35 - [TEST_STEP][PASSED] - if (i == 2 &amp;&amp; wildList.indexOf(symbol) != -1): null

2019-08-24 12:47:35 - [TEST_STEP][PASSED] - if (i == 3 &amp;&amp; wildList.indexOf(symbol) != -1): null

2019-08-24 12:47:35 - [TEST_STEP][PASSED] - if (i == 4 &amp;&amp; wildList.indexOf(symbol) != -1): null

2019-08-24 12:47:35 - [TEST_STEP][PASSED] - free_spin_reel_counter = free_spin_reel_counter: null

2019-08-24 12:47:35 - [TEST_STEP][PASSED] - println("reel 3 wild found: " + free_spin_reel_counter[0]): null

2019-08-24 12:47:35 - [TEST_STEP][PASSED] - println("reel 4 wild found: " + free_spin_reel_counter[1]): null

2019-08-24 12:47:35 - [TEST_STEP][PASSED] - println("reel 5 wild found: " + free_spin_reel_counter[2]): null

2019-08-24 12:47:35 - [TEST_STEP][PASSED] - M4_spin_reels = M4_spin_reels: null

2019-08-24 12:47:35 - [TEST_STEP][PASSED] - M4_spin_reels_symbols = symbol: null

2019-08-24 12:47:35 - [TEST_STEP][PASSED] - M4_spin_reels_symbols = M4_spin_reels_symbols: null

2019-08-24 12:47:35 - [TEST_STEP][PASSED] - M4_spin_reel_wins = reel_wins: null

2019-08-24 12:47:35 - [TEST_STEP][PASSED] - M4_spin_reel_wins = M4_spin_reel_wins: null

2019-08-24 12:47:35 - [TEST_STEP][PASSED] - println("GlobalVariable.M4_spin_reel_wins is: " + M4_spin_reel_wins): null

2019-08-24 12:47:35 - [TEST_STEP][PASSED] - M4_spin_total_bonus_win_this_round = total_bonus_win_this_round: null

2019-08-24 12:47:35 - [TEST_STEP][PASSED] - M4_spin_total_bonus_win_this_round = M4_spin_total_bonus_win_this_round: null

2019-08-24 12:47:35 - [TEST_STEP][PASSED] - println("GlobalVariable.M4_spin_total_bonus_win_this_round is: " + M4_spin_total_bonus_win_this_round): null

2019-08-24 12:47:35 - [TEST_STEP][PASSED] - M4_spin_bonus_spin_result = spin_result: null

2019-08-24 12:47:35 - [TEST_STEP][PASSED] - M4_spin_bonus_spin_result = M4_spin_bonus_spin_result: null

2019-08-24 12:47:35 - [MESSAGE][PASSED] - Verify response successfully

2019-08-24 12:47:35 - [MESSAGE][PASSED] - Send request and verify the response successfully

2019-08-24 12:47:35 - [TEST_STEP][PASSED] - if (M4_total_bonus_spins_int != 0 &amp;&amp; M4_spin_reels_symbols[2].contains("WILD_Double") || M4_spin_reels_symbols[4].contains("WILD_Triple")): null

2019-08-24 12:47:35 - [TEST_STEP][PASSED] - free_spin_reel_counter = free_spin_reel_counter: null

2019-08-24 12:47:35 - [TEST_STEP][PASSED] - M4_spin_reels_symbols = M4_spin_reels_symbols: null

2019-08-24 12:47:35 - [TEST_STEP][PASSED] - M4_total_bonus_spins = M4_total_bonus_spins: null

2019-08-24 12:47:35 - [TEST_STEP][PASSED] - spin_result = sendRequestAndVerify(findTestObject("INT/RGS(M4)/1_M4_spin", ["M4_login_user_id":M4_login_user_id, "rgs_session_token":rgs_session_token, "partner":Partner])): Send request and verify the response successfully

2019-08-24 12:47:36 - [MESSAGE][INFO] - HAR: /Users/eiralee/Katalon_Script/SuperWild/Reports/20190824_124242/INT/superWild_4/20190824_124242/requests/main/91.har

2019-08-24 12:47:36 - [TEST_CASE][PASSED] - Start Test Case : Verification: Verification accomplished successfully

2019-08-24 12:47:36 - [TEST_STEP][PASSED] - request = getInstance().getCurrentRequest(): null

2019-08-24 12:47:36 - [TEST_STEP][PASSED] - response = getInstance().getCurrentResponse(): null

2019-08-24 12:47:36 - [TEST_STEP][PASSED] - verifyResponseStatusCode(response, 200): Verify response status code successfully

2019-08-24 12:47:36 - [MESSAGE][PASSED] - Verify response status code successfully

2019-08-24 12:47:36 - [TEST_STEP][PASSED] - getStatusCode()).isEqualTo(200): null

2019-08-24 12:47:36 - [TEST_STEP][PASSED] - newline = System.getProperty("line.separator"): null

2019-08-24 12:47:36 - [TEST_STEP][PASSED] - M4_spin = new groovy.json.JsonSlurper(): null

2019-08-24 12:47:36 - [TEST_STEP][PASSED] - result_M4_spin = M4_spin.parseText(response.getResponseBodyContent()): null

2019-08-24 12:47:36 - [TEST_STEP][PASSED] - M4_spin_current_balance = current_balance: null

2019-08-24 12:47:36 - [TEST_STEP][PASSED] - M4_spin_current_balance = M4_spin_current_balance: null

2019-08-24 12:47:36 - [TEST_STEP][PASSED] - M4_spin_transaction_id = causality: null

2019-08-24 12:47:36 - [TEST_STEP][PASSED] - M4_spin_transaction_id = M4_spin_transaction_id: null

2019-08-24 12:47:36 - [TEST_STEP][PASSED] - M4_spin_round_id = round_id: null

2019-08-24 12:47:36 - [TEST_STEP][PASSED] - M4_spin_round_id = M4_spin_round_id: null

2019-08-24 12:47:36 - [TEST_STEP][PASSED] - M4_spin_line_wins = line_wins: null

2019-08-24 12:47:36 - [TEST_STEP][PASSED] - M4_spin_line_wins = M4_spin_line_wins: null

2019-08-24 12:47:36 - [TEST_STEP][PASSED] - M4_total_bonus_spins_int = total_bonus_spins: null

2019-08-24 12:47:36 - [TEST_STEP][PASSED] - println("******M4_total_bonus_spins type is:*******" + newline + getClass().getName()): null

2019-08-24 12:47:36 - [TEST_STEP][PASSED] - M4_total_bonus_spins_int = M4_total_bonus_spins_int: null

2019-08-24 12:47:36 - [TEST_STEP][PASSED] - M4_total_bonus_spins = Integer.toString(M4_total_bonus_spins_int): null

2019-08-24 12:47:36 - [TEST_STEP][PASSED] - M4_total_bonus_spins = M4_total_bonus_spins: null

2019-08-24 12:47:36 - [TEST_STEP][PASSED] - println("M4_total_bonus_spins is:" + M4_total_bonus_spins): null

2019-08-24 12:47:36 - [TEST_STEP][PASSED] - M4_spin_bonus_data = bonus_data: null

2019-08-24 12:47:36 - [TEST_STEP][PASSED] - M4_spin_features_triggered = result_M4_spin: null

2019-08-24 12:47:36 - [TEST_STEP][PASSED] - wild = []: null

2019-08-24 12:47:36 - [TEST_STEP][PASSED] - wild[0] = "WILD_Expanding": null

2019-08-24 12:47:36 - [TEST_STEP][PASSED] - wild[1] = "WILD_Normal": null

2019-08-24 12:47:36 - [TEST_STEP][PASSED] - wild[2] = "WILD_Double": null

2019-08-24 12:47:36 - [TEST_STEP][PASSED] - wild[3] = "WILD_ExtraFG": null

2019-08-24 12:47:36 - [TEST_STEP][PASSED] - wild[4] = "WILD_Triple": null

2019-08-24 12:47:36 - [TEST_STEP][PASSED] - wildList = Arrays.asList(wild): null

2019-08-24 12:47:36 - [TEST_STEP][PASSED] - wildList = wildList: null

2019-08-24 12:47:36 - [TEST_STEP][PASSED] - free_spin_reel_counter = []: null

2019-08-24 12:47:36 - [TEST_STEP][PASSED] - free_spin_reel_counter[0] = 0: null

2019-08-24 12:47:36 - [TEST_STEP][PASSED] - free_spin_reel_counter[1] = 0: null

2019-08-24 12:47:36 - [TEST_STEP][PASSED] - free_spin_reel_counter[2] = 0: null

2019-08-24 12:47:36 - [TEST_STEP][PASSED] - M4_spin_reels = reels: null

2019-08-24 12:47:36 - [TEST_STEP][PASSED] - for ([i = 0, i &lt; M4_spin_reels.size(), (i++)]): null

2019-08-24 12:47:36 - [TEST_STEP][PASSED] - symbols = symbols: null

2019-08-24 12:47:36 - [TEST_STEP][PASSED] - for ([j = 0, j &lt; symbols.size(), (j++)]): null

2019-08-24 12:47:36 - [TEST_STEP][PASSED] - symbol = symbol: null

2019-08-24 12:47:36 - [TEST_STEP][PASSED] - println(symbol): null

2019-08-24 12:47:36 - [TEST_STEP][PASSED] - if (i == 2 &amp;&amp; wildList.indexOf(symbol) != -1): null

2019-08-24 12:47:36 - [TEST_STEP][PASSED] - if (i == 3 &amp;&amp; wildList.indexOf(symbol) != -1): null

2019-08-24 12:47:36 - [TEST_STEP][PASSED] - if (i == 4 &amp;&amp; wildList.indexOf(symbol) != -1): null

2019-08-24 12:47:36 - [TEST_STEP][PASSED] - symbol = symbol: null

2019-08-24 12:47:36 - [TEST_STEP][PASSED] - println(symbol): null

2019-08-24 12:47:36 - [TEST_STEP][PASSED] - if (i == 2 &amp;&amp; wildList.indexOf(symbol) != -1): null

2019-08-24 12:47:36 - [TEST_STEP][PASSED] - if (i == 3 &amp;&amp; wildList.indexOf(symbol) != -1): null

2019-08-24 12:47:36 - [TEST_STEP][PASSED] - if (i == 4 &amp;&amp; wildList.indexOf(symbol) != -1): null

2019-08-24 12:47:36 - [TEST_STEP][PASSED] - symbol = symbol: null

2019-08-24 12:47:36 - [TEST_STEP][PASSED] - println(symbol): null

2019-08-24 12:47:36 - [TEST_STEP][PASSED] - if (i == 2 &amp;&amp; wildList.indexOf(symbol) != -1): null

2019-08-24 12:47:36 - [TEST_STEP][PASSED] - if (i == 3 &amp;&amp; wildList.indexOf(symbol) != -1): null

2019-08-24 12:47:36 - [TEST_STEP][PASSED] - if (i == 4 &amp;&amp; wildList.indexOf(symbol) != -1): null

2019-08-24 12:47:36 - [TEST_STEP][PASSED] - symbols = symbols: null

2019-08-24 12:47:36 - [TEST_STEP][PASSED] - for ([j = 0, j &lt; symbols.size(), (j++)]): null

2019-08-24 12:47:36 - [TEST_STEP][PASSED] - symbol = symbol: null

2019-08-24 12:47:36 - [TEST_STEP][PASSED] - println(symbol): null

2019-08-24 12:47:36 - [TEST_STEP][PASSED] - if (i == 2 &amp;&amp; wildList.indexOf(symbol) != -1): null

2019-08-24 12:47:36 - [TEST_STEP][PASSED] - if (i == 3 &amp;&amp; wildList.indexOf(symbol) != -1): null

2019-08-24 12:47:36 - [TEST_STEP][PASSED] - if (i == 4 &amp;&amp; wildList.indexOf(symbol) != -1): null

2019-08-24 12:47:36 - [TEST_STEP][PASSED] - symbol = symbol: null

2019-08-24 12:47:36 - [TEST_STEP][PASSED] - println(symbol): null

2019-08-24 12:47:36 - [TEST_STEP][PASSED] - if (i == 2 &amp;&amp; wildList.indexOf(symbol) != -1): null

2019-08-24 12:47:36 - [TEST_STEP][PASSED] - if (i == 3 &amp;&amp; wildList.indexOf(symbol) != -1): null

2019-08-24 12:47:36 - [TEST_STEP][PASSED] - if (i == 4 &amp;&amp; wildList.indexOf(symbol) != -1): null

2019-08-24 12:47:36 - [TEST_STEP][PASSED] - symbol = symbol: null

2019-08-24 12:47:36 - [TEST_STEP][PASSED] - println(symbol): null

2019-08-24 12:47:36 - [TEST_STEP][PASSED] - if (i == 2 &amp;&amp; wildList.indexOf(symbol) != -1): null

2019-08-24 12:47:36 - [TEST_STEP][PASSED] - if (i == 3 &amp;&amp; wildList.indexOf(symbol) != -1): null

2019-08-24 12:47:36 - [TEST_STEP][PASSED] - if (i == 4 &amp;&amp; wildList.indexOf(symbol) != -1): null

2019-08-24 12:47:36 - [TEST_STEP][PASSED] - symbols = symbols: null

2019-08-24 12:47:36 - [TEST_STEP][PASSED] - for ([j = 0, j &lt; symbols.size(), (j++)]): null

2019-08-24 12:47:36 - [TEST_STEP][PASSED] - symbol = symbol: null

2019-08-24 12:47:36 - [TEST_STEP][PASSED] - println(symbol): null

2019-08-24 12:47:36 - [TEST_STEP][PASSED] - if (i == 2 &amp;&amp; wildList.indexOf(symbol) != -1): null

2019-08-24 12:47:36 - [TEST_STEP][PASSED] - if (i == 3 &amp;&amp; wildList.indexOf(symbol) != -1): null

2019-08-24 12:47:36 - [TEST_STEP][PASSED] - if (i == 4 &amp;&amp; wildList.indexOf(symbol) != -1): null

2019-08-24 12:47:36 - [TEST_STEP][PASSED] - symbol = symbol: null

2019-08-24 12:47:36 - [TEST_STEP][PASSED] - println(symbol): null

2019-08-24 12:47:36 - [TEST_STEP][PASSED] - if (i == 2 &amp;&amp; wildList.indexOf(symbol) != -1): null

2019-08-24 12:47:36 - [TEST_STEP][PASSED] - if (i == 3 &amp;&amp; wildList.indexOf(symbol) != -1): null

2019-08-24 12:47:36 - [TEST_STEP][PASSED] - if (i == 4 &amp;&amp; wildList.indexOf(symbol) != -1): null

2019-08-24 12:47:36 - [TEST_STEP][PASSED] - symbol = symbol: null

2019-08-24 12:47:36 - [TEST_STEP][PASSED] - println(symbol): null

2019-08-24 12:47:36 - [TEST_STEP][PASSED] - if (i == 2 &amp;&amp; wildList.indexOf(symbol) != -1): null

2019-08-24 12:47:36 - [TEST_STEP][PASSED] - if (i == 3 &amp;&amp; wildList.indexOf(symbol) != -1): null

2019-08-24 12:47:36 - [TEST_STEP][PASSED] - if (i == 4 &amp;&amp; wildList.indexOf(symbol) != -1): null

2019-08-24 12:47:36 - [TEST_STEP][PASSED] - symbols = symbols: null

2019-08-24 12:47:36 - [TEST_STEP][PASSED] - for ([j = 0, j &lt; symbols.size(), (j++)]): null

2019-08-24 12:47:36 - [TEST_STEP][PASSED] - symbol = symbol: null

2019-08-24 12:47:36 - [TEST_STEP][PASSED] - println(symbol): null

2019-08-24 12:47:36 - [TEST_STEP][PASSED] - if (i == 2 &amp;&amp; wildList.indexOf(symbol) != -1): null

2019-08-24 12:47:36 - [TEST_STEP][PASSED] - if (i == 3 &amp;&amp; wildList.indexOf(symbol) != -1): null

2019-08-24 12:47:44 - [TEST_STEP][PASSED] - if (i == 4 &amp;&amp; wildList.indexOf(symbol) != -1): null

2019-08-24 12:47:44 - [TEST_STEP][PASSED] - symbol = symbol: null

2019-08-24 12:47:45 - [TEST_STEP][PASSED] - println(symbol): null

2019-08-24 12:47:45 - [TEST_STEP][PASSED] - if (i == 2 &amp;&amp; wildList.indexOf(symbol) != -1): null

2019-08-24 12:47:45 - [TEST_STEP][PASSED] - if (i == 3 &amp;&amp; wildList.indexOf(symbol) != -1): null

2019-08-24 12:47:50 - [TEST_STEP][PASSED] - if (i == 4 &amp;&amp; wildList.indexOf(symbol) != -1): null

2019-08-24 12:47:50 - [TEST_STEP][PASSED] - symbol = symbol: null

2019-08-24 12:47:50 - [TEST_STEP][PASSED] - println(symbol): null

2019-08-24 12:47:50 - [TEST_STEP][PASSED] - if (i == 2 &amp;&amp; wildList.indexOf(symbol) != -1): null

2019-08-24 12:47:50 - [TEST_STEP][PASSED] - if (i == 3 &amp;&amp; wildList.indexOf(symbol) != -1): null

2019-08-24 12:47:50 - [TEST_STEP][PASSED] - if (i == 4 &amp;&amp; wildList.indexOf(symbol) != -1): null

2019-08-24 12:47:50 - [TEST_STEP][PASSED] - symbols = symbols: null

2019-08-24 12:47:50 - [TEST_STEP][PASSED] - for ([j = 0, j &lt; symbols.size(), (j++)]): null

2019-08-24 12:47:50 - [TEST_STEP][PASSED] - symbol = symbol: null

2019-08-24 12:47:50 - [TEST_STEP][PASSED] - println(symbol): null

2019-08-24 12:47:50 - [TEST_STEP][PASSED] - if (i == 2 &amp;&amp; wildList.indexOf(symbol) != -1): null

2019-08-24 12:47:50 - [TEST_STEP][PASSED] - if (i == 3 &amp;&amp; wildList.indexOf(symbol) != -1): null

2019-08-24 12:47:50 - [TEST_STEP][PASSED] - if (i == 4 &amp;&amp; wildList.indexOf(symbol) != -1): null

2019-08-24 12:47:50 - [TEST_STEP][PASSED] - symbol = symbol: null

2019-08-24 12:47:50 - [TEST_STEP][PASSED] - println(symbol): null

2019-08-24 12:47:50 - [TEST_STEP][PASSED] - if (i == 2 &amp;&amp; wildList.indexOf(symbol) != -1): null

2019-08-24 12:47:50 - [TEST_STEP][PASSED] - if (i == 3 &amp;&amp; wildList.indexOf(symbol) != -1): null

2019-08-24 12:47:50 - [TEST_STEP][PASSED] - if (i == 4 &amp;&amp; wildList.indexOf(symbol) != -1): null

2019-08-24 12:47:50 - [TEST_STEP][PASSED] - symbol = symbol: null

2019-08-24 12:47:50 - [TEST_STEP][PASSED] - println(symbol): null

2019-08-24 12:47:50 - [TEST_STEP][PASSED] - if (i == 2 &amp;&amp; wildList.indexOf(symbol) != -1): null

2019-08-24 12:47:50 - [TEST_STEP][PASSED] - if (i == 3 &amp;&amp; wildList.indexOf(symbol) != -1): null

2019-08-24 12:47:50 - [TEST_STEP][PASSED] - if (i == 4 &amp;&amp; wildList.indexOf(symbol) != -1): null

2019-08-24 12:47:50 - [TEST_STEP][PASSED] - free_spin_reel_counter = free_spin_reel_counter: null

2019-08-24 12:47:50 - [TEST_STEP][PASSED] - println("reel 3 wild found: " + free_spin_reel_counter[0]): null

2019-08-24 12:47:50 - [TEST_STEP][PASSED] - println("reel 4 wild found: " + free_spin_reel_counter[1]): null

2019-08-24 12:47:50 - [TEST_STEP][PASSED] - println("reel 5 wild found: " + free_spin_reel_counter[2]): null

2019-08-24 12:47:50 - [TEST_STEP][PASSED] - M4_spin_reels = M4_spin_reels: null

2019-08-24 12:47:50 - [TEST_STEP][PASSED] - M4_spin_reels_symbols = symbol: null

2019-08-24 12:47:50 - [TEST_STEP][PASSED] - M4_spin_reels_symbols = M4_spin_reels_symbols: null

2019-08-24 12:47:50 - [TEST_STEP][PASSED] - M4_spin_reel_wins = reel_wins: null

2019-08-24 12:47:50 - [TEST_STEP][PASSED] - M4_spin_reel_wins = M4_spin_reel_wins: null

2019-08-24 12:47:50 - [TEST_STEP][PASSED] - println("GlobalVariable.M4_spin_reel_wins is: " + M4_spin_reel_wins): null

2019-08-24 12:47:50 - [TEST_STEP][PASSED] - M4_spin_total_bonus_win_this_round = total_bonus_win_this_round: null

2019-08-24 12:47:50 - [TEST_STEP][PASSED] - M4_spin_total_bonus_win_this_round = M4_spin_total_bonus_win_this_round: null

2019-08-24 12:47:50 - [TEST_STEP][PASSED] - println("GlobalVariable.M4_spin_total_bonus_win_this_round is: " + M4_spin_total_bonus_win_this_round): null

2019-08-24 12:47:50 - [TEST_STEP][PASSED] - M4_spin_bonus_spin_result = spin_result: null

2019-08-24 12:47:50 - [TEST_STEP][PASSED] - M4_spin_bonus_spin_result = M4_spin_bonus_spin_result: null

2019-08-24 12:47:50 - [MESSAGE][PASSED] - Verify response successfully

2019-08-24 12:47:50 - [MESSAGE][PASSED] - Send request and verify the response successfully

2019-08-24 12:47:50 - [TEST_STEP][PASSED] - if (M4_total_bonus_spins_int != 0 &amp;&amp; M4_spin_reels_symbols[2].contains("WILD_Double") || M4_spin_reels_symbols[4].contains("WILD_Triple")): null

2019-08-24 12:47:50 - [TEST_STEP][PASSED] - free_spin_reel_counter = free_spin_reel_counter: null

2019-08-24 12:47:50 - [TEST_STEP][PASSED] - M4_spin_reels_symbols = M4_spin_reels_symbols: null

2019-08-24 12:47:50 - [TEST_STEP][PASSED] - M4_total_bonus_spins = M4_total_bonus_spins: null

2019-08-24 12:47:50 - [TEST_STEP][PASSED] - spin_result = sendRequestAndVerify(findTestObject("INT/RGS(M4)/1_M4_spin", ["M4_login_user_id":M4_login_user_id, "rgs_session_token":rgs_session_token, "partner":Partner])): Send request and verify the response successfully

2019-08-24 12:47:50 - [MESSAGE][INFO] - HAR: /Users/eiralee/Katalon_Script/SuperWild/Reports/20190824_124242/INT/superWild_4/20190824_124242/requests/main/92.har

2019-08-24 12:47:50 - [TEST_CASE][PASSED] - Start Test Case : Verification: Verification accomplished successfully

2019-08-24 12:47:50 - [TEST_STEP][PASSED] - request = getInstance().getCurrentRequest(): null

2019-08-24 12:47:50 - [TEST_STEP][PASSED] - response = getInstance().getCurrentResponse(): null

2019-08-24 12:47:50 - [TEST_STEP][PASSED] - verifyResponseStatusCode(response, 200): Verify response status code successfully

2019-08-24 12:47:50 - [MESSAGE][PASSED] - Verify response status code successfully

2019-08-24 12:47:50 - [TEST_STEP][PASSED] - getStatusCode()).isEqualTo(200): null

2019-08-24 12:47:50 - [TEST_STEP][PASSED] - newline = System.getProperty("line.separator"): null

2019-08-24 12:47:50 - [TEST_STEP][PASSED] - M4_spin = new groovy.json.JsonSlurper(): null

2019-08-24 12:47:50 - [TEST_STEP][PASSED] - result_M4_spin = M4_spin.parseText(response.getResponseBodyContent()): null

2019-08-24 12:47:50 - [TEST_STEP][PASSED] - M4_spin_current_balance = current_balance: null

2019-08-24 12:47:50 - [TEST_STEP][PASSED] - M4_spin_current_balance = M4_spin_current_balance: null

2019-08-24 12:47:50 - [TEST_STEP][PASSED] - M4_spin_transaction_id = causality: null

2019-08-24 12:47:50 - [TEST_STEP][PASSED] - M4_spin_transaction_id = M4_spin_transaction_id: null

2019-08-24 12:47:50 - [TEST_STEP][PASSED] - M4_spin_round_id = round_id: null

2019-08-24 12:47:50 - [TEST_STEP][PASSED] - M4_spin_round_id = M4_spin_round_id: null

2019-08-24 12:47:50 - [TEST_STEP][PASSED] - M4_spin_line_wins = line_wins: null

2019-08-24 12:47:50 - [TEST_STEP][PASSED] - M4_spin_line_wins = M4_spin_line_wins: null

2019-08-24 12:47:50 - [TEST_STEP][PASSED] - M4_total_bonus_spins_int = total_bonus_spins: null

2019-08-24 12:47:50 - [TEST_STEP][PASSED] - println("******M4_total_bonus_spins type is:*******" + newline + getClass().getName()): null

2019-08-24 12:47:50 - [TEST_STEP][PASSED] - M4_total_bonus_spins_int = M4_total_bonus_spins_int: null

2019-08-24 12:47:50 - [TEST_STEP][PASSED] - M4_total_bonus_spins = Integer.toString(M4_total_bonus_spins_int): null

2019-08-24 12:47:50 - [TEST_STEP][PASSED] - M4_total_bonus_spins = M4_total_bonus_spins: null

2019-08-24 12:47:50 - [TEST_STEP][PASSED] - println("M4_total_bonus_spins is:" + M4_total_bonus_spins): null

2019-08-24 12:47:50 - [TEST_STEP][PASSED] - M4_spin_bonus_data = bonus_data: null

2019-08-24 12:47:50 - [TEST_STEP][PASSED] - M4_spin_features_triggered = result_M4_spin: null

2019-08-24 12:47:50 - [TEST_STEP][PASSED] - wild = []: null

2019-08-24 12:47:50 - [TEST_STEP][PASSED] - wild[0] = "WILD_Expanding": null

2019-08-24 12:47:50 - [TEST_STEP][PASSED] - wild[1] = "WILD_Normal": null

2019-08-24 12:47:50 - [TEST_STEP][PASSED] - wild[2] = "WILD_Double": null

2019-08-24 12:47:50 - [TEST_STEP][PASSED] - wild[3] = "WILD_ExtraFG": null

2019-08-24 12:47:50 - [TEST_STEP][PASSED] - wild[4] = "WILD_Triple": null

2019-08-24 12:47:50 - [TEST_STEP][PASSED] - wildList = Arrays.asList(wild): null

2019-08-24 12:47:50 - [TEST_STEP][PASSED] - wildList = wildList: null

2019-08-24 12:47:50 - [TEST_STEP][PASSED] - free_spin_reel_counter = []: null

2019-08-24 12:47:50 - [TEST_STEP][PASSED] - free_spin_reel_counter[0] = 0: null

2019-08-24 12:47:50 - [TEST_STEP][PASSED] - free_spin_reel_counter[1] = 0: null

2019-08-24 12:47:50 - [TEST_STEP][PASSED] - free_spin_reel_counter[2] = 0: null

2019-08-24 12:47:50 - [TEST_STEP][PASSED] - M4_spin_reels = reels: null

2019-08-24 12:47:50 - [TEST_STEP][PASSED] - for ([i = 0, i &lt; M4_spin_reels.size(), (i++)]): null

2019-08-24 12:47:50 - [TEST_STEP][PASSED] - symbols = symbols: null

2019-08-24 12:47:50 - [TEST_STEP][PASSED] - for ([j = 0, j &lt; symbols.size(), (j++)]): null

2019-08-24 12:47:50 - [TEST_STEP][PASSED] - symbol = symbol: null

2019-08-24 12:47:50 - [TEST_STEP][PASSED] - println(symbol): null

2019-08-24 12:47:50 - [TEST_STEP][PASSED] - if (i == 2 &amp;&amp; wildList.indexOf(symbol) != -1): null

2019-08-24 12:47:50 - [TEST_STEP][PASSED] - if (i == 3 &amp;&amp; wildList.indexOf(symbol) != -1): null

2019-08-24 12:47:50 - [TEST_STEP][PASSED] - if (i == 4 &amp;&amp; wildList.indexOf(symbol) != -1): null

2019-08-24 12:47:50 - [TEST_STEP][PASSED] - symbol = symbol: null

2019-08-24 12:47:50 - [TEST_STEP][PASSED] - println(symbol): null

2019-08-24 12:47:50 - [TEST_STEP][PASSED] - if (i == 2 &amp;&amp; wildList.indexOf(symbol) != -1): null

2019-08-24 12:47:50 - [TEST_STEP][PASSED] - if (i == 3 &amp;&amp; wildList.indexOf(symbol) != -1): null

2019-08-24 12:47:50 - [TEST_STEP][PASSED] - if (i == 4 &amp;&amp; wildList.indexOf(symbol) != -1): null

2019-08-24 12:47:50 - [TEST_STEP][PASSED] - symbol = symbol: null

2019-08-24 12:47:50 - [TEST_STEP][PASSED] - println(symbol): null

2019-08-24 12:47:50 - [TEST_STEP][PASSED] - if (i == 2 &amp;&amp; wildList.indexOf(symbol) != -1): null

2019-08-24 12:47:50 - [TEST_STEP][PASSED] - if (i == 3 &amp;&amp; wildList.indexOf(symbol) != -1): null

2019-08-24 12:47:50 - [TEST_STEP][PASSED] - if (i == 4 &amp;&amp; wildList.indexOf(symbol) != -1): null

2019-08-24 12:47:50 - [TEST_STEP][PASSED] - symbols = symbols: null

2019-08-24 12:47:50 - [TEST_STEP][PASSED] - for ([j = 0, j &lt; symbols.size(), (j++)]): null

2019-08-24 12:47:50 - [TEST_STEP][PASSED] - symbol = symbol: null

2019-08-24 12:47:50 - [TEST_STEP][PASSED] - println(symbol): null

2019-08-24 12:47:50 - [TEST_STEP][PASSED] - if (i == 2 &amp;&amp; wildList.indexOf(symbol) != -1): null

2019-08-24 12:47:50 - [TEST_STEP][PASSED] - if (i == 3 &amp;&amp; wildList.indexOf(symbol) != -1): null

2019-08-24 12:47:50 - [TEST_STEP][PASSED] - if (i == 4 &amp;&amp; wildList.indexOf(symbol) != -1): null

2019-08-24 12:47:50 - [TEST_STEP][PASSED] - symbol = symbol: null

2019-08-24 12:47:50 - [TEST_STEP][PASSED] - println(symbol): null

2019-08-24 12:47:50 - [TEST_STEP][PASSED] - if (i == 2 &amp;&amp; wildList.indexOf(symbol) != -1): null

2019-08-24 12:47:50 - [TEST_STEP][PASSED] - if (i == 3 &amp;&amp; wildList.indexOf(symbol) != -1): null

2019-08-24 12:47:50 - [TEST_STEP][PASSED] - if (i == 4 &amp;&amp; wildList.indexOf(symbol) != -1): null

2019-08-24 12:47:50 - [TEST_STEP][PASSED] - symbol = symbol: null

2019-08-24 12:47:50 - [TEST_STEP][PASSED] - println(symbol): null

2019-08-24 12:47:50 - [TEST_STEP][PASSED] - if (i == 2 &amp;&amp; wildList.indexOf(symbol) != -1): null

2019-08-24 12:47:50 - [TEST_STEP][PASSED] - if (i == 3 &amp;&amp; wildList.indexOf(symbol) != -1): null

2019-08-24 12:47:50 - [TEST_STEP][PASSED] - if (i == 4 &amp;&amp; wildList.indexOf(symbol) != -1): null

2019-08-24 12:47:50 - [TEST_STEP][PASSED] - symbols = symbols: null

2019-08-24 12:47:50 - [TEST_STEP][PASSED] - for ([j = 0, j &lt; symbols.size(), (j++)]): null

2019-08-24 12:47:50 - [TEST_STEP][PASSED] - symbol = symbol: null

2019-08-24 12:47:50 - [TEST_STEP][PASSED] - println(symbol): null

2019-08-24 12:47:50 - [TEST_STEP][PASSED] - if (i == 2 &amp;&amp; wildList.indexOf(symbol) != -1): null

2019-08-24 12:47:50 - [TEST_STEP][PASSED] - if (i == 3 &amp;&amp; wildList.indexOf(symbol) != -1): null

2019-08-24 12:47:50 - [TEST_STEP][PASSED] - if (i == 4 &amp;&amp; wildList.indexOf(symbol) != -1): null

2019-08-24 12:47:50 - [TEST_STEP][PASSED] - symbol = symbol: null

2019-08-24 12:47:50 - [TEST_STEP][PASSED] - println(symbol): null

2019-08-24 12:47:50 - [TEST_STEP][PASSED] - if (i == 2 &amp;&amp; wildList.indexOf(symbol) != -1): null

2019-08-24 12:47:50 - [TEST_STEP][PASSED] - if (i == 3 &amp;&amp; wildList.indexOf(symbol) != -1): null

2019-08-24 12:47:50 - [TEST_STEP][PASSED] - if (i == 4 &amp;&amp; wildList.indexOf(symbol) != -1): null

2019-08-24 12:47:50 - [TEST_STEP][PASSED] - symbol = symbol: null

2019-08-24 12:47:50 - [TEST_STEP][PASSED] - println(symbol): null

2019-08-24 12:47:50 - [TEST_STEP][PASSED] - if (i == 2 &amp;&amp; wildList.indexOf(symbol) != -1): null

2019-08-24 12:47:50 - [TEST_STEP][PASSED] - if (i == 3 &amp;&amp; wildList.indexOf(symbol) != -1): null

2019-08-24 12:47:50 - [TEST_STEP][PASSED] - if (i == 4 &amp;&amp; wildList.indexOf(symbol) != -1): null

2019-08-24 12:47:50 - [TEST_STEP][PASSED] - symbols = symbols: null

2019-08-24 12:47:50 - [TEST_STEP][PASSED] - for ([j = 0, j &lt; symbols.size(), (j++)]): null

2019-08-24 12:47:50 - [TEST_STEP][PASSED] - symbol = symbol: null

2019-08-24 12:47:50 - [TEST_STEP][PASSED] - println(symbol): null

2019-08-24 12:47:50 - [TEST_STEP][PASSED] - if (i == 2 &amp;&amp; wildList.indexOf(symbol) != -1): null

2019-08-24 12:47:50 - [TEST_STEP][PASSED] - if (i == 3 &amp;&amp; wildList.indexOf(symbol) != -1): null

2019-08-24 12:47:50 - [TEST_STEP][PASSED] - if (i == 4 &amp;&amp; wildList.indexOf(symbol) != -1): null

2019-08-24 12:47:50 - [TEST_STEP][PASSED] - symbol = symbol: null

2019-08-24 12:47:50 - [TEST_STEP][PASSED] - println(symbol): null

2019-08-24 12:47:50 - [TEST_STEP][PASSED] - if (i == 2 &amp;&amp; wildList.indexOf(symbol) != -1): null

2019-08-24 12:47:50 - [TEST_STEP][PASSED] - if (i == 3 &amp;&amp; wildList.indexOf(symbol) != -1): null

2019-08-24 12:47:50 - [TEST_STEP][PASSED] - println("wild found on reel 4, adding counter by 1"): null

2019-08-24 12:47:50 - [TEST_STEP][PASSED] - free_spin_reel_counter[1] = free_spin_reel_counter[1] + 1: null

2019-08-24 12:47:50 - [TEST_STEP][PASSED] - if (i == 4 &amp;&amp; wildList.indexOf(symbol) != -1): null

2019-08-24 12:47:50 - [TEST_STEP][PASSED] - symbol = symbol: null

2019-08-24 12:47:50 - [TEST_STEP][PASSED] - println(symbol): null

2019-08-24 12:47:50 - [TEST_STEP][PASSED] - if (i == 2 &amp;&amp; wildList.indexOf(symbol) != -1): null

2019-08-24 12:47:50 - [TEST_STEP][PASSED] - if (i == 3 &amp;&amp; wildList.indexOf(symbol) != -1): null

2019-08-24 12:47:50 - [TEST_STEP][PASSED] - if (i == 4 &amp;&amp; wildList.indexOf(symbol) != -1): null

2019-08-24 12:47:50 - [TEST_STEP][PASSED] - symbols = symbols: null

2019-08-24 12:47:50 - [TEST_STEP][PASSED] - for ([j = 0, j &lt; symbols.size(), (j++)]): null

2019-08-24 12:47:50 - [TEST_STEP][PASSED] - symbol = symbol: null

2019-08-24 12:47:50 - [TEST_STEP][PASSED] - println(symbol): null

2019-08-24 12:47:50 - [TEST_STEP][PASSED] - if (i == 2 &amp;&amp; wildList.indexOf(symbol) != -1): null

2019-08-24 12:47:50 - [TEST_STEP][PASSED] - if (i == 3 &amp;&amp; wildList.indexOf(symbol) != -1): null

2019-08-24 12:47:50 - [TEST_STEP][PASSED] - if (i == 4 &amp;&amp; wildList.indexOf(symbol) != -1): null

2019-08-24 12:47:50 - [TEST_STEP][PASSED] - symbol = symbol: null

2019-08-24 12:47:50 - [TEST_STEP][PASSED] - println(symbol): null

2019-08-24 12:47:50 - [TEST_STEP][PASSED] - if (i == 2 &amp;&amp; wildList.indexOf(symbol) != -1): null

2019-08-24 12:47:50 - [TEST_STEP][PASSED] - if (i == 3 &amp;&amp; wildList.indexOf(symbol) != -1): null

2019-08-24 12:47:50 - [TEST_STEP][PASSED] - if (i == 4 &amp;&amp; wildList.indexOf(symbol) != -1): null

2019-08-24 12:47:50 - [TEST_STEP][PASSED] - symbol = symbol: null

2019-08-24 12:47:50 - [TEST_STEP][PASSED] - println(symbol): null

2019-08-24 12:47:50 - [TEST_STEP][PASSED] - if (i == 2 &amp;&amp; wildList.indexOf(symbol) != -1): null

2019-08-24 12:47:50 - [TEST_STEP][PASSED] - if (i == 3 &amp;&amp; wildList.indexOf(symbol) != -1): null

2019-08-24 12:47:50 - [TEST_STEP][PASSED] - if (i == 4 &amp;&amp; wildList.indexOf(symbol) != -1): null

2019-08-24 12:47:50 - [TEST_STEP][PASSED] - free_spin_reel_counter = free_spin_reel_counter: null

2019-08-24 12:47:50 - [TEST_STEP][PASSED] - println("reel 3 wild found: " + free_spin_reel_counter[0]): null

2019-08-24 12:47:50 - [TEST_STEP][PASSED] - println("reel 4 wild found: " + free_spin_reel_counter[1]): null

2019-08-24 12:47:50 - [TEST_STEP][PASSED] - println("reel 5 wild found: " + free_spin_reel_counter[2]): null

2019-08-24 12:47:50 - [TEST_STEP][PASSED] - M4_spin_reels = M4_spin_reels: null

2019-08-24 12:47:50 - [TEST_STEP][PASSED] - M4_spin_reels_symbols = symbol: null

2019-08-24 12:47:50 - [TEST_STEP][PASSED] - M4_spin_reels_symbols = M4_spin_reels_symbols: null

2019-08-24 12:47:50 - [TEST_STEP][PASSED] - M4_spin_reel_wins = reel_wins: null

2019-08-24 12:47:50 - [TEST_STEP][PASSED] - M4_spin_reel_wins = M4_spin_reel_wins: null

2019-08-24 12:47:50 - [TEST_STEP][PASSED] - println("GlobalVariable.M4_spin_reel_wins is: " + M4_spin_reel_wins): null

2019-08-24 12:47:50 - [TEST_STEP][PASSED] - M4_spin_total_bonus_win_this_round = total_bonus_win_this_round: null

2019-08-24 12:47:50 - [TEST_STEP][PASSED] - M4_spin_total_bonus_win_this_round = M4_spin_total_bonus_win_this_round: null

2019-08-24 12:47:50 - [TEST_STEP][PASSED] - println("GlobalVariable.M4_spin_total_bonus_win_this_round is: " + M4_spin_total_bonus_win_this_round): null

2019-08-24 12:47:50 - [TEST_STEP][PASSED] - M4_spin_bonus_spin_result = spin_result: null

2019-08-24 12:47:50 - [TEST_STEP][PASSED] - M4_spin_bonus_spin_result = M4_spin_bonus_spin_result: null

2019-08-24 12:47:50 - [MESSAGE][PASSED] - Verify response successfully

2019-08-24 12:47:50 - [MESSAGE][PASSED] - Send request and verify the response successfully

2019-08-24 12:47:50 - [TEST_STEP][PASSED] - if (M4_total_bonus_spins_int != 0 &amp;&amp; M4_spin_reels_symbols[2].contains("WILD_Double") || M4_spin_reels_symbols[4].contains("WILD_Triple")): null

2019-08-24 12:47:50 - [TEST_STEP][PASSED] - free_spin_reel_counter = free_spin_reel_counter: null

2019-08-24 12:47:50 - [TEST_STEP][PASSED] - M4_spin_reels_symbols = M4_spin_reels_symbols: null

2019-08-24 12:47:50 - [TEST_STEP][PASSED] - M4_total_bonus_spins = M4_total_bonus_spins: null

2019-08-24 12:47:50 - [TEST_STEP][PASSED] - spin_result = sendRequestAndVerify(findTestObject("INT/RGS(M4)/1_M4_spin", ["M4_login_user_id":M4_login_user_id, "rgs_session_token":rgs_session_token, "partner":Partner])): Send request and verify the response successfully

2019-08-24 12:47:51 - [MESSAGE][INFO] - HAR: /Users/eiralee/Katalon_Script/SuperWild/Reports/20190824_124242/INT/superWild_4/20190824_124242/requests/main/93.har

2019-08-24 12:47:51 - [TEST_CASE][PASSED] - Start Test Case : Verification: Verification accomplished successfully

2019-08-24 12:47:51 - [TEST_STEP][PASSED] - request = getInstance().getCurrentRequest(): null

2019-08-24 12:47:51 - [TEST_STEP][PASSED] - response = getInstance().getCurrentResponse(): null

2019-08-24 12:47:51 - [TEST_STEP][PASSED] - verifyResponseStatusCode(response, 200): Verify response status code successfully

2019-08-24 12:47:51 - [MESSAGE][PASSED] - Verify response status code successfully

2019-08-24 12:47:51 - [TEST_STEP][PASSED] - getStatusCode()).isEqualTo(200): null

2019-08-24 12:47:51 - [TEST_STEP][PASSED] - newline = System.getProperty("line.separator"): null

2019-08-24 12:47:51 - [TEST_STEP][PASSED] - M4_spin = new groovy.json.JsonSlurper(): null

2019-08-24 12:47:51 - [TEST_STEP][PASSED] - result_M4_spin = M4_spin.parseText(response.getResponseBodyContent()): null

2019-08-24 12:47:51 - [TEST_STEP][PASSED] - M4_spin_current_balance = current_balance: null

2019-08-24 12:47:51 - [TEST_STEP][PASSED] - M4_spin_current_balance = M4_spin_current_balance: null

2019-08-24 12:47:51 - [TEST_STEP][PASSED] - M4_spin_transaction_id = causality: null

2019-08-24 12:47:51 - [TEST_STEP][PASSED] - M4_spin_transaction_id = M4_spin_transaction_id: null

2019-08-24 12:47:51 - [TEST_STEP][PASSED] - M4_spin_round_id = round_id: null

2019-08-24 12:47:51 - [TEST_STEP][PASSED] - M4_spin_round_id = M4_spin_round_id: null

2019-08-24 12:47:51 - [TEST_STEP][PASSED] - M4_spin_line_wins = line_wins: null

2019-08-24 12:47:51 - [TEST_STEP][PASSED] - M4_spin_line_wins = M4_spin_line_wins: null

2019-08-24 12:47:51 - [TEST_STEP][PASSED] - M4_total_bonus_spins_int = total_bonus_spins: null

2019-08-24 12:47:51 - [TEST_STEP][PASSED] - println("******M4_total_bonus_spins type is:*******" + newline + getClass().getName()): null

2019-08-24 12:47:51 - [TEST_STEP][PASSED] - M4_total_bonus_spins_int = M4_total_bonus_spins_int: null

2019-08-24 12:47:51 - [TEST_STEP][PASSED] - M4_total_bonus_spins = Integer.toString(M4_total_bonus_spins_int): null

2019-08-24 12:47:51 - [TEST_STEP][PASSED] - M4_total_bonus_spins = M4_total_bonus_spins: null

2019-08-24 12:47:51 - [TEST_STEP][PASSED] - println("M4_total_bonus_spins is:" + M4_total_bonus_spins): null

2019-08-24 12:47:51 - [TEST_STEP][PASSED] - M4_spin_bonus_data = bonus_data: null

2019-08-24 12:47:51 - [TEST_STEP][PASSED] - M4_spin_features_triggered = result_M4_spin: null

2019-08-24 12:47:51 - [TEST_STEP][PASSED] - wild = []: null

2019-08-24 12:47:51 - [TEST_STEP][PASSED] - wild[0] = "WILD_Expanding": null

2019-08-24 12:47:51 - [TEST_STEP][PASSED] - wild[1] = "WILD_Normal": null

2019-08-24 12:47:51 - [TEST_STEP][PASSED] - wild[2] = "WILD_Double": null

2019-08-24 12:47:51 - [TEST_STEP][PASSED] - wild[3] = "WILD_ExtraFG": null

2019-08-24 12:47:51 - [TEST_STEP][PASSED] - wild[4] = "WILD_Triple": null

2019-08-24 12:47:51 - [TEST_STEP][PASSED] - wildList = Arrays.asList(wild): null

2019-08-24 12:47:51 - [TEST_STEP][PASSED] - wildList = wildList: null

2019-08-24 12:47:51 - [TEST_STEP][PASSED] - free_spin_reel_counter = []: null

2019-08-24 12:47:51 - [TEST_STEP][PASSED] - free_spin_reel_counter[0] = 0: null

2019-08-24 12:47:51 - [TEST_STEP][PASSED] - free_spin_reel_counter[1] = 0: null

2019-08-24 12:47:51 - [TEST_STEP][PASSED] - free_spin_reel_counter[2] = 0: null

2019-08-24 12:47:51 - [TEST_STEP][PASSED] - M4_spin_reels = reels: null

2019-08-24 12:47:51 - [TEST_STEP][PASSED] - for ([i = 0, i &lt; M4_spin_reels.size(), (i++)]): null

2019-08-24 12:47:51 - [TEST_STEP][PASSED] - symbols = symbols: null

2019-08-24 12:47:51 - [TEST_STEP][PASSED] - for ([j = 0, j &lt; symbols.size(), (j++)]): null

2019-08-24 12:47:51 - [TEST_STEP][PASSED] - symbol = symbol: null

2019-08-24 12:47:51 - [TEST_STEP][PASSED] - println(symbol): null

2019-08-24 12:47:51 - [TEST_STEP][PASSED] - if (i == 2 &amp;&amp; wildList.indexOf(symbol) != -1): null

2019-08-24 12:47:51 - [TEST_STEP][PASSED] - if (i == 3 &amp;&amp; wildList.indexOf(symbol) != -1): null

2019-08-24 12:47:51 - [TEST_STEP][PASSED] - if (i == 4 &amp;&amp; wildList.indexOf(symbol) != -1): null

2019-08-24 12:47:51 - [TEST_STEP][PASSED] - symbol = symbol: null

2019-08-24 12:47:51 - [TEST_STEP][PASSED] - println(symbol): null

2019-08-24 12:47:51 - [TEST_STEP][PASSED] - if (i == 2 &amp;&amp; wildList.indexOf(symbol) != -1): null

2019-08-24 12:47:51 - [TEST_STEP][PASSED] - if (i == 3 &amp;&amp; wildList.indexOf(symbol) != -1): null

2019-08-24 12:47:51 - [TEST_STEP][PASSED] - if (i == 4 &amp;&amp; wildList.indexOf(symbol) != -1): null

2019-08-24 12:47:51 - [TEST_STEP][PASSED] - symbol = symbol: null

2019-08-24 12:47:51 - [TEST_STEP][PASSED] - println(symbol): null

2019-08-24 12:47:51 - [TEST_STEP][PASSED] - if (i == 2 &amp;&amp; wildList.indexOf(symbol) != -1): null

2019-08-24 12:47:51 - [TEST_STEP][PASSED] - if (i == 3 &amp;&amp; wildList.indexOf(symbol) != -1): null

2019-08-24 12:47:51 - [TEST_STEP][PASSED] - if (i == 4 &amp;&amp; wildList.indexOf(symbol) != -1): null

2019-08-24 12:47:51 - [TEST_STEP][PASSED] - symbols = symbols: null

2019-08-24 12:47:51 - [TEST_STEP][PASSED] - for ([j = 0, j &lt; symbols.size(), (j++)]): null

2019-08-24 12:47:51 - [TEST_STEP][PASSED] - symbol = symbol: null

2019-08-24 12:47:51 - [TEST_STEP][PASSED] - println(symbol): null

2019-08-24 12:47:51 - [TEST_STEP][PASSED] - if (i == 2 &amp;&amp; wildList.indexOf(symbol) != -1): null

2019-08-24 12:47:51 - [TEST_STEP][PASSED] - if (i == 3 &amp;&amp; wildList.indexOf(symbol) != -1): null

2019-08-24 12:47:51 - [TEST_STEP][PASSED] - if (i == 4 &amp;&amp; wildList.indexOf(symbol) != -1): null

2019-08-24 12:47:51 - [TEST_STEP][PASSED] - symbol = symbol: null

2019-08-24 12:47:51 - [TEST_STEP][PASSED] - println(symbol): null

2019-08-24 12:47:51 - [TEST_STEP][PASSED] - if (i == 2 &amp;&amp; wildList.indexOf(symbol) != -1): null

2019-08-24 12:47:51 - [TEST_STEP][PASSED] - if (i == 3 &amp;&amp; wildList.indexOf(symbol) != -1): null

2019-08-24 12:47:51 - [TEST_STEP][PASSED] - if (i == 4 &amp;&amp; wildList.indexOf(symbol) != -1): null

2019-08-24 12:47:51 - [TEST_STEP][PASSED] - symbol = symbol: null

2019-08-24 12:47:51 - [TEST_STEP][PASSED] - println(symbol): null

2019-08-24 12:47:51 - [TEST_STEP][PASSED] - if (i == 2 &amp;&amp; wildList.indexOf(symbol) != -1): null

2019-08-24 12:47:51 - [TEST_STEP][PASSED] - if (i == 3 &amp;&amp; wildList.indexOf(symbol) != -1): null

2019-08-24 12:47:51 - [TEST_STEP][PASSED] - if (i == 4 &amp;&amp; wildList.indexOf(symbol) != -1): null

2019-08-24 12:47:51 - [TEST_STEP][PASSED] - symbols = symbols: null

2019-08-24 12:47:51 - [TEST_STEP][PASSED] - for ([j = 0, j &lt; symbols.size(), (j++)]): null

2019-08-24 12:47:51 - [TEST_STEP][PASSED] - symbol = symbol: null

2019-08-24 12:47:51 - [TEST_STEP][PASSED] - println(symbol): null

2019-08-24 12:47:51 - [TEST_STEP][PASSED] - if (i == 2 &amp;&amp; wildList.indexOf(symbol) != -1): null

2019-08-24 12:47:51 - [TEST_STEP][PASSED] - if (i == 3 &amp;&amp; wildList.indexOf(symbol) != -1): null

2019-08-24 12:47:51 - [TEST_STEP][PASSED] - if (i == 4 &amp;&amp; wildList.indexOf(symbol) != -1): null

2019-08-24 12:47:51 - [TEST_STEP][PASSED] - symbol = symbol: null

2019-08-24 12:47:51 - [TEST_STEP][PASSED] - println(symbol): null

2019-08-24 12:47:51 - [TEST_STEP][PASSED] - if (i == 2 &amp;&amp; wildList.indexOf(symbol) != -1): null

2019-08-24 12:47:51 - [TEST_STEP][PASSED] - println("wild found on reel 3, adding counter by 1"): null

2019-08-24 12:47:51 - [TEST_STEP][PASSED] - free_spin_reel_counter[0] = free_spin_reel_counter[0] + 1: null

2019-08-24 12:47:51 - [TEST_STEP][PASSED] - if (i == 3 &amp;&amp; wildList.indexOf(symbol) != -1): null

2019-08-24 12:47:51 - [TEST_STEP][PASSED] - if (i == 4 &amp;&amp; wildList.indexOf(symbol) != -1): null

2019-08-24 12:47:51 - [TEST_STEP][PASSED] - symbol = symbol: null

2019-08-24 12:47:51 - [TEST_STEP][PASSED] - println(symbol): null

2019-08-24 12:47:51 - [TEST_STEP][PASSED] - if (i == 2 &amp;&amp; wildList.indexOf(symbol) != -1): null

2019-08-24 12:47:51 - [TEST_STEP][PASSED] - if (i == 3 &amp;&amp; wildList.indexOf(symbol) != -1): null

2019-08-24 12:47:51 - [TEST_STEP][PASSED] - if (i == 4 &amp;&amp; wildList.indexOf(symbol) != -1): null

2019-08-24 12:47:51 - [TEST_STEP][PASSED] - symbols = symbols: null

2019-08-24 12:47:51 - [TEST_STEP][PASSED] - for ([j = 0, j &lt; symbols.size(), (j++)]): null

2019-08-24 12:47:51 - [TEST_STEP][PASSED] - symbol = symbol: null

2019-08-24 12:47:51 - [TEST_STEP][PASSED] - println(symbol): null

2019-08-24 12:47:51 - [TEST_STEP][PASSED] - if (i == 2 &amp;&amp; wildList.indexOf(symbol) != -1): null

2019-08-24 12:47:51 - [TEST_STEP][PASSED] - if (i == 3 &amp;&amp; wildList.indexOf(symbol) != -1): null

2019-08-24 12:47:51 - [TEST_STEP][PASSED] - if (i == 4 &amp;&amp; wildList.indexOf(symbol) != -1): null

2019-08-24 12:47:51 - [TEST_STEP][PASSED] - symbol = symbol: null

2019-08-24 12:47:51 - [TEST_STEP][PASSED] - println(symbol): null

2019-08-24 12:47:51 - [TEST_STEP][PASSED] - if (i == 2 &amp;&amp; wildList.indexOf(symbol) != -1): null

2019-08-24 12:47:51 - [TEST_STEP][PASSED] - if (i == 3 &amp;&amp; wildList.indexOf(symbol) != -1): null

2019-08-24 12:47:51 - [TEST_STEP][PASSED] - if (i == 4 &amp;&amp; wildList.indexOf(symbol) != -1): null

2019-08-24 12:47:51 - [TEST_STEP][PASSED] - symbol = symbol: null

2019-08-24 12:47:51 - [TEST_STEP][PASSED] - println(symbol): null

2019-08-24 12:47:51 - [TEST_STEP][PASSED] - if (i == 2 &amp;&amp; wildList.indexOf(symbol) != -1): null

2019-08-24 12:47:51 - [TEST_STEP][PASSED] - if (i == 3 &amp;&amp; wildList.indexOf(symbol) != -1): null

2019-08-24 12:47:51 - [TEST_STEP][PASSED] - if (i == 4 &amp;&amp; wildList.indexOf(symbol) != -1): null

2019-08-24 12:47:51 - [TEST_STEP][PASSED] - symbols = symbols: null

2019-08-24 12:47:51 - [TEST_STEP][PASSED] - for ([j = 0, j &lt; symbols.size(), (j++)]): null

2019-08-24 12:47:51 - [TEST_STEP][PASSED] - symbol = symbol: null

2019-08-24 12:47:51 - [TEST_STEP][PASSED] - println(symbol): null

2019-08-24 12:47:51 - [TEST_STEP][PASSED] - if (i == 2 &amp;&amp; wildList.indexOf(symbol) != -1): null

2019-08-24 12:47:51 - [TEST_STEP][PASSED] - if (i == 3 &amp;&amp; wildList.indexOf(symbol) != -1): null

2019-08-24 12:47:51 - [TEST_STEP][PASSED] - if (i == 4 &amp;&amp; wildList.indexOf(symbol) != -1): null

2019-08-24 12:47:51 - [TEST_STEP][PASSED] - symbol = symbol: null

2019-08-24 12:47:51 - [TEST_STEP][PASSED] - println(symbol): null

2019-08-24 12:47:51 - [TEST_STEP][PASSED] - if (i == 2 &amp;&amp; wildList.indexOf(symbol) != -1): null

2019-08-24 12:47:51 - [TEST_STEP][PASSED] - if (i == 3 &amp;&amp; wildList.indexOf(symbol) != -1): null

2019-08-24 12:47:51 - [TEST_STEP][PASSED] - if (i == 4 &amp;&amp; wildList.indexOf(symbol) != -1): null

2019-08-24 12:47:51 - [TEST_STEP][PASSED] - symbol = symbol: null

2019-08-24 12:47:51 - [TEST_STEP][PASSED] - println(symbol): null

2019-08-24 12:47:51 - [TEST_STEP][PASSED] - if (i == 2 &amp;&amp; wildList.indexOf(symbol) != -1): null

2019-08-24 12:47:51 - [TEST_STEP][PASSED] - if (i == 3 &amp;&amp; wildList.indexOf(symbol) != -1): null

2019-08-24 12:47:51 - [TEST_STEP][PASSED] - if (i == 4 &amp;&amp; wildList.indexOf(symbol) != -1): null

2019-08-24 12:47:51 - [TEST_STEP][PASSED] - free_spin_reel_counter = free_spin_reel_counter: null

2019-08-24 12:47:51 - [TEST_STEP][PASSED] - println("reel 3 wild found: " + free_spin_reel_counter[0]): null

2019-08-24 12:47:51 - [TEST_STEP][PASSED] - println("reel 4 wild found: " + free_spin_reel_counter[1]): null

2019-08-24 12:47:51 - [TEST_STEP][PASSED] - println("reel 5 wild found: " + free_spin_reel_counter[2]): null

2019-08-24 12:47:51 - [TEST_STEP][PASSED] - M4_spin_reels = M4_spin_reels: null

2019-08-24 12:47:51 - [TEST_STEP][PASSED] - M4_spin_reels_symbols = symbol: null

2019-08-24 12:47:51 - [TEST_STEP][PASSED] - M4_spin_reels_symbols = M4_spin_reels_symbols: null

2019-08-24 12:47:51 - [TEST_STEP][PASSED] - M4_spin_reel_wins = reel_wins: null

2019-08-24 12:47:51 - [TEST_STEP][PASSED] - M4_spin_reel_wins = M4_spin_reel_wins: null

2019-08-24 12:47:51 - [TEST_STEP][PASSED] - println("GlobalVariable.M4_spin_reel_wins is: " + M4_spin_reel_wins): null

2019-08-24 12:47:51 - [TEST_STEP][PASSED] - M4_spin_total_bonus_win_this_round = total_bonus_win_this_round: null

2019-08-24 12:47:51 - [TEST_STEP][PASSED] - M4_spin_total_bonus_win_this_round = M4_spin_total_bonus_win_this_round: null

2019-08-24 12:47:51 - [TEST_STEP][PASSED] - println("GlobalVariable.M4_spin_total_bonus_win_this_round is: " + M4_spin_total_bonus_win_this_round): null

2019-08-24 12:47:51 - [TEST_STEP][PASSED] - M4_spin_bonus_spin_result = spin_result: null

2019-08-24 12:47:51 - [TEST_STEP][PASSED] - M4_spin_bonus_spin_result = M4_spin_bonus_spin_result: null

2019-08-24 12:47:51 - [MESSAGE][PASSED] - Verify response successfully

2019-08-24 12:47:51 - [MESSAGE][PASSED] - Send request and verify the response successfully

2019-08-24 12:47:51 - [TEST_STEP][PASSED] - if (M4_total_bonus_spins_int != 0 &amp;&amp; M4_spin_reels_symbols[2].contains("WILD_Double") || M4_spin_reels_symbols[4].contains("WILD_Triple")): null

2019-08-24 12:47:51 - [TEST_STEP][PASSED] - free_spin_reel_counter = free_spin_reel_counter: null

2019-08-24 12:47:51 - [TEST_STEP][PASSED] - M4_spin_reels_symbols = M4_spin_reels_symbols: null

2019-08-24 12:47:51 - [TEST_STEP][PASSED] - M4_total_bonus_spins = M4_total_bonus_spins: null

2019-08-24 12:47:51 - [TEST_STEP][PASSED] - spin_result = sendRequestAndVerify(findTestObject("INT/RGS(M4)/1_M4_spin", ["M4_login_user_id":M4_login_user_id, "rgs_session_token":rgs_session_token, "partner":Partner])): Send request and verify the response successfully

2019-08-24 12:47:51 - [MESSAGE][INFO] - HAR: /Users/eiralee/Katalon_Script/SuperWild/Reports/20190824_124242/INT/superWild_4/20190824_124242/requests/main/94.har

2019-08-24 12:47:51 - [TEST_CASE][PASSED] - Start Test Case : Verification: Verification accomplished successfully

2019-08-24 12:47:51 - [TEST_STEP][PASSED] - request = getInstance().getCurrentRequest(): null

2019-08-24 12:47:51 - [TEST_STEP][PASSED] - response = getInstance().getCurrentResponse(): null

2019-08-24 12:47:51 - [TEST_STEP][PASSED] - verifyResponseStatusCode(response, 200): Verify response status code successfully

2019-08-24 12:47:51 - [MESSAGE][PASSED] - Verify response status code successfully

2019-08-24 12:47:51 - [TEST_STEP][PASSED] - getStatusCode()).isEqualTo(200): null

2019-08-24 12:47:51 - [TEST_STEP][PASSED] - newline = System.getProperty("line.separator"): null

2019-08-24 12:47:51 - [TEST_STEP][PASSED] - M4_spin = new groovy.json.JsonSlurper(): null

2019-08-24 12:47:51 - [TEST_STEP][PASSED] - result_M4_spin = M4_spin.parseText(response.getResponseBodyContent()): null

2019-08-24 12:47:51 - [TEST_STEP][PASSED] - M4_spin_current_balance = current_balance: null

2019-08-24 12:47:51 - [TEST_STEP][PASSED] - M4_spin_current_balance = M4_spin_current_balance: null

2019-08-24 12:47:51 - [TEST_STEP][PASSED] - M4_spin_transaction_id = causality: null

2019-08-24 12:47:51 - [TEST_STEP][PASSED] - M4_spin_transaction_id = M4_spin_transaction_id: null

2019-08-24 12:47:51 - [TEST_STEP][PASSED] - M4_spin_round_id = round_id: null

2019-08-24 12:47:51 - [TEST_STEP][PASSED] - M4_spin_round_id = M4_spin_round_id: null

2019-08-24 12:47:51 - [TEST_STEP][PASSED] - M4_spin_line_wins = line_wins: null

2019-08-24 12:47:51 - [TEST_STEP][PASSED] - M4_spin_line_wins = M4_spin_line_wins: null

2019-08-24 12:47:51 - [TEST_STEP][PASSED] - M4_total_bonus_spins_int = total_bonus_spins: null

2019-08-24 12:47:51 - [TEST_STEP][PASSED] - println("******M4_total_bonus_spins type is:*******" + newline + getClass().getName()): null

2019-08-24 12:47:51 - [TEST_STEP][PASSED] - M4_total_bonus_spins_int = M4_total_bonus_spins_int: null

2019-08-24 12:47:51 - [TEST_STEP][PASSED] - M4_total_bonus_spins = Integer.toString(M4_total_bonus_spins_int): null

2019-08-24 12:47:51 - [TEST_STEP][PASSED] - M4_total_bonus_spins = M4_total_bonus_spins: null

2019-08-24 12:47:51 - [TEST_STEP][PASSED] - println("M4_total_bonus_spins is:" + M4_total_bonus_spins): null

2019-08-24 12:47:51 - [TEST_STEP][PASSED] - M4_spin_bonus_data = bonus_data: null

2019-08-24 12:47:51 - [TEST_STEP][PASSED] - M4_spin_features_triggered = result_M4_spin: null

2019-08-24 12:47:51 - [TEST_STEP][PASSED] - wild = []: null

2019-08-24 12:47:51 - [TEST_STEP][PASSED] - wild[0] = "WILD_Expanding": null

2019-08-24 12:47:51 - [TEST_STEP][PASSED] - wild[1] = "WILD_Normal": null

2019-08-24 12:47:51 - [TEST_STEP][PASSED] - wild[2] = "WILD_Double": null

2019-08-24 12:47:51 - [TEST_STEP][PASSED] - wild[3] = "WILD_ExtraFG": null

2019-08-24 12:47:51 - [TEST_STEP][PASSED] - wild[4] = "WILD_Triple": null

2019-08-24 12:47:51 - [TEST_STEP][PASSED] - wildList = Arrays.asList(wild): null

2019-08-24 12:47:51 - [TEST_STEP][PASSED] - wildList = wildList: null

2019-08-24 12:47:51 - [TEST_STEP][PASSED] - free_spin_reel_counter = []: null

2019-08-24 12:47:51 - [TEST_STEP][PASSED] - free_spin_reel_counter[0] = 0: null

2019-08-24 12:47:51 - [TEST_STEP][PASSED] - free_spin_reel_counter[1] = 0: null

2019-08-24 12:47:51 - [TEST_STEP][PASSED] - free_spin_reel_counter[2] = 0: null

2019-08-24 12:47:51 - [TEST_STEP][PASSED] - M4_spin_reels = reels: null

2019-08-24 12:47:51 - [TEST_STEP][PASSED] - for ([i = 0, i &lt; M4_spin_reels.size(), (i++)]): null

2019-08-24 12:47:51 - [TEST_STEP][PASSED] - symbols = symbols: null

2019-08-24 12:47:51 - [TEST_STEP][PASSED] - for ([j = 0, j &lt; symbols.size(), (j++)]): null

2019-08-24 12:47:51 - [TEST_STEP][PASSED] - symbol = symbol: null

2019-08-24 12:47:51 - [TEST_STEP][PASSED] - println(symbol): null

2019-08-24 12:47:51 - [TEST_STEP][PASSED] - if (i == 2 &amp;&amp; wildList.indexOf(symbol) != -1): null

2019-08-24 12:47:51 - [TEST_STEP][PASSED] - if (i == 3 &amp;&amp; wildList.indexOf(symbol) != -1): null

2019-08-24 12:47:51 - [TEST_STEP][PASSED] - if (i == 4 &amp;&amp; wildList.indexOf(symbol) != -1): null

2019-08-24 12:47:51 - [TEST_STEP][PASSED] - symbol = symbol: null

2019-08-24 12:47:51 - [TEST_STEP][PASSED] - println(symbol): null

2019-08-24 12:47:51 - [TEST_STEP][PASSED] - if (i == 2 &amp;&amp; wildList.indexOf(symbol) != -1): null

2019-08-24 12:47:51 - [TEST_STEP][PASSED] - if (i == 3 &amp;&amp; wildList.indexOf(symbol) != -1): null

2019-08-24 12:47:51 - [TEST_STEP][PASSED] - if (i == 4 &amp;&amp; wildList.indexOf(symbol) != -1): null

2019-08-24 12:47:51 - [TEST_STEP][PASSED] - symbol = symbol: null

2019-08-24 12:47:51 - [TEST_STEP][PASSED] - println(symbol): null

2019-08-24 12:47:51 - [TEST_STEP][PASSED] - if (i == 2 &amp;&amp; wildList.indexOf(symbol) != -1): null

2019-08-24 12:47:51 - [TEST_STEP][PASSED] - if (i == 3 &amp;&amp; wildList.indexOf(symbol) != -1): null

2019-08-24 12:47:51 - [TEST_STEP][PASSED] - if (i == 4 &amp;&amp; wildList.indexOf(symbol) != -1): null

2019-08-24 12:47:51 - [TEST_STEP][PASSED] - symbols = symbols: null

2019-08-24 12:47:51 - [TEST_STEP][PASSED] - for ([j = 0, j &lt; symbols.size(), (j++)]): null

2019-08-24 12:47:51 - [TEST_STEP][PASSED] - symbol = symbol: null

2019-08-24 12:47:51 - [TEST_STEP][PASSED] - println(symbol): null

2019-08-24 12:47:51 - [TEST_STEP][PASSED] - if (i == 2 &amp;&amp; wildList.indexOf(symbol) != -1): null

2019-08-24 12:47:51 - [TEST_STEP][PASSED] - if (i == 3 &amp;&amp; wildList.indexOf(symbol) != -1): null

2019-08-24 12:47:51 - [TEST_STEP][PASSED] - if (i == 4 &amp;&amp; wildList.indexOf(symbol) != -1): null

2019-08-24 12:47:51 - [TEST_STEP][PASSED] - symbol = symbol: null

2019-08-24 12:47:51 - [TEST_STEP][PASSED] - println(symbol): null

2019-08-24 12:47:51 - [TEST_STEP][PASSED] - if (i == 2 &amp;&amp; wildList.indexOf(symbol) != -1): null

2019-08-24 12:47:51 - [TEST_STEP][PASSED] - if (i == 3 &amp;&amp; wildList.indexOf(symbol) != -1): null

2019-08-24 12:47:51 - [TEST_STEP][PASSED] - if (i == 4 &amp;&amp; wildList.indexOf(symbol) != -1): null

2019-08-24 12:47:51 - [TEST_STEP][PASSED] - symbol = symbol: null

2019-08-24 12:47:51 - [TEST_STEP][PASSED] - println(symbol): null

2019-08-24 12:47:51 - [TEST_STEP][PASSED] - if (i == 2 &amp;&amp; wildList.indexOf(symbol) != -1): null

2019-08-24 12:47:51 - [TEST_STEP][PASSED] - if (i == 3 &amp;&amp; wildList.indexOf(symbol) != -1): null

2019-08-24 12:47:51 - [TEST_STEP][PASSED] - if (i == 4 &amp;&amp; wildList.indexOf(symbol) != -1): null

2019-08-24 12:47:51 - [TEST_STEP][PASSED] - symbols = symbols: null

2019-08-24 12:47:51 - [TEST_STEP][PASSED] - for ([j = 0, j &lt; symbols.size(), (j++)]): null

2019-08-24 12:47:51 - [TEST_STEP][PASSED] - symbol = symbol: null

2019-08-24 12:47:51 - [TEST_STEP][PASSED] - println(symbol): null

2019-08-24 12:47:51 - [TEST_STEP][PASSED] - if (i == 2 &amp;&amp; wildList.indexOf(symbol) != -1): null

2019-08-24 12:47:51 - [TEST_STEP][PASSED] - if (i == 3 &amp;&amp; wildList.indexOf(symbol) != -1): null

2019-08-24 12:47:51 - [TEST_STEP][PASSED] - if (i == 4 &amp;&amp; wildList.indexOf(symbol) != -1): null

2019-08-24 12:47:51 - [TEST_STEP][PASSED] - symbol = symbol: null

2019-08-24 12:47:51 - [TEST_STEP][PASSED] - println(symbol): null

2019-08-24 12:47:51 - [TEST_STEP][PASSED] - if (i == 2 &amp;&amp; wildList.indexOf(symbol) != -1): null

2019-08-24 12:47:51 - [TEST_STEP][PASSED] - if (i == 3 &amp;&amp; wildList.indexOf(symbol) != -1): null

2019-08-24 12:47:51 - [TEST_STEP][PASSED] - if (i == 4 &amp;&amp; wildList.indexOf(symbol) != -1): null

2019-08-24 12:47:51 - [TEST_STEP][PASSED] - symbol = symbol: null

2019-08-24 12:47:51 - [TEST_STEP][PASSED] - println(symbol): null

2019-08-24 12:47:51 - [TEST_STEP][PASSED] - if (i == 2 &amp;&amp; wildList.indexOf(symbol) != -1): null

2019-08-24 12:47:51 - [TEST_STEP][PASSED] - if (i == 3 &amp;&amp; wildList.indexOf(symbol) != -1): null

2019-08-24 12:47:51 - [TEST_STEP][PASSED] - if (i == 4 &amp;&amp; wildList.indexOf(symbol) != -1): null

2019-08-24 12:47:51 - [TEST_STEP][PASSED] - symbols = symbols: null

2019-08-24 12:47:51 - [TEST_STEP][PASSED] - for ([j = 0, j &lt; symbols.size(), (j++)]): null

2019-08-24 12:47:51 - [TEST_STEP][PASSED] - symbol = symbol: null

2019-08-24 12:47:51 - [TEST_STEP][PASSED] - println(symbol): null

2019-08-24 12:47:51 - [TEST_STEP][PASSED] - if (i == 2 &amp;&amp; wildList.indexOf(symbol) != -1): null

2019-08-24 12:47:51 - [TEST_STEP][PASSED] - if (i == 3 &amp;&amp; wildList.indexOf(symbol) != -1): null

2019-08-24 12:47:51 - [TEST_STEP][PASSED] - if (i == 4 &amp;&amp; wildList.indexOf(symbol) != -1): null

2019-08-24 12:47:51 - [TEST_STEP][PASSED] - symbol = symbol: null

2019-08-24 12:47:51 - [TEST_STEP][PASSED] - println(symbol): null

2019-08-24 12:47:51 - [TEST_STEP][PASSED] - if (i == 2 &amp;&amp; wildList.indexOf(symbol) != -1): null

2019-08-24 12:47:51 - [TEST_STEP][PASSED] - if (i == 3 &amp;&amp; wildList.indexOf(symbol) != -1): null

2019-08-24 12:47:51 - [TEST_STEP][PASSED] - if (i == 4 &amp;&amp; wildList.indexOf(symbol) != -1): null

2019-08-24 12:47:51 - [TEST_STEP][PASSED] - symbol = symbol: null

2019-08-24 12:47:51 - [TEST_STEP][PASSED] - println(symbol): null

2019-08-24 12:47:51 - [TEST_STEP][PASSED] - if (i == 2 &amp;&amp; wildList.indexOf(symbol) != -1): null

2019-08-24 12:47:51 - [TEST_STEP][PASSED] - if (i == 3 &amp;&amp; wildList.indexOf(symbol) != -1): null

2019-08-24 12:47:51 - [TEST_STEP][PASSED] - if (i == 4 &amp;&amp; wildList.indexOf(symbol) != -1): null

2019-08-24 12:47:51 - [TEST_STEP][PASSED] - symbols = symbols: null

2019-08-24 12:47:51 - [TEST_STEP][PASSED] - for ([j = 0, j &lt; symbols.size(), (j++)]): null

2019-08-24 12:47:51 - [TEST_STEP][PASSED] - symbol = symbol: null

2019-08-24 12:47:51 - [TEST_STEP][PASSED] - println(symbol): null

2019-08-24 12:47:51 - [TEST_STEP][PASSED] - if (i == 2 &amp;&amp; wildList.indexOf(symbol) != -1): null

2019-08-24 12:47:51 - [TEST_STEP][PASSED] - if (i == 3 &amp;&amp; wildList.indexOf(symbol) != -1): null

2019-08-24 12:47:51 - [TEST_STEP][PASSED] - if (i == 4 &amp;&amp; wildList.indexOf(symbol) != -1): null

2019-08-24 12:47:51 - [TEST_STEP][PASSED] - symbol = symbol: null

2019-08-24 12:47:51 - [TEST_STEP][PASSED] - println(symbol): null

2019-08-24 12:47:51 - [TEST_STEP][PASSED] - if (i == 2 &amp;&amp; wildList.indexOf(symbol) != -1): null

2019-08-24 12:47:51 - [TEST_STEP][PASSED] - if (i == 3 &amp;&amp; wildList.indexOf(symbol) != -1): null

2019-08-24 12:47:51 - [TEST_STEP][PASSED] - if (i == 4 &amp;&amp; wildList.indexOf(symbol) != -1): null

2019-08-24 12:47:51 - [TEST_STEP][PASSED] - symbol = symbol: null

2019-08-24 12:47:51 - [TEST_STEP][PASSED] - println(symbol): null

2019-08-24 12:47:51 - [TEST_STEP][PASSED] - if (i == 2 &amp;&amp; wildList.indexOf(symbol) != -1): null

2019-08-24 12:47:51 - [TEST_STEP][PASSED] - if (i == 3 &amp;&amp; wildList.indexOf(symbol) != -1): null

2019-08-24 12:47:51 - [TEST_STEP][PASSED] - if (i == 4 &amp;&amp; wildList.indexOf(symbol) != -1): null

2019-08-24 12:47:51 - [TEST_STEP][PASSED] - free_spin_reel_counter = free_spin_reel_counter: null

2019-08-24 12:47:51 - [TEST_STEP][PASSED] - println("reel 3 wild found: " + free_spin_reel_counter[0]): null

2019-08-24 12:47:51 - [TEST_STEP][PASSED] - println("reel 4 wild found: " + free_spin_reel_counter[1]): null

2019-08-24 12:47:51 - [TEST_STEP][PASSED] - println("reel 5 wild found: " + free_spin_reel_counter[2]): null

2019-08-24 12:47:51 - [TEST_STEP][PASSED] - M4_spin_reels = M4_spin_reels: null

2019-08-24 12:47:51 - [TEST_STEP][PASSED] - M4_spin_reels_symbols = symbol: null

2019-08-24 12:47:51 - [TEST_STEP][PASSED] - M4_spin_reels_symbols = M4_spin_reels_symbols: null

2019-08-24 12:47:51 - [TEST_STEP][PASSED] - M4_spin_reel_wins = reel_wins: null

2019-08-24 12:47:51 - [TEST_STEP][PASSED] - M4_spin_reel_wins = M4_spin_reel_wins: null

2019-08-24 12:47:51 - [TEST_STEP][PASSED] - println("GlobalVariable.M4_spin_reel_wins is: " + M4_spin_reel_wins): null

2019-08-24 12:47:51 - [TEST_STEP][PASSED] - M4_spin_total_bonus_win_this_round = total_bonus_win_this_round: null

2019-08-24 12:47:51 - [TEST_STEP][PASSED] - M4_spin_total_bonus_win_this_round = M4_spin_total_bonus_win_this_round: null

2019-08-24 12:47:51 - [TEST_STEP][PASSED] - println("GlobalVariable.M4_spin_total_bonus_win_this_round is: " + M4_spin_total_bonus_win_this_round): null

2019-08-24 12:47:51 - [TEST_STEP][PASSED] - M4_spin_bonus_spin_result = spin_result: null

2019-08-24 12:47:51 - [TEST_STEP][PASSED] - M4_spin_bonus_spin_result = M4_spin_bonus_spin_result: null

2019-08-24 12:47:51 - [MESSAGE][PASSED] - Verify response successfully

2019-08-24 12:47:51 - [MESSAGE][PASSED] - Send request and verify the response successfully

2019-08-24 12:47:51 - [TEST_STEP][PASSED] - if (M4_total_bonus_spins_int != 0 &amp;&amp; M4_spin_reels_symbols[2].contains("WILD_Double") || M4_spin_reels_symbols[4].contains("WILD_Triple")): null

2019-08-24 12:47:51 - [TEST_STEP][PASSED] - free_spin_reel_counter = free_spin_reel_counter: null

2019-08-24 12:47:51 - [TEST_STEP][PASSED] - M4_spin_reels_symbols = M4_spin_reels_symbols: null

2019-08-24 12:47:51 - [TEST_STEP][PASSED] - M4_total_bonus_spins = M4_total_bonus_spins: null

2019-08-24 12:47:51 - [TEST_STEP][PASSED] - spin_result = sendRequestAndVerify(findTestObject("INT/RGS(M4)/1_M4_spin", ["M4_login_user_id":M4_login_user_id, "rgs_session_token":rgs_session_token, "partner":Partner])): Send request and verify the response successfully

2019-08-24 12:47:52 - [MESSAGE][INFO] - HAR: /Users/eiralee/Katalon_Script/SuperWild/Reports/20190824_124242/INT/superWild_4/20190824_124242/requests/main/95.har

2019-08-24 12:47:52 - [TEST_CASE][PASSED] - Start Test Case : Verification: Verification accomplished successfully

2019-08-24 12:47:52 - [TEST_STEP][PASSED] - request = getInstance().getCurrentRequest(): null

2019-08-24 12:47:52 - [TEST_STEP][PASSED] - response = getInstance().getCurrentResponse(): null

2019-08-24 12:47:52 - [TEST_STEP][PASSED] - verifyResponseStatusCode(response, 200): Verify response status code successfully

2019-08-24 12:47:52 - [MESSAGE][PASSED] - Verify response status code successfully

2019-08-24 12:47:52 - [TEST_STEP][PASSED] - getStatusCode()).isEqualTo(200): null

2019-08-24 12:47:52 - [TEST_STEP][PASSED] - newline = System.getProperty("line.separator"): null

2019-08-24 12:47:52 - [TEST_STEP][PASSED] - M4_spin = new groovy.json.JsonSlurper(): null

2019-08-24 12:47:52 - [TEST_STEP][PASSED] - result_M4_spin = M4_spin.parseText(response.getResponseBodyContent()): null

2019-08-24 12:47:52 - [TEST_STEP][PASSED] - M4_spin_current_balance = current_balance: null

2019-08-24 12:47:52 - [TEST_STEP][PASSED] - M4_spin_current_balance = M4_spin_current_balance: null

2019-08-24 12:47:52 - [TEST_STEP][PASSED] - M4_spin_transaction_id = causality: null

2019-08-24 12:47:52 - [TEST_STEP][PASSED] - M4_spin_transaction_id = M4_spin_transaction_id: null

2019-08-24 12:47:52 - [TEST_STEP][PASSED] - M4_spin_round_id = round_id: null

2019-08-24 12:47:52 - [TEST_STEP][PASSED] - M4_spin_round_id = M4_spin_round_id: null

2019-08-24 12:47:52 - [TEST_STEP][PASSED] - M4_spin_line_wins = line_wins: null

2019-08-24 12:47:52 - [TEST_STEP][PASSED] - M4_spin_line_wins = M4_spin_line_wins: null

2019-08-24 12:47:52 - [TEST_STEP][PASSED] - M4_total_bonus_spins_int = total_bonus_spins: null

2019-08-24 12:47:52 - [TEST_STEP][PASSED] - println("******M4_total_bonus_spins type is:*******" + newline + getClass().getName()): null

2019-08-24 12:47:52 - [TEST_STEP][PASSED] - M4_total_bonus_spins_int = M4_total_bonus_spins_int: null

2019-08-24 12:47:52 - [TEST_STEP][PASSED] - M4_total_bonus_spins = Integer.toString(M4_total_bonus_spins_int): null

2019-08-24 12:47:52 - [TEST_STEP][PASSED] - M4_total_bonus_spins = M4_total_bonus_spins: null

2019-08-24 12:47:52 - [TEST_STEP][PASSED] - println("M4_total_bonus_spins is:" + M4_total_bonus_spins): null

2019-08-24 12:47:52 - [TEST_STEP][PASSED] - M4_spin_bonus_data = bonus_data: null

2019-08-24 12:47:52 - [TEST_STEP][PASSED] - M4_spin_features_triggered = result_M4_spin: null

2019-08-24 12:47:52 - [TEST_STEP][PASSED] - wild = []: null

2019-08-24 12:47:52 - [TEST_STEP][PASSED] - wild[0] = "WILD_Expanding": null

2019-08-24 12:47:52 - [TEST_STEP][PASSED] - wild[1] = "WILD_Normal": null

2019-08-24 12:47:52 - [TEST_STEP][PASSED] - wild[2] = "WILD_Double": null

2019-08-24 12:47:52 - [TEST_STEP][PASSED] - wild[3] = "WILD_ExtraFG": null

2019-08-24 12:47:52 - [TEST_STEP][PASSED] - wild[4] = "WILD_Triple": null

2019-08-24 12:47:52 - [TEST_STEP][PASSED] - wildList = Arrays.asList(wild): null

2019-08-24 12:47:52 - [TEST_STEP][PASSED] - wildList = wildList: null

2019-08-24 12:47:52 - [TEST_STEP][PASSED] - free_spin_reel_counter = []: null

2019-08-24 12:47:52 - [TEST_STEP][PASSED] - free_spin_reel_counter[0] = 0: null

2019-08-24 12:47:52 - [TEST_STEP][PASSED] - free_spin_reel_counter[1] = 0: null

2019-08-24 12:47:52 - [TEST_STEP][PASSED] - free_spin_reel_counter[2] = 0: null

2019-08-24 12:47:52 - [TEST_STEP][PASSED] - M4_spin_reels = reels: null

2019-08-24 12:47:52 - [TEST_STEP][PASSED] - for ([i = 0, i &lt; M4_spin_reels.size(), (i++)]): null

2019-08-24 12:47:52 - [TEST_STEP][PASSED] - symbols = symbols: null

2019-08-24 12:47:52 - [TEST_STEP][PASSED] - for ([j = 0, j &lt; symbols.size(), (j++)]): null

2019-08-24 12:47:52 - [TEST_STEP][PASSED] - symbol = symbol: null

2019-08-24 12:47:52 - [TEST_STEP][PASSED] - println(symbol): null

2019-08-24 12:47:52 - [TEST_STEP][PASSED] - if (i == 2 &amp;&amp; wildList.indexOf(symbol) != -1): null

2019-08-24 12:47:52 - [TEST_STEP][PASSED] - if (i == 3 &amp;&amp; wildList.indexOf(symbol) != -1): null

2019-08-24 12:47:52 - [TEST_STEP][PASSED] - if (i == 4 &amp;&amp; wildList.indexOf(symbol) != -1): null

2019-08-24 12:47:52 - [TEST_STEP][PASSED] - symbol = symbol: null

2019-08-24 12:47:52 - [TEST_STEP][PASSED] - println(symbol): null

2019-08-24 12:47:52 - [TEST_STEP][PASSED] - if (i == 2 &amp;&amp; wildList.indexOf(symbol) != -1): null

2019-08-24 12:47:52 - [TEST_STEP][PASSED] - if (i == 3 &amp;&amp; wildList.indexOf(symbol) != -1): null

2019-08-24 12:47:52 - [TEST_STEP][PASSED] - if (i == 4 &amp;&amp; wildList.indexOf(symbol) != -1): null

2019-08-24 12:47:52 - [TEST_STEP][PASSED] - symbol = symbol: null

2019-08-24 12:47:52 - [TEST_STEP][PASSED] - println(symbol): null

2019-08-24 12:47:52 - [TEST_STEP][PASSED] - if (i == 2 &amp;&amp; wildList.indexOf(symbol) != -1): null

2019-08-24 12:47:52 - [TEST_STEP][PASSED] - if (i == 3 &amp;&amp; wildList.indexOf(symbol) != -1): null

2019-08-24 12:47:52 - [TEST_STEP][PASSED] - if (i == 4 &amp;&amp; wildList.indexOf(symbol) != -1): null

2019-08-24 12:47:52 - [TEST_STEP][PASSED] - symbols = symbols: null

2019-08-24 12:47:52 - [TEST_STEP][PASSED] - for ([j = 0, j &lt; symbols.size(), (j++)]): null

2019-08-24 12:47:52 - [TEST_STEP][PASSED] - symbol = symbol: null

2019-08-24 12:47:52 - [TEST_STEP][PASSED] - println(symbol): null

2019-08-24 12:47:52 - [TEST_STEP][PASSED] - if (i == 2 &amp;&amp; wildList.indexOf(symbol) != -1): null

2019-08-24 12:47:52 - [TEST_STEP][PASSED] - if (i == 3 &amp;&amp; wildList.indexOf(symbol) != -1): null

2019-08-24 12:47:52 - [TEST_STEP][PASSED] - if (i == 4 &amp;&amp; wildList.indexOf(symbol) != -1): null

2019-08-24 12:47:52 - [TEST_STEP][PASSED] - symbol = symbol: null

2019-08-24 12:47:52 - [TEST_STEP][PASSED] - println(symbol): null

2019-08-24 12:47:52 - [TEST_STEP][PASSED] - if (i == 2 &amp;&amp; wildList.indexOf(symbol) != -1): null

2019-08-24 12:47:52 - [TEST_STEP][PASSED] - if (i == 3 &amp;&amp; wildList.indexOf(symbol) != -1): null

2019-08-24 12:47:52 - [TEST_STEP][PASSED] - if (i == 4 &amp;&amp; wildList.indexOf(symbol) != -1): null

2019-08-24 12:47:52 - [TEST_STEP][PASSED] - symbol = symbol: null

2019-08-24 12:47:52 - [TEST_STEP][PASSED] - println(symbol): null

2019-08-24 12:47:52 - [TEST_STEP][PASSED] - if (i == 2 &amp;&amp; wildList.indexOf(symbol) != -1): null

2019-08-24 12:47:52 - [TEST_STEP][PASSED] - if (i == 3 &amp;&amp; wildList.indexOf(symbol) != -1): null

2019-08-24 12:47:52 - [TEST_STEP][PASSED] - if (i == 4 &amp;&amp; wildList.indexOf(symbol) != -1): null

2019-08-24 12:47:52 - [TEST_STEP][PASSED] - symbols = symbols: null

2019-08-24 12:47:52 - [TEST_STEP][PASSED] - for ([j = 0, j &lt; symbols.size(), (j++)]): null

2019-08-24 12:47:52 - [TEST_STEP][PASSED] - symbol = symbol: null

2019-08-24 12:47:52 - [TEST_STEP][PASSED] - println(symbol): null

2019-08-24 12:47:52 - [TEST_STEP][PASSED] - if (i == 2 &amp;&amp; wildList.indexOf(symbol) != -1): null

2019-08-24 12:47:52 - [TEST_STEP][PASSED] - if (i == 3 &amp;&amp; wildList.indexOf(symbol) != -1): null

2019-08-24 12:47:52 - [TEST_STEP][PASSED] - if (i == 4 &amp;&amp; wildList.indexOf(symbol) != -1): null

2019-08-24 12:47:52 - [TEST_STEP][PASSED] - symbol = symbol: null

2019-08-24 12:47:52 - [TEST_STEP][PASSED] - println(symbol): null

2019-08-24 12:47:52 - [TEST_STEP][PASSED] - if (i == 2 &amp;&amp; wildList.indexOf(symbol) != -1): null

2019-08-24 12:47:52 - [TEST_STEP][PASSED] - if (i == 3 &amp;&amp; wildList.indexOf(symbol) != -1): null

2019-08-24 12:47:52 - [TEST_STEP][PASSED] - if (i == 4 &amp;&amp; wildList.indexOf(symbol) != -1): null

2019-08-24 12:47:52 - [TEST_STEP][PASSED] - symbol = symbol: null

2019-08-24 12:47:52 - [TEST_STEP][PASSED] - println(symbol): null

2019-08-24 12:47:52 - [TEST_STEP][PASSED] - if (i == 2 &amp;&amp; wildList.indexOf(symbol) != -1): null

2019-08-24 12:47:52 - [TEST_STEP][PASSED] - if (i == 3 &amp;&amp; wildList.indexOf(symbol) != -1): null

2019-08-24 12:47:52 - [TEST_STEP][PASSED] - if (i == 4 &amp;&amp; wildList.indexOf(symbol) != -1): null

2019-08-24 12:47:52 - [TEST_STEP][PASSED] - symbols = symbols: null

2019-08-24 12:47:52 - [TEST_STEP][PASSED] - for ([j = 0, j &lt; symbols.size(), (j++)]): null

2019-08-24 12:47:52 - [TEST_STEP][PASSED] - symbol = symbol: null

2019-08-24 12:47:52 - [TEST_STEP][PASSED] - println(symbol): null

2019-08-24 12:47:52 - [TEST_STEP][PASSED] - if (i == 2 &amp;&amp; wildList.indexOf(symbol) != -1): null

2019-08-24 12:47:52 - [TEST_STEP][PASSED] - if (i == 3 &amp;&amp; wildList.indexOf(symbol) != -1): null

2019-08-24 12:47:52 - [TEST_STEP][PASSED] - if (i == 4 &amp;&amp; wildList.indexOf(symbol) != -1): null

2019-08-24 12:47:52 - [TEST_STEP][PASSED] - symbol = symbol: null

2019-08-24 12:47:52 - [TEST_STEP][PASSED] - println(symbol): null

2019-08-24 12:47:52 - [TEST_STEP][PASSED] - if (i == 2 &amp;&amp; wildList.indexOf(symbol) != -1): null

2019-08-24 12:47:52 - [TEST_STEP][PASSED] - if (i == 3 &amp;&amp; wildList.indexOf(symbol) != -1): null

2019-08-24 12:47:52 - [TEST_STEP][PASSED] - if (i == 4 &amp;&amp; wildList.indexOf(symbol) != -1): null

2019-08-24 12:47:52 - [TEST_STEP][PASSED] - symbol = symbol: null

2019-08-24 12:47:52 - [TEST_STEP][PASSED] - println(symbol): null

2019-08-24 12:47:52 - [TEST_STEP][PASSED] - if (i == 2 &amp;&amp; wildList.indexOf(symbol) != -1): null

2019-08-24 12:47:52 - [TEST_STEP][PASSED] - if (i == 3 &amp;&amp; wildList.indexOf(symbol) != -1): null

2019-08-24 12:47:52 - [TEST_STEP][PASSED] - if (i == 4 &amp;&amp; wildList.indexOf(symbol) != -1): null

2019-08-24 12:47:52 - [TEST_STEP][PASSED] - symbols = symbols: null

2019-08-24 12:47:52 - [TEST_STEP][PASSED] - for ([j = 0, j &lt; symbols.size(), (j++)]): null

2019-08-24 12:47:52 - [TEST_STEP][PASSED] - symbol = symbol: null

2019-08-24 12:47:52 - [TEST_STEP][PASSED] - println(symbol): null

2019-08-24 12:47:52 - [TEST_STEP][PASSED] - if (i == 2 &amp;&amp; wildList.indexOf(symbol) != -1): null

2019-08-24 12:47:52 - [TEST_STEP][PASSED] - if (i == 3 &amp;&amp; wildList.indexOf(symbol) != -1): null

2019-08-24 12:47:52 - [TEST_STEP][PASSED] - if (i == 4 &amp;&amp; wildList.indexOf(symbol) != -1): null

2019-08-24 12:47:52 - [TEST_STEP][PASSED] - symbol = symbol: null

2019-08-24 12:47:52 - [TEST_STEP][PASSED] - println(symbol): null

2019-08-24 12:47:52 - [TEST_STEP][PASSED] - if (i == 2 &amp;&amp; wildList.indexOf(symbol) != -1): null

2019-08-24 12:47:52 - [TEST_STEP][PASSED] - if (i == 3 &amp;&amp; wildList.indexOf(symbol) != -1): null

2019-08-24 12:47:52 - [TEST_STEP][PASSED] - if (i == 4 &amp;&amp; wildList.indexOf(symbol) != -1): null

2019-08-24 12:47:52 - [TEST_STEP][PASSED] - symbol = symbol: null

2019-08-24 12:47:52 - [TEST_STEP][PASSED] - println(symbol): null

2019-08-24 12:47:52 - [TEST_STEP][PASSED] - if (i == 2 &amp;&amp; wildList.indexOf(symbol) != -1): null

2019-08-24 12:47:52 - [TEST_STEP][PASSED] - if (i == 3 &amp;&amp; wildList.indexOf(symbol) != -1): null

2019-08-24 12:47:52 - [TEST_STEP][PASSED] - if (i == 4 &amp;&amp; wildList.indexOf(symbol) != -1): null

2019-08-24 12:47:52 - [TEST_STEP][PASSED] - free_spin_reel_counter = free_spin_reel_counter: null

2019-08-24 12:47:52 - [TEST_STEP][PASSED] - println("reel 3 wild found: " + free_spin_reel_counter[0]): null

2019-08-24 12:47:52 - [TEST_STEP][PASSED] - println("reel 4 wild found: " + free_spin_reel_counter[1]): null

2019-08-24 12:47:52 - [TEST_STEP][PASSED] - println("reel 5 wild found: " + free_spin_reel_counter[2]): null

2019-08-24 12:47:52 - [TEST_STEP][PASSED] - M4_spin_reels = M4_spin_reels: null

2019-08-24 12:47:52 - [TEST_STEP][PASSED] - M4_spin_reels_symbols = symbol: null

2019-08-24 12:47:52 - [TEST_STEP][PASSED] - M4_spin_reels_symbols = M4_spin_reels_symbols: null

2019-08-24 12:47:52 - [TEST_STEP][PASSED] - M4_spin_reel_wins = reel_wins: null

2019-08-24 12:47:52 - [TEST_STEP][PASSED] - M4_spin_reel_wins = M4_spin_reel_wins: null

2019-08-24 12:47:52 - [TEST_STEP][PASSED] - println("GlobalVariable.M4_spin_reel_wins is: " + M4_spin_reel_wins): null

2019-08-24 12:47:52 - [TEST_STEP][PASSED] - M4_spin_total_bonus_win_this_round = total_bonus_win_this_round: null

2019-08-24 12:47:52 - [TEST_STEP][PASSED] - M4_spin_total_bonus_win_this_round = M4_spin_total_bonus_win_this_round: null

2019-08-24 12:47:52 - [TEST_STEP][PASSED] - println("GlobalVariable.M4_spin_total_bonus_win_this_round is: " + M4_spin_total_bonus_win_this_round): null

2019-08-24 12:47:52 - [TEST_STEP][PASSED] - M4_spin_bonus_spin_result = spin_result: null

2019-08-24 12:47:52 - [TEST_STEP][PASSED] - M4_spin_bonus_spin_result = M4_spin_bonus_spin_result: null

2019-08-24 12:47:52 - [MESSAGE][PASSED] - Verify response successfully

2019-08-24 12:47:52 - [MESSAGE][PASSED] - Send request and verify the response successfully

2019-08-24 12:47:52 - [TEST_STEP][PASSED] - if (M4_total_bonus_spins_int != 0 &amp;&amp; M4_spin_reels_symbols[2].contains("WILD_Double") || M4_spin_reels_symbols[4].contains("WILD_Triple")): null

2019-08-24 12:47:52 - [TEST_STEP][PASSED] - free_spin_reel_counter = free_spin_reel_counter: null

2019-08-24 12:47:52 - [TEST_STEP][PASSED] - M4_spin_reels_symbols = M4_spin_reels_symbols: null

2019-08-24 12:47:52 - [TEST_STEP][PASSED] - M4_total_bonus_spins = M4_total_bonus_spins: null

2019-08-24 12:47:52 - [TEST_STEP][PASSED] - spin_result = sendRequestAndVerify(findTestObject("INT/RGS(M4)/1_M4_spin", ["M4_login_user_id":M4_login_user_id, "rgs_session_token":rgs_session_token, "partner":Partner])): Send request and verify the response successfully

2019-08-24 12:47:52 - [MESSAGE][INFO] - HAR: /Users/eiralee/Katalon_Script/SuperWild/Reports/20190824_124242/INT/superWild_4/20190824_124242/requests/main/96.har

2019-08-24 12:47:52 - [TEST_CASE][PASSED] - Start Test Case : Verification: Verification accomplished successfully

2019-08-24 12:47:53 - [TEST_STEP][PASSED] - request = getInstance().getCurrentRequest(): null

2019-08-24 12:47:53 - [TEST_STEP][PASSED] - response = getInstance().getCurrentResponse(): null

2019-08-24 12:47:53 - [TEST_STEP][PASSED] - verifyResponseStatusCode(response, 200): Verify response status code successfully

2019-08-24 12:47:53 - [MESSAGE][PASSED] - Verify response status code successfully

2019-08-24 12:47:53 - [TEST_STEP][PASSED] - getStatusCode()).isEqualTo(200): null

2019-08-24 12:47:53 - [TEST_STEP][PASSED] - newline = System.getProperty("line.separator"): null

2019-08-24 12:47:53 - [TEST_STEP][PASSED] - M4_spin = new groovy.json.JsonSlurper(): null

2019-08-24 12:47:53 - [TEST_STEP][PASSED] - result_M4_spin = M4_spin.parseText(response.getResponseBodyContent()): null

2019-08-24 12:47:53 - [TEST_STEP][PASSED] - M4_spin_current_balance = current_balance: null

2019-08-24 12:47:53 - [TEST_STEP][PASSED] - M4_spin_current_balance = M4_spin_current_balance: null

2019-08-24 12:47:53 - [TEST_STEP][PASSED] - M4_spin_transaction_id = causality: null

2019-08-24 12:47:53 - [TEST_STEP][PASSED] - M4_spin_transaction_id = M4_spin_transaction_id: null

2019-08-24 12:47:55 - [TEST_STEP][PASSED] - M4_spin_round_id = round_id: null

2019-08-24 12:47:55 - [TEST_STEP][PASSED] - M4_spin_round_id = M4_spin_round_id: null

2019-08-24 12:47:55 - [TEST_STEP][PASSED] - M4_spin_line_wins = line_wins: null

2019-08-24 12:47:55 - [TEST_STEP][PASSED] - M4_spin_line_wins = M4_spin_line_wins: null

2019-08-24 12:47:55 - [TEST_STEP][PASSED] - M4_total_bonus_spins_int = total_bonus_spins: null

2019-08-24 12:47:55 - [TEST_STEP][PASSED] - println("******M4_total_bonus_spins type is:*******" + newline + getClass().getName()): null

2019-08-24 12:47:55 - [TEST_STEP][PASSED] - M4_total_bonus_spins_int = M4_total_bonus_spins_int: null

2019-08-24 12:47:55 - [TEST_STEP][PASSED] - M4_total_bonus_spins = Integer.toString(M4_total_bonus_spins_int): null

2019-08-24 12:47:55 - [TEST_STEP][PASSED] - M4_total_bonus_spins = M4_total_bonus_spins: null

2019-08-24 12:47:55 - [TEST_STEP][PASSED] - println("M4_total_bonus_spins is:" + M4_total_bonus_spins): null

2019-08-24 12:47:55 - [TEST_STEP][PASSED] - M4_spin_bonus_data = bonus_data: null

2019-08-24 12:47:55 - [TEST_STEP][PASSED] - M4_spin_features_triggered = result_M4_spin: null

2019-08-24 12:47:55 - [TEST_STEP][PASSED] - wild = []: null

2019-08-24 12:47:55 - [TEST_STEP][PASSED] - wild[0] = "WILD_Expanding": null

2019-08-24 12:47:55 - [TEST_STEP][PASSED] - wild[1] = "WILD_Normal": null

2019-08-24 12:47:55 - [TEST_STEP][PASSED] - wild[2] = "WILD_Double": null

2019-08-24 12:47:55 - [TEST_STEP][PASSED] - wild[3] = "WILD_ExtraFG": null

2019-08-24 12:47:55 - [TEST_STEP][PASSED] - wild[4] = "WILD_Triple": null

2019-08-24 12:47:55 - [TEST_STEP][PASSED] - wildList = Arrays.asList(wild): null

2019-08-24 12:47:55 - [TEST_STEP][PASSED] - wildList = wildList: null

2019-08-24 12:47:55 - [TEST_STEP][PASSED] - free_spin_reel_counter = []: null

2019-08-24 12:47:55 - [TEST_STEP][PASSED] - free_spin_reel_counter[0] = 0: null

2019-08-24 12:47:55 - [TEST_STEP][PASSED] - free_spin_reel_counter[1] = 0: null

2019-08-24 12:47:55 - [TEST_STEP][PASSED] - free_spin_reel_counter[2] = 0: null

2019-08-24 12:47:55 - [TEST_STEP][PASSED] - M4_spin_reels = reels: null

2019-08-24 12:47:55 - [TEST_STEP][PASSED] - for ([i = 0, i &lt; M4_spin_reels.size(), (i++)]): null

2019-08-24 12:47:55 - [TEST_STEP][PASSED] - symbols = symbols: null

2019-08-24 12:47:55 - [TEST_STEP][PASSED] - for ([j = 0, j &lt; symbols.size(), (j++)]): null

2019-08-24 12:47:55 - [TEST_STEP][PASSED] - symbol = symbol: null

2019-08-24 12:47:55 - [TEST_STEP][PASSED] - println(symbol): null

2019-08-24 12:47:55 - [TEST_STEP][PASSED] - if (i == 2 &amp;&amp; wildList.indexOf(symbol) != -1): null

2019-08-24 12:47:55 - [TEST_STEP][PASSED] - if (i == 3 &amp;&amp; wildList.indexOf(symbol) != -1): null

2019-08-24 12:47:55 - [TEST_STEP][PASSED] - if (i == 4 &amp;&amp; wildList.indexOf(symbol) != -1): null

2019-08-24 12:47:55 - [TEST_STEP][PASSED] - symbol = symbol: null

2019-08-24 12:47:55 - [TEST_STEP][PASSED] - println(symbol): null

2019-08-24 12:47:55 - [TEST_STEP][PASSED] - if (i == 2 &amp;&amp; wildList.indexOf(symbol) != -1): null

2019-08-24 12:47:55 - [TEST_STEP][PASSED] - if (i == 3 &amp;&amp; wildList.indexOf(symbol) != -1): null

2019-08-24 12:47:55 - [TEST_STEP][PASSED] - if (i == 4 &amp;&amp; wildList.indexOf(symbol) != -1): null

2019-08-24 12:47:55 - [TEST_STEP][PASSED] - symbol = symbol: null

2019-08-24 12:47:55 - [TEST_STEP][PASSED] - println(symbol): null

2019-08-24 12:47:55 - [TEST_STEP][PASSED] - if (i == 2 &amp;&amp; wildList.indexOf(symbol) != -1): null

2019-08-24 12:47:55 - [TEST_STEP][PASSED] - if (i == 3 &amp;&amp; wildList.indexOf(symbol) != -1): null

2019-08-24 12:47:55 - [TEST_STEP][PASSED] - if (i == 4 &amp;&amp; wildList.indexOf(symbol) != -1): null

2019-08-24 12:47:55 - [TEST_STEP][PASSED] - symbols = symbols: null

2019-08-24 12:47:55 - [TEST_STEP][PASSED] - for ([j = 0, j &lt; symbols.size(), (j++)]): null

2019-08-24 12:47:55 - [TEST_STEP][PASSED] - symbol = symbol: null

2019-08-24 12:47:55 - [TEST_STEP][PASSED] - println(symbol): null

2019-08-24 12:47:55 - [TEST_STEP][PASSED] - if (i == 2 &amp;&amp; wildList.indexOf(symbol) != -1): null

2019-08-24 12:47:55 - [TEST_STEP][PASSED] - if (i == 3 &amp;&amp; wildList.indexOf(symbol) != -1): null

2019-08-24 12:47:55 - [TEST_STEP][PASSED] - if (i == 4 &amp;&amp; wildList.indexOf(symbol) != -1): null

2019-08-24 12:47:55 - [TEST_STEP][PASSED] - symbol = symbol: null

2019-08-24 12:47:55 - [TEST_STEP][PASSED] - println(symbol): null

2019-08-24 12:47:55 - [TEST_STEP][PASSED] - if (i == 2 &amp;&amp; wildList.indexOf(symbol) != -1): null

2019-08-24 12:47:55 - [TEST_STEP][PASSED] - if (i == 3 &amp;&amp; wildList.indexOf(symbol) != -1): null

2019-08-24 12:47:55 - [TEST_STEP][PASSED] - if (i == 4 &amp;&amp; wildList.indexOf(symbol) != -1): null

2019-08-24 12:47:55 - [TEST_STEP][PASSED] - symbol = symbol: null

2019-08-24 12:47:55 - [TEST_STEP][PASSED] - println(symbol): null

2019-08-24 12:47:55 - [TEST_STEP][PASSED] - if (i == 2 &amp;&amp; wildList.indexOf(symbol) != -1): null

2019-08-24 12:47:55 - [TEST_STEP][PASSED] - if (i == 3 &amp;&amp; wildList.indexOf(symbol) != -1): null

2019-08-24 12:47:55 - [TEST_STEP][PASSED] - if (i == 4 &amp;&amp; wildList.indexOf(symbol) != -1): null

2019-08-24 12:47:55 - [TEST_STEP][PASSED] - symbols = symbols: null

2019-08-24 12:47:55 - [TEST_STEP][PASSED] - for ([j = 0, j &lt; symbols.size(), (j++)]): null

2019-08-24 12:47:55 - [TEST_STEP][PASSED] - symbol = symbol: null

2019-08-24 12:47:55 - [TEST_STEP][PASSED] - println(symbol): null

2019-08-24 12:47:55 - [TEST_STEP][PASSED] - if (i == 2 &amp;&amp; wildList.indexOf(symbol) != -1): null

2019-08-24 12:47:55 - [TEST_STEP][PASSED] - if (i == 3 &amp;&amp; wildList.indexOf(symbol) != -1): null

2019-08-24 12:47:55 - [TEST_STEP][PASSED] - if (i == 4 &amp;&amp; wildList.indexOf(symbol) != -1): null

2019-08-24 12:47:55 - [TEST_STEP][PASSED] - symbol = symbol: null

2019-08-24 12:47:55 - [TEST_STEP][PASSED] - println(symbol): null

2019-08-24 12:47:55 - [TEST_STEP][PASSED] - if (i == 2 &amp;&amp; wildList.indexOf(symbol) != -1): null

2019-08-24 12:47:55 - [TEST_STEP][PASSED] - if (i == 3 &amp;&amp; wildList.indexOf(symbol) != -1): null

2019-08-24 12:47:55 - [TEST_STEP][PASSED] - if (i == 4 &amp;&amp; wildList.indexOf(symbol) != -1): null

2019-08-24 12:47:55 - [TEST_STEP][PASSED] - symbol = symbol: null

2019-08-24 12:47:55 - [TEST_STEP][PASSED] - println(symbol): null

2019-08-24 12:47:55 - [TEST_STEP][PASSED] - if (i == 2 &amp;&amp; wildList.indexOf(symbol) != -1): null

2019-08-24 12:47:55 - [TEST_STEP][PASSED] - if (i == 3 &amp;&amp; wildList.indexOf(symbol) != -1): null

2019-08-24 12:47:55 - [TEST_STEP][PASSED] - if (i == 4 &amp;&amp; wildList.indexOf(symbol) != -1): null

2019-08-24 12:47:55 - [TEST_STEP][PASSED] - symbols = symbols: null

2019-08-24 12:47:55 - [TEST_STEP][PASSED] - for ([j = 0, j &lt; symbols.size(), (j++)]): null

2019-08-24 12:47:55 - [TEST_STEP][PASSED] - symbol = symbol: null

2019-08-24 12:47:55 - [TEST_STEP][PASSED] - println(symbol): null

2019-08-24 12:47:55 - [TEST_STEP][PASSED] - if (i == 2 &amp;&amp; wildList.indexOf(symbol) != -1): null

2019-08-24 12:47:55 - [TEST_STEP][PASSED] - if (i == 3 &amp;&amp; wildList.indexOf(symbol) != -1): null

2019-08-24 12:47:55 - [TEST_STEP][PASSED] - println("wild found on reel 4, adding counter by 1"): null

2019-08-24 12:47:55 - [TEST_STEP][PASSED] - free_spin_reel_counter[1] = free_spin_reel_counter[1] + 1: null

2019-08-24 12:47:55 - [TEST_STEP][PASSED] - if (i == 4 &amp;&amp; wildList.indexOf(symbol) != -1): null

2019-08-24 12:47:55 - [TEST_STEP][PASSED] - symbol = symbol: null

2019-08-24 12:47:55 - [TEST_STEP][PASSED] - println(symbol): null

2019-08-24 12:47:55 - [TEST_STEP][PASSED] - if (i == 2 &amp;&amp; wildList.indexOf(symbol) != -1): null

2019-08-24 12:47:55 - [TEST_STEP][PASSED] - if (i == 3 &amp;&amp; wildList.indexOf(symbol) != -1): null

2019-08-24 12:47:55 - [TEST_STEP][PASSED] - if (i == 4 &amp;&amp; wildList.indexOf(symbol) != -1): null

2019-08-24 12:47:55 - [TEST_STEP][PASSED] - symbol = symbol: null

2019-08-24 12:47:55 - [TEST_STEP][PASSED] - println(symbol): null

2019-08-24 12:47:55 - [TEST_STEP][PASSED] - if (i == 2 &amp;&amp; wildList.indexOf(symbol) != -1): null

2019-08-24 12:47:55 - [TEST_STEP][PASSED] - if (i == 3 &amp;&amp; wildList.indexOf(symbol) != -1): null

2019-08-24 12:47:55 - [TEST_STEP][PASSED] - if (i == 4 &amp;&amp; wildList.indexOf(symbol) != -1): null

2019-08-24 12:47:55 - [TEST_STEP][PASSED] - symbols = symbols: null

2019-08-24 12:47:55 - [TEST_STEP][PASSED] - for ([j = 0, j &lt; symbols.size(), (j++)]): null

2019-08-24 12:47:55 - [TEST_STEP][PASSED] - symbol = symbol: null

2019-08-24 12:47:55 - [TEST_STEP][PASSED] - println(symbol): null

2019-08-24 12:47:55 - [TEST_STEP][PASSED] - if (i == 2 &amp;&amp; wildList.indexOf(symbol) != -1): null

2019-08-24 12:47:55 - [TEST_STEP][PASSED] - if (i == 3 &amp;&amp; wildList.indexOf(symbol) != -1): null

2019-08-24 12:47:55 - [TEST_STEP][PASSED] - if (i == 4 &amp;&amp; wildList.indexOf(symbol) != -1): null

2019-08-24 12:47:55 - [TEST_STEP][PASSED] - symbol = symbol: null

2019-08-24 12:47:55 - [TEST_STEP][PASSED] - println(symbol): null

2019-08-24 12:47:55 - [TEST_STEP][PASSED] - if (i == 2 &amp;&amp; wildList.indexOf(symbol) != -1): null

2019-08-24 12:47:55 - [TEST_STEP][PASSED] - if (i == 3 &amp;&amp; wildList.indexOf(symbol) != -1): null

2019-08-24 12:47:55 - [TEST_STEP][PASSED] - if (i == 4 &amp;&amp; wildList.indexOf(symbol) != -1): null

2019-08-24 12:47:55 - [TEST_STEP][PASSED] - symbol = symbol: null

2019-08-24 12:47:55 - [TEST_STEP][PASSED] - println(symbol): null

2019-08-24 12:47:55 - [TEST_STEP][PASSED] - if (i == 2 &amp;&amp; wildList.indexOf(symbol) != -1): null

2019-08-24 12:47:55 - [TEST_STEP][PASSED] - if (i == 3 &amp;&amp; wildList.indexOf(symbol) != -1): null

2019-08-24 12:47:55 - [TEST_STEP][PASSED] - if (i == 4 &amp;&amp; wildList.indexOf(symbol) != -1): null

2019-08-24 12:47:55 - [TEST_STEP][PASSED] - free_spin_reel_counter = free_spin_reel_counter: null

2019-08-24 12:47:55 - [TEST_STEP][PASSED] - println("reel 3 wild found: " + free_spin_reel_counter[0]): null

2019-08-24 12:47:55 - [TEST_STEP][PASSED] - println("reel 4 wild found: " + free_spin_reel_counter[1]): null

2019-08-24 12:47:55 - [TEST_STEP][PASSED] - println("reel 5 wild found: " + free_spin_reel_counter[2]): null

2019-08-24 12:47:55 - [TEST_STEP][PASSED] - M4_spin_reels = M4_spin_reels: null

2019-08-24 12:47:55 - [TEST_STEP][PASSED] - M4_spin_reels_symbols = symbol: null

2019-08-24 12:47:55 - [TEST_STEP][PASSED] - M4_spin_reels_symbols = M4_spin_reels_symbols: null

2019-08-24 12:47:55 - [TEST_STEP][PASSED] - M4_spin_reel_wins = reel_wins: null

2019-08-24 12:47:55 - [TEST_STEP][PASSED] - M4_spin_reel_wins = M4_spin_reel_wins: null

2019-08-24 12:47:55 - [TEST_STEP][PASSED] - println("GlobalVariable.M4_spin_reel_wins is: " + M4_spin_reel_wins): null

2019-08-24 12:47:55 - [TEST_STEP][PASSED] - M4_spin_total_bonus_win_this_round = total_bonus_win_this_round: null

2019-08-24 12:47:55 - [TEST_STEP][PASSED] - M4_spin_total_bonus_win_this_round = M4_spin_total_bonus_win_this_round: null

2019-08-24 12:47:55 - [TEST_STEP][PASSED] - println("GlobalVariable.M4_spin_total_bonus_win_this_round is: " + M4_spin_total_bonus_win_this_round): null

2019-08-24 12:47:55 - [TEST_STEP][PASSED] - M4_spin_bonus_spin_result = spin_result: null

2019-08-24 12:47:55 - [TEST_STEP][PASSED] - M4_spin_bonus_spin_result = M4_spin_bonus_spin_result: null

2019-08-24 12:47:55 - [MESSAGE][PASSED] - Verify response successfully

2019-08-24 12:47:55 - [MESSAGE][PASSED] - Send request and verify the response successfully

2019-08-24 12:47:55 - [TEST_STEP][PASSED] - if (M4_total_bonus_spins_int != 0 &amp;&amp; M4_spin_reels_symbols[2].contains("WILD_Double") || M4_spin_reels_symbols[4].contains("WILD_Triple")): null

2019-08-24 12:47:55 - [TEST_STEP][PASSED] - free_spin_reel_counter = free_spin_reel_counter: null

2019-08-24 12:47:55 - [TEST_STEP][PASSED] - M4_spin_reels_symbols = M4_spin_reels_symbols: null

2019-08-24 12:47:55 - [TEST_STEP][PASSED] - M4_total_bonus_spins = M4_total_bonus_spins: null

2019-08-24 12:47:55 - [TEST_STEP][PASSED] - spin_result = sendRequestAndVerify(findTestObject("INT/RGS(M4)/1_M4_spin", ["M4_login_user_id":M4_login_user_id, "rgs_session_token":rgs_session_token, "partner":Partner])): Send request and verify the response successfully

2019-08-24 12:47:55 - [MESSAGE][INFO] - HAR: /Users/eiralee/Katalon_Script/SuperWild/Reports/20190824_124242/INT/superWild_4/20190824_124242/requests/main/97.har

2019-08-24 12:47:55 - [TEST_CASE][PASSED] - Start Test Case : Verification: Verification accomplished successfully

2019-08-24 12:47:55 - [TEST_STEP][PASSED] - request = getInstance().getCurrentRequest(): null

2019-08-24 12:47:56 - [TEST_STEP][PASSED] - response = getInstance().getCurrentResponse(): null

2019-08-24 12:47:56 - [TEST_STEP][PASSED] - verifyResponseStatusCode(response, 200): Verify response status code successfully

2019-08-24 12:47:56 - [MESSAGE][PASSED] - Verify response status code successfully

2019-08-24 12:47:56 - [TEST_STEP][PASSED] - getStatusCode()).isEqualTo(200): null

2019-08-24 12:47:56 - [TEST_STEP][PASSED] - newline = System.getProperty("line.separator"): null

2019-08-24 12:47:56 - [TEST_STEP][PASSED] - M4_spin = new groovy.json.JsonSlurper(): null

2019-08-24 12:47:56 - [TEST_STEP][PASSED] - result_M4_spin = M4_spin.parseText(response.getResponseBodyContent()): null

2019-08-24 12:47:56 - [TEST_STEP][PASSED] - M4_spin_current_balance = current_balance: null

2019-08-24 12:47:56 - [TEST_STEP][PASSED] - M4_spin_current_balance = M4_spin_current_balance: null

2019-08-24 12:47:56 - [TEST_STEP][PASSED] - M4_spin_transaction_id = causality: null

2019-08-24 12:47:56 - [TEST_STEP][PASSED] - M4_spin_transaction_id = M4_spin_transaction_id: null

2019-08-24 12:47:56 - [TEST_STEP][PASSED] - M4_spin_round_id = round_id: null

2019-08-24 12:47:56 - [TEST_STEP][PASSED] - M4_spin_round_id = M4_spin_round_id: null

2019-08-24 12:47:56 - [TEST_STEP][PASSED] - M4_spin_line_wins = line_wins: null

2019-08-24 12:47:56 - [TEST_STEP][PASSED] - M4_spin_line_wins = M4_spin_line_wins: null

2019-08-24 12:47:56 - [TEST_STEP][PASSED] - M4_total_bonus_spins_int = total_bonus_spins: null

2019-08-24 12:47:56 - [TEST_STEP][PASSED] - println("******M4_total_bonus_spins type is:*******" + newline + getClass().getName()): null

2019-08-24 12:47:56 - [TEST_STEP][PASSED] - M4_total_bonus_spins_int = M4_total_bonus_spins_int: null

2019-08-24 12:47:56 - [TEST_STEP][PASSED] - M4_total_bonus_spins = Integer.toString(M4_total_bonus_spins_int): null

2019-08-24 12:47:56 - [TEST_STEP][PASSED] - M4_total_bonus_spins = M4_total_bonus_spins: null

2019-08-24 12:47:56 - [TEST_STEP][PASSED] - println("M4_total_bonus_spins is:" + M4_total_bonus_spins): null

2019-08-24 12:47:56 - [TEST_STEP][PASSED] - M4_spin_bonus_data = bonus_data: null

2019-08-24 12:47:56 - [TEST_STEP][PASSED] - M4_spin_features_triggered = result_M4_spin: null

2019-08-24 12:47:56 - [TEST_STEP][PASSED] - wild = []: null

2019-08-24 12:47:56 - [TEST_STEP][PASSED] - wild[0] = "WILD_Expanding": null

2019-08-24 12:47:56 - [TEST_STEP][PASSED] - wild[1] = "WILD_Normal": null

2019-08-24 12:47:56 - [TEST_STEP][PASSED] - wild[2] = "WILD_Double": null

2019-08-24 12:47:56 - [TEST_STEP][PASSED] - wild[3] = "WILD_ExtraFG": null

2019-08-24 12:47:56 - [TEST_STEP][PASSED] - wild[4] = "WILD_Triple": null

2019-08-24 12:47:56 - [TEST_STEP][PASSED] - wildList = Arrays.asList(wild): null

2019-08-24 12:47:56 - [TEST_STEP][PASSED] - wildList = wildList: null

2019-08-24 12:47:56 - [TEST_STEP][PASSED] - free_spin_reel_counter = []: null

2019-08-24 12:47:56 - [TEST_STEP][PASSED] - free_spin_reel_counter[0] = 0: null

2019-08-24 12:47:56 - [TEST_STEP][PASSED] - free_spin_reel_counter[1] = 0: null

2019-08-24 12:47:56 - [TEST_STEP][PASSED] - free_spin_reel_counter[2] = 0: null

2019-08-24 12:47:56 - [TEST_STEP][PASSED] - M4_spin_reels = reels: null

2019-08-24 12:47:56 - [TEST_STEP][PASSED] - for ([i = 0, i &lt; M4_spin_reels.size(), (i++)]): null

2019-08-24 12:47:56 - [TEST_STEP][PASSED] - symbols = symbols: null

2019-08-24 12:47:56 - [TEST_STEP][PASSED] - for ([j = 0, j &lt; symbols.size(), (j++)]): null

2019-08-24 12:47:56 - [TEST_STEP][PASSED] - symbol = symbol: null

2019-08-24 12:47:56 - [TEST_STEP][PASSED] - println(symbol): null

2019-08-24 12:47:56 - [TEST_STEP][PASSED] - if (i == 2 &amp;&amp; wildList.indexOf(symbol) != -1): null

2019-08-24 12:47:56 - [TEST_STEP][PASSED] - if (i == 3 &amp;&amp; wildList.indexOf(symbol) != -1): null

2019-08-24 12:47:56 - [TEST_STEP][PASSED] - if (i == 4 &amp;&amp; wildList.indexOf(symbol) != -1): null

2019-08-24 12:47:56 - [TEST_STEP][PASSED] - symbol = symbol: null

2019-08-24 12:47:56 - [TEST_STEP][PASSED] - println(symbol): null

2019-08-24 12:47:56 - [TEST_STEP][PASSED] - if (i == 2 &amp;&amp; wildList.indexOf(symbol) != -1): null

2019-08-24 12:47:56 - [TEST_STEP][PASSED] - if (i == 3 &amp;&amp; wildList.indexOf(symbol) != -1): null

2019-08-24 12:47:56 - [TEST_STEP][PASSED] - if (i == 4 &amp;&amp; wildList.indexOf(symbol) != -1): null

2019-08-24 12:47:56 - [TEST_STEP][PASSED] - symbol = symbol: null

2019-08-24 12:47:56 - [TEST_STEP][PASSED] - println(symbol): null

2019-08-24 12:47:56 - [TEST_STEP][PASSED] - if (i == 2 &amp;&amp; wildList.indexOf(symbol) != -1): null

2019-08-24 12:47:56 - [TEST_STEP][PASSED] - if (i == 3 &amp;&amp; wildList.indexOf(symbol) != -1): null

2019-08-24 12:47:56 - [TEST_STEP][PASSED] - if (i == 4 &amp;&amp; wildList.indexOf(symbol) != -1): null

2019-08-24 12:47:56 - [TEST_STEP][PASSED] - symbols = symbols: null

2019-08-24 12:47:56 - [TEST_STEP][PASSED] - for ([j = 0, j &lt; symbols.size(), (j++)]): null

2019-08-24 12:47:56 - [TEST_STEP][PASSED] - symbol = symbol: null

2019-08-24 12:47:56 - [TEST_STEP][PASSED] - println(symbol): null

2019-08-24 12:47:56 - [TEST_STEP][PASSED] - if (i == 2 &amp;&amp; wildList.indexOf(symbol) != -1): null

2019-08-24 12:47:56 - [TEST_STEP][PASSED] - if (i == 3 &amp;&amp; wildList.indexOf(symbol) != -1): null

2019-08-24 12:47:56 - [TEST_STEP][PASSED] - if (i == 4 &amp;&amp; wildList.indexOf(symbol) != -1): null

2019-08-24 12:47:56 - [TEST_STEP][PASSED] - symbol = symbol: null

2019-08-24 12:47:56 - [TEST_STEP][PASSED] - println(symbol): null

2019-08-24 12:47:56 - [TEST_STEP][PASSED] - if (i == 2 &amp;&amp; wildList.indexOf(symbol) != -1): null

2019-08-24 12:47:56 - [TEST_STEP][PASSED] - if (i == 3 &amp;&amp; wildList.indexOf(symbol) != -1): null

2019-08-24 12:47:56 - [TEST_STEP][PASSED] - if (i == 4 &amp;&amp; wildList.indexOf(symbol) != -1): null

2019-08-24 12:47:56 - [TEST_STEP][PASSED] - symbol = symbol: null

2019-08-24 12:47:56 - [TEST_STEP][PASSED] - println(symbol): null

2019-08-24 12:47:56 - [TEST_STEP][PASSED] - if (i == 2 &amp;&amp; wildList.indexOf(symbol) != -1): null

2019-08-24 12:47:56 - [TEST_STEP][PASSED] - if (i == 3 &amp;&amp; wildList.indexOf(symbol) != -1): null

2019-08-24 12:47:56 - [TEST_STEP][PASSED] - if (i == 4 &amp;&amp; wildList.indexOf(symbol) != -1): null

2019-08-24 12:47:56 - [TEST_STEP][PASSED] - symbols = symbols: null

2019-08-24 12:47:56 - [TEST_STEP][PASSED] - for ([j = 0, j &lt; symbols.size(), (j++)]): null

2019-08-24 12:47:56 - [TEST_STEP][PASSED] - symbol = symbol: null

2019-08-24 12:47:56 - [TEST_STEP][PASSED] - println(symbol): null

2019-08-24 12:47:56 - [TEST_STEP][PASSED] - if (i == 2 &amp;&amp; wildList.indexOf(symbol) != -1): null

2019-08-24 12:47:56 - [TEST_STEP][PASSED] - if (i == 3 &amp;&amp; wildList.indexOf(symbol) != -1): null

2019-08-24 12:47:56 - [TEST_STEP][PASSED] - if (i == 4 &amp;&amp; wildList.indexOf(symbol) != -1): null

2019-08-24 12:47:56 - [TEST_STEP][PASSED] - symbol = symbol: null

2019-08-24 12:47:56 - [TEST_STEP][PASSED] - println(symbol): null

2019-08-24 12:47:56 - [TEST_STEP][PASSED] - if (i == 2 &amp;&amp; wildList.indexOf(symbol) != -1): null

2019-08-24 12:47:56 - [TEST_STEP][PASSED] - if (i == 3 &amp;&amp; wildList.indexOf(symbol) != -1): null

2019-08-24 12:47:56 - [TEST_STEP][PASSED] - if (i == 4 &amp;&amp; wildList.indexOf(symbol) != -1): null

2019-08-24 12:47:56 - [TEST_STEP][PASSED] - symbol = symbol: null

2019-08-24 12:47:56 - [TEST_STEP][PASSED] - println(symbol): null

2019-08-24 12:47:56 - [TEST_STEP][PASSED] - if (i == 2 &amp;&amp; wildList.indexOf(symbol) != -1): null

2019-08-24 12:47:56 - [TEST_STEP][PASSED] - println("wild found on reel 3, adding counter by 1"): null

2019-08-24 12:47:56 - [TEST_STEP][PASSED] - free_spin_reel_counter[0] = free_spin_reel_counter[0] + 1: null

2019-08-24 12:47:56 - [TEST_STEP][PASSED] - if (i == 3 &amp;&amp; wildList.indexOf(symbol) != -1): null

2019-08-24 12:47:56 - [TEST_STEP][PASSED] - if (i == 4 &amp;&amp; wildList.indexOf(symbol) != -1): null

2019-08-24 12:47:56 - [TEST_STEP][PASSED] - symbols = symbols: null

2019-08-24 12:47:56 - [TEST_STEP][PASSED] - for ([j = 0, j &lt; symbols.size(), (j++)]): null

2019-08-24 12:47:56 - [TEST_STEP][PASSED] - symbol = symbol: null

2019-08-24 12:47:56 - [TEST_STEP][PASSED] - println(symbol): null

2019-08-24 12:47:56 - [TEST_STEP][PASSED] - if (i == 2 &amp;&amp; wildList.indexOf(symbol) != -1): null

2019-08-24 12:47:56 - [TEST_STEP][PASSED] - if (i == 3 &amp;&amp; wildList.indexOf(symbol) != -1): null

2019-08-24 12:47:56 - [TEST_STEP][PASSED] - if (i == 4 &amp;&amp; wildList.indexOf(symbol) != -1): null

2019-08-24 12:47:56 - [TEST_STEP][PASSED] - symbol = symbol: null

2019-08-24 12:47:56 - [TEST_STEP][PASSED] - println(symbol): null

2019-08-24 12:47:56 - [TEST_STEP][PASSED] - if (i == 2 &amp;&amp; wildList.indexOf(symbol) != -1): null

2019-08-24 12:47:56 - [TEST_STEP][PASSED] - if (i == 3 &amp;&amp; wildList.indexOf(symbol) != -1): null

2019-08-24 12:47:56 - [TEST_STEP][PASSED] - if (i == 4 &amp;&amp; wildList.indexOf(symbol) != -1): null

2019-08-24 12:47:56 - [TEST_STEP][PASSED] - symbol = symbol: null

2019-08-24 12:47:56 - [TEST_STEP][PASSED] - println(symbol): null

2019-08-24 12:47:56 - [TEST_STEP][PASSED] - if (i == 2 &amp;&amp; wildList.indexOf(symbol) != -1): null

2019-08-24 12:47:56 - [TEST_STEP][PASSED] - if (i == 3 &amp;&amp; wildList.indexOf(symbol) != -1): null

2019-08-24 12:47:56 - [TEST_STEP][PASSED] - if (i == 4 &amp;&amp; wildList.indexOf(symbol) != -1): null

2019-08-24 12:47:56 - [TEST_STEP][PASSED] - symbols = symbols: null

2019-08-24 12:47:56 - [TEST_STEP][PASSED] - for ([j = 0, j &lt; symbols.size(), (j++)]): null

2019-08-24 12:47:56 - [TEST_STEP][PASSED] - symbol = symbol: null

2019-08-24 12:47:56 - [TEST_STEP][PASSED] - println(symbol): null

2019-08-24 12:47:56 - [TEST_STEP][PASSED] - if (i == 2 &amp;&amp; wildList.indexOf(symbol) != -1): null

2019-08-24 12:47:56 - [TEST_STEP][PASSED] - if (i == 3 &amp;&amp; wildList.indexOf(symbol) != -1): null

2019-08-24 12:47:56 - [TEST_STEP][PASSED] - if (i == 4 &amp;&amp; wildList.indexOf(symbol) != -1): null

2019-08-24 12:47:56 - [TEST_STEP][PASSED] - symbol = symbol: null

2019-08-24 12:47:56 - [TEST_STEP][PASSED] - println(symbol): null

2019-08-24 12:47:56 - [TEST_STEP][PASSED] - if (i == 2 &amp;&amp; wildList.indexOf(symbol) != -1): null

2019-08-24 12:47:56 - [TEST_STEP][PASSED] - if (i == 3 &amp;&amp; wildList.indexOf(symbol) != -1): null

2019-08-24 12:47:56 - [TEST_STEP][PASSED] - if (i == 4 &amp;&amp; wildList.indexOf(symbol) != -1): null

2019-08-24 12:47:56 - [TEST_STEP][PASSED] - symbol = symbol: null

2019-08-24 12:47:56 - [TEST_STEP][PASSED] - println(symbol): null

2019-08-24 12:47:56 - [TEST_STEP][PASSED] - if (i == 2 &amp;&amp; wildList.indexOf(symbol) != -1): null

2019-08-24 12:47:56 - [TEST_STEP][PASSED] - if (i == 3 &amp;&amp; wildList.indexOf(symbol) != -1): null

2019-08-24 12:47:56 - [TEST_STEP][PASSED] - if (i == 4 &amp;&amp; wildList.indexOf(symbol) != -1): null

2019-08-24 12:47:56 - [TEST_STEP][PASSED] - free_spin_reel_counter = free_spin_reel_counter: null

2019-08-24 12:47:56 - [TEST_STEP][PASSED] - println("reel 3 wild found: " + free_spin_reel_counter[0]): null

2019-08-24 12:47:56 - [TEST_STEP][PASSED] - println("reel 4 wild found: " + free_spin_reel_counter[1]): null

2019-08-24 12:47:56 - [TEST_STEP][PASSED] - println("reel 5 wild found: " + free_spin_reel_counter[2]): null

2019-08-24 12:47:56 - [TEST_STEP][PASSED] - M4_spin_reels = M4_spin_reels: null

2019-08-24 12:47:56 - [TEST_STEP][PASSED] - M4_spin_reels_symbols = symbol: null

2019-08-24 12:47:56 - [TEST_STEP][PASSED] - M4_spin_reels_symbols = M4_spin_reels_symbols: null

2019-08-24 12:47:56 - [TEST_STEP][PASSED] - M4_spin_reel_wins = reel_wins: null

2019-08-24 12:47:56 - [TEST_STEP][PASSED] - M4_spin_reel_wins = M4_spin_reel_wins: null

2019-08-24 12:47:56 - [TEST_STEP][PASSED] - println("GlobalVariable.M4_spin_reel_wins is: " + M4_spin_reel_wins): null

2019-08-24 12:47:56 - [TEST_STEP][PASSED] - M4_spin_total_bonus_win_this_round = total_bonus_win_this_round: null

2019-08-24 12:47:56 - [TEST_STEP][PASSED] - M4_spin_total_bonus_win_this_round = M4_spin_total_bonus_win_this_round: null

2019-08-24 12:47:56 - [TEST_STEP][PASSED] - println("GlobalVariable.M4_spin_total_bonus_win_this_round is: " + M4_spin_total_bonus_win_this_round): null

2019-08-24 12:47:56 - [TEST_STEP][PASSED] - M4_spin_bonus_spin_result = spin_result: null

2019-08-24 12:47:56 - [TEST_STEP][PASSED] - M4_spin_bonus_spin_result = M4_spin_bonus_spin_result: null

2019-08-24 12:47:56 - [MESSAGE][PASSED] - Verify response successfully

2019-08-24 12:47:56 - [MESSAGE][PASSED] - Send request and verify the response successfully

2019-08-24 12:47:56 - [TEST_STEP][PASSED] - if (M4_total_bonus_spins_int != 0 &amp;&amp; M4_spin_reels_symbols[2].contains("WILD_Double") || M4_spin_reels_symbols[4].contains("WILD_Triple")): null

2019-08-24 12:47:56 - [TEST_STEP][PASSED] - free_spin_reel_counter = free_spin_reel_counter: null

2019-08-24 12:47:56 - [TEST_STEP][PASSED] - M4_spin_reels_symbols = M4_spin_reels_symbols: null

2019-08-24 12:47:56 - [TEST_STEP][PASSED] - M4_total_bonus_spins = M4_total_bonus_spins: null

2019-08-24 12:47:56 - [TEST_STEP][PASSED] - spin_result = sendRequestAndVerify(findTestObject("INT/RGS(M4)/1_M4_spin", ["M4_login_user_id":M4_login_user_id, "rgs_session_token":rgs_session_token, "partner":Partner])): Send request and verify the response successfully

2019-08-24 12:47:56 - [MESSAGE][INFO] - HAR: /Users/eiralee/Katalon_Script/SuperWild/Reports/20190824_124242/INT/superWild_4/20190824_124242/requests/main/98.har

2019-08-24 12:47:56 - [TEST_CASE][PASSED] - Start Test Case : Verification: Verification accomplished successfully

2019-08-24 12:47:56 - [TEST_STEP][PASSED] - request = getInstance().getCurrentRequest(): null

2019-08-24 12:47:56 - [TEST_STEP][PASSED] - response = getInstance().getCurrentResponse(): null

2019-08-24 12:47:56 - [TEST_STEP][PASSED] - verifyResponseStatusCode(response, 200): Verify response status code successfully

2019-08-24 12:47:56 - [MESSAGE][PASSED] - Verify response status code successfully

2019-08-24 12:47:56 - [TEST_STEP][PASSED] - getStatusCode()).isEqualTo(200): null

2019-08-24 12:47:56 - [TEST_STEP][PASSED] - newline = System.getProperty("line.separator"): null

2019-08-24 12:47:56 - [TEST_STEP][PASSED] - M4_spin = new groovy.json.JsonSlurper(): null

2019-08-24 12:47:56 - [TEST_STEP][PASSED] - result_M4_spin = M4_spin.parseText(response.getResponseBodyContent()): null

2019-08-24 12:47:56 - [TEST_STEP][PASSED] - M4_spin_current_balance = current_balance: null

2019-08-24 12:47:56 - [TEST_STEP][PASSED] - M4_spin_current_balance = M4_spin_current_balance: null

2019-08-24 12:47:56 - [TEST_STEP][PASSED] - M4_spin_transaction_id = causality: null

2019-08-24 12:47:56 - [TEST_STEP][PASSED] - M4_spin_transaction_id = M4_spin_transaction_id: null

2019-08-24 12:47:56 - [TEST_STEP][PASSED] - M4_spin_round_id = round_id: null

2019-08-24 12:47:56 - [TEST_STEP][PASSED] - M4_spin_round_id = M4_spin_round_id: null

2019-08-24 12:47:56 - [TEST_STEP][PASSED] - M4_spin_line_wins = line_wins: null

2019-08-24 12:47:56 - [TEST_STEP][PASSED] - M4_spin_line_wins = M4_spin_line_wins: null

2019-08-24 12:47:56 - [TEST_STEP][PASSED] - M4_total_bonus_spins_int = total_bonus_spins: null

2019-08-24 12:47:56 - [TEST_STEP][PASSED] - println("******M4_total_bonus_spins type is:*******" + newline + getClass().getName()): null

2019-08-24 12:47:56 - [TEST_STEP][PASSED] - M4_total_bonus_spins_int = M4_total_bonus_spins_int: null

2019-08-24 12:47:56 - [TEST_STEP][PASSED] - M4_total_bonus_spins = Integer.toString(M4_total_bonus_spins_int): null

2019-08-24 12:47:56 - [TEST_STEP][PASSED] - M4_total_bonus_spins = M4_total_bonus_spins: null

2019-08-24 12:47:56 - [TEST_STEP][PASSED] - println("M4_total_bonus_spins is:" + M4_total_bonus_spins): null

2019-08-24 12:47:56 - [TEST_STEP][PASSED] - M4_spin_bonus_data = bonus_data: null

2019-08-24 12:47:56 - [TEST_STEP][PASSED] - M4_spin_features_triggered = result_M4_spin: null

2019-08-24 12:47:56 - [TEST_STEP][PASSED] - wild = []: null

2019-08-24 12:47:56 - [TEST_STEP][PASSED] - wild[0] = "WILD_Expanding": null

2019-08-24 12:47:56 - [TEST_STEP][PASSED] - wild[1] = "WILD_Normal": null

2019-08-24 12:47:56 - [TEST_STEP][PASSED] - wild[2] = "WILD_Double": null

2019-08-24 12:47:56 - [TEST_STEP][PASSED] - wild[3] = "WILD_ExtraFG": null

2019-08-24 12:47:56 - [TEST_STEP][PASSED] - wild[4] = "WILD_Triple": null

2019-08-24 12:47:56 - [TEST_STEP][PASSED] - wildList = Arrays.asList(wild): null

2019-08-24 12:47:56 - [TEST_STEP][PASSED] - wildList = wildList: null

2019-08-24 12:47:56 - [TEST_STEP][PASSED] - free_spin_reel_counter = []: null

2019-08-24 12:47:56 - [TEST_STEP][PASSED] - free_spin_reel_counter[0] = 0: null

2019-08-24 12:47:56 - [TEST_STEP][PASSED] - free_spin_reel_counter[1] = 0: null

2019-08-24 12:47:56 - [TEST_STEP][PASSED] - free_spin_reel_counter[2] = 0: null

2019-08-24 12:47:56 - [TEST_STEP][PASSED] - M4_spin_reels = reels: null

2019-08-24 12:47:56 - [TEST_STEP][PASSED] - for ([i = 0, i &lt; M4_spin_reels.size(), (i++)]): null

2019-08-24 12:48:00 - [TEST_STEP][PASSED] - symbols = symbols: null

2019-08-24 12:48:00 - [TEST_STEP][PASSED] - for ([j = 0, j &lt; symbols.size(), (j++)]): null

2019-08-24 12:48:00 - [TEST_STEP][PASSED] - symbol = symbol: null

2019-08-24 12:48:00 - [TEST_STEP][PASSED] - println(symbol): null

2019-08-24 12:48:00 - [TEST_STEP][PASSED] - if (i == 2 &amp;&amp; wildList.indexOf(symbol) != -1): null

2019-08-24 12:48:00 - [TEST_STEP][PASSED] - if (i == 3 &amp;&amp; wildList.indexOf(symbol) != -1): null

2019-08-24 12:48:00 - [TEST_STEP][PASSED] - if (i == 4 &amp;&amp; wildList.indexOf(symbol) != -1): null

2019-08-24 12:48:00 - [TEST_STEP][PASSED] - symbol = symbol: null

2019-08-24 12:48:00 - [TEST_STEP][PASSED] - println(symbol): null

2019-08-24 12:48:00 - [TEST_STEP][PASSED] - if (i == 2 &amp;&amp; wildList.indexOf(symbol) != -1): null

2019-08-24 12:48:00 - [TEST_STEP][PASSED] - if (i == 3 &amp;&amp; wildList.indexOf(symbol) != -1): null

2019-08-24 12:48:03 - [TEST_STEP][PASSED] - if (i == 4 &amp;&amp; wildList.indexOf(symbol) != -1): null

2019-08-24 12:48:03 - [TEST_STEP][PASSED] - symbol = symbol: null

2019-08-24 12:48:03 - [TEST_STEP][PASSED] - println(symbol): null

2019-08-24 12:48:03 - [TEST_STEP][PASSED] - if (i == 2 &amp;&amp; wildList.indexOf(symbol) != -1): null

2019-08-24 12:48:03 - [TEST_STEP][PASSED] - if (i == 3 &amp;&amp; wildList.indexOf(symbol) != -1): null

2019-08-24 12:48:03 - [TEST_STEP][PASSED] - if (i == 4 &amp;&amp; wildList.indexOf(symbol) != -1): null

2019-08-24 12:48:03 - [TEST_STEP][PASSED] - symbols = symbols: null

2019-08-24 12:48:03 - [TEST_STEP][PASSED] - for ([j = 0, j &lt; symbols.size(), (j++)]): null

2019-08-24 12:48:03 - [TEST_STEP][PASSED] - symbol = symbol: null

2019-08-24 12:48:03 - [TEST_STEP][PASSED] - println(symbol): null

2019-08-24 12:48:03 - [TEST_STEP][PASSED] - if (i == 2 &amp;&amp; wildList.indexOf(symbol) != -1): null

2019-08-24 12:48:03 - [TEST_STEP][PASSED] - if (i == 3 &amp;&amp; wildList.indexOf(symbol) != -1): null

2019-08-24 12:48:03 - [TEST_STEP][PASSED] - if (i == 4 &amp;&amp; wildList.indexOf(symbol) != -1): null

2019-08-24 12:48:03 - [TEST_STEP][PASSED] - symbol = symbol: null

2019-08-24 12:48:03 - [TEST_STEP][PASSED] - println(symbol): null

2019-08-24 12:48:03 - [TEST_STEP][PASSED] - if (i == 2 &amp;&amp; wildList.indexOf(symbol) != -1): null

2019-08-24 12:48:03 - [TEST_STEP][PASSED] - if (i == 3 &amp;&amp; wildList.indexOf(symbol) != -1): null

2019-08-24 12:48:03 - [TEST_STEP][PASSED] - if (i == 4 &amp;&amp; wildList.indexOf(symbol) != -1): null

2019-08-24 12:48:03 - [TEST_STEP][PASSED] - symbol = symbol: null

2019-08-24 12:48:03 - [TEST_STEP][PASSED] - println(symbol): null

2019-08-24 12:48:03 - [TEST_STEP][PASSED] - if (i == 2 &amp;&amp; wildList.indexOf(symbol) != -1): null

2019-08-24 12:48:03 - [TEST_STEP][PASSED] - if (i == 3 &amp;&amp; wildList.indexOf(symbol) != -1): null

2019-08-24 12:48:03 - [TEST_STEP][PASSED] - if (i == 4 &amp;&amp; wildList.indexOf(symbol) != -1): null

2019-08-24 12:48:03 - [TEST_STEP][PASSED] - symbols = symbols: null

2019-08-24 12:48:03 - [TEST_STEP][PASSED] - for ([j = 0, j &lt; symbols.size(), (j++)]): null

2019-08-24 12:48:03 - [TEST_STEP][PASSED] - symbol = symbol: null

2019-08-24 12:48:03 - [TEST_STEP][PASSED] - println(symbol): null

2019-08-24 12:48:03 - [TEST_STEP][PASSED] - if (i == 2 &amp;&amp; wildList.indexOf(symbol) != -1): null

2019-08-24 12:48:03 - [TEST_STEP][PASSED] - if (i == 3 &amp;&amp; wildList.indexOf(symbol) != -1): null

2019-08-24 12:48:03 - [TEST_STEP][PASSED] - if (i == 4 &amp;&amp; wildList.indexOf(symbol) != -1): null

2019-08-24 12:48:03 - [TEST_STEP][PASSED] - symbol = symbol: null

2019-08-24 12:48:03 - [TEST_STEP][PASSED] - println(symbol): null

2019-08-24 12:48:03 - [TEST_STEP][PASSED] - if (i == 2 &amp;&amp; wildList.indexOf(symbol) != -1): null

2019-08-24 12:48:03 - [TEST_STEP][PASSED] - if (i == 3 &amp;&amp; wildList.indexOf(symbol) != -1): null

2019-08-24 12:48:03 - [TEST_STEP][PASSED] - if (i == 4 &amp;&amp; wildList.indexOf(symbol) != -1): null

2019-08-24 12:48:03 - [TEST_STEP][PASSED] - symbol = symbol: null

2019-08-24 12:48:03 - [TEST_STEP][PASSED] - println(symbol): null

2019-08-24 12:48:03 - [TEST_STEP][PASSED] - if (i == 2 &amp;&amp; wildList.indexOf(symbol) != -1): null

2019-08-24 12:48:03 - [TEST_STEP][PASSED] - if (i == 3 &amp;&amp; wildList.indexOf(symbol) != -1): null

2019-08-24 12:48:03 - [TEST_STEP][PASSED] - if (i == 4 &amp;&amp; wildList.indexOf(symbol) != -1): null

2019-08-24 12:48:03 - [TEST_STEP][PASSED] - symbols = symbols: null

2019-08-24 12:48:03 - [TEST_STEP][PASSED] - for ([j = 0, j &lt; symbols.size(), (j++)]): null

2019-08-24 12:48:03 - [TEST_STEP][PASSED] - symbol = symbol: null

2019-08-24 12:48:03 - [TEST_STEP][PASSED] - println(symbol): null

2019-08-24 12:48:03 - [TEST_STEP][PASSED] - if (i == 2 &amp;&amp; wildList.indexOf(symbol) != -1): null

2019-08-24 12:48:03 - [TEST_STEP][PASSED] - if (i == 3 &amp;&amp; wildList.indexOf(symbol) != -1): null

2019-08-24 12:48:03 - [TEST_STEP][PASSED] - if (i == 4 &amp;&amp; wildList.indexOf(symbol) != -1): null

2019-08-24 12:48:03 - [TEST_STEP][PASSED] - symbol = symbol: null

2019-08-24 12:48:03 - [TEST_STEP][PASSED] - println(symbol): null

2019-08-24 12:48:03 - [TEST_STEP][PASSED] - if (i == 2 &amp;&amp; wildList.indexOf(symbol) != -1): null

2019-08-24 12:48:03 - [TEST_STEP][PASSED] - if (i == 3 &amp;&amp; wildList.indexOf(symbol) != -1): null

2019-08-24 12:48:03 - [TEST_STEP][PASSED] - if (i == 4 &amp;&amp; wildList.indexOf(symbol) != -1): null

2019-08-24 12:48:03 - [TEST_STEP][PASSED] - symbol = symbol: null

2019-08-24 12:48:03 - [TEST_STEP][PASSED] - println(symbol): null

2019-08-24 12:48:03 - [TEST_STEP][PASSED] - if (i == 2 &amp;&amp; wildList.indexOf(symbol) != -1): null

2019-08-24 12:48:03 - [TEST_STEP][PASSED] - if (i == 3 &amp;&amp; wildList.indexOf(symbol) != -1): null

2019-08-24 12:48:03 - [TEST_STEP][PASSED] - if (i == 4 &amp;&amp; wildList.indexOf(symbol) != -1): null

2019-08-24 12:48:03 - [TEST_STEP][PASSED] - symbols = symbols: null

2019-08-24 12:48:03 - [TEST_STEP][PASSED] - for ([j = 0, j &lt; symbols.size(), (j++)]): null

2019-08-24 12:48:03 - [TEST_STEP][PASSED] - symbol = symbol: null

2019-08-24 12:48:03 - [TEST_STEP][PASSED] - println(symbol): null

2019-08-24 12:48:03 - [TEST_STEP][PASSED] - if (i == 2 &amp;&amp; wildList.indexOf(symbol) != -1): null

2019-08-24 12:48:03 - [TEST_STEP][PASSED] - if (i == 3 &amp;&amp; wildList.indexOf(symbol) != -1): null

2019-08-24 12:48:03 - [TEST_STEP][PASSED] - if (i == 4 &amp;&amp; wildList.indexOf(symbol) != -1): null

2019-08-24 12:48:03 - [TEST_STEP][PASSED] - symbol = symbol: null

2019-08-24 12:48:03 - [TEST_STEP][PASSED] - println(symbol): null

2019-08-24 12:48:03 - [TEST_STEP][PASSED] - if (i == 2 &amp;&amp; wildList.indexOf(symbol) != -1): null

2019-08-24 12:48:03 - [TEST_STEP][PASSED] - if (i == 3 &amp;&amp; wildList.indexOf(symbol) != -1): null

2019-08-24 12:48:03 - [TEST_STEP][PASSED] - if (i == 4 &amp;&amp; wildList.indexOf(symbol) != -1): null

2019-08-24 12:48:03 - [TEST_STEP][PASSED] - symbol = symbol: null

2019-08-24 12:48:03 - [TEST_STEP][PASSED] - println(symbol): null

2019-08-24 12:48:03 - [TEST_STEP][PASSED] - if (i == 2 &amp;&amp; wildList.indexOf(symbol) != -1): null

2019-08-24 12:48:03 - [TEST_STEP][PASSED] - if (i == 3 &amp;&amp; wildList.indexOf(symbol) != -1): null

2019-08-24 12:48:03 - [TEST_STEP][PASSED] - if (i == 4 &amp;&amp; wildList.indexOf(symbol) != -1): null

2019-08-24 12:48:03 - [TEST_STEP][PASSED] - free_spin_reel_counter = free_spin_reel_counter: null

2019-08-24 12:48:03 - [TEST_STEP][PASSED] - println("reel 3 wild found: " + free_spin_reel_counter[0]): null

2019-08-24 12:48:03 - [TEST_STEP][PASSED] - println("reel 4 wild found: " + free_spin_reel_counter[1]): null

2019-08-24 12:48:03 - [TEST_STEP][PASSED] - println("reel 5 wild found: " + free_spin_reel_counter[2]): null

2019-08-24 12:48:03 - [TEST_STEP][PASSED] - M4_spin_reels = M4_spin_reels: null

2019-08-24 12:48:03 - [TEST_STEP][PASSED] - M4_spin_reels_symbols = symbol: null

2019-08-24 12:48:03 - [TEST_STEP][PASSED] - M4_spin_reels_symbols = M4_spin_reels_symbols: null

2019-08-24 12:48:03 - [TEST_STEP][PASSED] - M4_spin_reel_wins = reel_wins: null

2019-08-24 12:48:03 - [TEST_STEP][PASSED] - M4_spin_reel_wins = M4_spin_reel_wins: null

2019-08-24 12:48:03 - [TEST_STEP][PASSED] - println("GlobalVariable.M4_spin_reel_wins is: " + M4_spin_reel_wins): null

2019-08-24 12:48:03 - [TEST_STEP][PASSED] - M4_spin_total_bonus_win_this_round = total_bonus_win_this_round: null

2019-08-24 12:48:03 - [TEST_STEP][PASSED] - M4_spin_total_bonus_win_this_round = M4_spin_total_bonus_win_this_round: null

2019-08-24 12:48:03 - [TEST_STEP][PASSED] - println("GlobalVariable.M4_spin_total_bonus_win_this_round is: " + M4_spin_total_bonus_win_this_round): null

2019-08-24 12:48:03 - [TEST_STEP][PASSED] - M4_spin_bonus_spin_result = spin_result: null

2019-08-24 12:48:03 - [TEST_STEP][PASSED] - M4_spin_bonus_spin_result = M4_spin_bonus_spin_result: null

2019-08-24 12:48:03 - [MESSAGE][PASSED] - Verify response successfully

2019-08-24 12:48:03 - [MESSAGE][PASSED] - Send request and verify the response successfully

2019-08-24 12:48:03 - [TEST_STEP][PASSED] - if (M4_total_bonus_spins_int != 0 &amp;&amp; M4_spin_reels_symbols[2].contains("WILD_Double") || M4_spin_reels_symbols[4].contains("WILD_Triple")): null

2019-08-24 12:48:03 - [TEST_STEP][PASSED] - free_spin_reel_counter = free_spin_reel_counter: null

2019-08-24 12:48:03 - [TEST_STEP][PASSED] - M4_spin_reels_symbols = M4_spin_reels_symbols: null

2019-08-24 12:48:03 - [TEST_STEP][PASSED] - M4_total_bonus_spins = M4_total_bonus_spins: null

2019-08-24 12:48:03 - [TEST_STEP][PASSED] - spin_result = sendRequestAndVerify(findTestObject("INT/RGS(M4)/1_M4_spin", ["M4_login_user_id":M4_login_user_id, "rgs_session_token":rgs_session_token, "partner":Partner])): Send request and verify the response successfully

2019-08-24 12:48:03 - [MESSAGE][INFO] - HAR: /Users/eiralee/Katalon_Script/SuperWild/Reports/20190824_124242/INT/superWild_4/20190824_124242/requests/main/99.har

2019-08-24 12:48:03 - [TEST_CASE][PASSED] - Start Test Case : Verification: Verification accomplished successfully

2019-08-24 12:48:03 - [TEST_STEP][PASSED] - request = getInstance().getCurrentRequest(): null

2019-08-24 12:48:03 - [TEST_STEP][PASSED] - response = getInstance().getCurrentResponse(): null

2019-08-24 12:48:03 - [TEST_STEP][PASSED] - verifyResponseStatusCode(response, 200): Verify response status code successfully

2019-08-24 12:48:03 - [MESSAGE][PASSED] - Verify response status code successfully

2019-08-24 12:48:03 - [TEST_STEP][PASSED] - getStatusCode()).isEqualTo(200): null

2019-08-24 12:48:03 - [TEST_STEP][PASSED] - newline = System.getProperty("line.separator"): null

2019-08-24 12:48:03 - [TEST_STEP][PASSED] - M4_spin = new groovy.json.JsonSlurper(): null

2019-08-24 12:48:03 - [TEST_STEP][PASSED] - result_M4_spin = M4_spin.parseText(response.getResponseBodyContent()): null

2019-08-24 12:48:03 - [TEST_STEP][PASSED] - M4_spin_current_balance = current_balance: null

2019-08-24 12:48:03 - [TEST_STEP][PASSED] - M4_spin_current_balance = M4_spin_current_balance: null

2019-08-24 12:48:03 - [TEST_STEP][PASSED] - M4_spin_transaction_id = causality: null

2019-08-24 12:48:03 - [TEST_STEP][PASSED] - M4_spin_transaction_id = M4_spin_transaction_id: null

2019-08-24 12:48:03 - [TEST_STEP][PASSED] - M4_spin_round_id = round_id: null

2019-08-24 12:48:03 - [TEST_STEP][PASSED] - M4_spin_round_id = M4_spin_round_id: null

2019-08-24 12:48:03 - [TEST_STEP][PASSED] - M4_spin_line_wins = line_wins: null

2019-08-24 12:48:03 - [TEST_STEP][PASSED] - M4_spin_line_wins = M4_spin_line_wins: null

2019-08-24 12:48:03 - [TEST_STEP][PASSED] - M4_total_bonus_spins_int = total_bonus_spins: null

2019-08-24 12:48:03 - [TEST_STEP][PASSED] - println("******M4_total_bonus_spins type is:*******" + newline + getClass().getName()): null

2019-08-24 12:48:03 - [TEST_STEP][PASSED] - M4_total_bonus_spins_int = M4_total_bonus_spins_int: null

2019-08-24 12:48:03 - [TEST_STEP][PASSED] - M4_total_bonus_spins = Integer.toString(M4_total_bonus_spins_int): null

2019-08-24 12:48:03 - [TEST_STEP][PASSED] - M4_total_bonus_spins = M4_total_bonus_spins: null

2019-08-24 12:48:03 - [TEST_STEP][PASSED] - println("M4_total_bonus_spins is:" + M4_total_bonus_spins): null

2019-08-24 12:48:03 - [TEST_STEP][PASSED] - M4_spin_bonus_data = bonus_data: null

2019-08-24 12:48:03 - [TEST_STEP][PASSED] - M4_spin_features_triggered = result_M4_spin: null

2019-08-24 12:48:03 - [TEST_STEP][PASSED] - wild = []: null

2019-08-24 12:48:03 - [TEST_STEP][PASSED] - wild[0] = "WILD_Expanding": null

2019-08-24 12:48:03 - [TEST_STEP][PASSED] - wild[1] = "WILD_Normal": null

2019-08-24 12:48:03 - [TEST_STEP][PASSED] - wild[2] = "WILD_Double": null

2019-08-24 12:48:03 - [TEST_STEP][PASSED] - wild[3] = "WILD_ExtraFG": null

2019-08-24 12:48:03 - [TEST_STEP][PASSED] - wild[4] = "WILD_Triple": null

2019-08-24 12:48:03 - [TEST_STEP][PASSED] - wildList = Arrays.asList(wild): null

2019-08-24 12:48:03 - [TEST_STEP][PASSED] - wildList = wildList: null

2019-08-24 12:48:03 - [TEST_STEP][PASSED] - free_spin_reel_counter = []: null

2019-08-24 12:48:03 - [TEST_STEP][PASSED] - free_spin_reel_counter[0] = 0: null

2019-08-24 12:48:03 - [TEST_STEP][PASSED] - free_spin_reel_counter[1] = 0: null

2019-08-24 12:48:03 - [TEST_STEP][PASSED] - free_spin_reel_counter[2] = 0: null

2019-08-24 12:48:03 - [TEST_STEP][PASSED] - M4_spin_reels = reels: null

2019-08-24 12:48:03 - [TEST_STEP][PASSED] - for ([i = 0, i &lt; M4_spin_reels.size(), (i++)]): null

2019-08-24 12:48:03 - [TEST_STEP][PASSED] - symbols = symbols: null

2019-08-24 12:48:03 - [TEST_STEP][PASSED] - for ([j = 0, j &lt; symbols.size(), (j++)]): null

2019-08-24 12:48:03 - [TEST_STEP][PASSED] - symbol = symbol: null

2019-08-24 12:48:03 - [TEST_STEP][PASSED] - println(symbol): null

2019-08-24 12:48:03 - [TEST_STEP][PASSED] - if (i == 2 &amp;&amp; wildList.indexOf(symbol) != -1): null

2019-08-24 12:48:03 - [TEST_STEP][PASSED] - if (i == 3 &amp;&amp; wildList.indexOf(symbol) != -1): null

2019-08-24 12:48:03 - [TEST_STEP][PASSED] - if (i == 4 &amp;&amp; wildList.indexOf(symbol) != -1): null

2019-08-24 12:48:03 - [TEST_STEP][PASSED] - symbol = symbol: null

2019-08-24 12:48:03 - [TEST_STEP][PASSED] - println(symbol): null

2019-08-24 12:48:03 - [TEST_STEP][PASSED] - if (i == 2 &amp;&amp; wildList.indexOf(symbol) != -1): null

2019-08-24 12:48:03 - [TEST_STEP][PASSED] - if (i == 3 &amp;&amp; wildList.indexOf(symbol) != -1): null

2019-08-24 12:48:03 - [TEST_STEP][PASSED] - if (i == 4 &amp;&amp; wildList.indexOf(symbol) != -1): null

2019-08-24 12:48:03 - [TEST_STEP][PASSED] - symbol = symbol: null

2019-08-24 12:48:03 - [TEST_STEP][PASSED] - println(symbol): null

2019-08-24 12:48:03 - [TEST_STEP][PASSED] - if (i == 2 &amp;&amp; wildList.indexOf(symbol) != -1): null

2019-08-24 12:48:03 - [TEST_STEP][PASSED] - if (i == 3 &amp;&amp; wildList.indexOf(symbol) != -1): null

2019-08-24 12:48:03 - [TEST_STEP][PASSED] - if (i == 4 &amp;&amp; wildList.indexOf(symbol) != -1): null

2019-08-24 12:48:03 - [TEST_STEP][PASSED] - symbols = symbols: null

2019-08-24 12:48:03 - [TEST_STEP][PASSED] - for ([j = 0, j &lt; symbols.size(), (j++)]): null

2019-08-24 12:48:03 - [TEST_STEP][PASSED] - symbol = symbol: null

2019-08-24 12:48:03 - [TEST_STEP][PASSED] - println(symbol): null

2019-08-24 12:48:03 - [TEST_STEP][PASSED] - if (i == 2 &amp;&amp; wildList.indexOf(symbol) != -1): null

2019-08-24 12:48:03 - [TEST_STEP][PASSED] - if (i == 3 &amp;&amp; wildList.indexOf(symbol) != -1): null

2019-08-24 12:48:03 - [TEST_STEP][PASSED] - if (i == 4 &amp;&amp; wildList.indexOf(symbol) != -1): null

2019-08-24 12:48:03 - [TEST_STEP][PASSED] - symbol = symbol: null

2019-08-24 12:48:03 - [TEST_STEP][PASSED] - println(symbol): null

2019-08-24 12:48:03 - [TEST_STEP][PASSED] - if (i == 2 &amp;&amp; wildList.indexOf(symbol) != -1): null

2019-08-24 12:48:03 - [TEST_STEP][PASSED] - if (i == 3 &amp;&amp; wildList.indexOf(symbol) != -1): null

2019-08-24 12:48:03 - [TEST_STEP][PASSED] - if (i == 4 &amp;&amp; wildList.indexOf(symbol) != -1): null

2019-08-24 12:48:03 - [TEST_STEP][PASSED] - symbol = symbol: null

2019-08-24 12:48:03 - [TEST_STEP][PASSED] - println(symbol): null

2019-08-24 12:48:03 - [TEST_STEP][PASSED] - if (i == 2 &amp;&amp; wildList.indexOf(symbol) != -1): null

2019-08-24 12:48:03 - [TEST_STEP][PASSED] - if (i == 3 &amp;&amp; wildList.indexOf(symbol) != -1): null

2019-08-24 12:48:03 - [TEST_STEP][PASSED] - if (i == 4 &amp;&amp; wildList.indexOf(symbol) != -1): null

2019-08-24 12:48:03 - [TEST_STEP][PASSED] - symbols = symbols: null

2019-08-24 12:48:03 - [TEST_STEP][PASSED] - for ([j = 0, j &lt; symbols.size(), (j++)]): null

2019-08-24 12:48:03 - [TEST_STEP][PASSED] - symbol = symbol: null

2019-08-24 12:48:03 - [TEST_STEP][PASSED] - println(symbol): null

2019-08-24 12:48:03 - [TEST_STEP][PASSED] - if (i == 2 &amp;&amp; wildList.indexOf(symbol) != -1): null

2019-08-24 12:48:03 - [TEST_STEP][PASSED] - if (i == 3 &amp;&amp; wildList.indexOf(symbol) != -1): null

2019-08-24 12:48:03 - [TEST_STEP][PASSED] - if (i == 4 &amp;&amp; wildList.indexOf(symbol) != -1): null

2019-08-24 12:48:03 - [TEST_STEP][PASSED] - symbol = symbol: null

2019-08-24 12:48:03 - [TEST_STEP][PASSED] - println(symbol): null

2019-08-24 12:48:03 - [TEST_STEP][PASSED] - if (i == 2 &amp;&amp; wildList.indexOf(symbol) != -1): null

2019-08-24 12:48:03 - [TEST_STEP][PASSED] - if (i == 3 &amp;&amp; wildList.indexOf(symbol) != -1): null

2019-08-24 12:48:03 - [TEST_STEP][PASSED] - if (i == 4 &amp;&amp; wildList.indexOf(symbol) != -1): null

2019-08-24 12:48:03 - [TEST_STEP][PASSED] - symbol = symbol: null

2019-08-24 12:48:03 - [TEST_STEP][PASSED] - println(symbol): null

2019-08-24 12:48:03 - [TEST_STEP][PASSED] - if (i == 2 &amp;&amp; wildList.indexOf(symbol) != -1): null

2019-08-24 12:48:03 - [TEST_STEP][PASSED] - if (i == 3 &amp;&amp; wildList.indexOf(symbol) != -1): null

2019-08-24 12:48:03 - [TEST_STEP][PASSED] - if (i == 4 &amp;&amp; wildList.indexOf(symbol) != -1): null

2019-08-24 12:48:03 - [TEST_STEP][PASSED] - symbols = symbols: null

2019-08-24 12:48:03 - [TEST_STEP][PASSED] - for ([j = 0, j &lt; symbols.size(), (j++)]): null

2019-08-24 12:48:03 - [TEST_STEP][PASSED] - symbol = symbol: null

2019-08-24 12:48:03 - [TEST_STEP][PASSED] - println(symbol): null

2019-08-24 12:48:03 - [TEST_STEP][PASSED] - if (i == 2 &amp;&amp; wildList.indexOf(symbol) != -1): null

2019-08-24 12:48:03 - [TEST_STEP][PASSED] - if (i == 3 &amp;&amp; wildList.indexOf(symbol) != -1): null

2019-08-24 12:48:03 - [TEST_STEP][PASSED] - println("wild found on reel 4, adding counter by 1"): null

2019-08-24 12:48:03 - [TEST_STEP][PASSED] - free_spin_reel_counter[1] = free_spin_reel_counter[1] + 1: null

2019-08-24 12:48:03 - [TEST_STEP][PASSED] - if (i == 4 &amp;&amp; wildList.indexOf(symbol) != -1): null

2019-08-24 12:48:03 - [TEST_STEP][PASSED] - symbol = symbol: null

2019-08-24 12:48:03 - [TEST_STEP][PASSED] - println(symbol): null

2019-08-24 12:48:03 - [TEST_STEP][PASSED] - if (i == 2 &amp;&amp; wildList.indexOf(symbol) != -1): null

2019-08-24 12:48:03 - [TEST_STEP][PASSED] - if (i == 3 &amp;&amp; wildList.indexOf(symbol) != -1): null

2019-08-24 12:48:03 - [TEST_STEP][PASSED] - if (i == 4 &amp;&amp; wildList.indexOf(symbol) != -1): null

2019-08-24 12:48:03 - [TEST_STEP][PASSED] - symbol = symbol: null

2019-08-24 12:48:03 - [TEST_STEP][PASSED] - println(symbol): null

2019-08-24 12:48:03 - [TEST_STEP][PASSED] - if (i == 2 &amp;&amp; wildList.indexOf(symbol) != -1): null

2019-08-24 12:48:03 - [TEST_STEP][PASSED] - if (i == 3 &amp;&amp; wildList.indexOf(symbol) != -1): null

2019-08-24 12:48:03 - [TEST_STEP][PASSED] - if (i == 4 &amp;&amp; wildList.indexOf(symbol) != -1): null

2019-08-24 12:48:03 - [TEST_STEP][PASSED] - symbols = symbols: null

2019-08-24 12:48:03 - [TEST_STEP][PASSED] - for ([j = 0, j &lt; symbols.size(), (j++)]): null

2019-08-24 12:48:03 - [TEST_STEP][PASSED] - symbol = symbol: null

2019-08-24 12:48:03 - [TEST_STEP][PASSED] - println(symbol): null

2019-08-24 12:48:03 - [TEST_STEP][PASSED] - if (i == 2 &amp;&amp; wildList.indexOf(symbol) != -1): null

2019-08-24 12:48:03 - [TEST_STEP][PASSED] - if (i == 3 &amp;&amp; wildList.indexOf(symbol) != -1): null

2019-08-24 12:48:03 - [TEST_STEP][PASSED] - if (i == 4 &amp;&amp; wildList.indexOf(symbol) != -1): null

2019-08-24 12:48:03 - [TEST_STEP][PASSED] - symbol = symbol: null

2019-08-24 12:48:03 - [TEST_STEP][PASSED] - println(symbol): null

2019-08-24 12:48:03 - [TEST_STEP][PASSED] - if (i == 2 &amp;&amp; wildList.indexOf(symbol) != -1): null

2019-08-24 12:48:03 - [TEST_STEP][PASSED] - if (i == 3 &amp;&amp; wildList.indexOf(symbol) != -1): null

2019-08-24 12:48:03 - [TEST_STEP][PASSED] - if (i == 4 &amp;&amp; wildList.indexOf(symbol) != -1): null

2019-08-24 12:48:03 - [TEST_STEP][PASSED] - symbol = symbol: null

2019-08-24 12:48:03 - [TEST_STEP][PASSED] - println(symbol): null

2019-08-24 12:48:03 - [TEST_STEP][PASSED] - if (i == 2 &amp;&amp; wildList.indexOf(symbol) != -1): null

2019-08-24 12:48:03 - [TEST_STEP][PASSED] - if (i == 3 &amp;&amp; wildList.indexOf(symbol) != -1): null

2019-08-24 12:48:03 - [TEST_STEP][PASSED] - if (i == 4 &amp;&amp; wildList.indexOf(symbol) != -1): null

2019-08-24 12:48:03 - [TEST_STEP][PASSED] - free_spin_reel_counter = free_spin_reel_counter: null

2019-08-24 12:48:03 - [TEST_STEP][PASSED] - println("reel 3 wild found: " + free_spin_reel_counter[0]): null

2019-08-24 12:48:03 - [TEST_STEP][PASSED] - println("reel 4 wild found: " + free_spin_reel_counter[1]): null

2019-08-24 12:48:03 - [TEST_STEP][PASSED] - println("reel 5 wild found: " + free_spin_reel_counter[2]): null

2019-08-24 12:48:03 - [TEST_STEP][PASSED] - M4_spin_reels = M4_spin_reels: null

2019-08-24 12:48:03 - [TEST_STEP][PASSED] - M4_spin_reels_symbols = symbol: null

2019-08-24 12:48:03 - [TEST_STEP][PASSED] - M4_spin_reels_symbols = M4_spin_reels_symbols: null

2019-08-24 12:48:03 - [TEST_STEP][PASSED] - M4_spin_reel_wins = reel_wins: null

2019-08-24 12:48:03 - [TEST_STEP][PASSED] - M4_spin_reel_wins = M4_spin_reel_wins: null

2019-08-24 12:48:03 - [TEST_STEP][PASSED] - println("GlobalVariable.M4_spin_reel_wins is: " + M4_spin_reel_wins): null

2019-08-24 12:48:03 - [TEST_STEP][PASSED] - M4_spin_total_bonus_win_this_round = total_bonus_win_this_round: null

2019-08-24 12:48:03 - [TEST_STEP][PASSED] - M4_spin_total_bonus_win_this_round = M4_spin_total_bonus_win_this_round: null

2019-08-24 12:48:03 - [TEST_STEP][PASSED] - println("GlobalVariable.M4_spin_total_bonus_win_this_round is: " + M4_spin_total_bonus_win_this_round): null

2019-08-24 12:48:03 - [TEST_STEP][PASSED] - M4_spin_bonus_spin_result = spin_result: null

2019-08-24 12:48:03 - [TEST_STEP][PASSED] - M4_spin_bonus_spin_result = M4_spin_bonus_spin_result: null

2019-08-24 12:48:03 - [MESSAGE][PASSED] - Verify response successfully

2019-08-24 12:48:03 - [MESSAGE][PASSED] - Send request and verify the response successfully

2019-08-24 12:48:03 - [TEST_STEP][PASSED] - if (M4_total_bonus_spins_int != 0 &amp;&amp; M4_spin_reels_symbols[2].contains("WILD_Double") || M4_spin_reels_symbols[4].contains("WILD_Triple")): null

2019-08-24 12:48:03 - [TEST_STEP][PASSED] - free_spin_reel_counter = free_spin_reel_counter: null

2019-08-24 12:48:03 - [TEST_STEP][PASSED] - M4_spin_reels_symbols = M4_spin_reels_symbols: null

2019-08-24 12:48:03 - [TEST_STEP][PASSED] - M4_total_bonus_spins = M4_total_bonus_spins: null

2019-08-24 12:48:03 - [TEST_STEP][PASSED] - spin_result = sendRequestAndVerify(findTestObject("INT/RGS(M4)/1_M4_spin", ["M4_login_user_id":M4_login_user_id, "rgs_session_token":rgs_session_token, "partner":Partner])): Send request and verify the response successfully

2019-08-24 12:48:04 - [MESSAGE][INFO] - HAR: /Users/eiralee/Katalon_Script/SuperWild/Reports/20190824_124242/INT/superWild_4/20190824_124242/requests/main/100.har

2019-08-24 12:48:04 - [TEST_CASE][PASSED] - Start Test Case : Verification: Verification accomplished successfully

2019-08-24 12:48:04 - [TEST_STEP][PASSED] - request = getInstance().getCurrentRequest(): null

2019-08-24 12:48:04 - [TEST_STEP][PASSED] - response = getInstance().getCurrentResponse(): null

2019-08-24 12:48:04 - [TEST_STEP][PASSED] - verifyResponseStatusCode(response, 200): Verify response status code successfully

2019-08-24 12:48:04 - [MESSAGE][PASSED] - Verify response status code successfully

2019-08-24 12:48:04 - [TEST_STEP][PASSED] - getStatusCode()).isEqualTo(200): null

2019-08-24 12:48:04 - [TEST_STEP][PASSED] - newline = System.getProperty("line.separator"): null

2019-08-24 12:48:04 - [TEST_STEP][PASSED] - M4_spin = new groovy.json.JsonSlurper(): null

2019-08-24 12:48:04 - [TEST_STEP][PASSED] - result_M4_spin = M4_spin.parseText(response.getResponseBodyContent()): null

2019-08-24 12:48:04 - [TEST_STEP][PASSED] - M4_spin_current_balance = current_balance: null

2019-08-24 12:48:04 - [TEST_STEP][PASSED] - M4_spin_current_balance = M4_spin_current_balance: null

2019-08-24 12:48:04 - [TEST_STEP][PASSED] - M4_spin_transaction_id = causality: null

2019-08-24 12:48:04 - [TEST_STEP][PASSED] - M4_spin_transaction_id = M4_spin_transaction_id: null

2019-08-24 12:48:04 - [TEST_STEP][PASSED] - M4_spin_round_id = round_id: null

2019-08-24 12:48:04 - [TEST_STEP][PASSED] - M4_spin_round_id = M4_spin_round_id: null

2019-08-24 12:48:04 - [TEST_STEP][PASSED] - M4_spin_line_wins = line_wins: null

2019-08-24 12:48:04 - [TEST_STEP][PASSED] - M4_spin_line_wins = M4_spin_line_wins: null

2019-08-24 12:48:04 - [TEST_STEP][PASSED] - M4_total_bonus_spins_int = total_bonus_spins: null

2019-08-24 12:48:04 - [TEST_STEP][PASSED] - println("******M4_total_bonus_spins type is:*******" + newline + getClass().getName()): null

2019-08-24 12:48:04 - [TEST_STEP][PASSED] - M4_total_bonus_spins_int = M4_total_bonus_spins_int: null

2019-08-24 12:48:04 - [TEST_STEP][PASSED] - M4_total_bonus_spins = Integer.toString(M4_total_bonus_spins_int): null

2019-08-24 12:48:04 - [TEST_STEP][PASSED] - M4_total_bonus_spins = M4_total_bonus_spins: null

2019-08-24 12:48:04 - [TEST_STEP][PASSED] - println("M4_total_bonus_spins is:" + M4_total_bonus_spins): null

2019-08-24 12:48:04 - [TEST_STEP][PASSED] - M4_spin_bonus_data = bonus_data: null

2019-08-24 12:48:04 - [TEST_STEP][PASSED] - M4_spin_features_triggered = result_M4_spin: null

2019-08-24 12:48:04 - [TEST_STEP][PASSED] - wild = []: null

2019-08-24 12:48:04 - [TEST_STEP][PASSED] - wild[0] = "WILD_Expanding": null

2019-08-24 12:48:04 - [TEST_STEP][PASSED] - wild[1] = "WILD_Normal": null

2019-08-24 12:48:04 - [TEST_STEP][PASSED] - wild[2] = "WILD_Double": null

2019-08-24 12:48:04 - [TEST_STEP][PASSED] - wild[3] = "WILD_ExtraFG": null

2019-08-24 12:48:04 - [TEST_STEP][PASSED] - wild[4] = "WILD_Triple": null

2019-08-24 12:48:04 - [TEST_STEP][PASSED] - wildList = Arrays.asList(wild): null

2019-08-24 12:48:04 - [TEST_STEP][PASSED] - wildList = wildList: null

2019-08-24 12:48:04 - [TEST_STEP][PASSED] - free_spin_reel_counter = []: null

2019-08-24 12:48:04 - [TEST_STEP][PASSED] - free_spin_reel_counter[0] = 0: null

2019-08-24 12:48:04 - [TEST_STEP][PASSED] - free_spin_reel_counter[1] = 0: null

2019-08-24 12:48:04 - [TEST_STEP][PASSED] - free_spin_reel_counter[2] = 0: null

2019-08-24 12:48:04 - [TEST_STEP][PASSED] - M4_spin_reels = reels: null

2019-08-24 12:48:04 - [TEST_STEP][PASSED] - for ([i = 0, i &lt; M4_spin_reels.size(), (i++)]): null

2019-08-24 12:48:04 - [TEST_STEP][PASSED] - symbols = symbols: null

2019-08-24 12:48:04 - [TEST_STEP][PASSED] - for ([j = 0, j &lt; symbols.size(), (j++)]): null

2019-08-24 12:48:04 - [TEST_STEP][PASSED] - symbol = symbol: null

2019-08-24 12:48:04 - [TEST_STEP][PASSED] - println(symbol): null

2019-08-24 12:48:04 - [TEST_STEP][PASSED] - if (i == 2 &amp;&amp; wildList.indexOf(symbol) != -1): null

2019-08-24 12:48:04 - [TEST_STEP][PASSED] - if (i == 3 &amp;&amp; wildList.indexOf(symbol) != -1): null

2019-08-24 12:48:04 - [TEST_STEP][PASSED] - if (i == 4 &amp;&amp; wildList.indexOf(symbol) != -1): null

2019-08-24 12:48:04 - [TEST_STEP][PASSED] - symbol = symbol: null

2019-08-24 12:48:04 - [TEST_STEP][PASSED] - println(symbol): null

2019-08-24 12:48:04 - [TEST_STEP][PASSED] - if (i == 2 &amp;&amp; wildList.indexOf(symbol) != -1): null

2019-08-24 12:48:04 - [TEST_STEP][PASSED] - if (i == 3 &amp;&amp; wildList.indexOf(symbol) != -1): null

2019-08-24 12:48:04 - [TEST_STEP][PASSED] - if (i == 4 &amp;&amp; wildList.indexOf(symbol) != -1): null

2019-08-24 12:48:04 - [TEST_STEP][PASSED] - symbol = symbol: null

2019-08-24 12:48:04 - [TEST_STEP][PASSED] - println(symbol): null

2019-08-24 12:48:04 - [TEST_STEP][PASSED] - if (i == 2 &amp;&amp; wildList.indexOf(symbol) != -1): null

2019-08-24 12:48:04 - [TEST_STEP][PASSED] - if (i == 3 &amp;&amp; wildList.indexOf(symbol) != -1): null

2019-08-24 12:48:04 - [TEST_STEP][PASSED] - if (i == 4 &amp;&amp; wildList.indexOf(symbol) != -1): null

2019-08-24 12:48:04 - [TEST_STEP][PASSED] - symbols = symbols: null

2019-08-24 12:48:04 - [TEST_STEP][PASSED] - for ([j = 0, j &lt; symbols.size(), (j++)]): null

2019-08-24 12:48:04 - [TEST_STEP][PASSED] - symbol = symbol: null

2019-08-24 12:48:04 - [TEST_STEP][PASSED] - println(symbol): null

2019-08-24 12:48:04 - [TEST_STEP][PASSED] - if (i == 2 &amp;&amp; wildList.indexOf(symbol) != -1): null

2019-08-24 12:48:04 - [TEST_STEP][PASSED] - if (i == 3 &amp;&amp; wildList.indexOf(symbol) != -1): null

2019-08-24 12:48:04 - [TEST_STEP][PASSED] - if (i == 4 &amp;&amp; wildList.indexOf(symbol) != -1): null

2019-08-24 12:48:04 - [TEST_STEP][PASSED] - symbol = symbol: null

2019-08-24 12:48:04 - [TEST_STEP][PASSED] - println(symbol): null

2019-08-24 12:48:04 - [TEST_STEP][PASSED] - if (i == 2 &amp;&amp; wildList.indexOf(symbol) != -1): null

2019-08-24 12:48:04 - [TEST_STEP][PASSED] - if (i == 3 &amp;&amp; wildList.indexOf(symbol) != -1): null

2019-08-24 12:48:04 - [TEST_STEP][PASSED] - if (i == 4 &amp;&amp; wildList.indexOf(symbol) != -1): null

2019-08-24 12:48:04 - [TEST_STEP][PASSED] - symbol = symbol: null

2019-08-24 12:48:04 - [TEST_STEP][PASSED] - println(symbol): null

2019-08-24 12:48:04 - [TEST_STEP][PASSED] - if (i == 2 &amp;&amp; wildList.indexOf(symbol) != -1): null

2019-08-24 12:48:04 - [TEST_STEP][PASSED] - if (i == 3 &amp;&amp; wildList.indexOf(symbol) != -1): null

2019-08-24 12:48:04 - [TEST_STEP][PASSED] - if (i == 4 &amp;&amp; wildList.indexOf(symbol) != -1): null

2019-08-24 12:48:04 - [TEST_STEP][PASSED] - symbols = symbols: null

2019-08-24 12:48:04 - [TEST_STEP][PASSED] - for ([j = 0, j &lt; symbols.size(), (j++)]): null

2019-08-24 12:48:04 - [TEST_STEP][PASSED] - symbol = symbol: null

2019-08-24 12:48:04 - [TEST_STEP][PASSED] - println(symbol): null

2019-08-24 12:48:04 - [TEST_STEP][PASSED] - if (i == 2 &amp;&amp; wildList.indexOf(symbol) != -1): null

2019-08-24 12:48:08 - [TEST_STEP][PASSED] - if (i == 3 &amp;&amp; wildList.indexOf(symbol) != -1): null

2019-08-24 12:48:08 - [TEST_STEP][PASSED] - if (i == 4 &amp;&amp; wildList.indexOf(symbol) != -1): null

2019-08-24 12:48:08 - [TEST_STEP][PASSED] - symbol = symbol: null

2019-08-24 12:48:08 - [TEST_STEP][PASSED] - println(symbol): null

2019-08-24 12:48:08 - [TEST_STEP][PASSED] - if (i == 2 &amp;&amp; wildList.indexOf(symbol) != -1): null

2019-08-24 12:48:08 - [TEST_STEP][PASSED] - if (i == 3 &amp;&amp; wildList.indexOf(symbol) != -1): null

2019-08-24 12:48:08 - [TEST_STEP][PASSED] - if (i == 4 &amp;&amp; wildList.indexOf(symbol) != -1): null

2019-08-24 12:48:08 - [TEST_STEP][PASSED] - symbol = symbol: null

2019-08-24 12:48:08 - [TEST_STEP][PASSED] - println(symbol): null

2019-08-24 12:48:08 - [TEST_STEP][PASSED] - if (i == 2 &amp;&amp; wildList.indexOf(symbol) != -1): null

2019-08-24 12:48:10 - [TEST_STEP][PASSED] - if (i == 3 &amp;&amp; wildList.indexOf(symbol) != -1): null

2019-08-24 12:48:10 - [TEST_STEP][PASSED] - if (i == 4 &amp;&amp; wildList.indexOf(symbol) != -1): null

2019-08-24 12:48:10 - [TEST_STEP][PASSED] - symbols = symbols: null

2019-08-24 12:48:10 - [TEST_STEP][PASSED] - for ([j = 0, j &lt; symbols.size(), (j++)]): null

2019-08-24 12:48:10 - [TEST_STEP][PASSED] - symbol = symbol: null

2019-08-24 12:48:10 - [TEST_STEP][PASSED] - println(symbol): null

2019-08-24 12:48:10 - [TEST_STEP][PASSED] - if (i == 2 &amp;&amp; wildList.indexOf(symbol) != -1): null

2019-08-24 12:48:10 - [TEST_STEP][PASSED] - if (i == 3 &amp;&amp; wildList.indexOf(symbol) != -1): null

2019-08-24 12:48:10 - [TEST_STEP][PASSED] - if (i == 4 &amp;&amp; wildList.indexOf(symbol) != -1): null

2019-08-24 12:48:10 - [TEST_STEP][PASSED] - symbol = symbol: null

2019-08-24 12:48:10 - [TEST_STEP][PASSED] - println(symbol): null

2019-08-24 12:48:10 - [TEST_STEP][PASSED] - if (i == 2 &amp;&amp; wildList.indexOf(symbol) != -1): null

2019-08-24 12:48:10 - [TEST_STEP][PASSED] - if (i == 3 &amp;&amp; wildList.indexOf(symbol) != -1): null

2019-08-24 12:48:10 - [TEST_STEP][PASSED] - if (i == 4 &amp;&amp; wildList.indexOf(symbol) != -1): null

2019-08-24 12:48:10 - [TEST_STEP][PASSED] - symbol = symbol: null

2019-08-24 12:48:10 - [TEST_STEP][PASSED] - println(symbol): null

2019-08-24 12:48:10 - [TEST_STEP][PASSED] - if (i == 2 &amp;&amp; wildList.indexOf(symbol) != -1): null

2019-08-24 12:48:10 - [TEST_STEP][PASSED] - if (i == 3 &amp;&amp; wildList.indexOf(symbol) != -1): null

2019-08-24 12:48:10 - [TEST_STEP][PASSED] - if (i == 4 &amp;&amp; wildList.indexOf(symbol) != -1): null

2019-08-24 12:48:10 - [TEST_STEP][PASSED] - symbols = symbols: null

2019-08-24 12:48:10 - [TEST_STEP][PASSED] - for ([j = 0, j &lt; symbols.size(), (j++)]): null

2019-08-24 12:48:10 - [TEST_STEP][PASSED] - symbol = symbol: null

2019-08-24 12:48:10 - [TEST_STEP][PASSED] - println(symbol): null

2019-08-24 12:48:10 - [TEST_STEP][PASSED] - if (i == 2 &amp;&amp; wildList.indexOf(symbol) != -1): null

2019-08-24 12:48:10 - [TEST_STEP][PASSED] - if (i == 3 &amp;&amp; wildList.indexOf(symbol) != -1): null

2019-08-24 12:48:10 - [TEST_STEP][PASSED] - if (i == 4 &amp;&amp; wildList.indexOf(symbol) != -1): null

2019-08-24 12:48:10 - [TEST_STEP][PASSED] - symbol = symbol: null

2019-08-24 12:48:10 - [TEST_STEP][PASSED] - println(symbol): null

2019-08-24 12:48:10 - [TEST_STEP][PASSED] - if (i == 2 &amp;&amp; wildList.indexOf(symbol) != -1): null

2019-08-24 12:48:10 - [TEST_STEP][PASSED] - if (i == 3 &amp;&amp; wildList.indexOf(symbol) != -1): null

2019-08-24 12:48:10 - [TEST_STEP][PASSED] - if (i == 4 &amp;&amp; wildList.indexOf(symbol) != -1): null

2019-08-24 12:48:10 - [TEST_STEP][PASSED] - symbol = symbol: null

2019-08-24 12:48:10 - [TEST_STEP][PASSED] - println(symbol): null

2019-08-24 12:48:10 - [TEST_STEP][PASSED] - if (i == 2 &amp;&amp; wildList.indexOf(symbol) != -1): null

2019-08-24 12:48:10 - [TEST_STEP][PASSED] - if (i == 3 &amp;&amp; wildList.indexOf(symbol) != -1): null

2019-08-24 12:48:10 - [TEST_STEP][PASSED] - if (i == 4 &amp;&amp; wildList.indexOf(symbol) != -1): null

2019-08-24 12:48:10 - [TEST_STEP][PASSED] - println("wild found on reel 5, adding counter by 1"): null

2019-08-24 12:48:10 - [TEST_STEP][PASSED] - free_spin_reel_counter[2] = free_spin_reel_counter[2] + 1: null

2019-08-24 12:48:10 - [TEST_STEP][PASSED] - free_spin_reel_counter = free_spin_reel_counter: null

2019-08-24 12:48:10 - [TEST_STEP][PASSED] - println("reel 3 wild found: " + free_spin_reel_counter[0]): null

2019-08-24 12:48:10 - [TEST_STEP][PASSED] - println("reel 4 wild found: " + free_spin_reel_counter[1]): null

2019-08-24 12:48:10 - [TEST_STEP][PASSED] - println("reel 5 wild found: " + free_spin_reel_counter[2]): null

2019-08-24 12:48:10 - [TEST_STEP][PASSED] - M4_spin_reels = M4_spin_reels: null

2019-08-24 12:48:10 - [TEST_STEP][PASSED] - M4_spin_reels_symbols = symbol: null

2019-08-24 12:48:10 - [TEST_STEP][PASSED] - M4_spin_reels_symbols = M4_spin_reels_symbols: null

2019-08-24 12:48:10 - [TEST_STEP][PASSED] - M4_spin_reel_wins = reel_wins: null

2019-08-24 12:48:10 - [TEST_STEP][PASSED] - M4_spin_reel_wins = M4_spin_reel_wins: null

2019-08-24 12:48:10 - [TEST_STEP][PASSED] - println("GlobalVariable.M4_spin_reel_wins is: " + M4_spin_reel_wins): null

2019-08-24 12:48:10 - [TEST_STEP][PASSED] - M4_spin_total_bonus_win_this_round = total_bonus_win_this_round: null

2019-08-24 12:48:10 - [TEST_STEP][PASSED] - M4_spin_total_bonus_win_this_round = M4_spin_total_bonus_win_this_round: null

2019-08-24 12:48:10 - [TEST_STEP][PASSED] - println("GlobalVariable.M4_spin_total_bonus_win_this_round is: " + M4_spin_total_bonus_win_this_round): null

2019-08-24 12:48:10 - [TEST_STEP][PASSED] - M4_spin_bonus_spin_result = spin_result: null

2019-08-24 12:48:10 - [TEST_STEP][PASSED] - M4_spin_bonus_spin_result = M4_spin_bonus_spin_result: null

2019-08-24 12:48:10 - [MESSAGE][PASSED] - Verify response successfully

2019-08-24 12:48:10 - [MESSAGE][PASSED] - Send request and verify the response successfully

2019-08-24 12:48:10 - [TEST_STEP][PASSED] - if (M4_total_bonus_spins_int != 0 &amp;&amp; M4_spin_reels_symbols[2].contains("WILD_Double") || M4_spin_reels_symbols[4].contains("WILD_Triple")): null

2019-08-24 12:48:10 - [TEST_STEP][PASSED] - free_spin_reel_counter = free_spin_reel_counter: null

2019-08-24 12:48:10 - [TEST_STEP][PASSED] - M4_spin_reels_symbols = M4_spin_reels_symbols: null

2019-08-24 12:48:10 - [TEST_STEP][PASSED] - M4_total_bonus_spins = M4_total_bonus_spins: null

2019-08-24 12:48:10 - [TEST_STEP][PASSED] - spin_result = sendRequestAndVerify(findTestObject("INT/RGS(M4)/1_M4_spin", ["M4_login_user_id":M4_login_user_id, "rgs_session_token":rgs_session_token, "partner":Partner])): Send request and verify the response successfully

2019-08-24 12:48:11 - [MESSAGE][INFO] - HAR: /Users/eiralee/Katalon_Script/SuperWild/Reports/20190824_124242/INT/superWild_4/20190824_124242/requests/main/101.har

2019-08-24 12:48:11 - [TEST_CASE][PASSED] - Start Test Case : Verification: Verification accomplished successfully

2019-08-24 12:48:11 - [TEST_STEP][PASSED] - request = getInstance().getCurrentRequest(): null

2019-08-24 12:48:11 - [TEST_STEP][PASSED] - response = getInstance().getCurrentResponse(): null

2019-08-24 12:48:11 - [TEST_STEP][PASSED] - verifyResponseStatusCode(response, 200): Verify response status code successfully

2019-08-24 12:48:11 - [MESSAGE][PASSED] - Verify response status code successfully

2019-08-24 12:48:11 - [TEST_STEP][PASSED] - getStatusCode()).isEqualTo(200): null

2019-08-24 12:48:11 - [TEST_STEP][PASSED] - newline = System.getProperty("line.separator"): null

2019-08-24 12:48:11 - [TEST_STEP][PASSED] - M4_spin = new groovy.json.JsonSlurper(): null

2019-08-24 12:48:11 - [TEST_STEP][PASSED] - result_M4_spin = M4_spin.parseText(response.getResponseBodyContent()): null

2019-08-24 12:48:11 - [TEST_STEP][PASSED] - M4_spin_current_balance = current_balance: null

2019-08-24 12:48:11 - [TEST_STEP][PASSED] - M4_spin_current_balance = M4_spin_current_balance: null

2019-08-24 12:48:11 - [TEST_STEP][PASSED] - M4_spin_transaction_id = causality: null

2019-08-24 12:48:11 - [TEST_STEP][PASSED] - M4_spin_transaction_id = M4_spin_transaction_id: null

2019-08-24 12:48:11 - [TEST_STEP][PASSED] - M4_spin_round_id = round_id: null

2019-08-24 12:48:11 - [TEST_STEP][PASSED] - M4_spin_round_id = M4_spin_round_id: null

2019-08-24 12:48:11 - [TEST_STEP][PASSED] - M4_spin_line_wins = line_wins: null

2019-08-24 12:48:11 - [TEST_STEP][PASSED] - M4_spin_line_wins = M4_spin_line_wins: null

2019-08-24 12:48:11 - [TEST_STEP][PASSED] - M4_total_bonus_spins_int = total_bonus_spins: null

2019-08-24 12:48:11 - [TEST_STEP][PASSED] - println("******M4_total_bonus_spins type is:*******" + newline + getClass().getName()): null

2019-08-24 12:48:11 - [TEST_STEP][PASSED] - M4_total_bonus_spins_int = M4_total_bonus_spins_int: null

2019-08-24 12:48:11 - [TEST_STEP][PASSED] - M4_total_bonus_spins = Integer.toString(M4_total_bonus_spins_int): null

2019-08-24 12:48:11 - [TEST_STEP][PASSED] - M4_total_bonus_spins = M4_total_bonus_spins: null

2019-08-24 12:48:11 - [TEST_STEP][PASSED] - println("M4_total_bonus_spins is:" + M4_total_bonus_spins): null

2019-08-24 12:48:11 - [TEST_STEP][PASSED] - M4_spin_bonus_data = bonus_data: null

2019-08-24 12:48:11 - [TEST_STEP][PASSED] - M4_spin_features_triggered = result_M4_spin: null

2019-08-24 12:48:11 - [TEST_STEP][PASSED] - wild = []: null

2019-08-24 12:48:11 - [TEST_STEP][PASSED] - wild[0] = "WILD_Expanding": null

2019-08-24 12:48:11 - [TEST_STEP][PASSED] - wild[1] = "WILD_Normal": null

2019-08-24 12:48:11 - [TEST_STEP][PASSED] - wild[2] = "WILD_Double": null

2019-08-24 12:48:11 - [TEST_STEP][PASSED] - wild[3] = "WILD_ExtraFG": null

2019-08-24 12:48:11 - [TEST_STEP][PASSED] - wild[4] = "WILD_Triple": null

2019-08-24 12:48:11 - [TEST_STEP][PASSED] - wildList = Arrays.asList(wild): null

2019-08-24 12:48:11 - [TEST_STEP][PASSED] - wildList = wildList: null

2019-08-24 12:48:11 - [TEST_STEP][PASSED] - free_spin_reel_counter = []: null

2019-08-24 12:48:11 - [TEST_STEP][PASSED] - free_spin_reel_counter[0] = 0: null

2019-08-24 12:48:11 - [TEST_STEP][PASSED] - free_spin_reel_counter[1] = 0: null

2019-08-24 12:48:11 - [TEST_STEP][PASSED] - free_spin_reel_counter[2] = 0: null

2019-08-24 12:48:11 - [TEST_STEP][PASSED] - M4_spin_reels = reels: null

2019-08-24 12:48:11 - [TEST_STEP][PASSED] - for ([i = 0, i &lt; M4_spin_reels.size(), (i++)]): null

2019-08-24 12:48:11 - [TEST_STEP][PASSED] - symbols = symbols: null

2019-08-24 12:48:11 - [TEST_STEP][PASSED] - for ([j = 0, j &lt; symbols.size(), (j++)]): null

2019-08-24 12:48:11 - [TEST_STEP][PASSED] - symbol = symbol: null

2019-08-24 12:48:11 - [TEST_STEP][PASSED] - println(symbol): null

2019-08-24 12:48:11 - [TEST_STEP][PASSED] - if (i == 2 &amp;&amp; wildList.indexOf(symbol) != -1): null

2019-08-24 12:48:11 - [TEST_STEP][PASSED] - if (i == 3 &amp;&amp; wildList.indexOf(symbol) != -1): null

2019-08-24 12:48:11 - [TEST_STEP][PASSED] - if (i == 4 &amp;&amp; wildList.indexOf(symbol) != -1): null

2019-08-24 12:48:11 - [TEST_STEP][PASSED] - symbol = symbol: null

2019-08-24 12:48:11 - [TEST_STEP][PASSED] - println(symbol): null

2019-08-24 12:48:11 - [TEST_STEP][PASSED] - if (i == 2 &amp;&amp; wildList.indexOf(symbol) != -1): null

2019-08-24 12:48:11 - [TEST_STEP][PASSED] - if (i == 3 &amp;&amp; wildList.indexOf(symbol) != -1): null

2019-08-24 12:48:11 - [TEST_STEP][PASSED] - if (i == 4 &amp;&amp; wildList.indexOf(symbol) != -1): null

2019-08-24 12:48:11 - [TEST_STEP][PASSED] - symbol = symbol: null

2019-08-24 12:48:11 - [TEST_STEP][PASSED] - println(symbol): null

2019-08-24 12:48:11 - [TEST_STEP][PASSED] - if (i == 2 &amp;&amp; wildList.indexOf(symbol) != -1): null

2019-08-24 12:48:11 - [TEST_STEP][PASSED] - if (i == 3 &amp;&amp; wildList.indexOf(symbol) != -1): null

2019-08-24 12:48:11 - [TEST_STEP][PASSED] - if (i == 4 &amp;&amp; wildList.indexOf(symbol) != -1): null

2019-08-24 12:48:11 - [TEST_STEP][PASSED] - symbols = symbols: null

2019-08-24 12:48:11 - [TEST_STEP][PASSED] - for ([j = 0, j &lt; symbols.size(), (j++)]): null

2019-08-24 12:48:11 - [TEST_STEP][PASSED] - symbol = symbol: null

2019-08-24 12:48:11 - [TEST_STEP][PASSED] - println(symbol): null

2019-08-24 12:48:11 - [TEST_STEP][PASSED] - if (i == 2 &amp;&amp; wildList.indexOf(symbol) != -1): null

2019-08-24 12:48:11 - [TEST_STEP][PASSED] - if (i == 3 &amp;&amp; wildList.indexOf(symbol) != -1): null

2019-08-24 12:48:11 - [TEST_STEP][PASSED] - if (i == 4 &amp;&amp; wildList.indexOf(symbol) != -1): null

2019-08-24 12:48:11 - [TEST_STEP][PASSED] - symbol = symbol: null

2019-08-24 12:48:11 - [TEST_STEP][PASSED] - println(symbol): null

2019-08-24 12:48:11 - [TEST_STEP][PASSED] - if (i == 2 &amp;&amp; wildList.indexOf(symbol) != -1): null

2019-08-24 12:48:11 - [TEST_STEP][PASSED] - if (i == 3 &amp;&amp; wildList.indexOf(symbol) != -1): null

2019-08-24 12:48:11 - [TEST_STEP][PASSED] - if (i == 4 &amp;&amp; wildList.indexOf(symbol) != -1): null

2019-08-24 12:48:11 - [TEST_STEP][PASSED] - symbol = symbol: null

2019-08-24 12:48:11 - [TEST_STEP][PASSED] - println(symbol): null

2019-08-24 12:48:11 - [TEST_STEP][PASSED] - if (i == 2 &amp;&amp; wildList.indexOf(symbol) != -1): null

2019-08-24 12:48:11 - [TEST_STEP][PASSED] - if (i == 3 &amp;&amp; wildList.indexOf(symbol) != -1): null

2019-08-24 12:48:11 - [TEST_STEP][PASSED] - if (i == 4 &amp;&amp; wildList.indexOf(symbol) != -1): null

2019-08-24 12:48:11 - [TEST_STEP][PASSED] - symbols = symbols: null

2019-08-24 12:48:11 - [TEST_STEP][PASSED] - for ([j = 0, j &lt; symbols.size(), (j++)]): null

2019-08-24 12:48:11 - [TEST_STEP][PASSED] - symbol = symbol: null

2019-08-24 12:48:11 - [TEST_STEP][PASSED] - println(symbol): null

2019-08-24 12:48:11 - [TEST_STEP][PASSED] - if (i == 2 &amp;&amp; wildList.indexOf(symbol) != -1): null

2019-08-24 12:48:11 - [TEST_STEP][PASSED] - if (i == 3 &amp;&amp; wildList.indexOf(symbol) != -1): null

2019-08-24 12:48:11 - [TEST_STEP][PASSED] - if (i == 4 &amp;&amp; wildList.indexOf(symbol) != -1): null

2019-08-24 12:48:11 - [TEST_STEP][PASSED] - symbol = symbol: null

2019-08-24 12:48:11 - [TEST_STEP][PASSED] - println(symbol): null

2019-08-24 12:48:11 - [TEST_STEP][PASSED] - if (i == 2 &amp;&amp; wildList.indexOf(symbol) != -1): null

2019-08-24 12:48:11 - [TEST_STEP][PASSED] - if (i == 3 &amp;&amp; wildList.indexOf(symbol) != -1): null

2019-08-24 12:48:11 - [TEST_STEP][PASSED] - if (i == 4 &amp;&amp; wildList.indexOf(symbol) != -1): null

2019-08-24 12:48:11 - [TEST_STEP][PASSED] - symbol = symbol: null

2019-08-24 12:48:11 - [TEST_STEP][PASSED] - println(symbol): null

2019-08-24 12:48:11 - [TEST_STEP][PASSED] - if (i == 2 &amp;&amp; wildList.indexOf(symbol) != -1): null

2019-08-24 12:48:11 - [TEST_STEP][PASSED] - if (i == 3 &amp;&amp; wildList.indexOf(symbol) != -1): null

2019-08-24 12:48:11 - [TEST_STEP][PASSED] - if (i == 4 &amp;&amp; wildList.indexOf(symbol) != -1): null

2019-08-24 12:48:11 - [TEST_STEP][PASSED] - symbols = symbols: null

2019-08-24 12:48:11 - [TEST_STEP][PASSED] - for ([j = 0, j &lt; symbols.size(), (j++)]): null

2019-08-24 12:48:11 - [TEST_STEP][PASSED] - symbol = symbol: null

2019-08-24 12:48:11 - [TEST_STEP][PASSED] - println(symbol): null

2019-08-24 12:48:11 - [TEST_STEP][PASSED] - if (i == 2 &amp;&amp; wildList.indexOf(symbol) != -1): null

2019-08-24 12:48:11 - [TEST_STEP][PASSED] - if (i == 3 &amp;&amp; wildList.indexOf(symbol) != -1): null

2019-08-24 12:48:11 - [TEST_STEP][PASSED] - if (i == 4 &amp;&amp; wildList.indexOf(symbol) != -1): null

2019-08-24 12:48:11 - [TEST_STEP][PASSED] - symbol = symbol: null

2019-08-24 12:48:11 - [TEST_STEP][PASSED] - println(symbol): null

2019-08-24 12:48:11 - [TEST_STEP][PASSED] - if (i == 2 &amp;&amp; wildList.indexOf(symbol) != -1): null

2019-08-24 12:48:11 - [TEST_STEP][PASSED] - if (i == 3 &amp;&amp; wildList.indexOf(symbol) != -1): null

2019-08-24 12:48:11 - [TEST_STEP][PASSED] - if (i == 4 &amp;&amp; wildList.indexOf(symbol) != -1): null

2019-08-24 12:48:11 - [TEST_STEP][PASSED] - symbol = symbol: null

2019-08-24 12:48:11 - [TEST_STEP][PASSED] - println(symbol): null

2019-08-24 12:48:11 - [TEST_STEP][PASSED] - if (i == 2 &amp;&amp; wildList.indexOf(symbol) != -1): null

2019-08-24 12:48:11 - [TEST_STEP][PASSED] - if (i == 3 &amp;&amp; wildList.indexOf(symbol) != -1): null

2019-08-24 12:48:11 - [TEST_STEP][PASSED] - if (i == 4 &amp;&amp; wildList.indexOf(symbol) != -1): null

2019-08-24 12:48:11 - [TEST_STEP][PASSED] - symbols = symbols: null

2019-08-24 12:48:11 - [TEST_STEP][PASSED] - for ([j = 0, j &lt; symbols.size(), (j++)]): null

2019-08-24 12:48:11 - [TEST_STEP][PASSED] - symbol = symbol: null

2019-08-24 12:48:11 - [TEST_STEP][PASSED] - println(symbol): null

2019-08-24 12:48:11 - [TEST_STEP][PASSED] - if (i == 2 &amp;&amp; wildList.indexOf(symbol) != -1): null

2019-08-24 12:48:11 - [TEST_STEP][PASSED] - if (i == 3 &amp;&amp; wildList.indexOf(symbol) != -1): null

2019-08-24 12:48:11 - [TEST_STEP][PASSED] - if (i == 4 &amp;&amp; wildList.indexOf(symbol) != -1): null

2019-08-24 12:48:11 - [TEST_STEP][PASSED] - symbol = symbol: null

2019-08-24 12:48:11 - [TEST_STEP][PASSED] - println(symbol): null

2019-08-24 12:48:11 - [TEST_STEP][PASSED] - if (i == 2 &amp;&amp; wildList.indexOf(symbol) != -1): null

2019-08-24 12:48:11 - [TEST_STEP][PASSED] - if (i == 3 &amp;&amp; wildList.indexOf(symbol) != -1): null

2019-08-24 12:48:11 - [TEST_STEP][PASSED] - if (i == 4 &amp;&amp; wildList.indexOf(symbol) != -1): null

2019-08-24 12:48:11 - [TEST_STEP][PASSED] - symbol = symbol: null

2019-08-24 12:48:11 - [TEST_STEP][PASSED] - println(symbol): null

2019-08-24 12:48:11 - [TEST_STEP][PASSED] - if (i == 2 &amp;&amp; wildList.indexOf(symbol) != -1): null

2019-08-24 12:48:11 - [TEST_STEP][PASSED] - if (i == 3 &amp;&amp; wildList.indexOf(symbol) != -1): null

2019-08-24 12:48:11 - [TEST_STEP][PASSED] - if (i == 4 &amp;&amp; wildList.indexOf(symbol) != -1): null

2019-08-24 12:48:11 - [TEST_STEP][PASSED] - free_spin_reel_counter = free_spin_reel_counter: null

2019-08-24 12:48:11 - [TEST_STEP][PASSED] - println("reel 3 wild found: " + free_spin_reel_counter[0]): null

2019-08-24 12:48:11 - [TEST_STEP][PASSED] - println("reel 4 wild found: " + free_spin_reel_counter[1]): null

2019-08-24 12:48:11 - [TEST_STEP][PASSED] - println("reel 5 wild found: " + free_spin_reel_counter[2]): null

2019-08-24 12:48:11 - [TEST_STEP][PASSED] - M4_spin_reels = M4_spin_reels: null

2019-08-24 12:48:11 - [TEST_STEP][PASSED] - M4_spin_reels_symbols = symbol: null

2019-08-24 12:48:11 - [TEST_STEP][PASSED] - M4_spin_reels_symbols = M4_spin_reels_symbols: null

2019-08-24 12:48:11 - [TEST_STEP][PASSED] - M4_spin_reel_wins = reel_wins: null

2019-08-24 12:48:11 - [TEST_STEP][PASSED] - M4_spin_reel_wins = M4_spin_reel_wins: null

2019-08-24 12:48:11 - [TEST_STEP][PASSED] - println("GlobalVariable.M4_spin_reel_wins is: " + M4_spin_reel_wins): null

2019-08-24 12:48:11 - [TEST_STEP][PASSED] - M4_spin_total_bonus_win_this_round = total_bonus_win_this_round: null

2019-08-24 12:48:11 - [TEST_STEP][PASSED] - M4_spin_total_bonus_win_this_round = M4_spin_total_bonus_win_this_round: null

2019-08-24 12:48:11 - [TEST_STEP][PASSED] - println("GlobalVariable.M4_spin_total_bonus_win_this_round is: " + M4_spin_total_bonus_win_this_round): null

2019-08-24 12:48:11 - [TEST_STEP][PASSED] - M4_spin_bonus_spin_result = spin_result: null

2019-08-24 12:48:11 - [TEST_STEP][PASSED] - M4_spin_bonus_spin_result = M4_spin_bonus_spin_result: null

2019-08-24 12:48:11 - [MESSAGE][PASSED] - Verify response successfully

2019-08-24 12:48:11 - [MESSAGE][PASSED] - Send request and verify the response successfully

2019-08-24 12:48:11 - [TEST_STEP][PASSED] - if (M4_total_bonus_spins_int != 0 &amp;&amp; M4_spin_reels_symbols[2].contains("WILD_Double") || M4_spin_reels_symbols[4].contains("WILD_Triple")): null

2019-08-24 12:48:11 - [TEST_STEP][PASSED] - free_spin_reel_counter = free_spin_reel_counter: null

2019-08-24 12:48:11 - [TEST_STEP][PASSED] - M4_spin_reels_symbols = M4_spin_reels_symbols: null

2019-08-24 12:48:11 - [TEST_STEP][PASSED] - M4_total_bonus_spins = M4_total_bonus_spins: null

2019-08-24 12:48:11 - [TEST_STEP][PASSED] - spin_result = sendRequestAndVerify(findTestObject("INT/RGS(M4)/1_M4_spin", ["M4_login_user_id":M4_login_user_id, "rgs_session_token":rgs_session_token, "partner":Partner])): Send request and verify the response successfully

2019-08-24 12:48:12 - [MESSAGE][INFO] - HAR: /Users/eiralee/Katalon_Script/SuperWild/Reports/20190824_124242/INT/superWild_4/20190824_124242/requests/main/102.har

2019-08-24 12:48:12 - [TEST_CASE][PASSED] - Start Test Case : Verification: Verification accomplished successfully

2019-08-24 12:48:12 - [TEST_STEP][PASSED] - request = getInstance().getCurrentRequest(): null

2019-08-24 12:48:12 - [TEST_STEP][PASSED] - response = getInstance().getCurrentResponse(): null

2019-08-24 12:48:12 - [TEST_STEP][PASSED] - verifyResponseStatusCode(response, 200): Verify response status code successfully

2019-08-24 12:48:12 - [MESSAGE][PASSED] - Verify response status code successfully

2019-08-24 12:48:12 - [TEST_STEP][PASSED] - getStatusCode()).isEqualTo(200): null

2019-08-24 12:48:12 - [TEST_STEP][PASSED] - newline = System.getProperty("line.separator"): null

2019-08-24 12:48:12 - [TEST_STEP][PASSED] - M4_spin = new groovy.json.JsonSlurper(): null

2019-08-24 12:48:12 - [TEST_STEP][PASSED] - result_M4_spin = M4_spin.parseText(response.getResponseBodyContent()): null

2019-08-24 12:48:12 - [TEST_STEP][PASSED] - M4_spin_current_balance = current_balance: null

2019-08-24 12:48:12 - [TEST_STEP][PASSED] - M4_spin_current_balance = M4_spin_current_balance: null

2019-08-24 12:48:12 - [TEST_STEP][PASSED] - M4_spin_transaction_id = causality: null

2019-08-24 12:48:12 - [TEST_STEP][PASSED] - M4_spin_transaction_id = M4_spin_transaction_id: null

2019-08-24 12:48:12 - [TEST_STEP][PASSED] - M4_spin_round_id = round_id: null

2019-08-24 12:48:12 - [TEST_STEP][PASSED] - M4_spin_round_id = M4_spin_round_id: null

2019-08-24 12:48:12 - [TEST_STEP][PASSED] - M4_spin_line_wins = line_wins: null

2019-08-24 12:48:12 - [TEST_STEP][PASSED] - M4_spin_line_wins = M4_spin_line_wins: null

2019-08-24 12:48:12 - [TEST_STEP][PASSED] - M4_total_bonus_spins_int = total_bonus_spins: null

2019-08-24 12:48:12 - [TEST_STEP][PASSED] - println("******M4_total_bonus_spins type is:*******" + newline + getClass().getName()): null

2019-08-24 12:48:12 - [TEST_STEP][PASSED] - M4_total_bonus_spins_int = M4_total_bonus_spins_int: null

2019-08-24 12:48:12 - [TEST_STEP][PASSED] - M4_total_bonus_spins = Integer.toString(M4_total_bonus_spins_int): null

2019-08-24 12:48:12 - [TEST_STEP][PASSED] - M4_total_bonus_spins = M4_total_bonus_spins: null

2019-08-24 12:48:12 - [TEST_STEP][PASSED] - println("M4_total_bonus_spins is:" + M4_total_bonus_spins): null

2019-08-24 12:48:12 - [TEST_STEP][PASSED] - M4_spin_bonus_data = bonus_data: null

2019-08-24 12:48:12 - [TEST_STEP][PASSED] - M4_spin_features_triggered = result_M4_spin: null

2019-08-24 12:48:12 - [TEST_STEP][PASSED] - wild = []: null

2019-08-24 12:48:12 - [TEST_STEP][PASSED] - wild[0] = "WILD_Expanding": null

2019-08-24 12:48:12 - [TEST_STEP][PASSED] - wild[1] = "WILD_Normal": null

2019-08-24 12:48:12 - [TEST_STEP][PASSED] - wild[2] = "WILD_Double": null

2019-08-24 12:48:12 - [TEST_STEP][PASSED] - wild[3] = "WILD_ExtraFG": null

2019-08-24 12:48:12 - [TEST_STEP][PASSED] - wild[4] = "WILD_Triple": null

2019-08-24 12:48:12 - [TEST_STEP][PASSED] - wildList = Arrays.asList(wild): null

2019-08-24 12:48:12 - [TEST_STEP][PASSED] - wildList = wildList: null

2019-08-24 12:48:12 - [TEST_STEP][PASSED] - free_spin_reel_counter = []: null

2019-08-24 12:48:12 - [TEST_STEP][PASSED] - free_spin_reel_counter[0] = 0: null

2019-08-24 12:48:12 - [TEST_STEP][PASSED] - free_spin_reel_counter[1] = 0: null

2019-08-24 12:48:12 - [TEST_STEP][PASSED] - free_spin_reel_counter[2] = 0: null

2019-08-24 12:48:12 - [TEST_STEP][PASSED] - M4_spin_reels = reels: null

2019-08-24 12:48:12 - [TEST_STEP][PASSED] - for ([i = 0, i &lt; M4_spin_reels.size(), (i++)]): null

2019-08-24 12:48:12 - [TEST_STEP][PASSED] - symbols = symbols: null

2019-08-24 12:48:12 - [TEST_STEP][PASSED] - for ([j = 0, j &lt; symbols.size(), (j++)]): null

2019-08-24 12:48:12 - [TEST_STEP][PASSED] - symbol = symbol: null

2019-08-24 12:48:12 - [TEST_STEP][PASSED] - println(symbol): null

2019-08-24 12:48:12 - [TEST_STEP][PASSED] - if (i == 2 &amp;&amp; wildList.indexOf(symbol) != -1): null

2019-08-24 12:48:12 - [TEST_STEP][PASSED] - if (i == 3 &amp;&amp; wildList.indexOf(symbol) != -1): null

2019-08-24 12:48:12 - [TEST_STEP][PASSED] - if (i == 4 &amp;&amp; wildList.indexOf(symbol) != -1): null

2019-08-24 12:48:12 - [TEST_STEP][PASSED] - symbol = symbol: null

2019-08-24 12:48:12 - [TEST_STEP][PASSED] - println(symbol): null

2019-08-24 12:48:12 - [TEST_STEP][PASSED] - if (i == 2 &amp;&amp; wildList.indexOf(symbol) != -1): null

2019-08-24 12:48:12 - [TEST_STEP][PASSED] - if (i == 3 &amp;&amp; wildList.indexOf(symbol) != -1): null

2019-08-24 12:48:12 - [TEST_STEP][PASSED] - if (i == 4 &amp;&amp; wildList.indexOf(symbol) != -1): null

2019-08-24 12:48:12 - [TEST_STEP][PASSED] - symbol = symbol: null

2019-08-24 12:48:12 - [TEST_STEP][PASSED] - println(symbol): null

2019-08-24 12:48:12 - [TEST_STEP][PASSED] - if (i == 2 &amp;&amp; wildList.indexOf(symbol) != -1): null

2019-08-24 12:48:12 - [TEST_STEP][PASSED] - if (i == 3 &amp;&amp; wildList.indexOf(symbol) != -1): null

2019-08-24 12:48:12 - [TEST_STEP][PASSED] - if (i == 4 &amp;&amp; wildList.indexOf(symbol) != -1): null

2019-08-24 12:48:12 - [TEST_STEP][PASSED] - symbols = symbols: null

2019-08-24 12:48:12 - [TEST_STEP][PASSED] - for ([j = 0, j &lt; symbols.size(), (j++)]): null

2019-08-24 12:48:12 - [TEST_STEP][PASSED] - symbol = symbol: null

2019-08-24 12:48:12 - [TEST_STEP][PASSED] - println(symbol): null

2019-08-24 12:48:12 - [TEST_STEP][PASSED] - if (i == 2 &amp;&amp; wildList.indexOf(symbol) != -1): null

2019-08-24 12:48:12 - [TEST_STEP][PASSED] - if (i == 3 &amp;&amp; wildList.indexOf(symbol) != -1): null

2019-08-24 12:48:12 - [TEST_STEP][PASSED] - if (i == 4 &amp;&amp; wildList.indexOf(symbol) != -1): null

2019-08-24 12:48:12 - [TEST_STEP][PASSED] - symbol = symbol: null

2019-08-24 12:48:12 - [TEST_STEP][PASSED] - println(symbol): null

2019-08-24 12:48:12 - [TEST_STEP][PASSED] - if (i == 2 &amp;&amp; wildList.indexOf(symbol) != -1): null

2019-08-24 12:48:12 - [TEST_STEP][PASSED] - if (i == 3 &amp;&amp; wildList.indexOf(symbol) != -1): null

2019-08-24 12:48:12 - [TEST_STEP][PASSED] - if (i == 4 &amp;&amp; wildList.indexOf(symbol) != -1): null

2019-08-24 12:48:12 - [TEST_STEP][PASSED] - symbol = symbol: null

2019-08-24 12:48:12 - [TEST_STEP][PASSED] - println(symbol): null

2019-08-24 12:48:12 - [TEST_STEP][PASSED] - if (i == 2 &amp;&amp; wildList.indexOf(symbol) != -1): null

2019-08-24 12:48:12 - [TEST_STEP][PASSED] - if (i == 3 &amp;&amp; wildList.indexOf(symbol) != -1): null

2019-08-24 12:48:12 - [TEST_STEP][PASSED] - if (i == 4 &amp;&amp; wildList.indexOf(symbol) != -1): null

2019-08-24 12:48:12 - [TEST_STEP][PASSED] - symbols = symbols: null

2019-08-24 12:48:12 - [TEST_STEP][PASSED] - for ([j = 0, j &lt; symbols.size(), (j++)]): null

2019-08-24 12:48:12 - [TEST_STEP][PASSED] - symbol = symbol: null

2019-08-24 12:48:12 - [TEST_STEP][PASSED] - println(symbol): null

2019-08-24 12:48:12 - [TEST_STEP][PASSED] - if (i == 2 &amp;&amp; wildList.indexOf(symbol) != -1): null

2019-08-24 12:48:12 - [TEST_STEP][PASSED] - if (i == 3 &amp;&amp; wildList.indexOf(symbol) != -1): null

2019-08-24 12:48:12 - [TEST_STEP][PASSED] - if (i == 4 &amp;&amp; wildList.indexOf(symbol) != -1): null

2019-08-24 12:48:12 - [TEST_STEP][PASSED] - symbol = symbol: null

2019-08-24 12:48:12 - [TEST_STEP][PASSED] - println(symbol): null

2019-08-24 12:48:12 - [TEST_STEP][PASSED] - if (i == 2 &amp;&amp; wildList.indexOf(symbol) != -1): null

2019-08-24 12:48:12 - [TEST_STEP][PASSED] - if (i == 3 &amp;&amp; wildList.indexOf(symbol) != -1): null

2019-08-24 12:48:12 - [TEST_STEP][PASSED] - if (i == 4 &amp;&amp; wildList.indexOf(symbol) != -1): null

2019-08-24 12:48:12 - [TEST_STEP][PASSED] - symbol = symbol: null

2019-08-24 12:48:12 - [TEST_STEP][PASSED] - println(symbol): null

2019-08-24 12:48:12 - [TEST_STEP][PASSED] - if (i == 2 &amp;&amp; wildList.indexOf(symbol) != -1): null

2019-08-24 12:48:12 - [TEST_STEP][PASSED] - if (i == 3 &amp;&amp; wildList.indexOf(symbol) != -1): null

2019-08-24 12:48:12 - [TEST_STEP][PASSED] - if (i == 4 &amp;&amp; wildList.indexOf(symbol) != -1): null

2019-08-24 12:48:12 - [TEST_STEP][PASSED] - symbols = symbols: null

2019-08-24 12:48:12 - [TEST_STEP][PASSED] - for ([j = 0, j &lt; symbols.size(), (j++)]): null

2019-08-24 12:48:12 - [TEST_STEP][PASSED] - symbol = symbol: null

2019-08-24 12:48:12 - [TEST_STEP][PASSED] - println(symbol): null

2019-08-24 12:48:12 - [TEST_STEP][PASSED] - if (i == 2 &amp;&amp; wildList.indexOf(symbol) != -1): null

2019-08-24 12:48:12 - [TEST_STEP][PASSED] - if (i == 3 &amp;&amp; wildList.indexOf(symbol) != -1): null

2019-08-24 12:48:12 - [TEST_STEP][PASSED] - if (i == 4 &amp;&amp; wildList.indexOf(symbol) != -1): null

2019-08-24 12:48:12 - [TEST_STEP][PASSED] - symbol = symbol: null

2019-08-24 12:48:12 - [TEST_STEP][PASSED] - println(symbol): null

2019-08-24 12:48:12 - [TEST_STEP][PASSED] - if (i == 2 &amp;&amp; wildList.indexOf(symbol) != -1): null

2019-08-24 12:48:12 - [TEST_STEP][PASSED] - if (i == 3 &amp;&amp; wildList.indexOf(symbol) != -1): null

2019-08-24 12:48:12 - [TEST_STEP][PASSED] - if (i == 4 &amp;&amp; wildList.indexOf(symbol) != -1): null

2019-08-24 12:48:12 - [TEST_STEP][PASSED] - symbol = symbol: null

2019-08-24 12:48:12 - [TEST_STEP][PASSED] - println(symbol): null

2019-08-24 12:48:12 - [TEST_STEP][PASSED] - if (i == 2 &amp;&amp; wildList.indexOf(symbol) != -1): null

2019-08-24 12:48:12 - [TEST_STEP][PASSED] - if (i == 3 &amp;&amp; wildList.indexOf(symbol) != -1): null

2019-08-24 12:48:12 - [TEST_STEP][PASSED] - if (i == 4 &amp;&amp; wildList.indexOf(symbol) != -1): null

2019-08-24 12:48:12 - [TEST_STEP][PASSED] - symbols = symbols: null

2019-08-24 12:48:12 - [TEST_STEP][PASSED] - for ([j = 0, j &lt; symbols.size(), (j++)]): null

2019-08-24 12:48:12 - [TEST_STEP][PASSED] - symbol = symbol: null

2019-08-24 12:48:12 - [TEST_STEP][PASSED] - println(symbol): null

2019-08-24 12:48:12 - [TEST_STEP][PASSED] - if (i == 2 &amp;&amp; wildList.indexOf(symbol) != -1): null

2019-08-24 12:48:12 - [TEST_STEP][PASSED] - if (i == 3 &amp;&amp; wildList.indexOf(symbol) != -1): null

2019-08-24 12:48:12 - [TEST_STEP][PASSED] - if (i == 4 &amp;&amp; wildList.indexOf(symbol) != -1): null

2019-08-24 12:48:12 - [TEST_STEP][PASSED] - symbol = symbol: null

2019-08-24 12:48:12 - [TEST_STEP][PASSED] - println(symbol): null

2019-08-24 12:48:16 - [TEST_STEP][PASSED] - if (i == 2 &amp;&amp; wildList.indexOf(symbol) != -1): null

2019-08-24 12:48:16 - [TEST_STEP][PASSED] - if (i == 3 &amp;&amp; wildList.indexOf(symbol) != -1): null

2019-08-24 12:48:16 - [TEST_STEP][PASSED] - if (i == 4 &amp;&amp; wildList.indexOf(symbol) != -1): null

2019-08-24 12:48:16 - [TEST_STEP][PASSED] - symbol = symbol: null

2019-08-24 12:48:16 - [TEST_STEP][PASSED] - println(symbol): null

2019-08-24 12:48:16 - [TEST_STEP][PASSED] - if (i == 2 &amp;&amp; wildList.indexOf(symbol) != -1): null

2019-08-24 12:48:16 - [TEST_STEP][PASSED] - if (i == 3 &amp;&amp; wildList.indexOf(symbol) != -1): null

2019-08-24 12:48:16 - [TEST_STEP][PASSED] - if (i == 4 &amp;&amp; wildList.indexOf(symbol) != -1): null

2019-08-24 12:48:16 - [TEST_STEP][PASSED] - free_spin_reel_counter = free_spin_reel_counter: null

2019-08-24 12:48:18 - [TEST_STEP][PASSED] - println("reel 3 wild found: " + free_spin_reel_counter[0]): null

2019-08-24 12:48:18 - [TEST_STEP][PASSED] - println("reel 4 wild found: " + free_spin_reel_counter[1]): null

2019-08-24 12:48:18 - [TEST_STEP][PASSED] - println("reel 5 wild found: " + free_spin_reel_counter[2]): null

2019-08-24 12:48:18 - [TEST_STEP][PASSED] - M4_spin_reels = M4_spin_reels: null

2019-08-24 12:48:18 - [TEST_STEP][PASSED] - M4_spin_reels_symbols = symbol: null

2019-08-24 12:48:18 - [TEST_STEP][PASSED] - M4_spin_reels_symbols = M4_spin_reels_symbols: null

2019-08-24 12:48:18 - [TEST_STEP][PASSED] - M4_spin_reel_wins = reel_wins: null

2019-08-24 12:48:18 - [TEST_STEP][PASSED] - M4_spin_reel_wins = M4_spin_reel_wins: null

2019-08-24 12:48:18 - [TEST_STEP][PASSED] - println("GlobalVariable.M4_spin_reel_wins is: " + M4_spin_reel_wins): null

2019-08-24 12:48:18 - [TEST_STEP][PASSED] - M4_spin_total_bonus_win_this_round = total_bonus_win_this_round: null

2019-08-24 12:48:18 - [TEST_STEP][PASSED] - M4_spin_total_bonus_win_this_round = M4_spin_total_bonus_win_this_round: null

2019-08-24 12:48:18 - [TEST_STEP][PASSED] - println("GlobalVariable.M4_spin_total_bonus_win_this_round is: " + M4_spin_total_bonus_win_this_round): null

2019-08-24 12:48:18 - [TEST_STEP][PASSED] - M4_spin_bonus_spin_result = spin_result: null

2019-08-24 12:48:18 - [TEST_STEP][PASSED] - M4_spin_bonus_spin_result = M4_spin_bonus_spin_result: null

2019-08-24 12:48:18 - [MESSAGE][PASSED] - Verify response successfully

2019-08-24 12:48:18 - [MESSAGE][PASSED] - Send request and verify the response successfully

2019-08-24 12:48:18 - [TEST_STEP][PASSED] - if (M4_total_bonus_spins_int != 0 &amp;&amp; M4_spin_reels_symbols[2].contains("WILD_Double") || M4_spin_reels_symbols[4].contains("WILD_Triple")): null

2019-08-24 12:48:18 - [TEST_STEP][PASSED] - free_spin_reel_counter = free_spin_reel_counter: null

2019-08-24 12:48:18 - [TEST_STEP][PASSED] - M4_spin_reels_symbols = M4_spin_reels_symbols: null

2019-08-24 12:48:18 - [TEST_STEP][PASSED] - M4_total_bonus_spins = M4_total_bonus_spins: null

2019-08-24 12:48:18 - [TEST_STEP][PASSED] - spin_result = sendRequestAndVerify(findTestObject("INT/RGS(M4)/1_M4_spin", ["M4_login_user_id":M4_login_user_id, "rgs_session_token":rgs_session_token, "partner":Partner])): Send request and verify the response successfully

2019-08-24 12:48:19 - [MESSAGE][INFO] - HAR: /Users/eiralee/Katalon_Script/SuperWild/Reports/20190824_124242/INT/superWild_4/20190824_124242/requests/main/103.har

2019-08-24 12:48:19 - [TEST_CASE][PASSED] - Start Test Case : Verification: Verification accomplished successfully

2019-08-24 12:48:19 - [TEST_STEP][PASSED] - request = getInstance().getCurrentRequest(): null

2019-08-24 12:48:19 - [TEST_STEP][PASSED] - response = getInstance().getCurrentResponse(): null

2019-08-24 12:48:19 - [TEST_STEP][PASSED] - verifyResponseStatusCode(response, 200): Verify response status code successfully

2019-08-24 12:48:19 - [MESSAGE][PASSED] - Verify response status code successfully

2019-08-24 12:48:19 - [TEST_STEP][PASSED] - getStatusCode()).isEqualTo(200): null

2019-08-24 12:48:19 - [TEST_STEP][PASSED] - newline = System.getProperty("line.separator"): null

2019-08-24 12:48:19 - [TEST_STEP][PASSED] - M4_spin = new groovy.json.JsonSlurper(): null

2019-08-24 12:48:19 - [TEST_STEP][PASSED] - result_M4_spin = M4_spin.parseText(response.getResponseBodyContent()): null

2019-08-24 12:48:19 - [TEST_STEP][PASSED] - M4_spin_current_balance = current_balance: null

2019-08-24 12:48:19 - [TEST_STEP][PASSED] - M4_spin_current_balance = M4_spin_current_balance: null

2019-08-24 12:48:19 - [TEST_STEP][PASSED] - M4_spin_transaction_id = causality: null

2019-08-24 12:48:19 - [TEST_STEP][PASSED] - M4_spin_transaction_id = M4_spin_transaction_id: null

2019-08-24 12:48:19 - [TEST_STEP][PASSED] - M4_spin_round_id = round_id: null

2019-08-24 12:48:19 - [TEST_STEP][PASSED] - M4_spin_round_id = M4_spin_round_id: null

2019-08-24 12:48:19 - [TEST_STEP][PASSED] - M4_spin_line_wins = line_wins: null

2019-08-24 12:48:19 - [TEST_STEP][PASSED] - M4_spin_line_wins = M4_spin_line_wins: null

2019-08-24 12:48:19 - [TEST_STEP][PASSED] - M4_total_bonus_spins_int = total_bonus_spins: null

2019-08-24 12:48:19 - [TEST_STEP][PASSED] - println("******M4_total_bonus_spins type is:*******" + newline + getClass().getName()): null

2019-08-24 12:48:19 - [TEST_STEP][PASSED] - M4_total_bonus_spins_int = M4_total_bonus_spins_int: null

2019-08-24 12:48:19 - [TEST_STEP][PASSED] - M4_total_bonus_spins = Integer.toString(M4_total_bonus_spins_int): null

2019-08-24 12:48:19 - [TEST_STEP][PASSED] - M4_total_bonus_spins = M4_total_bonus_spins: null

2019-08-24 12:48:19 - [TEST_STEP][PASSED] - println("M4_total_bonus_spins is:" + M4_total_bonus_spins): null

2019-08-24 12:48:19 - [TEST_STEP][PASSED] - M4_spin_bonus_data = bonus_data: null

2019-08-24 12:48:19 - [TEST_STEP][PASSED] - M4_spin_features_triggered = result_M4_spin: null

2019-08-24 12:48:19 - [TEST_STEP][PASSED] - wild = []: null

2019-08-24 12:48:19 - [TEST_STEP][PASSED] - wild[0] = "WILD_Expanding": null

2019-08-24 12:48:19 - [TEST_STEP][PASSED] - wild[1] = "WILD_Normal": null

2019-08-24 12:48:19 - [TEST_STEP][PASSED] - wild[2] = "WILD_Double": null

2019-08-24 12:48:19 - [TEST_STEP][PASSED] - wild[3] = "WILD_ExtraFG": null

2019-08-24 12:48:19 - [TEST_STEP][PASSED] - wild[4] = "WILD_Triple": null

2019-08-24 12:48:19 - [TEST_STEP][PASSED] - wildList = Arrays.asList(wild): null

2019-08-24 12:48:19 - [TEST_STEP][PASSED] - wildList = wildList: null

2019-08-24 12:48:19 - [TEST_STEP][PASSED] - free_spin_reel_counter = []: null

2019-08-24 12:48:19 - [TEST_STEP][PASSED] - free_spin_reel_counter[0] = 0: null

2019-08-24 12:48:19 - [TEST_STEP][PASSED] - free_spin_reel_counter[1] = 0: null

2019-08-24 12:48:19 - [TEST_STEP][PASSED] - free_spin_reel_counter[2] = 0: null

2019-08-24 12:48:19 - [TEST_STEP][PASSED] - M4_spin_reels = reels: null

2019-08-24 12:48:19 - [TEST_STEP][PASSED] - for ([i = 0, i &lt; M4_spin_reels.size(), (i++)]): null

2019-08-24 12:48:19 - [TEST_STEP][PASSED] - symbols = symbols: null

2019-08-24 12:48:19 - [TEST_STEP][PASSED] - for ([j = 0, j &lt; symbols.size(), (j++)]): null

2019-08-24 12:48:19 - [TEST_STEP][PASSED] - symbol = symbol: null

2019-08-24 12:48:19 - [TEST_STEP][PASSED] - println(symbol): null

2019-08-24 12:48:19 - [TEST_STEP][PASSED] - if (i == 2 &amp;&amp; wildList.indexOf(symbol) != -1): null

2019-08-24 12:48:19 - [TEST_STEP][PASSED] - if (i == 3 &amp;&amp; wildList.indexOf(symbol) != -1): null

2019-08-24 12:48:19 - [TEST_STEP][PASSED] - if (i == 4 &amp;&amp; wildList.indexOf(symbol) != -1): null

2019-08-24 12:48:19 - [TEST_STEP][PASSED] - symbol = symbol: null

2019-08-24 12:48:19 - [TEST_STEP][PASSED] - println(symbol): null

2019-08-24 12:48:19 - [TEST_STEP][PASSED] - if (i == 2 &amp;&amp; wildList.indexOf(symbol) != -1): null

2019-08-24 12:48:19 - [TEST_STEP][PASSED] - if (i == 3 &amp;&amp; wildList.indexOf(symbol) != -1): null

2019-08-24 12:48:19 - [TEST_STEP][PASSED] - if (i == 4 &amp;&amp; wildList.indexOf(symbol) != -1): null

2019-08-24 12:48:19 - [TEST_STEP][PASSED] - symbol = symbol: null

2019-08-24 12:48:19 - [TEST_STEP][PASSED] - println(symbol): null

2019-08-24 12:48:19 - [TEST_STEP][PASSED] - if (i == 2 &amp;&amp; wildList.indexOf(symbol) != -1): null

2019-08-24 12:48:19 - [TEST_STEP][PASSED] - if (i == 3 &amp;&amp; wildList.indexOf(symbol) != -1): null

2019-08-24 12:48:19 - [TEST_STEP][PASSED] - if (i == 4 &amp;&amp; wildList.indexOf(symbol) != -1): null

2019-08-24 12:48:19 - [TEST_STEP][PASSED] - symbols = symbols: null

2019-08-24 12:48:19 - [TEST_STEP][PASSED] - for ([j = 0, j &lt; symbols.size(), (j++)]): null

2019-08-24 12:48:19 - [TEST_STEP][PASSED] - symbol = symbol: null

2019-08-24 12:48:19 - [TEST_STEP][PASSED] - println(symbol): null

2019-08-24 12:48:19 - [TEST_STEP][PASSED] - if (i == 2 &amp;&amp; wildList.indexOf(symbol) != -1): null

2019-08-24 12:48:19 - [TEST_STEP][PASSED] - if (i == 3 &amp;&amp; wildList.indexOf(symbol) != -1): null

2019-08-24 12:48:19 - [TEST_STEP][PASSED] - if (i == 4 &amp;&amp; wildList.indexOf(symbol) != -1): null

2019-08-24 12:48:19 - [TEST_STEP][PASSED] - symbol = symbol: null

2019-08-24 12:48:19 - [TEST_STEP][PASSED] - println(symbol): null

2019-08-24 12:48:19 - [TEST_STEP][PASSED] - if (i == 2 &amp;&amp; wildList.indexOf(symbol) != -1): null

2019-08-24 12:48:19 - [TEST_STEP][PASSED] - if (i == 3 &amp;&amp; wildList.indexOf(symbol) != -1): null

2019-08-24 12:48:19 - [TEST_STEP][PASSED] - if (i == 4 &amp;&amp; wildList.indexOf(symbol) != -1): null

2019-08-24 12:48:19 - [TEST_STEP][PASSED] - symbol = symbol: null

2019-08-24 12:48:19 - [TEST_STEP][PASSED] - println(symbol): null

2019-08-24 12:48:19 - [TEST_STEP][PASSED] - if (i == 2 &amp;&amp; wildList.indexOf(symbol) != -1): null

2019-08-24 12:48:19 - [TEST_STEP][PASSED] - if (i == 3 &amp;&amp; wildList.indexOf(symbol) != -1): null

2019-08-24 12:48:19 - [TEST_STEP][PASSED] - if (i == 4 &amp;&amp; wildList.indexOf(symbol) != -1): null

2019-08-24 12:48:19 - [TEST_STEP][PASSED] - symbols = symbols: null

2019-08-24 12:48:19 - [TEST_STEP][PASSED] - for ([j = 0, j &lt; symbols.size(), (j++)]): null

2019-08-24 12:48:19 - [TEST_STEP][PASSED] - symbol = symbol: null

2019-08-24 12:48:19 - [TEST_STEP][PASSED] - println(symbol): null

2019-08-24 12:48:19 - [TEST_STEP][PASSED] - if (i == 2 &amp;&amp; wildList.indexOf(symbol) != -1): null

2019-08-24 12:48:19 - [TEST_STEP][PASSED] - if (i == 3 &amp;&amp; wildList.indexOf(symbol) != -1): null

2019-08-24 12:48:19 - [TEST_STEP][PASSED] - if (i == 4 &amp;&amp; wildList.indexOf(symbol) != -1): null

2019-08-24 12:48:19 - [TEST_STEP][PASSED] - symbol = symbol: null

2019-08-24 12:48:19 - [TEST_STEP][PASSED] - println(symbol): null

2019-08-24 12:48:19 - [TEST_STEP][PASSED] - if (i == 2 &amp;&amp; wildList.indexOf(symbol) != -1): null

2019-08-24 12:48:19 - [TEST_STEP][PASSED] - if (i == 3 &amp;&amp; wildList.indexOf(symbol) != -1): null

2019-08-24 12:48:19 - [TEST_STEP][PASSED] - if (i == 4 &amp;&amp; wildList.indexOf(symbol) != -1): null

2019-08-24 12:48:19 - [TEST_STEP][PASSED] - symbol = symbol: null

2019-08-24 12:48:19 - [TEST_STEP][PASSED] - println(symbol): null

2019-08-24 12:48:19 - [TEST_STEP][PASSED] - if (i == 2 &amp;&amp; wildList.indexOf(symbol) != -1): null

2019-08-24 12:48:19 - [TEST_STEP][PASSED] - println("wild found on reel 3, adding counter by 1"): null

2019-08-24 12:48:19 - [TEST_STEP][PASSED] - free_spin_reel_counter[0] = free_spin_reel_counter[0] + 1: null

2019-08-24 12:48:19 - [TEST_STEP][PASSED] - if (i == 3 &amp;&amp; wildList.indexOf(symbol) != -1): null

2019-08-24 12:48:19 - [TEST_STEP][PASSED] - if (i == 4 &amp;&amp; wildList.indexOf(symbol) != -1): null

2019-08-24 12:48:19 - [TEST_STEP][PASSED] - symbols = symbols: null

2019-08-24 12:48:19 - [TEST_STEP][PASSED] - for ([j = 0, j &lt; symbols.size(), (j++)]): null

2019-08-24 12:48:19 - [TEST_STEP][PASSED] - symbol = symbol: null

2019-08-24 12:48:19 - [TEST_STEP][PASSED] - println(symbol): null

2019-08-24 12:48:19 - [TEST_STEP][PASSED] - if (i == 2 &amp;&amp; wildList.indexOf(symbol) != -1): null

2019-08-24 12:48:19 - [TEST_STEP][PASSED] - if (i == 3 &amp;&amp; wildList.indexOf(symbol) != -1): null

2019-08-24 12:48:19 - [TEST_STEP][PASSED] - if (i == 4 &amp;&amp; wildList.indexOf(symbol) != -1): null

2019-08-24 12:48:19 - [TEST_STEP][PASSED] - symbol = symbol: null

2019-08-24 12:48:19 - [TEST_STEP][PASSED] - println(symbol): null

2019-08-24 12:48:19 - [TEST_STEP][PASSED] - if (i == 2 &amp;&amp; wildList.indexOf(symbol) != -1): null

2019-08-24 12:48:19 - [TEST_STEP][PASSED] - if (i == 3 &amp;&amp; wildList.indexOf(symbol) != -1): null

2019-08-24 12:48:19 - [TEST_STEP][PASSED] - if (i == 4 &amp;&amp; wildList.indexOf(symbol) != -1): null

2019-08-24 12:48:19 - [TEST_STEP][PASSED] - symbol = symbol: null

2019-08-24 12:48:19 - [TEST_STEP][PASSED] - println(symbol): null

2019-08-24 12:48:19 - [TEST_STEP][PASSED] - if (i == 2 &amp;&amp; wildList.indexOf(symbol) != -1): null

2019-08-24 12:48:19 - [TEST_STEP][PASSED] - if (i == 3 &amp;&amp; wildList.indexOf(symbol) != -1): null

2019-08-24 12:48:19 - [TEST_STEP][PASSED] - if (i == 4 &amp;&amp; wildList.indexOf(symbol) != -1): null

2019-08-24 12:48:19 - [TEST_STEP][PASSED] - symbols = symbols: null

2019-08-24 12:48:19 - [TEST_STEP][PASSED] - for ([j = 0, j &lt; symbols.size(), (j++)]): null

2019-08-24 12:48:19 - [TEST_STEP][PASSED] - symbol = symbol: null

2019-08-24 12:48:19 - [TEST_STEP][PASSED] - println(symbol): null

2019-08-24 12:48:19 - [TEST_STEP][PASSED] - if (i == 2 &amp;&amp; wildList.indexOf(symbol) != -1): null

2019-08-24 12:48:19 - [TEST_STEP][PASSED] - if (i == 3 &amp;&amp; wildList.indexOf(symbol) != -1): null

2019-08-24 12:48:19 - [TEST_STEP][PASSED] - if (i == 4 &amp;&amp; wildList.indexOf(symbol) != -1): null

2019-08-24 12:48:19 - [TEST_STEP][PASSED] - symbol = symbol: null

2019-08-24 12:48:19 - [TEST_STEP][PASSED] - println(symbol): null

2019-08-24 12:48:19 - [TEST_STEP][PASSED] - if (i == 2 &amp;&amp; wildList.indexOf(symbol) != -1): null

2019-08-24 12:48:19 - [TEST_STEP][PASSED] - if (i == 3 &amp;&amp; wildList.indexOf(symbol) != -1): null

2019-08-24 12:48:19 - [TEST_STEP][PASSED] - if (i == 4 &amp;&amp; wildList.indexOf(symbol) != -1): null

2019-08-24 12:48:19 - [TEST_STEP][PASSED] - symbol = symbol: null

2019-08-24 12:48:19 - [TEST_STEP][PASSED] - println(symbol): null

2019-08-24 12:48:19 - [TEST_STEP][PASSED] - if (i == 2 &amp;&amp; wildList.indexOf(symbol) != -1): null

2019-08-24 12:48:19 - [TEST_STEP][PASSED] - if (i == 3 &amp;&amp; wildList.indexOf(symbol) != -1): null

2019-08-24 12:48:19 - [TEST_STEP][PASSED] - if (i == 4 &amp;&amp; wildList.indexOf(symbol) != -1): null

2019-08-24 12:48:19 - [TEST_STEP][PASSED] - println("wild found on reel 5, adding counter by 1"): null

2019-08-24 12:48:19 - [TEST_STEP][PASSED] - free_spin_reel_counter[2] = free_spin_reel_counter[2] + 1: null

2019-08-24 12:48:19 - [TEST_STEP][PASSED] - free_spin_reel_counter = free_spin_reel_counter: null

2019-08-24 12:48:19 - [TEST_STEP][PASSED] - println("reel 3 wild found: " + free_spin_reel_counter[0]): null

2019-08-24 12:48:19 - [TEST_STEP][PASSED] - println("reel 4 wild found: " + free_spin_reel_counter[1]): null

2019-08-24 12:48:19 - [TEST_STEP][PASSED] - println("reel 5 wild found: " + free_spin_reel_counter[2]): null

2019-08-24 12:48:19 - [TEST_STEP][PASSED] - M4_spin_reels = M4_spin_reels: null

2019-08-24 12:48:19 - [TEST_STEP][PASSED] - M4_spin_reels_symbols = symbol: null

2019-08-24 12:48:19 - [TEST_STEP][PASSED] - M4_spin_reels_symbols = M4_spin_reels_symbols: null

2019-08-24 12:48:19 - [TEST_STEP][PASSED] - M4_spin_reel_wins = reel_wins: null

2019-08-24 12:48:19 - [TEST_STEP][PASSED] - M4_spin_reel_wins = M4_spin_reel_wins: null

2019-08-24 12:48:19 - [TEST_STEP][PASSED] - println("GlobalVariable.M4_spin_reel_wins is: " + M4_spin_reel_wins): null

2019-08-24 12:48:19 - [TEST_STEP][PASSED] - M4_spin_total_bonus_win_this_round = total_bonus_win_this_round: null

2019-08-24 12:48:19 - [TEST_STEP][PASSED] - M4_spin_total_bonus_win_this_round = M4_spin_total_bonus_win_this_round: null

2019-08-24 12:48:19 - [TEST_STEP][PASSED] - println("GlobalVariable.M4_spin_total_bonus_win_this_round is: " + M4_spin_total_bonus_win_this_round): null

2019-08-24 12:48:19 - [TEST_STEP][PASSED] - M4_spin_bonus_spin_result = spin_result: null

2019-08-24 12:48:19 - [TEST_STEP][PASSED] - M4_spin_bonus_spin_result = M4_spin_bonus_spin_result: null

2019-08-24 12:48:19 - [MESSAGE][PASSED] - Verify response successfully

2019-08-24 12:48:19 - [MESSAGE][PASSED] - Send request and verify the response successfully

2019-08-24 12:48:19 - [TEST_STEP][PASSED] - if (M4_total_bonus_spins_int != 0 &amp;&amp; M4_spin_reels_symbols[2].contains("WILD_Double") || M4_spin_reels_symbols[4].contains("WILD_Triple")): null

2019-08-24 12:48:19 - [TEST_STEP][PASSED] - free_spin_reel_counter = free_spin_reel_counter: null

2019-08-24 12:48:19 - [TEST_STEP][PASSED] - M4_spin_reels_symbols = M4_spin_reels_symbols: null

2019-08-24 12:48:19 - [TEST_STEP][PASSED] - M4_total_bonus_spins = M4_total_bonus_spins: null

2019-08-24 12:48:19 - [TEST_STEP][PASSED] - spin_result = sendRequestAndVerify(findTestObject("INT/RGS(M4)/1_M4_spin", ["M4_login_user_id":M4_login_user_id, "rgs_session_token":rgs_session_token, "partner":Partner])): Send request and verify the response successfully

2019-08-24 12:48:19 - [MESSAGE][INFO] - HAR: /Users/eiralee/Katalon_Script/SuperWild/Reports/20190824_124242/INT/superWild_4/20190824_124242/requests/main/104.har

2019-08-24 12:48:20 - [TEST_CASE][PASSED] - Start Test Case : Verification: Verification accomplished successfully

2019-08-24 12:48:20 - [TEST_STEP][PASSED] - request = getInstance().getCurrentRequest(): null

2019-08-24 12:48:20 - [TEST_STEP][PASSED] - response = getInstance().getCurrentResponse(): null

2019-08-24 12:48:20 - [TEST_STEP][PASSED] - verifyResponseStatusCode(response, 200): Verify response status code successfully

2019-08-24 12:48:20 - [MESSAGE][PASSED] - Verify response status code successfully

2019-08-24 12:48:20 - [TEST_STEP][PASSED] - getStatusCode()).isEqualTo(200): null

2019-08-24 12:48:20 - [TEST_STEP][PASSED] - newline = System.getProperty("line.separator"): null

2019-08-24 12:48:20 - [TEST_STEP][PASSED] - M4_spin = new groovy.json.JsonSlurper(): null

2019-08-24 12:48:20 - [TEST_STEP][PASSED] - result_M4_spin = M4_spin.parseText(response.getResponseBodyContent()): null

2019-08-24 12:48:20 - [TEST_STEP][PASSED] - M4_spin_current_balance = current_balance: null

2019-08-24 12:48:20 - [TEST_STEP][PASSED] - M4_spin_current_balance = M4_spin_current_balance: null

2019-08-24 12:48:20 - [TEST_STEP][PASSED] - M4_spin_transaction_id = causality: null

2019-08-24 12:48:20 - [TEST_STEP][PASSED] - M4_spin_transaction_id = M4_spin_transaction_id: null

2019-08-24 12:48:20 - [TEST_STEP][PASSED] - M4_spin_round_id = round_id: null

2019-08-24 12:48:20 - [TEST_STEP][PASSED] - M4_spin_round_id = M4_spin_round_id: null

2019-08-24 12:48:20 - [TEST_STEP][PASSED] - M4_spin_line_wins = line_wins: null

2019-08-24 12:48:20 - [TEST_STEP][PASSED] - M4_spin_line_wins = M4_spin_line_wins: null

2019-08-24 12:48:20 - [TEST_STEP][PASSED] - M4_total_bonus_spins_int = total_bonus_spins: null

2019-08-24 12:48:20 - [TEST_STEP][PASSED] - println("******M4_total_bonus_spins type is:*******" + newline + getClass().getName()): null

2019-08-24 12:48:20 - [TEST_STEP][PASSED] - M4_total_bonus_spins_int = M4_total_bonus_spins_int: null

2019-08-24 12:48:20 - [TEST_STEP][PASSED] - M4_total_bonus_spins = Integer.toString(M4_total_bonus_spins_int): null

2019-08-24 12:48:20 - [TEST_STEP][PASSED] - M4_total_bonus_spins = M4_total_bonus_spins: null

2019-08-24 12:48:20 - [TEST_STEP][PASSED] - println("M4_total_bonus_spins is:" + M4_total_bonus_spins): null

2019-08-24 12:48:20 - [TEST_STEP][PASSED] - M4_spin_bonus_data = bonus_data: null

2019-08-24 12:48:20 - [TEST_STEP][PASSED] - M4_spin_features_triggered = result_M4_spin: null

2019-08-24 12:48:20 - [TEST_STEP][PASSED] - wild = []: null

2019-08-24 12:48:20 - [TEST_STEP][PASSED] - wild[0] = "WILD_Expanding": null

2019-08-24 12:48:20 - [TEST_STEP][PASSED] - wild[1] = "WILD_Normal": null

2019-08-24 12:48:20 - [TEST_STEP][PASSED] - wild[2] = "WILD_Double": null

2019-08-24 12:48:20 - [TEST_STEP][PASSED] - wild[3] = "WILD_ExtraFG": null

2019-08-24 12:48:20 - [TEST_STEP][PASSED] - wild[4] = "WILD_Triple": null

2019-08-24 12:48:20 - [TEST_STEP][PASSED] - wildList = Arrays.asList(wild): null

2019-08-24 12:48:20 - [TEST_STEP][PASSED] - wildList = wildList: null

2019-08-24 12:48:20 - [TEST_STEP][PASSED] - free_spin_reel_counter = []: null

2019-08-24 12:48:20 - [TEST_STEP][PASSED] - free_spin_reel_counter[0] = 0: null

2019-08-24 12:48:20 - [TEST_STEP][PASSED] - free_spin_reel_counter[1] = 0: null

2019-08-24 12:48:20 - [TEST_STEP][PASSED] - free_spin_reel_counter[2] = 0: null

2019-08-24 12:48:20 - [TEST_STEP][PASSED] - M4_spin_reels = reels: null

2019-08-24 12:48:20 - [TEST_STEP][PASSED] - for ([i = 0, i &lt; M4_spin_reels.size(), (i++)]): null

2019-08-24 12:48:20 - [TEST_STEP][PASSED] - symbols = symbols: null

2019-08-24 12:48:20 - [TEST_STEP][PASSED] - for ([j = 0, j &lt; symbols.size(), (j++)]): null

2019-08-24 12:48:20 - [TEST_STEP][PASSED] - symbol = symbol: null

2019-08-24 12:48:20 - [TEST_STEP][PASSED] - println(symbol): null

2019-08-24 12:48:20 - [TEST_STEP][PASSED] - if (i == 2 &amp;&amp; wildList.indexOf(symbol) != -1): null

2019-08-24 12:48:20 - [TEST_STEP][PASSED] - if (i == 3 &amp;&amp; wildList.indexOf(symbol) != -1): null

2019-08-24 12:48:20 - [TEST_STEP][PASSED] - if (i == 4 &amp;&amp; wildList.indexOf(symbol) != -1): null

2019-08-24 12:48:20 - [TEST_STEP][PASSED] - symbol = symbol: null

2019-08-24 12:48:20 - [TEST_STEP][PASSED] - println(symbol): null

2019-08-24 12:48:20 - [TEST_STEP][PASSED] - if (i == 2 &amp;&amp; wildList.indexOf(symbol) != -1): null

2019-08-24 12:48:20 - [TEST_STEP][PASSED] - if (i == 3 &amp;&amp; wildList.indexOf(symbol) != -1): null

2019-08-24 12:48:20 - [TEST_STEP][PASSED] - if (i == 4 &amp;&amp; wildList.indexOf(symbol) != -1): null

2019-08-24 12:48:20 - [TEST_STEP][PASSED] - symbol = symbol: null

2019-08-24 12:48:20 - [TEST_STEP][PASSED] - println(symbol): null

2019-08-24 12:48:20 - [TEST_STEP][PASSED] - if (i == 2 &amp;&amp; wildList.indexOf(symbol) != -1): null

2019-08-24 12:48:20 - [TEST_STEP][PASSED] - if (i == 3 &amp;&amp; wildList.indexOf(symbol) != -1): null

2019-08-24 12:48:20 - [TEST_STEP][PASSED] - if (i == 4 &amp;&amp; wildList.indexOf(symbol) != -1): null

2019-08-24 12:48:20 - [TEST_STEP][PASSED] - symbols = symbols: null

2019-08-24 12:48:20 - [TEST_STEP][PASSED] - for ([j = 0, j &lt; symbols.size(), (j++)]): null

2019-08-24 12:48:20 - [TEST_STEP][PASSED] - symbol = symbol: null

2019-08-24 12:48:20 - [TEST_STEP][PASSED] - println(symbol): null

2019-08-24 12:48:20 - [TEST_STEP][PASSED] - if (i == 2 &amp;&amp; wildList.indexOf(symbol) != -1): null

2019-08-24 12:48:20 - [TEST_STEP][PASSED] - if (i == 3 &amp;&amp; wildList.indexOf(symbol) != -1): null

2019-08-24 12:48:20 - [TEST_STEP][PASSED] - if (i == 4 &amp;&amp; wildList.indexOf(symbol) != -1): null

2019-08-24 12:48:20 - [TEST_STEP][PASSED] - symbol = symbol: null

2019-08-24 12:48:20 - [TEST_STEP][PASSED] - println(symbol): null

2019-08-24 12:48:20 - [TEST_STEP][PASSED] - if (i == 2 &amp;&amp; wildList.indexOf(symbol) != -1): null

2019-08-24 12:48:20 - [TEST_STEP][PASSED] - if (i == 3 &amp;&amp; wildList.indexOf(symbol) != -1): null

2019-08-24 12:48:20 - [TEST_STEP][PASSED] - if (i == 4 &amp;&amp; wildList.indexOf(symbol) != -1): null

2019-08-24 12:48:20 - [TEST_STEP][PASSED] - symbol = symbol: null

2019-08-24 12:48:20 - [TEST_STEP][PASSED] - println(symbol): null

2019-08-24 12:48:20 - [TEST_STEP][PASSED] - if (i == 2 &amp;&amp; wildList.indexOf(symbol) != -1): null

2019-08-24 12:48:20 - [TEST_STEP][PASSED] - if (i == 3 &amp;&amp; wildList.indexOf(symbol) != -1): null

2019-08-24 12:48:20 - [TEST_STEP][PASSED] - if (i == 4 &amp;&amp; wildList.indexOf(symbol) != -1): null

2019-08-24 12:48:20 - [TEST_STEP][PASSED] - symbols = symbols: null

2019-08-24 12:48:20 - [TEST_STEP][PASSED] - for ([j = 0, j &lt; symbols.size(), (j++)]): null

2019-08-24 12:48:20 - [TEST_STEP][PASSED] - symbol = symbol: null

2019-08-24 12:48:20 - [TEST_STEP][PASSED] - println(symbol): null

2019-08-24 12:48:20 - [TEST_STEP][PASSED] - if (i == 2 &amp;&amp; wildList.indexOf(symbol) != -1): null

2019-08-24 12:48:20 - [TEST_STEP][PASSED] - if (i == 3 &amp;&amp; wildList.indexOf(symbol) != -1): null

2019-08-24 12:48:20 - [TEST_STEP][PASSED] - if (i == 4 &amp;&amp; wildList.indexOf(symbol) != -1): null

2019-08-24 12:48:20 - [TEST_STEP][PASSED] - symbol = symbol: null

2019-08-24 12:48:20 - [TEST_STEP][PASSED] - println(symbol): null

2019-08-24 12:48:20 - [TEST_STEP][PASSED] - if (i == 2 &amp;&amp; wildList.indexOf(symbol) != -1): null

2019-08-24 12:48:20 - [TEST_STEP][PASSED] - println("wild found on reel 3, adding counter by 1"): null

2019-08-24 12:48:20 - [TEST_STEP][PASSED] - free_spin_reel_counter[0] = free_spin_reel_counter[0] + 1: null

2019-08-24 12:48:20 - [TEST_STEP][PASSED] - if (i == 3 &amp;&amp; wildList.indexOf(symbol) != -1): null

2019-08-24 12:48:20 - [TEST_STEP][PASSED] - if (i == 4 &amp;&amp; wildList.indexOf(symbol) != -1): null

2019-08-24 12:48:20 - [TEST_STEP][PASSED] - symbol = symbol: null

2019-08-24 12:48:20 - [TEST_STEP][PASSED] - println(symbol): null

2019-08-24 12:48:20 - [TEST_STEP][PASSED] - if (i == 2 &amp;&amp; wildList.indexOf(symbol) != -1): null

2019-08-24 12:48:20 - [TEST_STEP][PASSED] - if (i == 3 &amp;&amp; wildList.indexOf(symbol) != -1): null

2019-08-24 12:48:20 - [TEST_STEP][PASSED] - if (i == 4 &amp;&amp; wildList.indexOf(symbol) != -1): null

2019-08-24 12:48:20 - [TEST_STEP][PASSED] - symbols = symbols: null

2019-08-24 12:48:20 - [TEST_STEP][PASSED] - for ([j = 0, j &lt; symbols.size(), (j++)]): null

2019-08-24 12:48:20 - [TEST_STEP][PASSED] - symbol = symbol: null

2019-08-24 12:48:20 - [TEST_STEP][PASSED] - println(symbol): null

2019-08-24 12:48:20 - [TEST_STEP][PASSED] - if (i == 2 &amp;&amp; wildList.indexOf(symbol) != -1): null

2019-08-24 12:48:20 - [TEST_STEP][PASSED] - if (i == 3 &amp;&amp; wildList.indexOf(symbol) != -1): null

2019-08-24 12:48:20 - [TEST_STEP][PASSED] - if (i == 4 &amp;&amp; wildList.indexOf(symbol) != -1): null

2019-08-24 12:48:20 - [TEST_STEP][PASSED] - symbol = symbol: null

2019-08-24 12:48:20 - [TEST_STEP][PASSED] - println(symbol): null

2019-08-24 12:48:20 - [TEST_STEP][PASSED] - if (i == 2 &amp;&amp; wildList.indexOf(symbol) != -1): null

2019-08-24 12:48:20 - [TEST_STEP][PASSED] - if (i == 3 &amp;&amp; wildList.indexOf(symbol) != -1): null

2019-08-24 12:48:20 - [TEST_STEP][PASSED] - if (i == 4 &amp;&amp; wildList.indexOf(symbol) != -1): null

2019-08-24 12:48:20 - [TEST_STEP][PASSED] - symbol = symbol: null

2019-08-24 12:48:20 - [TEST_STEP][PASSED] - println(symbol): null

2019-08-24 12:48:20 - [TEST_STEP][PASSED] - if (i == 2 &amp;&amp; wildList.indexOf(symbol) != -1): null

2019-08-24 12:48:20 - [TEST_STEP][PASSED] - if (i == 3 &amp;&amp; wildList.indexOf(symbol) != -1): null

2019-08-24 12:48:20 - [TEST_STEP][PASSED] - if (i == 4 &amp;&amp; wildList.indexOf(symbol) != -1): null

2019-08-24 12:48:20 - [TEST_STEP][PASSED] - symbols = symbols: null

2019-08-24 12:48:20 - [TEST_STEP][PASSED] - for ([j = 0, j &lt; symbols.size(), (j++)]): null

2019-08-24 12:48:20 - [TEST_STEP][PASSED] - symbol = symbol: null

2019-08-24 12:48:20 - [TEST_STEP][PASSED] - println(symbol): null

2019-08-24 12:48:20 - [TEST_STEP][PASSED] - if (i == 2 &amp;&amp; wildList.indexOf(symbol) != -1): null

2019-08-24 12:48:20 - [TEST_STEP][PASSED] - if (i == 3 &amp;&amp; wildList.indexOf(symbol) != -1): null

2019-08-24 12:48:20 - [TEST_STEP][PASSED] - if (i == 4 &amp;&amp; wildList.indexOf(symbol) != -1): null

2019-08-24 12:48:20 - [TEST_STEP][PASSED] - symbol = symbol: null

2019-08-24 12:48:20 - [TEST_STEP][PASSED] - println(symbol): null

2019-08-24 12:48:20 - [TEST_STEP][PASSED] - if (i == 2 &amp;&amp; wildList.indexOf(symbol) != -1): null

2019-08-24 12:48:20 - [TEST_STEP][PASSED] - if (i == 3 &amp;&amp; wildList.indexOf(symbol) != -1): null

2019-08-24 12:48:20 - [TEST_STEP][PASSED] - if (i == 4 &amp;&amp; wildList.indexOf(symbol) != -1): null

2019-08-24 12:48:20 - [TEST_STEP][PASSED] - symbol = symbol: null

2019-08-24 12:48:20 - [TEST_STEP][PASSED] - println(symbol): null

2019-08-24 12:48:20 - [TEST_STEP][PASSED] - if (i == 2 &amp;&amp; wildList.indexOf(symbol) != -1): null

2019-08-24 12:48:20 - [TEST_STEP][PASSED] - if (i == 3 &amp;&amp; wildList.indexOf(symbol) != -1): null

2019-08-24 12:48:20 - [TEST_STEP][PASSED] - if (i == 4 &amp;&amp; wildList.indexOf(symbol) != -1): null

2019-08-24 12:48:20 - [TEST_STEP][PASSED] - free_spin_reel_counter = free_spin_reel_counter: null

2019-08-24 12:48:20 - [TEST_STEP][PASSED] - println("reel 3 wild found: " + free_spin_reel_counter[0]): null

2019-08-24 12:48:20 - [TEST_STEP][PASSED] - println("reel 4 wild found: " + free_spin_reel_counter[1]): null

2019-08-24 12:48:20 - [TEST_STEP][PASSED] - println("reel 5 wild found: " + free_spin_reel_counter[2]): null

2019-08-24 12:48:20 - [TEST_STEP][PASSED] - M4_spin_reels = M4_spin_reels: null

2019-08-24 12:48:20 - [TEST_STEP][PASSED] - M4_spin_reels_symbols = symbol: null

2019-08-24 12:48:20 - [TEST_STEP][PASSED] - M4_spin_reels_symbols = M4_spin_reels_symbols: null

2019-08-24 12:48:20 - [TEST_STEP][PASSED] - M4_spin_reel_wins = reel_wins: null

2019-08-24 12:48:20 - [TEST_STEP][PASSED] - M4_spin_reel_wins = M4_spin_reel_wins: null

2019-08-24 12:48:20 - [TEST_STEP][PASSED] - println("GlobalVariable.M4_spin_reel_wins is: " + M4_spin_reel_wins): null

2019-08-24 12:48:20 - [TEST_STEP][PASSED] - M4_spin_total_bonus_win_this_round = total_bonus_win_this_round: null

2019-08-24 12:48:20 - [TEST_STEP][PASSED] - M4_spin_total_bonus_win_this_round = M4_spin_total_bonus_win_this_round: null

2019-08-24 12:48:20 - [TEST_STEP][PASSED] - println("GlobalVariable.M4_spin_total_bonus_win_this_round is: " + M4_spin_total_bonus_win_this_round): null

2019-08-24 12:48:20 - [TEST_STEP][PASSED] - M4_spin_bonus_spin_result = spin_result: null

2019-08-24 12:48:20 - [TEST_STEP][PASSED] - M4_spin_bonus_spin_result = M4_spin_bonus_spin_result: null

2019-08-24 12:48:20 - [MESSAGE][PASSED] - Verify response successfully

2019-08-24 12:48:20 - [MESSAGE][PASSED] - Send request and verify the response successfully

2019-08-24 12:48:20 - [TEST_STEP][PASSED] - if (M4_total_bonus_spins_int != 0 &amp;&amp; M4_spin_reels_symbols[2].contains("WILD_Double") || M4_spin_reels_symbols[4].contains("WILD_Triple")): null

2019-08-24 12:48:20 - [TEST_STEP][PASSED] - free_spin_reel_counter = free_spin_reel_counter: null

2019-08-24 12:48:20 - [TEST_STEP][PASSED] - M4_spin_reels_symbols = M4_spin_reels_symbols: null

2019-08-24 12:48:20 - [TEST_STEP][PASSED] - M4_total_bonus_spins = M4_total_bonus_spins: null

2019-08-24 12:48:20 - [TEST_STEP][PASSED] - spin_result = sendRequestAndVerify(findTestObject("INT/RGS(M4)/1_M4_spin", ["M4_login_user_id":M4_login_user_id, "rgs_session_token":rgs_session_token, "partner":Partner])): Send request and verify the response successfully

2019-08-24 12:48:20 - [MESSAGE][INFO] - HAR: /Users/eiralee/Katalon_Script/SuperWild/Reports/20190824_124242/INT/superWild_4/20190824_124242/requests/main/105.har

2019-08-24 12:48:24 - [TEST_CASE][PASSED] - Start Test Case : Verification: Verification accomplished successfully

2019-08-24 12:48:24 - [TEST_STEP][PASSED] - request = getInstance().getCurrentRequest(): null

2019-08-24 12:48:24 - [TEST_STEP][PASSED] - response = getInstance().getCurrentResponse(): null

2019-08-24 12:48:24 - [TEST_STEP][PASSED] - verifyResponseStatusCode(response, 200): Verify response status code successfully

2019-08-24 12:48:24 - [MESSAGE][PASSED] - Verify response status code successfully

2019-08-24 12:48:24 - [TEST_STEP][PASSED] - getStatusCode()).isEqualTo(200): null

2019-08-24 12:48:24 - [TEST_STEP][PASSED] - newline = System.getProperty("line.separator"): null

2019-08-24 12:48:24 - [TEST_STEP][PASSED] - M4_spin = new groovy.json.JsonSlurper(): null

2019-08-24 12:48:24 - [TEST_STEP][PASSED] - result_M4_spin = M4_spin.parseText(response.getResponseBodyContent()): null

2019-08-24 12:48:24 - [TEST_STEP][PASSED] - M4_spin_current_balance = current_balance: null

2019-08-24 12:48:24 - [TEST_STEP][PASSED] - M4_spin_current_balance = M4_spin_current_balance: null

2019-08-24 12:48:29 - [TEST_STEP][PASSED] - M4_spin_transaction_id = causality: null

2019-08-24 12:48:29 - [TEST_STEP][PASSED] - M4_spin_transaction_id = M4_spin_transaction_id: null

2019-08-24 12:48:29 - [TEST_STEP][PASSED] - M4_spin_round_id = round_id: null

2019-08-24 12:48:29 - [TEST_STEP][PASSED] - M4_spin_round_id = M4_spin_round_id: null

2019-08-24 12:48:29 - [TEST_STEP][PASSED] - M4_spin_line_wins = line_wins: null

2019-08-24 12:48:29 - [TEST_STEP][PASSED] - M4_spin_line_wins = M4_spin_line_wins: null

2019-08-24 12:48:34 - [TEST_STEP][PASSED] - M4_total_bonus_spins_int = total_bonus_spins: null

2019-08-24 12:48:34 - [TEST_STEP][PASSED] - println("******M4_total_bonus_spins type is:*******" + newline + getClass().getName()): null

2019-08-24 12:48:34 - [TEST_STEP][PASSED] - M4_total_bonus_spins_int = M4_total_bonus_spins_int: null

2019-08-24 12:48:34 - [TEST_STEP][PASSED] - M4_total_bonus_spins = Integer.toString(M4_total_bonus_spins_int): null

2019-08-24 12:48:34 - [TEST_STEP][PASSED] - M4_total_bonus_spins = M4_total_bonus_spins: null

2019-08-24 12:48:34 - [TEST_STEP][PASSED] - println("M4_total_bonus_spins is:" + M4_total_bonus_spins): null

2019-08-24 12:48:34 - [TEST_STEP][PASSED] - M4_spin_bonus_data = bonus_data: null

2019-08-24 12:48:34 - [TEST_STEP][PASSED] - M4_spin_features_triggered = result_M4_spin: null

2019-08-24 12:48:34 - [TEST_STEP][PASSED] - wild = []: null

2019-08-24 12:48:34 - [TEST_STEP][PASSED] - wild[0] = "WILD_Expanding": null

2019-08-24 12:48:34 - [TEST_STEP][PASSED] - wild[1] = "WILD_Normal": null

2019-08-24 12:48:34 - [TEST_STEP][PASSED] - wild[2] = "WILD_Double": null

2019-08-24 12:48:34 - [TEST_STEP][PASSED] - wild[3] = "WILD_ExtraFG": null

2019-08-24 12:48:34 - [TEST_STEP][PASSED] - wild[4] = "WILD_Triple": null

2019-08-24 12:48:34 - [TEST_STEP][PASSED] - wildList = Arrays.asList(wild): null

2019-08-24 12:48:34 - [TEST_STEP][PASSED] - wildList = wildList: null

2019-08-24 12:48:34 - [TEST_STEP][PASSED] - free_spin_reel_counter = []: null

2019-08-24 12:48:34 - [TEST_STEP][PASSED] - free_spin_reel_counter[0] = 0: null

2019-08-24 12:48:34 - [TEST_STEP][PASSED] - free_spin_reel_counter[1] = 0: null

2019-08-24 12:48:34 - [TEST_STEP][PASSED] - free_spin_reel_counter[2] = 0: null

2019-08-24 12:48:34 - [TEST_STEP][PASSED] - M4_spin_reels = reels: null

2019-08-24 12:48:34 - [TEST_STEP][PASSED] - for ([i = 0, i &lt; M4_spin_reels.size(), (i++)]): null

2019-08-24 12:48:34 - [TEST_STEP][PASSED] - symbols = symbols: null

2019-08-24 12:48:34 - [TEST_STEP][PASSED] - for ([j = 0, j &lt; symbols.size(), (j++)]): null

2019-08-24 12:48:34 - [TEST_STEP][PASSED] - symbol = symbol: null

2019-08-24 12:48:34 - [TEST_STEP][PASSED] - println(symbol): null

2019-08-24 12:48:34 - [TEST_STEP][PASSED] - if (i == 2 &amp;&amp; wildList.indexOf(symbol) != -1): null

2019-08-24 12:48:34 - [TEST_STEP][PASSED] - if (i == 3 &amp;&amp; wildList.indexOf(symbol) != -1): null

2019-08-24 12:48:34 - [TEST_STEP][PASSED] - if (i == 4 &amp;&amp; wildList.indexOf(symbol) != -1): null

2019-08-24 12:48:34 - [TEST_STEP][PASSED] - symbol = symbol: null

2019-08-24 12:48:34 - [TEST_STEP][PASSED] - println(symbol): null

2019-08-24 12:48:34 - [TEST_STEP][PASSED] - if (i == 2 &amp;&amp; wildList.indexOf(symbol) != -1): null

2019-08-24 12:48:34 - [TEST_STEP][PASSED] - if (i == 3 &amp;&amp; wildList.indexOf(symbol) != -1): null

2019-08-24 12:48:34 - [TEST_STEP][PASSED] - if (i == 4 &amp;&amp; wildList.indexOf(symbol) != -1): null

2019-08-24 12:48:34 - [TEST_STEP][PASSED] - symbol = symbol: null

2019-08-24 12:48:34 - [TEST_STEP][PASSED] - println(symbol): null

2019-08-24 12:48:34 - [TEST_STEP][PASSED] - if (i == 2 &amp;&amp; wildList.indexOf(symbol) != -1): null

2019-08-24 12:48:34 - [TEST_STEP][PASSED] - if (i == 3 &amp;&amp; wildList.indexOf(symbol) != -1): null

2019-08-24 12:48:34 - [TEST_STEP][PASSED] - if (i == 4 &amp;&amp; wildList.indexOf(symbol) != -1): null

2019-08-24 12:48:34 - [TEST_STEP][PASSED] - symbols = symbols: null

2019-08-24 12:48:34 - [TEST_STEP][PASSED] - for ([j = 0, j &lt; symbols.size(), (j++)]): null

2019-08-24 12:48:34 - [TEST_STEP][PASSED] - symbol = symbol: null

2019-08-24 12:48:34 - [TEST_STEP][PASSED] - println(symbol): null

2019-08-24 12:48:34 - [TEST_STEP][PASSED] - if (i == 2 &amp;&amp; wildList.indexOf(symbol) != -1): null

2019-08-24 12:48:34 - [TEST_STEP][PASSED] - if (i == 3 &amp;&amp; wildList.indexOf(symbol) != -1): null

2019-08-24 12:48:34 - [TEST_STEP][PASSED] - if (i == 4 &amp;&amp; wildList.indexOf(symbol) != -1): null

2019-08-24 12:48:34 - [TEST_STEP][PASSED] - symbol = symbol: null

2019-08-24 12:48:34 - [TEST_STEP][PASSED] - println(symbol): null

2019-08-24 12:48:34 - [TEST_STEP][PASSED] - if (i == 2 &amp;&amp; wildList.indexOf(symbol) != -1): null

2019-08-24 12:48:34 - [TEST_STEP][PASSED] - if (i == 3 &amp;&amp; wildList.indexOf(symbol) != -1): null

2019-08-24 12:48:34 - [TEST_STEP][PASSED] - if (i == 4 &amp;&amp; wildList.indexOf(symbol) != -1): null

2019-08-24 12:48:34 - [TEST_STEP][PASSED] - symbol = symbol: null

2019-08-24 12:48:34 - [TEST_STEP][PASSED] - println(symbol): null

2019-08-24 12:48:34 - [TEST_STEP][PASSED] - if (i == 2 &amp;&amp; wildList.indexOf(symbol) != -1): null

2019-08-24 12:48:34 - [TEST_STEP][PASSED] - if (i == 3 &amp;&amp; wildList.indexOf(symbol) != -1): null

2019-08-24 12:48:34 - [TEST_STEP][PASSED] - if (i == 4 &amp;&amp; wildList.indexOf(symbol) != -1): null

2019-08-24 12:48:34 - [TEST_STEP][PASSED] - symbols = symbols: null

2019-08-24 12:48:34 - [TEST_STEP][PASSED] - for ([j = 0, j &lt; symbols.size(), (j++)]): null

2019-08-24 12:48:34 - [TEST_STEP][PASSED] - symbol = symbol: null

2019-08-24 12:48:34 - [TEST_STEP][PASSED] - println(symbol): null

2019-08-24 12:48:34 - [TEST_STEP][PASSED] - if (i == 2 &amp;&amp; wildList.indexOf(symbol) != -1): null

2019-08-24 12:48:34 - [TEST_STEP][PASSED] - if (i == 3 &amp;&amp; wildList.indexOf(symbol) != -1): null

2019-08-24 12:48:34 - [TEST_STEP][PASSED] - if (i == 4 &amp;&amp; wildList.indexOf(symbol) != -1): null

2019-08-24 12:48:34 - [TEST_STEP][PASSED] - symbol = symbol: null

2019-08-24 12:48:34 - [TEST_STEP][PASSED] - println(symbol): null

2019-08-24 12:48:34 - [TEST_STEP][PASSED] - if (i == 2 &amp;&amp; wildList.indexOf(symbol) != -1): null

2019-08-24 12:48:34 - [TEST_STEP][PASSED] - if (i == 3 &amp;&amp; wildList.indexOf(symbol) != -1): null

2019-08-24 12:48:34 - [TEST_STEP][PASSED] - if (i == 4 &amp;&amp; wildList.indexOf(symbol) != -1): null

2019-08-24 12:48:34 - [TEST_STEP][PASSED] - symbol = symbol: null

2019-08-24 12:48:34 - [TEST_STEP][PASSED] - println(symbol): null

2019-08-24 12:48:34 - [TEST_STEP][PASSED] - if (i == 2 &amp;&amp; wildList.indexOf(symbol) != -1): null

2019-08-24 12:48:34 - [TEST_STEP][PASSED] - println("wild found on reel 3, adding counter by 1"): null

2019-08-24 12:48:34 - [TEST_STEP][PASSED] - free_spin_reel_counter[0] = free_spin_reel_counter[0] + 1: null

2019-08-24 12:48:34 - [TEST_STEP][PASSED] - if (i == 3 &amp;&amp; wildList.indexOf(symbol) != -1): null

2019-08-24 12:48:34 - [TEST_STEP][PASSED] - if (i == 4 &amp;&amp; wildList.indexOf(symbol) != -1): null

2019-08-24 12:48:34 - [TEST_STEP][PASSED] - symbols = symbols: null

2019-08-24 12:48:34 - [TEST_STEP][PASSED] - for ([j = 0, j &lt; symbols.size(), (j++)]): null

2019-08-24 12:48:34 - [TEST_STEP][PASSED] - symbol = symbol: null

2019-08-24 12:48:34 - [TEST_STEP][PASSED] - println(symbol): null

2019-08-24 12:48:34 - [TEST_STEP][PASSED] - if (i == 2 &amp;&amp; wildList.indexOf(symbol) != -1): null

2019-08-24 12:48:34 - [TEST_STEP][PASSED] - if (i == 3 &amp;&amp; wildList.indexOf(symbol) != -1): null

2019-08-24 12:48:34 - [TEST_STEP][PASSED] - if (i == 4 &amp;&amp; wildList.indexOf(symbol) != -1): null

2019-08-24 12:48:34 - [TEST_STEP][PASSED] - symbol = symbol: null

2019-08-24 12:48:34 - [TEST_STEP][PASSED] - println(symbol): null

2019-08-24 12:48:34 - [TEST_STEP][PASSED] - if (i == 2 &amp;&amp; wildList.indexOf(symbol) != -1): null

2019-08-24 12:48:34 - [TEST_STEP][PASSED] - if (i == 3 &amp;&amp; wildList.indexOf(symbol) != -1): null

2019-08-24 12:48:34 - [TEST_STEP][PASSED] - if (i == 4 &amp;&amp; wildList.indexOf(symbol) != -1): null

2019-08-24 12:48:34 - [TEST_STEP][PASSED] - symbol = symbol: null

2019-08-24 12:48:34 - [TEST_STEP][PASSED] - println(symbol): null

2019-08-24 12:48:34 - [TEST_STEP][PASSED] - if (i == 2 &amp;&amp; wildList.indexOf(symbol) != -1): null

2019-08-24 12:48:34 - [TEST_STEP][PASSED] - if (i == 3 &amp;&amp; wildList.indexOf(symbol) != -1): null

2019-08-24 12:48:34 - [TEST_STEP][PASSED] - if (i == 4 &amp;&amp; wildList.indexOf(symbol) != -1): null

2019-08-24 12:48:34 - [TEST_STEP][PASSED] - symbols = symbols: null

2019-08-24 12:48:34 - [TEST_STEP][PASSED] - for ([j = 0, j &lt; symbols.size(), (j++)]): null

2019-08-24 12:48:34 - [TEST_STEP][PASSED] - symbol = symbol: null

2019-08-24 12:48:34 - [TEST_STEP][PASSED] - println(symbol): null

2019-08-24 12:48:34 - [TEST_STEP][PASSED] - if (i == 2 &amp;&amp; wildList.indexOf(symbol) != -1): null

2019-08-24 12:48:34 - [TEST_STEP][PASSED] - if (i == 3 &amp;&amp; wildList.indexOf(symbol) != -1): null

2019-08-24 12:48:34 - [TEST_STEP][PASSED] - if (i == 4 &amp;&amp; wildList.indexOf(symbol) != -1): null

2019-08-24 12:48:34 - [TEST_STEP][PASSED] - symbol = symbol: null

2019-08-24 12:48:34 - [TEST_STEP][PASSED] - println(symbol): null

2019-08-24 12:48:34 - [TEST_STEP][PASSED] - if (i == 2 &amp;&amp; wildList.indexOf(symbol) != -1): null

2019-08-24 12:48:34 - [TEST_STEP][PASSED] - if (i == 3 &amp;&amp; wildList.indexOf(symbol) != -1): null

2019-08-24 12:48:34 - [TEST_STEP][PASSED] - if (i == 4 &amp;&amp; wildList.indexOf(symbol) != -1): null

2019-08-24 12:48:34 - [TEST_STEP][PASSED] - symbol = symbol: null

2019-08-24 12:48:34 - [TEST_STEP][PASSED] - println(symbol): null

2019-08-24 12:48:34 - [TEST_STEP][PASSED] - if (i == 2 &amp;&amp; wildList.indexOf(symbol) != -1): null

2019-08-24 12:48:34 - [TEST_STEP][PASSED] - if (i == 3 &amp;&amp; wildList.indexOf(symbol) != -1): null

2019-08-24 12:48:34 - [TEST_STEP][PASSED] - if (i == 4 &amp;&amp; wildList.indexOf(symbol) != -1): null

2019-08-24 12:48:34 - [TEST_STEP][PASSED] - free_spin_reel_counter = free_spin_reel_counter: null

2019-08-24 12:48:34 - [TEST_STEP][PASSED] - println("reel 3 wild found: " + free_spin_reel_counter[0]): null

2019-08-24 12:48:34 - [TEST_STEP][PASSED] - println("reel 4 wild found: " + free_spin_reel_counter[1]): null

2019-08-24 12:48:34 - [TEST_STEP][PASSED] - println("reel 5 wild found: " + free_spin_reel_counter[2]): null

2019-08-24 12:48:34 - [TEST_STEP][PASSED] - M4_spin_reels = M4_spin_reels: null

2019-08-24 12:48:34 - [TEST_STEP][PASSED] - M4_spin_reels_symbols = symbol: null

2019-08-24 12:48:34 - [TEST_STEP][PASSED] - M4_spin_reels_symbols = M4_spin_reels_symbols: null

2019-08-24 12:48:34 - [TEST_STEP][PASSED] - M4_spin_reel_wins = reel_wins: null

2019-08-24 12:48:34 - [TEST_STEP][PASSED] - M4_spin_reel_wins = M4_spin_reel_wins: null

2019-08-24 12:48:34 - [TEST_STEP][PASSED] - println("GlobalVariable.M4_spin_reel_wins is: " + M4_spin_reel_wins): null

2019-08-24 12:48:34 - [TEST_STEP][PASSED] - M4_spin_total_bonus_win_this_round = total_bonus_win_this_round: null

2019-08-24 12:48:34 - [TEST_STEP][PASSED] - M4_spin_total_bonus_win_this_round = M4_spin_total_bonus_win_this_round: null

2019-08-24 12:48:34 - [TEST_STEP][PASSED] - println("GlobalVariable.M4_spin_total_bonus_win_this_round is: " + M4_spin_total_bonus_win_this_round): null

2019-08-24 12:48:34 - [TEST_STEP][PASSED] - M4_spin_bonus_spin_result = spin_result: null

2019-08-24 12:48:34 - [TEST_STEP][PASSED] - M4_spin_bonus_spin_result = M4_spin_bonus_spin_result: null

2019-08-24 12:48:34 - [MESSAGE][PASSED] - Verify response successfully

2019-08-24 12:48:34 - [MESSAGE][PASSED] - Send request and verify the response successfully

2019-08-24 12:48:34 - [TEST_STEP][PASSED] - if (M4_total_bonus_spins_int != 0 &amp;&amp; M4_spin_reels_symbols[2].contains("WILD_Double") || M4_spin_reels_symbols[4].contains("WILD_Triple")): null

2019-08-24 12:48:34 - [TEST_STEP][PASSED] - free_spin_reel_counter = free_spin_reel_counter: null

2019-08-24 12:48:34 - [TEST_STEP][PASSED] - M4_spin_reels_symbols = M4_spin_reels_symbols: null

2019-08-24 12:48:34 - [TEST_STEP][PASSED] - M4_total_bonus_spins = M4_total_bonus_spins: null

2019-08-24 12:48:34 - [TEST_STEP][PASSED] - spin_result = sendRequestAndVerify(findTestObject("INT/RGS(M4)/1_M4_spin", ["M4_login_user_id":M4_login_user_id, "rgs_session_token":rgs_session_token, "partner":Partner])): Send request and verify the response successfully

2019-08-24 12:48:35 - [MESSAGE][INFO] - HAR: /Users/eiralee/Katalon_Script/SuperWild/Reports/20190824_124242/INT/superWild_4/20190824_124242/requests/main/106.har

2019-08-24 12:48:35 - [TEST_CASE][PASSED] - Start Test Case : Verification: Verification accomplished successfully

2019-08-24 12:48:35 - [TEST_STEP][PASSED] - request = getInstance().getCurrentRequest(): null

2019-08-24 12:48:35 - [TEST_STEP][PASSED] - response = getInstance().getCurrentResponse(): null

2019-08-24 12:48:35 - [TEST_STEP][PASSED] - verifyResponseStatusCode(response, 200): Verify response status code successfully

2019-08-24 12:48:35 - [MESSAGE][PASSED] - Verify response status code successfully

2019-08-24 12:48:35 - [TEST_STEP][PASSED] - getStatusCode()).isEqualTo(200): null

2019-08-24 12:48:35 - [TEST_STEP][PASSED] - newline = System.getProperty("line.separator"): null

2019-08-24 12:48:35 - [TEST_STEP][PASSED] - M4_spin = new groovy.json.JsonSlurper(): null

2019-08-24 12:48:35 - [TEST_STEP][PASSED] - result_M4_spin = M4_spin.parseText(response.getResponseBodyContent()): null

2019-08-24 12:48:35 - [TEST_STEP][PASSED] - M4_spin_current_balance = current_balance: null

2019-08-24 12:48:35 - [TEST_STEP][PASSED] - M4_spin_current_balance = M4_spin_current_balance: null

2019-08-24 12:48:35 - [TEST_STEP][PASSED] - M4_spin_transaction_id = causality: null

2019-08-24 12:48:35 - [TEST_STEP][PASSED] - M4_spin_transaction_id = M4_spin_transaction_id: null

2019-08-24 12:48:35 - [TEST_STEP][PASSED] - M4_spin_round_id = round_id: null

2019-08-24 12:48:35 - [TEST_STEP][PASSED] - M4_spin_round_id = M4_spin_round_id: null

2019-08-24 12:48:35 - [TEST_STEP][PASSED] - M4_spin_line_wins = line_wins: null

2019-08-24 12:48:35 - [TEST_STEP][PASSED] - M4_spin_line_wins = M4_spin_line_wins: null

2019-08-24 12:48:35 - [TEST_STEP][PASSED] - M4_total_bonus_spins_int = total_bonus_spins: null

2019-08-24 12:48:35 - [TEST_STEP][PASSED] - println("******M4_total_bonus_spins type is:*******" + newline + getClass().getName()): null

2019-08-24 12:48:35 - [TEST_STEP][PASSED] - M4_total_bonus_spins_int = M4_total_bonus_spins_int: null

2019-08-24 12:48:35 - [TEST_STEP][PASSED] - M4_total_bonus_spins = Integer.toString(M4_total_bonus_spins_int): null

2019-08-24 12:48:35 - [TEST_STEP][PASSED] - M4_total_bonus_spins = M4_total_bonus_spins: null

2019-08-24 12:48:35 - [TEST_STEP][PASSED] - println("M4_total_bonus_spins is:" + M4_total_bonus_spins): null

2019-08-24 12:48:35 - [TEST_STEP][PASSED] - M4_spin_bonus_data = bonus_data: null

2019-08-24 12:48:35 - [TEST_STEP][PASSED] - M4_spin_features_triggered = result_M4_spin: null

2019-08-24 12:48:35 - [TEST_STEP][PASSED] - wild = []: null

2019-08-24 12:48:35 - [TEST_STEP][PASSED] - wild[0] = "WILD_Expanding": null

2019-08-24 12:48:35 - [TEST_STEP][PASSED] - wild[1] = "WILD_Normal": null

2019-08-24 12:48:35 - [TEST_STEP][PASSED] - wild[2] = "WILD_Double": null

2019-08-24 12:48:35 - [TEST_STEP][PASSED] - wild[3] = "WILD_ExtraFG": null

2019-08-24 12:48:35 - [TEST_STEP][PASSED] - wild[4] = "WILD_Triple": null

2019-08-24 12:48:35 - [TEST_STEP][PASSED] - wildList = Arrays.asList(wild): null

2019-08-24 12:48:35 - [TEST_STEP][PASSED] - wildList = wildList: null

2019-08-24 12:48:35 - [TEST_STEP][PASSED] - free_spin_reel_counter = []: null

2019-08-24 12:48:35 - [TEST_STEP][PASSED] - free_spin_reel_counter[0] = 0: null

2019-08-24 12:48:35 - [TEST_STEP][PASSED] - free_spin_reel_counter[1] = 0: null

2019-08-24 12:48:35 - [TEST_STEP][PASSED] - free_spin_reel_counter[2] = 0: null

2019-08-24 12:48:35 - [TEST_STEP][PASSED] - M4_spin_reels = reels: null

2019-08-24 12:48:35 - [TEST_STEP][PASSED] - for ([i = 0, i &lt; M4_spin_reels.size(), (i++)]): null

2019-08-24 12:48:35 - [TEST_STEP][PASSED] - symbols = symbols: null

2019-08-24 12:48:35 - [TEST_STEP][PASSED] - for ([j = 0, j &lt; symbols.size(), (j++)]): null

2019-08-24 12:48:35 - [TEST_STEP][PASSED] - symbol = symbol: null

2019-08-24 12:48:35 - [TEST_STEP][PASSED] - println(symbol): null

2019-08-24 12:48:35 - [TEST_STEP][PASSED] - if (i == 2 &amp;&amp; wildList.indexOf(symbol) != -1): null

2019-08-24 12:48:35 - [TEST_STEP][PASSED] - if (i == 3 &amp;&amp; wildList.indexOf(symbol) != -1): null

2019-08-24 12:48:35 - [TEST_STEP][PASSED] - if (i == 4 &amp;&amp; wildList.indexOf(symbol) != -1): null

2019-08-24 12:48:35 - [TEST_STEP][PASSED] - symbol = symbol: null

2019-08-24 12:48:35 - [TEST_STEP][PASSED] - println(symbol): null

2019-08-24 12:48:35 - [TEST_STEP][PASSED] - if (i == 2 &amp;&amp; wildList.indexOf(symbol) != -1): null

2019-08-24 12:48:35 - [TEST_STEP][PASSED] - if (i == 3 &amp;&amp; wildList.indexOf(symbol) != -1): null

2019-08-24 12:48:35 - [TEST_STEP][PASSED] - if (i == 4 &amp;&amp; wildList.indexOf(symbol) != -1): null

2019-08-24 12:48:35 - [TEST_STEP][PASSED] - symbol = symbol: null

2019-08-24 12:48:35 - [TEST_STEP][PASSED] - println(symbol): null

2019-08-24 12:48:35 - [TEST_STEP][PASSED] - if (i == 2 &amp;&amp; wildList.indexOf(symbol) != -1): null

2019-08-24 12:48:35 - [TEST_STEP][PASSED] - if (i == 3 &amp;&amp; wildList.indexOf(symbol) != -1): null

2019-08-24 12:48:35 - [TEST_STEP][PASSED] - if (i == 4 &amp;&amp; wildList.indexOf(symbol) != -1): null

2019-08-24 12:48:35 - [TEST_STEP][PASSED] - symbols = symbols: null

2019-08-24 12:48:35 - [TEST_STEP][PASSED] - for ([j = 0, j &lt; symbols.size(), (j++)]): null

2019-08-24 12:48:35 - [TEST_STEP][PASSED] - symbol = symbol: null

2019-08-24 12:48:35 - [TEST_STEP][PASSED] - println(symbol): null

2019-08-24 12:48:35 - [TEST_STEP][PASSED] - if (i == 2 &amp;&amp; wildList.indexOf(symbol) != -1): null

2019-08-24 12:48:35 - [TEST_STEP][PASSED] - if (i == 3 &amp;&amp; wildList.indexOf(symbol) != -1): null

2019-08-24 12:48:35 - [TEST_STEP][PASSED] - if (i == 4 &amp;&amp; wildList.indexOf(symbol) != -1): null

2019-08-24 12:48:35 - [TEST_STEP][PASSED] - symbol = symbol: null

2019-08-24 12:48:35 - [TEST_STEP][PASSED] - println(symbol): null

2019-08-24 12:48:35 - [TEST_STEP][PASSED] - if (i == 2 &amp;&amp; wildList.indexOf(symbol) != -1): null

2019-08-24 12:48:35 - [TEST_STEP][PASSED] - if (i == 3 &amp;&amp; wildList.indexOf(symbol) != -1): null

2019-08-24 12:48:35 - [TEST_STEP][PASSED] - if (i == 4 &amp;&amp; wildList.indexOf(symbol) != -1): null

2019-08-24 12:48:35 - [TEST_STEP][PASSED] - symbol = symbol: null

2019-08-24 12:48:35 - [TEST_STEP][PASSED] - println(symbol): null

2019-08-24 12:48:35 - [TEST_STEP][PASSED] - if (i == 2 &amp;&amp; wildList.indexOf(symbol) != -1): null

2019-08-24 12:48:35 - [TEST_STEP][PASSED] - if (i == 3 &amp;&amp; wildList.indexOf(symbol) != -1): null

2019-08-24 12:48:35 - [TEST_STEP][PASSED] - if (i == 4 &amp;&amp; wildList.indexOf(symbol) != -1): null

2019-08-24 12:48:35 - [TEST_STEP][PASSED] - symbols = symbols: null

2019-08-24 12:48:35 - [TEST_STEP][PASSED] - for ([j = 0, j &lt; symbols.size(), (j++)]): null

2019-08-24 12:48:35 - [TEST_STEP][PASSED] - symbol = symbol: null

2019-08-24 12:48:35 - [TEST_STEP][PASSED] - println(symbol): null

2019-08-24 12:48:35 - [TEST_STEP][PASSED] - if (i == 2 &amp;&amp; wildList.indexOf(symbol) != -1): null

2019-08-24 12:48:35 - [TEST_STEP][PASSED] - if (i == 3 &amp;&amp; wildList.indexOf(symbol) != -1): null

2019-08-24 12:48:35 - [TEST_STEP][PASSED] - if (i == 4 &amp;&amp; wildList.indexOf(symbol) != -1): null

2019-08-24 12:48:35 - [TEST_STEP][PASSED] - symbol = symbol: null

2019-08-24 12:48:35 - [TEST_STEP][PASSED] - println(symbol): null

2019-08-24 12:48:35 - [TEST_STEP][PASSED] - if (i == 2 &amp;&amp; wildList.indexOf(symbol) != -1): null

2019-08-24 12:48:35 - [TEST_STEP][PASSED] - if (i == 3 &amp;&amp; wildList.indexOf(symbol) != -1): null

2019-08-24 12:48:35 - [TEST_STEP][PASSED] - if (i == 4 &amp;&amp; wildList.indexOf(symbol) != -1): null

2019-08-24 12:48:35 - [TEST_STEP][PASSED] - symbol = symbol: null

2019-08-24 12:48:35 - [TEST_STEP][PASSED] - println(symbol): null

2019-08-24 12:48:35 - [TEST_STEP][PASSED] - if (i == 2 &amp;&amp; wildList.indexOf(symbol) != -1): null

2019-08-24 12:48:35 - [TEST_STEP][PASSED] - if (i == 3 &amp;&amp; wildList.indexOf(symbol) != -1): null

2019-08-24 12:48:35 - [TEST_STEP][PASSED] - if (i == 4 &amp;&amp; wildList.indexOf(symbol) != -1): null

2019-08-24 12:48:35 - [TEST_STEP][PASSED] - symbols = symbols: null

2019-08-24 12:48:35 - [TEST_STEP][PASSED] - for ([j = 0, j &lt; symbols.size(), (j++)]): null

2019-08-24 12:48:35 - [TEST_STEP][PASSED] - symbol = symbol: null

2019-08-24 12:48:35 - [TEST_STEP][PASSED] - println(symbol): null

2019-08-24 12:48:35 - [TEST_STEP][PASSED] - if (i == 2 &amp;&amp; wildList.indexOf(symbol) != -1): null

2019-08-24 12:48:35 - [TEST_STEP][PASSED] - if (i == 3 &amp;&amp; wildList.indexOf(symbol) != -1): null

2019-08-24 12:48:35 - [TEST_STEP][PASSED] - if (i == 4 &amp;&amp; wildList.indexOf(symbol) != -1): null

2019-08-24 12:48:35 - [TEST_STEP][PASSED] - symbol = symbol: null

2019-08-24 12:48:35 - [TEST_STEP][PASSED] - println(symbol): null

2019-08-24 12:48:35 - [TEST_STEP][PASSED] - if (i == 2 &amp;&amp; wildList.indexOf(symbol) != -1): null

2019-08-24 12:48:35 - [TEST_STEP][PASSED] - if (i == 3 &amp;&amp; wildList.indexOf(symbol) != -1): null

2019-08-24 12:48:35 - [TEST_STEP][PASSED] - if (i == 4 &amp;&amp; wildList.indexOf(symbol) != -1): null

2019-08-24 12:48:35 - [TEST_STEP][PASSED] - symbol = symbol: null

2019-08-24 12:48:35 - [TEST_STEP][PASSED] - println(symbol): null

2019-08-24 12:48:35 - [TEST_STEP][PASSED] - if (i == 2 &amp;&amp; wildList.indexOf(symbol) != -1): null

2019-08-24 12:48:35 - [TEST_STEP][PASSED] - if (i == 3 &amp;&amp; wildList.indexOf(symbol) != -1): null

2019-08-24 12:48:35 - [TEST_STEP][PASSED] - if (i == 4 &amp;&amp; wildList.indexOf(symbol) != -1): null

2019-08-24 12:48:35 - [TEST_STEP][PASSED] - symbols = symbols: null

2019-08-24 12:48:35 - [TEST_STEP][PASSED] - for ([j = 0, j &lt; symbols.size(), (j++)]): null

2019-08-24 12:48:35 - [TEST_STEP][PASSED] - symbol = symbol: null

2019-08-24 12:48:35 - [TEST_STEP][PASSED] - println(symbol): null

2019-08-24 12:48:35 - [TEST_STEP][PASSED] - if (i == 2 &amp;&amp; wildList.indexOf(symbol) != -1): null

2019-08-24 12:48:35 - [TEST_STEP][PASSED] - if (i == 3 &amp;&amp; wildList.indexOf(symbol) != -1): null

2019-08-24 12:48:35 - [TEST_STEP][PASSED] - if (i == 4 &amp;&amp; wildList.indexOf(symbol) != -1): null

2019-08-24 12:48:35 - [TEST_STEP][PASSED] - symbol = symbol: null

2019-08-24 12:48:35 - [TEST_STEP][PASSED] - println(symbol): null

2019-08-24 12:48:35 - [TEST_STEP][PASSED] - if (i == 2 &amp;&amp; wildList.indexOf(symbol) != -1): null

2019-08-24 12:48:35 - [TEST_STEP][PASSED] - if (i == 3 &amp;&amp; wildList.indexOf(symbol) != -1): null

2019-08-24 12:48:35 - [TEST_STEP][PASSED] - if (i == 4 &amp;&amp; wildList.indexOf(symbol) != -1): null

2019-08-24 12:48:35 - [TEST_STEP][PASSED] - symbol = symbol: null

2019-08-24 12:48:35 - [TEST_STEP][PASSED] - println(symbol): null

2019-08-24 12:48:35 - [TEST_STEP][PASSED] - if (i == 2 &amp;&amp; wildList.indexOf(symbol) != -1): null

2019-08-24 12:48:35 - [TEST_STEP][PASSED] - if (i == 3 &amp;&amp; wildList.indexOf(symbol) != -1): null

2019-08-24 12:48:35 - [TEST_STEP][PASSED] - if (i == 4 &amp;&amp; wildList.indexOf(symbol) != -1): null

2019-08-24 12:48:35 - [TEST_STEP][PASSED] - free_spin_reel_counter = free_spin_reel_counter: null

2019-08-24 12:48:35 - [TEST_STEP][PASSED] - println("reel 3 wild found: " + free_spin_reel_counter[0]): null

2019-08-24 12:48:35 - [TEST_STEP][PASSED] - println("reel 4 wild found: " + free_spin_reel_counter[1]): null

2019-08-24 12:48:35 - [TEST_STEP][PASSED] - println("reel 5 wild found: " + free_spin_reel_counter[2]): null

2019-08-24 12:48:35 - [TEST_STEP][PASSED] - M4_spin_reels = M4_spin_reels: null

2019-08-24 12:48:35 - [TEST_STEP][PASSED] - M4_spin_reels_symbols = symbol: null

2019-08-24 12:48:35 - [TEST_STEP][PASSED] - M4_spin_reels_symbols = M4_spin_reels_symbols: null

2019-08-24 12:48:35 - [TEST_STEP][PASSED] - M4_spin_reel_wins = reel_wins: null

2019-08-24 12:48:35 - [TEST_STEP][PASSED] - M4_spin_reel_wins = M4_spin_reel_wins: null

2019-08-24 12:48:35 - [TEST_STEP][PASSED] - println("GlobalVariable.M4_spin_reel_wins is: " + M4_spin_reel_wins): null

2019-08-24 12:48:35 - [TEST_STEP][PASSED] - M4_spin_total_bonus_win_this_round = total_bonus_win_this_round: null

2019-08-24 12:48:35 - [TEST_STEP][PASSED] - M4_spin_total_bonus_win_this_round = M4_spin_total_bonus_win_this_round: null

2019-08-24 12:48:35 - [TEST_STEP][PASSED] - println("GlobalVariable.M4_spin_total_bonus_win_this_round is: " + M4_spin_total_bonus_win_this_round): null

2019-08-24 12:48:35 - [TEST_STEP][PASSED] - M4_spin_bonus_spin_result = spin_result: null

2019-08-24 12:48:35 - [TEST_STEP][PASSED] - M4_spin_bonus_spin_result = M4_spin_bonus_spin_result: null

2019-08-24 12:48:35 - [MESSAGE][PASSED] - Verify response successfully

2019-08-24 12:48:35 - [MESSAGE][PASSED] - Send request and verify the response successfully

2019-08-24 12:48:35 - [TEST_STEP][PASSED] - if (M4_total_bonus_spins_int != 0 &amp;&amp; M4_spin_reels_symbols[2].contains("WILD_Double") || M4_spin_reels_symbols[4].contains("WILD_Triple")): null

2019-08-24 12:48:35 - [TEST_STEP][PASSED] - free_spin_reel_counter = free_spin_reel_counter: null

2019-08-24 12:48:35 - [TEST_STEP][PASSED] - M4_spin_reels_symbols = M4_spin_reels_symbols: null

2019-08-24 12:48:35 - [TEST_STEP][PASSED] - M4_total_bonus_spins = M4_total_bonus_spins: null

2019-08-24 12:48:35 - [TEST_STEP][PASSED] - spin_result = sendRequestAndVerify(findTestObject("INT/RGS(M4)/1_M4_spin", ["M4_login_user_id":M4_login_user_id, "rgs_session_token":rgs_session_token, "partner":Partner])): Send request and verify the response successfully

2019-08-24 12:48:35 - [MESSAGE][INFO] - HAR: /Users/eiralee/Katalon_Script/SuperWild/Reports/20190824_124242/INT/superWild_4/20190824_124242/requests/main/107.har

2019-08-24 12:48:35 - [TEST_CASE][PASSED] - Start Test Case : Verification: Verification accomplished successfully

2019-08-24 12:48:36 - [TEST_STEP][PASSED] - request = getInstance().getCurrentRequest(): null

2019-08-24 12:48:36 - [TEST_STEP][PASSED] - response = getInstance().getCurrentResponse(): null

2019-08-24 12:48:36 - [TEST_STEP][PASSED] - verifyResponseStatusCode(response, 200): Verify response status code successfully

2019-08-24 12:48:36 - [MESSAGE][PASSED] - Verify response status code successfully

2019-08-24 12:48:36 - [TEST_STEP][PASSED] - getStatusCode()).isEqualTo(200): null

2019-08-24 12:48:36 - [TEST_STEP][PASSED] - newline = System.getProperty("line.separator"): null

2019-08-24 12:48:36 - [TEST_STEP][PASSED] - M4_spin = new groovy.json.JsonSlurper(): null

2019-08-24 12:48:36 - [TEST_STEP][PASSED] - result_M4_spin = M4_spin.parseText(response.getResponseBodyContent()): null

2019-08-24 12:48:36 - [TEST_STEP][PASSED] - M4_spin_current_balance = current_balance: null

2019-08-24 12:48:36 - [TEST_STEP][PASSED] - M4_spin_current_balance = M4_spin_current_balance: null

2019-08-24 12:48:36 - [TEST_STEP][PASSED] - M4_spin_transaction_id = causality: null

2019-08-24 12:48:36 - [TEST_STEP][PASSED] - M4_spin_transaction_id = M4_spin_transaction_id: null

2019-08-24 12:48:36 - [TEST_STEP][PASSED] - M4_spin_round_id = round_id: null

2019-08-24 12:48:36 - [TEST_STEP][PASSED] - M4_spin_round_id = M4_spin_round_id: null

2019-08-24 12:48:36 - [TEST_STEP][PASSED] - M4_spin_line_wins = line_wins: null

2019-08-24 12:48:36 - [TEST_STEP][PASSED] - M4_spin_line_wins = M4_spin_line_wins: null

2019-08-24 12:48:36 - [TEST_STEP][PASSED] - M4_total_bonus_spins_int = total_bonus_spins: null

2019-08-24 12:48:36 - [TEST_STEP][PASSED] - println("******M4_total_bonus_spins type is:*******" + newline + getClass().getName()): null

2019-08-24 12:48:36 - [TEST_STEP][PASSED] - M4_total_bonus_spins_int = M4_total_bonus_spins_int: null

2019-08-24 12:48:36 - [TEST_STEP][PASSED] - M4_total_bonus_spins = Integer.toString(M4_total_bonus_spins_int): null

2019-08-24 12:48:36 - [TEST_STEP][PASSED] - M4_total_bonus_spins = M4_total_bonus_spins: null

2019-08-24 12:48:36 - [TEST_STEP][PASSED] - println("M4_total_bonus_spins is:" + M4_total_bonus_spins): null

2019-08-24 12:48:36 - [TEST_STEP][PASSED] - M4_spin_bonus_data = bonus_data: null

2019-08-24 12:48:36 - [TEST_STEP][PASSED] - M4_spin_features_triggered = result_M4_spin: null

2019-08-24 12:48:36 - [TEST_STEP][PASSED] - wild = []: null

2019-08-24 12:48:36 - [TEST_STEP][PASSED] - wild[0] = "WILD_Expanding": null

2019-08-24 12:48:36 - [TEST_STEP][PASSED] - wild[1] = "WILD_Normal": null

2019-08-24 12:48:36 - [TEST_STEP][PASSED] - wild[2] = "WILD_Double": null

2019-08-24 12:48:36 - [TEST_STEP][PASSED] - wild[3] = "WILD_ExtraFG": null

2019-08-24 12:48:36 - [TEST_STEP][PASSED] - wild[4] = "WILD_Triple": null

2019-08-24 12:48:36 - [TEST_STEP][PASSED] - wildList = Arrays.asList(wild): null

2019-08-24 12:48:36 - [TEST_STEP][PASSED] - wildList = wildList: null

2019-08-24 12:48:36 - [TEST_STEP][PASSED] - free_spin_reel_counter = []: null

2019-08-24 12:48:36 - [TEST_STEP][PASSED] - free_spin_reel_counter[0] = 0: null

2019-08-24 12:48:36 - [TEST_STEP][PASSED] - free_spin_reel_counter[1] = 0: null

2019-08-24 12:48:36 - [TEST_STEP][PASSED] - free_spin_reel_counter[2] = 0: null

2019-08-24 12:48:36 - [TEST_STEP][PASSED] - M4_spin_reels = reels: null

2019-08-24 12:48:36 - [TEST_STEP][PASSED] - for ([i = 0, i &lt; M4_spin_reels.size(), (i++)]): null

2019-08-24 12:48:36 - [TEST_STEP][PASSED] - symbols = symbols: null

2019-08-24 12:48:36 - [TEST_STEP][PASSED] - for ([j = 0, j &lt; symbols.size(), (j++)]): null

2019-08-24 12:48:36 - [TEST_STEP][PASSED] - symbol = symbol: null

2019-08-24 12:48:36 - [TEST_STEP][PASSED] - println(symbol): null

2019-08-24 12:48:36 - [TEST_STEP][PASSED] - if (i == 2 &amp;&amp; wildList.indexOf(symbol) != -1): null

2019-08-24 12:48:36 - [TEST_STEP][PASSED] - if (i == 3 &amp;&amp; wildList.indexOf(symbol) != -1): null

2019-08-24 12:48:36 - [TEST_STEP][PASSED] - if (i == 4 &amp;&amp; wildList.indexOf(symbol) != -1): null

2019-08-24 12:48:36 - [TEST_STEP][PASSED] - symbol = symbol: null

2019-08-24 12:48:36 - [TEST_STEP][PASSED] - println(symbol): null

2019-08-24 12:48:36 - [TEST_STEP][PASSED] - if (i == 2 &amp;&amp; wildList.indexOf(symbol) != -1): null

2019-08-24 12:48:36 - [TEST_STEP][PASSED] - if (i == 3 &amp;&amp; wildList.indexOf(symbol) != -1): null

2019-08-24 12:48:36 - [TEST_STEP][PASSED] - if (i == 4 &amp;&amp; wildList.indexOf(symbol) != -1): null

2019-08-24 12:48:36 - [TEST_STEP][PASSED] - symbol = symbol: null

2019-08-24 12:48:36 - [TEST_STEP][PASSED] - println(symbol): null

2019-08-24 12:48:36 - [TEST_STEP][PASSED] - if (i == 2 &amp;&amp; wildList.indexOf(symbol) != -1): null

2019-08-24 12:48:36 - [TEST_STEP][PASSED] - if (i == 3 &amp;&amp; wildList.indexOf(symbol) != -1): null

2019-08-24 12:48:36 - [TEST_STEP][PASSED] - if (i == 4 &amp;&amp; wildList.indexOf(symbol) != -1): null

2019-08-24 12:48:36 - [TEST_STEP][PASSED] - symbols = symbols: null

2019-08-24 12:48:36 - [TEST_STEP][PASSED] - for ([j = 0, j &lt; symbols.size(), (j++)]): null

2019-08-24 12:48:36 - [TEST_STEP][PASSED] - symbol = symbol: null

2019-08-24 12:48:36 - [TEST_STEP][PASSED] - println(symbol): null

2019-08-24 12:48:36 - [TEST_STEP][PASSED] - if (i == 2 &amp;&amp; wildList.indexOf(symbol) != -1): null

2019-08-24 12:48:36 - [TEST_STEP][PASSED] - if (i == 3 &amp;&amp; wildList.indexOf(symbol) != -1): null

2019-08-24 12:48:36 - [TEST_STEP][PASSED] - if (i == 4 &amp;&amp; wildList.indexOf(symbol) != -1): null

2019-08-24 12:48:36 - [TEST_STEP][PASSED] - symbol = symbol: null

2019-08-24 12:48:36 - [TEST_STEP][PASSED] - println(symbol): null

2019-08-24 12:48:36 - [TEST_STEP][PASSED] - if (i == 2 &amp;&amp; wildList.indexOf(symbol) != -1): null

2019-08-24 12:48:36 - [TEST_STEP][PASSED] - if (i == 3 &amp;&amp; wildList.indexOf(symbol) != -1): null

2019-08-24 12:48:36 - [TEST_STEP][PASSED] - if (i == 4 &amp;&amp; wildList.indexOf(symbol) != -1): null

2019-08-24 12:48:36 - [TEST_STEP][PASSED] - symbol = symbol: null

2019-08-24 12:48:36 - [TEST_STEP][PASSED] - println(symbol): null

2019-08-24 12:48:36 - [TEST_STEP][PASSED] - if (i == 2 &amp;&amp; wildList.indexOf(symbol) != -1): null

2019-08-24 12:48:36 - [TEST_STEP][PASSED] - if (i == 3 &amp;&amp; wildList.indexOf(symbol) != -1): null

2019-08-24 12:48:36 - [TEST_STEP][PASSED] - if (i == 4 &amp;&amp; wildList.indexOf(symbol) != -1): null

2019-08-24 12:48:36 - [TEST_STEP][PASSED] - symbols = symbols: null

2019-08-24 12:48:36 - [TEST_STEP][PASSED] - for ([j = 0, j &lt; symbols.size(), (j++)]): null

2019-08-24 12:48:36 - [TEST_STEP][PASSED] - symbol = symbol: null

2019-08-24 12:48:36 - [TEST_STEP][PASSED] - println(symbol): null

2019-08-24 12:48:36 - [TEST_STEP][PASSED] - if (i == 2 &amp;&amp; wildList.indexOf(symbol) != -1): null

2019-08-24 12:48:36 - [TEST_STEP][PASSED] - if (i == 3 &amp;&amp; wildList.indexOf(symbol) != -1): null

2019-08-24 12:48:36 - [TEST_STEP][PASSED] - if (i == 4 &amp;&amp; wildList.indexOf(symbol) != -1): null

2019-08-24 12:48:36 - [TEST_STEP][PASSED] - symbol = symbol: null

2019-08-24 12:48:36 - [TEST_STEP][PASSED] - println(symbol): null

2019-08-24 12:48:36 - [TEST_STEP][PASSED] - if (i == 2 &amp;&amp; wildList.indexOf(symbol) != -1): null

2019-08-24 12:48:36 - [TEST_STEP][PASSED] - if (i == 3 &amp;&amp; wildList.indexOf(symbol) != -1): null

2019-08-24 12:48:36 - [TEST_STEP][PASSED] - if (i == 4 &amp;&amp; wildList.indexOf(symbol) != -1): null

2019-08-24 12:48:36 - [TEST_STEP][PASSED] - symbol = symbol: null

2019-08-24 12:48:36 - [TEST_STEP][PASSED] - println(symbol): null

2019-08-24 12:48:36 - [TEST_STEP][PASSED] - if (i == 2 &amp;&amp; wildList.indexOf(symbol) != -1): null

2019-08-24 12:48:36 - [TEST_STEP][PASSED] - println("wild found on reel 3, adding counter by 1"): null

2019-08-24 12:48:36 - [TEST_STEP][PASSED] - free_spin_reel_counter[0] = free_spin_reel_counter[0] + 1: null

2019-08-24 12:48:36 - [TEST_STEP][PASSED] - if (i == 3 &amp;&amp; wildList.indexOf(symbol) != -1): null

2019-08-24 12:48:36 - [TEST_STEP][PASSED] - if (i == 4 &amp;&amp; wildList.indexOf(symbol) != -1): null

2019-08-24 12:48:36 - [TEST_STEP][PASSED] - symbols = symbols: null

2019-08-24 12:48:36 - [TEST_STEP][PASSED] - for ([j = 0, j &lt; symbols.size(), (j++)]): null

2019-08-24 12:48:36 - [TEST_STEP][PASSED] - symbol = symbol: null

2019-08-24 12:48:36 - [TEST_STEP][PASSED] - println(symbol): null

2019-08-24 12:48:36 - [TEST_STEP][PASSED] - if (i == 2 &amp;&amp; wildList.indexOf(symbol) != -1): null

2019-08-24 12:48:36 - [TEST_STEP][PASSED] - if (i == 3 &amp;&amp; wildList.indexOf(symbol) != -1): null

2019-08-24 12:48:36 - [TEST_STEP][PASSED] - println("wild found on reel 4, adding counter by 1"): null

2019-08-24 12:48:36 - [TEST_STEP][PASSED] - free_spin_reel_counter[1] = free_spin_reel_counter[1] + 1: null

2019-08-24 12:48:36 - [TEST_STEP][PASSED] - if (i == 4 &amp;&amp; wildList.indexOf(symbol) != -1): null

2019-08-24 12:48:36 - [TEST_STEP][PASSED] - symbol = symbol: null

2019-08-24 12:48:36 - [TEST_STEP][PASSED] - println(symbol): null

2019-08-24 12:48:36 - [TEST_STEP][PASSED] - if (i == 2 &amp;&amp; wildList.indexOf(symbol) != -1): null

2019-08-24 12:48:36 - [TEST_STEP][PASSED] - if (i == 3 &amp;&amp; wildList.indexOf(symbol) != -1): null

2019-08-24 12:48:36 - [TEST_STEP][PASSED] - if (i == 4 &amp;&amp; wildList.indexOf(symbol) != -1): null

2019-08-24 12:48:36 - [TEST_STEP][PASSED] - symbol = symbol: null

2019-08-24 12:48:36 - [TEST_STEP][PASSED] - println(symbol): null

2019-08-24 12:48:36 - [TEST_STEP][PASSED] - if (i == 2 &amp;&amp; wildList.indexOf(symbol) != -1): null

2019-08-24 12:48:36 - [TEST_STEP][PASSED] - if (i == 3 &amp;&amp; wildList.indexOf(symbol) != -1): null

2019-08-24 12:48:36 - [TEST_STEP][PASSED] - if (i == 4 &amp;&amp; wildList.indexOf(symbol) != -1): null

2019-08-24 12:48:36 - [TEST_STEP][PASSED] - symbols = symbols: null

2019-08-24 12:48:36 - [TEST_STEP][PASSED] - for ([j = 0, j &lt; symbols.size(), (j++)]): null

2019-08-24 12:48:36 - [TEST_STEP][PASSED] - symbol = symbol: null

2019-08-24 12:48:36 - [TEST_STEP][PASSED] - println(symbol): null

2019-08-24 12:48:36 - [TEST_STEP][PASSED] - if (i == 2 &amp;&amp; wildList.indexOf(symbol) != -1): null

2019-08-24 12:48:36 - [TEST_STEP][PASSED] - if (i == 3 &amp;&amp; wildList.indexOf(symbol) != -1): null

2019-08-24 12:48:36 - [TEST_STEP][PASSED] - if (i == 4 &amp;&amp; wildList.indexOf(symbol) != -1): null

2019-08-24 12:48:36 - [TEST_STEP][PASSED] - symbol = symbol: null

2019-08-24 12:48:36 - [TEST_STEP][PASSED] - println(symbol): null

2019-08-24 12:48:36 - [TEST_STEP][PASSED] - if (i == 2 &amp;&amp; wildList.indexOf(symbol) != -1): null

2019-08-24 12:48:36 - [TEST_STEP][PASSED] - if (i == 3 &amp;&amp; wildList.indexOf(symbol) != -1): null

2019-08-24 12:48:36 - [TEST_STEP][PASSED] - if (i == 4 &amp;&amp; wildList.indexOf(symbol) != -1): null

2019-08-24 12:48:36 - [TEST_STEP][PASSED] - symbol = symbol: null

2019-08-24 12:48:36 - [TEST_STEP][PASSED] - println(symbol): null

2019-08-24 12:48:36 - [TEST_STEP][PASSED] - if (i == 2 &amp;&amp; wildList.indexOf(symbol) != -1): null

2019-08-24 12:48:36 - [TEST_STEP][PASSED] - if (i == 3 &amp;&amp; wildList.indexOf(symbol) != -1): null

2019-08-24 12:48:36 - [TEST_STEP][PASSED] - if (i == 4 &amp;&amp; wildList.indexOf(symbol) != -1): null

2019-08-24 12:48:36 - [TEST_STEP][PASSED] - free_spin_reel_counter = free_spin_reel_counter: null

2019-08-24 12:48:36 - [TEST_STEP][PASSED] - println("reel 3 wild found: " + free_spin_reel_counter[0]): null

2019-08-24 12:48:36 - [TEST_STEP][PASSED] - println("reel 4 wild found: " + free_spin_reel_counter[1]): null

2019-08-24 12:48:36 - [TEST_STEP][PASSED] - println("reel 5 wild found: " + free_spin_reel_counter[2]): null

2019-08-24 12:48:36 - [TEST_STEP][PASSED] - M4_spin_reels = M4_spin_reels: null

2019-08-24 12:48:36 - [TEST_STEP][PASSED] - M4_spin_reels_symbols = symbol: null

2019-08-24 12:48:36 - [TEST_STEP][PASSED] - M4_spin_reels_symbols = M4_spin_reels_symbols: null

2019-08-24 12:48:36 - [TEST_STEP][PASSED] - M4_spin_reel_wins = reel_wins: null

2019-08-24 12:48:36 - [TEST_STEP][PASSED] - M4_spin_reel_wins = M4_spin_reel_wins: null

2019-08-24 12:48:36 - [TEST_STEP][PASSED] - println("GlobalVariable.M4_spin_reel_wins is: " + M4_spin_reel_wins): null

2019-08-24 12:48:36 - [TEST_STEP][PASSED] - M4_spin_total_bonus_win_this_round = total_bonus_win_this_round: null

2019-08-24 12:48:36 - [TEST_STEP][PASSED] - M4_spin_total_bonus_win_this_round = M4_spin_total_bonus_win_this_round: null

2019-08-24 12:48:36 - [TEST_STEP][PASSED] - println("GlobalVariable.M4_spin_total_bonus_win_this_round is: " + M4_spin_total_bonus_win_this_round): null

2019-08-24 12:48:36 - [TEST_STEP][PASSED] - M4_spin_bonus_spin_result = spin_result: null

2019-08-24 12:48:36 - [TEST_STEP][PASSED] - M4_spin_bonus_spin_result = M4_spin_bonus_spin_result: null

2019-08-24 12:48:36 - [MESSAGE][PASSED] - Verify response successfully

2019-08-24 12:48:36 - [MESSAGE][PASSED] - Send request and verify the response successfully

2019-08-24 12:48:36 - [TEST_STEP][PASSED] - if (M4_total_bonus_spins_int != 0 &amp;&amp; M4_spin_reels_symbols[2].contains("WILD_Double") || M4_spin_reels_symbols[4].contains("WILD_Triple")): null

2019-08-24 12:48:36 - [TEST_STEP][PASSED] - free_spin_reel_counter = free_spin_reel_counter: null

2019-08-24 12:48:36 - [TEST_STEP][PASSED] - M4_spin_reels_symbols = M4_spin_reels_symbols: null

2019-08-24 12:48:36 - [TEST_STEP][PASSED] - M4_total_bonus_spins = M4_total_bonus_spins: null

2019-08-24 12:48:36 - [TEST_STEP][PASSED] - spin_result = sendRequestAndVerify(findTestObject("INT/RGS(M4)/1_M4_spin", ["M4_login_user_id":M4_login_user_id, "rgs_session_token":rgs_session_token, "partner":Partner])): Send request and verify the response successfully

2019-08-24 12:48:36 - [MESSAGE][INFO] - HAR: /Users/eiralee/Katalon_Script/SuperWild/Reports/20190824_124242/INT/superWild_4/20190824_124242/requests/main/108.har

2019-08-24 12:48:36 - [TEST_CASE][PASSED] - Start Test Case : Verification: Verification accomplished successfully

2019-08-24 12:48:36 - [TEST_STEP][PASSED] - request = getInstance().getCurrentRequest(): null

2019-08-24 12:48:36 - [TEST_STEP][PASSED] - response = getInstance().getCurrentResponse(): null

2019-08-24 12:48:36 - [TEST_STEP][PASSED] - verifyResponseStatusCode(response, 200): Verify response status code successfully

2019-08-24 12:48:36 - [MESSAGE][PASSED] - Verify response status code successfully

2019-08-24 12:48:36 - [TEST_STEP][PASSED] - getStatusCode()).isEqualTo(200): null

2019-08-24 12:48:36 - [TEST_STEP][PASSED] - newline = System.getProperty("line.separator"): null

2019-08-24 12:48:36 - [TEST_STEP][PASSED] - M4_spin = new groovy.json.JsonSlurper(): null

2019-08-24 12:48:36 - [TEST_STEP][PASSED] - result_M4_spin = M4_spin.parseText(response.getResponseBodyContent()): null

2019-08-24 12:48:36 - [TEST_STEP][PASSED] - M4_spin_current_balance = current_balance: null

2019-08-24 12:48:36 - [TEST_STEP][PASSED] - M4_spin_current_balance = M4_spin_current_balance: null

2019-08-24 12:48:36 - [TEST_STEP][PASSED] - M4_spin_transaction_id = causality: null

2019-08-24 12:48:36 - [TEST_STEP][PASSED] - M4_spin_transaction_id = M4_spin_transaction_id: null

2019-08-24 12:48:36 - [TEST_STEP][PASSED] - M4_spin_round_id = round_id: null

2019-08-24 12:48:36 - [TEST_STEP][PASSED] - M4_spin_round_id = M4_spin_round_id: null

2019-08-24 12:48:36 - [TEST_STEP][PASSED] - M4_spin_line_wins = line_wins: null

2019-08-24 12:48:36 - [TEST_STEP][PASSED] - M4_spin_line_wins = M4_spin_line_wins: null

2019-08-24 12:48:36 - [TEST_STEP][PASSED] - M4_total_bonus_spins_int = total_bonus_spins: null

2019-08-24 12:48:36 - [TEST_STEP][PASSED] - println("******M4_total_bonus_spins type is:*******" + newline + getClass().getName()): null

2019-08-24 12:48:36 - [TEST_STEP][PASSED] - M4_total_bonus_spins_int = M4_total_bonus_spins_int: null

2019-08-24 12:48:36 - [TEST_STEP][PASSED] - M4_total_bonus_spins = Integer.toString(M4_total_bonus_spins_int): null

2019-08-24 12:48:36 - [TEST_STEP][PASSED] - M4_total_bonus_spins = M4_total_bonus_spins: null

2019-08-24 12:48:36 - [TEST_STEP][PASSED] - println("M4_total_bonus_spins is:" + M4_total_bonus_spins): null

2019-08-24 12:48:36 - [TEST_STEP][PASSED] - M4_spin_bonus_data = bonus_data: null

2019-08-24 12:48:36 - [TEST_STEP][PASSED] - M4_spin_features_triggered = result_M4_spin: null

2019-08-24 12:48:36 - [TEST_STEP][PASSED] - wild = []: null

2019-08-24 12:48:36 - [TEST_STEP][PASSED] - wild[0] = "WILD_Expanding": null

2019-08-24 12:48:36 - [TEST_STEP][PASSED] - wild[1] = "WILD_Normal": null

2019-08-24 12:48:36 - [TEST_STEP][PASSED] - wild[2] = "WILD_Double": null

2019-08-24 12:48:36 - [TEST_STEP][PASSED] - wild[3] = "WILD_ExtraFG": null

2019-08-24 12:48:36 - [TEST_STEP][PASSED] - wild[4] = "WILD_Triple": null

2019-08-24 12:48:36 - [TEST_STEP][PASSED] - wildList = Arrays.asList(wild): null

2019-08-24 12:48:36 - [TEST_STEP][PASSED] - wildList = wildList: null

2019-08-24 12:48:36 - [TEST_STEP][PASSED] - free_spin_reel_counter = []: null

2019-08-24 12:48:36 - [TEST_STEP][PASSED] - free_spin_reel_counter[0] = 0: null

2019-08-24 12:48:36 - [TEST_STEP][PASSED] - free_spin_reel_counter[1] = 0: null

2019-08-24 12:48:36 - [TEST_STEP][PASSED] - free_spin_reel_counter[2] = 0: null

2019-08-24 12:48:36 - [TEST_STEP][PASSED] - M4_spin_reels = reels: null

2019-08-24 12:48:36 - [TEST_STEP][PASSED] - for ([i = 0, i &lt; M4_spin_reels.size(), (i++)]): null

2019-08-24 12:48:36 - [TEST_STEP][PASSED] - symbols = symbols: null

2019-08-24 12:48:36 - [TEST_STEP][PASSED] - for ([j = 0, j &lt; symbols.size(), (j++)]): null

2019-08-24 12:48:36 - [TEST_STEP][PASSED] - symbol = symbol: null

2019-08-24 12:48:36 - [TEST_STEP][PASSED] - println(symbol): null

2019-08-24 12:48:36 - [TEST_STEP][PASSED] - if (i == 2 &amp;&amp; wildList.indexOf(symbol) != -1): null

2019-08-24 12:48:36 - [TEST_STEP][PASSED] - if (i == 3 &amp;&amp; wildList.indexOf(symbol) != -1): null

2019-08-24 12:48:36 - [TEST_STEP][PASSED] - if (i == 4 &amp;&amp; wildList.indexOf(symbol) != -1): null

2019-08-24 12:48:36 - [TEST_STEP][PASSED] - symbol = symbol: null

2019-08-24 12:48:36 - [TEST_STEP][PASSED] - println(symbol): null

2019-08-24 12:48:36 - [TEST_STEP][PASSED] - if (i == 2 &amp;&amp; wildList.indexOf(symbol) != -1): null

2019-08-24 12:48:36 - [TEST_STEP][PASSED] - if (i == 3 &amp;&amp; wildList.indexOf(symbol) != -1): null

2019-08-24 12:48:36 - [TEST_STEP][PASSED] - if (i == 4 &amp;&amp; wildList.indexOf(symbol) != -1): null

2019-08-24 12:48:36 - [TEST_STEP][PASSED] - symbol = symbol: null

2019-08-24 12:48:36 - [TEST_STEP][PASSED] - println(symbol): null

2019-08-24 12:48:36 - [TEST_STEP][PASSED] - if (i == 2 &amp;&amp; wildList.indexOf(symbol) != -1): null

2019-08-24 12:48:36 - [TEST_STEP][PASSED] - if (i == 3 &amp;&amp; wildList.indexOf(symbol) != -1): null

2019-08-24 12:48:36 - [TEST_STEP][PASSED] - if (i == 4 &amp;&amp; wildList.indexOf(symbol) != -1): null

2019-08-24 12:48:36 - [TEST_STEP][PASSED] - symbols = symbols: null

2019-08-24 12:48:36 - [TEST_STEP][PASSED] - for ([j = 0, j &lt; symbols.size(), (j++)]): null

2019-08-24 12:48:36 - [TEST_STEP][PASSED] - symbol = symbol: null

2019-08-24 12:48:36 - [TEST_STEP][PASSED] - println(symbol): null

2019-08-24 12:48:36 - [TEST_STEP][PASSED] - if (i == 2 &amp;&amp; wildList.indexOf(symbol) != -1): null

2019-08-24 12:48:36 - [TEST_STEP][PASSED] - if (i == 3 &amp;&amp; wildList.indexOf(symbol) != -1): null

2019-08-24 12:48:36 - [TEST_STEP][PASSED] - if (i == 4 &amp;&amp; wildList.indexOf(symbol) != -1): null

2019-08-24 12:48:36 - [TEST_STEP][PASSED] - symbol = symbol: null

2019-08-24 12:48:36 - [TEST_STEP][PASSED] - println(symbol): null

2019-08-24 12:48:36 - [TEST_STEP][PASSED] - if (i == 2 &amp;&amp; wildList.indexOf(symbol) != -1): null

2019-08-24 12:48:36 - [TEST_STEP][PASSED] - if (i == 3 &amp;&amp; wildList.indexOf(symbol) != -1): null

2019-08-24 12:48:36 - [TEST_STEP][PASSED] - if (i == 4 &amp;&amp; wildList.indexOf(symbol) != -1): null

2019-08-24 12:48:36 - [TEST_STEP][PASSED] - symbol = symbol: null

2019-08-24 12:48:36 - [TEST_STEP][PASSED] - println(symbol): null

2019-08-24 12:48:36 - [TEST_STEP][PASSED] - if (i == 2 &amp;&amp; wildList.indexOf(symbol) != -1): null

2019-08-24 12:48:36 - [TEST_STEP][PASSED] - if (i == 3 &amp;&amp; wildList.indexOf(symbol) != -1): null

2019-08-24 12:48:36 - [TEST_STEP][PASSED] - if (i == 4 &amp;&amp; wildList.indexOf(symbol) != -1): null

2019-08-24 12:48:36 - [TEST_STEP][PASSED] - symbols = symbols: null

2019-08-24 12:48:36 - [TEST_STEP][PASSED] - for ([j = 0, j &lt; symbols.size(), (j++)]): null

2019-08-24 12:48:36 - [TEST_STEP][PASSED] - symbol = symbol: null

2019-08-24 12:48:36 - [TEST_STEP][PASSED] - println(symbol): null

2019-08-24 12:48:36 - [TEST_STEP][PASSED] - if (i == 2 &amp;&amp; wildList.indexOf(symbol) != -1): null

2019-08-24 12:48:36 - [TEST_STEP][PASSED] - if (i == 3 &amp;&amp; wildList.indexOf(symbol) != -1): null

2019-08-24 12:48:36 - [TEST_STEP][PASSED] - if (i == 4 &amp;&amp; wildList.indexOf(symbol) != -1): null

2019-08-24 12:48:36 - [TEST_STEP][PASSED] - symbol = symbol: null

2019-08-24 12:48:36 - [TEST_STEP][PASSED] - println(symbol): null

2019-08-24 12:48:36 - [TEST_STEP][PASSED] - if (i == 2 &amp;&amp; wildList.indexOf(symbol) != -1): null

2019-08-24 12:48:36 - [TEST_STEP][PASSED] - if (i == 3 &amp;&amp; wildList.indexOf(symbol) != -1): null

2019-08-24 12:48:36 - [TEST_STEP][PASSED] - if (i == 4 &amp;&amp; wildList.indexOf(symbol) != -1): null

2019-08-24 12:48:36 - [TEST_STEP][PASSED] - symbol = symbol: null

2019-08-24 12:48:36 - [TEST_STEP][PASSED] - println(symbol): null

2019-08-24 12:48:36 - [TEST_STEP][PASSED] - if (i == 2 &amp;&amp; wildList.indexOf(symbol) != -1): null

2019-08-24 12:48:36 - [TEST_STEP][PASSED] - println("wild found on reel 3, adding counter by 1"): null

2019-08-24 12:48:36 - [TEST_STEP][PASSED] - free_spin_reel_counter[0] = free_spin_reel_counter[0] + 1: null

2019-08-24 12:48:36 - [TEST_STEP][PASSED] - if (i == 3 &amp;&amp; wildList.indexOf(symbol) != -1): null

2019-08-24 12:48:36 - [TEST_STEP][PASSED] - if (i == 4 &amp;&amp; wildList.indexOf(symbol) != -1): null

2019-08-24 12:48:36 - [TEST_STEP][PASSED] - symbols = symbols: null

2019-08-24 12:48:36 - [TEST_STEP][PASSED] - for ([j = 0, j &lt; symbols.size(), (j++)]): null

2019-08-24 12:48:36 - [TEST_STEP][PASSED] - symbol = symbol: null

2019-08-24 12:48:36 - [TEST_STEP][PASSED] - println(symbol): null

2019-08-24 12:48:36 - [TEST_STEP][PASSED] - if (i == 2 &amp;&amp; wildList.indexOf(symbol) != -1): null

2019-08-24 12:48:36 - [TEST_STEP][PASSED] - if (i == 3 &amp;&amp; wildList.indexOf(symbol) != -1): null

2019-08-24 12:48:36 - [TEST_STEP][PASSED] - if (i == 4 &amp;&amp; wildList.indexOf(symbol) != -1): null

2019-08-24 12:48:36 - [TEST_STEP][PASSED] - symbol = symbol: null

2019-08-24 12:48:36 - [TEST_STEP][PASSED] - println(symbol): null

2019-08-24 12:48:36 - [TEST_STEP][PASSED] - if (i == 2 &amp;&amp; wildList.indexOf(symbol) != -1): null

2019-08-24 12:48:36 - [TEST_STEP][PASSED] - if (i == 3 &amp;&amp; wildList.indexOf(symbol) != -1): null

2019-08-24 12:48:36 - [TEST_STEP][PASSED] - if (i == 4 &amp;&amp; wildList.indexOf(symbol) != -1): null

2019-08-24 12:48:36 - [TEST_STEP][PASSED] - symbol = symbol: null

2019-08-24 12:48:36 - [TEST_STEP][PASSED] - println(symbol): null

2019-08-24 12:48:36 - [TEST_STEP][PASSED] - if (i == 2 &amp;&amp; wildList.indexOf(symbol) != -1): null

2019-08-24 12:48:36 - [TEST_STEP][PASSED] - if (i == 3 &amp;&amp; wildList.indexOf(symbol) != -1): null

2019-08-24 12:48:36 - [TEST_STEP][PASSED] - if (i == 4 &amp;&amp; wildList.indexOf(symbol) != -1): null

2019-08-24 12:48:36 - [TEST_STEP][PASSED] - symbols = symbols: null

2019-08-24 12:48:36 - [TEST_STEP][PASSED] - for ([j = 0, j &lt; symbols.size(), (j++)]): null

2019-08-24 12:48:36 - [TEST_STEP][PASSED] - symbol = symbol: null

2019-08-24 12:48:36 - [TEST_STEP][PASSED] - println(symbol): null

2019-08-24 12:48:36 - [TEST_STEP][PASSED] - if (i == 2 &amp;&amp; wildList.indexOf(symbol) != -1): null

2019-08-24 12:48:36 - [TEST_STEP][PASSED] - if (i == 3 &amp;&amp; wildList.indexOf(symbol) != -1): null

2019-08-24 12:48:36 - [TEST_STEP][PASSED] - if (i == 4 &amp;&amp; wildList.indexOf(symbol) != -1): null

2019-08-24 12:48:36 - [TEST_STEP][PASSED] - symbol = symbol: null

2019-08-24 12:48:36 - [TEST_STEP][PASSED] - println(symbol): null

2019-08-24 12:48:36 - [TEST_STEP][PASSED] - if (i == 2 &amp;&amp; wildList.indexOf(symbol) != -1): null

2019-08-24 12:48:36 - [TEST_STEP][PASSED] - if (i == 3 &amp;&amp; wildList.indexOf(symbol) != -1): null

2019-08-24 12:48:36 - [TEST_STEP][PASSED] - if (i == 4 &amp;&amp; wildList.indexOf(symbol) != -1): null

2019-08-24 12:48:36 - [TEST_STEP][PASSED] - println("wild found on reel 5, adding counter by 1"): null

2019-08-24 12:48:36 - [TEST_STEP][PASSED] - free_spin_reel_counter[2] = free_spin_reel_counter[2] + 1: null

2019-08-24 12:48:36 - [TEST_STEP][PASSED] - symbol = symbol: null

2019-08-24 12:48:36 - [TEST_STEP][PASSED] - println(symbol): null

2019-08-24 12:48:36 - [TEST_STEP][PASSED] - if (i == 2 &amp;&amp; wildList.indexOf(symbol) != -1): null

2019-08-24 12:48:36 - [TEST_STEP][PASSED] - if (i == 3 &amp;&amp; wildList.indexOf(symbol) != -1): null

2019-08-24 12:48:36 - [TEST_STEP][PASSED] - if (i == 4 &amp;&amp; wildList.indexOf(symbol) != -1): null

2019-08-24 12:48:36 - [TEST_STEP][PASSED] - free_spin_reel_counter = free_spin_reel_counter: null

2019-08-24 12:48:36 - [TEST_STEP][PASSED] - println("reel 3 wild found: " + free_spin_reel_counter[0]): null

2019-08-24 12:48:36 - [TEST_STEP][PASSED] - println("reel 4 wild found: " + free_spin_reel_counter[1]): null

2019-08-24 12:48:36 - [TEST_STEP][PASSED] - println("reel 5 wild found: " + free_spin_reel_counter[2]): null

2019-08-24 12:48:36 - [TEST_STEP][PASSED] - M4_spin_reels = M4_spin_reels: null

2019-08-24 12:48:36 - [TEST_STEP][PASSED] - M4_spin_reels_symbols = symbol: null

2019-08-24 12:48:36 - [TEST_STEP][PASSED] - M4_spin_reels_symbols = M4_spin_reels_symbols: null

2019-08-24 12:48:36 - [TEST_STEP][PASSED] - M4_spin_reel_wins = reel_wins: null

2019-08-24 12:48:36 - [TEST_STEP][PASSED] - M4_spin_reel_wins = M4_spin_reel_wins: null

2019-08-24 12:48:36 - [TEST_STEP][PASSED] - println("GlobalVariable.M4_spin_reel_wins is: " + M4_spin_reel_wins): null

2019-08-24 12:48:36 - [TEST_STEP][PASSED] - M4_spin_total_bonus_win_this_round = total_bonus_win_this_round: null

2019-08-24 12:48:36 - [TEST_STEP][PASSED] - M4_spin_total_bonus_win_this_round = M4_spin_total_bonus_win_this_round: null

2019-08-24 12:48:36 - [TEST_STEP][PASSED] - println("GlobalVariable.M4_spin_total_bonus_win_this_round is: " + M4_spin_total_bonus_win_this_round): null

2019-08-24 12:48:36 - [TEST_STEP][PASSED] - M4_spin_bonus_spin_result = spin_result: null

2019-08-24 12:48:36 - [TEST_STEP][PASSED] - M4_spin_bonus_spin_result = M4_spin_bonus_spin_result: null

2019-08-24 12:48:36 - [MESSAGE][PASSED] - Verify response successfully

2019-08-24 12:48:36 - [MESSAGE][PASSED] - Send request and verify the response successfully

2019-08-24 12:48:36 - [TEST_STEP][PASSED] - if (M4_total_bonus_spins_int != 0 &amp;&amp; M4_spin_reels_symbols[2].contains("WILD_Double") || M4_spin_reels_symbols[4].contains("WILD_Triple")): null

2019-08-24 12:48:36 - [TEST_STEP][PASSED] - free_spin_reel_counter = free_spin_reel_counter: null

2019-08-24 12:48:36 - [TEST_STEP][PASSED] - M4_spin_reels_symbols = M4_spin_reels_symbols: null

2019-08-24 12:48:36 - [TEST_STEP][PASSED] - M4_total_bonus_spins = M4_total_bonus_spins: null

2019-08-24 12:48:36 - [TEST_STEP][PASSED] - spin_result = sendRequestAndVerify(findTestObject("INT/RGS(M4)/1_M4_spin", ["M4_login_user_id":M4_login_user_id, "rgs_session_token":rgs_session_token, "partner":Partner])): Send request and verify the response successfully

2019-08-24 12:48:37 - [MESSAGE][INFO] - HAR: /Users/eiralee/Katalon_Script/SuperWild/Reports/20190824_124242/INT/superWild_4/20190824_124242/requests/main/109.har

2019-08-24 12:48:37 - [TEST_CASE][PASSED] - Start Test Case : Verification: Verification accomplished successfully

2019-08-24 12:48:37 - [TEST_STEP][PASSED] - request = getInstance().getCurrentRequest(): null

2019-08-24 12:48:37 - [TEST_STEP][PASSED] - response = getInstance().getCurrentResponse(): null

2019-08-24 12:48:37 - [TEST_STEP][PASSED] - verifyResponseStatusCode(response, 200): Verify response status code successfully

2019-08-24 12:48:37 - [MESSAGE][PASSED] - Verify response status code successfully

2019-08-24 12:48:37 - [TEST_STEP][PASSED] - getStatusCode()).isEqualTo(200): null

2019-08-24 12:48:37 - [TEST_STEP][PASSED] - newline = System.getProperty("line.separator"): null

2019-08-24 12:48:37 - [TEST_STEP][PASSED] - M4_spin = new groovy.json.JsonSlurper(): null

2019-08-24 12:48:37 - [TEST_STEP][PASSED] - result_M4_spin = M4_spin.parseText(response.getResponseBodyContent()): null

2019-08-24 12:48:37 - [TEST_STEP][PASSED] - M4_spin_current_balance = current_balance: null

2019-08-24 12:48:37 - [TEST_STEP][PASSED] - M4_spin_current_balance = M4_spin_current_balance: null

2019-08-24 12:48:37 - [TEST_STEP][PASSED] - M4_spin_transaction_id = causality: null

2019-08-24 12:48:37 - [TEST_STEP][PASSED] - M4_spin_transaction_id = M4_spin_transaction_id: null

2019-08-24 12:48:37 - [TEST_STEP][PASSED] - M4_spin_round_id = round_id: null

2019-08-24 12:48:37 - [TEST_STEP][PASSED] - M4_spin_round_id = M4_spin_round_id: null

2019-08-24 12:48:37 - [TEST_STEP][PASSED] - M4_spin_line_wins = line_wins: null

2019-08-24 12:48:37 - [TEST_STEP][PASSED] - M4_spin_line_wins = M4_spin_line_wins: null

2019-08-24 12:48:37 - [TEST_STEP][PASSED] - M4_total_bonus_spins_int = total_bonus_spins: null

2019-08-24 12:48:37 - [TEST_STEP][PASSED] - println("******M4_total_bonus_spins type is:*******" + newline + getClass().getName()): null

2019-08-24 12:48:37 - [TEST_STEP][PASSED] - M4_total_bonus_spins_int = M4_total_bonus_spins_int: null

2019-08-24 12:48:37 - [TEST_STEP][PASSED] - M4_total_bonus_spins = Integer.toString(M4_total_bonus_spins_int): null

2019-08-24 12:48:37 - [TEST_STEP][PASSED] - M4_total_bonus_spins = M4_total_bonus_spins: null

2019-08-24 12:48:37 - [TEST_STEP][PASSED] - println("M4_total_bonus_spins is:" + M4_total_bonus_spins): null

2019-08-24 12:48:37 - [TEST_STEP][PASSED] - M4_spin_bonus_data = bonus_data: null

2019-08-24 12:48:37 - [TEST_STEP][PASSED] - M4_spin_features_triggered = result_M4_spin: null

2019-08-24 12:48:37 - [TEST_STEP][PASSED] - wild = []: null

2019-08-24 12:48:37 - [TEST_STEP][PASSED] - wild[0] = "WILD_Expanding": null

2019-08-24 12:48:37 - [TEST_STEP][PASSED] - wild[1] = "WILD_Normal": null

2019-08-24 12:48:37 - [TEST_STEP][PASSED] - wild[2] = "WILD_Double": null

2019-08-24 12:48:37 - [TEST_STEP][PASSED] - wild[3] = "WILD_ExtraFG": null

2019-08-24 12:48:37 - [TEST_STEP][PASSED] - wild[4] = "WILD_Triple": null

2019-08-24 12:48:37 - [TEST_STEP][PASSED] - wildList = Arrays.asList(wild): null

2019-08-24 12:48:37 - [TEST_STEP][PASSED] - wildList = wildList: null

2019-08-24 12:48:37 - [TEST_STEP][PASSED] - free_spin_reel_counter = []: null

2019-08-24 12:48:37 - [TEST_STEP][PASSED] - free_spin_reel_counter[0] = 0: null

2019-08-24 12:48:37 - [TEST_STEP][PASSED] - free_spin_reel_counter[1] = 0: null

2019-08-24 12:48:37 - [TEST_STEP][PASSED] - free_spin_reel_counter[2] = 0: null

2019-08-24 12:48:37 - [TEST_STEP][PASSED] - M4_spin_reels = reels: null

2019-08-24 12:48:37 - [TEST_STEP][PASSED] - for ([i = 0, i &lt; M4_spin_reels.size(), (i++)]): null

2019-08-24 12:48:37 - [TEST_STEP][PASSED] - symbols = symbols: null

2019-08-24 12:48:37 - [TEST_STEP][PASSED] - for ([j = 0, j &lt; symbols.size(), (j++)]): null

2019-08-24 12:48:37 - [TEST_STEP][PASSED] - symbol = symbol: null

2019-08-24 12:48:37 - [TEST_STEP][PASSED] - println(symbol): null

2019-08-24 12:48:37 - [TEST_STEP][PASSED] - if (i == 2 &amp;&amp; wildList.indexOf(symbol) != -1): null

2019-08-24 12:48:37 - [TEST_STEP][PASSED] - if (i == 3 &amp;&amp; wildList.indexOf(symbol) != -1): null

2019-08-24 12:48:37 - [TEST_STEP][PASSED] - if (i == 4 &amp;&amp; wildList.indexOf(symbol) != -1): null

2019-08-24 12:48:37 - [TEST_STEP][PASSED] - symbol = symbol: null

2019-08-24 12:48:37 - [TEST_STEP][PASSED] - println(symbol): null

2019-08-24 12:48:37 - [TEST_STEP][PASSED] - if (i == 2 &amp;&amp; wildList.indexOf(symbol) != -1): null

2019-08-24 12:48:37 - [TEST_STEP][PASSED] - if (i == 3 &amp;&amp; wildList.indexOf(symbol) != -1): null

2019-08-24 12:48:37 - [TEST_STEP][PASSED] - if (i == 4 &amp;&amp; wildList.indexOf(symbol) != -1): null

2019-08-24 12:48:37 - [TEST_STEP][PASSED] - symbol = symbol: null

2019-08-24 12:48:37 - [TEST_STEP][PASSED] - println(symbol): null

2019-08-24 12:48:37 - [TEST_STEP][PASSED] - if (i == 2 &amp;&amp; wildList.indexOf(symbol) != -1): null

2019-08-24 12:48:37 - [TEST_STEP][PASSED] - if (i == 3 &amp;&amp; wildList.indexOf(symbol) != -1): null

2019-08-24 12:48:37 - [TEST_STEP][PASSED] - if (i == 4 &amp;&amp; wildList.indexOf(symbol) != -1): null

2019-08-24 12:48:37 - [TEST_STEP][PASSED] - symbols = symbols: null

2019-08-24 12:48:37 - [TEST_STEP][PASSED] - for ([j = 0, j &lt; symbols.size(), (j++)]): null

2019-08-24 12:48:37 - [TEST_STEP][PASSED] - symbol = symbol: null

2019-08-24 12:48:37 - [TEST_STEP][PASSED] - println(symbol): null

2019-08-24 12:48:37 - [TEST_STEP][PASSED] - if (i == 2 &amp;&amp; wildList.indexOf(symbol) != -1): null

2019-08-24 12:48:37 - [TEST_STEP][PASSED] - if (i == 3 &amp;&amp; wildList.indexOf(symbol) != -1): null

2019-08-24 12:48:37 - [TEST_STEP][PASSED] - if (i == 4 &amp;&amp; wildList.indexOf(symbol) != -1): null

2019-08-24 12:48:37 - [TEST_STEP][PASSED] - symbol = symbol: null

2019-08-24 12:48:37 - [TEST_STEP][PASSED] - println(symbol): null

2019-08-24 12:48:37 - [TEST_STEP][PASSED] - if (i == 2 &amp;&amp; wildList.indexOf(symbol) != -1): null

2019-08-24 12:48:37 - [TEST_STEP][PASSED] - if (i == 3 &amp;&amp; wildList.indexOf(symbol) != -1): null

2019-08-24 12:48:37 - [TEST_STEP][PASSED] - if (i == 4 &amp;&amp; wildList.indexOf(symbol) != -1): null

2019-08-24 12:48:37 - [TEST_STEP][PASSED] - symbol = symbol: null

2019-08-24 12:48:37 - [TEST_STEP][PASSED] - println(symbol): null

2019-08-24 12:48:37 - [TEST_STEP][PASSED] - if (i == 2 &amp;&amp; wildList.indexOf(symbol) != -1): null

2019-08-24 12:48:40 - [TEST_STEP][PASSED] - if (i == 3 &amp;&amp; wildList.indexOf(symbol) != -1): null

2019-08-24 12:48:46 - [TEST_STEP][PASSED] - if (i == 4 &amp;&amp; wildList.indexOf(symbol) != -1): null

2019-08-24 12:48:46 - [TEST_STEP][PASSED] - symbols = symbols: null

2019-08-24 12:48:46 - [TEST_STEP][PASSED] - for ([j = 0, j &lt; symbols.size(), (j++)]): null

2019-08-24 12:48:46 - [TEST_STEP][PASSED] - symbol = symbol: null

2019-08-24 12:48:46 - [TEST_STEP][PASSED] - println(symbol): null

2019-08-24 12:48:51 - [TEST_STEP][PASSED] - if (i == 2 &amp;&amp; wildList.indexOf(symbol) != -1): null

2019-08-24 12:48:51 - [TEST_STEP][PASSED] - if (i == 3 &amp;&amp; wildList.indexOf(symbol) != -1): null

2019-08-24 12:48:51 - [TEST_STEP][PASSED] - if (i == 4 &amp;&amp; wildList.indexOf(symbol) != -1): null

2019-08-24 12:48:51 - [TEST_STEP][PASSED] - symbol = symbol: null

2019-08-24 12:48:51 - [TEST_STEP][PASSED] - println(symbol): null

2019-08-24 12:48:51 - [TEST_STEP][PASSED] - if (i == 2 &amp;&amp; wildList.indexOf(symbol) != -1): null

2019-08-24 12:48:51 - [TEST_STEP][PASSED] - if (i == 3 &amp;&amp; wildList.indexOf(symbol) != -1): null

2019-08-24 12:48:51 - [TEST_STEP][PASSED] - if (i == 4 &amp;&amp; wildList.indexOf(symbol) != -1): null

2019-08-24 12:48:51 - [TEST_STEP][PASSED] - symbol = symbol: null

2019-08-24 12:48:51 - [TEST_STEP][PASSED] - println(symbol): null

2019-08-24 12:48:51 - [TEST_STEP][PASSED] - if (i == 2 &amp;&amp; wildList.indexOf(symbol) != -1): null

2019-08-24 12:48:51 - [TEST_STEP][PASSED] - if (i == 3 &amp;&amp; wildList.indexOf(symbol) != -1): null

2019-08-24 12:48:51 - [TEST_STEP][PASSED] - if (i == 4 &amp;&amp; wildList.indexOf(symbol) != -1): null

2019-08-24 12:48:51 - [TEST_STEP][PASSED] - symbols = symbols: null

2019-08-24 12:48:51 - [TEST_STEP][PASSED] - for ([j = 0, j &lt; symbols.size(), (j++)]): null

2019-08-24 12:48:51 - [TEST_STEP][PASSED] - symbol = symbol: null

2019-08-24 12:48:51 - [TEST_STEP][PASSED] - println(symbol): null

2019-08-24 12:48:51 - [TEST_STEP][PASSED] - if (i == 2 &amp;&amp; wildList.indexOf(symbol) != -1): null

2019-08-24 12:48:51 - [TEST_STEP][PASSED] - if (i == 3 &amp;&amp; wildList.indexOf(symbol) != -1): null

2019-08-24 12:48:51 - [TEST_STEP][PASSED] - if (i == 4 &amp;&amp; wildList.indexOf(symbol) != -1): null

2019-08-24 12:48:51 - [TEST_STEP][PASSED] - symbol = symbol: null

2019-08-24 12:48:51 - [TEST_STEP][PASSED] - println(symbol): null

2019-08-24 12:48:51 - [TEST_STEP][PASSED] - if (i == 2 &amp;&amp; wildList.indexOf(symbol) != -1): null

2019-08-24 12:48:51 - [TEST_STEP][PASSED] - if (i == 3 &amp;&amp; wildList.indexOf(symbol) != -1): null

2019-08-24 12:48:51 - [TEST_STEP][PASSED] - println("wild found on reel 4, adding counter by 1"): null

2019-08-24 12:48:51 - [TEST_STEP][PASSED] - free_spin_reel_counter[1] = free_spin_reel_counter[1] + 1: null

2019-08-24 12:48:51 - [TEST_STEP][PASSED] - if (i == 4 &amp;&amp; wildList.indexOf(symbol) != -1): null

2019-08-24 12:48:51 - [TEST_STEP][PASSED] - symbol = symbol: null

2019-08-24 12:48:51 - [TEST_STEP][PASSED] - println(symbol): null

2019-08-24 12:48:51 - [TEST_STEP][PASSED] - if (i == 2 &amp;&amp; wildList.indexOf(symbol) != -1): null

2019-08-24 12:48:51 - [TEST_STEP][PASSED] - if (i == 3 &amp;&amp; wildList.indexOf(symbol) != -1): null

2019-08-24 12:48:51 - [TEST_STEP][PASSED] - if (i == 4 &amp;&amp; wildList.indexOf(symbol) != -1): null

2019-08-24 12:48:51 - [TEST_STEP][PASSED] - symbols = symbols: null

2019-08-24 12:48:51 - [TEST_STEP][PASSED] - for ([j = 0, j &lt; symbols.size(), (j++)]): null

2019-08-24 12:48:51 - [TEST_STEP][PASSED] - symbol = symbol: null

2019-08-24 12:48:51 - [TEST_STEP][PASSED] - println(symbol): null

2019-08-24 12:48:51 - [TEST_STEP][PASSED] - if (i == 2 &amp;&amp; wildList.indexOf(symbol) != -1): null

2019-08-24 12:48:51 - [TEST_STEP][PASSED] - if (i == 3 &amp;&amp; wildList.indexOf(symbol) != -1): null

2019-08-24 12:48:51 - [TEST_STEP][PASSED] - if (i == 4 &amp;&amp; wildList.indexOf(symbol) != -1): null

2019-08-24 12:48:51 - [TEST_STEP][PASSED] - symbol = symbol: null

2019-08-24 12:48:51 - [TEST_STEP][PASSED] - println(symbol): null

2019-08-24 12:48:51 - [TEST_STEP][PASSED] - if (i == 2 &amp;&amp; wildList.indexOf(symbol) != -1): null

2019-08-24 12:48:51 - [TEST_STEP][PASSED] - if (i == 3 &amp;&amp; wildList.indexOf(symbol) != -1): null

2019-08-24 12:48:51 - [TEST_STEP][PASSED] - if (i == 4 &amp;&amp; wildList.indexOf(symbol) != -1): null

2019-08-24 12:48:51 - [TEST_STEP][PASSED] - symbol = symbol: null

2019-08-24 12:48:51 - [TEST_STEP][PASSED] - println(symbol): null

2019-08-24 12:48:51 - [TEST_STEP][PASSED] - if (i == 2 &amp;&amp; wildList.indexOf(symbol) != -1): null

2019-08-24 12:48:51 - [TEST_STEP][PASSED] - if (i == 3 &amp;&amp; wildList.indexOf(symbol) != -1): null

2019-08-24 12:48:51 - [TEST_STEP][PASSED] - if (i == 4 &amp;&amp; wildList.indexOf(symbol) != -1): null

2019-08-24 12:48:51 - [TEST_STEP][PASSED] - free_spin_reel_counter = free_spin_reel_counter: null

2019-08-24 12:48:51 - [TEST_STEP][PASSED] - println("reel 3 wild found: " + free_spin_reel_counter[0]): null

2019-08-24 12:48:51 - [TEST_STEP][PASSED] - println("reel 4 wild found: " + free_spin_reel_counter[1]): null

2019-08-24 12:48:51 - [TEST_STEP][PASSED] - println("reel 5 wild found: " + free_spin_reel_counter[2]): null

2019-08-24 12:48:51 - [TEST_STEP][PASSED] - M4_spin_reels = M4_spin_reels: null

2019-08-24 12:48:51 - [TEST_STEP][PASSED] - M4_spin_reels_symbols = symbol: null

2019-08-24 12:48:51 - [TEST_STEP][PASSED] - M4_spin_reels_symbols = M4_spin_reels_symbols: null

2019-08-24 12:48:51 - [TEST_STEP][PASSED] - M4_spin_reel_wins = reel_wins: null

2019-08-24 12:48:51 - [TEST_STEP][PASSED] - M4_spin_reel_wins = M4_spin_reel_wins: null

2019-08-24 12:48:51 - [TEST_STEP][PASSED] - println("GlobalVariable.M4_spin_reel_wins is: " + M4_spin_reel_wins): null

2019-08-24 12:48:51 - [TEST_STEP][PASSED] - M4_spin_total_bonus_win_this_round = total_bonus_win_this_round: null

2019-08-24 12:48:51 - [TEST_STEP][PASSED] - M4_spin_total_bonus_win_this_round = M4_spin_total_bonus_win_this_round: null

2019-08-24 12:48:51 - [TEST_STEP][PASSED] - println("GlobalVariable.M4_spin_total_bonus_win_this_round is: " + M4_spin_total_bonus_win_this_round): null

2019-08-24 12:48:51 - [TEST_STEP][PASSED] - M4_spin_bonus_spin_result = spin_result: null

2019-08-24 12:48:51 - [TEST_STEP][PASSED] - M4_spin_bonus_spin_result = M4_spin_bonus_spin_result: null

2019-08-24 12:48:51 - [MESSAGE][PASSED] - Verify response successfully

2019-08-24 12:48:51 - [MESSAGE][PASSED] - Send request and verify the response successfully

2019-08-24 12:48:51 - [TEST_STEP][PASSED] - if (M4_total_bonus_spins_int != 0 &amp;&amp; M4_spin_reels_symbols[2].contains("WILD_Double") || M4_spin_reels_symbols[4].contains("WILD_Triple")): null

2019-08-24 12:48:51 - [TEST_STEP][PASSED] - free_spin_reel_counter = free_spin_reel_counter: null

2019-08-24 12:48:51 - [TEST_STEP][PASSED] - M4_spin_reels_symbols = M4_spin_reels_symbols: null

2019-08-24 12:48:51 - [TEST_STEP][PASSED] - M4_total_bonus_spins = M4_total_bonus_spins: null

2019-08-24 12:48:51 - [TEST_STEP][PASSED] - spin_result = sendRequestAndVerify(findTestObject("INT/RGS(M4)/1_M4_spin", ["M4_login_user_id":M4_login_user_id, "rgs_session_token":rgs_session_token, "partner":Partner])): Send request and verify the response successfully

2019-08-24 12:48:51 - [MESSAGE][INFO] - HAR: /Users/eiralee/Katalon_Script/SuperWild/Reports/20190824_124242/INT/superWild_4/20190824_124242/requests/main/110.har

2019-08-24 12:48:51 - [TEST_CASE][PASSED] - Start Test Case : Verification: Verification accomplished successfully

2019-08-24 12:48:51 - [TEST_STEP][PASSED] - request = getInstance().getCurrentRequest(): null

2019-08-24 12:48:51 - [TEST_STEP][PASSED] - response = getInstance().getCurrentResponse(): null

2019-08-24 12:48:51 - [TEST_STEP][PASSED] - verifyResponseStatusCode(response, 200): Verify response status code successfully

2019-08-24 12:48:51 - [MESSAGE][PASSED] - Verify response status code successfully

2019-08-24 12:48:51 - [TEST_STEP][PASSED] - getStatusCode()).isEqualTo(200): null

2019-08-24 12:48:51 - [TEST_STEP][PASSED] - newline = System.getProperty("line.separator"): null

2019-08-24 12:48:51 - [TEST_STEP][PASSED] - M4_spin = new groovy.json.JsonSlurper(): null

2019-08-24 12:48:51 - [TEST_STEP][PASSED] - result_M4_spin = M4_spin.parseText(response.getResponseBodyContent()): null

2019-08-24 12:48:51 - [TEST_STEP][PASSED] - M4_spin_current_balance = current_balance: null

2019-08-24 12:48:51 - [TEST_STEP][PASSED] - M4_spin_current_balance = M4_spin_current_balance: null

2019-08-24 12:48:51 - [TEST_STEP][PASSED] - M4_spin_transaction_id = causality: null

2019-08-24 12:48:51 - [TEST_STEP][PASSED] - M4_spin_transaction_id = M4_spin_transaction_id: null

2019-08-24 12:48:51 - [TEST_STEP][PASSED] - M4_spin_round_id = round_id: null

2019-08-24 12:48:51 - [TEST_STEP][PASSED] - M4_spin_round_id = M4_spin_round_id: null

2019-08-24 12:48:51 - [TEST_STEP][PASSED] - M4_spin_line_wins = line_wins: null

2019-08-24 12:48:51 - [TEST_STEP][PASSED] - M4_spin_line_wins = M4_spin_line_wins: null

2019-08-24 12:48:51 - [TEST_STEP][PASSED] - M4_total_bonus_spins_int = total_bonus_spins: null

2019-08-24 12:48:51 - [TEST_STEP][PASSED] - println("******M4_total_bonus_spins type is:*******" + newline + getClass().getName()): null

2019-08-24 12:48:51 - [TEST_STEP][PASSED] - M4_total_bonus_spins_int = M4_total_bonus_spins_int: null

2019-08-24 12:48:51 - [TEST_STEP][PASSED] - M4_total_bonus_spins = Integer.toString(M4_total_bonus_spins_int): null

2019-08-24 12:48:51 - [TEST_STEP][PASSED] - M4_total_bonus_spins = M4_total_bonus_spins: null

2019-08-24 12:48:51 - [TEST_STEP][PASSED] - println("M4_total_bonus_spins is:" + M4_total_bonus_spins): null

2019-08-24 12:48:51 - [TEST_STEP][PASSED] - M4_spin_bonus_data = bonus_data: null

2019-08-24 12:48:51 - [TEST_STEP][PASSED] - M4_spin_features_triggered = result_M4_spin: null

2019-08-24 12:48:51 - [TEST_STEP][PASSED] - wild = []: null

2019-08-24 12:48:51 - [TEST_STEP][PASSED] - wild[0] = "WILD_Expanding": null

2019-08-24 12:48:51 - [TEST_STEP][PASSED] - wild[1] = "WILD_Normal": null

2019-08-24 12:48:51 - [TEST_STEP][PASSED] - wild[2] = "WILD_Double": null

2019-08-24 12:48:51 - [TEST_STEP][PASSED] - wild[3] = "WILD_ExtraFG": null

2019-08-24 12:48:51 - [TEST_STEP][PASSED] - wild[4] = "WILD_Triple": null

2019-08-24 12:48:51 - [TEST_STEP][PASSED] - wildList = Arrays.asList(wild): null

2019-08-24 12:48:51 - [TEST_STEP][PASSED] - wildList = wildList: null

2019-08-24 12:48:51 - [TEST_STEP][PASSED] - free_spin_reel_counter = []: null

2019-08-24 12:48:51 - [TEST_STEP][PASSED] - free_spin_reel_counter[0] = 0: null

2019-08-24 12:48:51 - [TEST_STEP][PASSED] - free_spin_reel_counter[1] = 0: null

2019-08-24 12:48:51 - [TEST_STEP][PASSED] - free_spin_reel_counter[2] = 0: null

2019-08-24 12:48:51 - [TEST_STEP][PASSED] - M4_spin_reels = reels: null

2019-08-24 12:48:51 - [TEST_STEP][PASSED] - for ([i = 0, i &lt; M4_spin_reels.size(), (i++)]): null

2019-08-24 12:48:51 - [TEST_STEP][PASSED] - symbols = symbols: null

2019-08-24 12:48:51 - [TEST_STEP][PASSED] - for ([j = 0, j &lt; symbols.size(), (j++)]): null

2019-08-24 12:48:51 - [TEST_STEP][PASSED] - symbol = symbol: null

2019-08-24 12:48:51 - [TEST_STEP][PASSED] - println(symbol): null

2019-08-24 12:48:51 - [TEST_STEP][PASSED] - if (i == 2 &amp;&amp; wildList.indexOf(symbol) != -1): null

2019-08-24 12:48:51 - [TEST_STEP][PASSED] - if (i == 3 &amp;&amp; wildList.indexOf(symbol) != -1): null

2019-08-24 12:48:51 - [TEST_STEP][PASSED] - if (i == 4 &amp;&amp; wildList.indexOf(symbol) != -1): null

2019-08-24 12:48:51 - [TEST_STEP][PASSED] - symbol = symbol: null

2019-08-24 12:48:51 - [TEST_STEP][PASSED] - println(symbol): null

2019-08-24 12:48:51 - [TEST_STEP][PASSED] - if (i == 2 &amp;&amp; wildList.indexOf(symbol) != -1): null

2019-08-24 12:48:51 - [TEST_STEP][PASSED] - if (i == 3 &amp;&amp; wildList.indexOf(symbol) != -1): null

2019-08-24 12:48:51 - [TEST_STEP][PASSED] - if (i == 4 &amp;&amp; wildList.indexOf(symbol) != -1): null

2019-08-24 12:48:51 - [TEST_STEP][PASSED] - symbol = symbol: null

2019-08-24 12:48:51 - [TEST_STEP][PASSED] - println(symbol): null

2019-08-24 12:48:51 - [TEST_STEP][PASSED] - if (i == 2 &amp;&amp; wildList.indexOf(symbol) != -1): null

2019-08-24 12:48:51 - [TEST_STEP][PASSED] - if (i == 3 &amp;&amp; wildList.indexOf(symbol) != -1): null

2019-08-24 12:48:51 - [TEST_STEP][PASSED] - if (i == 4 &amp;&amp; wildList.indexOf(symbol) != -1): null

2019-08-24 12:48:51 - [TEST_STEP][PASSED] - symbols = symbols: null

2019-08-24 12:48:51 - [TEST_STEP][PASSED] - for ([j = 0, j &lt; symbols.size(), (j++)]): null

2019-08-24 12:48:51 - [TEST_STEP][PASSED] - symbol = symbol: null

2019-08-24 12:48:51 - [TEST_STEP][PASSED] - println(symbol): null

2019-08-24 12:48:51 - [TEST_STEP][PASSED] - if (i == 2 &amp;&amp; wildList.indexOf(symbol) != -1): null

2019-08-24 12:48:51 - [TEST_STEP][PASSED] - if (i == 3 &amp;&amp; wildList.indexOf(symbol) != -1): null

2019-08-24 12:48:51 - [TEST_STEP][PASSED] - if (i == 4 &amp;&amp; wildList.indexOf(symbol) != -1): null

2019-08-24 12:48:51 - [TEST_STEP][PASSED] - symbol = symbol: null

2019-08-24 12:48:51 - [TEST_STEP][PASSED] - println(symbol): null

2019-08-24 12:48:51 - [TEST_STEP][PASSED] - if (i == 2 &amp;&amp; wildList.indexOf(symbol) != -1): null

2019-08-24 12:48:51 - [TEST_STEP][PASSED] - if (i == 3 &amp;&amp; wildList.indexOf(symbol) != -1): null

2019-08-24 12:48:51 - [TEST_STEP][PASSED] - if (i == 4 &amp;&amp; wildList.indexOf(symbol) != -1): null

2019-08-24 12:48:51 - [TEST_STEP][PASSED] - symbol = symbol: null

2019-08-24 12:48:51 - [TEST_STEP][PASSED] - println(symbol): null

2019-08-24 12:48:51 - [TEST_STEP][PASSED] - if (i == 2 &amp;&amp; wildList.indexOf(symbol) != -1): null

2019-08-24 12:48:51 - [TEST_STEP][PASSED] - if (i == 3 &amp;&amp; wildList.indexOf(symbol) != -1): null

2019-08-24 12:48:51 - [TEST_STEP][PASSED] - if (i == 4 &amp;&amp; wildList.indexOf(symbol) != -1): null

2019-08-24 12:48:51 - [TEST_STEP][PASSED] - symbols = symbols: null

2019-08-24 12:48:51 - [TEST_STEP][PASSED] - for ([j = 0, j &lt; symbols.size(), (j++)]): null

2019-08-24 12:48:51 - [TEST_STEP][PASSED] - symbol = symbol: null

2019-08-24 12:48:51 - [TEST_STEP][PASSED] - println(symbol): null

2019-08-24 12:48:51 - [TEST_STEP][PASSED] - if (i == 2 &amp;&amp; wildList.indexOf(symbol) != -1): null

2019-08-24 12:48:51 - [TEST_STEP][PASSED] - if (i == 3 &amp;&amp; wildList.indexOf(symbol) != -1): null

2019-08-24 12:48:51 - [TEST_STEP][PASSED] - if (i == 4 &amp;&amp; wildList.indexOf(symbol) != -1): null

2019-08-24 12:48:51 - [TEST_STEP][PASSED] - symbol = symbol: null

2019-08-24 12:48:51 - [TEST_STEP][PASSED] - println(symbol): null

2019-08-24 12:48:51 - [TEST_STEP][PASSED] - if (i == 2 &amp;&amp; wildList.indexOf(symbol) != -1): null

2019-08-24 12:48:51 - [TEST_STEP][PASSED] - if (i == 3 &amp;&amp; wildList.indexOf(symbol) != -1): null

2019-08-24 12:48:51 - [TEST_STEP][PASSED] - if (i == 4 &amp;&amp; wildList.indexOf(symbol) != -1): null

2019-08-24 12:48:51 - [TEST_STEP][PASSED] - symbol = symbol: null

2019-08-24 12:48:51 - [TEST_STEP][PASSED] - println(symbol): null

2019-08-24 12:48:51 - [TEST_STEP][PASSED] - if (i == 2 &amp;&amp; wildList.indexOf(symbol) != -1): null

2019-08-24 12:48:51 - [TEST_STEP][PASSED] - if (i == 3 &amp;&amp; wildList.indexOf(symbol) != -1): null

2019-08-24 12:48:51 - [TEST_STEP][PASSED] - if (i == 4 &amp;&amp; wildList.indexOf(symbol) != -1): null

2019-08-24 12:48:51 - [TEST_STEP][PASSED] - symbols = symbols: null

2019-08-24 12:48:51 - [TEST_STEP][PASSED] - for ([j = 0, j &lt; symbols.size(), (j++)]): null

2019-08-24 12:48:51 - [TEST_STEP][PASSED] - symbol = symbol: null

2019-08-24 12:48:51 - [TEST_STEP][PASSED] - println(symbol): null

2019-08-24 12:48:51 - [TEST_STEP][PASSED] - if (i == 2 &amp;&amp; wildList.indexOf(symbol) != -1): null

2019-08-24 12:48:51 - [TEST_STEP][PASSED] - if (i == 3 &amp;&amp; wildList.indexOf(symbol) != -1): null

2019-08-24 12:48:51 - [TEST_STEP][PASSED] - if (i == 4 &amp;&amp; wildList.indexOf(symbol) != -1): null

2019-08-24 12:48:51 - [TEST_STEP][PASSED] - symbol = symbol: null

2019-08-24 12:48:51 - [TEST_STEP][PASSED] - println(symbol): null

2019-08-24 12:48:51 - [TEST_STEP][PASSED] - if (i == 2 &amp;&amp; wildList.indexOf(symbol) != -1): null

2019-08-24 12:48:51 - [TEST_STEP][PASSED] - if (i == 3 &amp;&amp; wildList.indexOf(symbol) != -1): null

2019-08-24 12:48:51 - [TEST_STEP][PASSED] - if (i == 4 &amp;&amp; wildList.indexOf(symbol) != -1): null

2019-08-24 12:48:51 - [TEST_STEP][PASSED] - symbol = symbol: null

2019-08-24 12:48:51 - [TEST_STEP][PASSED] - println(symbol): null

2019-08-24 12:48:51 - [TEST_STEP][PASSED] - if (i == 2 &amp;&amp; wildList.indexOf(symbol) != -1): null

2019-08-24 12:48:51 - [TEST_STEP][PASSED] - if (i == 3 &amp;&amp; wildList.indexOf(symbol) != -1): null

2019-08-24 12:48:51 - [TEST_STEP][PASSED] - if (i == 4 &amp;&amp; wildList.indexOf(symbol) != -1): null

2019-08-24 12:48:51 - [TEST_STEP][PASSED] - symbols = symbols: null

2019-08-24 12:48:51 - [TEST_STEP][PASSED] - for ([j = 0, j &lt; symbols.size(), (j++)]): null

2019-08-24 12:48:51 - [TEST_STEP][PASSED] - symbol = symbol: null

2019-08-24 12:48:51 - [TEST_STEP][PASSED] - println(symbol): null

2019-08-24 12:48:51 - [TEST_STEP][PASSED] - if (i == 2 &amp;&amp; wildList.indexOf(symbol) != -1): null

2019-08-24 12:48:51 - [TEST_STEP][PASSED] - if (i == 3 &amp;&amp; wildList.indexOf(symbol) != -1): null

2019-08-24 12:48:51 - [TEST_STEP][PASSED] - if (i == 4 &amp;&amp; wildList.indexOf(symbol) != -1): null

2019-08-24 12:48:51 - [TEST_STEP][PASSED] - symbol = symbol: null

2019-08-24 12:48:51 - [TEST_STEP][PASSED] - println(symbol): null

2019-08-24 12:48:51 - [TEST_STEP][PASSED] - if (i == 2 &amp;&amp; wildList.indexOf(symbol) != -1): null

2019-08-24 12:48:51 - [TEST_STEP][PASSED] - if (i == 3 &amp;&amp; wildList.indexOf(symbol) != -1): null

2019-08-24 12:48:51 - [TEST_STEP][PASSED] - if (i == 4 &amp;&amp; wildList.indexOf(symbol) != -1): null

2019-08-24 12:48:51 - [TEST_STEP][PASSED] - symbol = symbol: null

2019-08-24 12:48:51 - [TEST_STEP][PASSED] - println(symbol): null

2019-08-24 12:48:51 - [TEST_STEP][PASSED] - if (i == 2 &amp;&amp; wildList.indexOf(symbol) != -1): null

2019-08-24 12:48:51 - [TEST_STEP][PASSED] - if (i == 3 &amp;&amp; wildList.indexOf(symbol) != -1): null

2019-08-24 12:48:51 - [TEST_STEP][PASSED] - if (i == 4 &amp;&amp; wildList.indexOf(symbol) != -1): null

2019-08-24 12:48:51 - [TEST_STEP][PASSED] - free_spin_reel_counter = free_spin_reel_counter: null

2019-08-24 12:48:51 - [TEST_STEP][PASSED] - println("reel 3 wild found: " + free_spin_reel_counter[0]): null

2019-08-24 12:48:51 - [TEST_STEP][PASSED] - println("reel 4 wild found: " + free_spin_reel_counter[1]): null

2019-08-24 12:48:51 - [TEST_STEP][PASSED] - println("reel 5 wild found: " + free_spin_reel_counter[2]): null

2019-08-24 12:48:51 - [TEST_STEP][PASSED] - M4_spin_reels = M4_spin_reels: null

2019-08-24 12:48:51 - [TEST_STEP][PASSED] - M4_spin_reels_symbols = symbol: null

2019-08-24 12:48:51 - [TEST_STEP][PASSED] - M4_spin_reels_symbols = M4_spin_reels_symbols: null

2019-08-24 12:48:51 - [TEST_STEP][PASSED] - M4_spin_reel_wins = reel_wins: null

2019-08-24 12:48:51 - [TEST_STEP][PASSED] - M4_spin_reel_wins = M4_spin_reel_wins: null

2019-08-24 12:48:51 - [TEST_STEP][PASSED] - println("GlobalVariable.M4_spin_reel_wins is: " + M4_spin_reel_wins): null

2019-08-24 12:48:51 - [TEST_STEP][PASSED] - M4_spin_total_bonus_win_this_round = total_bonus_win_this_round: null

2019-08-24 12:48:51 - [TEST_STEP][PASSED] - M4_spin_total_bonus_win_this_round = M4_spin_total_bonus_win_this_round: null

2019-08-24 12:48:51 - [TEST_STEP][PASSED] - println("GlobalVariable.M4_spin_total_bonus_win_this_round is: " + M4_spin_total_bonus_win_this_round): null

2019-08-24 12:48:51 - [TEST_STEP][PASSED] - M4_spin_bonus_spin_result = spin_result: null

2019-08-24 12:48:51 - [TEST_STEP][PASSED] - M4_spin_bonus_spin_result = M4_spin_bonus_spin_result: null

2019-08-24 12:48:51 - [MESSAGE][PASSED] - Verify response successfully

2019-08-24 12:48:51 - [MESSAGE][PASSED] - Send request and verify the response successfully

2019-08-24 12:48:51 - [TEST_STEP][PASSED] - if (M4_total_bonus_spins_int != 0 &amp;&amp; M4_spin_reels_symbols[2].contains("WILD_Double") || M4_spin_reels_symbols[4].contains("WILD_Triple")): null

2019-08-24 12:48:51 - [TEST_STEP][PASSED] - free_spin_reel_counter = free_spin_reel_counter: null

2019-08-24 12:48:51 - [TEST_STEP][PASSED] - M4_spin_reels_symbols = M4_spin_reels_symbols: null

2019-08-24 12:48:51 - [TEST_STEP][PASSED] - M4_total_bonus_spins = M4_total_bonus_spins: null

2019-08-24 12:48:51 - [TEST_STEP][PASSED] - spin_result = sendRequestAndVerify(findTestObject("INT/RGS(M4)/1_M4_spin", ["M4_login_user_id":M4_login_user_id, "rgs_session_token":rgs_session_token, "partner":Partner])): Send request and verify the response successfully

2019-08-24 12:48:52 - [MESSAGE][INFO] - HAR: /Users/eiralee/Katalon_Script/SuperWild/Reports/20190824_124242/INT/superWild_4/20190824_124242/requests/main/111.har

2019-08-24 12:48:52 - [TEST_CASE][PASSED] - Start Test Case : Verification: Verification accomplished successfully

2019-08-24 12:48:52 - [TEST_STEP][PASSED] - request = getInstance().getCurrentRequest(): null

2019-08-24 12:48:52 - [TEST_STEP][PASSED] - response = getInstance().getCurrentResponse(): null

2019-08-24 12:48:52 - [TEST_STEP][PASSED] - verifyResponseStatusCode(response, 200): Verify response status code successfully

2019-08-24 12:48:52 - [MESSAGE][PASSED] - Verify response status code successfully

2019-08-24 12:48:52 - [TEST_STEP][PASSED] - getStatusCode()).isEqualTo(200): null

2019-08-24 12:48:52 - [TEST_STEP][PASSED] - newline = System.getProperty("line.separator"): null

2019-08-24 12:48:52 - [TEST_STEP][PASSED] - M4_spin = new groovy.json.JsonSlurper(): null

2019-08-24 12:48:52 - [TEST_STEP][PASSED] - result_M4_spin = M4_spin.parseText(response.getResponseBodyContent()): null

2019-08-24 12:48:52 - [TEST_STEP][PASSED] - M4_spin_current_balance = current_balance: null

2019-08-24 12:48:52 - [TEST_STEP][PASSED] - M4_spin_current_balance = M4_spin_current_balance: null

2019-08-24 12:48:52 - [TEST_STEP][PASSED] - M4_spin_transaction_id = causality: null

2019-08-24 12:48:52 - [TEST_STEP][PASSED] - M4_spin_transaction_id = M4_spin_transaction_id: null

2019-08-24 12:48:52 - [TEST_STEP][PASSED] - M4_spin_round_id = round_id: null

2019-08-24 12:48:52 - [TEST_STEP][PASSED] - M4_spin_round_id = M4_spin_round_id: null

2019-08-24 12:48:52 - [TEST_STEP][PASSED] - M4_spin_line_wins = line_wins: null

2019-08-24 12:48:52 - [TEST_STEP][PASSED] - M4_spin_line_wins = M4_spin_line_wins: null

2019-08-24 12:48:52 - [TEST_STEP][PASSED] - M4_total_bonus_spins_int = total_bonus_spins: null

2019-08-24 12:48:52 - [TEST_STEP][PASSED] - println("******M4_total_bonus_spins type is:*******" + newline + getClass().getName()): null

2019-08-24 12:48:52 - [TEST_STEP][PASSED] - M4_total_bonus_spins_int = M4_total_bonus_spins_int: null

2019-08-24 12:48:52 - [TEST_STEP][PASSED] - M4_total_bonus_spins = Integer.toString(M4_total_bonus_spins_int): null

2019-08-24 12:48:52 - [TEST_STEP][PASSED] - M4_total_bonus_spins = M4_total_bonus_spins: null

2019-08-24 12:48:52 - [TEST_STEP][PASSED] - println("M4_total_bonus_spins is:" + M4_total_bonus_spins): null

2019-08-24 12:48:52 - [TEST_STEP][PASSED] - M4_spin_bonus_data = bonus_data: null

2019-08-24 12:48:52 - [TEST_STEP][PASSED] - M4_spin_features_triggered = result_M4_spin: null

2019-08-24 12:48:52 - [TEST_STEP][PASSED] - wild = []: null

2019-08-24 12:48:52 - [TEST_STEP][PASSED] - wild[0] = "WILD_Expanding": null

2019-08-24 12:48:52 - [TEST_STEP][PASSED] - wild[1] = "WILD_Normal": null

2019-08-24 12:48:52 - [TEST_STEP][PASSED] - wild[2] = "WILD_Double": null

2019-08-24 12:48:52 - [TEST_STEP][PASSED] - wild[3] = "WILD_ExtraFG": null

2019-08-24 12:48:52 - [TEST_STEP][PASSED] - wild[4] = "WILD_Triple": null

2019-08-24 12:48:52 - [TEST_STEP][PASSED] - wildList = Arrays.asList(wild): null

2019-08-24 12:48:52 - [TEST_STEP][PASSED] - wildList = wildList: null

2019-08-24 12:48:52 - [TEST_STEP][PASSED] - free_spin_reel_counter = []: null

2019-08-24 12:48:52 - [TEST_STEP][PASSED] - free_spin_reel_counter[0] = 0: null

2019-08-24 12:48:52 - [TEST_STEP][PASSED] - free_spin_reel_counter[1] = 0: null

2019-08-24 12:48:52 - [TEST_STEP][PASSED] - free_spin_reel_counter[2] = 0: null

2019-08-24 12:48:52 - [TEST_STEP][PASSED] - M4_spin_reels = reels: null

2019-08-24 12:48:52 - [TEST_STEP][PASSED] - for ([i = 0, i &lt; M4_spin_reels.size(), (i++)]): null

2019-08-24 12:48:52 - [TEST_STEP][PASSED] - symbols = symbols: null

2019-08-24 12:48:52 - [TEST_STEP][PASSED] - for ([j = 0, j &lt; symbols.size(), (j++)]): null

2019-08-24 12:48:52 - [TEST_STEP][PASSED] - symbol = symbol: null

2019-08-24 12:48:52 - [TEST_STEP][PASSED] - println(symbol): null

2019-08-24 12:48:52 - [TEST_STEP][PASSED] - if (i == 2 &amp;&amp; wildList.indexOf(symbol) != -1): null

2019-08-24 12:48:52 - [TEST_STEP][PASSED] - if (i == 3 &amp;&amp; wildList.indexOf(symbol) != -1): null

2019-08-24 12:48:52 - [TEST_STEP][PASSED] - if (i == 4 &amp;&amp; wildList.indexOf(symbol) != -1): null

2019-08-24 12:48:52 - [TEST_STEP][PASSED] - symbol = symbol: null

2019-08-24 12:48:52 - [TEST_STEP][PASSED] - println(symbol): null

2019-08-24 12:48:52 - [TEST_STEP][PASSED] - if (i == 2 &amp;&amp; wildList.indexOf(symbol) != -1): null

2019-08-24 12:48:52 - [TEST_STEP][PASSED] - if (i == 3 &amp;&amp; wildList.indexOf(symbol) != -1): null

2019-08-24 12:48:52 - [TEST_STEP][PASSED] - if (i == 4 &amp;&amp; wildList.indexOf(symbol) != -1): null

2019-08-24 12:48:52 - [TEST_STEP][PASSED] - symbol = symbol: null

2019-08-24 12:48:52 - [TEST_STEP][PASSED] - println(symbol): null

2019-08-24 12:48:52 - [TEST_STEP][PASSED] - if (i == 2 &amp;&amp; wildList.indexOf(symbol) != -1): null

2019-08-24 12:48:52 - [TEST_STEP][PASSED] - if (i == 3 &amp;&amp; wildList.indexOf(symbol) != -1): null

2019-08-24 12:48:52 - [TEST_STEP][PASSED] - if (i == 4 &amp;&amp; wildList.indexOf(symbol) != -1): null

2019-08-24 12:48:52 - [TEST_STEP][PASSED] - symbols = symbols: null

2019-08-24 12:48:52 - [TEST_STEP][PASSED] - for ([j = 0, j &lt; symbols.size(), (j++)]): null

2019-08-24 12:48:52 - [TEST_STEP][PASSED] - symbol = symbol: null

2019-08-24 12:48:52 - [TEST_STEP][PASSED] - println(symbol): null

2019-08-24 12:48:52 - [TEST_STEP][PASSED] - if (i == 2 &amp;&amp; wildList.indexOf(symbol) != -1): null

2019-08-24 12:48:52 - [TEST_STEP][PASSED] - if (i == 3 &amp;&amp; wildList.indexOf(symbol) != -1): null

2019-08-24 12:48:52 - [TEST_STEP][PASSED] - if (i == 4 &amp;&amp; wildList.indexOf(symbol) != -1): null

2019-08-24 12:48:52 - [TEST_STEP][PASSED] - symbol = symbol: null

2019-08-24 12:48:52 - [TEST_STEP][PASSED] - println(symbol): null

2019-08-24 12:48:52 - [TEST_STEP][PASSED] - if (i == 2 &amp;&amp; wildList.indexOf(symbol) != -1): null

2019-08-24 12:48:52 - [TEST_STEP][PASSED] - if (i == 3 &amp;&amp; wildList.indexOf(symbol) != -1): null

2019-08-24 12:48:52 - [TEST_STEP][PASSED] - if (i == 4 &amp;&amp; wildList.indexOf(symbol) != -1): null

2019-08-24 12:48:52 - [TEST_STEP][PASSED] - symbol = symbol: null

2019-08-24 12:48:52 - [TEST_STEP][PASSED] - println(symbol): null

2019-08-24 12:48:52 - [TEST_STEP][PASSED] - if (i == 2 &amp;&amp; wildList.indexOf(symbol) != -1): null

2019-08-24 12:48:52 - [TEST_STEP][PASSED] - if (i == 3 &amp;&amp; wildList.indexOf(symbol) != -1): null

2019-08-24 12:48:52 - [TEST_STEP][PASSED] - if (i == 4 &amp;&amp; wildList.indexOf(symbol) != -1): null

2019-08-24 12:48:52 - [TEST_STEP][PASSED] - symbols = symbols: null

2019-08-24 12:48:52 - [TEST_STEP][PASSED] - for ([j = 0, j &lt; symbols.size(), (j++)]): null

2019-08-24 12:48:52 - [TEST_STEP][PASSED] - symbol = symbol: null

2019-08-24 12:48:52 - [TEST_STEP][PASSED] - println(symbol): null

2019-08-24 12:48:52 - [TEST_STEP][PASSED] - if (i == 2 &amp;&amp; wildList.indexOf(symbol) != -1): null

2019-08-24 12:48:52 - [TEST_STEP][PASSED] - println("wild found on reel 3, adding counter by 1"): null

2019-08-24 12:48:52 - [TEST_STEP][PASSED] - free_spin_reel_counter[0] = free_spin_reel_counter[0] + 1: null

2019-08-24 12:48:52 - [TEST_STEP][PASSED] - if (i == 3 &amp;&amp; wildList.indexOf(symbol) != -1): null

2019-08-24 12:48:52 - [TEST_STEP][PASSED] - if (i == 4 &amp;&amp; wildList.indexOf(symbol) != -1): null

2019-08-24 12:48:52 - [TEST_STEP][PASSED] - symbol = symbol: null

2019-08-24 12:48:52 - [TEST_STEP][PASSED] - println(symbol): null

2019-08-24 12:48:52 - [TEST_STEP][PASSED] - if (i == 2 &amp;&amp; wildList.indexOf(symbol) != -1): null

2019-08-24 12:48:52 - [TEST_STEP][PASSED] - if (i == 3 &amp;&amp; wildList.indexOf(symbol) != -1): null

2019-08-24 12:48:52 - [TEST_STEP][PASSED] - if (i == 4 &amp;&amp; wildList.indexOf(symbol) != -1): null

2019-08-24 12:48:52 - [TEST_STEP][PASSED] - symbol = symbol: null

2019-08-24 12:48:52 - [TEST_STEP][PASSED] - println(symbol): null

2019-08-24 12:48:52 - [TEST_STEP][PASSED] - if (i == 2 &amp;&amp; wildList.indexOf(symbol) != -1): null

2019-08-24 12:48:52 - [TEST_STEP][PASSED] - if (i == 3 &amp;&amp; wildList.indexOf(symbol) != -1): null

2019-08-24 12:48:52 - [TEST_STEP][PASSED] - if (i == 4 &amp;&amp; wildList.indexOf(symbol) != -1): null

2019-08-24 12:48:52 - [TEST_STEP][PASSED] - symbols = symbols: null

2019-08-24 12:48:52 - [TEST_STEP][PASSED] - for ([j = 0, j &lt; symbols.size(), (j++)]): null

2019-08-24 12:48:52 - [TEST_STEP][PASSED] - symbol = symbol: null

2019-08-24 12:48:52 - [TEST_STEP][PASSED] - println(symbol): null

2019-08-24 12:48:52 - [TEST_STEP][PASSED] - if (i == 2 &amp;&amp; wildList.indexOf(symbol) != -1): null

2019-08-24 12:48:52 - [TEST_STEP][PASSED] - if (i == 3 &amp;&amp; wildList.indexOf(symbol) != -1): null

2019-08-24 12:48:52 - [TEST_STEP][PASSED] - if (i == 4 &amp;&amp; wildList.indexOf(symbol) != -1): null

2019-08-24 12:48:52 - [TEST_STEP][PASSED] - symbol = symbol: null

2019-08-24 12:48:52 - [TEST_STEP][PASSED] - println(symbol): null

2019-08-24 12:48:52 - [TEST_STEP][PASSED] - if (i == 2 &amp;&amp; wildList.indexOf(symbol) != -1): null

2019-08-24 12:48:52 - [TEST_STEP][PASSED] - if (i == 3 &amp;&amp; wildList.indexOf(symbol) != -1): null

2019-08-24 12:48:52 - [TEST_STEP][PASSED] - println("wild found on reel 4, adding counter by 1"): null

2019-08-24 12:48:52 - [TEST_STEP][PASSED] - free_spin_reel_counter[1] = free_spin_reel_counter[1] + 1: null

2019-08-24 12:48:52 - [TEST_STEP][PASSED] - if (i == 4 &amp;&amp; wildList.indexOf(symbol) != -1): null

2019-08-24 12:48:52 - [TEST_STEP][PASSED] - symbol = symbol: null

2019-08-24 12:48:52 - [TEST_STEP][PASSED] - println(symbol): null

2019-08-24 12:48:52 - [TEST_STEP][PASSED] - if (i == 2 &amp;&amp; wildList.indexOf(symbol) != -1): null

2019-08-24 12:48:52 - [TEST_STEP][PASSED] - if (i == 3 &amp;&amp; wildList.indexOf(symbol) != -1): null

2019-08-24 12:48:52 - [TEST_STEP][PASSED] - if (i == 4 &amp;&amp; wildList.indexOf(symbol) != -1): null

2019-08-24 12:48:52 - [TEST_STEP][PASSED] - symbols = symbols: null

2019-08-24 12:48:52 - [TEST_STEP][PASSED] - for ([j = 0, j &lt; symbols.size(), (j++)]): null

2019-08-24 12:48:52 - [TEST_STEP][PASSED] - symbol = symbol: null

2019-08-24 12:48:52 - [TEST_STEP][PASSED] - println(symbol): null

2019-08-24 12:48:52 - [TEST_STEP][PASSED] - if (i == 2 &amp;&amp; wildList.indexOf(symbol) != -1): null

2019-08-24 12:48:52 - [TEST_STEP][PASSED] - if (i == 3 &amp;&amp; wildList.indexOf(symbol) != -1): null

2019-08-24 12:48:52 - [TEST_STEP][PASSED] - if (i == 4 &amp;&amp; wildList.indexOf(symbol) != -1): null

2019-08-24 12:48:52 - [TEST_STEP][PASSED] - symbol = symbol: null

2019-08-24 12:48:52 - [TEST_STEP][PASSED] - println(symbol): null

2019-08-24 12:48:52 - [TEST_STEP][PASSED] - if (i == 2 &amp;&amp; wildList.indexOf(symbol) != -1): null

2019-08-24 12:48:52 - [TEST_STEP][PASSED] - if (i == 3 &amp;&amp; wildList.indexOf(symbol) != -1): null

2019-08-24 12:48:52 - [TEST_STEP][PASSED] - if (i == 4 &amp;&amp; wildList.indexOf(symbol) != -1): null

2019-08-24 12:48:52 - [TEST_STEP][PASSED] - symbol = symbol: null

2019-08-24 12:48:52 - [TEST_STEP][PASSED] - println(symbol): null

2019-08-24 12:48:52 - [TEST_STEP][PASSED] - if (i == 2 &amp;&amp; wildList.indexOf(symbol) != -1): null

2019-08-24 12:48:52 - [TEST_STEP][PASSED] - if (i == 3 &amp;&amp; wildList.indexOf(symbol) != -1): null

2019-08-24 12:48:52 - [TEST_STEP][PASSED] - if (i == 4 &amp;&amp; wildList.indexOf(symbol) != -1): null

2019-08-24 12:48:52 - [TEST_STEP][PASSED] - free_spin_reel_counter = free_spin_reel_counter: null

2019-08-24 12:48:52 - [TEST_STEP][PASSED] - println("reel 3 wild found: " + free_spin_reel_counter[0]): null

2019-08-24 12:48:52 - [TEST_STEP][PASSED] - println("reel 4 wild found: " + free_spin_reel_counter[1]): null

2019-08-24 12:48:52 - [TEST_STEP][PASSED] - println("reel 5 wild found: " + free_spin_reel_counter[2]): null

2019-08-24 12:48:52 - [TEST_STEP][PASSED] - M4_spin_reels = M4_spin_reels: null

2019-08-24 12:48:52 - [TEST_STEP][PASSED] - M4_spin_reels_symbols = symbol: null

2019-08-24 12:48:52 - [TEST_STEP][PASSED] - M4_spin_reels_symbols = M4_spin_reels_symbols: null

2019-08-24 12:48:52 - [TEST_STEP][PASSED] - M4_spin_reel_wins = reel_wins: null

2019-08-24 12:48:52 - [TEST_STEP][PASSED] - M4_spin_reel_wins = M4_spin_reel_wins: null

2019-08-24 12:48:52 - [TEST_STEP][PASSED] - println("GlobalVariable.M4_spin_reel_wins is: " + M4_spin_reel_wins): null

2019-08-24 12:48:52 - [TEST_STEP][PASSED] - M4_spin_total_bonus_win_this_round = total_bonus_win_this_round: null

2019-08-24 12:48:52 - [TEST_STEP][PASSED] - M4_spin_total_bonus_win_this_round = M4_spin_total_bonus_win_this_round: null

2019-08-24 12:48:52 - [TEST_STEP][PASSED] - println("GlobalVariable.M4_spin_total_bonus_win_this_round is: " + M4_spin_total_bonus_win_this_round): null

2019-08-24 12:48:52 - [TEST_STEP][PASSED] - M4_spin_bonus_spin_result = spin_result: null

2019-08-24 12:48:52 - [TEST_STEP][PASSED] - M4_spin_bonus_spin_result = M4_spin_bonus_spin_result: null

2019-08-24 12:48:52 - [MESSAGE][PASSED] - Verify response successfully

2019-08-24 12:48:52 - [MESSAGE][PASSED] - Send request and verify the response successfully

2019-08-24 12:48:52 - [TEST_STEP][PASSED] - if (M4_total_bonus_spins_int != 0 &amp;&amp; M4_spin_reels_symbols[2].contains("WILD_Double") || M4_spin_reels_symbols[4].contains("WILD_Triple")): null

2019-08-24 12:48:52 - [TEST_STEP][PASSED] - free_spin_reel_counter = free_spin_reel_counter: null

2019-08-24 12:48:52 - [TEST_STEP][PASSED] - M4_spin_reels_symbols = M4_spin_reels_symbols: null

2019-08-24 12:48:52 - [TEST_STEP][PASSED] - M4_total_bonus_spins = M4_total_bonus_spins: null

2019-08-24 12:48:52 - [TEST_STEP][PASSED] - spin_result = sendRequestAndVerify(findTestObject("INT/RGS(M4)/1_M4_spin", ["M4_login_user_id":M4_login_user_id, "rgs_session_token":rgs_session_token, "partner":Partner])): Send request and verify the response successfully

2019-08-24 12:48:52 - [MESSAGE][INFO] - HAR: /Users/eiralee/Katalon_Script/SuperWild/Reports/20190824_124242/INT/superWild_4/20190824_124242/requests/main/112.har

2019-08-24 12:48:52 - [TEST_CASE][PASSED] - Start Test Case : Verification: Verification accomplished successfully

2019-08-24 12:48:52 - [TEST_STEP][PASSED] - request = getInstance().getCurrentRequest(): null

2019-08-24 12:48:52 - [TEST_STEP][PASSED] - response = getInstance().getCurrentResponse(): null

2019-08-24 12:48:52 - [TEST_STEP][PASSED] - verifyResponseStatusCode(response, 200): Verify response status code successfully

2019-08-24 12:48:52 - [MESSAGE][PASSED] - Verify response status code successfully

2019-08-24 12:48:52 - [TEST_STEP][PASSED] - getStatusCode()).isEqualTo(200): null

2019-08-24 12:48:52 - [TEST_STEP][PASSED] - newline = System.getProperty("line.separator"): null

2019-08-24 12:48:52 - [TEST_STEP][PASSED] - M4_spin = new groovy.json.JsonSlurper(): null

2019-08-24 12:48:52 - [TEST_STEP][PASSED] - result_M4_spin = M4_spin.parseText(response.getResponseBodyContent()): null

2019-08-24 12:48:52 - [TEST_STEP][PASSED] - M4_spin_current_balance = current_balance: null

2019-08-24 12:48:52 - [TEST_STEP][PASSED] - M4_spin_current_balance = M4_spin_current_balance: null

2019-08-24 12:48:52 - [TEST_STEP][PASSED] - M4_spin_transaction_id = causality: null

2019-08-24 12:48:52 - [TEST_STEP][PASSED] - M4_spin_transaction_id = M4_spin_transaction_id: null

2019-08-24 12:48:52 - [TEST_STEP][PASSED] - M4_spin_round_id = round_id: null

2019-08-24 12:48:52 - [TEST_STEP][PASSED] - M4_spin_round_id = M4_spin_round_id: null

2019-08-24 12:48:52 - [TEST_STEP][PASSED] - M4_spin_line_wins = line_wins: null

2019-08-24 12:48:52 - [TEST_STEP][PASSED] - M4_spin_line_wins = M4_spin_line_wins: null

2019-08-24 12:48:52 - [TEST_STEP][PASSED] - M4_total_bonus_spins_int = total_bonus_spins: null

2019-08-24 12:48:52 - [TEST_STEP][PASSED] - println("******M4_total_bonus_spins type is:*******" + newline + getClass().getName()): null

2019-08-24 12:48:52 - [TEST_STEP][PASSED] - M4_total_bonus_spins_int = M4_total_bonus_spins_int: null

2019-08-24 12:48:52 - [TEST_STEP][PASSED] - M4_total_bonus_spins = Integer.toString(M4_total_bonus_spins_int): null

2019-08-24 12:48:52 - [TEST_STEP][PASSED] - M4_total_bonus_spins = M4_total_bonus_spins: null

2019-08-24 12:48:52 - [TEST_STEP][PASSED] - println("M4_total_bonus_spins is:" + M4_total_bonus_spins): null

2019-08-24 12:48:52 - [TEST_STEP][PASSED] - M4_spin_bonus_data = bonus_data: null

2019-08-24 12:48:52 - [TEST_STEP][PASSED] - M4_spin_features_triggered = result_M4_spin: null

2019-08-24 12:48:52 - [TEST_STEP][PASSED] - wild = []: null

2019-08-24 12:48:52 - [TEST_STEP][PASSED] - wild[0] = "WILD_Expanding": null

2019-08-24 12:48:52 - [TEST_STEP][PASSED] - wild[1] = "WILD_Normal": null

2019-08-24 12:48:52 - [TEST_STEP][PASSED] - wild[2] = "WILD_Double": null

2019-08-24 12:48:52 - [TEST_STEP][PASSED] - wild[3] = "WILD_ExtraFG": null

2019-08-24 12:48:52 - [TEST_STEP][PASSED] - wild[4] = "WILD_Triple": null

2019-08-24 12:48:52 - [TEST_STEP][PASSED] - wildList = Arrays.asList(wild): null

2019-08-24 12:48:52 - [TEST_STEP][PASSED] - wildList = wildList: null

2019-08-24 12:48:52 - [TEST_STEP][PASSED] - free_spin_reel_counter = []: null

2019-08-24 12:48:52 - [TEST_STEP][PASSED] - free_spin_reel_counter[0] = 0: null

2019-08-24 12:48:52 - [TEST_STEP][PASSED] - free_spin_reel_counter[1] = 0: null

2019-08-24 12:48:52 - [TEST_STEP][PASSED] - free_spin_reel_counter[2] = 0: null

2019-08-24 12:48:52 - [TEST_STEP][PASSED] - M4_spin_reels = reels: null

2019-08-24 12:48:52 - [TEST_STEP][PASSED] - for ([i = 0, i &lt; M4_spin_reels.size(), (i++)]): null

2019-08-24 12:48:52 - [TEST_STEP][PASSED] - symbols = symbols: null

2019-08-24 12:48:52 - [TEST_STEP][PASSED] - for ([j = 0, j &lt; symbols.size(), (j++)]): null

2019-08-24 12:48:52 - [TEST_STEP][PASSED] - symbol = symbol: null

2019-08-24 12:48:52 - [TEST_STEP][PASSED] - println(symbol): null

2019-08-24 12:48:52 - [TEST_STEP][PASSED] - if (i == 2 &amp;&amp; wildList.indexOf(symbol) != -1): null

2019-08-24 12:48:52 - [TEST_STEP][PASSED] - if (i == 3 &amp;&amp; wildList.indexOf(symbol) != -1): null

2019-08-24 12:48:52 - [TEST_STEP][PASSED] - if (i == 4 &amp;&amp; wildList.indexOf(symbol) != -1): null

2019-08-24 12:48:52 - [TEST_STEP][PASSED] - symbol = symbol: null

2019-08-24 12:48:52 - [TEST_STEP][PASSED] - println(symbol): null

2019-08-24 12:48:52 - [TEST_STEP][PASSED] - if (i == 2 &amp;&amp; wildList.indexOf(symbol) != -1): null

2019-08-24 12:48:52 - [TEST_STEP][PASSED] - if (i == 3 &amp;&amp; wildList.indexOf(symbol) != -1): null

2019-08-24 12:48:52 - [TEST_STEP][PASSED] - if (i == 4 &amp;&amp; wildList.indexOf(symbol) != -1): null

2019-08-24 12:48:52 - [TEST_STEP][PASSED] - symbol = symbol: null

2019-08-24 12:48:52 - [TEST_STEP][PASSED] - println(symbol): null

2019-08-24 12:48:52 - [TEST_STEP][PASSED] - if (i == 2 &amp;&amp; wildList.indexOf(symbol) != -1): null

2019-08-24 12:48:52 - [TEST_STEP][PASSED] - if (i == 3 &amp;&amp; wildList.indexOf(symbol) != -1): null

2019-08-24 12:48:52 - [TEST_STEP][PASSED] - if (i == 4 &amp;&amp; wildList.indexOf(symbol) != -1): null

2019-08-24 12:48:52 - [TEST_STEP][PASSED] - symbols = symbols: null

2019-08-24 12:48:52 - [TEST_STEP][PASSED] - for ([j = 0, j &lt; symbols.size(), (j++)]): null

2019-08-24 12:48:52 - [TEST_STEP][PASSED] - symbol = symbol: null

2019-08-24 12:48:52 - [TEST_STEP][PASSED] - println(symbol): null

2019-08-24 12:48:52 - [TEST_STEP][PASSED] - if (i == 2 &amp;&amp; wildList.indexOf(symbol) != -1): null

2019-08-24 12:48:52 - [TEST_STEP][PASSED] - if (i == 3 &amp;&amp; wildList.indexOf(symbol) != -1): null

2019-08-24 12:48:52 - [TEST_STEP][PASSED] - if (i == 4 &amp;&amp; wildList.indexOf(symbol) != -1): null

2019-08-24 12:48:52 - [TEST_STEP][PASSED] - symbol = symbol: null

2019-08-24 12:48:52 - [TEST_STEP][PASSED] - println(symbol): null

2019-08-24 12:48:52 - [TEST_STEP][PASSED] - if (i == 2 &amp;&amp; wildList.indexOf(symbol) != -1): null

2019-08-24 12:48:52 - [TEST_STEP][PASSED] - if (i == 3 &amp;&amp; wildList.indexOf(symbol) != -1): null

2019-08-24 12:48:52 - [TEST_STEP][PASSED] - if (i == 4 &amp;&amp; wildList.indexOf(symbol) != -1): null

2019-08-24 12:48:52 - [TEST_STEP][PASSED] - symbol = symbol: null

2019-08-24 12:48:52 - [TEST_STEP][PASSED] - println(symbol): null

2019-08-24 12:48:52 - [TEST_STEP][PASSED] - if (i == 2 &amp;&amp; wildList.indexOf(symbol) != -1): null

2019-08-24 12:48:52 - [TEST_STEP][PASSED] - if (i == 3 &amp;&amp; wildList.indexOf(symbol) != -1): null

2019-08-24 12:48:52 - [TEST_STEP][PASSED] - if (i == 4 &amp;&amp; wildList.indexOf(symbol) != -1): null

2019-08-24 12:48:52 - [TEST_STEP][PASSED] - symbols = symbols: null

2019-08-24 12:48:52 - [TEST_STEP][PASSED] - for ([j = 0, j &lt; symbols.size(), (j++)]): null

2019-08-24 12:48:52 - [TEST_STEP][PASSED] - symbol = symbol: null

2019-08-24 12:48:52 - [TEST_STEP][PASSED] - println(symbol): null

2019-08-24 12:48:52 - [TEST_STEP][PASSED] - if (i == 2 &amp;&amp; wildList.indexOf(symbol) != -1): null

2019-08-24 12:48:52 - [TEST_STEP][PASSED] - if (i == 3 &amp;&amp; wildList.indexOf(symbol) != -1): null

2019-08-24 12:48:52 - [TEST_STEP][PASSED] - if (i == 4 &amp;&amp; wildList.indexOf(symbol) != -1): null

2019-08-24 12:48:52 - [TEST_STEP][PASSED] - symbol = symbol: null

2019-08-24 12:48:52 - [TEST_STEP][PASSED] - println(symbol): null

2019-08-24 12:48:52 - [TEST_STEP][PASSED] - if (i == 2 &amp;&amp; wildList.indexOf(symbol) != -1): null

2019-08-24 12:48:52 - [TEST_STEP][PASSED] - if (i == 3 &amp;&amp; wildList.indexOf(symbol) != -1): null

2019-08-24 12:48:52 - [TEST_STEP][PASSED] - if (i == 4 &amp;&amp; wildList.indexOf(symbol) != -1): null

2019-08-24 12:48:52 - [TEST_STEP][PASSED] - symbol = symbol: null

2019-08-24 12:48:52 - [TEST_STEP][PASSED] - println(symbol): null

2019-08-24 12:48:52 - [TEST_STEP][PASSED] - if (i == 2 &amp;&amp; wildList.indexOf(symbol) != -1): null

2019-08-24 12:48:52 - [TEST_STEP][PASSED] - println("wild found on reel 3, adding counter by 1"): null

2019-08-24 12:48:52 - [TEST_STEP][PASSED] - free_spin_reel_counter[0] = free_spin_reel_counter[0] + 1: null

2019-08-24 12:48:52 - [TEST_STEP][PASSED] - if (i == 3 &amp;&amp; wildList.indexOf(symbol) != -1): null

2019-08-24 12:48:52 - [TEST_STEP][PASSED] - if (i == 4 &amp;&amp; wildList.indexOf(symbol) != -1): null

2019-08-24 12:48:52 - [TEST_STEP][PASSED] - symbols = symbols: null

2019-08-24 12:48:52 - [TEST_STEP][PASSED] - for ([j = 0, j &lt; symbols.size(), (j++)]): null

2019-08-24 12:48:52 - [TEST_STEP][PASSED] - symbol = symbol: null

2019-08-24 12:48:52 - [TEST_STEP][PASSED] - println(symbol): null

2019-08-24 12:48:52 - [TEST_STEP][PASSED] - if (i == 2 &amp;&amp; wildList.indexOf(symbol) != -1): null

2019-08-24 12:48:52 - [TEST_STEP][PASSED] - if (i == 3 &amp;&amp; wildList.indexOf(symbol) != -1): null

2019-08-24 12:48:52 - [TEST_STEP][PASSED] - if (i == 4 &amp;&amp; wildList.indexOf(symbol) != -1): null

2019-08-24 12:48:52 - [TEST_STEP][PASSED] - symbol = symbol: null

2019-08-24 12:48:52 - [TEST_STEP][PASSED] - println(symbol): null

2019-08-24 12:48:52 - [TEST_STEP][PASSED] - if (i == 2 &amp;&amp; wildList.indexOf(symbol) != -1): null

2019-08-24 12:48:52 - [TEST_STEP][PASSED] - if (i == 3 &amp;&amp; wildList.indexOf(symbol) != -1): null

2019-08-24 12:48:52 - [TEST_STEP][PASSED] - if (i == 4 &amp;&amp; wildList.indexOf(symbol) != -1): null

2019-08-24 12:48:52 - [TEST_STEP][PASSED] - symbol = symbol: null

2019-08-24 12:48:52 - [TEST_STEP][PASSED] - println(symbol): null

2019-08-24 12:48:52 - [TEST_STEP][PASSED] - if (i == 2 &amp;&amp; wildList.indexOf(symbol) != -1): null

2019-08-24 12:48:52 - [TEST_STEP][PASSED] - if (i == 3 &amp;&amp; wildList.indexOf(symbol) != -1): null

2019-08-24 12:48:52 - [TEST_STEP][PASSED] - if (i == 4 &amp;&amp; wildList.indexOf(symbol) != -1): null

2019-08-24 12:48:52 - [TEST_STEP][PASSED] - symbols = symbols: null

2019-08-24 12:48:52 - [TEST_STEP][PASSED] - for ([j = 0, j &lt; symbols.size(), (j++)]): null

2019-08-24 12:48:52 - [TEST_STEP][PASSED] - symbol = symbol: null

2019-08-24 12:48:52 - [TEST_STEP][PASSED] - println(symbol): null

2019-08-24 12:48:52 - [TEST_STEP][PASSED] - if (i == 2 &amp;&amp; wildList.indexOf(symbol) != -1): null

2019-08-24 12:48:52 - [TEST_STEP][PASSED] - if (i == 3 &amp;&amp; wildList.indexOf(symbol) != -1): null

2019-08-24 12:48:52 - [TEST_STEP][PASSED] - if (i == 4 &amp;&amp; wildList.indexOf(symbol) != -1): null

2019-08-24 12:48:52 - [TEST_STEP][PASSED] - symbol = symbol: null

2019-08-24 12:48:52 - [TEST_STEP][PASSED] - println(symbol): null

2019-08-24 12:48:52 - [TEST_STEP][PASSED] - if (i == 2 &amp;&amp; wildList.indexOf(symbol) != -1): null

2019-08-24 12:48:52 - [TEST_STEP][PASSED] - if (i == 3 &amp;&amp; wildList.indexOf(symbol) != -1): null

2019-08-24 12:48:52 - [TEST_STEP][PASSED] - if (i == 4 &amp;&amp; wildList.indexOf(symbol) != -1): null

2019-08-24 12:48:52 - [TEST_STEP][PASSED] - symbol = symbol: null

2019-08-24 12:48:52 - [TEST_STEP][PASSED] - println(symbol): null

2019-08-24 12:48:52 - [TEST_STEP][PASSED] - if (i == 2 &amp;&amp; wildList.indexOf(symbol) != -1): null

2019-08-24 12:48:52 - [TEST_STEP][PASSED] - if (i == 3 &amp;&amp; wildList.indexOf(symbol) != -1): null

2019-08-24 12:48:52 - [TEST_STEP][PASSED] - if (i == 4 &amp;&amp; wildList.indexOf(symbol) != -1): null

2019-08-24 12:48:52 - [TEST_STEP][PASSED] - free_spin_reel_counter = free_spin_reel_counter: null

2019-08-24 12:48:52 - [TEST_STEP][PASSED] - println("reel 3 wild found: " + free_spin_reel_counter[0]): null

2019-08-24 12:48:52 - [TEST_STEP][PASSED] - println("reel 4 wild found: " + free_spin_reel_counter[1]): null

2019-08-24 12:48:52 - [TEST_STEP][PASSED] - println("reel 5 wild found: " + free_spin_reel_counter[2]): null

2019-08-24 12:48:52 - [TEST_STEP][PASSED] - M4_spin_reels = M4_spin_reels: null

2019-08-24 12:48:52 - [TEST_STEP][PASSED] - M4_spin_reels_symbols = symbol: null

2019-08-24 12:48:52 - [TEST_STEP][PASSED] - M4_spin_reels_symbols = M4_spin_reels_symbols: null

2019-08-24 12:48:52 - [TEST_STEP][PASSED] - M4_spin_reel_wins = reel_wins: null

2019-08-24 12:48:52 - [TEST_STEP][PASSED] - M4_spin_reel_wins = M4_spin_reel_wins: null

2019-08-24 12:48:52 - [TEST_STEP][PASSED] - println("GlobalVariable.M4_spin_reel_wins is: " + M4_spin_reel_wins): null

2019-08-24 12:48:52 - [TEST_STEP][PASSED] - M4_spin_total_bonus_win_this_round = total_bonus_win_this_round: null

2019-08-24 12:48:52 - [TEST_STEP][PASSED] - M4_spin_total_bonus_win_this_round = M4_spin_total_bonus_win_this_round: null

2019-08-24 12:48:52 - [TEST_STEP][PASSED] - println("GlobalVariable.M4_spin_total_bonus_win_this_round is: " + M4_spin_total_bonus_win_this_round): null

2019-08-24 12:48:52 - [TEST_STEP][PASSED] - M4_spin_bonus_spin_result = spin_result: null

2019-08-24 12:48:52 - [TEST_STEP][PASSED] - M4_spin_bonus_spin_result = M4_spin_bonus_spin_result: null

2019-08-24 12:48:52 - [MESSAGE][PASSED] - Verify response successfully

2019-08-24 12:48:52 - [MESSAGE][PASSED] - Send request and verify the response successfully

2019-08-24 12:48:52 - [TEST_STEP][PASSED] - if (M4_total_bonus_spins_int != 0 &amp;&amp; M4_spin_reels_symbols[2].contains("WILD_Double") || M4_spin_reels_symbols[4].contains("WILD_Triple")): null

2019-08-24 12:48:52 - [TEST_STEP][PASSED] - free_spin_reel_counter = free_spin_reel_counter: null

2019-08-24 12:48:52 - [TEST_STEP][PASSED] - M4_spin_reels_symbols = M4_spin_reels_symbols: null

2019-08-24 12:48:52 - [TEST_STEP][PASSED] - M4_total_bonus_spins = M4_total_bonus_spins: null

2019-08-24 12:48:52 - [TEST_STEP][PASSED] - spin_result = sendRequestAndVerify(findTestObject("INT/RGS(M4)/1_M4_spin", ["M4_login_user_id":M4_login_user_id, "rgs_session_token":rgs_session_token, "partner":Partner])): Send request and verify the response successfully

2019-08-24 12:48:53 - [MESSAGE][INFO] - HAR: /Users/eiralee/Katalon_Script/SuperWild/Reports/20190824_124242/INT/superWild_4/20190824_124242/requests/main/113.har

2019-08-24 12:48:53 - [TEST_CASE][PASSED] - Start Test Case : Verification: Verification accomplished successfully

2019-08-24 12:48:53 - [TEST_STEP][PASSED] - request = getInstance().getCurrentRequest(): null

2019-08-24 12:48:53 - [TEST_STEP][PASSED] - response = getInstance().getCurrentResponse(): null

2019-08-24 12:48:53 - [TEST_STEP][PASSED] - verifyResponseStatusCode(response, 200): Verify response status code successfully

2019-08-24 12:48:53 - [MESSAGE][PASSED] - Verify response status code successfully

2019-08-24 12:48:53 - [TEST_STEP][PASSED] - getStatusCode()).isEqualTo(200): null

2019-08-24 12:48:53 - [TEST_STEP][PASSED] - newline = System.getProperty("line.separator"): null

2019-08-24 12:48:53 - [TEST_STEP][PASSED] - M4_spin = new groovy.json.JsonSlurper(): null

2019-08-24 12:48:53 - [TEST_STEP][PASSED] - result_M4_spin = M4_spin.parseText(response.getResponseBodyContent()): null

2019-08-24 12:48:53 - [TEST_STEP][PASSED] - M4_spin_current_balance = current_balance: null

2019-08-24 12:48:53 - [TEST_STEP][PASSED] - M4_spin_current_balance = M4_spin_current_balance: null

2019-08-24 12:48:53 - [TEST_STEP][PASSED] - M4_spin_transaction_id = causality: null

2019-08-24 12:48:53 - [TEST_STEP][PASSED] - M4_spin_transaction_id = M4_spin_transaction_id: null

2019-08-24 12:48:53 - [TEST_STEP][PASSED] - M4_spin_round_id = round_id: null

2019-08-24 12:48:53 - [TEST_STEP][PASSED] - M4_spin_round_id = M4_spin_round_id: null

2019-08-24 12:48:53 - [TEST_STEP][PASSED] - M4_spin_line_wins = line_wins: null

2019-08-24 12:48:53 - [TEST_STEP][PASSED] - M4_spin_line_wins = M4_spin_line_wins: null

2019-08-24 12:48:53 - [TEST_STEP][PASSED] - M4_total_bonus_spins_int = total_bonus_spins: null

2019-08-24 12:48:53 - [TEST_STEP][PASSED] - println("******M4_total_bonus_spins type is:*******" + newline + getClass().getName()): null

2019-08-24 12:48:53 - [TEST_STEP][PASSED] - M4_total_bonus_spins_int = M4_total_bonus_spins_int: null

2019-08-24 12:48:53 - [TEST_STEP][PASSED] - M4_total_bonus_spins = Integer.toString(M4_total_bonus_spins_int): null

2019-08-24 12:48:53 - [TEST_STEP][PASSED] - M4_total_bonus_spins = M4_total_bonus_spins: null

2019-08-24 12:48:53 - [TEST_STEP][PASSED] - println("M4_total_bonus_spins is:" + M4_total_bonus_spins): null

2019-08-24 12:48:53 - [TEST_STEP][PASSED] - M4_spin_bonus_data = bonus_data: null

2019-08-24 12:48:53 - [TEST_STEP][PASSED] - M4_spin_features_triggered = result_M4_spin: null

2019-08-24 12:48:53 - [TEST_STEP][PASSED] - wild = []: null

2019-08-24 12:48:53 - [TEST_STEP][PASSED] - wild[0] = "WILD_Expanding": null

2019-08-24 12:48:53 - [TEST_STEP][PASSED] - wild[1] = "WILD_Normal": null

2019-08-24 12:48:53 - [TEST_STEP][PASSED] - wild[2] = "WILD_Double": null

2019-08-24 12:48:53 - [TEST_STEP][PASSED] - wild[3] = "WILD_ExtraFG": null

2019-08-24 12:48:53 - [TEST_STEP][PASSED] - wild[4] = "WILD_Triple": null

2019-08-24 12:48:53 - [TEST_STEP][PASSED] - wildList = Arrays.asList(wild): null

2019-08-24 12:48:53 - [TEST_STEP][PASSED] - wildList = wildList: null

2019-08-24 12:48:53 - [TEST_STEP][PASSED] - free_spin_reel_counter = []: null

2019-08-24 12:48:53 - [TEST_STEP][PASSED] - free_spin_reel_counter[0] = 0: null

2019-08-24 12:48:53 - [TEST_STEP][PASSED] - free_spin_reel_counter[1] = 0: null

2019-08-24 12:48:53 - [TEST_STEP][PASSED] - free_spin_reel_counter[2] = 0: null

2019-08-24 12:48:53 - [TEST_STEP][PASSED] - M4_spin_reels = reels: null

2019-08-24 12:48:53 - [TEST_STEP][PASSED] - for ([i = 0, i &lt; M4_spin_reels.size(), (i++)]): null

2019-08-24 12:48:53 - [TEST_STEP][PASSED] - symbols = symbols: null

2019-08-24 12:48:53 - [TEST_STEP][PASSED] - for ([j = 0, j &lt; symbols.size(), (j++)]): null

2019-08-24 12:48:53 - [TEST_STEP][PASSED] - symbol = symbol: null

2019-08-24 12:48:53 - [TEST_STEP][PASSED] - println(symbol): null

2019-08-24 12:48:53 - [TEST_STEP][PASSED] - if (i == 2 &amp;&amp; wildList.indexOf(symbol) != -1): null

2019-08-24 12:48:53 - [TEST_STEP][PASSED] - if (i == 3 &amp;&amp; wildList.indexOf(symbol) != -1): null

2019-08-24 12:48:53 - [TEST_STEP][PASSED] - if (i == 4 &amp;&amp; wildList.indexOf(symbol) != -1): null

2019-08-24 12:48:53 - [TEST_STEP][PASSED] - symbol = symbol: null

2019-08-24 12:48:53 - [TEST_STEP][PASSED] - println(symbol): null

2019-08-24 12:48:53 - [TEST_STEP][PASSED] - if (i == 2 &amp;&amp; wildList.indexOf(symbol) != -1): null

2019-08-24 12:48:53 - [TEST_STEP][PASSED] - if (i == 3 &amp;&amp; wildList.indexOf(symbol) != -1): null

2019-08-24 12:48:53 - [TEST_STEP][PASSED] - if (i == 4 &amp;&amp; wildList.indexOf(symbol) != -1): null

2019-08-24 12:48:53 - [TEST_STEP][PASSED] - symbol = symbol: null

2019-08-24 12:48:53 - [TEST_STEP][PASSED] - println(symbol): null

2019-08-24 12:48:53 - [TEST_STEP][PASSED] - if (i == 2 &amp;&amp; wildList.indexOf(symbol) != -1): null

2019-08-24 12:48:53 - [TEST_STEP][PASSED] - if (i == 3 &amp;&amp; wildList.indexOf(symbol) != -1): null

2019-08-24 12:48:53 - [TEST_STEP][PASSED] - if (i == 4 &amp;&amp; wildList.indexOf(symbol) != -1): null

2019-08-24 12:48:53 - [TEST_STEP][PASSED] - symbols = symbols: null

2019-08-24 12:48:53 - [TEST_STEP][PASSED] - for ([j = 0, j &lt; symbols.size(), (j++)]): null

2019-08-24 12:48:53 - [TEST_STEP][PASSED] - symbol = symbol: null

2019-08-24 12:48:53 - [TEST_STEP][PASSED] - println(symbol): null

2019-08-24 12:48:53 - [TEST_STEP][PASSED] - if (i == 2 &amp;&amp; wildList.indexOf(symbol) != -1): null

2019-08-24 12:48:53 - [TEST_STEP][PASSED] - if (i == 3 &amp;&amp; wildList.indexOf(symbol) != -1): null

2019-08-24 12:48:53 - [TEST_STEP][PASSED] - if (i == 4 &amp;&amp; wildList.indexOf(symbol) != -1): null

2019-08-24 12:48:53 - [TEST_STEP][PASSED] - symbol = symbol: null

2019-08-24 12:48:53 - [TEST_STEP][PASSED] - println(symbol): null

2019-08-24 12:48:53 - [TEST_STEP][PASSED] - if (i == 2 &amp;&amp; wildList.indexOf(symbol) != -1): null

2019-08-24 12:48:53 - [TEST_STEP][PASSED] - if (i == 3 &amp;&amp; wildList.indexOf(symbol) != -1): null

2019-08-24 12:48:53 - [TEST_STEP][PASSED] - if (i == 4 &amp;&amp; wildList.indexOf(symbol) != -1): null

2019-08-24 12:48:53 - [TEST_STEP][PASSED] - symbol = symbol: null

2019-08-24 12:48:53 - [TEST_STEP][PASSED] - println(symbol): null

2019-08-24 12:48:53 - [TEST_STEP][PASSED] - if (i == 2 &amp;&amp; wildList.indexOf(symbol) != -1): null

2019-08-24 12:48:53 - [TEST_STEP][PASSED] - if (i == 3 &amp;&amp; wildList.indexOf(symbol) != -1): null

2019-08-24 12:48:53 - [TEST_STEP][PASSED] - if (i == 4 &amp;&amp; wildList.indexOf(symbol) != -1): null

2019-08-24 12:48:53 - [TEST_STEP][PASSED] - symbols = symbols: null

2019-08-24 12:48:53 - [TEST_STEP][PASSED] - for ([j = 0, j &lt; symbols.size(), (j++)]): null

2019-08-24 12:48:53 - [TEST_STEP][PASSED] - symbol = symbol: null

2019-08-24 12:48:53 - [TEST_STEP][PASSED] - println(symbol): null

2019-08-24 12:48:53 - [TEST_STEP][PASSED] - if (i == 2 &amp;&amp; wildList.indexOf(symbol) != -1): null

2019-08-24 12:48:53 - [TEST_STEP][PASSED] - if (i == 3 &amp;&amp; wildList.indexOf(symbol) != -1): null

2019-08-24 12:48:53 - [TEST_STEP][PASSED] - if (i == 4 &amp;&amp; wildList.indexOf(symbol) != -1): null

2019-08-24 12:48:53 - [TEST_STEP][PASSED] - symbol = symbol: null

2019-08-24 12:48:53 - [TEST_STEP][PASSED] - println(symbol): null

2019-08-24 12:48:53 - [TEST_STEP][PASSED] - if (i == 2 &amp;&amp; wildList.indexOf(symbol) != -1): null

2019-08-24 12:48:53 - [TEST_STEP][PASSED] - if (i == 3 &amp;&amp; wildList.indexOf(symbol) != -1): null

2019-08-24 12:48:53 - [TEST_STEP][PASSED] - if (i == 4 &amp;&amp; wildList.indexOf(symbol) != -1): null

2019-08-24 12:48:53 - [TEST_STEP][PASSED] - symbol = symbol: null

2019-08-24 12:48:53 - [TEST_STEP][PASSED] - println(symbol): null

2019-08-24 12:48:53 - [TEST_STEP][PASSED] - if (i == 2 &amp;&amp; wildList.indexOf(symbol) != -1): null

2019-08-24 12:48:53 - [TEST_STEP][PASSED] - if (i == 3 &amp;&amp; wildList.indexOf(symbol) != -1): null

2019-08-24 12:48:53 - [TEST_STEP][PASSED] - if (i == 4 &amp;&amp; wildList.indexOf(symbol) != -1): null

2019-08-24 12:48:53 - [TEST_STEP][PASSED] - symbols = symbols: null

2019-08-24 12:48:53 - [TEST_STEP][PASSED] - for ([j = 0, j &lt; symbols.size(), (j++)]): null

2019-08-24 12:48:53 - [TEST_STEP][PASSED] - symbol = symbol: null

2019-08-24 12:48:53 - [TEST_STEP][PASSED] - println(symbol): null

2019-08-24 12:48:53 - [TEST_STEP][PASSED] - if (i == 2 &amp;&amp; wildList.indexOf(symbol) != -1): null

2019-08-24 12:48:53 - [TEST_STEP][PASSED] - if (i == 3 &amp;&amp; wildList.indexOf(symbol) != -1): null

2019-08-24 12:48:53 - [TEST_STEP][PASSED] - if (i == 4 &amp;&amp; wildList.indexOf(symbol) != -1): null

2019-08-24 12:48:53 - [TEST_STEP][PASSED] - symbol = symbol: null

2019-08-24 12:48:53 - [TEST_STEP][PASSED] - println(symbol): null

2019-08-24 12:48:53 - [TEST_STEP][PASSED] - if (i == 2 &amp;&amp; wildList.indexOf(symbol) != -1): null

2019-08-24 12:48:53 - [TEST_STEP][PASSED] - if (i == 3 &amp;&amp; wildList.indexOf(symbol) != -1): null

2019-08-24 12:48:53 - [TEST_STEP][PASSED] - if (i == 4 &amp;&amp; wildList.indexOf(symbol) != -1): null

2019-08-24 12:48:53 - [TEST_STEP][PASSED] - symbol = symbol: null

2019-08-24 12:48:53 - [TEST_STEP][PASSED] - println(symbol): null

2019-08-24 12:48:53 - [TEST_STEP][PASSED] - if (i == 2 &amp;&amp; wildList.indexOf(symbol) != -1): null

2019-08-24 12:48:53 - [TEST_STEP][PASSED] - if (i == 3 &amp;&amp; wildList.indexOf(symbol) != -1): null

2019-08-24 12:48:53 - [TEST_STEP][PASSED] - if (i == 4 &amp;&amp; wildList.indexOf(symbol) != -1): null

2019-08-24 12:48:53 - [TEST_STEP][PASSED] - symbols = symbols: null

2019-08-24 12:48:53 - [TEST_STEP][PASSED] - for ([j = 0, j &lt; symbols.size(), (j++)]): null

2019-08-24 12:48:53 - [TEST_STEP][PASSED] - symbol = symbol: null

2019-08-24 12:48:53 - [TEST_STEP][PASSED] - println(symbol): null

2019-08-24 12:48:53 - [TEST_STEP][PASSED] - if (i == 2 &amp;&amp; wildList.indexOf(symbol) != -1): null

2019-08-24 12:48:53 - [TEST_STEP][PASSED] - if (i == 3 &amp;&amp; wildList.indexOf(symbol) != -1): null

2019-08-24 12:48:53 - [TEST_STEP][PASSED] - if (i == 4 &amp;&amp; wildList.indexOf(symbol) != -1): null

2019-08-24 12:48:53 - [TEST_STEP][PASSED] - symbol = symbol: null

2019-08-24 12:48:53 - [TEST_STEP][PASSED] - println(symbol): null

2019-08-24 12:48:53 - [TEST_STEP][PASSED] - if (i == 2 &amp;&amp; wildList.indexOf(symbol) != -1): null

2019-08-24 12:48:53 - [TEST_STEP][PASSED] - if (i == 3 &amp;&amp; wildList.indexOf(symbol) != -1): null

2019-08-24 12:48:53 - [TEST_STEP][PASSED] - if (i == 4 &amp;&amp; wildList.indexOf(symbol) != -1): null

2019-08-24 12:48:53 - [TEST_STEP][PASSED] - symbol = symbol: null

2019-08-24 12:48:53 - [TEST_STEP][PASSED] - println(symbol): null

2019-08-24 12:48:53 - [TEST_STEP][PASSED] - if (i == 2 &amp;&amp; wildList.indexOf(symbol) != -1): null

2019-08-24 12:48:53 - [TEST_STEP][PASSED] - if (i == 3 &amp;&amp; wildList.indexOf(symbol) != -1): null

2019-08-24 12:48:53 - [TEST_STEP][PASSED] - if (i == 4 &amp;&amp; wildList.indexOf(symbol) != -1): null

2019-08-24 12:48:53 - [TEST_STEP][PASSED] - free_spin_reel_counter = free_spin_reel_counter: null

2019-08-24 12:48:53 - [TEST_STEP][PASSED] - println("reel 3 wild found: " + free_spin_reel_counter[0]): null

2019-08-24 12:48:53 - [TEST_STEP][PASSED] - println("reel 4 wild found: " + free_spin_reel_counter[1]): null

2019-08-24 12:48:53 - [TEST_STEP][PASSED] - println("reel 5 wild found: " + free_spin_reel_counter[2]): null

2019-08-24 12:48:53 - [TEST_STEP][PASSED] - M4_spin_reels = M4_spin_reels: null

2019-08-24 12:48:53 - [TEST_STEP][PASSED] - M4_spin_reels_symbols = symbol: null

2019-08-24 12:48:53 - [TEST_STEP][PASSED] - M4_spin_reels_symbols = M4_spin_reels_symbols: null

2019-08-24 12:48:56 - [TEST_STEP][PASSED] - M4_spin_reel_wins = reel_wins: null

2019-08-24 12:48:56 - [TEST_STEP][PASSED] - M4_spin_reel_wins = M4_spin_reel_wins: null

2019-08-24 12:48:56 - [TEST_STEP][PASSED] - println("GlobalVariable.M4_spin_reel_wins is: " + M4_spin_reel_wins): null

2019-08-24 12:48:56 - [TEST_STEP][PASSED] - M4_spin_total_bonus_win_this_round = total_bonus_win_this_round: null

2019-08-24 12:48:56 - [TEST_STEP][PASSED] - M4_spin_total_bonus_win_this_round = M4_spin_total_bonus_win_this_round: null

2019-08-24 12:48:56 - [TEST_STEP][PASSED] - println("GlobalVariable.M4_spin_total_bonus_win_this_round is: " + M4_spin_total_bonus_win_this_round): null

2019-08-24 12:48:56 - [TEST_STEP][PASSED] - M4_spin_bonus_spin_result = spin_result: null

2019-08-24 12:48:56 - [TEST_STEP][PASSED] - M4_spin_bonus_spin_result = M4_spin_bonus_spin_result: null

2019-08-24 12:48:56 - [MESSAGE][PASSED] - Verify response successfully

2019-08-24 12:48:56 - [MESSAGE][PASSED] - Send request and verify the response successfully

2019-08-24 12:48:56 - [TEST_STEP][PASSED] - if (M4_total_bonus_spins_int != 0 &amp;&amp; M4_spin_reels_symbols[2].contains("WILD_Double") || M4_spin_reels_symbols[4].contains("WILD_Triple")): null

2019-08-24 12:48:56 - [TEST_STEP][PASSED] - free_spin_reel_counter = free_spin_reel_counter: null

2019-08-24 12:48:56 - [TEST_STEP][PASSED] - M4_spin_reels_symbols = M4_spin_reels_symbols: null

2019-08-24 12:48:56 - [TEST_STEP][PASSED] - M4_total_bonus_spins = M4_total_bonus_spins: null

2019-08-24 12:48:56 - [TEST_STEP][PASSED] - spin_result = sendRequestAndVerify(findTestObject("INT/RGS(M4)/1_M4_spin", ["M4_login_user_id":M4_login_user_id, "rgs_session_token":rgs_session_token, "partner":Partner])): Send request and verify the response successfully

2019-08-24 12:48:57 - [MESSAGE][INFO] - HAR: /Users/eiralee/Katalon_Script/SuperWild/Reports/20190824_124242/INT/superWild_4/20190824_124242/requests/main/114.har

2019-08-24 12:48:57 - [TEST_CASE][PASSED] - Start Test Case : Verification: Verification accomplished successfully

2019-08-24 12:48:57 - [TEST_STEP][PASSED] - request = getInstance().getCurrentRequest(): null

2019-08-24 12:48:57 - [TEST_STEP][PASSED] - response = getInstance().getCurrentResponse(): null

2019-08-24 12:48:57 - [TEST_STEP][PASSED] - verifyResponseStatusCode(response, 200): Verify response status code successfully

2019-08-24 12:48:57 - [MESSAGE][PASSED] - Verify response status code successfully

2019-08-24 12:48:57 - [TEST_STEP][PASSED] - getStatusCode()).isEqualTo(200): null

2019-08-24 12:48:57 - [TEST_STEP][PASSED] - newline = System.getProperty("line.separator"): null

2019-08-24 12:48:57 - [TEST_STEP][PASSED] - M4_spin = new groovy.json.JsonSlurper(): null

2019-08-24 12:48:57 - [TEST_STEP][PASSED] - result_M4_spin = M4_spin.parseText(response.getResponseBodyContent()): null

2019-08-24 12:48:57 - [TEST_STEP][PASSED] - M4_spin_current_balance = current_balance: null

2019-08-24 12:48:57 - [TEST_STEP][PASSED] - M4_spin_current_balance = M4_spin_current_balance: null

2019-08-24 12:48:57 - [TEST_STEP][PASSED] - M4_spin_transaction_id = causality: null

2019-08-24 12:48:57 - [TEST_STEP][PASSED] - M4_spin_transaction_id = M4_spin_transaction_id: null

2019-08-24 12:48:57 - [TEST_STEP][PASSED] - M4_spin_round_id = round_id: null

2019-08-24 12:48:57 - [TEST_STEP][PASSED] - M4_spin_round_id = M4_spin_round_id: null

2019-08-24 12:48:57 - [TEST_STEP][PASSED] - M4_spin_line_wins = line_wins: null

2019-08-24 12:48:57 - [TEST_STEP][PASSED] - M4_spin_line_wins = M4_spin_line_wins: null

2019-08-24 12:48:57 - [TEST_STEP][PASSED] - M4_total_bonus_spins_int = total_bonus_spins: null

2019-08-24 12:48:57 - [TEST_STEP][PASSED] - println("******M4_total_bonus_spins type is:*******" + newline + getClass().getName()): null

2019-08-24 12:48:57 - [TEST_STEP][PASSED] - M4_total_bonus_spins_int = M4_total_bonus_spins_int: null

2019-08-24 12:48:57 - [TEST_STEP][PASSED] - M4_total_bonus_spins = Integer.toString(M4_total_bonus_spins_int): null

2019-08-24 12:48:57 - [TEST_STEP][PASSED] - M4_total_bonus_spins = M4_total_bonus_spins: null

2019-08-24 12:48:57 - [TEST_STEP][PASSED] - println("M4_total_bonus_spins is:" + M4_total_bonus_spins): null

2019-08-24 12:48:57 - [TEST_STEP][PASSED] - M4_spin_bonus_data = bonus_data: null

2019-08-24 12:48:57 - [TEST_STEP][PASSED] - M4_spin_features_triggered = result_M4_spin: null

2019-08-24 12:48:57 - [TEST_STEP][PASSED] - wild = []: null

2019-08-24 12:48:57 - [TEST_STEP][PASSED] - wild[0] = "WILD_Expanding": null

2019-08-24 12:48:57 - [TEST_STEP][PASSED] - wild[1] = "WILD_Normal": null

2019-08-24 12:48:57 - [TEST_STEP][PASSED] - wild[2] = "WILD_Double": null

2019-08-24 12:48:57 - [TEST_STEP][PASSED] - wild[3] = "WILD_ExtraFG": null

2019-08-24 12:48:57 - [TEST_STEP][PASSED] - wild[4] = "WILD_Triple": null

2019-08-24 12:48:57 - [TEST_STEP][PASSED] - wildList = Arrays.asList(wild): null

2019-08-24 12:48:57 - [TEST_STEP][PASSED] - wildList = wildList: null

2019-08-24 12:48:57 - [TEST_STEP][PASSED] - free_spin_reel_counter = []: null

2019-08-24 12:48:57 - [TEST_STEP][PASSED] - free_spin_reel_counter[0] = 0: null

2019-08-24 12:48:57 - [TEST_STEP][PASSED] - free_spin_reel_counter[1] = 0: null

2019-08-24 12:48:57 - [TEST_STEP][PASSED] - free_spin_reel_counter[2] = 0: null

2019-08-24 12:48:57 - [TEST_STEP][PASSED] - M4_spin_reels = reels: null

2019-08-24 12:48:57 - [TEST_STEP][PASSED] - for ([i = 0, i &lt; M4_spin_reels.size(), (i++)]): null

2019-08-24 12:48:57 - [TEST_STEP][PASSED] - symbols = symbols: null

2019-08-24 12:48:57 - [TEST_STEP][PASSED] - for ([j = 0, j &lt; symbols.size(), (j++)]): null

2019-08-24 12:48:57 - [TEST_STEP][PASSED] - symbol = symbol: null

2019-08-24 12:48:57 - [TEST_STEP][PASSED] - println(symbol): null

2019-08-24 12:48:57 - [TEST_STEP][PASSED] - if (i == 2 &amp;&amp; wildList.indexOf(symbol) != -1): null

2019-08-24 12:48:57 - [TEST_STEP][PASSED] - if (i == 3 &amp;&amp; wildList.indexOf(symbol) != -1): null

2019-08-24 12:48:57 - [TEST_STEP][PASSED] - if (i == 4 &amp;&amp; wildList.indexOf(symbol) != -1): null

2019-08-24 12:48:57 - [TEST_STEP][PASSED] - symbol = symbol: null

2019-08-24 12:48:57 - [TEST_STEP][PASSED] - println(symbol): null

2019-08-24 12:48:57 - [TEST_STEP][PASSED] - if (i == 2 &amp;&amp; wildList.indexOf(symbol) != -1): null

2019-08-24 12:48:57 - [TEST_STEP][PASSED] - if (i == 3 &amp;&amp; wildList.indexOf(symbol) != -1): null

2019-08-24 12:48:57 - [TEST_STEP][PASSED] - if (i == 4 &amp;&amp; wildList.indexOf(symbol) != -1): null

2019-08-24 12:48:57 - [TEST_STEP][PASSED] - symbol = symbol: null

2019-08-24 12:48:57 - [TEST_STEP][PASSED] - println(symbol): null

2019-08-24 12:48:57 - [TEST_STEP][PASSED] - if (i == 2 &amp;&amp; wildList.indexOf(symbol) != -1): null

2019-08-24 12:48:57 - [TEST_STEP][PASSED] - if (i == 3 &amp;&amp; wildList.indexOf(symbol) != -1): null

2019-08-24 12:48:57 - [TEST_STEP][PASSED] - if (i == 4 &amp;&amp; wildList.indexOf(symbol) != -1): null

2019-08-24 12:48:57 - [TEST_STEP][PASSED] - symbols = symbols: null

2019-08-24 12:48:57 - [TEST_STEP][PASSED] - for ([j = 0, j &lt; symbols.size(), (j++)]): null

2019-08-24 12:48:57 - [TEST_STEP][PASSED] - symbol = symbol: null

2019-08-24 12:48:57 - [TEST_STEP][PASSED] - println(symbol): null

2019-08-24 12:48:57 - [TEST_STEP][PASSED] - if (i == 2 &amp;&amp; wildList.indexOf(symbol) != -1): null

2019-08-24 12:48:57 - [TEST_STEP][PASSED] - if (i == 3 &amp;&amp; wildList.indexOf(symbol) != -1): null

2019-08-24 12:48:57 - [TEST_STEP][PASSED] - if (i == 4 &amp;&amp; wildList.indexOf(symbol) != -1): null

2019-08-24 12:48:57 - [TEST_STEP][PASSED] - symbol = symbol: null

2019-08-24 12:48:57 - [TEST_STEP][PASSED] - println(symbol): null

2019-08-24 12:48:57 - [TEST_STEP][PASSED] - if (i == 2 &amp;&amp; wildList.indexOf(symbol) != -1): null

2019-08-24 12:48:57 - [TEST_STEP][PASSED] - if (i == 3 &amp;&amp; wildList.indexOf(symbol) != -1): null

2019-08-24 12:48:57 - [TEST_STEP][PASSED] - if (i == 4 &amp;&amp; wildList.indexOf(symbol) != -1): null

2019-08-24 12:48:57 - [TEST_STEP][PASSED] - symbol = symbol: null

2019-08-24 12:48:57 - [TEST_STEP][PASSED] - println(symbol): null

2019-08-24 12:48:57 - [TEST_STEP][PASSED] - if (i == 2 &amp;&amp; wildList.indexOf(symbol) != -1): null

2019-08-24 12:48:57 - [TEST_STEP][PASSED] - if (i == 3 &amp;&amp; wildList.indexOf(symbol) != -1): null

2019-08-24 12:48:57 - [TEST_STEP][PASSED] - if (i == 4 &amp;&amp; wildList.indexOf(symbol) != -1): null

2019-08-24 12:48:57 - [TEST_STEP][PASSED] - symbols = symbols: null

2019-08-24 12:48:57 - [TEST_STEP][PASSED] - for ([j = 0, j &lt; symbols.size(), (j++)]): null

2019-08-24 12:48:57 - [TEST_STEP][PASSED] - symbol = symbol: null

2019-08-24 12:48:57 - [TEST_STEP][PASSED] - println(symbol): null

2019-08-24 12:48:57 - [TEST_STEP][PASSED] - if (i == 2 &amp;&amp; wildList.indexOf(symbol) != -1): null

2019-08-24 12:48:57 - [TEST_STEP][PASSED] - if (i == 3 &amp;&amp; wildList.indexOf(symbol) != -1): null

2019-08-24 12:48:57 - [TEST_STEP][PASSED] - if (i == 4 &amp;&amp; wildList.indexOf(symbol) != -1): null

2019-08-24 12:48:57 - [TEST_STEP][PASSED] - symbol = symbol: null

2019-08-24 12:48:57 - [TEST_STEP][PASSED] - println(symbol): null

2019-08-24 12:48:57 - [TEST_STEP][PASSED] - if (i == 2 &amp;&amp; wildList.indexOf(symbol) != -1): null

2019-08-24 12:48:57 - [TEST_STEP][PASSED] - println("wild found on reel 3, adding counter by 1"): null

2019-08-24 12:48:57 - [TEST_STEP][PASSED] - free_spin_reel_counter[0] = free_spin_reel_counter[0] + 1: null

2019-08-24 12:48:57 - [TEST_STEP][PASSED] - if (i == 3 &amp;&amp; wildList.indexOf(symbol) != -1): null

2019-08-24 12:48:57 - [TEST_STEP][PASSED] - if (i == 4 &amp;&amp; wildList.indexOf(symbol) != -1): null

2019-08-24 12:48:57 - [TEST_STEP][PASSED] - symbol = symbol: null

2019-08-24 12:48:57 - [TEST_STEP][PASSED] - println(symbol): null

2019-08-24 12:48:57 - [TEST_STEP][PASSED] - if (i == 2 &amp;&amp; wildList.indexOf(symbol) != -1): null

2019-08-24 12:48:57 - [TEST_STEP][PASSED] - if (i == 3 &amp;&amp; wildList.indexOf(symbol) != -1): null

2019-08-24 12:48:57 - [TEST_STEP][PASSED] - if (i == 4 &amp;&amp; wildList.indexOf(symbol) != -1): null

2019-08-24 12:48:57 - [TEST_STEP][PASSED] - symbols = symbols: null

2019-08-24 12:48:57 - [TEST_STEP][PASSED] - for ([j = 0, j &lt; symbols.size(), (j++)]): null

2019-08-24 12:48:57 - [TEST_STEP][PASSED] - symbol = symbol: null

2019-08-24 12:48:57 - [TEST_STEP][PASSED] - println(symbol): null

2019-08-24 12:48:57 - [TEST_STEP][PASSED] - if (i == 2 &amp;&amp; wildList.indexOf(symbol) != -1): null

2019-08-24 12:48:57 - [TEST_STEP][PASSED] - if (i == 3 &amp;&amp; wildList.indexOf(symbol) != -1): null

2019-08-24 12:48:57 - [TEST_STEP][PASSED] - if (i == 4 &amp;&amp; wildList.indexOf(symbol) != -1): null

2019-08-24 12:48:57 - [TEST_STEP][PASSED] - symbol = symbol: null

2019-08-24 12:48:57 - [TEST_STEP][PASSED] - println(symbol): null

2019-08-24 12:48:57 - [TEST_STEP][PASSED] - if (i == 2 &amp;&amp; wildList.indexOf(symbol) != -1): null

2019-08-24 12:48:57 - [TEST_STEP][PASSED] - if (i == 3 &amp;&amp; wildList.indexOf(symbol) != -1): null

2019-08-24 12:48:57 - [TEST_STEP][PASSED] - if (i == 4 &amp;&amp; wildList.indexOf(symbol) != -1): null

2019-08-24 12:48:57 - [TEST_STEP][PASSED] - symbol = symbol: null

2019-08-24 12:48:57 - [TEST_STEP][PASSED] - println(symbol): null

2019-08-24 12:48:57 - [TEST_STEP][PASSED] - if (i == 2 &amp;&amp; wildList.indexOf(symbol) != -1): null

2019-08-24 12:48:57 - [TEST_STEP][PASSED] - if (i == 3 &amp;&amp; wildList.indexOf(symbol) != -1): null

2019-08-24 12:48:57 - [TEST_STEP][PASSED] - if (i == 4 &amp;&amp; wildList.indexOf(symbol) != -1): null

2019-08-24 12:48:57 - [TEST_STEP][PASSED] - symbols = symbols: null

2019-08-24 12:48:57 - [TEST_STEP][PASSED] - for ([j = 0, j &lt; symbols.size(), (j++)]): null

2019-08-24 12:48:57 - [TEST_STEP][PASSED] - symbol = symbol: null

2019-08-24 12:48:57 - [TEST_STEP][PASSED] - println(symbol): null

2019-08-24 12:48:57 - [TEST_STEP][PASSED] - if (i == 2 &amp;&amp; wildList.indexOf(symbol) != -1): null

2019-08-24 12:48:57 - [TEST_STEP][PASSED] - if (i == 3 &amp;&amp; wildList.indexOf(symbol) != -1): null

2019-08-24 12:48:57 - [TEST_STEP][PASSED] - if (i == 4 &amp;&amp; wildList.indexOf(symbol) != -1): null

2019-08-24 12:48:57 - [TEST_STEP][PASSED] - symbol = symbol: null

2019-08-24 12:48:57 - [TEST_STEP][PASSED] - println(symbol): null

2019-08-24 12:48:57 - [TEST_STEP][PASSED] - if (i == 2 &amp;&amp; wildList.indexOf(symbol) != -1): null

2019-08-24 12:48:57 - [TEST_STEP][PASSED] - if (i == 3 &amp;&amp; wildList.indexOf(symbol) != -1): null

2019-08-24 12:48:57 - [TEST_STEP][PASSED] - if (i == 4 &amp;&amp; wildList.indexOf(symbol) != -1): null

2019-08-24 12:48:57 - [TEST_STEP][PASSED] - symbol = symbol: null

2019-08-24 12:48:57 - [TEST_STEP][PASSED] - println(symbol): null

2019-08-24 12:48:57 - [TEST_STEP][PASSED] - if (i == 2 &amp;&amp; wildList.indexOf(symbol) != -1): null

2019-08-24 12:48:57 - [TEST_STEP][PASSED] - if (i == 3 &amp;&amp; wildList.indexOf(symbol) != -1): null

2019-08-24 12:48:57 - [TEST_STEP][PASSED] - if (i == 4 &amp;&amp; wildList.indexOf(symbol) != -1): null

2019-08-24 12:48:57 - [TEST_STEP][PASSED] - free_spin_reel_counter = free_spin_reel_counter: null

2019-08-24 12:48:57 - [TEST_STEP][PASSED] - println("reel 3 wild found: " + free_spin_reel_counter[0]): null

2019-08-24 12:48:57 - [TEST_STEP][PASSED] - println("reel 4 wild found: " + free_spin_reel_counter[1]): null

2019-08-24 12:48:57 - [TEST_STEP][PASSED] - println("reel 5 wild found: " + free_spin_reel_counter[2]): null

2019-08-24 12:48:57 - [TEST_STEP][PASSED] - M4_spin_reels = M4_spin_reels: null

2019-08-24 12:48:57 - [TEST_STEP][PASSED] - M4_spin_reels_symbols = symbol: null

2019-08-24 12:48:57 - [TEST_STEP][PASSED] - M4_spin_reels_symbols = M4_spin_reels_symbols: null

2019-08-24 12:48:57 - [TEST_STEP][PASSED] - M4_spin_reel_wins = reel_wins: null

2019-08-24 12:48:57 - [TEST_STEP][PASSED] - M4_spin_reel_wins = M4_spin_reel_wins: null

2019-08-24 12:48:57 - [TEST_STEP][PASSED] - println("GlobalVariable.M4_spin_reel_wins is: " + M4_spin_reel_wins): null

2019-08-24 12:48:57 - [TEST_STEP][PASSED] - M4_spin_total_bonus_win_this_round = total_bonus_win_this_round: null

2019-08-24 12:48:57 - [TEST_STEP][PASSED] - M4_spin_total_bonus_win_this_round = M4_spin_total_bonus_win_this_round: null

2019-08-24 12:48:57 - [TEST_STEP][PASSED] - println("GlobalVariable.M4_spin_total_bonus_win_this_round is: " + M4_spin_total_bonus_win_this_round): null

2019-08-24 12:48:57 - [TEST_STEP][PASSED] - M4_spin_bonus_spin_result = spin_result: null

2019-08-24 12:48:57 - [TEST_STEP][PASSED] - M4_spin_bonus_spin_result = M4_spin_bonus_spin_result: null

2019-08-24 12:48:57 - [MESSAGE][PASSED] - Verify response successfully

2019-08-24 12:48:57 - [MESSAGE][PASSED] - Send request and verify the response successfully

2019-08-24 12:48:57 - [TEST_STEP][PASSED] - if (M4_total_bonus_spins_int != 0 &amp;&amp; M4_spin_reels_symbols[2].contains("WILD_Double") || M4_spin_reels_symbols[4].contains("WILD_Triple")): null

2019-08-24 12:48:57 - [TEST_STEP][PASSED] - free_spin_reel_counter = free_spin_reel_counter: null

2019-08-24 12:48:57 - [TEST_STEP][PASSED] - M4_spin_reels_symbols = M4_spin_reels_symbols: null

2019-08-24 12:48:57 - [TEST_STEP][PASSED] - M4_total_bonus_spins = M4_total_bonus_spins: null

2019-08-24 12:48:57 - [TEST_STEP][PASSED] - spin_result = sendRequestAndVerify(findTestObject("INT/RGS(M4)/1_M4_spin", ["M4_login_user_id":M4_login_user_id, "rgs_session_token":rgs_session_token, "partner":Partner])): Send request and verify the response successfully

2019-08-24 12:48:57 - [MESSAGE][INFO] - HAR: /Users/eiralee/Katalon_Script/SuperWild/Reports/20190824_124242/INT/superWild_4/20190824_124242/requests/main/115.har

2019-08-24 12:48:57 - [TEST_CASE][PASSED] - Start Test Case : Verification: Verification accomplished successfully

2019-08-24 12:48:57 - [TEST_STEP][PASSED] - request = getInstance().getCurrentRequest(): null

2019-08-24 12:48:58 - [TEST_STEP][PASSED] - response = getInstance().getCurrentResponse(): null

2019-08-24 12:48:58 - [TEST_STEP][PASSED] - verifyResponseStatusCode(response, 200): Verify response status code successfully

2019-08-24 12:48:58 - [MESSAGE][PASSED] - Verify response status code successfully

2019-08-24 12:48:58 - [TEST_STEP][PASSED] - getStatusCode()).isEqualTo(200): null

2019-08-24 12:48:58 - [TEST_STEP][PASSED] - newline = System.getProperty("line.separator"): null

2019-08-24 12:48:58 - [TEST_STEP][PASSED] - M4_spin = new groovy.json.JsonSlurper(): null

2019-08-24 12:48:58 - [TEST_STEP][PASSED] - result_M4_spin = M4_spin.parseText(response.getResponseBodyContent()): null

2019-08-24 12:48:58 - [TEST_STEP][PASSED] - M4_spin_current_balance = current_balance: null

2019-08-24 12:48:58 - [TEST_STEP][PASSED] - M4_spin_current_balance = M4_spin_current_balance: null

2019-08-24 12:48:58 - [TEST_STEP][PASSED] - M4_spin_transaction_id = causality: null

2019-08-24 12:48:58 - [TEST_STEP][PASSED] - M4_spin_transaction_id = M4_spin_transaction_id: null

2019-08-24 12:48:58 - [TEST_STEP][PASSED] - M4_spin_round_id = round_id: null

2019-08-24 12:48:58 - [TEST_STEP][PASSED] - M4_spin_round_id = M4_spin_round_id: null

2019-08-24 12:48:58 - [TEST_STEP][PASSED] - M4_spin_line_wins = line_wins: null

2019-08-24 12:48:58 - [TEST_STEP][PASSED] - M4_spin_line_wins = M4_spin_line_wins: null

2019-08-24 12:48:58 - [TEST_STEP][PASSED] - M4_total_bonus_spins_int = total_bonus_spins: null

2019-08-24 12:48:58 - [TEST_STEP][PASSED] - println("******M4_total_bonus_spins type is:*******" + newline + getClass().getName()): null

2019-08-24 12:48:58 - [TEST_STEP][PASSED] - M4_total_bonus_spins_int = M4_total_bonus_spins_int: null

2019-08-24 12:48:58 - [TEST_STEP][PASSED] - M4_total_bonus_spins = Integer.toString(M4_total_bonus_spins_int): null

2019-08-24 12:48:58 - [TEST_STEP][PASSED] - M4_total_bonus_spins = M4_total_bonus_spins: null

2019-08-24 12:48:58 - [TEST_STEP][PASSED] - println("M4_total_bonus_spins is:" + M4_total_bonus_spins): null

2019-08-24 12:48:58 - [TEST_STEP][PASSED] - M4_spin_bonus_data = bonus_data: null

2019-08-24 12:48:58 - [TEST_STEP][PASSED] - M4_spin_features_triggered = result_M4_spin: null

2019-08-24 12:48:58 - [TEST_STEP][PASSED] - wild = []: null

2019-08-24 12:48:58 - [TEST_STEP][PASSED] - wild[0] = "WILD_Expanding": null

2019-08-24 12:48:58 - [TEST_STEP][PASSED] - wild[1] = "WILD_Normal": null

2019-08-24 12:48:58 - [TEST_STEP][PASSED] - wild[2] = "WILD_Double": null

2019-08-24 12:48:58 - [TEST_STEP][PASSED] - wild[3] = "WILD_ExtraFG": null

2019-08-24 12:48:58 - [TEST_STEP][PASSED] - wild[4] = "WILD_Triple": null

2019-08-24 12:48:58 - [TEST_STEP][PASSED] - wildList = Arrays.asList(wild): null

2019-08-24 12:48:58 - [TEST_STEP][PASSED] - wildList = wildList: null

2019-08-24 12:48:58 - [TEST_STEP][PASSED] - free_spin_reel_counter = []: null

2019-08-24 12:48:58 - [TEST_STEP][PASSED] - free_spin_reel_counter[0] = 0: null

2019-08-24 12:48:58 - [TEST_STEP][PASSED] - free_spin_reel_counter[1] = 0: null

2019-08-24 12:48:58 - [TEST_STEP][PASSED] - free_spin_reel_counter[2] = 0: null

2019-08-24 12:48:58 - [TEST_STEP][PASSED] - M4_spin_reels = reels: null

2019-08-24 12:48:58 - [TEST_STEP][PASSED] - for ([i = 0, i &lt; M4_spin_reels.size(), (i++)]): null

2019-08-24 12:48:58 - [TEST_STEP][PASSED] - symbols = symbols: null

2019-08-24 12:48:58 - [TEST_STEP][PASSED] - for ([j = 0, j &lt; symbols.size(), (j++)]): null

2019-08-24 12:48:58 - [TEST_STEP][PASSED] - symbol = symbol: null

2019-08-24 12:48:58 - [TEST_STEP][PASSED] - println(symbol): null

2019-08-24 12:48:58 - [TEST_STEP][PASSED] - if (i == 2 &amp;&amp; wildList.indexOf(symbol) != -1): null

2019-08-24 12:48:58 - [TEST_STEP][PASSED] - if (i == 3 &amp;&amp; wildList.indexOf(symbol) != -1): null

2019-08-24 12:48:58 - [TEST_STEP][PASSED] - if (i == 4 &amp;&amp; wildList.indexOf(symbol) != -1): null

2019-08-24 12:48:58 - [TEST_STEP][PASSED] - symbol = symbol: null

2019-08-24 12:48:58 - [TEST_STEP][PASSED] - println(symbol): null

2019-08-24 12:48:58 - [TEST_STEP][PASSED] - if (i == 2 &amp;&amp; wildList.indexOf(symbol) != -1): null

2019-08-24 12:48:58 - [TEST_STEP][PASSED] - if (i == 3 &amp;&amp; wildList.indexOf(symbol) != -1): null

2019-08-24 12:48:58 - [TEST_STEP][PASSED] - if (i == 4 &amp;&amp; wildList.indexOf(symbol) != -1): null

2019-08-24 12:48:58 - [TEST_STEP][PASSED] - symbol = symbol: null

2019-08-24 12:48:58 - [TEST_STEP][PASSED] - println(symbol): null

2019-08-24 12:48:58 - [TEST_STEP][PASSED] - if (i == 2 &amp;&amp; wildList.indexOf(symbol) != -1): null

2019-08-24 12:48:58 - [TEST_STEP][PASSED] - if (i == 3 &amp;&amp; wildList.indexOf(symbol) != -1): null

2019-08-24 12:48:58 - [TEST_STEP][PASSED] - if (i == 4 &amp;&amp; wildList.indexOf(symbol) != -1): null

2019-08-24 12:48:58 - [TEST_STEP][PASSED] - symbols = symbols: null

2019-08-24 12:48:58 - [TEST_STEP][PASSED] - for ([j = 0, j &lt; symbols.size(), (j++)]): null

2019-08-24 12:48:58 - [TEST_STEP][PASSED] - symbol = symbol: null

2019-08-24 12:48:58 - [TEST_STEP][PASSED] - println(symbol): null

2019-08-24 12:48:58 - [TEST_STEP][PASSED] - if (i == 2 &amp;&amp; wildList.indexOf(symbol) != -1): null

2019-08-24 12:48:58 - [TEST_STEP][PASSED] - if (i == 3 &amp;&amp; wildList.indexOf(symbol) != -1): null

2019-08-24 12:48:58 - [TEST_STEP][PASSED] - if (i == 4 &amp;&amp; wildList.indexOf(symbol) != -1): null

2019-08-24 12:48:58 - [TEST_STEP][PASSED] - symbol = symbol: null

2019-08-24 12:48:58 - [TEST_STEP][PASSED] - println(symbol): null

2019-08-24 12:48:58 - [TEST_STEP][PASSED] - if (i == 2 &amp;&amp; wildList.indexOf(symbol) != -1): null

2019-08-24 12:48:58 - [TEST_STEP][PASSED] - if (i == 3 &amp;&amp; wildList.indexOf(symbol) != -1): null

2019-08-24 12:48:58 - [TEST_STEP][PASSED] - if (i == 4 &amp;&amp; wildList.indexOf(symbol) != -1): null

2019-08-24 12:48:58 - [TEST_STEP][PASSED] - symbol = symbol: null

2019-08-24 12:48:58 - [TEST_STEP][PASSED] - println(symbol): null

2019-08-24 12:48:58 - [TEST_STEP][PASSED] - if (i == 2 &amp;&amp; wildList.indexOf(symbol) != -1): null

2019-08-24 12:48:58 - [TEST_STEP][PASSED] - if (i == 3 &amp;&amp; wildList.indexOf(symbol) != -1): null

2019-08-24 12:48:58 - [TEST_STEP][PASSED] - if (i == 4 &amp;&amp; wildList.indexOf(symbol) != -1): null

2019-08-24 12:48:58 - [TEST_STEP][PASSED] - symbols = symbols: null

2019-08-24 12:48:58 - [TEST_STEP][PASSED] - for ([j = 0, j &lt; symbols.size(), (j++)]): null

2019-08-24 12:48:58 - [TEST_STEP][PASSED] - symbol = symbol: null

2019-08-24 12:48:58 - [TEST_STEP][PASSED] - println(symbol): null

2019-08-24 12:48:58 - [TEST_STEP][PASSED] - if (i == 2 &amp;&amp; wildList.indexOf(symbol) != -1): null

2019-08-24 12:48:58 - [TEST_STEP][PASSED] - if (i == 3 &amp;&amp; wildList.indexOf(symbol) != -1): null

2019-08-24 12:48:58 - [TEST_STEP][PASSED] - if (i == 4 &amp;&amp; wildList.indexOf(symbol) != -1): null

2019-08-24 12:48:58 - [TEST_STEP][PASSED] - symbol = symbol: null

2019-08-24 12:48:58 - [TEST_STEP][PASSED] - println(symbol): null

2019-08-24 12:48:58 - [TEST_STEP][PASSED] - if (i == 2 &amp;&amp; wildList.indexOf(symbol) != -1): null

2019-08-24 12:48:58 - [TEST_STEP][PASSED] - if (i == 3 &amp;&amp; wildList.indexOf(symbol) != -1): null

2019-08-24 12:48:58 - [TEST_STEP][PASSED] - if (i == 4 &amp;&amp; wildList.indexOf(symbol) != -1): null

2019-08-24 12:48:58 - [TEST_STEP][PASSED] - symbol = symbol: null

2019-08-24 12:48:58 - [TEST_STEP][PASSED] - println(symbol): null

2019-08-24 12:48:58 - [TEST_STEP][PASSED] - if (i == 2 &amp;&amp; wildList.indexOf(symbol) != -1): null

2019-08-24 12:48:58 - [TEST_STEP][PASSED] - if (i == 3 &amp;&amp; wildList.indexOf(symbol) != -1): null

2019-08-24 12:48:58 - [TEST_STEP][PASSED] - if (i == 4 &amp;&amp; wildList.indexOf(symbol) != -1): null

2019-08-24 12:48:58 - [TEST_STEP][PASSED] - symbols = symbols: null

2019-08-24 12:48:58 - [TEST_STEP][PASSED] - for ([j = 0, j &lt; symbols.size(), (j++)]): null

2019-08-24 12:48:58 - [TEST_STEP][PASSED] - symbol = symbol: null

2019-08-24 12:48:58 - [TEST_STEP][PASSED] - println(symbol): null

2019-08-24 12:48:58 - [TEST_STEP][PASSED] - if (i == 2 &amp;&amp; wildList.indexOf(symbol) != -1): null

2019-08-24 12:48:58 - [TEST_STEP][PASSED] - if (i == 3 &amp;&amp; wildList.indexOf(symbol) != -1): null

2019-08-24 12:48:58 - [TEST_STEP][PASSED] - if (i == 4 &amp;&amp; wildList.indexOf(symbol) != -1): null

2019-08-24 12:48:58 - [TEST_STEP][PASSED] - symbol = symbol: null

2019-08-24 12:48:58 - [TEST_STEP][PASSED] - println(symbol): null

2019-08-24 12:48:58 - [TEST_STEP][PASSED] - if (i == 2 &amp;&amp; wildList.indexOf(symbol) != -1): null

2019-08-24 12:48:58 - [TEST_STEP][PASSED] - if (i == 3 &amp;&amp; wildList.indexOf(symbol) != -1): null

2019-08-24 12:48:58 - [TEST_STEP][PASSED] - if (i == 4 &amp;&amp; wildList.indexOf(symbol) != -1): null

2019-08-24 12:48:58 - [TEST_STEP][PASSED] - symbol = symbol: null

2019-08-24 12:48:58 - [TEST_STEP][PASSED] - println(symbol): null

2019-08-24 12:48:58 - [TEST_STEP][PASSED] - if (i == 2 &amp;&amp; wildList.indexOf(symbol) != -1): null

2019-08-24 12:48:58 - [TEST_STEP][PASSED] - if (i == 3 &amp;&amp; wildList.indexOf(symbol) != -1): null

2019-08-24 12:48:58 - [TEST_STEP][PASSED] - if (i == 4 &amp;&amp; wildList.indexOf(symbol) != -1): null

2019-08-24 12:48:58 - [TEST_STEP][PASSED] - symbols = symbols: null

2019-08-24 12:48:58 - [TEST_STEP][PASSED] - for ([j = 0, j &lt; symbols.size(), (j++)]): null

2019-08-24 12:48:58 - [TEST_STEP][PASSED] - symbol = symbol: null

2019-08-24 12:48:58 - [TEST_STEP][PASSED] - println(symbol): null

2019-08-24 12:48:58 - [TEST_STEP][PASSED] - if (i == 2 &amp;&amp; wildList.indexOf(symbol) != -1): null

2019-08-24 12:48:58 - [TEST_STEP][PASSED] - if (i == 3 &amp;&amp; wildList.indexOf(symbol) != -1): null

2019-08-24 12:48:58 - [TEST_STEP][PASSED] - if (i == 4 &amp;&amp; wildList.indexOf(symbol) != -1): null

2019-08-24 12:48:58 - [TEST_STEP][PASSED] - symbol = symbol: null

2019-08-24 12:48:58 - [TEST_STEP][PASSED] - println(symbol): null

2019-08-24 12:48:58 - [TEST_STEP][PASSED] - if (i == 2 &amp;&amp; wildList.indexOf(symbol) != -1): null

2019-08-24 12:48:58 - [TEST_STEP][PASSED] - if (i == 3 &amp;&amp; wildList.indexOf(symbol) != -1): null

2019-08-24 12:48:58 - [TEST_STEP][PASSED] - if (i == 4 &amp;&amp; wildList.indexOf(symbol) != -1): null

2019-08-24 12:48:58 - [TEST_STEP][PASSED] - symbol = symbol: null

2019-08-24 12:48:58 - [TEST_STEP][PASSED] - println(symbol): null

2019-08-24 12:48:58 - [TEST_STEP][PASSED] - if (i == 2 &amp;&amp; wildList.indexOf(symbol) != -1): null

2019-08-24 12:48:58 - [TEST_STEP][PASSED] - if (i == 3 &amp;&amp; wildList.indexOf(symbol) != -1): null

2019-08-24 12:48:58 - [TEST_STEP][PASSED] - if (i == 4 &amp;&amp; wildList.indexOf(symbol) != -1): null

2019-08-24 12:48:58 - [TEST_STEP][PASSED] - free_spin_reel_counter = free_spin_reel_counter: null

2019-08-24 12:48:58 - [TEST_STEP][PASSED] - println("reel 3 wild found: " + free_spin_reel_counter[0]): null

2019-08-24 12:48:58 - [TEST_STEP][PASSED] - println("reel 4 wild found: " + free_spin_reel_counter[1]): null

2019-08-24 12:48:58 - [TEST_STEP][PASSED] - println("reel 5 wild found: " + free_spin_reel_counter[2]): null

2019-08-24 12:48:58 - [TEST_STEP][PASSED] - M4_spin_reels = M4_spin_reels: null

2019-08-24 12:48:58 - [TEST_STEP][PASSED] - M4_spin_reels_symbols = symbol: null

2019-08-24 12:48:58 - [TEST_STEP][PASSED] - M4_spin_reels_symbols = M4_spin_reels_symbols: null

2019-08-24 12:48:58 - [TEST_STEP][PASSED] - M4_spin_reel_wins = reel_wins: null

2019-08-24 12:48:58 - [TEST_STEP][PASSED] - M4_spin_reel_wins = M4_spin_reel_wins: null

2019-08-24 12:48:58 - [TEST_STEP][PASSED] - println("GlobalVariable.M4_spin_reel_wins is: " + M4_spin_reel_wins): null

2019-08-24 12:48:58 - [TEST_STEP][PASSED] - M4_spin_total_bonus_win_this_round = total_bonus_win_this_round: null

2019-08-24 12:48:58 - [TEST_STEP][PASSED] - M4_spin_total_bonus_win_this_round = M4_spin_total_bonus_win_this_round: null

2019-08-24 12:48:58 - [TEST_STEP][PASSED] - println("GlobalVariable.M4_spin_total_bonus_win_this_round is: " + M4_spin_total_bonus_win_this_round): null

2019-08-24 12:48:58 - [TEST_STEP][PASSED] - M4_spin_bonus_spin_result = spin_result: null

2019-08-24 12:48:58 - [TEST_STEP][PASSED] - M4_spin_bonus_spin_result = M4_spin_bonus_spin_result: null

2019-08-24 12:48:58 - [MESSAGE][PASSED] - Verify response successfully

2019-08-24 12:48:58 - [MESSAGE][PASSED] - Send request and verify the response successfully

2019-08-24 12:48:58 - [TEST_STEP][PASSED] - if (M4_total_bonus_spins_int != 0 &amp;&amp; M4_spin_reels_symbols[2].contains("WILD_Double") || M4_spin_reels_symbols[4].contains("WILD_Triple")): null

2019-08-24 12:48:58 - [TEST_STEP][PASSED] - free_spin_reel_counter = free_spin_reel_counter: null

2019-08-24 12:48:58 - [TEST_STEP][PASSED] - M4_spin_reels_symbols = M4_spin_reels_symbols: null

2019-08-24 12:48:58 - [TEST_STEP][PASSED] - M4_total_bonus_spins = M4_total_bonus_spins: null

2019-08-24 12:48:58 - [TEST_STEP][PASSED] - spin_result = sendRequestAndVerify(findTestObject("INT/RGS(M4)/1_M4_spin", ["M4_login_user_id":M4_login_user_id, "rgs_session_token":rgs_session_token, "partner":Partner])): Send request and verify the response successfully

2019-08-24 12:48:58 - [MESSAGE][INFO] - HAR: /Users/eiralee/Katalon_Script/SuperWild/Reports/20190824_124242/INT/superWild_4/20190824_124242/requests/main/116.har

2019-08-24 12:48:58 - [TEST_CASE][PASSED] - Start Test Case : Verification: Verification accomplished successfully

2019-08-24 12:48:58 - [TEST_STEP][PASSED] - request = getInstance().getCurrentRequest(): null

2019-08-24 12:48:58 - [TEST_STEP][PASSED] - response = getInstance().getCurrentResponse(): null

2019-08-24 12:48:58 - [TEST_STEP][PASSED] - verifyResponseStatusCode(response, 200): Verify response status code successfully

2019-08-24 12:48:58 - [MESSAGE][PASSED] - Verify response status code successfully

2019-08-24 12:48:58 - [TEST_STEP][PASSED] - getStatusCode()).isEqualTo(200): null

2019-08-24 12:48:58 - [TEST_STEP][PASSED] - newline = System.getProperty("line.separator"): null

2019-08-24 12:48:58 - [TEST_STEP][PASSED] - M4_spin = new groovy.json.JsonSlurper(): null

2019-08-24 12:48:58 - [TEST_STEP][PASSED] - result_M4_spin = M4_spin.parseText(response.getResponseBodyContent()): null

2019-08-24 12:48:58 - [TEST_STEP][PASSED] - M4_spin_current_balance = current_balance: null

2019-08-24 12:48:58 - [TEST_STEP][PASSED] - M4_spin_current_balance = M4_spin_current_balance: null

2019-08-24 12:48:58 - [TEST_STEP][PASSED] - M4_spin_transaction_id = causality: null

2019-08-24 12:48:58 - [TEST_STEP][PASSED] - M4_spin_transaction_id = M4_spin_transaction_id: null

2019-08-24 12:49:02 - [TEST_STEP][PASSED] - M4_spin_round_id = round_id: null

2019-08-24 12:49:02 - [TEST_STEP][PASSED] - M4_spin_round_id = M4_spin_round_id: null

2019-08-24 12:49:02 - [TEST_STEP][PASSED] - M4_spin_line_wins = line_wins: null

2019-08-24 12:49:02 - [TEST_STEP][PASSED] - M4_spin_line_wins = M4_spin_line_wins: null

2019-08-24 12:49:02 - [TEST_STEP][PASSED] - M4_total_bonus_spins_int = total_bonus_spins: null

2019-08-24 12:49:02 - [TEST_STEP][PASSED] - println("******M4_total_bonus_spins type is:*******" + newline + getClass().getName()): null

2019-08-24 12:49:02 - [TEST_STEP][PASSED] - M4_total_bonus_spins_int = M4_total_bonus_spins_int: null

2019-08-24 12:49:02 - [TEST_STEP][PASSED] - M4_total_bonus_spins = Integer.toString(M4_total_bonus_spins_int): null

2019-08-24 12:49:02 - [TEST_STEP][PASSED] - M4_total_bonus_spins = M4_total_bonus_spins: null

2019-08-24 12:49:07 - [TEST_STEP][PASSED] - println("M4_total_bonus_spins is:" + M4_total_bonus_spins): null

2019-08-24 12:49:07 - [TEST_STEP][PASSED] - M4_spin_bonus_data = bonus_data: null

2019-08-24 12:49:07 - [TEST_STEP][PASSED] - M4_spin_features_triggered = result_M4_spin: null

2019-08-24 12:49:07 - [TEST_STEP][PASSED] - wild = []: null

2019-08-24 12:49:07 - [TEST_STEP][PASSED] - wild[0] = "WILD_Expanding": null

2019-08-24 12:49:07 - [TEST_STEP][PASSED] - wild[1] = "WILD_Normal": null

2019-08-24 12:49:12 - [TEST_STEP][PASSED] - wild[2] = "WILD_Double": null

2019-08-24 12:49:12 - [TEST_STEP][PASSED] - wild[3] = "WILD_ExtraFG": null

2019-08-24 12:49:12 - [TEST_STEP][PASSED] - wild[4] = "WILD_Triple": null

2019-08-24 12:49:12 - [TEST_STEP][PASSED] - wildList = Arrays.asList(wild): null

2019-08-24 12:49:12 - [TEST_STEP][PASSED] - wildList = wildList: null

2019-08-24 12:49:12 - [TEST_STEP][PASSED] - free_spin_reel_counter = []: null

2019-08-24 12:49:12 - [TEST_STEP][PASSED] - free_spin_reel_counter[0] = 0: null

2019-08-24 12:49:12 - [TEST_STEP][PASSED] - free_spin_reel_counter[1] = 0: null

2019-08-24 12:49:12 - [TEST_STEP][PASSED] - free_spin_reel_counter[2] = 0: null

2019-08-24 12:49:12 - [TEST_STEP][PASSED] - M4_spin_reels = reels: null

2019-08-24 12:49:12 - [TEST_STEP][PASSED] - for ([i = 0, i &lt; M4_spin_reels.size(), (i++)]): null

2019-08-24 12:49:12 - [TEST_STEP][PASSED] - symbols = symbols: null

2019-08-24 12:49:12 - [TEST_STEP][PASSED] - for ([j = 0, j &lt; symbols.size(), (j++)]): null

2019-08-24 12:49:12 - [TEST_STEP][PASSED] - symbol = symbol: null

2019-08-24 12:49:12 - [TEST_STEP][PASSED] - println(symbol): null

2019-08-24 12:49:12 - [TEST_STEP][PASSED] - if (i == 2 &amp;&amp; wildList.indexOf(symbol) != -1): null

2019-08-24 12:49:12 - [TEST_STEP][PASSED] - if (i == 3 &amp;&amp; wildList.indexOf(symbol) != -1): null

2019-08-24 12:49:12 - [TEST_STEP][PASSED] - if (i == 4 &amp;&amp; wildList.indexOf(symbol) != -1): null

2019-08-24 12:49:12 - [TEST_STEP][PASSED] - symbol = symbol: null

2019-08-24 12:49:12 - [TEST_STEP][PASSED] - println(symbol): null

2019-08-24 12:49:12 - [TEST_STEP][PASSED] - if (i == 2 &amp;&amp; wildList.indexOf(symbol) != -1): null

2019-08-24 12:49:12 - [TEST_STEP][PASSED] - if (i == 3 &amp;&amp; wildList.indexOf(symbol) != -1): null

2019-08-24 12:49:12 - [TEST_STEP][PASSED] - if (i == 4 &amp;&amp; wildList.indexOf(symbol) != -1): null

2019-08-24 12:49:12 - [TEST_STEP][PASSED] - symbol = symbol: null

2019-08-24 12:49:12 - [TEST_STEP][PASSED] - println(symbol): null

2019-08-24 12:49:12 - [TEST_STEP][PASSED] - if (i == 2 &amp;&amp; wildList.indexOf(symbol) != -1): null

2019-08-24 12:49:12 - [TEST_STEP][PASSED] - if (i == 3 &amp;&amp; wildList.indexOf(symbol) != -1): null

2019-08-24 12:49:12 - [TEST_STEP][PASSED] - if (i == 4 &amp;&amp; wildList.indexOf(symbol) != -1): null

2019-08-24 12:49:12 - [TEST_STEP][PASSED] - symbols = symbols: null

2019-08-24 12:49:12 - [TEST_STEP][PASSED] - for ([j = 0, j &lt; symbols.size(), (j++)]): null

2019-08-24 12:49:12 - [TEST_STEP][PASSED] - symbol = symbol: null

2019-08-24 12:49:12 - [TEST_STEP][PASSED] - println(symbol): null

2019-08-24 12:49:12 - [TEST_STEP][PASSED] - if (i == 2 &amp;&amp; wildList.indexOf(symbol) != -1): null

2019-08-24 12:49:12 - [TEST_STEP][PASSED] - if (i == 3 &amp;&amp; wildList.indexOf(symbol) != -1): null

2019-08-24 12:49:12 - [TEST_STEP][PASSED] - if (i == 4 &amp;&amp; wildList.indexOf(symbol) != -1): null

2019-08-24 12:49:12 - [TEST_STEP][PASSED] - symbol = symbol: null

2019-08-24 12:49:12 - [TEST_STEP][PASSED] - println(symbol): null

2019-08-24 12:49:12 - [TEST_STEP][PASSED] - if (i == 2 &amp;&amp; wildList.indexOf(symbol) != -1): null

2019-08-24 12:49:12 - [TEST_STEP][PASSED] - if (i == 3 &amp;&amp; wildList.indexOf(symbol) != -1): null

2019-08-24 12:49:12 - [TEST_STEP][PASSED] - if (i == 4 &amp;&amp; wildList.indexOf(symbol) != -1): null

2019-08-24 12:49:12 - [TEST_STEP][PASSED] - symbol = symbol: null

2019-08-24 12:49:12 - [TEST_STEP][PASSED] - println(symbol): null

2019-08-24 12:49:12 - [TEST_STEP][PASSED] - if (i == 2 &amp;&amp; wildList.indexOf(symbol) != -1): null

2019-08-24 12:49:12 - [TEST_STEP][PASSED] - if (i == 3 &amp;&amp; wildList.indexOf(symbol) != -1): null

2019-08-24 12:49:12 - [TEST_STEP][PASSED] - if (i == 4 &amp;&amp; wildList.indexOf(symbol) != -1): null

2019-08-24 12:49:12 - [TEST_STEP][PASSED] - symbols = symbols: null

2019-08-24 12:49:12 - [TEST_STEP][PASSED] - for ([j = 0, j &lt; symbols.size(), (j++)]): null

2019-08-24 12:49:12 - [TEST_STEP][PASSED] - symbol = symbol: null

2019-08-24 12:49:12 - [TEST_STEP][PASSED] - println(symbol): null

2019-08-24 12:49:12 - [TEST_STEP][PASSED] - if (i == 2 &amp;&amp; wildList.indexOf(symbol) != -1): null

2019-08-24 12:49:12 - [TEST_STEP][PASSED] - if (i == 3 &amp;&amp; wildList.indexOf(symbol) != -1): null

2019-08-24 12:49:12 - [TEST_STEP][PASSED] - if (i == 4 &amp;&amp; wildList.indexOf(symbol) != -1): null

2019-08-24 12:49:12 - [TEST_STEP][PASSED] - symbol = symbol: null

2019-08-24 12:49:12 - [TEST_STEP][PASSED] - println(symbol): null

2019-08-24 12:49:12 - [TEST_STEP][PASSED] - if (i == 2 &amp;&amp; wildList.indexOf(symbol) != -1): null

2019-08-24 12:49:12 - [TEST_STEP][PASSED] - if (i == 3 &amp;&amp; wildList.indexOf(symbol) != -1): null

2019-08-24 12:49:12 - [TEST_STEP][PASSED] - if (i == 4 &amp;&amp; wildList.indexOf(symbol) != -1): null

2019-08-24 12:49:12 - [TEST_STEP][PASSED] - symbol = symbol: null

2019-08-24 12:49:12 - [TEST_STEP][PASSED] - println(symbol): null

2019-08-24 12:49:12 - [TEST_STEP][PASSED] - if (i == 2 &amp;&amp; wildList.indexOf(symbol) != -1): null

2019-08-24 12:49:12 - [TEST_STEP][PASSED] - if (i == 3 &amp;&amp; wildList.indexOf(symbol) != -1): null

2019-08-24 12:49:12 - [TEST_STEP][PASSED] - if (i == 4 &amp;&amp; wildList.indexOf(symbol) != -1): null

2019-08-24 12:49:12 - [TEST_STEP][PASSED] - symbols = symbols: null

2019-08-24 12:49:12 - [TEST_STEP][PASSED] - for ([j = 0, j &lt; symbols.size(), (j++)]): null

2019-08-24 12:49:12 - [TEST_STEP][PASSED] - symbol = symbol: null

2019-08-24 12:49:12 - [TEST_STEP][PASSED] - println(symbol): null

2019-08-24 12:49:12 - [TEST_STEP][PASSED] - if (i == 2 &amp;&amp; wildList.indexOf(symbol) != -1): null

2019-08-24 12:49:12 - [TEST_STEP][PASSED] - if (i == 3 &amp;&amp; wildList.indexOf(symbol) != -1): null

2019-08-24 12:49:12 - [TEST_STEP][PASSED] - println("wild found on reel 4, adding counter by 1"): null

2019-08-24 12:49:12 - [TEST_STEP][PASSED] - free_spin_reel_counter[1] = free_spin_reel_counter[1] + 1: null

2019-08-24 12:49:12 - [TEST_STEP][PASSED] - if (i == 4 &amp;&amp; wildList.indexOf(symbol) != -1): null

2019-08-24 12:49:12 - [TEST_STEP][PASSED] - symbol = symbol: null

2019-08-24 12:49:12 - [TEST_STEP][PASSED] - println(symbol): null

2019-08-24 12:49:12 - [TEST_STEP][PASSED] - if (i == 2 &amp;&amp; wildList.indexOf(symbol) != -1): null

2019-08-24 12:49:12 - [TEST_STEP][PASSED] - if (i == 3 &amp;&amp; wildList.indexOf(symbol) != -1): null

2019-08-24 12:49:12 - [TEST_STEP][PASSED] - if (i == 4 &amp;&amp; wildList.indexOf(symbol) != -1): null

2019-08-24 12:49:12 - [TEST_STEP][PASSED] - symbol = symbol: null

2019-08-24 12:49:12 - [TEST_STEP][PASSED] - println(symbol): null

2019-08-24 12:49:12 - [TEST_STEP][PASSED] - if (i == 2 &amp;&amp; wildList.indexOf(symbol) != -1): null

2019-08-24 12:49:12 - [TEST_STEP][PASSED] - if (i == 3 &amp;&amp; wildList.indexOf(symbol) != -1): null

2019-08-24 12:49:12 - [TEST_STEP][PASSED] - if (i == 4 &amp;&amp; wildList.indexOf(symbol) != -1): null

2019-08-24 12:49:12 - [TEST_STEP][PASSED] - symbols = symbols: null

2019-08-24 12:49:12 - [TEST_STEP][PASSED] - for ([j = 0, j &lt; symbols.size(), (j++)]): null

2019-08-24 12:49:12 - [TEST_STEP][PASSED] - symbol = symbol: null

2019-08-24 12:49:12 - [TEST_STEP][PASSED] - println(symbol): null

2019-08-24 12:49:12 - [TEST_STEP][PASSED] - if (i == 2 &amp;&amp; wildList.indexOf(symbol) != -1): null

2019-08-24 12:49:12 - [TEST_STEP][PASSED] - if (i == 3 &amp;&amp; wildList.indexOf(symbol) != -1): null

2019-08-24 12:49:12 - [TEST_STEP][PASSED] - if (i == 4 &amp;&amp; wildList.indexOf(symbol) != -1): null

2019-08-24 12:49:12 - [TEST_STEP][PASSED] - symbol = symbol: null

2019-08-24 12:49:12 - [TEST_STEP][PASSED] - println(symbol): null

2019-08-24 12:49:12 - [TEST_STEP][PASSED] - if (i == 2 &amp;&amp; wildList.indexOf(symbol) != -1): null

2019-08-24 12:49:12 - [TEST_STEP][PASSED] - if (i == 3 &amp;&amp; wildList.indexOf(symbol) != -1): null

2019-08-24 12:49:12 - [TEST_STEP][PASSED] - if (i == 4 &amp;&amp; wildList.indexOf(symbol) != -1): null

2019-08-24 12:49:12 - [TEST_STEP][PASSED] - symbol = symbol: null

2019-08-24 12:49:12 - [TEST_STEP][PASSED] - println(symbol): null

2019-08-24 12:49:12 - [TEST_STEP][PASSED] - if (i == 2 &amp;&amp; wildList.indexOf(symbol) != -1): null

2019-08-24 12:49:12 - [TEST_STEP][PASSED] - if (i == 3 &amp;&amp; wildList.indexOf(symbol) != -1): null

2019-08-24 12:49:12 - [TEST_STEP][PASSED] - if (i == 4 &amp;&amp; wildList.indexOf(symbol) != -1): null

2019-08-24 12:49:12 - [TEST_STEP][PASSED] - free_spin_reel_counter = free_spin_reel_counter: null

2019-08-24 12:49:12 - [TEST_STEP][PASSED] - println("reel 3 wild found: " + free_spin_reel_counter[0]): null

2019-08-24 12:49:12 - [TEST_STEP][PASSED] - println("reel 4 wild found: " + free_spin_reel_counter[1]): null

2019-08-24 12:49:12 - [TEST_STEP][PASSED] - println("reel 5 wild found: " + free_spin_reel_counter[2]): null

2019-08-24 12:49:12 - [TEST_STEP][PASSED] - M4_spin_reels = M4_spin_reels: null

2019-08-24 12:49:12 - [TEST_STEP][PASSED] - M4_spin_reels_symbols = symbol: null

2019-08-24 12:49:12 - [TEST_STEP][PASSED] - M4_spin_reels_symbols = M4_spin_reels_symbols: null

2019-08-24 12:49:12 - [TEST_STEP][PASSED] - M4_spin_reel_wins = reel_wins: null

2019-08-24 12:49:12 - [TEST_STEP][PASSED] - M4_spin_reel_wins = M4_spin_reel_wins: null

2019-08-24 12:49:12 - [TEST_STEP][PASSED] - println("GlobalVariable.M4_spin_reel_wins is: " + M4_spin_reel_wins): null

2019-08-24 12:49:12 - [TEST_STEP][PASSED] - M4_spin_total_bonus_win_this_round = total_bonus_win_this_round: null

2019-08-24 12:49:12 - [TEST_STEP][PASSED] - M4_spin_total_bonus_win_this_round = M4_spin_total_bonus_win_this_round: null

2019-08-24 12:49:12 - [TEST_STEP][PASSED] - println("GlobalVariable.M4_spin_total_bonus_win_this_round is: " + M4_spin_total_bonus_win_this_round): null

2019-08-24 12:49:12 - [TEST_STEP][PASSED] - M4_spin_bonus_spin_result = spin_result: null

2019-08-24 12:49:12 - [TEST_STEP][PASSED] - M4_spin_bonus_spin_result = M4_spin_bonus_spin_result: null

2019-08-24 12:49:12 - [MESSAGE][PASSED] - Verify response successfully

2019-08-24 12:49:12 - [MESSAGE][PASSED] - Send request and verify the response successfully

2019-08-24 12:49:12 - [TEST_STEP][PASSED] - if (M4_total_bonus_spins_int != 0 &amp;&amp; M4_spin_reels_symbols[2].contains("WILD_Double") || M4_spin_reels_symbols[4].contains("WILD_Triple")): null

2019-08-24 12:49:12 - [TEST_STEP][PASSED] - free_spin_reel_counter = free_spin_reel_counter: null

2019-08-24 12:49:12 - [TEST_STEP][PASSED] - M4_spin_reels_symbols = M4_spin_reels_symbols: null

2019-08-24 12:49:12 - [TEST_STEP][PASSED] - M4_total_bonus_spins = M4_total_bonus_spins: null

2019-08-24 12:49:12 - [TEST_STEP][PASSED] - spin_result = sendRequestAndVerify(findTestObject("INT/RGS(M4)/1_M4_spin", ["M4_login_user_id":M4_login_user_id, "rgs_session_token":rgs_session_token, "partner":Partner])): Send request and verify the response successfully

2019-08-24 12:49:13 - [MESSAGE][INFO] - HAR: /Users/eiralee/Katalon_Script/SuperWild/Reports/20190824_124242/INT/superWild_4/20190824_124242/requests/main/117.har

2019-08-24 12:49:13 - [TEST_CASE][PASSED] - Start Test Case : Verification: Verification accomplished successfully

2019-08-24 12:49:13 - [TEST_STEP][PASSED] - request = getInstance().getCurrentRequest(): null

2019-08-24 12:49:13 - [TEST_STEP][PASSED] - response = getInstance().getCurrentResponse(): null

2019-08-24 12:49:13 - [TEST_STEP][PASSED] - verifyResponseStatusCode(response, 200): Verify response status code successfully

2019-08-24 12:49:13 - [MESSAGE][PASSED] - Verify response status code successfully

2019-08-24 12:49:13 - [TEST_STEP][PASSED] - getStatusCode()).isEqualTo(200): null

2019-08-24 12:49:13 - [TEST_STEP][PASSED] - newline = System.getProperty("line.separator"): null

2019-08-24 12:49:13 - [TEST_STEP][PASSED] - M4_spin = new groovy.json.JsonSlurper(): null

2019-08-24 12:49:13 - [TEST_STEP][PASSED] - result_M4_spin = M4_spin.parseText(response.getResponseBodyContent()): null

2019-08-24 12:49:13 - [TEST_STEP][PASSED] - M4_spin_current_balance = current_balance: null

2019-08-24 12:49:13 - [TEST_STEP][PASSED] - M4_spin_current_balance = M4_spin_current_balance: null

2019-08-24 12:49:13 - [TEST_STEP][PASSED] - M4_spin_transaction_id = causality: null

2019-08-24 12:49:13 - [TEST_STEP][PASSED] - M4_spin_transaction_id = M4_spin_transaction_id: null

2019-08-24 12:49:13 - [TEST_STEP][PASSED] - M4_spin_round_id = round_id: null

2019-08-24 12:49:13 - [TEST_STEP][PASSED] - M4_spin_round_id = M4_spin_round_id: null

2019-08-24 12:49:13 - [TEST_STEP][PASSED] - M4_spin_line_wins = line_wins: null

2019-08-24 12:49:13 - [TEST_STEP][PASSED] - M4_spin_line_wins = M4_spin_line_wins: null

2019-08-24 12:49:13 - [TEST_STEP][PASSED] - M4_total_bonus_spins_int = total_bonus_spins: null

2019-08-24 12:49:13 - [TEST_STEP][PASSED] - println("******M4_total_bonus_spins type is:*******" + newline + getClass().getName()): null

2019-08-24 12:49:13 - [TEST_STEP][PASSED] - M4_total_bonus_spins_int = M4_total_bonus_spins_int: null

2019-08-24 12:49:13 - [TEST_STEP][PASSED] - M4_total_bonus_spins = Integer.toString(M4_total_bonus_spins_int): null

2019-08-24 12:49:13 - [TEST_STEP][PASSED] - M4_total_bonus_spins = M4_total_bonus_spins: null

2019-08-24 12:49:13 - [TEST_STEP][PASSED] - println("M4_total_bonus_spins is:" + M4_total_bonus_spins): null

2019-08-24 12:49:13 - [TEST_STEP][PASSED] - M4_spin_bonus_data = bonus_data: null

2019-08-24 12:49:13 - [TEST_STEP][PASSED] - M4_spin_features_triggered = result_M4_spin: null

2019-08-24 12:49:13 - [TEST_STEP][PASSED] - wild = []: null

2019-08-24 12:49:13 - [TEST_STEP][PASSED] - wild[0] = "WILD_Expanding": null

2019-08-24 12:49:13 - [TEST_STEP][PASSED] - wild[1] = "WILD_Normal": null

2019-08-24 12:49:13 - [TEST_STEP][PASSED] - wild[2] = "WILD_Double": null

2019-08-24 12:49:13 - [TEST_STEP][PASSED] - wild[3] = "WILD_ExtraFG": null

2019-08-24 12:49:13 - [TEST_STEP][PASSED] - wild[4] = "WILD_Triple": null

2019-08-24 12:49:13 - [TEST_STEP][PASSED] - wildList = Arrays.asList(wild): null

2019-08-24 12:49:13 - [TEST_STEP][PASSED] - wildList = wildList: null

2019-08-24 12:49:13 - [TEST_STEP][PASSED] - free_spin_reel_counter = []: null

2019-08-24 12:49:13 - [TEST_STEP][PASSED] - free_spin_reel_counter[0] = 0: null

2019-08-24 12:49:13 - [TEST_STEP][PASSED] - free_spin_reel_counter[1] = 0: null

2019-08-24 12:49:13 - [TEST_STEP][PASSED] - free_spin_reel_counter[2] = 0: null

2019-08-24 12:49:13 - [TEST_STEP][PASSED] - M4_spin_reels = reels: null

2019-08-24 12:49:13 - [TEST_STEP][PASSED] - for ([i = 0, i &lt; M4_spin_reels.size(), (i++)]): null

2019-08-24 12:49:13 - [TEST_STEP][PASSED] - symbols = symbols: null

2019-08-24 12:49:13 - [TEST_STEP][PASSED] - for ([j = 0, j &lt; symbols.size(), (j++)]): null

2019-08-24 12:49:13 - [TEST_STEP][PASSED] - symbol = symbol: null

2019-08-24 12:49:13 - [TEST_STEP][PASSED] - println(symbol): null

2019-08-24 12:49:13 - [TEST_STEP][PASSED] - if (i == 2 &amp;&amp; wildList.indexOf(symbol) != -1): null

2019-08-24 12:49:13 - [TEST_STEP][PASSED] - if (i == 3 &amp;&amp; wildList.indexOf(symbol) != -1): null

2019-08-24 12:49:13 - [TEST_STEP][PASSED] - if (i == 4 &amp;&amp; wildList.indexOf(symbol) != -1): null

2019-08-24 12:49:13 - [TEST_STEP][PASSED] - symbol = symbol: null

2019-08-24 12:49:13 - [TEST_STEP][PASSED] - println(symbol): null

2019-08-24 12:49:13 - [TEST_STEP][PASSED] - if (i == 2 &amp;&amp; wildList.indexOf(symbol) != -1): null

2019-08-24 12:49:13 - [TEST_STEP][PASSED] - if (i == 3 &amp;&amp; wildList.indexOf(symbol) != -1): null

2019-08-24 12:49:13 - [TEST_STEP][PASSED] - if (i == 4 &amp;&amp; wildList.indexOf(symbol) != -1): null

2019-08-24 12:49:13 - [TEST_STEP][PASSED] - symbol = symbol: null

2019-08-24 12:49:13 - [TEST_STEP][PASSED] - println(symbol): null

2019-08-24 12:49:13 - [TEST_STEP][PASSED] - if (i == 2 &amp;&amp; wildList.indexOf(symbol) != -1): null

2019-08-24 12:49:13 - [TEST_STEP][PASSED] - if (i == 3 &amp;&amp; wildList.indexOf(symbol) != -1): null

2019-08-24 12:49:13 - [TEST_STEP][PASSED] - if (i == 4 &amp;&amp; wildList.indexOf(symbol) != -1): null

2019-08-24 12:49:13 - [TEST_STEP][PASSED] - symbols = symbols: null

2019-08-24 12:49:13 - [TEST_STEP][PASSED] - for ([j = 0, j &lt; symbols.size(), (j++)]): null

2019-08-24 12:49:13 - [TEST_STEP][PASSED] - symbol = symbol: null

2019-08-24 12:49:13 - [TEST_STEP][PASSED] - println(symbol): null

2019-08-24 12:49:13 - [TEST_STEP][PASSED] - if (i == 2 &amp;&amp; wildList.indexOf(symbol) != -1): null

2019-08-24 12:49:13 - [TEST_STEP][PASSED] - if (i == 3 &amp;&amp; wildList.indexOf(symbol) != -1): null

2019-08-24 12:49:13 - [TEST_STEP][PASSED] - if (i == 4 &amp;&amp; wildList.indexOf(symbol) != -1): null

2019-08-24 12:49:13 - [TEST_STEP][PASSED] - symbol = symbol: null

2019-08-24 12:49:13 - [TEST_STEP][PASSED] - println(symbol): null

2019-08-24 12:49:13 - [TEST_STEP][PASSED] - if (i == 2 &amp;&amp; wildList.indexOf(symbol) != -1): null

2019-08-24 12:49:13 - [TEST_STEP][PASSED] - if (i == 3 &amp;&amp; wildList.indexOf(symbol) != -1): null

2019-08-24 12:49:13 - [TEST_STEP][PASSED] - if (i == 4 &amp;&amp; wildList.indexOf(symbol) != -1): null

2019-08-24 12:49:13 - [TEST_STEP][PASSED] - symbol = symbol: null

2019-08-24 12:49:13 - [TEST_STEP][PASSED] - println(symbol): null

2019-08-24 12:49:13 - [TEST_STEP][PASSED] - if (i == 2 &amp;&amp; wildList.indexOf(symbol) != -1): null

2019-08-24 12:49:13 - [TEST_STEP][PASSED] - if (i == 3 &amp;&amp; wildList.indexOf(symbol) != -1): null

2019-08-24 12:49:13 - [TEST_STEP][PASSED] - if (i == 4 &amp;&amp; wildList.indexOf(symbol) != -1): null

2019-08-24 12:49:13 - [TEST_STEP][PASSED] - symbols = symbols: null

2019-08-24 12:49:13 - [TEST_STEP][PASSED] - for ([j = 0, j &lt; symbols.size(), (j++)]): null

2019-08-24 12:49:13 - [TEST_STEP][PASSED] - symbol = symbol: null

2019-08-24 12:49:13 - [TEST_STEP][PASSED] - println(symbol): null

2019-08-24 12:49:13 - [TEST_STEP][PASSED] - if (i == 2 &amp;&amp; wildList.indexOf(symbol) != -1): null

2019-08-24 12:49:13 - [TEST_STEP][PASSED] - if (i == 3 &amp;&amp; wildList.indexOf(symbol) != -1): null

2019-08-24 12:49:13 - [TEST_STEP][PASSED] - if (i == 4 &amp;&amp; wildList.indexOf(symbol) != -1): null

2019-08-24 12:49:13 - [TEST_STEP][PASSED] - symbol = symbol: null

2019-08-24 12:49:13 - [TEST_STEP][PASSED] - println(symbol): null

2019-08-24 12:49:13 - [TEST_STEP][PASSED] - if (i == 2 &amp;&amp; wildList.indexOf(symbol) != -1): null

2019-08-24 12:49:13 - [TEST_STEP][PASSED] - if (i == 3 &amp;&amp; wildList.indexOf(symbol) != -1): null

2019-08-24 12:49:13 - [TEST_STEP][PASSED] - if (i == 4 &amp;&amp; wildList.indexOf(symbol) != -1): null

2019-08-24 12:49:13 - [TEST_STEP][PASSED] - symbol = symbol: null

2019-08-24 12:49:13 - [TEST_STEP][PASSED] - println(symbol): null

2019-08-24 12:49:13 - [TEST_STEP][PASSED] - if (i == 2 &amp;&amp; wildList.indexOf(symbol) != -1): null

2019-08-24 12:49:13 - [TEST_STEP][PASSED] - if (i == 3 &amp;&amp; wildList.indexOf(symbol) != -1): null

2019-08-24 12:49:13 - [TEST_STEP][PASSED] - if (i == 4 &amp;&amp; wildList.indexOf(symbol) != -1): null

2019-08-24 12:49:13 - [TEST_STEP][PASSED] - symbols = symbols: null

2019-08-24 12:49:13 - [TEST_STEP][PASSED] - for ([j = 0, j &lt; symbols.size(), (j++)]): null

2019-08-24 12:49:13 - [TEST_STEP][PASSED] - symbol = symbol: null

2019-08-24 12:49:13 - [TEST_STEP][PASSED] - println(symbol): null

2019-08-24 12:49:13 - [TEST_STEP][PASSED] - if (i == 2 &amp;&amp; wildList.indexOf(symbol) != -1): null

2019-08-24 12:49:13 - [TEST_STEP][PASSED] - if (i == 3 &amp;&amp; wildList.indexOf(symbol) != -1): null

2019-08-24 12:49:13 - [TEST_STEP][PASSED] - if (i == 4 &amp;&amp; wildList.indexOf(symbol) != -1): null

2019-08-24 12:49:13 - [TEST_STEP][PASSED] - symbol = symbol: null

2019-08-24 12:49:13 - [TEST_STEP][PASSED] - println(symbol): null

2019-08-24 12:49:13 - [TEST_STEP][PASSED] - if (i == 2 &amp;&amp; wildList.indexOf(symbol) != -1): null

2019-08-24 12:49:13 - [TEST_STEP][PASSED] - if (i == 3 &amp;&amp; wildList.indexOf(symbol) != -1): null

2019-08-24 12:49:13 - [TEST_STEP][PASSED] - if (i == 4 &amp;&amp; wildList.indexOf(symbol) != -1): null

2019-08-24 12:49:13 - [TEST_STEP][PASSED] - symbol = symbol: null

2019-08-24 12:49:13 - [TEST_STEP][PASSED] - println(symbol): null

2019-08-24 12:49:13 - [TEST_STEP][PASSED] - if (i == 2 &amp;&amp; wildList.indexOf(symbol) != -1): null

2019-08-24 12:49:13 - [TEST_STEP][PASSED] - if (i == 3 &amp;&amp; wildList.indexOf(symbol) != -1): null

2019-08-24 12:49:13 - [TEST_STEP][PASSED] - if (i == 4 &amp;&amp; wildList.indexOf(symbol) != -1): null

2019-08-24 12:49:13 - [TEST_STEP][PASSED] - symbols = symbols: null

2019-08-24 12:49:13 - [TEST_STEP][PASSED] - for ([j = 0, j &lt; symbols.size(), (j++)]): null

2019-08-24 12:49:13 - [TEST_STEP][PASSED] - symbol = symbol: null

2019-08-24 12:49:13 - [TEST_STEP][PASSED] - println(symbol): null

2019-08-24 12:49:13 - [TEST_STEP][PASSED] - if (i == 2 &amp;&amp; wildList.indexOf(symbol) != -1): null

2019-08-24 12:49:13 - [TEST_STEP][PASSED] - if (i == 3 &amp;&amp; wildList.indexOf(symbol) != -1): null

2019-08-24 12:49:13 - [TEST_STEP][PASSED] - if (i == 4 &amp;&amp; wildList.indexOf(symbol) != -1): null

2019-08-24 12:49:13 - [TEST_STEP][PASSED] - symbol = symbol: null

2019-08-24 12:49:13 - [TEST_STEP][PASSED] - println(symbol): null

2019-08-24 12:49:13 - [TEST_STEP][PASSED] - if (i == 2 &amp;&amp; wildList.indexOf(symbol) != -1): null

2019-08-24 12:49:13 - [TEST_STEP][PASSED] - if (i == 3 &amp;&amp; wildList.indexOf(symbol) != -1): null

2019-08-24 12:49:13 - [TEST_STEP][PASSED] - if (i == 4 &amp;&amp; wildList.indexOf(symbol) != -1): null

2019-08-24 12:49:13 - [TEST_STEP][PASSED] - symbol = symbol: null

2019-08-24 12:49:13 - [TEST_STEP][PASSED] - println(symbol): null

2019-08-24 12:49:13 - [TEST_STEP][PASSED] - if (i == 2 &amp;&amp; wildList.indexOf(symbol) != -1): null

2019-08-24 12:49:13 - [TEST_STEP][PASSED] - if (i == 3 &amp;&amp; wildList.indexOf(symbol) != -1): null

2019-08-24 12:49:13 - [TEST_STEP][PASSED] - if (i == 4 &amp;&amp; wildList.indexOf(symbol) != -1): null

2019-08-24 12:49:13 - [TEST_STEP][PASSED] - free_spin_reel_counter = free_spin_reel_counter: null

2019-08-24 12:49:13 - [TEST_STEP][PASSED] - println("reel 3 wild found: " + free_spin_reel_counter[0]): null

2019-08-24 12:49:13 - [TEST_STEP][PASSED] - println("reel 4 wild found: " + free_spin_reel_counter[1]): null

2019-08-24 12:49:13 - [TEST_STEP][PASSED] - println("reel 5 wild found: " + free_spin_reel_counter[2]): null

2019-08-24 12:49:13 - [TEST_STEP][PASSED] - M4_spin_reels = M4_spin_reels: null

2019-08-24 12:49:13 - [TEST_STEP][PASSED] - M4_spin_reels_symbols = symbol: null

2019-08-24 12:49:13 - [TEST_STEP][PASSED] - M4_spin_reels_symbols = M4_spin_reels_symbols: null

2019-08-24 12:49:13 - [TEST_STEP][PASSED] - M4_spin_reel_wins = reel_wins: null

2019-08-24 12:49:13 - [TEST_STEP][PASSED] - M4_spin_reel_wins = M4_spin_reel_wins: null

2019-08-24 12:49:13 - [TEST_STEP][PASSED] - println("GlobalVariable.M4_spin_reel_wins is: " + M4_spin_reel_wins): null

2019-08-24 12:49:13 - [TEST_STEP][PASSED] - M4_spin_total_bonus_win_this_round = total_bonus_win_this_round: null

2019-08-24 12:49:13 - [TEST_STEP][PASSED] - M4_spin_total_bonus_win_this_round = M4_spin_total_bonus_win_this_round: null

2019-08-24 12:49:13 - [TEST_STEP][PASSED] - println("GlobalVariable.M4_spin_total_bonus_win_this_round is: " + M4_spin_total_bonus_win_this_round): null

2019-08-24 12:49:13 - [TEST_STEP][PASSED] - M4_spin_bonus_spin_result = spin_result: null

2019-08-24 12:49:13 - [TEST_STEP][PASSED] - M4_spin_bonus_spin_result = M4_spin_bonus_spin_result: null

2019-08-24 12:49:13 - [MESSAGE][PASSED] - Verify response successfully

2019-08-24 12:49:13 - [MESSAGE][PASSED] - Send request and verify the response successfully

2019-08-24 12:49:13 - [TEST_STEP][PASSED] - if (M4_total_bonus_spins_int != 0 &amp;&amp; M4_spin_reels_symbols[2].contains("WILD_Double") || M4_spin_reels_symbols[4].contains("WILD_Triple")): null

2019-08-24 12:49:13 - [TEST_STEP][PASSED] - free_spin_reel_counter = free_spin_reel_counter: null

2019-08-24 12:49:13 - [TEST_STEP][PASSED] - M4_spin_reels_symbols = M4_spin_reels_symbols: null

2019-08-24 12:49:13 - [TEST_STEP][PASSED] - M4_total_bonus_spins = M4_total_bonus_spins: null

2019-08-24 12:49:13 - [TEST_STEP][PASSED] - spin_result = sendRequestAndVerify(findTestObject("INT/RGS(M4)/1_M4_spin", ["M4_login_user_id":M4_login_user_id, "rgs_session_token":rgs_session_token, "partner":Partner])): Send request and verify the response successfully

2019-08-24 12:49:13 - [MESSAGE][INFO] - HAR: /Users/eiralee/Katalon_Script/SuperWild/Reports/20190824_124242/INT/superWild_4/20190824_124242/requests/main/118.har

2019-08-24 12:49:13 - [TEST_CASE][PASSED] - Start Test Case : Verification: Verification accomplished successfully

2019-08-24 12:49:13 - [TEST_STEP][PASSED] - request = getInstance().getCurrentRequest(): null

2019-08-24 12:49:14 - [TEST_STEP][PASSED] - response = getInstance().getCurrentResponse(): null

2019-08-24 12:49:14 - [TEST_STEP][PASSED] - verifyResponseStatusCode(response, 200): Verify response status code successfully

2019-08-24 12:49:14 - [MESSAGE][PASSED] - Verify response status code successfully

2019-08-24 12:49:14 - [TEST_STEP][PASSED] - getStatusCode()).isEqualTo(200): null

2019-08-24 12:49:14 - [TEST_STEP][PASSED] - newline = System.getProperty("line.separator"): null

2019-08-24 12:49:14 - [TEST_STEP][PASSED] - M4_spin = new groovy.json.JsonSlurper(): null

2019-08-24 12:49:14 - [TEST_STEP][PASSED] - result_M4_spin = M4_spin.parseText(response.getResponseBodyContent()): null

2019-08-24 12:49:14 - [TEST_STEP][PASSED] - M4_spin_current_balance = current_balance: null

2019-08-24 12:49:14 - [TEST_STEP][PASSED] - M4_spin_current_balance = M4_spin_current_balance: null

2019-08-24 12:49:14 - [TEST_STEP][PASSED] - M4_spin_transaction_id = causality: null

2019-08-24 12:49:14 - [TEST_STEP][PASSED] - M4_spin_transaction_id = M4_spin_transaction_id: null

2019-08-24 12:49:14 - [TEST_STEP][PASSED] - M4_spin_round_id = round_id: null

2019-08-24 12:49:14 - [TEST_STEP][PASSED] - M4_spin_round_id = M4_spin_round_id: null

2019-08-24 12:49:14 - [TEST_STEP][PASSED] - M4_spin_line_wins = line_wins: null

2019-08-24 12:49:14 - [TEST_STEP][PASSED] - M4_spin_line_wins = M4_spin_line_wins: null

2019-08-24 12:49:14 - [TEST_STEP][PASSED] - M4_total_bonus_spins_int = total_bonus_spins: null

2019-08-24 12:49:14 - [TEST_STEP][PASSED] - println("******M4_total_bonus_spins type is:*******" + newline + getClass().getName()): null

2019-08-24 12:49:14 - [TEST_STEP][PASSED] - M4_total_bonus_spins_int = M4_total_bonus_spins_int: null

2019-08-24 12:49:14 - [TEST_STEP][PASSED] - M4_total_bonus_spins = Integer.toString(M4_total_bonus_spins_int): null

2019-08-24 12:49:14 - [TEST_STEP][PASSED] - M4_total_bonus_spins = M4_total_bonus_spins: null

2019-08-24 12:49:14 - [TEST_STEP][PASSED] - println("M4_total_bonus_spins is:" + M4_total_bonus_spins): null

2019-08-24 12:49:14 - [TEST_STEP][PASSED] - M4_spin_bonus_data = bonus_data: null

2019-08-24 12:49:14 - [TEST_STEP][PASSED] - M4_spin_features_triggered = result_M4_spin: null

2019-08-24 12:49:14 - [TEST_STEP][PASSED] - wild = []: null

2019-08-24 12:49:14 - [TEST_STEP][PASSED] - wild[0] = "WILD_Expanding": null

2019-08-24 12:49:14 - [TEST_STEP][PASSED] - wild[1] = "WILD_Normal": null

2019-08-24 12:49:14 - [TEST_STEP][PASSED] - wild[2] = "WILD_Double": null

2019-08-24 12:49:14 - [TEST_STEP][PASSED] - wild[3] = "WILD_ExtraFG": null

2019-08-24 12:49:14 - [TEST_STEP][PASSED] - wild[4] = "WILD_Triple": null

2019-08-24 12:49:14 - [TEST_STEP][PASSED] - wildList = Arrays.asList(wild): null

2019-08-24 12:49:14 - [TEST_STEP][PASSED] - wildList = wildList: null

2019-08-24 12:49:14 - [TEST_STEP][PASSED] - free_spin_reel_counter = []: null

2019-08-24 12:49:14 - [TEST_STEP][PASSED] - free_spin_reel_counter[0] = 0: null

2019-08-24 12:49:14 - [TEST_STEP][PASSED] - free_spin_reel_counter[1] = 0: null

2019-08-24 12:49:14 - [TEST_STEP][PASSED] - free_spin_reel_counter[2] = 0: null

2019-08-24 12:49:14 - [TEST_STEP][PASSED] - M4_spin_reels = reels: null

2019-08-24 12:49:14 - [TEST_STEP][PASSED] - for ([i = 0, i &lt; M4_spin_reels.size(), (i++)]): null

2019-08-24 12:49:14 - [TEST_STEP][PASSED] - symbols = symbols: null

2019-08-24 12:49:14 - [TEST_STEP][PASSED] - for ([j = 0, j &lt; symbols.size(), (j++)]): null

2019-08-24 12:49:14 - [TEST_STEP][PASSED] - symbol = symbol: null

2019-08-24 12:49:14 - [TEST_STEP][PASSED] - println(symbol): null

2019-08-24 12:49:14 - [TEST_STEP][PASSED] - if (i == 2 &amp;&amp; wildList.indexOf(symbol) != -1): null

2019-08-24 12:49:14 - [TEST_STEP][PASSED] - if (i == 3 &amp;&amp; wildList.indexOf(symbol) != -1): null

2019-08-24 12:49:14 - [TEST_STEP][PASSED] - if (i == 4 &amp;&amp; wildList.indexOf(symbol) != -1): null

2019-08-24 12:49:14 - [TEST_STEP][PASSED] - symbol = symbol: null

2019-08-24 12:49:14 - [TEST_STEP][PASSED] - println(symbol): null

2019-08-24 12:49:14 - [TEST_STEP][PASSED] - if (i == 2 &amp;&amp; wildList.indexOf(symbol) != -1): null

2019-08-24 12:49:14 - [TEST_STEP][PASSED] - if (i == 3 &amp;&amp; wildList.indexOf(symbol) != -1): null

2019-08-24 12:49:14 - [TEST_STEP][PASSED] - if (i == 4 &amp;&amp; wildList.indexOf(symbol) != -1): null

2019-08-24 12:49:14 - [TEST_STEP][PASSED] - symbol = symbol: null

2019-08-24 12:49:14 - [TEST_STEP][PASSED] - println(symbol): null

2019-08-24 12:49:14 - [TEST_STEP][PASSED] - if (i == 2 &amp;&amp; wildList.indexOf(symbol) != -1): null

2019-08-24 12:49:14 - [TEST_STEP][PASSED] - if (i == 3 &amp;&amp; wildList.indexOf(symbol) != -1): null

2019-08-24 12:49:14 - [TEST_STEP][PASSED] - if (i == 4 &amp;&amp; wildList.indexOf(symbol) != -1): null

2019-08-24 12:49:14 - [TEST_STEP][PASSED] - symbols = symbols: null

2019-08-24 12:49:14 - [TEST_STEP][PASSED] - for ([j = 0, j &lt; symbols.size(), (j++)]): null

2019-08-24 12:49:14 - [TEST_STEP][PASSED] - symbol = symbol: null

2019-08-24 12:49:14 - [TEST_STEP][PASSED] - println(symbol): null

2019-08-24 12:49:14 - [TEST_STEP][PASSED] - if (i == 2 &amp;&amp; wildList.indexOf(symbol) != -1): null

2019-08-24 12:49:14 - [TEST_STEP][PASSED] - if (i == 3 &amp;&amp; wildList.indexOf(symbol) != -1): null

2019-08-24 12:49:14 - [TEST_STEP][PASSED] - if (i == 4 &amp;&amp; wildList.indexOf(symbol) != -1): null

2019-08-24 12:49:14 - [TEST_STEP][PASSED] - symbol = symbol: null

2019-08-24 12:49:14 - [TEST_STEP][PASSED] - println(symbol): null

2019-08-24 12:49:14 - [TEST_STEP][PASSED] - if (i == 2 &amp;&amp; wildList.indexOf(symbol) != -1): null

2019-08-24 12:49:14 - [TEST_STEP][PASSED] - if (i == 3 &amp;&amp; wildList.indexOf(symbol) != -1): null

2019-08-24 12:49:14 - [TEST_STEP][PASSED] - if (i == 4 &amp;&amp; wildList.indexOf(symbol) != -1): null

2019-08-24 12:49:14 - [TEST_STEP][PASSED] - symbol = symbol: null

2019-08-24 12:49:14 - [TEST_STEP][PASSED] - println(symbol): null

2019-08-24 12:49:14 - [TEST_STEP][PASSED] - if (i == 2 &amp;&amp; wildList.indexOf(symbol) != -1): null

2019-08-24 12:49:14 - [TEST_STEP][PASSED] - if (i == 3 &amp;&amp; wildList.indexOf(symbol) != -1): null

2019-08-24 12:49:14 - [TEST_STEP][PASSED] - if (i == 4 &amp;&amp; wildList.indexOf(symbol) != -1): null

2019-08-24 12:49:14 - [TEST_STEP][PASSED] - symbols = symbols: null

2019-08-24 12:49:14 - [TEST_STEP][PASSED] - for ([j = 0, j &lt; symbols.size(), (j++)]): null

2019-08-24 12:49:14 - [TEST_STEP][PASSED] - symbol = symbol: null

2019-08-24 12:49:14 - [TEST_STEP][PASSED] - println(symbol): null

2019-08-24 12:49:14 - [TEST_STEP][PASSED] - if (i == 2 &amp;&amp; wildList.indexOf(symbol) != -1): null

2019-08-24 12:49:14 - [TEST_STEP][PASSED] - if (i == 3 &amp;&amp; wildList.indexOf(symbol) != -1): null

2019-08-24 12:49:14 - [TEST_STEP][PASSED] - if (i == 4 &amp;&amp; wildList.indexOf(symbol) != -1): null

2019-08-24 12:49:14 - [TEST_STEP][PASSED] - symbol = symbol: null

2019-08-24 12:49:14 - [TEST_STEP][PASSED] - println(symbol): null

2019-08-24 12:49:14 - [TEST_STEP][PASSED] - if (i == 2 &amp;&amp; wildList.indexOf(symbol) != -1): null

2019-08-24 12:49:14 - [TEST_STEP][PASSED] - if (i == 3 &amp;&amp; wildList.indexOf(symbol) != -1): null

2019-08-24 12:49:14 - [TEST_STEP][PASSED] - if (i == 4 &amp;&amp; wildList.indexOf(symbol) != -1): null

2019-08-24 12:49:14 - [TEST_STEP][PASSED] - symbol = symbol: null

2019-08-24 12:49:14 - [TEST_STEP][PASSED] - println(symbol): null

2019-08-24 12:49:14 - [TEST_STEP][PASSED] - if (i == 2 &amp;&amp; wildList.indexOf(symbol) != -1): null

2019-08-24 12:49:14 - [TEST_STEP][PASSED] - if (i == 3 &amp;&amp; wildList.indexOf(symbol) != -1): null

2019-08-24 12:49:14 - [TEST_STEP][PASSED] - if (i == 4 &amp;&amp; wildList.indexOf(symbol) != -1): null

2019-08-24 12:49:14 - [TEST_STEP][PASSED] - symbols = symbols: null

2019-08-24 12:49:14 - [TEST_STEP][PASSED] - for ([j = 0, j &lt; symbols.size(), (j++)]): null

2019-08-24 12:49:14 - [TEST_STEP][PASSED] - symbol = symbol: null

2019-08-24 12:49:14 - [TEST_STEP][PASSED] - println(symbol): null

2019-08-24 12:49:14 - [TEST_STEP][PASSED] - if (i == 2 &amp;&amp; wildList.indexOf(symbol) != -1): null

2019-08-24 12:49:14 - [TEST_STEP][PASSED] - if (i == 3 &amp;&amp; wildList.indexOf(symbol) != -1): null

2019-08-24 12:49:14 - [TEST_STEP][PASSED] - if (i == 4 &amp;&amp; wildList.indexOf(symbol) != -1): null

2019-08-24 12:49:14 - [TEST_STEP][PASSED] - symbol = symbol: null

2019-08-24 12:49:14 - [TEST_STEP][PASSED] - println(symbol): null

2019-08-24 12:49:14 - [TEST_STEP][PASSED] - if (i == 2 &amp;&amp; wildList.indexOf(symbol) != -1): null

2019-08-24 12:49:14 - [TEST_STEP][PASSED] - if (i == 3 &amp;&amp; wildList.indexOf(symbol) != -1): null

2019-08-24 12:49:14 - [TEST_STEP][PASSED] - if (i == 4 &amp;&amp; wildList.indexOf(symbol) != -1): null

2019-08-24 12:49:14 - [TEST_STEP][PASSED] - symbol = symbol: null

2019-08-24 12:49:14 - [TEST_STEP][PASSED] - println(symbol): null

2019-08-24 12:49:14 - [TEST_STEP][PASSED] - if (i == 2 &amp;&amp; wildList.indexOf(symbol) != -1): null

2019-08-24 12:49:14 - [TEST_STEP][PASSED] - if (i == 3 &amp;&amp; wildList.indexOf(symbol) != -1): null

2019-08-24 12:49:14 - [TEST_STEP][PASSED] - println("wild found on reel 4, adding counter by 1"): null

2019-08-24 12:49:14 - [TEST_STEP][PASSED] - free_spin_reel_counter[1] = free_spin_reel_counter[1] + 1: null

2019-08-24 12:49:14 - [TEST_STEP][PASSED] - if (i == 4 &amp;&amp; wildList.indexOf(symbol) != -1): null

2019-08-24 12:49:14 - [TEST_STEP][PASSED] - symbols = symbols: null

2019-08-24 12:49:14 - [TEST_STEP][PASSED] - for ([j = 0, j &lt; symbols.size(), (j++)]): null

2019-08-24 12:49:14 - [TEST_STEP][PASSED] - symbol = symbol: null

2019-08-24 12:49:14 - [TEST_STEP][PASSED] - println(symbol): null

2019-08-24 12:49:14 - [TEST_STEP][PASSED] - if (i == 2 &amp;&amp; wildList.indexOf(symbol) != -1): null

2019-08-24 12:49:14 - [TEST_STEP][PASSED] - if (i == 3 &amp;&amp; wildList.indexOf(symbol) != -1): null

2019-08-24 12:49:14 - [TEST_STEP][PASSED] - if (i == 4 &amp;&amp; wildList.indexOf(symbol) != -1): null

2019-08-24 12:49:14 - [TEST_STEP][PASSED] - symbol = symbol: null

2019-08-24 12:49:14 - [TEST_STEP][PASSED] - println(symbol): null

2019-08-24 12:49:14 - [TEST_STEP][PASSED] - if (i == 2 &amp;&amp; wildList.indexOf(symbol) != -1): null

2019-08-24 12:49:14 - [TEST_STEP][PASSED] - if (i == 3 &amp;&amp; wildList.indexOf(symbol) != -1): null

2019-08-24 12:49:14 - [TEST_STEP][PASSED] - if (i == 4 &amp;&amp; wildList.indexOf(symbol) != -1): null

2019-08-24 12:49:14 - [TEST_STEP][PASSED] - symbol = symbol: null

2019-08-24 12:49:14 - [TEST_STEP][PASSED] - println(symbol): null

2019-08-24 12:49:14 - [TEST_STEP][PASSED] - if (i == 2 &amp;&amp; wildList.indexOf(symbol) != -1): null

2019-08-24 12:49:14 - [TEST_STEP][PASSED] - if (i == 3 &amp;&amp; wildList.indexOf(symbol) != -1): null

2019-08-24 12:49:14 - [TEST_STEP][PASSED] - if (i == 4 &amp;&amp; wildList.indexOf(symbol) != -1): null

2019-08-24 12:49:14 - [TEST_STEP][PASSED] - free_spin_reel_counter = free_spin_reel_counter: null

2019-08-24 12:49:14 - [TEST_STEP][PASSED] - println("reel 3 wild found: " + free_spin_reel_counter[0]): null

2019-08-24 12:49:14 - [TEST_STEP][PASSED] - println("reel 4 wild found: " + free_spin_reel_counter[1]): null

2019-08-24 12:49:14 - [TEST_STEP][PASSED] - println("reel 5 wild found: " + free_spin_reel_counter[2]): null

2019-08-24 12:49:14 - [TEST_STEP][PASSED] - M4_spin_reels = M4_spin_reels: null

2019-08-24 12:49:14 - [TEST_STEP][PASSED] - M4_spin_reels_symbols = symbol: null

2019-08-24 12:49:14 - [TEST_STEP][PASSED] - M4_spin_reels_symbols = M4_spin_reels_symbols: null

2019-08-24 12:49:14 - [TEST_STEP][PASSED] - M4_spin_reel_wins = reel_wins: null

2019-08-24 12:49:14 - [TEST_STEP][PASSED] - M4_spin_reel_wins = M4_spin_reel_wins: null

2019-08-24 12:49:14 - [TEST_STEP][PASSED] - println("GlobalVariable.M4_spin_reel_wins is: " + M4_spin_reel_wins): null

2019-08-24 12:49:14 - [TEST_STEP][PASSED] - M4_spin_total_bonus_win_this_round = total_bonus_win_this_round: null

2019-08-24 12:49:14 - [TEST_STEP][PASSED] - M4_spin_total_bonus_win_this_round = M4_spin_total_bonus_win_this_round: null

2019-08-24 12:49:14 - [TEST_STEP][PASSED] - println("GlobalVariable.M4_spin_total_bonus_win_this_round is: " + M4_spin_total_bonus_win_this_round): null

2019-08-24 12:49:14 - [TEST_STEP][PASSED] - M4_spin_bonus_spin_result = spin_result: null

2019-08-24 12:49:14 - [TEST_STEP][PASSED] - M4_spin_bonus_spin_result = M4_spin_bonus_spin_result: null

2019-08-24 12:49:14 - [MESSAGE][PASSED] - Verify response successfully

2019-08-24 12:49:14 - [MESSAGE][PASSED] - Send request and verify the response successfully

2019-08-24 12:49:14 - [TEST_STEP][PASSED] - if (M4_total_bonus_spins_int != 0 &amp;&amp; M4_spin_reels_symbols[2].contains("WILD_Double") || M4_spin_reels_symbols[4].contains("WILD_Triple")): null

2019-08-24 12:49:14 - [TEST_STEP][PASSED] - free_spin_reel_counter = free_spin_reel_counter: null

2019-08-24 12:49:14 - [TEST_STEP][PASSED] - M4_spin_reels_symbols = M4_spin_reels_symbols: null

2019-08-24 12:49:14 - [TEST_STEP][PASSED] - M4_total_bonus_spins = M4_total_bonus_spins: null

2019-08-24 12:49:14 - [TEST_STEP][PASSED] - spin_result = sendRequestAndVerify(findTestObject("INT/RGS(M4)/1_M4_spin", ["M4_login_user_id":M4_login_user_id, "rgs_session_token":rgs_session_token, "partner":Partner])): Send request and verify the response successfully

2019-08-24 12:49:14 - [MESSAGE][INFO] - HAR: /Users/eiralee/Katalon_Script/SuperWild/Reports/20190824_124242/INT/superWild_4/20190824_124242/requests/main/119.har

2019-08-24 12:49:14 - [TEST_CASE][PASSED] - Start Test Case : Verification: Verification accomplished successfully

2019-08-24 12:49:14 - [TEST_STEP][PASSED] - request = getInstance().getCurrentRequest(): null

2019-08-24 12:49:14 - [TEST_STEP][PASSED] - response = getInstance().getCurrentResponse(): null

2019-08-24 12:49:14 - [TEST_STEP][PASSED] - verifyResponseStatusCode(response, 200): Verify response status code successfully

2019-08-24 12:49:14 - [MESSAGE][PASSED] - Verify response status code successfully

2019-08-24 12:49:14 - [TEST_STEP][PASSED] - getStatusCode()).isEqualTo(200): null

2019-08-24 12:49:14 - [TEST_STEP][PASSED] - newline = System.getProperty("line.separator"): null

2019-08-24 12:49:14 - [TEST_STEP][PASSED] - M4_spin = new groovy.json.JsonSlurper(): null

2019-08-24 12:49:14 - [TEST_STEP][PASSED] - result_M4_spin = M4_spin.parseText(response.getResponseBodyContent()): null

2019-08-24 12:49:14 - [TEST_STEP][PASSED] - M4_spin_current_balance = current_balance: null

2019-08-24 12:49:14 - [TEST_STEP][PASSED] - M4_spin_current_balance = M4_spin_current_balance: null

2019-08-24 12:49:14 - [TEST_STEP][PASSED] - M4_spin_transaction_id = causality: null

2019-08-24 12:49:14 - [TEST_STEP][PASSED] - M4_spin_transaction_id = M4_spin_transaction_id: null

2019-08-24 12:49:14 - [TEST_STEP][PASSED] - M4_spin_round_id = round_id: null

2019-08-24 12:49:14 - [TEST_STEP][PASSED] - M4_spin_round_id = M4_spin_round_id: null

2019-08-24 12:49:14 - [TEST_STEP][PASSED] - M4_spin_line_wins = line_wins: null

2019-08-24 12:49:14 - [TEST_STEP][PASSED] - M4_spin_line_wins = M4_spin_line_wins: null

2019-08-24 12:49:14 - [TEST_STEP][PASSED] - M4_total_bonus_spins_int = total_bonus_spins: null

2019-08-24 12:49:14 - [TEST_STEP][PASSED] - println("******M4_total_bonus_spins type is:*******" + newline + getClass().getName()): null

2019-08-24 12:49:14 - [TEST_STEP][PASSED] - M4_total_bonus_spins_int = M4_total_bonus_spins_int: null

2019-08-24 12:49:14 - [TEST_STEP][PASSED] - M4_total_bonus_spins = Integer.toString(M4_total_bonus_spins_int): null

2019-08-24 12:49:14 - [TEST_STEP][PASSED] - M4_total_bonus_spins = M4_total_bonus_spins: null

2019-08-24 12:49:14 - [TEST_STEP][PASSED] - println("M4_total_bonus_spins is:" + M4_total_bonus_spins): null

2019-08-24 12:49:14 - [TEST_STEP][PASSED] - M4_spin_bonus_data = bonus_data: null

2019-08-24 12:49:14 - [TEST_STEP][PASSED] - M4_spin_features_triggered = result_M4_spin: null

2019-08-24 12:49:14 - [TEST_STEP][PASSED] - wild = []: null

2019-08-24 12:49:14 - [TEST_STEP][PASSED] - wild[0] = "WILD_Expanding": null

2019-08-24 12:49:14 - [TEST_STEP][PASSED] - wild[1] = "WILD_Normal": null

2019-08-24 12:49:14 - [TEST_STEP][PASSED] - wild[2] = "WILD_Double": null

2019-08-24 12:49:14 - [TEST_STEP][PASSED] - wild[3] = "WILD_ExtraFG": null

2019-08-24 12:49:14 - [TEST_STEP][PASSED] - wild[4] = "WILD_Triple": null

2019-08-24 12:49:14 - [TEST_STEP][PASSED] - wildList = Arrays.asList(wild): null

2019-08-24 12:49:14 - [TEST_STEP][PASSED] - wildList = wildList: null

2019-08-24 12:49:14 - [TEST_STEP][PASSED] - free_spin_reel_counter = []: null

2019-08-24 12:49:14 - [TEST_STEP][PASSED] - free_spin_reel_counter[0] = 0: null

2019-08-24 12:49:14 - [TEST_STEP][PASSED] - free_spin_reel_counter[1] = 0: null

2019-08-24 12:49:14 - [TEST_STEP][PASSED] - free_spin_reel_counter[2] = 0: null

2019-08-24 12:49:14 - [TEST_STEP][PASSED] - M4_spin_reels = reels: null

2019-08-24 12:49:14 - [TEST_STEP][PASSED] - for ([i = 0, i &lt; M4_spin_reels.size(), (i++)]): null

2019-08-24 12:49:14 - [TEST_STEP][PASSED] - symbols = symbols: null

2019-08-24 12:49:14 - [TEST_STEP][PASSED] - for ([j = 0, j &lt; symbols.size(), (j++)]): null

2019-08-24 12:49:14 - [TEST_STEP][PASSED] - symbol = symbol: null

2019-08-24 12:49:14 - [TEST_STEP][PASSED] - println(symbol): null

2019-08-24 12:49:14 - [TEST_STEP][PASSED] - if (i == 2 &amp;&amp; wildList.indexOf(symbol) != -1): null

2019-08-24 12:49:14 - [TEST_STEP][PASSED] - if (i == 3 &amp;&amp; wildList.indexOf(symbol) != -1): null

2019-08-24 12:49:14 - [TEST_STEP][PASSED] - if (i == 4 &amp;&amp; wildList.indexOf(symbol) != -1): null

2019-08-24 12:49:14 - [TEST_STEP][PASSED] - symbol = symbol: null

2019-08-24 12:49:14 - [TEST_STEP][PASSED] - println(symbol): null

2019-08-24 12:49:14 - [TEST_STEP][PASSED] - if (i == 2 &amp;&amp; wildList.indexOf(symbol) != -1): null

2019-08-24 12:49:14 - [TEST_STEP][PASSED] - if (i == 3 &amp;&amp; wildList.indexOf(symbol) != -1): null

2019-08-24 12:49:14 - [TEST_STEP][PASSED] - if (i == 4 &amp;&amp; wildList.indexOf(symbol) != -1): null

2019-08-24 12:49:14 - [TEST_STEP][PASSED] - symbol = symbol: null

2019-08-24 12:49:14 - [TEST_STEP][PASSED] - println(symbol): null

2019-08-24 12:49:14 - [TEST_STEP][PASSED] - if (i == 2 &amp;&amp; wildList.indexOf(symbol) != -1): null

2019-08-24 12:49:14 - [TEST_STEP][PASSED] - if (i == 3 &amp;&amp; wildList.indexOf(symbol) != -1): null

2019-08-24 12:49:14 - [TEST_STEP][PASSED] - if (i == 4 &amp;&amp; wildList.indexOf(symbol) != -1): null

2019-08-24 12:49:14 - [TEST_STEP][PASSED] - symbols = symbols: null

2019-08-24 12:49:14 - [TEST_STEP][PASSED] - for ([j = 0, j &lt; symbols.size(), (j++)]): null

2019-08-24 12:49:14 - [TEST_STEP][PASSED] - symbol = symbol: null

2019-08-24 12:49:14 - [TEST_STEP][PASSED] - println(symbol): null

2019-08-24 12:49:14 - [TEST_STEP][PASSED] - if (i == 2 &amp;&amp; wildList.indexOf(symbol) != -1): null

2019-08-24 12:49:14 - [TEST_STEP][PASSED] - if (i == 3 &amp;&amp; wildList.indexOf(symbol) != -1): null

2019-08-24 12:49:14 - [TEST_STEP][PASSED] - if (i == 4 &amp;&amp; wildList.indexOf(symbol) != -1): null

2019-08-24 12:49:14 - [TEST_STEP][PASSED] - symbol = symbol: null

2019-08-24 12:49:14 - [TEST_STEP][PASSED] - println(symbol): null

2019-08-24 12:49:14 - [TEST_STEP][PASSED] - if (i == 2 &amp;&amp; wildList.indexOf(symbol) != -1): null

2019-08-24 12:49:14 - [TEST_STEP][PASSED] - if (i == 3 &amp;&amp; wildList.indexOf(symbol) != -1): null

2019-08-24 12:49:14 - [TEST_STEP][PASSED] - if (i == 4 &amp;&amp; wildList.indexOf(symbol) != -1): null

2019-08-24 12:49:14 - [TEST_STEP][PASSED] - symbol = symbol: null

2019-08-24 12:49:14 - [TEST_STEP][PASSED] - println(symbol): null

2019-08-24 12:49:14 - [TEST_STEP][PASSED] - if (i == 2 &amp;&amp; wildList.indexOf(symbol) != -1): null

2019-08-24 12:49:14 - [TEST_STEP][PASSED] - if (i == 3 &amp;&amp; wildList.indexOf(symbol) != -1): null

2019-08-24 12:49:14 - [TEST_STEP][PASSED] - if (i == 4 &amp;&amp; wildList.indexOf(symbol) != -1): null

2019-08-24 12:49:14 - [TEST_STEP][PASSED] - symbols = symbols: null

2019-08-24 12:49:14 - [TEST_STEP][PASSED] - for ([j = 0, j &lt; symbols.size(), (j++)]): null

2019-08-24 12:49:14 - [TEST_STEP][PASSED] - symbol = symbol: null

2019-08-24 12:49:14 - [TEST_STEP][PASSED] - println(symbol): null

2019-08-24 12:49:14 - [TEST_STEP][PASSED] - if (i == 2 &amp;&amp; wildList.indexOf(symbol) != -1): null

2019-08-24 12:49:14 - [TEST_STEP][PASSED] - if (i == 3 &amp;&amp; wildList.indexOf(symbol) != -1): null

2019-08-24 12:49:14 - [TEST_STEP][PASSED] - if (i == 4 &amp;&amp; wildList.indexOf(symbol) != -1): null

2019-08-24 12:49:14 - [TEST_STEP][PASSED] - symbol = symbol: null

2019-08-24 12:49:14 - [TEST_STEP][PASSED] - println(symbol): null

2019-08-24 12:49:14 - [TEST_STEP][PASSED] - if (i == 2 &amp;&amp; wildList.indexOf(symbol) != -1): null

2019-08-24 12:49:14 - [TEST_STEP][PASSED] - if (i == 3 &amp;&amp; wildList.indexOf(symbol) != -1): null

2019-08-24 12:49:14 - [TEST_STEP][PASSED] - if (i == 4 &amp;&amp; wildList.indexOf(symbol) != -1): null

2019-08-24 12:49:14 - [TEST_STEP][PASSED] - symbol = symbol: null

2019-08-24 12:49:14 - [TEST_STEP][PASSED] - println(symbol): null

2019-08-24 12:49:14 - [TEST_STEP][PASSED] - if (i == 2 &amp;&amp; wildList.indexOf(symbol) != -1): null

2019-08-24 12:49:14 - [TEST_STEP][PASSED] - if (i == 3 &amp;&amp; wildList.indexOf(symbol) != -1): null

2019-08-24 12:49:14 - [TEST_STEP][PASSED] - if (i == 4 &amp;&amp; wildList.indexOf(symbol) != -1): null

2019-08-24 12:49:14 - [TEST_STEP][PASSED] - symbols = symbols: null

2019-08-24 12:49:14 - [TEST_STEP][PASSED] - for ([j = 0, j &lt; symbols.size(), (j++)]): null

2019-08-24 12:49:14 - [TEST_STEP][PASSED] - symbol = symbol: null

2019-08-24 12:49:14 - [TEST_STEP][PASSED] - println(symbol): null

2019-08-24 12:49:14 - [TEST_STEP][PASSED] - if (i == 2 &amp;&amp; wildList.indexOf(symbol) != -1): null

2019-08-24 12:49:14 - [TEST_STEP][PASSED] - if (i == 3 &amp;&amp; wildList.indexOf(symbol) != -1): null

2019-08-24 12:49:14 - [TEST_STEP][PASSED] - if (i == 4 &amp;&amp; wildList.indexOf(symbol) != -1): null

2019-08-24 12:49:14 - [TEST_STEP][PASSED] - symbol = symbol: null

2019-08-24 12:49:14 - [TEST_STEP][PASSED] - println(symbol): null

2019-08-24 12:49:14 - [TEST_STEP][PASSED] - if (i == 2 &amp;&amp; wildList.indexOf(symbol) != -1): null

2019-08-24 12:49:14 - [TEST_STEP][PASSED] - if (i == 3 &amp;&amp; wildList.indexOf(symbol) != -1): null

2019-08-24 12:49:14 - [TEST_STEP][PASSED] - if (i == 4 &amp;&amp; wildList.indexOf(symbol) != -1): null

2019-08-24 12:49:14 - [TEST_STEP][PASSED] - symbol = symbol: null

2019-08-24 12:49:14 - [TEST_STEP][PASSED] - println(symbol): null

2019-08-24 12:49:14 - [TEST_STEP][PASSED] - if (i == 2 &amp;&amp; wildList.indexOf(symbol) != -1): null

2019-08-24 12:49:14 - [TEST_STEP][PASSED] - if (i == 3 &amp;&amp; wildList.indexOf(symbol) != -1): null

2019-08-24 12:49:14 - [TEST_STEP][PASSED] - if (i == 4 &amp;&amp; wildList.indexOf(symbol) != -1): null

2019-08-24 12:49:14 - [TEST_STEP][PASSED] - symbols = symbols: null

2019-08-24 12:49:14 - [TEST_STEP][PASSED] - for ([j = 0, j &lt; symbols.size(), (j++)]): null

2019-08-24 12:49:14 - [TEST_STEP][PASSED] - symbol = symbol: null

2019-08-24 12:49:14 - [TEST_STEP][PASSED] - println(symbol): null

2019-08-24 12:49:14 - [TEST_STEP][PASSED] - if (i == 2 &amp;&amp; wildList.indexOf(symbol) != -1): null

2019-08-24 12:49:14 - [TEST_STEP][PASSED] - if (i == 3 &amp;&amp; wildList.indexOf(symbol) != -1): null

2019-08-24 12:49:14 - [TEST_STEP][PASSED] - if (i == 4 &amp;&amp; wildList.indexOf(symbol) != -1): null

2019-08-24 12:49:14 - [TEST_STEP][PASSED] - symbol = symbol: null

2019-08-24 12:49:14 - [TEST_STEP][PASSED] - println(symbol): null

2019-08-24 12:49:14 - [TEST_STEP][PASSED] - if (i == 2 &amp;&amp; wildList.indexOf(symbol) != -1): null

2019-08-24 12:49:14 - [TEST_STEP][PASSED] - if (i == 3 &amp;&amp; wildList.indexOf(symbol) != -1): null

2019-08-24 12:49:14 - [TEST_STEP][PASSED] - if (i == 4 &amp;&amp; wildList.indexOf(symbol) != -1): null

2019-08-24 12:49:14 - [TEST_STEP][PASSED] - symbol = symbol: null

2019-08-24 12:49:14 - [TEST_STEP][PASSED] - println(symbol): null

2019-08-24 12:49:14 - [TEST_STEP][PASSED] - if (i == 2 &amp;&amp; wildList.indexOf(symbol) != -1): null

2019-08-24 12:49:14 - [TEST_STEP][PASSED] - if (i == 3 &amp;&amp; wildList.indexOf(symbol) != -1): null

2019-08-24 12:49:14 - [TEST_STEP][PASSED] - if (i == 4 &amp;&amp; wildList.indexOf(symbol) != -1): null

2019-08-24 12:49:14 - [TEST_STEP][PASSED] - free_spin_reel_counter = free_spin_reel_counter: null

2019-08-24 12:49:14 - [TEST_STEP][PASSED] - println("reel 3 wild found: " + free_spin_reel_counter[0]): null

2019-08-24 12:49:14 - [TEST_STEP][PASSED] - println("reel 4 wild found: " + free_spin_reel_counter[1]): null

2019-08-24 12:49:14 - [TEST_STEP][PASSED] - println("reel 5 wild found: " + free_spin_reel_counter[2]): null

2019-08-24 12:49:14 - [TEST_STEP][PASSED] - M4_spin_reels = M4_spin_reels: null

2019-08-24 12:49:14 - [TEST_STEP][PASSED] - M4_spin_reels_symbols = symbol: null

2019-08-24 12:49:14 - [TEST_STEP][PASSED] - M4_spin_reels_symbols = M4_spin_reels_symbols: null

2019-08-24 12:49:14 - [TEST_STEP][PASSED] - M4_spin_reel_wins = reel_wins: null

2019-08-24 12:49:14 - [TEST_STEP][PASSED] - M4_spin_reel_wins = M4_spin_reel_wins: null

2019-08-24 12:49:14 - [TEST_STEP][PASSED] - println("GlobalVariable.M4_spin_reel_wins is: " + M4_spin_reel_wins): null

2019-08-24 12:49:14 - [TEST_STEP][PASSED] - M4_spin_total_bonus_win_this_round = total_bonus_win_this_round: null

2019-08-24 12:49:14 - [TEST_STEP][PASSED] - M4_spin_total_bonus_win_this_round = M4_spin_total_bonus_win_this_round: null

2019-08-24 12:49:14 - [TEST_STEP][PASSED] - println("GlobalVariable.M4_spin_total_bonus_win_this_round is: " + M4_spin_total_bonus_win_this_round): null

2019-08-24 12:49:14 - [TEST_STEP][PASSED] - M4_spin_bonus_spin_result = spin_result: null

2019-08-24 12:49:14 - [TEST_STEP][PASSED] - M4_spin_bonus_spin_result = M4_spin_bonus_spin_result: null

2019-08-24 12:49:14 - [MESSAGE][PASSED] - Verify response successfully

2019-08-24 12:49:14 - [MESSAGE][PASSED] - Send request and verify the response successfully

2019-08-24 12:49:14 - [TEST_STEP][PASSED] - if (M4_total_bonus_spins_int != 0 &amp;&amp; M4_spin_reels_symbols[2].contains("WILD_Double") || M4_spin_reels_symbols[4].contains("WILD_Triple")): null

2019-08-24 12:49:14 - [TEST_STEP][PASSED] - free_spin_reel_counter = free_spin_reel_counter: null

2019-08-24 12:49:14 - [TEST_STEP][PASSED] - M4_spin_reels_symbols = M4_spin_reels_symbols: null

2019-08-24 12:49:14 - [TEST_STEP][PASSED] - M4_total_bonus_spins = M4_total_bonus_spins: null

2019-08-24 12:49:14 - [TEST_STEP][PASSED] - spin_result = sendRequestAndVerify(findTestObject("INT/RGS(M4)/1_M4_spin", ["M4_login_user_id":M4_login_user_id, "rgs_session_token":rgs_session_token, "partner":Partner])): Send request and verify the response successfully

2019-08-24 12:49:15 - [MESSAGE][INFO] - HAR: /Users/eiralee/Katalon_Script/SuperWild/Reports/20190824_124242/INT/superWild_4/20190824_124242/requests/main/120.har

2019-08-24 12:49:15 - [TEST_CASE][PASSED] - Start Test Case : Verification: Verification accomplished successfully

2019-08-24 12:49:15 - [TEST_STEP][PASSED] - request = getInstance().getCurrentRequest(): null

2019-08-24 12:49:15 - [TEST_STEP][PASSED] - response = getInstance().getCurrentResponse(): null

2019-08-24 12:49:15 - [TEST_STEP][PASSED] - verifyResponseStatusCode(response, 200): Verify response status code successfully

2019-08-24 12:49:15 - [MESSAGE][PASSED] - Verify response status code successfully

2019-08-24 12:49:15 - [TEST_STEP][PASSED] - getStatusCode()).isEqualTo(200): null

2019-08-24 12:49:15 - [TEST_STEP][PASSED] - newline = System.getProperty("line.separator"): null

2019-08-24 12:49:15 - [TEST_STEP][PASSED] - M4_spin = new groovy.json.JsonSlurper(): null

2019-08-24 12:49:15 - [TEST_STEP][PASSED] - result_M4_spin = M4_spin.parseText(response.getResponseBodyContent()): null

2019-08-24 12:49:15 - [TEST_STEP][PASSED] - M4_spin_current_balance = current_balance: null

2019-08-24 12:49:15 - [TEST_STEP][PASSED] - M4_spin_current_balance = M4_spin_current_balance: null

2019-08-24 12:49:15 - [TEST_STEP][PASSED] - M4_spin_transaction_id = causality: null

2019-08-24 12:49:15 - [TEST_STEP][PASSED] - M4_spin_transaction_id = M4_spin_transaction_id: null

2019-08-24 12:49:15 - [TEST_STEP][PASSED] - M4_spin_round_id = round_id: null

2019-08-24 12:49:15 - [TEST_STEP][PASSED] - M4_spin_round_id = M4_spin_round_id: null

2019-08-24 12:49:15 - [TEST_STEP][PASSED] - M4_spin_line_wins = line_wins: null

2019-08-24 12:49:15 - [TEST_STEP][PASSED] - M4_spin_line_wins = M4_spin_line_wins: null

2019-08-24 12:49:15 - [TEST_STEP][PASSED] - M4_total_bonus_spins_int = total_bonus_spins: null

2019-08-24 12:49:15 - [TEST_STEP][PASSED] - println("******M4_total_bonus_spins type is:*******" + newline + getClass().getName()): null

2019-08-24 12:49:15 - [TEST_STEP][PASSED] - M4_total_bonus_spins_int = M4_total_bonus_spins_int: null

2019-08-24 12:49:15 - [TEST_STEP][PASSED] - M4_total_bonus_spins = Integer.toString(M4_total_bonus_spins_int): null

2019-08-24 12:49:15 - [TEST_STEP][PASSED] - M4_total_bonus_spins = M4_total_bonus_spins: null

2019-08-24 12:49:15 - [TEST_STEP][PASSED] - println("M4_total_bonus_spins is:" + M4_total_bonus_spins): null

2019-08-24 12:49:15 - [TEST_STEP][PASSED] - M4_spin_bonus_data = bonus_data: null

2019-08-24 12:49:15 - [TEST_STEP][PASSED] - M4_spin_features_triggered = result_M4_spin: null

2019-08-24 12:49:15 - [TEST_STEP][PASSED] - wild = []: null

2019-08-24 12:49:15 - [TEST_STEP][PASSED] - wild[0] = "WILD_Expanding": null

2019-08-24 12:49:15 - [TEST_STEP][PASSED] - wild[1] = "WILD_Normal": null

2019-08-24 12:49:15 - [TEST_STEP][PASSED] - wild[2] = "WILD_Double": null

2019-08-24 12:49:15 - [TEST_STEP][PASSED] - wild[3] = "WILD_ExtraFG": null

2019-08-24 12:49:15 - [TEST_STEP][PASSED] - wild[4] = "WILD_Triple": null

2019-08-24 12:49:15 - [TEST_STEP][PASSED] - wildList = Arrays.asList(wild): null

2019-08-24 12:49:15 - [TEST_STEP][PASSED] - wildList = wildList: null

2019-08-24 12:49:15 - [TEST_STEP][PASSED] - free_spin_reel_counter = []: null

2019-08-24 12:49:15 - [TEST_STEP][PASSED] - free_spin_reel_counter[0] = 0: null

2019-08-24 12:49:15 - [TEST_STEP][PASSED] - free_spin_reel_counter[1] = 0: null

2019-08-24 12:49:15 - [TEST_STEP][PASSED] - free_spin_reel_counter[2] = 0: null

2019-08-24 12:49:15 - [TEST_STEP][PASSED] - M4_spin_reels = reels: null

2019-08-24 12:49:15 - [TEST_STEP][PASSED] - for ([i = 0, i &lt; M4_spin_reels.size(), (i++)]): null

2019-08-24 12:49:15 - [TEST_STEP][PASSED] - symbols = symbols: null

2019-08-24 12:49:15 - [TEST_STEP][PASSED] - for ([j = 0, j &lt; symbols.size(), (j++)]): null

2019-08-24 12:49:15 - [TEST_STEP][PASSED] - symbol = symbol: null

2019-08-24 12:49:15 - [TEST_STEP][PASSED] - println(symbol): null

2019-08-24 12:49:15 - [TEST_STEP][PASSED] - if (i == 2 &amp;&amp; wildList.indexOf(symbol) != -1): null

2019-08-24 12:49:15 - [TEST_STEP][PASSED] - if (i == 3 &amp;&amp; wildList.indexOf(symbol) != -1): null

2019-08-24 12:49:15 - [TEST_STEP][PASSED] - if (i == 4 &amp;&amp; wildList.indexOf(symbol) != -1): null

2019-08-24 12:49:15 - [TEST_STEP][PASSED] - symbol = symbol: null

2019-08-24 12:49:15 - [TEST_STEP][PASSED] - println(symbol): null

2019-08-24 12:49:15 - [TEST_STEP][PASSED] - if (i == 2 &amp;&amp; wildList.indexOf(symbol) != -1): null

2019-08-24 12:49:15 - [TEST_STEP][PASSED] - if (i == 3 &amp;&amp; wildList.indexOf(symbol) != -1): null

2019-08-24 12:49:15 - [TEST_STEP][PASSED] - if (i == 4 &amp;&amp; wildList.indexOf(symbol) != -1): null

2019-08-24 12:49:15 - [TEST_STEP][PASSED] - symbol = symbol: null

2019-08-24 12:49:15 - [TEST_STEP][PASSED] - println(symbol): null

2019-08-24 12:49:15 - [TEST_STEP][PASSED] - if (i == 2 &amp;&amp; wildList.indexOf(symbol) != -1): null

2019-08-24 12:49:15 - [TEST_STEP][PASSED] - if (i == 3 &amp;&amp; wildList.indexOf(symbol) != -1): null

2019-08-24 12:49:15 - [TEST_STEP][PASSED] - if (i == 4 &amp;&amp; wildList.indexOf(symbol) != -1): null

2019-08-24 12:49:15 - [TEST_STEP][PASSED] - symbols = symbols: null

2019-08-24 12:49:15 - [TEST_STEP][PASSED] - for ([j = 0, j &lt; symbols.size(), (j++)]): null

2019-08-24 12:49:15 - [TEST_STEP][PASSED] - symbol = symbol: null

2019-08-24 12:49:15 - [TEST_STEP][PASSED] - println(symbol): null

2019-08-24 12:49:15 - [TEST_STEP][PASSED] - if (i == 2 &amp;&amp; wildList.indexOf(symbol) != -1): null

2019-08-24 12:49:15 - [TEST_STEP][PASSED] - if (i == 3 &amp;&amp; wildList.indexOf(symbol) != -1): null

2019-08-24 12:49:15 - [TEST_STEP][PASSED] - if (i == 4 &amp;&amp; wildList.indexOf(symbol) != -1): null

2019-08-24 12:49:15 - [TEST_STEP][PASSED] - symbol = symbol: null

2019-08-24 12:49:15 - [TEST_STEP][PASSED] - println(symbol): null

2019-08-24 12:49:15 - [TEST_STEP][PASSED] - if (i == 2 &amp;&amp; wildList.indexOf(symbol) != -1): null

2019-08-24 12:49:15 - [TEST_STEP][PASSED] - if (i == 3 &amp;&amp; wildList.indexOf(symbol) != -1): null

2019-08-24 12:49:15 - [TEST_STEP][PASSED] - if (i == 4 &amp;&amp; wildList.indexOf(symbol) != -1): null

2019-08-24 12:49:15 - [TEST_STEP][PASSED] - symbol = symbol: null

2019-08-24 12:49:15 - [TEST_STEP][PASSED] - println(symbol): null

2019-08-24 12:49:15 - [TEST_STEP][PASSED] - if (i == 2 &amp;&amp; wildList.indexOf(symbol) != -1): null

2019-08-24 12:49:15 - [TEST_STEP][PASSED] - if (i == 3 &amp;&amp; wildList.indexOf(symbol) != -1): null

2019-08-24 12:49:15 - [TEST_STEP][PASSED] - if (i == 4 &amp;&amp; wildList.indexOf(symbol) != -1): null

2019-08-24 12:49:15 - [TEST_STEP][PASSED] - symbols = symbols: null

2019-08-24 12:49:15 - [TEST_STEP][PASSED] - for ([j = 0, j &lt; symbols.size(), (j++)]): null

2019-08-24 12:49:15 - [TEST_STEP][PASSED] - symbol = symbol: null

2019-08-24 12:49:15 - [TEST_STEP][PASSED] - println(symbol): null

2019-08-24 12:49:15 - [TEST_STEP][PASSED] - if (i == 2 &amp;&amp; wildList.indexOf(symbol) != -1): null

2019-08-24 12:49:15 - [TEST_STEP][PASSED] - println("wild found on reel 3, adding counter by 1"): null

2019-08-24 12:49:15 - [TEST_STEP][PASSED] - free_spin_reel_counter[0] = free_spin_reel_counter[0] + 1: null

2019-08-24 12:49:15 - [TEST_STEP][PASSED] - if (i == 3 &amp;&amp; wildList.indexOf(symbol) != -1): null

2019-08-24 12:49:15 - [TEST_STEP][PASSED] - if (i == 4 &amp;&amp; wildList.indexOf(symbol) != -1): null

2019-08-24 12:49:15 - [TEST_STEP][PASSED] - symbol = symbol: null

2019-08-24 12:49:15 - [TEST_STEP][PASSED] - println(symbol): null

2019-08-24 12:49:15 - [TEST_STEP][PASSED] - if (i == 2 &amp;&amp; wildList.indexOf(symbol) != -1): null

2019-08-24 12:49:15 - [TEST_STEP][PASSED] - if (i == 3 &amp;&amp; wildList.indexOf(symbol) != -1): null

2019-08-24 12:49:15 - [TEST_STEP][PASSED] - if (i == 4 &amp;&amp; wildList.indexOf(symbol) != -1): null

2019-08-24 12:49:15 - [TEST_STEP][PASSED] - symbol = symbol: null

2019-08-24 12:49:15 - [TEST_STEP][PASSED] - println(symbol): null

2019-08-24 12:49:19 - [TEST_STEP][PASSED] - if (i == 2 &amp;&amp; wildList.indexOf(symbol) != -1): null

2019-08-24 12:49:19 - [TEST_STEP][PASSED] - if (i == 3 &amp;&amp; wildList.indexOf(symbol) != -1): null

2019-08-24 12:49:19 - [TEST_STEP][PASSED] - if (i == 4 &amp;&amp; wildList.indexOf(symbol) != -1): null

2019-08-24 12:49:19 - [TEST_STEP][PASSED] - symbols = symbols: null

2019-08-24 12:49:19 - [TEST_STEP][PASSED] - for ([j = 0, j &lt; symbols.size(), (j++)]): null

2019-08-24 12:49:19 - [TEST_STEP][PASSED] - symbol = symbol: null

2019-08-24 12:49:19 - [TEST_STEP][PASSED] - println(symbol): null

2019-08-24 12:49:19 - [TEST_STEP][PASSED] - if (i == 2 &amp;&amp; wildList.indexOf(symbol) != -1): null

2019-08-24 12:49:19 - [TEST_STEP][PASSED] - if (i == 3 &amp;&amp; wildList.indexOf(symbol) != -1): null

2019-08-24 12:49:19 - [TEST_STEP][PASSED] - if (i == 4 &amp;&amp; wildList.indexOf(symbol) != -1): null

2019-08-24 12:49:19 - [TEST_STEP][PASSED] - symbol = symbol: null

2019-08-24 12:49:19 - [TEST_STEP][PASSED] - println(symbol): null

2019-08-24 12:49:19 - [TEST_STEP][PASSED] - if (i == 2 &amp;&amp; wildList.indexOf(symbol) != -1): null

2019-08-24 12:49:19 - [TEST_STEP][PASSED] - if (i == 3 &amp;&amp; wildList.indexOf(symbol) != -1): null

2019-08-24 12:49:19 - [TEST_STEP][PASSED] - if (i == 4 &amp;&amp; wildList.indexOf(symbol) != -1): null

2019-08-24 12:49:19 - [TEST_STEP][PASSED] - symbol = symbol: null

2019-08-24 12:49:19 - [TEST_STEP][PASSED] - println(symbol): null

2019-08-24 12:49:19 - [TEST_STEP][PASSED] - if (i == 2 &amp;&amp; wildList.indexOf(symbol) != -1): null

2019-08-24 12:49:19 - [TEST_STEP][PASSED] - if (i == 3 &amp;&amp; wildList.indexOf(symbol) != -1): null

2019-08-24 12:49:19 - [TEST_STEP][PASSED] - if (i == 4 &amp;&amp; wildList.indexOf(symbol) != -1): null

2019-08-24 12:49:19 - [TEST_STEP][PASSED] - symbols = symbols: null

2019-08-24 12:49:19 - [TEST_STEP][PASSED] - for ([j = 0, j &lt; symbols.size(), (j++)]): null

2019-08-24 12:49:19 - [TEST_STEP][PASSED] - symbol = symbol: null

2019-08-24 12:49:19 - [TEST_STEP][PASSED] - println(symbol): null

2019-08-24 12:49:19 - [TEST_STEP][PASSED] - if (i == 2 &amp;&amp; wildList.indexOf(symbol) != -1): null

2019-08-24 12:49:19 - [TEST_STEP][PASSED] - if (i == 3 &amp;&amp; wildList.indexOf(symbol) != -1): null

2019-08-24 12:49:19 - [TEST_STEP][PASSED] - if (i == 4 &amp;&amp; wildList.indexOf(symbol) != -1): null

2019-08-24 12:49:19 - [TEST_STEP][PASSED] - symbol = symbol: null

2019-08-24 12:49:19 - [TEST_STEP][PASSED] - println(symbol): null

2019-08-24 12:49:19 - [TEST_STEP][PASSED] - if (i == 2 &amp;&amp; wildList.indexOf(symbol) != -1): null

2019-08-24 12:49:19 - [TEST_STEP][PASSED] - if (i == 3 &amp;&amp; wildList.indexOf(symbol) != -1): null

2019-08-24 12:49:19 - [TEST_STEP][PASSED] - if (i == 4 &amp;&amp; wildList.indexOf(symbol) != -1): null

2019-08-24 12:49:19 - [TEST_STEP][PASSED] - symbol = symbol: null

2019-08-24 12:49:19 - [TEST_STEP][PASSED] - println(symbol): null

2019-08-24 12:49:19 - [TEST_STEP][PASSED] - if (i == 2 &amp;&amp; wildList.indexOf(symbol) != -1): null

2019-08-24 12:49:19 - [TEST_STEP][PASSED] - if (i == 3 &amp;&amp; wildList.indexOf(symbol) != -1): null

2019-08-24 12:49:19 - [TEST_STEP][PASSED] - if (i == 4 &amp;&amp; wildList.indexOf(symbol) != -1): null

2019-08-24 12:49:19 - [TEST_STEP][PASSED] - free_spin_reel_counter = free_spin_reel_counter: null

2019-08-24 12:49:19 - [TEST_STEP][PASSED] - println("reel 3 wild found: " + free_spin_reel_counter[0]): null

2019-08-24 12:49:19 - [TEST_STEP][PASSED] - println("reel 4 wild found: " + free_spin_reel_counter[1]): null

2019-08-24 12:49:19 - [TEST_STEP][PASSED] - println("reel 5 wild found: " + free_spin_reel_counter[2]): null

2019-08-24 12:49:19 - [TEST_STEP][PASSED] - M4_spin_reels = M4_spin_reels: null

2019-08-24 12:49:19 - [TEST_STEP][PASSED] - M4_spin_reels_symbols = symbol: null

2019-08-24 12:49:19 - [TEST_STEP][PASSED] - M4_spin_reels_symbols = M4_spin_reels_symbols: null

2019-08-24 12:49:19 - [TEST_STEP][PASSED] - M4_spin_reel_wins = reel_wins: null

2019-08-24 12:49:19 - [TEST_STEP][PASSED] - M4_spin_reel_wins = M4_spin_reel_wins: null

2019-08-24 12:49:19 - [TEST_STEP][PASSED] - println("GlobalVariable.M4_spin_reel_wins is: " + M4_spin_reel_wins): null

2019-08-24 12:49:19 - [TEST_STEP][PASSED] - M4_spin_total_bonus_win_this_round = total_bonus_win_this_round: null

2019-08-24 12:49:19 - [TEST_STEP][PASSED] - M4_spin_total_bonus_win_this_round = M4_spin_total_bonus_win_this_round: null

2019-08-24 12:49:19 - [TEST_STEP][PASSED] - println("GlobalVariable.M4_spin_total_bonus_win_this_round is: " + M4_spin_total_bonus_win_this_round): null

2019-08-24 12:49:19 - [TEST_STEP][PASSED] - M4_spin_bonus_spin_result = spin_result: null

2019-08-24 12:49:19 - [TEST_STEP][PASSED] - M4_spin_bonus_spin_result = M4_spin_bonus_spin_result: null

2019-08-24 12:49:19 - [MESSAGE][PASSED] - Verify response successfully

2019-08-24 12:49:19 - [MESSAGE][PASSED] - Send request and verify the response successfully

2019-08-24 12:49:19 - [TEST_STEP][PASSED] - if (M4_total_bonus_spins_int != 0 &amp;&amp; M4_spin_reels_symbols[2].contains("WILD_Double") || M4_spin_reels_symbols[4].contains("WILD_Triple")): null

2019-08-24 12:49:19 - [TEST_STEP][PASSED] - free_spin_reel_counter = free_spin_reel_counter: null

2019-08-24 12:49:19 - [TEST_STEP][PASSED] - M4_spin_reels_symbols = M4_spin_reels_symbols: null

2019-08-24 12:49:19 - [TEST_STEP][PASSED] - M4_total_bonus_spins = M4_total_bonus_spins: null

2019-08-24 12:49:19 - [TEST_STEP][PASSED] - spin_result = sendRequestAndVerify(findTestObject("INT/RGS(M4)/1_M4_spin", ["M4_login_user_id":M4_login_user_id, "rgs_session_token":rgs_session_token, "partner":Partner])): Send request and verify the response successfully

2019-08-24 12:49:20 - [MESSAGE][INFO] - HAR: /Users/eiralee/Katalon_Script/SuperWild/Reports/20190824_124242/INT/superWild_4/20190824_124242/requests/main/121.har

2019-08-24 12:49:20 - [TEST_CASE][PASSED] - Start Test Case : Verification: Verification accomplished successfully

2019-08-24 12:49:20 - [TEST_STEP][PASSED] - request = getInstance().getCurrentRequest(): null

2019-08-24 12:49:20 - [TEST_STEP][PASSED] - response = getInstance().getCurrentResponse(): null

2019-08-24 12:49:20 - [TEST_STEP][PASSED] - verifyResponseStatusCode(response, 200): Verify response status code successfully

2019-08-24 12:49:20 - [MESSAGE][PASSED] - Verify response status code successfully

2019-08-24 12:49:20 - [TEST_STEP][PASSED] - getStatusCode()).isEqualTo(200): null

2019-08-24 12:49:20 - [TEST_STEP][PASSED] - newline = System.getProperty("line.separator"): null

2019-08-24 12:49:20 - [TEST_STEP][PASSED] - M4_spin = new groovy.json.JsonSlurper(): null

2019-08-24 12:49:20 - [TEST_STEP][PASSED] - result_M4_spin = M4_spin.parseText(response.getResponseBodyContent()): null

2019-08-24 12:49:20 - [TEST_STEP][PASSED] - M4_spin_current_balance = current_balance: null

2019-08-24 12:49:20 - [TEST_STEP][PASSED] - M4_spin_current_balance = M4_spin_current_balance: null

2019-08-24 12:49:20 - [TEST_STEP][PASSED] - M4_spin_transaction_id = causality: null

2019-08-24 12:49:20 - [TEST_STEP][PASSED] - M4_spin_transaction_id = M4_spin_transaction_id: null

2019-08-24 12:49:20 - [TEST_STEP][PASSED] - M4_spin_round_id = round_id: null

2019-08-24 12:49:20 - [TEST_STEP][PASSED] - M4_spin_round_id = M4_spin_round_id: null

2019-08-24 12:49:20 - [TEST_STEP][PASSED] - M4_spin_line_wins = line_wins: null

2019-08-24 12:49:20 - [TEST_STEP][PASSED] - M4_spin_line_wins = M4_spin_line_wins: null

2019-08-24 12:49:20 - [TEST_STEP][PASSED] - M4_total_bonus_spins_int = total_bonus_spins: null

2019-08-24 12:49:20 - [TEST_STEP][PASSED] - println("******M4_total_bonus_spins type is:*******" + newline + getClass().getName()): null

2019-08-24 12:49:20 - [TEST_STEP][PASSED] - M4_total_bonus_spins_int = M4_total_bonus_spins_int: null

2019-08-24 12:49:20 - [TEST_STEP][PASSED] - M4_total_bonus_spins = Integer.toString(M4_total_bonus_spins_int): null

2019-08-24 12:49:20 - [TEST_STEP][PASSED] - M4_total_bonus_spins = M4_total_bonus_spins: null

2019-08-24 12:49:20 - [TEST_STEP][PASSED] - println("M4_total_bonus_spins is:" + M4_total_bonus_spins): null

2019-08-24 12:49:20 - [TEST_STEP][PASSED] - M4_spin_bonus_data = bonus_data: null

2019-08-24 12:49:20 - [TEST_STEP][PASSED] - M4_spin_features_triggered = result_M4_spin: null

2019-08-24 12:49:20 - [TEST_STEP][PASSED] - wild = []: null

2019-08-24 12:49:20 - [TEST_STEP][PASSED] - wild[0] = "WILD_Expanding": null

2019-08-24 12:49:20 - [TEST_STEP][PASSED] - wild[1] = "WILD_Normal": null

2019-08-24 12:49:20 - [TEST_STEP][PASSED] - wild[2] = "WILD_Double": null

2019-08-24 12:49:20 - [TEST_STEP][PASSED] - wild[3] = "WILD_ExtraFG": null

2019-08-24 12:49:20 - [TEST_STEP][PASSED] - wild[4] = "WILD_Triple": null

2019-08-24 12:49:20 - [TEST_STEP][PASSED] - wildList = Arrays.asList(wild): null

2019-08-24 12:49:20 - [TEST_STEP][PASSED] - wildList = wildList: null

2019-08-24 12:49:20 - [TEST_STEP][PASSED] - free_spin_reel_counter = []: null

2019-08-24 12:49:20 - [TEST_STEP][PASSED] - free_spin_reel_counter[0] = 0: null

2019-08-24 12:49:20 - [TEST_STEP][PASSED] - free_spin_reel_counter[1] = 0: null

2019-08-24 12:49:20 - [TEST_STEP][PASSED] - free_spin_reel_counter[2] = 0: null

2019-08-24 12:49:20 - [TEST_STEP][PASSED] - M4_spin_reels = reels: null

2019-08-24 12:49:20 - [TEST_STEP][PASSED] - for ([i = 0, i &lt; M4_spin_reels.size(), (i++)]): null

2019-08-24 12:49:20 - [TEST_STEP][PASSED] - symbols = symbols: null

2019-08-24 12:49:20 - [TEST_STEP][PASSED] - for ([j = 0, j &lt; symbols.size(), (j++)]): null

2019-08-24 12:49:20 - [TEST_STEP][PASSED] - symbol = symbol: null

2019-08-24 12:49:20 - [TEST_STEP][PASSED] - println(symbol): null

2019-08-24 12:49:20 - [TEST_STEP][PASSED] - if (i == 2 &amp;&amp; wildList.indexOf(symbol) != -1): null

2019-08-24 12:49:20 - [TEST_STEP][PASSED] - if (i == 3 &amp;&amp; wildList.indexOf(symbol) != -1): null

2019-08-24 12:49:20 - [TEST_STEP][PASSED] - if (i == 4 &amp;&amp; wildList.indexOf(symbol) != -1): null

2019-08-24 12:49:20 - [TEST_STEP][PASSED] - symbol = symbol: null

2019-08-24 12:49:20 - [TEST_STEP][PASSED] - println(symbol): null

2019-08-24 12:49:20 - [TEST_STEP][PASSED] - if (i == 2 &amp;&amp; wildList.indexOf(symbol) != -1): null

2019-08-24 12:49:20 - [TEST_STEP][PASSED] - if (i == 3 &amp;&amp; wildList.indexOf(symbol) != -1): null

2019-08-24 12:49:20 - [TEST_STEP][PASSED] - if (i == 4 &amp;&amp; wildList.indexOf(symbol) != -1): null

2019-08-24 12:49:20 - [TEST_STEP][PASSED] - symbol = symbol: null

2019-08-24 12:49:20 - [TEST_STEP][PASSED] - println(symbol): null

2019-08-24 12:49:20 - [TEST_STEP][PASSED] - if (i == 2 &amp;&amp; wildList.indexOf(symbol) != -1): null

2019-08-24 12:49:20 - [TEST_STEP][PASSED] - if (i == 3 &amp;&amp; wildList.indexOf(symbol) != -1): null

2019-08-24 12:49:20 - [TEST_STEP][PASSED] - if (i == 4 &amp;&amp; wildList.indexOf(symbol) != -1): null

2019-08-24 12:49:20 - [TEST_STEP][PASSED] - symbols = symbols: null

2019-08-24 12:49:20 - [TEST_STEP][PASSED] - for ([j = 0, j &lt; symbols.size(), (j++)]): null

2019-08-24 12:49:20 - [TEST_STEP][PASSED] - symbol = symbol: null

2019-08-24 12:49:20 - [TEST_STEP][PASSED] - println(symbol): null

2019-08-24 12:49:20 - [TEST_STEP][PASSED] - if (i == 2 &amp;&amp; wildList.indexOf(symbol) != -1): null

2019-08-24 12:49:20 - [TEST_STEP][PASSED] - if (i == 3 &amp;&amp; wildList.indexOf(symbol) != -1): null

2019-08-24 12:49:20 - [TEST_STEP][PASSED] - if (i == 4 &amp;&amp; wildList.indexOf(symbol) != -1): null

2019-08-24 12:49:20 - [TEST_STEP][PASSED] - symbol = symbol: null

2019-08-24 12:49:20 - [TEST_STEP][PASSED] - println(symbol): null

2019-08-24 12:49:20 - [TEST_STEP][PASSED] - if (i == 2 &amp;&amp; wildList.indexOf(symbol) != -1): null

2019-08-24 12:49:20 - [TEST_STEP][PASSED] - if (i == 3 &amp;&amp; wildList.indexOf(symbol) != -1): null

2019-08-24 12:49:20 - [TEST_STEP][PASSED] - if (i == 4 &amp;&amp; wildList.indexOf(symbol) != -1): null

2019-08-24 12:49:20 - [TEST_STEP][PASSED] - symbol = symbol: null

2019-08-24 12:49:20 - [TEST_STEP][PASSED] - println(symbol): null

2019-08-24 12:49:20 - [TEST_STEP][PASSED] - if (i == 2 &amp;&amp; wildList.indexOf(symbol) != -1): null

2019-08-24 12:49:20 - [TEST_STEP][PASSED] - if (i == 3 &amp;&amp; wildList.indexOf(symbol) != -1): null

2019-08-24 12:49:20 - [TEST_STEP][PASSED] - if (i == 4 &amp;&amp; wildList.indexOf(symbol) != -1): null

2019-08-24 12:49:20 - [TEST_STEP][PASSED] - symbols = symbols: null

2019-08-24 12:49:20 - [TEST_STEP][PASSED] - for ([j = 0, j &lt; symbols.size(), (j++)]): null

2019-08-24 12:49:20 - [TEST_STEP][PASSED] - symbol = symbol: null

2019-08-24 12:49:20 - [TEST_STEP][PASSED] - println(symbol): null

2019-08-24 12:49:20 - [TEST_STEP][PASSED] - if (i == 2 &amp;&amp; wildList.indexOf(symbol) != -1): null

2019-08-24 12:49:20 - [TEST_STEP][PASSED] - if (i == 3 &amp;&amp; wildList.indexOf(symbol) != -1): null

2019-08-24 12:49:20 - [TEST_STEP][PASSED] - if (i == 4 &amp;&amp; wildList.indexOf(symbol) != -1): null

2019-08-24 12:49:20 - [TEST_STEP][PASSED] - symbol = symbol: null

2019-08-24 12:49:20 - [TEST_STEP][PASSED] - println(symbol): null

2019-08-24 12:49:20 - [TEST_STEP][PASSED] - if (i == 2 &amp;&amp; wildList.indexOf(symbol) != -1): null

2019-08-24 12:49:20 - [TEST_STEP][PASSED] - if (i == 3 &amp;&amp; wildList.indexOf(symbol) != -1): null

2019-08-24 12:49:20 - [TEST_STEP][PASSED] - if (i == 4 &amp;&amp; wildList.indexOf(symbol) != -1): null

2019-08-24 12:49:20 - [TEST_STEP][PASSED] - symbol = symbol: null

2019-08-24 12:49:20 - [TEST_STEP][PASSED] - println(symbol): null

2019-08-24 12:49:20 - [TEST_STEP][PASSED] - if (i == 2 &amp;&amp; wildList.indexOf(symbol) != -1): null

2019-08-24 12:49:20 - [TEST_STEP][PASSED] - if (i == 3 &amp;&amp; wildList.indexOf(symbol) != -1): null

2019-08-24 12:49:20 - [TEST_STEP][PASSED] - if (i == 4 &amp;&amp; wildList.indexOf(symbol) != -1): null

2019-08-24 12:49:20 - [TEST_STEP][PASSED] - symbols = symbols: null

2019-08-24 12:49:20 - [TEST_STEP][PASSED] - for ([j = 0, j &lt; symbols.size(), (j++)]): null

2019-08-24 12:49:20 - [TEST_STEP][PASSED] - symbol = symbol: null

2019-08-24 12:49:20 - [TEST_STEP][PASSED] - println(symbol): null

2019-08-24 12:49:20 - [TEST_STEP][PASSED] - if (i == 2 &amp;&amp; wildList.indexOf(symbol) != -1): null

2019-08-24 12:49:20 - [TEST_STEP][PASSED] - if (i == 3 &amp;&amp; wildList.indexOf(symbol) != -1): null

2019-08-24 12:49:20 - [TEST_STEP][PASSED] - if (i == 4 &amp;&amp; wildList.indexOf(symbol) != -1): null

2019-08-24 12:49:20 - [TEST_STEP][PASSED] - symbol = symbol: null

2019-08-24 12:49:20 - [TEST_STEP][PASSED] - println(symbol): null

2019-08-24 12:49:20 - [TEST_STEP][PASSED] - if (i == 2 &amp;&amp; wildList.indexOf(symbol) != -1): null

2019-08-24 12:49:20 - [TEST_STEP][PASSED] - if (i == 3 &amp;&amp; wildList.indexOf(symbol) != -1): null

2019-08-24 12:49:20 - [TEST_STEP][PASSED] - println("wild found on reel 4, adding counter by 1"): null

2019-08-24 12:49:20 - [TEST_STEP][PASSED] - free_spin_reel_counter[1] = free_spin_reel_counter[1] + 1: null

2019-08-24 12:49:20 - [TEST_STEP][PASSED] - if (i == 4 &amp;&amp; wildList.indexOf(symbol) != -1): null

2019-08-24 12:49:20 - [TEST_STEP][PASSED] - symbol = symbol: null

2019-08-24 12:49:20 - [TEST_STEP][PASSED] - println(symbol): null

2019-08-24 12:49:20 - [TEST_STEP][PASSED] - if (i == 2 &amp;&amp; wildList.indexOf(symbol) != -1): null

2019-08-24 12:49:20 - [TEST_STEP][PASSED] - if (i == 3 &amp;&amp; wildList.indexOf(symbol) != -1): null

2019-08-24 12:49:20 - [TEST_STEP][PASSED] - if (i == 4 &amp;&amp; wildList.indexOf(symbol) != -1): null

2019-08-24 12:49:20 - [TEST_STEP][PASSED] - symbols = symbols: null

2019-08-24 12:49:20 - [TEST_STEP][PASSED] - for ([j = 0, j &lt; symbols.size(), (j++)]): null

2019-08-24 12:49:20 - [TEST_STEP][PASSED] - symbol = symbol: null

2019-08-24 12:49:20 - [TEST_STEP][PASSED] - println(symbol): null

2019-08-24 12:49:20 - [TEST_STEP][PASSED] - if (i == 2 &amp;&amp; wildList.indexOf(symbol) != -1): null

2019-08-24 12:49:20 - [TEST_STEP][PASSED] - if (i == 3 &amp;&amp; wildList.indexOf(symbol) != -1): null

2019-08-24 12:49:20 - [TEST_STEP][PASSED] - if (i == 4 &amp;&amp; wildList.indexOf(symbol) != -1): null

2019-08-24 12:49:20 - [TEST_STEP][PASSED] - symbol = symbol: null

2019-08-24 12:49:20 - [TEST_STEP][PASSED] - println(symbol): null

2019-08-24 12:49:20 - [TEST_STEP][PASSED] - if (i == 2 &amp;&amp; wildList.indexOf(symbol) != -1): null

2019-08-24 12:49:20 - [TEST_STEP][PASSED] - if (i == 3 &amp;&amp; wildList.indexOf(symbol) != -1): null

2019-08-24 12:49:20 - [TEST_STEP][PASSED] - if (i == 4 &amp;&amp; wildList.indexOf(symbol) != -1): null

2019-08-24 12:49:20 - [TEST_STEP][PASSED] - symbol = symbol: null

2019-08-24 12:49:20 - [TEST_STEP][PASSED] - println(symbol): null

2019-08-24 12:49:20 - [TEST_STEP][PASSED] - if (i == 2 &amp;&amp; wildList.indexOf(symbol) != -1): null

2019-08-24 12:49:20 - [TEST_STEP][PASSED] - if (i == 3 &amp;&amp; wildList.indexOf(symbol) != -1): null

2019-08-24 12:49:20 - [TEST_STEP][PASSED] - if (i == 4 &amp;&amp; wildList.indexOf(symbol) != -1): null

2019-08-24 12:49:20 - [TEST_STEP][PASSED] - free_spin_reel_counter = free_spin_reel_counter: null

2019-08-24 12:49:20 - [TEST_STEP][PASSED] - println("reel 3 wild found: " + free_spin_reel_counter[0]): null

2019-08-24 12:49:20 - [TEST_STEP][PASSED] - println("reel 4 wild found: " + free_spin_reel_counter[1]): null

2019-08-24 12:49:20 - [TEST_STEP][PASSED] - println("reel 5 wild found: " + free_spin_reel_counter[2]): null

2019-08-24 12:49:20 - [TEST_STEP][PASSED] - M4_spin_reels = M4_spin_reels: null

2019-08-24 12:49:20 - [TEST_STEP][PASSED] - M4_spin_reels_symbols = symbol: null

2019-08-24 12:49:20 - [TEST_STEP][PASSED] - M4_spin_reels_symbols = M4_spin_reels_symbols: null

2019-08-24 12:49:20 - [TEST_STEP][PASSED] - M4_spin_reel_wins = reel_wins: null

2019-08-24 12:49:20 - [TEST_STEP][PASSED] - M4_spin_reel_wins = M4_spin_reel_wins: null

2019-08-24 12:49:20 - [TEST_STEP][PASSED] - println("GlobalVariable.M4_spin_reel_wins is: " + M4_spin_reel_wins): null

2019-08-24 12:49:20 - [TEST_STEP][PASSED] - M4_spin_total_bonus_win_this_round = total_bonus_win_this_round: null

2019-08-24 12:49:20 - [TEST_STEP][PASSED] - M4_spin_total_bonus_win_this_round = M4_spin_total_bonus_win_this_round: null

2019-08-24 12:49:20 - [TEST_STEP][PASSED] - println("GlobalVariable.M4_spin_total_bonus_win_this_round is: " + M4_spin_total_bonus_win_this_round): null

2019-08-24 12:49:20 - [TEST_STEP][PASSED] - M4_spin_bonus_spin_result = spin_result: null

2019-08-24 12:49:20 - [TEST_STEP][PASSED] - M4_spin_bonus_spin_result = M4_spin_bonus_spin_result: null

2019-08-24 12:49:20 - [MESSAGE][PASSED] - Verify response successfully

2019-08-24 12:49:20 - [MESSAGE][PASSED] - Send request and verify the response successfully

2019-08-24 12:49:20 - [TEST_STEP][PASSED] - if (M4_total_bonus_spins_int != 0 &amp;&amp; M4_spin_reels_symbols[2].contains("WILD_Double") || M4_spin_reels_symbols[4].contains("WILD_Triple")): null

2019-08-24 12:49:20 - [TEST_STEP][PASSED] - free_spin_reel_counter = free_spin_reel_counter: null

2019-08-24 12:49:20 - [TEST_STEP][PASSED] - M4_spin_reels_symbols = M4_spin_reels_symbols: null

2019-08-24 12:49:20 - [TEST_STEP][PASSED] - M4_total_bonus_spins = M4_total_bonus_spins: null

2019-08-24 12:49:20 - [TEST_STEP][PASSED] - spin_result = sendRequestAndVerify(findTestObject("INT/RGS(M4)/1_M4_spin", ["M4_login_user_id":M4_login_user_id, "rgs_session_token":rgs_session_token, "partner":Partner])): Send request and verify the response successfully

2019-08-24 12:49:20 - [MESSAGE][INFO] - HAR: /Users/eiralee/Katalon_Script/SuperWild/Reports/20190824_124242/INT/superWild_4/20190824_124242/requests/main/122.har

2019-08-24 12:49:20 - [TEST_CASE][PASSED] - Start Test Case : Verification: Verification accomplished successfully

2019-08-24 12:49:21 - [TEST_STEP][PASSED] - request = getInstance().getCurrentRequest(): null

2019-08-24 12:49:21 - [TEST_STEP][PASSED] - response = getInstance().getCurrentResponse(): null

2019-08-24 12:49:21 - [TEST_STEP][PASSED] - verifyResponseStatusCode(response, 200): Verify response status code successfully

2019-08-24 12:49:21 - [MESSAGE][PASSED] - Verify response status code successfully

2019-08-24 12:49:21 - [TEST_STEP][PASSED] - getStatusCode()).isEqualTo(200): null

2019-08-24 12:49:21 - [TEST_STEP][PASSED] - newline = System.getProperty("line.separator"): null

2019-08-24 12:49:21 - [TEST_STEP][PASSED] - M4_spin = new groovy.json.JsonSlurper(): null

2019-08-24 12:49:21 - [TEST_STEP][PASSED] - result_M4_spin = M4_spin.parseText(response.getResponseBodyContent()): null

2019-08-24 12:49:21 - [TEST_STEP][PASSED] - M4_spin_current_balance = current_balance: null

2019-08-24 12:49:21 - [TEST_STEP][PASSED] - M4_spin_current_balance = M4_spin_current_balance: null

2019-08-24 12:49:21 - [TEST_STEP][PASSED] - M4_spin_transaction_id = causality: null

2019-08-24 12:49:21 - [TEST_STEP][PASSED] - M4_spin_transaction_id = M4_spin_transaction_id: null

2019-08-24 12:49:21 - [TEST_STEP][PASSED] - M4_spin_round_id = round_id: null

2019-08-24 12:49:21 - [TEST_STEP][PASSED] - M4_spin_round_id = M4_spin_round_id: null

2019-08-24 12:49:21 - [TEST_STEP][PASSED] - M4_spin_line_wins = line_wins: null

2019-08-24 12:49:21 - [TEST_STEP][PASSED] - M4_spin_line_wins = M4_spin_line_wins: null

2019-08-24 12:49:21 - [TEST_STEP][PASSED] - M4_total_bonus_spins_int = total_bonus_spins: null

2019-08-24 12:49:21 - [TEST_STEP][PASSED] - println("******M4_total_bonus_spins type is:*******" + newline + getClass().getName()): null

2019-08-24 12:49:21 - [TEST_STEP][PASSED] - M4_total_bonus_spins_int = M4_total_bonus_spins_int: null

2019-08-24 12:49:21 - [TEST_STEP][PASSED] - M4_total_bonus_spins = Integer.toString(M4_total_bonus_spins_int): null

2019-08-24 12:49:21 - [TEST_STEP][PASSED] - M4_total_bonus_spins = M4_total_bonus_spins: null

2019-08-24 12:49:21 - [TEST_STEP][PASSED] - println("M4_total_bonus_spins is:" + M4_total_bonus_spins): null

2019-08-24 12:49:21 - [TEST_STEP][PASSED] - M4_spin_bonus_data = bonus_data: null

2019-08-24 12:49:21 - [TEST_STEP][PASSED] - M4_spin_features_triggered = result_M4_spin: null

2019-08-24 12:49:21 - [TEST_STEP][PASSED] - wild = []: null

2019-08-24 12:49:21 - [TEST_STEP][PASSED] - wild[0] = "WILD_Expanding": null

2019-08-24 12:49:21 - [TEST_STEP][PASSED] - wild[1] = "WILD_Normal": null

2019-08-24 12:49:21 - [TEST_STEP][PASSED] - wild[2] = "WILD_Double": null

2019-08-24 12:49:21 - [TEST_STEP][PASSED] - wild[3] = "WILD_ExtraFG": null

2019-08-24 12:49:21 - [TEST_STEP][PASSED] - wild[4] = "WILD_Triple": null

2019-08-24 12:49:21 - [TEST_STEP][PASSED] - wildList = Arrays.asList(wild): null

2019-08-24 12:49:21 - [TEST_STEP][PASSED] - wildList = wildList: null

2019-08-24 12:49:21 - [TEST_STEP][PASSED] - free_spin_reel_counter = []: null

2019-08-24 12:49:21 - [TEST_STEP][PASSED] - free_spin_reel_counter[0] = 0: null

2019-08-24 12:49:21 - [TEST_STEP][PASSED] - free_spin_reel_counter[1] = 0: null

2019-08-24 12:49:21 - [TEST_STEP][PASSED] - free_spin_reel_counter[2] = 0: null

2019-08-24 12:49:21 - [TEST_STEP][PASSED] - M4_spin_reels = reels: null

2019-08-24 12:49:21 - [TEST_STEP][PASSED] - for ([i = 0, i &lt; M4_spin_reels.size(), (i++)]): null

2019-08-24 12:49:21 - [TEST_STEP][PASSED] - symbols = symbols: null

2019-08-24 12:49:21 - [TEST_STEP][PASSED] - for ([j = 0, j &lt; symbols.size(), (j++)]): null

2019-08-24 12:49:21 - [TEST_STEP][PASSED] - symbol = symbol: null

2019-08-24 12:49:21 - [TEST_STEP][PASSED] - println(symbol): null

2019-08-24 12:49:21 - [TEST_STEP][PASSED] - if (i == 2 &amp;&amp; wildList.indexOf(symbol) != -1): null

2019-08-24 12:49:21 - [TEST_STEP][PASSED] - if (i == 3 &amp;&amp; wildList.indexOf(symbol) != -1): null

2019-08-24 12:49:21 - [TEST_STEP][PASSED] - if (i == 4 &amp;&amp; wildList.indexOf(symbol) != -1): null

2019-08-24 12:49:21 - [TEST_STEP][PASSED] - symbol = symbol: null

2019-08-24 12:49:21 - [TEST_STEP][PASSED] - println(symbol): null

2019-08-24 12:49:21 - [TEST_STEP][PASSED] - if (i == 2 &amp;&amp; wildList.indexOf(symbol) != -1): null

2019-08-24 12:49:21 - [TEST_STEP][PASSED] - if (i == 3 &amp;&amp; wildList.indexOf(symbol) != -1): null

2019-08-24 12:49:21 - [TEST_STEP][PASSED] - if (i == 4 &amp;&amp; wildList.indexOf(symbol) != -1): null

2019-08-24 12:49:21 - [TEST_STEP][PASSED] - symbol = symbol: null

2019-08-24 12:49:21 - [TEST_STEP][PASSED] - println(symbol): null

2019-08-24 12:49:21 - [TEST_STEP][PASSED] - if (i == 2 &amp;&amp; wildList.indexOf(symbol) != -1): null

2019-08-24 12:49:21 - [TEST_STEP][PASSED] - if (i == 3 &amp;&amp; wildList.indexOf(symbol) != -1): null

2019-08-24 12:49:21 - [TEST_STEP][PASSED] - if (i == 4 &amp;&amp; wildList.indexOf(symbol) != -1): null

2019-08-24 12:49:21 - [TEST_STEP][PASSED] - symbols = symbols: null

2019-08-24 12:49:21 - [TEST_STEP][PASSED] - for ([j = 0, j &lt; symbols.size(), (j++)]): null

2019-08-24 12:49:21 - [TEST_STEP][PASSED] - symbol = symbol: null

2019-08-24 12:49:21 - [TEST_STEP][PASSED] - println(symbol): null

2019-08-24 12:49:21 - [TEST_STEP][PASSED] - if (i == 2 &amp;&amp; wildList.indexOf(symbol) != -1): null

2019-08-24 12:49:21 - [TEST_STEP][PASSED] - if (i == 3 &amp;&amp; wildList.indexOf(symbol) != -1): null

2019-08-24 12:49:21 - [TEST_STEP][PASSED] - if (i == 4 &amp;&amp; wildList.indexOf(symbol) != -1): null

2019-08-24 12:49:21 - [TEST_STEP][PASSED] - symbol = symbol: null

2019-08-24 12:49:21 - [TEST_STEP][PASSED] - println(symbol): null

2019-08-24 12:49:21 - [TEST_STEP][PASSED] - if (i == 2 &amp;&amp; wildList.indexOf(symbol) != -1): null

2019-08-24 12:49:21 - [TEST_STEP][PASSED] - if (i == 3 &amp;&amp; wildList.indexOf(symbol) != -1): null

2019-08-24 12:49:21 - [TEST_STEP][PASSED] - if (i == 4 &amp;&amp; wildList.indexOf(symbol) != -1): null

2019-08-24 12:49:21 - [TEST_STEP][PASSED] - symbol = symbol: null

2019-08-24 12:49:21 - [TEST_STEP][PASSED] - println(symbol): null

2019-08-24 12:49:21 - [TEST_STEP][PASSED] - if (i == 2 &amp;&amp; wildList.indexOf(symbol) != -1): null

2019-08-24 12:49:21 - [TEST_STEP][PASSED] - if (i == 3 &amp;&amp; wildList.indexOf(symbol) != -1): null

2019-08-24 12:49:21 - [TEST_STEP][PASSED] - if (i == 4 &amp;&amp; wildList.indexOf(symbol) != -1): null

2019-08-24 12:49:21 - [TEST_STEP][PASSED] - symbols = symbols: null

2019-08-24 12:49:21 - [TEST_STEP][PASSED] - for ([j = 0, j &lt; symbols.size(), (j++)]): null

2019-08-24 12:49:21 - [TEST_STEP][PASSED] - symbol = symbol: null

2019-08-24 12:49:21 - [TEST_STEP][PASSED] - println(symbol): null

2019-08-24 12:49:21 - [TEST_STEP][PASSED] - if (i == 2 &amp;&amp; wildList.indexOf(symbol) != -1): null

2019-08-24 12:49:21 - [TEST_STEP][PASSED] - if (i == 3 &amp;&amp; wildList.indexOf(symbol) != -1): null

2019-08-24 12:49:21 - [TEST_STEP][PASSED] - if (i == 4 &amp;&amp; wildList.indexOf(symbol) != -1): null

2019-08-24 12:49:21 - [TEST_STEP][PASSED] - symbol = symbol: null

2019-08-24 12:49:21 - [TEST_STEP][PASSED] - println(symbol): null

2019-08-24 12:49:21 - [TEST_STEP][PASSED] - if (i == 2 &amp;&amp; wildList.indexOf(symbol) != -1): null

2019-08-24 12:49:21 - [TEST_STEP][PASSED] - if (i == 3 &amp;&amp; wildList.indexOf(symbol) != -1): null

2019-08-24 12:49:21 - [TEST_STEP][PASSED] - if (i == 4 &amp;&amp; wildList.indexOf(symbol) != -1): null

2019-08-24 12:49:21 - [TEST_STEP][PASSED] - symbol = symbol: null

2019-08-24 12:49:21 - [TEST_STEP][PASSED] - println(symbol): null

2019-08-24 12:49:21 - [TEST_STEP][PASSED] - if (i == 2 &amp;&amp; wildList.indexOf(symbol) != -1): null

2019-08-24 12:49:21 - [TEST_STEP][PASSED] - if (i == 3 &amp;&amp; wildList.indexOf(symbol) != -1): null

2019-08-24 12:49:21 - [TEST_STEP][PASSED] - if (i == 4 &amp;&amp; wildList.indexOf(symbol) != -1): null

2019-08-24 12:49:21 - [TEST_STEP][PASSED] - symbols = symbols: null

2019-08-24 12:49:21 - [TEST_STEP][PASSED] - for ([j = 0, j &lt; symbols.size(), (j++)]): null

2019-08-24 12:49:21 - [TEST_STEP][PASSED] - symbol = symbol: null

2019-08-24 12:49:21 - [TEST_STEP][PASSED] - println(symbol): null

2019-08-24 12:49:21 - [TEST_STEP][PASSED] - if (i == 2 &amp;&amp; wildList.indexOf(symbol) != -1): null

2019-08-24 12:49:21 - [TEST_STEP][PASSED] - if (i == 3 &amp;&amp; wildList.indexOf(symbol) != -1): null

2019-08-24 12:49:21 - [TEST_STEP][PASSED] - if (i == 4 &amp;&amp; wildList.indexOf(symbol) != -1): null

2019-08-24 12:49:21 - [TEST_STEP][PASSED] - symbol = symbol: null

2019-08-24 12:49:21 - [TEST_STEP][PASSED] - println(symbol): null

2019-08-24 12:49:21 - [TEST_STEP][PASSED] - if (i == 2 &amp;&amp; wildList.indexOf(symbol) != -1): null

2019-08-24 12:49:21 - [TEST_STEP][PASSED] - if (i == 3 &amp;&amp; wildList.indexOf(symbol) != -1): null

2019-08-24 12:49:21 - [TEST_STEP][PASSED] - if (i == 4 &amp;&amp; wildList.indexOf(symbol) != -1): null

2019-08-24 12:49:21 - [TEST_STEP][PASSED] - symbol = symbol: null

2019-08-24 12:49:21 - [TEST_STEP][PASSED] - println(symbol): null

2019-08-24 12:49:21 - [TEST_STEP][PASSED] - if (i == 2 &amp;&amp; wildList.indexOf(symbol) != -1): null

2019-08-24 12:49:21 - [TEST_STEP][PASSED] - if (i == 3 &amp;&amp; wildList.indexOf(symbol) != -1): null

2019-08-24 12:49:21 - [TEST_STEP][PASSED] - if (i == 4 &amp;&amp; wildList.indexOf(symbol) != -1): null

2019-08-24 12:49:21 - [TEST_STEP][PASSED] - symbols = symbols: null

2019-08-24 12:49:21 - [TEST_STEP][PASSED] - for ([j = 0, j &lt; symbols.size(), (j++)]): null

2019-08-24 12:49:21 - [TEST_STEP][PASSED] - symbol = symbol: null

2019-08-24 12:49:21 - [TEST_STEP][PASSED] - println(symbol): null

2019-08-24 12:49:21 - [TEST_STEP][PASSED] - if (i == 2 &amp;&amp; wildList.indexOf(symbol) != -1): null

2019-08-24 12:49:21 - [TEST_STEP][PASSED] - if (i == 3 &amp;&amp; wildList.indexOf(symbol) != -1): null

2019-08-24 12:49:21 - [TEST_STEP][PASSED] - if (i == 4 &amp;&amp; wildList.indexOf(symbol) != -1): null

2019-08-24 12:49:21 - [TEST_STEP][PASSED] - symbol = symbol: null

2019-08-24 12:49:25 - [TEST_STEP][PASSED] - println(symbol): null

2019-08-24 12:49:25 - [TEST_STEP][PASSED] - if (i == 2 &amp;&amp; wildList.indexOf(symbol) != -1): null

2019-08-24 12:49:25 - [TEST_STEP][PASSED] - if (i == 3 &amp;&amp; wildList.indexOf(symbol) != -1): null

2019-08-24 12:49:25 - [TEST_STEP][PASSED] - if (i == 4 &amp;&amp; wildList.indexOf(symbol) != -1): null

2019-08-24 12:49:25 - [TEST_STEP][PASSED] - symbol = symbol: null

2019-08-24 12:49:25 - [TEST_STEP][PASSED] - println(symbol): null

2019-08-24 12:49:25 - [TEST_STEP][PASSED] - if (i == 2 &amp;&amp; wildList.indexOf(symbol) != -1): null

2019-08-24 12:49:25 - [TEST_STEP][PASSED] - if (i == 3 &amp;&amp; wildList.indexOf(symbol) != -1): null

2019-08-24 12:49:25 - [TEST_STEP][PASSED] - if (i == 4 &amp;&amp; wildList.indexOf(symbol) != -1): null

2019-08-24 12:49:27 - [TEST_STEP][PASSED] - free_spin_reel_counter = free_spin_reel_counter: null

2019-08-24 12:49:27 - [TEST_STEP][PASSED] - println("reel 3 wild found: " + free_spin_reel_counter[0]): null

2019-08-24 12:49:27 - [TEST_STEP][PASSED] - println("reel 4 wild found: " + free_spin_reel_counter[1]): null

2019-08-24 12:49:27 - [TEST_STEP][PASSED] - println("reel 5 wild found: " + free_spin_reel_counter[2]): null

2019-08-24 12:49:27 - [TEST_STEP][PASSED] - M4_spin_reels = M4_spin_reels: null

2019-08-24 12:49:27 - [TEST_STEP][PASSED] - M4_spin_reels_symbols = symbol: null

2019-08-24 12:49:27 - [TEST_STEP][PASSED] - M4_spin_reels_symbols = M4_spin_reels_symbols: null

2019-08-24 12:49:27 - [TEST_STEP][PASSED] - M4_spin_reel_wins = reel_wins: null

2019-08-24 12:49:27 - [TEST_STEP][PASSED] - M4_spin_reel_wins = M4_spin_reel_wins: null

2019-08-24 12:49:27 - [TEST_STEP][PASSED] - println("GlobalVariable.M4_spin_reel_wins is: " + M4_spin_reel_wins): null

2019-08-24 12:49:27 - [TEST_STEP][PASSED] - M4_spin_total_bonus_win_this_round = total_bonus_win_this_round: null

2019-08-24 12:49:27 - [TEST_STEP][PASSED] - M4_spin_total_bonus_win_this_round = M4_spin_total_bonus_win_this_round: null

2019-08-24 12:49:27 - [TEST_STEP][PASSED] - println("GlobalVariable.M4_spin_total_bonus_win_this_round is: " + M4_spin_total_bonus_win_this_round): null

2019-08-24 12:49:27 - [TEST_STEP][PASSED] - M4_spin_bonus_spin_result = spin_result: null

2019-08-24 12:49:27 - [TEST_STEP][PASSED] - M4_spin_bonus_spin_result = M4_spin_bonus_spin_result: null

2019-08-24 12:49:27 - [MESSAGE][PASSED] - Verify response successfully

2019-08-24 12:49:27 - [MESSAGE][PASSED] - Send request and verify the response successfully

2019-08-24 12:49:27 - [TEST_STEP][PASSED] - if (M4_total_bonus_spins_int != 0 &amp;&amp; M4_spin_reels_symbols[2].contains("WILD_Double") || M4_spin_reels_symbols[4].contains("WILD_Triple")): null

2019-08-24 12:49:27 - [TEST_STEP][PASSED] - free_spin_reel_counter = free_spin_reel_counter: null

2019-08-24 12:49:27 - [TEST_STEP][PASSED] - M4_spin_reels_symbols = M4_spin_reels_symbols: null

2019-08-24 12:49:27 - [TEST_STEP][PASSED] - M4_total_bonus_spins = M4_total_bonus_spins: null

2019-08-24 12:49:27 - [TEST_STEP][PASSED] - spin_result = sendRequestAndVerify(findTestObject("INT/RGS(M4)/1_M4_spin", ["M4_login_user_id":M4_login_user_id, "rgs_session_token":rgs_session_token, "partner":Partner])): Send request and verify the response successfully

2019-08-24 12:49:28 - [MESSAGE][INFO] - HAR: /Users/eiralee/Katalon_Script/SuperWild/Reports/20190824_124242/INT/superWild_4/20190824_124242/requests/main/123.har

2019-08-24 12:49:28 - [TEST_CASE][PASSED] - Start Test Case : Verification: Verification accomplished successfully

2019-08-24 12:49:28 - [TEST_STEP][PASSED] - request = getInstance().getCurrentRequest(): null

2019-08-24 12:49:28 - [TEST_STEP][PASSED] - response = getInstance().getCurrentResponse(): null

2019-08-24 12:49:28 - [TEST_STEP][PASSED] - verifyResponseStatusCode(response, 200): Verify response status code successfully

2019-08-24 12:49:28 - [MESSAGE][PASSED] - Verify response status code successfully

2019-08-24 12:49:28 - [TEST_STEP][PASSED] - getStatusCode()).isEqualTo(200): null

2019-08-24 12:49:28 - [TEST_STEP][PASSED] - newline = System.getProperty("line.separator"): null

2019-08-24 12:49:28 - [TEST_STEP][PASSED] - M4_spin = new groovy.json.JsonSlurper(): null

2019-08-24 12:49:28 - [TEST_STEP][PASSED] - result_M4_spin = M4_spin.parseText(response.getResponseBodyContent()): null

2019-08-24 12:49:28 - [TEST_STEP][PASSED] - M4_spin_current_balance = current_balance: null

2019-08-24 12:49:28 - [TEST_STEP][PASSED] - M4_spin_current_balance = M4_spin_current_balance: null

2019-08-24 12:49:28 - [TEST_STEP][PASSED] - M4_spin_transaction_id = causality: null

2019-08-24 12:49:28 - [TEST_STEP][PASSED] - M4_spin_transaction_id = M4_spin_transaction_id: null

2019-08-24 12:49:28 - [TEST_STEP][PASSED] - M4_spin_round_id = round_id: null

2019-08-24 12:49:28 - [TEST_STEP][PASSED] - M4_spin_round_id = M4_spin_round_id: null

2019-08-24 12:49:28 - [TEST_STEP][PASSED] - M4_spin_line_wins = line_wins: null

2019-08-24 12:49:28 - [TEST_STEP][PASSED] - M4_spin_line_wins = M4_spin_line_wins: null

2019-08-24 12:49:28 - [TEST_STEP][PASSED] - M4_total_bonus_spins_int = total_bonus_spins: null

2019-08-24 12:49:28 - [TEST_STEP][PASSED] - println("******M4_total_bonus_spins type is:*******" + newline + getClass().getName()): null

2019-08-24 12:49:28 - [TEST_STEP][PASSED] - M4_total_bonus_spins_int = M4_total_bonus_spins_int: null

2019-08-24 12:49:28 - [TEST_STEP][PASSED] - M4_total_bonus_spins = Integer.toString(M4_total_bonus_spins_int): null

2019-08-24 12:49:28 - [TEST_STEP][PASSED] - M4_total_bonus_spins = M4_total_bonus_spins: null

2019-08-24 12:49:28 - [TEST_STEP][PASSED] - println("M4_total_bonus_spins is:" + M4_total_bonus_spins): null

2019-08-24 12:49:28 - [TEST_STEP][PASSED] - M4_spin_bonus_data = bonus_data: null

2019-08-24 12:49:28 - [TEST_STEP][PASSED] - M4_spin_features_triggered = result_M4_spin: null

2019-08-24 12:49:28 - [TEST_STEP][PASSED] - wild = []: null

2019-08-24 12:49:28 - [TEST_STEP][PASSED] - wild[0] = "WILD_Expanding": null

2019-08-24 12:49:28 - [TEST_STEP][PASSED] - wild[1] = "WILD_Normal": null

2019-08-24 12:49:28 - [TEST_STEP][PASSED] - wild[2] = "WILD_Double": null

2019-08-24 12:49:28 - [TEST_STEP][PASSED] - wild[3] = "WILD_ExtraFG": null

2019-08-24 12:49:28 - [TEST_STEP][PASSED] - wild[4] = "WILD_Triple": null

2019-08-24 12:49:28 - [TEST_STEP][PASSED] - wildList = Arrays.asList(wild): null

2019-08-24 12:49:28 - [TEST_STEP][PASSED] - wildList = wildList: null

2019-08-24 12:49:28 - [TEST_STEP][PASSED] - free_spin_reel_counter = []: null

2019-08-24 12:49:28 - [TEST_STEP][PASSED] - free_spin_reel_counter[0] = 0: null

2019-08-24 12:49:28 - [TEST_STEP][PASSED] - free_spin_reel_counter[1] = 0: null

2019-08-24 12:49:28 - [TEST_STEP][PASSED] - free_spin_reel_counter[2] = 0: null

2019-08-24 12:49:28 - [TEST_STEP][PASSED] - M4_spin_reels = reels: null

2019-08-24 12:49:28 - [TEST_STEP][PASSED] - for ([i = 0, i &lt; M4_spin_reels.size(), (i++)]): null

2019-08-24 12:49:28 - [TEST_STEP][PASSED] - symbols = symbols: null

2019-08-24 12:49:28 - [TEST_STEP][PASSED] - for ([j = 0, j &lt; symbols.size(), (j++)]): null

2019-08-24 12:49:28 - [TEST_STEP][PASSED] - symbol = symbol: null

2019-08-24 12:49:28 - [TEST_STEP][PASSED] - println(symbol): null

2019-08-24 12:49:28 - [TEST_STEP][PASSED] - if (i == 2 &amp;&amp; wildList.indexOf(symbol) != -1): null

2019-08-24 12:49:28 - [TEST_STEP][PASSED] - if (i == 3 &amp;&amp; wildList.indexOf(symbol) != -1): null

2019-08-24 12:49:28 - [TEST_STEP][PASSED] - if (i == 4 &amp;&amp; wildList.indexOf(symbol) != -1): null

2019-08-24 12:49:28 - [TEST_STEP][PASSED] - symbol = symbol: null

2019-08-24 12:49:28 - [TEST_STEP][PASSED] - println(symbol): null

2019-08-24 12:49:28 - [TEST_STEP][PASSED] - if (i == 2 &amp;&amp; wildList.indexOf(symbol) != -1): null

2019-08-24 12:49:28 - [TEST_STEP][PASSED] - if (i == 3 &amp;&amp; wildList.indexOf(symbol) != -1): null

2019-08-24 12:49:28 - [TEST_STEP][PASSED] - if (i == 4 &amp;&amp; wildList.indexOf(symbol) != -1): null

2019-08-24 12:49:28 - [TEST_STEP][PASSED] - symbol = symbol: null

2019-08-24 12:49:28 - [TEST_STEP][PASSED] - println(symbol): null

2019-08-24 12:49:28 - [TEST_STEP][PASSED] - if (i == 2 &amp;&amp; wildList.indexOf(symbol) != -1): null

2019-08-24 12:49:28 - [TEST_STEP][PASSED] - if (i == 3 &amp;&amp; wildList.indexOf(symbol) != -1): null

2019-08-24 12:49:28 - [TEST_STEP][PASSED] - if (i == 4 &amp;&amp; wildList.indexOf(symbol) != -1): null

2019-08-24 12:49:28 - [TEST_STEP][PASSED] - symbols = symbols: null

2019-08-24 12:49:28 - [TEST_STEP][PASSED] - for ([j = 0, j &lt; symbols.size(), (j++)]): null

2019-08-24 12:49:28 - [TEST_STEP][PASSED] - symbol = symbol: null

2019-08-24 12:49:28 - [TEST_STEP][PASSED] - println(symbol): null

2019-08-24 12:49:28 - [TEST_STEP][PASSED] - if (i == 2 &amp;&amp; wildList.indexOf(symbol) != -1): null

2019-08-24 12:49:28 - [TEST_STEP][PASSED] - if (i == 3 &amp;&amp; wildList.indexOf(symbol) != -1): null

2019-08-24 12:49:28 - [TEST_STEP][PASSED] - if (i == 4 &amp;&amp; wildList.indexOf(symbol) != -1): null

2019-08-24 12:49:28 - [TEST_STEP][PASSED] - symbol = symbol: null

2019-08-24 12:49:28 - [TEST_STEP][PASSED] - println(symbol): null

2019-08-24 12:49:28 - [TEST_STEP][PASSED] - if (i == 2 &amp;&amp; wildList.indexOf(symbol) != -1): null

2019-08-24 12:49:28 - [TEST_STEP][PASSED] - if (i == 3 &amp;&amp; wildList.indexOf(symbol) != -1): null

2019-08-24 12:49:28 - [TEST_STEP][PASSED] - if (i == 4 &amp;&amp; wildList.indexOf(symbol) != -1): null

2019-08-24 12:49:28 - [TEST_STEP][PASSED] - symbol = symbol: null

2019-08-24 12:49:28 - [TEST_STEP][PASSED] - println(symbol): null

2019-08-24 12:49:28 - [TEST_STEP][PASSED] - if (i == 2 &amp;&amp; wildList.indexOf(symbol) != -1): null

2019-08-24 12:49:28 - [TEST_STEP][PASSED] - if (i == 3 &amp;&amp; wildList.indexOf(symbol) != -1): null

2019-08-24 12:49:28 - [TEST_STEP][PASSED] - if (i == 4 &amp;&amp; wildList.indexOf(symbol) != -1): null

2019-08-24 12:49:28 - [TEST_STEP][PASSED] - symbols = symbols: null

2019-08-24 12:49:28 - [TEST_STEP][PASSED] - for ([j = 0, j &lt; symbols.size(), (j++)]): null

2019-08-24 12:49:28 - [TEST_STEP][PASSED] - symbol = symbol: null

2019-08-24 12:49:28 - [TEST_STEP][PASSED] - println(symbol): null

2019-08-24 12:49:28 - [TEST_STEP][PASSED] - if (i == 2 &amp;&amp; wildList.indexOf(symbol) != -1): null

2019-08-24 12:49:28 - [TEST_STEP][PASSED] - if (i == 3 &amp;&amp; wildList.indexOf(symbol) != -1): null

2019-08-24 12:49:28 - [TEST_STEP][PASSED] - if (i == 4 &amp;&amp; wildList.indexOf(symbol) != -1): null

2019-08-24 12:49:28 - [TEST_STEP][PASSED] - symbol = symbol: null

2019-08-24 12:49:28 - [TEST_STEP][PASSED] - println(symbol): null

2019-08-24 12:49:28 - [TEST_STEP][PASSED] - if (i == 2 &amp;&amp; wildList.indexOf(symbol) != -1): null

2019-08-24 12:49:28 - [TEST_STEP][PASSED] - if (i == 3 &amp;&amp; wildList.indexOf(symbol) != -1): null

2019-08-24 12:49:28 - [TEST_STEP][PASSED] - if (i == 4 &amp;&amp; wildList.indexOf(symbol) != -1): null

2019-08-24 12:49:28 - [TEST_STEP][PASSED] - symbol = symbol: null

2019-08-24 12:49:28 - [TEST_STEP][PASSED] - println(symbol): null

2019-08-24 12:49:28 - [TEST_STEP][PASSED] - if (i == 2 &amp;&amp; wildList.indexOf(symbol) != -1): null

2019-08-24 12:49:28 - [TEST_STEP][PASSED] - if (i == 3 &amp;&amp; wildList.indexOf(symbol) != -1): null

2019-08-24 12:49:28 - [TEST_STEP][PASSED] - if (i == 4 &amp;&amp; wildList.indexOf(symbol) != -1): null

2019-08-24 12:49:28 - [TEST_STEP][PASSED] - symbols = symbols: null

2019-08-24 12:49:28 - [TEST_STEP][PASSED] - for ([j = 0, j &lt; symbols.size(), (j++)]): null

2019-08-24 12:49:28 - [TEST_STEP][PASSED] - symbol = symbol: null

2019-08-24 12:49:28 - [TEST_STEP][PASSED] - println(symbol): null

2019-08-24 12:49:28 - [TEST_STEP][PASSED] - if (i == 2 &amp;&amp; wildList.indexOf(symbol) != -1): null

2019-08-24 12:49:28 - [TEST_STEP][PASSED] - if (i == 3 &amp;&amp; wildList.indexOf(symbol) != -1): null

2019-08-24 12:49:28 - [TEST_STEP][PASSED] - if (i == 4 &amp;&amp; wildList.indexOf(symbol) != -1): null

2019-08-24 12:49:28 - [TEST_STEP][PASSED] - symbol = symbol: null

2019-08-24 12:49:28 - [TEST_STEP][PASSED] - println(symbol): null

2019-08-24 12:49:28 - [TEST_STEP][PASSED] - if (i == 2 &amp;&amp; wildList.indexOf(symbol) != -1): null

2019-08-24 12:49:28 - [TEST_STEP][PASSED] - if (i == 3 &amp;&amp; wildList.indexOf(symbol) != -1): null

2019-08-24 12:49:28 - [TEST_STEP][PASSED] - if (i == 4 &amp;&amp; wildList.indexOf(symbol) != -1): null

2019-08-24 12:49:28 - [TEST_STEP][PASSED] - symbol = symbol: null

2019-08-24 12:49:28 - [TEST_STEP][PASSED] - println(symbol): null

2019-08-24 12:49:28 - [TEST_STEP][PASSED] - if (i == 2 &amp;&amp; wildList.indexOf(symbol) != -1): null

2019-08-24 12:49:28 - [TEST_STEP][PASSED] - if (i == 3 &amp;&amp; wildList.indexOf(symbol) != -1): null

2019-08-24 12:49:28 - [TEST_STEP][PASSED] - if (i == 4 &amp;&amp; wildList.indexOf(symbol) != -1): null

2019-08-24 12:49:28 - [TEST_STEP][PASSED] - symbols = symbols: null

2019-08-24 12:49:28 - [TEST_STEP][PASSED] - for ([j = 0, j &lt; symbols.size(), (j++)]): null

2019-08-24 12:49:28 - [TEST_STEP][PASSED] - symbol = symbol: null

2019-08-24 12:49:28 - [TEST_STEP][PASSED] - println(symbol): null

2019-08-24 12:49:28 - [TEST_STEP][PASSED] - if (i == 2 &amp;&amp; wildList.indexOf(symbol) != -1): null

2019-08-24 12:49:28 - [TEST_STEP][PASSED] - if (i == 3 &amp;&amp; wildList.indexOf(symbol) != -1): null

2019-08-24 12:49:28 - [TEST_STEP][PASSED] - if (i == 4 &amp;&amp; wildList.indexOf(symbol) != -1): null

2019-08-24 12:49:28 - [TEST_STEP][PASSED] - println("wild found on reel 5, adding counter by 1"): null

2019-08-24 12:49:28 - [TEST_STEP][PASSED] - free_spin_reel_counter[2] = free_spin_reel_counter[2] + 1: null

2019-08-24 12:49:28 - [TEST_STEP][PASSED] - symbol = symbol: null

2019-08-24 12:49:28 - [TEST_STEP][PASSED] - println(symbol): null

2019-08-24 12:49:28 - [TEST_STEP][PASSED] - if (i == 2 &amp;&amp; wildList.indexOf(symbol) != -1): null

2019-08-24 12:49:28 - [TEST_STEP][PASSED] - if (i == 3 &amp;&amp; wildList.indexOf(symbol) != -1): null

2019-08-24 12:49:28 - [TEST_STEP][PASSED] - if (i == 4 &amp;&amp; wildList.indexOf(symbol) != -1): null

2019-08-24 12:49:28 - [TEST_STEP][PASSED] - symbol = symbol: null

2019-08-24 12:49:28 - [TEST_STEP][PASSED] - println(symbol): null

2019-08-24 12:49:28 - [TEST_STEP][PASSED] - if (i == 2 &amp;&amp; wildList.indexOf(symbol) != -1): null

2019-08-24 12:49:28 - [TEST_STEP][PASSED] - if (i == 3 &amp;&amp; wildList.indexOf(symbol) != -1): null

2019-08-24 12:49:28 - [TEST_STEP][PASSED] - if (i == 4 &amp;&amp; wildList.indexOf(symbol) != -1): null

2019-08-24 12:49:28 - [TEST_STEP][PASSED] - free_spin_reel_counter = free_spin_reel_counter: null

2019-08-24 12:49:28 - [TEST_STEP][PASSED] - println("reel 3 wild found: " + free_spin_reel_counter[0]): null

2019-08-24 12:49:28 - [TEST_STEP][PASSED] - println("reel 4 wild found: " + free_spin_reel_counter[1]): null

2019-08-24 12:49:28 - [TEST_STEP][PASSED] - println("reel 5 wild found: " + free_spin_reel_counter[2]): null

2019-08-24 12:49:28 - [TEST_STEP][PASSED] - M4_spin_reels = M4_spin_reels: null

2019-08-24 12:49:28 - [TEST_STEP][PASSED] - M4_spin_reels_symbols = symbol: null

2019-08-24 12:49:28 - [TEST_STEP][PASSED] - M4_spin_reels_symbols = M4_spin_reels_symbols: null

2019-08-24 12:49:28 - [TEST_STEP][PASSED] - M4_spin_reel_wins = reel_wins: null

2019-08-24 12:49:28 - [TEST_STEP][PASSED] - M4_spin_reel_wins = M4_spin_reel_wins: null

2019-08-24 12:49:28 - [TEST_STEP][PASSED] - println("GlobalVariable.M4_spin_reel_wins is: " + M4_spin_reel_wins): null

2019-08-24 12:49:28 - [TEST_STEP][PASSED] - M4_spin_total_bonus_win_this_round = total_bonus_win_this_round: null

2019-08-24 12:49:28 - [TEST_STEP][PASSED] - M4_spin_total_bonus_win_this_round = M4_spin_total_bonus_win_this_round: null

2019-08-24 12:49:28 - [TEST_STEP][PASSED] - println("GlobalVariable.M4_spin_total_bonus_win_this_round is: " + M4_spin_total_bonus_win_this_round): null

2019-08-24 12:49:28 - [TEST_STEP][PASSED] - M4_spin_bonus_spin_result = spin_result: null

2019-08-24 12:49:28 - [TEST_STEP][PASSED] - M4_spin_bonus_spin_result = M4_spin_bonus_spin_result: null

2019-08-24 12:49:28 - [MESSAGE][PASSED] - Verify response successfully

2019-08-24 12:49:28 - [MESSAGE][PASSED] - Send request and verify the response successfully

2019-08-24 12:49:28 - [TEST_STEP][PASSED] - if (M4_total_bonus_spins_int != 0 &amp;&amp; M4_spin_reels_symbols[2].contains("WILD_Double") || M4_spin_reels_symbols[4].contains("WILD_Triple")): null

2019-08-24 12:49:28 - [TEST_STEP][PASSED] - free_spin_reel_counter = free_spin_reel_counter: null

2019-08-24 12:49:28 - [TEST_STEP][PASSED] - M4_spin_reels_symbols = M4_spin_reels_symbols: null

2019-08-24 12:49:28 - [TEST_STEP][PASSED] - M4_total_bonus_spins = M4_total_bonus_spins: null

2019-08-24 12:49:28 - [TEST_STEP][PASSED] - spin_result = sendRequestAndVerify(findTestObject("INT/RGS(M4)/1_M4_spin", ["M4_login_user_id":M4_login_user_id, "rgs_session_token":rgs_session_token, "partner":Partner])): Send request and verify the response successfully

2019-08-24 12:49:29 - [MESSAGE][INFO] - HAR: /Users/eiralee/Katalon_Script/SuperWild/Reports/20190824_124242/INT/superWild_4/20190824_124242/requests/main/124.har

2019-08-24 12:49:29 - [TEST_CASE][PASSED] - Start Test Case : Verification: Verification accomplished successfully

2019-08-24 12:49:29 - [TEST_STEP][PASSED] - request = getInstance().getCurrentRequest(): null

2019-08-24 12:49:29 - [TEST_STEP][PASSED] - response = getInstance().getCurrentResponse(): null

2019-08-24 12:49:29 - [TEST_STEP][PASSED] - verifyResponseStatusCode(response, 200): Verify response status code successfully

2019-08-24 12:49:29 - [MESSAGE][PASSED] - Verify response status code successfully

2019-08-24 12:49:29 - [TEST_STEP][PASSED] - getStatusCode()).isEqualTo(200): null

2019-08-24 12:49:29 - [TEST_STEP][PASSED] - newline = System.getProperty("line.separator"): null

2019-08-24 12:49:29 - [TEST_STEP][PASSED] - M4_spin = new groovy.json.JsonSlurper(): null

2019-08-24 12:49:29 - [TEST_STEP][PASSED] - result_M4_spin = M4_spin.parseText(response.getResponseBodyContent()): null

2019-08-24 12:49:29 - [TEST_STEP][PASSED] - M4_spin_current_balance = current_balance: null

2019-08-24 12:49:29 - [TEST_STEP][PASSED] - M4_spin_current_balance = M4_spin_current_balance: null

2019-08-24 12:49:29 - [TEST_STEP][PASSED] - M4_spin_transaction_id = causality: null

2019-08-24 12:49:29 - [TEST_STEP][PASSED] - M4_spin_transaction_id = M4_spin_transaction_id: null

2019-08-24 12:49:29 - [TEST_STEP][PASSED] - M4_spin_round_id = round_id: null

2019-08-24 12:49:29 - [TEST_STEP][PASSED] - M4_spin_round_id = M4_spin_round_id: null

2019-08-24 12:49:29 - [TEST_STEP][PASSED] - M4_spin_line_wins = line_wins: null

2019-08-24 12:49:29 - [TEST_STEP][PASSED] - M4_spin_line_wins = M4_spin_line_wins: null

2019-08-24 12:49:29 - [TEST_STEP][PASSED] - M4_total_bonus_spins_int = total_bonus_spins: null

2019-08-24 12:49:29 - [TEST_STEP][PASSED] - println("******M4_total_bonus_spins type is:*******" + newline + getClass().getName()): null

2019-08-24 12:49:29 - [TEST_STEP][PASSED] - M4_total_bonus_spins_int = M4_total_bonus_spins_int: null

2019-08-24 12:49:29 - [TEST_STEP][PASSED] - M4_total_bonus_spins = Integer.toString(M4_total_bonus_spins_int): null

2019-08-24 12:49:29 - [TEST_STEP][PASSED] - M4_total_bonus_spins = M4_total_bonus_spins: null

2019-08-24 12:49:29 - [TEST_STEP][PASSED] - println("M4_total_bonus_spins is:" + M4_total_bonus_spins): null

2019-08-24 12:49:29 - [TEST_STEP][PASSED] - M4_spin_bonus_data = bonus_data: null

2019-08-24 12:49:29 - [TEST_STEP][PASSED] - M4_spin_features_triggered = result_M4_spin: null

2019-08-24 12:49:29 - [TEST_STEP][PASSED] - wild = []: null

2019-08-24 12:49:29 - [TEST_STEP][PASSED] - wild[0] = "WILD_Expanding": null

2019-08-24 12:49:29 - [TEST_STEP][PASSED] - wild[1] = "WILD_Normal": null

2019-08-24 12:49:29 - [TEST_STEP][PASSED] - wild[2] = "WILD_Double": null

2019-08-24 12:49:29 - [TEST_STEP][PASSED] - wild[3] = "WILD_ExtraFG": null

2019-08-24 12:49:29 - [TEST_STEP][PASSED] - wild[4] = "WILD_Triple": null

2019-08-24 12:49:29 - [TEST_STEP][PASSED] - wildList = Arrays.asList(wild): null

2019-08-24 12:49:29 - [TEST_STEP][PASSED] - wildList = wildList: null

2019-08-24 12:49:29 - [TEST_STEP][PASSED] - free_spin_reel_counter = []: null

2019-08-24 12:49:29 - [TEST_STEP][PASSED] - free_spin_reel_counter[0] = 0: null

2019-08-24 12:49:29 - [TEST_STEP][PASSED] - free_spin_reel_counter[1] = 0: null

2019-08-24 12:49:29 - [TEST_STEP][PASSED] - free_spin_reel_counter[2] = 0: null

2019-08-24 12:49:29 - [TEST_STEP][PASSED] - M4_spin_reels = reels: null

2019-08-24 12:49:29 - [TEST_STEP][PASSED] - for ([i = 0, i &lt; M4_spin_reels.size(), (i++)]): null

2019-08-24 12:49:29 - [TEST_STEP][PASSED] - symbols = symbols: null

2019-08-24 12:49:29 - [TEST_STEP][PASSED] - for ([j = 0, j &lt; symbols.size(), (j++)]): null

2019-08-24 12:49:29 - [TEST_STEP][PASSED] - symbol = symbol: null

2019-08-24 12:49:29 - [TEST_STEP][PASSED] - println(symbol): null

2019-08-24 12:49:29 - [TEST_STEP][PASSED] - if (i == 2 &amp;&amp; wildList.indexOf(symbol) != -1): null

2019-08-24 12:49:29 - [TEST_STEP][PASSED] - if (i == 3 &amp;&amp; wildList.indexOf(symbol) != -1): null

2019-08-24 12:49:29 - [TEST_STEP][PASSED] - if (i == 4 &amp;&amp; wildList.indexOf(symbol) != -1): null

2019-08-24 12:49:29 - [TEST_STEP][PASSED] - symbol = symbol: null

2019-08-24 12:49:29 - [TEST_STEP][PASSED] - println(symbol): null

2019-08-24 12:49:29 - [TEST_STEP][PASSED] - if (i == 2 &amp;&amp; wildList.indexOf(symbol) != -1): null

2019-08-24 12:49:29 - [TEST_STEP][PASSED] - if (i == 3 &amp;&amp; wildList.indexOf(symbol) != -1): null

2019-08-24 12:49:29 - [TEST_STEP][PASSED] - if (i == 4 &amp;&amp; wildList.indexOf(symbol) != -1): null

2019-08-24 12:49:29 - [TEST_STEP][PASSED] - symbol = symbol: null

2019-08-24 12:49:29 - [TEST_STEP][PASSED] - println(symbol): null

2019-08-24 12:49:29 - [TEST_STEP][PASSED] - if (i == 2 &amp;&amp; wildList.indexOf(symbol) != -1): null

2019-08-24 12:49:29 - [TEST_STEP][PASSED] - if (i == 3 &amp;&amp; wildList.indexOf(symbol) != -1): null

2019-08-24 12:49:29 - [TEST_STEP][PASSED] - if (i == 4 &amp;&amp; wildList.indexOf(symbol) != -1): null

2019-08-24 12:49:29 - [TEST_STEP][PASSED] - symbols = symbols: null

2019-08-24 12:49:29 - [TEST_STEP][PASSED] - for ([j = 0, j &lt; symbols.size(), (j++)]): null

2019-08-24 12:49:29 - [TEST_STEP][PASSED] - symbol = symbol: null

2019-08-24 12:49:29 - [TEST_STEP][PASSED] - println(symbol): null

2019-08-24 12:49:29 - [TEST_STEP][PASSED] - if (i == 2 &amp;&amp; wildList.indexOf(symbol) != -1): null

2019-08-24 12:49:29 - [TEST_STEP][PASSED] - if (i == 3 &amp;&amp; wildList.indexOf(symbol) != -1): null

2019-08-24 12:49:29 - [TEST_STEP][PASSED] - if (i == 4 &amp;&amp; wildList.indexOf(symbol) != -1): null

2019-08-24 12:49:29 - [TEST_STEP][PASSED] - symbol = symbol: null

2019-08-24 12:49:29 - [TEST_STEP][PASSED] - println(symbol): null

2019-08-24 12:49:29 - [TEST_STEP][PASSED] - if (i == 2 &amp;&amp; wildList.indexOf(symbol) != -1): null

2019-08-24 12:49:29 - [TEST_STEP][PASSED] - if (i == 3 &amp;&amp; wildList.indexOf(symbol) != -1): null

2019-08-24 12:49:29 - [TEST_STEP][PASSED] - if (i == 4 &amp;&amp; wildList.indexOf(symbol) != -1): null

2019-08-24 12:49:29 - [TEST_STEP][PASSED] - symbol = symbol: null

2019-08-24 12:49:29 - [TEST_STEP][PASSED] - println(symbol): null

2019-08-24 12:49:29 - [TEST_STEP][PASSED] - if (i == 2 &amp;&amp; wildList.indexOf(symbol) != -1): null

2019-08-24 12:49:29 - [TEST_STEP][PASSED] - if (i == 3 &amp;&amp; wildList.indexOf(symbol) != -1): null

2019-08-24 12:49:29 - [TEST_STEP][PASSED] - if (i == 4 &amp;&amp; wildList.indexOf(symbol) != -1): null

2019-08-24 12:49:29 - [TEST_STEP][PASSED] - symbols = symbols: null

2019-08-24 12:49:29 - [TEST_STEP][PASSED] - for ([j = 0, j &lt; symbols.size(), (j++)]): null

2019-08-24 12:49:29 - [TEST_STEP][PASSED] - symbol = symbol: null

2019-08-24 12:49:29 - [TEST_STEP][PASSED] - println(symbol): null

2019-08-24 12:49:29 - [TEST_STEP][PASSED] - if (i == 2 &amp;&amp; wildList.indexOf(symbol) != -1): null

2019-08-24 12:49:29 - [TEST_STEP][PASSED] - if (i == 3 &amp;&amp; wildList.indexOf(symbol) != -1): null

2019-08-24 12:49:29 - [TEST_STEP][PASSED] - if (i == 4 &amp;&amp; wildList.indexOf(symbol) != -1): null

2019-08-24 12:49:29 - [TEST_STEP][PASSED] - symbol = symbol: null

2019-08-24 12:49:29 - [TEST_STEP][PASSED] - println(symbol): null

2019-08-24 12:49:29 - [TEST_STEP][PASSED] - if (i == 2 &amp;&amp; wildList.indexOf(symbol) != -1): null

2019-08-24 12:49:29 - [TEST_STEP][PASSED] - if (i == 3 &amp;&amp; wildList.indexOf(symbol) != -1): null

2019-08-24 12:49:29 - [TEST_STEP][PASSED] - if (i == 4 &amp;&amp; wildList.indexOf(symbol) != -1): null

2019-08-24 12:49:29 - [TEST_STEP][PASSED] - symbol = symbol: null

2019-08-24 12:49:29 - [TEST_STEP][PASSED] - println(symbol): null

2019-08-24 12:49:29 - [TEST_STEP][PASSED] - if (i == 2 &amp;&amp; wildList.indexOf(symbol) != -1): null

2019-08-24 12:49:29 - [TEST_STEP][PASSED] - if (i == 3 &amp;&amp; wildList.indexOf(symbol) != -1): null

2019-08-24 12:49:29 - [TEST_STEP][PASSED] - if (i == 4 &amp;&amp; wildList.indexOf(symbol) != -1): null

2019-08-24 12:49:29 - [TEST_STEP][PASSED] - symbols = symbols: null

2019-08-24 12:49:29 - [TEST_STEP][PASSED] - for ([j = 0, j &lt; symbols.size(), (j++)]): null

2019-08-24 12:49:29 - [TEST_STEP][PASSED] - symbol = symbol: null

2019-08-24 12:49:29 - [TEST_STEP][PASSED] - println(symbol): null

2019-08-24 12:49:29 - [TEST_STEP][PASSED] - if (i == 2 &amp;&amp; wildList.indexOf(symbol) != -1): null

2019-08-24 12:49:29 - [TEST_STEP][PASSED] - if (i == 3 &amp;&amp; wildList.indexOf(symbol) != -1): null

2019-08-24 12:49:29 - [TEST_STEP][PASSED] - println("wild found on reel 4, adding counter by 1"): null

2019-08-24 12:49:29 - [TEST_STEP][PASSED] - free_spin_reel_counter[1] = free_spin_reel_counter[1] + 1: null

2019-08-24 12:49:29 - [TEST_STEP][PASSED] - if (i == 4 &amp;&amp; wildList.indexOf(symbol) != -1): null

2019-08-24 12:49:29 - [TEST_STEP][PASSED] - symbol = symbol: null

2019-08-24 12:49:29 - [TEST_STEP][PASSED] - println(symbol): null

2019-08-24 12:49:29 - [TEST_STEP][PASSED] - if (i == 2 &amp;&amp; wildList.indexOf(symbol) != -1): null

2019-08-24 12:49:29 - [TEST_STEP][PASSED] - if (i == 3 &amp;&amp; wildList.indexOf(symbol) != -1): null

2019-08-24 12:49:29 - [TEST_STEP][PASSED] - if (i == 4 &amp;&amp; wildList.indexOf(symbol) != -1): null

2019-08-24 12:49:29 - [TEST_STEP][PASSED] - symbol = symbol: null

2019-08-24 12:49:29 - [TEST_STEP][PASSED] - println(symbol): null

2019-08-24 12:49:29 - [TEST_STEP][PASSED] - if (i == 2 &amp;&amp; wildList.indexOf(symbol) != -1): null

2019-08-24 12:49:29 - [TEST_STEP][PASSED] - if (i == 3 &amp;&amp; wildList.indexOf(symbol) != -1): null

2019-08-24 12:49:29 - [TEST_STEP][PASSED] - if (i == 4 &amp;&amp; wildList.indexOf(symbol) != -1): null

2019-08-24 12:49:29 - [TEST_STEP][PASSED] - symbols = symbols: null

2019-08-24 12:49:29 - [TEST_STEP][PASSED] - for ([j = 0, j &lt; symbols.size(), (j++)]): null

2019-08-24 12:49:29 - [TEST_STEP][PASSED] - symbol = symbol: null

2019-08-24 12:49:29 - [TEST_STEP][PASSED] - println(symbol): null

2019-08-24 12:49:29 - [TEST_STEP][PASSED] - if (i == 2 &amp;&amp; wildList.indexOf(symbol) != -1): null

2019-08-24 12:49:29 - [TEST_STEP][PASSED] - if (i == 3 &amp;&amp; wildList.indexOf(symbol) != -1): null

2019-08-24 12:49:29 - [TEST_STEP][PASSED] - if (i == 4 &amp;&amp; wildList.indexOf(symbol) != -1): null

2019-08-24 12:49:29 - [TEST_STEP][PASSED] - symbol = symbol: null

2019-08-24 12:49:29 - [TEST_STEP][PASSED] - println(symbol): null

2019-08-24 12:49:29 - [TEST_STEP][PASSED] - if (i == 2 &amp;&amp; wildList.indexOf(symbol) != -1): null

2019-08-24 12:49:29 - [TEST_STEP][PASSED] - if (i == 3 &amp;&amp; wildList.indexOf(symbol) != -1): null

2019-08-24 12:49:29 - [TEST_STEP][PASSED] - if (i == 4 &amp;&amp; wildList.indexOf(symbol) != -1): null

2019-08-24 12:49:29 - [TEST_STEP][PASSED] - symbol = symbol: null

2019-08-24 12:49:29 - [TEST_STEP][PASSED] - println(symbol): null

2019-08-24 12:49:29 - [TEST_STEP][PASSED] - if (i == 2 &amp;&amp; wildList.indexOf(symbol) != -1): null

2019-08-24 12:49:29 - [TEST_STEP][PASSED] - if (i == 3 &amp;&amp; wildList.indexOf(symbol) != -1): null

2019-08-24 12:49:29 - [TEST_STEP][PASSED] - if (i == 4 &amp;&amp; wildList.indexOf(symbol) != -1): null

2019-08-24 12:49:29 - [TEST_STEP][PASSED] - free_spin_reel_counter = free_spin_reel_counter: null

2019-08-24 12:49:29 - [TEST_STEP][PASSED] - println("reel 3 wild found: " + free_spin_reel_counter[0]): null

2019-08-24 12:49:29 - [TEST_STEP][PASSED] - println("reel 4 wild found: " + free_spin_reel_counter[1]): null

2019-08-24 12:49:29 - [TEST_STEP][PASSED] - println("reel 5 wild found: " + free_spin_reel_counter[2]): null

2019-08-24 12:49:29 - [TEST_STEP][PASSED] - M4_spin_reels = M4_spin_reels: null

2019-08-24 12:49:29 - [TEST_STEP][PASSED] - M4_spin_reels_symbols = symbol: null

2019-08-24 12:49:29 - [TEST_STEP][PASSED] - M4_spin_reels_symbols = M4_spin_reels_symbols: null

2019-08-24 12:49:29 - [TEST_STEP][PASSED] - M4_spin_reel_wins = reel_wins: null

2019-08-24 12:49:29 - [TEST_STEP][PASSED] - M4_spin_reel_wins = M4_spin_reel_wins: null

2019-08-24 12:49:29 - [TEST_STEP][PASSED] - println("GlobalVariable.M4_spin_reel_wins is: " + M4_spin_reel_wins): null

2019-08-24 12:49:29 - [TEST_STEP][PASSED] - M4_spin_total_bonus_win_this_round = total_bonus_win_this_round: null

2019-08-24 12:49:29 - [TEST_STEP][PASSED] - M4_spin_total_bonus_win_this_round = M4_spin_total_bonus_win_this_round: null

2019-08-24 12:49:29 - [TEST_STEP][PASSED] - println("GlobalVariable.M4_spin_total_bonus_win_this_round is: " + M4_spin_total_bonus_win_this_round): null

2019-08-24 12:49:29 - [TEST_STEP][PASSED] - M4_spin_bonus_spin_result = spin_result: null

2019-08-24 12:49:29 - [TEST_STEP][PASSED] - M4_spin_bonus_spin_result = M4_spin_bonus_spin_result: null

2019-08-24 12:49:29 - [MESSAGE][PASSED] - Verify response successfully

2019-08-24 12:49:29 - [MESSAGE][PASSED] - Send request and verify the response successfully

2019-08-24 12:49:29 - [TEST_STEP][PASSED] - if (M4_total_bonus_spins_int != 0 &amp;&amp; M4_spin_reels_symbols[2].contains("WILD_Double") || M4_spin_reels_symbols[4].contains("WILD_Triple")): null

2019-08-24 12:49:29 - [TEST_STEP][PASSED] - free_spin_reel_counter = free_spin_reel_counter: null

2019-08-24 12:49:29 - [TEST_STEP][PASSED] - M4_spin_reels_symbols = M4_spin_reels_symbols: null

2019-08-24 12:49:29 - [TEST_STEP][PASSED] - M4_total_bonus_spins = M4_total_bonus_spins: null

2019-08-24 12:49:29 - [TEST_STEP][PASSED] - spin_result = sendRequestAndVerify(findTestObject("INT/RGS(M4)/1_M4_spin", ["M4_login_user_id":M4_login_user_id, "rgs_session_token":rgs_session_token, "partner":Partner])): Send request and verify the response successfully

2019-08-24 12:49:29 - [MESSAGE][INFO] - HAR: /Users/eiralee/Katalon_Script/SuperWild/Reports/20190824_124242/INT/superWild_4/20190824_124242/requests/main/125.har

2019-08-24 12:49:29 - [TEST_CASE][PASSED] - Start Test Case : Verification: Verification accomplished successfully

2019-08-24 12:49:29 - [TEST_STEP][PASSED] - request = getInstance().getCurrentRequest(): null

2019-08-24 12:49:32 - [TEST_STEP][PASSED] - response = getInstance().getCurrentResponse(): null

2019-08-24 12:49:32 - [TEST_STEP][PASSED] - verifyResponseStatusCode(response, 200): Verify response status code successfully

2019-08-24 12:49:32 - [MESSAGE][PASSED] - Verify response status code successfully

2019-08-24 12:49:32 - [TEST_STEP][PASSED] - getStatusCode()).isEqualTo(200): null

2019-08-24 12:49:32 - [TEST_STEP][PASSED] - newline = System.getProperty("line.separator"): null

2019-08-24 12:49:32 - [TEST_STEP][PASSED] - M4_spin = new groovy.json.JsonSlurper(): null

2019-08-24 12:49:32 - [TEST_STEP][PASSED] - result_M4_spin = M4_spin.parseText(response.getResponseBodyContent()): null

2019-08-24 12:49:32 - [TEST_STEP][PASSED] - M4_spin_current_balance = current_balance: null

2019-08-24 12:49:32 - [TEST_STEP][PASSED] - M4_spin_current_balance = M4_spin_current_balance: null

2019-08-24 12:49:32 - [TEST_STEP][PASSED] - M4_spin_transaction_id = causality: null

2019-08-24 12:49:32 - [TEST_STEP][PASSED] - M4_spin_transaction_id = M4_spin_transaction_id: null

2019-08-24 12:49:38 - [TEST_STEP][PASSED] - M4_spin_round_id = round_id: null

2019-08-24 12:49:38 - [TEST_STEP][PASSED] - M4_spin_round_id = M4_spin_round_id: null

2019-08-24 12:49:38 - [TEST_STEP][PASSED] - M4_spin_line_wins = line_wins: null

2019-08-24 12:49:38 - [TEST_STEP][PASSED] - M4_spin_line_wins = M4_spin_line_wins: null

2019-08-24 12:49:38 - [TEST_STEP][PASSED] - M4_total_bonus_spins_int = total_bonus_spins: null

2019-08-24 12:49:43 - [TEST_STEP][PASSED] - println("******M4_total_bonus_spins type is:*******" + newline + getClass().getName()): null

2019-08-24 12:49:43 - [TEST_STEP][PASSED] - M4_total_bonus_spins_int = M4_total_bonus_spins_int: null

2019-08-24 12:49:43 - [TEST_STEP][PASSED] - M4_total_bonus_spins = Integer.toString(M4_total_bonus_spins_int): null

2019-08-24 12:49:43 - [TEST_STEP][PASSED] - M4_total_bonus_spins = M4_total_bonus_spins: null

2019-08-24 12:49:43 - [TEST_STEP][PASSED] - println("M4_total_bonus_spins is:" + M4_total_bonus_spins): null

2019-08-24 12:49:43 - [TEST_STEP][PASSED] - M4_spin_bonus_data = bonus_data: null

2019-08-24 12:49:43 - [TEST_STEP][PASSED] - M4_spin_features_triggered = result_M4_spin: null

2019-08-24 12:49:43 - [TEST_STEP][PASSED] - wild = []: null

2019-08-24 12:49:43 - [TEST_STEP][PASSED] - wild[0] = "WILD_Expanding": null

2019-08-24 12:49:43 - [TEST_STEP][PASSED] - wild[1] = "WILD_Normal": null

2019-08-24 12:49:43 - [TEST_STEP][PASSED] - wild[2] = "WILD_Double": null

2019-08-24 12:49:43 - [TEST_STEP][PASSED] - wild[3] = "WILD_ExtraFG": null

2019-08-24 12:49:43 - [TEST_STEP][PASSED] - wild[4] = "WILD_Triple": null

2019-08-24 12:49:43 - [TEST_STEP][PASSED] - wildList = Arrays.asList(wild): null

2019-08-24 12:49:43 - [TEST_STEP][PASSED] - wildList = wildList: null

2019-08-24 12:49:43 - [TEST_STEP][PASSED] - free_spin_reel_counter = []: null

2019-08-24 12:49:43 - [TEST_STEP][PASSED] - free_spin_reel_counter[0] = 0: null

2019-08-24 12:49:43 - [TEST_STEP][PASSED] - free_spin_reel_counter[1] = 0: null

2019-08-24 12:49:43 - [TEST_STEP][PASSED] - free_spin_reel_counter[2] = 0: null

2019-08-24 12:49:43 - [TEST_STEP][PASSED] - M4_spin_reels = reels: null

2019-08-24 12:49:43 - [TEST_STEP][PASSED] - for ([i = 0, i &lt; M4_spin_reels.size(), (i++)]): null

2019-08-24 12:49:43 - [TEST_STEP][PASSED] - symbols = symbols: null

2019-08-24 12:49:43 - [TEST_STEP][PASSED] - for ([j = 0, j &lt; symbols.size(), (j++)]): null

2019-08-24 12:49:43 - [TEST_STEP][PASSED] - symbol = symbol: null

2019-08-24 12:49:43 - [TEST_STEP][PASSED] - println(symbol): null

2019-08-24 12:49:43 - [TEST_STEP][PASSED] - if (i == 2 &amp;&amp; wildList.indexOf(symbol) != -1): null

2019-08-24 12:49:43 - [TEST_STEP][PASSED] - if (i == 3 &amp;&amp; wildList.indexOf(symbol) != -1): null

2019-08-24 12:49:43 - [TEST_STEP][PASSED] - if (i == 4 &amp;&amp; wildList.indexOf(symbol) != -1): null

2019-08-24 12:49:43 - [TEST_STEP][PASSED] - symbol = symbol: null

2019-08-24 12:49:43 - [TEST_STEP][PASSED] - println(symbol): null

2019-08-24 12:49:43 - [TEST_STEP][PASSED] - if (i == 2 &amp;&amp; wildList.indexOf(symbol) != -1): null

2019-08-24 12:49:43 - [TEST_STEP][PASSED] - if (i == 3 &amp;&amp; wildList.indexOf(symbol) != -1): null

2019-08-24 12:49:43 - [TEST_STEP][PASSED] - if (i == 4 &amp;&amp; wildList.indexOf(symbol) != -1): null

2019-08-24 12:49:43 - [TEST_STEP][PASSED] - symbol = symbol: null

2019-08-24 12:49:43 - [TEST_STEP][PASSED] - println(symbol): null

2019-08-24 12:49:43 - [TEST_STEP][PASSED] - if (i == 2 &amp;&amp; wildList.indexOf(symbol) != -1): null

2019-08-24 12:49:43 - [TEST_STEP][PASSED] - if (i == 3 &amp;&amp; wildList.indexOf(symbol) != -1): null

2019-08-24 12:49:43 - [TEST_STEP][PASSED] - if (i == 4 &amp;&amp; wildList.indexOf(symbol) != -1): null

2019-08-24 12:49:43 - [TEST_STEP][PASSED] - symbols = symbols: null

2019-08-24 12:49:43 - [TEST_STEP][PASSED] - for ([j = 0, j &lt; symbols.size(), (j++)]): null

2019-08-24 12:49:43 - [TEST_STEP][PASSED] - symbol = symbol: null

2019-08-24 12:49:43 - [TEST_STEP][PASSED] - println(symbol): null

2019-08-24 12:49:43 - [TEST_STEP][PASSED] - if (i == 2 &amp;&amp; wildList.indexOf(symbol) != -1): null

2019-08-24 12:49:43 - [TEST_STEP][PASSED] - if (i == 3 &amp;&amp; wildList.indexOf(symbol) != -1): null

2019-08-24 12:49:43 - [TEST_STEP][PASSED] - if (i == 4 &amp;&amp; wildList.indexOf(symbol) != -1): null

2019-08-24 12:49:43 - [TEST_STEP][PASSED] - symbol = symbol: null

2019-08-24 12:49:43 - [TEST_STEP][PASSED] - println(symbol): null

2019-08-24 12:49:43 - [TEST_STEP][PASSED] - if (i == 2 &amp;&amp; wildList.indexOf(symbol) != -1): null

2019-08-24 12:49:43 - [TEST_STEP][PASSED] - if (i == 3 &amp;&amp; wildList.indexOf(symbol) != -1): null

2019-08-24 12:49:43 - [TEST_STEP][PASSED] - if (i == 4 &amp;&amp; wildList.indexOf(symbol) != -1): null

2019-08-24 12:49:43 - [TEST_STEP][PASSED] - symbol = symbol: null

2019-08-24 12:49:43 - [TEST_STEP][PASSED] - println(symbol): null

2019-08-24 12:49:43 - [TEST_STEP][PASSED] - if (i == 2 &amp;&amp; wildList.indexOf(symbol) != -1): null

2019-08-24 12:49:43 - [TEST_STEP][PASSED] - if (i == 3 &amp;&amp; wildList.indexOf(symbol) != -1): null

2019-08-24 12:49:43 - [TEST_STEP][PASSED] - if (i == 4 &amp;&amp; wildList.indexOf(symbol) != -1): null

2019-08-24 12:49:43 - [TEST_STEP][PASSED] - symbols = symbols: null

2019-08-24 12:49:43 - [TEST_STEP][PASSED] - for ([j = 0, j &lt; symbols.size(), (j++)]): null

2019-08-24 12:49:43 - [TEST_STEP][PASSED] - symbol = symbol: null

2019-08-24 12:49:43 - [TEST_STEP][PASSED] - println(symbol): null

2019-08-24 12:49:43 - [TEST_STEP][PASSED] - if (i == 2 &amp;&amp; wildList.indexOf(symbol) != -1): null

2019-08-24 12:49:43 - [TEST_STEP][PASSED] - if (i == 3 &amp;&amp; wildList.indexOf(symbol) != -1): null

2019-08-24 12:49:43 - [TEST_STEP][PASSED] - if (i == 4 &amp;&amp; wildList.indexOf(symbol) != -1): null

2019-08-24 12:49:43 - [TEST_STEP][PASSED] - symbol = symbol: null

2019-08-24 12:49:43 - [TEST_STEP][PASSED] - println(symbol): null

2019-08-24 12:49:43 - [TEST_STEP][PASSED] - if (i == 2 &amp;&amp; wildList.indexOf(symbol) != -1): null

2019-08-24 12:49:43 - [TEST_STEP][PASSED] - if (i == 3 &amp;&amp; wildList.indexOf(symbol) != -1): null

2019-08-24 12:49:43 - [TEST_STEP][PASSED] - if (i == 4 &amp;&amp; wildList.indexOf(symbol) != -1): null

2019-08-24 12:49:43 - [TEST_STEP][PASSED] - symbol = symbol: null

2019-08-24 12:49:43 - [TEST_STEP][PASSED] - println(symbol): null

2019-08-24 12:49:43 - [TEST_STEP][PASSED] - if (i == 2 &amp;&amp; wildList.indexOf(symbol) != -1): null

2019-08-24 12:49:43 - [TEST_STEP][PASSED] - if (i == 3 &amp;&amp; wildList.indexOf(symbol) != -1): null

2019-08-24 12:49:43 - [TEST_STEP][PASSED] - if (i == 4 &amp;&amp; wildList.indexOf(symbol) != -1): null

2019-08-24 12:49:43 - [TEST_STEP][PASSED] - symbols = symbols: null

2019-08-24 12:49:43 - [TEST_STEP][PASSED] - for ([j = 0, j &lt; symbols.size(), (j++)]): null

2019-08-24 12:49:43 - [TEST_STEP][PASSED] - symbol = symbol: null

2019-08-24 12:49:43 - [TEST_STEP][PASSED] - println(symbol): null

2019-08-24 12:49:43 - [TEST_STEP][PASSED] - if (i == 2 &amp;&amp; wildList.indexOf(symbol) != -1): null

2019-08-24 12:49:43 - [TEST_STEP][PASSED] - if (i == 3 &amp;&amp; wildList.indexOf(symbol) != -1): null

2019-08-24 12:49:43 - [TEST_STEP][PASSED] - if (i == 4 &amp;&amp; wildList.indexOf(symbol) != -1): null

2019-08-24 12:49:43 - [TEST_STEP][PASSED] - symbol = symbol: null

2019-08-24 12:49:43 - [TEST_STEP][PASSED] - println(symbol): null

2019-08-24 12:49:43 - [TEST_STEP][PASSED] - if (i == 2 &amp;&amp; wildList.indexOf(symbol) != -1): null

2019-08-24 12:49:43 - [TEST_STEP][PASSED] - if (i == 3 &amp;&amp; wildList.indexOf(symbol) != -1): null

2019-08-24 12:49:43 - [TEST_STEP][PASSED] - if (i == 4 &amp;&amp; wildList.indexOf(symbol) != -1): null

2019-08-24 12:49:43 - [TEST_STEP][PASSED] - symbol = symbol: null

2019-08-24 12:49:43 - [TEST_STEP][PASSED] - println(symbol): null

2019-08-24 12:49:43 - [TEST_STEP][PASSED] - if (i == 2 &amp;&amp; wildList.indexOf(symbol) != -1): null

2019-08-24 12:49:43 - [TEST_STEP][PASSED] - if (i == 3 &amp;&amp; wildList.indexOf(symbol) != -1): null

2019-08-24 12:49:43 - [TEST_STEP][PASSED] - if (i == 4 &amp;&amp; wildList.indexOf(symbol) != -1): null

2019-08-24 12:49:43 - [TEST_STEP][PASSED] - symbols = symbols: null

2019-08-24 12:49:43 - [TEST_STEP][PASSED] - for ([j = 0, j &lt; symbols.size(), (j++)]): null

2019-08-24 12:49:43 - [TEST_STEP][PASSED] - symbol = symbol: null

2019-08-24 12:49:43 - [TEST_STEP][PASSED] - println(symbol): null

2019-08-24 12:49:43 - [TEST_STEP][PASSED] - if (i == 2 &amp;&amp; wildList.indexOf(symbol) != -1): null

2019-08-24 12:49:43 - [TEST_STEP][PASSED] - if (i == 3 &amp;&amp; wildList.indexOf(symbol) != -1): null

2019-08-24 12:49:43 - [TEST_STEP][PASSED] - if (i == 4 &amp;&amp; wildList.indexOf(symbol) != -1): null

2019-08-24 12:49:43 - [TEST_STEP][PASSED] - symbol = symbol: null

2019-08-24 12:49:43 - [TEST_STEP][PASSED] - println(symbol): null

2019-08-24 12:49:43 - [TEST_STEP][PASSED] - if (i == 2 &amp;&amp; wildList.indexOf(symbol) != -1): null

2019-08-24 12:49:43 - [TEST_STEP][PASSED] - if (i == 3 &amp;&amp; wildList.indexOf(symbol) != -1): null

2019-08-24 12:49:43 - [TEST_STEP][PASSED] - if (i == 4 &amp;&amp; wildList.indexOf(symbol) != -1): null

2019-08-24 12:49:43 - [TEST_STEP][PASSED] - symbol = symbol: null

2019-08-24 12:49:43 - [TEST_STEP][PASSED] - println(symbol): null

2019-08-24 12:49:43 - [TEST_STEP][PASSED] - if (i == 2 &amp;&amp; wildList.indexOf(symbol) != -1): null

2019-08-24 12:49:43 - [TEST_STEP][PASSED] - if (i == 3 &amp;&amp; wildList.indexOf(symbol) != -1): null

2019-08-24 12:49:43 - [TEST_STEP][PASSED] - if (i == 4 &amp;&amp; wildList.indexOf(symbol) != -1): null

2019-08-24 12:49:43 - [TEST_STEP][PASSED] - free_spin_reel_counter = free_spin_reel_counter: null

2019-08-24 12:49:43 - [TEST_STEP][PASSED] - println("reel 3 wild found: " + free_spin_reel_counter[0]): null

2019-08-24 12:49:43 - [TEST_STEP][PASSED] - println("reel 4 wild found: " + free_spin_reel_counter[1]): null

2019-08-24 12:49:43 - [TEST_STEP][PASSED] - println("reel 5 wild found: " + free_spin_reel_counter[2]): null

2019-08-24 12:49:43 - [TEST_STEP][PASSED] - M4_spin_reels = M4_spin_reels: null

2019-08-24 12:49:43 - [TEST_STEP][PASSED] - M4_spin_reels_symbols = symbol: null

2019-08-24 12:49:43 - [TEST_STEP][PASSED] - M4_spin_reels_symbols = M4_spin_reels_symbols: null

2019-08-24 12:49:43 - [TEST_STEP][PASSED] - M4_spin_reel_wins = reel_wins: null

2019-08-24 12:49:43 - [TEST_STEP][PASSED] - M4_spin_reel_wins = M4_spin_reel_wins: null

2019-08-24 12:49:43 - [TEST_STEP][PASSED] - println("GlobalVariable.M4_spin_reel_wins is: " + M4_spin_reel_wins): null

2019-08-24 12:49:43 - [TEST_STEP][PASSED] - M4_spin_total_bonus_win_this_round = total_bonus_win_this_round: null

2019-08-24 12:49:43 - [TEST_STEP][PASSED] - M4_spin_total_bonus_win_this_round = M4_spin_total_bonus_win_this_round: null

2019-08-24 12:49:43 - [TEST_STEP][PASSED] - println("GlobalVariable.M4_spin_total_bonus_win_this_round is: " + M4_spin_total_bonus_win_this_round): null

2019-08-24 12:49:43 - [TEST_STEP][PASSED] - M4_spin_bonus_spin_result = spin_result: null

2019-08-24 12:49:43 - [TEST_STEP][PASSED] - M4_spin_bonus_spin_result = M4_spin_bonus_spin_result: null

2019-08-24 12:49:43 - [MESSAGE][PASSED] - Verify response successfully

2019-08-24 12:49:43 - [MESSAGE][PASSED] - Send request and verify the response successfully

2019-08-24 12:49:43 - [TEST_STEP][PASSED] - if (M4_total_bonus_spins_int != 0 &amp;&amp; M4_spin_reels_symbols[2].contains("WILD_Double") || M4_spin_reels_symbols[4].contains("WILD_Triple")): null

2019-08-24 12:49:43 - [TEST_STEP][PASSED] - free_spin_reel_counter = free_spin_reel_counter: null

2019-08-24 12:49:43 - [TEST_STEP][PASSED] - M4_spin_reels_symbols = M4_spin_reels_symbols: null

2019-08-24 12:49:43 - [TEST_STEP][PASSED] - M4_total_bonus_spins = M4_total_bonus_spins: null

2019-08-24 12:49:43 - [TEST_STEP][PASSED] - spin_result = sendRequestAndVerify(findTestObject("INT/RGS(M4)/1_M4_spin", ["M4_login_user_id":M4_login_user_id, "rgs_session_token":rgs_session_token, "partner":Partner])): Send request and verify the response successfully

2019-08-24 12:49:44 - [MESSAGE][INFO] - HAR: /Users/eiralee/Katalon_Script/SuperWild/Reports/20190824_124242/INT/superWild_4/20190824_124242/requests/main/126.har

2019-08-24 12:49:44 - [TEST_CASE][PASSED] - Start Test Case : Verification: Verification accomplished successfully

2019-08-24 12:49:44 - [TEST_STEP][PASSED] - request = getInstance().getCurrentRequest(): null

2019-08-24 12:49:44 - [TEST_STEP][PASSED] - response = getInstance().getCurrentResponse(): null

2019-08-24 12:49:44 - [TEST_STEP][PASSED] - verifyResponseStatusCode(response, 200): Verify response status code successfully

2019-08-24 12:49:44 - [MESSAGE][PASSED] - Verify response status code successfully

2019-08-24 12:49:44 - [TEST_STEP][PASSED] - getStatusCode()).isEqualTo(200): null

2019-08-24 12:49:44 - [TEST_STEP][PASSED] - newline = System.getProperty("line.separator"): null

2019-08-24 12:49:44 - [TEST_STEP][PASSED] - M4_spin = new groovy.json.JsonSlurper(): null

2019-08-24 12:49:44 - [TEST_STEP][PASSED] - result_M4_spin = M4_spin.parseText(response.getResponseBodyContent()): null

2019-08-24 12:49:44 - [TEST_STEP][PASSED] - M4_spin_current_balance = current_balance: null

2019-08-24 12:49:44 - [TEST_STEP][PASSED] - M4_spin_current_balance = M4_spin_current_balance: null

2019-08-24 12:49:44 - [TEST_STEP][PASSED] - M4_spin_transaction_id = causality: null

2019-08-24 12:49:44 - [TEST_STEP][PASSED] - M4_spin_transaction_id = M4_spin_transaction_id: null

2019-08-24 12:49:44 - [TEST_STEP][PASSED] - M4_spin_round_id = round_id: null

2019-08-24 12:49:44 - [TEST_STEP][PASSED] - M4_spin_round_id = M4_spin_round_id: null

2019-08-24 12:49:44 - [TEST_STEP][PASSED] - M4_spin_line_wins = line_wins: null

2019-08-24 12:49:44 - [TEST_STEP][PASSED] - M4_spin_line_wins = M4_spin_line_wins: null

2019-08-24 12:49:44 - [TEST_STEP][PASSED] - M4_total_bonus_spins_int = total_bonus_spins: null

2019-08-24 12:49:44 - [TEST_STEP][PASSED] - println("******M4_total_bonus_spins type is:*******" + newline + getClass().getName()): null

2019-08-24 12:49:44 - [TEST_STEP][PASSED] - M4_total_bonus_spins_int = M4_total_bonus_spins_int: null

2019-08-24 12:49:44 - [TEST_STEP][PASSED] - M4_total_bonus_spins = Integer.toString(M4_total_bonus_spins_int): null

2019-08-24 12:49:44 - [TEST_STEP][PASSED] - M4_total_bonus_spins = M4_total_bonus_spins: null

2019-08-24 12:49:44 - [TEST_STEP][PASSED] - println("M4_total_bonus_spins is:" + M4_total_bonus_spins): null

2019-08-24 12:49:44 - [TEST_STEP][PASSED] - M4_spin_bonus_data = bonus_data: null

2019-08-24 12:49:44 - [TEST_STEP][PASSED] - M4_spin_features_triggered = result_M4_spin: null

2019-08-24 12:49:44 - [TEST_STEP][PASSED] - wild = []: null

2019-08-24 12:49:44 - [TEST_STEP][PASSED] - wild[0] = "WILD_Expanding": null

2019-08-24 12:49:44 - [TEST_STEP][PASSED] - wild[1] = "WILD_Normal": null

2019-08-24 12:49:44 - [TEST_STEP][PASSED] - wild[2] = "WILD_Double": null

2019-08-24 12:49:44 - [TEST_STEP][PASSED] - wild[3] = "WILD_ExtraFG": null

2019-08-24 12:49:44 - [TEST_STEP][PASSED] - wild[4] = "WILD_Triple": null

2019-08-24 12:49:44 - [TEST_STEP][PASSED] - wildList = Arrays.asList(wild): null

2019-08-24 12:49:44 - [TEST_STEP][PASSED] - wildList = wildList: null

2019-08-24 12:49:44 - [TEST_STEP][PASSED] - free_spin_reel_counter = []: null

2019-08-24 12:49:44 - [TEST_STEP][PASSED] - free_spin_reel_counter[0] = 0: null

2019-08-24 12:49:44 - [TEST_STEP][PASSED] - free_spin_reel_counter[1] = 0: null

2019-08-24 12:49:44 - [TEST_STEP][PASSED] - free_spin_reel_counter[2] = 0: null

2019-08-24 12:49:44 - [TEST_STEP][PASSED] - M4_spin_reels = reels: null

2019-08-24 12:49:44 - [TEST_STEP][PASSED] - for ([i = 0, i &lt; M4_spin_reels.size(), (i++)]): null

2019-08-24 12:49:44 - [TEST_STEP][PASSED] - symbols = symbols: null

2019-08-24 12:49:44 - [TEST_STEP][PASSED] - for ([j = 0, j &lt; symbols.size(), (j++)]): null

2019-08-24 12:49:44 - [TEST_STEP][PASSED] - symbol = symbol: null

2019-08-24 12:49:44 - [TEST_STEP][PASSED] - println(symbol): null

2019-08-24 12:49:44 - [TEST_STEP][PASSED] - if (i == 2 &amp;&amp; wildList.indexOf(symbol) != -1): null

2019-08-24 12:49:44 - [TEST_STEP][PASSED] - if (i == 3 &amp;&amp; wildList.indexOf(symbol) != -1): null

2019-08-24 12:49:44 - [TEST_STEP][PASSED] - if (i == 4 &amp;&amp; wildList.indexOf(symbol) != -1): null

2019-08-24 12:49:44 - [TEST_STEP][PASSED] - symbol = symbol: null

2019-08-24 12:49:44 - [TEST_STEP][PASSED] - println(symbol): null

2019-08-24 12:49:44 - [TEST_STEP][PASSED] - if (i == 2 &amp;&amp; wildList.indexOf(symbol) != -1): null

2019-08-24 12:49:44 - [TEST_STEP][PASSED] - if (i == 3 &amp;&amp; wildList.indexOf(symbol) != -1): null

2019-08-24 12:49:44 - [TEST_STEP][PASSED] - if (i == 4 &amp;&amp; wildList.indexOf(symbol) != -1): null

2019-08-24 12:49:44 - [TEST_STEP][PASSED] - symbol = symbol: null

2019-08-24 12:49:44 - [TEST_STEP][PASSED] - println(symbol): null

2019-08-24 12:49:44 - [TEST_STEP][PASSED] - if (i == 2 &amp;&amp; wildList.indexOf(symbol) != -1): null

2019-08-24 12:49:44 - [TEST_STEP][PASSED] - if (i == 3 &amp;&amp; wildList.indexOf(symbol) != -1): null

2019-08-24 12:49:44 - [TEST_STEP][PASSED] - if (i == 4 &amp;&amp; wildList.indexOf(symbol) != -1): null

2019-08-24 12:49:44 - [TEST_STEP][PASSED] - symbols = symbols: null

2019-08-24 12:49:44 - [TEST_STEP][PASSED] - for ([j = 0, j &lt; symbols.size(), (j++)]): null

2019-08-24 12:49:44 - [TEST_STEP][PASSED] - symbol = symbol: null

2019-08-24 12:49:44 - [TEST_STEP][PASSED] - println(symbol): null

2019-08-24 12:49:44 - [TEST_STEP][PASSED] - if (i == 2 &amp;&amp; wildList.indexOf(symbol) != -1): null

2019-08-24 12:49:44 - [TEST_STEP][PASSED] - if (i == 3 &amp;&amp; wildList.indexOf(symbol) != -1): null

2019-08-24 12:49:44 - [TEST_STEP][PASSED] - if (i == 4 &amp;&amp; wildList.indexOf(symbol) != -1): null

2019-08-24 12:49:44 - [TEST_STEP][PASSED] - symbol = symbol: null

2019-08-24 12:49:44 - [TEST_STEP][PASSED] - println(symbol): null

2019-08-24 12:49:44 - [TEST_STEP][PASSED] - if (i == 2 &amp;&amp; wildList.indexOf(symbol) != -1): null

2019-08-24 12:49:44 - [TEST_STEP][PASSED] - if (i == 3 &amp;&amp; wildList.indexOf(symbol) != -1): null

2019-08-24 12:49:44 - [TEST_STEP][PASSED] - if (i == 4 &amp;&amp; wildList.indexOf(symbol) != -1): null

2019-08-24 12:49:44 - [TEST_STEP][PASSED] - symbol = symbol: null

2019-08-24 12:49:44 - [TEST_STEP][PASSED] - println(symbol): null

2019-08-24 12:49:44 - [TEST_STEP][PASSED] - if (i == 2 &amp;&amp; wildList.indexOf(symbol) != -1): null

2019-08-24 12:49:44 - [TEST_STEP][PASSED] - if (i == 3 &amp;&amp; wildList.indexOf(symbol) != -1): null

2019-08-24 12:49:44 - [TEST_STEP][PASSED] - if (i == 4 &amp;&amp; wildList.indexOf(symbol) != -1): null

2019-08-24 12:49:44 - [TEST_STEP][PASSED] - symbols = symbols: null

2019-08-24 12:49:44 - [TEST_STEP][PASSED] - for ([j = 0, j &lt; symbols.size(), (j++)]): null

2019-08-24 12:49:44 - [TEST_STEP][PASSED] - symbol = symbol: null

2019-08-24 12:49:44 - [TEST_STEP][PASSED] - println(symbol): null

2019-08-24 12:49:44 - [TEST_STEP][PASSED] - if (i == 2 &amp;&amp; wildList.indexOf(symbol) != -1): null

2019-08-24 12:49:44 - [TEST_STEP][PASSED] - println("wild found on reel 3, adding counter by 1"): null

2019-08-24 12:49:44 - [TEST_STEP][PASSED] - free_spin_reel_counter[0] = free_spin_reel_counter[0] + 1: null

2019-08-24 12:49:44 - [TEST_STEP][PASSED] - if (i == 3 &amp;&amp; wildList.indexOf(symbol) != -1): null

2019-08-24 12:49:44 - [TEST_STEP][PASSED] - if (i == 4 &amp;&amp; wildList.indexOf(symbol) != -1): null

2019-08-24 12:49:44 - [TEST_STEP][PASSED] - symbol = symbol: null

2019-08-24 12:49:44 - [TEST_STEP][PASSED] - println(symbol): null

2019-08-24 12:49:44 - [TEST_STEP][PASSED] - if (i == 2 &amp;&amp; wildList.indexOf(symbol) != -1): null

2019-08-24 12:49:44 - [TEST_STEP][PASSED] - if (i == 3 &amp;&amp; wildList.indexOf(symbol) != -1): null

2019-08-24 12:49:44 - [TEST_STEP][PASSED] - if (i == 4 &amp;&amp; wildList.indexOf(symbol) != -1): null

2019-08-24 12:49:44 - [TEST_STEP][PASSED] - symbol = symbol: null

2019-08-24 12:49:44 - [TEST_STEP][PASSED] - println(symbol): null

2019-08-24 12:49:44 - [TEST_STEP][PASSED] - if (i == 2 &amp;&amp; wildList.indexOf(symbol) != -1): null

2019-08-24 12:49:44 - [TEST_STEP][PASSED] - if (i == 3 &amp;&amp; wildList.indexOf(symbol) != -1): null

2019-08-24 12:49:44 - [TEST_STEP][PASSED] - if (i == 4 &amp;&amp; wildList.indexOf(symbol) != -1): null

2019-08-24 12:49:44 - [TEST_STEP][PASSED] - symbols = symbols: null

2019-08-24 12:49:44 - [TEST_STEP][PASSED] - for ([j = 0, j &lt; symbols.size(), (j++)]): null

2019-08-24 12:49:44 - [TEST_STEP][PASSED] - symbol = symbol: null

2019-08-24 12:49:44 - [TEST_STEP][PASSED] - println(symbol): null

2019-08-24 12:49:44 - [TEST_STEP][PASSED] - if (i == 2 &amp;&amp; wildList.indexOf(symbol) != -1): null

2019-08-24 12:49:44 - [TEST_STEP][PASSED] - if (i == 3 &amp;&amp; wildList.indexOf(symbol) != -1): null

2019-08-24 12:49:44 - [TEST_STEP][PASSED] - if (i == 4 &amp;&amp; wildList.indexOf(symbol) != -1): null

2019-08-24 12:49:44 - [TEST_STEP][PASSED] - symbol = symbol: null

2019-08-24 12:49:44 - [TEST_STEP][PASSED] - println(symbol): null

2019-08-24 12:49:44 - [TEST_STEP][PASSED] - if (i == 2 &amp;&amp; wildList.indexOf(symbol) != -1): null

2019-08-24 12:49:44 - [TEST_STEP][PASSED] - if (i == 3 &amp;&amp; wildList.indexOf(symbol) != -1): null

2019-08-24 12:49:44 - [TEST_STEP][PASSED] - println("wild found on reel 4, adding counter by 1"): null

2019-08-24 12:49:44 - [TEST_STEP][PASSED] - free_spin_reel_counter[1] = free_spin_reel_counter[1] + 1: null

2019-08-24 12:49:44 - [TEST_STEP][PASSED] - if (i == 4 &amp;&amp; wildList.indexOf(symbol) != -1): null

2019-08-24 12:49:44 - [TEST_STEP][PASSED] - symbol = symbol: null

2019-08-24 12:49:44 - [TEST_STEP][PASSED] - println(symbol): null

2019-08-24 12:49:44 - [TEST_STEP][PASSED] - if (i == 2 &amp;&amp; wildList.indexOf(symbol) != -1): null

2019-08-24 12:49:44 - [TEST_STEP][PASSED] - if (i == 3 &amp;&amp; wildList.indexOf(symbol) != -1): null

2019-08-24 12:49:44 - [TEST_STEP][PASSED] - if (i == 4 &amp;&amp; wildList.indexOf(symbol) != -1): null

2019-08-24 12:49:44 - [TEST_STEP][PASSED] - symbols = symbols: null

2019-08-24 12:49:44 - [TEST_STEP][PASSED] - for ([j = 0, j &lt; symbols.size(), (j++)]): null

2019-08-24 12:49:44 - [TEST_STEP][PASSED] - symbol = symbol: null

2019-08-24 12:49:44 - [TEST_STEP][PASSED] - println(symbol): null

2019-08-24 12:49:44 - [TEST_STEP][PASSED] - if (i == 2 &amp;&amp; wildList.indexOf(symbol) != -1): null

2019-08-24 12:49:44 - [TEST_STEP][PASSED] - if (i == 3 &amp;&amp; wildList.indexOf(symbol) != -1): null

2019-08-24 12:49:44 - [TEST_STEP][PASSED] - if (i == 4 &amp;&amp; wildList.indexOf(symbol) != -1): null

2019-08-24 12:49:44 - [TEST_STEP][PASSED] - symbol = symbol: null

2019-08-24 12:49:44 - [TEST_STEP][PASSED] - println(symbol): null

2019-08-24 12:49:44 - [TEST_STEP][PASSED] - if (i == 2 &amp;&amp; wildList.indexOf(symbol) != -1): null

2019-08-24 12:49:44 - [TEST_STEP][PASSED] - if (i == 3 &amp;&amp; wildList.indexOf(symbol) != -1): null

2019-08-24 12:49:44 - [TEST_STEP][PASSED] - if (i == 4 &amp;&amp; wildList.indexOf(symbol) != -1): null

2019-08-24 12:49:44 - [TEST_STEP][PASSED] - symbol = symbol: null

2019-08-24 12:49:44 - [TEST_STEP][PASSED] - println(symbol): null

2019-08-24 12:49:44 - [TEST_STEP][PASSED] - if (i == 2 &amp;&amp; wildList.indexOf(symbol) != -1): null

2019-08-24 12:49:44 - [TEST_STEP][PASSED] - if (i == 3 &amp;&amp; wildList.indexOf(symbol) != -1): null

2019-08-24 12:49:44 - [TEST_STEP][PASSED] - if (i == 4 &amp;&amp; wildList.indexOf(symbol) != -1): null

2019-08-24 12:49:44 - [TEST_STEP][PASSED] - free_spin_reel_counter = free_spin_reel_counter: null

2019-08-24 12:49:44 - [TEST_STEP][PASSED] - println("reel 3 wild found: " + free_spin_reel_counter[0]): null

2019-08-24 12:49:44 - [TEST_STEP][PASSED] - println("reel 4 wild found: " + free_spin_reel_counter[1]): null

2019-08-24 12:49:44 - [TEST_STEP][PASSED] - println("reel 5 wild found: " + free_spin_reel_counter[2]): null

2019-08-24 12:49:44 - [TEST_STEP][PASSED] - M4_spin_reels = M4_spin_reels: null

2019-08-24 12:49:44 - [TEST_STEP][PASSED] - M4_spin_reels_symbols = symbol: null

2019-08-24 12:49:44 - [TEST_STEP][PASSED] - M4_spin_reels_symbols = M4_spin_reels_symbols: null

2019-08-24 12:49:44 - [TEST_STEP][PASSED] - M4_spin_reel_wins = reel_wins: null

2019-08-24 12:49:44 - [TEST_STEP][PASSED] - M4_spin_reel_wins = M4_spin_reel_wins: null

2019-08-24 12:49:44 - [TEST_STEP][PASSED] - println("GlobalVariable.M4_spin_reel_wins is: " + M4_spin_reel_wins): null

2019-08-24 12:49:44 - [TEST_STEP][PASSED] - M4_spin_total_bonus_win_this_round = total_bonus_win_this_round: null

2019-08-24 12:49:44 - [TEST_STEP][PASSED] - M4_spin_total_bonus_win_this_round = M4_spin_total_bonus_win_this_round: null

2019-08-24 12:49:44 - [TEST_STEP][PASSED] - println("GlobalVariable.M4_spin_total_bonus_win_this_round is: " + M4_spin_total_bonus_win_this_round): null

2019-08-24 12:49:44 - [TEST_STEP][PASSED] - M4_spin_bonus_spin_result = spin_result: null

2019-08-24 12:49:44 - [TEST_STEP][PASSED] - M4_spin_bonus_spin_result = M4_spin_bonus_spin_result: null

2019-08-24 12:49:44 - [MESSAGE][PASSED] - Verify response successfully

2019-08-24 12:49:44 - [MESSAGE][PASSED] - Send request and verify the response successfully

2019-08-24 12:49:44 - [TEST_STEP][PASSED] - if (M4_total_bonus_spins_int != 0 &amp;&amp; M4_spin_reels_symbols[2].contains("WILD_Double") || M4_spin_reels_symbols[4].contains("WILD_Triple")): null

2019-08-24 12:49:44 - [TEST_STEP][PASSED] - free_spin_reel_counter = free_spin_reel_counter: null

2019-08-24 12:49:44 - [TEST_STEP][PASSED] - M4_spin_reels_symbols = M4_spin_reels_symbols: null

2019-08-24 12:49:44 - [TEST_STEP][PASSED] - M4_total_bonus_spins = M4_total_bonus_spins: null

2019-08-24 12:49:44 - [TEST_STEP][PASSED] - spin_result = sendRequestAndVerify(findTestObject("INT/RGS(M4)/1_M4_spin", ["M4_login_user_id":M4_login_user_id, "rgs_session_token":rgs_session_token, "partner":Partner])): Send request and verify the response successfully

2019-08-24 12:49:45 - [MESSAGE][INFO] - HAR: /Users/eiralee/Katalon_Script/SuperWild/Reports/20190824_124242/INT/superWild_4/20190824_124242/requests/main/127.har

2019-08-24 12:49:45 - [TEST_CASE][PASSED] - Start Test Case : Verification: Verification accomplished successfully

2019-08-24 12:49:45 - [TEST_STEP][PASSED] - request = getInstance().getCurrentRequest(): null

2019-08-24 12:49:45 - [TEST_STEP][PASSED] - response = getInstance().getCurrentResponse(): null

2019-08-24 12:49:45 - [TEST_STEP][PASSED] - verifyResponseStatusCode(response, 200): Verify response status code successfully

2019-08-24 12:49:45 - [MESSAGE][PASSED] - Verify response status code successfully

2019-08-24 12:49:45 - [TEST_STEP][PASSED] - getStatusCode()).isEqualTo(200): null

2019-08-24 12:49:45 - [TEST_STEP][PASSED] - newline = System.getProperty("line.separator"): null

2019-08-24 12:49:45 - [TEST_STEP][PASSED] - M4_spin = new groovy.json.JsonSlurper(): null

2019-08-24 12:49:45 - [TEST_STEP][PASSED] - result_M4_spin = M4_spin.parseText(response.getResponseBodyContent()): null

2019-08-24 12:49:45 - [TEST_STEP][PASSED] - M4_spin_current_balance = current_balance: null

2019-08-24 12:49:45 - [TEST_STEP][PASSED] - M4_spin_current_balance = M4_spin_current_balance: null

2019-08-24 12:49:45 - [TEST_STEP][PASSED] - M4_spin_transaction_id = causality: null

2019-08-24 12:49:45 - [TEST_STEP][PASSED] - M4_spin_transaction_id = M4_spin_transaction_id: null

2019-08-24 12:49:45 - [TEST_STEP][PASSED] - M4_spin_round_id = round_id: null

2019-08-24 12:49:45 - [TEST_STEP][PASSED] - M4_spin_round_id = M4_spin_round_id: null

2019-08-24 12:49:45 - [TEST_STEP][PASSED] - M4_spin_line_wins = line_wins: null

2019-08-24 12:49:45 - [TEST_STEP][PASSED] - M4_spin_line_wins = M4_spin_line_wins: null

2019-08-24 12:49:45 - [TEST_STEP][PASSED] - M4_total_bonus_spins_int = total_bonus_spins: null

2019-08-24 12:49:45 - [TEST_STEP][PASSED] - println("******M4_total_bonus_spins type is:*******" + newline + getClass().getName()): null

2019-08-24 12:49:45 - [TEST_STEP][PASSED] - M4_total_bonus_spins_int = M4_total_bonus_spins_int: null

2019-08-24 12:49:45 - [TEST_STEP][PASSED] - M4_total_bonus_spins = Integer.toString(M4_total_bonus_spins_int): null

2019-08-24 12:49:45 - [TEST_STEP][PASSED] - M4_total_bonus_spins = M4_total_bonus_spins: null

2019-08-24 12:49:45 - [TEST_STEP][PASSED] - println("M4_total_bonus_spins is:" + M4_total_bonus_spins): null

2019-08-24 12:49:45 - [TEST_STEP][PASSED] - M4_spin_bonus_data = bonus_data: null

2019-08-24 12:49:45 - [TEST_STEP][PASSED] - M4_spin_features_triggered = result_M4_spin: null

2019-08-24 12:49:45 - [TEST_STEP][PASSED] - wild = []: null

2019-08-24 12:49:45 - [TEST_STEP][PASSED] - wild[0] = "WILD_Expanding": null

2019-08-24 12:49:45 - [TEST_STEP][PASSED] - wild[1] = "WILD_Normal": null

2019-08-24 12:49:45 - [TEST_STEP][PASSED] - wild[2] = "WILD_Double": null

2019-08-24 12:49:45 - [TEST_STEP][PASSED] - wild[3] = "WILD_ExtraFG": null

2019-08-24 12:49:45 - [TEST_STEP][PASSED] - wild[4] = "WILD_Triple": null

2019-08-24 12:49:45 - [TEST_STEP][PASSED] - wildList = Arrays.asList(wild): null

2019-08-24 12:49:45 - [TEST_STEP][PASSED] - wildList = wildList: null

2019-08-24 12:49:45 - [TEST_STEP][PASSED] - free_spin_reel_counter = []: null

2019-08-24 12:49:45 - [TEST_STEP][PASSED] - free_spin_reel_counter[0] = 0: null

2019-08-24 12:49:45 - [TEST_STEP][PASSED] - free_spin_reel_counter[1] = 0: null

2019-08-24 12:49:45 - [TEST_STEP][PASSED] - free_spin_reel_counter[2] = 0: null

2019-08-24 12:49:45 - [TEST_STEP][PASSED] - M4_spin_reels = reels: null

2019-08-24 12:49:45 - [TEST_STEP][PASSED] - for ([i = 0, i &lt; M4_spin_reels.size(), (i++)]): null

2019-08-24 12:49:45 - [TEST_STEP][PASSED] - symbols = symbols: null

2019-08-24 12:49:45 - [TEST_STEP][PASSED] - for ([j = 0, j &lt; symbols.size(), (j++)]): null

2019-08-24 12:49:45 - [TEST_STEP][PASSED] - symbol = symbol: null

2019-08-24 12:49:45 - [TEST_STEP][PASSED] - println(symbol): null

2019-08-24 12:49:45 - [TEST_STEP][PASSED] - if (i == 2 &amp;&amp; wildList.indexOf(symbol) != -1): null

2019-08-24 12:49:45 - [TEST_STEP][PASSED] - if (i == 3 &amp;&amp; wildList.indexOf(symbol) != -1): null

2019-08-24 12:49:45 - [TEST_STEP][PASSED] - if (i == 4 &amp;&amp; wildList.indexOf(symbol) != -1): null

2019-08-24 12:49:45 - [TEST_STEP][PASSED] - symbol = symbol: null

2019-08-24 12:49:45 - [TEST_STEP][PASSED] - println(symbol): null

2019-08-24 12:49:45 - [TEST_STEP][PASSED] - if (i == 2 &amp;&amp; wildList.indexOf(symbol) != -1): null

2019-08-24 12:49:45 - [TEST_STEP][PASSED] - if (i == 3 &amp;&amp; wildList.indexOf(symbol) != -1): null

2019-08-24 12:49:45 - [TEST_STEP][PASSED] - if (i == 4 &amp;&amp; wildList.indexOf(symbol) != -1): null

2019-08-24 12:49:45 - [TEST_STEP][PASSED] - symbol = symbol: null

2019-08-24 12:49:45 - [TEST_STEP][PASSED] - println(symbol): null

2019-08-24 12:49:45 - [TEST_STEP][PASSED] - if (i == 2 &amp;&amp; wildList.indexOf(symbol) != -1): null

2019-08-24 12:49:45 - [TEST_STEP][PASSED] - if (i == 3 &amp;&amp; wildList.indexOf(symbol) != -1): null

2019-08-24 12:49:45 - [TEST_STEP][PASSED] - if (i == 4 &amp;&amp; wildList.indexOf(symbol) != -1): null

2019-08-24 12:49:45 - [TEST_STEP][PASSED] - symbols = symbols: null

2019-08-24 12:49:45 - [TEST_STEP][PASSED] - for ([j = 0, j &lt; symbols.size(), (j++)]): null

2019-08-24 12:49:45 - [TEST_STEP][PASSED] - symbol = symbol: null

2019-08-24 12:49:45 - [TEST_STEP][PASSED] - println(symbol): null

2019-08-24 12:49:45 - [TEST_STEP][PASSED] - if (i == 2 &amp;&amp; wildList.indexOf(symbol) != -1): null

2019-08-24 12:49:45 - [TEST_STEP][PASSED] - if (i == 3 &amp;&amp; wildList.indexOf(symbol) != -1): null

2019-08-24 12:49:45 - [TEST_STEP][PASSED] - if (i == 4 &amp;&amp; wildList.indexOf(symbol) != -1): null

2019-08-24 12:49:45 - [TEST_STEP][PASSED] - symbol = symbol: null

2019-08-24 12:49:45 - [TEST_STEP][PASSED] - println(symbol): null

2019-08-24 12:49:45 - [TEST_STEP][PASSED] - if (i == 2 &amp;&amp; wildList.indexOf(symbol) != -1): null

2019-08-24 12:49:45 - [TEST_STEP][PASSED] - if (i == 3 &amp;&amp; wildList.indexOf(symbol) != -1): null

2019-08-24 12:49:45 - [TEST_STEP][PASSED] - if (i == 4 &amp;&amp; wildList.indexOf(symbol) != -1): null

2019-08-24 12:49:45 - [TEST_STEP][PASSED] - symbol = symbol: null

2019-08-24 12:49:45 - [TEST_STEP][PASSED] - println(symbol): null

2019-08-24 12:49:45 - [TEST_STEP][PASSED] - if (i == 2 &amp;&amp; wildList.indexOf(symbol) != -1): null

2019-08-24 12:49:45 - [TEST_STEP][PASSED] - if (i == 3 &amp;&amp; wildList.indexOf(symbol) != -1): null

2019-08-24 12:49:45 - [TEST_STEP][PASSED] - if (i == 4 &amp;&amp; wildList.indexOf(symbol) != -1): null

2019-08-24 12:49:45 - [TEST_STEP][PASSED] - symbols = symbols: null

2019-08-24 12:49:45 - [TEST_STEP][PASSED] - for ([j = 0, j &lt; symbols.size(), (j++)]): null

2019-08-24 12:49:45 - [TEST_STEP][PASSED] - symbol = symbol: null

2019-08-24 12:49:45 - [TEST_STEP][PASSED] - println(symbol): null

2019-08-24 12:49:45 - [TEST_STEP][PASSED] - if (i == 2 &amp;&amp; wildList.indexOf(symbol) != -1): null

2019-08-24 12:49:45 - [TEST_STEP][PASSED] - if (i == 3 &amp;&amp; wildList.indexOf(symbol) != -1): null

2019-08-24 12:49:45 - [TEST_STEP][PASSED] - if (i == 4 &amp;&amp; wildList.indexOf(symbol) != -1): null

2019-08-24 12:49:45 - [TEST_STEP][PASSED] - symbol = symbol: null

2019-08-24 12:49:45 - [TEST_STEP][PASSED] - println(symbol): null

2019-08-24 12:49:45 - [TEST_STEP][PASSED] - if (i == 2 &amp;&amp; wildList.indexOf(symbol) != -1): null

2019-08-24 12:49:45 - [TEST_STEP][PASSED] - if (i == 3 &amp;&amp; wildList.indexOf(symbol) != -1): null

2019-08-24 12:49:45 - [TEST_STEP][PASSED] - if (i == 4 &amp;&amp; wildList.indexOf(symbol) != -1): null

2019-08-24 12:49:45 - [TEST_STEP][PASSED] - symbol = symbol: null

2019-08-24 12:49:45 - [TEST_STEP][PASSED] - println(symbol): null

2019-08-24 12:49:45 - [TEST_STEP][PASSED] - if (i == 2 &amp;&amp; wildList.indexOf(symbol) != -1): null

2019-08-24 12:49:45 - [TEST_STEP][PASSED] - if (i == 3 &amp;&amp; wildList.indexOf(symbol) != -1): null

2019-08-24 12:49:45 - [TEST_STEP][PASSED] - if (i == 4 &amp;&amp; wildList.indexOf(symbol) != -1): null

2019-08-24 12:49:45 - [TEST_STEP][PASSED] - symbols = symbols: null

2019-08-24 12:49:45 - [TEST_STEP][PASSED] - for ([j = 0, j &lt; symbols.size(), (j++)]): null

2019-08-24 12:49:45 - [TEST_STEP][PASSED] - symbol = symbol: null

2019-08-24 12:49:45 - [TEST_STEP][PASSED] - println(symbol): null

2019-08-24 12:49:45 - [TEST_STEP][PASSED] - if (i == 2 &amp;&amp; wildList.indexOf(symbol) != -1): null

2019-08-24 12:49:45 - [TEST_STEP][PASSED] - if (i == 3 &amp;&amp; wildList.indexOf(symbol) != -1): null

2019-08-24 12:49:45 - [TEST_STEP][PASSED] - if (i == 4 &amp;&amp; wildList.indexOf(symbol) != -1): null

2019-08-24 12:49:45 - [TEST_STEP][PASSED] - symbol = symbol: null

2019-08-24 12:49:45 - [TEST_STEP][PASSED] - println(symbol): null

2019-08-24 12:49:45 - [TEST_STEP][PASSED] - if (i == 2 &amp;&amp; wildList.indexOf(symbol) != -1): null

2019-08-24 12:49:45 - [TEST_STEP][PASSED] - if (i == 3 &amp;&amp; wildList.indexOf(symbol) != -1): null

2019-08-24 12:49:45 - [TEST_STEP][PASSED] - if (i == 4 &amp;&amp; wildList.indexOf(symbol) != -1): null

2019-08-24 12:49:45 - [TEST_STEP][PASSED] - symbol = symbol: null

2019-08-24 12:49:45 - [TEST_STEP][PASSED] - println(symbol): null

2019-08-24 12:49:45 - [TEST_STEP][PASSED] - if (i == 2 &amp;&amp; wildList.indexOf(symbol) != -1): null

2019-08-24 12:49:45 - [TEST_STEP][PASSED] - if (i == 3 &amp;&amp; wildList.indexOf(symbol) != -1): null

2019-08-24 12:49:45 - [TEST_STEP][PASSED] - if (i == 4 &amp;&amp; wildList.indexOf(symbol) != -1): null

2019-08-24 12:49:45 - [TEST_STEP][PASSED] - symbols = symbols: null

2019-08-24 12:49:45 - [TEST_STEP][PASSED] - for ([j = 0, j &lt; symbols.size(), (j++)]): null

2019-08-24 12:49:45 - [TEST_STEP][PASSED] - symbol = symbol: null

2019-08-24 12:49:45 - [TEST_STEP][PASSED] - println(symbol): null

2019-08-24 12:49:45 - [TEST_STEP][PASSED] - if (i == 2 &amp;&amp; wildList.indexOf(symbol) != -1): null

2019-08-24 12:49:45 - [TEST_STEP][PASSED] - if (i == 3 &amp;&amp; wildList.indexOf(symbol) != -1): null

2019-08-24 12:49:45 - [TEST_STEP][PASSED] - if (i == 4 &amp;&amp; wildList.indexOf(symbol) != -1): null

2019-08-24 12:49:45 - [TEST_STEP][PASSED] - symbol = symbol: null

2019-08-24 12:49:45 - [TEST_STEP][PASSED] - println(symbol): null

2019-08-24 12:49:45 - [TEST_STEP][PASSED] - if (i == 2 &amp;&amp; wildList.indexOf(symbol) != -1): null

2019-08-24 12:49:45 - [TEST_STEP][PASSED] - if (i == 3 &amp;&amp; wildList.indexOf(symbol) != -1): null

2019-08-24 12:49:45 - [TEST_STEP][PASSED] - if (i == 4 &amp;&amp; wildList.indexOf(symbol) != -1): null

2019-08-24 12:49:45 - [TEST_STEP][PASSED] - symbol = symbol: null

2019-08-24 12:49:45 - [TEST_STEP][PASSED] - println(symbol): null

2019-08-24 12:49:45 - [TEST_STEP][PASSED] - if (i == 2 &amp;&amp; wildList.indexOf(symbol) != -1): null

2019-08-24 12:49:45 - [TEST_STEP][PASSED] - if (i == 3 &amp;&amp; wildList.indexOf(symbol) != -1): null

2019-08-24 12:49:45 - [TEST_STEP][PASSED] - if (i == 4 &amp;&amp; wildList.indexOf(symbol) != -1): null

2019-08-24 12:49:45 - [TEST_STEP][PASSED] - free_spin_reel_counter = free_spin_reel_counter: null

2019-08-24 12:49:45 - [TEST_STEP][PASSED] - println("reel 3 wild found: " + free_spin_reel_counter[0]): null

2019-08-24 12:49:45 - [TEST_STEP][PASSED] - println("reel 4 wild found: " + free_spin_reel_counter[1]): null

2019-08-24 12:49:45 - [TEST_STEP][PASSED] - println("reel 5 wild found: " + free_spin_reel_counter[2]): null

2019-08-24 12:49:45 - [TEST_STEP][PASSED] - M4_spin_reels = M4_spin_reels: null

2019-08-24 12:49:45 - [TEST_STEP][PASSED] - M4_spin_reels_symbols = symbol: null

2019-08-24 12:49:45 - [TEST_STEP][PASSED] - M4_spin_reels_symbols = M4_spin_reels_symbols: null

2019-08-24 12:49:45 - [TEST_STEP][PASSED] - M4_spin_reel_wins = reel_wins: null

2019-08-24 12:49:45 - [TEST_STEP][PASSED] - M4_spin_reel_wins = M4_spin_reel_wins: null

2019-08-24 12:49:45 - [TEST_STEP][PASSED] - println("GlobalVariable.M4_spin_reel_wins is: " + M4_spin_reel_wins): null

2019-08-24 12:49:45 - [TEST_STEP][PASSED] - M4_spin_total_bonus_win_this_round = total_bonus_win_this_round: null

2019-08-24 12:49:45 - [TEST_STEP][PASSED] - M4_spin_total_bonus_win_this_round = M4_spin_total_bonus_win_this_round: null

2019-08-24 12:49:45 - [TEST_STEP][PASSED] - println("GlobalVariable.M4_spin_total_bonus_win_this_round is: " + M4_spin_total_bonus_win_this_round): null

2019-08-24 12:49:45 - [TEST_STEP][PASSED] - M4_spin_bonus_spin_result = spin_result: null

2019-08-24 12:49:45 - [TEST_STEP][PASSED] - M4_spin_bonus_spin_result = M4_spin_bonus_spin_result: null

2019-08-24 12:49:45 - [MESSAGE][PASSED] - Verify response successfully

2019-08-24 12:49:45 - [MESSAGE][PASSED] - Send request and verify the response successfully

2019-08-24 12:49:45 - [TEST_STEP][PASSED] - if (M4_total_bonus_spins_int != 0 &amp;&amp; M4_spin_reels_symbols[2].contains("WILD_Double") || M4_spin_reels_symbols[4].contains("WILD_Triple")): null

2019-08-24 12:49:45 - [TEST_STEP][PASSED] - free_spin_reel_counter = free_spin_reel_counter: null

2019-08-24 12:49:45 - [TEST_STEP][PASSED] - M4_spin_reels_symbols = M4_spin_reels_symbols: null

2019-08-24 12:49:45 - [TEST_STEP][PASSED] - M4_total_bonus_spins = M4_total_bonus_spins: null

2019-08-24 12:49:45 - [TEST_STEP][PASSED] - spin_result = sendRequestAndVerify(findTestObject("INT/RGS(M4)/1_M4_spin", ["M4_login_user_id":M4_login_user_id, "rgs_session_token":rgs_session_token, "partner":Partner])): Send request and verify the response successfully

2019-08-24 12:49:45 - [MESSAGE][INFO] - HAR: /Users/eiralee/Katalon_Script/SuperWild/Reports/20190824_124242/INT/superWild_4/20190824_124242/requests/main/128.har

2019-08-24 12:49:45 - [TEST_CASE][PASSED] - Start Test Case : Verification: Verification accomplished successfully

2019-08-24 12:49:46 - [TEST_STEP][PASSED] - request = getInstance().getCurrentRequest(): null

2019-08-24 12:49:46 - [TEST_STEP][PASSED] - response = getInstance().getCurrentResponse(): null

2019-08-24 12:49:46 - [TEST_STEP][PASSED] - verifyResponseStatusCode(response, 200): Verify response status code successfully

2019-08-24 12:49:46 - [MESSAGE][PASSED] - Verify response status code successfully

2019-08-24 12:49:46 - [TEST_STEP][PASSED] - getStatusCode()).isEqualTo(200): null

2019-08-24 12:49:46 - [TEST_STEP][PASSED] - newline = System.getProperty("line.separator"): null

2019-08-24 12:49:46 - [TEST_STEP][PASSED] - M4_spin = new groovy.json.JsonSlurper(): null

2019-08-24 12:49:46 - [TEST_STEP][PASSED] - result_M4_spin = M4_spin.parseText(response.getResponseBodyContent()): null

2019-08-24 12:49:46 - [TEST_STEP][PASSED] - M4_spin_current_balance = current_balance: null

2019-08-24 12:49:46 - [TEST_STEP][PASSED] - M4_spin_current_balance = M4_spin_current_balance: null

2019-08-24 12:49:46 - [TEST_STEP][PASSED] - M4_spin_transaction_id = causality: null

2019-08-24 12:49:46 - [TEST_STEP][PASSED] - M4_spin_transaction_id = M4_spin_transaction_id: null

2019-08-24 12:49:46 - [TEST_STEP][PASSED] - M4_spin_round_id = round_id: null

2019-08-24 12:49:46 - [TEST_STEP][PASSED] - M4_spin_round_id = M4_spin_round_id: null

2019-08-24 12:49:46 - [TEST_STEP][PASSED] - M4_spin_line_wins = line_wins: null

2019-08-24 12:49:46 - [TEST_STEP][PASSED] - M4_spin_line_wins = M4_spin_line_wins: null

2019-08-24 12:49:46 - [TEST_STEP][PASSED] - M4_total_bonus_spins_int = total_bonus_spins: null

2019-08-24 12:49:46 - [TEST_STEP][PASSED] - println("******M4_total_bonus_spins type is:*******" + newline + getClass().getName()): null

2019-08-24 12:49:46 - [TEST_STEP][PASSED] - M4_total_bonus_spins_int = M4_total_bonus_spins_int: null

2019-08-24 12:49:46 - [TEST_STEP][PASSED] - M4_total_bonus_spins = Integer.toString(M4_total_bonus_spins_int): null

2019-08-24 12:49:46 - [TEST_STEP][PASSED] - M4_total_bonus_spins = M4_total_bonus_spins: null

2019-08-24 12:49:46 - [TEST_STEP][PASSED] - println("M4_total_bonus_spins is:" + M4_total_bonus_spins): null

2019-08-24 12:49:46 - [TEST_STEP][PASSED] - M4_spin_bonus_data = bonus_data: null

2019-08-24 12:49:46 - [TEST_STEP][PASSED] - M4_spin_features_triggered = result_M4_spin: null

2019-08-24 12:49:46 - [TEST_STEP][PASSED] - wild = []: null

2019-08-24 12:49:46 - [TEST_STEP][PASSED] - wild[0] = "WILD_Expanding": null

2019-08-24 12:49:46 - [TEST_STEP][PASSED] - wild[1] = "WILD_Normal": null

2019-08-24 12:49:46 - [TEST_STEP][PASSED] - wild[2] = "WILD_Double": null

2019-08-24 12:49:46 - [TEST_STEP][PASSED] - wild[3] = "WILD_ExtraFG": null

2019-08-24 12:49:46 - [TEST_STEP][PASSED] - wild[4] = "WILD_Triple": null

2019-08-24 12:49:46 - [TEST_STEP][PASSED] - wildList = Arrays.asList(wild): null

2019-08-24 12:49:46 - [TEST_STEP][PASSED] - wildList = wildList: null

2019-08-24 12:49:46 - [TEST_STEP][PASSED] - free_spin_reel_counter = []: null

2019-08-24 12:49:46 - [TEST_STEP][PASSED] - free_spin_reel_counter[0] = 0: null

2019-08-24 12:49:46 - [TEST_STEP][PASSED] - free_spin_reel_counter[1] = 0: null

2019-08-24 12:49:46 - [TEST_STEP][PASSED] - free_spin_reel_counter[2] = 0: null

2019-08-24 12:49:46 - [TEST_STEP][PASSED] - M4_spin_reels = reels: null

2019-08-24 12:49:46 - [TEST_STEP][PASSED] - for ([i = 0, i &lt; M4_spin_reels.size(), (i++)]): null

2019-08-24 12:49:46 - [TEST_STEP][PASSED] - symbols = symbols: null

2019-08-24 12:49:46 - [TEST_STEP][PASSED] - for ([j = 0, j &lt; symbols.size(), (j++)]): null

2019-08-24 12:49:46 - [TEST_STEP][PASSED] - symbol = symbol: null

2019-08-24 12:49:46 - [TEST_STEP][PASSED] - println(symbol): null

2019-08-24 12:49:46 - [TEST_STEP][PASSED] - if (i == 2 &amp;&amp; wildList.indexOf(symbol) != -1): null

2019-08-24 12:49:46 - [TEST_STEP][PASSED] - if (i == 3 &amp;&amp; wildList.indexOf(symbol) != -1): null

2019-08-24 12:49:46 - [TEST_STEP][PASSED] - if (i == 4 &amp;&amp; wildList.indexOf(symbol) != -1): null

2019-08-24 12:49:46 - [TEST_STEP][PASSED] - symbol = symbol: null

2019-08-24 12:49:46 - [TEST_STEP][PASSED] - println(symbol): null

2019-08-24 12:49:46 - [TEST_STEP][PASSED] - if (i == 2 &amp;&amp; wildList.indexOf(symbol) != -1): null

2019-08-24 12:49:46 - [TEST_STEP][PASSED] - if (i == 3 &amp;&amp; wildList.indexOf(symbol) != -1): null

2019-08-24 12:49:46 - [TEST_STEP][PASSED] - if (i == 4 &amp;&amp; wildList.indexOf(symbol) != -1): null

2019-08-24 12:49:46 - [TEST_STEP][PASSED] - symbol = symbol: null

2019-08-24 12:49:46 - [TEST_STEP][PASSED] - println(symbol): null

2019-08-24 12:49:46 - [TEST_STEP][PASSED] - if (i == 2 &amp;&amp; wildList.indexOf(symbol) != -1): null

2019-08-24 12:49:46 - [TEST_STEP][PASSED] - if (i == 3 &amp;&amp; wildList.indexOf(symbol) != -1): null

2019-08-24 12:49:46 - [TEST_STEP][PASSED] - if (i == 4 &amp;&amp; wildList.indexOf(symbol) != -1): null

2019-08-24 12:49:46 - [TEST_STEP][PASSED] - symbols = symbols: null

2019-08-24 12:49:46 - [TEST_STEP][PASSED] - for ([j = 0, j &lt; symbols.size(), (j++)]): null

2019-08-24 12:49:46 - [TEST_STEP][PASSED] - symbol = symbol: null

2019-08-24 12:49:46 - [TEST_STEP][PASSED] - println(symbol): null

2019-08-24 12:49:46 - [TEST_STEP][PASSED] - if (i == 2 &amp;&amp; wildList.indexOf(symbol) != -1): null

2019-08-24 12:49:46 - [TEST_STEP][PASSED] - if (i == 3 &amp;&amp; wildList.indexOf(symbol) != -1): null

2019-08-24 12:49:46 - [TEST_STEP][PASSED] - if (i == 4 &amp;&amp; wildList.indexOf(symbol) != -1): null

2019-08-24 12:49:46 - [TEST_STEP][PASSED] - symbol = symbol: null

2019-08-24 12:49:46 - [TEST_STEP][PASSED] - println(symbol): null

2019-08-24 12:49:46 - [TEST_STEP][PASSED] - if (i == 2 &amp;&amp; wildList.indexOf(symbol) != -1): null

2019-08-24 12:49:46 - [TEST_STEP][PASSED] - if (i == 3 &amp;&amp; wildList.indexOf(symbol) != -1): null

2019-08-24 12:49:46 - [TEST_STEP][PASSED] - if (i == 4 &amp;&amp; wildList.indexOf(symbol) != -1): null

2019-08-24 12:49:46 - [TEST_STEP][PASSED] - symbol = symbol: null

2019-08-24 12:49:46 - [TEST_STEP][PASSED] - println(symbol): null

2019-08-24 12:49:46 - [TEST_STEP][PASSED] - if (i == 2 &amp;&amp; wildList.indexOf(symbol) != -1): null

2019-08-24 12:49:46 - [TEST_STEP][PASSED] - if (i == 3 &amp;&amp; wildList.indexOf(symbol) != -1): null

2019-08-24 12:49:46 - [TEST_STEP][PASSED] - if (i == 4 &amp;&amp; wildList.indexOf(symbol) != -1): null

2019-08-24 12:49:46 - [TEST_STEP][PASSED] - symbols = symbols: null

2019-08-24 12:49:46 - [TEST_STEP][PASSED] - for ([j = 0, j &lt; symbols.size(), (j++)]): null

2019-08-24 12:49:46 - [TEST_STEP][PASSED] - symbol = symbol: null

2019-08-24 12:49:46 - [TEST_STEP][PASSED] - println(symbol): null

2019-08-24 12:49:46 - [TEST_STEP][PASSED] - if (i == 2 &amp;&amp; wildList.indexOf(symbol) != -1): null

2019-08-24 12:49:46 - [TEST_STEP][PASSED] - if (i == 3 &amp;&amp; wildList.indexOf(symbol) != -1): null

2019-08-24 12:49:46 - [TEST_STEP][PASSED] - if (i == 4 &amp;&amp; wildList.indexOf(symbol) != -1): null

2019-08-24 12:49:46 - [TEST_STEP][PASSED] - symbol = symbol: null

2019-08-24 12:49:46 - [TEST_STEP][PASSED] - println(symbol): null

2019-08-24 12:49:46 - [TEST_STEP][PASSED] - if (i == 2 &amp;&amp; wildList.indexOf(symbol) != -1): null

2019-08-24 12:49:46 - [TEST_STEP][PASSED] - println("wild found on reel 3, adding counter by 1"): null

2019-08-24 12:49:46 - [TEST_STEP][PASSED] - free_spin_reel_counter[0] = free_spin_reel_counter[0] + 1: null

2019-08-24 12:49:46 - [TEST_STEP][PASSED] - if (i == 3 &amp;&amp; wildList.indexOf(symbol) != -1): null

2019-08-24 12:49:46 - [TEST_STEP][PASSED] - if (i == 4 &amp;&amp; wildList.indexOf(symbol) != -1): null

2019-08-24 12:49:46 - [TEST_STEP][PASSED] - symbol = symbol: null

2019-08-24 12:49:46 - [TEST_STEP][PASSED] - println(symbol): null

2019-08-24 12:49:46 - [TEST_STEP][PASSED] - if (i == 2 &amp;&amp; wildList.indexOf(symbol) != -1): null

2019-08-24 12:49:46 - [TEST_STEP][PASSED] - if (i == 3 &amp;&amp; wildList.indexOf(symbol) != -1): null

2019-08-24 12:49:46 - [TEST_STEP][PASSED] - if (i == 4 &amp;&amp; wildList.indexOf(symbol) != -1): null

2019-08-24 12:49:46 - [TEST_STEP][PASSED] - symbols = symbols: null

2019-08-24 12:49:46 - [TEST_STEP][PASSED] - for ([j = 0, j &lt; symbols.size(), (j++)]): null

2019-08-24 12:49:46 - [TEST_STEP][PASSED] - symbol = symbol: null

2019-08-24 12:49:46 - [TEST_STEP][PASSED] - println(symbol): null

2019-08-24 12:49:46 - [TEST_STEP][PASSED] - if (i == 2 &amp;&amp; wildList.indexOf(symbol) != -1): null

2019-08-24 12:49:46 - [TEST_STEP][PASSED] - if (i == 3 &amp;&amp; wildList.indexOf(symbol) != -1): null

2019-08-24 12:49:46 - [TEST_STEP][PASSED] - if (i == 4 &amp;&amp; wildList.indexOf(symbol) != -1): null

2019-08-24 12:49:46 - [TEST_STEP][PASSED] - symbol = symbol: null

2019-08-24 12:49:46 - [TEST_STEP][PASSED] - println(symbol): null

2019-08-24 12:49:46 - [TEST_STEP][PASSED] - if (i == 2 &amp;&amp; wildList.indexOf(symbol) != -1): null

2019-08-24 12:49:46 - [TEST_STEP][PASSED] - if (i == 3 &amp;&amp; wildList.indexOf(symbol) != -1): null

2019-08-24 12:49:46 - [TEST_STEP][PASSED] - if (i == 4 &amp;&amp; wildList.indexOf(symbol) != -1): null

2019-08-24 12:49:46 - [TEST_STEP][PASSED] - symbol = symbol: null

2019-08-24 12:49:46 - [TEST_STEP][PASSED] - println(symbol): null

2019-08-24 12:49:46 - [TEST_STEP][PASSED] - if (i == 2 &amp;&amp; wildList.indexOf(symbol) != -1): null

2019-08-24 12:49:46 - [TEST_STEP][PASSED] - if (i == 3 &amp;&amp; wildList.indexOf(symbol) != -1): null

2019-08-24 12:49:46 - [TEST_STEP][PASSED] - if (i == 4 &amp;&amp; wildList.indexOf(symbol) != -1): null

2019-08-24 12:49:46 - [TEST_STEP][PASSED] - symbols = symbols: null

2019-08-24 12:49:46 - [TEST_STEP][PASSED] - for ([j = 0, j &lt; symbols.size(), (j++)]): null

2019-08-24 12:49:46 - [TEST_STEP][PASSED] - symbol = symbol: null

2019-08-24 12:49:46 - [TEST_STEP][PASSED] - println(symbol): null

2019-08-24 12:49:46 - [TEST_STEP][PASSED] - if (i == 2 &amp;&amp; wildList.indexOf(symbol) != -1): null

2019-08-24 12:49:46 - [TEST_STEP][PASSED] - if (i == 3 &amp;&amp; wildList.indexOf(symbol) != -1): null

2019-08-24 12:49:46 - [TEST_STEP][PASSED] - if (i == 4 &amp;&amp; wildList.indexOf(symbol) != -1): null

2019-08-24 12:49:46 - [TEST_STEP][PASSED] - symbol = symbol: null

2019-08-24 12:49:46 - [TEST_STEP][PASSED] - println(symbol): null

2019-08-24 12:49:46 - [TEST_STEP][PASSED] - if (i == 2 &amp;&amp; wildList.indexOf(symbol) != -1): null

2019-08-24 12:49:46 - [TEST_STEP][PASSED] - if (i == 3 &amp;&amp; wildList.indexOf(symbol) != -1): null

2019-08-24 12:49:46 - [TEST_STEP][PASSED] - if (i == 4 &amp;&amp; wildList.indexOf(symbol) != -1): null

2019-08-24 12:49:46 - [TEST_STEP][PASSED] - symbol = symbol: null

2019-08-24 12:49:46 - [TEST_STEP][PASSED] - println(symbol): null

2019-08-24 12:49:46 - [TEST_STEP][PASSED] - if (i == 2 &amp;&amp; wildList.indexOf(symbol) != -1): null

2019-08-24 12:49:46 - [TEST_STEP][PASSED] - if (i == 3 &amp;&amp; wildList.indexOf(symbol) != -1): null

2019-08-24 12:49:46 - [TEST_STEP][PASSED] - if (i == 4 &amp;&amp; wildList.indexOf(symbol) != -1): null

2019-08-24 12:49:46 - [TEST_STEP][PASSED] - free_spin_reel_counter = free_spin_reel_counter: null

2019-08-24 12:49:46 - [TEST_STEP][PASSED] - println("reel 3 wild found: " + free_spin_reel_counter[0]): null

2019-08-24 12:49:46 - [TEST_STEP][PASSED] - println("reel 4 wild found: " + free_spin_reel_counter[1]): null

2019-08-24 12:49:46 - [TEST_STEP][PASSED] - println("reel 5 wild found: " + free_spin_reel_counter[2]): null

2019-08-24 12:49:46 - [TEST_STEP][PASSED] - M4_spin_reels = M4_spin_reels: null

2019-08-24 12:49:46 - [TEST_STEP][PASSED] - M4_spin_reels_symbols = symbol: null

2019-08-24 12:49:46 - [TEST_STEP][PASSED] - M4_spin_reels_symbols = M4_spin_reels_symbols: null

2019-08-24 12:49:46 - [TEST_STEP][PASSED] - M4_spin_reel_wins = reel_wins: null

2019-08-24 12:49:46 - [TEST_STEP][PASSED] - M4_spin_reel_wins = M4_spin_reel_wins: null

2019-08-24 12:49:46 - [TEST_STEP][PASSED] - println("GlobalVariable.M4_spin_reel_wins is: " + M4_spin_reel_wins): null

2019-08-24 12:49:46 - [TEST_STEP][PASSED] - M4_spin_total_bonus_win_this_round = total_bonus_win_this_round: null

2019-08-24 12:49:46 - [TEST_STEP][PASSED] - M4_spin_total_bonus_win_this_round = M4_spin_total_bonus_win_this_round: null

2019-08-24 12:49:46 - [TEST_STEP][PASSED] - println("GlobalVariable.M4_spin_total_bonus_win_this_round is: " + M4_spin_total_bonus_win_this_round): null

2019-08-24 12:49:46 - [TEST_STEP][PASSED] - M4_spin_bonus_spin_result = spin_result: null

2019-08-24 12:49:46 - [TEST_STEP][PASSED] - M4_spin_bonus_spin_result = M4_spin_bonus_spin_result: null

2019-08-24 12:49:46 - [MESSAGE][PASSED] - Verify response successfully

2019-08-24 12:49:46 - [MESSAGE][PASSED] - Send request and verify the response successfully

2019-08-24 12:49:46 - [TEST_STEP][PASSED] - if (M4_total_bonus_spins_int != 0 &amp;&amp; M4_spin_reels_symbols[2].contains("WILD_Double") || M4_spin_reels_symbols[4].contains("WILD_Triple")): null

2019-08-24 12:49:46 - [TEST_STEP][PASSED] - free_spin_reel_counter = free_spin_reel_counter: null

2019-08-24 12:49:46 - [TEST_STEP][PASSED] - M4_spin_reels_symbols = M4_spin_reels_symbols: null

2019-08-24 12:49:46 - [TEST_STEP][PASSED] - M4_total_bonus_spins = M4_total_bonus_spins: null

2019-08-24 12:49:46 - [TEST_STEP][PASSED] - spin_result = sendRequestAndVerify(findTestObject("INT/RGS(M4)/1_M4_spin", ["M4_login_user_id":M4_login_user_id, "rgs_session_token":rgs_session_token, "partner":Partner])): Send request and verify the response successfully

2019-08-24 12:49:46 - [MESSAGE][INFO] - HAR: /Users/eiralee/Katalon_Script/SuperWild/Reports/20190824_124242/INT/superWild_4/20190824_124242/requests/main/129.har

2019-08-24 12:49:46 - [TEST_CASE][PASSED] - Start Test Case : Verification: Verification accomplished successfully

2019-08-24 12:49:46 - [TEST_STEP][PASSED] - request = getInstance().getCurrentRequest(): null

2019-08-24 12:49:46 - [TEST_STEP][PASSED] - response = getInstance().getCurrentResponse(): null

2019-08-24 12:49:46 - [TEST_STEP][PASSED] - verifyResponseStatusCode(response, 200): Verify response status code successfully

2019-08-24 12:49:46 - [MESSAGE][PASSED] - Verify response status code successfully

2019-08-24 12:49:46 - [TEST_STEP][PASSED] - getStatusCode()).isEqualTo(200): null

2019-08-24 12:49:46 - [TEST_STEP][PASSED] - newline = System.getProperty("line.separator"): null

2019-08-24 12:49:46 - [TEST_STEP][PASSED] - M4_spin = new groovy.json.JsonSlurper(): null

2019-08-24 12:49:46 - [TEST_STEP][PASSED] - result_M4_spin = M4_spin.parseText(response.getResponseBodyContent()): null

2019-08-24 12:49:46 - [TEST_STEP][PASSED] - M4_spin_current_balance = current_balance: null

2019-08-24 12:49:46 - [TEST_STEP][PASSED] - M4_spin_current_balance = M4_spin_current_balance: null

2019-08-24 12:49:46 - [TEST_STEP][PASSED] - M4_spin_transaction_id = causality: null

2019-08-24 12:49:46 - [TEST_STEP][PASSED] - M4_spin_transaction_id = M4_spin_transaction_id: null

2019-08-24 12:49:46 - [TEST_STEP][PASSED] - M4_spin_round_id = round_id: null

2019-08-24 12:49:46 - [TEST_STEP][PASSED] - M4_spin_round_id = M4_spin_round_id: null

2019-08-24 12:49:46 - [TEST_STEP][PASSED] - M4_spin_line_wins = line_wins: null

2019-08-24 12:49:46 - [TEST_STEP][PASSED] - M4_spin_line_wins = M4_spin_line_wins: null

2019-08-24 12:49:46 - [TEST_STEP][PASSED] - M4_total_bonus_spins_int = total_bonus_spins: null

2019-08-24 12:49:46 - [TEST_STEP][PASSED] - println("******M4_total_bonus_spins type is:*******" + newline + getClass().getName()): null

2019-08-24 12:49:46 - [TEST_STEP][PASSED] - M4_total_bonus_spins_int = M4_total_bonus_spins_int: null

2019-08-24 12:49:46 - [TEST_STEP][PASSED] - M4_total_bonus_spins = Integer.toString(M4_total_bonus_spins_int): null

2019-08-24 12:49:46 - [TEST_STEP][PASSED] - M4_total_bonus_spins = M4_total_bonus_spins: null

2019-08-24 12:49:46 - [TEST_STEP][PASSED] - println("M4_total_bonus_spins is:" + M4_total_bonus_spins): null

2019-08-24 12:49:46 - [TEST_STEP][PASSED] - M4_spin_bonus_data = bonus_data: null

2019-08-24 12:49:46 - [TEST_STEP][PASSED] - M4_spin_features_triggered = result_M4_spin: null

2019-08-24 12:49:46 - [TEST_STEP][PASSED] - wild = []: null

2019-08-24 12:49:46 - [TEST_STEP][PASSED] - wild[0] = "WILD_Expanding": null

2019-08-24 12:49:46 - [TEST_STEP][PASSED] - wild[1] = "WILD_Normal": null

2019-08-24 12:49:46 - [TEST_STEP][PASSED] - wild[2] = "WILD_Double": null

2019-08-24 12:49:46 - [TEST_STEP][PASSED] - wild[3] = "WILD_ExtraFG": null

2019-08-24 12:49:46 - [TEST_STEP][PASSED] - wild[4] = "WILD_Triple": null

2019-08-24 12:49:46 - [TEST_STEP][PASSED] - wildList = Arrays.asList(wild): null

2019-08-24 12:49:46 - [TEST_STEP][PASSED] - wildList = wildList: null

2019-08-24 12:49:46 - [TEST_STEP][PASSED] - free_spin_reel_counter = []: null

2019-08-24 12:49:46 - [TEST_STEP][PASSED] - free_spin_reel_counter[0] = 0: null

2019-08-24 12:49:46 - [TEST_STEP][PASSED] - free_spin_reel_counter[1] = 0: null

2019-08-24 12:49:46 - [TEST_STEP][PASSED] - free_spin_reel_counter[2] = 0: null

2019-08-24 12:49:46 - [TEST_STEP][PASSED] - M4_spin_reels = reels: null

2019-08-24 12:49:46 - [TEST_STEP][PASSED] - for ([i = 0, i &lt; M4_spin_reels.size(), (i++)]): null

2019-08-24 12:49:46 - [TEST_STEP][PASSED] - symbols = symbols: null

2019-08-24 12:49:46 - [TEST_STEP][PASSED] - for ([j = 0, j &lt; symbols.size(), (j++)]): null

2019-08-24 12:49:46 - [TEST_STEP][PASSED] - symbol = symbol: null

2019-08-24 12:49:46 - [TEST_STEP][PASSED] - println(symbol): null

2019-08-24 12:49:46 - [TEST_STEP][PASSED] - if (i == 2 &amp;&amp; wildList.indexOf(symbol) != -1): null

2019-08-24 12:49:46 - [TEST_STEP][PASSED] - if (i == 3 &amp;&amp; wildList.indexOf(symbol) != -1): null

2019-08-24 12:49:46 - [TEST_STEP][PASSED] - if (i == 4 &amp;&amp; wildList.indexOf(symbol) != -1): null

2019-08-24 12:49:46 - [TEST_STEP][PASSED] - symbol = symbol: null

2019-08-24 12:49:46 - [TEST_STEP][PASSED] - println(symbol): null

2019-08-24 12:49:46 - [TEST_STEP][PASSED] - if (i == 2 &amp;&amp; wildList.indexOf(symbol) != -1): null

2019-08-24 12:49:46 - [TEST_STEP][PASSED] - if (i == 3 &amp;&amp; wildList.indexOf(symbol) != -1): null

2019-08-24 12:49:46 - [TEST_STEP][PASSED] - if (i == 4 &amp;&amp; wildList.indexOf(symbol) != -1): null

2019-08-24 12:49:46 - [TEST_STEP][PASSED] - symbol = symbol: null

2019-08-24 12:49:46 - [TEST_STEP][PASSED] - println(symbol): null

2019-08-24 12:49:46 - [TEST_STEP][PASSED] - if (i == 2 &amp;&amp; wildList.indexOf(symbol) != -1): null

2019-08-24 12:49:46 - [TEST_STEP][PASSED] - if (i == 3 &amp;&amp; wildList.indexOf(symbol) != -1): null

2019-08-24 12:49:46 - [TEST_STEP][PASSED] - if (i == 4 &amp;&amp; wildList.indexOf(symbol) != -1): null

2019-08-24 12:49:46 - [TEST_STEP][PASSED] - symbols = symbols: null

2019-08-24 12:49:46 - [TEST_STEP][PASSED] - for ([j = 0, j &lt; symbols.size(), (j++)]): null

2019-08-24 12:49:46 - [TEST_STEP][PASSED] - symbol = symbol: null

2019-08-24 12:49:46 - [TEST_STEP][PASSED] - println(symbol): null

2019-08-24 12:49:46 - [TEST_STEP][PASSED] - if (i == 2 &amp;&amp; wildList.indexOf(symbol) != -1): null

2019-08-24 12:49:46 - [TEST_STEP][PASSED] - if (i == 3 &amp;&amp; wildList.indexOf(symbol) != -1): null

2019-08-24 12:49:46 - [TEST_STEP][PASSED] - if (i == 4 &amp;&amp; wildList.indexOf(symbol) != -1): null

2019-08-24 12:49:46 - [TEST_STEP][PASSED] - symbol = symbol: null

2019-08-24 12:49:46 - [TEST_STEP][PASSED] - println(symbol): null

2019-08-24 12:49:46 - [TEST_STEP][PASSED] - if (i == 2 &amp;&amp; wildList.indexOf(symbol) != -1): null

2019-08-24 12:49:46 - [TEST_STEP][PASSED] - if (i == 3 &amp;&amp; wildList.indexOf(symbol) != -1): null

2019-08-24 12:49:46 - [TEST_STEP][PASSED] - if (i == 4 &amp;&amp; wildList.indexOf(symbol) != -1): null

2019-08-24 12:49:46 - [TEST_STEP][PASSED] - symbol = symbol: null

2019-08-24 12:49:46 - [TEST_STEP][PASSED] - println(symbol): null

2019-08-24 12:49:46 - [TEST_STEP][PASSED] - if (i == 2 &amp;&amp; wildList.indexOf(symbol) != -1): null

2019-08-24 12:49:46 - [TEST_STEP][PASSED] - if (i == 3 &amp;&amp; wildList.indexOf(symbol) != -1): null

2019-08-24 12:49:46 - [TEST_STEP][PASSED] - if (i == 4 &amp;&amp; wildList.indexOf(symbol) != -1): null

2019-08-24 12:49:46 - [TEST_STEP][PASSED] - symbols = symbols: null

2019-08-24 12:49:46 - [TEST_STEP][PASSED] - for ([j = 0, j &lt; symbols.size(), (j++)]): null

2019-08-24 12:49:46 - [TEST_STEP][PASSED] - symbol = symbol: null

2019-08-24 12:49:46 - [TEST_STEP][PASSED] - println(symbol): null

2019-08-24 12:49:50 - [TEST_STEP][PASSED] - if (i == 2 &amp;&amp; wildList.indexOf(symbol) != -1): null

2019-08-24 12:49:50 - [TEST_STEP][PASSED] - if (i == 3 &amp;&amp; wildList.indexOf(symbol) != -1): null

2019-08-24 12:49:50 - [TEST_STEP][PASSED] - if (i == 4 &amp;&amp; wildList.indexOf(symbol) != -1): null

2019-08-24 12:49:50 - [TEST_STEP][PASSED] - symbol = symbol: null

2019-08-24 12:49:50 - [TEST_STEP][PASSED] - println(symbol): null

2019-08-24 12:49:50 - [TEST_STEP][PASSED] - if (i == 2 &amp;&amp; wildList.indexOf(symbol) != -1): null

2019-08-24 12:49:50 - [TEST_STEP][PASSED] - if (i == 3 &amp;&amp; wildList.indexOf(symbol) != -1): null

2019-08-24 12:49:50 - [TEST_STEP][PASSED] - if (i == 4 &amp;&amp; wildList.indexOf(symbol) != -1): null

2019-08-24 12:49:50 - [TEST_STEP][PASSED] - symbol = symbol: null

2019-08-24 12:49:50 - [TEST_STEP][PASSED] - println(symbol): null

2019-08-24 12:49:50 - [TEST_STEP][PASSED] - if (i == 2 &amp;&amp; wildList.indexOf(symbol) != -1): null

2019-08-24 12:49:50 - [TEST_STEP][PASSED] - println("wild found on reel 3, adding counter by 1"): null

2019-08-24 12:49:50 - [TEST_STEP][PASSED] - free_spin_reel_counter[0] = free_spin_reel_counter[0] + 1: null

2019-08-24 12:49:50 - [TEST_STEP][PASSED] - if (i == 3 &amp;&amp; wildList.indexOf(symbol) != -1): null

2019-08-24 12:49:50 - [TEST_STEP][PASSED] - if (i == 4 &amp;&amp; wildList.indexOf(symbol) != -1): null

2019-08-24 12:49:50 - [TEST_STEP][PASSED] - symbols = symbols: null

2019-08-24 12:49:50 - [TEST_STEP][PASSED] - for ([j = 0, j &lt; symbols.size(), (j++)]): null

2019-08-24 12:49:50 - [TEST_STEP][PASSED] - symbol = symbol: null

2019-08-24 12:49:50 - [TEST_STEP][PASSED] - println(symbol): null

2019-08-24 12:49:50 - [TEST_STEP][PASSED] - if (i == 2 &amp;&amp; wildList.indexOf(symbol) != -1): null

2019-08-24 12:49:50 - [TEST_STEP][PASSED] - if (i == 3 &amp;&amp; wildList.indexOf(symbol) != -1): null

2019-08-24 12:49:50 - [TEST_STEP][PASSED] - if (i == 4 &amp;&amp; wildList.indexOf(symbol) != -1): null

2019-08-24 12:49:50 - [TEST_STEP][PASSED] - symbol = symbol: null

2019-08-24 12:49:50 - [TEST_STEP][PASSED] - println(symbol): null

2019-08-24 12:49:50 - [TEST_STEP][PASSED] - if (i == 2 &amp;&amp; wildList.indexOf(symbol) != -1): null

2019-08-24 12:49:50 - [TEST_STEP][PASSED] - if (i == 3 &amp;&amp; wildList.indexOf(symbol) != -1): null

2019-08-24 12:49:50 - [TEST_STEP][PASSED] - if (i == 4 &amp;&amp; wildList.indexOf(symbol) != -1): null

2019-08-24 12:49:50 - [TEST_STEP][PASSED] - symbol = symbol: null

2019-08-24 12:49:50 - [TEST_STEP][PASSED] - println(symbol): null

2019-08-24 12:49:50 - [TEST_STEP][PASSED] - if (i == 2 &amp;&amp; wildList.indexOf(symbol) != -1): null

2019-08-24 12:49:50 - [TEST_STEP][PASSED] - if (i == 3 &amp;&amp; wildList.indexOf(symbol) != -1): null

2019-08-24 12:49:50 - [TEST_STEP][PASSED] - if (i == 4 &amp;&amp; wildList.indexOf(symbol) != -1): null

2019-08-24 12:49:50 - [TEST_STEP][PASSED] - symbols = symbols: null

2019-08-24 12:49:50 - [TEST_STEP][PASSED] - for ([j = 0, j &lt; symbols.size(), (j++)]): null

2019-08-24 12:49:50 - [TEST_STEP][PASSED] - symbol = symbol: null

2019-08-24 12:49:50 - [TEST_STEP][PASSED] - println(symbol): null

2019-08-24 12:49:50 - [TEST_STEP][PASSED] - if (i == 2 &amp;&amp; wildList.indexOf(symbol) != -1): null

2019-08-24 12:49:50 - [TEST_STEP][PASSED] - if (i == 3 &amp;&amp; wildList.indexOf(symbol) != -1): null

2019-08-24 12:49:50 - [TEST_STEP][PASSED] - if (i == 4 &amp;&amp; wildList.indexOf(symbol) != -1): null

2019-08-24 12:49:50 - [TEST_STEP][PASSED] - println("wild found on reel 5, adding counter by 1"): null

2019-08-24 12:49:50 - [TEST_STEP][PASSED] - free_spin_reel_counter[2] = free_spin_reel_counter[2] + 1: null

2019-08-24 12:49:50 - [TEST_STEP][PASSED] - symbol = symbol: null

2019-08-24 12:49:50 - [TEST_STEP][PASSED] - println(symbol): null

2019-08-24 12:49:50 - [TEST_STEP][PASSED] - if (i == 2 &amp;&amp; wildList.indexOf(symbol) != -1): null

2019-08-24 12:49:50 - [TEST_STEP][PASSED] - if (i == 3 &amp;&amp; wildList.indexOf(symbol) != -1): null

2019-08-24 12:49:50 - [TEST_STEP][PASSED] - if (i == 4 &amp;&amp; wildList.indexOf(symbol) != -1): null

2019-08-24 12:49:50 - [TEST_STEP][PASSED] - symbol = symbol: null

2019-08-24 12:49:50 - [TEST_STEP][PASSED] - println(symbol): null

2019-08-24 12:49:50 - [TEST_STEP][PASSED] - if (i == 2 &amp;&amp; wildList.indexOf(symbol) != -1): null

2019-08-24 12:49:50 - [TEST_STEP][PASSED] - if (i == 3 &amp;&amp; wildList.indexOf(symbol) != -1): null

2019-08-24 12:49:50 - [TEST_STEP][PASSED] - if (i == 4 &amp;&amp; wildList.indexOf(symbol) != -1): null

2019-08-24 12:49:50 - [TEST_STEP][PASSED] - free_spin_reel_counter = free_spin_reel_counter: null

2019-08-24 12:49:50 - [TEST_STEP][PASSED] - println("reel 3 wild found: " + free_spin_reel_counter[0]): null

2019-08-24 12:49:50 - [TEST_STEP][PASSED] - println("reel 4 wild found: " + free_spin_reel_counter[1]): null

2019-08-24 12:49:50 - [TEST_STEP][PASSED] - println("reel 5 wild found: " + free_spin_reel_counter[2]): null

2019-08-24 12:49:50 - [TEST_STEP][PASSED] - M4_spin_reels = M4_spin_reels: null

2019-08-24 12:49:50 - [TEST_STEP][PASSED] - M4_spin_reels_symbols = symbol: null

2019-08-24 12:49:50 - [TEST_STEP][PASSED] - M4_spin_reels_symbols = M4_spin_reels_symbols: null

2019-08-24 12:49:50 - [TEST_STEP][PASSED] - M4_spin_reel_wins = reel_wins: null

2019-08-24 12:49:50 - [TEST_STEP][PASSED] - M4_spin_reel_wins = M4_spin_reel_wins: null

2019-08-24 12:49:50 - [TEST_STEP][PASSED] - println("GlobalVariable.M4_spin_reel_wins is: " + M4_spin_reel_wins): null

2019-08-24 12:49:50 - [TEST_STEP][PASSED] - M4_spin_total_bonus_win_this_round = total_bonus_win_this_round: null

2019-08-24 12:49:50 - [TEST_STEP][PASSED] - M4_spin_total_bonus_win_this_round = M4_spin_total_bonus_win_this_round: null

2019-08-24 12:49:50 - [TEST_STEP][PASSED] - println("GlobalVariable.M4_spin_total_bonus_win_this_round is: " + M4_spin_total_bonus_win_this_round): null

2019-08-24 12:49:50 - [TEST_STEP][PASSED] - M4_spin_bonus_spin_result = spin_result: null

2019-08-24 12:49:50 - [TEST_STEP][PASSED] - M4_spin_bonus_spin_result = M4_spin_bonus_spin_result: null

2019-08-24 12:49:50 - [MESSAGE][PASSED] - Verify response successfully

2019-08-24 12:49:50 - [MESSAGE][PASSED] - Send request and verify the response successfully

2019-08-24 12:49:50 - [TEST_STEP][PASSED] - if (M4_total_bonus_spins_int != 0 &amp;&amp; M4_spin_reels_symbols[2].contains("WILD_Double") || M4_spin_reels_symbols[4].contains("WILD_Triple")): null

2019-08-24 12:49:50 - [TEST_STEP][PASSED] - free_spin_reel_counter = free_spin_reel_counter: null

2019-08-24 12:49:50 - [TEST_STEP][PASSED] - M4_spin_reels_symbols = M4_spin_reels_symbols: null

2019-08-24 12:49:50 - [TEST_STEP][PASSED] - M4_total_bonus_spins = M4_total_bonus_spins: null

2019-08-24 12:49:50 - [TEST_STEP][PASSED] - spin_result = sendRequestAndVerify(findTestObject("INT/RGS(M4)/1_M4_spin", ["M4_login_user_id":M4_login_user_id, "rgs_session_token":rgs_session_token, "partner":Partner])): Send request and verify the response successfully

2019-08-24 12:49:51 - [MESSAGE][INFO] - HAR: /Users/eiralee/Katalon_Script/SuperWild/Reports/20190824_124242/INT/superWild_4/20190824_124242/requests/main/130.har

2019-08-24 12:49:51 - [TEST_CASE][PASSED] - Start Test Case : Verification: Verification accomplished successfully

2019-08-24 12:49:51 - [TEST_STEP][PASSED] - request = getInstance().getCurrentRequest(): null

2019-08-24 12:49:51 - [TEST_STEP][PASSED] - response = getInstance().getCurrentResponse(): null

2019-08-24 12:49:51 - [TEST_STEP][PASSED] - verifyResponseStatusCode(response, 200): Verify response status code successfully

2019-08-24 12:49:51 - [MESSAGE][PASSED] - Verify response status code successfully

2019-08-24 12:49:51 - [TEST_STEP][PASSED] - getStatusCode()).isEqualTo(200): null

2019-08-24 12:49:51 - [TEST_STEP][PASSED] - newline = System.getProperty("line.separator"): null

2019-08-24 12:49:51 - [TEST_STEP][PASSED] - M4_spin = new groovy.json.JsonSlurper(): null

2019-08-24 12:49:51 - [TEST_STEP][PASSED] - result_M4_spin = M4_spin.parseText(response.getResponseBodyContent()): null

2019-08-24 12:49:51 - [TEST_STEP][PASSED] - M4_spin_current_balance = current_balance: null

2019-08-24 12:49:51 - [TEST_STEP][PASSED] - M4_spin_current_balance = M4_spin_current_balance: null

2019-08-24 12:49:51 - [TEST_STEP][PASSED] - M4_spin_transaction_id = causality: null

2019-08-24 12:49:51 - [TEST_STEP][PASSED] - M4_spin_transaction_id = M4_spin_transaction_id: null

2019-08-24 12:49:51 - [TEST_STEP][PASSED] - M4_spin_round_id = round_id: null

2019-08-24 12:49:51 - [TEST_STEP][PASSED] - M4_spin_round_id = M4_spin_round_id: null

2019-08-24 12:49:51 - [TEST_STEP][PASSED] - M4_spin_line_wins = line_wins: null

2019-08-24 12:49:51 - [TEST_STEP][PASSED] - M4_spin_line_wins = M4_spin_line_wins: null

2019-08-24 12:49:51 - [TEST_STEP][PASSED] - M4_total_bonus_spins_int = total_bonus_spins: null

2019-08-24 12:49:51 - [TEST_STEP][PASSED] - println("******M4_total_bonus_spins type is:*******" + newline + getClass().getName()): null

2019-08-24 12:49:51 - [TEST_STEP][PASSED] - M4_total_bonus_spins_int = M4_total_bonus_spins_int: null

2019-08-24 12:49:51 - [TEST_STEP][PASSED] - M4_total_bonus_spins = Integer.toString(M4_total_bonus_spins_int): null

2019-08-24 12:49:51 - [TEST_STEP][PASSED] - M4_total_bonus_spins = M4_total_bonus_spins: null

2019-08-24 12:49:51 - [TEST_STEP][PASSED] - println("M4_total_bonus_spins is:" + M4_total_bonus_spins): null

2019-08-24 12:49:51 - [TEST_STEP][PASSED] - M4_spin_bonus_data = bonus_data: null

2019-08-24 12:49:51 - [TEST_STEP][PASSED] - M4_spin_features_triggered = result_M4_spin: null

2019-08-24 12:49:51 - [TEST_STEP][PASSED] - wild = []: null

2019-08-24 12:49:51 - [TEST_STEP][PASSED] - wild[0] = "WILD_Expanding": null

2019-08-24 12:49:51 - [TEST_STEP][PASSED] - wild[1] = "WILD_Normal": null

2019-08-24 12:49:51 - [TEST_STEP][PASSED] - wild[2] = "WILD_Double": null

2019-08-24 12:49:51 - [TEST_STEP][PASSED] - wild[3] = "WILD_ExtraFG": null

2019-08-24 12:49:51 - [TEST_STEP][PASSED] - wild[4] = "WILD_Triple": null

2019-08-24 12:49:51 - [TEST_STEP][PASSED] - wildList = Arrays.asList(wild): null

2019-08-24 12:49:51 - [TEST_STEP][PASSED] - wildList = wildList: null

2019-08-24 12:49:51 - [TEST_STEP][PASSED] - free_spin_reel_counter = []: null

2019-08-24 12:49:51 - [TEST_STEP][PASSED] - free_spin_reel_counter[0] = 0: null

2019-08-24 12:49:51 - [TEST_STEP][PASSED] - free_spin_reel_counter[1] = 0: null

2019-08-24 12:49:51 - [TEST_STEP][PASSED] - free_spin_reel_counter[2] = 0: null

2019-08-24 12:49:51 - [TEST_STEP][PASSED] - M4_spin_reels = reels: null

2019-08-24 12:49:51 - [TEST_STEP][PASSED] - for ([i = 0, i &lt; M4_spin_reels.size(), (i++)]): null

2019-08-24 12:49:51 - [TEST_STEP][PASSED] - symbols = symbols: null

2019-08-24 12:49:51 - [TEST_STEP][PASSED] - for ([j = 0, j &lt; symbols.size(), (j++)]): null

2019-08-24 12:49:51 - [TEST_STEP][PASSED] - symbol = symbol: null

2019-08-24 12:49:51 - [TEST_STEP][PASSED] - println(symbol): null

2019-08-24 12:49:51 - [TEST_STEP][PASSED] - if (i == 2 &amp;&amp; wildList.indexOf(symbol) != -1): null

2019-08-24 12:49:51 - [TEST_STEP][PASSED] - if (i == 3 &amp;&amp; wildList.indexOf(symbol) != -1): null

2019-08-24 12:49:51 - [TEST_STEP][PASSED] - if (i == 4 &amp;&amp; wildList.indexOf(symbol) != -1): null

2019-08-24 12:49:51 - [TEST_STEP][PASSED] - symbol = symbol: null

2019-08-24 12:49:51 - [TEST_STEP][PASSED] - println(symbol): null

2019-08-24 12:49:51 - [TEST_STEP][PASSED] - if (i == 2 &amp;&amp; wildList.indexOf(symbol) != -1): null

2019-08-24 12:49:51 - [TEST_STEP][PASSED] - if (i == 3 &amp;&amp; wildList.indexOf(symbol) != -1): null

2019-08-24 12:49:51 - [TEST_STEP][PASSED] - if (i == 4 &amp;&amp; wildList.indexOf(symbol) != -1): null

2019-08-24 12:49:51 - [TEST_STEP][PASSED] - symbol = symbol: null

2019-08-24 12:49:51 - [TEST_STEP][PASSED] - println(symbol): null

2019-08-24 12:49:51 - [TEST_STEP][PASSED] - if (i == 2 &amp;&amp; wildList.indexOf(symbol) != -1): null

2019-08-24 12:49:51 - [TEST_STEP][PASSED] - if (i == 3 &amp;&amp; wildList.indexOf(symbol) != -1): null

2019-08-24 12:49:51 - [TEST_STEP][PASSED] - if (i == 4 &amp;&amp; wildList.indexOf(symbol) != -1): null

2019-08-24 12:49:51 - [TEST_STEP][PASSED] - symbols = symbols: null

2019-08-24 12:49:51 - [TEST_STEP][PASSED] - for ([j = 0, j &lt; symbols.size(), (j++)]): null

2019-08-24 12:49:51 - [TEST_STEP][PASSED] - symbol = symbol: null

2019-08-24 12:49:51 - [TEST_STEP][PASSED] - println(symbol): null

2019-08-24 12:49:51 - [TEST_STEP][PASSED] - if (i == 2 &amp;&amp; wildList.indexOf(symbol) != -1): null

2019-08-24 12:49:51 - [TEST_STEP][PASSED] - if (i == 3 &amp;&amp; wildList.indexOf(symbol) != -1): null

2019-08-24 12:49:51 - [TEST_STEP][PASSED] - if (i == 4 &amp;&amp; wildList.indexOf(symbol) != -1): null

2019-08-24 12:49:51 - [TEST_STEP][PASSED] - symbol = symbol: null

2019-08-24 12:49:51 - [TEST_STEP][PASSED] - println(symbol): null

2019-08-24 12:49:51 - [TEST_STEP][PASSED] - if (i == 2 &amp;&amp; wildList.indexOf(symbol) != -1): null

2019-08-24 12:49:51 - [TEST_STEP][PASSED] - if (i == 3 &amp;&amp; wildList.indexOf(symbol) != -1): null

2019-08-24 12:49:51 - [TEST_STEP][PASSED] - if (i == 4 &amp;&amp; wildList.indexOf(symbol) != -1): null

2019-08-24 12:49:51 - [TEST_STEP][PASSED] - symbol = symbol: null

2019-08-24 12:49:51 - [TEST_STEP][PASSED] - println(symbol): null

2019-08-24 12:49:51 - [TEST_STEP][PASSED] - if (i == 2 &amp;&amp; wildList.indexOf(symbol) != -1): null

2019-08-24 12:49:51 - [TEST_STEP][PASSED] - if (i == 3 &amp;&amp; wildList.indexOf(symbol) != -1): null

2019-08-24 12:49:51 - [TEST_STEP][PASSED] - if (i == 4 &amp;&amp; wildList.indexOf(symbol) != -1): null

2019-08-24 12:49:51 - [TEST_STEP][PASSED] - symbols = symbols: null

2019-08-24 12:49:51 - [TEST_STEP][PASSED] - for ([j = 0, j &lt; symbols.size(), (j++)]): null

2019-08-24 12:49:51 - [TEST_STEP][PASSED] - symbol = symbol: null

2019-08-24 12:49:51 - [TEST_STEP][PASSED] - println(symbol): null

2019-08-24 12:49:51 - [TEST_STEP][PASSED] - if (i == 2 &amp;&amp; wildList.indexOf(symbol) != -1): null

2019-08-24 12:49:51 - [TEST_STEP][PASSED] - if (i == 3 &amp;&amp; wildList.indexOf(symbol) != -1): null

2019-08-24 12:49:51 - [TEST_STEP][PASSED] - if (i == 4 &amp;&amp; wildList.indexOf(symbol) != -1): null

2019-08-24 12:49:51 - [TEST_STEP][PASSED] - symbol = symbol: null

2019-08-24 12:49:51 - [TEST_STEP][PASSED] - println(symbol): null

2019-08-24 12:49:51 - [TEST_STEP][PASSED] - if (i == 2 &amp;&amp; wildList.indexOf(symbol) != -1): null

2019-08-24 12:49:51 - [TEST_STEP][PASSED] - if (i == 3 &amp;&amp; wildList.indexOf(symbol) != -1): null

2019-08-24 12:49:51 - [TEST_STEP][PASSED] - if (i == 4 &amp;&amp; wildList.indexOf(symbol) != -1): null

2019-08-24 12:49:51 - [TEST_STEP][PASSED] - symbol = symbol: null

2019-08-24 12:49:51 - [TEST_STEP][PASSED] - println(symbol): null

2019-08-24 12:49:51 - [TEST_STEP][PASSED] - if (i == 2 &amp;&amp; wildList.indexOf(symbol) != -1): null

2019-08-24 12:49:51 - [TEST_STEP][PASSED] - println("wild found on reel 3, adding counter by 1"): null

2019-08-24 12:49:51 - [TEST_STEP][PASSED] - free_spin_reel_counter[0] = free_spin_reel_counter[0] + 1: null

2019-08-24 12:49:51 - [TEST_STEP][PASSED] - if (i == 3 &amp;&amp; wildList.indexOf(symbol) != -1): null

2019-08-24 12:49:51 - [TEST_STEP][PASSED] - if (i == 4 &amp;&amp; wildList.indexOf(symbol) != -1): null

2019-08-24 12:49:51 - [TEST_STEP][PASSED] - symbols = symbols: null

2019-08-24 12:49:51 - [TEST_STEP][PASSED] - for ([j = 0, j &lt; symbols.size(), (j++)]): null

2019-08-24 12:49:51 - [TEST_STEP][PASSED] - symbol = symbol: null

2019-08-24 12:49:51 - [TEST_STEP][PASSED] - println(symbol): null

2019-08-24 12:49:51 - [TEST_STEP][PASSED] - if (i == 2 &amp;&amp; wildList.indexOf(symbol) != -1): null

2019-08-24 12:49:51 - [TEST_STEP][PASSED] - if (i == 3 &amp;&amp; wildList.indexOf(symbol) != -1): null

2019-08-24 12:49:51 - [TEST_STEP][PASSED] - if (i == 4 &amp;&amp; wildList.indexOf(symbol) != -1): null

2019-08-24 12:49:51 - [TEST_STEP][PASSED] - symbol = symbol: null

2019-08-24 12:49:51 - [TEST_STEP][PASSED] - println(symbol): null

2019-08-24 12:49:51 - [TEST_STEP][PASSED] - if (i == 2 &amp;&amp; wildList.indexOf(symbol) != -1): null

2019-08-24 12:49:51 - [TEST_STEP][PASSED] - if (i == 3 &amp;&amp; wildList.indexOf(symbol) != -1): null

2019-08-24 12:49:51 - [TEST_STEP][PASSED] - if (i == 4 &amp;&amp; wildList.indexOf(symbol) != -1): null

2019-08-24 12:49:51 - [TEST_STEP][PASSED] - symbol = symbol: null

2019-08-24 12:49:51 - [TEST_STEP][PASSED] - println(symbol): null

2019-08-24 12:49:51 - [TEST_STEP][PASSED] - if (i == 2 &amp;&amp; wildList.indexOf(symbol) != -1): null

2019-08-24 12:49:51 - [TEST_STEP][PASSED] - if (i == 3 &amp;&amp; wildList.indexOf(symbol) != -1): null

2019-08-24 12:49:51 - [TEST_STEP][PASSED] - println("wild found on reel 4, adding counter by 1"): null

2019-08-24 12:49:51 - [TEST_STEP][PASSED] - free_spin_reel_counter[1] = free_spin_reel_counter[1] + 1: null

2019-08-24 12:49:51 - [TEST_STEP][PASSED] - if (i == 4 &amp;&amp; wildList.indexOf(symbol) != -1): null

2019-08-24 12:49:51 - [TEST_STEP][PASSED] - symbols = symbols: null

2019-08-24 12:49:51 - [TEST_STEP][PASSED] - for ([j = 0, j &lt; symbols.size(), (j++)]): null

2019-08-24 12:49:51 - [TEST_STEP][PASSED] - symbol = symbol: null

2019-08-24 12:49:51 - [TEST_STEP][PASSED] - println(symbol): null

2019-08-24 12:49:51 - [TEST_STEP][PASSED] - if (i == 2 &amp;&amp; wildList.indexOf(symbol) != -1): null

2019-08-24 12:49:51 - [TEST_STEP][PASSED] - if (i == 3 &amp;&amp; wildList.indexOf(symbol) != -1): null

2019-08-24 12:49:51 - [TEST_STEP][PASSED] - if (i == 4 &amp;&amp; wildList.indexOf(symbol) != -1): null

2019-08-24 12:49:51 - [TEST_STEP][PASSED] - symbol = symbol: null

2019-08-24 12:49:51 - [TEST_STEP][PASSED] - println(symbol): null

2019-08-24 12:49:51 - [TEST_STEP][PASSED] - if (i == 2 &amp;&amp; wildList.indexOf(symbol) != -1): null

2019-08-24 12:49:51 - [TEST_STEP][PASSED] - if (i == 3 &amp;&amp; wildList.indexOf(symbol) != -1): null

2019-08-24 12:49:51 - [TEST_STEP][PASSED] - if (i == 4 &amp;&amp; wildList.indexOf(symbol) != -1): null

2019-08-24 12:49:51 - [TEST_STEP][PASSED] - symbol = symbol: null

2019-08-24 12:49:51 - [TEST_STEP][PASSED] - println(symbol): null

2019-08-24 12:49:51 - [TEST_STEP][PASSED] - if (i == 2 &amp;&amp; wildList.indexOf(symbol) != -1): null

2019-08-24 12:49:51 - [TEST_STEP][PASSED] - if (i == 3 &amp;&amp; wildList.indexOf(symbol) != -1): null

2019-08-24 12:49:51 - [TEST_STEP][PASSED] - if (i == 4 &amp;&amp; wildList.indexOf(symbol) != -1): null

2019-08-24 12:49:51 - [TEST_STEP][PASSED] - free_spin_reel_counter = free_spin_reel_counter: null

2019-08-24 12:49:51 - [TEST_STEP][PASSED] - println("reel 3 wild found: " + free_spin_reel_counter[0]): null

2019-08-24 12:49:51 - [TEST_STEP][PASSED] - println("reel 4 wild found: " + free_spin_reel_counter[1]): null

2019-08-24 12:49:51 - [TEST_STEP][PASSED] - println("reel 5 wild found: " + free_spin_reel_counter[2]): null

2019-08-24 12:49:51 - [TEST_STEP][PASSED] - M4_spin_reels = M4_spin_reels: null

2019-08-24 12:49:51 - [TEST_STEP][PASSED] - M4_spin_reels_symbols = symbol: null

2019-08-24 12:49:51 - [TEST_STEP][PASSED] - M4_spin_reels_symbols = M4_spin_reels_symbols: null

2019-08-24 12:49:51 - [TEST_STEP][PASSED] - M4_spin_reel_wins = reel_wins: null

2019-08-24 12:49:51 - [TEST_STEP][PASSED] - M4_spin_reel_wins = M4_spin_reel_wins: null

2019-08-24 12:49:51 - [TEST_STEP][PASSED] - println("GlobalVariable.M4_spin_reel_wins is: " + M4_spin_reel_wins): null

2019-08-24 12:49:51 - [TEST_STEP][PASSED] - M4_spin_total_bonus_win_this_round = total_bonus_win_this_round: null

2019-08-24 12:49:51 - [TEST_STEP][PASSED] - M4_spin_total_bonus_win_this_round = M4_spin_total_bonus_win_this_round: null

2019-08-24 12:49:51 - [TEST_STEP][PASSED] - println("GlobalVariable.M4_spin_total_bonus_win_this_round is: " + M4_spin_total_bonus_win_this_round): null

2019-08-24 12:49:51 - [TEST_STEP][PASSED] - M4_spin_bonus_spin_result = spin_result: null

2019-08-24 12:49:51 - [TEST_STEP][PASSED] - M4_spin_bonus_spin_result = M4_spin_bonus_spin_result: null

2019-08-24 12:49:51 - [MESSAGE][PASSED] - Verify response successfully

2019-08-24 12:49:51 - [MESSAGE][PASSED] - Send request and verify the response successfully

2019-08-24 12:49:51 - [TEST_STEP][PASSED] - if (M4_total_bonus_spins_int != 0 &amp;&amp; M4_spin_reels_symbols[2].contains("WILD_Double") || M4_spin_reels_symbols[4].contains("WILD_Triple")): null

2019-08-24 12:49:51 - [TEST_STEP][PASSED] - free_spin_reel_counter = free_spin_reel_counter: null

2019-08-24 12:49:51 - [TEST_STEP][PASSED] - M4_spin_reels_symbols = M4_spin_reels_symbols: null

2019-08-24 12:49:51 - [TEST_STEP][PASSED] - M4_total_bonus_spins = M4_total_bonus_spins: null

2019-08-24 12:49:51 - [TEST_STEP][PASSED] - spin_result = sendRequestAndVerify(findTestObject("INT/RGS(M4)/1_M4_spin", ["M4_login_user_id":M4_login_user_id, "rgs_session_token":rgs_session_token, "partner":Partner])): Send request and verify the response successfully

2019-08-24 12:49:51 - [MESSAGE][INFO] - HAR: /Users/eiralee/Katalon_Script/SuperWild/Reports/20190824_124242/INT/superWild_4/20190824_124242/requests/main/131.har

2019-08-24 12:49:51 - [TEST_CASE][PASSED] - Start Test Case : Verification: Verification accomplished successfully

2019-08-24 12:49:51 - [TEST_STEP][PASSED] - request = getInstance().getCurrentRequest(): null

2019-08-24 12:49:52 - [TEST_STEP][PASSED] - response = getInstance().getCurrentResponse(): null

2019-08-24 12:49:52 - [TEST_STEP][PASSED] - verifyResponseStatusCode(response, 200): Verify response status code successfully

2019-08-24 12:49:52 - [MESSAGE][PASSED] - Verify response status code successfully

2019-08-24 12:49:52 - [TEST_STEP][PASSED] - getStatusCode()).isEqualTo(200): null

2019-08-24 12:49:52 - [TEST_STEP][PASSED] - newline = System.getProperty("line.separator"): null

2019-08-24 12:49:52 - [TEST_STEP][PASSED] - M4_spin = new groovy.json.JsonSlurper(): null

2019-08-24 12:49:52 - [TEST_STEP][PASSED] - result_M4_spin = M4_spin.parseText(response.getResponseBodyContent()): null

2019-08-24 12:49:52 - [TEST_STEP][PASSED] - M4_spin_current_balance = current_balance: null

2019-08-24 12:49:52 - [TEST_STEP][PASSED] - M4_spin_current_balance = M4_spin_current_balance: null

2019-08-24 12:49:52 - [TEST_STEP][PASSED] - M4_spin_transaction_id = causality: null

2019-08-24 12:49:52 - [TEST_STEP][PASSED] - M4_spin_transaction_id = M4_spin_transaction_id: null

2019-08-24 12:49:52 - [TEST_STEP][PASSED] - M4_spin_round_id = round_id: null

2019-08-24 12:49:52 - [TEST_STEP][PASSED] - M4_spin_round_id = M4_spin_round_id: null

2019-08-24 12:49:52 - [TEST_STEP][PASSED] - M4_spin_line_wins = line_wins: null

2019-08-24 12:49:52 - [TEST_STEP][PASSED] - M4_spin_line_wins = M4_spin_line_wins: null

2019-08-24 12:49:52 - [TEST_STEP][PASSED] - M4_total_bonus_spins_int = total_bonus_spins: null

2019-08-24 12:49:52 - [TEST_STEP][PASSED] - println("******M4_total_bonus_spins type is:*******" + newline + getClass().getName()): null

2019-08-24 12:49:52 - [TEST_STEP][PASSED] - M4_total_bonus_spins_int = M4_total_bonus_spins_int: null

2019-08-24 12:49:52 - [TEST_STEP][PASSED] - M4_total_bonus_spins = Integer.toString(M4_total_bonus_spins_int): null

2019-08-24 12:49:52 - [TEST_STEP][PASSED] - M4_total_bonus_spins = M4_total_bonus_spins: null

2019-08-24 12:49:52 - [TEST_STEP][PASSED] - println("M4_total_bonus_spins is:" + M4_total_bonus_spins): null

2019-08-24 12:49:52 - [TEST_STEP][PASSED] - M4_spin_bonus_data = bonus_data: null

2019-08-24 12:49:52 - [TEST_STEP][PASSED] - M4_spin_features_triggered = result_M4_spin: null

2019-08-24 12:49:52 - [TEST_STEP][PASSED] - wild = []: null

2019-08-24 12:49:52 - [TEST_STEP][PASSED] - wild[0] = "WILD_Expanding": null

2019-08-24 12:49:52 - [TEST_STEP][PASSED] - wild[1] = "WILD_Normal": null

2019-08-24 12:49:52 - [TEST_STEP][PASSED] - wild[2] = "WILD_Double": null

2019-08-24 12:49:52 - [TEST_STEP][PASSED] - wild[3] = "WILD_ExtraFG": null

2019-08-24 12:49:52 - [TEST_STEP][PASSED] - wild[4] = "WILD_Triple": null

2019-08-24 12:49:52 - [TEST_STEP][PASSED] - wildList = Arrays.asList(wild): null

2019-08-24 12:49:52 - [TEST_STEP][PASSED] - wildList = wildList: null

2019-08-24 12:49:52 - [TEST_STEP][PASSED] - free_spin_reel_counter = []: null

2019-08-24 12:49:52 - [TEST_STEP][PASSED] - free_spin_reel_counter[0] = 0: null

2019-08-24 12:49:52 - [TEST_STEP][PASSED] - free_spin_reel_counter[1] = 0: null

2019-08-24 12:49:52 - [TEST_STEP][PASSED] - free_spin_reel_counter[2] = 0: null

2019-08-24 12:49:52 - [TEST_STEP][PASSED] - M4_spin_reels = reels: null

2019-08-24 12:49:52 - [TEST_STEP][PASSED] - for ([i = 0, i &lt; M4_spin_reels.size(), (i++)]): null

2019-08-24 12:49:52 - [TEST_STEP][PASSED] - symbols = symbols: null

2019-08-24 12:49:52 - [TEST_STEP][PASSED] - for ([j = 0, j &lt; symbols.size(), (j++)]): null

2019-08-24 12:49:52 - [TEST_STEP][PASSED] - symbol = symbol: null

2019-08-24 12:49:52 - [TEST_STEP][PASSED] - println(symbol): null

2019-08-24 12:49:52 - [TEST_STEP][PASSED] - if (i == 2 &amp;&amp; wildList.indexOf(symbol) != -1): null

2019-08-24 12:49:52 - [TEST_STEP][PASSED] - if (i == 3 &amp;&amp; wildList.indexOf(symbol) != -1): null

2019-08-24 12:49:52 - [TEST_STEP][PASSED] - if (i == 4 &amp;&amp; wildList.indexOf(symbol) != -1): null

2019-08-24 12:49:52 - [TEST_STEP][PASSED] - symbol = symbol: null

2019-08-24 12:49:52 - [TEST_STEP][PASSED] - println(symbol): null

2019-08-24 12:49:52 - [TEST_STEP][PASSED] - if (i == 2 &amp;&amp; wildList.indexOf(symbol) != -1): null

2019-08-24 12:49:52 - [TEST_STEP][PASSED] - if (i == 3 &amp;&amp; wildList.indexOf(symbol) != -1): null

2019-08-24 12:49:52 - [TEST_STEP][PASSED] - if (i == 4 &amp;&amp; wildList.indexOf(symbol) != -1): null

2019-08-24 12:49:52 - [TEST_STEP][PASSED] - symbol = symbol: null

2019-08-24 12:49:52 - [TEST_STEP][PASSED] - println(symbol): null

2019-08-24 12:49:52 - [TEST_STEP][PASSED] - if (i == 2 &amp;&amp; wildList.indexOf(symbol) != -1): null

2019-08-24 12:49:52 - [TEST_STEP][PASSED] - if (i == 3 &amp;&amp; wildList.indexOf(symbol) != -1): null

2019-08-24 12:49:52 - [TEST_STEP][PASSED] - if (i == 4 &amp;&amp; wildList.indexOf(symbol) != -1): null

2019-08-24 12:49:52 - [TEST_STEP][PASSED] - symbols = symbols: null

2019-08-24 12:49:52 - [TEST_STEP][PASSED] - for ([j = 0, j &lt; symbols.size(), (j++)]): null

2019-08-24 12:49:52 - [TEST_STEP][PASSED] - symbol = symbol: null

2019-08-24 12:49:52 - [TEST_STEP][PASSED] - println(symbol): null

2019-08-24 12:49:52 - [TEST_STEP][PASSED] - if (i == 2 &amp;&amp; wildList.indexOf(symbol) != -1): null

2019-08-24 12:49:52 - [TEST_STEP][PASSED] - if (i == 3 &amp;&amp; wildList.indexOf(symbol) != -1): null

2019-08-24 12:49:52 - [TEST_STEP][PASSED] - if (i == 4 &amp;&amp; wildList.indexOf(symbol) != -1): null

2019-08-24 12:49:52 - [TEST_STEP][PASSED] - symbol = symbol: null

2019-08-24 12:49:52 - [TEST_STEP][PASSED] - println(symbol): null

2019-08-24 12:49:52 - [TEST_STEP][PASSED] - if (i == 2 &amp;&amp; wildList.indexOf(symbol) != -1): null

2019-08-24 12:49:52 - [TEST_STEP][PASSED] - if (i == 3 &amp;&amp; wildList.indexOf(symbol) != -1): null

2019-08-24 12:49:52 - [TEST_STEP][PASSED] - if (i == 4 &amp;&amp; wildList.indexOf(symbol) != -1): null

2019-08-24 12:49:52 - [TEST_STEP][PASSED] - symbol = symbol: null

2019-08-24 12:49:52 - [TEST_STEP][PASSED] - println(symbol): null

2019-08-24 12:49:52 - [TEST_STEP][PASSED] - if (i == 2 &amp;&amp; wildList.indexOf(symbol) != -1): null

2019-08-24 12:49:52 - [TEST_STEP][PASSED] - if (i == 3 &amp;&amp; wildList.indexOf(symbol) != -1): null

2019-08-24 12:49:52 - [TEST_STEP][PASSED] - if (i == 4 &amp;&amp; wildList.indexOf(symbol) != -1): null

2019-08-24 12:49:52 - [TEST_STEP][PASSED] - symbols = symbols: null

2019-08-24 12:49:52 - [TEST_STEP][PASSED] - for ([j = 0, j &lt; symbols.size(), (j++)]): null

2019-08-24 12:49:52 - [TEST_STEP][PASSED] - symbol = symbol: null

2019-08-24 12:49:52 - [TEST_STEP][PASSED] - println(symbol): null

2019-08-24 12:49:52 - [TEST_STEP][PASSED] - if (i == 2 &amp;&amp; wildList.indexOf(symbol) != -1): null

2019-08-24 12:49:52 - [TEST_STEP][PASSED] - println("wild found on reel 3, adding counter by 1"): null

2019-08-24 12:49:52 - [TEST_STEP][PASSED] - free_spin_reel_counter[0] = free_spin_reel_counter[0] + 1: null

2019-08-24 12:49:52 - [TEST_STEP][PASSED] - if (i == 3 &amp;&amp; wildList.indexOf(symbol) != -1): null

2019-08-24 12:49:52 - [TEST_STEP][PASSED] - if (i == 4 &amp;&amp; wildList.indexOf(symbol) != -1): null

2019-08-24 12:49:52 - [TEST_STEP][PASSED] - symbol = symbol: null

2019-08-24 12:49:52 - [TEST_STEP][PASSED] - println(symbol): null

2019-08-24 12:49:52 - [TEST_STEP][PASSED] - if (i == 2 &amp;&amp; wildList.indexOf(symbol) != -1): null

2019-08-24 12:49:52 - [TEST_STEP][PASSED] - if (i == 3 &amp;&amp; wildList.indexOf(symbol) != -1): null

2019-08-24 12:49:52 - [TEST_STEP][PASSED] - if (i == 4 &amp;&amp; wildList.indexOf(symbol) != -1): null

2019-08-24 12:49:52 - [TEST_STEP][PASSED] - symbol = symbol: null

2019-08-24 12:49:52 - [TEST_STEP][PASSED] - println(symbol): null

2019-08-24 12:49:52 - [TEST_STEP][PASSED] - if (i == 2 &amp;&amp; wildList.indexOf(symbol) != -1): null

2019-08-24 12:49:52 - [TEST_STEP][PASSED] - if (i == 3 &amp;&amp; wildList.indexOf(symbol) != -1): null

2019-08-24 12:49:52 - [TEST_STEP][PASSED] - if (i == 4 &amp;&amp; wildList.indexOf(symbol) != -1): null

2019-08-24 12:49:52 - [TEST_STEP][PASSED] - symbols = symbols: null

2019-08-24 12:49:52 - [TEST_STEP][PASSED] - for ([j = 0, j &lt; symbols.size(), (j++)]): null

2019-08-24 12:49:52 - [TEST_STEP][PASSED] - symbol = symbol: null

2019-08-24 12:49:52 - [TEST_STEP][PASSED] - println(symbol): null

2019-08-24 12:49:52 - [TEST_STEP][PASSED] - if (i == 2 &amp;&amp; wildList.indexOf(symbol) != -1): null

2019-08-24 12:49:52 - [TEST_STEP][PASSED] - if (i == 3 &amp;&amp; wildList.indexOf(symbol) != -1): null

2019-08-24 12:49:56 - [TEST_STEP][PASSED] - if (i == 4 &amp;&amp; wildList.indexOf(symbol) != -1): null

2019-08-24 12:49:56 - [TEST_STEP][PASSED] - symbol = symbol: null

2019-08-24 12:49:56 - [TEST_STEP][PASSED] - println(symbol): null

2019-08-24 12:49:56 - [TEST_STEP][PASSED] - if (i == 2 &amp;&amp; wildList.indexOf(symbol) != -1): null

2019-08-24 12:49:56 - [TEST_STEP][PASSED] - if (i == 3 &amp;&amp; wildList.indexOf(symbol) != -1): null

2019-08-24 12:49:56 - [TEST_STEP][PASSED] - if (i == 4 &amp;&amp; wildList.indexOf(symbol) != -1): null

2019-08-24 12:49:56 - [TEST_STEP][PASSED] - symbol = symbol: null

2019-08-24 12:49:56 - [TEST_STEP][PASSED] - println(symbol): null

2019-08-24 12:49:56 - [TEST_STEP][PASSED] - if (i == 2 &amp;&amp; wildList.indexOf(symbol) != -1): null

2019-08-24 12:49:56 - [TEST_STEP][PASSED] - if (i == 3 &amp;&amp; wildList.indexOf(symbol) != -1): null

2019-08-24 12:49:58 - [TEST_STEP][PASSED] - if (i == 4 &amp;&amp; wildList.indexOf(symbol) != -1): null

2019-08-24 12:49:58 - [TEST_STEP][PASSED] - symbols = symbols: null

2019-08-24 12:49:58 - [TEST_STEP][PASSED] - for ([j = 0, j &lt; symbols.size(), (j++)]): null

2019-08-24 12:49:58 - [TEST_STEP][PASSED] - symbol = symbol: null

2019-08-24 12:49:58 - [TEST_STEP][PASSED] - println(symbol): null

2019-08-24 12:49:58 - [TEST_STEP][PASSED] - if (i == 2 &amp;&amp; wildList.indexOf(symbol) != -1): null

2019-08-24 12:49:58 - [TEST_STEP][PASSED] - if (i == 3 &amp;&amp; wildList.indexOf(symbol) != -1): null

2019-08-24 12:49:58 - [TEST_STEP][PASSED] - if (i == 4 &amp;&amp; wildList.indexOf(symbol) != -1): null

2019-08-24 12:49:58 - [TEST_STEP][PASSED] - symbol = symbol: null

2019-08-24 12:49:58 - [TEST_STEP][PASSED] - println(symbol): null

2019-08-24 12:49:58 - [TEST_STEP][PASSED] - if (i == 2 &amp;&amp; wildList.indexOf(symbol) != -1): null

2019-08-24 12:49:58 - [TEST_STEP][PASSED] - if (i == 3 &amp;&amp; wildList.indexOf(symbol) != -1): null

2019-08-24 12:49:58 - [TEST_STEP][PASSED] - if (i == 4 &amp;&amp; wildList.indexOf(symbol) != -1): null

2019-08-24 12:49:58 - [TEST_STEP][PASSED] - symbol = symbol: null

2019-08-24 12:49:58 - [TEST_STEP][PASSED] - println(symbol): null

2019-08-24 12:49:58 - [TEST_STEP][PASSED] - if (i == 2 &amp;&amp; wildList.indexOf(symbol) != -1): null

2019-08-24 12:49:58 - [TEST_STEP][PASSED] - if (i == 3 &amp;&amp; wildList.indexOf(symbol) != -1): null

2019-08-24 12:49:58 - [TEST_STEP][PASSED] - if (i == 4 &amp;&amp; wildList.indexOf(symbol) != -1): null

2019-08-24 12:49:58 - [TEST_STEP][PASSED] - free_spin_reel_counter = free_spin_reel_counter: null

2019-08-24 12:49:58 - [TEST_STEP][PASSED] - println("reel 3 wild found: " + free_spin_reel_counter[0]): null

2019-08-24 12:49:58 - [TEST_STEP][PASSED] - println("reel 4 wild found: " + free_spin_reel_counter[1]): null

2019-08-24 12:49:58 - [TEST_STEP][PASSED] - println("reel 5 wild found: " + free_spin_reel_counter[2]): null

2019-08-24 12:49:58 - [TEST_STEP][PASSED] - M4_spin_reels = M4_spin_reels: null

2019-08-24 12:49:58 - [TEST_STEP][PASSED] - M4_spin_reels_symbols = symbol: null

2019-08-24 12:49:58 - [TEST_STEP][PASSED] - M4_spin_reels_symbols = M4_spin_reels_symbols: null

2019-08-24 12:49:58 - [TEST_STEP][PASSED] - M4_spin_reel_wins = reel_wins: null

2019-08-24 12:49:58 - [TEST_STEP][PASSED] - M4_spin_reel_wins = M4_spin_reel_wins: null

2019-08-24 12:49:58 - [TEST_STEP][PASSED] - println("GlobalVariable.M4_spin_reel_wins is: " + M4_spin_reel_wins): null

2019-08-24 12:49:58 - [TEST_STEP][PASSED] - M4_spin_total_bonus_win_this_round = total_bonus_win_this_round: null

2019-08-24 12:49:58 - [TEST_STEP][PASSED] - M4_spin_total_bonus_win_this_round = M4_spin_total_bonus_win_this_round: null

2019-08-24 12:49:58 - [TEST_STEP][PASSED] - println("GlobalVariable.M4_spin_total_bonus_win_this_round is: " + M4_spin_total_bonus_win_this_round): null

2019-08-24 12:49:58 - [TEST_STEP][PASSED] - M4_spin_bonus_spin_result = spin_result: null

2019-08-24 12:49:58 - [TEST_STEP][PASSED] - M4_spin_bonus_spin_result = M4_spin_bonus_spin_result: null

2019-08-24 12:49:58 - [MESSAGE][PASSED] - Verify response successfully

2019-08-24 12:49:58 - [MESSAGE][PASSED] - Send request and verify the response successfully

2019-08-24 12:49:58 - [TEST_STEP][PASSED] - if (M4_total_bonus_spins_int != 0 &amp;&amp; M4_spin_reels_symbols[2].contains("WILD_Double") || M4_spin_reels_symbols[4].contains("WILD_Triple")): null

2019-08-24 12:49:58 - [TEST_STEP][PASSED] - free_spin_reel_counter = free_spin_reel_counter: null

2019-08-24 12:49:58 - [TEST_STEP][PASSED] - M4_spin_reels_symbols = M4_spin_reels_symbols: null

2019-08-24 12:49:58 - [TEST_STEP][PASSED] - M4_total_bonus_spins = M4_total_bonus_spins: null

2019-08-24 12:49:58 - [TEST_STEP][PASSED] - spin_result = sendRequestAndVerify(findTestObject("INT/RGS(M4)/1_M4_spin", ["M4_login_user_id":M4_login_user_id, "rgs_session_token":rgs_session_token, "partner":Partner])): Send request and verify the response successfully

2019-08-24 12:49:58 - [MESSAGE][INFO] - HAR: /Users/eiralee/Katalon_Script/SuperWild/Reports/20190824_124242/INT/superWild_4/20190824_124242/requests/main/132.har

2019-08-24 12:49:58 - [TEST_CASE][PASSED] - Start Test Case : Verification: Verification accomplished successfully

2019-08-24 12:49:58 - [TEST_STEP][PASSED] - request = getInstance().getCurrentRequest(): null

2019-08-24 12:49:59 - [TEST_STEP][PASSED] - response = getInstance().getCurrentResponse(): null

2019-08-24 12:49:59 - [TEST_STEP][PASSED] - verifyResponseStatusCode(response, 200): Verify response status code successfully

2019-08-24 12:49:59 - [MESSAGE][PASSED] - Verify response status code successfully

2019-08-24 12:49:59 - [TEST_STEP][PASSED] - getStatusCode()).isEqualTo(200): null

2019-08-24 12:49:59 - [TEST_STEP][PASSED] - newline = System.getProperty("line.separator"): null

2019-08-24 12:49:59 - [TEST_STEP][PASSED] - M4_spin = new groovy.json.JsonSlurper(): null

2019-08-24 12:49:59 - [TEST_STEP][PASSED] - result_M4_spin = M4_spin.parseText(response.getResponseBodyContent()): null

2019-08-24 12:49:59 - [TEST_STEP][PASSED] - M4_spin_current_balance = current_balance: null

2019-08-24 12:49:59 - [TEST_STEP][PASSED] - M4_spin_current_balance = M4_spin_current_balance: null

2019-08-24 12:49:59 - [TEST_STEP][PASSED] - M4_spin_transaction_id = causality: null

2019-08-24 12:49:59 - [TEST_STEP][PASSED] - M4_spin_transaction_id = M4_spin_transaction_id: null

2019-08-24 12:49:59 - [TEST_STEP][PASSED] - M4_spin_round_id = round_id: null

2019-08-24 12:49:59 - [TEST_STEP][PASSED] - M4_spin_round_id = M4_spin_round_id: null

2019-08-24 12:49:59 - [TEST_STEP][PASSED] - M4_spin_line_wins = line_wins: null

2019-08-24 12:49:59 - [TEST_STEP][PASSED] - M4_spin_line_wins = M4_spin_line_wins: null

2019-08-24 12:49:59 - [TEST_STEP][PASSED] - M4_total_bonus_spins_int = total_bonus_spins: null

2019-08-24 12:49:59 - [TEST_STEP][PASSED] - println("******M4_total_bonus_spins type is:*******" + newline + getClass().getName()): null

2019-08-24 12:49:59 - [TEST_STEP][PASSED] - M4_total_bonus_spins_int = M4_total_bonus_spins_int: null

2019-08-24 12:49:59 - [TEST_STEP][PASSED] - M4_total_bonus_spins = Integer.toString(M4_total_bonus_spins_int): null

2019-08-24 12:49:59 - [TEST_STEP][PASSED] - M4_total_bonus_spins = M4_total_bonus_spins: null

2019-08-24 12:49:59 - [TEST_STEP][PASSED] - println("M4_total_bonus_spins is:" + M4_total_bonus_spins): null

2019-08-24 12:49:59 - [TEST_STEP][PASSED] - M4_spin_bonus_data = bonus_data: null

2019-08-24 12:49:59 - [TEST_STEP][PASSED] - M4_spin_features_triggered = result_M4_spin: null

2019-08-24 12:49:59 - [TEST_STEP][PASSED] - wild = []: null

2019-08-24 12:49:59 - [TEST_STEP][PASSED] - wild[0] = "WILD_Expanding": null

2019-08-24 12:49:59 - [TEST_STEP][PASSED] - wild[1] = "WILD_Normal": null

2019-08-24 12:49:59 - [TEST_STEP][PASSED] - wild[2] = "WILD_Double": null

2019-08-24 12:49:59 - [TEST_STEP][PASSED] - wild[3] = "WILD_ExtraFG": null

2019-08-24 12:49:59 - [TEST_STEP][PASSED] - wild[4] = "WILD_Triple": null

2019-08-24 12:49:59 - [TEST_STEP][PASSED] - wildList = Arrays.asList(wild): null

2019-08-24 12:49:59 - [TEST_STEP][PASSED] - wildList = wildList: null

2019-08-24 12:49:59 - [TEST_STEP][PASSED] - free_spin_reel_counter = []: null

2019-08-24 12:49:59 - [TEST_STEP][PASSED] - free_spin_reel_counter[0] = 0: null

2019-08-24 12:49:59 - [TEST_STEP][PASSED] - free_spin_reel_counter[1] = 0: null

2019-08-24 12:49:59 - [TEST_STEP][PASSED] - free_spin_reel_counter[2] = 0: null

2019-08-24 12:49:59 - [TEST_STEP][PASSED] - M4_spin_reels = reels: null

2019-08-24 12:49:59 - [TEST_STEP][PASSED] - for ([i = 0, i &lt; M4_spin_reels.size(), (i++)]): null

2019-08-24 12:49:59 - [TEST_STEP][PASSED] - symbols = symbols: null

2019-08-24 12:49:59 - [TEST_STEP][PASSED] - for ([j = 0, j &lt; symbols.size(), (j++)]): null

2019-08-24 12:49:59 - [TEST_STEP][PASSED] - symbol = symbol: null

2019-08-24 12:49:59 - [TEST_STEP][PASSED] - println(symbol): null

2019-08-24 12:49:59 - [TEST_STEP][PASSED] - if (i == 2 &amp;&amp; wildList.indexOf(symbol) != -1): null

2019-08-24 12:49:59 - [TEST_STEP][PASSED] - if (i == 3 &amp;&amp; wildList.indexOf(symbol) != -1): null

2019-08-24 12:49:59 - [TEST_STEP][PASSED] - if (i == 4 &amp;&amp; wildList.indexOf(symbol) != -1): null

2019-08-24 12:49:59 - [TEST_STEP][PASSED] - symbol = symbol: null

2019-08-24 12:49:59 - [TEST_STEP][PASSED] - println(symbol): null

2019-08-24 12:49:59 - [TEST_STEP][PASSED] - if (i == 2 &amp;&amp; wildList.indexOf(symbol) != -1): null

2019-08-24 12:49:59 - [TEST_STEP][PASSED] - if (i == 3 &amp;&amp; wildList.indexOf(symbol) != -1): null

2019-08-24 12:49:59 - [TEST_STEP][PASSED] - if (i == 4 &amp;&amp; wildList.indexOf(symbol) != -1): null

2019-08-24 12:49:59 - [TEST_STEP][PASSED] - symbol = symbol: null

2019-08-24 12:49:59 - [TEST_STEP][PASSED] - println(symbol): null

2019-08-24 12:49:59 - [TEST_STEP][PASSED] - if (i == 2 &amp;&amp; wildList.indexOf(symbol) != -1): null

2019-08-24 12:49:59 - [TEST_STEP][PASSED] - if (i == 3 &amp;&amp; wildList.indexOf(symbol) != -1): null

2019-08-24 12:49:59 - [TEST_STEP][PASSED] - if (i == 4 &amp;&amp; wildList.indexOf(symbol) != -1): null

2019-08-24 12:49:59 - [TEST_STEP][PASSED] - symbols = symbols: null

2019-08-24 12:49:59 - [TEST_STEP][PASSED] - for ([j = 0, j &lt; symbols.size(), (j++)]): null

2019-08-24 12:49:59 - [TEST_STEP][PASSED] - symbol = symbol: null

2019-08-24 12:49:59 - [TEST_STEP][PASSED] - println(symbol): null

2019-08-24 12:49:59 - [TEST_STEP][PASSED] - if (i == 2 &amp;&amp; wildList.indexOf(symbol) != -1): null

2019-08-24 12:49:59 - [TEST_STEP][PASSED] - if (i == 3 &amp;&amp; wildList.indexOf(symbol) != -1): null

2019-08-24 12:49:59 - [TEST_STEP][PASSED] - if (i == 4 &amp;&amp; wildList.indexOf(symbol) != -1): null

2019-08-24 12:49:59 - [TEST_STEP][PASSED] - symbol = symbol: null

2019-08-24 12:49:59 - [TEST_STEP][PASSED] - println(symbol): null

2019-08-24 12:49:59 - [TEST_STEP][PASSED] - if (i == 2 &amp;&amp; wildList.indexOf(symbol) != -1): null

2019-08-24 12:49:59 - [TEST_STEP][PASSED] - if (i == 3 &amp;&amp; wildList.indexOf(symbol) != -1): null

2019-08-24 12:49:59 - [TEST_STEP][PASSED] - if (i == 4 &amp;&amp; wildList.indexOf(symbol) != -1): null

2019-08-24 12:49:59 - [TEST_STEP][PASSED] - symbol = symbol: null

2019-08-24 12:49:59 - [TEST_STEP][PASSED] - println(symbol): null

2019-08-24 12:49:59 - [TEST_STEP][PASSED] - if (i == 2 &amp;&amp; wildList.indexOf(symbol) != -1): null

2019-08-24 12:49:59 - [TEST_STEP][PASSED] - if (i == 3 &amp;&amp; wildList.indexOf(symbol) != -1): null

2019-08-24 12:49:59 - [TEST_STEP][PASSED] - if (i == 4 &amp;&amp; wildList.indexOf(symbol) != -1): null

2019-08-24 12:49:59 - [TEST_STEP][PASSED] - symbols = symbols: null

2019-08-24 12:49:59 - [TEST_STEP][PASSED] - for ([j = 0, j &lt; symbols.size(), (j++)]): null

2019-08-24 12:49:59 - [TEST_STEP][PASSED] - symbol = symbol: null

2019-08-24 12:49:59 - [TEST_STEP][PASSED] - println(symbol): null

2019-08-24 12:49:59 - [TEST_STEP][PASSED] - if (i == 2 &amp;&amp; wildList.indexOf(symbol) != -1): null

2019-08-24 12:49:59 - [TEST_STEP][PASSED] - if (i == 3 &amp;&amp; wildList.indexOf(symbol) != -1): null

2019-08-24 12:49:59 - [TEST_STEP][PASSED] - if (i == 4 &amp;&amp; wildList.indexOf(symbol) != -1): null

2019-08-24 12:49:59 - [TEST_STEP][PASSED] - symbol = symbol: null

2019-08-24 12:49:59 - [TEST_STEP][PASSED] - println(symbol): null

2019-08-24 12:49:59 - [TEST_STEP][PASSED] - if (i == 2 &amp;&amp; wildList.indexOf(symbol) != -1): null

2019-08-24 12:49:59 - [TEST_STEP][PASSED] - if (i == 3 &amp;&amp; wildList.indexOf(symbol) != -1): null

2019-08-24 12:49:59 - [TEST_STEP][PASSED] - if (i == 4 &amp;&amp; wildList.indexOf(symbol) != -1): null

2019-08-24 12:49:59 - [TEST_STEP][PASSED] - symbol = symbol: null

2019-08-24 12:49:59 - [TEST_STEP][PASSED] - println(symbol): null

2019-08-24 12:49:59 - [TEST_STEP][PASSED] - if (i == 2 &amp;&amp; wildList.indexOf(symbol) != -1): null

2019-08-24 12:49:59 - [TEST_STEP][PASSED] - if (i == 3 &amp;&amp; wildList.indexOf(symbol) != -1): null

2019-08-24 12:49:59 - [TEST_STEP][PASSED] - if (i == 4 &amp;&amp; wildList.indexOf(symbol) != -1): null

2019-08-24 12:49:59 - [TEST_STEP][PASSED] - symbols = symbols: null

2019-08-24 12:49:59 - [TEST_STEP][PASSED] - for ([j = 0, j &lt; symbols.size(), (j++)]): null

2019-08-24 12:49:59 - [TEST_STEP][PASSED] - symbol = symbol: null

2019-08-24 12:49:59 - [TEST_STEP][PASSED] - println(symbol): null

2019-08-24 12:49:59 - [TEST_STEP][PASSED] - if (i == 2 &amp;&amp; wildList.indexOf(symbol) != -1): null

2019-08-24 12:49:59 - [TEST_STEP][PASSED] - if (i == 3 &amp;&amp; wildList.indexOf(symbol) != -1): null

2019-08-24 12:49:59 - [TEST_STEP][PASSED] - if (i == 4 &amp;&amp; wildList.indexOf(symbol) != -1): null

2019-08-24 12:49:59 - [TEST_STEP][PASSED] - symbol = symbol: null

2019-08-24 12:49:59 - [TEST_STEP][PASSED] - println(symbol): null

2019-08-24 12:49:59 - [TEST_STEP][PASSED] - if (i == 2 &amp;&amp; wildList.indexOf(symbol) != -1): null

2019-08-24 12:49:59 - [TEST_STEP][PASSED] - if (i == 3 &amp;&amp; wildList.indexOf(symbol) != -1): null

2019-08-24 12:49:59 - [TEST_STEP][PASSED] - if (i == 4 &amp;&amp; wildList.indexOf(symbol) != -1): null

2019-08-24 12:49:59 - [TEST_STEP][PASSED] - symbol = symbol: null

2019-08-24 12:49:59 - [TEST_STEP][PASSED] - println(symbol): null

2019-08-24 12:49:59 - [TEST_STEP][PASSED] - if (i == 2 &amp;&amp; wildList.indexOf(symbol) != -1): null

2019-08-24 12:49:59 - [TEST_STEP][PASSED] - if (i == 3 &amp;&amp; wildList.indexOf(symbol) != -1): null

2019-08-24 12:49:59 - [TEST_STEP][PASSED] - if (i == 4 &amp;&amp; wildList.indexOf(symbol) != -1): null

2019-08-24 12:49:59 - [TEST_STEP][PASSED] - symbols = symbols: null

2019-08-24 12:49:59 - [TEST_STEP][PASSED] - for ([j = 0, j &lt; symbols.size(), (j++)]): null

2019-08-24 12:49:59 - [TEST_STEP][PASSED] - symbol = symbol: null

2019-08-24 12:49:59 - [TEST_STEP][PASSED] - println(symbol): null

2019-08-24 12:49:59 - [TEST_STEP][PASSED] - if (i == 2 &amp;&amp; wildList.indexOf(symbol) != -1): null

2019-08-24 12:49:59 - [TEST_STEP][PASSED] - if (i == 3 &amp;&amp; wildList.indexOf(symbol) != -1): null

2019-08-24 12:49:59 - [TEST_STEP][PASSED] - if (i == 4 &amp;&amp; wildList.indexOf(symbol) != -1): null

2019-08-24 12:49:59 - [TEST_STEP][PASSED] - symbol = symbol: null

2019-08-24 12:49:59 - [TEST_STEP][PASSED] - println(symbol): null

2019-08-24 12:49:59 - [TEST_STEP][PASSED] - if (i == 2 &amp;&amp; wildList.indexOf(symbol) != -1): null

2019-08-24 12:49:59 - [TEST_STEP][PASSED] - if (i == 3 &amp;&amp; wildList.indexOf(symbol) != -1): null

2019-08-24 12:49:59 - [TEST_STEP][PASSED] - if (i == 4 &amp;&amp; wildList.indexOf(symbol) != -1): null

2019-08-24 12:49:59 - [TEST_STEP][PASSED] - symbol = symbol: null

2019-08-24 12:49:59 - [TEST_STEP][PASSED] - println(symbol): null

2019-08-24 12:49:59 - [TEST_STEP][PASSED] - if (i == 2 &amp;&amp; wildList.indexOf(symbol) != -1): null

2019-08-24 12:49:59 - [TEST_STEP][PASSED] - if (i == 3 &amp;&amp; wildList.indexOf(symbol) != -1): null

2019-08-24 12:49:59 - [TEST_STEP][PASSED] - if (i == 4 &amp;&amp; wildList.indexOf(symbol) != -1): null

2019-08-24 12:49:59 - [TEST_STEP][PASSED] - free_spin_reel_counter = free_spin_reel_counter: null

2019-08-24 12:49:59 - [TEST_STEP][PASSED] - println("reel 3 wild found: " + free_spin_reel_counter[0]): null

2019-08-24 12:49:59 - [TEST_STEP][PASSED] - println("reel 4 wild found: " + free_spin_reel_counter[1]): null

2019-08-24 12:49:59 - [TEST_STEP][PASSED] - println("reel 5 wild found: " + free_spin_reel_counter[2]): null

2019-08-24 12:49:59 - [TEST_STEP][PASSED] - M4_spin_reels = M4_spin_reels: null

2019-08-24 12:49:59 - [TEST_STEP][PASSED] - M4_spin_reels_symbols = symbol: null

2019-08-24 12:49:59 - [TEST_STEP][PASSED] - M4_spin_reels_symbols = M4_spin_reels_symbols: null

2019-08-24 12:49:59 - [TEST_STEP][PASSED] - M4_spin_reel_wins = reel_wins: null

2019-08-24 12:49:59 - [TEST_STEP][PASSED] - M4_spin_reel_wins = M4_spin_reel_wins: null

2019-08-24 12:49:59 - [TEST_STEP][PASSED] - println("GlobalVariable.M4_spin_reel_wins is: " + M4_spin_reel_wins): null

2019-08-24 12:49:59 - [TEST_STEP][PASSED] - M4_spin_total_bonus_win_this_round = total_bonus_win_this_round: null

2019-08-24 12:49:59 - [TEST_STEP][PASSED] - M4_spin_total_bonus_win_this_round = M4_spin_total_bonus_win_this_round: null

2019-08-24 12:49:59 - [TEST_STEP][PASSED] - println("GlobalVariable.M4_spin_total_bonus_win_this_round is: " + M4_spin_total_bonus_win_this_round): null

2019-08-24 12:49:59 - [TEST_STEP][PASSED] - M4_spin_bonus_spin_result = spin_result: null

2019-08-24 12:49:59 - [TEST_STEP][PASSED] - M4_spin_bonus_spin_result = M4_spin_bonus_spin_result: null

2019-08-24 12:49:59 - [MESSAGE][PASSED] - Verify response successfully

2019-08-24 12:49:59 - [MESSAGE][PASSED] - Send request and verify the response successfully

2019-08-24 12:49:59 - [TEST_STEP][PASSED] - if (M4_total_bonus_spins_int != 0 &amp;&amp; M4_spin_reels_symbols[2].contains("WILD_Double") || M4_spin_reels_symbols[4].contains("WILD_Triple")): null

2019-08-24 12:49:59 - [TEST_STEP][PASSED] - free_spin_reel_counter = free_spin_reel_counter: null

2019-08-24 12:49:59 - [TEST_STEP][PASSED] - M4_spin_reels_symbols = M4_spin_reels_symbols: null

2019-08-24 12:49:59 - [TEST_STEP][PASSED] - M4_total_bonus_spins = M4_total_bonus_spins: null

2019-08-24 12:49:59 - [TEST_STEP][PASSED] - spin_result = sendRequestAndVerify(findTestObject("INT/RGS(M4)/1_M4_spin", ["M4_login_user_id":M4_login_user_id, "rgs_session_token":rgs_session_token, "partner":Partner])): Send request and verify the response successfully

2019-08-24 12:49:59 - [MESSAGE][INFO] - HAR: /Users/eiralee/Katalon_Script/SuperWild/Reports/20190824_124242/INT/superWild_4/20190824_124242/requests/main/133.har

2019-08-24 12:49:59 - [TEST_CASE][PASSED] - Start Test Case : Verification: Verification accomplished successfully

2019-08-24 12:49:59 - [TEST_STEP][PASSED] - request = getInstance().getCurrentRequest(): null

2019-08-24 12:49:59 - [TEST_STEP][PASSED] - response = getInstance().getCurrentResponse(): null

2019-08-24 12:49:59 - [TEST_STEP][PASSED] - verifyResponseStatusCode(response, 200): Verify response status code successfully

2019-08-24 12:49:59 - [MESSAGE][PASSED] - Verify response status code successfully

2019-08-24 12:49:59 - [TEST_STEP][PASSED] - getStatusCode()).isEqualTo(200): null

2019-08-24 12:49:59 - [TEST_STEP][PASSED] - newline = System.getProperty("line.separator"): null

2019-08-24 12:49:59 - [TEST_STEP][PASSED] - M4_spin = new groovy.json.JsonSlurper(): null

2019-08-24 12:49:59 - [TEST_STEP][PASSED] - result_M4_spin = M4_spin.parseText(response.getResponseBodyContent()): null

2019-08-24 12:49:59 - [TEST_STEP][PASSED] - M4_spin_current_balance = current_balance: null

2019-08-24 12:49:59 - [TEST_STEP][PASSED] - M4_spin_current_balance = M4_spin_current_balance: null

2019-08-24 12:49:59 - [TEST_STEP][PASSED] - M4_spin_transaction_id = causality: null

2019-08-24 12:49:59 - [TEST_STEP][PASSED] - M4_spin_transaction_id = M4_spin_transaction_id: null

2019-08-24 12:49:59 - [TEST_STEP][PASSED] - M4_spin_round_id = round_id: null

2019-08-24 12:49:59 - [TEST_STEP][PASSED] - M4_spin_round_id = M4_spin_round_id: null

2019-08-24 12:49:59 - [TEST_STEP][PASSED] - M4_spin_line_wins = line_wins: null

2019-08-24 12:49:59 - [TEST_STEP][PASSED] - M4_spin_line_wins = M4_spin_line_wins: null

2019-08-24 12:49:59 - [TEST_STEP][PASSED] - M4_total_bonus_spins_int = total_bonus_spins: null

2019-08-24 12:49:59 - [TEST_STEP][PASSED] - println("******M4_total_bonus_spins type is:*******" + newline + getClass().getName()): null

2019-08-24 12:49:59 - [TEST_STEP][PASSED] - M4_total_bonus_spins_int = M4_total_bonus_spins_int: null

2019-08-24 12:49:59 - [TEST_STEP][PASSED] - M4_total_bonus_spins = Integer.toString(M4_total_bonus_spins_int): null

2019-08-24 12:49:59 - [TEST_STEP][PASSED] - M4_total_bonus_spins = M4_total_bonus_spins: null

2019-08-24 12:49:59 - [TEST_STEP][PASSED] - println("M4_total_bonus_spins is:" + M4_total_bonus_spins): null

2019-08-24 12:49:59 - [TEST_STEP][PASSED] - M4_spin_bonus_data = bonus_data: null

2019-08-24 12:49:59 - [TEST_STEP][PASSED] - M4_spin_features_triggered = result_M4_spin: null

2019-08-24 12:49:59 - [TEST_STEP][PASSED] - wild = []: null

2019-08-24 12:49:59 - [TEST_STEP][PASSED] - wild[0] = "WILD_Expanding": null

2019-08-24 12:49:59 - [TEST_STEP][PASSED] - wild[1] = "WILD_Normal": null

2019-08-24 12:49:59 - [TEST_STEP][PASSED] - wild[2] = "WILD_Double": null

2019-08-24 12:49:59 - [TEST_STEP][PASSED] - wild[3] = "WILD_ExtraFG": null

2019-08-24 12:49:59 - [TEST_STEP][PASSED] - wild[4] = "WILD_Triple": null

2019-08-24 12:49:59 - [TEST_STEP][PASSED] - wildList = Arrays.asList(wild): null

2019-08-24 12:49:59 - [TEST_STEP][PASSED] - wildList = wildList: null

2019-08-24 12:49:59 - [TEST_STEP][PASSED] - free_spin_reel_counter = []: null

2019-08-24 12:49:59 - [TEST_STEP][PASSED] - free_spin_reel_counter[0] = 0: null

2019-08-24 12:49:59 - [TEST_STEP][PASSED] - free_spin_reel_counter[1] = 0: null

2019-08-24 12:49:59 - [TEST_STEP][PASSED] - free_spin_reel_counter[2] = 0: null

2019-08-24 12:49:59 - [TEST_STEP][PASSED] - M4_spin_reels = reels: null

2019-08-24 12:49:59 - [TEST_STEP][PASSED] - for ([i = 0, i &lt; M4_spin_reels.size(), (i++)]): null

2019-08-24 12:49:59 - [TEST_STEP][PASSED] - symbols = symbols: null

2019-08-24 12:49:59 - [TEST_STEP][PASSED] - for ([j = 0, j &lt; symbols.size(), (j++)]): null

2019-08-24 12:49:59 - [TEST_STEP][PASSED] - symbol = symbol: null

2019-08-24 12:49:59 - [TEST_STEP][PASSED] - println(symbol): null

2019-08-24 12:49:59 - [TEST_STEP][PASSED] - if (i == 2 &amp;&amp; wildList.indexOf(symbol) != -1): null

2019-08-24 12:49:59 - [TEST_STEP][PASSED] - if (i == 3 &amp;&amp; wildList.indexOf(symbol) != -1): null

2019-08-24 12:49:59 - [TEST_STEP][PASSED] - if (i == 4 &amp;&amp; wildList.indexOf(symbol) != -1): null

2019-08-24 12:49:59 - [TEST_STEP][PASSED] - symbol = symbol: null

2019-08-24 12:49:59 - [TEST_STEP][PASSED] - println(symbol): null

2019-08-24 12:49:59 - [TEST_STEP][PASSED] - if (i == 2 &amp;&amp; wildList.indexOf(symbol) != -1): null

2019-08-24 12:49:59 - [TEST_STEP][PASSED] - if (i == 3 &amp;&amp; wildList.indexOf(symbol) != -1): null

2019-08-24 12:49:59 - [TEST_STEP][PASSED] - if (i == 4 &amp;&amp; wildList.indexOf(symbol) != -1): null

2019-08-24 12:49:59 - [TEST_STEP][PASSED] - symbol = symbol: null

2019-08-24 12:49:59 - [TEST_STEP][PASSED] - println(symbol): null

2019-08-24 12:49:59 - [TEST_STEP][PASSED] - if (i == 2 &amp;&amp; wildList.indexOf(symbol) != -1): null

2019-08-24 12:49:59 - [TEST_STEP][PASSED] - if (i == 3 &amp;&amp; wildList.indexOf(symbol) != -1): null

2019-08-24 12:49:59 - [TEST_STEP][PASSED] - if (i == 4 &amp;&amp; wildList.indexOf(symbol) != -1): null

2019-08-24 12:49:59 - [TEST_STEP][PASSED] - symbols = symbols: null

2019-08-24 12:49:59 - [TEST_STEP][PASSED] - for ([j = 0, j &lt; symbols.size(), (j++)]): null

2019-08-24 12:49:59 - [TEST_STEP][PASSED] - symbol = symbol: null

2019-08-24 12:49:59 - [TEST_STEP][PASSED] - println(symbol): null

2019-08-24 12:49:59 - [TEST_STEP][PASSED] - if (i == 2 &amp;&amp; wildList.indexOf(symbol) != -1): null

2019-08-24 12:49:59 - [TEST_STEP][PASSED] - if (i == 3 &amp;&amp; wildList.indexOf(symbol) != -1): null

2019-08-24 12:49:59 - [TEST_STEP][PASSED] - if (i == 4 &amp;&amp; wildList.indexOf(symbol) != -1): null

2019-08-24 12:49:59 - [TEST_STEP][PASSED] - symbol = symbol: null

2019-08-24 12:49:59 - [TEST_STEP][PASSED] - println(symbol): null

2019-08-24 12:49:59 - [TEST_STEP][PASSED] - if (i == 2 &amp;&amp; wildList.indexOf(symbol) != -1): null

2019-08-24 12:49:59 - [TEST_STEP][PASSED] - if (i == 3 &amp;&amp; wildList.indexOf(symbol) != -1): null

2019-08-24 12:49:59 - [TEST_STEP][PASSED] - if (i == 4 &amp;&amp; wildList.indexOf(symbol) != -1): null

2019-08-24 12:49:59 - [TEST_STEP][PASSED] - symbol = symbol: null

2019-08-24 12:49:59 - [TEST_STEP][PASSED] - println(symbol): null

2019-08-24 12:49:59 - [TEST_STEP][PASSED] - if (i == 2 &amp;&amp; wildList.indexOf(symbol) != -1): null

2019-08-24 12:49:59 - [TEST_STEP][PASSED] - if (i == 3 &amp;&amp; wildList.indexOf(symbol) != -1): null

2019-08-24 12:49:59 - [TEST_STEP][PASSED] - if (i == 4 &amp;&amp; wildList.indexOf(symbol) != -1): null

2019-08-24 12:49:59 - [TEST_STEP][PASSED] - symbols = symbols: null

2019-08-24 12:49:59 - [TEST_STEP][PASSED] - for ([j = 0, j &lt; symbols.size(), (j++)]): null

2019-08-24 12:49:59 - [TEST_STEP][PASSED] - symbol = symbol: null

2019-08-24 12:49:59 - [TEST_STEP][PASSED] - println(symbol): null

2019-08-24 12:49:59 - [TEST_STEP][PASSED] - if (i == 2 &amp;&amp; wildList.indexOf(symbol) != -1): null

2019-08-24 12:49:59 - [TEST_STEP][PASSED] - if (i == 3 &amp;&amp; wildList.indexOf(symbol) != -1): null

2019-08-24 12:49:59 - [TEST_STEP][PASSED] - if (i == 4 &amp;&amp; wildList.indexOf(symbol) != -1): null

2019-08-24 12:49:59 - [TEST_STEP][PASSED] - symbol = symbol: null

2019-08-24 12:49:59 - [TEST_STEP][PASSED] - println(symbol): null

2019-08-24 12:49:59 - [TEST_STEP][PASSED] - if (i == 2 &amp;&amp; wildList.indexOf(symbol) != -1): null

2019-08-24 12:49:59 - [TEST_STEP][PASSED] - if (i == 3 &amp;&amp; wildList.indexOf(symbol) != -1): null

2019-08-24 12:49:59 - [TEST_STEP][PASSED] - if (i == 4 &amp;&amp; wildList.indexOf(symbol) != -1): null

2019-08-24 12:49:59 - [TEST_STEP][PASSED] - symbol = symbol: null

2019-08-24 12:49:59 - [TEST_STEP][PASSED] - println(symbol): null

2019-08-24 12:49:59 - [TEST_STEP][PASSED] - if (i == 2 &amp;&amp; wildList.indexOf(symbol) != -1): null

2019-08-24 12:49:59 - [TEST_STEP][PASSED] - if (i == 3 &amp;&amp; wildList.indexOf(symbol) != -1): null

2019-08-24 12:49:59 - [TEST_STEP][PASSED] - if (i == 4 &amp;&amp; wildList.indexOf(symbol) != -1): null

2019-08-24 12:49:59 - [TEST_STEP][PASSED] - symbols = symbols: null

2019-08-24 12:49:59 - [TEST_STEP][PASSED] - for ([j = 0, j &lt; symbols.size(), (j++)]): null

2019-08-24 12:49:59 - [TEST_STEP][PASSED] - symbol = symbol: null

2019-08-24 12:49:59 - [TEST_STEP][PASSED] - println(symbol): null

2019-08-24 12:49:59 - [TEST_STEP][PASSED] - if (i == 2 &amp;&amp; wildList.indexOf(symbol) != -1): null

2019-08-24 12:49:59 - [TEST_STEP][PASSED] - if (i == 3 &amp;&amp; wildList.indexOf(symbol) != -1): null

2019-08-24 12:49:59 - [TEST_STEP][PASSED] - if (i == 4 &amp;&amp; wildList.indexOf(symbol) != -1): null

2019-08-24 12:49:59 - [TEST_STEP][PASSED] - symbol = symbol: null

2019-08-24 12:49:59 - [TEST_STEP][PASSED] - println(symbol): null

2019-08-24 12:49:59 - [TEST_STEP][PASSED] - if (i == 2 &amp;&amp; wildList.indexOf(symbol) != -1): null

2019-08-24 12:49:59 - [TEST_STEP][PASSED] - if (i == 3 &amp;&amp; wildList.indexOf(symbol) != -1): null

2019-08-24 12:49:59 - [TEST_STEP][PASSED] - if (i == 4 &amp;&amp; wildList.indexOf(symbol) != -1): null

2019-08-24 12:49:59 - [TEST_STEP][PASSED] - symbol = symbol: null

2019-08-24 12:49:59 - [TEST_STEP][PASSED] - println(symbol): null

2019-08-24 12:49:59 - [TEST_STEP][PASSED] - if (i == 2 &amp;&amp; wildList.indexOf(symbol) != -1): null

2019-08-24 12:49:59 - [TEST_STEP][PASSED] - if (i == 3 &amp;&amp; wildList.indexOf(symbol) != -1): null

2019-08-24 12:49:59 - [TEST_STEP][PASSED] - if (i == 4 &amp;&amp; wildList.indexOf(symbol) != -1): null

2019-08-24 12:49:59 - [TEST_STEP][PASSED] - symbols = symbols: null

2019-08-24 12:49:59 - [TEST_STEP][PASSED] - for ([j = 0, j &lt; symbols.size(), (j++)]): null

2019-08-24 12:49:59 - [TEST_STEP][PASSED] - symbol = symbol: null

2019-08-24 12:49:59 - [TEST_STEP][PASSED] - println(symbol): null

2019-08-24 12:49:59 - [TEST_STEP][PASSED] - if (i == 2 &amp;&amp; wildList.indexOf(symbol) != -1): null

2019-08-24 12:49:59 - [TEST_STEP][PASSED] - if (i == 3 &amp;&amp; wildList.indexOf(symbol) != -1): null

2019-08-24 12:49:59 - [TEST_STEP][PASSED] - if (i == 4 &amp;&amp; wildList.indexOf(symbol) != -1): null

2019-08-24 12:49:59 - [TEST_STEP][PASSED] - symbol = symbol: null

2019-08-24 12:49:59 - [TEST_STEP][PASSED] - println(symbol): null

2019-08-24 12:49:59 - [TEST_STEP][PASSED] - if (i == 2 &amp;&amp; wildList.indexOf(symbol) != -1): null

2019-08-24 12:49:59 - [TEST_STEP][PASSED] - if (i == 3 &amp;&amp; wildList.indexOf(symbol) != -1): null

2019-08-24 12:49:59 - [TEST_STEP][PASSED] - if (i == 4 &amp;&amp; wildList.indexOf(symbol) != -1): null

2019-08-24 12:49:59 - [TEST_STEP][PASSED] - symbol = symbol: null

2019-08-24 12:49:59 - [TEST_STEP][PASSED] - println(symbol): null

2019-08-24 12:49:59 - [TEST_STEP][PASSED] - if (i == 2 &amp;&amp; wildList.indexOf(symbol) != -1): null

2019-08-24 12:49:59 - [TEST_STEP][PASSED] - if (i == 3 &amp;&amp; wildList.indexOf(symbol) != -1): null

2019-08-24 12:49:59 - [TEST_STEP][PASSED] - if (i == 4 &amp;&amp; wildList.indexOf(symbol) != -1): null

2019-08-24 12:49:59 - [TEST_STEP][PASSED] - free_spin_reel_counter = free_spin_reel_counter: null

2019-08-24 12:49:59 - [TEST_STEP][PASSED] - println("reel 3 wild found: " + free_spin_reel_counter[0]): null

2019-08-24 12:49:59 - [TEST_STEP][PASSED] - println("reel 4 wild found: " + free_spin_reel_counter[1]): null

2019-08-24 12:49:59 - [TEST_STEP][PASSED] - println("reel 5 wild found: " + free_spin_reel_counter[2]): null

2019-08-24 12:49:59 - [TEST_STEP][PASSED] - M4_spin_reels = M4_spin_reels: null

2019-08-24 12:49:59 - [TEST_STEP][PASSED] - M4_spin_reels_symbols = symbol: null

2019-08-24 12:49:59 - [TEST_STEP][PASSED] - M4_spin_reels_symbols = M4_spin_reels_symbols: null

2019-08-24 12:49:59 - [TEST_STEP][PASSED] - M4_spin_reel_wins = reel_wins: null

2019-08-24 12:49:59 - [TEST_STEP][PASSED] - M4_spin_reel_wins = M4_spin_reel_wins: null

2019-08-24 12:49:59 - [TEST_STEP][PASSED] - println("GlobalVariable.M4_spin_reel_wins is: " + M4_spin_reel_wins): null

2019-08-24 12:49:59 - [TEST_STEP][PASSED] - M4_spin_total_bonus_win_this_round = total_bonus_win_this_round: null

2019-08-24 12:50:04 - [TEST_STEP][PASSED] - M4_spin_total_bonus_win_this_round = M4_spin_total_bonus_win_this_round: null

2019-08-24 12:50:04 - [TEST_STEP][PASSED] - println("GlobalVariable.M4_spin_total_bonus_win_this_round is: " + M4_spin_total_bonus_win_this_round): null

2019-08-24 12:50:04 - [TEST_STEP][PASSED] - M4_spin_bonus_spin_result = spin_result: null

2019-08-24 12:50:04 - [TEST_STEP][PASSED] - M4_spin_bonus_spin_result = M4_spin_bonus_spin_result: null

2019-08-24 12:50:04 - [MESSAGE][PASSED] - Verify response successfully

2019-08-24 12:50:04 - [MESSAGE][PASSED] - Send request and verify the response successfully

2019-08-24 12:50:04 - [TEST_STEP][PASSED] - if (M4_total_bonus_spins_int != 0 &amp;&amp; M4_spin_reels_symbols[2].contains("WILD_Double") || M4_spin_reels_symbols[4].contains("WILD_Triple")): null

2019-08-24 12:50:04 - [TEST_STEP][PASSED] - free_spin_reel_counter = free_spin_reel_counter: null

2019-08-24 12:50:04 - [TEST_STEP][PASSED] - M4_spin_reels_symbols = M4_spin_reels_symbols: null

2019-08-24 12:50:06 - [TEST_STEP][PASSED] - M4_total_bonus_spins = M4_total_bonus_spins: null

2019-08-24 12:50:06 - [TEST_STEP][PASSED] - spin_result = sendRequestAndVerify(findTestObject("INT/RGS(M4)/1_M4_spin", ["M4_login_user_id":M4_login_user_id, "rgs_session_token":rgs_session_token, "partner":Partner])): Send request and verify the response successfully

2019-08-24 12:50:06 - [MESSAGE][INFO] - HAR: /Users/eiralee/Katalon_Script/SuperWild/Reports/20190824_124242/INT/superWild_4/20190824_124242/requests/main/134.har

2019-08-24 12:50:06 - [TEST_CASE][PASSED] - Start Test Case : Verification: Verification accomplished successfully

2019-08-24 12:50:06 - [TEST_STEP][PASSED] - request = getInstance().getCurrentRequest(): null

2019-08-24 12:50:06 - [TEST_STEP][PASSED] - response = getInstance().getCurrentResponse(): null

2019-08-24 12:50:06 - [TEST_STEP][PASSED] - verifyResponseStatusCode(response, 200): Verify response status code successfully

2019-08-24 12:50:06 - [MESSAGE][PASSED] - Verify response status code successfully

2019-08-24 12:50:06 - [TEST_STEP][PASSED] - getStatusCode()).isEqualTo(200): null

2019-08-24 12:50:06 - [TEST_STEP][PASSED] - newline = System.getProperty("line.separator"): null

2019-08-24 12:50:06 - [TEST_STEP][PASSED] - M4_spin = new groovy.json.JsonSlurper(): null

2019-08-24 12:50:06 - [TEST_STEP][PASSED] - result_M4_spin = M4_spin.parseText(response.getResponseBodyContent()): null

2019-08-24 12:50:06 - [TEST_STEP][PASSED] - M4_spin_current_balance = current_balance: null

2019-08-24 12:50:06 - [TEST_STEP][PASSED] - M4_spin_current_balance = M4_spin_current_balance: null

2019-08-24 12:50:06 - [TEST_STEP][PASSED] - M4_spin_transaction_id = causality: null

2019-08-24 12:50:06 - [TEST_STEP][PASSED] - M4_spin_transaction_id = M4_spin_transaction_id: null

2019-08-24 12:50:06 - [TEST_STEP][PASSED] - M4_spin_round_id = round_id: null

2019-08-24 12:50:06 - [TEST_STEP][PASSED] - M4_spin_round_id = M4_spin_round_id: null

2019-08-24 12:50:06 - [TEST_STEP][PASSED] - M4_spin_line_wins = line_wins: null

2019-08-24 12:50:06 - [TEST_STEP][PASSED] - M4_spin_line_wins = M4_spin_line_wins: null

2019-08-24 12:50:06 - [TEST_STEP][PASSED] - M4_total_bonus_spins_int = total_bonus_spins: null

2019-08-24 12:50:06 - [TEST_STEP][PASSED] - println("******M4_total_bonus_spins type is:*******" + newline + getClass().getName()): null

2019-08-24 12:50:06 - [TEST_STEP][PASSED] - M4_total_bonus_spins_int = M4_total_bonus_spins_int: null

2019-08-24 12:50:06 - [TEST_STEP][PASSED] - M4_total_bonus_spins = Integer.toString(M4_total_bonus_spins_int): null

2019-08-24 12:50:06 - [TEST_STEP][PASSED] - M4_total_bonus_spins = M4_total_bonus_spins: null

2019-08-24 12:50:06 - [TEST_STEP][PASSED] - println("M4_total_bonus_spins is:" + M4_total_bonus_spins): null

2019-08-24 12:50:06 - [TEST_STEP][PASSED] - M4_spin_bonus_data = bonus_data: null

2019-08-24 12:50:06 - [TEST_STEP][PASSED] - M4_spin_features_triggered = result_M4_spin: null

2019-08-24 12:50:06 - [TEST_STEP][PASSED] - wild = []: null

2019-08-24 12:50:06 - [TEST_STEP][PASSED] - wild[0] = "WILD_Expanding": null

2019-08-24 12:50:06 - [TEST_STEP][PASSED] - wild[1] = "WILD_Normal": null

2019-08-24 12:50:06 - [TEST_STEP][PASSED] - wild[2] = "WILD_Double": null

2019-08-24 12:50:06 - [TEST_STEP][PASSED] - wild[3] = "WILD_ExtraFG": null

2019-08-24 12:50:06 - [TEST_STEP][PASSED] - wild[4] = "WILD_Triple": null

2019-08-24 12:50:06 - [TEST_STEP][PASSED] - wildList = Arrays.asList(wild): null

2019-08-24 12:50:06 - [TEST_STEP][PASSED] - wildList = wildList: null

2019-08-24 12:50:06 - [TEST_STEP][PASSED] - free_spin_reel_counter = []: null

2019-08-24 12:50:06 - [TEST_STEP][PASSED] - free_spin_reel_counter[0] = 0: null

2019-08-24 12:50:06 - [TEST_STEP][PASSED] - free_spin_reel_counter[1] = 0: null

2019-08-24 12:50:06 - [TEST_STEP][PASSED] - free_spin_reel_counter[2] = 0: null

2019-08-24 12:50:06 - [TEST_STEP][PASSED] - M4_spin_reels = reels: null

2019-08-24 12:50:06 - [TEST_STEP][PASSED] - for ([i = 0, i &lt; M4_spin_reels.size(), (i++)]): null

2019-08-24 12:50:06 - [TEST_STEP][PASSED] - symbols = symbols: null

2019-08-24 12:50:06 - [TEST_STEP][PASSED] - for ([j = 0, j &lt; symbols.size(), (j++)]): null

2019-08-24 12:50:06 - [TEST_STEP][PASSED] - symbol = symbol: null

2019-08-24 12:50:06 - [TEST_STEP][PASSED] - println(symbol): null

2019-08-24 12:50:06 - [TEST_STEP][PASSED] - if (i == 2 &amp;&amp; wildList.indexOf(symbol) != -1): null

2019-08-24 12:50:06 - [TEST_STEP][PASSED] - if (i == 3 &amp;&amp; wildList.indexOf(symbol) != -1): null

2019-08-24 12:50:06 - [TEST_STEP][PASSED] - if (i == 4 &amp;&amp; wildList.indexOf(symbol) != -1): null

2019-08-24 12:50:06 - [TEST_STEP][PASSED] - symbol = symbol: null

2019-08-24 12:50:06 - [TEST_STEP][PASSED] - println(symbol): null

2019-08-24 12:50:06 - [TEST_STEP][PASSED] - if (i == 2 &amp;&amp; wildList.indexOf(symbol) != -1): null

2019-08-24 12:50:06 - [TEST_STEP][PASSED] - if (i == 3 &amp;&amp; wildList.indexOf(symbol) != -1): null

2019-08-24 12:50:06 - [TEST_STEP][PASSED] - if (i == 4 &amp;&amp; wildList.indexOf(symbol) != -1): null

2019-08-24 12:50:06 - [TEST_STEP][PASSED] - symbol = symbol: null

2019-08-24 12:50:06 - [TEST_STEP][PASSED] - println(symbol): null

2019-08-24 12:50:06 - [TEST_STEP][PASSED] - if (i == 2 &amp;&amp; wildList.indexOf(symbol) != -1): null

2019-08-24 12:50:06 - [TEST_STEP][PASSED] - if (i == 3 &amp;&amp; wildList.indexOf(symbol) != -1): null

2019-08-24 12:50:06 - [TEST_STEP][PASSED] - if (i == 4 &amp;&amp; wildList.indexOf(symbol) != -1): null

2019-08-24 12:50:06 - [TEST_STEP][PASSED] - symbols = symbols: null

2019-08-24 12:50:06 - [TEST_STEP][PASSED] - for ([j = 0, j &lt; symbols.size(), (j++)]): null

2019-08-24 12:50:06 - [TEST_STEP][PASSED] - symbol = symbol: null

2019-08-24 12:50:06 - [TEST_STEP][PASSED] - println(symbol): null

2019-08-24 12:50:06 - [TEST_STEP][PASSED] - if (i == 2 &amp;&amp; wildList.indexOf(symbol) != -1): null

2019-08-24 12:50:06 - [TEST_STEP][PASSED] - if (i == 3 &amp;&amp; wildList.indexOf(symbol) != -1): null

2019-08-24 12:50:06 - [TEST_STEP][PASSED] - if (i == 4 &amp;&amp; wildList.indexOf(symbol) != -1): null

2019-08-24 12:50:06 - [TEST_STEP][PASSED] - symbol = symbol: null

2019-08-24 12:50:06 - [TEST_STEP][PASSED] - println(symbol): null

2019-08-24 12:50:06 - [TEST_STEP][PASSED] - if (i == 2 &amp;&amp; wildList.indexOf(symbol) != -1): null

2019-08-24 12:50:06 - [TEST_STEP][PASSED] - if (i == 3 &amp;&amp; wildList.indexOf(symbol) != -1): null

2019-08-24 12:50:06 - [TEST_STEP][PASSED] - if (i == 4 &amp;&amp; wildList.indexOf(symbol) != -1): null

2019-08-24 12:50:06 - [TEST_STEP][PASSED] - symbol = symbol: null

2019-08-24 12:50:06 - [TEST_STEP][PASSED] - println(symbol): null

2019-08-24 12:50:06 - [TEST_STEP][PASSED] - if (i == 2 &amp;&amp; wildList.indexOf(symbol) != -1): null

2019-08-24 12:50:06 - [TEST_STEP][PASSED] - if (i == 3 &amp;&amp; wildList.indexOf(symbol) != -1): null

2019-08-24 12:50:06 - [TEST_STEP][PASSED] - if (i == 4 &amp;&amp; wildList.indexOf(symbol) != -1): null

2019-08-24 12:50:06 - [TEST_STEP][PASSED] - symbols = symbols: null

2019-08-24 12:50:06 - [TEST_STEP][PASSED] - for ([j = 0, j &lt; symbols.size(), (j++)]): null

2019-08-24 12:50:06 - [TEST_STEP][PASSED] - symbol = symbol: null

2019-08-24 12:50:06 - [TEST_STEP][PASSED] - println(symbol): null

2019-08-24 12:50:06 - [TEST_STEP][PASSED] - if (i == 2 &amp;&amp; wildList.indexOf(symbol) != -1): null

2019-08-24 12:50:06 - [TEST_STEP][PASSED] - if (i == 3 &amp;&amp; wildList.indexOf(symbol) != -1): null

2019-08-24 12:50:06 - [TEST_STEP][PASSED] - if (i == 4 &amp;&amp; wildList.indexOf(symbol) != -1): null

2019-08-24 12:50:06 - [TEST_STEP][PASSED] - symbol = symbol: null

2019-08-24 12:50:06 - [TEST_STEP][PASSED] - println(symbol): null

2019-08-24 12:50:06 - [TEST_STEP][PASSED] - if (i == 2 &amp;&amp; wildList.indexOf(symbol) != -1): null

2019-08-24 12:50:06 - [TEST_STEP][PASSED] - println("wild found on reel 3, adding counter by 1"): null

2019-08-24 12:50:06 - [TEST_STEP][PASSED] - free_spin_reel_counter[0] = free_spin_reel_counter[0] + 1: null

2019-08-24 12:50:06 - [TEST_STEP][PASSED] - if (i == 3 &amp;&amp; wildList.indexOf(symbol) != -1): null

2019-08-24 12:50:06 - [TEST_STEP][PASSED] - if (i == 4 &amp;&amp; wildList.indexOf(symbol) != -1): null

2019-08-24 12:50:06 - [TEST_STEP][PASSED] - symbol = symbol: null

2019-08-24 12:50:06 - [TEST_STEP][PASSED] - println(symbol): null

2019-08-24 12:50:06 - [TEST_STEP][PASSED] - if (i == 2 &amp;&amp; wildList.indexOf(symbol) != -1): null

2019-08-24 12:50:06 - [TEST_STEP][PASSED] - if (i == 3 &amp;&amp; wildList.indexOf(symbol) != -1): null

2019-08-24 12:50:06 - [TEST_STEP][PASSED] - if (i == 4 &amp;&amp; wildList.indexOf(symbol) != -1): null

2019-08-24 12:50:06 - [TEST_STEP][PASSED] - symbols = symbols: null

2019-08-24 12:50:06 - [TEST_STEP][PASSED] - for ([j = 0, j &lt; symbols.size(), (j++)]): null

2019-08-24 12:50:06 - [TEST_STEP][PASSED] - symbol = symbol: null

2019-08-24 12:50:06 - [TEST_STEP][PASSED] - println(symbol): null

2019-08-24 12:50:06 - [TEST_STEP][PASSED] - if (i == 2 &amp;&amp; wildList.indexOf(symbol) != -1): null

2019-08-24 12:50:06 - [TEST_STEP][PASSED] - if (i == 3 &amp;&amp; wildList.indexOf(symbol) != -1): null

2019-08-24 12:50:06 - [TEST_STEP][PASSED] - if (i == 4 &amp;&amp; wildList.indexOf(symbol) != -1): null

2019-08-24 12:50:06 - [TEST_STEP][PASSED] - symbol = symbol: null

2019-08-24 12:50:06 - [TEST_STEP][PASSED] - println(symbol): null

2019-08-24 12:50:06 - [TEST_STEP][PASSED] - if (i == 2 &amp;&amp; wildList.indexOf(symbol) != -1): null

2019-08-24 12:50:06 - [TEST_STEP][PASSED] - if (i == 3 &amp;&amp; wildList.indexOf(symbol) != -1): null

2019-08-24 12:50:06 - [TEST_STEP][PASSED] - if (i == 4 &amp;&amp; wildList.indexOf(symbol) != -1): null

2019-08-24 12:50:06 - [TEST_STEP][PASSED] - symbol = symbol: null

2019-08-24 12:50:06 - [TEST_STEP][PASSED] - println(symbol): null

2019-08-24 12:50:06 - [TEST_STEP][PASSED] - if (i == 2 &amp;&amp; wildList.indexOf(symbol) != -1): null

2019-08-24 12:50:06 - [TEST_STEP][PASSED] - if (i == 3 &amp;&amp; wildList.indexOf(symbol) != -1): null

2019-08-24 12:50:06 - [TEST_STEP][PASSED] - if (i == 4 &amp;&amp; wildList.indexOf(symbol) != -1): null

2019-08-24 12:50:06 - [TEST_STEP][PASSED] - symbols = symbols: null

2019-08-24 12:50:06 - [TEST_STEP][PASSED] - for ([j = 0, j &lt; symbols.size(), (j++)]): null

2019-08-24 12:50:06 - [TEST_STEP][PASSED] - symbol = symbol: null

2019-08-24 12:50:06 - [TEST_STEP][PASSED] - println(symbol): null

2019-08-24 12:50:06 - [TEST_STEP][PASSED] - if (i == 2 &amp;&amp; wildList.indexOf(symbol) != -1): null

2019-08-24 12:50:06 - [TEST_STEP][PASSED] - if (i == 3 &amp;&amp; wildList.indexOf(symbol) != -1): null

2019-08-24 12:50:06 - [TEST_STEP][PASSED] - if (i == 4 &amp;&amp; wildList.indexOf(symbol) != -1): null

2019-08-24 12:50:06 - [TEST_STEP][PASSED] - symbol = symbol: null

2019-08-24 12:50:06 - [TEST_STEP][PASSED] - println(symbol): null

2019-08-24 12:50:06 - [TEST_STEP][PASSED] - if (i == 2 &amp;&amp; wildList.indexOf(symbol) != -1): null

2019-08-24 12:50:06 - [TEST_STEP][PASSED] - if (i == 3 &amp;&amp; wildList.indexOf(symbol) != -1): null

2019-08-24 12:50:06 - [TEST_STEP][PASSED] - if (i == 4 &amp;&amp; wildList.indexOf(symbol) != -1): null

2019-08-24 12:50:06 - [TEST_STEP][PASSED] - symbol = symbol: null

2019-08-24 12:50:06 - [TEST_STEP][PASSED] - println(symbol): null

2019-08-24 12:50:06 - [TEST_STEP][PASSED] - if (i == 2 &amp;&amp; wildList.indexOf(symbol) != -1): null

2019-08-24 12:50:06 - [TEST_STEP][PASSED] - if (i == 3 &amp;&amp; wildList.indexOf(symbol) != -1): null

2019-08-24 12:50:06 - [TEST_STEP][PASSED] - if (i == 4 &amp;&amp; wildList.indexOf(symbol) != -1): null

2019-08-24 12:50:06 - [TEST_STEP][PASSED] - free_spin_reel_counter = free_spin_reel_counter: null

2019-08-24 12:50:06 - [TEST_STEP][PASSED] - println("reel 3 wild found: " + free_spin_reel_counter[0]): null

2019-08-24 12:50:06 - [TEST_STEP][PASSED] - println("reel 4 wild found: " + free_spin_reel_counter[1]): null

2019-08-24 12:50:06 - [TEST_STEP][PASSED] - println("reel 5 wild found: " + free_spin_reel_counter[2]): null

2019-08-24 12:50:06 - [TEST_STEP][PASSED] - M4_spin_reels = M4_spin_reels: null

2019-08-24 12:50:06 - [TEST_STEP][PASSED] - M4_spin_reels_symbols = symbol: null

2019-08-24 12:50:06 - [TEST_STEP][PASSED] - M4_spin_reels_symbols = M4_spin_reels_symbols: null

2019-08-24 12:50:06 - [TEST_STEP][PASSED] - M4_spin_reel_wins = reel_wins: null

2019-08-24 12:50:06 - [TEST_STEP][PASSED] - M4_spin_reel_wins = M4_spin_reel_wins: null

2019-08-24 12:50:06 - [TEST_STEP][PASSED] - println("GlobalVariable.M4_spin_reel_wins is: " + M4_spin_reel_wins): null

2019-08-24 12:50:06 - [TEST_STEP][PASSED] - M4_spin_total_bonus_win_this_round = total_bonus_win_this_round: null

2019-08-24 12:50:06 - [TEST_STEP][PASSED] - M4_spin_total_bonus_win_this_round = M4_spin_total_bonus_win_this_round: null

2019-08-24 12:50:06 - [TEST_STEP][PASSED] - println("GlobalVariable.M4_spin_total_bonus_win_this_round is: " + M4_spin_total_bonus_win_this_round): null

2019-08-24 12:50:06 - [TEST_STEP][PASSED] - M4_spin_bonus_spin_result = spin_result: null

2019-08-24 12:50:06 - [TEST_STEP][PASSED] - M4_spin_bonus_spin_result = M4_spin_bonus_spin_result: null

2019-08-24 12:50:06 - [MESSAGE][PASSED] - Verify response successfully

2019-08-24 12:50:06 - [MESSAGE][PASSED] - Send request and verify the response successfully

2019-08-24 12:50:06 - [TEST_STEP][PASSED] - if (M4_total_bonus_spins_int != 0 &amp;&amp; M4_spin_reels_symbols[2].contains("WILD_Double") || M4_spin_reels_symbols[4].contains("WILD_Triple")): null

2019-08-24 12:50:06 - [TEST_STEP][PASSED] - free_spin_reel_counter = free_spin_reel_counter: null

2019-08-24 12:50:06 - [TEST_STEP][PASSED] - M4_spin_reels_symbols = M4_spin_reels_symbols: null

2019-08-24 12:50:06 - [TEST_STEP][PASSED] - M4_total_bonus_spins = M4_total_bonus_spins: null

2019-08-24 12:50:06 - [TEST_STEP][PASSED] - spin_result = sendRequestAndVerify(findTestObject("INT/RGS(M4)/1_M4_spin", ["M4_login_user_id":M4_login_user_id, "rgs_session_token":rgs_session_token, "partner":Partner])): Send request and verify the response successfully

2019-08-24 12:50:07 - [MESSAGE][INFO] - HAR: /Users/eiralee/Katalon_Script/SuperWild/Reports/20190824_124242/INT/superWild_4/20190824_124242/requests/main/135.har

2019-08-24 12:50:07 - [TEST_CASE][PASSED] - Start Test Case : Verification: Verification accomplished successfully

2019-08-24 12:50:07 - [TEST_STEP][PASSED] - request = getInstance().getCurrentRequest(): null

2019-08-24 12:50:07 - [TEST_STEP][PASSED] - response = getInstance().getCurrentResponse(): null

2019-08-24 12:50:07 - [TEST_STEP][PASSED] - verifyResponseStatusCode(response, 200): Verify response status code successfully

2019-08-24 12:50:07 - [MESSAGE][PASSED] - Verify response status code successfully

2019-08-24 12:50:07 - [TEST_STEP][PASSED] - getStatusCode()).isEqualTo(200): null

2019-08-24 12:50:07 - [TEST_STEP][PASSED] - newline = System.getProperty("line.separator"): null

2019-08-24 12:50:07 - [TEST_STEP][PASSED] - M4_spin = new groovy.json.JsonSlurper(): null

2019-08-24 12:50:07 - [TEST_STEP][PASSED] - result_M4_spin = M4_spin.parseText(response.getResponseBodyContent()): null

2019-08-24 12:50:07 - [TEST_STEP][PASSED] - M4_spin_current_balance = current_balance: null

2019-08-24 12:50:07 - [TEST_STEP][PASSED] - M4_spin_current_balance = M4_spin_current_balance: null

2019-08-24 12:50:07 - [TEST_STEP][PASSED] - M4_spin_transaction_id = causality: null

2019-08-24 12:50:07 - [TEST_STEP][PASSED] - M4_spin_transaction_id = M4_spin_transaction_id: null

2019-08-24 12:50:07 - [TEST_STEP][PASSED] - M4_spin_round_id = round_id: null

2019-08-24 12:50:07 - [TEST_STEP][PASSED] - M4_spin_round_id = M4_spin_round_id: null

2019-08-24 12:50:07 - [TEST_STEP][PASSED] - M4_spin_line_wins = line_wins: null

2019-08-24 12:50:07 - [TEST_STEP][PASSED] - M4_spin_line_wins = M4_spin_line_wins: null

2019-08-24 12:50:07 - [TEST_STEP][PASSED] - M4_total_bonus_spins_int = total_bonus_spins: null

2019-08-24 12:50:07 - [TEST_STEP][PASSED] - println("******M4_total_bonus_spins type is:*******" + newline + getClass().getName()): null

2019-08-24 12:50:07 - [TEST_STEP][PASSED] - M4_total_bonus_spins_int = M4_total_bonus_spins_int: null

2019-08-24 12:50:07 - [TEST_STEP][PASSED] - M4_total_bonus_spins = Integer.toString(M4_total_bonus_spins_int): null

2019-08-24 12:50:07 - [TEST_STEP][PASSED] - M4_total_bonus_spins = M4_total_bonus_spins: null

2019-08-24 12:50:07 - [TEST_STEP][PASSED] - println("M4_total_bonus_spins is:" + M4_total_bonus_spins): null

2019-08-24 12:50:07 - [TEST_STEP][PASSED] - M4_spin_bonus_data = bonus_data: null

2019-08-24 12:50:07 - [TEST_STEP][PASSED] - M4_spin_features_triggered = result_M4_spin: null

2019-08-24 12:50:07 - [TEST_STEP][PASSED] - wild = []: null

2019-08-24 12:50:07 - [TEST_STEP][PASSED] - wild[0] = "WILD_Expanding": null

2019-08-24 12:50:07 - [TEST_STEP][PASSED] - wild[1] = "WILD_Normal": null

2019-08-24 12:50:07 - [TEST_STEP][PASSED] - wild[2] = "WILD_Double": null

2019-08-24 12:50:07 - [TEST_STEP][PASSED] - wild[3] = "WILD_ExtraFG": null

2019-08-24 12:50:07 - [TEST_STEP][PASSED] - wild[4] = "WILD_Triple": null

2019-08-24 12:50:07 - [TEST_STEP][PASSED] - wildList = Arrays.asList(wild): null

2019-08-24 12:50:07 - [TEST_STEP][PASSED] - wildList = wildList: null

2019-08-24 12:50:07 - [TEST_STEP][PASSED] - free_spin_reel_counter = []: null

2019-08-24 12:50:07 - [TEST_STEP][PASSED] - free_spin_reel_counter[0] = 0: null

2019-08-24 12:50:07 - [TEST_STEP][PASSED] - free_spin_reel_counter[1] = 0: null

2019-08-24 12:50:07 - [TEST_STEP][PASSED] - free_spin_reel_counter[2] = 0: null

2019-08-24 12:50:07 - [TEST_STEP][PASSED] - M4_spin_reels = reels: null

2019-08-24 12:50:07 - [TEST_STEP][PASSED] - for ([i = 0, i &lt; M4_spin_reels.size(), (i++)]): null

2019-08-24 12:50:07 - [TEST_STEP][PASSED] - symbols = symbols: null

2019-08-24 12:50:07 - [TEST_STEP][PASSED] - for ([j = 0, j &lt; symbols.size(), (j++)]): null

2019-08-24 12:50:07 - [TEST_STEP][PASSED] - symbol = symbol: null

2019-08-24 12:50:07 - [TEST_STEP][PASSED] - println(symbol): null

2019-08-24 12:50:07 - [TEST_STEP][PASSED] - if (i == 2 &amp;&amp; wildList.indexOf(symbol) != -1): null

2019-08-24 12:50:07 - [TEST_STEP][PASSED] - if (i == 3 &amp;&amp; wildList.indexOf(symbol) != -1): null

2019-08-24 12:50:07 - [TEST_STEP][PASSED] - if (i == 4 &amp;&amp; wildList.indexOf(symbol) != -1): null

2019-08-24 12:50:07 - [TEST_STEP][PASSED] - symbol = symbol: null

2019-08-24 12:50:07 - [TEST_STEP][PASSED] - println(symbol): null

2019-08-24 12:50:07 - [TEST_STEP][PASSED] - if (i == 2 &amp;&amp; wildList.indexOf(symbol) != -1): null

2019-08-24 12:50:07 - [TEST_STEP][PASSED] - if (i == 3 &amp;&amp; wildList.indexOf(symbol) != -1): null

2019-08-24 12:50:07 - [TEST_STEP][PASSED] - if (i == 4 &amp;&amp; wildList.indexOf(symbol) != -1): null

2019-08-24 12:50:07 - [TEST_STEP][PASSED] - symbol = symbol: null

2019-08-24 12:50:07 - [TEST_STEP][PASSED] - println(symbol): null

2019-08-24 12:50:07 - [TEST_STEP][PASSED] - if (i == 2 &amp;&amp; wildList.indexOf(symbol) != -1): null

2019-08-24 12:50:07 - [TEST_STEP][PASSED] - if (i == 3 &amp;&amp; wildList.indexOf(symbol) != -1): null

2019-08-24 12:50:07 - [TEST_STEP][PASSED] - if (i == 4 &amp;&amp; wildList.indexOf(symbol) != -1): null

2019-08-24 12:50:07 - [TEST_STEP][PASSED] - symbols = symbols: null

2019-08-24 12:50:07 - [TEST_STEP][PASSED] - for ([j = 0, j &lt; symbols.size(), (j++)]): null

2019-08-24 12:50:07 - [TEST_STEP][PASSED] - symbol = symbol: null

2019-08-24 12:50:07 - [TEST_STEP][PASSED] - println(symbol): null

2019-08-24 12:50:07 - [TEST_STEP][PASSED] - if (i == 2 &amp;&amp; wildList.indexOf(symbol) != -1): null

2019-08-24 12:50:07 - [TEST_STEP][PASSED] - if (i == 3 &amp;&amp; wildList.indexOf(symbol) != -1): null

2019-08-24 12:50:07 - [TEST_STEP][PASSED] - if (i == 4 &amp;&amp; wildList.indexOf(symbol) != -1): null

2019-08-24 12:50:07 - [TEST_STEP][PASSED] - symbol = symbol: null

2019-08-24 12:50:07 - [TEST_STEP][PASSED] - println(symbol): null

2019-08-24 12:50:07 - [TEST_STEP][PASSED] - if (i == 2 &amp;&amp; wildList.indexOf(symbol) != -1): null

2019-08-24 12:50:07 - [TEST_STEP][PASSED] - if (i == 3 &amp;&amp; wildList.indexOf(symbol) != -1): null

2019-08-24 12:50:07 - [TEST_STEP][PASSED] - if (i == 4 &amp;&amp; wildList.indexOf(symbol) != -1): null

2019-08-24 12:50:07 - [TEST_STEP][PASSED] - symbol = symbol: null

2019-08-24 12:50:07 - [TEST_STEP][PASSED] - println(symbol): null

2019-08-24 12:50:07 - [TEST_STEP][PASSED] - if (i == 2 &amp;&amp; wildList.indexOf(symbol) != -1): null

2019-08-24 12:50:07 - [TEST_STEP][PASSED] - if (i == 3 &amp;&amp; wildList.indexOf(symbol) != -1): null

2019-08-24 12:50:07 - [TEST_STEP][PASSED] - if (i == 4 &amp;&amp; wildList.indexOf(symbol) != -1): null

2019-08-24 12:50:07 - [TEST_STEP][PASSED] - symbols = symbols: null

2019-08-24 12:50:07 - [TEST_STEP][PASSED] - for ([j = 0, j &lt; symbols.size(), (j++)]): null

2019-08-24 12:50:07 - [TEST_STEP][PASSED] - symbol = symbol: null

2019-08-24 12:50:07 - [TEST_STEP][PASSED] - println(symbol): null

2019-08-24 12:50:07 - [TEST_STEP][PASSED] - if (i == 2 &amp;&amp; wildList.indexOf(symbol) != -1): null

2019-08-24 12:50:07 - [TEST_STEP][PASSED] - if (i == 3 &amp;&amp; wildList.indexOf(symbol) != -1): null

2019-08-24 12:50:07 - [TEST_STEP][PASSED] - if (i == 4 &amp;&amp; wildList.indexOf(symbol) != -1): null

2019-08-24 12:50:07 - [TEST_STEP][PASSED] - symbol = symbol: null

2019-08-24 12:50:07 - [TEST_STEP][PASSED] - println(symbol): null

2019-08-24 12:50:07 - [TEST_STEP][PASSED] - if (i == 2 &amp;&amp; wildList.indexOf(symbol) != -1): null

2019-08-24 12:50:07 - [TEST_STEP][PASSED] - if (i == 3 &amp;&amp; wildList.indexOf(symbol) != -1): null

2019-08-24 12:50:07 - [TEST_STEP][PASSED] - if (i == 4 &amp;&amp; wildList.indexOf(symbol) != -1): null

2019-08-24 12:50:07 - [TEST_STEP][PASSED] - symbol = symbol: null

2019-08-24 12:50:07 - [TEST_STEP][PASSED] - println(symbol): null

2019-08-24 12:50:07 - [TEST_STEP][PASSED] - if (i == 2 &amp;&amp; wildList.indexOf(symbol) != -1): null

2019-08-24 12:50:07 - [TEST_STEP][PASSED] - if (i == 3 &amp;&amp; wildList.indexOf(symbol) != -1): null

2019-08-24 12:50:07 - [TEST_STEP][PASSED] - if (i == 4 &amp;&amp; wildList.indexOf(symbol) != -1): null

2019-08-24 12:50:07 - [TEST_STEP][PASSED] - symbols = symbols: null

2019-08-24 12:50:07 - [TEST_STEP][PASSED] - for ([j = 0, j &lt; symbols.size(), (j++)]): null

2019-08-24 12:50:07 - [TEST_STEP][PASSED] - symbol = symbol: null

2019-08-24 12:50:07 - [TEST_STEP][PASSED] - println(symbol): null

2019-08-24 12:50:07 - [TEST_STEP][PASSED] - if (i == 2 &amp;&amp; wildList.indexOf(symbol) != -1): null

2019-08-24 12:50:07 - [TEST_STEP][PASSED] - if (i == 3 &amp;&amp; wildList.indexOf(symbol) != -1): null

2019-08-24 12:50:07 - [TEST_STEP][PASSED] - if (i == 4 &amp;&amp; wildList.indexOf(symbol) != -1): null

2019-08-24 12:50:07 - [TEST_STEP][PASSED] - symbol = symbol: null

2019-08-24 12:50:07 - [TEST_STEP][PASSED] - println(symbol): null

2019-08-24 12:50:07 - [TEST_STEP][PASSED] - if (i == 2 &amp;&amp; wildList.indexOf(symbol) != -1): null

2019-08-24 12:50:07 - [TEST_STEP][PASSED] - if (i == 3 &amp;&amp; wildList.indexOf(symbol) != -1): null

2019-08-24 12:50:07 - [TEST_STEP][PASSED] - if (i == 4 &amp;&amp; wildList.indexOf(symbol) != -1): null

2019-08-24 12:50:07 - [TEST_STEP][PASSED] - symbol = symbol: null

2019-08-24 12:50:07 - [TEST_STEP][PASSED] - println(symbol): null

2019-08-24 12:50:07 - [TEST_STEP][PASSED] - if (i == 2 &amp;&amp; wildList.indexOf(symbol) != -1): null

2019-08-24 12:50:07 - [TEST_STEP][PASSED] - if (i == 3 &amp;&amp; wildList.indexOf(symbol) != -1): null

2019-08-24 12:50:07 - [TEST_STEP][PASSED] - if (i == 4 &amp;&amp; wildList.indexOf(symbol) != -1): null

2019-08-24 12:50:07 - [TEST_STEP][PASSED] - symbols = symbols: null

2019-08-24 12:50:07 - [TEST_STEP][PASSED] - for ([j = 0, j &lt; symbols.size(), (j++)]): null

2019-08-24 12:50:07 - [TEST_STEP][PASSED] - symbol = symbol: null

2019-08-24 12:50:07 - [TEST_STEP][PASSED] - println(symbol): null

2019-08-24 12:50:07 - [TEST_STEP][PASSED] - if (i == 2 &amp;&amp; wildList.indexOf(symbol) != -1): null

2019-08-24 12:50:07 - [TEST_STEP][PASSED] - if (i == 3 &amp;&amp; wildList.indexOf(symbol) != -1): null

2019-08-24 12:50:07 - [TEST_STEP][PASSED] - if (i == 4 &amp;&amp; wildList.indexOf(symbol) != -1): null

2019-08-24 12:50:07 - [TEST_STEP][PASSED] - println("wild found on reel 5, adding counter by 1"): null

2019-08-24 12:50:07 - [TEST_STEP][PASSED] - free_spin_reel_counter[2] = free_spin_reel_counter[2] + 1: null

2019-08-24 12:50:07 - [TEST_STEP][PASSED] - symbol = symbol: null

2019-08-24 12:50:07 - [TEST_STEP][PASSED] - println(symbol): null

2019-08-24 12:50:07 - [TEST_STEP][PASSED] - if (i == 2 &amp;&amp; wildList.indexOf(symbol) != -1): null

2019-08-24 12:50:07 - [TEST_STEP][PASSED] - if (i == 3 &amp;&amp; wildList.indexOf(symbol) != -1): null

2019-08-24 12:50:07 - [TEST_STEP][PASSED] - if (i == 4 &amp;&amp; wildList.indexOf(symbol) != -1): null

2019-08-24 12:50:07 - [TEST_STEP][PASSED] - symbol = symbol: null

2019-08-24 12:50:07 - [TEST_STEP][PASSED] - println(symbol): null

2019-08-24 12:50:07 - [TEST_STEP][PASSED] - if (i == 2 &amp;&amp; wildList.indexOf(symbol) != -1): null

2019-08-24 12:50:07 - [TEST_STEP][PASSED] - if (i == 3 &amp;&amp; wildList.indexOf(symbol) != -1): null

2019-08-24 12:50:07 - [TEST_STEP][PASSED] - if (i == 4 &amp;&amp; wildList.indexOf(symbol) != -1): null

2019-08-24 12:50:07 - [TEST_STEP][PASSED] - free_spin_reel_counter = free_spin_reel_counter: null

2019-08-24 12:50:07 - [TEST_STEP][PASSED] - println("reel 3 wild found: " + free_spin_reel_counter[0]): null

2019-08-24 12:50:07 - [TEST_STEP][PASSED] - println("reel 4 wild found: " + free_spin_reel_counter[1]): null

2019-08-24 12:50:07 - [TEST_STEP][PASSED] - println("reel 5 wild found: " + free_spin_reel_counter[2]): null

2019-08-24 12:50:07 - [TEST_STEP][PASSED] - M4_spin_reels = M4_spin_reels: null

2019-08-24 12:50:07 - [TEST_STEP][PASSED] - M4_spin_reels_symbols = symbol: null

2019-08-24 12:50:07 - [TEST_STEP][PASSED] - M4_spin_reels_symbols = M4_spin_reels_symbols: null

2019-08-24 12:50:07 - [TEST_STEP][PASSED] - M4_spin_reel_wins = reel_wins: null

2019-08-24 12:50:07 - [TEST_STEP][PASSED] - M4_spin_reel_wins = M4_spin_reel_wins: null

2019-08-24 12:50:07 - [TEST_STEP][PASSED] - println("GlobalVariable.M4_spin_reel_wins is: " + M4_spin_reel_wins): null

2019-08-24 12:50:07 - [TEST_STEP][PASSED] - M4_spin_total_bonus_win_this_round = total_bonus_win_this_round: null

2019-08-24 12:50:07 - [TEST_STEP][PASSED] - M4_spin_total_bonus_win_this_round = M4_spin_total_bonus_win_this_round: null

2019-08-24 12:50:07 - [TEST_STEP][PASSED] - println("GlobalVariable.M4_spin_total_bonus_win_this_round is: " + M4_spin_total_bonus_win_this_round): null

2019-08-24 12:50:07 - [TEST_STEP][PASSED] - M4_spin_bonus_spin_result = spin_result: null

2019-08-24 12:50:07 - [TEST_STEP][PASSED] - M4_spin_bonus_spin_result = M4_spin_bonus_spin_result: null

2019-08-24 12:50:07 - [MESSAGE][PASSED] - Verify response successfully

2019-08-24 12:50:07 - [MESSAGE][PASSED] - Send request and verify the response successfully

2019-08-24 12:50:07 - [TEST_STEP][PASSED] - if (M4_total_bonus_spins_int != 0 &amp;&amp; M4_spin_reels_symbols[2].contains("WILD_Double") || M4_spin_reels_symbols[4].contains("WILD_Triple")): null

2019-08-24 12:50:07 - [TEST_STEP][PASSED] - free_spin_reel_counter = free_spin_reel_counter: null

2019-08-24 12:50:07 - [TEST_STEP][PASSED] - M4_spin_reels_symbols = M4_spin_reels_symbols: null

2019-08-24 12:50:07 - [TEST_STEP][PASSED] - M4_total_bonus_spins = M4_total_bonus_spins: null

2019-08-24 12:50:07 - [TEST_STEP][PASSED] - spin_result = sendRequestAndVerify(findTestObject("INT/RGS(M4)/1_M4_spin", ["M4_login_user_id":M4_login_user_id, "rgs_session_token":rgs_session_token, "partner":Partner])): Send request and verify the response successfully

2019-08-24 12:50:07 - [MESSAGE][INFO] - HAR: /Users/eiralee/Katalon_Script/SuperWild/Reports/20190824_124242/INT/superWild_4/20190824_124242/requests/main/136.har

2019-08-24 12:50:07 - [TEST_CASE][PASSED] - Start Test Case : Verification: Verification accomplished successfully

2019-08-24 12:50:07 - [TEST_STEP][PASSED] - request = getInstance().getCurrentRequest(): null

2019-08-24 12:50:07 - [TEST_STEP][PASSED] - response = getInstance().getCurrentResponse(): null

2019-08-24 12:50:07 - [TEST_STEP][PASSED] - verifyResponseStatusCode(response, 200): Verify response status code successfully

2019-08-24 12:50:07 - [MESSAGE][PASSED] - Verify response status code successfully

2019-08-24 12:50:07 - [TEST_STEP][PASSED] - getStatusCode()).isEqualTo(200): null

2019-08-24 12:50:07 - [TEST_STEP][PASSED] - newline = System.getProperty("line.separator"): null

2019-08-24 12:50:07 - [TEST_STEP][PASSED] - M4_spin = new groovy.json.JsonSlurper(): null

2019-08-24 12:50:07 - [TEST_STEP][PASSED] - result_M4_spin = M4_spin.parseText(response.getResponseBodyContent()): null

2019-08-24 12:50:07 - [TEST_STEP][PASSED] - M4_spin_current_balance = current_balance: null

2019-08-24 12:50:07 - [TEST_STEP][PASSED] - M4_spin_current_balance = M4_spin_current_balance: null

2019-08-24 12:50:07 - [TEST_STEP][PASSED] - M4_spin_transaction_id = causality: null

2019-08-24 12:50:07 - [TEST_STEP][PASSED] - M4_spin_transaction_id = M4_spin_transaction_id: null

2019-08-24 12:50:07 - [TEST_STEP][PASSED] - M4_spin_round_id = round_id: null

2019-08-24 12:50:07 - [TEST_STEP][PASSED] - M4_spin_round_id = M4_spin_round_id: null

2019-08-24 12:50:07 - [TEST_STEP][PASSED] - M4_spin_line_wins = line_wins: null

2019-08-24 12:50:07 - [TEST_STEP][PASSED] - M4_spin_line_wins = M4_spin_line_wins: null

2019-08-24 12:50:07 - [TEST_STEP][PASSED] - M4_total_bonus_spins_int = total_bonus_spins: null

2019-08-24 12:50:07 - [TEST_STEP][PASSED] - println("******M4_total_bonus_spins type is:*******" + newline + getClass().getName()): null

2019-08-24 12:50:07 - [TEST_STEP][PASSED] - M4_total_bonus_spins_int = M4_total_bonus_spins_int: null

2019-08-24 12:50:07 - [TEST_STEP][PASSED] - M4_total_bonus_spins = Integer.toString(M4_total_bonus_spins_int): null

2019-08-24 12:50:07 - [TEST_STEP][PASSED] - M4_total_bonus_spins = M4_total_bonus_spins: null

2019-08-24 12:50:07 - [TEST_STEP][PASSED] - println("M4_total_bonus_spins is:" + M4_total_bonus_spins): null

2019-08-24 12:50:07 - [TEST_STEP][PASSED] - M4_spin_bonus_data = bonus_data: null

2019-08-24 12:50:11 - [TEST_STEP][PASSED] - M4_spin_features_triggered = result_M4_spin: null

2019-08-24 12:50:11 - [TEST_STEP][PASSED] - wild = []: null

2019-08-24 12:50:11 - [TEST_STEP][PASSED] - wild[0] = "WILD_Expanding": null

2019-08-24 12:50:11 - [TEST_STEP][PASSED] - wild[1] = "WILD_Normal": null

2019-08-24 12:50:11 - [TEST_STEP][PASSED] - wild[2] = "WILD_Double": null

2019-08-24 12:50:11 - [TEST_STEP][PASSED] - wild[3] = "WILD_ExtraFG": null

2019-08-24 12:50:11 - [TEST_STEP][PASSED] - wild[4] = "WILD_Triple": null

2019-08-24 12:50:11 - [TEST_STEP][PASSED] - wildList = Arrays.asList(wild): null

2019-08-24 12:50:11 - [TEST_STEP][PASSED] - wildList = wildList: null

2019-08-24 12:50:11 - [TEST_STEP][PASSED] - free_spin_reel_counter = []: null

2019-08-24 12:50:16 - [TEST_STEP][PASSED] - free_spin_reel_counter[0] = 0: null

2019-08-24 12:50:16 - [TEST_STEP][PASSED] - free_spin_reel_counter[1] = 0: null

2019-08-24 12:50:16 - [TEST_STEP][PASSED] - free_spin_reel_counter[2] = 0: null

2019-08-24 12:50:16 - [TEST_STEP][PASSED] - M4_spin_reels = reels: null

2019-08-24 12:50:16 - [TEST_STEP][PASSED] - for ([i = 0, i &lt; M4_spin_reels.size(), (i++)]): null

2019-08-24 12:50:16 - [TEST_STEP][PASSED] - symbols = symbols: null

2019-08-24 12:50:22 - [TEST_STEP][PASSED] - for ([j = 0, j &lt; symbols.size(), (j++)]): null

2019-08-24 12:50:22 - [TEST_STEP][PASSED] - symbol = symbol: null

2019-08-24 12:50:22 - [TEST_STEP][PASSED] - println(symbol): null

2019-08-24 12:50:22 - [TEST_STEP][PASSED] - if (i == 2 &amp;&amp; wildList.indexOf(symbol) != -1): null

2019-08-24 12:50:22 - [TEST_STEP][PASSED] - if (i == 3 &amp;&amp; wildList.indexOf(symbol) != -1): null

2019-08-24 12:50:22 - [TEST_STEP][PASSED] - if (i == 4 &amp;&amp; wildList.indexOf(symbol) != -1): null

2019-08-24 12:50:22 - [TEST_STEP][PASSED] - symbol = symbol: null

2019-08-24 12:50:22 - [TEST_STEP][PASSED] - println(symbol): null

2019-08-24 12:50:22 - [TEST_STEP][PASSED] - if (i == 2 &amp;&amp; wildList.indexOf(symbol) != -1): null

2019-08-24 12:50:22 - [TEST_STEP][PASSED] - if (i == 3 &amp;&amp; wildList.indexOf(symbol) != -1): null

2019-08-24 12:50:22 - [TEST_STEP][PASSED] - if (i == 4 &amp;&amp; wildList.indexOf(symbol) != -1): null

2019-08-24 12:50:22 - [TEST_STEP][PASSED] - symbol = symbol: null

2019-08-24 12:50:22 - [TEST_STEP][PASSED] - println(symbol): null

2019-08-24 12:50:22 - [TEST_STEP][PASSED] - if (i == 2 &amp;&amp; wildList.indexOf(symbol) != -1): null

2019-08-24 12:50:22 - [TEST_STEP][PASSED] - if (i == 3 &amp;&amp; wildList.indexOf(symbol) != -1): null

2019-08-24 12:50:22 - [TEST_STEP][PASSED] - if (i == 4 &amp;&amp; wildList.indexOf(symbol) != -1): null

2019-08-24 12:50:22 - [TEST_STEP][PASSED] - symbols = symbols: null

2019-08-24 12:50:22 - [TEST_STEP][PASSED] - for ([j = 0, j &lt; symbols.size(), (j++)]): null

2019-08-24 12:50:22 - [TEST_STEP][PASSED] - symbol = symbol: null

2019-08-24 12:50:22 - [TEST_STEP][PASSED] - println(symbol): null

2019-08-24 12:50:22 - [TEST_STEP][PASSED] - if (i == 2 &amp;&amp; wildList.indexOf(symbol) != -1): null

2019-08-24 12:50:22 - [TEST_STEP][PASSED] - if (i == 3 &amp;&amp; wildList.indexOf(symbol) != -1): null

2019-08-24 12:50:22 - [TEST_STEP][PASSED] - if (i == 4 &amp;&amp; wildList.indexOf(symbol) != -1): null

2019-08-24 12:50:22 - [TEST_STEP][PASSED] - symbol = symbol: null

2019-08-24 12:50:22 - [TEST_STEP][PASSED] - println(symbol): null

2019-08-24 12:50:22 - [TEST_STEP][PASSED] - if (i == 2 &amp;&amp; wildList.indexOf(symbol) != -1): null

2019-08-24 12:50:22 - [TEST_STEP][PASSED] - if (i == 3 &amp;&amp; wildList.indexOf(symbol) != -1): null

2019-08-24 12:50:22 - [TEST_STEP][PASSED] - if (i == 4 &amp;&amp; wildList.indexOf(symbol) != -1): null

2019-08-24 12:50:22 - [TEST_STEP][PASSED] - symbol = symbol: null

2019-08-24 12:50:22 - [TEST_STEP][PASSED] - println(symbol): null

2019-08-24 12:50:22 - [TEST_STEP][PASSED] - if (i == 2 &amp;&amp; wildList.indexOf(symbol) != -1): null

2019-08-24 12:50:22 - [TEST_STEP][PASSED] - if (i == 3 &amp;&amp; wildList.indexOf(symbol) != -1): null

2019-08-24 12:50:22 - [TEST_STEP][PASSED] - if (i == 4 &amp;&amp; wildList.indexOf(symbol) != -1): null

2019-08-24 12:50:22 - [TEST_STEP][PASSED] - symbols = symbols: null

2019-08-24 12:50:22 - [TEST_STEP][PASSED] - for ([j = 0, j &lt; symbols.size(), (j++)]): null

2019-08-24 12:50:22 - [TEST_STEP][PASSED] - symbol = symbol: null

2019-08-24 12:50:22 - [TEST_STEP][PASSED] - println(symbol): null

2019-08-24 12:50:22 - [TEST_STEP][PASSED] - if (i == 2 &amp;&amp; wildList.indexOf(symbol) != -1): null

2019-08-24 12:50:22 - [TEST_STEP][PASSED] - println("wild found on reel 3, adding counter by 1"): null

2019-08-24 12:50:22 - [TEST_STEP][PASSED] - free_spin_reel_counter[0] = free_spin_reel_counter[0] + 1: null

2019-08-24 12:50:22 - [TEST_STEP][PASSED] - if (i == 3 &amp;&amp; wildList.indexOf(symbol) != -1): null

2019-08-24 12:50:22 - [TEST_STEP][PASSED] - if (i == 4 &amp;&amp; wildList.indexOf(symbol) != -1): null

2019-08-24 12:50:22 - [TEST_STEP][PASSED] - symbol = symbol: null

2019-08-24 12:50:22 - [TEST_STEP][PASSED] - println(symbol): null

2019-08-24 12:50:22 - [TEST_STEP][PASSED] - if (i == 2 &amp;&amp; wildList.indexOf(symbol) != -1): null

2019-08-24 12:50:22 - [TEST_STEP][PASSED] - if (i == 3 &amp;&amp; wildList.indexOf(symbol) != -1): null

2019-08-24 12:50:22 - [TEST_STEP][PASSED] - if (i == 4 &amp;&amp; wildList.indexOf(symbol) != -1): null

2019-08-24 12:50:22 - [TEST_STEP][PASSED] - symbol = symbol: null

2019-08-24 12:50:22 - [TEST_STEP][PASSED] - println(symbol): null

2019-08-24 12:50:22 - [TEST_STEP][PASSED] - if (i == 2 &amp;&amp; wildList.indexOf(symbol) != -1): null

2019-08-24 12:50:22 - [TEST_STEP][PASSED] - if (i == 3 &amp;&amp; wildList.indexOf(symbol) != -1): null

2019-08-24 12:50:22 - [TEST_STEP][PASSED] - if (i == 4 &amp;&amp; wildList.indexOf(symbol) != -1): null

2019-08-24 12:50:22 - [TEST_STEP][PASSED] - symbols = symbols: null

2019-08-24 12:50:22 - [TEST_STEP][PASSED] - for ([j = 0, j &lt; symbols.size(), (j++)]): null

2019-08-24 12:50:22 - [TEST_STEP][PASSED] - symbol = symbol: null

2019-08-24 12:50:22 - [TEST_STEP][PASSED] - println(symbol): null

2019-08-24 12:50:22 - [TEST_STEP][PASSED] - if (i == 2 &amp;&amp; wildList.indexOf(symbol) != -1): null

2019-08-24 12:50:22 - [TEST_STEP][PASSED] - if (i == 3 &amp;&amp; wildList.indexOf(symbol) != -1): null

2019-08-24 12:50:22 - [TEST_STEP][PASSED] - if (i == 4 &amp;&amp; wildList.indexOf(symbol) != -1): null

2019-08-24 12:50:22 - [TEST_STEP][PASSED] - symbol = symbol: null

2019-08-24 12:50:22 - [TEST_STEP][PASSED] - println(symbol): null

2019-08-24 12:50:22 - [TEST_STEP][PASSED] - if (i == 2 &amp;&amp; wildList.indexOf(symbol) != -1): null

2019-08-24 12:50:22 - [TEST_STEP][PASSED] - if (i == 3 &amp;&amp; wildList.indexOf(symbol) != -1): null

2019-08-24 12:50:22 - [TEST_STEP][PASSED] - if (i == 4 &amp;&amp; wildList.indexOf(symbol) != -1): null

2019-08-24 12:50:22 - [TEST_STEP][PASSED] - symbol = symbol: null

2019-08-24 12:50:22 - [TEST_STEP][PASSED] - println(symbol): null

2019-08-24 12:50:22 - [TEST_STEP][PASSED] - if (i == 2 &amp;&amp; wildList.indexOf(symbol) != -1): null

2019-08-24 12:50:22 - [TEST_STEP][PASSED] - if (i == 3 &amp;&amp; wildList.indexOf(symbol) != -1): null

2019-08-24 12:50:22 - [TEST_STEP][PASSED] - println("wild found on reel 4, adding counter by 1"): null

2019-08-24 12:50:22 - [TEST_STEP][PASSED] - free_spin_reel_counter[1] = free_spin_reel_counter[1] + 1: null

2019-08-24 12:50:22 - [TEST_STEP][PASSED] - if (i == 4 &amp;&amp; wildList.indexOf(symbol) != -1): null

2019-08-24 12:50:22 - [TEST_STEP][PASSED] - symbols = symbols: null

2019-08-24 12:50:22 - [TEST_STEP][PASSED] - for ([j = 0, j &lt; symbols.size(), (j++)]): null

2019-08-24 12:50:22 - [TEST_STEP][PASSED] - symbol = symbol: null

2019-08-24 12:50:22 - [TEST_STEP][PASSED] - println(symbol): null

2019-08-24 12:50:22 - [TEST_STEP][PASSED] - if (i == 2 &amp;&amp; wildList.indexOf(symbol) != -1): null

2019-08-24 12:50:22 - [TEST_STEP][PASSED] - if (i == 3 &amp;&amp; wildList.indexOf(symbol) != -1): null

2019-08-24 12:50:22 - [TEST_STEP][PASSED] - if (i == 4 &amp;&amp; wildList.indexOf(symbol) != -1): null

2019-08-24 12:50:22 - [TEST_STEP][PASSED] - symbol = symbol: null

2019-08-24 12:50:22 - [TEST_STEP][PASSED] - println(symbol): null

2019-08-24 12:50:22 - [TEST_STEP][PASSED] - if (i == 2 &amp;&amp; wildList.indexOf(symbol) != -1): null

2019-08-24 12:50:22 - [TEST_STEP][PASSED] - if (i == 3 &amp;&amp; wildList.indexOf(symbol) != -1): null

2019-08-24 12:50:22 - [TEST_STEP][PASSED] - if (i == 4 &amp;&amp; wildList.indexOf(symbol) != -1): null

2019-08-24 12:50:22 - [TEST_STEP][PASSED] - symbol = symbol: null

2019-08-24 12:50:22 - [TEST_STEP][PASSED] - println(symbol): null

2019-08-24 12:50:22 - [TEST_STEP][PASSED] - if (i == 2 &amp;&amp; wildList.indexOf(symbol) != -1): null

2019-08-24 12:50:22 - [TEST_STEP][PASSED] - if (i == 3 &amp;&amp; wildList.indexOf(symbol) != -1): null

2019-08-24 12:50:22 - [TEST_STEP][PASSED] - if (i == 4 &amp;&amp; wildList.indexOf(symbol) != -1): null

2019-08-24 12:50:22 - [TEST_STEP][PASSED] - free_spin_reel_counter = free_spin_reel_counter: null

2019-08-24 12:50:22 - [TEST_STEP][PASSED] - println("reel 3 wild found: " + free_spin_reel_counter[0]): null

2019-08-24 12:50:22 - [TEST_STEP][PASSED] - println("reel 4 wild found: " + free_spin_reel_counter[1]): null

2019-08-24 12:50:22 - [TEST_STEP][PASSED] - println("reel 5 wild found: " + free_spin_reel_counter[2]): null

2019-08-24 12:50:22 - [TEST_STEP][PASSED] - M4_spin_reels = M4_spin_reels: null

2019-08-24 12:50:22 - [TEST_STEP][PASSED] - M4_spin_reels_symbols = symbol: null

2019-08-24 12:50:22 - [TEST_STEP][PASSED] - M4_spin_reels_symbols = M4_spin_reels_symbols: null

2019-08-24 12:50:22 - [TEST_STEP][PASSED] - M4_spin_reel_wins = reel_wins: null

2019-08-24 12:50:22 - [TEST_STEP][PASSED] - M4_spin_reel_wins = M4_spin_reel_wins: null

2019-08-24 12:50:22 - [TEST_STEP][PASSED] - println("GlobalVariable.M4_spin_reel_wins is: " + M4_spin_reel_wins): null

2019-08-24 12:50:22 - [TEST_STEP][PASSED] - M4_spin_total_bonus_win_this_round = total_bonus_win_this_round: null

2019-08-24 12:50:22 - [TEST_STEP][PASSED] - M4_spin_total_bonus_win_this_round = M4_spin_total_bonus_win_this_round: null

2019-08-24 12:50:22 - [TEST_STEP][PASSED] - println("GlobalVariable.M4_spin_total_bonus_win_this_round is: " + M4_spin_total_bonus_win_this_round): null

2019-08-24 12:50:22 - [TEST_STEP][PASSED] - M4_spin_bonus_spin_result = spin_result: null

2019-08-24 12:50:22 - [TEST_STEP][PASSED] - M4_spin_bonus_spin_result = M4_spin_bonus_spin_result: null

2019-08-24 12:50:22 - [MESSAGE][PASSED] - Verify response successfully

2019-08-24 12:50:22 - [MESSAGE][PASSED] - Send request and verify the response successfully

2019-08-24 12:50:22 - [TEST_STEP][PASSED] - if (M4_total_bonus_spins_int != 0 &amp;&amp; M4_spin_reels_symbols[2].contains("WILD_Double") || M4_spin_reels_symbols[4].contains("WILD_Triple")): null

2019-08-24 12:50:22 - [TEST_STEP][PASSED] - free_spin_reel_counter = free_spin_reel_counter: null

2019-08-24 12:50:22 - [TEST_STEP][PASSED] - M4_spin_reels_symbols = M4_spin_reels_symbols: null

2019-08-24 12:50:22 - [TEST_STEP][PASSED] - M4_total_bonus_spins = M4_total_bonus_spins: null

2019-08-24 12:50:22 - [TEST_STEP][PASSED] - spin_result = sendRequestAndVerify(findTestObject("INT/RGS(M4)/1_M4_spin", ["M4_login_user_id":M4_login_user_id, "rgs_session_token":rgs_session_token, "partner":Partner])): Send request and verify the response successfully

2019-08-24 12:50:23 - [MESSAGE][INFO] - HAR: /Users/eiralee/Katalon_Script/SuperWild/Reports/20190824_124242/INT/superWild_4/20190824_124242/requests/main/137.har

2019-08-24 12:50:23 - [TEST_CASE][PASSED] - Start Test Case : Verification: Verification accomplished successfully

2019-08-24 12:50:23 - [TEST_STEP][PASSED] - request = getInstance().getCurrentRequest(): null

2019-08-24 12:50:23 - [TEST_STEP][PASSED] - response = getInstance().getCurrentResponse(): null

2019-08-24 12:50:23 - [TEST_STEP][PASSED] - verifyResponseStatusCode(response, 200): Verify response status code successfully

2019-08-24 12:50:23 - [MESSAGE][PASSED] - Verify response status code successfully

2019-08-24 12:50:23 - [TEST_STEP][PASSED] - getStatusCode()).isEqualTo(200): null

2019-08-24 12:50:23 - [TEST_STEP][PASSED] - newline = System.getProperty("line.separator"): null

2019-08-24 12:50:23 - [TEST_STEP][PASSED] - M4_spin = new groovy.json.JsonSlurper(): null

2019-08-24 12:50:23 - [TEST_STEP][PASSED] - result_M4_spin = M4_spin.parseText(response.getResponseBodyContent()): null

2019-08-24 12:50:23 - [TEST_STEP][PASSED] - M4_spin_current_balance = current_balance: null

2019-08-24 12:50:23 - [TEST_STEP][PASSED] - M4_spin_current_balance = M4_spin_current_balance: null

2019-08-24 12:50:23 - [TEST_STEP][PASSED] - M4_spin_transaction_id = causality: null

2019-08-24 12:50:23 - [TEST_STEP][PASSED] - M4_spin_transaction_id = M4_spin_transaction_id: null

2019-08-24 12:50:23 - [TEST_STEP][PASSED] - M4_spin_round_id = round_id: null

2019-08-24 12:50:23 - [TEST_STEP][PASSED] - M4_spin_round_id = M4_spin_round_id: null

2019-08-24 12:50:23 - [TEST_STEP][PASSED] - M4_spin_line_wins = line_wins: null

2019-08-24 12:50:23 - [TEST_STEP][PASSED] - M4_spin_line_wins = M4_spin_line_wins: null

2019-08-24 12:50:23 - [TEST_STEP][PASSED] - M4_total_bonus_spins_int = total_bonus_spins: null

2019-08-24 12:50:23 - [TEST_STEP][PASSED] - println("******M4_total_bonus_spins type is:*******" + newline + getClass().getName()): null

2019-08-24 12:50:23 - [TEST_STEP][PASSED] - M4_total_bonus_spins_int = M4_total_bonus_spins_int: null

2019-08-24 12:50:23 - [TEST_STEP][PASSED] - M4_total_bonus_spins = Integer.toString(M4_total_bonus_spins_int): null

2019-08-24 12:50:23 - [TEST_STEP][PASSED] - M4_total_bonus_spins = M4_total_bonus_spins: null

2019-08-24 12:50:23 - [TEST_STEP][PASSED] - println("M4_total_bonus_spins is:" + M4_total_bonus_spins): null

2019-08-24 12:50:23 - [TEST_STEP][PASSED] - M4_spin_bonus_data = bonus_data: null

2019-08-24 12:50:23 - [TEST_STEP][PASSED] - M4_spin_features_triggered = result_M4_spin: null

2019-08-24 12:50:23 - [TEST_STEP][PASSED] - wild = []: null

2019-08-24 12:50:23 - [TEST_STEP][PASSED] - wild[0] = "WILD_Expanding": null

2019-08-24 12:50:23 - [TEST_STEP][PASSED] - wild[1] = "WILD_Normal": null

2019-08-24 12:50:23 - [TEST_STEP][PASSED] - wild[2] = "WILD_Double": null

2019-08-24 12:50:23 - [TEST_STEP][PASSED] - wild[3] = "WILD_ExtraFG": null

2019-08-24 12:50:23 - [TEST_STEP][PASSED] - wild[4] = "WILD_Triple": null

2019-08-24 12:50:23 - [TEST_STEP][PASSED] - wildList = Arrays.asList(wild): null

2019-08-24 12:50:23 - [TEST_STEP][PASSED] - wildList = wildList: null

2019-08-24 12:50:23 - [TEST_STEP][PASSED] - free_spin_reel_counter = []: null

2019-08-24 12:50:23 - [TEST_STEP][PASSED] - free_spin_reel_counter[0] = 0: null

2019-08-24 12:50:23 - [TEST_STEP][PASSED] - free_spin_reel_counter[1] = 0: null

2019-08-24 12:50:23 - [TEST_STEP][PASSED] - free_spin_reel_counter[2] = 0: null

2019-08-24 12:50:23 - [TEST_STEP][PASSED] - M4_spin_reels = reels: null

2019-08-24 12:50:23 - [TEST_STEP][PASSED] - for ([i = 0, i &lt; M4_spin_reels.size(), (i++)]): null

2019-08-24 12:50:23 - [TEST_STEP][PASSED] - symbols = symbols: null

2019-08-24 12:50:23 - [TEST_STEP][PASSED] - for ([j = 0, j &lt; symbols.size(), (j++)]): null

2019-08-24 12:50:23 - [TEST_STEP][PASSED] - symbol = symbol: null

2019-08-24 12:50:23 - [TEST_STEP][PASSED] - println(symbol): null

2019-08-24 12:50:23 - [TEST_STEP][PASSED] - if (i == 2 &amp;&amp; wildList.indexOf(symbol) != -1): null

2019-08-24 12:50:23 - [TEST_STEP][PASSED] - if (i == 3 &amp;&amp; wildList.indexOf(symbol) != -1): null

2019-08-24 12:50:23 - [TEST_STEP][PASSED] - if (i == 4 &amp;&amp; wildList.indexOf(symbol) != -1): null

2019-08-24 12:50:23 - [TEST_STEP][PASSED] - symbol = symbol: null

2019-08-24 12:50:23 - [TEST_STEP][PASSED] - println(symbol): null

2019-08-24 12:50:23 - [TEST_STEP][PASSED] - if (i == 2 &amp;&amp; wildList.indexOf(symbol) != -1): null

2019-08-24 12:50:23 - [TEST_STEP][PASSED] - if (i == 3 &amp;&amp; wildList.indexOf(symbol) != -1): null

2019-08-24 12:50:23 - [TEST_STEP][PASSED] - if (i == 4 &amp;&amp; wildList.indexOf(symbol) != -1): null

2019-08-24 12:50:23 - [TEST_STEP][PASSED] - symbol = symbol: null

2019-08-24 12:50:23 - [TEST_STEP][PASSED] - println(symbol): null

2019-08-24 12:50:23 - [TEST_STEP][PASSED] - if (i == 2 &amp;&amp; wildList.indexOf(symbol) != -1): null

2019-08-24 12:50:23 - [TEST_STEP][PASSED] - if (i == 3 &amp;&amp; wildList.indexOf(symbol) != -1): null

2019-08-24 12:50:23 - [TEST_STEP][PASSED] - if (i == 4 &amp;&amp; wildList.indexOf(symbol) != -1): null

2019-08-24 12:50:23 - [TEST_STEP][PASSED] - symbols = symbols: null

2019-08-24 12:50:23 - [TEST_STEP][PASSED] - for ([j = 0, j &lt; symbols.size(), (j++)]): null

2019-08-24 12:50:23 - [TEST_STEP][PASSED] - symbol = symbol: null

2019-08-24 12:50:23 - [TEST_STEP][PASSED] - println(symbol): null

2019-08-24 12:50:23 - [TEST_STEP][PASSED] - if (i == 2 &amp;&amp; wildList.indexOf(symbol) != -1): null

2019-08-24 12:50:23 - [TEST_STEP][PASSED] - if (i == 3 &amp;&amp; wildList.indexOf(symbol) != -1): null

2019-08-24 12:50:23 - [TEST_STEP][PASSED] - if (i == 4 &amp;&amp; wildList.indexOf(symbol) != -1): null

2019-08-24 12:50:23 - [TEST_STEP][PASSED] - symbol = symbol: null

2019-08-24 12:50:23 - [TEST_STEP][PASSED] - println(symbol): null

2019-08-24 12:50:23 - [TEST_STEP][PASSED] - if (i == 2 &amp;&amp; wildList.indexOf(symbol) != -1): null

2019-08-24 12:50:23 - [TEST_STEP][PASSED] - if (i == 3 &amp;&amp; wildList.indexOf(symbol) != -1): null

2019-08-24 12:50:23 - [TEST_STEP][PASSED] - if (i == 4 &amp;&amp; wildList.indexOf(symbol) != -1): null

2019-08-24 12:50:23 - [TEST_STEP][PASSED] - symbol = symbol: null

2019-08-24 12:50:23 - [TEST_STEP][PASSED] - println(symbol): null

2019-08-24 12:50:23 - [TEST_STEP][PASSED] - if (i == 2 &amp;&amp; wildList.indexOf(symbol) != -1): null

2019-08-24 12:50:23 - [TEST_STEP][PASSED] - if (i == 3 &amp;&amp; wildList.indexOf(symbol) != -1): null

2019-08-24 12:50:23 - [TEST_STEP][PASSED] - if (i == 4 &amp;&amp; wildList.indexOf(symbol) != -1): null

2019-08-24 12:50:23 - [TEST_STEP][PASSED] - symbols = symbols: null

2019-08-24 12:50:23 - [TEST_STEP][PASSED] - for ([j = 0, j &lt; symbols.size(), (j++)]): null

2019-08-24 12:50:23 - [TEST_STEP][PASSED] - symbol = symbol: null

2019-08-24 12:50:23 - [TEST_STEP][PASSED] - println(symbol): null

2019-08-24 12:50:23 - [TEST_STEP][PASSED] - if (i == 2 &amp;&amp; wildList.indexOf(symbol) != -1): null

2019-08-24 12:50:23 - [TEST_STEP][PASSED] - if (i == 3 &amp;&amp; wildList.indexOf(symbol) != -1): null

2019-08-24 12:50:23 - [TEST_STEP][PASSED] - if (i == 4 &amp;&amp; wildList.indexOf(symbol) != -1): null

2019-08-24 12:50:23 - [TEST_STEP][PASSED] - symbol = symbol: null

2019-08-24 12:50:23 - [TEST_STEP][PASSED] - println(symbol): null

2019-08-24 12:50:23 - [TEST_STEP][PASSED] - if (i == 2 &amp;&amp; wildList.indexOf(symbol) != -1): null

2019-08-24 12:50:23 - [TEST_STEP][PASSED] - if (i == 3 &amp;&amp; wildList.indexOf(symbol) != -1): null

2019-08-24 12:50:23 - [TEST_STEP][PASSED] - if (i == 4 &amp;&amp; wildList.indexOf(symbol) != -1): null

2019-08-24 12:50:23 - [TEST_STEP][PASSED] - symbol = symbol: null

2019-08-24 12:50:23 - [TEST_STEP][PASSED] - println(symbol): null

2019-08-24 12:50:23 - [TEST_STEP][PASSED] - if (i == 2 &amp;&amp; wildList.indexOf(symbol) != -1): null

2019-08-24 12:50:23 - [TEST_STEP][PASSED] - if (i == 3 &amp;&amp; wildList.indexOf(symbol) != -1): null

2019-08-24 12:50:23 - [TEST_STEP][PASSED] - if (i == 4 &amp;&amp; wildList.indexOf(symbol) != -1): null

2019-08-24 12:50:23 - [TEST_STEP][PASSED] - symbols = symbols: null

2019-08-24 12:50:23 - [TEST_STEP][PASSED] - for ([j = 0, j &lt; symbols.size(), (j++)]): null

2019-08-24 12:50:23 - [TEST_STEP][PASSED] - symbol = symbol: null

2019-08-24 12:50:23 - [TEST_STEP][PASSED] - println(symbol): null

2019-08-24 12:50:23 - [TEST_STEP][PASSED] - if (i == 2 &amp;&amp; wildList.indexOf(symbol) != -1): null

2019-08-24 12:50:23 - [TEST_STEP][PASSED] - if (i == 3 &amp;&amp; wildList.indexOf(symbol) != -1): null

2019-08-24 12:50:23 - [TEST_STEP][PASSED] - if (i == 4 &amp;&amp; wildList.indexOf(symbol) != -1): null

2019-08-24 12:50:23 - [TEST_STEP][PASSED] - symbol = symbol: null

2019-08-24 12:50:23 - [TEST_STEP][PASSED] - println(symbol): null

2019-08-24 12:50:23 - [TEST_STEP][PASSED] - if (i == 2 &amp;&amp; wildList.indexOf(symbol) != -1): null

2019-08-24 12:50:23 - [TEST_STEP][PASSED] - if (i == 3 &amp;&amp; wildList.indexOf(symbol) != -1): null

2019-08-24 12:50:23 - [TEST_STEP][PASSED] - if (i == 4 &amp;&amp; wildList.indexOf(symbol) != -1): null

2019-08-24 12:50:23 - [TEST_STEP][PASSED] - symbol = symbol: null

2019-08-24 12:50:23 - [TEST_STEP][PASSED] - println(symbol): null

2019-08-24 12:50:23 - [TEST_STEP][PASSED] - if (i == 2 &amp;&amp; wildList.indexOf(symbol) != -1): null

2019-08-24 12:50:23 - [TEST_STEP][PASSED] - if (i == 3 &amp;&amp; wildList.indexOf(symbol) != -1): null

2019-08-24 12:50:23 - [TEST_STEP][PASSED] - if (i == 4 &amp;&amp; wildList.indexOf(symbol) != -1): null

2019-08-24 12:50:23 - [TEST_STEP][PASSED] - symbols = symbols: null

2019-08-24 12:50:23 - [TEST_STEP][PASSED] - for ([j = 0, j &lt; symbols.size(), (j++)]): null

2019-08-24 12:50:23 - [TEST_STEP][PASSED] - symbol = symbol: null

2019-08-24 12:50:23 - [TEST_STEP][PASSED] - println(symbol): null

2019-08-24 12:50:23 - [TEST_STEP][PASSED] - if (i == 2 &amp;&amp; wildList.indexOf(symbol) != -1): null

2019-08-24 12:50:23 - [TEST_STEP][PASSED] - if (i == 3 &amp;&amp; wildList.indexOf(symbol) != -1): null

2019-08-24 12:50:23 - [TEST_STEP][PASSED] - if (i == 4 &amp;&amp; wildList.indexOf(symbol) != -1): null

2019-08-24 12:50:23 - [TEST_STEP][PASSED] - symbol = symbol: null

2019-08-24 12:50:23 - [TEST_STEP][PASSED] - println(symbol): null

2019-08-24 12:50:23 - [TEST_STEP][PASSED] - if (i == 2 &amp;&amp; wildList.indexOf(symbol) != -1): null

2019-08-24 12:50:23 - [TEST_STEP][PASSED] - if (i == 3 &amp;&amp; wildList.indexOf(symbol) != -1): null

2019-08-24 12:50:23 - [TEST_STEP][PASSED] - if (i == 4 &amp;&amp; wildList.indexOf(symbol) != -1): null

2019-08-24 12:50:23 - [TEST_STEP][PASSED] - symbol = symbol: null

2019-08-24 12:50:23 - [TEST_STEP][PASSED] - println(symbol): null

2019-08-24 12:50:23 - [TEST_STEP][PASSED] - if (i == 2 &amp;&amp; wildList.indexOf(symbol) != -1): null

2019-08-24 12:50:23 - [TEST_STEP][PASSED] - if (i == 3 &amp;&amp; wildList.indexOf(symbol) != -1): null

2019-08-24 12:50:23 - [TEST_STEP][PASSED] - if (i == 4 &amp;&amp; wildList.indexOf(symbol) != -1): null

2019-08-24 12:50:23 - [TEST_STEP][PASSED] - free_spin_reel_counter = free_spin_reel_counter: null

2019-08-24 12:50:23 - [TEST_STEP][PASSED] - println("reel 3 wild found: " + free_spin_reel_counter[0]): null

2019-08-24 12:50:23 - [TEST_STEP][PASSED] - println("reel 4 wild found: " + free_spin_reel_counter[1]): null

2019-08-24 12:50:23 - [TEST_STEP][PASSED] - println("reel 5 wild found: " + free_spin_reel_counter[2]): null

2019-08-24 12:50:23 - [TEST_STEP][PASSED] - M4_spin_reels = M4_spin_reels: null

2019-08-24 12:50:23 - [TEST_STEP][PASSED] - M4_spin_reels_symbols = symbol: null

2019-08-24 12:50:23 - [TEST_STEP][PASSED] - M4_spin_reels_symbols = M4_spin_reels_symbols: null

2019-08-24 12:50:23 - [TEST_STEP][PASSED] - M4_spin_reel_wins = reel_wins: null

2019-08-24 12:50:23 - [TEST_STEP][PASSED] - M4_spin_reel_wins = M4_spin_reel_wins: null

2019-08-24 12:50:23 - [TEST_STEP][PASSED] - println("GlobalVariable.M4_spin_reel_wins is: " + M4_spin_reel_wins): null

2019-08-24 12:50:23 - [TEST_STEP][PASSED] - M4_spin_total_bonus_win_this_round = total_bonus_win_this_round: null

2019-08-24 12:50:23 - [TEST_STEP][PASSED] - M4_spin_total_bonus_win_this_round = M4_spin_total_bonus_win_this_round: null

2019-08-24 12:50:23 - [TEST_STEP][PASSED] - println("GlobalVariable.M4_spin_total_bonus_win_this_round is: " + M4_spin_total_bonus_win_this_round): null

2019-08-24 12:50:23 - [TEST_STEP][PASSED] - M4_spin_bonus_spin_result = spin_result: null

2019-08-24 12:50:23 - [TEST_STEP][PASSED] - M4_spin_bonus_spin_result = M4_spin_bonus_spin_result: null

2019-08-24 12:50:23 - [MESSAGE][PASSED] - Verify response successfully

2019-08-24 12:50:23 - [MESSAGE][PASSED] - Send request and verify the response successfully

2019-08-24 12:50:23 - [TEST_STEP][PASSED] - if (M4_total_bonus_spins_int != 0 &amp;&amp; M4_spin_reels_symbols[2].contains("WILD_Double") || M4_spin_reels_symbols[4].contains("WILD_Triple")): null

2019-08-24 12:50:23 - [TEST_STEP][PASSED] - free_spin_reel_counter = free_spin_reel_counter: null

2019-08-24 12:50:23 - [TEST_STEP][PASSED] - M4_spin_reels_symbols = M4_spin_reels_symbols: null

2019-08-24 12:50:23 - [TEST_STEP][PASSED] - M4_total_bonus_spins = M4_total_bonus_spins: null

2019-08-24 12:50:23 - [TEST_STEP][PASSED] - spin_result = sendRequestAndVerify(findTestObject("INT/RGS(M4)/1_M4_spin", ["M4_login_user_id":M4_login_user_id, "rgs_session_token":rgs_session_token, "partner":Partner])): Send request and verify the response successfully

2019-08-24 12:50:23 - [MESSAGE][INFO] - HAR: /Users/eiralee/Katalon_Script/SuperWild/Reports/20190824_124242/INT/superWild_4/20190824_124242/requests/main/138.har

2019-08-24 12:50:23 - [TEST_CASE][PASSED] - Start Test Case : Verification: Verification accomplished successfully

2019-08-24 12:50:23 - [TEST_STEP][PASSED] - request = getInstance().getCurrentRequest(): null

2019-08-24 12:50:23 - [TEST_STEP][PASSED] - response = getInstance().getCurrentResponse(): null

2019-08-24 12:50:23 - [TEST_STEP][PASSED] - verifyResponseStatusCode(response, 200): Verify response status code successfully

2019-08-24 12:50:23 - [MESSAGE][PASSED] - Verify response status code successfully

2019-08-24 12:50:23 - [TEST_STEP][PASSED] - getStatusCode()).isEqualTo(200): null

2019-08-24 12:50:23 - [TEST_STEP][PASSED] - newline = System.getProperty("line.separator"): null

2019-08-24 12:50:23 - [TEST_STEP][PASSED] - M4_spin = new groovy.json.JsonSlurper(): null

2019-08-24 12:50:23 - [TEST_STEP][PASSED] - result_M4_spin = M4_spin.parseText(response.getResponseBodyContent()): null

2019-08-24 12:50:23 - [TEST_STEP][PASSED] - M4_spin_current_balance = current_balance: null

2019-08-24 12:50:23 - [TEST_STEP][PASSED] - M4_spin_current_balance = M4_spin_current_balance: null

2019-08-24 12:50:23 - [TEST_STEP][PASSED] - M4_spin_transaction_id = causality: null

2019-08-24 12:50:23 - [TEST_STEP][PASSED] - M4_spin_transaction_id = M4_spin_transaction_id: null

2019-08-24 12:50:23 - [TEST_STEP][PASSED] - M4_spin_round_id = round_id: null

2019-08-24 12:50:23 - [TEST_STEP][PASSED] - M4_spin_round_id = M4_spin_round_id: null

2019-08-24 12:50:23 - [TEST_STEP][PASSED] - M4_spin_line_wins = line_wins: null

2019-08-24 12:50:23 - [TEST_STEP][PASSED] - M4_spin_line_wins = M4_spin_line_wins: null

2019-08-24 12:50:23 - [TEST_STEP][PASSED] - M4_total_bonus_spins_int = total_bonus_spins: null

2019-08-24 12:50:23 - [TEST_STEP][PASSED] - println("******M4_total_bonus_spins type is:*******" + newline + getClass().getName()): null

2019-08-24 12:50:23 - [TEST_STEP][PASSED] - M4_total_bonus_spins_int = M4_total_bonus_spins_int: null

2019-08-24 12:50:23 - [TEST_STEP][PASSED] - M4_total_bonus_spins = Integer.toString(M4_total_bonus_spins_int): null

2019-08-24 12:50:23 - [TEST_STEP][PASSED] - M4_total_bonus_spins = M4_total_bonus_spins: null

2019-08-24 12:50:23 - [TEST_STEP][PASSED] - println("M4_total_bonus_spins is:" + M4_total_bonus_spins): null

2019-08-24 12:50:23 - [TEST_STEP][PASSED] - M4_spin_bonus_data = bonus_data: null

2019-08-24 12:50:23 - [TEST_STEP][PASSED] - M4_spin_features_triggered = result_M4_spin: null

2019-08-24 12:50:23 - [TEST_STEP][PASSED] - wild = []: null

2019-08-24 12:50:23 - [TEST_STEP][PASSED] - wild[0] = "WILD_Expanding": null

2019-08-24 12:50:23 - [TEST_STEP][PASSED] - wild[1] = "WILD_Normal": null

2019-08-24 12:50:23 - [TEST_STEP][PASSED] - wild[2] = "WILD_Double": null

2019-08-24 12:50:23 - [TEST_STEP][PASSED] - wild[3] = "WILD_ExtraFG": null

2019-08-24 12:50:23 - [TEST_STEP][PASSED] - wild[4] = "WILD_Triple": null

2019-08-24 12:50:23 - [TEST_STEP][PASSED] - wildList = Arrays.asList(wild): null

2019-08-24 12:50:23 - [TEST_STEP][PASSED] - wildList = wildList: null

2019-08-24 12:50:23 - [TEST_STEP][PASSED] - free_spin_reel_counter = []: null

2019-08-24 12:50:23 - [TEST_STEP][PASSED] - free_spin_reel_counter[0] = 0: null

2019-08-24 12:50:23 - [TEST_STEP][PASSED] - free_spin_reel_counter[1] = 0: null

2019-08-24 12:50:23 - [TEST_STEP][PASSED] - free_spin_reel_counter[2] = 0: null

2019-08-24 12:50:23 - [TEST_STEP][PASSED] - M4_spin_reels = reels: null

2019-08-24 12:50:23 - [TEST_STEP][PASSED] - for ([i = 0, i &lt; M4_spin_reels.size(), (i++)]): null

2019-08-24 12:50:23 - [TEST_STEP][PASSED] - symbols = symbols: null

2019-08-24 12:50:23 - [TEST_STEP][PASSED] - for ([j = 0, j &lt; symbols.size(), (j++)]): null

2019-08-24 12:50:23 - [TEST_STEP][PASSED] - symbol = symbol: null

2019-08-24 12:50:23 - [TEST_STEP][PASSED] - println(symbol): null

2019-08-24 12:50:23 - [TEST_STEP][PASSED] - if (i == 2 &amp;&amp; wildList.indexOf(symbol) != -1): null

2019-08-24 12:50:23 - [TEST_STEP][PASSED] - if (i == 3 &amp;&amp; wildList.indexOf(symbol) != -1): null

2019-08-24 12:50:23 - [TEST_STEP][PASSED] - if (i == 4 &amp;&amp; wildList.indexOf(symbol) != -1): null

2019-08-24 12:50:23 - [TEST_STEP][PASSED] - symbol = symbol: null

2019-08-24 12:50:23 - [TEST_STEP][PASSED] - println(symbol): null

2019-08-24 12:50:23 - [TEST_STEP][PASSED] - if (i == 2 &amp;&amp; wildList.indexOf(symbol) != -1): null

2019-08-24 12:50:23 - [TEST_STEP][PASSED] - if (i == 3 &amp;&amp; wildList.indexOf(symbol) != -1): null

2019-08-24 12:50:23 - [TEST_STEP][PASSED] - if (i == 4 &amp;&amp; wildList.indexOf(symbol) != -1): null

2019-08-24 12:50:23 - [TEST_STEP][PASSED] - symbol = symbol: null

2019-08-24 12:50:23 - [TEST_STEP][PASSED] - println(symbol): null

2019-08-24 12:50:23 - [TEST_STEP][PASSED] - if (i == 2 &amp;&amp; wildList.indexOf(symbol) != -1): null

2019-08-24 12:50:23 - [TEST_STEP][PASSED] - if (i == 3 &amp;&amp; wildList.indexOf(symbol) != -1): null

2019-08-24 12:50:23 - [TEST_STEP][PASSED] - if (i == 4 &amp;&amp; wildList.indexOf(symbol) != -1): null

2019-08-24 12:50:23 - [TEST_STEP][PASSED] - symbols = symbols: null

2019-08-24 12:50:23 - [TEST_STEP][PASSED] - for ([j = 0, j &lt; symbols.size(), (j++)]): null

2019-08-24 12:50:23 - [TEST_STEP][PASSED] - symbol = symbol: null

2019-08-24 12:50:23 - [TEST_STEP][PASSED] - println(symbol): null

2019-08-24 12:50:23 - [TEST_STEP][PASSED] - if (i == 2 &amp;&amp; wildList.indexOf(symbol) != -1): null

2019-08-24 12:50:23 - [TEST_STEP][PASSED] - if (i == 3 &amp;&amp; wildList.indexOf(symbol) != -1): null

2019-08-24 12:50:23 - [TEST_STEP][PASSED] - if (i == 4 &amp;&amp; wildList.indexOf(symbol) != -1): null

2019-08-24 12:50:23 - [TEST_STEP][PASSED] - symbol = symbol: null

2019-08-24 12:50:23 - [TEST_STEP][PASSED] - println(symbol): null

2019-08-24 12:50:23 - [TEST_STEP][PASSED] - if (i == 2 &amp;&amp; wildList.indexOf(symbol) != -1): null

2019-08-24 12:50:23 - [TEST_STEP][PASSED] - if (i == 3 &amp;&amp; wildList.indexOf(symbol) != -1): null

2019-08-24 12:50:23 - [TEST_STEP][PASSED] - if (i == 4 &amp;&amp; wildList.indexOf(symbol) != -1): null

2019-08-24 12:50:23 - [TEST_STEP][PASSED] - symbol = symbol: null

2019-08-24 12:50:23 - [TEST_STEP][PASSED] - println(symbol): null

2019-08-24 12:50:23 - [TEST_STEP][PASSED] - if (i == 2 &amp;&amp; wildList.indexOf(symbol) != -1): null

2019-08-24 12:50:23 - [TEST_STEP][PASSED] - if (i == 3 &amp;&amp; wildList.indexOf(symbol) != -1): null

2019-08-24 12:50:23 - [TEST_STEP][PASSED] - if (i == 4 &amp;&amp; wildList.indexOf(symbol) != -1): null

2019-08-24 12:50:23 - [TEST_STEP][PASSED] - symbols = symbols: null

2019-08-24 12:50:23 - [TEST_STEP][PASSED] - for ([j = 0, j &lt; symbols.size(), (j++)]): null

2019-08-24 12:50:23 - [TEST_STEP][PASSED] - symbol = symbol: null

2019-08-24 12:50:23 - [TEST_STEP][PASSED] - println(symbol): null

2019-08-24 12:50:23 - [TEST_STEP][PASSED] - if (i == 2 &amp;&amp; wildList.indexOf(symbol) != -1): null

2019-08-24 12:50:23 - [TEST_STEP][PASSED] - if (i == 3 &amp;&amp; wildList.indexOf(symbol) != -1): null

2019-08-24 12:50:23 - [TEST_STEP][PASSED] - if (i == 4 &amp;&amp; wildList.indexOf(symbol) != -1): null

2019-08-24 12:50:23 - [TEST_STEP][PASSED] - symbol = symbol: null

2019-08-24 12:50:23 - [TEST_STEP][PASSED] - println(symbol): null

2019-08-24 12:50:23 - [TEST_STEP][PASSED] - if (i == 2 &amp;&amp; wildList.indexOf(symbol) != -1): null

2019-08-24 12:50:23 - [TEST_STEP][PASSED] - println("wild found on reel 3, adding counter by 1"): null

2019-08-24 12:50:23 - [TEST_STEP][PASSED] - free_spin_reel_counter[0] = free_spin_reel_counter[0] + 1: null

2019-08-24 12:50:23 - [TEST_STEP][PASSED] - if (i == 3 &amp;&amp; wildList.indexOf(symbol) != -1): null

2019-08-24 12:50:23 - [TEST_STEP][PASSED] - if (i == 4 &amp;&amp; wildList.indexOf(symbol) != -1): null

2019-08-24 12:50:23 - [TEST_STEP][PASSED] - symbol = symbol: null

2019-08-24 12:50:23 - [TEST_STEP][PASSED] - println(symbol): null

2019-08-24 12:50:23 - [TEST_STEP][PASSED] - if (i == 2 &amp;&amp; wildList.indexOf(symbol) != -1): null

2019-08-24 12:50:23 - [TEST_STEP][PASSED] - if (i == 3 &amp;&amp; wildList.indexOf(symbol) != -1): null

2019-08-24 12:50:23 - [TEST_STEP][PASSED] - if (i == 4 &amp;&amp; wildList.indexOf(symbol) != -1): null

2019-08-24 12:50:23 - [TEST_STEP][PASSED] - symbols = symbols: null

2019-08-24 12:50:23 - [TEST_STEP][PASSED] - for ([j = 0, j &lt; symbols.size(), (j++)]): null

2019-08-24 12:50:23 - [TEST_STEP][PASSED] - symbol = symbol: null

2019-08-24 12:50:23 - [TEST_STEP][PASSED] - println(symbol): null

2019-08-24 12:50:23 - [TEST_STEP][PASSED] - if (i == 2 &amp;&amp; wildList.indexOf(symbol) != -1): null

2019-08-24 12:50:23 - [TEST_STEP][PASSED] - if (i == 3 &amp;&amp; wildList.indexOf(symbol) != -1): null

2019-08-24 12:50:23 - [TEST_STEP][PASSED] - if (i == 4 &amp;&amp; wildList.indexOf(symbol) != -1): null

2019-08-24 12:50:23 - [TEST_STEP][PASSED] - symbol = symbol: null

2019-08-24 12:50:23 - [TEST_STEP][PASSED] - println(symbol): null

2019-08-24 12:50:23 - [TEST_STEP][PASSED] - if (i == 2 &amp;&amp; wildList.indexOf(symbol) != -1): null

2019-08-24 12:50:23 - [TEST_STEP][PASSED] - if (i == 3 &amp;&amp; wildList.indexOf(symbol) != -1): null

2019-08-24 12:50:23 - [TEST_STEP][PASSED] - if (i == 4 &amp;&amp; wildList.indexOf(symbol) != -1): null

2019-08-24 12:50:23 - [TEST_STEP][PASSED] - symbol = symbol: null

2019-08-24 12:50:23 - [TEST_STEP][PASSED] - println(symbol): null

2019-08-24 12:50:23 - [TEST_STEP][PASSED] - if (i == 2 &amp;&amp; wildList.indexOf(symbol) != -1): null

2019-08-24 12:50:23 - [TEST_STEP][PASSED] - if (i == 3 &amp;&amp; wildList.indexOf(symbol) != -1): null

2019-08-24 12:50:23 - [TEST_STEP][PASSED] - if (i == 4 &amp;&amp; wildList.indexOf(symbol) != -1): null

2019-08-24 12:50:23 - [TEST_STEP][PASSED] - symbols = symbols: null

2019-08-24 12:50:23 - [TEST_STEP][PASSED] - for ([j = 0, j &lt; symbols.size(), (j++)]): null

2019-08-24 12:50:23 - [TEST_STEP][PASSED] - symbol = symbol: null

2019-08-24 12:50:23 - [TEST_STEP][PASSED] - println(symbol): null

2019-08-24 12:50:23 - [TEST_STEP][PASSED] - if (i == 2 &amp;&amp; wildList.indexOf(symbol) != -1): null

2019-08-24 12:50:23 - [TEST_STEP][PASSED] - if (i == 3 &amp;&amp; wildList.indexOf(symbol) != -1): null

2019-08-24 12:50:23 - [TEST_STEP][PASSED] - if (i == 4 &amp;&amp; wildList.indexOf(symbol) != -1): null

2019-08-24 12:50:23 - [TEST_STEP][PASSED] - symbol = symbol: null

2019-08-24 12:50:23 - [TEST_STEP][PASSED] - println(symbol): null

2019-08-24 12:50:23 - [TEST_STEP][PASSED] - if (i == 2 &amp;&amp; wildList.indexOf(symbol) != -1): null

2019-08-24 12:50:23 - [TEST_STEP][PASSED] - if (i == 3 &amp;&amp; wildList.indexOf(symbol) != -1): null

2019-08-24 12:50:23 - [TEST_STEP][PASSED] - if (i == 4 &amp;&amp; wildList.indexOf(symbol) != -1): null

2019-08-24 12:50:23 - [TEST_STEP][PASSED] - symbol = symbol: null

2019-08-24 12:50:23 - [TEST_STEP][PASSED] - println(symbol): null

2019-08-24 12:50:23 - [TEST_STEP][PASSED] - if (i == 2 &amp;&amp; wildList.indexOf(symbol) != -1): null

2019-08-24 12:50:23 - [TEST_STEP][PASSED] - if (i == 3 &amp;&amp; wildList.indexOf(symbol) != -1): null

2019-08-24 12:50:23 - [TEST_STEP][PASSED] - if (i == 4 &amp;&amp; wildList.indexOf(symbol) != -1): null

2019-08-24 12:50:23 - [TEST_STEP][PASSED] - free_spin_reel_counter = free_spin_reel_counter: null

2019-08-24 12:50:23 - [TEST_STEP][PASSED] - println("reel 3 wild found: " + free_spin_reel_counter[0]): null

2019-08-24 12:50:23 - [TEST_STEP][PASSED] - println("reel 4 wild found: " + free_spin_reel_counter[1]): null

2019-08-24 12:50:23 - [TEST_STEP][PASSED] - println("reel 5 wild found: " + free_spin_reel_counter[2]): null

2019-08-24 12:50:23 - [TEST_STEP][PASSED] - M4_spin_reels = M4_spin_reels: null

2019-08-24 12:50:23 - [TEST_STEP][PASSED] - M4_spin_reels_symbols = symbol: null

2019-08-24 12:50:23 - [TEST_STEP][PASSED] - M4_spin_reels_symbols = M4_spin_reels_symbols: null

2019-08-24 12:50:23 - [TEST_STEP][PASSED] - M4_spin_reel_wins = reel_wins: null

2019-08-24 12:50:23 - [TEST_STEP][PASSED] - M4_spin_reel_wins = M4_spin_reel_wins: null

2019-08-24 12:50:23 - [TEST_STEP][PASSED] - println("GlobalVariable.M4_spin_reel_wins is: " + M4_spin_reel_wins): null

2019-08-24 12:50:23 - [TEST_STEP][PASSED] - M4_spin_total_bonus_win_this_round = total_bonus_win_this_round: null

2019-08-24 12:50:23 - [TEST_STEP][PASSED] - M4_spin_total_bonus_win_this_round = M4_spin_total_bonus_win_this_round: null

2019-08-24 12:50:23 - [TEST_STEP][PASSED] - println("GlobalVariable.M4_spin_total_bonus_win_this_round is: " + M4_spin_total_bonus_win_this_round): null

2019-08-24 12:50:23 - [TEST_STEP][PASSED] - M4_spin_bonus_spin_result = spin_result: null

2019-08-24 12:50:23 - [TEST_STEP][PASSED] - M4_spin_bonus_spin_result = M4_spin_bonus_spin_result: null

2019-08-24 12:50:23 - [MESSAGE][PASSED] - Verify response successfully

2019-08-24 12:50:23 - [MESSAGE][PASSED] - Send request and verify the response successfully

2019-08-24 12:50:23 - [TEST_STEP][PASSED] - if (M4_total_bonus_spins_int != 0 &amp;&amp; M4_spin_reels_symbols[2].contains("WILD_Double") || M4_spin_reels_symbols[4].contains("WILD_Triple")): null

2019-08-24 12:50:23 - [TEST_STEP][PASSED] - free_spin_reel_counter = free_spin_reel_counter: null

2019-08-24 12:50:23 - [TEST_STEP][PASSED] - M4_spin_reels_symbols = M4_spin_reels_symbols: null

2019-08-24 12:50:23 - [TEST_STEP][PASSED] - M4_total_bonus_spins = M4_total_bonus_spins: null

2019-08-24 12:50:23 - [TEST_STEP][PASSED] - spin_result = sendRequestAndVerify(findTestObject("INT/RGS(M4)/1_M4_spin", ["M4_login_user_id":M4_login_user_id, "rgs_session_token":rgs_session_token, "partner":Partner])): Send request and verify the response successfully

2019-08-24 12:50:24 - [MESSAGE][INFO] - HAR: /Users/eiralee/Katalon_Script/SuperWild/Reports/20190824_124242/INT/superWild_4/20190824_124242/requests/main/139.har

2019-08-24 12:50:24 - [TEST_CASE][PASSED] - Start Test Case : Verification: Verification accomplished successfully

2019-08-24 12:50:24 - [TEST_STEP][PASSED] - request = getInstance().getCurrentRequest(): null

2019-08-24 12:50:24 - [TEST_STEP][PASSED] - response = getInstance().getCurrentResponse(): null

2019-08-24 12:50:24 - [TEST_STEP][PASSED] - verifyResponseStatusCode(response, 200): Verify response status code successfully

2019-08-24 12:50:24 - [MESSAGE][PASSED] - Verify response status code successfully

2019-08-24 12:50:24 - [TEST_STEP][PASSED] - getStatusCode()).isEqualTo(200): null

2019-08-24 12:50:24 - [TEST_STEP][PASSED] - newline = System.getProperty("line.separator"): null

2019-08-24 12:50:24 - [TEST_STEP][PASSED] - M4_spin = new groovy.json.JsonSlurper(): null

2019-08-24 12:50:24 - [TEST_STEP][PASSED] - result_M4_spin = M4_spin.parseText(response.getResponseBodyContent()): null

2019-08-24 12:50:24 - [TEST_STEP][PASSED] - M4_spin_current_balance = current_balance: null

2019-08-24 12:50:24 - [TEST_STEP][PASSED] - M4_spin_current_balance = M4_spin_current_balance: null

2019-08-24 12:50:24 - [TEST_STEP][PASSED] - M4_spin_transaction_id = causality: null

2019-08-24 12:50:24 - [TEST_STEP][PASSED] - M4_spin_transaction_id = M4_spin_transaction_id: null

2019-08-24 12:50:24 - [TEST_STEP][PASSED] - M4_spin_round_id = round_id: null

2019-08-24 12:50:24 - [TEST_STEP][PASSED] - M4_spin_round_id = M4_spin_round_id: null

2019-08-24 12:50:24 - [TEST_STEP][PASSED] - M4_spin_line_wins = line_wins: null

2019-08-24 12:50:24 - [TEST_STEP][PASSED] - M4_spin_line_wins = M4_spin_line_wins: null

2019-08-24 12:50:24 - [TEST_STEP][PASSED] - M4_total_bonus_spins_int = total_bonus_spins: null

2019-08-24 12:50:24 - [TEST_STEP][PASSED] - println("******M4_total_bonus_spins type is:*******" + newline + getClass().getName()): null

2019-08-24 12:50:24 - [TEST_STEP][PASSED] - M4_total_bonus_spins_int = M4_total_bonus_spins_int: null

2019-08-24 12:50:24 - [TEST_STEP][PASSED] - M4_total_bonus_spins = Integer.toString(M4_total_bonus_spins_int): null

2019-08-24 12:50:24 - [TEST_STEP][PASSED] - M4_total_bonus_spins = M4_total_bonus_spins: null

2019-08-24 12:50:24 - [TEST_STEP][PASSED] - println("M4_total_bonus_spins is:" + M4_total_bonus_spins): null

2019-08-24 12:50:24 - [TEST_STEP][PASSED] - M4_spin_bonus_data = bonus_data: null

2019-08-24 12:50:24 - [TEST_STEP][PASSED] - M4_spin_features_triggered = result_M4_spin: null

2019-08-24 12:50:24 - [TEST_STEP][PASSED] - wild = []: null

2019-08-24 12:50:24 - [TEST_STEP][PASSED] - wild[0] = "WILD_Expanding": null

2019-08-24 12:50:24 - [TEST_STEP][PASSED] - wild[1] = "WILD_Normal": null

2019-08-24 12:50:24 - [TEST_STEP][PASSED] - wild[2] = "WILD_Double": null

2019-08-24 12:50:24 - [TEST_STEP][PASSED] - wild[3] = "WILD_ExtraFG": null

2019-08-24 12:50:24 - [TEST_STEP][PASSED] - wild[4] = "WILD_Triple": null

2019-08-24 12:50:24 - [TEST_STEP][PASSED] - wildList = Arrays.asList(wild): null

2019-08-24 12:50:24 - [TEST_STEP][PASSED] - wildList = wildList: null

2019-08-24 12:50:24 - [TEST_STEP][PASSED] - free_spin_reel_counter = []: null

2019-08-24 12:50:24 - [TEST_STEP][PASSED] - free_spin_reel_counter[0] = 0: null

2019-08-24 12:50:24 - [TEST_STEP][PASSED] - free_spin_reel_counter[1] = 0: null

2019-08-24 12:50:24 - [TEST_STEP][PASSED] - free_spin_reel_counter[2] = 0: null

2019-08-24 12:50:24 - [TEST_STEP][PASSED] - M4_spin_reels = reels: null

2019-08-24 12:50:24 - [TEST_STEP][PASSED] - for ([i = 0, i &lt; M4_spin_reels.size(), (i++)]): null

2019-08-24 12:50:24 - [TEST_STEP][PASSED] - symbols = symbols: null

2019-08-24 12:50:24 - [TEST_STEP][PASSED] - for ([j = 0, j &lt; symbols.size(), (j++)]): null

2019-08-24 12:50:24 - [TEST_STEP][PASSED] - symbol = symbol: null

2019-08-24 12:50:24 - [TEST_STEP][PASSED] - println(symbol): null

2019-08-24 12:50:24 - [TEST_STEP][PASSED] - if (i == 2 &amp;&amp; wildList.indexOf(symbol) != -1): null

2019-08-24 12:50:24 - [TEST_STEP][PASSED] - if (i == 3 &amp;&amp; wildList.indexOf(symbol) != -1): null

2019-08-24 12:50:24 - [TEST_STEP][PASSED] - if (i == 4 &amp;&amp; wildList.indexOf(symbol) != -1): null

2019-08-24 12:50:24 - [TEST_STEP][PASSED] - symbol = symbol: null

2019-08-24 12:50:24 - [TEST_STEP][PASSED] - println(symbol): null

2019-08-24 12:50:24 - [TEST_STEP][PASSED] - if (i == 2 &amp;&amp; wildList.indexOf(symbol) != -1): null

2019-08-24 12:50:24 - [TEST_STEP][PASSED] - if (i == 3 &amp;&amp; wildList.indexOf(symbol) != -1): null

2019-08-24 12:50:24 - [TEST_STEP][PASSED] - if (i == 4 &amp;&amp; wildList.indexOf(symbol) != -1): null

2019-08-24 12:50:24 - [TEST_STEP][PASSED] - symbol = symbol: null

2019-08-24 12:50:24 - [TEST_STEP][PASSED] - println(symbol): null

2019-08-24 12:50:24 - [TEST_STEP][PASSED] - if (i == 2 &amp;&amp; wildList.indexOf(symbol) != -1): null

2019-08-24 12:50:24 - [TEST_STEP][PASSED] - if (i == 3 &amp;&amp; wildList.indexOf(symbol) != -1): null

2019-08-24 12:50:24 - [TEST_STEP][PASSED] - if (i == 4 &amp;&amp; wildList.indexOf(symbol) != -1): null

2019-08-24 12:50:24 - [TEST_STEP][PASSED] - symbols = symbols: null

2019-08-24 12:50:24 - [TEST_STEP][PASSED] - for ([j = 0, j &lt; symbols.size(), (j++)]): null

2019-08-24 12:50:24 - [TEST_STEP][PASSED] - symbol = symbol: null

2019-08-24 12:50:24 - [TEST_STEP][PASSED] - println(symbol): null

2019-08-24 12:50:24 - [TEST_STEP][PASSED] - if (i == 2 &amp;&amp; wildList.indexOf(symbol) != -1): null

2019-08-24 12:50:24 - [TEST_STEP][PASSED] - if (i == 3 &amp;&amp; wildList.indexOf(symbol) != -1): null

2019-08-24 12:50:24 - [TEST_STEP][PASSED] - if (i == 4 &amp;&amp; wildList.indexOf(symbol) != -1): null

2019-08-24 12:50:24 - [TEST_STEP][PASSED] - symbol = symbol: null

2019-08-24 12:50:24 - [TEST_STEP][PASSED] - println(symbol): null

2019-08-24 12:50:24 - [TEST_STEP][PASSED] - if (i == 2 &amp;&amp; wildList.indexOf(symbol) != -1): null

2019-08-24 12:50:24 - [TEST_STEP][PASSED] - if (i == 3 &amp;&amp; wildList.indexOf(symbol) != -1): null

2019-08-24 12:50:24 - [TEST_STEP][PASSED] - if (i == 4 &amp;&amp; wildList.indexOf(symbol) != -1): null

2019-08-24 12:50:24 - [TEST_STEP][PASSED] - symbol = symbol: null

2019-08-24 12:50:24 - [TEST_STEP][PASSED] - println(symbol): null

2019-08-24 12:50:24 - [TEST_STEP][PASSED] - if (i == 2 &amp;&amp; wildList.indexOf(symbol) != -1): null

2019-08-24 12:50:24 - [TEST_STEP][PASSED] - if (i == 3 &amp;&amp; wildList.indexOf(symbol) != -1): null

2019-08-24 12:50:24 - [TEST_STEP][PASSED] - if (i == 4 &amp;&amp; wildList.indexOf(symbol) != -1): null

2019-08-24 12:50:24 - [TEST_STEP][PASSED] - symbols = symbols: null

2019-08-24 12:50:24 - [TEST_STEP][PASSED] - for ([j = 0, j &lt; symbols.size(), (j++)]): null

2019-08-24 12:50:24 - [TEST_STEP][PASSED] - symbol = symbol: null

2019-08-24 12:50:24 - [TEST_STEP][PASSED] - println(symbol): null

2019-08-24 12:50:24 - [TEST_STEP][PASSED] - if (i == 2 &amp;&amp; wildList.indexOf(symbol) != -1): null

2019-08-24 12:50:24 - [TEST_STEP][PASSED] - if (i == 3 &amp;&amp; wildList.indexOf(symbol) != -1): null

2019-08-24 12:50:24 - [TEST_STEP][PASSED] - if (i == 4 &amp;&amp; wildList.indexOf(symbol) != -1): null

2019-08-24 12:50:24 - [TEST_STEP][PASSED] - symbol = symbol: null

2019-08-24 12:50:24 - [TEST_STEP][PASSED] - println(symbol): null

2019-08-24 12:50:24 - [TEST_STEP][PASSED] - if (i == 2 &amp;&amp; wildList.indexOf(symbol) != -1): null

2019-08-24 12:50:24 - [TEST_STEP][PASSED] - println("wild found on reel 3, adding counter by 1"): null

2019-08-24 12:50:24 - [TEST_STEP][PASSED] - free_spin_reel_counter[0] = free_spin_reel_counter[0] + 1: null

2019-08-24 12:50:24 - [TEST_STEP][PASSED] - if (i == 3 &amp;&amp; wildList.indexOf(symbol) != -1): null

2019-08-24 12:50:24 - [TEST_STEP][PASSED] - if (i == 4 &amp;&amp; wildList.indexOf(symbol) != -1): null

2019-08-24 12:50:24 - [TEST_STEP][PASSED] - symbol = symbol: null

2019-08-24 12:50:24 - [TEST_STEP][PASSED] - println(symbol): null

2019-08-24 12:50:24 - [TEST_STEP][PASSED] - if (i == 2 &amp;&amp; wildList.indexOf(symbol) != -1): null

2019-08-24 12:50:24 - [TEST_STEP][PASSED] - if (i == 3 &amp;&amp; wildList.indexOf(symbol) != -1): null

2019-08-24 12:50:24 - [TEST_STEP][PASSED] - if (i == 4 &amp;&amp; wildList.indexOf(symbol) != -1): null

2019-08-24 12:50:24 - [TEST_STEP][PASSED] - symbols = symbols: null

2019-08-24 12:50:24 - [TEST_STEP][PASSED] - for ([j = 0, j &lt; symbols.size(), (j++)]): null

2019-08-24 12:50:24 - [TEST_STEP][PASSED] - symbol = symbol: null

2019-08-24 12:50:24 - [TEST_STEP][PASSED] - println(symbol): null

2019-08-24 12:50:24 - [TEST_STEP][PASSED] - if (i == 2 &amp;&amp; wildList.indexOf(symbol) != -1): null

2019-08-24 12:50:24 - [TEST_STEP][PASSED] - if (i == 3 &amp;&amp; wildList.indexOf(symbol) != -1): null

2019-08-24 12:50:24 - [TEST_STEP][PASSED] - if (i == 4 &amp;&amp; wildList.indexOf(symbol) != -1): null

2019-08-24 12:50:24 - [TEST_STEP][PASSED] - symbol = symbol: null

2019-08-24 12:50:24 - [TEST_STEP][PASSED] - println(symbol): null

2019-08-24 12:50:24 - [TEST_STEP][PASSED] - if (i == 2 &amp;&amp; wildList.indexOf(symbol) != -1): null

2019-08-24 12:50:24 - [TEST_STEP][PASSED] - if (i == 3 &amp;&amp; wildList.indexOf(symbol) != -1): null

2019-08-24 12:50:24 - [TEST_STEP][PASSED] - if (i == 4 &amp;&amp; wildList.indexOf(symbol) != -1): null

2019-08-24 12:50:24 - [TEST_STEP][PASSED] - symbol = symbol: null

2019-08-24 12:50:24 - [TEST_STEP][PASSED] - println(symbol): null

2019-08-24 12:50:24 - [TEST_STEP][PASSED] - if (i == 2 &amp;&amp; wildList.indexOf(symbol) != -1): null

2019-08-24 12:50:24 - [TEST_STEP][PASSED] - if (i == 3 &amp;&amp; wildList.indexOf(symbol) != -1): null

2019-08-24 12:50:24 - [TEST_STEP][PASSED] - if (i == 4 &amp;&amp; wildList.indexOf(symbol) != -1): null

2019-08-24 12:50:24 - [TEST_STEP][PASSED] - symbols = symbols: null

2019-08-24 12:50:24 - [TEST_STEP][PASSED] - for ([j = 0, j &lt; symbols.size(), (j++)]): null

2019-08-24 12:50:24 - [TEST_STEP][PASSED] - symbol = symbol: null

2019-08-24 12:50:24 - [TEST_STEP][PASSED] - println(symbol): null

2019-08-24 12:50:24 - [TEST_STEP][PASSED] - if (i == 2 &amp;&amp; wildList.indexOf(symbol) != -1): null

2019-08-24 12:50:24 - [TEST_STEP][PASSED] - if (i == 3 &amp;&amp; wildList.indexOf(symbol) != -1): null

2019-08-24 12:50:24 - [TEST_STEP][PASSED] - if (i == 4 &amp;&amp; wildList.indexOf(symbol) != -1): null

2019-08-24 12:50:24 - [TEST_STEP][PASSED] - symbol = symbol: null

2019-08-24 12:50:24 - [TEST_STEP][PASSED] - println(symbol): null

2019-08-24 12:50:24 - [TEST_STEP][PASSED] - if (i == 2 &amp;&amp; wildList.indexOf(symbol) != -1): null

2019-08-24 12:50:24 - [TEST_STEP][PASSED] - if (i == 3 &amp;&amp; wildList.indexOf(symbol) != -1): null

2019-08-24 12:50:24 - [TEST_STEP][PASSED] - if (i == 4 &amp;&amp; wildList.indexOf(symbol) != -1): null

2019-08-24 12:50:24 - [TEST_STEP][PASSED] - symbol = symbol: null

2019-08-24 12:50:24 - [TEST_STEP][PASSED] - println(symbol): null

2019-08-24 12:50:24 - [TEST_STEP][PASSED] - if (i == 2 &amp;&amp; wildList.indexOf(symbol) != -1): null

2019-08-24 12:50:24 - [TEST_STEP][PASSED] - if (i == 3 &amp;&amp; wildList.indexOf(symbol) != -1): null

2019-08-24 12:50:24 - [TEST_STEP][PASSED] - if (i == 4 &amp;&amp; wildList.indexOf(symbol) != -1): null

2019-08-24 12:50:24 - [TEST_STEP][PASSED] - free_spin_reel_counter = free_spin_reel_counter: null

2019-08-24 12:50:24 - [TEST_STEP][PASSED] - println("reel 3 wild found: " + free_spin_reel_counter[0]): null

2019-08-24 12:50:24 - [TEST_STEP][PASSED] - println("reel 4 wild found: " + free_spin_reel_counter[1]): null

2019-08-24 12:50:24 - [TEST_STEP][PASSED] - println("reel 5 wild found: " + free_spin_reel_counter[2]): null

2019-08-24 12:50:24 - [TEST_STEP][PASSED] - M4_spin_reels = M4_spin_reels: null

2019-08-24 12:50:24 - [TEST_STEP][PASSED] - M4_spin_reels_symbols = symbol: null

2019-08-24 12:50:24 - [TEST_STEP][PASSED] - M4_spin_reels_symbols = M4_spin_reels_symbols: null

2019-08-24 12:50:24 - [TEST_STEP][PASSED] - M4_spin_reel_wins = reel_wins: null

2019-08-24 12:50:24 - [TEST_STEP][PASSED] - M4_spin_reel_wins = M4_spin_reel_wins: null

2019-08-24 12:50:24 - [TEST_STEP][PASSED] - println("GlobalVariable.M4_spin_reel_wins is: " + M4_spin_reel_wins): null

2019-08-24 12:50:24 - [TEST_STEP][PASSED] - M4_spin_total_bonus_win_this_round = total_bonus_win_this_round: null

2019-08-24 12:50:24 - [TEST_STEP][PASSED] - M4_spin_total_bonus_win_this_round = M4_spin_total_bonus_win_this_round: null

2019-08-24 12:50:24 - [TEST_STEP][PASSED] - println("GlobalVariable.M4_spin_total_bonus_win_this_round is: " + M4_spin_total_bonus_win_this_round): null

2019-08-24 12:50:24 - [TEST_STEP][PASSED] - M4_spin_bonus_spin_result = spin_result: null

2019-08-24 12:50:24 - [TEST_STEP][PASSED] - M4_spin_bonus_spin_result = M4_spin_bonus_spin_result: null

2019-08-24 12:50:24 - [MESSAGE][PASSED] - Verify response successfully

2019-08-24 12:50:24 - [MESSAGE][PASSED] - Send request and verify the response successfully

2019-08-24 12:50:24 - [TEST_STEP][PASSED] - if (M4_total_bonus_spins_int != 0 &amp;&amp; M4_spin_reels_symbols[2].contains("WILD_Double") || M4_spin_reels_symbols[4].contains("WILD_Triple")): null

2019-08-24 12:50:24 - [TEST_STEP][PASSED] - free_spin_reel_counter = free_spin_reel_counter: null

2019-08-24 12:50:24 - [TEST_STEP][PASSED] - M4_spin_reels_symbols = M4_spin_reels_symbols: null

2019-08-24 12:50:24 - [TEST_STEP][PASSED] - M4_total_bonus_spins = M4_total_bonus_spins: null

2019-08-24 12:50:24 - [TEST_STEP][PASSED] - spin_result = sendRequestAndVerify(findTestObject("INT/RGS(M4)/1_M4_spin", ["M4_login_user_id":M4_login_user_id, "rgs_session_token":rgs_session_token, "partner":Partner])): Send request and verify the response successfully

2019-08-24 12:50:24 - [MESSAGE][INFO] - HAR: /Users/eiralee/Katalon_Script/SuperWild/Reports/20190824_124242/INT/superWild_4/20190824_124242/requests/main/140.har

2019-08-24 12:50:24 - [TEST_CASE][PASSED] - Start Test Case : Verification: Verification accomplished successfully

2019-08-24 12:50:24 - [TEST_STEP][PASSED] - request = getInstance().getCurrentRequest(): null

2019-08-24 12:50:25 - [TEST_STEP][PASSED] - response = getInstance().getCurrentResponse(): null

2019-08-24 12:50:25 - [TEST_STEP][PASSED] - verifyResponseStatusCode(response, 200): Verify response status code successfully

2019-08-24 12:50:25 - [MESSAGE][PASSED] - Verify response status code successfully

2019-08-24 12:50:25 - [TEST_STEP][PASSED] - getStatusCode()).isEqualTo(200): null

2019-08-24 12:50:25 - [TEST_STEP][PASSED] - newline = System.getProperty("line.separator"): null

2019-08-24 12:50:25 - [TEST_STEP][PASSED] - M4_spin = new groovy.json.JsonSlurper(): null

2019-08-24 12:50:25 - [TEST_STEP][PASSED] - result_M4_spin = M4_spin.parseText(response.getResponseBodyContent()): null

2019-08-24 12:50:25 - [TEST_STEP][PASSED] - M4_spin_current_balance = current_balance: null

2019-08-24 12:50:25 - [TEST_STEP][PASSED] - M4_spin_current_balance = M4_spin_current_balance: null

2019-08-24 12:50:25 - [TEST_STEP][PASSED] - M4_spin_transaction_id = causality: null

2019-08-24 12:50:25 - [TEST_STEP][PASSED] - M4_spin_transaction_id = M4_spin_transaction_id: null

2019-08-24 12:50:25 - [TEST_STEP][PASSED] - M4_spin_round_id = round_id: null

2019-08-24 12:50:25 - [TEST_STEP][PASSED] - M4_spin_round_id = M4_spin_round_id: null

2019-08-24 12:50:25 - [TEST_STEP][PASSED] - M4_spin_line_wins = line_wins: null

2019-08-24 12:50:25 - [TEST_STEP][PASSED] - M4_spin_line_wins = M4_spin_line_wins: null

2019-08-24 12:50:25 - [TEST_STEP][PASSED] - M4_total_bonus_spins_int = total_bonus_spins: null

2019-08-24 12:50:25 - [TEST_STEP][PASSED] - println("******M4_total_bonus_spins type is:*******" + newline + getClass().getName()): null

2019-08-24 12:50:25 - [TEST_STEP][PASSED] - M4_total_bonus_spins_int = M4_total_bonus_spins_int: null

2019-08-24 12:50:25 - [TEST_STEP][PASSED] - M4_total_bonus_spins = Integer.toString(M4_total_bonus_spins_int): null

2019-08-24 12:50:25 - [TEST_STEP][PASSED] - M4_total_bonus_spins = M4_total_bonus_spins: null

2019-08-24 12:50:25 - [TEST_STEP][PASSED] - println("M4_total_bonus_spins is:" + M4_total_bonus_spins): null

2019-08-24 12:50:25 - [TEST_STEP][PASSED] - M4_spin_bonus_data = bonus_data: null

2019-08-24 12:50:25 - [TEST_STEP][PASSED] - M4_spin_features_triggered = result_M4_spin: null

2019-08-24 12:50:25 - [TEST_STEP][PASSED] - wild = []: null

2019-08-24 12:50:25 - [TEST_STEP][PASSED] - wild[0] = "WILD_Expanding": null

2019-08-24 12:50:25 - [TEST_STEP][PASSED] - wild[1] = "WILD_Normal": null

2019-08-24 12:50:25 - [TEST_STEP][PASSED] - wild[2] = "WILD_Double": null

2019-08-24 12:50:25 - [TEST_STEP][PASSED] - wild[3] = "WILD_ExtraFG": null

2019-08-24 12:50:25 - [TEST_STEP][PASSED] - wild[4] = "WILD_Triple": null

2019-08-24 12:50:25 - [TEST_STEP][PASSED] - wildList = Arrays.asList(wild): null

2019-08-24 12:50:25 - [TEST_STEP][PASSED] - wildList = wildList: null

2019-08-24 12:50:25 - [TEST_STEP][PASSED] - free_spin_reel_counter = []: null

2019-08-24 12:50:25 - [TEST_STEP][PASSED] - free_spin_reel_counter[0] = 0: null

2019-08-24 12:50:25 - [TEST_STEP][PASSED] - free_spin_reel_counter[1] = 0: null

2019-08-24 12:50:25 - [TEST_STEP][PASSED] - free_spin_reel_counter[2] = 0: null

2019-08-24 12:50:25 - [TEST_STEP][PASSED] - M4_spin_reels = reels: null

2019-08-24 12:50:25 - [TEST_STEP][PASSED] - for ([i = 0, i &lt; M4_spin_reels.size(), (i++)]): null

2019-08-24 12:50:25 - [TEST_STEP][PASSED] - symbols = symbols: null

2019-08-24 12:50:25 - [TEST_STEP][PASSED] - for ([j = 0, j &lt; symbols.size(), (j++)]): null

2019-08-24 12:50:25 - [TEST_STEP][PASSED] - symbol = symbol: null

2019-08-24 12:50:25 - [TEST_STEP][PASSED] - println(symbol): null

2019-08-24 12:50:25 - [TEST_STEP][PASSED] - if (i == 2 &amp;&amp; wildList.indexOf(symbol) != -1): null

2019-08-24 12:50:25 - [TEST_STEP][PASSED] - if (i == 3 &amp;&amp; wildList.indexOf(symbol) != -1): null

2019-08-24 12:50:25 - [TEST_STEP][PASSED] - if (i == 4 &amp;&amp; wildList.indexOf(symbol) != -1): null

2019-08-24 12:50:25 - [TEST_STEP][PASSED] - symbol = symbol: null

2019-08-24 12:50:25 - [TEST_STEP][PASSED] - println(symbol): null

2019-08-24 12:50:25 - [TEST_STEP][PASSED] - if (i == 2 &amp;&amp; wildList.indexOf(symbol) != -1): null

2019-08-24 12:50:25 - [TEST_STEP][PASSED] - if (i == 3 &amp;&amp; wildList.indexOf(symbol) != -1): null

2019-08-24 12:50:25 - [TEST_STEP][PASSED] - if (i == 4 &amp;&amp; wildList.indexOf(symbol) != -1): null

2019-08-24 12:50:25 - [TEST_STEP][PASSED] - symbol = symbol: null

2019-08-24 12:50:25 - [TEST_STEP][PASSED] - println(symbol): null

2019-08-24 12:50:25 - [TEST_STEP][PASSED] - if (i == 2 &amp;&amp; wildList.indexOf(symbol) != -1): null

2019-08-24 12:50:25 - [TEST_STEP][PASSED] - if (i == 3 &amp;&amp; wildList.indexOf(symbol) != -1): null

2019-08-24 12:50:25 - [TEST_STEP][PASSED] - if (i == 4 &amp;&amp; wildList.indexOf(symbol) != -1): null

2019-08-24 12:50:25 - [TEST_STEP][PASSED] - symbols = symbols: null

2019-08-24 12:50:25 - [TEST_STEP][PASSED] - for ([j = 0, j &lt; symbols.size(), (j++)]): null

2019-08-24 12:50:25 - [TEST_STEP][PASSED] - symbol = symbol: null

2019-08-24 12:50:25 - [TEST_STEP][PASSED] - println(symbol): null

2019-08-24 12:50:25 - [TEST_STEP][PASSED] - if (i == 2 &amp;&amp; wildList.indexOf(symbol) != -1): null

2019-08-24 12:50:25 - [TEST_STEP][PASSED] - if (i == 3 &amp;&amp; wildList.indexOf(symbol) != -1): null

2019-08-24 12:50:25 - [TEST_STEP][PASSED] - if (i == 4 &amp;&amp; wildList.indexOf(symbol) != -1): null

2019-08-24 12:50:25 - [TEST_STEP][PASSED] - symbol = symbol: null

2019-08-24 12:50:25 - [TEST_STEP][PASSED] - println(symbol): null

2019-08-24 12:50:25 - [TEST_STEP][PASSED] - if (i == 2 &amp;&amp; wildList.indexOf(symbol) != -1): null

2019-08-24 12:50:25 - [TEST_STEP][PASSED] - if (i == 3 &amp;&amp; wildList.indexOf(symbol) != -1): null

2019-08-24 12:50:25 - [TEST_STEP][PASSED] - if (i == 4 &amp;&amp; wildList.indexOf(symbol) != -1): null

2019-08-24 12:50:25 - [TEST_STEP][PASSED] - symbol = symbol: null

2019-08-24 12:50:25 - [TEST_STEP][PASSED] - println(symbol): null

2019-08-24 12:50:25 - [TEST_STEP][PASSED] - if (i == 2 &amp;&amp; wildList.indexOf(symbol) != -1): null

2019-08-24 12:50:25 - [TEST_STEP][PASSED] - if (i == 3 &amp;&amp; wildList.indexOf(symbol) != -1): null

2019-08-24 12:50:25 - [TEST_STEP][PASSED] - if (i == 4 &amp;&amp; wildList.indexOf(symbol) != -1): null

2019-08-24 12:50:25 - [TEST_STEP][PASSED] - symbols = symbols: null

2019-08-24 12:50:25 - [TEST_STEP][PASSED] - for ([j = 0, j &lt; symbols.size(), (j++)]): null

2019-08-24 12:50:25 - [TEST_STEP][PASSED] - symbol = symbol: null

2019-08-24 12:50:25 - [TEST_STEP][PASSED] - println(symbol): null

2019-08-24 12:50:25 - [TEST_STEP][PASSED] - if (i == 2 &amp;&amp; wildList.indexOf(symbol) != -1): null

2019-08-24 12:50:25 - [TEST_STEP][PASSED] - if (i == 3 &amp;&amp; wildList.indexOf(symbol) != -1): null

2019-08-24 12:50:25 - [TEST_STEP][PASSED] - if (i == 4 &amp;&amp; wildList.indexOf(symbol) != -1): null

2019-08-24 12:50:25 - [TEST_STEP][PASSED] - symbol = symbol: null

2019-08-24 12:50:25 - [TEST_STEP][PASSED] - println(symbol): null

2019-08-24 12:50:25 - [TEST_STEP][PASSED] - if (i == 2 &amp;&amp; wildList.indexOf(symbol) != -1): null

2019-08-24 12:50:25 - [TEST_STEP][PASSED] - if (i == 3 &amp;&amp; wildList.indexOf(symbol) != -1): null

2019-08-24 12:50:25 - [TEST_STEP][PASSED] - if (i == 4 &amp;&amp; wildList.indexOf(symbol) != -1): null

2019-08-24 12:50:25 - [TEST_STEP][PASSED] - symbol = symbol: null

2019-08-24 12:50:25 - [TEST_STEP][PASSED] - println(symbol): null

2019-08-24 12:50:25 - [TEST_STEP][PASSED] - if (i == 2 &amp;&amp; wildList.indexOf(symbol) != -1): null

2019-08-24 12:50:25 - [TEST_STEP][PASSED] - println("wild found on reel 3, adding counter by 1"): null

2019-08-24 12:50:25 - [TEST_STEP][PASSED] - free_spin_reel_counter[0] = free_spin_reel_counter[0] + 1: null

2019-08-24 12:50:25 - [TEST_STEP][PASSED] - if (i == 3 &amp;&amp; wildList.indexOf(symbol) != -1): null

2019-08-24 12:50:25 - [TEST_STEP][PASSED] - if (i == 4 &amp;&amp; wildList.indexOf(symbol) != -1): null

2019-08-24 12:50:25 - [TEST_STEP][PASSED] - symbols = symbols: null

2019-08-24 12:50:25 - [TEST_STEP][PASSED] - for ([j = 0, j &lt; symbols.size(), (j++)]): null

2019-08-24 12:50:25 - [TEST_STEP][PASSED] - symbol = symbol: null

2019-08-24 12:50:25 - [TEST_STEP][PASSED] - println(symbol): null

2019-08-24 12:50:29 - [TEST_STEP][PASSED] - if (i == 2 &amp;&amp; wildList.indexOf(symbol) != -1): null

2019-08-24 12:50:29 - [TEST_STEP][PASSED] - if (i == 3 &amp;&amp; wildList.indexOf(symbol) != -1): null

2019-08-24 12:50:29 - [TEST_STEP][PASSED] - println("wild found on reel 4, adding counter by 1"): null

2019-08-24 12:50:29 - [TEST_STEP][PASSED] - free_spin_reel_counter[1] = free_spin_reel_counter[1] + 1: null

2019-08-24 12:50:29 - [TEST_STEP][PASSED] - if (i == 4 &amp;&amp; wildList.indexOf(symbol) != -1): null

2019-08-24 12:50:29 - [TEST_STEP][PASSED] - symbol = symbol: null

2019-08-24 12:50:29 - [TEST_STEP][PASSED] - println(symbol): null

2019-08-24 12:50:29 - [TEST_STEP][PASSED] - if (i == 2 &amp;&amp; wildList.indexOf(symbol) != -1): null

2019-08-24 12:50:29 - [TEST_STEP][PASSED] - if (i == 3 &amp;&amp; wildList.indexOf(symbol) != -1): null

2019-08-24 12:50:29 - [TEST_STEP][PASSED] - if (i == 4 &amp;&amp; wildList.indexOf(symbol) != -1): null

2019-08-24 12:50:29 - [TEST_STEP][PASSED] - symbol = symbol: null

2019-08-24 12:50:29 - [TEST_STEP][PASSED] - println(symbol): null

2019-08-24 12:50:29 - [TEST_STEP][PASSED] - if (i == 2 &amp;&amp; wildList.indexOf(symbol) != -1): null

2019-08-24 12:50:29 - [TEST_STEP][PASSED] - if (i == 3 &amp;&amp; wildList.indexOf(symbol) != -1): null

2019-08-24 12:50:29 - [TEST_STEP][PASSED] - if (i == 4 &amp;&amp; wildList.indexOf(symbol) != -1): null

2019-08-24 12:50:29 - [TEST_STEP][PASSED] - symbols = symbols: null

2019-08-24 12:50:29 - [TEST_STEP][PASSED] - for ([j = 0, j &lt; symbols.size(), (j++)]): null

2019-08-24 12:50:29 - [TEST_STEP][PASSED] - symbol = symbol: null

2019-08-24 12:50:29 - [TEST_STEP][PASSED] - println(symbol): null

2019-08-24 12:50:29 - [TEST_STEP][PASSED] - if (i == 2 &amp;&amp; wildList.indexOf(symbol) != -1): null

2019-08-24 12:50:29 - [TEST_STEP][PASSED] - if (i == 3 &amp;&amp; wildList.indexOf(symbol) != -1): null

2019-08-24 12:50:29 - [TEST_STEP][PASSED] - if (i == 4 &amp;&amp; wildList.indexOf(symbol) != -1): null

2019-08-24 12:50:29 - [TEST_STEP][PASSED] - symbol = symbol: null

2019-08-24 12:50:29 - [TEST_STEP][PASSED] - println(symbol): null

2019-08-24 12:50:29 - [TEST_STEP][PASSED] - if (i == 2 &amp;&amp; wildList.indexOf(symbol) != -1): null

2019-08-24 12:50:29 - [TEST_STEP][PASSED] - if (i == 3 &amp;&amp; wildList.indexOf(symbol) != -1): null

2019-08-24 12:50:29 - [TEST_STEP][PASSED] - if (i == 4 &amp;&amp; wildList.indexOf(symbol) != -1): null

2019-08-24 12:50:29 - [TEST_STEP][PASSED] - symbol = symbol: null

2019-08-24 12:50:29 - [TEST_STEP][PASSED] - println(symbol): null

2019-08-24 12:50:29 - [TEST_STEP][PASSED] - if (i == 2 &amp;&amp; wildList.indexOf(symbol) != -1): null

2019-08-24 12:50:29 - [TEST_STEP][PASSED] - if (i == 3 &amp;&amp; wildList.indexOf(symbol) != -1): null

2019-08-24 12:50:29 - [TEST_STEP][PASSED] - if (i == 4 &amp;&amp; wildList.indexOf(symbol) != -1): null

2019-08-24 12:50:29 - [TEST_STEP][PASSED] - free_spin_reel_counter = free_spin_reel_counter: null

2019-08-24 12:50:29 - [TEST_STEP][PASSED] - println("reel 3 wild found: " + free_spin_reel_counter[0]): null

2019-08-24 12:50:29 - [TEST_STEP][PASSED] - println("reel 4 wild found: " + free_spin_reel_counter[1]): null

2019-08-24 12:50:29 - [TEST_STEP][PASSED] - println("reel 5 wild found: " + free_spin_reel_counter[2]): null

2019-08-24 12:50:29 - [TEST_STEP][PASSED] - M4_spin_reels = M4_spin_reels: null

2019-08-24 12:50:29 - [TEST_STEP][PASSED] - M4_spin_reels_symbols = symbol: null

2019-08-24 12:50:29 - [TEST_STEP][PASSED] - M4_spin_reels_symbols = M4_spin_reels_symbols: null

2019-08-24 12:50:29 - [TEST_STEP][PASSED] - M4_spin_reel_wins = reel_wins: null

2019-08-24 12:50:29 - [TEST_STEP][PASSED] - M4_spin_reel_wins = M4_spin_reel_wins: null

2019-08-24 12:50:29 - [TEST_STEP][PASSED] - println("GlobalVariable.M4_spin_reel_wins is: " + M4_spin_reel_wins): null

2019-08-24 12:50:29 - [TEST_STEP][PASSED] - M4_spin_total_bonus_win_this_round = total_bonus_win_this_round: null

2019-08-24 12:50:29 - [TEST_STEP][PASSED] - M4_spin_total_bonus_win_this_round = M4_spin_total_bonus_win_this_round: null

2019-08-24 12:50:29 - [TEST_STEP][PASSED] - println("GlobalVariable.M4_spin_total_bonus_win_this_round is: " + M4_spin_total_bonus_win_this_round): null

2019-08-24 12:50:29 - [TEST_STEP][PASSED] - M4_spin_bonus_spin_result = spin_result: null

2019-08-24 12:50:29 - [TEST_STEP][PASSED] - M4_spin_bonus_spin_result = M4_spin_bonus_spin_result: null

2019-08-24 12:50:29 - [MESSAGE][PASSED] - Verify response successfully

2019-08-24 12:50:29 - [MESSAGE][PASSED] - Send request and verify the response successfully

2019-08-24 12:50:29 - [TEST_STEP][PASSED] - if (M4_total_bonus_spins_int != 0 &amp;&amp; M4_spin_reels_symbols[2].contains("WILD_Double") || M4_spin_reels_symbols[4].contains("WILD_Triple")): null

2019-08-24 12:50:29 - [TEST_STEP][PASSED] - free_spin_reel_counter = free_spin_reel_counter: null

2019-08-24 12:50:29 - [TEST_STEP][PASSED] - M4_spin_reels_symbols = M4_spin_reels_symbols: null

2019-08-24 12:50:29 - [TEST_STEP][PASSED] - M4_total_bonus_spins = M4_total_bonus_spins: null

2019-08-24 12:50:29 - [TEST_STEP][PASSED] - spin_result = sendRequestAndVerify(findTestObject("INT/RGS(M4)/1_M4_spin", ["M4_login_user_id":M4_login_user_id, "rgs_session_token":rgs_session_token, "partner":Partner])): Send request and verify the response successfully

2019-08-24 12:50:29 - [MESSAGE][INFO] - HAR: /Users/eiralee/Katalon_Script/SuperWild/Reports/20190824_124242/INT/superWild_4/20190824_124242/requests/main/141.har

2019-08-24 12:50:30 - [TEST_CASE][PASSED] - Start Test Case : Verification: Verification accomplished successfully

2019-08-24 12:50:30 - [TEST_STEP][PASSED] - request = getInstance().getCurrentRequest(): null

2019-08-24 12:50:30 - [TEST_STEP][PASSED] - response = getInstance().getCurrentResponse(): null

2019-08-24 12:50:30 - [TEST_STEP][PASSED] - verifyResponseStatusCode(response, 200): Verify response status code successfully

2019-08-24 12:50:30 - [MESSAGE][PASSED] - Verify response status code successfully

2019-08-24 12:50:30 - [TEST_STEP][PASSED] - getStatusCode()).isEqualTo(200): null

2019-08-24 12:50:30 - [TEST_STEP][PASSED] - newline = System.getProperty("line.separator"): null

2019-08-24 12:50:30 - [TEST_STEP][PASSED] - M4_spin = new groovy.json.JsonSlurper(): null

2019-08-24 12:50:30 - [TEST_STEP][PASSED] - result_M4_spin = M4_spin.parseText(response.getResponseBodyContent()): null

2019-08-24 12:50:30 - [TEST_STEP][PASSED] - M4_spin_current_balance = current_balance: null

2019-08-24 12:50:30 - [TEST_STEP][PASSED] - M4_spin_current_balance = M4_spin_current_balance: null

2019-08-24 12:50:30 - [TEST_STEP][PASSED] - M4_spin_transaction_id = causality: null

2019-08-24 12:50:30 - [TEST_STEP][PASSED] - M4_spin_transaction_id = M4_spin_transaction_id: null

2019-08-24 12:50:30 - [TEST_STEP][PASSED] - M4_spin_round_id = round_id: null

2019-08-24 12:50:30 - [TEST_STEP][PASSED] - M4_spin_round_id = M4_spin_round_id: null

2019-08-24 12:50:30 - [TEST_STEP][PASSED] - M4_spin_line_wins = line_wins: null

2019-08-24 12:50:30 - [TEST_STEP][PASSED] - M4_spin_line_wins = M4_spin_line_wins: null

2019-08-24 12:50:30 - [TEST_STEP][PASSED] - M4_total_bonus_spins_int = total_bonus_spins: null

2019-08-24 12:50:30 - [TEST_STEP][PASSED] - println("******M4_total_bonus_spins type is:*******" + newline + getClass().getName()): null

2019-08-24 12:50:30 - [TEST_STEP][PASSED] - M4_total_bonus_spins_int = M4_total_bonus_spins_int: null

2019-08-24 12:50:30 - [TEST_STEP][PASSED] - M4_total_bonus_spins = Integer.toString(M4_total_bonus_spins_int): null

2019-08-24 12:50:30 - [TEST_STEP][PASSED] - M4_total_bonus_spins = M4_total_bonus_spins: null

2019-08-24 12:50:30 - [TEST_STEP][PASSED] - println("M4_total_bonus_spins is:" + M4_total_bonus_spins): null

2019-08-24 12:50:30 - [TEST_STEP][PASSED] - M4_spin_bonus_data = bonus_data: null

2019-08-24 12:50:30 - [TEST_STEP][PASSED] - M4_spin_features_triggered = result_M4_spin: null

2019-08-24 12:50:30 - [TEST_STEP][PASSED] - wild = []: null

2019-08-24 12:50:30 - [TEST_STEP][PASSED] - wild[0] = "WILD_Expanding": null

2019-08-24 12:50:30 - [TEST_STEP][PASSED] - wild[1] = "WILD_Normal": null

2019-08-24 12:50:30 - [TEST_STEP][PASSED] - wild[2] = "WILD_Double": null

2019-08-24 12:50:30 - [TEST_STEP][PASSED] - wild[3] = "WILD_ExtraFG": null

2019-08-24 12:50:30 - [TEST_STEP][PASSED] - wild[4] = "WILD_Triple": null

2019-08-24 12:50:30 - [TEST_STEP][PASSED] - wildList = Arrays.asList(wild): null

2019-08-24 12:50:30 - [TEST_STEP][PASSED] - wildList = wildList: null

2019-08-24 12:50:30 - [TEST_STEP][PASSED] - free_spin_reel_counter = []: null

2019-08-24 12:50:30 - [TEST_STEP][PASSED] - free_spin_reel_counter[0] = 0: null

2019-08-24 12:50:30 - [TEST_STEP][PASSED] - free_spin_reel_counter[1] = 0: null

2019-08-24 12:50:30 - [TEST_STEP][PASSED] - free_spin_reel_counter[2] = 0: null

2019-08-24 12:50:30 - [TEST_STEP][PASSED] - M4_spin_reels = reels: null

2019-08-24 12:50:30 - [TEST_STEP][PASSED] - for ([i = 0, i &lt; M4_spin_reels.size(), (i++)]): null

2019-08-24 12:50:30 - [TEST_STEP][PASSED] - symbols = symbols: null

2019-08-24 12:50:30 - [TEST_STEP][PASSED] - for ([j = 0, j &lt; symbols.size(), (j++)]): null

2019-08-24 12:50:30 - [TEST_STEP][PASSED] - symbol = symbol: null

2019-08-24 12:50:30 - [TEST_STEP][PASSED] - println(symbol): null

2019-08-24 12:50:30 - [TEST_STEP][PASSED] - if (i == 2 &amp;&amp; wildList.indexOf(symbol) != -1): null

2019-08-24 12:50:30 - [TEST_STEP][PASSED] - if (i == 3 &amp;&amp; wildList.indexOf(symbol) != -1): null

2019-08-24 12:50:30 - [TEST_STEP][PASSED] - if (i == 4 &amp;&amp; wildList.indexOf(symbol) != -1): null

2019-08-24 12:50:30 - [TEST_STEP][PASSED] - symbol = symbol: null

2019-08-24 12:50:30 - [TEST_STEP][PASSED] - println(symbol): null

2019-08-24 12:50:30 - [TEST_STEP][PASSED] - if (i == 2 &amp;&amp; wildList.indexOf(symbol) != -1): null

2019-08-24 12:50:30 - [TEST_STEP][PASSED] - if (i == 3 &amp;&amp; wildList.indexOf(symbol) != -1): null

2019-08-24 12:50:30 - [TEST_STEP][PASSED] - if (i == 4 &amp;&amp; wildList.indexOf(symbol) != -1): null

2019-08-24 12:50:30 - [TEST_STEP][PASSED] - symbol = symbol: null

2019-08-24 12:50:30 - [TEST_STEP][PASSED] - println(symbol): null

2019-08-24 12:50:30 - [TEST_STEP][PASSED] - if (i == 2 &amp;&amp; wildList.indexOf(symbol) != -1): null

2019-08-24 12:50:30 - [TEST_STEP][PASSED] - if (i == 3 &amp;&amp; wildList.indexOf(symbol) != -1): null

2019-08-24 12:50:30 - [TEST_STEP][PASSED] - if (i == 4 &amp;&amp; wildList.indexOf(symbol) != -1): null

2019-08-24 12:50:30 - [TEST_STEP][PASSED] - symbols = symbols: null

2019-08-24 12:50:30 - [TEST_STEP][PASSED] - for ([j = 0, j &lt; symbols.size(), (j++)]): null

2019-08-24 12:50:30 - [TEST_STEP][PASSED] - symbol = symbol: null

2019-08-24 12:50:30 - [TEST_STEP][PASSED] - println(symbol): null

2019-08-24 12:50:30 - [TEST_STEP][PASSED] - if (i == 2 &amp;&amp; wildList.indexOf(symbol) != -1): null

2019-08-24 12:50:30 - [TEST_STEP][PASSED] - if (i == 3 &amp;&amp; wildList.indexOf(symbol) != -1): null

2019-08-24 12:50:30 - [TEST_STEP][PASSED] - if (i == 4 &amp;&amp; wildList.indexOf(symbol) != -1): null

2019-08-24 12:50:30 - [TEST_STEP][PASSED] - symbol = symbol: null

2019-08-24 12:50:30 - [TEST_STEP][PASSED] - println(symbol): null

2019-08-24 12:50:30 - [TEST_STEP][PASSED] - if (i == 2 &amp;&amp; wildList.indexOf(symbol) != -1): null

2019-08-24 12:50:30 - [TEST_STEP][PASSED] - if (i == 3 &amp;&amp; wildList.indexOf(symbol) != -1): null

2019-08-24 12:50:30 - [TEST_STEP][PASSED] - if (i == 4 &amp;&amp; wildList.indexOf(symbol) != -1): null

2019-08-24 12:50:30 - [TEST_STEP][PASSED] - symbol = symbol: null

2019-08-24 12:50:30 - [TEST_STEP][PASSED] - println(symbol): null

2019-08-24 12:50:30 - [TEST_STEP][PASSED] - if (i == 2 &amp;&amp; wildList.indexOf(symbol) != -1): null

2019-08-24 12:50:30 - [TEST_STEP][PASSED] - if (i == 3 &amp;&amp; wildList.indexOf(symbol) != -1): null

2019-08-24 12:50:30 - [TEST_STEP][PASSED] - if (i == 4 &amp;&amp; wildList.indexOf(symbol) != -1): null

2019-08-24 12:50:30 - [TEST_STEP][PASSED] - symbols = symbols: null

2019-08-24 12:50:30 - [TEST_STEP][PASSED] - for ([j = 0, j &lt; symbols.size(), (j++)]): null

2019-08-24 12:50:30 - [TEST_STEP][PASSED] - symbol = symbol: null

2019-08-24 12:50:30 - [TEST_STEP][PASSED] - println(symbol): null

2019-08-24 12:50:30 - [TEST_STEP][PASSED] - if (i == 2 &amp;&amp; wildList.indexOf(symbol) != -1): null

2019-08-24 12:50:30 - [TEST_STEP][PASSED] - if (i == 3 &amp;&amp; wildList.indexOf(symbol) != -1): null

2019-08-24 12:50:30 - [TEST_STEP][PASSED] - if (i == 4 &amp;&amp; wildList.indexOf(symbol) != -1): null

2019-08-24 12:50:30 - [TEST_STEP][PASSED] - symbol = symbol: null

2019-08-24 12:50:30 - [TEST_STEP][PASSED] - println(symbol): null

2019-08-24 12:50:30 - [TEST_STEP][PASSED] - if (i == 2 &amp;&amp; wildList.indexOf(symbol) != -1): null

2019-08-24 12:50:30 - [TEST_STEP][PASSED] - if (i == 3 &amp;&amp; wildList.indexOf(symbol) != -1): null

2019-08-24 12:50:30 - [TEST_STEP][PASSED] - if (i == 4 &amp;&amp; wildList.indexOf(symbol) != -1): null

2019-08-24 12:50:30 - [TEST_STEP][PASSED] - symbol = symbol: null

2019-08-24 12:50:30 - [TEST_STEP][PASSED] - println(symbol): null

2019-08-24 12:50:30 - [TEST_STEP][PASSED] - if (i == 2 &amp;&amp; wildList.indexOf(symbol) != -1): null

2019-08-24 12:50:30 - [TEST_STEP][PASSED] - if (i == 3 &amp;&amp; wildList.indexOf(symbol) != -1): null

2019-08-24 12:50:30 - [TEST_STEP][PASSED] - if (i == 4 &amp;&amp; wildList.indexOf(symbol) != -1): null

2019-08-24 12:50:30 - [TEST_STEP][PASSED] - symbols = symbols: null

2019-08-24 12:50:30 - [TEST_STEP][PASSED] - for ([j = 0, j &lt; symbols.size(), (j++)]): null

2019-08-24 12:50:30 - [TEST_STEP][PASSED] - symbol = symbol: null

2019-08-24 12:50:30 - [TEST_STEP][PASSED] - println(symbol): null

2019-08-24 12:50:30 - [TEST_STEP][PASSED] - if (i == 2 &amp;&amp; wildList.indexOf(symbol) != -1): null

2019-08-24 12:50:30 - [TEST_STEP][PASSED] - if (i == 3 &amp;&amp; wildList.indexOf(symbol) != -1): null

2019-08-24 12:50:30 - [TEST_STEP][PASSED] - if (i == 4 &amp;&amp; wildList.indexOf(symbol) != -1): null

2019-08-24 12:50:30 - [TEST_STEP][PASSED] - symbol = symbol: null

2019-08-24 12:50:30 - [TEST_STEP][PASSED] - println(symbol): null

2019-08-24 12:50:30 - [TEST_STEP][PASSED] - if (i == 2 &amp;&amp; wildList.indexOf(symbol) != -1): null

2019-08-24 12:50:30 - [TEST_STEP][PASSED] - if (i == 3 &amp;&amp; wildList.indexOf(symbol) != -1): null

2019-08-24 12:50:30 - [TEST_STEP][PASSED] - if (i == 4 &amp;&amp; wildList.indexOf(symbol) != -1): null

2019-08-24 12:50:30 - [TEST_STEP][PASSED] - symbol = symbol: null

2019-08-24 12:50:30 - [TEST_STEP][PASSED] - println(symbol): null

2019-08-24 12:50:30 - [TEST_STEP][PASSED] - if (i == 2 &amp;&amp; wildList.indexOf(symbol) != -1): null

2019-08-24 12:50:30 - [TEST_STEP][PASSED] - if (i == 3 &amp;&amp; wildList.indexOf(symbol) != -1): null

2019-08-24 12:50:30 - [TEST_STEP][PASSED] - if (i == 4 &amp;&amp; wildList.indexOf(symbol) != -1): null

2019-08-24 12:50:30 - [TEST_STEP][PASSED] - symbols = symbols: null

2019-08-24 12:50:30 - [TEST_STEP][PASSED] - for ([j = 0, j &lt; symbols.size(), (j++)]): null

2019-08-24 12:50:30 - [TEST_STEP][PASSED] - symbol = symbol: null

2019-08-24 12:50:30 - [TEST_STEP][PASSED] - println(symbol): null

2019-08-24 12:50:30 - [TEST_STEP][PASSED] - if (i == 2 &amp;&amp; wildList.indexOf(symbol) != -1): null

2019-08-24 12:50:30 - [TEST_STEP][PASSED] - if (i == 3 &amp;&amp; wildList.indexOf(symbol) != -1): null

2019-08-24 12:50:30 - [TEST_STEP][PASSED] - if (i == 4 &amp;&amp; wildList.indexOf(symbol) != -1): null

2019-08-24 12:50:30 - [TEST_STEP][PASSED] - symbol = symbol: null

2019-08-24 12:50:30 - [TEST_STEP][PASSED] - println(symbol): null

2019-08-24 12:50:30 - [TEST_STEP][PASSED] - if (i == 2 &amp;&amp; wildList.indexOf(symbol) != -1): null

2019-08-24 12:50:30 - [TEST_STEP][PASSED] - if (i == 3 &amp;&amp; wildList.indexOf(symbol) != -1): null

2019-08-24 12:50:30 - [TEST_STEP][PASSED] - if (i == 4 &amp;&amp; wildList.indexOf(symbol) != -1): null

2019-08-24 12:50:30 - [TEST_STEP][PASSED] - symbol = symbol: null

2019-08-24 12:50:30 - [TEST_STEP][PASSED] - println(symbol): null

2019-08-24 12:50:30 - [TEST_STEP][PASSED] - if (i == 2 &amp;&amp; wildList.indexOf(symbol) != -1): null

2019-08-24 12:50:30 - [TEST_STEP][PASSED] - if (i == 3 &amp;&amp; wildList.indexOf(symbol) != -1): null

2019-08-24 12:50:30 - [TEST_STEP][PASSED] - if (i == 4 &amp;&amp; wildList.indexOf(symbol) != -1): null

2019-08-24 12:50:30 - [TEST_STEP][PASSED] - free_spin_reel_counter = free_spin_reel_counter: null

2019-08-24 12:50:30 - [TEST_STEP][PASSED] - println("reel 3 wild found: " + free_spin_reel_counter[0]): null

2019-08-24 12:50:30 - [TEST_STEP][PASSED] - println("reel 4 wild found: " + free_spin_reel_counter[1]): null

2019-08-24 12:50:30 - [TEST_STEP][PASSED] - println("reel 5 wild found: " + free_spin_reel_counter[2]): null

2019-08-24 12:50:30 - [TEST_STEP][PASSED] - M4_spin_reels = M4_spin_reels: null

2019-08-24 12:50:30 - [TEST_STEP][PASSED] - M4_spin_reels_symbols = symbol: null

2019-08-24 12:50:30 - [TEST_STEP][PASSED] - M4_spin_reels_symbols = M4_spin_reels_symbols: null

2019-08-24 12:50:30 - [TEST_STEP][PASSED] - M4_spin_reel_wins = reel_wins: null

2019-08-24 12:50:30 - [TEST_STEP][PASSED] - M4_spin_reel_wins = M4_spin_reel_wins: null

2019-08-24 12:50:30 - [TEST_STEP][PASSED] - println("GlobalVariable.M4_spin_reel_wins is: " + M4_spin_reel_wins): null

2019-08-24 12:50:30 - [TEST_STEP][PASSED] - M4_spin_total_bonus_win_this_round = total_bonus_win_this_round: null

2019-08-24 12:50:30 - [TEST_STEP][PASSED] - M4_spin_total_bonus_win_this_round = M4_spin_total_bonus_win_this_round: null

2019-08-24 12:50:30 - [TEST_STEP][PASSED] - println("GlobalVariable.M4_spin_total_bonus_win_this_round is: " + M4_spin_total_bonus_win_this_round): null

2019-08-24 12:50:30 - [TEST_STEP][PASSED] - M4_spin_bonus_spin_result = spin_result: null

2019-08-24 12:50:30 - [TEST_STEP][PASSED] - M4_spin_bonus_spin_result = M4_spin_bonus_spin_result: null

2019-08-24 12:50:30 - [MESSAGE][PASSED] - Verify response successfully

2019-08-24 12:50:30 - [MESSAGE][PASSED] - Send request and verify the response successfully

2019-08-24 12:50:30 - [TEST_STEP][PASSED] - if (M4_total_bonus_spins_int != 0 &amp;&amp; M4_spin_reels_symbols[2].contains("WILD_Double") || M4_spin_reels_symbols[4].contains("WILD_Triple")): null

2019-08-24 12:50:30 - [TEST_STEP][PASSED] - free_spin_reel_counter = free_spin_reel_counter: null

2019-08-24 12:50:30 - [TEST_STEP][PASSED] - M4_spin_reels_symbols = M4_spin_reels_symbols: null

2019-08-24 12:50:30 - [TEST_STEP][PASSED] - M4_total_bonus_spins = M4_total_bonus_spins: null

2019-08-24 12:50:30 - [TEST_STEP][PASSED] - spin_result = sendRequestAndVerify(findTestObject("INT/RGS(M4)/1_M4_spin", ["M4_login_user_id":M4_login_user_id, "rgs_session_token":rgs_session_token, "partner":Partner])): Send request and verify the response successfully

2019-08-24 12:50:30 - [MESSAGE][INFO] - HAR: /Users/eiralee/Katalon_Script/SuperWild/Reports/20190824_124242/INT/superWild_4/20190824_124242/requests/main/142.har

2019-08-24 12:50:30 - [TEST_CASE][PASSED] - Start Test Case : Verification: Verification accomplished successfully

2019-08-24 12:50:30 - [TEST_STEP][PASSED] - request = getInstance().getCurrentRequest(): null

2019-08-24 12:50:30 - [TEST_STEP][PASSED] - response = getInstance().getCurrentResponse(): null

2019-08-24 12:50:30 - [TEST_STEP][PASSED] - verifyResponseStatusCode(response, 200): Verify response status code successfully

2019-08-24 12:50:30 - [MESSAGE][PASSED] - Verify response status code successfully

2019-08-24 12:50:30 - [TEST_STEP][PASSED] - getStatusCode()).isEqualTo(200): null

2019-08-24 12:50:30 - [TEST_STEP][PASSED] - newline = System.getProperty("line.separator"): null

2019-08-24 12:50:30 - [TEST_STEP][PASSED] - M4_spin = new groovy.json.JsonSlurper(): null

2019-08-24 12:50:30 - [TEST_STEP][PASSED] - result_M4_spin = M4_spin.parseText(response.getResponseBodyContent()): null

2019-08-24 12:50:30 - [TEST_STEP][PASSED] - M4_spin_current_balance = current_balance: null

2019-08-24 12:50:30 - [TEST_STEP][PASSED] - M4_spin_current_balance = M4_spin_current_balance: null

2019-08-24 12:50:30 - [TEST_STEP][PASSED] - M4_spin_transaction_id = causality: null

2019-08-24 12:50:30 - [TEST_STEP][PASSED] - M4_spin_transaction_id = M4_spin_transaction_id: null

2019-08-24 12:50:30 - [TEST_STEP][PASSED] - M4_spin_round_id = round_id: null

2019-08-24 12:50:30 - [TEST_STEP][PASSED] - M4_spin_round_id = M4_spin_round_id: null

2019-08-24 12:50:30 - [TEST_STEP][PASSED] - M4_spin_line_wins = line_wins: null

2019-08-24 12:50:30 - [TEST_STEP][PASSED] - M4_spin_line_wins = M4_spin_line_wins: null

2019-08-24 12:50:30 - [TEST_STEP][PASSED] - M4_total_bonus_spins_int = total_bonus_spins: null

2019-08-24 12:50:30 - [TEST_STEP][PASSED] - println("******M4_total_bonus_spins type is:*******" + newline + getClass().getName()): null

2019-08-24 12:50:30 - [TEST_STEP][PASSED] - M4_total_bonus_spins_int = M4_total_bonus_spins_int: null

2019-08-24 12:50:30 - [TEST_STEP][PASSED] - M4_total_bonus_spins = Integer.toString(M4_total_bonus_spins_int): null

2019-08-24 12:50:30 - [TEST_STEP][PASSED] - M4_total_bonus_spins = M4_total_bonus_spins: null

2019-08-24 12:50:30 - [TEST_STEP][PASSED] - println("M4_total_bonus_spins is:" + M4_total_bonus_spins): null

2019-08-24 12:50:30 - [TEST_STEP][PASSED] - M4_spin_bonus_data = bonus_data: null

2019-08-24 12:50:30 - [TEST_STEP][PASSED] - M4_spin_features_triggered = result_M4_spin: null

2019-08-24 12:50:30 - [TEST_STEP][PASSED] - wild = []: null

2019-08-24 12:50:30 - [TEST_STEP][PASSED] - wild[0] = "WILD_Expanding": null

2019-08-24 12:50:30 - [TEST_STEP][PASSED] - wild[1] = "WILD_Normal": null

2019-08-24 12:50:30 - [TEST_STEP][PASSED] - wild[2] = "WILD_Double": null

2019-08-24 12:50:30 - [TEST_STEP][PASSED] - wild[3] = "WILD_ExtraFG": null

2019-08-24 12:50:30 - [TEST_STEP][PASSED] - wild[4] = "WILD_Triple": null

2019-08-24 12:50:30 - [TEST_STEP][PASSED] - wildList = Arrays.asList(wild): null

2019-08-24 12:50:30 - [TEST_STEP][PASSED] - wildList = wildList: null

2019-08-24 12:50:30 - [TEST_STEP][PASSED] - free_spin_reel_counter = []: null

2019-08-24 12:50:30 - [TEST_STEP][PASSED] - free_spin_reel_counter[0] = 0: null

2019-08-24 12:50:30 - [TEST_STEP][PASSED] - free_spin_reel_counter[1] = 0: null

2019-08-24 12:50:30 - [TEST_STEP][PASSED] - free_spin_reel_counter[2] = 0: null

2019-08-24 12:50:30 - [TEST_STEP][PASSED] - M4_spin_reels = reels: null

2019-08-24 12:50:30 - [TEST_STEP][PASSED] - for ([i = 0, i &lt; M4_spin_reels.size(), (i++)]): null

2019-08-24 12:50:30 - [TEST_STEP][PASSED] - symbols = symbols: null

2019-08-24 12:50:30 - [TEST_STEP][PASSED] - for ([j = 0, j &lt; symbols.size(), (j++)]): null

2019-08-24 12:50:30 - [TEST_STEP][PASSED] - symbol = symbol: null

2019-08-24 12:50:30 - [TEST_STEP][PASSED] - println(symbol): null

2019-08-24 12:50:30 - [TEST_STEP][PASSED] - if (i == 2 &amp;&amp; wildList.indexOf(symbol) != -1): null

2019-08-24 12:50:30 - [TEST_STEP][PASSED] - if (i == 3 &amp;&amp; wildList.indexOf(symbol) != -1): null

2019-08-24 12:50:30 - [TEST_STEP][PASSED] - if (i == 4 &amp;&amp; wildList.indexOf(symbol) != -1): null

2019-08-24 12:50:30 - [TEST_STEP][PASSED] - symbol = symbol: null

2019-08-24 12:50:30 - [TEST_STEP][PASSED] - println(symbol): null

2019-08-24 12:50:30 - [TEST_STEP][PASSED] - if (i == 2 &amp;&amp; wildList.indexOf(symbol) != -1): null

2019-08-24 12:50:30 - [TEST_STEP][PASSED] - if (i == 3 &amp;&amp; wildList.indexOf(symbol) != -1): null

2019-08-24 12:50:30 - [TEST_STEP][PASSED] - if (i == 4 &amp;&amp; wildList.indexOf(symbol) != -1): null

2019-08-24 12:50:30 - [TEST_STEP][PASSED] - symbol = symbol: null

2019-08-24 12:50:30 - [TEST_STEP][PASSED] - println(symbol): null

2019-08-24 12:50:30 - [TEST_STEP][PASSED] - if (i == 2 &amp;&amp; wildList.indexOf(symbol) != -1): null

2019-08-24 12:50:30 - [TEST_STEP][PASSED] - if (i == 3 &amp;&amp; wildList.indexOf(symbol) != -1): null

2019-08-24 12:50:30 - [TEST_STEP][PASSED] - if (i == 4 &amp;&amp; wildList.indexOf(symbol) != -1): null

2019-08-24 12:50:30 - [TEST_STEP][PASSED] - symbols = symbols: null

2019-08-24 12:50:30 - [TEST_STEP][PASSED] - for ([j = 0, j &lt; symbols.size(), (j++)]): null

2019-08-24 12:50:30 - [TEST_STEP][PASSED] - symbol = symbol: null

2019-08-24 12:50:30 - [TEST_STEP][PASSED] - println(symbol): null

2019-08-24 12:50:30 - [TEST_STEP][PASSED] - if (i == 2 &amp;&amp; wildList.indexOf(symbol) != -1): null

2019-08-24 12:50:30 - [TEST_STEP][PASSED] - if (i == 3 &amp;&amp; wildList.indexOf(symbol) != -1): null

2019-08-24 12:50:30 - [TEST_STEP][PASSED] - if (i == 4 &amp;&amp; wildList.indexOf(symbol) != -1): null

2019-08-24 12:50:30 - [TEST_STEP][PASSED] - symbol = symbol: null

2019-08-24 12:50:30 - [TEST_STEP][PASSED] - println(symbol): null

2019-08-24 12:50:30 - [TEST_STEP][PASSED] - if (i == 2 &amp;&amp; wildList.indexOf(symbol) != -1): null

2019-08-24 12:50:30 - [TEST_STEP][PASSED] - if (i == 3 &amp;&amp; wildList.indexOf(symbol) != -1): null

2019-08-24 12:50:30 - [TEST_STEP][PASSED] - if (i == 4 &amp;&amp; wildList.indexOf(symbol) != -1): null

2019-08-24 12:50:30 - [TEST_STEP][PASSED] - symbol = symbol: null

2019-08-24 12:50:30 - [TEST_STEP][PASSED] - println(symbol): null

2019-08-24 12:50:30 - [TEST_STEP][PASSED] - if (i == 2 &amp;&amp; wildList.indexOf(symbol) != -1): null

2019-08-24 12:50:30 - [TEST_STEP][PASSED] - if (i == 3 &amp;&amp; wildList.indexOf(symbol) != -1): null

2019-08-24 12:50:30 - [TEST_STEP][PASSED] - if (i == 4 &amp;&amp; wildList.indexOf(symbol) != -1): null

2019-08-24 12:50:30 - [TEST_STEP][PASSED] - symbols = symbols: null

2019-08-24 12:50:30 - [TEST_STEP][PASSED] - for ([j = 0, j &lt; symbols.size(), (j++)]): null

2019-08-24 12:50:30 - [TEST_STEP][PASSED] - symbol = symbol: null

2019-08-24 12:50:30 - [TEST_STEP][PASSED] - println(symbol): null

2019-08-24 12:50:30 - [TEST_STEP][PASSED] - if (i == 2 &amp;&amp; wildList.indexOf(symbol) != -1): null

2019-08-24 12:50:30 - [TEST_STEP][PASSED] - println("wild found on reel 3, adding counter by 1"): null

2019-08-24 12:50:30 - [TEST_STEP][PASSED] - free_spin_reel_counter[0] = free_spin_reel_counter[0] + 1: null

2019-08-24 12:50:30 - [TEST_STEP][PASSED] - if (i == 3 &amp;&amp; wildList.indexOf(symbol) != -1): null

2019-08-24 12:50:30 - [TEST_STEP][PASSED] - if (i == 4 &amp;&amp; wildList.indexOf(symbol) != -1): null

2019-08-24 12:50:30 - [TEST_STEP][PASSED] - symbol = symbol: null

2019-08-24 12:50:30 - [TEST_STEP][PASSED] - println(symbol): null

2019-08-24 12:50:30 - [TEST_STEP][PASSED] - if (i == 2 &amp;&amp; wildList.indexOf(symbol) != -1): null

2019-08-24 12:50:30 - [TEST_STEP][PASSED] - if (i == 3 &amp;&amp; wildList.indexOf(symbol) != -1): null

2019-08-24 12:50:30 - [TEST_STEP][PASSED] - if (i == 4 &amp;&amp; wildList.indexOf(symbol) != -1): null

2019-08-24 12:50:30 - [TEST_STEP][PASSED] - symbol = symbol: null

2019-08-24 12:50:30 - [TEST_STEP][PASSED] - println(symbol): null

2019-08-24 12:50:30 - [TEST_STEP][PASSED] - if (i == 2 &amp;&amp; wildList.indexOf(symbol) != -1): null

2019-08-24 12:50:30 - [TEST_STEP][PASSED] - if (i == 3 &amp;&amp; wildList.indexOf(symbol) != -1): null

2019-08-24 12:50:30 - [TEST_STEP][PASSED] - if (i == 4 &amp;&amp; wildList.indexOf(symbol) != -1): null

2019-08-24 12:50:30 - [TEST_STEP][PASSED] - symbols = symbols: null

2019-08-24 12:50:30 - [TEST_STEP][PASSED] - for ([j = 0, j &lt; symbols.size(), (j++)]): null

2019-08-24 12:50:30 - [TEST_STEP][PASSED] - symbol = symbol: null

2019-08-24 12:50:30 - [TEST_STEP][PASSED] - println(symbol): null

2019-08-24 12:50:30 - [TEST_STEP][PASSED] - if (i == 2 &amp;&amp; wildList.indexOf(symbol) != -1): null

2019-08-24 12:50:30 - [TEST_STEP][PASSED] - if (i == 3 &amp;&amp; wildList.indexOf(symbol) != -1): null

2019-08-24 12:50:30 - [TEST_STEP][PASSED] - if (i == 4 &amp;&amp; wildList.indexOf(symbol) != -1): null

2019-08-24 12:50:30 - [TEST_STEP][PASSED] - symbol = symbol: null

2019-08-24 12:50:30 - [TEST_STEP][PASSED] - println(symbol): null

2019-08-24 12:50:30 - [TEST_STEP][PASSED] - if (i == 2 &amp;&amp; wildList.indexOf(symbol) != -1): null

2019-08-24 12:50:30 - [TEST_STEP][PASSED] - if (i == 3 &amp;&amp; wildList.indexOf(symbol) != -1): null

2019-08-24 12:50:30 - [TEST_STEP][PASSED] - if (i == 4 &amp;&amp; wildList.indexOf(symbol) != -1): null

2019-08-24 12:50:30 - [TEST_STEP][PASSED] - symbol = symbol: null

2019-08-24 12:50:30 - [TEST_STEP][PASSED] - println(symbol): null

2019-08-24 12:50:30 - [TEST_STEP][PASSED] - if (i == 2 &amp;&amp; wildList.indexOf(symbol) != -1): null

2019-08-24 12:50:30 - [TEST_STEP][PASSED] - if (i == 3 &amp;&amp; wildList.indexOf(symbol) != -1): null

2019-08-24 12:50:30 - [TEST_STEP][PASSED] - if (i == 4 &amp;&amp; wildList.indexOf(symbol) != -1): null

2019-08-24 12:50:30 - [TEST_STEP][PASSED] - symbols = symbols: null

2019-08-24 12:50:30 - [TEST_STEP][PASSED] - for ([j = 0, j &lt; symbols.size(), (j++)]): null

2019-08-24 12:50:30 - [TEST_STEP][PASSED] - symbol = symbol: null

2019-08-24 12:50:30 - [TEST_STEP][PASSED] - println(symbol): null

2019-08-24 12:50:30 - [TEST_STEP][PASSED] - if (i == 2 &amp;&amp; wildList.indexOf(symbol) != -1): null

2019-08-24 12:50:30 - [TEST_STEP][PASSED] - if (i == 3 &amp;&amp; wildList.indexOf(symbol) != -1): null

2019-08-24 12:50:30 - [TEST_STEP][PASSED] - if (i == 4 &amp;&amp; wildList.indexOf(symbol) != -1): null

2019-08-24 12:50:30 - [TEST_STEP][PASSED] - symbol = symbol: null

2019-08-24 12:50:30 - [TEST_STEP][PASSED] - println(symbol): null

2019-08-24 12:50:30 - [TEST_STEP][PASSED] - if (i == 2 &amp;&amp; wildList.indexOf(symbol) != -1): null

2019-08-24 12:50:30 - [TEST_STEP][PASSED] - if (i == 3 &amp;&amp; wildList.indexOf(symbol) != -1): null

2019-08-24 12:50:30 - [TEST_STEP][PASSED] - if (i == 4 &amp;&amp; wildList.indexOf(symbol) != -1): null

2019-08-24 12:50:30 - [TEST_STEP][PASSED] - symbol = symbol: null

2019-08-24 12:50:35 - [TEST_STEP][PASSED] - println(symbol): null

2019-08-24 12:50:35 - [TEST_STEP][PASSED] - if (i == 2 &amp;&amp; wildList.indexOf(symbol) != -1): null

2019-08-24 12:50:35 - [TEST_STEP][PASSED] - if (i == 3 &amp;&amp; wildList.indexOf(symbol) != -1): null

2019-08-24 12:50:35 - [TEST_STEP][PASSED] - if (i == 4 &amp;&amp; wildList.indexOf(symbol) != -1): null

2019-08-24 12:50:35 - [TEST_STEP][PASSED] - free_spin_reel_counter = free_spin_reel_counter: null

2019-08-24 12:50:35 - [TEST_STEP][PASSED] - println("reel 3 wild found: " + free_spin_reel_counter[0]): null

2019-08-24 12:50:35 - [TEST_STEP][PASSED] - println("reel 4 wild found: " + free_spin_reel_counter[1]): null

2019-08-24 12:50:35 - [TEST_STEP][PASSED] - println("reel 5 wild found: " + free_spin_reel_counter[2]): null

2019-08-24 12:50:35 - [TEST_STEP][PASSED] - M4_spin_reels = M4_spin_reels: null

2019-08-24 12:50:37 - [TEST_STEP][PASSED] - M4_spin_reels_symbols = symbol: null

2019-08-24 12:50:37 - [TEST_STEP][PASSED] - M4_spin_reels_symbols = M4_spin_reels_symbols: null

2019-08-24 12:50:37 - [TEST_STEP][PASSED] - M4_spin_reel_wins = reel_wins: null

2019-08-24 12:50:37 - [TEST_STEP][PASSED] - M4_spin_reel_wins = M4_spin_reel_wins: null

2019-08-24 12:50:37 - [TEST_STEP][PASSED] - println("GlobalVariable.M4_spin_reel_wins is: " + M4_spin_reel_wins): null

2019-08-24 12:50:37 - [TEST_STEP][PASSED] - M4_spin_total_bonus_win_this_round = total_bonus_win_this_round: null

2019-08-24 12:50:37 - [TEST_STEP][PASSED] - M4_spin_total_bonus_win_this_round = M4_spin_total_bonus_win_this_round: null

2019-08-24 12:50:37 - [TEST_STEP][PASSED] - println("GlobalVariable.M4_spin_total_bonus_win_this_round is: " + M4_spin_total_bonus_win_this_round): null

2019-08-24 12:50:37 - [TEST_STEP][PASSED] - M4_spin_bonus_spin_result = spin_result: null

2019-08-24 12:50:37 - [TEST_STEP][PASSED] - M4_spin_bonus_spin_result = M4_spin_bonus_spin_result: null

2019-08-24 12:50:37 - [MESSAGE][PASSED] - Verify response successfully

2019-08-24 12:50:37 - [MESSAGE][PASSED] - Send request and verify the response successfully

2019-08-24 12:50:37 - [TEST_STEP][PASSED] - if (M4_total_bonus_spins_int != 0 &amp;&amp; M4_spin_reels_symbols[2].contains("WILD_Double") || M4_spin_reels_symbols[4].contains("WILD_Triple")): null

2019-08-24 12:50:37 - [TEST_STEP][PASSED] - free_spin_reel_counter = free_spin_reel_counter: null

2019-08-24 12:50:37 - [TEST_STEP][PASSED] - M4_spin_reels_symbols = M4_spin_reels_symbols: null

2019-08-24 12:50:37 - [TEST_STEP][PASSED] - M4_total_bonus_spins = M4_total_bonus_spins: null

2019-08-24 12:50:37 - [TEST_STEP][PASSED] - spin_result = sendRequestAndVerify(findTestObject("INT/RGS(M4)/1_M4_spin", ["M4_login_user_id":M4_login_user_id, "rgs_session_token":rgs_session_token, "partner":Partner])): Send request and verify the response successfully

2019-08-24 12:50:37 - [MESSAGE][INFO] - HAR: /Users/eiralee/Katalon_Script/SuperWild/Reports/20190824_124242/INT/superWild_4/20190824_124242/requests/main/143.har

2019-08-24 12:50:37 - [TEST_CASE][PASSED] - Start Test Case : Verification: Verification accomplished successfully

2019-08-24 12:50:37 - [TEST_STEP][PASSED] - request = getInstance().getCurrentRequest(): null

2019-08-24 12:50:37 - [TEST_STEP][PASSED] - response = getInstance().getCurrentResponse(): null

2019-08-24 12:50:37 - [TEST_STEP][PASSED] - verifyResponseStatusCode(response, 200): Verify response status code successfully

2019-08-24 12:50:37 - [MESSAGE][PASSED] - Verify response status code successfully

2019-08-24 12:50:37 - [TEST_STEP][PASSED] - getStatusCode()).isEqualTo(200): null

2019-08-24 12:50:37 - [TEST_STEP][PASSED] - newline = System.getProperty("line.separator"): null

2019-08-24 12:50:37 - [TEST_STEP][PASSED] - M4_spin = new groovy.json.JsonSlurper(): null

2019-08-24 12:50:37 - [TEST_STEP][PASSED] - result_M4_spin = M4_spin.parseText(response.getResponseBodyContent()): null

2019-08-24 12:50:37 - [TEST_STEP][PASSED] - M4_spin_current_balance = current_balance: null

2019-08-24 12:50:37 - [TEST_STEP][PASSED] - M4_spin_current_balance = M4_spin_current_balance: null

2019-08-24 12:50:37 - [TEST_STEP][PASSED] - M4_spin_transaction_id = causality: null

2019-08-24 12:50:37 - [TEST_STEP][PASSED] - M4_spin_transaction_id = M4_spin_transaction_id: null

2019-08-24 12:50:37 - [TEST_STEP][PASSED] - M4_spin_round_id = round_id: null

2019-08-24 12:50:37 - [TEST_STEP][PASSED] - M4_spin_round_id = M4_spin_round_id: null

2019-08-24 12:50:37 - [TEST_STEP][PASSED] - M4_spin_line_wins = line_wins: null

2019-08-24 12:50:37 - [TEST_STEP][PASSED] - M4_spin_line_wins = M4_spin_line_wins: null

2019-08-24 12:50:37 - [TEST_STEP][PASSED] - M4_total_bonus_spins_int = total_bonus_spins: null

2019-08-24 12:50:37 - [TEST_STEP][PASSED] - println("******M4_total_bonus_spins type is:*******" + newline + getClass().getName()): null

2019-08-24 12:50:37 - [TEST_STEP][PASSED] - M4_total_bonus_spins_int = M4_total_bonus_spins_int: null

2019-08-24 12:50:37 - [TEST_STEP][PASSED] - M4_total_bonus_spins = Integer.toString(M4_total_bonus_spins_int): null

2019-08-24 12:50:37 - [TEST_STEP][PASSED] - M4_total_bonus_spins = M4_total_bonus_spins: null

2019-08-24 12:50:37 - [TEST_STEP][PASSED] - println("M4_total_bonus_spins is:" + M4_total_bonus_spins): null

2019-08-24 12:50:37 - [TEST_STEP][PASSED] - M4_spin_bonus_data = bonus_data: null

2019-08-24 12:50:37 - [TEST_STEP][PASSED] - M4_spin_features_triggered = result_M4_spin: null

2019-08-24 12:50:37 - [TEST_STEP][PASSED] - wild = []: null

2019-08-24 12:50:37 - [TEST_STEP][PASSED] - wild[0] = "WILD_Expanding": null

2019-08-24 12:50:37 - [TEST_STEP][PASSED] - wild[1] = "WILD_Normal": null

2019-08-24 12:50:37 - [TEST_STEP][PASSED] - wild[2] = "WILD_Double": null

2019-08-24 12:50:37 - [TEST_STEP][PASSED] - wild[3] = "WILD_ExtraFG": null

2019-08-24 12:50:37 - [TEST_STEP][PASSED] - wild[4] = "WILD_Triple": null

2019-08-24 12:50:37 - [TEST_STEP][PASSED] - wildList = Arrays.asList(wild): null

2019-08-24 12:50:37 - [TEST_STEP][PASSED] - wildList = wildList: null

2019-08-24 12:50:37 - [TEST_STEP][PASSED] - free_spin_reel_counter = []: null

2019-08-24 12:50:37 - [TEST_STEP][PASSED] - free_spin_reel_counter[0] = 0: null

2019-08-24 12:50:37 - [TEST_STEP][PASSED] - free_spin_reel_counter[1] = 0: null

2019-08-24 12:50:37 - [TEST_STEP][PASSED] - free_spin_reel_counter[2] = 0: null

2019-08-24 12:50:37 - [TEST_STEP][PASSED] - M4_spin_reels = reels: null

2019-08-24 12:50:37 - [TEST_STEP][PASSED] - for ([i = 0, i &lt; M4_spin_reels.size(), (i++)]): null

2019-08-24 12:50:37 - [TEST_STEP][PASSED] - symbols = symbols: null

2019-08-24 12:50:37 - [TEST_STEP][PASSED] - for ([j = 0, j &lt; symbols.size(), (j++)]): null

2019-08-24 12:50:37 - [TEST_STEP][PASSED] - symbol = symbol: null

2019-08-24 12:50:37 - [TEST_STEP][PASSED] - println(symbol): null

2019-08-24 12:50:37 - [TEST_STEP][PASSED] - if (i == 2 &amp;&amp; wildList.indexOf(symbol) != -1): null

2019-08-24 12:50:37 - [TEST_STEP][PASSED] - if (i == 3 &amp;&amp; wildList.indexOf(symbol) != -1): null

2019-08-24 12:50:37 - [TEST_STEP][PASSED] - if (i == 4 &amp;&amp; wildList.indexOf(symbol) != -1): null

2019-08-24 12:50:37 - [TEST_STEP][PASSED] - symbol = symbol: null

2019-08-24 12:50:37 - [TEST_STEP][PASSED] - println(symbol): null

2019-08-24 12:50:37 - [TEST_STEP][PASSED] - if (i == 2 &amp;&amp; wildList.indexOf(symbol) != -1): null

2019-08-24 12:50:37 - [TEST_STEP][PASSED] - if (i == 3 &amp;&amp; wildList.indexOf(symbol) != -1): null

2019-08-24 12:50:37 - [TEST_STEP][PASSED] - if (i == 4 &amp;&amp; wildList.indexOf(symbol) != -1): null

2019-08-24 12:50:37 - [TEST_STEP][PASSED] - symbol = symbol: null

2019-08-24 12:50:37 - [TEST_STEP][PASSED] - println(symbol): null

2019-08-24 12:50:37 - [TEST_STEP][PASSED] - if (i == 2 &amp;&amp; wildList.indexOf(symbol) != -1): null

2019-08-24 12:50:37 - [TEST_STEP][PASSED] - if (i == 3 &amp;&amp; wildList.indexOf(symbol) != -1): null

2019-08-24 12:50:37 - [TEST_STEP][PASSED] - if (i == 4 &amp;&amp; wildList.indexOf(symbol) != -1): null

2019-08-24 12:50:37 - [TEST_STEP][PASSED] - symbols = symbols: null

2019-08-24 12:50:37 - [TEST_STEP][PASSED] - for ([j = 0, j &lt; symbols.size(), (j++)]): null

2019-08-24 12:50:37 - [TEST_STEP][PASSED] - symbol = symbol: null

2019-08-24 12:50:37 - [TEST_STEP][PASSED] - println(symbol): null

2019-08-24 12:50:37 - [TEST_STEP][PASSED] - if (i == 2 &amp;&amp; wildList.indexOf(symbol) != -1): null

2019-08-24 12:50:37 - [TEST_STEP][PASSED] - if (i == 3 &amp;&amp; wildList.indexOf(symbol) != -1): null

2019-08-24 12:50:37 - [TEST_STEP][PASSED] - if (i == 4 &amp;&amp; wildList.indexOf(symbol) != -1): null

2019-08-24 12:50:37 - [TEST_STEP][PASSED] - symbol = symbol: null

2019-08-24 12:50:37 - [TEST_STEP][PASSED] - println(symbol): null

2019-08-24 12:50:37 - [TEST_STEP][PASSED] - if (i == 2 &amp;&amp; wildList.indexOf(symbol) != -1): null

2019-08-24 12:50:37 - [TEST_STEP][PASSED] - if (i == 3 &amp;&amp; wildList.indexOf(symbol) != -1): null

2019-08-24 12:50:37 - [TEST_STEP][PASSED] - if (i == 4 &amp;&amp; wildList.indexOf(symbol) != -1): null

2019-08-24 12:50:37 - [TEST_STEP][PASSED] - symbol = symbol: null

2019-08-24 12:50:37 - [TEST_STEP][PASSED] - println(symbol): null

2019-08-24 12:50:37 - [TEST_STEP][PASSED] - if (i == 2 &amp;&amp; wildList.indexOf(symbol) != -1): null

2019-08-24 12:50:37 - [TEST_STEP][PASSED] - if (i == 3 &amp;&amp; wildList.indexOf(symbol) != -1): null

2019-08-24 12:50:37 - [TEST_STEP][PASSED] - if (i == 4 &amp;&amp; wildList.indexOf(symbol) != -1): null

2019-08-24 12:50:37 - [TEST_STEP][PASSED] - symbols = symbols: null

2019-08-24 12:50:37 - [TEST_STEP][PASSED] - for ([j = 0, j &lt; symbols.size(), (j++)]): null

2019-08-24 12:50:37 - [TEST_STEP][PASSED] - symbol = symbol: null

2019-08-24 12:50:37 - [TEST_STEP][PASSED] - println(symbol): null

2019-08-24 12:50:37 - [TEST_STEP][PASSED] - if (i == 2 &amp;&amp; wildList.indexOf(symbol) != -1): null

2019-08-24 12:50:37 - [TEST_STEP][PASSED] - if (i == 3 &amp;&amp; wildList.indexOf(symbol) != -1): null

2019-08-24 12:50:37 - [TEST_STEP][PASSED] - if (i == 4 &amp;&amp; wildList.indexOf(symbol) != -1): null

2019-08-24 12:50:37 - [TEST_STEP][PASSED] - symbol = symbol: null

2019-08-24 12:50:37 - [TEST_STEP][PASSED] - println(symbol): null

2019-08-24 12:50:37 - [TEST_STEP][PASSED] - if (i == 2 &amp;&amp; wildList.indexOf(symbol) != -1): null

2019-08-24 12:50:37 - [TEST_STEP][PASSED] - if (i == 3 &amp;&amp; wildList.indexOf(symbol) != -1): null

2019-08-24 12:50:37 - [TEST_STEP][PASSED] - if (i == 4 &amp;&amp; wildList.indexOf(symbol) != -1): null

2019-08-24 12:50:37 - [TEST_STEP][PASSED] - symbol = symbol: null

2019-08-24 12:50:37 - [TEST_STEP][PASSED] - println(symbol): null

2019-08-24 12:50:37 - [TEST_STEP][PASSED] - if (i == 2 &amp;&amp; wildList.indexOf(symbol) != -1): null

2019-08-24 12:50:37 - [TEST_STEP][PASSED] - if (i == 3 &amp;&amp; wildList.indexOf(symbol) != -1): null

2019-08-24 12:50:37 - [TEST_STEP][PASSED] - if (i == 4 &amp;&amp; wildList.indexOf(symbol) != -1): null

2019-08-24 12:50:37 - [TEST_STEP][PASSED] - symbols = symbols: null

2019-08-24 12:50:37 - [TEST_STEP][PASSED] - for ([j = 0, j &lt; symbols.size(), (j++)]): null

2019-08-24 12:50:37 - [TEST_STEP][PASSED] - symbol = symbol: null

2019-08-24 12:50:37 - [TEST_STEP][PASSED] - println(symbol): null

2019-08-24 12:50:37 - [TEST_STEP][PASSED] - if (i == 2 &amp;&amp; wildList.indexOf(symbol) != -1): null

2019-08-24 12:50:37 - [TEST_STEP][PASSED] - if (i == 3 &amp;&amp; wildList.indexOf(symbol) != -1): null

2019-08-24 12:50:37 - [TEST_STEP][PASSED] - if (i == 4 &amp;&amp; wildList.indexOf(symbol) != -1): null

2019-08-24 12:50:37 - [TEST_STEP][PASSED] - symbol = symbol: null

2019-08-24 12:50:37 - [TEST_STEP][PASSED] - println(symbol): null

2019-08-24 12:50:37 - [TEST_STEP][PASSED] - if (i == 2 &amp;&amp; wildList.indexOf(symbol) != -1): null

2019-08-24 12:50:37 - [TEST_STEP][PASSED] - if (i == 3 &amp;&amp; wildList.indexOf(symbol) != -1): null

2019-08-24 12:50:37 - [TEST_STEP][PASSED] - if (i == 4 &amp;&amp; wildList.indexOf(symbol) != -1): null

2019-08-24 12:50:37 - [TEST_STEP][PASSED] - symbol = symbol: null

2019-08-24 12:50:37 - [TEST_STEP][PASSED] - println(symbol): null

2019-08-24 12:50:37 - [TEST_STEP][PASSED] - if (i == 2 &amp;&amp; wildList.indexOf(symbol) != -1): null

2019-08-24 12:50:37 - [TEST_STEP][PASSED] - if (i == 3 &amp;&amp; wildList.indexOf(symbol) != -1): null

2019-08-24 12:50:37 - [TEST_STEP][PASSED] - if (i == 4 &amp;&amp; wildList.indexOf(symbol) != -1): null

2019-08-24 12:50:37 - [TEST_STEP][PASSED] - symbols = symbols: null

2019-08-24 12:50:37 - [TEST_STEP][PASSED] - for ([j = 0, j &lt; symbols.size(), (j++)]): null

2019-08-24 12:50:37 - [TEST_STEP][PASSED] - symbol = symbol: null

2019-08-24 12:50:37 - [TEST_STEP][PASSED] - println(symbol): null

2019-08-24 12:50:37 - [TEST_STEP][PASSED] - if (i == 2 &amp;&amp; wildList.indexOf(symbol) != -1): null

2019-08-24 12:50:37 - [TEST_STEP][PASSED] - if (i == 3 &amp;&amp; wildList.indexOf(symbol) != -1): null

2019-08-24 12:50:37 - [TEST_STEP][PASSED] - if (i == 4 &amp;&amp; wildList.indexOf(symbol) != -1): null

2019-08-24 12:50:37 - [TEST_STEP][PASSED] - symbol = symbol: null

2019-08-24 12:50:37 - [TEST_STEP][PASSED] - println(symbol): null

2019-08-24 12:50:37 - [TEST_STEP][PASSED] - if (i == 2 &amp;&amp; wildList.indexOf(symbol) != -1): null

2019-08-24 12:50:37 - [TEST_STEP][PASSED] - if (i == 3 &amp;&amp; wildList.indexOf(symbol) != -1): null

2019-08-24 12:50:37 - [TEST_STEP][PASSED] - if (i == 4 &amp;&amp; wildList.indexOf(symbol) != -1): null

2019-08-24 12:50:37 - [TEST_STEP][PASSED] - symbol = symbol: null

2019-08-24 12:50:37 - [TEST_STEP][PASSED] - println(symbol): null

2019-08-24 12:50:37 - [TEST_STEP][PASSED] - if (i == 2 &amp;&amp; wildList.indexOf(symbol) != -1): null

2019-08-24 12:50:37 - [TEST_STEP][PASSED] - if (i == 3 &amp;&amp; wildList.indexOf(symbol) != -1): null

2019-08-24 12:50:37 - [TEST_STEP][PASSED] - if (i == 4 &amp;&amp; wildList.indexOf(symbol) != -1): null

2019-08-24 12:50:37 - [TEST_STEP][PASSED] - free_spin_reel_counter = free_spin_reel_counter: null

2019-08-24 12:50:37 - [TEST_STEP][PASSED] - println("reel 3 wild found: " + free_spin_reel_counter[0]): null

2019-08-24 12:50:37 - [TEST_STEP][PASSED] - println("reel 4 wild found: " + free_spin_reel_counter[1]): null

2019-08-24 12:50:37 - [TEST_STEP][PASSED] - println("reel 5 wild found: " + free_spin_reel_counter[2]): null

2019-08-24 12:50:37 - [TEST_STEP][PASSED] - M4_spin_reels = M4_spin_reels: null

2019-08-24 12:50:37 - [TEST_STEP][PASSED] - M4_spin_reels_symbols = symbol: null

2019-08-24 12:50:37 - [TEST_STEP][PASSED] - M4_spin_reels_symbols = M4_spin_reels_symbols: null

2019-08-24 12:50:37 - [TEST_STEP][PASSED] - M4_spin_reel_wins = reel_wins: null

2019-08-24 12:50:37 - [TEST_STEP][PASSED] - M4_spin_reel_wins = M4_spin_reel_wins: null

2019-08-24 12:50:37 - [TEST_STEP][PASSED] - println("GlobalVariable.M4_spin_reel_wins is: " + M4_spin_reel_wins): null

2019-08-24 12:50:37 - [TEST_STEP][PASSED] - M4_spin_total_bonus_win_this_round = total_bonus_win_this_round: null

2019-08-24 12:50:37 - [TEST_STEP][PASSED] - M4_spin_total_bonus_win_this_round = M4_spin_total_bonus_win_this_round: null

2019-08-24 12:50:37 - [TEST_STEP][PASSED] - println("GlobalVariable.M4_spin_total_bonus_win_this_round is: " + M4_spin_total_bonus_win_this_round): null

2019-08-24 12:50:37 - [TEST_STEP][PASSED] - M4_spin_bonus_spin_result = spin_result: null

2019-08-24 12:50:37 - [TEST_STEP][PASSED] - M4_spin_bonus_spin_result = M4_spin_bonus_spin_result: null

2019-08-24 12:50:37 - [MESSAGE][PASSED] - Verify response successfully

2019-08-24 12:50:37 - [MESSAGE][PASSED] - Send request and verify the response successfully

2019-08-24 12:50:37 - [TEST_STEP][PASSED] - if (M4_total_bonus_spins_int != 0 &amp;&amp; M4_spin_reels_symbols[2].contains("WILD_Double") || M4_spin_reels_symbols[4].contains("WILD_Triple")): null

2019-08-24 12:50:37 - [TEST_STEP][PASSED] - free_spin_reel_counter = free_spin_reel_counter: null

2019-08-24 12:50:37 - [TEST_STEP][PASSED] - M4_spin_reels_symbols = M4_spin_reels_symbols: null

2019-08-24 12:50:37 - [TEST_STEP][PASSED] - M4_total_bonus_spins = M4_total_bonus_spins: null

2019-08-24 12:50:37 - [TEST_STEP][PASSED] - spin_result = sendRequestAndVerify(findTestObject("INT/RGS(M4)/1_M4_spin", ["M4_login_user_id":M4_login_user_id, "rgs_session_token":rgs_session_token, "partner":Partner])): Send request and verify the response successfully

2019-08-24 12:50:38 - [MESSAGE][INFO] - HAR: /Users/eiralee/Katalon_Script/SuperWild/Reports/20190824_124242/INT/superWild_4/20190824_124242/requests/main/144.har

2019-08-24 12:50:38 - [TEST_CASE][PASSED] - Start Test Case : Verification: Verification accomplished successfully

2019-08-24 12:50:38 - [TEST_STEP][PASSED] - request = getInstance().getCurrentRequest(): null

2019-08-24 12:50:38 - [TEST_STEP][PASSED] - response = getInstance().getCurrentResponse(): null

2019-08-24 12:50:38 - [TEST_STEP][PASSED] - verifyResponseStatusCode(response, 200): Verify response status code successfully

2019-08-24 12:50:38 - [MESSAGE][PASSED] - Verify response status code successfully

2019-08-24 12:50:38 - [TEST_STEP][PASSED] - getStatusCode()).isEqualTo(200): null

2019-08-24 12:50:38 - [TEST_STEP][PASSED] - newline = System.getProperty("line.separator"): null

2019-08-24 12:50:38 - [TEST_STEP][PASSED] - M4_spin = new groovy.json.JsonSlurper(): null

2019-08-24 12:50:38 - [TEST_STEP][PASSED] - result_M4_spin = M4_spin.parseText(response.getResponseBodyContent()): null

2019-08-24 12:50:38 - [TEST_STEP][PASSED] - M4_spin_current_balance = current_balance: null

2019-08-24 12:50:38 - [TEST_STEP][PASSED] - M4_spin_current_balance = M4_spin_current_balance: null

2019-08-24 12:50:38 - [TEST_STEP][PASSED] - M4_spin_transaction_id = causality: null

2019-08-24 12:50:38 - [TEST_STEP][PASSED] - M4_spin_transaction_id = M4_spin_transaction_id: null

2019-08-24 12:50:38 - [TEST_STEP][PASSED] - M4_spin_round_id = round_id: null

2019-08-24 12:50:38 - [TEST_STEP][PASSED] - M4_spin_round_id = M4_spin_round_id: null

2019-08-24 12:50:38 - [TEST_STEP][PASSED] - M4_spin_line_wins = line_wins: null

2019-08-24 12:50:38 - [TEST_STEP][PASSED] - M4_spin_line_wins = M4_spin_line_wins: null

2019-08-24 12:50:38 - [TEST_STEP][PASSED] - M4_total_bonus_spins_int = total_bonus_spins: null

2019-08-24 12:50:38 - [TEST_STEP][PASSED] - println("******M4_total_bonus_spins type is:*******" + newline + getClass().getName()): null

2019-08-24 12:50:38 - [TEST_STEP][PASSED] - M4_total_bonus_spins_int = M4_total_bonus_spins_int: null

2019-08-24 12:50:38 - [TEST_STEP][PASSED] - M4_total_bonus_spins = Integer.toString(M4_total_bonus_spins_int): null

2019-08-24 12:50:38 - [TEST_STEP][PASSED] - M4_total_bonus_spins = M4_total_bonus_spins: null

2019-08-24 12:50:38 - [TEST_STEP][PASSED] - println("M4_total_bonus_spins is:" + M4_total_bonus_spins): null

2019-08-24 12:50:38 - [TEST_STEP][PASSED] - M4_spin_bonus_data = bonus_data: null

2019-08-24 12:50:38 - [TEST_STEP][PASSED] - M4_spin_features_triggered = result_M4_spin: null

2019-08-24 12:50:38 - [TEST_STEP][PASSED] - wild = []: null

2019-08-24 12:50:38 - [TEST_STEP][PASSED] - wild[0] = "WILD_Expanding": null

2019-08-24 12:50:38 - [TEST_STEP][PASSED] - wild[1] = "WILD_Normal": null

2019-08-24 12:50:38 - [TEST_STEP][PASSED] - wild[2] = "WILD_Double": null

2019-08-24 12:50:38 - [TEST_STEP][PASSED] - wild[3] = "WILD_ExtraFG": null

2019-08-24 12:50:38 - [TEST_STEP][PASSED] - wild[4] = "WILD_Triple": null

2019-08-24 12:50:38 - [TEST_STEP][PASSED] - wildList = Arrays.asList(wild): null

2019-08-24 12:50:38 - [TEST_STEP][PASSED] - wildList = wildList: null

2019-08-24 12:50:38 - [TEST_STEP][PASSED] - free_spin_reel_counter = []: null

2019-08-24 12:50:38 - [TEST_STEP][PASSED] - free_spin_reel_counter[0] = 0: null

2019-08-24 12:50:38 - [TEST_STEP][PASSED] - free_spin_reel_counter[1] = 0: null

2019-08-24 12:50:38 - [TEST_STEP][PASSED] - free_spin_reel_counter[2] = 0: null

2019-08-24 12:50:38 - [TEST_STEP][PASSED] - M4_spin_reels = reels: null

2019-08-24 12:50:38 - [TEST_STEP][PASSED] - for ([i = 0, i &lt; M4_spin_reels.size(), (i++)]): null

2019-08-24 12:50:38 - [TEST_STEP][PASSED] - symbols = symbols: null

2019-08-24 12:50:38 - [TEST_STEP][PASSED] - for ([j = 0, j &lt; symbols.size(), (j++)]): null

2019-08-24 12:50:38 - [TEST_STEP][PASSED] - symbol = symbol: null

2019-08-24 12:50:38 - [TEST_STEP][PASSED] - println(symbol): null

2019-08-24 12:50:38 - [TEST_STEP][PASSED] - if (i == 2 &amp;&amp; wildList.indexOf(symbol) != -1): null

2019-08-24 12:50:38 - [TEST_STEP][PASSED] - if (i == 3 &amp;&amp; wildList.indexOf(symbol) != -1): null

2019-08-24 12:50:38 - [TEST_STEP][PASSED] - if (i == 4 &amp;&amp; wildList.indexOf(symbol) != -1): null

2019-08-24 12:50:38 - [TEST_STEP][PASSED] - symbol = symbol: null

2019-08-24 12:50:38 - [TEST_STEP][PASSED] - println(symbol): null

2019-08-24 12:50:38 - [TEST_STEP][PASSED] - if (i == 2 &amp;&amp; wildList.indexOf(symbol) != -1): null

2019-08-24 12:50:38 - [TEST_STEP][PASSED] - if (i == 3 &amp;&amp; wildList.indexOf(symbol) != -1): null

2019-08-24 12:50:38 - [TEST_STEP][PASSED] - if (i == 4 &amp;&amp; wildList.indexOf(symbol) != -1): null

2019-08-24 12:50:38 - [TEST_STEP][PASSED] - symbol = symbol: null

2019-08-24 12:50:38 - [TEST_STEP][PASSED] - println(symbol): null

2019-08-24 12:50:38 - [TEST_STEP][PASSED] - if (i == 2 &amp;&amp; wildList.indexOf(symbol) != -1): null

2019-08-24 12:50:38 - [TEST_STEP][PASSED] - if (i == 3 &amp;&amp; wildList.indexOf(symbol) != -1): null

2019-08-24 12:50:38 - [TEST_STEP][PASSED] - if (i == 4 &amp;&amp; wildList.indexOf(symbol) != -1): null

2019-08-24 12:50:38 - [TEST_STEP][PASSED] - symbols = symbols: null

2019-08-24 12:50:38 - [TEST_STEP][PASSED] - for ([j = 0, j &lt; symbols.size(), (j++)]): null

2019-08-24 12:50:38 - [TEST_STEP][PASSED] - symbol = symbol: null

2019-08-24 12:50:38 - [TEST_STEP][PASSED] - println(symbol): null

2019-08-24 12:50:38 - [TEST_STEP][PASSED] - if (i == 2 &amp;&amp; wildList.indexOf(symbol) != -1): null

2019-08-24 12:50:38 - [TEST_STEP][PASSED] - if (i == 3 &amp;&amp; wildList.indexOf(symbol) != -1): null

2019-08-24 12:50:38 - [TEST_STEP][PASSED] - if (i == 4 &amp;&amp; wildList.indexOf(symbol) != -1): null

2019-08-24 12:50:38 - [TEST_STEP][PASSED] - symbol = symbol: null

2019-08-24 12:50:38 - [TEST_STEP][PASSED] - println(symbol): null

2019-08-24 12:50:38 - [TEST_STEP][PASSED] - if (i == 2 &amp;&amp; wildList.indexOf(symbol) != -1): null

2019-08-24 12:50:38 - [TEST_STEP][PASSED] - if (i == 3 &amp;&amp; wildList.indexOf(symbol) != -1): null

2019-08-24 12:50:38 - [TEST_STEP][PASSED] - if (i == 4 &amp;&amp; wildList.indexOf(symbol) != -1): null

2019-08-24 12:50:38 - [TEST_STEP][PASSED] - symbol = symbol: null

2019-08-24 12:50:38 - [TEST_STEP][PASSED] - println(symbol): null

2019-08-24 12:50:38 - [TEST_STEP][PASSED] - if (i == 2 &amp;&amp; wildList.indexOf(symbol) != -1): null

2019-08-24 12:50:38 - [TEST_STEP][PASSED] - if (i == 3 &amp;&amp; wildList.indexOf(symbol) != -1): null

2019-08-24 12:50:38 - [TEST_STEP][PASSED] - if (i == 4 &amp;&amp; wildList.indexOf(symbol) != -1): null

2019-08-24 12:50:38 - [TEST_STEP][PASSED] - symbols = symbols: null

2019-08-24 12:50:38 - [TEST_STEP][PASSED] - for ([j = 0, j &lt; symbols.size(), (j++)]): null

2019-08-24 12:50:38 - [TEST_STEP][PASSED] - symbol = symbol: null

2019-08-24 12:50:38 - [TEST_STEP][PASSED] - println(symbol): null

2019-08-24 12:50:38 - [TEST_STEP][PASSED] - if (i == 2 &amp;&amp; wildList.indexOf(symbol) != -1): null

2019-08-24 12:50:38 - [TEST_STEP][PASSED] - if (i == 3 &amp;&amp; wildList.indexOf(symbol) != -1): null

2019-08-24 12:50:38 - [TEST_STEP][PASSED] - if (i == 4 &amp;&amp; wildList.indexOf(symbol) != -1): null

2019-08-24 12:50:38 - [TEST_STEP][PASSED] - symbol = symbol: null

2019-08-24 12:50:38 - [TEST_STEP][PASSED] - println(symbol): null

2019-08-24 12:50:38 - [TEST_STEP][PASSED] - if (i == 2 &amp;&amp; wildList.indexOf(symbol) != -1): null

2019-08-24 12:50:38 - [TEST_STEP][PASSED] - if (i == 3 &amp;&amp; wildList.indexOf(symbol) != -1): null

2019-08-24 12:50:38 - [TEST_STEP][PASSED] - if (i == 4 &amp;&amp; wildList.indexOf(symbol) != -1): null

2019-08-24 12:50:38 - [TEST_STEP][PASSED] - symbol = symbol: null

2019-08-24 12:50:38 - [TEST_STEP][PASSED] - println(symbol): null

2019-08-24 12:50:38 - [TEST_STEP][PASSED] - if (i == 2 &amp;&amp; wildList.indexOf(symbol) != -1): null

2019-08-24 12:50:38 - [TEST_STEP][PASSED] - if (i == 3 &amp;&amp; wildList.indexOf(symbol) != -1): null

2019-08-24 12:50:38 - [TEST_STEP][PASSED] - if (i == 4 &amp;&amp; wildList.indexOf(symbol) != -1): null

2019-08-24 12:50:38 - [TEST_STEP][PASSED] - symbols = symbols: null

2019-08-24 12:50:38 - [TEST_STEP][PASSED] - for ([j = 0, j &lt; symbols.size(), (j++)]): null

2019-08-24 12:50:38 - [TEST_STEP][PASSED] - symbol = symbol: null

2019-08-24 12:50:38 - [TEST_STEP][PASSED] - println(symbol): null

2019-08-24 12:50:38 - [TEST_STEP][PASSED] - if (i == 2 &amp;&amp; wildList.indexOf(symbol) != -1): null

2019-08-24 12:50:38 - [TEST_STEP][PASSED] - if (i == 3 &amp;&amp; wildList.indexOf(symbol) != -1): null

2019-08-24 12:50:38 - [TEST_STEP][PASSED] - if (i == 4 &amp;&amp; wildList.indexOf(symbol) != -1): null

2019-08-24 12:50:38 - [TEST_STEP][PASSED] - symbol = symbol: null

2019-08-24 12:50:38 - [TEST_STEP][PASSED] - println(symbol): null

2019-08-24 12:50:38 - [TEST_STEP][PASSED] - if (i == 2 &amp;&amp; wildList.indexOf(symbol) != -1): null

2019-08-24 12:50:38 - [TEST_STEP][PASSED] - if (i == 3 &amp;&amp; wildList.indexOf(symbol) != -1): null

2019-08-24 12:50:38 - [TEST_STEP][PASSED] - if (i == 4 &amp;&amp; wildList.indexOf(symbol) != -1): null

2019-08-24 12:50:38 - [TEST_STEP][PASSED] - symbol = symbol: null

2019-08-24 12:50:38 - [TEST_STEP][PASSED] - println(symbol): null

2019-08-24 12:50:38 - [TEST_STEP][PASSED] - if (i == 2 &amp;&amp; wildList.indexOf(symbol) != -1): null

2019-08-24 12:50:38 - [TEST_STEP][PASSED] - if (i == 3 &amp;&amp; wildList.indexOf(symbol) != -1): null

2019-08-24 12:50:38 - [TEST_STEP][PASSED] - if (i == 4 &amp;&amp; wildList.indexOf(symbol) != -1): null

2019-08-24 12:50:38 - [TEST_STEP][PASSED] - symbols = symbols: null

2019-08-24 12:50:38 - [TEST_STEP][PASSED] - for ([j = 0, j &lt; symbols.size(), (j++)]): null

2019-08-24 12:50:38 - [TEST_STEP][PASSED] - symbol = symbol: null

2019-08-24 12:50:38 - [TEST_STEP][PASSED] - println(symbol): null

2019-08-24 12:50:38 - [TEST_STEP][PASSED] - if (i == 2 &amp;&amp; wildList.indexOf(symbol) != -1): null

2019-08-24 12:50:38 - [TEST_STEP][PASSED] - if (i == 3 &amp;&amp; wildList.indexOf(symbol) != -1): null

2019-08-24 12:50:38 - [TEST_STEP][PASSED] - if (i == 4 &amp;&amp; wildList.indexOf(symbol) != -1): null

2019-08-24 12:50:38 - [TEST_STEP][PASSED] - symbol = symbol: null

2019-08-24 12:50:38 - [TEST_STEP][PASSED] - println(symbol): null

2019-08-24 12:50:38 - [TEST_STEP][PASSED] - if (i == 2 &amp;&amp; wildList.indexOf(symbol) != -1): null

2019-08-24 12:50:38 - [TEST_STEP][PASSED] - if (i == 3 &amp;&amp; wildList.indexOf(symbol) != -1): null

2019-08-24 12:50:38 - [TEST_STEP][PASSED] - if (i == 4 &amp;&amp; wildList.indexOf(symbol) != -1): null

2019-08-24 12:50:38 - [TEST_STEP][PASSED] - symbol = symbol: null

2019-08-24 12:50:38 - [TEST_STEP][PASSED] - println(symbol): null

2019-08-24 12:50:38 - [TEST_STEP][PASSED] - if (i == 2 &amp;&amp; wildList.indexOf(symbol) != -1): null

2019-08-24 12:50:38 - [TEST_STEP][PASSED] - if (i == 3 &amp;&amp; wildList.indexOf(symbol) != -1): null

2019-08-24 12:50:38 - [TEST_STEP][PASSED] - if (i == 4 &amp;&amp; wildList.indexOf(symbol) != -1): null

2019-08-24 12:50:38 - [TEST_STEP][PASSED] - free_spin_reel_counter = free_spin_reel_counter: null

2019-08-24 12:50:38 - [TEST_STEP][PASSED] - println("reel 3 wild found: " + free_spin_reel_counter[0]): null

2019-08-24 12:50:38 - [TEST_STEP][PASSED] - println("reel 4 wild found: " + free_spin_reel_counter[1]): null

2019-08-24 12:50:38 - [TEST_STEP][PASSED] - println("reel 5 wild found: " + free_spin_reel_counter[2]): null

2019-08-24 12:50:38 - [TEST_STEP][PASSED] - M4_spin_reels = M4_spin_reels: null

2019-08-24 12:50:38 - [TEST_STEP][PASSED] - M4_spin_reels_symbols = symbol: null

2019-08-24 12:50:38 - [TEST_STEP][PASSED] - M4_spin_reels_symbols = M4_spin_reels_symbols: null

2019-08-24 12:50:38 - [TEST_STEP][PASSED] - M4_spin_reel_wins = reel_wins: null

2019-08-24 12:50:38 - [TEST_STEP][PASSED] - M4_spin_reel_wins = M4_spin_reel_wins: null

2019-08-24 12:50:38 - [TEST_STEP][PASSED] - println("GlobalVariable.M4_spin_reel_wins is: " + M4_spin_reel_wins): null

2019-08-24 12:50:38 - [TEST_STEP][PASSED] - M4_spin_total_bonus_win_this_round = total_bonus_win_this_round: null

2019-08-24 12:50:38 - [TEST_STEP][PASSED] - M4_spin_total_bonus_win_this_round = M4_spin_total_bonus_win_this_round: null

2019-08-24 12:50:38 - [TEST_STEP][PASSED] - println("GlobalVariable.M4_spin_total_bonus_win_this_round is: " + M4_spin_total_bonus_win_this_round): null

2019-08-24 12:50:38 - [TEST_STEP][PASSED] - M4_spin_bonus_spin_result = spin_result: null

2019-08-24 12:50:38 - [TEST_STEP][PASSED] - M4_spin_bonus_spin_result = M4_spin_bonus_spin_result: null

2019-08-24 12:50:38 - [MESSAGE][PASSED] - Verify response successfully

2019-08-24 12:50:38 - [MESSAGE][PASSED] - Send request and verify the response successfully

2019-08-24 12:50:38 - [TEST_STEP][PASSED] - if (M4_total_bonus_spins_int != 0 &amp;&amp; M4_spin_reels_symbols[2].contains("WILD_Double") || M4_spin_reels_symbols[4].contains("WILD_Triple")): null

2019-08-24 12:50:38 - [TEST_STEP][PASSED] - free_spin_reel_counter = free_spin_reel_counter: null

2019-08-24 12:50:38 - [TEST_STEP][PASSED] - M4_spin_reels_symbols = M4_spin_reels_symbols: null

2019-08-24 12:50:38 - [TEST_STEP][PASSED] - M4_total_bonus_spins = M4_total_bonus_spins: null

2019-08-24 12:50:38 - [TEST_STEP][PASSED] - spin_result = sendRequestAndVerify(findTestObject("INT/RGS(M4)/1_M4_spin", ["M4_login_user_id":M4_login_user_id, "rgs_session_token":rgs_session_token, "partner":Partner])): Send request and verify the response successfully

2019-08-24 12:50:38 - [MESSAGE][INFO] - HAR: /Users/eiralee/Katalon_Script/SuperWild/Reports/20190824_124242/INT/superWild_4/20190824_124242/requests/main/145.har

2019-08-24 12:50:38 - [TEST_CASE][PASSED] - Start Test Case : Verification: Verification accomplished successfully

2019-08-24 12:50:38 - [TEST_STEP][PASSED] - request = getInstance().getCurrentRequest(): null

2019-08-24 12:50:38 - [TEST_STEP][PASSED] - response = getInstance().getCurrentResponse(): null

2019-08-24 12:50:38 - [TEST_STEP][PASSED] - verifyResponseStatusCode(response, 200): Verify response status code successfully

2019-08-24 12:50:38 - [MESSAGE][PASSED] - Verify response status code successfully

2019-08-24 12:50:38 - [TEST_STEP][PASSED] - getStatusCode()).isEqualTo(200): null

2019-08-24 12:50:38 - [TEST_STEP][PASSED] - newline = System.getProperty("line.separator"): null

2019-08-24 12:50:38 - [TEST_STEP][PASSED] - M4_spin = new groovy.json.JsonSlurper(): null

2019-08-24 12:50:38 - [TEST_STEP][PASSED] - result_M4_spin = M4_spin.parseText(response.getResponseBodyContent()): null

2019-08-24 12:50:38 - [TEST_STEP][PASSED] - M4_spin_current_balance = current_balance: null

2019-08-24 12:50:38 - [TEST_STEP][PASSED] - M4_spin_current_balance = M4_spin_current_balance: null

2019-08-24 12:50:38 - [TEST_STEP][PASSED] - M4_spin_transaction_id = causality: null

2019-08-24 12:50:42 - [TEST_STEP][PASSED] - M4_spin_transaction_id = M4_spin_transaction_id: null

2019-08-24 12:50:42 - [TEST_STEP][PASSED] - M4_spin_round_id = round_id: null

2019-08-24 12:50:42 - [TEST_STEP][PASSED] - M4_spin_round_id = M4_spin_round_id: null

2019-08-24 12:50:42 - [TEST_STEP][PASSED] - M4_spin_line_wins = line_wins: null

2019-08-24 12:50:42 - [TEST_STEP][PASSED] - M4_spin_line_wins = M4_spin_line_wins: null

2019-08-24 12:50:42 - [TEST_STEP][PASSED] - M4_total_bonus_spins_int = total_bonus_spins: null

2019-08-24 12:50:42 - [TEST_STEP][PASSED] - println("******M4_total_bonus_spins type is:*******" + newline + getClass().getName()): null

2019-08-24 12:50:42 - [TEST_STEP][PASSED] - M4_total_bonus_spins_int = M4_total_bonus_spins_int: null

2019-08-24 12:50:42 - [TEST_STEP][PASSED] - M4_total_bonus_spins = Integer.toString(M4_total_bonus_spins_int): null

2019-08-24 12:50:42 - [TEST_STEP][PASSED] - M4_total_bonus_spins = M4_total_bonus_spins: null

2019-08-24 12:50:47 - [TEST_STEP][PASSED] - println("M4_total_bonus_spins is:" + M4_total_bonus_spins): null

2019-08-24 12:50:47 - [TEST_STEP][PASSED] - M4_spin_bonus_data = bonus_data: null

2019-08-24 12:50:47 - [TEST_STEP][PASSED] - M4_spin_features_triggered = result_M4_spin: null

2019-08-24 12:50:47 - [TEST_STEP][PASSED] - wild = []: null

2019-08-24 12:50:47 - [TEST_STEP][PASSED] - wild[0] = "WILD_Expanding": null

2019-08-24 12:50:53 - [TEST_STEP][PASSED] - wild[1] = "WILD_Normal": null

2019-08-24 12:50:53 - [TEST_STEP][PASSED] - wild[2] = "WILD_Double": null

2019-08-24 12:50:53 - [TEST_STEP][PASSED] - wild[3] = "WILD_ExtraFG": null

2019-08-24 12:50:53 - [TEST_STEP][PASSED] - wild[4] = "WILD_Triple": null

2019-08-24 12:50:53 - [TEST_STEP][PASSED] - wildList = Arrays.asList(wild): null

2019-08-24 12:50:53 - [TEST_STEP][PASSED] - wildList = wildList: null

2019-08-24 12:50:53 - [TEST_STEP][PASSED] - free_spin_reel_counter = []: null

2019-08-24 12:50:53 - [TEST_STEP][PASSED] - free_spin_reel_counter[0] = 0: null

2019-08-24 12:50:53 - [TEST_STEP][PASSED] - free_spin_reel_counter[1] = 0: null

2019-08-24 12:50:53 - [TEST_STEP][PASSED] - free_spin_reel_counter[2] = 0: null

2019-08-24 12:50:53 - [TEST_STEP][PASSED] - M4_spin_reels = reels: null

2019-08-24 12:50:53 - [TEST_STEP][PASSED] - for ([i = 0, i &lt; M4_spin_reels.size(), (i++)]): null

2019-08-24 12:50:53 - [TEST_STEP][PASSED] - symbols = symbols: null

2019-08-24 12:50:53 - [TEST_STEP][PASSED] - for ([j = 0, j &lt; symbols.size(), (j++)]): null

2019-08-24 12:50:53 - [TEST_STEP][PASSED] - symbol = symbol: null

2019-08-24 12:50:53 - [TEST_STEP][PASSED] - println(symbol): null

2019-08-24 12:50:53 - [TEST_STEP][PASSED] - if (i == 2 &amp;&amp; wildList.indexOf(symbol) != -1): null

2019-08-24 12:50:53 - [TEST_STEP][PASSED] - if (i == 3 &amp;&amp; wildList.indexOf(symbol) != -1): null

2019-08-24 12:50:53 - [TEST_STEP][PASSED] - if (i == 4 &amp;&amp; wildList.indexOf(symbol) != -1): null

2019-08-24 12:50:53 - [TEST_STEP][PASSED] - symbol = symbol: null

2019-08-24 12:50:53 - [TEST_STEP][PASSED] - println(symbol): null

2019-08-24 12:50:53 - [TEST_STEP][PASSED] - if (i == 2 &amp;&amp; wildList.indexOf(symbol) != -1): null

2019-08-24 12:50:53 - [TEST_STEP][PASSED] - if (i == 3 &amp;&amp; wildList.indexOf(symbol) != -1): null

2019-08-24 12:50:53 - [TEST_STEP][PASSED] - if (i == 4 &amp;&amp; wildList.indexOf(symbol) != -1): null

2019-08-24 12:50:53 - [TEST_STEP][PASSED] - symbol = symbol: null

2019-08-24 12:50:53 - [TEST_STEP][PASSED] - println(symbol): null

2019-08-24 12:50:53 - [TEST_STEP][PASSED] - if (i == 2 &amp;&amp; wildList.indexOf(symbol) != -1): null

2019-08-24 12:50:53 - [TEST_STEP][PASSED] - if (i == 3 &amp;&amp; wildList.indexOf(symbol) != -1): null

2019-08-24 12:50:53 - [TEST_STEP][PASSED] - if (i == 4 &amp;&amp; wildList.indexOf(symbol) != -1): null

2019-08-24 12:50:53 - [TEST_STEP][PASSED] - symbols = symbols: null

2019-08-24 12:50:53 - [TEST_STEP][PASSED] - for ([j = 0, j &lt; symbols.size(), (j++)]): null

2019-08-24 12:50:53 - [TEST_STEP][PASSED] - symbol = symbol: null

2019-08-24 12:50:53 - [TEST_STEP][PASSED] - println(symbol): null

2019-08-24 12:50:53 - [TEST_STEP][PASSED] - if (i == 2 &amp;&amp; wildList.indexOf(symbol) != -1): null

2019-08-24 12:50:53 - [TEST_STEP][PASSED] - if (i == 3 &amp;&amp; wildList.indexOf(symbol) != -1): null

2019-08-24 12:50:53 - [TEST_STEP][PASSED] - if (i == 4 &amp;&amp; wildList.indexOf(symbol) != -1): null

2019-08-24 12:50:53 - [TEST_STEP][PASSED] - symbol = symbol: null

2019-08-24 12:50:53 - [TEST_STEP][PASSED] - println(symbol): null

2019-08-24 12:50:53 - [TEST_STEP][PASSED] - if (i == 2 &amp;&amp; wildList.indexOf(symbol) != -1): null

2019-08-24 12:50:53 - [TEST_STEP][PASSED] - if (i == 3 &amp;&amp; wildList.indexOf(symbol) != -1): null

2019-08-24 12:50:53 - [TEST_STEP][PASSED] - if (i == 4 &amp;&amp; wildList.indexOf(symbol) != -1): null

2019-08-24 12:50:53 - [TEST_STEP][PASSED] - symbol = symbol: null

2019-08-24 12:50:53 - [TEST_STEP][PASSED] - println(symbol): null

2019-08-24 12:50:53 - [TEST_STEP][PASSED] - if (i == 2 &amp;&amp; wildList.indexOf(symbol) != -1): null

2019-08-24 12:50:53 - [TEST_STEP][PASSED] - if (i == 3 &amp;&amp; wildList.indexOf(symbol) != -1): null

2019-08-24 12:50:53 - [TEST_STEP][PASSED] - if (i == 4 &amp;&amp; wildList.indexOf(symbol) != -1): null

2019-08-24 12:50:53 - [TEST_STEP][PASSED] - symbols = symbols: null

2019-08-24 12:50:53 - [TEST_STEP][PASSED] - for ([j = 0, j &lt; symbols.size(), (j++)]): null

2019-08-24 12:50:53 - [TEST_STEP][PASSED] - symbol = symbol: null

2019-08-24 12:50:53 - [TEST_STEP][PASSED] - println(symbol): null

2019-08-24 12:50:53 - [TEST_STEP][PASSED] - if (i == 2 &amp;&amp; wildList.indexOf(symbol) != -1): null

2019-08-24 12:50:53 - [TEST_STEP][PASSED] - if (i == 3 &amp;&amp; wildList.indexOf(symbol) != -1): null

2019-08-24 12:50:53 - [TEST_STEP][PASSED] - if (i == 4 &amp;&amp; wildList.indexOf(symbol) != -1): null

2019-08-24 12:50:53 - [TEST_STEP][PASSED] - symbol = symbol: null

2019-08-24 12:50:53 - [TEST_STEP][PASSED] - println(symbol): null

2019-08-24 12:50:53 - [TEST_STEP][PASSED] - if (i == 2 &amp;&amp; wildList.indexOf(symbol) != -1): null

2019-08-24 12:50:53 - [TEST_STEP][PASSED] - if (i == 3 &amp;&amp; wildList.indexOf(symbol) != -1): null

2019-08-24 12:50:53 - [TEST_STEP][PASSED] - if (i == 4 &amp;&amp; wildList.indexOf(symbol) != -1): null

2019-08-24 12:50:53 - [TEST_STEP][PASSED] - symbol = symbol: null

2019-08-24 12:50:53 - [TEST_STEP][PASSED] - println(symbol): null

2019-08-24 12:50:53 - [TEST_STEP][PASSED] - if (i == 2 &amp;&amp; wildList.indexOf(symbol) != -1): null

2019-08-24 12:50:53 - [TEST_STEP][PASSED] - println("wild found on reel 3, adding counter by 1"): null

2019-08-24 12:50:53 - [TEST_STEP][PASSED] - free_spin_reel_counter[0] = free_spin_reel_counter[0] + 1: null

2019-08-24 12:50:53 - [TEST_STEP][PASSED] - if (i == 3 &amp;&amp; wildList.indexOf(symbol) != -1): null

2019-08-24 12:50:53 - [TEST_STEP][PASSED] - if (i == 4 &amp;&amp; wildList.indexOf(symbol) != -1): null

2019-08-24 12:50:53 - [TEST_STEP][PASSED] - symbols = symbols: null

2019-08-24 12:50:53 - [TEST_STEP][PASSED] - for ([j = 0, j &lt; symbols.size(), (j++)]): null

2019-08-24 12:50:53 - [TEST_STEP][PASSED] - symbol = symbol: null

2019-08-24 12:50:53 - [TEST_STEP][PASSED] - println(symbol): null

2019-08-24 12:50:53 - [TEST_STEP][PASSED] - if (i == 2 &amp;&amp; wildList.indexOf(symbol) != -1): null

2019-08-24 12:50:53 - [TEST_STEP][PASSED] - if (i == 3 &amp;&amp; wildList.indexOf(symbol) != -1): null

2019-08-24 12:50:53 - [TEST_STEP][PASSED] - if (i == 4 &amp;&amp; wildList.indexOf(symbol) != -1): null

2019-08-24 12:50:53 - [TEST_STEP][PASSED] - symbol = symbol: null

2019-08-24 12:50:53 - [TEST_STEP][PASSED] - println(symbol): null

2019-08-24 12:50:53 - [TEST_STEP][PASSED] - if (i == 2 &amp;&amp; wildList.indexOf(symbol) != -1): null

2019-08-24 12:50:53 - [TEST_STEP][PASSED] - if (i == 3 &amp;&amp; wildList.indexOf(symbol) != -1): null

2019-08-24 12:50:53 - [TEST_STEP][PASSED] - if (i == 4 &amp;&amp; wildList.indexOf(symbol) != -1): null

2019-08-24 12:50:53 - [TEST_STEP][PASSED] - symbol = symbol: null

2019-08-24 12:50:53 - [TEST_STEP][PASSED] - println(symbol): null

2019-08-24 12:50:53 - [TEST_STEP][PASSED] - if (i == 2 &amp;&amp; wildList.indexOf(symbol) != -1): null

2019-08-24 12:50:53 - [TEST_STEP][PASSED] - if (i == 3 &amp;&amp; wildList.indexOf(symbol) != -1): null

2019-08-24 12:50:53 - [TEST_STEP][PASSED] - if (i == 4 &amp;&amp; wildList.indexOf(symbol) != -1): null

2019-08-24 12:50:53 - [TEST_STEP][PASSED] - symbols = symbols: null

2019-08-24 12:50:53 - [TEST_STEP][PASSED] - for ([j = 0, j &lt; symbols.size(), (j++)]): null

2019-08-24 12:50:53 - [TEST_STEP][PASSED] - symbol = symbol: null

2019-08-24 12:50:53 - [TEST_STEP][PASSED] - println(symbol): null

2019-08-24 12:50:53 - [TEST_STEP][PASSED] - if (i == 2 &amp;&amp; wildList.indexOf(symbol) != -1): null

2019-08-24 12:50:53 - [TEST_STEP][PASSED] - if (i == 3 &amp;&amp; wildList.indexOf(symbol) != -1): null

2019-08-24 12:50:53 - [TEST_STEP][PASSED] - if (i == 4 &amp;&amp; wildList.indexOf(symbol) != -1): null

2019-08-24 12:50:53 - [TEST_STEP][PASSED] - symbol = symbol: null

2019-08-24 12:50:53 - [TEST_STEP][PASSED] - println(symbol): null

2019-08-24 12:50:53 - [TEST_STEP][PASSED] - if (i == 2 &amp;&amp; wildList.indexOf(symbol) != -1): null

2019-08-24 12:50:53 - [TEST_STEP][PASSED] - if (i == 3 &amp;&amp; wildList.indexOf(symbol) != -1): null

2019-08-24 12:50:53 - [TEST_STEP][PASSED] - if (i == 4 &amp;&amp; wildList.indexOf(symbol) != -1): null

2019-08-24 12:50:53 - [TEST_STEP][PASSED] - symbol = symbol: null

2019-08-24 12:50:53 - [TEST_STEP][PASSED] - println(symbol): null

2019-08-24 12:50:53 - [TEST_STEP][PASSED] - if (i == 2 &amp;&amp; wildList.indexOf(symbol) != -1): null

2019-08-24 12:50:53 - [TEST_STEP][PASSED] - if (i == 3 &amp;&amp; wildList.indexOf(symbol) != -1): null

2019-08-24 12:50:53 - [TEST_STEP][PASSED] - if (i == 4 &amp;&amp; wildList.indexOf(symbol) != -1): null

2019-08-24 12:50:53 - [TEST_STEP][PASSED] - free_spin_reel_counter = free_spin_reel_counter: null

2019-08-24 12:50:53 - [TEST_STEP][PASSED] - println("reel 3 wild found: " + free_spin_reel_counter[0]): null

2019-08-24 12:50:53 - [TEST_STEP][PASSED] - println("reel 4 wild found: " + free_spin_reel_counter[1]): null

2019-08-24 12:50:53 - [TEST_STEP][PASSED] - println("reel 5 wild found: " + free_spin_reel_counter[2]): null

2019-08-24 12:50:53 - [TEST_STEP][PASSED] - M4_spin_reels = M4_spin_reels: null

2019-08-24 12:50:53 - [TEST_STEP][PASSED] - M4_spin_reels_symbols = symbol: null

2019-08-24 12:50:53 - [TEST_STEP][PASSED] - M4_spin_reels_symbols = M4_spin_reels_symbols: null

2019-08-24 12:50:53 - [TEST_STEP][PASSED] - M4_spin_reel_wins = reel_wins: null

2019-08-24 12:50:53 - [TEST_STEP][PASSED] - M4_spin_reel_wins = M4_spin_reel_wins: null

2019-08-24 12:50:53 - [TEST_STEP][PASSED] - println("GlobalVariable.M4_spin_reel_wins is: " + M4_spin_reel_wins): null

2019-08-24 12:50:53 - [TEST_STEP][PASSED] - M4_spin_total_bonus_win_this_round = total_bonus_win_this_round: null

2019-08-24 12:50:53 - [TEST_STEP][PASSED] - M4_spin_total_bonus_win_this_round = M4_spin_total_bonus_win_this_round: null

2019-08-24 12:50:53 - [TEST_STEP][PASSED] - println("GlobalVariable.M4_spin_total_bonus_win_this_round is: " + M4_spin_total_bonus_win_this_round): null

2019-08-24 12:50:53 - [TEST_STEP][PASSED] - M4_spin_bonus_spin_result = spin_result: null

2019-08-24 12:50:53 - [TEST_STEP][PASSED] - M4_spin_bonus_spin_result = M4_spin_bonus_spin_result: null

2019-08-24 12:50:53 - [MESSAGE][PASSED] - Verify response successfully

2019-08-24 12:50:53 - [MESSAGE][PASSED] - Send request and verify the response successfully

2019-08-24 12:50:53 - [TEST_STEP][PASSED] - if (M4_total_bonus_spins_int != 0 &amp;&amp; M4_spin_reels_symbols[2].contains("WILD_Double") || M4_spin_reels_symbols[4].contains("WILD_Triple")): null

2019-08-24 12:50:53 - [TEST_STEP][PASSED] - free_spin_reel_counter = free_spin_reel_counter: null

2019-08-24 12:50:53 - [TEST_STEP][PASSED] - M4_spin_reels_symbols = M4_spin_reels_symbols: null

2019-08-24 12:50:53 - [TEST_STEP][PASSED] - M4_total_bonus_spins = M4_total_bonus_spins: null

2019-08-24 12:50:53 - [TEST_STEP][PASSED] - spin_result = sendRequestAndVerify(findTestObject("INT/RGS(M4)/1_M4_spin", ["M4_login_user_id":M4_login_user_id, "rgs_session_token":rgs_session_token, "partner":Partner])): Send request and verify the response successfully

2019-08-24 12:50:53 - [MESSAGE][INFO] - HAR: /Users/eiralee/Katalon_Script/SuperWild/Reports/20190824_124242/INT/superWild_4/20190824_124242/requests/main/146.har

2019-08-24 12:50:54 - [TEST_CASE][PASSED] - Start Test Case : Verification: Verification accomplished successfully

2019-08-24 12:50:54 - [TEST_STEP][PASSED] - request = getInstance().getCurrentRequest(): null

2019-08-24 12:50:54 - [TEST_STEP][PASSED] - response = getInstance().getCurrentResponse(): null

2019-08-24 12:50:54 - [TEST_STEP][PASSED] - verifyResponseStatusCode(response, 200): Verify response status code successfully

2019-08-24 12:50:54 - [MESSAGE][PASSED] - Verify response status code successfully

2019-08-24 12:50:54 - [TEST_STEP][PASSED] - getStatusCode()).isEqualTo(200): null

2019-08-24 12:50:54 - [TEST_STEP][PASSED] - newline = System.getProperty("line.separator"): null

2019-08-24 12:50:54 - [TEST_STEP][PASSED] - M4_spin = new groovy.json.JsonSlurper(): null

2019-08-24 12:50:54 - [TEST_STEP][PASSED] - result_M4_spin = M4_spin.parseText(response.getResponseBodyContent()): null

2019-08-24 12:50:54 - [TEST_STEP][PASSED] - M4_spin_current_balance = current_balance: null

2019-08-24 12:50:54 - [TEST_STEP][PASSED] - M4_spin_current_balance = M4_spin_current_balance: null

2019-08-24 12:50:54 - [TEST_STEP][PASSED] - M4_spin_transaction_id = causality: null

2019-08-24 12:50:54 - [TEST_STEP][PASSED] - M4_spin_transaction_id = M4_spin_transaction_id: null

2019-08-24 12:50:54 - [TEST_STEP][PASSED] - M4_spin_round_id = round_id: null

2019-08-24 12:50:54 - [TEST_STEP][PASSED] - M4_spin_round_id = M4_spin_round_id: null

2019-08-24 12:50:54 - [TEST_STEP][PASSED] - M4_spin_line_wins = line_wins: null

2019-08-24 12:50:54 - [TEST_STEP][PASSED] - M4_spin_line_wins = M4_spin_line_wins: null

2019-08-24 12:50:54 - [TEST_STEP][PASSED] - M4_total_bonus_spins_int = total_bonus_spins: null

2019-08-24 12:50:54 - [TEST_STEP][PASSED] - println("******M4_total_bonus_spins type is:*******" + newline + getClass().getName()): null

2019-08-24 12:50:54 - [TEST_STEP][PASSED] - M4_total_bonus_spins_int = M4_total_bonus_spins_int: null

2019-08-24 12:50:54 - [TEST_STEP][PASSED] - M4_total_bonus_spins = Integer.toString(M4_total_bonus_spins_int): null

2019-08-24 12:50:54 - [TEST_STEP][PASSED] - M4_total_bonus_spins = M4_total_bonus_spins: null

2019-08-24 12:50:54 - [TEST_STEP][PASSED] - println("M4_total_bonus_spins is:" + M4_total_bonus_spins): null

2019-08-24 12:50:54 - [TEST_STEP][PASSED] - M4_spin_bonus_data = bonus_data: null

2019-08-24 12:50:54 - [TEST_STEP][PASSED] - M4_spin_features_triggered = result_M4_spin: null

2019-08-24 12:50:54 - [TEST_STEP][PASSED] - wild = []: null

2019-08-24 12:50:54 - [TEST_STEP][PASSED] - wild[0] = "WILD_Expanding": null

2019-08-24 12:50:54 - [TEST_STEP][PASSED] - wild[1] = "WILD_Normal": null

2019-08-24 12:50:54 - [TEST_STEP][PASSED] - wild[2] = "WILD_Double": null

2019-08-24 12:50:54 - [TEST_STEP][PASSED] - wild[3] = "WILD_ExtraFG": null

2019-08-24 12:50:54 - [TEST_STEP][PASSED] - wild[4] = "WILD_Triple": null

2019-08-24 12:50:54 - [TEST_STEP][PASSED] - wildList = Arrays.asList(wild): null

2019-08-24 12:50:54 - [TEST_STEP][PASSED] - wildList = wildList: null

2019-08-24 12:50:54 - [TEST_STEP][PASSED] - free_spin_reel_counter = []: null

2019-08-24 12:50:54 - [TEST_STEP][PASSED] - free_spin_reel_counter[0] = 0: null

2019-08-24 12:50:54 - [TEST_STEP][PASSED] - free_spin_reel_counter[1] = 0: null

2019-08-24 12:50:54 - [TEST_STEP][PASSED] - free_spin_reel_counter[2] = 0: null

2019-08-24 12:50:54 - [TEST_STEP][PASSED] - M4_spin_reels = reels: null

2019-08-24 12:50:54 - [TEST_STEP][PASSED] - for ([i = 0, i &lt; M4_spin_reels.size(), (i++)]): null

2019-08-24 12:50:54 - [TEST_STEP][PASSED] - symbols = symbols: null

2019-08-24 12:50:54 - [TEST_STEP][PASSED] - for ([j = 0, j &lt; symbols.size(), (j++)]): null

2019-08-24 12:50:54 - [TEST_STEP][PASSED] - symbol = symbol: null

2019-08-24 12:50:54 - [TEST_STEP][PASSED] - println(symbol): null

2019-08-24 12:50:54 - [TEST_STEP][PASSED] - if (i == 2 &amp;&amp; wildList.indexOf(symbol) != -1): null

2019-08-24 12:50:54 - [TEST_STEP][PASSED] - if (i == 3 &amp;&amp; wildList.indexOf(symbol) != -1): null

2019-08-24 12:50:54 - [TEST_STEP][PASSED] - if (i == 4 &amp;&amp; wildList.indexOf(symbol) != -1): null

2019-08-24 12:50:54 - [TEST_STEP][PASSED] - symbol = symbol: null

2019-08-24 12:50:54 - [TEST_STEP][PASSED] - println(symbol): null

2019-08-24 12:50:54 - [TEST_STEP][PASSED] - if (i == 2 &amp;&amp; wildList.indexOf(symbol) != -1): null

2019-08-24 12:50:54 - [TEST_STEP][PASSED] - if (i == 3 &amp;&amp; wildList.indexOf(symbol) != -1): null

2019-08-24 12:50:54 - [TEST_STEP][PASSED] - if (i == 4 &amp;&amp; wildList.indexOf(symbol) != -1): null

2019-08-24 12:50:54 - [TEST_STEP][PASSED] - symbol = symbol: null

2019-08-24 12:50:54 - [TEST_STEP][PASSED] - println(symbol): null

2019-08-24 12:50:54 - [TEST_STEP][PASSED] - if (i == 2 &amp;&amp; wildList.indexOf(symbol) != -1): null

2019-08-24 12:50:54 - [TEST_STEP][PASSED] - if (i == 3 &amp;&amp; wildList.indexOf(symbol) != -1): null

2019-08-24 12:50:54 - [TEST_STEP][PASSED] - if (i == 4 &amp;&amp; wildList.indexOf(symbol) != -1): null

2019-08-24 12:50:54 - [TEST_STEP][PASSED] - symbols = symbols: null

2019-08-24 12:50:54 - [TEST_STEP][PASSED] - for ([j = 0, j &lt; symbols.size(), (j++)]): null

2019-08-24 12:50:54 - [TEST_STEP][PASSED] - symbol = symbol: null

2019-08-24 12:50:54 - [TEST_STEP][PASSED] - println(symbol): null

2019-08-24 12:50:54 - [TEST_STEP][PASSED] - if (i == 2 &amp;&amp; wildList.indexOf(symbol) != -1): null

2019-08-24 12:50:54 - [TEST_STEP][PASSED] - if (i == 3 &amp;&amp; wildList.indexOf(symbol) != -1): null

2019-08-24 12:50:54 - [TEST_STEP][PASSED] - if (i == 4 &amp;&amp; wildList.indexOf(symbol) != -1): null

2019-08-24 12:50:54 - [TEST_STEP][PASSED] - symbol = symbol: null

2019-08-24 12:50:54 - [TEST_STEP][PASSED] - println(symbol): null

2019-08-24 12:50:54 - [TEST_STEP][PASSED] - if (i == 2 &amp;&amp; wildList.indexOf(symbol) != -1): null

2019-08-24 12:50:54 - [TEST_STEP][PASSED] - if (i == 3 &amp;&amp; wildList.indexOf(symbol) != -1): null

2019-08-24 12:50:54 - [TEST_STEP][PASSED] - if (i == 4 &amp;&amp; wildList.indexOf(symbol) != -1): null

2019-08-24 12:50:54 - [TEST_STEP][PASSED] - symbol = symbol: null

2019-08-24 12:50:54 - [TEST_STEP][PASSED] - println(symbol): null

2019-08-24 12:50:54 - [TEST_STEP][PASSED] - if (i == 2 &amp;&amp; wildList.indexOf(symbol) != -1): null

2019-08-24 12:50:54 - [TEST_STEP][PASSED] - if (i == 3 &amp;&amp; wildList.indexOf(symbol) != -1): null

2019-08-24 12:50:54 - [TEST_STEP][PASSED] - if (i == 4 &amp;&amp; wildList.indexOf(symbol) != -1): null

2019-08-24 12:50:54 - [TEST_STEP][PASSED] - symbols = symbols: null

2019-08-24 12:50:54 - [TEST_STEP][PASSED] - for ([j = 0, j &lt; symbols.size(), (j++)]): null

2019-08-24 12:50:54 - [TEST_STEP][PASSED] - symbol = symbol: null

2019-08-24 12:50:54 - [TEST_STEP][PASSED] - println(symbol): null

2019-08-24 12:50:54 - [TEST_STEP][PASSED] - if (i == 2 &amp;&amp; wildList.indexOf(symbol) != -1): null

2019-08-24 12:50:54 - [TEST_STEP][PASSED] - if (i == 3 &amp;&amp; wildList.indexOf(symbol) != -1): null

2019-08-24 12:50:54 - [TEST_STEP][PASSED] - if (i == 4 &amp;&amp; wildList.indexOf(symbol) != -1): null

2019-08-24 12:50:54 - [TEST_STEP][PASSED] - symbol = symbol: null

2019-08-24 12:50:54 - [TEST_STEP][PASSED] - println(symbol): null

2019-08-24 12:50:54 - [TEST_STEP][PASSED] - if (i == 2 &amp;&amp; wildList.indexOf(symbol) != -1): null

2019-08-24 12:50:54 - [TEST_STEP][PASSED] - if (i == 3 &amp;&amp; wildList.indexOf(symbol) != -1): null

2019-08-24 12:50:54 - [TEST_STEP][PASSED] - if (i == 4 &amp;&amp; wildList.indexOf(symbol) != -1): null

2019-08-24 12:50:54 - [TEST_STEP][PASSED] - symbol = symbol: null

2019-08-24 12:50:54 - [TEST_STEP][PASSED] - println(symbol): null

2019-08-24 12:50:54 - [TEST_STEP][PASSED] - if (i == 2 &amp;&amp; wildList.indexOf(symbol) != -1): null

2019-08-24 12:50:54 - [TEST_STEP][PASSED] - println("wild found on reel 3, adding counter by 1"): null

2019-08-24 12:50:54 - [TEST_STEP][PASSED] - free_spin_reel_counter[0] = free_spin_reel_counter[0] + 1: null

2019-08-24 12:50:54 - [TEST_STEP][PASSED] - if (i == 3 &amp;&amp; wildList.indexOf(symbol) != -1): null

2019-08-24 12:50:54 - [TEST_STEP][PASSED] - if (i == 4 &amp;&amp; wildList.indexOf(symbol) != -1): null

2019-08-24 12:50:54 - [TEST_STEP][PASSED] - symbols = symbols: null

2019-08-24 12:50:54 - [TEST_STEP][PASSED] - for ([j = 0, j &lt; symbols.size(), (j++)]): null

2019-08-24 12:50:54 - [TEST_STEP][PASSED] - symbol = symbol: null

2019-08-24 12:50:54 - [TEST_STEP][PASSED] - println(symbol): null

2019-08-24 12:50:54 - [TEST_STEP][PASSED] - if (i == 2 &amp;&amp; wildList.indexOf(symbol) != -1): null

2019-08-24 12:50:54 - [TEST_STEP][PASSED] - if (i == 3 &amp;&amp; wildList.indexOf(symbol) != -1): null

2019-08-24 12:50:54 - [TEST_STEP][PASSED] - if (i == 4 &amp;&amp; wildList.indexOf(symbol) != -1): null

2019-08-24 12:50:54 - [TEST_STEP][PASSED] - symbol = symbol: null

2019-08-24 12:50:54 - [TEST_STEP][PASSED] - println(symbol): null

2019-08-24 12:50:54 - [TEST_STEP][PASSED] - if (i == 2 &amp;&amp; wildList.indexOf(symbol) != -1): null

2019-08-24 12:50:54 - [TEST_STEP][PASSED] - if (i == 3 &amp;&amp; wildList.indexOf(symbol) != -1): null

2019-08-24 12:50:54 - [TEST_STEP][PASSED] - if (i == 4 &amp;&amp; wildList.indexOf(symbol) != -1): null

2019-08-24 12:50:54 - [TEST_STEP][PASSED] - symbol = symbol: null

2019-08-24 12:50:54 - [TEST_STEP][PASSED] - println(symbol): null

2019-08-24 12:50:54 - [TEST_STEP][PASSED] - if (i == 2 &amp;&amp; wildList.indexOf(symbol) != -1): null

2019-08-24 12:50:54 - [TEST_STEP][PASSED] - if (i == 3 &amp;&amp; wildList.indexOf(symbol) != -1): null

2019-08-24 12:50:54 - [TEST_STEP][PASSED] - if (i == 4 &amp;&amp; wildList.indexOf(symbol) != -1): null

2019-08-24 12:50:54 - [TEST_STEP][PASSED] - symbols = symbols: null

2019-08-24 12:50:54 - [TEST_STEP][PASSED] - for ([j = 0, j &lt; symbols.size(), (j++)]): null

2019-08-24 12:50:54 - [TEST_STEP][PASSED] - symbol = symbol: null

2019-08-24 12:50:54 - [TEST_STEP][PASSED] - println(symbol): null

2019-08-24 12:50:54 - [TEST_STEP][PASSED] - if (i == 2 &amp;&amp; wildList.indexOf(symbol) != -1): null

2019-08-24 12:50:54 - [TEST_STEP][PASSED] - if (i == 3 &amp;&amp; wildList.indexOf(symbol) != -1): null

2019-08-24 12:50:54 - [TEST_STEP][PASSED] - if (i == 4 &amp;&amp; wildList.indexOf(symbol) != -1): null

2019-08-24 12:50:54 - [TEST_STEP][PASSED] - symbol = symbol: null

2019-08-24 12:50:54 - [TEST_STEP][PASSED] - println(symbol): null

2019-08-24 12:50:54 - [TEST_STEP][PASSED] - if (i == 2 &amp;&amp; wildList.indexOf(symbol) != -1): null

2019-08-24 12:50:54 - [TEST_STEP][PASSED] - if (i == 3 &amp;&amp; wildList.indexOf(symbol) != -1): null

2019-08-24 12:50:54 - [TEST_STEP][PASSED] - if (i == 4 &amp;&amp; wildList.indexOf(symbol) != -1): null

2019-08-24 12:50:54 - [TEST_STEP][PASSED] - symbol = symbol: null

2019-08-24 12:50:54 - [TEST_STEP][PASSED] - println(symbol): null

2019-08-24 12:50:54 - [TEST_STEP][PASSED] - if (i == 2 &amp;&amp; wildList.indexOf(symbol) != -1): null

2019-08-24 12:50:54 - [TEST_STEP][PASSED] - if (i == 3 &amp;&amp; wildList.indexOf(symbol) != -1): null

2019-08-24 12:50:54 - [TEST_STEP][PASSED] - if (i == 4 &amp;&amp; wildList.indexOf(symbol) != -1): null

2019-08-24 12:50:54 - [TEST_STEP][PASSED] - free_spin_reel_counter = free_spin_reel_counter: null

2019-08-24 12:50:54 - [TEST_STEP][PASSED] - println("reel 3 wild found: " + free_spin_reel_counter[0]): null

2019-08-24 12:50:54 - [TEST_STEP][PASSED] - println("reel 4 wild found: " + free_spin_reel_counter[1]): null

2019-08-24 12:50:54 - [TEST_STEP][PASSED] - println("reel 5 wild found: " + free_spin_reel_counter[2]): null

2019-08-24 12:50:54 - [TEST_STEP][PASSED] - M4_spin_reels = M4_spin_reels: null

2019-08-24 12:50:54 - [TEST_STEP][PASSED] - M4_spin_reels_symbols = symbol: null

2019-08-24 12:50:54 - [TEST_STEP][PASSED] - M4_spin_reels_symbols = M4_spin_reels_symbols: null

2019-08-24 12:50:54 - [TEST_STEP][PASSED] - M4_spin_reel_wins = reel_wins: null

2019-08-24 12:50:54 - [TEST_STEP][PASSED] - M4_spin_reel_wins = M4_spin_reel_wins: null

2019-08-24 12:50:54 - [TEST_STEP][PASSED] - println("GlobalVariable.M4_spin_reel_wins is: " + M4_spin_reel_wins): null

2019-08-24 12:50:54 - [TEST_STEP][PASSED] - M4_spin_total_bonus_win_this_round = total_bonus_win_this_round: null

2019-08-24 12:50:54 - [TEST_STEP][PASSED] - M4_spin_total_bonus_win_this_round = M4_spin_total_bonus_win_this_round: null

2019-08-24 12:50:54 - [TEST_STEP][PASSED] - println("GlobalVariable.M4_spin_total_bonus_win_this_round is: " + M4_spin_total_bonus_win_this_round): null

2019-08-24 12:50:54 - [TEST_STEP][PASSED] - M4_spin_bonus_spin_result = spin_result: null

2019-08-24 12:50:54 - [TEST_STEP][PASSED] - M4_spin_bonus_spin_result = M4_spin_bonus_spin_result: null

2019-08-24 12:50:54 - [MESSAGE][PASSED] - Verify response successfully

2019-08-24 12:50:54 - [MESSAGE][PASSED] - Send request and verify the response successfully

2019-08-24 12:50:54 - [TEST_STEP][PASSED] - if (M4_total_bonus_spins_int != 0 &amp;&amp; M4_spin_reels_symbols[2].contains("WILD_Double") || M4_spin_reels_symbols[4].contains("WILD_Triple")): null

2019-08-24 12:50:54 - [TEST_STEP][PASSED] - free_spin_reel_counter = free_spin_reel_counter: null

2019-08-24 12:50:54 - [TEST_STEP][PASSED] - M4_spin_reels_symbols = M4_spin_reels_symbols: null

2019-08-24 12:50:54 - [TEST_STEP][PASSED] - M4_total_bonus_spins = M4_total_bonus_spins: null

2019-08-24 12:50:54 - [TEST_STEP][PASSED] - spin_result = sendRequestAndVerify(findTestObject("INT/RGS(M4)/1_M4_spin", ["M4_login_user_id":M4_login_user_id, "rgs_session_token":rgs_session_token, "partner":Partner])): Send request and verify the response successfully

2019-08-24 12:50:54 - [MESSAGE][INFO] - HAR: /Users/eiralee/Katalon_Script/SuperWild/Reports/20190824_124242/INT/superWild_4/20190824_124242/requests/main/147.har

2019-08-24 12:50:54 - [TEST_CASE][PASSED] - Start Test Case : Verification: Verification accomplished successfully

2019-08-24 12:50:54 - [TEST_STEP][PASSED] - request = getInstance().getCurrentRequest(): null

2019-08-24 12:50:54 - [TEST_STEP][PASSED] - response = getInstance().getCurrentResponse(): null

2019-08-24 12:50:54 - [TEST_STEP][PASSED] - verifyResponseStatusCode(response, 200): Verify response status code successfully

2019-08-24 12:50:54 - [MESSAGE][PASSED] - Verify response status code successfully

2019-08-24 12:50:54 - [TEST_STEP][PASSED] - getStatusCode()).isEqualTo(200): null

2019-08-24 12:50:54 - [TEST_STEP][PASSED] - newline = System.getProperty("line.separator"): null

2019-08-24 12:50:54 - [TEST_STEP][PASSED] - M4_spin = new groovy.json.JsonSlurper(): null

2019-08-24 12:50:54 - [TEST_STEP][PASSED] - result_M4_spin = M4_spin.parseText(response.getResponseBodyContent()): null

2019-08-24 12:50:54 - [TEST_STEP][PASSED] - M4_spin_current_balance = current_balance: null

2019-08-24 12:50:54 - [TEST_STEP][PASSED] - M4_spin_current_balance = M4_spin_current_balance: null

2019-08-24 12:50:54 - [TEST_STEP][PASSED] - M4_spin_transaction_id = causality: null

2019-08-24 12:50:54 - [TEST_STEP][PASSED] - M4_spin_transaction_id = M4_spin_transaction_id: null

2019-08-24 12:50:54 - [TEST_STEP][PASSED] - M4_spin_round_id = round_id: null

2019-08-24 12:50:54 - [TEST_STEP][PASSED] - M4_spin_round_id = M4_spin_round_id: null

2019-08-24 12:50:54 - [TEST_STEP][PASSED] - M4_spin_line_wins = line_wins: null

2019-08-24 12:50:54 - [TEST_STEP][PASSED] - M4_spin_line_wins = M4_spin_line_wins: null

2019-08-24 12:50:54 - [TEST_STEP][PASSED] - M4_total_bonus_spins_int = total_bonus_spins: null

2019-08-24 12:50:54 - [TEST_STEP][PASSED] - println("******M4_total_bonus_spins type is:*******" + newline + getClass().getName()): null

2019-08-24 12:50:54 - [TEST_STEP][PASSED] - M4_total_bonus_spins_int = M4_total_bonus_spins_int: null

2019-08-24 12:50:54 - [TEST_STEP][PASSED] - M4_total_bonus_spins = Integer.toString(M4_total_bonus_spins_int): null

2019-08-24 12:50:54 - [TEST_STEP][PASSED] - M4_total_bonus_spins = M4_total_bonus_spins: null

2019-08-24 12:50:54 - [TEST_STEP][PASSED] - println("M4_total_bonus_spins is:" + M4_total_bonus_spins): null

2019-08-24 12:50:54 - [TEST_STEP][PASSED] - M4_spin_bonus_data = bonus_data: null

2019-08-24 12:50:54 - [TEST_STEP][PASSED] - M4_spin_features_triggered = result_M4_spin: null

2019-08-24 12:50:54 - [TEST_STEP][PASSED] - wild = []: null

2019-08-24 12:50:54 - [TEST_STEP][PASSED] - wild[0] = "WILD_Expanding": null

2019-08-24 12:50:54 - [TEST_STEP][PASSED] - wild[1] = "WILD_Normal": null

2019-08-24 12:50:54 - [TEST_STEP][PASSED] - wild[2] = "WILD_Double": null

2019-08-24 12:50:54 - [TEST_STEP][PASSED] - wild[3] = "WILD_ExtraFG": null

2019-08-24 12:50:54 - [TEST_STEP][PASSED] - wild[4] = "WILD_Triple": null

2019-08-24 12:50:54 - [TEST_STEP][PASSED] - wildList = Arrays.asList(wild): null

2019-08-24 12:50:54 - [TEST_STEP][PASSED] - wildList = wildList: null

2019-08-24 12:50:54 - [TEST_STEP][PASSED] - free_spin_reel_counter = []: null

2019-08-24 12:50:54 - [TEST_STEP][PASSED] - free_spin_reel_counter[0] = 0: null

2019-08-24 12:50:54 - [TEST_STEP][PASSED] - free_spin_reel_counter[1] = 0: null

2019-08-24 12:50:54 - [TEST_STEP][PASSED] - free_spin_reel_counter[2] = 0: null

2019-08-24 12:50:54 - [TEST_STEP][PASSED] - M4_spin_reels = reels: null

2019-08-24 12:50:54 - [TEST_STEP][PASSED] - for ([i = 0, i &lt; M4_spin_reels.size(), (i++)]): null

2019-08-24 12:50:54 - [TEST_STEP][PASSED] - symbols = symbols: null

2019-08-24 12:50:54 - [TEST_STEP][PASSED] - for ([j = 0, j &lt; symbols.size(), (j++)]): null

2019-08-24 12:50:54 - [TEST_STEP][PASSED] - symbol = symbol: null

2019-08-24 12:50:54 - [TEST_STEP][PASSED] - println(symbol): null

2019-08-24 12:50:54 - [TEST_STEP][PASSED] - if (i == 2 &amp;&amp; wildList.indexOf(symbol) != -1): null

2019-08-24 12:50:54 - [TEST_STEP][PASSED] - if (i == 3 &amp;&amp; wildList.indexOf(symbol) != -1): null

2019-08-24 12:50:54 - [TEST_STEP][PASSED] - if (i == 4 &amp;&amp; wildList.indexOf(symbol) != -1): null

2019-08-24 12:50:54 - [TEST_STEP][PASSED] - symbol = symbol: null

2019-08-24 12:50:54 - [TEST_STEP][PASSED] - println(symbol): null

2019-08-24 12:50:54 - [TEST_STEP][PASSED] - if (i == 2 &amp;&amp; wildList.indexOf(symbol) != -1): null

2019-08-24 12:50:54 - [TEST_STEP][PASSED] - if (i == 3 &amp;&amp; wildList.indexOf(symbol) != -1): null

2019-08-24 12:50:54 - [TEST_STEP][PASSED] - if (i == 4 &amp;&amp; wildList.indexOf(symbol) != -1): null

2019-08-24 12:50:54 - [TEST_STEP][PASSED] - symbol = symbol: null

2019-08-24 12:50:54 - [TEST_STEP][PASSED] - println(symbol): null

2019-08-24 12:50:54 - [TEST_STEP][PASSED] - if (i == 2 &amp;&amp; wildList.indexOf(symbol) != -1): null

2019-08-24 12:50:54 - [TEST_STEP][PASSED] - if (i == 3 &amp;&amp; wildList.indexOf(symbol) != -1): null

2019-08-24 12:50:54 - [TEST_STEP][PASSED] - if (i == 4 &amp;&amp; wildList.indexOf(symbol) != -1): null

2019-08-24 12:50:54 - [TEST_STEP][PASSED] - symbols = symbols: null

2019-08-24 12:50:54 - [TEST_STEP][PASSED] - for ([j = 0, j &lt; symbols.size(), (j++)]): null

2019-08-24 12:50:54 - [TEST_STEP][PASSED] - symbol = symbol: null

2019-08-24 12:50:54 - [TEST_STEP][PASSED] - println(symbol): null

2019-08-24 12:50:54 - [TEST_STEP][PASSED] - if (i == 2 &amp;&amp; wildList.indexOf(symbol) != -1): null

2019-08-24 12:50:54 - [TEST_STEP][PASSED] - if (i == 3 &amp;&amp; wildList.indexOf(symbol) != -1): null

2019-08-24 12:50:54 - [TEST_STEP][PASSED] - if (i == 4 &amp;&amp; wildList.indexOf(symbol) != -1): null

2019-08-24 12:50:54 - [TEST_STEP][PASSED] - symbol = symbol: null

2019-08-24 12:50:54 - [TEST_STEP][PASSED] - println(symbol): null

2019-08-24 12:50:54 - [TEST_STEP][PASSED] - if (i == 2 &amp;&amp; wildList.indexOf(symbol) != -1): null

2019-08-24 12:50:54 - [TEST_STEP][PASSED] - if (i == 3 &amp;&amp; wildList.indexOf(symbol) != -1): null

2019-08-24 12:50:54 - [TEST_STEP][PASSED] - if (i == 4 &amp;&amp; wildList.indexOf(symbol) != -1): null

2019-08-24 12:50:54 - [TEST_STEP][PASSED] - symbol = symbol: null

2019-08-24 12:50:54 - [TEST_STEP][PASSED] - println(symbol): null

2019-08-24 12:50:54 - [TEST_STEP][PASSED] - if (i == 2 &amp;&amp; wildList.indexOf(symbol) != -1): null

2019-08-24 12:50:54 - [TEST_STEP][PASSED] - if (i == 3 &amp;&amp; wildList.indexOf(symbol) != -1): null

2019-08-24 12:50:54 - [TEST_STEP][PASSED] - if (i == 4 &amp;&amp; wildList.indexOf(symbol) != -1): null

2019-08-24 12:50:54 - [TEST_STEP][PASSED] - symbols = symbols: null

2019-08-24 12:50:54 - [TEST_STEP][PASSED] - for ([j = 0, j &lt; symbols.size(), (j++)]): null

2019-08-24 12:50:54 - [TEST_STEP][PASSED] - symbol = symbol: null

2019-08-24 12:50:54 - [TEST_STEP][PASSED] - println(symbol): null

2019-08-24 12:50:54 - [TEST_STEP][PASSED] - if (i == 2 &amp;&amp; wildList.indexOf(symbol) != -1): null

2019-08-24 12:50:54 - [TEST_STEP][PASSED] - if (i == 3 &amp;&amp; wildList.indexOf(symbol) != -1): null

2019-08-24 12:50:54 - [TEST_STEP][PASSED] - if (i == 4 &amp;&amp; wildList.indexOf(symbol) != -1): null

2019-08-24 12:50:54 - [TEST_STEP][PASSED] - symbol = symbol: null

2019-08-24 12:50:54 - [TEST_STEP][PASSED] - println(symbol): null

2019-08-24 12:50:54 - [TEST_STEP][PASSED] - if (i == 2 &amp;&amp; wildList.indexOf(symbol) != -1): null

2019-08-24 12:50:54 - [TEST_STEP][PASSED] - if (i == 3 &amp;&amp; wildList.indexOf(symbol) != -1): null

2019-08-24 12:50:54 - [TEST_STEP][PASSED] - if (i == 4 &amp;&amp; wildList.indexOf(symbol) != -1): null

2019-08-24 12:50:54 - [TEST_STEP][PASSED] - symbol = symbol: null

2019-08-24 12:50:54 - [TEST_STEP][PASSED] - println(symbol): null

2019-08-24 12:50:54 - [TEST_STEP][PASSED] - if (i == 2 &amp;&amp; wildList.indexOf(symbol) != -1): null

2019-08-24 12:50:54 - [TEST_STEP][PASSED] - if (i == 3 &amp;&amp; wildList.indexOf(symbol) != -1): null

2019-08-24 12:50:54 - [TEST_STEP][PASSED] - if (i == 4 &amp;&amp; wildList.indexOf(symbol) != -1): null

2019-08-24 12:50:54 - [TEST_STEP][PASSED] - symbols = symbols: null

2019-08-24 12:50:54 - [TEST_STEP][PASSED] - for ([j = 0, j &lt; symbols.size(), (j++)]): null

2019-08-24 12:50:54 - [TEST_STEP][PASSED] - symbol = symbol: null

2019-08-24 12:50:54 - [TEST_STEP][PASSED] - println(symbol): null

2019-08-24 12:50:54 - [TEST_STEP][PASSED] - if (i == 2 &amp;&amp; wildList.indexOf(symbol) != -1): null

2019-08-24 12:50:54 - [TEST_STEP][PASSED] - if (i == 3 &amp;&amp; wildList.indexOf(symbol) != -1): null

2019-08-24 12:50:54 - [TEST_STEP][PASSED] - if (i == 4 &amp;&amp; wildList.indexOf(symbol) != -1): null

2019-08-24 12:50:54 - [TEST_STEP][PASSED] - symbol = symbol: null

2019-08-24 12:50:54 - [TEST_STEP][PASSED] - println(symbol): null

2019-08-24 12:50:54 - [TEST_STEP][PASSED] - if (i == 2 &amp;&amp; wildList.indexOf(symbol) != -1): null

2019-08-24 12:50:54 - [TEST_STEP][PASSED] - if (i == 3 &amp;&amp; wildList.indexOf(symbol) != -1): null

2019-08-24 12:50:54 - [TEST_STEP][PASSED] - if (i == 4 &amp;&amp; wildList.indexOf(symbol) != -1): null

2019-08-24 12:50:54 - [TEST_STEP][PASSED] - symbol = symbol: null

2019-08-24 12:50:54 - [TEST_STEP][PASSED] - println(symbol): null

2019-08-24 12:50:54 - [TEST_STEP][PASSED] - if (i == 2 &amp;&amp; wildList.indexOf(symbol) != -1): null

2019-08-24 12:50:54 - [TEST_STEP][PASSED] - if (i == 3 &amp;&amp; wildList.indexOf(symbol) != -1): null

2019-08-24 12:50:54 - [TEST_STEP][PASSED] - if (i == 4 &amp;&amp; wildList.indexOf(symbol) != -1): null

2019-08-24 12:50:54 - [TEST_STEP][PASSED] - symbols = symbols: null

2019-08-24 12:50:54 - [TEST_STEP][PASSED] - for ([j = 0, j &lt; symbols.size(), (j++)]): null

2019-08-24 12:50:54 - [TEST_STEP][PASSED] - symbol = symbol: null

2019-08-24 12:50:54 - [TEST_STEP][PASSED] - println(symbol): null

2019-08-24 12:50:54 - [TEST_STEP][PASSED] - if (i == 2 &amp;&amp; wildList.indexOf(symbol) != -1): null

2019-08-24 12:50:54 - [TEST_STEP][PASSED] - if (i == 3 &amp;&amp; wildList.indexOf(symbol) != -1): null

2019-08-24 12:50:54 - [TEST_STEP][PASSED] - if (i == 4 &amp;&amp; wildList.indexOf(symbol) != -1): null

2019-08-24 12:50:54 - [TEST_STEP][PASSED] - symbol = symbol: null

2019-08-24 12:50:54 - [TEST_STEP][PASSED] - println(symbol): null

2019-08-24 12:50:54 - [TEST_STEP][PASSED] - if (i == 2 &amp;&amp; wildList.indexOf(symbol) != -1): null

2019-08-24 12:50:54 - [TEST_STEP][PASSED] - if (i == 3 &amp;&amp; wildList.indexOf(symbol) != -1): null

2019-08-24 12:50:54 - [TEST_STEP][PASSED] - if (i == 4 &amp;&amp; wildList.indexOf(symbol) != -1): null

2019-08-24 12:50:54 - [TEST_STEP][PASSED] - symbol = symbol: null

2019-08-24 12:50:54 - [TEST_STEP][PASSED] - println(symbol): null

2019-08-24 12:50:54 - [TEST_STEP][PASSED] - if (i == 2 &amp;&amp; wildList.indexOf(symbol) != -1): null

2019-08-24 12:50:54 - [TEST_STEP][PASSED] - if (i == 3 &amp;&amp; wildList.indexOf(symbol) != -1): null

2019-08-24 12:50:54 - [TEST_STEP][PASSED] - if (i == 4 &amp;&amp; wildList.indexOf(symbol) != -1): null

2019-08-24 12:50:54 - [TEST_STEP][PASSED] - free_spin_reel_counter = free_spin_reel_counter: null

2019-08-24 12:50:54 - [TEST_STEP][PASSED] - println("reel 3 wild found: " + free_spin_reel_counter[0]): null

2019-08-24 12:50:54 - [TEST_STEP][PASSED] - println("reel 4 wild found: " + free_spin_reel_counter[1]): null

2019-08-24 12:50:54 - [TEST_STEP][PASSED] - println("reel 5 wild found: " + free_spin_reel_counter[2]): null

2019-08-24 12:50:54 - [TEST_STEP][PASSED] - M4_spin_reels = M4_spin_reels: null

2019-08-24 12:50:54 - [TEST_STEP][PASSED] - M4_spin_reels_symbols = symbol: null

2019-08-24 12:50:54 - [TEST_STEP][PASSED] - M4_spin_reels_symbols = M4_spin_reels_symbols: null

2019-08-24 12:50:54 - [TEST_STEP][PASSED] - M4_spin_reel_wins = reel_wins: null

2019-08-24 12:50:54 - [TEST_STEP][PASSED] - M4_spin_reel_wins = M4_spin_reel_wins: null

2019-08-24 12:50:54 - [TEST_STEP][PASSED] - println("GlobalVariable.M4_spin_reel_wins is: " + M4_spin_reel_wins): null

2019-08-24 12:50:54 - [TEST_STEP][PASSED] - M4_spin_total_bonus_win_this_round = total_bonus_win_this_round: null

2019-08-24 12:50:54 - [TEST_STEP][PASSED] - M4_spin_total_bonus_win_this_round = M4_spin_total_bonus_win_this_round: null

2019-08-24 12:50:54 - [TEST_STEP][PASSED] - println("GlobalVariable.M4_spin_total_bonus_win_this_round is: " + M4_spin_total_bonus_win_this_round): null

2019-08-24 12:50:54 - [TEST_STEP][PASSED] - M4_spin_bonus_spin_result = spin_result: null

2019-08-24 12:50:54 - [TEST_STEP][PASSED] - M4_spin_bonus_spin_result = M4_spin_bonus_spin_result: null

2019-08-24 12:50:54 - [MESSAGE][PASSED] - Verify response successfully

2019-08-24 12:50:54 - [MESSAGE][PASSED] - Send request and verify the response successfully

2019-08-24 12:50:54 - [TEST_STEP][PASSED] - if (M4_total_bonus_spins_int != 0 &amp;&amp; M4_spin_reels_symbols[2].contains("WILD_Double") || M4_spin_reels_symbols[4].contains("WILD_Triple")): null

2019-08-24 12:50:54 - [TEST_STEP][PASSED] - free_spin_reel_counter = free_spin_reel_counter: null

2019-08-24 12:50:54 - [TEST_STEP][PASSED] - M4_spin_reels_symbols = M4_spin_reels_symbols: null

2019-08-24 12:50:54 - [TEST_STEP][PASSED] - M4_total_bonus_spins = M4_total_bonus_spins: null

2019-08-24 12:50:54 - [TEST_STEP][PASSED] - spin_result = sendRequestAndVerify(findTestObject("INT/RGS(M4)/1_M4_spin", ["M4_login_user_id":M4_login_user_id, "rgs_session_token":rgs_session_token, "partner":Partner])): Send request and verify the response successfully

2019-08-24 12:50:55 - [MESSAGE][INFO] - HAR: /Users/eiralee/Katalon_Script/SuperWild/Reports/20190824_124242/INT/superWild_4/20190824_124242/requests/main/148.har

2019-08-24 12:50:55 - [TEST_CASE][PASSED] - Start Test Case : Verification: Verification accomplished successfully

2019-08-24 12:50:55 - [TEST_STEP][PASSED] - request = getInstance().getCurrentRequest(): null

2019-08-24 12:50:55 - [TEST_STEP][PASSED] - response = getInstance().getCurrentResponse(): null

2019-08-24 12:50:55 - [TEST_STEP][PASSED] - verifyResponseStatusCode(response, 200): Verify response status code successfully

2019-08-24 12:50:55 - [MESSAGE][PASSED] - Verify response status code successfully

2019-08-24 12:50:55 - [TEST_STEP][PASSED] - getStatusCode()).isEqualTo(200): null

2019-08-24 12:50:55 - [TEST_STEP][PASSED] - newline = System.getProperty("line.separator"): null

2019-08-24 12:50:55 - [TEST_STEP][PASSED] - M4_spin = new groovy.json.JsonSlurper(): null

2019-08-24 12:50:55 - [TEST_STEP][PASSED] - result_M4_spin = M4_spin.parseText(response.getResponseBodyContent()): null

2019-08-24 12:50:55 - [TEST_STEP][PASSED] - M4_spin_current_balance = current_balance: null

2019-08-24 12:50:55 - [TEST_STEP][PASSED] - M4_spin_current_balance = M4_spin_current_balance: null

2019-08-24 12:50:55 - [TEST_STEP][PASSED] - M4_spin_transaction_id = causality: null

2019-08-24 12:50:55 - [TEST_STEP][PASSED] - M4_spin_transaction_id = M4_spin_transaction_id: null

2019-08-24 12:50:55 - [TEST_STEP][PASSED] - M4_spin_round_id = round_id: null

2019-08-24 12:50:55 - [TEST_STEP][PASSED] - M4_spin_round_id = M4_spin_round_id: null

2019-08-24 12:50:55 - [TEST_STEP][PASSED] - M4_spin_line_wins = line_wins: null

2019-08-24 12:50:55 - [TEST_STEP][PASSED] - M4_spin_line_wins = M4_spin_line_wins: null

2019-08-24 12:50:55 - [TEST_STEP][PASSED] - M4_total_bonus_spins_int = total_bonus_spins: null

2019-08-24 12:50:55 - [TEST_STEP][PASSED] - println("******M4_total_bonus_spins type is:*******" + newline + getClass().getName()): null

2019-08-24 12:50:55 - [TEST_STEP][PASSED] - M4_total_bonus_spins_int = M4_total_bonus_spins_int: null

2019-08-24 12:50:55 - [TEST_STEP][PASSED] - M4_total_bonus_spins = Integer.toString(M4_total_bonus_spins_int): null

2019-08-24 12:50:55 - [TEST_STEP][PASSED] - M4_total_bonus_spins = M4_total_bonus_spins: null

2019-08-24 12:50:55 - [TEST_STEP][PASSED] - println("M4_total_bonus_spins is:" + M4_total_bonus_spins): null

2019-08-24 12:50:55 - [TEST_STEP][PASSED] - M4_spin_bonus_data = bonus_data: null

2019-08-24 12:50:55 - [TEST_STEP][PASSED] - M4_spin_features_triggered = result_M4_spin: null

2019-08-24 12:50:55 - [TEST_STEP][PASSED] - wild = []: null

2019-08-24 12:50:55 - [TEST_STEP][PASSED] - wild[0] = "WILD_Expanding": null

2019-08-24 12:50:55 - [TEST_STEP][PASSED] - wild[1] = "WILD_Normal": null

2019-08-24 12:50:55 - [TEST_STEP][PASSED] - wild[2] = "WILD_Double": null

2019-08-24 12:50:55 - [TEST_STEP][PASSED] - wild[3] = "WILD_ExtraFG": null

2019-08-24 12:50:55 - [TEST_STEP][PASSED] - wild[4] = "WILD_Triple": null

2019-08-24 12:50:55 - [TEST_STEP][PASSED] - wildList = Arrays.asList(wild): null

2019-08-24 12:50:55 - [TEST_STEP][PASSED] - wildList = wildList: null

2019-08-24 12:50:55 - [TEST_STEP][PASSED] - free_spin_reel_counter = []: null

2019-08-24 12:50:55 - [TEST_STEP][PASSED] - free_spin_reel_counter[0] = 0: null

2019-08-24 12:50:55 - [TEST_STEP][PASSED] - free_spin_reel_counter[1] = 0: null

2019-08-24 12:50:55 - [TEST_STEP][PASSED] - free_spin_reel_counter[2] = 0: null

2019-08-24 12:50:55 - [TEST_STEP][PASSED] - M4_spin_reels = reels: null

2019-08-24 12:50:55 - [TEST_STEP][PASSED] - for ([i = 0, i &lt; M4_spin_reels.size(), (i++)]): null

2019-08-24 12:50:55 - [TEST_STEP][PASSED] - symbols = symbols: null

2019-08-24 12:50:55 - [TEST_STEP][PASSED] - for ([j = 0, j &lt; symbols.size(), (j++)]): null

2019-08-24 12:50:55 - [TEST_STEP][PASSED] - symbol = symbol: null

2019-08-24 12:50:55 - [TEST_STEP][PASSED] - println(symbol): null

2019-08-24 12:50:55 - [TEST_STEP][PASSED] - if (i == 2 &amp;&amp; wildList.indexOf(symbol) != -1): null

2019-08-24 12:50:55 - [TEST_STEP][PASSED] - if (i == 3 &amp;&amp; wildList.indexOf(symbol) != -1): null

2019-08-24 12:50:55 - [TEST_STEP][PASSED] - if (i == 4 &amp;&amp; wildList.indexOf(symbol) != -1): null

2019-08-24 12:50:55 - [TEST_STEP][PASSED] - symbol = symbol: null

2019-08-24 12:50:55 - [TEST_STEP][PASSED] - println(symbol): null

2019-08-24 12:50:55 - [TEST_STEP][PASSED] - if (i == 2 &amp;&amp; wildList.indexOf(symbol) != -1): null

2019-08-24 12:50:55 - [TEST_STEP][PASSED] - if (i == 3 &amp;&amp; wildList.indexOf(symbol) != -1): null

2019-08-24 12:50:55 - [TEST_STEP][PASSED] - if (i == 4 &amp;&amp; wildList.indexOf(symbol) != -1): null

2019-08-24 12:50:55 - [TEST_STEP][PASSED] - symbol = symbol: null

2019-08-24 12:50:55 - [TEST_STEP][PASSED] - println(symbol): null

2019-08-24 12:50:55 - [TEST_STEP][PASSED] - if (i == 2 &amp;&amp; wildList.indexOf(symbol) != -1): null

2019-08-24 12:50:55 - [TEST_STEP][PASSED] - if (i == 3 &amp;&amp; wildList.indexOf(symbol) != -1): null

2019-08-24 12:50:55 - [TEST_STEP][PASSED] - if (i == 4 &amp;&amp; wildList.indexOf(symbol) != -1): null

2019-08-24 12:50:55 - [TEST_STEP][PASSED] - symbols = symbols: null

2019-08-24 12:50:55 - [TEST_STEP][PASSED] - for ([j = 0, j &lt; symbols.size(), (j++)]): null

2019-08-24 12:50:55 - [TEST_STEP][PASSED] - symbol = symbol: null

2019-08-24 12:50:55 - [TEST_STEP][PASSED] - println(symbol): null

2019-08-24 12:50:55 - [TEST_STEP][PASSED] - if (i == 2 &amp;&amp; wildList.indexOf(symbol) != -1): null

2019-08-24 12:50:55 - [TEST_STEP][PASSED] - if (i == 3 &amp;&amp; wildList.indexOf(symbol) != -1): null

2019-08-24 12:50:55 - [TEST_STEP][PASSED] - if (i == 4 &amp;&amp; wildList.indexOf(symbol) != -1): null

2019-08-24 12:50:55 - [TEST_STEP][PASSED] - symbol = symbol: null

2019-08-24 12:50:55 - [TEST_STEP][PASSED] - println(symbol): null

2019-08-24 12:50:55 - [TEST_STEP][PASSED] - if (i == 2 &amp;&amp; wildList.indexOf(symbol) != -1): null

2019-08-24 12:50:55 - [TEST_STEP][PASSED] - if (i == 3 &amp;&amp; wildList.indexOf(symbol) != -1): null

2019-08-24 12:50:55 - [TEST_STEP][PASSED] - if (i == 4 &amp;&amp; wildList.indexOf(symbol) != -1): null

2019-08-24 12:50:55 - [TEST_STEP][PASSED] - symbol = symbol: null

2019-08-24 12:50:55 - [TEST_STEP][PASSED] - println(symbol): null

2019-08-24 12:50:55 - [TEST_STEP][PASSED] - if (i == 2 &amp;&amp; wildList.indexOf(symbol) != -1): null

2019-08-24 12:50:55 - [TEST_STEP][PASSED] - if (i == 3 &amp;&amp; wildList.indexOf(symbol) != -1): null

2019-08-24 12:50:55 - [TEST_STEP][PASSED] - if (i == 4 &amp;&amp; wildList.indexOf(symbol) != -1): null

2019-08-24 12:50:55 - [TEST_STEP][PASSED] - symbols = symbols: null

2019-08-24 12:50:55 - [TEST_STEP][PASSED] - for ([j = 0, j &lt; symbols.size(), (j++)]): null

2019-08-24 12:50:55 - [TEST_STEP][PASSED] - symbol = symbol: null

2019-08-24 12:50:55 - [TEST_STEP][PASSED] - println(symbol): null

2019-08-24 12:50:55 - [TEST_STEP][PASSED] - if (i == 2 &amp;&amp; wildList.indexOf(symbol) != -1): null

2019-08-24 12:50:55 - [TEST_STEP][PASSED] - if (i == 3 &amp;&amp; wildList.indexOf(symbol) != -1): null

2019-08-24 12:50:55 - [TEST_STEP][PASSED] - if (i == 4 &amp;&amp; wildList.indexOf(symbol) != -1): null

2019-08-24 12:50:55 - [TEST_STEP][PASSED] - symbol = symbol: null

2019-08-24 12:50:55 - [TEST_STEP][PASSED] - println(symbol): null

2019-08-24 12:50:55 - [TEST_STEP][PASSED] - if (i == 2 &amp;&amp; wildList.indexOf(symbol) != -1): null

2019-08-24 12:50:55 - [TEST_STEP][PASSED] - if (i == 3 &amp;&amp; wildList.indexOf(symbol) != -1): null

2019-08-24 12:50:55 - [TEST_STEP][PASSED] - if (i == 4 &amp;&amp; wildList.indexOf(symbol) != -1): null

2019-08-24 12:50:55 - [TEST_STEP][PASSED] - symbol = symbol: null

2019-08-24 12:50:55 - [TEST_STEP][PASSED] - println(symbol): null

2019-08-24 12:50:55 - [TEST_STEP][PASSED] - if (i == 2 &amp;&amp; wildList.indexOf(symbol) != -1): null

2019-08-24 12:50:55 - [TEST_STEP][PASSED] - if (i == 3 &amp;&amp; wildList.indexOf(symbol) != -1): null

2019-08-24 12:50:55 - [TEST_STEP][PASSED] - if (i == 4 &amp;&amp; wildList.indexOf(symbol) != -1): null

2019-08-24 12:50:55 - [TEST_STEP][PASSED] - symbols = symbols: null

2019-08-24 12:50:55 - [TEST_STEP][PASSED] - for ([j = 0, j &lt; symbols.size(), (j++)]): null

2019-08-24 12:50:55 - [TEST_STEP][PASSED] - symbol = symbol: null

2019-08-24 12:50:55 - [TEST_STEP][PASSED] - println(symbol): null

2019-08-24 12:50:55 - [TEST_STEP][PASSED] - if (i == 2 &amp;&amp; wildList.indexOf(symbol) != -1): null

2019-08-24 12:50:55 - [TEST_STEP][PASSED] - if (i == 3 &amp;&amp; wildList.indexOf(symbol) != -1): null

2019-08-24 12:50:55 - [TEST_STEP][PASSED] - println("wild found on reel 4, adding counter by 1"): null

2019-08-24 12:50:55 - [TEST_STEP][PASSED] - free_spin_reel_counter[1] = free_spin_reel_counter[1] + 1: null

2019-08-24 12:50:55 - [TEST_STEP][PASSED] - if (i == 4 &amp;&amp; wildList.indexOf(symbol) != -1): null

2019-08-24 12:50:55 - [TEST_STEP][PASSED] - symbol = symbol: null

2019-08-24 12:50:55 - [TEST_STEP][PASSED] - println(symbol): null

2019-08-24 12:50:55 - [TEST_STEP][PASSED] - if (i == 2 &amp;&amp; wildList.indexOf(symbol) != -1): null

2019-08-24 12:50:55 - [TEST_STEP][PASSED] - if (i == 3 &amp;&amp; wildList.indexOf(symbol) != -1): null

2019-08-24 12:50:55 - [TEST_STEP][PASSED] - if (i == 4 &amp;&amp; wildList.indexOf(symbol) != -1): null

2019-08-24 12:50:55 - [TEST_STEP][PASSED] - symbol = symbol: null

2019-08-24 12:50:55 - [TEST_STEP][PASSED] - println(symbol): null

2019-08-24 12:50:55 - [TEST_STEP][PASSED] - if (i == 2 &amp;&amp; wildList.indexOf(symbol) != -1): null

2019-08-24 12:50:55 - [TEST_STEP][PASSED] - if (i == 3 &amp;&amp; wildList.indexOf(symbol) != -1): null

2019-08-24 12:50:55 - [TEST_STEP][PASSED] - if (i == 4 &amp;&amp; wildList.indexOf(symbol) != -1): null

2019-08-24 12:50:55 - [TEST_STEP][PASSED] - symbols = symbols: null

2019-08-24 12:50:55 - [TEST_STEP][PASSED] - for ([j = 0, j &lt; symbols.size(), (j++)]): null

2019-08-24 12:50:55 - [TEST_STEP][PASSED] - symbol = symbol: null

2019-08-24 12:50:55 - [TEST_STEP][PASSED] - println(symbol): null

2019-08-24 12:50:55 - [TEST_STEP][PASSED] - if (i == 2 &amp;&amp; wildList.indexOf(symbol) != -1): null

2019-08-24 12:50:55 - [TEST_STEP][PASSED] - if (i == 3 &amp;&amp; wildList.indexOf(symbol) != -1): null

2019-08-24 12:50:55 - [TEST_STEP][PASSED] - if (i == 4 &amp;&amp; wildList.indexOf(symbol) != -1): null

2019-08-24 12:50:55 - [TEST_STEP][PASSED] - symbol = symbol: null

2019-08-24 12:50:55 - [TEST_STEP][PASSED] - println(symbol): null

2019-08-24 12:50:55 - [TEST_STEP][PASSED] - if (i == 2 &amp;&amp; wildList.indexOf(symbol) != -1): null

2019-08-24 12:50:55 - [TEST_STEP][PASSED] - if (i == 3 &amp;&amp; wildList.indexOf(symbol) != -1): null

2019-08-24 12:50:55 - [TEST_STEP][PASSED] - if (i == 4 &amp;&amp; wildList.indexOf(symbol) != -1): null

2019-08-24 12:50:55 - [TEST_STEP][PASSED] - symbol = symbol: null

2019-08-24 12:50:55 - [TEST_STEP][PASSED] - println(symbol): null

2019-08-24 12:50:55 - [TEST_STEP][PASSED] - if (i == 2 &amp;&amp; wildList.indexOf(symbol) != -1): null

2019-08-24 12:50:55 - [TEST_STEP][PASSED] - if (i == 3 &amp;&amp; wildList.indexOf(symbol) != -1): null

2019-08-24 12:50:55 - [TEST_STEP][PASSED] - if (i == 4 &amp;&amp; wildList.indexOf(symbol) != -1): null

2019-08-24 12:50:55 - [TEST_STEP][PASSED] - free_spin_reel_counter = free_spin_reel_counter: null

2019-08-24 12:50:55 - [TEST_STEP][PASSED] - println("reel 3 wild found: " + free_spin_reel_counter[0]): null

2019-08-24 12:50:55 - [TEST_STEP][PASSED] - println("reel 4 wild found: " + free_spin_reel_counter[1]): null

2019-08-24 12:50:55 - [TEST_STEP][PASSED] - println("reel 5 wild found: " + free_spin_reel_counter[2]): null

2019-08-24 12:50:55 - [TEST_STEP][PASSED] - M4_spin_reels = M4_spin_reels: null

2019-08-24 12:50:55 - [TEST_STEP][PASSED] - M4_spin_reels_symbols = symbol: null

2019-08-24 12:50:55 - [TEST_STEP][PASSED] - M4_spin_reels_symbols = M4_spin_reels_symbols: null

2019-08-24 12:50:55 - [TEST_STEP][PASSED] - M4_spin_reel_wins = reel_wins: null

2019-08-24 12:50:55 - [TEST_STEP][PASSED] - M4_spin_reel_wins = M4_spin_reel_wins: null

2019-08-24 12:50:55 - [TEST_STEP][PASSED] - println("GlobalVariable.M4_spin_reel_wins is: " + M4_spin_reel_wins): null

2019-08-24 12:50:55 - [TEST_STEP][PASSED] - M4_spin_total_bonus_win_this_round = total_bonus_win_this_round: null

2019-08-24 12:50:55 - [TEST_STEP][PASSED] - M4_spin_total_bonus_win_this_round = M4_spin_total_bonus_win_this_round: null

2019-08-24 12:50:55 - [TEST_STEP][PASSED] - println("GlobalVariable.M4_spin_total_bonus_win_this_round is: " + M4_spin_total_bonus_win_this_round): null

2019-08-24 12:50:55 - [TEST_STEP][PASSED] - M4_spin_bonus_spin_result = spin_result: null

2019-08-24 12:50:55 - [TEST_STEP][PASSED] - M4_spin_bonus_spin_result = M4_spin_bonus_spin_result: null

2019-08-24 12:50:55 - [MESSAGE][PASSED] - Verify response successfully

2019-08-24 12:50:55 - [MESSAGE][PASSED] - Send request and verify the response successfully

2019-08-24 12:50:55 - [TEST_STEP][PASSED] - if (M4_total_bonus_spins_int != 0 &amp;&amp; M4_spin_reels_symbols[2].contains("WILD_Double") || M4_spin_reels_symbols[4].contains("WILD_Triple")): null

2019-08-24 12:50:55 - [TEST_STEP][PASSED] - free_spin_reel_counter = free_spin_reel_counter: null

2019-08-24 12:50:55 - [TEST_STEP][PASSED] - M4_spin_reels_symbols = M4_spin_reels_symbols: null

2019-08-24 12:50:55 - [TEST_STEP][PASSED] - M4_total_bonus_spins = M4_total_bonus_spins: null

2019-08-24 12:50:55 - [TEST_STEP][PASSED] - spin_result = sendRequestAndVerify(findTestObject("INT/RGS(M4)/1_M4_spin", ["M4_login_user_id":M4_login_user_id, "rgs_session_token":rgs_session_token, "partner":Partner])): Send request and verify the response successfully

2019-08-24 12:50:55 - [MESSAGE][INFO] - HAR: /Users/eiralee/Katalon_Script/SuperWild/Reports/20190824_124242/INT/superWild_4/20190824_124242/requests/main/149.har

2019-08-24 12:50:55 - [TEST_CASE][PASSED] - Start Test Case : Verification: Verification accomplished successfully

2019-08-24 12:50:55 - [TEST_STEP][PASSED] - request = getInstance().getCurrentRequest(): null

2019-08-24 12:50:55 - [TEST_STEP][PASSED] - response = getInstance().getCurrentResponse(): null

2019-08-24 12:50:55 - [TEST_STEP][PASSED] - verifyResponseStatusCode(response, 200): Verify response status code successfully

2019-08-24 12:50:55 - [MESSAGE][PASSED] - Verify response status code successfully

2019-08-24 12:50:55 - [TEST_STEP][PASSED] - getStatusCode()).isEqualTo(200): null

2019-08-24 12:50:55 - [TEST_STEP][PASSED] - newline = System.getProperty("line.separator"): null

2019-08-24 12:50:55 - [TEST_STEP][PASSED] - M4_spin = new groovy.json.JsonSlurper(): null

2019-08-24 12:50:55 - [TEST_STEP][PASSED] - result_M4_spin = M4_spin.parseText(response.getResponseBodyContent()): null

2019-08-24 12:50:55 - [TEST_STEP][PASSED] - M4_spin_current_balance = current_balance: null

2019-08-24 12:50:55 - [TEST_STEP][PASSED] - M4_spin_current_balance = M4_spin_current_balance: null

2019-08-24 12:50:55 - [TEST_STEP][PASSED] - M4_spin_transaction_id = causality: null

2019-08-24 12:50:55 - [TEST_STEP][PASSED] - M4_spin_transaction_id = M4_spin_transaction_id: null

2019-08-24 12:50:55 - [TEST_STEP][PASSED] - M4_spin_round_id = round_id: null

2019-08-24 12:50:55 - [TEST_STEP][PASSED] - M4_spin_round_id = M4_spin_round_id: null

2019-08-24 12:50:55 - [TEST_STEP][PASSED] - M4_spin_line_wins = line_wins: null

2019-08-24 12:50:55 - [TEST_STEP][PASSED] - M4_spin_line_wins = M4_spin_line_wins: null

2019-08-24 12:50:55 - [TEST_STEP][PASSED] - M4_total_bonus_spins_int = total_bonus_spins: null

2019-08-24 12:50:55 - [TEST_STEP][PASSED] - println("******M4_total_bonus_spins type is:*******" + newline + getClass().getName()): null

2019-08-24 12:50:55 - [TEST_STEP][PASSED] - M4_total_bonus_spins_int = M4_total_bonus_spins_int: null

2019-08-24 12:50:55 - [TEST_STEP][PASSED] - M4_total_bonus_spins = Integer.toString(M4_total_bonus_spins_int): null

2019-08-24 12:50:55 - [TEST_STEP][PASSED] - M4_total_bonus_spins = M4_total_bonus_spins: null

2019-08-24 12:50:55 - [TEST_STEP][PASSED] - println("M4_total_bonus_spins is:" + M4_total_bonus_spins): null

2019-08-24 12:50:55 - [TEST_STEP][PASSED] - M4_spin_bonus_data = bonus_data: null

2019-08-24 12:50:55 - [TEST_STEP][PASSED] - M4_spin_features_triggered = result_M4_spin: null

2019-08-24 12:50:55 - [TEST_STEP][PASSED] - wild = []: null

2019-08-24 12:50:55 - [TEST_STEP][PASSED] - wild[0] = "WILD_Expanding": null

2019-08-24 12:50:55 - [TEST_STEP][PASSED] - wild[1] = "WILD_Normal": null

2019-08-24 12:50:55 - [TEST_STEP][PASSED] - wild[2] = "WILD_Double": null

2019-08-24 12:50:55 - [TEST_STEP][PASSED] - wild[3] = "WILD_ExtraFG": null

2019-08-24 12:50:55 - [TEST_STEP][PASSED] - wild[4] = "WILD_Triple": null

2019-08-24 12:50:55 - [TEST_STEP][PASSED] - wildList = Arrays.asList(wild): null

2019-08-24 12:50:55 - [TEST_STEP][PASSED] - wildList = wildList: null

2019-08-24 12:50:55 - [TEST_STEP][PASSED] - free_spin_reel_counter = []: null

2019-08-24 12:50:55 - [TEST_STEP][PASSED] - free_spin_reel_counter[0] = 0: null

2019-08-24 12:50:55 - [TEST_STEP][PASSED] - free_spin_reel_counter[1] = 0: null

2019-08-24 12:50:55 - [TEST_STEP][PASSED] - free_spin_reel_counter[2] = 0: null

2019-08-24 12:50:55 - [TEST_STEP][PASSED] - M4_spin_reels = reels: null

2019-08-24 12:50:55 - [TEST_STEP][PASSED] - for ([i = 0, i &lt; M4_spin_reels.size(), (i++)]): null

2019-08-24 12:50:55 - [TEST_STEP][PASSED] - symbols = symbols: null

2019-08-24 12:50:55 - [TEST_STEP][PASSED] - for ([j = 0, j &lt; symbols.size(), (j++)]): null

2019-08-24 12:50:55 - [TEST_STEP][PASSED] - symbol = symbol: null

2019-08-24 12:50:55 - [TEST_STEP][PASSED] - println(symbol): null

2019-08-24 12:50:55 - [TEST_STEP][PASSED] - if (i == 2 &amp;&amp; wildList.indexOf(symbol) != -1): null

2019-08-24 12:50:55 - [TEST_STEP][PASSED] - if (i == 3 &amp;&amp; wildList.indexOf(symbol) != -1): null

2019-08-24 12:50:55 - [TEST_STEP][PASSED] - if (i == 4 &amp;&amp; wildList.indexOf(symbol) != -1): null

2019-08-24 12:50:55 - [TEST_STEP][PASSED] - symbol = symbol: null

2019-08-24 12:50:55 - [TEST_STEP][PASSED] - println(symbol): null

2019-08-24 12:50:55 - [TEST_STEP][PASSED] - if (i == 2 &amp;&amp; wildList.indexOf(symbol) != -1): null

2019-08-24 12:50:55 - [TEST_STEP][PASSED] - if (i == 3 &amp;&amp; wildList.indexOf(symbol) != -1): null

2019-08-24 12:50:55 - [TEST_STEP][PASSED] - if (i == 4 &amp;&amp; wildList.indexOf(symbol) != -1): null

2019-08-24 12:50:55 - [TEST_STEP][PASSED] - symbol = symbol: null

2019-08-24 12:50:55 - [TEST_STEP][PASSED] - println(symbol): null

2019-08-24 12:50:55 - [TEST_STEP][PASSED] - if (i == 2 &amp;&amp; wildList.indexOf(symbol) != -1): null

2019-08-24 12:50:55 - [TEST_STEP][PASSED] - if (i == 3 &amp;&amp; wildList.indexOf(symbol) != -1): null

2019-08-24 12:50:55 - [TEST_STEP][PASSED] - if (i == 4 &amp;&amp; wildList.indexOf(symbol) != -1): null

2019-08-24 12:50:55 - [TEST_STEP][PASSED] - symbols = symbols: null

2019-08-24 12:50:55 - [TEST_STEP][PASSED] - for ([j = 0, j &lt; symbols.size(), (j++)]): null

2019-08-24 12:50:55 - [TEST_STEP][PASSED] - symbol = symbol: null

2019-08-24 12:50:55 - [TEST_STEP][PASSED] - println(symbol): null

2019-08-24 12:50:55 - [TEST_STEP][PASSED] - if (i == 2 &amp;&amp; wildList.indexOf(symbol) != -1): null

2019-08-24 12:50:55 - [TEST_STEP][PASSED] - if (i == 3 &amp;&amp; wildList.indexOf(symbol) != -1): null

2019-08-24 12:50:55 - [TEST_STEP][PASSED] - if (i == 4 &amp;&amp; wildList.indexOf(symbol) != -1): null

2019-08-24 12:50:55 - [TEST_STEP][PASSED] - symbol = symbol: null

2019-08-24 12:50:55 - [TEST_STEP][PASSED] - println(symbol): null

2019-08-24 12:50:55 - [TEST_STEP][PASSED] - if (i == 2 &amp;&amp; wildList.indexOf(symbol) != -1): null

2019-08-24 12:50:55 - [TEST_STEP][PASSED] - if (i == 3 &amp;&amp; wildList.indexOf(symbol) != -1): null

2019-08-24 12:50:55 - [TEST_STEP][PASSED] - if (i == 4 &amp;&amp; wildList.indexOf(symbol) != -1): null

2019-08-24 12:50:55 - [TEST_STEP][PASSED] - symbol = symbol: null

2019-08-24 12:50:55 - [TEST_STEP][PASSED] - println(symbol): null

2019-08-24 12:50:55 - [TEST_STEP][PASSED] - if (i == 2 &amp;&amp; wildList.indexOf(symbol) != -1): null

2019-08-24 12:50:55 - [TEST_STEP][PASSED] - if (i == 3 &amp;&amp; wildList.indexOf(symbol) != -1): null

2019-08-24 12:50:55 - [TEST_STEP][PASSED] - if (i == 4 &amp;&amp; wildList.indexOf(symbol) != -1): null

2019-08-24 12:50:55 - [TEST_STEP][PASSED] - symbols = symbols: null

2019-08-24 12:50:55 - [TEST_STEP][PASSED] - for ([j = 0, j &lt; symbols.size(), (j++)]): null

2019-08-24 12:50:55 - [TEST_STEP][PASSED] - symbol = symbol: null

2019-08-24 12:50:55 - [TEST_STEP][PASSED] - println(symbol): null

2019-08-24 12:50:55 - [TEST_STEP][PASSED] - if (i == 2 &amp;&amp; wildList.indexOf(symbol) != -1): null

2019-08-24 12:50:55 - [TEST_STEP][PASSED] - if (i == 3 &amp;&amp; wildList.indexOf(symbol) != -1): null

2019-08-24 12:50:55 - [TEST_STEP][PASSED] - if (i == 4 &amp;&amp; wildList.indexOf(symbol) != -1): null

2019-08-24 12:50:55 - [TEST_STEP][PASSED] - symbol = symbol: null

2019-08-24 12:50:55 - [TEST_STEP][PASSED] - println(symbol): null

2019-08-24 12:50:55 - [TEST_STEP][PASSED] - if (i == 2 &amp;&amp; wildList.indexOf(symbol) != -1): null

2019-08-24 12:50:55 - [TEST_STEP][PASSED] - if (i == 3 &amp;&amp; wildList.indexOf(symbol) != -1): null

2019-08-24 12:50:55 - [TEST_STEP][PASSED] - if (i == 4 &amp;&amp; wildList.indexOf(symbol) != -1): null

2019-08-24 12:50:55 - [TEST_STEP][PASSED] - symbol = symbol: null

2019-08-24 12:50:59 - [TEST_STEP][PASSED] - println(symbol): null

2019-08-24 12:51:04 - [TEST_STEP][PASSED] - if (i == 2 &amp;&amp; wildList.indexOf(symbol) != -1): null

2019-08-24 12:51:04 - [TEST_STEP][PASSED] - if (i == 3 &amp;&amp; wildList.indexOf(symbol) != -1): null

2019-08-24 12:51:04 - [TEST_STEP][PASSED] - if (i == 4 &amp;&amp; wildList.indexOf(symbol) != -1): null

2019-08-24 12:51:04 - [TEST_STEP][PASSED] - symbols = symbols: null

2019-08-24 12:51:09 - [TEST_STEP][PASSED] - for ([j = 0, j &lt; symbols.size(), (j++)]): null

2019-08-24 12:51:09 - [TEST_STEP][PASSED] - symbol = symbol: null

2019-08-24 12:51:09 - [TEST_STEP][PASSED] - println(symbol): null

2019-08-24 12:51:09 - [TEST_STEP][PASSED] - if (i == 2 &amp;&amp; wildList.indexOf(symbol) != -1): null

2019-08-24 12:51:09 - [TEST_STEP][PASSED] - if (i == 3 &amp;&amp; wildList.indexOf(symbol) != -1): null

2019-08-24 12:51:09 - [TEST_STEP][PASSED] - if (i == 4 &amp;&amp; wildList.indexOf(symbol) != -1): null

2019-08-24 12:51:09 - [TEST_STEP][PASSED] - symbol = symbol: null

2019-08-24 12:51:09 - [TEST_STEP][PASSED] - println(symbol): null

2019-08-24 12:51:09 - [TEST_STEP][PASSED] - if (i == 2 &amp;&amp; wildList.indexOf(symbol) != -1): null

2019-08-24 12:51:09 - [TEST_STEP][PASSED] - if (i == 3 &amp;&amp; wildList.indexOf(symbol) != -1): null

2019-08-24 12:51:09 - [TEST_STEP][PASSED] - println("wild found on reel 4, adding counter by 1"): null

2019-08-24 12:51:09 - [TEST_STEP][PASSED] - free_spin_reel_counter[1] = free_spin_reel_counter[1] + 1: null

2019-08-24 12:51:09 - [TEST_STEP][PASSED] - if (i == 4 &amp;&amp; wildList.indexOf(symbol) != -1): null

2019-08-24 12:51:09 - [TEST_STEP][PASSED] - symbol = symbol: null

2019-08-24 12:51:09 - [TEST_STEP][PASSED] - println(symbol): null

2019-08-24 12:51:09 - [TEST_STEP][PASSED] - if (i == 2 &amp;&amp; wildList.indexOf(symbol) != -1): null

2019-08-24 12:51:09 - [TEST_STEP][PASSED] - if (i == 3 &amp;&amp; wildList.indexOf(symbol) != -1): null

2019-08-24 12:51:09 - [TEST_STEP][PASSED] - if (i == 4 &amp;&amp; wildList.indexOf(symbol) != -1): null

2019-08-24 12:51:09 - [TEST_STEP][PASSED] - symbols = symbols: null

2019-08-24 12:51:09 - [TEST_STEP][PASSED] - for ([j = 0, j &lt; symbols.size(), (j++)]): null

2019-08-24 12:51:09 - [TEST_STEP][PASSED] - symbol = symbol: null

2019-08-24 12:51:09 - [TEST_STEP][PASSED] - println(symbol): null

2019-08-24 12:51:09 - [TEST_STEP][PASSED] - if (i == 2 &amp;&amp; wildList.indexOf(symbol) != -1): null

2019-08-24 12:51:09 - [TEST_STEP][PASSED] - if (i == 3 &amp;&amp; wildList.indexOf(symbol) != -1): null

2019-08-24 12:51:09 - [TEST_STEP][PASSED] - if (i == 4 &amp;&amp; wildList.indexOf(symbol) != -1): null

2019-08-24 12:51:09 - [TEST_STEP][PASSED] - symbol = symbol: null

2019-08-24 12:51:09 - [TEST_STEP][PASSED] - println(symbol): null

2019-08-24 12:51:09 - [TEST_STEP][PASSED] - if (i == 2 &amp;&amp; wildList.indexOf(symbol) != -1): null

2019-08-24 12:51:09 - [TEST_STEP][PASSED] - if (i == 3 &amp;&amp; wildList.indexOf(symbol) != -1): null

2019-08-24 12:51:09 - [TEST_STEP][PASSED] - if (i == 4 &amp;&amp; wildList.indexOf(symbol) != -1): null

2019-08-24 12:51:09 - [TEST_STEP][PASSED] - symbol = symbol: null

2019-08-24 12:51:09 - [TEST_STEP][PASSED] - println(symbol): null

2019-08-24 12:51:09 - [TEST_STEP][PASSED] - if (i == 2 &amp;&amp; wildList.indexOf(symbol) != -1): null

2019-08-24 12:51:09 - [TEST_STEP][PASSED] - if (i == 3 &amp;&amp; wildList.indexOf(symbol) != -1): null

2019-08-24 12:51:09 - [TEST_STEP][PASSED] - if (i == 4 &amp;&amp; wildList.indexOf(symbol) != -1): null

2019-08-24 12:51:09 - [TEST_STEP][PASSED] - free_spin_reel_counter = free_spin_reel_counter: null

2019-08-24 12:51:09 - [TEST_STEP][PASSED] - println("reel 3 wild found: " + free_spin_reel_counter[0]): null

2019-08-24 12:51:09 - [TEST_STEP][PASSED] - println("reel 4 wild found: " + free_spin_reel_counter[1]): null

2019-08-24 12:51:09 - [TEST_STEP][PASSED] - println("reel 5 wild found: " + free_spin_reel_counter[2]): null

2019-08-24 12:51:09 - [TEST_STEP][PASSED] - M4_spin_reels = M4_spin_reels: null

2019-08-24 12:51:09 - [TEST_STEP][PASSED] - M4_spin_reels_symbols = symbol: null

2019-08-24 12:51:09 - [TEST_STEP][PASSED] - M4_spin_reels_symbols = M4_spin_reels_symbols: null

2019-08-24 12:51:09 - [TEST_STEP][PASSED] - M4_spin_reel_wins = reel_wins: null

2019-08-24 12:51:09 - [TEST_STEP][PASSED] - M4_spin_reel_wins = M4_spin_reel_wins: null

2019-08-24 12:51:09 - [TEST_STEP][PASSED] - println("GlobalVariable.M4_spin_reel_wins is: " + M4_spin_reel_wins): null

2019-08-24 12:51:09 - [TEST_STEP][PASSED] - M4_spin_total_bonus_win_this_round = total_bonus_win_this_round: null

2019-08-24 12:51:09 - [TEST_STEP][PASSED] - M4_spin_total_bonus_win_this_round = M4_spin_total_bonus_win_this_round: null

2019-08-24 12:51:09 - [TEST_STEP][PASSED] - println("GlobalVariable.M4_spin_total_bonus_win_this_round is: " + M4_spin_total_bonus_win_this_round): null

2019-08-24 12:51:09 - [TEST_STEP][PASSED] - M4_spin_bonus_spin_result = spin_result: null

2019-08-24 12:51:09 - [TEST_STEP][PASSED] - M4_spin_bonus_spin_result = M4_spin_bonus_spin_result: null

2019-08-24 12:51:09 - [MESSAGE][PASSED] - Verify response successfully

2019-08-24 12:51:09 - [MESSAGE][PASSED] - Send request and verify the response successfully

2019-08-24 12:51:09 - [TEST_STEP][PASSED] - if (M4_total_bonus_spins_int != 0 &amp;&amp; M4_spin_reels_symbols[2].contains("WILD_Double") || M4_spin_reels_symbols[4].contains("WILD_Triple")): null

2019-08-24 12:51:09 - [TEST_STEP][PASSED] - free_spin_reel_counter = free_spin_reel_counter: null

2019-08-24 12:51:09 - [TEST_STEP][PASSED] - M4_spin_reels_symbols = M4_spin_reels_symbols: null

2019-08-24 12:51:09 - [TEST_STEP][PASSED] - M4_total_bonus_spins = M4_total_bonus_spins: null

2019-08-24 12:51:09 - [TEST_STEP][PASSED] - spin_result = sendRequestAndVerify(findTestObject("INT/RGS(M4)/1_M4_spin", ["M4_login_user_id":M4_login_user_id, "rgs_session_token":rgs_session_token, "partner":Partner])): Send request and verify the response successfully

2019-08-24 12:51:10 - [MESSAGE][INFO] - HAR: /Users/eiralee/Katalon_Script/SuperWild/Reports/20190824_124242/INT/superWild_4/20190824_124242/requests/main/150.har

2019-08-24 12:51:10 - [TEST_CASE][PASSED] - Start Test Case : Verification: Verification accomplished successfully

2019-08-24 12:51:10 - [TEST_STEP][PASSED] - request = getInstance().getCurrentRequest(): null

2019-08-24 12:51:10 - [TEST_STEP][PASSED] - response = getInstance().getCurrentResponse(): null

2019-08-24 12:51:10 - [TEST_STEP][PASSED] - verifyResponseStatusCode(response, 200): Verify response status code successfully

2019-08-24 12:51:10 - [MESSAGE][PASSED] - Verify response status code successfully

2019-08-24 12:51:10 - [TEST_STEP][PASSED] - getStatusCode()).isEqualTo(200): null

2019-08-24 12:51:10 - [TEST_STEP][PASSED] - newline = System.getProperty("line.separator"): null

2019-08-24 12:51:10 - [TEST_STEP][PASSED] - M4_spin = new groovy.json.JsonSlurper(): null

2019-08-24 12:51:10 - [TEST_STEP][PASSED] - result_M4_spin = M4_spin.parseText(response.getResponseBodyContent()): null

2019-08-24 12:51:10 - [TEST_STEP][PASSED] - M4_spin_current_balance = current_balance: null

2019-08-24 12:51:10 - [TEST_STEP][PASSED] - M4_spin_current_balance = M4_spin_current_balance: null

2019-08-24 12:51:10 - [TEST_STEP][PASSED] - M4_spin_transaction_id = causality: null

2019-08-24 12:51:10 - [TEST_STEP][PASSED] - M4_spin_transaction_id = M4_spin_transaction_id: null

2019-08-24 12:51:10 - [TEST_STEP][PASSED] - M4_spin_round_id = round_id: null

2019-08-24 12:51:10 - [TEST_STEP][PASSED] - M4_spin_round_id = M4_spin_round_id: null

2019-08-24 12:51:10 - [TEST_STEP][PASSED] - M4_spin_line_wins = line_wins: null

2019-08-24 12:51:10 - [TEST_STEP][PASSED] - M4_spin_line_wins = M4_spin_line_wins: null

2019-08-24 12:51:10 - [TEST_STEP][PASSED] - M4_total_bonus_spins_int = total_bonus_spins: null

2019-08-24 12:51:10 - [TEST_STEP][PASSED] - println("******M4_total_bonus_spins type is:*******" + newline + getClass().getName()): null

2019-08-24 12:51:10 - [TEST_STEP][PASSED] - M4_total_bonus_spins_int = M4_total_bonus_spins_int: null

2019-08-24 12:51:10 - [TEST_STEP][PASSED] - M4_total_bonus_spins = Integer.toString(M4_total_bonus_spins_int): null

2019-08-24 12:51:10 - [TEST_STEP][PASSED] - M4_total_bonus_spins = M4_total_bonus_spins: null

2019-08-24 12:51:10 - [TEST_STEP][PASSED] - println("M4_total_bonus_spins is:" + M4_total_bonus_spins): null

2019-08-24 12:51:10 - [TEST_STEP][PASSED] - M4_spin_bonus_data = bonus_data: null

2019-08-24 12:51:10 - [TEST_STEP][PASSED] - M4_spin_features_triggered = result_M4_spin: null

2019-08-24 12:51:10 - [TEST_STEP][PASSED] - wild = []: null

2019-08-24 12:51:10 - [TEST_STEP][PASSED] - wild[0] = "WILD_Expanding": null

2019-08-24 12:51:10 - [TEST_STEP][PASSED] - wild[1] = "WILD_Normal": null

2019-08-24 12:51:10 - [TEST_STEP][PASSED] - wild[2] = "WILD_Double": null

2019-08-24 12:51:10 - [TEST_STEP][PASSED] - wild[3] = "WILD_ExtraFG": null

2019-08-24 12:51:10 - [TEST_STEP][PASSED] - wild[4] = "WILD_Triple": null

2019-08-24 12:51:10 - [TEST_STEP][PASSED] - wildList = Arrays.asList(wild): null

2019-08-24 12:51:10 - [TEST_STEP][PASSED] - wildList = wildList: null

2019-08-24 12:51:10 - [TEST_STEP][PASSED] - free_spin_reel_counter = []: null

2019-08-24 12:51:10 - [TEST_STEP][PASSED] - free_spin_reel_counter[0] = 0: null

2019-08-24 12:51:10 - [TEST_STEP][PASSED] - free_spin_reel_counter[1] = 0: null

2019-08-24 12:51:10 - [TEST_STEP][PASSED] - free_spin_reel_counter[2] = 0: null

2019-08-24 12:51:10 - [TEST_STEP][PASSED] - M4_spin_reels = reels: null

2019-08-24 12:51:10 - [TEST_STEP][PASSED] - for ([i = 0, i &lt; M4_spin_reels.size(), (i++)]): null

2019-08-24 12:51:10 - [TEST_STEP][PASSED] - symbols = symbols: null

2019-08-24 12:51:10 - [TEST_STEP][PASSED] - for ([j = 0, j &lt; symbols.size(), (j++)]): null

2019-08-24 12:51:10 - [TEST_STEP][PASSED] - symbol = symbol: null

2019-08-24 12:51:10 - [TEST_STEP][PASSED] - println(symbol): null

2019-08-24 12:51:10 - [TEST_STEP][PASSED] - if (i == 2 &amp;&amp; wildList.indexOf(symbol) != -1): null

2019-08-24 12:51:10 - [TEST_STEP][PASSED] - if (i == 3 &amp;&amp; wildList.indexOf(symbol) != -1): null

2019-08-24 12:51:10 - [TEST_STEP][PASSED] - if (i == 4 &amp;&amp; wildList.indexOf(symbol) != -1): null

2019-08-24 12:51:10 - [TEST_STEP][PASSED] - symbol = symbol: null

2019-08-24 12:51:10 - [TEST_STEP][PASSED] - println(symbol): null

2019-08-24 12:51:10 - [TEST_STEP][PASSED] - if (i == 2 &amp;&amp; wildList.indexOf(symbol) != -1): null

2019-08-24 12:51:10 - [TEST_STEP][PASSED] - if (i == 3 &amp;&amp; wildList.indexOf(symbol) != -1): null

2019-08-24 12:51:10 - [TEST_STEP][PASSED] - if (i == 4 &amp;&amp; wildList.indexOf(symbol) != -1): null

2019-08-24 12:51:10 - [TEST_STEP][PASSED] - symbol = symbol: null

2019-08-24 12:51:10 - [TEST_STEP][PASSED] - println(symbol): null

2019-08-24 12:51:10 - [TEST_STEP][PASSED] - if (i == 2 &amp;&amp; wildList.indexOf(symbol) != -1): null

2019-08-24 12:51:10 - [TEST_STEP][PASSED] - if (i == 3 &amp;&amp; wildList.indexOf(symbol) != -1): null

2019-08-24 12:51:10 - [TEST_STEP][PASSED] - if (i == 4 &amp;&amp; wildList.indexOf(symbol) != -1): null

2019-08-24 12:51:10 - [TEST_STEP][PASSED] - symbols = symbols: null

2019-08-24 12:51:10 - [TEST_STEP][PASSED] - for ([j = 0, j &lt; symbols.size(), (j++)]): null

2019-08-24 12:51:10 - [TEST_STEP][PASSED] - symbol = symbol: null

2019-08-24 12:51:10 - [TEST_STEP][PASSED] - println(symbol): null

2019-08-24 12:51:10 - [TEST_STEP][PASSED] - if (i == 2 &amp;&amp; wildList.indexOf(symbol) != -1): null

2019-08-24 12:51:10 - [TEST_STEP][PASSED] - if (i == 3 &amp;&amp; wildList.indexOf(symbol) != -1): null

2019-08-24 12:51:10 - [TEST_STEP][PASSED] - if (i == 4 &amp;&amp; wildList.indexOf(symbol) != -1): null

2019-08-24 12:51:10 - [TEST_STEP][PASSED] - symbol = symbol: null

2019-08-24 12:51:10 - [TEST_STEP][PASSED] - println(symbol): null

2019-08-24 12:51:10 - [TEST_STEP][PASSED] - if (i == 2 &amp;&amp; wildList.indexOf(symbol) != -1): null

2019-08-24 12:51:10 - [TEST_STEP][PASSED] - if (i == 3 &amp;&amp; wildList.indexOf(symbol) != -1): null

2019-08-24 12:51:10 - [TEST_STEP][PASSED] - if (i == 4 &amp;&amp; wildList.indexOf(symbol) != -1): null

2019-08-24 12:51:10 - [TEST_STEP][PASSED] - symbol = symbol: null

2019-08-24 12:51:10 - [TEST_STEP][PASSED] - println(symbol): null

2019-08-24 12:51:10 - [TEST_STEP][PASSED] - if (i == 2 &amp;&amp; wildList.indexOf(symbol) != -1): null

2019-08-24 12:51:10 - [TEST_STEP][PASSED] - if (i == 3 &amp;&amp; wildList.indexOf(symbol) != -1): null

2019-08-24 12:51:10 - [TEST_STEP][PASSED] - if (i == 4 &amp;&amp; wildList.indexOf(symbol) != -1): null

2019-08-24 12:51:10 - [TEST_STEP][PASSED] - symbols = symbols: null

2019-08-24 12:51:10 - [TEST_STEP][PASSED] - for ([j = 0, j &lt; symbols.size(), (j++)]): null

2019-08-24 12:51:10 - [TEST_STEP][PASSED] - symbol = symbol: null

2019-08-24 12:51:10 - [TEST_STEP][PASSED] - println(symbol): null

2019-08-24 12:51:10 - [TEST_STEP][PASSED] - if (i == 2 &amp;&amp; wildList.indexOf(symbol) != -1): null

2019-08-24 12:51:10 - [TEST_STEP][PASSED] - if (i == 3 &amp;&amp; wildList.indexOf(symbol) != -1): null

2019-08-24 12:51:10 - [TEST_STEP][PASSED] - if (i == 4 &amp;&amp; wildList.indexOf(symbol) != -1): null

2019-08-24 12:51:10 - [TEST_STEP][PASSED] - symbol = symbol: null

2019-08-24 12:51:10 - [TEST_STEP][PASSED] - println(symbol): null

2019-08-24 12:51:10 - [TEST_STEP][PASSED] - if (i == 2 &amp;&amp; wildList.indexOf(symbol) != -1): null

2019-08-24 12:51:10 - [TEST_STEP][PASSED] - if (i == 3 &amp;&amp; wildList.indexOf(symbol) != -1): null

2019-08-24 12:51:10 - [TEST_STEP][PASSED] - if (i == 4 &amp;&amp; wildList.indexOf(symbol) != -1): null

2019-08-24 12:51:10 - [TEST_STEP][PASSED] - symbol = symbol: null

2019-08-24 12:51:10 - [TEST_STEP][PASSED] - println(symbol): null

2019-08-24 12:51:10 - [TEST_STEP][PASSED] - if (i == 2 &amp;&amp; wildList.indexOf(symbol) != -1): null

2019-08-24 12:51:10 - [TEST_STEP][PASSED] - if (i == 3 &amp;&amp; wildList.indexOf(symbol) != -1): null

2019-08-24 12:51:10 - [TEST_STEP][PASSED] - if (i == 4 &amp;&amp; wildList.indexOf(symbol) != -1): null

2019-08-24 12:51:10 - [TEST_STEP][PASSED] - symbols = symbols: null

2019-08-24 12:51:10 - [TEST_STEP][PASSED] - for ([j = 0, j &lt; symbols.size(), (j++)]): null

2019-08-24 12:51:10 - [TEST_STEP][PASSED] - symbol = symbol: null

2019-08-24 12:51:10 - [TEST_STEP][PASSED] - println(symbol): null

2019-08-24 12:51:10 - [TEST_STEP][PASSED] - if (i == 2 &amp;&amp; wildList.indexOf(symbol) != -1): null

2019-08-24 12:51:10 - [TEST_STEP][PASSED] - if (i == 3 &amp;&amp; wildList.indexOf(symbol) != -1): null

2019-08-24 12:51:10 - [TEST_STEP][PASSED] - if (i == 4 &amp;&amp; wildList.indexOf(symbol) != -1): null

2019-08-24 12:51:10 - [TEST_STEP][PASSED] - symbol = symbol: null

2019-08-24 12:51:10 - [TEST_STEP][PASSED] - println(symbol): null

2019-08-24 12:51:10 - [TEST_STEP][PASSED] - if (i == 2 &amp;&amp; wildList.indexOf(symbol) != -1): null

2019-08-24 12:51:10 - [TEST_STEP][PASSED] - if (i == 3 &amp;&amp; wildList.indexOf(symbol) != -1): null

2019-08-24 12:51:10 - [TEST_STEP][PASSED] - println("wild found on reel 4, adding counter by 1"): null

2019-08-24 12:51:10 - [TEST_STEP][PASSED] - free_spin_reel_counter[1] = free_spin_reel_counter[1] + 1: null

2019-08-24 12:51:10 - [TEST_STEP][PASSED] - if (i == 4 &amp;&amp; wildList.indexOf(symbol) != -1): null

2019-08-24 12:51:10 - [TEST_STEP][PASSED] - symbol = symbol: null

2019-08-24 12:51:10 - [TEST_STEP][PASSED] - println(symbol): null

2019-08-24 12:51:10 - [TEST_STEP][PASSED] - if (i == 2 &amp;&amp; wildList.indexOf(symbol) != -1): null

2019-08-24 12:51:10 - [TEST_STEP][PASSED] - if (i == 3 &amp;&amp; wildList.indexOf(symbol) != -1): null

2019-08-24 12:51:10 - [TEST_STEP][PASSED] - if (i == 4 &amp;&amp; wildList.indexOf(symbol) != -1): null

2019-08-24 12:51:10 - [TEST_STEP][PASSED] - symbols = symbols: null

2019-08-24 12:51:10 - [TEST_STEP][PASSED] - for ([j = 0, j &lt; symbols.size(), (j++)]): null

2019-08-24 12:51:10 - [TEST_STEP][PASSED] - symbol = symbol: null

2019-08-24 12:51:10 - [TEST_STEP][PASSED] - println(symbol): null

2019-08-24 12:51:10 - [TEST_STEP][PASSED] - if (i == 2 &amp;&amp; wildList.indexOf(symbol) != -1): null

2019-08-24 12:51:10 - [TEST_STEP][PASSED] - if (i == 3 &amp;&amp; wildList.indexOf(symbol) != -1): null

2019-08-24 12:51:10 - [TEST_STEP][PASSED] - if (i == 4 &amp;&amp; wildList.indexOf(symbol) != -1): null

2019-08-24 12:51:10 - [TEST_STEP][PASSED] - symbol = symbol: null

2019-08-24 12:51:10 - [TEST_STEP][PASSED] - println(symbol): null

2019-08-24 12:51:10 - [TEST_STEP][PASSED] - if (i == 2 &amp;&amp; wildList.indexOf(symbol) != -1): null

2019-08-24 12:51:10 - [TEST_STEP][PASSED] - if (i == 3 &amp;&amp; wildList.indexOf(symbol) != -1): null

2019-08-24 12:51:10 - [TEST_STEP][PASSED] - if (i == 4 &amp;&amp; wildList.indexOf(symbol) != -1): null

2019-08-24 12:51:10 - [TEST_STEP][PASSED] - symbol = symbol: null

2019-08-24 12:51:10 - [TEST_STEP][PASSED] - println(symbol): null

2019-08-24 12:51:10 - [TEST_STEP][PASSED] - if (i == 2 &amp;&amp; wildList.indexOf(symbol) != -1): null

2019-08-24 12:51:10 - [TEST_STEP][PASSED] - if (i == 3 &amp;&amp; wildList.indexOf(symbol) != -1): null

2019-08-24 12:51:10 - [TEST_STEP][PASSED] - if (i == 4 &amp;&amp; wildList.indexOf(symbol) != -1): null

2019-08-24 12:51:10 - [TEST_STEP][PASSED] - free_spin_reel_counter = free_spin_reel_counter: null

2019-08-24 12:51:10 - [TEST_STEP][PASSED] - println("reel 3 wild found: " + free_spin_reel_counter[0]): null

2019-08-24 12:51:10 - [TEST_STEP][PASSED] - println("reel 4 wild found: " + free_spin_reel_counter[1]): null

2019-08-24 12:51:10 - [TEST_STEP][PASSED] - println("reel 5 wild found: " + free_spin_reel_counter[2]): null

2019-08-24 12:51:10 - [TEST_STEP][PASSED] - M4_spin_reels = M4_spin_reels: null

2019-08-24 12:51:10 - [TEST_STEP][PASSED] - M4_spin_reels_symbols = symbol: null

2019-08-24 12:51:10 - [TEST_STEP][PASSED] - M4_spin_reels_symbols = M4_spin_reels_symbols: null

2019-08-24 12:51:10 - [TEST_STEP][PASSED] - M4_spin_reel_wins = reel_wins: null

2019-08-24 12:51:10 - [TEST_STEP][PASSED] - M4_spin_reel_wins = M4_spin_reel_wins: null

2019-08-24 12:51:10 - [TEST_STEP][PASSED] - println("GlobalVariable.M4_spin_reel_wins is: " + M4_spin_reel_wins): null

2019-08-24 12:51:10 - [TEST_STEP][PASSED] - M4_spin_total_bonus_win_this_round = total_bonus_win_this_round: null

2019-08-24 12:51:10 - [TEST_STEP][PASSED] - M4_spin_total_bonus_win_this_round = M4_spin_total_bonus_win_this_round: null

2019-08-24 12:51:10 - [TEST_STEP][PASSED] - println("GlobalVariable.M4_spin_total_bonus_win_this_round is: " + M4_spin_total_bonus_win_this_round): null

2019-08-24 12:51:10 - [TEST_STEP][PASSED] - M4_spin_bonus_spin_result = spin_result: null

2019-08-24 12:51:10 - [TEST_STEP][PASSED] - M4_spin_bonus_spin_result = M4_spin_bonus_spin_result: null

2019-08-24 12:51:10 - [MESSAGE][PASSED] - Verify response successfully

2019-08-24 12:51:10 - [MESSAGE][PASSED] - Send request and verify the response successfully

2019-08-24 12:51:10 - [TEST_STEP][PASSED] - if (M4_total_bonus_spins_int != 0 &amp;&amp; M4_spin_reels_symbols[2].contains("WILD_Double") || M4_spin_reels_symbols[4].contains("WILD_Triple")): null

2019-08-24 12:51:10 - [TEST_STEP][PASSED] - free_spin_reel_counter = free_spin_reel_counter: null

2019-08-24 12:51:10 - [TEST_STEP][PASSED] - M4_spin_reels_symbols = M4_spin_reels_symbols: null

2019-08-24 12:51:10 - [TEST_STEP][PASSED] - M4_total_bonus_spins = M4_total_bonus_spins: null

2019-08-24 12:51:10 - [TEST_STEP][PASSED] - spin_result = sendRequestAndVerify(findTestObject("INT/RGS(M4)/1_M4_spin", ["M4_login_user_id":M4_login_user_id, "rgs_session_token":rgs_session_token, "partner":Partner])): Send request and verify the response successfully

2019-08-24 12:51:10 - [MESSAGE][INFO] - HAR: /Users/eiralee/Katalon_Script/SuperWild/Reports/20190824_124242/INT/superWild_4/20190824_124242/requests/main/151.har

2019-08-24 12:51:10 - [TEST_CASE][PASSED] - Start Test Case : Verification: Verification accomplished successfully

2019-08-24 12:51:11 - [TEST_STEP][PASSED] - request = getInstance().getCurrentRequest(): null

2019-08-24 12:51:11 - [TEST_STEP][PASSED] - response = getInstance().getCurrentResponse(): null

2019-08-24 12:51:11 - [TEST_STEP][PASSED] - verifyResponseStatusCode(response, 200): Verify response status code successfully

2019-08-24 12:51:11 - [MESSAGE][PASSED] - Verify response status code successfully

2019-08-24 12:51:11 - [TEST_STEP][PASSED] - getStatusCode()).isEqualTo(200): null

2019-08-24 12:51:11 - [TEST_STEP][PASSED] - newline = System.getProperty("line.separator"): null

2019-08-24 12:51:11 - [TEST_STEP][PASSED] - M4_spin = new groovy.json.JsonSlurper(): null

2019-08-24 12:51:11 - [TEST_STEP][PASSED] - result_M4_spin = M4_spin.parseText(response.getResponseBodyContent()): null

2019-08-24 12:51:11 - [TEST_STEP][PASSED] - M4_spin_current_balance = current_balance: null

2019-08-24 12:51:11 - [TEST_STEP][PASSED] - M4_spin_current_balance = M4_spin_current_balance: null

2019-08-24 12:51:11 - [TEST_STEP][PASSED] - M4_spin_transaction_id = causality: null

2019-08-24 12:51:11 - [TEST_STEP][PASSED] - M4_spin_transaction_id = M4_spin_transaction_id: null

2019-08-24 12:51:11 - [TEST_STEP][PASSED] - M4_spin_round_id = round_id: null

2019-08-24 12:51:11 - [TEST_STEP][PASSED] - M4_spin_round_id = M4_spin_round_id: null

2019-08-24 12:51:11 - [TEST_STEP][PASSED] - M4_spin_line_wins = line_wins: null

2019-08-24 12:51:11 - [TEST_STEP][PASSED] - M4_spin_line_wins = M4_spin_line_wins: null

2019-08-24 12:51:11 - [TEST_STEP][PASSED] - M4_total_bonus_spins_int = total_bonus_spins: null

2019-08-24 12:51:11 - [TEST_STEP][PASSED] - println("******M4_total_bonus_spins type is:*******" + newline + getClass().getName()): null

2019-08-24 12:51:11 - [TEST_STEP][PASSED] - M4_total_bonus_spins_int = M4_total_bonus_spins_int: null

2019-08-24 12:51:11 - [TEST_STEP][PASSED] - M4_total_bonus_spins = Integer.toString(M4_total_bonus_spins_int): null

2019-08-24 12:51:11 - [TEST_STEP][PASSED] - M4_total_bonus_spins = M4_total_bonus_spins: null

2019-08-24 12:51:11 - [TEST_STEP][PASSED] - println("M4_total_bonus_spins is:" + M4_total_bonus_spins): null

2019-08-24 12:51:11 - [TEST_STEP][PASSED] - M4_spin_bonus_data = bonus_data: null

2019-08-24 12:51:11 - [TEST_STEP][PASSED] - M4_spin_features_triggered = result_M4_spin: null

2019-08-24 12:51:11 - [TEST_STEP][PASSED] - wild = []: null

2019-08-24 12:51:11 - [TEST_STEP][PASSED] - wild[0] = "WILD_Expanding": null

2019-08-24 12:51:11 - [TEST_STEP][PASSED] - wild[1] = "WILD_Normal": null

2019-08-24 12:51:11 - [TEST_STEP][PASSED] - wild[2] = "WILD_Double": null

2019-08-24 12:51:11 - [TEST_STEP][PASSED] - wild[3] = "WILD_ExtraFG": null

2019-08-24 12:51:11 - [TEST_STEP][PASSED] - wild[4] = "WILD_Triple": null

2019-08-24 12:51:11 - [TEST_STEP][PASSED] - wildList = Arrays.asList(wild): null

2019-08-24 12:51:11 - [TEST_STEP][PASSED] - wildList = wildList: null

2019-08-24 12:51:11 - [TEST_STEP][PASSED] - free_spin_reel_counter = []: null

2019-08-24 12:51:11 - [TEST_STEP][PASSED] - free_spin_reel_counter[0] = 0: null

2019-08-24 12:51:11 - [TEST_STEP][PASSED] - free_spin_reel_counter[1] = 0: null

2019-08-24 12:51:11 - [TEST_STEP][PASSED] - free_spin_reel_counter[2] = 0: null

2019-08-24 12:51:11 - [TEST_STEP][PASSED] - M4_spin_reels = reels: null

2019-08-24 12:51:11 - [TEST_STEP][PASSED] - for ([i = 0, i &lt; M4_spin_reels.size(), (i++)]): null

2019-08-24 12:51:11 - [TEST_STEP][PASSED] - symbols = symbols: null

2019-08-24 12:51:11 - [TEST_STEP][PASSED] - for ([j = 0, j &lt; symbols.size(), (j++)]): null

2019-08-24 12:51:11 - [TEST_STEP][PASSED] - symbol = symbol: null

2019-08-24 12:51:11 - [TEST_STEP][PASSED] - println(symbol): null

2019-08-24 12:51:11 - [TEST_STEP][PASSED] - if (i == 2 &amp;&amp; wildList.indexOf(symbol) != -1): null

2019-08-24 12:51:11 - [TEST_STEP][PASSED] - if (i == 3 &amp;&amp; wildList.indexOf(symbol) != -1): null

2019-08-24 12:51:11 - [TEST_STEP][PASSED] - if (i == 4 &amp;&amp; wildList.indexOf(symbol) != -1): null

2019-08-24 12:51:11 - [TEST_STEP][PASSED] - symbol = symbol: null

2019-08-24 12:51:11 - [TEST_STEP][PASSED] - println(symbol): null

2019-08-24 12:51:11 - [TEST_STEP][PASSED] - if (i == 2 &amp;&amp; wildList.indexOf(symbol) != -1): null

2019-08-24 12:51:11 - [TEST_STEP][PASSED] - if (i == 3 &amp;&amp; wildList.indexOf(symbol) != -1): null

2019-08-24 12:51:11 - [TEST_STEP][PASSED] - if (i == 4 &amp;&amp; wildList.indexOf(symbol) != -1): null

2019-08-24 12:51:11 - [TEST_STEP][PASSED] - symbol = symbol: null

2019-08-24 12:51:11 - [TEST_STEP][PASSED] - println(symbol): null

2019-08-24 12:51:11 - [TEST_STEP][PASSED] - if (i == 2 &amp;&amp; wildList.indexOf(symbol) != -1): null

2019-08-24 12:51:11 - [TEST_STEP][PASSED] - if (i == 3 &amp;&amp; wildList.indexOf(symbol) != -1): null

2019-08-24 12:51:11 - [TEST_STEP][PASSED] - if (i == 4 &amp;&amp; wildList.indexOf(symbol) != -1): null

2019-08-24 12:51:11 - [TEST_STEP][PASSED] - symbols = symbols: null

2019-08-24 12:51:11 - [TEST_STEP][PASSED] - for ([j = 0, j &lt; symbols.size(), (j++)]): null

2019-08-24 12:51:11 - [TEST_STEP][PASSED] - symbol = symbol: null

2019-08-24 12:51:11 - [TEST_STEP][PASSED] - println(symbol): null

2019-08-24 12:51:11 - [TEST_STEP][PASSED] - if (i == 2 &amp;&amp; wildList.indexOf(symbol) != -1): null

2019-08-24 12:51:11 - [TEST_STEP][PASSED] - if (i == 3 &amp;&amp; wildList.indexOf(symbol) != -1): null

2019-08-24 12:51:11 - [TEST_STEP][PASSED] - if (i == 4 &amp;&amp; wildList.indexOf(symbol) != -1): null

2019-08-24 12:51:11 - [TEST_STEP][PASSED] - symbol = symbol: null

2019-08-24 12:51:11 - [TEST_STEP][PASSED] - println(symbol): null

2019-08-24 12:51:11 - [TEST_STEP][PASSED] - if (i == 2 &amp;&amp; wildList.indexOf(symbol) != -1): null

2019-08-24 12:51:11 - [TEST_STEP][PASSED] - if (i == 3 &amp;&amp; wildList.indexOf(symbol) != -1): null

2019-08-24 12:51:11 - [TEST_STEP][PASSED] - if (i == 4 &amp;&amp; wildList.indexOf(symbol) != -1): null

2019-08-24 12:51:11 - [TEST_STEP][PASSED] - symbol = symbol: null

2019-08-24 12:51:11 - [TEST_STEP][PASSED] - println(symbol): null

2019-08-24 12:51:11 - [TEST_STEP][PASSED] - if (i == 2 &amp;&amp; wildList.indexOf(symbol) != -1): null

2019-08-24 12:51:11 - [TEST_STEP][PASSED] - if (i == 3 &amp;&amp; wildList.indexOf(symbol) != -1): null

2019-08-24 12:51:11 - [TEST_STEP][PASSED] - if (i == 4 &amp;&amp; wildList.indexOf(symbol) != -1): null

2019-08-24 12:51:11 - [TEST_STEP][PASSED] - symbols = symbols: null

2019-08-24 12:51:11 - [TEST_STEP][PASSED] - for ([j = 0, j &lt; symbols.size(), (j++)]): null

2019-08-24 12:51:11 - [TEST_STEP][PASSED] - symbol = symbol: null

2019-08-24 12:51:11 - [TEST_STEP][PASSED] - println(symbol): null

2019-08-24 12:51:11 - [TEST_STEP][PASSED] - if (i == 2 &amp;&amp; wildList.indexOf(symbol) != -1): null

2019-08-24 12:51:11 - [TEST_STEP][PASSED] - println("wild found on reel 3, adding counter by 1"): null

2019-08-24 12:51:11 - [TEST_STEP][PASSED] - free_spin_reel_counter[0] = free_spin_reel_counter[0] + 1: null

2019-08-24 12:51:11 - [TEST_STEP][PASSED] - if (i == 3 &amp;&amp; wildList.indexOf(symbol) != -1): null

2019-08-24 12:51:11 - [TEST_STEP][PASSED] - if (i == 4 &amp;&amp; wildList.indexOf(symbol) != -1): null

2019-08-24 12:51:11 - [TEST_STEP][PASSED] - symbol = symbol: null

2019-08-24 12:51:11 - [TEST_STEP][PASSED] - println(symbol): null

2019-08-24 12:51:11 - [TEST_STEP][PASSED] - if (i == 2 &amp;&amp; wildList.indexOf(symbol) != -1): null

2019-08-24 12:51:11 - [TEST_STEP][PASSED] - if (i == 3 &amp;&amp; wildList.indexOf(symbol) != -1): null

2019-08-24 12:51:11 - [TEST_STEP][PASSED] - if (i == 4 &amp;&amp; wildList.indexOf(symbol) != -1): null

2019-08-24 12:51:11 - [TEST_STEP][PASSED] - symbol = symbol: null

2019-08-24 12:51:11 - [TEST_STEP][PASSED] - println(symbol): null

2019-08-24 12:51:11 - [TEST_STEP][PASSED] - if (i == 2 &amp;&amp; wildList.indexOf(symbol) != -1): null

2019-08-24 12:51:11 - [TEST_STEP][PASSED] - if (i == 3 &amp;&amp; wildList.indexOf(symbol) != -1): null

2019-08-24 12:51:11 - [TEST_STEP][PASSED] - if (i == 4 &amp;&amp; wildList.indexOf(symbol) != -1): null

2019-08-24 12:51:11 - [TEST_STEP][PASSED] - symbols = symbols: null

2019-08-24 12:51:11 - [TEST_STEP][PASSED] - for ([j = 0, j &lt; symbols.size(), (j++)]): null

2019-08-24 12:51:11 - [TEST_STEP][PASSED] - symbol = symbol: null

2019-08-24 12:51:11 - [TEST_STEP][PASSED] - println(symbol): null

2019-08-24 12:51:11 - [TEST_STEP][PASSED] - if (i == 2 &amp;&amp; wildList.indexOf(symbol) != -1): null

2019-08-24 12:51:11 - [TEST_STEP][PASSED] - if (i == 3 &amp;&amp; wildList.indexOf(symbol) != -1): null

2019-08-24 12:51:11 - [TEST_STEP][PASSED] - println("wild found on reel 4, adding counter by 1"): null

2019-08-24 12:51:11 - [TEST_STEP][PASSED] - free_spin_reel_counter[1] = free_spin_reel_counter[1] + 1: null

2019-08-24 12:51:11 - [TEST_STEP][PASSED] - if (i == 4 &amp;&amp; wildList.indexOf(symbol) != -1): null

2019-08-24 12:51:11 - [TEST_STEP][PASSED] - symbol = symbol: null

2019-08-24 12:51:11 - [TEST_STEP][PASSED] - println(symbol): null

2019-08-24 12:51:11 - [TEST_STEP][PASSED] - if (i == 2 &amp;&amp; wildList.indexOf(symbol) != -1): null

2019-08-24 12:51:11 - [TEST_STEP][PASSED] - if (i == 3 &amp;&amp; wildList.indexOf(symbol) != -1): null

2019-08-24 12:51:11 - [TEST_STEP][PASSED] - if (i == 4 &amp;&amp; wildList.indexOf(symbol) != -1): null

2019-08-24 12:51:11 - [TEST_STEP][PASSED] - symbol = symbol: null

2019-08-24 12:51:11 - [TEST_STEP][PASSED] - println(symbol): null

2019-08-24 12:51:11 - [TEST_STEP][PASSED] - if (i == 2 &amp;&amp; wildList.indexOf(symbol) != -1): null

2019-08-24 12:51:11 - [TEST_STEP][PASSED] - if (i == 3 &amp;&amp; wildList.indexOf(symbol) != -1): null

2019-08-24 12:51:11 - [TEST_STEP][PASSED] - if (i == 4 &amp;&amp; wildList.indexOf(symbol) != -1): null

2019-08-24 12:51:11 - [TEST_STEP][PASSED] - symbols = symbols: null

2019-08-24 12:51:11 - [TEST_STEP][PASSED] - for ([j = 0, j &lt; symbols.size(), (j++)]): null

2019-08-24 12:51:11 - [TEST_STEP][PASSED] - symbol = symbol: null

2019-08-24 12:51:11 - [TEST_STEP][PASSED] - println(symbol): null

2019-08-24 12:51:11 - [TEST_STEP][PASSED] - if (i == 2 &amp;&amp; wildList.indexOf(symbol) != -1): null

2019-08-24 12:51:11 - [TEST_STEP][PASSED] - if (i == 3 &amp;&amp; wildList.indexOf(symbol) != -1): null

2019-08-24 12:51:11 - [TEST_STEP][PASSED] - if (i == 4 &amp;&amp; wildList.indexOf(symbol) != -1): null

2019-08-24 12:51:11 - [TEST_STEP][PASSED] - symbol = symbol: null

2019-08-24 12:51:11 - [TEST_STEP][PASSED] - println(symbol): null

2019-08-24 12:51:11 - [TEST_STEP][PASSED] - if (i == 2 &amp;&amp; wildList.indexOf(symbol) != -1): null

2019-08-24 12:51:11 - [TEST_STEP][PASSED] - if (i == 3 &amp;&amp; wildList.indexOf(symbol) != -1): null

2019-08-24 12:51:11 - [TEST_STEP][PASSED] - if (i == 4 &amp;&amp; wildList.indexOf(symbol) != -1): null

2019-08-24 12:51:11 - [TEST_STEP][PASSED] - symbol = symbol: null

2019-08-24 12:51:11 - [TEST_STEP][PASSED] - println(symbol): null

2019-08-24 12:51:11 - [TEST_STEP][PASSED] - if (i == 2 &amp;&amp; wildList.indexOf(symbol) != -1): null

2019-08-24 12:51:11 - [TEST_STEP][PASSED] - if (i == 3 &amp;&amp; wildList.indexOf(symbol) != -1): null

2019-08-24 12:51:11 - [TEST_STEP][PASSED] - if (i == 4 &amp;&amp; wildList.indexOf(symbol) != -1): null

2019-08-24 12:51:11 - [TEST_STEP][PASSED] - free_spin_reel_counter = free_spin_reel_counter: null

2019-08-24 12:51:11 - [TEST_STEP][PASSED] - println("reel 3 wild found: " + free_spin_reel_counter[0]): null

2019-08-24 12:51:11 - [TEST_STEP][PASSED] - println("reel 4 wild found: " + free_spin_reel_counter[1]): null

2019-08-24 12:51:11 - [TEST_STEP][PASSED] - println("reel 5 wild found: " + free_spin_reel_counter[2]): null

2019-08-24 12:51:11 - [TEST_STEP][PASSED] - M4_spin_reels = M4_spin_reels: null

2019-08-24 12:51:11 - [TEST_STEP][PASSED] - M4_spin_reels_symbols = symbol: null

2019-08-24 12:51:11 - [TEST_STEP][PASSED] - M4_spin_reels_symbols = M4_spin_reels_symbols: null

2019-08-24 12:51:11 - [TEST_STEP][PASSED] - M4_spin_reel_wins = reel_wins: null

2019-08-24 12:51:11 - [TEST_STEP][PASSED] - M4_spin_reel_wins = M4_spin_reel_wins: null

2019-08-24 12:51:11 - [TEST_STEP][PASSED] - println("GlobalVariable.M4_spin_reel_wins is: " + M4_spin_reel_wins): null

2019-08-24 12:51:11 - [TEST_STEP][PASSED] - M4_spin_total_bonus_win_this_round = total_bonus_win_this_round: null

2019-08-24 12:51:11 - [TEST_STEP][PASSED] - M4_spin_total_bonus_win_this_round = M4_spin_total_bonus_win_this_round: null

2019-08-24 12:51:11 - [TEST_STEP][PASSED] - println("GlobalVariable.M4_spin_total_bonus_win_this_round is: " + M4_spin_total_bonus_win_this_round): null

2019-08-24 12:51:11 - [TEST_STEP][PASSED] - M4_spin_bonus_spin_result = spin_result: null

2019-08-24 12:51:11 - [TEST_STEP][PASSED] - M4_spin_bonus_spin_result = M4_spin_bonus_spin_result: null

2019-08-24 12:51:11 - [MESSAGE][PASSED] - Verify response successfully

2019-08-24 12:51:11 - [MESSAGE][PASSED] - Send request and verify the response successfully

2019-08-24 12:51:11 - [TEST_STEP][PASSED] - if (M4_total_bonus_spins_int != 0 &amp;&amp; M4_spin_reels_symbols[2].contains("WILD_Double") || M4_spin_reels_symbols[4].contains("WILD_Triple")): null

2019-08-24 12:51:11 - [TEST_STEP][PASSED] - free_spin_reel_counter = free_spin_reel_counter: null

2019-08-24 12:51:11 - [TEST_STEP][PASSED] - M4_spin_reels_symbols = M4_spin_reels_symbols: null

2019-08-24 12:51:11 - [TEST_STEP][PASSED] - M4_total_bonus_spins = M4_total_bonus_spins: null

2019-08-24 12:51:11 - [TEST_STEP][PASSED] - spin_result = sendRequestAndVerify(findTestObject("INT/RGS(M4)/1_M4_spin", ["M4_login_user_id":M4_login_user_id, "rgs_session_token":rgs_session_token, "partner":Partner])): Send request and verify the response successfully

2019-08-24 12:51:11 - [MESSAGE][INFO] - HAR: /Users/eiralee/Katalon_Script/SuperWild/Reports/20190824_124242/INT/superWild_4/20190824_124242/requests/main/152.har

2019-08-24 12:51:11 - [TEST_CASE][PASSED] - Start Test Case : Verification: Verification accomplished successfully

2019-08-24 12:51:11 - [TEST_STEP][PASSED] - request = getInstance().getCurrentRequest(): null

2019-08-24 12:51:11 - [TEST_STEP][PASSED] - response = getInstance().getCurrentResponse(): null

2019-08-24 12:51:11 - [TEST_STEP][PASSED] - verifyResponseStatusCode(response, 200): Verify response status code successfully

2019-08-24 12:51:11 - [MESSAGE][PASSED] - Verify response status code successfully

2019-08-24 12:51:11 - [TEST_STEP][PASSED] - getStatusCode()).isEqualTo(200): null

2019-08-24 12:51:11 - [TEST_STEP][PASSED] - newline = System.getProperty("line.separator"): null

2019-08-24 12:51:11 - [TEST_STEP][PASSED] - M4_spin = new groovy.json.JsonSlurper(): null

2019-08-24 12:51:11 - [TEST_STEP][PASSED] - result_M4_spin = M4_spin.parseText(response.getResponseBodyContent()): null

2019-08-24 12:51:11 - [TEST_STEP][PASSED] - M4_spin_current_balance = current_balance: null

2019-08-24 12:51:11 - [TEST_STEP][PASSED] - M4_spin_current_balance = M4_spin_current_balance: null

2019-08-24 12:51:11 - [TEST_STEP][PASSED] - M4_spin_transaction_id = causality: null

2019-08-24 12:51:11 - [TEST_STEP][PASSED] - M4_spin_transaction_id = M4_spin_transaction_id: null

2019-08-24 12:51:11 - [TEST_STEP][PASSED] - M4_spin_round_id = round_id: null

2019-08-24 12:51:11 - [TEST_STEP][PASSED] - M4_spin_round_id = M4_spin_round_id: null

2019-08-24 12:51:11 - [TEST_STEP][PASSED] - M4_spin_line_wins = line_wins: null

2019-08-24 12:51:11 - [TEST_STEP][PASSED] - M4_spin_line_wins = M4_spin_line_wins: null

2019-08-24 12:51:11 - [TEST_STEP][PASSED] - M4_total_bonus_spins_int = total_bonus_spins: null

2019-08-24 12:51:11 - [TEST_STEP][PASSED] - println("******M4_total_bonus_spins type is:*******" + newline + getClass().getName()): null

2019-08-24 12:51:11 - [TEST_STEP][PASSED] - M4_total_bonus_spins_int = M4_total_bonus_spins_int: null

2019-08-24 12:51:11 - [TEST_STEP][PASSED] - M4_total_bonus_spins = Integer.toString(M4_total_bonus_spins_int): null

2019-08-24 12:51:11 - [TEST_STEP][PASSED] - M4_total_bonus_spins = M4_total_bonus_spins: null

2019-08-24 12:51:11 - [TEST_STEP][PASSED] - println("M4_total_bonus_spins is:" + M4_total_bonus_spins): null

2019-08-24 12:51:11 - [TEST_STEP][PASSED] - M4_spin_bonus_data = bonus_data: null

2019-08-24 12:51:11 - [TEST_STEP][PASSED] - M4_spin_features_triggered = result_M4_spin: null

2019-08-24 12:51:11 - [TEST_STEP][PASSED] - wild = []: null

2019-08-24 12:51:11 - [TEST_STEP][PASSED] - wild[0] = "WILD_Expanding": null

2019-08-24 12:51:11 - [TEST_STEP][PASSED] - wild[1] = "WILD_Normal": null

2019-08-24 12:51:11 - [TEST_STEP][PASSED] - wild[2] = "WILD_Double": null

2019-08-24 12:51:11 - [TEST_STEP][PASSED] - wild[3] = "WILD_ExtraFG": null

2019-08-24 12:51:11 - [TEST_STEP][PASSED] - wild[4] = "WILD_Triple": null

2019-08-24 12:51:11 - [TEST_STEP][PASSED] - wildList = Arrays.asList(wild): null

2019-08-24 12:51:11 - [TEST_STEP][PASSED] - wildList = wildList: null

2019-08-24 12:51:11 - [TEST_STEP][PASSED] - free_spin_reel_counter = []: null

2019-08-24 12:51:11 - [TEST_STEP][PASSED] - free_spin_reel_counter[0] = 0: null

2019-08-24 12:51:11 - [TEST_STEP][PASSED] - free_spin_reel_counter[1] = 0: null

2019-08-24 12:51:11 - [TEST_STEP][PASSED] - free_spin_reel_counter[2] = 0: null

2019-08-24 12:51:11 - [TEST_STEP][PASSED] - M4_spin_reels = reels: null

2019-08-24 12:51:11 - [TEST_STEP][PASSED] - for ([i = 0, i &lt; M4_spin_reels.size(), (i++)]): null

2019-08-24 12:51:11 - [TEST_STEP][PASSED] - symbols = symbols: null

2019-08-24 12:51:11 - [TEST_STEP][PASSED] - for ([j = 0, j &lt; symbols.size(), (j++)]): null

2019-08-24 12:51:11 - [TEST_STEP][PASSED] - symbol = symbol: null

2019-08-24 12:51:11 - [TEST_STEP][PASSED] - println(symbol): null

2019-08-24 12:51:11 - [TEST_STEP][PASSED] - if (i == 2 &amp;&amp; wildList.indexOf(symbol) != -1): null

2019-08-24 12:51:11 - [TEST_STEP][PASSED] - if (i == 3 &amp;&amp; wildList.indexOf(symbol) != -1): null

2019-08-24 12:51:11 - [TEST_STEP][PASSED] - if (i == 4 &amp;&amp; wildList.indexOf(symbol) != -1): null

2019-08-24 12:51:11 - [TEST_STEP][PASSED] - symbol = symbol: null

2019-08-24 12:51:11 - [TEST_STEP][PASSED] - println(symbol): null

2019-08-24 12:51:11 - [TEST_STEP][PASSED] - if (i == 2 &amp;&amp; wildList.indexOf(symbol) != -1): null

2019-08-24 12:51:11 - [TEST_STEP][PASSED] - if (i == 3 &amp;&amp; wildList.indexOf(symbol) != -1): null

2019-08-24 12:51:11 - [TEST_STEP][PASSED] - if (i == 4 &amp;&amp; wildList.indexOf(symbol) != -1): null

2019-08-24 12:51:11 - [TEST_STEP][PASSED] - symbol = symbol: null

2019-08-24 12:51:11 - [TEST_STEP][PASSED] - println(symbol): null

2019-08-24 12:51:11 - [TEST_STEP][PASSED] - if (i == 2 &amp;&amp; wildList.indexOf(symbol) != -1): null

2019-08-24 12:51:11 - [TEST_STEP][PASSED] - if (i == 3 &amp;&amp; wildList.indexOf(symbol) != -1): null

2019-08-24 12:51:11 - [TEST_STEP][PASSED] - if (i == 4 &amp;&amp; wildList.indexOf(symbol) != -1): null

2019-08-24 12:51:11 - [TEST_STEP][PASSED] - symbols = symbols: null

2019-08-24 12:51:11 - [TEST_STEP][PASSED] - for ([j = 0, j &lt; symbols.size(), (j++)]): null

2019-08-24 12:51:11 - [TEST_STEP][PASSED] - symbol = symbol: null

2019-08-24 12:51:11 - [TEST_STEP][PASSED] - println(symbol): null

2019-08-24 12:51:11 - [TEST_STEP][PASSED] - if (i == 2 &amp;&amp; wildList.indexOf(symbol) != -1): null

2019-08-24 12:51:11 - [TEST_STEP][PASSED] - if (i == 3 &amp;&amp; wildList.indexOf(symbol) != -1): null

2019-08-24 12:51:11 - [TEST_STEP][PASSED] - if (i == 4 &amp;&amp; wildList.indexOf(symbol) != -1): null

2019-08-24 12:51:11 - [TEST_STEP][PASSED] - symbol = symbol: null

2019-08-24 12:51:11 - [TEST_STEP][PASSED] - println(symbol): null

2019-08-24 12:51:11 - [TEST_STEP][PASSED] - if (i == 2 &amp;&amp; wildList.indexOf(symbol) != -1): null

2019-08-24 12:51:11 - [TEST_STEP][PASSED] - if (i == 3 &amp;&amp; wildList.indexOf(symbol) != -1): null

2019-08-24 12:51:11 - [TEST_STEP][PASSED] - if (i == 4 &amp;&amp; wildList.indexOf(symbol) != -1): null

2019-08-24 12:51:11 - [TEST_STEP][PASSED] - symbol = symbol: null

2019-08-24 12:51:11 - [TEST_STEP][PASSED] - println(symbol): null

2019-08-24 12:51:11 - [TEST_STEP][PASSED] - if (i == 2 &amp;&amp; wildList.indexOf(symbol) != -1): null

2019-08-24 12:51:11 - [TEST_STEP][PASSED] - if (i == 3 &amp;&amp; wildList.indexOf(symbol) != -1): null

2019-08-24 12:51:11 - [TEST_STEP][PASSED] - if (i == 4 &amp;&amp; wildList.indexOf(symbol) != -1): null

2019-08-24 12:51:11 - [TEST_STEP][PASSED] - symbols = symbols: null

2019-08-24 12:51:11 - [TEST_STEP][PASSED] - for ([j = 0, j &lt; symbols.size(), (j++)]): null

2019-08-24 12:51:11 - [TEST_STEP][PASSED] - symbol = symbol: null

2019-08-24 12:51:11 - [TEST_STEP][PASSED] - println(symbol): null

2019-08-24 12:51:11 - [TEST_STEP][PASSED] - if (i == 2 &amp;&amp; wildList.indexOf(symbol) != -1): null

2019-08-24 12:51:11 - [TEST_STEP][PASSED] - if (i == 3 &amp;&amp; wildList.indexOf(symbol) != -1): null

2019-08-24 12:51:11 - [TEST_STEP][PASSED] - if (i == 4 &amp;&amp; wildList.indexOf(symbol) != -1): null

2019-08-24 12:51:11 - [TEST_STEP][PASSED] - symbol = symbol: null

2019-08-24 12:51:11 - [TEST_STEP][PASSED] - println(symbol): null

2019-08-24 12:51:11 - [TEST_STEP][PASSED] - if (i == 2 &amp;&amp; wildList.indexOf(symbol) != -1): null

2019-08-24 12:51:11 - [TEST_STEP][PASSED] - println("wild found on reel 3, adding counter by 1"): null

2019-08-24 12:51:11 - [TEST_STEP][PASSED] - free_spin_reel_counter[0] = free_spin_reel_counter[0] + 1: null

2019-08-24 12:51:11 - [TEST_STEP][PASSED] - if (i == 3 &amp;&amp; wildList.indexOf(symbol) != -1): null

2019-08-24 12:51:11 - [TEST_STEP][PASSED] - if (i == 4 &amp;&amp; wildList.indexOf(symbol) != -1): null

2019-08-24 12:51:11 - [TEST_STEP][PASSED] - symbol = symbol: null

2019-08-24 12:51:11 - [TEST_STEP][PASSED] - println(symbol): null

2019-08-24 12:51:11 - [TEST_STEP][PASSED] - if (i == 2 &amp;&amp; wildList.indexOf(symbol) != -1): null

2019-08-24 12:51:11 - [TEST_STEP][PASSED] - if (i == 3 &amp;&amp; wildList.indexOf(symbol) != -1): null

2019-08-24 12:51:11 - [TEST_STEP][PASSED] - if (i == 4 &amp;&amp; wildList.indexOf(symbol) != -1): null

2019-08-24 12:51:11 - [TEST_STEP][PASSED] - symbols = symbols: null

2019-08-24 12:51:11 - [TEST_STEP][PASSED] - for ([j = 0, j &lt; symbols.size(), (j++)]): null

2019-08-24 12:51:11 - [TEST_STEP][PASSED] - symbol = symbol: null

2019-08-24 12:51:11 - [TEST_STEP][PASSED] - println(symbol): null

2019-08-24 12:51:11 - [TEST_STEP][PASSED] - if (i == 2 &amp;&amp; wildList.indexOf(symbol) != -1): null

2019-08-24 12:51:11 - [TEST_STEP][PASSED] - if (i == 3 &amp;&amp; wildList.indexOf(symbol) != -1): null

2019-08-24 12:51:11 - [TEST_STEP][PASSED] - if (i == 4 &amp;&amp; wildList.indexOf(symbol) != -1): null

2019-08-24 12:51:11 - [TEST_STEP][PASSED] - symbol = symbol: null

2019-08-24 12:51:11 - [TEST_STEP][PASSED] - println(symbol): null

2019-08-24 12:51:11 - [TEST_STEP][PASSED] - if (i == 2 &amp;&amp; wildList.indexOf(symbol) != -1): null

2019-08-24 12:51:11 - [TEST_STEP][PASSED] - if (i == 3 &amp;&amp; wildList.indexOf(symbol) != -1): null

2019-08-24 12:51:11 - [TEST_STEP][PASSED] - if (i == 4 &amp;&amp; wildList.indexOf(symbol) != -1): null

2019-08-24 12:51:11 - [TEST_STEP][PASSED] - symbol = symbol: null

2019-08-24 12:51:11 - [TEST_STEP][PASSED] - println(symbol): null

2019-08-24 12:51:11 - [TEST_STEP][PASSED] - if (i == 2 &amp;&amp; wildList.indexOf(symbol) != -1): null

2019-08-24 12:51:11 - [TEST_STEP][PASSED] - if (i == 3 &amp;&amp; wildList.indexOf(symbol) != -1): null

2019-08-24 12:51:11 - [TEST_STEP][PASSED] - if (i == 4 &amp;&amp; wildList.indexOf(symbol) != -1): null

2019-08-24 12:51:11 - [TEST_STEP][PASSED] - symbols = symbols: null

2019-08-24 12:51:11 - [TEST_STEP][PASSED] - for ([j = 0, j &lt; symbols.size(), (j++)]): null

2019-08-24 12:51:11 - [TEST_STEP][PASSED] - symbol = symbol: null

2019-08-24 12:51:11 - [TEST_STEP][PASSED] - println(symbol): null

2019-08-24 12:51:11 - [TEST_STEP][PASSED] - if (i == 2 &amp;&amp; wildList.indexOf(symbol) != -1): null

2019-08-24 12:51:11 - [TEST_STEP][PASSED] - if (i == 3 &amp;&amp; wildList.indexOf(symbol) != -1): null

2019-08-24 12:51:11 - [TEST_STEP][PASSED] - if (i == 4 &amp;&amp; wildList.indexOf(symbol) != -1): null

2019-08-24 12:51:11 - [TEST_STEP][PASSED] - symbol = symbol: null

2019-08-24 12:51:11 - [TEST_STEP][PASSED] - println(symbol): null

2019-08-24 12:51:11 - [TEST_STEP][PASSED] - if (i == 2 &amp;&amp; wildList.indexOf(symbol) != -1): null

2019-08-24 12:51:11 - [TEST_STEP][PASSED] - if (i == 3 &amp;&amp; wildList.indexOf(symbol) != -1): null

2019-08-24 12:51:11 - [TEST_STEP][PASSED] - if (i == 4 &amp;&amp; wildList.indexOf(symbol) != -1): null

2019-08-24 12:51:11 - [TEST_STEP][PASSED] - symbol = symbol: null

2019-08-24 12:51:11 - [TEST_STEP][PASSED] - println(symbol): null

2019-08-24 12:51:11 - [TEST_STEP][PASSED] - if (i == 2 &amp;&amp; wildList.indexOf(symbol) != -1): null

2019-08-24 12:51:11 - [TEST_STEP][PASSED] - if (i == 3 &amp;&amp; wildList.indexOf(symbol) != -1): null

2019-08-24 12:51:11 - [TEST_STEP][PASSED] - if (i == 4 &amp;&amp; wildList.indexOf(symbol) != -1): null

2019-08-24 12:51:11 - [TEST_STEP][PASSED] - free_spin_reel_counter = free_spin_reel_counter: null

2019-08-24 12:51:11 - [TEST_STEP][PASSED] - println("reel 3 wild found: " + free_spin_reel_counter[0]): null

2019-08-24 12:51:11 - [TEST_STEP][PASSED] - println("reel 4 wild found: " + free_spin_reel_counter[1]): null

2019-08-24 12:51:11 - [TEST_STEP][PASSED] - println("reel 5 wild found: " + free_spin_reel_counter[2]): null

2019-08-24 12:51:11 - [TEST_STEP][PASSED] - M4_spin_reels = M4_spin_reels: null

2019-08-24 12:51:11 - [TEST_STEP][PASSED] - M4_spin_reels_symbols = symbol: null

2019-08-24 12:51:11 - [TEST_STEP][PASSED] - M4_spin_reels_symbols = M4_spin_reels_symbols: null

2019-08-24 12:51:11 - [TEST_STEP][PASSED] - M4_spin_reel_wins = reel_wins: null

2019-08-24 12:51:11 - [TEST_STEP][PASSED] - M4_spin_reel_wins = M4_spin_reel_wins: null

2019-08-24 12:51:11 - [TEST_STEP][PASSED] - println("GlobalVariable.M4_spin_reel_wins is: " + M4_spin_reel_wins): null

2019-08-24 12:51:11 - [TEST_STEP][PASSED] - M4_spin_total_bonus_win_this_round = total_bonus_win_this_round: null

2019-08-24 12:51:11 - [TEST_STEP][PASSED] - M4_spin_total_bonus_win_this_round = M4_spin_total_bonus_win_this_round: null

2019-08-24 12:51:11 - [TEST_STEP][PASSED] - println("GlobalVariable.M4_spin_total_bonus_win_this_round is: " + M4_spin_total_bonus_win_this_round): null

2019-08-24 12:51:11 - [TEST_STEP][PASSED] - M4_spin_bonus_spin_result = spin_result: null

2019-08-24 12:51:11 - [TEST_STEP][PASSED] - M4_spin_bonus_spin_result = M4_spin_bonus_spin_result: null

2019-08-24 12:51:11 - [MESSAGE][PASSED] - Verify response successfully

2019-08-24 12:51:11 - [MESSAGE][PASSED] - Send request and verify the response successfully

2019-08-24 12:51:11 - [TEST_STEP][PASSED] - if (M4_total_bonus_spins_int != 0 &amp;&amp; M4_spin_reels_symbols[2].contains("WILD_Double") || M4_spin_reels_symbols[4].contains("WILD_Triple")): null

2019-08-24 12:51:11 - [TEST_STEP][PASSED] - free_spin_reel_counter = free_spin_reel_counter: null

2019-08-24 12:51:11 - [TEST_STEP][PASSED] - M4_spin_reels_symbols = M4_spin_reels_symbols: null

2019-08-24 12:51:11 - [TEST_STEP][PASSED] - M4_total_bonus_spins = M4_total_bonus_spins: null

2019-08-24 12:51:11 - [TEST_STEP][PASSED] - spin_result = sendRequestAndVerify(findTestObject("INT/RGS(M4)/1_M4_spin", ["M4_login_user_id":M4_login_user_id, "rgs_session_token":rgs_session_token, "partner":Partner])): Send request and verify the response successfully

2019-08-24 12:51:12 - [MESSAGE][INFO] - HAR: /Users/eiralee/Katalon_Script/SuperWild/Reports/20190824_124242/INT/superWild_4/20190824_124242/requests/main/153.har

2019-08-24 12:51:12 - [TEST_CASE][PASSED] - Start Test Case : Verification: Verification accomplished successfully

2019-08-24 12:51:12 - [TEST_STEP][PASSED] - request = getInstance().getCurrentRequest(): null

2019-08-24 12:51:12 - [TEST_STEP][PASSED] - response = getInstance().getCurrentResponse(): null

2019-08-24 12:51:12 - [TEST_STEP][PASSED] - verifyResponseStatusCode(response, 200): Verify response status code successfully

2019-08-24 12:51:12 - [MESSAGE][PASSED] - Verify response status code successfully

2019-08-24 12:51:12 - [TEST_STEP][PASSED] - getStatusCode()).isEqualTo(200): null

2019-08-24 12:51:12 - [TEST_STEP][PASSED] - newline = System.getProperty("line.separator"): null

2019-08-24 12:51:12 - [TEST_STEP][PASSED] - M4_spin = new groovy.json.JsonSlurper(): null

2019-08-24 12:51:12 - [TEST_STEP][PASSED] - result_M4_spin = M4_spin.parseText(response.getResponseBodyContent()): null

2019-08-24 12:51:12 - [TEST_STEP][PASSED] - M4_spin_current_balance = current_balance: null

2019-08-24 12:51:12 - [TEST_STEP][PASSED] - M4_spin_current_balance = M4_spin_current_balance: null

2019-08-24 12:51:12 - [TEST_STEP][PASSED] - M4_spin_transaction_id = causality: null

2019-08-24 12:51:12 - [TEST_STEP][PASSED] - M4_spin_transaction_id = M4_spin_transaction_id: null

2019-08-24 12:51:12 - [TEST_STEP][PASSED] - M4_spin_round_id = round_id: null

2019-08-24 12:51:12 - [TEST_STEP][PASSED] - M4_spin_round_id = M4_spin_round_id: null

2019-08-24 12:51:12 - [TEST_STEP][PASSED] - M4_spin_line_wins = line_wins: null

2019-08-24 12:51:12 - [TEST_STEP][PASSED] - M4_spin_line_wins = M4_spin_line_wins: null

2019-08-24 12:51:12 - [TEST_STEP][PASSED] - M4_total_bonus_spins_int = total_bonus_spins: null

2019-08-24 12:51:12 - [TEST_STEP][PASSED] - println("******M4_total_bonus_spins type is:*******" + newline + getClass().getName()): null

2019-08-24 12:51:12 - [TEST_STEP][PASSED] - M4_total_bonus_spins_int = M4_total_bonus_spins_int: null

2019-08-24 12:51:12 - [TEST_STEP][PASSED] - M4_total_bonus_spins = Integer.toString(M4_total_bonus_spins_int): null

2019-08-24 12:51:12 - [TEST_STEP][PASSED] - M4_total_bonus_spins = M4_total_bonus_spins: null

2019-08-24 12:51:12 - [TEST_STEP][PASSED] - println("M4_total_bonus_spins is:" + M4_total_bonus_spins): null

2019-08-24 12:51:12 - [TEST_STEP][PASSED] - M4_spin_bonus_data = bonus_data: null

2019-08-24 12:51:12 - [TEST_STEP][PASSED] - M4_spin_features_triggered = result_M4_spin: null

2019-08-24 12:51:12 - [TEST_STEP][PASSED] - wild = []: null

2019-08-24 12:51:12 - [TEST_STEP][PASSED] - wild[0] = "WILD_Expanding": null

2019-08-24 12:51:12 - [TEST_STEP][PASSED] - wild[1] = "WILD_Normal": null

2019-08-24 12:51:12 - [TEST_STEP][PASSED] - wild[2] = "WILD_Double": null

2019-08-24 12:51:12 - [TEST_STEP][PASSED] - wild[3] = "WILD_ExtraFG": null

2019-08-24 12:51:12 - [TEST_STEP][PASSED] - wild[4] = "WILD_Triple": null

2019-08-24 12:51:12 - [TEST_STEP][PASSED] - wildList = Arrays.asList(wild): null

2019-08-24 12:51:12 - [TEST_STEP][PASSED] - wildList = wildList: null

2019-08-24 12:51:12 - [TEST_STEP][PASSED] - free_spin_reel_counter = []: null

2019-08-24 12:51:12 - [TEST_STEP][PASSED] - free_spin_reel_counter[0] = 0: null

2019-08-24 12:51:12 - [TEST_STEP][PASSED] - free_spin_reel_counter[1] = 0: null

2019-08-24 12:51:12 - [TEST_STEP][PASSED] - free_spin_reel_counter[2] = 0: null

2019-08-24 12:51:12 - [TEST_STEP][PASSED] - M4_spin_reels = reels: null

2019-08-24 12:51:12 - [TEST_STEP][PASSED] - for ([i = 0, i &lt; M4_spin_reels.size(), (i++)]): null

2019-08-24 12:51:12 - [TEST_STEP][PASSED] - symbols = symbols: null

2019-08-24 12:51:12 - [TEST_STEP][PASSED] - for ([j = 0, j &lt; symbols.size(), (j++)]): null

2019-08-24 12:51:12 - [TEST_STEP][PASSED] - symbol = symbol: null

2019-08-24 12:51:12 - [TEST_STEP][PASSED] - println(symbol): null

2019-08-24 12:51:12 - [TEST_STEP][PASSED] - if (i == 2 &amp;&amp; wildList.indexOf(symbol) != -1): null

2019-08-24 12:51:12 - [TEST_STEP][PASSED] - if (i == 3 &amp;&amp; wildList.indexOf(symbol) != -1): null

2019-08-24 12:51:12 - [TEST_STEP][PASSED] - if (i == 4 &amp;&amp; wildList.indexOf(symbol) != -1): null

2019-08-24 12:51:12 - [TEST_STEP][PASSED] - symbol = symbol: null

2019-08-24 12:51:12 - [TEST_STEP][PASSED] - println(symbol): null

2019-08-24 12:51:12 - [TEST_STEP][PASSED] - if (i == 2 &amp;&amp; wildList.indexOf(symbol) != -1): null

2019-08-24 12:51:12 - [TEST_STEP][PASSED] - if (i == 3 &amp;&amp; wildList.indexOf(symbol) != -1): null

2019-08-24 12:51:12 - [TEST_STEP][PASSED] - if (i == 4 &amp;&amp; wildList.indexOf(symbol) != -1): null

2019-08-24 12:51:12 - [TEST_STEP][PASSED] - symbol = symbol: null

2019-08-24 12:51:12 - [TEST_STEP][PASSED] - println(symbol): null

2019-08-24 12:51:12 - [TEST_STEP][PASSED] - if (i == 2 &amp;&amp; wildList.indexOf(symbol) != -1): null

2019-08-24 12:51:12 - [TEST_STEP][PASSED] - if (i == 3 &amp;&amp; wildList.indexOf(symbol) != -1): null

2019-08-24 12:51:12 - [TEST_STEP][PASSED] - if (i == 4 &amp;&amp; wildList.indexOf(symbol) != -1): null

2019-08-24 12:51:12 - [TEST_STEP][PASSED] - symbols = symbols: null

2019-08-24 12:51:12 - [TEST_STEP][PASSED] - for ([j = 0, j &lt; symbols.size(), (j++)]): null

2019-08-24 12:51:12 - [TEST_STEP][PASSED] - symbol = symbol: null

2019-08-24 12:51:12 - [TEST_STEP][PASSED] - println(symbol): null

2019-08-24 12:51:12 - [TEST_STEP][PASSED] - if (i == 2 &amp;&amp; wildList.indexOf(symbol) != -1): null

2019-08-24 12:51:12 - [TEST_STEP][PASSED] - if (i == 3 &amp;&amp; wildList.indexOf(symbol) != -1): null

2019-08-24 12:51:12 - [TEST_STEP][PASSED] - if (i == 4 &amp;&amp; wildList.indexOf(symbol) != -1): null

2019-08-24 12:51:12 - [TEST_STEP][PASSED] - symbol = symbol: null

2019-08-24 12:51:12 - [TEST_STEP][PASSED] - println(symbol): null

2019-08-24 12:51:12 - [TEST_STEP][PASSED] - if (i == 2 &amp;&amp; wildList.indexOf(symbol) != -1): null

2019-08-24 12:51:12 - [TEST_STEP][PASSED] - if (i == 3 &amp;&amp; wildList.indexOf(symbol) != -1): null

2019-08-24 12:51:12 - [TEST_STEP][PASSED] - if (i == 4 &amp;&amp; wildList.indexOf(symbol) != -1): null

2019-08-24 12:51:12 - [TEST_STEP][PASSED] - symbol = symbol: null

2019-08-24 12:51:12 - [TEST_STEP][PASSED] - println(symbol): null

2019-08-24 12:51:12 - [TEST_STEP][PASSED] - if (i == 2 &amp;&amp; wildList.indexOf(symbol) != -1): null

2019-08-24 12:51:12 - [TEST_STEP][PASSED] - if (i == 3 &amp;&amp; wildList.indexOf(symbol) != -1): null

2019-08-24 12:51:12 - [TEST_STEP][PASSED] - if (i == 4 &amp;&amp; wildList.indexOf(symbol) != -1): null

2019-08-24 12:51:12 - [TEST_STEP][PASSED] - symbols = symbols: null

2019-08-24 12:51:12 - [TEST_STEP][PASSED] - for ([j = 0, j &lt; symbols.size(), (j++)]): null

2019-08-24 12:51:12 - [TEST_STEP][PASSED] - symbol = symbol: null

2019-08-24 12:51:12 - [TEST_STEP][PASSED] - println(symbol): null

2019-08-24 12:51:12 - [TEST_STEP][PASSED] - if (i == 2 &amp;&amp; wildList.indexOf(symbol) != -1): null

2019-08-24 12:51:12 - [TEST_STEP][PASSED] - if (i == 3 &amp;&amp; wildList.indexOf(symbol) != -1): null

2019-08-24 12:51:12 - [TEST_STEP][PASSED] - if (i == 4 &amp;&amp; wildList.indexOf(symbol) != -1): null

2019-08-24 12:51:12 - [TEST_STEP][PASSED] - symbol = symbol: null

2019-08-24 12:51:12 - [TEST_STEP][PASSED] - println(symbol): null

2019-08-24 12:51:12 - [TEST_STEP][PASSED] - if (i == 2 &amp;&amp; wildList.indexOf(symbol) != -1): null

2019-08-24 12:51:12 - [TEST_STEP][PASSED] - if (i == 3 &amp;&amp; wildList.indexOf(symbol) != -1): null

2019-08-24 12:51:12 - [TEST_STEP][PASSED] - if (i == 4 &amp;&amp; wildList.indexOf(symbol) != -1): null

2019-08-24 12:51:12 - [TEST_STEP][PASSED] - symbol = symbol: null

2019-08-24 12:51:12 - [TEST_STEP][PASSED] - println(symbol): null

2019-08-24 12:51:12 - [TEST_STEP][PASSED] - if (i == 2 &amp;&amp; wildList.indexOf(symbol) != -1): null

2019-08-24 12:51:12 - [TEST_STEP][PASSED] - if (i == 3 &amp;&amp; wildList.indexOf(symbol) != -1): null

2019-08-24 12:51:12 - [TEST_STEP][PASSED] - if (i == 4 &amp;&amp; wildList.indexOf(symbol) != -1): null

2019-08-24 12:51:12 - [TEST_STEP][PASSED] - symbols = symbols: null

2019-08-24 12:51:12 - [TEST_STEP][PASSED] - for ([j = 0, j &lt; symbols.size(), (j++)]): null

2019-08-24 12:51:12 - [TEST_STEP][PASSED] - symbol = symbol: null

2019-08-24 12:51:12 - [TEST_STEP][PASSED] - println(symbol): null

2019-08-24 12:51:12 - [TEST_STEP][PASSED] - if (i == 2 &amp;&amp; wildList.indexOf(symbol) != -1): null

2019-08-24 12:51:12 - [TEST_STEP][PASSED] - if (i == 3 &amp;&amp; wildList.indexOf(symbol) != -1): null

2019-08-24 12:51:12 - [TEST_STEP][PASSED] - if (i == 4 &amp;&amp; wildList.indexOf(symbol) != -1): null

2019-08-24 12:51:12 - [TEST_STEP][PASSED] - symbol = symbol: null

2019-08-24 12:51:12 - [TEST_STEP][PASSED] - println(symbol): null

2019-08-24 12:51:12 - [TEST_STEP][PASSED] - if (i == 2 &amp;&amp; wildList.indexOf(symbol) != -1): null

2019-08-24 12:51:12 - [TEST_STEP][PASSED] - if (i == 3 &amp;&amp; wildList.indexOf(symbol) != -1): null

2019-08-24 12:51:12 - [TEST_STEP][PASSED] - if (i == 4 &amp;&amp; wildList.indexOf(symbol) != -1): null

2019-08-24 12:51:12 - [TEST_STEP][PASSED] - symbol = symbol: null

2019-08-24 12:51:12 - [TEST_STEP][PASSED] - println(symbol): null

2019-08-24 12:51:12 - [TEST_STEP][PASSED] - if (i == 2 &amp;&amp; wildList.indexOf(symbol) != -1): null

2019-08-24 12:51:12 - [TEST_STEP][PASSED] - if (i == 3 &amp;&amp; wildList.indexOf(symbol) != -1): null

2019-08-24 12:51:12 - [TEST_STEP][PASSED] - if (i == 4 &amp;&amp; wildList.indexOf(symbol) != -1): null

2019-08-24 12:51:12 - [TEST_STEP][PASSED] - symbols = symbols: null

2019-08-24 12:51:12 - [TEST_STEP][PASSED] - for ([j = 0, j &lt; symbols.size(), (j++)]): null

2019-08-24 12:51:12 - [TEST_STEP][PASSED] - symbol = symbol: null

2019-08-24 12:51:12 - [TEST_STEP][PASSED] - println(symbol): null

2019-08-24 12:51:12 - [TEST_STEP][PASSED] - if (i == 2 &amp;&amp; wildList.indexOf(symbol) != -1): null

2019-08-24 12:51:12 - [TEST_STEP][PASSED] - if (i == 3 &amp;&amp; wildList.indexOf(symbol) != -1): null

2019-08-24 12:51:12 - [TEST_STEP][PASSED] - if (i == 4 &amp;&amp; wildList.indexOf(symbol) != -1): null

2019-08-24 12:51:12 - [TEST_STEP][PASSED] - symbol = symbol: null

2019-08-24 12:51:12 - [TEST_STEP][PASSED] - println(symbol): null

2019-08-24 12:51:12 - [TEST_STEP][PASSED] - if (i == 2 &amp;&amp; wildList.indexOf(symbol) != -1): null

2019-08-24 12:51:12 - [TEST_STEP][PASSED] - if (i == 3 &amp;&amp; wildList.indexOf(symbol) != -1): null

2019-08-24 12:51:12 - [TEST_STEP][PASSED] - if (i == 4 &amp;&amp; wildList.indexOf(symbol) != -1): null

2019-08-24 12:51:12 - [TEST_STEP][PASSED] - symbol = symbol: null

2019-08-24 12:51:12 - [TEST_STEP][PASSED] - println(symbol): null

2019-08-24 12:51:12 - [TEST_STEP][PASSED] - if (i == 2 &amp;&amp; wildList.indexOf(symbol) != -1): null

2019-08-24 12:51:12 - [TEST_STEP][PASSED] - if (i == 3 &amp;&amp; wildList.indexOf(symbol) != -1): null

2019-08-24 12:51:12 - [TEST_STEP][PASSED] - if (i == 4 &amp;&amp; wildList.indexOf(symbol) != -1): null

2019-08-24 12:51:12 - [TEST_STEP][PASSED] - free_spin_reel_counter = free_spin_reel_counter: null

2019-08-24 12:51:12 - [TEST_STEP][PASSED] - println("reel 3 wild found: " + free_spin_reel_counter[0]): null

2019-08-24 12:51:12 - [TEST_STEP][PASSED] - println("reel 4 wild found: " + free_spin_reel_counter[1]): null

2019-08-24 12:51:12 - [TEST_STEP][PASSED] - println("reel 5 wild found: " + free_spin_reel_counter[2]): null

2019-08-24 12:51:12 - [TEST_STEP][PASSED] - M4_spin_reels = M4_spin_reels: null

2019-08-24 12:51:12 - [TEST_STEP][PASSED] - M4_spin_reels_symbols = symbol: null

2019-08-24 12:51:12 - [TEST_STEP][PASSED] - M4_spin_reels_symbols = M4_spin_reels_symbols: null

2019-08-24 12:51:12 - [TEST_STEP][PASSED] - M4_spin_reel_wins = reel_wins: null

2019-08-24 12:51:12 - [TEST_STEP][PASSED] - M4_spin_reel_wins = M4_spin_reel_wins: null

2019-08-24 12:51:12 - [TEST_STEP][PASSED] - println("GlobalVariable.M4_spin_reel_wins is: " + M4_spin_reel_wins): null

2019-08-24 12:51:12 - [TEST_STEP][PASSED] - M4_spin_total_bonus_win_this_round = total_bonus_win_this_round: null

2019-08-24 12:51:12 - [TEST_STEP][PASSED] - M4_spin_total_bonus_win_this_round = M4_spin_total_bonus_win_this_round: null

2019-08-24 12:51:12 - [TEST_STEP][PASSED] - println("GlobalVariable.M4_spin_total_bonus_win_this_round is: " + M4_spin_total_bonus_win_this_round): null

2019-08-24 12:51:12 - [TEST_STEP][PASSED] - M4_spin_bonus_spin_result = spin_result: null

2019-08-24 12:51:12 - [TEST_STEP][PASSED] - M4_spin_bonus_spin_result = M4_spin_bonus_spin_result: null

2019-08-24 12:51:12 - [MESSAGE][PASSED] - Verify response successfully

2019-08-24 12:51:12 - [MESSAGE][PASSED] - Send request and verify the response successfully

2019-08-24 12:51:12 - [TEST_STEP][PASSED] - if (M4_total_bonus_spins_int != 0 &amp;&amp; M4_spin_reels_symbols[2].contains("WILD_Double") || M4_spin_reels_symbols[4].contains("WILD_Triple")): null

2019-08-24 12:51:12 - [TEST_STEP][PASSED] - free_spin_reel_counter = free_spin_reel_counter: null

2019-08-24 12:51:15 - [TEST_STEP][PASSED] - M4_spin_reels_symbols = M4_spin_reels_symbols: null

2019-08-24 12:51:15 - [TEST_STEP][PASSED] - M4_total_bonus_spins = M4_total_bonus_spins: null

2019-08-24 12:51:15 - [TEST_STEP][PASSED] - spin_result = sendRequestAndVerify(findTestObject("INT/RGS(M4)/1_M4_spin", ["M4_login_user_id":M4_login_user_id, "rgs_session_token":rgs_session_token, "partner":Partner])): Send request and verify the response successfully

2019-08-24 12:51:15 - [MESSAGE][INFO] - HAR: /Users/eiralee/Katalon_Script/SuperWild/Reports/20190824_124242/INT/superWild_4/20190824_124242/requests/main/154.har

2019-08-24 12:51:15 - [TEST_CASE][PASSED] - Start Test Case : Verification: Verification accomplished successfully

2019-08-24 12:51:16 - [TEST_STEP][PASSED] - request = getInstance().getCurrentRequest(): null

2019-08-24 12:51:16 - [TEST_STEP][PASSED] - response = getInstance().getCurrentResponse(): null

2019-08-24 12:51:16 - [TEST_STEP][PASSED] - verifyResponseStatusCode(response, 200): Verify response status code successfully

2019-08-24 12:51:16 - [MESSAGE][PASSED] - Verify response status code successfully

2019-08-24 12:51:16 - [TEST_STEP][PASSED] - getStatusCode()).isEqualTo(200): null

2019-08-24 12:51:16 - [TEST_STEP][PASSED] - newline = System.getProperty("line.separator"): null

2019-08-24 12:51:16 - [TEST_STEP][PASSED] - M4_spin = new groovy.json.JsonSlurper(): null

2019-08-24 12:51:16 - [TEST_STEP][PASSED] - result_M4_spin = M4_spin.parseText(response.getResponseBodyContent()): null

2019-08-24 12:51:16 - [TEST_STEP][PASSED] - M4_spin_current_balance = current_balance: null

2019-08-24 12:51:16 - [TEST_STEP][PASSED] - M4_spin_current_balance = M4_spin_current_balance: null

2019-08-24 12:51:16 - [TEST_STEP][PASSED] - M4_spin_transaction_id = causality: null

2019-08-24 12:51:16 - [TEST_STEP][PASSED] - M4_spin_transaction_id = M4_spin_transaction_id: null

2019-08-24 12:51:16 - [TEST_STEP][PASSED] - M4_spin_round_id = round_id: null

2019-08-24 12:51:16 - [TEST_STEP][PASSED] - M4_spin_round_id = M4_spin_round_id: null

2019-08-24 12:51:16 - [TEST_STEP][PASSED] - M4_spin_line_wins = line_wins: null

2019-08-24 12:51:16 - [TEST_STEP][PASSED] - M4_spin_line_wins = M4_spin_line_wins: null

2019-08-24 12:51:16 - [TEST_STEP][PASSED] - M4_total_bonus_spins_int = total_bonus_spins: null

2019-08-24 12:51:16 - [TEST_STEP][PASSED] - println("******M4_total_bonus_spins type is:*******" + newline + getClass().getName()): null

2019-08-24 12:51:16 - [TEST_STEP][PASSED] - M4_total_bonus_spins_int = M4_total_bonus_spins_int: null

2019-08-24 12:51:16 - [TEST_STEP][PASSED] - M4_total_bonus_spins = Integer.toString(M4_total_bonus_spins_int): null

2019-08-24 12:51:16 - [TEST_STEP][PASSED] - M4_total_bonus_spins = M4_total_bonus_spins: null

2019-08-24 12:51:16 - [TEST_STEP][PASSED] - println("M4_total_bonus_spins is:" + M4_total_bonus_spins): null

2019-08-24 12:51:16 - [TEST_STEP][PASSED] - M4_spin_bonus_data = bonus_data: null

2019-08-24 12:51:16 - [TEST_STEP][PASSED] - M4_spin_features_triggered = result_M4_spin: null

2019-08-24 12:51:16 - [TEST_STEP][PASSED] - wild = []: null

2019-08-24 12:51:16 - [TEST_STEP][PASSED] - wild[0] = "WILD_Expanding": null

2019-08-24 12:51:16 - [TEST_STEP][PASSED] - wild[1] = "WILD_Normal": null

2019-08-24 12:51:16 - [TEST_STEP][PASSED] - wild[2] = "WILD_Double": null

2019-08-24 12:51:16 - [TEST_STEP][PASSED] - wild[3] = "WILD_ExtraFG": null

2019-08-24 12:51:16 - [TEST_STEP][PASSED] - wild[4] = "WILD_Triple": null

2019-08-24 12:51:16 - [TEST_STEP][PASSED] - wildList = Arrays.asList(wild): null

2019-08-24 12:51:16 - [TEST_STEP][PASSED] - wildList = wildList: null

2019-08-24 12:51:16 - [TEST_STEP][PASSED] - free_spin_reel_counter = []: null

2019-08-24 12:51:16 - [TEST_STEP][PASSED] - free_spin_reel_counter[0] = 0: null

2019-08-24 12:51:16 - [TEST_STEP][PASSED] - free_spin_reel_counter[1] = 0: null

2019-08-24 12:51:16 - [TEST_STEP][PASSED] - free_spin_reel_counter[2] = 0: null

2019-08-24 12:51:16 - [TEST_STEP][PASSED] - M4_spin_reels = reels: null

2019-08-24 12:51:16 - [TEST_STEP][PASSED] - for ([i = 0, i &lt; M4_spin_reels.size(), (i++)]): null

2019-08-24 12:51:16 - [TEST_STEP][PASSED] - symbols = symbols: null

2019-08-24 12:51:16 - [TEST_STEP][PASSED] - for ([j = 0, j &lt; symbols.size(), (j++)]): null

2019-08-24 12:51:16 - [TEST_STEP][PASSED] - symbol = symbol: null

2019-08-24 12:51:16 - [TEST_STEP][PASSED] - println(symbol): null

2019-08-24 12:51:16 - [TEST_STEP][PASSED] - if (i == 2 &amp;&amp; wildList.indexOf(symbol) != -1): null

2019-08-24 12:51:16 - [TEST_STEP][PASSED] - if (i == 3 &amp;&amp; wildList.indexOf(symbol) != -1): null

2019-08-24 12:51:16 - [TEST_STEP][PASSED] - if (i == 4 &amp;&amp; wildList.indexOf(symbol) != -1): null

2019-08-24 12:51:16 - [TEST_STEP][PASSED] - symbol = symbol: null

2019-08-24 12:51:16 - [TEST_STEP][PASSED] - println(symbol): null

2019-08-24 12:51:16 - [TEST_STEP][PASSED] - if (i == 2 &amp;&amp; wildList.indexOf(symbol) != -1): null

2019-08-24 12:51:16 - [TEST_STEP][PASSED] - if (i == 3 &amp;&amp; wildList.indexOf(symbol) != -1): null

2019-08-24 12:51:16 - [TEST_STEP][PASSED] - if (i == 4 &amp;&amp; wildList.indexOf(symbol) != -1): null

2019-08-24 12:51:16 - [TEST_STEP][PASSED] - symbol = symbol: null

2019-08-24 12:51:16 - [TEST_STEP][PASSED] - println(symbol): null

2019-08-24 12:51:16 - [TEST_STEP][PASSED] - if (i == 2 &amp;&amp; wildList.indexOf(symbol) != -1): null

2019-08-24 12:51:16 - [TEST_STEP][PASSED] - if (i == 3 &amp;&amp; wildList.indexOf(symbol) != -1): null

2019-08-24 12:51:16 - [TEST_STEP][PASSED] - if (i == 4 &amp;&amp; wildList.indexOf(symbol) != -1): null

2019-08-24 12:51:16 - [TEST_STEP][PASSED] - symbols = symbols: null

2019-08-24 12:51:16 - [TEST_STEP][PASSED] - for ([j = 0, j &lt; symbols.size(), (j++)]): null

2019-08-24 12:51:16 - [TEST_STEP][PASSED] - symbol = symbol: null

2019-08-24 12:51:16 - [TEST_STEP][PASSED] - println(symbol): null

2019-08-24 12:51:16 - [TEST_STEP][PASSED] - if (i == 2 &amp;&amp; wildList.indexOf(symbol) != -1): null

2019-08-24 12:51:16 - [TEST_STEP][PASSED] - if (i == 3 &amp;&amp; wildList.indexOf(symbol) != -1): null

2019-08-24 12:51:16 - [TEST_STEP][PASSED] - if (i == 4 &amp;&amp; wildList.indexOf(symbol) != -1): null

2019-08-24 12:51:16 - [TEST_STEP][PASSED] - symbol = symbol: null

2019-08-24 12:51:16 - [TEST_STEP][PASSED] - println(symbol): null

2019-08-24 12:51:16 - [TEST_STEP][PASSED] - if (i == 2 &amp;&amp; wildList.indexOf(symbol) != -1): null

2019-08-24 12:51:16 - [TEST_STEP][PASSED] - if (i == 3 &amp;&amp; wildList.indexOf(symbol) != -1): null

2019-08-24 12:51:16 - [TEST_STEP][PASSED] - if (i == 4 &amp;&amp; wildList.indexOf(symbol) != -1): null

2019-08-24 12:51:16 - [TEST_STEP][PASSED] - symbol = symbol: null

2019-08-24 12:51:16 - [TEST_STEP][PASSED] - println(symbol): null

2019-08-24 12:51:16 - [TEST_STEP][PASSED] - if (i == 2 &amp;&amp; wildList.indexOf(symbol) != -1): null

2019-08-24 12:51:16 - [TEST_STEP][PASSED] - if (i == 3 &amp;&amp; wildList.indexOf(symbol) != -1): null

2019-08-24 12:51:16 - [TEST_STEP][PASSED] - if (i == 4 &amp;&amp; wildList.indexOf(symbol) != -1): null

2019-08-24 12:51:16 - [TEST_STEP][PASSED] - symbols = symbols: null

2019-08-24 12:51:16 - [TEST_STEP][PASSED] - for ([j = 0, j &lt; symbols.size(), (j++)]): null

2019-08-24 12:51:16 - [TEST_STEP][PASSED] - symbol = symbol: null

2019-08-24 12:51:16 - [TEST_STEP][PASSED] - println(symbol): null

2019-08-24 12:51:16 - [TEST_STEP][PASSED] - if (i == 2 &amp;&amp; wildList.indexOf(symbol) != -1): null

2019-08-24 12:51:16 - [TEST_STEP][PASSED] - if (i == 3 &amp;&amp; wildList.indexOf(symbol) != -1): null

2019-08-24 12:51:16 - [TEST_STEP][PASSED] - if (i == 4 &amp;&amp; wildList.indexOf(symbol) != -1): null

2019-08-24 12:51:16 - [TEST_STEP][PASSED] - symbol = symbol: null

2019-08-24 12:51:16 - [TEST_STEP][PASSED] - println(symbol): null

2019-08-24 12:51:16 - [TEST_STEP][PASSED] - if (i == 2 &amp;&amp; wildList.indexOf(symbol) != -1): null

2019-08-24 12:51:16 - [TEST_STEP][PASSED] - if (i == 3 &amp;&amp; wildList.indexOf(symbol) != -1): null

2019-08-24 12:51:16 - [TEST_STEP][PASSED] - if (i == 4 &amp;&amp; wildList.indexOf(symbol) != -1): null

2019-08-24 12:51:16 - [TEST_STEP][PASSED] - symbol = symbol: null

2019-08-24 12:51:16 - [TEST_STEP][PASSED] - println(symbol): null

2019-08-24 12:51:16 - [TEST_STEP][PASSED] - if (i == 2 &amp;&amp; wildList.indexOf(symbol) != -1): null

2019-08-24 12:51:16 - [TEST_STEP][PASSED] - if (i == 3 &amp;&amp; wildList.indexOf(symbol) != -1): null

2019-08-24 12:51:16 - [TEST_STEP][PASSED] - if (i == 4 &amp;&amp; wildList.indexOf(symbol) != -1): null

2019-08-24 12:51:16 - [TEST_STEP][PASSED] - symbols = symbols: null

2019-08-24 12:51:16 - [TEST_STEP][PASSED] - for ([j = 0, j &lt; symbols.size(), (j++)]): null

2019-08-24 12:51:16 - [TEST_STEP][PASSED] - symbol = symbol: null

2019-08-24 12:51:16 - [TEST_STEP][PASSED] - println(symbol): null

2019-08-24 12:51:16 - [TEST_STEP][PASSED] - if (i == 2 &amp;&amp; wildList.indexOf(symbol) != -1): null

2019-08-24 12:51:16 - [TEST_STEP][PASSED] - if (i == 3 &amp;&amp; wildList.indexOf(symbol) != -1): null

2019-08-24 12:51:16 - [TEST_STEP][PASSED] - println("wild found on reel 4, adding counter by 1"): null

2019-08-24 12:51:16 - [TEST_STEP][PASSED] - free_spin_reel_counter[1] = free_spin_reel_counter[1] + 1: null

2019-08-24 12:51:16 - [TEST_STEP][PASSED] - if (i == 4 &amp;&amp; wildList.indexOf(symbol) != -1): null

2019-08-24 12:51:16 - [TEST_STEP][PASSED] - symbol = symbol: null

2019-08-24 12:51:16 - [TEST_STEP][PASSED] - println(symbol): null

2019-08-24 12:51:16 - [TEST_STEP][PASSED] - if (i == 2 &amp;&amp; wildList.indexOf(symbol) != -1): null

2019-08-24 12:51:16 - [TEST_STEP][PASSED] - if (i == 3 &amp;&amp; wildList.indexOf(symbol) != -1): null

2019-08-24 12:51:16 - [TEST_STEP][PASSED] - if (i == 4 &amp;&amp; wildList.indexOf(symbol) != -1): null

2019-08-24 12:51:16 - [TEST_STEP][PASSED] - symbol = symbol: null

2019-08-24 12:51:16 - [TEST_STEP][PASSED] - println(symbol): null

2019-08-24 12:51:16 - [TEST_STEP][PASSED] - if (i == 2 &amp;&amp; wildList.indexOf(symbol) != -1): null

2019-08-24 12:51:16 - [TEST_STEP][PASSED] - if (i == 3 &amp;&amp; wildList.indexOf(symbol) != -1): null

2019-08-24 12:51:16 - [TEST_STEP][PASSED] - if (i == 4 &amp;&amp; wildList.indexOf(symbol) != -1): null

2019-08-24 12:51:16 - [TEST_STEP][PASSED] - symbols = symbols: null

2019-08-24 12:51:16 - [TEST_STEP][PASSED] - for ([j = 0, j &lt; symbols.size(), (j++)]): null

2019-08-24 12:51:16 - [TEST_STEP][PASSED] - symbol = symbol: null

2019-08-24 12:51:16 - [TEST_STEP][PASSED] - println(symbol): null

2019-08-24 12:51:16 - [TEST_STEP][PASSED] - if (i == 2 &amp;&amp; wildList.indexOf(symbol) != -1): null

2019-08-24 12:51:16 - [TEST_STEP][PASSED] - if (i == 3 &amp;&amp; wildList.indexOf(symbol) != -1): null

2019-08-24 12:51:16 - [TEST_STEP][PASSED] - if (i == 4 &amp;&amp; wildList.indexOf(symbol) != -1): null

2019-08-24 12:51:16 - [TEST_STEP][PASSED] - symbol = symbol: null

2019-08-24 12:51:16 - [TEST_STEP][PASSED] - println(symbol): null

2019-08-24 12:51:16 - [TEST_STEP][PASSED] - if (i == 2 &amp;&amp; wildList.indexOf(symbol) != -1): null

2019-08-24 12:51:16 - [TEST_STEP][PASSED] - if (i == 3 &amp;&amp; wildList.indexOf(symbol) != -1): null

2019-08-24 12:51:16 - [TEST_STEP][PASSED] - if (i == 4 &amp;&amp; wildList.indexOf(symbol) != -1): null

2019-08-24 12:51:16 - [TEST_STEP][PASSED] - symbol = symbol: null

2019-08-24 12:51:16 - [TEST_STEP][PASSED] - println(symbol): null

2019-08-24 12:51:16 - [TEST_STEP][PASSED] - if (i == 2 &amp;&amp; wildList.indexOf(symbol) != -1): null

2019-08-24 12:51:16 - [TEST_STEP][PASSED] - if (i == 3 &amp;&amp; wildList.indexOf(symbol) != -1): null

2019-08-24 12:51:16 - [TEST_STEP][PASSED] - if (i == 4 &amp;&amp; wildList.indexOf(symbol) != -1): null

2019-08-24 12:51:16 - [TEST_STEP][PASSED] - free_spin_reel_counter = free_spin_reel_counter: null

2019-08-24 12:51:16 - [TEST_STEP][PASSED] - println("reel 3 wild found: " + free_spin_reel_counter[0]): null

2019-08-24 12:51:16 - [TEST_STEP][PASSED] - println("reel 4 wild found: " + free_spin_reel_counter[1]): null

2019-08-24 12:51:16 - [TEST_STEP][PASSED] - println("reel 5 wild found: " + free_spin_reel_counter[2]): null

2019-08-24 12:51:16 - [TEST_STEP][PASSED] - M4_spin_reels = M4_spin_reels: null

2019-08-24 12:51:16 - [TEST_STEP][PASSED] - M4_spin_reels_symbols = symbol: null

2019-08-24 12:51:16 - [TEST_STEP][PASSED] - M4_spin_reels_symbols = M4_spin_reels_symbols: null

2019-08-24 12:51:16 - [TEST_STEP][PASSED] - M4_spin_reel_wins = reel_wins: null

2019-08-24 12:51:16 - [TEST_STEP][PASSED] - M4_spin_reel_wins = M4_spin_reel_wins: null

2019-08-24 12:51:16 - [TEST_STEP][PASSED] - println("GlobalVariable.M4_spin_reel_wins is: " + M4_spin_reel_wins): null

2019-08-24 12:51:16 - [TEST_STEP][PASSED] - M4_spin_total_bonus_win_this_round = total_bonus_win_this_round: null

2019-08-24 12:51:16 - [TEST_STEP][PASSED] - M4_spin_total_bonus_win_this_round = M4_spin_total_bonus_win_this_round: null

2019-08-24 12:51:16 - [TEST_STEP][PASSED] - println("GlobalVariable.M4_spin_total_bonus_win_this_round is: " + M4_spin_total_bonus_win_this_round): null

2019-08-24 12:51:16 - [TEST_STEP][PASSED] - M4_spin_bonus_spin_result = spin_result: null

2019-08-24 12:51:16 - [TEST_STEP][PASSED] - M4_spin_bonus_spin_result = M4_spin_bonus_spin_result: null

2019-08-24 12:51:16 - [MESSAGE][PASSED] - Verify response successfully

2019-08-24 12:51:16 - [MESSAGE][PASSED] - Send request and verify the response successfully

2019-08-24 12:51:16 - [TEST_STEP][PASSED] - if (M4_total_bonus_spins_int != 0 &amp;&amp; M4_spin_reels_symbols[2].contains("WILD_Double") || M4_spin_reels_symbols[4].contains("WILD_Triple")): null

2019-08-24 12:51:16 - [TEST_STEP][PASSED] - free_spin_reel_counter = free_spin_reel_counter: null

2019-08-24 12:51:16 - [TEST_STEP][PASSED] - M4_spin_reels_symbols = M4_spin_reels_symbols: null

2019-08-24 12:51:16 - [TEST_STEP][PASSED] - M4_total_bonus_spins = M4_total_bonus_spins: null

2019-08-24 12:51:16 - [TEST_STEP][PASSED] - spin_result = sendRequestAndVerify(findTestObject("INT/RGS(M4)/1_M4_spin", ["M4_login_user_id":M4_login_user_id, "rgs_session_token":rgs_session_token, "partner":Partner])): Send request and verify the response successfully

2019-08-24 12:51:16 - [MESSAGE][INFO] - HAR: /Users/eiralee/Katalon_Script/SuperWild/Reports/20190824_124242/INT/superWild_4/20190824_124242/requests/main/155.har

2019-08-24 12:51:16 - [TEST_CASE][PASSED] - Start Test Case : Verification: Verification accomplished successfully

2019-08-24 12:51:16 - [TEST_STEP][PASSED] - request = getInstance().getCurrentRequest(): null

2019-08-24 12:51:16 - [TEST_STEP][PASSED] - response = getInstance().getCurrentResponse(): null

2019-08-24 12:51:16 - [TEST_STEP][PASSED] - verifyResponseStatusCode(response, 200): Verify response status code successfully

2019-08-24 12:51:16 - [MESSAGE][PASSED] - Verify response status code successfully

2019-08-24 12:51:16 - [TEST_STEP][PASSED] - getStatusCode()).isEqualTo(200): null

2019-08-24 12:51:16 - [TEST_STEP][PASSED] - newline = System.getProperty("line.separator"): null

2019-08-24 12:51:16 - [TEST_STEP][PASSED] - M4_spin = new groovy.json.JsonSlurper(): null

2019-08-24 12:51:16 - [TEST_STEP][PASSED] - result_M4_spin = M4_spin.parseText(response.getResponseBodyContent()): null

2019-08-24 12:51:16 - [TEST_STEP][PASSED] - M4_spin_current_balance = current_balance: null

2019-08-24 12:51:16 - [TEST_STEP][PASSED] - M4_spin_current_balance = M4_spin_current_balance: null

2019-08-24 12:51:16 - [TEST_STEP][PASSED] - M4_spin_transaction_id = causality: null

2019-08-24 12:51:16 - [TEST_STEP][PASSED] - M4_spin_transaction_id = M4_spin_transaction_id: null

2019-08-24 12:51:16 - [TEST_STEP][PASSED] - M4_spin_round_id = round_id: null

2019-08-24 12:51:16 - [TEST_STEP][PASSED] - M4_spin_round_id = M4_spin_round_id: null

2019-08-24 12:51:16 - [TEST_STEP][PASSED] - M4_spin_line_wins = line_wins: null

2019-08-24 12:51:16 - [TEST_STEP][PASSED] - M4_spin_line_wins = M4_spin_line_wins: null

2019-08-24 12:51:16 - [TEST_STEP][PASSED] - M4_total_bonus_spins_int = total_bonus_spins: null

2019-08-24 12:51:16 - [TEST_STEP][PASSED] - println("******M4_total_bonus_spins type is:*******" + newline + getClass().getName()): null

2019-08-24 12:51:16 - [TEST_STEP][PASSED] - M4_total_bonus_spins_int = M4_total_bonus_spins_int: null

2019-08-24 12:51:16 - [TEST_STEP][PASSED] - M4_total_bonus_spins = Integer.toString(M4_total_bonus_spins_int): null

2019-08-24 12:51:16 - [TEST_STEP][PASSED] - M4_total_bonus_spins = M4_total_bonus_spins: null

2019-08-24 12:51:16 - [TEST_STEP][PASSED] - println("M4_total_bonus_spins is:" + M4_total_bonus_spins): null

2019-08-24 12:51:16 - [TEST_STEP][PASSED] - M4_spin_bonus_data = bonus_data: null

2019-08-24 12:51:16 - [TEST_STEP][PASSED] - M4_spin_features_triggered = result_M4_spin: null

2019-08-24 12:51:16 - [TEST_STEP][PASSED] - wild = []: null

2019-08-24 12:51:16 - [TEST_STEP][PASSED] - wild[0] = "WILD_Expanding": null

2019-08-24 12:51:16 - [TEST_STEP][PASSED] - wild[1] = "WILD_Normal": null

2019-08-24 12:51:16 - [TEST_STEP][PASSED] - wild[2] = "WILD_Double": null

2019-08-24 12:51:16 - [TEST_STEP][PASSED] - wild[3] = "WILD_ExtraFG": null

2019-08-24 12:51:16 - [TEST_STEP][PASSED] - wild[4] = "WILD_Triple": null

2019-08-24 12:51:16 - [TEST_STEP][PASSED] - wildList = Arrays.asList(wild): null

2019-08-24 12:51:16 - [TEST_STEP][PASSED] - wildList = wildList: null

2019-08-24 12:51:16 - [TEST_STEP][PASSED] - free_spin_reel_counter = []: null

2019-08-24 12:51:16 - [TEST_STEP][PASSED] - free_spin_reel_counter[0] = 0: null

2019-08-24 12:51:16 - [TEST_STEP][PASSED] - free_spin_reel_counter[1] = 0: null

2019-08-24 12:51:16 - [TEST_STEP][PASSED] - free_spin_reel_counter[2] = 0: null

2019-08-24 12:51:16 - [TEST_STEP][PASSED] - M4_spin_reels = reels: null

2019-08-24 12:51:16 - [TEST_STEP][PASSED] - for ([i = 0, i &lt; M4_spin_reels.size(), (i++)]): null

2019-08-24 12:51:16 - [TEST_STEP][PASSED] - symbols = symbols: null

2019-08-24 12:51:16 - [TEST_STEP][PASSED] - for ([j = 0, j &lt; symbols.size(), (j++)]): null

2019-08-24 12:51:16 - [TEST_STEP][PASSED] - symbol = symbol: null

2019-08-24 12:51:16 - [TEST_STEP][PASSED] - println(symbol): null

2019-08-24 12:51:16 - [TEST_STEP][PASSED] - if (i == 2 &amp;&amp; wildList.indexOf(symbol) != -1): null

2019-08-24 12:51:16 - [TEST_STEP][PASSED] - if (i == 3 &amp;&amp; wildList.indexOf(symbol) != -1): null

2019-08-24 12:51:16 - [TEST_STEP][PASSED] - if (i == 4 &amp;&amp; wildList.indexOf(symbol) != -1): null

2019-08-24 12:51:16 - [TEST_STEP][PASSED] - symbol = symbol: null

2019-08-24 12:51:16 - [TEST_STEP][PASSED] - println(symbol): null

2019-08-24 12:51:16 - [TEST_STEP][PASSED] - if (i == 2 &amp;&amp; wildList.indexOf(symbol) != -1): null

2019-08-24 12:51:16 - [TEST_STEP][PASSED] - if (i == 3 &amp;&amp; wildList.indexOf(symbol) != -1): null

2019-08-24 12:51:16 - [TEST_STEP][PASSED] - if (i == 4 &amp;&amp; wildList.indexOf(symbol) != -1): null

2019-08-24 12:51:16 - [TEST_STEP][PASSED] - symbol = symbol: null

2019-08-24 12:51:16 - [TEST_STEP][PASSED] - println(symbol): null

2019-08-24 12:51:16 - [TEST_STEP][PASSED] - if (i == 2 &amp;&amp; wildList.indexOf(symbol) != -1): null

2019-08-24 12:51:16 - [TEST_STEP][PASSED] - if (i == 3 &amp;&amp; wildList.indexOf(symbol) != -1): null

2019-08-24 12:51:16 - [TEST_STEP][PASSED] - if (i == 4 &amp;&amp; wildList.indexOf(symbol) != -1): null

2019-08-24 12:51:16 - [TEST_STEP][PASSED] - symbols = symbols: null

2019-08-24 12:51:16 - [TEST_STEP][PASSED] - for ([j = 0, j &lt; symbols.size(), (j++)]): null

2019-08-24 12:51:16 - [TEST_STEP][PASSED] - symbol = symbol: null

2019-08-24 12:51:16 - [TEST_STEP][PASSED] - println(symbol): null

2019-08-24 12:51:16 - [TEST_STEP][PASSED] - if (i == 2 &amp;&amp; wildList.indexOf(symbol) != -1): null

2019-08-24 12:51:16 - [TEST_STEP][PASSED] - if (i == 3 &amp;&amp; wildList.indexOf(symbol) != -1): null

2019-08-24 12:51:16 - [TEST_STEP][PASSED] - if (i == 4 &amp;&amp; wildList.indexOf(symbol) != -1): null

2019-08-24 12:51:16 - [TEST_STEP][PASSED] - symbol = symbol: null

2019-08-24 12:51:16 - [TEST_STEP][PASSED] - println(symbol): null

2019-08-24 12:51:16 - [TEST_STEP][PASSED] - if (i == 2 &amp;&amp; wildList.indexOf(symbol) != -1): null

2019-08-24 12:51:16 - [TEST_STEP][PASSED] - if (i == 3 &amp;&amp; wildList.indexOf(symbol) != -1): null

2019-08-24 12:51:16 - [TEST_STEP][PASSED] - if (i == 4 &amp;&amp; wildList.indexOf(symbol) != -1): null

2019-08-24 12:51:16 - [TEST_STEP][PASSED] - symbol = symbol: null

2019-08-24 12:51:16 - [TEST_STEP][PASSED] - println(symbol): null

2019-08-24 12:51:16 - [TEST_STEP][PASSED] - if (i == 2 &amp;&amp; wildList.indexOf(symbol) != -1): null

2019-08-24 12:51:16 - [TEST_STEP][PASSED] - if (i == 3 &amp;&amp; wildList.indexOf(symbol) != -1): null

2019-08-24 12:51:16 - [TEST_STEP][PASSED] - if (i == 4 &amp;&amp; wildList.indexOf(symbol) != -1): null

2019-08-24 12:51:16 - [TEST_STEP][PASSED] - symbols = symbols: null

2019-08-24 12:51:16 - [TEST_STEP][PASSED] - for ([j = 0, j &lt; symbols.size(), (j++)]): null

2019-08-24 12:51:16 - [TEST_STEP][PASSED] - symbol = symbol: null

2019-08-24 12:51:16 - [TEST_STEP][PASSED] - println(symbol): null

2019-08-24 12:51:16 - [TEST_STEP][PASSED] - if (i == 2 &amp;&amp; wildList.indexOf(symbol) != -1): null

2019-08-24 12:51:16 - [TEST_STEP][PASSED] - if (i == 3 &amp;&amp; wildList.indexOf(symbol) != -1): null

2019-08-24 12:51:16 - [TEST_STEP][PASSED] - if (i == 4 &amp;&amp; wildList.indexOf(symbol) != -1): null

2019-08-24 12:51:16 - [TEST_STEP][PASSED] - symbol = symbol: null

2019-08-24 12:51:16 - [TEST_STEP][PASSED] - println(symbol): null

2019-08-24 12:51:16 - [TEST_STEP][PASSED] - if (i == 2 &amp;&amp; wildList.indexOf(symbol) != -1): null

2019-08-24 12:51:16 - [TEST_STEP][PASSED] - if (i == 3 &amp;&amp; wildList.indexOf(symbol) != -1): null

2019-08-24 12:51:16 - [TEST_STEP][PASSED] - if (i == 4 &amp;&amp; wildList.indexOf(symbol) != -1): null

2019-08-24 12:51:16 - [TEST_STEP][PASSED] - symbol = symbol: null

2019-08-24 12:51:16 - [TEST_STEP][PASSED] - println(symbol): null

2019-08-24 12:51:16 - [TEST_STEP][PASSED] - if (i == 2 &amp;&amp; wildList.indexOf(symbol) != -1): null

2019-08-24 12:51:16 - [TEST_STEP][PASSED] - if (i == 3 &amp;&amp; wildList.indexOf(symbol) != -1): null

2019-08-24 12:51:16 - [TEST_STEP][PASSED] - if (i == 4 &amp;&amp; wildList.indexOf(symbol) != -1): null

2019-08-24 12:51:16 - [TEST_STEP][PASSED] - symbols = symbols: null

2019-08-24 12:51:16 - [TEST_STEP][PASSED] - for ([j = 0, j &lt; symbols.size(), (j++)]): null

2019-08-24 12:51:16 - [TEST_STEP][PASSED] - symbol = symbol: null

2019-08-24 12:51:16 - [TEST_STEP][PASSED] - println(symbol): null

2019-08-24 12:51:16 - [TEST_STEP][PASSED] - if (i == 2 &amp;&amp; wildList.indexOf(symbol) != -1): null

2019-08-24 12:51:16 - [TEST_STEP][PASSED] - if (i == 3 &amp;&amp; wildList.indexOf(symbol) != -1): null

2019-08-24 12:51:16 - [TEST_STEP][PASSED] - if (i == 4 &amp;&amp; wildList.indexOf(symbol) != -1): null

2019-08-24 12:51:16 - [TEST_STEP][PASSED] - symbol = symbol: null

2019-08-24 12:51:16 - [TEST_STEP][PASSED] - println(symbol): null

2019-08-24 12:51:16 - [TEST_STEP][PASSED] - if (i == 2 &amp;&amp; wildList.indexOf(symbol) != -1): null

2019-08-24 12:51:16 - [TEST_STEP][PASSED] - if (i == 3 &amp;&amp; wildList.indexOf(symbol) != -1): null

2019-08-24 12:51:16 - [TEST_STEP][PASSED] - if (i == 4 &amp;&amp; wildList.indexOf(symbol) != -1): null

2019-08-24 12:51:16 - [TEST_STEP][PASSED] - symbol = symbol: null

2019-08-24 12:51:16 - [TEST_STEP][PASSED] - println(symbol): null

2019-08-24 12:51:16 - [TEST_STEP][PASSED] - if (i == 2 &amp;&amp; wildList.indexOf(symbol) != -1): null

2019-08-24 12:51:16 - [TEST_STEP][PASSED] - if (i == 3 &amp;&amp; wildList.indexOf(symbol) != -1): null

2019-08-24 12:51:16 - [TEST_STEP][PASSED] - if (i == 4 &amp;&amp; wildList.indexOf(symbol) != -1): null

2019-08-24 12:51:16 - [TEST_STEP][PASSED] - symbols = symbols: null

2019-08-24 12:51:16 - [TEST_STEP][PASSED] - for ([j = 0, j &lt; symbols.size(), (j++)]): null

2019-08-24 12:51:16 - [TEST_STEP][PASSED] - symbol = symbol: null

2019-08-24 12:51:16 - [TEST_STEP][PASSED] - println(symbol): null

2019-08-24 12:51:16 - [TEST_STEP][PASSED] - if (i == 2 &amp;&amp; wildList.indexOf(symbol) != -1): null

2019-08-24 12:51:16 - [TEST_STEP][PASSED] - if (i == 3 &amp;&amp; wildList.indexOf(symbol) != -1): null

2019-08-24 12:51:16 - [TEST_STEP][PASSED] - if (i == 4 &amp;&amp; wildList.indexOf(symbol) != -1): null

2019-08-24 12:51:16 - [TEST_STEP][PASSED] - symbol = symbol: null

2019-08-24 12:51:16 - [TEST_STEP][PASSED] - println(symbol): null

2019-08-24 12:51:16 - [TEST_STEP][PASSED] - if (i == 2 &amp;&amp; wildList.indexOf(symbol) != -1): null

2019-08-24 12:51:16 - [TEST_STEP][PASSED] - if (i == 3 &amp;&amp; wildList.indexOf(symbol) != -1): null

2019-08-24 12:51:16 - [TEST_STEP][PASSED] - if (i == 4 &amp;&amp; wildList.indexOf(symbol) != -1): null

2019-08-24 12:51:16 - [TEST_STEP][PASSED] - symbol = symbol: null

2019-08-24 12:51:16 - [TEST_STEP][PASSED] - println(symbol): null

2019-08-24 12:51:16 - [TEST_STEP][PASSED] - if (i == 2 &amp;&amp; wildList.indexOf(symbol) != -1): null

2019-08-24 12:51:16 - [TEST_STEP][PASSED] - if (i == 3 &amp;&amp; wildList.indexOf(symbol) != -1): null

2019-08-24 12:51:16 - [TEST_STEP][PASSED] - if (i == 4 &amp;&amp; wildList.indexOf(symbol) != -1): null

2019-08-24 12:51:16 - [TEST_STEP][PASSED] - free_spin_reel_counter = free_spin_reel_counter: null

2019-08-24 12:51:16 - [TEST_STEP][PASSED] - println("reel 3 wild found: " + free_spin_reel_counter[0]): null

2019-08-24 12:51:16 - [TEST_STEP][PASSED] - println("reel 4 wild found: " + free_spin_reel_counter[1]): null

2019-08-24 12:51:16 - [TEST_STEP][PASSED] - println("reel 5 wild found: " + free_spin_reel_counter[2]): null

2019-08-24 12:51:16 - [TEST_STEP][PASSED] - M4_spin_reels = M4_spin_reels: null

2019-08-24 12:51:16 - [TEST_STEP][PASSED] - M4_spin_reels_symbols = symbol: null

2019-08-24 12:51:16 - [TEST_STEP][PASSED] - M4_spin_reels_symbols = M4_spin_reels_symbols: null

2019-08-24 12:51:16 - [TEST_STEP][PASSED] - M4_spin_reel_wins = reel_wins: null

2019-08-24 12:51:16 - [TEST_STEP][PASSED] - M4_spin_reel_wins = M4_spin_reel_wins: null

2019-08-24 12:51:16 - [TEST_STEP][PASSED] - println("GlobalVariable.M4_spin_reel_wins is: " + M4_spin_reel_wins): null

2019-08-24 12:51:16 - [TEST_STEP][PASSED] - M4_spin_total_bonus_win_this_round = total_bonus_win_this_round: null

2019-08-24 12:51:16 - [TEST_STEP][PASSED] - M4_spin_total_bonus_win_this_round = M4_spin_total_bonus_win_this_round: null

2019-08-24 12:51:16 - [TEST_STEP][PASSED] - println("GlobalVariable.M4_spin_total_bonus_win_this_round is: " + M4_spin_total_bonus_win_this_round): null

2019-08-24 12:51:16 - [TEST_STEP][PASSED] - M4_spin_bonus_spin_result = spin_result: null

2019-08-24 12:51:16 - [TEST_STEP][PASSED] - M4_spin_bonus_spin_result = M4_spin_bonus_spin_result: null

2019-08-24 12:51:16 - [MESSAGE][PASSED] - Verify response successfully

2019-08-24 12:51:16 - [MESSAGE][PASSED] - Send request and verify the response successfully

2019-08-24 12:51:16 - [TEST_STEP][PASSED] - if (M4_total_bonus_spins_int != 0 &amp;&amp; M4_spin_reels_symbols[2].contains("WILD_Double") || M4_spin_reels_symbols[4].contains("WILD_Triple")): null

2019-08-24 12:51:16 - [TEST_STEP][PASSED] - free_spin_reel_counter = free_spin_reel_counter: null

2019-08-24 12:51:16 - [TEST_STEP][PASSED] - M4_spin_reels_symbols = M4_spin_reels_symbols: null

2019-08-24 12:51:16 - [TEST_STEP][PASSED] - M4_total_bonus_spins = M4_total_bonus_spins: null

2019-08-24 12:51:16 - [TEST_STEP][PASSED] - spin_result = sendRequestAndVerify(findTestObject("INT/RGS(M4)/1_M4_spin", ["M4_login_user_id":M4_login_user_id, "rgs_session_token":rgs_session_token, "partner":Partner])): Send request and verify the response successfully

2019-08-24 12:51:17 - [MESSAGE][INFO] - HAR: /Users/eiralee/Katalon_Script/SuperWild/Reports/20190824_124242/INT/superWild_4/20190824_124242/requests/main/156.har

2019-08-24 12:51:17 - [TEST_CASE][PASSED] - Start Test Case : Verification: Verification accomplished successfully

2019-08-24 12:51:17 - [TEST_STEP][PASSED] - request = getInstance().getCurrentRequest(): null

2019-08-24 12:51:17 - [TEST_STEP][PASSED] - response = getInstance().getCurrentResponse(): null

2019-08-24 12:51:17 - [TEST_STEP][PASSED] - verifyResponseStatusCode(response, 200): Verify response status code successfully

2019-08-24 12:51:17 - [MESSAGE][PASSED] - Verify response status code successfully

2019-08-24 12:51:17 - [TEST_STEP][PASSED] - getStatusCode()).isEqualTo(200): null

2019-08-24 12:51:17 - [TEST_STEP][PASSED] - newline = System.getProperty("line.separator"): null

2019-08-24 12:51:17 - [TEST_STEP][PASSED] - M4_spin = new groovy.json.JsonSlurper(): null

2019-08-24 12:51:17 - [TEST_STEP][PASSED] - result_M4_spin = M4_spin.parseText(response.getResponseBodyContent()): null

2019-08-24 12:51:17 - [TEST_STEP][PASSED] - M4_spin_current_balance = current_balance: null

2019-08-24 12:51:17 - [TEST_STEP][PASSED] - M4_spin_current_balance = M4_spin_current_balance: null

2019-08-24 12:51:17 - [TEST_STEP][PASSED] - M4_spin_transaction_id = causality: null

2019-08-24 12:51:17 - [TEST_STEP][PASSED] - M4_spin_transaction_id = M4_spin_transaction_id: null

2019-08-24 12:51:17 - [TEST_STEP][PASSED] - M4_spin_round_id = round_id: null

2019-08-24 12:51:17 - [TEST_STEP][PASSED] - M4_spin_round_id = M4_spin_round_id: null

2019-08-24 12:51:17 - [TEST_STEP][PASSED] - M4_spin_line_wins = line_wins: null

2019-08-24 12:51:17 - [TEST_STEP][PASSED] - M4_spin_line_wins = M4_spin_line_wins: null

2019-08-24 12:51:17 - [TEST_STEP][PASSED] - M4_total_bonus_spins_int = total_bonus_spins: null

2019-08-24 12:51:17 - [TEST_STEP][PASSED] - println("******M4_total_bonus_spins type is:*******" + newline + getClass().getName()): null

2019-08-24 12:51:17 - [TEST_STEP][PASSED] - M4_total_bonus_spins_int = M4_total_bonus_spins_int: null

2019-08-24 12:51:17 - [TEST_STEP][PASSED] - M4_total_bonus_spins = Integer.toString(M4_total_bonus_spins_int): null

2019-08-24 12:51:17 - [TEST_STEP][PASSED] - M4_total_bonus_spins = M4_total_bonus_spins: null

2019-08-24 12:51:17 - [TEST_STEP][PASSED] - println("M4_total_bonus_spins is:" + M4_total_bonus_spins): null

2019-08-24 12:51:17 - [TEST_STEP][PASSED] - M4_spin_bonus_data = bonus_data: null

2019-08-24 12:51:17 - [TEST_STEP][PASSED] - M4_spin_features_triggered = result_M4_spin: null

2019-08-24 12:51:20 - [TEST_STEP][PASSED] - wild = []: null

2019-08-24 12:51:20 - [TEST_STEP][PASSED] - wild[0] = "WILD_Expanding": null

2019-08-24 12:51:20 - [TEST_STEP][PASSED] - wild[1] = "WILD_Normal": null

2019-08-24 12:51:20 - [TEST_STEP][PASSED] - wild[2] = "WILD_Double": null

2019-08-24 12:51:20 - [TEST_STEP][PASSED] - wild[3] = "WILD_ExtraFG": null

2019-08-24 12:51:20 - [TEST_STEP][PASSED] - wild[4] = "WILD_Triple": null

2019-08-24 12:51:20 - [TEST_STEP][PASSED] - wildList = Arrays.asList(wild): null

2019-08-24 12:51:20 - [TEST_STEP][PASSED] - wildList = wildList: null

2019-08-24 12:51:20 - [TEST_STEP][PASSED] - free_spin_reel_counter = []: null

2019-08-24 12:51:20 - [TEST_STEP][PASSED] - free_spin_reel_counter[0] = 0: null

2019-08-24 12:51:26 - [TEST_STEP][PASSED] - free_spin_reel_counter[1] = 0: null

2019-08-24 12:51:26 - [TEST_STEP][PASSED] - free_spin_reel_counter[2] = 0: null

2019-08-24 12:51:26 - [TEST_STEP][PASSED] - M4_spin_reels = reels: null

2019-08-24 12:51:26 - [TEST_STEP][PASSED] - for ([i = 0, i &lt; M4_spin_reels.size(), (i++)]): null

2019-08-24 12:51:26 - [TEST_STEP][PASSED] - symbols = symbols: null

2019-08-24 12:51:26 - [TEST_STEP][PASSED] - for ([j = 0, j &lt; symbols.size(), (j++)]): null

2019-08-24 12:51:26 - [TEST_STEP][PASSED] - symbol = symbol: null

2019-08-24 12:51:31 - [TEST_STEP][PASSED] - println(symbol): null

2019-08-24 12:51:31 - [TEST_STEP][PASSED] - if (i == 2 &amp;&amp; wildList.indexOf(symbol) != -1): null

2019-08-24 12:51:31 - [TEST_STEP][PASSED] - if (i == 3 &amp;&amp; wildList.indexOf(symbol) != -1): null

2019-08-24 12:51:31 - [TEST_STEP][PASSED] - if (i == 4 &amp;&amp; wildList.indexOf(symbol) != -1): null

2019-08-24 12:51:31 - [TEST_STEP][PASSED] - symbol = symbol: null

2019-08-24 12:51:31 - [TEST_STEP][PASSED] - println(symbol): null

2019-08-24 12:51:31 - [TEST_STEP][PASSED] - if (i == 2 &amp;&amp; wildList.indexOf(symbol) != -1): null

2019-08-24 12:51:31 - [TEST_STEP][PASSED] - if (i == 3 &amp;&amp; wildList.indexOf(symbol) != -1): null

2019-08-24 12:51:31 - [TEST_STEP][PASSED] - if (i == 4 &amp;&amp; wildList.indexOf(symbol) != -1): null

2019-08-24 12:51:31 - [TEST_STEP][PASSED] - symbol = symbol: null

2019-08-24 12:51:31 - [TEST_STEP][PASSED] - println(symbol): null

2019-08-24 12:51:31 - [TEST_STEP][PASSED] - if (i == 2 &amp;&amp; wildList.indexOf(symbol) != -1): null

2019-08-24 12:51:31 - [TEST_STEP][PASSED] - if (i == 3 &amp;&amp; wildList.indexOf(symbol) != -1): null

2019-08-24 12:51:31 - [TEST_STEP][PASSED] - if (i == 4 &amp;&amp; wildList.indexOf(symbol) != -1): null

2019-08-24 12:51:31 - [TEST_STEP][PASSED] - symbols = symbols: null

2019-08-24 12:51:31 - [TEST_STEP][PASSED] - for ([j = 0, j &lt; symbols.size(), (j++)]): null

2019-08-24 12:51:31 - [TEST_STEP][PASSED] - symbol = symbol: null

2019-08-24 12:51:31 - [TEST_STEP][PASSED] - println(symbol): null

2019-08-24 12:51:31 - [TEST_STEP][PASSED] - if (i == 2 &amp;&amp; wildList.indexOf(symbol) != -1): null

2019-08-24 12:51:31 - [TEST_STEP][PASSED] - if (i == 3 &amp;&amp; wildList.indexOf(symbol) != -1): null

2019-08-24 12:51:31 - [TEST_STEP][PASSED] - if (i == 4 &amp;&amp; wildList.indexOf(symbol) != -1): null

2019-08-24 12:51:31 - [TEST_STEP][PASSED] - symbol = symbol: null

2019-08-24 12:51:31 - [TEST_STEP][PASSED] - println(symbol): null

2019-08-24 12:51:31 - [TEST_STEP][PASSED] - if (i == 2 &amp;&amp; wildList.indexOf(symbol) != -1): null

2019-08-24 12:51:31 - [TEST_STEP][PASSED] - if (i == 3 &amp;&amp; wildList.indexOf(symbol) != -1): null

2019-08-24 12:51:31 - [TEST_STEP][PASSED] - if (i == 4 &amp;&amp; wildList.indexOf(symbol) != -1): null

2019-08-24 12:51:31 - [TEST_STEP][PASSED] - symbol = symbol: null

2019-08-24 12:51:31 - [TEST_STEP][PASSED] - println(symbol): null

2019-08-24 12:51:31 - [TEST_STEP][PASSED] - if (i == 2 &amp;&amp; wildList.indexOf(symbol) != -1): null

2019-08-24 12:51:31 - [TEST_STEP][PASSED] - if (i == 3 &amp;&amp; wildList.indexOf(symbol) != -1): null

2019-08-24 12:51:31 - [TEST_STEP][PASSED] - if (i == 4 &amp;&amp; wildList.indexOf(symbol) != -1): null

2019-08-24 12:51:31 - [TEST_STEP][PASSED] - symbols = symbols: null

2019-08-24 12:51:31 - [TEST_STEP][PASSED] - for ([j = 0, j &lt; symbols.size(), (j++)]): null

2019-08-24 12:51:31 - [TEST_STEP][PASSED] - symbol = symbol: null

2019-08-24 12:51:31 - [TEST_STEP][PASSED] - println(symbol): null

2019-08-24 12:51:31 - [TEST_STEP][PASSED] - if (i == 2 &amp;&amp; wildList.indexOf(symbol) != -1): null

2019-08-24 12:51:31 - [TEST_STEP][PASSED] - if (i == 3 &amp;&amp; wildList.indexOf(symbol) != -1): null

2019-08-24 12:51:31 - [TEST_STEP][PASSED] - if (i == 4 &amp;&amp; wildList.indexOf(symbol) != -1): null

2019-08-24 12:51:31 - [TEST_STEP][PASSED] - symbol = symbol: null

2019-08-24 12:51:31 - [TEST_STEP][PASSED] - println(symbol): null

2019-08-24 12:51:31 - [TEST_STEP][PASSED] - if (i == 2 &amp;&amp; wildList.indexOf(symbol) != -1): null

2019-08-24 12:51:31 - [TEST_STEP][PASSED] - println("wild found on reel 3, adding counter by 1"): null

2019-08-24 12:51:31 - [TEST_STEP][PASSED] - free_spin_reel_counter[0] = free_spin_reel_counter[0] + 1: null

2019-08-24 12:51:31 - [TEST_STEP][PASSED] - if (i == 3 &amp;&amp; wildList.indexOf(symbol) != -1): null

2019-08-24 12:51:31 - [TEST_STEP][PASSED] - if (i == 4 &amp;&amp; wildList.indexOf(symbol) != -1): null

2019-08-24 12:51:31 - [TEST_STEP][PASSED] - symbol = symbol: null

2019-08-24 12:51:31 - [TEST_STEP][PASSED] - println(symbol): null

2019-08-24 12:51:31 - [TEST_STEP][PASSED] - if (i == 2 &amp;&amp; wildList.indexOf(symbol) != -1): null

2019-08-24 12:51:31 - [TEST_STEP][PASSED] - if (i == 3 &amp;&amp; wildList.indexOf(symbol) != -1): null

2019-08-24 12:51:31 - [TEST_STEP][PASSED] - if (i == 4 &amp;&amp; wildList.indexOf(symbol) != -1): null

2019-08-24 12:51:31 - [TEST_STEP][PASSED] - symbols = symbols: null

2019-08-24 12:51:31 - [TEST_STEP][PASSED] - for ([j = 0, j &lt; symbols.size(), (j++)]): null

2019-08-24 12:51:31 - [TEST_STEP][PASSED] - symbol = symbol: null

2019-08-24 12:51:31 - [TEST_STEP][PASSED] - println(symbol): null

2019-08-24 12:51:31 - [TEST_STEP][PASSED] - if (i == 2 &amp;&amp; wildList.indexOf(symbol) != -1): null

2019-08-24 12:51:31 - [TEST_STEP][PASSED] - if (i == 3 &amp;&amp; wildList.indexOf(symbol) != -1): null

2019-08-24 12:51:31 - [TEST_STEP][PASSED] - if (i == 4 &amp;&amp; wildList.indexOf(symbol) != -1): null

2019-08-24 12:51:31 - [TEST_STEP][PASSED] - symbol = symbol: null

2019-08-24 12:51:31 - [TEST_STEP][PASSED] - println(symbol): null

2019-08-24 12:51:31 - [TEST_STEP][PASSED] - if (i == 2 &amp;&amp; wildList.indexOf(symbol) != -1): null

2019-08-24 12:51:31 - [TEST_STEP][PASSED] - if (i == 3 &amp;&amp; wildList.indexOf(symbol) != -1): null

2019-08-24 12:51:31 - [TEST_STEP][PASSED] - if (i == 4 &amp;&amp; wildList.indexOf(symbol) != -1): null

2019-08-24 12:51:31 - [TEST_STEP][PASSED] - symbol = symbol: null

2019-08-24 12:51:31 - [TEST_STEP][PASSED] - println(symbol): null

2019-08-24 12:51:31 - [TEST_STEP][PASSED] - if (i == 2 &amp;&amp; wildList.indexOf(symbol) != -1): null

2019-08-24 12:51:31 - [TEST_STEP][PASSED] - if (i == 3 &amp;&amp; wildList.indexOf(symbol) != -1): null

2019-08-24 12:51:31 - [TEST_STEP][PASSED] - println("wild found on reel 4, adding counter by 1"): null

2019-08-24 12:51:31 - [TEST_STEP][PASSED] - free_spin_reel_counter[1] = free_spin_reel_counter[1] + 1: null

2019-08-24 12:51:31 - [TEST_STEP][PASSED] - if (i == 4 &amp;&amp; wildList.indexOf(symbol) != -1): null

2019-08-24 12:51:31 - [TEST_STEP][PASSED] - symbols = symbols: null

2019-08-24 12:51:31 - [TEST_STEP][PASSED] - for ([j = 0, j &lt; symbols.size(), (j++)]): null

2019-08-24 12:51:31 - [TEST_STEP][PASSED] - symbol = symbol: null

2019-08-24 12:51:31 - [TEST_STEP][PASSED] - println(symbol): null

2019-08-24 12:51:31 - [TEST_STEP][PASSED] - if (i == 2 &amp;&amp; wildList.indexOf(symbol) != -1): null

2019-08-24 12:51:31 - [TEST_STEP][PASSED] - if (i == 3 &amp;&amp; wildList.indexOf(symbol) != -1): null

2019-08-24 12:51:31 - [TEST_STEP][PASSED] - if (i == 4 &amp;&amp; wildList.indexOf(symbol) != -1): null

2019-08-24 12:51:31 - [TEST_STEP][PASSED] - symbol = symbol: null

2019-08-24 12:51:31 - [TEST_STEP][PASSED] - println(symbol): null

2019-08-24 12:51:31 - [TEST_STEP][PASSED] - if (i == 2 &amp;&amp; wildList.indexOf(symbol) != -1): null

2019-08-24 12:51:31 - [TEST_STEP][PASSED] - if (i == 3 &amp;&amp; wildList.indexOf(symbol) != -1): null

2019-08-24 12:51:31 - [TEST_STEP][PASSED] - if (i == 4 &amp;&amp; wildList.indexOf(symbol) != -1): null

2019-08-24 12:51:31 - [TEST_STEP][PASSED] - symbol = symbol: null

2019-08-24 12:51:31 - [TEST_STEP][PASSED] - println(symbol): null

2019-08-24 12:51:31 - [TEST_STEP][PASSED] - if (i == 2 &amp;&amp; wildList.indexOf(symbol) != -1): null

2019-08-24 12:51:31 - [TEST_STEP][PASSED] - if (i == 3 &amp;&amp; wildList.indexOf(symbol) != -1): null

2019-08-24 12:51:31 - [TEST_STEP][PASSED] - if (i == 4 &amp;&amp; wildList.indexOf(symbol) != -1): null

2019-08-24 12:51:31 - [TEST_STEP][PASSED] - free_spin_reel_counter = free_spin_reel_counter: null

2019-08-24 12:51:31 - [TEST_STEP][PASSED] - println("reel 3 wild found: " + free_spin_reel_counter[0]): null

2019-08-24 12:51:31 - [TEST_STEP][PASSED] - println("reel 4 wild found: " + free_spin_reel_counter[1]): null

2019-08-24 12:51:31 - [TEST_STEP][PASSED] - println("reel 5 wild found: " + free_spin_reel_counter[2]): null

2019-08-24 12:51:31 - [TEST_STEP][PASSED] - M4_spin_reels = M4_spin_reels: null

2019-08-24 12:51:31 - [TEST_STEP][PASSED] - M4_spin_reels_symbols = symbol: null

2019-08-24 12:51:31 - [TEST_STEP][PASSED] - M4_spin_reels_symbols = M4_spin_reels_symbols: null

2019-08-24 12:51:31 - [TEST_STEP][PASSED] - M4_spin_reel_wins = reel_wins: null

2019-08-24 12:51:31 - [TEST_STEP][PASSED] - M4_spin_reel_wins = M4_spin_reel_wins: null

2019-08-24 12:51:31 - [TEST_STEP][PASSED] - println("GlobalVariable.M4_spin_reel_wins is: " + M4_spin_reel_wins): null

2019-08-24 12:51:31 - [TEST_STEP][PASSED] - M4_spin_total_bonus_win_this_round = total_bonus_win_this_round: null

2019-08-24 12:51:31 - [TEST_STEP][PASSED] - M4_spin_total_bonus_win_this_round = M4_spin_total_bonus_win_this_round: null

2019-08-24 12:51:31 - [TEST_STEP][PASSED] - println("GlobalVariable.M4_spin_total_bonus_win_this_round is: " + M4_spin_total_bonus_win_this_round): null

2019-08-24 12:51:31 - [TEST_STEP][PASSED] - M4_spin_bonus_spin_result = spin_result: null

2019-08-24 12:51:31 - [TEST_STEP][PASSED] - M4_spin_bonus_spin_result = M4_spin_bonus_spin_result: null

2019-08-24 12:51:31 - [MESSAGE][PASSED] - Verify response successfully

2019-08-24 12:51:31 - [MESSAGE][PASSED] - Send request and verify the response successfully

2019-08-24 12:51:31 - [TEST_STEP][PASSED] - if (M4_total_bonus_spins_int != 0 &amp;&amp; M4_spin_reels_symbols[2].contains("WILD_Double") || M4_spin_reels_symbols[4].contains("WILD_Triple")): null

2019-08-24 12:51:31 - [TEST_STEP][PASSED] - free_spin_reel_counter = free_spin_reel_counter: null

2019-08-24 12:51:31 - [TEST_STEP][PASSED] - M4_spin_reels_symbols = M4_spin_reels_symbols: null

2019-08-24 12:51:31 - [TEST_STEP][PASSED] - M4_total_bonus_spins = M4_total_bonus_spins: null

2019-08-24 12:51:31 - [TEST_STEP][PASSED] - spin_result = sendRequestAndVerify(findTestObject("INT/RGS(M4)/1_M4_spin", ["M4_login_user_id":M4_login_user_id, "rgs_session_token":rgs_session_token, "partner":Partner])): Send request and verify the response successfully

2019-08-24 12:51:31 - [MESSAGE][INFO] - HAR: /Users/eiralee/Katalon_Script/SuperWild/Reports/20190824_124242/INT/superWild_4/20190824_124242/requests/main/157.har

2019-08-24 12:51:31 - [TEST_CASE][PASSED] - Start Test Case : Verification: Verification accomplished successfully

2019-08-24 12:51:31 - [TEST_STEP][PASSED] - request = getInstance().getCurrentRequest(): null

2019-08-24 12:51:31 - [TEST_STEP][PASSED] - response = getInstance().getCurrentResponse(): null

2019-08-24 12:51:31 - [TEST_STEP][PASSED] - verifyResponseStatusCode(response, 200): Verify response status code successfully

2019-08-24 12:51:31 - [MESSAGE][PASSED] - Verify response status code successfully

2019-08-24 12:51:31 - [TEST_STEP][PASSED] - getStatusCode()).isEqualTo(200): null

2019-08-24 12:51:31 - [TEST_STEP][PASSED] - newline = System.getProperty("line.separator"): null

2019-08-24 12:51:31 - [TEST_STEP][PASSED] - M4_spin = new groovy.json.JsonSlurper(): null

2019-08-24 12:51:31 - [TEST_STEP][PASSED] - result_M4_spin = M4_spin.parseText(response.getResponseBodyContent()): null

2019-08-24 12:51:31 - [TEST_STEP][PASSED] - M4_spin_current_balance = current_balance: null

2019-08-24 12:51:31 - [TEST_STEP][PASSED] - M4_spin_current_balance = M4_spin_current_balance: null

2019-08-24 12:51:31 - [TEST_STEP][PASSED] - M4_spin_transaction_id = causality: null

2019-08-24 12:51:31 - [TEST_STEP][PASSED] - M4_spin_transaction_id = M4_spin_transaction_id: null

2019-08-24 12:51:31 - [TEST_STEP][PASSED] - M4_spin_round_id = round_id: null

2019-08-24 12:51:31 - [TEST_STEP][PASSED] - M4_spin_round_id = M4_spin_round_id: null

2019-08-24 12:51:31 - [TEST_STEP][PASSED] - M4_spin_line_wins = line_wins: null

2019-08-24 12:51:31 - [TEST_STEP][PASSED] - M4_spin_line_wins = M4_spin_line_wins: null

2019-08-24 12:51:31 - [TEST_STEP][PASSED] - M4_total_bonus_spins_int = total_bonus_spins: null

2019-08-24 12:51:31 - [TEST_STEP][PASSED] - println("******M4_total_bonus_spins type is:*******" + newline + getClass().getName()): null

2019-08-24 12:51:31 - [TEST_STEP][PASSED] - M4_total_bonus_spins_int = M4_total_bonus_spins_int: null

2019-08-24 12:51:31 - [TEST_STEP][PASSED] - M4_total_bonus_spins = Integer.toString(M4_total_bonus_spins_int): null

2019-08-24 12:51:31 - [TEST_STEP][PASSED] - M4_total_bonus_spins = M4_total_bonus_spins: null

2019-08-24 12:51:31 - [TEST_STEP][PASSED] - println("M4_total_bonus_spins is:" + M4_total_bonus_spins): null

2019-08-24 12:51:31 - [TEST_STEP][PASSED] - M4_spin_bonus_data = bonus_data: null

2019-08-24 12:51:31 - [TEST_STEP][PASSED] - M4_spin_features_triggered = result_M4_spin: null

2019-08-24 12:51:31 - [TEST_STEP][PASSED] - wild = []: null

2019-08-24 12:51:31 - [TEST_STEP][PASSED] - wild[0] = "WILD_Expanding": null

2019-08-24 12:51:31 - [TEST_STEP][PASSED] - wild[1] = "WILD_Normal": null

2019-08-24 12:51:31 - [TEST_STEP][PASSED] - wild[2] = "WILD_Double": null

2019-08-24 12:51:31 - [TEST_STEP][PASSED] - wild[3] = "WILD_ExtraFG": null

2019-08-24 12:51:31 - [TEST_STEP][PASSED] - wild[4] = "WILD_Triple": null

2019-08-24 12:51:31 - [TEST_STEP][PASSED] - wildList = Arrays.asList(wild): null

2019-08-24 12:51:31 - [TEST_STEP][PASSED] - wildList = wildList: null

2019-08-24 12:51:31 - [TEST_STEP][PASSED] - free_spin_reel_counter = []: null

2019-08-24 12:51:31 - [TEST_STEP][PASSED] - free_spin_reel_counter[0] = 0: null

2019-08-24 12:51:31 - [TEST_STEP][PASSED] - free_spin_reel_counter[1] = 0: null

2019-08-24 12:51:31 - [TEST_STEP][PASSED] - free_spin_reel_counter[2] = 0: null

2019-08-24 12:51:31 - [TEST_STEP][PASSED] - M4_spin_reels = reels: null

2019-08-24 12:51:31 - [TEST_STEP][PASSED] - for ([i = 0, i &lt; M4_spin_reels.size(), (i++)]): null

2019-08-24 12:51:31 - [TEST_STEP][PASSED] - symbols = symbols: null

2019-08-24 12:51:31 - [TEST_STEP][PASSED] - for ([j = 0, j &lt; symbols.size(), (j++)]): null

2019-08-24 12:51:31 - [TEST_STEP][PASSED] - symbol = symbol: null

2019-08-24 12:51:31 - [TEST_STEP][PASSED] - println(symbol): null

2019-08-24 12:51:31 - [TEST_STEP][PASSED] - if (i == 2 &amp;&amp; wildList.indexOf(symbol) != -1): null

2019-08-24 12:51:31 - [TEST_STEP][PASSED] - if (i == 3 &amp;&amp; wildList.indexOf(symbol) != -1): null

2019-08-24 12:51:31 - [TEST_STEP][PASSED] - if (i == 4 &amp;&amp; wildList.indexOf(symbol) != -1): null

2019-08-24 12:51:31 - [TEST_STEP][PASSED] - symbol = symbol: null

2019-08-24 12:51:31 - [TEST_STEP][PASSED] - println(symbol): null

2019-08-24 12:51:31 - [TEST_STEP][PASSED] - if (i == 2 &amp;&amp; wildList.indexOf(symbol) != -1): null

2019-08-24 12:51:31 - [TEST_STEP][PASSED] - if (i == 3 &amp;&amp; wildList.indexOf(symbol) != -1): null

2019-08-24 12:51:31 - [TEST_STEP][PASSED] - if (i == 4 &amp;&amp; wildList.indexOf(symbol) != -1): null

2019-08-24 12:51:31 - [TEST_STEP][PASSED] - symbol = symbol: null

2019-08-24 12:51:31 - [TEST_STEP][PASSED] - println(symbol): null

2019-08-24 12:51:31 - [TEST_STEP][PASSED] - if (i == 2 &amp;&amp; wildList.indexOf(symbol) != -1): null

2019-08-24 12:51:31 - [TEST_STEP][PASSED] - if (i == 3 &amp;&amp; wildList.indexOf(symbol) != -1): null

2019-08-24 12:51:31 - [TEST_STEP][PASSED] - if (i == 4 &amp;&amp; wildList.indexOf(symbol) != -1): null

2019-08-24 12:51:31 - [TEST_STEP][PASSED] - symbols = symbols: null

2019-08-24 12:51:31 - [TEST_STEP][PASSED] - for ([j = 0, j &lt; symbols.size(), (j++)]): null

2019-08-24 12:51:31 - [TEST_STEP][PASSED] - symbol = symbol: null

2019-08-24 12:51:31 - [TEST_STEP][PASSED] - println(symbol): null

2019-08-24 12:51:31 - [TEST_STEP][PASSED] - if (i == 2 &amp;&amp; wildList.indexOf(symbol) != -1): null

2019-08-24 12:51:31 - [TEST_STEP][PASSED] - if (i == 3 &amp;&amp; wildList.indexOf(symbol) != -1): null

2019-08-24 12:51:31 - [TEST_STEP][PASSED] - if (i == 4 &amp;&amp; wildList.indexOf(symbol) != -1): null

2019-08-24 12:51:31 - [TEST_STEP][PASSED] - symbol = symbol: null

2019-08-24 12:51:31 - [TEST_STEP][PASSED] - println(symbol): null

2019-08-24 12:51:31 - [TEST_STEP][PASSED] - if (i == 2 &amp;&amp; wildList.indexOf(symbol) != -1): null

2019-08-24 12:51:31 - [TEST_STEP][PASSED] - if (i == 3 &amp;&amp; wildList.indexOf(symbol) != -1): null

2019-08-24 12:51:31 - [TEST_STEP][PASSED] - if (i == 4 &amp;&amp; wildList.indexOf(symbol) != -1): null

2019-08-24 12:51:31 - [TEST_STEP][PASSED] - symbol = symbol: null

2019-08-24 12:51:31 - [TEST_STEP][PASSED] - println(symbol): null

2019-08-24 12:51:31 - [TEST_STEP][PASSED] - if (i == 2 &amp;&amp; wildList.indexOf(symbol) != -1): null

2019-08-24 12:51:31 - [TEST_STEP][PASSED] - if (i == 3 &amp;&amp; wildList.indexOf(symbol) != -1): null

2019-08-24 12:51:31 - [TEST_STEP][PASSED] - if (i == 4 &amp;&amp; wildList.indexOf(symbol) != -1): null

2019-08-24 12:51:31 - [TEST_STEP][PASSED] - symbols = symbols: null

2019-08-24 12:51:31 - [TEST_STEP][PASSED] - for ([j = 0, j &lt; symbols.size(), (j++)]): null

2019-08-24 12:51:31 - [TEST_STEP][PASSED] - symbol = symbol: null

2019-08-24 12:51:31 - [TEST_STEP][PASSED] - println(symbol): null

2019-08-24 12:51:31 - [TEST_STEP][PASSED] - if (i == 2 &amp;&amp; wildList.indexOf(symbol) != -1): null

2019-08-24 12:51:31 - [TEST_STEP][PASSED] - if (i == 3 &amp;&amp; wildList.indexOf(symbol) != -1): null

2019-08-24 12:51:31 - [TEST_STEP][PASSED] - if (i == 4 &amp;&amp; wildList.indexOf(symbol) != -1): null

2019-08-24 12:51:31 - [TEST_STEP][PASSED] - symbol = symbol: null

2019-08-24 12:51:31 - [TEST_STEP][PASSED] - println(symbol): null

2019-08-24 12:51:31 - [TEST_STEP][PASSED] - if (i == 2 &amp;&amp; wildList.indexOf(symbol) != -1): null

2019-08-24 12:51:31 - [TEST_STEP][PASSED] - println("wild found on reel 3, adding counter by 1"): null

2019-08-24 12:51:31 - [TEST_STEP][PASSED] - free_spin_reel_counter[0] = free_spin_reel_counter[0] + 1: null

2019-08-24 12:51:31 - [TEST_STEP][PASSED] - if (i == 3 &amp;&amp; wildList.indexOf(symbol) != -1): null

2019-08-24 12:51:31 - [TEST_STEP][PASSED] - if (i == 4 &amp;&amp; wildList.indexOf(symbol) != -1): null

2019-08-24 12:51:31 - [TEST_STEP][PASSED] - symbol = symbol: null

2019-08-24 12:51:31 - [TEST_STEP][PASSED] - println(symbol): null

2019-08-24 12:51:31 - [TEST_STEP][PASSED] - if (i == 2 &amp;&amp; wildList.indexOf(symbol) != -1): null

2019-08-24 12:51:31 - [TEST_STEP][PASSED] - if (i == 3 &amp;&amp; wildList.indexOf(symbol) != -1): null

2019-08-24 12:51:31 - [TEST_STEP][PASSED] - if (i == 4 &amp;&amp; wildList.indexOf(symbol) != -1): null

2019-08-24 12:51:31 - [TEST_STEP][PASSED] - symbols = symbols: null

2019-08-24 12:51:31 - [TEST_STEP][PASSED] - for ([j = 0, j &lt; symbols.size(), (j++)]): null

2019-08-24 12:51:31 - [TEST_STEP][PASSED] - symbol = symbol: null

2019-08-24 12:51:31 - [TEST_STEP][PASSED] - println(symbol): null

2019-08-24 12:51:31 - [TEST_STEP][PASSED] - if (i == 2 &amp;&amp; wildList.indexOf(symbol) != -1): null

2019-08-24 12:51:31 - [TEST_STEP][PASSED] - if (i == 3 &amp;&amp; wildList.indexOf(symbol) != -1): null

2019-08-24 12:51:31 - [TEST_STEP][PASSED] - if (i == 4 &amp;&amp; wildList.indexOf(symbol) != -1): null

2019-08-24 12:51:31 - [TEST_STEP][PASSED] - symbol = symbol: null

2019-08-24 12:51:31 - [TEST_STEP][PASSED] - println(symbol): null

2019-08-24 12:51:31 - [TEST_STEP][PASSED] - if (i == 2 &amp;&amp; wildList.indexOf(symbol) != -1): null

2019-08-24 12:51:31 - [TEST_STEP][PASSED] - if (i == 3 &amp;&amp; wildList.indexOf(symbol) != -1): null

2019-08-24 12:51:31 - [TEST_STEP][PASSED] - if (i == 4 &amp;&amp; wildList.indexOf(symbol) != -1): null

2019-08-24 12:51:31 - [TEST_STEP][PASSED] - symbol = symbol: null

2019-08-24 12:51:31 - [TEST_STEP][PASSED] - println(symbol): null

2019-08-24 12:51:31 - [TEST_STEP][PASSED] - if (i == 2 &amp;&amp; wildList.indexOf(symbol) != -1): null

2019-08-24 12:51:31 - [TEST_STEP][PASSED] - if (i == 3 &amp;&amp; wildList.indexOf(symbol) != -1): null

2019-08-24 12:51:31 - [TEST_STEP][PASSED] - if (i == 4 &amp;&amp; wildList.indexOf(symbol) != -1): null

2019-08-24 12:51:31 - [TEST_STEP][PASSED] - symbols = symbols: null

2019-08-24 12:51:31 - [TEST_STEP][PASSED] - for ([j = 0, j &lt; symbols.size(), (j++)]): null

2019-08-24 12:51:31 - [TEST_STEP][PASSED] - symbol = symbol: null

2019-08-24 12:51:31 - [TEST_STEP][PASSED] - println(symbol): null

2019-08-24 12:51:31 - [TEST_STEP][PASSED] - if (i == 2 &amp;&amp; wildList.indexOf(symbol) != -1): null

2019-08-24 12:51:31 - [TEST_STEP][PASSED] - if (i == 3 &amp;&amp; wildList.indexOf(symbol) != -1): null

2019-08-24 12:51:31 - [TEST_STEP][PASSED] - if (i == 4 &amp;&amp; wildList.indexOf(symbol) != -1): null

2019-08-24 12:51:31 - [TEST_STEP][PASSED] - symbol = symbol: null

2019-08-24 12:51:31 - [TEST_STEP][PASSED] - println(symbol): null

2019-08-24 12:51:31 - [TEST_STEP][PASSED] - if (i == 2 &amp;&amp; wildList.indexOf(symbol) != -1): null

2019-08-24 12:51:31 - [TEST_STEP][PASSED] - if (i == 3 &amp;&amp; wildList.indexOf(symbol) != -1): null

2019-08-24 12:51:31 - [TEST_STEP][PASSED] - if (i == 4 &amp;&amp; wildList.indexOf(symbol) != -1): null

2019-08-24 12:51:31 - [TEST_STEP][PASSED] - symbol = symbol: null

2019-08-24 12:51:31 - [TEST_STEP][PASSED] - println(symbol): null

2019-08-24 12:51:31 - [TEST_STEP][PASSED] - if (i == 2 &amp;&amp; wildList.indexOf(symbol) != -1): null

2019-08-24 12:51:31 - [TEST_STEP][PASSED] - if (i == 3 &amp;&amp; wildList.indexOf(symbol) != -1): null

2019-08-24 12:51:31 - [TEST_STEP][PASSED] - if (i == 4 &amp;&amp; wildList.indexOf(symbol) != -1): null

2019-08-24 12:51:31 - [TEST_STEP][PASSED] - free_spin_reel_counter = free_spin_reel_counter: null

2019-08-24 12:51:31 - [TEST_STEP][PASSED] - println("reel 3 wild found: " + free_spin_reel_counter[0]): null

2019-08-24 12:51:31 - [TEST_STEP][PASSED] - println("reel 4 wild found: " + free_spin_reel_counter[1]): null

2019-08-24 12:51:31 - [TEST_STEP][PASSED] - println("reel 5 wild found: " + free_spin_reel_counter[2]): null

2019-08-24 12:51:31 - [TEST_STEP][PASSED] - M4_spin_reels = M4_spin_reels: null

2019-08-24 12:51:31 - [TEST_STEP][PASSED] - M4_spin_reels_symbols = symbol: null

2019-08-24 12:51:31 - [TEST_STEP][PASSED] - M4_spin_reels_symbols = M4_spin_reels_symbols: null

2019-08-24 12:51:31 - [TEST_STEP][PASSED] - M4_spin_reel_wins = reel_wins: null

2019-08-24 12:51:31 - [TEST_STEP][PASSED] - M4_spin_reel_wins = M4_spin_reel_wins: null

2019-08-24 12:51:31 - [TEST_STEP][PASSED] - println("GlobalVariable.M4_spin_reel_wins is: " + M4_spin_reel_wins): null

2019-08-24 12:51:31 - [TEST_STEP][PASSED] - M4_spin_total_bonus_win_this_round = total_bonus_win_this_round: null

2019-08-24 12:51:31 - [TEST_STEP][PASSED] - M4_spin_total_bonus_win_this_round = M4_spin_total_bonus_win_this_round: null

2019-08-24 12:51:31 - [TEST_STEP][PASSED] - println("GlobalVariable.M4_spin_total_bonus_win_this_round is: " + M4_spin_total_bonus_win_this_round): null

2019-08-24 12:51:31 - [TEST_STEP][PASSED] - M4_spin_bonus_spin_result = spin_result: null

2019-08-24 12:51:31 - [TEST_STEP][PASSED] - M4_spin_bonus_spin_result = M4_spin_bonus_spin_result: null

2019-08-24 12:51:31 - [MESSAGE][PASSED] - Verify response successfully

2019-08-24 12:51:31 - [MESSAGE][PASSED] - Send request and verify the response successfully

2019-08-24 12:51:31 - [TEST_STEP][PASSED] - if (M4_total_bonus_spins_int != 0 &amp;&amp; M4_spin_reels_symbols[2].contains("WILD_Double") || M4_spin_reels_symbols[4].contains("WILD_Triple")): null

2019-08-24 12:51:31 - [TEST_STEP][PASSED] - free_spin_reel_counter = free_spin_reel_counter: null

2019-08-24 12:51:31 - [TEST_STEP][PASSED] - M4_spin_reels_symbols = M4_spin_reels_symbols: null

2019-08-24 12:51:31 - [TEST_STEP][PASSED] - M4_total_bonus_spins = M4_total_bonus_spins: null

2019-08-24 12:51:31 - [TEST_STEP][PASSED] - spin_result = sendRequestAndVerify(findTestObject("INT/RGS(M4)/1_M4_spin", ["M4_login_user_id":M4_login_user_id, "rgs_session_token":rgs_session_token, "partner":Partner])): Send request and verify the response successfully

2019-08-24 12:51:32 - [MESSAGE][INFO] - HAR: /Users/eiralee/Katalon_Script/SuperWild/Reports/20190824_124242/INT/superWild_4/20190824_124242/requests/main/158.har

2019-08-24 12:51:32 - [TEST_CASE][PASSED] - Start Test Case : Verification: Verification accomplished successfully

2019-08-24 12:51:32 - [TEST_STEP][PASSED] - request = getInstance().getCurrentRequest(): null

2019-08-24 12:51:32 - [TEST_STEP][PASSED] - response = getInstance().getCurrentResponse(): null

2019-08-24 12:51:32 - [TEST_STEP][PASSED] - verifyResponseStatusCode(response, 200): Verify response status code successfully

2019-08-24 12:51:32 - [MESSAGE][PASSED] - Verify response status code successfully

2019-08-24 12:51:32 - [TEST_STEP][PASSED] - getStatusCode()).isEqualTo(200): null

2019-08-24 12:51:32 - [TEST_STEP][PASSED] - newline = System.getProperty("line.separator"): null

2019-08-24 12:51:32 - [TEST_STEP][PASSED] - M4_spin = new groovy.json.JsonSlurper(): null

2019-08-24 12:51:32 - [TEST_STEP][PASSED] - result_M4_spin = M4_spin.parseText(response.getResponseBodyContent()): null

2019-08-24 12:51:32 - [TEST_STEP][PASSED] - M4_spin_current_balance = current_balance: null

2019-08-24 12:51:32 - [TEST_STEP][PASSED] - M4_spin_current_balance = M4_spin_current_balance: null

2019-08-24 12:51:32 - [TEST_STEP][PASSED] - M4_spin_transaction_id = causality: null

2019-08-24 12:51:32 - [TEST_STEP][PASSED] - M4_spin_transaction_id = M4_spin_transaction_id: null

2019-08-24 12:51:32 - [TEST_STEP][PASSED] - M4_spin_round_id = round_id: null

2019-08-24 12:51:32 - [TEST_STEP][PASSED] - M4_spin_round_id = M4_spin_round_id: null

2019-08-24 12:51:32 - [TEST_STEP][PASSED] - M4_spin_line_wins = line_wins: null

2019-08-24 12:51:32 - [TEST_STEP][PASSED] - M4_spin_line_wins = M4_spin_line_wins: null

2019-08-24 12:51:32 - [TEST_STEP][PASSED] - M4_total_bonus_spins_int = total_bonus_spins: null

2019-08-24 12:51:32 - [TEST_STEP][PASSED] - println("******M4_total_bonus_spins type is:*******" + newline + getClass().getName()): null

2019-08-24 12:51:32 - [TEST_STEP][PASSED] - M4_total_bonus_spins_int = M4_total_bonus_spins_int: null

2019-08-24 12:51:32 - [TEST_STEP][PASSED] - M4_total_bonus_spins = Integer.toString(M4_total_bonus_spins_int): null

2019-08-24 12:51:32 - [TEST_STEP][PASSED] - M4_total_bonus_spins = M4_total_bonus_spins: null

2019-08-24 12:51:32 - [TEST_STEP][PASSED] - println("M4_total_bonus_spins is:" + M4_total_bonus_spins): null

2019-08-24 12:51:32 - [TEST_STEP][PASSED] - M4_spin_bonus_data = bonus_data: null

2019-08-24 12:51:32 - [TEST_STEP][PASSED] - M4_spin_features_triggered = result_M4_spin: null

2019-08-24 12:51:32 - [TEST_STEP][PASSED] - wild = []: null

2019-08-24 12:51:32 - [TEST_STEP][PASSED] - wild[0] = "WILD_Expanding": null

2019-08-24 12:51:32 - [TEST_STEP][PASSED] - wild[1] = "WILD_Normal": null

2019-08-24 12:51:32 - [TEST_STEP][PASSED] - wild[2] = "WILD_Double": null

2019-08-24 12:51:32 - [TEST_STEP][PASSED] - wild[3] = "WILD_ExtraFG": null

2019-08-24 12:51:32 - [TEST_STEP][PASSED] - wild[4] = "WILD_Triple": null

2019-08-24 12:51:32 - [TEST_STEP][PASSED] - wildList = Arrays.asList(wild): null

2019-08-24 12:51:32 - [TEST_STEP][PASSED] - wildList = wildList: null

2019-08-24 12:51:32 - [TEST_STEP][PASSED] - free_spin_reel_counter = []: null

2019-08-24 12:51:32 - [TEST_STEP][PASSED] - free_spin_reel_counter[0] = 0: null

2019-08-24 12:51:32 - [TEST_STEP][PASSED] - free_spin_reel_counter[1] = 0: null

2019-08-24 12:51:32 - [TEST_STEP][PASSED] - free_spin_reel_counter[2] = 0: null

2019-08-24 12:51:32 - [TEST_STEP][PASSED] - M4_spin_reels = reels: null

2019-08-24 12:51:32 - [TEST_STEP][PASSED] - for ([i = 0, i &lt; M4_spin_reels.size(), (i++)]): null

2019-08-24 12:51:32 - [TEST_STEP][PASSED] - symbols = symbols: null

2019-08-24 12:51:32 - [TEST_STEP][PASSED] - for ([j = 0, j &lt; symbols.size(), (j++)]): null

2019-08-24 12:51:32 - [TEST_STEP][PASSED] - symbol = symbol: null

2019-08-24 12:51:32 - [TEST_STEP][PASSED] - println(symbol): null

2019-08-24 12:51:32 - [TEST_STEP][PASSED] - if (i == 2 &amp;&amp; wildList.indexOf(symbol) != -1): null

2019-08-24 12:51:32 - [TEST_STEP][PASSED] - if (i == 3 &amp;&amp; wildList.indexOf(symbol) != -1): null

2019-08-24 12:51:32 - [TEST_STEP][PASSED] - if (i == 4 &amp;&amp; wildList.indexOf(symbol) != -1): null

2019-08-24 12:51:32 - [TEST_STEP][PASSED] - symbol = symbol: null

2019-08-24 12:51:32 - [TEST_STEP][PASSED] - println(symbol): null

2019-08-24 12:51:32 - [TEST_STEP][PASSED] - if (i == 2 &amp;&amp; wildList.indexOf(symbol) != -1): null

2019-08-24 12:51:32 - [TEST_STEP][PASSED] - if (i == 3 &amp;&amp; wildList.indexOf(symbol) != -1): null

2019-08-24 12:51:32 - [TEST_STEP][PASSED] - if (i == 4 &amp;&amp; wildList.indexOf(symbol) != -1): null

2019-08-24 12:51:32 - [TEST_STEP][PASSED] - symbol = symbol: null

2019-08-24 12:51:32 - [TEST_STEP][PASSED] - println(symbol): null

2019-08-24 12:51:32 - [TEST_STEP][PASSED] - if (i == 2 &amp;&amp; wildList.indexOf(symbol) != -1): null

2019-08-24 12:51:32 - [TEST_STEP][PASSED] - if (i == 3 &amp;&amp; wildList.indexOf(symbol) != -1): null

2019-08-24 12:51:32 - [TEST_STEP][PASSED] - if (i == 4 &amp;&amp; wildList.indexOf(symbol) != -1): null

2019-08-24 12:51:32 - [TEST_STEP][PASSED] - symbols = symbols: null

2019-08-24 12:51:32 - [TEST_STEP][PASSED] - for ([j = 0, j &lt; symbols.size(), (j++)]): null

2019-08-24 12:51:32 - [TEST_STEP][PASSED] - symbol = symbol: null

2019-08-24 12:51:32 - [TEST_STEP][PASSED] - println(symbol): null

2019-08-24 12:51:32 - [TEST_STEP][PASSED] - if (i == 2 &amp;&amp; wildList.indexOf(symbol) != -1): null

2019-08-24 12:51:32 - [TEST_STEP][PASSED] - if (i == 3 &amp;&amp; wildList.indexOf(symbol) != -1): null

2019-08-24 12:51:32 - [TEST_STEP][PASSED] - if (i == 4 &amp;&amp; wildList.indexOf(symbol) != -1): null

2019-08-24 12:51:32 - [TEST_STEP][PASSED] - symbol = symbol: null

2019-08-24 12:51:32 - [TEST_STEP][PASSED] - println(symbol): null

2019-08-24 12:51:32 - [TEST_STEP][PASSED] - if (i == 2 &amp;&amp; wildList.indexOf(symbol) != -1): null

2019-08-24 12:51:32 - [TEST_STEP][PASSED] - if (i == 3 &amp;&amp; wildList.indexOf(symbol) != -1): null

2019-08-24 12:51:32 - [TEST_STEP][PASSED] - if (i == 4 &amp;&amp; wildList.indexOf(symbol) != -1): null

2019-08-24 12:51:32 - [TEST_STEP][PASSED] - symbol = symbol: null

2019-08-24 12:51:32 - [TEST_STEP][PASSED] - println(symbol): null

2019-08-24 12:51:32 - [TEST_STEP][PASSED] - if (i == 2 &amp;&amp; wildList.indexOf(symbol) != -1): null

2019-08-24 12:51:32 - [TEST_STEP][PASSED] - if (i == 3 &amp;&amp; wildList.indexOf(symbol) != -1): null

2019-08-24 12:51:32 - [TEST_STEP][PASSED] - if (i == 4 &amp;&amp; wildList.indexOf(symbol) != -1): null

2019-08-24 12:51:32 - [TEST_STEP][PASSED] - symbols = symbols: null

2019-08-24 12:51:32 - [TEST_STEP][PASSED] - for ([j = 0, j &lt; symbols.size(), (j++)]): null

2019-08-24 12:51:32 - [TEST_STEP][PASSED] - symbol = symbol: null

2019-08-24 12:51:32 - [TEST_STEP][PASSED] - println(symbol): null

2019-08-24 12:51:32 - [TEST_STEP][PASSED] - if (i == 2 &amp;&amp; wildList.indexOf(symbol) != -1): null

2019-08-24 12:51:32 - [TEST_STEP][PASSED] - println("wild found on reel 3, adding counter by 1"): null

2019-08-24 12:51:32 - [TEST_STEP][PASSED] - free_spin_reel_counter[0] = free_spin_reel_counter[0] + 1: null

2019-08-24 12:51:32 - [TEST_STEP][PASSED] - if (i == 3 &amp;&amp; wildList.indexOf(symbol) != -1): null

2019-08-24 12:51:32 - [TEST_STEP][PASSED] - if (i == 4 &amp;&amp; wildList.indexOf(symbol) != -1): null

2019-08-24 12:51:32 - [TEST_STEP][PASSED] - symbol = symbol: null

2019-08-24 12:51:32 - [TEST_STEP][PASSED] - println(symbol): null

2019-08-24 12:51:32 - [TEST_STEP][PASSED] - if (i == 2 &amp;&amp; wildList.indexOf(symbol) != -1): null

2019-08-24 12:51:32 - [TEST_STEP][PASSED] - if (i == 3 &amp;&amp; wildList.indexOf(symbol) != -1): null

2019-08-24 12:51:32 - [TEST_STEP][PASSED] - if (i == 4 &amp;&amp; wildList.indexOf(symbol) != -1): null

2019-08-24 12:51:32 - [TEST_STEP][PASSED] - symbol = symbol: null

2019-08-24 12:51:32 - [TEST_STEP][PASSED] - println(symbol): null

2019-08-24 12:51:32 - [TEST_STEP][PASSED] - if (i == 2 &amp;&amp; wildList.indexOf(symbol) != -1): null

2019-08-24 12:51:32 - [TEST_STEP][PASSED] - if (i == 3 &amp;&amp; wildList.indexOf(symbol) != -1): null

2019-08-24 12:51:32 - [TEST_STEP][PASSED] - if (i == 4 &amp;&amp; wildList.indexOf(symbol) != -1): null

2019-08-24 12:51:32 - [TEST_STEP][PASSED] - symbols = symbols: null

2019-08-24 12:51:32 - [TEST_STEP][PASSED] - for ([j = 0, j &lt; symbols.size(), (j++)]): null

2019-08-24 12:51:32 - [TEST_STEP][PASSED] - symbol = symbol: null

2019-08-24 12:51:32 - [TEST_STEP][PASSED] - println(symbol): null

2019-08-24 12:51:32 - [TEST_STEP][PASSED] - if (i == 2 &amp;&amp; wildList.indexOf(symbol) != -1): null

2019-08-24 12:51:32 - [TEST_STEP][PASSED] - if (i == 3 &amp;&amp; wildList.indexOf(symbol) != -1): null

2019-08-24 12:51:32 - [TEST_STEP][PASSED] - if (i == 4 &amp;&amp; wildList.indexOf(symbol) != -1): null

2019-08-24 12:51:32 - [TEST_STEP][PASSED] - symbol = symbol: null

2019-08-24 12:51:32 - [TEST_STEP][PASSED] - println(symbol): null

2019-08-24 12:51:32 - [TEST_STEP][PASSED] - if (i == 2 &amp;&amp; wildList.indexOf(symbol) != -1): null

2019-08-24 12:51:32 - [TEST_STEP][PASSED] - if (i == 3 &amp;&amp; wildList.indexOf(symbol) != -1): null

2019-08-24 12:51:32 - [TEST_STEP][PASSED] - if (i == 4 &amp;&amp; wildList.indexOf(symbol) != -1): null

2019-08-24 12:51:32 - [TEST_STEP][PASSED] - symbol = symbol: null

2019-08-24 12:51:32 - [TEST_STEP][PASSED] - println(symbol): null

2019-08-24 12:51:32 - [TEST_STEP][PASSED] - if (i == 2 &amp;&amp; wildList.indexOf(symbol) != -1): null

2019-08-24 12:51:32 - [TEST_STEP][PASSED] - if (i == 3 &amp;&amp; wildList.indexOf(symbol) != -1): null

2019-08-24 12:51:32 - [TEST_STEP][PASSED] - if (i == 4 &amp;&amp; wildList.indexOf(symbol) != -1): null

2019-08-24 12:51:32 - [TEST_STEP][PASSED] - symbols = symbols: null

2019-08-24 12:51:32 - [TEST_STEP][PASSED] - for ([j = 0, j &lt; symbols.size(), (j++)]): null

2019-08-24 12:51:32 - [TEST_STEP][PASSED] - symbol = symbol: null

2019-08-24 12:51:32 - [TEST_STEP][PASSED] - println(symbol): null

2019-08-24 12:51:32 - [TEST_STEP][PASSED] - if (i == 2 &amp;&amp; wildList.indexOf(symbol) != -1): null

2019-08-24 12:51:32 - [TEST_STEP][PASSED] - if (i == 3 &amp;&amp; wildList.indexOf(symbol) != -1): null

2019-08-24 12:51:32 - [TEST_STEP][PASSED] - if (i == 4 &amp;&amp; wildList.indexOf(symbol) != -1): null

2019-08-24 12:51:32 - [TEST_STEP][PASSED] - symbol = symbol: null

2019-08-24 12:51:32 - [TEST_STEP][PASSED] - println(symbol): null

2019-08-24 12:51:32 - [TEST_STEP][PASSED] - if (i == 2 &amp;&amp; wildList.indexOf(symbol) != -1): null

2019-08-24 12:51:32 - [TEST_STEP][PASSED] - if (i == 3 &amp;&amp; wildList.indexOf(symbol) != -1): null

2019-08-24 12:51:32 - [TEST_STEP][PASSED] - if (i == 4 &amp;&amp; wildList.indexOf(symbol) != -1): null

2019-08-24 12:51:32 - [TEST_STEP][PASSED] - symbol = symbol: null

2019-08-24 12:51:32 - [TEST_STEP][PASSED] - println(symbol): null

2019-08-24 12:51:32 - [TEST_STEP][PASSED] - if (i == 2 &amp;&amp; wildList.indexOf(symbol) != -1): null

2019-08-24 12:51:32 - [TEST_STEP][PASSED] - if (i == 3 &amp;&amp; wildList.indexOf(symbol) != -1): null

2019-08-24 12:51:32 - [TEST_STEP][PASSED] - if (i == 4 &amp;&amp; wildList.indexOf(symbol) != -1): null

2019-08-24 12:51:32 - [TEST_STEP][PASSED] - free_spin_reel_counter = free_spin_reel_counter: null

2019-08-24 12:51:32 - [TEST_STEP][PASSED] - println("reel 3 wild found: " + free_spin_reel_counter[0]): null

2019-08-24 12:51:32 - [TEST_STEP][PASSED] - println("reel 4 wild found: " + free_spin_reel_counter[1]): null

2019-08-24 12:51:32 - [TEST_STEP][PASSED] - println("reel 5 wild found: " + free_spin_reel_counter[2]): null

2019-08-24 12:51:32 - [TEST_STEP][PASSED] - M4_spin_reels = M4_spin_reels: null

2019-08-24 12:51:32 - [TEST_STEP][PASSED] - M4_spin_reels_symbols = symbol: null

2019-08-24 12:51:32 - [TEST_STEP][PASSED] - M4_spin_reels_symbols = M4_spin_reels_symbols: null

2019-08-24 12:51:32 - [TEST_STEP][PASSED] - M4_spin_reel_wins = reel_wins: null

2019-08-24 12:51:32 - [TEST_STEP][PASSED] - M4_spin_reel_wins = M4_spin_reel_wins: null

2019-08-24 12:51:32 - [TEST_STEP][PASSED] - println("GlobalVariable.M4_spin_reel_wins is: " + M4_spin_reel_wins): null

2019-08-24 12:51:32 - [TEST_STEP][PASSED] - M4_spin_total_bonus_win_this_round = total_bonus_win_this_round: null

2019-08-24 12:51:32 - [TEST_STEP][PASSED] - M4_spin_total_bonus_win_this_round = M4_spin_total_bonus_win_this_round: null

2019-08-24 12:51:32 - [TEST_STEP][PASSED] - println("GlobalVariable.M4_spin_total_bonus_win_this_round is: " + M4_spin_total_bonus_win_this_round): null

2019-08-24 12:51:32 - [TEST_STEP][PASSED] - M4_spin_bonus_spin_result = spin_result: null

2019-08-24 12:51:32 - [TEST_STEP][PASSED] - M4_spin_bonus_spin_result = M4_spin_bonus_spin_result: null

2019-08-24 12:51:32 - [MESSAGE][PASSED] - Verify response successfully

2019-08-24 12:51:32 - [MESSAGE][PASSED] - Send request and verify the response successfully

2019-08-24 12:51:32 - [TEST_STEP][PASSED] - if (M4_total_bonus_spins_int != 0 &amp;&amp; M4_spin_reels_symbols[2].contains("WILD_Double") || M4_spin_reels_symbols[4].contains("WILD_Triple")): null

2019-08-24 12:51:32 - [TEST_STEP][PASSED] - free_spin_reel_counter = free_spin_reel_counter: null

2019-08-24 12:51:32 - [TEST_STEP][PASSED] - M4_spin_reels_symbols = M4_spin_reels_symbols: null

2019-08-24 12:51:32 - [TEST_STEP][PASSED] - M4_total_bonus_spins = M4_total_bonus_spins: null

2019-08-24 12:51:32 - [TEST_STEP][PASSED] - spin_result = sendRequestAndVerify(findTestObject("INT/RGS(M4)/1_M4_spin", ["M4_login_user_id":M4_login_user_id, "rgs_session_token":rgs_session_token, "partner":Partner])): Send request and verify the response successfully

2019-08-24 12:51:32 - [MESSAGE][INFO] - HAR: /Users/eiralee/Katalon_Script/SuperWild/Reports/20190824_124242/INT/superWild_4/20190824_124242/requests/main/159.har

2019-08-24 12:51:33 - [TEST_CASE][PASSED] - Start Test Case : Verification: Verification accomplished successfully

2019-08-24 12:51:33 - [TEST_STEP][PASSED] - request = getInstance().getCurrentRequest(): null

2019-08-24 12:51:33 - [TEST_STEP][PASSED] - response = getInstance().getCurrentResponse(): null

2019-08-24 12:51:33 - [TEST_STEP][PASSED] - verifyResponseStatusCode(response, 200): Verify response status code successfully

2019-08-24 12:51:33 - [MESSAGE][PASSED] - Verify response status code successfully

2019-08-24 12:51:33 - [TEST_STEP][PASSED] - getStatusCode()).isEqualTo(200): null

2019-08-24 12:51:33 - [TEST_STEP][PASSED] - newline = System.getProperty("line.separator"): null

2019-08-24 12:51:33 - [TEST_STEP][PASSED] - M4_spin = new groovy.json.JsonSlurper(): null

2019-08-24 12:51:33 - [TEST_STEP][PASSED] - result_M4_spin = M4_spin.parseText(response.getResponseBodyContent()): null

2019-08-24 12:51:33 - [TEST_STEP][PASSED] - M4_spin_current_balance = current_balance: null

2019-08-24 12:51:33 - [TEST_STEP][PASSED] - M4_spin_current_balance = M4_spin_current_balance: null

2019-08-24 12:51:33 - [TEST_STEP][PASSED] - M4_spin_transaction_id = causality: null

2019-08-24 12:51:33 - [TEST_STEP][PASSED] - M4_spin_transaction_id = M4_spin_transaction_id: null

2019-08-24 12:51:33 - [TEST_STEP][PASSED] - M4_spin_round_id = round_id: null

2019-08-24 12:51:33 - [TEST_STEP][PASSED] - M4_spin_round_id = M4_spin_round_id: null

2019-08-24 12:51:33 - [TEST_STEP][PASSED] - M4_spin_line_wins = line_wins: null

2019-08-24 12:51:33 - [TEST_STEP][PASSED] - M4_spin_line_wins = M4_spin_line_wins: null

2019-08-24 12:51:33 - [TEST_STEP][PASSED] - M4_total_bonus_spins_int = total_bonus_spins: null

2019-08-24 12:51:33 - [TEST_STEP][PASSED] - println("******M4_total_bonus_spins type is:*******" + newline + getClass().getName()): null

2019-08-24 12:51:33 - [TEST_STEP][PASSED] - M4_total_bonus_spins_int = M4_total_bonus_spins_int: null

2019-08-24 12:51:33 - [TEST_STEP][PASSED] - M4_total_bonus_spins = Integer.toString(M4_total_bonus_spins_int): null

2019-08-24 12:51:33 - [TEST_STEP][PASSED] - M4_total_bonus_spins = M4_total_bonus_spins: null

2019-08-24 12:51:33 - [TEST_STEP][PASSED] - println("M4_total_bonus_spins is:" + M4_total_bonus_spins): null

2019-08-24 12:51:33 - [TEST_STEP][PASSED] - M4_spin_bonus_data = bonus_data: null

2019-08-24 12:51:33 - [TEST_STEP][PASSED] - M4_spin_features_triggered = result_M4_spin: null

2019-08-24 12:51:33 - [TEST_STEP][PASSED] - wild = []: null

2019-08-24 12:51:33 - [TEST_STEP][PASSED] - wild[0] = "WILD_Expanding": null

2019-08-24 12:51:33 - [TEST_STEP][PASSED] - wild[1] = "WILD_Normal": null

2019-08-24 12:51:33 - [TEST_STEP][PASSED] - wild[2] = "WILD_Double": null

2019-08-24 12:51:33 - [TEST_STEP][PASSED] - wild[3] = "WILD_ExtraFG": null

2019-08-24 12:51:33 - [TEST_STEP][PASSED] - wild[4] = "WILD_Triple": null

2019-08-24 12:51:33 - [TEST_STEP][PASSED] - wildList = Arrays.asList(wild): null

2019-08-24 12:51:33 - [TEST_STEP][PASSED] - wildList = wildList: null

2019-08-24 12:51:33 - [TEST_STEP][PASSED] - free_spin_reel_counter = []: null

2019-08-24 12:51:33 - [TEST_STEP][PASSED] - free_spin_reel_counter[0] = 0: null

2019-08-24 12:51:33 - [TEST_STEP][PASSED] - free_spin_reel_counter[1] = 0: null

2019-08-24 12:51:33 - [TEST_STEP][PASSED] - free_spin_reel_counter[2] = 0: null

2019-08-24 12:51:33 - [TEST_STEP][PASSED] - M4_spin_reels = reels: null

2019-08-24 12:51:33 - [TEST_STEP][PASSED] - for ([i = 0, i &lt; M4_spin_reels.size(), (i++)]): null

2019-08-24 12:51:33 - [TEST_STEP][PASSED] - symbols = symbols: null

2019-08-24 12:51:33 - [TEST_STEP][PASSED] - for ([j = 0, j &lt; symbols.size(), (j++)]): null

2019-08-24 12:51:33 - [TEST_STEP][PASSED] - symbol = symbol: null

2019-08-24 12:51:33 - [TEST_STEP][PASSED] - println(symbol): null

2019-08-24 12:51:33 - [TEST_STEP][PASSED] - if (i == 2 &amp;&amp; wildList.indexOf(symbol) != -1): null

2019-08-24 12:51:33 - [TEST_STEP][PASSED] - if (i == 3 &amp;&amp; wildList.indexOf(symbol) != -1): null

2019-08-24 12:51:33 - [TEST_STEP][PASSED] - if (i == 4 &amp;&amp; wildList.indexOf(symbol) != -1): null

2019-08-24 12:51:33 - [TEST_STEP][PASSED] - symbol = symbol: null

2019-08-24 12:51:33 - [TEST_STEP][PASSED] - println(symbol): null

2019-08-24 12:51:33 - [TEST_STEP][PASSED] - if (i == 2 &amp;&amp; wildList.indexOf(symbol) != -1): null

2019-08-24 12:51:33 - [TEST_STEP][PASSED] - if (i == 3 &amp;&amp; wildList.indexOf(symbol) != -1): null

2019-08-24 12:51:33 - [TEST_STEP][PASSED] - if (i == 4 &amp;&amp; wildList.indexOf(symbol) != -1): null

2019-08-24 12:51:33 - [TEST_STEP][PASSED] - symbol = symbol: null

2019-08-24 12:51:33 - [TEST_STEP][PASSED] - println(symbol): null

2019-08-24 12:51:33 - [TEST_STEP][PASSED] - if (i == 2 &amp;&amp; wildList.indexOf(symbol) != -1): null

2019-08-24 12:51:33 - [TEST_STEP][PASSED] - if (i == 3 &amp;&amp; wildList.indexOf(symbol) != -1): null

2019-08-24 12:51:33 - [TEST_STEP][PASSED] - if (i == 4 &amp;&amp; wildList.indexOf(symbol) != -1): null

2019-08-24 12:51:33 - [TEST_STEP][PASSED] - symbols = symbols: null

2019-08-24 12:51:33 - [TEST_STEP][PASSED] - for ([j = 0, j &lt; symbols.size(), (j++)]): null

2019-08-24 12:51:33 - [TEST_STEP][PASSED] - symbol = symbol: null

2019-08-24 12:51:33 - [TEST_STEP][PASSED] - println(symbol): null

2019-08-24 12:51:33 - [TEST_STEP][PASSED] - if (i == 2 &amp;&amp; wildList.indexOf(symbol) != -1): null

2019-08-24 12:51:33 - [TEST_STEP][PASSED] - if (i == 3 &amp;&amp; wildList.indexOf(symbol) != -1): null

2019-08-24 12:51:33 - [TEST_STEP][PASSED] - if (i == 4 &amp;&amp; wildList.indexOf(symbol) != -1): null

2019-08-24 12:51:33 - [TEST_STEP][PASSED] - symbol = symbol: null

2019-08-24 12:51:33 - [TEST_STEP][PASSED] - println(symbol): null

2019-08-24 12:51:33 - [TEST_STEP][PASSED] - if (i == 2 &amp;&amp; wildList.indexOf(symbol) != -1): null

2019-08-24 12:51:33 - [TEST_STEP][PASSED] - if (i == 3 &amp;&amp; wildList.indexOf(symbol) != -1): null

2019-08-24 12:51:33 - [TEST_STEP][PASSED] - if (i == 4 &amp;&amp; wildList.indexOf(symbol) != -1): null

2019-08-24 12:51:33 - [TEST_STEP][PASSED] - symbol = symbol: null

2019-08-24 12:51:33 - [TEST_STEP][PASSED] - println(symbol): null

2019-08-24 12:51:33 - [TEST_STEP][PASSED] - if (i == 2 &amp;&amp; wildList.indexOf(symbol) != -1): null

2019-08-24 12:51:33 - [TEST_STEP][PASSED] - if (i == 3 &amp;&amp; wildList.indexOf(symbol) != -1): null

2019-08-24 12:51:33 - [TEST_STEP][PASSED] - if (i == 4 &amp;&amp; wildList.indexOf(symbol) != -1): null

2019-08-24 12:51:33 - [TEST_STEP][PASSED] - symbols = symbols: null

2019-08-24 12:51:33 - [TEST_STEP][PASSED] - for ([j = 0, j &lt; symbols.size(), (j++)]): null

2019-08-24 12:51:33 - [TEST_STEP][PASSED] - symbol = symbol: null

2019-08-24 12:51:33 - [TEST_STEP][PASSED] - println(symbol): null

2019-08-24 12:51:33 - [TEST_STEP][PASSED] - if (i == 2 &amp;&amp; wildList.indexOf(symbol) != -1): null

2019-08-24 12:51:33 - [TEST_STEP][PASSED] - println("wild found on reel 3, adding counter by 1"): null

2019-08-24 12:51:33 - [TEST_STEP][PASSED] - free_spin_reel_counter[0] = free_spin_reel_counter[0] + 1: null

2019-08-24 12:51:33 - [TEST_STEP][PASSED] - if (i == 3 &amp;&amp; wildList.indexOf(symbol) != -1): null

2019-08-24 12:51:33 - [TEST_STEP][PASSED] - if (i == 4 &amp;&amp; wildList.indexOf(symbol) != -1): null

2019-08-24 12:51:33 - [TEST_STEP][PASSED] - symbol = symbol: null

2019-08-24 12:51:33 - [TEST_STEP][PASSED] - println(symbol): null

2019-08-24 12:51:33 - [TEST_STEP][PASSED] - if (i == 2 &amp;&amp; wildList.indexOf(symbol) != -1): null

2019-08-24 12:51:33 - [TEST_STEP][PASSED] - if (i == 3 &amp;&amp; wildList.indexOf(symbol) != -1): null

2019-08-24 12:51:33 - [TEST_STEP][PASSED] - if (i == 4 &amp;&amp; wildList.indexOf(symbol) != -1): null

2019-08-24 12:51:33 - [TEST_STEP][PASSED] - symbol = symbol: null

2019-08-24 12:51:33 - [TEST_STEP][PASSED] - println(symbol): null

2019-08-24 12:51:33 - [TEST_STEP][PASSED] - if (i == 2 &amp;&amp; wildList.indexOf(symbol) != -1): null

2019-08-24 12:51:33 - [TEST_STEP][PASSED] - if (i == 3 &amp;&amp; wildList.indexOf(symbol) != -1): null

2019-08-24 12:51:33 - [TEST_STEP][PASSED] - if (i == 4 &amp;&amp; wildList.indexOf(symbol) != -1): null

2019-08-24 12:51:33 - [TEST_STEP][PASSED] - symbols = symbols: null

2019-08-24 12:51:33 - [TEST_STEP][PASSED] - for ([j = 0, j &lt; symbols.size(), (j++)]): null

2019-08-24 12:51:33 - [TEST_STEP][PASSED] - symbol = symbol: null

2019-08-24 12:51:33 - [TEST_STEP][PASSED] - println(symbol): null

2019-08-24 12:51:33 - [TEST_STEP][PASSED] - if (i == 2 &amp;&amp; wildList.indexOf(symbol) != -1): null

2019-08-24 12:51:33 - [TEST_STEP][PASSED] - if (i == 3 &amp;&amp; wildList.indexOf(symbol) != -1): null

2019-08-24 12:51:33 - [TEST_STEP][PASSED] - if (i == 4 &amp;&amp; wildList.indexOf(symbol) != -1): null

2019-08-24 12:51:33 - [TEST_STEP][PASSED] - symbol = symbol: null

2019-08-24 12:51:33 - [TEST_STEP][PASSED] - println(symbol): null

2019-08-24 12:51:33 - [TEST_STEP][PASSED] - if (i == 2 &amp;&amp; wildList.indexOf(symbol) != -1): null

2019-08-24 12:51:33 - [TEST_STEP][PASSED] - if (i == 3 &amp;&amp; wildList.indexOf(symbol) != -1): null

2019-08-24 12:51:33 - [TEST_STEP][PASSED] - if (i == 4 &amp;&amp; wildList.indexOf(symbol) != -1): null

2019-08-24 12:51:33 - [TEST_STEP][PASSED] - symbol = symbol: null

2019-08-24 12:51:33 - [TEST_STEP][PASSED] - println(symbol): null

2019-08-24 12:51:33 - [TEST_STEP][PASSED] - if (i == 2 &amp;&amp; wildList.indexOf(symbol) != -1): null

2019-08-24 12:51:33 - [TEST_STEP][PASSED] - if (i == 3 &amp;&amp; wildList.indexOf(symbol) != -1): null

2019-08-24 12:51:33 - [TEST_STEP][PASSED] - if (i == 4 &amp;&amp; wildList.indexOf(symbol) != -1): null

2019-08-24 12:51:33 - [TEST_STEP][PASSED] - symbols = symbols: null

2019-08-24 12:51:33 - [TEST_STEP][PASSED] - for ([j = 0, j &lt; symbols.size(), (j++)]): null

2019-08-24 12:51:33 - [TEST_STEP][PASSED] - symbol = symbol: null

2019-08-24 12:51:33 - [TEST_STEP][PASSED] - println(symbol): null

2019-08-24 12:51:33 - [TEST_STEP][PASSED] - if (i == 2 &amp;&amp; wildList.indexOf(symbol) != -1): null

2019-08-24 12:51:33 - [TEST_STEP][PASSED] - if (i == 3 &amp;&amp; wildList.indexOf(symbol) != -1): null

2019-08-24 12:51:33 - [TEST_STEP][PASSED] - if (i == 4 &amp;&amp; wildList.indexOf(symbol) != -1): null

2019-08-24 12:51:33 - [TEST_STEP][PASSED] - symbol = symbol: null

2019-08-24 12:51:33 - [TEST_STEP][PASSED] - println(symbol): null

2019-08-24 12:51:33 - [TEST_STEP][PASSED] - if (i == 2 &amp;&amp; wildList.indexOf(symbol) != -1): null

2019-08-24 12:51:33 - [TEST_STEP][PASSED] - if (i == 3 &amp;&amp; wildList.indexOf(symbol) != -1): null

2019-08-24 12:51:33 - [TEST_STEP][PASSED] - if (i == 4 &amp;&amp; wildList.indexOf(symbol) != -1): null

2019-08-24 12:51:33 - [TEST_STEP][PASSED] - symbol = symbol: null

2019-08-24 12:51:33 - [TEST_STEP][PASSED] - println(symbol): null

2019-08-24 12:51:33 - [TEST_STEP][PASSED] - if (i == 2 &amp;&amp; wildList.indexOf(symbol) != -1): null

2019-08-24 12:51:33 - [TEST_STEP][PASSED] - if (i == 3 &amp;&amp; wildList.indexOf(symbol) != -1): null

2019-08-24 12:51:33 - [TEST_STEP][PASSED] - if (i == 4 &amp;&amp; wildList.indexOf(symbol) != -1): null

2019-08-24 12:51:33 - [TEST_STEP][PASSED] - free_spin_reel_counter = free_spin_reel_counter: null

2019-08-24 12:51:33 - [TEST_STEP][PASSED] - println("reel 3 wild found: " + free_spin_reel_counter[0]): null

2019-08-24 12:51:33 - [TEST_STEP][PASSED] - println("reel 4 wild found: " + free_spin_reel_counter[1]): null

2019-08-24 12:51:33 - [TEST_STEP][PASSED] - println("reel 5 wild found: " + free_spin_reel_counter[2]): null

2019-08-24 12:51:33 - [TEST_STEP][PASSED] - M4_spin_reels = M4_spin_reels: null

2019-08-24 12:51:33 - [TEST_STEP][PASSED] - M4_spin_reels_symbols = symbol: null

2019-08-24 12:51:33 - [TEST_STEP][PASSED] - M4_spin_reels_symbols = M4_spin_reels_symbols: null

2019-08-24 12:51:33 - [TEST_STEP][PASSED] - M4_spin_reel_wins = reel_wins: null

2019-08-24 12:51:33 - [TEST_STEP][PASSED] - M4_spin_reel_wins = M4_spin_reel_wins: null

2019-08-24 12:51:33 - [TEST_STEP][PASSED] - println("GlobalVariable.M4_spin_reel_wins is: " + M4_spin_reel_wins): null

2019-08-24 12:51:33 - [TEST_STEP][PASSED] - M4_spin_total_bonus_win_this_round = total_bonus_win_this_round: null

2019-08-24 12:51:33 - [TEST_STEP][PASSED] - M4_spin_total_bonus_win_this_round = M4_spin_total_bonus_win_this_round: null

2019-08-24 12:51:33 - [TEST_STEP][PASSED] - println("GlobalVariable.M4_spin_total_bonus_win_this_round is: " + M4_spin_total_bonus_win_this_round): null

2019-08-24 12:51:33 - [TEST_STEP][PASSED] - M4_spin_bonus_spin_result = spin_result: null

2019-08-24 12:51:33 - [TEST_STEP][PASSED] - M4_spin_bonus_spin_result = M4_spin_bonus_spin_result: null

2019-08-24 12:51:33 - [MESSAGE][PASSED] - Verify response successfully

2019-08-24 12:51:33 - [MESSAGE][PASSED] - Send request and verify the response successfully

2019-08-24 12:51:33 - [TEST_STEP][PASSED] - if (M4_total_bonus_spins_int != 0 &amp;&amp; M4_spin_reels_symbols[2].contains("WILD_Double") || M4_spin_reels_symbols[4].contains("WILD_Triple")): null

2019-08-24 12:51:33 - [TEST_STEP][PASSED] - free_spin_reel_counter = free_spin_reel_counter: null

2019-08-24 12:51:33 - [TEST_STEP][PASSED] - M4_spin_reels_symbols = M4_spin_reels_symbols: null

2019-08-24 12:51:33 - [TEST_STEP][PASSED] - M4_total_bonus_spins = M4_total_bonus_spins: null

2019-08-24 12:51:33 - [TEST_STEP][PASSED] - spin_result = sendRequestAndVerify(findTestObject("INT/RGS(M4)/1_M4_spin", ["M4_login_user_id":M4_login_user_id, "rgs_session_token":rgs_session_token, "partner":Partner])): Send request and verify the response successfully

2019-08-24 12:51:33 - [MESSAGE][INFO] - HAR: /Users/eiralee/Katalon_Script/SuperWild/Reports/20190824_124242/INT/superWild_4/20190824_124242/requests/main/160.har

2019-08-24 12:51:33 - [TEST_CASE][PASSED] - Start Test Case : Verification: Verification accomplished successfully

2019-08-24 12:51:33 - [TEST_STEP][PASSED] - request = getInstance().getCurrentRequest(): null

2019-08-24 12:51:33 - [TEST_STEP][PASSED] - response = getInstance().getCurrentResponse(): null

2019-08-24 12:51:33 - [TEST_STEP][PASSED] - verifyResponseStatusCode(response, 200): Verify response status code successfully

2019-08-24 12:51:33 - [MESSAGE][PASSED] - Verify response status code successfully

2019-08-24 12:51:33 - [TEST_STEP][PASSED] - getStatusCode()).isEqualTo(200): null

2019-08-24 12:51:33 - [TEST_STEP][PASSED] - newline = System.getProperty("line.separator"): null

2019-08-24 12:51:33 - [TEST_STEP][PASSED] - M4_spin = new groovy.json.JsonSlurper(): null

2019-08-24 12:51:33 - [TEST_STEP][PASSED] - result_M4_spin = M4_spin.parseText(response.getResponseBodyContent()): null

2019-08-24 12:51:33 - [TEST_STEP][PASSED] - M4_spin_current_balance = current_balance: null

2019-08-24 12:51:33 - [TEST_STEP][PASSED] - M4_spin_current_balance = M4_spin_current_balance: null

2019-08-24 12:51:33 - [TEST_STEP][PASSED] - M4_spin_transaction_id = causality: null

2019-08-24 12:51:33 - [TEST_STEP][PASSED] - M4_spin_transaction_id = M4_spin_transaction_id: null

2019-08-24 12:51:33 - [TEST_STEP][PASSED] - M4_spin_round_id = round_id: null

2019-08-24 12:51:33 - [TEST_STEP][PASSED] - M4_spin_round_id = M4_spin_round_id: null

2019-08-24 12:51:33 - [TEST_STEP][PASSED] - M4_spin_line_wins = line_wins: null

2019-08-24 12:51:33 - [TEST_STEP][PASSED] - M4_spin_line_wins = M4_spin_line_wins: null

2019-08-24 12:51:33 - [TEST_STEP][PASSED] - M4_total_bonus_spins_int = total_bonus_spins: null

2019-08-24 12:51:33 - [TEST_STEP][PASSED] - println("******M4_total_bonus_spins type is:*******" + newline + getClass().getName()): null

2019-08-24 12:51:33 - [TEST_STEP][PASSED] - M4_total_bonus_spins_int = M4_total_bonus_spins_int: null

2019-08-24 12:51:33 - [TEST_STEP][PASSED] - M4_total_bonus_spins = Integer.toString(M4_total_bonus_spins_int): null

2019-08-24 12:51:33 - [TEST_STEP][PASSED] - M4_total_bonus_spins = M4_total_bonus_spins: null

2019-08-24 12:51:33 - [TEST_STEP][PASSED] - println("M4_total_bonus_spins is:" + M4_total_bonus_spins): null

2019-08-24 12:51:33 - [TEST_STEP][PASSED] - M4_spin_bonus_data = bonus_data: null

2019-08-24 12:51:33 - [TEST_STEP][PASSED] - M4_spin_features_triggered = result_M4_spin: null

2019-08-24 12:51:33 - [TEST_STEP][PASSED] - wild = []: null

2019-08-24 12:51:33 - [TEST_STEP][PASSED] - wild[0] = "WILD_Expanding": null

2019-08-24 12:51:33 - [TEST_STEP][PASSED] - wild[1] = "WILD_Normal": null

2019-08-24 12:51:33 - [TEST_STEP][PASSED] - wild[2] = "WILD_Double": null

2019-08-24 12:51:33 - [TEST_STEP][PASSED] - wild[3] = "WILD_ExtraFG": null

2019-08-24 12:51:33 - [TEST_STEP][PASSED] - wild[4] = "WILD_Triple": null

2019-08-24 12:51:33 - [TEST_STEP][PASSED] - wildList = Arrays.asList(wild): null

2019-08-24 12:51:33 - [TEST_STEP][PASSED] - wildList = wildList: null

2019-08-24 12:51:33 - [TEST_STEP][PASSED] - free_spin_reel_counter = []: null

2019-08-24 12:51:33 - [TEST_STEP][PASSED] - free_spin_reel_counter[0] = 0: null

2019-08-24 12:51:33 - [TEST_STEP][PASSED] - free_spin_reel_counter[1] = 0: null

2019-08-24 12:51:33 - [TEST_STEP][PASSED] - free_spin_reel_counter[2] = 0: null

2019-08-24 12:51:33 - [TEST_STEP][PASSED] - M4_spin_reels = reels: null

2019-08-24 12:51:33 - [TEST_STEP][PASSED] - for ([i = 0, i &lt; M4_spin_reels.size(), (i++)]): null

2019-08-24 12:51:33 - [TEST_STEP][PASSED] - symbols = symbols: null

2019-08-24 12:51:33 - [TEST_STEP][PASSED] - for ([j = 0, j &lt; symbols.size(), (j++)]): null

2019-08-24 12:51:33 - [TEST_STEP][PASSED] - symbol = symbol: null

2019-08-24 12:51:33 - [TEST_STEP][PASSED] - println(symbol): null

2019-08-24 12:51:33 - [TEST_STEP][PASSED] - if (i == 2 &amp;&amp; wildList.indexOf(symbol) != -1): null

2019-08-24 12:51:33 - [TEST_STEP][PASSED] - if (i == 3 &amp;&amp; wildList.indexOf(symbol) != -1): null

2019-08-24 12:51:33 - [TEST_STEP][PASSED] - if (i == 4 &amp;&amp; wildList.indexOf(symbol) != -1): null

2019-08-24 12:51:33 - [TEST_STEP][PASSED] - symbol = symbol: null

2019-08-24 12:51:33 - [TEST_STEP][PASSED] - println(symbol): null

2019-08-24 12:51:33 - [TEST_STEP][PASSED] - if (i == 2 &amp;&amp; wildList.indexOf(symbol) != -1): null

2019-08-24 12:51:33 - [TEST_STEP][PASSED] - if (i == 3 &amp;&amp; wildList.indexOf(symbol) != -1): null

2019-08-24 12:51:33 - [TEST_STEP][PASSED] - if (i == 4 &amp;&amp; wildList.indexOf(symbol) != -1): null

2019-08-24 12:51:33 - [TEST_STEP][PASSED] - symbol = symbol: null

2019-08-24 12:51:33 - [TEST_STEP][PASSED] - println(symbol): null

2019-08-24 12:51:33 - [TEST_STEP][PASSED] - if (i == 2 &amp;&amp; wildList.indexOf(symbol) != -1): null

2019-08-24 12:51:33 - [TEST_STEP][PASSED] - if (i == 3 &amp;&amp; wildList.indexOf(symbol) != -1): null

2019-08-24 12:51:33 - [TEST_STEP][PASSED] - if (i == 4 &amp;&amp; wildList.indexOf(symbol) != -1): null

2019-08-24 12:51:33 - [TEST_STEP][PASSED] - symbols = symbols: null

2019-08-24 12:51:33 - [TEST_STEP][PASSED] - for ([j = 0, j &lt; symbols.size(), (j++)]): null

2019-08-24 12:51:33 - [TEST_STEP][PASSED] - symbol = symbol: null

2019-08-24 12:51:33 - [TEST_STEP][PASSED] - println(symbol): null

2019-08-24 12:51:33 - [TEST_STEP][PASSED] - if (i == 2 &amp;&amp; wildList.indexOf(symbol) != -1): null

2019-08-24 12:51:33 - [TEST_STEP][PASSED] - if (i == 3 &amp;&amp; wildList.indexOf(symbol) != -1): null

2019-08-24 12:51:33 - [TEST_STEP][PASSED] - if (i == 4 &amp;&amp; wildList.indexOf(symbol) != -1): null

2019-08-24 12:51:33 - [TEST_STEP][PASSED] - symbol = symbol: null

2019-08-24 12:51:33 - [TEST_STEP][PASSED] - println(symbol): null

2019-08-24 12:51:33 - [TEST_STEP][PASSED] - if (i == 2 &amp;&amp; wildList.indexOf(symbol) != -1): null

2019-08-24 12:51:33 - [TEST_STEP][PASSED] - if (i == 3 &amp;&amp; wildList.indexOf(symbol) != -1): null

2019-08-24 12:51:33 - [TEST_STEP][PASSED] - if (i == 4 &amp;&amp; wildList.indexOf(symbol) != -1): null

2019-08-24 12:51:33 - [TEST_STEP][PASSED] - symbol = symbol: null

2019-08-24 12:51:33 - [TEST_STEP][PASSED] - println(symbol): null

2019-08-24 12:51:33 - [TEST_STEP][PASSED] - if (i == 2 &amp;&amp; wildList.indexOf(symbol) != -1): null

2019-08-24 12:51:33 - [TEST_STEP][PASSED] - if (i == 3 &amp;&amp; wildList.indexOf(symbol) != -1): null

2019-08-24 12:51:33 - [TEST_STEP][PASSED] - if (i == 4 &amp;&amp; wildList.indexOf(symbol) != -1): null

2019-08-24 12:51:33 - [TEST_STEP][PASSED] - symbols = symbols: null

2019-08-24 12:51:33 - [TEST_STEP][PASSED] - for ([j = 0, j &lt; symbols.size(), (j++)]): null

2019-08-24 12:51:33 - [TEST_STEP][PASSED] - symbol = symbol: null

2019-08-24 12:51:33 - [TEST_STEP][PASSED] - println(symbol): null

2019-08-24 12:51:33 - [TEST_STEP][PASSED] - if (i == 2 &amp;&amp; wildList.indexOf(symbol) != -1): null

2019-08-24 12:51:33 - [TEST_STEP][PASSED] - if (i == 3 &amp;&amp; wildList.indexOf(symbol) != -1): null

2019-08-24 12:51:33 - [TEST_STEP][PASSED] - if (i == 4 &amp;&amp; wildList.indexOf(symbol) != -1): null

2019-08-24 12:51:33 - [TEST_STEP][PASSED] - symbol = symbol: null

2019-08-24 12:51:33 - [TEST_STEP][PASSED] - println(symbol): null

2019-08-24 12:51:33 - [TEST_STEP][PASSED] - if (i == 2 &amp;&amp; wildList.indexOf(symbol) != -1): null

2019-08-24 12:51:33 - [TEST_STEP][PASSED] - if (i == 3 &amp;&amp; wildList.indexOf(symbol) != -1): null

2019-08-24 12:51:33 - [TEST_STEP][PASSED] - if (i == 4 &amp;&amp; wildList.indexOf(symbol) != -1): null

2019-08-24 12:51:33 - [TEST_STEP][PASSED] - symbol = symbol: null

2019-08-24 12:51:33 - [TEST_STEP][PASSED] - println(symbol): null

2019-08-24 12:51:33 - [TEST_STEP][PASSED] - if (i == 2 &amp;&amp; wildList.indexOf(symbol) != -1): null

2019-08-24 12:51:33 - [TEST_STEP][PASSED] - if (i == 3 &amp;&amp; wildList.indexOf(symbol) != -1): null

2019-08-24 12:51:33 - [TEST_STEP][PASSED] - if (i == 4 &amp;&amp; wildList.indexOf(symbol) != -1): null

2019-08-24 12:51:33 - [TEST_STEP][PASSED] - symbols = symbols: null

2019-08-24 12:51:33 - [TEST_STEP][PASSED] - for ([j = 0, j &lt; symbols.size(), (j++)]): null

2019-08-24 12:51:33 - [TEST_STEP][PASSED] - symbol = symbol: null

2019-08-24 12:51:33 - [TEST_STEP][PASSED] - println(symbol): null

2019-08-24 12:51:33 - [TEST_STEP][PASSED] - if (i == 2 &amp;&amp; wildList.indexOf(symbol) != -1): null

2019-08-24 12:51:38 - [TEST_STEP][PASSED] - if (i == 3 &amp;&amp; wildList.indexOf(symbol) != -1): null

2019-08-24 12:51:38 - [TEST_STEP][PASSED] - if (i == 4 &amp;&amp; wildList.indexOf(symbol) != -1): null

2019-08-24 12:51:38 - [TEST_STEP][PASSED] - symbol = symbol: null

2019-08-24 12:51:38 - [TEST_STEP][PASSED] - println(symbol): null

2019-08-24 12:51:38 - [TEST_STEP][PASSED] - if (i == 2 &amp;&amp; wildList.indexOf(symbol) != -1): null

2019-08-24 12:51:38 - [TEST_STEP][PASSED] - if (i == 3 &amp;&amp; wildList.indexOf(symbol) != -1): null

2019-08-24 12:51:38 - [TEST_STEP][PASSED] - if (i == 4 &amp;&amp; wildList.indexOf(symbol) != -1): null

2019-08-24 12:51:38 - [TEST_STEP][PASSED] - symbol = symbol: null

2019-08-24 12:51:38 - [TEST_STEP][PASSED] - println(symbol): null

2019-08-24 12:51:38 - [TEST_STEP][PASSED] - if (i == 2 &amp;&amp; wildList.indexOf(symbol) != -1): null

2019-08-24 12:51:38 - [TEST_STEP][PASSED] - if (i == 3 &amp;&amp; wildList.indexOf(symbol) != -1): null

2019-08-24 12:51:38 - [TEST_STEP][PASSED] - if (i == 4 &amp;&amp; wildList.indexOf(symbol) != -1): null

2019-08-24 12:51:38 - [TEST_STEP][PASSED] - symbols = symbols: null

2019-08-24 12:51:38 - [TEST_STEP][PASSED] - for ([j = 0, j &lt; symbols.size(), (j++)]): null

2019-08-24 12:51:38 - [TEST_STEP][PASSED] - symbol = symbol: null

2019-08-24 12:51:38 - [TEST_STEP][PASSED] - println(symbol): null

2019-08-24 12:51:38 - [TEST_STEP][PASSED] - if (i == 2 &amp;&amp; wildList.indexOf(symbol) != -1): null

2019-08-24 12:51:38 - [TEST_STEP][PASSED] - if (i == 3 &amp;&amp; wildList.indexOf(symbol) != -1): null

2019-08-24 12:51:38 - [TEST_STEP][PASSED] - if (i == 4 &amp;&amp; wildList.indexOf(symbol) != -1): null

2019-08-24 12:51:38 - [TEST_STEP][PASSED] - symbol = symbol: null

2019-08-24 12:51:38 - [TEST_STEP][PASSED] - println(symbol): null

2019-08-24 12:51:38 - [TEST_STEP][PASSED] - if (i == 2 &amp;&amp; wildList.indexOf(symbol) != -1): null

2019-08-24 12:51:38 - [TEST_STEP][PASSED] - if (i == 3 &amp;&amp; wildList.indexOf(symbol) != -1): null

2019-08-24 12:51:38 - [TEST_STEP][PASSED] - if (i == 4 &amp;&amp; wildList.indexOf(symbol) != -1): null

2019-08-24 12:51:38 - [TEST_STEP][PASSED] - symbol = symbol: null

2019-08-24 12:51:38 - [TEST_STEP][PASSED] - println(symbol): null

2019-08-24 12:51:38 - [TEST_STEP][PASSED] - if (i == 2 &amp;&amp; wildList.indexOf(symbol) != -1): null

2019-08-24 12:51:38 - [TEST_STEP][PASSED] - if (i == 3 &amp;&amp; wildList.indexOf(symbol) != -1): null

2019-08-24 12:51:38 - [TEST_STEP][PASSED] - if (i == 4 &amp;&amp; wildList.indexOf(symbol) != -1): null

2019-08-24 12:51:38 - [TEST_STEP][PASSED] - free_spin_reel_counter = free_spin_reel_counter: null

2019-08-24 12:51:38 - [TEST_STEP][PASSED] - println("reel 3 wild found: " + free_spin_reel_counter[0]): null

2019-08-24 12:51:38 - [TEST_STEP][PASSED] - println("reel 4 wild found: " + free_spin_reel_counter[1]): null

2019-08-24 12:51:38 - [TEST_STEP][PASSED] - println("reel 5 wild found: " + free_spin_reel_counter[2]): null

2019-08-24 12:51:39 - [TEST_STEP][PASSED] - M4_spin_reels = M4_spin_reels: null

2019-08-24 12:51:39 - [TEST_STEP][PASSED] - M4_spin_reels_symbols = symbol: null

2019-08-24 12:51:39 - [TEST_STEP][PASSED] - M4_spin_reels_symbols = M4_spin_reels_symbols: null

2019-08-24 12:51:39 - [TEST_STEP][PASSED] - M4_spin_reel_wins = reel_wins: null

2019-08-24 12:51:39 - [TEST_STEP][PASSED] - M4_spin_reel_wins = M4_spin_reel_wins: null

2019-08-24 12:51:39 - [TEST_STEP][PASSED] - println("GlobalVariable.M4_spin_reel_wins is: " + M4_spin_reel_wins): null

2019-08-24 12:51:39 - [TEST_STEP][PASSED] - M4_spin_total_bonus_win_this_round = total_bonus_win_this_round: null

2019-08-24 12:51:39 - [TEST_STEP][PASSED] - M4_spin_total_bonus_win_this_round = M4_spin_total_bonus_win_this_round: null

2019-08-24 12:51:39 - [TEST_STEP][PASSED] - println("GlobalVariable.M4_spin_total_bonus_win_this_round is: " + M4_spin_total_bonus_win_this_round): null

2019-08-24 12:51:39 - [TEST_STEP][PASSED] - M4_spin_bonus_spin_result = spin_result: null

2019-08-24 12:51:39 - [TEST_STEP][PASSED] - M4_spin_bonus_spin_result = M4_spin_bonus_spin_result: null

2019-08-24 12:51:39 - [MESSAGE][PASSED] - Verify response successfully

2019-08-24 12:51:39 - [MESSAGE][PASSED] - Send request and verify the response successfully

2019-08-24 12:51:39 - [TEST_STEP][PASSED] - if (M4_total_bonus_spins_int != 0 &amp;&amp; M4_spin_reels_symbols[2].contains("WILD_Double") || M4_spin_reels_symbols[4].contains("WILD_Triple")): null

2019-08-24 12:51:39 - [TEST_STEP][PASSED] - free_spin_reel_counter = free_spin_reel_counter: null

2019-08-24 12:51:39 - [TEST_STEP][PASSED] - M4_spin_reels_symbols = M4_spin_reels_symbols: null

2019-08-24 12:51:39 - [TEST_STEP][PASSED] - M4_total_bonus_spins = M4_total_bonus_spins: null

2019-08-24 12:51:39 - [TEST_STEP][PASSED] - spin_result = sendRequestAndVerify(findTestObject("INT/RGS(M4)/1_M4_spin", ["M4_login_user_id":M4_login_user_id, "rgs_session_token":rgs_session_token, "partner":Partner])): Send request and verify the response successfully

2019-08-24 12:51:39 - [MESSAGE][INFO] - HAR: /Users/eiralee/Katalon_Script/SuperWild/Reports/20190824_124242/INT/superWild_4/20190824_124242/requests/main/161.har

2019-08-24 12:51:39 - [TEST_CASE][PASSED] - Start Test Case : Verification: Verification accomplished successfully

2019-08-24 12:51:39 - [TEST_STEP][PASSED] - request = getInstance().getCurrentRequest(): null

2019-08-24 12:51:39 - [TEST_STEP][PASSED] - response = getInstance().getCurrentResponse(): null

2019-08-24 12:51:39 - [TEST_STEP][PASSED] - verifyResponseStatusCode(response, 200): Verify response status code successfully

2019-08-24 12:51:39 - [MESSAGE][PASSED] - Verify response status code successfully

2019-08-24 12:51:39 - [TEST_STEP][PASSED] - getStatusCode()).isEqualTo(200): null

2019-08-24 12:51:39 - [TEST_STEP][PASSED] - newline = System.getProperty("line.separator"): null

2019-08-24 12:51:39 - [TEST_STEP][PASSED] - M4_spin = new groovy.json.JsonSlurper(): null

2019-08-24 12:51:39 - [TEST_STEP][PASSED] - result_M4_spin = M4_spin.parseText(response.getResponseBodyContent()): null

2019-08-24 12:51:39 - [TEST_STEP][PASSED] - M4_spin_current_balance = current_balance: null

2019-08-24 12:51:39 - [TEST_STEP][PASSED] - M4_spin_current_balance = M4_spin_current_balance: null

2019-08-24 12:51:39 - [TEST_STEP][PASSED] - M4_spin_transaction_id = causality: null

2019-08-24 12:51:39 - [TEST_STEP][PASSED] - M4_spin_transaction_id = M4_spin_transaction_id: null

2019-08-24 12:51:39 - [TEST_STEP][PASSED] - M4_spin_round_id = round_id: null

2019-08-24 12:51:39 - [TEST_STEP][PASSED] - M4_spin_round_id = M4_spin_round_id: null

2019-08-24 12:51:39 - [TEST_STEP][PASSED] - M4_spin_line_wins = line_wins: null

2019-08-24 12:51:39 - [TEST_STEP][PASSED] - M4_spin_line_wins = M4_spin_line_wins: null

2019-08-24 12:51:39 - [TEST_STEP][PASSED] - M4_total_bonus_spins_int = total_bonus_spins: null

2019-08-24 12:51:39 - [TEST_STEP][PASSED] - println("******M4_total_bonus_spins type is:*******" + newline + getClass().getName()): null

2019-08-24 12:51:39 - [TEST_STEP][PASSED] - M4_total_bonus_spins_int = M4_total_bonus_spins_int: null

2019-08-24 12:51:39 - [TEST_STEP][PASSED] - M4_total_bonus_spins = Integer.toString(M4_total_bonus_spins_int): null

2019-08-24 12:51:39 - [TEST_STEP][PASSED] - M4_total_bonus_spins = M4_total_bonus_spins: null

2019-08-24 12:51:39 - [TEST_STEP][PASSED] - println("M4_total_bonus_spins is:" + M4_total_bonus_spins): null

2019-08-24 12:51:39 - [TEST_STEP][PASSED] - M4_spin_bonus_data = bonus_data: null

2019-08-24 12:51:39 - [TEST_STEP][PASSED] - M4_spin_features_triggered = result_M4_spin: null

2019-08-24 12:51:39 - [TEST_STEP][PASSED] - wild = []: null

2019-08-24 12:51:39 - [TEST_STEP][PASSED] - wild[0] = "WILD_Expanding": null

2019-08-24 12:51:39 - [TEST_STEP][PASSED] - wild[1] = "WILD_Normal": null

2019-08-24 12:51:39 - [TEST_STEP][PASSED] - wild[2] = "WILD_Double": null

2019-08-24 12:51:39 - [TEST_STEP][PASSED] - wild[3] = "WILD_ExtraFG": null

2019-08-24 12:51:39 - [TEST_STEP][PASSED] - wild[4] = "WILD_Triple": null

2019-08-24 12:51:39 - [TEST_STEP][PASSED] - wildList = Arrays.asList(wild): null

2019-08-24 12:51:39 - [TEST_STEP][PASSED] - wildList = wildList: null

2019-08-24 12:51:39 - [TEST_STEP][PASSED] - free_spin_reel_counter = []: null

2019-08-24 12:51:39 - [TEST_STEP][PASSED] - free_spin_reel_counter[0] = 0: null

2019-08-24 12:51:39 - [TEST_STEP][PASSED] - free_spin_reel_counter[1] = 0: null

2019-08-24 12:51:39 - [TEST_STEP][PASSED] - free_spin_reel_counter[2] = 0: null

2019-08-24 12:51:39 - [TEST_STEP][PASSED] - M4_spin_reels = reels: null

2019-08-24 12:51:39 - [TEST_STEP][PASSED] - for ([i = 0, i &lt; M4_spin_reels.size(), (i++)]): null

2019-08-24 12:51:39 - [TEST_STEP][PASSED] - symbols = symbols: null

2019-08-24 12:51:39 - [TEST_STEP][PASSED] - for ([j = 0, j &lt; symbols.size(), (j++)]): null

2019-08-24 12:51:39 - [TEST_STEP][PASSED] - symbol = symbol: null

2019-08-24 12:51:39 - [TEST_STEP][PASSED] - println(symbol): null

2019-08-24 12:51:39 - [TEST_STEP][PASSED] - if (i == 2 &amp;&amp; wildList.indexOf(symbol) != -1): null

2019-08-24 12:51:39 - [TEST_STEP][PASSED] - if (i == 3 &amp;&amp; wildList.indexOf(symbol) != -1): null

2019-08-24 12:51:39 - [TEST_STEP][PASSED] - if (i == 4 &amp;&amp; wildList.indexOf(symbol) != -1): null

2019-08-24 12:51:39 - [TEST_STEP][PASSED] - symbol = symbol: null

2019-08-24 12:51:39 - [TEST_STEP][PASSED] - println(symbol): null

2019-08-24 12:51:39 - [TEST_STEP][PASSED] - if (i == 2 &amp;&amp; wildList.indexOf(symbol) != -1): null

2019-08-24 12:51:39 - [TEST_STEP][PASSED] - if (i == 3 &amp;&amp; wildList.indexOf(symbol) != -1): null

2019-08-24 12:51:39 - [TEST_STEP][PASSED] - if (i == 4 &amp;&amp; wildList.indexOf(symbol) != -1): null

2019-08-24 12:51:39 - [TEST_STEP][PASSED] - symbol = symbol: null

2019-08-24 12:51:39 - [TEST_STEP][PASSED] - println(symbol): null

2019-08-24 12:51:39 - [TEST_STEP][PASSED] - if (i == 2 &amp;&amp; wildList.indexOf(symbol) != -1): null

2019-08-24 12:51:39 - [TEST_STEP][PASSED] - if (i == 3 &amp;&amp; wildList.indexOf(symbol) != -1): null

2019-08-24 12:51:39 - [TEST_STEP][PASSED] - if (i == 4 &amp;&amp; wildList.indexOf(symbol) != -1): null

2019-08-24 12:51:39 - [TEST_STEP][PASSED] - symbols = symbols: null

2019-08-24 12:51:39 - [TEST_STEP][PASSED] - for ([j = 0, j &lt; symbols.size(), (j++)]): null

2019-08-24 12:51:39 - [TEST_STEP][PASSED] - symbol = symbol: null

2019-08-24 12:51:39 - [TEST_STEP][PASSED] - println(symbol): null

2019-08-24 12:51:39 - [TEST_STEP][PASSED] - if (i == 2 &amp;&amp; wildList.indexOf(symbol) != -1): null

2019-08-24 12:51:39 - [TEST_STEP][PASSED] - if (i == 3 &amp;&amp; wildList.indexOf(symbol) != -1): null

2019-08-24 12:51:39 - [TEST_STEP][PASSED] - if (i == 4 &amp;&amp; wildList.indexOf(symbol) != -1): null

2019-08-24 12:51:39 - [TEST_STEP][PASSED] - symbol = symbol: null

2019-08-24 12:51:39 - [TEST_STEP][PASSED] - println(symbol): null

2019-08-24 12:51:39 - [TEST_STEP][PASSED] - if (i == 2 &amp;&amp; wildList.indexOf(symbol) != -1): null

2019-08-24 12:51:39 - [TEST_STEP][PASSED] - if (i == 3 &amp;&amp; wildList.indexOf(symbol) != -1): null

2019-08-24 12:51:39 - [TEST_STEP][PASSED] - if (i == 4 &amp;&amp; wildList.indexOf(symbol) != -1): null

2019-08-24 12:51:39 - [TEST_STEP][PASSED] - symbol = symbol: null

2019-08-24 12:51:39 - [TEST_STEP][PASSED] - println(symbol): null

2019-08-24 12:51:39 - [TEST_STEP][PASSED] - if (i == 2 &amp;&amp; wildList.indexOf(symbol) != -1): null

2019-08-24 12:51:39 - [TEST_STEP][PASSED] - if (i == 3 &amp;&amp; wildList.indexOf(symbol) != -1): null

2019-08-24 12:51:39 - [TEST_STEP][PASSED] - if (i == 4 &amp;&amp; wildList.indexOf(symbol) != -1): null

2019-08-24 12:51:39 - [TEST_STEP][PASSED] - symbols = symbols: null

2019-08-24 12:51:39 - [TEST_STEP][PASSED] - for ([j = 0, j &lt; symbols.size(), (j++)]): null

2019-08-24 12:51:39 - [TEST_STEP][PASSED] - symbol = symbol: null

2019-08-24 12:51:39 - [TEST_STEP][PASSED] - println(symbol): null

2019-08-24 12:51:39 - [TEST_STEP][PASSED] - if (i == 2 &amp;&amp; wildList.indexOf(symbol) != -1): null

2019-08-24 12:51:39 - [TEST_STEP][PASSED] - if (i == 3 &amp;&amp; wildList.indexOf(symbol) != -1): null

2019-08-24 12:51:39 - [TEST_STEP][PASSED] - if (i == 4 &amp;&amp; wildList.indexOf(symbol) != -1): null

2019-08-24 12:51:39 - [TEST_STEP][PASSED] - symbol = symbol: null

2019-08-24 12:51:39 - [TEST_STEP][PASSED] - println(symbol): null

2019-08-24 12:51:39 - [TEST_STEP][PASSED] - if (i == 2 &amp;&amp; wildList.indexOf(symbol) != -1): null

2019-08-24 12:51:39 - [TEST_STEP][PASSED] - if (i == 3 &amp;&amp; wildList.indexOf(symbol) != -1): null

2019-08-24 12:51:39 - [TEST_STEP][PASSED] - if (i == 4 &amp;&amp; wildList.indexOf(symbol) != -1): null

2019-08-24 12:51:39 - [TEST_STEP][PASSED] - symbol = symbol: null

2019-08-24 12:51:39 - [TEST_STEP][PASSED] - println(symbol): null

2019-08-24 12:51:39 - [TEST_STEP][PASSED] - if (i == 2 &amp;&amp; wildList.indexOf(symbol) != -1): null

2019-08-24 12:51:39 - [TEST_STEP][PASSED] - if (i == 3 &amp;&amp; wildList.indexOf(symbol) != -1): null

2019-08-24 12:51:39 - [TEST_STEP][PASSED] - if (i == 4 &amp;&amp; wildList.indexOf(symbol) != -1): null

2019-08-24 12:51:39 - [TEST_STEP][PASSED] - symbols = symbols: null

2019-08-24 12:51:39 - [TEST_STEP][PASSED] - for ([j = 0, j &lt; symbols.size(), (j++)]): null

2019-08-24 12:51:39 - [TEST_STEP][PASSED] - symbol = symbol: null

2019-08-24 12:51:39 - [TEST_STEP][PASSED] - println(symbol): null

2019-08-24 12:51:39 - [TEST_STEP][PASSED] - if (i == 2 &amp;&amp; wildList.indexOf(symbol) != -1): null

2019-08-24 12:51:39 - [TEST_STEP][PASSED] - if (i == 3 &amp;&amp; wildList.indexOf(symbol) != -1): null

2019-08-24 12:51:39 - [TEST_STEP][PASSED] - if (i == 4 &amp;&amp; wildList.indexOf(symbol) != -1): null

2019-08-24 12:51:39 - [TEST_STEP][PASSED] - symbol = symbol: null

2019-08-24 12:51:39 - [TEST_STEP][PASSED] - println(symbol): null

2019-08-24 12:51:39 - [TEST_STEP][PASSED] - if (i == 2 &amp;&amp; wildList.indexOf(symbol) != -1): null

2019-08-24 12:51:39 - [TEST_STEP][PASSED] - if (i == 3 &amp;&amp; wildList.indexOf(symbol) != -1): null

2019-08-24 12:51:39 - [TEST_STEP][PASSED] - if (i == 4 &amp;&amp; wildList.indexOf(symbol) != -1): null

2019-08-24 12:51:39 - [TEST_STEP][PASSED] - symbol = symbol: null

2019-08-24 12:51:39 - [TEST_STEP][PASSED] - println(symbol): null

2019-08-24 12:51:39 - [TEST_STEP][PASSED] - if (i == 2 &amp;&amp; wildList.indexOf(symbol) != -1): null

2019-08-24 12:51:39 - [TEST_STEP][PASSED] - if (i == 3 &amp;&amp; wildList.indexOf(symbol) != -1): null

2019-08-24 12:51:39 - [TEST_STEP][PASSED] - println("wild found on reel 4, adding counter by 1"): null

2019-08-24 12:51:39 - [TEST_STEP][PASSED] - free_spin_reel_counter[1] = free_spin_reel_counter[1] + 1: null

2019-08-24 12:51:39 - [TEST_STEP][PASSED] - if (i == 4 &amp;&amp; wildList.indexOf(symbol) != -1): null

2019-08-24 12:51:39 - [TEST_STEP][PASSED] - symbols = symbols: null

2019-08-24 12:51:39 - [TEST_STEP][PASSED] - for ([j = 0, j &lt; symbols.size(), (j++)]): null

2019-08-24 12:51:39 - [TEST_STEP][PASSED] - symbol = symbol: null

2019-08-24 12:51:39 - [TEST_STEP][PASSED] - println(symbol): null

2019-08-24 12:51:39 - [TEST_STEP][PASSED] - if (i == 2 &amp;&amp; wildList.indexOf(symbol) != -1): null

2019-08-24 12:51:39 - [TEST_STEP][PASSED] - if (i == 3 &amp;&amp; wildList.indexOf(symbol) != -1): null

2019-08-24 12:51:39 - [TEST_STEP][PASSED] - if (i == 4 &amp;&amp; wildList.indexOf(symbol) != -1): null

2019-08-24 12:51:39 - [TEST_STEP][PASSED] - symbol = symbol: null

2019-08-24 12:51:39 - [TEST_STEP][PASSED] - println(symbol): null

2019-08-24 12:51:39 - [TEST_STEP][PASSED] - if (i == 2 &amp;&amp; wildList.indexOf(symbol) != -1): null

2019-08-24 12:51:39 - [TEST_STEP][PASSED] - if (i == 3 &amp;&amp; wildList.indexOf(symbol) != -1): null

2019-08-24 12:51:39 - [TEST_STEP][PASSED] - if (i == 4 &amp;&amp; wildList.indexOf(symbol) != -1): null

2019-08-24 12:51:39 - [TEST_STEP][PASSED] - println("wild found on reel 5, adding counter by 1"): null

2019-08-24 12:51:39 - [TEST_STEP][PASSED] - free_spin_reel_counter[2] = free_spin_reel_counter[2] + 1: null

2019-08-24 12:51:39 - [TEST_STEP][PASSED] - symbol = symbol: null

2019-08-24 12:51:39 - [TEST_STEP][PASSED] - println(symbol): null

2019-08-24 12:51:39 - [TEST_STEP][PASSED] - if (i == 2 &amp;&amp; wildList.indexOf(symbol) != -1): null

2019-08-24 12:51:39 - [TEST_STEP][PASSED] - if (i == 3 &amp;&amp; wildList.indexOf(symbol) != -1): null

2019-08-24 12:51:39 - [TEST_STEP][PASSED] - if (i == 4 &amp;&amp; wildList.indexOf(symbol) != -1): null

2019-08-24 12:51:39 - [TEST_STEP][PASSED] - free_spin_reel_counter = free_spin_reel_counter: null

2019-08-24 12:51:39 - [TEST_STEP][PASSED] - println("reel 3 wild found: " + free_spin_reel_counter[0]): null

2019-08-24 12:51:39 - [TEST_STEP][PASSED] - println("reel 4 wild found: " + free_spin_reel_counter[1]): null

2019-08-24 12:51:39 - [TEST_STEP][PASSED] - println("reel 5 wild found: " + free_spin_reel_counter[2]): null

2019-08-24 12:51:39 - [TEST_STEP][PASSED] - M4_spin_reels = M4_spin_reels: null

2019-08-24 12:51:39 - [TEST_STEP][PASSED] - M4_spin_reels_symbols = symbol: null

2019-08-24 12:51:39 - [TEST_STEP][PASSED] - M4_spin_reels_symbols = M4_spin_reels_symbols: null

2019-08-24 12:51:39 - [TEST_STEP][PASSED] - M4_spin_reel_wins = reel_wins: null

2019-08-24 12:51:39 - [TEST_STEP][PASSED] - M4_spin_reel_wins = M4_spin_reel_wins: null

2019-08-24 12:51:39 - [TEST_STEP][PASSED] - println("GlobalVariable.M4_spin_reel_wins is: " + M4_spin_reel_wins): null

2019-08-24 12:51:39 - [TEST_STEP][PASSED] - M4_spin_total_bonus_win_this_round = total_bonus_win_this_round: null

2019-08-24 12:51:39 - [TEST_STEP][PASSED] - M4_spin_total_bonus_win_this_round = M4_spin_total_bonus_win_this_round: null

2019-08-24 12:51:39 - [TEST_STEP][PASSED] - println("GlobalVariable.M4_spin_total_bonus_win_this_round is: " + M4_spin_total_bonus_win_this_round): null

2019-08-24 12:51:39 - [TEST_STEP][PASSED] - M4_spin_bonus_spin_result = spin_result: null

2019-08-24 12:51:39 - [TEST_STEP][PASSED] - M4_spin_bonus_spin_result = M4_spin_bonus_spin_result: null

2019-08-24 12:51:39 - [MESSAGE][PASSED] - Verify response successfully

2019-08-24 12:51:39 - [MESSAGE][PASSED] - Send request and verify the response successfully

2019-08-24 12:51:39 - [TEST_STEP][PASSED] - if (M4_total_bonus_spins_int != 0 &amp;&amp; M4_spin_reels_symbols[2].contains("WILD_Double") || M4_spin_reels_symbols[4].contains("WILD_Triple")): null

2019-08-24 12:51:39 - [TEST_STEP][PASSED] - free_spin_reel_counter = free_spin_reel_counter: null

2019-08-24 12:51:39 - [TEST_STEP][PASSED] - M4_spin_reels_symbols = M4_spin_reels_symbols: null

2019-08-24 12:51:39 - [TEST_STEP][PASSED] - M4_total_bonus_spins = M4_total_bonus_spins: null

2019-08-24 12:51:39 - [TEST_STEP][PASSED] - spin_result = sendRequestAndVerify(findTestObject("INT/RGS(M4)/1_M4_spin", ["M4_login_user_id":M4_login_user_id, "rgs_session_token":rgs_session_token, "partner":Partner])): Send request and verify the response successfully

2019-08-24 12:51:39 - [MESSAGE][INFO] - HAR: /Users/eiralee/Katalon_Script/SuperWild/Reports/20190824_124242/INT/superWild_4/20190824_124242/requests/main/162.har

2019-08-24 12:51:40 - [TEST_CASE][PASSED] - Start Test Case : Verification: Verification accomplished successfully

2019-08-24 12:51:40 - [TEST_STEP][PASSED] - request = getInstance().getCurrentRequest(): null

2019-08-24 12:51:40 - [TEST_STEP][PASSED] - response = getInstance().getCurrentResponse(): null

2019-08-24 12:51:40 - [TEST_STEP][PASSED] - verifyResponseStatusCode(response, 200): Verify response status code successfully

2019-08-24 12:51:40 - [MESSAGE][PASSED] - Verify response status code successfully

2019-08-24 12:51:40 - [TEST_STEP][PASSED] - getStatusCode()).isEqualTo(200): null

2019-08-24 12:51:40 - [TEST_STEP][PASSED] - newline = System.getProperty("line.separator"): null

2019-08-24 12:51:40 - [TEST_STEP][PASSED] - M4_spin = new groovy.json.JsonSlurper(): null

2019-08-24 12:51:40 - [TEST_STEP][PASSED] - result_M4_spin = M4_spin.parseText(response.getResponseBodyContent()): null

2019-08-24 12:51:40 - [TEST_STEP][PASSED] - M4_spin_current_balance = current_balance: null

2019-08-24 12:51:40 - [TEST_STEP][PASSED] - M4_spin_current_balance = M4_spin_current_balance: null

2019-08-24 12:51:40 - [TEST_STEP][PASSED] - M4_spin_transaction_id = causality: null

2019-08-24 12:51:40 - [TEST_STEP][PASSED] - M4_spin_transaction_id = M4_spin_transaction_id: null

2019-08-24 12:51:40 - [TEST_STEP][PASSED] - M4_spin_round_id = round_id: null

2019-08-24 12:51:40 - [TEST_STEP][PASSED] - M4_spin_round_id = M4_spin_round_id: null

2019-08-24 12:51:40 - [TEST_STEP][PASSED] - M4_spin_line_wins = line_wins: null

2019-08-24 12:51:40 - [TEST_STEP][PASSED] - M4_spin_line_wins = M4_spin_line_wins: null

2019-08-24 12:51:40 - [TEST_STEP][PASSED] - M4_total_bonus_spins_int = total_bonus_spins: null

2019-08-24 12:51:40 - [TEST_STEP][PASSED] - println("******M4_total_bonus_spins type is:*******" + newline + getClass().getName()): null

2019-08-24 12:51:40 - [TEST_STEP][PASSED] - M4_total_bonus_spins_int = M4_total_bonus_spins_int: null

2019-08-24 12:51:40 - [TEST_STEP][PASSED] - M4_total_bonus_spins = Integer.toString(M4_total_bonus_spins_int): null

2019-08-24 12:51:40 - [TEST_STEP][PASSED] - M4_total_bonus_spins = M4_total_bonus_spins: null

2019-08-24 12:51:40 - [TEST_STEP][PASSED] - println("M4_total_bonus_spins is:" + M4_total_bonus_spins): null

2019-08-24 12:51:40 - [TEST_STEP][PASSED] - M4_spin_bonus_data = bonus_data: null

2019-08-24 12:51:40 - [TEST_STEP][PASSED] - M4_spin_features_triggered = result_M4_spin: null

2019-08-24 12:51:40 - [TEST_STEP][PASSED] - wild = []: null

2019-08-24 12:51:40 - [TEST_STEP][PASSED] - wild[0] = "WILD_Expanding": null

2019-08-24 12:51:40 - [TEST_STEP][PASSED] - wild[1] = "WILD_Normal": null

2019-08-24 12:51:40 - [TEST_STEP][PASSED] - wild[2] = "WILD_Double": null

2019-08-24 12:51:40 - [TEST_STEP][PASSED] - wild[3] = "WILD_ExtraFG": null

2019-08-24 12:51:40 - [TEST_STEP][PASSED] - wild[4] = "WILD_Triple": null

2019-08-24 12:51:40 - [TEST_STEP][PASSED] - wildList = Arrays.asList(wild): null

2019-08-24 12:51:40 - [TEST_STEP][PASSED] - wildList = wildList: null

2019-08-24 12:51:40 - [TEST_STEP][PASSED] - free_spin_reel_counter = []: null

2019-08-24 12:51:40 - [TEST_STEP][PASSED] - free_spin_reel_counter[0] = 0: null

2019-08-24 12:51:40 - [TEST_STEP][PASSED] - free_spin_reel_counter[1] = 0: null

2019-08-24 12:51:40 - [TEST_STEP][PASSED] - free_spin_reel_counter[2] = 0: null

2019-08-24 12:51:40 - [TEST_STEP][PASSED] - M4_spin_reels = reels: null

2019-08-24 12:51:40 - [TEST_STEP][PASSED] - for ([i = 0, i &lt; M4_spin_reels.size(), (i++)]): null

2019-08-24 12:51:40 - [TEST_STEP][PASSED] - symbols = symbols: null

2019-08-24 12:51:40 - [TEST_STEP][PASSED] - for ([j = 0, j &lt; symbols.size(), (j++)]): null

2019-08-24 12:51:40 - [TEST_STEP][PASSED] - symbol = symbol: null

2019-08-24 12:51:40 - [TEST_STEP][PASSED] - println(symbol): null

2019-08-24 12:51:40 - [TEST_STEP][PASSED] - if (i == 2 &amp;&amp; wildList.indexOf(symbol) != -1): null

2019-08-24 12:51:40 - [TEST_STEP][PASSED] - if (i == 3 &amp;&amp; wildList.indexOf(symbol) != -1): null

2019-08-24 12:51:40 - [TEST_STEP][PASSED] - if (i == 4 &amp;&amp; wildList.indexOf(symbol) != -1): null

2019-08-24 12:51:40 - [TEST_STEP][PASSED] - symbol = symbol: null

2019-08-24 12:51:40 - [TEST_STEP][PASSED] - println(symbol): null

2019-08-24 12:51:40 - [TEST_STEP][PASSED] - if (i == 2 &amp;&amp; wildList.indexOf(symbol) != -1): null

2019-08-24 12:51:40 - [TEST_STEP][PASSED] - if (i == 3 &amp;&amp; wildList.indexOf(symbol) != -1): null

2019-08-24 12:51:40 - [TEST_STEP][PASSED] - if (i == 4 &amp;&amp; wildList.indexOf(symbol) != -1): null

2019-08-24 12:51:40 - [TEST_STEP][PASSED] - symbol = symbol: null

2019-08-24 12:51:40 - [TEST_STEP][PASSED] - println(symbol): null

2019-08-24 12:51:40 - [TEST_STEP][PASSED] - if (i == 2 &amp;&amp; wildList.indexOf(symbol) != -1): null

2019-08-24 12:51:40 - [TEST_STEP][PASSED] - if (i == 3 &amp;&amp; wildList.indexOf(symbol) != -1): null

2019-08-24 12:51:40 - [TEST_STEP][PASSED] - if (i == 4 &amp;&amp; wildList.indexOf(symbol) != -1): null

2019-08-24 12:51:40 - [TEST_STEP][PASSED] - symbols = symbols: null

2019-08-24 12:51:40 - [TEST_STEP][PASSED] - for ([j = 0, j &lt; symbols.size(), (j++)]): null

2019-08-24 12:51:40 - [TEST_STEP][PASSED] - symbol = symbol: null

2019-08-24 12:51:40 - [TEST_STEP][PASSED] - println(symbol): null

2019-08-24 12:51:40 - [TEST_STEP][PASSED] - if (i == 2 &amp;&amp; wildList.indexOf(symbol) != -1): null

2019-08-24 12:51:40 - [TEST_STEP][PASSED] - if (i == 3 &amp;&amp; wildList.indexOf(symbol) != -1): null

2019-08-24 12:51:40 - [TEST_STEP][PASSED] - if (i == 4 &amp;&amp; wildList.indexOf(symbol) != -1): null

2019-08-24 12:51:40 - [TEST_STEP][PASSED] - symbol = symbol: null

2019-08-24 12:51:40 - [TEST_STEP][PASSED] - println(symbol): null

2019-08-24 12:51:40 - [TEST_STEP][PASSED] - if (i == 2 &amp;&amp; wildList.indexOf(symbol) != -1): null

2019-08-24 12:51:40 - [TEST_STEP][PASSED] - if (i == 3 &amp;&amp; wildList.indexOf(symbol) != -1): null

2019-08-24 12:51:40 - [TEST_STEP][PASSED] - if (i == 4 &amp;&amp; wildList.indexOf(symbol) != -1): null

2019-08-24 12:51:40 - [TEST_STEP][PASSED] - symbol = symbol: null

2019-08-24 12:51:40 - [TEST_STEP][PASSED] - println(symbol): null

2019-08-24 12:51:40 - [TEST_STEP][PASSED] - if (i == 2 &amp;&amp; wildList.indexOf(symbol) != -1): null

2019-08-24 12:51:40 - [TEST_STEP][PASSED] - if (i == 3 &amp;&amp; wildList.indexOf(symbol) != -1): null

2019-08-24 12:51:40 - [TEST_STEP][PASSED] - if (i == 4 &amp;&amp; wildList.indexOf(symbol) != -1): null

2019-08-24 12:51:40 - [TEST_STEP][PASSED] - symbols = symbols: null

2019-08-24 12:51:40 - [TEST_STEP][PASSED] - for ([j = 0, j &lt; symbols.size(), (j++)]): null

2019-08-24 12:51:40 - [TEST_STEP][PASSED] - symbol = symbol: null

2019-08-24 12:51:40 - [TEST_STEP][PASSED] - println(symbol): null

2019-08-24 12:51:40 - [TEST_STEP][PASSED] - if (i == 2 &amp;&amp; wildList.indexOf(symbol) != -1): null

2019-08-24 12:51:40 - [TEST_STEP][PASSED] - if (i == 3 &amp;&amp; wildList.indexOf(symbol) != -1): null

2019-08-24 12:51:40 - [TEST_STEP][PASSED] - if (i == 4 &amp;&amp; wildList.indexOf(symbol) != -1): null

2019-08-24 12:51:40 - [TEST_STEP][PASSED] - symbol = symbol: null

2019-08-24 12:51:40 - [TEST_STEP][PASSED] - println(symbol): null

2019-08-24 12:51:40 - [TEST_STEP][PASSED] - if (i == 2 &amp;&amp; wildList.indexOf(symbol) != -1): null

2019-08-24 12:51:40 - [TEST_STEP][PASSED] - if (i == 3 &amp;&amp; wildList.indexOf(symbol) != -1): null

2019-08-24 12:51:40 - [TEST_STEP][PASSED] - if (i == 4 &amp;&amp; wildList.indexOf(symbol) != -1): null

2019-08-24 12:51:40 - [TEST_STEP][PASSED] - symbol = symbol: null

2019-08-24 12:51:40 - [TEST_STEP][PASSED] - println(symbol): null

2019-08-24 12:51:40 - [TEST_STEP][PASSED] - if (i == 2 &amp;&amp; wildList.indexOf(symbol) != -1): null

2019-08-24 12:51:40 - [TEST_STEP][PASSED] - if (i == 3 &amp;&amp; wildList.indexOf(symbol) != -1): null

2019-08-24 12:51:40 - [TEST_STEP][PASSED] - if (i == 4 &amp;&amp; wildList.indexOf(symbol) != -1): null

2019-08-24 12:51:40 - [TEST_STEP][PASSED] - symbols = symbols: null

2019-08-24 12:51:40 - [TEST_STEP][PASSED] - for ([j = 0, j &lt; symbols.size(), (j++)]): null

2019-08-24 12:51:40 - [TEST_STEP][PASSED] - symbol = symbol: null

2019-08-24 12:51:40 - [TEST_STEP][PASSED] - println(symbol): null

2019-08-24 12:51:40 - [TEST_STEP][PASSED] - if (i == 2 &amp;&amp; wildList.indexOf(symbol) != -1): null

2019-08-24 12:51:40 - [TEST_STEP][PASSED] - if (i == 3 &amp;&amp; wildList.indexOf(symbol) != -1): null

2019-08-24 12:51:40 - [TEST_STEP][PASSED] - if (i == 4 &amp;&amp; wildList.indexOf(symbol) != -1): null

2019-08-24 12:51:40 - [TEST_STEP][PASSED] - symbol = symbol: null

2019-08-24 12:51:40 - [TEST_STEP][PASSED] - println(symbol): null

2019-08-24 12:51:40 - [TEST_STEP][PASSED] - if (i == 2 &amp;&amp; wildList.indexOf(symbol) != -1): null

2019-08-24 12:51:40 - [TEST_STEP][PASSED] - if (i == 3 &amp;&amp; wildList.indexOf(symbol) != -1): null

2019-08-24 12:51:40 - [TEST_STEP][PASSED] - if (i == 4 &amp;&amp; wildList.indexOf(symbol) != -1): null

2019-08-24 12:51:40 - [TEST_STEP][PASSED] - symbol = symbol: null

2019-08-24 12:51:40 - [TEST_STEP][PASSED] - println(symbol): null

2019-08-24 12:51:40 - [TEST_STEP][PASSED] - if (i == 2 &amp;&amp; wildList.indexOf(symbol) != -1): null

2019-08-24 12:51:40 - [TEST_STEP][PASSED] - if (i == 3 &amp;&amp; wildList.indexOf(symbol) != -1): null

2019-08-24 12:51:40 - [TEST_STEP][PASSED] - if (i == 4 &amp;&amp; wildList.indexOf(symbol) != -1): null

2019-08-24 12:51:40 - [TEST_STEP][PASSED] - symbols = symbols: null

2019-08-24 12:51:40 - [TEST_STEP][PASSED] - for ([j = 0, j &lt; symbols.size(), (j++)]): null

2019-08-24 12:51:40 - [TEST_STEP][PASSED] - symbol = symbol: null

2019-08-24 12:51:40 - [TEST_STEP][PASSED] - println(symbol): null

2019-08-24 12:51:40 - [TEST_STEP][PASSED] - if (i == 2 &amp;&amp; wildList.indexOf(symbol) != -1): null

2019-08-24 12:51:40 - [TEST_STEP][PASSED] - if (i == 3 &amp;&amp; wildList.indexOf(symbol) != -1): null

2019-08-24 12:51:40 - [TEST_STEP][PASSED] - if (i == 4 &amp;&amp; wildList.indexOf(symbol) != -1): null

2019-08-24 12:51:40 - [TEST_STEP][PASSED] - symbol = symbol: null

2019-08-24 12:51:40 - [TEST_STEP][PASSED] - println(symbol): null

2019-08-24 12:51:40 - [TEST_STEP][PASSED] - if (i == 2 &amp;&amp; wildList.indexOf(symbol) != -1): null

2019-08-24 12:51:40 - [TEST_STEP][PASSED] - if (i == 3 &amp;&amp; wildList.indexOf(symbol) != -1): null

2019-08-24 12:51:40 - [TEST_STEP][PASSED] - if (i == 4 &amp;&amp; wildList.indexOf(symbol) != -1): null

2019-08-24 12:51:40 - [TEST_STEP][PASSED] - symbol = symbol: null

2019-08-24 12:51:40 - [TEST_STEP][PASSED] - println(symbol): null

2019-08-24 12:51:44 - [TEST_STEP][PASSED] - if (i == 2 &amp;&amp; wildList.indexOf(symbol) != -1): null

2019-08-24 12:51:44 - [TEST_STEP][PASSED] - if (i == 3 &amp;&amp; wildList.indexOf(symbol) != -1): null

2019-08-24 12:51:44 - [TEST_STEP][PASSED] - if (i == 4 &amp;&amp; wildList.indexOf(symbol) != -1): null

2019-08-24 12:51:44 - [TEST_STEP][PASSED] - free_spin_reel_counter = free_spin_reel_counter: null

2019-08-24 12:51:44 - [TEST_STEP][PASSED] - println("reel 3 wild found: " + free_spin_reel_counter[0]): null

2019-08-24 12:51:44 - [TEST_STEP][PASSED] - println("reel 4 wild found: " + free_spin_reel_counter[1]): null

2019-08-24 12:51:44 - [TEST_STEP][PASSED] - println("reel 5 wild found: " + free_spin_reel_counter[2]): null

2019-08-24 12:51:44 - [TEST_STEP][PASSED] - M4_spin_reels = M4_spin_reels: null

2019-08-24 12:51:44 - [TEST_STEP][PASSED] - M4_spin_reels_symbols = symbol: null

2019-08-24 12:51:49 - [TEST_STEP][PASSED] - M4_spin_reels_symbols = M4_spin_reels_symbols: null

2019-08-24 12:51:49 - [TEST_STEP][PASSED] - M4_spin_reel_wins = reel_wins: null

2019-08-24 12:51:49 - [TEST_STEP][PASSED] - M4_spin_reel_wins = M4_spin_reel_wins: null

2019-08-24 12:51:49 - [TEST_STEP][PASSED] - println("GlobalVariable.M4_spin_reel_wins is: " + M4_spin_reel_wins): null

2019-08-24 12:51:49 - [TEST_STEP][PASSED] - M4_spin_total_bonus_win_this_round = total_bonus_win_this_round: null

2019-08-24 12:51:54 - [TEST_STEP][PASSED] - M4_spin_total_bonus_win_this_round = M4_spin_total_bonus_win_this_round: null

2019-08-24 12:51:54 - [TEST_STEP][PASSED] - println("GlobalVariable.M4_spin_total_bonus_win_this_round is: " + M4_spin_total_bonus_win_this_round): null

2019-08-24 12:51:54 - [TEST_STEP][PASSED] - M4_spin_bonus_spin_result = spin_result: null

2019-08-24 12:51:54 - [TEST_STEP][PASSED] - M4_spin_bonus_spin_result = M4_spin_bonus_spin_result: null

2019-08-24 12:51:54 - [MESSAGE][PASSED] - Verify response successfully

2019-08-24 12:51:54 - [MESSAGE][PASSED] - Send request and verify the response successfully

2019-08-24 12:51:54 - [TEST_STEP][PASSED] - if (M4_total_bonus_spins_int != 0 &amp;&amp; M4_spin_reels_symbols[2].contains("WILD_Double") || M4_spin_reels_symbols[4].contains("WILD_Triple")): null

2019-08-24 12:51:54 - [TEST_STEP][PASSED] - free_spin_reel_counter = free_spin_reel_counter: null

2019-08-24 12:51:54 - [TEST_STEP][PASSED] - M4_spin_reels_symbols = M4_spin_reels_symbols: null

2019-08-24 12:51:54 - [TEST_STEP][PASSED] - M4_total_bonus_spins = M4_total_bonus_spins: null

2019-08-24 12:51:54 - [TEST_STEP][PASSED] - spin_result = sendRequestAndVerify(findTestObject("INT/RGS(M4)/1_M4_spin", ["M4_login_user_id":M4_login_user_id, "rgs_session_token":rgs_session_token, "partner":Partner])): Send request and verify the response successfully

2019-08-24 12:51:56 - [MESSAGE][INFO] - HAR: /Users/eiralee/Katalon_Script/SuperWild/Reports/20190824_124242/INT/superWild_4/20190824_124242/requests/main/163.har

2019-08-24 12:51:56 - [TEST_CASE][PASSED] - Start Test Case : Verification: Verification accomplished successfully

2019-08-24 12:51:56 - [TEST_STEP][PASSED] - request = getInstance().getCurrentRequest(): null

2019-08-24 12:51:56 - [TEST_STEP][PASSED] - response = getInstance().getCurrentResponse(): null

2019-08-24 12:51:56 - [TEST_STEP][PASSED] - verifyResponseStatusCode(response, 200): Verify response status code successfully

2019-08-24 12:51:56 - [MESSAGE][PASSED] - Verify response status code successfully

2019-08-24 12:51:56 - [TEST_STEP][PASSED] - getStatusCode()).isEqualTo(200): null

2019-08-24 12:51:56 - [TEST_STEP][PASSED] - newline = System.getProperty("line.separator"): null

2019-08-24 12:51:56 - [TEST_STEP][PASSED] - M4_spin = new groovy.json.JsonSlurper(): null

2019-08-24 12:51:56 - [TEST_STEP][PASSED] - result_M4_spin = M4_spin.parseText(response.getResponseBodyContent()): null

2019-08-24 12:51:56 - [TEST_STEP][PASSED] - M4_spin_current_balance = current_balance: null

2019-08-24 12:51:56 - [TEST_STEP][PASSED] - M4_spin_current_balance = M4_spin_current_balance: null

2019-08-24 12:51:56 - [TEST_STEP][PASSED] - M4_spin_transaction_id = causality: null

2019-08-24 12:51:56 - [TEST_STEP][PASSED] - M4_spin_transaction_id = M4_spin_transaction_id: null

2019-08-24 12:51:56 - [TEST_STEP][PASSED] - M4_spin_round_id = round_id: null

2019-08-24 12:51:56 - [TEST_STEP][PASSED] - M4_spin_round_id = M4_spin_round_id: null

2019-08-24 12:51:56 - [TEST_STEP][PASSED] - M4_spin_line_wins = line_wins: null

2019-08-24 12:51:56 - [TEST_STEP][PASSED] - M4_spin_line_wins = M4_spin_line_wins: null

2019-08-24 12:51:56 - [TEST_STEP][PASSED] - M4_total_bonus_spins_int = total_bonus_spins: null

2019-08-24 12:51:56 - [TEST_STEP][PASSED] - println("******M4_total_bonus_spins type is:*******" + newline + getClass().getName()): null

2019-08-24 12:51:56 - [TEST_STEP][PASSED] - M4_total_bonus_spins_int = M4_total_bonus_spins_int: null

2019-08-24 12:51:56 - [TEST_STEP][PASSED] - M4_total_bonus_spins = Integer.toString(M4_total_bonus_spins_int): null

2019-08-24 12:51:56 - [TEST_STEP][PASSED] - M4_total_bonus_spins = M4_total_bonus_spins: null

2019-08-24 12:51:56 - [TEST_STEP][PASSED] - println("M4_total_bonus_spins is:" + M4_total_bonus_spins): null

2019-08-24 12:51:56 - [TEST_STEP][PASSED] - M4_spin_bonus_data = bonus_data: null

2019-08-24 12:51:56 - [TEST_STEP][PASSED] - M4_spin_features_triggered = result_M4_spin: null

2019-08-24 12:51:56 - [TEST_STEP][PASSED] - wild = []: null

2019-08-24 12:51:56 - [TEST_STEP][PASSED] - wild[0] = "WILD_Expanding": null

2019-08-24 12:51:56 - [TEST_STEP][PASSED] - wild[1] = "WILD_Normal": null

2019-08-24 12:51:56 - [TEST_STEP][PASSED] - wild[2] = "WILD_Double": null

2019-08-24 12:51:56 - [TEST_STEP][PASSED] - wild[3] = "WILD_ExtraFG": null

2019-08-24 12:51:56 - [TEST_STEP][PASSED] - wild[4] = "WILD_Triple": null

2019-08-24 12:51:56 - [TEST_STEP][PASSED] - wildList = Arrays.asList(wild): null

2019-08-24 12:51:56 - [TEST_STEP][PASSED] - wildList = wildList: null

2019-08-24 12:51:56 - [TEST_STEP][PASSED] - free_spin_reel_counter = []: null

2019-08-24 12:51:56 - [TEST_STEP][PASSED] - free_spin_reel_counter[0] = 0: null

2019-08-24 12:51:56 - [TEST_STEP][PASSED] - free_spin_reel_counter[1] = 0: null

2019-08-24 12:51:56 - [TEST_STEP][PASSED] - free_spin_reel_counter[2] = 0: null

2019-08-24 12:51:56 - [TEST_STEP][PASSED] - M4_spin_reels = reels: null

2019-08-24 12:51:56 - [TEST_STEP][PASSED] - for ([i = 0, i &lt; M4_spin_reels.size(), (i++)]): null

2019-08-24 12:51:56 - [TEST_STEP][PASSED] - symbols = symbols: null

2019-08-24 12:51:56 - [TEST_STEP][PASSED] - for ([j = 0, j &lt; symbols.size(), (j++)]): null

2019-08-24 12:51:56 - [TEST_STEP][PASSED] - symbol = symbol: null

2019-08-24 12:51:56 - [TEST_STEP][PASSED] - println(symbol): null

2019-08-24 12:51:56 - [TEST_STEP][PASSED] - if (i == 2 &amp;&amp; wildList.indexOf(symbol) != -1): null

2019-08-24 12:51:56 - [TEST_STEP][PASSED] - if (i == 3 &amp;&amp; wildList.indexOf(symbol) != -1): null

2019-08-24 12:51:56 - [TEST_STEP][PASSED] - if (i == 4 &amp;&amp; wildList.indexOf(symbol) != -1): null

2019-08-24 12:51:56 - [TEST_STEP][PASSED] - symbol = symbol: null

2019-08-24 12:51:56 - [TEST_STEP][PASSED] - println(symbol): null

2019-08-24 12:51:56 - [TEST_STEP][PASSED] - if (i == 2 &amp;&amp; wildList.indexOf(symbol) != -1): null

2019-08-24 12:51:56 - [TEST_STEP][PASSED] - if (i == 3 &amp;&amp; wildList.indexOf(symbol) != -1): null

2019-08-24 12:51:56 - [TEST_STEP][PASSED] - if (i == 4 &amp;&amp; wildList.indexOf(symbol) != -1): null

2019-08-24 12:51:56 - [TEST_STEP][PASSED] - symbol = symbol: null

2019-08-24 12:51:56 - [TEST_STEP][PASSED] - println(symbol): null

2019-08-24 12:51:56 - [TEST_STEP][PASSED] - if (i == 2 &amp;&amp; wildList.indexOf(symbol) != -1): null

2019-08-24 12:51:56 - [TEST_STEP][PASSED] - if (i == 3 &amp;&amp; wildList.indexOf(symbol) != -1): null

2019-08-24 12:51:56 - [TEST_STEP][PASSED] - if (i == 4 &amp;&amp; wildList.indexOf(symbol) != -1): null

2019-08-24 12:51:56 - [TEST_STEP][PASSED] - symbols = symbols: null

2019-08-24 12:51:56 - [TEST_STEP][PASSED] - for ([j = 0, j &lt; symbols.size(), (j++)]): null

2019-08-24 12:51:56 - [TEST_STEP][PASSED] - symbol = symbol: null

2019-08-24 12:51:56 - [TEST_STEP][PASSED] - println(symbol): null

2019-08-24 12:51:56 - [TEST_STEP][PASSED] - if (i == 2 &amp;&amp; wildList.indexOf(symbol) != -1): null

2019-08-24 12:51:56 - [TEST_STEP][PASSED] - if (i == 3 &amp;&amp; wildList.indexOf(symbol) != -1): null

2019-08-24 12:51:56 - [TEST_STEP][PASSED] - if (i == 4 &amp;&amp; wildList.indexOf(symbol) != -1): null

2019-08-24 12:51:56 - [TEST_STEP][PASSED] - symbol = symbol: null

2019-08-24 12:51:56 - [TEST_STEP][PASSED] - println(symbol): null

2019-08-24 12:51:56 - [TEST_STEP][PASSED] - if (i == 2 &amp;&amp; wildList.indexOf(symbol) != -1): null

2019-08-24 12:51:56 - [TEST_STEP][PASSED] - if (i == 3 &amp;&amp; wildList.indexOf(symbol) != -1): null

2019-08-24 12:51:56 - [TEST_STEP][PASSED] - if (i == 4 &amp;&amp; wildList.indexOf(symbol) != -1): null

2019-08-24 12:51:56 - [TEST_STEP][PASSED] - symbol = symbol: null

2019-08-24 12:51:56 - [TEST_STEP][PASSED] - println(symbol): null

2019-08-24 12:51:56 - [TEST_STEP][PASSED] - if (i == 2 &amp;&amp; wildList.indexOf(symbol) != -1): null

2019-08-24 12:51:56 - [TEST_STEP][PASSED] - if (i == 3 &amp;&amp; wildList.indexOf(symbol) != -1): null

2019-08-24 12:51:56 - [TEST_STEP][PASSED] - if (i == 4 &amp;&amp; wildList.indexOf(symbol) != -1): null

2019-08-24 12:51:56 - [TEST_STEP][PASSED] - symbols = symbols: null

2019-08-24 12:51:56 - [TEST_STEP][PASSED] - for ([j = 0, j &lt; symbols.size(), (j++)]): null

2019-08-24 12:51:56 - [TEST_STEP][PASSED] - symbol = symbol: null

2019-08-24 12:51:56 - [TEST_STEP][PASSED] - println(symbol): null

2019-08-24 12:51:56 - [TEST_STEP][PASSED] - if (i == 2 &amp;&amp; wildList.indexOf(symbol) != -1): null

2019-08-24 12:51:56 - [TEST_STEP][PASSED] - println("wild found on reel 3, adding counter by 1"): null

2019-08-24 12:51:56 - [TEST_STEP][PASSED] - free_spin_reel_counter[0] = free_spin_reel_counter[0] + 1: null

2019-08-24 12:51:56 - [TEST_STEP][PASSED] - if (i == 3 &amp;&amp; wildList.indexOf(symbol) != -1): null

2019-08-24 12:51:56 - [TEST_STEP][PASSED] - if (i == 4 &amp;&amp; wildList.indexOf(symbol) != -1): null

2019-08-24 12:51:56 - [TEST_STEP][PASSED] - symbol = symbol: null

2019-08-24 12:51:56 - [TEST_STEP][PASSED] - println(symbol): null

2019-08-24 12:51:56 - [TEST_STEP][PASSED] - if (i == 2 &amp;&amp; wildList.indexOf(symbol) != -1): null

2019-08-24 12:51:56 - [TEST_STEP][PASSED] - if (i == 3 &amp;&amp; wildList.indexOf(symbol) != -1): null

2019-08-24 12:51:56 - [TEST_STEP][PASSED] - if (i == 4 &amp;&amp; wildList.indexOf(symbol) != -1): null

2019-08-24 12:51:56 - [TEST_STEP][PASSED] - symbol = symbol: null

2019-08-24 12:51:56 - [TEST_STEP][PASSED] - println(symbol): null

2019-08-24 12:51:56 - [TEST_STEP][PASSED] - if (i == 2 &amp;&amp; wildList.indexOf(symbol) != -1): null

2019-08-24 12:51:56 - [TEST_STEP][PASSED] - if (i == 3 &amp;&amp; wildList.indexOf(symbol) != -1): null

2019-08-24 12:51:56 - [TEST_STEP][PASSED] - if (i == 4 &amp;&amp; wildList.indexOf(symbol) != -1): null

2019-08-24 12:51:56 - [TEST_STEP][PASSED] - symbols = symbols: null

2019-08-24 12:51:56 - [TEST_STEP][PASSED] - for ([j = 0, j &lt; symbols.size(), (j++)]): null

2019-08-24 12:51:56 - [TEST_STEP][PASSED] - symbol = symbol: null

2019-08-24 12:51:56 - [TEST_STEP][PASSED] - println(symbol): null

2019-08-24 12:51:56 - [TEST_STEP][PASSED] - if (i == 2 &amp;&amp; wildList.indexOf(symbol) != -1): null

2019-08-24 12:51:56 - [TEST_STEP][PASSED] - if (i == 3 &amp;&amp; wildList.indexOf(symbol) != -1): null

2019-08-24 12:51:56 - [TEST_STEP][PASSED] - if (i == 4 &amp;&amp; wildList.indexOf(symbol) != -1): null

2019-08-24 12:51:56 - [TEST_STEP][PASSED] - symbol = symbol: null

2019-08-24 12:51:56 - [TEST_STEP][PASSED] - println(symbol): null

2019-08-24 12:51:56 - [TEST_STEP][PASSED] - if (i == 2 &amp;&amp; wildList.indexOf(symbol) != -1): null

2019-08-24 12:51:56 - [TEST_STEP][PASSED] - if (i == 3 &amp;&amp; wildList.indexOf(symbol) != -1): null

2019-08-24 12:51:56 - [TEST_STEP][PASSED] - if (i == 4 &amp;&amp; wildList.indexOf(symbol) != -1): null

2019-08-24 12:51:56 - [TEST_STEP][PASSED] - symbol = symbol: null

2019-08-24 12:51:56 - [TEST_STEP][PASSED] - println(symbol): null

2019-08-24 12:51:56 - [TEST_STEP][PASSED] - if (i == 2 &amp;&amp; wildList.indexOf(symbol) != -1): null

2019-08-24 12:51:56 - [TEST_STEP][PASSED] - if (i == 3 &amp;&amp; wildList.indexOf(symbol) != -1): null

2019-08-24 12:51:56 - [TEST_STEP][PASSED] - println("wild found on reel 4, adding counter by 1"): null

2019-08-24 12:51:56 - [TEST_STEP][PASSED] - free_spin_reel_counter[1] = free_spin_reel_counter[1] + 1: null

2019-08-24 12:51:56 - [TEST_STEP][PASSED] - if (i == 4 &amp;&amp; wildList.indexOf(symbol) != -1): null

2019-08-24 12:51:56 - [TEST_STEP][PASSED] - symbols = symbols: null

2019-08-24 12:51:56 - [TEST_STEP][PASSED] - for ([j = 0, j &lt; symbols.size(), (j++)]): null

2019-08-24 12:51:56 - [TEST_STEP][PASSED] - symbol = symbol: null

2019-08-24 12:51:56 - [TEST_STEP][PASSED] - println(symbol): null

2019-08-24 12:51:56 - [TEST_STEP][PASSED] - if (i == 2 &amp;&amp; wildList.indexOf(symbol) != -1): null

2019-08-24 12:51:56 - [TEST_STEP][PASSED] - if (i == 3 &amp;&amp; wildList.indexOf(symbol) != -1): null

2019-08-24 12:51:56 - [TEST_STEP][PASSED] - if (i == 4 &amp;&amp; wildList.indexOf(symbol) != -1): null

2019-08-24 12:51:56 - [TEST_STEP][PASSED] - symbol = symbol: null

2019-08-24 12:51:56 - [TEST_STEP][PASSED] - println(symbol): null

2019-08-24 12:51:56 - [TEST_STEP][PASSED] - if (i == 2 &amp;&amp; wildList.indexOf(symbol) != -1): null

2019-08-24 12:51:56 - [TEST_STEP][PASSED] - if (i == 3 &amp;&amp; wildList.indexOf(symbol) != -1): null

2019-08-24 12:51:56 - [TEST_STEP][PASSED] - if (i == 4 &amp;&amp; wildList.indexOf(symbol) != -1): null

2019-08-24 12:51:56 - [TEST_STEP][PASSED] - symbol = symbol: null

2019-08-24 12:51:56 - [TEST_STEP][PASSED] - println(symbol): null

2019-08-24 12:51:56 - [TEST_STEP][PASSED] - if (i == 2 &amp;&amp; wildList.indexOf(symbol) != -1): null

2019-08-24 12:51:56 - [TEST_STEP][PASSED] - if (i == 3 &amp;&amp; wildList.indexOf(symbol) != -1): null

2019-08-24 12:51:56 - [TEST_STEP][PASSED] - if (i == 4 &amp;&amp; wildList.indexOf(symbol) != -1): null

2019-08-24 12:51:56 - [TEST_STEP][PASSED] - free_spin_reel_counter = free_spin_reel_counter: null

2019-08-24 12:51:56 - [TEST_STEP][PASSED] - println("reel 3 wild found: " + free_spin_reel_counter[0]): null

2019-08-24 12:51:56 - [TEST_STEP][PASSED] - println("reel 4 wild found: " + free_spin_reel_counter[1]): null

2019-08-24 12:51:56 - [TEST_STEP][PASSED] - println("reel 5 wild found: " + free_spin_reel_counter[2]): null

2019-08-24 12:51:56 - [TEST_STEP][PASSED] - M4_spin_reels = M4_spin_reels: null

2019-08-24 12:51:56 - [TEST_STEP][PASSED] - M4_spin_reels_symbols = symbol: null

2019-08-24 12:51:56 - [TEST_STEP][PASSED] - M4_spin_reels_symbols = M4_spin_reels_symbols: null

2019-08-24 12:51:56 - [TEST_STEP][PASSED] - M4_spin_reel_wins = reel_wins: null

2019-08-24 12:51:56 - [TEST_STEP][PASSED] - M4_spin_reel_wins = M4_spin_reel_wins: null

2019-08-24 12:51:56 - [TEST_STEP][PASSED] - println("GlobalVariable.M4_spin_reel_wins is: " + M4_spin_reel_wins): null

2019-08-24 12:51:56 - [TEST_STEP][PASSED] - M4_spin_total_bonus_win_this_round = total_bonus_win_this_round: null

2019-08-24 12:51:56 - [TEST_STEP][PASSED] - M4_spin_total_bonus_win_this_round = M4_spin_total_bonus_win_this_round: null

2019-08-24 12:51:56 - [TEST_STEP][PASSED] - println("GlobalVariable.M4_spin_total_bonus_win_this_round is: " + M4_spin_total_bonus_win_this_round): null

2019-08-24 12:51:56 - [TEST_STEP][PASSED] - M4_spin_bonus_spin_result = spin_result: null

2019-08-24 12:51:56 - [TEST_STEP][PASSED] - M4_spin_bonus_spin_result = M4_spin_bonus_spin_result: null

2019-08-24 12:51:56 - [MESSAGE][PASSED] - Verify response successfully

2019-08-24 12:51:56 - [MESSAGE][PASSED] - Send request and verify the response successfully

2019-08-24 12:51:56 - [TEST_STEP][PASSED] - if (M4_total_bonus_spins_int != 0 &amp;&amp; M4_spin_reels_symbols[2].contains("WILD_Double") || M4_spin_reels_symbols[4].contains("WILD_Triple")): null

2019-08-24 12:51:56 - [TEST_STEP][PASSED] - free_spin_reel_counter = free_spin_reel_counter: null

2019-08-24 12:51:56 - [TEST_STEP][PASSED] - M4_spin_reels_symbols = M4_spin_reels_symbols: null

2019-08-24 12:51:56 - [TEST_STEP][PASSED] - M4_total_bonus_spins = M4_total_bonus_spins: null

2019-08-24 12:51:56 - [TEST_STEP][PASSED] - spin_result = sendRequestAndVerify(findTestObject("INT/RGS(M4)/1_M4_spin", ["M4_login_user_id":M4_login_user_id, "rgs_session_token":rgs_session_token, "partner":Partner])): Send request and verify the response successfully

2019-08-24 12:51:56 - [MESSAGE][INFO] - HAR: /Users/eiralee/Katalon_Script/SuperWild/Reports/20190824_124242/INT/superWild_4/20190824_124242/requests/main/164.har

2019-08-24 12:51:56 - [TEST_CASE][PASSED] - Start Test Case : Verification: Verification accomplished successfully

2019-08-24 12:51:56 - [TEST_STEP][PASSED] - request = getInstance().getCurrentRequest(): null

2019-08-24 12:51:56 - [TEST_STEP][PASSED] - response = getInstance().getCurrentResponse(): null

2019-08-24 12:51:56 - [TEST_STEP][PASSED] - verifyResponseStatusCode(response, 200): Verify response status code successfully

2019-08-24 12:51:56 - [MESSAGE][PASSED] - Verify response status code successfully

2019-08-24 12:51:56 - [TEST_STEP][PASSED] - getStatusCode()).isEqualTo(200): null

2019-08-24 12:51:56 - [TEST_STEP][PASSED] - newline = System.getProperty("line.separator"): null

2019-08-24 12:51:56 - [TEST_STEP][PASSED] - M4_spin = new groovy.json.JsonSlurper(): null

2019-08-24 12:51:56 - [TEST_STEP][PASSED] - result_M4_spin = M4_spin.parseText(response.getResponseBodyContent()): null

2019-08-24 12:51:56 - [TEST_STEP][PASSED] - M4_spin_current_balance = current_balance: null

2019-08-24 12:51:56 - [TEST_STEP][PASSED] - M4_spin_current_balance = M4_spin_current_balance: null

2019-08-24 12:51:56 - [TEST_STEP][PASSED] - M4_spin_transaction_id = causality: null

2019-08-24 12:51:56 - [TEST_STEP][PASSED] - M4_spin_transaction_id = M4_spin_transaction_id: null

2019-08-24 12:51:56 - [TEST_STEP][PASSED] - M4_spin_round_id = round_id: null

2019-08-24 12:51:56 - [TEST_STEP][PASSED] - M4_spin_round_id = M4_spin_round_id: null

2019-08-24 12:51:56 - [TEST_STEP][PASSED] - M4_spin_line_wins = line_wins: null

2019-08-24 12:51:56 - [TEST_STEP][PASSED] - M4_spin_line_wins = M4_spin_line_wins: null

2019-08-24 12:51:56 - [TEST_STEP][PASSED] - M4_total_bonus_spins_int = total_bonus_spins: null

2019-08-24 12:51:56 - [TEST_STEP][PASSED] - println("******M4_total_bonus_spins type is:*******" + newline + getClass().getName()): null

2019-08-24 12:51:56 - [TEST_STEP][PASSED] - M4_total_bonus_spins_int = M4_total_bonus_spins_int: null

2019-08-24 12:51:56 - [TEST_STEP][PASSED] - M4_total_bonus_spins = Integer.toString(M4_total_bonus_spins_int): null

2019-08-24 12:51:56 - [TEST_STEP][PASSED] - M4_total_bonus_spins = M4_total_bonus_spins: null

2019-08-24 12:51:56 - [TEST_STEP][PASSED] - println("M4_total_bonus_spins is:" + M4_total_bonus_spins): null

2019-08-24 12:51:56 - [TEST_STEP][PASSED] - M4_spin_bonus_data = bonus_data: null

2019-08-24 12:51:56 - [TEST_STEP][PASSED] - M4_spin_features_triggered = result_M4_spin: null

2019-08-24 12:51:56 - [TEST_STEP][PASSED] - wild = []: null

2019-08-24 12:51:56 - [TEST_STEP][PASSED] - wild[0] = "WILD_Expanding": null

2019-08-24 12:51:56 - [TEST_STEP][PASSED] - wild[1] = "WILD_Normal": null

2019-08-24 12:51:56 - [TEST_STEP][PASSED] - wild[2] = "WILD_Double": null

2019-08-24 12:51:56 - [TEST_STEP][PASSED] - wild[3] = "WILD_ExtraFG": null

2019-08-24 12:51:56 - [TEST_STEP][PASSED] - wild[4] = "WILD_Triple": null

2019-08-24 12:51:56 - [TEST_STEP][PASSED] - wildList = Arrays.asList(wild): null

2019-08-24 12:51:56 - [TEST_STEP][PASSED] - wildList = wildList: null

2019-08-24 12:51:56 - [TEST_STEP][PASSED] - free_spin_reel_counter = []: null

2019-08-24 12:51:56 - [TEST_STEP][PASSED] - free_spin_reel_counter[0] = 0: null

2019-08-24 12:51:56 - [TEST_STEP][PASSED] - free_spin_reel_counter[1] = 0: null

2019-08-24 12:51:56 - [TEST_STEP][PASSED] - free_spin_reel_counter[2] = 0: null

2019-08-24 12:51:56 - [TEST_STEP][PASSED] - M4_spin_reels = reels: null

2019-08-24 12:51:56 - [TEST_STEP][PASSED] - for ([i = 0, i &lt; M4_spin_reels.size(), (i++)]): null

2019-08-24 12:51:56 - [TEST_STEP][PASSED] - symbols = symbols: null

2019-08-24 12:51:56 - [TEST_STEP][PASSED] - for ([j = 0, j &lt; symbols.size(), (j++)]): null

2019-08-24 12:51:56 - [TEST_STEP][PASSED] - symbol = symbol: null

2019-08-24 12:51:56 - [TEST_STEP][PASSED] - println(symbol): null

2019-08-24 12:51:56 - [TEST_STEP][PASSED] - if (i == 2 &amp;&amp; wildList.indexOf(symbol) != -1): null

2019-08-24 12:51:56 - [TEST_STEP][PASSED] - if (i == 3 &amp;&amp; wildList.indexOf(symbol) != -1): null

2019-08-24 12:51:56 - [TEST_STEP][PASSED] - if (i == 4 &amp;&amp; wildList.indexOf(symbol) != -1): null

2019-08-24 12:51:56 - [TEST_STEP][PASSED] - symbol = symbol: null

2019-08-24 12:51:56 - [TEST_STEP][PASSED] - println(symbol): null

2019-08-24 12:51:56 - [TEST_STEP][PASSED] - if (i == 2 &amp;&amp; wildList.indexOf(symbol) != -1): null

2019-08-24 12:51:56 - [TEST_STEP][PASSED] - if (i == 3 &amp;&amp; wildList.indexOf(symbol) != -1): null

2019-08-24 12:51:56 - [TEST_STEP][PASSED] - if (i == 4 &amp;&amp; wildList.indexOf(symbol) != -1): null

2019-08-24 12:51:56 - [TEST_STEP][PASSED] - symbol = symbol: null

2019-08-24 12:51:56 - [TEST_STEP][PASSED] - println(symbol): null

2019-08-24 12:51:56 - [TEST_STEP][PASSED] - if (i == 2 &amp;&amp; wildList.indexOf(symbol) != -1): null

2019-08-24 12:51:56 - [TEST_STEP][PASSED] - if (i == 3 &amp;&amp; wildList.indexOf(symbol) != -1): null

2019-08-24 12:51:56 - [TEST_STEP][PASSED] - if (i == 4 &amp;&amp; wildList.indexOf(symbol) != -1): null

2019-08-24 12:51:56 - [TEST_STEP][PASSED] - symbols = symbols: null

2019-08-24 12:51:56 - [TEST_STEP][PASSED] - for ([j = 0, j &lt; symbols.size(), (j++)]): null

2019-08-24 12:51:56 - [TEST_STEP][PASSED] - symbol = symbol: null

2019-08-24 12:51:56 - [TEST_STEP][PASSED] - println(symbol): null

2019-08-24 12:51:56 - [TEST_STEP][PASSED] - if (i == 2 &amp;&amp; wildList.indexOf(symbol) != -1): null

2019-08-24 12:51:56 - [TEST_STEP][PASSED] - if (i == 3 &amp;&amp; wildList.indexOf(symbol) != -1): null

2019-08-24 12:51:56 - [TEST_STEP][PASSED] - if (i == 4 &amp;&amp; wildList.indexOf(symbol) != -1): null

2019-08-24 12:51:56 - [TEST_STEP][PASSED] - symbol = symbol: null

2019-08-24 12:51:56 - [TEST_STEP][PASSED] - println(symbol): null

2019-08-24 12:51:56 - [TEST_STEP][PASSED] - if (i == 2 &amp;&amp; wildList.indexOf(symbol) != -1): null

2019-08-24 12:51:56 - [TEST_STEP][PASSED] - if (i == 3 &amp;&amp; wildList.indexOf(symbol) != -1): null

2019-08-24 12:51:56 - [TEST_STEP][PASSED] - if (i == 4 &amp;&amp; wildList.indexOf(symbol) != -1): null

2019-08-24 12:51:56 - [TEST_STEP][PASSED] - symbol = symbol: null

2019-08-24 12:51:56 - [TEST_STEP][PASSED] - println(symbol): null

2019-08-24 12:51:56 - [TEST_STEP][PASSED] - if (i == 2 &amp;&amp; wildList.indexOf(symbol) != -1): null

2019-08-24 12:51:56 - [TEST_STEP][PASSED] - if (i == 3 &amp;&amp; wildList.indexOf(symbol) != -1): null

2019-08-24 12:51:56 - [TEST_STEP][PASSED] - if (i == 4 &amp;&amp; wildList.indexOf(symbol) != -1): null

2019-08-24 12:51:56 - [TEST_STEP][PASSED] - symbols = symbols: null

2019-08-24 12:51:56 - [TEST_STEP][PASSED] - for ([j = 0, j &lt; symbols.size(), (j++)]): null

2019-08-24 12:51:56 - [TEST_STEP][PASSED] - symbol = symbol: null

2019-08-24 12:51:56 - [TEST_STEP][PASSED] - println(symbol): null

2019-08-24 12:51:56 - [TEST_STEP][PASSED] - if (i == 2 &amp;&amp; wildList.indexOf(symbol) != -1): null

2019-08-24 12:51:56 - [TEST_STEP][PASSED] - if (i == 3 &amp;&amp; wildList.indexOf(symbol) != -1): null

2019-08-24 12:51:56 - [TEST_STEP][PASSED] - if (i == 4 &amp;&amp; wildList.indexOf(symbol) != -1): null

2019-08-24 12:51:56 - [TEST_STEP][PASSED] - symbol = symbol: null

2019-08-24 12:51:56 - [TEST_STEP][PASSED] - println(symbol): null

2019-08-24 12:51:56 - [TEST_STEP][PASSED] - if (i == 2 &amp;&amp; wildList.indexOf(symbol) != -1): null

2019-08-24 12:51:56 - [TEST_STEP][PASSED] - if (i == 3 &amp;&amp; wildList.indexOf(symbol) != -1): null

2019-08-24 12:51:56 - [TEST_STEP][PASSED] - if (i == 4 &amp;&amp; wildList.indexOf(symbol) != -1): null

2019-08-24 12:51:56 - [TEST_STEP][PASSED] - symbol = symbol: null

2019-08-24 12:51:56 - [TEST_STEP][PASSED] - println(symbol): null

2019-08-24 12:51:56 - [TEST_STEP][PASSED] - if (i == 2 &amp;&amp; wildList.indexOf(symbol) != -1): null

2019-08-24 12:51:56 - [TEST_STEP][PASSED] - if (i == 3 &amp;&amp; wildList.indexOf(symbol) != -1): null

2019-08-24 12:51:56 - [TEST_STEP][PASSED] - if (i == 4 &amp;&amp; wildList.indexOf(symbol) != -1): null

2019-08-24 12:51:56 - [TEST_STEP][PASSED] - symbols = symbols: null

2019-08-24 12:51:56 - [TEST_STEP][PASSED] - for ([j = 0, j &lt; symbols.size(), (j++)]): null

2019-08-24 12:51:56 - [TEST_STEP][PASSED] - symbol = symbol: null

2019-08-24 12:51:56 - [TEST_STEP][PASSED] - println(symbol): null

2019-08-24 12:51:56 - [TEST_STEP][PASSED] - if (i == 2 &amp;&amp; wildList.indexOf(symbol) != -1): null

2019-08-24 12:51:56 - [TEST_STEP][PASSED] - if (i == 3 &amp;&amp; wildList.indexOf(symbol) != -1): null

2019-08-24 12:51:56 - [TEST_STEP][PASSED] - if (i == 4 &amp;&amp; wildList.indexOf(symbol) != -1): null

2019-08-24 12:51:56 - [TEST_STEP][PASSED] - symbol = symbol: null

2019-08-24 12:51:56 - [TEST_STEP][PASSED] - println(symbol): null

2019-08-24 12:51:56 - [TEST_STEP][PASSED] - if (i == 2 &amp;&amp; wildList.indexOf(symbol) != -1): null

2019-08-24 12:51:56 - [TEST_STEP][PASSED] - if (i == 3 &amp;&amp; wildList.indexOf(symbol) != -1): null

2019-08-24 12:51:56 - [TEST_STEP][PASSED] - if (i == 4 &amp;&amp; wildList.indexOf(symbol) != -1): null

2019-08-24 12:51:56 - [TEST_STEP][PASSED] - symbol = symbol: null

2019-08-24 12:51:56 - [TEST_STEP][PASSED] - println(symbol): null

2019-08-24 12:51:56 - [TEST_STEP][PASSED] - if (i == 2 &amp;&amp; wildList.indexOf(symbol) != -1): null

2019-08-24 12:51:56 - [TEST_STEP][PASSED] - if (i == 3 &amp;&amp; wildList.indexOf(symbol) != -1): null

2019-08-24 12:51:56 - [TEST_STEP][PASSED] - if (i == 4 &amp;&amp; wildList.indexOf(symbol) != -1): null

2019-08-24 12:51:56 - [TEST_STEP][PASSED] - symbols = symbols: null

2019-08-24 12:51:56 - [TEST_STEP][PASSED] - for ([j = 0, j &lt; symbols.size(), (j++)]): null

2019-08-24 12:51:56 - [TEST_STEP][PASSED] - symbol = symbol: null

2019-08-24 12:51:56 - [TEST_STEP][PASSED] - println(symbol): null

2019-08-24 12:51:56 - [TEST_STEP][PASSED] - if (i == 2 &amp;&amp; wildList.indexOf(symbol) != -1): null

2019-08-24 12:51:56 - [TEST_STEP][PASSED] - if (i == 3 &amp;&amp; wildList.indexOf(symbol) != -1): null

2019-08-24 12:51:56 - [TEST_STEP][PASSED] - if (i == 4 &amp;&amp; wildList.indexOf(symbol) != -1): null

2019-08-24 12:51:56 - [TEST_STEP][PASSED] - symbol = symbol: null

2019-08-24 12:51:56 - [TEST_STEP][PASSED] - println(symbol): null

2019-08-24 12:51:56 - [TEST_STEP][PASSED] - if (i == 2 &amp;&amp; wildList.indexOf(symbol) != -1): null

2019-08-24 12:51:56 - [TEST_STEP][PASSED] - if (i == 3 &amp;&amp; wildList.indexOf(symbol) != -1): null

2019-08-24 12:51:56 - [TEST_STEP][PASSED] - if (i == 4 &amp;&amp; wildList.indexOf(symbol) != -1): null

2019-08-24 12:51:56 - [TEST_STEP][PASSED] - symbol = symbol: null

2019-08-24 12:51:56 - [TEST_STEP][PASSED] - println(symbol): null

2019-08-24 12:51:56 - [TEST_STEP][PASSED] - if (i == 2 &amp;&amp; wildList.indexOf(symbol) != -1): null

2019-08-24 12:51:56 - [TEST_STEP][PASSED] - if (i == 3 &amp;&amp; wildList.indexOf(symbol) != -1): null

2019-08-24 12:51:56 - [TEST_STEP][PASSED] - if (i == 4 &amp;&amp; wildList.indexOf(symbol) != -1): null

2019-08-24 12:51:56 - [TEST_STEP][PASSED] - free_spin_reel_counter = free_spin_reel_counter: null

2019-08-24 12:51:56 - [TEST_STEP][PASSED] - println("reel 3 wild found: " + free_spin_reel_counter[0]): null

2019-08-24 12:51:56 - [TEST_STEP][PASSED] - println("reel 4 wild found: " + free_spin_reel_counter[1]): null

2019-08-24 12:51:56 - [TEST_STEP][PASSED] - println("reel 5 wild found: " + free_spin_reel_counter[2]): null

2019-08-24 12:51:56 - [TEST_STEP][PASSED] - M4_spin_reels = M4_spin_reels: null

2019-08-24 12:51:56 - [TEST_STEP][PASSED] - M4_spin_reels_symbols = symbol: null

2019-08-24 12:51:56 - [TEST_STEP][PASSED] - M4_spin_reels_symbols = M4_spin_reels_symbols: null

2019-08-24 12:51:56 - [TEST_STEP][PASSED] - M4_spin_reel_wins = reel_wins: null

2019-08-24 12:51:56 - [TEST_STEP][PASSED] - M4_spin_reel_wins = M4_spin_reel_wins: null

2019-08-24 12:51:56 - [TEST_STEP][PASSED] - println("GlobalVariable.M4_spin_reel_wins is: " + M4_spin_reel_wins): null

2019-08-24 12:51:56 - [TEST_STEP][PASSED] - M4_spin_total_bonus_win_this_round = total_bonus_win_this_round: null

2019-08-24 12:51:56 - [TEST_STEP][PASSED] - M4_spin_total_bonus_win_this_round = M4_spin_total_bonus_win_this_round: null

2019-08-24 12:51:56 - [TEST_STEP][PASSED] - println("GlobalVariable.M4_spin_total_bonus_win_this_round is: " + M4_spin_total_bonus_win_this_round): null

2019-08-24 12:51:56 - [TEST_STEP][PASSED] - M4_spin_bonus_spin_result = spin_result: null

2019-08-24 12:51:56 - [TEST_STEP][PASSED] - M4_spin_bonus_spin_result = M4_spin_bonus_spin_result: null

2019-08-24 12:51:56 - [MESSAGE][PASSED] - Verify response successfully

2019-08-24 12:51:56 - [MESSAGE][PASSED] - Send request and verify the response successfully

2019-08-24 12:51:56 - [TEST_STEP][PASSED] - if (M4_total_bonus_spins_int != 0 &amp;&amp; M4_spin_reels_symbols[2].contains("WILD_Double") || M4_spin_reels_symbols[4].contains("WILD_Triple")): null

2019-08-24 12:51:56 - [TEST_STEP][PASSED] - free_spin_reel_counter = free_spin_reel_counter: null

2019-08-24 12:51:56 - [TEST_STEP][PASSED] - M4_spin_reels_symbols = M4_spin_reels_symbols: null

2019-08-24 12:51:56 - [TEST_STEP][PASSED] - M4_total_bonus_spins = M4_total_bonus_spins: null

2019-08-24 12:51:56 - [TEST_STEP][PASSED] - spin_result = sendRequestAndVerify(findTestObject("INT/RGS(M4)/1_M4_spin", ["M4_login_user_id":M4_login_user_id, "rgs_session_token":rgs_session_token, "partner":Partner])): Send request and verify the response successfully

2019-08-24 12:51:57 - [MESSAGE][INFO] - HAR: /Users/eiralee/Katalon_Script/SuperWild/Reports/20190824_124242/INT/superWild_4/20190824_124242/requests/main/165.har

2019-08-24 12:51:57 - [TEST_CASE][PASSED] - Start Test Case : Verification: Verification accomplished successfully

2019-08-24 12:51:57 - [TEST_STEP][PASSED] - request = getInstance().getCurrentRequest(): null

2019-08-24 12:51:57 - [TEST_STEP][PASSED] - response = getInstance().getCurrentResponse(): null

2019-08-24 12:51:57 - [TEST_STEP][PASSED] - verifyResponseStatusCode(response, 200): Verify response status code successfully

2019-08-24 12:51:57 - [MESSAGE][PASSED] - Verify response status code successfully

2019-08-24 12:51:57 - [TEST_STEP][PASSED] - getStatusCode()).isEqualTo(200): null

2019-08-24 12:51:57 - [TEST_STEP][PASSED] - newline = System.getProperty("line.separator"): null

2019-08-24 12:51:57 - [TEST_STEP][PASSED] - M4_spin = new groovy.json.JsonSlurper(): null

2019-08-24 12:51:57 - [TEST_STEP][PASSED] - result_M4_spin = M4_spin.parseText(response.getResponseBodyContent()): null

2019-08-24 12:51:57 - [TEST_STEP][PASSED] - M4_spin_current_balance = current_balance: null

2019-08-24 12:51:57 - [TEST_STEP][PASSED] - M4_spin_current_balance = M4_spin_current_balance: null

2019-08-24 12:51:57 - [TEST_STEP][PASSED] - M4_spin_transaction_id = causality: null

2019-08-24 12:51:57 - [TEST_STEP][PASSED] - M4_spin_transaction_id = M4_spin_transaction_id: null

2019-08-24 12:51:57 - [TEST_STEP][PASSED] - M4_spin_round_id = round_id: null

2019-08-24 12:51:57 - [TEST_STEP][PASSED] - M4_spin_round_id = M4_spin_round_id: null

2019-08-24 12:51:57 - [TEST_STEP][PASSED] - M4_spin_line_wins = line_wins: null

2019-08-24 12:51:57 - [TEST_STEP][PASSED] - M4_spin_line_wins = M4_spin_line_wins: null

2019-08-24 12:51:57 - [TEST_STEP][PASSED] - M4_total_bonus_spins_int = total_bonus_spins: null

2019-08-24 12:51:57 - [TEST_STEP][PASSED] - println("******M4_total_bonus_spins type is:*******" + newline + getClass().getName()): null

2019-08-24 12:51:57 - [TEST_STEP][PASSED] - M4_total_bonus_spins_int = M4_total_bonus_spins_int: null

2019-08-24 12:51:57 - [TEST_STEP][PASSED] - M4_total_bonus_spins = Integer.toString(M4_total_bonus_spins_int): null

2019-08-24 12:51:57 - [TEST_STEP][PASSED] - M4_total_bonus_spins = M4_total_bonus_spins: null

2019-08-24 12:51:57 - [TEST_STEP][PASSED] - println("M4_total_bonus_spins is:" + M4_total_bonus_spins): null

2019-08-24 12:51:57 - [TEST_STEP][PASSED] - M4_spin_bonus_data = bonus_data: null

2019-08-24 12:51:57 - [TEST_STEP][PASSED] - M4_spin_features_triggered = result_M4_spin: null

2019-08-24 12:51:57 - [TEST_STEP][PASSED] - wild = []: null

2019-08-24 12:51:57 - [TEST_STEP][PASSED] - wild[0] = "WILD_Expanding": null

2019-08-24 12:51:57 - [TEST_STEP][PASSED] - wild[1] = "WILD_Normal": null

2019-08-24 12:51:57 - [TEST_STEP][PASSED] - wild[2] = "WILD_Double": null

2019-08-24 12:51:57 - [TEST_STEP][PASSED] - wild[3] = "WILD_ExtraFG": null

2019-08-24 12:51:57 - [TEST_STEP][PASSED] - wild[4] = "WILD_Triple": null

2019-08-24 12:51:57 - [TEST_STEP][PASSED] - wildList = Arrays.asList(wild): null

2019-08-24 12:51:57 - [TEST_STEP][PASSED] - wildList = wildList: null

2019-08-24 12:51:57 - [TEST_STEP][PASSED] - free_spin_reel_counter = []: null

2019-08-24 12:51:57 - [TEST_STEP][PASSED] - free_spin_reel_counter[0] = 0: null

2019-08-24 12:51:57 - [TEST_STEP][PASSED] - free_spin_reel_counter[1] = 0: null

2019-08-24 12:51:57 - [TEST_STEP][PASSED] - free_spin_reel_counter[2] = 0: null

2019-08-24 12:51:57 - [TEST_STEP][PASSED] - M4_spin_reels = reels: null

2019-08-24 12:51:57 - [TEST_STEP][PASSED] - for ([i = 0, i &lt; M4_spin_reels.size(), (i++)]): null

2019-08-24 12:51:57 - [TEST_STEP][PASSED] - symbols = symbols: null

2019-08-24 12:51:57 - [TEST_STEP][PASSED] - for ([j = 0, j &lt; symbols.size(), (j++)]): null

2019-08-24 12:51:57 - [TEST_STEP][PASSED] - symbol = symbol: null

2019-08-24 12:51:57 - [TEST_STEP][PASSED] - println(symbol): null

2019-08-24 12:51:57 - [TEST_STEP][PASSED] - if (i == 2 &amp;&amp; wildList.indexOf(symbol) != -1): null

2019-08-24 12:51:57 - [TEST_STEP][PASSED] - if (i == 3 &amp;&amp; wildList.indexOf(symbol) != -1): null

2019-08-24 12:51:57 - [TEST_STEP][PASSED] - if (i == 4 &amp;&amp; wildList.indexOf(symbol) != -1): null

2019-08-24 12:51:57 - [TEST_STEP][PASSED] - symbol = symbol: null

2019-08-24 12:51:57 - [TEST_STEP][PASSED] - println(symbol): null

2019-08-24 12:51:57 - [TEST_STEP][PASSED] - if (i == 2 &amp;&amp; wildList.indexOf(symbol) != -1): null

2019-08-24 12:51:57 - [TEST_STEP][PASSED] - if (i == 3 &amp;&amp; wildList.indexOf(symbol) != -1): null

2019-08-24 12:51:57 - [TEST_STEP][PASSED] - if (i == 4 &amp;&amp; wildList.indexOf(symbol) != -1): null

2019-08-24 12:51:57 - [TEST_STEP][PASSED] - symbol = symbol: null

2019-08-24 12:51:57 - [TEST_STEP][PASSED] - println(symbol): null

2019-08-24 12:51:57 - [TEST_STEP][PASSED] - if (i == 2 &amp;&amp; wildList.indexOf(symbol) != -1): null

2019-08-24 12:51:57 - [TEST_STEP][PASSED] - if (i == 3 &amp;&amp; wildList.indexOf(symbol) != -1): null

2019-08-24 12:51:57 - [TEST_STEP][PASSED] - if (i == 4 &amp;&amp; wildList.indexOf(symbol) != -1): null

2019-08-24 12:51:57 - [TEST_STEP][PASSED] - symbols = symbols: null

2019-08-24 12:51:57 - [TEST_STEP][PASSED] - for ([j = 0, j &lt; symbols.size(), (j++)]): null

2019-08-24 12:51:57 - [TEST_STEP][PASSED] - symbol = symbol: null

2019-08-24 12:51:57 - [TEST_STEP][PASSED] - println(symbol): null

2019-08-24 12:51:57 - [TEST_STEP][PASSED] - if (i == 2 &amp;&amp; wildList.indexOf(symbol) != -1): null

2019-08-24 12:51:57 - [TEST_STEP][PASSED] - if (i == 3 &amp;&amp; wildList.indexOf(symbol) != -1): null

2019-08-24 12:51:57 - [TEST_STEP][PASSED] - if (i == 4 &amp;&amp; wildList.indexOf(symbol) != -1): null

2019-08-24 12:51:57 - [TEST_STEP][PASSED] - symbol = symbol: null

2019-08-24 12:51:57 - [TEST_STEP][PASSED] - println(symbol): null

2019-08-24 12:51:57 - [TEST_STEP][PASSED] - if (i == 2 &amp;&amp; wildList.indexOf(symbol) != -1): null

2019-08-24 12:51:57 - [TEST_STEP][PASSED] - if (i == 3 &amp;&amp; wildList.indexOf(symbol) != -1): null

2019-08-24 12:51:57 - [TEST_STEP][PASSED] - if (i == 4 &amp;&amp; wildList.indexOf(symbol) != -1): null

2019-08-24 12:51:57 - [TEST_STEP][PASSED] - symbol = symbol: null

2019-08-24 12:51:57 - [TEST_STEP][PASSED] - println(symbol): null

2019-08-24 12:51:57 - [TEST_STEP][PASSED] - if (i == 2 &amp;&amp; wildList.indexOf(symbol) != -1): null

2019-08-24 12:51:57 - [TEST_STEP][PASSED] - if (i == 3 &amp;&amp; wildList.indexOf(symbol) != -1): null

2019-08-24 12:51:57 - [TEST_STEP][PASSED] - if (i == 4 &amp;&amp; wildList.indexOf(symbol) != -1): null

2019-08-24 12:51:57 - [TEST_STEP][PASSED] - symbols = symbols: null

2019-08-24 12:51:57 - [TEST_STEP][PASSED] - for ([j = 0, j &lt; symbols.size(), (j++)]): null

2019-08-24 12:51:57 - [TEST_STEP][PASSED] - symbol = symbol: null

2019-08-24 12:51:57 - [TEST_STEP][PASSED] - println(symbol): null

2019-08-24 12:51:57 - [TEST_STEP][PASSED] - if (i == 2 &amp;&amp; wildList.indexOf(symbol) != -1): null

2019-08-24 12:51:57 - [TEST_STEP][PASSED] - if (i == 3 &amp;&amp; wildList.indexOf(symbol) != -1): null

2019-08-24 12:51:57 - [TEST_STEP][PASSED] - if (i == 4 &amp;&amp; wildList.indexOf(symbol) != -1): null

2019-08-24 12:51:57 - [TEST_STEP][PASSED] - symbol = symbol: null

2019-08-24 12:51:57 - [TEST_STEP][PASSED] - println(symbol): null

2019-08-24 12:51:57 - [TEST_STEP][PASSED] - if (i == 2 &amp;&amp; wildList.indexOf(symbol) != -1): null

2019-08-24 12:51:57 - [TEST_STEP][PASSED] - if (i == 3 &amp;&amp; wildList.indexOf(symbol) != -1): null

2019-08-24 12:51:57 - [TEST_STEP][PASSED] - if (i == 4 &amp;&amp; wildList.indexOf(symbol) != -1): null

2019-08-24 12:51:57 - [TEST_STEP][PASSED] - symbol = symbol: null

2019-08-24 12:51:57 - [TEST_STEP][PASSED] - println(symbol): null

2019-08-24 12:51:57 - [TEST_STEP][PASSED] - if (i == 2 &amp;&amp; wildList.indexOf(symbol) != -1): null

2019-08-24 12:51:57 - [TEST_STEP][PASSED] - if (i == 3 &amp;&amp; wildList.indexOf(symbol) != -1): null

2019-08-24 12:51:57 - [TEST_STEP][PASSED] - if (i == 4 &amp;&amp; wildList.indexOf(symbol) != -1): null

2019-08-24 12:51:57 - [TEST_STEP][PASSED] - symbols = symbols: null

2019-08-24 12:51:57 - [TEST_STEP][PASSED] - for ([j = 0, j &lt; symbols.size(), (j++)]): null

2019-08-24 12:51:57 - [TEST_STEP][PASSED] - symbol = symbol: null

2019-08-24 12:51:57 - [TEST_STEP][PASSED] - println(symbol): null

2019-08-24 12:51:57 - [TEST_STEP][PASSED] - if (i == 2 &amp;&amp; wildList.indexOf(symbol) != -1): null

2019-08-24 12:51:57 - [TEST_STEP][PASSED] - if (i == 3 &amp;&amp; wildList.indexOf(symbol) != -1): null

2019-08-24 12:51:57 - [TEST_STEP][PASSED] - if (i == 4 &amp;&amp; wildList.indexOf(symbol) != -1): null

2019-08-24 12:51:57 - [TEST_STEP][PASSED] - symbol = symbol: null

2019-08-24 12:51:57 - [TEST_STEP][PASSED] - println(symbol): null

2019-08-24 12:51:57 - [TEST_STEP][PASSED] - if (i == 2 &amp;&amp; wildList.indexOf(symbol) != -1): null

2019-08-24 12:51:57 - [TEST_STEP][PASSED] - if (i == 3 &amp;&amp; wildList.indexOf(symbol) != -1): null

2019-08-24 12:51:57 - [TEST_STEP][PASSED] - if (i == 4 &amp;&amp; wildList.indexOf(symbol) != -1): null

2019-08-24 12:51:57 - [TEST_STEP][PASSED] - symbol = symbol: null

2019-08-24 12:51:57 - [TEST_STEP][PASSED] - println(symbol): null

2019-08-24 12:51:57 - [TEST_STEP][PASSED] - if (i == 2 &amp;&amp; wildList.indexOf(symbol) != -1): null

2019-08-24 12:51:57 - [TEST_STEP][PASSED] - if (i == 3 &amp;&amp; wildList.indexOf(symbol) != -1): null

2019-08-24 12:51:57 - [TEST_STEP][PASSED] - if (i == 4 &amp;&amp; wildList.indexOf(symbol) != -1): null

2019-08-24 12:51:57 - [TEST_STEP][PASSED] - symbols = symbols: null

2019-08-24 12:51:57 - [TEST_STEP][PASSED] - for ([j = 0, j &lt; symbols.size(), (j++)]): null

2019-08-24 12:51:57 - [TEST_STEP][PASSED] - symbol = symbol: null

2019-08-24 12:51:57 - [TEST_STEP][PASSED] - println(symbol): null

2019-08-24 12:51:57 - [TEST_STEP][PASSED] - if (i == 2 &amp;&amp; wildList.indexOf(symbol) != -1): null

2019-08-24 12:51:57 - [TEST_STEP][PASSED] - if (i == 3 &amp;&amp; wildList.indexOf(symbol) != -1): null

2019-08-24 12:51:57 - [TEST_STEP][PASSED] - if (i == 4 &amp;&amp; wildList.indexOf(symbol) != -1): null

2019-08-24 12:51:57 - [TEST_STEP][PASSED] - symbol = symbol: null

2019-08-24 12:51:57 - [TEST_STEP][PASSED] - println(symbol): null

2019-08-24 12:51:57 - [TEST_STEP][PASSED] - if (i == 2 &amp;&amp; wildList.indexOf(symbol) != -1): null

2019-08-24 12:51:57 - [TEST_STEP][PASSED] - if (i == 3 &amp;&amp; wildList.indexOf(symbol) != -1): null

2019-08-24 12:51:57 - [TEST_STEP][PASSED] - if (i == 4 &amp;&amp; wildList.indexOf(symbol) != -1): null

2019-08-24 12:51:57 - [TEST_STEP][PASSED] - symbol = symbol: null

2019-08-24 12:51:57 - [TEST_STEP][PASSED] - println(symbol): null

2019-08-24 12:51:57 - [TEST_STEP][PASSED] - if (i == 2 &amp;&amp; wildList.indexOf(symbol) != -1): null

2019-08-24 12:51:57 - [TEST_STEP][PASSED] - if (i == 3 &amp;&amp; wildList.indexOf(symbol) != -1): null

2019-08-24 12:51:57 - [TEST_STEP][PASSED] - if (i == 4 &amp;&amp; wildList.indexOf(symbol) != -1): null

2019-08-24 12:51:57 - [TEST_STEP][PASSED] - free_spin_reel_counter = free_spin_reel_counter: null

2019-08-24 12:51:57 - [TEST_STEP][PASSED] - println("reel 3 wild found: " + free_spin_reel_counter[0]): null

2019-08-24 12:51:57 - [TEST_STEP][PASSED] - println("reel 4 wild found: " + free_spin_reel_counter[1]): null

2019-08-24 12:51:57 - [TEST_STEP][PASSED] - println("reel 5 wild found: " + free_spin_reel_counter[2]): null

2019-08-24 12:51:57 - [TEST_STEP][PASSED] - M4_spin_reels = M4_spin_reels: null

2019-08-24 12:51:57 - [TEST_STEP][PASSED] - M4_spin_reels_symbols = symbol: null

2019-08-24 12:51:57 - [TEST_STEP][PASSED] - M4_spin_reels_symbols = M4_spin_reels_symbols: null

2019-08-24 12:51:57 - [TEST_STEP][PASSED] - M4_spin_reel_wins = reel_wins: null

2019-08-24 12:51:57 - [TEST_STEP][PASSED] - M4_spin_reel_wins = M4_spin_reel_wins: null

2019-08-24 12:51:57 - [TEST_STEP][PASSED] - println("GlobalVariable.M4_spin_reel_wins is: " + M4_spin_reel_wins): null

2019-08-24 12:51:57 - [TEST_STEP][PASSED] - M4_spin_total_bonus_win_this_round = total_bonus_win_this_round: null

2019-08-24 12:51:57 - [TEST_STEP][PASSED] - M4_spin_total_bonus_win_this_round = M4_spin_total_bonus_win_this_round: null

2019-08-24 12:51:57 - [TEST_STEP][PASSED] - println("GlobalVariable.M4_spin_total_bonus_win_this_round is: " + M4_spin_total_bonus_win_this_round): null

2019-08-24 12:51:57 - [TEST_STEP][PASSED] - M4_spin_bonus_spin_result = spin_result: null

2019-08-24 12:51:57 - [TEST_STEP][PASSED] - M4_spin_bonus_spin_result = M4_spin_bonus_spin_result: null

2019-08-24 12:51:57 - [MESSAGE][PASSED] - Verify response successfully

2019-08-24 12:51:57 - [MESSAGE][PASSED] - Send request and verify the response successfully

2019-08-24 12:51:57 - [TEST_STEP][PASSED] - if (M4_total_bonus_spins_int != 0 &amp;&amp; M4_spin_reels_symbols[2].contains("WILD_Double") || M4_spin_reels_symbols[4].contains("WILD_Triple")): null

2019-08-24 12:51:57 - [TEST_STEP][PASSED] - free_spin_reel_counter = free_spin_reel_counter: null

2019-08-24 12:51:57 - [TEST_STEP][PASSED] - M4_spin_reels_symbols = M4_spin_reels_symbols: null

2019-08-24 12:51:57 - [TEST_STEP][PASSED] - M4_total_bonus_spins = M4_total_bonus_spins: null

2019-08-24 12:51:57 - [TEST_STEP][PASSED] - spin_result = sendRequestAndVerify(findTestObject("INT/RGS(M4)/1_M4_spin", ["M4_login_user_id":M4_login_user_id, "rgs_session_token":rgs_session_token, "partner":Partner])): Send request and verify the response successfully

2019-08-24 12:51:57 - [MESSAGE][INFO] - HAR: /Users/eiralee/Katalon_Script/SuperWild/Reports/20190824_124242/INT/superWild_4/20190824_124242/requests/main/166.har

2019-08-24 12:51:57 - [TEST_CASE][PASSED] - Start Test Case : Verification: Verification accomplished successfully

2019-08-24 12:51:57 - [TEST_STEP][PASSED] - request = getInstance().getCurrentRequest(): null

2019-08-24 12:51:58 - [TEST_STEP][PASSED] - response = getInstance().getCurrentResponse(): null

2019-08-24 12:51:58 - [TEST_STEP][PASSED] - verifyResponseStatusCode(response, 200): Verify response status code successfully

2019-08-24 12:51:58 - [MESSAGE][PASSED] - Verify response status code successfully

2019-08-24 12:51:58 - [TEST_STEP][PASSED] - getStatusCode()).isEqualTo(200): null

2019-08-24 12:51:58 - [TEST_STEP][PASSED] - newline = System.getProperty("line.separator"): null

2019-08-24 12:51:58 - [TEST_STEP][PASSED] - M4_spin = new groovy.json.JsonSlurper(): null

2019-08-24 12:51:58 - [TEST_STEP][PASSED] - result_M4_spin = M4_spin.parseText(response.getResponseBodyContent()): null

2019-08-24 12:51:58 - [TEST_STEP][PASSED] - M4_spin_current_balance = current_balance: null

2019-08-24 12:51:58 - [TEST_STEP][PASSED] - M4_spin_current_balance = M4_spin_current_balance: null

2019-08-24 12:51:58 - [TEST_STEP][PASSED] - M4_spin_transaction_id = causality: null

2019-08-24 12:51:58 - [TEST_STEP][PASSED] - M4_spin_transaction_id = M4_spin_transaction_id: null

2019-08-24 12:51:58 - [TEST_STEP][PASSED] - M4_spin_round_id = round_id: null

2019-08-24 12:51:58 - [TEST_STEP][PASSED] - M4_spin_round_id = M4_spin_round_id: null

2019-08-24 12:51:58 - [TEST_STEP][PASSED] - M4_spin_line_wins = line_wins: null

2019-08-24 12:51:58 - [TEST_STEP][PASSED] - M4_spin_line_wins = M4_spin_line_wins: null

2019-08-24 12:51:58 - [TEST_STEP][PASSED] - M4_total_bonus_spins_int = total_bonus_spins: null

2019-08-24 12:51:58 - [TEST_STEP][PASSED] - println("******M4_total_bonus_spins type is:*******" + newline + getClass().getName()): null

2019-08-24 12:51:58 - [TEST_STEP][PASSED] - M4_total_bonus_spins_int = M4_total_bonus_spins_int: null

2019-08-24 12:51:58 - [TEST_STEP][PASSED] - M4_total_bonus_spins = Integer.toString(M4_total_bonus_spins_int): null

2019-08-24 12:51:58 - [TEST_STEP][PASSED] - M4_total_bonus_spins = M4_total_bonus_spins: null

2019-08-24 12:51:58 - [TEST_STEP][PASSED] - println("M4_total_bonus_spins is:" + M4_total_bonus_spins): null

2019-08-24 12:51:58 - [TEST_STEP][PASSED] - M4_spin_bonus_data = bonus_data: null

2019-08-24 12:51:58 - [TEST_STEP][PASSED] - M4_spin_features_triggered = result_M4_spin: null

2019-08-24 12:51:58 - [TEST_STEP][PASSED] - wild = []: null

2019-08-24 12:51:58 - [TEST_STEP][PASSED] - wild[0] = "WILD_Expanding": null

2019-08-24 12:51:58 - [TEST_STEP][PASSED] - wild[1] = "WILD_Normal": null

2019-08-24 12:51:58 - [TEST_STEP][PASSED] - wild[2] = "WILD_Double": null

2019-08-24 12:51:58 - [TEST_STEP][PASSED] - wild[3] = "WILD_ExtraFG": null

2019-08-24 12:51:58 - [TEST_STEP][PASSED] - wild[4] = "WILD_Triple": null

2019-08-24 12:51:58 - [TEST_STEP][PASSED] - wildList = Arrays.asList(wild): null

2019-08-24 12:51:58 - [TEST_STEP][PASSED] - wildList = wildList: null

2019-08-24 12:51:58 - [TEST_STEP][PASSED] - free_spin_reel_counter = []: null

2019-08-24 12:51:58 - [TEST_STEP][PASSED] - free_spin_reel_counter[0] = 0: null

2019-08-24 12:51:58 - [TEST_STEP][PASSED] - free_spin_reel_counter[1] = 0: null

2019-08-24 12:51:58 - [TEST_STEP][PASSED] - free_spin_reel_counter[2] = 0: null

2019-08-24 12:51:58 - [TEST_STEP][PASSED] - M4_spin_reels = reels: null

2019-08-24 12:51:58 - [TEST_STEP][PASSED] - for ([i = 0, i &lt; M4_spin_reels.size(), (i++)]): null

2019-08-24 12:51:58 - [TEST_STEP][PASSED] - symbols = symbols: null

2019-08-24 12:51:58 - [TEST_STEP][PASSED] - for ([j = 0, j &lt; symbols.size(), (j++)]): null

2019-08-24 12:51:58 - [TEST_STEP][PASSED] - symbol = symbol: null

2019-08-24 12:51:58 - [TEST_STEP][PASSED] - println(symbol): null

2019-08-24 12:51:58 - [TEST_STEP][PASSED] - if (i == 2 &amp;&amp; wildList.indexOf(symbol) != -1): null

2019-08-24 12:51:58 - [TEST_STEP][PASSED] - if (i == 3 &amp;&amp; wildList.indexOf(symbol) != -1): null

2019-08-24 12:51:58 - [TEST_STEP][PASSED] - if (i == 4 &amp;&amp; wildList.indexOf(symbol) != -1): null

2019-08-24 12:51:58 - [TEST_STEP][PASSED] - symbol = symbol: null

2019-08-24 12:51:58 - [TEST_STEP][PASSED] - println(symbol): null

2019-08-24 12:51:58 - [TEST_STEP][PASSED] - if (i == 2 &amp;&amp; wildList.indexOf(symbol) != -1): null

2019-08-24 12:51:58 - [TEST_STEP][PASSED] - if (i == 3 &amp;&amp; wildList.indexOf(symbol) != -1): null

2019-08-24 12:51:58 - [TEST_STEP][PASSED] - if (i == 4 &amp;&amp; wildList.indexOf(symbol) != -1): null

2019-08-24 12:51:58 - [TEST_STEP][PASSED] - symbol = symbol: null

2019-08-24 12:51:58 - [TEST_STEP][PASSED] - println(symbol): null

2019-08-24 12:51:58 - [TEST_STEP][PASSED] - if (i == 2 &amp;&amp; wildList.indexOf(symbol) != -1): null

2019-08-24 12:51:58 - [TEST_STEP][PASSED] - if (i == 3 &amp;&amp; wildList.indexOf(symbol) != -1): null

2019-08-24 12:51:58 - [TEST_STEP][PASSED] - if (i == 4 &amp;&amp; wildList.indexOf(symbol) != -1): null

2019-08-24 12:51:58 - [TEST_STEP][PASSED] - symbols = symbols: null

2019-08-24 12:51:58 - [TEST_STEP][PASSED] - for ([j = 0, j &lt; symbols.size(), (j++)]): null

2019-08-24 12:51:58 - [TEST_STEP][PASSED] - symbol = symbol: null

2019-08-24 12:51:58 - [TEST_STEP][PASSED] - println(symbol): null

2019-08-24 12:51:58 - [TEST_STEP][PASSED] - if (i == 2 &amp;&amp; wildList.indexOf(symbol) != -1): null

2019-08-24 12:51:58 - [TEST_STEP][PASSED] - if (i == 3 &amp;&amp; wildList.indexOf(symbol) != -1): null

2019-08-24 12:51:58 - [TEST_STEP][PASSED] - if (i == 4 &amp;&amp; wildList.indexOf(symbol) != -1): null

2019-08-24 12:51:58 - [TEST_STEP][PASSED] - symbol = symbol: null

2019-08-24 12:51:58 - [TEST_STEP][PASSED] - println(symbol): null

2019-08-24 12:51:58 - [TEST_STEP][PASSED] - if (i == 2 &amp;&amp; wildList.indexOf(symbol) != -1): null

2019-08-24 12:51:58 - [TEST_STEP][PASSED] - if (i == 3 &amp;&amp; wildList.indexOf(symbol) != -1): null

2019-08-24 12:51:58 - [TEST_STEP][PASSED] - if (i == 4 &amp;&amp; wildList.indexOf(symbol) != -1): null

2019-08-24 12:51:58 - [TEST_STEP][PASSED] - symbol = symbol: null

2019-08-24 12:51:58 - [TEST_STEP][PASSED] - println(symbol): null

2019-08-24 12:51:58 - [TEST_STEP][PASSED] - if (i == 2 &amp;&amp; wildList.indexOf(symbol) != -1): null

2019-08-24 12:51:58 - [TEST_STEP][PASSED] - if (i == 3 &amp;&amp; wildList.indexOf(symbol) != -1): null

2019-08-24 12:51:58 - [TEST_STEP][PASSED] - if (i == 4 &amp;&amp; wildList.indexOf(symbol) != -1): null

2019-08-24 12:51:58 - [TEST_STEP][PASSED] - symbols = symbols: null

2019-08-24 12:51:58 - [TEST_STEP][PASSED] - for ([j = 0, j &lt; symbols.size(), (j++)]): null

2019-08-24 12:51:58 - [TEST_STEP][PASSED] - symbol = symbol: null

2019-08-24 12:51:58 - [TEST_STEP][PASSED] - println(symbol): null

2019-08-24 12:51:58 - [TEST_STEP][PASSED] - if (i == 2 &amp;&amp; wildList.indexOf(symbol) != -1): null

2019-08-24 12:51:58 - [TEST_STEP][PASSED] - if (i == 3 &amp;&amp; wildList.indexOf(symbol) != -1): null

2019-08-24 12:51:58 - [TEST_STEP][PASSED] - if (i == 4 &amp;&amp; wildList.indexOf(symbol) != -1): null

2019-08-24 12:51:58 - [TEST_STEP][PASSED] - symbol = symbol: null

2019-08-24 12:51:58 - [TEST_STEP][PASSED] - println(symbol): null

2019-08-24 12:51:58 - [TEST_STEP][PASSED] - if (i == 2 &amp;&amp; wildList.indexOf(symbol) != -1): null

2019-08-24 12:51:58 - [TEST_STEP][PASSED] - if (i == 3 &amp;&amp; wildList.indexOf(symbol) != -1): null

2019-08-24 12:51:58 - [TEST_STEP][PASSED] - if (i == 4 &amp;&amp; wildList.indexOf(symbol) != -1): null

2019-08-24 12:51:58 - [TEST_STEP][PASSED] - symbol = symbol: null

2019-08-24 12:51:58 - [TEST_STEP][PASSED] - println(symbol): null

2019-08-24 12:51:58 - [TEST_STEP][PASSED] - if (i == 2 &amp;&amp; wildList.indexOf(symbol) != -1): null

2019-08-24 12:51:58 - [TEST_STEP][PASSED] - if (i == 3 &amp;&amp; wildList.indexOf(symbol) != -1): null

2019-08-24 12:51:58 - [TEST_STEP][PASSED] - if (i == 4 &amp;&amp; wildList.indexOf(symbol) != -1): null

2019-08-24 12:51:58 - [TEST_STEP][PASSED] - symbols = symbols: null

2019-08-24 12:51:58 - [TEST_STEP][PASSED] - for ([j = 0, j &lt; symbols.size(), (j++)]): null

2019-08-24 12:51:58 - [TEST_STEP][PASSED] - symbol = symbol: null

2019-08-24 12:51:58 - [TEST_STEP][PASSED] - println(symbol): null

2019-08-24 12:51:58 - [TEST_STEP][PASSED] - if (i == 2 &amp;&amp; wildList.indexOf(symbol) != -1): null

2019-08-24 12:51:58 - [TEST_STEP][PASSED] - if (i == 3 &amp;&amp; wildList.indexOf(symbol) != -1): null

2019-08-24 12:51:58 - [TEST_STEP][PASSED] - println("wild found on reel 4, adding counter by 1"): null

2019-08-24 12:51:58 - [TEST_STEP][PASSED] - free_spin_reel_counter[1] = free_spin_reel_counter[1] + 1: null

2019-08-24 12:51:58 - [TEST_STEP][PASSED] - if (i == 4 &amp;&amp; wildList.indexOf(symbol) != -1): null

2019-08-24 12:51:58 - [TEST_STEP][PASSED] - symbol = symbol: null

2019-08-24 12:51:58 - [TEST_STEP][PASSED] - println(symbol): null

2019-08-24 12:51:58 - [TEST_STEP][PASSED] - if (i == 2 &amp;&amp; wildList.indexOf(symbol) != -1): null

2019-08-24 12:51:58 - [TEST_STEP][PASSED] - if (i == 3 &amp;&amp; wildList.indexOf(symbol) != -1): null

2019-08-24 12:51:58 - [TEST_STEP][PASSED] - if (i == 4 &amp;&amp; wildList.indexOf(symbol) != -1): null

2019-08-24 12:51:58 - [TEST_STEP][PASSED] - symbol = symbol: null

2019-08-24 12:51:58 - [TEST_STEP][PASSED] - println(symbol): null

2019-08-24 12:51:58 - [TEST_STEP][PASSED] - if (i == 2 &amp;&amp; wildList.indexOf(symbol) != -1): null

2019-08-24 12:51:58 - [TEST_STEP][PASSED] - if (i == 3 &amp;&amp; wildList.indexOf(symbol) != -1): null

2019-08-24 12:51:58 - [TEST_STEP][PASSED] - if (i == 4 &amp;&amp; wildList.indexOf(symbol) != -1): null

2019-08-24 12:51:58 - [TEST_STEP][PASSED] - symbols = symbols: null

2019-08-24 12:51:58 - [TEST_STEP][PASSED] - for ([j = 0, j &lt; symbols.size(), (j++)]): null

2019-08-24 12:51:58 - [TEST_STEP][PASSED] - symbol = symbol: null

2019-08-24 12:51:58 - [TEST_STEP][PASSED] - println(symbol): null

2019-08-24 12:51:58 - [TEST_STEP][PASSED] - if (i == 2 &amp;&amp; wildList.indexOf(symbol) != -1): null

2019-08-24 12:51:58 - [TEST_STEP][PASSED] - if (i == 3 &amp;&amp; wildList.indexOf(symbol) != -1): null

2019-08-24 12:51:58 - [TEST_STEP][PASSED] - if (i == 4 &amp;&amp; wildList.indexOf(symbol) != -1): null

2019-08-24 12:51:58 - [TEST_STEP][PASSED] - symbol = symbol: null

2019-08-24 12:51:58 - [TEST_STEP][PASSED] - println(symbol): null

2019-08-24 12:51:58 - [TEST_STEP][PASSED] - if (i == 2 &amp;&amp; wildList.indexOf(symbol) != -1): null

2019-08-24 12:51:58 - [TEST_STEP][PASSED] - if (i == 3 &amp;&amp; wildList.indexOf(symbol) != -1): null

2019-08-24 12:51:58 - [TEST_STEP][PASSED] - if (i == 4 &amp;&amp; wildList.indexOf(symbol) != -1): null

2019-08-24 12:51:58 - [TEST_STEP][PASSED] - symbol = symbol: null

2019-08-24 12:51:58 - [TEST_STEP][PASSED] - println(symbol): null

2019-08-24 12:51:58 - [TEST_STEP][PASSED] - if (i == 2 &amp;&amp; wildList.indexOf(symbol) != -1): null

2019-08-24 12:51:58 - [TEST_STEP][PASSED] - if (i == 3 &amp;&amp; wildList.indexOf(symbol) != -1): null

2019-08-24 12:51:58 - [TEST_STEP][PASSED] - if (i == 4 &amp;&amp; wildList.indexOf(symbol) != -1): null

2019-08-24 12:51:58 - [TEST_STEP][PASSED] - println("wild found on reel 5, adding counter by 1"): null

2019-08-24 12:51:58 - [TEST_STEP][PASSED] - free_spin_reel_counter[2] = free_spin_reel_counter[2] + 1: null

2019-08-24 12:51:58 - [TEST_STEP][PASSED] - free_spin_reel_counter = free_spin_reel_counter: null

2019-08-24 12:51:58 - [TEST_STEP][PASSED] - println("reel 3 wild found: " + free_spin_reel_counter[0]): null

2019-08-24 12:51:58 - [TEST_STEP][PASSED] - println("reel 4 wild found: " + free_spin_reel_counter[1]): null

2019-08-24 12:51:58 - [TEST_STEP][PASSED] - println("reel 5 wild found: " + free_spin_reel_counter[2]): null

2019-08-24 12:51:58 - [TEST_STEP][PASSED] - M4_spin_reels = M4_spin_reels: null

2019-08-24 12:51:58 - [TEST_STEP][PASSED] - M4_spin_reels_symbols = symbol: null

2019-08-24 12:51:58 - [TEST_STEP][PASSED] - M4_spin_reels_symbols = M4_spin_reels_symbols: null

2019-08-24 12:51:58 - [TEST_STEP][PASSED] - M4_spin_reel_wins = reel_wins: null

2019-08-24 12:51:58 - [TEST_STEP][PASSED] - M4_spin_reel_wins = M4_spin_reel_wins: null

2019-08-24 12:51:58 - [TEST_STEP][PASSED] - println("GlobalVariable.M4_spin_reel_wins is: " + M4_spin_reel_wins): null

2019-08-24 12:51:58 - [TEST_STEP][PASSED] - M4_spin_total_bonus_win_this_round = total_bonus_win_this_round: null

2019-08-24 12:51:58 - [TEST_STEP][PASSED] - M4_spin_total_bonus_win_this_round = M4_spin_total_bonus_win_this_round: null

2019-08-24 12:51:58 - [TEST_STEP][PASSED] - println("GlobalVariable.M4_spin_total_bonus_win_this_round is: " + M4_spin_total_bonus_win_this_round): null

2019-08-24 12:51:58 - [TEST_STEP][PASSED] - M4_spin_bonus_spin_result = spin_result: null

2019-08-24 12:51:58 - [TEST_STEP][PASSED] - M4_spin_bonus_spin_result = M4_spin_bonus_spin_result: null

2019-08-24 12:51:58 - [MESSAGE][PASSED] - Verify response successfully

2019-08-24 12:51:58 - [MESSAGE][PASSED] - Send request and verify the response successfully

2019-08-24 12:51:58 - [TEST_STEP][PASSED] - if (M4_total_bonus_spins_int != 0 &amp;&amp; M4_spin_reels_symbols[2].contains("WILD_Double") || M4_spin_reels_symbols[4].contains("WILD_Triple")): null

2019-08-24 12:51:58 - [TEST_STEP][PASSED] - free_spin_reel_counter = free_spin_reel_counter: null

2019-08-24 12:51:58 - [TEST_STEP][PASSED] - M4_spin_reels_symbols = M4_spin_reels_symbols: null

2019-08-24 12:51:58 - [TEST_STEP][PASSED] - M4_total_bonus_spins = M4_total_bonus_spins: null

2019-08-24 12:51:58 - [TEST_STEP][PASSED] - spin_result = sendRequestAndVerify(findTestObject("INT/RGS(M4)/1_M4_spin", ["M4_login_user_id":M4_login_user_id, "rgs_session_token":rgs_session_token, "partner":Partner])): Send request and verify the response successfully

2019-08-24 12:51:58 - [MESSAGE][INFO] - HAR: /Users/eiralee/Katalon_Script/SuperWild/Reports/20190824_124242/INT/superWild_4/20190824_124242/requests/main/167.har

2019-08-24 12:51:58 - [TEST_CASE][PASSED] - Start Test Case : Verification: Verification accomplished successfully

2019-08-24 12:51:58 - [TEST_STEP][PASSED] - request = getInstance().getCurrentRequest(): null

2019-08-24 12:51:58 - [TEST_STEP][PASSED] - response = getInstance().getCurrentResponse(): null

2019-08-24 12:51:58 - [TEST_STEP][PASSED] - verifyResponseStatusCode(response, 200): Verify response status code successfully

2019-08-24 12:51:58 - [MESSAGE][PASSED] - Verify response status code successfully

2019-08-24 12:51:58 - [TEST_STEP][PASSED] - getStatusCode()).isEqualTo(200): null

2019-08-24 12:51:58 - [TEST_STEP][PASSED] - newline = System.getProperty("line.separator"): null

2019-08-24 12:51:58 - [TEST_STEP][PASSED] - M4_spin = new groovy.json.JsonSlurper(): null

2019-08-24 12:51:58 - [TEST_STEP][PASSED] - result_M4_spin = M4_spin.parseText(response.getResponseBodyContent()): null

2019-08-24 12:51:58 - [TEST_STEP][PASSED] - M4_spin_current_balance = current_balance: null

2019-08-24 12:51:58 - [TEST_STEP][PASSED] - M4_spin_current_balance = M4_spin_current_balance: null

2019-08-24 12:51:58 - [TEST_STEP][PASSED] - M4_spin_transaction_id = causality: null

2019-08-24 12:51:58 - [TEST_STEP][PASSED] - M4_spin_transaction_id = M4_spin_transaction_id: null

2019-08-24 12:51:58 - [TEST_STEP][PASSED] - M4_spin_round_id = round_id: null

2019-08-24 12:51:58 - [TEST_STEP][PASSED] - M4_spin_round_id = M4_spin_round_id: null

2019-08-24 12:51:58 - [TEST_STEP][PASSED] - M4_spin_line_wins = line_wins: null

2019-08-24 12:51:58 - [TEST_STEP][PASSED] - M4_spin_line_wins = M4_spin_line_wins: null

2019-08-24 12:51:58 - [TEST_STEP][PASSED] - M4_total_bonus_spins_int = total_bonus_spins: null

2019-08-24 12:51:58 - [TEST_STEP][PASSED] - println("******M4_total_bonus_spins type is:*******" + newline + getClass().getName()): null

2019-08-24 12:51:58 - [TEST_STEP][PASSED] - M4_total_bonus_spins_int = M4_total_bonus_spins_int: null

2019-08-24 12:51:58 - [TEST_STEP][PASSED] - M4_total_bonus_spins = Integer.toString(M4_total_bonus_spins_int): null

2019-08-24 12:51:58 - [TEST_STEP][PASSED] - M4_total_bonus_spins = M4_total_bonus_spins: null

2019-08-24 12:51:58 - [TEST_STEP][PASSED] - println("M4_total_bonus_spins is:" + M4_total_bonus_spins): null

2019-08-24 12:51:58 - [TEST_STEP][PASSED] - M4_spin_bonus_data = bonus_data: null

2019-08-24 12:51:58 - [TEST_STEP][PASSED] - M4_spin_features_triggered = result_M4_spin: null

2019-08-24 12:51:58 - [TEST_STEP][PASSED] - wild = []: null

2019-08-24 12:51:58 - [TEST_STEP][PASSED] - wild[0] = "WILD_Expanding": null

2019-08-24 12:51:58 - [TEST_STEP][PASSED] - wild[1] = "WILD_Normal": null

2019-08-24 12:51:58 - [TEST_STEP][PASSED] - wild[2] = "WILD_Double": null

2019-08-24 12:51:58 - [TEST_STEP][PASSED] - wild[3] = "WILD_ExtraFG": null

2019-08-24 12:51:58 - [TEST_STEP][PASSED] - wild[4] = "WILD_Triple": null

2019-08-24 12:51:58 - [TEST_STEP][PASSED] - wildList = Arrays.asList(wild): null

2019-08-24 12:51:58 - [TEST_STEP][PASSED] - wildList = wildList: null

2019-08-24 12:51:58 - [TEST_STEP][PASSED] - free_spin_reel_counter = []: null

2019-08-24 12:51:58 - [TEST_STEP][PASSED] - free_spin_reel_counter[0] = 0: null

2019-08-24 12:51:58 - [TEST_STEP][PASSED] - free_spin_reel_counter[1] = 0: null

2019-08-24 12:51:58 - [TEST_STEP][PASSED] - free_spin_reel_counter[2] = 0: null

2019-08-24 12:51:58 - [TEST_STEP][PASSED] - M4_spin_reels = reels: null

2019-08-24 12:51:58 - [TEST_STEP][PASSED] - for ([i = 0, i &lt; M4_spin_reels.size(), (i++)]): null

2019-08-24 12:51:58 - [TEST_STEP][PASSED] - symbols = symbols: null

2019-08-24 12:51:58 - [TEST_STEP][PASSED] - for ([j = 0, j &lt; symbols.size(), (j++)]): null

2019-08-24 12:51:58 - [TEST_STEP][PASSED] - symbol = symbol: null

2019-08-24 12:51:58 - [TEST_STEP][PASSED] - println(symbol): null

2019-08-24 12:51:58 - [TEST_STEP][PASSED] - if (i == 2 &amp;&amp; wildList.indexOf(symbol) != -1): null

2019-08-24 12:51:58 - [TEST_STEP][PASSED] - if (i == 3 &amp;&amp; wildList.indexOf(symbol) != -1): null

2019-08-24 12:52:02 - [TEST_STEP][PASSED] - if (i == 4 &amp;&amp; wildList.indexOf(symbol) != -1): null

2019-08-24 12:52:02 - [TEST_STEP][PASSED] - symbol = symbol: null

2019-08-24 12:52:02 - [TEST_STEP][PASSED] - println(symbol): null

2019-08-24 12:52:02 - [TEST_STEP][PASSED] - if (i == 2 &amp;&amp; wildList.indexOf(symbol) != -1): null

2019-08-24 12:52:02 - [TEST_STEP][PASSED] - if (i == 3 &amp;&amp; wildList.indexOf(symbol) != -1): null

2019-08-24 12:52:02 - [TEST_STEP][PASSED] - if (i == 4 &amp;&amp; wildList.indexOf(symbol) != -1): null

2019-08-24 12:52:02 - [TEST_STEP][PASSED] - symbol = symbol: null

2019-08-24 12:52:02 - [TEST_STEP][PASSED] - println(symbol): null

2019-08-24 12:52:02 - [TEST_STEP][PASSED] - if (i == 2 &amp;&amp; wildList.indexOf(symbol) != -1): null

2019-08-24 12:52:02 - [TEST_STEP][PASSED] - if (i == 3 &amp;&amp; wildList.indexOf(symbol) != -1): null

2019-08-24 12:52:02 - [TEST_STEP][PASSED] - if (i == 4 &amp;&amp; wildList.indexOf(symbol) != -1): null

2019-08-24 12:52:02 - [TEST_STEP][PASSED] - symbols = symbols: null

2019-08-24 12:52:02 - [TEST_STEP][PASSED] - for ([j = 0, j &lt; symbols.size(), (j++)]): null

2019-08-24 12:52:02 - [TEST_STEP][PASSED] - symbol = symbol: null

2019-08-24 12:52:02 - [TEST_STEP][PASSED] - println(symbol): null

2019-08-24 12:52:02 - [TEST_STEP][PASSED] - if (i == 2 &amp;&amp; wildList.indexOf(symbol) != -1): null

2019-08-24 12:52:02 - [TEST_STEP][PASSED] - if (i == 3 &amp;&amp; wildList.indexOf(symbol) != -1): null

2019-08-24 12:52:02 - [TEST_STEP][PASSED] - if (i == 4 &amp;&amp; wildList.indexOf(symbol) != -1): null

2019-08-24 12:52:02 - [TEST_STEP][PASSED] - symbol = symbol: null

2019-08-24 12:52:02 - [TEST_STEP][PASSED] - println(symbol): null

2019-08-24 12:52:02 - [TEST_STEP][PASSED] - if (i == 2 &amp;&amp; wildList.indexOf(symbol) != -1): null

2019-08-24 12:52:02 - [TEST_STEP][PASSED] - if (i == 3 &amp;&amp; wildList.indexOf(symbol) != -1): null

2019-08-24 12:52:02 - [TEST_STEP][PASSED] - if (i == 4 &amp;&amp; wildList.indexOf(symbol) != -1): null

2019-08-24 12:52:02 - [TEST_STEP][PASSED] - symbol = symbol: null

2019-08-24 12:52:02 - [TEST_STEP][PASSED] - println(symbol): null

2019-08-24 12:52:02 - [TEST_STEP][PASSED] - if (i == 2 &amp;&amp; wildList.indexOf(symbol) != -1): null

2019-08-24 12:52:02 - [TEST_STEP][PASSED] - if (i == 3 &amp;&amp; wildList.indexOf(symbol) != -1): null

2019-08-24 12:52:02 - [TEST_STEP][PASSED] - if (i == 4 &amp;&amp; wildList.indexOf(symbol) != -1): null

2019-08-24 12:52:02 - [TEST_STEP][PASSED] - symbols = symbols: null

2019-08-24 12:52:02 - [TEST_STEP][PASSED] - for ([j = 0, j &lt; symbols.size(), (j++)]): null

2019-08-24 12:52:02 - [TEST_STEP][PASSED] - symbol = symbol: null

2019-08-24 12:52:02 - [TEST_STEP][PASSED] - println(symbol): null

2019-08-24 12:52:02 - [TEST_STEP][PASSED] - if (i == 2 &amp;&amp; wildList.indexOf(symbol) != -1): null

2019-08-24 12:52:02 - [TEST_STEP][PASSED] - if (i == 3 &amp;&amp; wildList.indexOf(symbol) != -1): null

2019-08-24 12:52:02 - [TEST_STEP][PASSED] - if (i == 4 &amp;&amp; wildList.indexOf(symbol) != -1): null

2019-08-24 12:52:02 - [TEST_STEP][PASSED] - symbol = symbol: null

2019-08-24 12:52:02 - [TEST_STEP][PASSED] - println(symbol): null

2019-08-24 12:52:02 - [TEST_STEP][PASSED] - if (i == 2 &amp;&amp; wildList.indexOf(symbol) != -1): null

2019-08-24 12:52:02 - [TEST_STEP][PASSED] - if (i == 3 &amp;&amp; wildList.indexOf(symbol) != -1): null

2019-08-24 12:52:02 - [TEST_STEP][PASSED] - if (i == 4 &amp;&amp; wildList.indexOf(symbol) != -1): null

2019-08-24 12:52:02 - [TEST_STEP][PASSED] - symbol = symbol: null

2019-08-24 12:52:02 - [TEST_STEP][PASSED] - println(symbol): null

2019-08-24 12:52:02 - [TEST_STEP][PASSED] - if (i == 2 &amp;&amp; wildList.indexOf(symbol) != -1): null

2019-08-24 12:52:02 - [TEST_STEP][PASSED] - if (i == 3 &amp;&amp; wildList.indexOf(symbol) != -1): null

2019-08-24 12:52:02 - [TEST_STEP][PASSED] - if (i == 4 &amp;&amp; wildList.indexOf(symbol) != -1): null

2019-08-24 12:52:02 - [TEST_STEP][PASSED] - symbols = symbols: null

2019-08-24 12:52:02 - [TEST_STEP][PASSED] - for ([j = 0, j &lt; symbols.size(), (j++)]): null

2019-08-24 12:52:02 - [TEST_STEP][PASSED] - symbol = symbol: null

2019-08-24 12:52:02 - [TEST_STEP][PASSED] - println(symbol): null

2019-08-24 12:52:02 - [TEST_STEP][PASSED] - if (i == 2 &amp;&amp; wildList.indexOf(symbol) != -1): null

2019-08-24 12:52:02 - [TEST_STEP][PASSED] - if (i == 3 &amp;&amp; wildList.indexOf(symbol) != -1): null

2019-08-24 12:52:02 - [TEST_STEP][PASSED] - println("wild found on reel 4, adding counter by 1"): null

2019-08-24 12:52:02 - [TEST_STEP][PASSED] - free_spin_reel_counter[1] = free_spin_reel_counter[1] + 1: null

2019-08-24 12:52:02 - [TEST_STEP][PASSED] - if (i == 4 &amp;&amp; wildList.indexOf(symbol) != -1): null

2019-08-24 12:52:02 - [TEST_STEP][PASSED] - symbol = symbol: null

2019-08-24 12:52:02 - [TEST_STEP][PASSED] - println(symbol): null

2019-08-24 12:52:02 - [TEST_STEP][PASSED] - if (i == 2 &amp;&amp; wildList.indexOf(symbol) != -1): null

2019-08-24 12:52:02 - [TEST_STEP][PASSED] - if (i == 3 &amp;&amp; wildList.indexOf(symbol) != -1): null

2019-08-24 12:52:02 - [TEST_STEP][PASSED] - if (i == 4 &amp;&amp; wildList.indexOf(symbol) != -1): null

2019-08-24 12:52:02 - [TEST_STEP][PASSED] - symbol = symbol: null

2019-08-24 12:52:02 - [TEST_STEP][PASSED] - println(symbol): null

2019-08-24 12:52:02 - [TEST_STEP][PASSED] - if (i == 2 &amp;&amp; wildList.indexOf(symbol) != -1): null

2019-08-24 12:52:02 - [TEST_STEP][PASSED] - if (i == 3 &amp;&amp; wildList.indexOf(symbol) != -1): null

2019-08-24 12:52:02 - [TEST_STEP][PASSED] - if (i == 4 &amp;&amp; wildList.indexOf(symbol) != -1): null

2019-08-24 12:52:02 - [TEST_STEP][PASSED] - symbols = symbols: null

2019-08-24 12:52:02 - [TEST_STEP][PASSED] - for ([j = 0, j &lt; symbols.size(), (j++)]): null

2019-08-24 12:52:02 - [TEST_STEP][PASSED] - symbol = symbol: null

2019-08-24 12:52:02 - [TEST_STEP][PASSED] - println(symbol): null

2019-08-24 12:52:02 - [TEST_STEP][PASSED] - if (i == 2 &amp;&amp; wildList.indexOf(symbol) != -1): null

2019-08-24 12:52:02 - [TEST_STEP][PASSED] - if (i == 3 &amp;&amp; wildList.indexOf(symbol) != -1): null

2019-08-24 12:52:02 - [TEST_STEP][PASSED] - if (i == 4 &amp;&amp; wildList.indexOf(symbol) != -1): null

2019-08-24 12:52:02 - [TEST_STEP][PASSED] - symbol = symbol: null

2019-08-24 12:52:02 - [TEST_STEP][PASSED] - println(symbol): null

2019-08-24 12:52:02 - [TEST_STEP][PASSED] - if (i == 2 &amp;&amp; wildList.indexOf(symbol) != -1): null

2019-08-24 12:52:02 - [TEST_STEP][PASSED] - if (i == 3 &amp;&amp; wildList.indexOf(symbol) != -1): null

2019-08-24 12:52:02 - [TEST_STEP][PASSED] - if (i == 4 &amp;&amp; wildList.indexOf(symbol) != -1): null

2019-08-24 12:52:02 - [TEST_STEP][PASSED] - symbol = symbol: null

2019-08-24 12:52:02 - [TEST_STEP][PASSED] - println(symbol): null

2019-08-24 12:52:02 - [TEST_STEP][PASSED] - if (i == 2 &amp;&amp; wildList.indexOf(symbol) != -1): null

2019-08-24 12:52:02 - [TEST_STEP][PASSED] - if (i == 3 &amp;&amp; wildList.indexOf(symbol) != -1): null

2019-08-24 12:52:02 - [TEST_STEP][PASSED] - if (i == 4 &amp;&amp; wildList.indexOf(symbol) != -1): null

2019-08-24 12:52:02 - [TEST_STEP][PASSED] - free_spin_reel_counter = free_spin_reel_counter: null

2019-08-24 12:52:02 - [TEST_STEP][PASSED] - println("reel 3 wild found: " + free_spin_reel_counter[0]): null

2019-08-24 12:52:02 - [TEST_STEP][PASSED] - println("reel 4 wild found: " + free_spin_reel_counter[1]): null

2019-08-24 12:52:02 - [TEST_STEP][PASSED] - println("reel 5 wild found: " + free_spin_reel_counter[2]): null

2019-08-24 12:52:02 - [TEST_STEP][PASSED] - M4_spin_reels = M4_spin_reels: null

2019-08-24 12:52:02 - [TEST_STEP][PASSED] - M4_spin_reels_symbols = symbol: null

2019-08-24 12:52:02 - [TEST_STEP][PASSED] - M4_spin_reels_symbols = M4_spin_reels_symbols: null

2019-08-24 12:52:02 - [TEST_STEP][PASSED] - M4_spin_reel_wins = reel_wins: null

2019-08-24 12:52:02 - [TEST_STEP][PASSED] - M4_spin_reel_wins = M4_spin_reel_wins: null

2019-08-24 12:52:02 - [TEST_STEP][PASSED] - println("GlobalVariable.M4_spin_reel_wins is: " + M4_spin_reel_wins): null

2019-08-24 12:52:02 - [TEST_STEP][PASSED] - M4_spin_total_bonus_win_this_round = total_bonus_win_this_round: null

2019-08-24 12:52:02 - [TEST_STEP][PASSED] - M4_spin_total_bonus_win_this_round = M4_spin_total_bonus_win_this_round: null

2019-08-24 12:52:02 - [TEST_STEP][PASSED] - println("GlobalVariable.M4_spin_total_bonus_win_this_round is: " + M4_spin_total_bonus_win_this_round): null

2019-08-24 12:52:02 - [TEST_STEP][PASSED] - M4_spin_bonus_spin_result = spin_result: null

2019-08-24 12:52:02 - [TEST_STEP][PASSED] - M4_spin_bonus_spin_result = M4_spin_bonus_spin_result: null

2019-08-24 12:52:02 - [MESSAGE][PASSED] - Verify response successfully

2019-08-24 12:52:02 - [MESSAGE][PASSED] - Send request and verify the response successfully

2019-08-24 12:52:02 - [TEST_STEP][PASSED] - if (M4_total_bonus_spins_int != 0 &amp;&amp; M4_spin_reels_symbols[2].contains("WILD_Double") || M4_spin_reels_symbols[4].contains("WILD_Triple")): null

2019-08-24 12:52:02 - [TEST_STEP][PASSED] - free_spin_reel_counter = free_spin_reel_counter: null

2019-08-24 12:52:02 - [TEST_STEP][PASSED] - M4_spin_reels_symbols = M4_spin_reels_symbols: null

2019-08-24 12:52:02 - [TEST_STEP][PASSED] - M4_total_bonus_spins = M4_total_bonus_spins: null

2019-08-24 12:52:02 - [TEST_STEP][PASSED] - spin_result = sendRequestAndVerify(findTestObject("INT/RGS(M4)/1_M4_spin", ["M4_login_user_id":M4_login_user_id, "rgs_session_token":rgs_session_token, "partner":Partner])): Send request and verify the response successfully

2019-08-24 12:52:03 - [MESSAGE][INFO] - HAR: /Users/eiralee/Katalon_Script/SuperWild/Reports/20190824_124242/INT/superWild_4/20190824_124242/requests/main/168.har

2019-08-24 12:52:03 - [TEST_CASE][PASSED] - Start Test Case : Verification: Verification accomplished successfully

2019-08-24 12:52:03 - [TEST_STEP][PASSED] - request = getInstance().getCurrentRequest(): null

2019-08-24 12:52:03 - [TEST_STEP][PASSED] - response = getInstance().getCurrentResponse(): null

2019-08-24 12:52:03 - [TEST_STEP][PASSED] - verifyResponseStatusCode(response, 200): Verify response status code successfully

2019-08-24 12:52:03 - [MESSAGE][PASSED] - Verify response status code successfully

2019-08-24 12:52:03 - [TEST_STEP][PASSED] - getStatusCode()).isEqualTo(200): null

2019-08-24 12:52:03 - [TEST_STEP][PASSED] - newline = System.getProperty("line.separator"): null

2019-08-24 12:52:03 - [TEST_STEP][PASSED] - M4_spin = new groovy.json.JsonSlurper(): null

2019-08-24 12:52:03 - [TEST_STEP][PASSED] - result_M4_spin = M4_spin.parseText(response.getResponseBodyContent()): null

2019-08-24 12:52:03 - [TEST_STEP][PASSED] - M4_spin_current_balance = current_balance: null

2019-08-24 12:52:03 - [TEST_STEP][PASSED] - M4_spin_current_balance = M4_spin_current_balance: null

2019-08-24 12:52:03 - [TEST_STEP][PASSED] - M4_spin_transaction_id = causality: null

2019-08-24 12:52:03 - [TEST_STEP][PASSED] - M4_spin_transaction_id = M4_spin_transaction_id: null

2019-08-24 12:52:03 - [TEST_STEP][PASSED] - M4_spin_round_id = round_id: null

2019-08-24 12:52:03 - [TEST_STEP][PASSED] - M4_spin_round_id = M4_spin_round_id: null

2019-08-24 12:52:03 - [TEST_STEP][PASSED] - M4_spin_line_wins = line_wins: null

2019-08-24 12:52:03 - [TEST_STEP][PASSED] - M4_spin_line_wins = M4_spin_line_wins: null

2019-08-24 12:52:03 - [TEST_STEP][PASSED] - M4_total_bonus_spins_int = total_bonus_spins: null

2019-08-24 12:52:03 - [TEST_STEP][PASSED] - println("******M4_total_bonus_spins type is:*******" + newline + getClass().getName()): null

2019-08-24 12:52:03 - [TEST_STEP][PASSED] - M4_total_bonus_spins_int = M4_total_bonus_spins_int: null

2019-08-24 12:52:03 - [TEST_STEP][PASSED] - M4_total_bonus_spins = Integer.toString(M4_total_bonus_spins_int): null

2019-08-24 12:52:03 - [TEST_STEP][PASSED] - M4_total_bonus_spins = M4_total_bonus_spins: null

2019-08-24 12:52:03 - [TEST_STEP][PASSED] - println("M4_total_bonus_spins is:" + M4_total_bonus_spins): null

2019-08-24 12:52:03 - [TEST_STEP][PASSED] - M4_spin_bonus_data = bonus_data: null

2019-08-24 12:52:03 - [TEST_STEP][PASSED] - M4_spin_features_triggered = result_M4_spin: null

2019-08-24 12:52:03 - [TEST_STEP][PASSED] - wild = []: null

2019-08-24 12:52:03 - [TEST_STEP][PASSED] - wild[0] = "WILD_Expanding": null

2019-08-24 12:52:03 - [TEST_STEP][PASSED] - wild[1] = "WILD_Normal": null

2019-08-24 12:52:03 - [TEST_STEP][PASSED] - wild[2] = "WILD_Double": null

2019-08-24 12:52:03 - [TEST_STEP][PASSED] - wild[3] = "WILD_ExtraFG": null

2019-08-24 12:52:03 - [TEST_STEP][PASSED] - wild[4] = "WILD_Triple": null

2019-08-24 12:52:03 - [TEST_STEP][PASSED] - wildList = Arrays.asList(wild): null

2019-08-24 12:52:03 - [TEST_STEP][PASSED] - wildList = wildList: null

2019-08-24 12:52:03 - [TEST_STEP][PASSED] - free_spin_reel_counter = []: null

2019-08-24 12:52:03 - [TEST_STEP][PASSED] - free_spin_reel_counter[0] = 0: null

2019-08-24 12:52:03 - [TEST_STEP][PASSED] - free_spin_reel_counter[1] = 0: null

2019-08-24 12:52:03 - [TEST_STEP][PASSED] - free_spin_reel_counter[2] = 0: null

2019-08-24 12:52:03 - [TEST_STEP][PASSED] - M4_spin_reels = reels: null

2019-08-24 12:52:03 - [TEST_STEP][PASSED] - for ([i = 0, i &lt; M4_spin_reels.size(), (i++)]): null

2019-08-24 12:52:03 - [TEST_STEP][PASSED] - symbols = symbols: null

2019-08-24 12:52:03 - [TEST_STEP][PASSED] - for ([j = 0, j &lt; symbols.size(), (j++)]): null

2019-08-24 12:52:03 - [TEST_STEP][PASSED] - symbol = symbol: null

2019-08-24 12:52:03 - [TEST_STEP][PASSED] - println(symbol): null

2019-08-24 12:52:03 - [TEST_STEP][PASSED] - if (i == 2 &amp;&amp; wildList.indexOf(symbol) != -1): null

2019-08-24 12:52:03 - [TEST_STEP][PASSED] - if (i == 3 &amp;&amp; wildList.indexOf(symbol) != -1): null

2019-08-24 12:52:03 - [TEST_STEP][PASSED] - if (i == 4 &amp;&amp; wildList.indexOf(symbol) != -1): null

2019-08-24 12:52:03 - [TEST_STEP][PASSED] - symbol = symbol: null

2019-08-24 12:52:03 - [TEST_STEP][PASSED] - println(symbol): null

2019-08-24 12:52:03 - [TEST_STEP][PASSED] - if (i == 2 &amp;&amp; wildList.indexOf(symbol) != -1): null

2019-08-24 12:52:03 - [TEST_STEP][PASSED] - if (i == 3 &amp;&amp; wildList.indexOf(symbol) != -1): null

2019-08-24 12:52:03 - [TEST_STEP][PASSED] - if (i == 4 &amp;&amp; wildList.indexOf(symbol) != -1): null

2019-08-24 12:52:03 - [TEST_STEP][PASSED] - symbol = symbol: null

2019-08-24 12:52:03 - [TEST_STEP][PASSED] - println(symbol): null

2019-08-24 12:52:03 - [TEST_STEP][PASSED] - if (i == 2 &amp;&amp; wildList.indexOf(symbol) != -1): null

2019-08-24 12:52:03 - [TEST_STEP][PASSED] - if (i == 3 &amp;&amp; wildList.indexOf(symbol) != -1): null

2019-08-24 12:52:03 - [TEST_STEP][PASSED] - if (i == 4 &amp;&amp; wildList.indexOf(symbol) != -1): null

2019-08-24 12:52:03 - [TEST_STEP][PASSED] - symbols = symbols: null

2019-08-24 12:52:03 - [TEST_STEP][PASSED] - for ([j = 0, j &lt; symbols.size(), (j++)]): null

2019-08-24 12:52:03 - [TEST_STEP][PASSED] - symbol = symbol: null

2019-08-24 12:52:03 - [TEST_STEP][PASSED] - println(symbol): null

2019-08-24 12:52:03 - [TEST_STEP][PASSED] - if (i == 2 &amp;&amp; wildList.indexOf(symbol) != -1): null

2019-08-24 12:52:03 - [TEST_STEP][PASSED] - if (i == 3 &amp;&amp; wildList.indexOf(symbol) != -1): null

2019-08-24 12:52:03 - [TEST_STEP][PASSED] - if (i == 4 &amp;&amp; wildList.indexOf(symbol) != -1): null

2019-08-24 12:52:03 - [TEST_STEP][PASSED] - symbol = symbol: null

2019-08-24 12:52:03 - [TEST_STEP][PASSED] - println(symbol): null

2019-08-24 12:52:03 - [TEST_STEP][PASSED] - if (i == 2 &amp;&amp; wildList.indexOf(symbol) != -1): null

2019-08-24 12:52:03 - [TEST_STEP][PASSED] - if (i == 3 &amp;&amp; wildList.indexOf(symbol) != -1): null

2019-08-24 12:52:03 - [TEST_STEP][PASSED] - if (i == 4 &amp;&amp; wildList.indexOf(symbol) != -1): null

2019-08-24 12:52:03 - [TEST_STEP][PASSED] - symbol = symbol: null

2019-08-24 12:52:03 - [TEST_STEP][PASSED] - println(symbol): null

2019-08-24 12:52:03 - [TEST_STEP][PASSED] - if (i == 2 &amp;&amp; wildList.indexOf(symbol) != -1): null

2019-08-24 12:52:03 - [TEST_STEP][PASSED] - if (i == 3 &amp;&amp; wildList.indexOf(symbol) != -1): null

2019-08-24 12:52:03 - [TEST_STEP][PASSED] - if (i == 4 &amp;&amp; wildList.indexOf(symbol) != -1): null

2019-08-24 12:52:03 - [TEST_STEP][PASSED] - symbols = symbols: null

2019-08-24 12:52:03 - [TEST_STEP][PASSED] - for ([j = 0, j &lt; symbols.size(), (j++)]): null

2019-08-24 12:52:03 - [TEST_STEP][PASSED] - symbol = symbol: null

2019-08-24 12:52:03 - [TEST_STEP][PASSED] - println(symbol): null

2019-08-24 12:52:03 - [TEST_STEP][PASSED] - if (i == 2 &amp;&amp; wildList.indexOf(symbol) != -1): null

2019-08-24 12:52:03 - [TEST_STEP][PASSED] - if (i == 3 &amp;&amp; wildList.indexOf(symbol) != -1): null

2019-08-24 12:52:03 - [TEST_STEP][PASSED] - if (i == 4 &amp;&amp; wildList.indexOf(symbol) != -1): null

2019-08-24 12:52:03 - [TEST_STEP][PASSED] - symbol = symbol: null

2019-08-24 12:52:03 - [TEST_STEP][PASSED] - println(symbol): null

2019-08-24 12:52:03 - [TEST_STEP][PASSED] - if (i == 2 &amp;&amp; wildList.indexOf(symbol) != -1): null

2019-08-24 12:52:03 - [TEST_STEP][PASSED] - if (i == 3 &amp;&amp; wildList.indexOf(symbol) != -1): null

2019-08-24 12:52:03 - [TEST_STEP][PASSED] - if (i == 4 &amp;&amp; wildList.indexOf(symbol) != -1): null

2019-08-24 12:52:03 - [TEST_STEP][PASSED] - symbol = symbol: null

2019-08-24 12:52:03 - [TEST_STEP][PASSED] - println(symbol): null

2019-08-24 12:52:03 - [TEST_STEP][PASSED] - if (i == 2 &amp;&amp; wildList.indexOf(symbol) != -1): null

2019-08-24 12:52:03 - [TEST_STEP][PASSED] - if (i == 3 &amp;&amp; wildList.indexOf(symbol) != -1): null

2019-08-24 12:52:03 - [TEST_STEP][PASSED] - if (i == 4 &amp;&amp; wildList.indexOf(symbol) != -1): null

2019-08-24 12:52:03 - [TEST_STEP][PASSED] - symbols = symbols: null

2019-08-24 12:52:03 - [TEST_STEP][PASSED] - for ([j = 0, j &lt; symbols.size(), (j++)]): null

2019-08-24 12:52:03 - [TEST_STEP][PASSED] - symbol = symbol: null

2019-08-24 12:52:03 - [TEST_STEP][PASSED] - println(symbol): null

2019-08-24 12:52:03 - [TEST_STEP][PASSED] - if (i == 2 &amp;&amp; wildList.indexOf(symbol) != -1): null

2019-08-24 12:52:03 - [TEST_STEP][PASSED] - if (i == 3 &amp;&amp; wildList.indexOf(symbol) != -1): null

2019-08-24 12:52:03 - [TEST_STEP][PASSED] - if (i == 4 &amp;&amp; wildList.indexOf(symbol) != -1): null

2019-08-24 12:52:03 - [TEST_STEP][PASSED] - symbol = symbol: null

2019-08-24 12:52:03 - [TEST_STEP][PASSED] - println(symbol): null

2019-08-24 12:52:03 - [TEST_STEP][PASSED] - if (i == 2 &amp;&amp; wildList.indexOf(symbol) != -1): null

2019-08-24 12:52:03 - [TEST_STEP][PASSED] - if (i == 3 &amp;&amp; wildList.indexOf(symbol) != -1): null

2019-08-24 12:52:03 - [TEST_STEP][PASSED] - if (i == 4 &amp;&amp; wildList.indexOf(symbol) != -1): null

2019-08-24 12:52:03 - [TEST_STEP][PASSED] - symbol = symbol: null

2019-08-24 12:52:03 - [TEST_STEP][PASSED] - println(symbol): null

2019-08-24 12:52:03 - [TEST_STEP][PASSED] - if (i == 2 &amp;&amp; wildList.indexOf(symbol) != -1): null

2019-08-24 12:52:03 - [TEST_STEP][PASSED] - if (i == 3 &amp;&amp; wildList.indexOf(symbol) != -1): null

2019-08-24 12:52:03 - [TEST_STEP][PASSED] - println("wild found on reel 4, adding counter by 1"): null

2019-08-24 12:52:03 - [TEST_STEP][PASSED] - free_spin_reel_counter[1] = free_spin_reel_counter[1] + 1: null

2019-08-24 12:52:03 - [TEST_STEP][PASSED] - if (i == 4 &amp;&amp; wildList.indexOf(symbol) != -1): null

2019-08-24 12:52:03 - [TEST_STEP][PASSED] - symbols = symbols: null

2019-08-24 12:52:03 - [TEST_STEP][PASSED] - for ([j = 0, j &lt; symbols.size(), (j++)]): null

2019-08-24 12:52:03 - [TEST_STEP][PASSED] - symbol = symbol: null

2019-08-24 12:52:03 - [TEST_STEP][PASSED] - println(symbol): null

2019-08-24 12:52:03 - [TEST_STEP][PASSED] - if (i == 2 &amp;&amp; wildList.indexOf(symbol) != -1): null

2019-08-24 12:52:03 - [TEST_STEP][PASSED] - if (i == 3 &amp;&amp; wildList.indexOf(symbol) != -1): null

2019-08-24 12:52:03 - [TEST_STEP][PASSED] - if (i == 4 &amp;&amp; wildList.indexOf(symbol) != -1): null

2019-08-24 12:52:03 - [TEST_STEP][PASSED] - symbol = symbol: null

2019-08-24 12:52:03 - [TEST_STEP][PASSED] - println(symbol): null

2019-08-24 12:52:03 - [TEST_STEP][PASSED] - if (i == 2 &amp;&amp; wildList.indexOf(symbol) != -1): null

2019-08-24 12:52:03 - [TEST_STEP][PASSED] - if (i == 3 &amp;&amp; wildList.indexOf(symbol) != -1): null

2019-08-24 12:52:03 - [TEST_STEP][PASSED] - if (i == 4 &amp;&amp; wildList.indexOf(symbol) != -1): null

2019-08-24 12:52:03 - [TEST_STEP][PASSED] - symbol = symbol: null

2019-08-24 12:52:03 - [TEST_STEP][PASSED] - println(symbol): null

2019-08-24 12:52:03 - [TEST_STEP][PASSED] - if (i == 2 &amp;&amp; wildList.indexOf(symbol) != -1): null

2019-08-24 12:52:03 - [TEST_STEP][PASSED] - if (i == 3 &amp;&amp; wildList.indexOf(symbol) != -1): null

2019-08-24 12:52:03 - [TEST_STEP][PASSED] - if (i == 4 &amp;&amp; wildList.indexOf(symbol) != -1): null

2019-08-24 12:52:03 - [TEST_STEP][PASSED] - free_spin_reel_counter = free_spin_reel_counter: null

2019-08-24 12:52:03 - [TEST_STEP][PASSED] - println("reel 3 wild found: " + free_spin_reel_counter[0]): null

2019-08-24 12:52:03 - [TEST_STEP][PASSED] - println("reel 4 wild found: " + free_spin_reel_counter[1]): null

2019-08-24 12:52:03 - [TEST_STEP][PASSED] - println("reel 5 wild found: " + free_spin_reel_counter[2]): null

2019-08-24 12:52:03 - [TEST_STEP][PASSED] - M4_spin_reels = M4_spin_reels: null

2019-08-24 12:52:03 - [TEST_STEP][PASSED] - M4_spin_reels_symbols = symbol: null

2019-08-24 12:52:03 - [TEST_STEP][PASSED] - M4_spin_reels_symbols = M4_spin_reels_symbols: null

2019-08-24 12:52:03 - [TEST_STEP][PASSED] - M4_spin_reel_wins = reel_wins: null

2019-08-24 12:52:03 - [TEST_STEP][PASSED] - M4_spin_reel_wins = M4_spin_reel_wins: null

2019-08-24 12:52:03 - [TEST_STEP][PASSED] - println("GlobalVariable.M4_spin_reel_wins is: " + M4_spin_reel_wins): null

2019-08-24 12:52:03 - [TEST_STEP][PASSED] - M4_spin_total_bonus_win_this_round = total_bonus_win_this_round: null

2019-08-24 12:52:03 - [TEST_STEP][PASSED] - M4_spin_total_bonus_win_this_round = M4_spin_total_bonus_win_this_round: null

2019-08-24 12:52:03 - [TEST_STEP][PASSED] - println("GlobalVariable.M4_spin_total_bonus_win_this_round is: " + M4_spin_total_bonus_win_this_round): null

2019-08-24 12:52:03 - [TEST_STEP][PASSED] - M4_spin_bonus_spin_result = spin_result: null

2019-08-24 12:52:03 - [TEST_STEP][PASSED] - M4_spin_bonus_spin_result = M4_spin_bonus_spin_result: null

2019-08-24 12:52:03 - [MESSAGE][PASSED] - Verify response successfully

2019-08-24 12:52:03 - [MESSAGE][PASSED] - Send request and verify the response successfully

2019-08-24 12:52:03 - [TEST_STEP][PASSED] - if (M4_total_bonus_spins_int != 0 &amp;&amp; M4_spin_reels_symbols[2].contains("WILD_Double") || M4_spin_reels_symbols[4].contains("WILD_Triple")): null

2019-08-24 12:52:03 - [TEST_STEP][PASSED] - free_spin_reel_counter = free_spin_reel_counter: null

2019-08-24 12:52:03 - [TEST_STEP][PASSED] - M4_spin_reels_symbols = M4_spin_reels_symbols: null

2019-08-24 12:52:03 - [TEST_STEP][PASSED] - M4_total_bonus_spins = M4_total_bonus_spins: null

2019-08-24 12:52:03 - [TEST_STEP][PASSED] - spin_result = sendRequestAndVerify(findTestObject("INT/RGS(M4)/1_M4_spin", ["M4_login_user_id":M4_login_user_id, "rgs_session_token":rgs_session_token, "partner":Partner])): Send request and verify the response successfully

2019-08-24 12:52:03 - [MESSAGE][INFO] - HAR: /Users/eiralee/Katalon_Script/SuperWild/Reports/20190824_124242/INT/superWild_4/20190824_124242/requests/main/169.har

2019-08-24 12:52:03 - [TEST_CASE][PASSED] - Start Test Case : Verification: Verification accomplished successfully

2019-08-24 12:52:03 - [TEST_STEP][PASSED] - request = getInstance().getCurrentRequest(): null

2019-08-24 12:52:03 - [TEST_STEP][PASSED] - response = getInstance().getCurrentResponse(): null

2019-08-24 12:52:03 - [TEST_STEP][PASSED] - verifyResponseStatusCode(response, 200): Verify response status code successfully

2019-08-24 12:52:03 - [MESSAGE][PASSED] - Verify response status code successfully

2019-08-24 12:52:03 - [TEST_STEP][PASSED] - getStatusCode()).isEqualTo(200): null

2019-08-24 12:52:03 - [TEST_STEP][PASSED] - newline = System.getProperty("line.separator"): null

2019-08-24 12:52:03 - [TEST_STEP][PASSED] - M4_spin = new groovy.json.JsonSlurper(): null

2019-08-24 12:52:03 - [TEST_STEP][PASSED] - result_M4_spin = M4_spin.parseText(response.getResponseBodyContent()): null

2019-08-24 12:52:03 - [TEST_STEP][PASSED] - M4_spin_current_balance = current_balance: null

2019-08-24 12:52:03 - [TEST_STEP][PASSED] - M4_spin_current_balance = M4_spin_current_balance: null

2019-08-24 12:52:03 - [TEST_STEP][PASSED] - M4_spin_transaction_id = causality: null

2019-08-24 12:52:03 - [TEST_STEP][PASSED] - M4_spin_transaction_id = M4_spin_transaction_id: null

2019-08-24 12:52:03 - [TEST_STEP][PASSED] - M4_spin_round_id = round_id: null

2019-08-24 12:52:03 - [TEST_STEP][PASSED] - M4_spin_round_id = M4_spin_round_id: null

2019-08-24 12:52:03 - [TEST_STEP][PASSED] - M4_spin_line_wins = line_wins: null

2019-08-24 12:52:03 - [TEST_STEP][PASSED] - M4_spin_line_wins = M4_spin_line_wins: null

2019-08-24 12:52:03 - [TEST_STEP][PASSED] - M4_total_bonus_spins_int = total_bonus_spins: null

2019-08-24 12:52:03 - [TEST_STEP][PASSED] - println("******M4_total_bonus_spins type is:*******" + newline + getClass().getName()): null

2019-08-24 12:52:03 - [TEST_STEP][PASSED] - M4_total_bonus_spins_int = M4_total_bonus_spins_int: null

2019-08-24 12:52:03 - [TEST_STEP][PASSED] - M4_total_bonus_spins = Integer.toString(M4_total_bonus_spins_int): null

2019-08-24 12:52:03 - [TEST_STEP][PASSED] - M4_total_bonus_spins = M4_total_bonus_spins: null

2019-08-24 12:52:03 - [TEST_STEP][PASSED] - println("M4_total_bonus_spins is:" + M4_total_bonus_spins): null

2019-08-24 12:52:03 - [TEST_STEP][PASSED] - M4_spin_bonus_data = bonus_data: null

2019-08-24 12:52:03 - [TEST_STEP][PASSED] - M4_spin_features_triggered = result_M4_spin: null

2019-08-24 12:52:03 - [TEST_STEP][PASSED] - wild = []: null

2019-08-24 12:52:03 - [TEST_STEP][PASSED] - wild[0] = "WILD_Expanding": null

2019-08-24 12:52:03 - [TEST_STEP][PASSED] - wild[1] = "WILD_Normal": null

2019-08-24 12:52:03 - [TEST_STEP][PASSED] - wild[2] = "WILD_Double": null

2019-08-24 12:52:03 - [TEST_STEP][PASSED] - wild[3] = "WILD_ExtraFG": null

2019-08-24 12:52:03 - [TEST_STEP][PASSED] - wild[4] = "WILD_Triple": null

2019-08-24 12:52:03 - [TEST_STEP][PASSED] - wildList = Arrays.asList(wild): null

2019-08-24 12:52:03 - [TEST_STEP][PASSED] - wildList = wildList: null

2019-08-24 12:52:03 - [TEST_STEP][PASSED] - free_spin_reel_counter = []: null

2019-08-24 12:52:03 - [TEST_STEP][PASSED] - free_spin_reel_counter[0] = 0: null

2019-08-24 12:52:03 - [TEST_STEP][PASSED] - free_spin_reel_counter[1] = 0: null

2019-08-24 12:52:03 - [TEST_STEP][PASSED] - free_spin_reel_counter[2] = 0: null

2019-08-24 12:52:03 - [TEST_STEP][PASSED] - M4_spin_reels = reels: null

2019-08-24 12:52:03 - [TEST_STEP][PASSED] - for ([i = 0, i &lt; M4_spin_reels.size(), (i++)]): null

2019-08-24 12:52:03 - [TEST_STEP][PASSED] - symbols = symbols: null

2019-08-24 12:52:03 - [TEST_STEP][PASSED] - for ([j = 0, j &lt; symbols.size(), (j++)]): null

2019-08-24 12:52:03 - [TEST_STEP][PASSED] - symbol = symbol: null

2019-08-24 12:52:03 - [TEST_STEP][PASSED] - println(symbol): null

2019-08-24 12:52:03 - [TEST_STEP][PASSED] - if (i == 2 &amp;&amp; wildList.indexOf(symbol) != -1): null

2019-08-24 12:52:03 - [TEST_STEP][PASSED] - if (i == 3 &amp;&amp; wildList.indexOf(symbol) != -1): null

2019-08-24 12:52:03 - [TEST_STEP][PASSED] - if (i == 4 &amp;&amp; wildList.indexOf(symbol) != -1): null

2019-08-24 12:52:03 - [TEST_STEP][PASSED] - symbol = symbol: null

2019-08-24 12:52:03 - [TEST_STEP][PASSED] - println(symbol): null

2019-08-24 12:52:03 - [TEST_STEP][PASSED] - if (i == 2 &amp;&amp; wildList.indexOf(symbol) != -1): null

2019-08-24 12:52:03 - [TEST_STEP][PASSED] - if (i == 3 &amp;&amp; wildList.indexOf(symbol) != -1): null

2019-08-24 12:52:03 - [TEST_STEP][PASSED] - if (i == 4 &amp;&amp; wildList.indexOf(symbol) != -1): null

2019-08-24 12:52:03 - [TEST_STEP][PASSED] - symbol = symbol: null

2019-08-24 12:52:03 - [TEST_STEP][PASSED] - println(symbol): null

2019-08-24 12:52:03 - [TEST_STEP][PASSED] - if (i == 2 &amp;&amp; wildList.indexOf(symbol) != -1): null

2019-08-24 12:52:03 - [TEST_STEP][PASSED] - if (i == 3 &amp;&amp; wildList.indexOf(symbol) != -1): null

2019-08-24 12:52:03 - [TEST_STEP][PASSED] - if (i == 4 &amp;&amp; wildList.indexOf(symbol) != -1): null

2019-08-24 12:52:03 - [TEST_STEP][PASSED] - symbols = symbols: null

2019-08-24 12:52:03 - [TEST_STEP][PASSED] - for ([j = 0, j &lt; symbols.size(), (j++)]): null

2019-08-24 12:52:03 - [TEST_STEP][PASSED] - symbol = symbol: null

2019-08-24 12:52:03 - [TEST_STEP][PASSED] - println(symbol): null

2019-08-24 12:52:03 - [TEST_STEP][PASSED] - if (i == 2 &amp;&amp; wildList.indexOf(symbol) != -1): null

2019-08-24 12:52:03 - [TEST_STEP][PASSED] - if (i == 3 &amp;&amp; wildList.indexOf(symbol) != -1): null

2019-08-24 12:52:03 - [TEST_STEP][PASSED] - if (i == 4 &amp;&amp; wildList.indexOf(symbol) != -1): null

2019-08-24 12:52:03 - [TEST_STEP][PASSED] - symbol = symbol: null

2019-08-24 12:52:03 - [TEST_STEP][PASSED] - println(symbol): null

2019-08-24 12:52:03 - [TEST_STEP][PASSED] - if (i == 2 &amp;&amp; wildList.indexOf(symbol) != -1): null

2019-08-24 12:52:03 - [TEST_STEP][PASSED] - if (i == 3 &amp;&amp; wildList.indexOf(symbol) != -1): null

2019-08-24 12:52:03 - [TEST_STEP][PASSED] - if (i == 4 &amp;&amp; wildList.indexOf(symbol) != -1): null

2019-08-24 12:52:03 - [TEST_STEP][PASSED] - symbol = symbol: null

2019-08-24 12:52:03 - [TEST_STEP][PASSED] - println(symbol): null

2019-08-24 12:52:03 - [TEST_STEP][PASSED] - if (i == 2 &amp;&amp; wildList.indexOf(symbol) != -1): null

2019-08-24 12:52:07 - [TEST_STEP][PASSED] - if (i == 3 &amp;&amp; wildList.indexOf(symbol) != -1): null

2019-08-24 12:52:07 - [TEST_STEP][PASSED] - if (i == 4 &amp;&amp; wildList.indexOf(symbol) != -1): null

2019-08-24 12:52:07 - [TEST_STEP][PASSED] - symbols = symbols: null

2019-08-24 12:52:07 - [TEST_STEP][PASSED] - for ([j = 0, j &lt; symbols.size(), (j++)]): null

2019-08-24 12:52:07 - [TEST_STEP][PASSED] - symbol = symbol: null

2019-08-24 12:52:07 - [TEST_STEP][PASSED] - println(symbol): null

2019-08-24 12:52:07 - [TEST_STEP][PASSED] - if (i == 2 &amp;&amp; wildList.indexOf(symbol) != -1): null

2019-08-24 12:52:07 - [TEST_STEP][PASSED] - if (i == 3 &amp;&amp; wildList.indexOf(symbol) != -1): null

2019-08-24 12:52:07 - [TEST_STEP][PASSED] - if (i == 4 &amp;&amp; wildList.indexOf(symbol) != -1): null

2019-08-24 12:52:07 - [TEST_STEP][PASSED] - symbol = symbol: null

2019-08-24 12:52:10 - [TEST_STEP][PASSED] - println(symbol): null

2019-08-24 12:52:10 - [TEST_STEP][PASSED] - if (i == 2 &amp;&amp; wildList.indexOf(symbol) != -1): null

2019-08-24 12:52:10 - [TEST_STEP][PASSED] - if (i == 3 &amp;&amp; wildList.indexOf(symbol) != -1): null

2019-08-24 12:52:10 - [TEST_STEP][PASSED] - if (i == 4 &amp;&amp; wildList.indexOf(symbol) != -1): null

2019-08-24 12:52:10 - [TEST_STEP][PASSED] - symbol = symbol: null

2019-08-24 12:52:10 - [TEST_STEP][PASSED] - println(symbol): null

2019-08-24 12:52:10 - [TEST_STEP][PASSED] - if (i == 2 &amp;&amp; wildList.indexOf(symbol) != -1): null

2019-08-24 12:52:10 - [TEST_STEP][PASSED] - println("wild found on reel 3, adding counter by 1"): null

2019-08-24 12:52:10 - [TEST_STEP][PASSED] - free_spin_reel_counter[0] = free_spin_reel_counter[0] + 1: null

2019-08-24 12:52:10 - [TEST_STEP][PASSED] - if (i == 3 &amp;&amp; wildList.indexOf(symbol) != -1): null

2019-08-24 12:52:10 - [TEST_STEP][PASSED] - if (i == 4 &amp;&amp; wildList.indexOf(symbol) != -1): null

2019-08-24 12:52:10 - [TEST_STEP][PASSED] - symbols = symbols: null

2019-08-24 12:52:10 - [TEST_STEP][PASSED] - for ([j = 0, j &lt; symbols.size(), (j++)]): null

2019-08-24 12:52:10 - [TEST_STEP][PASSED] - symbol = symbol: null

2019-08-24 12:52:10 - [TEST_STEP][PASSED] - println(symbol): null

2019-08-24 12:52:10 - [TEST_STEP][PASSED] - if (i == 2 &amp;&amp; wildList.indexOf(symbol) != -1): null

2019-08-24 12:52:10 - [TEST_STEP][PASSED] - if (i == 3 &amp;&amp; wildList.indexOf(symbol) != -1): null

2019-08-24 12:52:10 - [TEST_STEP][PASSED] - if (i == 4 &amp;&amp; wildList.indexOf(symbol) != -1): null

2019-08-24 12:52:10 - [TEST_STEP][PASSED] - symbol = symbol: null

2019-08-24 12:52:10 - [TEST_STEP][PASSED] - println(symbol): null

2019-08-24 12:52:10 - [TEST_STEP][PASSED] - if (i == 2 &amp;&amp; wildList.indexOf(symbol) != -1): null

2019-08-24 12:52:10 - [TEST_STEP][PASSED] - if (i == 3 &amp;&amp; wildList.indexOf(symbol) != -1): null

2019-08-24 12:52:10 - [TEST_STEP][PASSED] - println("wild found on reel 4, adding counter by 1"): null

2019-08-24 12:52:10 - [TEST_STEP][PASSED] - free_spin_reel_counter[1] = free_spin_reel_counter[1] + 1: null

2019-08-24 12:52:10 - [TEST_STEP][PASSED] - if (i == 4 &amp;&amp; wildList.indexOf(symbol) != -1): null

2019-08-24 12:52:10 - [TEST_STEP][PASSED] - symbol = symbol: null

2019-08-24 12:52:10 - [TEST_STEP][PASSED] - println(symbol): null

2019-08-24 12:52:10 - [TEST_STEP][PASSED] - if (i == 2 &amp;&amp; wildList.indexOf(symbol) != -1): null

2019-08-24 12:52:10 - [TEST_STEP][PASSED] - if (i == 3 &amp;&amp; wildList.indexOf(symbol) != -1): null

2019-08-24 12:52:10 - [TEST_STEP][PASSED] - if (i == 4 &amp;&amp; wildList.indexOf(symbol) != -1): null

2019-08-24 12:52:10 - [TEST_STEP][PASSED] - symbols = symbols: null

2019-08-24 12:52:10 - [TEST_STEP][PASSED] - for ([j = 0, j &lt; symbols.size(), (j++)]): null

2019-08-24 12:52:10 - [TEST_STEP][PASSED] - symbol = symbol: null

2019-08-24 12:52:10 - [TEST_STEP][PASSED] - println(symbol): null

2019-08-24 12:52:10 - [TEST_STEP][PASSED] - if (i == 2 &amp;&amp; wildList.indexOf(symbol) != -1): null

2019-08-24 12:52:10 - [TEST_STEP][PASSED] - if (i == 3 &amp;&amp; wildList.indexOf(symbol) != -1): null

2019-08-24 12:52:10 - [TEST_STEP][PASSED] - if (i == 4 &amp;&amp; wildList.indexOf(symbol) != -1): null

2019-08-24 12:52:10 - [TEST_STEP][PASSED] - symbol = symbol: null

2019-08-24 12:52:10 - [TEST_STEP][PASSED] - println(symbol): null

2019-08-24 12:52:10 - [TEST_STEP][PASSED] - if (i == 2 &amp;&amp; wildList.indexOf(symbol) != -1): null

2019-08-24 12:52:10 - [TEST_STEP][PASSED] - if (i == 3 &amp;&amp; wildList.indexOf(symbol) != -1): null

2019-08-24 12:52:10 - [TEST_STEP][PASSED] - if (i == 4 &amp;&amp; wildList.indexOf(symbol) != -1): null

2019-08-24 12:52:10 - [TEST_STEP][PASSED] - symbol = symbol: null

2019-08-24 12:52:10 - [TEST_STEP][PASSED] - println(symbol): null

2019-08-24 12:52:10 - [TEST_STEP][PASSED] - if (i == 2 &amp;&amp; wildList.indexOf(symbol) != -1): null

2019-08-24 12:52:10 - [TEST_STEP][PASSED] - if (i == 3 &amp;&amp; wildList.indexOf(symbol) != -1): null

2019-08-24 12:52:10 - [TEST_STEP][PASSED] - if (i == 4 &amp;&amp; wildList.indexOf(symbol) != -1): null

2019-08-24 12:52:10 - [TEST_STEP][PASSED] - free_spin_reel_counter = free_spin_reel_counter: null

2019-08-24 12:52:10 - [TEST_STEP][PASSED] - println("reel 3 wild found: " + free_spin_reel_counter[0]): null

2019-08-24 12:52:10 - [TEST_STEP][PASSED] - println("reel 4 wild found: " + free_spin_reel_counter[1]): null

2019-08-24 12:52:10 - [TEST_STEP][PASSED] - println("reel 5 wild found: " + free_spin_reel_counter[2]): null

2019-08-24 12:52:10 - [TEST_STEP][PASSED] - M4_spin_reels = M4_spin_reels: null

2019-08-24 12:52:10 - [TEST_STEP][PASSED] - M4_spin_reels_symbols = symbol: null

2019-08-24 12:52:10 - [TEST_STEP][PASSED] - M4_spin_reels_symbols = M4_spin_reels_symbols: null

2019-08-24 12:52:10 - [TEST_STEP][PASSED] - M4_spin_reel_wins = reel_wins: null

2019-08-24 12:52:10 - [TEST_STEP][PASSED] - M4_spin_reel_wins = M4_spin_reel_wins: null

2019-08-24 12:52:10 - [TEST_STEP][PASSED] - println("GlobalVariable.M4_spin_reel_wins is: " + M4_spin_reel_wins): null

2019-08-24 12:52:10 - [TEST_STEP][PASSED] - M4_spin_total_bonus_win_this_round = total_bonus_win_this_round: null

2019-08-24 12:52:10 - [TEST_STEP][PASSED] - M4_spin_total_bonus_win_this_round = M4_spin_total_bonus_win_this_round: null

2019-08-24 12:52:10 - [TEST_STEP][PASSED] - println("GlobalVariable.M4_spin_total_bonus_win_this_round is: " + M4_spin_total_bonus_win_this_round): null

2019-08-24 12:52:10 - [TEST_STEP][PASSED] - M4_spin_bonus_spin_result = spin_result: null

2019-08-24 12:52:10 - [TEST_STEP][PASSED] - M4_spin_bonus_spin_result = M4_spin_bonus_spin_result: null

2019-08-24 12:52:10 - [MESSAGE][PASSED] - Verify response successfully

2019-08-24 12:52:10 - [MESSAGE][PASSED] - Send request and verify the response successfully

2019-08-24 12:52:10 - [TEST_STEP][PASSED] - if (M4_total_bonus_spins_int != 0 &amp;&amp; M4_spin_reels_symbols[2].contains("WILD_Double") || M4_spin_reels_symbols[4].contains("WILD_Triple")): null

2019-08-24 12:52:10 - [TEST_STEP][PASSED] - free_spin_reel_counter = free_spin_reel_counter: null

2019-08-24 12:52:10 - [TEST_STEP][PASSED] - M4_spin_reels_symbols = M4_spin_reels_symbols: null

2019-08-24 12:52:10 - [TEST_STEP][PASSED] - M4_total_bonus_spins = M4_total_bonus_spins: null

2019-08-24 12:52:10 - [TEST_STEP][PASSED] - spin_result = sendRequestAndVerify(findTestObject("INT/RGS(M4)/1_M4_spin", ["M4_login_user_id":M4_login_user_id, "rgs_session_token":rgs_session_token, "partner":Partner])): Send request and verify the response successfully

2019-08-24 12:52:10 - [MESSAGE][INFO] - HAR: /Users/eiralee/Katalon_Script/SuperWild/Reports/20190824_124242/INT/superWild_4/20190824_124242/requests/main/170.har

2019-08-24 12:52:10 - [TEST_CASE][PASSED] - Start Test Case : Verification: Verification accomplished successfully

2019-08-24 12:52:10 - [TEST_STEP][PASSED] - request = getInstance().getCurrentRequest(): null

2019-08-24 12:52:10 - [TEST_STEP][PASSED] - response = getInstance().getCurrentResponse(): null

2019-08-24 12:52:10 - [TEST_STEP][PASSED] - verifyResponseStatusCode(response, 200): Verify response status code successfully

2019-08-24 12:52:10 - [MESSAGE][PASSED] - Verify response status code successfully

2019-08-24 12:52:10 - [TEST_STEP][PASSED] - getStatusCode()).isEqualTo(200): null

2019-08-24 12:52:10 - [TEST_STEP][PASSED] - newline = System.getProperty("line.separator"): null

2019-08-24 12:52:10 - [TEST_STEP][PASSED] - M4_spin = new groovy.json.JsonSlurper(): null

2019-08-24 12:52:10 - [TEST_STEP][PASSED] - result_M4_spin = M4_spin.parseText(response.getResponseBodyContent()): null

2019-08-24 12:52:10 - [TEST_STEP][PASSED] - M4_spin_current_balance = current_balance: null

2019-08-24 12:52:10 - [TEST_STEP][PASSED] - M4_spin_current_balance = M4_spin_current_balance: null

2019-08-24 12:52:10 - [TEST_STEP][PASSED] - M4_spin_transaction_id = causality: null

2019-08-24 12:52:10 - [TEST_STEP][PASSED] - M4_spin_transaction_id = M4_spin_transaction_id: null

2019-08-24 12:52:10 - [TEST_STEP][PASSED] - M4_spin_round_id = round_id: null

2019-08-24 12:52:10 - [TEST_STEP][PASSED] - M4_spin_round_id = M4_spin_round_id: null

2019-08-24 12:52:10 - [TEST_STEP][PASSED] - M4_spin_line_wins = line_wins: null

2019-08-24 12:52:10 - [TEST_STEP][PASSED] - M4_spin_line_wins = M4_spin_line_wins: null

2019-08-24 12:52:10 - [TEST_STEP][PASSED] - M4_total_bonus_spins_int = total_bonus_spins: null

2019-08-24 12:52:10 - [TEST_STEP][PASSED] - println("******M4_total_bonus_spins type is:*******" + newline + getClass().getName()): null

2019-08-24 12:52:10 - [TEST_STEP][PASSED] - M4_total_bonus_spins_int = M4_total_bonus_spins_int: null

2019-08-24 12:52:10 - [TEST_STEP][PASSED] - M4_total_bonus_spins = Integer.toString(M4_total_bonus_spins_int): null

2019-08-24 12:52:10 - [TEST_STEP][PASSED] - M4_total_bonus_spins = M4_total_bonus_spins: null

2019-08-24 12:52:10 - [TEST_STEP][PASSED] - println("M4_total_bonus_spins is:" + M4_total_bonus_spins): null

2019-08-24 12:52:10 - [TEST_STEP][PASSED] - M4_spin_bonus_data = bonus_data: null

2019-08-24 12:52:10 - [TEST_STEP][PASSED] - M4_spin_features_triggered = result_M4_spin: null

2019-08-24 12:52:10 - [TEST_STEP][PASSED] - wild = []: null

2019-08-24 12:52:10 - [TEST_STEP][PASSED] - wild[0] = "WILD_Expanding": null

2019-08-24 12:52:10 - [TEST_STEP][PASSED] - wild[1] = "WILD_Normal": null

2019-08-24 12:52:10 - [TEST_STEP][PASSED] - wild[2] = "WILD_Double": null

2019-08-24 12:52:10 - [TEST_STEP][PASSED] - wild[3] = "WILD_ExtraFG": null

2019-08-24 12:52:10 - [TEST_STEP][PASSED] - wild[4] = "WILD_Triple": null

2019-08-24 12:52:10 - [TEST_STEP][PASSED] - wildList = Arrays.asList(wild): null

2019-08-24 12:52:10 - [TEST_STEP][PASSED] - wildList = wildList: null

2019-08-24 12:52:10 - [TEST_STEP][PASSED] - free_spin_reel_counter = []: null

2019-08-24 12:52:10 - [TEST_STEP][PASSED] - free_spin_reel_counter[0] = 0: null

2019-08-24 12:52:10 - [TEST_STEP][PASSED] - free_spin_reel_counter[1] = 0: null

2019-08-24 12:52:10 - [TEST_STEP][PASSED] - free_spin_reel_counter[2] = 0: null

2019-08-24 12:52:10 - [TEST_STEP][PASSED] - M4_spin_reels = reels: null

2019-08-24 12:52:10 - [TEST_STEP][PASSED] - for ([i = 0, i &lt; M4_spin_reels.size(), (i++)]): null

2019-08-24 12:52:10 - [TEST_STEP][PASSED] - symbols = symbols: null

2019-08-24 12:52:10 - [TEST_STEP][PASSED] - for ([j = 0, j &lt; symbols.size(), (j++)]): null

2019-08-24 12:52:10 - [TEST_STEP][PASSED] - symbol = symbol: null

2019-08-24 12:52:10 - [TEST_STEP][PASSED] - println(symbol): null

2019-08-24 12:52:10 - [TEST_STEP][PASSED] - if (i == 2 &amp;&amp; wildList.indexOf(symbol) != -1): null

2019-08-24 12:52:10 - [TEST_STEP][PASSED] - if (i == 3 &amp;&amp; wildList.indexOf(symbol) != -1): null

2019-08-24 12:52:10 - [TEST_STEP][PASSED] - if (i == 4 &amp;&amp; wildList.indexOf(symbol) != -1): null

2019-08-24 12:52:10 - [TEST_STEP][PASSED] - symbol = symbol: null

2019-08-24 12:52:10 - [TEST_STEP][PASSED] - println(symbol): null

2019-08-24 12:52:10 - [TEST_STEP][PASSED] - if (i == 2 &amp;&amp; wildList.indexOf(symbol) != -1): null

2019-08-24 12:52:10 - [TEST_STEP][PASSED] - if (i == 3 &amp;&amp; wildList.indexOf(symbol) != -1): null

2019-08-24 12:52:10 - [TEST_STEP][PASSED] - if (i == 4 &amp;&amp; wildList.indexOf(symbol) != -1): null

2019-08-24 12:52:10 - [TEST_STEP][PASSED] - symbol = symbol: null

2019-08-24 12:52:10 - [TEST_STEP][PASSED] - println(symbol): null

2019-08-24 12:52:10 - [TEST_STEP][PASSED] - if (i == 2 &amp;&amp; wildList.indexOf(symbol) != -1): null

2019-08-24 12:52:10 - [TEST_STEP][PASSED] - if (i == 3 &amp;&amp; wildList.indexOf(symbol) != -1): null

2019-08-24 12:52:10 - [TEST_STEP][PASSED] - if (i == 4 &amp;&amp; wildList.indexOf(symbol) != -1): null

2019-08-24 12:52:10 - [TEST_STEP][PASSED] - symbols = symbols: null

2019-08-24 12:52:10 - [TEST_STEP][PASSED] - for ([j = 0, j &lt; symbols.size(), (j++)]): null

2019-08-24 12:52:10 - [TEST_STEP][PASSED] - symbol = symbol: null

2019-08-24 12:52:10 - [TEST_STEP][PASSED] - println(symbol): null

2019-08-24 12:52:10 - [TEST_STEP][PASSED] - if (i == 2 &amp;&amp; wildList.indexOf(symbol) != -1): null

2019-08-24 12:52:10 - [TEST_STEP][PASSED] - if (i == 3 &amp;&amp; wildList.indexOf(symbol) != -1): null

2019-08-24 12:52:10 - [TEST_STEP][PASSED] - if (i == 4 &amp;&amp; wildList.indexOf(symbol) != -1): null

2019-08-24 12:52:10 - [TEST_STEP][PASSED] - symbol = symbol: null

2019-08-24 12:52:10 - [TEST_STEP][PASSED] - println(symbol): null

2019-08-24 12:52:10 - [TEST_STEP][PASSED] - if (i == 2 &amp;&amp; wildList.indexOf(symbol) != -1): null

2019-08-24 12:52:10 - [TEST_STEP][PASSED] - if (i == 3 &amp;&amp; wildList.indexOf(symbol) != -1): null

2019-08-24 12:52:10 - [TEST_STEP][PASSED] - if (i == 4 &amp;&amp; wildList.indexOf(symbol) != -1): null

2019-08-24 12:52:10 - [TEST_STEP][PASSED] - symbol = symbol: null

2019-08-24 12:52:10 - [TEST_STEP][PASSED] - println(symbol): null

2019-08-24 12:52:10 - [TEST_STEP][PASSED] - if (i == 2 &amp;&amp; wildList.indexOf(symbol) != -1): null

2019-08-24 12:52:10 - [TEST_STEP][PASSED] - if (i == 3 &amp;&amp; wildList.indexOf(symbol) != -1): null

2019-08-24 12:52:10 - [TEST_STEP][PASSED] - if (i == 4 &amp;&amp; wildList.indexOf(symbol) != -1): null

2019-08-24 12:52:10 - [TEST_STEP][PASSED] - symbols = symbols: null

2019-08-24 12:52:10 - [TEST_STEP][PASSED] - for ([j = 0, j &lt; symbols.size(), (j++)]): null

2019-08-24 12:52:10 - [TEST_STEP][PASSED] - symbol = symbol: null

2019-08-24 12:52:10 - [TEST_STEP][PASSED] - println(symbol): null

2019-08-24 12:52:10 - [TEST_STEP][PASSED] - if (i == 2 &amp;&amp; wildList.indexOf(symbol) != -1): null

2019-08-24 12:52:10 - [TEST_STEP][PASSED] - if (i == 3 &amp;&amp; wildList.indexOf(symbol) != -1): null

2019-08-24 12:52:10 - [TEST_STEP][PASSED] - if (i == 4 &amp;&amp; wildList.indexOf(symbol) != -1): null

2019-08-24 12:52:10 - [TEST_STEP][PASSED] - symbol = symbol: null

2019-08-24 12:52:10 - [TEST_STEP][PASSED] - println(symbol): null

2019-08-24 12:52:10 - [TEST_STEP][PASSED] - if (i == 2 &amp;&amp; wildList.indexOf(symbol) != -1): null

2019-08-24 12:52:10 - [TEST_STEP][PASSED] - if (i == 3 &amp;&amp; wildList.indexOf(symbol) != -1): null

2019-08-24 12:52:10 - [TEST_STEP][PASSED] - if (i == 4 &amp;&amp; wildList.indexOf(symbol) != -1): null

2019-08-24 12:52:10 - [TEST_STEP][PASSED] - symbol = symbol: null

2019-08-24 12:52:10 - [TEST_STEP][PASSED] - println(symbol): null

2019-08-24 12:52:10 - [TEST_STEP][PASSED] - if (i == 2 &amp;&amp; wildList.indexOf(symbol) != -1): null

2019-08-24 12:52:10 - [TEST_STEP][PASSED] - if (i == 3 &amp;&amp; wildList.indexOf(symbol) != -1): null

2019-08-24 12:52:10 - [TEST_STEP][PASSED] - if (i == 4 &amp;&amp; wildList.indexOf(symbol) != -1): null

2019-08-24 12:52:10 - [TEST_STEP][PASSED] - symbols = symbols: null

2019-08-24 12:52:10 - [TEST_STEP][PASSED] - for ([j = 0, j &lt; symbols.size(), (j++)]): null

2019-08-24 12:52:10 - [TEST_STEP][PASSED] - symbol = symbol: null

2019-08-24 12:52:10 - [TEST_STEP][PASSED] - println(symbol): null

2019-08-24 12:52:10 - [TEST_STEP][PASSED] - if (i == 2 &amp;&amp; wildList.indexOf(symbol) != -1): null

2019-08-24 12:52:10 - [TEST_STEP][PASSED] - if (i == 3 &amp;&amp; wildList.indexOf(symbol) != -1): null

2019-08-24 12:52:10 - [TEST_STEP][PASSED] - if (i == 4 &amp;&amp; wildList.indexOf(symbol) != -1): null

2019-08-24 12:52:10 - [TEST_STEP][PASSED] - symbol = symbol: null

2019-08-24 12:52:10 - [TEST_STEP][PASSED] - println(symbol): null

2019-08-24 12:52:10 - [TEST_STEP][PASSED] - if (i == 2 &amp;&amp; wildList.indexOf(symbol) != -1): null

2019-08-24 12:52:10 - [TEST_STEP][PASSED] - if (i == 3 &amp;&amp; wildList.indexOf(symbol) != -1): null

2019-08-24 12:52:10 - [TEST_STEP][PASSED] - if (i == 4 &amp;&amp; wildList.indexOf(symbol) != -1): null

2019-08-24 12:52:10 - [TEST_STEP][PASSED] - symbol = symbol: null

2019-08-24 12:52:10 - [TEST_STEP][PASSED] - println(symbol): null

2019-08-24 12:52:10 - [TEST_STEP][PASSED] - if (i == 2 &amp;&amp; wildList.indexOf(symbol) != -1): null

2019-08-24 12:52:10 - [TEST_STEP][PASSED] - if (i == 3 &amp;&amp; wildList.indexOf(symbol) != -1): null

2019-08-24 12:52:10 - [TEST_STEP][PASSED] - if (i == 4 &amp;&amp; wildList.indexOf(symbol) != -1): null

2019-08-24 12:52:10 - [TEST_STEP][PASSED] - symbols = symbols: null

2019-08-24 12:52:10 - [TEST_STEP][PASSED] - for ([j = 0, j &lt; symbols.size(), (j++)]): null

2019-08-24 12:52:10 - [TEST_STEP][PASSED] - symbol = symbol: null

2019-08-24 12:52:10 - [TEST_STEP][PASSED] - println(symbol): null

2019-08-24 12:52:10 - [TEST_STEP][PASSED] - if (i == 2 &amp;&amp; wildList.indexOf(symbol) != -1): null

2019-08-24 12:52:10 - [TEST_STEP][PASSED] - if (i == 3 &amp;&amp; wildList.indexOf(symbol) != -1): null

2019-08-24 12:52:10 - [TEST_STEP][PASSED] - if (i == 4 &amp;&amp; wildList.indexOf(symbol) != -1): null

2019-08-24 12:52:10 - [TEST_STEP][PASSED] - symbol = symbol: null

2019-08-24 12:52:10 - [TEST_STEP][PASSED] - println(symbol): null

2019-08-24 12:52:10 - [TEST_STEP][PASSED] - if (i == 2 &amp;&amp; wildList.indexOf(symbol) != -1): null

2019-08-24 12:52:10 - [TEST_STEP][PASSED] - if (i == 3 &amp;&amp; wildList.indexOf(symbol) != -1): null

2019-08-24 12:52:10 - [TEST_STEP][PASSED] - if (i == 4 &amp;&amp; wildList.indexOf(symbol) != -1): null

2019-08-24 12:52:10 - [TEST_STEP][PASSED] - symbol = symbol: null

2019-08-24 12:52:10 - [TEST_STEP][PASSED] - println(symbol): null

2019-08-24 12:52:10 - [TEST_STEP][PASSED] - if (i == 2 &amp;&amp; wildList.indexOf(symbol) != -1): null

2019-08-24 12:52:10 - [TEST_STEP][PASSED] - if (i == 3 &amp;&amp; wildList.indexOf(symbol) != -1): null

2019-08-24 12:52:10 - [TEST_STEP][PASSED] - if (i == 4 &amp;&amp; wildList.indexOf(symbol) != -1): null

2019-08-24 12:52:10 - [TEST_STEP][PASSED] - free_spin_reel_counter = free_spin_reel_counter: null

2019-08-24 12:52:10 - [TEST_STEP][PASSED] - println("reel 3 wild found: " + free_spin_reel_counter[0]): null

2019-08-24 12:52:10 - [TEST_STEP][PASSED] - println("reel 4 wild found: " + free_spin_reel_counter[1]): null

2019-08-24 12:52:10 - [TEST_STEP][PASSED] - println("reel 5 wild found: " + free_spin_reel_counter[2]): null

2019-08-24 12:52:10 - [TEST_STEP][PASSED] - M4_spin_reels = M4_spin_reels: null

2019-08-24 12:52:10 - [TEST_STEP][PASSED] - M4_spin_reels_symbols = symbol: null

2019-08-24 12:52:10 - [TEST_STEP][PASSED] - M4_spin_reels_symbols = M4_spin_reels_symbols: null

2019-08-24 12:52:10 - [TEST_STEP][PASSED] - M4_spin_reel_wins = reel_wins: null

2019-08-24 12:52:10 - [TEST_STEP][PASSED] - M4_spin_reel_wins = M4_spin_reel_wins: null

2019-08-24 12:52:10 - [TEST_STEP][PASSED] - println("GlobalVariable.M4_spin_reel_wins is: " + M4_spin_reel_wins): null

2019-08-24 12:52:10 - [TEST_STEP][PASSED] - M4_spin_total_bonus_win_this_round = total_bonus_win_this_round: null

2019-08-24 12:52:10 - [TEST_STEP][PASSED] - M4_spin_total_bonus_win_this_round = M4_spin_total_bonus_win_this_round: null

2019-08-24 12:52:10 - [TEST_STEP][PASSED] - println("GlobalVariable.M4_spin_total_bonus_win_this_round is: " + M4_spin_total_bonus_win_this_round): null

2019-08-24 12:52:10 - [TEST_STEP][PASSED] - M4_spin_bonus_spin_result = spin_result: null

2019-08-24 12:52:10 - [TEST_STEP][PASSED] - M4_spin_bonus_spin_result = M4_spin_bonus_spin_result: null

2019-08-24 12:52:10 - [MESSAGE][PASSED] - Verify response successfully

2019-08-24 12:52:10 - [MESSAGE][PASSED] - Send request and verify the response successfully

2019-08-24 12:52:10 - [TEST_STEP][PASSED] - if (M4_total_bonus_spins_int != 0 &amp;&amp; M4_spin_reels_symbols[2].contains("WILD_Double") || M4_spin_reels_symbols[4].contains("WILD_Triple")): null

2019-08-24 12:52:10 - [TEST_STEP][PASSED] - free_spin_reel_counter = free_spin_reel_counter: null

2019-08-24 12:52:10 - [TEST_STEP][PASSED] - M4_spin_reels_symbols = M4_spin_reels_symbols: null

2019-08-24 12:52:10 - [TEST_STEP][PASSED] - M4_total_bonus_spins = M4_total_bonus_spins: null

2019-08-24 12:52:10 - [TEST_STEP][PASSED] - spin_result = sendRequestAndVerify(findTestObject("INT/RGS(M4)/1_M4_spin", ["M4_login_user_id":M4_login_user_id, "rgs_session_token":rgs_session_token, "partner":Partner])): Send request and verify the response successfully

2019-08-24 12:52:11 - [MESSAGE][INFO] - HAR: /Users/eiralee/Katalon_Script/SuperWild/Reports/20190824_124242/INT/superWild_4/20190824_124242/requests/main/171.har

2019-08-24 12:52:11 - [TEST_CASE][PASSED] - Start Test Case : Verification: Verification accomplished successfully

2019-08-24 12:52:11 - [TEST_STEP][PASSED] - request = getInstance().getCurrentRequest(): null

2019-08-24 12:52:11 - [TEST_STEP][PASSED] - response = getInstance().getCurrentResponse(): null

2019-08-24 12:52:11 - [TEST_STEP][PASSED] - verifyResponseStatusCode(response, 200): Verify response status code successfully

2019-08-24 12:52:11 - [MESSAGE][PASSED] - Verify response status code successfully

2019-08-24 12:52:11 - [TEST_STEP][PASSED] - getStatusCode()).isEqualTo(200): null

2019-08-24 12:52:11 - [TEST_STEP][PASSED] - newline = System.getProperty("line.separator"): null

2019-08-24 12:52:11 - [TEST_STEP][PASSED] - M4_spin = new groovy.json.JsonSlurper(): null

2019-08-24 12:52:11 - [TEST_STEP][PASSED] - result_M4_spin = M4_spin.parseText(response.getResponseBodyContent()): null

2019-08-24 12:52:11 - [TEST_STEP][PASSED] - M4_spin_current_balance = current_balance: null

2019-08-24 12:52:11 - [TEST_STEP][PASSED] - M4_spin_current_balance = M4_spin_current_balance: null

2019-08-24 12:52:11 - [TEST_STEP][PASSED] - M4_spin_transaction_id = causality: null

2019-08-24 12:52:11 - [TEST_STEP][PASSED] - M4_spin_transaction_id = M4_spin_transaction_id: null

2019-08-24 12:52:11 - [TEST_STEP][PASSED] - M4_spin_round_id = round_id: null

2019-08-24 12:52:11 - [TEST_STEP][PASSED] - M4_spin_round_id = M4_spin_round_id: null

2019-08-24 12:52:11 - [TEST_STEP][PASSED] - M4_spin_line_wins = line_wins: null

2019-08-24 12:52:11 - [TEST_STEP][PASSED] - M4_spin_line_wins = M4_spin_line_wins: null

2019-08-24 12:52:11 - [TEST_STEP][PASSED] - M4_total_bonus_spins_int = total_bonus_spins: null

2019-08-24 12:52:11 - [TEST_STEP][PASSED] - println("******M4_total_bonus_spins type is:*******" + newline + getClass().getName()): null

2019-08-24 12:52:11 - [TEST_STEP][PASSED] - M4_total_bonus_spins_int = M4_total_bonus_spins_int: null

2019-08-24 12:52:11 - [TEST_STEP][PASSED] - M4_total_bonus_spins = Integer.toString(M4_total_bonus_spins_int): null

2019-08-24 12:52:11 - [TEST_STEP][PASSED] - M4_total_bonus_spins = M4_total_bonus_spins: null

2019-08-24 12:52:11 - [TEST_STEP][PASSED] - println("M4_total_bonus_spins is:" + M4_total_bonus_spins): null

2019-08-24 12:52:11 - [TEST_STEP][PASSED] - M4_spin_bonus_data = bonus_data: null

2019-08-24 12:52:11 - [TEST_STEP][PASSED] - M4_spin_features_triggered = result_M4_spin: null

2019-08-24 12:52:11 - [TEST_STEP][PASSED] - wild = []: null

2019-08-24 12:52:11 - [TEST_STEP][PASSED] - wild[0] = "WILD_Expanding": null

2019-08-24 12:52:11 - [TEST_STEP][PASSED] - wild[1] = "WILD_Normal": null

2019-08-24 12:52:11 - [TEST_STEP][PASSED] - wild[2] = "WILD_Double": null

2019-08-24 12:52:11 - [TEST_STEP][PASSED] - wild[3] = "WILD_ExtraFG": null

2019-08-24 12:52:11 - [TEST_STEP][PASSED] - wild[4] = "WILD_Triple": null

2019-08-24 12:52:11 - [TEST_STEP][PASSED] - wildList = Arrays.asList(wild): null

2019-08-24 12:52:11 - [TEST_STEP][PASSED] - wildList = wildList: null

2019-08-24 12:52:11 - [TEST_STEP][PASSED] - free_spin_reel_counter = []: null

2019-08-24 12:52:11 - [TEST_STEP][PASSED] - free_spin_reel_counter[0] = 0: null

2019-08-24 12:52:11 - [TEST_STEP][PASSED] - free_spin_reel_counter[1] = 0: null

2019-08-24 12:52:11 - [TEST_STEP][PASSED] - free_spin_reel_counter[2] = 0: null

2019-08-24 12:52:11 - [TEST_STEP][PASSED] - M4_spin_reels = reels: null

2019-08-24 12:52:11 - [TEST_STEP][PASSED] - for ([i = 0, i &lt; M4_spin_reels.size(), (i++)]): null

2019-08-24 12:52:11 - [TEST_STEP][PASSED] - symbols = symbols: null

2019-08-24 12:52:11 - [TEST_STEP][PASSED] - for ([j = 0, j &lt; symbols.size(), (j++)]): null

2019-08-24 12:52:11 - [TEST_STEP][PASSED] - symbol = symbol: null

2019-08-24 12:52:11 - [TEST_STEP][PASSED] - println(symbol): null

2019-08-24 12:52:11 - [TEST_STEP][PASSED] - if (i == 2 &amp;&amp; wildList.indexOf(symbol) != -1): null

2019-08-24 12:52:11 - [TEST_STEP][PASSED] - if (i == 3 &amp;&amp; wildList.indexOf(symbol) != -1): null

2019-08-24 12:52:11 - [TEST_STEP][PASSED] - if (i == 4 &amp;&amp; wildList.indexOf(symbol) != -1): null

2019-08-24 12:52:11 - [TEST_STEP][PASSED] - symbol = symbol: null

2019-08-24 12:52:11 - [TEST_STEP][PASSED] - println(symbol): null

2019-08-24 12:52:11 - [TEST_STEP][PASSED] - if (i == 2 &amp;&amp; wildList.indexOf(symbol) != -1): null

2019-08-24 12:52:11 - [TEST_STEP][PASSED] - if (i == 3 &amp;&amp; wildList.indexOf(symbol) != -1): null

2019-08-24 12:52:11 - [TEST_STEP][PASSED] - if (i == 4 &amp;&amp; wildList.indexOf(symbol) != -1): null

2019-08-24 12:52:11 - [TEST_STEP][PASSED] - symbol = symbol: null

2019-08-24 12:52:11 - [TEST_STEP][PASSED] - println(symbol): null

2019-08-24 12:52:11 - [TEST_STEP][PASSED] - if (i == 2 &amp;&amp; wildList.indexOf(symbol) != -1): null

2019-08-24 12:52:11 - [TEST_STEP][PASSED] - if (i == 3 &amp;&amp; wildList.indexOf(symbol) != -1): null

2019-08-24 12:52:11 - [TEST_STEP][PASSED] - if (i == 4 &amp;&amp; wildList.indexOf(symbol) != -1): null

2019-08-24 12:52:11 - [TEST_STEP][PASSED] - symbols = symbols: null

2019-08-24 12:52:11 - [TEST_STEP][PASSED] - for ([j = 0, j &lt; symbols.size(), (j++)]): null

2019-08-24 12:52:11 - [TEST_STEP][PASSED] - symbol = symbol: null

2019-08-24 12:52:11 - [TEST_STEP][PASSED] - println(symbol): null

2019-08-24 12:52:11 - [TEST_STEP][PASSED] - if (i == 2 &amp;&amp; wildList.indexOf(symbol) != -1): null

2019-08-24 12:52:11 - [TEST_STEP][PASSED] - if (i == 3 &amp;&amp; wildList.indexOf(symbol) != -1): null

2019-08-24 12:52:11 - [TEST_STEP][PASSED] - if (i == 4 &amp;&amp; wildList.indexOf(symbol) != -1): null

2019-08-24 12:52:11 - [TEST_STEP][PASSED] - symbol = symbol: null

2019-08-24 12:52:11 - [TEST_STEP][PASSED] - println(symbol): null

2019-08-24 12:52:11 - [TEST_STEP][PASSED] - if (i == 2 &amp;&amp; wildList.indexOf(symbol) != -1): null

2019-08-24 12:52:11 - [TEST_STEP][PASSED] - if (i == 3 &amp;&amp; wildList.indexOf(symbol) != -1): null

2019-08-24 12:52:11 - [TEST_STEP][PASSED] - if (i == 4 &amp;&amp; wildList.indexOf(symbol) != -1): null

2019-08-24 12:52:11 - [TEST_STEP][PASSED] - symbol = symbol: null

2019-08-24 12:52:11 - [TEST_STEP][PASSED] - println(symbol): null

2019-08-24 12:52:11 - [TEST_STEP][PASSED] - if (i == 2 &amp;&amp; wildList.indexOf(symbol) != -1): null

2019-08-24 12:52:11 - [TEST_STEP][PASSED] - if (i == 3 &amp;&amp; wildList.indexOf(symbol) != -1): null

2019-08-24 12:52:11 - [TEST_STEP][PASSED] - if (i == 4 &amp;&amp; wildList.indexOf(symbol) != -1): null

2019-08-24 12:52:11 - [TEST_STEP][PASSED] - symbols = symbols: null

2019-08-24 12:52:11 - [TEST_STEP][PASSED] - for ([j = 0, j &lt; symbols.size(), (j++)]): null

2019-08-24 12:52:11 - [TEST_STEP][PASSED] - symbol = symbol: null

2019-08-24 12:52:11 - [TEST_STEP][PASSED] - println(symbol): null

2019-08-24 12:52:11 - [TEST_STEP][PASSED] - if (i == 2 &amp;&amp; wildList.indexOf(symbol) != -1): null

2019-08-24 12:52:11 - [TEST_STEP][PASSED] - if (i == 3 &amp;&amp; wildList.indexOf(symbol) != -1): null

2019-08-24 12:52:11 - [TEST_STEP][PASSED] - if (i == 4 &amp;&amp; wildList.indexOf(symbol) != -1): null

2019-08-24 12:52:11 - [TEST_STEP][PASSED] - symbol = symbol: null

2019-08-24 12:52:11 - [TEST_STEP][PASSED] - println(symbol): null

2019-08-24 12:52:11 - [TEST_STEP][PASSED] - if (i == 2 &amp;&amp; wildList.indexOf(symbol) != -1): null

2019-08-24 12:52:11 - [TEST_STEP][PASSED] - if (i == 3 &amp;&amp; wildList.indexOf(symbol) != -1): null

2019-08-24 12:52:11 - [TEST_STEP][PASSED] - if (i == 4 &amp;&amp; wildList.indexOf(symbol) != -1): null

2019-08-24 12:52:11 - [TEST_STEP][PASSED] - symbol = symbol: null

2019-08-24 12:52:11 - [TEST_STEP][PASSED] - println(symbol): null

2019-08-24 12:52:11 - [TEST_STEP][PASSED] - if (i == 2 &amp;&amp; wildList.indexOf(symbol) != -1): null

2019-08-24 12:52:11 - [TEST_STEP][PASSED] - if (i == 3 &amp;&amp; wildList.indexOf(symbol) != -1): null

2019-08-24 12:52:11 - [TEST_STEP][PASSED] - if (i == 4 &amp;&amp; wildList.indexOf(symbol) != -1): null

2019-08-24 12:52:11 - [TEST_STEP][PASSED] - symbols = symbols: null

2019-08-24 12:52:11 - [TEST_STEP][PASSED] - for ([j = 0, j &lt; symbols.size(), (j++)]): null

2019-08-24 12:52:11 - [TEST_STEP][PASSED] - symbol = symbol: null

2019-08-24 12:52:11 - [TEST_STEP][PASSED] - println(symbol): null

2019-08-24 12:52:11 - [TEST_STEP][PASSED] - if (i == 2 &amp;&amp; wildList.indexOf(symbol) != -1): null

2019-08-24 12:52:11 - [TEST_STEP][PASSED] - if (i == 3 &amp;&amp; wildList.indexOf(symbol) != -1): null

2019-08-24 12:52:11 - [TEST_STEP][PASSED] - if (i == 4 &amp;&amp; wildList.indexOf(symbol) != -1): null

2019-08-24 12:52:11 - [TEST_STEP][PASSED] - symbol = symbol: null

2019-08-24 12:52:11 - [TEST_STEP][PASSED] - println(symbol): null

2019-08-24 12:52:11 - [TEST_STEP][PASSED] - if (i == 2 &amp;&amp; wildList.indexOf(symbol) != -1): null

2019-08-24 12:52:11 - [TEST_STEP][PASSED] - if (i == 3 &amp;&amp; wildList.indexOf(symbol) != -1): null

2019-08-24 12:52:11 - [TEST_STEP][PASSED] - if (i == 4 &amp;&amp; wildList.indexOf(symbol) != -1): null

2019-08-24 12:52:11 - [TEST_STEP][PASSED] - symbol = symbol: null

2019-08-24 12:52:11 - [TEST_STEP][PASSED] - println(symbol): null

2019-08-24 12:52:11 - [TEST_STEP][PASSED] - if (i == 2 &amp;&amp; wildList.indexOf(symbol) != -1): null

2019-08-24 12:52:11 - [TEST_STEP][PASSED] - if (i == 3 &amp;&amp; wildList.indexOf(symbol) != -1): null

2019-08-24 12:52:11 - [TEST_STEP][PASSED] - if (i == 4 &amp;&amp; wildList.indexOf(symbol) != -1): null

2019-08-24 12:52:15 - [TEST_STEP][PASSED] - symbols = symbols: null

2019-08-24 12:52:15 - [TEST_STEP][PASSED] - for ([j = 0, j &lt; symbols.size(), (j++)]): null

2019-08-24 12:52:15 - [TEST_STEP][PASSED] - symbol = symbol: null

2019-08-24 12:52:15 - [TEST_STEP][PASSED] - println(symbol): null

2019-08-24 12:52:15 - [TEST_STEP][PASSED] - if (i == 2 &amp;&amp; wildList.indexOf(symbol) != -1): null

2019-08-24 12:52:15 - [TEST_STEP][PASSED] - if (i == 3 &amp;&amp; wildList.indexOf(symbol) != -1): null

2019-08-24 12:52:15 - [TEST_STEP][PASSED] - if (i == 4 &amp;&amp; wildList.indexOf(symbol) != -1): null

2019-08-24 12:52:15 - [TEST_STEP][PASSED] - symbol = symbol: null

2019-08-24 12:52:15 - [TEST_STEP][PASSED] - println(symbol): null

2019-08-24 12:52:15 - [TEST_STEP][PASSED] - if (i == 2 &amp;&amp; wildList.indexOf(symbol) != -1): null

2019-08-24 12:52:18 - [TEST_STEP][PASSED] - if (i == 3 &amp;&amp; wildList.indexOf(symbol) != -1): null

2019-08-24 12:52:18 - [TEST_STEP][PASSED] - if (i == 4 &amp;&amp; wildList.indexOf(symbol) != -1): null

2019-08-24 12:52:18 - [TEST_STEP][PASSED] - symbol = symbol: null

2019-08-24 12:52:18 - [TEST_STEP][PASSED] - println(symbol): null

2019-08-24 12:52:18 - [TEST_STEP][PASSED] - if (i == 2 &amp;&amp; wildList.indexOf(symbol) != -1): null

2019-08-24 12:52:18 - [TEST_STEP][PASSED] - if (i == 3 &amp;&amp; wildList.indexOf(symbol) != -1): null

2019-08-24 12:52:18 - [TEST_STEP][PASSED] - if (i == 4 &amp;&amp; wildList.indexOf(symbol) != -1): null

2019-08-24 12:52:18 - [TEST_STEP][PASSED] - free_spin_reel_counter = free_spin_reel_counter: null

2019-08-24 12:52:18 - [TEST_STEP][PASSED] - println("reel 3 wild found: " + free_spin_reel_counter[0]): null

2019-08-24 12:52:18 - [TEST_STEP][PASSED] - println("reel 4 wild found: " + free_spin_reel_counter[1]): null

2019-08-24 12:52:18 - [TEST_STEP][PASSED] - println("reel 5 wild found: " + free_spin_reel_counter[2]): null

2019-08-24 12:52:18 - [TEST_STEP][PASSED] - M4_spin_reels = M4_spin_reels: null

2019-08-24 12:52:18 - [TEST_STEP][PASSED] - M4_spin_reels_symbols = symbol: null

2019-08-24 12:52:18 - [TEST_STEP][PASSED] - M4_spin_reels_symbols = M4_spin_reels_symbols: null

2019-08-24 12:52:18 - [TEST_STEP][PASSED] - M4_spin_reel_wins = reel_wins: null

2019-08-24 12:52:18 - [TEST_STEP][PASSED] - M4_spin_reel_wins = M4_spin_reel_wins: null

2019-08-24 12:52:18 - [TEST_STEP][PASSED] - println("GlobalVariable.M4_spin_reel_wins is: " + M4_spin_reel_wins): null

2019-08-24 12:52:18 - [TEST_STEP][PASSED] - M4_spin_total_bonus_win_this_round = total_bonus_win_this_round: null

2019-08-24 12:52:18 - [TEST_STEP][PASSED] - M4_spin_total_bonus_win_this_round = M4_spin_total_bonus_win_this_round: null

2019-08-24 12:52:18 - [TEST_STEP][PASSED] - println("GlobalVariable.M4_spin_total_bonus_win_this_round is: " + M4_spin_total_bonus_win_this_round): null

2019-08-24 12:52:18 - [TEST_STEP][PASSED] - M4_spin_bonus_spin_result = spin_result: null

2019-08-24 12:52:18 - [TEST_STEP][PASSED] - M4_spin_bonus_spin_result = M4_spin_bonus_spin_result: null

2019-08-24 12:52:18 - [MESSAGE][PASSED] - Verify response successfully

2019-08-24 12:52:18 - [MESSAGE][PASSED] - Send request and verify the response successfully

2019-08-24 12:52:18 - [TEST_STEP][PASSED] - if (M4_total_bonus_spins_int != 0 &amp;&amp; M4_spin_reels_symbols[2].contains("WILD_Double") || M4_spin_reels_symbols[4].contains("WILD_Triple")): null

2019-08-24 12:52:18 - [TEST_STEP][PASSED] - free_spin_reel_counter = free_spin_reel_counter: null

2019-08-24 12:52:18 - [TEST_STEP][PASSED] - M4_spin_reels_symbols = M4_spin_reels_symbols: null

2019-08-24 12:52:18 - [TEST_STEP][PASSED] - M4_total_bonus_spins = M4_total_bonus_spins: null

2019-08-24 12:52:18 - [TEST_STEP][PASSED] - spin_result = sendRequestAndVerify(findTestObject("INT/RGS(M4)/1_M4_spin", ["M4_login_user_id":M4_login_user_id, "rgs_session_token":rgs_session_token, "partner":Partner])): Send request and verify the response successfully

2019-08-24 12:52:18 - [MESSAGE][INFO] - HAR: /Users/eiralee/Katalon_Script/SuperWild/Reports/20190824_124242/INT/superWild_4/20190824_124242/requests/main/172.har

2019-08-24 12:52:18 - [TEST_CASE][PASSED] - Start Test Case : Verification: Verification accomplished successfully

2019-08-24 12:52:18 - [TEST_STEP][PASSED] - request = getInstance().getCurrentRequest(): null

2019-08-24 12:52:18 - [TEST_STEP][PASSED] - response = getInstance().getCurrentResponse(): null

2019-08-24 12:52:18 - [TEST_STEP][PASSED] - verifyResponseStatusCode(response, 200): Verify response status code successfully

2019-08-24 12:52:18 - [MESSAGE][PASSED] - Verify response status code successfully

2019-08-24 12:52:18 - [TEST_STEP][PASSED] - getStatusCode()).isEqualTo(200): null

2019-08-24 12:52:18 - [TEST_STEP][PASSED] - newline = System.getProperty("line.separator"): null

2019-08-24 12:52:18 - [TEST_STEP][PASSED] - M4_spin = new groovy.json.JsonSlurper(): null

2019-08-24 12:52:18 - [TEST_STEP][PASSED] - result_M4_spin = M4_spin.parseText(response.getResponseBodyContent()): null

2019-08-24 12:52:18 - [TEST_STEP][PASSED] - M4_spin_current_balance = current_balance: null

2019-08-24 12:52:18 - [TEST_STEP][PASSED] - M4_spin_current_balance = M4_spin_current_balance: null

2019-08-24 12:52:18 - [TEST_STEP][PASSED] - M4_spin_transaction_id = causality: null

2019-08-24 12:52:18 - [TEST_STEP][PASSED] - M4_spin_transaction_id = M4_spin_transaction_id: null

2019-08-24 12:52:18 - [TEST_STEP][PASSED] - M4_spin_round_id = round_id: null

2019-08-24 12:52:18 - [TEST_STEP][PASSED] - M4_spin_round_id = M4_spin_round_id: null

2019-08-24 12:52:18 - [TEST_STEP][PASSED] - M4_spin_line_wins = line_wins: null

2019-08-24 12:52:18 - [TEST_STEP][PASSED] - M4_spin_line_wins = M4_spin_line_wins: null

2019-08-24 12:52:18 - [TEST_STEP][PASSED] - M4_total_bonus_spins_int = total_bonus_spins: null

2019-08-24 12:52:18 - [TEST_STEP][PASSED] - println("******M4_total_bonus_spins type is:*******" + newline + getClass().getName()): null

2019-08-24 12:52:18 - [TEST_STEP][PASSED] - M4_total_bonus_spins_int = M4_total_bonus_spins_int: null

2019-08-24 12:52:18 - [TEST_STEP][PASSED] - M4_total_bonus_spins = Integer.toString(M4_total_bonus_spins_int): null

2019-08-24 12:52:18 - [TEST_STEP][PASSED] - M4_total_bonus_spins = M4_total_bonus_spins: null

2019-08-24 12:52:18 - [TEST_STEP][PASSED] - println("M4_total_bonus_spins is:" + M4_total_bonus_spins): null

2019-08-24 12:52:18 - [TEST_STEP][PASSED] - M4_spin_bonus_data = bonus_data: null

2019-08-24 12:52:18 - [TEST_STEP][PASSED] - M4_spin_features_triggered = result_M4_spin: null

2019-08-24 12:52:18 - [TEST_STEP][PASSED] - wild = []: null

2019-08-24 12:52:18 - [TEST_STEP][PASSED] - wild[0] = "WILD_Expanding": null

2019-08-24 12:52:18 - [TEST_STEP][PASSED] - wild[1] = "WILD_Normal": null

2019-08-24 12:52:18 - [TEST_STEP][PASSED] - wild[2] = "WILD_Double": null

2019-08-24 12:52:18 - [TEST_STEP][PASSED] - wild[3] = "WILD_ExtraFG": null

2019-08-24 12:52:18 - [TEST_STEP][PASSED] - wild[4] = "WILD_Triple": null

2019-08-24 12:52:18 - [TEST_STEP][PASSED] - wildList = Arrays.asList(wild): null

2019-08-24 12:52:18 - [TEST_STEP][PASSED] - wildList = wildList: null

2019-08-24 12:52:18 - [TEST_STEP][PASSED] - free_spin_reel_counter = []: null

2019-08-24 12:52:18 - [TEST_STEP][PASSED] - free_spin_reel_counter[0] = 0: null

2019-08-24 12:52:18 - [TEST_STEP][PASSED] - free_spin_reel_counter[1] = 0: null

2019-08-24 12:52:18 - [TEST_STEP][PASSED] - free_spin_reel_counter[2] = 0: null

2019-08-24 12:52:18 - [TEST_STEP][PASSED] - M4_spin_reels = reels: null

2019-08-24 12:52:18 - [TEST_STEP][PASSED] - for ([i = 0, i &lt; M4_spin_reels.size(), (i++)]): null

2019-08-24 12:52:18 - [TEST_STEP][PASSED] - symbols = symbols: null

2019-08-24 12:52:18 - [TEST_STEP][PASSED] - for ([j = 0, j &lt; symbols.size(), (j++)]): null

2019-08-24 12:52:18 - [TEST_STEP][PASSED] - symbol = symbol: null

2019-08-24 12:52:18 - [TEST_STEP][PASSED] - println(symbol): null

2019-08-24 12:52:18 - [TEST_STEP][PASSED] - if (i == 2 &amp;&amp; wildList.indexOf(symbol) != -1): null

2019-08-24 12:52:18 - [TEST_STEP][PASSED] - if (i == 3 &amp;&amp; wildList.indexOf(symbol) != -1): null

2019-08-24 12:52:18 - [TEST_STEP][PASSED] - if (i == 4 &amp;&amp; wildList.indexOf(symbol) != -1): null

2019-08-24 12:52:18 - [TEST_STEP][PASSED] - symbol = symbol: null

2019-08-24 12:52:18 - [TEST_STEP][PASSED] - println(symbol): null

2019-08-24 12:52:18 - [TEST_STEP][PASSED] - if (i == 2 &amp;&amp; wildList.indexOf(symbol) != -1): null

2019-08-24 12:52:18 - [TEST_STEP][PASSED] - if (i == 3 &amp;&amp; wildList.indexOf(symbol) != -1): null

2019-08-24 12:52:18 - [TEST_STEP][PASSED] - if (i == 4 &amp;&amp; wildList.indexOf(symbol) != -1): null

2019-08-24 12:52:18 - [TEST_STEP][PASSED] - symbol = symbol: null

2019-08-24 12:52:18 - [TEST_STEP][PASSED] - println(symbol): null

2019-08-24 12:52:18 - [TEST_STEP][PASSED] - if (i == 2 &amp;&amp; wildList.indexOf(symbol) != -1): null

2019-08-24 12:52:18 - [TEST_STEP][PASSED] - if (i == 3 &amp;&amp; wildList.indexOf(symbol) != -1): null

2019-08-24 12:52:18 - [TEST_STEP][PASSED] - if (i == 4 &amp;&amp; wildList.indexOf(symbol) != -1): null

2019-08-24 12:52:18 - [TEST_STEP][PASSED] - symbols = symbols: null

2019-08-24 12:52:18 - [TEST_STEP][PASSED] - for ([j = 0, j &lt; symbols.size(), (j++)]): null

2019-08-24 12:52:18 - [TEST_STEP][PASSED] - symbol = symbol: null

2019-08-24 12:52:18 - [TEST_STEP][PASSED] - println(symbol): null

2019-08-24 12:52:18 - [TEST_STEP][PASSED] - if (i == 2 &amp;&amp; wildList.indexOf(symbol) != -1): null

2019-08-24 12:52:18 - [TEST_STEP][PASSED] - if (i == 3 &amp;&amp; wildList.indexOf(symbol) != -1): null

2019-08-24 12:52:18 - [TEST_STEP][PASSED] - if (i == 4 &amp;&amp; wildList.indexOf(symbol) != -1): null

2019-08-24 12:52:18 - [TEST_STEP][PASSED] - symbol = symbol: null

2019-08-24 12:52:18 - [TEST_STEP][PASSED] - println(symbol): null

2019-08-24 12:52:18 - [TEST_STEP][PASSED] - if (i == 2 &amp;&amp; wildList.indexOf(symbol) != -1): null

2019-08-24 12:52:18 - [TEST_STEP][PASSED] - if (i == 3 &amp;&amp; wildList.indexOf(symbol) != -1): null

2019-08-24 12:52:18 - [TEST_STEP][PASSED] - if (i == 4 &amp;&amp; wildList.indexOf(symbol) != -1): null

2019-08-24 12:52:18 - [TEST_STEP][PASSED] - symbol = symbol: null

2019-08-24 12:52:18 - [TEST_STEP][PASSED] - println(symbol): null

2019-08-24 12:52:18 - [TEST_STEP][PASSED] - if (i == 2 &amp;&amp; wildList.indexOf(symbol) != -1): null

2019-08-24 12:52:18 - [TEST_STEP][PASSED] - if (i == 3 &amp;&amp; wildList.indexOf(symbol) != -1): null

2019-08-24 12:52:18 - [TEST_STEP][PASSED] - if (i == 4 &amp;&amp; wildList.indexOf(symbol) != -1): null

2019-08-24 12:52:18 - [TEST_STEP][PASSED] - symbols = symbols: null

2019-08-24 12:52:18 - [TEST_STEP][PASSED] - for ([j = 0, j &lt; symbols.size(), (j++)]): null

2019-08-24 12:52:18 - [TEST_STEP][PASSED] - symbol = symbol: null

2019-08-24 12:52:18 - [TEST_STEP][PASSED] - println(symbol): null

2019-08-24 12:52:18 - [TEST_STEP][PASSED] - if (i == 2 &amp;&amp; wildList.indexOf(symbol) != -1): null

2019-08-24 12:52:18 - [TEST_STEP][PASSED] - if (i == 3 &amp;&amp; wildList.indexOf(symbol) != -1): null

2019-08-24 12:52:18 - [TEST_STEP][PASSED] - if (i == 4 &amp;&amp; wildList.indexOf(symbol) != -1): null

2019-08-24 12:52:18 - [TEST_STEP][PASSED] - symbol = symbol: null

2019-08-24 12:52:18 - [TEST_STEP][PASSED] - println(symbol): null

2019-08-24 12:52:18 - [TEST_STEP][PASSED] - if (i == 2 &amp;&amp; wildList.indexOf(symbol) != -1): null

2019-08-24 12:52:18 - [TEST_STEP][PASSED] - if (i == 3 &amp;&amp; wildList.indexOf(symbol) != -1): null

2019-08-24 12:52:18 - [TEST_STEP][PASSED] - if (i == 4 &amp;&amp; wildList.indexOf(symbol) != -1): null

2019-08-24 12:52:18 - [TEST_STEP][PASSED] - symbol = symbol: null

2019-08-24 12:52:18 - [TEST_STEP][PASSED] - println(symbol): null

2019-08-24 12:52:18 - [TEST_STEP][PASSED] - if (i == 2 &amp;&amp; wildList.indexOf(symbol) != -1): null

2019-08-24 12:52:18 - [TEST_STEP][PASSED] - if (i == 3 &amp;&amp; wildList.indexOf(symbol) != -1): null

2019-08-24 12:52:18 - [TEST_STEP][PASSED] - if (i == 4 &amp;&amp; wildList.indexOf(symbol) != -1): null

2019-08-24 12:52:18 - [TEST_STEP][PASSED] - symbols = symbols: null

2019-08-24 12:52:18 - [TEST_STEP][PASSED] - for ([j = 0, j &lt; symbols.size(), (j++)]): null

2019-08-24 12:52:18 - [TEST_STEP][PASSED] - symbol = symbol: null

2019-08-24 12:52:18 - [TEST_STEP][PASSED] - println(symbol): null

2019-08-24 12:52:18 - [TEST_STEP][PASSED] - if (i == 2 &amp;&amp; wildList.indexOf(symbol) != -1): null

2019-08-24 12:52:18 - [TEST_STEP][PASSED] - if (i == 3 &amp;&amp; wildList.indexOf(symbol) != -1): null

2019-08-24 12:52:18 - [TEST_STEP][PASSED] - if (i == 4 &amp;&amp; wildList.indexOf(symbol) != -1): null

2019-08-24 12:52:18 - [TEST_STEP][PASSED] - symbol = symbol: null

2019-08-24 12:52:18 - [TEST_STEP][PASSED] - println(symbol): null

2019-08-24 12:52:18 - [TEST_STEP][PASSED] - if (i == 2 &amp;&amp; wildList.indexOf(symbol) != -1): null

2019-08-24 12:52:18 - [TEST_STEP][PASSED] - if (i == 3 &amp;&amp; wildList.indexOf(symbol) != -1): null

2019-08-24 12:52:18 - [TEST_STEP][PASSED] - if (i == 4 &amp;&amp; wildList.indexOf(symbol) != -1): null

2019-08-24 12:52:18 - [TEST_STEP][PASSED] - symbol = symbol: null

2019-08-24 12:52:18 - [TEST_STEP][PASSED] - println(symbol): null

2019-08-24 12:52:18 - [TEST_STEP][PASSED] - if (i == 2 &amp;&amp; wildList.indexOf(symbol) != -1): null

2019-08-24 12:52:18 - [TEST_STEP][PASSED] - if (i == 3 &amp;&amp; wildList.indexOf(symbol) != -1): null

2019-08-24 12:52:18 - [TEST_STEP][PASSED] - if (i == 4 &amp;&amp; wildList.indexOf(symbol) != -1): null

2019-08-24 12:52:18 - [TEST_STEP][PASSED] - symbols = symbols: null

2019-08-24 12:52:18 - [TEST_STEP][PASSED] - for ([j = 0, j &lt; symbols.size(), (j++)]): null

2019-08-24 12:52:18 - [TEST_STEP][PASSED] - symbol = symbol: null

2019-08-24 12:52:18 - [TEST_STEP][PASSED] - println(symbol): null

2019-08-24 12:52:18 - [TEST_STEP][PASSED] - if (i == 2 &amp;&amp; wildList.indexOf(symbol) != -1): null

2019-08-24 12:52:18 - [TEST_STEP][PASSED] - if (i == 3 &amp;&amp; wildList.indexOf(symbol) != -1): null

2019-08-24 12:52:18 - [TEST_STEP][PASSED] - if (i == 4 &amp;&amp; wildList.indexOf(symbol) != -1): null

2019-08-24 12:52:18 - [TEST_STEP][PASSED] - symbol = symbol: null

2019-08-24 12:52:18 - [TEST_STEP][PASSED] - println(symbol): null

2019-08-24 12:52:18 - [TEST_STEP][PASSED] - if (i == 2 &amp;&amp; wildList.indexOf(symbol) != -1): null

2019-08-24 12:52:18 - [TEST_STEP][PASSED] - if (i == 3 &amp;&amp; wildList.indexOf(symbol) != -1): null

2019-08-24 12:52:18 - [TEST_STEP][PASSED] - if (i == 4 &amp;&amp; wildList.indexOf(symbol) != -1): null

2019-08-24 12:52:18 - [TEST_STEP][PASSED] - symbol = symbol: null

2019-08-24 12:52:18 - [TEST_STEP][PASSED] - println(symbol): null

2019-08-24 12:52:18 - [TEST_STEP][PASSED] - if (i == 2 &amp;&amp; wildList.indexOf(symbol) != -1): null

2019-08-24 12:52:18 - [TEST_STEP][PASSED] - if (i == 3 &amp;&amp; wildList.indexOf(symbol) != -1): null

2019-08-24 12:52:18 - [TEST_STEP][PASSED] - if (i == 4 &amp;&amp; wildList.indexOf(symbol) != -1): null

2019-08-24 12:52:18 - [TEST_STEP][PASSED] - println("wild found on reel 5, adding counter by 1"): null

2019-08-24 12:52:18 - [TEST_STEP][PASSED] - free_spin_reel_counter[2] = free_spin_reel_counter[2] + 1: null

2019-08-24 12:52:18 - [TEST_STEP][PASSED] - free_spin_reel_counter = free_spin_reel_counter: null

2019-08-24 12:52:18 - [TEST_STEP][PASSED] - println("reel 3 wild found: " + free_spin_reel_counter[0]): null

2019-08-24 12:52:18 - [TEST_STEP][PASSED] - println("reel 4 wild found: " + free_spin_reel_counter[1]): null

2019-08-24 12:52:18 - [TEST_STEP][PASSED] - println("reel 5 wild found: " + free_spin_reel_counter[2]): null

2019-08-24 12:52:18 - [TEST_STEP][PASSED] - M4_spin_reels = M4_spin_reels: null

2019-08-24 12:52:18 - [TEST_STEP][PASSED] - M4_spin_reels_symbols = symbol: null

2019-08-24 12:52:18 - [TEST_STEP][PASSED] - M4_spin_reels_symbols = M4_spin_reels_symbols: null

2019-08-24 12:52:18 - [TEST_STEP][PASSED] - M4_spin_reel_wins = reel_wins: null

2019-08-24 12:52:18 - [TEST_STEP][PASSED] - M4_spin_reel_wins = M4_spin_reel_wins: null

2019-08-24 12:52:18 - [TEST_STEP][PASSED] - println("GlobalVariable.M4_spin_reel_wins is: " + M4_spin_reel_wins): null

2019-08-24 12:52:18 - [TEST_STEP][PASSED] - M4_spin_total_bonus_win_this_round = total_bonus_win_this_round: null

2019-08-24 12:52:18 - [TEST_STEP][PASSED] - M4_spin_total_bonus_win_this_round = M4_spin_total_bonus_win_this_round: null

2019-08-24 12:52:18 - [TEST_STEP][PASSED] - println("GlobalVariable.M4_spin_total_bonus_win_this_round is: " + M4_spin_total_bonus_win_this_round): null

2019-08-24 12:52:18 - [TEST_STEP][PASSED] - M4_spin_bonus_spin_result = spin_result: null

2019-08-24 12:52:18 - [TEST_STEP][PASSED] - M4_spin_bonus_spin_result = M4_spin_bonus_spin_result: null

2019-08-24 12:52:18 - [MESSAGE][PASSED] - Verify response successfully

2019-08-24 12:52:18 - [MESSAGE][PASSED] - Send request and verify the response successfully

2019-08-24 12:52:18 - [TEST_STEP][PASSED] - if (M4_total_bonus_spins_int != 0 &amp;&amp; M4_spin_reels_symbols[2].contains("WILD_Double") || M4_spin_reels_symbols[4].contains("WILD_Triple")): null

2019-08-24 12:52:18 - [TEST_STEP][PASSED] - free_spin_reel_counter = free_spin_reel_counter: null

2019-08-24 12:52:18 - [TEST_STEP][PASSED] - M4_spin_reels_symbols = M4_spin_reels_symbols: null

2019-08-24 12:52:18 - [TEST_STEP][PASSED] - M4_total_bonus_spins = M4_total_bonus_spins: null

2019-08-24 12:52:18 - [TEST_STEP][PASSED] - spin_result = sendRequestAndVerify(findTestObject("INT/RGS(M4)/1_M4_spin", ["M4_login_user_id":M4_login_user_id, "rgs_session_token":rgs_session_token, "partner":Partner])): Send request and verify the response successfully

2019-08-24 12:52:18 - [MESSAGE][INFO] - HAR: /Users/eiralee/Katalon_Script/SuperWild/Reports/20190824_124242/INT/superWild_4/20190824_124242/requests/main/173.har

2019-08-24 12:52:18 - [TEST_CASE][PASSED] - Start Test Case : Verification: Verification accomplished successfully

2019-08-24 12:52:19 - [TEST_STEP][PASSED] - request = getInstance().getCurrentRequest(): null

2019-08-24 12:52:19 - [TEST_STEP][PASSED] - response = getInstance().getCurrentResponse(): null

2019-08-24 12:52:19 - [TEST_STEP][PASSED] - verifyResponseStatusCode(response, 200): Verify response status code successfully

2019-08-24 12:52:19 - [MESSAGE][PASSED] - Verify response status code successfully

2019-08-24 12:52:19 - [TEST_STEP][PASSED] - getStatusCode()).isEqualTo(200): null

2019-08-24 12:52:19 - [TEST_STEP][PASSED] - newline = System.getProperty("line.separator"): null

2019-08-24 12:52:19 - [TEST_STEP][PASSED] - M4_spin = new groovy.json.JsonSlurper(): null

2019-08-24 12:52:19 - [TEST_STEP][PASSED] - result_M4_spin = M4_spin.parseText(response.getResponseBodyContent()): null

2019-08-24 12:52:19 - [TEST_STEP][PASSED] - M4_spin_current_balance = current_balance: null

2019-08-24 12:52:19 - [TEST_STEP][PASSED] - M4_spin_current_balance = M4_spin_current_balance: null

2019-08-24 12:52:19 - [TEST_STEP][PASSED] - M4_spin_transaction_id = causality: null

2019-08-24 12:52:19 - [TEST_STEP][PASSED] - M4_spin_transaction_id = M4_spin_transaction_id: null

2019-08-24 12:52:19 - [TEST_STEP][PASSED] - M4_spin_round_id = round_id: null

2019-08-24 12:52:19 - [TEST_STEP][PASSED] - M4_spin_round_id = M4_spin_round_id: null

2019-08-24 12:52:19 - [TEST_STEP][PASSED] - M4_spin_line_wins = line_wins: null

2019-08-24 12:52:19 - [TEST_STEP][PASSED] - M4_spin_line_wins = M4_spin_line_wins: null

2019-08-24 12:52:19 - [TEST_STEP][PASSED] - M4_total_bonus_spins_int = total_bonus_spins: null

2019-08-24 12:52:19 - [TEST_STEP][PASSED] - println("******M4_total_bonus_spins type is:*******" + newline + getClass().getName()): null

2019-08-24 12:52:19 - [TEST_STEP][PASSED] - M4_total_bonus_spins_int = M4_total_bonus_spins_int: null

2019-08-24 12:52:19 - [TEST_STEP][PASSED] - M4_total_bonus_spins = Integer.toString(M4_total_bonus_spins_int): null

2019-08-24 12:52:19 - [TEST_STEP][PASSED] - M4_total_bonus_spins = M4_total_bonus_spins: null

2019-08-24 12:52:19 - [TEST_STEP][PASSED] - println("M4_total_bonus_spins is:" + M4_total_bonus_spins): null

2019-08-24 12:52:19 - [TEST_STEP][PASSED] - M4_spin_bonus_data = bonus_data: null

2019-08-24 12:52:19 - [TEST_STEP][PASSED] - M4_spin_features_triggered = result_M4_spin: null

2019-08-24 12:52:19 - [TEST_STEP][PASSED] - wild = []: null

2019-08-24 12:52:19 - [TEST_STEP][PASSED] - wild[0] = "WILD_Expanding": null

2019-08-24 12:52:19 - [TEST_STEP][PASSED] - wild[1] = "WILD_Normal": null

2019-08-24 12:52:19 - [TEST_STEP][PASSED] - wild[2] = "WILD_Double": null

2019-08-24 12:52:19 - [TEST_STEP][PASSED] - wild[3] = "WILD_ExtraFG": null

2019-08-24 12:52:19 - [TEST_STEP][PASSED] - wild[4] = "WILD_Triple": null

2019-08-24 12:52:19 - [TEST_STEP][PASSED] - wildList = Arrays.asList(wild): null

2019-08-24 12:52:19 - [TEST_STEP][PASSED] - wildList = wildList: null

2019-08-24 12:52:19 - [TEST_STEP][PASSED] - free_spin_reel_counter = []: null

2019-08-24 12:52:19 - [TEST_STEP][PASSED] - free_spin_reel_counter[0] = 0: null

2019-08-24 12:52:19 - [TEST_STEP][PASSED] - free_spin_reel_counter[1] = 0: null

2019-08-24 12:52:19 - [TEST_STEP][PASSED] - free_spin_reel_counter[2] = 0: null

2019-08-24 12:52:19 - [TEST_STEP][PASSED] - M4_spin_reels = reels: null

2019-08-24 12:52:19 - [TEST_STEP][PASSED] - for ([i = 0, i &lt; M4_spin_reels.size(), (i++)]): null

2019-08-24 12:52:19 - [TEST_STEP][PASSED] - symbols = symbols: null

2019-08-24 12:52:19 - [TEST_STEP][PASSED] - for ([j = 0, j &lt; symbols.size(), (j++)]): null

2019-08-24 12:52:19 - [TEST_STEP][PASSED] - symbol = symbol: null

2019-08-24 12:52:19 - [TEST_STEP][PASSED] - println(symbol): null

2019-08-24 12:52:19 - [TEST_STEP][PASSED] - if (i == 2 &amp;&amp; wildList.indexOf(symbol) != -1): null

2019-08-24 12:52:19 - [TEST_STEP][PASSED] - if (i == 3 &amp;&amp; wildList.indexOf(symbol) != -1): null

2019-08-24 12:52:19 - [TEST_STEP][PASSED] - if (i == 4 &amp;&amp; wildList.indexOf(symbol) != -1): null

2019-08-24 12:52:19 - [TEST_STEP][PASSED] - symbol = symbol: null

2019-08-24 12:52:19 - [TEST_STEP][PASSED] - println(symbol): null

2019-08-24 12:52:19 - [TEST_STEP][PASSED] - if (i == 2 &amp;&amp; wildList.indexOf(symbol) != -1): null

2019-08-24 12:52:19 - [TEST_STEP][PASSED] - if (i == 3 &amp;&amp; wildList.indexOf(symbol) != -1): null

2019-08-24 12:52:19 - [TEST_STEP][PASSED] - if (i == 4 &amp;&amp; wildList.indexOf(symbol) != -1): null

2019-08-24 12:52:19 - [TEST_STEP][PASSED] - symbol = symbol: null

2019-08-24 12:52:19 - [TEST_STEP][PASSED] - println(symbol): null

2019-08-24 12:52:19 - [TEST_STEP][PASSED] - if (i == 2 &amp;&amp; wildList.indexOf(symbol) != -1): null

2019-08-24 12:52:19 - [TEST_STEP][PASSED] - if (i == 3 &amp;&amp; wildList.indexOf(symbol) != -1): null

2019-08-24 12:52:19 - [TEST_STEP][PASSED] - if (i == 4 &amp;&amp; wildList.indexOf(symbol) != -1): null

2019-08-24 12:52:19 - [TEST_STEP][PASSED] - symbols = symbols: null

2019-08-24 12:52:19 - [TEST_STEP][PASSED] - for ([j = 0, j &lt; symbols.size(), (j++)]): null

2019-08-24 12:52:19 - [TEST_STEP][PASSED] - symbol = symbol: null

2019-08-24 12:52:19 - [TEST_STEP][PASSED] - println(symbol): null

2019-08-24 12:52:19 - [TEST_STEP][PASSED] - if (i == 2 &amp;&amp; wildList.indexOf(symbol) != -1): null

2019-08-24 12:52:19 - [TEST_STEP][PASSED] - if (i == 3 &amp;&amp; wildList.indexOf(symbol) != -1): null

2019-08-24 12:52:19 - [TEST_STEP][PASSED] - if (i == 4 &amp;&amp; wildList.indexOf(symbol) != -1): null

2019-08-24 12:52:19 - [TEST_STEP][PASSED] - symbol = symbol: null

2019-08-24 12:52:19 - [TEST_STEP][PASSED] - println(symbol): null

2019-08-24 12:52:19 - [TEST_STEP][PASSED] - if (i == 2 &amp;&amp; wildList.indexOf(symbol) != -1): null

2019-08-24 12:52:19 - [TEST_STEP][PASSED] - if (i == 3 &amp;&amp; wildList.indexOf(symbol) != -1): null

2019-08-24 12:52:19 - [TEST_STEP][PASSED] - if (i == 4 &amp;&amp; wildList.indexOf(symbol) != -1): null

2019-08-24 12:52:19 - [TEST_STEP][PASSED] - symbol = symbol: null

2019-08-24 12:52:19 - [TEST_STEP][PASSED] - println(symbol): null

2019-08-24 12:52:19 - [TEST_STEP][PASSED] - if (i == 2 &amp;&amp; wildList.indexOf(symbol) != -1): null

2019-08-24 12:52:19 - [TEST_STEP][PASSED] - if (i == 3 &amp;&amp; wildList.indexOf(symbol) != -1): null

2019-08-24 12:52:19 - [TEST_STEP][PASSED] - if (i == 4 &amp;&amp; wildList.indexOf(symbol) != -1): null

2019-08-24 12:52:19 - [TEST_STEP][PASSED] - symbols = symbols: null

2019-08-24 12:52:19 - [TEST_STEP][PASSED] - for ([j = 0, j &lt; symbols.size(), (j++)]): null

2019-08-24 12:52:19 - [TEST_STEP][PASSED] - symbol = symbol: null

2019-08-24 12:52:19 - [TEST_STEP][PASSED] - println(symbol): null

2019-08-24 12:52:19 - [TEST_STEP][PASSED] - if (i == 2 &amp;&amp; wildList.indexOf(symbol) != -1): null

2019-08-24 12:52:19 - [TEST_STEP][PASSED] - if (i == 3 &amp;&amp; wildList.indexOf(symbol) != -1): null

2019-08-24 12:52:19 - [TEST_STEP][PASSED] - if (i == 4 &amp;&amp; wildList.indexOf(symbol) != -1): null

2019-08-24 12:52:19 - [TEST_STEP][PASSED] - symbol = symbol: null

2019-08-24 12:52:19 - [TEST_STEP][PASSED] - println(symbol): null

2019-08-24 12:52:19 - [TEST_STEP][PASSED] - if (i == 2 &amp;&amp; wildList.indexOf(symbol) != -1): null

2019-08-24 12:52:19 - [TEST_STEP][PASSED] - if (i == 3 &amp;&amp; wildList.indexOf(symbol) != -1): null

2019-08-24 12:52:19 - [TEST_STEP][PASSED] - if (i == 4 &amp;&amp; wildList.indexOf(symbol) != -1): null

2019-08-24 12:52:19 - [TEST_STEP][PASSED] - symbol = symbol: null

2019-08-24 12:52:19 - [TEST_STEP][PASSED] - println(symbol): null

2019-08-24 12:52:19 - [TEST_STEP][PASSED] - if (i == 2 &amp;&amp; wildList.indexOf(symbol) != -1): null

2019-08-24 12:52:19 - [TEST_STEP][PASSED] - if (i == 3 &amp;&amp; wildList.indexOf(symbol) != -1): null

2019-08-24 12:52:19 - [TEST_STEP][PASSED] - if (i == 4 &amp;&amp; wildList.indexOf(symbol) != -1): null

2019-08-24 12:52:19 - [TEST_STEP][PASSED] - symbols = symbols: null

2019-08-24 12:52:19 - [TEST_STEP][PASSED] - for ([j = 0, j &lt; symbols.size(), (j++)]): null

2019-08-24 12:52:19 - [TEST_STEP][PASSED] - symbol = symbol: null

2019-08-24 12:52:19 - [TEST_STEP][PASSED] - println(symbol): null

2019-08-24 12:52:19 - [TEST_STEP][PASSED] - if (i == 2 &amp;&amp; wildList.indexOf(symbol) != -1): null

2019-08-24 12:52:19 - [TEST_STEP][PASSED] - if (i == 3 &amp;&amp; wildList.indexOf(symbol) != -1): null

2019-08-24 12:52:19 - [TEST_STEP][PASSED] - if (i == 4 &amp;&amp; wildList.indexOf(symbol) != -1): null

2019-08-24 12:52:19 - [TEST_STEP][PASSED] - symbol = symbol: null

2019-08-24 12:52:19 - [TEST_STEP][PASSED] - println(symbol): null

2019-08-24 12:52:19 - [TEST_STEP][PASSED] - if (i == 2 &amp;&amp; wildList.indexOf(symbol) != -1): null

2019-08-24 12:52:19 - [TEST_STEP][PASSED] - if (i == 3 &amp;&amp; wildList.indexOf(symbol) != -1): null

2019-08-24 12:52:19 - [TEST_STEP][PASSED] - if (i == 4 &amp;&amp; wildList.indexOf(symbol) != -1): null

2019-08-24 12:52:19 - [TEST_STEP][PASSED] - symbol = symbol: null

2019-08-24 12:52:19 - [TEST_STEP][PASSED] - println(symbol): null

2019-08-24 12:52:19 - [TEST_STEP][PASSED] - if (i == 2 &amp;&amp; wildList.indexOf(symbol) != -1): null

2019-08-24 12:52:19 - [TEST_STEP][PASSED] - if (i == 3 &amp;&amp; wildList.indexOf(symbol) != -1): null

2019-08-24 12:52:19 - [TEST_STEP][PASSED] - if (i == 4 &amp;&amp; wildList.indexOf(symbol) != -1): null

2019-08-24 12:52:19 - [TEST_STEP][PASSED] - symbols = symbols: null

2019-08-24 12:52:19 - [TEST_STEP][PASSED] - for ([j = 0, j &lt; symbols.size(), (j++)]): null

2019-08-24 12:52:19 - [TEST_STEP][PASSED] - symbol = symbol: null

2019-08-24 12:52:19 - [TEST_STEP][PASSED] - println(symbol): null

2019-08-24 12:52:19 - [TEST_STEP][PASSED] - if (i == 2 &amp;&amp; wildList.indexOf(symbol) != -1): null

2019-08-24 12:52:19 - [TEST_STEP][PASSED] - if (i == 3 &amp;&amp; wildList.indexOf(symbol) != -1): null

2019-08-24 12:52:19 - [TEST_STEP][PASSED] - if (i == 4 &amp;&amp; wildList.indexOf(symbol) != -1): null

2019-08-24 12:52:19 - [TEST_STEP][PASSED] - symbol = symbol: null

2019-08-24 12:52:19 - [TEST_STEP][PASSED] - println(symbol): null

2019-08-24 12:52:19 - [TEST_STEP][PASSED] - if (i == 2 &amp;&amp; wildList.indexOf(symbol) != -1): null

2019-08-24 12:52:19 - [TEST_STEP][PASSED] - if (i == 3 &amp;&amp; wildList.indexOf(symbol) != -1): null

2019-08-24 12:52:19 - [TEST_STEP][PASSED] - if (i == 4 &amp;&amp; wildList.indexOf(symbol) != -1): null

2019-08-24 12:52:19 - [TEST_STEP][PASSED] - symbol = symbol: null

2019-08-24 12:52:19 - [TEST_STEP][PASSED] - println(symbol): null

2019-08-24 12:52:19 - [TEST_STEP][PASSED] - if (i == 2 &amp;&amp; wildList.indexOf(symbol) != -1): null

2019-08-24 12:52:19 - [TEST_STEP][PASSED] - if (i == 3 &amp;&amp; wildList.indexOf(symbol) != -1): null

2019-08-24 12:52:19 - [TEST_STEP][PASSED] - if (i == 4 &amp;&amp; wildList.indexOf(symbol) != -1): null

2019-08-24 12:52:19 - [TEST_STEP][PASSED] - free_spin_reel_counter = free_spin_reel_counter: null

2019-08-24 12:52:19 - [TEST_STEP][PASSED] - println("reel 3 wild found: " + free_spin_reel_counter[0]): null

2019-08-24 12:52:19 - [TEST_STEP][PASSED] - println("reel 4 wild found: " + free_spin_reel_counter[1]): null

2019-08-24 12:52:19 - [TEST_STEP][PASSED] - println("reel 5 wild found: " + free_spin_reel_counter[2]): null

2019-08-24 12:52:19 - [TEST_STEP][PASSED] - M4_spin_reels = M4_spin_reels: null

2019-08-24 12:52:19 - [TEST_STEP][PASSED] - M4_spin_reels_symbols = symbol: null

2019-08-24 12:52:19 - [TEST_STEP][PASSED] - M4_spin_reels_symbols = M4_spin_reels_symbols: null

2019-08-24 12:52:19 - [TEST_STEP][PASSED] - M4_spin_reel_wins = reel_wins: null

2019-08-24 12:52:19 - [TEST_STEP][PASSED] - M4_spin_reel_wins = M4_spin_reel_wins: null

2019-08-24 12:52:19 - [TEST_STEP][PASSED] - println("GlobalVariable.M4_spin_reel_wins is: " + M4_spin_reel_wins): null

2019-08-24 12:52:19 - [TEST_STEP][PASSED] - M4_spin_total_bonus_win_this_round = total_bonus_win_this_round: null

2019-08-24 12:52:19 - [TEST_STEP][PASSED] - M4_spin_total_bonus_win_this_round = M4_spin_total_bonus_win_this_round: null

2019-08-24 12:52:19 - [TEST_STEP][PASSED] - println("GlobalVariable.M4_spin_total_bonus_win_this_round is: " + M4_spin_total_bonus_win_this_round): null

2019-08-24 12:52:19 - [TEST_STEP][PASSED] - M4_spin_bonus_spin_result = spin_result: null

2019-08-24 12:52:19 - [TEST_STEP][PASSED] - M4_spin_bonus_spin_result = M4_spin_bonus_spin_result: null

2019-08-24 12:52:19 - [MESSAGE][PASSED] - Verify response successfully

2019-08-24 12:52:19 - [MESSAGE][PASSED] - Send request and verify the response successfully

2019-08-24 12:52:19 - [TEST_STEP][PASSED] - if (M4_total_bonus_spins_int != 0 &amp;&amp; M4_spin_reels_symbols[2].contains("WILD_Double") || M4_spin_reels_symbols[4].contains("WILD_Triple")): null

2019-08-24 12:52:23 - [TEST_STEP][PASSED] - free_spin_reel_counter = free_spin_reel_counter: null

2019-08-24 12:52:23 - [TEST_STEP][PASSED] - M4_spin_reels_symbols = M4_spin_reels_symbols: null

2019-08-24 12:52:23 - [TEST_STEP][PASSED] - M4_total_bonus_spins = M4_total_bonus_spins: null

2019-08-24 12:52:23 - [TEST_STEP][PASSED] - spin_result = sendRequestAndVerify(findTestObject("INT/RGS(M4)/1_M4_spin", ["M4_login_user_id":M4_login_user_id, "rgs_session_token":rgs_session_token, "partner":Partner])): Send request and verify the response successfully

2019-08-24 12:52:23 - [MESSAGE][INFO] - HAR: /Users/eiralee/Katalon_Script/SuperWild/Reports/20190824_124242/INT/superWild_4/20190824_124242/requests/main/174.har

2019-08-24 12:52:23 - [TEST_CASE][PASSED] - Start Test Case : Verification: Verification accomplished successfully

2019-08-24 12:52:23 - [TEST_STEP][PASSED] - request = getInstance().getCurrentRequest(): null

2019-08-24 12:52:23 - [TEST_STEP][PASSED] - response = getInstance().getCurrentResponse(): null

2019-08-24 12:52:23 - [TEST_STEP][PASSED] - verifyResponseStatusCode(response, 200): Verify response status code successfully

2019-08-24 12:52:23 - [MESSAGE][PASSED] - Verify response status code successfully

2019-08-24 12:52:23 - [TEST_STEP][PASSED] - getStatusCode()).isEqualTo(200): null

2019-08-24 12:52:23 - [TEST_STEP][PASSED] - newline = System.getProperty("line.separator"): null

2019-08-24 12:52:25 - [TEST_STEP][PASSED] - M4_spin = new groovy.json.JsonSlurper(): null

2019-08-24 12:52:25 - [TEST_STEP][PASSED] - result_M4_spin = M4_spin.parseText(response.getResponseBodyContent()): null

2019-08-24 12:52:25 - [TEST_STEP][PASSED] - M4_spin_current_balance = current_balance: null

2019-08-24 12:52:25 - [TEST_STEP][PASSED] - M4_spin_current_balance = M4_spin_current_balance: null

2019-08-24 12:52:25 - [TEST_STEP][PASSED] - M4_spin_transaction_id = causality: null

2019-08-24 12:52:25 - [TEST_STEP][PASSED] - M4_spin_transaction_id = M4_spin_transaction_id: null

2019-08-24 12:52:25 - [TEST_STEP][PASSED] - M4_spin_round_id = round_id: null

2019-08-24 12:52:25 - [TEST_STEP][PASSED] - M4_spin_round_id = M4_spin_round_id: null

2019-08-24 12:52:25 - [TEST_STEP][PASSED] - M4_spin_line_wins = line_wins: null

2019-08-24 12:52:25 - [TEST_STEP][PASSED] - M4_spin_line_wins = M4_spin_line_wins: null

2019-08-24 12:52:25 - [TEST_STEP][PASSED] - M4_total_bonus_spins_int = total_bonus_spins: null

2019-08-24 12:52:25 - [TEST_STEP][PASSED] - println("******M4_total_bonus_spins type is:*******" + newline + getClass().getName()): null

2019-08-24 12:52:25 - [TEST_STEP][PASSED] - M4_total_bonus_spins_int = M4_total_bonus_spins_int: null

2019-08-24 12:52:25 - [TEST_STEP][PASSED] - M4_total_bonus_spins = Integer.toString(M4_total_bonus_spins_int): null

2019-08-24 12:52:25 - [TEST_STEP][PASSED] - M4_total_bonus_spins = M4_total_bonus_spins: null

2019-08-24 12:52:25 - [TEST_STEP][PASSED] - println("M4_total_bonus_spins is:" + M4_total_bonus_spins): null

2019-08-24 12:52:25 - [TEST_STEP][PASSED] - M4_spin_bonus_data = bonus_data: null

2019-08-24 12:52:25 - [TEST_STEP][PASSED] - M4_spin_features_triggered = result_M4_spin: null

2019-08-24 12:52:25 - [TEST_STEP][PASSED] - wild = []: null

2019-08-24 12:52:25 - [TEST_STEP][PASSED] - wild[0] = "WILD_Expanding": null

2019-08-24 12:52:25 - [TEST_STEP][PASSED] - wild[1] = "WILD_Normal": null

2019-08-24 12:52:25 - [TEST_STEP][PASSED] - wild[2] = "WILD_Double": null

2019-08-24 12:52:25 - [TEST_STEP][PASSED] - wild[3] = "WILD_ExtraFG": null

2019-08-24 12:52:25 - [TEST_STEP][PASSED] - wild[4] = "WILD_Triple": null

2019-08-24 12:52:25 - [TEST_STEP][PASSED] - wildList = Arrays.asList(wild): null

2019-08-24 12:52:25 - [TEST_STEP][PASSED] - wildList = wildList: null

2019-08-24 12:52:25 - [TEST_STEP][PASSED] - free_spin_reel_counter = []: null

2019-08-24 12:52:25 - [TEST_STEP][PASSED] - free_spin_reel_counter[0] = 0: null

2019-08-24 12:52:25 - [TEST_STEP][PASSED] - free_spin_reel_counter[1] = 0: null

2019-08-24 12:52:25 - [TEST_STEP][PASSED] - free_spin_reel_counter[2] = 0: null

2019-08-24 12:52:25 - [TEST_STEP][PASSED] - M4_spin_reels = reels: null

2019-08-24 12:52:25 - [TEST_STEP][PASSED] - for ([i = 0, i &lt; M4_spin_reels.size(), (i++)]): null

2019-08-24 12:52:25 - [TEST_STEP][PASSED] - symbols = symbols: null

2019-08-24 12:52:25 - [TEST_STEP][PASSED] - for ([j = 0, j &lt; symbols.size(), (j++)]): null

2019-08-24 12:52:25 - [TEST_STEP][PASSED] - symbol = symbol: null

2019-08-24 12:52:25 - [TEST_STEP][PASSED] - println(symbol): null

2019-08-24 12:52:25 - [TEST_STEP][PASSED] - if (i == 2 &amp;&amp; wildList.indexOf(symbol) != -1): null

2019-08-24 12:52:25 - [TEST_STEP][PASSED] - if (i == 3 &amp;&amp; wildList.indexOf(symbol) != -1): null

2019-08-24 12:52:25 - [TEST_STEP][PASSED] - if (i == 4 &amp;&amp; wildList.indexOf(symbol) != -1): null

2019-08-24 12:52:25 - [TEST_STEP][PASSED] - symbol = symbol: null

2019-08-24 12:52:25 - [TEST_STEP][PASSED] - println(symbol): null

2019-08-24 12:52:25 - [TEST_STEP][PASSED] - if (i == 2 &amp;&amp; wildList.indexOf(symbol) != -1): null

2019-08-24 12:52:25 - [TEST_STEP][PASSED] - if (i == 3 &amp;&amp; wildList.indexOf(symbol) != -1): null

2019-08-24 12:52:25 - [TEST_STEP][PASSED] - if (i == 4 &amp;&amp; wildList.indexOf(symbol) != -1): null

2019-08-24 12:52:25 - [TEST_STEP][PASSED] - symbol = symbol: null

2019-08-24 12:52:25 - [TEST_STEP][PASSED] - println(symbol): null

2019-08-24 12:52:25 - [TEST_STEP][PASSED] - if (i == 2 &amp;&amp; wildList.indexOf(symbol) != -1): null

2019-08-24 12:52:25 - [TEST_STEP][PASSED] - if (i == 3 &amp;&amp; wildList.indexOf(symbol) != -1): null

2019-08-24 12:52:25 - [TEST_STEP][PASSED] - if (i == 4 &amp;&amp; wildList.indexOf(symbol) != -1): null

2019-08-24 12:52:25 - [TEST_STEP][PASSED] - symbols = symbols: null

2019-08-24 12:52:25 - [TEST_STEP][PASSED] - for ([j = 0, j &lt; symbols.size(), (j++)]): null

2019-08-24 12:52:25 - [TEST_STEP][PASSED] - symbol = symbol: null

2019-08-24 12:52:25 - [TEST_STEP][PASSED] - println(symbol): null

2019-08-24 12:52:25 - [TEST_STEP][PASSED] - if (i == 2 &amp;&amp; wildList.indexOf(symbol) != -1): null

2019-08-24 12:52:25 - [TEST_STEP][PASSED] - if (i == 3 &amp;&amp; wildList.indexOf(symbol) != -1): null

2019-08-24 12:52:25 - [TEST_STEP][PASSED] - if (i == 4 &amp;&amp; wildList.indexOf(symbol) != -1): null

2019-08-24 12:52:25 - [TEST_STEP][PASSED] - symbol = symbol: null

2019-08-24 12:52:25 - [TEST_STEP][PASSED] - println(symbol): null

2019-08-24 12:52:25 - [TEST_STEP][PASSED] - if (i == 2 &amp;&amp; wildList.indexOf(symbol) != -1): null

2019-08-24 12:52:25 - [TEST_STEP][PASSED] - if (i == 3 &amp;&amp; wildList.indexOf(symbol) != -1): null

2019-08-24 12:52:25 - [TEST_STEP][PASSED] - if (i == 4 &amp;&amp; wildList.indexOf(symbol) != -1): null

2019-08-24 12:52:25 - [TEST_STEP][PASSED] - symbol = symbol: null

2019-08-24 12:52:25 - [TEST_STEP][PASSED] - println(symbol): null

2019-08-24 12:52:25 - [TEST_STEP][PASSED] - if (i == 2 &amp;&amp; wildList.indexOf(symbol) != -1): null

2019-08-24 12:52:25 - [TEST_STEP][PASSED] - if (i == 3 &amp;&amp; wildList.indexOf(symbol) != -1): null

2019-08-24 12:52:25 - [TEST_STEP][PASSED] - if (i == 4 &amp;&amp; wildList.indexOf(symbol) != -1): null

2019-08-24 12:52:25 - [TEST_STEP][PASSED] - symbols = symbols: null

2019-08-24 12:52:25 - [TEST_STEP][PASSED] - for ([j = 0, j &lt; symbols.size(), (j++)]): null

2019-08-24 12:52:25 - [TEST_STEP][PASSED] - symbol = symbol: null

2019-08-24 12:52:25 - [TEST_STEP][PASSED] - println(symbol): null

2019-08-24 12:52:25 - [TEST_STEP][PASSED] - if (i == 2 &amp;&amp; wildList.indexOf(symbol) != -1): null

2019-08-24 12:52:25 - [TEST_STEP][PASSED] - if (i == 3 &amp;&amp; wildList.indexOf(symbol) != -1): null

2019-08-24 12:52:25 - [TEST_STEP][PASSED] - if (i == 4 &amp;&amp; wildList.indexOf(symbol) != -1): null

2019-08-24 12:52:25 - [TEST_STEP][PASSED] - symbol = symbol: null

2019-08-24 12:52:25 - [TEST_STEP][PASSED] - println(symbol): null

2019-08-24 12:52:25 - [TEST_STEP][PASSED] - if (i == 2 &amp;&amp; wildList.indexOf(symbol) != -1): null

2019-08-24 12:52:25 - [TEST_STEP][PASSED] - if (i == 3 &amp;&amp; wildList.indexOf(symbol) != -1): null

2019-08-24 12:52:25 - [TEST_STEP][PASSED] - if (i == 4 &amp;&amp; wildList.indexOf(symbol) != -1): null

2019-08-24 12:52:25 - [TEST_STEP][PASSED] - symbol = symbol: null

2019-08-24 12:52:25 - [TEST_STEP][PASSED] - println(symbol): null

2019-08-24 12:52:25 - [TEST_STEP][PASSED] - if (i == 2 &amp;&amp; wildList.indexOf(symbol) != -1): null

2019-08-24 12:52:25 - [TEST_STEP][PASSED] - if (i == 3 &amp;&amp; wildList.indexOf(symbol) != -1): null

2019-08-24 12:52:25 - [TEST_STEP][PASSED] - if (i == 4 &amp;&amp; wildList.indexOf(symbol) != -1): null

2019-08-24 12:52:25 - [TEST_STEP][PASSED] - symbols = symbols: null

2019-08-24 12:52:25 - [TEST_STEP][PASSED] - for ([j = 0, j &lt; symbols.size(), (j++)]): null

2019-08-24 12:52:25 - [TEST_STEP][PASSED] - symbol = symbol: null

2019-08-24 12:52:25 - [TEST_STEP][PASSED] - println(symbol): null

2019-08-24 12:52:25 - [TEST_STEP][PASSED] - if (i == 2 &amp;&amp; wildList.indexOf(symbol) != -1): null

2019-08-24 12:52:25 - [TEST_STEP][PASSED] - if (i == 3 &amp;&amp; wildList.indexOf(symbol) != -1): null

2019-08-24 12:52:25 - [TEST_STEP][PASSED] - if (i == 4 &amp;&amp; wildList.indexOf(symbol) != -1): null

2019-08-24 12:52:25 - [TEST_STEP][PASSED] - symbol = symbol: null

2019-08-24 12:52:25 - [TEST_STEP][PASSED] - println(symbol): null

2019-08-24 12:52:25 - [TEST_STEP][PASSED] - if (i == 2 &amp;&amp; wildList.indexOf(symbol) != -1): null

2019-08-24 12:52:25 - [TEST_STEP][PASSED] - if (i == 3 &amp;&amp; wildList.indexOf(symbol) != -1): null

2019-08-24 12:52:25 - [TEST_STEP][PASSED] - if (i == 4 &amp;&amp; wildList.indexOf(symbol) != -1): null

2019-08-24 12:52:25 - [TEST_STEP][PASSED] - symbol = symbol: null

2019-08-24 12:52:25 - [TEST_STEP][PASSED] - println(symbol): null

2019-08-24 12:52:25 - [TEST_STEP][PASSED] - if (i == 2 &amp;&amp; wildList.indexOf(symbol) != -1): null

2019-08-24 12:52:25 - [TEST_STEP][PASSED] - if (i == 3 &amp;&amp; wildList.indexOf(symbol) != -1): null

2019-08-24 12:52:25 - [TEST_STEP][PASSED] - if (i == 4 &amp;&amp; wildList.indexOf(symbol) != -1): null

2019-08-24 12:52:25 - [TEST_STEP][PASSED] - symbols = symbols: null

2019-08-24 12:52:25 - [TEST_STEP][PASSED] - for ([j = 0, j &lt; symbols.size(), (j++)]): null

2019-08-24 12:52:25 - [TEST_STEP][PASSED] - symbol = symbol: null

2019-08-24 12:52:25 - [TEST_STEP][PASSED] - println(symbol): null

2019-08-24 12:52:25 - [TEST_STEP][PASSED] - if (i == 2 &amp;&amp; wildList.indexOf(symbol) != -1): null

2019-08-24 12:52:25 - [TEST_STEP][PASSED] - if (i == 3 &amp;&amp; wildList.indexOf(symbol) != -1): null

2019-08-24 12:52:25 - [TEST_STEP][PASSED] - if (i == 4 &amp;&amp; wildList.indexOf(symbol) != -1): null

2019-08-24 12:52:25 - [TEST_STEP][PASSED] - symbol = symbol: null

2019-08-24 12:52:25 - [TEST_STEP][PASSED] - println(symbol): null

2019-08-24 12:52:25 - [TEST_STEP][PASSED] - if (i == 2 &amp;&amp; wildList.indexOf(symbol) != -1): null

2019-08-24 12:52:25 - [TEST_STEP][PASSED] - if (i == 3 &amp;&amp; wildList.indexOf(symbol) != -1): null

2019-08-24 12:52:25 - [TEST_STEP][PASSED] - if (i == 4 &amp;&amp; wildList.indexOf(symbol) != -1): null

2019-08-24 12:52:25 - [TEST_STEP][PASSED] - symbol = symbol: null

2019-08-24 12:52:25 - [TEST_STEP][PASSED] - println(symbol): null

2019-08-24 12:52:25 - [TEST_STEP][PASSED] - if (i == 2 &amp;&amp; wildList.indexOf(symbol) != -1): null

2019-08-24 12:52:25 - [TEST_STEP][PASSED] - if (i == 3 &amp;&amp; wildList.indexOf(symbol) != -1): null

2019-08-24 12:52:25 - [TEST_STEP][PASSED] - if (i == 4 &amp;&amp; wildList.indexOf(symbol) != -1): null

2019-08-24 12:52:25 - [TEST_STEP][PASSED] - println("wild found on reel 5, adding counter by 1"): null

2019-08-24 12:52:25 - [TEST_STEP][PASSED] - free_spin_reel_counter[2] = free_spin_reel_counter[2] + 1: null

2019-08-24 12:52:25 - [TEST_STEP][PASSED] - free_spin_reel_counter = free_spin_reel_counter: null

2019-08-24 12:52:25 - [TEST_STEP][PASSED] - println("reel 3 wild found: " + free_spin_reel_counter[0]): null

2019-08-24 12:52:25 - [TEST_STEP][PASSED] - println("reel 4 wild found: " + free_spin_reel_counter[1]): null

2019-08-24 12:52:25 - [TEST_STEP][PASSED] - println("reel 5 wild found: " + free_spin_reel_counter[2]): null

2019-08-24 12:52:25 - [TEST_STEP][PASSED] - M4_spin_reels = M4_spin_reels: null

2019-08-24 12:52:25 - [TEST_STEP][PASSED] - M4_spin_reels_symbols = symbol: null

2019-08-24 12:52:25 - [TEST_STEP][PASSED] - M4_spin_reels_symbols = M4_spin_reels_symbols: null

2019-08-24 12:52:25 - [TEST_STEP][PASSED] - M4_spin_reel_wins = reel_wins: null

2019-08-24 12:52:25 - [TEST_STEP][PASSED] - M4_spin_reel_wins = M4_spin_reel_wins: null

2019-08-24 12:52:25 - [TEST_STEP][PASSED] - println("GlobalVariable.M4_spin_reel_wins is: " + M4_spin_reel_wins): null

2019-08-24 12:52:25 - [TEST_STEP][PASSED] - M4_spin_total_bonus_win_this_round = total_bonus_win_this_round: null

2019-08-24 12:52:25 - [TEST_STEP][PASSED] - M4_spin_total_bonus_win_this_round = M4_spin_total_bonus_win_this_round: null

2019-08-24 12:52:25 - [TEST_STEP][PASSED] - println("GlobalVariable.M4_spin_total_bonus_win_this_round is: " + M4_spin_total_bonus_win_this_round): null

2019-08-24 12:52:25 - [TEST_STEP][PASSED] - M4_spin_bonus_spin_result = spin_result: null

2019-08-24 12:52:25 - [TEST_STEP][PASSED] - M4_spin_bonus_spin_result = M4_spin_bonus_spin_result: null

2019-08-24 12:52:25 - [MESSAGE][PASSED] - Verify response successfully

2019-08-24 12:52:25 - [MESSAGE][PASSED] - Send request and verify the response successfully

2019-08-24 12:52:25 - [TEST_STEP][PASSED] - if (M4_total_bonus_spins_int != 0 &amp;&amp; M4_spin_reels_symbols[2].contains("WILD_Double") || M4_spin_reels_symbols[4].contains("WILD_Triple")): null

2019-08-24 12:52:25 - [TEST_STEP][PASSED] - free_spin_reel_counter = free_spin_reel_counter: null

2019-08-24 12:52:25 - [TEST_STEP][PASSED] - M4_spin_reels_symbols = M4_spin_reels_symbols: null

2019-08-24 12:52:25 - [TEST_STEP][PASSED] - M4_total_bonus_spins = M4_total_bonus_spins: null

2019-08-24 12:52:25 - [TEST_STEP][PASSED] - spin_result = sendRequestAndVerify(findTestObject("INT/RGS(M4)/1_M4_spin", ["M4_login_user_id":M4_login_user_id, "rgs_session_token":rgs_session_token, "partner":Partner])): Send request and verify the response successfully

2019-08-24 12:52:26 - [MESSAGE][INFO] - HAR: /Users/eiralee/Katalon_Script/SuperWild/Reports/20190824_124242/INT/superWild_4/20190824_124242/requests/main/175.har

2019-08-24 12:52:26 - [TEST_CASE][PASSED] - Start Test Case : Verification: Verification accomplished successfully

2019-08-24 12:52:26 - [TEST_STEP][PASSED] - request = getInstance().getCurrentRequest(): null

2019-08-24 12:52:26 - [TEST_STEP][PASSED] - response = getInstance().getCurrentResponse(): null

2019-08-24 12:52:26 - [TEST_STEP][PASSED] - verifyResponseStatusCode(response, 200): Verify response status code successfully

2019-08-24 12:52:26 - [MESSAGE][PASSED] - Verify response status code successfully

2019-08-24 12:52:26 - [TEST_STEP][PASSED] - getStatusCode()).isEqualTo(200): null

2019-08-24 12:52:26 - [TEST_STEP][PASSED] - newline = System.getProperty("line.separator"): null

2019-08-24 12:52:26 - [TEST_STEP][PASSED] - M4_spin = new groovy.json.JsonSlurper(): null

2019-08-24 12:52:26 - [TEST_STEP][PASSED] - result_M4_spin = M4_spin.parseText(response.getResponseBodyContent()): null

2019-08-24 12:52:26 - [TEST_STEP][PASSED] - M4_spin_current_balance = current_balance: null

2019-08-24 12:52:26 - [TEST_STEP][PASSED] - M4_spin_current_balance = M4_spin_current_balance: null

2019-08-24 12:52:26 - [TEST_STEP][PASSED] - M4_spin_transaction_id = causality: null

2019-08-24 12:52:26 - [TEST_STEP][PASSED] - M4_spin_transaction_id = M4_spin_transaction_id: null

2019-08-24 12:52:26 - [TEST_STEP][PASSED] - M4_spin_round_id = round_id: null

2019-08-24 12:52:26 - [TEST_STEP][PASSED] - M4_spin_round_id = M4_spin_round_id: null

2019-08-24 12:52:26 - [TEST_STEP][PASSED] - M4_spin_line_wins = line_wins: null

2019-08-24 12:52:26 - [TEST_STEP][PASSED] - M4_spin_line_wins = M4_spin_line_wins: null

2019-08-24 12:52:26 - [TEST_STEP][PASSED] - M4_total_bonus_spins_int = total_bonus_spins: null

2019-08-24 12:52:26 - [TEST_STEP][PASSED] - println("******M4_total_bonus_spins type is:*******" + newline + getClass().getName()): null

2019-08-24 12:52:26 - [TEST_STEP][PASSED] - M4_total_bonus_spins_int = M4_total_bonus_spins_int: null

2019-08-24 12:52:26 - [TEST_STEP][PASSED] - M4_total_bonus_spins = Integer.toString(M4_total_bonus_spins_int): null

2019-08-24 12:52:26 - [TEST_STEP][PASSED] - M4_total_bonus_spins = M4_total_bonus_spins: null

2019-08-24 12:52:26 - [TEST_STEP][PASSED] - println("M4_total_bonus_spins is:" + M4_total_bonus_spins): null

2019-08-24 12:52:26 - [TEST_STEP][PASSED] - M4_spin_bonus_data = bonus_data: null

2019-08-24 12:52:26 - [TEST_STEP][PASSED] - M4_spin_features_triggered = result_M4_spin: null

2019-08-24 12:52:26 - [TEST_STEP][PASSED] - wild = []: null

2019-08-24 12:52:26 - [TEST_STEP][PASSED] - wild[0] = "WILD_Expanding": null

2019-08-24 12:52:26 - [TEST_STEP][PASSED] - wild[1] = "WILD_Normal": null

2019-08-24 12:52:26 - [TEST_STEP][PASSED] - wild[2] = "WILD_Double": null

2019-08-24 12:52:26 - [TEST_STEP][PASSED] - wild[3] = "WILD_ExtraFG": null

2019-08-24 12:52:26 - [TEST_STEP][PASSED] - wild[4] = "WILD_Triple": null

2019-08-24 12:52:26 - [TEST_STEP][PASSED] - wildList = Arrays.asList(wild): null

2019-08-24 12:52:26 - [TEST_STEP][PASSED] - wildList = wildList: null

2019-08-24 12:52:26 - [TEST_STEP][PASSED] - free_spin_reel_counter = []: null

2019-08-24 12:52:26 - [TEST_STEP][PASSED] - free_spin_reel_counter[0] = 0: null

2019-08-24 12:52:26 - [TEST_STEP][PASSED] - free_spin_reel_counter[1] = 0: null

2019-08-24 12:52:26 - [TEST_STEP][PASSED] - free_spin_reel_counter[2] = 0: null

2019-08-24 12:52:26 - [TEST_STEP][PASSED] - M4_spin_reels = reels: null

2019-08-24 12:52:26 - [TEST_STEP][PASSED] - for ([i = 0, i &lt; M4_spin_reels.size(), (i++)]): null

2019-08-24 12:52:26 - [TEST_STEP][PASSED] - symbols = symbols: null

2019-08-24 12:52:26 - [TEST_STEP][PASSED] - for ([j = 0, j &lt; symbols.size(), (j++)]): null

2019-08-24 12:52:26 - [TEST_STEP][PASSED] - symbol = symbol: null

2019-08-24 12:52:26 - [TEST_STEP][PASSED] - println(symbol): null

2019-08-24 12:52:26 - [TEST_STEP][PASSED] - if (i == 2 &amp;&amp; wildList.indexOf(symbol) != -1): null

2019-08-24 12:52:26 - [TEST_STEP][PASSED] - if (i == 3 &amp;&amp; wildList.indexOf(symbol) != -1): null

2019-08-24 12:52:26 - [TEST_STEP][PASSED] - if (i == 4 &amp;&amp; wildList.indexOf(symbol) != -1): null

2019-08-24 12:52:26 - [TEST_STEP][PASSED] - symbol = symbol: null

2019-08-24 12:52:26 - [TEST_STEP][PASSED] - println(symbol): null

2019-08-24 12:52:26 - [TEST_STEP][PASSED] - if (i == 2 &amp;&amp; wildList.indexOf(symbol) != -1): null

2019-08-24 12:52:26 - [TEST_STEP][PASSED] - if (i == 3 &amp;&amp; wildList.indexOf(symbol) != -1): null

2019-08-24 12:52:26 - [TEST_STEP][PASSED] - if (i == 4 &amp;&amp; wildList.indexOf(symbol) != -1): null

2019-08-24 12:52:26 - [TEST_STEP][PASSED] - symbol = symbol: null

2019-08-24 12:52:26 - [TEST_STEP][PASSED] - println(symbol): null

2019-08-24 12:52:26 - [TEST_STEP][PASSED] - if (i == 2 &amp;&amp; wildList.indexOf(symbol) != -1): null

2019-08-24 12:52:26 - [TEST_STEP][PASSED] - if (i == 3 &amp;&amp; wildList.indexOf(symbol) != -1): null

2019-08-24 12:52:26 - [TEST_STEP][PASSED] - if (i == 4 &amp;&amp; wildList.indexOf(symbol) != -1): null

2019-08-24 12:52:26 - [TEST_STEP][PASSED] - symbols = symbols: null

2019-08-24 12:52:26 - [TEST_STEP][PASSED] - for ([j = 0, j &lt; symbols.size(), (j++)]): null

2019-08-24 12:52:26 - [TEST_STEP][PASSED] - symbol = symbol: null

2019-08-24 12:52:26 - [TEST_STEP][PASSED] - println(symbol): null

2019-08-24 12:52:26 - [TEST_STEP][PASSED] - if (i == 2 &amp;&amp; wildList.indexOf(symbol) != -1): null

2019-08-24 12:52:26 - [TEST_STEP][PASSED] - if (i == 3 &amp;&amp; wildList.indexOf(symbol) != -1): null

2019-08-24 12:52:26 - [TEST_STEP][PASSED] - if (i == 4 &amp;&amp; wildList.indexOf(symbol) != -1): null

2019-08-24 12:52:26 - [TEST_STEP][PASSED] - symbol = symbol: null

2019-08-24 12:52:26 - [TEST_STEP][PASSED] - println(symbol): null

2019-08-24 12:52:26 - [TEST_STEP][PASSED] - if (i == 2 &amp;&amp; wildList.indexOf(symbol) != -1): null

2019-08-24 12:52:26 - [TEST_STEP][PASSED] - if (i == 3 &amp;&amp; wildList.indexOf(symbol) != -1): null

2019-08-24 12:52:26 - [TEST_STEP][PASSED] - if (i == 4 &amp;&amp; wildList.indexOf(symbol) != -1): null

2019-08-24 12:52:26 - [TEST_STEP][PASSED] - symbol = symbol: null

2019-08-24 12:52:26 - [TEST_STEP][PASSED] - println(symbol): null

2019-08-24 12:52:26 - [TEST_STEP][PASSED] - if (i == 2 &amp;&amp; wildList.indexOf(symbol) != -1): null

2019-08-24 12:52:26 - [TEST_STEP][PASSED] - if (i == 3 &amp;&amp; wildList.indexOf(symbol) != -1): null

2019-08-24 12:52:26 - [TEST_STEP][PASSED] - if (i == 4 &amp;&amp; wildList.indexOf(symbol) != -1): null

2019-08-24 12:52:26 - [TEST_STEP][PASSED] - symbols = symbols: null

2019-08-24 12:52:26 - [TEST_STEP][PASSED] - for ([j = 0, j &lt; symbols.size(), (j++)]): null

2019-08-24 12:52:26 - [TEST_STEP][PASSED] - symbol = symbol: null

2019-08-24 12:52:26 - [TEST_STEP][PASSED] - println(symbol): null

2019-08-24 12:52:26 - [TEST_STEP][PASSED] - if (i == 2 &amp;&amp; wildList.indexOf(symbol) != -1): null

2019-08-24 12:52:26 - [TEST_STEP][PASSED] - if (i == 3 &amp;&amp; wildList.indexOf(symbol) != -1): null

2019-08-24 12:52:26 - [TEST_STEP][PASSED] - if (i == 4 &amp;&amp; wildList.indexOf(symbol) != -1): null

2019-08-24 12:52:26 - [TEST_STEP][PASSED] - symbol = symbol: null

2019-08-24 12:52:26 - [TEST_STEP][PASSED] - println(symbol): null

2019-08-24 12:52:26 - [TEST_STEP][PASSED] - if (i == 2 &amp;&amp; wildList.indexOf(symbol) != -1): null

2019-08-24 12:52:26 - [TEST_STEP][PASSED] - if (i == 3 &amp;&amp; wildList.indexOf(symbol) != -1): null

2019-08-24 12:52:26 - [TEST_STEP][PASSED] - if (i == 4 &amp;&amp; wildList.indexOf(symbol) != -1): null

2019-08-24 12:52:26 - [TEST_STEP][PASSED] - symbol = symbol: null

2019-08-24 12:52:26 - [TEST_STEP][PASSED] - println(symbol): null

2019-08-24 12:52:26 - [TEST_STEP][PASSED] - if (i == 2 &amp;&amp; wildList.indexOf(symbol) != -1): null

2019-08-24 12:52:26 - [TEST_STEP][PASSED] - if (i == 3 &amp;&amp; wildList.indexOf(symbol) != -1): null

2019-08-24 12:52:26 - [TEST_STEP][PASSED] - if (i == 4 &amp;&amp; wildList.indexOf(symbol) != -1): null

2019-08-24 12:52:26 - [TEST_STEP][PASSED] - symbols = symbols: null

2019-08-24 12:52:26 - [TEST_STEP][PASSED] - for ([j = 0, j &lt; symbols.size(), (j++)]): null

2019-08-24 12:52:26 - [TEST_STEP][PASSED] - symbol = symbol: null

2019-08-24 12:52:26 - [TEST_STEP][PASSED] - println(symbol): null

2019-08-24 12:52:26 - [TEST_STEP][PASSED] - if (i == 2 &amp;&amp; wildList.indexOf(symbol) != -1): null

2019-08-24 12:52:26 - [TEST_STEP][PASSED] - if (i == 3 &amp;&amp; wildList.indexOf(symbol) != -1): null

2019-08-24 12:52:26 - [TEST_STEP][PASSED] - println("wild found on reel 4, adding counter by 1"): null

2019-08-24 12:52:26 - [TEST_STEP][PASSED] - free_spin_reel_counter[1] = free_spin_reel_counter[1] + 1: null

2019-08-24 12:52:26 - [TEST_STEP][PASSED] - if (i == 4 &amp;&amp; wildList.indexOf(symbol) != -1): null

2019-08-24 12:52:26 - [TEST_STEP][PASSED] - symbol = symbol: null

2019-08-24 12:52:26 - [TEST_STEP][PASSED] - println(symbol): null

2019-08-24 12:52:26 - [TEST_STEP][PASSED] - if (i == 2 &amp;&amp; wildList.indexOf(symbol) != -1): null

2019-08-24 12:52:26 - [TEST_STEP][PASSED] - if (i == 3 &amp;&amp; wildList.indexOf(symbol) != -1): null

2019-08-24 12:52:26 - [TEST_STEP][PASSED] - if (i == 4 &amp;&amp; wildList.indexOf(symbol) != -1): null

2019-08-24 12:52:26 - [TEST_STEP][PASSED] - symbol = symbol: null

2019-08-24 12:52:26 - [TEST_STEP][PASSED] - println(symbol): null

2019-08-24 12:52:26 - [TEST_STEP][PASSED] - if (i == 2 &amp;&amp; wildList.indexOf(symbol) != -1): null

2019-08-24 12:52:26 - [TEST_STEP][PASSED] - if (i == 3 &amp;&amp; wildList.indexOf(symbol) != -1): null

2019-08-24 12:52:26 - [TEST_STEP][PASSED] - if (i == 4 &amp;&amp; wildList.indexOf(symbol) != -1): null

2019-08-24 12:52:26 - [TEST_STEP][PASSED] - symbols = symbols: null

2019-08-24 12:52:26 - [TEST_STEP][PASSED] - for ([j = 0, j &lt; symbols.size(), (j++)]): null

2019-08-24 12:52:26 - [TEST_STEP][PASSED] - symbol = symbol: null

2019-08-24 12:52:26 - [TEST_STEP][PASSED] - println(symbol): null

2019-08-24 12:52:26 - [TEST_STEP][PASSED] - if (i == 2 &amp;&amp; wildList.indexOf(symbol) != -1): null

2019-08-24 12:52:26 - [TEST_STEP][PASSED] - if (i == 3 &amp;&amp; wildList.indexOf(symbol) != -1): null

2019-08-24 12:52:26 - [TEST_STEP][PASSED] - if (i == 4 &amp;&amp; wildList.indexOf(symbol) != -1): null

2019-08-24 12:52:26 - [TEST_STEP][PASSED] - symbol = symbol: null

2019-08-24 12:52:26 - [TEST_STEP][PASSED] - println(symbol): null

2019-08-24 12:52:26 - [TEST_STEP][PASSED] - if (i == 2 &amp;&amp; wildList.indexOf(symbol) != -1): null

2019-08-24 12:52:26 - [TEST_STEP][PASSED] - if (i == 3 &amp;&amp; wildList.indexOf(symbol) != -1): null

2019-08-24 12:52:26 - [TEST_STEP][PASSED] - if (i == 4 &amp;&amp; wildList.indexOf(symbol) != -1): null

2019-08-24 12:52:26 - [TEST_STEP][PASSED] - symbol = symbol: null

2019-08-24 12:52:26 - [TEST_STEP][PASSED] - println(symbol): null

2019-08-24 12:52:26 - [TEST_STEP][PASSED] - if (i == 2 &amp;&amp; wildList.indexOf(symbol) != -1): null

2019-08-24 12:52:26 - [TEST_STEP][PASSED] - if (i == 3 &amp;&amp; wildList.indexOf(symbol) != -1): null

2019-08-24 12:52:26 - [TEST_STEP][PASSED] - if (i == 4 &amp;&amp; wildList.indexOf(symbol) != -1): null

2019-08-24 12:52:26 - [TEST_STEP][PASSED] - free_spin_reel_counter = free_spin_reel_counter: null

2019-08-24 12:52:26 - [TEST_STEP][PASSED] - println("reel 3 wild found: " + free_spin_reel_counter[0]): null

2019-08-24 12:52:26 - [TEST_STEP][PASSED] - println("reel 4 wild found: " + free_spin_reel_counter[1]): null

2019-08-24 12:52:26 - [TEST_STEP][PASSED] - println("reel 5 wild found: " + free_spin_reel_counter[2]): null

2019-08-24 12:52:26 - [TEST_STEP][PASSED] - M4_spin_reels = M4_spin_reels: null

2019-08-24 12:52:26 - [TEST_STEP][PASSED] - M4_spin_reels_symbols = symbol: null

2019-08-24 12:52:26 - [TEST_STEP][PASSED] - M4_spin_reels_symbols = M4_spin_reels_symbols: null

2019-08-24 12:52:26 - [TEST_STEP][PASSED] - M4_spin_reel_wins = reel_wins: null

2019-08-24 12:52:26 - [TEST_STEP][PASSED] - M4_spin_reel_wins = M4_spin_reel_wins: null

2019-08-24 12:52:26 - [TEST_STEP][PASSED] - println("GlobalVariable.M4_spin_reel_wins is: " + M4_spin_reel_wins): null

2019-08-24 12:52:26 - [TEST_STEP][PASSED] - M4_spin_total_bonus_win_this_round = total_bonus_win_this_round: null

2019-08-24 12:52:26 - [TEST_STEP][PASSED] - M4_spin_total_bonus_win_this_round = M4_spin_total_bonus_win_this_round: null

2019-08-24 12:52:26 - [TEST_STEP][PASSED] - println("GlobalVariable.M4_spin_total_bonus_win_this_round is: " + M4_spin_total_bonus_win_this_round): null

2019-08-24 12:52:26 - [TEST_STEP][PASSED] - M4_spin_bonus_spin_result = spin_result: null

2019-08-24 12:52:26 - [TEST_STEP][PASSED] - M4_spin_bonus_spin_result = M4_spin_bonus_spin_result: null

2019-08-24 12:52:26 - [MESSAGE][PASSED] - Verify response successfully

2019-08-24 12:52:26 - [MESSAGE][PASSED] - Send request and verify the response successfully

2019-08-24 12:52:26 - [TEST_STEP][PASSED] - if (M4_total_bonus_spins_int != 0 &amp;&amp; M4_spin_reels_symbols[2].contains("WILD_Double") || M4_spin_reels_symbols[4].contains("WILD_Triple")): null

2019-08-24 12:52:26 - [TEST_STEP][PASSED] - free_spin_reel_counter = free_spin_reel_counter: null

2019-08-24 12:52:26 - [TEST_STEP][PASSED] - M4_spin_reels_symbols = M4_spin_reels_symbols: null

2019-08-24 12:52:26 - [TEST_STEP][PASSED] - M4_total_bonus_spins = M4_total_bonus_spins: null

2019-08-24 12:52:26 - [TEST_STEP][PASSED] - spin_result = sendRequestAndVerify(findTestObject("INT/RGS(M4)/1_M4_spin", ["M4_login_user_id":M4_login_user_id, "rgs_session_token":rgs_session_token, "partner":Partner])): Send request and verify the response successfully

2019-08-24 12:52:27 - [MESSAGE][INFO] - HAR: /Users/eiralee/Katalon_Script/SuperWild/Reports/20190824_124242/INT/superWild_4/20190824_124242/requests/main/176.har

2019-08-24 12:52:27 - [TEST_CASE][PASSED] - Start Test Case : Verification: Verification accomplished successfully

2019-08-24 12:52:27 - [TEST_STEP][PASSED] - request = getInstance().getCurrentRequest(): null

2019-08-24 12:52:27 - [TEST_STEP][PASSED] - response = getInstance().getCurrentResponse(): null

2019-08-24 12:52:27 - [TEST_STEP][PASSED] - verifyResponseStatusCode(response, 200): Verify response status code successfully

2019-08-24 12:52:27 - [MESSAGE][PASSED] - Verify response status code successfully

2019-08-24 12:52:27 - [TEST_STEP][PASSED] - getStatusCode()).isEqualTo(200): null

2019-08-24 12:52:27 - [TEST_STEP][PASSED] - newline = System.getProperty("line.separator"): null

2019-08-24 12:52:27 - [TEST_STEP][PASSED] - M4_spin = new groovy.json.JsonSlurper(): null

2019-08-24 12:52:27 - [TEST_STEP][PASSED] - result_M4_spin = M4_spin.parseText(response.getResponseBodyContent()): null

2019-08-24 12:52:27 - [TEST_STEP][PASSED] - M4_spin_current_balance = current_balance: null

2019-08-24 12:52:27 - [TEST_STEP][PASSED] - M4_spin_current_balance = M4_spin_current_balance: null

2019-08-24 12:52:27 - [TEST_STEP][PASSED] - M4_spin_transaction_id = causality: null

2019-08-24 12:52:27 - [TEST_STEP][PASSED] - M4_spin_transaction_id = M4_spin_transaction_id: null

2019-08-24 12:52:27 - [TEST_STEP][PASSED] - M4_spin_round_id = round_id: null

2019-08-24 12:52:27 - [TEST_STEP][PASSED] - M4_spin_round_id = M4_spin_round_id: null

2019-08-24 12:52:27 - [TEST_STEP][PASSED] - M4_spin_line_wins = line_wins: null

2019-08-24 12:52:27 - [TEST_STEP][PASSED] - M4_spin_line_wins = M4_spin_line_wins: null

2019-08-24 12:52:27 - [TEST_STEP][PASSED] - M4_total_bonus_spins_int = total_bonus_spins: null

2019-08-24 12:52:27 - [TEST_STEP][PASSED] - println("******M4_total_bonus_spins type is:*******" + newline + getClass().getName()): null

2019-08-24 12:52:27 - [TEST_STEP][PASSED] - M4_total_bonus_spins_int = M4_total_bonus_spins_int: null

2019-08-24 12:52:27 - [TEST_STEP][PASSED] - M4_total_bonus_spins = Integer.toString(M4_total_bonus_spins_int): null

2019-08-24 12:52:27 - [TEST_STEP][PASSED] - M4_total_bonus_spins = M4_total_bonus_spins: null

2019-08-24 12:52:27 - [TEST_STEP][PASSED] - println("M4_total_bonus_spins is:" + M4_total_bonus_spins): null

2019-08-24 12:52:27 - [TEST_STEP][PASSED] - M4_spin_bonus_data = bonus_data: null

2019-08-24 12:52:27 - [TEST_STEP][PASSED] - M4_spin_features_triggered = result_M4_spin: null

2019-08-24 12:52:27 - [TEST_STEP][PASSED] - wild = []: null

2019-08-24 12:52:27 - [TEST_STEP][PASSED] - wild[0] = "WILD_Expanding": null

2019-08-24 12:52:27 - [TEST_STEP][PASSED] - wild[1] = "WILD_Normal": null

2019-08-24 12:52:27 - [TEST_STEP][PASSED] - wild[2] = "WILD_Double": null

2019-08-24 12:52:27 - [TEST_STEP][PASSED] - wild[3] = "WILD_ExtraFG": null

2019-08-24 12:52:27 - [TEST_STEP][PASSED] - wild[4] = "WILD_Triple": null

2019-08-24 12:52:27 - [TEST_STEP][PASSED] - wildList = Arrays.asList(wild): null

2019-08-24 12:52:31 - [TEST_STEP][PASSED] - wildList = wildList: null

2019-08-24 12:52:31 - [TEST_STEP][PASSED] - free_spin_reel_counter = []: null

2019-08-24 12:52:31 - [TEST_STEP][PASSED] - free_spin_reel_counter[0] = 0: null

2019-08-24 12:52:31 - [TEST_STEP][PASSED] - free_spin_reel_counter[1] = 0: null

2019-08-24 12:52:31 - [TEST_STEP][PASSED] - free_spin_reel_counter[2] = 0: null

2019-08-24 12:52:31 - [TEST_STEP][PASSED] - M4_spin_reels = reels: null

2019-08-24 12:52:31 - [TEST_STEP][PASSED] - for ([i = 0, i &lt; M4_spin_reels.size(), (i++)]): null

2019-08-24 12:52:31 - [TEST_STEP][PASSED] - symbols = symbols: null

2019-08-24 12:52:31 - [TEST_STEP][PASSED] - for ([j = 0, j &lt; symbols.size(), (j++)]): null

2019-08-24 12:52:31 - [TEST_STEP][PASSED] - symbol = symbol: null

2019-08-24 12:52:31 - [TEST_STEP][PASSED] - println(symbol): null

2019-08-24 12:52:31 - [TEST_STEP][PASSED] - if (i == 2 &amp;&amp; wildList.indexOf(symbol) != -1): null

2019-08-24 12:52:33 - [TEST_STEP][PASSED] - if (i == 3 &amp;&amp; wildList.indexOf(symbol) != -1): null

2019-08-24 12:52:33 - [TEST_STEP][PASSED] - if (i == 4 &amp;&amp; wildList.indexOf(symbol) != -1): null

2019-08-24 12:52:33 - [TEST_STEP][PASSED] - symbol = symbol: null

2019-08-24 12:52:33 - [TEST_STEP][PASSED] - println(symbol): null

2019-08-24 12:52:33 - [TEST_STEP][PASSED] - if (i == 2 &amp;&amp; wildList.indexOf(symbol) != -1): null

2019-08-24 12:52:33 - [TEST_STEP][PASSED] - if (i == 3 &amp;&amp; wildList.indexOf(symbol) != -1): null

2019-08-24 12:52:33 - [TEST_STEP][PASSED] - if (i == 4 &amp;&amp; wildList.indexOf(symbol) != -1): null

2019-08-24 12:52:33 - [TEST_STEP][PASSED] - symbol = symbol: null

2019-08-24 12:52:33 - [TEST_STEP][PASSED] - println(symbol): null

2019-08-24 12:52:33 - [TEST_STEP][PASSED] - if (i == 2 &amp;&amp; wildList.indexOf(symbol) != -1): null

2019-08-24 12:52:33 - [TEST_STEP][PASSED] - if (i == 3 &amp;&amp; wildList.indexOf(symbol) != -1): null

2019-08-24 12:52:33 - [TEST_STEP][PASSED] - if (i == 4 &amp;&amp; wildList.indexOf(symbol) != -1): null

2019-08-24 12:52:33 - [TEST_STEP][PASSED] - symbols = symbols: null

2019-08-24 12:52:33 - [TEST_STEP][PASSED] - for ([j = 0, j &lt; symbols.size(), (j++)]): null

2019-08-24 12:52:33 - [TEST_STEP][PASSED] - symbol = symbol: null

2019-08-24 12:52:33 - [TEST_STEP][PASSED] - println(symbol): null

2019-08-24 12:52:33 - [TEST_STEP][PASSED] - if (i == 2 &amp;&amp; wildList.indexOf(symbol) != -1): null

2019-08-24 12:52:33 - [TEST_STEP][PASSED] - if (i == 3 &amp;&amp; wildList.indexOf(symbol) != -1): null

2019-08-24 12:52:33 - [TEST_STEP][PASSED] - if (i == 4 &amp;&amp; wildList.indexOf(symbol) != -1): null

2019-08-24 12:52:33 - [TEST_STEP][PASSED] - symbol = symbol: null

2019-08-24 12:52:33 - [TEST_STEP][PASSED] - println(symbol): null

2019-08-24 12:52:33 - [TEST_STEP][PASSED] - if (i == 2 &amp;&amp; wildList.indexOf(symbol) != -1): null

2019-08-24 12:52:33 - [TEST_STEP][PASSED] - if (i == 3 &amp;&amp; wildList.indexOf(symbol) != -1): null

2019-08-24 12:52:33 - [TEST_STEP][PASSED] - if (i == 4 &amp;&amp; wildList.indexOf(symbol) != -1): null

2019-08-24 12:52:33 - [TEST_STEP][PASSED] - symbol = symbol: null

2019-08-24 12:52:33 - [TEST_STEP][PASSED] - println(symbol): null

2019-08-24 12:52:33 - [TEST_STEP][PASSED] - if (i == 2 &amp;&amp; wildList.indexOf(symbol) != -1): null

2019-08-24 12:52:33 - [TEST_STEP][PASSED] - if (i == 3 &amp;&amp; wildList.indexOf(symbol) != -1): null

2019-08-24 12:52:33 - [TEST_STEP][PASSED] - if (i == 4 &amp;&amp; wildList.indexOf(symbol) != -1): null

2019-08-24 12:52:33 - [TEST_STEP][PASSED] - symbols = symbols: null

2019-08-24 12:52:33 - [TEST_STEP][PASSED] - for ([j = 0, j &lt; symbols.size(), (j++)]): null

2019-08-24 12:52:33 - [TEST_STEP][PASSED] - symbol = symbol: null

2019-08-24 12:52:33 - [TEST_STEP][PASSED] - println(symbol): null

2019-08-24 12:52:33 - [TEST_STEP][PASSED] - if (i == 2 &amp;&amp; wildList.indexOf(symbol) != -1): null

2019-08-24 12:52:33 - [TEST_STEP][PASSED] - if (i == 3 &amp;&amp; wildList.indexOf(symbol) != -1): null

2019-08-24 12:52:33 - [TEST_STEP][PASSED] - if (i == 4 &amp;&amp; wildList.indexOf(symbol) != -1): null

2019-08-24 12:52:33 - [TEST_STEP][PASSED] - symbol = symbol: null

2019-08-24 12:52:33 - [TEST_STEP][PASSED] - println(symbol): null

2019-08-24 12:52:33 - [TEST_STEP][PASSED] - if (i == 2 &amp;&amp; wildList.indexOf(symbol) != -1): null

2019-08-24 12:52:33 - [TEST_STEP][PASSED] - if (i == 3 &amp;&amp; wildList.indexOf(symbol) != -1): null

2019-08-24 12:52:33 - [TEST_STEP][PASSED] - if (i == 4 &amp;&amp; wildList.indexOf(symbol) != -1): null

2019-08-24 12:52:33 - [TEST_STEP][PASSED] - symbol = symbol: null

2019-08-24 12:52:33 - [TEST_STEP][PASSED] - println(symbol): null

2019-08-24 12:52:33 - [TEST_STEP][PASSED] - if (i == 2 &amp;&amp; wildList.indexOf(symbol) != -1): null

2019-08-24 12:52:33 - [TEST_STEP][PASSED] - if (i == 3 &amp;&amp; wildList.indexOf(symbol) != -1): null

2019-08-24 12:52:33 - [TEST_STEP][PASSED] - if (i == 4 &amp;&amp; wildList.indexOf(symbol) != -1): null

2019-08-24 12:52:33 - [TEST_STEP][PASSED] - symbols = symbols: null

2019-08-24 12:52:33 - [TEST_STEP][PASSED] - for ([j = 0, j &lt; symbols.size(), (j++)]): null

2019-08-24 12:52:33 - [TEST_STEP][PASSED] - symbol = symbol: null

2019-08-24 12:52:33 - [TEST_STEP][PASSED] - println(symbol): null

2019-08-24 12:52:33 - [TEST_STEP][PASSED] - if (i == 2 &amp;&amp; wildList.indexOf(symbol) != -1): null

2019-08-24 12:52:33 - [TEST_STEP][PASSED] - if (i == 3 &amp;&amp; wildList.indexOf(symbol) != -1): null

2019-08-24 12:52:33 - [TEST_STEP][PASSED] - if (i == 4 &amp;&amp; wildList.indexOf(symbol) != -1): null

2019-08-24 12:52:33 - [TEST_STEP][PASSED] - symbol = symbol: null

2019-08-24 12:52:33 - [TEST_STEP][PASSED] - println(symbol): null

2019-08-24 12:52:33 - [TEST_STEP][PASSED] - if (i == 2 &amp;&amp; wildList.indexOf(symbol) != -1): null

2019-08-24 12:52:33 - [TEST_STEP][PASSED] - if (i == 3 &amp;&amp; wildList.indexOf(symbol) != -1): null

2019-08-24 12:52:33 - [TEST_STEP][PASSED] - if (i == 4 &amp;&amp; wildList.indexOf(symbol) != -1): null

2019-08-24 12:52:33 - [TEST_STEP][PASSED] - symbol = symbol: null

2019-08-24 12:52:33 - [TEST_STEP][PASSED] - println(symbol): null

2019-08-24 12:52:33 - [TEST_STEP][PASSED] - if (i == 2 &amp;&amp; wildList.indexOf(symbol) != -1): null

2019-08-24 12:52:33 - [TEST_STEP][PASSED] - if (i == 3 &amp;&amp; wildList.indexOf(symbol) != -1): null

2019-08-24 12:52:33 - [TEST_STEP][PASSED] - if (i == 4 &amp;&amp; wildList.indexOf(symbol) != -1): null

2019-08-24 12:52:33 - [TEST_STEP][PASSED] - symbols = symbols: null

2019-08-24 12:52:33 - [TEST_STEP][PASSED] - for ([j = 0, j &lt; symbols.size(), (j++)]): null

2019-08-24 12:52:33 - [TEST_STEP][PASSED] - symbol = symbol: null

2019-08-24 12:52:33 - [TEST_STEP][PASSED] - println(symbol): null

2019-08-24 12:52:33 - [TEST_STEP][PASSED] - if (i == 2 &amp;&amp; wildList.indexOf(symbol) != -1): null

2019-08-24 12:52:33 - [TEST_STEP][PASSED] - if (i == 3 &amp;&amp; wildList.indexOf(symbol) != -1): null

2019-08-24 12:52:33 - [TEST_STEP][PASSED] - if (i == 4 &amp;&amp; wildList.indexOf(symbol) != -1): null

2019-08-24 12:52:33 - [TEST_STEP][PASSED] - symbol = symbol: null

2019-08-24 12:52:33 - [TEST_STEP][PASSED] - println(symbol): null

2019-08-24 12:52:33 - [TEST_STEP][PASSED] - if (i == 2 &amp;&amp; wildList.indexOf(symbol) != -1): null

2019-08-24 12:52:33 - [TEST_STEP][PASSED] - if (i == 3 &amp;&amp; wildList.indexOf(symbol) != -1): null

2019-08-24 12:52:33 - [TEST_STEP][PASSED] - if (i == 4 &amp;&amp; wildList.indexOf(symbol) != -1): null

2019-08-24 12:52:33 - [TEST_STEP][PASSED] - symbol = symbol: null

2019-08-24 12:52:33 - [TEST_STEP][PASSED] - println(symbol): null

2019-08-24 12:52:33 - [TEST_STEP][PASSED] - if (i == 2 &amp;&amp; wildList.indexOf(symbol) != -1): null

2019-08-24 12:52:33 - [TEST_STEP][PASSED] - if (i == 3 &amp;&amp; wildList.indexOf(symbol) != -1): null

2019-08-24 12:52:33 - [TEST_STEP][PASSED] - if (i == 4 &amp;&amp; wildList.indexOf(symbol) != -1): null

2019-08-24 12:52:33 - [TEST_STEP][PASSED] - free_spin_reel_counter = free_spin_reel_counter: null

2019-08-24 12:52:33 - [TEST_STEP][PASSED] - println("reel 3 wild found: " + free_spin_reel_counter[0]): null

2019-08-24 12:52:33 - [TEST_STEP][PASSED] - println("reel 4 wild found: " + free_spin_reel_counter[1]): null

2019-08-24 12:52:33 - [TEST_STEP][PASSED] - println("reel 5 wild found: " + free_spin_reel_counter[2]): null

2019-08-24 12:52:33 - [TEST_STEP][PASSED] - M4_spin_reels = M4_spin_reels: null

2019-08-24 12:52:33 - [TEST_STEP][PASSED] - M4_spin_reels_symbols = symbol: null

2019-08-24 12:52:33 - [TEST_STEP][PASSED] - M4_spin_reels_symbols = M4_spin_reels_symbols: null

2019-08-24 12:52:33 - [TEST_STEP][PASSED] - M4_spin_reel_wins = reel_wins: null

2019-08-24 12:52:33 - [TEST_STEP][PASSED] - M4_spin_reel_wins = M4_spin_reel_wins: null

2019-08-24 12:52:33 - [TEST_STEP][PASSED] - println("GlobalVariable.M4_spin_reel_wins is: " + M4_spin_reel_wins): null

2019-08-24 12:52:33 - [TEST_STEP][PASSED] - M4_spin_total_bonus_win_this_round = total_bonus_win_this_round: null

2019-08-24 12:52:33 - [TEST_STEP][PASSED] - M4_spin_total_bonus_win_this_round = M4_spin_total_bonus_win_this_round: null

2019-08-24 12:52:33 - [TEST_STEP][PASSED] - println("GlobalVariable.M4_spin_total_bonus_win_this_round is: " + M4_spin_total_bonus_win_this_round): null

2019-08-24 12:52:33 - [TEST_STEP][PASSED] - M4_spin_bonus_spin_result = spin_result: null

2019-08-24 12:52:33 - [TEST_STEP][PASSED] - M4_spin_bonus_spin_result = M4_spin_bonus_spin_result: null

2019-08-24 12:52:33 - [MESSAGE][PASSED] - Verify response successfully

2019-08-24 12:52:33 - [MESSAGE][PASSED] - Send request and verify the response successfully

2019-08-24 12:52:33 - [TEST_STEP][PASSED] - if (M4_total_bonus_spins_int != 0 &amp;&amp; M4_spin_reels_symbols[2].contains("WILD_Double") || M4_spin_reels_symbols[4].contains("WILD_Triple")): null

2019-08-24 12:52:33 - [TEST_STEP][PASSED] - free_spin_reel_counter = free_spin_reel_counter: null

2019-08-24 12:52:33 - [TEST_STEP][PASSED] - M4_spin_reels_symbols = M4_spin_reels_symbols: null

2019-08-24 12:52:33 - [TEST_STEP][PASSED] - M4_total_bonus_spins = M4_total_bonus_spins: null

2019-08-24 12:52:33 - [TEST_STEP][PASSED] - spin_result = sendRequestAndVerify(findTestObject("INT/RGS(M4)/1_M4_spin", ["M4_login_user_id":M4_login_user_id, "rgs_session_token":rgs_session_token, "partner":Partner])): Send request and verify the response successfully

2019-08-24 12:52:34 - [MESSAGE][INFO] - HAR: /Users/eiralee/Katalon_Script/SuperWild/Reports/20190824_124242/INT/superWild_4/20190824_124242/requests/main/177.har

2019-08-24 12:52:34 - [TEST_CASE][PASSED] - Start Test Case : Verification: Verification accomplished successfully

2019-08-24 12:52:34 - [TEST_STEP][PASSED] - request = getInstance().getCurrentRequest(): null

2019-08-24 12:52:34 - [TEST_STEP][PASSED] - response = getInstance().getCurrentResponse(): null

2019-08-24 12:52:34 - [TEST_STEP][PASSED] - verifyResponseStatusCode(response, 200): Verify response status code successfully

2019-08-24 12:52:34 - [MESSAGE][PASSED] - Verify response status code successfully

2019-08-24 12:52:34 - [TEST_STEP][PASSED] - getStatusCode()).isEqualTo(200): null

2019-08-24 12:52:34 - [TEST_STEP][PASSED] - newline = System.getProperty("line.separator"): null

2019-08-24 12:52:34 - [TEST_STEP][PASSED] - M4_spin = new groovy.json.JsonSlurper(): null

2019-08-24 12:52:34 - [TEST_STEP][PASSED] - result_M4_spin = M4_spin.parseText(response.getResponseBodyContent()): null

2019-08-24 12:52:34 - [TEST_STEP][PASSED] - M4_spin_current_balance = current_balance: null

2019-08-24 12:52:34 - [TEST_STEP][PASSED] - M4_spin_current_balance = M4_spin_current_balance: null

2019-08-24 12:52:34 - [TEST_STEP][PASSED] - M4_spin_transaction_id = causality: null

2019-08-24 12:52:34 - [TEST_STEP][PASSED] - M4_spin_transaction_id = M4_spin_transaction_id: null

2019-08-24 12:52:34 - [TEST_STEP][PASSED] - M4_spin_round_id = round_id: null

2019-08-24 12:52:34 - [TEST_STEP][PASSED] - M4_spin_round_id = M4_spin_round_id: null

2019-08-24 12:52:34 - [TEST_STEP][PASSED] - M4_spin_line_wins = line_wins: null

2019-08-24 12:52:34 - [TEST_STEP][PASSED] - M4_spin_line_wins = M4_spin_line_wins: null

2019-08-24 12:52:34 - [TEST_STEP][PASSED] - M4_total_bonus_spins_int = total_bonus_spins: null

2019-08-24 12:52:34 - [TEST_STEP][PASSED] - println("******M4_total_bonus_spins type is:*******" + newline + getClass().getName()): null

2019-08-24 12:52:34 - [TEST_STEP][PASSED] - M4_total_bonus_spins_int = M4_total_bonus_spins_int: null

2019-08-24 12:52:34 - [TEST_STEP][PASSED] - M4_total_bonus_spins = Integer.toString(M4_total_bonus_spins_int): null

2019-08-24 12:52:34 - [TEST_STEP][PASSED] - M4_total_bonus_spins = M4_total_bonus_spins: null

2019-08-24 12:52:34 - [TEST_STEP][PASSED] - println("M4_total_bonus_spins is:" + M4_total_bonus_spins): null

2019-08-24 12:52:34 - [TEST_STEP][PASSED] - M4_spin_bonus_data = bonus_data: null

2019-08-24 12:52:34 - [TEST_STEP][PASSED] - M4_spin_features_triggered = result_M4_spin: null

2019-08-24 12:52:34 - [TEST_STEP][PASSED] - wild = []: null

2019-08-24 12:52:34 - [TEST_STEP][PASSED] - wild[0] = "WILD_Expanding": null

2019-08-24 12:52:34 - [TEST_STEP][PASSED] - wild[1] = "WILD_Normal": null

2019-08-24 12:52:34 - [TEST_STEP][PASSED] - wild[2] = "WILD_Double": null

2019-08-24 12:52:34 - [TEST_STEP][PASSED] - wild[3] = "WILD_ExtraFG": null

2019-08-24 12:52:34 - [TEST_STEP][PASSED] - wild[4] = "WILD_Triple": null

2019-08-24 12:52:34 - [TEST_STEP][PASSED] - wildList = Arrays.asList(wild): null

2019-08-24 12:52:34 - [TEST_STEP][PASSED] - wildList = wildList: null

2019-08-24 12:52:34 - [TEST_STEP][PASSED] - free_spin_reel_counter = []: null

2019-08-24 12:52:34 - [TEST_STEP][PASSED] - free_spin_reel_counter[0] = 0: null

2019-08-24 12:52:34 - [TEST_STEP][PASSED] - free_spin_reel_counter[1] = 0: null

2019-08-24 12:52:34 - [TEST_STEP][PASSED] - free_spin_reel_counter[2] = 0: null

2019-08-24 12:52:34 - [TEST_STEP][PASSED] - M4_spin_reels = reels: null

2019-08-24 12:52:34 - [TEST_STEP][PASSED] - for ([i = 0, i &lt; M4_spin_reels.size(), (i++)]): null

2019-08-24 12:52:34 - [TEST_STEP][PASSED] - symbols = symbols: null

2019-08-24 12:52:34 - [TEST_STEP][PASSED] - for ([j = 0, j &lt; symbols.size(), (j++)]): null

2019-08-24 12:52:34 - [TEST_STEP][PASSED] - symbol = symbol: null

2019-08-24 12:52:34 - [TEST_STEP][PASSED] - println(symbol): null

2019-08-24 12:52:34 - [TEST_STEP][PASSED] - if (i == 2 &amp;&amp; wildList.indexOf(symbol) != -1): null

2019-08-24 12:52:34 - [TEST_STEP][PASSED] - if (i == 3 &amp;&amp; wildList.indexOf(symbol) != -1): null

2019-08-24 12:52:34 - [TEST_STEP][PASSED] - if (i == 4 &amp;&amp; wildList.indexOf(symbol) != -1): null

2019-08-24 12:52:34 - [TEST_STEP][PASSED] - symbol = symbol: null

2019-08-24 12:52:34 - [TEST_STEP][PASSED] - println(symbol): null

2019-08-24 12:52:34 - [TEST_STEP][PASSED] - if (i == 2 &amp;&amp; wildList.indexOf(symbol) != -1): null

2019-08-24 12:52:34 - [TEST_STEP][PASSED] - if (i == 3 &amp;&amp; wildList.indexOf(symbol) != -1): null

2019-08-24 12:52:34 - [TEST_STEP][PASSED] - if (i == 4 &amp;&amp; wildList.indexOf(symbol) != -1): null

2019-08-24 12:52:34 - [TEST_STEP][PASSED] - symbol = symbol: null

2019-08-24 12:52:34 - [TEST_STEP][PASSED] - println(symbol): null

2019-08-24 12:52:34 - [TEST_STEP][PASSED] - if (i == 2 &amp;&amp; wildList.indexOf(symbol) != -1): null

2019-08-24 12:52:34 - [TEST_STEP][PASSED] - if (i == 3 &amp;&amp; wildList.indexOf(symbol) != -1): null

2019-08-24 12:52:34 - [TEST_STEP][PASSED] - if (i == 4 &amp;&amp; wildList.indexOf(symbol) != -1): null

2019-08-24 12:52:34 - [TEST_STEP][PASSED] - symbols = symbols: null

2019-08-24 12:52:34 - [TEST_STEP][PASSED] - for ([j = 0, j &lt; symbols.size(), (j++)]): null

2019-08-24 12:52:34 - [TEST_STEP][PASSED] - symbol = symbol: null

2019-08-24 12:52:34 - [TEST_STEP][PASSED] - println(symbol): null

2019-08-24 12:52:34 - [TEST_STEP][PASSED] - if (i == 2 &amp;&amp; wildList.indexOf(symbol) != -1): null

2019-08-24 12:52:34 - [TEST_STEP][PASSED] - if (i == 3 &amp;&amp; wildList.indexOf(symbol) != -1): null

2019-08-24 12:52:34 - [TEST_STEP][PASSED] - if (i == 4 &amp;&amp; wildList.indexOf(symbol) != -1): null

2019-08-24 12:52:34 - [TEST_STEP][PASSED] - symbol = symbol: null

2019-08-24 12:52:34 - [TEST_STEP][PASSED] - println(symbol): null

2019-08-24 12:52:34 - [TEST_STEP][PASSED] - if (i == 2 &amp;&amp; wildList.indexOf(symbol) != -1): null

2019-08-24 12:52:34 - [TEST_STEP][PASSED] - if (i == 3 &amp;&amp; wildList.indexOf(symbol) != -1): null

2019-08-24 12:52:34 - [TEST_STEP][PASSED] - if (i == 4 &amp;&amp; wildList.indexOf(symbol) != -1): null

2019-08-24 12:52:34 - [TEST_STEP][PASSED] - symbol = symbol: null

2019-08-24 12:52:34 - [TEST_STEP][PASSED] - println(symbol): null

2019-08-24 12:52:34 - [TEST_STEP][PASSED] - if (i == 2 &amp;&amp; wildList.indexOf(symbol) != -1): null

2019-08-24 12:52:34 - [TEST_STEP][PASSED] - if (i == 3 &amp;&amp; wildList.indexOf(symbol) != -1): null

2019-08-24 12:52:34 - [TEST_STEP][PASSED] - if (i == 4 &amp;&amp; wildList.indexOf(symbol) != -1): null

2019-08-24 12:52:34 - [TEST_STEP][PASSED] - symbols = symbols: null

2019-08-24 12:52:34 - [TEST_STEP][PASSED] - for ([j = 0, j &lt; symbols.size(), (j++)]): null

2019-08-24 12:52:34 - [TEST_STEP][PASSED] - symbol = symbol: null

2019-08-24 12:52:34 - [TEST_STEP][PASSED] - println(symbol): null

2019-08-24 12:52:34 - [TEST_STEP][PASSED] - if (i == 2 &amp;&amp; wildList.indexOf(symbol) != -1): null

2019-08-24 12:52:34 - [TEST_STEP][PASSED] - if (i == 3 &amp;&amp; wildList.indexOf(symbol) != -1): null

2019-08-24 12:52:34 - [TEST_STEP][PASSED] - if (i == 4 &amp;&amp; wildList.indexOf(symbol) != -1): null

2019-08-24 12:52:34 - [TEST_STEP][PASSED] - symbol = symbol: null

2019-08-24 12:52:34 - [TEST_STEP][PASSED] - println(symbol): null

2019-08-24 12:52:34 - [TEST_STEP][PASSED] - if (i == 2 &amp;&amp; wildList.indexOf(symbol) != -1): null

2019-08-24 12:52:34 - [TEST_STEP][PASSED] - if (i == 3 &amp;&amp; wildList.indexOf(symbol) != -1): null

2019-08-24 12:52:34 - [TEST_STEP][PASSED] - if (i == 4 &amp;&amp; wildList.indexOf(symbol) != -1): null

2019-08-24 12:52:34 - [TEST_STEP][PASSED] - symbol = symbol: null

2019-08-24 12:52:34 - [TEST_STEP][PASSED] - println(symbol): null

2019-08-24 12:52:34 - [TEST_STEP][PASSED] - if (i == 2 &amp;&amp; wildList.indexOf(symbol) != -1): null

2019-08-24 12:52:34 - [TEST_STEP][PASSED] - if (i == 3 &amp;&amp; wildList.indexOf(symbol) != -1): null

2019-08-24 12:52:34 - [TEST_STEP][PASSED] - if (i == 4 &amp;&amp; wildList.indexOf(symbol) != -1): null

2019-08-24 12:52:34 - [TEST_STEP][PASSED] - symbols = symbols: null

2019-08-24 12:52:34 - [TEST_STEP][PASSED] - for ([j = 0, j &lt; symbols.size(), (j++)]): null

2019-08-24 12:52:34 - [TEST_STEP][PASSED] - symbol = symbol: null

2019-08-24 12:52:34 - [TEST_STEP][PASSED] - println(symbol): null

2019-08-24 12:52:34 - [TEST_STEP][PASSED] - if (i == 2 &amp;&amp; wildList.indexOf(symbol) != -1): null

2019-08-24 12:52:34 - [TEST_STEP][PASSED] - if (i == 3 &amp;&amp; wildList.indexOf(symbol) != -1): null

2019-08-24 12:52:34 - [TEST_STEP][PASSED] - if (i == 4 &amp;&amp; wildList.indexOf(symbol) != -1): null

2019-08-24 12:52:34 - [TEST_STEP][PASSED] - symbol = symbol: null

2019-08-24 12:52:34 - [TEST_STEP][PASSED] - println(symbol): null

2019-08-24 12:52:34 - [TEST_STEP][PASSED] - if (i == 2 &amp;&amp; wildList.indexOf(symbol) != -1): null

2019-08-24 12:52:34 - [TEST_STEP][PASSED] - if (i == 3 &amp;&amp; wildList.indexOf(symbol) != -1): null

2019-08-24 12:52:34 - [TEST_STEP][PASSED] - if (i == 4 &amp;&amp; wildList.indexOf(symbol) != -1): null

2019-08-24 12:52:34 - [TEST_STEP][PASSED] - symbol = symbol: null

2019-08-24 12:52:34 - [TEST_STEP][PASSED] - println(symbol): null

2019-08-24 12:52:34 - [TEST_STEP][PASSED] - if (i == 2 &amp;&amp; wildList.indexOf(symbol) != -1): null

2019-08-24 12:52:34 - [TEST_STEP][PASSED] - if (i == 3 &amp;&amp; wildList.indexOf(symbol) != -1): null

2019-08-24 12:52:34 - [TEST_STEP][PASSED] - if (i == 4 &amp;&amp; wildList.indexOf(symbol) != -1): null

2019-08-24 12:52:34 - [TEST_STEP][PASSED] - symbols = symbols: null

2019-08-24 12:52:34 - [TEST_STEP][PASSED] - for ([j = 0, j &lt; symbols.size(), (j++)]): null

2019-08-24 12:52:34 - [TEST_STEP][PASSED] - symbol = symbol: null

2019-08-24 12:52:34 - [TEST_STEP][PASSED] - println(symbol): null

2019-08-24 12:52:34 - [TEST_STEP][PASSED] - if (i == 2 &amp;&amp; wildList.indexOf(symbol) != -1): null

2019-08-24 12:52:34 - [TEST_STEP][PASSED] - if (i == 3 &amp;&amp; wildList.indexOf(symbol) != -1): null

2019-08-24 12:52:34 - [TEST_STEP][PASSED] - if (i == 4 &amp;&amp; wildList.indexOf(symbol) != -1): null

2019-08-24 12:52:34 - [TEST_STEP][PASSED] - symbol = symbol: null

2019-08-24 12:52:34 - [TEST_STEP][PASSED] - println(symbol): null

2019-08-24 12:52:34 - [TEST_STEP][PASSED] - if (i == 2 &amp;&amp; wildList.indexOf(symbol) != -1): null

2019-08-24 12:52:34 - [TEST_STEP][PASSED] - if (i == 3 &amp;&amp; wildList.indexOf(symbol) != -1): null

2019-08-24 12:52:34 - [TEST_STEP][PASSED] - if (i == 4 &amp;&amp; wildList.indexOf(symbol) != -1): null

2019-08-24 12:52:34 - [TEST_STEP][PASSED] - symbol = symbol: null

2019-08-24 12:52:34 - [TEST_STEP][PASSED] - println(symbol): null

2019-08-24 12:52:34 - [TEST_STEP][PASSED] - if (i == 2 &amp;&amp; wildList.indexOf(symbol) != -1): null

2019-08-24 12:52:34 - [TEST_STEP][PASSED] - if (i == 3 &amp;&amp; wildList.indexOf(symbol) != -1): null

2019-08-24 12:52:34 - [TEST_STEP][PASSED] - if (i == 4 &amp;&amp; wildList.indexOf(symbol) != -1): null

2019-08-24 12:52:34 - [TEST_STEP][PASSED] - free_spin_reel_counter = free_spin_reel_counter: null

2019-08-24 12:52:34 - [TEST_STEP][PASSED] - println("reel 3 wild found: " + free_spin_reel_counter[0]): null

2019-08-24 12:52:34 - [TEST_STEP][PASSED] - println("reel 4 wild found: " + free_spin_reel_counter[1]): null

2019-08-24 12:52:34 - [TEST_STEP][PASSED] - println("reel 5 wild found: " + free_spin_reel_counter[2]): null

2019-08-24 12:52:34 - [TEST_STEP][PASSED] - M4_spin_reels = M4_spin_reels: null

2019-08-24 12:52:34 - [TEST_STEP][PASSED] - M4_spin_reels_symbols = symbol: null

2019-08-24 12:52:34 - [TEST_STEP][PASSED] - M4_spin_reels_symbols = M4_spin_reels_symbols: null

2019-08-24 12:52:34 - [TEST_STEP][PASSED] - M4_spin_reel_wins = reel_wins: null

2019-08-24 12:52:34 - [TEST_STEP][PASSED] - M4_spin_reel_wins = M4_spin_reel_wins: null

2019-08-24 12:52:34 - [TEST_STEP][PASSED] - println("GlobalVariable.M4_spin_reel_wins is: " + M4_spin_reel_wins): null

2019-08-24 12:52:34 - [TEST_STEP][PASSED] - M4_spin_total_bonus_win_this_round = total_bonus_win_this_round: null

2019-08-24 12:52:34 - [TEST_STEP][PASSED] - M4_spin_total_bonus_win_this_round = M4_spin_total_bonus_win_this_round: null

2019-08-24 12:52:34 - [TEST_STEP][PASSED] - println("GlobalVariable.M4_spin_total_bonus_win_this_round is: " + M4_spin_total_bonus_win_this_round): null

2019-08-24 12:52:34 - [TEST_STEP][PASSED] - M4_spin_bonus_spin_result = spin_result: null

2019-08-24 12:52:34 - [TEST_STEP][PASSED] - M4_spin_bonus_spin_result = M4_spin_bonus_spin_result: null

2019-08-24 12:52:34 - [MESSAGE][PASSED] - Verify response successfully

2019-08-24 12:52:34 - [MESSAGE][PASSED] - Send request and verify the response successfully

2019-08-24 12:52:34 - [TEST_STEP][PASSED] - if (M4_total_bonus_spins_int != 0 &amp;&amp; M4_spin_reels_symbols[2].contains("WILD_Double") || M4_spin_reels_symbols[4].contains("WILD_Triple")): null

2019-08-24 12:52:34 - [TEST_STEP][PASSED] - free_spin_reel_counter = free_spin_reel_counter: null

2019-08-24 12:52:34 - [TEST_STEP][PASSED] - M4_spin_reels_symbols = M4_spin_reels_symbols: null

2019-08-24 12:52:34 - [TEST_STEP][PASSED] - M4_total_bonus_spins = M4_total_bonus_spins: null

2019-08-24 12:52:34 - [TEST_STEP][PASSED] - spin_result = sendRequestAndVerify(findTestObject("INT/RGS(M4)/1_M4_spin", ["M4_login_user_id":M4_login_user_id, "rgs_session_token":rgs_session_token, "partner":Partner])): Send request and verify the response successfully

2019-08-24 12:52:34 - [MESSAGE][INFO] - HAR: /Users/eiralee/Katalon_Script/SuperWild/Reports/20190824_124242/INT/superWild_4/20190824_124242/requests/main/178.har

2019-08-24 12:52:34 - [TEST_CASE][PASSED] - Start Test Case : Verification: Verification accomplished successfully

2019-08-24 12:52:34 - [TEST_STEP][PASSED] - request = getInstance().getCurrentRequest(): null

2019-08-24 12:52:34 - [TEST_STEP][PASSED] - response = getInstance().getCurrentResponse(): null

2019-08-24 12:52:34 - [TEST_STEP][PASSED] - verifyResponseStatusCode(response, 200): Verify response status code successfully

2019-08-24 12:52:34 - [MESSAGE][PASSED] - Verify response status code successfully

2019-08-24 12:52:34 - [TEST_STEP][PASSED] - getStatusCode()).isEqualTo(200): null

2019-08-24 12:52:34 - [TEST_STEP][PASSED] - newline = System.getProperty("line.separator"): null

2019-08-24 12:52:34 - [TEST_STEP][PASSED] - M4_spin = new groovy.json.JsonSlurper(): null

2019-08-24 12:52:34 - [TEST_STEP][PASSED] - result_M4_spin = M4_spin.parseText(response.getResponseBodyContent()): null

2019-08-24 12:52:34 - [TEST_STEP][PASSED] - M4_spin_current_balance = current_balance: null

2019-08-24 12:52:34 - [TEST_STEP][PASSED] - M4_spin_current_balance = M4_spin_current_balance: null

2019-08-24 12:52:34 - [TEST_STEP][PASSED] - M4_spin_transaction_id = causality: null

2019-08-24 12:52:34 - [TEST_STEP][PASSED] - M4_spin_transaction_id = M4_spin_transaction_id: null

2019-08-24 12:52:34 - [TEST_STEP][PASSED] - M4_spin_round_id = round_id: null

2019-08-24 12:52:34 - [TEST_STEP][PASSED] - M4_spin_round_id = M4_spin_round_id: null

2019-08-24 12:52:34 - [TEST_STEP][PASSED] - M4_spin_line_wins = line_wins: null

2019-08-24 12:52:34 - [TEST_STEP][PASSED] - M4_spin_line_wins = M4_spin_line_wins: null

2019-08-24 12:52:34 - [TEST_STEP][PASSED] - M4_total_bonus_spins_int = total_bonus_spins: null

2019-08-24 12:52:34 - [TEST_STEP][PASSED] - println("******M4_total_bonus_spins type is:*******" + newline + getClass().getName()): null

2019-08-24 12:52:34 - [TEST_STEP][PASSED] - M4_total_bonus_spins_int = M4_total_bonus_spins_int: null

2019-08-24 12:52:34 - [TEST_STEP][PASSED] - M4_total_bonus_spins = Integer.toString(M4_total_bonus_spins_int): null

2019-08-24 12:52:34 - [TEST_STEP][PASSED] - M4_total_bonus_spins = M4_total_bonus_spins: null

2019-08-24 12:52:34 - [TEST_STEP][PASSED] - println("M4_total_bonus_spins is:" + M4_total_bonus_spins): null

2019-08-24 12:52:34 - [TEST_STEP][PASSED] - M4_spin_bonus_data = bonus_data: null

2019-08-24 12:52:34 - [TEST_STEP][PASSED] - M4_spin_features_triggered = result_M4_spin: null

2019-08-24 12:52:34 - [TEST_STEP][PASSED] - wild = []: null

2019-08-24 12:52:34 - [TEST_STEP][PASSED] - wild[0] = "WILD_Expanding": null

2019-08-24 12:52:34 - [TEST_STEP][PASSED] - wild[1] = "WILD_Normal": null

2019-08-24 12:52:34 - [TEST_STEP][PASSED] - wild[2] = "WILD_Double": null

2019-08-24 12:52:34 - [TEST_STEP][PASSED] - wild[3] = "WILD_ExtraFG": null

2019-08-24 12:52:34 - [TEST_STEP][PASSED] - wild[4] = "WILD_Triple": null

2019-08-24 12:52:34 - [TEST_STEP][PASSED] - wildList = Arrays.asList(wild): null

2019-08-24 12:52:34 - [TEST_STEP][PASSED] - wildList = wildList: null

2019-08-24 12:52:34 - [TEST_STEP][PASSED] - free_spin_reel_counter = []: null

2019-08-24 12:52:34 - [TEST_STEP][PASSED] - free_spin_reel_counter[0] = 0: null

2019-08-24 12:52:34 - [TEST_STEP][PASSED] - free_spin_reel_counter[1] = 0: null

2019-08-24 12:52:34 - [TEST_STEP][PASSED] - free_spin_reel_counter[2] = 0: null

2019-08-24 12:52:34 - [TEST_STEP][PASSED] - M4_spin_reels = reels: null

2019-08-24 12:52:34 - [TEST_STEP][PASSED] - for ([i = 0, i &lt; M4_spin_reels.size(), (i++)]): null

2019-08-24 12:52:34 - [TEST_STEP][PASSED] - symbols = symbols: null

2019-08-24 12:52:34 - [TEST_STEP][PASSED] - for ([j = 0, j &lt; symbols.size(), (j++)]): null

2019-08-24 12:52:34 - [TEST_STEP][PASSED] - symbol = symbol: null

2019-08-24 12:52:34 - [TEST_STEP][PASSED] - println(symbol): null

2019-08-24 12:52:34 - [TEST_STEP][PASSED] - if (i == 2 &amp;&amp; wildList.indexOf(symbol) != -1): null

2019-08-24 12:52:34 - [TEST_STEP][PASSED] - if (i == 3 &amp;&amp; wildList.indexOf(symbol) != -1): null

2019-08-24 12:52:34 - [TEST_STEP][PASSED] - if (i == 4 &amp;&amp; wildList.indexOf(symbol) != -1): null

2019-08-24 12:52:34 - [TEST_STEP][PASSED] - symbol = symbol: null

2019-08-24 12:52:34 - [TEST_STEP][PASSED] - println(symbol): null

2019-08-24 12:52:34 - [TEST_STEP][PASSED] - if (i == 2 &amp;&amp; wildList.indexOf(symbol) != -1): null

2019-08-24 12:52:34 - [TEST_STEP][PASSED] - if (i == 3 &amp;&amp; wildList.indexOf(symbol) != -1): null

2019-08-24 12:52:34 - [TEST_STEP][PASSED] - if (i == 4 &amp;&amp; wildList.indexOf(symbol) != -1): null

2019-08-24 12:52:34 - [TEST_STEP][PASSED] - symbol = symbol: null

2019-08-24 12:52:34 - [TEST_STEP][PASSED] - println(symbol): null

2019-08-24 12:52:34 - [TEST_STEP][PASSED] - if (i == 2 &amp;&amp; wildList.indexOf(symbol) != -1): null

2019-08-24 12:52:34 - [TEST_STEP][PASSED] - if (i == 3 &amp;&amp; wildList.indexOf(symbol) != -1): null

2019-08-24 12:52:34 - [TEST_STEP][PASSED] - if (i == 4 &amp;&amp; wildList.indexOf(symbol) != -1): null

2019-08-24 12:52:34 - [TEST_STEP][PASSED] - symbols = symbols: null

2019-08-24 12:52:34 - [TEST_STEP][PASSED] - for ([j = 0, j &lt; symbols.size(), (j++)]): null

2019-08-24 12:52:34 - [TEST_STEP][PASSED] - symbol = symbol: null

2019-08-24 12:52:34 - [TEST_STEP][PASSED] - println(symbol): null

2019-08-24 12:52:34 - [TEST_STEP][PASSED] - if (i == 2 &amp;&amp; wildList.indexOf(symbol) != -1): null

2019-08-24 12:52:34 - [TEST_STEP][PASSED] - if (i == 3 &amp;&amp; wildList.indexOf(symbol) != -1): null

2019-08-24 12:52:34 - [TEST_STEP][PASSED] - if (i == 4 &amp;&amp; wildList.indexOf(symbol) != -1): null

2019-08-24 12:52:34 - [TEST_STEP][PASSED] - symbol = symbol: null

2019-08-24 12:52:34 - [TEST_STEP][PASSED] - println(symbol): null

2019-08-24 12:52:34 - [TEST_STEP][PASSED] - if (i == 2 &amp;&amp; wildList.indexOf(symbol) != -1): null

2019-08-24 12:52:34 - [TEST_STEP][PASSED] - if (i == 3 &amp;&amp; wildList.indexOf(symbol) != -1): null

2019-08-24 12:52:34 - [TEST_STEP][PASSED] - if (i == 4 &amp;&amp; wildList.indexOf(symbol) != -1): null

2019-08-24 12:52:34 - [TEST_STEP][PASSED] - symbol = symbol: null

2019-08-24 12:52:34 - [TEST_STEP][PASSED] - println(symbol): null

2019-08-24 12:52:34 - [TEST_STEP][PASSED] - if (i == 2 &amp;&amp; wildList.indexOf(symbol) != -1): null

2019-08-24 12:52:34 - [TEST_STEP][PASSED] - if (i == 3 &amp;&amp; wildList.indexOf(symbol) != -1): null

2019-08-24 12:52:34 - [TEST_STEP][PASSED] - if (i == 4 &amp;&amp; wildList.indexOf(symbol) != -1): null

2019-08-24 12:52:38 - [TEST_STEP][PASSED] - symbols = symbols: null

2019-08-24 12:52:38 - [TEST_STEP][PASSED] - for ([j = 0, j &lt; symbols.size(), (j++)]): null

2019-08-24 12:52:38 - [TEST_STEP][PASSED] - symbol = symbol: null

2019-08-24 12:52:38 - [TEST_STEP][PASSED] - println(symbol): null

2019-08-24 12:52:38 - [TEST_STEP][PASSED] - if (i == 2 &amp;&amp; wildList.indexOf(symbol) != -1): null

2019-08-24 12:52:38 - [TEST_STEP][PASSED] - if (i == 3 &amp;&amp; wildList.indexOf(symbol) != -1): null

2019-08-24 12:52:38 - [TEST_STEP][PASSED] - if (i == 4 &amp;&amp; wildList.indexOf(symbol) != -1): null

2019-08-24 12:52:38 - [TEST_STEP][PASSED] - symbol = symbol: null

2019-08-24 12:52:38 - [TEST_STEP][PASSED] - println(symbol): null

2019-08-24 12:52:38 - [TEST_STEP][PASSED] - if (i == 2 &amp;&amp; wildList.indexOf(symbol) != -1): null

2019-08-24 12:52:38 - [TEST_STEP][PASSED] - if (i == 3 &amp;&amp; wildList.indexOf(symbol) != -1): null

2019-08-24 12:52:41 - [TEST_STEP][PASSED] - if (i == 4 &amp;&amp; wildList.indexOf(symbol) != -1): null

2019-08-24 12:52:41 - [TEST_STEP][PASSED] - symbol = symbol: null

2019-08-24 12:52:41 - [TEST_STEP][PASSED] - println(symbol): null

2019-08-24 12:52:41 - [TEST_STEP][PASSED] - if (i == 2 &amp;&amp; wildList.indexOf(symbol) != -1): null

2019-08-24 12:52:41 - [TEST_STEP][PASSED] - if (i == 3 &amp;&amp; wildList.indexOf(symbol) != -1): null

2019-08-24 12:52:41 - [TEST_STEP][PASSED] - if (i == 4 &amp;&amp; wildList.indexOf(symbol) != -1): null

2019-08-24 12:52:41 - [TEST_STEP][PASSED] - symbols = symbols: null

2019-08-24 12:52:41 - [TEST_STEP][PASSED] - for ([j = 0, j &lt; symbols.size(), (j++)]): null

2019-08-24 12:52:41 - [TEST_STEP][PASSED] - symbol = symbol: null

2019-08-24 12:52:41 - [TEST_STEP][PASSED] - println(symbol): null

2019-08-24 12:52:41 - [TEST_STEP][PASSED] - if (i == 2 &amp;&amp; wildList.indexOf(symbol) != -1): null

2019-08-24 12:52:41 - [TEST_STEP][PASSED] - if (i == 3 &amp;&amp; wildList.indexOf(symbol) != -1): null

2019-08-24 12:52:41 - [TEST_STEP][PASSED] - if (i == 4 &amp;&amp; wildList.indexOf(symbol) != -1): null

2019-08-24 12:52:41 - [TEST_STEP][PASSED] - symbol = symbol: null

2019-08-24 12:52:41 - [TEST_STEP][PASSED] - println(symbol): null

2019-08-24 12:52:41 - [TEST_STEP][PASSED] - if (i == 2 &amp;&amp; wildList.indexOf(symbol) != -1): null

2019-08-24 12:52:41 - [TEST_STEP][PASSED] - if (i == 3 &amp;&amp; wildList.indexOf(symbol) != -1): null

2019-08-24 12:52:41 - [TEST_STEP][PASSED] - if (i == 4 &amp;&amp; wildList.indexOf(symbol) != -1): null

2019-08-24 12:52:41 - [TEST_STEP][PASSED] - symbol = symbol: null

2019-08-24 12:52:41 - [TEST_STEP][PASSED] - println(symbol): null

2019-08-24 12:52:41 - [TEST_STEP][PASSED] - if (i == 2 &amp;&amp; wildList.indexOf(symbol) != -1): null

2019-08-24 12:52:41 - [TEST_STEP][PASSED] - if (i == 3 &amp;&amp; wildList.indexOf(symbol) != -1): null

2019-08-24 12:52:41 - [TEST_STEP][PASSED] - println("wild found on reel 4, adding counter by 1"): null

2019-08-24 12:52:41 - [TEST_STEP][PASSED] - free_spin_reel_counter[1] = free_spin_reel_counter[1] + 1: null

2019-08-24 12:52:41 - [TEST_STEP][PASSED] - if (i == 4 &amp;&amp; wildList.indexOf(symbol) != -1): null

2019-08-24 12:52:41 - [TEST_STEP][PASSED] - symbols = symbols: null

2019-08-24 12:52:41 - [TEST_STEP][PASSED] - for ([j = 0, j &lt; symbols.size(), (j++)]): null

2019-08-24 12:52:41 - [TEST_STEP][PASSED] - symbol = symbol: null

2019-08-24 12:52:41 - [TEST_STEP][PASSED] - println(symbol): null

2019-08-24 12:52:41 - [TEST_STEP][PASSED] - if (i == 2 &amp;&amp; wildList.indexOf(symbol) != -1): null

2019-08-24 12:52:41 - [TEST_STEP][PASSED] - if (i == 3 &amp;&amp; wildList.indexOf(symbol) != -1): null

2019-08-24 12:52:41 - [TEST_STEP][PASSED] - if (i == 4 &amp;&amp; wildList.indexOf(symbol) != -1): null

2019-08-24 12:52:41 - [TEST_STEP][PASSED] - symbol = symbol: null

2019-08-24 12:52:41 - [TEST_STEP][PASSED] - println(symbol): null

2019-08-24 12:52:41 - [TEST_STEP][PASSED] - if (i == 2 &amp;&amp; wildList.indexOf(symbol) != -1): null

2019-08-24 12:52:41 - [TEST_STEP][PASSED] - if (i == 3 &amp;&amp; wildList.indexOf(symbol) != -1): null

2019-08-24 12:52:41 - [TEST_STEP][PASSED] - if (i == 4 &amp;&amp; wildList.indexOf(symbol) != -1): null

2019-08-24 12:52:41 - [TEST_STEP][PASSED] - symbol = symbol: null

2019-08-24 12:52:41 - [TEST_STEP][PASSED] - println(symbol): null

2019-08-24 12:52:41 - [TEST_STEP][PASSED] - if (i == 2 &amp;&amp; wildList.indexOf(symbol) != -1): null

2019-08-24 12:52:41 - [TEST_STEP][PASSED] - if (i == 3 &amp;&amp; wildList.indexOf(symbol) != -1): null

2019-08-24 12:52:41 - [TEST_STEP][PASSED] - if (i == 4 &amp;&amp; wildList.indexOf(symbol) != -1): null

2019-08-24 12:52:41 - [TEST_STEP][PASSED] - free_spin_reel_counter = free_spin_reel_counter: null

2019-08-24 12:52:41 - [TEST_STEP][PASSED] - println("reel 3 wild found: " + free_spin_reel_counter[0]): null

2019-08-24 12:52:41 - [TEST_STEP][PASSED] - println("reel 4 wild found: " + free_spin_reel_counter[1]): null

2019-08-24 12:52:41 - [TEST_STEP][PASSED] - println("reel 5 wild found: " + free_spin_reel_counter[2]): null

2019-08-24 12:52:41 - [TEST_STEP][PASSED] - M4_spin_reels = M4_spin_reels: null

2019-08-24 12:52:41 - [TEST_STEP][PASSED] - M4_spin_reels_symbols = symbol: null

2019-08-24 12:52:41 - [TEST_STEP][PASSED] - M4_spin_reels_symbols = M4_spin_reels_symbols: null

2019-08-24 12:52:41 - [TEST_STEP][PASSED] - M4_spin_reel_wins = reel_wins: null

2019-08-24 12:52:41 - [TEST_STEP][PASSED] - M4_spin_reel_wins = M4_spin_reel_wins: null

2019-08-24 12:52:41 - [TEST_STEP][PASSED] - println("GlobalVariable.M4_spin_reel_wins is: " + M4_spin_reel_wins): null

2019-08-24 12:52:41 - [TEST_STEP][PASSED] - M4_spin_total_bonus_win_this_round = total_bonus_win_this_round: null

2019-08-24 12:52:41 - [TEST_STEP][PASSED] - M4_spin_total_bonus_win_this_round = M4_spin_total_bonus_win_this_round: null

2019-08-24 12:52:41 - [TEST_STEP][PASSED] - println("GlobalVariable.M4_spin_total_bonus_win_this_round is: " + M4_spin_total_bonus_win_this_round): null

2019-08-24 12:52:41 - [TEST_STEP][PASSED] - M4_spin_bonus_spin_result = spin_result: null

2019-08-24 12:52:41 - [TEST_STEP][PASSED] - M4_spin_bonus_spin_result = M4_spin_bonus_spin_result: null

2019-08-24 12:52:41 - [MESSAGE][PASSED] - Verify response successfully

2019-08-24 12:52:41 - [MESSAGE][PASSED] - Send request and verify the response successfully

2019-08-24 12:52:41 - [TEST_STEP][PASSED] - if (M4_total_bonus_spins_int != 0 &amp;&amp; M4_spin_reels_symbols[2].contains("WILD_Double") || M4_spin_reels_symbols[4].contains("WILD_Triple")): null

2019-08-24 12:52:41 - [TEST_STEP][PASSED] - free_spin_reel_counter = free_spin_reel_counter: null

2019-08-24 12:52:41 - [TEST_STEP][PASSED] - M4_spin_reels_symbols = M4_spin_reels_symbols: null

2019-08-24 12:52:41 - [TEST_STEP][PASSED] - M4_total_bonus_spins = M4_total_bonus_spins: null

2019-08-24 12:52:41 - [TEST_STEP][PASSED] - spin_result = sendRequestAndVerify(findTestObject("INT/RGS(M4)/1_M4_spin", ["M4_login_user_id":M4_login_user_id, "rgs_session_token":rgs_session_token, "partner":Partner])): Send request and verify the response successfully

2019-08-24 12:52:42 - [MESSAGE][INFO] - HAR: /Users/eiralee/Katalon_Script/SuperWild/Reports/20190824_124242/INT/superWild_4/20190824_124242/requests/main/179.har

2019-08-24 12:52:42 - [TEST_CASE][PASSED] - Start Test Case : Verification: Verification accomplished successfully

2019-08-24 12:52:42 - [TEST_STEP][PASSED] - request = getInstance().getCurrentRequest(): null

2019-08-24 12:52:42 - [TEST_STEP][PASSED] - response = getInstance().getCurrentResponse(): null

2019-08-24 12:52:42 - [TEST_STEP][PASSED] - verifyResponseStatusCode(response, 200): Verify response status code successfully

2019-08-24 12:52:42 - [MESSAGE][PASSED] - Verify response status code successfully

2019-08-24 12:52:42 - [TEST_STEP][PASSED] - getStatusCode()).isEqualTo(200): null

2019-08-24 12:52:42 - [TEST_STEP][PASSED] - newline = System.getProperty("line.separator"): null

2019-08-24 12:52:42 - [TEST_STEP][PASSED] - M4_spin = new groovy.json.JsonSlurper(): null

2019-08-24 12:52:42 - [TEST_STEP][PASSED] - result_M4_spin = M4_spin.parseText(response.getResponseBodyContent()): null

2019-08-24 12:52:42 - [TEST_STEP][PASSED] - M4_spin_current_balance = current_balance: null

2019-08-24 12:52:42 - [TEST_STEP][PASSED] - M4_spin_current_balance = M4_spin_current_balance: null

2019-08-24 12:52:42 - [TEST_STEP][PASSED] - M4_spin_transaction_id = causality: null

2019-08-24 12:52:42 - [TEST_STEP][PASSED] - M4_spin_transaction_id = M4_spin_transaction_id: null

2019-08-24 12:52:42 - [TEST_STEP][PASSED] - M4_spin_round_id = round_id: null

2019-08-24 12:52:42 - [TEST_STEP][PASSED] - M4_spin_round_id = M4_spin_round_id: null

2019-08-24 12:52:42 - [TEST_STEP][PASSED] - M4_spin_line_wins = line_wins: null

2019-08-24 12:52:42 - [TEST_STEP][PASSED] - M4_spin_line_wins = M4_spin_line_wins: null

2019-08-24 12:52:42 - [TEST_STEP][PASSED] - M4_total_bonus_spins_int = total_bonus_spins: null

2019-08-24 12:52:42 - [TEST_STEP][PASSED] - println("******M4_total_bonus_spins type is:*******" + newline + getClass().getName()): null

2019-08-24 12:52:42 - [TEST_STEP][PASSED] - M4_total_bonus_spins_int = M4_total_bonus_spins_int: null

2019-08-24 12:52:42 - [TEST_STEP][PASSED] - M4_total_bonus_spins = Integer.toString(M4_total_bonus_spins_int): null

2019-08-24 12:52:42 - [TEST_STEP][PASSED] - M4_total_bonus_spins = M4_total_bonus_spins: null

2019-08-24 12:52:42 - [TEST_STEP][PASSED] - println("M4_total_bonus_spins is:" + M4_total_bonus_spins): null

2019-08-24 12:52:42 - [TEST_STEP][PASSED] - M4_spin_bonus_data = bonus_data: null

2019-08-24 12:52:42 - [TEST_STEP][PASSED] - M4_spin_features_triggered = result_M4_spin: null

2019-08-24 12:52:42 - [TEST_STEP][PASSED] - wild = []: null

2019-08-24 12:52:42 - [TEST_STEP][PASSED] - wild[0] = "WILD_Expanding": null

2019-08-24 12:52:42 - [TEST_STEP][PASSED] - wild[1] = "WILD_Normal": null

2019-08-24 12:52:42 - [TEST_STEP][PASSED] - wild[2] = "WILD_Double": null

2019-08-24 12:52:42 - [TEST_STEP][PASSED] - wild[3] = "WILD_ExtraFG": null

2019-08-24 12:52:42 - [TEST_STEP][PASSED] - wild[4] = "WILD_Triple": null

2019-08-24 12:52:42 - [TEST_STEP][PASSED] - wildList = Arrays.asList(wild): null

2019-08-24 12:52:42 - [TEST_STEP][PASSED] - wildList = wildList: null

2019-08-24 12:52:42 - [TEST_STEP][PASSED] - free_spin_reel_counter = []: null

2019-08-24 12:52:42 - [TEST_STEP][PASSED] - free_spin_reel_counter[0] = 0: null

2019-08-24 12:52:42 - [TEST_STEP][PASSED] - free_spin_reel_counter[1] = 0: null

2019-08-24 12:52:42 - [TEST_STEP][PASSED] - free_spin_reel_counter[2] = 0: null

2019-08-24 12:52:42 - [TEST_STEP][PASSED] - M4_spin_reels = reels: null

2019-08-24 12:52:42 - [TEST_STEP][PASSED] - for ([i = 0, i &lt; M4_spin_reels.size(), (i++)]): null

2019-08-24 12:52:42 - [TEST_STEP][PASSED] - symbols = symbols: null

2019-08-24 12:52:42 - [TEST_STEP][PASSED] - for ([j = 0, j &lt; symbols.size(), (j++)]): null

2019-08-24 12:52:42 - [TEST_STEP][PASSED] - symbol = symbol: null

2019-08-24 12:52:42 - [TEST_STEP][PASSED] - println(symbol): null

2019-08-24 12:52:42 - [TEST_STEP][PASSED] - if (i == 2 &amp;&amp; wildList.indexOf(symbol) != -1): null

2019-08-24 12:52:42 - [TEST_STEP][PASSED] - if (i == 3 &amp;&amp; wildList.indexOf(symbol) != -1): null

2019-08-24 12:52:42 - [TEST_STEP][PASSED] - if (i == 4 &amp;&amp; wildList.indexOf(symbol) != -1): null

2019-08-24 12:52:42 - [TEST_STEP][PASSED] - symbol = symbol: null

2019-08-24 12:52:42 - [TEST_STEP][PASSED] - println(symbol): null

2019-08-24 12:52:42 - [TEST_STEP][PASSED] - if (i == 2 &amp;&amp; wildList.indexOf(symbol) != -1): null

2019-08-24 12:52:42 - [TEST_STEP][PASSED] - if (i == 3 &amp;&amp; wildList.indexOf(symbol) != -1): null

2019-08-24 12:52:42 - [TEST_STEP][PASSED] - if (i == 4 &amp;&amp; wildList.indexOf(symbol) != -1): null

2019-08-24 12:52:42 - [TEST_STEP][PASSED] - symbol = symbol: null

2019-08-24 12:52:42 - [TEST_STEP][PASSED] - println(symbol): null

2019-08-24 12:52:42 - [TEST_STEP][PASSED] - if (i == 2 &amp;&amp; wildList.indexOf(symbol) != -1): null

2019-08-24 12:52:42 - [TEST_STEP][PASSED] - if (i == 3 &amp;&amp; wildList.indexOf(symbol) != -1): null

2019-08-24 12:52:42 - [TEST_STEP][PASSED] - if (i == 4 &amp;&amp; wildList.indexOf(symbol) != -1): null

2019-08-24 12:52:42 - [TEST_STEP][PASSED] - symbols = symbols: null

2019-08-24 12:52:42 - [TEST_STEP][PASSED] - for ([j = 0, j &lt; symbols.size(), (j++)]): null

2019-08-24 12:52:42 - [TEST_STEP][PASSED] - symbol = symbol: null

2019-08-24 12:52:42 - [TEST_STEP][PASSED] - println(symbol): null

2019-08-24 12:52:42 - [TEST_STEP][PASSED] - if (i == 2 &amp;&amp; wildList.indexOf(symbol) != -1): null

2019-08-24 12:52:42 - [TEST_STEP][PASSED] - if (i == 3 &amp;&amp; wildList.indexOf(symbol) != -1): null

2019-08-24 12:52:42 - [TEST_STEP][PASSED] - if (i == 4 &amp;&amp; wildList.indexOf(symbol) != -1): null

2019-08-24 12:52:42 - [TEST_STEP][PASSED] - symbol = symbol: null

2019-08-24 12:52:42 - [TEST_STEP][PASSED] - println(symbol): null

2019-08-24 12:52:42 - [TEST_STEP][PASSED] - if (i == 2 &amp;&amp; wildList.indexOf(symbol) != -1): null

2019-08-24 12:52:42 - [TEST_STEP][PASSED] - if (i == 3 &amp;&amp; wildList.indexOf(symbol) != -1): null

2019-08-24 12:52:42 - [TEST_STEP][PASSED] - if (i == 4 &amp;&amp; wildList.indexOf(symbol) != -1): null

2019-08-24 12:52:42 - [TEST_STEP][PASSED] - symbol = symbol: null

2019-08-24 12:52:42 - [TEST_STEP][PASSED] - println(symbol): null

2019-08-24 12:52:42 - [TEST_STEP][PASSED] - if (i == 2 &amp;&amp; wildList.indexOf(symbol) != -1): null

2019-08-24 12:52:42 - [TEST_STEP][PASSED] - if (i == 3 &amp;&amp; wildList.indexOf(symbol) != -1): null

2019-08-24 12:52:42 - [TEST_STEP][PASSED] - if (i == 4 &amp;&amp; wildList.indexOf(symbol) != -1): null

2019-08-24 12:52:42 - [TEST_STEP][PASSED] - symbols = symbols: null

2019-08-24 12:52:42 - [TEST_STEP][PASSED] - for ([j = 0, j &lt; symbols.size(), (j++)]): null

2019-08-24 12:52:42 - [TEST_STEP][PASSED] - symbol = symbol: null

2019-08-24 12:52:42 - [TEST_STEP][PASSED] - println(symbol): null

2019-08-24 12:52:42 - [TEST_STEP][PASSED] - if (i == 2 &amp;&amp; wildList.indexOf(symbol) != -1): null

2019-08-24 12:52:42 - [TEST_STEP][PASSED] - if (i == 3 &amp;&amp; wildList.indexOf(symbol) != -1): null

2019-08-24 12:52:42 - [TEST_STEP][PASSED] - if (i == 4 &amp;&amp; wildList.indexOf(symbol) != -1): null

2019-08-24 12:52:42 - [TEST_STEP][PASSED] - symbol = symbol: null

2019-08-24 12:52:42 - [TEST_STEP][PASSED] - println(symbol): null

2019-08-24 12:52:42 - [TEST_STEP][PASSED] - if (i == 2 &amp;&amp; wildList.indexOf(symbol) != -1): null

2019-08-24 12:52:42 - [TEST_STEP][PASSED] - if (i == 3 &amp;&amp; wildList.indexOf(symbol) != -1): null

2019-08-24 12:52:42 - [TEST_STEP][PASSED] - if (i == 4 &amp;&amp; wildList.indexOf(symbol) != -1): null

2019-08-24 12:52:42 - [TEST_STEP][PASSED] - symbol = symbol: null

2019-08-24 12:52:42 - [TEST_STEP][PASSED] - println(symbol): null

2019-08-24 12:52:42 - [TEST_STEP][PASSED] - if (i == 2 &amp;&amp; wildList.indexOf(symbol) != -1): null

2019-08-24 12:52:42 - [TEST_STEP][PASSED] - if (i == 3 &amp;&amp; wildList.indexOf(symbol) != -1): null

2019-08-24 12:52:42 - [TEST_STEP][PASSED] - if (i == 4 &amp;&amp; wildList.indexOf(symbol) != -1): null

2019-08-24 12:52:42 - [TEST_STEP][PASSED] - symbols = symbols: null

2019-08-24 12:52:42 - [TEST_STEP][PASSED] - for ([j = 0, j &lt; symbols.size(), (j++)]): null

2019-08-24 12:52:42 - [TEST_STEP][PASSED] - symbol = symbol: null

2019-08-24 12:52:42 - [TEST_STEP][PASSED] - println(symbol): null

2019-08-24 12:52:42 - [TEST_STEP][PASSED] - if (i == 2 &amp;&amp; wildList.indexOf(symbol) != -1): null

2019-08-24 12:52:42 - [TEST_STEP][PASSED] - if (i == 3 &amp;&amp; wildList.indexOf(symbol) != -1): null

2019-08-24 12:52:42 - [TEST_STEP][PASSED] - if (i == 4 &amp;&amp; wildList.indexOf(symbol) != -1): null

2019-08-24 12:52:42 - [TEST_STEP][PASSED] - symbol = symbol: null

2019-08-24 12:52:42 - [TEST_STEP][PASSED] - println(symbol): null

2019-08-24 12:52:42 - [TEST_STEP][PASSED] - if (i == 2 &amp;&amp; wildList.indexOf(symbol) != -1): null

2019-08-24 12:52:42 - [TEST_STEP][PASSED] - if (i == 3 &amp;&amp; wildList.indexOf(symbol) != -1): null

2019-08-24 12:52:42 - [TEST_STEP][PASSED] - if (i == 4 &amp;&amp; wildList.indexOf(symbol) != -1): null

2019-08-24 12:52:42 - [TEST_STEP][PASSED] - symbol = symbol: null

2019-08-24 12:52:42 - [TEST_STEP][PASSED] - println(symbol): null

2019-08-24 12:52:42 - [TEST_STEP][PASSED] - if (i == 2 &amp;&amp; wildList.indexOf(symbol) != -1): null

2019-08-24 12:52:42 - [TEST_STEP][PASSED] - if (i == 3 &amp;&amp; wildList.indexOf(symbol) != -1): null

2019-08-24 12:52:42 - [TEST_STEP][PASSED] - if (i == 4 &amp;&amp; wildList.indexOf(symbol) != -1): null

2019-08-24 12:52:42 - [TEST_STEP][PASSED] - symbols = symbols: null

2019-08-24 12:52:42 - [TEST_STEP][PASSED] - for ([j = 0, j &lt; symbols.size(), (j++)]): null

2019-08-24 12:52:42 - [TEST_STEP][PASSED] - symbol = symbol: null

2019-08-24 12:52:42 - [TEST_STEP][PASSED] - println(symbol): null

2019-08-24 12:52:42 - [TEST_STEP][PASSED] - if (i == 2 &amp;&amp; wildList.indexOf(symbol) != -1): null

2019-08-24 12:52:42 - [TEST_STEP][PASSED] - if (i == 3 &amp;&amp; wildList.indexOf(symbol) != -1): null

2019-08-24 12:52:42 - [TEST_STEP][PASSED] - if (i == 4 &amp;&amp; wildList.indexOf(symbol) != -1): null

2019-08-24 12:52:42 - [TEST_STEP][PASSED] - symbol = symbol: null

2019-08-24 12:52:42 - [TEST_STEP][PASSED] - println(symbol): null

2019-08-24 12:52:42 - [TEST_STEP][PASSED] - if (i == 2 &amp;&amp; wildList.indexOf(symbol) != -1): null

2019-08-24 12:52:42 - [TEST_STEP][PASSED] - if (i == 3 &amp;&amp; wildList.indexOf(symbol) != -1): null

2019-08-24 12:52:42 - [TEST_STEP][PASSED] - if (i == 4 &amp;&amp; wildList.indexOf(symbol) != -1): null

2019-08-24 12:52:42 - [TEST_STEP][PASSED] - symbol = symbol: null

2019-08-24 12:52:42 - [TEST_STEP][PASSED] - println(symbol): null

2019-08-24 12:52:42 - [TEST_STEP][PASSED] - if (i == 2 &amp;&amp; wildList.indexOf(symbol) != -1): null

2019-08-24 12:52:42 - [TEST_STEP][PASSED] - if (i == 3 &amp;&amp; wildList.indexOf(symbol) != -1): null

2019-08-24 12:52:42 - [TEST_STEP][PASSED] - if (i == 4 &amp;&amp; wildList.indexOf(symbol) != -1): null

2019-08-24 12:52:42 - [TEST_STEP][PASSED] - free_spin_reel_counter = free_spin_reel_counter: null

2019-08-24 12:52:42 - [TEST_STEP][PASSED] - println("reel 3 wild found: " + free_spin_reel_counter[0]): null

2019-08-24 12:52:42 - [TEST_STEP][PASSED] - println("reel 4 wild found: " + free_spin_reel_counter[1]): null

2019-08-24 12:52:42 - [TEST_STEP][PASSED] - println("reel 5 wild found: " + free_spin_reel_counter[2]): null

2019-08-24 12:52:42 - [TEST_STEP][PASSED] - M4_spin_reels = M4_spin_reels: null

2019-08-24 12:52:42 - [TEST_STEP][PASSED] - M4_spin_reels_symbols = symbol: null

2019-08-24 12:52:42 - [TEST_STEP][PASSED] - M4_spin_reels_symbols = M4_spin_reels_symbols: null

2019-08-24 12:52:42 - [TEST_STEP][PASSED] - M4_spin_reel_wins = reel_wins: null

2019-08-24 12:52:42 - [TEST_STEP][PASSED] - M4_spin_reel_wins = M4_spin_reel_wins: null

2019-08-24 12:52:42 - [TEST_STEP][PASSED] - println("GlobalVariable.M4_spin_reel_wins is: " + M4_spin_reel_wins): null

2019-08-24 12:52:42 - [TEST_STEP][PASSED] - M4_spin_total_bonus_win_this_round = total_bonus_win_this_round: null

2019-08-24 12:52:42 - [TEST_STEP][PASSED] - M4_spin_total_bonus_win_this_round = M4_spin_total_bonus_win_this_round: null

2019-08-24 12:52:42 - [TEST_STEP][PASSED] - println("GlobalVariable.M4_spin_total_bonus_win_this_round is: " + M4_spin_total_bonus_win_this_round): null

2019-08-24 12:52:42 - [TEST_STEP][PASSED] - M4_spin_bonus_spin_result = spin_result: null

2019-08-24 12:52:42 - [TEST_STEP][PASSED] - M4_spin_bonus_spin_result = M4_spin_bonus_spin_result: null

2019-08-24 12:52:42 - [MESSAGE][PASSED] - Verify response successfully

2019-08-24 12:52:42 - [MESSAGE][PASSED] - Send request and verify the response successfully

2019-08-24 12:52:42 - [TEST_STEP][PASSED] - if (M4_total_bonus_spins_int != 0 &amp;&amp; M4_spin_reels_symbols[2].contains("WILD_Double") || M4_spin_reels_symbols[4].contains("WILD_Triple")): null

2019-08-24 12:52:42 - [TEST_STEP][PASSED] - free_spin_reel_counter = free_spin_reel_counter: null

2019-08-24 12:52:42 - [TEST_STEP][PASSED] - M4_spin_reels_symbols = M4_spin_reels_symbols: null

2019-08-24 12:52:42 - [TEST_STEP][PASSED] - M4_total_bonus_spins = M4_total_bonus_spins: null

2019-08-24 12:52:42 - [TEST_STEP][PASSED] - spin_result = sendRequestAndVerify(findTestObject("INT/RGS(M4)/1_M4_spin", ["M4_login_user_id":M4_login_user_id, "rgs_session_token":rgs_session_token, "partner":Partner])): Send request and verify the response successfully

2019-08-24 12:52:42 - [MESSAGE][INFO] - HAR: /Users/eiralee/Katalon_Script/SuperWild/Reports/20190824_124242/INT/superWild_4/20190824_124242/requests/main/180.har

2019-08-24 12:52:42 - [TEST_CASE][PASSED] - Start Test Case : Verification: Verification accomplished successfully

2019-08-24 12:52:42 - [TEST_STEP][PASSED] - request = getInstance().getCurrentRequest(): null

2019-08-24 12:52:42 - [TEST_STEP][PASSED] - response = getInstance().getCurrentResponse(): null

2019-08-24 12:52:42 - [TEST_STEP][PASSED] - verifyResponseStatusCode(response, 200): Verify response status code successfully

2019-08-24 12:52:42 - [MESSAGE][PASSED] - Verify response status code successfully

2019-08-24 12:52:42 - [TEST_STEP][PASSED] - getStatusCode()).isEqualTo(200): null

2019-08-24 12:52:42 - [TEST_STEP][PASSED] - newline = System.getProperty("line.separator"): null

2019-08-24 12:52:42 - [TEST_STEP][PASSED] - M4_spin = new groovy.json.JsonSlurper(): null

2019-08-24 12:52:42 - [TEST_STEP][PASSED] - result_M4_spin = M4_spin.parseText(response.getResponseBodyContent()): null

2019-08-24 12:52:42 - [TEST_STEP][PASSED] - M4_spin_current_balance = current_balance: null

2019-08-24 12:52:42 - [TEST_STEP][PASSED] - M4_spin_current_balance = M4_spin_current_balance: null

2019-08-24 12:52:42 - [TEST_STEP][PASSED] - M4_spin_transaction_id = causality: null

2019-08-24 12:52:42 - [TEST_STEP][PASSED] - M4_spin_transaction_id = M4_spin_transaction_id: null

2019-08-24 12:52:42 - [TEST_STEP][PASSED] - M4_spin_round_id = round_id: null

2019-08-24 12:52:42 - [TEST_STEP][PASSED] - M4_spin_round_id = M4_spin_round_id: null

2019-08-24 12:52:42 - [TEST_STEP][PASSED] - M4_spin_line_wins = line_wins: null

2019-08-24 12:52:42 - [TEST_STEP][PASSED] - M4_spin_line_wins = M4_spin_line_wins: null

2019-08-24 12:52:42 - [TEST_STEP][PASSED] - M4_total_bonus_spins_int = total_bonus_spins: null

2019-08-24 12:52:42 - [TEST_STEP][PASSED] - println("******M4_total_bonus_spins type is:*******" + newline + getClass().getName()): null

2019-08-24 12:52:42 - [TEST_STEP][PASSED] - M4_total_bonus_spins_int = M4_total_bonus_spins_int: null

2019-08-24 12:52:42 - [TEST_STEP][PASSED] - M4_total_bonus_spins = Integer.toString(M4_total_bonus_spins_int): null

2019-08-24 12:52:42 - [TEST_STEP][PASSED] - M4_total_bonus_spins = M4_total_bonus_spins: null

2019-08-24 12:52:42 - [TEST_STEP][PASSED] - println("M4_total_bonus_spins is:" + M4_total_bonus_spins): null

2019-08-24 12:52:42 - [TEST_STEP][PASSED] - M4_spin_bonus_data = bonus_data: null

2019-08-24 12:52:42 - [TEST_STEP][PASSED] - M4_spin_features_triggered = result_M4_spin: null

2019-08-24 12:52:42 - [TEST_STEP][PASSED] - wild = []: null

2019-08-24 12:52:42 - [TEST_STEP][PASSED] - wild[0] = "WILD_Expanding": null

2019-08-24 12:52:42 - [TEST_STEP][PASSED] - wild[1] = "WILD_Normal": null

2019-08-24 12:52:42 - [TEST_STEP][PASSED] - wild[2] = "WILD_Double": null

2019-08-24 12:52:42 - [TEST_STEP][PASSED] - wild[3] = "WILD_ExtraFG": null

2019-08-24 12:52:42 - [TEST_STEP][PASSED] - wild[4] = "WILD_Triple": null

2019-08-24 12:52:42 - [TEST_STEP][PASSED] - wildList = Arrays.asList(wild): null

2019-08-24 12:52:42 - [TEST_STEP][PASSED] - wildList = wildList: null

2019-08-24 12:52:42 - [TEST_STEP][PASSED] - free_spin_reel_counter = []: null

2019-08-24 12:52:42 - [TEST_STEP][PASSED] - free_spin_reel_counter[0] = 0: null

2019-08-24 12:52:42 - [TEST_STEP][PASSED] - free_spin_reel_counter[1] = 0: null

2019-08-24 12:52:42 - [TEST_STEP][PASSED] - free_spin_reel_counter[2] = 0: null

2019-08-24 12:52:42 - [TEST_STEP][PASSED] - M4_spin_reels = reels: null

2019-08-24 12:52:42 - [TEST_STEP][PASSED] - for ([i = 0, i &lt; M4_spin_reels.size(), (i++)]): null

2019-08-24 12:52:42 - [TEST_STEP][PASSED] - symbols = symbols: null

2019-08-24 12:52:42 - [TEST_STEP][PASSED] - for ([j = 0, j &lt; symbols.size(), (j++)]): null

2019-08-24 12:52:42 - [TEST_STEP][PASSED] - symbol = symbol: null

2019-08-24 12:52:42 - [TEST_STEP][PASSED] - println(symbol): null

2019-08-24 12:52:42 - [TEST_STEP][PASSED] - if (i == 2 &amp;&amp; wildList.indexOf(symbol) != -1): null

2019-08-24 12:52:42 - [TEST_STEP][PASSED] - if (i == 3 &amp;&amp; wildList.indexOf(symbol) != -1): null

2019-08-24 12:52:42 - [TEST_STEP][PASSED] - if (i == 4 &amp;&amp; wildList.indexOf(symbol) != -1): null

2019-08-24 12:52:42 - [TEST_STEP][PASSED] - symbol = symbol: null

2019-08-24 12:52:42 - [TEST_STEP][PASSED] - println(symbol): null

2019-08-24 12:52:42 - [TEST_STEP][PASSED] - if (i == 2 &amp;&amp; wildList.indexOf(symbol) != -1): null

2019-08-24 12:52:42 - [TEST_STEP][PASSED] - if (i == 3 &amp;&amp; wildList.indexOf(symbol) != -1): null

2019-08-24 12:52:42 - [TEST_STEP][PASSED] - if (i == 4 &amp;&amp; wildList.indexOf(symbol) != -1): null

2019-08-24 12:52:42 - [TEST_STEP][PASSED] - symbol = symbol: null

2019-08-24 12:52:42 - [TEST_STEP][PASSED] - println(symbol): null

2019-08-24 12:52:42 - [TEST_STEP][PASSED] - if (i == 2 &amp;&amp; wildList.indexOf(symbol) != -1): null

2019-08-24 12:52:42 - [TEST_STEP][PASSED] - if (i == 3 &amp;&amp; wildList.indexOf(symbol) != -1): null

2019-08-24 12:52:42 - [TEST_STEP][PASSED] - if (i == 4 &amp;&amp; wildList.indexOf(symbol) != -1): null

2019-08-24 12:52:42 - [TEST_STEP][PASSED] - symbols = symbols: null

2019-08-24 12:52:42 - [TEST_STEP][PASSED] - for ([j = 0, j &lt; symbols.size(), (j++)]): null

2019-08-24 12:52:42 - [TEST_STEP][PASSED] - symbol = symbol: null

2019-08-24 12:52:42 - [TEST_STEP][PASSED] - println(symbol): null

2019-08-24 12:52:42 - [TEST_STEP][PASSED] - if (i == 2 &amp;&amp; wildList.indexOf(symbol) != -1): null

2019-08-24 12:52:42 - [TEST_STEP][PASSED] - if (i == 3 &amp;&amp; wildList.indexOf(symbol) != -1): null

2019-08-24 12:52:42 - [TEST_STEP][PASSED] - if (i == 4 &amp;&amp; wildList.indexOf(symbol) != -1): null

2019-08-24 12:52:42 - [TEST_STEP][PASSED] - symbol = symbol: null

2019-08-24 12:52:42 - [TEST_STEP][PASSED] - println(symbol): null

2019-08-24 12:52:42 - [TEST_STEP][PASSED] - if (i == 2 &amp;&amp; wildList.indexOf(symbol) != -1): null

2019-08-24 12:52:42 - [TEST_STEP][PASSED] - if (i == 3 &amp;&amp; wildList.indexOf(symbol) != -1): null

2019-08-24 12:52:42 - [TEST_STEP][PASSED] - if (i == 4 &amp;&amp; wildList.indexOf(symbol) != -1): null

2019-08-24 12:52:42 - [TEST_STEP][PASSED] - symbol = symbol: null

2019-08-24 12:52:42 - [TEST_STEP][PASSED] - println(symbol): null

2019-08-24 12:52:42 - [TEST_STEP][PASSED] - if (i == 2 &amp;&amp; wildList.indexOf(symbol) != -1): null

2019-08-24 12:52:42 - [TEST_STEP][PASSED] - if (i == 3 &amp;&amp; wildList.indexOf(symbol) != -1): null

2019-08-24 12:52:42 - [TEST_STEP][PASSED] - if (i == 4 &amp;&amp; wildList.indexOf(symbol) != -1): null

2019-08-24 12:52:42 - [TEST_STEP][PASSED] - symbols = symbols: null

2019-08-24 12:52:42 - [TEST_STEP][PASSED] - for ([j = 0, j &lt; symbols.size(), (j++)]): null

2019-08-24 12:52:42 - [TEST_STEP][PASSED] - symbol = symbol: null

2019-08-24 12:52:42 - [TEST_STEP][PASSED] - println(symbol): null

2019-08-24 12:52:42 - [TEST_STEP][PASSED] - if (i == 2 &amp;&amp; wildList.indexOf(symbol) != -1): null

2019-08-24 12:52:42 - [TEST_STEP][PASSED] - if (i == 3 &amp;&amp; wildList.indexOf(symbol) != -1): null

2019-08-24 12:52:42 - [TEST_STEP][PASSED] - if (i == 4 &amp;&amp; wildList.indexOf(symbol) != -1): null

2019-08-24 12:52:42 - [TEST_STEP][PASSED] - symbol = symbol: null

2019-08-24 12:52:42 - [TEST_STEP][PASSED] - println(symbol): null

2019-08-24 12:52:42 - [TEST_STEP][PASSED] - if (i == 2 &amp;&amp; wildList.indexOf(symbol) != -1): null

2019-08-24 12:52:42 - [TEST_STEP][PASSED] - if (i == 3 &amp;&amp; wildList.indexOf(symbol) != -1): null

2019-08-24 12:52:42 - [TEST_STEP][PASSED] - if (i == 4 &amp;&amp; wildList.indexOf(symbol) != -1): null

2019-08-24 12:52:42 - [TEST_STEP][PASSED] - symbol = symbol: null

2019-08-24 12:52:42 - [TEST_STEP][PASSED] - println(symbol): null

2019-08-24 12:52:42 - [TEST_STEP][PASSED] - if (i == 2 &amp;&amp; wildList.indexOf(symbol) != -1): null

2019-08-24 12:52:42 - [TEST_STEP][PASSED] - if (i == 3 &amp;&amp; wildList.indexOf(symbol) != -1): null

2019-08-24 12:52:42 - [TEST_STEP][PASSED] - if (i == 4 &amp;&amp; wildList.indexOf(symbol) != -1): null

2019-08-24 12:52:42 - [TEST_STEP][PASSED] - symbols = symbols: null

2019-08-24 12:52:42 - [TEST_STEP][PASSED] - for ([j = 0, j &lt; symbols.size(), (j++)]): null

2019-08-24 12:52:42 - [TEST_STEP][PASSED] - symbol = symbol: null

2019-08-24 12:52:42 - [TEST_STEP][PASSED] - println(symbol): null

2019-08-24 12:52:42 - [TEST_STEP][PASSED] - if (i == 2 &amp;&amp; wildList.indexOf(symbol) != -1): null

2019-08-24 12:52:42 - [TEST_STEP][PASSED] - if (i == 3 &amp;&amp; wildList.indexOf(symbol) != -1): null

2019-08-24 12:52:42 - [TEST_STEP][PASSED] - if (i == 4 &amp;&amp; wildList.indexOf(symbol) != -1): null

2019-08-24 12:52:42 - [TEST_STEP][PASSED] - symbol = symbol: null

2019-08-24 12:52:42 - [TEST_STEP][PASSED] - println(symbol): null

2019-08-24 12:52:42 - [TEST_STEP][PASSED] - if (i == 2 &amp;&amp; wildList.indexOf(symbol) != -1): null

2019-08-24 12:52:42 - [TEST_STEP][PASSED] - if (i == 3 &amp;&amp; wildList.indexOf(symbol) != -1): null

2019-08-24 12:52:42 - [TEST_STEP][PASSED] - if (i == 4 &amp;&amp; wildList.indexOf(symbol) != -1): null

2019-08-24 12:52:42 - [TEST_STEP][PASSED] - symbol = symbol: null

2019-08-24 12:52:42 - [TEST_STEP][PASSED] - println(symbol): null

2019-08-24 12:52:42 - [TEST_STEP][PASSED] - if (i == 2 &amp;&amp; wildList.indexOf(symbol) != -1): null

2019-08-24 12:52:42 - [TEST_STEP][PASSED] - if (i == 3 &amp;&amp; wildList.indexOf(symbol) != -1): null

2019-08-24 12:52:42 - [TEST_STEP][PASSED] - if (i == 4 &amp;&amp; wildList.indexOf(symbol) != -1): null

2019-08-24 12:52:42 - [TEST_STEP][PASSED] - symbols = symbols: null

2019-08-24 12:52:42 - [TEST_STEP][PASSED] - for ([j = 0, j &lt; symbols.size(), (j++)]): null

2019-08-24 12:52:42 - [TEST_STEP][PASSED] - symbol = symbol: null

2019-08-24 12:52:42 - [TEST_STEP][PASSED] - println(symbol): null

2019-08-24 12:52:46 - [TEST_STEP][PASSED] - if (i == 2 &amp;&amp; wildList.indexOf(symbol) != -1): null

2019-08-24 12:52:46 - [TEST_STEP][PASSED] - if (i == 3 &amp;&amp; wildList.indexOf(symbol) != -1): null

2019-08-24 12:52:46 - [TEST_STEP][PASSED] - if (i == 4 &amp;&amp; wildList.indexOf(symbol) != -1): null

2019-08-24 12:52:46 - [TEST_STEP][PASSED] - symbol = symbol: null

2019-08-24 12:52:46 - [TEST_STEP][PASSED] - println(symbol): null

2019-08-24 12:52:46 - [TEST_STEP][PASSED] - if (i == 2 &amp;&amp; wildList.indexOf(symbol) != -1): null

2019-08-24 12:52:46 - [TEST_STEP][PASSED] - if (i == 3 &amp;&amp; wildList.indexOf(symbol) != -1): null

2019-08-24 12:52:46 - [TEST_STEP][PASSED] - if (i == 4 &amp;&amp; wildList.indexOf(symbol) != -1): null

2019-08-24 12:52:46 - [TEST_STEP][PASSED] - symbol = symbol: null

2019-08-24 12:52:46 - [TEST_STEP][PASSED] - println(symbol): null

2019-08-24 12:52:49 - [TEST_STEP][PASSED] - if (i == 2 &amp;&amp; wildList.indexOf(symbol) != -1): null

2019-08-24 12:52:49 - [TEST_STEP][PASSED] - if (i == 3 &amp;&amp; wildList.indexOf(symbol) != -1): null

2019-08-24 12:52:49 - [TEST_STEP][PASSED] - if (i == 4 &amp;&amp; wildList.indexOf(symbol) != -1): null

2019-08-24 12:52:49 - [TEST_STEP][PASSED] - free_spin_reel_counter = free_spin_reel_counter: null

2019-08-24 12:52:49 - [TEST_STEP][PASSED] - println("reel 3 wild found: " + free_spin_reel_counter[0]): null

2019-08-24 12:52:49 - [TEST_STEP][PASSED] - println("reel 4 wild found: " + free_spin_reel_counter[1]): null

2019-08-24 12:52:49 - [TEST_STEP][PASSED] - println("reel 5 wild found: " + free_spin_reel_counter[2]): null

2019-08-24 12:52:49 - [TEST_STEP][PASSED] - M4_spin_reels = M4_spin_reels: null

2019-08-24 12:52:49 - [TEST_STEP][PASSED] - M4_spin_reels_symbols = symbol: null

2019-08-24 12:52:49 - [TEST_STEP][PASSED] - M4_spin_reels_symbols = M4_spin_reels_symbols: null

2019-08-24 12:52:49 - [TEST_STEP][PASSED] - M4_spin_reel_wins = reel_wins: null

2019-08-24 12:52:49 - [TEST_STEP][PASSED] - M4_spin_reel_wins = M4_spin_reel_wins: null

2019-08-24 12:52:49 - [TEST_STEP][PASSED] - println("GlobalVariable.M4_spin_reel_wins is: " + M4_spin_reel_wins): null

2019-08-24 12:52:49 - [TEST_STEP][PASSED] - M4_spin_total_bonus_win_this_round = total_bonus_win_this_round: null

2019-08-24 12:52:49 - [TEST_STEP][PASSED] - M4_spin_total_bonus_win_this_round = M4_spin_total_bonus_win_this_round: null

2019-08-24 12:52:49 - [TEST_STEP][PASSED] - println("GlobalVariable.M4_spin_total_bonus_win_this_round is: " + M4_spin_total_bonus_win_this_round): null

2019-08-24 12:52:49 - [TEST_STEP][PASSED] - M4_spin_bonus_spin_result = spin_result: null

2019-08-24 12:52:49 - [TEST_STEP][PASSED] - M4_spin_bonus_spin_result = M4_spin_bonus_spin_result: null

2019-08-24 12:52:49 - [MESSAGE][PASSED] - Verify response successfully

2019-08-24 12:52:49 - [MESSAGE][PASSED] - Send request and verify the response successfully

2019-08-24 12:52:49 - [TEST_STEP][PASSED] - if (M4_total_bonus_spins_int != 0 &amp;&amp; M4_spin_reels_symbols[2].contains("WILD_Double") || M4_spin_reels_symbols[4].contains("WILD_Triple")): null

2019-08-24 12:52:49 - [TEST_STEP][PASSED] - free_spin_reel_counter = free_spin_reel_counter: null

2019-08-24 12:52:49 - [TEST_STEP][PASSED] - M4_spin_reels_symbols = M4_spin_reels_symbols: null

2019-08-24 12:52:49 - [TEST_STEP][PASSED] - M4_total_bonus_spins = M4_total_bonus_spins: null

2019-08-24 12:52:49 - [TEST_STEP][PASSED] - spin_result = sendRequestAndVerify(findTestObject("INT/RGS(M4)/1_M4_spin", ["M4_login_user_id":M4_login_user_id, "rgs_session_token":rgs_session_token, "partner":Partner])): Send request and verify the response successfully

2019-08-24 12:52:49 - [MESSAGE][INFO] - HAR: /Users/eiralee/Katalon_Script/SuperWild/Reports/20190824_124242/INT/superWild_4/20190824_124242/requests/main/181.har

2019-08-24 12:52:50 - [TEST_CASE][PASSED] - Start Test Case : Verification: Verification accomplished successfully

2019-08-24 12:52:50 - [TEST_STEP][PASSED] - request = getInstance().getCurrentRequest(): null

2019-08-24 12:52:50 - [TEST_STEP][PASSED] - response = getInstance().getCurrentResponse(): null

2019-08-24 12:52:50 - [TEST_STEP][PASSED] - verifyResponseStatusCode(response, 200): Verify response status code successfully

2019-08-24 12:52:50 - [MESSAGE][PASSED] - Verify response status code successfully

2019-08-24 12:52:50 - [TEST_STEP][PASSED] - getStatusCode()).isEqualTo(200): null

2019-08-24 12:52:50 - [TEST_STEP][PASSED] - newline = System.getProperty("line.separator"): null

2019-08-24 12:52:50 - [TEST_STEP][PASSED] - M4_spin = new groovy.json.JsonSlurper(): null

2019-08-24 12:52:50 - [TEST_STEP][PASSED] - result_M4_spin = M4_spin.parseText(response.getResponseBodyContent()): null

2019-08-24 12:52:50 - [TEST_STEP][PASSED] - M4_spin_current_balance = current_balance: null

2019-08-24 12:52:50 - [TEST_STEP][PASSED] - M4_spin_current_balance = M4_spin_current_balance: null

2019-08-24 12:52:50 - [TEST_STEP][PASSED] - M4_spin_transaction_id = causality: null

2019-08-24 12:52:50 - [TEST_STEP][PASSED] - M4_spin_transaction_id = M4_spin_transaction_id: null

2019-08-24 12:52:50 - [TEST_STEP][PASSED] - M4_spin_round_id = round_id: null

2019-08-24 12:52:50 - [TEST_STEP][PASSED] - M4_spin_round_id = M4_spin_round_id: null

2019-08-24 12:52:50 - [TEST_STEP][PASSED] - M4_spin_line_wins = line_wins: null

2019-08-24 12:52:50 - [TEST_STEP][PASSED] - M4_spin_line_wins = M4_spin_line_wins: null

2019-08-24 12:52:50 - [TEST_STEP][PASSED] - M4_total_bonus_spins_int = total_bonus_spins: null

2019-08-24 12:52:50 - [TEST_STEP][PASSED] - println("******M4_total_bonus_spins type is:*******" + newline + getClass().getName()): null

2019-08-24 12:52:50 - [TEST_STEP][PASSED] - M4_total_bonus_spins_int = M4_total_bonus_spins_int: null

2019-08-24 12:52:50 - [TEST_STEP][PASSED] - M4_total_bonus_spins = Integer.toString(M4_total_bonus_spins_int): null

2019-08-24 12:52:50 - [TEST_STEP][PASSED] - M4_total_bonus_spins = M4_total_bonus_spins: null

2019-08-24 12:52:50 - [TEST_STEP][PASSED] - println("M4_total_bonus_spins is:" + M4_total_bonus_spins): null

2019-08-24 12:52:50 - [TEST_STEP][PASSED] - M4_spin_bonus_data = bonus_data: null

2019-08-24 12:52:50 - [TEST_STEP][PASSED] - M4_spin_features_triggered = result_M4_spin: null

2019-08-24 12:52:50 - [TEST_STEP][PASSED] - wild = []: null

2019-08-24 12:52:50 - [TEST_STEP][PASSED] - wild[0] = "WILD_Expanding": null

2019-08-24 12:52:50 - [TEST_STEP][PASSED] - wild[1] = "WILD_Normal": null

2019-08-24 12:52:50 - [TEST_STEP][PASSED] - wild[2] = "WILD_Double": null

2019-08-24 12:52:50 - [TEST_STEP][PASSED] - wild[3] = "WILD_ExtraFG": null

2019-08-24 12:52:50 - [TEST_STEP][PASSED] - wild[4] = "WILD_Triple": null

2019-08-24 12:52:50 - [TEST_STEP][PASSED] - wildList = Arrays.asList(wild): null

2019-08-24 12:52:50 - [TEST_STEP][PASSED] - wildList = wildList: null

2019-08-24 12:52:50 - [TEST_STEP][PASSED] - free_spin_reel_counter = []: null

2019-08-24 12:52:50 - [TEST_STEP][PASSED] - free_spin_reel_counter[0] = 0: null

2019-08-24 12:52:50 - [TEST_STEP][PASSED] - free_spin_reel_counter[1] = 0: null

2019-08-24 12:52:50 - [TEST_STEP][PASSED] - free_spin_reel_counter[2] = 0: null

2019-08-24 12:52:50 - [TEST_STEP][PASSED] - M4_spin_reels = reels: null

2019-08-24 12:52:50 - [TEST_STEP][PASSED] - for ([i = 0, i &lt; M4_spin_reels.size(), (i++)]): null

2019-08-24 12:52:50 - [TEST_STEP][PASSED] - symbols = symbols: null

2019-08-24 12:52:50 - [TEST_STEP][PASSED] - for ([j = 0, j &lt; symbols.size(), (j++)]): null

2019-08-24 12:52:50 - [TEST_STEP][PASSED] - symbol = symbol: null

2019-08-24 12:52:50 - [TEST_STEP][PASSED] - println(symbol): null

2019-08-24 12:52:50 - [TEST_STEP][PASSED] - if (i == 2 &amp;&amp; wildList.indexOf(symbol) != -1): null

2019-08-24 12:52:50 - [TEST_STEP][PASSED] - if (i == 3 &amp;&amp; wildList.indexOf(symbol) != -1): null

2019-08-24 12:52:50 - [TEST_STEP][PASSED] - if (i == 4 &amp;&amp; wildList.indexOf(symbol) != -1): null

2019-08-24 12:52:50 - [TEST_STEP][PASSED] - symbol = symbol: null

2019-08-24 12:52:50 - [TEST_STEP][PASSED] - println(symbol): null

2019-08-24 12:52:50 - [TEST_STEP][PASSED] - if (i == 2 &amp;&amp; wildList.indexOf(symbol) != -1): null

2019-08-24 12:52:50 - [TEST_STEP][PASSED] - if (i == 3 &amp;&amp; wildList.indexOf(symbol) != -1): null

2019-08-24 12:52:50 - [TEST_STEP][PASSED] - if (i == 4 &amp;&amp; wildList.indexOf(symbol) != -1): null

2019-08-24 12:52:50 - [TEST_STEP][PASSED] - symbol = symbol: null

2019-08-24 12:52:50 - [TEST_STEP][PASSED] - println(symbol): null

2019-08-24 12:52:50 - [TEST_STEP][PASSED] - if (i == 2 &amp;&amp; wildList.indexOf(symbol) != -1): null

2019-08-24 12:52:50 - [TEST_STEP][PASSED] - if (i == 3 &amp;&amp; wildList.indexOf(symbol) != -1): null

2019-08-24 12:52:50 - [TEST_STEP][PASSED] - if (i == 4 &amp;&amp; wildList.indexOf(symbol) != -1): null

2019-08-24 12:52:50 - [TEST_STEP][PASSED] - symbols = symbols: null

2019-08-24 12:52:50 - [TEST_STEP][PASSED] - for ([j = 0, j &lt; symbols.size(), (j++)]): null

2019-08-24 12:52:50 - [TEST_STEP][PASSED] - symbol = symbol: null

2019-08-24 12:52:50 - [TEST_STEP][PASSED] - println(symbol): null

2019-08-24 12:52:50 - [TEST_STEP][PASSED] - if (i == 2 &amp;&amp; wildList.indexOf(symbol) != -1): null

2019-08-24 12:52:50 - [TEST_STEP][PASSED] - if (i == 3 &amp;&amp; wildList.indexOf(symbol) != -1): null

2019-08-24 12:52:50 - [TEST_STEP][PASSED] - if (i == 4 &amp;&amp; wildList.indexOf(symbol) != -1): null

2019-08-24 12:52:50 - [TEST_STEP][PASSED] - symbol = symbol: null

2019-08-24 12:52:50 - [TEST_STEP][PASSED] - println(symbol): null

2019-08-24 12:52:50 - [TEST_STEP][PASSED] - if (i == 2 &amp;&amp; wildList.indexOf(symbol) != -1): null

2019-08-24 12:52:50 - [TEST_STEP][PASSED] - if (i == 3 &amp;&amp; wildList.indexOf(symbol) != -1): null

2019-08-24 12:52:50 - [TEST_STEP][PASSED] - if (i == 4 &amp;&amp; wildList.indexOf(symbol) != -1): null

2019-08-24 12:52:50 - [TEST_STEP][PASSED] - symbol = symbol: null

2019-08-24 12:52:50 - [TEST_STEP][PASSED] - println(symbol): null

2019-08-24 12:52:50 - [TEST_STEP][PASSED] - if (i == 2 &amp;&amp; wildList.indexOf(symbol) != -1): null

2019-08-24 12:52:50 - [TEST_STEP][PASSED] - if (i == 3 &amp;&amp; wildList.indexOf(symbol) != -1): null

2019-08-24 12:52:50 - [TEST_STEP][PASSED] - if (i == 4 &amp;&amp; wildList.indexOf(symbol) != -1): null

2019-08-24 12:52:50 - [TEST_STEP][PASSED] - symbols = symbols: null

2019-08-24 12:52:50 - [TEST_STEP][PASSED] - for ([j = 0, j &lt; symbols.size(), (j++)]): null

2019-08-24 12:52:50 - [TEST_STEP][PASSED] - symbol = symbol: null

2019-08-24 12:52:50 - [TEST_STEP][PASSED] - println(symbol): null

2019-08-24 12:52:50 - [TEST_STEP][PASSED] - if (i == 2 &amp;&amp; wildList.indexOf(symbol) != -1): null

2019-08-24 12:52:50 - [TEST_STEP][PASSED] - if (i == 3 &amp;&amp; wildList.indexOf(symbol) != -1): null

2019-08-24 12:52:50 - [TEST_STEP][PASSED] - if (i == 4 &amp;&amp; wildList.indexOf(symbol) != -1): null

2019-08-24 12:52:50 - [TEST_STEP][PASSED] - symbol = symbol: null

2019-08-24 12:52:50 - [TEST_STEP][PASSED] - println(symbol): null

2019-08-24 12:52:50 - [TEST_STEP][PASSED] - if (i == 2 &amp;&amp; wildList.indexOf(symbol) != -1): null

2019-08-24 12:52:50 - [TEST_STEP][PASSED] - if (i == 3 &amp;&amp; wildList.indexOf(symbol) != -1): null

2019-08-24 12:52:50 - [TEST_STEP][PASSED] - if (i == 4 &amp;&amp; wildList.indexOf(symbol) != -1): null

2019-08-24 12:52:50 - [TEST_STEP][PASSED] - symbol = symbol: null

2019-08-24 12:52:50 - [TEST_STEP][PASSED] - println(symbol): null

2019-08-24 12:52:50 - [TEST_STEP][PASSED] - if (i == 2 &amp;&amp; wildList.indexOf(symbol) != -1): null

2019-08-24 12:52:50 - [TEST_STEP][PASSED] - if (i == 3 &amp;&amp; wildList.indexOf(symbol) != -1): null

2019-08-24 12:52:50 - [TEST_STEP][PASSED] - if (i == 4 &amp;&amp; wildList.indexOf(symbol) != -1): null

2019-08-24 12:52:50 - [TEST_STEP][PASSED] - symbols = symbols: null

2019-08-24 12:52:50 - [TEST_STEP][PASSED] - for ([j = 0, j &lt; symbols.size(), (j++)]): null

2019-08-24 12:52:50 - [TEST_STEP][PASSED] - symbol = symbol: null

2019-08-24 12:52:50 - [TEST_STEP][PASSED] - println(symbol): null

2019-08-24 12:52:50 - [TEST_STEP][PASSED] - if (i == 2 &amp;&amp; wildList.indexOf(symbol) != -1): null

2019-08-24 12:52:50 - [TEST_STEP][PASSED] - if (i == 3 &amp;&amp; wildList.indexOf(symbol) != -1): null

2019-08-24 12:52:50 - [TEST_STEP][PASSED] - if (i == 4 &amp;&amp; wildList.indexOf(symbol) != -1): null

2019-08-24 12:52:50 - [TEST_STEP][PASSED] - symbol = symbol: null

2019-08-24 12:52:50 - [TEST_STEP][PASSED] - println(symbol): null

2019-08-24 12:52:50 - [TEST_STEP][PASSED] - if (i == 2 &amp;&amp; wildList.indexOf(symbol) != -1): null

2019-08-24 12:52:50 - [TEST_STEP][PASSED] - if (i == 3 &amp;&amp; wildList.indexOf(symbol) != -1): null

2019-08-24 12:52:50 - [TEST_STEP][PASSED] - if (i == 4 &amp;&amp; wildList.indexOf(symbol) != -1): null

2019-08-24 12:52:50 - [TEST_STEP][PASSED] - symbol = symbol: null

2019-08-24 12:52:50 - [TEST_STEP][PASSED] - println(symbol): null

2019-08-24 12:52:50 - [TEST_STEP][PASSED] - if (i == 2 &amp;&amp; wildList.indexOf(symbol) != -1): null

2019-08-24 12:52:50 - [TEST_STEP][PASSED] - if (i == 3 &amp;&amp; wildList.indexOf(symbol) != -1): null

2019-08-24 12:52:50 - [TEST_STEP][PASSED] - if (i == 4 &amp;&amp; wildList.indexOf(symbol) != -1): null

2019-08-24 12:52:50 - [TEST_STEP][PASSED] - symbols = symbols: null

2019-08-24 12:52:50 - [TEST_STEP][PASSED] - for ([j = 0, j &lt; symbols.size(), (j++)]): null

2019-08-24 12:52:50 - [TEST_STEP][PASSED] - symbol = symbol: null

2019-08-24 12:52:50 - [TEST_STEP][PASSED] - println(symbol): null

2019-08-24 12:52:50 - [TEST_STEP][PASSED] - if (i == 2 &amp;&amp; wildList.indexOf(symbol) != -1): null

2019-08-24 12:52:50 - [TEST_STEP][PASSED] - if (i == 3 &amp;&amp; wildList.indexOf(symbol) != -1): null

2019-08-24 12:52:50 - [TEST_STEP][PASSED] - if (i == 4 &amp;&amp; wildList.indexOf(symbol) != -1): null

2019-08-24 12:52:50 - [TEST_STEP][PASSED] - symbol = symbol: null

2019-08-24 12:52:50 - [TEST_STEP][PASSED] - println(symbol): null

2019-08-24 12:52:50 - [TEST_STEP][PASSED] - if (i == 2 &amp;&amp; wildList.indexOf(symbol) != -1): null

2019-08-24 12:52:50 - [TEST_STEP][PASSED] - if (i == 3 &amp;&amp; wildList.indexOf(symbol) != -1): null

2019-08-24 12:52:50 - [TEST_STEP][PASSED] - if (i == 4 &amp;&amp; wildList.indexOf(symbol) != -1): null

2019-08-24 12:52:50 - [TEST_STEP][PASSED] - symbol = symbol: null

2019-08-24 12:52:50 - [TEST_STEP][PASSED] - println(symbol): null

2019-08-24 12:52:50 - [TEST_STEP][PASSED] - if (i == 2 &amp;&amp; wildList.indexOf(symbol) != -1): null

2019-08-24 12:52:50 - [TEST_STEP][PASSED] - if (i == 3 &amp;&amp; wildList.indexOf(symbol) != -1): null

2019-08-24 12:52:50 - [TEST_STEP][PASSED] - if (i == 4 &amp;&amp; wildList.indexOf(symbol) != -1): null

2019-08-24 12:52:50 - [TEST_STEP][PASSED] - free_spin_reel_counter = free_spin_reel_counter: null

2019-08-24 12:52:50 - [TEST_STEP][PASSED] - println("reel 3 wild found: " + free_spin_reel_counter[0]): null

2019-08-24 12:52:50 - [TEST_STEP][PASSED] - println("reel 4 wild found: " + free_spin_reel_counter[1]): null

2019-08-24 12:52:50 - [TEST_STEP][PASSED] - println("reel 5 wild found: " + free_spin_reel_counter[2]): null

2019-08-24 12:52:50 - [TEST_STEP][PASSED] - M4_spin_reels = M4_spin_reels: null

2019-08-24 12:52:50 - [TEST_STEP][PASSED] - M4_spin_reels_symbols = symbol: null

2019-08-24 12:52:50 - [TEST_STEP][PASSED] - M4_spin_reels_symbols = M4_spin_reels_symbols: null

2019-08-24 12:52:50 - [TEST_STEP][PASSED] - M4_spin_reel_wins = reel_wins: null

2019-08-24 12:52:50 - [TEST_STEP][PASSED] - M4_spin_reel_wins = M4_spin_reel_wins: null

2019-08-24 12:52:50 - [TEST_STEP][PASSED] - println("GlobalVariable.M4_spin_reel_wins is: " + M4_spin_reel_wins): null

2019-08-24 12:52:50 - [TEST_STEP][PASSED] - M4_spin_total_bonus_win_this_round = total_bonus_win_this_round: null

2019-08-24 12:52:50 - [TEST_STEP][PASSED] - M4_spin_total_bonus_win_this_round = M4_spin_total_bonus_win_this_round: null

2019-08-24 12:52:50 - [TEST_STEP][PASSED] - println("GlobalVariable.M4_spin_total_bonus_win_this_round is: " + M4_spin_total_bonus_win_this_round): null

2019-08-24 12:52:50 - [TEST_STEP][PASSED] - M4_spin_bonus_spin_result = spin_result: null

2019-08-24 12:52:50 - [TEST_STEP][PASSED] - M4_spin_bonus_spin_result = M4_spin_bonus_spin_result: null

2019-08-24 12:52:50 - [MESSAGE][PASSED] - Verify response successfully

2019-08-24 12:52:50 - [MESSAGE][PASSED] - Send request and verify the response successfully

2019-08-24 12:52:50 - [TEST_STEP][PASSED] - if (M4_total_bonus_spins_int != 0 &amp;&amp; M4_spin_reels_symbols[2].contains("WILD_Double") || M4_spin_reels_symbols[4].contains("WILD_Triple")): null

2019-08-24 12:52:50 - [TEST_STEP][PASSED] - free_spin_reel_counter = free_spin_reel_counter: null

2019-08-24 12:52:50 - [TEST_STEP][PASSED] - M4_spin_reels_symbols = M4_spin_reels_symbols: null

2019-08-24 12:52:50 - [TEST_STEP][PASSED] - M4_total_bonus_spins = M4_total_bonus_spins: null

2019-08-24 12:52:50 - [TEST_STEP][PASSED] - spin_result = sendRequestAndVerify(findTestObject("INT/RGS(M4)/1_M4_spin", ["M4_login_user_id":M4_login_user_id, "rgs_session_token":rgs_session_token, "partner":Partner])): Send request and verify the response successfully

2019-08-24 12:52:50 - [MESSAGE][INFO] - HAR: /Users/eiralee/Katalon_Script/SuperWild/Reports/20190824_124242/INT/superWild_4/20190824_124242/requests/main/182.har

2019-08-24 12:52:50 - [TEST_CASE][PASSED] - Start Test Case : Verification: Verification accomplished successfully

2019-08-24 12:52:50 - [TEST_STEP][PASSED] - request = getInstance().getCurrentRequest(): null

2019-08-24 12:52:50 - [TEST_STEP][PASSED] - response = getInstance().getCurrentResponse(): null

2019-08-24 12:52:50 - [TEST_STEP][PASSED] - verifyResponseStatusCode(response, 200): Verify response status code successfully

2019-08-24 12:52:50 - [MESSAGE][PASSED] - Verify response status code successfully

2019-08-24 12:52:50 - [TEST_STEP][PASSED] - getStatusCode()).isEqualTo(200): null

2019-08-24 12:52:50 - [TEST_STEP][PASSED] - newline = System.getProperty("line.separator"): null

2019-08-24 12:52:50 - [TEST_STEP][PASSED] - M4_spin = new groovy.json.JsonSlurper(): null

2019-08-24 12:52:50 - [TEST_STEP][PASSED] - result_M4_spin = M4_spin.parseText(response.getResponseBodyContent()): null

2019-08-24 12:52:50 - [TEST_STEP][PASSED] - M4_spin_current_balance = current_balance: null

2019-08-24 12:52:50 - [TEST_STEP][PASSED] - M4_spin_current_balance = M4_spin_current_balance: null

2019-08-24 12:52:50 - [TEST_STEP][PASSED] - M4_spin_transaction_id = causality: null

2019-08-24 12:52:50 - [TEST_STEP][PASSED] - M4_spin_transaction_id = M4_spin_transaction_id: null

2019-08-24 12:52:50 - [TEST_STEP][PASSED] - M4_spin_round_id = round_id: null

2019-08-24 12:52:50 - [TEST_STEP][PASSED] - M4_spin_round_id = M4_spin_round_id: null

2019-08-24 12:52:50 - [TEST_STEP][PASSED] - M4_spin_line_wins = line_wins: null

2019-08-24 12:52:50 - [TEST_STEP][PASSED] - M4_spin_line_wins = M4_spin_line_wins: null

2019-08-24 12:52:50 - [TEST_STEP][PASSED] - M4_total_bonus_spins_int = total_bonus_spins: null

2019-08-24 12:52:50 - [TEST_STEP][PASSED] - println("******M4_total_bonus_spins type is:*******" + newline + getClass().getName()): null

2019-08-24 12:52:50 - [TEST_STEP][PASSED] - M4_total_bonus_spins_int = M4_total_bonus_spins_int: null

2019-08-24 12:52:50 - [TEST_STEP][PASSED] - M4_total_bonus_spins = Integer.toString(M4_total_bonus_spins_int): null

2019-08-24 12:52:50 - [TEST_STEP][PASSED] - M4_total_bonus_spins = M4_total_bonus_spins: null

2019-08-24 12:52:50 - [TEST_STEP][PASSED] - println("M4_total_bonus_spins is:" + M4_total_bonus_spins): null

2019-08-24 12:52:50 - [TEST_STEP][PASSED] - M4_spin_bonus_data = bonus_data: null

2019-08-24 12:52:50 - [TEST_STEP][PASSED] - M4_spin_features_triggered = result_M4_spin: null

2019-08-24 12:52:50 - [TEST_STEP][PASSED] - wild = []: null

2019-08-24 12:52:50 - [TEST_STEP][PASSED] - wild[0] = "WILD_Expanding": null

2019-08-24 12:52:50 - [TEST_STEP][PASSED] - wild[1] = "WILD_Normal": null

2019-08-24 12:52:50 - [TEST_STEP][PASSED] - wild[2] = "WILD_Double": null

2019-08-24 12:52:50 - [TEST_STEP][PASSED] - wild[3] = "WILD_ExtraFG": null

2019-08-24 12:52:50 - [TEST_STEP][PASSED] - wild[4] = "WILD_Triple": null

2019-08-24 12:52:50 - [TEST_STEP][PASSED] - wildList = Arrays.asList(wild): null

2019-08-24 12:52:50 - [TEST_STEP][PASSED] - wildList = wildList: null

2019-08-24 12:52:50 - [TEST_STEP][PASSED] - free_spin_reel_counter = []: null

2019-08-24 12:52:50 - [TEST_STEP][PASSED] - free_spin_reel_counter[0] = 0: null

2019-08-24 12:52:50 - [TEST_STEP][PASSED] - free_spin_reel_counter[1] = 0: null

2019-08-24 12:52:50 - [TEST_STEP][PASSED] - free_spin_reel_counter[2] = 0: null

2019-08-24 12:52:50 - [TEST_STEP][PASSED] - M4_spin_reels = reels: null

2019-08-24 12:52:50 - [TEST_STEP][PASSED] - for ([i = 0, i &lt; M4_spin_reels.size(), (i++)]): null

2019-08-24 12:52:50 - [TEST_STEP][PASSED] - symbols = symbols: null

2019-08-24 12:52:50 - [TEST_STEP][PASSED] - for ([j = 0, j &lt; symbols.size(), (j++)]): null

2019-08-24 12:52:50 - [TEST_STEP][PASSED] - symbol = symbol: null

2019-08-24 12:52:50 - [TEST_STEP][PASSED] - println(symbol): null

2019-08-24 12:52:50 - [TEST_STEP][PASSED] - if (i == 2 &amp;&amp; wildList.indexOf(symbol) != -1): null

2019-08-24 12:52:50 - [TEST_STEP][PASSED] - if (i == 3 &amp;&amp; wildList.indexOf(symbol) != -1): null

2019-08-24 12:52:50 - [TEST_STEP][PASSED] - if (i == 4 &amp;&amp; wildList.indexOf(symbol) != -1): null

2019-08-24 12:52:50 - [TEST_STEP][PASSED] - symbol = symbol: null

2019-08-24 12:52:50 - [TEST_STEP][PASSED] - println(symbol): null

2019-08-24 12:52:50 - [TEST_STEP][PASSED] - if (i == 2 &amp;&amp; wildList.indexOf(symbol) != -1): null

2019-08-24 12:52:50 - [TEST_STEP][PASSED] - if (i == 3 &amp;&amp; wildList.indexOf(symbol) != -1): null

2019-08-24 12:52:50 - [TEST_STEP][PASSED] - if (i == 4 &amp;&amp; wildList.indexOf(symbol) != -1): null

2019-08-24 12:52:50 - [TEST_STEP][PASSED] - symbol = symbol: null

2019-08-24 12:52:50 - [TEST_STEP][PASSED] - println(symbol): null

2019-08-24 12:52:50 - [TEST_STEP][PASSED] - if (i == 2 &amp;&amp; wildList.indexOf(symbol) != -1): null

2019-08-24 12:52:50 - [TEST_STEP][PASSED] - if (i == 3 &amp;&amp; wildList.indexOf(symbol) != -1): null

2019-08-24 12:52:50 - [TEST_STEP][PASSED] - if (i == 4 &amp;&amp; wildList.indexOf(symbol) != -1): null

2019-08-24 12:52:50 - [TEST_STEP][PASSED] - symbols = symbols: null

2019-08-24 12:52:50 - [TEST_STEP][PASSED] - for ([j = 0, j &lt; symbols.size(), (j++)]): null

2019-08-24 12:52:50 - [TEST_STEP][PASSED] - symbol = symbol: null

2019-08-24 12:52:50 - [TEST_STEP][PASSED] - println(symbol): null

2019-08-24 12:52:50 - [TEST_STEP][PASSED] - if (i == 2 &amp;&amp; wildList.indexOf(symbol) != -1): null

2019-08-24 12:52:50 - [TEST_STEP][PASSED] - if (i == 3 &amp;&amp; wildList.indexOf(symbol) != -1): null

2019-08-24 12:52:50 - [TEST_STEP][PASSED] - if (i == 4 &amp;&amp; wildList.indexOf(symbol) != -1): null

2019-08-24 12:52:50 - [TEST_STEP][PASSED] - symbol = symbol: null

2019-08-24 12:52:50 - [TEST_STEP][PASSED] - println(symbol): null

2019-08-24 12:52:50 - [TEST_STEP][PASSED] - if (i == 2 &amp;&amp; wildList.indexOf(symbol) != -1): null

2019-08-24 12:52:50 - [TEST_STEP][PASSED] - if (i == 3 &amp;&amp; wildList.indexOf(symbol) != -1): null

2019-08-24 12:52:50 - [TEST_STEP][PASSED] - if (i == 4 &amp;&amp; wildList.indexOf(symbol) != -1): null

2019-08-24 12:52:50 - [TEST_STEP][PASSED] - symbol = symbol: null

2019-08-24 12:52:50 - [TEST_STEP][PASSED] - println(symbol): null

2019-08-24 12:52:50 - [TEST_STEP][PASSED] - if (i == 2 &amp;&amp; wildList.indexOf(symbol) != -1): null

2019-08-24 12:52:50 - [TEST_STEP][PASSED] - if (i == 3 &amp;&amp; wildList.indexOf(symbol) != -1): null

2019-08-24 12:52:50 - [TEST_STEP][PASSED] - if (i == 4 &amp;&amp; wildList.indexOf(symbol) != -1): null

2019-08-24 12:52:50 - [TEST_STEP][PASSED] - symbols = symbols: null

2019-08-24 12:52:50 - [TEST_STEP][PASSED] - for ([j = 0, j &lt; symbols.size(), (j++)]): null

2019-08-24 12:52:50 - [TEST_STEP][PASSED] - symbol = symbol: null

2019-08-24 12:52:50 - [TEST_STEP][PASSED] - println(symbol): null

2019-08-24 12:52:50 - [TEST_STEP][PASSED] - if (i == 2 &amp;&amp; wildList.indexOf(symbol) != -1): null

2019-08-24 12:52:50 - [TEST_STEP][PASSED] - if (i == 3 &amp;&amp; wildList.indexOf(symbol) != -1): null

2019-08-24 12:52:50 - [TEST_STEP][PASSED] - if (i == 4 &amp;&amp; wildList.indexOf(symbol) != -1): null

2019-08-24 12:52:50 - [TEST_STEP][PASSED] - symbol = symbol: null

2019-08-24 12:52:50 - [TEST_STEP][PASSED] - println(symbol): null

2019-08-24 12:52:50 - [TEST_STEP][PASSED] - if (i == 2 &amp;&amp; wildList.indexOf(symbol) != -1): null

2019-08-24 12:52:50 - [TEST_STEP][PASSED] - println("wild found on reel 3, adding counter by 1"): null

2019-08-24 12:52:50 - [TEST_STEP][PASSED] - free_spin_reel_counter[0] = free_spin_reel_counter[0] + 1: null

2019-08-24 12:52:50 - [TEST_STEP][PASSED] - if (i == 3 &amp;&amp; wildList.indexOf(symbol) != -1): null

2019-08-24 12:52:50 - [TEST_STEP][PASSED] - if (i == 4 &amp;&amp; wildList.indexOf(symbol) != -1): null

2019-08-24 12:52:50 - [TEST_STEP][PASSED] - symbol = symbol: null

2019-08-24 12:52:50 - [TEST_STEP][PASSED] - println(symbol): null

2019-08-24 12:52:50 - [TEST_STEP][PASSED] - if (i == 2 &amp;&amp; wildList.indexOf(symbol) != -1): null

2019-08-24 12:52:50 - [TEST_STEP][PASSED] - if (i == 3 &amp;&amp; wildList.indexOf(symbol) != -1): null

2019-08-24 12:52:50 - [TEST_STEP][PASSED] - if (i == 4 &amp;&amp; wildList.indexOf(symbol) != -1): null

2019-08-24 12:52:50 - [TEST_STEP][PASSED] - symbols = symbols: null

2019-08-24 12:52:50 - [TEST_STEP][PASSED] - for ([j = 0, j &lt; symbols.size(), (j++)]): null

2019-08-24 12:52:50 - [TEST_STEP][PASSED] - symbol = symbol: null

2019-08-24 12:52:50 - [TEST_STEP][PASSED] - println(symbol): null

2019-08-24 12:52:50 - [TEST_STEP][PASSED] - if (i == 2 &amp;&amp; wildList.indexOf(symbol) != -1): null

2019-08-24 12:52:50 - [TEST_STEP][PASSED] - if (i == 3 &amp;&amp; wildList.indexOf(symbol) != -1): null

2019-08-24 12:52:50 - [TEST_STEP][PASSED] - if (i == 4 &amp;&amp; wildList.indexOf(symbol) != -1): null

2019-08-24 12:52:50 - [TEST_STEP][PASSED] - symbol = symbol: null

2019-08-24 12:52:50 - [TEST_STEP][PASSED] - println(symbol): null

2019-08-24 12:52:50 - [TEST_STEP][PASSED] - if (i == 2 &amp;&amp; wildList.indexOf(symbol) != -1): null

2019-08-24 12:52:50 - [TEST_STEP][PASSED] - if (i == 3 &amp;&amp; wildList.indexOf(symbol) != -1): null

2019-08-24 12:52:50 - [TEST_STEP][PASSED] - if (i == 4 &amp;&amp; wildList.indexOf(symbol) != -1): null

2019-08-24 12:52:50 - [TEST_STEP][PASSED] - symbol = symbol: null

2019-08-24 12:52:50 - [TEST_STEP][PASSED] - println(symbol): null

2019-08-24 12:52:50 - [TEST_STEP][PASSED] - if (i == 2 &amp;&amp; wildList.indexOf(symbol) != -1): null

2019-08-24 12:52:50 - [TEST_STEP][PASSED] - if (i == 3 &amp;&amp; wildList.indexOf(symbol) != -1): null

2019-08-24 12:52:50 - [TEST_STEP][PASSED] - if (i == 4 &amp;&amp; wildList.indexOf(symbol) != -1): null

2019-08-24 12:52:50 - [TEST_STEP][PASSED] - symbols = symbols: null

2019-08-24 12:52:50 - [TEST_STEP][PASSED] - for ([j = 0, j &lt; symbols.size(), (j++)]): null

2019-08-24 12:52:50 - [TEST_STEP][PASSED] - symbol = symbol: null

2019-08-24 12:52:50 - [TEST_STEP][PASSED] - println(symbol): null

2019-08-24 12:52:50 - [TEST_STEP][PASSED] - if (i == 2 &amp;&amp; wildList.indexOf(symbol) != -1): null

2019-08-24 12:52:50 - [TEST_STEP][PASSED] - if (i == 3 &amp;&amp; wildList.indexOf(symbol) != -1): null

2019-08-24 12:52:50 - [TEST_STEP][PASSED] - if (i == 4 &amp;&amp; wildList.indexOf(symbol) != -1): null

2019-08-24 12:52:50 - [TEST_STEP][PASSED] - symbol = symbol: null

2019-08-24 12:52:50 - [TEST_STEP][PASSED] - println(symbol): null

2019-08-24 12:52:50 - [TEST_STEP][PASSED] - if (i == 2 &amp;&amp; wildList.indexOf(symbol) != -1): null

2019-08-24 12:52:50 - [TEST_STEP][PASSED] - if (i == 3 &amp;&amp; wildList.indexOf(symbol) != -1): null

2019-08-24 12:52:50 - [TEST_STEP][PASSED] - if (i == 4 &amp;&amp; wildList.indexOf(symbol) != -1): null

2019-08-24 12:52:50 - [TEST_STEP][PASSED] - symbol = symbol: null

2019-08-24 12:52:50 - [TEST_STEP][PASSED] - println(symbol): null

2019-08-24 12:52:50 - [TEST_STEP][PASSED] - if (i == 2 &amp;&amp; wildList.indexOf(symbol) != -1): null

2019-08-24 12:52:50 - [TEST_STEP][PASSED] - if (i == 3 &amp;&amp; wildList.indexOf(symbol) != -1): null

2019-08-24 12:52:50 - [TEST_STEP][PASSED] - if (i == 4 &amp;&amp; wildList.indexOf(symbol) != -1): null

2019-08-24 12:52:50 - [TEST_STEP][PASSED] - free_spin_reel_counter = free_spin_reel_counter: null

2019-08-24 12:52:50 - [TEST_STEP][PASSED] - println("reel 3 wild found: " + free_spin_reel_counter[0]): null

2019-08-24 12:52:50 - [TEST_STEP][PASSED] - println("reel 4 wild found: " + free_spin_reel_counter[1]): null

2019-08-24 12:52:50 - [TEST_STEP][PASSED] - println("reel 5 wild found: " + free_spin_reel_counter[2]): null

2019-08-24 12:52:50 - [TEST_STEP][PASSED] - M4_spin_reels = M4_spin_reels: null

2019-08-24 12:52:50 - [TEST_STEP][PASSED] - M4_spin_reels_symbols = symbol: null

2019-08-24 12:52:50 - [TEST_STEP][PASSED] - M4_spin_reels_symbols = M4_spin_reels_symbols: null

2019-08-24 12:52:50 - [TEST_STEP][PASSED] - M4_spin_reel_wins = reel_wins: null

2019-08-24 12:52:50 - [TEST_STEP][PASSED] - M4_spin_reel_wins = M4_spin_reel_wins: null

2019-08-24 12:52:50 - [TEST_STEP][PASSED] - println("GlobalVariable.M4_spin_reel_wins is: " + M4_spin_reel_wins): null

2019-08-24 12:52:50 - [TEST_STEP][PASSED] - M4_spin_total_bonus_win_this_round = total_bonus_win_this_round: null

2019-08-24 12:52:50 - [TEST_STEP][PASSED] - M4_spin_total_bonus_win_this_round = M4_spin_total_bonus_win_this_round: null

2019-08-24 12:52:50 - [TEST_STEP][PASSED] - println("GlobalVariable.M4_spin_total_bonus_win_this_round is: " + M4_spin_total_bonus_win_this_round): null

2019-08-24 12:52:50 - [TEST_STEP][PASSED] - M4_spin_bonus_spin_result = spin_result: null

2019-08-24 12:52:50 - [TEST_STEP][PASSED] - M4_spin_bonus_spin_result = M4_spin_bonus_spin_result: null

2019-08-24 12:52:50 - [MESSAGE][PASSED] - Verify response successfully

2019-08-24 12:52:50 - [MESSAGE][PASSED] - Send request and verify the response successfully

2019-08-24 12:52:50 - [TEST_STEP][PASSED] - if (M4_total_bonus_spins_int != 0 &amp;&amp; M4_spin_reels_symbols[2].contains("WILD_Double") || M4_spin_reels_symbols[4].contains("WILD_Triple")): null

2019-08-24 12:52:50 - [TEST_STEP][PASSED] - free_spin_reel_counter = free_spin_reel_counter: null

2019-08-24 12:52:50 - [TEST_STEP][PASSED] - M4_spin_reels_symbols = M4_spin_reels_symbols: null

2019-08-24 12:52:50 - [TEST_STEP][PASSED] - M4_total_bonus_spins = M4_total_bonus_spins: null

2019-08-24 12:52:50 - [TEST_STEP][PASSED] - spin_result = sendRequestAndVerify(findTestObject("INT/RGS(M4)/1_M4_spin", ["M4_login_user_id":M4_login_user_id, "rgs_session_token":rgs_session_token, "partner":Partner])): Send request and verify the response successfully

2019-08-24 12:52:51 - [MESSAGE][INFO] - HAR: /Users/eiralee/Katalon_Script/SuperWild/Reports/20190824_124242/INT/superWild_4/20190824_124242/requests/main/183.har

2019-08-24 12:52:54 - [TEST_CASE][PASSED] - Start Test Case : Verification: Verification accomplished successfully

2019-08-24 12:52:54 - [TEST_STEP][PASSED] - request = getInstance().getCurrentRequest(): null

2019-08-24 12:52:55 - [TEST_STEP][PASSED] - response = getInstance().getCurrentResponse(): null

2019-08-24 12:52:55 - [TEST_STEP][PASSED] - verifyResponseStatusCode(response, 200): Verify response status code successfully

2019-08-24 12:52:55 - [MESSAGE][PASSED] - Verify response status code successfully

2019-08-24 12:52:55 - [TEST_STEP][PASSED] - getStatusCode()).isEqualTo(200): null

2019-08-24 12:52:55 - [TEST_STEP][PASSED] - newline = System.getProperty("line.separator"): null

2019-08-24 12:52:55 - [TEST_STEP][PASSED] - M4_spin = new groovy.json.JsonSlurper(): null

2019-08-24 12:52:55 - [TEST_STEP][PASSED] - result_M4_spin = M4_spin.parseText(response.getResponseBodyContent()): null

2019-08-24 12:52:55 - [TEST_STEP][PASSED] - M4_spin_current_balance = current_balance: null

2019-08-24 12:52:55 - [TEST_STEP][PASSED] - M4_spin_current_balance = M4_spin_current_balance: null

2019-08-24 12:53:00 - [TEST_STEP][PASSED] - M4_spin_transaction_id = causality: null

2019-08-24 12:53:00 - [TEST_STEP][PASSED] - M4_spin_transaction_id = M4_spin_transaction_id: null

2019-08-24 12:53:00 - [TEST_STEP][PASSED] - M4_spin_round_id = round_id: null

2019-08-24 12:53:00 - [TEST_STEP][PASSED] - M4_spin_round_id = M4_spin_round_id: null

2019-08-24 12:53:00 - [TEST_STEP][PASSED] - M4_spin_line_wins = line_wins: null

2019-08-24 12:53:00 - [TEST_STEP][PASSED] - M4_spin_line_wins = M4_spin_line_wins: null

2019-08-24 12:53:05 - [TEST_STEP][PASSED] - M4_total_bonus_spins_int = total_bonus_spins: null

2019-08-24 12:53:05 - [TEST_STEP][PASSED] - println("******M4_total_bonus_spins type is:*******" + newline + getClass().getName()): null

2019-08-24 12:53:05 - [TEST_STEP][PASSED] - M4_total_bonus_spins_int = M4_total_bonus_spins_int: null

2019-08-24 12:53:05 - [TEST_STEP][PASSED] - M4_total_bonus_spins = Integer.toString(M4_total_bonus_spins_int): null

2019-08-24 12:53:05 - [TEST_STEP][PASSED] - M4_total_bonus_spins = M4_total_bonus_spins: null

2019-08-24 12:53:05 - [TEST_STEP][PASSED] - println("M4_total_bonus_spins is:" + M4_total_bonus_spins): null

2019-08-24 12:53:05 - [TEST_STEP][PASSED] - M4_spin_bonus_data = bonus_data: null

2019-08-24 12:53:05 - [TEST_STEP][PASSED] - M4_spin_features_triggered = result_M4_spin: null

2019-08-24 12:53:05 - [TEST_STEP][PASSED] - wild = []: null

2019-08-24 12:53:05 - [TEST_STEP][PASSED] - wild[0] = "WILD_Expanding": null

2019-08-24 12:53:05 - [TEST_STEP][PASSED] - wild[1] = "WILD_Normal": null

2019-08-24 12:53:05 - [TEST_STEP][PASSED] - wild[2] = "WILD_Double": null

2019-08-24 12:53:05 - [TEST_STEP][PASSED] - wild[3] = "WILD_ExtraFG": null

2019-08-24 12:53:05 - [TEST_STEP][PASSED] - wild[4] = "WILD_Triple": null

2019-08-24 12:53:05 - [TEST_STEP][PASSED] - wildList = Arrays.asList(wild): null

2019-08-24 12:53:05 - [TEST_STEP][PASSED] - wildList = wildList: null

2019-08-24 12:53:05 - [TEST_STEP][PASSED] - free_spin_reel_counter = []: null

2019-08-24 12:53:05 - [TEST_STEP][PASSED] - free_spin_reel_counter[0] = 0: null

2019-08-24 12:53:05 - [TEST_STEP][PASSED] - free_spin_reel_counter[1] = 0: null

2019-08-24 12:53:05 - [TEST_STEP][PASSED] - free_spin_reel_counter[2] = 0: null

2019-08-24 12:53:05 - [TEST_STEP][PASSED] - M4_spin_reels = reels: null

2019-08-24 12:53:05 - [TEST_STEP][PASSED] - for ([i = 0, i &lt; M4_spin_reels.size(), (i++)]): null

2019-08-24 12:53:05 - [TEST_STEP][PASSED] - symbols = symbols: null

2019-08-24 12:53:05 - [TEST_STEP][PASSED] - for ([j = 0, j &lt; symbols.size(), (j++)]): null

2019-08-24 12:53:05 - [TEST_STEP][PASSED] - symbol = symbol: null

2019-08-24 12:53:05 - [TEST_STEP][PASSED] - println(symbol): null

2019-08-24 12:53:05 - [TEST_STEP][PASSED] - if (i == 2 &amp;&amp; wildList.indexOf(symbol) != -1): null

2019-08-24 12:53:05 - [TEST_STEP][PASSED] - if (i == 3 &amp;&amp; wildList.indexOf(symbol) != -1): null

2019-08-24 12:53:05 - [TEST_STEP][PASSED] - if (i == 4 &amp;&amp; wildList.indexOf(symbol) != -1): null

2019-08-24 12:53:05 - [TEST_STEP][PASSED] - symbol = symbol: null

2019-08-24 12:53:05 - [TEST_STEP][PASSED] - println(symbol): null

2019-08-24 12:53:05 - [TEST_STEP][PASSED] - if (i == 2 &amp;&amp; wildList.indexOf(symbol) != -1): null

2019-08-24 12:53:05 - [TEST_STEP][PASSED] - if (i == 3 &amp;&amp; wildList.indexOf(symbol) != -1): null

2019-08-24 12:53:05 - [TEST_STEP][PASSED] - if (i == 4 &amp;&amp; wildList.indexOf(symbol) != -1): null

2019-08-24 12:53:05 - [TEST_STEP][PASSED] - symbol = symbol: null

2019-08-24 12:53:05 - [TEST_STEP][PASSED] - println(symbol): null

2019-08-24 12:53:05 - [TEST_STEP][PASSED] - if (i == 2 &amp;&amp; wildList.indexOf(symbol) != -1): null

2019-08-24 12:53:05 - [TEST_STEP][PASSED] - if (i == 3 &amp;&amp; wildList.indexOf(symbol) != -1): null

2019-08-24 12:53:05 - [TEST_STEP][PASSED] - if (i == 4 &amp;&amp; wildList.indexOf(symbol) != -1): null

2019-08-24 12:53:05 - [TEST_STEP][PASSED] - symbols = symbols: null

2019-08-24 12:53:05 - [TEST_STEP][PASSED] - for ([j = 0, j &lt; symbols.size(), (j++)]): null

2019-08-24 12:53:05 - [TEST_STEP][PASSED] - symbol = symbol: null

2019-08-24 12:53:05 - [TEST_STEP][PASSED] - println(symbol): null

2019-08-24 12:53:05 - [TEST_STEP][PASSED] - if (i == 2 &amp;&amp; wildList.indexOf(symbol) != -1): null

2019-08-24 12:53:05 - [TEST_STEP][PASSED] - if (i == 3 &amp;&amp; wildList.indexOf(symbol) != -1): null

2019-08-24 12:53:05 - [TEST_STEP][PASSED] - if (i == 4 &amp;&amp; wildList.indexOf(symbol) != -1): null

2019-08-24 12:53:05 - [TEST_STEP][PASSED] - symbol = symbol: null

2019-08-24 12:53:05 - [TEST_STEP][PASSED] - println(symbol): null

2019-08-24 12:53:05 - [TEST_STEP][PASSED] - if (i == 2 &amp;&amp; wildList.indexOf(symbol) != -1): null

2019-08-24 12:53:05 - [TEST_STEP][PASSED] - if (i == 3 &amp;&amp; wildList.indexOf(symbol) != -1): null

2019-08-24 12:53:05 - [TEST_STEP][PASSED] - if (i == 4 &amp;&amp; wildList.indexOf(symbol) != -1): null

2019-08-24 12:53:05 - [TEST_STEP][PASSED] - symbol = symbol: null

2019-08-24 12:53:05 - [TEST_STEP][PASSED] - println(symbol): null

2019-08-24 12:53:05 - [TEST_STEP][PASSED] - if (i == 2 &amp;&amp; wildList.indexOf(symbol) != -1): null

2019-08-24 12:53:05 - [TEST_STEP][PASSED] - if (i == 3 &amp;&amp; wildList.indexOf(symbol) != -1): null

2019-08-24 12:53:05 - [TEST_STEP][PASSED] - if (i == 4 &amp;&amp; wildList.indexOf(symbol) != -1): null

2019-08-24 12:53:05 - [TEST_STEP][PASSED] - symbols = symbols: null

2019-08-24 12:53:05 - [TEST_STEP][PASSED] - for ([j = 0, j &lt; symbols.size(), (j++)]): null

2019-08-24 12:53:05 - [TEST_STEP][PASSED] - symbol = symbol: null

2019-08-24 12:53:05 - [TEST_STEP][PASSED] - println(symbol): null

2019-08-24 12:53:05 - [TEST_STEP][PASSED] - if (i == 2 &amp;&amp; wildList.indexOf(symbol) != -1): null

2019-08-24 12:53:05 - [TEST_STEP][PASSED] - println("wild found on reel 3, adding counter by 1"): null

2019-08-24 12:53:05 - [TEST_STEP][PASSED] - free_spin_reel_counter[0] = free_spin_reel_counter[0] + 1: null

2019-08-24 12:53:05 - [TEST_STEP][PASSED] - if (i == 3 &amp;&amp; wildList.indexOf(symbol) != -1): null

2019-08-24 12:53:05 - [TEST_STEP][PASSED] - if (i == 4 &amp;&amp; wildList.indexOf(symbol) != -1): null

2019-08-24 12:53:05 - [TEST_STEP][PASSED] - symbol = symbol: null

2019-08-24 12:53:05 - [TEST_STEP][PASSED] - println(symbol): null

2019-08-24 12:53:05 - [TEST_STEP][PASSED] - if (i == 2 &amp;&amp; wildList.indexOf(symbol) != -1): null

2019-08-24 12:53:05 - [TEST_STEP][PASSED] - if (i == 3 &amp;&amp; wildList.indexOf(symbol) != -1): null

2019-08-24 12:53:05 - [TEST_STEP][PASSED] - if (i == 4 &amp;&amp; wildList.indexOf(symbol) != -1): null

2019-08-24 12:53:05 - [TEST_STEP][PASSED] - symbol = symbol: null

2019-08-24 12:53:05 - [TEST_STEP][PASSED] - println(symbol): null

2019-08-24 12:53:05 - [TEST_STEP][PASSED] - if (i == 2 &amp;&amp; wildList.indexOf(symbol) != -1): null

2019-08-24 12:53:05 - [TEST_STEP][PASSED] - if (i == 3 &amp;&amp; wildList.indexOf(symbol) != -1): null

2019-08-24 12:53:05 - [TEST_STEP][PASSED] - if (i == 4 &amp;&amp; wildList.indexOf(symbol) != -1): null

2019-08-24 12:53:05 - [TEST_STEP][PASSED] - symbols = symbols: null

2019-08-24 12:53:05 - [TEST_STEP][PASSED] - for ([j = 0, j &lt; symbols.size(), (j++)]): null

2019-08-24 12:53:05 - [TEST_STEP][PASSED] - symbol = symbol: null

2019-08-24 12:53:05 - [TEST_STEP][PASSED] - println(symbol): null

2019-08-24 12:53:05 - [TEST_STEP][PASSED] - if (i == 2 &amp;&amp; wildList.indexOf(symbol) != -1): null

2019-08-24 12:53:05 - [TEST_STEP][PASSED] - if (i == 3 &amp;&amp; wildList.indexOf(symbol) != -1): null

2019-08-24 12:53:05 - [TEST_STEP][PASSED] - if (i == 4 &amp;&amp; wildList.indexOf(symbol) != -1): null

2019-08-24 12:53:05 - [TEST_STEP][PASSED] - symbol = symbol: null

2019-08-24 12:53:05 - [TEST_STEP][PASSED] - println(symbol): null

2019-08-24 12:53:05 - [TEST_STEP][PASSED] - if (i == 2 &amp;&amp; wildList.indexOf(symbol) != -1): null

2019-08-24 12:53:05 - [TEST_STEP][PASSED] - if (i == 3 &amp;&amp; wildList.indexOf(symbol) != -1): null

2019-08-24 12:53:05 - [TEST_STEP][PASSED] - if (i == 4 &amp;&amp; wildList.indexOf(symbol) != -1): null

2019-08-24 12:53:05 - [TEST_STEP][PASSED] - symbol = symbol: null

2019-08-24 12:53:05 - [TEST_STEP][PASSED] - println(symbol): null

2019-08-24 12:53:05 - [TEST_STEP][PASSED] - if (i == 2 &amp;&amp; wildList.indexOf(symbol) != -1): null

2019-08-24 12:53:05 - [TEST_STEP][PASSED] - if (i == 3 &amp;&amp; wildList.indexOf(symbol) != -1): null

2019-08-24 12:53:05 - [TEST_STEP][PASSED] - if (i == 4 &amp;&amp; wildList.indexOf(symbol) != -1): null

2019-08-24 12:53:05 - [TEST_STEP][PASSED] - symbols = symbols: null

2019-08-24 12:53:05 - [TEST_STEP][PASSED] - for ([j = 0, j &lt; symbols.size(), (j++)]): null

2019-08-24 12:53:05 - [TEST_STEP][PASSED] - symbol = symbol: null

2019-08-24 12:53:05 - [TEST_STEP][PASSED] - println(symbol): null

2019-08-24 12:53:05 - [TEST_STEP][PASSED] - if (i == 2 &amp;&amp; wildList.indexOf(symbol) != -1): null

2019-08-24 12:53:05 - [TEST_STEP][PASSED] - if (i == 3 &amp;&amp; wildList.indexOf(symbol) != -1): null

2019-08-24 12:53:05 - [TEST_STEP][PASSED] - if (i == 4 &amp;&amp; wildList.indexOf(symbol) != -1): null

2019-08-24 12:53:05 - [TEST_STEP][PASSED] - symbol = symbol: null

2019-08-24 12:53:05 - [TEST_STEP][PASSED] - println(symbol): null

2019-08-24 12:53:05 - [TEST_STEP][PASSED] - if (i == 2 &amp;&amp; wildList.indexOf(symbol) != -1): null

2019-08-24 12:53:05 - [TEST_STEP][PASSED] - if (i == 3 &amp;&amp; wildList.indexOf(symbol) != -1): null

2019-08-24 12:53:05 - [TEST_STEP][PASSED] - if (i == 4 &amp;&amp; wildList.indexOf(symbol) != -1): null

2019-08-24 12:53:05 - [TEST_STEP][PASSED] - symbol = symbol: null

2019-08-24 12:53:05 - [TEST_STEP][PASSED] - println(symbol): null

2019-08-24 12:53:05 - [TEST_STEP][PASSED] - if (i == 2 &amp;&amp; wildList.indexOf(symbol) != -1): null

2019-08-24 12:53:05 - [TEST_STEP][PASSED] - if (i == 3 &amp;&amp; wildList.indexOf(symbol) != -1): null

2019-08-24 12:53:05 - [TEST_STEP][PASSED] - if (i == 4 &amp;&amp; wildList.indexOf(symbol) != -1): null

2019-08-24 12:53:05 - [TEST_STEP][PASSED] - free_spin_reel_counter = free_spin_reel_counter: null

2019-08-24 12:53:05 - [TEST_STEP][PASSED] - println("reel 3 wild found: " + free_spin_reel_counter[0]): null

2019-08-24 12:53:05 - [TEST_STEP][PASSED] - println("reel 4 wild found: " + free_spin_reel_counter[1]): null

2019-08-24 12:53:05 - [TEST_STEP][PASSED] - println("reel 5 wild found: " + free_spin_reel_counter[2]): null

2019-08-24 12:53:05 - [TEST_STEP][PASSED] - M4_spin_reels = M4_spin_reels: null

2019-08-24 12:53:05 - [TEST_STEP][PASSED] - M4_spin_reels_symbols = symbol: null

2019-08-24 12:53:05 - [TEST_STEP][PASSED] - M4_spin_reels_symbols = M4_spin_reels_symbols: null

2019-08-24 12:53:05 - [TEST_STEP][PASSED] - M4_spin_reel_wins = reel_wins: null

2019-08-24 12:53:05 - [TEST_STEP][PASSED] - M4_spin_reel_wins = M4_spin_reel_wins: null

2019-08-24 12:53:05 - [TEST_STEP][PASSED] - println("GlobalVariable.M4_spin_reel_wins is: " + M4_spin_reel_wins): null

2019-08-24 12:53:05 - [TEST_STEP][PASSED] - M4_spin_total_bonus_win_this_round = total_bonus_win_this_round: null

2019-08-24 12:53:05 - [TEST_STEP][PASSED] - M4_spin_total_bonus_win_this_round = M4_spin_total_bonus_win_this_round: null

2019-08-24 12:53:05 - [TEST_STEP][PASSED] - println("GlobalVariable.M4_spin_total_bonus_win_this_round is: " + M4_spin_total_bonus_win_this_round): null

2019-08-24 12:53:05 - [TEST_STEP][PASSED] - M4_spin_bonus_spin_result = spin_result: null

2019-08-24 12:53:05 - [TEST_STEP][PASSED] - M4_spin_bonus_spin_result = M4_spin_bonus_spin_result: null

2019-08-24 12:53:05 - [MESSAGE][PASSED] - Verify response successfully

2019-08-24 12:53:05 - [MESSAGE][PASSED] - Send request and verify the response successfully

2019-08-24 12:53:05 - [TEST_STEP][PASSED] - if (M4_total_bonus_spins_int != 0 &amp;&amp; M4_spin_reels_symbols[2].contains("WILD_Double") || M4_spin_reels_symbols[4].contains("WILD_Triple")): null

2019-08-24 12:53:05 - [TEST_STEP][PASSED] - free_spin_reel_counter = free_spin_reel_counter: null

2019-08-24 12:53:05 - [TEST_STEP][PASSED] - M4_spin_reels_symbols = M4_spin_reels_symbols: null

2019-08-24 12:53:05 - [TEST_STEP][PASSED] - M4_total_bonus_spins = M4_total_bonus_spins: null

2019-08-24 12:53:05 - [TEST_STEP][PASSED] - spin_result = sendRequestAndVerify(findTestObject("INT/RGS(M4)/1_M4_spin", ["M4_login_user_id":M4_login_user_id, "rgs_session_token":rgs_session_token, "partner":Partner])): Send request and verify the response successfully

2019-08-24 12:53:06 - [MESSAGE][INFO] - HAR: /Users/eiralee/Katalon_Script/SuperWild/Reports/20190824_124242/INT/superWild_4/20190824_124242/requests/main/184.har

2019-08-24 12:53:07 - [TEST_CASE][PASSED] - Start Test Case : Verification: Verification accomplished successfully

2019-08-24 12:53:07 - [TEST_STEP][PASSED] - request = getInstance().getCurrentRequest(): null

2019-08-24 12:53:07 - [TEST_STEP][PASSED] - response = getInstance().getCurrentResponse(): null

2019-08-24 12:53:07 - [TEST_STEP][PASSED] - verifyResponseStatusCode(response, 200): Verify response status code successfully

2019-08-24 12:53:07 - [MESSAGE][PASSED] - Verify response status code successfully

2019-08-24 12:53:07 - [TEST_STEP][PASSED] - getStatusCode()).isEqualTo(200): null

2019-08-24 12:53:07 - [TEST_STEP][PASSED] - newline = System.getProperty("line.separator"): null

2019-08-24 12:53:07 - [TEST_STEP][PASSED] - M4_spin = new groovy.json.JsonSlurper(): null

2019-08-24 12:53:07 - [TEST_STEP][PASSED] - result_M4_spin = M4_spin.parseText(response.getResponseBodyContent()): null

2019-08-24 12:53:07 - [TEST_STEP][PASSED] - M4_spin_current_balance = current_balance: null

2019-08-24 12:53:07 - [TEST_STEP][PASSED] - M4_spin_current_balance = M4_spin_current_balance: null

2019-08-24 12:53:07 - [TEST_STEP][PASSED] - M4_spin_transaction_id = causality: null

2019-08-24 12:53:07 - [TEST_STEP][PASSED] - M4_spin_transaction_id = M4_spin_transaction_id: null

2019-08-24 12:53:07 - [TEST_STEP][PASSED] - M4_spin_round_id = round_id: null

2019-08-24 12:53:07 - [TEST_STEP][PASSED] - M4_spin_round_id = M4_spin_round_id: null

2019-08-24 12:53:07 - [TEST_STEP][PASSED] - M4_spin_line_wins = line_wins: null

2019-08-24 12:53:07 - [TEST_STEP][PASSED] - M4_spin_line_wins = M4_spin_line_wins: null

2019-08-24 12:53:07 - [TEST_STEP][PASSED] - M4_total_bonus_spins_int = total_bonus_spins: null

2019-08-24 12:53:07 - [TEST_STEP][PASSED] - println("******M4_total_bonus_spins type is:*******" + newline + getClass().getName()): null

2019-08-24 12:53:07 - [TEST_STEP][PASSED] - M4_total_bonus_spins_int = M4_total_bonus_spins_int: null

2019-08-24 12:53:07 - [TEST_STEP][PASSED] - M4_total_bonus_spins = Integer.toString(M4_total_bonus_spins_int): null

2019-08-24 12:53:07 - [TEST_STEP][PASSED] - M4_total_bonus_spins = M4_total_bonus_spins: null

2019-08-24 12:53:07 - [TEST_STEP][PASSED] - println("M4_total_bonus_spins is:" + M4_total_bonus_spins): null

2019-08-24 12:53:07 - [TEST_STEP][PASSED] - M4_spin_bonus_data = bonus_data: null

2019-08-24 12:53:07 - [TEST_STEP][PASSED] - M4_spin_features_triggered = result_M4_spin: null

2019-08-24 12:53:07 - [TEST_STEP][PASSED] - wild = []: null

2019-08-24 12:53:07 - [TEST_STEP][PASSED] - wild[0] = "WILD_Expanding": null

2019-08-24 12:53:07 - [TEST_STEP][PASSED] - wild[1] = "WILD_Normal": null

2019-08-24 12:53:07 - [TEST_STEP][PASSED] - wild[2] = "WILD_Double": null

2019-08-24 12:53:07 - [TEST_STEP][PASSED] - wild[3] = "WILD_ExtraFG": null

2019-08-24 12:53:07 - [TEST_STEP][PASSED] - wild[4] = "WILD_Triple": null

2019-08-24 12:53:07 - [TEST_STEP][PASSED] - wildList = Arrays.asList(wild): null

2019-08-24 12:53:07 - [TEST_STEP][PASSED] - wildList = wildList: null

2019-08-24 12:53:07 - [TEST_STEP][PASSED] - free_spin_reel_counter = []: null

2019-08-24 12:53:07 - [TEST_STEP][PASSED] - free_spin_reel_counter[0] = 0: null

2019-08-24 12:53:07 - [TEST_STEP][PASSED] - free_spin_reel_counter[1] = 0: null

2019-08-24 12:53:07 - [TEST_STEP][PASSED] - free_spin_reel_counter[2] = 0: null

2019-08-24 12:53:07 - [TEST_STEP][PASSED] - M4_spin_reels = reels: null

2019-08-24 12:53:07 - [TEST_STEP][PASSED] - for ([i = 0, i &lt; M4_spin_reels.size(), (i++)]): null

2019-08-24 12:53:07 - [TEST_STEP][PASSED] - symbols = symbols: null

2019-08-24 12:53:07 - [TEST_STEP][PASSED] - for ([j = 0, j &lt; symbols.size(), (j++)]): null

2019-08-24 12:53:07 - [TEST_STEP][PASSED] - symbol = symbol: null

2019-08-24 12:53:07 - [TEST_STEP][PASSED] - println(symbol): null

2019-08-24 12:53:07 - [TEST_STEP][PASSED] - if (i == 2 &amp;&amp; wildList.indexOf(symbol) != -1): null

2019-08-24 12:53:07 - [TEST_STEP][PASSED] - if (i == 3 &amp;&amp; wildList.indexOf(symbol) != -1): null

2019-08-24 12:53:07 - [TEST_STEP][PASSED] - if (i == 4 &amp;&amp; wildList.indexOf(symbol) != -1): null

2019-08-24 12:53:07 - [TEST_STEP][PASSED] - symbol = symbol: null

2019-08-24 12:53:07 - [TEST_STEP][PASSED] - println(symbol): null

2019-08-24 12:53:07 - [TEST_STEP][PASSED] - if (i == 2 &amp;&amp; wildList.indexOf(symbol) != -1): null

2019-08-24 12:53:07 - [TEST_STEP][PASSED] - if (i == 3 &amp;&amp; wildList.indexOf(symbol) != -1): null

2019-08-24 12:53:07 - [TEST_STEP][PASSED] - if (i == 4 &amp;&amp; wildList.indexOf(symbol) != -1): null

2019-08-24 12:53:07 - [TEST_STEP][PASSED] - symbol = symbol: null

2019-08-24 12:53:07 - [TEST_STEP][PASSED] - println(symbol): null

2019-08-24 12:53:07 - [TEST_STEP][PASSED] - if (i == 2 &amp;&amp; wildList.indexOf(symbol) != -1): null

2019-08-24 12:53:07 - [TEST_STEP][PASSED] - if (i == 3 &amp;&amp; wildList.indexOf(symbol) != -1): null

2019-08-24 12:53:07 - [TEST_STEP][PASSED] - if (i == 4 &amp;&amp; wildList.indexOf(symbol) != -1): null

2019-08-24 12:53:07 - [TEST_STEP][PASSED] - symbols = symbols: null

2019-08-24 12:53:07 - [TEST_STEP][PASSED] - for ([j = 0, j &lt; symbols.size(), (j++)]): null

2019-08-24 12:53:07 - [TEST_STEP][PASSED] - symbol = symbol: null

2019-08-24 12:53:07 - [TEST_STEP][PASSED] - println(symbol): null

2019-08-24 12:53:07 - [TEST_STEP][PASSED] - if (i == 2 &amp;&amp; wildList.indexOf(symbol) != -1): null

2019-08-24 12:53:07 - [TEST_STEP][PASSED] - if (i == 3 &amp;&amp; wildList.indexOf(symbol) != -1): null

2019-08-24 12:53:07 - [TEST_STEP][PASSED] - if (i == 4 &amp;&amp; wildList.indexOf(symbol) != -1): null

2019-08-24 12:53:07 - [TEST_STEP][PASSED] - symbol = symbol: null

2019-08-24 12:53:07 - [TEST_STEP][PASSED] - println(symbol): null

2019-08-24 12:53:07 - [TEST_STEP][PASSED] - if (i == 2 &amp;&amp; wildList.indexOf(symbol) != -1): null

2019-08-24 12:53:07 - [TEST_STEP][PASSED] - if (i == 3 &amp;&amp; wildList.indexOf(symbol) != -1): null

2019-08-24 12:53:07 - [TEST_STEP][PASSED] - if (i == 4 &amp;&amp; wildList.indexOf(symbol) != -1): null

2019-08-24 12:53:07 - [TEST_STEP][PASSED] - symbol = symbol: null

2019-08-24 12:53:07 - [TEST_STEP][PASSED] - println(symbol): null

2019-08-24 12:53:07 - [TEST_STEP][PASSED] - if (i == 2 &amp;&amp; wildList.indexOf(symbol) != -1): null

2019-08-24 12:53:07 - [TEST_STEP][PASSED] - if (i == 3 &amp;&amp; wildList.indexOf(symbol) != -1): null

2019-08-24 12:53:07 - [TEST_STEP][PASSED] - if (i == 4 &amp;&amp; wildList.indexOf(symbol) != -1): null

2019-08-24 12:53:07 - [TEST_STEP][PASSED] - symbols = symbols: null

2019-08-24 12:53:07 - [TEST_STEP][PASSED] - for ([j = 0, j &lt; symbols.size(), (j++)]): null

2019-08-24 12:53:07 - [TEST_STEP][PASSED] - symbol = symbol: null

2019-08-24 12:53:07 - [TEST_STEP][PASSED] - println(symbol): null

2019-08-24 12:53:07 - [TEST_STEP][PASSED] - if (i == 2 &amp;&amp; wildList.indexOf(symbol) != -1): null

2019-08-24 12:53:07 - [TEST_STEP][PASSED] - if (i == 3 &amp;&amp; wildList.indexOf(symbol) != -1): null

2019-08-24 12:53:07 - [TEST_STEP][PASSED] - if (i == 4 &amp;&amp; wildList.indexOf(symbol) != -1): null

2019-08-24 12:53:07 - [TEST_STEP][PASSED] - symbol = symbol: null

2019-08-24 12:53:07 - [TEST_STEP][PASSED] - println(symbol): null

2019-08-24 12:53:07 - [TEST_STEP][PASSED] - if (i == 2 &amp;&amp; wildList.indexOf(symbol) != -1): null

2019-08-24 12:53:07 - [TEST_STEP][PASSED] - if (i == 3 &amp;&amp; wildList.indexOf(symbol) != -1): null

2019-08-24 12:53:07 - [TEST_STEP][PASSED] - if (i == 4 &amp;&amp; wildList.indexOf(symbol) != -1): null

2019-08-24 12:53:07 - [TEST_STEP][PASSED] - symbol = symbol: null

2019-08-24 12:53:07 - [TEST_STEP][PASSED] - println(symbol): null

2019-08-24 12:53:07 - [TEST_STEP][PASSED] - if (i == 2 &amp;&amp; wildList.indexOf(symbol) != -1): null

2019-08-24 12:53:07 - [TEST_STEP][PASSED] - if (i == 3 &amp;&amp; wildList.indexOf(symbol) != -1): null

2019-08-24 12:53:07 - [TEST_STEP][PASSED] - if (i == 4 &amp;&amp; wildList.indexOf(symbol) != -1): null

2019-08-24 12:53:07 - [TEST_STEP][PASSED] - symbols = symbols: null

2019-08-24 12:53:07 - [TEST_STEP][PASSED] - for ([j = 0, j &lt; symbols.size(), (j++)]): null

2019-08-24 12:53:07 - [TEST_STEP][PASSED] - symbol = symbol: null

2019-08-24 12:53:07 - [TEST_STEP][PASSED] - println(symbol): null

2019-08-24 12:53:07 - [TEST_STEP][PASSED] - if (i == 2 &amp;&amp; wildList.indexOf(symbol) != -1): null

2019-08-24 12:53:07 - [TEST_STEP][PASSED] - if (i == 3 &amp;&amp; wildList.indexOf(symbol) != -1): null

2019-08-24 12:53:07 - [TEST_STEP][PASSED] - if (i == 4 &amp;&amp; wildList.indexOf(symbol) != -1): null

2019-08-24 12:53:07 - [TEST_STEP][PASSED] - symbol = symbol: null

2019-08-24 12:53:07 - [TEST_STEP][PASSED] - println(symbol): null

2019-08-24 12:53:07 - [TEST_STEP][PASSED] - if (i == 2 &amp;&amp; wildList.indexOf(symbol) != -1): null

2019-08-24 12:53:07 - [TEST_STEP][PASSED] - if (i == 3 &amp;&amp; wildList.indexOf(symbol) != -1): null

2019-08-24 12:53:07 - [TEST_STEP][PASSED] - if (i == 4 &amp;&amp; wildList.indexOf(symbol) != -1): null

2019-08-24 12:53:07 - [TEST_STEP][PASSED] - symbol = symbol: null

2019-08-24 12:53:07 - [TEST_STEP][PASSED] - println(symbol): null

2019-08-24 12:53:07 - [TEST_STEP][PASSED] - if (i == 2 &amp;&amp; wildList.indexOf(symbol) != -1): null

2019-08-24 12:53:07 - [TEST_STEP][PASSED] - if (i == 3 &amp;&amp; wildList.indexOf(symbol) != -1): null

2019-08-24 12:53:07 - [TEST_STEP][PASSED] - if (i == 4 &amp;&amp; wildList.indexOf(symbol) != -1): null

2019-08-24 12:53:07 - [TEST_STEP][PASSED] - symbols = symbols: null

2019-08-24 12:53:07 - [TEST_STEP][PASSED] - for ([j = 0, j &lt; symbols.size(), (j++)]): null

2019-08-24 12:53:07 - [TEST_STEP][PASSED] - symbol = symbol: null

2019-08-24 12:53:07 - [TEST_STEP][PASSED] - println(symbol): null

2019-08-24 12:53:07 - [TEST_STEP][PASSED] - if (i == 2 &amp;&amp; wildList.indexOf(symbol) != -1): null

2019-08-24 12:53:07 - [TEST_STEP][PASSED] - if (i == 3 &amp;&amp; wildList.indexOf(symbol) != -1): null

2019-08-24 12:53:07 - [TEST_STEP][PASSED] - if (i == 4 &amp;&amp; wildList.indexOf(symbol) != -1): null

2019-08-24 12:53:07 - [TEST_STEP][PASSED] - symbol = symbol: null

2019-08-24 12:53:07 - [TEST_STEP][PASSED] - println(symbol): null

2019-08-24 12:53:07 - [TEST_STEP][PASSED] - if (i == 2 &amp;&amp; wildList.indexOf(symbol) != -1): null

2019-08-24 12:53:07 - [TEST_STEP][PASSED] - if (i == 3 &amp;&amp; wildList.indexOf(symbol) != -1): null

2019-08-24 12:53:07 - [TEST_STEP][PASSED] - if (i == 4 &amp;&amp; wildList.indexOf(symbol) != -1): null

2019-08-24 12:53:07 - [TEST_STEP][PASSED] - symbol = symbol: null

2019-08-24 12:53:07 - [TEST_STEP][PASSED] - println(symbol): null

2019-08-24 12:53:07 - [TEST_STEP][PASSED] - if (i == 2 &amp;&amp; wildList.indexOf(symbol) != -1): null

2019-08-24 12:53:07 - [TEST_STEP][PASSED] - if (i == 3 &amp;&amp; wildList.indexOf(symbol) != -1): null

2019-08-24 12:53:07 - [TEST_STEP][PASSED] - if (i == 4 &amp;&amp; wildList.indexOf(symbol) != -1): null

2019-08-24 12:53:07 - [TEST_STEP][PASSED] - free_spin_reel_counter = free_spin_reel_counter: null

2019-08-24 12:53:07 - [TEST_STEP][PASSED] - println("reel 3 wild found: " + free_spin_reel_counter[0]): null

2019-08-24 12:53:07 - [TEST_STEP][PASSED] - println("reel 4 wild found: " + free_spin_reel_counter[1]): null

2019-08-24 12:53:07 - [TEST_STEP][PASSED] - println("reel 5 wild found: " + free_spin_reel_counter[2]): null

2019-08-24 12:53:07 - [TEST_STEP][PASSED] - M4_spin_reels = M4_spin_reels: null

2019-08-24 12:53:07 - [TEST_STEP][PASSED] - M4_spin_reels_symbols = symbol: null

2019-08-24 12:53:07 - [TEST_STEP][PASSED] - M4_spin_reels_symbols = M4_spin_reels_symbols: null

2019-08-24 12:53:07 - [TEST_STEP][PASSED] - M4_spin_reel_wins = reel_wins: null

2019-08-24 12:53:07 - [TEST_STEP][PASSED] - M4_spin_reel_wins = M4_spin_reel_wins: null

2019-08-24 12:53:07 - [TEST_STEP][PASSED] - println("GlobalVariable.M4_spin_reel_wins is: " + M4_spin_reel_wins): null

2019-08-24 12:53:07 - [TEST_STEP][PASSED] - M4_spin_total_bonus_win_this_round = total_bonus_win_this_round: null

2019-08-24 12:53:07 - [TEST_STEP][PASSED] - M4_spin_total_bonus_win_this_round = M4_spin_total_bonus_win_this_round: null

2019-08-24 12:53:07 - [TEST_STEP][PASSED] - println("GlobalVariable.M4_spin_total_bonus_win_this_round is: " + M4_spin_total_bonus_win_this_round): null

2019-08-24 12:53:07 - [TEST_STEP][PASSED] - M4_spin_bonus_spin_result = spin_result: null

2019-08-24 12:53:07 - [TEST_STEP][PASSED] - M4_spin_bonus_spin_result = M4_spin_bonus_spin_result: null

2019-08-24 12:53:07 - [MESSAGE][PASSED] - Verify response successfully

2019-08-24 12:53:07 - [MESSAGE][PASSED] - Send request and verify the response successfully

2019-08-24 12:53:07 - [TEST_STEP][PASSED] - if (M4_total_bonus_spins_int != 0 &amp;&amp; M4_spin_reels_symbols[2].contains("WILD_Double") || M4_spin_reels_symbols[4].contains("WILD_Triple")): null

2019-08-24 12:53:07 - [TEST_STEP][PASSED] - free_spin_reel_counter = free_spin_reel_counter: null

2019-08-24 12:53:07 - [TEST_STEP][PASSED] - M4_spin_reels_symbols = M4_spin_reels_symbols: null

2019-08-24 12:53:07 - [TEST_STEP][PASSED] - M4_total_bonus_spins = M4_total_bonus_spins: null

2019-08-24 12:53:07 - [TEST_STEP][PASSED] - spin_result = sendRequestAndVerify(findTestObject("INT/RGS(M4)/1_M4_spin", ["M4_login_user_id":M4_login_user_id, "rgs_session_token":rgs_session_token, "partner":Partner])): Send request and verify the response successfully

2019-08-24 12:53:07 - [MESSAGE][INFO] - HAR: /Users/eiralee/Katalon_Script/SuperWild/Reports/20190824_124242/INT/superWild_4/20190824_124242/requests/main/185.har

2019-08-24 12:53:07 - [TEST_CASE][PASSED] - Start Test Case : Verification: Verification accomplished successfully

2019-08-24 12:53:07 - [TEST_STEP][PASSED] - request = getInstance().getCurrentRequest(): null

2019-08-24 12:53:07 - [TEST_STEP][PASSED] - response = getInstance().getCurrentResponse(): null

2019-08-24 12:53:07 - [TEST_STEP][PASSED] - verifyResponseStatusCode(response, 200): Verify response status code successfully

2019-08-24 12:53:07 - [MESSAGE][PASSED] - Verify response status code successfully

2019-08-24 12:53:07 - [TEST_STEP][PASSED] - getStatusCode()).isEqualTo(200): null

2019-08-24 12:53:07 - [TEST_STEP][PASSED] - newline = System.getProperty("line.separator"): null

2019-08-24 12:53:07 - [TEST_STEP][PASSED] - M4_spin = new groovy.json.JsonSlurper(): null

2019-08-24 12:53:07 - [TEST_STEP][PASSED] - result_M4_spin = M4_spin.parseText(response.getResponseBodyContent()): null

2019-08-24 12:53:07 - [TEST_STEP][PASSED] - M4_spin_current_balance = current_balance: null

2019-08-24 12:53:07 - [TEST_STEP][PASSED] - M4_spin_current_balance = M4_spin_current_balance: null

2019-08-24 12:53:07 - [TEST_STEP][PASSED] - M4_spin_transaction_id = causality: null

2019-08-24 12:53:07 - [TEST_STEP][PASSED] - M4_spin_transaction_id = M4_spin_transaction_id: null

2019-08-24 12:53:07 - [TEST_STEP][PASSED] - M4_spin_round_id = round_id: null

2019-08-24 12:53:07 - [TEST_STEP][PASSED] - M4_spin_round_id = M4_spin_round_id: null

2019-08-24 12:53:07 - [TEST_STEP][PASSED] - M4_spin_line_wins = line_wins: null

2019-08-24 12:53:07 - [TEST_STEP][PASSED] - M4_spin_line_wins = M4_spin_line_wins: null

2019-08-24 12:53:07 - [TEST_STEP][PASSED] - M4_total_bonus_spins_int = total_bonus_spins: null

2019-08-24 12:53:07 - [TEST_STEP][PASSED] - println("******M4_total_bonus_spins type is:*******" + newline + getClass().getName()): null

2019-08-24 12:53:07 - [TEST_STEP][PASSED] - M4_total_bonus_spins_int = M4_total_bonus_spins_int: null

2019-08-24 12:53:07 - [TEST_STEP][PASSED] - M4_total_bonus_spins = Integer.toString(M4_total_bonus_spins_int): null

2019-08-24 12:53:07 - [TEST_STEP][PASSED] - M4_total_bonus_spins = M4_total_bonus_spins: null

2019-08-24 12:53:07 - [TEST_STEP][PASSED] - println("M4_total_bonus_spins is:" + M4_total_bonus_spins): null

2019-08-24 12:53:07 - [TEST_STEP][PASSED] - M4_spin_bonus_data = bonus_data: null

2019-08-24 12:53:07 - [TEST_STEP][PASSED] - M4_spin_features_triggered = result_M4_spin: null

2019-08-24 12:53:07 - [TEST_STEP][PASSED] - wild = []: null

2019-08-24 12:53:07 - [TEST_STEP][PASSED] - wild[0] = "WILD_Expanding": null

2019-08-24 12:53:07 - [TEST_STEP][PASSED] - wild[1] = "WILD_Normal": null

2019-08-24 12:53:07 - [TEST_STEP][PASSED] - wild[2] = "WILD_Double": null

2019-08-24 12:53:07 - [TEST_STEP][PASSED] - wild[3] = "WILD_ExtraFG": null

2019-08-24 12:53:07 - [TEST_STEP][PASSED] - wild[4] = "WILD_Triple": null

2019-08-24 12:53:07 - [TEST_STEP][PASSED] - wildList = Arrays.asList(wild): null

2019-08-24 12:53:07 - [TEST_STEP][PASSED] - wildList = wildList: null

2019-08-24 12:53:07 - [TEST_STEP][PASSED] - free_spin_reel_counter = []: null

2019-08-24 12:53:07 - [TEST_STEP][PASSED] - free_spin_reel_counter[0] = 0: null

2019-08-24 12:53:07 - [TEST_STEP][PASSED] - free_spin_reel_counter[1] = 0: null

2019-08-24 12:53:07 - [TEST_STEP][PASSED] - free_spin_reel_counter[2] = 0: null

2019-08-24 12:53:07 - [TEST_STEP][PASSED] - M4_spin_reels = reels: null

2019-08-24 12:53:07 - [TEST_STEP][PASSED] - for ([i = 0, i &lt; M4_spin_reels.size(), (i++)]): null

2019-08-24 12:53:07 - [TEST_STEP][PASSED] - symbols = symbols: null

2019-08-24 12:53:07 - [TEST_STEP][PASSED] - for ([j = 0, j &lt; symbols.size(), (j++)]): null

2019-08-24 12:53:07 - [TEST_STEP][PASSED] - symbol = symbol: null

2019-08-24 12:53:07 - [TEST_STEP][PASSED] - println(symbol): null

2019-08-24 12:53:07 - [TEST_STEP][PASSED] - if (i == 2 &amp;&amp; wildList.indexOf(symbol) != -1): null

2019-08-24 12:53:07 - [TEST_STEP][PASSED] - if (i == 3 &amp;&amp; wildList.indexOf(symbol) != -1): null

2019-08-24 12:53:07 - [TEST_STEP][PASSED] - if (i == 4 &amp;&amp; wildList.indexOf(symbol) != -1): null

2019-08-24 12:53:07 - [TEST_STEP][PASSED] - symbol = symbol: null

2019-08-24 12:53:07 - [TEST_STEP][PASSED] - println(symbol): null

2019-08-24 12:53:07 - [TEST_STEP][PASSED] - if (i == 2 &amp;&amp; wildList.indexOf(symbol) != -1): null

2019-08-24 12:53:07 - [TEST_STEP][PASSED] - if (i == 3 &amp;&amp; wildList.indexOf(symbol) != -1): null

2019-08-24 12:53:07 - [TEST_STEP][PASSED] - if (i == 4 &amp;&amp; wildList.indexOf(symbol) != -1): null

2019-08-24 12:53:07 - [TEST_STEP][PASSED] - symbol = symbol: null

2019-08-24 12:53:07 - [TEST_STEP][PASSED] - println(symbol): null

2019-08-24 12:53:07 - [TEST_STEP][PASSED] - if (i == 2 &amp;&amp; wildList.indexOf(symbol) != -1): null

2019-08-24 12:53:07 - [TEST_STEP][PASSED] - if (i == 3 &amp;&amp; wildList.indexOf(symbol) != -1): null

2019-08-24 12:53:07 - [TEST_STEP][PASSED] - if (i == 4 &amp;&amp; wildList.indexOf(symbol) != -1): null

2019-08-24 12:53:07 - [TEST_STEP][PASSED] - symbols = symbols: null

2019-08-24 12:53:07 - [TEST_STEP][PASSED] - for ([j = 0, j &lt; symbols.size(), (j++)]): null

2019-08-24 12:53:07 - [TEST_STEP][PASSED] - symbol = symbol: null

2019-08-24 12:53:07 - [TEST_STEP][PASSED] - println(symbol): null

2019-08-24 12:53:07 - [TEST_STEP][PASSED] - if (i == 2 &amp;&amp; wildList.indexOf(symbol) != -1): null

2019-08-24 12:53:07 - [TEST_STEP][PASSED] - if (i == 3 &amp;&amp; wildList.indexOf(symbol) != -1): null

2019-08-24 12:53:07 - [TEST_STEP][PASSED] - if (i == 4 &amp;&amp; wildList.indexOf(symbol) != -1): null

2019-08-24 12:53:07 - [TEST_STEP][PASSED] - symbol = symbol: null

2019-08-24 12:53:07 - [TEST_STEP][PASSED] - println(symbol): null

2019-08-24 12:53:07 - [TEST_STEP][PASSED] - if (i == 2 &amp;&amp; wildList.indexOf(symbol) != -1): null

2019-08-24 12:53:07 - [TEST_STEP][PASSED] - if (i == 3 &amp;&amp; wildList.indexOf(symbol) != -1): null

2019-08-24 12:53:07 - [TEST_STEP][PASSED] - if (i == 4 &amp;&amp; wildList.indexOf(symbol) != -1): null

2019-08-24 12:53:07 - [TEST_STEP][PASSED] - symbol = symbol: null

2019-08-24 12:53:07 - [TEST_STEP][PASSED] - println(symbol): null

2019-08-24 12:53:07 - [TEST_STEP][PASSED] - if (i == 2 &amp;&amp; wildList.indexOf(symbol) != -1): null

2019-08-24 12:53:07 - [TEST_STEP][PASSED] - if (i == 3 &amp;&amp; wildList.indexOf(symbol) != -1): null

2019-08-24 12:53:07 - [TEST_STEP][PASSED] - if (i == 4 &amp;&amp; wildList.indexOf(symbol) != -1): null

2019-08-24 12:53:07 - [TEST_STEP][PASSED] - symbols = symbols: null

2019-08-24 12:53:07 - [TEST_STEP][PASSED] - for ([j = 0, j &lt; symbols.size(), (j++)]): null

2019-08-24 12:53:07 - [TEST_STEP][PASSED] - symbol = symbol: null

2019-08-24 12:53:07 - [TEST_STEP][PASSED] - println(symbol): null

2019-08-24 12:53:07 - [TEST_STEP][PASSED] - if (i == 2 &amp;&amp; wildList.indexOf(symbol) != -1): null

2019-08-24 12:53:07 - [TEST_STEP][PASSED] - if (i == 3 &amp;&amp; wildList.indexOf(symbol) != -1): null

2019-08-24 12:53:07 - [TEST_STEP][PASSED] - if (i == 4 &amp;&amp; wildList.indexOf(symbol) != -1): null

2019-08-24 12:53:07 - [TEST_STEP][PASSED] - symbol = symbol: null

2019-08-24 12:53:07 - [TEST_STEP][PASSED] - println(symbol): null

2019-08-24 12:53:07 - [TEST_STEP][PASSED] - if (i == 2 &amp;&amp; wildList.indexOf(symbol) != -1): null

2019-08-24 12:53:07 - [TEST_STEP][PASSED] - if (i == 3 &amp;&amp; wildList.indexOf(symbol) != -1): null

2019-08-24 12:53:07 - [TEST_STEP][PASSED] - if (i == 4 &amp;&amp; wildList.indexOf(symbol) != -1): null

2019-08-24 12:53:07 - [TEST_STEP][PASSED] - symbol = symbol: null

2019-08-24 12:53:07 - [TEST_STEP][PASSED] - println(symbol): null

2019-08-24 12:53:07 - [TEST_STEP][PASSED] - if (i == 2 &amp;&amp; wildList.indexOf(symbol) != -1): null

2019-08-24 12:53:07 - [TEST_STEP][PASSED] - if (i == 3 &amp;&amp; wildList.indexOf(symbol) != -1): null

2019-08-24 12:53:07 - [TEST_STEP][PASSED] - if (i == 4 &amp;&amp; wildList.indexOf(symbol) != -1): null

2019-08-24 12:53:07 - [TEST_STEP][PASSED] - symbols = symbols: null

2019-08-24 12:53:07 - [TEST_STEP][PASSED] - for ([j = 0, j &lt; symbols.size(), (j++)]): null

2019-08-24 12:53:07 - [TEST_STEP][PASSED] - symbol = symbol: null

2019-08-24 12:53:07 - [TEST_STEP][PASSED] - println(symbol): null

2019-08-24 12:53:07 - [TEST_STEP][PASSED] - if (i == 2 &amp;&amp; wildList.indexOf(symbol) != -1): null

2019-08-24 12:53:07 - [TEST_STEP][PASSED] - if (i == 3 &amp;&amp; wildList.indexOf(symbol) != -1): null

2019-08-24 12:53:07 - [TEST_STEP][PASSED] - if (i == 4 &amp;&amp; wildList.indexOf(symbol) != -1): null

2019-08-24 12:53:07 - [TEST_STEP][PASSED] - symbol = symbol: null

2019-08-24 12:53:07 - [TEST_STEP][PASSED] - println(symbol): null

2019-08-24 12:53:07 - [TEST_STEP][PASSED] - if (i == 2 &amp;&amp; wildList.indexOf(symbol) != -1): null

2019-08-24 12:53:07 - [TEST_STEP][PASSED] - if (i == 3 &amp;&amp; wildList.indexOf(symbol) != -1): null

2019-08-24 12:53:07 - [TEST_STEP][PASSED] - if (i == 4 &amp;&amp; wildList.indexOf(symbol) != -1): null

2019-08-24 12:53:07 - [TEST_STEP][PASSED] - symbol = symbol: null

2019-08-24 12:53:07 - [TEST_STEP][PASSED] - println(symbol): null

2019-08-24 12:53:07 - [TEST_STEP][PASSED] - if (i == 2 &amp;&amp; wildList.indexOf(symbol) != -1): null

2019-08-24 12:53:07 - [TEST_STEP][PASSED] - if (i == 3 &amp;&amp; wildList.indexOf(symbol) != -1): null

2019-08-24 12:53:07 - [TEST_STEP][PASSED] - if (i == 4 &amp;&amp; wildList.indexOf(symbol) != -1): null

2019-08-24 12:53:07 - [TEST_STEP][PASSED] - symbols = symbols: null

2019-08-24 12:53:07 - [TEST_STEP][PASSED] - for ([j = 0, j &lt; symbols.size(), (j++)]): null

2019-08-24 12:53:07 - [TEST_STEP][PASSED] - symbol = symbol: null

2019-08-24 12:53:07 - [TEST_STEP][PASSED] - println(symbol): null

2019-08-24 12:53:07 - [TEST_STEP][PASSED] - if (i == 2 &amp;&amp; wildList.indexOf(symbol) != -1): null

2019-08-24 12:53:07 - [TEST_STEP][PASSED] - if (i == 3 &amp;&amp; wildList.indexOf(symbol) != -1): null

2019-08-24 12:53:07 - [TEST_STEP][PASSED] - if (i == 4 &amp;&amp; wildList.indexOf(symbol) != -1): null

2019-08-24 12:53:07 - [TEST_STEP][PASSED] - symbol = symbol: null

2019-08-24 12:53:07 - [TEST_STEP][PASSED] - println(symbol): null

2019-08-24 12:53:07 - [TEST_STEP][PASSED] - if (i == 2 &amp;&amp; wildList.indexOf(symbol) != -1): null

2019-08-24 12:53:07 - [TEST_STEP][PASSED] - if (i == 3 &amp;&amp; wildList.indexOf(symbol) != -1): null

2019-08-24 12:53:07 - [TEST_STEP][PASSED] - if (i == 4 &amp;&amp; wildList.indexOf(symbol) != -1): null

2019-08-24 12:53:07 - [TEST_STEP][PASSED] - symbol = symbol: null

2019-08-24 12:53:07 - [TEST_STEP][PASSED] - println(symbol): null

2019-08-24 12:53:07 - [TEST_STEP][PASSED] - if (i == 2 &amp;&amp; wildList.indexOf(symbol) != -1): null

2019-08-24 12:53:07 - [TEST_STEP][PASSED] - if (i == 3 &amp;&amp; wildList.indexOf(symbol) != -1): null

2019-08-24 12:53:07 - [TEST_STEP][PASSED] - if (i == 4 &amp;&amp; wildList.indexOf(symbol) != -1): null

2019-08-24 12:53:07 - [TEST_STEP][PASSED] - free_spin_reel_counter = free_spin_reel_counter: null

2019-08-24 12:53:07 - [TEST_STEP][PASSED] - println("reel 3 wild found: " + free_spin_reel_counter[0]): null

2019-08-24 12:53:07 - [TEST_STEP][PASSED] - println("reel 4 wild found: " + free_spin_reel_counter[1]): null

2019-08-24 12:53:07 - [TEST_STEP][PASSED] - println("reel 5 wild found: " + free_spin_reel_counter[2]): null

2019-08-24 12:53:07 - [TEST_STEP][PASSED] - M4_spin_reels = M4_spin_reels: null

2019-08-24 12:53:07 - [TEST_STEP][PASSED] - M4_spin_reels_symbols = symbol: null

2019-08-24 12:53:07 - [TEST_STEP][PASSED] - M4_spin_reels_symbols = M4_spin_reels_symbols: null

2019-08-24 12:53:07 - [TEST_STEP][PASSED] - M4_spin_reel_wins = reel_wins: null

2019-08-24 12:53:07 - [TEST_STEP][PASSED] - M4_spin_reel_wins = M4_spin_reel_wins: null

2019-08-24 12:53:07 - [TEST_STEP][PASSED] - println("GlobalVariable.M4_spin_reel_wins is: " + M4_spin_reel_wins): null

2019-08-24 12:53:07 - [TEST_STEP][PASSED] - M4_spin_total_bonus_win_this_round = total_bonus_win_this_round: null

2019-08-24 12:53:07 - [TEST_STEP][PASSED] - M4_spin_total_bonus_win_this_round = M4_spin_total_bonus_win_this_round: null

2019-08-24 12:53:07 - [TEST_STEP][PASSED] - println("GlobalVariable.M4_spin_total_bonus_win_this_round is: " + M4_spin_total_bonus_win_this_round): null

2019-08-24 12:53:07 - [TEST_STEP][PASSED] - M4_spin_bonus_spin_result = spin_result: null

2019-08-24 12:53:07 - [TEST_STEP][PASSED] - M4_spin_bonus_spin_result = M4_spin_bonus_spin_result: null

2019-08-24 12:53:07 - [MESSAGE][PASSED] - Verify response successfully

2019-08-24 12:53:07 - [MESSAGE][PASSED] - Send request and verify the response successfully

2019-08-24 12:53:07 - [TEST_STEP][PASSED] - if (M4_total_bonus_spins_int != 0 &amp;&amp; M4_spin_reels_symbols[2].contains("WILD_Double") || M4_spin_reels_symbols[4].contains("WILD_Triple")): null

2019-08-24 12:53:07 - [TEST_STEP][PASSED] - free_spin_reel_counter = free_spin_reel_counter: null

2019-08-24 12:53:07 - [TEST_STEP][PASSED] - M4_spin_reels_symbols = M4_spin_reels_symbols: null

2019-08-24 12:53:07 - [TEST_STEP][PASSED] - M4_total_bonus_spins = M4_total_bonus_spins: null

2019-08-24 12:53:07 - [TEST_STEP][PASSED] - spin_result = sendRequestAndVerify(findTestObject("INT/RGS(M4)/1_M4_spin", ["M4_login_user_id":M4_login_user_id, "rgs_session_token":rgs_session_token, "partner":Partner])): Send request and verify the response successfully

2019-08-24 12:53:08 - [MESSAGE][INFO] - HAR: /Users/eiralee/Katalon_Script/SuperWild/Reports/20190824_124242/INT/superWild_4/20190824_124242/requests/main/186.har

2019-08-24 12:53:08 - [TEST_CASE][PASSED] - Start Test Case : Verification: Verification accomplished successfully

2019-08-24 12:53:08 - [TEST_STEP][PASSED] - request = getInstance().getCurrentRequest(): null

2019-08-24 12:53:08 - [TEST_STEP][PASSED] - response = getInstance().getCurrentResponse(): null

2019-08-24 12:53:08 - [TEST_STEP][PASSED] - verifyResponseStatusCode(response, 200): Verify response status code successfully

2019-08-24 12:53:08 - [MESSAGE][PASSED] - Verify response status code successfully

2019-08-24 12:53:08 - [TEST_STEP][PASSED] - getStatusCode()).isEqualTo(200): null

2019-08-24 12:53:08 - [TEST_STEP][PASSED] - newline = System.getProperty("line.separator"): null

2019-08-24 12:53:08 - [TEST_STEP][PASSED] - M4_spin = new groovy.json.JsonSlurper(): null

2019-08-24 12:53:08 - [TEST_STEP][PASSED] - result_M4_spin = M4_spin.parseText(response.getResponseBodyContent()): null

2019-08-24 12:53:08 - [TEST_STEP][PASSED] - M4_spin_current_balance = current_balance: null

2019-08-24 12:53:08 - [TEST_STEP][PASSED] - M4_spin_current_balance = M4_spin_current_balance: null

2019-08-24 12:53:08 - [TEST_STEP][PASSED] - M4_spin_transaction_id = causality: null

2019-08-24 12:53:08 - [TEST_STEP][PASSED] - M4_spin_transaction_id = M4_spin_transaction_id: null

2019-08-24 12:53:08 - [TEST_STEP][PASSED] - M4_spin_round_id = round_id: null

2019-08-24 12:53:08 - [TEST_STEP][PASSED] - M4_spin_round_id = M4_spin_round_id: null

2019-08-24 12:53:08 - [TEST_STEP][PASSED] - M4_spin_line_wins = line_wins: null

2019-08-24 12:53:08 - [TEST_STEP][PASSED] - M4_spin_line_wins = M4_spin_line_wins: null

2019-08-24 12:53:08 - [TEST_STEP][PASSED] - M4_total_bonus_spins_int = total_bonus_spins: null

2019-08-24 12:53:08 - [TEST_STEP][PASSED] - println("******M4_total_bonus_spins type is:*******" + newline + getClass().getName()): null

2019-08-24 12:53:08 - [TEST_STEP][PASSED] - M4_total_bonus_spins_int = M4_total_bonus_spins_int: null

2019-08-24 12:53:08 - [TEST_STEP][PASSED] - M4_total_bonus_spins = Integer.toString(M4_total_bonus_spins_int): null

2019-08-24 12:53:08 - [TEST_STEP][PASSED] - M4_total_bonus_spins = M4_total_bonus_spins: null

2019-08-24 12:53:08 - [TEST_STEP][PASSED] - println("M4_total_bonus_spins is:" + M4_total_bonus_spins): null

2019-08-24 12:53:08 - [TEST_STEP][PASSED] - M4_spin_bonus_data = bonus_data: null

2019-08-24 12:53:08 - [TEST_STEP][PASSED] - M4_spin_features_triggered = result_M4_spin: null

2019-08-24 12:53:08 - [TEST_STEP][PASSED] - wild = []: null

2019-08-24 12:53:08 - [TEST_STEP][PASSED] - wild[0] = "WILD_Expanding": null

2019-08-24 12:53:08 - [TEST_STEP][PASSED] - wild[1] = "WILD_Normal": null

2019-08-24 12:53:08 - [TEST_STEP][PASSED] - wild[2] = "WILD_Double": null

2019-08-24 12:53:08 - [TEST_STEP][PASSED] - wild[3] = "WILD_ExtraFG": null

2019-08-24 12:53:08 - [TEST_STEP][PASSED] - wild[4] = "WILD_Triple": null

2019-08-24 12:53:08 - [TEST_STEP][PASSED] - wildList = Arrays.asList(wild): null

2019-08-24 12:53:08 - [TEST_STEP][PASSED] - wildList = wildList: null

2019-08-24 12:53:08 - [TEST_STEP][PASSED] - free_spin_reel_counter = []: null

2019-08-24 12:53:08 - [TEST_STEP][PASSED] - free_spin_reel_counter[0] = 0: null

2019-08-24 12:53:08 - [TEST_STEP][PASSED] - free_spin_reel_counter[1] = 0: null

2019-08-24 12:53:08 - [TEST_STEP][PASSED] - free_spin_reel_counter[2] = 0: null

2019-08-24 12:53:08 - [TEST_STEP][PASSED] - M4_spin_reels = reels: null

2019-08-24 12:53:08 - [TEST_STEP][PASSED] - for ([i = 0, i &lt; M4_spin_reels.size(), (i++)]): null

2019-08-24 12:53:08 - [TEST_STEP][PASSED] - symbols = symbols: null

2019-08-24 12:53:08 - [TEST_STEP][PASSED] - for ([j = 0, j &lt; symbols.size(), (j++)]): null

2019-08-24 12:53:08 - [TEST_STEP][PASSED] - symbol = symbol: null

2019-08-24 12:53:08 - [TEST_STEP][PASSED] - println(symbol): null

2019-08-24 12:53:08 - [TEST_STEP][PASSED] - if (i == 2 &amp;&amp; wildList.indexOf(symbol) != -1): null

2019-08-24 12:53:08 - [TEST_STEP][PASSED] - if (i == 3 &amp;&amp; wildList.indexOf(symbol) != -1): null

2019-08-24 12:53:08 - [TEST_STEP][PASSED] - if (i == 4 &amp;&amp; wildList.indexOf(symbol) != -1): null

2019-08-24 12:53:08 - [TEST_STEP][PASSED] - symbol = symbol: null

2019-08-24 12:53:08 - [TEST_STEP][PASSED] - println(symbol): null

2019-08-24 12:53:08 - [TEST_STEP][PASSED] - if (i == 2 &amp;&amp; wildList.indexOf(symbol) != -1): null

2019-08-24 12:53:08 - [TEST_STEP][PASSED] - if (i == 3 &amp;&amp; wildList.indexOf(symbol) != -1): null

2019-08-24 12:53:08 - [TEST_STEP][PASSED] - if (i == 4 &amp;&amp; wildList.indexOf(symbol) != -1): null

2019-08-24 12:53:08 - [TEST_STEP][PASSED] - symbol = symbol: null

2019-08-24 12:53:08 - [TEST_STEP][PASSED] - println(symbol): null

2019-08-24 12:53:08 - [TEST_STEP][PASSED] - if (i == 2 &amp;&amp; wildList.indexOf(symbol) != -1): null

2019-08-24 12:53:08 - [TEST_STEP][PASSED] - if (i == 3 &amp;&amp; wildList.indexOf(symbol) != -1): null

2019-08-24 12:53:08 - [TEST_STEP][PASSED] - if (i == 4 &amp;&amp; wildList.indexOf(symbol) != -1): null

2019-08-24 12:53:08 - [TEST_STEP][PASSED] - symbols = symbols: null

2019-08-24 12:53:08 - [TEST_STEP][PASSED] - for ([j = 0, j &lt; symbols.size(), (j++)]): null

2019-08-24 12:53:08 - [TEST_STEP][PASSED] - symbol = symbol: null

2019-08-24 12:53:08 - [TEST_STEP][PASSED] - println(symbol): null

2019-08-24 12:53:08 - [TEST_STEP][PASSED] - if (i == 2 &amp;&amp; wildList.indexOf(symbol) != -1): null

2019-08-24 12:53:08 - [TEST_STEP][PASSED] - if (i == 3 &amp;&amp; wildList.indexOf(symbol) != -1): null

2019-08-24 12:53:08 - [TEST_STEP][PASSED] - if (i == 4 &amp;&amp; wildList.indexOf(symbol) != -1): null

2019-08-24 12:53:08 - [TEST_STEP][PASSED] - symbol = symbol: null

2019-08-24 12:53:08 - [TEST_STEP][PASSED] - println(symbol): null

2019-08-24 12:53:08 - [TEST_STEP][PASSED] - if (i == 2 &amp;&amp; wildList.indexOf(symbol) != -1): null

2019-08-24 12:53:08 - [TEST_STEP][PASSED] - if (i == 3 &amp;&amp; wildList.indexOf(symbol) != -1): null

2019-08-24 12:53:08 - [TEST_STEP][PASSED] - if (i == 4 &amp;&amp; wildList.indexOf(symbol) != -1): null

2019-08-24 12:53:08 - [TEST_STEP][PASSED] - symbol = symbol: null

2019-08-24 12:53:08 - [TEST_STEP][PASSED] - println(symbol): null

2019-08-24 12:53:08 - [TEST_STEP][PASSED] - if (i == 2 &amp;&amp; wildList.indexOf(symbol) != -1): null

2019-08-24 12:53:08 - [TEST_STEP][PASSED] - if (i == 3 &amp;&amp; wildList.indexOf(symbol) != -1): null

2019-08-24 12:53:08 - [TEST_STEP][PASSED] - if (i == 4 &amp;&amp; wildList.indexOf(symbol) != -1): null

2019-08-24 12:53:08 - [TEST_STEP][PASSED] - symbols = symbols: null

2019-08-24 12:53:08 - [TEST_STEP][PASSED] - for ([j = 0, j &lt; symbols.size(), (j++)]): null

2019-08-24 12:53:08 - [TEST_STEP][PASSED] - symbol = symbol: null

2019-08-24 12:53:08 - [TEST_STEP][PASSED] - println(symbol): null

2019-08-24 12:53:08 - [TEST_STEP][PASSED] - if (i == 2 &amp;&amp; wildList.indexOf(symbol) != -1): null

2019-08-24 12:53:08 - [TEST_STEP][PASSED] - println("wild found on reel 3, adding counter by 1"): null

2019-08-24 12:53:08 - [TEST_STEP][PASSED] - free_spin_reel_counter[0] = free_spin_reel_counter[0] + 1: null

2019-08-24 12:53:08 - [TEST_STEP][PASSED] - if (i == 3 &amp;&amp; wildList.indexOf(symbol) != -1): null

2019-08-24 12:53:08 - [TEST_STEP][PASSED] - if (i == 4 &amp;&amp; wildList.indexOf(symbol) != -1): null

2019-08-24 12:53:08 - [TEST_STEP][PASSED] - symbol = symbol: null

2019-08-24 12:53:08 - [TEST_STEP][PASSED] - println(symbol): null

2019-08-24 12:53:08 - [TEST_STEP][PASSED] - if (i == 2 &amp;&amp; wildList.indexOf(symbol) != -1): null

2019-08-24 12:53:08 - [TEST_STEP][PASSED] - if (i == 3 &amp;&amp; wildList.indexOf(symbol) != -1): null

2019-08-24 12:53:08 - [TEST_STEP][PASSED] - if (i == 4 &amp;&amp; wildList.indexOf(symbol) != -1): null

2019-08-24 12:53:08 - [TEST_STEP][PASSED] - symbol = symbol: null

2019-08-24 12:53:08 - [TEST_STEP][PASSED] - println(symbol): null

2019-08-24 12:53:08 - [TEST_STEP][PASSED] - if (i == 2 &amp;&amp; wildList.indexOf(symbol) != -1): null

2019-08-24 12:53:08 - [TEST_STEP][PASSED] - if (i == 3 &amp;&amp; wildList.indexOf(symbol) != -1): null

2019-08-24 12:53:08 - [TEST_STEP][PASSED] - if (i == 4 &amp;&amp; wildList.indexOf(symbol) != -1): null

2019-08-24 12:53:08 - [TEST_STEP][PASSED] - symbols = symbols: null

2019-08-24 12:53:08 - [TEST_STEP][PASSED] - for ([j = 0, j &lt; symbols.size(), (j++)]): null

2019-08-24 12:53:08 - [TEST_STEP][PASSED] - symbol = symbol: null

2019-08-24 12:53:08 - [TEST_STEP][PASSED] - println(symbol): null

2019-08-24 12:53:08 - [TEST_STEP][PASSED] - if (i == 2 &amp;&amp; wildList.indexOf(symbol) != -1): null

2019-08-24 12:53:08 - [TEST_STEP][PASSED] - if (i == 3 &amp;&amp; wildList.indexOf(symbol) != -1): null

2019-08-24 12:53:08 - [TEST_STEP][PASSED] - if (i == 4 &amp;&amp; wildList.indexOf(symbol) != -1): null

2019-08-24 12:53:08 - [TEST_STEP][PASSED] - symbol = symbol: null

2019-08-24 12:53:08 - [TEST_STEP][PASSED] - println(symbol): null

2019-08-24 12:53:08 - [TEST_STEP][PASSED] - if (i == 2 &amp;&amp; wildList.indexOf(symbol) != -1): null

2019-08-24 12:53:08 - [TEST_STEP][PASSED] - if (i == 3 &amp;&amp; wildList.indexOf(symbol) != -1): null

2019-08-24 12:53:08 - [TEST_STEP][PASSED] - if (i == 4 &amp;&amp; wildList.indexOf(symbol) != -1): null

2019-08-24 12:53:08 - [TEST_STEP][PASSED] - symbol = symbol: null

2019-08-24 12:53:08 - [TEST_STEP][PASSED] - println(symbol): null

2019-08-24 12:53:08 - [TEST_STEP][PASSED] - if (i == 2 &amp;&amp; wildList.indexOf(symbol) != -1): null

2019-08-24 12:53:08 - [TEST_STEP][PASSED] - if (i == 3 &amp;&amp; wildList.indexOf(symbol) != -1): null

2019-08-24 12:53:08 - [TEST_STEP][PASSED] - if (i == 4 &amp;&amp; wildList.indexOf(symbol) != -1): null

2019-08-24 12:53:08 - [TEST_STEP][PASSED] - symbols = symbols: null

2019-08-24 12:53:08 - [TEST_STEP][PASSED] - for ([j = 0, j &lt; symbols.size(), (j++)]): null

2019-08-24 12:53:08 - [TEST_STEP][PASSED] - symbol = symbol: null

2019-08-24 12:53:08 - [TEST_STEP][PASSED] - println(symbol): null

2019-08-24 12:53:08 - [TEST_STEP][PASSED] - if (i == 2 &amp;&amp; wildList.indexOf(symbol) != -1): null

2019-08-24 12:53:08 - [TEST_STEP][PASSED] - if (i == 3 &amp;&amp; wildList.indexOf(symbol) != -1): null

2019-08-24 12:53:08 - [TEST_STEP][PASSED] - if (i == 4 &amp;&amp; wildList.indexOf(symbol) != -1): null

2019-08-24 12:53:08 - [TEST_STEP][PASSED] - symbol = symbol: null

2019-08-24 12:53:08 - [TEST_STEP][PASSED] - println(symbol): null

2019-08-24 12:53:08 - [TEST_STEP][PASSED] - if (i == 2 &amp;&amp; wildList.indexOf(symbol) != -1): null

2019-08-24 12:53:08 - [TEST_STEP][PASSED] - if (i == 3 &amp;&amp; wildList.indexOf(symbol) != -1): null

2019-08-24 12:53:08 - [TEST_STEP][PASSED] - if (i == 4 &amp;&amp; wildList.indexOf(symbol) != -1): null

2019-08-24 12:53:08 - [TEST_STEP][PASSED] - symbol = symbol: null

2019-08-24 12:53:08 - [TEST_STEP][PASSED] - println(symbol): null

2019-08-24 12:53:08 - [TEST_STEP][PASSED] - if (i == 2 &amp;&amp; wildList.indexOf(symbol) != -1): null

2019-08-24 12:53:08 - [TEST_STEP][PASSED] - if (i == 3 &amp;&amp; wildList.indexOf(symbol) != -1): null

2019-08-24 12:53:08 - [TEST_STEP][PASSED] - if (i == 4 &amp;&amp; wildList.indexOf(symbol) != -1): null

2019-08-24 12:53:08 - [TEST_STEP][PASSED] - free_spin_reel_counter = free_spin_reel_counter: null

2019-08-24 12:53:08 - [TEST_STEP][PASSED] - println("reel 3 wild found: " + free_spin_reel_counter[0]): null

2019-08-24 12:53:08 - [TEST_STEP][PASSED] - println("reel 4 wild found: " + free_spin_reel_counter[1]): null

2019-08-24 12:53:08 - [TEST_STEP][PASSED] - println("reel 5 wild found: " + free_spin_reel_counter[2]): null

2019-08-24 12:53:08 - [TEST_STEP][PASSED] - M4_spin_reels = M4_spin_reels: null

2019-08-24 12:53:08 - [TEST_STEP][PASSED] - M4_spin_reels_symbols = symbol: null

2019-08-24 12:53:08 - [TEST_STEP][PASSED] - M4_spin_reels_symbols = M4_spin_reels_symbols: null

2019-08-24 12:53:08 - [TEST_STEP][PASSED] - M4_spin_reel_wins = reel_wins: null

2019-08-24 12:53:08 - [TEST_STEP][PASSED] - M4_spin_reel_wins = M4_spin_reel_wins: null

2019-08-24 12:53:08 - [TEST_STEP][PASSED] - println("GlobalVariable.M4_spin_reel_wins is: " + M4_spin_reel_wins): null

2019-08-24 12:53:08 - [TEST_STEP][PASSED] - M4_spin_total_bonus_win_this_round = total_bonus_win_this_round: null

2019-08-24 12:53:08 - [TEST_STEP][PASSED] - M4_spin_total_bonus_win_this_round = M4_spin_total_bonus_win_this_round: null

2019-08-24 12:53:08 - [TEST_STEP][PASSED] - println("GlobalVariable.M4_spin_total_bonus_win_this_round is: " + M4_spin_total_bonus_win_this_round): null

2019-08-24 12:53:08 - [TEST_STEP][PASSED] - M4_spin_bonus_spin_result = spin_result: null

2019-08-24 12:53:08 - [TEST_STEP][PASSED] - M4_spin_bonus_spin_result = M4_spin_bonus_spin_result: null

2019-08-24 12:53:08 - [MESSAGE][PASSED] - Verify response successfully

2019-08-24 12:53:08 - [MESSAGE][PASSED] - Send request and verify the response successfully

2019-08-24 12:53:08 - [TEST_STEP][PASSED] - if (M4_total_bonus_spins_int != 0 &amp;&amp; M4_spin_reels_symbols[2].contains("WILD_Double") || M4_spin_reels_symbols[4].contains("WILD_Triple")): null

2019-08-24 12:53:08 - [TEST_STEP][PASSED] - free_spin_reel_counter = free_spin_reel_counter: null

2019-08-24 12:53:08 - [TEST_STEP][PASSED] - M4_spin_reels_symbols = M4_spin_reels_symbols: null

2019-08-24 12:53:08 - [TEST_STEP][PASSED] - M4_total_bonus_spins = M4_total_bonus_spins: null

2019-08-24 12:53:08 - [TEST_STEP][PASSED] - spin_result = sendRequestAndVerify(findTestObject("INT/RGS(M4)/1_M4_spin", ["M4_login_user_id":M4_login_user_id, "rgs_session_token":rgs_session_token, "partner":Partner])): Send request and verify the response successfully

2019-08-24 12:53:08 - [MESSAGE][INFO] - HAR: /Users/eiralee/Katalon_Script/SuperWild/Reports/20190824_124242/INT/superWild_4/20190824_124242/requests/main/187.har

2019-08-24 12:53:08 - [TEST_CASE][PASSED] - Start Test Case : Verification: Verification accomplished successfully

2019-08-24 12:53:08 - [TEST_STEP][PASSED] - request = getInstance().getCurrentRequest(): null

2019-08-24 12:53:08 - [TEST_STEP][PASSED] - response = getInstance().getCurrentResponse(): null

2019-08-24 12:53:08 - [TEST_STEP][PASSED] - verifyResponseStatusCode(response, 200): Verify response status code successfully

2019-08-24 12:53:08 - [MESSAGE][PASSED] - Verify response status code successfully

2019-08-24 12:53:08 - [TEST_STEP][PASSED] - getStatusCode()).isEqualTo(200): null

2019-08-24 12:53:08 - [TEST_STEP][PASSED] - newline = System.getProperty("line.separator"): null

2019-08-24 12:53:08 - [TEST_STEP][PASSED] - M4_spin = new groovy.json.JsonSlurper(): null

2019-08-24 12:53:08 - [TEST_STEP][PASSED] - result_M4_spin = M4_spin.parseText(response.getResponseBodyContent()): null

2019-08-24 12:53:08 - [TEST_STEP][PASSED] - M4_spin_current_balance = current_balance: null

2019-08-24 12:53:08 - [TEST_STEP][PASSED] - M4_spin_current_balance = M4_spin_current_balance: null

2019-08-24 12:53:08 - [TEST_STEP][PASSED] - M4_spin_transaction_id = causality: null

2019-08-24 12:53:08 - [TEST_STEP][PASSED] - M4_spin_transaction_id = M4_spin_transaction_id: null

2019-08-24 12:53:08 - [TEST_STEP][PASSED] - M4_spin_round_id = round_id: null

2019-08-24 12:53:08 - [TEST_STEP][PASSED] - M4_spin_round_id = M4_spin_round_id: null

2019-08-24 12:53:08 - [TEST_STEP][PASSED] - M4_spin_line_wins = line_wins: null

2019-08-24 12:53:08 - [TEST_STEP][PASSED] - M4_spin_line_wins = M4_spin_line_wins: null

2019-08-24 12:53:08 - [TEST_STEP][PASSED] - M4_total_bonus_spins_int = total_bonus_spins: null

2019-08-24 12:53:08 - [TEST_STEP][PASSED] - println("******M4_total_bonus_spins type is:*******" + newline + getClass().getName()): null

2019-08-24 12:53:08 - [TEST_STEP][PASSED] - M4_total_bonus_spins_int = M4_total_bonus_spins_int: null

2019-08-24 12:53:08 - [TEST_STEP][PASSED] - M4_total_bonus_spins = Integer.toString(M4_total_bonus_spins_int): null

2019-08-24 12:53:08 - [TEST_STEP][PASSED] - M4_total_bonus_spins = M4_total_bonus_spins: null

2019-08-24 12:53:08 - [TEST_STEP][PASSED] - println("M4_total_bonus_spins is:" + M4_total_bonus_spins): null

2019-08-24 12:53:08 - [TEST_STEP][PASSED] - M4_spin_bonus_data = bonus_data: null

2019-08-24 12:53:08 - [TEST_STEP][PASSED] - M4_spin_features_triggered = result_M4_spin: null

2019-08-24 12:53:08 - [TEST_STEP][PASSED] - wild = []: null

2019-08-24 12:53:08 - [TEST_STEP][PASSED] - wild[0] = "WILD_Expanding": null

2019-08-24 12:53:08 - [TEST_STEP][PASSED] - wild[1] = "WILD_Normal": null

2019-08-24 12:53:08 - [TEST_STEP][PASSED] - wild[2] = "WILD_Double": null

2019-08-24 12:53:08 - [TEST_STEP][PASSED] - wild[3] = "WILD_ExtraFG": null

2019-08-24 12:53:08 - [TEST_STEP][PASSED] - wild[4] = "WILD_Triple": null

2019-08-24 12:53:08 - [TEST_STEP][PASSED] - wildList = Arrays.asList(wild): null

2019-08-24 12:53:08 - [TEST_STEP][PASSED] - wildList = wildList: null

2019-08-24 12:53:08 - [TEST_STEP][PASSED] - free_spin_reel_counter = []: null

2019-08-24 12:53:08 - [TEST_STEP][PASSED] - free_spin_reel_counter[0] = 0: null

2019-08-24 12:53:08 - [TEST_STEP][PASSED] - free_spin_reel_counter[1] = 0: null

2019-08-24 12:53:08 - [TEST_STEP][PASSED] - free_spin_reel_counter[2] = 0: null

2019-08-24 12:53:08 - [TEST_STEP][PASSED] - M4_spin_reels = reels: null

2019-08-24 12:53:08 - [TEST_STEP][PASSED] - for ([i = 0, i &lt; M4_spin_reels.size(), (i++)]): null

2019-08-24 12:53:08 - [TEST_STEP][PASSED] - symbols = symbols: null

2019-08-24 12:53:08 - [TEST_STEP][PASSED] - for ([j = 0, j &lt; symbols.size(), (j++)]): null

2019-08-24 12:53:08 - [TEST_STEP][PASSED] - symbol = symbol: null

2019-08-24 12:53:08 - [TEST_STEP][PASSED] - println(symbol): null

2019-08-24 12:53:08 - [TEST_STEP][PASSED] - if (i == 2 &amp;&amp; wildList.indexOf(symbol) != -1): null

2019-08-24 12:53:08 - [TEST_STEP][PASSED] - if (i == 3 &amp;&amp; wildList.indexOf(symbol) != -1): null

2019-08-24 12:53:08 - [TEST_STEP][PASSED] - if (i == 4 &amp;&amp; wildList.indexOf(symbol) != -1): null

2019-08-24 12:53:08 - [TEST_STEP][PASSED] - symbol = symbol: null

2019-08-24 12:53:08 - [TEST_STEP][PASSED] - println(symbol): null

2019-08-24 12:53:08 - [TEST_STEP][PASSED] - if (i == 2 &amp;&amp; wildList.indexOf(symbol) != -1): null

2019-08-24 12:53:08 - [TEST_STEP][PASSED] - if (i == 3 &amp;&amp; wildList.indexOf(symbol) != -1): null

2019-08-24 12:53:08 - [TEST_STEP][PASSED] - if (i == 4 &amp;&amp; wildList.indexOf(symbol) != -1): null

2019-08-24 12:53:08 - [TEST_STEP][PASSED] - symbol = symbol: null

2019-08-24 12:53:08 - [TEST_STEP][PASSED] - println(symbol): null

2019-08-24 12:53:08 - [TEST_STEP][PASSED] - if (i == 2 &amp;&amp; wildList.indexOf(symbol) != -1): null

2019-08-24 12:53:08 - [TEST_STEP][PASSED] - if (i == 3 &amp;&amp; wildList.indexOf(symbol) != -1): null

2019-08-24 12:53:08 - [TEST_STEP][PASSED] - if (i == 4 &amp;&amp; wildList.indexOf(symbol) != -1): null

2019-08-24 12:53:08 - [TEST_STEP][PASSED] - symbols = symbols: null

2019-08-24 12:53:08 - [TEST_STEP][PASSED] - for ([j = 0, j &lt; symbols.size(), (j++)]): null

2019-08-24 12:53:08 - [TEST_STEP][PASSED] - symbol = symbol: null

2019-08-24 12:53:08 - [TEST_STEP][PASSED] - println(symbol): null

2019-08-24 12:53:08 - [TEST_STEP][PASSED] - if (i == 2 &amp;&amp; wildList.indexOf(symbol) != -1): null

2019-08-24 12:53:08 - [TEST_STEP][PASSED] - if (i == 3 &amp;&amp; wildList.indexOf(symbol) != -1): null

2019-08-24 12:53:08 - [TEST_STEP][PASSED] - if (i == 4 &amp;&amp; wildList.indexOf(symbol) != -1): null

2019-08-24 12:53:08 - [TEST_STEP][PASSED] - symbol = symbol: null

2019-08-24 12:53:08 - [TEST_STEP][PASSED] - println(symbol): null

2019-08-24 12:53:08 - [TEST_STEP][PASSED] - if (i == 2 &amp;&amp; wildList.indexOf(symbol) != -1): null

2019-08-24 12:53:08 - [TEST_STEP][PASSED] - if (i == 3 &amp;&amp; wildList.indexOf(symbol) != -1): null

2019-08-24 12:53:08 - [TEST_STEP][PASSED] - if (i == 4 &amp;&amp; wildList.indexOf(symbol) != -1): null

2019-08-24 12:53:08 - [TEST_STEP][PASSED] - symbol = symbol: null

2019-08-24 12:53:08 - [TEST_STEP][PASSED] - println(symbol): null

2019-08-24 12:53:08 - [TEST_STEP][PASSED] - if (i == 2 &amp;&amp; wildList.indexOf(symbol) != -1): null

2019-08-24 12:53:08 - [TEST_STEP][PASSED] - if (i == 3 &amp;&amp; wildList.indexOf(symbol) != -1): null

2019-08-24 12:53:08 - [TEST_STEP][PASSED] - if (i == 4 &amp;&amp; wildList.indexOf(symbol) != -1): null

2019-08-24 12:53:08 - [TEST_STEP][PASSED] - symbols = symbols: null

2019-08-24 12:53:08 - [TEST_STEP][PASSED] - for ([j = 0, j &lt; symbols.size(), (j++)]): null

2019-08-24 12:53:08 - [TEST_STEP][PASSED] - symbol = symbol: null

2019-08-24 12:53:08 - [TEST_STEP][PASSED] - println(symbol): null

2019-08-24 12:53:08 - [TEST_STEP][PASSED] - if (i == 2 &amp;&amp; wildList.indexOf(symbol) != -1): null

2019-08-24 12:53:18 - [TEST_STEP][PASSED] - if (i == 3 &amp;&amp; wildList.indexOf(symbol) != -1): null

2019-08-24 12:53:18 - [TEST_STEP][PASSED] - if (i == 4 &amp;&amp; wildList.indexOf(symbol) != -1): null

2019-08-24 12:53:18 - [TEST_STEP][PASSED] - symbol = symbol: null

2019-08-24 12:53:18 - [TEST_STEP][PASSED] - println(symbol): null

2019-08-24 12:53:18 - [TEST_STEP][PASSED] - if (i == 2 &amp;&amp; wildList.indexOf(symbol) != -1): null

2019-08-24 12:53:23 - [TEST_STEP][PASSED] - if (i == 3 &amp;&amp; wildList.indexOf(symbol) != -1): null

2019-08-24 12:53:23 - [TEST_STEP][PASSED] - if (i == 4 &amp;&amp; wildList.indexOf(symbol) != -1): null

2019-08-24 12:53:23 - [TEST_STEP][PASSED] - symbol = symbol: null

2019-08-24 12:53:23 - [TEST_STEP][PASSED] - println(symbol): null

2019-08-24 12:53:23 - [TEST_STEP][PASSED] - if (i == 2 &amp;&amp; wildList.indexOf(symbol) != -1): null

2019-08-24 12:53:23 - [TEST_STEP][PASSED] - if (i == 3 &amp;&amp; wildList.indexOf(symbol) != -1): null

2019-08-24 12:53:23 - [TEST_STEP][PASSED] - if (i == 4 &amp;&amp; wildList.indexOf(symbol) != -1): null

2019-08-24 12:53:23 - [TEST_STEP][PASSED] - symbols = symbols: null

2019-08-24 12:53:23 - [TEST_STEP][PASSED] - for ([j = 0, j &lt; symbols.size(), (j++)]): null

2019-08-24 12:53:23 - [TEST_STEP][PASSED] - symbol = symbol: null

2019-08-24 12:53:23 - [TEST_STEP][PASSED] - println(symbol): null

2019-08-24 12:53:23 - [TEST_STEP][PASSED] - if (i == 2 &amp;&amp; wildList.indexOf(symbol) != -1): null

2019-08-24 12:53:23 - [TEST_STEP][PASSED] - if (i == 3 &amp;&amp; wildList.indexOf(symbol) != -1): null

2019-08-24 12:53:23 - [TEST_STEP][PASSED] - if (i == 4 &amp;&amp; wildList.indexOf(symbol) != -1): null

2019-08-24 12:53:23 - [TEST_STEP][PASSED] - symbol = symbol: null

2019-08-24 12:53:23 - [TEST_STEP][PASSED] - println(symbol): null

2019-08-24 12:53:23 - [TEST_STEP][PASSED] - if (i == 2 &amp;&amp; wildList.indexOf(symbol) != -1): null

2019-08-24 12:53:23 - [TEST_STEP][PASSED] - if (i == 3 &amp;&amp; wildList.indexOf(symbol) != -1): null

2019-08-24 12:53:23 - [TEST_STEP][PASSED] - if (i == 4 &amp;&amp; wildList.indexOf(symbol) != -1): null

2019-08-24 12:53:23 - [TEST_STEP][PASSED] - symbol = symbol: null

2019-08-24 12:53:23 - [TEST_STEP][PASSED] - println(symbol): null

2019-08-24 12:53:23 - [TEST_STEP][PASSED] - if (i == 2 &amp;&amp; wildList.indexOf(symbol) != -1): null

2019-08-24 12:53:23 - [TEST_STEP][PASSED] - if (i == 3 &amp;&amp; wildList.indexOf(symbol) != -1): null

2019-08-24 12:53:23 - [TEST_STEP][PASSED] - if (i == 4 &amp;&amp; wildList.indexOf(symbol) != -1): null

2019-08-24 12:53:23 - [TEST_STEP][PASSED] - symbols = symbols: null

2019-08-24 12:53:23 - [TEST_STEP][PASSED] - for ([j = 0, j &lt; symbols.size(), (j++)]): null

2019-08-24 12:53:23 - [TEST_STEP][PASSED] - symbol = symbol: null

2019-08-24 12:53:23 - [TEST_STEP][PASSED] - println(symbol): null

2019-08-24 12:53:23 - [TEST_STEP][PASSED] - if (i == 2 &amp;&amp; wildList.indexOf(symbol) != -1): null

2019-08-24 12:53:23 - [TEST_STEP][PASSED] - if (i == 3 &amp;&amp; wildList.indexOf(symbol) != -1): null

2019-08-24 12:53:23 - [TEST_STEP][PASSED] - if (i == 4 &amp;&amp; wildList.indexOf(symbol) != -1): null

2019-08-24 12:53:23 - [TEST_STEP][PASSED] - symbol = symbol: null

2019-08-24 12:53:23 - [TEST_STEP][PASSED] - println(symbol): null

2019-08-24 12:53:23 - [TEST_STEP][PASSED] - if (i == 2 &amp;&amp; wildList.indexOf(symbol) != -1): null

2019-08-24 12:53:23 - [TEST_STEP][PASSED] - if (i == 3 &amp;&amp; wildList.indexOf(symbol) != -1): null

2019-08-24 12:53:23 - [TEST_STEP][PASSED] - if (i == 4 &amp;&amp; wildList.indexOf(symbol) != -1): null

2019-08-24 12:53:23 - [TEST_STEP][PASSED] - symbol = symbol: null

2019-08-24 12:53:23 - [TEST_STEP][PASSED] - println(symbol): null

2019-08-24 12:53:23 - [TEST_STEP][PASSED] - if (i == 2 &amp;&amp; wildList.indexOf(symbol) != -1): null

2019-08-24 12:53:23 - [TEST_STEP][PASSED] - if (i == 3 &amp;&amp; wildList.indexOf(symbol) != -1): null

2019-08-24 12:53:23 - [TEST_STEP][PASSED] - if (i == 4 &amp;&amp; wildList.indexOf(symbol) != -1): null

2019-08-24 12:53:23 - [TEST_STEP][PASSED] - free_spin_reel_counter = free_spin_reel_counter: null

2019-08-24 12:53:23 - [TEST_STEP][PASSED] - println("reel 3 wild found: " + free_spin_reel_counter[0]): null

2019-08-24 12:53:23 - [TEST_STEP][PASSED] - println("reel 4 wild found: " + free_spin_reel_counter[1]): null

2019-08-24 12:53:23 - [TEST_STEP][PASSED] - println("reel 5 wild found: " + free_spin_reel_counter[2]): null

2019-08-24 12:53:23 - [TEST_STEP][PASSED] - M4_spin_reels = M4_spin_reels: null

2019-08-24 12:53:23 - [TEST_STEP][PASSED] - M4_spin_reels_symbols = symbol: null

2019-08-24 12:53:23 - [TEST_STEP][PASSED] - M4_spin_reels_symbols = M4_spin_reels_symbols: null

2019-08-24 12:53:23 - [TEST_STEP][PASSED] - M4_spin_reel_wins = reel_wins: null

2019-08-24 12:53:23 - [TEST_STEP][PASSED] - M4_spin_reel_wins = M4_spin_reel_wins: null

2019-08-24 12:53:23 - [TEST_STEP][PASSED] - println("GlobalVariable.M4_spin_reel_wins is: " + M4_spin_reel_wins): null

2019-08-24 12:53:23 - [TEST_STEP][PASSED] - M4_spin_total_bonus_win_this_round = total_bonus_win_this_round: null

2019-08-24 12:53:23 - [TEST_STEP][PASSED] - M4_spin_total_bonus_win_this_round = M4_spin_total_bonus_win_this_round: null

2019-08-24 12:53:23 - [TEST_STEP][PASSED] - println("GlobalVariable.M4_spin_total_bonus_win_this_round is: " + M4_spin_total_bonus_win_this_round): null

2019-08-24 12:53:23 - [TEST_STEP][PASSED] - M4_spin_bonus_spin_result = spin_result: null

2019-08-24 12:53:23 - [TEST_STEP][PASSED] - M4_spin_bonus_spin_result = M4_spin_bonus_spin_result: null

2019-08-24 12:53:23 - [MESSAGE][PASSED] - Verify response successfully

2019-08-24 12:53:23 - [MESSAGE][PASSED] - Send request and verify the response successfully

2019-08-24 12:53:23 - [TEST_STEP][PASSED] - if (M4_total_bonus_spins_int != 0 &amp;&amp; M4_spin_reels_symbols[2].contains("WILD_Double") || M4_spin_reels_symbols[4].contains("WILD_Triple")): null

2019-08-24 12:53:23 - [TEST_STEP][PASSED] - free_spin_reel_counter = free_spin_reel_counter: null

2019-08-24 12:53:23 - [TEST_STEP][PASSED] - M4_spin_reels_symbols = M4_spin_reels_symbols: null

2019-08-24 12:53:23 - [TEST_STEP][PASSED] - M4_total_bonus_spins = M4_total_bonus_spins: null

2019-08-24 12:53:23 - [TEST_STEP][PASSED] - spin_result = sendRequestAndVerify(findTestObject("INT/RGS(M4)/1_M4_spin", ["M4_login_user_id":M4_login_user_id, "rgs_session_token":rgs_session_token, "partner":Partner])): Send request and verify the response successfully

2019-08-24 12:53:24 - [MESSAGE][INFO] - HAR: /Users/eiralee/Katalon_Script/SuperWild/Reports/20190824_124242/INT/superWild_4/20190824_124242/requests/main/188.har

2019-08-24 12:53:24 - [TEST_CASE][PASSED] - Start Test Case : Verification: Verification accomplished successfully

2019-08-24 12:53:24 - [TEST_STEP][PASSED] - request = getInstance().getCurrentRequest(): null

2019-08-24 12:53:24 - [TEST_STEP][PASSED] - response = getInstance().getCurrentResponse(): null

2019-08-24 12:53:24 - [TEST_STEP][PASSED] - verifyResponseStatusCode(response, 200): Verify response status code successfully

2019-08-24 12:53:24 - [MESSAGE][PASSED] - Verify response status code successfully

2019-08-24 12:53:24 - [TEST_STEP][PASSED] - getStatusCode()).isEqualTo(200): null

2019-08-24 12:53:24 - [TEST_STEP][PASSED] - newline = System.getProperty("line.separator"): null

2019-08-24 12:53:24 - [TEST_STEP][PASSED] - M4_spin = new groovy.json.JsonSlurper(): null

2019-08-24 12:53:24 - [TEST_STEP][PASSED] - result_M4_spin = M4_spin.parseText(response.getResponseBodyContent()): null

2019-08-24 12:53:24 - [TEST_STEP][PASSED] - M4_spin_current_balance = current_balance: null

2019-08-24 12:53:24 - [TEST_STEP][PASSED] - M4_spin_current_balance = M4_spin_current_balance: null

2019-08-24 12:53:24 - [TEST_STEP][PASSED] - M4_spin_transaction_id = causality: null

2019-08-24 12:53:24 - [TEST_STEP][PASSED] - M4_spin_transaction_id = M4_spin_transaction_id: null

2019-08-24 12:53:24 - [TEST_STEP][PASSED] - M4_spin_round_id = round_id: null

2019-08-24 12:53:24 - [TEST_STEP][PASSED] - M4_spin_round_id = M4_spin_round_id: null

2019-08-24 12:53:24 - [TEST_STEP][PASSED] - M4_spin_line_wins = line_wins: null

2019-08-24 12:53:24 - [TEST_STEP][PASSED] - M4_spin_line_wins = M4_spin_line_wins: null

2019-08-24 12:53:24 - [TEST_STEP][PASSED] - M4_total_bonus_spins_int = total_bonus_spins: null

2019-08-24 12:53:24 - [TEST_STEP][PASSED] - println("******M4_total_bonus_spins type is:*******" + newline + getClass().getName()): null

2019-08-24 12:53:24 - [TEST_STEP][PASSED] - M4_total_bonus_spins_int = M4_total_bonus_spins_int: null

2019-08-24 12:53:24 - [TEST_STEP][PASSED] - M4_total_bonus_spins = Integer.toString(M4_total_bonus_spins_int): null

2019-08-24 12:53:24 - [TEST_STEP][PASSED] - M4_total_bonus_spins = M4_total_bonus_spins: null

2019-08-24 12:53:24 - [TEST_STEP][PASSED] - println("M4_total_bonus_spins is:" + M4_total_bonus_spins): null

2019-08-24 12:53:24 - [TEST_STEP][PASSED] - M4_spin_bonus_data = bonus_data: null

2019-08-24 12:53:24 - [TEST_STEP][PASSED] - M4_spin_features_triggered = result_M4_spin: null

2019-08-24 12:53:24 - [TEST_STEP][PASSED] - wild = []: null

2019-08-24 12:53:24 - [TEST_STEP][PASSED] - wild[0] = "WILD_Expanding": null

2019-08-24 12:53:24 - [TEST_STEP][PASSED] - wild[1] = "WILD_Normal": null

2019-08-24 12:53:24 - [TEST_STEP][PASSED] - wild[2] = "WILD_Double": null

2019-08-24 12:53:24 - [TEST_STEP][PASSED] - wild[3] = "WILD_ExtraFG": null

2019-08-24 12:53:24 - [TEST_STEP][PASSED] - wild[4] = "WILD_Triple": null

2019-08-24 12:53:24 - [TEST_STEP][PASSED] - wildList = Arrays.asList(wild): null

2019-08-24 12:53:24 - [TEST_STEP][PASSED] - wildList = wildList: null

2019-08-24 12:53:24 - [TEST_STEP][PASSED] - free_spin_reel_counter = []: null

2019-08-24 12:53:24 - [TEST_STEP][PASSED] - free_spin_reel_counter[0] = 0: null

2019-08-24 12:53:24 - [TEST_STEP][PASSED] - free_spin_reel_counter[1] = 0: null

2019-08-24 12:53:24 - [TEST_STEP][PASSED] - free_spin_reel_counter[2] = 0: null

2019-08-24 12:53:24 - [TEST_STEP][PASSED] - M4_spin_reels = reels: null

2019-08-24 12:53:24 - [TEST_STEP][PASSED] - for ([i = 0, i &lt; M4_spin_reels.size(), (i++)]): null

2019-08-24 12:53:24 - [TEST_STEP][PASSED] - symbols = symbols: null

2019-08-24 12:53:24 - [TEST_STEP][PASSED] - for ([j = 0, j &lt; symbols.size(), (j++)]): null

2019-08-24 12:53:24 - [TEST_STEP][PASSED] - symbol = symbol: null

2019-08-24 12:53:24 - [TEST_STEP][PASSED] - println(symbol): null

2019-08-24 12:53:24 - [TEST_STEP][PASSED] - if (i == 2 &amp;&amp; wildList.indexOf(symbol) != -1): null

2019-08-24 12:53:24 - [TEST_STEP][PASSED] - if (i == 3 &amp;&amp; wildList.indexOf(symbol) != -1): null

2019-08-24 12:53:24 - [TEST_STEP][PASSED] - if (i == 4 &amp;&amp; wildList.indexOf(symbol) != -1): null

2019-08-24 12:53:24 - [TEST_STEP][PASSED] - symbol = symbol: null

2019-08-24 12:53:24 - [TEST_STEP][PASSED] - println(symbol): null

2019-08-24 12:53:24 - [TEST_STEP][PASSED] - if (i == 2 &amp;&amp; wildList.indexOf(symbol) != -1): null

2019-08-24 12:53:24 - [TEST_STEP][PASSED] - if (i == 3 &amp;&amp; wildList.indexOf(symbol) != -1): null

2019-08-24 12:53:24 - [TEST_STEP][PASSED] - if (i == 4 &amp;&amp; wildList.indexOf(symbol) != -1): null

2019-08-24 12:53:24 - [TEST_STEP][PASSED] - symbol = symbol: null

2019-08-24 12:53:24 - [TEST_STEP][PASSED] - println(symbol): null

2019-08-24 12:53:24 - [TEST_STEP][PASSED] - if (i == 2 &amp;&amp; wildList.indexOf(symbol) != -1): null

2019-08-24 12:53:24 - [TEST_STEP][PASSED] - if (i == 3 &amp;&amp; wildList.indexOf(symbol) != -1): null

2019-08-24 12:53:24 - [TEST_STEP][PASSED] - if (i == 4 &amp;&amp; wildList.indexOf(symbol) != -1): null

2019-08-24 12:53:24 - [TEST_STEP][PASSED] - symbols = symbols: null

2019-08-24 12:53:24 - [TEST_STEP][PASSED] - for ([j = 0, j &lt; symbols.size(), (j++)]): null

2019-08-24 12:53:24 - [TEST_STEP][PASSED] - symbol = symbol: null

2019-08-24 12:53:24 - [TEST_STEP][PASSED] - println(symbol): null

2019-08-24 12:53:24 - [TEST_STEP][PASSED] - if (i == 2 &amp;&amp; wildList.indexOf(symbol) != -1): null

2019-08-24 12:53:24 - [TEST_STEP][PASSED] - if (i == 3 &amp;&amp; wildList.indexOf(symbol) != -1): null

2019-08-24 12:53:24 - [TEST_STEP][PASSED] - if (i == 4 &amp;&amp; wildList.indexOf(symbol) != -1): null

2019-08-24 12:53:24 - [TEST_STEP][PASSED] - symbol = symbol: null

2019-08-24 12:53:24 - [TEST_STEP][PASSED] - println(symbol): null

2019-08-24 12:53:24 - [TEST_STEP][PASSED] - if (i == 2 &amp;&amp; wildList.indexOf(symbol) != -1): null

2019-08-24 12:53:24 - [TEST_STEP][PASSED] - if (i == 3 &amp;&amp; wildList.indexOf(symbol) != -1): null

2019-08-24 12:53:24 - [TEST_STEP][PASSED] - if (i == 4 &amp;&amp; wildList.indexOf(symbol) != -1): null

2019-08-24 12:53:24 - [TEST_STEP][PASSED] - symbol = symbol: null

2019-08-24 12:53:24 - [TEST_STEP][PASSED] - println(symbol): null

2019-08-24 12:53:24 - [TEST_STEP][PASSED] - if (i == 2 &amp;&amp; wildList.indexOf(symbol) != -1): null

2019-08-24 12:53:24 - [TEST_STEP][PASSED] - if (i == 3 &amp;&amp; wildList.indexOf(symbol) != -1): null

2019-08-24 12:53:24 - [TEST_STEP][PASSED] - if (i == 4 &amp;&amp; wildList.indexOf(symbol) != -1): null

2019-08-24 12:53:24 - [TEST_STEP][PASSED] - symbols = symbols: null

2019-08-24 12:53:24 - [TEST_STEP][PASSED] - for ([j = 0, j &lt; symbols.size(), (j++)]): null

2019-08-24 12:53:24 - [TEST_STEP][PASSED] - symbol = symbol: null

2019-08-24 12:53:24 - [TEST_STEP][PASSED] - println(symbol): null

2019-08-24 12:53:24 - [TEST_STEP][PASSED] - if (i == 2 &amp;&amp; wildList.indexOf(symbol) != -1): null

2019-08-24 12:53:24 - [TEST_STEP][PASSED] - if (i == 3 &amp;&amp; wildList.indexOf(symbol) != -1): null

2019-08-24 12:53:24 - [TEST_STEP][PASSED] - if (i == 4 &amp;&amp; wildList.indexOf(symbol) != -1): null

2019-08-24 12:53:24 - [TEST_STEP][PASSED] - symbol = symbol: null

2019-08-24 12:53:24 - [TEST_STEP][PASSED] - println(symbol): null

2019-08-24 12:53:24 - [TEST_STEP][PASSED] - if (i == 2 &amp;&amp; wildList.indexOf(symbol) != -1): null

2019-08-24 12:53:24 - [TEST_STEP][PASSED] - if (i == 3 &amp;&amp; wildList.indexOf(symbol) != -1): null

2019-08-24 12:53:24 - [TEST_STEP][PASSED] - if (i == 4 &amp;&amp; wildList.indexOf(symbol) != -1): null

2019-08-24 12:53:24 - [TEST_STEP][PASSED] - symbol = symbol: null

2019-08-24 12:53:24 - [TEST_STEP][PASSED] - println(symbol): null

2019-08-24 12:53:24 - [TEST_STEP][PASSED] - if (i == 2 &amp;&amp; wildList.indexOf(symbol) != -1): null

2019-08-24 12:53:24 - [TEST_STEP][PASSED] - println("wild found on reel 3, adding counter by 1"): null

2019-08-24 12:53:24 - [TEST_STEP][PASSED] - free_spin_reel_counter[0] = free_spin_reel_counter[0] + 1: null

2019-08-24 12:53:24 - [TEST_STEP][PASSED] - if (i == 3 &amp;&amp; wildList.indexOf(symbol) != -1): null

2019-08-24 12:53:24 - [TEST_STEP][PASSED] - if (i == 4 &amp;&amp; wildList.indexOf(symbol) != -1): null

2019-08-24 12:53:24 - [TEST_STEP][PASSED] - symbols = symbols: null

2019-08-24 12:53:24 - [TEST_STEP][PASSED] - for ([j = 0, j &lt; symbols.size(), (j++)]): null

2019-08-24 12:53:24 - [TEST_STEP][PASSED] - symbol = symbol: null

2019-08-24 12:53:24 - [TEST_STEP][PASSED] - println(symbol): null

2019-08-24 12:53:24 - [TEST_STEP][PASSED] - if (i == 2 &amp;&amp; wildList.indexOf(symbol) != -1): null

2019-08-24 12:53:24 - [TEST_STEP][PASSED] - if (i == 3 &amp;&amp; wildList.indexOf(symbol) != -1): null

2019-08-24 12:53:24 - [TEST_STEP][PASSED] - if (i == 4 &amp;&amp; wildList.indexOf(symbol) != -1): null

2019-08-24 12:53:24 - [TEST_STEP][PASSED] - symbol = symbol: null

2019-08-24 12:53:24 - [TEST_STEP][PASSED] - println(symbol): null

2019-08-24 12:53:24 - [TEST_STEP][PASSED] - if (i == 2 &amp;&amp; wildList.indexOf(symbol) != -1): null

2019-08-24 12:53:24 - [TEST_STEP][PASSED] - if (i == 3 &amp;&amp; wildList.indexOf(symbol) != -1): null

2019-08-24 12:53:24 - [TEST_STEP][PASSED] - if (i == 4 &amp;&amp; wildList.indexOf(symbol) != -1): null

2019-08-24 12:53:24 - [TEST_STEP][PASSED] - symbol = symbol: null

2019-08-24 12:53:24 - [TEST_STEP][PASSED] - println(symbol): null

2019-08-24 12:53:24 - [TEST_STEP][PASSED] - if (i == 2 &amp;&amp; wildList.indexOf(symbol) != -1): null

2019-08-24 12:53:24 - [TEST_STEP][PASSED] - if (i == 3 &amp;&amp; wildList.indexOf(symbol) != -1): null

2019-08-24 12:53:24 - [TEST_STEP][PASSED] - if (i == 4 &amp;&amp; wildList.indexOf(symbol) != -1): null

2019-08-24 12:53:24 - [TEST_STEP][PASSED] - symbols = symbols: null

2019-08-24 12:53:24 - [TEST_STEP][PASSED] - for ([j = 0, j &lt; symbols.size(), (j++)]): null

2019-08-24 12:53:24 - [TEST_STEP][PASSED] - symbol = symbol: null

2019-08-24 12:53:24 - [TEST_STEP][PASSED] - println(symbol): null

2019-08-24 12:53:24 - [TEST_STEP][PASSED] - if (i == 2 &amp;&amp; wildList.indexOf(symbol) != -1): null

2019-08-24 12:53:24 - [TEST_STEP][PASSED] - if (i == 3 &amp;&amp; wildList.indexOf(symbol) != -1): null

2019-08-24 12:53:24 - [TEST_STEP][PASSED] - if (i == 4 &amp;&amp; wildList.indexOf(symbol) != -1): null

2019-08-24 12:53:24 - [TEST_STEP][PASSED] - symbol = symbol: null

2019-08-24 12:53:24 - [TEST_STEP][PASSED] - println(symbol): null

2019-08-24 12:53:24 - [TEST_STEP][PASSED] - if (i == 2 &amp;&amp; wildList.indexOf(symbol) != -1): null

2019-08-24 12:53:24 - [TEST_STEP][PASSED] - if (i == 3 &amp;&amp; wildList.indexOf(symbol) != -1): null

2019-08-24 12:53:24 - [TEST_STEP][PASSED] - if (i == 4 &amp;&amp; wildList.indexOf(symbol) != -1): null

2019-08-24 12:53:24 - [TEST_STEP][PASSED] - symbol = symbol: null

2019-08-24 12:53:24 - [TEST_STEP][PASSED] - println(symbol): null

2019-08-24 12:53:24 - [TEST_STEP][PASSED] - if (i == 2 &amp;&amp; wildList.indexOf(symbol) != -1): null

2019-08-24 12:53:24 - [TEST_STEP][PASSED] - if (i == 3 &amp;&amp; wildList.indexOf(symbol) != -1): null

2019-08-24 12:53:24 - [TEST_STEP][PASSED] - if (i == 4 &amp;&amp; wildList.indexOf(symbol) != -1): null

2019-08-24 12:53:24 - [TEST_STEP][PASSED] - free_spin_reel_counter = free_spin_reel_counter: null

2019-08-24 12:53:24 - [TEST_STEP][PASSED] - println("reel 3 wild found: " + free_spin_reel_counter[0]): null

2019-08-24 12:53:24 - [TEST_STEP][PASSED] - println("reel 4 wild found: " + free_spin_reel_counter[1]): null

2019-08-24 12:53:24 - [TEST_STEP][PASSED] - println("reel 5 wild found: " + free_spin_reel_counter[2]): null

2019-08-24 12:53:24 - [TEST_STEP][PASSED] - M4_spin_reels = M4_spin_reels: null

2019-08-24 12:53:24 - [TEST_STEP][PASSED] - M4_spin_reels_symbols = symbol: null

2019-08-24 12:53:24 - [TEST_STEP][PASSED] - M4_spin_reels_symbols = M4_spin_reels_symbols: null

2019-08-24 12:53:24 - [TEST_STEP][PASSED] - M4_spin_reel_wins = reel_wins: null

2019-08-24 12:53:24 - [TEST_STEP][PASSED] - M4_spin_reel_wins = M4_spin_reel_wins: null

2019-08-24 12:53:24 - [TEST_STEP][PASSED] - println("GlobalVariable.M4_spin_reel_wins is: " + M4_spin_reel_wins): null

2019-08-24 12:53:24 - [TEST_STEP][PASSED] - M4_spin_total_bonus_win_this_round = total_bonus_win_this_round: null

2019-08-24 12:53:24 - [TEST_STEP][PASSED] - M4_spin_total_bonus_win_this_round = M4_spin_total_bonus_win_this_round: null

2019-08-24 12:53:24 - [TEST_STEP][PASSED] - println("GlobalVariable.M4_spin_total_bonus_win_this_round is: " + M4_spin_total_bonus_win_this_round): null

2019-08-24 12:53:24 - [TEST_STEP][PASSED] - M4_spin_bonus_spin_result = spin_result: null

2019-08-24 12:53:24 - [TEST_STEP][PASSED] - M4_spin_bonus_spin_result = M4_spin_bonus_spin_result: null

2019-08-24 12:53:24 - [MESSAGE][PASSED] - Verify response successfully

2019-08-24 12:53:24 - [MESSAGE][PASSED] - Send request and verify the response successfully

2019-08-24 12:53:24 - [TEST_STEP][PASSED] - if (M4_total_bonus_spins_int != 0 &amp;&amp; M4_spin_reels_symbols[2].contains("WILD_Double") || M4_spin_reels_symbols[4].contains("WILD_Triple")): null

2019-08-24 12:53:24 - [TEST_STEP][PASSED] - free_spin_reel_counter = free_spin_reel_counter: null

2019-08-24 12:53:24 - [TEST_STEP][PASSED] - M4_spin_reels_symbols = M4_spin_reels_symbols: null

2019-08-24 12:53:24 - [TEST_STEP][PASSED] - M4_total_bonus_spins = M4_total_bonus_spins: null

2019-08-24 12:53:24 - [TEST_STEP][PASSED] - spin_result = sendRequestAndVerify(findTestObject("INT/RGS(M4)/1_M4_spin", ["M4_login_user_id":M4_login_user_id, "rgs_session_token":rgs_session_token, "partner":Partner])): Send request and verify the response successfully

2019-08-24 12:53:24 - [MESSAGE][INFO] - HAR: /Users/eiralee/Katalon_Script/SuperWild/Reports/20190824_124242/INT/superWild_4/20190824_124242/requests/main/189.har

2019-08-24 12:53:24 - [TEST_CASE][PASSED] - Start Test Case : Verification: Verification accomplished successfully

2019-08-24 12:53:24 - [TEST_STEP][PASSED] - request = getInstance().getCurrentRequest(): null

2019-08-24 12:53:25 - [TEST_STEP][PASSED] - response = getInstance().getCurrentResponse(): null

2019-08-24 12:53:25 - [TEST_STEP][PASSED] - verifyResponseStatusCode(response, 200): Verify response status code successfully

2019-08-24 12:53:25 - [MESSAGE][PASSED] - Verify response status code successfully

2019-08-24 12:53:25 - [TEST_STEP][PASSED] - getStatusCode()).isEqualTo(200): null

2019-08-24 12:53:25 - [TEST_STEP][PASSED] - newline = System.getProperty("line.separator"): null

2019-08-24 12:53:25 - [TEST_STEP][PASSED] - M4_spin = new groovy.json.JsonSlurper(): null

2019-08-24 12:53:25 - [TEST_STEP][PASSED] - result_M4_spin = M4_spin.parseText(response.getResponseBodyContent()): null

2019-08-24 12:53:25 - [TEST_STEP][PASSED] - M4_spin_current_balance = current_balance: null

2019-08-24 12:53:25 - [TEST_STEP][PASSED] - M4_spin_current_balance = M4_spin_current_balance: null

2019-08-24 12:53:25 - [TEST_STEP][PASSED] - M4_spin_transaction_id = causality: null

2019-08-24 12:53:25 - [TEST_STEP][PASSED] - M4_spin_transaction_id = M4_spin_transaction_id: null

2019-08-24 12:53:25 - [TEST_STEP][PASSED] - M4_spin_round_id = round_id: null

2019-08-24 12:53:25 - [TEST_STEP][PASSED] - M4_spin_round_id = M4_spin_round_id: null

2019-08-24 12:53:25 - [TEST_STEP][PASSED] - M4_spin_line_wins = line_wins: null

2019-08-24 12:53:25 - [TEST_STEP][PASSED] - M4_spin_line_wins = M4_spin_line_wins: null

2019-08-24 12:53:25 - [TEST_STEP][PASSED] - M4_total_bonus_spins_int = total_bonus_spins: null

2019-08-24 12:53:25 - [TEST_STEP][PASSED] - println("******M4_total_bonus_spins type is:*******" + newline + getClass().getName()): null

2019-08-24 12:53:25 - [TEST_STEP][PASSED] - M4_total_bonus_spins_int = M4_total_bonus_spins_int: null

2019-08-24 12:53:25 - [TEST_STEP][PASSED] - M4_total_bonus_spins = Integer.toString(M4_total_bonus_spins_int): null

2019-08-24 12:53:25 - [TEST_STEP][PASSED] - M4_total_bonus_spins = M4_total_bonus_spins: null

2019-08-24 12:53:25 - [TEST_STEP][PASSED] - println("M4_total_bonus_spins is:" + M4_total_bonus_spins): null

2019-08-24 12:53:25 - [TEST_STEP][PASSED] - M4_spin_bonus_data = bonus_data: null

2019-08-24 12:53:25 - [TEST_STEP][PASSED] - M4_spin_features_triggered = result_M4_spin: null

2019-08-24 12:53:25 - [TEST_STEP][PASSED] - wild = []: null

2019-08-24 12:53:25 - [TEST_STEP][PASSED] - wild[0] = "WILD_Expanding": null

2019-08-24 12:53:25 - [TEST_STEP][PASSED] - wild[1] = "WILD_Normal": null

2019-08-24 12:53:25 - [TEST_STEP][PASSED] - wild[2] = "WILD_Double": null

2019-08-24 12:53:25 - [TEST_STEP][PASSED] - wild[3] = "WILD_ExtraFG": null

2019-08-24 12:53:25 - [TEST_STEP][PASSED] - wild[4] = "WILD_Triple": null

2019-08-24 12:53:25 - [TEST_STEP][PASSED] - wildList = Arrays.asList(wild): null

2019-08-24 12:53:25 - [TEST_STEP][PASSED] - wildList = wildList: null

2019-08-24 12:53:25 - [TEST_STEP][PASSED] - free_spin_reel_counter = []: null

2019-08-24 12:53:25 - [TEST_STEP][PASSED] - free_spin_reel_counter[0] = 0: null

2019-08-24 12:53:25 - [TEST_STEP][PASSED] - free_spin_reel_counter[1] = 0: null

2019-08-24 12:53:25 - [TEST_STEP][PASSED] - free_spin_reel_counter[2] = 0: null

2019-08-24 12:53:25 - [TEST_STEP][PASSED] - M4_spin_reels = reels: null

2019-08-24 12:53:25 - [TEST_STEP][PASSED] - for ([i = 0, i &lt; M4_spin_reels.size(), (i++)]): null

2019-08-24 12:53:25 - [TEST_STEP][PASSED] - symbols = symbols: null

2019-08-24 12:53:25 - [TEST_STEP][PASSED] - for ([j = 0, j &lt; symbols.size(), (j++)]): null

2019-08-24 12:53:25 - [TEST_STEP][PASSED] - symbol = symbol: null

2019-08-24 12:53:25 - [TEST_STEP][PASSED] - println(symbol): null

2019-08-24 12:53:25 - [TEST_STEP][PASSED] - if (i == 2 &amp;&amp; wildList.indexOf(symbol) != -1): null

2019-08-24 12:53:25 - [TEST_STEP][PASSED] - if (i == 3 &amp;&amp; wildList.indexOf(symbol) != -1): null

2019-08-24 12:53:25 - [TEST_STEP][PASSED] - if (i == 4 &amp;&amp; wildList.indexOf(symbol) != -1): null

2019-08-24 12:53:25 - [TEST_STEP][PASSED] - symbol = symbol: null

2019-08-24 12:53:25 - [TEST_STEP][PASSED] - println(symbol): null

2019-08-24 12:53:25 - [TEST_STEP][PASSED] - if (i == 2 &amp;&amp; wildList.indexOf(symbol) != -1): null

2019-08-24 12:53:25 - [TEST_STEP][PASSED] - if (i == 3 &amp;&amp; wildList.indexOf(symbol) != -1): null

2019-08-24 12:53:25 - [TEST_STEP][PASSED] - if (i == 4 &amp;&amp; wildList.indexOf(symbol) != -1): null

2019-08-24 12:53:25 - [TEST_STEP][PASSED] - symbol = symbol: null

2019-08-24 12:53:25 - [TEST_STEP][PASSED] - println(symbol): null

2019-08-24 12:53:25 - [TEST_STEP][PASSED] - if (i == 2 &amp;&amp; wildList.indexOf(symbol) != -1): null

2019-08-24 12:53:25 - [TEST_STEP][PASSED] - if (i == 3 &amp;&amp; wildList.indexOf(symbol) != -1): null

2019-08-24 12:53:25 - [TEST_STEP][PASSED] - if (i == 4 &amp;&amp; wildList.indexOf(symbol) != -1): null

2019-08-24 12:53:25 - [TEST_STEP][PASSED] - symbols = symbols: null

2019-08-24 12:53:25 - [TEST_STEP][PASSED] - for ([j = 0, j &lt; symbols.size(), (j++)]): null

2019-08-24 12:53:25 - [TEST_STEP][PASSED] - symbol = symbol: null

2019-08-24 12:53:25 - [TEST_STEP][PASSED] - println(symbol): null

2019-08-24 12:53:25 - [TEST_STEP][PASSED] - if (i == 2 &amp;&amp; wildList.indexOf(symbol) != -1): null

2019-08-24 12:53:25 - [TEST_STEP][PASSED] - if (i == 3 &amp;&amp; wildList.indexOf(symbol) != -1): null

2019-08-24 12:53:25 - [TEST_STEP][PASSED] - if (i == 4 &amp;&amp; wildList.indexOf(symbol) != -1): null

2019-08-24 12:53:25 - [TEST_STEP][PASSED] - symbol = symbol: null

2019-08-24 12:53:25 - [TEST_STEP][PASSED] - println(symbol): null

2019-08-24 12:53:25 - [TEST_STEP][PASSED] - if (i == 2 &amp;&amp; wildList.indexOf(symbol) != -1): null

2019-08-24 12:53:25 - [TEST_STEP][PASSED] - if (i == 3 &amp;&amp; wildList.indexOf(symbol) != -1): null

2019-08-24 12:53:25 - [TEST_STEP][PASSED] - if (i == 4 &amp;&amp; wildList.indexOf(symbol) != -1): null

2019-08-24 12:53:25 - [TEST_STEP][PASSED] - symbol = symbol: null

2019-08-24 12:53:25 - [TEST_STEP][PASSED] - println(symbol): null

2019-08-24 12:53:25 - [TEST_STEP][PASSED] - if (i == 2 &amp;&amp; wildList.indexOf(symbol) != -1): null

2019-08-24 12:53:25 - [TEST_STEP][PASSED] - if (i == 3 &amp;&amp; wildList.indexOf(symbol) != -1): null

2019-08-24 12:53:25 - [TEST_STEP][PASSED] - if (i == 4 &amp;&amp; wildList.indexOf(symbol) != -1): null

2019-08-24 12:53:25 - [TEST_STEP][PASSED] - symbols = symbols: null

2019-08-24 12:53:25 - [TEST_STEP][PASSED] - for ([j = 0, j &lt; symbols.size(), (j++)]): null

2019-08-24 12:53:25 - [TEST_STEP][PASSED] - symbol = symbol: null

2019-08-24 12:53:25 - [TEST_STEP][PASSED] - println(symbol): null

2019-08-24 12:53:25 - [TEST_STEP][PASSED] - if (i == 2 &amp;&amp; wildList.indexOf(symbol) != -1): null

2019-08-24 12:53:25 - [TEST_STEP][PASSED] - if (i == 3 &amp;&amp; wildList.indexOf(symbol) != -1): null

2019-08-24 12:53:25 - [TEST_STEP][PASSED] - if (i == 4 &amp;&amp; wildList.indexOf(symbol) != -1): null

2019-08-24 12:53:25 - [TEST_STEP][PASSED] - symbol = symbol: null

2019-08-24 12:53:25 - [TEST_STEP][PASSED] - println(symbol): null

2019-08-24 12:53:25 - [TEST_STEP][PASSED] - if (i == 2 &amp;&amp; wildList.indexOf(symbol) != -1): null

2019-08-24 12:53:25 - [TEST_STEP][PASSED] - if (i == 3 &amp;&amp; wildList.indexOf(symbol) != -1): null

2019-08-24 12:53:25 - [TEST_STEP][PASSED] - if (i == 4 &amp;&amp; wildList.indexOf(symbol) != -1): null

2019-08-24 12:53:25 - [TEST_STEP][PASSED] - symbol = symbol: null

2019-08-24 12:53:25 - [TEST_STEP][PASSED] - println(symbol): null

2019-08-24 12:53:25 - [TEST_STEP][PASSED] - if (i == 2 &amp;&amp; wildList.indexOf(symbol) != -1): null

2019-08-24 12:53:25 - [TEST_STEP][PASSED] - if (i == 3 &amp;&amp; wildList.indexOf(symbol) != -1): null

2019-08-24 12:53:25 - [TEST_STEP][PASSED] - if (i == 4 &amp;&amp; wildList.indexOf(symbol) != -1): null

2019-08-24 12:53:25 - [TEST_STEP][PASSED] - symbols = symbols: null

2019-08-24 12:53:25 - [TEST_STEP][PASSED] - for ([j = 0, j &lt; symbols.size(), (j++)]): null

2019-08-24 12:53:25 - [TEST_STEP][PASSED] - symbol = symbol: null

2019-08-24 12:53:25 - [TEST_STEP][PASSED] - println(symbol): null

2019-08-24 12:53:25 - [TEST_STEP][PASSED] - if (i == 2 &amp;&amp; wildList.indexOf(symbol) != -1): null

2019-08-24 12:53:25 - [TEST_STEP][PASSED] - if (i == 3 &amp;&amp; wildList.indexOf(symbol) != -1): null

2019-08-24 12:53:25 - [TEST_STEP][PASSED] - if (i == 4 &amp;&amp; wildList.indexOf(symbol) != -1): null

2019-08-24 12:53:25 - [TEST_STEP][PASSED] - symbol = symbol: null

2019-08-24 12:53:25 - [TEST_STEP][PASSED] - println(symbol): null

2019-08-24 12:53:25 - [TEST_STEP][PASSED] - if (i == 2 &amp;&amp; wildList.indexOf(symbol) != -1): null

2019-08-24 12:53:25 - [TEST_STEP][PASSED] - if (i == 3 &amp;&amp; wildList.indexOf(symbol) != -1): null

2019-08-24 12:53:25 - [TEST_STEP][PASSED] - if (i == 4 &amp;&amp; wildList.indexOf(symbol) != -1): null

2019-08-24 12:53:25 - [TEST_STEP][PASSED] - symbol = symbol: null

2019-08-24 12:53:25 - [TEST_STEP][PASSED] - println(symbol): null

2019-08-24 12:53:25 - [TEST_STEP][PASSED] - if (i == 2 &amp;&amp; wildList.indexOf(symbol) != -1): null

2019-08-24 12:53:25 - [TEST_STEP][PASSED] - if (i == 3 &amp;&amp; wildList.indexOf(symbol) != -1): null

2019-08-24 12:53:25 - [TEST_STEP][PASSED] - if (i == 4 &amp;&amp; wildList.indexOf(symbol) != -1): null

2019-08-24 12:53:25 - [TEST_STEP][PASSED] - symbols = symbols: null

2019-08-24 12:53:25 - [TEST_STEP][PASSED] - for ([j = 0, j &lt; symbols.size(), (j++)]): null

2019-08-24 12:53:25 - [TEST_STEP][PASSED] - symbol = symbol: null

2019-08-24 12:53:25 - [TEST_STEP][PASSED] - println(symbol): null

2019-08-24 12:53:25 - [TEST_STEP][PASSED] - if (i == 2 &amp;&amp; wildList.indexOf(symbol) != -1): null

2019-08-24 12:53:25 - [TEST_STEP][PASSED] - if (i == 3 &amp;&amp; wildList.indexOf(symbol) != -1): null

2019-08-24 12:53:25 - [TEST_STEP][PASSED] - if (i == 4 &amp;&amp; wildList.indexOf(symbol) != -1): null

2019-08-24 12:53:25 - [TEST_STEP][PASSED] - symbol = symbol: null

2019-08-24 12:53:25 - [TEST_STEP][PASSED] - println(symbol): null

2019-08-24 12:53:25 - [TEST_STEP][PASSED] - if (i == 2 &amp;&amp; wildList.indexOf(symbol) != -1): null

2019-08-24 12:53:25 - [TEST_STEP][PASSED] - if (i == 3 &amp;&amp; wildList.indexOf(symbol) != -1): null

2019-08-24 12:53:25 - [TEST_STEP][PASSED] - if (i == 4 &amp;&amp; wildList.indexOf(symbol) != -1): null

2019-08-24 12:53:25 - [TEST_STEP][PASSED] - symbol = symbol: null

2019-08-24 12:53:25 - [TEST_STEP][PASSED] - println(symbol): null

2019-08-24 12:53:25 - [TEST_STEP][PASSED] - if (i == 2 &amp;&amp; wildList.indexOf(symbol) != -1): null

2019-08-24 12:53:25 - [TEST_STEP][PASSED] - if (i == 3 &amp;&amp; wildList.indexOf(symbol) != -1): null

2019-08-24 12:53:25 - [TEST_STEP][PASSED] - if (i == 4 &amp;&amp; wildList.indexOf(symbol) != -1): null

2019-08-24 12:53:25 - [TEST_STEP][PASSED] - free_spin_reel_counter = free_spin_reel_counter: null

2019-08-24 12:53:25 - [TEST_STEP][PASSED] - println("reel 3 wild found: " + free_spin_reel_counter[0]): null

2019-08-24 12:53:25 - [TEST_STEP][PASSED] - println("reel 4 wild found: " + free_spin_reel_counter[1]): null

2019-08-24 12:53:25 - [TEST_STEP][PASSED] - println("reel 5 wild found: " + free_spin_reel_counter[2]): null

2019-08-24 12:53:25 - [TEST_STEP][PASSED] - M4_spin_reels = M4_spin_reels: null

2019-08-24 12:53:25 - [TEST_STEP][PASSED] - M4_spin_reels_symbols = symbol: null

2019-08-24 12:53:25 - [TEST_STEP][PASSED] - M4_spin_reels_symbols = M4_spin_reels_symbols: null

2019-08-24 12:53:25 - [TEST_STEP][PASSED] - M4_spin_reel_wins = reel_wins: null

2019-08-24 12:53:25 - [TEST_STEP][PASSED] - M4_spin_reel_wins = M4_spin_reel_wins: null

2019-08-24 12:53:25 - [TEST_STEP][PASSED] - println("GlobalVariable.M4_spin_reel_wins is: " + M4_spin_reel_wins): null

2019-08-24 12:53:25 - [TEST_STEP][PASSED] - M4_spin_total_bonus_win_this_round = total_bonus_win_this_round: null

2019-08-24 12:53:25 - [TEST_STEP][PASSED] - M4_spin_total_bonus_win_this_round = M4_spin_total_bonus_win_this_round: null

2019-08-24 12:53:25 - [TEST_STEP][PASSED] - println("GlobalVariable.M4_spin_total_bonus_win_this_round is: " + M4_spin_total_bonus_win_this_round): null

2019-08-24 12:53:25 - [TEST_STEP][PASSED] - M4_spin_bonus_spin_result = spin_result: null

2019-08-24 12:53:25 - [TEST_STEP][PASSED] - M4_spin_bonus_spin_result = M4_spin_bonus_spin_result: null

2019-08-24 12:53:25 - [MESSAGE][PASSED] - Verify response successfully

2019-08-24 12:53:25 - [MESSAGE][PASSED] - Send request and verify the response successfully

2019-08-24 12:53:25 - [TEST_STEP][PASSED] - if (M4_total_bonus_spins_int != 0 &amp;&amp; M4_spin_reels_symbols[2].contains("WILD_Double") || M4_spin_reels_symbols[4].contains("WILD_Triple")): null

2019-08-24 12:53:25 - [TEST_STEP][PASSED] - free_spin_reel_counter = free_spin_reel_counter: null

2019-08-24 12:53:25 - [TEST_STEP][PASSED] - M4_spin_reels_symbols = M4_spin_reels_symbols: null

2019-08-24 12:53:25 - [TEST_STEP][PASSED] - M4_total_bonus_spins = M4_total_bonus_spins: null

2019-08-24 12:53:25 - [TEST_STEP][PASSED] - spin_result = sendRequestAndVerify(findTestObject("INT/RGS(M4)/1_M4_spin", ["M4_login_user_id":M4_login_user_id, "rgs_session_token":rgs_session_token, "partner":Partner])): Send request and verify the response successfully

2019-08-24 12:53:25 - [MESSAGE][INFO] - HAR: /Users/eiralee/Katalon_Script/SuperWild/Reports/20190824_124242/INT/superWild_4/20190824_124242/requests/main/190.har

2019-08-24 12:53:25 - [TEST_CASE][PASSED] - Start Test Case : Verification: Verification accomplished successfully

2019-08-24 12:53:25 - [TEST_STEP][PASSED] - request = getInstance().getCurrentRequest(): null

2019-08-24 12:53:25 - [TEST_STEP][PASSED] - response = getInstance().getCurrentResponse(): null

2019-08-24 12:53:25 - [TEST_STEP][PASSED] - verifyResponseStatusCode(response, 200): Verify response status code successfully

2019-08-24 12:53:25 - [MESSAGE][PASSED] - Verify response status code successfully

2019-08-24 12:53:25 - [TEST_STEP][PASSED] - getStatusCode()).isEqualTo(200): null

2019-08-24 12:53:25 - [TEST_STEP][PASSED] - newline = System.getProperty("line.separator"): null

2019-08-24 12:53:25 - [TEST_STEP][PASSED] - M4_spin = new groovy.json.JsonSlurper(): null

2019-08-24 12:53:25 - [TEST_STEP][PASSED] - result_M4_spin = M4_spin.parseText(response.getResponseBodyContent()): null

2019-08-24 12:53:25 - [TEST_STEP][PASSED] - M4_spin_current_balance = current_balance: null

2019-08-24 12:53:25 - [TEST_STEP][PASSED] - M4_spin_current_balance = M4_spin_current_balance: null

2019-08-24 12:53:25 - [TEST_STEP][PASSED] - M4_spin_transaction_id = causality: null

2019-08-24 12:53:25 - [TEST_STEP][PASSED] - M4_spin_transaction_id = M4_spin_transaction_id: null

2019-08-24 12:53:25 - [TEST_STEP][PASSED] - M4_spin_round_id = round_id: null

2019-08-24 12:53:25 - [TEST_STEP][PASSED] - M4_spin_round_id = M4_spin_round_id: null

2019-08-24 12:53:25 - [TEST_STEP][PASSED] - M4_spin_line_wins = line_wins: null

2019-08-24 12:53:25 - [TEST_STEP][PASSED] - M4_spin_line_wins = M4_spin_line_wins: null

2019-08-24 12:53:25 - [TEST_STEP][PASSED] - M4_total_bonus_spins_int = total_bonus_spins: null

2019-08-24 12:53:25 - [TEST_STEP][PASSED] - println("******M4_total_bonus_spins type is:*******" + newline + getClass().getName()): null

2019-08-24 12:53:25 - [TEST_STEP][PASSED] - M4_total_bonus_spins_int = M4_total_bonus_spins_int: null

2019-08-24 12:53:25 - [TEST_STEP][PASSED] - M4_total_bonus_spins = Integer.toString(M4_total_bonus_spins_int): null

2019-08-24 12:53:25 - [TEST_STEP][PASSED] - M4_total_bonus_spins = M4_total_bonus_spins: null

2019-08-24 12:53:25 - [TEST_STEP][PASSED] - println("M4_total_bonus_spins is:" + M4_total_bonus_spins): null

2019-08-24 12:53:25 - [TEST_STEP][PASSED] - M4_spin_bonus_data = bonus_data: null

2019-08-24 12:53:25 - [TEST_STEP][PASSED] - M4_spin_features_triggered = result_M4_spin: null

2019-08-24 12:53:25 - [TEST_STEP][PASSED] - wild = []: null

2019-08-24 12:53:25 - [TEST_STEP][PASSED] - wild[0] = "WILD_Expanding": null

2019-08-24 12:53:25 - [TEST_STEP][PASSED] - wild[1] = "WILD_Normal": null

2019-08-24 12:53:25 - [TEST_STEP][PASSED] - wild[2] = "WILD_Double": null

2019-08-24 12:53:25 - [TEST_STEP][PASSED] - wild[3] = "WILD_ExtraFG": null

2019-08-24 12:53:25 - [TEST_STEP][PASSED] - wild[4] = "WILD_Triple": null

2019-08-24 12:53:25 - [TEST_STEP][PASSED] - wildList = Arrays.asList(wild): null

2019-08-24 12:53:25 - [TEST_STEP][PASSED] - wildList = wildList: null

2019-08-24 12:53:25 - [TEST_STEP][PASSED] - free_spin_reel_counter = []: null

2019-08-24 12:53:25 - [TEST_STEP][PASSED] - free_spin_reel_counter[0] = 0: null

2019-08-24 12:53:25 - [TEST_STEP][PASSED] - free_spin_reel_counter[1] = 0: null

2019-08-24 12:53:25 - [TEST_STEP][PASSED] - free_spin_reel_counter[2] = 0: null

2019-08-24 12:53:25 - [TEST_STEP][PASSED] - M4_spin_reels = reels: null

2019-08-24 12:53:25 - [TEST_STEP][PASSED] - for ([i = 0, i &lt; M4_spin_reels.size(), (i++)]): null

2019-08-24 12:53:25 - [TEST_STEP][PASSED] - symbols = symbols: null

2019-08-24 12:53:25 - [TEST_STEP][PASSED] - for ([j = 0, j &lt; symbols.size(), (j++)]): null

2019-08-24 12:53:25 - [TEST_STEP][PASSED] - symbol = symbol: null

2019-08-24 12:53:25 - [TEST_STEP][PASSED] - println(symbol): null

2019-08-24 12:53:25 - [TEST_STEP][PASSED] - if (i == 2 &amp;&amp; wildList.indexOf(symbol) != -1): null

2019-08-24 12:53:25 - [TEST_STEP][PASSED] - if (i == 3 &amp;&amp; wildList.indexOf(symbol) != -1): null

2019-08-24 12:53:25 - [TEST_STEP][PASSED] - if (i == 4 &amp;&amp; wildList.indexOf(symbol) != -1): null

2019-08-24 12:53:25 - [TEST_STEP][PASSED] - symbol = symbol: null

2019-08-24 12:53:25 - [TEST_STEP][PASSED] - println(symbol): null

2019-08-24 12:53:25 - [TEST_STEP][PASSED] - if (i == 2 &amp;&amp; wildList.indexOf(symbol) != -1): null

2019-08-24 12:53:25 - [TEST_STEP][PASSED] - if (i == 3 &amp;&amp; wildList.indexOf(symbol) != -1): null

2019-08-24 12:53:25 - [TEST_STEP][PASSED] - if (i == 4 &amp;&amp; wildList.indexOf(symbol) != -1): null

2019-08-24 12:53:25 - [TEST_STEP][PASSED] - symbol = symbol: null

2019-08-24 12:53:25 - [TEST_STEP][PASSED] - println(symbol): null

2019-08-24 12:53:25 - [TEST_STEP][PASSED] - if (i == 2 &amp;&amp; wildList.indexOf(symbol) != -1): null

2019-08-24 12:53:25 - [TEST_STEP][PASSED] - if (i == 3 &amp;&amp; wildList.indexOf(symbol) != -1): null

2019-08-24 12:53:25 - [TEST_STEP][PASSED] - if (i == 4 &amp;&amp; wildList.indexOf(symbol) != -1): null

2019-08-24 12:53:25 - [TEST_STEP][PASSED] - symbols = symbols: null

2019-08-24 12:53:25 - [TEST_STEP][PASSED] - for ([j = 0, j &lt; symbols.size(), (j++)]): null

2019-08-24 12:53:25 - [TEST_STEP][PASSED] - symbol = symbol: null

2019-08-24 12:53:25 - [TEST_STEP][PASSED] - println(symbol): null

2019-08-24 12:53:25 - [TEST_STEP][PASSED] - if (i == 2 &amp;&amp; wildList.indexOf(symbol) != -1): null

2019-08-24 12:53:25 - [TEST_STEP][PASSED] - if (i == 3 &amp;&amp; wildList.indexOf(symbol) != -1): null

2019-08-24 12:53:25 - [TEST_STEP][PASSED] - if (i == 4 &amp;&amp; wildList.indexOf(symbol) != -1): null

2019-08-24 12:53:25 - [TEST_STEP][PASSED] - symbol = symbol: null

2019-08-24 12:53:25 - [TEST_STEP][PASSED] - println(symbol): null

2019-08-24 12:53:25 - [TEST_STEP][PASSED] - if (i == 2 &amp;&amp; wildList.indexOf(symbol) != -1): null

2019-08-24 12:53:25 - [TEST_STEP][PASSED] - if (i == 3 &amp;&amp; wildList.indexOf(symbol) != -1): null

2019-08-24 12:53:25 - [TEST_STEP][PASSED] - if (i == 4 &amp;&amp; wildList.indexOf(symbol) != -1): null

2019-08-24 12:53:25 - [TEST_STEP][PASSED] - symbol = symbol: null

2019-08-24 12:53:25 - [TEST_STEP][PASSED] - println(symbol): null

2019-08-24 12:53:25 - [TEST_STEP][PASSED] - if (i == 2 &amp;&amp; wildList.indexOf(symbol) != -1): null

2019-08-24 12:53:25 - [TEST_STEP][PASSED] - if (i == 3 &amp;&amp; wildList.indexOf(symbol) != -1): null

2019-08-24 12:53:25 - [TEST_STEP][PASSED] - if (i == 4 &amp;&amp; wildList.indexOf(symbol) != -1): null

2019-08-24 12:53:25 - [TEST_STEP][PASSED] - symbols = symbols: null

2019-08-24 12:53:25 - [TEST_STEP][PASSED] - for ([j = 0, j &lt; symbols.size(), (j++)]): null

2019-08-24 12:53:25 - [TEST_STEP][PASSED] - symbol = symbol: null

2019-08-24 12:53:25 - [TEST_STEP][PASSED] - println(symbol): null

2019-08-24 12:53:25 - [TEST_STEP][PASSED] - if (i == 2 &amp;&amp; wildList.indexOf(symbol) != -1): null

2019-08-24 12:53:25 - [TEST_STEP][PASSED] - if (i == 3 &amp;&amp; wildList.indexOf(symbol) != -1): null

2019-08-24 12:53:25 - [TEST_STEP][PASSED] - if (i == 4 &amp;&amp; wildList.indexOf(symbol) != -1): null

2019-08-24 12:53:25 - [TEST_STEP][PASSED] - symbol = symbol: null

2019-08-24 12:53:25 - [TEST_STEP][PASSED] - println(symbol): null

2019-08-24 12:53:25 - [TEST_STEP][PASSED] - if (i == 2 &amp;&amp; wildList.indexOf(symbol) != -1): null

2019-08-24 12:53:25 - [TEST_STEP][PASSED] - if (i == 3 &amp;&amp; wildList.indexOf(symbol) != -1): null

2019-08-24 12:53:25 - [TEST_STEP][PASSED] - if (i == 4 &amp;&amp; wildList.indexOf(symbol) != -1): null

2019-08-24 12:53:25 - [TEST_STEP][PASSED] - symbol = symbol: null

2019-08-24 12:53:25 - [TEST_STEP][PASSED] - println(symbol): null

2019-08-24 12:53:25 - [TEST_STEP][PASSED] - if (i == 2 &amp;&amp; wildList.indexOf(symbol) != -1): null

2019-08-24 12:53:25 - [TEST_STEP][PASSED] - if (i == 3 &amp;&amp; wildList.indexOf(symbol) != -1): null

2019-08-24 12:53:25 - [TEST_STEP][PASSED] - if (i == 4 &amp;&amp; wildList.indexOf(symbol) != -1): null

2019-08-24 12:53:25 - [TEST_STEP][PASSED] - symbols = symbols: null

2019-08-24 12:53:25 - [TEST_STEP][PASSED] - for ([j = 0, j &lt; symbols.size(), (j++)]): null

2019-08-24 12:53:25 - [TEST_STEP][PASSED] - symbol = symbol: null

2019-08-24 12:53:25 - [TEST_STEP][PASSED] - println(symbol): null

2019-08-24 12:53:25 - [TEST_STEP][PASSED] - if (i == 2 &amp;&amp; wildList.indexOf(symbol) != -1): null

2019-08-24 12:53:25 - [TEST_STEP][PASSED] - if (i == 3 &amp;&amp; wildList.indexOf(symbol) != -1): null

2019-08-24 12:53:25 - [TEST_STEP][PASSED] - println("wild found on reel 4, adding counter by 1"): null

2019-08-24 12:53:25 - [TEST_STEP][PASSED] - free_spin_reel_counter[1] = free_spin_reel_counter[1] + 1: null

2019-08-24 12:53:25 - [TEST_STEP][PASSED] - if (i == 4 &amp;&amp; wildList.indexOf(symbol) != -1): null

2019-08-24 12:53:25 - [TEST_STEP][PASSED] - symbol = symbol: null

2019-08-24 12:53:25 - [TEST_STEP][PASSED] - println(symbol): null

2019-08-24 12:53:25 - [TEST_STEP][PASSED] - if (i == 2 &amp;&amp; wildList.indexOf(symbol) != -1): null

2019-08-24 12:53:25 - [TEST_STEP][PASSED] - if (i == 3 &amp;&amp; wildList.indexOf(symbol) != -1): null

2019-08-24 12:53:25 - [TEST_STEP][PASSED] - if (i == 4 &amp;&amp; wildList.indexOf(symbol) != -1): null

2019-08-24 12:53:25 - [TEST_STEP][PASSED] - symbol = symbol: null

2019-08-24 12:53:25 - [TEST_STEP][PASSED] - println(symbol): null

2019-08-24 12:53:25 - [TEST_STEP][PASSED] - if (i == 2 &amp;&amp; wildList.indexOf(symbol) != -1): null

2019-08-24 12:53:25 - [TEST_STEP][PASSED] - if (i == 3 &amp;&amp; wildList.indexOf(symbol) != -1): null

2019-08-24 12:53:25 - [TEST_STEP][PASSED] - if (i == 4 &amp;&amp; wildList.indexOf(symbol) != -1): null

2019-08-24 12:53:25 - [TEST_STEP][PASSED] - symbols = symbols: null

2019-08-24 12:53:25 - [TEST_STEP][PASSED] - for ([j = 0, j &lt; symbols.size(), (j++)]): null

2019-08-24 12:53:25 - [TEST_STEP][PASSED] - symbol = symbol: null

2019-08-24 12:53:25 - [TEST_STEP][PASSED] - println(symbol): null

2019-08-24 12:53:25 - [TEST_STEP][PASSED] - if (i == 2 &amp;&amp; wildList.indexOf(symbol) != -1): null

2019-08-24 12:53:25 - [TEST_STEP][PASSED] - if (i == 3 &amp;&amp; wildList.indexOf(symbol) != -1): null

2019-08-24 12:53:25 - [TEST_STEP][PASSED] - if (i == 4 &amp;&amp; wildList.indexOf(symbol) != -1): null

2019-08-24 12:53:25 - [TEST_STEP][PASSED] - symbol = symbol: null

2019-08-24 12:53:25 - [TEST_STEP][PASSED] - println(symbol): null

2019-08-24 12:53:25 - [TEST_STEP][PASSED] - if (i == 2 &amp;&amp; wildList.indexOf(symbol) != -1): null

2019-08-24 12:53:25 - [TEST_STEP][PASSED] - if (i == 3 &amp;&amp; wildList.indexOf(symbol) != -1): null

2019-08-24 12:53:25 - [TEST_STEP][PASSED] - if (i == 4 &amp;&amp; wildList.indexOf(symbol) != -1): null

2019-08-24 12:53:25 - [TEST_STEP][PASSED] - symbol = symbol: null

2019-08-24 12:53:25 - [TEST_STEP][PASSED] - println(symbol): null

2019-08-24 12:53:25 - [TEST_STEP][PASSED] - if (i == 2 &amp;&amp; wildList.indexOf(symbol) != -1): null

2019-08-24 12:53:25 - [TEST_STEP][PASSED] - if (i == 3 &amp;&amp; wildList.indexOf(symbol) != -1): null

2019-08-24 12:53:25 - [TEST_STEP][PASSED] - if (i == 4 &amp;&amp; wildList.indexOf(symbol) != -1): null

2019-08-24 12:53:25 - [TEST_STEP][PASSED] - free_spin_reel_counter = free_spin_reel_counter: null

2019-08-24 12:53:25 - [TEST_STEP][PASSED] - println("reel 3 wild found: " + free_spin_reel_counter[0]): null

2019-08-24 12:53:25 - [TEST_STEP][PASSED] - println("reel 4 wild found: " + free_spin_reel_counter[1]): null

2019-08-24 12:53:25 - [TEST_STEP][PASSED] - println("reel 5 wild found: " + free_spin_reel_counter[2]): null

2019-08-24 12:53:25 - [TEST_STEP][PASSED] - M4_spin_reels = M4_spin_reels: null

2019-08-24 12:53:25 - [TEST_STEP][PASSED] - M4_spin_reels_symbols = symbol: null

2019-08-24 12:53:25 - [TEST_STEP][PASSED] - M4_spin_reels_symbols = M4_spin_reels_symbols: null

2019-08-24 12:53:25 - [TEST_STEP][PASSED] - M4_spin_reel_wins = reel_wins: null

2019-08-24 12:53:25 - [TEST_STEP][PASSED] - M4_spin_reel_wins = M4_spin_reel_wins: null

2019-08-24 12:53:25 - [TEST_STEP][PASSED] - println("GlobalVariable.M4_spin_reel_wins is: " + M4_spin_reel_wins): null

2019-08-24 12:53:25 - [TEST_STEP][PASSED] - M4_spin_total_bonus_win_this_round = total_bonus_win_this_round: null

2019-08-24 12:53:25 - [TEST_STEP][PASSED] - M4_spin_total_bonus_win_this_round = M4_spin_total_bonus_win_this_round: null

2019-08-24 12:53:25 - [TEST_STEP][PASSED] - println("GlobalVariable.M4_spin_total_bonus_win_this_round is: " + M4_spin_total_bonus_win_this_round): null

2019-08-24 12:53:25 - [TEST_STEP][PASSED] - M4_spin_bonus_spin_result = spin_result: null

2019-08-24 12:53:25 - [TEST_STEP][PASSED] - M4_spin_bonus_spin_result = M4_spin_bonus_spin_result: null

2019-08-24 12:53:25 - [MESSAGE][PASSED] - Verify response successfully

2019-08-24 12:53:25 - [MESSAGE][PASSED] - Send request and verify the response successfully

2019-08-24 12:53:25 - [TEST_STEP][PASSED] - if (M4_total_bonus_spins_int != 0 &amp;&amp; M4_spin_reels_symbols[2].contains("WILD_Double") || M4_spin_reels_symbols[4].contains("WILD_Triple")): null

2019-08-24 12:53:25 - [TEST_STEP][PASSED] - free_spin_reel_counter = free_spin_reel_counter: null

2019-08-24 12:53:25 - [TEST_STEP][PASSED] - M4_spin_reels_symbols = M4_spin_reels_symbols: null

2019-08-24 12:53:25 - [TEST_STEP][PASSED] - M4_total_bonus_spins = M4_total_bonus_spins: null

2019-08-24 12:53:25 - [TEST_STEP][PASSED] - spin_result = sendRequestAndVerify(findTestObject("INT/RGS(M4)/1_M4_spin", ["M4_login_user_id":M4_login_user_id, "rgs_session_token":rgs_session_token, "partner":Partner])): Send request and verify the response successfully

2019-08-24 12:53:25 - [MESSAGE][INFO] - HAR: /Users/eiralee/Katalon_Script/SuperWild/Reports/20190824_124242/INT/superWild_4/20190824_124242/requests/main/191.har

2019-08-24 12:53:26 - [TEST_CASE][PASSED] - Start Test Case : Verification: Verification accomplished successfully

2019-08-24 12:53:26 - [TEST_STEP][PASSED] - request = getInstance().getCurrentRequest(): null

2019-08-24 12:53:26 - [TEST_STEP][PASSED] - response = getInstance().getCurrentResponse(): null

2019-08-24 12:53:26 - [TEST_STEP][PASSED] - verifyResponseStatusCode(response, 200): Verify response status code successfully

2019-08-24 12:53:26 - [MESSAGE][PASSED] - Verify response status code successfully

2019-08-24 12:53:26 - [TEST_STEP][PASSED] - getStatusCode()).isEqualTo(200): null

2019-08-24 12:53:26 - [TEST_STEP][PASSED] - newline = System.getProperty("line.separator"): null

2019-08-24 12:53:26 - [TEST_STEP][PASSED] - M4_spin = new groovy.json.JsonSlurper(): null

2019-08-24 12:53:26 - [TEST_STEP][PASSED] - result_M4_spin = M4_spin.parseText(response.getResponseBodyContent()): null

2019-08-24 12:53:26 - [TEST_STEP][PASSED] - M4_spin_current_balance = current_balance: null

2019-08-24 12:53:26 - [TEST_STEP][PASSED] - M4_spin_current_balance = M4_spin_current_balance: null

2019-08-24 12:53:26 - [TEST_STEP][PASSED] - M4_spin_transaction_id = causality: null

2019-08-24 12:53:26 - [TEST_STEP][PASSED] - M4_spin_transaction_id = M4_spin_transaction_id: null

2019-08-24 12:53:26 - [TEST_STEP][PASSED] - M4_spin_round_id = round_id: null

2019-08-24 12:53:26 - [TEST_STEP][PASSED] - M4_spin_round_id = M4_spin_round_id: null

2019-08-24 12:53:26 - [TEST_STEP][PASSED] - M4_spin_line_wins = line_wins: null

2019-08-24 12:53:26 - [TEST_STEP][PASSED] - M4_spin_line_wins = M4_spin_line_wins: null

2019-08-24 12:53:26 - [TEST_STEP][PASSED] - M4_total_bonus_spins_int = total_bonus_spins: null

2019-08-24 12:53:26 - [TEST_STEP][PASSED] - println("******M4_total_bonus_spins type is:*******" + newline + getClass().getName()): null

2019-08-24 12:53:26 - [TEST_STEP][PASSED] - M4_total_bonus_spins_int = M4_total_bonus_spins_int: null

2019-08-24 12:53:26 - [TEST_STEP][PASSED] - M4_total_bonus_spins = Integer.toString(M4_total_bonus_spins_int): null

2019-08-24 12:53:26 - [TEST_STEP][PASSED] - M4_total_bonus_spins = M4_total_bonus_spins: null

2019-08-24 12:53:26 - [TEST_STEP][PASSED] - println("M4_total_bonus_spins is:" + M4_total_bonus_spins): null

2019-08-24 12:53:26 - [TEST_STEP][PASSED] - M4_spin_bonus_data = bonus_data: null

2019-08-24 12:53:26 - [TEST_STEP][PASSED] - M4_spin_features_triggered = result_M4_spin: null

2019-08-24 12:53:26 - [TEST_STEP][PASSED] - wild = []: null

2019-08-24 12:53:26 - [TEST_STEP][PASSED] - wild[0] = "WILD_Expanding": null

2019-08-24 12:53:26 - [TEST_STEP][PASSED] - wild[1] = "WILD_Normal": null

2019-08-24 12:53:26 - [TEST_STEP][PASSED] - wild[2] = "WILD_Double": null

2019-08-24 12:53:26 - [TEST_STEP][PASSED] - wild[3] = "WILD_ExtraFG": null

2019-08-24 12:53:26 - [TEST_STEP][PASSED] - wild[4] = "WILD_Triple": null

2019-08-24 12:53:26 - [TEST_STEP][PASSED] - wildList = Arrays.asList(wild): null

2019-08-24 12:53:26 - [TEST_STEP][PASSED] - wildList = wildList: null

2019-08-24 12:53:26 - [TEST_STEP][PASSED] - free_spin_reel_counter = []: null

2019-08-24 12:53:26 - [TEST_STEP][PASSED] - free_spin_reel_counter[0] = 0: null

2019-08-24 12:53:26 - [TEST_STEP][PASSED] - free_spin_reel_counter[1] = 0: null

2019-08-24 12:53:26 - [TEST_STEP][PASSED] - free_spin_reel_counter[2] = 0: null

2019-08-24 12:53:26 - [TEST_STEP][PASSED] - M4_spin_reels = reels: null

2019-08-24 12:53:26 - [TEST_STEP][PASSED] - for ([i = 0, i &lt; M4_spin_reels.size(), (i++)]): null

2019-08-24 12:53:26 - [TEST_STEP][PASSED] - symbols = symbols: null

2019-08-24 12:53:26 - [TEST_STEP][PASSED] - for ([j = 0, j &lt; symbols.size(), (j++)]): null

2019-08-24 12:53:26 - [TEST_STEP][PASSED] - symbol = symbol: null

2019-08-24 12:53:26 - [TEST_STEP][PASSED] - println(symbol): null

2019-08-24 12:53:26 - [TEST_STEP][PASSED] - if (i == 2 &amp;&amp; wildList.indexOf(symbol) != -1): null

2019-08-24 12:53:26 - [TEST_STEP][PASSED] - if (i == 3 &amp;&amp; wildList.indexOf(symbol) != -1): null

2019-08-24 12:53:26 - [TEST_STEP][PASSED] - if (i == 4 &amp;&amp; wildList.indexOf(symbol) != -1): null

2019-08-24 12:53:26 - [TEST_STEP][PASSED] - symbol = symbol: null

2019-08-24 12:53:26 - [TEST_STEP][PASSED] - println(symbol): null

2019-08-24 12:53:26 - [TEST_STEP][PASSED] - if (i == 2 &amp;&amp; wildList.indexOf(symbol) != -1): null

2019-08-24 12:53:26 - [TEST_STEP][PASSED] - if (i == 3 &amp;&amp; wildList.indexOf(symbol) != -1): null

2019-08-24 12:53:26 - [TEST_STEP][PASSED] - if (i == 4 &amp;&amp; wildList.indexOf(symbol) != -1): null

2019-08-24 12:53:26 - [TEST_STEP][PASSED] - symbol = symbol: null

2019-08-24 12:53:26 - [TEST_STEP][PASSED] - println(symbol): null

2019-08-24 12:53:26 - [TEST_STEP][PASSED] - if (i == 2 &amp;&amp; wildList.indexOf(symbol) != -1): null

2019-08-24 12:53:26 - [TEST_STEP][PASSED] - if (i == 3 &amp;&amp; wildList.indexOf(symbol) != -1): null

2019-08-24 12:53:26 - [TEST_STEP][PASSED] - if (i == 4 &amp;&amp; wildList.indexOf(symbol) != -1): null

2019-08-24 12:53:26 - [TEST_STEP][PASSED] - symbols = symbols: null

2019-08-24 12:53:26 - [TEST_STEP][PASSED] - for ([j = 0, j &lt; symbols.size(), (j++)]): null

2019-08-24 12:53:26 - [TEST_STEP][PASSED] - symbol = symbol: null

2019-08-24 12:53:26 - [TEST_STEP][PASSED] - println(symbol): null

2019-08-24 12:53:26 - [TEST_STEP][PASSED] - if (i == 2 &amp;&amp; wildList.indexOf(symbol) != -1): null

2019-08-24 12:53:26 - [TEST_STEP][PASSED] - if (i == 3 &amp;&amp; wildList.indexOf(symbol) != -1): null

2019-08-24 12:53:26 - [TEST_STEP][PASSED] - if (i == 4 &amp;&amp; wildList.indexOf(symbol) != -1): null

2019-08-24 12:53:26 - [TEST_STEP][PASSED] - symbol = symbol: null

2019-08-24 12:53:26 - [TEST_STEP][PASSED] - println(symbol): null

2019-08-24 12:53:26 - [TEST_STEP][PASSED] - if (i == 2 &amp;&amp; wildList.indexOf(symbol) != -1): null

2019-08-24 12:53:26 - [TEST_STEP][PASSED] - if (i == 3 &amp;&amp; wildList.indexOf(symbol) != -1): null

2019-08-24 12:53:26 - [TEST_STEP][PASSED] - if (i == 4 &amp;&amp; wildList.indexOf(symbol) != -1): null

2019-08-24 12:53:26 - [TEST_STEP][PASSED] - symbol = symbol: null

2019-08-24 12:53:26 - [TEST_STEP][PASSED] - println(symbol): null

2019-08-24 12:53:26 - [TEST_STEP][PASSED] - if (i == 2 &amp;&amp; wildList.indexOf(symbol) != -1): null

2019-08-24 12:53:26 - [TEST_STEP][PASSED] - if (i == 3 &amp;&amp; wildList.indexOf(symbol) != -1): null

2019-08-24 12:53:26 - [TEST_STEP][PASSED] - if (i == 4 &amp;&amp; wildList.indexOf(symbol) != -1): null

2019-08-24 12:53:26 - [TEST_STEP][PASSED] - symbols = symbols: null

2019-08-24 12:53:26 - [TEST_STEP][PASSED] - for ([j = 0, j &lt; symbols.size(), (j++)]): null

2019-08-24 12:53:26 - [TEST_STEP][PASSED] - symbol = symbol: null

2019-08-24 12:53:26 - [TEST_STEP][PASSED] - println(symbol): null

2019-08-24 12:53:26 - [TEST_STEP][PASSED] - if (i == 2 &amp;&amp; wildList.indexOf(symbol) != -1): null

2019-08-24 12:53:26 - [TEST_STEP][PASSED] - if (i == 3 &amp;&amp; wildList.indexOf(symbol) != -1): null

2019-08-24 12:53:26 - [TEST_STEP][PASSED] - if (i == 4 &amp;&amp; wildList.indexOf(symbol) != -1): null

2019-08-24 12:53:26 - [TEST_STEP][PASSED] - symbol = symbol: null

2019-08-24 12:53:26 - [TEST_STEP][PASSED] - println(symbol): null

2019-08-24 12:53:26 - [TEST_STEP][PASSED] - if (i == 2 &amp;&amp; wildList.indexOf(symbol) != -1): null

2019-08-24 12:53:26 - [TEST_STEP][PASSED] - if (i == 3 &amp;&amp; wildList.indexOf(symbol) != -1): null

2019-08-24 12:53:26 - [TEST_STEP][PASSED] - if (i == 4 &amp;&amp; wildList.indexOf(symbol) != -1): null

2019-08-24 12:53:26 - [TEST_STEP][PASSED] - symbol = symbol: null

2019-08-24 12:53:26 - [TEST_STEP][PASSED] - println(symbol): null

2019-08-24 12:53:26 - [TEST_STEP][PASSED] - if (i == 2 &amp;&amp; wildList.indexOf(symbol) != -1): null

2019-08-24 12:53:26 - [TEST_STEP][PASSED] - if (i == 3 &amp;&amp; wildList.indexOf(symbol) != -1): null

2019-08-24 12:53:26 - [TEST_STEP][PASSED] - if (i == 4 &amp;&amp; wildList.indexOf(symbol) != -1): null

2019-08-24 12:53:26 - [TEST_STEP][PASSED] - symbols = symbols: null

2019-08-24 12:53:26 - [TEST_STEP][PASSED] - for ([j = 0, j &lt; symbols.size(), (j++)]): null

2019-08-24 12:53:26 - [TEST_STEP][PASSED] - symbol = symbol: null

2019-08-24 12:53:26 - [TEST_STEP][PASSED] - println(symbol): null

2019-08-24 12:53:26 - [TEST_STEP][PASSED] - if (i == 2 &amp;&amp; wildList.indexOf(symbol) != -1): null

2019-08-24 12:53:26 - [TEST_STEP][PASSED] - if (i == 3 &amp;&amp; wildList.indexOf(symbol) != -1): null

2019-08-24 12:53:26 - [TEST_STEP][PASSED] - if (i == 4 &amp;&amp; wildList.indexOf(symbol) != -1): null

2019-08-24 12:53:26 - [TEST_STEP][PASSED] - symbol = symbol: null

2019-08-24 12:53:26 - [TEST_STEP][PASSED] - println(symbol): null

2019-08-24 12:53:26 - [TEST_STEP][PASSED] - if (i == 2 &amp;&amp; wildList.indexOf(symbol) != -1): null

2019-08-24 12:53:26 - [TEST_STEP][PASSED] - if (i == 3 &amp;&amp; wildList.indexOf(symbol) != -1): null

2019-08-24 12:53:26 - [TEST_STEP][PASSED] - if (i == 4 &amp;&amp; wildList.indexOf(symbol) != -1): null

2019-08-24 12:53:26 - [TEST_STEP][PASSED] - symbol = symbol: null

2019-08-24 12:53:26 - [TEST_STEP][PASSED] - println(symbol): null

2019-08-24 12:53:26 - [TEST_STEP][PASSED] - if (i == 2 &amp;&amp; wildList.indexOf(symbol) != -1): null

2019-08-24 12:53:26 - [TEST_STEP][PASSED] - if (i == 3 &amp;&amp; wildList.indexOf(symbol) != -1): null

2019-08-24 12:53:26 - [TEST_STEP][PASSED] - if (i == 4 &amp;&amp; wildList.indexOf(symbol) != -1): null

2019-08-24 12:53:26 - [TEST_STEP][PASSED] - symbols = symbols: null

2019-08-24 12:53:26 - [TEST_STEP][PASSED] - for ([j = 0, j &lt; symbols.size(), (j++)]): null

2019-08-24 12:53:26 - [TEST_STEP][PASSED] - symbol = symbol: null

2019-08-24 12:53:26 - [TEST_STEP][PASSED] - println(symbol): null

2019-08-24 12:53:26 - [TEST_STEP][PASSED] - if (i == 2 &amp;&amp; wildList.indexOf(symbol) != -1): null

2019-08-24 12:53:26 - [TEST_STEP][PASSED] - if (i == 3 &amp;&amp; wildList.indexOf(symbol) != -1): null

2019-08-24 12:53:26 - [TEST_STEP][PASSED] - if (i == 4 &amp;&amp; wildList.indexOf(symbol) != -1): null

2019-08-24 12:53:26 - [TEST_STEP][PASSED] - symbol = symbol: null

2019-08-24 12:53:26 - [TEST_STEP][PASSED] - println(symbol): null

2019-08-24 12:53:26 - [TEST_STEP][PASSED] - if (i == 2 &amp;&amp; wildList.indexOf(symbol) != -1): null

2019-08-24 12:53:26 - [TEST_STEP][PASSED] - if (i == 3 &amp;&amp; wildList.indexOf(symbol) != -1): null

2019-08-24 12:53:26 - [TEST_STEP][PASSED] - if (i == 4 &amp;&amp; wildList.indexOf(symbol) != -1): null

2019-08-24 12:53:26 - [TEST_STEP][PASSED] - symbol = symbol: null

2019-08-24 12:53:26 - [TEST_STEP][PASSED] - println(symbol): null

2019-08-24 12:53:26 - [TEST_STEP][PASSED] - if (i == 2 &amp;&amp; wildList.indexOf(symbol) != -1): null

2019-08-24 12:53:26 - [TEST_STEP][PASSED] - if (i == 3 &amp;&amp; wildList.indexOf(symbol) != -1): null

2019-08-24 12:53:26 - [TEST_STEP][PASSED] - if (i == 4 &amp;&amp; wildList.indexOf(symbol) != -1): null

2019-08-24 12:53:26 - [TEST_STEP][PASSED] - free_spin_reel_counter = free_spin_reel_counter: null

2019-08-24 12:53:26 - [TEST_STEP][PASSED] - println("reel 3 wild found: " + free_spin_reel_counter[0]): null

2019-08-24 12:53:26 - [TEST_STEP][PASSED] - println("reel 4 wild found: " + free_spin_reel_counter[1]): null

2019-08-24 12:53:26 - [TEST_STEP][PASSED] - println("reel 5 wild found: " + free_spin_reel_counter[2]): null

2019-08-24 12:53:26 - [TEST_STEP][PASSED] - M4_spin_reels = M4_spin_reels: null

2019-08-24 12:53:26 - [TEST_STEP][PASSED] - M4_spin_reels_symbols = symbol: null

2019-08-24 12:53:26 - [TEST_STEP][PASSED] - M4_spin_reels_symbols = M4_spin_reels_symbols: null

2019-08-24 12:53:26 - [TEST_STEP][PASSED] - M4_spin_reel_wins = reel_wins: null

2019-08-24 12:53:26 - [TEST_STEP][PASSED] - M4_spin_reel_wins = M4_spin_reel_wins: null

2019-08-24 12:53:26 - [TEST_STEP][PASSED] - println("GlobalVariable.M4_spin_reel_wins is: " + M4_spin_reel_wins): null

2019-08-24 12:53:26 - [TEST_STEP][PASSED] - M4_spin_total_bonus_win_this_round = total_bonus_win_this_round: null

2019-08-24 12:53:26 - [TEST_STEP][PASSED] - M4_spin_total_bonus_win_this_round = M4_spin_total_bonus_win_this_round: null

2019-08-24 12:53:26 - [TEST_STEP][PASSED] - println("GlobalVariable.M4_spin_total_bonus_win_this_round is: " + M4_spin_total_bonus_win_this_round): null

2019-08-24 12:53:26 - [TEST_STEP][PASSED] - M4_spin_bonus_spin_result = spin_result: null

2019-08-24 12:53:26 - [TEST_STEP][PASSED] - M4_spin_bonus_spin_result = M4_spin_bonus_spin_result: null

2019-08-24 12:53:26 - [MESSAGE][PASSED] - Verify response successfully

2019-08-24 12:53:26 - [MESSAGE][PASSED] - Send request and verify the response successfully

2019-08-24 12:53:28 - [TEST_STEP][PASSED] - if (M4_total_bonus_spins_int != 0 &amp;&amp; M4_spin_reels_symbols[2].contains("WILD_Double") || M4_spin_reels_symbols[4].contains("WILD_Triple")): null

2019-08-24 12:53:28 - [TEST_STEP][PASSED] - free_spin_reel_counter = free_spin_reel_counter: null

2019-08-24 12:53:28 - [TEST_STEP][PASSED] - M4_spin_reels_symbols = M4_spin_reels_symbols: null

2019-08-24 12:53:28 - [TEST_STEP][PASSED] - M4_total_bonus_spins = M4_total_bonus_spins: null

2019-08-24 12:53:28 - [TEST_STEP][PASSED] - spin_result = sendRequestAndVerify(findTestObject("INT/RGS(M4)/1_M4_spin", ["M4_login_user_id":M4_login_user_id, "rgs_session_token":rgs_session_token, "partner":Partner])): Send request and verify the response successfully

2019-08-24 12:53:29 - [MESSAGE][INFO] - HAR: /Users/eiralee/Katalon_Script/SuperWild/Reports/20190824_124242/INT/superWild_4/20190824_124242/requests/main/192.har

2019-08-24 12:53:29 - [TEST_CASE][PASSED] - Start Test Case : Verification: Verification accomplished successfully

2019-08-24 12:53:29 - [TEST_STEP][PASSED] - request = getInstance().getCurrentRequest(): null

2019-08-24 12:53:29 - [TEST_STEP][PASSED] - response = getInstance().getCurrentResponse(): null

2019-08-24 12:53:29 - [TEST_STEP][PASSED] - verifyResponseStatusCode(response, 200): Verify response status code successfully

2019-08-24 12:53:29 - [MESSAGE][PASSED] - Verify response status code successfully

2019-08-24 12:53:29 - [TEST_STEP][PASSED] - getStatusCode()).isEqualTo(200): null

2019-08-24 12:53:29 - [TEST_STEP][PASSED] - newline = System.getProperty("line.separator"): null

2019-08-24 12:53:29 - [TEST_STEP][PASSED] - M4_spin = new groovy.json.JsonSlurper(): null

2019-08-24 12:53:29 - [TEST_STEP][PASSED] - result_M4_spin = M4_spin.parseText(response.getResponseBodyContent()): null

2019-08-24 12:53:29 - [TEST_STEP][PASSED] - M4_spin_current_balance = current_balance: null

2019-08-24 12:53:29 - [TEST_STEP][PASSED] - M4_spin_current_balance = M4_spin_current_balance: null

2019-08-24 12:53:29 - [TEST_STEP][PASSED] - M4_spin_transaction_id = causality: null

2019-08-24 12:53:29 - [TEST_STEP][PASSED] - M4_spin_transaction_id = M4_spin_transaction_id: null

2019-08-24 12:53:29 - [TEST_STEP][PASSED] - M4_spin_round_id = round_id: null

2019-08-24 12:53:29 - [TEST_STEP][PASSED] - M4_spin_round_id = M4_spin_round_id: null

2019-08-24 12:53:29 - [TEST_STEP][PASSED] - M4_spin_line_wins = line_wins: null

2019-08-24 12:53:29 - [TEST_STEP][PASSED] - M4_spin_line_wins = M4_spin_line_wins: null

2019-08-24 12:53:29 - [TEST_STEP][PASSED] - M4_total_bonus_spins_int = total_bonus_spins: null

2019-08-24 12:53:29 - [TEST_STEP][PASSED] - println("******M4_total_bonus_spins type is:*******" + newline + getClass().getName()): null

2019-08-24 12:53:29 - [TEST_STEP][PASSED] - M4_total_bonus_spins_int = M4_total_bonus_spins_int: null

2019-08-24 12:53:29 - [TEST_STEP][PASSED] - M4_total_bonus_spins = Integer.toString(M4_total_bonus_spins_int): null

2019-08-24 12:53:29 - [TEST_STEP][PASSED] - M4_total_bonus_spins = M4_total_bonus_spins: null

2019-08-24 12:53:29 - [TEST_STEP][PASSED] - println("M4_total_bonus_spins is:" + M4_total_bonus_spins): null

2019-08-24 12:53:29 - [TEST_STEP][PASSED] - M4_spin_bonus_data = bonus_data: null

2019-08-24 12:53:29 - [TEST_STEP][PASSED] - M4_spin_features_triggered = result_M4_spin: null

2019-08-24 12:53:29 - [TEST_STEP][PASSED] - wild = []: null

2019-08-24 12:53:29 - [TEST_STEP][PASSED] - wild[0] = "WILD_Expanding": null

2019-08-24 12:53:29 - [TEST_STEP][PASSED] - wild[1] = "WILD_Normal": null

2019-08-24 12:53:29 - [TEST_STEP][PASSED] - wild[2] = "WILD_Double": null

2019-08-24 12:53:29 - [TEST_STEP][PASSED] - wild[3] = "WILD_ExtraFG": null

2019-08-24 12:53:29 - [TEST_STEP][PASSED] - wild[4] = "WILD_Triple": null

2019-08-24 12:53:29 - [TEST_STEP][PASSED] - wildList = Arrays.asList(wild): null

2019-08-24 12:53:29 - [TEST_STEP][PASSED] - wildList = wildList: null

2019-08-24 12:53:29 - [TEST_STEP][PASSED] - free_spin_reel_counter = []: null

2019-08-24 12:53:29 - [TEST_STEP][PASSED] - free_spin_reel_counter[0] = 0: null

2019-08-24 12:53:29 - [TEST_STEP][PASSED] - free_spin_reel_counter[1] = 0: null

2019-08-24 12:53:29 - [TEST_STEP][PASSED] - free_spin_reel_counter[2] = 0: null

2019-08-24 12:53:29 - [TEST_STEP][PASSED] - M4_spin_reels = reels: null

2019-08-24 12:53:29 - [TEST_STEP][PASSED] - for ([i = 0, i &lt; M4_spin_reels.size(), (i++)]): null

2019-08-24 12:53:29 - [TEST_STEP][PASSED] - symbols = symbols: null

2019-08-24 12:53:29 - [TEST_STEP][PASSED] - for ([j = 0, j &lt; symbols.size(), (j++)]): null

2019-08-24 12:53:29 - [TEST_STEP][PASSED] - symbol = symbol: null

2019-08-24 12:53:29 - [TEST_STEP][PASSED] - println(symbol): null

2019-08-24 12:53:29 - [TEST_STEP][PASSED] - if (i == 2 &amp;&amp; wildList.indexOf(symbol) != -1): null

2019-08-24 12:53:29 - [TEST_STEP][PASSED] - if (i == 3 &amp;&amp; wildList.indexOf(symbol) != -1): null

2019-08-24 12:53:29 - [TEST_STEP][PASSED] - if (i == 4 &amp;&amp; wildList.indexOf(symbol) != -1): null

2019-08-24 12:53:29 - [TEST_STEP][PASSED] - symbol = symbol: null

2019-08-24 12:53:29 - [TEST_STEP][PASSED] - println(symbol): null

2019-08-24 12:53:29 - [TEST_STEP][PASSED] - if (i == 2 &amp;&amp; wildList.indexOf(symbol) != -1): null

2019-08-24 12:53:29 - [TEST_STEP][PASSED] - if (i == 3 &amp;&amp; wildList.indexOf(symbol) != -1): null

2019-08-24 12:53:29 - [TEST_STEP][PASSED] - if (i == 4 &amp;&amp; wildList.indexOf(symbol) != -1): null

2019-08-24 12:53:29 - [TEST_STEP][PASSED] - symbol = symbol: null

2019-08-24 12:53:29 - [TEST_STEP][PASSED] - println(symbol): null

2019-08-24 12:53:29 - [TEST_STEP][PASSED] - if (i == 2 &amp;&amp; wildList.indexOf(symbol) != -1): null

2019-08-24 12:53:29 - [TEST_STEP][PASSED] - if (i == 3 &amp;&amp; wildList.indexOf(symbol) != -1): null

2019-08-24 12:53:29 - [TEST_STEP][PASSED] - if (i == 4 &amp;&amp; wildList.indexOf(symbol) != -1): null

2019-08-24 12:53:29 - [TEST_STEP][PASSED] - symbols = symbols: null

2019-08-24 12:53:29 - [TEST_STEP][PASSED] - for ([j = 0, j &lt; symbols.size(), (j++)]): null

2019-08-24 12:53:29 - [TEST_STEP][PASSED] - symbol = symbol: null

2019-08-24 12:53:29 - [TEST_STEP][PASSED] - println(symbol): null

2019-08-24 12:53:29 - [TEST_STEP][PASSED] - if (i == 2 &amp;&amp; wildList.indexOf(symbol) != -1): null

2019-08-24 12:53:29 - [TEST_STEP][PASSED] - if (i == 3 &amp;&amp; wildList.indexOf(symbol) != -1): null

2019-08-24 12:53:29 - [TEST_STEP][PASSED] - if (i == 4 &amp;&amp; wildList.indexOf(symbol) != -1): null

2019-08-24 12:53:29 - [TEST_STEP][PASSED] - symbol = symbol: null

2019-08-24 12:53:29 - [TEST_STEP][PASSED] - println(symbol): null

2019-08-24 12:53:29 - [TEST_STEP][PASSED] - if (i == 2 &amp;&amp; wildList.indexOf(symbol) != -1): null

2019-08-24 12:53:29 - [TEST_STEP][PASSED] - if (i == 3 &amp;&amp; wildList.indexOf(symbol) != -1): null

2019-08-24 12:53:29 - [TEST_STEP][PASSED] - if (i == 4 &amp;&amp; wildList.indexOf(symbol) != -1): null

2019-08-24 12:53:29 - [TEST_STEP][PASSED] - symbol = symbol: null

2019-08-24 12:53:29 - [TEST_STEP][PASSED] - println(symbol): null

2019-08-24 12:53:29 - [TEST_STEP][PASSED] - if (i == 2 &amp;&amp; wildList.indexOf(symbol) != -1): null

2019-08-24 12:53:29 - [TEST_STEP][PASSED] - if (i == 3 &amp;&amp; wildList.indexOf(symbol) != -1): null

2019-08-24 12:53:29 - [TEST_STEP][PASSED] - if (i == 4 &amp;&amp; wildList.indexOf(symbol) != -1): null

2019-08-24 12:53:29 - [TEST_STEP][PASSED] - symbols = symbols: null

2019-08-24 12:53:29 - [TEST_STEP][PASSED] - for ([j = 0, j &lt; symbols.size(), (j++)]): null

2019-08-24 12:53:29 - [TEST_STEP][PASSED] - symbol = symbol: null

2019-08-24 12:53:29 - [TEST_STEP][PASSED] - println(symbol): null

2019-08-24 12:53:29 - [TEST_STEP][PASSED] - if (i == 2 &amp;&amp; wildList.indexOf(symbol) != -1): null

2019-08-24 12:53:29 - [TEST_STEP][PASSED] - if (i == 3 &amp;&amp; wildList.indexOf(symbol) != -1): null

2019-08-24 12:53:29 - [TEST_STEP][PASSED] - if (i == 4 &amp;&amp; wildList.indexOf(symbol) != -1): null

2019-08-24 12:53:29 - [TEST_STEP][PASSED] - symbol = symbol: null

2019-08-24 12:53:29 - [TEST_STEP][PASSED] - println(symbol): null

2019-08-24 12:53:29 - [TEST_STEP][PASSED] - if (i == 2 &amp;&amp; wildList.indexOf(symbol) != -1): null

2019-08-24 12:53:29 - [TEST_STEP][PASSED] - if (i == 3 &amp;&amp; wildList.indexOf(symbol) != -1): null

2019-08-24 12:53:29 - [TEST_STEP][PASSED] - if (i == 4 &amp;&amp; wildList.indexOf(symbol) != -1): null

2019-08-24 12:53:29 - [TEST_STEP][PASSED] - symbol = symbol: null

2019-08-24 12:53:29 - [TEST_STEP][PASSED] - println(symbol): null

2019-08-24 12:53:29 - [TEST_STEP][PASSED] - if (i == 2 &amp;&amp; wildList.indexOf(symbol) != -1): null

2019-08-24 12:53:29 - [TEST_STEP][PASSED] - if (i == 3 &amp;&amp; wildList.indexOf(symbol) != -1): null

2019-08-24 12:53:29 - [TEST_STEP][PASSED] - if (i == 4 &amp;&amp; wildList.indexOf(symbol) != -1): null

2019-08-24 12:53:29 - [TEST_STEP][PASSED] - symbols = symbols: null

2019-08-24 12:53:29 - [TEST_STEP][PASSED] - for ([j = 0, j &lt; symbols.size(), (j++)]): null

2019-08-24 12:53:29 - [TEST_STEP][PASSED] - symbol = symbol: null

2019-08-24 12:53:29 - [TEST_STEP][PASSED] - println(symbol): null

2019-08-24 12:53:29 - [TEST_STEP][PASSED] - if (i == 2 &amp;&amp; wildList.indexOf(symbol) != -1): null

2019-08-24 12:53:29 - [TEST_STEP][PASSED] - if (i == 3 &amp;&amp; wildList.indexOf(symbol) != -1): null

2019-08-24 12:53:29 - [TEST_STEP][PASSED] - if (i == 4 &amp;&amp; wildList.indexOf(symbol) != -1): null

2019-08-24 12:53:29 - [TEST_STEP][PASSED] - symbol = symbol: null

2019-08-24 12:53:29 - [TEST_STEP][PASSED] - println(symbol): null

2019-08-24 12:53:29 - [TEST_STEP][PASSED] - if (i == 2 &amp;&amp; wildList.indexOf(symbol) != -1): null

2019-08-24 12:53:29 - [TEST_STEP][PASSED] - if (i == 3 &amp;&amp; wildList.indexOf(symbol) != -1): null

2019-08-24 12:53:29 - [TEST_STEP][PASSED] - if (i == 4 &amp;&amp; wildList.indexOf(symbol) != -1): null

2019-08-24 12:53:29 - [TEST_STEP][PASSED] - symbol = symbol: null

2019-08-24 12:53:29 - [TEST_STEP][PASSED] - println(symbol): null

2019-08-24 12:53:29 - [TEST_STEP][PASSED] - if (i == 2 &amp;&amp; wildList.indexOf(symbol) != -1): null

2019-08-24 12:53:29 - [TEST_STEP][PASSED] - if (i == 3 &amp;&amp; wildList.indexOf(symbol) != -1): null

2019-08-24 12:53:29 - [TEST_STEP][PASSED] - if (i == 4 &amp;&amp; wildList.indexOf(symbol) != -1): null

2019-08-24 12:53:29 - [TEST_STEP][PASSED] - symbols = symbols: null

2019-08-24 12:53:29 - [TEST_STEP][PASSED] - for ([j = 0, j &lt; symbols.size(), (j++)]): null

2019-08-24 12:53:29 - [TEST_STEP][PASSED] - symbol = symbol: null

2019-08-24 12:53:29 - [TEST_STEP][PASSED] - println(symbol): null

2019-08-24 12:53:29 - [TEST_STEP][PASSED] - if (i == 2 &amp;&amp; wildList.indexOf(symbol) != -1): null

2019-08-24 12:53:29 - [TEST_STEP][PASSED] - if (i == 3 &amp;&amp; wildList.indexOf(symbol) != -1): null

2019-08-24 12:53:29 - [TEST_STEP][PASSED] - if (i == 4 &amp;&amp; wildList.indexOf(symbol) != -1): null

2019-08-24 12:53:29 - [TEST_STEP][PASSED] - symbol = symbol: null

2019-08-24 12:53:29 - [TEST_STEP][PASSED] - println(symbol): null

2019-08-24 12:53:29 - [TEST_STEP][PASSED] - if (i == 2 &amp;&amp; wildList.indexOf(symbol) != -1): null

2019-08-24 12:53:29 - [TEST_STEP][PASSED] - if (i == 3 &amp;&amp; wildList.indexOf(symbol) != -1): null

2019-08-24 12:53:29 - [TEST_STEP][PASSED] - if (i == 4 &amp;&amp; wildList.indexOf(symbol) != -1): null

2019-08-24 12:53:29 - [TEST_STEP][PASSED] - symbol = symbol: null

2019-08-24 12:53:29 - [TEST_STEP][PASSED] - println(symbol): null

2019-08-24 12:53:29 - [TEST_STEP][PASSED] - if (i == 2 &amp;&amp; wildList.indexOf(symbol) != -1): null

2019-08-24 12:53:29 - [TEST_STEP][PASSED] - if (i == 3 &amp;&amp; wildList.indexOf(symbol) != -1): null

2019-08-24 12:53:29 - [TEST_STEP][PASSED] - if (i == 4 &amp;&amp; wildList.indexOf(symbol) != -1): null

2019-08-24 12:53:29 - [TEST_STEP][PASSED] - free_spin_reel_counter = free_spin_reel_counter: null

2019-08-24 12:53:29 - [TEST_STEP][PASSED] - println("reel 3 wild found: " + free_spin_reel_counter[0]): null

2019-08-24 12:53:29 - [TEST_STEP][PASSED] - println("reel 4 wild found: " + free_spin_reel_counter[1]): null

2019-08-24 12:53:29 - [TEST_STEP][PASSED] - println("reel 5 wild found: " + free_spin_reel_counter[2]): null

2019-08-24 12:53:29 - [TEST_STEP][PASSED] - M4_spin_reels = M4_spin_reels: null

2019-08-24 12:53:29 - [TEST_STEP][PASSED] - M4_spin_reels_symbols = symbol: null

2019-08-24 12:53:29 - [TEST_STEP][PASSED] - M4_spin_reels_symbols = M4_spin_reels_symbols: null

2019-08-24 12:53:29 - [TEST_STEP][PASSED] - M4_spin_reel_wins = reel_wins: null

2019-08-24 12:53:29 - [TEST_STEP][PASSED] - M4_spin_reel_wins = M4_spin_reel_wins: null

2019-08-24 12:53:29 - [TEST_STEP][PASSED] - println("GlobalVariable.M4_spin_reel_wins is: " + M4_spin_reel_wins): null

2019-08-24 12:53:29 - [TEST_STEP][PASSED] - M4_spin_total_bonus_win_this_round = total_bonus_win_this_round: null

2019-08-24 12:53:29 - [TEST_STEP][PASSED] - M4_spin_total_bonus_win_this_round = M4_spin_total_bonus_win_this_round: null

2019-08-24 12:53:29 - [TEST_STEP][PASSED] - println("GlobalVariable.M4_spin_total_bonus_win_this_round is: " + M4_spin_total_bonus_win_this_round): null

2019-08-24 12:53:29 - [TEST_STEP][PASSED] - M4_spin_bonus_spin_result = spin_result: null

2019-08-24 12:53:29 - [TEST_STEP][PASSED] - M4_spin_bonus_spin_result = M4_spin_bonus_spin_result: null

2019-08-24 12:53:29 - [MESSAGE][PASSED] - Verify response successfully

2019-08-24 12:53:29 - [MESSAGE][PASSED] - Send request and verify the response successfully

2019-08-24 12:53:29 - [TEST_STEP][PASSED] - if (M4_total_bonus_spins_int != 0 &amp;&amp; M4_spin_reels_symbols[2].contains("WILD_Double") || M4_spin_reels_symbols[4].contains("WILD_Triple")): null

2019-08-24 12:53:29 - [TEST_STEP][PASSED] - free_spin_reel_counter = free_spin_reel_counter: null

2019-08-24 12:53:29 - [TEST_STEP][PASSED] - M4_spin_reels_symbols = M4_spin_reels_symbols: null

2019-08-24 12:53:29 - [TEST_STEP][PASSED] - M4_total_bonus_spins = M4_total_bonus_spins: null

2019-08-24 12:53:29 - [TEST_STEP][PASSED] - spin_result = sendRequestAndVerify(findTestObject("INT/RGS(M4)/1_M4_spin", ["M4_login_user_id":M4_login_user_id, "rgs_session_token":rgs_session_token, "partner":Partner])): Send request and verify the response successfully

2019-08-24 12:53:29 - [MESSAGE][INFO] - HAR: /Users/eiralee/Katalon_Script/SuperWild/Reports/20190824_124242/INT/superWild_4/20190824_124242/requests/main/193.har

2019-08-24 12:53:29 - [TEST_CASE][PASSED] - Start Test Case : Verification: Verification accomplished successfully

2019-08-24 12:53:30 - [TEST_STEP][PASSED] - request = getInstance().getCurrentRequest(): null

2019-08-24 12:53:30 - [TEST_STEP][PASSED] - response = getInstance().getCurrentResponse(): null

2019-08-24 12:53:30 - [TEST_STEP][PASSED] - verifyResponseStatusCode(response, 200): Verify response status code successfully

2019-08-24 12:53:30 - [MESSAGE][PASSED] - Verify response status code successfully

2019-08-24 12:53:30 - [TEST_STEP][PASSED] - getStatusCode()).isEqualTo(200): null

2019-08-24 12:53:30 - [TEST_STEP][PASSED] - newline = System.getProperty("line.separator"): null

2019-08-24 12:53:30 - [TEST_STEP][PASSED] - M4_spin = new groovy.json.JsonSlurper(): null

2019-08-24 12:53:30 - [TEST_STEP][PASSED] - result_M4_spin = M4_spin.parseText(response.getResponseBodyContent()): null

2019-08-24 12:53:30 - [TEST_STEP][PASSED] - M4_spin_current_balance = current_balance: null

2019-08-24 12:53:30 - [TEST_STEP][PASSED] - M4_spin_current_balance = M4_spin_current_balance: null

2019-08-24 12:53:30 - [TEST_STEP][PASSED] - M4_spin_transaction_id = causality: null

2019-08-24 12:53:30 - [TEST_STEP][PASSED] - M4_spin_transaction_id = M4_spin_transaction_id: null

2019-08-24 12:53:30 - [TEST_STEP][PASSED] - M4_spin_round_id = round_id: null

2019-08-24 12:53:30 - [TEST_STEP][PASSED] - M4_spin_round_id = M4_spin_round_id: null

2019-08-24 12:53:30 - [TEST_STEP][PASSED] - M4_spin_line_wins = line_wins: null

2019-08-24 12:53:30 - [TEST_STEP][PASSED] - M4_spin_line_wins = M4_spin_line_wins: null

2019-08-24 12:53:30 - [TEST_STEP][PASSED] - M4_total_bonus_spins_int = total_bonus_spins: null

2019-08-24 12:53:30 - [TEST_STEP][PASSED] - println("******M4_total_bonus_spins type is:*******" + newline + getClass().getName()): null

2019-08-24 12:53:30 - [TEST_STEP][PASSED] - M4_total_bonus_spins_int = M4_total_bonus_spins_int: null

2019-08-24 12:53:30 - [TEST_STEP][PASSED] - M4_total_bonus_spins = Integer.toString(M4_total_bonus_spins_int): null

2019-08-24 12:53:30 - [TEST_STEP][PASSED] - M4_total_bonus_spins = M4_total_bonus_spins: null

2019-08-24 12:53:30 - [TEST_STEP][PASSED] - println("M4_total_bonus_spins is:" + M4_total_bonus_spins): null

2019-08-24 12:53:30 - [TEST_STEP][PASSED] - M4_spin_bonus_data = bonus_data: null

2019-08-24 12:53:30 - [TEST_STEP][PASSED] - M4_spin_features_triggered = result_M4_spin: null

2019-08-24 12:53:30 - [TEST_STEP][PASSED] - wild = []: null

2019-08-24 12:53:30 - [TEST_STEP][PASSED] - wild[0] = "WILD_Expanding": null

2019-08-24 12:53:30 - [TEST_STEP][PASSED] - wild[1] = "WILD_Normal": null

2019-08-24 12:53:30 - [TEST_STEP][PASSED] - wild[2] = "WILD_Double": null

2019-08-24 12:53:30 - [TEST_STEP][PASSED] - wild[3] = "WILD_ExtraFG": null

2019-08-24 12:53:30 - [TEST_STEP][PASSED] - wild[4] = "WILD_Triple": null

2019-08-24 12:53:30 - [TEST_STEP][PASSED] - wildList = Arrays.asList(wild): null

2019-08-24 12:53:30 - [TEST_STEP][PASSED] - wildList = wildList: null

2019-08-24 12:53:30 - [TEST_STEP][PASSED] - free_spin_reel_counter = []: null

2019-08-24 12:53:30 - [TEST_STEP][PASSED] - free_spin_reel_counter[0] = 0: null

2019-08-24 12:53:30 - [TEST_STEP][PASSED] - free_spin_reel_counter[1] = 0: null

2019-08-24 12:53:30 - [TEST_STEP][PASSED] - free_spin_reel_counter[2] = 0: null

2019-08-24 12:53:30 - [TEST_STEP][PASSED] - M4_spin_reels = reels: null

2019-08-24 12:53:30 - [TEST_STEP][PASSED] - for ([i = 0, i &lt; M4_spin_reels.size(), (i++)]): null

2019-08-24 12:53:30 - [TEST_STEP][PASSED] - symbols = symbols: null

2019-08-24 12:53:30 - [TEST_STEP][PASSED] - for ([j = 0, j &lt; symbols.size(), (j++)]): null

2019-08-24 12:53:30 - [TEST_STEP][PASSED] - symbol = symbol: null

2019-08-24 12:53:30 - [TEST_STEP][PASSED] - println(symbol): null

2019-08-24 12:53:30 - [TEST_STEP][PASSED] - if (i == 2 &amp;&amp; wildList.indexOf(symbol) != -1): null

2019-08-24 12:53:30 - [TEST_STEP][PASSED] - if (i == 3 &amp;&amp; wildList.indexOf(symbol) != -1): null

2019-08-24 12:53:30 - [TEST_STEP][PASSED] - if (i == 4 &amp;&amp; wildList.indexOf(symbol) != -1): null

2019-08-24 12:53:30 - [TEST_STEP][PASSED] - symbol = symbol: null

2019-08-24 12:53:30 - [TEST_STEP][PASSED] - println(symbol): null

2019-08-24 12:53:30 - [TEST_STEP][PASSED] - if (i == 2 &amp;&amp; wildList.indexOf(symbol) != -1): null

2019-08-24 12:53:30 - [TEST_STEP][PASSED] - if (i == 3 &amp;&amp; wildList.indexOf(symbol) != -1): null

2019-08-24 12:53:30 - [TEST_STEP][PASSED] - if (i == 4 &amp;&amp; wildList.indexOf(symbol) != -1): null

2019-08-24 12:53:30 - [TEST_STEP][PASSED] - symbol = symbol: null

2019-08-24 12:53:30 - [TEST_STEP][PASSED] - println(symbol): null

2019-08-24 12:53:30 - [TEST_STEP][PASSED] - if (i == 2 &amp;&amp; wildList.indexOf(symbol) != -1): null

2019-08-24 12:53:30 - [TEST_STEP][PASSED] - if (i == 3 &amp;&amp; wildList.indexOf(symbol) != -1): null

2019-08-24 12:53:30 - [TEST_STEP][PASSED] - if (i == 4 &amp;&amp; wildList.indexOf(symbol) != -1): null

2019-08-24 12:53:30 - [TEST_STEP][PASSED] - symbols = symbols: null

2019-08-24 12:53:30 - [TEST_STEP][PASSED] - for ([j = 0, j &lt; symbols.size(), (j++)]): null

2019-08-24 12:53:30 - [TEST_STEP][PASSED] - symbol = symbol: null

2019-08-24 12:53:30 - [TEST_STEP][PASSED] - println(symbol): null

2019-08-24 12:53:30 - [TEST_STEP][PASSED] - if (i == 2 &amp;&amp; wildList.indexOf(symbol) != -1): null

2019-08-24 12:53:30 - [TEST_STEP][PASSED] - if (i == 3 &amp;&amp; wildList.indexOf(symbol) != -1): null

2019-08-24 12:53:30 - [TEST_STEP][PASSED] - if (i == 4 &amp;&amp; wildList.indexOf(symbol) != -1): null

2019-08-24 12:53:30 - [TEST_STEP][PASSED] - symbol = symbol: null

2019-08-24 12:53:30 - [TEST_STEP][PASSED] - println(symbol): null

2019-08-24 12:53:30 - [TEST_STEP][PASSED] - if (i == 2 &amp;&amp; wildList.indexOf(symbol) != -1): null

2019-08-24 12:53:30 - [TEST_STEP][PASSED] - if (i == 3 &amp;&amp; wildList.indexOf(symbol) != -1): null

2019-08-24 12:53:30 - [TEST_STEP][PASSED] - if (i == 4 &amp;&amp; wildList.indexOf(symbol) != -1): null

2019-08-24 12:53:30 - [TEST_STEP][PASSED] - symbol = symbol: null

2019-08-24 12:53:30 - [TEST_STEP][PASSED] - println(symbol): null

2019-08-24 12:53:30 - [TEST_STEP][PASSED] - if (i == 2 &amp;&amp; wildList.indexOf(symbol) != -1): null

2019-08-24 12:53:30 - [TEST_STEP][PASSED] - if (i == 3 &amp;&amp; wildList.indexOf(symbol) != -1): null

2019-08-24 12:53:30 - [TEST_STEP][PASSED] - if (i == 4 &amp;&amp; wildList.indexOf(symbol) != -1): null

2019-08-24 12:53:30 - [TEST_STEP][PASSED] - symbols = symbols: null

2019-08-24 12:53:30 - [TEST_STEP][PASSED] - for ([j = 0, j &lt; symbols.size(), (j++)]): null

2019-08-24 12:53:30 - [TEST_STEP][PASSED] - symbol = symbol: null

2019-08-24 12:53:30 - [TEST_STEP][PASSED] - println(symbol): null

2019-08-24 12:53:30 - [TEST_STEP][PASSED] - if (i == 2 &amp;&amp; wildList.indexOf(symbol) != -1): null

2019-08-24 12:53:30 - [TEST_STEP][PASSED] - if (i == 3 &amp;&amp; wildList.indexOf(symbol) != -1): null

2019-08-24 12:53:30 - [TEST_STEP][PASSED] - if (i == 4 &amp;&amp; wildList.indexOf(symbol) != -1): null

2019-08-24 12:53:30 - [TEST_STEP][PASSED] - symbol = symbol: null

2019-08-24 12:53:30 - [TEST_STEP][PASSED] - println(symbol): null

2019-08-24 12:53:30 - [TEST_STEP][PASSED] - if (i == 2 &amp;&amp; wildList.indexOf(symbol) != -1): null

2019-08-24 12:53:30 - [TEST_STEP][PASSED] - if (i == 3 &amp;&amp; wildList.indexOf(symbol) != -1): null

2019-08-24 12:53:30 - [TEST_STEP][PASSED] - if (i == 4 &amp;&amp; wildList.indexOf(symbol) != -1): null

2019-08-24 12:53:30 - [TEST_STEP][PASSED] - symbol = symbol: null

2019-08-24 12:53:30 - [TEST_STEP][PASSED] - println(symbol): null

2019-08-24 12:53:30 - [TEST_STEP][PASSED] - if (i == 2 &amp;&amp; wildList.indexOf(symbol) != -1): null

2019-08-24 12:53:30 - [TEST_STEP][PASSED] - if (i == 3 &amp;&amp; wildList.indexOf(symbol) != -1): null

2019-08-24 12:53:30 - [TEST_STEP][PASSED] - if (i == 4 &amp;&amp; wildList.indexOf(symbol) != -1): null

2019-08-24 12:53:30 - [TEST_STEP][PASSED] - symbols = symbols: null

2019-08-24 12:53:30 - [TEST_STEP][PASSED] - for ([j = 0, j &lt; symbols.size(), (j++)]): null

2019-08-24 12:53:30 - [TEST_STEP][PASSED] - symbol = symbol: null

2019-08-24 12:53:30 - [TEST_STEP][PASSED] - println(symbol): null

2019-08-24 12:53:30 - [TEST_STEP][PASSED] - if (i == 2 &amp;&amp; wildList.indexOf(symbol) != -1): null

2019-08-24 12:53:30 - [TEST_STEP][PASSED] - if (i == 3 &amp;&amp; wildList.indexOf(symbol) != -1): null

2019-08-24 12:53:30 - [TEST_STEP][PASSED] - if (i == 4 &amp;&amp; wildList.indexOf(symbol) != -1): null

2019-08-24 12:53:30 - [TEST_STEP][PASSED] - symbol = symbol: null

2019-08-24 12:53:30 - [TEST_STEP][PASSED] - println(symbol): null

2019-08-24 12:53:30 - [TEST_STEP][PASSED] - if (i == 2 &amp;&amp; wildList.indexOf(symbol) != -1): null

2019-08-24 12:53:30 - [TEST_STEP][PASSED] - if (i == 3 &amp;&amp; wildList.indexOf(symbol) != -1): null

2019-08-24 12:53:30 - [TEST_STEP][PASSED] - if (i == 4 &amp;&amp; wildList.indexOf(symbol) != -1): null

2019-08-24 12:53:30 - [TEST_STEP][PASSED] - symbol = symbol: null

2019-08-24 12:53:30 - [TEST_STEP][PASSED] - println(symbol): null

2019-08-24 12:53:30 - [TEST_STEP][PASSED] - if (i == 2 &amp;&amp; wildList.indexOf(symbol) != -1): null

2019-08-24 12:53:30 - [TEST_STEP][PASSED] - if (i == 3 &amp;&amp; wildList.indexOf(symbol) != -1): null

2019-08-24 12:53:30 - [TEST_STEP][PASSED] - if (i == 4 &amp;&amp; wildList.indexOf(symbol) != -1): null

2019-08-24 12:53:30 - [TEST_STEP][PASSED] - symbols = symbols: null

2019-08-24 12:53:30 - [TEST_STEP][PASSED] - for ([j = 0, j &lt; symbols.size(), (j++)]): null

2019-08-24 12:53:30 - [TEST_STEP][PASSED] - symbol = symbol: null

2019-08-24 12:53:30 - [TEST_STEP][PASSED] - println(symbol): null

2019-08-24 12:53:30 - [TEST_STEP][PASSED] - if (i == 2 &amp;&amp; wildList.indexOf(symbol) != -1): null

2019-08-24 12:53:30 - [TEST_STEP][PASSED] - if (i == 3 &amp;&amp; wildList.indexOf(symbol) != -1): null

2019-08-24 12:53:30 - [TEST_STEP][PASSED] - if (i == 4 &amp;&amp; wildList.indexOf(symbol) != -1): null

2019-08-24 12:53:30 - [TEST_STEP][PASSED] - symbol = symbol: null

2019-08-24 12:53:30 - [TEST_STEP][PASSED] - println(symbol): null

2019-08-24 12:53:30 - [TEST_STEP][PASSED] - if (i == 2 &amp;&amp; wildList.indexOf(symbol) != -1): null

2019-08-24 12:53:30 - [TEST_STEP][PASSED] - if (i == 3 &amp;&amp; wildList.indexOf(symbol) != -1): null

2019-08-24 12:53:30 - [TEST_STEP][PASSED] - if (i == 4 &amp;&amp; wildList.indexOf(symbol) != -1): null

2019-08-24 12:53:30 - [TEST_STEP][PASSED] - symbol = symbol: null

2019-08-24 12:53:30 - [TEST_STEP][PASSED] - println(symbol): null

2019-08-24 12:53:30 - [TEST_STEP][PASSED] - if (i == 2 &amp;&amp; wildList.indexOf(symbol) != -1): null

2019-08-24 12:53:30 - [TEST_STEP][PASSED] - if (i == 3 &amp;&amp; wildList.indexOf(symbol) != -1): null

2019-08-24 12:53:30 - [TEST_STEP][PASSED] - if (i == 4 &amp;&amp; wildList.indexOf(symbol) != -1): null

2019-08-24 12:53:30 - [TEST_STEP][PASSED] - free_spin_reel_counter = free_spin_reel_counter: null

2019-08-24 12:53:30 - [TEST_STEP][PASSED] - println("reel 3 wild found: " + free_spin_reel_counter[0]): null

2019-08-24 12:53:30 - [TEST_STEP][PASSED] - println("reel 4 wild found: " + free_spin_reel_counter[1]): null

2019-08-24 12:53:30 - [TEST_STEP][PASSED] - println("reel 5 wild found: " + free_spin_reel_counter[2]): null

2019-08-24 12:53:30 - [TEST_STEP][PASSED] - M4_spin_reels = M4_spin_reels: null

2019-08-24 12:53:30 - [TEST_STEP][PASSED] - M4_spin_reels_symbols = symbol: null

2019-08-24 12:53:30 - [TEST_STEP][PASSED] - M4_spin_reels_symbols = M4_spin_reels_symbols: null

2019-08-24 12:53:30 - [TEST_STEP][PASSED] - M4_spin_reel_wins = reel_wins: null

2019-08-24 12:53:30 - [TEST_STEP][PASSED] - M4_spin_reel_wins = M4_spin_reel_wins: null

2019-08-24 12:53:30 - [TEST_STEP][PASSED] - println("GlobalVariable.M4_spin_reel_wins is: " + M4_spin_reel_wins): null

2019-08-24 12:53:30 - [TEST_STEP][PASSED] - M4_spin_total_bonus_win_this_round = total_bonus_win_this_round: null

2019-08-24 12:53:30 - [TEST_STEP][PASSED] - M4_spin_total_bonus_win_this_round = M4_spin_total_bonus_win_this_round: null

2019-08-24 12:53:30 - [TEST_STEP][PASSED] - println("GlobalVariable.M4_spin_total_bonus_win_this_round is: " + M4_spin_total_bonus_win_this_round): null

2019-08-24 12:53:30 - [TEST_STEP][PASSED] - M4_spin_bonus_spin_result = spin_result: null

2019-08-24 12:53:30 - [TEST_STEP][PASSED] - M4_spin_bonus_spin_result = M4_spin_bonus_spin_result: null

2019-08-24 12:53:30 - [MESSAGE][PASSED] - Verify response successfully

2019-08-24 12:53:30 - [MESSAGE][PASSED] - Send request and verify the response successfully

2019-08-24 12:53:30 - [TEST_STEP][PASSED] - if (M4_total_bonus_spins_int != 0 &amp;&amp; M4_spin_reels_symbols[2].contains("WILD_Double") || M4_spin_reels_symbols[4].contains("WILD_Triple")): null

2019-08-24 12:53:30 - [TEST_STEP][PASSED] - free_spin_reel_counter = free_spin_reel_counter: null

2019-08-24 12:53:30 - [TEST_STEP][PASSED] - M4_spin_reels_symbols = M4_spin_reels_symbols: null

2019-08-24 12:53:30 - [TEST_STEP][PASSED] - M4_total_bonus_spins = M4_total_bonus_spins: null

2019-08-24 12:53:30 - [TEST_STEP][PASSED] - spin_result = sendRequestAndVerify(findTestObject("INT/RGS(M4)/1_M4_spin", ["M4_login_user_id":M4_login_user_id, "rgs_session_token":rgs_session_token, "partner":Partner])): Send request and verify the response successfully

2019-08-24 12:53:30 - [MESSAGE][INFO] - HAR: /Users/eiralee/Katalon_Script/SuperWild/Reports/20190824_124242/INT/superWild_4/20190824_124242/requests/main/194.har

2019-08-24 12:53:30 - [TEST_CASE][PASSED] - Start Test Case : Verification: Verification accomplished successfully

2019-08-24 12:53:30 - [TEST_STEP][PASSED] - request = getInstance().getCurrentRequest(): null

2019-08-24 12:53:31 - [TEST_STEP][PASSED] - response = getInstance().getCurrentResponse(): null

2019-08-24 12:53:31 - [TEST_STEP][PASSED] - verifyResponseStatusCode(response, 200): Verify response status code successfully

2019-08-24 12:53:31 - [MESSAGE][PASSED] - Verify response status code successfully

2019-08-24 12:53:31 - [TEST_STEP][PASSED] - getStatusCode()).isEqualTo(200): null

2019-08-24 12:53:31 - [TEST_STEP][PASSED] - newline = System.getProperty("line.separator"): null

2019-08-24 12:53:31 - [TEST_STEP][PASSED] - M4_spin = new groovy.json.JsonSlurper(): null

2019-08-24 12:53:31 - [TEST_STEP][PASSED] - result_M4_spin = M4_spin.parseText(response.getResponseBodyContent()): null

2019-08-24 12:53:31 - [TEST_STEP][PASSED] - M4_spin_current_balance = current_balance: null

2019-08-24 12:53:31 - [TEST_STEP][PASSED] - M4_spin_current_balance = M4_spin_current_balance: null

2019-08-24 12:53:31 - [TEST_STEP][PASSED] - M4_spin_transaction_id = causality: null

2019-08-24 12:53:31 - [TEST_STEP][PASSED] - M4_spin_transaction_id = M4_spin_transaction_id: null

2019-08-24 12:53:31 - [TEST_STEP][PASSED] - M4_spin_round_id = round_id: null

2019-08-24 12:53:31 - [TEST_STEP][PASSED] - M4_spin_round_id = M4_spin_round_id: null

2019-08-24 12:53:31 - [TEST_STEP][PASSED] - M4_spin_line_wins = line_wins: null

2019-08-24 12:53:31 - [TEST_STEP][PASSED] - M4_spin_line_wins = M4_spin_line_wins: null

2019-08-24 12:53:31 - [TEST_STEP][PASSED] - M4_total_bonus_spins_int = total_bonus_spins: null

2019-08-24 12:53:31 - [TEST_STEP][PASSED] - println("******M4_total_bonus_spins type is:*******" + newline + getClass().getName()): null

2019-08-24 12:53:31 - [TEST_STEP][PASSED] - M4_total_bonus_spins_int = M4_total_bonus_spins_int: null

2019-08-24 12:53:31 - [TEST_STEP][PASSED] - M4_total_bonus_spins = Integer.toString(M4_total_bonus_spins_int): null

2019-08-24 12:53:31 - [TEST_STEP][PASSED] - M4_total_bonus_spins = M4_total_bonus_spins: null

2019-08-24 12:53:31 - [TEST_STEP][PASSED] - println("M4_total_bonus_spins is:" + M4_total_bonus_spins): null

2019-08-24 12:53:31 - [TEST_STEP][PASSED] - M4_spin_bonus_data = bonus_data: null

2019-08-24 12:53:31 - [TEST_STEP][PASSED] - M4_spin_features_triggered = result_M4_spin: null

2019-08-24 12:53:33 - [TEST_STEP][PASSED] - wild = []: null

2019-08-24 12:53:33 - [TEST_STEP][PASSED] - wild[0] = "WILD_Expanding": null

2019-08-24 12:53:33 - [TEST_STEP][PASSED] - wild[1] = "WILD_Normal": null

2019-08-24 12:53:33 - [TEST_STEP][PASSED] - wild[2] = "WILD_Double": null

2019-08-24 12:53:33 - [TEST_STEP][PASSED] - wild[3] = "WILD_ExtraFG": null

2019-08-24 12:53:33 - [TEST_STEP][PASSED] - wild[4] = "WILD_Triple": null

2019-08-24 12:53:33 - [TEST_STEP][PASSED] - wildList = Arrays.asList(wild): null

2019-08-24 12:53:33 - [TEST_STEP][PASSED] - wildList = wildList: null

2019-08-24 12:53:33 - [TEST_STEP][PASSED] - free_spin_reel_counter = []: null

2019-08-24 12:53:33 - [TEST_STEP][PASSED] - free_spin_reel_counter[0] = 0: null

2019-08-24 12:53:38 - [TEST_STEP][PASSED] - free_spin_reel_counter[1] = 0: null

2019-08-24 12:53:38 - [TEST_STEP][PASSED] - free_spin_reel_counter[2] = 0: null

2019-08-24 12:53:38 - [TEST_STEP][PASSED] - M4_spin_reels = reels: null

2019-08-24 12:53:38 - [TEST_STEP][PASSED] - for ([i = 0, i &lt; M4_spin_reels.size(), (i++)]): null

2019-08-24 12:53:38 - [TEST_STEP][PASSED] - symbols = symbols: null

2019-08-24 12:53:38 - [TEST_STEP][PASSED] - for ([j = 0, j &lt; symbols.size(), (j++)]): null

2019-08-24 12:53:38 - [TEST_STEP][PASSED] - symbol = symbol: null

2019-08-24 12:53:44 - [TEST_STEP][PASSED] - println(symbol): null

2019-08-24 12:53:44 - [TEST_STEP][PASSED] - if (i == 2 &amp;&amp; wildList.indexOf(symbol) != -1): null

2019-08-24 12:53:44 - [TEST_STEP][PASSED] - if (i == 3 &amp;&amp; wildList.indexOf(symbol) != -1): null

2019-08-24 12:53:44 - [TEST_STEP][PASSED] - if (i == 4 &amp;&amp; wildList.indexOf(symbol) != -1): null

2019-08-24 12:53:44 - [TEST_STEP][PASSED] - symbol = symbol: null

2019-08-24 12:53:44 - [TEST_STEP][PASSED] - println(symbol): null

2019-08-24 12:53:44 - [TEST_STEP][PASSED] - if (i == 2 &amp;&amp; wildList.indexOf(symbol) != -1): null

2019-08-24 12:53:44 - [TEST_STEP][PASSED] - if (i == 3 &amp;&amp; wildList.indexOf(symbol) != -1): null

2019-08-24 12:53:44 - [TEST_STEP][PASSED] - if (i == 4 &amp;&amp; wildList.indexOf(symbol) != -1): null

2019-08-24 12:53:44 - [TEST_STEP][PASSED] - symbol = symbol: null

2019-08-24 12:53:44 - [TEST_STEP][PASSED] - println(symbol): null

2019-08-24 12:53:44 - [TEST_STEP][PASSED] - if (i == 2 &amp;&amp; wildList.indexOf(symbol) != -1): null

2019-08-24 12:53:44 - [TEST_STEP][PASSED] - if (i == 3 &amp;&amp; wildList.indexOf(symbol) != -1): null

2019-08-24 12:53:44 - [TEST_STEP][PASSED] - if (i == 4 &amp;&amp; wildList.indexOf(symbol) != -1): null

2019-08-24 12:53:44 - [TEST_STEP][PASSED] - symbols = symbols: null

2019-08-24 12:53:44 - [TEST_STEP][PASSED] - for ([j = 0, j &lt; symbols.size(), (j++)]): null

2019-08-24 12:53:44 - [TEST_STEP][PASSED] - symbol = symbol: null

2019-08-24 12:53:44 - [TEST_STEP][PASSED] - println(symbol): null

2019-08-24 12:53:44 - [TEST_STEP][PASSED] - if (i == 2 &amp;&amp; wildList.indexOf(symbol) != -1): null

2019-08-24 12:53:44 - [TEST_STEP][PASSED] - if (i == 3 &amp;&amp; wildList.indexOf(symbol) != -1): null

2019-08-24 12:53:44 - [TEST_STEP][PASSED] - if (i == 4 &amp;&amp; wildList.indexOf(symbol) != -1): null

2019-08-24 12:53:44 - [TEST_STEP][PASSED] - symbol = symbol: null

2019-08-24 12:53:44 - [TEST_STEP][PASSED] - println(symbol): null

2019-08-24 12:53:44 - [TEST_STEP][PASSED] - if (i == 2 &amp;&amp; wildList.indexOf(symbol) != -1): null

2019-08-24 12:53:44 - [TEST_STEP][PASSED] - if (i == 3 &amp;&amp; wildList.indexOf(symbol) != -1): null

2019-08-24 12:53:44 - [TEST_STEP][PASSED] - if (i == 4 &amp;&amp; wildList.indexOf(symbol) != -1): null

2019-08-24 12:53:44 - [TEST_STEP][PASSED] - symbol = symbol: null

2019-08-24 12:53:44 - [TEST_STEP][PASSED] - println(symbol): null

2019-08-24 12:53:44 - [TEST_STEP][PASSED] - if (i == 2 &amp;&amp; wildList.indexOf(symbol) != -1): null

2019-08-24 12:53:44 - [TEST_STEP][PASSED] - if (i == 3 &amp;&amp; wildList.indexOf(symbol) != -1): null

2019-08-24 12:53:44 - [TEST_STEP][PASSED] - if (i == 4 &amp;&amp; wildList.indexOf(symbol) != -1): null

2019-08-24 12:53:44 - [TEST_STEP][PASSED] - symbols = symbols: null

2019-08-24 12:53:44 - [TEST_STEP][PASSED] - for ([j = 0, j &lt; symbols.size(), (j++)]): null

2019-08-24 12:53:44 - [TEST_STEP][PASSED] - symbol = symbol: null

2019-08-24 12:53:44 - [TEST_STEP][PASSED] - println(symbol): null

2019-08-24 12:53:44 - [TEST_STEP][PASSED] - if (i == 2 &amp;&amp; wildList.indexOf(symbol) != -1): null

2019-08-24 12:53:44 - [TEST_STEP][PASSED] - if (i == 3 &amp;&amp; wildList.indexOf(symbol) != -1): null

2019-08-24 12:53:44 - [TEST_STEP][PASSED] - if (i == 4 &amp;&amp; wildList.indexOf(symbol) != -1): null

2019-08-24 12:53:44 - [TEST_STEP][PASSED] - symbol = symbol: null

2019-08-24 12:53:44 - [TEST_STEP][PASSED] - println(symbol): null

2019-08-24 12:53:44 - [TEST_STEP][PASSED] - if (i == 2 &amp;&amp; wildList.indexOf(symbol) != -1): null

2019-08-24 12:53:44 - [TEST_STEP][PASSED] - println("wild found on reel 3, adding counter by 1"): null

2019-08-24 12:53:44 - [TEST_STEP][PASSED] - free_spin_reel_counter[0] = free_spin_reel_counter[0] + 1: null

2019-08-24 12:53:44 - [TEST_STEP][PASSED] - if (i == 3 &amp;&amp; wildList.indexOf(symbol) != -1): null

2019-08-24 12:53:44 - [TEST_STEP][PASSED] - if (i == 4 &amp;&amp; wildList.indexOf(symbol) != -1): null

2019-08-24 12:53:44 - [TEST_STEP][PASSED] - symbol = symbol: null

2019-08-24 12:53:44 - [TEST_STEP][PASSED] - println(symbol): null

2019-08-24 12:53:44 - [TEST_STEP][PASSED] - if (i == 2 &amp;&amp; wildList.indexOf(symbol) != -1): null

2019-08-24 12:53:44 - [TEST_STEP][PASSED] - if (i == 3 &amp;&amp; wildList.indexOf(symbol) != -1): null

2019-08-24 12:53:44 - [TEST_STEP][PASSED] - if (i == 4 &amp;&amp; wildList.indexOf(symbol) != -1): null

2019-08-24 12:53:44 - [TEST_STEP][PASSED] - symbols = symbols: null

2019-08-24 12:53:44 - [TEST_STEP][PASSED] - for ([j = 0, j &lt; symbols.size(), (j++)]): null

2019-08-24 12:53:44 - [TEST_STEP][PASSED] - symbol = symbol: null

2019-08-24 12:53:44 - [TEST_STEP][PASSED] - println(symbol): null

2019-08-24 12:53:44 - [TEST_STEP][PASSED] - if (i == 2 &amp;&amp; wildList.indexOf(symbol) != -1): null

2019-08-24 12:53:44 - [TEST_STEP][PASSED] - if (i == 3 &amp;&amp; wildList.indexOf(symbol) != -1): null

2019-08-24 12:53:44 - [TEST_STEP][PASSED] - if (i == 4 &amp;&amp; wildList.indexOf(symbol) != -1): null

2019-08-24 12:53:44 - [TEST_STEP][PASSED] - symbol = symbol: null

2019-08-24 12:53:44 - [TEST_STEP][PASSED] - println(symbol): null

2019-08-24 12:53:44 - [TEST_STEP][PASSED] - if (i == 2 &amp;&amp; wildList.indexOf(symbol) != -1): null

2019-08-24 12:53:44 - [TEST_STEP][PASSED] - if (i == 3 &amp;&amp; wildList.indexOf(symbol) != -1): null

2019-08-24 12:53:44 - [TEST_STEP][PASSED] - if (i == 4 &amp;&amp; wildList.indexOf(symbol) != -1): null

2019-08-24 12:53:44 - [TEST_STEP][PASSED] - symbol = symbol: null

2019-08-24 12:53:44 - [TEST_STEP][PASSED] - println(symbol): null

2019-08-24 12:53:44 - [TEST_STEP][PASSED] - if (i == 2 &amp;&amp; wildList.indexOf(symbol) != -1): null

2019-08-24 12:53:44 - [TEST_STEP][PASSED] - if (i == 3 &amp;&amp; wildList.indexOf(symbol) != -1): null

2019-08-24 12:53:44 - [TEST_STEP][PASSED] - if (i == 4 &amp;&amp; wildList.indexOf(symbol) != -1): null

2019-08-24 12:53:44 - [TEST_STEP][PASSED] - symbols = symbols: null

2019-08-24 12:53:44 - [TEST_STEP][PASSED] - for ([j = 0, j &lt; symbols.size(), (j++)]): null

2019-08-24 12:53:44 - [TEST_STEP][PASSED] - symbol = symbol: null

2019-08-24 12:53:44 - [TEST_STEP][PASSED] - println(symbol): null

2019-08-24 12:53:44 - [TEST_STEP][PASSED] - if (i == 2 &amp;&amp; wildList.indexOf(symbol) != -1): null

2019-08-24 12:53:44 - [TEST_STEP][PASSED] - if (i == 3 &amp;&amp; wildList.indexOf(symbol) != -1): null

2019-08-24 12:53:44 - [TEST_STEP][PASSED] - if (i == 4 &amp;&amp; wildList.indexOf(symbol) != -1): null

2019-08-24 12:53:44 - [TEST_STEP][PASSED] - symbol = symbol: null

2019-08-24 12:53:44 - [TEST_STEP][PASSED] - println(symbol): null

2019-08-24 12:53:44 - [TEST_STEP][PASSED] - if (i == 2 &amp;&amp; wildList.indexOf(symbol) != -1): null

2019-08-24 12:53:44 - [TEST_STEP][PASSED] - if (i == 3 &amp;&amp; wildList.indexOf(symbol) != -1): null

2019-08-24 12:53:44 - [TEST_STEP][PASSED] - if (i == 4 &amp;&amp; wildList.indexOf(symbol) != -1): null

2019-08-24 12:53:44 - [TEST_STEP][PASSED] - symbol = symbol: null

2019-08-24 12:53:44 - [TEST_STEP][PASSED] - println(symbol): null

2019-08-24 12:53:44 - [TEST_STEP][PASSED] - if (i == 2 &amp;&amp; wildList.indexOf(symbol) != -1): null

2019-08-24 12:53:44 - [TEST_STEP][PASSED] - if (i == 3 &amp;&amp; wildList.indexOf(symbol) != -1): null

2019-08-24 12:53:44 - [TEST_STEP][PASSED] - if (i == 4 &amp;&amp; wildList.indexOf(symbol) != -1): null

2019-08-24 12:53:44 - [TEST_STEP][PASSED] - println("wild found on reel 5, adding counter by 1"): null

2019-08-24 12:53:44 - [TEST_STEP][PASSED] - free_spin_reel_counter[2] = free_spin_reel_counter[2] + 1: null

2019-08-24 12:53:44 - [TEST_STEP][PASSED] - free_spin_reel_counter = free_spin_reel_counter: null

2019-08-24 12:53:44 - [TEST_STEP][PASSED] - println("reel 3 wild found: " + free_spin_reel_counter[0]): null

2019-08-24 12:53:44 - [TEST_STEP][PASSED] - println("reel 4 wild found: " + free_spin_reel_counter[1]): null

2019-08-24 12:53:44 - [TEST_STEP][PASSED] - println("reel 5 wild found: " + free_spin_reel_counter[2]): null

2019-08-24 12:53:44 - [TEST_STEP][PASSED] - M4_spin_reels = M4_spin_reels: null

2019-08-24 12:53:44 - [TEST_STEP][PASSED] - M4_spin_reels_symbols = symbol: null

2019-08-24 12:53:44 - [TEST_STEP][PASSED] - M4_spin_reels_symbols = M4_spin_reels_symbols: null

2019-08-24 12:53:44 - [TEST_STEP][PASSED] - M4_spin_reel_wins = reel_wins: null

2019-08-24 12:53:44 - [TEST_STEP][PASSED] - M4_spin_reel_wins = M4_spin_reel_wins: null

2019-08-24 12:53:44 - [TEST_STEP][PASSED] - println("GlobalVariable.M4_spin_reel_wins is: " + M4_spin_reel_wins): null

2019-08-24 12:53:44 - [TEST_STEP][PASSED] - M4_spin_total_bonus_win_this_round = total_bonus_win_this_round: null

2019-08-24 12:53:44 - [TEST_STEP][PASSED] - M4_spin_total_bonus_win_this_round = M4_spin_total_bonus_win_this_round: null

2019-08-24 12:53:44 - [TEST_STEP][PASSED] - println("GlobalVariable.M4_spin_total_bonus_win_this_round is: " + M4_spin_total_bonus_win_this_round): null

2019-08-24 12:53:44 - [TEST_STEP][PASSED] - M4_spin_bonus_spin_result = spin_result: null

2019-08-24 12:53:44 - [TEST_STEP][PASSED] - M4_spin_bonus_spin_result = M4_spin_bonus_spin_result: null

2019-08-24 12:53:44 - [MESSAGE][PASSED] - Verify response successfully

2019-08-24 12:53:44 - [MESSAGE][PASSED] - Send request and verify the response successfully

2019-08-24 12:53:44 - [TEST_STEP][PASSED] - if (M4_total_bonus_spins_int != 0 &amp;&amp; M4_spin_reels_symbols[2].contains("WILD_Double") || M4_spin_reels_symbols[4].contains("WILD_Triple")): null

2019-08-24 12:53:44 - [TEST_STEP][PASSED] - free_spin_reel_counter = free_spin_reel_counter: null

2019-08-24 12:53:44 - [TEST_STEP][PASSED] - M4_spin_reels_symbols = M4_spin_reels_symbols: null

2019-08-24 12:53:44 - [TEST_STEP][PASSED] - M4_total_bonus_spins = M4_total_bonus_spins: null

2019-08-24 12:53:44 - [TEST_STEP][PASSED] - spin_result = sendRequestAndVerify(findTestObject("INT/RGS(M4)/1_M4_spin", ["M4_login_user_id":M4_login_user_id, "rgs_session_token":rgs_session_token, "partner":Partner])): Send request and verify the response successfully

2019-08-24 12:53:44 - [MESSAGE][INFO] - HAR: /Users/eiralee/Katalon_Script/SuperWild/Reports/20190824_124242/INT/superWild_4/20190824_124242/requests/main/195.har

2019-08-24 12:53:44 - [TEST_CASE][PASSED] - Start Test Case : Verification: Verification accomplished successfully

2019-08-24 12:53:45 - [TEST_STEP][PASSED] - request = getInstance().getCurrentRequest(): null

2019-08-24 12:53:45 - [TEST_STEP][PASSED] - response = getInstance().getCurrentResponse(): null

2019-08-24 12:53:45 - [TEST_STEP][PASSED] - verifyResponseStatusCode(response, 200): Verify response status code successfully

2019-08-24 12:53:45 - [MESSAGE][PASSED] - Verify response status code successfully

2019-08-24 12:53:45 - [TEST_STEP][PASSED] - getStatusCode()).isEqualTo(200): null

2019-08-24 12:53:45 - [TEST_STEP][PASSED] - newline = System.getProperty("line.separator"): null

2019-08-24 12:53:45 - [TEST_STEP][PASSED] - M4_spin = new groovy.json.JsonSlurper(): null

2019-08-24 12:53:45 - [TEST_STEP][PASSED] - result_M4_spin = M4_spin.parseText(response.getResponseBodyContent()): null

2019-08-24 12:53:45 - [TEST_STEP][PASSED] - M4_spin_current_balance = current_balance: null

2019-08-24 12:53:45 - [TEST_STEP][PASSED] - M4_spin_current_balance = M4_spin_current_balance: null

2019-08-24 12:53:45 - [TEST_STEP][PASSED] - M4_spin_transaction_id = causality: null

2019-08-24 12:53:45 - [TEST_STEP][PASSED] - M4_spin_transaction_id = M4_spin_transaction_id: null

2019-08-24 12:53:45 - [TEST_STEP][PASSED] - M4_spin_round_id = round_id: null

2019-08-24 12:53:45 - [TEST_STEP][PASSED] - M4_spin_round_id = M4_spin_round_id: null

2019-08-24 12:53:45 - [TEST_STEP][PASSED] - M4_spin_line_wins = line_wins: null

2019-08-24 12:53:45 - [TEST_STEP][PASSED] - M4_spin_line_wins = M4_spin_line_wins: null

2019-08-24 12:53:45 - [TEST_STEP][PASSED] - M4_total_bonus_spins_int = total_bonus_spins: null

2019-08-24 12:53:45 - [TEST_STEP][PASSED] - println("******M4_total_bonus_spins type is:*******" + newline + getClass().getName()): null

2019-08-24 12:53:45 - [TEST_STEP][PASSED] - M4_total_bonus_spins_int = M4_total_bonus_spins_int: null

2019-08-24 12:53:45 - [TEST_STEP][PASSED] - M4_total_bonus_spins = Integer.toString(M4_total_bonus_spins_int): null

2019-08-24 12:53:45 - [TEST_STEP][PASSED] - M4_total_bonus_spins = M4_total_bonus_spins: null

2019-08-24 12:53:45 - [TEST_STEP][PASSED] - println("M4_total_bonus_spins is:" + M4_total_bonus_spins): null

2019-08-24 12:53:45 - [TEST_STEP][PASSED] - M4_spin_bonus_data = bonus_data: null

2019-08-24 12:53:45 - [TEST_STEP][PASSED] - M4_spin_features_triggered = result_M4_spin: null

2019-08-24 12:53:45 - [TEST_STEP][PASSED] - wild = []: null

2019-08-24 12:53:45 - [TEST_STEP][PASSED] - wild[0] = "WILD_Expanding": null

2019-08-24 12:53:45 - [TEST_STEP][PASSED] - wild[1] = "WILD_Normal": null

2019-08-24 12:53:45 - [TEST_STEP][PASSED] - wild[2] = "WILD_Double": null

2019-08-24 12:53:45 - [TEST_STEP][PASSED] - wild[3] = "WILD_ExtraFG": null

2019-08-24 12:53:45 - [TEST_STEP][PASSED] - wild[4] = "WILD_Triple": null

2019-08-24 12:53:45 - [TEST_STEP][PASSED] - wildList = Arrays.asList(wild): null

2019-08-24 12:53:45 - [TEST_STEP][PASSED] - wildList = wildList: null

2019-08-24 12:53:45 - [TEST_STEP][PASSED] - free_spin_reel_counter = []: null

2019-08-24 12:53:45 - [TEST_STEP][PASSED] - free_spin_reel_counter[0] = 0: null

2019-08-24 12:53:45 - [TEST_STEP][PASSED] - free_spin_reel_counter[1] = 0: null

2019-08-24 12:53:45 - [TEST_STEP][PASSED] - free_spin_reel_counter[2] = 0: null

2019-08-24 12:53:45 - [TEST_STEP][PASSED] - M4_spin_reels = reels: null

2019-08-24 12:53:45 - [TEST_STEP][PASSED] - for ([i = 0, i &lt; M4_spin_reels.size(), (i++)]): null

2019-08-24 12:53:45 - [TEST_STEP][PASSED] - symbols = symbols: null

2019-08-24 12:53:45 - [TEST_STEP][PASSED] - for ([j = 0, j &lt; symbols.size(), (j++)]): null

2019-08-24 12:53:45 - [TEST_STEP][PASSED] - symbol = symbol: null

2019-08-24 12:53:45 - [TEST_STEP][PASSED] - println(symbol): null

2019-08-24 12:53:45 - [TEST_STEP][PASSED] - if (i == 2 &amp;&amp; wildList.indexOf(symbol) != -1): null

2019-08-24 12:53:45 - [TEST_STEP][PASSED] - if (i == 3 &amp;&amp; wildList.indexOf(symbol) != -1): null

2019-08-24 12:53:45 - [TEST_STEP][PASSED] - if (i == 4 &amp;&amp; wildList.indexOf(symbol) != -1): null

2019-08-24 12:53:45 - [TEST_STEP][PASSED] - symbol = symbol: null

2019-08-24 12:53:45 - [TEST_STEP][PASSED] - println(symbol): null

2019-08-24 12:53:45 - [TEST_STEP][PASSED] - if (i == 2 &amp;&amp; wildList.indexOf(symbol) != -1): null

2019-08-24 12:53:45 - [TEST_STEP][PASSED] - if (i == 3 &amp;&amp; wildList.indexOf(symbol) != -1): null

2019-08-24 12:53:45 - [TEST_STEP][PASSED] - if (i == 4 &amp;&amp; wildList.indexOf(symbol) != -1): null

2019-08-24 12:53:45 - [TEST_STEP][PASSED] - symbol = symbol: null

2019-08-24 12:53:45 - [TEST_STEP][PASSED] - println(symbol): null

2019-08-24 12:53:45 - [TEST_STEP][PASSED] - if (i == 2 &amp;&amp; wildList.indexOf(symbol) != -1): null

2019-08-24 12:53:45 - [TEST_STEP][PASSED] - if (i == 3 &amp;&amp; wildList.indexOf(symbol) != -1): null

2019-08-24 12:53:45 - [TEST_STEP][PASSED] - if (i == 4 &amp;&amp; wildList.indexOf(symbol) != -1): null

2019-08-24 12:53:45 - [TEST_STEP][PASSED] - symbols = symbols: null

2019-08-24 12:53:45 - [TEST_STEP][PASSED] - for ([j = 0, j &lt; symbols.size(), (j++)]): null

2019-08-24 12:53:45 - [TEST_STEP][PASSED] - symbol = symbol: null

2019-08-24 12:53:45 - [TEST_STEP][PASSED] - println(symbol): null

2019-08-24 12:53:45 - [TEST_STEP][PASSED] - if (i == 2 &amp;&amp; wildList.indexOf(symbol) != -1): null

2019-08-24 12:53:45 - [TEST_STEP][PASSED] - if (i == 3 &amp;&amp; wildList.indexOf(symbol) != -1): null

2019-08-24 12:53:45 - [TEST_STEP][PASSED] - if (i == 4 &amp;&amp; wildList.indexOf(symbol) != -1): null

2019-08-24 12:53:45 - [TEST_STEP][PASSED] - symbol = symbol: null

2019-08-24 12:53:45 - [TEST_STEP][PASSED] - println(symbol): null

2019-08-24 12:53:45 - [TEST_STEP][PASSED] - if (i == 2 &amp;&amp; wildList.indexOf(symbol) != -1): null

2019-08-24 12:53:45 - [TEST_STEP][PASSED] - if (i == 3 &amp;&amp; wildList.indexOf(symbol) != -1): null

2019-08-24 12:53:45 - [TEST_STEP][PASSED] - if (i == 4 &amp;&amp; wildList.indexOf(symbol) != -1): null

2019-08-24 12:53:45 - [TEST_STEP][PASSED] - symbol = symbol: null

2019-08-24 12:53:45 - [TEST_STEP][PASSED] - println(symbol): null

2019-08-24 12:53:45 - [TEST_STEP][PASSED] - if (i == 2 &amp;&amp; wildList.indexOf(symbol) != -1): null

2019-08-24 12:53:45 - [TEST_STEP][PASSED] - if (i == 3 &amp;&amp; wildList.indexOf(symbol) != -1): null

2019-08-24 12:53:45 - [TEST_STEP][PASSED] - if (i == 4 &amp;&amp; wildList.indexOf(symbol) != -1): null

2019-08-24 12:53:45 - [TEST_STEP][PASSED] - symbols = symbols: null

2019-08-24 12:53:45 - [TEST_STEP][PASSED] - for ([j = 0, j &lt; symbols.size(), (j++)]): null

2019-08-24 12:53:45 - [TEST_STEP][PASSED] - symbol = symbol: null

2019-08-24 12:53:45 - [TEST_STEP][PASSED] - println(symbol): null

2019-08-24 12:53:45 - [TEST_STEP][PASSED] - if (i == 2 &amp;&amp; wildList.indexOf(symbol) != -1): null

2019-08-24 12:53:45 - [TEST_STEP][PASSED] - if (i == 3 &amp;&amp; wildList.indexOf(symbol) != -1): null

2019-08-24 12:53:45 - [TEST_STEP][PASSED] - if (i == 4 &amp;&amp; wildList.indexOf(symbol) != -1): null

2019-08-24 12:53:45 - [TEST_STEP][PASSED] - symbol = symbol: null

2019-08-24 12:53:45 - [TEST_STEP][PASSED] - println(symbol): null

2019-08-24 12:53:45 - [TEST_STEP][PASSED] - if (i == 2 &amp;&amp; wildList.indexOf(symbol) != -1): null

2019-08-24 12:53:45 - [TEST_STEP][PASSED] - if (i == 3 &amp;&amp; wildList.indexOf(symbol) != -1): null

2019-08-24 12:53:45 - [TEST_STEP][PASSED] - if (i == 4 &amp;&amp; wildList.indexOf(symbol) != -1): null

2019-08-24 12:53:45 - [TEST_STEP][PASSED] - symbol = symbol: null

2019-08-24 12:53:45 - [TEST_STEP][PASSED] - println(symbol): null

2019-08-24 12:53:45 - [TEST_STEP][PASSED] - if (i == 2 &amp;&amp; wildList.indexOf(symbol) != -1): null

2019-08-24 12:53:45 - [TEST_STEP][PASSED] - if (i == 3 &amp;&amp; wildList.indexOf(symbol) != -1): null

2019-08-24 12:53:45 - [TEST_STEP][PASSED] - if (i == 4 &amp;&amp; wildList.indexOf(symbol) != -1): null

2019-08-24 12:53:45 - [TEST_STEP][PASSED] - symbols = symbols: null

2019-08-24 12:53:45 - [TEST_STEP][PASSED] - for ([j = 0, j &lt; symbols.size(), (j++)]): null

2019-08-24 12:53:45 - [TEST_STEP][PASSED] - symbol = symbol: null

2019-08-24 12:53:45 - [TEST_STEP][PASSED] - println(symbol): null

2019-08-24 12:53:45 - [TEST_STEP][PASSED] - if (i == 2 &amp;&amp; wildList.indexOf(symbol) != -1): null

2019-08-24 12:53:45 - [TEST_STEP][PASSED] - if (i == 3 &amp;&amp; wildList.indexOf(symbol) != -1): null

2019-08-24 12:53:45 - [TEST_STEP][PASSED] - println("wild found on reel 4, adding counter by 1"): null

2019-08-24 12:53:45 - [TEST_STEP][PASSED] - free_spin_reel_counter[1] = free_spin_reel_counter[1] + 1: null

2019-08-24 12:53:45 - [TEST_STEP][PASSED] - if (i == 4 &amp;&amp; wildList.indexOf(symbol) != -1): null

2019-08-24 12:53:45 - [TEST_STEP][PASSED] - symbol = symbol: null

2019-08-24 12:53:45 - [TEST_STEP][PASSED] - println(symbol): null

2019-08-24 12:53:45 - [TEST_STEP][PASSED] - if (i == 2 &amp;&amp; wildList.indexOf(symbol) != -1): null

2019-08-24 12:53:45 - [TEST_STEP][PASSED] - if (i == 3 &amp;&amp; wildList.indexOf(symbol) != -1): null

2019-08-24 12:53:45 - [TEST_STEP][PASSED] - if (i == 4 &amp;&amp; wildList.indexOf(symbol) != -1): null

2019-08-24 12:53:45 - [TEST_STEP][PASSED] - symbol = symbol: null

2019-08-24 12:53:45 - [TEST_STEP][PASSED] - println(symbol): null

2019-08-24 12:53:45 - [TEST_STEP][PASSED] - if (i == 2 &amp;&amp; wildList.indexOf(symbol) != -1): null

2019-08-24 12:53:45 - [TEST_STEP][PASSED] - if (i == 3 &amp;&amp; wildList.indexOf(symbol) != -1): null

2019-08-24 12:53:45 - [TEST_STEP][PASSED] - if (i == 4 &amp;&amp; wildList.indexOf(symbol) != -1): null

2019-08-24 12:53:45 - [TEST_STEP][PASSED] - symbols = symbols: null

2019-08-24 12:53:45 - [TEST_STEP][PASSED] - for ([j = 0, j &lt; symbols.size(), (j++)]): null

2019-08-24 12:53:45 - [TEST_STEP][PASSED] - symbol = symbol: null

2019-08-24 12:53:45 - [TEST_STEP][PASSED] - println(symbol): null

2019-08-24 12:53:45 - [TEST_STEP][PASSED] - if (i == 2 &amp;&amp; wildList.indexOf(symbol) != -1): null

2019-08-24 12:53:45 - [TEST_STEP][PASSED] - if (i == 3 &amp;&amp; wildList.indexOf(symbol) != -1): null

2019-08-24 12:53:45 - [TEST_STEP][PASSED] - if (i == 4 &amp;&amp; wildList.indexOf(symbol) != -1): null

2019-08-24 12:53:45 - [TEST_STEP][PASSED] - symbol = symbol: null

2019-08-24 12:53:45 - [TEST_STEP][PASSED] - println(symbol): null

2019-08-24 12:53:45 - [TEST_STEP][PASSED] - if (i == 2 &amp;&amp; wildList.indexOf(symbol) != -1): null

2019-08-24 12:53:45 - [TEST_STEP][PASSED] - if (i == 3 &amp;&amp; wildList.indexOf(symbol) != -1): null

2019-08-24 12:53:45 - [TEST_STEP][PASSED] - if (i == 4 &amp;&amp; wildList.indexOf(symbol) != -1): null

2019-08-24 12:53:45 - [TEST_STEP][PASSED] - symbol = symbol: null

2019-08-24 12:53:45 - [TEST_STEP][PASSED] - println(symbol): null

2019-08-24 12:53:45 - [TEST_STEP][PASSED] - if (i == 2 &amp;&amp; wildList.indexOf(symbol) != -1): null

2019-08-24 12:53:45 - [TEST_STEP][PASSED] - if (i == 3 &amp;&amp; wildList.indexOf(symbol) != -1): null

2019-08-24 12:53:45 - [TEST_STEP][PASSED] - if (i == 4 &amp;&amp; wildList.indexOf(symbol) != -1): null

2019-08-24 12:53:45 - [TEST_STEP][PASSED] - free_spin_reel_counter = free_spin_reel_counter: null

2019-08-24 12:53:45 - [TEST_STEP][PASSED] - println("reel 3 wild found: " + free_spin_reel_counter[0]): null

2019-08-24 12:53:45 - [TEST_STEP][PASSED] - println("reel 4 wild found: " + free_spin_reel_counter[1]): null

2019-08-24 12:53:45 - [TEST_STEP][PASSED] - println("reel 5 wild found: " + free_spin_reel_counter[2]): null

2019-08-24 12:53:45 - [TEST_STEP][PASSED] - M4_spin_reels = M4_spin_reels: null

2019-08-24 12:53:45 - [TEST_STEP][PASSED] - M4_spin_reels_symbols = symbol: null

2019-08-24 12:53:45 - [TEST_STEP][PASSED] - M4_spin_reels_symbols = M4_spin_reels_symbols: null

2019-08-24 12:53:45 - [TEST_STEP][PASSED] - M4_spin_reel_wins = reel_wins: null

2019-08-24 12:53:45 - [TEST_STEP][PASSED] - M4_spin_reel_wins = M4_spin_reel_wins: null

2019-08-24 12:53:45 - [TEST_STEP][PASSED] - println("GlobalVariable.M4_spin_reel_wins is: " + M4_spin_reel_wins): null

2019-08-24 12:53:45 - [TEST_STEP][PASSED] - M4_spin_total_bonus_win_this_round = total_bonus_win_this_round: null

2019-08-24 12:53:45 - [TEST_STEP][PASSED] - M4_spin_total_bonus_win_this_round = M4_spin_total_bonus_win_this_round: null

2019-08-24 12:53:45 - [TEST_STEP][PASSED] - println("GlobalVariable.M4_spin_total_bonus_win_this_round is: " + M4_spin_total_bonus_win_this_round): null

2019-08-24 12:53:45 - [TEST_STEP][PASSED] - M4_spin_bonus_spin_result = spin_result: null

2019-08-24 12:53:45 - [TEST_STEP][PASSED] - M4_spin_bonus_spin_result = M4_spin_bonus_spin_result: null

2019-08-24 12:53:45 - [MESSAGE][PASSED] - Verify response successfully

2019-08-24 12:53:45 - [MESSAGE][PASSED] - Send request and verify the response successfully

2019-08-24 12:53:45 - [TEST_STEP][PASSED] - if (M4_total_bonus_spins_int != 0 &amp;&amp; M4_spin_reels_symbols[2].contains("WILD_Double") || M4_spin_reels_symbols[4].contains("WILD_Triple")): null

2019-08-24 12:53:45 - [TEST_STEP][PASSED] - free_spin_reel_counter = free_spin_reel_counter: null

2019-08-24 12:53:45 - [TEST_STEP][PASSED] - M4_spin_reels_symbols = M4_spin_reels_symbols: null

2019-08-24 12:53:45 - [TEST_STEP][PASSED] - M4_total_bonus_spins = M4_total_bonus_spins: null

2019-08-24 12:53:45 - [TEST_STEP][PASSED] - spin_result = sendRequestAndVerify(findTestObject("INT/RGS(M4)/1_M4_spin", ["M4_login_user_id":M4_login_user_id, "rgs_session_token":rgs_session_token, "partner":Partner])): Send request and verify the response successfully

2019-08-24 12:53:45 - [MESSAGE][INFO] - HAR: /Users/eiralee/Katalon_Script/SuperWild/Reports/20190824_124242/INT/superWild_4/20190824_124242/requests/main/196.har

2019-08-24 12:53:45 - [TEST_CASE][PASSED] - Start Test Case : Verification: Verification accomplished successfully

2019-08-24 12:53:45 - [TEST_STEP][PASSED] - request = getInstance().getCurrentRequest(): null

2019-08-24 12:53:45 - [TEST_STEP][PASSED] - response = getInstance().getCurrentResponse(): null

2019-08-24 12:53:45 - [TEST_STEP][PASSED] - verifyResponseStatusCode(response, 200): Verify response status code successfully

2019-08-24 12:53:45 - [MESSAGE][PASSED] - Verify response status code successfully

2019-08-24 12:53:45 - [TEST_STEP][PASSED] - getStatusCode()).isEqualTo(200): null

2019-08-24 12:53:45 - [TEST_STEP][PASSED] - newline = System.getProperty("line.separator"): null

2019-08-24 12:53:45 - [TEST_STEP][PASSED] - M4_spin = new groovy.json.JsonSlurper(): null

2019-08-24 12:53:45 - [TEST_STEP][PASSED] - result_M4_spin = M4_spin.parseText(response.getResponseBodyContent()): null

2019-08-24 12:53:45 - [TEST_STEP][PASSED] - M4_spin_current_balance = current_balance: null

2019-08-24 12:53:45 - [TEST_STEP][PASSED] - M4_spin_current_balance = M4_spin_current_balance: null

2019-08-24 12:53:45 - [TEST_STEP][PASSED] - M4_spin_transaction_id = causality: null

2019-08-24 12:53:45 - [TEST_STEP][PASSED] - M4_spin_transaction_id = M4_spin_transaction_id: null

2019-08-24 12:53:45 - [TEST_STEP][PASSED] - M4_spin_round_id = round_id: null

2019-08-24 12:53:45 - [TEST_STEP][PASSED] - M4_spin_round_id = M4_spin_round_id: null

2019-08-24 12:53:45 - [TEST_STEP][PASSED] - M4_spin_line_wins = line_wins: null

2019-08-24 12:53:45 - [TEST_STEP][PASSED] - M4_spin_line_wins = M4_spin_line_wins: null

2019-08-24 12:53:45 - [TEST_STEP][PASSED] - M4_total_bonus_spins_int = total_bonus_spins: null

2019-08-24 12:53:45 - [TEST_STEP][PASSED] - println("******M4_total_bonus_spins type is:*******" + newline + getClass().getName()): null

2019-08-24 12:53:45 - [TEST_STEP][PASSED] - M4_total_bonus_spins_int = M4_total_bonus_spins_int: null

2019-08-24 12:53:45 - [TEST_STEP][PASSED] - M4_total_bonus_spins = Integer.toString(M4_total_bonus_spins_int): null

2019-08-24 12:53:45 - [TEST_STEP][PASSED] - M4_total_bonus_spins = M4_total_bonus_spins: null

2019-08-24 12:53:45 - [TEST_STEP][PASSED] - println("M4_total_bonus_spins is:" + M4_total_bonus_spins): null

2019-08-24 12:53:45 - [TEST_STEP][PASSED] - M4_spin_bonus_data = bonus_data: null

2019-08-24 12:53:45 - [TEST_STEP][PASSED] - M4_spin_features_triggered = result_M4_spin: null

2019-08-24 12:53:45 - [TEST_STEP][PASSED] - wild = []: null

2019-08-24 12:53:45 - [TEST_STEP][PASSED] - wild[0] = "WILD_Expanding": null

2019-08-24 12:53:45 - [TEST_STEP][PASSED] - wild[1] = "WILD_Normal": null

2019-08-24 12:53:45 - [TEST_STEP][PASSED] - wild[2] = "WILD_Double": null

2019-08-24 12:53:45 - [TEST_STEP][PASSED] - wild[3] = "WILD_ExtraFG": null

2019-08-24 12:53:45 - [TEST_STEP][PASSED] - wild[4] = "WILD_Triple": null

2019-08-24 12:53:45 - [TEST_STEP][PASSED] - wildList = Arrays.asList(wild): null

2019-08-24 12:53:45 - [TEST_STEP][PASSED] - wildList = wildList: null

2019-08-24 12:53:45 - [TEST_STEP][PASSED] - free_spin_reel_counter = []: null

2019-08-24 12:53:45 - [TEST_STEP][PASSED] - free_spin_reel_counter[0] = 0: null

2019-08-24 12:53:45 - [TEST_STEP][PASSED] - free_spin_reel_counter[1] = 0: null

2019-08-24 12:53:45 - [TEST_STEP][PASSED] - free_spin_reel_counter[2] = 0: null

2019-08-24 12:53:45 - [TEST_STEP][PASSED] - M4_spin_reels = reels: null

2019-08-24 12:53:45 - [TEST_STEP][PASSED] - for ([i = 0, i &lt; M4_spin_reels.size(), (i++)]): null

2019-08-24 12:53:45 - [TEST_STEP][PASSED] - symbols = symbols: null

2019-08-24 12:53:45 - [TEST_STEP][PASSED] - for ([j = 0, j &lt; symbols.size(), (j++)]): null

2019-08-24 12:53:45 - [TEST_STEP][PASSED] - symbol = symbol: null

2019-08-24 12:53:45 - [TEST_STEP][PASSED] - println(symbol): null

2019-08-24 12:53:45 - [TEST_STEP][PASSED] - if (i == 2 &amp;&amp; wildList.indexOf(symbol) != -1): null

2019-08-24 12:53:45 - [TEST_STEP][PASSED] - if (i == 3 &amp;&amp; wildList.indexOf(symbol) != -1): null

2019-08-24 12:53:45 - [TEST_STEP][PASSED] - if (i == 4 &amp;&amp; wildList.indexOf(symbol) != -1): null

2019-08-24 12:53:45 - [TEST_STEP][PASSED] - symbol = symbol: null

2019-08-24 12:53:45 - [TEST_STEP][PASSED] - println(symbol): null

2019-08-24 12:53:45 - [TEST_STEP][PASSED] - if (i == 2 &amp;&amp; wildList.indexOf(symbol) != -1): null

2019-08-24 12:53:45 - [TEST_STEP][PASSED] - if (i == 3 &amp;&amp; wildList.indexOf(symbol) != -1): null

2019-08-24 12:53:45 - [TEST_STEP][PASSED] - if (i == 4 &amp;&amp; wildList.indexOf(symbol) != -1): null

2019-08-24 12:53:45 - [TEST_STEP][PASSED] - symbol = symbol: null

2019-08-24 12:53:45 - [TEST_STEP][PASSED] - println(symbol): null

2019-08-24 12:53:45 - [TEST_STEP][PASSED] - if (i == 2 &amp;&amp; wildList.indexOf(symbol) != -1): null

2019-08-24 12:53:45 - [TEST_STEP][PASSED] - if (i == 3 &amp;&amp; wildList.indexOf(symbol) != -1): null

2019-08-24 12:53:45 - [TEST_STEP][PASSED] - if (i == 4 &amp;&amp; wildList.indexOf(symbol) != -1): null

2019-08-24 12:53:45 - [TEST_STEP][PASSED] - symbols = symbols: null

2019-08-24 12:53:45 - [TEST_STEP][PASSED] - for ([j = 0, j &lt; symbols.size(), (j++)]): null

2019-08-24 12:53:45 - [TEST_STEP][PASSED] - symbol = symbol: null

2019-08-24 12:53:45 - [TEST_STEP][PASSED] - println(symbol): null

2019-08-24 12:53:45 - [TEST_STEP][PASSED] - if (i == 2 &amp;&amp; wildList.indexOf(symbol) != -1): null

2019-08-24 12:53:45 - [TEST_STEP][PASSED] - if (i == 3 &amp;&amp; wildList.indexOf(symbol) != -1): null

2019-08-24 12:53:45 - [TEST_STEP][PASSED] - if (i == 4 &amp;&amp; wildList.indexOf(symbol) != -1): null

2019-08-24 12:53:45 - [TEST_STEP][PASSED] - symbol = symbol: null

2019-08-24 12:53:45 - [TEST_STEP][PASSED] - println(symbol): null

2019-08-24 12:53:45 - [TEST_STEP][PASSED] - if (i == 2 &amp;&amp; wildList.indexOf(symbol) != -1): null

2019-08-24 12:53:45 - [TEST_STEP][PASSED] - if (i == 3 &amp;&amp; wildList.indexOf(symbol) != -1): null

2019-08-24 12:53:45 - [TEST_STEP][PASSED] - if (i == 4 &amp;&amp; wildList.indexOf(symbol) != -1): null

2019-08-24 12:53:45 - [TEST_STEP][PASSED] - symbol = symbol: null

2019-08-24 12:53:45 - [TEST_STEP][PASSED] - println(symbol): null

2019-08-24 12:53:45 - [TEST_STEP][PASSED] - if (i == 2 &amp;&amp; wildList.indexOf(symbol) != -1): null

2019-08-24 12:53:45 - [TEST_STEP][PASSED] - if (i == 3 &amp;&amp; wildList.indexOf(symbol) != -1): null

2019-08-24 12:53:45 - [TEST_STEP][PASSED] - if (i == 4 &amp;&amp; wildList.indexOf(symbol) != -1): null

2019-08-24 12:53:45 - [TEST_STEP][PASSED] - symbols = symbols: null

2019-08-24 12:53:45 - [TEST_STEP][PASSED] - for ([j = 0, j &lt; symbols.size(), (j++)]): null

2019-08-24 12:53:45 - [TEST_STEP][PASSED] - symbol = symbol: null

2019-08-24 12:53:45 - [TEST_STEP][PASSED] - println(symbol): null

2019-08-24 12:53:45 - [TEST_STEP][PASSED] - if (i == 2 &amp;&amp; wildList.indexOf(symbol) != -1): null

2019-08-24 12:53:45 - [TEST_STEP][PASSED] - if (i == 3 &amp;&amp; wildList.indexOf(symbol) != -1): null

2019-08-24 12:53:45 - [TEST_STEP][PASSED] - if (i == 4 &amp;&amp; wildList.indexOf(symbol) != -1): null

2019-08-24 12:53:45 - [TEST_STEP][PASSED] - symbol = symbol: null

2019-08-24 12:53:45 - [TEST_STEP][PASSED] - println(symbol): null

2019-08-24 12:53:45 - [TEST_STEP][PASSED] - if (i == 2 &amp;&amp; wildList.indexOf(symbol) != -1): null

2019-08-24 12:53:45 - [TEST_STEP][PASSED] - if (i == 3 &amp;&amp; wildList.indexOf(symbol) != -1): null

2019-08-24 12:53:45 - [TEST_STEP][PASSED] - if (i == 4 &amp;&amp; wildList.indexOf(symbol) != -1): null

2019-08-24 12:53:45 - [TEST_STEP][PASSED] - symbol = symbol: null

2019-08-24 12:53:45 - [TEST_STEP][PASSED] - println(symbol): null

2019-08-24 12:53:45 - [TEST_STEP][PASSED] - if (i == 2 &amp;&amp; wildList.indexOf(symbol) != -1): null

2019-08-24 12:53:45 - [TEST_STEP][PASSED] - println("wild found on reel 3, adding counter by 1"): null

2019-08-24 12:53:45 - [TEST_STEP][PASSED] - free_spin_reel_counter[0] = free_spin_reel_counter[0] + 1: null

2019-08-24 12:53:45 - [TEST_STEP][PASSED] - if (i == 3 &amp;&amp; wildList.indexOf(symbol) != -1): null

2019-08-24 12:53:45 - [TEST_STEP][PASSED] - if (i == 4 &amp;&amp; wildList.indexOf(symbol) != -1): null

2019-08-24 12:53:45 - [TEST_STEP][PASSED] - symbols = symbols: null

2019-08-24 12:53:45 - [TEST_STEP][PASSED] - for ([j = 0, j &lt; symbols.size(), (j++)]): null

2019-08-24 12:53:45 - [TEST_STEP][PASSED] - symbol = symbol: null

2019-08-24 12:53:45 - [TEST_STEP][PASSED] - println(symbol): null

2019-08-24 12:53:45 - [TEST_STEP][PASSED] - if (i == 2 &amp;&amp; wildList.indexOf(symbol) != -1): null

2019-08-24 12:53:45 - [TEST_STEP][PASSED] - if (i == 3 &amp;&amp; wildList.indexOf(symbol) != -1): null

2019-08-24 12:53:45 - [TEST_STEP][PASSED] - if (i == 4 &amp;&amp; wildList.indexOf(symbol) != -1): null

2019-08-24 12:53:45 - [TEST_STEP][PASSED] - symbol = symbol: null

2019-08-24 12:53:45 - [TEST_STEP][PASSED] - println(symbol): null

2019-08-24 12:53:45 - [TEST_STEP][PASSED] - if (i == 2 &amp;&amp; wildList.indexOf(symbol) != -1): null

2019-08-24 12:53:45 - [TEST_STEP][PASSED] - if (i == 3 &amp;&amp; wildList.indexOf(symbol) != -1): null

2019-08-24 12:53:45 - [TEST_STEP][PASSED] - if (i == 4 &amp;&amp; wildList.indexOf(symbol) != -1): null

2019-08-24 12:53:45 - [TEST_STEP][PASSED] - symbol = symbol: null

2019-08-24 12:53:45 - [TEST_STEP][PASSED] - println(symbol): null

2019-08-24 12:53:45 - [TEST_STEP][PASSED] - if (i == 2 &amp;&amp; wildList.indexOf(symbol) != -1): null

2019-08-24 12:53:45 - [TEST_STEP][PASSED] - if (i == 3 &amp;&amp; wildList.indexOf(symbol) != -1): null

2019-08-24 12:53:45 - [TEST_STEP][PASSED] - if (i == 4 &amp;&amp; wildList.indexOf(symbol) != -1): null

2019-08-24 12:53:45 - [TEST_STEP][PASSED] - symbols = symbols: null

2019-08-24 12:53:45 - [TEST_STEP][PASSED] - for ([j = 0, j &lt; symbols.size(), (j++)]): null

2019-08-24 12:53:45 - [TEST_STEP][PASSED] - symbol = symbol: null

2019-08-24 12:53:45 - [TEST_STEP][PASSED] - println(symbol): null

2019-08-24 12:53:45 - [TEST_STEP][PASSED] - if (i == 2 &amp;&amp; wildList.indexOf(symbol) != -1): null

2019-08-24 12:53:45 - [TEST_STEP][PASSED] - if (i == 3 &amp;&amp; wildList.indexOf(symbol) != -1): null

2019-08-24 12:53:45 - [TEST_STEP][PASSED] - if (i == 4 &amp;&amp; wildList.indexOf(symbol) != -1): null

2019-08-24 12:53:45 - [TEST_STEP][PASSED] - println("wild found on reel 5, adding counter by 1"): null

2019-08-24 12:53:45 - [TEST_STEP][PASSED] - free_spin_reel_counter[2] = free_spin_reel_counter[2] + 1: null

2019-08-24 12:53:45 - [TEST_STEP][PASSED] - symbol = symbol: null

2019-08-24 12:53:45 - [TEST_STEP][PASSED] - println(symbol): null

2019-08-24 12:53:45 - [TEST_STEP][PASSED] - if (i == 2 &amp;&amp; wildList.indexOf(symbol) != -1): null

2019-08-24 12:53:45 - [TEST_STEP][PASSED] - if (i == 3 &amp;&amp; wildList.indexOf(symbol) != -1): null

2019-08-24 12:53:45 - [TEST_STEP][PASSED] - if (i == 4 &amp;&amp; wildList.indexOf(symbol) != -1): null

2019-08-24 12:53:45 - [TEST_STEP][PASSED] - symbol = symbol: null

2019-08-24 12:53:45 - [TEST_STEP][PASSED] - println(symbol): null

2019-08-24 12:53:45 - [TEST_STEP][PASSED] - if (i == 2 &amp;&amp; wildList.indexOf(symbol) != -1): null

2019-08-24 12:53:45 - [TEST_STEP][PASSED] - if (i == 3 &amp;&amp; wildList.indexOf(symbol) != -1): null

2019-08-24 12:53:45 - [TEST_STEP][PASSED] - if (i == 4 &amp;&amp; wildList.indexOf(symbol) != -1): null

2019-08-24 12:53:45 - [TEST_STEP][PASSED] - free_spin_reel_counter = free_spin_reel_counter: null

2019-08-24 12:53:45 - [TEST_STEP][PASSED] - println("reel 3 wild found: " + free_spin_reel_counter[0]): null

2019-08-24 12:53:45 - [TEST_STEP][PASSED] - println("reel 4 wild found: " + free_spin_reel_counter[1]): null

2019-08-24 12:53:45 - [TEST_STEP][PASSED] - println("reel 5 wild found: " + free_spin_reel_counter[2]): null

2019-08-24 12:53:45 - [TEST_STEP][PASSED] - M4_spin_reels = M4_spin_reels: null

2019-08-24 12:53:45 - [TEST_STEP][PASSED] - M4_spin_reels_symbols = symbol: null

2019-08-24 12:53:45 - [TEST_STEP][PASSED] - M4_spin_reels_symbols = M4_spin_reels_symbols: null

2019-08-24 12:53:45 - [TEST_STEP][PASSED] - M4_spin_reel_wins = reel_wins: null

2019-08-24 12:53:45 - [TEST_STEP][PASSED] - M4_spin_reel_wins = M4_spin_reel_wins: null

2019-08-24 12:53:45 - [TEST_STEP][PASSED] - println("GlobalVariable.M4_spin_reel_wins is: " + M4_spin_reel_wins): null

2019-08-24 12:53:45 - [TEST_STEP][PASSED] - M4_spin_total_bonus_win_this_round = total_bonus_win_this_round: null

2019-08-24 12:53:45 - [TEST_STEP][PASSED] - M4_spin_total_bonus_win_this_round = M4_spin_total_bonus_win_this_round: null

2019-08-24 12:53:45 - [TEST_STEP][PASSED] - println("GlobalVariable.M4_spin_total_bonus_win_this_round is: " + M4_spin_total_bonus_win_this_round): null

2019-08-24 12:53:45 - [TEST_STEP][PASSED] - M4_spin_bonus_spin_result = spin_result: null

2019-08-24 12:53:45 - [TEST_STEP][PASSED] - M4_spin_bonus_spin_result = M4_spin_bonus_spin_result: null

2019-08-24 12:53:45 - [MESSAGE][PASSED] - Verify response successfully

2019-08-24 12:53:45 - [MESSAGE][PASSED] - Send request and verify the response successfully

2019-08-24 12:53:45 - [TEST_STEP][PASSED] - if (M4_total_bonus_spins_int != 0 &amp;&amp; M4_spin_reels_symbols[2].contains("WILD_Double") || M4_spin_reels_symbols[4].contains("WILD_Triple")): null

2019-08-24 12:53:45 - [TEST_STEP][PASSED] - free_spin_reel_counter = free_spin_reel_counter: null

2019-08-24 12:53:45 - [TEST_STEP][PASSED] - M4_spin_reels_symbols = M4_spin_reels_symbols: null

2019-08-24 12:53:45 - [TEST_STEP][PASSED] - M4_total_bonus_spins = M4_total_bonus_spins: null

2019-08-24 12:53:45 - [TEST_STEP][PASSED] - spin_result = sendRequestAndVerify(findTestObject("INT/RGS(M4)/1_M4_spin", ["M4_login_user_id":M4_login_user_id, "rgs_session_token":rgs_session_token, "partner":Partner])): Send request and verify the response successfully

2019-08-24 12:53:46 - [MESSAGE][INFO] - HAR: /Users/eiralee/Katalon_Script/SuperWild/Reports/20190824_124242/INT/superWild_4/20190824_124242/requests/main/197.har

2019-08-24 12:53:46 - [TEST_CASE][PASSED] - Start Test Case : Verification: Verification accomplished successfully

2019-08-24 12:53:46 - [TEST_STEP][PASSED] - request = getInstance().getCurrentRequest(): null

2019-08-24 12:53:46 - [TEST_STEP][PASSED] - response = getInstance().getCurrentResponse(): null

2019-08-24 12:53:46 - [TEST_STEP][PASSED] - verifyResponseStatusCode(response, 200): Verify response status code successfully

2019-08-24 12:53:46 - [MESSAGE][PASSED] - Verify response status code successfully

2019-08-24 12:53:46 - [TEST_STEP][PASSED] - getStatusCode()).isEqualTo(200): null

2019-08-24 12:53:46 - [TEST_STEP][PASSED] - newline = System.getProperty("line.separator"): null

2019-08-24 12:53:46 - [TEST_STEP][PASSED] - M4_spin = new groovy.json.JsonSlurper(): null

2019-08-24 12:53:46 - [TEST_STEP][PASSED] - result_M4_spin = M4_spin.parseText(response.getResponseBodyContent()): null

2019-08-24 12:53:46 - [TEST_STEP][PASSED] - M4_spin_current_balance = current_balance: null

2019-08-24 12:53:46 - [TEST_STEP][PASSED] - M4_spin_current_balance = M4_spin_current_balance: null

2019-08-24 12:53:46 - [TEST_STEP][PASSED] - M4_spin_transaction_id = causality: null

2019-08-24 12:53:46 - [TEST_STEP][PASSED] - M4_spin_transaction_id = M4_spin_transaction_id: null

2019-08-24 12:53:46 - [TEST_STEP][PASSED] - M4_spin_round_id = round_id: null

2019-08-24 12:53:46 - [TEST_STEP][PASSED] - M4_spin_round_id = M4_spin_round_id: null

2019-08-24 12:53:46 - [TEST_STEP][PASSED] - M4_spin_line_wins = line_wins: null

2019-08-24 12:53:46 - [TEST_STEP][PASSED] - M4_spin_line_wins = M4_spin_line_wins: null

2019-08-24 12:53:46 - [TEST_STEP][PASSED] - M4_total_bonus_spins_int = total_bonus_spins: null

2019-08-24 12:53:46 - [TEST_STEP][PASSED] - println("******M4_total_bonus_spins type is:*******" + newline + getClass().getName()): null

2019-08-24 12:53:46 - [TEST_STEP][PASSED] - M4_total_bonus_spins_int = M4_total_bonus_spins_int: null

2019-08-24 12:53:46 - [TEST_STEP][PASSED] - M4_total_bonus_spins = Integer.toString(M4_total_bonus_spins_int): null

2019-08-24 12:53:46 - [TEST_STEP][PASSED] - M4_total_bonus_spins = M4_total_bonus_spins: null

2019-08-24 12:53:46 - [TEST_STEP][PASSED] - println("M4_total_bonus_spins is:" + M4_total_bonus_spins): null

2019-08-24 12:53:46 - [TEST_STEP][PASSED] - M4_spin_bonus_data = bonus_data: null

2019-08-24 12:53:46 - [TEST_STEP][PASSED] - M4_spin_features_triggered = result_M4_spin: null

2019-08-24 12:53:46 - [TEST_STEP][PASSED] - wild = []: null

2019-08-24 12:53:46 - [TEST_STEP][PASSED] - wild[0] = "WILD_Expanding": null

2019-08-24 12:53:46 - [TEST_STEP][PASSED] - wild[1] = "WILD_Normal": null

2019-08-24 12:53:46 - [TEST_STEP][PASSED] - wild[2] = "WILD_Double": null

2019-08-24 12:53:46 - [TEST_STEP][PASSED] - wild[3] = "WILD_ExtraFG": null

2019-08-24 12:53:46 - [TEST_STEP][PASSED] - wild[4] = "WILD_Triple": null

2019-08-24 12:53:46 - [TEST_STEP][PASSED] - wildList = Arrays.asList(wild): null

2019-08-24 12:53:46 - [TEST_STEP][PASSED] - wildList = wildList: null

2019-08-24 12:53:46 - [TEST_STEP][PASSED] - free_spin_reel_counter = []: null

2019-08-24 12:53:46 - [TEST_STEP][PASSED] - free_spin_reel_counter[0] = 0: null

2019-08-24 12:53:46 - [TEST_STEP][PASSED] - free_spin_reel_counter[1] = 0: null

2019-08-24 12:53:46 - [TEST_STEP][PASSED] - free_spin_reel_counter[2] = 0: null

2019-08-24 12:53:46 - [TEST_STEP][PASSED] - M4_spin_reels = reels: null

2019-08-24 12:53:46 - [TEST_STEP][PASSED] - for ([i = 0, i &lt; M4_spin_reels.size(), (i++)]): null

2019-08-24 12:53:46 - [TEST_STEP][PASSED] - symbols = symbols: null

2019-08-24 12:53:46 - [TEST_STEP][PASSED] - for ([j = 0, j &lt; symbols.size(), (j++)]): null

2019-08-24 12:53:46 - [TEST_STEP][PASSED] - symbol = symbol: null

2019-08-24 12:53:46 - [TEST_STEP][PASSED] - println(symbol): null

2019-08-24 12:53:46 - [TEST_STEP][PASSED] - if (i == 2 &amp;&amp; wildList.indexOf(symbol) != -1): null

2019-08-24 12:53:46 - [TEST_STEP][PASSED] - if (i == 3 &amp;&amp; wildList.indexOf(symbol) != -1): null

2019-08-24 12:53:46 - [TEST_STEP][PASSED] - if (i == 4 &amp;&amp; wildList.indexOf(symbol) != -1): null

2019-08-24 12:53:46 - [TEST_STEP][PASSED] - symbol = symbol: null

2019-08-24 12:53:46 - [TEST_STEP][PASSED] - println(symbol): null

2019-08-24 12:53:46 - [TEST_STEP][PASSED] - if (i == 2 &amp;&amp; wildList.indexOf(symbol) != -1): null

2019-08-24 12:53:46 - [TEST_STEP][PASSED] - if (i == 3 &amp;&amp; wildList.indexOf(symbol) != -1): null

2019-08-24 12:53:46 - [TEST_STEP][PASSED] - if (i == 4 &amp;&amp; wildList.indexOf(symbol) != -1): null

2019-08-24 12:53:46 - [TEST_STEP][PASSED] - symbol = symbol: null

2019-08-24 12:53:46 - [TEST_STEP][PASSED] - println(symbol): null

2019-08-24 12:53:46 - [TEST_STEP][PASSED] - if (i == 2 &amp;&amp; wildList.indexOf(symbol) != -1): null

2019-08-24 12:53:46 - [TEST_STEP][PASSED] - if (i == 3 &amp;&amp; wildList.indexOf(symbol) != -1): null

2019-08-24 12:53:46 - [TEST_STEP][PASSED] - if (i == 4 &amp;&amp; wildList.indexOf(symbol) != -1): null

2019-08-24 12:53:46 - [TEST_STEP][PASSED] - symbols = symbols: null

2019-08-24 12:53:46 - [TEST_STEP][PASSED] - for ([j = 0, j &lt; symbols.size(), (j++)]): null

2019-08-24 12:53:46 - [TEST_STEP][PASSED] - symbol = symbol: null

2019-08-24 12:53:46 - [TEST_STEP][PASSED] - println(symbol): null

2019-08-24 12:53:46 - [TEST_STEP][PASSED] - if (i == 2 &amp;&amp; wildList.indexOf(symbol) != -1): null

2019-08-24 12:53:46 - [TEST_STEP][PASSED] - if (i == 3 &amp;&amp; wildList.indexOf(symbol) != -1): null

2019-08-24 12:53:46 - [TEST_STEP][PASSED] - if (i == 4 &amp;&amp; wildList.indexOf(symbol) != -1): null

2019-08-24 12:53:46 - [TEST_STEP][PASSED] - symbol = symbol: null

2019-08-24 12:53:46 - [TEST_STEP][PASSED] - println(symbol): null

2019-08-24 12:53:46 - [TEST_STEP][PASSED] - if (i == 2 &amp;&amp; wildList.indexOf(symbol) != -1): null

2019-08-24 12:53:46 - [TEST_STEP][PASSED] - if (i == 3 &amp;&amp; wildList.indexOf(symbol) != -1): null

2019-08-24 12:53:46 - [TEST_STEP][PASSED] - if (i == 4 &amp;&amp; wildList.indexOf(symbol) != -1): null

2019-08-24 12:53:46 - [TEST_STEP][PASSED] - symbol = symbol: null

2019-08-24 12:53:46 - [TEST_STEP][PASSED] - println(symbol): null

2019-08-24 12:53:46 - [TEST_STEP][PASSED] - if (i == 2 &amp;&amp; wildList.indexOf(symbol) != -1): null

2019-08-24 12:53:46 - [TEST_STEP][PASSED] - if (i == 3 &amp;&amp; wildList.indexOf(symbol) != -1): null

2019-08-24 12:53:46 - [TEST_STEP][PASSED] - if (i == 4 &amp;&amp; wildList.indexOf(symbol) != -1): null

2019-08-24 12:53:46 - [TEST_STEP][PASSED] - symbols = symbols: null

2019-08-24 12:53:46 - [TEST_STEP][PASSED] - for ([j = 0, j &lt; symbols.size(), (j++)]): null

2019-08-24 12:53:46 - [TEST_STEP][PASSED] - symbol = symbol: null

2019-08-24 12:53:46 - [TEST_STEP][PASSED] - println(symbol): null

2019-08-24 12:53:46 - [TEST_STEP][PASSED] - if (i == 2 &amp;&amp; wildList.indexOf(symbol) != -1): null

2019-08-24 12:53:46 - [TEST_STEP][PASSED] - if (i == 3 &amp;&amp; wildList.indexOf(symbol) != -1): null

2019-08-24 12:53:46 - [TEST_STEP][PASSED] - if (i == 4 &amp;&amp; wildList.indexOf(symbol) != -1): null

2019-08-24 12:53:46 - [TEST_STEP][PASSED] - symbol = symbol: null

2019-08-24 12:53:46 - [TEST_STEP][PASSED] - println(symbol): null

2019-08-24 12:53:46 - [TEST_STEP][PASSED] - if (i == 2 &amp;&amp; wildList.indexOf(symbol) != -1): null

2019-08-24 12:53:46 - [TEST_STEP][PASSED] - if (i == 3 &amp;&amp; wildList.indexOf(symbol) != -1): null

2019-08-24 12:53:46 - [TEST_STEP][PASSED] - if (i == 4 &amp;&amp; wildList.indexOf(symbol) != -1): null

2019-08-24 12:53:46 - [TEST_STEP][PASSED] - symbol = symbol: null

2019-08-24 12:53:46 - [TEST_STEP][PASSED] - println(symbol): null

2019-08-24 12:53:46 - [TEST_STEP][PASSED] - if (i == 2 &amp;&amp; wildList.indexOf(symbol) != -1): null

2019-08-24 12:53:46 - [TEST_STEP][PASSED] - if (i == 3 &amp;&amp; wildList.indexOf(symbol) != -1): null

2019-08-24 12:53:46 - [TEST_STEP][PASSED] - if (i == 4 &amp;&amp; wildList.indexOf(symbol) != -1): null

2019-08-24 12:53:46 - [TEST_STEP][PASSED] - symbols = symbols: null

2019-08-24 12:53:46 - [TEST_STEP][PASSED] - for ([j = 0, j &lt; symbols.size(), (j++)]): null

2019-08-24 12:53:46 - [TEST_STEP][PASSED] - symbol = symbol: null

2019-08-24 12:53:46 - [TEST_STEP][PASSED] - println(symbol): null

2019-08-24 12:53:46 - [TEST_STEP][PASSED] - if (i == 2 &amp;&amp; wildList.indexOf(symbol) != -1): null

2019-08-24 12:53:46 - [TEST_STEP][PASSED] - if (i == 3 &amp;&amp; wildList.indexOf(symbol) != -1): null

2019-08-24 12:53:46 - [TEST_STEP][PASSED] - if (i == 4 &amp;&amp; wildList.indexOf(symbol) != -1): null

2019-08-24 12:53:46 - [TEST_STEP][PASSED] - symbol = symbol: null

2019-08-24 12:53:46 - [TEST_STEP][PASSED] - println(symbol): null

2019-08-24 12:53:46 - [TEST_STEP][PASSED] - if (i == 2 &amp;&amp; wildList.indexOf(symbol) != -1): null

2019-08-24 12:53:46 - [TEST_STEP][PASSED] - if (i == 3 &amp;&amp; wildList.indexOf(symbol) != -1): null

2019-08-24 12:53:46 - [TEST_STEP][PASSED] - if (i == 4 &amp;&amp; wildList.indexOf(symbol) != -1): null

2019-08-24 12:53:46 - [TEST_STEP][PASSED] - symbol = symbol: null

2019-08-24 12:53:46 - [TEST_STEP][PASSED] - println(symbol): null

2019-08-24 12:53:46 - [TEST_STEP][PASSED] - if (i == 2 &amp;&amp; wildList.indexOf(symbol) != -1): null

2019-08-24 12:53:46 - [TEST_STEP][PASSED] - if (i == 3 &amp;&amp; wildList.indexOf(symbol) != -1): null

2019-08-24 12:53:46 - [TEST_STEP][PASSED] - println("wild found on reel 4, adding counter by 1"): null

2019-08-24 12:53:46 - [TEST_STEP][PASSED] - free_spin_reel_counter[1] = free_spin_reel_counter[1] + 1: null

2019-08-24 12:53:46 - [TEST_STEP][PASSED] - if (i == 4 &amp;&amp; wildList.indexOf(symbol) != -1): null

2019-08-24 12:53:46 - [TEST_STEP][PASSED] - symbols = symbols: null

2019-08-24 12:53:46 - [TEST_STEP][PASSED] - for ([j = 0, j &lt; symbols.size(), (j++)]): null

2019-08-24 12:53:46 - [TEST_STEP][PASSED] - symbol = symbol: null

2019-08-24 12:53:46 - [TEST_STEP][PASSED] - println(symbol): null

2019-08-24 12:53:46 - [TEST_STEP][PASSED] - if (i == 2 &amp;&amp; wildList.indexOf(symbol) != -1): null

2019-08-24 12:53:46 - [TEST_STEP][PASSED] - if (i == 3 &amp;&amp; wildList.indexOf(symbol) != -1): null

2019-08-24 12:53:46 - [TEST_STEP][PASSED] - if (i == 4 &amp;&amp; wildList.indexOf(symbol) != -1): null

2019-08-24 12:53:46 - [TEST_STEP][PASSED] - symbol = symbol: null

2019-08-24 12:53:46 - [TEST_STEP][PASSED] - println(symbol): null

2019-08-24 12:53:46 - [TEST_STEP][PASSED] - if (i == 2 &amp;&amp; wildList.indexOf(symbol) != -1): null

2019-08-24 12:53:46 - [TEST_STEP][PASSED] - if (i == 3 &amp;&amp; wildList.indexOf(symbol) != -1): null

2019-08-24 12:53:46 - [TEST_STEP][PASSED] - if (i == 4 &amp;&amp; wildList.indexOf(symbol) != -1): null

2019-08-24 12:53:46 - [TEST_STEP][PASSED] - symbol = symbol: null

2019-08-24 12:53:46 - [TEST_STEP][PASSED] - println(symbol): null

2019-08-24 12:53:46 - [TEST_STEP][PASSED] - if (i == 2 &amp;&amp; wildList.indexOf(symbol) != -1): null

2019-08-24 12:53:46 - [TEST_STEP][PASSED] - if (i == 3 &amp;&amp; wildList.indexOf(symbol) != -1): null

2019-08-24 12:53:46 - [TEST_STEP][PASSED] - if (i == 4 &amp;&amp; wildList.indexOf(symbol) != -1): null

2019-08-24 12:53:46 - [TEST_STEP][PASSED] - free_spin_reel_counter = free_spin_reel_counter: null

2019-08-24 12:53:46 - [TEST_STEP][PASSED] - println("reel 3 wild found: " + free_spin_reel_counter[0]): null

2019-08-24 12:53:46 - [TEST_STEP][PASSED] - println("reel 4 wild found: " + free_spin_reel_counter[1]): null

2019-08-24 12:53:46 - [TEST_STEP][PASSED] - println("reel 5 wild found: " + free_spin_reel_counter[2]): null

2019-08-24 12:53:46 - [TEST_STEP][PASSED] - M4_spin_reels = M4_spin_reels: null

2019-08-24 12:53:46 - [TEST_STEP][PASSED] - M4_spin_reels_symbols = symbol: null

2019-08-24 12:53:46 - [TEST_STEP][PASSED] - M4_spin_reels_symbols = M4_spin_reels_symbols: null

2019-08-24 12:53:46 - [TEST_STEP][PASSED] - M4_spin_reel_wins = reel_wins: null

2019-08-24 12:53:46 - [TEST_STEP][PASSED] - M4_spin_reel_wins = M4_spin_reel_wins: null

2019-08-24 12:53:46 - [TEST_STEP][PASSED] - println("GlobalVariable.M4_spin_reel_wins is: " + M4_spin_reel_wins): null

2019-08-24 12:53:46 - [TEST_STEP][PASSED] - M4_spin_total_bonus_win_this_round = total_bonus_win_this_round: null

2019-08-24 12:53:46 - [TEST_STEP][PASSED] - M4_spin_total_bonus_win_this_round = M4_spin_total_bonus_win_this_round: null

2019-08-24 12:53:46 - [TEST_STEP][PASSED] - println("GlobalVariable.M4_spin_total_bonus_win_this_round is: " + M4_spin_total_bonus_win_this_round): null

2019-08-24 12:53:46 - [TEST_STEP][PASSED] - M4_spin_bonus_spin_result = spin_result: null

2019-08-24 12:53:46 - [TEST_STEP][PASSED] - M4_spin_bonus_spin_result = M4_spin_bonus_spin_result: null

2019-08-24 12:53:46 - [MESSAGE][PASSED] - Verify response successfully

2019-08-24 12:53:46 - [MESSAGE][PASSED] - Send request and verify the response successfully

2019-08-24 12:53:46 - [TEST_STEP][PASSED] - if (M4_total_bonus_spins_int != 0 &amp;&amp; M4_spin_reels_symbols[2].contains("WILD_Double") || M4_spin_reels_symbols[4].contains("WILD_Triple")): null

2019-08-24 12:53:46 - [TEST_STEP][PASSED] - free_spin_reel_counter = free_spin_reel_counter: null

2019-08-24 12:53:46 - [TEST_STEP][PASSED] - M4_spin_reels_symbols = M4_spin_reels_symbols: null

2019-08-24 12:53:46 - [TEST_STEP][PASSED] - M4_total_bonus_spins = M4_total_bonus_spins: null

2019-08-24 12:53:46 - [TEST_STEP][PASSED] - spin_result = sendRequestAndVerify(findTestObject("INT/RGS(M4)/1_M4_spin", ["M4_login_user_id":M4_login_user_id, "rgs_session_token":rgs_session_token, "partner":Partner])): Send request and verify the response successfully

2019-08-24 12:53:46 - [MESSAGE][INFO] - HAR: /Users/eiralee/Katalon_Script/SuperWild/Reports/20190824_124242/INT/superWild_4/20190824_124242/requests/main/198.har

2019-08-24 12:53:46 - [TEST_CASE][PASSED] - Start Test Case : Verification: Verification accomplished successfully

2019-08-24 12:53:46 - [TEST_STEP][PASSED] - request = getInstance().getCurrentRequest(): null

2019-08-24 12:53:46 - [TEST_STEP][PASSED] - response = getInstance().getCurrentResponse(): null

2019-08-24 12:53:46 - [TEST_STEP][PASSED] - verifyResponseStatusCode(response, 200): Verify response status code successfully

2019-08-24 12:53:46 - [MESSAGE][PASSED] - Verify response status code successfully

2019-08-24 12:53:46 - [TEST_STEP][PASSED] - getStatusCode()).isEqualTo(200): null

2019-08-24 12:53:46 - [TEST_STEP][PASSED] - newline = System.getProperty("line.separator"): null

2019-08-24 12:53:46 - [TEST_STEP][PASSED] - M4_spin = new groovy.json.JsonSlurper(): null

2019-08-24 12:53:46 - [TEST_STEP][PASSED] - result_M4_spin = M4_spin.parseText(response.getResponseBodyContent()): null

2019-08-24 12:53:46 - [TEST_STEP][PASSED] - M4_spin_current_balance = current_balance: null

2019-08-24 12:53:46 - [TEST_STEP][PASSED] - M4_spin_current_balance = M4_spin_current_balance: null

2019-08-24 12:53:46 - [TEST_STEP][PASSED] - M4_spin_transaction_id = causality: null

2019-08-24 12:53:46 - [TEST_STEP][PASSED] - M4_spin_transaction_id = M4_spin_transaction_id: null

2019-08-24 12:53:46 - [TEST_STEP][PASSED] - M4_spin_round_id = round_id: null

2019-08-24 12:53:46 - [TEST_STEP][PASSED] - M4_spin_round_id = M4_spin_round_id: null

2019-08-24 12:53:46 - [TEST_STEP][PASSED] - M4_spin_line_wins = line_wins: null

2019-08-24 12:53:46 - [TEST_STEP][PASSED] - M4_spin_line_wins = M4_spin_line_wins: null

2019-08-24 12:53:46 - [TEST_STEP][PASSED] - M4_total_bonus_spins_int = total_bonus_spins: null

2019-08-24 12:53:46 - [TEST_STEP][PASSED] - println("******M4_total_bonus_spins type is:*******" + newline + getClass().getName()): null

2019-08-24 12:53:46 - [TEST_STEP][PASSED] - M4_total_bonus_spins_int = M4_total_bonus_spins_int: null

2019-08-24 12:53:46 - [TEST_STEP][PASSED] - M4_total_bonus_spins = Integer.toString(M4_total_bonus_spins_int): null

2019-08-24 12:53:46 - [TEST_STEP][PASSED] - M4_total_bonus_spins = M4_total_bonus_spins: null

2019-08-24 12:53:46 - [TEST_STEP][PASSED] - println("M4_total_bonus_spins is:" + M4_total_bonus_spins): null

2019-08-24 12:53:46 - [TEST_STEP][PASSED] - M4_spin_bonus_data = bonus_data: null

2019-08-24 12:53:46 - [TEST_STEP][PASSED] - M4_spin_features_triggered = result_M4_spin: null

2019-08-24 12:53:46 - [TEST_STEP][PASSED] - wild = []: null

2019-08-24 12:53:46 - [TEST_STEP][PASSED] - wild[0] = "WILD_Expanding": null

2019-08-24 12:53:46 - [TEST_STEP][PASSED] - wild[1] = "WILD_Normal": null

2019-08-24 12:53:46 - [TEST_STEP][PASSED] - wild[2] = "WILD_Double": null

2019-08-24 12:53:46 - [TEST_STEP][PASSED] - wild[3] = "WILD_ExtraFG": null

2019-08-24 12:53:46 - [TEST_STEP][PASSED] - wild[4] = "WILD_Triple": null

2019-08-24 12:53:46 - [TEST_STEP][PASSED] - wildList = Arrays.asList(wild): null

2019-08-24 12:53:46 - [TEST_STEP][PASSED] - wildList = wildList: null

2019-08-24 12:53:46 - [TEST_STEP][PASSED] - free_spin_reel_counter = []: null

2019-08-24 12:53:46 - [TEST_STEP][PASSED] - free_spin_reel_counter[0] = 0: null

2019-08-24 12:53:46 - [TEST_STEP][PASSED] - free_spin_reel_counter[1] = 0: null

2019-08-24 12:53:46 - [TEST_STEP][PASSED] - free_spin_reel_counter[2] = 0: null

2019-08-24 12:53:46 - [TEST_STEP][PASSED] - M4_spin_reels = reels: null

2019-08-24 12:53:46 - [TEST_STEP][PASSED] - for ([i = 0, i &lt; M4_spin_reels.size(), (i++)]): null

2019-08-24 12:53:46 - [TEST_STEP][PASSED] - symbols = symbols: null

2019-08-24 12:53:46 - [TEST_STEP][PASSED] - for ([j = 0, j &lt; symbols.size(), (j++)]): null

2019-08-24 12:53:46 - [TEST_STEP][PASSED] - symbol = symbol: null

2019-08-24 12:53:46 - [TEST_STEP][PASSED] - println(symbol): null

2019-08-24 12:53:46 - [TEST_STEP][PASSED] - if (i == 2 &amp;&amp; wildList.indexOf(symbol) != -1): null

2019-08-24 12:53:46 - [TEST_STEP][PASSED] - if (i == 3 &amp;&amp; wildList.indexOf(symbol) != -1): null

2019-08-24 12:53:46 - [TEST_STEP][PASSED] - if (i == 4 &amp;&amp; wildList.indexOf(symbol) != -1): null

2019-08-24 12:53:46 - [TEST_STEP][PASSED] - symbol = symbol: null

2019-08-24 12:53:46 - [TEST_STEP][PASSED] - println(symbol): null

2019-08-24 12:53:46 - [TEST_STEP][PASSED] - if (i == 2 &amp;&amp; wildList.indexOf(symbol) != -1): null

2019-08-24 12:53:46 - [TEST_STEP][PASSED] - if (i == 3 &amp;&amp; wildList.indexOf(symbol) != -1): null

2019-08-24 12:53:46 - [TEST_STEP][PASSED] - if (i == 4 &amp;&amp; wildList.indexOf(symbol) != -1): null

2019-08-24 12:53:46 - [TEST_STEP][PASSED] - symbol = symbol: null

2019-08-24 12:53:46 - [TEST_STEP][PASSED] - println(symbol): null

2019-08-24 12:53:46 - [TEST_STEP][PASSED] - if (i == 2 &amp;&amp; wildList.indexOf(symbol) != -1): null

2019-08-24 12:53:46 - [TEST_STEP][PASSED] - if (i == 3 &amp;&amp; wildList.indexOf(symbol) != -1): null

2019-08-24 12:53:46 - [TEST_STEP][PASSED] - if (i == 4 &amp;&amp; wildList.indexOf(symbol) != -1): null

2019-08-24 12:53:46 - [TEST_STEP][PASSED] - symbols = symbols: null

2019-08-24 12:53:46 - [TEST_STEP][PASSED] - for ([j = 0, j &lt; symbols.size(), (j++)]): null

2019-08-24 12:53:46 - [TEST_STEP][PASSED] - symbol = symbol: null

2019-08-24 12:53:46 - [TEST_STEP][PASSED] - println(symbol): null

2019-08-24 12:53:46 - [TEST_STEP][PASSED] - if (i == 2 &amp;&amp; wildList.indexOf(symbol) != -1): null

2019-08-24 12:53:46 - [TEST_STEP][PASSED] - if (i == 3 &amp;&amp; wildList.indexOf(symbol) != -1): null

2019-08-24 12:53:46 - [TEST_STEP][PASSED] - if (i == 4 &amp;&amp; wildList.indexOf(symbol) != -1): null

2019-08-24 12:53:46 - [TEST_STEP][PASSED] - symbol = symbol: null

2019-08-24 12:53:46 - [TEST_STEP][PASSED] - println(symbol): null

2019-08-24 12:53:46 - [TEST_STEP][PASSED] - if (i == 2 &amp;&amp; wildList.indexOf(symbol) != -1): null

2019-08-24 12:53:46 - [TEST_STEP][PASSED] - if (i == 3 &amp;&amp; wildList.indexOf(symbol) != -1): null

2019-08-24 12:53:46 - [TEST_STEP][PASSED] - if (i == 4 &amp;&amp; wildList.indexOf(symbol) != -1): null

2019-08-24 12:53:46 - [TEST_STEP][PASSED] - symbol = symbol: null

2019-08-24 12:53:46 - [TEST_STEP][PASSED] - println(symbol): null

2019-08-24 12:53:46 - [TEST_STEP][PASSED] - if (i == 2 &amp;&amp; wildList.indexOf(symbol) != -1): null

2019-08-24 12:53:46 - [TEST_STEP][PASSED] - if (i == 3 &amp;&amp; wildList.indexOf(symbol) != -1): null

2019-08-24 12:53:46 - [TEST_STEP][PASSED] - if (i == 4 &amp;&amp; wildList.indexOf(symbol) != -1): null

2019-08-24 12:53:46 - [TEST_STEP][PASSED] - symbols = symbols: null

2019-08-24 12:53:46 - [TEST_STEP][PASSED] - for ([j = 0, j &lt; symbols.size(), (j++)]): null

2019-08-24 12:53:46 - [TEST_STEP][PASSED] - symbol = symbol: null

2019-08-24 12:53:46 - [TEST_STEP][PASSED] - println(symbol): null

2019-08-24 12:53:46 - [TEST_STEP][PASSED] - if (i == 2 &amp;&amp; wildList.indexOf(symbol) != -1): null

2019-08-24 12:53:46 - [TEST_STEP][PASSED] - if (i == 3 &amp;&amp; wildList.indexOf(symbol) != -1): null

2019-08-24 12:53:46 - [TEST_STEP][PASSED] - if (i == 4 &amp;&amp; wildList.indexOf(symbol) != -1): null

2019-08-24 12:53:46 - [TEST_STEP][PASSED] - symbol = symbol: null

2019-08-24 12:53:46 - [TEST_STEP][PASSED] - println(symbol): null

2019-08-24 12:53:46 - [TEST_STEP][PASSED] - if (i == 2 &amp;&amp; wildList.indexOf(symbol) != -1): null

2019-08-24 12:53:46 - [TEST_STEP][PASSED] - if (i == 3 &amp;&amp; wildList.indexOf(symbol) != -1): null

2019-08-24 12:53:46 - [TEST_STEP][PASSED] - if (i == 4 &amp;&amp; wildList.indexOf(symbol) != -1): null

2019-08-24 12:53:46 - [TEST_STEP][PASSED] - symbol = symbol: null

2019-08-24 12:53:46 - [TEST_STEP][PASSED] - println(symbol): null

2019-08-24 12:53:46 - [TEST_STEP][PASSED] - if (i == 2 &amp;&amp; wildList.indexOf(symbol) != -1): null

2019-08-24 12:53:46 - [TEST_STEP][PASSED] - println("wild found on reel 3, adding counter by 1"): null

2019-08-24 12:53:46 - [TEST_STEP][PASSED] - free_spin_reel_counter[0] = free_spin_reel_counter[0] + 1: null

2019-08-24 12:53:46 - [TEST_STEP][PASSED] - if (i == 3 &amp;&amp; wildList.indexOf(symbol) != -1): null

2019-08-24 12:53:46 - [TEST_STEP][PASSED] - if (i == 4 &amp;&amp; wildList.indexOf(symbol) != -1): null

2019-08-24 12:53:52 - [TEST_STEP][PASSED] - symbols = symbols: null

2019-08-24 12:53:52 - [TEST_STEP][PASSED] - for ([j = 0, j &lt; symbols.size(), (j++)]): null

2019-08-24 12:53:52 - [TEST_STEP][PASSED] - symbol = symbol: null

2019-08-24 12:53:52 - [TEST_STEP][PASSED] - println(symbol): null

2019-08-24 12:53:52 - [TEST_STEP][PASSED] - if (i == 2 &amp;&amp; wildList.indexOf(symbol) != -1): null

2019-08-24 12:53:52 - [TEST_STEP][PASSED] - if (i == 3 &amp;&amp; wildList.indexOf(symbol) != -1): null

2019-08-24 12:53:52 - [TEST_STEP][PASSED] - if (i == 4 &amp;&amp; wildList.indexOf(symbol) != -1): null

2019-08-24 12:53:52 - [TEST_STEP][PASSED] - symbol = symbol: null

2019-08-24 12:53:52 - [TEST_STEP][PASSED] - println(symbol): null

2019-08-24 12:53:52 - [TEST_STEP][PASSED] - if (i == 2 &amp;&amp; wildList.indexOf(symbol) != -1): null

2019-08-24 12:53:52 - [TEST_STEP][PASSED] - if (i == 3 &amp;&amp; wildList.indexOf(symbol) != -1): null

2019-08-24 12:53:52 - [TEST_STEP][PASSED] - if (i == 4 &amp;&amp; wildList.indexOf(symbol) != -1): null

2019-08-24 12:53:52 - [TEST_STEP][PASSED] - symbol = symbol: null

2019-08-24 12:53:52 - [TEST_STEP][PASSED] - println(symbol): null

2019-08-24 12:53:52 - [TEST_STEP][PASSED] - if (i == 2 &amp;&amp; wildList.indexOf(symbol) != -1): null

2019-08-24 12:53:52 - [TEST_STEP][PASSED] - if (i == 3 &amp;&amp; wildList.indexOf(symbol) != -1): null

2019-08-24 12:53:52 - [TEST_STEP][PASSED] - if (i == 4 &amp;&amp; wildList.indexOf(symbol) != -1): null

2019-08-24 12:53:52 - [TEST_STEP][PASSED] - symbols = symbols: null

2019-08-24 12:53:52 - [TEST_STEP][PASSED] - for ([j = 0, j &lt; symbols.size(), (j++)]): null

2019-08-24 12:53:52 - [TEST_STEP][PASSED] - symbol = symbol: null

2019-08-24 12:53:52 - [TEST_STEP][PASSED] - println(symbol): null

2019-08-24 12:53:52 - [TEST_STEP][PASSED] - if (i == 2 &amp;&amp; wildList.indexOf(symbol) != -1): null

2019-08-24 12:53:52 - [TEST_STEP][PASSED] - if (i == 3 &amp;&amp; wildList.indexOf(symbol) != -1): null

2019-08-24 12:53:52 - [TEST_STEP][PASSED] - if (i == 4 &amp;&amp; wildList.indexOf(symbol) != -1): null

2019-08-24 12:53:52 - [TEST_STEP][PASSED] - symbol = symbol: null

2019-08-24 12:53:52 - [TEST_STEP][PASSED] - println(symbol): null

2019-08-24 12:53:52 - [TEST_STEP][PASSED] - if (i == 2 &amp;&amp; wildList.indexOf(symbol) != -1): null

2019-08-24 12:53:52 - [TEST_STEP][PASSED] - if (i == 3 &amp;&amp; wildList.indexOf(symbol) != -1): null

2019-08-24 12:53:52 - [TEST_STEP][PASSED] - if (i == 4 &amp;&amp; wildList.indexOf(symbol) != -1): null

2019-08-24 12:53:52 - [TEST_STEP][PASSED] - symbol = symbol: null

2019-08-24 12:53:52 - [TEST_STEP][PASSED] - println(symbol): null

2019-08-24 12:53:52 - [TEST_STEP][PASSED] - if (i == 2 &amp;&amp; wildList.indexOf(symbol) != -1): null

2019-08-24 12:53:52 - [TEST_STEP][PASSED] - if (i == 3 &amp;&amp; wildList.indexOf(symbol) != -1): null

2019-08-24 12:53:52 - [TEST_STEP][PASSED] - if (i == 4 &amp;&amp; wildList.indexOf(symbol) != -1): null

2019-08-24 12:53:52 - [TEST_STEP][PASSED] - free_spin_reel_counter = free_spin_reel_counter: null

2019-08-24 12:53:52 - [TEST_STEP][PASSED] - println("reel 3 wild found: " + free_spin_reel_counter[0]): null

2019-08-24 12:53:52 - [TEST_STEP][PASSED] - println("reel 4 wild found: " + free_spin_reel_counter[1]): null

2019-08-24 12:53:52 - [TEST_STEP][PASSED] - println("reel 5 wild found: " + free_spin_reel_counter[2]): null

2019-08-24 12:53:52 - [TEST_STEP][PASSED] - M4_spin_reels = M4_spin_reels: null

2019-08-24 12:53:52 - [TEST_STEP][PASSED] - M4_spin_reels_symbols = symbol: null

2019-08-24 12:53:52 - [TEST_STEP][PASSED] - M4_spin_reels_symbols = M4_spin_reels_symbols: null

2019-08-24 12:53:52 - [TEST_STEP][PASSED] - M4_spin_reel_wins = reel_wins: null

2019-08-24 12:53:52 - [TEST_STEP][PASSED] - M4_spin_reel_wins = M4_spin_reel_wins: null

2019-08-24 12:53:52 - [TEST_STEP][PASSED] - println("GlobalVariable.M4_spin_reel_wins is: " + M4_spin_reel_wins): null

2019-08-24 12:53:52 - [TEST_STEP][PASSED] - M4_spin_total_bonus_win_this_round = total_bonus_win_this_round: null

2019-08-24 12:53:52 - [TEST_STEP][PASSED] - M4_spin_total_bonus_win_this_round = M4_spin_total_bonus_win_this_round: null

2019-08-24 12:53:52 - [TEST_STEP][PASSED] - println("GlobalVariable.M4_spin_total_bonus_win_this_round is: " + M4_spin_total_bonus_win_this_round): null

2019-08-24 12:53:52 - [TEST_STEP][PASSED] - M4_spin_bonus_spin_result = spin_result: null

2019-08-24 12:53:52 - [TEST_STEP][PASSED] - M4_spin_bonus_spin_result = M4_spin_bonus_spin_result: null

2019-08-24 12:53:52 - [MESSAGE][PASSED] - Verify response successfully

2019-08-24 12:53:52 - [MESSAGE][PASSED] - Send request and verify the response successfully

2019-08-24 12:53:52 - [TEST_STEP][PASSED] - if (M4_total_bonus_spins_int != 0 &amp;&amp; M4_spin_reels_symbols[2].contains("WILD_Double") || M4_spin_reels_symbols[4].contains("WILD_Triple")): null

2019-08-24 12:53:52 - [TEST_STEP][PASSED] - free_spin_reel_counter = free_spin_reel_counter: null

2019-08-24 12:53:52 - [TEST_STEP][PASSED] - M4_spin_reels_symbols = M4_spin_reels_symbols: null

2019-08-24 12:53:52 - [TEST_STEP][PASSED] - M4_total_bonus_spins = M4_total_bonus_spins: null

2019-08-24 12:53:52 - [TEST_STEP][PASSED] - spin_result = sendRequestAndVerify(findTestObject("INT/RGS(M4)/1_M4_spin", ["M4_login_user_id":M4_login_user_id, "rgs_session_token":rgs_session_token, "partner":Partner])): Send request and verify the response successfully

2019-08-24 12:53:52 - [MESSAGE][INFO] - HAR: /Users/eiralee/Katalon_Script/SuperWild/Reports/20190824_124242/INT/superWild_4/20190824_124242/requests/main/199.har

2019-08-24 12:53:52 - [TEST_CASE][PASSED] - Start Test Case : Verification: Verification accomplished successfully

2019-08-24 12:53:52 - [TEST_STEP][PASSED] - request = getInstance().getCurrentRequest(): null

2019-08-24 12:53:52 - [TEST_STEP][PASSED] - response = getInstance().getCurrentResponse(): null

2019-08-24 12:53:52 - [TEST_STEP][PASSED] - verifyResponseStatusCode(response, 200): Verify response status code successfully

2019-08-24 12:53:52 - [MESSAGE][PASSED] - Verify response status code successfully

2019-08-24 12:53:52 - [TEST_STEP][PASSED] - getStatusCode()).isEqualTo(200): null

2019-08-24 12:53:52 - [TEST_STEP][PASSED] - newline = System.getProperty("line.separator"): null

2019-08-24 12:53:52 - [TEST_STEP][PASSED] - M4_spin = new groovy.json.JsonSlurper(): null

2019-08-24 12:53:52 - [TEST_STEP][PASSED] - result_M4_spin = M4_spin.parseText(response.getResponseBodyContent()): null

2019-08-24 12:53:52 - [TEST_STEP][PASSED] - M4_spin_current_balance = current_balance: null

2019-08-24 12:53:52 - [TEST_STEP][PASSED] - M4_spin_current_balance = M4_spin_current_balance: null

2019-08-24 12:53:52 - [TEST_STEP][PASSED] - M4_spin_transaction_id = causality: null

2019-08-24 12:53:52 - [TEST_STEP][PASSED] - M4_spin_transaction_id = M4_spin_transaction_id: null

2019-08-24 12:53:52 - [TEST_STEP][PASSED] - M4_spin_round_id = round_id: null

2019-08-24 12:53:52 - [TEST_STEP][PASSED] - M4_spin_round_id = M4_spin_round_id: null

2019-08-24 12:53:52 - [TEST_STEP][PASSED] - M4_spin_line_wins = line_wins: null

2019-08-24 12:53:52 - [TEST_STEP][PASSED] - M4_spin_line_wins = M4_spin_line_wins: null

2019-08-24 12:53:52 - [TEST_STEP][PASSED] - M4_total_bonus_spins_int = total_bonus_spins: null

2019-08-24 12:53:52 - [TEST_STEP][PASSED] - println("******M4_total_bonus_spins type is:*******" + newline + getClass().getName()): null

2019-08-24 12:53:52 - [TEST_STEP][PASSED] - M4_total_bonus_spins_int = M4_total_bonus_spins_int: null

2019-08-24 12:53:52 - [TEST_STEP][PASSED] - M4_total_bonus_spins = Integer.toString(M4_total_bonus_spins_int): null

2019-08-24 12:53:52 - [TEST_STEP][PASSED] - M4_total_bonus_spins = M4_total_bonus_spins: null

2019-08-24 12:53:52 - [TEST_STEP][PASSED] - println("M4_total_bonus_spins is:" + M4_total_bonus_spins): null

2019-08-24 12:53:52 - [TEST_STEP][PASSED] - M4_spin_bonus_data = bonus_data: null

2019-08-24 12:53:52 - [TEST_STEP][PASSED] - M4_spin_features_triggered = result_M4_spin: null

2019-08-24 12:53:52 - [TEST_STEP][PASSED] - wild = []: null

2019-08-24 12:53:52 - [TEST_STEP][PASSED] - wild[0] = "WILD_Expanding": null

2019-08-24 12:53:52 - [TEST_STEP][PASSED] - wild[1] = "WILD_Normal": null

2019-08-24 12:53:52 - [TEST_STEP][PASSED] - wild[2] = "WILD_Double": null

2019-08-24 12:53:52 - [TEST_STEP][PASSED] - wild[3] = "WILD_ExtraFG": null

2019-08-24 12:53:52 - [TEST_STEP][PASSED] - wild[4] = "WILD_Triple": null

2019-08-24 12:53:52 - [TEST_STEP][PASSED] - wildList = Arrays.asList(wild): null

2019-08-24 12:53:52 - [TEST_STEP][PASSED] - wildList = wildList: null

2019-08-24 12:53:52 - [TEST_STEP][PASSED] - free_spin_reel_counter = []: null

2019-08-24 12:53:52 - [TEST_STEP][PASSED] - free_spin_reel_counter[0] = 0: null

2019-08-24 12:53:52 - [TEST_STEP][PASSED] - free_spin_reel_counter[1] = 0: null

2019-08-24 12:53:52 - [TEST_STEP][PASSED] - free_spin_reel_counter[2] = 0: null

2019-08-24 12:53:52 - [TEST_STEP][PASSED] - M4_spin_reels = reels: null

2019-08-24 12:53:52 - [TEST_STEP][PASSED] - for ([i = 0, i &lt; M4_spin_reels.size(), (i++)]): null

2019-08-24 12:53:52 - [TEST_STEP][PASSED] - symbols = symbols: null

2019-08-24 12:53:52 - [TEST_STEP][PASSED] - for ([j = 0, j &lt; symbols.size(), (j++)]): null

2019-08-24 12:53:52 - [TEST_STEP][PASSED] - symbol = symbol: null

2019-08-24 12:53:52 - [TEST_STEP][PASSED] - println(symbol): null

2019-08-24 12:53:52 - [TEST_STEP][PASSED] - if (i == 2 &amp;&amp; wildList.indexOf(symbol) != -1): null

2019-08-24 12:53:52 - [TEST_STEP][PASSED] - if (i == 3 &amp;&amp; wildList.indexOf(symbol) != -1): null

2019-08-24 12:53:52 - [TEST_STEP][PASSED] - if (i == 4 &amp;&amp; wildList.indexOf(symbol) != -1): null

2019-08-24 12:53:52 - [TEST_STEP][PASSED] - symbol = symbol: null

2019-08-24 12:53:52 - [TEST_STEP][PASSED] - println(symbol): null

2019-08-24 12:53:52 - [TEST_STEP][PASSED] - if (i == 2 &amp;&amp; wildList.indexOf(symbol) != -1): null

2019-08-24 12:53:52 - [TEST_STEP][PASSED] - if (i == 3 &amp;&amp; wildList.indexOf(symbol) != -1): null

2019-08-24 12:53:52 - [TEST_STEP][PASSED] - if (i == 4 &amp;&amp; wildList.indexOf(symbol) != -1): null

2019-08-24 12:53:52 - [TEST_STEP][PASSED] - symbol = symbol: null

2019-08-24 12:53:52 - [TEST_STEP][PASSED] - println(symbol): null

2019-08-24 12:53:52 - [TEST_STEP][PASSED] - if (i == 2 &amp;&amp; wildList.indexOf(symbol) != -1): null

2019-08-24 12:53:52 - [TEST_STEP][PASSED] - if (i == 3 &amp;&amp; wildList.indexOf(symbol) != -1): null

2019-08-24 12:53:52 - [TEST_STEP][PASSED] - if (i == 4 &amp;&amp; wildList.indexOf(symbol) != -1): null

2019-08-24 12:53:52 - [TEST_STEP][PASSED] - symbols = symbols: null

2019-08-24 12:53:52 - [TEST_STEP][PASSED] - for ([j = 0, j &lt; symbols.size(), (j++)]): null

2019-08-24 12:53:52 - [TEST_STEP][PASSED] - symbol = symbol: null

2019-08-24 12:53:52 - [TEST_STEP][PASSED] - println(symbol): null

2019-08-24 12:53:52 - [TEST_STEP][PASSED] - if (i == 2 &amp;&amp; wildList.indexOf(symbol) != -1): null

2019-08-24 12:53:52 - [TEST_STEP][PASSED] - if (i == 3 &amp;&amp; wildList.indexOf(symbol) != -1): null

2019-08-24 12:53:52 - [TEST_STEP][PASSED] - if (i == 4 &amp;&amp; wildList.indexOf(symbol) != -1): null

2019-08-24 12:53:52 - [TEST_STEP][PASSED] - symbol = symbol: null

2019-08-24 12:53:52 - [TEST_STEP][PASSED] - println(symbol): null

2019-08-24 12:53:52 - [TEST_STEP][PASSED] - if (i == 2 &amp;&amp; wildList.indexOf(symbol) != -1): null

2019-08-24 12:53:52 - [TEST_STEP][PASSED] - if (i == 3 &amp;&amp; wildList.indexOf(symbol) != -1): null

2019-08-24 12:53:52 - [TEST_STEP][PASSED] - if (i == 4 &amp;&amp; wildList.indexOf(symbol) != -1): null

2019-08-24 12:53:52 - [TEST_STEP][PASSED] - symbol = symbol: null

2019-08-24 12:53:52 - [TEST_STEP][PASSED] - println(symbol): null

2019-08-24 12:53:52 - [TEST_STEP][PASSED] - if (i == 2 &amp;&amp; wildList.indexOf(symbol) != -1): null

2019-08-24 12:53:52 - [TEST_STEP][PASSED] - if (i == 3 &amp;&amp; wildList.indexOf(symbol) != -1): null

2019-08-24 12:53:52 - [TEST_STEP][PASSED] - if (i == 4 &amp;&amp; wildList.indexOf(symbol) != -1): null

2019-08-24 12:53:52 - [TEST_STEP][PASSED] - symbols = symbols: null

2019-08-24 12:53:52 - [TEST_STEP][PASSED] - for ([j = 0, j &lt; symbols.size(), (j++)]): null

2019-08-24 12:53:52 - [TEST_STEP][PASSED] - symbol = symbol: null

2019-08-24 12:53:52 - [TEST_STEP][PASSED] - println(symbol): null

2019-08-24 12:53:52 - [TEST_STEP][PASSED] - if (i == 2 &amp;&amp; wildList.indexOf(symbol) != -1): null

2019-08-24 12:53:52 - [TEST_STEP][PASSED] - if (i == 3 &amp;&amp; wildList.indexOf(symbol) != -1): null

2019-08-24 12:53:52 - [TEST_STEP][PASSED] - if (i == 4 &amp;&amp; wildList.indexOf(symbol) != -1): null

2019-08-24 12:53:52 - [TEST_STEP][PASSED] - symbol = symbol: null

2019-08-24 12:53:52 - [TEST_STEP][PASSED] - println(symbol): null

2019-08-24 12:53:52 - [TEST_STEP][PASSED] - if (i == 2 &amp;&amp; wildList.indexOf(symbol) != -1): null

2019-08-24 12:53:52 - [TEST_STEP][PASSED] - if (i == 3 &amp;&amp; wildList.indexOf(symbol) != -1): null

2019-08-24 12:53:52 - [TEST_STEP][PASSED] - if (i == 4 &amp;&amp; wildList.indexOf(symbol) != -1): null

2019-08-24 12:53:52 - [TEST_STEP][PASSED] - symbol = symbol: null

2019-08-24 12:53:52 - [TEST_STEP][PASSED] - println(symbol): null

2019-08-24 12:53:52 - [TEST_STEP][PASSED] - if (i == 2 &amp;&amp; wildList.indexOf(symbol) != -1): null

2019-08-24 12:53:52 - [TEST_STEP][PASSED] - if (i == 3 &amp;&amp; wildList.indexOf(symbol) != -1): null

2019-08-24 12:53:52 - [TEST_STEP][PASSED] - if (i == 4 &amp;&amp; wildList.indexOf(symbol) != -1): null

2019-08-24 12:53:52 - [TEST_STEP][PASSED] - symbols = symbols: null

2019-08-24 12:53:52 - [TEST_STEP][PASSED] - for ([j = 0, j &lt; symbols.size(), (j++)]): null

2019-08-24 12:53:52 - [TEST_STEP][PASSED] - symbol = symbol: null

2019-08-24 12:53:52 - [TEST_STEP][PASSED] - println(symbol): null

2019-08-24 12:53:52 - [TEST_STEP][PASSED] - if (i == 2 &amp;&amp; wildList.indexOf(symbol) != -1): null

2019-08-24 12:53:52 - [TEST_STEP][PASSED] - if (i == 3 &amp;&amp; wildList.indexOf(symbol) != -1): null

2019-08-24 12:53:52 - [TEST_STEP][PASSED] - if (i == 4 &amp;&amp; wildList.indexOf(symbol) != -1): null

2019-08-24 12:53:52 - [TEST_STEP][PASSED] - symbol = symbol: null

2019-08-24 12:53:52 - [TEST_STEP][PASSED] - println(symbol): null

2019-08-24 12:53:52 - [TEST_STEP][PASSED] - if (i == 2 &amp;&amp; wildList.indexOf(symbol) != -1): null

2019-08-24 12:53:52 - [TEST_STEP][PASSED] - if (i == 3 &amp;&amp; wildList.indexOf(symbol) != -1): null

2019-08-24 12:53:52 - [TEST_STEP][PASSED] - if (i == 4 &amp;&amp; wildList.indexOf(symbol) != -1): null

2019-08-24 12:53:52 - [TEST_STEP][PASSED] - symbol = symbol: null

2019-08-24 12:53:52 - [TEST_STEP][PASSED] - println(symbol): null

2019-08-24 12:53:52 - [TEST_STEP][PASSED] - if (i == 2 &amp;&amp; wildList.indexOf(symbol) != -1): null

2019-08-24 12:53:52 - [TEST_STEP][PASSED] - if (i == 3 &amp;&amp; wildList.indexOf(symbol) != -1): null

2019-08-24 12:53:52 - [TEST_STEP][PASSED] - println("wild found on reel 4, adding counter by 1"): null

2019-08-24 12:53:52 - [TEST_STEP][PASSED] - free_spin_reel_counter[1] = free_spin_reel_counter[1] + 1: null

2019-08-24 12:53:52 - [TEST_STEP][PASSED] - if (i == 4 &amp;&amp; wildList.indexOf(symbol) != -1): null

2019-08-24 12:53:52 - [TEST_STEP][PASSED] - symbols = symbols: null

2019-08-24 12:53:52 - [TEST_STEP][PASSED] - for ([j = 0, j &lt; symbols.size(), (j++)]): null

2019-08-24 12:53:52 - [TEST_STEP][PASSED] - symbol = symbol: null

2019-08-24 12:53:52 - [TEST_STEP][PASSED] - println(symbol): null

2019-08-24 12:53:52 - [TEST_STEP][PASSED] - if (i == 2 &amp;&amp; wildList.indexOf(symbol) != -1): null

2019-08-24 12:53:52 - [TEST_STEP][PASSED] - if (i == 3 &amp;&amp; wildList.indexOf(symbol) != -1): null

2019-08-24 12:53:52 - [TEST_STEP][PASSED] - if (i == 4 &amp;&amp; wildList.indexOf(symbol) != -1): null

2019-08-24 12:53:52 - [TEST_STEP][PASSED] - symbol = symbol: null

2019-08-24 12:53:52 - [TEST_STEP][PASSED] - println(symbol): null

2019-08-24 12:53:52 - [TEST_STEP][PASSED] - if (i == 2 &amp;&amp; wildList.indexOf(symbol) != -1): null

2019-08-24 12:53:52 - [TEST_STEP][PASSED] - if (i == 3 &amp;&amp; wildList.indexOf(symbol) != -1): null

2019-08-24 12:53:52 - [TEST_STEP][PASSED] - if (i == 4 &amp;&amp; wildList.indexOf(symbol) != -1): null

2019-08-24 12:53:52 - [TEST_STEP][PASSED] - symbol = symbol: null

2019-08-24 12:53:52 - [TEST_STEP][PASSED] - println(symbol): null

2019-08-24 12:53:52 - [TEST_STEP][PASSED] - if (i == 2 &amp;&amp; wildList.indexOf(symbol) != -1): null

2019-08-24 12:53:52 - [TEST_STEP][PASSED] - if (i == 3 &amp;&amp; wildList.indexOf(symbol) != -1): null

2019-08-24 12:53:52 - [TEST_STEP][PASSED] - if (i == 4 &amp;&amp; wildList.indexOf(symbol) != -1): null

2019-08-24 12:53:52 - [TEST_STEP][PASSED] - free_spin_reel_counter = free_spin_reel_counter: null

2019-08-24 12:53:52 - [TEST_STEP][PASSED] - println("reel 3 wild found: " + free_spin_reel_counter[0]): null

2019-08-24 12:53:52 - [TEST_STEP][PASSED] - println("reel 4 wild found: " + free_spin_reel_counter[1]): null

2019-08-24 12:53:52 - [TEST_STEP][PASSED] - println("reel 5 wild found: " + free_spin_reel_counter[2]): null

2019-08-24 12:53:52 - [TEST_STEP][PASSED] - M4_spin_reels = M4_spin_reels: null

2019-08-24 12:53:52 - [TEST_STEP][PASSED] - M4_spin_reels_symbols = symbol: null

2019-08-24 12:53:52 - [TEST_STEP][PASSED] - M4_spin_reels_symbols = M4_spin_reels_symbols: null

2019-08-24 12:53:52 - [TEST_STEP][PASSED] - M4_spin_reel_wins = reel_wins: null

2019-08-24 12:53:52 - [TEST_STEP][PASSED] - M4_spin_reel_wins = M4_spin_reel_wins: null

2019-08-24 12:53:52 - [TEST_STEP][PASSED] - println("GlobalVariable.M4_spin_reel_wins is: " + M4_spin_reel_wins): null

2019-08-24 12:53:52 - [TEST_STEP][PASSED] - M4_spin_total_bonus_win_this_round = total_bonus_win_this_round: null

2019-08-24 12:53:52 - [TEST_STEP][PASSED] - M4_spin_total_bonus_win_this_round = M4_spin_total_bonus_win_this_round: null

2019-08-24 12:53:52 - [TEST_STEP][PASSED] - println("GlobalVariable.M4_spin_total_bonus_win_this_round is: " + M4_spin_total_bonus_win_this_round): null

2019-08-24 12:53:52 - [TEST_STEP][PASSED] - M4_spin_bonus_spin_result = spin_result: null

2019-08-24 12:53:52 - [TEST_STEP][PASSED] - M4_spin_bonus_spin_result = M4_spin_bonus_spin_result: null

2019-08-24 12:53:52 - [MESSAGE][PASSED] - Verify response successfully

2019-08-24 12:53:52 - [MESSAGE][PASSED] - Send request and verify the response successfully

2019-08-24 12:53:52 - [TEST_STEP][PASSED] - if (M4_total_bonus_spins_int != 0 &amp;&amp; M4_spin_reels_symbols[2].contains("WILD_Double") || M4_spin_reels_symbols[4].contains("WILD_Triple")): null

2019-08-24 12:53:52 - [TEST_STEP][PASSED] - free_spin_reel_counter = free_spin_reel_counter: null

2019-08-24 12:53:52 - [TEST_STEP][PASSED] - M4_spin_reels_symbols = M4_spin_reels_symbols: null

2019-08-24 12:53:52 - [TEST_STEP][PASSED] - M4_total_bonus_spins = M4_total_bonus_spins: null

2019-08-24 12:53:52 - [TEST_STEP][PASSED] - spin_result = sendRequestAndVerify(findTestObject("INT/RGS(M4)/1_M4_spin", ["M4_login_user_id":M4_login_user_id, "rgs_session_token":rgs_session_token, "partner":Partner])): Send request and verify the response successfully

2019-08-24 12:53:52 - [MESSAGE][INFO] - HAR: /Users/eiralee/Katalon_Script/SuperWild/Reports/20190824_124242/INT/superWild_4/20190824_124242/requests/main/200.har

2019-08-24 12:53:52 - [TEST_CASE][PASSED] - Start Test Case : Verification: Verification accomplished successfully

2019-08-24 12:53:53 - [TEST_STEP][PASSED] - request = getInstance().getCurrentRequest(): null

2019-08-24 12:53:53 - [TEST_STEP][PASSED] - response = getInstance().getCurrentResponse(): null

2019-08-24 12:53:53 - [TEST_STEP][PASSED] - verifyResponseStatusCode(response, 200): Verify response status code successfully

2019-08-24 12:53:53 - [MESSAGE][PASSED] - Verify response status code successfully

2019-08-24 12:53:53 - [TEST_STEP][PASSED] - getStatusCode()).isEqualTo(200): null

2019-08-24 12:53:53 - [TEST_STEP][PASSED] - newline = System.getProperty("line.separator"): null

2019-08-24 12:53:53 - [TEST_STEP][PASSED] - M4_spin = new groovy.json.JsonSlurper(): null

2019-08-24 12:53:53 - [TEST_STEP][PASSED] - result_M4_spin = M4_spin.parseText(response.getResponseBodyContent()): null

2019-08-24 12:53:53 - [TEST_STEP][PASSED] - M4_spin_current_balance = current_balance: null

2019-08-24 12:53:53 - [TEST_STEP][PASSED] - M4_spin_current_balance = M4_spin_current_balance: null

2019-08-24 12:53:53 - [TEST_STEP][PASSED] - M4_spin_transaction_id = causality: null

2019-08-24 12:53:53 - [TEST_STEP][PASSED] - M4_spin_transaction_id = M4_spin_transaction_id: null

2019-08-24 12:53:53 - [TEST_STEP][PASSED] - M4_spin_round_id = round_id: null

2019-08-24 12:53:53 - [TEST_STEP][PASSED] - M4_spin_round_id = M4_spin_round_id: null

2019-08-24 12:53:53 - [TEST_STEP][PASSED] - M4_spin_line_wins = line_wins: null

2019-08-24 12:53:53 - [TEST_STEP][PASSED] - M4_spin_line_wins = M4_spin_line_wins: null

2019-08-24 12:53:53 - [TEST_STEP][PASSED] - M4_total_bonus_spins_int = total_bonus_spins: null

2019-08-24 12:53:53 - [TEST_STEP][PASSED] - println("******M4_total_bonus_spins type is:*******" + newline + getClass().getName()): null

2019-08-24 12:53:53 - [TEST_STEP][PASSED] - M4_total_bonus_spins_int = M4_total_bonus_spins_int: null

2019-08-24 12:53:53 - [TEST_STEP][PASSED] - M4_total_bonus_spins = Integer.toString(M4_total_bonus_spins_int): null

2019-08-24 12:53:53 - [TEST_STEP][PASSED] - M4_total_bonus_spins = M4_total_bonus_spins: null

2019-08-24 12:53:53 - [TEST_STEP][PASSED] - println("M4_total_bonus_spins is:" + M4_total_bonus_spins): null

2019-08-24 12:53:53 - [TEST_STEP][PASSED] - M4_spin_bonus_data = bonus_data: null

2019-08-24 12:53:53 - [TEST_STEP][PASSED] - M4_spin_features_triggered = result_M4_spin: null

2019-08-24 12:53:53 - [TEST_STEP][PASSED] - wild = []: null

2019-08-24 12:53:53 - [TEST_STEP][PASSED] - wild[0] = "WILD_Expanding": null

2019-08-24 12:53:53 - [TEST_STEP][PASSED] - wild[1] = "WILD_Normal": null

2019-08-24 12:53:53 - [TEST_STEP][PASSED] - wild[2] = "WILD_Double": null

2019-08-24 12:53:53 - [TEST_STEP][PASSED] - wild[3] = "WILD_ExtraFG": null

2019-08-24 12:53:53 - [TEST_STEP][PASSED] - wild[4] = "WILD_Triple": null

2019-08-24 12:53:53 - [TEST_STEP][PASSED] - wildList = Arrays.asList(wild): null

2019-08-24 12:53:53 - [TEST_STEP][PASSED] - wildList = wildList: null

2019-08-24 12:53:53 - [TEST_STEP][PASSED] - free_spin_reel_counter = []: null

2019-08-24 12:53:53 - [TEST_STEP][PASSED] - free_spin_reel_counter[0] = 0: null

2019-08-24 12:53:53 - [TEST_STEP][PASSED] - free_spin_reel_counter[1] = 0: null

2019-08-24 12:53:53 - [TEST_STEP][PASSED] - free_spin_reel_counter[2] = 0: null

2019-08-24 12:53:53 - [TEST_STEP][PASSED] - M4_spin_reels = reels: null

2019-08-24 12:53:53 - [TEST_STEP][PASSED] - for ([i = 0, i &lt; M4_spin_reels.size(), (i++)]): null

2019-08-24 12:53:53 - [TEST_STEP][PASSED] - symbols = symbols: null

2019-08-24 12:53:53 - [TEST_STEP][PASSED] - for ([j = 0, j &lt; symbols.size(), (j++)]): null

2019-08-24 12:53:53 - [TEST_STEP][PASSED] - symbol = symbol: null

2019-08-24 12:53:53 - [TEST_STEP][PASSED] - println(symbol): null

2019-08-24 12:53:53 - [TEST_STEP][PASSED] - if (i == 2 &amp;&amp; wildList.indexOf(symbol) != -1): null

2019-08-24 12:53:53 - [TEST_STEP][PASSED] - if (i == 3 &amp;&amp; wildList.indexOf(symbol) != -1): null

2019-08-24 12:53:53 - [TEST_STEP][PASSED] - if (i == 4 &amp;&amp; wildList.indexOf(symbol) != -1): null

2019-08-24 12:53:53 - [TEST_STEP][PASSED] - symbol = symbol: null

2019-08-24 12:53:53 - [TEST_STEP][PASSED] - println(symbol): null

2019-08-24 12:53:53 - [TEST_STEP][PASSED] - if (i == 2 &amp;&amp; wildList.indexOf(symbol) != -1): null

2019-08-24 12:53:53 - [TEST_STEP][PASSED] - if (i == 3 &amp;&amp; wildList.indexOf(symbol) != -1): null

2019-08-24 12:53:53 - [TEST_STEP][PASSED] - if (i == 4 &amp;&amp; wildList.indexOf(symbol) != -1): null

2019-08-24 12:53:53 - [TEST_STEP][PASSED] - symbol = symbol: null

2019-08-24 12:53:53 - [TEST_STEP][PASSED] - println(symbol): null

2019-08-24 12:53:53 - [TEST_STEP][PASSED] - if (i == 2 &amp;&amp; wildList.indexOf(symbol) != -1): null

2019-08-24 12:53:53 - [TEST_STEP][PASSED] - if (i == 3 &amp;&amp; wildList.indexOf(symbol) != -1): null

2019-08-24 12:53:53 - [TEST_STEP][PASSED] - if (i == 4 &amp;&amp; wildList.indexOf(symbol) != -1): null

2019-08-24 12:53:53 - [TEST_STEP][PASSED] - symbols = symbols: null

2019-08-24 12:53:53 - [TEST_STEP][PASSED] - for ([j = 0, j &lt; symbols.size(), (j++)]): null

2019-08-24 12:53:53 - [TEST_STEP][PASSED] - symbol = symbol: null

2019-08-24 12:53:53 - [TEST_STEP][PASSED] - println(symbol): null

2019-08-24 12:53:53 - [TEST_STEP][PASSED] - if (i == 2 &amp;&amp; wildList.indexOf(symbol) != -1): null

2019-08-24 12:53:53 - [TEST_STEP][PASSED] - if (i == 3 &amp;&amp; wildList.indexOf(symbol) != -1): null

2019-08-24 12:53:53 - [TEST_STEP][PASSED] - if (i == 4 &amp;&amp; wildList.indexOf(symbol) != -1): null

2019-08-24 12:53:53 - [TEST_STEP][PASSED] - symbol = symbol: null

2019-08-24 12:53:53 - [TEST_STEP][PASSED] - println(symbol): null

2019-08-24 12:53:53 - [TEST_STEP][PASSED] - if (i == 2 &amp;&amp; wildList.indexOf(symbol) != -1): null

2019-08-24 12:53:53 - [TEST_STEP][PASSED] - if (i == 3 &amp;&amp; wildList.indexOf(symbol) != -1): null

2019-08-24 12:53:53 - [TEST_STEP][PASSED] - if (i == 4 &amp;&amp; wildList.indexOf(symbol) != -1): null

2019-08-24 12:53:53 - [TEST_STEP][PASSED] - symbol = symbol: null

2019-08-24 12:53:53 - [TEST_STEP][PASSED] - println(symbol): null

2019-08-24 12:53:53 - [TEST_STEP][PASSED] - if (i == 2 &amp;&amp; wildList.indexOf(symbol) != -1): null

2019-08-24 12:53:53 - [TEST_STEP][PASSED] - if (i == 3 &amp;&amp; wildList.indexOf(symbol) != -1): null

2019-08-24 12:53:53 - [TEST_STEP][PASSED] - if (i == 4 &amp;&amp; wildList.indexOf(symbol) != -1): null

2019-08-24 12:53:53 - [TEST_STEP][PASSED] - symbols = symbols: null

2019-08-24 12:53:53 - [TEST_STEP][PASSED] - for ([j = 0, j &lt; symbols.size(), (j++)]): null

2019-08-24 12:53:53 - [TEST_STEP][PASSED] - symbol = symbol: null

2019-08-24 12:53:53 - [TEST_STEP][PASSED] - println(symbol): null

2019-08-24 12:53:53 - [TEST_STEP][PASSED] - if (i == 2 &amp;&amp; wildList.indexOf(symbol) != -1): null

2019-08-24 12:53:53 - [TEST_STEP][PASSED] - if (i == 3 &amp;&amp; wildList.indexOf(symbol) != -1): null

2019-08-24 12:53:53 - [TEST_STEP][PASSED] - if (i == 4 &amp;&amp; wildList.indexOf(symbol) != -1): null

2019-08-24 12:53:53 - [TEST_STEP][PASSED] - symbol = symbol: null

2019-08-24 12:53:53 - [TEST_STEP][PASSED] - println(symbol): null

2019-08-24 12:53:53 - [TEST_STEP][PASSED] - if (i == 2 &amp;&amp; wildList.indexOf(symbol) != -1): null

2019-08-24 12:53:53 - [TEST_STEP][PASSED] - if (i == 3 &amp;&amp; wildList.indexOf(symbol) != -1): null

2019-08-24 12:53:53 - [TEST_STEP][PASSED] - if (i == 4 &amp;&amp; wildList.indexOf(symbol) != -1): null

2019-08-24 12:53:53 - [TEST_STEP][PASSED] - symbol = symbol: null

2019-08-24 12:53:53 - [TEST_STEP][PASSED] - println(symbol): null

2019-08-24 12:53:53 - [TEST_STEP][PASSED] - if (i == 2 &amp;&amp; wildList.indexOf(symbol) != -1): null

2019-08-24 12:53:53 - [TEST_STEP][PASSED] - if (i == 3 &amp;&amp; wildList.indexOf(symbol) != -1): null

2019-08-24 12:53:53 - [TEST_STEP][PASSED] - if (i == 4 &amp;&amp; wildList.indexOf(symbol) != -1): null

2019-08-24 12:53:53 - [TEST_STEP][PASSED] - symbols = symbols: null

2019-08-24 12:53:53 - [TEST_STEP][PASSED] - for ([j = 0, j &lt; symbols.size(), (j++)]): null

2019-08-24 12:53:53 - [TEST_STEP][PASSED] - symbol = symbol: null

2019-08-24 12:53:53 - [TEST_STEP][PASSED] - println(symbol): null

2019-08-24 12:53:53 - [TEST_STEP][PASSED] - if (i == 2 &amp;&amp; wildList.indexOf(symbol) != -1): null

2019-08-24 12:53:53 - [TEST_STEP][PASSED] - if (i == 3 &amp;&amp; wildList.indexOf(symbol) != -1): null

2019-08-24 12:53:53 - [TEST_STEP][PASSED] - if (i == 4 &amp;&amp; wildList.indexOf(symbol) != -1): null

2019-08-24 12:53:53 - [TEST_STEP][PASSED] - symbol = symbol: null

2019-08-24 12:53:53 - [TEST_STEP][PASSED] - println(symbol): null

2019-08-24 12:53:53 - [TEST_STEP][PASSED] - if (i == 2 &amp;&amp; wildList.indexOf(symbol) != -1): null

2019-08-24 12:53:53 - [TEST_STEP][PASSED] - if (i == 3 &amp;&amp; wildList.indexOf(symbol) != -1): null

2019-08-24 12:53:53 - [TEST_STEP][PASSED] - if (i == 4 &amp;&amp; wildList.indexOf(symbol) != -1): null

2019-08-24 12:53:53 - [TEST_STEP][PASSED] - symbol = symbol: null

2019-08-24 12:53:53 - [TEST_STEP][PASSED] - println(symbol): null

2019-08-24 12:53:53 - [TEST_STEP][PASSED] - if (i == 2 &amp;&amp; wildList.indexOf(symbol) != -1): null

2019-08-24 12:53:53 - [TEST_STEP][PASSED] - if (i == 3 &amp;&amp; wildList.indexOf(symbol) != -1): null

2019-08-24 12:53:53 - [TEST_STEP][PASSED] - if (i == 4 &amp;&amp; wildList.indexOf(symbol) != -1): null

2019-08-24 12:53:53 - [TEST_STEP][PASSED] - symbols = symbols: null

2019-08-24 12:53:53 - [TEST_STEP][PASSED] - for ([j = 0, j &lt; symbols.size(), (j++)]): null

2019-08-24 12:53:53 - [TEST_STEP][PASSED] - symbol = symbol: null

2019-08-24 12:53:53 - [TEST_STEP][PASSED] - println(symbol): null

2019-08-24 12:53:53 - [TEST_STEP][PASSED] - if (i == 2 &amp;&amp; wildList.indexOf(symbol) != -1): null

2019-08-24 12:53:53 - [TEST_STEP][PASSED] - if (i == 3 &amp;&amp; wildList.indexOf(symbol) != -1): null

2019-08-24 12:53:53 - [TEST_STEP][PASSED] - if (i == 4 &amp;&amp; wildList.indexOf(symbol) != -1): null

2019-08-24 12:53:53 - [TEST_STEP][PASSED] - symbol = symbol: null

2019-08-24 12:53:53 - [TEST_STEP][PASSED] - println(symbol): null

2019-08-24 12:53:53 - [TEST_STEP][PASSED] - if (i == 2 &amp;&amp; wildList.indexOf(symbol) != -1): null

2019-08-24 12:53:53 - [TEST_STEP][PASSED] - if (i == 3 &amp;&amp; wildList.indexOf(symbol) != -1): null

2019-08-24 12:53:53 - [TEST_STEP][PASSED] - if (i == 4 &amp;&amp; wildList.indexOf(symbol) != -1): null

2019-08-24 12:53:57 - [TEST_STEP][PASSED] - symbol = symbol: null

2019-08-24 12:53:57 - [TEST_STEP][PASSED] - println(symbol): null

2019-08-24 12:53:57 - [TEST_STEP][PASSED] - if (i == 2 &amp;&amp; wildList.indexOf(symbol) != -1): null

2019-08-24 12:53:57 - [TEST_STEP][PASSED] - if (i == 3 &amp;&amp; wildList.indexOf(symbol) != -1): null

2019-08-24 12:53:57 - [TEST_STEP][PASSED] - if (i == 4 &amp;&amp; wildList.indexOf(symbol) != -1): null

2019-08-24 12:53:57 - [TEST_STEP][PASSED] - free_spin_reel_counter = free_spin_reel_counter: null

2019-08-24 12:53:57 - [TEST_STEP][PASSED] - println("reel 3 wild found: " + free_spin_reel_counter[0]): null

2019-08-24 12:53:57 - [TEST_STEP][PASSED] - println("reel 4 wild found: " + free_spin_reel_counter[1]): null

2019-08-24 12:53:57 - [TEST_STEP][PASSED] - println("reel 5 wild found: " + free_spin_reel_counter[2]): null

2019-08-24 12:54:02 - [TEST_STEP][PASSED] - M4_spin_reels = M4_spin_reels: null

2019-08-24 12:54:02 - [TEST_STEP][PASSED] - M4_spin_reels_symbols = symbol: null

2019-08-24 12:54:02 - [TEST_STEP][PASSED] - M4_spin_reels_symbols = M4_spin_reels_symbols: null

2019-08-24 12:54:02 - [TEST_STEP][PASSED] - M4_spin_reel_wins = reel_wins: null

2019-08-24 12:54:02 - [TEST_STEP][PASSED] - M4_spin_reel_wins = M4_spin_reel_wins: null

2019-08-24 12:54:07 - [TEST_STEP][PASSED] - println("GlobalVariable.M4_spin_reel_wins is: " + M4_spin_reel_wins): null

2019-08-24 12:54:07 - [TEST_STEP][PASSED] - M4_spin_total_bonus_win_this_round = total_bonus_win_this_round: null

2019-08-24 12:54:07 - [TEST_STEP][PASSED] - M4_spin_total_bonus_win_this_round = M4_spin_total_bonus_win_this_round: null

2019-08-24 12:54:07 - [TEST_STEP][PASSED] - println("GlobalVariable.M4_spin_total_bonus_win_this_round is: " + M4_spin_total_bonus_win_this_round): null

2019-08-24 12:54:07 - [TEST_STEP][PASSED] - M4_spin_bonus_spin_result = spin_result: null

2019-08-24 12:54:07 - [TEST_STEP][PASSED] - M4_spin_bonus_spin_result = M4_spin_bonus_spin_result: null

2019-08-24 12:54:07 - [MESSAGE][PASSED] - Verify response successfully

2019-08-24 12:54:07 - [MESSAGE][PASSED] - Send request and verify the response successfully

2019-08-24 12:54:07 - [TEST_STEP][PASSED] - if (M4_total_bonus_spins_int != 0 &amp;&amp; M4_spin_reels_symbols[2].contains("WILD_Double") || M4_spin_reels_symbols[4].contains("WILD_Triple")): null

2019-08-24 12:54:07 - [TEST_STEP][PASSED] - free_spin_reel_counter = free_spin_reel_counter: null

2019-08-24 12:54:08 - [TEST_STEP][PASSED] - M4_spin_reels_symbols = M4_spin_reels_symbols: null

2019-08-24 12:54:08 - [TEST_STEP][PASSED] - M4_total_bonus_spins = M4_total_bonus_spins: null

2019-08-24 12:54:08 - [TEST_STEP][PASSED] - spin_result = sendRequestAndVerify(findTestObject("INT/RGS(M4)/1_M4_spin", ["M4_login_user_id":M4_login_user_id, "rgs_session_token":rgs_session_token, "partner":Partner])): Send request and verify the response successfully

2019-08-24 12:54:08 - [MESSAGE][INFO] - HAR: /Users/eiralee/Katalon_Script/SuperWild/Reports/20190824_124242/INT/superWild_4/20190824_124242/requests/main/201.har

2019-08-24 12:54:08 - [TEST_CASE][PASSED] - Start Test Case : Verification: Verification accomplished successfully

2019-08-24 12:54:08 - [TEST_STEP][PASSED] - request = getInstance().getCurrentRequest(): null

2019-08-24 12:54:09 - [TEST_STEP][PASSED] - response = getInstance().getCurrentResponse(): null

2019-08-24 12:54:09 - [TEST_STEP][PASSED] - verifyResponseStatusCode(response, 200): Verify response status code successfully

2019-08-24 12:54:09 - [MESSAGE][PASSED] - Verify response status code successfully

2019-08-24 12:54:09 - [TEST_STEP][PASSED] - getStatusCode()).isEqualTo(200): null

2019-08-24 12:54:09 - [TEST_STEP][PASSED] - newline = System.getProperty("line.separator"): null

2019-08-24 12:54:09 - [TEST_STEP][PASSED] - M4_spin = new groovy.json.JsonSlurper(): null

2019-08-24 12:54:09 - [TEST_STEP][PASSED] - result_M4_spin = M4_spin.parseText(response.getResponseBodyContent()): null

2019-08-24 12:54:09 - [TEST_STEP][PASSED] - M4_spin_current_balance = current_balance: null

2019-08-24 12:54:09 - [TEST_STEP][PASSED] - M4_spin_current_balance = M4_spin_current_balance: null

2019-08-24 12:54:09 - [TEST_STEP][PASSED] - M4_spin_transaction_id = causality: null

2019-08-24 12:54:09 - [TEST_STEP][PASSED] - M4_spin_transaction_id = M4_spin_transaction_id: null

2019-08-24 12:54:09 - [TEST_STEP][PASSED] - M4_spin_round_id = round_id: null

2019-08-24 12:54:09 - [TEST_STEP][PASSED] - M4_spin_round_id = M4_spin_round_id: null

2019-08-24 12:54:09 - [TEST_STEP][PASSED] - M4_spin_line_wins = line_wins: null

2019-08-24 12:54:09 - [TEST_STEP][PASSED] - M4_spin_line_wins = M4_spin_line_wins: null

2019-08-24 12:54:09 - [TEST_STEP][PASSED] - M4_total_bonus_spins_int = total_bonus_spins: null

2019-08-24 12:54:09 - [TEST_STEP][PASSED] - println("******M4_total_bonus_spins type is:*******" + newline + getClass().getName()): null

2019-08-24 12:54:09 - [TEST_STEP][PASSED] - M4_total_bonus_spins_int = M4_total_bonus_spins_int: null

2019-08-24 12:54:09 - [TEST_STEP][PASSED] - M4_total_bonus_spins = Integer.toString(M4_total_bonus_spins_int): null

2019-08-24 12:54:09 - [TEST_STEP][PASSED] - M4_total_bonus_spins = M4_total_bonus_spins: null

2019-08-24 12:54:09 - [TEST_STEP][PASSED] - println("M4_total_bonus_spins is:" + M4_total_bonus_spins): null

2019-08-24 12:54:09 - [TEST_STEP][PASSED] - M4_spin_bonus_data = bonus_data: null

2019-08-24 12:54:09 - [TEST_STEP][PASSED] - M4_spin_features_triggered = result_M4_spin: null

2019-08-24 12:54:09 - [TEST_STEP][PASSED] - wild = []: null

2019-08-24 12:54:09 - [TEST_STEP][PASSED] - wild[0] = "WILD_Expanding": null

2019-08-24 12:54:09 - [TEST_STEP][PASSED] - wild[1] = "WILD_Normal": null

2019-08-24 12:54:09 - [TEST_STEP][PASSED] - wild[2] = "WILD_Double": null

2019-08-24 12:54:09 - [TEST_STEP][PASSED] - wild[3] = "WILD_ExtraFG": null

2019-08-24 12:54:09 - [TEST_STEP][PASSED] - wild[4] = "WILD_Triple": null

2019-08-24 12:54:09 - [TEST_STEP][PASSED] - wildList = Arrays.asList(wild): null

2019-08-24 12:54:09 - [TEST_STEP][PASSED] - wildList = wildList: null

2019-08-24 12:54:09 - [TEST_STEP][PASSED] - free_spin_reel_counter = []: null

2019-08-24 12:54:09 - [TEST_STEP][PASSED] - free_spin_reel_counter[0] = 0: null

2019-08-24 12:54:09 - [TEST_STEP][PASSED] - free_spin_reel_counter[1] = 0: null

2019-08-24 12:54:09 - [TEST_STEP][PASSED] - free_spin_reel_counter[2] = 0: null

2019-08-24 12:54:09 - [TEST_STEP][PASSED] - M4_spin_reels = reels: null

2019-08-24 12:54:09 - [TEST_STEP][PASSED] - for ([i = 0, i &lt; M4_spin_reels.size(), (i++)]): null

2019-08-24 12:54:09 - [TEST_STEP][PASSED] - symbols = symbols: null

2019-08-24 12:54:09 - [TEST_STEP][PASSED] - for ([j = 0, j &lt; symbols.size(), (j++)]): null

2019-08-24 12:54:09 - [TEST_STEP][PASSED] - symbol = symbol: null

2019-08-24 12:54:09 - [TEST_STEP][PASSED] - println(symbol): null

2019-08-24 12:54:09 - [TEST_STEP][PASSED] - if (i == 2 &amp;&amp; wildList.indexOf(symbol) != -1): null

2019-08-24 12:54:09 - [TEST_STEP][PASSED] - if (i == 3 &amp;&amp; wildList.indexOf(symbol) != -1): null

2019-08-24 12:54:09 - [TEST_STEP][PASSED] - if (i == 4 &amp;&amp; wildList.indexOf(symbol) != -1): null

2019-08-24 12:54:09 - [TEST_STEP][PASSED] - symbol = symbol: null

2019-08-24 12:54:09 - [TEST_STEP][PASSED] - println(symbol): null

2019-08-24 12:54:09 - [TEST_STEP][PASSED] - if (i == 2 &amp;&amp; wildList.indexOf(symbol) != -1): null

2019-08-24 12:54:09 - [TEST_STEP][PASSED] - if (i == 3 &amp;&amp; wildList.indexOf(symbol) != -1): null

2019-08-24 12:54:09 - [TEST_STEP][PASSED] - if (i == 4 &amp;&amp; wildList.indexOf(symbol) != -1): null

2019-08-24 12:54:09 - [TEST_STEP][PASSED] - symbol = symbol: null

2019-08-24 12:54:09 - [TEST_STEP][PASSED] - println(symbol): null

2019-08-24 12:54:09 - [TEST_STEP][PASSED] - if (i == 2 &amp;&amp; wildList.indexOf(symbol) != -1): null

2019-08-24 12:54:09 - [TEST_STEP][PASSED] - if (i == 3 &amp;&amp; wildList.indexOf(symbol) != -1): null

2019-08-24 12:54:09 - [TEST_STEP][PASSED] - if (i == 4 &amp;&amp; wildList.indexOf(symbol) != -1): null

2019-08-24 12:54:09 - [TEST_STEP][PASSED] - symbols = symbols: null

2019-08-24 12:54:09 - [TEST_STEP][PASSED] - for ([j = 0, j &lt; symbols.size(), (j++)]): null

2019-08-24 12:54:09 - [TEST_STEP][PASSED] - symbol = symbol: null

2019-08-24 12:54:09 - [TEST_STEP][PASSED] - println(symbol): null

2019-08-24 12:54:09 - [TEST_STEP][PASSED] - if (i == 2 &amp;&amp; wildList.indexOf(symbol) != -1): null

2019-08-24 12:54:09 - [TEST_STEP][PASSED] - if (i == 3 &amp;&amp; wildList.indexOf(symbol) != -1): null

2019-08-24 12:54:09 - [TEST_STEP][PASSED] - if (i == 4 &amp;&amp; wildList.indexOf(symbol) != -1): null

2019-08-24 12:54:09 - [TEST_STEP][PASSED] - symbol = symbol: null

2019-08-24 12:54:09 - [TEST_STEP][PASSED] - println(symbol): null

2019-08-24 12:54:09 - [TEST_STEP][PASSED] - if (i == 2 &amp;&amp; wildList.indexOf(symbol) != -1): null

2019-08-24 12:54:09 - [TEST_STEP][PASSED] - if (i == 3 &amp;&amp; wildList.indexOf(symbol) != -1): null

2019-08-24 12:54:09 - [TEST_STEP][PASSED] - if (i == 4 &amp;&amp; wildList.indexOf(symbol) != -1): null

2019-08-24 12:54:09 - [TEST_STEP][PASSED] - symbol = symbol: null

2019-08-24 12:54:09 - [TEST_STEP][PASSED] - println(symbol): null

2019-08-24 12:54:09 - [TEST_STEP][PASSED] - if (i == 2 &amp;&amp; wildList.indexOf(symbol) != -1): null

2019-08-24 12:54:09 - [TEST_STEP][PASSED] - if (i == 3 &amp;&amp; wildList.indexOf(symbol) != -1): null

2019-08-24 12:54:09 - [TEST_STEP][PASSED] - if (i == 4 &amp;&amp; wildList.indexOf(symbol) != -1): null

2019-08-24 12:54:09 - [TEST_STEP][PASSED] - symbols = symbols: null

2019-08-24 12:54:09 - [TEST_STEP][PASSED] - for ([j = 0, j &lt; symbols.size(), (j++)]): null

2019-08-24 12:54:09 - [TEST_STEP][PASSED] - symbol = symbol: null

2019-08-24 12:54:09 - [TEST_STEP][PASSED] - println(symbol): null

2019-08-24 12:54:09 - [TEST_STEP][PASSED] - if (i == 2 &amp;&amp; wildList.indexOf(symbol) != -1): null

2019-08-24 12:54:09 - [TEST_STEP][PASSED] - if (i == 3 &amp;&amp; wildList.indexOf(symbol) != -1): null

2019-08-24 12:54:09 - [TEST_STEP][PASSED] - if (i == 4 &amp;&amp; wildList.indexOf(symbol) != -1): null

2019-08-24 12:54:09 - [TEST_STEP][PASSED] - symbol = symbol: null

2019-08-24 12:54:09 - [TEST_STEP][PASSED] - println(symbol): null

2019-08-24 12:54:09 - [TEST_STEP][PASSED] - if (i == 2 &amp;&amp; wildList.indexOf(symbol) != -1): null

2019-08-24 12:54:09 - [TEST_STEP][PASSED] - if (i == 3 &amp;&amp; wildList.indexOf(symbol) != -1): null

2019-08-24 12:54:09 - [TEST_STEP][PASSED] - if (i == 4 &amp;&amp; wildList.indexOf(symbol) != -1): null

2019-08-24 12:54:09 - [TEST_STEP][PASSED] - symbol = symbol: null

2019-08-24 12:54:09 - [TEST_STEP][PASSED] - println(symbol): null

2019-08-24 12:54:09 - [TEST_STEP][PASSED] - if (i == 2 &amp;&amp; wildList.indexOf(symbol) != -1): null

2019-08-24 12:54:09 - [TEST_STEP][PASSED] - if (i == 3 &amp;&amp; wildList.indexOf(symbol) != -1): null

2019-08-24 12:54:09 - [TEST_STEP][PASSED] - if (i == 4 &amp;&amp; wildList.indexOf(symbol) != -1): null

2019-08-24 12:54:09 - [TEST_STEP][PASSED] - symbols = symbols: null

2019-08-24 12:54:09 - [TEST_STEP][PASSED] - for ([j = 0, j &lt; symbols.size(), (j++)]): null

2019-08-24 12:54:09 - [TEST_STEP][PASSED] - symbol = symbol: null

2019-08-24 12:54:09 - [TEST_STEP][PASSED] - println(symbol): null

2019-08-24 12:54:09 - [TEST_STEP][PASSED] - if (i == 2 &amp;&amp; wildList.indexOf(symbol) != -1): null

2019-08-24 12:54:09 - [TEST_STEP][PASSED] - if (i == 3 &amp;&amp; wildList.indexOf(symbol) != -1): null

2019-08-24 12:54:09 - [TEST_STEP][PASSED] - if (i == 4 &amp;&amp; wildList.indexOf(symbol) != -1): null

2019-08-24 12:54:09 - [TEST_STEP][PASSED] - symbol = symbol: null

2019-08-24 12:54:09 - [TEST_STEP][PASSED] - println(symbol): null

2019-08-24 12:54:09 - [TEST_STEP][PASSED] - if (i == 2 &amp;&amp; wildList.indexOf(symbol) != -1): null

2019-08-24 12:54:09 - [TEST_STEP][PASSED] - if (i == 3 &amp;&amp; wildList.indexOf(symbol) != -1): null

2019-08-24 12:54:09 - [TEST_STEP][PASSED] - if (i == 4 &amp;&amp; wildList.indexOf(symbol) != -1): null

2019-08-24 12:54:09 - [TEST_STEP][PASSED] - symbol = symbol: null

2019-08-24 12:54:09 - [TEST_STEP][PASSED] - println(symbol): null

2019-08-24 12:54:09 - [TEST_STEP][PASSED] - if (i == 2 &amp;&amp; wildList.indexOf(symbol) != -1): null

2019-08-24 12:54:09 - [TEST_STEP][PASSED] - if (i == 3 &amp;&amp; wildList.indexOf(symbol) != -1): null

2019-08-24 12:54:09 - [TEST_STEP][PASSED] - if (i == 4 &amp;&amp; wildList.indexOf(symbol) != -1): null

2019-08-24 12:54:09 - [TEST_STEP][PASSED] - symbols = symbols: null

2019-08-24 12:54:09 - [TEST_STEP][PASSED] - for ([j = 0, j &lt; symbols.size(), (j++)]): null

2019-08-24 12:54:09 - [TEST_STEP][PASSED] - symbol = symbol: null

2019-08-24 12:54:09 - [TEST_STEP][PASSED] - println(symbol): null

2019-08-24 12:54:09 - [TEST_STEP][PASSED] - if (i == 2 &amp;&amp; wildList.indexOf(symbol) != -1): null

2019-08-24 12:54:09 - [TEST_STEP][PASSED] - if (i == 3 &amp;&amp; wildList.indexOf(symbol) != -1): null

2019-08-24 12:54:09 - [TEST_STEP][PASSED] - if (i == 4 &amp;&amp; wildList.indexOf(symbol) != -1): null

2019-08-24 12:54:09 - [TEST_STEP][PASSED] - symbol = symbol: null

2019-08-24 12:54:09 - [TEST_STEP][PASSED] - println(symbol): null

2019-08-24 12:54:09 - [TEST_STEP][PASSED] - if (i == 2 &amp;&amp; wildList.indexOf(symbol) != -1): null

2019-08-24 12:54:09 - [TEST_STEP][PASSED] - if (i == 3 &amp;&amp; wildList.indexOf(symbol) != -1): null

2019-08-24 12:54:09 - [TEST_STEP][PASSED] - if (i == 4 &amp;&amp; wildList.indexOf(symbol) != -1): null

2019-08-24 12:54:09 - [TEST_STEP][PASSED] - symbol = symbol: null

2019-08-24 12:54:09 - [TEST_STEP][PASSED] - println(symbol): null

2019-08-24 12:54:09 - [TEST_STEP][PASSED] - if (i == 2 &amp;&amp; wildList.indexOf(symbol) != -1): null

2019-08-24 12:54:09 - [TEST_STEP][PASSED] - if (i == 3 &amp;&amp; wildList.indexOf(symbol) != -1): null

2019-08-24 12:54:09 - [TEST_STEP][PASSED] - if (i == 4 &amp;&amp; wildList.indexOf(symbol) != -1): null

2019-08-24 12:54:09 - [TEST_STEP][PASSED] - free_spin_reel_counter = free_spin_reel_counter: null

2019-08-24 12:54:09 - [TEST_STEP][PASSED] - println("reel 3 wild found: " + free_spin_reel_counter[0]): null

2019-08-24 12:54:09 - [TEST_STEP][PASSED] - println("reel 4 wild found: " + free_spin_reel_counter[1]): null

2019-08-24 12:54:09 - [TEST_STEP][PASSED] - println("reel 5 wild found: " + free_spin_reel_counter[2]): null

2019-08-24 12:54:09 - [TEST_STEP][PASSED] - M4_spin_reels = M4_spin_reels: null

2019-08-24 12:54:09 - [TEST_STEP][PASSED] - M4_spin_reels_symbols = symbol: null

2019-08-24 12:54:09 - [TEST_STEP][PASSED] - M4_spin_reels_symbols = M4_spin_reels_symbols: null

2019-08-24 12:54:09 - [TEST_STEP][PASSED] - M4_spin_reel_wins = reel_wins: null

2019-08-24 12:54:09 - [TEST_STEP][PASSED] - M4_spin_reel_wins = M4_spin_reel_wins: null

2019-08-24 12:54:09 - [TEST_STEP][PASSED] - println("GlobalVariable.M4_spin_reel_wins is: " + M4_spin_reel_wins): null

2019-08-24 12:54:09 - [TEST_STEP][PASSED] - M4_spin_total_bonus_win_this_round = total_bonus_win_this_round: null

2019-08-24 12:54:09 - [TEST_STEP][PASSED] - M4_spin_total_bonus_win_this_round = M4_spin_total_bonus_win_this_round: null

2019-08-24 12:54:09 - [TEST_STEP][PASSED] - println("GlobalVariable.M4_spin_total_bonus_win_this_round is: " + M4_spin_total_bonus_win_this_round): null

2019-08-24 12:54:09 - [TEST_STEP][PASSED] - M4_spin_bonus_spin_result = spin_result: null

2019-08-24 12:54:09 - [TEST_STEP][PASSED] - M4_spin_bonus_spin_result = M4_spin_bonus_spin_result: null

2019-08-24 12:54:09 - [MESSAGE][PASSED] - Verify response successfully

2019-08-24 12:54:09 - [MESSAGE][PASSED] - Send request and verify the response successfully

2019-08-24 12:54:09 - [TEST_STEP][PASSED] - if (M4_total_bonus_spins_int != 0 &amp;&amp; M4_spin_reels_symbols[2].contains("WILD_Double") || M4_spin_reels_symbols[4].contains("WILD_Triple")): null

2019-08-24 12:54:09 - [TEST_STEP][PASSED] - free_spin_reel_counter = free_spin_reel_counter: null

2019-08-24 12:54:09 - [TEST_STEP][PASSED] - M4_spin_reels_symbols = M4_spin_reels_symbols: null

2019-08-24 12:54:09 - [TEST_STEP][PASSED] - M4_total_bonus_spins = M4_total_bonus_spins: null

2019-08-24 12:54:09 - [TEST_STEP][PASSED] - spin_result = sendRequestAndVerify(findTestObject("INT/RGS(M4)/1_M4_spin", ["M4_login_user_id":M4_login_user_id, "rgs_session_token":rgs_session_token, "partner":Partner])): Send request and verify the response successfully

2019-08-24 12:54:09 - [MESSAGE][INFO] - HAR: /Users/eiralee/Katalon_Script/SuperWild/Reports/20190824_124242/INT/superWild_4/20190824_124242/requests/main/202.har

2019-08-24 12:54:09 - [TEST_CASE][PASSED] - Start Test Case : Verification: Verification accomplished successfully

2019-08-24 12:54:09 - [TEST_STEP][PASSED] - request = getInstance().getCurrentRequest(): null

2019-08-24 12:54:09 - [TEST_STEP][PASSED] - response = getInstance().getCurrentResponse(): null

2019-08-24 12:54:09 - [TEST_STEP][PASSED] - verifyResponseStatusCode(response, 200): Verify response status code successfully

2019-08-24 12:54:09 - [MESSAGE][PASSED] - Verify response status code successfully

2019-08-24 12:54:09 - [TEST_STEP][PASSED] - getStatusCode()).isEqualTo(200): null

2019-08-24 12:54:09 - [TEST_STEP][PASSED] - newline = System.getProperty("line.separator"): null

2019-08-24 12:54:09 - [TEST_STEP][PASSED] - M4_spin = new groovy.json.JsonSlurper(): null

2019-08-24 12:54:09 - [TEST_STEP][PASSED] - result_M4_spin = M4_spin.parseText(response.getResponseBodyContent()): null

2019-08-24 12:54:09 - [TEST_STEP][PASSED] - M4_spin_current_balance = current_balance: null

2019-08-24 12:54:09 - [TEST_STEP][PASSED] - M4_spin_current_balance = M4_spin_current_balance: null

2019-08-24 12:54:09 - [TEST_STEP][PASSED] - M4_spin_transaction_id = causality: null

2019-08-24 12:54:09 - [TEST_STEP][PASSED] - M4_spin_transaction_id = M4_spin_transaction_id: null

2019-08-24 12:54:09 - [TEST_STEP][PASSED] - M4_spin_round_id = round_id: null

2019-08-24 12:54:09 - [TEST_STEP][PASSED] - M4_spin_round_id = M4_spin_round_id: null

2019-08-24 12:54:09 - [TEST_STEP][PASSED] - M4_spin_line_wins = line_wins: null

2019-08-24 12:54:09 - [TEST_STEP][PASSED] - M4_spin_line_wins = M4_spin_line_wins: null

2019-08-24 12:54:09 - [TEST_STEP][PASSED] - M4_total_bonus_spins_int = total_bonus_spins: null

2019-08-24 12:54:09 - [TEST_STEP][PASSED] - println("******M4_total_bonus_spins type is:*******" + newline + getClass().getName()): null

2019-08-24 12:54:09 - [TEST_STEP][PASSED] - M4_total_bonus_spins_int = M4_total_bonus_spins_int: null

2019-08-24 12:54:09 - [TEST_STEP][PASSED] - M4_total_bonus_spins = Integer.toString(M4_total_bonus_spins_int): null

2019-08-24 12:54:09 - [TEST_STEP][PASSED] - M4_total_bonus_spins = M4_total_bonus_spins: null

2019-08-24 12:54:09 - [TEST_STEP][PASSED] - println("M4_total_bonus_spins is:" + M4_total_bonus_spins): null

2019-08-24 12:54:09 - [TEST_STEP][PASSED] - M4_spin_bonus_data = bonus_data: null

2019-08-24 12:54:09 - [TEST_STEP][PASSED] - M4_spin_features_triggered = result_M4_spin: null

2019-08-24 12:54:09 - [TEST_STEP][PASSED] - wild = []: null

2019-08-24 12:54:09 - [TEST_STEP][PASSED] - wild[0] = "WILD_Expanding": null

2019-08-24 12:54:09 - [TEST_STEP][PASSED] - wild[1] = "WILD_Normal": null

2019-08-24 12:54:09 - [TEST_STEP][PASSED] - wild[2] = "WILD_Double": null

2019-08-24 12:54:09 - [TEST_STEP][PASSED] - wild[3] = "WILD_ExtraFG": null

2019-08-24 12:54:09 - [TEST_STEP][PASSED] - wild[4] = "WILD_Triple": null

2019-08-24 12:54:09 - [TEST_STEP][PASSED] - wildList = Arrays.asList(wild): null

2019-08-24 12:54:09 - [TEST_STEP][PASSED] - wildList = wildList: null

2019-08-24 12:54:09 - [TEST_STEP][PASSED] - free_spin_reel_counter = []: null

2019-08-24 12:54:09 - [TEST_STEP][PASSED] - free_spin_reel_counter[0] = 0: null

2019-08-24 12:54:09 - [TEST_STEP][PASSED] - free_spin_reel_counter[1] = 0: null

2019-08-24 12:54:09 - [TEST_STEP][PASSED] - free_spin_reel_counter[2] = 0: null

2019-08-24 12:54:09 - [TEST_STEP][PASSED] - M4_spin_reels = reels: null

2019-08-24 12:54:09 - [TEST_STEP][PASSED] - for ([i = 0, i &lt; M4_spin_reels.size(), (i++)]): null

2019-08-24 12:54:09 - [TEST_STEP][PASSED] - symbols = symbols: null

2019-08-24 12:54:09 - [TEST_STEP][PASSED] - for ([j = 0, j &lt; symbols.size(), (j++)]): null

2019-08-24 12:54:09 - [TEST_STEP][PASSED] - symbol = symbol: null

2019-08-24 12:54:09 - [TEST_STEP][PASSED] - println(symbol): null

2019-08-24 12:54:09 - [TEST_STEP][PASSED] - if (i == 2 &amp;&amp; wildList.indexOf(symbol) != -1): null

2019-08-24 12:54:09 - [TEST_STEP][PASSED] - if (i == 3 &amp;&amp; wildList.indexOf(symbol) != -1): null

2019-08-24 12:54:09 - [TEST_STEP][PASSED] - if (i == 4 &amp;&amp; wildList.indexOf(symbol) != -1): null

2019-08-24 12:54:09 - [TEST_STEP][PASSED] - symbol = symbol: null

2019-08-24 12:54:09 - [TEST_STEP][PASSED] - println(symbol): null

2019-08-24 12:54:09 - [TEST_STEP][PASSED] - if (i == 2 &amp;&amp; wildList.indexOf(symbol) != -1): null

2019-08-24 12:54:09 - [TEST_STEP][PASSED] - if (i == 3 &amp;&amp; wildList.indexOf(symbol) != -1): null

2019-08-24 12:54:09 - [TEST_STEP][PASSED] - if (i == 4 &amp;&amp; wildList.indexOf(symbol) != -1): null

2019-08-24 12:54:09 - [TEST_STEP][PASSED] - symbol = symbol: null

2019-08-24 12:54:09 - [TEST_STEP][PASSED] - println(symbol): null

2019-08-24 12:54:09 - [TEST_STEP][PASSED] - if (i == 2 &amp;&amp; wildList.indexOf(symbol) != -1): null

2019-08-24 12:54:09 - [TEST_STEP][PASSED] - if (i == 3 &amp;&amp; wildList.indexOf(symbol) != -1): null

2019-08-24 12:54:09 - [TEST_STEP][PASSED] - if (i == 4 &amp;&amp; wildList.indexOf(symbol) != -1): null

2019-08-24 12:54:09 - [TEST_STEP][PASSED] - symbols = symbols: null

2019-08-24 12:54:09 - [TEST_STEP][PASSED] - for ([j = 0, j &lt; symbols.size(), (j++)]): null

2019-08-24 12:54:09 - [TEST_STEP][PASSED] - symbol = symbol: null

2019-08-24 12:54:09 - [TEST_STEP][PASSED] - println(symbol): null

2019-08-24 12:54:09 - [TEST_STEP][PASSED] - if (i == 2 &amp;&amp; wildList.indexOf(symbol) != -1): null

2019-08-24 12:54:09 - [TEST_STEP][PASSED] - if (i == 3 &amp;&amp; wildList.indexOf(symbol) != -1): null

2019-08-24 12:54:09 - [TEST_STEP][PASSED] - if (i == 4 &amp;&amp; wildList.indexOf(symbol) != -1): null

2019-08-24 12:54:09 - [TEST_STEP][PASSED] - symbol = symbol: null

2019-08-24 12:54:09 - [TEST_STEP][PASSED] - println(symbol): null

2019-08-24 12:54:09 - [TEST_STEP][PASSED] - if (i == 2 &amp;&amp; wildList.indexOf(symbol) != -1): null

2019-08-24 12:54:09 - [TEST_STEP][PASSED] - if (i == 3 &amp;&amp; wildList.indexOf(symbol) != -1): null

2019-08-24 12:54:09 - [TEST_STEP][PASSED] - if (i == 4 &amp;&amp; wildList.indexOf(symbol) != -1): null

2019-08-24 12:54:09 - [TEST_STEP][PASSED] - symbol = symbol: null

2019-08-24 12:54:09 - [TEST_STEP][PASSED] - println(symbol): null

2019-08-24 12:54:09 - [TEST_STEP][PASSED] - if (i == 2 &amp;&amp; wildList.indexOf(symbol) != -1): null

2019-08-24 12:54:09 - [TEST_STEP][PASSED] - if (i == 3 &amp;&amp; wildList.indexOf(symbol) != -1): null

2019-08-24 12:54:09 - [TEST_STEP][PASSED] - if (i == 4 &amp;&amp; wildList.indexOf(symbol) != -1): null

2019-08-24 12:54:09 - [TEST_STEP][PASSED] - symbols = symbols: null

2019-08-24 12:54:09 - [TEST_STEP][PASSED] - for ([j = 0, j &lt; symbols.size(), (j++)]): null

2019-08-24 12:54:09 - [TEST_STEP][PASSED] - symbol = symbol: null

2019-08-24 12:54:09 - [TEST_STEP][PASSED] - println(symbol): null

2019-08-24 12:54:09 - [TEST_STEP][PASSED] - if (i == 2 &amp;&amp; wildList.indexOf(symbol) != -1): null

2019-08-24 12:54:09 - [TEST_STEP][PASSED] - if (i == 3 &amp;&amp; wildList.indexOf(symbol) != -1): null

2019-08-24 12:54:09 - [TEST_STEP][PASSED] - if (i == 4 &amp;&amp; wildList.indexOf(symbol) != -1): null

2019-08-24 12:54:09 - [TEST_STEP][PASSED] - symbol = symbol: null

2019-08-24 12:54:09 - [TEST_STEP][PASSED] - println(symbol): null

2019-08-24 12:54:09 - [TEST_STEP][PASSED] - if (i == 2 &amp;&amp; wildList.indexOf(symbol) != -1): null

2019-08-24 12:54:09 - [TEST_STEP][PASSED] - if (i == 3 &amp;&amp; wildList.indexOf(symbol) != -1): null

2019-08-24 12:54:09 - [TEST_STEP][PASSED] - if (i == 4 &amp;&amp; wildList.indexOf(symbol) != -1): null

2019-08-24 12:54:09 - [TEST_STEP][PASSED] - symbol = symbol: null

2019-08-24 12:54:09 - [TEST_STEP][PASSED] - println(symbol): null

2019-08-24 12:54:09 - [TEST_STEP][PASSED] - if (i == 2 &amp;&amp; wildList.indexOf(symbol) != -1): null

2019-08-24 12:54:09 - [TEST_STEP][PASSED] - if (i == 3 &amp;&amp; wildList.indexOf(symbol) != -1): null

2019-08-24 12:54:09 - [TEST_STEP][PASSED] - if (i == 4 &amp;&amp; wildList.indexOf(symbol) != -1): null

2019-08-24 12:54:09 - [TEST_STEP][PASSED] - symbols = symbols: null

2019-08-24 12:54:09 - [TEST_STEP][PASSED] - for ([j = 0, j &lt; symbols.size(), (j++)]): null

2019-08-24 12:54:09 - [TEST_STEP][PASSED] - symbol = symbol: null

2019-08-24 12:54:09 - [TEST_STEP][PASSED] - println(symbol): null

2019-08-24 12:54:09 - [TEST_STEP][PASSED] - if (i == 2 &amp;&amp; wildList.indexOf(symbol) != -1): null

2019-08-24 12:54:09 - [TEST_STEP][PASSED] - if (i == 3 &amp;&amp; wildList.indexOf(symbol) != -1): null

2019-08-24 12:54:09 - [TEST_STEP][PASSED] - if (i == 4 &amp;&amp; wildList.indexOf(symbol) != -1): null

2019-08-24 12:54:09 - [TEST_STEP][PASSED] - symbol = symbol: null

2019-08-24 12:54:09 - [TEST_STEP][PASSED] - println(symbol): null

2019-08-24 12:54:09 - [TEST_STEP][PASSED] - if (i == 2 &amp;&amp; wildList.indexOf(symbol) != -1): null

2019-08-24 12:54:09 - [TEST_STEP][PASSED] - if (i == 3 &amp;&amp; wildList.indexOf(symbol) != -1): null

2019-08-24 12:54:09 - [TEST_STEP][PASSED] - println("wild found on reel 4, adding counter by 1"): null

2019-08-24 12:54:09 - [TEST_STEP][PASSED] - free_spin_reel_counter[1] = free_spin_reel_counter[1] + 1: null

2019-08-24 12:54:09 - [TEST_STEP][PASSED] - if (i == 4 &amp;&amp; wildList.indexOf(symbol) != -1): null

2019-08-24 12:54:09 - [TEST_STEP][PASSED] - symbol = symbol: null

2019-08-24 12:54:09 - [TEST_STEP][PASSED] - println(symbol): null

2019-08-24 12:54:09 - [TEST_STEP][PASSED] - if (i == 2 &amp;&amp; wildList.indexOf(symbol) != -1): null

2019-08-24 12:54:09 - [TEST_STEP][PASSED] - if (i == 3 &amp;&amp; wildList.indexOf(symbol) != -1): null

2019-08-24 12:54:09 - [TEST_STEP][PASSED] - if (i == 4 &amp;&amp; wildList.indexOf(symbol) != -1): null

2019-08-24 12:54:09 - [TEST_STEP][PASSED] - symbols = symbols: null

2019-08-24 12:54:09 - [TEST_STEP][PASSED] - for ([j = 0, j &lt; symbols.size(), (j++)]): null

2019-08-24 12:54:09 - [TEST_STEP][PASSED] - symbol = symbol: null

2019-08-24 12:54:09 - [TEST_STEP][PASSED] - println(symbol): null

2019-08-24 12:54:09 - [TEST_STEP][PASSED] - if (i == 2 &amp;&amp; wildList.indexOf(symbol) != -1): null

2019-08-24 12:54:09 - [TEST_STEP][PASSED] - if (i == 3 &amp;&amp; wildList.indexOf(symbol) != -1): null

2019-08-24 12:54:09 - [TEST_STEP][PASSED] - if (i == 4 &amp;&amp; wildList.indexOf(symbol) != -1): null

2019-08-24 12:54:09 - [TEST_STEP][PASSED] - symbol = symbol: null

2019-08-24 12:54:09 - [TEST_STEP][PASSED] - println(symbol): null

2019-08-24 12:54:09 - [TEST_STEP][PASSED] - if (i == 2 &amp;&amp; wildList.indexOf(symbol) != -1): null

2019-08-24 12:54:09 - [TEST_STEP][PASSED] - if (i == 3 &amp;&amp; wildList.indexOf(symbol) != -1): null

2019-08-24 12:54:09 - [TEST_STEP][PASSED] - if (i == 4 &amp;&amp; wildList.indexOf(symbol) != -1): null

2019-08-24 12:54:09 - [TEST_STEP][PASSED] - symbol = symbol: null

2019-08-24 12:54:09 - [TEST_STEP][PASSED] - println(symbol): null

2019-08-24 12:54:09 - [TEST_STEP][PASSED] - if (i == 2 &amp;&amp; wildList.indexOf(symbol) != -1): null

2019-08-24 12:54:09 - [TEST_STEP][PASSED] - if (i == 3 &amp;&amp; wildList.indexOf(symbol) != -1): null

2019-08-24 12:54:09 - [TEST_STEP][PASSED] - if (i == 4 &amp;&amp; wildList.indexOf(symbol) != -1): null

2019-08-24 12:54:09 - [TEST_STEP][PASSED] - free_spin_reel_counter = free_spin_reel_counter: null

2019-08-24 12:54:09 - [TEST_STEP][PASSED] - println("reel 3 wild found: " + free_spin_reel_counter[0]): null

2019-08-24 12:54:09 - [TEST_STEP][PASSED] - println("reel 4 wild found: " + free_spin_reel_counter[1]): null

2019-08-24 12:54:09 - [TEST_STEP][PASSED] - println("reel 5 wild found: " + free_spin_reel_counter[2]): null

2019-08-24 12:54:09 - [TEST_STEP][PASSED] - M4_spin_reels = M4_spin_reels: null

2019-08-24 12:54:09 - [TEST_STEP][PASSED] - M4_spin_reels_symbols = symbol: null

2019-08-24 12:54:09 - [TEST_STEP][PASSED] - M4_spin_reels_symbols = M4_spin_reels_symbols: null

2019-08-24 12:54:09 - [TEST_STEP][PASSED] - M4_spin_reel_wins = reel_wins: null

2019-08-24 12:54:09 - [TEST_STEP][PASSED] - M4_spin_reel_wins = M4_spin_reel_wins: null

2019-08-24 12:54:09 - [TEST_STEP][PASSED] - println("GlobalVariable.M4_spin_reel_wins is: " + M4_spin_reel_wins): null

2019-08-24 12:54:09 - [TEST_STEP][PASSED] - M4_spin_total_bonus_win_this_round = total_bonus_win_this_round: null

2019-08-24 12:54:09 - [TEST_STEP][PASSED] - M4_spin_total_bonus_win_this_round = M4_spin_total_bonus_win_this_round: null

2019-08-24 12:54:09 - [TEST_STEP][PASSED] - println("GlobalVariable.M4_spin_total_bonus_win_this_round is: " + M4_spin_total_bonus_win_this_round): null

2019-08-24 12:54:09 - [TEST_STEP][PASSED] - M4_spin_bonus_spin_result = spin_result: null

2019-08-24 12:54:09 - [TEST_STEP][PASSED] - M4_spin_bonus_spin_result = M4_spin_bonus_spin_result: null

2019-08-24 12:54:09 - [MESSAGE][PASSED] - Verify response successfully

2019-08-24 12:54:09 - [MESSAGE][PASSED] - Send request and verify the response successfully

2019-08-24 12:54:09 - [TEST_STEP][PASSED] - if (M4_total_bonus_spins_int != 0 &amp;&amp; M4_spin_reels_symbols[2].contains("WILD_Double") || M4_spin_reels_symbols[4].contains("WILD_Triple")): null

2019-08-24 12:54:09 - [TEST_STEP][PASSED] - free_spin_reel_counter = free_spin_reel_counter: null

2019-08-24 12:54:09 - [TEST_STEP][PASSED] - M4_spin_reels_symbols = M4_spin_reels_symbols: null

2019-08-24 12:54:09 - [TEST_STEP][PASSED] - M4_total_bonus_spins = M4_total_bonus_spins: null

2019-08-24 12:54:09 - [TEST_STEP][PASSED] - spin_result = sendRequestAndVerify(findTestObject("INT/RGS(M4)/1_M4_spin", ["M4_login_user_id":M4_login_user_id, "rgs_session_token":rgs_session_token, "partner":Partner])): Send request and verify the response successfully

2019-08-24 12:54:09 - [MESSAGE][INFO] - HAR: /Users/eiralee/Katalon_Script/SuperWild/Reports/20190824_124242/INT/superWild_4/20190824_124242/requests/main/203.har

2019-08-24 12:54:09 - [TEST_CASE][PASSED] - Start Test Case : Verification: Verification accomplished successfully

2019-08-24 12:54:10 - [TEST_STEP][PASSED] - request = getInstance().getCurrentRequest(): null

2019-08-24 12:54:10 - [TEST_STEP][PASSED] - response = getInstance().getCurrentResponse(): null

2019-08-24 12:54:10 - [TEST_STEP][PASSED] - verifyResponseStatusCode(response, 200): Verify response status code successfully

2019-08-24 12:54:10 - [MESSAGE][PASSED] - Verify response status code successfully

2019-08-24 12:54:10 - [TEST_STEP][PASSED] - getStatusCode()).isEqualTo(200): null

2019-08-24 12:54:10 - [TEST_STEP][PASSED] - newline = System.getProperty("line.separator"): null

2019-08-24 12:54:10 - [TEST_STEP][PASSED] - M4_spin = new groovy.json.JsonSlurper(): null

2019-08-24 12:54:10 - [TEST_STEP][PASSED] - result_M4_spin = M4_spin.parseText(response.getResponseBodyContent()): null

2019-08-24 12:54:10 - [TEST_STEP][PASSED] - M4_spin_current_balance = current_balance: null

2019-08-24 12:54:10 - [TEST_STEP][PASSED] - M4_spin_current_balance = M4_spin_current_balance: null

2019-08-24 12:54:10 - [TEST_STEP][PASSED] - M4_spin_transaction_id = causality: null

2019-08-24 12:54:10 - [TEST_STEP][PASSED] - M4_spin_transaction_id = M4_spin_transaction_id: null

2019-08-24 12:54:10 - [TEST_STEP][PASSED] - M4_spin_round_id = round_id: null

2019-08-24 12:54:10 - [TEST_STEP][PASSED] - M4_spin_round_id = M4_spin_round_id: null

2019-08-24 12:54:10 - [TEST_STEP][PASSED] - M4_spin_line_wins = line_wins: null

2019-08-24 12:54:10 - [TEST_STEP][PASSED] - M4_spin_line_wins = M4_spin_line_wins: null

2019-08-24 12:54:10 - [TEST_STEP][PASSED] - M4_total_bonus_spins_int = total_bonus_spins: null

2019-08-24 12:54:10 - [TEST_STEP][PASSED] - println("******M4_total_bonus_spins type is:*******" + newline + getClass().getName()): null

2019-08-24 12:54:10 - [TEST_STEP][PASSED] - M4_total_bonus_spins_int = M4_total_bonus_spins_int: null

2019-08-24 12:54:10 - [TEST_STEP][PASSED] - M4_total_bonus_spins = Integer.toString(M4_total_bonus_spins_int): null

2019-08-24 12:54:10 - [TEST_STEP][PASSED] - M4_total_bonus_spins = M4_total_bonus_spins: null

2019-08-24 12:54:10 - [TEST_STEP][PASSED] - println("M4_total_bonus_spins is:" + M4_total_bonus_spins): null

2019-08-24 12:54:10 - [TEST_STEP][PASSED] - M4_spin_bonus_data = bonus_data: null

2019-08-24 12:54:10 - [TEST_STEP][PASSED] - M4_spin_features_triggered = result_M4_spin: null

2019-08-24 12:54:10 - [TEST_STEP][PASSED] - wild = []: null

2019-08-24 12:54:10 - [TEST_STEP][PASSED] - wild[0] = "WILD_Expanding": null

2019-08-24 12:54:10 - [TEST_STEP][PASSED] - wild[1] = "WILD_Normal": null

2019-08-24 12:54:10 - [TEST_STEP][PASSED] - wild[2] = "WILD_Double": null

2019-08-24 12:54:10 - [TEST_STEP][PASSED] - wild[3] = "WILD_ExtraFG": null

2019-08-24 12:54:10 - [TEST_STEP][PASSED] - wild[4] = "WILD_Triple": null

2019-08-24 12:54:10 - [TEST_STEP][PASSED] - wildList = Arrays.asList(wild): null

2019-08-24 12:54:10 - [TEST_STEP][PASSED] - wildList = wildList: null

2019-08-24 12:54:10 - [TEST_STEP][PASSED] - free_spin_reel_counter = []: null

2019-08-24 12:54:10 - [TEST_STEP][PASSED] - free_spin_reel_counter[0] = 0: null

2019-08-24 12:54:10 - [TEST_STEP][PASSED] - free_spin_reel_counter[1] = 0: null

2019-08-24 12:54:10 - [TEST_STEP][PASSED] - free_spin_reel_counter[2] = 0: null

2019-08-24 12:54:10 - [TEST_STEP][PASSED] - M4_spin_reels = reels: null

2019-08-24 12:54:10 - [TEST_STEP][PASSED] - for ([i = 0, i &lt; M4_spin_reels.size(), (i++)]): null

2019-08-24 12:54:10 - [TEST_STEP][PASSED] - symbols = symbols: null

2019-08-24 12:54:10 - [TEST_STEP][PASSED] - for ([j = 0, j &lt; symbols.size(), (j++)]): null

2019-08-24 12:54:10 - [TEST_STEP][PASSED] - symbol = symbol: null

2019-08-24 12:54:10 - [TEST_STEP][PASSED] - println(symbol): null

2019-08-24 12:54:10 - [TEST_STEP][PASSED] - if (i == 2 &amp;&amp; wildList.indexOf(symbol) != -1): null

2019-08-24 12:54:10 - [TEST_STEP][PASSED] - if (i == 3 &amp;&amp; wildList.indexOf(symbol) != -1): null

2019-08-24 12:54:10 - [TEST_STEP][PASSED] - if (i == 4 &amp;&amp; wildList.indexOf(symbol) != -1): null

2019-08-24 12:54:10 - [TEST_STEP][PASSED] - symbol = symbol: null

2019-08-24 12:54:10 - [TEST_STEP][PASSED] - println(symbol): null

2019-08-24 12:54:10 - [TEST_STEP][PASSED] - if (i == 2 &amp;&amp; wildList.indexOf(symbol) != -1): null

2019-08-24 12:54:10 - [TEST_STEP][PASSED] - if (i == 3 &amp;&amp; wildList.indexOf(symbol) != -1): null

2019-08-24 12:54:10 - [TEST_STEP][PASSED] - if (i == 4 &amp;&amp; wildList.indexOf(symbol) != -1): null

2019-08-24 12:54:10 - [TEST_STEP][PASSED] - symbol = symbol: null

2019-08-24 12:54:10 - [TEST_STEP][PASSED] - println(symbol): null

2019-08-24 12:54:10 - [TEST_STEP][PASSED] - if (i == 2 &amp;&amp; wildList.indexOf(symbol) != -1): null

2019-08-24 12:54:10 - [TEST_STEP][PASSED] - if (i == 3 &amp;&amp; wildList.indexOf(symbol) != -1): null

2019-08-24 12:54:10 - [TEST_STEP][PASSED] - if (i == 4 &amp;&amp; wildList.indexOf(symbol) != -1): null

2019-08-24 12:54:10 - [TEST_STEP][PASSED] - symbols = symbols: null

2019-08-24 12:54:10 - [TEST_STEP][PASSED] - for ([j = 0, j &lt; symbols.size(), (j++)]): null

2019-08-24 12:54:10 - [TEST_STEP][PASSED] - symbol = symbol: null

2019-08-24 12:54:10 - [TEST_STEP][PASSED] - println(symbol): null

2019-08-24 12:54:10 - [TEST_STEP][PASSED] - if (i == 2 &amp;&amp; wildList.indexOf(symbol) != -1): null

2019-08-24 12:54:10 - [TEST_STEP][PASSED] - if (i == 3 &amp;&amp; wildList.indexOf(symbol) != -1): null

2019-08-24 12:54:10 - [TEST_STEP][PASSED] - if (i == 4 &amp;&amp; wildList.indexOf(symbol) != -1): null

2019-08-24 12:54:10 - [TEST_STEP][PASSED] - symbol = symbol: null

2019-08-24 12:54:10 - [TEST_STEP][PASSED] - println(symbol): null

2019-08-24 12:54:10 - [TEST_STEP][PASSED] - if (i == 2 &amp;&amp; wildList.indexOf(symbol) != -1): null

2019-08-24 12:54:10 - [TEST_STEP][PASSED] - if (i == 3 &amp;&amp; wildList.indexOf(symbol) != -1): null

2019-08-24 12:54:10 - [TEST_STEP][PASSED] - if (i == 4 &amp;&amp; wildList.indexOf(symbol) != -1): null

2019-08-24 12:54:10 - [TEST_STEP][PASSED] - symbol = symbol: null

2019-08-24 12:54:10 - [TEST_STEP][PASSED] - println(symbol): null

2019-08-24 12:54:10 - [TEST_STEP][PASSED] - if (i == 2 &amp;&amp; wildList.indexOf(symbol) != -1): null

2019-08-24 12:54:10 - [TEST_STEP][PASSED] - if (i == 3 &amp;&amp; wildList.indexOf(symbol) != -1): null

2019-08-24 12:54:10 - [TEST_STEP][PASSED] - if (i == 4 &amp;&amp; wildList.indexOf(symbol) != -1): null

2019-08-24 12:54:10 - [TEST_STEP][PASSED] - symbols = symbols: null

2019-08-24 12:54:10 - [TEST_STEP][PASSED] - for ([j = 0, j &lt; symbols.size(), (j++)]): null

2019-08-24 12:54:10 - [TEST_STEP][PASSED] - symbol = symbol: null

2019-08-24 12:54:10 - [TEST_STEP][PASSED] - println(symbol): null

2019-08-24 12:54:10 - [TEST_STEP][PASSED] - if (i == 2 &amp;&amp; wildList.indexOf(symbol) != -1): null

2019-08-24 12:54:10 - [TEST_STEP][PASSED] - if (i == 3 &amp;&amp; wildList.indexOf(symbol) != -1): null

2019-08-24 12:54:10 - [TEST_STEP][PASSED] - if (i == 4 &amp;&amp; wildList.indexOf(symbol) != -1): null

2019-08-24 12:54:10 - [TEST_STEP][PASSED] - symbol = symbol: null

2019-08-24 12:54:10 - [TEST_STEP][PASSED] - println(symbol): null

2019-08-24 12:54:10 - [TEST_STEP][PASSED] - if (i == 2 &amp;&amp; wildList.indexOf(symbol) != -1): null

2019-08-24 12:54:10 - [TEST_STEP][PASSED] - if (i == 3 &amp;&amp; wildList.indexOf(symbol) != -1): null

2019-08-24 12:54:10 - [TEST_STEP][PASSED] - if (i == 4 &amp;&amp; wildList.indexOf(symbol) != -1): null

2019-08-24 12:54:10 - [TEST_STEP][PASSED] - symbol = symbol: null

2019-08-24 12:54:10 - [TEST_STEP][PASSED] - println(symbol): null

2019-08-24 12:54:10 - [TEST_STEP][PASSED] - if (i == 2 &amp;&amp; wildList.indexOf(symbol) != -1): null

2019-08-24 12:54:10 - [TEST_STEP][PASSED] - if (i == 3 &amp;&amp; wildList.indexOf(symbol) != -1): null

2019-08-24 12:54:10 - [TEST_STEP][PASSED] - if (i == 4 &amp;&amp; wildList.indexOf(symbol) != -1): null

2019-08-24 12:54:10 - [TEST_STEP][PASSED] - symbols = symbols: null

2019-08-24 12:54:10 - [TEST_STEP][PASSED] - for ([j = 0, j &lt; symbols.size(), (j++)]): null

2019-08-24 12:54:10 - [TEST_STEP][PASSED] - symbol = symbol: null

2019-08-24 12:54:10 - [TEST_STEP][PASSED] - println(symbol): null

2019-08-24 12:54:10 - [TEST_STEP][PASSED] - if (i == 2 &amp;&amp; wildList.indexOf(symbol) != -1): null

2019-08-24 12:54:10 - [TEST_STEP][PASSED] - if (i == 3 &amp;&amp; wildList.indexOf(symbol) != -1): null

2019-08-24 12:54:10 - [TEST_STEP][PASSED] - if (i == 4 &amp;&amp; wildList.indexOf(symbol) != -1): null

2019-08-24 12:54:10 - [TEST_STEP][PASSED] - symbol = symbol: null

2019-08-24 12:54:10 - [TEST_STEP][PASSED] - println(symbol): null

2019-08-24 12:54:10 - [TEST_STEP][PASSED] - if (i == 2 &amp;&amp; wildList.indexOf(symbol) != -1): null

2019-08-24 12:54:10 - [TEST_STEP][PASSED] - if (i == 3 &amp;&amp; wildList.indexOf(symbol) != -1): null

2019-08-24 12:54:10 - [TEST_STEP][PASSED] - if (i == 4 &amp;&amp; wildList.indexOf(symbol) != -1): null

2019-08-24 12:54:10 - [TEST_STEP][PASSED] - symbol = symbol: null

2019-08-24 12:54:10 - [TEST_STEP][PASSED] - println(symbol): null

2019-08-24 12:54:10 - [TEST_STEP][PASSED] - if (i == 2 &amp;&amp; wildList.indexOf(symbol) != -1): null

2019-08-24 12:54:10 - [TEST_STEP][PASSED] - if (i == 3 &amp;&amp; wildList.indexOf(symbol) != -1): null

2019-08-24 12:54:10 - [TEST_STEP][PASSED] - if (i == 4 &amp;&amp; wildList.indexOf(symbol) != -1): null

2019-08-24 12:54:10 - [TEST_STEP][PASSED] - symbols = symbols: null

2019-08-24 12:54:10 - [TEST_STEP][PASSED] - for ([j = 0, j &lt; symbols.size(), (j++)]): null

2019-08-24 12:54:10 - [TEST_STEP][PASSED] - symbol = symbol: null

2019-08-24 12:54:10 - [TEST_STEP][PASSED] - println(symbol): null

2019-08-24 12:54:10 - [TEST_STEP][PASSED] - if (i == 2 &amp;&amp; wildList.indexOf(symbol) != -1): null

2019-08-24 12:54:10 - [TEST_STEP][PASSED] - if (i == 3 &amp;&amp; wildList.indexOf(symbol) != -1): null

2019-08-24 12:54:10 - [TEST_STEP][PASSED] - if (i == 4 &amp;&amp; wildList.indexOf(symbol) != -1): null

2019-08-24 12:54:10 - [TEST_STEP][PASSED] - symbol = symbol: null

2019-08-24 12:54:10 - [TEST_STEP][PASSED] - println(symbol): null

2019-08-24 12:54:10 - [TEST_STEP][PASSED] - if (i == 2 &amp;&amp; wildList.indexOf(symbol) != -1): null

2019-08-24 12:54:10 - [TEST_STEP][PASSED] - if (i == 3 &amp;&amp; wildList.indexOf(symbol) != -1): null

2019-08-24 12:54:10 - [TEST_STEP][PASSED] - if (i == 4 &amp;&amp; wildList.indexOf(symbol) != -1): null

2019-08-24 12:54:10 - [TEST_STEP][PASSED] - symbol = symbol: null

2019-08-24 12:54:10 - [TEST_STEP][PASSED] - println(symbol): null

2019-08-24 12:54:10 - [TEST_STEP][PASSED] - if (i == 2 &amp;&amp; wildList.indexOf(symbol) != -1): null

2019-08-24 12:54:10 - [TEST_STEP][PASSED] - if (i == 3 &amp;&amp; wildList.indexOf(symbol) != -1): null

2019-08-24 12:54:10 - [TEST_STEP][PASSED] - if (i == 4 &amp;&amp; wildList.indexOf(symbol) != -1): null

2019-08-24 12:54:10 - [TEST_STEP][PASSED] - free_spin_reel_counter = free_spin_reel_counter: null

2019-08-24 12:54:10 - [TEST_STEP][PASSED] - println("reel 3 wild found: " + free_spin_reel_counter[0]): null

2019-08-24 12:54:10 - [TEST_STEP][PASSED] - println("reel 4 wild found: " + free_spin_reel_counter[1]): null

2019-08-24 12:54:10 - [TEST_STEP][PASSED] - println("reel 5 wild found: " + free_spin_reel_counter[2]): null

2019-08-24 12:54:10 - [TEST_STEP][PASSED] - M4_spin_reels = M4_spin_reels: null

2019-08-24 12:54:10 - [TEST_STEP][PASSED] - M4_spin_reels_symbols = symbol: null

2019-08-24 12:54:10 - [TEST_STEP][PASSED] - M4_spin_reels_symbols = M4_spin_reels_symbols: null

2019-08-24 12:54:10 - [TEST_STEP][PASSED] - M4_spin_reel_wins = reel_wins: null

2019-08-24 12:54:10 - [TEST_STEP][PASSED] - M4_spin_reel_wins = M4_spin_reel_wins: null

2019-08-24 12:54:10 - [TEST_STEP][PASSED] - println("GlobalVariable.M4_spin_reel_wins is: " + M4_spin_reel_wins): null

2019-08-24 12:54:10 - [TEST_STEP][PASSED] - M4_spin_total_bonus_win_this_round = total_bonus_win_this_round: null

2019-08-24 12:54:10 - [TEST_STEP][PASSED] - M4_spin_total_bonus_win_this_round = M4_spin_total_bonus_win_this_round: null

2019-08-24 12:54:10 - [TEST_STEP][PASSED] - println("GlobalVariable.M4_spin_total_bonus_win_this_round is: " + M4_spin_total_bonus_win_this_round): null

2019-08-24 12:54:10 - [TEST_STEP][PASSED] - M4_spin_bonus_spin_result = spin_result: null

2019-08-24 12:54:10 - [TEST_STEP][PASSED] - M4_spin_bonus_spin_result = M4_spin_bonus_spin_result: null

2019-08-24 12:54:10 - [MESSAGE][PASSED] - Verify response successfully

2019-08-24 12:54:10 - [MESSAGE][PASSED] - Send request and verify the response successfully

2019-08-24 12:54:10 - [TEST_STEP][PASSED] - if (M4_total_bonus_spins_int != 0 &amp;&amp; M4_spin_reels_symbols[2].contains("WILD_Double") || M4_spin_reels_symbols[4].contains("WILD_Triple")): null

2019-08-24 12:54:10 - [TEST_STEP][PASSED] - free_spin_reel_counter = free_spin_reel_counter: null

2019-08-24 12:54:10 - [TEST_STEP][PASSED] - M4_spin_reels_symbols = M4_spin_reels_symbols: null

2019-08-24 12:54:10 - [TEST_STEP][PASSED] - M4_total_bonus_spins = M4_total_bonus_spins: null

2019-08-24 12:54:10 - [TEST_STEP][PASSED] - spin_result = sendRequestAndVerify(findTestObject("INT/RGS(M4)/1_M4_spin", ["M4_login_user_id":M4_login_user_id, "rgs_session_token":rgs_session_token, "partner":Partner])): Send request and verify the response successfully

2019-08-24 12:54:10 - [MESSAGE][INFO] - HAR: /Users/eiralee/Katalon_Script/SuperWild/Reports/20190824_124242/INT/superWild_4/20190824_124242/requests/main/204.har

2019-08-24 12:54:10 - [TEST_CASE][PASSED] - Start Test Case : Verification: Verification accomplished successfully

2019-08-24 12:54:10 - [TEST_STEP][PASSED] - request = getInstance().getCurrentRequest(): null

2019-08-24 12:54:10 - [TEST_STEP][PASSED] - response = getInstance().getCurrentResponse(): null

2019-08-24 12:54:10 - [TEST_STEP][PASSED] - verifyResponseStatusCode(response, 200): Verify response status code successfully

2019-08-24 12:54:10 - [MESSAGE][PASSED] - Verify response status code successfully

2019-08-24 12:54:10 - [TEST_STEP][PASSED] - getStatusCode()).isEqualTo(200): null

2019-08-24 12:54:10 - [TEST_STEP][PASSED] - newline = System.getProperty("line.separator"): null

2019-08-24 12:54:10 - [TEST_STEP][PASSED] - M4_spin = new groovy.json.JsonSlurper(): null

2019-08-24 12:54:10 - [TEST_STEP][PASSED] - result_M4_spin = M4_spin.parseText(response.getResponseBodyContent()): null

2019-08-24 12:54:10 - [TEST_STEP][PASSED] - M4_spin_current_balance = current_balance: null

2019-08-24 12:54:10 - [TEST_STEP][PASSED] - M4_spin_current_balance = M4_spin_current_balance: null

2019-08-24 12:54:10 - [TEST_STEP][PASSED] - M4_spin_transaction_id = causality: null

2019-08-24 12:54:10 - [TEST_STEP][PASSED] - M4_spin_transaction_id = M4_spin_transaction_id: null

2019-08-24 12:54:10 - [TEST_STEP][PASSED] - M4_spin_round_id = round_id: null

2019-08-24 12:54:10 - [TEST_STEP][PASSED] - M4_spin_round_id = M4_spin_round_id: null

2019-08-24 12:54:10 - [TEST_STEP][PASSED] - M4_spin_line_wins = line_wins: null

2019-08-24 12:54:10 - [TEST_STEP][PASSED] - M4_spin_line_wins = M4_spin_line_wins: null

2019-08-24 12:54:10 - [TEST_STEP][PASSED] - M4_total_bonus_spins_int = total_bonus_spins: null

2019-08-24 12:54:10 - [TEST_STEP][PASSED] - println("******M4_total_bonus_spins type is:*******" + newline + getClass().getName()): null

2019-08-24 12:54:10 - [TEST_STEP][PASSED] - M4_total_bonus_spins_int = M4_total_bonus_spins_int: null

2019-08-24 12:54:10 - [TEST_STEP][PASSED] - M4_total_bonus_spins = Integer.toString(M4_total_bonus_spins_int): null

2019-08-24 12:54:10 - [TEST_STEP][PASSED] - M4_total_bonus_spins = M4_total_bonus_spins: null

2019-08-24 12:54:10 - [TEST_STEP][PASSED] - println("M4_total_bonus_spins is:" + M4_total_bonus_spins): null

2019-08-24 12:54:10 - [TEST_STEP][PASSED] - M4_spin_bonus_data = bonus_data: null

2019-08-24 12:54:10 - [TEST_STEP][PASSED] - M4_spin_features_triggered = result_M4_spin: null

2019-08-24 12:54:10 - [TEST_STEP][PASSED] - wild = []: null

2019-08-24 12:54:10 - [TEST_STEP][PASSED] - wild[0] = "WILD_Expanding": null

2019-08-24 12:54:10 - [TEST_STEP][PASSED] - wild[1] = "WILD_Normal": null

2019-08-24 12:54:10 - [TEST_STEP][PASSED] - wild[2] = "WILD_Double": null

2019-08-24 12:54:10 - [TEST_STEP][PASSED] - wild[3] = "WILD_ExtraFG": null

2019-08-24 12:54:10 - [TEST_STEP][PASSED] - wild[4] = "WILD_Triple": null

2019-08-24 12:54:10 - [TEST_STEP][PASSED] - wildList = Arrays.asList(wild): null

2019-08-24 12:54:10 - [TEST_STEP][PASSED] - wildList = wildList: null

2019-08-24 12:54:10 - [TEST_STEP][PASSED] - free_spin_reel_counter = []: null

2019-08-24 12:54:10 - [TEST_STEP][PASSED] - free_spin_reel_counter[0] = 0: null

2019-08-24 12:54:10 - [TEST_STEP][PASSED] - free_spin_reel_counter[1] = 0: null

2019-08-24 12:54:10 - [TEST_STEP][PASSED] - free_spin_reel_counter[2] = 0: null

2019-08-24 12:54:10 - [TEST_STEP][PASSED] - M4_spin_reels = reels: null

2019-08-24 12:54:10 - [TEST_STEP][PASSED] - for ([i = 0, i &lt; M4_spin_reels.size(), (i++)]): null

2019-08-24 12:54:10 - [TEST_STEP][PASSED] - symbols = symbols: null

2019-08-24 12:54:10 - [TEST_STEP][PASSED] - for ([j = 0, j &lt; symbols.size(), (j++)]): null

2019-08-24 12:54:10 - [TEST_STEP][PASSED] - symbol = symbol: null

2019-08-24 12:54:10 - [TEST_STEP][PASSED] - println(symbol): null

2019-08-24 12:54:10 - [TEST_STEP][PASSED] - if (i == 2 &amp;&amp; wildList.indexOf(symbol) != -1): null

2019-08-24 12:54:10 - [TEST_STEP][PASSED] - if (i == 3 &amp;&amp; wildList.indexOf(symbol) != -1): null

2019-08-24 12:54:10 - [TEST_STEP][PASSED] - if (i == 4 &amp;&amp; wildList.indexOf(symbol) != -1): null

2019-08-24 12:54:10 - [TEST_STEP][PASSED] - symbol = symbol: null

2019-08-24 12:54:10 - [TEST_STEP][PASSED] - println(symbol): null

2019-08-24 12:54:10 - [TEST_STEP][PASSED] - if (i == 2 &amp;&amp; wildList.indexOf(symbol) != -1): null

2019-08-24 12:54:10 - [TEST_STEP][PASSED] - if (i == 3 &amp;&amp; wildList.indexOf(symbol) != -1): null

2019-08-24 12:54:10 - [TEST_STEP][PASSED] - if (i == 4 &amp;&amp; wildList.indexOf(symbol) != -1): null

2019-08-24 12:54:10 - [TEST_STEP][PASSED] - symbol = symbol: null

2019-08-24 12:54:10 - [TEST_STEP][PASSED] - println(symbol): null

2019-08-24 12:54:10 - [TEST_STEP][PASSED] - if (i == 2 &amp;&amp; wildList.indexOf(symbol) != -1): null

2019-08-24 12:54:10 - [TEST_STEP][PASSED] - if (i == 3 &amp;&amp; wildList.indexOf(symbol) != -1): null

2019-08-24 12:54:10 - [TEST_STEP][PASSED] - if (i == 4 &amp;&amp; wildList.indexOf(symbol) != -1): null

2019-08-24 12:54:10 - [TEST_STEP][PASSED] - symbols = symbols: null

2019-08-24 12:54:10 - [TEST_STEP][PASSED] - for ([j = 0, j &lt; symbols.size(), (j++)]): null

2019-08-24 12:54:10 - [TEST_STEP][PASSED] - symbol = symbol: null

2019-08-24 12:54:10 - [TEST_STEP][PASSED] - println(symbol): null

2019-08-24 12:54:10 - [TEST_STEP][PASSED] - if (i == 2 &amp;&amp; wildList.indexOf(symbol) != -1): null

2019-08-24 12:54:10 - [TEST_STEP][PASSED] - if (i == 3 &amp;&amp; wildList.indexOf(symbol) != -1): null

2019-08-24 12:54:10 - [TEST_STEP][PASSED] - if (i == 4 &amp;&amp; wildList.indexOf(symbol) != -1): null

2019-08-24 12:54:10 - [TEST_STEP][PASSED] - symbol = symbol: null

2019-08-24 12:54:10 - [TEST_STEP][PASSED] - println(symbol): null

2019-08-24 12:54:10 - [TEST_STEP][PASSED] - if (i == 2 &amp;&amp; wildList.indexOf(symbol) != -1): null

2019-08-24 12:54:10 - [TEST_STEP][PASSED] - if (i == 3 &amp;&amp; wildList.indexOf(symbol) != -1): null

2019-08-24 12:54:10 - [TEST_STEP][PASSED] - if (i == 4 &amp;&amp; wildList.indexOf(symbol) != -1): null

2019-08-24 12:54:10 - [TEST_STEP][PASSED] - symbol = symbol: null

2019-08-24 12:54:10 - [TEST_STEP][PASSED] - println(symbol): null

2019-08-24 12:54:10 - [TEST_STEP][PASSED] - if (i == 2 &amp;&amp; wildList.indexOf(symbol) != -1): null

2019-08-24 12:54:10 - [TEST_STEP][PASSED] - if (i == 3 &amp;&amp; wildList.indexOf(symbol) != -1): null

2019-08-24 12:54:10 - [TEST_STEP][PASSED] - if (i == 4 &amp;&amp; wildList.indexOf(symbol) != -1): null

2019-08-24 12:54:10 - [TEST_STEP][PASSED] - symbols = symbols: null

2019-08-24 12:54:10 - [TEST_STEP][PASSED] - for ([j = 0, j &lt; symbols.size(), (j++)]): null

2019-08-24 12:54:10 - [TEST_STEP][PASSED] - symbol = symbol: null

2019-08-24 12:54:10 - [TEST_STEP][PASSED] - println(symbol): null

2019-08-24 12:54:10 - [TEST_STEP][PASSED] - if (i == 2 &amp;&amp; wildList.indexOf(symbol) != -1): null

2019-08-24 12:54:10 - [TEST_STEP][PASSED] - if (i == 3 &amp;&amp; wildList.indexOf(symbol) != -1): null

2019-08-24 12:54:10 - [TEST_STEP][PASSED] - if (i == 4 &amp;&amp; wildList.indexOf(symbol) != -1): null

2019-08-24 12:54:10 - [TEST_STEP][PASSED] - symbol = symbol: null

2019-08-24 12:54:10 - [TEST_STEP][PASSED] - println(symbol): null

2019-08-24 12:54:10 - [TEST_STEP][PASSED] - if (i == 2 &amp;&amp; wildList.indexOf(symbol) != -1): null

2019-08-24 12:54:10 - [TEST_STEP][PASSED] - if (i == 3 &amp;&amp; wildList.indexOf(symbol) != -1): null

2019-08-24 12:54:10 - [TEST_STEP][PASSED] - if (i == 4 &amp;&amp; wildList.indexOf(symbol) != -1): null

2019-08-24 12:54:10 - [TEST_STEP][PASSED] - symbol = symbol: null

2019-08-24 12:54:10 - [TEST_STEP][PASSED] - println(symbol): null

2019-08-24 12:54:10 - [TEST_STEP][PASSED] - if (i == 2 &amp;&amp; wildList.indexOf(symbol) != -1): null

2019-08-24 12:54:10 - [TEST_STEP][PASSED] - if (i == 3 &amp;&amp; wildList.indexOf(symbol) != -1): null

2019-08-24 12:54:10 - [TEST_STEP][PASSED] - if (i == 4 &amp;&amp; wildList.indexOf(symbol) != -1): null

2019-08-24 12:54:10 - [TEST_STEP][PASSED] - symbols = symbols: null

2019-08-24 12:54:10 - [TEST_STEP][PASSED] - for ([j = 0, j &lt; symbols.size(), (j++)]): null

2019-08-24 12:54:10 - [TEST_STEP][PASSED] - symbol = symbol: null

2019-08-24 12:54:10 - [TEST_STEP][PASSED] - println(symbol): null

2019-08-24 12:54:10 - [TEST_STEP][PASSED] - if (i == 2 &amp;&amp; wildList.indexOf(symbol) != -1): null

2019-08-24 12:54:10 - [TEST_STEP][PASSED] - if (i == 3 &amp;&amp; wildList.indexOf(symbol) != -1): null

2019-08-24 12:54:10 - [TEST_STEP][PASSED] - if (i == 4 &amp;&amp; wildList.indexOf(symbol) != -1): null

2019-08-24 12:54:10 - [TEST_STEP][PASSED] - symbol = symbol: null

2019-08-24 12:54:10 - [TEST_STEP][PASSED] - println(symbol): null

2019-08-24 12:54:10 - [TEST_STEP][PASSED] - if (i == 2 &amp;&amp; wildList.indexOf(symbol) != -1): null

2019-08-24 12:54:10 - [TEST_STEP][PASSED] - if (i == 3 &amp;&amp; wildList.indexOf(symbol) != -1): null

2019-08-24 12:54:10 - [TEST_STEP][PASSED] - if (i == 4 &amp;&amp; wildList.indexOf(symbol) != -1): null

2019-08-24 12:54:10 - [TEST_STEP][PASSED] - symbol = symbol: null

2019-08-24 12:54:10 - [TEST_STEP][PASSED] - println(symbol): null

2019-08-24 12:54:10 - [TEST_STEP][PASSED] - if (i == 2 &amp;&amp; wildList.indexOf(symbol) != -1): null

2019-08-24 12:54:10 - [TEST_STEP][PASSED] - if (i == 3 &amp;&amp; wildList.indexOf(symbol) != -1): null

2019-08-24 12:54:10 - [TEST_STEP][PASSED] - if (i == 4 &amp;&amp; wildList.indexOf(symbol) != -1): null

2019-08-24 12:54:10 - [TEST_STEP][PASSED] - symbols = symbols: null

2019-08-24 12:54:10 - [TEST_STEP][PASSED] - for ([j = 0, j &lt; symbols.size(), (j++)]): null

2019-08-24 12:54:10 - [TEST_STEP][PASSED] - symbol = symbol: null

2019-08-24 12:54:10 - [TEST_STEP][PASSED] - println(symbol): null

2019-08-24 12:54:10 - [TEST_STEP][PASSED] - if (i == 2 &amp;&amp; wildList.indexOf(symbol) != -1): null

2019-08-24 12:54:10 - [TEST_STEP][PASSED] - if (i == 3 &amp;&amp; wildList.indexOf(symbol) != -1): null

2019-08-24 12:54:10 - [TEST_STEP][PASSED] - if (i == 4 &amp;&amp; wildList.indexOf(symbol) != -1): null

2019-08-24 12:54:10 - [TEST_STEP][PASSED] - symbol = symbol: null

2019-08-24 12:54:10 - [TEST_STEP][PASSED] - println(symbol): null

2019-08-24 12:54:10 - [TEST_STEP][PASSED] - if (i == 2 &amp;&amp; wildList.indexOf(symbol) != -1): null

2019-08-24 12:54:10 - [TEST_STEP][PASSED] - if (i == 3 &amp;&amp; wildList.indexOf(symbol) != -1): null

2019-08-24 12:54:10 - [TEST_STEP][PASSED] - if (i == 4 &amp;&amp; wildList.indexOf(symbol) != -1): null

2019-08-24 12:54:10 - [TEST_STEP][PASSED] - symbol = symbol: null

2019-08-24 12:54:10 - [TEST_STEP][PASSED] - println(symbol): null

2019-08-24 12:54:10 - [TEST_STEP][PASSED] - if (i == 2 &amp;&amp; wildList.indexOf(symbol) != -1): null

2019-08-24 12:54:10 - [TEST_STEP][PASSED] - if (i == 3 &amp;&amp; wildList.indexOf(symbol) != -1): null

2019-08-24 12:54:10 - [TEST_STEP][PASSED] - if (i == 4 &amp;&amp; wildList.indexOf(symbol) != -1): null

2019-08-24 12:54:10 - [TEST_STEP][PASSED] - free_spin_reel_counter = free_spin_reel_counter: null

2019-08-24 12:54:10 - [TEST_STEP][PASSED] - println("reel 3 wild found: " + free_spin_reel_counter[0]): null

2019-08-24 12:54:10 - [TEST_STEP][PASSED] - println("reel 4 wild found: " + free_spin_reel_counter[1]): null

2019-08-24 12:54:10 - [TEST_STEP][PASSED] - println("reel 5 wild found: " + free_spin_reel_counter[2]): null

2019-08-24 12:54:10 - [TEST_STEP][PASSED] - M4_spin_reels = M4_spin_reels: null

2019-08-24 12:54:10 - [TEST_STEP][PASSED] - M4_spin_reels_symbols = symbol: null

2019-08-24 12:54:10 - [TEST_STEP][PASSED] - M4_spin_reels_symbols = M4_spin_reels_symbols: null

2019-08-24 12:54:10 - [TEST_STEP][PASSED] - M4_spin_reel_wins = reel_wins: null

2019-08-24 12:54:10 - [TEST_STEP][PASSED] - M4_spin_reel_wins = M4_spin_reel_wins: null

2019-08-24 12:54:10 - [TEST_STEP][PASSED] - println("GlobalVariable.M4_spin_reel_wins is: " + M4_spin_reel_wins): null

2019-08-24 12:54:10 - [TEST_STEP][PASSED] - M4_spin_total_bonus_win_this_round = total_bonus_win_this_round: null

2019-08-24 12:54:10 - [TEST_STEP][PASSED] - M4_spin_total_bonus_win_this_round = M4_spin_total_bonus_win_this_round: null

2019-08-24 12:54:10 - [TEST_STEP][PASSED] - println("GlobalVariable.M4_spin_total_bonus_win_this_round is: " + M4_spin_total_bonus_win_this_round): null

2019-08-24 12:54:10 - [TEST_STEP][PASSED] - M4_spin_bonus_spin_result = spin_result: null

2019-08-24 12:54:10 - [TEST_STEP][PASSED] - M4_spin_bonus_spin_result = M4_spin_bonus_spin_result: null

2019-08-24 12:54:10 - [MESSAGE][PASSED] - Verify response successfully

2019-08-24 12:54:10 - [MESSAGE][PASSED] - Send request and verify the response successfully

2019-08-24 12:54:10 - [TEST_STEP][PASSED] - if (M4_total_bonus_spins_int != 0 &amp;&amp; M4_spin_reels_symbols[2].contains("WILD_Double") || M4_spin_reels_symbols[4].contains("WILD_Triple")): null

2019-08-24 12:54:10 - [TEST_STEP][PASSED] - free_spin_reel_counter = free_spin_reel_counter: null

2019-08-24 12:54:10 - [TEST_STEP][PASSED] - M4_spin_reels_symbols = M4_spin_reels_symbols: null

2019-08-24 12:54:10 - [TEST_STEP][PASSED] - M4_total_bonus_spins = M4_total_bonus_spins: null

2019-08-24 12:54:10 - [TEST_STEP][PASSED] - spin_result = sendRequestAndVerify(findTestObject("INT/RGS(M4)/1_M4_spin", ["M4_login_user_id":M4_login_user_id, "rgs_session_token":rgs_session_token, "partner":Partner])): Send request and verify the response successfully

2019-08-24 12:54:11 - [MESSAGE][INFO] - HAR: /Users/eiralee/Katalon_Script/SuperWild/Reports/20190824_124242/INT/superWild_4/20190824_124242/requests/main/205.har

2019-08-24 12:54:11 - [TEST_CASE][PASSED] - Start Test Case : Verification: Verification accomplished successfully

2019-08-24 12:54:11 - [TEST_STEP][PASSED] - request = getInstance().getCurrentRequest(): null

2019-08-24 12:54:11 - [TEST_STEP][PASSED] - response = getInstance().getCurrentResponse(): null

2019-08-24 12:54:11 - [TEST_STEP][PASSED] - verifyResponseStatusCode(response, 200): Verify response status code successfully

2019-08-24 12:54:11 - [MESSAGE][PASSED] - Verify response status code successfully

2019-08-24 12:54:11 - [TEST_STEP][PASSED] - getStatusCode()).isEqualTo(200): null

2019-08-24 12:54:11 - [TEST_STEP][PASSED] - newline = System.getProperty("line.separator"): null

2019-08-24 12:54:11 - [TEST_STEP][PASSED] - M4_spin = new groovy.json.JsonSlurper(): null

2019-08-24 12:54:11 - [TEST_STEP][PASSED] - result_M4_spin = M4_spin.parseText(response.getResponseBodyContent()): null

2019-08-24 12:54:11 - [TEST_STEP][PASSED] - M4_spin_current_balance = current_balance: null

2019-08-24 12:54:11 - [TEST_STEP][PASSED] - M4_spin_current_balance = M4_spin_current_balance: null

2019-08-24 12:54:11 - [TEST_STEP][PASSED] - M4_spin_transaction_id = causality: null

2019-08-24 12:54:11 - [TEST_STEP][PASSED] - M4_spin_transaction_id = M4_spin_transaction_id: null

2019-08-24 12:54:11 - [TEST_STEP][PASSED] - M4_spin_round_id = round_id: null

2019-08-24 12:54:11 - [TEST_STEP][PASSED] - M4_spin_round_id = M4_spin_round_id: null

2019-08-24 12:54:11 - [TEST_STEP][PASSED] - M4_spin_line_wins = line_wins: null

2019-08-24 12:54:11 - [TEST_STEP][PASSED] - M4_spin_line_wins = M4_spin_line_wins: null

2019-08-24 12:54:11 - [TEST_STEP][PASSED] - M4_total_bonus_spins_int = total_bonus_spins: null

2019-08-24 12:54:11 - [TEST_STEP][PASSED] - println("******M4_total_bonus_spins type is:*******" + newline + getClass().getName()): null

2019-08-24 12:54:11 - [TEST_STEP][PASSED] - M4_total_bonus_spins_int = M4_total_bonus_spins_int: null

2019-08-24 12:54:11 - [TEST_STEP][PASSED] - M4_total_bonus_spins = Integer.toString(M4_total_bonus_spins_int): null

2019-08-24 12:54:11 - [TEST_STEP][PASSED] - M4_total_bonus_spins = M4_total_bonus_spins: null

2019-08-24 12:54:11 - [TEST_STEP][PASSED] - println("M4_total_bonus_spins is:" + M4_total_bonus_spins): null

2019-08-24 12:54:11 - [TEST_STEP][PASSED] - M4_spin_bonus_data = bonus_data: null

2019-08-24 12:54:11 - [TEST_STEP][PASSED] - M4_spin_features_triggered = result_M4_spin: null

2019-08-24 12:54:11 - [TEST_STEP][PASSED] - wild = []: null

2019-08-24 12:54:11 - [TEST_STEP][PASSED] - wild[0] = "WILD_Expanding": null

2019-08-24 12:54:11 - [TEST_STEP][PASSED] - wild[1] = "WILD_Normal": null

2019-08-24 12:54:11 - [TEST_STEP][PASSED] - wild[2] = "WILD_Double": null

2019-08-24 12:54:11 - [TEST_STEP][PASSED] - wild[3] = "WILD_ExtraFG": null

2019-08-24 12:54:11 - [TEST_STEP][PASSED] - wild[4] = "WILD_Triple": null

2019-08-24 12:54:11 - [TEST_STEP][PASSED] - wildList = Arrays.asList(wild): null

2019-08-24 12:54:11 - [TEST_STEP][PASSED] - wildList = wildList: null

2019-08-24 12:54:11 - [TEST_STEP][PASSED] - free_spin_reel_counter = []: null

2019-08-24 12:54:11 - [TEST_STEP][PASSED] - free_spin_reel_counter[0] = 0: null

2019-08-24 12:54:11 - [TEST_STEP][PASSED] - free_spin_reel_counter[1] = 0: null

2019-08-24 12:54:11 - [TEST_STEP][PASSED] - free_spin_reel_counter[2] = 0: null

2019-08-24 12:54:11 - [TEST_STEP][PASSED] - M4_spin_reels = reels: null

2019-08-24 12:54:11 - [TEST_STEP][PASSED] - for ([i = 0, i &lt; M4_spin_reels.size(), (i++)]): null

2019-08-24 12:54:11 - [TEST_STEP][PASSED] - symbols = symbols: null

2019-08-24 12:54:11 - [TEST_STEP][PASSED] - for ([j = 0, j &lt; symbols.size(), (j++)]): null

2019-08-24 12:54:11 - [TEST_STEP][PASSED] - symbol = symbol: null

2019-08-24 12:54:11 - [TEST_STEP][PASSED] - println(symbol): null

2019-08-24 12:54:11 - [TEST_STEP][PASSED] - if (i == 2 &amp;&amp; wildList.indexOf(symbol) != -1): null

2019-08-24 12:54:11 - [TEST_STEP][PASSED] - if (i == 3 &amp;&amp; wildList.indexOf(symbol) != -1): null

2019-08-24 12:54:11 - [TEST_STEP][PASSED] - if (i == 4 &amp;&amp; wildList.indexOf(symbol) != -1): null

2019-08-24 12:54:11 - [TEST_STEP][PASSED] - symbol = symbol: null

2019-08-24 12:54:11 - [TEST_STEP][PASSED] - println(symbol): null

2019-08-24 12:54:11 - [TEST_STEP][PASSED] - if (i == 2 &amp;&amp; wildList.indexOf(symbol) != -1): null

2019-08-24 12:54:14 - [TEST_STEP][PASSED] - if (i == 3 &amp;&amp; wildList.indexOf(symbol) != -1): null

2019-08-24 12:54:20 - [TEST_STEP][PASSED] - if (i == 4 &amp;&amp; wildList.indexOf(symbol) != -1): null

2019-08-24 12:54:20 - [TEST_STEP][PASSED] - symbol = symbol: null

2019-08-24 12:54:20 - [TEST_STEP][PASSED] - println(symbol): null

2019-08-24 12:54:20 - [TEST_STEP][PASSED] - if (i == 2 &amp;&amp; wildList.indexOf(symbol) != -1): null

2019-08-24 12:54:20 - [TEST_STEP][PASSED] - if (i == 3 &amp;&amp; wildList.indexOf(symbol) != -1): null

2019-08-24 12:54:25 - [TEST_STEP][PASSED] - if (i == 4 &amp;&amp; wildList.indexOf(symbol) != -1): null

2019-08-24 12:54:25 - [TEST_STEP][PASSED] - symbols = symbols: null

2019-08-24 12:54:25 - [TEST_STEP][PASSED] - for ([j = 0, j &lt; symbols.size(), (j++)]): null

2019-08-24 12:54:25 - [TEST_STEP][PASSED] - symbol = symbol: null

2019-08-24 12:54:25 - [TEST_STEP][PASSED] - println(symbol): null

2019-08-24 12:54:25 - [TEST_STEP][PASSED] - if (i == 2 &amp;&amp; wildList.indexOf(symbol) != -1): null

2019-08-24 12:54:25 - [TEST_STEP][PASSED] - if (i == 3 &amp;&amp; wildList.indexOf(symbol) != -1): null

2019-08-24 12:54:25 - [TEST_STEP][PASSED] - if (i == 4 &amp;&amp; wildList.indexOf(symbol) != -1): null

2019-08-24 12:54:25 - [TEST_STEP][PASSED] - symbol = symbol: null

2019-08-24 12:54:25 - [TEST_STEP][PASSED] - println(symbol): null

2019-08-24 12:54:25 - [TEST_STEP][PASSED] - if (i == 2 &amp;&amp; wildList.indexOf(symbol) != -1): null

2019-08-24 12:54:25 - [TEST_STEP][PASSED] - if (i == 3 &amp;&amp; wildList.indexOf(symbol) != -1): null

2019-08-24 12:54:25 - [TEST_STEP][PASSED] - if (i == 4 &amp;&amp; wildList.indexOf(symbol) != -1): null

2019-08-24 12:54:25 - [TEST_STEP][PASSED] - symbol = symbol: null

2019-08-24 12:54:25 - [TEST_STEP][PASSED] - println(symbol): null

2019-08-24 12:54:25 - [TEST_STEP][PASSED] - if (i == 2 &amp;&amp; wildList.indexOf(symbol) != -1): null

2019-08-24 12:54:25 - [TEST_STEP][PASSED] - if (i == 3 &amp;&amp; wildList.indexOf(symbol) != -1): null

2019-08-24 12:54:25 - [TEST_STEP][PASSED] - if (i == 4 &amp;&amp; wildList.indexOf(symbol) != -1): null

2019-08-24 12:54:25 - [TEST_STEP][PASSED] - symbols = symbols: null

2019-08-24 12:54:25 - [TEST_STEP][PASSED] - for ([j = 0, j &lt; symbols.size(), (j++)]): null

2019-08-24 12:54:25 - [TEST_STEP][PASSED] - symbol = symbol: null

2019-08-24 12:54:25 - [TEST_STEP][PASSED] - println(symbol): null

2019-08-24 12:54:25 - [TEST_STEP][PASSED] - if (i == 2 &amp;&amp; wildList.indexOf(symbol) != -1): null

2019-08-24 12:54:25 - [TEST_STEP][PASSED] - if (i == 3 &amp;&amp; wildList.indexOf(symbol) != -1): null

2019-08-24 12:54:25 - [TEST_STEP][PASSED] - if (i == 4 &amp;&amp; wildList.indexOf(symbol) != -1): null

2019-08-24 12:54:25 - [TEST_STEP][PASSED] - symbol = symbol: null

2019-08-24 12:54:25 - [TEST_STEP][PASSED] - println(symbol): null

2019-08-24 12:54:25 - [TEST_STEP][PASSED] - if (i == 2 &amp;&amp; wildList.indexOf(symbol) != -1): null

2019-08-24 12:54:25 - [TEST_STEP][PASSED] - if (i == 3 &amp;&amp; wildList.indexOf(symbol) != -1): null

2019-08-24 12:54:25 - [TEST_STEP][PASSED] - if (i == 4 &amp;&amp; wildList.indexOf(symbol) != -1): null

2019-08-24 12:54:25 - [TEST_STEP][PASSED] - symbol = symbol: null

2019-08-24 12:54:25 - [TEST_STEP][PASSED] - println(symbol): null

2019-08-24 12:54:25 - [TEST_STEP][PASSED] - if (i == 2 &amp;&amp; wildList.indexOf(symbol) != -1): null

2019-08-24 12:54:25 - [TEST_STEP][PASSED] - if (i == 3 &amp;&amp; wildList.indexOf(symbol) != -1): null

2019-08-24 12:54:25 - [TEST_STEP][PASSED] - if (i == 4 &amp;&amp; wildList.indexOf(symbol) != -1): null

2019-08-24 12:54:25 - [TEST_STEP][PASSED] - symbols = symbols: null

2019-08-24 12:54:25 - [TEST_STEP][PASSED] - for ([j = 0, j &lt; symbols.size(), (j++)]): null

2019-08-24 12:54:25 - [TEST_STEP][PASSED] - symbol = symbol: null

2019-08-24 12:54:25 - [TEST_STEP][PASSED] - println(symbol): null

2019-08-24 12:54:25 - [TEST_STEP][PASSED] - if (i == 2 &amp;&amp; wildList.indexOf(symbol) != -1): null

2019-08-24 12:54:25 - [TEST_STEP][PASSED] - if (i == 3 &amp;&amp; wildList.indexOf(symbol) != -1): null

2019-08-24 12:54:25 - [TEST_STEP][PASSED] - if (i == 4 &amp;&amp; wildList.indexOf(symbol) != -1): null

2019-08-24 12:54:25 - [TEST_STEP][PASSED] - symbol = symbol: null

2019-08-24 12:54:25 - [TEST_STEP][PASSED] - println(symbol): null

2019-08-24 12:54:25 - [TEST_STEP][PASSED] - if (i == 2 &amp;&amp; wildList.indexOf(symbol) != -1): null

2019-08-24 12:54:25 - [TEST_STEP][PASSED] - if (i == 3 &amp;&amp; wildList.indexOf(symbol) != -1): null

2019-08-24 12:54:25 - [TEST_STEP][PASSED] - if (i == 4 &amp;&amp; wildList.indexOf(symbol) != -1): null

2019-08-24 12:54:25 - [TEST_STEP][PASSED] - symbol = symbol: null

2019-08-24 12:54:25 - [TEST_STEP][PASSED] - println(symbol): null

2019-08-24 12:54:25 - [TEST_STEP][PASSED] - if (i == 2 &amp;&amp; wildList.indexOf(symbol) != -1): null

2019-08-24 12:54:25 - [TEST_STEP][PASSED] - if (i == 3 &amp;&amp; wildList.indexOf(symbol) != -1): null

2019-08-24 12:54:25 - [TEST_STEP][PASSED] - if (i == 4 &amp;&amp; wildList.indexOf(symbol) != -1): null

2019-08-24 12:54:25 - [TEST_STEP][PASSED] - symbols = symbols: null

2019-08-24 12:54:25 - [TEST_STEP][PASSED] - for ([j = 0, j &lt; symbols.size(), (j++)]): null

2019-08-24 12:54:25 - [TEST_STEP][PASSED] - symbol = symbol: null

2019-08-24 12:54:25 - [TEST_STEP][PASSED] - println(symbol): null

2019-08-24 12:54:25 - [TEST_STEP][PASSED] - if (i == 2 &amp;&amp; wildList.indexOf(symbol) != -1): null

2019-08-24 12:54:25 - [TEST_STEP][PASSED] - if (i == 3 &amp;&amp; wildList.indexOf(symbol) != -1): null

2019-08-24 12:54:25 - [TEST_STEP][PASSED] - if (i == 4 &amp;&amp; wildList.indexOf(symbol) != -1): null

2019-08-24 12:54:25 - [TEST_STEP][PASSED] - symbol = symbol: null

2019-08-24 12:54:25 - [TEST_STEP][PASSED] - println(symbol): null

2019-08-24 12:54:25 - [TEST_STEP][PASSED] - if (i == 2 &amp;&amp; wildList.indexOf(symbol) != -1): null

2019-08-24 12:54:25 - [TEST_STEP][PASSED] - if (i == 3 &amp;&amp; wildList.indexOf(symbol) != -1): null

2019-08-24 12:54:25 - [TEST_STEP][PASSED] - if (i == 4 &amp;&amp; wildList.indexOf(symbol) != -1): null

2019-08-24 12:54:25 - [TEST_STEP][PASSED] - symbol = symbol: null

2019-08-24 12:54:25 - [TEST_STEP][PASSED] - println(symbol): null

2019-08-24 12:54:25 - [TEST_STEP][PASSED] - if (i == 2 &amp;&amp; wildList.indexOf(symbol) != -1): null

2019-08-24 12:54:25 - [TEST_STEP][PASSED] - if (i == 3 &amp;&amp; wildList.indexOf(symbol) != -1): null

2019-08-24 12:54:25 - [TEST_STEP][PASSED] - if (i == 4 &amp;&amp; wildList.indexOf(symbol) != -1): null

2019-08-24 12:54:25 - [TEST_STEP][PASSED] - free_spin_reel_counter = free_spin_reel_counter: null

2019-08-24 12:54:25 - [TEST_STEP][PASSED] - println("reel 3 wild found: " + free_spin_reel_counter[0]): null

2019-08-24 12:54:25 - [TEST_STEP][PASSED] - println("reel 4 wild found: " + free_spin_reel_counter[1]): null

2019-08-24 12:54:25 - [TEST_STEP][PASSED] - println("reel 5 wild found: " + free_spin_reel_counter[2]): null

2019-08-24 12:54:25 - [TEST_STEP][PASSED] - M4_spin_reels = M4_spin_reels: null

2019-08-24 12:54:25 - [TEST_STEP][PASSED] - M4_spin_reels_symbols = symbol: null

2019-08-24 12:54:25 - [TEST_STEP][PASSED] - M4_spin_reels_symbols = M4_spin_reels_symbols: null

2019-08-24 12:54:25 - [TEST_STEP][PASSED] - M4_spin_reel_wins = reel_wins: null

2019-08-24 12:54:25 - [TEST_STEP][PASSED] - M4_spin_reel_wins = M4_spin_reel_wins: null

2019-08-24 12:54:25 - [TEST_STEP][PASSED] - println("GlobalVariable.M4_spin_reel_wins is: " + M4_spin_reel_wins): null

2019-08-24 12:54:25 - [TEST_STEP][PASSED] - M4_spin_total_bonus_win_this_round = total_bonus_win_this_round: null

2019-08-24 12:54:25 - [TEST_STEP][PASSED] - M4_spin_total_bonus_win_this_round = M4_spin_total_bonus_win_this_round: null

2019-08-24 12:54:25 - [TEST_STEP][PASSED] - println("GlobalVariable.M4_spin_total_bonus_win_this_round is: " + M4_spin_total_bonus_win_this_round): null

2019-08-24 12:54:25 - [TEST_STEP][PASSED] - M4_spin_bonus_spin_result = spin_result: null

2019-08-24 12:54:25 - [TEST_STEP][PASSED] - M4_spin_bonus_spin_result = M4_spin_bonus_spin_result: null

2019-08-24 12:54:25 - [MESSAGE][PASSED] - Verify response successfully

2019-08-24 12:54:25 - [MESSAGE][PASSED] - Send request and verify the response successfully

2019-08-24 12:54:25 - [TEST_STEP][PASSED] - if (M4_total_bonus_spins_int != 0 &amp;&amp; M4_spin_reels_symbols[2].contains("WILD_Double") || M4_spin_reels_symbols[4].contains("WILD_Triple")): null

2019-08-24 12:54:25 - [TEST_STEP][PASSED] - free_spin_reel_counter = free_spin_reel_counter: null

2019-08-24 12:54:25 - [TEST_STEP][PASSED] - M4_spin_reels_symbols = M4_spin_reels_symbols: null

2019-08-24 12:54:25 - [TEST_STEP][PASSED] - M4_total_bonus_spins = M4_total_bonus_spins: null

2019-08-24 12:54:25 - [TEST_STEP][PASSED] - spin_result = sendRequestAndVerify(findTestObject("INT/RGS(M4)/1_M4_spin", ["M4_login_user_id":M4_login_user_id, "rgs_session_token":rgs_session_token, "partner":Partner])): Send request and verify the response successfully

2019-08-24 12:54:25 - [MESSAGE][INFO] - HAR: /Users/eiralee/Katalon_Script/SuperWild/Reports/20190824_124242/INT/superWild_4/20190824_124242/requests/main/206.har

2019-08-24 12:54:25 - [TEST_CASE][PASSED] - Start Test Case : Verification: Verification accomplished successfully

2019-08-24 12:54:25 - [TEST_STEP][PASSED] - request = getInstance().getCurrentRequest(): null

2019-08-24 12:54:25 - [TEST_STEP][PASSED] - response = getInstance().getCurrentResponse(): null

2019-08-24 12:54:25 - [TEST_STEP][PASSED] - verifyResponseStatusCode(response, 200): Verify response status code successfully

2019-08-24 12:54:25 - [MESSAGE][PASSED] - Verify response status code successfully

2019-08-24 12:54:25 - [TEST_STEP][PASSED] - getStatusCode()).isEqualTo(200): null

2019-08-24 12:54:25 - [TEST_STEP][PASSED] - newline = System.getProperty("line.separator"): null

2019-08-24 12:54:25 - [TEST_STEP][PASSED] - M4_spin = new groovy.json.JsonSlurper(): null

2019-08-24 12:54:25 - [TEST_STEP][PASSED] - result_M4_spin = M4_spin.parseText(response.getResponseBodyContent()): null

2019-08-24 12:54:25 - [TEST_STEP][PASSED] - M4_spin_current_balance = current_balance: null

2019-08-24 12:54:25 - [TEST_STEP][PASSED] - M4_spin_current_balance = M4_spin_current_balance: null

2019-08-24 12:54:25 - [TEST_STEP][PASSED] - M4_spin_transaction_id = causality: null

2019-08-24 12:54:25 - [TEST_STEP][PASSED] - M4_spin_transaction_id = M4_spin_transaction_id: null

2019-08-24 12:54:25 - [TEST_STEP][PASSED] - M4_spin_round_id = round_id: null

2019-08-24 12:54:25 - [TEST_STEP][PASSED] - M4_spin_round_id = M4_spin_round_id: null

2019-08-24 12:54:25 - [TEST_STEP][PASSED] - M4_spin_line_wins = line_wins: null

2019-08-24 12:54:25 - [TEST_STEP][PASSED] - M4_spin_line_wins = M4_spin_line_wins: null

2019-08-24 12:54:25 - [TEST_STEP][PASSED] - M4_total_bonus_spins_int = total_bonus_spins: null

2019-08-24 12:54:25 - [TEST_STEP][PASSED] - println("******M4_total_bonus_spins type is:*******" + newline + getClass().getName()): null

2019-08-24 12:54:25 - [TEST_STEP][PASSED] - M4_total_bonus_spins_int = M4_total_bonus_spins_int: null

2019-08-24 12:54:25 - [TEST_STEP][PASSED] - M4_total_bonus_spins = Integer.toString(M4_total_bonus_spins_int): null

2019-08-24 12:54:25 - [TEST_STEP][PASSED] - M4_total_bonus_spins = M4_total_bonus_spins: null

2019-08-24 12:54:25 - [TEST_STEP][PASSED] - println("M4_total_bonus_spins is:" + M4_total_bonus_spins): null

2019-08-24 12:54:25 - [TEST_STEP][PASSED] - M4_spin_bonus_data = bonus_data: null

2019-08-24 12:54:25 - [TEST_STEP][PASSED] - M4_spin_features_triggered = result_M4_spin: null

2019-08-24 12:54:25 - [TEST_STEP][PASSED] - wild = []: null

2019-08-24 12:54:25 - [TEST_STEP][PASSED] - wild[0] = "WILD_Expanding": null

2019-08-24 12:54:25 - [TEST_STEP][PASSED] - wild[1] = "WILD_Normal": null

2019-08-24 12:54:25 - [TEST_STEP][PASSED] - wild[2] = "WILD_Double": null

2019-08-24 12:54:25 - [TEST_STEP][PASSED] - wild[3] = "WILD_ExtraFG": null

2019-08-24 12:54:25 - [TEST_STEP][PASSED] - wild[4] = "WILD_Triple": null

2019-08-24 12:54:25 - [TEST_STEP][PASSED] - wildList = Arrays.asList(wild): null

2019-08-24 12:54:25 - [TEST_STEP][PASSED] - wildList = wildList: null

2019-08-24 12:54:25 - [TEST_STEP][PASSED] - free_spin_reel_counter = []: null

2019-08-24 12:54:25 - [TEST_STEP][PASSED] - free_spin_reel_counter[0] = 0: null

2019-08-24 12:54:25 - [TEST_STEP][PASSED] - free_spin_reel_counter[1] = 0: null

2019-08-24 12:54:25 - [TEST_STEP][PASSED] - free_spin_reel_counter[2] = 0: null

2019-08-24 12:54:25 - [TEST_STEP][PASSED] - M4_spin_reels = reels: null

2019-08-24 12:54:25 - [TEST_STEP][PASSED] - for ([i = 0, i &lt; M4_spin_reels.size(), (i++)]): null

2019-08-24 12:54:25 - [TEST_STEP][PASSED] - symbols = symbols: null

2019-08-24 12:54:25 - [TEST_STEP][PASSED] - for ([j = 0, j &lt; symbols.size(), (j++)]): null

2019-08-24 12:54:25 - [TEST_STEP][PASSED] - symbol = symbol: null

2019-08-24 12:54:25 - [TEST_STEP][PASSED] - println(symbol): null

2019-08-24 12:54:25 - [TEST_STEP][PASSED] - if (i == 2 &amp;&amp; wildList.indexOf(symbol) != -1): null

2019-08-24 12:54:25 - [TEST_STEP][PASSED] - if (i == 3 &amp;&amp; wildList.indexOf(symbol) != -1): null

2019-08-24 12:54:25 - [TEST_STEP][PASSED] - if (i == 4 &amp;&amp; wildList.indexOf(symbol) != -1): null

2019-08-24 12:54:25 - [TEST_STEP][PASSED] - symbol = symbol: null

2019-08-24 12:54:25 - [TEST_STEP][PASSED] - println(symbol): null

2019-08-24 12:54:25 - [TEST_STEP][PASSED] - if (i == 2 &amp;&amp; wildList.indexOf(symbol) != -1): null

2019-08-24 12:54:25 - [TEST_STEP][PASSED] - if (i == 3 &amp;&amp; wildList.indexOf(symbol) != -1): null

2019-08-24 12:54:25 - [TEST_STEP][PASSED] - if (i == 4 &amp;&amp; wildList.indexOf(symbol) != -1): null

2019-08-24 12:54:25 - [TEST_STEP][PASSED] - symbol = symbol: null

2019-08-24 12:54:25 - [TEST_STEP][PASSED] - println(symbol): null

2019-08-24 12:54:25 - [TEST_STEP][PASSED] - if (i == 2 &amp;&amp; wildList.indexOf(symbol) != -1): null

2019-08-24 12:54:25 - [TEST_STEP][PASSED] - if (i == 3 &amp;&amp; wildList.indexOf(symbol) != -1): null

2019-08-24 12:54:25 - [TEST_STEP][PASSED] - if (i == 4 &amp;&amp; wildList.indexOf(symbol) != -1): null

2019-08-24 12:54:25 - [TEST_STEP][PASSED] - symbols = symbols: null

2019-08-24 12:54:25 - [TEST_STEP][PASSED] - for ([j = 0, j &lt; symbols.size(), (j++)]): null

2019-08-24 12:54:25 - [TEST_STEP][PASSED] - symbol = symbol: null

2019-08-24 12:54:25 - [TEST_STEP][PASSED] - println(symbol): null

2019-08-24 12:54:25 - [TEST_STEP][PASSED] - if (i == 2 &amp;&amp; wildList.indexOf(symbol) != -1): null

2019-08-24 12:54:25 - [TEST_STEP][PASSED] - if (i == 3 &amp;&amp; wildList.indexOf(symbol) != -1): null

2019-08-24 12:54:25 - [TEST_STEP][PASSED] - if (i == 4 &amp;&amp; wildList.indexOf(symbol) != -1): null

2019-08-24 12:54:25 - [TEST_STEP][PASSED] - symbol = symbol: null

2019-08-24 12:54:25 - [TEST_STEP][PASSED] - println(symbol): null

2019-08-24 12:54:25 - [TEST_STEP][PASSED] - if (i == 2 &amp;&amp; wildList.indexOf(symbol) != -1): null

2019-08-24 12:54:25 - [TEST_STEP][PASSED] - if (i == 3 &amp;&amp; wildList.indexOf(symbol) != -1): null

2019-08-24 12:54:25 - [TEST_STEP][PASSED] - if (i == 4 &amp;&amp; wildList.indexOf(symbol) != -1): null

2019-08-24 12:54:25 - [TEST_STEP][PASSED] - symbol = symbol: null

2019-08-24 12:54:25 - [TEST_STEP][PASSED] - println(symbol): null

2019-08-24 12:54:25 - [TEST_STEP][PASSED] - if (i == 2 &amp;&amp; wildList.indexOf(symbol) != -1): null

2019-08-24 12:54:25 - [TEST_STEP][PASSED] - if (i == 3 &amp;&amp; wildList.indexOf(symbol) != -1): null

2019-08-24 12:54:25 - [TEST_STEP][PASSED] - if (i == 4 &amp;&amp; wildList.indexOf(symbol) != -1): null

2019-08-24 12:54:25 - [TEST_STEP][PASSED] - symbols = symbols: null

2019-08-24 12:54:25 - [TEST_STEP][PASSED] - for ([j = 0, j &lt; symbols.size(), (j++)]): null

2019-08-24 12:54:25 - [TEST_STEP][PASSED] - symbol = symbol: null

2019-08-24 12:54:25 - [TEST_STEP][PASSED] - println(symbol): null

2019-08-24 12:54:25 - [TEST_STEP][PASSED] - if (i == 2 &amp;&amp; wildList.indexOf(symbol) != -1): null

2019-08-24 12:54:25 - [TEST_STEP][PASSED] - if (i == 3 &amp;&amp; wildList.indexOf(symbol) != -1): null

2019-08-24 12:54:25 - [TEST_STEP][PASSED] - if (i == 4 &amp;&amp; wildList.indexOf(symbol) != -1): null

2019-08-24 12:54:25 - [TEST_STEP][PASSED] - symbol = symbol: null

2019-08-24 12:54:25 - [TEST_STEP][PASSED] - println(symbol): null

2019-08-24 12:54:25 - [TEST_STEP][PASSED] - if (i == 2 &amp;&amp; wildList.indexOf(symbol) != -1): null

2019-08-24 12:54:25 - [TEST_STEP][PASSED] - if (i == 3 &amp;&amp; wildList.indexOf(symbol) != -1): null

2019-08-24 12:54:25 - [TEST_STEP][PASSED] - if (i == 4 &amp;&amp; wildList.indexOf(symbol) != -1): null

2019-08-24 12:54:25 - [TEST_STEP][PASSED] - symbol = symbol: null

2019-08-24 12:54:25 - [TEST_STEP][PASSED] - println(symbol): null

2019-08-24 12:54:25 - [TEST_STEP][PASSED] - if (i == 2 &amp;&amp; wildList.indexOf(symbol) != -1): null

2019-08-24 12:54:25 - [TEST_STEP][PASSED] - println("wild found on reel 3, adding counter by 1"): null

2019-08-24 12:54:25 - [TEST_STEP][PASSED] - free_spin_reel_counter[0] = free_spin_reel_counter[0] + 1: null

2019-08-24 12:54:25 - [TEST_STEP][PASSED] - if (i == 3 &amp;&amp; wildList.indexOf(symbol) != -1): null

2019-08-24 12:54:25 - [TEST_STEP][PASSED] - if (i == 4 &amp;&amp; wildList.indexOf(symbol) != -1): null

2019-08-24 12:54:25 - [TEST_STEP][PASSED] - symbols = symbols: null

2019-08-24 12:54:25 - [TEST_STEP][PASSED] - for ([j = 0, j &lt; symbols.size(), (j++)]): null

2019-08-24 12:54:25 - [TEST_STEP][PASSED] - symbol = symbol: null

2019-08-24 12:54:25 - [TEST_STEP][PASSED] - println(symbol): null

2019-08-24 12:54:25 - [TEST_STEP][PASSED] - if (i == 2 &amp;&amp; wildList.indexOf(symbol) != -1): null

2019-08-24 12:54:25 - [TEST_STEP][PASSED] - if (i == 3 &amp;&amp; wildList.indexOf(symbol) != -1): null

2019-08-24 12:54:25 - [TEST_STEP][PASSED] - if (i == 4 &amp;&amp; wildList.indexOf(symbol) != -1): null

2019-08-24 12:54:25 - [TEST_STEP][PASSED] - symbol = symbol: null

2019-08-24 12:54:25 - [TEST_STEP][PASSED] - println(symbol): null

2019-08-24 12:54:25 - [TEST_STEP][PASSED] - if (i == 2 &amp;&amp; wildList.indexOf(symbol) != -1): null

2019-08-24 12:54:25 - [TEST_STEP][PASSED] - if (i == 3 &amp;&amp; wildList.indexOf(symbol) != -1): null

2019-08-24 12:54:25 - [TEST_STEP][PASSED] - if (i == 4 &amp;&amp; wildList.indexOf(symbol) != -1): null

2019-08-24 12:54:25 - [TEST_STEP][PASSED] - symbol = symbol: null

2019-08-24 12:54:25 - [TEST_STEP][PASSED] - println(symbol): null

2019-08-24 12:54:25 - [TEST_STEP][PASSED] - if (i == 2 &amp;&amp; wildList.indexOf(symbol) != -1): null

2019-08-24 12:54:25 - [TEST_STEP][PASSED] - if (i == 3 &amp;&amp; wildList.indexOf(symbol) != -1): null

2019-08-24 12:54:25 - [TEST_STEP][PASSED] - if (i == 4 &amp;&amp; wildList.indexOf(symbol) != -1): null

2019-08-24 12:54:26 - [TEST_STEP][PASSED] - symbols = symbols: null

2019-08-24 12:54:26 - [TEST_STEP][PASSED] - for ([j = 0, j &lt; symbols.size(), (j++)]): null

2019-08-24 12:54:26 - [TEST_STEP][PASSED] - symbol = symbol: null

2019-08-24 12:54:26 - [TEST_STEP][PASSED] - println(symbol): null

2019-08-24 12:54:26 - [TEST_STEP][PASSED] - if (i == 2 &amp;&amp; wildList.indexOf(symbol) != -1): null

2019-08-24 12:54:26 - [TEST_STEP][PASSED] - if (i == 3 &amp;&amp; wildList.indexOf(symbol) != -1): null

2019-08-24 12:54:26 - [TEST_STEP][PASSED] - if (i == 4 &amp;&amp; wildList.indexOf(symbol) != -1): null

2019-08-24 12:54:26 - [TEST_STEP][PASSED] - symbol = symbol: null

2019-08-24 12:54:26 - [TEST_STEP][PASSED] - println(symbol): null

2019-08-24 12:54:26 - [TEST_STEP][PASSED] - if (i == 2 &amp;&amp; wildList.indexOf(symbol) != -1): null

2019-08-24 12:54:26 - [TEST_STEP][PASSED] - if (i == 3 &amp;&amp; wildList.indexOf(symbol) != -1): null

2019-08-24 12:54:26 - [TEST_STEP][PASSED] - if (i == 4 &amp;&amp; wildList.indexOf(symbol) != -1): null

2019-08-24 12:54:26 - [TEST_STEP][PASSED] - symbol = symbol: null

2019-08-24 12:54:26 - [TEST_STEP][PASSED] - println(symbol): null

2019-08-24 12:54:26 - [TEST_STEP][PASSED] - if (i == 2 &amp;&amp; wildList.indexOf(symbol) != -1): null

2019-08-24 12:54:26 - [TEST_STEP][PASSED] - if (i == 3 &amp;&amp; wildList.indexOf(symbol) != -1): null

2019-08-24 12:54:26 - [TEST_STEP][PASSED] - if (i == 4 &amp;&amp; wildList.indexOf(symbol) != -1): null

2019-08-24 12:54:26 - [TEST_STEP][PASSED] - free_spin_reel_counter = free_spin_reel_counter: null

2019-08-24 12:54:26 - [TEST_STEP][PASSED] - println("reel 3 wild found: " + free_spin_reel_counter[0]): null

2019-08-24 12:54:26 - [TEST_STEP][PASSED] - println("reel 4 wild found: " + free_spin_reel_counter[1]): null

2019-08-24 12:54:26 - [TEST_STEP][PASSED] - println("reel 5 wild found: " + free_spin_reel_counter[2]): null

2019-08-24 12:54:26 - [TEST_STEP][PASSED] - M4_spin_reels = M4_spin_reels: null

2019-08-24 12:54:26 - [TEST_STEP][PASSED] - M4_spin_reels_symbols = symbol: null

2019-08-24 12:54:26 - [TEST_STEP][PASSED] - M4_spin_reels_symbols = M4_spin_reels_symbols: null

2019-08-24 12:54:26 - [TEST_STEP][PASSED] - M4_spin_reel_wins = reel_wins: null

2019-08-24 12:54:26 - [TEST_STEP][PASSED] - M4_spin_reel_wins = M4_spin_reel_wins: null

2019-08-24 12:54:26 - [TEST_STEP][PASSED] - println("GlobalVariable.M4_spin_reel_wins is: " + M4_spin_reel_wins): null

2019-08-24 12:54:26 - [TEST_STEP][PASSED] - M4_spin_total_bonus_win_this_round = total_bonus_win_this_round: null

2019-08-24 12:54:26 - [TEST_STEP][PASSED] - M4_spin_total_bonus_win_this_round = M4_spin_total_bonus_win_this_round: null

2019-08-24 12:54:26 - [TEST_STEP][PASSED] - println("GlobalVariable.M4_spin_total_bonus_win_this_round is: " + M4_spin_total_bonus_win_this_round): null

2019-08-24 12:54:26 - [TEST_STEP][PASSED] - M4_spin_bonus_spin_result = spin_result: null

2019-08-24 12:54:26 - [TEST_STEP][PASSED] - M4_spin_bonus_spin_result = M4_spin_bonus_spin_result: null

2019-08-24 12:54:26 - [MESSAGE][PASSED] - Verify response successfully

2019-08-24 12:54:26 - [MESSAGE][PASSED] - Send request and verify the response successfully

2019-08-24 12:54:26 - [TEST_STEP][PASSED] - if (M4_total_bonus_spins_int != 0 &amp;&amp; M4_spin_reels_symbols[2].contains("WILD_Double") || M4_spin_reels_symbols[4].contains("WILD_Triple")): null

2019-08-24 12:54:26 - [TEST_STEP][PASSED] - free_spin_reel_counter = free_spin_reel_counter: null

2019-08-24 12:54:26 - [TEST_STEP][PASSED] - M4_spin_reels_symbols = M4_spin_reels_symbols: null

2019-08-24 12:54:26 - [TEST_STEP][PASSED] - M4_total_bonus_spins = M4_total_bonus_spins: null

2019-08-24 12:54:26 - [TEST_STEP][PASSED] - spin_result = sendRequestAndVerify(findTestObject("INT/RGS(M4)/1_M4_spin", ["M4_login_user_id":M4_login_user_id, "rgs_session_token":rgs_session_token, "partner":Partner])): Send request and verify the response successfully

2019-08-24 12:54:26 - [MESSAGE][INFO] - HAR: /Users/eiralee/Katalon_Script/SuperWild/Reports/20190824_124242/INT/superWild_4/20190824_124242/requests/main/207.har

2019-08-24 12:54:26 - [TEST_CASE][PASSED] - Start Test Case : Verification: Verification accomplished successfully

2019-08-24 12:54:26 - [TEST_STEP][PASSED] - request = getInstance().getCurrentRequest(): null

2019-08-24 12:54:26 - [TEST_STEP][PASSED] - response = getInstance().getCurrentResponse(): null

2019-08-24 12:54:26 - [TEST_STEP][PASSED] - verifyResponseStatusCode(response, 200): Verify response status code successfully

2019-08-24 12:54:26 - [MESSAGE][PASSED] - Verify response status code successfully

2019-08-24 12:54:26 - [TEST_STEP][PASSED] - getStatusCode()).isEqualTo(200): null

2019-08-24 12:54:26 - [TEST_STEP][PASSED] - newline = System.getProperty("line.separator"): null

2019-08-24 12:54:26 - [TEST_STEP][PASSED] - M4_spin = new groovy.json.JsonSlurper(): null

2019-08-24 12:54:26 - [TEST_STEP][PASSED] - result_M4_spin = M4_spin.parseText(response.getResponseBodyContent()): null

2019-08-24 12:54:26 - [TEST_STEP][PASSED] - M4_spin_current_balance = current_balance: null

2019-08-24 12:54:26 - [TEST_STEP][PASSED] - M4_spin_current_balance = M4_spin_current_balance: null

2019-08-24 12:54:26 - [TEST_STEP][PASSED] - M4_spin_transaction_id = causality: null

2019-08-24 12:54:26 - [TEST_STEP][PASSED] - M4_spin_transaction_id = M4_spin_transaction_id: null

2019-08-24 12:54:26 - [TEST_STEP][PASSED] - M4_spin_round_id = round_id: null

2019-08-24 12:54:26 - [TEST_STEP][PASSED] - M4_spin_round_id = M4_spin_round_id: null

2019-08-24 12:54:26 - [TEST_STEP][PASSED] - M4_spin_line_wins = line_wins: null

2019-08-24 12:54:26 - [TEST_STEP][PASSED] - M4_spin_line_wins = M4_spin_line_wins: null

2019-08-24 12:54:26 - [TEST_STEP][PASSED] - M4_total_bonus_spins_int = total_bonus_spins: null

2019-08-24 12:54:26 - [TEST_STEP][PASSED] - println("******M4_total_bonus_spins type is:*******" + newline + getClass().getName()): null

2019-08-24 12:54:26 - [TEST_STEP][PASSED] - M4_total_bonus_spins_int = M4_total_bonus_spins_int: null

2019-08-24 12:54:26 - [TEST_STEP][PASSED] - M4_total_bonus_spins = Integer.toString(M4_total_bonus_spins_int): null

2019-08-24 12:54:26 - [TEST_STEP][PASSED] - M4_total_bonus_spins = M4_total_bonus_spins: null

2019-08-24 12:54:26 - [TEST_STEP][PASSED] - println("M4_total_bonus_spins is:" + M4_total_bonus_spins): null

2019-08-24 12:54:26 - [TEST_STEP][PASSED] - M4_spin_bonus_data = bonus_data: null

2019-08-24 12:54:26 - [TEST_STEP][PASSED] - M4_spin_features_triggered = result_M4_spin: null

2019-08-24 12:54:26 - [TEST_STEP][PASSED] - wild = []: null

2019-08-24 12:54:26 - [TEST_STEP][PASSED] - wild[0] = "WILD_Expanding": null

2019-08-24 12:54:26 - [TEST_STEP][PASSED] - wild[1] = "WILD_Normal": null

2019-08-24 12:54:26 - [TEST_STEP][PASSED] - wild[2] = "WILD_Double": null

2019-08-24 12:54:26 - [TEST_STEP][PASSED] - wild[3] = "WILD_ExtraFG": null

2019-08-24 12:54:26 - [TEST_STEP][PASSED] - wild[4] = "WILD_Triple": null

2019-08-24 12:54:26 - [TEST_STEP][PASSED] - wildList = Arrays.asList(wild): null

2019-08-24 12:54:26 - [TEST_STEP][PASSED] - wildList = wildList: null

2019-08-24 12:54:26 - [TEST_STEP][PASSED] - free_spin_reel_counter = []: null

2019-08-24 12:54:26 - [TEST_STEP][PASSED] - free_spin_reel_counter[0] = 0: null

2019-08-24 12:54:26 - [TEST_STEP][PASSED] - free_spin_reel_counter[1] = 0: null

2019-08-24 12:54:26 - [TEST_STEP][PASSED] - free_spin_reel_counter[2] = 0: null

2019-08-24 12:54:26 - [TEST_STEP][PASSED] - M4_spin_reels = reels: null

2019-08-24 12:54:26 - [TEST_STEP][PASSED] - for ([i = 0, i &lt; M4_spin_reels.size(), (i++)]): null

2019-08-24 12:54:26 - [TEST_STEP][PASSED] - symbols = symbols: null

2019-08-24 12:54:26 - [TEST_STEP][PASSED] - for ([j = 0, j &lt; symbols.size(), (j++)]): null

2019-08-24 12:54:26 - [TEST_STEP][PASSED] - symbol = symbol: null

2019-08-24 12:54:26 - [TEST_STEP][PASSED] - println(symbol): null

2019-08-24 12:54:26 - [TEST_STEP][PASSED] - if (i == 2 &amp;&amp; wildList.indexOf(symbol) != -1): null

2019-08-24 12:54:26 - [TEST_STEP][PASSED] - if (i == 3 &amp;&amp; wildList.indexOf(symbol) != -1): null

2019-08-24 12:54:26 - [TEST_STEP][PASSED] - if (i == 4 &amp;&amp; wildList.indexOf(symbol) != -1): null

2019-08-24 12:54:26 - [TEST_STEP][PASSED] - symbol = symbol: null

2019-08-24 12:54:26 - [TEST_STEP][PASSED] - println(symbol): null

2019-08-24 12:54:26 - [TEST_STEP][PASSED] - if (i == 2 &amp;&amp; wildList.indexOf(symbol) != -1): null

2019-08-24 12:54:26 - [TEST_STEP][PASSED] - if (i == 3 &amp;&amp; wildList.indexOf(symbol) != -1): null

2019-08-24 12:54:26 - [TEST_STEP][PASSED] - if (i == 4 &amp;&amp; wildList.indexOf(symbol) != -1): null

2019-08-24 12:54:26 - [TEST_STEP][PASSED] - symbol = symbol: null

2019-08-24 12:54:26 - [TEST_STEP][PASSED] - println(symbol): null

2019-08-24 12:54:26 - [TEST_STEP][PASSED] - if (i == 2 &amp;&amp; wildList.indexOf(symbol) != -1): null

2019-08-24 12:54:26 - [TEST_STEP][PASSED] - if (i == 3 &amp;&amp; wildList.indexOf(symbol) != -1): null

2019-08-24 12:54:26 - [TEST_STEP][PASSED] - if (i == 4 &amp;&amp; wildList.indexOf(symbol) != -1): null

2019-08-24 12:54:26 - [TEST_STEP][PASSED] - symbols = symbols: null

2019-08-24 12:54:26 - [TEST_STEP][PASSED] - for ([j = 0, j &lt; symbols.size(), (j++)]): null

2019-08-24 12:54:26 - [TEST_STEP][PASSED] - symbol = symbol: null

2019-08-24 12:54:26 - [TEST_STEP][PASSED] - println(symbol): null

2019-08-24 12:54:26 - [TEST_STEP][PASSED] - if (i == 2 &amp;&amp; wildList.indexOf(symbol) != -1): null

2019-08-24 12:54:26 - [TEST_STEP][PASSED] - if (i == 3 &amp;&amp; wildList.indexOf(symbol) != -1): null

2019-08-24 12:54:26 - [TEST_STEP][PASSED] - if (i == 4 &amp;&amp; wildList.indexOf(symbol) != -1): null

2019-08-24 12:54:26 - [TEST_STEP][PASSED] - symbol = symbol: null

2019-08-24 12:54:26 - [TEST_STEP][PASSED] - println(symbol): null

2019-08-24 12:54:26 - [TEST_STEP][PASSED] - if (i == 2 &amp;&amp; wildList.indexOf(symbol) != -1): null

2019-08-24 12:54:26 - [TEST_STEP][PASSED] - if (i == 3 &amp;&amp; wildList.indexOf(symbol) != -1): null

2019-08-24 12:54:26 - [TEST_STEP][PASSED] - if (i == 4 &amp;&amp; wildList.indexOf(symbol) != -1): null

2019-08-24 12:54:26 - [TEST_STEP][PASSED] - symbol = symbol: null

2019-08-24 12:54:26 - [TEST_STEP][PASSED] - println(symbol): null

2019-08-24 12:54:26 - [TEST_STEP][PASSED] - if (i == 2 &amp;&amp; wildList.indexOf(symbol) != -1): null

2019-08-24 12:54:26 - [TEST_STEP][PASSED] - if (i == 3 &amp;&amp; wildList.indexOf(symbol) != -1): null

2019-08-24 12:54:26 - [TEST_STEP][PASSED] - if (i == 4 &amp;&amp; wildList.indexOf(symbol) != -1): null

2019-08-24 12:54:26 - [TEST_STEP][PASSED] - symbols = symbols: null

2019-08-24 12:54:26 - [TEST_STEP][PASSED] - for ([j = 0, j &lt; symbols.size(), (j++)]): null

2019-08-24 12:54:26 - [TEST_STEP][PASSED] - symbol = symbol: null

2019-08-24 12:54:26 - [TEST_STEP][PASSED] - println(symbol): null

2019-08-24 12:54:26 - [TEST_STEP][PASSED] - if (i == 2 &amp;&amp; wildList.indexOf(symbol) != -1): null

2019-08-24 12:54:26 - [TEST_STEP][PASSED] - if (i == 3 &amp;&amp; wildList.indexOf(symbol) != -1): null

2019-08-24 12:54:26 - [TEST_STEP][PASSED] - if (i == 4 &amp;&amp; wildList.indexOf(symbol) != -1): null

2019-08-24 12:54:26 - [TEST_STEP][PASSED] - symbol = symbol: null

2019-08-24 12:54:26 - [TEST_STEP][PASSED] - println(symbol): null

2019-08-24 12:54:26 - [TEST_STEP][PASSED] - if (i == 2 &amp;&amp; wildList.indexOf(symbol) != -1): null

2019-08-24 12:54:26 - [TEST_STEP][PASSED] - if (i == 3 &amp;&amp; wildList.indexOf(symbol) != -1): null

2019-08-24 12:54:26 - [TEST_STEP][PASSED] - if (i == 4 &amp;&amp; wildList.indexOf(symbol) != -1): null

2019-08-24 12:54:26 - [TEST_STEP][PASSED] - symbol = symbol: null

2019-08-24 12:54:26 - [TEST_STEP][PASSED] - println(symbol): null

2019-08-24 12:54:26 - [TEST_STEP][PASSED] - if (i == 2 &amp;&amp; wildList.indexOf(symbol) != -1): null

2019-08-24 12:54:26 - [TEST_STEP][PASSED] - if (i == 3 &amp;&amp; wildList.indexOf(symbol) != -1): null

2019-08-24 12:54:26 - [TEST_STEP][PASSED] - if (i == 4 &amp;&amp; wildList.indexOf(symbol) != -1): null

2019-08-24 12:54:26 - [TEST_STEP][PASSED] - symbols = symbols: null

2019-08-24 12:54:26 - [TEST_STEP][PASSED] - for ([j = 0, j &lt; symbols.size(), (j++)]): null

2019-08-24 12:54:26 - [TEST_STEP][PASSED] - symbol = symbol: null

2019-08-24 12:54:26 - [TEST_STEP][PASSED] - println(symbol): null

2019-08-24 12:54:26 - [TEST_STEP][PASSED] - if (i == 2 &amp;&amp; wildList.indexOf(symbol) != -1): null

2019-08-24 12:54:26 - [TEST_STEP][PASSED] - if (i == 3 &amp;&amp; wildList.indexOf(symbol) != -1): null

2019-08-24 12:54:26 - [TEST_STEP][PASSED] - println("wild found on reel 4, adding counter by 1"): null

2019-08-24 12:54:26 - [TEST_STEP][PASSED] - free_spin_reel_counter[1] = free_spin_reel_counter[1] + 1: null

2019-08-24 12:54:26 - [TEST_STEP][PASSED] - if (i == 4 &amp;&amp; wildList.indexOf(symbol) != -1): null

2019-08-24 12:54:26 - [TEST_STEP][PASSED] - symbol = symbol: null

2019-08-24 12:54:26 - [TEST_STEP][PASSED] - println(symbol): null

2019-08-24 12:54:26 - [TEST_STEP][PASSED] - if (i == 2 &amp;&amp; wildList.indexOf(symbol) != -1): null

2019-08-24 12:54:26 - [TEST_STEP][PASSED] - if (i == 3 &amp;&amp; wildList.indexOf(symbol) != -1): null

2019-08-24 12:54:26 - [TEST_STEP][PASSED] - if (i == 4 &amp;&amp; wildList.indexOf(symbol) != -1): null

2019-08-24 12:54:26 - [TEST_STEP][PASSED] - symbol = symbol: null

2019-08-24 12:54:26 - [TEST_STEP][PASSED] - println(symbol): null

2019-08-24 12:54:26 - [TEST_STEP][PASSED] - if (i == 2 &amp;&amp; wildList.indexOf(symbol) != -1): null

2019-08-24 12:54:26 - [TEST_STEP][PASSED] - if (i == 3 &amp;&amp; wildList.indexOf(symbol) != -1): null

2019-08-24 12:54:26 - [TEST_STEP][PASSED] - if (i == 4 &amp;&amp; wildList.indexOf(symbol) != -1): null

2019-08-24 12:54:26 - [TEST_STEP][PASSED] - symbols = symbols: null

2019-08-24 12:54:26 - [TEST_STEP][PASSED] - for ([j = 0, j &lt; symbols.size(), (j++)]): null

2019-08-24 12:54:26 - [TEST_STEP][PASSED] - symbol = symbol: null

2019-08-24 12:54:26 - [TEST_STEP][PASSED] - println(symbol): null

2019-08-24 12:54:26 - [TEST_STEP][PASSED] - if (i == 2 &amp;&amp; wildList.indexOf(symbol) != -1): null

2019-08-24 12:54:26 - [TEST_STEP][PASSED] - if (i == 3 &amp;&amp; wildList.indexOf(symbol) != -1): null

2019-08-24 12:54:26 - [TEST_STEP][PASSED] - if (i == 4 &amp;&amp; wildList.indexOf(symbol) != -1): null

2019-08-24 12:54:26 - [TEST_STEP][PASSED] - symbol = symbol: null

2019-08-24 12:54:26 - [TEST_STEP][PASSED] - println(symbol): null

2019-08-24 12:54:26 - [TEST_STEP][PASSED] - if (i == 2 &amp;&amp; wildList.indexOf(symbol) != -1): null

2019-08-24 12:54:26 - [TEST_STEP][PASSED] - if (i == 3 &amp;&amp; wildList.indexOf(symbol) != -1): null

2019-08-24 12:54:26 - [TEST_STEP][PASSED] - if (i == 4 &amp;&amp; wildList.indexOf(symbol) != -1): null

2019-08-24 12:54:26 - [TEST_STEP][PASSED] - symbol = symbol: null

2019-08-24 12:54:26 - [TEST_STEP][PASSED] - println(symbol): null

2019-08-24 12:54:26 - [TEST_STEP][PASSED] - if (i == 2 &amp;&amp; wildList.indexOf(symbol) != -1): null

2019-08-24 12:54:26 - [TEST_STEP][PASSED] - if (i == 3 &amp;&amp; wildList.indexOf(symbol) != -1): null

2019-08-24 12:54:26 - [TEST_STEP][PASSED] - if (i == 4 &amp;&amp; wildList.indexOf(symbol) != -1): null

2019-08-24 12:54:26 - [TEST_STEP][PASSED] - free_spin_reel_counter = free_spin_reel_counter: null

2019-08-24 12:54:26 - [TEST_STEP][PASSED] - println("reel 3 wild found: " + free_spin_reel_counter[0]): null

2019-08-24 12:54:26 - [TEST_STEP][PASSED] - println("reel 4 wild found: " + free_spin_reel_counter[1]): null

2019-08-24 12:54:26 - [TEST_STEP][PASSED] - println("reel 5 wild found: " + free_spin_reel_counter[2]): null

2019-08-24 12:54:26 - [TEST_STEP][PASSED] - M4_spin_reels = M4_spin_reels: null

2019-08-24 12:54:26 - [TEST_STEP][PASSED] - M4_spin_reels_symbols = symbol: null

2019-08-24 12:54:26 - [TEST_STEP][PASSED] - M4_spin_reels_symbols = M4_spin_reels_symbols: null

2019-08-24 12:54:26 - [TEST_STEP][PASSED] - M4_spin_reel_wins = reel_wins: null

2019-08-24 12:54:26 - [TEST_STEP][PASSED] - M4_spin_reel_wins = M4_spin_reel_wins: null

2019-08-24 12:54:26 - [TEST_STEP][PASSED] - println("GlobalVariable.M4_spin_reel_wins is: " + M4_spin_reel_wins): null

2019-08-24 12:54:26 - [TEST_STEP][PASSED] - M4_spin_total_bonus_win_this_round = total_bonus_win_this_round: null

2019-08-24 12:54:26 - [TEST_STEP][PASSED] - M4_spin_total_bonus_win_this_round = M4_spin_total_bonus_win_this_round: null

2019-08-24 12:54:26 - [TEST_STEP][PASSED] - println("GlobalVariable.M4_spin_total_bonus_win_this_round is: " + M4_spin_total_bonus_win_this_round): null

2019-08-24 12:54:26 - [TEST_STEP][PASSED] - M4_spin_bonus_spin_result = spin_result: null

2019-08-24 12:54:26 - [TEST_STEP][PASSED] - M4_spin_bonus_spin_result = M4_spin_bonus_spin_result: null

2019-08-24 12:54:26 - [MESSAGE][PASSED] - Verify response successfully

2019-08-24 12:54:26 - [MESSAGE][PASSED] - Send request and verify the response successfully

2019-08-24 12:54:26 - [TEST_STEP][PASSED] - if (M4_total_bonus_spins_int != 0 &amp;&amp; M4_spin_reels_symbols[2].contains("WILD_Double") || M4_spin_reels_symbols[4].contains("WILD_Triple")): null

2019-08-24 12:54:26 - [TEST_STEP][PASSED] - free_spin_reel_counter = free_spin_reel_counter: null

2019-08-24 12:54:26 - [TEST_STEP][PASSED] - M4_spin_reels_symbols = M4_spin_reels_symbols: null

2019-08-24 12:54:26 - [TEST_STEP][PASSED] - M4_total_bonus_spins = M4_total_bonus_spins: null

2019-08-24 12:54:26 - [TEST_STEP][PASSED] - spin_result = sendRequestAndVerify(findTestObject("INT/RGS(M4)/1_M4_spin", ["M4_login_user_id":M4_login_user_id, "rgs_session_token":rgs_session_token, "partner":Partner])): Send request and verify the response successfully

2019-08-24 12:54:26 - [MESSAGE][INFO] - HAR: /Users/eiralee/Katalon_Script/SuperWild/Reports/20190824_124242/INT/superWild_4/20190824_124242/requests/main/208.har

2019-08-24 12:54:27 - [TEST_CASE][PASSED] - Start Test Case : Verification: Verification accomplished successfully

2019-08-24 12:54:27 - [TEST_STEP][PASSED] - request = getInstance().getCurrentRequest(): null

2019-08-24 12:54:27 - [TEST_STEP][PASSED] - response = getInstance().getCurrentResponse(): null

2019-08-24 12:54:27 - [TEST_STEP][PASSED] - verifyResponseStatusCode(response, 200): Verify response status code successfully

2019-08-24 12:54:27 - [MESSAGE][PASSED] - Verify response status code successfully

2019-08-24 12:54:27 - [TEST_STEP][PASSED] - getStatusCode()).isEqualTo(200): null

2019-08-24 12:54:27 - [TEST_STEP][PASSED] - newline = System.getProperty("line.separator"): null

2019-08-24 12:54:27 - [TEST_STEP][PASSED] - M4_spin = new groovy.json.JsonSlurper(): null

2019-08-24 12:54:27 - [TEST_STEP][PASSED] - result_M4_spin = M4_spin.parseText(response.getResponseBodyContent()): null

2019-08-24 12:54:27 - [TEST_STEP][PASSED] - M4_spin_current_balance = current_balance: null

2019-08-24 12:54:27 - [TEST_STEP][PASSED] - M4_spin_current_balance = M4_spin_current_balance: null

2019-08-24 12:54:27 - [TEST_STEP][PASSED] - M4_spin_transaction_id = causality: null

2019-08-24 12:54:27 - [TEST_STEP][PASSED] - M4_spin_transaction_id = M4_spin_transaction_id: null

2019-08-24 12:54:27 - [TEST_STEP][PASSED] - M4_spin_round_id = round_id: null

2019-08-24 12:54:27 - [TEST_STEP][PASSED] - M4_spin_round_id = M4_spin_round_id: null

2019-08-24 12:54:27 - [TEST_STEP][PASSED] - M4_spin_line_wins = line_wins: null

2019-08-24 12:54:27 - [TEST_STEP][PASSED] - M4_spin_line_wins = M4_spin_line_wins: null

2019-08-24 12:54:27 - [TEST_STEP][PASSED] - M4_total_bonus_spins_int = total_bonus_spins: null

2019-08-24 12:54:27 - [TEST_STEP][PASSED] - println("******M4_total_bonus_spins type is:*******" + newline + getClass().getName()): null

2019-08-24 12:54:27 - [TEST_STEP][PASSED] - M4_total_bonus_spins_int = M4_total_bonus_spins_int: null

2019-08-24 12:54:27 - [TEST_STEP][PASSED] - M4_total_bonus_spins = Integer.toString(M4_total_bonus_spins_int): null

2019-08-24 12:54:27 - [TEST_STEP][PASSED] - M4_total_bonus_spins = M4_total_bonus_spins: null

2019-08-24 12:54:27 - [TEST_STEP][PASSED] - println("M4_total_bonus_spins is:" + M4_total_bonus_spins): null

2019-08-24 12:54:27 - [TEST_STEP][PASSED] - M4_spin_bonus_data = bonus_data: null

2019-08-24 12:54:27 - [TEST_STEP][PASSED] - M4_spin_features_triggered = result_M4_spin: null

2019-08-24 12:54:27 - [TEST_STEP][PASSED] - wild = []: null

2019-08-24 12:54:27 - [TEST_STEP][PASSED] - wild[0] = "WILD_Expanding": null

2019-08-24 12:54:27 - [TEST_STEP][PASSED] - wild[1] = "WILD_Normal": null

2019-08-24 12:54:27 - [TEST_STEP][PASSED] - wild[2] = "WILD_Double": null

2019-08-24 12:54:27 - [TEST_STEP][PASSED] - wild[3] = "WILD_ExtraFG": null

2019-08-24 12:54:27 - [TEST_STEP][PASSED] - wild[4] = "WILD_Triple": null

2019-08-24 12:54:27 - [TEST_STEP][PASSED] - wildList = Arrays.asList(wild): null

2019-08-24 12:54:27 - [TEST_STEP][PASSED] - wildList = wildList: null

2019-08-24 12:54:27 - [TEST_STEP][PASSED] - free_spin_reel_counter = []: null

2019-08-24 12:54:27 - [TEST_STEP][PASSED] - free_spin_reel_counter[0] = 0: null

2019-08-24 12:54:27 - [TEST_STEP][PASSED] - free_spin_reel_counter[1] = 0: null

2019-08-24 12:54:27 - [TEST_STEP][PASSED] - free_spin_reel_counter[2] = 0: null

2019-08-24 12:54:27 - [TEST_STEP][PASSED] - M4_spin_reels = reels: null

2019-08-24 12:54:27 - [TEST_STEP][PASSED] - for ([i = 0, i &lt; M4_spin_reels.size(), (i++)]): null

2019-08-24 12:54:27 - [TEST_STEP][PASSED] - symbols = symbols: null

2019-08-24 12:54:27 - [TEST_STEP][PASSED] - for ([j = 0, j &lt; symbols.size(), (j++)]): null

2019-08-24 12:54:27 - [TEST_STEP][PASSED] - symbol = symbol: null

2019-08-24 12:54:27 - [TEST_STEP][PASSED] - println(symbol): null

2019-08-24 12:54:27 - [TEST_STEP][PASSED] - if (i == 2 &amp;&amp; wildList.indexOf(symbol) != -1): null

2019-08-24 12:54:27 - [TEST_STEP][PASSED] - if (i == 3 &amp;&amp; wildList.indexOf(symbol) != -1): null

2019-08-24 12:54:27 - [TEST_STEP][PASSED] - if (i == 4 &amp;&amp; wildList.indexOf(symbol) != -1): null

2019-08-24 12:54:27 - [TEST_STEP][PASSED] - symbol = symbol: null

2019-08-24 12:54:27 - [TEST_STEP][PASSED] - println(symbol): null

2019-08-24 12:54:27 - [TEST_STEP][PASSED] - if (i == 2 &amp;&amp; wildList.indexOf(symbol) != -1): null

2019-08-24 12:54:27 - [TEST_STEP][PASSED] - if (i == 3 &amp;&amp; wildList.indexOf(symbol) != -1): null

2019-08-24 12:54:27 - [TEST_STEP][PASSED] - if (i == 4 &amp;&amp; wildList.indexOf(symbol) != -1): null

2019-08-24 12:54:27 - [TEST_STEP][PASSED] - symbol = symbol: null

2019-08-24 12:54:27 - [TEST_STEP][PASSED] - println(symbol): null

2019-08-24 12:54:27 - [TEST_STEP][PASSED] - if (i == 2 &amp;&amp; wildList.indexOf(symbol) != -1): null

2019-08-24 12:54:27 - [TEST_STEP][PASSED] - if (i == 3 &amp;&amp; wildList.indexOf(symbol) != -1): null

2019-08-24 12:54:27 - [TEST_STEP][PASSED] - if (i == 4 &amp;&amp; wildList.indexOf(symbol) != -1): null

2019-08-24 12:54:27 - [TEST_STEP][PASSED] - symbols = symbols: null

2019-08-24 12:54:27 - [TEST_STEP][PASSED] - for ([j = 0, j &lt; symbols.size(), (j++)]): null

2019-08-24 12:54:27 - [TEST_STEP][PASSED] - symbol = symbol: null

2019-08-24 12:54:27 - [TEST_STEP][PASSED] - println(symbol): null

2019-08-24 12:54:27 - [TEST_STEP][PASSED] - if (i == 2 &amp;&amp; wildList.indexOf(symbol) != -1): null

2019-08-24 12:54:27 - [TEST_STEP][PASSED] - if (i == 3 &amp;&amp; wildList.indexOf(symbol) != -1): null

2019-08-24 12:54:27 - [TEST_STEP][PASSED] - if (i == 4 &amp;&amp; wildList.indexOf(symbol) != -1): null

2019-08-24 12:54:27 - [TEST_STEP][PASSED] - symbol = symbol: null

2019-08-24 12:54:27 - [TEST_STEP][PASSED] - println(symbol): null

2019-08-24 12:54:27 - [TEST_STEP][PASSED] - if (i == 2 &amp;&amp; wildList.indexOf(symbol) != -1): null

2019-08-24 12:54:27 - [TEST_STEP][PASSED] - if (i == 3 &amp;&amp; wildList.indexOf(symbol) != -1): null

2019-08-24 12:54:27 - [TEST_STEP][PASSED] - if (i == 4 &amp;&amp; wildList.indexOf(symbol) != -1): null

2019-08-24 12:54:27 - [TEST_STEP][PASSED] - symbol = symbol: null

2019-08-24 12:54:27 - [TEST_STEP][PASSED] - println(symbol): null

2019-08-24 12:54:27 - [TEST_STEP][PASSED] - if (i == 2 &amp;&amp; wildList.indexOf(symbol) != -1): null

2019-08-24 12:54:27 - [TEST_STEP][PASSED] - if (i == 3 &amp;&amp; wildList.indexOf(symbol) != -1): null

2019-08-24 12:54:27 - [TEST_STEP][PASSED] - if (i == 4 &amp;&amp; wildList.indexOf(symbol) != -1): null

2019-08-24 12:54:27 - [TEST_STEP][PASSED] - symbols = symbols: null

2019-08-24 12:54:27 - [TEST_STEP][PASSED] - for ([j = 0, j &lt; symbols.size(), (j++)]): null

2019-08-24 12:54:27 - [TEST_STEP][PASSED] - symbol = symbol: null

2019-08-24 12:54:27 - [TEST_STEP][PASSED] - println(symbol): null

2019-08-24 12:54:27 - [TEST_STEP][PASSED] - if (i == 2 &amp;&amp; wildList.indexOf(symbol) != -1): null

2019-08-24 12:54:27 - [TEST_STEP][PASSED] - if (i == 3 &amp;&amp; wildList.indexOf(symbol) != -1): null

2019-08-24 12:54:27 - [TEST_STEP][PASSED] - if (i == 4 &amp;&amp; wildList.indexOf(symbol) != -1): null

2019-08-24 12:54:27 - [TEST_STEP][PASSED] - symbol = symbol: null

2019-08-24 12:54:27 - [TEST_STEP][PASSED] - println(symbol): null

2019-08-24 12:54:27 - [TEST_STEP][PASSED] - if (i == 2 &amp;&amp; wildList.indexOf(symbol) != -1): null

2019-08-24 12:54:27 - [TEST_STEP][PASSED] - if (i == 3 &amp;&amp; wildList.indexOf(symbol) != -1): null

2019-08-24 12:54:27 - [TEST_STEP][PASSED] - if (i == 4 &amp;&amp; wildList.indexOf(symbol) != -1): null

2019-08-24 12:54:27 - [TEST_STEP][PASSED] - symbol = symbol: null

2019-08-24 12:54:27 - [TEST_STEP][PASSED] - println(symbol): null

2019-08-24 12:54:27 - [TEST_STEP][PASSED] - if (i == 2 &amp;&amp; wildList.indexOf(symbol) != -1): null

2019-08-24 12:54:27 - [TEST_STEP][PASSED] - if (i == 3 &amp;&amp; wildList.indexOf(symbol) != -1): null

2019-08-24 12:54:27 - [TEST_STEP][PASSED] - if (i == 4 &amp;&amp; wildList.indexOf(symbol) != -1): null

2019-08-24 12:54:27 - [TEST_STEP][PASSED] - symbols = symbols: null

2019-08-24 12:54:27 - [TEST_STEP][PASSED] - for ([j = 0, j &lt; symbols.size(), (j++)]): null

2019-08-24 12:54:27 - [TEST_STEP][PASSED] - symbol = symbol: null

2019-08-24 12:54:27 - [TEST_STEP][PASSED] - println(symbol): null

2019-08-24 12:54:27 - [TEST_STEP][PASSED] - if (i == 2 &amp;&amp; wildList.indexOf(symbol) != -1): null

2019-08-24 12:54:27 - [TEST_STEP][PASSED] - if (i == 3 &amp;&amp; wildList.indexOf(symbol) != -1): null

2019-08-24 12:54:27 - [TEST_STEP][PASSED] - if (i == 4 &amp;&amp; wildList.indexOf(symbol) != -1): null

2019-08-24 12:54:27 - [TEST_STEP][PASSED] - symbol = symbol: null

2019-08-24 12:54:27 - [TEST_STEP][PASSED] - println(symbol): null

2019-08-24 12:54:27 - [TEST_STEP][PASSED] - if (i == 2 &amp;&amp; wildList.indexOf(symbol) != -1): null

2019-08-24 12:54:27 - [TEST_STEP][PASSED] - if (i == 3 &amp;&amp; wildList.indexOf(symbol) != -1): null

2019-08-24 12:54:27 - [TEST_STEP][PASSED] - if (i == 4 &amp;&amp; wildList.indexOf(symbol) != -1): null

2019-08-24 12:54:27 - [TEST_STEP][PASSED] - symbol = symbol: null

2019-08-24 12:54:27 - [TEST_STEP][PASSED] - println(symbol): null

2019-08-24 12:54:27 - [TEST_STEP][PASSED] - if (i == 2 &amp;&amp; wildList.indexOf(symbol) != -1): null

2019-08-24 12:54:27 - [TEST_STEP][PASSED] - if (i == 3 &amp;&amp; wildList.indexOf(symbol) != -1): null

2019-08-24 12:54:27 - [TEST_STEP][PASSED] - if (i == 4 &amp;&amp; wildList.indexOf(symbol) != -1): null

2019-08-24 12:54:27 - [TEST_STEP][PASSED] - symbols = symbols: null

2019-08-24 12:54:27 - [TEST_STEP][PASSED] - for ([j = 0, j &lt; symbols.size(), (j++)]): null

2019-08-24 12:54:27 - [TEST_STEP][PASSED] - symbol = symbol: null

2019-08-24 12:54:27 - [TEST_STEP][PASSED] - println(symbol): null

2019-08-24 12:54:27 - [TEST_STEP][PASSED] - if (i == 2 &amp;&amp; wildList.indexOf(symbol) != -1): null

2019-08-24 12:54:27 - [TEST_STEP][PASSED] - if (i == 3 &amp;&amp; wildList.indexOf(symbol) != -1): null

2019-08-24 12:54:27 - [TEST_STEP][PASSED] - if (i == 4 &amp;&amp; wildList.indexOf(symbol) != -1): null

2019-08-24 12:54:27 - [TEST_STEP][PASSED] - symbol = symbol: null

2019-08-24 12:54:27 - [TEST_STEP][PASSED] - println(symbol): null

2019-08-24 12:54:27 - [TEST_STEP][PASSED] - if (i == 2 &amp;&amp; wildList.indexOf(symbol) != -1): null

2019-08-24 12:54:27 - [TEST_STEP][PASSED] - if (i == 3 &amp;&amp; wildList.indexOf(symbol) != -1): null

2019-08-24 12:54:27 - [TEST_STEP][PASSED] - if (i == 4 &amp;&amp; wildList.indexOf(symbol) != -1): null

2019-08-24 12:54:27 - [TEST_STEP][PASSED] - println("wild found on reel 5, adding counter by 1"): null

2019-08-24 12:54:27 - [TEST_STEP][PASSED] - free_spin_reel_counter[2] = free_spin_reel_counter[2] + 1: null

2019-08-24 12:54:27 - [TEST_STEP][PASSED] - symbol = symbol: null

2019-08-24 12:54:27 - [TEST_STEP][PASSED] - println(symbol): null

2019-08-24 12:54:27 - [TEST_STEP][PASSED] - if (i == 2 &amp;&amp; wildList.indexOf(symbol) != -1): null

2019-08-24 12:54:27 - [TEST_STEP][PASSED] - if (i == 3 &amp;&amp; wildList.indexOf(symbol) != -1): null

2019-08-24 12:54:27 - [TEST_STEP][PASSED] - if (i == 4 &amp;&amp; wildList.indexOf(symbol) != -1): null

2019-08-24 12:54:27 - [TEST_STEP][PASSED] - free_spin_reel_counter = free_spin_reel_counter: null

2019-08-24 12:54:27 - [TEST_STEP][PASSED] - println("reel 3 wild found: " + free_spin_reel_counter[0]): null

2019-08-24 12:54:27 - [TEST_STEP][PASSED] - println("reel 4 wild found: " + free_spin_reel_counter[1]): null

2019-08-24 12:54:27 - [TEST_STEP][PASSED] - println("reel 5 wild found: " + free_spin_reel_counter[2]): null

2019-08-24 12:54:27 - [TEST_STEP][PASSED] - M4_spin_reels = M4_spin_reels: null

2019-08-24 12:54:27 - [TEST_STEP][PASSED] - M4_spin_reels_symbols = symbol: null

2019-08-24 12:54:27 - [TEST_STEP][PASSED] - M4_spin_reels_symbols = M4_spin_reels_symbols: null

2019-08-24 12:54:27 - [TEST_STEP][PASSED] - M4_spin_reel_wins = reel_wins: null

2019-08-24 12:54:27 - [TEST_STEP][PASSED] - M4_spin_reel_wins = M4_spin_reel_wins: null

2019-08-24 12:54:27 - [TEST_STEP][PASSED] - println("GlobalVariable.M4_spin_reel_wins is: " + M4_spin_reel_wins): null

2019-08-24 12:54:27 - [TEST_STEP][PASSED] - M4_spin_total_bonus_win_this_round = total_bonus_win_this_round: null

2019-08-24 12:54:27 - [TEST_STEP][PASSED] - M4_spin_total_bonus_win_this_round = M4_spin_total_bonus_win_this_round: null

2019-08-24 12:54:27 - [TEST_STEP][PASSED] - println("GlobalVariable.M4_spin_total_bonus_win_this_round is: " + M4_spin_total_bonus_win_this_round): null

2019-08-24 12:54:27 - [TEST_STEP][PASSED] - M4_spin_bonus_spin_result = spin_result: null

2019-08-24 12:54:27 - [TEST_STEP][PASSED] - M4_spin_bonus_spin_result = M4_spin_bonus_spin_result: null

2019-08-24 12:54:27 - [MESSAGE][PASSED] - Verify response successfully

2019-08-24 12:54:27 - [MESSAGE][PASSED] - Send request and verify the response successfully

2019-08-24 12:54:27 - [TEST_STEP][PASSED] - if (M4_total_bonus_spins_int != 0 &amp;&amp; M4_spin_reels_symbols[2].contains("WILD_Double") || M4_spin_reels_symbols[4].contains("WILD_Triple")): null

2019-08-24 12:54:27 - [TEST_STEP][PASSED] - free_spin_reel_counter = free_spin_reel_counter: null

2019-08-24 12:54:27 - [TEST_STEP][PASSED] - M4_spin_reels_symbols = M4_spin_reels_symbols: null

2019-08-24 12:54:27 - [TEST_STEP][PASSED] - M4_total_bonus_spins = M4_total_bonus_spins: null

2019-08-24 12:54:27 - [TEST_STEP][PASSED] - spin_result = sendRequestAndVerify(findTestObject("INT/RGS(M4)/1_M4_spin", ["M4_login_user_id":M4_login_user_id, "rgs_session_token":rgs_session_token, "partner":Partner])): Send request and verify the response successfully

2019-08-24 12:54:27 - [MESSAGE][INFO] - HAR: /Users/eiralee/Katalon_Script/SuperWild/Reports/20190824_124242/INT/superWild_4/20190824_124242/requests/main/209.har

2019-08-24 12:54:27 - [TEST_CASE][PASSED] - Start Test Case : Verification: Verification accomplished successfully

2019-08-24 12:54:27 - [TEST_STEP][PASSED] - request = getInstance().getCurrentRequest(): null

2019-08-24 12:54:27 - [TEST_STEP][PASSED] - response = getInstance().getCurrentResponse(): null

2019-08-24 12:54:27 - [TEST_STEP][PASSED] - verifyResponseStatusCode(response, 200): Verify response status code successfully

2019-08-24 12:54:27 - [MESSAGE][PASSED] - Verify response status code successfully

2019-08-24 12:54:27 - [TEST_STEP][PASSED] - getStatusCode()).isEqualTo(200): null

2019-08-24 12:54:27 - [TEST_STEP][PASSED] - newline = System.getProperty("line.separator"): null

2019-08-24 12:54:27 - [TEST_STEP][PASSED] - M4_spin = new groovy.json.JsonSlurper(): null

2019-08-24 12:54:27 - [TEST_STEP][PASSED] - result_M4_spin = M4_spin.parseText(response.getResponseBodyContent()): null

2019-08-24 12:54:27 - [TEST_STEP][PASSED] - M4_spin_current_balance = current_balance: null

2019-08-24 12:54:27 - [TEST_STEP][PASSED] - M4_spin_current_balance = M4_spin_current_balance: null

2019-08-24 12:54:27 - [TEST_STEP][PASSED] - M4_spin_transaction_id = causality: null

2019-08-24 12:54:27 - [TEST_STEP][PASSED] - M4_spin_transaction_id = M4_spin_transaction_id: null

2019-08-24 12:54:27 - [TEST_STEP][PASSED] - M4_spin_round_id = round_id: null

2019-08-24 12:54:27 - [TEST_STEP][PASSED] - M4_spin_round_id = M4_spin_round_id: null

2019-08-24 12:54:27 - [TEST_STEP][PASSED] - M4_spin_line_wins = line_wins: null

2019-08-24 12:54:27 - [TEST_STEP][PASSED] - M4_spin_line_wins = M4_spin_line_wins: null

2019-08-24 12:54:27 - [TEST_STEP][PASSED] - M4_total_bonus_spins_int = total_bonus_spins: null

2019-08-24 12:54:27 - [TEST_STEP][PASSED] - println("******M4_total_bonus_spins type is:*******" + newline + getClass().getName()): null

2019-08-24 12:54:27 - [TEST_STEP][PASSED] - M4_total_bonus_spins_int = M4_total_bonus_spins_int: null

2019-08-24 12:54:27 - [TEST_STEP][PASSED] - M4_total_bonus_spins = Integer.toString(M4_total_bonus_spins_int): null

2019-08-24 12:54:27 - [TEST_STEP][PASSED] - M4_total_bonus_spins = M4_total_bonus_spins: null

2019-08-24 12:54:27 - [TEST_STEP][PASSED] - println("M4_total_bonus_spins is:" + M4_total_bonus_spins): null

2019-08-24 12:54:27 - [TEST_STEP][PASSED] - M4_spin_bonus_data = bonus_data: null

2019-08-24 12:54:27 - [TEST_STEP][PASSED] - M4_spin_features_triggered = result_M4_spin: null

2019-08-24 12:54:27 - [TEST_STEP][PASSED] - wild = []: null

2019-08-24 12:54:27 - [TEST_STEP][PASSED] - wild[0] = "WILD_Expanding": null

2019-08-24 12:54:27 - [TEST_STEP][PASSED] - wild[1] = "WILD_Normal": null

2019-08-24 12:54:27 - [TEST_STEP][PASSED] - wild[2] = "WILD_Double": null

2019-08-24 12:54:27 - [TEST_STEP][PASSED] - wild[3] = "WILD_ExtraFG": null

2019-08-24 12:54:27 - [TEST_STEP][PASSED] - wild[4] = "WILD_Triple": null

2019-08-24 12:54:27 - [TEST_STEP][PASSED] - wildList = Arrays.asList(wild): null

2019-08-24 12:54:27 - [TEST_STEP][PASSED] - wildList = wildList: null

2019-08-24 12:54:27 - [TEST_STEP][PASSED] - free_spin_reel_counter = []: null

2019-08-24 12:54:27 - [TEST_STEP][PASSED] - free_spin_reel_counter[0] = 0: null

2019-08-24 12:54:27 - [TEST_STEP][PASSED] - free_spin_reel_counter[1] = 0: null

2019-08-24 12:54:27 - [TEST_STEP][PASSED] - free_spin_reel_counter[2] = 0: null

2019-08-24 12:54:27 - [TEST_STEP][PASSED] - M4_spin_reels = reels: null

2019-08-24 12:54:27 - [TEST_STEP][PASSED] - for ([i = 0, i &lt; M4_spin_reels.size(), (i++)]): null

2019-08-24 12:54:27 - [TEST_STEP][PASSED] - symbols = symbols: null

2019-08-24 12:54:27 - [TEST_STEP][PASSED] - for ([j = 0, j &lt; symbols.size(), (j++)]): null

2019-08-24 12:54:27 - [TEST_STEP][PASSED] - symbol = symbol: null

2019-08-24 12:54:27 - [TEST_STEP][PASSED] - println(symbol): null

2019-08-24 12:54:27 - [TEST_STEP][PASSED] - if (i == 2 &amp;&amp; wildList.indexOf(symbol) != -1): null

2019-08-24 12:54:27 - [TEST_STEP][PASSED] - if (i == 3 &amp;&amp; wildList.indexOf(symbol) != -1): null

2019-08-24 12:54:27 - [TEST_STEP][PASSED] - if (i == 4 &amp;&amp; wildList.indexOf(symbol) != -1): null

2019-08-24 12:54:27 - [TEST_STEP][PASSED] - symbol = symbol: null

2019-08-24 12:54:27 - [TEST_STEP][PASSED] - println(symbol): null

2019-08-24 12:54:27 - [TEST_STEP][PASSED] - if (i == 2 &amp;&amp; wildList.indexOf(symbol) != -1): null

2019-08-24 12:54:27 - [TEST_STEP][PASSED] - if (i == 3 &amp;&amp; wildList.indexOf(symbol) != -1): null

2019-08-24 12:54:27 - [TEST_STEP][PASSED] - if (i == 4 &amp;&amp; wildList.indexOf(symbol) != -1): null

2019-08-24 12:54:27 - [TEST_STEP][PASSED] - symbol = symbol: null

2019-08-24 12:54:27 - [TEST_STEP][PASSED] - println(symbol): null

2019-08-24 12:54:27 - [TEST_STEP][PASSED] - if (i == 2 &amp;&amp; wildList.indexOf(symbol) != -1): null

2019-08-24 12:54:27 - [TEST_STEP][PASSED] - if (i == 3 &amp;&amp; wildList.indexOf(symbol) != -1): null

2019-08-24 12:54:27 - [TEST_STEP][PASSED] - if (i == 4 &amp;&amp; wildList.indexOf(symbol) != -1): null

2019-08-24 12:54:27 - [TEST_STEP][PASSED] - symbols = symbols: null

2019-08-24 12:54:27 - [TEST_STEP][PASSED] - for ([j = 0, j &lt; symbols.size(), (j++)]): null

2019-08-24 12:54:27 - [TEST_STEP][PASSED] - symbol = symbol: null

2019-08-24 12:54:27 - [TEST_STEP][PASSED] - println(symbol): null

2019-08-24 12:54:27 - [TEST_STEP][PASSED] - if (i == 2 &amp;&amp; wildList.indexOf(symbol) != -1): null

2019-08-24 12:54:27 - [TEST_STEP][PASSED] - if (i == 3 &amp;&amp; wildList.indexOf(symbol) != -1): null

2019-08-24 12:54:27 - [TEST_STEP][PASSED] - if (i == 4 &amp;&amp; wildList.indexOf(symbol) != -1): null

2019-08-24 12:54:27 - [TEST_STEP][PASSED] - symbol = symbol: null

2019-08-24 12:54:27 - [TEST_STEP][PASSED] - println(symbol): null

2019-08-24 12:54:27 - [TEST_STEP][PASSED] - if (i == 2 &amp;&amp; wildList.indexOf(symbol) != -1): null

2019-08-24 12:54:27 - [TEST_STEP][PASSED] - if (i == 3 &amp;&amp; wildList.indexOf(symbol) != -1): null

2019-08-24 12:54:27 - [TEST_STEP][PASSED] - if (i == 4 &amp;&amp; wildList.indexOf(symbol) != -1): null

2019-08-24 12:54:27 - [TEST_STEP][PASSED] - symbol = symbol: null

2019-08-24 12:54:27 - [TEST_STEP][PASSED] - println(symbol): null

2019-08-24 12:54:27 - [TEST_STEP][PASSED] - if (i == 2 &amp;&amp; wildList.indexOf(symbol) != -1): null

2019-08-24 12:54:27 - [TEST_STEP][PASSED] - if (i == 3 &amp;&amp; wildList.indexOf(symbol) != -1): null

2019-08-24 12:54:27 - [TEST_STEP][PASSED] - if (i == 4 &amp;&amp; wildList.indexOf(symbol) != -1): null

2019-08-24 12:54:27 - [TEST_STEP][PASSED] - symbols = symbols: null

2019-08-24 12:54:27 - [TEST_STEP][PASSED] - for ([j = 0, j &lt; symbols.size(), (j++)]): null

2019-08-24 12:54:27 - [TEST_STEP][PASSED] - symbol = symbol: null

2019-08-24 12:54:27 - [TEST_STEP][PASSED] - println(symbol): null

2019-08-24 12:54:27 - [TEST_STEP][PASSED] - if (i == 2 &amp;&amp; wildList.indexOf(symbol) != -1): null

2019-08-24 12:54:27 - [TEST_STEP][PASSED] - if (i == 3 &amp;&amp; wildList.indexOf(symbol) != -1): null

2019-08-24 12:54:27 - [TEST_STEP][PASSED] - if (i == 4 &amp;&amp; wildList.indexOf(symbol) != -1): null

2019-08-24 12:54:27 - [TEST_STEP][PASSED] - symbol = symbol: null

2019-08-24 12:54:27 - [TEST_STEP][PASSED] - println(symbol): null

2019-08-24 12:54:27 - [TEST_STEP][PASSED] - if (i == 2 &amp;&amp; wildList.indexOf(symbol) != -1): null

2019-08-24 12:54:27 - [TEST_STEP][PASSED] - if (i == 3 &amp;&amp; wildList.indexOf(symbol) != -1): null

2019-08-24 12:54:27 - [TEST_STEP][PASSED] - if (i == 4 &amp;&amp; wildList.indexOf(symbol) != -1): null

2019-08-24 12:54:27 - [TEST_STEP][PASSED] - symbol = symbol: null

2019-08-24 12:54:27 - [TEST_STEP][PASSED] - println(symbol): null

2019-08-24 12:54:27 - [TEST_STEP][PASSED] - if (i == 2 &amp;&amp; wildList.indexOf(symbol) != -1): null

2019-08-24 12:54:27 - [TEST_STEP][PASSED] - if (i == 3 &amp;&amp; wildList.indexOf(symbol) != -1): null

2019-08-24 12:54:27 - [TEST_STEP][PASSED] - if (i == 4 &amp;&amp; wildList.indexOf(symbol) != -1): null

2019-08-24 12:54:27 - [TEST_STEP][PASSED] - symbols = symbols: null

2019-08-24 12:54:27 - [TEST_STEP][PASSED] - for ([j = 0, j &lt; symbols.size(), (j++)]): null

2019-08-24 12:54:27 - [TEST_STEP][PASSED] - symbol = symbol: null

2019-08-24 12:54:27 - [TEST_STEP][PASSED] - println(symbol): null

2019-08-24 12:54:27 - [TEST_STEP][PASSED] - if (i == 2 &amp;&amp; wildList.indexOf(symbol) != -1): null

2019-08-24 12:54:27 - [TEST_STEP][PASSED] - if (i == 3 &amp;&amp; wildList.indexOf(symbol) != -1): null

2019-08-24 12:54:27 - [TEST_STEP][PASSED] - if (i == 4 &amp;&amp; wildList.indexOf(symbol) != -1): null

2019-08-24 12:54:27 - [TEST_STEP][PASSED] - symbol = symbol: null

2019-08-24 12:54:27 - [TEST_STEP][PASSED] - println(symbol): null

2019-08-24 12:54:27 - [TEST_STEP][PASSED] - if (i == 2 &amp;&amp; wildList.indexOf(symbol) != -1): null

2019-08-24 12:54:27 - [TEST_STEP][PASSED] - if (i == 3 &amp;&amp; wildList.indexOf(symbol) != -1): null

2019-08-24 12:54:27 - [TEST_STEP][PASSED] - if (i == 4 &amp;&amp; wildList.indexOf(symbol) != -1): null

2019-08-24 12:54:27 - [TEST_STEP][PASSED] - symbol = symbol: null

2019-08-24 12:54:27 - [TEST_STEP][PASSED] - println(symbol): null

2019-08-24 12:54:27 - [TEST_STEP][PASSED] - if (i == 2 &amp;&amp; wildList.indexOf(symbol) != -1): null

2019-08-24 12:54:27 - [TEST_STEP][PASSED] - if (i == 3 &amp;&amp; wildList.indexOf(symbol) != -1): null

2019-08-24 12:54:27 - [TEST_STEP][PASSED] - if (i == 4 &amp;&amp; wildList.indexOf(symbol) != -1): null

2019-08-24 12:54:27 - [TEST_STEP][PASSED] - symbols = symbols: null

2019-08-24 12:54:27 - [TEST_STEP][PASSED] - for ([j = 0, j &lt; symbols.size(), (j++)]): null

2019-08-24 12:54:27 - [TEST_STEP][PASSED] - symbol = symbol: null

2019-08-24 12:54:27 - [TEST_STEP][PASSED] - println(symbol): null

2019-08-24 12:54:27 - [TEST_STEP][PASSED] - if (i == 2 &amp;&amp; wildList.indexOf(symbol) != -1): null

2019-08-24 12:54:31 - [TEST_STEP][PASSED] - if (i == 3 &amp;&amp; wildList.indexOf(symbol) != -1): null

2019-08-24 12:54:31 - [TEST_STEP][PASSED] - if (i == 4 &amp;&amp; wildList.indexOf(symbol) != -1): null

2019-08-24 12:54:31 - [TEST_STEP][PASSED] - symbol = symbol: null

2019-08-24 12:54:31 - [TEST_STEP][PASSED] - println(symbol): null

2019-08-24 12:54:31 - [TEST_STEP][PASSED] - if (i == 2 &amp;&amp; wildList.indexOf(symbol) != -1): null

2019-08-24 12:54:31 - [TEST_STEP][PASSED] - if (i == 3 &amp;&amp; wildList.indexOf(symbol) != -1): null

2019-08-24 12:54:31 - [TEST_STEP][PASSED] - if (i == 4 &amp;&amp; wildList.indexOf(symbol) != -1): null

2019-08-24 12:54:31 - [TEST_STEP][PASSED] - symbol = symbol: null

2019-08-24 12:54:31 - [TEST_STEP][PASSED] - println(symbol): null

2019-08-24 12:54:31 - [TEST_STEP][PASSED] - if (i == 2 &amp;&amp; wildList.indexOf(symbol) != -1): null

2019-08-24 12:54:31 - [TEST_STEP][PASSED] - if (i == 3 &amp;&amp; wildList.indexOf(symbol) != -1): null

2019-08-24 12:54:31 - [TEST_STEP][PASSED] - if (i == 4 &amp;&amp; wildList.indexOf(symbol) != -1): null

2019-08-24 12:54:31 - [TEST_STEP][PASSED] - free_spin_reel_counter = free_spin_reel_counter: null

2019-08-24 12:54:31 - [TEST_STEP][PASSED] - println("reel 3 wild found: " + free_spin_reel_counter[0]): null

2019-08-24 12:54:31 - [TEST_STEP][PASSED] - println("reel 4 wild found: " + free_spin_reel_counter[1]): null

2019-08-24 12:54:31 - [TEST_STEP][PASSED] - println("reel 5 wild found: " + free_spin_reel_counter[2]): null

2019-08-24 12:54:31 - [TEST_STEP][PASSED] - M4_spin_reels = M4_spin_reels: null

2019-08-24 12:54:31 - [TEST_STEP][PASSED] - M4_spin_reels_symbols = symbol: null

2019-08-24 12:54:31 - [TEST_STEP][PASSED] - M4_spin_reels_symbols = M4_spin_reels_symbols: null

2019-08-24 12:54:31 - [TEST_STEP][PASSED] - M4_spin_reel_wins = reel_wins: null

2019-08-24 12:54:31 - [TEST_STEP][PASSED] - M4_spin_reel_wins = M4_spin_reel_wins: null

2019-08-24 12:54:31 - [TEST_STEP][PASSED] - println("GlobalVariable.M4_spin_reel_wins is: " + M4_spin_reel_wins): null

2019-08-24 12:54:31 - [TEST_STEP][PASSED] - M4_spin_total_bonus_win_this_round = total_bonus_win_this_round: null

2019-08-24 12:54:31 - [TEST_STEP][PASSED] - M4_spin_total_bonus_win_this_round = M4_spin_total_bonus_win_this_round: null

2019-08-24 12:54:31 - [TEST_STEP][PASSED] - println("GlobalVariable.M4_spin_total_bonus_win_this_round is: " + M4_spin_total_bonus_win_this_round): null

2019-08-24 12:54:31 - [TEST_STEP][PASSED] - M4_spin_bonus_spin_result = spin_result: null

2019-08-24 12:54:31 - [TEST_STEP][PASSED] - M4_spin_bonus_spin_result = M4_spin_bonus_spin_result: null

2019-08-24 12:54:31 - [MESSAGE][PASSED] - Verify response successfully

2019-08-24 12:54:31 - [MESSAGE][PASSED] - Send request and verify the response successfully

2019-08-24 12:54:31 - [TEST_STEP][PASSED] - if (M4_total_bonus_spins_int != 0 &amp;&amp; M4_spin_reels_symbols[2].contains("WILD_Double") || M4_spin_reels_symbols[4].contains("WILD_Triple")): null

2019-08-24 12:54:31 - [TEST_STEP][PASSED] - free_spin_reel_counter = free_spin_reel_counter: null

2019-08-24 12:54:31 - [TEST_STEP][PASSED] - M4_spin_reels_symbols = M4_spin_reels_symbols: null

2019-08-24 12:54:31 - [TEST_STEP][PASSED] - M4_total_bonus_spins = M4_total_bonus_spins: null

2019-08-24 12:54:31 - [TEST_STEP][PASSED] - spin_result = sendRequestAndVerify(findTestObject("INT/RGS(M4)/1_M4_spin", ["M4_login_user_id":M4_login_user_id, "rgs_session_token":rgs_session_token, "partner":Partner])): Send request and verify the response successfully

2019-08-24 12:54:35 - [MESSAGE][INFO] - HAR: /Users/eiralee/Katalon_Script/SuperWild/Reports/20190824_124242/INT/superWild_4/20190824_124242/requests/main/210.har

2019-08-24 12:54:35 - [TEST_CASE][PASSED] - Start Test Case : Verification: Verification accomplished successfully

2019-08-24 12:54:35 - [TEST_STEP][PASSED] - request = getInstance().getCurrentRequest(): null

2019-08-24 12:54:35 - [TEST_STEP][PASSED] - response = getInstance().getCurrentResponse(): null

2019-08-24 12:54:35 - [TEST_STEP][PASSED] - verifyResponseStatusCode(response, 200): Verify response status code successfully

2019-08-24 12:54:35 - [MESSAGE][PASSED] - Verify response status code successfully

2019-08-24 12:54:35 - [TEST_STEP][PASSED] - getStatusCode()).isEqualTo(200): null

2019-08-24 12:54:35 - [TEST_STEP][PASSED] - newline = System.getProperty("line.separator"): null

2019-08-24 12:54:35 - [TEST_STEP][PASSED] - M4_spin = new groovy.json.JsonSlurper(): null

2019-08-24 12:54:35 - [TEST_STEP][PASSED] - result_M4_spin = M4_spin.parseText(response.getResponseBodyContent()): null

2019-08-24 12:54:35 - [TEST_STEP][PASSED] - M4_spin_current_balance = current_balance: null

2019-08-24 12:54:35 - [TEST_STEP][PASSED] - M4_spin_current_balance = M4_spin_current_balance: null

2019-08-24 12:54:35 - [TEST_STEP][PASSED] - M4_spin_transaction_id = causality: null

2019-08-24 12:54:35 - [TEST_STEP][PASSED] - M4_spin_transaction_id = M4_spin_transaction_id: null

2019-08-24 12:54:35 - [TEST_STEP][PASSED] - M4_spin_round_id = round_id: null

2019-08-24 12:54:35 - [TEST_STEP][PASSED] - M4_spin_round_id = M4_spin_round_id: null

2019-08-24 12:54:35 - [TEST_STEP][PASSED] - M4_spin_line_wins = line_wins: null

2019-08-24 12:54:35 - [TEST_STEP][PASSED] - M4_spin_line_wins = M4_spin_line_wins: null

2019-08-24 12:54:35 - [TEST_STEP][PASSED] - M4_total_bonus_spins_int = total_bonus_spins: null

2019-08-24 12:54:35 - [TEST_STEP][PASSED] - println("******M4_total_bonus_spins type is:*******" + newline + getClass().getName()): null

2019-08-24 12:54:35 - [TEST_STEP][PASSED] - M4_total_bonus_spins_int = M4_total_bonus_spins_int: null

2019-08-24 12:54:35 - [TEST_STEP][PASSED] - M4_total_bonus_spins = Integer.toString(M4_total_bonus_spins_int): null

2019-08-24 12:54:35 - [TEST_STEP][PASSED] - M4_total_bonus_spins = M4_total_bonus_spins: null

2019-08-24 12:54:35 - [TEST_STEP][PASSED] - println("M4_total_bonus_spins is:" + M4_total_bonus_spins): null

2019-08-24 12:54:35 - [TEST_STEP][PASSED] - M4_spin_bonus_data = bonus_data: null

2019-08-24 12:54:35 - [TEST_STEP][PASSED] - M4_spin_features_triggered = result_M4_spin: null

2019-08-24 12:54:35 - [TEST_STEP][PASSED] - wild = []: null

2019-08-24 12:54:35 - [TEST_STEP][PASSED] - wild[0] = "WILD_Expanding": null

2019-08-24 12:54:35 - [TEST_STEP][PASSED] - wild[1] = "WILD_Normal": null

2019-08-24 12:54:35 - [TEST_STEP][PASSED] - wild[2] = "WILD_Double": null

2019-08-24 12:54:35 - [TEST_STEP][PASSED] - wild[3] = "WILD_ExtraFG": null

2019-08-24 12:54:35 - [TEST_STEP][PASSED] - wild[4] = "WILD_Triple": null

2019-08-24 12:54:35 - [TEST_STEP][PASSED] - wildList = Arrays.asList(wild): null

2019-08-24 12:54:35 - [TEST_STEP][PASSED] - wildList = wildList: null

2019-08-24 12:54:35 - [TEST_STEP][PASSED] - free_spin_reel_counter = []: null

2019-08-24 12:54:35 - [TEST_STEP][PASSED] - free_spin_reel_counter[0] = 0: null

2019-08-24 12:54:35 - [TEST_STEP][PASSED] - free_spin_reel_counter[1] = 0: null

2019-08-24 12:54:35 - [TEST_STEP][PASSED] - free_spin_reel_counter[2] = 0: null

2019-08-24 12:54:35 - [TEST_STEP][PASSED] - M4_spin_reels = reels: null

2019-08-24 12:54:35 - [TEST_STEP][PASSED] - for ([i = 0, i &lt; M4_spin_reels.size(), (i++)]): null

2019-08-24 12:54:35 - [TEST_STEP][PASSED] - symbols = symbols: null

2019-08-24 12:54:35 - [TEST_STEP][PASSED] - for ([j = 0, j &lt; symbols.size(), (j++)]): null

2019-08-24 12:54:35 - [TEST_STEP][PASSED] - symbol = symbol: null

2019-08-24 12:54:35 - [TEST_STEP][PASSED] - println(symbol): null

2019-08-24 12:54:35 - [TEST_STEP][PASSED] - if (i == 2 &amp;&amp; wildList.indexOf(symbol) != -1): null

2019-08-24 12:54:35 - [TEST_STEP][PASSED] - if (i == 3 &amp;&amp; wildList.indexOf(symbol) != -1): null

2019-08-24 12:54:35 - [TEST_STEP][PASSED] - if (i == 4 &amp;&amp; wildList.indexOf(symbol) != -1): null

2019-08-24 12:54:35 - [TEST_STEP][PASSED] - symbol = symbol: null

2019-08-24 12:54:35 - [TEST_STEP][PASSED] - println(symbol): null

2019-08-24 12:54:35 - [TEST_STEP][PASSED] - if (i == 2 &amp;&amp; wildList.indexOf(symbol) != -1): null

2019-08-24 12:54:35 - [TEST_STEP][PASSED] - if (i == 3 &amp;&amp; wildList.indexOf(symbol) != -1): null

2019-08-24 12:54:35 - [TEST_STEP][PASSED] - if (i == 4 &amp;&amp; wildList.indexOf(symbol) != -1): null

2019-08-24 12:54:35 - [TEST_STEP][PASSED] - symbol = symbol: null

2019-08-24 12:54:35 - [TEST_STEP][PASSED] - println(symbol): null

2019-08-24 12:54:35 - [TEST_STEP][PASSED] - if (i == 2 &amp;&amp; wildList.indexOf(symbol) != -1): null

2019-08-24 12:54:35 - [TEST_STEP][PASSED] - if (i == 3 &amp;&amp; wildList.indexOf(symbol) != -1): null

2019-08-24 12:54:35 - [TEST_STEP][PASSED] - if (i == 4 &amp;&amp; wildList.indexOf(symbol) != -1): null

2019-08-24 12:54:35 - [TEST_STEP][PASSED] - symbols = symbols: null

2019-08-24 12:54:35 - [TEST_STEP][PASSED] - for ([j = 0, j &lt; symbols.size(), (j++)]): null

2019-08-24 12:54:35 - [TEST_STEP][PASSED] - symbol = symbol: null

2019-08-24 12:54:35 - [TEST_STEP][PASSED] - println(symbol): null

2019-08-24 12:54:35 - [TEST_STEP][PASSED] - if (i == 2 &amp;&amp; wildList.indexOf(symbol) != -1): null

2019-08-24 12:54:35 - [TEST_STEP][PASSED] - if (i == 3 &amp;&amp; wildList.indexOf(symbol) != -1): null

2019-08-24 12:54:35 - [TEST_STEP][PASSED] - if (i == 4 &amp;&amp; wildList.indexOf(symbol) != -1): null

2019-08-24 12:54:35 - [TEST_STEP][PASSED] - symbol = symbol: null

2019-08-24 12:54:35 - [TEST_STEP][PASSED] - println(symbol): null

2019-08-24 12:54:35 - [TEST_STEP][PASSED] - if (i == 2 &amp;&amp; wildList.indexOf(symbol) != -1): null

2019-08-24 12:54:35 - [TEST_STEP][PASSED] - if (i == 3 &amp;&amp; wildList.indexOf(symbol) != -1): null

2019-08-24 12:54:35 - [TEST_STEP][PASSED] - if (i == 4 &amp;&amp; wildList.indexOf(symbol) != -1): null

2019-08-24 12:54:35 - [TEST_STEP][PASSED] - symbol = symbol: null

2019-08-24 12:54:35 - [TEST_STEP][PASSED] - println(symbol): null

2019-08-24 12:54:35 - [TEST_STEP][PASSED] - if (i == 2 &amp;&amp; wildList.indexOf(symbol) != -1): null

2019-08-24 12:54:35 - [TEST_STEP][PASSED] - if (i == 3 &amp;&amp; wildList.indexOf(symbol) != -1): null

2019-08-24 12:54:35 - [TEST_STEP][PASSED] - if (i == 4 &amp;&amp; wildList.indexOf(symbol) != -1): null

2019-08-24 12:54:35 - [TEST_STEP][PASSED] - symbols = symbols: null

2019-08-24 12:54:35 - [TEST_STEP][PASSED] - for ([j = 0, j &lt; symbols.size(), (j++)]): null

2019-08-24 12:54:35 - [TEST_STEP][PASSED] - symbol = symbol: null

2019-08-24 12:54:35 - [TEST_STEP][PASSED] - println(symbol): null

2019-08-24 12:54:35 - [TEST_STEP][PASSED] - if (i == 2 &amp;&amp; wildList.indexOf(symbol) != -1): null

2019-08-24 12:54:35 - [TEST_STEP][PASSED] - if (i == 3 &amp;&amp; wildList.indexOf(symbol) != -1): null

2019-08-24 12:54:35 - [TEST_STEP][PASSED] - if (i == 4 &amp;&amp; wildList.indexOf(symbol) != -1): null

2019-08-24 12:54:35 - [TEST_STEP][PASSED] - symbol = symbol: null

2019-08-24 12:54:35 - [TEST_STEP][PASSED] - println(symbol): null

2019-08-24 12:54:35 - [TEST_STEP][PASSED] - if (i == 2 &amp;&amp; wildList.indexOf(symbol) != -1): null

2019-08-24 12:54:35 - [TEST_STEP][PASSED] - if (i == 3 &amp;&amp; wildList.indexOf(symbol) != -1): null

2019-08-24 12:54:35 - [TEST_STEP][PASSED] - if (i == 4 &amp;&amp; wildList.indexOf(symbol) != -1): null

2019-08-24 12:54:35 - [TEST_STEP][PASSED] - symbol = symbol: null

2019-08-24 12:54:35 - [TEST_STEP][PASSED] - println(symbol): null

2019-08-24 12:54:35 - [TEST_STEP][PASSED] - if (i == 2 &amp;&amp; wildList.indexOf(symbol) != -1): null

2019-08-24 12:54:35 - [TEST_STEP][PASSED] - if (i == 3 &amp;&amp; wildList.indexOf(symbol) != -1): null

2019-08-24 12:54:35 - [TEST_STEP][PASSED] - if (i == 4 &amp;&amp; wildList.indexOf(symbol) != -1): null

2019-08-24 12:54:35 - [TEST_STEP][PASSED] - symbols = symbols: null

2019-08-24 12:54:35 - [TEST_STEP][PASSED] - for ([j = 0, j &lt; symbols.size(), (j++)]): null

2019-08-24 12:54:35 - [TEST_STEP][PASSED] - symbol = symbol: null

2019-08-24 12:54:35 - [TEST_STEP][PASSED] - println(symbol): null

2019-08-24 12:54:35 - [TEST_STEP][PASSED] - if (i == 2 &amp;&amp; wildList.indexOf(symbol) != -1): null

2019-08-24 12:54:35 - [TEST_STEP][PASSED] - if (i == 3 &amp;&amp; wildList.indexOf(symbol) != -1): null

2019-08-24 12:54:35 - [TEST_STEP][PASSED] - if (i == 4 &amp;&amp; wildList.indexOf(symbol) != -1): null

2019-08-24 12:54:35 - [TEST_STEP][PASSED] - symbol = symbol: null

2019-08-24 12:54:35 - [TEST_STEP][PASSED] - println(symbol): null

2019-08-24 12:54:35 - [TEST_STEP][PASSED] - if (i == 2 &amp;&amp; wildList.indexOf(symbol) != -1): null

2019-08-24 12:54:35 - [TEST_STEP][PASSED] - if (i == 3 &amp;&amp; wildList.indexOf(symbol) != -1): null

2019-08-24 12:54:35 - [TEST_STEP][PASSED] - if (i == 4 &amp;&amp; wildList.indexOf(symbol) != -1): null

2019-08-24 12:54:35 - [TEST_STEP][PASSED] - symbol = symbol: null

2019-08-24 12:54:35 - [TEST_STEP][PASSED] - println(symbol): null

2019-08-24 12:54:35 - [TEST_STEP][PASSED] - if (i == 2 &amp;&amp; wildList.indexOf(symbol) != -1): null

2019-08-24 12:54:35 - [TEST_STEP][PASSED] - if (i == 3 &amp;&amp; wildList.indexOf(symbol) != -1): null

2019-08-24 12:54:35 - [TEST_STEP][PASSED] - if (i == 4 &amp;&amp; wildList.indexOf(symbol) != -1): null

2019-08-24 12:54:35 - [TEST_STEP][PASSED] - symbols = symbols: null

2019-08-24 12:54:35 - [TEST_STEP][PASSED] - for ([j = 0, j &lt; symbols.size(), (j++)]): null

2019-08-24 12:54:35 - [TEST_STEP][PASSED] - symbol = symbol: null

2019-08-24 12:54:35 - [TEST_STEP][PASSED] - println(symbol): null

2019-08-24 12:54:35 - [TEST_STEP][PASSED] - if (i == 2 &amp;&amp; wildList.indexOf(symbol) != -1): null

2019-08-24 12:54:35 - [TEST_STEP][PASSED] - if (i == 3 &amp;&amp; wildList.indexOf(symbol) != -1): null

2019-08-24 12:54:35 - [TEST_STEP][PASSED] - if (i == 4 &amp;&amp; wildList.indexOf(symbol) != -1): null

2019-08-24 12:54:35 - [TEST_STEP][PASSED] - symbol = symbol: null

2019-08-24 12:54:35 - [TEST_STEP][PASSED] - println(symbol): null

2019-08-24 12:54:35 - [TEST_STEP][PASSED] - if (i == 2 &amp;&amp; wildList.indexOf(symbol) != -1): null

2019-08-24 12:54:35 - [TEST_STEP][PASSED] - if (i == 3 &amp;&amp; wildList.indexOf(symbol) != -1): null

2019-08-24 12:54:35 - [TEST_STEP][PASSED] - if (i == 4 &amp;&amp; wildList.indexOf(symbol) != -1): null

2019-08-24 12:54:35 - [TEST_STEP][PASSED] - symbol = symbol: null

2019-08-24 12:54:35 - [TEST_STEP][PASSED] - println(symbol): null

2019-08-24 12:54:35 - [TEST_STEP][PASSED] - if (i == 2 &amp;&amp; wildList.indexOf(symbol) != -1): null

2019-08-24 12:54:35 - [TEST_STEP][PASSED] - if (i == 3 &amp;&amp; wildList.indexOf(symbol) != -1): null

2019-08-24 12:54:35 - [TEST_STEP][PASSED] - if (i == 4 &amp;&amp; wildList.indexOf(symbol) != -1): null

2019-08-24 12:54:35 - [TEST_STEP][PASSED] - println("wild found on reel 5, adding counter by 1"): null

2019-08-24 12:54:35 - [TEST_STEP][PASSED] - free_spin_reel_counter[2] = free_spin_reel_counter[2] + 1: null

2019-08-24 12:54:35 - [TEST_STEP][PASSED] - free_spin_reel_counter = free_spin_reel_counter: null

2019-08-24 12:54:35 - [TEST_STEP][PASSED] - println("reel 3 wild found: " + free_spin_reel_counter[0]): null

2019-08-24 12:54:35 - [TEST_STEP][PASSED] - println("reel 4 wild found: " + free_spin_reel_counter[1]): null

2019-08-24 12:54:35 - [TEST_STEP][PASSED] - println("reel 5 wild found: " + free_spin_reel_counter[2]): null

2019-08-24 12:54:35 - [TEST_STEP][PASSED] - M4_spin_reels = M4_spin_reels: null

2019-08-24 12:54:35 - [TEST_STEP][PASSED] - M4_spin_reels_symbols = symbol: null

2019-08-24 12:54:35 - [TEST_STEP][PASSED] - M4_spin_reels_symbols = M4_spin_reels_symbols: null

2019-08-24 12:54:35 - [TEST_STEP][PASSED] - M4_spin_reel_wins = reel_wins: null

2019-08-24 12:54:35 - [TEST_STEP][PASSED] - M4_spin_reel_wins = M4_spin_reel_wins: null

2019-08-24 12:54:35 - [TEST_STEP][PASSED] - println("GlobalVariable.M4_spin_reel_wins is: " + M4_spin_reel_wins): null

2019-08-24 12:54:35 - [TEST_STEP][PASSED] - M4_spin_total_bonus_win_this_round = total_bonus_win_this_round: null

2019-08-24 12:54:35 - [TEST_STEP][PASSED] - M4_spin_total_bonus_win_this_round = M4_spin_total_bonus_win_this_round: null

2019-08-24 12:54:35 - [TEST_STEP][PASSED] - println("GlobalVariable.M4_spin_total_bonus_win_this_round is: " + M4_spin_total_bonus_win_this_round): null

2019-08-24 12:54:35 - [TEST_STEP][PASSED] - M4_spin_bonus_spin_result = spin_result: null

2019-08-24 12:54:35 - [TEST_STEP][PASSED] - M4_spin_bonus_spin_result = M4_spin_bonus_spin_result: null

2019-08-24 12:54:35 - [MESSAGE][PASSED] - Verify response successfully

2019-08-24 12:54:35 - [MESSAGE][PASSED] - Send request and verify the response successfully

2019-08-24 12:54:35 - [TEST_STEP][PASSED] - if (M4_total_bonus_spins_int != 0 &amp;&amp; M4_spin_reels_symbols[2].contains("WILD_Double") || M4_spin_reels_symbols[4].contains("WILD_Triple")): null

2019-08-24 12:54:35 - [TEST_STEP][PASSED] - free_spin_reel_counter = free_spin_reel_counter: null

2019-08-24 12:54:35 - [TEST_STEP][PASSED] - M4_spin_reels_symbols = M4_spin_reels_symbols: null

2019-08-24 12:54:35 - [TEST_STEP][PASSED] - M4_total_bonus_spins = M4_total_bonus_spins: null

2019-08-24 12:54:35 - [TEST_STEP][PASSED] - spin_result = sendRequestAndVerify(findTestObject("INT/RGS(M4)/1_M4_spin", ["M4_login_user_id":M4_login_user_id, "rgs_session_token":rgs_session_token, "partner":Partner])): Send request and verify the response successfully

2019-08-24 12:54:35 - [MESSAGE][INFO] - HAR: /Users/eiralee/Katalon_Script/SuperWild/Reports/20190824_124242/INT/superWild_4/20190824_124242/requests/main/211.har

2019-08-24 12:54:35 - [TEST_CASE][PASSED] - Start Test Case : Verification: Verification accomplished successfully

2019-08-24 12:54:35 - [TEST_STEP][PASSED] - request = getInstance().getCurrentRequest(): null

2019-08-24 12:54:35 - [TEST_STEP][PASSED] - response = getInstance().getCurrentResponse(): null

2019-08-24 12:54:35 - [TEST_STEP][PASSED] - verifyResponseStatusCode(response, 200): Verify response status code successfully

2019-08-24 12:54:35 - [MESSAGE][PASSED] - Verify response status code successfully

2019-08-24 12:54:35 - [TEST_STEP][PASSED] - getStatusCode()).isEqualTo(200): null

2019-08-24 12:54:35 - [TEST_STEP][PASSED] - newline = System.getProperty("line.separator"): null

2019-08-24 12:54:35 - [TEST_STEP][PASSED] - M4_spin = new groovy.json.JsonSlurper(): null

2019-08-24 12:54:35 - [TEST_STEP][PASSED] - result_M4_spin = M4_spin.parseText(response.getResponseBodyContent()): null

2019-08-24 12:54:35 - [TEST_STEP][PASSED] - M4_spin_current_balance = current_balance: null

2019-08-24 12:54:35 - [TEST_STEP][PASSED] - M4_spin_current_balance = M4_spin_current_balance: null

2019-08-24 12:54:35 - [TEST_STEP][PASSED] - M4_spin_transaction_id = causality: null

2019-08-24 12:54:35 - [TEST_STEP][PASSED] - M4_spin_transaction_id = M4_spin_transaction_id: null

2019-08-24 12:54:35 - [TEST_STEP][PASSED] - M4_spin_round_id = round_id: null

2019-08-24 12:54:35 - [TEST_STEP][PASSED] - M4_spin_round_id = M4_spin_round_id: null

2019-08-24 12:54:35 - [TEST_STEP][PASSED] - M4_spin_line_wins = line_wins: null

2019-08-24 12:54:35 - [TEST_STEP][PASSED] - M4_spin_line_wins = M4_spin_line_wins: null

2019-08-24 12:54:35 - [TEST_STEP][PASSED] - M4_total_bonus_spins_int = total_bonus_spins: null

2019-08-24 12:54:35 - [TEST_STEP][PASSED] - println("******M4_total_bonus_spins type is:*******" + newline + getClass().getName()): null

2019-08-24 12:54:35 - [TEST_STEP][PASSED] - M4_total_bonus_spins_int = M4_total_bonus_spins_int: null

2019-08-24 12:54:35 - [TEST_STEP][PASSED] - M4_total_bonus_spins = Integer.toString(M4_total_bonus_spins_int): null

2019-08-24 12:54:35 - [TEST_STEP][PASSED] - M4_total_bonus_spins = M4_total_bonus_spins: null

2019-08-24 12:54:35 - [TEST_STEP][PASSED] - println("M4_total_bonus_spins is:" + M4_total_bonus_spins): null

2019-08-24 12:54:35 - [TEST_STEP][PASSED] - M4_spin_bonus_data = bonus_data: null

2019-08-24 12:54:35 - [TEST_STEP][PASSED] - M4_spin_features_triggered = result_M4_spin: null

2019-08-24 12:54:35 - [TEST_STEP][PASSED] - wild = []: null

2019-08-24 12:54:35 - [TEST_STEP][PASSED] - wild[0] = "WILD_Expanding": null

2019-08-24 12:54:35 - [TEST_STEP][PASSED] - wild[1] = "WILD_Normal": null

2019-08-24 12:54:35 - [TEST_STEP][PASSED] - wild[2] = "WILD_Double": null

2019-08-24 12:54:35 - [TEST_STEP][PASSED] - wild[3] = "WILD_ExtraFG": null

2019-08-24 12:54:35 - [TEST_STEP][PASSED] - wild[4] = "WILD_Triple": null

2019-08-24 12:54:35 - [TEST_STEP][PASSED] - wildList = Arrays.asList(wild): null

2019-08-24 12:54:35 - [TEST_STEP][PASSED] - wildList = wildList: null

2019-08-24 12:54:35 - [TEST_STEP][PASSED] - free_spin_reel_counter = []: null

2019-08-24 12:54:35 - [TEST_STEP][PASSED] - free_spin_reel_counter[0] = 0: null

2019-08-24 12:54:35 - [TEST_STEP][PASSED] - free_spin_reel_counter[1] = 0: null

2019-08-24 12:54:35 - [TEST_STEP][PASSED] - free_spin_reel_counter[2] = 0: null

2019-08-24 12:54:35 - [TEST_STEP][PASSED] - M4_spin_reels = reels: null

2019-08-24 12:54:35 - [TEST_STEP][PASSED] - for ([i = 0, i &lt; M4_spin_reels.size(), (i++)]): null

2019-08-24 12:54:35 - [TEST_STEP][PASSED] - symbols = symbols: null

2019-08-24 12:54:35 - [TEST_STEP][PASSED] - for ([j = 0, j &lt; symbols.size(), (j++)]): null

2019-08-24 12:54:35 - [TEST_STEP][PASSED] - symbol = symbol: null

2019-08-24 12:54:35 - [TEST_STEP][PASSED] - println(symbol): null

2019-08-24 12:54:35 - [TEST_STEP][PASSED] - if (i == 2 &amp;&amp; wildList.indexOf(symbol) != -1): null

2019-08-24 12:54:35 - [TEST_STEP][PASSED] - if (i == 3 &amp;&amp; wildList.indexOf(symbol) != -1): null

2019-08-24 12:54:35 - [TEST_STEP][PASSED] - if (i == 4 &amp;&amp; wildList.indexOf(symbol) != -1): null

2019-08-24 12:54:35 - [TEST_STEP][PASSED] - symbol = symbol: null

2019-08-24 12:54:35 - [TEST_STEP][PASSED] - println(symbol): null

2019-08-24 12:54:35 - [TEST_STEP][PASSED] - if (i == 2 &amp;&amp; wildList.indexOf(symbol) != -1): null

2019-08-24 12:54:35 - [TEST_STEP][PASSED] - if (i == 3 &amp;&amp; wildList.indexOf(symbol) != -1): null

2019-08-24 12:54:35 - [TEST_STEP][PASSED] - if (i == 4 &amp;&amp; wildList.indexOf(symbol) != -1): null

2019-08-24 12:54:35 - [TEST_STEP][PASSED] - symbol = symbol: null

2019-08-24 12:54:35 - [TEST_STEP][PASSED] - println(symbol): null

2019-08-24 12:54:35 - [TEST_STEP][PASSED] - if (i == 2 &amp;&amp; wildList.indexOf(symbol) != -1): null

2019-08-24 12:54:35 - [TEST_STEP][PASSED] - if (i == 3 &amp;&amp; wildList.indexOf(symbol) != -1): null

2019-08-24 12:54:35 - [TEST_STEP][PASSED] - if (i == 4 &amp;&amp; wildList.indexOf(symbol) != -1): null

2019-08-24 12:54:35 - [TEST_STEP][PASSED] - symbols = symbols: null

2019-08-24 12:54:35 - [TEST_STEP][PASSED] - for ([j = 0, j &lt; symbols.size(), (j++)]): null

2019-08-24 12:54:35 - [TEST_STEP][PASSED] - symbol = symbol: null

2019-08-24 12:54:35 - [TEST_STEP][PASSED] - println(symbol): null

2019-08-24 12:54:35 - [TEST_STEP][PASSED] - if (i == 2 &amp;&amp; wildList.indexOf(symbol) != -1): null

2019-08-24 12:54:35 - [TEST_STEP][PASSED] - if (i == 3 &amp;&amp; wildList.indexOf(symbol) != -1): null

2019-08-24 12:54:35 - [TEST_STEP][PASSED] - if (i == 4 &amp;&amp; wildList.indexOf(symbol) != -1): null

2019-08-24 12:54:35 - [TEST_STEP][PASSED] - symbol = symbol: null

2019-08-24 12:54:35 - [TEST_STEP][PASSED] - println(symbol): null

2019-08-24 12:54:35 - [TEST_STEP][PASSED] - if (i == 2 &amp;&amp; wildList.indexOf(symbol) != -1): null

2019-08-24 12:54:35 - [TEST_STEP][PASSED] - if (i == 3 &amp;&amp; wildList.indexOf(symbol) != -1): null

2019-08-24 12:54:35 - [TEST_STEP][PASSED] - if (i == 4 &amp;&amp; wildList.indexOf(symbol) != -1): null

2019-08-24 12:54:35 - [TEST_STEP][PASSED] - symbol = symbol: null

2019-08-24 12:54:35 - [TEST_STEP][PASSED] - println(symbol): null

2019-08-24 12:54:35 - [TEST_STEP][PASSED] - if (i == 2 &amp;&amp; wildList.indexOf(symbol) != -1): null

2019-08-24 12:54:35 - [TEST_STEP][PASSED] - if (i == 3 &amp;&amp; wildList.indexOf(symbol) != -1): null

2019-08-24 12:54:35 - [TEST_STEP][PASSED] - if (i == 4 &amp;&amp; wildList.indexOf(symbol) != -1): null

2019-08-24 12:54:35 - [TEST_STEP][PASSED] - symbols = symbols: null

2019-08-24 12:54:35 - [TEST_STEP][PASSED] - for ([j = 0, j &lt; symbols.size(), (j++)]): null

2019-08-24 12:54:35 - [TEST_STEP][PASSED] - symbol = symbol: null

2019-08-24 12:54:35 - [TEST_STEP][PASSED] - println(symbol): null

2019-08-24 12:54:35 - [TEST_STEP][PASSED] - if (i == 2 &amp;&amp; wildList.indexOf(symbol) != -1): null

2019-08-24 12:54:35 - [TEST_STEP][PASSED] - if (i == 3 &amp;&amp; wildList.indexOf(symbol) != -1): null

2019-08-24 12:54:35 - [TEST_STEP][PASSED] - if (i == 4 &amp;&amp; wildList.indexOf(symbol) != -1): null

2019-08-24 12:54:35 - [TEST_STEP][PASSED] - symbol = symbol: null

2019-08-24 12:54:35 - [TEST_STEP][PASSED] - println(symbol): null

2019-08-24 12:54:35 - [TEST_STEP][PASSED] - if (i == 2 &amp;&amp; wildList.indexOf(symbol) != -1): null

2019-08-24 12:54:35 - [TEST_STEP][PASSED] - if (i == 3 &amp;&amp; wildList.indexOf(symbol) != -1): null

2019-08-24 12:54:35 - [TEST_STEP][PASSED] - if (i == 4 &amp;&amp; wildList.indexOf(symbol) != -1): null

2019-08-24 12:54:35 - [TEST_STEP][PASSED] - symbol = symbol: null

2019-08-24 12:54:35 - [TEST_STEP][PASSED] - println(symbol): null

2019-08-24 12:54:35 - [TEST_STEP][PASSED] - if (i == 2 &amp;&amp; wildList.indexOf(symbol) != -1): null

2019-08-24 12:54:35 - [TEST_STEP][PASSED] - if (i == 3 &amp;&amp; wildList.indexOf(symbol) != -1): null

2019-08-24 12:54:35 - [TEST_STEP][PASSED] - if (i == 4 &amp;&amp; wildList.indexOf(symbol) != -1): null

2019-08-24 12:54:35 - [TEST_STEP][PASSED] - symbols = symbols: null

2019-08-24 12:54:35 - [TEST_STEP][PASSED] - for ([j = 0, j &lt; symbols.size(), (j++)]): null

2019-08-24 12:54:35 - [TEST_STEP][PASSED] - symbol = symbol: null

2019-08-24 12:54:35 - [TEST_STEP][PASSED] - println(symbol): null

2019-08-24 12:54:35 - [TEST_STEP][PASSED] - if (i == 2 &amp;&amp; wildList.indexOf(symbol) != -1): null

2019-08-24 12:54:35 - [TEST_STEP][PASSED] - if (i == 3 &amp;&amp; wildList.indexOf(symbol) != -1): null

2019-08-24 12:54:35 - [TEST_STEP][PASSED] - if (i == 4 &amp;&amp; wildList.indexOf(symbol) != -1): null

2019-08-24 12:54:35 - [TEST_STEP][PASSED] - symbol = symbol: null

2019-08-24 12:54:35 - [TEST_STEP][PASSED] - println(symbol): null

2019-08-24 12:54:35 - [TEST_STEP][PASSED] - if (i == 2 &amp;&amp; wildList.indexOf(symbol) != -1): null

2019-08-24 12:54:35 - [TEST_STEP][PASSED] - if (i == 3 &amp;&amp; wildList.indexOf(symbol) != -1): null

2019-08-24 12:54:35 - [TEST_STEP][PASSED] - if (i == 4 &amp;&amp; wildList.indexOf(symbol) != -1): null

2019-08-24 12:54:35 - [TEST_STEP][PASSED] - symbol = symbol: null

2019-08-24 12:54:35 - [TEST_STEP][PASSED] - println(symbol): null

2019-08-24 12:54:35 - [TEST_STEP][PASSED] - if (i == 2 &amp;&amp; wildList.indexOf(symbol) != -1): null

2019-08-24 12:54:35 - [TEST_STEP][PASSED] - if (i == 3 &amp;&amp; wildList.indexOf(symbol) != -1): null

2019-08-24 12:54:35 - [TEST_STEP][PASSED] - if (i == 4 &amp;&amp; wildList.indexOf(symbol) != -1): null

2019-08-24 12:54:35 - [TEST_STEP][PASSED] - symbols = symbols: null

2019-08-24 12:54:35 - [TEST_STEP][PASSED] - for ([j = 0, j &lt; symbols.size(), (j++)]): null

2019-08-24 12:54:35 - [TEST_STEP][PASSED] - symbol = symbol: null

2019-08-24 12:54:35 - [TEST_STEP][PASSED] - println(symbol): null

2019-08-24 12:54:35 - [TEST_STEP][PASSED] - if (i == 2 &amp;&amp; wildList.indexOf(symbol) != -1): null

2019-08-24 12:54:35 - [TEST_STEP][PASSED] - if (i == 3 &amp;&amp; wildList.indexOf(symbol) != -1): null

2019-08-24 12:54:35 - [TEST_STEP][PASSED] - if (i == 4 &amp;&amp; wildList.indexOf(symbol) != -1): null

2019-08-24 12:54:35 - [TEST_STEP][PASSED] - symbol = symbol: null

2019-08-24 12:54:35 - [TEST_STEP][PASSED] - println(symbol): null

2019-08-24 12:54:35 - [TEST_STEP][PASSED] - if (i == 2 &amp;&amp; wildList.indexOf(symbol) != -1): null

2019-08-24 12:54:35 - [TEST_STEP][PASSED] - if (i == 3 &amp;&amp; wildList.indexOf(symbol) != -1): null

2019-08-24 12:54:35 - [TEST_STEP][PASSED] - if (i == 4 &amp;&amp; wildList.indexOf(symbol) != -1): null

2019-08-24 12:54:35 - [TEST_STEP][PASSED] - symbol = symbol: null

2019-08-24 12:54:35 - [TEST_STEP][PASSED] - println(symbol): null

2019-08-24 12:54:35 - [TEST_STEP][PASSED] - if (i == 2 &amp;&amp; wildList.indexOf(symbol) != -1): null

2019-08-24 12:54:35 - [TEST_STEP][PASSED] - if (i == 3 &amp;&amp; wildList.indexOf(symbol) != -1): null

2019-08-24 12:54:35 - [TEST_STEP][PASSED] - if (i == 4 &amp;&amp; wildList.indexOf(symbol) != -1): null

2019-08-24 12:54:35 - [TEST_STEP][PASSED] - free_spin_reel_counter = free_spin_reel_counter: null

2019-08-24 12:54:35 - [TEST_STEP][PASSED] - println("reel 3 wild found: " + free_spin_reel_counter[0]): null

2019-08-24 12:54:35 - [TEST_STEP][PASSED] - println("reel 4 wild found: " + free_spin_reel_counter[1]): null

2019-08-24 12:54:35 - [TEST_STEP][PASSED] - println("reel 5 wild found: " + free_spin_reel_counter[2]): null

2019-08-24 12:54:35 - [TEST_STEP][PASSED] - M4_spin_reels = M4_spin_reels: null

2019-08-24 12:54:35 - [TEST_STEP][PASSED] - M4_spin_reels_symbols = symbol: null

2019-08-24 12:54:35 - [TEST_STEP][PASSED] - M4_spin_reels_symbols = M4_spin_reels_symbols: null

2019-08-24 12:54:35 - [TEST_STEP][PASSED] - M4_spin_reel_wins = reel_wins: null

2019-08-24 12:54:35 - [TEST_STEP][PASSED] - M4_spin_reel_wins = M4_spin_reel_wins: null

2019-08-24 12:54:35 - [TEST_STEP][PASSED] - println("GlobalVariable.M4_spin_reel_wins is: " + M4_spin_reel_wins): null

2019-08-24 12:54:35 - [TEST_STEP][PASSED] - M4_spin_total_bonus_win_this_round = total_bonus_win_this_round: null

2019-08-24 12:54:35 - [TEST_STEP][PASSED] - M4_spin_total_bonus_win_this_round = M4_spin_total_bonus_win_this_round: null

2019-08-24 12:54:35 - [TEST_STEP][PASSED] - println("GlobalVariable.M4_spin_total_bonus_win_this_round is: " + M4_spin_total_bonus_win_this_round): null

2019-08-24 12:54:35 - [TEST_STEP][PASSED] - M4_spin_bonus_spin_result = spin_result: null

2019-08-24 12:54:35 - [TEST_STEP][PASSED] - M4_spin_bonus_spin_result = M4_spin_bonus_spin_result: null

2019-08-24 12:54:36 - [MESSAGE][PASSED] - Verify response successfully

2019-08-24 12:54:36 - [MESSAGE][PASSED] - Send request and verify the response successfully

2019-08-24 12:54:36 - [TEST_STEP][PASSED] - if (M4_total_bonus_spins_int != 0 &amp;&amp; M4_spin_reels_symbols[2].contains("WILD_Double") || M4_spin_reels_symbols[4].contains("WILD_Triple")): null

2019-08-24 12:54:36 - [TEST_STEP][PASSED] - free_spin_reel_counter = free_spin_reel_counter: null

2019-08-24 12:54:36 - [TEST_STEP][PASSED] - M4_spin_reels_symbols = M4_spin_reels_symbols: null

2019-08-24 12:54:36 - [TEST_STEP][PASSED] - M4_total_bonus_spins = M4_total_bonus_spins: null

2019-08-24 12:54:36 - [TEST_STEP][PASSED] - spin_result = sendRequestAndVerify(findTestObject("INT/RGS(M4)/1_M4_spin", ["M4_login_user_id":M4_login_user_id, "rgs_session_token":rgs_session_token, "partner":Partner])): Send request and verify the response successfully

2019-08-24 12:54:37 - [MESSAGE][INFO] - HAR: /Users/eiralee/Katalon_Script/SuperWild/Reports/20190824_124242/INT/superWild_4/20190824_124242/requests/main/212.har

2019-08-24 12:54:37 - [TEST_CASE][PASSED] - Start Test Case : Verification: Verification accomplished successfully

2019-08-24 12:54:37 - [TEST_STEP][PASSED] - request = getInstance().getCurrentRequest(): null

2019-08-24 12:54:41 - [TEST_STEP][PASSED] - response = getInstance().getCurrentResponse(): null

2019-08-24 12:54:41 - [TEST_STEP][PASSED] - verifyResponseStatusCode(response, 200): Verify response status code successfully

2019-08-24 12:54:41 - [MESSAGE][PASSED] - Verify response status code successfully

2019-08-24 12:54:41 - [TEST_STEP][PASSED] - getStatusCode()).isEqualTo(200): null

2019-08-24 12:54:41 - [TEST_STEP][PASSED] - newline = System.getProperty("line.separator"): null

2019-08-24 12:54:41 - [TEST_STEP][PASSED] - M4_spin = new groovy.json.JsonSlurper(): null

2019-08-24 12:54:46 - [TEST_STEP][PASSED] - result_M4_spin = M4_spin.parseText(response.getResponseBodyContent()): null

2019-08-24 12:54:46 - [TEST_STEP][PASSED] - M4_spin_current_balance = current_balance: null

2019-08-24 12:54:46 - [TEST_STEP][PASSED] - M4_spin_current_balance = M4_spin_current_balance: null

2019-08-24 12:54:46 - [TEST_STEP][PASSED] - M4_spin_transaction_id = causality: null

2019-08-24 12:54:46 - [TEST_STEP][PASSED] - M4_spin_transaction_id = M4_spin_transaction_id: null

2019-08-24 12:54:46 - [TEST_STEP][PASSED] - M4_spin_round_id = round_id: null

2019-08-24 12:54:46 - [TEST_STEP][PASSED] - M4_spin_round_id = M4_spin_round_id: null

2019-08-24 12:54:46 - [TEST_STEP][PASSED] - M4_spin_line_wins = line_wins: null

2019-08-24 12:54:46 - [TEST_STEP][PASSED] - M4_spin_line_wins = M4_spin_line_wins: null

2019-08-24 12:54:46 - [TEST_STEP][PASSED] - M4_total_bonus_spins_int = total_bonus_spins: null

2019-08-24 12:54:46 - [TEST_STEP][PASSED] - println("******M4_total_bonus_spins type is:*******" + newline + getClass().getName()): null

2019-08-24 12:54:47 - [TEST_STEP][PASSED] - M4_total_bonus_spins_int = M4_total_bonus_spins_int: null

2019-08-24 12:54:47 - [TEST_STEP][PASSED] - M4_total_bonus_spins = Integer.toString(M4_total_bonus_spins_int): null

2019-08-24 12:54:47 - [TEST_STEP][PASSED] - M4_total_bonus_spins = M4_total_bonus_spins: null

2019-08-24 12:54:47 - [TEST_STEP][PASSED] - println("M4_total_bonus_spins is:" + M4_total_bonus_spins): null

2019-08-24 12:54:47 - [TEST_STEP][PASSED] - M4_spin_bonus_data = bonus_data: null

2019-08-24 12:54:47 - [TEST_STEP][PASSED] - M4_spin_features_triggered = result_M4_spin: null

2019-08-24 12:54:47 - [TEST_STEP][PASSED] - wild = []: null

2019-08-24 12:54:47 - [TEST_STEP][PASSED] - wild[0] = "WILD_Expanding": null

2019-08-24 12:54:47 - [TEST_STEP][PASSED] - wild[1] = "WILD_Normal": null

2019-08-24 12:54:47 - [TEST_STEP][PASSED] - wild[2] = "WILD_Double": null

2019-08-24 12:54:47 - [TEST_STEP][PASSED] - wild[3] = "WILD_ExtraFG": null

2019-08-24 12:54:47 - [TEST_STEP][PASSED] - wild[4] = "WILD_Triple": null

2019-08-24 12:54:47 - [TEST_STEP][PASSED] - wildList = Arrays.asList(wild): null

2019-08-24 12:54:47 - [TEST_STEP][PASSED] - wildList = wildList: null

2019-08-24 12:54:47 - [TEST_STEP][PASSED] - free_spin_reel_counter = []: null

2019-08-24 12:54:47 - [TEST_STEP][PASSED] - free_spin_reel_counter[0] = 0: null

2019-08-24 12:54:47 - [TEST_STEP][PASSED] - free_spin_reel_counter[1] = 0: null

2019-08-24 12:54:47 - [TEST_STEP][PASSED] - free_spin_reel_counter[2] = 0: null

2019-08-24 12:54:47 - [TEST_STEP][PASSED] - M4_spin_reels = reels: null

2019-08-24 12:54:47 - [TEST_STEP][PASSED] - for ([i = 0, i &lt; M4_spin_reels.size(), (i++)]): null

2019-08-24 12:54:47 - [TEST_STEP][PASSED] - symbols = symbols: null

2019-08-24 12:54:47 - [TEST_STEP][PASSED] - for ([j = 0, j &lt; symbols.size(), (j++)]): null

2019-08-24 12:54:47 - [TEST_STEP][PASSED] - symbol = symbol: null

2019-08-24 12:54:47 - [TEST_STEP][PASSED] - println(symbol): null

2019-08-24 12:54:47 - [TEST_STEP][PASSED] - if (i == 2 &amp;&amp; wildList.indexOf(symbol) != -1): null

2019-08-24 12:54:47 - [TEST_STEP][PASSED] - if (i == 3 &amp;&amp; wildList.indexOf(symbol) != -1): null

2019-08-24 12:54:47 - [TEST_STEP][PASSED] - if (i == 4 &amp;&amp; wildList.indexOf(symbol) != -1): null

2019-08-24 12:54:47 - [TEST_STEP][PASSED] - symbol = symbol: null

2019-08-24 12:54:47 - [TEST_STEP][PASSED] - println(symbol): null

2019-08-24 12:54:47 - [TEST_STEP][PASSED] - if (i == 2 &amp;&amp; wildList.indexOf(symbol) != -1): null

2019-08-24 12:54:47 - [TEST_STEP][PASSED] - if (i == 3 &amp;&amp; wildList.indexOf(symbol) != -1): null

2019-08-24 12:54:47 - [TEST_STEP][PASSED] - if (i == 4 &amp;&amp; wildList.indexOf(symbol) != -1): null

2019-08-24 12:54:47 - [TEST_STEP][PASSED] - symbol = symbol: null

2019-08-24 12:54:47 - [TEST_STEP][PASSED] - println(symbol): null

2019-08-24 12:54:47 - [TEST_STEP][PASSED] - if (i == 2 &amp;&amp; wildList.indexOf(symbol) != -1): null

2019-08-24 12:54:47 - [TEST_STEP][PASSED] - if (i == 3 &amp;&amp; wildList.indexOf(symbol) != -1): null

2019-08-24 12:54:47 - [TEST_STEP][PASSED] - if (i == 4 &amp;&amp; wildList.indexOf(symbol) != -1): null

2019-08-24 12:54:47 - [TEST_STEP][PASSED] - symbols = symbols: null

2019-08-24 12:54:47 - [TEST_STEP][PASSED] - for ([j = 0, j &lt; symbols.size(), (j++)]): null

2019-08-24 12:54:47 - [TEST_STEP][PASSED] - symbol = symbol: null

2019-08-24 12:54:47 - [TEST_STEP][PASSED] - println(symbol): null

2019-08-24 12:54:47 - [TEST_STEP][PASSED] - if (i == 2 &amp;&amp; wildList.indexOf(symbol) != -1): null

2019-08-24 12:54:47 - [TEST_STEP][PASSED] - if (i == 3 &amp;&amp; wildList.indexOf(symbol) != -1): null

2019-08-24 12:54:47 - [TEST_STEP][PASSED] - if (i == 4 &amp;&amp; wildList.indexOf(symbol) != -1): null

2019-08-24 12:54:47 - [TEST_STEP][PASSED] - symbol = symbol: null

2019-08-24 12:54:47 - [TEST_STEP][PASSED] - println(symbol): null

2019-08-24 12:54:47 - [TEST_STEP][PASSED] - if (i == 2 &amp;&amp; wildList.indexOf(symbol) != -1): null

2019-08-24 12:54:47 - [TEST_STEP][PASSED] - if (i == 3 &amp;&amp; wildList.indexOf(symbol) != -1): null

2019-08-24 12:54:47 - [TEST_STEP][PASSED] - if (i == 4 &amp;&amp; wildList.indexOf(symbol) != -1): null

2019-08-24 12:54:47 - [TEST_STEP][PASSED] - symbol = symbol: null

2019-08-24 12:54:47 - [TEST_STEP][PASSED] - println(symbol): null

2019-08-24 12:54:47 - [TEST_STEP][PASSED] - if (i == 2 &amp;&amp; wildList.indexOf(symbol) != -1): null

2019-08-24 12:54:47 - [TEST_STEP][PASSED] - if (i == 3 &amp;&amp; wildList.indexOf(symbol) != -1): null

2019-08-24 12:54:47 - [TEST_STEP][PASSED] - if (i == 4 &amp;&amp; wildList.indexOf(symbol) != -1): null

2019-08-24 12:54:47 - [TEST_STEP][PASSED] - symbols = symbols: null

2019-08-24 12:54:47 - [TEST_STEP][PASSED] - for ([j = 0, j &lt; symbols.size(), (j++)]): null

2019-08-24 12:54:47 - [TEST_STEP][PASSED] - symbol = symbol: null

2019-08-24 12:54:47 - [TEST_STEP][PASSED] - println(symbol): null

2019-08-24 12:54:47 - [TEST_STEP][PASSED] - if (i == 2 &amp;&amp; wildList.indexOf(symbol) != -1): null

2019-08-24 12:54:47 - [TEST_STEP][PASSED] - if (i == 3 &amp;&amp; wildList.indexOf(symbol) != -1): null

2019-08-24 12:54:47 - [TEST_STEP][PASSED] - if (i == 4 &amp;&amp; wildList.indexOf(symbol) != -1): null

2019-08-24 12:54:47 - [TEST_STEP][PASSED] - symbol = symbol: null

2019-08-24 12:54:47 - [TEST_STEP][PASSED] - println(symbol): null

2019-08-24 12:54:47 - [TEST_STEP][PASSED] - if (i == 2 &amp;&amp; wildList.indexOf(symbol) != -1): null

2019-08-24 12:54:47 - [TEST_STEP][PASSED] - if (i == 3 &amp;&amp; wildList.indexOf(symbol) != -1): null

2019-08-24 12:54:47 - [TEST_STEP][PASSED] - if (i == 4 &amp;&amp; wildList.indexOf(symbol) != -1): null

2019-08-24 12:54:47 - [TEST_STEP][PASSED] - symbol = symbol: null

2019-08-24 12:54:47 - [TEST_STEP][PASSED] - println(symbol): null

2019-08-24 12:54:47 - [TEST_STEP][PASSED] - if (i == 2 &amp;&amp; wildList.indexOf(symbol) != -1): null

2019-08-24 12:54:47 - [TEST_STEP][PASSED] - if (i == 3 &amp;&amp; wildList.indexOf(symbol) != -1): null

2019-08-24 12:54:47 - [TEST_STEP][PASSED] - if (i == 4 &amp;&amp; wildList.indexOf(symbol) != -1): null

2019-08-24 12:54:47 - [TEST_STEP][PASSED] - symbols = symbols: null

2019-08-24 12:54:47 - [TEST_STEP][PASSED] - for ([j = 0, j &lt; symbols.size(), (j++)]): null

2019-08-24 12:54:47 - [TEST_STEP][PASSED] - symbol = symbol: null

2019-08-24 12:54:47 - [TEST_STEP][PASSED] - println(symbol): null

2019-08-24 12:54:47 - [TEST_STEP][PASSED] - if (i == 2 &amp;&amp; wildList.indexOf(symbol) != -1): null

2019-08-24 12:54:47 - [TEST_STEP][PASSED] - if (i == 3 &amp;&amp; wildList.indexOf(symbol) != -1): null

2019-08-24 12:54:47 - [TEST_STEP][PASSED] - if (i == 4 &amp;&amp; wildList.indexOf(symbol) != -1): null

2019-08-24 12:54:47 - [TEST_STEP][PASSED] - symbol = symbol: null

2019-08-24 12:54:47 - [TEST_STEP][PASSED] - println(symbol): null

2019-08-24 12:54:47 - [TEST_STEP][PASSED] - if (i == 2 &amp;&amp; wildList.indexOf(symbol) != -1): null

2019-08-24 12:54:47 - [TEST_STEP][PASSED] - if (i == 3 &amp;&amp; wildList.indexOf(symbol) != -1): null

2019-08-24 12:54:47 - [TEST_STEP][PASSED] - if (i == 4 &amp;&amp; wildList.indexOf(symbol) != -1): null

2019-08-24 12:54:47 - [TEST_STEP][PASSED] - symbol = symbol: null

2019-08-24 12:54:47 - [TEST_STEP][PASSED] - println(symbol): null

2019-08-24 12:54:47 - [TEST_STEP][PASSED] - if (i == 2 &amp;&amp; wildList.indexOf(symbol) != -1): null

2019-08-24 12:54:47 - [TEST_STEP][PASSED] - if (i == 3 &amp;&amp; wildList.indexOf(symbol) != -1): null

2019-08-24 12:54:47 - [TEST_STEP][PASSED] - if (i == 4 &amp;&amp; wildList.indexOf(symbol) != -1): null

2019-08-24 12:54:47 - [TEST_STEP][PASSED] - symbols = symbols: null

2019-08-24 12:54:47 - [TEST_STEP][PASSED] - for ([j = 0, j &lt; symbols.size(), (j++)]): null

2019-08-24 12:54:47 - [TEST_STEP][PASSED] - symbol = symbol: null

2019-08-24 12:54:47 - [TEST_STEP][PASSED] - println(symbol): null

2019-08-24 12:54:47 - [TEST_STEP][PASSED] - if (i == 2 &amp;&amp; wildList.indexOf(symbol) != -1): null

2019-08-24 12:54:47 - [TEST_STEP][PASSED] - if (i == 3 &amp;&amp; wildList.indexOf(symbol) != -1): null

2019-08-24 12:54:47 - [TEST_STEP][PASSED] - if (i == 4 &amp;&amp; wildList.indexOf(symbol) != -1): null

2019-08-24 12:54:47 - [TEST_STEP][PASSED] - symbol = symbol: null

2019-08-24 12:54:47 - [TEST_STEP][PASSED] - println(symbol): null

2019-08-24 12:54:47 - [TEST_STEP][PASSED] - if (i == 2 &amp;&amp; wildList.indexOf(symbol) != -1): null

2019-08-24 12:54:47 - [TEST_STEP][PASSED] - if (i == 3 &amp;&amp; wildList.indexOf(symbol) != -1): null

2019-08-24 12:54:47 - [TEST_STEP][PASSED] - if (i == 4 &amp;&amp; wildList.indexOf(symbol) != -1): null

2019-08-24 12:54:47 - [TEST_STEP][PASSED] - symbol = symbol: null

2019-08-24 12:54:47 - [TEST_STEP][PASSED] - println(symbol): null

2019-08-24 12:54:47 - [TEST_STEP][PASSED] - if (i == 2 &amp;&amp; wildList.indexOf(symbol) != -1): null

2019-08-24 12:54:47 - [TEST_STEP][PASSED] - if (i == 3 &amp;&amp; wildList.indexOf(symbol) != -1): null

2019-08-24 12:54:47 - [TEST_STEP][PASSED] - if (i == 4 &amp;&amp; wildList.indexOf(symbol) != -1): null

2019-08-24 12:54:47 - [TEST_STEP][PASSED] - free_spin_reel_counter = free_spin_reel_counter: null

2019-08-24 12:54:47 - [TEST_STEP][PASSED] - println("reel 3 wild found: " + free_spin_reel_counter[0]): null

2019-08-24 12:54:47 - [TEST_STEP][PASSED] - println("reel 4 wild found: " + free_spin_reel_counter[1]): null

2019-08-24 12:54:47 - [TEST_STEP][PASSED] - println("reel 5 wild found: " + free_spin_reel_counter[2]): null

2019-08-24 12:54:47 - [TEST_STEP][PASSED] - M4_spin_reels = M4_spin_reels: null

2019-08-24 12:54:47 - [TEST_STEP][PASSED] - M4_spin_reels_symbols = symbol: null

2019-08-24 12:54:47 - [TEST_STEP][PASSED] - M4_spin_reels_symbols = M4_spin_reels_symbols: null

2019-08-24 12:54:47 - [TEST_STEP][PASSED] - M4_spin_reel_wins = reel_wins: null

2019-08-24 12:54:47 - [TEST_STEP][PASSED] - M4_spin_reel_wins = M4_spin_reel_wins: null

2019-08-24 12:54:47 - [TEST_STEP][PASSED] - println("GlobalVariable.M4_spin_reel_wins is: " + M4_spin_reel_wins): null

2019-08-24 12:54:47 - [TEST_STEP][PASSED] - M4_spin_total_bonus_win_this_round = total_bonus_win_this_round: null

2019-08-24 12:54:47 - [TEST_STEP][PASSED] - M4_spin_total_bonus_win_this_round = M4_spin_total_bonus_win_this_round: null

2019-08-24 12:54:47 - [TEST_STEP][PASSED] - println("GlobalVariable.M4_spin_total_bonus_win_this_round is: " + M4_spin_total_bonus_win_this_round): null

2019-08-24 12:54:47 - [TEST_STEP][PASSED] - M4_spin_bonus_spin_result = spin_result: null

2019-08-24 12:54:47 - [TEST_STEP][PASSED] - M4_spin_bonus_spin_result = M4_spin_bonus_spin_result: null

2019-08-24 12:54:47 - [MESSAGE][PASSED] - Verify response successfully

2019-08-24 12:54:47 - [MESSAGE][PASSED] - Send request and verify the response successfully

2019-08-24 12:54:47 - [TEST_STEP][PASSED] - if (M4_total_bonus_spins_int != 0 &amp;&amp; M4_spin_reels_symbols[2].contains("WILD_Double") || M4_spin_reels_symbols[4].contains("WILD_Triple")): null

2019-08-24 12:54:47 - [TEST_STEP][PASSED] - free_spin_reel_counter = free_spin_reel_counter: null

2019-08-24 12:54:47 - [TEST_STEP][PASSED] - M4_spin_reels_symbols = M4_spin_reels_symbols: null

2019-08-24 12:54:47 - [TEST_STEP][PASSED] - M4_total_bonus_spins = M4_total_bonus_spins: null

2019-08-24 12:54:47 - [TEST_STEP][PASSED] - spin_result = sendRequestAndVerify(findTestObject("INT/RGS(M4)/1_M4_spin", ["M4_login_user_id":M4_login_user_id, "rgs_session_token":rgs_session_token, "partner":Partner])): Send request and verify the response successfully

2019-08-24 12:54:47 - [MESSAGE][INFO] - HAR: /Users/eiralee/Katalon_Script/SuperWild/Reports/20190824_124242/INT/superWild_4/20190824_124242/requests/main/213.har

2019-08-24 12:54:47 - [TEST_CASE][PASSED] - Start Test Case : Verification: Verification accomplished successfully

2019-08-24 12:54:47 - [TEST_STEP][PASSED] - request = getInstance().getCurrentRequest(): null

2019-08-24 12:54:47 - [TEST_STEP][PASSED] - response = getInstance().getCurrentResponse(): null

2019-08-24 12:54:47 - [TEST_STEP][PASSED] - verifyResponseStatusCode(response, 200): Verify response status code successfully

2019-08-24 12:54:47 - [MESSAGE][PASSED] - Verify response status code successfully

2019-08-24 12:54:47 - [TEST_STEP][PASSED] - getStatusCode()).isEqualTo(200): null

2019-08-24 12:54:47 - [TEST_STEP][PASSED] - newline = System.getProperty("line.separator"): null

2019-08-24 12:54:47 - [TEST_STEP][PASSED] - M4_spin = new groovy.json.JsonSlurper(): null

2019-08-24 12:54:47 - [TEST_STEP][PASSED] - result_M4_spin = M4_spin.parseText(response.getResponseBodyContent()): null

2019-08-24 12:54:47 - [TEST_STEP][PASSED] - M4_spin_current_balance = current_balance: null

2019-08-24 12:54:47 - [TEST_STEP][PASSED] - M4_spin_current_balance = M4_spin_current_balance: null

2019-08-24 12:54:47 - [TEST_STEP][PASSED] - M4_spin_transaction_id = causality: null

2019-08-24 12:54:47 - [TEST_STEP][PASSED] - M4_spin_transaction_id = M4_spin_transaction_id: null

2019-08-24 12:54:47 - [TEST_STEP][PASSED] - M4_spin_round_id = round_id: null

2019-08-24 12:54:47 - [TEST_STEP][PASSED] - M4_spin_round_id = M4_spin_round_id: null

2019-08-24 12:54:47 - [TEST_STEP][PASSED] - M4_spin_line_wins = line_wins: null

2019-08-24 12:54:47 - [TEST_STEP][PASSED] - M4_spin_line_wins = M4_spin_line_wins: null

2019-08-24 12:54:47 - [TEST_STEP][PASSED] - M4_total_bonus_spins_int = total_bonus_spins: null

2019-08-24 12:54:47 - [TEST_STEP][PASSED] - println("******M4_total_bonus_spins type is:*******" + newline + getClass().getName()): null

2019-08-24 12:54:47 - [TEST_STEP][PASSED] - M4_total_bonus_spins_int = M4_total_bonus_spins_int: null

2019-08-24 12:54:47 - [TEST_STEP][PASSED] - M4_total_bonus_spins = Integer.toString(M4_total_bonus_spins_int): null

2019-08-24 12:54:47 - [TEST_STEP][PASSED] - M4_total_bonus_spins = M4_total_bonus_spins: null

2019-08-24 12:54:47 - [TEST_STEP][PASSED] - println("M4_total_bonus_spins is:" + M4_total_bonus_spins): null

2019-08-24 12:54:47 - [TEST_STEP][PASSED] - M4_spin_bonus_data = bonus_data: null

2019-08-24 12:54:47 - [TEST_STEP][PASSED] - M4_spin_features_triggered = result_M4_spin: null

2019-08-24 12:54:47 - [TEST_STEP][PASSED] - wild = []: null

2019-08-24 12:54:47 - [TEST_STEP][PASSED] - wild[0] = "WILD_Expanding": null

2019-08-24 12:54:47 - [TEST_STEP][PASSED] - wild[1] = "WILD_Normal": null

2019-08-24 12:54:47 - [TEST_STEP][PASSED] - wild[2] = "WILD_Double": null

2019-08-24 12:54:47 - [TEST_STEP][PASSED] - wild[3] = "WILD_ExtraFG": null

2019-08-24 12:54:47 - [TEST_STEP][PASSED] - wild[4] = "WILD_Triple": null

2019-08-24 12:54:47 - [TEST_STEP][PASSED] - wildList = Arrays.asList(wild): null

2019-08-24 12:54:47 - [TEST_STEP][PASSED] - wildList = wildList: null

2019-08-24 12:54:47 - [TEST_STEP][PASSED] - free_spin_reel_counter = []: null

2019-08-24 12:54:47 - [TEST_STEP][PASSED] - free_spin_reel_counter[0] = 0: null

2019-08-24 12:54:47 - [TEST_STEP][PASSED] - free_spin_reel_counter[1] = 0: null

2019-08-24 12:54:47 - [TEST_STEP][PASSED] - free_spin_reel_counter[2] = 0: null

2019-08-24 12:54:47 - [TEST_STEP][PASSED] - M4_spin_reels = reels: null

2019-08-24 12:54:47 - [TEST_STEP][PASSED] - for ([i = 0, i &lt; M4_spin_reels.size(), (i++)]): null

2019-08-24 12:54:47 - [TEST_STEP][PASSED] - symbols = symbols: null

2019-08-24 12:54:47 - [TEST_STEP][PASSED] - for ([j = 0, j &lt; symbols.size(), (j++)]): null

2019-08-24 12:54:47 - [TEST_STEP][PASSED] - symbol = symbol: null

2019-08-24 12:54:47 - [TEST_STEP][PASSED] - println(symbol): null

2019-08-24 12:54:47 - [TEST_STEP][PASSED] - if (i == 2 &amp;&amp; wildList.indexOf(symbol) != -1): null

2019-08-24 12:54:47 - [TEST_STEP][PASSED] - if (i == 3 &amp;&amp; wildList.indexOf(symbol) != -1): null

2019-08-24 12:54:47 - [TEST_STEP][PASSED] - if (i == 4 &amp;&amp; wildList.indexOf(symbol) != -1): null

2019-08-24 12:54:47 - [TEST_STEP][PASSED] - symbol = symbol: null

2019-08-24 12:54:47 - [TEST_STEP][PASSED] - println(symbol): null

2019-08-24 12:54:47 - [TEST_STEP][PASSED] - if (i == 2 &amp;&amp; wildList.indexOf(symbol) != -1): null

2019-08-24 12:54:47 - [TEST_STEP][PASSED] - if (i == 3 &amp;&amp; wildList.indexOf(symbol) != -1): null

2019-08-24 12:54:47 - [TEST_STEP][PASSED] - if (i == 4 &amp;&amp; wildList.indexOf(symbol) != -1): null

2019-08-24 12:54:47 - [TEST_STEP][PASSED] - symbol = symbol: null

2019-08-24 12:54:47 - [TEST_STEP][PASSED] - println(symbol): null

2019-08-24 12:54:47 - [TEST_STEP][PASSED] - if (i == 2 &amp;&amp; wildList.indexOf(symbol) != -1): null

2019-08-24 12:54:47 - [TEST_STEP][PASSED] - if (i == 3 &amp;&amp; wildList.indexOf(symbol) != -1): null

2019-08-24 12:54:47 - [TEST_STEP][PASSED] - if (i == 4 &amp;&amp; wildList.indexOf(symbol) != -1): null

2019-08-24 12:54:47 - [TEST_STEP][PASSED] - symbols = symbols: null

2019-08-24 12:54:47 - [TEST_STEP][PASSED] - for ([j = 0, j &lt; symbols.size(), (j++)]): null

2019-08-24 12:54:47 - [TEST_STEP][PASSED] - symbol = symbol: null

2019-08-24 12:54:47 - [TEST_STEP][PASSED] - println(symbol): null

2019-08-24 12:54:47 - [TEST_STEP][PASSED] - if (i == 2 &amp;&amp; wildList.indexOf(symbol) != -1): null

2019-08-24 12:54:47 - [TEST_STEP][PASSED] - if (i == 3 &amp;&amp; wildList.indexOf(symbol) != -1): null

2019-08-24 12:54:47 - [TEST_STEP][PASSED] - if (i == 4 &amp;&amp; wildList.indexOf(symbol) != -1): null

2019-08-24 12:54:47 - [TEST_STEP][PASSED] - symbol = symbol: null

2019-08-24 12:54:47 - [TEST_STEP][PASSED] - println(symbol): null

2019-08-24 12:54:47 - [TEST_STEP][PASSED] - if (i == 2 &amp;&amp; wildList.indexOf(symbol) != -1): null

2019-08-24 12:54:47 - [TEST_STEP][PASSED] - if (i == 3 &amp;&amp; wildList.indexOf(symbol) != -1): null

2019-08-24 12:54:47 - [TEST_STEP][PASSED] - if (i == 4 &amp;&amp; wildList.indexOf(symbol) != -1): null

2019-08-24 12:54:47 - [TEST_STEP][PASSED] - symbol = symbol: null

2019-08-24 12:54:47 - [TEST_STEP][PASSED] - println(symbol): null

2019-08-24 12:54:47 - [TEST_STEP][PASSED] - if (i == 2 &amp;&amp; wildList.indexOf(symbol) != -1): null

2019-08-24 12:54:47 - [TEST_STEP][PASSED] - if (i == 3 &amp;&amp; wildList.indexOf(symbol) != -1): null

2019-08-24 12:54:47 - [TEST_STEP][PASSED] - if (i == 4 &amp;&amp; wildList.indexOf(symbol) != -1): null

2019-08-24 12:54:47 - [TEST_STEP][PASSED] - symbols = symbols: null

2019-08-24 12:54:47 - [TEST_STEP][PASSED] - for ([j = 0, j &lt; symbols.size(), (j++)]): null

2019-08-24 12:54:47 - [TEST_STEP][PASSED] - symbol = symbol: null

2019-08-24 12:54:47 - [TEST_STEP][PASSED] - println(symbol): null

2019-08-24 12:54:47 - [TEST_STEP][PASSED] - if (i == 2 &amp;&amp; wildList.indexOf(symbol) != -1): null

2019-08-24 12:54:47 - [TEST_STEP][PASSED] - if (i == 3 &amp;&amp; wildList.indexOf(symbol) != -1): null

2019-08-24 12:54:47 - [TEST_STEP][PASSED] - if (i == 4 &amp;&amp; wildList.indexOf(symbol) != -1): null

2019-08-24 12:54:47 - [TEST_STEP][PASSED] - symbol = symbol: null

2019-08-24 12:54:47 - [TEST_STEP][PASSED] - println(symbol): null

2019-08-24 12:54:47 - [TEST_STEP][PASSED] - if (i == 2 &amp;&amp; wildList.indexOf(symbol) != -1): null

2019-08-24 12:54:47 - [TEST_STEP][PASSED] - println("wild found on reel 3, adding counter by 1"): null

2019-08-24 12:54:47 - [TEST_STEP][PASSED] - free_spin_reel_counter[0] = free_spin_reel_counter[0] + 1: null

2019-08-24 12:54:47 - [TEST_STEP][PASSED] - if (i == 3 &amp;&amp; wildList.indexOf(symbol) != -1): null

2019-08-24 12:54:47 - [TEST_STEP][PASSED] - if (i == 4 &amp;&amp; wildList.indexOf(symbol) != -1): null

2019-08-24 12:54:47 - [TEST_STEP][PASSED] - symbol = symbol: null

2019-08-24 12:54:47 - [TEST_STEP][PASSED] - println(symbol): null

2019-08-24 12:54:47 - [TEST_STEP][PASSED] - if (i == 2 &amp;&amp; wildList.indexOf(symbol) != -1): null

2019-08-24 12:54:47 - [TEST_STEP][PASSED] - if (i == 3 &amp;&amp; wildList.indexOf(symbol) != -1): null

2019-08-24 12:54:47 - [TEST_STEP][PASSED] - if (i == 4 &amp;&amp; wildList.indexOf(symbol) != -1): null

2019-08-24 12:54:47 - [TEST_STEP][PASSED] - symbols = symbols: null

2019-08-24 12:54:47 - [TEST_STEP][PASSED] - for ([j = 0, j &lt; symbols.size(), (j++)]): null

2019-08-24 12:54:47 - [TEST_STEP][PASSED] - symbol = symbol: null

2019-08-24 12:54:47 - [TEST_STEP][PASSED] - println(symbol): null

2019-08-24 12:54:47 - [TEST_STEP][PASSED] - if (i == 2 &amp;&amp; wildList.indexOf(symbol) != -1): null

2019-08-24 12:54:47 - [TEST_STEP][PASSED] - if (i == 3 &amp;&amp; wildList.indexOf(symbol) != -1): null

2019-08-24 12:54:47 - [TEST_STEP][PASSED] - if (i == 4 &amp;&amp; wildList.indexOf(symbol) != -1): null

2019-08-24 12:54:47 - [TEST_STEP][PASSED] - symbol = symbol: null

2019-08-24 12:54:47 - [TEST_STEP][PASSED] - println(symbol): null

2019-08-24 12:54:47 - [TEST_STEP][PASSED] - if (i == 2 &amp;&amp; wildList.indexOf(symbol) != -1): null

2019-08-24 12:54:47 - [TEST_STEP][PASSED] - if (i == 3 &amp;&amp; wildList.indexOf(symbol) != -1): null

2019-08-24 12:54:47 - [TEST_STEP][PASSED] - if (i == 4 &amp;&amp; wildList.indexOf(symbol) != -1): null

2019-08-24 12:54:47 - [TEST_STEP][PASSED] - symbol = symbol: null

2019-08-24 12:54:47 - [TEST_STEP][PASSED] - println(symbol): null

2019-08-24 12:54:47 - [TEST_STEP][PASSED] - if (i == 2 &amp;&amp; wildList.indexOf(symbol) != -1): null

2019-08-24 12:54:47 - [TEST_STEP][PASSED] - if (i == 3 &amp;&amp; wildList.indexOf(symbol) != -1): null

2019-08-24 12:54:47 - [TEST_STEP][PASSED] - if (i == 4 &amp;&amp; wildList.indexOf(symbol) != -1): null

2019-08-24 12:54:47 - [TEST_STEP][PASSED] - symbols = symbols: null

2019-08-24 12:54:47 - [TEST_STEP][PASSED] - for ([j = 0, j &lt; symbols.size(), (j++)]): null

2019-08-24 12:54:47 - [TEST_STEP][PASSED] - symbol = symbol: null

2019-08-24 12:54:47 - [TEST_STEP][PASSED] - println(symbol): null

2019-08-24 12:54:47 - [TEST_STEP][PASSED] - if (i == 2 &amp;&amp; wildList.indexOf(symbol) != -1): null

2019-08-24 12:54:47 - [TEST_STEP][PASSED] - if (i == 3 &amp;&amp; wildList.indexOf(symbol) != -1): null

2019-08-24 12:54:47 - [TEST_STEP][PASSED] - if (i == 4 &amp;&amp; wildList.indexOf(symbol) != -1): null

2019-08-24 12:54:47 - [TEST_STEP][PASSED] - symbol = symbol: null

2019-08-24 12:54:47 - [TEST_STEP][PASSED] - println(symbol): null

2019-08-24 12:54:47 - [TEST_STEP][PASSED] - if (i == 2 &amp;&amp; wildList.indexOf(symbol) != -1): null

2019-08-24 12:54:47 - [TEST_STEP][PASSED] - if (i == 3 &amp;&amp; wildList.indexOf(symbol) != -1): null

2019-08-24 12:54:47 - [TEST_STEP][PASSED] - if (i == 4 &amp;&amp; wildList.indexOf(symbol) != -1): null

2019-08-24 12:54:47 - [TEST_STEP][PASSED] - symbol = symbol: null

2019-08-24 12:54:47 - [TEST_STEP][PASSED] - println(symbol): null

2019-08-24 12:54:47 - [TEST_STEP][PASSED] - if (i == 2 &amp;&amp; wildList.indexOf(symbol) != -1): null

2019-08-24 12:54:47 - [TEST_STEP][PASSED] - if (i == 3 &amp;&amp; wildList.indexOf(symbol) != -1): null

2019-08-24 12:54:47 - [TEST_STEP][PASSED] - if (i == 4 &amp;&amp; wildList.indexOf(symbol) != -1): null

2019-08-24 12:54:47 - [TEST_STEP][PASSED] - free_spin_reel_counter = free_spin_reel_counter: null

2019-08-24 12:54:47 - [TEST_STEP][PASSED] - println("reel 3 wild found: " + free_spin_reel_counter[0]): null

2019-08-24 12:54:47 - [TEST_STEP][PASSED] - println("reel 4 wild found: " + free_spin_reel_counter[1]): null

2019-08-24 12:54:47 - [TEST_STEP][PASSED] - println("reel 5 wild found: " + free_spin_reel_counter[2]): null

2019-08-24 12:54:47 - [TEST_STEP][PASSED] - M4_spin_reels = M4_spin_reels: null

2019-08-24 12:54:47 - [TEST_STEP][PASSED] - M4_spin_reels_symbols = symbol: null

2019-08-24 12:54:47 - [TEST_STEP][PASSED] - M4_spin_reels_symbols = M4_spin_reels_symbols: null

2019-08-24 12:54:47 - [TEST_STEP][PASSED] - M4_spin_reel_wins = reel_wins: null

2019-08-24 12:54:47 - [TEST_STEP][PASSED] - M4_spin_reel_wins = M4_spin_reel_wins: null

2019-08-24 12:54:47 - [TEST_STEP][PASSED] - println("GlobalVariable.M4_spin_reel_wins is: " + M4_spin_reel_wins): null

2019-08-24 12:54:47 - [TEST_STEP][PASSED] - M4_spin_total_bonus_win_this_round = total_bonus_win_this_round: null

2019-08-24 12:54:47 - [TEST_STEP][PASSED] - M4_spin_total_bonus_win_this_round = M4_spin_total_bonus_win_this_round: null

2019-08-24 12:54:47 - [TEST_STEP][PASSED] - println("GlobalVariable.M4_spin_total_bonus_win_this_round is: " + M4_spin_total_bonus_win_this_round): null

2019-08-24 12:54:47 - [TEST_STEP][PASSED] - M4_spin_bonus_spin_result = spin_result: null

2019-08-24 12:54:47 - [TEST_STEP][PASSED] - M4_spin_bonus_spin_result = M4_spin_bonus_spin_result: null

2019-08-24 12:54:47 - [MESSAGE][PASSED] - Verify response successfully

2019-08-24 12:54:47 - [MESSAGE][PASSED] - Send request and verify the response successfully

2019-08-24 12:54:47 - [TEST_STEP][PASSED] - if (M4_total_bonus_spins_int != 0 &amp;&amp; M4_spin_reels_symbols[2].contains("WILD_Double") || M4_spin_reels_symbols[4].contains("WILD_Triple")): null

2019-08-24 12:54:47 - [TEST_STEP][PASSED] - free_spin_reel_counter = free_spin_reel_counter: null

2019-08-24 12:54:47 - [TEST_STEP][PASSED] - M4_spin_reels_symbols = M4_spin_reels_symbols: null

2019-08-24 12:54:47 - [TEST_STEP][PASSED] - M4_total_bonus_spins = M4_total_bonus_spins: null

2019-08-24 12:54:47 - [TEST_STEP][PASSED] - spin_result = sendRequestAndVerify(findTestObject("INT/RGS(M4)/1_M4_spin", ["M4_login_user_id":M4_login_user_id, "rgs_session_token":rgs_session_token, "partner":Partner])): Send request and verify the response successfully

2019-08-24 12:54:47 - [MESSAGE][INFO] - HAR: /Users/eiralee/Katalon_Script/SuperWild/Reports/20190824_124242/INT/superWild_4/20190824_124242/requests/main/214.har

2019-08-24 12:54:48 - [TEST_CASE][PASSED] - Start Test Case : Verification: Verification accomplished successfully

2019-08-24 12:54:49 - [TEST_STEP][PASSED] - request = getInstance().getCurrentRequest(): null

2019-08-24 12:54:49 - [TEST_STEP][PASSED] - response = getInstance().getCurrentResponse(): null

2019-08-24 12:54:49 - [TEST_STEP][PASSED] - verifyResponseStatusCode(response, 200): Verify response status code successfully

2019-08-24 12:54:49 - [MESSAGE][PASSED] - Verify response status code successfully

2019-08-24 12:54:49 - [TEST_STEP][PASSED] - getStatusCode()).isEqualTo(200): null

2019-08-24 12:54:49 - [TEST_STEP][PASSED] - newline = System.getProperty("line.separator"): null

2019-08-24 12:54:49 - [TEST_STEP][PASSED] - M4_spin = new groovy.json.JsonSlurper(): null

2019-08-24 12:54:49 - [TEST_STEP][PASSED] - result_M4_spin = M4_spin.parseText(response.getResponseBodyContent()): null

2019-08-24 12:54:49 - [TEST_STEP][PASSED] - M4_spin_current_balance = current_balance: null

2019-08-24 12:54:49 - [TEST_STEP][PASSED] - M4_spin_current_balance = M4_spin_current_balance: null

2019-08-24 12:54:49 - [TEST_STEP][PASSED] - M4_spin_transaction_id = causality: null

2019-08-24 12:54:49 - [TEST_STEP][PASSED] - M4_spin_transaction_id = M4_spin_transaction_id: null

2019-08-24 12:54:49 - [TEST_STEP][PASSED] - M4_spin_round_id = round_id: null

2019-08-24 12:54:49 - [TEST_STEP][PASSED] - M4_spin_round_id = M4_spin_round_id: null

2019-08-24 12:54:49 - [TEST_STEP][PASSED] - M4_spin_line_wins = line_wins: null

2019-08-24 12:54:49 - [TEST_STEP][PASSED] - M4_spin_line_wins = M4_spin_line_wins: null

2019-08-24 12:54:49 - [TEST_STEP][PASSED] - M4_total_bonus_spins_int = total_bonus_spins: null

2019-08-24 12:54:49 - [TEST_STEP][PASSED] - println("******M4_total_bonus_spins type is:*******" + newline + getClass().getName()): null

2019-08-24 12:54:49 - [TEST_STEP][PASSED] - M4_total_bonus_spins_int = M4_total_bonus_spins_int: null

2019-08-24 12:54:49 - [TEST_STEP][PASSED] - M4_total_bonus_spins = Integer.toString(M4_total_bonus_spins_int): null

2019-08-24 12:54:49 - [TEST_STEP][PASSED] - M4_total_bonus_spins = M4_total_bonus_spins: null

2019-08-24 12:54:49 - [TEST_STEP][PASSED] - println("M4_total_bonus_spins is:" + M4_total_bonus_spins): null

2019-08-24 12:54:49 - [TEST_STEP][PASSED] - M4_spin_bonus_data = bonus_data: null

2019-08-24 12:54:49 - [TEST_STEP][PASSED] - M4_spin_features_triggered = result_M4_spin: null

2019-08-24 12:54:49 - [TEST_STEP][PASSED] - wild = []: null

2019-08-24 12:54:49 - [TEST_STEP][PASSED] - wild[0] = "WILD_Expanding": null

2019-08-24 12:54:49 - [TEST_STEP][PASSED] - wild[1] = "WILD_Normal": null

2019-08-24 12:54:49 - [TEST_STEP][PASSED] - wild[2] = "WILD_Double": null

2019-08-24 12:54:49 - [TEST_STEP][PASSED] - wild[3] = "WILD_ExtraFG": null

2019-08-24 12:54:49 - [TEST_STEP][PASSED] - wild[4] = "WILD_Triple": null

2019-08-24 12:54:49 - [TEST_STEP][PASSED] - wildList = Arrays.asList(wild): null

2019-08-24 12:54:49 - [TEST_STEP][PASSED] - wildList = wildList: null

2019-08-24 12:54:49 - [TEST_STEP][PASSED] - free_spin_reel_counter = []: null

2019-08-24 12:54:49 - [TEST_STEP][PASSED] - free_spin_reel_counter[0] = 0: null

2019-08-24 12:54:49 - [TEST_STEP][PASSED] - free_spin_reel_counter[1] = 0: null

2019-08-24 12:54:49 - [TEST_STEP][PASSED] - free_spin_reel_counter[2] = 0: null

2019-08-24 12:54:49 - [TEST_STEP][PASSED] - M4_spin_reels = reels: null

2019-08-24 12:54:49 - [TEST_STEP][PASSED] - for ([i = 0, i &lt; M4_spin_reels.size(), (i++)]): null

2019-08-24 12:54:49 - [TEST_STEP][PASSED] - symbols = symbols: null

2019-08-24 12:54:49 - [TEST_STEP][PASSED] - for ([j = 0, j &lt; symbols.size(), (j++)]): null

2019-08-24 12:54:49 - [TEST_STEP][PASSED] - symbol = symbol: null

2019-08-24 12:54:49 - [TEST_STEP][PASSED] - println(symbol): null

2019-08-24 12:54:49 - [TEST_STEP][PASSED] - if (i == 2 &amp;&amp; wildList.indexOf(symbol) != -1): null

2019-08-24 12:54:49 - [TEST_STEP][PASSED] - if (i == 3 &amp;&amp; wildList.indexOf(symbol) != -1): null

2019-08-24 12:54:49 - [TEST_STEP][PASSED] - if (i == 4 &amp;&amp; wildList.indexOf(symbol) != -1): null

2019-08-24 12:54:49 - [TEST_STEP][PASSED] - symbol = symbol: null

2019-08-24 12:54:49 - [TEST_STEP][PASSED] - println(symbol): null

2019-08-24 12:54:49 - [TEST_STEP][PASSED] - if (i == 2 &amp;&amp; wildList.indexOf(symbol) != -1): null

2019-08-24 12:54:49 - [TEST_STEP][PASSED] - if (i == 3 &amp;&amp; wildList.indexOf(symbol) != -1): null

2019-08-24 12:54:49 - [TEST_STEP][PASSED] - if (i == 4 &amp;&amp; wildList.indexOf(symbol) != -1): null

2019-08-24 12:54:49 - [TEST_STEP][PASSED] - symbol = symbol: null

2019-08-24 12:54:49 - [TEST_STEP][PASSED] - println(symbol): null

2019-08-24 12:54:49 - [TEST_STEP][PASSED] - if (i == 2 &amp;&amp; wildList.indexOf(symbol) != -1): null

2019-08-24 12:54:49 - [TEST_STEP][PASSED] - if (i == 3 &amp;&amp; wildList.indexOf(symbol) != -1): null

2019-08-24 12:54:49 - [TEST_STEP][PASSED] - if (i == 4 &amp;&amp; wildList.indexOf(symbol) != -1): null

2019-08-24 12:54:49 - [TEST_STEP][PASSED] - symbols = symbols: null

2019-08-24 12:54:49 - [TEST_STEP][PASSED] - for ([j = 0, j &lt; symbols.size(), (j++)]): null

2019-08-24 12:54:49 - [TEST_STEP][PASSED] - symbol = symbol: null

2019-08-24 12:54:49 - [TEST_STEP][PASSED] - println(symbol): null

2019-08-24 12:54:49 - [TEST_STEP][PASSED] - if (i == 2 &amp;&amp; wildList.indexOf(symbol) != -1): null

2019-08-24 12:54:49 - [TEST_STEP][PASSED] - if (i == 3 &amp;&amp; wildList.indexOf(symbol) != -1): null

2019-08-24 12:54:49 - [TEST_STEP][PASSED] - if (i == 4 &amp;&amp; wildList.indexOf(symbol) != -1): null

2019-08-24 12:54:49 - [TEST_STEP][PASSED] - symbol = symbol: null

2019-08-24 12:54:49 - [TEST_STEP][PASSED] - println(symbol): null

2019-08-24 12:54:49 - [TEST_STEP][PASSED] - if (i == 2 &amp;&amp; wildList.indexOf(symbol) != -1): null

2019-08-24 12:54:49 - [TEST_STEP][PASSED] - if (i == 3 &amp;&amp; wildList.indexOf(symbol) != -1): null

2019-08-24 12:54:49 - [TEST_STEP][PASSED] - if (i == 4 &amp;&amp; wildList.indexOf(symbol) != -1): null

2019-08-24 12:54:49 - [TEST_STEP][PASSED] - symbol = symbol: null

2019-08-24 12:54:49 - [TEST_STEP][PASSED] - println(symbol): null

2019-08-24 12:54:49 - [TEST_STEP][PASSED] - if (i == 2 &amp;&amp; wildList.indexOf(symbol) != -1): null

2019-08-24 12:54:49 - [TEST_STEP][PASSED] - if (i == 3 &amp;&amp; wildList.indexOf(symbol) != -1): null

2019-08-24 12:54:49 - [TEST_STEP][PASSED] - if (i == 4 &amp;&amp; wildList.indexOf(symbol) != -1): null

2019-08-24 12:54:49 - [TEST_STEP][PASSED] - symbols = symbols: null

2019-08-24 12:54:49 - [TEST_STEP][PASSED] - for ([j = 0, j &lt; symbols.size(), (j++)]): null

2019-08-24 12:54:49 - [TEST_STEP][PASSED] - symbol = symbol: null

2019-08-24 12:54:49 - [TEST_STEP][PASSED] - println(symbol): null

2019-08-24 12:54:49 - [TEST_STEP][PASSED] - if (i == 2 &amp;&amp; wildList.indexOf(symbol) != -1): null

2019-08-24 12:54:49 - [TEST_STEP][PASSED] - if (i == 3 &amp;&amp; wildList.indexOf(symbol) != -1): null

2019-08-24 12:54:49 - [TEST_STEP][PASSED] - if (i == 4 &amp;&amp; wildList.indexOf(symbol) != -1): null

2019-08-24 12:54:49 - [TEST_STEP][PASSED] - symbol = symbol: null

2019-08-24 12:54:49 - [TEST_STEP][PASSED] - println(symbol): null

2019-08-24 12:54:49 - [TEST_STEP][PASSED] - if (i == 2 &amp;&amp; wildList.indexOf(symbol) != -1): null

2019-08-24 12:54:49 - [TEST_STEP][PASSED] - if (i == 3 &amp;&amp; wildList.indexOf(symbol) != -1): null

2019-08-24 12:54:49 - [TEST_STEP][PASSED] - if (i == 4 &amp;&amp; wildList.indexOf(symbol) != -1): null

2019-08-24 12:54:49 - [TEST_STEP][PASSED] - symbol = symbol: null

2019-08-24 12:54:49 - [TEST_STEP][PASSED] - println(symbol): null

2019-08-24 12:54:49 - [TEST_STEP][PASSED] - if (i == 2 &amp;&amp; wildList.indexOf(symbol) != -1): null

2019-08-24 12:54:49 - [TEST_STEP][PASSED] - println("wild found on reel 3, adding counter by 1"): null

2019-08-24 12:54:49 - [TEST_STEP][PASSED] - free_spin_reel_counter[0] = free_spin_reel_counter[0] + 1: null

2019-08-24 12:54:49 - [TEST_STEP][PASSED] - if (i == 3 &amp;&amp; wildList.indexOf(symbol) != -1): null

2019-08-24 12:54:49 - [TEST_STEP][PASSED] - if (i == 4 &amp;&amp; wildList.indexOf(symbol) != -1): null

2019-08-24 12:54:49 - [TEST_STEP][PASSED] - symbols = symbols: null

2019-08-24 12:54:49 - [TEST_STEP][PASSED] - for ([j = 0, j &lt; symbols.size(), (j++)]): null

2019-08-24 12:54:49 - [TEST_STEP][PASSED] - symbol = symbol: null

2019-08-24 12:54:49 - [TEST_STEP][PASSED] - println(symbol): null

2019-08-24 12:54:49 - [TEST_STEP][PASSED] - if (i == 2 &amp;&amp; wildList.indexOf(symbol) != -1): null

2019-08-24 12:54:49 - [TEST_STEP][PASSED] - if (i == 3 &amp;&amp; wildList.indexOf(symbol) != -1): null

2019-08-24 12:54:49 - [TEST_STEP][PASSED] - if (i == 4 &amp;&amp; wildList.indexOf(symbol) != -1): null

2019-08-24 12:54:49 - [TEST_STEP][PASSED] - symbol = symbol: null

2019-08-24 12:54:49 - [TEST_STEP][PASSED] - println(symbol): null

2019-08-24 12:54:49 - [TEST_STEP][PASSED] - if (i == 2 &amp;&amp; wildList.indexOf(symbol) != -1): null

2019-08-24 12:54:49 - [TEST_STEP][PASSED] - if (i == 3 &amp;&amp; wildList.indexOf(symbol) != -1): null

2019-08-24 12:54:49 - [TEST_STEP][PASSED] - if (i == 4 &amp;&amp; wildList.indexOf(symbol) != -1): null

2019-08-24 12:54:49 - [TEST_STEP][PASSED] - symbol = symbol: null

2019-08-24 12:54:49 - [TEST_STEP][PASSED] - println(symbol): null

2019-08-24 12:54:49 - [TEST_STEP][PASSED] - if (i == 2 &amp;&amp; wildList.indexOf(symbol) != -1): null

2019-08-24 12:54:49 - [TEST_STEP][PASSED] - if (i == 3 &amp;&amp; wildList.indexOf(symbol) != -1): null

2019-08-24 12:54:49 - [TEST_STEP][PASSED] - if (i == 4 &amp;&amp; wildList.indexOf(symbol) != -1): null

2019-08-24 12:54:49 - [TEST_STEP][PASSED] - symbols = symbols: null

2019-08-24 12:54:49 - [TEST_STEP][PASSED] - for ([j = 0, j &lt; symbols.size(), (j++)]): null

2019-08-24 12:54:49 - [TEST_STEP][PASSED] - symbol = symbol: null

2019-08-24 12:54:49 - [TEST_STEP][PASSED] - println(symbol): null

2019-08-24 12:54:49 - [TEST_STEP][PASSED] - if (i == 2 &amp;&amp; wildList.indexOf(symbol) != -1): null

2019-08-24 12:54:49 - [TEST_STEP][PASSED] - if (i == 3 &amp;&amp; wildList.indexOf(symbol) != -1): null

2019-08-24 12:54:49 - [TEST_STEP][PASSED] - if (i == 4 &amp;&amp; wildList.indexOf(symbol) != -1): null

2019-08-24 12:54:49 - [TEST_STEP][PASSED] - symbol = symbol: null

2019-08-24 12:54:49 - [TEST_STEP][PASSED] - println(symbol): null

2019-08-24 12:54:49 - [TEST_STEP][PASSED] - if (i == 2 &amp;&amp; wildList.indexOf(symbol) != -1): null

2019-08-24 12:54:49 - [TEST_STEP][PASSED] - if (i == 3 &amp;&amp; wildList.indexOf(symbol) != -1): null

2019-08-24 12:54:49 - [TEST_STEP][PASSED] - if (i == 4 &amp;&amp; wildList.indexOf(symbol) != -1): null

2019-08-24 12:54:49 - [TEST_STEP][PASSED] - symbol = symbol: null

2019-08-24 12:54:49 - [TEST_STEP][PASSED] - println(symbol): null

2019-08-24 12:54:49 - [TEST_STEP][PASSED] - if (i == 2 &amp;&amp; wildList.indexOf(symbol) != -1): null

2019-08-24 12:54:49 - [TEST_STEP][PASSED] - if (i == 3 &amp;&amp; wildList.indexOf(symbol) != -1): null

2019-08-24 12:54:49 - [TEST_STEP][PASSED] - if (i == 4 &amp;&amp; wildList.indexOf(symbol) != -1): null

2019-08-24 12:54:49 - [TEST_STEP][PASSED] - free_spin_reel_counter = free_spin_reel_counter: null

2019-08-24 12:54:49 - [TEST_STEP][PASSED] - println("reel 3 wild found: " + free_spin_reel_counter[0]): null

2019-08-24 12:54:49 - [TEST_STEP][PASSED] - println("reel 4 wild found: " + free_spin_reel_counter[1]): null

2019-08-24 12:54:49 - [TEST_STEP][PASSED] - println("reel 5 wild found: " + free_spin_reel_counter[2]): null

2019-08-24 12:54:49 - [TEST_STEP][PASSED] - M4_spin_reels = M4_spin_reels: null

2019-08-24 12:54:49 - [TEST_STEP][PASSED] - M4_spin_reels_symbols = symbol: null

2019-08-24 12:54:49 - [TEST_STEP][PASSED] - M4_spin_reels_symbols = M4_spin_reels_symbols: null

2019-08-24 12:54:49 - [TEST_STEP][PASSED] - M4_spin_reel_wins = reel_wins: null

2019-08-24 12:54:49 - [TEST_STEP][PASSED] - M4_spin_reel_wins = M4_spin_reel_wins: null

2019-08-24 12:54:49 - [TEST_STEP][PASSED] - println("GlobalVariable.M4_spin_reel_wins is: " + M4_spin_reel_wins): null

2019-08-24 12:54:49 - [TEST_STEP][PASSED] - M4_spin_total_bonus_win_this_round = total_bonus_win_this_round: null

2019-08-24 12:54:49 - [TEST_STEP][PASSED] - M4_spin_total_bonus_win_this_round = M4_spin_total_bonus_win_this_round: null

2019-08-24 12:54:49 - [TEST_STEP][PASSED] - println("GlobalVariable.M4_spin_total_bonus_win_this_round is: " + M4_spin_total_bonus_win_this_round): null

2019-08-24 12:54:49 - [TEST_STEP][PASSED] - M4_spin_bonus_spin_result = spin_result: null

2019-08-24 12:54:49 - [TEST_STEP][PASSED] - M4_spin_bonus_spin_result = M4_spin_bonus_spin_result: null

2019-08-24 12:54:49 - [MESSAGE][PASSED] - Verify response successfully

2019-08-24 12:54:49 - [MESSAGE][PASSED] - Send request and verify the response successfully

2019-08-24 12:54:49 - [TEST_STEP][PASSED] - if (M4_total_bonus_spins_int != 0 &amp;&amp; M4_spin_reels_symbols[2].contains("WILD_Double") || M4_spin_reels_symbols[4].contains("WILD_Triple")): null

2019-08-24 12:54:49 - [TEST_STEP][PASSED] - free_spin_reel_counter = free_spin_reel_counter: null

2019-08-24 12:54:49 - [TEST_STEP][PASSED] - M4_spin_reels_symbols = M4_spin_reels_symbols: null

2019-08-24 12:54:49 - [TEST_STEP][PASSED] - M4_total_bonus_spins = M4_total_bonus_spins: null

2019-08-24 12:54:49 - [TEST_STEP][PASSED] - spin_result = sendRequestAndVerify(findTestObject("INT/RGS(M4)/1_M4_spin", ["M4_login_user_id":M4_login_user_id, "rgs_session_token":rgs_session_token, "partner":Partner])): Send request and verify the response successfully

2019-08-24 12:54:49 - [MESSAGE][INFO] - HAR: /Users/eiralee/Katalon_Script/SuperWild/Reports/20190824_124242/INT/superWild_4/20190824_124242/requests/main/215.har

2019-08-24 12:54:49 - [TEST_CASE][PASSED] - Start Test Case : Verification: Verification accomplished successfully

2019-08-24 12:54:49 - [TEST_STEP][PASSED] - request = getInstance().getCurrentRequest(): null

2019-08-24 12:54:50 - [TEST_STEP][PASSED] - response = getInstance().getCurrentResponse(): null

2019-08-24 12:54:50 - [TEST_STEP][PASSED] - verifyResponseStatusCode(response, 200): Verify response status code successfully

2019-08-24 12:54:50 - [MESSAGE][PASSED] - Verify response status code successfully

2019-08-24 12:54:50 - [TEST_STEP][PASSED] - getStatusCode()).isEqualTo(200): null

2019-08-24 12:54:50 - [TEST_STEP][PASSED] - newline = System.getProperty("line.separator"): null

2019-08-24 12:54:50 - [TEST_STEP][PASSED] - M4_spin = new groovy.json.JsonSlurper(): null

2019-08-24 12:54:50 - [TEST_STEP][PASSED] - result_M4_spin = M4_spin.parseText(response.getResponseBodyContent()): null

2019-08-24 12:54:50 - [TEST_STEP][PASSED] - M4_spin_current_balance = current_balance: null

2019-08-24 12:54:50 - [TEST_STEP][PASSED] - M4_spin_current_balance = M4_spin_current_balance: null

2019-08-24 12:54:50 - [TEST_STEP][PASSED] - M4_spin_transaction_id = causality: null

2019-08-24 12:54:50 - [TEST_STEP][PASSED] - M4_spin_transaction_id = M4_spin_transaction_id: null

2019-08-24 12:54:50 - [TEST_STEP][PASSED] - M4_spin_round_id = round_id: null

2019-08-24 12:54:50 - [TEST_STEP][PASSED] - M4_spin_round_id = M4_spin_round_id: null

2019-08-24 12:54:50 - [TEST_STEP][PASSED] - M4_spin_line_wins = line_wins: null

2019-08-24 12:54:50 - [TEST_STEP][PASSED] - M4_spin_line_wins = M4_spin_line_wins: null

2019-08-24 12:54:50 - [TEST_STEP][PASSED] - M4_total_bonus_spins_int = total_bonus_spins: null

2019-08-24 12:54:50 - [TEST_STEP][PASSED] - println("******M4_total_bonus_spins type is:*******" + newline + getClass().getName()): null

2019-08-24 12:54:50 - [TEST_STEP][PASSED] - M4_total_bonus_spins_int = M4_total_bonus_spins_int: null

2019-08-24 12:54:50 - [TEST_STEP][PASSED] - M4_total_bonus_spins = Integer.toString(M4_total_bonus_spins_int): null

2019-08-24 12:54:50 - [TEST_STEP][PASSED] - M4_total_bonus_spins = M4_total_bonus_spins: null

2019-08-24 12:54:50 - [TEST_STEP][PASSED] - println("M4_total_bonus_spins is:" + M4_total_bonus_spins): null

2019-08-24 12:54:50 - [TEST_STEP][PASSED] - M4_spin_bonus_data = bonus_data: null

2019-08-24 12:54:50 - [TEST_STEP][PASSED] - M4_spin_features_triggered = result_M4_spin: null

2019-08-24 12:54:50 - [TEST_STEP][PASSED] - wild = []: null

2019-08-24 12:54:50 - [TEST_STEP][PASSED] - wild[0] = "WILD_Expanding": null

2019-08-24 12:54:50 - [TEST_STEP][PASSED] - wild[1] = "WILD_Normal": null

2019-08-24 12:54:50 - [TEST_STEP][PASSED] - wild[2] = "WILD_Double": null

2019-08-24 12:54:50 - [TEST_STEP][PASSED] - wild[3] = "WILD_ExtraFG": null

2019-08-24 12:54:50 - [TEST_STEP][PASSED] - wild[4] = "WILD_Triple": null

2019-08-24 12:54:50 - [TEST_STEP][PASSED] - wildList = Arrays.asList(wild): null

2019-08-24 12:54:50 - [TEST_STEP][PASSED] - wildList = wildList: null

2019-08-24 12:54:50 - [TEST_STEP][PASSED] - free_spin_reel_counter = []: null

2019-08-24 12:54:50 - [TEST_STEP][PASSED] - free_spin_reel_counter[0] = 0: null

2019-08-24 12:54:50 - [TEST_STEP][PASSED] - free_spin_reel_counter[1] = 0: null

2019-08-24 12:54:50 - [TEST_STEP][PASSED] - free_spin_reel_counter[2] = 0: null

2019-08-24 12:54:50 - [TEST_STEP][PASSED] - M4_spin_reels = reels: null

2019-08-24 12:54:50 - [TEST_STEP][PASSED] - for ([i = 0, i &lt; M4_spin_reels.size(), (i++)]): null

2019-08-24 12:54:50 - [TEST_STEP][PASSED] - symbols = symbols: null

2019-08-24 12:54:50 - [TEST_STEP][PASSED] - for ([j = 0, j &lt; symbols.size(), (j++)]): null

2019-08-24 12:54:50 - [TEST_STEP][PASSED] - symbol = symbol: null

2019-08-24 12:54:50 - [TEST_STEP][PASSED] - println(symbol): null

2019-08-24 12:54:50 - [TEST_STEP][PASSED] - if (i == 2 &amp;&amp; wildList.indexOf(symbol) != -1): null

2019-08-24 12:54:50 - [TEST_STEP][PASSED] - if (i == 3 &amp;&amp; wildList.indexOf(symbol) != -1): null

2019-08-24 12:54:50 - [TEST_STEP][PASSED] - if (i == 4 &amp;&amp; wildList.indexOf(symbol) != -1): null

2019-08-24 12:54:50 - [TEST_STEP][PASSED] - symbol = symbol: null

2019-08-24 12:54:50 - [TEST_STEP][PASSED] - println(symbol): null

2019-08-24 12:54:50 - [TEST_STEP][PASSED] - if (i == 2 &amp;&amp; wildList.indexOf(symbol) != -1): null

2019-08-24 12:54:50 - [TEST_STEP][PASSED] - if (i == 3 &amp;&amp; wildList.indexOf(symbol) != -1): null

2019-08-24 12:54:50 - [TEST_STEP][PASSED] - if (i == 4 &amp;&amp; wildList.indexOf(symbol) != -1): null

2019-08-24 12:54:50 - [TEST_STEP][PASSED] - symbol = symbol: null

2019-08-24 12:54:50 - [TEST_STEP][PASSED] - println(symbol): null

2019-08-24 12:54:50 - [TEST_STEP][PASSED] - if (i == 2 &amp;&amp; wildList.indexOf(symbol) != -1): null

2019-08-24 12:54:50 - [TEST_STEP][PASSED] - if (i == 3 &amp;&amp; wildList.indexOf(symbol) != -1): null

2019-08-24 12:54:50 - [TEST_STEP][PASSED] - if (i == 4 &amp;&amp; wildList.indexOf(symbol) != -1): null

2019-08-24 12:54:50 - [TEST_STEP][PASSED] - symbols = symbols: null

2019-08-24 12:54:50 - [TEST_STEP][PASSED] - for ([j = 0, j &lt; symbols.size(), (j++)]): null

2019-08-24 12:54:50 - [TEST_STEP][PASSED] - symbol = symbol: null

2019-08-24 12:54:50 - [TEST_STEP][PASSED] - println(symbol): null

2019-08-24 12:54:50 - [TEST_STEP][PASSED] - if (i == 2 &amp;&amp; wildList.indexOf(symbol) != -1): null

2019-08-24 12:54:50 - [TEST_STEP][PASSED] - if (i == 3 &amp;&amp; wildList.indexOf(symbol) != -1): null

2019-08-24 12:54:50 - [TEST_STEP][PASSED] - if (i == 4 &amp;&amp; wildList.indexOf(symbol) != -1): null

2019-08-24 12:54:50 - [TEST_STEP][PASSED] - symbol = symbol: null

2019-08-24 12:54:50 - [TEST_STEP][PASSED] - println(symbol): null

2019-08-24 12:54:50 - [TEST_STEP][PASSED] - if (i == 2 &amp;&amp; wildList.indexOf(symbol) != -1): null

2019-08-24 12:54:50 - [TEST_STEP][PASSED] - if (i == 3 &amp;&amp; wildList.indexOf(symbol) != -1): null

2019-08-24 12:54:50 - [TEST_STEP][PASSED] - if (i == 4 &amp;&amp; wildList.indexOf(symbol) != -1): null

2019-08-24 12:54:50 - [TEST_STEP][PASSED] - symbol = symbol: null

2019-08-24 12:54:50 - [TEST_STEP][PASSED] - println(symbol): null

2019-08-24 12:54:50 - [TEST_STEP][PASSED] - if (i == 2 &amp;&amp; wildList.indexOf(symbol) != -1): null

2019-08-24 12:54:50 - [TEST_STEP][PASSED] - if (i == 3 &amp;&amp; wildList.indexOf(symbol) != -1): null

2019-08-24 12:54:50 - [TEST_STEP][PASSED] - if (i == 4 &amp;&amp; wildList.indexOf(symbol) != -1): null

2019-08-24 12:54:50 - [TEST_STEP][PASSED] - symbols = symbols: null

2019-08-24 12:54:50 - [TEST_STEP][PASSED] - for ([j = 0, j &lt; symbols.size(), (j++)]): null

2019-08-24 12:54:50 - [TEST_STEP][PASSED] - symbol = symbol: null

2019-08-24 12:54:50 - [TEST_STEP][PASSED] - println(symbol): null

2019-08-24 12:54:50 - [TEST_STEP][PASSED] - if (i == 2 &amp;&amp; wildList.indexOf(symbol) != -1): null

2019-08-24 12:54:50 - [TEST_STEP][PASSED] - if (i == 3 &amp;&amp; wildList.indexOf(symbol) != -1): null

2019-08-24 12:54:50 - [TEST_STEP][PASSED] - if (i == 4 &amp;&amp; wildList.indexOf(symbol) != -1): null

2019-08-24 12:54:50 - [TEST_STEP][PASSED] - symbol = symbol: null

2019-08-24 12:54:50 - [TEST_STEP][PASSED] - println(symbol): null

2019-08-24 12:54:50 - [TEST_STEP][PASSED] - if (i == 2 &amp;&amp; wildList.indexOf(symbol) != -1): null

2019-08-24 12:54:50 - [TEST_STEP][PASSED] - if (i == 3 &amp;&amp; wildList.indexOf(symbol) != -1): null

2019-08-24 12:54:50 - [TEST_STEP][PASSED] - if (i == 4 &amp;&amp; wildList.indexOf(symbol) != -1): null

2019-08-24 12:54:50 - [TEST_STEP][PASSED] - symbol = symbol: null

2019-08-24 12:54:50 - [TEST_STEP][PASSED] - println(symbol): null

2019-08-24 12:54:50 - [TEST_STEP][PASSED] - if (i == 2 &amp;&amp; wildList.indexOf(symbol) != -1): null

2019-08-24 12:54:50 - [TEST_STEP][PASSED] - if (i == 3 &amp;&amp; wildList.indexOf(symbol) != -1): null

2019-08-24 12:54:50 - [TEST_STEP][PASSED] - if (i == 4 &amp;&amp; wildList.indexOf(symbol) != -1): null

2019-08-24 12:54:50 - [TEST_STEP][PASSED] - symbols = symbols: null

2019-08-24 12:54:50 - [TEST_STEP][PASSED] - for ([j = 0, j &lt; symbols.size(), (j++)]): null

2019-08-24 12:54:50 - [TEST_STEP][PASSED] - symbol = symbol: null

2019-08-24 12:54:50 - [TEST_STEP][PASSED] - println(symbol): null

2019-08-24 12:54:50 - [TEST_STEP][PASSED] - if (i == 2 &amp;&amp; wildList.indexOf(symbol) != -1): null

2019-08-24 12:54:50 - [TEST_STEP][PASSED] - if (i == 3 &amp;&amp; wildList.indexOf(symbol) != -1): null

2019-08-24 12:54:50 - [TEST_STEP][PASSED] - if (i == 4 &amp;&amp; wildList.indexOf(symbol) != -1): null

2019-08-24 12:54:50 - [TEST_STEP][PASSED] - symbol = symbol: null

2019-08-24 12:54:50 - [TEST_STEP][PASSED] - println(symbol): null

2019-08-24 12:54:50 - [TEST_STEP][PASSED] - if (i == 2 &amp;&amp; wildList.indexOf(symbol) != -1): null

2019-08-24 12:54:50 - [TEST_STEP][PASSED] - if (i == 3 &amp;&amp; wildList.indexOf(symbol) != -1): null

2019-08-24 12:54:50 - [TEST_STEP][PASSED] - if (i == 4 &amp;&amp; wildList.indexOf(symbol) != -1): null

2019-08-24 12:54:50 - [TEST_STEP][PASSED] - symbol = symbol: null

2019-08-24 12:54:50 - [TEST_STEP][PASSED] - println(symbol): null

2019-08-24 12:54:50 - [TEST_STEP][PASSED] - if (i == 2 &amp;&amp; wildList.indexOf(symbol) != -1): null

2019-08-24 12:54:50 - [TEST_STEP][PASSED] - if (i == 3 &amp;&amp; wildList.indexOf(symbol) != -1): null

2019-08-24 12:54:50 - [TEST_STEP][PASSED] - if (i == 4 &amp;&amp; wildList.indexOf(symbol) != -1): null

2019-08-24 12:54:50 - [TEST_STEP][PASSED] - symbols = symbols: null

2019-08-24 12:54:50 - [TEST_STEP][PASSED] - for ([j = 0, j &lt; symbols.size(), (j++)]): null

2019-08-24 12:54:50 - [TEST_STEP][PASSED] - symbol = symbol: null

2019-08-24 12:54:50 - [TEST_STEP][PASSED] - println(symbol): null

2019-08-24 12:54:50 - [TEST_STEP][PASSED] - if (i == 2 &amp;&amp; wildList.indexOf(symbol) != -1): null

2019-08-24 12:54:50 - [TEST_STEP][PASSED] - if (i == 3 &amp;&amp; wildList.indexOf(symbol) != -1): null

2019-08-24 12:54:50 - [TEST_STEP][PASSED] - if (i == 4 &amp;&amp; wildList.indexOf(symbol) != -1): null

2019-08-24 12:54:50 - [TEST_STEP][PASSED] - symbol = symbol: null

2019-08-24 12:54:50 - [TEST_STEP][PASSED] - println(symbol): null

2019-08-24 12:54:50 - [TEST_STEP][PASSED] - if (i == 2 &amp;&amp; wildList.indexOf(symbol) != -1): null

2019-08-24 12:54:50 - [TEST_STEP][PASSED] - if (i == 3 &amp;&amp; wildList.indexOf(symbol) != -1): null

2019-08-24 12:54:50 - [TEST_STEP][PASSED] - if (i == 4 &amp;&amp; wildList.indexOf(symbol) != -1): null

2019-08-24 12:54:50 - [TEST_STEP][PASSED] - symbol = symbol: null

2019-08-24 12:54:50 - [TEST_STEP][PASSED] - println(symbol): null

2019-08-24 12:54:50 - [TEST_STEP][PASSED] - if (i == 2 &amp;&amp; wildList.indexOf(symbol) != -1): null

2019-08-24 12:54:50 - [TEST_STEP][PASSED] - if (i == 3 &amp;&amp; wildList.indexOf(symbol) != -1): null

2019-08-24 12:54:50 - [TEST_STEP][PASSED] - if (i == 4 &amp;&amp; wildList.indexOf(symbol) != -1): null

2019-08-24 12:54:50 - [TEST_STEP][PASSED] - free_spin_reel_counter = free_spin_reel_counter: null

2019-08-24 12:54:50 - [TEST_STEP][PASSED] - println("reel 3 wild found: " + free_spin_reel_counter[0]): null

2019-08-24 12:54:50 - [TEST_STEP][PASSED] - println("reel 4 wild found: " + free_spin_reel_counter[1]): null

2019-08-24 12:54:50 - [TEST_STEP][PASSED] - println("reel 5 wild found: " + free_spin_reel_counter[2]): null

2019-08-24 12:54:50 - [TEST_STEP][PASSED] - M4_spin_reels = M4_spin_reels: null

2019-08-24 12:54:50 - [TEST_STEP][PASSED] - M4_spin_reels_symbols = symbol: null

2019-08-24 12:54:50 - [TEST_STEP][PASSED] - M4_spin_reels_symbols = M4_spin_reels_symbols: null

2019-08-24 12:54:50 - [TEST_STEP][PASSED] - M4_spin_reel_wins = reel_wins: null

2019-08-24 12:54:50 - [TEST_STEP][PASSED] - M4_spin_reel_wins = M4_spin_reel_wins: null

2019-08-24 12:54:50 - [TEST_STEP][PASSED] - println("GlobalVariable.M4_spin_reel_wins is: " + M4_spin_reel_wins): null

2019-08-24 12:54:50 - [TEST_STEP][PASSED] - M4_spin_total_bonus_win_this_round = total_bonus_win_this_round: null

2019-08-24 12:54:50 - [TEST_STEP][PASSED] - M4_spin_total_bonus_win_this_round = M4_spin_total_bonus_win_this_round: null

2019-08-24 12:54:50 - [TEST_STEP][PASSED] - println("GlobalVariable.M4_spin_total_bonus_win_this_round is: " + M4_spin_total_bonus_win_this_round): null

2019-08-24 12:54:50 - [TEST_STEP][PASSED] - M4_spin_bonus_spin_result = spin_result: null

2019-08-24 12:54:50 - [TEST_STEP][PASSED] - M4_spin_bonus_spin_result = M4_spin_bonus_spin_result: null

2019-08-24 12:54:50 - [MESSAGE][PASSED] - Verify response successfully

2019-08-24 12:54:50 - [MESSAGE][PASSED] - Send request and verify the response successfully

2019-08-24 12:54:50 - [TEST_STEP][PASSED] - if (M4_total_bonus_spins_int != 0 &amp;&amp; M4_spin_reels_symbols[2].contains("WILD_Double") || M4_spin_reels_symbols[4].contains("WILD_Triple")): null

2019-08-24 12:54:50 - [TEST_STEP][PASSED] - free_spin_reel_counter = free_spin_reel_counter: null

2019-08-24 12:54:50 - [TEST_STEP][PASSED] - M4_spin_reels_symbols = M4_spin_reels_symbols: null

2019-08-24 12:54:50 - [TEST_STEP][PASSED] - M4_total_bonus_spins = M4_total_bonus_spins: null

2019-08-24 12:54:50 - [TEST_STEP][PASSED] - spin_result = sendRequestAndVerify(findTestObject("INT/RGS(M4)/1_M4_spin", ["M4_login_user_id":M4_login_user_id, "rgs_session_token":rgs_session_token, "partner":Partner])): Send request and verify the response successfully

2019-08-24 12:54:50 - [MESSAGE][INFO] - HAR: /Users/eiralee/Katalon_Script/SuperWild/Reports/20190824_124242/INT/superWild_4/20190824_124242/requests/main/216.har

2019-08-24 12:54:50 - [TEST_CASE][PASSED] - Start Test Case : Verification: Verification accomplished successfully

2019-08-24 12:54:50 - [TEST_STEP][PASSED] - request = getInstance().getCurrentRequest(): null

2019-08-24 12:54:50 - [TEST_STEP][PASSED] - response = getInstance().getCurrentResponse(): null

2019-08-24 12:54:50 - [TEST_STEP][PASSED] - verifyResponseStatusCode(response, 200): Verify response status code successfully

2019-08-24 12:54:50 - [MESSAGE][PASSED] - Verify response status code successfully

2019-08-24 12:54:50 - [TEST_STEP][PASSED] - getStatusCode()).isEqualTo(200): null

2019-08-24 12:54:50 - [TEST_STEP][PASSED] - newline = System.getProperty("line.separator"): null

2019-08-24 12:54:50 - [TEST_STEP][PASSED] - M4_spin = new groovy.json.JsonSlurper(): null

2019-08-24 12:54:50 - [TEST_STEP][PASSED] - result_M4_spin = M4_spin.parseText(response.getResponseBodyContent()): null

2019-08-24 12:54:50 - [TEST_STEP][PASSED] - M4_spin_current_balance = current_balance: null

2019-08-24 12:54:50 - [TEST_STEP][PASSED] - M4_spin_current_balance = M4_spin_current_balance: null

2019-08-24 12:54:50 - [TEST_STEP][PASSED] - M4_spin_transaction_id = causality: null

2019-08-24 12:54:50 - [TEST_STEP][PASSED] - M4_spin_transaction_id = M4_spin_transaction_id: null

2019-08-24 12:54:50 - [TEST_STEP][PASSED] - M4_spin_round_id = round_id: null

2019-08-24 12:54:50 - [TEST_STEP][PASSED] - M4_spin_round_id = M4_spin_round_id: null

2019-08-24 12:54:50 - [TEST_STEP][PASSED] - M4_spin_line_wins = line_wins: null

2019-08-24 12:54:50 - [TEST_STEP][PASSED] - M4_spin_line_wins = M4_spin_line_wins: null

2019-08-24 12:54:50 - [TEST_STEP][PASSED] - M4_total_bonus_spins_int = total_bonus_spins: null

2019-08-24 12:54:50 - [TEST_STEP][PASSED] - println("******M4_total_bonus_spins type is:*******" + newline + getClass().getName()): null

2019-08-24 12:54:50 - [TEST_STEP][PASSED] - M4_total_bonus_spins_int = M4_total_bonus_spins_int: null

2019-08-24 12:54:50 - [TEST_STEP][PASSED] - M4_total_bonus_spins = Integer.toString(M4_total_bonus_spins_int): null

2019-08-24 12:54:50 - [TEST_STEP][PASSED] - M4_total_bonus_spins = M4_total_bonus_spins: null

2019-08-24 12:54:50 - [TEST_STEP][PASSED] - println("M4_total_bonus_spins is:" + M4_total_bonus_spins): null

2019-08-24 12:54:50 - [TEST_STEP][PASSED] - M4_spin_bonus_data = bonus_data: null

2019-08-24 12:54:50 - [TEST_STEP][PASSED] - M4_spin_features_triggered = result_M4_spin: null

2019-08-24 12:54:50 - [TEST_STEP][PASSED] - wild = []: null

2019-08-24 12:54:50 - [TEST_STEP][PASSED] - wild[0] = "WILD_Expanding": null

2019-08-24 12:54:50 - [TEST_STEP][PASSED] - wild[1] = "WILD_Normal": null

2019-08-24 12:54:50 - [TEST_STEP][PASSED] - wild[2] = "WILD_Double": null

2019-08-24 12:54:50 - [TEST_STEP][PASSED] - wild[3] = "WILD_ExtraFG": null

2019-08-24 12:54:50 - [TEST_STEP][PASSED] - wild[4] = "WILD_Triple": null

2019-08-24 12:54:50 - [TEST_STEP][PASSED] - wildList = Arrays.asList(wild): null

2019-08-24 12:54:50 - [TEST_STEP][PASSED] - wildList = wildList: null

2019-08-24 12:54:50 - [TEST_STEP][PASSED] - free_spin_reel_counter = []: null

2019-08-24 12:54:50 - [TEST_STEP][PASSED] - free_spin_reel_counter[0] = 0: null

2019-08-24 12:54:50 - [TEST_STEP][PASSED] - free_spin_reel_counter[1] = 0: null

2019-08-24 12:54:50 - [TEST_STEP][PASSED] - free_spin_reel_counter[2] = 0: null

2019-08-24 12:54:50 - [TEST_STEP][PASSED] - M4_spin_reels = reels: null

2019-08-24 12:54:50 - [TEST_STEP][PASSED] - for ([i = 0, i &lt; M4_spin_reels.size(), (i++)]): null

2019-08-24 12:54:50 - [TEST_STEP][PASSED] - symbols = symbols: null

2019-08-24 12:54:50 - [TEST_STEP][PASSED] - for ([j = 0, j &lt; symbols.size(), (j++)]): null

2019-08-24 12:54:50 - [TEST_STEP][PASSED] - symbol = symbol: null

2019-08-24 12:54:50 - [TEST_STEP][PASSED] - println(symbol): null

2019-08-24 12:54:50 - [TEST_STEP][PASSED] - if (i == 2 &amp;&amp; wildList.indexOf(symbol) != -1): null

2019-08-24 12:54:50 - [TEST_STEP][PASSED] - if (i == 3 &amp;&amp; wildList.indexOf(symbol) != -1): null

2019-08-24 12:54:50 - [TEST_STEP][PASSED] - if (i == 4 &amp;&amp; wildList.indexOf(symbol) != -1): null

2019-08-24 12:54:50 - [TEST_STEP][PASSED] - symbol = symbol: null

2019-08-24 12:54:50 - [TEST_STEP][PASSED] - println(symbol): null

2019-08-24 12:54:50 - [TEST_STEP][PASSED] - if (i == 2 &amp;&amp; wildList.indexOf(symbol) != -1): null

2019-08-24 12:54:50 - [TEST_STEP][PASSED] - if (i == 3 &amp;&amp; wildList.indexOf(symbol) != -1): null

2019-08-24 12:54:50 - [TEST_STEP][PASSED] - if (i == 4 &amp;&amp; wildList.indexOf(symbol) != -1): null

2019-08-24 12:54:50 - [TEST_STEP][PASSED] - symbol = symbol: null

2019-08-24 12:54:50 - [TEST_STEP][PASSED] - println(symbol): null

2019-08-24 12:54:50 - [TEST_STEP][PASSED] - if (i == 2 &amp;&amp; wildList.indexOf(symbol) != -1): null

2019-08-24 12:54:50 - [TEST_STEP][PASSED] - if (i == 3 &amp;&amp; wildList.indexOf(symbol) != -1): null

2019-08-24 12:54:50 - [TEST_STEP][PASSED] - if (i == 4 &amp;&amp; wildList.indexOf(symbol) != -1): null

2019-08-24 12:54:50 - [TEST_STEP][PASSED] - symbols = symbols: null

2019-08-24 12:54:50 - [TEST_STEP][PASSED] - for ([j = 0, j &lt; symbols.size(), (j++)]): null

2019-08-24 12:54:50 - [TEST_STEP][PASSED] - symbol = symbol: null

2019-08-24 12:54:50 - [TEST_STEP][PASSED] - println(symbol): null

2019-08-24 12:54:50 - [TEST_STEP][PASSED] - if (i == 2 &amp;&amp; wildList.indexOf(symbol) != -1): null

2019-08-24 12:54:50 - [TEST_STEP][PASSED] - if (i == 3 &amp;&amp; wildList.indexOf(symbol) != -1): null

2019-08-24 12:54:50 - [TEST_STEP][PASSED] - if (i == 4 &amp;&amp; wildList.indexOf(symbol) != -1): null

2019-08-24 12:54:50 - [TEST_STEP][PASSED] - symbol = symbol: null

2019-08-24 12:54:50 - [TEST_STEP][PASSED] - println(symbol): null

2019-08-24 12:54:50 - [TEST_STEP][PASSED] - if (i == 2 &amp;&amp; wildList.indexOf(symbol) != -1): null

2019-08-24 12:54:50 - [TEST_STEP][PASSED] - if (i == 3 &amp;&amp; wildList.indexOf(symbol) != -1): null

2019-08-24 12:54:50 - [TEST_STEP][PASSED] - if (i == 4 &amp;&amp; wildList.indexOf(symbol) != -1): null

2019-08-24 12:54:50 - [TEST_STEP][PASSED] - symbol = symbol: null

2019-08-24 12:54:55 - [TEST_STEP][PASSED] - println(symbol): null

2019-08-24 12:54:55 - [TEST_STEP][PASSED] - if (i == 2 &amp;&amp; wildList.indexOf(symbol) != -1): null

2019-08-24 12:54:55 - [TEST_STEP][PASSED] - if (i == 3 &amp;&amp; wildList.indexOf(symbol) != -1): null

2019-08-24 12:54:55 - [TEST_STEP][PASSED] - if (i == 4 &amp;&amp; wildList.indexOf(symbol) != -1): null

2019-08-24 12:54:55 - [TEST_STEP][PASSED] - symbols = symbols: null

2019-08-24 12:54:55 - [TEST_STEP][PASSED] - for ([j = 0, j &lt; symbols.size(), (j++)]): null

2019-08-24 12:54:55 - [TEST_STEP][PASSED] - symbol = symbol: null

2019-08-24 12:54:55 - [TEST_STEP][PASSED] - println(symbol): null

2019-08-24 12:54:55 - [TEST_STEP][PASSED] - if (i == 2 &amp;&amp; wildList.indexOf(symbol) != -1): null

2019-08-24 12:54:55 - [TEST_STEP][PASSED] - if (i == 3 &amp;&amp; wildList.indexOf(symbol) != -1): null

2019-08-24 12:54:55 - [TEST_STEP][PASSED] - if (i == 4 &amp;&amp; wildList.indexOf(symbol) != -1): null

2019-08-24 12:54:55 - [TEST_STEP][PASSED] - symbol = symbol: null

2019-08-24 12:54:55 - [TEST_STEP][PASSED] - println(symbol): null

2019-08-24 12:54:55 - [TEST_STEP][PASSED] - if (i == 2 &amp;&amp; wildList.indexOf(symbol) != -1): null

2019-08-24 12:54:55 - [TEST_STEP][PASSED] - if (i == 3 &amp;&amp; wildList.indexOf(symbol) != -1): null

2019-08-24 12:54:55 - [TEST_STEP][PASSED] - if (i == 4 &amp;&amp; wildList.indexOf(symbol) != -1): null

2019-08-24 12:54:55 - [TEST_STEP][PASSED] - symbol = symbol: null

2019-08-24 12:54:55 - [TEST_STEP][PASSED] - println(symbol): null

2019-08-24 12:54:55 - [TEST_STEP][PASSED] - if (i == 2 &amp;&amp; wildList.indexOf(symbol) != -1): null

2019-08-24 12:54:55 - [TEST_STEP][PASSED] - if (i == 3 &amp;&amp; wildList.indexOf(symbol) != -1): null

2019-08-24 12:54:55 - [TEST_STEP][PASSED] - if (i == 4 &amp;&amp; wildList.indexOf(symbol) != -1): null

2019-08-24 12:54:55 - [TEST_STEP][PASSED] - symbols = symbols: null

2019-08-24 12:54:55 - [TEST_STEP][PASSED] - for ([j = 0, j &lt; symbols.size(), (j++)]): null

2019-08-24 12:54:55 - [TEST_STEP][PASSED] - symbol = symbol: null

2019-08-24 12:54:55 - [TEST_STEP][PASSED] - println(symbol): null

2019-08-24 12:54:55 - [TEST_STEP][PASSED] - if (i == 2 &amp;&amp; wildList.indexOf(symbol) != -1): null

2019-08-24 12:54:55 - [TEST_STEP][PASSED] - if (i == 3 &amp;&amp; wildList.indexOf(symbol) != -1): null

2019-08-24 12:54:55 - [TEST_STEP][PASSED] - if (i == 4 &amp;&amp; wildList.indexOf(symbol) != -1): null

2019-08-24 12:54:55 - [TEST_STEP][PASSED] - symbol = symbol: null

2019-08-24 12:54:55 - [TEST_STEP][PASSED] - println(symbol): null

2019-08-24 12:54:55 - [TEST_STEP][PASSED] - if (i == 2 &amp;&amp; wildList.indexOf(symbol) != -1): null

2019-08-24 12:54:55 - [TEST_STEP][PASSED] - if (i == 3 &amp;&amp; wildList.indexOf(symbol) != -1): null

2019-08-24 12:54:55 - [TEST_STEP][PASSED] - if (i == 4 &amp;&amp; wildList.indexOf(symbol) != -1): null

2019-08-24 12:54:55 - [TEST_STEP][PASSED] - symbol = symbol: null

2019-08-24 12:54:55 - [TEST_STEP][PASSED] - println(symbol): null

2019-08-24 12:54:55 - [TEST_STEP][PASSED] - if (i == 2 &amp;&amp; wildList.indexOf(symbol) != -1): null

2019-08-24 12:54:55 - [TEST_STEP][PASSED] - if (i == 3 &amp;&amp; wildList.indexOf(symbol) != -1): null

2019-08-24 12:54:55 - [TEST_STEP][PASSED] - println("wild found on reel 4, adding counter by 1"): null

2019-08-24 12:54:55 - [TEST_STEP][PASSED] - free_spin_reel_counter[1] = free_spin_reel_counter[1] + 1: null

2019-08-24 12:54:55 - [TEST_STEP][PASSED] - if (i == 4 &amp;&amp; wildList.indexOf(symbol) != -1): null

2019-08-24 12:54:55 - [TEST_STEP][PASSED] - symbols = symbols: null

2019-08-24 12:54:55 - [TEST_STEP][PASSED] - for ([j = 0, j &lt; symbols.size(), (j++)]): null

2019-08-24 12:54:55 - [TEST_STEP][PASSED] - symbol = symbol: null

2019-08-24 12:54:55 - [TEST_STEP][PASSED] - println(symbol): null

2019-08-24 12:54:55 - [TEST_STEP][PASSED] - if (i == 2 &amp;&amp; wildList.indexOf(symbol) != -1): null

2019-08-24 12:54:55 - [TEST_STEP][PASSED] - if (i == 3 &amp;&amp; wildList.indexOf(symbol) != -1): null

2019-08-24 12:54:55 - [TEST_STEP][PASSED] - if (i == 4 &amp;&amp; wildList.indexOf(symbol) != -1): null

2019-08-24 12:54:55 - [TEST_STEP][PASSED] - symbol = symbol: null

2019-08-24 12:54:55 - [TEST_STEP][PASSED] - println(symbol): null

2019-08-24 12:54:55 - [TEST_STEP][PASSED] - if (i == 2 &amp;&amp; wildList.indexOf(symbol) != -1): null

2019-08-24 12:54:55 - [TEST_STEP][PASSED] - if (i == 3 &amp;&amp; wildList.indexOf(symbol) != -1): null

2019-08-24 12:54:55 - [TEST_STEP][PASSED] - if (i == 4 &amp;&amp; wildList.indexOf(symbol) != -1): null

2019-08-24 12:54:55 - [TEST_STEP][PASSED] - symbol = symbol: null

2019-08-24 12:54:55 - [TEST_STEP][PASSED] - println(symbol): null

2019-08-24 12:54:55 - [TEST_STEP][PASSED] - if (i == 2 &amp;&amp; wildList.indexOf(symbol) != -1): null

2019-08-24 12:54:55 - [TEST_STEP][PASSED] - if (i == 3 &amp;&amp; wildList.indexOf(symbol) != -1): null

2019-08-24 12:54:55 - [TEST_STEP][PASSED] - if (i == 4 &amp;&amp; wildList.indexOf(symbol) != -1): null

2019-08-24 12:54:55 - [TEST_STEP][PASSED] - free_spin_reel_counter = free_spin_reel_counter: null

2019-08-24 12:54:55 - [TEST_STEP][PASSED] - println("reel 3 wild found: " + free_spin_reel_counter[0]): null

2019-08-24 12:54:55 - [TEST_STEP][PASSED] - println("reel 4 wild found: " + free_spin_reel_counter[1]): null

2019-08-24 12:54:55 - [TEST_STEP][PASSED] - println("reel 5 wild found: " + free_spin_reel_counter[2]): null

2019-08-24 12:54:55 - [TEST_STEP][PASSED] - M4_spin_reels = M4_spin_reels: null

2019-08-24 12:54:55 - [TEST_STEP][PASSED] - M4_spin_reels_symbols = symbol: null

2019-08-24 12:54:55 - [TEST_STEP][PASSED] - M4_spin_reels_symbols = M4_spin_reels_symbols: null

2019-08-24 12:54:55 - [TEST_STEP][PASSED] - M4_spin_reel_wins = reel_wins: null

2019-08-24 12:54:55 - [TEST_STEP][PASSED] - M4_spin_reel_wins = M4_spin_reel_wins: null

2019-08-24 12:54:55 - [TEST_STEP][PASSED] - println("GlobalVariable.M4_spin_reel_wins is: " + M4_spin_reel_wins): null

2019-08-24 12:54:55 - [TEST_STEP][PASSED] - M4_spin_total_bonus_win_this_round = total_bonus_win_this_round: null

2019-08-24 12:54:55 - [TEST_STEP][PASSED] - M4_spin_total_bonus_win_this_round = M4_spin_total_bonus_win_this_round: null

2019-08-24 12:54:55 - [TEST_STEP][PASSED] - println("GlobalVariable.M4_spin_total_bonus_win_this_round is: " + M4_spin_total_bonus_win_this_round): null

2019-08-24 12:54:55 - [TEST_STEP][PASSED] - M4_spin_bonus_spin_result = spin_result: null

2019-08-24 12:54:55 - [TEST_STEP][PASSED] - M4_spin_bonus_spin_result = M4_spin_bonus_spin_result: null

2019-08-24 12:54:55 - [MESSAGE][PASSED] - Verify response successfully

2019-08-24 12:54:55 - [MESSAGE][PASSED] - Send request and verify the response successfully

2019-08-24 12:54:55 - [TEST_STEP][PASSED] - if (M4_total_bonus_spins_int != 0 &amp;&amp; M4_spin_reels_symbols[2].contains("WILD_Double") || M4_spin_reels_symbols[4].contains("WILD_Triple")): null

2019-08-24 12:54:55 - [TEST_STEP][PASSED] - free_spin_reel_counter = free_spin_reel_counter: null

2019-08-24 12:54:55 - [TEST_STEP][PASSED] - M4_spin_reels_symbols = M4_spin_reels_symbols: null

2019-08-24 12:54:55 - [TEST_STEP][PASSED] - M4_total_bonus_spins = M4_total_bonus_spins: null

2019-08-24 12:54:55 - [TEST_STEP][PASSED] - spin_result = sendRequestAndVerify(findTestObject("INT/RGS(M4)/1_M4_spin", ["M4_login_user_id":M4_login_user_id, "rgs_session_token":rgs_session_token, "partner":Partner])): Send request and verify the response successfully

2019-08-24 12:54:55 - [MESSAGE][INFO] - HAR: /Users/eiralee/Katalon_Script/SuperWild/Reports/20190824_124242/INT/superWild_4/20190824_124242/requests/main/217.har

2019-08-24 12:54:55 - [TEST_CASE][PASSED] - Start Test Case : Verification: Verification accomplished successfully

2019-08-24 12:54:55 - [TEST_STEP][PASSED] - request = getInstance().getCurrentRequest(): null

2019-08-24 12:54:55 - [TEST_STEP][PASSED] - response = getInstance().getCurrentResponse(): null

2019-08-24 12:54:55 - [TEST_STEP][PASSED] - verifyResponseStatusCode(response, 200): Verify response status code successfully

2019-08-24 12:54:55 - [MESSAGE][PASSED] - Verify response status code successfully

2019-08-24 12:54:55 - [TEST_STEP][PASSED] - getStatusCode()).isEqualTo(200): null

2019-08-24 12:54:55 - [TEST_STEP][PASSED] - newline = System.getProperty("line.separator"): null

2019-08-24 12:54:55 - [TEST_STEP][PASSED] - M4_spin = new groovy.json.JsonSlurper(): null

2019-08-24 12:54:55 - [TEST_STEP][PASSED] - result_M4_spin = M4_spin.parseText(response.getResponseBodyContent()): null

2019-08-24 12:54:55 - [TEST_STEP][PASSED] - M4_spin_current_balance = current_balance: null

2019-08-24 12:54:55 - [TEST_STEP][PASSED] - M4_spin_current_balance = M4_spin_current_balance: null

2019-08-24 12:54:55 - [TEST_STEP][PASSED] - M4_spin_transaction_id = causality: null

2019-08-24 12:54:55 - [TEST_STEP][PASSED] - M4_spin_transaction_id = M4_spin_transaction_id: null

2019-08-24 12:54:55 - [TEST_STEP][PASSED] - M4_spin_round_id = round_id: null

2019-08-24 12:54:55 - [TEST_STEP][PASSED] - M4_spin_round_id = M4_spin_round_id: null

2019-08-24 12:54:55 - [TEST_STEP][PASSED] - M4_spin_line_wins = line_wins: null

2019-08-24 12:54:55 - [TEST_STEP][PASSED] - M4_spin_line_wins = M4_spin_line_wins: null

2019-08-24 12:54:55 - [TEST_STEP][PASSED] - M4_total_bonus_spins_int = total_bonus_spins: null

2019-08-24 12:54:55 - [TEST_STEP][PASSED] - println("******M4_total_bonus_spins type is:*******" + newline + getClass().getName()): null

2019-08-24 12:54:55 - [TEST_STEP][PASSED] - M4_total_bonus_spins_int = M4_total_bonus_spins_int: null

2019-08-24 12:54:55 - [TEST_STEP][PASSED] - M4_total_bonus_spins = Integer.toString(M4_total_bonus_spins_int): null

2019-08-24 12:54:55 - [TEST_STEP][PASSED] - M4_total_bonus_spins = M4_total_bonus_spins: null

2019-08-24 12:54:55 - [TEST_STEP][PASSED] - println("M4_total_bonus_spins is:" + M4_total_bonus_spins): null

2019-08-24 12:54:55 - [TEST_STEP][PASSED] - M4_spin_bonus_data = bonus_data: null

2019-08-24 12:54:55 - [TEST_STEP][PASSED] - M4_spin_features_triggered = result_M4_spin: null

2019-08-24 12:54:55 - [TEST_STEP][PASSED] - wild = []: null

2019-08-24 12:54:55 - [TEST_STEP][PASSED] - wild[0] = "WILD_Expanding": null

2019-08-24 12:54:55 - [TEST_STEP][PASSED] - wild[1] = "WILD_Normal": null

2019-08-24 12:54:55 - [TEST_STEP][PASSED] - wild[2] = "WILD_Double": null

2019-08-24 12:54:55 - [TEST_STEP][PASSED] - wild[3] = "WILD_ExtraFG": null

2019-08-24 12:54:55 - [TEST_STEP][PASSED] - wild[4] = "WILD_Triple": null

2019-08-24 12:54:55 - [TEST_STEP][PASSED] - wildList = Arrays.asList(wild): null

2019-08-24 12:54:55 - [TEST_STEP][PASSED] - wildList = wildList: null

2019-08-24 12:54:55 - [TEST_STEP][PASSED] - free_spin_reel_counter = []: null

2019-08-24 12:54:55 - [TEST_STEP][PASSED] - free_spin_reel_counter[0] = 0: null

2019-08-24 12:54:55 - [TEST_STEP][PASSED] - free_spin_reel_counter[1] = 0: null

2019-08-24 12:54:55 - [TEST_STEP][PASSED] - free_spin_reel_counter[2] = 0: null

2019-08-24 12:54:55 - [TEST_STEP][PASSED] - M4_spin_reels = reels: null

2019-08-24 12:54:55 - [TEST_STEP][PASSED] - for ([i = 0, i &lt; M4_spin_reels.size(), (i++)]): null

2019-08-24 12:54:55 - [TEST_STEP][PASSED] - symbols = symbols: null

2019-08-24 12:54:55 - [TEST_STEP][PASSED] - for ([j = 0, j &lt; symbols.size(), (j++)]): null

2019-08-24 12:54:55 - [TEST_STEP][PASSED] - symbol = symbol: null

2019-08-24 12:54:55 - [TEST_STEP][PASSED] - println(symbol): null

2019-08-24 12:54:55 - [TEST_STEP][PASSED] - if (i == 2 &amp;&amp; wildList.indexOf(symbol) != -1): null

2019-08-24 12:54:55 - [TEST_STEP][PASSED] - if (i == 3 &amp;&amp; wildList.indexOf(symbol) != -1): null

2019-08-24 12:54:55 - [TEST_STEP][PASSED] - if (i == 4 &amp;&amp; wildList.indexOf(symbol) != -1): null

2019-08-24 12:54:55 - [TEST_STEP][PASSED] - symbol = symbol: null

2019-08-24 12:54:55 - [TEST_STEP][PASSED] - println(symbol): null

2019-08-24 12:54:55 - [TEST_STEP][PASSED] - if (i == 2 &amp;&amp; wildList.indexOf(symbol) != -1): null

2019-08-24 12:54:55 - [TEST_STEP][PASSED] - if (i == 3 &amp;&amp; wildList.indexOf(symbol) != -1): null

2019-08-24 12:54:55 - [TEST_STEP][PASSED] - if (i == 4 &amp;&amp; wildList.indexOf(symbol) != -1): null

2019-08-24 12:54:55 - [TEST_STEP][PASSED] - symbol = symbol: null

2019-08-24 12:54:55 - [TEST_STEP][PASSED] - println(symbol): null

2019-08-24 12:54:55 - [TEST_STEP][PASSED] - if (i == 2 &amp;&amp; wildList.indexOf(symbol) != -1): null

2019-08-24 12:54:55 - [TEST_STEP][PASSED] - if (i == 3 &amp;&amp; wildList.indexOf(symbol) != -1): null

2019-08-24 12:54:55 - [TEST_STEP][PASSED] - if (i == 4 &amp;&amp; wildList.indexOf(symbol) != -1): null

2019-08-24 12:54:55 - [TEST_STEP][PASSED] - symbols = symbols: null

2019-08-24 12:54:55 - [TEST_STEP][PASSED] - for ([j = 0, j &lt; symbols.size(), (j++)]): null

2019-08-24 12:54:55 - [TEST_STEP][PASSED] - symbol = symbol: null

2019-08-24 12:54:55 - [TEST_STEP][PASSED] - println(symbol): null

2019-08-24 12:54:55 - [TEST_STEP][PASSED] - if (i == 2 &amp;&amp; wildList.indexOf(symbol) != -1): null

2019-08-24 12:54:55 - [TEST_STEP][PASSED] - if (i == 3 &amp;&amp; wildList.indexOf(symbol) != -1): null

2019-08-24 12:54:55 - [TEST_STEP][PASSED] - if (i == 4 &amp;&amp; wildList.indexOf(symbol) != -1): null

2019-08-24 12:54:55 - [TEST_STEP][PASSED] - symbol = symbol: null

2019-08-24 12:54:55 - [TEST_STEP][PASSED] - println(symbol): null

2019-08-24 12:54:55 - [TEST_STEP][PASSED] - if (i == 2 &amp;&amp; wildList.indexOf(symbol) != -1): null

2019-08-24 12:54:55 - [TEST_STEP][PASSED] - if (i == 3 &amp;&amp; wildList.indexOf(symbol) != -1): null

2019-08-24 12:54:55 - [TEST_STEP][PASSED] - if (i == 4 &amp;&amp; wildList.indexOf(symbol) != -1): null

2019-08-24 12:54:55 - [TEST_STEP][PASSED] - symbol = symbol: null

2019-08-24 12:54:55 - [TEST_STEP][PASSED] - println(symbol): null

2019-08-24 12:54:55 - [TEST_STEP][PASSED] - if (i == 2 &amp;&amp; wildList.indexOf(symbol) != -1): null

2019-08-24 12:54:55 - [TEST_STEP][PASSED] - if (i == 3 &amp;&amp; wildList.indexOf(symbol) != -1): null

2019-08-24 12:54:55 - [TEST_STEP][PASSED] - if (i == 4 &amp;&amp; wildList.indexOf(symbol) != -1): null

2019-08-24 12:54:55 - [TEST_STEP][PASSED] - symbols = symbols: null

2019-08-24 12:54:55 - [TEST_STEP][PASSED] - for ([j = 0, j &lt; symbols.size(), (j++)]): null

2019-08-24 12:54:55 - [TEST_STEP][PASSED] - symbol = symbol: null

2019-08-24 12:54:55 - [TEST_STEP][PASSED] - println(symbol): null

2019-08-24 12:54:55 - [TEST_STEP][PASSED] - if (i == 2 &amp;&amp; wildList.indexOf(symbol) != -1): null

2019-08-24 12:54:55 - [TEST_STEP][PASSED] - if (i == 3 &amp;&amp; wildList.indexOf(symbol) != -1): null

2019-08-24 12:54:55 - [TEST_STEP][PASSED] - if (i == 4 &amp;&amp; wildList.indexOf(symbol) != -1): null

2019-08-24 12:54:55 - [TEST_STEP][PASSED] - symbol = symbol: null

2019-08-24 12:54:55 - [TEST_STEP][PASSED] - println(symbol): null

2019-08-24 12:54:55 - [TEST_STEP][PASSED] - if (i == 2 &amp;&amp; wildList.indexOf(symbol) != -1): null

2019-08-24 12:54:55 - [TEST_STEP][PASSED] - if (i == 3 &amp;&amp; wildList.indexOf(symbol) != -1): null

2019-08-24 12:54:55 - [TEST_STEP][PASSED] - if (i == 4 &amp;&amp; wildList.indexOf(symbol) != -1): null

2019-08-24 12:54:55 - [TEST_STEP][PASSED] - symbol = symbol: null

2019-08-24 12:54:55 - [TEST_STEP][PASSED] - println(symbol): null

2019-08-24 12:54:55 - [TEST_STEP][PASSED] - if (i == 2 &amp;&amp; wildList.indexOf(symbol) != -1): null

2019-08-24 12:54:55 - [TEST_STEP][PASSED] - println("wild found on reel 3, adding counter by 1"): null

2019-08-24 12:54:55 - [TEST_STEP][PASSED] - free_spin_reel_counter[0] = free_spin_reel_counter[0] + 1: null

2019-08-24 12:54:55 - [TEST_STEP][PASSED] - if (i == 3 &amp;&amp; wildList.indexOf(symbol) != -1): null

2019-08-24 12:54:55 - [TEST_STEP][PASSED] - if (i == 4 &amp;&amp; wildList.indexOf(symbol) != -1): null

2019-08-24 12:54:55 - [TEST_STEP][PASSED] - symbols = symbols: null

2019-08-24 12:54:55 - [TEST_STEP][PASSED] - for ([j = 0, j &lt; symbols.size(), (j++)]): null

2019-08-24 12:54:55 - [TEST_STEP][PASSED] - symbol = symbol: null

2019-08-24 12:54:55 - [TEST_STEP][PASSED] - println(symbol): null

2019-08-24 12:54:55 - [TEST_STEP][PASSED] - if (i == 2 &amp;&amp; wildList.indexOf(symbol) != -1): null

2019-08-24 12:54:55 - [TEST_STEP][PASSED] - if (i == 3 &amp;&amp; wildList.indexOf(symbol) != -1): null

2019-08-24 12:54:55 - [TEST_STEP][PASSED] - if (i == 4 &amp;&amp; wildList.indexOf(symbol) != -1): null

2019-08-24 12:54:55 - [TEST_STEP][PASSED] - symbol = symbol: null

2019-08-24 12:54:55 - [TEST_STEP][PASSED] - println(symbol): null

2019-08-24 12:54:55 - [TEST_STEP][PASSED] - if (i == 2 &amp;&amp; wildList.indexOf(symbol) != -1): null

2019-08-24 12:54:55 - [TEST_STEP][PASSED] - if (i == 3 &amp;&amp; wildList.indexOf(symbol) != -1): null

2019-08-24 12:54:55 - [TEST_STEP][PASSED] - if (i == 4 &amp;&amp; wildList.indexOf(symbol) != -1): null

2019-08-24 12:54:55 - [TEST_STEP][PASSED] - symbol = symbol: null

2019-08-24 12:54:55 - [TEST_STEP][PASSED] - println(symbol): null

2019-08-24 12:54:55 - [TEST_STEP][PASSED] - if (i == 2 &amp;&amp; wildList.indexOf(symbol) != -1): null

2019-08-24 12:54:55 - [TEST_STEP][PASSED] - if (i == 3 &amp;&amp; wildList.indexOf(symbol) != -1): null

2019-08-24 12:54:55 - [TEST_STEP][PASSED] - if (i == 4 &amp;&amp; wildList.indexOf(symbol) != -1): null

2019-08-24 12:54:55 - [TEST_STEP][PASSED] - symbols = symbols: null

2019-08-24 12:54:55 - [TEST_STEP][PASSED] - for ([j = 0, j &lt; symbols.size(), (j++)]): null

2019-08-24 12:54:55 - [TEST_STEP][PASSED] - symbol = symbol: null

2019-08-24 12:54:55 - [TEST_STEP][PASSED] - println(symbol): null

2019-08-24 12:54:55 - [TEST_STEP][PASSED] - if (i == 2 &amp;&amp; wildList.indexOf(symbol) != -1): null

2019-08-24 12:54:55 - [TEST_STEP][PASSED] - if (i == 3 &amp;&amp; wildList.indexOf(symbol) != -1): null

2019-08-24 12:54:55 - [TEST_STEP][PASSED] - if (i == 4 &amp;&amp; wildList.indexOf(symbol) != -1): null

2019-08-24 12:54:55 - [TEST_STEP][PASSED] - symbol = symbol: null

2019-08-24 12:54:55 - [TEST_STEP][PASSED] - println(symbol): null

2019-08-24 12:54:55 - [TEST_STEP][PASSED] - if (i == 2 &amp;&amp; wildList.indexOf(symbol) != -1): null

2019-08-24 12:54:55 - [TEST_STEP][PASSED] - if (i == 3 &amp;&amp; wildList.indexOf(symbol) != -1): null

2019-08-24 12:54:55 - [TEST_STEP][PASSED] - if (i == 4 &amp;&amp; wildList.indexOf(symbol) != -1): null

2019-08-24 12:54:55 - [TEST_STEP][PASSED] - symbol = symbol: null

2019-08-24 12:54:55 - [TEST_STEP][PASSED] - println(symbol): null

2019-08-24 12:54:55 - [TEST_STEP][PASSED] - if (i == 2 &amp;&amp; wildList.indexOf(symbol) != -1): null

2019-08-24 12:54:55 - [TEST_STEP][PASSED] - if (i == 3 &amp;&amp; wildList.indexOf(symbol) != -1): null

2019-08-24 12:54:55 - [TEST_STEP][PASSED] - if (i == 4 &amp;&amp; wildList.indexOf(symbol) != -1): null

2019-08-24 12:54:55 - [TEST_STEP][PASSED] - free_spin_reel_counter = free_spin_reel_counter: null

2019-08-24 12:54:55 - [TEST_STEP][PASSED] - println("reel 3 wild found: " + free_spin_reel_counter[0]): null

2019-08-24 12:54:55 - [TEST_STEP][PASSED] - println("reel 4 wild found: " + free_spin_reel_counter[1]): null

2019-08-24 12:54:55 - [TEST_STEP][PASSED] - println("reel 5 wild found: " + free_spin_reel_counter[2]): null

2019-08-24 12:54:55 - [TEST_STEP][PASSED] - M4_spin_reels = M4_spin_reels: null

2019-08-24 12:54:55 - [TEST_STEP][PASSED] - M4_spin_reels_symbols = symbol: null

2019-08-24 12:54:55 - [TEST_STEP][PASSED] - M4_spin_reels_symbols = M4_spin_reels_symbols: null

2019-08-24 12:54:55 - [TEST_STEP][PASSED] - M4_spin_reel_wins = reel_wins: null

2019-08-24 12:54:55 - [TEST_STEP][PASSED] - M4_spin_reel_wins = M4_spin_reel_wins: null

2019-08-24 12:54:55 - [TEST_STEP][PASSED] - println("GlobalVariable.M4_spin_reel_wins is: " + M4_spin_reel_wins): null

2019-08-24 12:54:55 - [TEST_STEP][PASSED] - M4_spin_total_bonus_win_this_round = total_bonus_win_this_round: null

2019-08-24 12:54:55 - [TEST_STEP][PASSED] - M4_spin_total_bonus_win_this_round = M4_spin_total_bonus_win_this_round: null

2019-08-24 12:54:55 - [TEST_STEP][PASSED] - println("GlobalVariable.M4_spin_total_bonus_win_this_round is: " + M4_spin_total_bonus_win_this_round): null

2019-08-24 12:54:55 - [TEST_STEP][PASSED] - M4_spin_bonus_spin_result = spin_result: null

2019-08-24 12:54:55 - [TEST_STEP][PASSED] - M4_spin_bonus_spin_result = M4_spin_bonus_spin_result: null

2019-08-24 12:54:55 - [MESSAGE][PASSED] - Verify response successfully

2019-08-24 12:54:55 - [MESSAGE][PASSED] - Send request and verify the response successfully

2019-08-24 12:54:55 - [TEST_STEP][PASSED] - if (M4_total_bonus_spins_int != 0 &amp;&amp; M4_spin_reels_symbols[2].contains("WILD_Double") || M4_spin_reels_symbols[4].contains("WILD_Triple")): null

2019-08-24 12:54:55 - [TEST_STEP][PASSED] - free_spin_reel_counter = free_spin_reel_counter: null

2019-08-24 12:54:55 - [TEST_STEP][PASSED] - M4_spin_reels_symbols = M4_spin_reels_symbols: null

2019-08-24 12:54:55 - [TEST_STEP][PASSED] - M4_total_bonus_spins = M4_total_bonus_spins: null

2019-08-24 12:54:55 - [TEST_STEP][PASSED] - spin_result = sendRequestAndVerify(findTestObject("INT/RGS(M4)/1_M4_spin", ["M4_login_user_id":M4_login_user_id, "rgs_session_token":rgs_session_token, "partner":Partner])): Send request and verify the response successfully

2019-08-24 12:54:56 - [MESSAGE][INFO] - HAR: /Users/eiralee/Katalon_Script/SuperWild/Reports/20190824_124242/INT/superWild_4/20190824_124242/requests/main/218.har

2019-08-24 12:54:56 - [TEST_CASE][PASSED] - Start Test Case : Verification: Verification accomplished successfully

2019-08-24 12:54:56 - [TEST_STEP][PASSED] - request = getInstance().getCurrentRequest(): null

2019-08-24 12:54:56 - [TEST_STEP][PASSED] - response = getInstance().getCurrentResponse(): null

2019-08-24 12:54:56 - [TEST_STEP][PASSED] - verifyResponseStatusCode(response, 200): Verify response status code successfully

2019-08-24 12:54:56 - [MESSAGE][PASSED] - Verify response status code successfully

2019-08-24 12:54:56 - [TEST_STEP][PASSED] - getStatusCode()).isEqualTo(200): null

2019-08-24 12:54:56 - [TEST_STEP][PASSED] - newline = System.getProperty("line.separator"): null

2019-08-24 12:54:56 - [TEST_STEP][PASSED] - M4_spin = new groovy.json.JsonSlurper(): null

2019-08-24 12:54:56 - [TEST_STEP][PASSED] - result_M4_spin = M4_spin.parseText(response.getResponseBodyContent()): null

2019-08-24 12:54:56 - [TEST_STEP][PASSED] - M4_spin_current_balance = current_balance: null

2019-08-24 12:54:56 - [TEST_STEP][PASSED] - M4_spin_current_balance = M4_spin_current_balance: null

2019-08-24 12:54:56 - [TEST_STEP][PASSED] - M4_spin_transaction_id = causality: null

2019-08-24 12:54:56 - [TEST_STEP][PASSED] - M4_spin_transaction_id = M4_spin_transaction_id: null

2019-08-24 12:54:56 - [TEST_STEP][PASSED] - M4_spin_round_id = round_id: null

2019-08-24 12:54:56 - [TEST_STEP][PASSED] - M4_spin_round_id = M4_spin_round_id: null

2019-08-24 12:54:56 - [TEST_STEP][PASSED] - M4_spin_line_wins = line_wins: null

2019-08-24 12:54:56 - [TEST_STEP][PASSED] - M4_spin_line_wins = M4_spin_line_wins: null

2019-08-24 12:54:56 - [TEST_STEP][PASSED] - M4_total_bonus_spins_int = total_bonus_spins: null

2019-08-24 12:54:56 - [TEST_STEP][PASSED] - println("******M4_total_bonus_spins type is:*******" + newline + getClass().getName()): null

2019-08-24 12:54:56 - [TEST_STEP][PASSED] - M4_total_bonus_spins_int = M4_total_bonus_spins_int: null

2019-08-24 12:54:56 - [TEST_STEP][PASSED] - M4_total_bonus_spins = Integer.toString(M4_total_bonus_spins_int): null

2019-08-24 12:54:56 - [TEST_STEP][PASSED] - M4_total_bonus_spins = M4_total_bonus_spins: null

2019-08-24 12:54:56 - [TEST_STEP][PASSED] - println("M4_total_bonus_spins is:" + M4_total_bonus_spins): null

2019-08-24 12:54:56 - [TEST_STEP][PASSED] - M4_spin_bonus_data = bonus_data: null

2019-08-24 12:54:56 - [TEST_STEP][PASSED] - M4_spin_features_triggered = result_M4_spin: null

2019-08-24 12:54:56 - [TEST_STEP][PASSED] - wild = []: null

2019-08-24 12:54:56 - [TEST_STEP][PASSED] - wild[0] = "WILD_Expanding": null

2019-08-24 12:54:56 - [TEST_STEP][PASSED] - wild[1] = "WILD_Normal": null

2019-08-24 12:54:56 - [TEST_STEP][PASSED] - wild[2] = "WILD_Double": null

2019-08-24 12:54:56 - [TEST_STEP][PASSED] - wild[3] = "WILD_ExtraFG": null

2019-08-24 12:54:56 - [TEST_STEP][PASSED] - wild[4] = "WILD_Triple": null

2019-08-24 12:54:56 - [TEST_STEP][PASSED] - wildList = Arrays.asList(wild): null

2019-08-24 12:54:56 - [TEST_STEP][PASSED] - wildList = wildList: null

2019-08-24 12:54:56 - [TEST_STEP][PASSED] - free_spin_reel_counter = []: null

2019-08-24 12:54:56 - [TEST_STEP][PASSED] - free_spin_reel_counter[0] = 0: null

2019-08-24 12:54:56 - [TEST_STEP][PASSED] - free_spin_reel_counter[1] = 0: null

2019-08-24 12:54:56 - [TEST_STEP][PASSED] - free_spin_reel_counter[2] = 0: null

2019-08-24 12:54:56 - [TEST_STEP][PASSED] - M4_spin_reels = reels: null

2019-08-24 12:54:56 - [TEST_STEP][PASSED] - for ([i = 0, i &lt; M4_spin_reels.size(), (i++)]): null

2019-08-24 12:54:56 - [TEST_STEP][PASSED] - symbols = symbols: null

2019-08-24 12:54:56 - [TEST_STEP][PASSED] - for ([j = 0, j &lt; symbols.size(), (j++)]): null

2019-08-24 12:54:56 - [TEST_STEP][PASSED] - symbol = symbol: null

2019-08-24 12:54:56 - [TEST_STEP][PASSED] - println(symbol): null

2019-08-24 12:54:56 - [TEST_STEP][PASSED] - if (i == 2 &amp;&amp; wildList.indexOf(symbol) != -1): null

2019-08-24 12:54:56 - [TEST_STEP][PASSED] - if (i == 3 &amp;&amp; wildList.indexOf(symbol) != -1): null

2019-08-24 12:54:56 - [TEST_STEP][PASSED] - if (i == 4 &amp;&amp; wildList.indexOf(symbol) != -1): null

2019-08-24 12:54:56 - [TEST_STEP][PASSED] - symbol = symbol: null

2019-08-24 12:54:56 - [TEST_STEP][PASSED] - println(symbol): null

2019-08-24 12:54:56 - [TEST_STEP][PASSED] - if (i == 2 &amp;&amp; wildList.indexOf(symbol) != -1): null

2019-08-24 12:54:56 - [TEST_STEP][PASSED] - if (i == 3 &amp;&amp; wildList.indexOf(symbol) != -1): null

2019-08-24 12:54:56 - [TEST_STEP][PASSED] - if (i == 4 &amp;&amp; wildList.indexOf(symbol) != -1): null

2019-08-24 12:54:56 - [TEST_STEP][PASSED] - symbol = symbol: null

2019-08-24 12:54:56 - [TEST_STEP][PASSED] - println(symbol): null

2019-08-24 12:54:56 - [TEST_STEP][PASSED] - if (i == 2 &amp;&amp; wildList.indexOf(symbol) != -1): null

2019-08-24 12:54:56 - [TEST_STEP][PASSED] - if (i == 3 &amp;&amp; wildList.indexOf(symbol) != -1): null

2019-08-24 12:54:56 - [TEST_STEP][PASSED] - if (i == 4 &amp;&amp; wildList.indexOf(symbol) != -1): null

2019-08-24 12:54:56 - [TEST_STEP][PASSED] - symbols = symbols: null

2019-08-24 12:54:56 - [TEST_STEP][PASSED] - for ([j = 0, j &lt; symbols.size(), (j++)]): null

2019-08-24 12:54:56 - [TEST_STEP][PASSED] - symbol = symbol: null

2019-08-24 12:54:56 - [TEST_STEP][PASSED] - println(symbol): null

2019-08-24 12:54:56 - [TEST_STEP][PASSED] - if (i == 2 &amp;&amp; wildList.indexOf(symbol) != -1): null

2019-08-24 12:54:56 - [TEST_STEP][PASSED] - if (i == 3 &amp;&amp; wildList.indexOf(symbol) != -1): null

2019-08-24 12:54:56 - [TEST_STEP][PASSED] - if (i == 4 &amp;&amp; wildList.indexOf(symbol) != -1): null

2019-08-24 12:54:56 - [TEST_STEP][PASSED] - symbol = symbol: null

2019-08-24 12:54:56 - [TEST_STEP][PASSED] - println(symbol): null

2019-08-24 12:54:56 - [TEST_STEP][PASSED] - if (i == 2 &amp;&amp; wildList.indexOf(symbol) != -1): null

2019-08-24 12:54:56 - [TEST_STEP][PASSED] - if (i == 3 &amp;&amp; wildList.indexOf(symbol) != -1): null

2019-08-24 12:54:56 - [TEST_STEP][PASSED] - if (i == 4 &amp;&amp; wildList.indexOf(symbol) != -1): null

2019-08-24 12:54:56 - [TEST_STEP][PASSED] - symbol = symbol: null

2019-08-24 12:54:56 - [TEST_STEP][PASSED] - println(symbol): null

2019-08-24 12:54:56 - [TEST_STEP][PASSED] - if (i == 2 &amp;&amp; wildList.indexOf(symbol) != -1): null

2019-08-24 12:54:56 - [TEST_STEP][PASSED] - if (i == 3 &amp;&amp; wildList.indexOf(symbol) != -1): null

2019-08-24 12:54:56 - [TEST_STEP][PASSED] - if (i == 4 &amp;&amp; wildList.indexOf(symbol) != -1): null

2019-08-24 12:54:56 - [TEST_STEP][PASSED] - symbols = symbols: null

2019-08-24 12:54:56 - [TEST_STEP][PASSED] - for ([j = 0, j &lt; symbols.size(), (j++)]): null

2019-08-24 12:54:56 - [TEST_STEP][PASSED] - symbol = symbol: null

2019-08-24 12:54:56 - [TEST_STEP][PASSED] - println(symbol): null

2019-08-24 12:54:56 - [TEST_STEP][PASSED] - if (i == 2 &amp;&amp; wildList.indexOf(symbol) != -1): null

2019-08-24 12:54:56 - [TEST_STEP][PASSED] - if (i == 3 &amp;&amp; wildList.indexOf(symbol) != -1): null

2019-08-24 12:54:56 - [TEST_STEP][PASSED] - if (i == 4 &amp;&amp; wildList.indexOf(symbol) != -1): null

2019-08-24 12:54:56 - [TEST_STEP][PASSED] - symbol = symbol: null

2019-08-24 12:54:56 - [TEST_STEP][PASSED] - println(symbol): null

2019-08-24 12:54:56 - [TEST_STEP][PASSED] - if (i == 2 &amp;&amp; wildList.indexOf(symbol) != -1): null

2019-08-24 12:54:56 - [TEST_STEP][PASSED] - if (i == 3 &amp;&amp; wildList.indexOf(symbol) != -1): null

2019-08-24 12:54:56 - [TEST_STEP][PASSED] - if (i == 4 &amp;&amp; wildList.indexOf(symbol) != -1): null

2019-08-24 12:54:56 - [TEST_STEP][PASSED] - symbol = symbol: null

2019-08-24 12:54:56 - [TEST_STEP][PASSED] - println(symbol): null

2019-08-24 12:54:56 - [TEST_STEP][PASSED] - if (i == 2 &amp;&amp; wildList.indexOf(symbol) != -1): null

2019-08-24 12:54:56 - [TEST_STEP][PASSED] - if (i == 3 &amp;&amp; wildList.indexOf(symbol) != -1): null

2019-08-24 12:54:56 - [TEST_STEP][PASSED] - if (i == 4 &amp;&amp; wildList.indexOf(symbol) != -1): null

2019-08-24 12:54:56 - [TEST_STEP][PASSED] - symbols = symbols: null

2019-08-24 12:54:56 - [TEST_STEP][PASSED] - for ([j = 0, j &lt; symbols.size(), (j++)]): null

2019-08-24 12:54:56 - [TEST_STEP][PASSED] - symbol = symbol: null

2019-08-24 12:54:56 - [TEST_STEP][PASSED] - println(symbol): null

2019-08-24 12:54:56 - [TEST_STEP][PASSED] - if (i == 2 &amp;&amp; wildList.indexOf(symbol) != -1): null

2019-08-24 12:55:00 - [TEST_STEP][PASSED] - if (i == 3 &amp;&amp; wildList.indexOf(symbol) != -1): null

2019-08-24 12:55:00 - [TEST_STEP][PASSED] - if (i == 4 &amp;&amp; wildList.indexOf(symbol) != -1): null

2019-08-24 12:55:00 - [TEST_STEP][PASSED] - symbol = symbol: null

2019-08-24 12:55:00 - [TEST_STEP][PASSED] - println(symbol): null

2019-08-24 12:55:00 - [TEST_STEP][PASSED] - if (i == 2 &amp;&amp; wildList.indexOf(symbol) != -1): null

2019-08-24 12:55:00 - [TEST_STEP][PASSED] - if (i == 3 &amp;&amp; wildList.indexOf(symbol) != -1): null

2019-08-24 12:55:00 - [TEST_STEP][PASSED] - if (i == 4 &amp;&amp; wildList.indexOf(symbol) != -1): null

2019-08-24 12:55:00 - [TEST_STEP][PASSED] - symbol = symbol: null

2019-08-24 12:55:00 - [TEST_STEP][PASSED] - println(symbol): null

2019-08-24 12:55:00 - [TEST_STEP][PASSED] - if (i == 2 &amp;&amp; wildList.indexOf(symbol) != -1): null

2019-08-24 12:55:03 - [TEST_STEP][PASSED] - if (i == 3 &amp;&amp; wildList.indexOf(symbol) != -1): null

2019-08-24 12:55:03 - [TEST_STEP][PASSED] - if (i == 4 &amp;&amp; wildList.indexOf(symbol) != -1): null

2019-08-24 12:55:03 - [TEST_STEP][PASSED] - symbols = symbols: null

2019-08-24 12:55:03 - [TEST_STEP][PASSED] - for ([j = 0, j &lt; symbols.size(), (j++)]): null

2019-08-24 12:55:03 - [TEST_STEP][PASSED] - symbol = symbol: null

2019-08-24 12:55:03 - [TEST_STEP][PASSED] - println(symbol): null

2019-08-24 12:55:03 - [TEST_STEP][PASSED] - if (i == 2 &amp;&amp; wildList.indexOf(symbol) != -1): null

2019-08-24 12:55:03 - [TEST_STEP][PASSED] - if (i == 3 &amp;&amp; wildList.indexOf(symbol) != -1): null

2019-08-24 12:55:03 - [TEST_STEP][PASSED] - if (i == 4 &amp;&amp; wildList.indexOf(symbol) != -1): null

2019-08-24 12:55:03 - [TEST_STEP][PASSED] - symbol = symbol: null

2019-08-24 12:55:03 - [TEST_STEP][PASSED] - println(symbol): null

2019-08-24 12:55:03 - [TEST_STEP][PASSED] - if (i == 2 &amp;&amp; wildList.indexOf(symbol) != -1): null

2019-08-24 12:55:03 - [TEST_STEP][PASSED] - if (i == 3 &amp;&amp; wildList.indexOf(symbol) != -1): null

2019-08-24 12:55:03 - [TEST_STEP][PASSED] - if (i == 4 &amp;&amp; wildList.indexOf(symbol) != -1): null

2019-08-24 12:55:03 - [TEST_STEP][PASSED] - symbol = symbol: null

2019-08-24 12:55:03 - [TEST_STEP][PASSED] - println(symbol): null

2019-08-24 12:55:03 - [TEST_STEP][PASSED] - if (i == 2 &amp;&amp; wildList.indexOf(symbol) != -1): null

2019-08-24 12:55:03 - [TEST_STEP][PASSED] - if (i == 3 &amp;&amp; wildList.indexOf(symbol) != -1): null

2019-08-24 12:55:03 - [TEST_STEP][PASSED] - if (i == 4 &amp;&amp; wildList.indexOf(symbol) != -1): null

2019-08-24 12:55:03 - [TEST_STEP][PASSED] - println("wild found on reel 5, adding counter by 1"): null

2019-08-24 12:55:03 - [TEST_STEP][PASSED] - free_spin_reel_counter[2] = free_spin_reel_counter[2] + 1: null

2019-08-24 12:55:03 - [TEST_STEP][PASSED] - free_spin_reel_counter = free_spin_reel_counter: null

2019-08-24 12:55:03 - [TEST_STEP][PASSED] - println("reel 3 wild found: " + free_spin_reel_counter[0]): null

2019-08-24 12:55:03 - [TEST_STEP][PASSED] - println("reel 4 wild found: " + free_spin_reel_counter[1]): null

2019-08-24 12:55:03 - [TEST_STEP][PASSED] - println("reel 5 wild found: " + free_spin_reel_counter[2]): null

2019-08-24 12:55:03 - [TEST_STEP][PASSED] - M4_spin_reels = M4_spin_reels: null

2019-08-24 12:55:03 - [TEST_STEP][PASSED] - M4_spin_reels_symbols = symbol: null

2019-08-24 12:55:03 - [TEST_STEP][PASSED] - M4_spin_reels_symbols = M4_spin_reels_symbols: null

2019-08-24 12:55:03 - [TEST_STEP][PASSED] - M4_spin_reel_wins = reel_wins: null

2019-08-24 12:55:03 - [TEST_STEP][PASSED] - M4_spin_reel_wins = M4_spin_reel_wins: null

2019-08-24 12:55:03 - [TEST_STEP][PASSED] - println("GlobalVariable.M4_spin_reel_wins is: " + M4_spin_reel_wins): null

2019-08-24 12:55:03 - [TEST_STEP][PASSED] - M4_spin_total_bonus_win_this_round = total_bonus_win_this_round: null

2019-08-24 12:55:03 - [TEST_STEP][PASSED] - M4_spin_total_bonus_win_this_round = M4_spin_total_bonus_win_this_round: null

2019-08-24 12:55:03 - [TEST_STEP][PASSED] - println("GlobalVariable.M4_spin_total_bonus_win_this_round is: " + M4_spin_total_bonus_win_this_round): null

2019-08-24 12:55:03 - [TEST_STEP][PASSED] - M4_spin_bonus_spin_result = spin_result: null

2019-08-24 12:55:03 - [TEST_STEP][PASSED] - M4_spin_bonus_spin_result = M4_spin_bonus_spin_result: null

2019-08-24 12:55:03 - [MESSAGE][PASSED] - Verify response successfully

2019-08-24 12:55:03 - [MESSAGE][PASSED] - Send request and verify the response successfully

2019-08-24 12:55:03 - [TEST_STEP][PASSED] - if (M4_total_bonus_spins_int != 0 &amp;&amp; M4_spin_reels_symbols[2].contains("WILD_Double") || M4_spin_reels_symbols[4].contains("WILD_Triple")): null

2019-08-24 12:55:03 - [TEST_STEP][PASSED] - free_spin_reel_counter = free_spin_reel_counter: null

2019-08-24 12:55:03 - [TEST_STEP][PASSED] - M4_spin_reels_symbols = M4_spin_reels_symbols: null

2019-08-24 12:55:03 - [TEST_STEP][PASSED] - M4_total_bonus_spins = M4_total_bonus_spins: null

2019-08-24 12:55:03 - [TEST_STEP][PASSED] - spin_result = sendRequestAndVerify(findTestObject("INT/RGS(M4)/1_M4_spin", ["M4_login_user_id":M4_login_user_id, "rgs_session_token":rgs_session_token, "partner":Partner])): Send request and verify the response successfully

2019-08-24 12:55:03 - [MESSAGE][INFO] - HAR: /Users/eiralee/Katalon_Script/SuperWild/Reports/20190824_124242/INT/superWild_4/20190824_124242/requests/main/219.har

2019-08-24 12:55:03 - [TEST_CASE][PASSED] - Start Test Case : Verification: Verification accomplished successfully

2019-08-24 12:55:03 - [TEST_STEP][PASSED] - request = getInstance().getCurrentRequest(): null

2019-08-24 12:55:03 - [TEST_STEP][PASSED] - response = getInstance().getCurrentResponse(): null

2019-08-24 12:55:03 - [TEST_STEP][PASSED] - verifyResponseStatusCode(response, 200): Verify response status code successfully

2019-08-24 12:55:03 - [MESSAGE][PASSED] - Verify response status code successfully

2019-08-24 12:55:03 - [TEST_STEP][PASSED] - getStatusCode()).isEqualTo(200): null

2019-08-24 12:55:03 - [TEST_STEP][PASSED] - newline = System.getProperty("line.separator"): null

2019-08-24 12:55:03 - [TEST_STEP][PASSED] - M4_spin = new groovy.json.JsonSlurper(): null

2019-08-24 12:55:03 - [TEST_STEP][PASSED] - result_M4_spin = M4_spin.parseText(response.getResponseBodyContent()): null

2019-08-24 12:55:03 - [TEST_STEP][PASSED] - M4_spin_current_balance = current_balance: null

2019-08-24 12:55:03 - [TEST_STEP][PASSED] - M4_spin_current_balance = M4_spin_current_balance: null

2019-08-24 12:55:03 - [TEST_STEP][PASSED] - M4_spin_transaction_id = causality: null

2019-08-24 12:55:03 - [TEST_STEP][PASSED] - M4_spin_transaction_id = M4_spin_transaction_id: null

2019-08-24 12:55:03 - [TEST_STEP][PASSED] - M4_spin_round_id = round_id: null

2019-08-24 12:55:03 - [TEST_STEP][PASSED] - M4_spin_round_id = M4_spin_round_id: null

2019-08-24 12:55:03 - [TEST_STEP][PASSED] - M4_spin_line_wins = line_wins: null

2019-08-24 12:55:03 - [TEST_STEP][PASSED] - M4_spin_line_wins = M4_spin_line_wins: null

2019-08-24 12:55:03 - [TEST_STEP][PASSED] - M4_total_bonus_spins_int = total_bonus_spins: null

2019-08-24 12:55:03 - [TEST_STEP][PASSED] - println("******M4_total_bonus_spins type is:*******" + newline + getClass().getName()): null

2019-08-24 12:55:03 - [TEST_STEP][PASSED] - M4_total_bonus_spins_int = M4_total_bonus_spins_int: null

2019-08-24 12:55:03 - [TEST_STEP][PASSED] - M4_total_bonus_spins = Integer.toString(M4_total_bonus_spins_int): null

2019-08-24 12:55:03 - [TEST_STEP][PASSED] - M4_total_bonus_spins = M4_total_bonus_spins: null

2019-08-24 12:55:03 - [TEST_STEP][PASSED] - println("M4_total_bonus_spins is:" + M4_total_bonus_spins): null

2019-08-24 12:55:03 - [TEST_STEP][PASSED] - M4_spin_bonus_data = bonus_data: null

2019-08-24 12:55:03 - [TEST_STEP][PASSED] - M4_spin_features_triggered = result_M4_spin: null

2019-08-24 12:55:03 - [TEST_STEP][PASSED] - wild = []: null

2019-08-24 12:55:03 - [TEST_STEP][PASSED] - wild[0] = "WILD_Expanding": null

2019-08-24 12:55:03 - [TEST_STEP][PASSED] - wild[1] = "WILD_Normal": null

2019-08-24 12:55:03 - [TEST_STEP][PASSED] - wild[2] = "WILD_Double": null

2019-08-24 12:55:03 - [TEST_STEP][PASSED] - wild[3] = "WILD_ExtraFG": null

2019-08-24 12:55:03 - [TEST_STEP][PASSED] - wild[4] = "WILD_Triple": null

2019-08-24 12:55:03 - [TEST_STEP][PASSED] - wildList = Arrays.asList(wild): null

2019-08-24 12:55:03 - [TEST_STEP][PASSED] - wildList = wildList: null

2019-08-24 12:55:03 - [TEST_STEP][PASSED] - free_spin_reel_counter = []: null

2019-08-24 12:55:03 - [TEST_STEP][PASSED] - free_spin_reel_counter[0] = 0: null

2019-08-24 12:55:03 - [TEST_STEP][PASSED] - free_spin_reel_counter[1] = 0: null

2019-08-24 12:55:03 - [TEST_STEP][PASSED] - free_spin_reel_counter[2] = 0: null

2019-08-24 12:55:03 - [TEST_STEP][PASSED] - M4_spin_reels = reels: null

2019-08-24 12:55:03 - [TEST_STEP][PASSED] - for ([i = 0, i &lt; M4_spin_reels.size(), (i++)]): null

2019-08-24 12:55:03 - [TEST_STEP][PASSED] - symbols = symbols: null

2019-08-24 12:55:03 - [TEST_STEP][PASSED] - for ([j = 0, j &lt; symbols.size(), (j++)]): null

2019-08-24 12:55:03 - [TEST_STEP][PASSED] - symbol = symbol: null

2019-08-24 12:55:03 - [TEST_STEP][PASSED] - println(symbol): null

2019-08-24 12:55:03 - [TEST_STEP][PASSED] - if (i == 2 &amp;&amp; wildList.indexOf(symbol) != -1): null

2019-08-24 12:55:03 - [TEST_STEP][PASSED] - if (i == 3 &amp;&amp; wildList.indexOf(symbol) != -1): null

2019-08-24 12:55:03 - [TEST_STEP][PASSED] - if (i == 4 &amp;&amp; wildList.indexOf(symbol) != -1): null

2019-08-24 12:55:03 - [TEST_STEP][PASSED] - symbol = symbol: null

2019-08-24 12:55:03 - [TEST_STEP][PASSED] - println(symbol): null

2019-08-24 12:55:03 - [TEST_STEP][PASSED] - if (i == 2 &amp;&amp; wildList.indexOf(symbol) != -1): null

2019-08-24 12:55:03 - [TEST_STEP][PASSED] - if (i == 3 &amp;&amp; wildList.indexOf(symbol) != -1): null

2019-08-24 12:55:03 - [TEST_STEP][PASSED] - if (i == 4 &amp;&amp; wildList.indexOf(symbol) != -1): null

2019-08-24 12:55:03 - [TEST_STEP][PASSED] - symbol = symbol: null

2019-08-24 12:55:03 - [TEST_STEP][PASSED] - println(symbol): null

2019-08-24 12:55:03 - [TEST_STEP][PASSED] - if (i == 2 &amp;&amp; wildList.indexOf(symbol) != -1): null

2019-08-24 12:55:03 - [TEST_STEP][PASSED] - if (i == 3 &amp;&amp; wildList.indexOf(symbol) != -1): null

2019-08-24 12:55:03 - [TEST_STEP][PASSED] - if (i == 4 &amp;&amp; wildList.indexOf(symbol) != -1): null

2019-08-24 12:55:03 - [TEST_STEP][PASSED] - symbols = symbols: null

2019-08-24 12:55:03 - [TEST_STEP][PASSED] - for ([j = 0, j &lt; symbols.size(), (j++)]): null

2019-08-24 12:55:03 - [TEST_STEP][PASSED] - symbol = symbol: null

2019-08-24 12:55:03 - [TEST_STEP][PASSED] - println(symbol): null

2019-08-24 12:55:03 - [TEST_STEP][PASSED] - if (i == 2 &amp;&amp; wildList.indexOf(symbol) != -1): null

2019-08-24 12:55:03 - [TEST_STEP][PASSED] - if (i == 3 &amp;&amp; wildList.indexOf(symbol) != -1): null

2019-08-24 12:55:03 - [TEST_STEP][PASSED] - if (i == 4 &amp;&amp; wildList.indexOf(symbol) != -1): null

2019-08-24 12:55:03 - [TEST_STEP][PASSED] - symbol = symbol: null

2019-08-24 12:55:03 - [TEST_STEP][PASSED] - println(symbol): null

2019-08-24 12:55:03 - [TEST_STEP][PASSED] - if (i == 2 &amp;&amp; wildList.indexOf(symbol) != -1): null

2019-08-24 12:55:03 - [TEST_STEP][PASSED] - if (i == 3 &amp;&amp; wildList.indexOf(symbol) != -1): null

2019-08-24 12:55:03 - [TEST_STEP][PASSED] - if (i == 4 &amp;&amp; wildList.indexOf(symbol) != -1): null

2019-08-24 12:55:03 - [TEST_STEP][PASSED] - symbol = symbol: null

2019-08-24 12:55:03 - [TEST_STEP][PASSED] - println(symbol): null

2019-08-24 12:55:03 - [TEST_STEP][PASSED] - if (i == 2 &amp;&amp; wildList.indexOf(symbol) != -1): null

2019-08-24 12:55:03 - [TEST_STEP][PASSED] - if (i == 3 &amp;&amp; wildList.indexOf(symbol) != -1): null

2019-08-24 12:55:03 - [TEST_STEP][PASSED] - if (i == 4 &amp;&amp; wildList.indexOf(symbol) != -1): null

2019-08-24 12:55:03 - [TEST_STEP][PASSED] - symbols = symbols: null

2019-08-24 12:55:03 - [TEST_STEP][PASSED] - for ([j = 0, j &lt; symbols.size(), (j++)]): null

2019-08-24 12:55:03 - [TEST_STEP][PASSED] - symbol = symbol: null

2019-08-24 12:55:03 - [TEST_STEP][PASSED] - println(symbol): null

2019-08-24 12:55:03 - [TEST_STEP][PASSED] - if (i == 2 &amp;&amp; wildList.indexOf(symbol) != -1): null

2019-08-24 12:55:03 - [TEST_STEP][PASSED] - println("wild found on reel 3, adding counter by 1"): null

2019-08-24 12:55:03 - [TEST_STEP][PASSED] - free_spin_reel_counter[0] = free_spin_reel_counter[0] + 1: null

2019-08-24 12:55:03 - [TEST_STEP][PASSED] - if (i == 3 &amp;&amp; wildList.indexOf(symbol) != -1): null

2019-08-24 12:55:03 - [TEST_STEP][PASSED] - if (i == 4 &amp;&amp; wildList.indexOf(symbol) != -1): null

2019-08-24 12:55:03 - [TEST_STEP][PASSED] - symbol = symbol: null

2019-08-24 12:55:03 - [TEST_STEP][PASSED] - println(symbol): null

2019-08-24 12:55:03 - [TEST_STEP][PASSED] - if (i == 2 &amp;&amp; wildList.indexOf(symbol) != -1): null

2019-08-24 12:55:03 - [TEST_STEP][PASSED] - if (i == 3 &amp;&amp; wildList.indexOf(symbol) != -1): null

2019-08-24 12:55:03 - [TEST_STEP][PASSED] - if (i == 4 &amp;&amp; wildList.indexOf(symbol) != -1): null

2019-08-24 12:55:03 - [TEST_STEP][PASSED] - symbol = symbol: null

2019-08-24 12:55:03 - [TEST_STEP][PASSED] - println(symbol): null

2019-08-24 12:55:03 - [TEST_STEP][PASSED] - if (i == 2 &amp;&amp; wildList.indexOf(symbol) != -1): null

2019-08-24 12:55:03 - [TEST_STEP][PASSED] - if (i == 3 &amp;&amp; wildList.indexOf(symbol) != -1): null

2019-08-24 12:55:03 - [TEST_STEP][PASSED] - if (i == 4 &amp;&amp; wildList.indexOf(symbol) != -1): null

2019-08-24 12:55:03 - [TEST_STEP][PASSED] - symbols = symbols: null

2019-08-24 12:55:03 - [TEST_STEP][PASSED] - for ([j = 0, j &lt; symbols.size(), (j++)]): null

2019-08-24 12:55:03 - [TEST_STEP][PASSED] - symbol = symbol: null

2019-08-24 12:55:03 - [TEST_STEP][PASSED] - println(symbol): null

2019-08-24 12:55:03 - [TEST_STEP][PASSED] - if (i == 2 &amp;&amp; wildList.indexOf(symbol) != -1): null

2019-08-24 12:55:03 - [TEST_STEP][PASSED] - if (i == 3 &amp;&amp; wildList.indexOf(symbol) != -1): null

2019-08-24 12:55:03 - [TEST_STEP][PASSED] - if (i == 4 &amp;&amp; wildList.indexOf(symbol) != -1): null

2019-08-24 12:55:03 - [TEST_STEP][PASSED] - symbol = symbol: null

2019-08-24 12:55:03 - [TEST_STEP][PASSED] - println(symbol): null

2019-08-24 12:55:03 - [TEST_STEP][PASSED] - if (i == 2 &amp;&amp; wildList.indexOf(symbol) != -1): null

2019-08-24 12:55:03 - [TEST_STEP][PASSED] - if (i == 3 &amp;&amp; wildList.indexOf(symbol) != -1): null

2019-08-24 12:55:03 - [TEST_STEP][PASSED] - if (i == 4 &amp;&amp; wildList.indexOf(symbol) != -1): null

2019-08-24 12:55:03 - [TEST_STEP][PASSED] - symbol = symbol: null

2019-08-24 12:55:03 - [TEST_STEP][PASSED] - println(symbol): null

2019-08-24 12:55:03 - [TEST_STEP][PASSED] - if (i == 2 &amp;&amp; wildList.indexOf(symbol) != -1): null

2019-08-24 12:55:03 - [TEST_STEP][PASSED] - if (i == 3 &amp;&amp; wildList.indexOf(symbol) != -1): null

2019-08-24 12:55:03 - [TEST_STEP][PASSED] - if (i == 4 &amp;&amp; wildList.indexOf(symbol) != -1): null

2019-08-24 12:55:03 - [TEST_STEP][PASSED] - symbols = symbols: null

2019-08-24 12:55:03 - [TEST_STEP][PASSED] - for ([j = 0, j &lt; symbols.size(), (j++)]): null

2019-08-24 12:55:03 - [TEST_STEP][PASSED] - symbol = symbol: null

2019-08-24 12:55:03 - [TEST_STEP][PASSED] - println(symbol): null

2019-08-24 12:55:03 - [TEST_STEP][PASSED] - if (i == 2 &amp;&amp; wildList.indexOf(symbol) != -1): null

2019-08-24 12:55:03 - [TEST_STEP][PASSED] - if (i == 3 &amp;&amp; wildList.indexOf(symbol) != -1): null

2019-08-24 12:55:03 - [TEST_STEP][PASSED] - if (i == 4 &amp;&amp; wildList.indexOf(symbol) != -1): null

2019-08-24 12:55:03 - [TEST_STEP][PASSED] - symbol = symbol: null

2019-08-24 12:55:03 - [TEST_STEP][PASSED] - println(symbol): null

2019-08-24 12:55:03 - [TEST_STEP][PASSED] - if (i == 2 &amp;&amp; wildList.indexOf(symbol) != -1): null

2019-08-24 12:55:03 - [TEST_STEP][PASSED] - if (i == 3 &amp;&amp; wildList.indexOf(symbol) != -1): null

2019-08-24 12:55:03 - [TEST_STEP][PASSED] - if (i == 4 &amp;&amp; wildList.indexOf(symbol) != -1): null

2019-08-24 12:55:03 - [TEST_STEP][PASSED] - symbol = symbol: null

2019-08-24 12:55:03 - [TEST_STEP][PASSED] - println(symbol): null

2019-08-24 12:55:03 - [TEST_STEP][PASSED] - if (i == 2 &amp;&amp; wildList.indexOf(symbol) != -1): null

2019-08-24 12:55:03 - [TEST_STEP][PASSED] - if (i == 3 &amp;&amp; wildList.indexOf(symbol) != -1): null

2019-08-24 12:55:03 - [TEST_STEP][PASSED] - if (i == 4 &amp;&amp; wildList.indexOf(symbol) != -1): null

2019-08-24 12:55:03 - [TEST_STEP][PASSED] - free_spin_reel_counter = free_spin_reel_counter: null

2019-08-24 12:55:03 - [TEST_STEP][PASSED] - println("reel 3 wild found: " + free_spin_reel_counter[0]): null

2019-08-24 12:55:03 - [TEST_STEP][PASSED] - println("reel 4 wild found: " + free_spin_reel_counter[1]): null

2019-08-24 12:55:03 - [TEST_STEP][PASSED] - println("reel 5 wild found: " + free_spin_reel_counter[2]): null

2019-08-24 12:55:03 - [TEST_STEP][PASSED] - M4_spin_reels = M4_spin_reels: null

2019-08-24 12:55:03 - [TEST_STEP][PASSED] - M4_spin_reels_symbols = symbol: null

2019-08-24 12:55:03 - [TEST_STEP][PASSED] - M4_spin_reels_symbols = M4_spin_reels_symbols: null

2019-08-24 12:55:03 - [TEST_STEP][PASSED] - M4_spin_reel_wins = reel_wins: null

2019-08-24 12:55:03 - [TEST_STEP][PASSED] - M4_spin_reel_wins = M4_spin_reel_wins: null

2019-08-24 12:55:03 - [TEST_STEP][PASSED] - println("GlobalVariable.M4_spin_reel_wins is: " + M4_spin_reel_wins): null

2019-08-24 12:55:03 - [TEST_STEP][PASSED] - M4_spin_total_bonus_win_this_round = total_bonus_win_this_round: null

2019-08-24 12:55:03 - [TEST_STEP][PASSED] - M4_spin_total_bonus_win_this_round = M4_spin_total_bonus_win_this_round: null

2019-08-24 12:55:03 - [TEST_STEP][PASSED] - println("GlobalVariable.M4_spin_total_bonus_win_this_round is: " + M4_spin_total_bonus_win_this_round): null

2019-08-24 12:55:03 - [TEST_STEP][PASSED] - M4_spin_bonus_spin_result = spin_result: null

2019-08-24 12:55:03 - [TEST_STEP][PASSED] - M4_spin_bonus_spin_result = M4_spin_bonus_spin_result: null

2019-08-24 12:55:03 - [MESSAGE][PASSED] - Verify response successfully

2019-08-24 12:55:03 - [MESSAGE][PASSED] - Send request and verify the response successfully

2019-08-24 12:55:03 - [TEST_STEP][PASSED] - if (M4_total_bonus_spins_int != 0 &amp;&amp; M4_spin_reels_symbols[2].contains("WILD_Double") || M4_spin_reels_symbols[4].contains("WILD_Triple")): null

2019-08-24 12:55:03 - [TEST_STEP][PASSED] - free_spin_reel_counter = free_spin_reel_counter: null

2019-08-24 12:55:03 - [TEST_STEP][PASSED] - M4_spin_reels_symbols = M4_spin_reels_symbols: null

2019-08-24 12:55:03 - [TEST_STEP][PASSED] - M4_total_bonus_spins = M4_total_bonus_spins: null

2019-08-24 12:55:03 - [TEST_STEP][PASSED] - spin_result = sendRequestAndVerify(findTestObject("INT/RGS(M4)/1_M4_spin", ["M4_login_user_id":M4_login_user_id, "rgs_session_token":rgs_session_token, "partner":Partner])): Send request and verify the response successfully

2019-08-24 12:55:03 - [MESSAGE][INFO] - HAR: /Users/eiralee/Katalon_Script/SuperWild/Reports/20190824_124242/INT/superWild_4/20190824_124242/requests/main/220.har

2019-08-24 12:55:04 - [TEST_CASE][PASSED] - Start Test Case : Verification: Verification accomplished successfully

2019-08-24 12:55:04 - [TEST_STEP][PASSED] - request = getInstance().getCurrentRequest(): null

2019-08-24 12:55:04 - [TEST_STEP][PASSED] - response = getInstance().getCurrentResponse(): null

2019-08-24 12:55:04 - [TEST_STEP][PASSED] - verifyResponseStatusCode(response, 200): Verify response status code successfully

2019-08-24 12:55:04 - [MESSAGE][PASSED] - Verify response status code successfully

2019-08-24 12:55:04 - [TEST_STEP][PASSED] - getStatusCode()).isEqualTo(200): null

2019-08-24 12:55:04 - [TEST_STEP][PASSED] - newline = System.getProperty("line.separator"): null

2019-08-24 12:55:04 - [TEST_STEP][PASSED] - M4_spin = new groovy.json.JsonSlurper(): null

2019-08-24 12:55:04 - [TEST_STEP][PASSED] - result_M4_spin = M4_spin.parseText(response.getResponseBodyContent()): null

2019-08-24 12:55:04 - [TEST_STEP][PASSED] - M4_spin_current_balance = current_balance: null

2019-08-24 12:55:04 - [TEST_STEP][PASSED] - M4_spin_current_balance = M4_spin_current_balance: null

2019-08-24 12:55:04 - [TEST_STEP][PASSED] - M4_spin_transaction_id = causality: null

2019-08-24 12:55:04 - [TEST_STEP][PASSED] - M4_spin_transaction_id = M4_spin_transaction_id: null

2019-08-24 12:55:04 - [TEST_STEP][PASSED] - M4_spin_round_id = round_id: null

2019-08-24 12:55:04 - [TEST_STEP][PASSED] - M4_spin_round_id = M4_spin_round_id: null

2019-08-24 12:55:04 - [TEST_STEP][PASSED] - M4_spin_line_wins = line_wins: null

2019-08-24 12:55:04 - [TEST_STEP][PASSED] - M4_spin_line_wins = M4_spin_line_wins: null

2019-08-24 12:55:04 - [TEST_STEP][PASSED] - M4_total_bonus_spins_int = total_bonus_spins: null

2019-08-24 12:55:04 - [TEST_STEP][PASSED] - println("******M4_total_bonus_spins type is:*******" + newline + getClass().getName()): null

2019-08-24 12:55:04 - [TEST_STEP][PASSED] - M4_total_bonus_spins_int = M4_total_bonus_spins_int: null

2019-08-24 12:55:04 - [TEST_STEP][PASSED] - M4_total_bonus_spins = Integer.toString(M4_total_bonus_spins_int): null

2019-08-24 12:55:04 - [TEST_STEP][PASSED] - M4_total_bonus_spins = M4_total_bonus_spins: null

2019-08-24 12:55:04 - [TEST_STEP][PASSED] - println("M4_total_bonus_spins is:" + M4_total_bonus_spins): null

2019-08-24 12:55:04 - [TEST_STEP][PASSED] - M4_spin_bonus_data = bonus_data: null

2019-08-24 12:55:04 - [TEST_STEP][PASSED] - M4_spin_features_triggered = result_M4_spin: null

2019-08-24 12:55:04 - [TEST_STEP][PASSED] - wild = []: null

2019-08-24 12:55:04 - [TEST_STEP][PASSED] - wild[0] = "WILD_Expanding": null

2019-08-24 12:55:04 - [TEST_STEP][PASSED] - wild[1] = "WILD_Normal": null

2019-08-24 12:55:04 - [TEST_STEP][PASSED] - wild[2] = "WILD_Double": null

2019-08-24 12:55:04 - [TEST_STEP][PASSED] - wild[3] = "WILD_ExtraFG": null

2019-08-24 12:55:04 - [TEST_STEP][PASSED] - wild[4] = "WILD_Triple": null

2019-08-24 12:55:04 - [TEST_STEP][PASSED] - wildList = Arrays.asList(wild): null

2019-08-24 12:55:04 - [TEST_STEP][PASSED] - wildList = wildList: null

2019-08-24 12:55:04 - [TEST_STEP][PASSED] - free_spin_reel_counter = []: null

2019-08-24 12:55:04 - [TEST_STEP][PASSED] - free_spin_reel_counter[0] = 0: null

2019-08-24 12:55:04 - [TEST_STEP][PASSED] - free_spin_reel_counter[1] = 0: null

2019-08-24 12:55:04 - [TEST_STEP][PASSED] - free_spin_reel_counter[2] = 0: null

2019-08-24 12:55:04 - [TEST_STEP][PASSED] - M4_spin_reels = reels: null

2019-08-24 12:55:04 - [TEST_STEP][PASSED] - for ([i = 0, i &lt; M4_spin_reels.size(), (i++)]): null

2019-08-24 12:55:04 - [TEST_STEP][PASSED] - symbols = symbols: null

2019-08-24 12:55:04 - [TEST_STEP][PASSED] - for ([j = 0, j &lt; symbols.size(), (j++)]): null

2019-08-24 12:55:04 - [TEST_STEP][PASSED] - symbol = symbol: null

2019-08-24 12:55:04 - [TEST_STEP][PASSED] - println(symbol): null

2019-08-24 12:55:04 - [TEST_STEP][PASSED] - if (i == 2 &amp;&amp; wildList.indexOf(symbol) != -1): null

2019-08-24 12:55:04 - [TEST_STEP][PASSED] - if (i == 3 &amp;&amp; wildList.indexOf(symbol) != -1): null

2019-08-24 12:55:04 - [TEST_STEP][PASSED] - if (i == 4 &amp;&amp; wildList.indexOf(symbol) != -1): null

2019-08-24 12:55:04 - [TEST_STEP][PASSED] - symbol = symbol: null

2019-08-24 12:55:04 - [TEST_STEP][PASSED] - println(symbol): null

2019-08-24 12:55:04 - [TEST_STEP][PASSED] - if (i == 2 &amp;&amp; wildList.indexOf(symbol) != -1): null

2019-08-24 12:55:04 - [TEST_STEP][PASSED] - if (i == 3 &amp;&amp; wildList.indexOf(symbol) != -1): null

2019-08-24 12:55:04 - [TEST_STEP][PASSED] - if (i == 4 &amp;&amp; wildList.indexOf(symbol) != -1): null

2019-08-24 12:55:04 - [TEST_STEP][PASSED] - symbol = symbol: null

2019-08-24 12:55:04 - [TEST_STEP][PASSED] - println(symbol): null

2019-08-24 12:55:04 - [TEST_STEP][PASSED] - if (i == 2 &amp;&amp; wildList.indexOf(symbol) != -1): null

2019-08-24 12:55:04 - [TEST_STEP][PASSED] - if (i == 3 &amp;&amp; wildList.indexOf(symbol) != -1): null

2019-08-24 12:55:04 - [TEST_STEP][PASSED] - if (i == 4 &amp;&amp; wildList.indexOf(symbol) != -1): null

2019-08-24 12:55:04 - [TEST_STEP][PASSED] - symbols = symbols: null

2019-08-24 12:55:04 - [TEST_STEP][PASSED] - for ([j = 0, j &lt; symbols.size(), (j++)]): null

2019-08-24 12:55:04 - [TEST_STEP][PASSED] - symbol = symbol: null

2019-08-24 12:55:04 - [TEST_STEP][PASSED] - println(symbol): null

2019-08-24 12:55:04 - [TEST_STEP][PASSED] - if (i == 2 &amp;&amp; wildList.indexOf(symbol) != -1): null

2019-08-24 12:55:04 - [TEST_STEP][PASSED] - if (i == 3 &amp;&amp; wildList.indexOf(symbol) != -1): null

2019-08-24 12:55:04 - [TEST_STEP][PASSED] - if (i == 4 &amp;&amp; wildList.indexOf(symbol) != -1): null

2019-08-24 12:55:04 - [TEST_STEP][PASSED] - symbol = symbol: null

2019-08-24 12:55:04 - [TEST_STEP][PASSED] - println(symbol): null

2019-08-24 12:55:04 - [TEST_STEP][PASSED] - if (i == 2 &amp;&amp; wildList.indexOf(symbol) != -1): null

2019-08-24 12:55:04 - [TEST_STEP][PASSED] - if (i == 3 &amp;&amp; wildList.indexOf(symbol) != -1): null

2019-08-24 12:55:04 - [TEST_STEP][PASSED] - if (i == 4 &amp;&amp; wildList.indexOf(symbol) != -1): null

2019-08-24 12:55:04 - [TEST_STEP][PASSED] - symbol = symbol: null

2019-08-24 12:55:04 - [TEST_STEP][PASSED] - println(symbol): null

2019-08-24 12:55:04 - [TEST_STEP][PASSED] - if (i == 2 &amp;&amp; wildList.indexOf(symbol) != -1): null

2019-08-24 12:55:04 - [TEST_STEP][PASSED] - if (i == 3 &amp;&amp; wildList.indexOf(symbol) != -1): null

2019-08-24 12:55:04 - [TEST_STEP][PASSED] - if (i == 4 &amp;&amp; wildList.indexOf(symbol) != -1): null

2019-08-24 12:55:04 - [TEST_STEP][PASSED] - symbols = symbols: null

2019-08-24 12:55:04 - [TEST_STEP][PASSED] - for ([j = 0, j &lt; symbols.size(), (j++)]): null

2019-08-24 12:55:04 - [TEST_STEP][PASSED] - symbol = symbol: null

2019-08-24 12:55:04 - [TEST_STEP][PASSED] - println(symbol): null

2019-08-24 12:55:04 - [TEST_STEP][PASSED] - if (i == 2 &amp;&amp; wildList.indexOf(symbol) != -1): null

2019-08-24 12:55:04 - [TEST_STEP][PASSED] - if (i == 3 &amp;&amp; wildList.indexOf(symbol) != -1): null

2019-08-24 12:55:04 - [TEST_STEP][PASSED] - if (i == 4 &amp;&amp; wildList.indexOf(symbol) != -1): null

2019-08-24 12:55:04 - [TEST_STEP][PASSED] - symbol = symbol: null

2019-08-24 12:55:04 - [TEST_STEP][PASSED] - println(symbol): null

2019-08-24 12:55:04 - [TEST_STEP][PASSED] - if (i == 2 &amp;&amp; wildList.indexOf(symbol) != -1): null

2019-08-24 12:55:04 - [TEST_STEP][PASSED] - if (i == 3 &amp;&amp; wildList.indexOf(symbol) != -1): null

2019-08-24 12:55:04 - [TEST_STEP][PASSED] - if (i == 4 &amp;&amp; wildList.indexOf(symbol) != -1): null

2019-08-24 12:55:04 - [TEST_STEP][PASSED] - symbol = symbol: null

2019-08-24 12:55:04 - [TEST_STEP][PASSED] - println(symbol): null

2019-08-24 12:55:04 - [TEST_STEP][PASSED] - if (i == 2 &amp;&amp; wildList.indexOf(symbol) != -1): null

2019-08-24 12:55:04 - [TEST_STEP][PASSED] - if (i == 3 &amp;&amp; wildList.indexOf(symbol) != -1): null

2019-08-24 12:55:04 - [TEST_STEP][PASSED] - if (i == 4 &amp;&amp; wildList.indexOf(symbol) != -1): null

2019-08-24 12:55:04 - [TEST_STEP][PASSED] - symbols = symbols: null

2019-08-24 12:55:04 - [TEST_STEP][PASSED] - for ([j = 0, j &lt; symbols.size(), (j++)]): null

2019-08-24 12:55:04 - [TEST_STEP][PASSED] - symbol = symbol: null

2019-08-24 12:55:04 - [TEST_STEP][PASSED] - println(symbol): null

2019-08-24 12:55:04 - [TEST_STEP][PASSED] - if (i == 2 &amp;&amp; wildList.indexOf(symbol) != -1): null

2019-08-24 12:55:04 - [TEST_STEP][PASSED] - if (i == 3 &amp;&amp; wildList.indexOf(symbol) != -1): null

2019-08-24 12:55:04 - [TEST_STEP][PASSED] - if (i == 4 &amp;&amp; wildList.indexOf(symbol) != -1): null

2019-08-24 12:55:04 - [TEST_STEP][PASSED] - symbol = symbol: null

2019-08-24 12:55:04 - [TEST_STEP][PASSED] - println(symbol): null

2019-08-24 12:55:04 - [TEST_STEP][PASSED] - if (i == 2 &amp;&amp; wildList.indexOf(symbol) != -1): null

2019-08-24 12:55:04 - [TEST_STEP][PASSED] - if (i == 3 &amp;&amp; wildList.indexOf(symbol) != -1): null

2019-08-24 12:55:04 - [TEST_STEP][PASSED] - if (i == 4 &amp;&amp; wildList.indexOf(symbol) != -1): null

2019-08-24 12:55:04 - [TEST_STEP][PASSED] - symbol = symbol: null

2019-08-24 12:55:04 - [TEST_STEP][PASSED] - println(symbol): null

2019-08-24 12:55:04 - [TEST_STEP][PASSED] - if (i == 2 &amp;&amp; wildList.indexOf(symbol) != -1): null

2019-08-24 12:55:04 - [TEST_STEP][PASSED] - if (i == 3 &amp;&amp; wildList.indexOf(symbol) != -1): null

2019-08-24 12:55:04 - [TEST_STEP][PASSED] - if (i == 4 &amp;&amp; wildList.indexOf(symbol) != -1): null

2019-08-24 12:55:04 - [TEST_STEP][PASSED] - symbols = symbols: null

2019-08-24 12:55:04 - [TEST_STEP][PASSED] - for ([j = 0, j &lt; symbols.size(), (j++)]): null

2019-08-24 12:55:04 - [TEST_STEP][PASSED] - symbol = symbol: null

2019-08-24 12:55:04 - [TEST_STEP][PASSED] - println(symbol): null

2019-08-24 12:55:04 - [TEST_STEP][PASSED] - if (i == 2 &amp;&amp; wildList.indexOf(symbol) != -1): null

2019-08-24 12:55:04 - [TEST_STEP][PASSED] - if (i == 3 &amp;&amp; wildList.indexOf(symbol) != -1): null

2019-08-24 12:55:04 - [TEST_STEP][PASSED] - if (i == 4 &amp;&amp; wildList.indexOf(symbol) != -1): null

2019-08-24 12:55:04 - [TEST_STEP][PASSED] - symbol = symbol: null

2019-08-24 12:55:04 - [TEST_STEP][PASSED] - println(symbol): null

2019-08-24 12:55:04 - [TEST_STEP][PASSED] - if (i == 2 &amp;&amp; wildList.indexOf(symbol) != -1): null

2019-08-24 12:55:04 - [TEST_STEP][PASSED] - if (i == 3 &amp;&amp; wildList.indexOf(symbol) != -1): null

2019-08-24 12:55:04 - [TEST_STEP][PASSED] - if (i == 4 &amp;&amp; wildList.indexOf(symbol) != -1): null

2019-08-24 12:55:04 - [TEST_STEP][PASSED] - symbol = symbol: null

2019-08-24 12:55:04 - [TEST_STEP][PASSED] - println(symbol): null

2019-08-24 12:55:04 - [TEST_STEP][PASSED] - if (i == 2 &amp;&amp; wildList.indexOf(symbol) != -1): null

2019-08-24 12:55:04 - [TEST_STEP][PASSED] - if (i == 3 &amp;&amp; wildList.indexOf(symbol) != -1): null

2019-08-24 12:55:04 - [TEST_STEP][PASSED] - if (i == 4 &amp;&amp; wildList.indexOf(symbol) != -1): null

2019-08-24 12:55:04 - [TEST_STEP][PASSED] - free_spin_reel_counter = free_spin_reel_counter: null

2019-08-24 12:55:04 - [TEST_STEP][PASSED] - println("reel 3 wild found: " + free_spin_reel_counter[0]): null

2019-08-24 12:55:04 - [TEST_STEP][PASSED] - println("reel 4 wild found: " + free_spin_reel_counter[1]): null

2019-08-24 12:55:04 - [TEST_STEP][PASSED] - println("reel 5 wild found: " + free_spin_reel_counter[2]): null

2019-08-24 12:55:04 - [TEST_STEP][PASSED] - M4_spin_reels = M4_spin_reels: null

2019-08-24 12:55:08 - [TEST_STEP][PASSED] - M4_spin_reels_symbols = symbol: null

2019-08-24 12:55:08 - [TEST_STEP][PASSED] - M4_spin_reels_symbols = M4_spin_reels_symbols: null

2019-08-24 12:55:08 - [TEST_STEP][PASSED] - M4_spin_reel_wins = reel_wins: null

2019-08-24 12:55:08 - [TEST_STEP][PASSED] - M4_spin_reel_wins = M4_spin_reel_wins: null

2019-08-24 12:55:08 - [TEST_STEP][PASSED] - println("GlobalVariable.M4_spin_reel_wins is: " + M4_spin_reel_wins): null

2019-08-24 12:55:08 - [TEST_STEP][PASSED] - M4_spin_total_bonus_win_this_round = total_bonus_win_this_round: null

2019-08-24 12:55:08 - [TEST_STEP][PASSED] - M4_spin_total_bonus_win_this_round = M4_spin_total_bonus_win_this_round: null

2019-08-24 12:55:08 - [TEST_STEP][PASSED] - println("GlobalVariable.M4_spin_total_bonus_win_this_round is: " + M4_spin_total_bonus_win_this_round): null

2019-08-24 12:55:08 - [TEST_STEP][PASSED] - M4_spin_bonus_spin_result = spin_result: null

2019-08-24 12:55:08 - [TEST_STEP][PASSED] - M4_spin_bonus_spin_result = M4_spin_bonus_spin_result: null

2019-08-24 12:55:10 - [MESSAGE][PASSED] - Verify response successfully

2019-08-24 12:55:10 - [MESSAGE][PASSED] - Send request and verify the response successfully

2019-08-24 12:55:10 - [TEST_STEP][PASSED] - if (M4_total_bonus_spins_int != 0 &amp;&amp; M4_spin_reels_symbols[2].contains("WILD_Double") || M4_spin_reels_symbols[4].contains("WILD_Triple")): null

2019-08-24 12:55:10 - [TEST_STEP][PASSED] - free_spin_reel_counter = free_spin_reel_counter: null

2019-08-24 12:55:10 - [TEST_STEP][PASSED] - M4_spin_reels_symbols = M4_spin_reels_symbols: null

2019-08-24 12:55:10 - [TEST_STEP][PASSED] - M4_total_bonus_spins = M4_total_bonus_spins: null

2019-08-24 12:55:10 - [TEST_STEP][PASSED] - spin_result = sendRequestAndVerify(findTestObject("INT/RGS(M4)/1_M4_spin", ["M4_login_user_id":M4_login_user_id, "rgs_session_token":rgs_session_token, "partner":Partner])): Send request and verify the response successfully

2019-08-24 12:55:11 - [MESSAGE][INFO] - HAR: /Users/eiralee/Katalon_Script/SuperWild/Reports/20190824_124242/INT/superWild_4/20190824_124242/requests/main/221.har

2019-08-24 12:55:11 - [TEST_CASE][PASSED] - Start Test Case : Verification: Verification accomplished successfully

2019-08-24 12:55:11 - [TEST_STEP][PASSED] - request = getInstance().getCurrentRequest(): null

2019-08-24 12:55:12 - [TEST_STEP][PASSED] - response = getInstance().getCurrentResponse(): null

2019-08-24 12:55:12 - [TEST_STEP][PASSED] - verifyResponseStatusCode(response, 200): Verify response status code successfully

2019-08-24 12:55:12 - [MESSAGE][PASSED] - Verify response status code successfully

2019-08-24 12:55:12 - [TEST_STEP][PASSED] - getStatusCode()).isEqualTo(200): null

2019-08-24 12:55:12 - [TEST_STEP][PASSED] - newline = System.getProperty("line.separator"): null

2019-08-24 12:55:12 - [TEST_STEP][PASSED] - M4_spin = new groovy.json.JsonSlurper(): null

2019-08-24 12:55:12 - [TEST_STEP][PASSED] - result_M4_spin = M4_spin.parseText(response.getResponseBodyContent()): null

2019-08-24 12:55:12 - [TEST_STEP][PASSED] - M4_spin_current_balance = current_balance: null

2019-08-24 12:55:12 - [TEST_STEP][PASSED] - M4_spin_current_balance = M4_spin_current_balance: null

2019-08-24 12:55:12 - [TEST_STEP][PASSED] - M4_spin_transaction_id = causality: null

2019-08-24 12:55:12 - [TEST_STEP][PASSED] - M4_spin_transaction_id = M4_spin_transaction_id: null

2019-08-24 12:55:12 - [TEST_STEP][PASSED] - M4_spin_round_id = round_id: null

2019-08-24 12:55:12 - [TEST_STEP][PASSED] - M4_spin_round_id = M4_spin_round_id: null

2019-08-24 12:55:12 - [TEST_STEP][PASSED] - M4_spin_line_wins = line_wins: null

2019-08-24 12:55:12 - [TEST_STEP][PASSED] - M4_spin_line_wins = M4_spin_line_wins: null

2019-08-24 12:55:12 - [TEST_STEP][PASSED] - M4_total_bonus_spins_int = total_bonus_spins: null

2019-08-24 12:55:12 - [TEST_STEP][PASSED] - println("******M4_total_bonus_spins type is:*******" + newline + getClass().getName()): null

2019-08-24 12:55:12 - [TEST_STEP][PASSED] - M4_total_bonus_spins_int = M4_total_bonus_spins_int: null

2019-08-24 12:55:12 - [TEST_STEP][PASSED] - M4_total_bonus_spins = Integer.toString(M4_total_bonus_spins_int): null

2019-08-24 12:55:12 - [TEST_STEP][PASSED] - M4_total_bonus_spins = M4_total_bonus_spins: null

2019-08-24 12:55:12 - [TEST_STEP][PASSED] - println("M4_total_bonus_spins is:" + M4_total_bonus_spins): null

2019-08-24 12:55:12 - [TEST_STEP][PASSED] - M4_spin_bonus_data = bonus_data: null

2019-08-24 12:55:12 - [TEST_STEP][PASSED] - M4_spin_features_triggered = result_M4_spin: null

2019-08-24 12:55:12 - [TEST_STEP][PASSED] - wild = []: null

2019-08-24 12:55:12 - [TEST_STEP][PASSED] - wild[0] = "WILD_Expanding": null

2019-08-24 12:55:12 - [TEST_STEP][PASSED] - wild[1] = "WILD_Normal": null

2019-08-24 12:55:12 - [TEST_STEP][PASSED] - wild[2] = "WILD_Double": null

2019-08-24 12:55:12 - [TEST_STEP][PASSED] - wild[3] = "WILD_ExtraFG": null

2019-08-24 12:55:12 - [TEST_STEP][PASSED] - wild[4] = "WILD_Triple": null

2019-08-24 12:55:12 - [TEST_STEP][PASSED] - wildList = Arrays.asList(wild): null

2019-08-24 12:55:12 - [TEST_STEP][PASSED] - wildList = wildList: null

2019-08-24 12:55:12 - [TEST_STEP][PASSED] - free_spin_reel_counter = []: null

2019-08-24 12:55:12 - [TEST_STEP][PASSED] - free_spin_reel_counter[0] = 0: null

2019-08-24 12:55:12 - [TEST_STEP][PASSED] - free_spin_reel_counter[1] = 0: null

2019-08-24 12:55:12 - [TEST_STEP][PASSED] - free_spin_reel_counter[2] = 0: null

2019-08-24 12:55:12 - [TEST_STEP][PASSED] - M4_spin_reels = reels: null

2019-08-24 12:55:12 - [TEST_STEP][PASSED] - for ([i = 0, i &lt; M4_spin_reels.size(), (i++)]): null

2019-08-24 12:55:12 - [TEST_STEP][PASSED] - symbols = symbols: null

2019-08-24 12:55:12 - [TEST_STEP][PASSED] - for ([j = 0, j &lt; symbols.size(), (j++)]): null

2019-08-24 12:55:12 - [TEST_STEP][PASSED] - symbol = symbol: null

2019-08-24 12:55:12 - [TEST_STEP][PASSED] - println(symbol): null

2019-08-24 12:55:12 - [TEST_STEP][PASSED] - if (i == 2 &amp;&amp; wildList.indexOf(symbol) != -1): null

2019-08-24 12:55:12 - [TEST_STEP][PASSED] - if (i == 3 &amp;&amp; wildList.indexOf(symbol) != -1): null

2019-08-24 12:55:12 - [TEST_STEP][PASSED] - if (i == 4 &amp;&amp; wildList.indexOf(symbol) != -1): null

2019-08-24 12:55:12 - [TEST_STEP][PASSED] - symbol = symbol: null

2019-08-24 12:55:12 - [TEST_STEP][PASSED] - println(symbol): null

2019-08-24 12:55:12 - [TEST_STEP][PASSED] - if (i == 2 &amp;&amp; wildList.indexOf(symbol) != -1): null

2019-08-24 12:55:12 - [TEST_STEP][PASSED] - if (i == 3 &amp;&amp; wildList.indexOf(symbol) != -1): null

2019-08-24 12:55:12 - [TEST_STEP][PASSED] - if (i == 4 &amp;&amp; wildList.indexOf(symbol) != -1): null

2019-08-24 12:55:12 - [TEST_STEP][PASSED] - symbol = symbol: null

2019-08-24 12:55:12 - [TEST_STEP][PASSED] - println(symbol): null

2019-08-24 12:55:12 - [TEST_STEP][PASSED] - if (i == 2 &amp;&amp; wildList.indexOf(symbol) != -1): null

2019-08-24 12:55:12 - [TEST_STEP][PASSED] - if (i == 3 &amp;&amp; wildList.indexOf(symbol) != -1): null

2019-08-24 12:55:12 - [TEST_STEP][PASSED] - if (i == 4 &amp;&amp; wildList.indexOf(symbol) != -1): null

2019-08-24 12:55:12 - [TEST_STEP][PASSED] - symbols = symbols: null

2019-08-24 12:55:12 - [TEST_STEP][PASSED] - for ([j = 0, j &lt; symbols.size(), (j++)]): null

2019-08-24 12:55:12 - [TEST_STEP][PASSED] - symbol = symbol: null

2019-08-24 12:55:12 - [TEST_STEP][PASSED] - println(symbol): null

2019-08-24 12:55:12 - [TEST_STEP][PASSED] - if (i == 2 &amp;&amp; wildList.indexOf(symbol) != -1): null

2019-08-24 12:55:12 - [TEST_STEP][PASSED] - if (i == 3 &amp;&amp; wildList.indexOf(symbol) != -1): null

2019-08-24 12:55:12 - [TEST_STEP][PASSED] - if (i == 4 &amp;&amp; wildList.indexOf(symbol) != -1): null

2019-08-24 12:55:12 - [TEST_STEP][PASSED] - symbol = symbol: null

2019-08-24 12:55:12 - [TEST_STEP][PASSED] - println(symbol): null

2019-08-24 12:55:12 - [TEST_STEP][PASSED] - if (i == 2 &amp;&amp; wildList.indexOf(symbol) != -1): null

2019-08-24 12:55:12 - [TEST_STEP][PASSED] - if (i == 3 &amp;&amp; wildList.indexOf(symbol) != -1): null

2019-08-24 12:55:12 - [TEST_STEP][PASSED] - if (i == 4 &amp;&amp; wildList.indexOf(symbol) != -1): null

2019-08-24 12:55:12 - [TEST_STEP][PASSED] - symbol = symbol: null

2019-08-24 12:55:12 - [TEST_STEP][PASSED] - println(symbol): null

2019-08-24 12:55:12 - [TEST_STEP][PASSED] - if (i == 2 &amp;&amp; wildList.indexOf(symbol) != -1): null

2019-08-24 12:55:12 - [TEST_STEP][PASSED] - if (i == 3 &amp;&amp; wildList.indexOf(symbol) != -1): null

2019-08-24 12:55:12 - [TEST_STEP][PASSED] - if (i == 4 &amp;&amp; wildList.indexOf(symbol) != -1): null

2019-08-24 12:55:12 - [TEST_STEP][PASSED] - symbols = symbols: null

2019-08-24 12:55:12 - [TEST_STEP][PASSED] - for ([j = 0, j &lt; symbols.size(), (j++)]): null

2019-08-24 12:55:12 - [TEST_STEP][PASSED] - symbol = symbol: null

2019-08-24 12:55:12 - [TEST_STEP][PASSED] - println(symbol): null

2019-08-24 12:55:12 - [TEST_STEP][PASSED] - if (i == 2 &amp;&amp; wildList.indexOf(symbol) != -1): null

2019-08-24 12:55:12 - [TEST_STEP][PASSED] - if (i == 3 &amp;&amp; wildList.indexOf(symbol) != -1): null

2019-08-24 12:55:12 - [TEST_STEP][PASSED] - if (i == 4 &amp;&amp; wildList.indexOf(symbol) != -1): null

2019-08-24 12:55:12 - [TEST_STEP][PASSED] - symbol = symbol: null

2019-08-24 12:55:12 - [TEST_STEP][PASSED] - println(symbol): null

2019-08-24 12:55:12 - [TEST_STEP][PASSED] - if (i == 2 &amp;&amp; wildList.indexOf(symbol) != -1): null

2019-08-24 12:55:12 - [TEST_STEP][PASSED] - if (i == 3 &amp;&amp; wildList.indexOf(symbol) != -1): null

2019-08-24 12:55:12 - [TEST_STEP][PASSED] - if (i == 4 &amp;&amp; wildList.indexOf(symbol) != -1): null

2019-08-24 12:55:12 - [TEST_STEP][PASSED] - symbol = symbol: null

2019-08-24 12:55:12 - [TEST_STEP][PASSED] - println(symbol): null

2019-08-24 12:55:12 - [TEST_STEP][PASSED] - if (i == 2 &amp;&amp; wildList.indexOf(symbol) != -1): null

2019-08-24 12:55:12 - [TEST_STEP][PASSED] - println("wild found on reel 3, adding counter by 1"): null

2019-08-24 12:55:12 - [TEST_STEP][PASSED] - free_spin_reel_counter[0] = free_spin_reel_counter[0] + 1: null

2019-08-24 12:55:12 - [TEST_STEP][PASSED] - if (i == 3 &amp;&amp; wildList.indexOf(symbol) != -1): null

2019-08-24 12:55:12 - [TEST_STEP][PASSED] - if (i == 4 &amp;&amp; wildList.indexOf(symbol) != -1): null

2019-08-24 12:55:12 - [TEST_STEP][PASSED] - symbols = symbols: null

2019-08-24 12:55:12 - [TEST_STEP][PASSED] - for ([j = 0, j &lt; symbols.size(), (j++)]): null

2019-08-24 12:55:12 - [TEST_STEP][PASSED] - symbol = symbol: null

2019-08-24 12:55:12 - [TEST_STEP][PASSED] - println(symbol): null

2019-08-24 12:55:12 - [TEST_STEP][PASSED] - if (i == 2 &amp;&amp; wildList.indexOf(symbol) != -1): null

2019-08-24 12:55:12 - [TEST_STEP][PASSED] - if (i == 3 &amp;&amp; wildList.indexOf(symbol) != -1): null

2019-08-24 12:55:12 - [TEST_STEP][PASSED] - if (i == 4 &amp;&amp; wildList.indexOf(symbol) != -1): null

2019-08-24 12:55:12 - [TEST_STEP][PASSED] - symbol = symbol: null

2019-08-24 12:55:12 - [TEST_STEP][PASSED] - println(symbol): null

2019-08-24 12:55:12 - [TEST_STEP][PASSED] - if (i == 2 &amp;&amp; wildList.indexOf(symbol) != -1): null

2019-08-24 12:55:12 - [TEST_STEP][PASSED] - if (i == 3 &amp;&amp; wildList.indexOf(symbol) != -1): null

2019-08-24 12:55:12 - [TEST_STEP][PASSED] - if (i == 4 &amp;&amp; wildList.indexOf(symbol) != -1): null

2019-08-24 12:55:12 - [TEST_STEP][PASSED] - symbol = symbol: null

2019-08-24 12:55:12 - [TEST_STEP][PASSED] - println(symbol): null

2019-08-24 12:55:12 - [TEST_STEP][PASSED] - if (i == 2 &amp;&amp; wildList.indexOf(symbol) != -1): null

2019-08-24 12:55:12 - [TEST_STEP][PASSED] - if (i == 3 &amp;&amp; wildList.indexOf(symbol) != -1): null

2019-08-24 12:55:12 - [TEST_STEP][PASSED] - if (i == 4 &amp;&amp; wildList.indexOf(symbol) != -1): null

2019-08-24 12:55:12 - [TEST_STEP][PASSED] - symbols = symbols: null

2019-08-24 12:55:12 - [TEST_STEP][PASSED] - for ([j = 0, j &lt; symbols.size(), (j++)]): null

2019-08-24 12:55:12 - [TEST_STEP][PASSED] - symbol = symbol: null

2019-08-24 12:55:12 - [TEST_STEP][PASSED] - println(symbol): null

2019-08-24 12:55:12 - [TEST_STEP][PASSED] - if (i == 2 &amp;&amp; wildList.indexOf(symbol) != -1): null

2019-08-24 12:55:12 - [TEST_STEP][PASSED] - if (i == 3 &amp;&amp; wildList.indexOf(symbol) != -1): null

2019-08-24 12:55:12 - [TEST_STEP][PASSED] - if (i == 4 &amp;&amp; wildList.indexOf(symbol) != -1): null

2019-08-24 12:55:12 - [TEST_STEP][PASSED] - symbol = symbol: null

2019-08-24 12:55:12 - [TEST_STEP][PASSED] - println(symbol): null

2019-08-24 12:55:12 - [TEST_STEP][PASSED] - if (i == 2 &amp;&amp; wildList.indexOf(symbol) != -1): null

2019-08-24 12:55:12 - [TEST_STEP][PASSED] - if (i == 3 &amp;&amp; wildList.indexOf(symbol) != -1): null

2019-08-24 12:55:12 - [TEST_STEP][PASSED] - if (i == 4 &amp;&amp; wildList.indexOf(symbol) != -1): null

2019-08-24 12:55:12 - [TEST_STEP][PASSED] - symbol = symbol: null

2019-08-24 12:55:12 - [TEST_STEP][PASSED] - println(symbol): null

2019-08-24 12:55:12 - [TEST_STEP][PASSED] - if (i == 2 &amp;&amp; wildList.indexOf(symbol) != -1): null

2019-08-24 12:55:12 - [TEST_STEP][PASSED] - if (i == 3 &amp;&amp; wildList.indexOf(symbol) != -1): null

2019-08-24 12:55:12 - [TEST_STEP][PASSED] - if (i == 4 &amp;&amp; wildList.indexOf(symbol) != -1): null

2019-08-24 12:55:12 - [TEST_STEP][PASSED] - free_spin_reel_counter = free_spin_reel_counter: null

2019-08-24 12:55:12 - [TEST_STEP][PASSED] - println("reel 3 wild found: " + free_spin_reel_counter[0]): null

2019-08-24 12:55:12 - [TEST_STEP][PASSED] - println("reel 4 wild found: " + free_spin_reel_counter[1]): null

2019-08-24 12:55:12 - [TEST_STEP][PASSED] - println("reel 5 wild found: " + free_spin_reel_counter[2]): null

2019-08-24 12:55:12 - [TEST_STEP][PASSED] - M4_spin_reels = M4_spin_reels: null

2019-08-24 12:55:12 - [TEST_STEP][PASSED] - M4_spin_reels_symbols = symbol: null

2019-08-24 12:55:12 - [TEST_STEP][PASSED] - M4_spin_reels_symbols = M4_spin_reels_symbols: null

2019-08-24 12:55:12 - [TEST_STEP][PASSED] - M4_spin_reel_wins = reel_wins: null

2019-08-24 12:55:12 - [TEST_STEP][PASSED] - M4_spin_reel_wins = M4_spin_reel_wins: null

2019-08-24 12:55:12 - [TEST_STEP][PASSED] - println("GlobalVariable.M4_spin_reel_wins is: " + M4_spin_reel_wins): null

2019-08-24 12:55:12 - [TEST_STEP][PASSED] - M4_spin_total_bonus_win_this_round = total_bonus_win_this_round: null

2019-08-24 12:55:12 - [TEST_STEP][PASSED] - M4_spin_total_bonus_win_this_round = M4_spin_total_bonus_win_this_round: null

2019-08-24 12:55:12 - [TEST_STEP][PASSED] - println("GlobalVariable.M4_spin_total_bonus_win_this_round is: " + M4_spin_total_bonus_win_this_round): null

2019-08-24 12:55:12 - [TEST_STEP][PASSED] - M4_spin_bonus_spin_result = spin_result: null

2019-08-24 12:55:12 - [TEST_STEP][PASSED] - M4_spin_bonus_spin_result = M4_spin_bonus_spin_result: null

2019-08-24 12:55:12 - [MESSAGE][PASSED] - Verify response successfully

2019-08-24 12:55:12 - [MESSAGE][PASSED] - Send request and verify the response successfully

2019-08-24 12:55:12 - [TEST_STEP][PASSED] - if (M4_total_bonus_spins_int != 0 &amp;&amp; M4_spin_reels_symbols[2].contains("WILD_Double") || M4_spin_reels_symbols[4].contains("WILD_Triple")): null

2019-08-24 12:55:12 - [TEST_STEP][PASSED] - free_spin_reel_counter = free_spin_reel_counter: null

2019-08-24 12:55:12 - [TEST_STEP][PASSED] - M4_spin_reels_symbols = M4_spin_reels_symbols: null

2019-08-24 12:55:12 - [TEST_STEP][PASSED] - M4_total_bonus_spins = M4_total_bonus_spins: null

2019-08-24 12:55:12 - [TEST_STEP][PASSED] - spin_result = sendRequestAndVerify(findTestObject("INT/RGS(M4)/1_M4_spin", ["M4_login_user_id":M4_login_user_id, "rgs_session_token":rgs_session_token, "partner":Partner])): Send request and verify the response successfully

2019-08-24 12:55:12 - [MESSAGE][INFO] - HAR: /Users/eiralee/Katalon_Script/SuperWild/Reports/20190824_124242/INT/superWild_4/20190824_124242/requests/main/222.har

2019-08-24 12:55:12 - [TEST_CASE][PASSED] - Start Test Case : Verification: Verification accomplished successfully

2019-08-24 12:55:12 - [TEST_STEP][PASSED] - request = getInstance().getCurrentRequest(): null

2019-08-24 12:55:12 - [TEST_STEP][PASSED] - response = getInstance().getCurrentResponse(): null

2019-08-24 12:55:12 - [TEST_STEP][PASSED] - verifyResponseStatusCode(response, 200): Verify response status code successfully

2019-08-24 12:55:12 - [MESSAGE][PASSED] - Verify response status code successfully

2019-08-24 12:55:12 - [TEST_STEP][PASSED] - getStatusCode()).isEqualTo(200): null

2019-08-24 12:55:12 - [TEST_STEP][PASSED] - newline = System.getProperty("line.separator"): null

2019-08-24 12:55:12 - [TEST_STEP][PASSED] - M4_spin = new groovy.json.JsonSlurper(): null

2019-08-24 12:55:12 - [TEST_STEP][PASSED] - result_M4_spin = M4_spin.parseText(response.getResponseBodyContent()): null

2019-08-24 12:55:12 - [TEST_STEP][PASSED] - M4_spin_current_balance = current_balance: null

2019-08-24 12:55:12 - [TEST_STEP][PASSED] - M4_spin_current_balance = M4_spin_current_balance: null

2019-08-24 12:55:12 - [TEST_STEP][PASSED] - M4_spin_transaction_id = causality: null

2019-08-24 12:55:12 - [TEST_STEP][PASSED] - M4_spin_transaction_id = M4_spin_transaction_id: null

2019-08-24 12:55:12 - [TEST_STEP][PASSED] - M4_spin_round_id = round_id: null

2019-08-24 12:55:12 - [TEST_STEP][PASSED] - M4_spin_round_id = M4_spin_round_id: null

2019-08-24 12:55:12 - [TEST_STEP][PASSED] - M4_spin_line_wins = line_wins: null

2019-08-24 12:55:12 - [TEST_STEP][PASSED] - M4_spin_line_wins = M4_spin_line_wins: null

2019-08-24 12:55:12 - [TEST_STEP][PASSED] - M4_total_bonus_spins_int = total_bonus_spins: null

2019-08-24 12:55:12 - [TEST_STEP][PASSED] - println("******M4_total_bonus_spins type is:*******" + newline + getClass().getName()): null

2019-08-24 12:55:12 - [TEST_STEP][PASSED] - M4_total_bonus_spins_int = M4_total_bonus_spins_int: null

2019-08-24 12:55:12 - [TEST_STEP][PASSED] - M4_total_bonus_spins = Integer.toString(M4_total_bonus_spins_int): null

2019-08-24 12:55:12 - [TEST_STEP][PASSED] - M4_total_bonus_spins = M4_total_bonus_spins: null

2019-08-24 12:55:12 - [TEST_STEP][PASSED] - println("M4_total_bonus_spins is:" + M4_total_bonus_spins): null

2019-08-24 12:55:12 - [TEST_STEP][PASSED] - M4_spin_bonus_data = bonus_data: null

2019-08-24 12:55:12 - [TEST_STEP][PASSED] - M4_spin_features_triggered = result_M4_spin: null

2019-08-24 12:55:12 - [TEST_STEP][PASSED] - wild = []: null

2019-08-24 12:55:12 - [TEST_STEP][PASSED] - wild[0] = "WILD_Expanding": null

2019-08-24 12:55:12 - [TEST_STEP][PASSED] - wild[1] = "WILD_Normal": null

2019-08-24 12:55:12 - [TEST_STEP][PASSED] - wild[2] = "WILD_Double": null

2019-08-24 12:55:12 - [TEST_STEP][PASSED] - wild[3] = "WILD_ExtraFG": null

2019-08-24 12:55:12 - [TEST_STEP][PASSED] - wild[4] = "WILD_Triple": null

2019-08-24 12:55:12 - [TEST_STEP][PASSED] - wildList = Arrays.asList(wild): null

2019-08-24 12:55:12 - [TEST_STEP][PASSED] - wildList = wildList: null

2019-08-24 12:55:12 - [TEST_STEP][PASSED] - free_spin_reel_counter = []: null

2019-08-24 12:55:12 - [TEST_STEP][PASSED] - free_spin_reel_counter[0] = 0: null

2019-08-24 12:55:12 - [TEST_STEP][PASSED] - free_spin_reel_counter[1] = 0: null

2019-08-24 12:55:12 - [TEST_STEP][PASSED] - free_spin_reel_counter[2] = 0: null

2019-08-24 12:55:12 - [TEST_STEP][PASSED] - M4_spin_reels = reels: null

2019-08-24 12:55:12 - [TEST_STEP][PASSED] - for ([i = 0, i &lt; M4_spin_reels.size(), (i++)]): null

2019-08-24 12:55:12 - [TEST_STEP][PASSED] - symbols = symbols: null

2019-08-24 12:55:12 - [TEST_STEP][PASSED] - for ([j = 0, j &lt; symbols.size(), (j++)]): null

2019-08-24 12:55:12 - [TEST_STEP][PASSED] - symbol = symbol: null

2019-08-24 12:55:12 - [TEST_STEP][PASSED] - println(symbol): null

2019-08-24 12:55:12 - [TEST_STEP][PASSED] - if (i == 2 &amp;&amp; wildList.indexOf(symbol) != -1): null

2019-08-24 12:55:12 - [TEST_STEP][PASSED] - if (i == 3 &amp;&amp; wildList.indexOf(symbol) != -1): null

2019-08-24 12:55:12 - [TEST_STEP][PASSED] - if (i == 4 &amp;&amp; wildList.indexOf(symbol) != -1): null

2019-08-24 12:55:12 - [TEST_STEP][PASSED] - symbol = symbol: null

2019-08-24 12:55:12 - [TEST_STEP][PASSED] - println(symbol): null

2019-08-24 12:55:12 - [TEST_STEP][PASSED] - if (i == 2 &amp;&amp; wildList.indexOf(symbol) != -1): null

2019-08-24 12:55:12 - [TEST_STEP][PASSED] - if (i == 3 &amp;&amp; wildList.indexOf(symbol) != -1): null

2019-08-24 12:55:12 - [TEST_STEP][PASSED] - if (i == 4 &amp;&amp; wildList.indexOf(symbol) != -1): null

2019-08-24 12:55:12 - [TEST_STEP][PASSED] - symbol = symbol: null

2019-08-24 12:55:12 - [TEST_STEP][PASSED] - println(symbol): null

2019-08-24 12:55:12 - [TEST_STEP][PASSED] - if (i == 2 &amp;&amp; wildList.indexOf(symbol) != -1): null

2019-08-24 12:55:12 - [TEST_STEP][PASSED] - if (i == 3 &amp;&amp; wildList.indexOf(symbol) != -1): null

2019-08-24 12:55:12 - [TEST_STEP][PASSED] - if (i == 4 &amp;&amp; wildList.indexOf(symbol) != -1): null

2019-08-24 12:55:12 - [TEST_STEP][PASSED] - symbols = symbols: null

2019-08-24 12:55:12 - [TEST_STEP][PASSED] - for ([j = 0, j &lt; symbols.size(), (j++)]): null

2019-08-24 12:55:12 - [TEST_STEP][PASSED] - symbol = symbol: null

2019-08-24 12:55:12 - [TEST_STEP][PASSED] - println(symbol): null

2019-08-24 12:55:12 - [TEST_STEP][PASSED] - if (i == 2 &amp;&amp; wildList.indexOf(symbol) != -1): null

2019-08-24 12:55:12 - [TEST_STEP][PASSED] - if (i == 3 &amp;&amp; wildList.indexOf(symbol) != -1): null

2019-08-24 12:55:12 - [TEST_STEP][PASSED] - if (i == 4 &amp;&amp; wildList.indexOf(symbol) != -1): null

2019-08-24 12:55:12 - [TEST_STEP][PASSED] - symbol = symbol: null

2019-08-24 12:55:12 - [TEST_STEP][PASSED] - println(symbol): null

2019-08-24 12:55:12 - [TEST_STEP][PASSED] - if (i == 2 &amp;&amp; wildList.indexOf(symbol) != -1): null

2019-08-24 12:55:12 - [TEST_STEP][PASSED] - if (i == 3 &amp;&amp; wildList.indexOf(symbol) != -1): null

2019-08-24 12:55:12 - [TEST_STEP][PASSED] - if (i == 4 &amp;&amp; wildList.indexOf(symbol) != -1): null

2019-08-24 12:55:12 - [TEST_STEP][PASSED] - symbol = symbol: null

2019-08-24 12:55:12 - [TEST_STEP][PASSED] - println(symbol): null

2019-08-24 12:55:12 - [TEST_STEP][PASSED] - if (i == 2 &amp;&amp; wildList.indexOf(symbol) != -1): null

2019-08-24 12:55:12 - [TEST_STEP][PASSED] - if (i == 3 &amp;&amp; wildList.indexOf(symbol) != -1): null

2019-08-24 12:55:12 - [TEST_STEP][PASSED] - if (i == 4 &amp;&amp; wildList.indexOf(symbol) != -1): null

2019-08-24 12:55:12 - [TEST_STEP][PASSED] - symbols = symbols: null

2019-08-24 12:55:12 - [TEST_STEP][PASSED] - for ([j = 0, j &lt; symbols.size(), (j++)]): null

2019-08-24 12:55:12 - [TEST_STEP][PASSED] - symbol = symbol: null

2019-08-24 12:55:12 - [TEST_STEP][PASSED] - println(symbol): null

2019-08-24 12:55:12 - [TEST_STEP][PASSED] - if (i == 2 &amp;&amp; wildList.indexOf(symbol) != -1): null

2019-08-24 12:55:12 - [TEST_STEP][PASSED] - if (i == 3 &amp;&amp; wildList.indexOf(symbol) != -1): null

2019-08-24 12:55:12 - [TEST_STEP][PASSED] - if (i == 4 &amp;&amp; wildList.indexOf(symbol) != -1): null

2019-08-24 12:55:12 - [TEST_STEP][PASSED] - symbol = symbol: null

2019-08-24 12:55:12 - [TEST_STEP][PASSED] - println(symbol): null

2019-08-24 12:55:12 - [TEST_STEP][PASSED] - if (i == 2 &amp;&amp; wildList.indexOf(symbol) != -1): null

2019-08-24 12:55:12 - [TEST_STEP][PASSED] - if (i == 3 &amp;&amp; wildList.indexOf(symbol) != -1): null

2019-08-24 12:55:12 - [TEST_STEP][PASSED] - if (i == 4 &amp;&amp; wildList.indexOf(symbol) != -1): null

2019-08-24 12:55:12 - [TEST_STEP][PASSED] - symbol = symbol: null

2019-08-24 12:55:12 - [TEST_STEP][PASSED] - println(symbol): null

2019-08-24 12:55:12 - [TEST_STEP][PASSED] - if (i == 2 &amp;&amp; wildList.indexOf(symbol) != -1): null

2019-08-24 12:55:12 - [TEST_STEP][PASSED] - if (i == 3 &amp;&amp; wildList.indexOf(symbol) != -1): null

2019-08-24 12:55:12 - [TEST_STEP][PASSED] - if (i == 4 &amp;&amp; wildList.indexOf(symbol) != -1): null

2019-08-24 12:55:12 - [TEST_STEP][PASSED] - symbols = symbols: null

2019-08-24 12:55:12 - [TEST_STEP][PASSED] - for ([j = 0, j &lt; symbols.size(), (j++)]): null

2019-08-24 12:55:12 - [TEST_STEP][PASSED] - symbol = symbol: null

2019-08-24 12:55:12 - [TEST_STEP][PASSED] - println(symbol): null

2019-08-24 12:55:12 - [TEST_STEP][PASSED] - if (i == 2 &amp;&amp; wildList.indexOf(symbol) != -1): null

2019-08-24 12:55:12 - [TEST_STEP][PASSED] - if (i == 3 &amp;&amp; wildList.indexOf(symbol) != -1): null

2019-08-24 12:55:12 - [TEST_STEP][PASSED] - if (i == 4 &amp;&amp; wildList.indexOf(symbol) != -1): null

2019-08-24 12:55:12 - [TEST_STEP][PASSED] - symbol = symbol: null

2019-08-24 12:55:12 - [TEST_STEP][PASSED] - println(symbol): null

2019-08-24 12:55:12 - [TEST_STEP][PASSED] - if (i == 2 &amp;&amp; wildList.indexOf(symbol) != -1): null

2019-08-24 12:55:12 - [TEST_STEP][PASSED] - if (i == 3 &amp;&amp; wildList.indexOf(symbol) != -1): null

2019-08-24 12:55:12 - [TEST_STEP][PASSED] - if (i == 4 &amp;&amp; wildList.indexOf(symbol) != -1): null

2019-08-24 12:55:12 - [TEST_STEP][PASSED] - symbol = symbol: null

2019-08-24 12:55:12 - [TEST_STEP][PASSED] - println(symbol): null

2019-08-24 12:55:12 - [TEST_STEP][PASSED] - if (i == 2 &amp;&amp; wildList.indexOf(symbol) != -1): null

2019-08-24 12:55:12 - [TEST_STEP][PASSED] - if (i == 3 &amp;&amp; wildList.indexOf(symbol) != -1): null

2019-08-24 12:55:12 - [TEST_STEP][PASSED] - if (i == 4 &amp;&amp; wildList.indexOf(symbol) != -1): null

2019-08-24 12:55:12 - [TEST_STEP][PASSED] - symbols = symbols: null

2019-08-24 12:55:12 - [TEST_STEP][PASSED] - for ([j = 0, j &lt; symbols.size(), (j++)]): null

2019-08-24 12:55:12 - [TEST_STEP][PASSED] - symbol = symbol: null

2019-08-24 12:55:12 - [TEST_STEP][PASSED] - println(symbol): null

2019-08-24 12:55:12 - [TEST_STEP][PASSED] - if (i == 2 &amp;&amp; wildList.indexOf(symbol) != -1): null

2019-08-24 12:55:12 - [TEST_STEP][PASSED] - if (i == 3 &amp;&amp; wildList.indexOf(symbol) != -1): null

2019-08-24 12:55:12 - [TEST_STEP][PASSED] - if (i == 4 &amp;&amp; wildList.indexOf(symbol) != -1): null

2019-08-24 12:55:12 - [TEST_STEP][PASSED] - symbol = symbol: null

2019-08-24 12:55:12 - [TEST_STEP][PASSED] - println(symbol): null

2019-08-24 12:55:12 - [TEST_STEP][PASSED] - if (i == 2 &amp;&amp; wildList.indexOf(symbol) != -1): null

2019-08-24 12:55:12 - [TEST_STEP][PASSED] - if (i == 3 &amp;&amp; wildList.indexOf(symbol) != -1): null

2019-08-24 12:55:12 - [TEST_STEP][PASSED] - if (i == 4 &amp;&amp; wildList.indexOf(symbol) != -1): null

2019-08-24 12:55:12 - [TEST_STEP][PASSED] - symbol = symbol: null

2019-08-24 12:55:12 - [TEST_STEP][PASSED] - println(symbol): null

2019-08-24 12:55:12 - [TEST_STEP][PASSED] - if (i == 2 &amp;&amp; wildList.indexOf(symbol) != -1): null

2019-08-24 12:55:12 - [TEST_STEP][PASSED] - if (i == 3 &amp;&amp; wildList.indexOf(symbol) != -1): null

2019-08-24 12:55:12 - [TEST_STEP][PASSED] - if (i == 4 &amp;&amp; wildList.indexOf(symbol) != -1): null

2019-08-24 12:55:12 - [TEST_STEP][PASSED] - free_spin_reel_counter = free_spin_reel_counter: null

2019-08-24 12:55:12 - [TEST_STEP][PASSED] - println("reel 3 wild found: " + free_spin_reel_counter[0]): null

2019-08-24 12:55:12 - [TEST_STEP][PASSED] - println("reel 4 wild found: " + free_spin_reel_counter[1]): null

2019-08-24 12:55:12 - [TEST_STEP][PASSED] - println("reel 5 wild found: " + free_spin_reel_counter[2]): null

2019-08-24 12:55:12 - [TEST_STEP][PASSED] - M4_spin_reels = M4_spin_reels: null

2019-08-24 12:55:12 - [TEST_STEP][PASSED] - M4_spin_reels_symbols = symbol: null

2019-08-24 12:55:12 - [TEST_STEP][PASSED] - M4_spin_reels_symbols = M4_spin_reels_symbols: null

2019-08-24 12:55:12 - [TEST_STEP][PASSED] - M4_spin_reel_wins = reel_wins: null

2019-08-24 12:55:12 - [TEST_STEP][PASSED] - M4_spin_reel_wins = M4_spin_reel_wins: null

2019-08-24 12:55:12 - [TEST_STEP][PASSED] - println("GlobalVariable.M4_spin_reel_wins is: " + M4_spin_reel_wins): null

2019-08-24 12:55:12 - [TEST_STEP][PASSED] - M4_spin_total_bonus_win_this_round = total_bonus_win_this_round: null

2019-08-24 12:55:12 - [TEST_STEP][PASSED] - M4_spin_total_bonus_win_this_round = M4_spin_total_bonus_win_this_round: null

2019-08-24 12:55:12 - [TEST_STEP][PASSED] - println("GlobalVariable.M4_spin_total_bonus_win_this_round is: " + M4_spin_total_bonus_win_this_round): null

2019-08-24 12:55:12 - [TEST_STEP][PASSED] - M4_spin_bonus_spin_result = spin_result: null

2019-08-24 12:55:12 - [TEST_STEP][PASSED] - M4_spin_bonus_spin_result = M4_spin_bonus_spin_result: null

2019-08-24 12:55:12 - [MESSAGE][PASSED] - Verify response successfully

2019-08-24 12:55:12 - [MESSAGE][PASSED] - Send request and verify the response successfully

2019-08-24 12:55:12 - [TEST_STEP][PASSED] - if (M4_total_bonus_spins_int != 0 &amp;&amp; M4_spin_reels_symbols[2].contains("WILD_Double") || M4_spin_reels_symbols[4].contains("WILD_Triple")): null

2019-08-24 12:55:12 - [TEST_STEP][PASSED] - free_spin_reel_counter = free_spin_reel_counter: null

2019-08-24 12:55:12 - [TEST_STEP][PASSED] - M4_spin_reels_symbols = M4_spin_reels_symbols: null

2019-08-24 12:55:12 - [TEST_STEP][PASSED] - M4_total_bonus_spins = M4_total_bonus_spins: null

2019-08-24 12:55:12 - [TEST_STEP][PASSED] - spin_result = sendRequestAndVerify(findTestObject("INT/RGS(M4)/1_M4_spin", ["M4_login_user_id":M4_login_user_id, "rgs_session_token":rgs_session_token, "partner":Partner])): Send request and verify the response successfully

2019-08-24 12:55:12 - [MESSAGE][INFO] - HAR: /Users/eiralee/Katalon_Script/SuperWild/Reports/20190824_124242/INT/superWild_4/20190824_124242/requests/main/223.har

2019-08-24 12:55:13 - [TEST_CASE][PASSED] - Start Test Case : Verification: Verification accomplished successfully

2019-08-24 12:55:13 - [TEST_STEP][PASSED] - request = getInstance().getCurrentRequest(): null

2019-08-24 12:55:13 - [TEST_STEP][PASSED] - response = getInstance().getCurrentResponse(): null

2019-08-24 12:55:13 - [TEST_STEP][PASSED] - verifyResponseStatusCode(response, 200): Verify response status code successfully

2019-08-24 12:55:13 - [MESSAGE][PASSED] - Verify response status code successfully

2019-08-24 12:55:13 - [TEST_STEP][PASSED] - getStatusCode()).isEqualTo(200): null

2019-08-24 12:55:13 - [TEST_STEP][PASSED] - newline = System.getProperty("line.separator"): null

2019-08-24 12:55:13 - [TEST_STEP][PASSED] - M4_spin = new groovy.json.JsonSlurper(): null

2019-08-24 12:55:13 - [TEST_STEP][PASSED] - result_M4_spin = M4_spin.parseText(response.getResponseBodyContent()): null

2019-08-24 12:55:13 - [TEST_STEP][PASSED] - M4_spin_current_balance = current_balance: null

2019-08-24 12:55:13 - [TEST_STEP][PASSED] - M4_spin_current_balance = M4_spin_current_balance: null

2019-08-24 12:55:13 - [TEST_STEP][PASSED] - M4_spin_transaction_id = causality: null

2019-08-24 12:55:13 - [TEST_STEP][PASSED] - M4_spin_transaction_id = M4_spin_transaction_id: null

2019-08-24 12:55:13 - [TEST_STEP][PASSED] - M4_spin_round_id = round_id: null

2019-08-24 12:55:13 - [TEST_STEP][PASSED] - M4_spin_round_id = M4_spin_round_id: null

2019-08-24 12:55:13 - [TEST_STEP][PASSED] - M4_spin_line_wins = line_wins: null

2019-08-24 12:55:13 - [TEST_STEP][PASSED] - M4_spin_line_wins = M4_spin_line_wins: null

2019-08-24 12:55:13 - [TEST_STEP][PASSED] - M4_total_bonus_spins_int = total_bonus_spins: null

2019-08-24 12:55:13 - [TEST_STEP][PASSED] - println("******M4_total_bonus_spins type is:*******" + newline + getClass().getName()): null

2019-08-24 12:55:13 - [TEST_STEP][PASSED] - M4_total_bonus_spins_int = M4_total_bonus_spins_int: null

2019-08-24 12:55:16 - [TEST_STEP][PASSED] - M4_total_bonus_spins = Integer.toString(M4_total_bonus_spins_int): null

2019-08-24 12:55:16 - [TEST_STEP][PASSED] - M4_total_bonus_spins = M4_total_bonus_spins: null

2019-08-24 12:55:16 - [TEST_STEP][PASSED] - println("M4_total_bonus_spins is:" + M4_total_bonus_spins): null

2019-08-24 12:55:16 - [TEST_STEP][PASSED] - M4_spin_bonus_data = bonus_data: null

2019-08-24 12:55:16 - [TEST_STEP][PASSED] - M4_spin_features_triggered = result_M4_spin: null

2019-08-24 12:55:16 - [TEST_STEP][PASSED] - wild = []: null

2019-08-24 12:55:16 - [TEST_STEP][PASSED] - wild[0] = "WILD_Expanding": null

2019-08-24 12:55:16 - [TEST_STEP][PASSED] - wild[1] = "WILD_Normal": null

2019-08-24 12:55:16 - [TEST_STEP][PASSED] - wild[2] = "WILD_Double": null

2019-08-24 12:55:16 - [TEST_STEP][PASSED] - wild[3] = "WILD_ExtraFG": null

2019-08-24 12:55:21 - [TEST_STEP][PASSED] - wild[4] = "WILD_Triple": null

2019-08-24 12:55:21 - [TEST_STEP][PASSED] - wildList = Arrays.asList(wild): null

2019-08-24 12:55:21 - [TEST_STEP][PASSED] - wildList = wildList: null

2019-08-24 12:55:21 - [TEST_STEP][PASSED] - free_spin_reel_counter = []: null

2019-08-24 12:55:21 - [TEST_STEP][PASSED] - free_spin_reel_counter[0] = 0: null

2019-08-24 12:55:21 - [TEST_STEP][PASSED] - free_spin_reel_counter[1] = 0: null

2019-08-24 12:55:26 - [TEST_STEP][PASSED] - free_spin_reel_counter[2] = 0: null

2019-08-24 12:55:26 - [TEST_STEP][PASSED] - M4_spin_reels = reels: null

2019-08-24 12:55:26 - [TEST_STEP][PASSED] - for ([i = 0, i &lt; M4_spin_reels.size(), (i++)]): null

2019-08-24 12:55:26 - [TEST_STEP][PASSED] - symbols = symbols: null

2019-08-24 12:55:26 - [TEST_STEP][PASSED] - for ([j = 0, j &lt; symbols.size(), (j++)]): null

2019-08-24 12:55:26 - [TEST_STEP][PASSED] - symbol = symbol: null

2019-08-24 12:55:26 - [TEST_STEP][PASSED] - println(symbol): null

2019-08-24 12:55:26 - [TEST_STEP][PASSED] - if (i == 2 &amp;&amp; wildList.indexOf(symbol) != -1): null

2019-08-24 12:55:26 - [TEST_STEP][PASSED] - if (i == 3 &amp;&amp; wildList.indexOf(symbol) != -1): null

2019-08-24 12:55:26 - [TEST_STEP][PASSED] - if (i == 4 &amp;&amp; wildList.indexOf(symbol) != -1): null

2019-08-24 12:55:26 - [TEST_STEP][PASSED] - symbol = symbol: null

2019-08-24 12:55:26 - [TEST_STEP][PASSED] - println(symbol): null

2019-08-24 12:55:26 - [TEST_STEP][PASSED] - if (i == 2 &amp;&amp; wildList.indexOf(symbol) != -1): null

2019-08-24 12:55:26 - [TEST_STEP][PASSED] - if (i == 3 &amp;&amp; wildList.indexOf(symbol) != -1): null

2019-08-24 12:55:26 - [TEST_STEP][PASSED] - if (i == 4 &amp;&amp; wildList.indexOf(symbol) != -1): null

2019-08-24 12:55:26 - [TEST_STEP][PASSED] - symbol = symbol: null

2019-08-24 12:55:26 - [TEST_STEP][PASSED] - println(symbol): null

2019-08-24 12:55:26 - [TEST_STEP][PASSED] - if (i == 2 &amp;&amp; wildList.indexOf(symbol) != -1): null

2019-08-24 12:55:26 - [TEST_STEP][PASSED] - if (i == 3 &amp;&amp; wildList.indexOf(symbol) != -1): null

2019-08-24 12:55:26 - [TEST_STEP][PASSED] - if (i == 4 &amp;&amp; wildList.indexOf(symbol) != -1): null

2019-08-24 12:55:26 - [TEST_STEP][PASSED] - symbols = symbols: null

2019-08-24 12:55:26 - [TEST_STEP][PASSED] - for ([j = 0, j &lt; symbols.size(), (j++)]): null

2019-08-24 12:55:26 - [TEST_STEP][PASSED] - symbol = symbol: null

2019-08-24 12:55:26 - [TEST_STEP][PASSED] - println(symbol): null

2019-08-24 12:55:26 - [TEST_STEP][PASSED] - if (i == 2 &amp;&amp; wildList.indexOf(symbol) != -1): null

2019-08-24 12:55:26 - [TEST_STEP][PASSED] - if (i == 3 &amp;&amp; wildList.indexOf(symbol) != -1): null

2019-08-24 12:55:26 - [TEST_STEP][PASSED] - if (i == 4 &amp;&amp; wildList.indexOf(symbol) != -1): null

2019-08-24 12:55:26 - [TEST_STEP][PASSED] - symbol = symbol: null

2019-08-24 12:55:26 - [TEST_STEP][PASSED] - println(symbol): null

2019-08-24 12:55:26 - [TEST_STEP][PASSED] - if (i == 2 &amp;&amp; wildList.indexOf(symbol) != -1): null

2019-08-24 12:55:26 - [TEST_STEP][PASSED] - if (i == 3 &amp;&amp; wildList.indexOf(symbol) != -1): null

2019-08-24 12:55:26 - [TEST_STEP][PASSED] - if (i == 4 &amp;&amp; wildList.indexOf(symbol) != -1): null

2019-08-24 12:55:26 - [TEST_STEP][PASSED] - symbol = symbol: null

2019-08-24 12:55:26 - [TEST_STEP][PASSED] - println(symbol): null

2019-08-24 12:55:26 - [TEST_STEP][PASSED] - if (i == 2 &amp;&amp; wildList.indexOf(symbol) != -1): null

2019-08-24 12:55:26 - [TEST_STEP][PASSED] - if (i == 3 &amp;&amp; wildList.indexOf(symbol) != -1): null

2019-08-24 12:55:26 - [TEST_STEP][PASSED] - if (i == 4 &amp;&amp; wildList.indexOf(symbol) != -1): null

2019-08-24 12:55:26 - [TEST_STEP][PASSED] - symbols = symbols: null

2019-08-24 12:55:26 - [TEST_STEP][PASSED] - for ([j = 0, j &lt; symbols.size(), (j++)]): null

2019-08-24 12:55:26 - [TEST_STEP][PASSED] - symbol = symbol: null

2019-08-24 12:55:26 - [TEST_STEP][PASSED] - println(symbol): null

2019-08-24 12:55:26 - [TEST_STEP][PASSED] - if (i == 2 &amp;&amp; wildList.indexOf(symbol) != -1): null

2019-08-24 12:55:26 - [TEST_STEP][PASSED] - if (i == 3 &amp;&amp; wildList.indexOf(symbol) != -1): null

2019-08-24 12:55:26 - [TEST_STEP][PASSED] - if (i == 4 &amp;&amp; wildList.indexOf(symbol) != -1): null

2019-08-24 12:55:26 - [TEST_STEP][PASSED] - symbol = symbol: null

2019-08-24 12:55:26 - [TEST_STEP][PASSED] - println(symbol): null

2019-08-24 12:55:26 - [TEST_STEP][PASSED] - if (i == 2 &amp;&amp; wildList.indexOf(symbol) != -1): null

2019-08-24 12:55:26 - [TEST_STEP][PASSED] - println("wild found on reel 3, adding counter by 1"): null

2019-08-24 12:55:26 - [TEST_STEP][PASSED] - free_spin_reel_counter[0] = free_spin_reel_counter[0] + 1: null

2019-08-24 12:55:26 - [TEST_STEP][PASSED] - if (i == 3 &amp;&amp; wildList.indexOf(symbol) != -1): null

2019-08-24 12:55:26 - [TEST_STEP][PASSED] - if (i == 4 &amp;&amp; wildList.indexOf(symbol) != -1): null

2019-08-24 12:55:26 - [TEST_STEP][PASSED] - symbol = symbol: null

2019-08-24 12:55:26 - [TEST_STEP][PASSED] - println(symbol): null

2019-08-24 12:55:26 - [TEST_STEP][PASSED] - if (i == 2 &amp;&amp; wildList.indexOf(symbol) != -1): null

2019-08-24 12:55:26 - [TEST_STEP][PASSED] - if (i == 3 &amp;&amp; wildList.indexOf(symbol) != -1): null

2019-08-24 12:55:26 - [TEST_STEP][PASSED] - if (i == 4 &amp;&amp; wildList.indexOf(symbol) != -1): null

2019-08-24 12:55:26 - [TEST_STEP][PASSED] - symbols = symbols: null

2019-08-24 12:55:26 - [TEST_STEP][PASSED] - for ([j = 0, j &lt; symbols.size(), (j++)]): null

2019-08-24 12:55:26 - [TEST_STEP][PASSED] - symbol = symbol: null

2019-08-24 12:55:26 - [TEST_STEP][PASSED] - println(symbol): null

2019-08-24 12:55:26 - [TEST_STEP][PASSED] - if (i == 2 &amp;&amp; wildList.indexOf(symbol) != -1): null

2019-08-24 12:55:26 - [TEST_STEP][PASSED] - if (i == 3 &amp;&amp; wildList.indexOf(symbol) != -1): null

2019-08-24 12:55:26 - [TEST_STEP][PASSED] - if (i == 4 &amp;&amp; wildList.indexOf(symbol) != -1): null

2019-08-24 12:55:26 - [TEST_STEP][PASSED] - symbol = symbol: null

2019-08-24 12:55:26 - [TEST_STEP][PASSED] - println(symbol): null

2019-08-24 12:55:26 - [TEST_STEP][PASSED] - if (i == 2 &amp;&amp; wildList.indexOf(symbol) != -1): null

2019-08-24 12:55:26 - [TEST_STEP][PASSED] - if (i == 3 &amp;&amp; wildList.indexOf(symbol) != -1): null

2019-08-24 12:55:26 - [TEST_STEP][PASSED] - if (i == 4 &amp;&amp; wildList.indexOf(symbol) != -1): null

2019-08-24 12:55:26 - [TEST_STEP][PASSED] - symbol = symbol: null

2019-08-24 12:55:26 - [TEST_STEP][PASSED] - println(symbol): null

2019-08-24 12:55:26 - [TEST_STEP][PASSED] - if (i == 2 &amp;&amp; wildList.indexOf(symbol) != -1): null

2019-08-24 12:55:26 - [TEST_STEP][PASSED] - if (i == 3 &amp;&amp; wildList.indexOf(symbol) != -1): null

2019-08-24 12:55:26 - [TEST_STEP][PASSED] - if (i == 4 &amp;&amp; wildList.indexOf(symbol) != -1): null

2019-08-24 12:55:26 - [TEST_STEP][PASSED] - symbols = symbols: null

2019-08-24 12:55:26 - [TEST_STEP][PASSED] - for ([j = 0, j &lt; symbols.size(), (j++)]): null

2019-08-24 12:55:26 - [TEST_STEP][PASSED] - symbol = symbol: null

2019-08-24 12:55:26 - [TEST_STEP][PASSED] - println(symbol): null

2019-08-24 12:55:26 - [TEST_STEP][PASSED] - if (i == 2 &amp;&amp; wildList.indexOf(symbol) != -1): null

2019-08-24 12:55:26 - [TEST_STEP][PASSED] - if (i == 3 &amp;&amp; wildList.indexOf(symbol) != -1): null

2019-08-24 12:55:26 - [TEST_STEP][PASSED] - if (i == 4 &amp;&amp; wildList.indexOf(symbol) != -1): null

2019-08-24 12:55:26 - [TEST_STEP][PASSED] - symbol = symbol: null

2019-08-24 12:55:26 - [TEST_STEP][PASSED] - println(symbol): null

2019-08-24 12:55:26 - [TEST_STEP][PASSED] - if (i == 2 &amp;&amp; wildList.indexOf(symbol) != -1): null

2019-08-24 12:55:26 - [TEST_STEP][PASSED] - if (i == 3 &amp;&amp; wildList.indexOf(symbol) != -1): null

2019-08-24 12:55:26 - [TEST_STEP][PASSED] - if (i == 4 &amp;&amp; wildList.indexOf(symbol) != -1): null

2019-08-24 12:55:26 - [TEST_STEP][PASSED] - symbol = symbol: null

2019-08-24 12:55:26 - [TEST_STEP][PASSED] - println(symbol): null

2019-08-24 12:55:26 - [TEST_STEP][PASSED] - if (i == 2 &amp;&amp; wildList.indexOf(symbol) != -1): null

2019-08-24 12:55:26 - [TEST_STEP][PASSED] - if (i == 3 &amp;&amp; wildList.indexOf(symbol) != -1): null

2019-08-24 12:55:26 - [TEST_STEP][PASSED] - if (i == 4 &amp;&amp; wildList.indexOf(symbol) != -1): null

2019-08-24 12:55:26 - [TEST_STEP][PASSED] - println("wild found on reel 5, adding counter by 1"): null

2019-08-24 12:55:26 - [TEST_STEP][PASSED] - free_spin_reel_counter[2] = free_spin_reel_counter[2] + 1: null

2019-08-24 12:55:26 - [TEST_STEP][PASSED] - free_spin_reel_counter = free_spin_reel_counter: null

2019-08-24 12:55:26 - [TEST_STEP][PASSED] - println("reel 3 wild found: " + free_spin_reel_counter[0]): null

2019-08-24 12:55:26 - [TEST_STEP][PASSED] - println("reel 4 wild found: " + free_spin_reel_counter[1]): null

2019-08-24 12:55:26 - [TEST_STEP][PASSED] - println("reel 5 wild found: " + free_spin_reel_counter[2]): null

2019-08-24 12:55:26 - [TEST_STEP][PASSED] - M4_spin_reels = M4_spin_reels: null

2019-08-24 12:55:26 - [TEST_STEP][PASSED] - M4_spin_reels_symbols = symbol: null

2019-08-24 12:55:26 - [TEST_STEP][PASSED] - M4_spin_reels_symbols = M4_spin_reels_symbols: null

2019-08-24 12:55:26 - [TEST_STEP][PASSED] - M4_spin_reel_wins = reel_wins: null

2019-08-24 12:55:26 - [TEST_STEP][PASSED] - M4_spin_reel_wins = M4_spin_reel_wins: null

2019-08-24 12:55:26 - [TEST_STEP][PASSED] - println("GlobalVariable.M4_spin_reel_wins is: " + M4_spin_reel_wins): null

2019-08-24 12:55:26 - [TEST_STEP][PASSED] - M4_spin_total_bonus_win_this_round = total_bonus_win_this_round: null

2019-08-24 12:55:26 - [TEST_STEP][PASSED] - M4_spin_total_bonus_win_this_round = M4_spin_total_bonus_win_this_round: null

2019-08-24 12:55:26 - [TEST_STEP][PASSED] - println("GlobalVariable.M4_spin_total_bonus_win_this_round is: " + M4_spin_total_bonus_win_this_round): null

2019-08-24 12:55:26 - [TEST_STEP][PASSED] - M4_spin_bonus_spin_result = spin_result: null

2019-08-24 12:55:26 - [TEST_STEP][PASSED] - M4_spin_bonus_spin_result = M4_spin_bonus_spin_result: null

2019-08-24 12:55:26 - [MESSAGE][PASSED] - Verify response successfully

2019-08-24 12:55:26 - [MESSAGE][PASSED] - Send request and verify the response successfully

2019-08-24 12:55:26 - [TEST_STEP][PASSED] - if (M4_total_bonus_spins_int != 0 &amp;&amp; M4_spin_reels_symbols[2].contains("WILD_Double") || M4_spin_reels_symbols[4].contains("WILD_Triple")): null

2019-08-24 12:55:26 - [TEST_STEP][PASSED] - free_spin_reel_counter = free_spin_reel_counter: null

2019-08-24 12:55:26 - [TEST_STEP][PASSED] - M4_spin_reels_symbols = M4_spin_reels_symbols: null

2019-08-24 12:55:26 - [TEST_STEP][PASSED] - M4_total_bonus_spins = M4_total_bonus_spins: null

2019-08-24 12:55:26 - [TEST_STEP][PASSED] - spin_result = sendRequestAndVerify(findTestObject("INT/RGS(M4)/1_M4_spin", ["M4_login_user_id":M4_login_user_id, "rgs_session_token":rgs_session_token, "partner":Partner])): Send request and verify the response successfully

2019-08-24 12:55:27 - [MESSAGE][INFO] - HAR: /Users/eiralee/Katalon_Script/SuperWild/Reports/20190824_124242/INT/superWild_4/20190824_124242/requests/main/224.har

2019-08-24 12:55:27 - [TEST_CASE][PASSED] - Start Test Case : Verification: Verification accomplished successfully

2019-08-24 12:55:27 - [TEST_STEP][PASSED] - request = getInstance().getCurrentRequest(): null

2019-08-24 12:55:27 - [TEST_STEP][PASSED] - response = getInstance().getCurrentResponse(): null

2019-08-24 12:55:27 - [TEST_STEP][PASSED] - verifyResponseStatusCode(response, 200): Verify response status code successfully

2019-08-24 12:55:27 - [MESSAGE][PASSED] - Verify response status code successfully

2019-08-24 12:55:27 - [TEST_STEP][PASSED] - getStatusCode()).isEqualTo(200): null

2019-08-24 12:55:27 - [TEST_STEP][PASSED] - newline = System.getProperty("line.separator"): null

2019-08-24 12:55:27 - [TEST_STEP][PASSED] - M4_spin = new groovy.json.JsonSlurper(): null

2019-08-24 12:55:27 - [TEST_STEP][PASSED] - result_M4_spin = M4_spin.parseText(response.getResponseBodyContent()): null

2019-08-24 12:55:27 - [TEST_STEP][PASSED] - M4_spin_current_balance = current_balance: null

2019-08-24 12:55:27 - [TEST_STEP][PASSED] - M4_spin_current_balance = M4_spin_current_balance: null

2019-08-24 12:55:27 - [TEST_STEP][PASSED] - M4_spin_transaction_id = causality: null

2019-08-24 12:55:27 - [TEST_STEP][PASSED] - M4_spin_transaction_id = M4_spin_transaction_id: null

2019-08-24 12:55:27 - [TEST_STEP][PASSED] - M4_spin_round_id = round_id: null

2019-08-24 12:55:27 - [TEST_STEP][PASSED] - M4_spin_round_id = M4_spin_round_id: null

2019-08-24 12:55:27 - [TEST_STEP][PASSED] - M4_spin_line_wins = line_wins: null

2019-08-24 12:55:27 - [TEST_STEP][PASSED] - M4_spin_line_wins = M4_spin_line_wins: null

2019-08-24 12:55:27 - [TEST_STEP][PASSED] - M4_total_bonus_spins_int = total_bonus_spins: null

2019-08-24 12:55:27 - [TEST_STEP][PASSED] - println("******M4_total_bonus_spins type is:*******" + newline + getClass().getName()): null

2019-08-24 12:55:27 - [TEST_STEP][PASSED] - M4_total_bonus_spins_int = M4_total_bonus_spins_int: null

2019-08-24 12:55:27 - [TEST_STEP][PASSED] - M4_total_bonus_spins = Integer.toString(M4_total_bonus_spins_int): null

2019-08-24 12:55:27 - [TEST_STEP][PASSED] - M4_total_bonus_spins = M4_total_bonus_spins: null

2019-08-24 12:55:27 - [TEST_STEP][PASSED] - println("M4_total_bonus_spins is:" + M4_total_bonus_spins): null

2019-08-24 12:55:27 - [TEST_STEP][PASSED] - M4_spin_bonus_data = bonus_data: null

2019-08-24 12:55:27 - [TEST_STEP][PASSED] - M4_spin_features_triggered = result_M4_spin: null

2019-08-24 12:55:27 - [TEST_STEP][PASSED] - wild = []: null

2019-08-24 12:55:27 - [TEST_STEP][PASSED] - wild[0] = "WILD_Expanding": null

2019-08-24 12:55:27 - [TEST_STEP][PASSED] - wild[1] = "WILD_Normal": null

2019-08-24 12:55:27 - [TEST_STEP][PASSED] - wild[2] = "WILD_Double": null

2019-08-24 12:55:27 - [TEST_STEP][PASSED] - wild[3] = "WILD_ExtraFG": null

2019-08-24 12:55:27 - [TEST_STEP][PASSED] - wild[4] = "WILD_Triple": null

2019-08-24 12:55:27 - [TEST_STEP][PASSED] - wildList = Arrays.asList(wild): null

2019-08-24 12:55:27 - [TEST_STEP][PASSED] - wildList = wildList: null

2019-08-24 12:55:27 - [TEST_STEP][PASSED] - free_spin_reel_counter = []: null

2019-08-24 12:55:27 - [TEST_STEP][PASSED] - free_spin_reel_counter[0] = 0: null

2019-08-24 12:55:27 - [TEST_STEP][PASSED] - free_spin_reel_counter[1] = 0: null

2019-08-24 12:55:27 - [TEST_STEP][PASSED] - free_spin_reel_counter[2] = 0: null

2019-08-24 12:55:27 - [TEST_STEP][PASSED] - M4_spin_reels = reels: null

2019-08-24 12:55:27 - [TEST_STEP][PASSED] - for ([i = 0, i &lt; M4_spin_reels.size(), (i++)]): null

2019-08-24 12:55:27 - [TEST_STEP][PASSED] - symbols = symbols: null

2019-08-24 12:55:27 - [TEST_STEP][PASSED] - for ([j = 0, j &lt; symbols.size(), (j++)]): null

2019-08-24 12:55:27 - [TEST_STEP][PASSED] - symbol = symbol: null

2019-08-24 12:55:27 - [TEST_STEP][PASSED] - println(symbol): null

2019-08-24 12:55:27 - [TEST_STEP][PASSED] - if (i == 2 &amp;&amp; wildList.indexOf(symbol) != -1): null

2019-08-24 12:55:27 - [TEST_STEP][PASSED] - if (i == 3 &amp;&amp; wildList.indexOf(symbol) != -1): null

2019-08-24 12:55:27 - [TEST_STEP][PASSED] - if (i == 4 &amp;&amp; wildList.indexOf(symbol) != -1): null

2019-08-24 12:55:27 - [TEST_STEP][PASSED] - symbol = symbol: null

2019-08-24 12:55:27 - [TEST_STEP][PASSED] - println(symbol): null

2019-08-24 12:55:27 - [TEST_STEP][PASSED] - if (i == 2 &amp;&amp; wildList.indexOf(symbol) != -1): null

2019-08-24 12:55:27 - [TEST_STEP][PASSED] - if (i == 3 &amp;&amp; wildList.indexOf(symbol) != -1): null

2019-08-24 12:55:27 - [TEST_STEP][PASSED] - if (i == 4 &amp;&amp; wildList.indexOf(symbol) != -1): null

2019-08-24 12:55:27 - [TEST_STEP][PASSED] - symbol = symbol: null

2019-08-24 12:55:27 - [TEST_STEP][PASSED] - println(symbol): null

2019-08-24 12:55:27 - [TEST_STEP][PASSED] - if (i == 2 &amp;&amp; wildList.indexOf(symbol) != -1): null

2019-08-24 12:55:27 - [TEST_STEP][PASSED] - if (i == 3 &amp;&amp; wildList.indexOf(symbol) != -1): null

2019-08-24 12:55:27 - [TEST_STEP][PASSED] - if (i == 4 &amp;&amp; wildList.indexOf(symbol) != -1): null

2019-08-24 12:55:27 - [TEST_STEP][PASSED] - symbols = symbols: null

2019-08-24 12:55:27 - [TEST_STEP][PASSED] - for ([j = 0, j &lt; symbols.size(), (j++)]): null

2019-08-24 12:55:27 - [TEST_STEP][PASSED] - symbol = symbol: null

2019-08-24 12:55:27 - [TEST_STEP][PASSED] - println(symbol): null

2019-08-24 12:55:27 - [TEST_STEP][PASSED] - if (i == 2 &amp;&amp; wildList.indexOf(symbol) != -1): null

2019-08-24 12:55:27 - [TEST_STEP][PASSED] - if (i == 3 &amp;&amp; wildList.indexOf(symbol) != -1): null

2019-08-24 12:55:27 - [TEST_STEP][PASSED] - if (i == 4 &amp;&amp; wildList.indexOf(symbol) != -1): null

2019-08-24 12:55:27 - [TEST_STEP][PASSED] - symbol = symbol: null

2019-08-24 12:55:27 - [TEST_STEP][PASSED] - println(symbol): null

2019-08-24 12:55:27 - [TEST_STEP][PASSED] - if (i == 2 &amp;&amp; wildList.indexOf(symbol) != -1): null

2019-08-24 12:55:27 - [TEST_STEP][PASSED] - if (i == 3 &amp;&amp; wildList.indexOf(symbol) != -1): null

2019-08-24 12:55:27 - [TEST_STEP][PASSED] - if (i == 4 &amp;&amp; wildList.indexOf(symbol) != -1): null

2019-08-24 12:55:27 - [TEST_STEP][PASSED] - symbol = symbol: null

2019-08-24 12:55:27 - [TEST_STEP][PASSED] - println(symbol): null

2019-08-24 12:55:27 - [TEST_STEP][PASSED] - if (i == 2 &amp;&amp; wildList.indexOf(symbol) != -1): null

2019-08-24 12:55:27 - [TEST_STEP][PASSED] - if (i == 3 &amp;&amp; wildList.indexOf(symbol) != -1): null

2019-08-24 12:55:27 - [TEST_STEP][PASSED] - if (i == 4 &amp;&amp; wildList.indexOf(symbol) != -1): null

2019-08-24 12:55:27 - [TEST_STEP][PASSED] - symbols = symbols: null

2019-08-24 12:55:27 - [TEST_STEP][PASSED] - for ([j = 0, j &lt; symbols.size(), (j++)]): null

2019-08-24 12:55:27 - [TEST_STEP][PASSED] - symbol = symbol: null

2019-08-24 12:55:27 - [TEST_STEP][PASSED] - println(symbol): null

2019-08-24 12:55:27 - [TEST_STEP][PASSED] - if (i == 2 &amp;&amp; wildList.indexOf(symbol) != -1): null

2019-08-24 12:55:27 - [TEST_STEP][PASSED] - if (i == 3 &amp;&amp; wildList.indexOf(symbol) != -1): null

2019-08-24 12:55:27 - [TEST_STEP][PASSED] - if (i == 4 &amp;&amp; wildList.indexOf(symbol) != -1): null

2019-08-24 12:55:27 - [TEST_STEP][PASSED] - symbol = symbol: null

2019-08-24 12:55:27 - [TEST_STEP][PASSED] - println(symbol): null

2019-08-24 12:55:27 - [TEST_STEP][PASSED] - if (i == 2 &amp;&amp; wildList.indexOf(symbol) != -1): null

2019-08-24 12:55:27 - [TEST_STEP][PASSED] - if (i == 3 &amp;&amp; wildList.indexOf(symbol) != -1): null

2019-08-24 12:55:27 - [TEST_STEP][PASSED] - if (i == 4 &amp;&amp; wildList.indexOf(symbol) != -1): null

2019-08-24 12:55:27 - [TEST_STEP][PASSED] - symbol = symbol: null

2019-08-24 12:55:27 - [TEST_STEP][PASSED] - println(symbol): null

2019-08-24 12:55:27 - [TEST_STEP][PASSED] - if (i == 2 &amp;&amp; wildList.indexOf(symbol) != -1): null

2019-08-24 12:55:27 - [TEST_STEP][PASSED] - if (i == 3 &amp;&amp; wildList.indexOf(symbol) != -1): null

2019-08-24 12:55:27 - [TEST_STEP][PASSED] - if (i == 4 &amp;&amp; wildList.indexOf(symbol) != -1): null

2019-08-24 12:55:27 - [TEST_STEP][PASSED] - symbols = symbols: null

2019-08-24 12:55:27 - [TEST_STEP][PASSED] - for ([j = 0, j &lt; symbols.size(), (j++)]): null

2019-08-24 12:55:27 - [TEST_STEP][PASSED] - symbol = symbol: null

2019-08-24 12:55:27 - [TEST_STEP][PASSED] - println(symbol): null

2019-08-24 12:55:27 - [TEST_STEP][PASSED] - if (i == 2 &amp;&amp; wildList.indexOf(symbol) != -1): null

2019-08-24 12:55:27 - [TEST_STEP][PASSED] - if (i == 3 &amp;&amp; wildList.indexOf(symbol) != -1): null

2019-08-24 12:55:27 - [TEST_STEP][PASSED] - if (i == 4 &amp;&amp; wildList.indexOf(symbol) != -1): null

2019-08-24 12:55:27 - [TEST_STEP][PASSED] - symbol = symbol: null

2019-08-24 12:55:27 - [TEST_STEP][PASSED] - println(symbol): null

2019-08-24 12:55:27 - [TEST_STEP][PASSED] - if (i == 2 &amp;&amp; wildList.indexOf(symbol) != -1): null

2019-08-24 12:55:27 - [TEST_STEP][PASSED] - if (i == 3 &amp;&amp; wildList.indexOf(symbol) != -1): null

2019-08-24 12:55:27 - [TEST_STEP][PASSED] - if (i == 4 &amp;&amp; wildList.indexOf(symbol) != -1): null

2019-08-24 12:55:27 - [TEST_STEP][PASSED] - symbol = symbol: null

2019-08-24 12:55:27 - [TEST_STEP][PASSED] - println(symbol): null

2019-08-24 12:55:27 - [TEST_STEP][PASSED] - if (i == 2 &amp;&amp; wildList.indexOf(symbol) != -1): null

2019-08-24 12:55:27 - [TEST_STEP][PASSED] - if (i == 3 &amp;&amp; wildList.indexOf(symbol) != -1): null

2019-08-24 12:55:27 - [TEST_STEP][PASSED] - if (i == 4 &amp;&amp; wildList.indexOf(symbol) != -1): null

2019-08-24 12:55:27 - [TEST_STEP][PASSED] - symbols = symbols: null

2019-08-24 12:55:27 - [TEST_STEP][PASSED] - for ([j = 0, j &lt; symbols.size(), (j++)]): null

2019-08-24 12:55:27 - [TEST_STEP][PASSED] - symbol = symbol: null

2019-08-24 12:55:27 - [TEST_STEP][PASSED] - println(symbol): null

2019-08-24 12:55:27 - [TEST_STEP][PASSED] - if (i == 2 &amp;&amp; wildList.indexOf(symbol) != -1): null

2019-08-24 12:55:27 - [TEST_STEP][PASSED] - if (i == 3 &amp;&amp; wildList.indexOf(symbol) != -1): null

2019-08-24 12:55:27 - [TEST_STEP][PASSED] - if (i == 4 &amp;&amp; wildList.indexOf(symbol) != -1): null

2019-08-24 12:55:27 - [TEST_STEP][PASSED] - symbol = symbol: null

2019-08-24 12:55:27 - [TEST_STEP][PASSED] - println(symbol): null

2019-08-24 12:55:27 - [TEST_STEP][PASSED] - if (i == 2 &amp;&amp; wildList.indexOf(symbol) != -1): null

2019-08-24 12:55:27 - [TEST_STEP][PASSED] - if (i == 3 &amp;&amp; wildList.indexOf(symbol) != -1): null

2019-08-24 12:55:27 - [TEST_STEP][PASSED] - if (i == 4 &amp;&amp; wildList.indexOf(symbol) != -1): null

2019-08-24 12:55:27 - [TEST_STEP][PASSED] - symbol = symbol: null

2019-08-24 12:55:27 - [TEST_STEP][PASSED] - println(symbol): null

2019-08-24 12:55:27 - [TEST_STEP][PASSED] - if (i == 2 &amp;&amp; wildList.indexOf(symbol) != -1): null

2019-08-24 12:55:27 - [TEST_STEP][PASSED] - if (i == 3 &amp;&amp; wildList.indexOf(symbol) != -1): null

2019-08-24 12:55:27 - [TEST_STEP][PASSED] - if (i == 4 &amp;&amp; wildList.indexOf(symbol) != -1): null

2019-08-24 12:55:27 - [TEST_STEP][PASSED] - free_spin_reel_counter = free_spin_reel_counter: null

2019-08-24 12:55:27 - [TEST_STEP][PASSED] - println("reel 3 wild found: " + free_spin_reel_counter[0]): null

2019-08-24 12:55:27 - [TEST_STEP][PASSED] - println("reel 4 wild found: " + free_spin_reel_counter[1]): null

2019-08-24 12:55:27 - [TEST_STEP][PASSED] - println("reel 5 wild found: " + free_spin_reel_counter[2]): null

2019-08-24 12:55:27 - [TEST_STEP][PASSED] - M4_spin_reels = M4_spin_reels: null

2019-08-24 12:55:27 - [TEST_STEP][PASSED] - M4_spin_reels_symbols = symbol: null

2019-08-24 12:55:27 - [TEST_STEP][PASSED] - M4_spin_reels_symbols = M4_spin_reels_symbols: null

2019-08-24 12:55:27 - [TEST_STEP][PASSED] - M4_spin_reel_wins = reel_wins: null

2019-08-24 12:55:27 - [TEST_STEP][PASSED] - M4_spin_reel_wins = M4_spin_reel_wins: null

2019-08-24 12:55:27 - [TEST_STEP][PASSED] - println("GlobalVariable.M4_spin_reel_wins is: " + M4_spin_reel_wins): null

2019-08-24 12:55:27 - [TEST_STEP][PASSED] - M4_spin_total_bonus_win_this_round = total_bonus_win_this_round: null

2019-08-24 12:55:27 - [TEST_STEP][PASSED] - M4_spin_total_bonus_win_this_round = M4_spin_total_bonus_win_this_round: null

2019-08-24 12:55:27 - [TEST_STEP][PASSED] - println("GlobalVariable.M4_spin_total_bonus_win_this_round is: " + M4_spin_total_bonus_win_this_round): null

2019-08-24 12:55:27 - [TEST_STEP][PASSED] - M4_spin_bonus_spin_result = spin_result: null

2019-08-24 12:55:27 - [TEST_STEP][PASSED] - M4_spin_bonus_spin_result = M4_spin_bonus_spin_result: null

2019-08-24 12:55:27 - [MESSAGE][PASSED] - Verify response successfully

2019-08-24 12:55:27 - [MESSAGE][PASSED] - Send request and verify the response successfully

2019-08-24 12:55:27 - [TEST_STEP][PASSED] - if (M4_total_bonus_spins_int != 0 &amp;&amp; M4_spin_reels_symbols[2].contains("WILD_Double") || M4_spin_reels_symbols[4].contains("WILD_Triple")): null

2019-08-24 12:55:27 - [TEST_STEP][PASSED] - free_spin_reel_counter = free_spin_reel_counter: null

2019-08-24 12:55:27 - [TEST_STEP][PASSED] - M4_spin_reels_symbols = M4_spin_reels_symbols: null

2019-08-24 12:55:27 - [TEST_STEP][PASSED] - M4_total_bonus_spins = M4_total_bonus_spins: null

2019-08-24 12:55:27 - [TEST_STEP][PASSED] - spin_result = sendRequestAndVerify(findTestObject("INT/RGS(M4)/1_M4_spin", ["M4_login_user_id":M4_login_user_id, "rgs_session_token":rgs_session_token, "partner":Partner])): Send request and verify the response successfully

2019-08-24 12:55:27 - [MESSAGE][INFO] - HAR: /Users/eiralee/Katalon_Script/SuperWild/Reports/20190824_124242/INT/superWild_4/20190824_124242/requests/main/225.har

2019-08-24 12:55:27 - [TEST_CASE][PASSED] - Start Test Case : Verification: Verification accomplished successfully

2019-08-24 12:55:27 - [TEST_STEP][PASSED] - request = getInstance().getCurrentRequest(): null

2019-08-24 12:55:28 - [TEST_STEP][PASSED] - response = getInstance().getCurrentResponse(): null

2019-08-24 12:55:28 - [TEST_STEP][PASSED] - verifyResponseStatusCode(response, 200): Verify response status code successfully

2019-08-24 12:55:28 - [MESSAGE][PASSED] - Verify response status code successfully

2019-08-24 12:55:28 - [TEST_STEP][PASSED] - getStatusCode()).isEqualTo(200): null

2019-08-24 12:55:28 - [TEST_STEP][PASSED] - newline = System.getProperty("line.separator"): null

2019-08-24 12:55:28 - [TEST_STEP][PASSED] - M4_spin = new groovy.json.JsonSlurper(): null

2019-08-24 12:55:28 - [TEST_STEP][PASSED] - result_M4_spin = M4_spin.parseText(response.getResponseBodyContent()): null

2019-08-24 12:55:28 - [TEST_STEP][PASSED] - M4_spin_current_balance = current_balance: null

2019-08-24 12:55:28 - [TEST_STEP][PASSED] - M4_spin_current_balance = M4_spin_current_balance: null

2019-08-24 12:55:28 - [TEST_STEP][PASSED] - M4_spin_transaction_id = causality: null

2019-08-24 12:55:28 - [TEST_STEP][PASSED] - M4_spin_transaction_id = M4_spin_transaction_id: null

2019-08-24 12:55:28 - [TEST_STEP][PASSED] - M4_spin_round_id = round_id: null

2019-08-24 12:55:28 - [TEST_STEP][PASSED] - M4_spin_round_id = M4_spin_round_id: null

2019-08-24 12:55:28 - [TEST_STEP][PASSED] - M4_spin_line_wins = line_wins: null

2019-08-24 12:55:28 - [TEST_STEP][PASSED] - M4_spin_line_wins = M4_spin_line_wins: null

2019-08-24 12:55:28 - [TEST_STEP][PASSED] - M4_total_bonus_spins_int = total_bonus_spins: null

2019-08-24 12:55:28 - [TEST_STEP][PASSED] - println("******M4_total_bonus_spins type is:*******" + newline + getClass().getName()): null

2019-08-24 12:55:28 - [TEST_STEP][PASSED] - M4_total_bonus_spins_int = M4_total_bonus_spins_int: null

2019-08-24 12:55:28 - [TEST_STEP][PASSED] - M4_total_bonus_spins = Integer.toString(M4_total_bonus_spins_int): null

2019-08-24 12:55:28 - [TEST_STEP][PASSED] - M4_total_bonus_spins = M4_total_bonus_spins: null

2019-08-24 12:55:28 - [TEST_STEP][PASSED] - println("M4_total_bonus_spins is:" + M4_total_bonus_spins): null

2019-08-24 12:55:28 - [TEST_STEP][PASSED] - M4_spin_bonus_data = bonus_data: null

2019-08-24 12:55:28 - [TEST_STEP][PASSED] - M4_spin_features_triggered = result_M4_spin: null

2019-08-24 12:55:28 - [TEST_STEP][PASSED] - wild = []: null

2019-08-24 12:55:28 - [TEST_STEP][PASSED] - wild[0] = "WILD_Expanding": null

2019-08-24 12:55:28 - [TEST_STEP][PASSED] - wild[1] = "WILD_Normal": null

2019-08-24 12:55:28 - [TEST_STEP][PASSED] - wild[2] = "WILD_Double": null

2019-08-24 12:55:28 - [TEST_STEP][PASSED] - wild[3] = "WILD_ExtraFG": null

2019-08-24 12:55:28 - [TEST_STEP][PASSED] - wild[4] = "WILD_Triple": null

2019-08-24 12:55:28 - [TEST_STEP][PASSED] - wildList = Arrays.asList(wild): null

2019-08-24 12:55:28 - [TEST_STEP][PASSED] - wildList = wildList: null

2019-08-24 12:55:28 - [TEST_STEP][PASSED] - free_spin_reel_counter = []: null

2019-08-24 12:55:28 - [TEST_STEP][PASSED] - free_spin_reel_counter[0] = 0: null

2019-08-24 12:55:28 - [TEST_STEP][PASSED] - free_spin_reel_counter[1] = 0: null

2019-08-24 12:55:28 - [TEST_STEP][PASSED] - free_spin_reel_counter[2] = 0: null

2019-08-24 12:55:28 - [TEST_STEP][PASSED] - M4_spin_reels = reels: null

2019-08-24 12:55:28 - [TEST_STEP][PASSED] - for ([i = 0, i &lt; M4_spin_reels.size(), (i++)]): null

2019-08-24 12:55:28 - [TEST_STEP][PASSED] - symbols = symbols: null

2019-08-24 12:55:28 - [TEST_STEP][PASSED] - for ([j = 0, j &lt; symbols.size(), (j++)]): null

2019-08-24 12:55:28 - [TEST_STEP][PASSED] - symbol = symbol: null

2019-08-24 12:55:28 - [TEST_STEP][PASSED] - println(symbol): null

2019-08-24 12:55:28 - [TEST_STEP][PASSED] - if (i == 2 &amp;&amp; wildList.indexOf(symbol) != -1): null

2019-08-24 12:55:28 - [TEST_STEP][PASSED] - if (i == 3 &amp;&amp; wildList.indexOf(symbol) != -1): null

2019-08-24 12:55:28 - [TEST_STEP][PASSED] - if (i == 4 &amp;&amp; wildList.indexOf(symbol) != -1): null

2019-08-24 12:55:28 - [TEST_STEP][PASSED] - symbol = symbol: null

2019-08-24 12:55:28 - [TEST_STEP][PASSED] - println(symbol): null

2019-08-24 12:55:28 - [TEST_STEP][PASSED] - if (i == 2 &amp;&amp; wildList.indexOf(symbol) != -1): null

2019-08-24 12:55:28 - [TEST_STEP][PASSED] - if (i == 3 &amp;&amp; wildList.indexOf(symbol) != -1): null

2019-08-24 12:55:28 - [TEST_STEP][PASSED] - if (i == 4 &amp;&amp; wildList.indexOf(symbol) != -1): null

2019-08-24 12:55:28 - [TEST_STEP][PASSED] - symbol = symbol: null

2019-08-24 12:55:28 - [TEST_STEP][PASSED] - println(symbol): null

2019-08-24 12:55:28 - [TEST_STEP][PASSED] - if (i == 2 &amp;&amp; wildList.indexOf(symbol) != -1): null

2019-08-24 12:55:28 - [TEST_STEP][PASSED] - if (i == 3 &amp;&amp; wildList.indexOf(symbol) != -1): null

2019-08-24 12:55:28 - [TEST_STEP][PASSED] - if (i == 4 &amp;&amp; wildList.indexOf(symbol) != -1): null

2019-08-24 12:55:28 - [TEST_STEP][PASSED] - symbols = symbols: null

2019-08-24 12:55:28 - [TEST_STEP][PASSED] - for ([j = 0, j &lt; symbols.size(), (j++)]): null

2019-08-24 12:55:28 - [TEST_STEP][PASSED] - symbol = symbol: null

2019-08-24 12:55:28 - [TEST_STEP][PASSED] - println(symbol): null

2019-08-24 12:55:28 - [TEST_STEP][PASSED] - if (i == 2 &amp;&amp; wildList.indexOf(symbol) != -1): null

2019-08-24 12:55:28 - [TEST_STEP][PASSED] - if (i == 3 &amp;&amp; wildList.indexOf(symbol) != -1): null

2019-08-24 12:55:28 - [TEST_STEP][PASSED] - if (i == 4 &amp;&amp; wildList.indexOf(symbol) != -1): null

2019-08-24 12:55:28 - [TEST_STEP][PASSED] - symbol = symbol: null

2019-08-24 12:55:28 - [TEST_STEP][PASSED] - println(symbol): null

2019-08-24 12:55:28 - [TEST_STEP][PASSED] - if (i == 2 &amp;&amp; wildList.indexOf(symbol) != -1): null

2019-08-24 12:55:28 - [TEST_STEP][PASSED] - if (i == 3 &amp;&amp; wildList.indexOf(symbol) != -1): null

2019-08-24 12:55:28 - [TEST_STEP][PASSED] - if (i == 4 &amp;&amp; wildList.indexOf(symbol) != -1): null

2019-08-24 12:55:28 - [TEST_STEP][PASSED] - symbol = symbol: null

2019-08-24 12:55:28 - [TEST_STEP][PASSED] - println(symbol): null

2019-08-24 12:55:28 - [TEST_STEP][PASSED] - if (i == 2 &amp;&amp; wildList.indexOf(symbol) != -1): null

2019-08-24 12:55:28 - [TEST_STEP][PASSED] - if (i == 3 &amp;&amp; wildList.indexOf(symbol) != -1): null

2019-08-24 12:55:28 - [TEST_STEP][PASSED] - if (i == 4 &amp;&amp; wildList.indexOf(symbol) != -1): null

2019-08-24 12:55:28 - [TEST_STEP][PASSED] - symbols = symbols: null

2019-08-24 12:55:28 - [TEST_STEP][PASSED] - for ([j = 0, j &lt; symbols.size(), (j++)]): null

2019-08-24 12:55:28 - [TEST_STEP][PASSED] - symbol = symbol: null

2019-08-24 12:55:28 - [TEST_STEP][PASSED] - println(symbol): null

2019-08-24 12:55:28 - [TEST_STEP][PASSED] - if (i == 2 &amp;&amp; wildList.indexOf(symbol) != -1): null

2019-08-24 12:55:28 - [TEST_STEP][PASSED] - if (i == 3 &amp;&amp; wildList.indexOf(symbol) != -1): null

2019-08-24 12:55:28 - [TEST_STEP][PASSED] - if (i == 4 &amp;&amp; wildList.indexOf(symbol) != -1): null

2019-08-24 12:55:28 - [TEST_STEP][PASSED] - symbol = symbol: null

2019-08-24 12:55:28 - [TEST_STEP][PASSED] - println(symbol): null

2019-08-24 12:55:28 - [TEST_STEP][PASSED] - if (i == 2 &amp;&amp; wildList.indexOf(symbol) != -1): null

2019-08-24 12:55:28 - [TEST_STEP][PASSED] - if (i == 3 &amp;&amp; wildList.indexOf(symbol) != -1): null

2019-08-24 12:55:28 - [TEST_STEP][PASSED] - if (i == 4 &amp;&amp; wildList.indexOf(symbol) != -1): null

2019-08-24 12:55:28 - [TEST_STEP][PASSED] - symbol = symbol: null

2019-08-24 12:55:28 - [TEST_STEP][PASSED] - println(symbol): null

2019-08-24 12:55:28 - [TEST_STEP][PASSED] - if (i == 2 &amp;&amp; wildList.indexOf(symbol) != -1): null

2019-08-24 12:55:28 - [TEST_STEP][PASSED] - println("wild found on reel 3, adding counter by 1"): null

2019-08-24 12:55:28 - [TEST_STEP][PASSED] - free_spin_reel_counter[0] = free_spin_reel_counter[0] + 1: null

2019-08-24 12:55:28 - [TEST_STEP][PASSED] - if (i == 3 &amp;&amp; wildList.indexOf(symbol) != -1): null

2019-08-24 12:55:28 - [TEST_STEP][PASSED] - if (i == 4 &amp;&amp; wildList.indexOf(symbol) != -1): null

2019-08-24 12:55:28 - [TEST_STEP][PASSED] - symbols = symbols: null

2019-08-24 12:55:28 - [TEST_STEP][PASSED] - for ([j = 0, j &lt; symbols.size(), (j++)]): null

2019-08-24 12:55:28 - [TEST_STEP][PASSED] - symbol = symbol: null

2019-08-24 12:55:28 - [TEST_STEP][PASSED] - println(symbol): null

2019-08-24 12:55:28 - [TEST_STEP][PASSED] - if (i == 2 &amp;&amp; wildList.indexOf(symbol) != -1): null

2019-08-24 12:55:28 - [TEST_STEP][PASSED] - if (i == 3 &amp;&amp; wildList.indexOf(symbol) != -1): null

2019-08-24 12:55:28 - [TEST_STEP][PASSED] - println("wild found on reel 4, adding counter by 1"): null

2019-08-24 12:55:28 - [TEST_STEP][PASSED] - free_spin_reel_counter[1] = free_spin_reel_counter[1] + 1: null

2019-08-24 12:55:28 - [TEST_STEP][PASSED] - if (i == 4 &amp;&amp; wildList.indexOf(symbol) != -1): null

2019-08-24 12:55:28 - [TEST_STEP][PASSED] - symbol = symbol: null

2019-08-24 12:55:28 - [TEST_STEP][PASSED] - println(symbol): null

2019-08-24 12:55:28 - [TEST_STEP][PASSED] - if (i == 2 &amp;&amp; wildList.indexOf(symbol) != -1): null

2019-08-24 12:55:28 - [TEST_STEP][PASSED] - if (i == 3 &amp;&amp; wildList.indexOf(symbol) != -1): null

2019-08-24 12:55:28 - [TEST_STEP][PASSED] - if (i == 4 &amp;&amp; wildList.indexOf(symbol) != -1): null

2019-08-24 12:55:28 - [TEST_STEP][PASSED] - symbol = symbol: null

2019-08-24 12:55:28 - [TEST_STEP][PASSED] - println(symbol): null

2019-08-24 12:55:28 - [TEST_STEP][PASSED] - if (i == 2 &amp;&amp; wildList.indexOf(symbol) != -1): null

2019-08-24 12:55:28 - [TEST_STEP][PASSED] - if (i == 3 &amp;&amp; wildList.indexOf(symbol) != -1): null

2019-08-24 12:55:28 - [TEST_STEP][PASSED] - if (i == 4 &amp;&amp; wildList.indexOf(symbol) != -1): null

2019-08-24 12:55:28 - [TEST_STEP][PASSED] - symbols = symbols: null

2019-08-24 12:55:28 - [TEST_STEP][PASSED] - for ([j = 0, j &lt; symbols.size(), (j++)]): null

2019-08-24 12:55:28 - [TEST_STEP][PASSED] - symbol = symbol: null

2019-08-24 12:55:28 - [TEST_STEP][PASSED] - println(symbol): null

2019-08-24 12:55:28 - [TEST_STEP][PASSED] - if (i == 2 &amp;&amp; wildList.indexOf(symbol) != -1): null

2019-08-24 12:55:28 - [TEST_STEP][PASSED] - if (i == 3 &amp;&amp; wildList.indexOf(symbol) != -1): null

2019-08-24 12:55:28 - [TEST_STEP][PASSED] - if (i == 4 &amp;&amp; wildList.indexOf(symbol) != -1): null

2019-08-24 12:55:28 - [TEST_STEP][PASSED] - symbol = symbol: null

2019-08-24 12:55:28 - [TEST_STEP][PASSED] - println(symbol): null

2019-08-24 12:55:28 - [TEST_STEP][PASSED] - if (i == 2 &amp;&amp; wildList.indexOf(symbol) != -1): null

2019-08-24 12:55:28 - [TEST_STEP][PASSED] - if (i == 3 &amp;&amp; wildList.indexOf(symbol) != -1): null

2019-08-24 12:55:28 - [TEST_STEP][PASSED] - if (i == 4 &amp;&amp; wildList.indexOf(symbol) != -1): null

2019-08-24 12:55:28 - [TEST_STEP][PASSED] - println("wild found on reel 5, adding counter by 1"): null

2019-08-24 12:55:28 - [TEST_STEP][PASSED] - free_spin_reel_counter[2] = free_spin_reel_counter[2] + 1: null

2019-08-24 12:55:28 - [TEST_STEP][PASSED] - symbol = symbol: null

2019-08-24 12:55:28 - [TEST_STEP][PASSED] - println(symbol): null

2019-08-24 12:55:28 - [TEST_STEP][PASSED] - if (i == 2 &amp;&amp; wildList.indexOf(symbol) != -1): null

2019-08-24 12:55:28 - [TEST_STEP][PASSED] - if (i == 3 &amp;&amp; wildList.indexOf(symbol) != -1): null

2019-08-24 12:55:28 - [TEST_STEP][PASSED] - if (i == 4 &amp;&amp; wildList.indexOf(symbol) != -1): null

2019-08-24 12:55:28 - [TEST_STEP][PASSED] - free_spin_reel_counter = free_spin_reel_counter: null

2019-08-24 12:55:28 - [TEST_STEP][PASSED] - println("reel 3 wild found: " + free_spin_reel_counter[0]): null

2019-08-24 12:55:28 - [TEST_STEP][PASSED] - println("reel 4 wild found: " + free_spin_reel_counter[1]): null

2019-08-24 12:55:28 - [TEST_STEP][PASSED] - println("reel 5 wild found: " + free_spin_reel_counter[2]): null

2019-08-24 12:55:28 - [TEST_STEP][PASSED] - M4_spin_reels = M4_spin_reels: null

2019-08-24 12:55:28 - [TEST_STEP][PASSED] - M4_spin_reels_symbols = symbol: null

2019-08-24 12:55:28 - [TEST_STEP][PASSED] - M4_spin_reels_symbols = M4_spin_reels_symbols: null

2019-08-24 12:55:28 - [TEST_STEP][PASSED] - M4_spin_reel_wins = reel_wins: null

2019-08-24 12:55:28 - [TEST_STEP][PASSED] - M4_spin_reel_wins = M4_spin_reel_wins: null

2019-08-24 12:55:28 - [TEST_STEP][PASSED] - println("GlobalVariable.M4_spin_reel_wins is: " + M4_spin_reel_wins): null

2019-08-24 12:55:28 - [TEST_STEP][PASSED] - M4_spin_total_bonus_win_this_round = total_bonus_win_this_round: null

2019-08-24 12:55:28 - [TEST_STEP][PASSED] - M4_spin_total_bonus_win_this_round = M4_spin_total_bonus_win_this_round: null

2019-08-24 12:55:28 - [TEST_STEP][PASSED] - println("GlobalVariable.M4_spin_total_bonus_win_this_round is: " + M4_spin_total_bonus_win_this_round): null

2019-08-24 12:55:28 - [TEST_STEP][PASSED] - M4_spin_bonus_spin_result = spin_result: null

2019-08-24 12:55:28 - [TEST_STEP][PASSED] - M4_spin_bonus_spin_result = M4_spin_bonus_spin_result: null

2019-08-24 12:55:28 - [MESSAGE][PASSED] - Verify response successfully

2019-08-24 12:55:28 - [MESSAGE][PASSED] - Send request and verify the response successfully

2019-08-24 12:55:28 - [TEST_STEP][PASSED] - if (M4_total_bonus_spins_int != 0 &amp;&amp; M4_spin_reels_symbols[2].contains("WILD_Double") || M4_spin_reels_symbols[4].contains("WILD_Triple")): null

2019-08-24 12:55:28 - [TEST_STEP][PASSED] - free_spin_reel_counter = free_spin_reel_counter: null

2019-08-24 12:55:28 - [TEST_STEP][PASSED] - M4_spin_reels_symbols = M4_spin_reels_symbols: null

2019-08-24 12:55:28 - [TEST_STEP][PASSED] - M4_total_bonus_spins = M4_total_bonus_spins: null

2019-08-24 12:55:28 - [TEST_STEP][PASSED] - spin_result = sendRequestAndVerify(findTestObject("INT/RGS(M4)/1_M4_spin", ["M4_login_user_id":M4_login_user_id, "rgs_session_token":rgs_session_token, "partner":Partner])): Send request and verify the response successfully

2019-08-24 12:55:28 - [MESSAGE][INFO] - HAR: /Users/eiralee/Katalon_Script/SuperWild/Reports/20190824_124242/INT/superWild_4/20190824_124242/requests/main/226.har

2019-08-24 12:55:28 - [TEST_CASE][PASSED] - Start Test Case : Verification: Verification accomplished successfully

2019-08-24 12:55:28 - [TEST_STEP][PASSED] - request = getInstance().getCurrentRequest(): null

2019-08-24 12:55:28 - [TEST_STEP][PASSED] - response = getInstance().getCurrentResponse(): null

2019-08-24 12:55:28 - [TEST_STEP][PASSED] - verifyResponseStatusCode(response, 200): Verify response status code successfully

2019-08-24 12:55:28 - [MESSAGE][PASSED] - Verify response status code successfully

2019-08-24 12:55:28 - [TEST_STEP][PASSED] - getStatusCode()).isEqualTo(200): null

2019-08-24 12:55:28 - [TEST_STEP][PASSED] - newline = System.getProperty("line.separator"): null

2019-08-24 12:55:28 - [TEST_STEP][PASSED] - M4_spin = new groovy.json.JsonSlurper(): null

2019-08-24 12:55:28 - [TEST_STEP][PASSED] - result_M4_spin = M4_spin.parseText(response.getResponseBodyContent()): null

2019-08-24 12:55:28 - [TEST_STEP][PASSED] - M4_spin_current_balance = current_balance: null

2019-08-24 12:55:28 - [TEST_STEP][PASSED] - M4_spin_current_balance = M4_spin_current_balance: null

2019-08-24 12:55:28 - [TEST_STEP][PASSED] - M4_spin_transaction_id = causality: null

2019-08-24 12:55:28 - [TEST_STEP][PASSED] - M4_spin_transaction_id = M4_spin_transaction_id: null

2019-08-24 12:55:28 - [TEST_STEP][PASSED] - M4_spin_round_id = round_id: null

2019-08-24 12:55:28 - [TEST_STEP][PASSED] - M4_spin_round_id = M4_spin_round_id: null

2019-08-24 12:55:28 - [TEST_STEP][PASSED] - M4_spin_line_wins = line_wins: null

2019-08-24 12:55:28 - [TEST_STEP][PASSED] - M4_spin_line_wins = M4_spin_line_wins: null

2019-08-24 12:55:28 - [TEST_STEP][PASSED] - M4_total_bonus_spins_int = total_bonus_spins: null

2019-08-24 12:55:28 - [TEST_STEP][PASSED] - println("******M4_total_bonus_spins type is:*******" + newline + getClass().getName()): null

2019-08-24 12:55:28 - [TEST_STEP][PASSED] - M4_total_bonus_spins_int = M4_total_bonus_spins_int: null

2019-08-24 12:55:28 - [TEST_STEP][PASSED] - M4_total_bonus_spins = Integer.toString(M4_total_bonus_spins_int): null

2019-08-24 12:55:28 - [TEST_STEP][PASSED] - M4_total_bonus_spins = M4_total_bonus_spins: null

2019-08-24 12:55:28 - [TEST_STEP][PASSED] - println("M4_total_bonus_spins is:" + M4_total_bonus_spins): null

2019-08-24 12:55:28 - [TEST_STEP][PASSED] - M4_spin_bonus_data = bonus_data: null

2019-08-24 12:55:28 - [TEST_STEP][PASSED] - M4_spin_features_triggered = result_M4_spin: null

2019-08-24 12:55:28 - [TEST_STEP][PASSED] - wild = []: null

2019-08-24 12:55:28 - [TEST_STEP][PASSED] - wild[0] = "WILD_Expanding": null

2019-08-24 12:55:28 - [TEST_STEP][PASSED] - wild[1] = "WILD_Normal": null

2019-08-24 12:55:28 - [TEST_STEP][PASSED] - wild[2] = "WILD_Double": null

2019-08-24 12:55:28 - [TEST_STEP][PASSED] - wild[3] = "WILD_ExtraFG": null

2019-08-24 12:55:28 - [TEST_STEP][PASSED] - wild[4] = "WILD_Triple": null

2019-08-24 12:55:28 - [TEST_STEP][PASSED] - wildList = Arrays.asList(wild): null

2019-08-24 12:55:28 - [TEST_STEP][PASSED] - wildList = wildList: null

2019-08-24 12:55:28 - [TEST_STEP][PASSED] - free_spin_reel_counter = []: null

2019-08-24 12:55:28 - [TEST_STEP][PASSED] - free_spin_reel_counter[0] = 0: null

2019-08-24 12:55:28 - [TEST_STEP][PASSED] - free_spin_reel_counter[1] = 0: null

2019-08-24 12:55:28 - [TEST_STEP][PASSED] - free_spin_reel_counter[2] = 0: null

2019-08-24 12:55:28 - [TEST_STEP][PASSED] - M4_spin_reels = reels: null

2019-08-24 12:55:28 - [TEST_STEP][PASSED] - for ([i = 0, i &lt; M4_spin_reels.size(), (i++)]): null

2019-08-24 12:55:28 - [TEST_STEP][PASSED] - symbols = symbols: null

2019-08-24 12:55:28 - [TEST_STEP][PASSED] - for ([j = 0, j &lt; symbols.size(), (j++)]): null

2019-08-24 12:55:28 - [TEST_STEP][PASSED] - symbol = symbol: null

2019-08-24 12:55:28 - [TEST_STEP][PASSED] - println(symbol): null

2019-08-24 12:55:28 - [TEST_STEP][PASSED] - if (i == 2 &amp;&amp; wildList.indexOf(symbol) != -1): null

2019-08-24 12:55:28 - [TEST_STEP][PASSED] - if (i == 3 &amp;&amp; wildList.indexOf(symbol) != -1): null

2019-08-24 12:55:28 - [TEST_STEP][PASSED] - if (i == 4 &amp;&amp; wildList.indexOf(symbol) != -1): null

2019-08-24 12:55:28 - [TEST_STEP][PASSED] - symbol = symbol: null

2019-08-24 12:55:28 - [TEST_STEP][PASSED] - println(symbol): null

2019-08-24 12:55:28 - [TEST_STEP][PASSED] - if (i == 2 &amp;&amp; wildList.indexOf(symbol) != -1): null

2019-08-24 12:55:28 - [TEST_STEP][PASSED] - if (i == 3 &amp;&amp; wildList.indexOf(symbol) != -1): null

2019-08-24 12:55:28 - [TEST_STEP][PASSED] - if (i == 4 &amp;&amp; wildList.indexOf(symbol) != -1): null

2019-08-24 12:55:28 - [TEST_STEP][PASSED] - symbol = symbol: null

2019-08-24 12:55:28 - [TEST_STEP][PASSED] - println(symbol): null

2019-08-24 12:55:28 - [TEST_STEP][PASSED] - if (i == 2 &amp;&amp; wildList.indexOf(symbol) != -1): null

2019-08-24 12:55:28 - [TEST_STEP][PASSED] - if (i == 3 &amp;&amp; wildList.indexOf(symbol) != -1): null

2019-08-24 12:55:28 - [TEST_STEP][PASSED] - if (i == 4 &amp;&amp; wildList.indexOf(symbol) != -1): null

2019-08-24 12:55:28 - [TEST_STEP][PASSED] - symbols = symbols: null

2019-08-24 12:55:28 - [TEST_STEP][PASSED] - for ([j = 0, j &lt; symbols.size(), (j++)]): null

2019-08-24 12:55:28 - [TEST_STEP][PASSED] - symbol = symbol: null

2019-08-24 12:55:28 - [TEST_STEP][PASSED] - println(symbol): null

2019-08-24 12:55:28 - [TEST_STEP][PASSED] - if (i == 2 &amp;&amp; wildList.indexOf(symbol) != -1): null

2019-08-24 12:55:28 - [TEST_STEP][PASSED] - if (i == 3 &amp;&amp; wildList.indexOf(symbol) != -1): null

2019-08-24 12:55:28 - [TEST_STEP][PASSED] - if (i == 4 &amp;&amp; wildList.indexOf(symbol) != -1): null

2019-08-24 12:55:28 - [TEST_STEP][PASSED] - symbol = symbol: null

2019-08-24 12:55:28 - [TEST_STEP][PASSED] - println(symbol): null

2019-08-24 12:55:28 - [TEST_STEP][PASSED] - if (i == 2 &amp;&amp; wildList.indexOf(symbol) != -1): null

2019-08-24 12:55:28 - [TEST_STEP][PASSED] - if (i == 3 &amp;&amp; wildList.indexOf(symbol) != -1): null

2019-08-24 12:55:28 - [TEST_STEP][PASSED] - if (i == 4 &amp;&amp; wildList.indexOf(symbol) != -1): null

2019-08-24 12:55:28 - [TEST_STEP][PASSED] - symbol = symbol: null

2019-08-24 12:55:28 - [TEST_STEP][PASSED] - println(symbol): null

2019-08-24 12:55:28 - [TEST_STEP][PASSED] - if (i == 2 &amp;&amp; wildList.indexOf(symbol) != -1): null

2019-08-24 12:55:28 - [TEST_STEP][PASSED] - if (i == 3 &amp;&amp; wildList.indexOf(symbol) != -1): null

2019-08-24 12:55:28 - [TEST_STEP][PASSED] - if (i == 4 &amp;&amp; wildList.indexOf(symbol) != -1): null

2019-08-24 12:55:28 - [TEST_STEP][PASSED] - symbols = symbols: null

2019-08-24 12:55:28 - [TEST_STEP][PASSED] - for ([j = 0, j &lt; symbols.size(), (j++)]): null

2019-08-24 12:55:28 - [TEST_STEP][PASSED] - symbol = symbol: null

2019-08-24 12:55:28 - [TEST_STEP][PASSED] - println(symbol): null

2019-08-24 12:55:28 - [TEST_STEP][PASSED] - if (i == 2 &amp;&amp; wildList.indexOf(symbol) != -1): null

2019-08-24 12:55:28 - [TEST_STEP][PASSED] - if (i == 3 &amp;&amp; wildList.indexOf(symbol) != -1): null

2019-08-24 12:55:28 - [TEST_STEP][PASSED] - if (i == 4 &amp;&amp; wildList.indexOf(symbol) != -1): null

2019-08-24 12:55:28 - [TEST_STEP][PASSED] - symbol = symbol: null

2019-08-24 12:55:28 - [TEST_STEP][PASSED] - println(symbol): null

2019-08-24 12:55:28 - [TEST_STEP][PASSED] - if (i == 2 &amp;&amp; wildList.indexOf(symbol) != -1): null

2019-08-24 12:55:28 - [TEST_STEP][PASSED] - if (i == 3 &amp;&amp; wildList.indexOf(symbol) != -1): null

2019-08-24 12:55:28 - [TEST_STEP][PASSED] - if (i == 4 &amp;&amp; wildList.indexOf(symbol) != -1): null

2019-08-24 12:55:28 - [TEST_STEP][PASSED] - symbol = symbol: null

2019-08-24 12:55:28 - [TEST_STEP][PASSED] - println(symbol): null

2019-08-24 12:55:28 - [TEST_STEP][PASSED] - if (i == 2 &amp;&amp; wildList.indexOf(symbol) != -1): null

2019-08-24 12:55:28 - [TEST_STEP][PASSED] - if (i == 3 &amp;&amp; wildList.indexOf(symbol) != -1): null

2019-08-24 12:55:28 - [TEST_STEP][PASSED] - if (i == 4 &amp;&amp; wildList.indexOf(symbol) != -1): null

2019-08-24 12:55:28 - [TEST_STEP][PASSED] - symbols = symbols: null

2019-08-24 12:55:28 - [TEST_STEP][PASSED] - for ([j = 0, j &lt; symbols.size(), (j++)]): null

2019-08-24 12:55:28 - [TEST_STEP][PASSED] - symbol = symbol: null

2019-08-24 12:55:28 - [TEST_STEP][PASSED] - println(symbol): null

2019-08-24 12:55:28 - [TEST_STEP][PASSED] - if (i == 2 &amp;&amp; wildList.indexOf(symbol) != -1): null

2019-08-24 12:55:28 - [TEST_STEP][PASSED] - if (i == 3 &amp;&amp; wildList.indexOf(symbol) != -1): null

2019-08-24 12:55:28 - [TEST_STEP][PASSED] - if (i == 4 &amp;&amp; wildList.indexOf(symbol) != -1): null

2019-08-24 12:55:28 - [TEST_STEP][PASSED] - symbol = symbol: null

2019-08-24 12:55:28 - [TEST_STEP][PASSED] - println(symbol): null

2019-08-24 12:55:28 - [TEST_STEP][PASSED] - if (i == 2 &amp;&amp; wildList.indexOf(symbol) != -1): null

2019-08-24 12:55:28 - [TEST_STEP][PASSED] - if (i == 3 &amp;&amp; wildList.indexOf(symbol) != -1): null

2019-08-24 12:55:28 - [TEST_STEP][PASSED] - if (i == 4 &amp;&amp; wildList.indexOf(symbol) != -1): null

2019-08-24 12:55:28 - [TEST_STEP][PASSED] - symbol = symbol: null

2019-08-24 12:55:28 - [TEST_STEP][PASSED] - println(symbol): null

2019-08-24 12:55:28 - [TEST_STEP][PASSED] - if (i == 2 &amp;&amp; wildList.indexOf(symbol) != -1): null

2019-08-24 12:55:28 - [TEST_STEP][PASSED] - if (i == 3 &amp;&amp; wildList.indexOf(symbol) != -1): null

2019-08-24 12:55:28 - [TEST_STEP][PASSED] - if (i == 4 &amp;&amp; wildList.indexOf(symbol) != -1): null

2019-08-24 12:55:28 - [TEST_STEP][PASSED] - symbols = symbols: null

2019-08-24 12:55:28 - [TEST_STEP][PASSED] - for ([j = 0, j &lt; symbols.size(), (j++)]): null

2019-08-24 12:55:28 - [TEST_STEP][PASSED] - symbol = symbol: null

2019-08-24 12:55:28 - [TEST_STEP][PASSED] - println(symbol): null

2019-08-24 12:55:28 - [TEST_STEP][PASSED] - if (i == 2 &amp;&amp; wildList.indexOf(symbol) != -1): null

2019-08-24 12:55:28 - [TEST_STEP][PASSED] - if (i == 3 &amp;&amp; wildList.indexOf(symbol) != -1): null

2019-08-24 12:55:28 - [TEST_STEP][PASSED] - if (i == 4 &amp;&amp; wildList.indexOf(symbol) != -1): null

2019-08-24 12:55:28 - [TEST_STEP][PASSED] - symbol = symbol: null

2019-08-24 12:55:28 - [TEST_STEP][PASSED] - println(symbol): null

2019-08-24 12:55:28 - [TEST_STEP][PASSED] - if (i == 2 &amp;&amp; wildList.indexOf(symbol) != -1): null

2019-08-24 12:55:28 - [TEST_STEP][PASSED] - if (i == 3 &amp;&amp; wildList.indexOf(symbol) != -1): null

2019-08-24 12:55:28 - [TEST_STEP][PASSED] - if (i == 4 &amp;&amp; wildList.indexOf(symbol) != -1): null

2019-08-24 12:55:28 - [TEST_STEP][PASSED] - symbol = symbol: null

2019-08-24 12:55:28 - [TEST_STEP][PASSED] - println(symbol): null

2019-08-24 12:55:28 - [TEST_STEP][PASSED] - if (i == 2 &amp;&amp; wildList.indexOf(symbol) != -1): null

2019-08-24 12:55:28 - [TEST_STEP][PASSED] - if (i == 3 &amp;&amp; wildList.indexOf(symbol) != -1): null

2019-08-24 12:55:28 - [TEST_STEP][PASSED] - if (i == 4 &amp;&amp; wildList.indexOf(symbol) != -1): null

2019-08-24 12:55:28 - [TEST_STEP][PASSED] - free_spin_reel_counter = free_spin_reel_counter: null

2019-08-24 12:55:28 - [TEST_STEP][PASSED] - println("reel 3 wild found: " + free_spin_reel_counter[0]): null

2019-08-24 12:55:28 - [TEST_STEP][PASSED] - println("reel 4 wild found: " + free_spin_reel_counter[1]): null

2019-08-24 12:55:28 - [TEST_STEP][PASSED] - println("reel 5 wild found: " + free_spin_reel_counter[2]): null

2019-08-24 12:55:28 - [TEST_STEP][PASSED] - M4_spin_reels = M4_spin_reels: null

2019-08-24 12:55:28 - [TEST_STEP][PASSED] - M4_spin_reels_symbols = symbol: null

2019-08-24 12:55:28 - [TEST_STEP][PASSED] - M4_spin_reels_symbols = M4_spin_reels_symbols: null

2019-08-24 12:55:28 - [TEST_STEP][PASSED] - M4_spin_reel_wins = reel_wins: null

2019-08-24 12:55:28 - [TEST_STEP][PASSED] - M4_spin_reel_wins = M4_spin_reel_wins: null

2019-08-24 12:55:28 - [TEST_STEP][PASSED] - println("GlobalVariable.M4_spin_reel_wins is: " + M4_spin_reel_wins): null

2019-08-24 12:55:28 - [TEST_STEP][PASSED] - M4_spin_total_bonus_win_this_round = total_bonus_win_this_round: null

2019-08-24 12:55:28 - [TEST_STEP][PASSED] - M4_spin_total_bonus_win_this_round = M4_spin_total_bonus_win_this_round: null

2019-08-24 12:55:28 - [TEST_STEP][PASSED] - println("GlobalVariable.M4_spin_total_bonus_win_this_round is: " + M4_spin_total_bonus_win_this_round): null

2019-08-24 12:55:28 - [TEST_STEP][PASSED] - M4_spin_bonus_spin_result = spin_result: null

2019-08-24 12:55:28 - [TEST_STEP][PASSED] - M4_spin_bonus_spin_result = M4_spin_bonus_spin_result: null

2019-08-24 12:55:28 - [MESSAGE][PASSED] - Verify response successfully

2019-08-24 12:55:28 - [MESSAGE][PASSED] - Send request and verify the response successfully

2019-08-24 12:55:28 - [TEST_STEP][PASSED] - if (M4_total_bonus_spins_int != 0 &amp;&amp; M4_spin_reels_symbols[2].contains("WILD_Double") || M4_spin_reels_symbols[4].contains("WILD_Triple")): null

2019-08-24 12:55:28 - [TEST_STEP][PASSED] - free_spin_reel_counter = free_spin_reel_counter: null

2019-08-24 12:55:28 - [TEST_STEP][PASSED] - M4_spin_reels_symbols = M4_spin_reels_symbols: null

2019-08-24 12:55:28 - [TEST_STEP][PASSED] - M4_total_bonus_spins = M4_total_bonus_spins: null

2019-08-24 12:55:28 - [TEST_STEP][PASSED] - spin_result = sendRequestAndVerify(findTestObject("INT/RGS(M4)/1_M4_spin", ["M4_login_user_id":M4_login_user_id, "rgs_session_token":rgs_session_token, "partner":Partner])): Send request and verify the response successfully

2019-08-24 12:55:28 - [MESSAGE][INFO] - HAR: /Users/eiralee/Katalon_Script/SuperWild/Reports/20190824_124242/INT/superWild_4/20190824_124242/requests/main/227.har

2019-08-24 12:55:29 - [TEST_CASE][PASSED] - Start Test Case : Verification: Verification accomplished successfully

2019-08-24 12:55:29 - [TEST_STEP][PASSED] - request = getInstance().getCurrentRequest(): null

2019-08-24 12:55:29 - [TEST_STEP][PASSED] - response = getInstance().getCurrentResponse(): null

2019-08-24 12:55:29 - [TEST_STEP][PASSED] - verifyResponseStatusCode(response, 200): Verify response status code successfully

2019-08-24 12:55:29 - [MESSAGE][PASSED] - Verify response status code successfully

2019-08-24 12:55:29 - [TEST_STEP][PASSED] - getStatusCode()).isEqualTo(200): null

2019-08-24 12:55:29 - [TEST_STEP][PASSED] - newline = System.getProperty("line.separator"): null

2019-08-24 12:55:29 - [TEST_STEP][PASSED] - M4_spin = new groovy.json.JsonSlurper(): null

2019-08-24 12:55:29 - [TEST_STEP][PASSED] - result_M4_spin = M4_spin.parseText(response.getResponseBodyContent()): null

2019-08-24 12:55:29 - [TEST_STEP][PASSED] - M4_spin_current_balance = current_balance: null

2019-08-24 12:55:29 - [TEST_STEP][PASSED] - M4_spin_current_balance = M4_spin_current_balance: null

2019-08-24 12:55:29 - [TEST_STEP][PASSED] - M4_spin_transaction_id = causality: null

2019-08-24 12:55:29 - [TEST_STEP][PASSED] - M4_spin_transaction_id = M4_spin_transaction_id: null

2019-08-24 12:55:29 - [TEST_STEP][PASSED] - M4_spin_round_id = round_id: null

2019-08-24 12:55:29 - [TEST_STEP][PASSED] - M4_spin_round_id = M4_spin_round_id: null

2019-08-24 12:55:29 - [TEST_STEP][PASSED] - M4_spin_line_wins = line_wins: null

2019-08-24 12:55:29 - [TEST_STEP][PASSED] - M4_spin_line_wins = M4_spin_line_wins: null

2019-08-24 12:55:29 - [TEST_STEP][PASSED] - M4_total_bonus_spins_int = total_bonus_spins: null

2019-08-24 12:55:29 - [TEST_STEP][PASSED] - println("******M4_total_bonus_spins type is:*******" + newline + getClass().getName()): null

2019-08-24 12:55:29 - [TEST_STEP][PASSED] - M4_total_bonus_spins_int = M4_total_bonus_spins_int: null

2019-08-24 12:55:29 - [TEST_STEP][PASSED] - M4_total_bonus_spins = Integer.toString(M4_total_bonus_spins_int): null

2019-08-24 12:55:29 - [TEST_STEP][PASSED] - M4_total_bonus_spins = M4_total_bonus_spins: null

2019-08-24 12:55:29 - [TEST_STEP][PASSED] - println("M4_total_bonus_spins is:" + M4_total_bonus_spins): null

2019-08-24 12:55:29 - [TEST_STEP][PASSED] - M4_spin_bonus_data = bonus_data: null

2019-08-24 12:55:29 - [TEST_STEP][PASSED] - M4_spin_features_triggered = result_M4_spin: null

2019-08-24 12:55:29 - [TEST_STEP][PASSED] - wild = []: null

2019-08-24 12:55:29 - [TEST_STEP][PASSED] - wild[0] = "WILD_Expanding": null

2019-08-24 12:55:29 - [TEST_STEP][PASSED] - wild[1] = "WILD_Normal": null

2019-08-24 12:55:29 - [TEST_STEP][PASSED] - wild[2] = "WILD_Double": null

2019-08-24 12:55:29 - [TEST_STEP][PASSED] - wild[3] = "WILD_ExtraFG": null

2019-08-24 12:55:29 - [TEST_STEP][PASSED] - wild[4] = "WILD_Triple": null

2019-08-24 12:55:29 - [TEST_STEP][PASSED] - wildList = Arrays.asList(wild): null

2019-08-24 12:55:29 - [TEST_STEP][PASSED] - wildList = wildList: null

2019-08-24 12:55:29 - [TEST_STEP][PASSED] - free_spin_reel_counter = []: null

2019-08-24 12:55:29 - [TEST_STEP][PASSED] - free_spin_reel_counter[0] = 0: null

2019-08-24 12:55:29 - [TEST_STEP][PASSED] - free_spin_reel_counter[1] = 0: null

2019-08-24 12:55:29 - [TEST_STEP][PASSED] - free_spin_reel_counter[2] = 0: null

2019-08-24 12:55:29 - [TEST_STEP][PASSED] - M4_spin_reels = reels: null

2019-08-24 12:55:29 - [TEST_STEP][PASSED] - for ([i = 0, i &lt; M4_spin_reels.size(), (i++)]): null

2019-08-24 12:55:29 - [TEST_STEP][PASSED] - symbols = symbols: null

2019-08-24 12:55:29 - [TEST_STEP][PASSED] - for ([j = 0, j &lt; symbols.size(), (j++)]): null

2019-08-24 12:55:29 - [TEST_STEP][PASSED] - symbol = symbol: null

2019-08-24 12:55:29 - [TEST_STEP][PASSED] - println(symbol): null

2019-08-24 12:55:29 - [TEST_STEP][PASSED] - if (i == 2 &amp;&amp; wildList.indexOf(symbol) != -1): null

2019-08-24 12:55:29 - [TEST_STEP][PASSED] - if (i == 3 &amp;&amp; wildList.indexOf(symbol) != -1): null

2019-08-24 12:55:29 - [TEST_STEP][PASSED] - if (i == 4 &amp;&amp; wildList.indexOf(symbol) != -1): null

2019-08-24 12:55:29 - [TEST_STEP][PASSED] - symbol = symbol: null

2019-08-24 12:55:29 - [TEST_STEP][PASSED] - println(symbol): null

2019-08-24 12:55:29 - [TEST_STEP][PASSED] - if (i == 2 &amp;&amp; wildList.indexOf(symbol) != -1): null

2019-08-24 12:55:29 - [TEST_STEP][PASSED] - if (i == 3 &amp;&amp; wildList.indexOf(symbol) != -1): null

2019-08-24 12:55:29 - [TEST_STEP][PASSED] - if (i == 4 &amp;&amp; wildList.indexOf(symbol) != -1): null

2019-08-24 12:55:29 - [TEST_STEP][PASSED] - symbol = symbol: null

2019-08-24 12:55:29 - [TEST_STEP][PASSED] - println(symbol): null

2019-08-24 12:55:29 - [TEST_STEP][PASSED] - if (i == 2 &amp;&amp; wildList.indexOf(symbol) != -1): null

2019-08-24 12:55:29 - [TEST_STEP][PASSED] - if (i == 3 &amp;&amp; wildList.indexOf(symbol) != -1): null

2019-08-24 12:55:29 - [TEST_STEP][PASSED] - if (i == 4 &amp;&amp; wildList.indexOf(symbol) != -1): null

2019-08-24 12:55:29 - [TEST_STEP][PASSED] - symbols = symbols: null

2019-08-24 12:55:29 - [TEST_STEP][PASSED] - for ([j = 0, j &lt; symbols.size(), (j++)]): null

2019-08-24 12:55:29 - [TEST_STEP][PASSED] - symbol = symbol: null

2019-08-24 12:55:29 - [TEST_STEP][PASSED] - println(symbol): null

2019-08-24 12:55:29 - [TEST_STEP][PASSED] - if (i == 2 &amp;&amp; wildList.indexOf(symbol) != -1): null

2019-08-24 12:55:29 - [TEST_STEP][PASSED] - if (i == 3 &amp;&amp; wildList.indexOf(symbol) != -1): null

2019-08-24 12:55:29 - [TEST_STEP][PASSED] - if (i == 4 &amp;&amp; wildList.indexOf(symbol) != -1): null

2019-08-24 12:55:29 - [TEST_STEP][PASSED] - symbol = symbol: null

2019-08-24 12:55:29 - [TEST_STEP][PASSED] - println(symbol): null

2019-08-24 12:55:29 - [TEST_STEP][PASSED] - if (i == 2 &amp;&amp; wildList.indexOf(symbol) != -1): null

2019-08-24 12:55:29 - [TEST_STEP][PASSED] - if (i == 3 &amp;&amp; wildList.indexOf(symbol) != -1): null

2019-08-24 12:55:29 - [TEST_STEP][PASSED] - if (i == 4 &amp;&amp; wildList.indexOf(symbol) != -1): null

2019-08-24 12:55:29 - [TEST_STEP][PASSED] - symbol = symbol: null

2019-08-24 12:55:29 - [TEST_STEP][PASSED] - println(symbol): null

2019-08-24 12:55:29 - [TEST_STEP][PASSED] - if (i == 2 &amp;&amp; wildList.indexOf(symbol) != -1): null

2019-08-24 12:55:29 - [TEST_STEP][PASSED] - if (i == 3 &amp;&amp; wildList.indexOf(symbol) != -1): null

2019-08-24 12:55:29 - [TEST_STEP][PASSED] - if (i == 4 &amp;&amp; wildList.indexOf(symbol) != -1): null

2019-08-24 12:55:29 - [TEST_STEP][PASSED] - symbols = symbols: null

2019-08-24 12:55:29 - [TEST_STEP][PASSED] - for ([j = 0, j &lt; symbols.size(), (j++)]): null

2019-08-24 12:55:29 - [TEST_STEP][PASSED] - symbol = symbol: null

2019-08-24 12:55:29 - [TEST_STEP][PASSED] - println(symbol): null

2019-08-24 12:55:29 - [TEST_STEP][PASSED] - if (i == 2 &amp;&amp; wildList.indexOf(symbol) != -1): null

2019-08-24 12:55:29 - [TEST_STEP][PASSED] - if (i == 3 &amp;&amp; wildList.indexOf(symbol) != -1): null

2019-08-24 12:55:29 - [TEST_STEP][PASSED] - if (i == 4 &amp;&amp; wildList.indexOf(symbol) != -1): null

2019-08-24 12:55:29 - [TEST_STEP][PASSED] - symbol = symbol: null

2019-08-24 12:55:29 - [TEST_STEP][PASSED] - println(symbol): null

2019-08-24 12:55:29 - [TEST_STEP][PASSED] - if (i == 2 &amp;&amp; wildList.indexOf(symbol) != -1): null

2019-08-24 12:55:29 - [TEST_STEP][PASSED] - if (i == 3 &amp;&amp; wildList.indexOf(symbol) != -1): null

2019-08-24 12:55:29 - [TEST_STEP][PASSED] - if (i == 4 &amp;&amp; wildList.indexOf(symbol) != -1): null

2019-08-24 12:55:29 - [TEST_STEP][PASSED] - symbol = symbol: null

2019-08-24 12:55:29 - [TEST_STEP][PASSED] - println(symbol): null

2019-08-24 12:55:29 - [TEST_STEP][PASSED] - if (i == 2 &amp;&amp; wildList.indexOf(symbol) != -1): null

2019-08-24 12:55:29 - [TEST_STEP][PASSED] - if (i == 3 &amp;&amp; wildList.indexOf(symbol) != -1): null

2019-08-24 12:55:29 - [TEST_STEP][PASSED] - if (i == 4 &amp;&amp; wildList.indexOf(symbol) != -1): null

2019-08-24 12:55:34 - [TEST_STEP][PASSED] - symbols = symbols: null

2019-08-24 12:55:34 - [TEST_STEP][PASSED] - for ([j = 0, j &lt; symbols.size(), (j++)]): null

2019-08-24 12:55:34 - [TEST_STEP][PASSED] - symbol = symbol: null

2019-08-24 12:55:34 - [TEST_STEP][PASSED] - println(symbol): null

2019-08-24 12:55:34 - [TEST_STEP][PASSED] - if (i == 2 &amp;&amp; wildList.indexOf(symbol) != -1): null

2019-08-24 12:55:34 - [TEST_STEP][PASSED] - if (i == 3 &amp;&amp; wildList.indexOf(symbol) != -1): null

2019-08-24 12:55:34 - [TEST_STEP][PASSED] - if (i == 4 &amp;&amp; wildList.indexOf(symbol) != -1): null

2019-08-24 12:55:34 - [TEST_STEP][PASSED] - symbol = symbol: null

2019-08-24 12:55:34 - [TEST_STEP][PASSED] - println(symbol): null

2019-08-24 12:55:34 - [TEST_STEP][PASSED] - if (i == 2 &amp;&amp; wildList.indexOf(symbol) != -1): null

2019-08-24 12:55:34 - [TEST_STEP][PASSED] - if (i == 3 &amp;&amp; wildList.indexOf(symbol) != -1): null

2019-08-24 12:55:34 - [TEST_STEP][PASSED] - if (i == 4 &amp;&amp; wildList.indexOf(symbol) != -1): null

2019-08-24 12:55:34 - [TEST_STEP][PASSED] - symbol = symbol: null

2019-08-24 12:55:34 - [TEST_STEP][PASSED] - println(symbol): null

2019-08-24 12:55:34 - [TEST_STEP][PASSED] - if (i == 2 &amp;&amp; wildList.indexOf(symbol) != -1): null

2019-08-24 12:55:34 - [TEST_STEP][PASSED] - if (i == 3 &amp;&amp; wildList.indexOf(symbol) != -1): null

2019-08-24 12:55:34 - [TEST_STEP][PASSED] - if (i == 4 &amp;&amp; wildList.indexOf(symbol) != -1): null

2019-08-24 12:55:34 - [TEST_STEP][PASSED] - symbols = symbols: null

2019-08-24 12:55:34 - [TEST_STEP][PASSED] - for ([j = 0, j &lt; symbols.size(), (j++)]): null

2019-08-24 12:55:34 - [TEST_STEP][PASSED] - symbol = symbol: null

2019-08-24 12:55:34 - [TEST_STEP][PASSED] - println(symbol): null

2019-08-24 12:55:34 - [TEST_STEP][PASSED] - if (i == 2 &amp;&amp; wildList.indexOf(symbol) != -1): null

2019-08-24 12:55:34 - [TEST_STEP][PASSED] - if (i == 3 &amp;&amp; wildList.indexOf(symbol) != -1): null

2019-08-24 12:55:34 - [TEST_STEP][PASSED] - if (i == 4 &amp;&amp; wildList.indexOf(symbol) != -1): null

2019-08-24 12:55:34 - [TEST_STEP][PASSED] - symbol = symbol: null

2019-08-24 12:55:34 - [TEST_STEP][PASSED] - println(symbol): null

2019-08-24 12:55:34 - [TEST_STEP][PASSED] - if (i == 2 &amp;&amp; wildList.indexOf(symbol) != -1): null

2019-08-24 12:55:34 - [TEST_STEP][PASSED] - if (i == 3 &amp;&amp; wildList.indexOf(symbol) != -1): null

2019-08-24 12:55:34 - [TEST_STEP][PASSED] - if (i == 4 &amp;&amp; wildList.indexOf(symbol) != -1): null

2019-08-24 12:55:34 - [TEST_STEP][PASSED] - println("wild found on reel 5, adding counter by 1"): null

2019-08-24 12:55:34 - [TEST_STEP][PASSED] - free_spin_reel_counter[2] = free_spin_reel_counter[2] + 1: null

2019-08-24 12:55:34 - [TEST_STEP][PASSED] - symbol = symbol: null

2019-08-24 12:55:34 - [TEST_STEP][PASSED] - println(symbol): null

2019-08-24 12:55:34 - [TEST_STEP][PASSED] - if (i == 2 &amp;&amp; wildList.indexOf(symbol) != -1): null

2019-08-24 12:55:34 - [TEST_STEP][PASSED] - if (i == 3 &amp;&amp; wildList.indexOf(symbol) != -1): null

2019-08-24 12:55:34 - [TEST_STEP][PASSED] - if (i == 4 &amp;&amp; wildList.indexOf(symbol) != -1): null

2019-08-24 12:55:34 - [TEST_STEP][PASSED] - free_spin_reel_counter = free_spin_reel_counter: null

2019-08-24 12:55:34 - [TEST_STEP][PASSED] - println("reel 3 wild found: " + free_spin_reel_counter[0]): null

2019-08-24 12:55:34 - [TEST_STEP][PASSED] - println("reel 4 wild found: " + free_spin_reel_counter[1]): null

2019-08-24 12:55:34 - [TEST_STEP][PASSED] - println("reel 5 wild found: " + free_spin_reel_counter[2]): null

2019-08-24 12:55:34 - [TEST_STEP][PASSED] - M4_spin_reels = M4_spin_reels: null

2019-08-24 12:55:34 - [TEST_STEP][PASSED] - M4_spin_reels_symbols = symbol: null

2019-08-24 12:55:34 - [TEST_STEP][PASSED] - M4_spin_reels_symbols = M4_spin_reels_symbols: null

2019-08-24 12:55:34 - [TEST_STEP][PASSED] - M4_spin_reel_wins = reel_wins: null

2019-08-24 12:55:34 - [TEST_STEP][PASSED] - M4_spin_reel_wins = M4_spin_reel_wins: null

2019-08-24 12:55:34 - [TEST_STEP][PASSED] - println("GlobalVariable.M4_spin_reel_wins is: " + M4_spin_reel_wins): null

2019-08-24 12:55:34 - [TEST_STEP][PASSED] - M4_spin_total_bonus_win_this_round = total_bonus_win_this_round: null

2019-08-24 12:55:34 - [TEST_STEP][PASSED] - M4_spin_total_bonus_win_this_round = M4_spin_total_bonus_win_this_round: null

2019-08-24 12:55:34 - [TEST_STEP][PASSED] - println("GlobalVariable.M4_spin_total_bonus_win_this_round is: " + M4_spin_total_bonus_win_this_round): null

2019-08-24 12:55:34 - [TEST_STEP][PASSED] - M4_spin_bonus_spin_result = spin_result: null

2019-08-24 12:55:34 - [TEST_STEP][PASSED] - M4_spin_bonus_spin_result = M4_spin_bonus_spin_result: null

2019-08-24 12:55:34 - [MESSAGE][PASSED] - Verify response successfully

2019-08-24 12:55:34 - [MESSAGE][PASSED] - Send request and verify the response successfully

2019-08-24 12:55:34 - [TEST_STEP][PASSED] - if (M4_total_bonus_spins_int != 0 &amp;&amp; M4_spin_reels_symbols[2].contains("WILD_Double") || M4_spin_reels_symbols[4].contains("WILD_Triple")): null

2019-08-24 12:55:34 - [TEST_STEP][PASSED] - free_spin_reel_counter = free_spin_reel_counter: null

2019-08-24 12:55:34 - [TEST_STEP][PASSED] - M4_spin_reels_symbols = M4_spin_reels_symbols: null

2019-08-24 12:55:34 - [TEST_STEP][PASSED] - M4_total_bonus_spins = M4_total_bonus_spins: null

2019-08-24 12:55:34 - [TEST_STEP][PASSED] - spin_result = sendRequestAndVerify(findTestObject("INT/RGS(M4)/1_M4_spin", ["M4_login_user_id":M4_login_user_id, "rgs_session_token":rgs_session_token, "partner":Partner])): Send request and verify the response successfully

2019-08-24 12:55:34 - [MESSAGE][INFO] - HAR: /Users/eiralee/Katalon_Script/SuperWild/Reports/20190824_124242/INT/superWild_4/20190824_124242/requests/main/228.har

2019-08-24 12:55:34 - [TEST_CASE][PASSED] - Start Test Case : Verification: Verification accomplished successfully

2019-08-24 12:55:35 - [TEST_STEP][PASSED] - request = getInstance().getCurrentRequest(): null

2019-08-24 12:55:35 - [TEST_STEP][PASSED] - response = getInstance().getCurrentResponse(): null

2019-08-24 12:55:35 - [TEST_STEP][PASSED] - verifyResponseStatusCode(response, 200): Verify response status code successfully

2019-08-24 12:55:35 - [MESSAGE][PASSED] - Verify response status code successfully

2019-08-24 12:55:35 - [TEST_STEP][PASSED] - getStatusCode()).isEqualTo(200): null

2019-08-24 12:55:35 - [TEST_STEP][PASSED] - newline = System.getProperty("line.separator"): null

2019-08-24 12:55:35 - [TEST_STEP][PASSED] - M4_spin = new groovy.json.JsonSlurper(): null

2019-08-24 12:55:35 - [TEST_STEP][PASSED] - result_M4_spin = M4_spin.parseText(response.getResponseBodyContent()): null

2019-08-24 12:55:35 - [TEST_STEP][PASSED] - M4_spin_current_balance = current_balance: null

2019-08-24 12:55:35 - [TEST_STEP][PASSED] - M4_spin_current_balance = M4_spin_current_balance: null

2019-08-24 12:55:35 - [TEST_STEP][PASSED] - M4_spin_transaction_id = causality: null

2019-08-24 12:55:35 - [TEST_STEP][PASSED] - M4_spin_transaction_id = M4_spin_transaction_id: null

2019-08-24 12:55:35 - [TEST_STEP][PASSED] - M4_spin_round_id = round_id: null

2019-08-24 12:55:35 - [TEST_STEP][PASSED] - M4_spin_round_id = M4_spin_round_id: null

2019-08-24 12:55:35 - [TEST_STEP][PASSED] - M4_spin_line_wins = line_wins: null

2019-08-24 12:55:35 - [TEST_STEP][PASSED] - M4_spin_line_wins = M4_spin_line_wins: null

2019-08-24 12:55:35 - [TEST_STEP][PASSED] - M4_total_bonus_spins_int = total_bonus_spins: null

2019-08-24 12:55:35 - [TEST_STEP][PASSED] - println("******M4_total_bonus_spins type is:*******" + newline + getClass().getName()): null

2019-08-24 12:55:35 - [TEST_STEP][PASSED] - M4_total_bonus_spins_int = M4_total_bonus_spins_int: null

2019-08-24 12:55:35 - [TEST_STEP][PASSED] - M4_total_bonus_spins = Integer.toString(M4_total_bonus_spins_int): null

2019-08-24 12:55:35 - [TEST_STEP][PASSED] - M4_total_bonus_spins = M4_total_bonus_spins: null

2019-08-24 12:55:35 - [TEST_STEP][PASSED] - println("M4_total_bonus_spins is:" + M4_total_bonus_spins): null

2019-08-24 12:55:35 - [TEST_STEP][PASSED] - M4_spin_bonus_data = bonus_data: null

2019-08-24 12:55:35 - [TEST_STEP][PASSED] - M4_spin_features_triggered = result_M4_spin: null

2019-08-24 12:55:35 - [TEST_STEP][PASSED] - wild = []: null

2019-08-24 12:55:35 - [TEST_STEP][PASSED] - wild[0] = "WILD_Expanding": null

2019-08-24 12:55:35 - [TEST_STEP][PASSED] - wild[1] = "WILD_Normal": null

2019-08-24 12:55:35 - [TEST_STEP][PASSED] - wild[2] = "WILD_Double": null

2019-08-24 12:55:35 - [TEST_STEP][PASSED] - wild[3] = "WILD_ExtraFG": null

2019-08-24 12:55:35 - [TEST_STEP][PASSED] - wild[4] = "WILD_Triple": null

2019-08-24 12:55:35 - [TEST_STEP][PASSED] - wildList = Arrays.asList(wild): null

2019-08-24 12:55:35 - [TEST_STEP][PASSED] - wildList = wildList: null

2019-08-24 12:55:35 - [TEST_STEP][PASSED] - free_spin_reel_counter = []: null

2019-08-24 12:55:35 - [TEST_STEP][PASSED] - free_spin_reel_counter[0] = 0: null

2019-08-24 12:55:35 - [TEST_STEP][PASSED] - free_spin_reel_counter[1] = 0: null

2019-08-24 12:55:35 - [TEST_STEP][PASSED] - free_spin_reel_counter[2] = 0: null

2019-08-24 12:55:35 - [TEST_STEP][PASSED] - M4_spin_reels = reels: null

2019-08-24 12:55:35 - [TEST_STEP][PASSED] - for ([i = 0, i &lt; M4_spin_reels.size(), (i++)]): null

2019-08-24 12:55:35 - [TEST_STEP][PASSED] - symbols = symbols: null

2019-08-24 12:55:35 - [TEST_STEP][PASSED] - for ([j = 0, j &lt; symbols.size(), (j++)]): null

2019-08-24 12:55:35 - [TEST_STEP][PASSED] - symbol = symbol: null

2019-08-24 12:55:35 - [TEST_STEP][PASSED] - println(symbol): null

2019-08-24 12:55:35 - [TEST_STEP][PASSED] - if (i == 2 &amp;&amp; wildList.indexOf(symbol) != -1): null

2019-08-24 12:55:35 - [TEST_STEP][PASSED] - if (i == 3 &amp;&amp; wildList.indexOf(symbol) != -1): null

2019-08-24 12:55:35 - [TEST_STEP][PASSED] - if (i == 4 &amp;&amp; wildList.indexOf(symbol) != -1): null

2019-08-24 12:55:35 - [TEST_STEP][PASSED] - symbol = symbol: null

2019-08-24 12:55:35 - [TEST_STEP][PASSED] - println(symbol): null

2019-08-24 12:55:35 - [TEST_STEP][PASSED] - if (i == 2 &amp;&amp; wildList.indexOf(symbol) != -1): null

2019-08-24 12:55:35 - [TEST_STEP][PASSED] - if (i == 3 &amp;&amp; wildList.indexOf(symbol) != -1): null

2019-08-24 12:55:35 - [TEST_STEP][PASSED] - if (i == 4 &amp;&amp; wildList.indexOf(symbol) != -1): null

2019-08-24 12:55:35 - [TEST_STEP][PASSED] - symbol = symbol: null

2019-08-24 12:55:35 - [TEST_STEP][PASSED] - println(symbol): null

2019-08-24 12:55:35 - [TEST_STEP][PASSED] - if (i == 2 &amp;&amp; wildList.indexOf(symbol) != -1): null

2019-08-24 12:55:35 - [TEST_STEP][PASSED] - if (i == 3 &amp;&amp; wildList.indexOf(symbol) != -1): null

2019-08-24 12:55:35 - [TEST_STEP][PASSED] - if (i == 4 &amp;&amp; wildList.indexOf(symbol) != -1): null

2019-08-24 12:55:35 - [TEST_STEP][PASSED] - symbols = symbols: null

2019-08-24 12:55:35 - [TEST_STEP][PASSED] - for ([j = 0, j &lt; symbols.size(), (j++)]): null

2019-08-24 12:55:35 - [TEST_STEP][PASSED] - symbol = symbol: null

2019-08-24 12:55:35 - [TEST_STEP][PASSED] - println(symbol): null

2019-08-24 12:55:35 - [TEST_STEP][PASSED] - if (i == 2 &amp;&amp; wildList.indexOf(symbol) != -1): null

2019-08-24 12:55:35 - [TEST_STEP][PASSED] - if (i == 3 &amp;&amp; wildList.indexOf(symbol) != -1): null

2019-08-24 12:55:35 - [TEST_STEP][PASSED] - if (i == 4 &amp;&amp; wildList.indexOf(symbol) != -1): null

2019-08-24 12:55:35 - [TEST_STEP][PASSED] - symbol = symbol: null

2019-08-24 12:55:35 - [TEST_STEP][PASSED] - println(symbol): null

2019-08-24 12:55:35 - [TEST_STEP][PASSED] - if (i == 2 &amp;&amp; wildList.indexOf(symbol) != -1): null

2019-08-24 12:55:35 - [TEST_STEP][PASSED] - if (i == 3 &amp;&amp; wildList.indexOf(symbol) != -1): null

2019-08-24 12:55:35 - [TEST_STEP][PASSED] - if (i == 4 &amp;&amp; wildList.indexOf(symbol) != -1): null

2019-08-24 12:55:35 - [TEST_STEP][PASSED] - symbol = symbol: null

2019-08-24 12:55:35 - [TEST_STEP][PASSED] - println(symbol): null

2019-08-24 12:55:35 - [TEST_STEP][PASSED] - if (i == 2 &amp;&amp; wildList.indexOf(symbol) != -1): null

2019-08-24 12:55:35 - [TEST_STEP][PASSED] - if (i == 3 &amp;&amp; wildList.indexOf(symbol) != -1): null

2019-08-24 12:55:35 - [TEST_STEP][PASSED] - if (i == 4 &amp;&amp; wildList.indexOf(symbol) != -1): null

2019-08-24 12:55:35 - [TEST_STEP][PASSED] - symbols = symbols: null

2019-08-24 12:55:35 - [TEST_STEP][PASSED] - for ([j = 0, j &lt; symbols.size(), (j++)]): null

2019-08-24 12:55:35 - [TEST_STEP][PASSED] - symbol = symbol: null

2019-08-24 12:55:35 - [TEST_STEP][PASSED] - println(symbol): null

2019-08-24 12:55:35 - [TEST_STEP][PASSED] - if (i == 2 &amp;&amp; wildList.indexOf(symbol) != -1): null

2019-08-24 12:55:35 - [TEST_STEP][PASSED] - if (i == 3 &amp;&amp; wildList.indexOf(symbol) != -1): null

2019-08-24 12:55:35 - [TEST_STEP][PASSED] - if (i == 4 &amp;&amp; wildList.indexOf(symbol) != -1): null

2019-08-24 12:55:35 - [TEST_STEP][PASSED] - symbol = symbol: null

2019-08-24 12:55:35 - [TEST_STEP][PASSED] - println(symbol): null

2019-08-24 12:55:35 - [TEST_STEP][PASSED] - if (i == 2 &amp;&amp; wildList.indexOf(symbol) != -1): null

2019-08-24 12:55:35 - [TEST_STEP][PASSED] - if (i == 3 &amp;&amp; wildList.indexOf(symbol) != -1): null

2019-08-24 12:55:35 - [TEST_STEP][PASSED] - if (i == 4 &amp;&amp; wildList.indexOf(symbol) != -1): null

2019-08-24 12:55:35 - [TEST_STEP][PASSED] - symbol = symbol: null

2019-08-24 12:55:35 - [TEST_STEP][PASSED] - println(symbol): null

2019-08-24 12:55:35 - [TEST_STEP][PASSED] - if (i == 2 &amp;&amp; wildList.indexOf(symbol) != -1): null

2019-08-24 12:55:35 - [TEST_STEP][PASSED] - if (i == 3 &amp;&amp; wildList.indexOf(symbol) != -1): null

2019-08-24 12:55:35 - [TEST_STEP][PASSED] - if (i == 4 &amp;&amp; wildList.indexOf(symbol) != -1): null

2019-08-24 12:55:35 - [TEST_STEP][PASSED] - symbols = symbols: null

2019-08-24 12:55:35 - [TEST_STEP][PASSED] - for ([j = 0, j &lt; symbols.size(), (j++)]): null

2019-08-24 12:55:35 - [TEST_STEP][PASSED] - symbol = symbol: null

2019-08-24 12:55:35 - [TEST_STEP][PASSED] - println(symbol): null

2019-08-24 12:55:35 - [TEST_STEP][PASSED] - if (i == 2 &amp;&amp; wildList.indexOf(symbol) != -1): null

2019-08-24 12:55:35 - [TEST_STEP][PASSED] - if (i == 3 &amp;&amp; wildList.indexOf(symbol) != -1): null

2019-08-24 12:55:35 - [TEST_STEP][PASSED] - if (i == 4 &amp;&amp; wildList.indexOf(symbol) != -1): null

2019-08-24 12:55:35 - [TEST_STEP][PASSED] - symbol = symbol: null

2019-08-24 12:55:35 - [TEST_STEP][PASSED] - println(symbol): null

2019-08-24 12:55:35 - [TEST_STEP][PASSED] - if (i == 2 &amp;&amp; wildList.indexOf(symbol) != -1): null

2019-08-24 12:55:35 - [TEST_STEP][PASSED] - if (i == 3 &amp;&amp; wildList.indexOf(symbol) != -1): null

2019-08-24 12:55:35 - [TEST_STEP][PASSED] - if (i == 4 &amp;&amp; wildList.indexOf(symbol) != -1): null

2019-08-24 12:55:35 - [TEST_STEP][PASSED] - symbol = symbol: null

2019-08-24 12:55:35 - [TEST_STEP][PASSED] - println(symbol): null

2019-08-24 12:55:35 - [TEST_STEP][PASSED] - if (i == 2 &amp;&amp; wildList.indexOf(symbol) != -1): null

2019-08-24 12:55:35 - [TEST_STEP][PASSED] - if (i == 3 &amp;&amp; wildList.indexOf(symbol) != -1): null

2019-08-24 12:55:35 - [TEST_STEP][PASSED] - if (i == 4 &amp;&amp; wildList.indexOf(symbol) != -1): null

2019-08-24 12:55:35 - [TEST_STEP][PASSED] - symbols = symbols: null

2019-08-24 12:55:35 - [TEST_STEP][PASSED] - for ([j = 0, j &lt; symbols.size(), (j++)]): null

2019-08-24 12:55:35 - [TEST_STEP][PASSED] - symbol = symbol: null

2019-08-24 12:55:35 - [TEST_STEP][PASSED] - println(symbol): null

2019-08-24 12:55:35 - [TEST_STEP][PASSED] - if (i == 2 &amp;&amp; wildList.indexOf(symbol) != -1): null

2019-08-24 12:55:35 - [TEST_STEP][PASSED] - if (i == 3 &amp;&amp; wildList.indexOf(symbol) != -1): null

2019-08-24 12:55:35 - [TEST_STEP][PASSED] - if (i == 4 &amp;&amp; wildList.indexOf(symbol) != -1): null

2019-08-24 12:55:35 - [TEST_STEP][PASSED] - symbol = symbol: null

2019-08-24 12:55:35 - [TEST_STEP][PASSED] - println(symbol): null

2019-08-24 12:55:35 - [TEST_STEP][PASSED] - if (i == 2 &amp;&amp; wildList.indexOf(symbol) != -1): null

2019-08-24 12:55:35 - [TEST_STEP][PASSED] - if (i == 3 &amp;&amp; wildList.indexOf(symbol) != -1): null

2019-08-24 12:55:35 - [TEST_STEP][PASSED] - if (i == 4 &amp;&amp; wildList.indexOf(symbol) != -1): null

2019-08-24 12:55:35 - [TEST_STEP][PASSED] - symbol = symbol: null

2019-08-24 12:55:35 - [TEST_STEP][PASSED] - println(symbol): null

2019-08-24 12:55:35 - [TEST_STEP][PASSED] - if (i == 2 &amp;&amp; wildList.indexOf(symbol) != -1): null

2019-08-24 12:55:35 - [TEST_STEP][PASSED] - if (i == 3 &amp;&amp; wildList.indexOf(symbol) != -1): null

2019-08-24 12:55:35 - [TEST_STEP][PASSED] - if (i == 4 &amp;&amp; wildList.indexOf(symbol) != -1): null

2019-08-24 12:55:35 - [TEST_STEP][PASSED] - free_spin_reel_counter = free_spin_reel_counter: null

2019-08-24 12:55:35 - [TEST_STEP][PASSED] - println("reel 3 wild found: " + free_spin_reel_counter[0]): null

2019-08-24 12:55:35 - [TEST_STEP][PASSED] - println("reel 4 wild found: " + free_spin_reel_counter[1]): null

2019-08-24 12:55:35 - [TEST_STEP][PASSED] - println("reel 5 wild found: " + free_spin_reel_counter[2]): null

2019-08-24 12:55:35 - [TEST_STEP][PASSED] - M4_spin_reels = M4_spin_reels: null

2019-08-24 12:55:35 - [TEST_STEP][PASSED] - M4_spin_reels_symbols = symbol: null

2019-08-24 12:55:35 - [TEST_STEP][PASSED] - M4_spin_reels_symbols = M4_spin_reels_symbols: null

2019-08-24 12:55:35 - [TEST_STEP][PASSED] - M4_spin_reel_wins = reel_wins: null

2019-08-24 12:55:35 - [TEST_STEP][PASSED] - M4_spin_reel_wins = M4_spin_reel_wins: null

2019-08-24 12:55:35 - [TEST_STEP][PASSED] - println("GlobalVariable.M4_spin_reel_wins is: " + M4_spin_reel_wins): null

2019-08-24 12:55:35 - [TEST_STEP][PASSED] - M4_spin_total_bonus_win_this_round = total_bonus_win_this_round: null

2019-08-24 12:55:35 - [TEST_STEP][PASSED] - M4_spin_total_bonus_win_this_round = M4_spin_total_bonus_win_this_round: null

2019-08-24 12:55:35 - [TEST_STEP][PASSED] - println("GlobalVariable.M4_spin_total_bonus_win_this_round is: " + M4_spin_total_bonus_win_this_round): null

2019-08-24 12:55:35 - [TEST_STEP][PASSED] - M4_spin_bonus_spin_result = spin_result: null

2019-08-24 12:55:35 - [TEST_STEP][PASSED] - M4_spin_bonus_spin_result = M4_spin_bonus_spin_result: null

2019-08-24 12:55:35 - [MESSAGE][PASSED] - Verify response successfully

2019-08-24 12:55:35 - [MESSAGE][PASSED] - Send request and verify the response successfully

2019-08-24 12:55:35 - [TEST_STEP][PASSED] - if (M4_total_bonus_spins_int != 0 &amp;&amp; M4_spin_reels_symbols[2].contains("WILD_Double") || M4_spin_reels_symbols[4].contains("WILD_Triple")): null

2019-08-24 12:55:35 - [TEST_STEP][PASSED] - free_spin_reel_counter = free_spin_reel_counter: null

2019-08-24 12:55:35 - [TEST_STEP][PASSED] - M4_spin_reels_symbols = M4_spin_reels_symbols: null

2019-08-24 12:55:35 - [TEST_STEP][PASSED] - M4_total_bonus_spins = M4_total_bonus_spins: null

2019-08-24 12:55:35 - [TEST_STEP][PASSED] - spin_result = sendRequestAndVerify(findTestObject("INT/RGS(M4)/1_M4_spin", ["M4_login_user_id":M4_login_user_id, "rgs_session_token":rgs_session_token, "partner":Partner])): Send request and verify the response successfully

2019-08-24 12:55:35 - [MESSAGE][INFO] - HAR: /Users/eiralee/Katalon_Script/SuperWild/Reports/20190824_124242/INT/superWild_4/20190824_124242/requests/main/229.har

2019-08-24 12:55:35 - [TEST_CASE][PASSED] - Start Test Case : Verification: Verification accomplished successfully

2019-08-24 12:55:35 - [TEST_STEP][PASSED] - request = getInstance().getCurrentRequest(): null

2019-08-24 12:55:35 - [TEST_STEP][PASSED] - response = getInstance().getCurrentResponse(): null

2019-08-24 12:55:35 - [TEST_STEP][PASSED] - verifyResponseStatusCode(response, 200): Verify response status code successfully

2019-08-24 12:55:35 - [MESSAGE][PASSED] - Verify response status code successfully

2019-08-24 12:55:35 - [TEST_STEP][PASSED] - getStatusCode()).isEqualTo(200): null

2019-08-24 12:55:35 - [TEST_STEP][PASSED] - newline = System.getProperty("line.separator"): null

2019-08-24 12:55:35 - [TEST_STEP][PASSED] - M4_spin = new groovy.json.JsonSlurper(): null

2019-08-24 12:55:35 - [TEST_STEP][PASSED] - result_M4_spin = M4_spin.parseText(response.getResponseBodyContent()): null

2019-08-24 12:55:35 - [TEST_STEP][PASSED] - M4_spin_current_balance = current_balance: null

2019-08-24 12:55:35 - [TEST_STEP][PASSED] - M4_spin_current_balance = M4_spin_current_balance: null

2019-08-24 12:55:35 - [TEST_STEP][PASSED] - M4_spin_transaction_id = causality: null

2019-08-24 12:55:35 - [TEST_STEP][PASSED] - M4_spin_transaction_id = M4_spin_transaction_id: null

2019-08-24 12:55:35 - [TEST_STEP][PASSED] - M4_spin_round_id = round_id: null

2019-08-24 12:55:35 - [TEST_STEP][PASSED] - M4_spin_round_id = M4_spin_round_id: null

2019-08-24 12:55:35 - [TEST_STEP][PASSED] - M4_spin_line_wins = line_wins: null

2019-08-24 12:55:35 - [TEST_STEP][PASSED] - M4_spin_line_wins = M4_spin_line_wins: null

2019-08-24 12:55:35 - [TEST_STEP][PASSED] - M4_total_bonus_spins_int = total_bonus_spins: null

2019-08-24 12:55:35 - [TEST_STEP][PASSED] - println("******M4_total_bonus_spins type is:*******" + newline + getClass().getName()): null

2019-08-24 12:55:35 - [TEST_STEP][PASSED] - M4_total_bonus_spins_int = M4_total_bonus_spins_int: null

2019-08-24 12:55:35 - [TEST_STEP][PASSED] - M4_total_bonus_spins = Integer.toString(M4_total_bonus_spins_int): null

2019-08-24 12:55:35 - [TEST_STEP][PASSED] - M4_total_bonus_spins = M4_total_bonus_spins: null

2019-08-24 12:55:35 - [TEST_STEP][PASSED] - println("M4_total_bonus_spins is:" + M4_total_bonus_spins): null

2019-08-24 12:55:35 - [TEST_STEP][PASSED] - M4_spin_bonus_data = bonus_data: null

2019-08-24 12:55:35 - [TEST_STEP][PASSED] - M4_spin_features_triggered = result_M4_spin: null

2019-08-24 12:55:35 - [TEST_STEP][PASSED] - wild = []: null

2019-08-24 12:55:35 - [TEST_STEP][PASSED] - wild[0] = "WILD_Expanding": null

2019-08-24 12:55:35 - [TEST_STEP][PASSED] - wild[1] = "WILD_Normal": null

2019-08-24 12:55:35 - [TEST_STEP][PASSED] - wild[2] = "WILD_Double": null

2019-08-24 12:55:35 - [TEST_STEP][PASSED] - wild[3] = "WILD_ExtraFG": null

2019-08-24 12:55:35 - [TEST_STEP][PASSED] - wild[4] = "WILD_Triple": null

2019-08-24 12:55:35 - [TEST_STEP][PASSED] - wildList = Arrays.asList(wild): null

2019-08-24 12:55:35 - [TEST_STEP][PASSED] - wildList = wildList: null

2019-08-24 12:55:35 - [TEST_STEP][PASSED] - free_spin_reel_counter = []: null

2019-08-24 12:55:35 - [TEST_STEP][PASSED] - free_spin_reel_counter[0] = 0: null

2019-08-24 12:55:35 - [TEST_STEP][PASSED] - free_spin_reel_counter[1] = 0: null

2019-08-24 12:55:35 - [TEST_STEP][PASSED] - free_spin_reel_counter[2] = 0: null

2019-08-24 12:55:35 - [TEST_STEP][PASSED] - M4_spin_reels = reels: null

2019-08-24 12:55:35 - [TEST_STEP][PASSED] - for ([i = 0, i &lt; M4_spin_reels.size(), (i++)]): null

2019-08-24 12:55:35 - [TEST_STEP][PASSED] - symbols = symbols: null

2019-08-24 12:55:35 - [TEST_STEP][PASSED] - for ([j = 0, j &lt; symbols.size(), (j++)]): null

2019-08-24 12:55:35 - [TEST_STEP][PASSED] - symbol = symbol: null

2019-08-24 12:55:35 - [TEST_STEP][PASSED] - println(symbol): null

2019-08-24 12:55:35 - [TEST_STEP][PASSED] - if (i == 2 &amp;&amp; wildList.indexOf(symbol) != -1): null

2019-08-24 12:55:35 - [TEST_STEP][PASSED] - if (i == 3 &amp;&amp; wildList.indexOf(symbol) != -1): null

2019-08-24 12:55:35 - [TEST_STEP][PASSED] - if (i == 4 &amp;&amp; wildList.indexOf(symbol) != -1): null

2019-08-24 12:55:35 - [TEST_STEP][PASSED] - symbol = symbol: null

2019-08-24 12:55:35 - [TEST_STEP][PASSED] - println(symbol): null

2019-08-24 12:55:35 - [TEST_STEP][PASSED] - if (i == 2 &amp;&amp; wildList.indexOf(symbol) != -1): null

2019-08-24 12:55:35 - [TEST_STEP][PASSED] - if (i == 3 &amp;&amp; wildList.indexOf(symbol) != -1): null

2019-08-24 12:55:35 - [TEST_STEP][PASSED] - if (i == 4 &amp;&amp; wildList.indexOf(symbol) != -1): null

2019-08-24 12:55:35 - [TEST_STEP][PASSED] - symbol = symbol: null

2019-08-24 12:55:35 - [TEST_STEP][PASSED] - println(symbol): null

2019-08-24 12:55:35 - [TEST_STEP][PASSED] - if (i == 2 &amp;&amp; wildList.indexOf(symbol) != -1): null

2019-08-24 12:55:35 - [TEST_STEP][PASSED] - if (i == 3 &amp;&amp; wildList.indexOf(symbol) != -1): null

2019-08-24 12:55:35 - [TEST_STEP][PASSED] - if (i == 4 &amp;&amp; wildList.indexOf(symbol) != -1): null

2019-08-24 12:55:35 - [TEST_STEP][PASSED] - symbols = symbols: null

2019-08-24 12:55:35 - [TEST_STEP][PASSED] - for ([j = 0, j &lt; symbols.size(), (j++)]): null

2019-08-24 12:55:35 - [TEST_STEP][PASSED] - symbol = symbol: null

2019-08-24 12:55:35 - [TEST_STEP][PASSED] - println(symbol): null

2019-08-24 12:55:35 - [TEST_STEP][PASSED] - if (i == 2 &amp;&amp; wildList.indexOf(symbol) != -1): null

2019-08-24 12:55:35 - [TEST_STEP][PASSED] - if (i == 3 &amp;&amp; wildList.indexOf(symbol) != -1): null

2019-08-24 12:55:35 - [TEST_STEP][PASSED] - if (i == 4 &amp;&amp; wildList.indexOf(symbol) != -1): null

2019-08-24 12:55:35 - [TEST_STEP][PASSED] - symbol = symbol: null

2019-08-24 12:55:35 - [TEST_STEP][PASSED] - println(symbol): null

2019-08-24 12:55:35 - [TEST_STEP][PASSED] - if (i == 2 &amp;&amp; wildList.indexOf(symbol) != -1): null

2019-08-24 12:55:35 - [TEST_STEP][PASSED] - if (i == 3 &amp;&amp; wildList.indexOf(symbol) != -1): null

2019-08-24 12:55:35 - [TEST_STEP][PASSED] - if (i == 4 &amp;&amp; wildList.indexOf(symbol) != -1): null

2019-08-24 12:55:35 - [TEST_STEP][PASSED] - symbol = symbol: null

2019-08-24 12:55:35 - [TEST_STEP][PASSED] - println(symbol): null

2019-08-24 12:55:35 - [TEST_STEP][PASSED] - if (i == 2 &amp;&amp; wildList.indexOf(symbol) != -1): null

2019-08-24 12:55:35 - [TEST_STEP][PASSED] - if (i == 3 &amp;&amp; wildList.indexOf(symbol) != -1): null

2019-08-24 12:55:35 - [TEST_STEP][PASSED] - if (i == 4 &amp;&amp; wildList.indexOf(symbol) != -1): null

2019-08-24 12:55:35 - [TEST_STEP][PASSED] - symbols = symbols: null

2019-08-24 12:55:35 - [TEST_STEP][PASSED] - for ([j = 0, j &lt; symbols.size(), (j++)]): null

2019-08-24 12:55:35 - [TEST_STEP][PASSED] - symbol = symbol: null

2019-08-24 12:55:35 - [TEST_STEP][PASSED] - println(symbol): null

2019-08-24 12:55:35 - [TEST_STEP][PASSED] - if (i == 2 &amp;&amp; wildList.indexOf(symbol) != -1): null

2019-08-24 12:55:35 - [TEST_STEP][PASSED] - if (i == 3 &amp;&amp; wildList.indexOf(symbol) != -1): null

2019-08-24 12:55:35 - [TEST_STEP][PASSED] - if (i == 4 &amp;&amp; wildList.indexOf(symbol) != -1): null

2019-08-24 12:55:35 - [TEST_STEP][PASSED] - symbol = symbol: null

2019-08-24 12:55:35 - [TEST_STEP][PASSED] - println(symbol): null

2019-08-24 12:55:35 - [TEST_STEP][PASSED] - if (i == 2 &amp;&amp; wildList.indexOf(symbol) != -1): null

2019-08-24 12:55:35 - [TEST_STEP][PASSED] - if (i == 3 &amp;&amp; wildList.indexOf(symbol) != -1): null

2019-08-24 12:55:35 - [TEST_STEP][PASSED] - if (i == 4 &amp;&amp; wildList.indexOf(symbol) != -1): null

2019-08-24 12:55:35 - [TEST_STEP][PASSED] - symbol = symbol: null

2019-08-24 12:55:35 - [TEST_STEP][PASSED] - println(symbol): null

2019-08-24 12:55:35 - [TEST_STEP][PASSED] - if (i == 2 &amp;&amp; wildList.indexOf(symbol) != -1): null

2019-08-24 12:55:35 - [TEST_STEP][PASSED] - if (i == 3 &amp;&amp; wildList.indexOf(symbol) != -1): null

2019-08-24 12:55:35 - [TEST_STEP][PASSED] - if (i == 4 &amp;&amp; wildList.indexOf(symbol) != -1): null

2019-08-24 12:55:35 - [TEST_STEP][PASSED] - symbols = symbols: null

2019-08-24 12:55:35 - [TEST_STEP][PASSED] - for ([j = 0, j &lt; symbols.size(), (j++)]): null

2019-08-24 12:55:35 - [TEST_STEP][PASSED] - symbol = symbol: null

2019-08-24 12:55:35 - [TEST_STEP][PASSED] - println(symbol): null

2019-08-24 12:55:35 - [TEST_STEP][PASSED] - if (i == 2 &amp;&amp; wildList.indexOf(symbol) != -1): null

2019-08-24 12:55:35 - [TEST_STEP][PASSED] - if (i == 3 &amp;&amp; wildList.indexOf(symbol) != -1): null

2019-08-24 12:55:35 - [TEST_STEP][PASSED] - if (i == 4 &amp;&amp; wildList.indexOf(symbol) != -1): null

2019-08-24 12:55:35 - [TEST_STEP][PASSED] - symbol = symbol: null

2019-08-24 12:55:35 - [TEST_STEP][PASSED] - println(symbol): null

2019-08-24 12:55:35 - [TEST_STEP][PASSED] - if (i == 2 &amp;&amp; wildList.indexOf(symbol) != -1): null

2019-08-24 12:55:35 - [TEST_STEP][PASSED] - if (i == 3 &amp;&amp; wildList.indexOf(symbol) != -1): null

2019-08-24 12:55:35 - [TEST_STEP][PASSED] - if (i == 4 &amp;&amp; wildList.indexOf(symbol) != -1): null

2019-08-24 12:55:35 - [TEST_STEP][PASSED] - symbol = symbol: null

2019-08-24 12:55:35 - [TEST_STEP][PASSED] - println(symbol): null

2019-08-24 12:55:35 - [TEST_STEP][PASSED] - if (i == 2 &amp;&amp; wildList.indexOf(symbol) != -1): null

2019-08-24 12:55:35 - [TEST_STEP][PASSED] - if (i == 3 &amp;&amp; wildList.indexOf(symbol) != -1): null

2019-08-24 12:55:35 - [TEST_STEP][PASSED] - if (i == 4 &amp;&amp; wildList.indexOf(symbol) != -1): null

2019-08-24 12:55:35 - [TEST_STEP][PASSED] - symbols = symbols: null

2019-08-24 12:55:35 - [TEST_STEP][PASSED] - for ([j = 0, j &lt; symbols.size(), (j++)]): null

2019-08-24 12:55:35 - [TEST_STEP][PASSED] - symbol = symbol: null

2019-08-24 12:55:35 - [TEST_STEP][PASSED] - println(symbol): null

2019-08-24 12:55:35 - [TEST_STEP][PASSED] - if (i == 2 &amp;&amp; wildList.indexOf(symbol) != -1): null

2019-08-24 12:55:35 - [TEST_STEP][PASSED] - if (i == 3 &amp;&amp; wildList.indexOf(symbol) != -1): null

2019-08-24 12:55:35 - [TEST_STEP][PASSED] - if (i == 4 &amp;&amp; wildList.indexOf(symbol) != -1): null

2019-08-24 12:55:35 - [TEST_STEP][PASSED] - symbol = symbol: null

2019-08-24 12:55:35 - [TEST_STEP][PASSED] - println(symbol): null

2019-08-24 12:55:35 - [TEST_STEP][PASSED] - if (i == 2 &amp;&amp; wildList.indexOf(symbol) != -1): null

2019-08-24 12:55:35 - [TEST_STEP][PASSED] - if (i == 3 &amp;&amp; wildList.indexOf(symbol) != -1): null

2019-08-24 12:55:39 - [TEST_STEP][PASSED] - if (i == 4 &amp;&amp; wildList.indexOf(symbol) != -1): null

2019-08-24 12:55:39 - [TEST_STEP][PASSED] - symbol = symbol: null

2019-08-24 12:55:39 - [TEST_STEP][PASSED] - println(symbol): null

2019-08-24 12:55:39 - [TEST_STEP][PASSED] - if (i == 2 &amp;&amp; wildList.indexOf(symbol) != -1): null

2019-08-24 12:55:39 - [TEST_STEP][PASSED] - if (i == 3 &amp;&amp; wildList.indexOf(symbol) != -1): null

2019-08-24 12:55:39 - [TEST_STEP][PASSED] - if (i == 4 &amp;&amp; wildList.indexOf(symbol) != -1): null

2019-08-24 12:55:39 - [TEST_STEP][PASSED] - free_spin_reel_counter = free_spin_reel_counter: null

2019-08-24 12:55:39 - [TEST_STEP][PASSED] - println("reel 3 wild found: " + free_spin_reel_counter[0]): null

2019-08-24 12:55:39 - [TEST_STEP][PASSED] - println("reel 4 wild found: " + free_spin_reel_counter[1]): null

2019-08-24 12:55:44 - [TEST_STEP][PASSED] - println("reel 5 wild found: " + free_spin_reel_counter[2]): null

2019-08-24 12:55:44 - [TEST_STEP][PASSED] - M4_spin_reels = M4_spin_reels: null

2019-08-24 12:55:44 - [TEST_STEP][PASSED] - M4_spin_reels_symbols = symbol: null

2019-08-24 12:55:44 - [TEST_STEP][PASSED] - M4_spin_reels_symbols = M4_spin_reels_symbols: null

2019-08-24 12:55:44 - [TEST_STEP][PASSED] - M4_spin_reel_wins = reel_wins: null

2019-08-24 12:55:44 - [TEST_STEP][PASSED] - M4_spin_reel_wins = M4_spin_reel_wins: null

2019-08-24 12:55:50 - [TEST_STEP][PASSED] - println("GlobalVariable.M4_spin_reel_wins is: " + M4_spin_reel_wins): null

2019-08-24 12:55:50 - [TEST_STEP][PASSED] - M4_spin_total_bonus_win_this_round = total_bonus_win_this_round: null

2019-08-24 12:55:50 - [TEST_STEP][PASSED] - M4_spin_total_bonus_win_this_round = M4_spin_total_bonus_win_this_round: null

2019-08-24 12:55:50 - [TEST_STEP][PASSED] - println("GlobalVariable.M4_spin_total_bonus_win_this_round is: " + M4_spin_total_bonus_win_this_round): null

2019-08-24 12:55:50 - [TEST_STEP][PASSED] - M4_spin_bonus_spin_result = spin_result: null

2019-08-24 12:55:50 - [TEST_STEP][PASSED] - M4_spin_bonus_spin_result = M4_spin_bonus_spin_result: null

2019-08-24 12:55:50 - [MESSAGE][PASSED] - Verify response successfully

2019-08-24 12:55:50 - [MESSAGE][PASSED] - Send request and verify the response successfully

2019-08-24 12:55:50 - [TEST_STEP][PASSED] - if (M4_total_bonus_spins_int != 0 &amp;&amp; M4_spin_reels_symbols[2].contains("WILD_Double") || M4_spin_reels_symbols[4].contains("WILD_Triple")): null

2019-08-24 12:55:50 - [TEST_STEP][PASSED] - free_spin_reel_counter = free_spin_reel_counter: null

2019-08-24 12:55:50 - [TEST_STEP][PASSED] - M4_spin_reels_symbols = M4_spin_reels_symbols: null

2019-08-24 12:55:50 - [TEST_STEP][PASSED] - M4_total_bonus_spins = M4_total_bonus_spins: null

2019-08-24 12:55:50 - [TEST_STEP][PASSED] - spin_result = sendRequestAndVerify(findTestObject("INT/RGS(M4)/1_M4_spin", ["M4_login_user_id":M4_login_user_id, "rgs_session_token":rgs_session_token, "partner":Partner])): Send request and verify the response successfully

2019-08-24 12:55:50 - [MESSAGE][INFO] - HAR: /Users/eiralee/Katalon_Script/SuperWild/Reports/20190824_124242/INT/superWild_4/20190824_124242/requests/main/230.har

2019-08-24 12:55:50 - [TEST_CASE][PASSED] - Start Test Case : Verification: Verification accomplished successfully

2019-08-24 12:55:50 - [TEST_STEP][PASSED] - request = getInstance().getCurrentRequest(): null

2019-08-24 12:55:50 - [TEST_STEP][PASSED] - response = getInstance().getCurrentResponse(): null

2019-08-24 12:55:50 - [TEST_STEP][PASSED] - verifyResponseStatusCode(response, 200): Verify response status code successfully

2019-08-24 12:55:50 - [MESSAGE][PASSED] - Verify response status code successfully

2019-08-24 12:55:50 - [TEST_STEP][PASSED] - getStatusCode()).isEqualTo(200): null

2019-08-24 12:55:50 - [TEST_STEP][PASSED] - newline = System.getProperty("line.separator"): null

2019-08-24 12:55:50 - [TEST_STEP][PASSED] - M4_spin = new groovy.json.JsonSlurper(): null

2019-08-24 12:55:50 - [TEST_STEP][PASSED] - result_M4_spin = M4_spin.parseText(response.getResponseBodyContent()): null

2019-08-24 12:55:50 - [TEST_STEP][PASSED] - M4_spin_current_balance = current_balance: null

2019-08-24 12:55:50 - [TEST_STEP][PASSED] - M4_spin_current_balance = M4_spin_current_balance: null

2019-08-24 12:55:50 - [TEST_STEP][PASSED] - M4_spin_transaction_id = causality: null

2019-08-24 12:55:50 - [TEST_STEP][PASSED] - M4_spin_transaction_id = M4_spin_transaction_id: null

2019-08-24 12:55:50 - [TEST_STEP][PASSED] - M4_spin_round_id = round_id: null

2019-08-24 12:55:50 - [TEST_STEP][PASSED] - M4_spin_round_id = M4_spin_round_id: null

2019-08-24 12:55:50 - [TEST_STEP][PASSED] - M4_spin_line_wins = line_wins: null

2019-08-24 12:55:50 - [TEST_STEP][PASSED] - M4_spin_line_wins = M4_spin_line_wins: null

2019-08-24 12:55:50 - [TEST_STEP][PASSED] - M4_total_bonus_spins_int = total_bonus_spins: null

2019-08-24 12:55:50 - [TEST_STEP][PASSED] - println("******M4_total_bonus_spins type is:*******" + newline + getClass().getName()): null

2019-08-24 12:55:50 - [TEST_STEP][PASSED] - M4_total_bonus_spins_int = M4_total_bonus_spins_int: null

2019-08-24 12:55:50 - [TEST_STEP][PASSED] - M4_total_bonus_spins = Integer.toString(M4_total_bonus_spins_int): null

2019-08-24 12:55:50 - [TEST_STEP][PASSED] - M4_total_bonus_spins = M4_total_bonus_spins: null

2019-08-24 12:55:50 - [TEST_STEP][PASSED] - println("M4_total_bonus_spins is:" + M4_total_bonus_spins): null

2019-08-24 12:55:50 - [TEST_STEP][PASSED] - M4_spin_bonus_data = bonus_data: null

2019-08-24 12:55:50 - [TEST_STEP][PASSED] - M4_spin_features_triggered = result_M4_spin: null

2019-08-24 12:55:50 - [TEST_STEP][PASSED] - wild = []: null

2019-08-24 12:55:50 - [TEST_STEP][PASSED] - wild[0] = "WILD_Expanding": null

2019-08-24 12:55:50 - [TEST_STEP][PASSED] - wild[1] = "WILD_Normal": null

2019-08-24 12:55:50 - [TEST_STEP][PASSED] - wild[2] = "WILD_Double": null

2019-08-24 12:55:50 - [TEST_STEP][PASSED] - wild[3] = "WILD_ExtraFG": null

2019-08-24 12:55:50 - [TEST_STEP][PASSED] - wild[4] = "WILD_Triple": null

2019-08-24 12:55:50 - [TEST_STEP][PASSED] - wildList = Arrays.asList(wild): null

2019-08-24 12:55:50 - [TEST_STEP][PASSED] - wildList = wildList: null

2019-08-24 12:55:50 - [TEST_STEP][PASSED] - free_spin_reel_counter = []: null

2019-08-24 12:55:50 - [TEST_STEP][PASSED] - free_spin_reel_counter[0] = 0: null

2019-08-24 12:55:50 - [TEST_STEP][PASSED] - free_spin_reel_counter[1] = 0: null

2019-08-24 12:55:50 - [TEST_STEP][PASSED] - free_spin_reel_counter[2] = 0: null

2019-08-24 12:55:50 - [TEST_STEP][PASSED] - M4_spin_reels = reels: null

2019-08-24 12:55:50 - [TEST_STEP][PASSED] - for ([i = 0, i &lt; M4_spin_reels.size(), (i++)]): null

2019-08-24 12:55:50 - [TEST_STEP][PASSED] - symbols = symbols: null

2019-08-24 12:55:50 - [TEST_STEP][PASSED] - for ([j = 0, j &lt; symbols.size(), (j++)]): null

2019-08-24 12:55:50 - [TEST_STEP][PASSED] - symbol = symbol: null

2019-08-24 12:55:50 - [TEST_STEP][PASSED] - println(symbol): null

2019-08-24 12:55:50 - [TEST_STEP][PASSED] - if (i == 2 &amp;&amp; wildList.indexOf(symbol) != -1): null

2019-08-24 12:55:50 - [TEST_STEP][PASSED] - if (i == 3 &amp;&amp; wildList.indexOf(symbol) != -1): null

2019-08-24 12:55:50 - [TEST_STEP][PASSED] - if (i == 4 &amp;&amp; wildList.indexOf(symbol) != -1): null

2019-08-24 12:55:50 - [TEST_STEP][PASSED] - symbol = symbol: null

2019-08-24 12:55:50 - [TEST_STEP][PASSED] - println(symbol): null

2019-08-24 12:55:50 - [TEST_STEP][PASSED] - if (i == 2 &amp;&amp; wildList.indexOf(symbol) != -1): null

2019-08-24 12:55:50 - [TEST_STEP][PASSED] - if (i == 3 &amp;&amp; wildList.indexOf(symbol) != -1): null

2019-08-24 12:55:50 - [TEST_STEP][PASSED] - if (i == 4 &amp;&amp; wildList.indexOf(symbol) != -1): null

2019-08-24 12:55:50 - [TEST_STEP][PASSED] - symbol = symbol: null

2019-08-24 12:55:50 - [TEST_STEP][PASSED] - println(symbol): null

2019-08-24 12:55:50 - [TEST_STEP][PASSED] - if (i == 2 &amp;&amp; wildList.indexOf(symbol) != -1): null

2019-08-24 12:55:50 - [TEST_STEP][PASSED] - if (i == 3 &amp;&amp; wildList.indexOf(symbol) != -1): null

2019-08-24 12:55:50 - [TEST_STEP][PASSED] - if (i == 4 &amp;&amp; wildList.indexOf(symbol) != -1): null

2019-08-24 12:55:50 - [TEST_STEP][PASSED] - symbols = symbols: null

2019-08-24 12:55:50 - [TEST_STEP][PASSED] - for ([j = 0, j &lt; symbols.size(), (j++)]): null

2019-08-24 12:55:50 - [TEST_STEP][PASSED] - symbol = symbol: null

2019-08-24 12:55:50 - [TEST_STEP][PASSED] - println(symbol): null

2019-08-24 12:55:50 - [TEST_STEP][PASSED] - if (i == 2 &amp;&amp; wildList.indexOf(symbol) != -1): null

2019-08-24 12:55:50 - [TEST_STEP][PASSED] - if (i == 3 &amp;&amp; wildList.indexOf(symbol) != -1): null

2019-08-24 12:55:50 - [TEST_STEP][PASSED] - if (i == 4 &amp;&amp; wildList.indexOf(symbol) != -1): null

2019-08-24 12:55:50 - [TEST_STEP][PASSED] - symbol = symbol: null

2019-08-24 12:55:50 - [TEST_STEP][PASSED] - println(symbol): null

2019-08-24 12:55:50 - [TEST_STEP][PASSED] - if (i == 2 &amp;&amp; wildList.indexOf(symbol) != -1): null

2019-08-24 12:55:50 - [TEST_STEP][PASSED] - if (i == 3 &amp;&amp; wildList.indexOf(symbol) != -1): null

2019-08-24 12:55:50 - [TEST_STEP][PASSED] - if (i == 4 &amp;&amp; wildList.indexOf(symbol) != -1): null

2019-08-24 12:55:50 - [TEST_STEP][PASSED] - symbol = symbol: null

2019-08-24 12:55:50 - [TEST_STEP][PASSED] - println(symbol): null

2019-08-24 12:55:50 - [TEST_STEP][PASSED] - if (i == 2 &amp;&amp; wildList.indexOf(symbol) != -1): null

2019-08-24 12:55:50 - [TEST_STEP][PASSED] - if (i == 3 &amp;&amp; wildList.indexOf(symbol) != -1): null

2019-08-24 12:55:50 - [TEST_STEP][PASSED] - if (i == 4 &amp;&amp; wildList.indexOf(symbol) != -1): null

2019-08-24 12:55:50 - [TEST_STEP][PASSED] - symbols = symbols: null

2019-08-24 12:55:50 - [TEST_STEP][PASSED] - for ([j = 0, j &lt; symbols.size(), (j++)]): null

2019-08-24 12:55:50 - [TEST_STEP][PASSED] - symbol = symbol: null

2019-08-24 12:55:50 - [TEST_STEP][PASSED] - println(symbol): null

2019-08-24 12:55:50 - [TEST_STEP][PASSED] - if (i == 2 &amp;&amp; wildList.indexOf(symbol) != -1): null

2019-08-24 12:55:50 - [TEST_STEP][PASSED] - if (i == 3 &amp;&amp; wildList.indexOf(symbol) != -1): null

2019-08-24 12:55:50 - [TEST_STEP][PASSED] - if (i == 4 &amp;&amp; wildList.indexOf(symbol) != -1): null

2019-08-24 12:55:50 - [TEST_STEP][PASSED] - symbol = symbol: null

2019-08-24 12:55:50 - [TEST_STEP][PASSED] - println(symbol): null

2019-08-24 12:55:50 - [TEST_STEP][PASSED] - if (i == 2 &amp;&amp; wildList.indexOf(symbol) != -1): null

2019-08-24 12:55:50 - [TEST_STEP][PASSED] - if (i == 3 &amp;&amp; wildList.indexOf(symbol) != -1): null

2019-08-24 12:55:50 - [TEST_STEP][PASSED] - if (i == 4 &amp;&amp; wildList.indexOf(symbol) != -1): null

2019-08-24 12:55:50 - [TEST_STEP][PASSED] - symbol = symbol: null

2019-08-24 12:55:50 - [TEST_STEP][PASSED] - println(symbol): null

2019-08-24 12:55:50 - [TEST_STEP][PASSED] - if (i == 2 &amp;&amp; wildList.indexOf(symbol) != -1): null

2019-08-24 12:55:50 - [TEST_STEP][PASSED] - if (i == 3 &amp;&amp; wildList.indexOf(symbol) != -1): null

2019-08-24 12:55:50 - [TEST_STEP][PASSED] - if (i == 4 &amp;&amp; wildList.indexOf(symbol) != -1): null

2019-08-24 12:55:50 - [TEST_STEP][PASSED] - symbols = symbols: null

2019-08-24 12:55:50 - [TEST_STEP][PASSED] - for ([j = 0, j &lt; symbols.size(), (j++)]): null

2019-08-24 12:55:50 - [TEST_STEP][PASSED] - symbol = symbol: null

2019-08-24 12:55:50 - [TEST_STEP][PASSED] - println(symbol): null

2019-08-24 12:55:50 - [TEST_STEP][PASSED] - if (i == 2 &amp;&amp; wildList.indexOf(symbol) != -1): null

2019-08-24 12:55:50 - [TEST_STEP][PASSED] - if (i == 3 &amp;&amp; wildList.indexOf(symbol) != -1): null

2019-08-24 12:55:50 - [TEST_STEP][PASSED] - println("wild found on reel 4, adding counter by 1"): null

2019-08-24 12:55:50 - [TEST_STEP][PASSED] - free_spin_reel_counter[1] = free_spin_reel_counter[1] + 1: null

2019-08-24 12:55:50 - [TEST_STEP][PASSED] - if (i == 4 &amp;&amp; wildList.indexOf(symbol) != -1): null

2019-08-24 12:55:50 - [TEST_STEP][PASSED] - symbol = symbol: null

2019-08-24 12:55:50 - [TEST_STEP][PASSED] - println(symbol): null

2019-08-24 12:55:50 - [TEST_STEP][PASSED] - if (i == 2 &amp;&amp; wildList.indexOf(symbol) != -1): null

2019-08-24 12:55:50 - [TEST_STEP][PASSED] - if (i == 3 &amp;&amp; wildList.indexOf(symbol) != -1): null

2019-08-24 12:55:50 - [TEST_STEP][PASSED] - if (i == 4 &amp;&amp; wildList.indexOf(symbol) != -1): null

2019-08-24 12:55:50 - [TEST_STEP][PASSED] - symbol = symbol: null

2019-08-24 12:55:50 - [TEST_STEP][PASSED] - println(symbol): null

2019-08-24 12:55:50 - [TEST_STEP][PASSED] - if (i == 2 &amp;&amp; wildList.indexOf(symbol) != -1): null

2019-08-24 12:55:50 - [TEST_STEP][PASSED] - if (i == 3 &amp;&amp; wildList.indexOf(symbol) != -1): null

2019-08-24 12:55:50 - [TEST_STEP][PASSED] - if (i == 4 &amp;&amp; wildList.indexOf(symbol) != -1): null

2019-08-24 12:55:50 - [TEST_STEP][PASSED] - symbols = symbols: null

2019-08-24 12:55:50 - [TEST_STEP][PASSED] - for ([j = 0, j &lt; symbols.size(), (j++)]): null

2019-08-24 12:55:50 - [TEST_STEP][PASSED] - symbol = symbol: null

2019-08-24 12:55:50 - [TEST_STEP][PASSED] - println(symbol): null

2019-08-24 12:55:50 - [TEST_STEP][PASSED] - if (i == 2 &amp;&amp; wildList.indexOf(symbol) != -1): null

2019-08-24 12:55:50 - [TEST_STEP][PASSED] - if (i == 3 &amp;&amp; wildList.indexOf(symbol) != -1): null

2019-08-24 12:55:50 - [TEST_STEP][PASSED] - if (i == 4 &amp;&amp; wildList.indexOf(symbol) != -1): null

2019-08-24 12:55:50 - [TEST_STEP][PASSED] - symbol = symbol: null

2019-08-24 12:55:50 - [TEST_STEP][PASSED] - println(symbol): null

2019-08-24 12:55:50 - [TEST_STEP][PASSED] - if (i == 2 &amp;&amp; wildList.indexOf(symbol) != -1): null

2019-08-24 12:55:50 - [TEST_STEP][PASSED] - if (i == 3 &amp;&amp; wildList.indexOf(symbol) != -1): null

2019-08-24 12:55:50 - [TEST_STEP][PASSED] - if (i == 4 &amp;&amp; wildList.indexOf(symbol) != -1): null

2019-08-24 12:55:50 - [TEST_STEP][PASSED] - symbol = symbol: null

2019-08-24 12:55:50 - [TEST_STEP][PASSED] - println(symbol): null

2019-08-24 12:55:50 - [TEST_STEP][PASSED] - if (i == 2 &amp;&amp; wildList.indexOf(symbol) != -1): null

2019-08-24 12:55:50 - [TEST_STEP][PASSED] - if (i == 3 &amp;&amp; wildList.indexOf(symbol) != -1): null

2019-08-24 12:55:50 - [TEST_STEP][PASSED] - if (i == 4 &amp;&amp; wildList.indexOf(symbol) != -1): null

2019-08-24 12:55:50 - [TEST_STEP][PASSED] - free_spin_reel_counter = free_spin_reel_counter: null

2019-08-24 12:55:50 - [TEST_STEP][PASSED] - println("reel 3 wild found: " + free_spin_reel_counter[0]): null

2019-08-24 12:55:50 - [TEST_STEP][PASSED] - println("reel 4 wild found: " + free_spin_reel_counter[1]): null

2019-08-24 12:55:50 - [TEST_STEP][PASSED] - println("reel 5 wild found: " + free_spin_reel_counter[2]): null

2019-08-24 12:55:50 - [TEST_STEP][PASSED] - M4_spin_reels = M4_spin_reels: null

2019-08-24 12:55:50 - [TEST_STEP][PASSED] - M4_spin_reels_symbols = symbol: null

2019-08-24 12:55:50 - [TEST_STEP][PASSED] - M4_spin_reels_symbols = M4_spin_reels_symbols: null

2019-08-24 12:55:50 - [TEST_STEP][PASSED] - M4_spin_reel_wins = reel_wins: null

2019-08-24 12:55:50 - [TEST_STEP][PASSED] - M4_spin_reel_wins = M4_spin_reel_wins: null

2019-08-24 12:55:50 - [TEST_STEP][PASSED] - println("GlobalVariable.M4_spin_reel_wins is: " + M4_spin_reel_wins): null

2019-08-24 12:55:50 - [TEST_STEP][PASSED] - M4_spin_total_bonus_win_this_round = total_bonus_win_this_round: null

2019-08-24 12:55:50 - [TEST_STEP][PASSED] - M4_spin_total_bonus_win_this_round = M4_spin_total_bonus_win_this_round: null

2019-08-24 12:55:50 - [TEST_STEP][PASSED] - println("GlobalVariable.M4_spin_total_bonus_win_this_round is: " + M4_spin_total_bonus_win_this_round): null

2019-08-24 12:55:50 - [TEST_STEP][PASSED] - M4_spin_bonus_spin_result = spin_result: null

2019-08-24 12:55:50 - [TEST_STEP][PASSED] - M4_spin_bonus_spin_result = M4_spin_bonus_spin_result: null

2019-08-24 12:55:50 - [MESSAGE][PASSED] - Verify response successfully

2019-08-24 12:55:50 - [MESSAGE][PASSED] - Send request and verify the response successfully

2019-08-24 12:55:50 - [TEST_STEP][PASSED] - if (M4_total_bonus_spins_int != 0 &amp;&amp; M4_spin_reels_symbols[2].contains("WILD_Double") || M4_spin_reels_symbols[4].contains("WILD_Triple")): null

2019-08-24 12:55:50 - [TEST_STEP][PASSED] - free_spin_reel_counter = free_spin_reel_counter: null

2019-08-24 12:55:50 - [TEST_STEP][PASSED] - M4_spin_reels_symbols = M4_spin_reels_symbols: null

2019-08-24 12:55:50 - [TEST_STEP][PASSED] - M4_total_bonus_spins = M4_total_bonus_spins: null

2019-08-24 12:55:50 - [TEST_STEP][PASSED] - spin_result = sendRequestAndVerify(findTestObject("INT/RGS(M4)/1_M4_spin", ["M4_login_user_id":M4_login_user_id, "rgs_session_token":rgs_session_token, "partner":Partner])): Send request and verify the response successfully

2019-08-24 12:55:51 - [MESSAGE][INFO] - HAR: /Users/eiralee/Katalon_Script/SuperWild/Reports/20190824_124242/INT/superWild_4/20190824_124242/requests/main/231.har

2019-08-24 12:55:51 - [TEST_CASE][PASSED] - Start Test Case : Verification: Verification accomplished successfully

2019-08-24 12:55:51 - [TEST_STEP][PASSED] - request = getInstance().getCurrentRequest(): null

2019-08-24 12:55:51 - [TEST_STEP][PASSED] - response = getInstance().getCurrentResponse(): null

2019-08-24 12:55:51 - [TEST_STEP][PASSED] - verifyResponseStatusCode(response, 200): Verify response status code successfully

2019-08-24 12:55:51 - [MESSAGE][PASSED] - Verify response status code successfully

2019-08-24 12:55:51 - [TEST_STEP][PASSED] - getStatusCode()).isEqualTo(200): null

2019-08-24 12:55:51 - [TEST_STEP][PASSED] - newline = System.getProperty("line.separator"): null

2019-08-24 12:55:51 - [TEST_STEP][PASSED] - M4_spin = new groovy.json.JsonSlurper(): null

2019-08-24 12:55:51 - [TEST_STEP][PASSED] - result_M4_spin = M4_spin.parseText(response.getResponseBodyContent()): null

2019-08-24 12:55:51 - [TEST_STEP][PASSED] - M4_spin_current_balance = current_balance: null

2019-08-24 12:55:51 - [TEST_STEP][PASSED] - M4_spin_current_balance = M4_spin_current_balance: null

2019-08-24 12:55:51 - [TEST_STEP][PASSED] - M4_spin_transaction_id = causality: null

2019-08-24 12:55:51 - [TEST_STEP][PASSED] - M4_spin_transaction_id = M4_spin_transaction_id: null

2019-08-24 12:55:51 - [TEST_STEP][PASSED] - M4_spin_round_id = round_id: null

2019-08-24 12:55:51 - [TEST_STEP][PASSED] - M4_spin_round_id = M4_spin_round_id: null

2019-08-24 12:55:51 - [TEST_STEP][PASSED] - M4_spin_line_wins = line_wins: null

2019-08-24 12:55:51 - [TEST_STEP][PASSED] - M4_spin_line_wins = M4_spin_line_wins: null

2019-08-24 12:55:51 - [TEST_STEP][PASSED] - M4_total_bonus_spins_int = total_bonus_spins: null

2019-08-24 12:55:51 - [TEST_STEP][PASSED] - println("******M4_total_bonus_spins type is:*******" + newline + getClass().getName()): null

2019-08-24 12:55:51 - [TEST_STEP][PASSED] - M4_total_bonus_spins_int = M4_total_bonus_spins_int: null

2019-08-24 12:55:51 - [TEST_STEP][PASSED] - M4_total_bonus_spins = Integer.toString(M4_total_bonus_spins_int): null

2019-08-24 12:55:51 - [TEST_STEP][PASSED] - M4_total_bonus_spins = M4_total_bonus_spins: null

2019-08-24 12:55:51 - [TEST_STEP][PASSED] - println("M4_total_bonus_spins is:" + M4_total_bonus_spins): null

2019-08-24 12:55:51 - [TEST_STEP][PASSED] - M4_spin_bonus_data = bonus_data: null

2019-08-24 12:55:51 - [TEST_STEP][PASSED] - M4_spin_features_triggered = result_M4_spin: null

2019-08-24 12:55:51 - [TEST_STEP][PASSED] - wild = []: null

2019-08-24 12:55:51 - [TEST_STEP][PASSED] - wild[0] = "WILD_Expanding": null

2019-08-24 12:55:51 - [TEST_STEP][PASSED] - wild[1] = "WILD_Normal": null

2019-08-24 12:55:51 - [TEST_STEP][PASSED] - wild[2] = "WILD_Double": null

2019-08-24 12:55:51 - [TEST_STEP][PASSED] - wild[3] = "WILD_ExtraFG": null

2019-08-24 12:55:51 - [TEST_STEP][PASSED] - wild[4] = "WILD_Triple": null

2019-08-24 12:55:51 - [TEST_STEP][PASSED] - wildList = Arrays.asList(wild): null

2019-08-24 12:55:51 - [TEST_STEP][PASSED] - wildList = wildList: null

2019-08-24 12:55:51 - [TEST_STEP][PASSED] - free_spin_reel_counter = []: null

2019-08-24 12:55:51 - [TEST_STEP][PASSED] - free_spin_reel_counter[0] = 0: null

2019-08-24 12:55:51 - [TEST_STEP][PASSED] - free_spin_reel_counter[1] = 0: null

2019-08-24 12:55:51 - [TEST_STEP][PASSED] - free_spin_reel_counter[2] = 0: null

2019-08-24 12:55:51 - [TEST_STEP][PASSED] - M4_spin_reels = reels: null

2019-08-24 12:55:51 - [TEST_STEP][PASSED] - for ([i = 0, i &lt; M4_spin_reels.size(), (i++)]): null

2019-08-24 12:55:51 - [TEST_STEP][PASSED] - symbols = symbols: null

2019-08-24 12:55:51 - [TEST_STEP][PASSED] - for ([j = 0, j &lt; symbols.size(), (j++)]): null

2019-08-24 12:55:51 - [TEST_STEP][PASSED] - symbol = symbol: null

2019-08-24 12:55:51 - [TEST_STEP][PASSED] - println(symbol): null

2019-08-24 12:55:51 - [TEST_STEP][PASSED] - if (i == 2 &amp;&amp; wildList.indexOf(symbol) != -1): null

2019-08-24 12:55:51 - [TEST_STEP][PASSED] - if (i == 3 &amp;&amp; wildList.indexOf(symbol) != -1): null

2019-08-24 12:55:51 - [TEST_STEP][PASSED] - if (i == 4 &amp;&amp; wildList.indexOf(symbol) != -1): null

2019-08-24 12:55:51 - [TEST_STEP][PASSED] - symbol = symbol: null

2019-08-24 12:55:51 - [TEST_STEP][PASSED] - println(symbol): null

2019-08-24 12:55:51 - [TEST_STEP][PASSED] - if (i == 2 &amp;&amp; wildList.indexOf(symbol) != -1): null

2019-08-24 12:55:51 - [TEST_STEP][PASSED] - if (i == 3 &amp;&amp; wildList.indexOf(symbol) != -1): null

2019-08-24 12:55:51 - [TEST_STEP][PASSED] - if (i == 4 &amp;&amp; wildList.indexOf(symbol) != -1): null

2019-08-24 12:55:51 - [TEST_STEP][PASSED] - symbol = symbol: null

2019-08-24 12:55:51 - [TEST_STEP][PASSED] - println(symbol): null

2019-08-24 12:55:51 - [TEST_STEP][PASSED] - if (i == 2 &amp;&amp; wildList.indexOf(symbol) != -1): null

2019-08-24 12:55:51 - [TEST_STEP][PASSED] - if (i == 3 &amp;&amp; wildList.indexOf(symbol) != -1): null

2019-08-24 12:55:51 - [TEST_STEP][PASSED] - if (i == 4 &amp;&amp; wildList.indexOf(symbol) != -1): null

2019-08-24 12:55:51 - [TEST_STEP][PASSED] - symbols = symbols: null

2019-08-24 12:55:51 - [TEST_STEP][PASSED] - for ([j = 0, j &lt; symbols.size(), (j++)]): null

2019-08-24 12:55:51 - [TEST_STEP][PASSED] - symbol = symbol: null

2019-08-24 12:55:51 - [TEST_STEP][PASSED] - println(symbol): null

2019-08-24 12:55:51 - [TEST_STEP][PASSED] - if (i == 2 &amp;&amp; wildList.indexOf(symbol) != -1): null

2019-08-24 12:55:51 - [TEST_STEP][PASSED] - if (i == 3 &amp;&amp; wildList.indexOf(symbol) != -1): null

2019-08-24 12:55:51 - [TEST_STEP][PASSED] - if (i == 4 &amp;&amp; wildList.indexOf(symbol) != -1): null

2019-08-24 12:55:51 - [TEST_STEP][PASSED] - symbol = symbol: null

2019-08-24 12:55:51 - [TEST_STEP][PASSED] - println(symbol): null

2019-08-24 12:55:51 - [TEST_STEP][PASSED] - if (i == 2 &amp;&amp; wildList.indexOf(symbol) != -1): null

2019-08-24 12:55:51 - [TEST_STEP][PASSED] - if (i == 3 &amp;&amp; wildList.indexOf(symbol) != -1): null

2019-08-24 12:55:51 - [TEST_STEP][PASSED] - if (i == 4 &amp;&amp; wildList.indexOf(symbol) != -1): null

2019-08-24 12:55:51 - [TEST_STEP][PASSED] - symbol = symbol: null

2019-08-24 12:55:51 - [TEST_STEP][PASSED] - println(symbol): null

2019-08-24 12:55:51 - [TEST_STEP][PASSED] - if (i == 2 &amp;&amp; wildList.indexOf(symbol) != -1): null

2019-08-24 12:55:51 - [TEST_STEP][PASSED] - if (i == 3 &amp;&amp; wildList.indexOf(symbol) != -1): null

2019-08-24 12:55:51 - [TEST_STEP][PASSED] - if (i == 4 &amp;&amp; wildList.indexOf(symbol) != -1): null

2019-08-24 12:55:51 - [TEST_STEP][PASSED] - symbols = symbols: null

2019-08-24 12:55:51 - [TEST_STEP][PASSED] - for ([j = 0, j &lt; symbols.size(), (j++)]): null

2019-08-24 12:55:51 - [TEST_STEP][PASSED] - symbol = symbol: null

2019-08-24 12:55:51 - [TEST_STEP][PASSED] - println(symbol): null

2019-08-24 12:55:51 - [TEST_STEP][PASSED] - if (i == 2 &amp;&amp; wildList.indexOf(symbol) != -1): null

2019-08-24 12:55:51 - [TEST_STEP][PASSED] - if (i == 3 &amp;&amp; wildList.indexOf(symbol) != -1): null

2019-08-24 12:55:51 - [TEST_STEP][PASSED] - if (i == 4 &amp;&amp; wildList.indexOf(symbol) != -1): null

2019-08-24 12:55:51 - [TEST_STEP][PASSED] - symbol = symbol: null

2019-08-24 12:55:51 - [TEST_STEP][PASSED] - println(symbol): null

2019-08-24 12:55:51 - [TEST_STEP][PASSED] - if (i == 2 &amp;&amp; wildList.indexOf(symbol) != -1): null

2019-08-24 12:55:51 - [TEST_STEP][PASSED] - if (i == 3 &amp;&amp; wildList.indexOf(symbol) != -1): null

2019-08-24 12:55:51 - [TEST_STEP][PASSED] - if (i == 4 &amp;&amp; wildList.indexOf(symbol) != -1): null

2019-08-24 12:55:51 - [TEST_STEP][PASSED] - symbol = symbol: null

2019-08-24 12:55:51 - [TEST_STEP][PASSED] - println(symbol): null

2019-08-24 12:55:51 - [TEST_STEP][PASSED] - if (i == 2 &amp;&amp; wildList.indexOf(symbol) != -1): null

2019-08-24 12:55:51 - [TEST_STEP][PASSED] - println("wild found on reel 3, adding counter by 1"): null

2019-08-24 12:55:51 - [TEST_STEP][PASSED] - free_spin_reel_counter[0] = free_spin_reel_counter[0] + 1: null

2019-08-24 12:55:51 - [TEST_STEP][PASSED] - if (i == 3 &amp;&amp; wildList.indexOf(symbol) != -1): null

2019-08-24 12:55:51 - [TEST_STEP][PASSED] - if (i == 4 &amp;&amp; wildList.indexOf(symbol) != -1): null

2019-08-24 12:55:51 - [TEST_STEP][PASSED] - symbols = symbols: null

2019-08-24 12:55:51 - [TEST_STEP][PASSED] - for ([j = 0, j &lt; symbols.size(), (j++)]): null

2019-08-24 12:55:51 - [TEST_STEP][PASSED] - symbol = symbol: null

2019-08-24 12:55:51 - [TEST_STEP][PASSED] - println(symbol): null

2019-08-24 12:55:51 - [TEST_STEP][PASSED] - if (i == 2 &amp;&amp; wildList.indexOf(symbol) != -1): null

2019-08-24 12:55:51 - [TEST_STEP][PASSED] - if (i == 3 &amp;&amp; wildList.indexOf(symbol) != -1): null

2019-08-24 12:55:51 - [TEST_STEP][PASSED] - if (i == 4 &amp;&amp; wildList.indexOf(symbol) != -1): null

2019-08-24 12:55:51 - [TEST_STEP][PASSED] - symbol = symbol: null

2019-08-24 12:55:51 - [TEST_STEP][PASSED] - println(symbol): null

2019-08-24 12:55:51 - [TEST_STEP][PASSED] - if (i == 2 &amp;&amp; wildList.indexOf(symbol) != -1): null

2019-08-24 12:55:51 - [TEST_STEP][PASSED] - if (i == 3 &amp;&amp; wildList.indexOf(symbol) != -1): null

2019-08-24 12:55:51 - [TEST_STEP][PASSED] - if (i == 4 &amp;&amp; wildList.indexOf(symbol) != -1): null

2019-08-24 12:55:51 - [TEST_STEP][PASSED] - symbol = symbol: null

2019-08-24 12:55:51 - [TEST_STEP][PASSED] - println(symbol): null

2019-08-24 12:55:51 - [TEST_STEP][PASSED] - if (i == 2 &amp;&amp; wildList.indexOf(symbol) != -1): null

2019-08-24 12:55:51 - [TEST_STEP][PASSED] - if (i == 3 &amp;&amp; wildList.indexOf(symbol) != -1): null

2019-08-24 12:55:51 - [TEST_STEP][PASSED] - if (i == 4 &amp;&amp; wildList.indexOf(symbol) != -1): null

2019-08-24 12:55:51 - [TEST_STEP][PASSED] - symbols = symbols: null

2019-08-24 12:55:51 - [TEST_STEP][PASSED] - for ([j = 0, j &lt; symbols.size(), (j++)]): null

2019-08-24 12:55:51 - [TEST_STEP][PASSED] - symbol = symbol: null

2019-08-24 12:55:51 - [TEST_STEP][PASSED] - println(symbol): null

2019-08-24 12:55:51 - [TEST_STEP][PASSED] - if (i == 2 &amp;&amp; wildList.indexOf(symbol) != -1): null

2019-08-24 12:55:51 - [TEST_STEP][PASSED] - if (i == 3 &amp;&amp; wildList.indexOf(symbol) != -1): null

2019-08-24 12:55:51 - [TEST_STEP][PASSED] - if (i == 4 &amp;&amp; wildList.indexOf(symbol) != -1): null

2019-08-24 12:55:51 - [TEST_STEP][PASSED] - symbol = symbol: null

2019-08-24 12:55:51 - [TEST_STEP][PASSED] - println(symbol): null

2019-08-24 12:55:51 - [TEST_STEP][PASSED] - if (i == 2 &amp;&amp; wildList.indexOf(symbol) != -1): null

2019-08-24 12:55:51 - [TEST_STEP][PASSED] - if (i == 3 &amp;&amp; wildList.indexOf(symbol) != -1): null

2019-08-24 12:55:51 - [TEST_STEP][PASSED] - if (i == 4 &amp;&amp; wildList.indexOf(symbol) != -1): null

2019-08-24 12:55:51 - [TEST_STEP][PASSED] - symbol = symbol: null

2019-08-24 12:55:51 - [TEST_STEP][PASSED] - println(symbol): null

2019-08-24 12:55:51 - [TEST_STEP][PASSED] - if (i == 2 &amp;&amp; wildList.indexOf(symbol) != -1): null

2019-08-24 12:55:51 - [TEST_STEP][PASSED] - if (i == 3 &amp;&amp; wildList.indexOf(symbol) != -1): null

2019-08-24 12:55:51 - [TEST_STEP][PASSED] - if (i == 4 &amp;&amp; wildList.indexOf(symbol) != -1): null

2019-08-24 12:55:51 - [TEST_STEP][PASSED] - free_spin_reel_counter = free_spin_reel_counter: null

2019-08-24 12:55:51 - [TEST_STEP][PASSED] - println("reel 3 wild found: " + free_spin_reel_counter[0]): null

2019-08-24 12:55:51 - [TEST_STEP][PASSED] - println("reel 4 wild found: " + free_spin_reel_counter[1]): null

2019-08-24 12:55:51 - [TEST_STEP][PASSED] - println("reel 5 wild found: " + free_spin_reel_counter[2]): null

2019-08-24 12:55:51 - [TEST_STEP][PASSED] - M4_spin_reels = M4_spin_reels: null

2019-08-24 12:55:51 - [TEST_STEP][PASSED] - M4_spin_reels_symbols = symbol: null

2019-08-24 12:55:51 - [TEST_STEP][PASSED] - M4_spin_reels_symbols = M4_spin_reels_symbols: null

2019-08-24 12:55:51 - [TEST_STEP][PASSED] - M4_spin_reel_wins = reel_wins: null

2019-08-24 12:55:51 - [TEST_STEP][PASSED] - M4_spin_reel_wins = M4_spin_reel_wins: null

2019-08-24 12:55:51 - [TEST_STEP][PASSED] - println("GlobalVariable.M4_spin_reel_wins is: " + M4_spin_reel_wins): null

2019-08-24 12:55:51 - [TEST_STEP][PASSED] - M4_spin_total_bonus_win_this_round = total_bonus_win_this_round: null

2019-08-24 12:55:51 - [TEST_STEP][PASSED] - M4_spin_total_bonus_win_this_round = M4_spin_total_bonus_win_this_round: null

2019-08-24 12:55:51 - [TEST_STEP][PASSED] - println("GlobalVariable.M4_spin_total_bonus_win_this_round is: " + M4_spin_total_bonus_win_this_round): null

2019-08-24 12:55:51 - [TEST_STEP][PASSED] - M4_spin_bonus_spin_result = spin_result: null

2019-08-24 12:55:51 - [TEST_STEP][PASSED] - M4_spin_bonus_spin_result = M4_spin_bonus_spin_result: null

2019-08-24 12:55:51 - [MESSAGE][PASSED] - Verify response successfully

2019-08-24 12:55:51 - [MESSAGE][PASSED] - Send request and verify the response successfully

2019-08-24 12:55:51 - [TEST_STEP][PASSED] - if (M4_total_bonus_spins_int != 0 &amp;&amp; M4_spin_reels_symbols[2].contains("WILD_Double") || M4_spin_reels_symbols[4].contains("WILD_Triple")): null

2019-08-24 12:55:51 - [TEST_STEP][PASSED] - free_spin_reel_counter = free_spin_reel_counter: null

2019-08-24 12:55:51 - [TEST_STEP][PASSED] - M4_spin_reels_symbols = M4_spin_reels_symbols: null

2019-08-24 12:55:51 - [TEST_STEP][PASSED] - M4_total_bonus_spins = M4_total_bonus_spins: null

2019-08-24 12:55:51 - [TEST_STEP][PASSED] - spin_result = sendRequestAndVerify(findTestObject("INT/RGS(M4)/1_M4_spin", ["M4_login_user_id":M4_login_user_id, "rgs_session_token":rgs_session_token, "partner":Partner])): Send request and verify the response successfully

2019-08-24 12:55:51 - [MESSAGE][INFO] - HAR: /Users/eiralee/Katalon_Script/SuperWild/Reports/20190824_124242/INT/superWild_4/20190824_124242/requests/main/232.har

2019-08-24 12:55:51 - [TEST_CASE][PASSED] - Start Test Case : Verification: Verification accomplished successfully

2019-08-24 12:55:51 - [TEST_STEP][PASSED] - request = getInstance().getCurrentRequest(): null

2019-08-24 12:55:51 - [TEST_STEP][PASSED] - response = getInstance().getCurrentResponse(): null

2019-08-24 12:55:51 - [TEST_STEP][PASSED] - verifyResponseStatusCode(response, 200): Verify response status code successfully

2019-08-24 12:55:51 - [MESSAGE][PASSED] - Verify response status code successfully

2019-08-24 12:55:51 - [TEST_STEP][PASSED] - getStatusCode()).isEqualTo(200): null

2019-08-24 12:55:51 - [TEST_STEP][PASSED] - newline = System.getProperty("line.separator"): null

2019-08-24 12:55:51 - [TEST_STEP][PASSED] - M4_spin = new groovy.json.JsonSlurper(): null

2019-08-24 12:55:51 - [TEST_STEP][PASSED] - result_M4_spin = M4_spin.parseText(response.getResponseBodyContent()): null

2019-08-24 12:55:51 - [TEST_STEP][PASSED] - M4_spin_current_balance = current_balance: null

2019-08-24 12:55:51 - [TEST_STEP][PASSED] - M4_spin_current_balance = M4_spin_current_balance: null

2019-08-24 12:55:51 - [TEST_STEP][PASSED] - M4_spin_transaction_id = causality: null

2019-08-24 12:55:51 - [TEST_STEP][PASSED] - M4_spin_transaction_id = M4_spin_transaction_id: null

2019-08-24 12:55:51 - [TEST_STEP][PASSED] - M4_spin_round_id = round_id: null

2019-08-24 12:55:51 - [TEST_STEP][PASSED] - M4_spin_round_id = M4_spin_round_id: null

2019-08-24 12:55:51 - [TEST_STEP][PASSED] - M4_spin_line_wins = line_wins: null

2019-08-24 12:55:51 - [TEST_STEP][PASSED] - M4_spin_line_wins = M4_spin_line_wins: null

2019-08-24 12:55:51 - [TEST_STEP][PASSED] - M4_total_bonus_spins_int = total_bonus_spins: null

2019-08-24 12:55:51 - [TEST_STEP][PASSED] - println("******M4_total_bonus_spins type is:*******" + newline + getClass().getName()): null

2019-08-24 12:55:51 - [TEST_STEP][PASSED] - M4_total_bonus_spins_int = M4_total_bonus_spins_int: null

2019-08-24 12:55:51 - [TEST_STEP][PASSED] - M4_total_bonus_spins = Integer.toString(M4_total_bonus_spins_int): null

2019-08-24 12:55:51 - [TEST_STEP][PASSED] - M4_total_bonus_spins = M4_total_bonus_spins: null

2019-08-24 12:55:51 - [TEST_STEP][PASSED] - println("M4_total_bonus_spins is:" + M4_total_bonus_spins): null

2019-08-24 12:55:51 - [TEST_STEP][PASSED] - M4_spin_bonus_data = bonus_data: null

2019-08-24 12:55:51 - [TEST_STEP][PASSED] - M4_spin_features_triggered = result_M4_spin: null

2019-08-24 12:55:51 - [TEST_STEP][PASSED] - wild = []: null

2019-08-24 12:55:51 - [TEST_STEP][PASSED] - wild[0] = "WILD_Expanding": null

2019-08-24 12:55:51 - [TEST_STEP][PASSED] - wild[1] = "WILD_Normal": null

2019-08-24 12:55:51 - [TEST_STEP][PASSED] - wild[2] = "WILD_Double": null

2019-08-24 12:55:51 - [TEST_STEP][PASSED] - wild[3] = "WILD_ExtraFG": null

2019-08-24 12:55:51 - [TEST_STEP][PASSED] - wild[4] = "WILD_Triple": null

2019-08-24 12:55:51 - [TEST_STEP][PASSED] - wildList = Arrays.asList(wild): null

2019-08-24 12:55:51 - [TEST_STEP][PASSED] - wildList = wildList: null

2019-08-24 12:55:51 - [TEST_STEP][PASSED] - free_spin_reel_counter = []: null

2019-08-24 12:55:51 - [TEST_STEP][PASSED] - free_spin_reel_counter[0] = 0: null

2019-08-24 12:55:51 - [TEST_STEP][PASSED] - free_spin_reel_counter[1] = 0: null

2019-08-24 12:55:51 - [TEST_STEP][PASSED] - free_spin_reel_counter[2] = 0: null

2019-08-24 12:55:51 - [TEST_STEP][PASSED] - M4_spin_reels = reels: null

2019-08-24 12:55:51 - [TEST_STEP][PASSED] - for ([i = 0, i &lt; M4_spin_reels.size(), (i++)]): null

2019-08-24 12:55:51 - [TEST_STEP][PASSED] - symbols = symbols: null

2019-08-24 12:55:51 - [TEST_STEP][PASSED] - for ([j = 0, j &lt; symbols.size(), (j++)]): null

2019-08-24 12:55:51 - [TEST_STEP][PASSED] - symbol = symbol: null

2019-08-24 12:55:51 - [TEST_STEP][PASSED] - println(symbol): null

2019-08-24 12:55:51 - [TEST_STEP][PASSED] - if (i == 2 &amp;&amp; wildList.indexOf(symbol) != -1): null

2019-08-24 12:55:51 - [TEST_STEP][PASSED] - if (i == 3 &amp;&amp; wildList.indexOf(symbol) != -1): null

2019-08-24 12:55:51 - [TEST_STEP][PASSED] - if (i == 4 &amp;&amp; wildList.indexOf(symbol) != -1): null

2019-08-24 12:55:51 - [TEST_STEP][PASSED] - symbol = symbol: null

2019-08-24 12:55:51 - [TEST_STEP][PASSED] - println(symbol): null

2019-08-24 12:55:51 - [TEST_STEP][PASSED] - if (i == 2 &amp;&amp; wildList.indexOf(symbol) != -1): null

2019-08-24 12:55:51 - [TEST_STEP][PASSED] - if (i == 3 &amp;&amp; wildList.indexOf(symbol) != -1): null

2019-08-24 12:55:51 - [TEST_STEP][PASSED] - if (i == 4 &amp;&amp; wildList.indexOf(symbol) != -1): null

2019-08-24 12:55:51 - [TEST_STEP][PASSED] - symbol = symbol: null

2019-08-24 12:55:51 - [TEST_STEP][PASSED] - println(symbol): null

2019-08-24 12:55:51 - [TEST_STEP][PASSED] - if (i == 2 &amp;&amp; wildList.indexOf(symbol) != -1): null

2019-08-24 12:55:51 - [TEST_STEP][PASSED] - if (i == 3 &amp;&amp; wildList.indexOf(symbol) != -1): null

2019-08-24 12:55:51 - [TEST_STEP][PASSED] - if (i == 4 &amp;&amp; wildList.indexOf(symbol) != -1): null

2019-08-24 12:55:51 - [TEST_STEP][PASSED] - symbols = symbols: null

2019-08-24 12:55:51 - [TEST_STEP][PASSED] - for ([j = 0, j &lt; symbols.size(), (j++)]): null

2019-08-24 12:55:51 - [TEST_STEP][PASSED] - symbol = symbol: null

2019-08-24 12:55:51 - [TEST_STEP][PASSED] - println(symbol): null

2019-08-24 12:55:51 - [TEST_STEP][PASSED] - if (i == 2 &amp;&amp; wildList.indexOf(symbol) != -1): null

2019-08-24 12:55:51 - [TEST_STEP][PASSED] - if (i == 3 &amp;&amp; wildList.indexOf(symbol) != -1): null

2019-08-24 12:55:51 - [TEST_STEP][PASSED] - if (i == 4 &amp;&amp; wildList.indexOf(symbol) != -1): null

2019-08-24 12:55:51 - [TEST_STEP][PASSED] - symbol = symbol: null

2019-08-24 12:55:51 - [TEST_STEP][PASSED] - println(symbol): null

2019-08-24 12:55:51 - [TEST_STEP][PASSED] - if (i == 2 &amp;&amp; wildList.indexOf(symbol) != -1): null

2019-08-24 12:55:51 - [TEST_STEP][PASSED] - if (i == 3 &amp;&amp; wildList.indexOf(symbol) != -1): null

2019-08-24 12:55:51 - [TEST_STEP][PASSED] - if (i == 4 &amp;&amp; wildList.indexOf(symbol) != -1): null

2019-08-24 12:55:51 - [TEST_STEP][PASSED] - symbol = symbol: null

2019-08-24 12:55:51 - [TEST_STEP][PASSED] - println(symbol): null

2019-08-24 12:55:51 - [TEST_STEP][PASSED] - if (i == 2 &amp;&amp; wildList.indexOf(symbol) != -1): null

2019-08-24 12:55:51 - [TEST_STEP][PASSED] - if (i == 3 &amp;&amp; wildList.indexOf(symbol) != -1): null

2019-08-24 12:55:51 - [TEST_STEP][PASSED] - if (i == 4 &amp;&amp; wildList.indexOf(symbol) != -1): null

2019-08-24 12:55:51 - [TEST_STEP][PASSED] - symbols = symbols: null

2019-08-24 12:55:51 - [TEST_STEP][PASSED] - for ([j = 0, j &lt; symbols.size(), (j++)]): null

2019-08-24 12:55:51 - [TEST_STEP][PASSED] - symbol = symbol: null

2019-08-24 12:55:51 - [TEST_STEP][PASSED] - println(symbol): null

2019-08-24 12:55:51 - [TEST_STEP][PASSED] - if (i == 2 &amp;&amp; wildList.indexOf(symbol) != -1): null

2019-08-24 12:55:51 - [TEST_STEP][PASSED] - if (i == 3 &amp;&amp; wildList.indexOf(symbol) != -1): null

2019-08-24 12:55:51 - [TEST_STEP][PASSED] - if (i == 4 &amp;&amp; wildList.indexOf(symbol) != -1): null

2019-08-24 12:55:51 - [TEST_STEP][PASSED] - symbol = symbol: null

2019-08-24 12:55:51 - [TEST_STEP][PASSED] - println(symbol): null

2019-08-24 12:55:51 - [TEST_STEP][PASSED] - if (i == 2 &amp;&amp; wildList.indexOf(symbol) != -1): null

2019-08-24 12:55:51 - [TEST_STEP][PASSED] - if (i == 3 &amp;&amp; wildList.indexOf(symbol) != -1): null

2019-08-24 12:55:51 - [TEST_STEP][PASSED] - if (i == 4 &amp;&amp; wildList.indexOf(symbol) != -1): null

2019-08-24 12:55:51 - [TEST_STEP][PASSED] - symbol = symbol: null

2019-08-24 12:55:51 - [TEST_STEP][PASSED] - println(symbol): null

2019-08-24 12:55:51 - [TEST_STEP][PASSED] - if (i == 2 &amp;&amp; wildList.indexOf(symbol) != -1): null

2019-08-24 12:55:51 - [TEST_STEP][PASSED] - if (i == 3 &amp;&amp; wildList.indexOf(symbol) != -1): null

2019-08-24 12:55:51 - [TEST_STEP][PASSED] - if (i == 4 &amp;&amp; wildList.indexOf(symbol) != -1): null

2019-08-24 12:55:51 - [TEST_STEP][PASSED] - symbols = symbols: null

2019-08-24 12:55:51 - [TEST_STEP][PASSED] - for ([j = 0, j &lt; symbols.size(), (j++)]): null

2019-08-24 12:55:51 - [TEST_STEP][PASSED] - symbol = symbol: null

2019-08-24 12:55:51 - [TEST_STEP][PASSED] - println(symbol): null

2019-08-24 12:55:51 - [TEST_STEP][PASSED] - if (i == 2 &amp;&amp; wildList.indexOf(symbol) != -1): null

2019-08-24 12:55:51 - [TEST_STEP][PASSED] - if (i == 3 &amp;&amp; wildList.indexOf(symbol) != -1): null

2019-08-24 12:55:51 - [TEST_STEP][PASSED] - if (i == 4 &amp;&amp; wildList.indexOf(symbol) != -1): null

2019-08-24 12:55:51 - [TEST_STEP][PASSED] - symbol = symbol: null

2019-08-24 12:55:51 - [TEST_STEP][PASSED] - println(symbol): null

2019-08-24 12:55:51 - [TEST_STEP][PASSED] - if (i == 2 &amp;&amp; wildList.indexOf(symbol) != -1): null

2019-08-24 12:55:51 - [TEST_STEP][PASSED] - if (i == 3 &amp;&amp; wildList.indexOf(symbol) != -1): null

2019-08-24 12:55:51 - [TEST_STEP][PASSED] - if (i == 4 &amp;&amp; wildList.indexOf(symbol) != -1): null

2019-08-24 12:55:51 - [TEST_STEP][PASSED] - symbol = symbol: null

2019-08-24 12:55:51 - [TEST_STEP][PASSED] - println(symbol): null

2019-08-24 12:55:51 - [TEST_STEP][PASSED] - if (i == 2 &amp;&amp; wildList.indexOf(symbol) != -1): null

2019-08-24 12:55:51 - [TEST_STEP][PASSED] - if (i == 3 &amp;&amp; wildList.indexOf(symbol) != -1): null

2019-08-24 12:55:51 - [TEST_STEP][PASSED] - if (i == 4 &amp;&amp; wildList.indexOf(symbol) != -1): null

2019-08-24 12:55:51 - [TEST_STEP][PASSED] - symbols = symbols: null

2019-08-24 12:55:51 - [TEST_STEP][PASSED] - for ([j = 0, j &lt; symbols.size(), (j++)]): null

2019-08-24 12:55:51 - [TEST_STEP][PASSED] - symbol = symbol: null

2019-08-24 12:55:51 - [TEST_STEP][PASSED] - println(symbol): null

2019-08-24 12:55:51 - [TEST_STEP][PASSED] - if (i == 2 &amp;&amp; wildList.indexOf(symbol) != -1): null

2019-08-24 12:55:51 - [TEST_STEP][PASSED] - if (i == 3 &amp;&amp; wildList.indexOf(symbol) != -1): null

2019-08-24 12:55:51 - [TEST_STEP][PASSED] - if (i == 4 &amp;&amp; wildList.indexOf(symbol) != -1): null

2019-08-24 12:55:51 - [TEST_STEP][PASSED] - symbol = symbol: null

2019-08-24 12:55:51 - [TEST_STEP][PASSED] - println(symbol): null

2019-08-24 12:55:51 - [TEST_STEP][PASSED] - if (i == 2 &amp;&amp; wildList.indexOf(symbol) != -1): null

2019-08-24 12:55:51 - [TEST_STEP][PASSED] - if (i == 3 &amp;&amp; wildList.indexOf(symbol) != -1): null

2019-08-24 12:55:51 - [TEST_STEP][PASSED] - if (i == 4 &amp;&amp; wildList.indexOf(symbol) != -1): null

2019-08-24 12:55:51 - [TEST_STEP][PASSED] - symbol = symbol: null

2019-08-24 12:55:51 - [TEST_STEP][PASSED] - println(symbol): null

2019-08-24 12:55:51 - [TEST_STEP][PASSED] - if (i == 2 &amp;&amp; wildList.indexOf(symbol) != -1): null

2019-08-24 12:55:51 - [TEST_STEP][PASSED] - if (i == 3 &amp;&amp; wildList.indexOf(symbol) != -1): null

2019-08-24 12:55:51 - [TEST_STEP][PASSED] - if (i == 4 &amp;&amp; wildList.indexOf(symbol) != -1): null

2019-08-24 12:55:51 - [TEST_STEP][PASSED] - free_spin_reel_counter = free_spin_reel_counter: null

2019-08-24 12:55:51 - [TEST_STEP][PASSED] - println("reel 3 wild found: " + free_spin_reel_counter[0]): null

2019-08-24 12:55:51 - [TEST_STEP][PASSED] - println("reel 4 wild found: " + free_spin_reel_counter[1]): null

2019-08-24 12:55:51 - [TEST_STEP][PASSED] - println("reel 5 wild found: " + free_spin_reel_counter[2]): null

2019-08-24 12:55:51 - [TEST_STEP][PASSED] - M4_spin_reels = M4_spin_reels: null

2019-08-24 12:55:51 - [TEST_STEP][PASSED] - M4_spin_reels_symbols = symbol: null

2019-08-24 12:55:51 - [TEST_STEP][PASSED] - M4_spin_reels_symbols = M4_spin_reels_symbols: null

2019-08-24 12:55:51 - [TEST_STEP][PASSED] - M4_spin_reel_wins = reel_wins: null

2019-08-24 12:55:51 - [TEST_STEP][PASSED] - M4_spin_reel_wins = M4_spin_reel_wins: null

2019-08-24 12:55:51 - [TEST_STEP][PASSED] - println("GlobalVariable.M4_spin_reel_wins is: " + M4_spin_reel_wins): null

2019-08-24 12:55:51 - [TEST_STEP][PASSED] - M4_spin_total_bonus_win_this_round = total_bonus_win_this_round: null

2019-08-24 12:55:51 - [TEST_STEP][PASSED] - M4_spin_total_bonus_win_this_round = M4_spin_total_bonus_win_this_round: null

2019-08-24 12:55:51 - [TEST_STEP][PASSED] - println("GlobalVariable.M4_spin_total_bonus_win_this_round is: " + M4_spin_total_bonus_win_this_round): null

2019-08-24 12:55:51 - [TEST_STEP][PASSED] - M4_spin_bonus_spin_result = spin_result: null

2019-08-24 12:55:51 - [TEST_STEP][PASSED] - M4_spin_bonus_spin_result = M4_spin_bonus_spin_result: null

2019-08-24 12:55:51 - [MESSAGE][PASSED] - Verify response successfully

2019-08-24 12:55:51 - [MESSAGE][PASSED] - Send request and verify the response successfully

2019-08-24 12:55:51 - [TEST_STEP][PASSED] - if (M4_total_bonus_spins_int != 0 &amp;&amp; M4_spin_reels_symbols[2].contains("WILD_Double") || M4_spin_reels_symbols[4].contains("WILD_Triple")): null

2019-08-24 12:55:51 - [TEST_STEP][PASSED] - free_spin_reel_counter = free_spin_reel_counter: null

2019-08-24 12:55:51 - [TEST_STEP][PASSED] - M4_spin_reels_symbols = M4_spin_reels_symbols: null

2019-08-24 12:55:51 - [TEST_STEP][PASSED] - M4_total_bonus_spins = M4_total_bonus_spins: null

2019-08-24 12:55:51 - [TEST_STEP][PASSED] - spin_result = sendRequestAndVerify(findTestObject("INT/RGS(M4)/1_M4_spin", ["M4_login_user_id":M4_login_user_id, "rgs_session_token":rgs_session_token, "partner":Partner])): Send request and verify the response successfully

2019-08-24 12:55:52 - [MESSAGE][INFO] - HAR: /Users/eiralee/Katalon_Script/SuperWild/Reports/20190824_124242/INT/superWild_4/20190824_124242/requests/main/233.har

2019-08-24 12:55:52 - [TEST_CASE][PASSED] - Start Test Case : Verification: Verification accomplished successfully

2019-08-24 12:55:52 - [TEST_STEP][PASSED] - request = getInstance().getCurrentRequest(): null

2019-08-24 12:55:52 - [TEST_STEP][PASSED] - response = getInstance().getCurrentResponse(): null

2019-08-24 12:55:52 - [TEST_STEP][PASSED] - verifyResponseStatusCode(response, 200): Verify response status code successfully

2019-08-24 12:55:52 - [MESSAGE][PASSED] - Verify response status code successfully

2019-08-24 12:55:52 - [TEST_STEP][PASSED] - getStatusCode()).isEqualTo(200): null

2019-08-24 12:55:52 - [TEST_STEP][PASSED] - newline = System.getProperty("line.separator"): null

2019-08-24 12:55:52 - [TEST_STEP][PASSED] - M4_spin = new groovy.json.JsonSlurper(): null

2019-08-24 12:55:52 - [TEST_STEP][PASSED] - result_M4_spin = M4_spin.parseText(response.getResponseBodyContent()): null

2019-08-24 12:55:52 - [TEST_STEP][PASSED] - M4_spin_current_balance = current_balance: null

2019-08-24 12:55:52 - [TEST_STEP][PASSED] - M4_spin_current_balance = M4_spin_current_balance: null

2019-08-24 12:55:52 - [TEST_STEP][PASSED] - M4_spin_transaction_id = causality: null

2019-08-24 12:55:52 - [TEST_STEP][PASSED] - M4_spin_transaction_id = M4_spin_transaction_id: null

2019-08-24 12:55:52 - [TEST_STEP][PASSED] - M4_spin_round_id = round_id: null

2019-08-24 12:55:52 - [TEST_STEP][PASSED] - M4_spin_round_id = M4_spin_round_id: null

2019-08-24 12:55:52 - [TEST_STEP][PASSED] - M4_spin_line_wins = line_wins: null

2019-08-24 12:55:52 - [TEST_STEP][PASSED] - M4_spin_line_wins = M4_spin_line_wins: null

2019-08-24 12:55:52 - [TEST_STEP][PASSED] - M4_total_bonus_spins_int = total_bonus_spins: null

2019-08-24 12:55:52 - [TEST_STEP][PASSED] - println("******M4_total_bonus_spins type is:*******" + newline + getClass().getName()): null

2019-08-24 12:55:52 - [TEST_STEP][PASSED] - M4_total_bonus_spins_int = M4_total_bonus_spins_int: null

2019-08-24 12:55:52 - [TEST_STEP][PASSED] - M4_total_bonus_spins = Integer.toString(M4_total_bonus_spins_int): null

2019-08-24 12:55:52 - [TEST_STEP][PASSED] - M4_total_bonus_spins = M4_total_bonus_spins: null

2019-08-24 12:55:52 - [TEST_STEP][PASSED] - println("M4_total_bonus_spins is:" + M4_total_bonus_spins): null

2019-08-24 12:55:52 - [TEST_STEP][PASSED] - M4_spin_bonus_data = bonus_data: null

2019-08-24 12:55:52 - [TEST_STEP][PASSED] - M4_spin_features_triggered = result_M4_spin: null

2019-08-24 12:55:52 - [TEST_STEP][PASSED] - wild = []: null

2019-08-24 12:55:52 - [TEST_STEP][PASSED] - wild[0] = "WILD_Expanding": null

2019-08-24 12:55:52 - [TEST_STEP][PASSED] - wild[1] = "WILD_Normal": null

2019-08-24 12:55:52 - [TEST_STEP][PASSED] - wild[2] = "WILD_Double": null

2019-08-24 12:55:52 - [TEST_STEP][PASSED] - wild[3] = "WILD_ExtraFG": null

2019-08-24 12:55:52 - [TEST_STEP][PASSED] - wild[4] = "WILD_Triple": null

2019-08-24 12:55:52 - [TEST_STEP][PASSED] - wildList = Arrays.asList(wild): null

2019-08-24 12:55:52 - [TEST_STEP][PASSED] - wildList = wildList: null

2019-08-24 12:55:52 - [TEST_STEP][PASSED] - free_spin_reel_counter = []: null

2019-08-24 12:55:52 - [TEST_STEP][PASSED] - free_spin_reel_counter[0] = 0: null

2019-08-24 12:55:52 - [TEST_STEP][PASSED] - free_spin_reel_counter[1] = 0: null

2019-08-24 12:55:52 - [TEST_STEP][PASSED] - free_spin_reel_counter[2] = 0: null

2019-08-24 12:55:52 - [TEST_STEP][PASSED] - M4_spin_reels = reels: null

2019-08-24 12:55:52 - [TEST_STEP][PASSED] - for ([i = 0, i &lt; M4_spin_reels.size(), (i++)]): null

2019-08-24 12:55:52 - [TEST_STEP][PASSED] - symbols = symbols: null

2019-08-24 12:55:52 - [TEST_STEP][PASSED] - for ([j = 0, j &lt; symbols.size(), (j++)]): null

2019-08-24 12:55:52 - [TEST_STEP][PASSED] - symbol = symbol: null

2019-08-24 12:55:52 - [TEST_STEP][PASSED] - println(symbol): null

2019-08-24 12:55:52 - [TEST_STEP][PASSED] - if (i == 2 &amp;&amp; wildList.indexOf(symbol) != -1): null

2019-08-24 12:55:52 - [TEST_STEP][PASSED] - if (i == 3 &amp;&amp; wildList.indexOf(symbol) != -1): null

2019-08-24 12:55:52 - [TEST_STEP][PASSED] - if (i == 4 &amp;&amp; wildList.indexOf(symbol) != -1): null

2019-08-24 12:55:52 - [TEST_STEP][PASSED] - symbol = symbol: null

2019-08-24 12:55:52 - [TEST_STEP][PASSED] - println(symbol): null

2019-08-24 12:55:52 - [TEST_STEP][PASSED] - if (i == 2 &amp;&amp; wildList.indexOf(symbol) != -1): null

2019-08-24 12:55:52 - [TEST_STEP][PASSED] - if (i == 3 &amp;&amp; wildList.indexOf(symbol) != -1): null

2019-08-24 12:55:52 - [TEST_STEP][PASSED] - if (i == 4 &amp;&amp; wildList.indexOf(symbol) != -1): null

2019-08-24 12:55:52 - [TEST_STEP][PASSED] - symbol = symbol: null

2019-08-24 12:55:52 - [TEST_STEP][PASSED] - println(symbol): null

2019-08-24 12:55:52 - [TEST_STEP][PASSED] - if (i == 2 &amp;&amp; wildList.indexOf(symbol) != -1): null

2019-08-24 12:55:52 - [TEST_STEP][PASSED] - if (i == 3 &amp;&amp; wildList.indexOf(symbol) != -1): null

2019-08-24 12:55:52 - [TEST_STEP][PASSED] - if (i == 4 &amp;&amp; wildList.indexOf(symbol) != -1): null

2019-08-24 12:55:52 - [TEST_STEP][PASSED] - symbols = symbols: null

2019-08-24 12:55:52 - [TEST_STEP][PASSED] - for ([j = 0, j &lt; symbols.size(), (j++)]): null

2019-08-24 12:55:52 - [TEST_STEP][PASSED] - symbol = symbol: null

2019-08-24 12:55:52 - [TEST_STEP][PASSED] - println(symbol): null

2019-08-24 12:55:52 - [TEST_STEP][PASSED] - if (i == 2 &amp;&amp; wildList.indexOf(symbol) != -1): null

2019-08-24 12:55:52 - [TEST_STEP][PASSED] - if (i == 3 &amp;&amp; wildList.indexOf(symbol) != -1): null

2019-08-24 12:55:52 - [TEST_STEP][PASSED] - if (i == 4 &amp;&amp; wildList.indexOf(symbol) != -1): null

2019-08-24 12:55:52 - [TEST_STEP][PASSED] - symbol = symbol: null

2019-08-24 12:55:52 - [TEST_STEP][PASSED] - println(symbol): null

2019-08-24 12:55:52 - [TEST_STEP][PASSED] - if (i == 2 &amp;&amp; wildList.indexOf(symbol) != -1): null

2019-08-24 12:55:52 - [TEST_STEP][PASSED] - if (i == 3 &amp;&amp; wildList.indexOf(symbol) != -1): null

2019-08-24 12:55:52 - [TEST_STEP][PASSED] - if (i == 4 &amp;&amp; wildList.indexOf(symbol) != -1): null

2019-08-24 12:55:52 - [TEST_STEP][PASSED] - symbol = symbol: null

2019-08-24 12:55:52 - [TEST_STEP][PASSED] - println(symbol): null

2019-08-24 12:55:52 - [TEST_STEP][PASSED] - if (i == 2 &amp;&amp; wildList.indexOf(symbol) != -1): null

2019-08-24 12:55:52 - [TEST_STEP][PASSED] - if (i == 3 &amp;&amp; wildList.indexOf(symbol) != -1): null

2019-08-24 12:55:52 - [TEST_STEP][PASSED] - if (i == 4 &amp;&amp; wildList.indexOf(symbol) != -1): null

2019-08-24 12:55:52 - [TEST_STEP][PASSED] - symbols = symbols: null

2019-08-24 12:55:52 - [TEST_STEP][PASSED] - for ([j = 0, j &lt; symbols.size(), (j++)]): null

2019-08-24 12:55:52 - [TEST_STEP][PASSED] - symbol = symbol: null

2019-08-24 12:55:52 - [TEST_STEP][PASSED] - println(symbol): null

2019-08-24 12:55:52 - [TEST_STEP][PASSED] - if (i == 2 &amp;&amp; wildList.indexOf(symbol) != -1): null

2019-08-24 12:55:52 - [TEST_STEP][PASSED] - if (i == 3 &amp;&amp; wildList.indexOf(symbol) != -1): null

2019-08-24 12:55:52 - [TEST_STEP][PASSED] - if (i == 4 &amp;&amp; wildList.indexOf(symbol) != -1): null

2019-08-24 12:55:52 - [TEST_STEP][PASSED] - symbol = symbol: null

2019-08-24 12:55:52 - [TEST_STEP][PASSED] - println(symbol): null

2019-08-24 12:55:52 - [TEST_STEP][PASSED] - if (i == 2 &amp;&amp; wildList.indexOf(symbol) != -1): null

2019-08-24 12:55:52 - [TEST_STEP][PASSED] - if (i == 3 &amp;&amp; wildList.indexOf(symbol) != -1): null

2019-08-24 12:55:52 - [TEST_STEP][PASSED] - if (i == 4 &amp;&amp; wildList.indexOf(symbol) != -1): null

2019-08-24 12:55:52 - [TEST_STEP][PASSED] - symbol = symbol: null

2019-08-24 12:55:52 - [TEST_STEP][PASSED] - println(symbol): null

2019-08-24 12:55:52 - [TEST_STEP][PASSED] - if (i == 2 &amp;&amp; wildList.indexOf(symbol) != -1): null

2019-08-24 12:55:52 - [TEST_STEP][PASSED] - if (i == 3 &amp;&amp; wildList.indexOf(symbol) != -1): null

2019-08-24 12:55:52 - [TEST_STEP][PASSED] - if (i == 4 &amp;&amp; wildList.indexOf(symbol) != -1): null

2019-08-24 12:55:52 - [TEST_STEP][PASSED] - symbols = symbols: null

2019-08-24 12:55:52 - [TEST_STEP][PASSED] - for ([j = 0, j &lt; symbols.size(), (j++)]): null

2019-08-24 12:55:52 - [TEST_STEP][PASSED] - symbol = symbol: null

2019-08-24 12:55:52 - [TEST_STEP][PASSED] - println(symbol): null

2019-08-24 12:55:52 - [TEST_STEP][PASSED] - if (i == 2 &amp;&amp; wildList.indexOf(symbol) != -1): null

2019-08-24 12:55:52 - [TEST_STEP][PASSED] - if (i == 3 &amp;&amp; wildList.indexOf(symbol) != -1): null

2019-08-24 12:55:52 - [TEST_STEP][PASSED] - if (i == 4 &amp;&amp; wildList.indexOf(symbol) != -1): null

2019-08-24 12:55:52 - [TEST_STEP][PASSED] - symbol = symbol: null

2019-08-24 12:55:52 - [TEST_STEP][PASSED] - println(symbol): null

2019-08-24 12:55:52 - [TEST_STEP][PASSED] - if (i == 2 &amp;&amp; wildList.indexOf(symbol) != -1): null

2019-08-24 12:55:52 - [TEST_STEP][PASSED] - if (i == 3 &amp;&amp; wildList.indexOf(symbol) != -1): null

2019-08-24 12:55:52 - [TEST_STEP][PASSED] - if (i == 4 &amp;&amp; wildList.indexOf(symbol) != -1): null

2019-08-24 12:55:52 - [TEST_STEP][PASSED] - symbol = symbol: null

2019-08-24 12:55:52 - [TEST_STEP][PASSED] - println(symbol): null

2019-08-24 12:55:52 - [TEST_STEP][PASSED] - if (i == 2 &amp;&amp; wildList.indexOf(symbol) != -1): null

2019-08-24 12:55:52 - [TEST_STEP][PASSED] - if (i == 3 &amp;&amp; wildList.indexOf(symbol) != -1): null

2019-08-24 12:55:52 - [TEST_STEP][PASSED] - if (i == 4 &amp;&amp; wildList.indexOf(symbol) != -1): null

2019-08-24 12:55:52 - [TEST_STEP][PASSED] - symbols = symbols: null

2019-08-24 12:55:52 - [TEST_STEP][PASSED] - for ([j = 0, j &lt; symbols.size(), (j++)]): null

2019-08-24 12:55:52 - [TEST_STEP][PASSED] - symbol = symbol: null

2019-08-24 12:55:52 - [TEST_STEP][PASSED] - println(symbol): null

2019-08-24 12:55:52 - [TEST_STEP][PASSED] - if (i == 2 &amp;&amp; wildList.indexOf(symbol) != -1): null

2019-08-24 12:55:52 - [TEST_STEP][PASSED] - if (i == 3 &amp;&amp; wildList.indexOf(symbol) != -1): null

2019-08-24 12:55:52 - [TEST_STEP][PASSED] - if (i == 4 &amp;&amp; wildList.indexOf(symbol) != -1): null

2019-08-24 12:55:52 - [TEST_STEP][PASSED] - symbol = symbol: null

2019-08-24 12:55:52 - [TEST_STEP][PASSED] - println(symbol): null

2019-08-24 12:55:52 - [TEST_STEP][PASSED] - if (i == 2 &amp;&amp; wildList.indexOf(symbol) != -1): null

2019-08-24 12:55:52 - [TEST_STEP][PASSED] - if (i == 3 &amp;&amp; wildList.indexOf(symbol) != -1): null

2019-08-24 12:55:52 - [TEST_STEP][PASSED] - if (i == 4 &amp;&amp; wildList.indexOf(symbol) != -1): null

2019-08-24 12:55:52 - [TEST_STEP][PASSED] - symbol = symbol: null

2019-08-24 12:55:52 - [TEST_STEP][PASSED] - println(symbol): null

2019-08-24 12:55:52 - [TEST_STEP][PASSED] - if (i == 2 &amp;&amp; wildList.indexOf(symbol) != -1): null

2019-08-24 12:55:52 - [TEST_STEP][PASSED] - if (i == 3 &amp;&amp; wildList.indexOf(symbol) != -1): null

2019-08-24 12:55:52 - [TEST_STEP][PASSED] - if (i == 4 &amp;&amp; wildList.indexOf(symbol) != -1): null

2019-08-24 12:55:52 - [TEST_STEP][PASSED] - free_spin_reel_counter = free_spin_reel_counter: null

2019-08-24 12:55:52 - [TEST_STEP][PASSED] - println("reel 3 wild found: " + free_spin_reel_counter[0]): null

2019-08-24 12:55:52 - [TEST_STEP][PASSED] - println("reel 4 wild found: " + free_spin_reel_counter[1]): null

2019-08-24 12:55:52 - [TEST_STEP][PASSED] - println("reel 5 wild found: " + free_spin_reel_counter[2]): null

2019-08-24 12:55:52 - [TEST_STEP][PASSED] - M4_spin_reels = M4_spin_reels: null

2019-08-24 12:55:52 - [TEST_STEP][PASSED] - M4_spin_reels_symbols = symbol: null

2019-08-24 12:55:52 - [TEST_STEP][PASSED] - M4_spin_reels_symbols = M4_spin_reels_symbols: null

2019-08-24 12:55:52 - [TEST_STEP][PASSED] - M4_spin_reel_wins = reel_wins: null

2019-08-24 12:55:52 - [TEST_STEP][PASSED] - M4_spin_reel_wins = M4_spin_reel_wins: null

2019-08-24 12:55:52 - [TEST_STEP][PASSED] - println("GlobalVariable.M4_spin_reel_wins is: " + M4_spin_reel_wins): null

2019-08-24 12:55:52 - [TEST_STEP][PASSED] - M4_spin_total_bonus_win_this_round = total_bonus_win_this_round: null

2019-08-24 12:55:52 - [TEST_STEP][PASSED] - M4_spin_total_bonus_win_this_round = M4_spin_total_bonus_win_this_round: null

2019-08-24 12:55:52 - [TEST_STEP][PASSED] - println("GlobalVariable.M4_spin_total_bonus_win_this_round is: " + M4_spin_total_bonus_win_this_round): null

2019-08-24 12:55:52 - [TEST_STEP][PASSED] - M4_spin_bonus_spin_result = spin_result: null

2019-08-24 12:55:52 - [TEST_STEP][PASSED] - M4_spin_bonus_spin_result = M4_spin_bonus_spin_result: null

2019-08-24 12:55:52 - [MESSAGE][PASSED] - Verify response successfully

2019-08-24 12:55:52 - [MESSAGE][PASSED] - Send request and verify the response successfully

2019-08-24 12:55:52 - [TEST_STEP][PASSED] - if (M4_total_bonus_spins_int != 0 &amp;&amp; M4_spin_reels_symbols[2].contains("WILD_Double") || M4_spin_reels_symbols[4].contains("WILD_Triple")): null

2019-08-24 12:55:52 - [TEST_STEP][PASSED] - free_spin_reel_counter = free_spin_reel_counter: null

2019-08-24 12:55:52 - [TEST_STEP][PASSED] - M4_spin_reels_symbols = M4_spin_reels_symbols: null

2019-08-24 12:55:52 - [TEST_STEP][PASSED] - M4_total_bonus_spins = M4_total_bonus_spins: null

2019-08-24 12:55:52 - [TEST_STEP][PASSED] - spin_result = sendRequestAndVerify(findTestObject("INT/RGS(M4)/1_M4_spin", ["M4_login_user_id":M4_login_user_id, "rgs_session_token":rgs_session_token, "partner":Partner])): Send request and verify the response successfully

2019-08-24 12:55:53 - [MESSAGE][INFO] - HAR: /Users/eiralee/Katalon_Script/SuperWild/Reports/20190824_124242/INT/superWild_4/20190824_124242/requests/main/234.har

2019-08-24 12:55:53 - [TEST_CASE][PASSED] - Start Test Case : Verification: Verification accomplished successfully

2019-08-24 12:55:53 - [TEST_STEP][PASSED] - request = getInstance().getCurrentRequest(): null

2019-08-24 12:55:53 - [TEST_STEP][PASSED] - response = getInstance().getCurrentResponse(): null

2019-08-24 12:55:53 - [TEST_STEP][PASSED] - verifyResponseStatusCode(response, 200): Verify response status code successfully

2019-08-24 12:55:53 - [MESSAGE][PASSED] - Verify response status code successfully

2019-08-24 12:55:53 - [TEST_STEP][PASSED] - getStatusCode()).isEqualTo(200): null

2019-08-24 12:55:53 - [TEST_STEP][PASSED] - newline = System.getProperty("line.separator"): null

2019-08-24 12:55:53 - [TEST_STEP][PASSED] - M4_spin = new groovy.json.JsonSlurper(): null

2019-08-24 12:55:53 - [TEST_STEP][PASSED] - result_M4_spin = M4_spin.parseText(response.getResponseBodyContent()): null

2019-08-24 12:55:53 - [TEST_STEP][PASSED] - M4_spin_current_balance = current_balance: null

2019-08-24 12:55:53 - [TEST_STEP][PASSED] - M4_spin_current_balance = M4_spin_current_balance: null

2019-08-24 12:55:53 - [TEST_STEP][PASSED] - M4_spin_transaction_id = causality: null

2019-08-24 12:55:53 - [TEST_STEP][PASSED] - M4_spin_transaction_id = M4_spin_transaction_id: null

2019-08-24 12:55:53 - [TEST_STEP][PASSED] - M4_spin_round_id = round_id: null

2019-08-24 12:55:53 - [TEST_STEP][PASSED] - M4_spin_round_id = M4_spin_round_id: null

2019-08-24 12:55:53 - [TEST_STEP][PASSED] - M4_spin_line_wins = line_wins: null

2019-08-24 12:55:53 - [TEST_STEP][PASSED] - M4_spin_line_wins = M4_spin_line_wins: null

2019-08-24 12:55:53 - [TEST_STEP][PASSED] - M4_total_bonus_spins_int = total_bonus_spins: null

2019-08-24 12:55:53 - [TEST_STEP][PASSED] - println("******M4_total_bonus_spins type is:*******" + newline + getClass().getName()): null

2019-08-24 12:55:53 - [TEST_STEP][PASSED] - M4_total_bonus_spins_int = M4_total_bonus_spins_int: null

2019-08-24 12:55:53 - [TEST_STEP][PASSED] - M4_total_bonus_spins = Integer.toString(M4_total_bonus_spins_int): null

2019-08-24 12:55:53 - [TEST_STEP][PASSED] - M4_total_bonus_spins = M4_total_bonus_spins: null

2019-08-24 12:55:53 - [TEST_STEP][PASSED] - println("M4_total_bonus_spins is:" + M4_total_bonus_spins): null

2019-08-24 12:55:53 - [TEST_STEP][PASSED] - M4_spin_bonus_data = bonus_data: null

2019-08-24 12:55:53 - [TEST_STEP][PASSED] - M4_spin_features_triggered = result_M4_spin: null

2019-08-24 12:55:53 - [TEST_STEP][PASSED] - wild = []: null

2019-08-24 12:55:53 - [TEST_STEP][PASSED] - wild[0] = "WILD_Expanding": null

2019-08-24 12:55:53 - [TEST_STEP][PASSED] - wild[1] = "WILD_Normal": null

2019-08-24 12:55:53 - [TEST_STEP][PASSED] - wild[2] = "WILD_Double": null

2019-08-24 12:55:53 - [TEST_STEP][PASSED] - wild[3] = "WILD_ExtraFG": null

2019-08-24 12:55:53 - [TEST_STEP][PASSED] - wild[4] = "WILD_Triple": null

2019-08-24 12:55:53 - [TEST_STEP][PASSED] - wildList = Arrays.asList(wild): null

2019-08-24 12:55:53 - [TEST_STEP][PASSED] - wildList = wildList: null

2019-08-24 12:55:53 - [TEST_STEP][PASSED] - free_spin_reel_counter = []: null

2019-08-24 12:55:53 - [TEST_STEP][PASSED] - free_spin_reel_counter[0] = 0: null

2019-08-24 12:55:53 - [TEST_STEP][PASSED] - free_spin_reel_counter[1] = 0: null

2019-08-24 12:55:53 - [TEST_STEP][PASSED] - free_spin_reel_counter[2] = 0: null

2019-08-24 12:55:53 - [TEST_STEP][PASSED] - M4_spin_reels = reels: null

2019-08-24 12:55:53 - [TEST_STEP][PASSED] - for ([i = 0, i &lt; M4_spin_reels.size(), (i++)]): null

2019-08-24 12:55:53 - [TEST_STEP][PASSED] - symbols = symbols: null

2019-08-24 12:55:53 - [TEST_STEP][PASSED] - for ([j = 0, j &lt; symbols.size(), (j++)]): null

2019-08-24 12:55:53 - [TEST_STEP][PASSED] - symbol = symbol: null

2019-08-24 12:55:53 - [TEST_STEP][PASSED] - println(symbol): null

2019-08-24 12:55:53 - [TEST_STEP][PASSED] - if (i == 2 &amp;&amp; wildList.indexOf(symbol) != -1): null

2019-08-24 12:55:53 - [TEST_STEP][PASSED] - if (i == 3 &amp;&amp; wildList.indexOf(symbol) != -1): null

2019-08-24 12:55:53 - [TEST_STEP][PASSED] - if (i == 4 &amp;&amp; wildList.indexOf(symbol) != -1): null

2019-08-24 12:55:53 - [TEST_STEP][PASSED] - symbol = symbol: null

2019-08-24 12:55:58 - [TEST_STEP][PASSED] - println(symbol): null

2019-08-24 12:55:58 - [TEST_STEP][PASSED] - if (i == 2 &amp;&amp; wildList.indexOf(symbol) != -1): null

2019-08-24 12:55:58 - [TEST_STEP][PASSED] - if (i == 3 &amp;&amp; wildList.indexOf(symbol) != -1): null

2019-08-24 12:55:58 - [TEST_STEP][PASSED] - if (i == 4 &amp;&amp; wildList.indexOf(symbol) != -1): null

2019-08-24 12:55:58 - [TEST_STEP][PASSED] - symbol = symbol: null

2019-08-24 12:55:58 - [TEST_STEP][PASSED] - println(symbol): null

2019-08-24 12:55:58 - [TEST_STEP][PASSED] - if (i == 2 &amp;&amp; wildList.indexOf(symbol) != -1): null

2019-08-24 12:55:58 - [TEST_STEP][PASSED] - if (i == 3 &amp;&amp; wildList.indexOf(symbol) != -1): null

2019-08-24 12:55:58 - [TEST_STEP][PASSED] - if (i == 4 &amp;&amp; wildList.indexOf(symbol) != -1): null

2019-08-24 12:55:58 - [TEST_STEP][PASSED] - symbols = symbols: null

2019-08-24 12:55:58 - [TEST_STEP][PASSED] - for ([j = 0, j &lt; symbols.size(), (j++)]): null

2019-08-24 12:55:58 - [TEST_STEP][PASSED] - symbol = symbol: null

2019-08-24 12:55:58 - [TEST_STEP][PASSED] - println(symbol): null

2019-08-24 12:55:58 - [TEST_STEP][PASSED] - if (i == 2 &amp;&amp; wildList.indexOf(symbol) != -1): null

2019-08-24 12:55:58 - [TEST_STEP][PASSED] - if (i == 3 &amp;&amp; wildList.indexOf(symbol) != -1): null

2019-08-24 12:55:58 - [TEST_STEP][PASSED] - if (i == 4 &amp;&amp; wildList.indexOf(symbol) != -1): null

2019-08-24 12:55:58 - [TEST_STEP][PASSED] - symbol = symbol: null

2019-08-24 12:55:58 - [TEST_STEP][PASSED] - println(symbol): null

2019-08-24 12:55:58 - [TEST_STEP][PASSED] - if (i == 2 &amp;&amp; wildList.indexOf(symbol) != -1): null

2019-08-24 12:55:58 - [TEST_STEP][PASSED] - if (i == 3 &amp;&amp; wildList.indexOf(symbol) != -1): null

2019-08-24 12:55:58 - [TEST_STEP][PASSED] - if (i == 4 &amp;&amp; wildList.indexOf(symbol) != -1): null

2019-08-24 12:55:58 - [TEST_STEP][PASSED] - symbol = symbol: null

2019-08-24 12:55:58 - [TEST_STEP][PASSED] - println(symbol): null

2019-08-24 12:55:58 - [TEST_STEP][PASSED] - if (i == 2 &amp;&amp; wildList.indexOf(symbol) != -1): null

2019-08-24 12:55:58 - [TEST_STEP][PASSED] - if (i == 3 &amp;&amp; wildList.indexOf(symbol) != -1): null

2019-08-24 12:55:58 - [TEST_STEP][PASSED] - if (i == 4 &amp;&amp; wildList.indexOf(symbol) != -1): null

2019-08-24 12:55:58 - [TEST_STEP][PASSED] - symbols = symbols: null

2019-08-24 12:55:58 - [TEST_STEP][PASSED] - for ([j = 0, j &lt; symbols.size(), (j++)]): null

2019-08-24 12:55:58 - [TEST_STEP][PASSED] - symbol = symbol: null

2019-08-24 12:55:58 - [TEST_STEP][PASSED] - println(symbol): null

2019-08-24 12:55:58 - [TEST_STEP][PASSED] - if (i == 2 &amp;&amp; wildList.indexOf(symbol) != -1): null

2019-08-24 12:55:58 - [TEST_STEP][PASSED] - if (i == 3 &amp;&amp; wildList.indexOf(symbol) != -1): null

2019-08-24 12:55:58 - [TEST_STEP][PASSED] - if (i == 4 &amp;&amp; wildList.indexOf(symbol) != -1): null

2019-08-24 12:55:58 - [TEST_STEP][PASSED] - symbol = symbol: null

2019-08-24 12:55:58 - [TEST_STEP][PASSED] - println(symbol): null

2019-08-24 12:55:58 - [TEST_STEP][PASSED] - if (i == 2 &amp;&amp; wildList.indexOf(symbol) != -1): null

2019-08-24 12:55:58 - [TEST_STEP][PASSED] - if (i == 3 &amp;&amp; wildList.indexOf(symbol) != -1): null

2019-08-24 12:55:58 - [TEST_STEP][PASSED] - if (i == 4 &amp;&amp; wildList.indexOf(symbol) != -1): null

2019-08-24 12:55:58 - [TEST_STEP][PASSED] - symbol = symbol: null

2019-08-24 12:55:58 - [TEST_STEP][PASSED] - println(symbol): null

2019-08-24 12:55:58 - [TEST_STEP][PASSED] - if (i == 2 &amp;&amp; wildList.indexOf(symbol) != -1): null

2019-08-24 12:55:58 - [TEST_STEP][PASSED] - if (i == 3 &amp;&amp; wildList.indexOf(symbol) != -1): null

2019-08-24 12:55:58 - [TEST_STEP][PASSED] - if (i == 4 &amp;&amp; wildList.indexOf(symbol) != -1): null

2019-08-24 12:55:58 - [TEST_STEP][PASSED] - symbols = symbols: null

2019-08-24 12:55:58 - [TEST_STEP][PASSED] - for ([j = 0, j &lt; symbols.size(), (j++)]): null

2019-08-24 12:55:58 - [TEST_STEP][PASSED] - symbol = symbol: null

2019-08-24 12:55:58 - [TEST_STEP][PASSED] - println(symbol): null

2019-08-24 12:55:58 - [TEST_STEP][PASSED] - if (i == 2 &amp;&amp; wildList.indexOf(symbol) != -1): null

2019-08-24 12:55:58 - [TEST_STEP][PASSED] - if (i == 3 &amp;&amp; wildList.indexOf(symbol) != -1): null

2019-08-24 12:55:58 - [TEST_STEP][PASSED] - println("wild found on reel 4, adding counter by 1"): null

2019-08-24 12:55:58 - [TEST_STEP][PASSED] - free_spin_reel_counter[1] = free_spin_reel_counter[1] + 1: null

2019-08-24 12:55:58 - [TEST_STEP][PASSED] - if (i == 4 &amp;&amp; wildList.indexOf(symbol) != -1): null

2019-08-24 12:55:58 - [TEST_STEP][PASSED] - symbol = symbol: null

2019-08-24 12:55:58 - [TEST_STEP][PASSED] - println(symbol): null

2019-08-24 12:55:58 - [TEST_STEP][PASSED] - if (i == 2 &amp;&amp; wildList.indexOf(symbol) != -1): null

2019-08-24 12:55:58 - [TEST_STEP][PASSED] - if (i == 3 &amp;&amp; wildList.indexOf(symbol) != -1): null

2019-08-24 12:55:58 - [TEST_STEP][PASSED] - if (i == 4 &amp;&amp; wildList.indexOf(symbol) != -1): null

2019-08-24 12:55:58 - [TEST_STEP][PASSED] - symbol = symbol: null

2019-08-24 12:55:58 - [TEST_STEP][PASSED] - println(symbol): null

2019-08-24 12:55:58 - [TEST_STEP][PASSED] - if (i == 2 &amp;&amp; wildList.indexOf(symbol) != -1): null

2019-08-24 12:55:58 - [TEST_STEP][PASSED] - if (i == 3 &amp;&amp; wildList.indexOf(symbol) != -1): null

2019-08-24 12:55:58 - [TEST_STEP][PASSED] - if (i == 4 &amp;&amp; wildList.indexOf(symbol) != -1): null

2019-08-24 12:55:58 - [TEST_STEP][PASSED] - symbols = symbols: null

2019-08-24 12:55:58 - [TEST_STEP][PASSED] - for ([j = 0, j &lt; symbols.size(), (j++)]): null

2019-08-24 12:55:58 - [TEST_STEP][PASSED] - symbol = symbol: null

2019-08-24 12:55:58 - [TEST_STEP][PASSED] - println(symbol): null

2019-08-24 12:55:58 - [TEST_STEP][PASSED] - if (i == 2 &amp;&amp; wildList.indexOf(symbol) != -1): null

2019-08-24 12:55:58 - [TEST_STEP][PASSED] - if (i == 3 &amp;&amp; wildList.indexOf(symbol) != -1): null

2019-08-24 12:55:58 - [TEST_STEP][PASSED] - if (i == 4 &amp;&amp; wildList.indexOf(symbol) != -1): null

2019-08-24 12:55:58 - [TEST_STEP][PASSED] - symbol = symbol: null

2019-08-24 12:55:58 - [TEST_STEP][PASSED] - println(symbol): null

2019-08-24 12:55:58 - [TEST_STEP][PASSED] - if (i == 2 &amp;&amp; wildList.indexOf(symbol) != -1): null

2019-08-24 12:55:58 - [TEST_STEP][PASSED] - if (i == 3 &amp;&amp; wildList.indexOf(symbol) != -1): null

2019-08-24 12:55:58 - [TEST_STEP][PASSED] - if (i == 4 &amp;&amp; wildList.indexOf(symbol) != -1): null

2019-08-24 12:55:58 - [TEST_STEP][PASSED] - symbol = symbol: null

2019-08-24 12:55:58 - [TEST_STEP][PASSED] - println(symbol): null

2019-08-24 12:55:58 - [TEST_STEP][PASSED] - if (i == 2 &amp;&amp; wildList.indexOf(symbol) != -1): null

2019-08-24 12:55:58 - [TEST_STEP][PASSED] - if (i == 3 &amp;&amp; wildList.indexOf(symbol) != -1): null

2019-08-24 12:55:58 - [TEST_STEP][PASSED] - if (i == 4 &amp;&amp; wildList.indexOf(symbol) != -1): null

2019-08-24 12:55:58 - [TEST_STEP][PASSED] - free_spin_reel_counter = free_spin_reel_counter: null

2019-08-24 12:55:58 - [TEST_STEP][PASSED] - println("reel 3 wild found: " + free_spin_reel_counter[0]): null

2019-08-24 12:55:58 - [TEST_STEP][PASSED] - println("reel 4 wild found: " + free_spin_reel_counter[1]): null

2019-08-24 12:55:58 - [TEST_STEP][PASSED] - println("reel 5 wild found: " + free_spin_reel_counter[2]): null

2019-08-24 12:55:58 - [TEST_STEP][PASSED] - M4_spin_reels = M4_spin_reels: null

2019-08-24 12:55:58 - [TEST_STEP][PASSED] - M4_spin_reels_symbols = symbol: null

2019-08-24 12:55:58 - [TEST_STEP][PASSED] - M4_spin_reels_symbols = M4_spin_reels_symbols: null

2019-08-24 12:55:58 - [TEST_STEP][PASSED] - M4_spin_reel_wins = reel_wins: null

2019-08-24 12:55:58 - [TEST_STEP][PASSED] - M4_spin_reel_wins = M4_spin_reel_wins: null

2019-08-24 12:55:58 - [TEST_STEP][PASSED] - println("GlobalVariable.M4_spin_reel_wins is: " + M4_spin_reel_wins): null

2019-08-24 12:55:58 - [TEST_STEP][PASSED] - M4_spin_total_bonus_win_this_round = total_bonus_win_this_round: null

2019-08-24 12:55:58 - [TEST_STEP][PASSED] - M4_spin_total_bonus_win_this_round = M4_spin_total_bonus_win_this_round: null

2019-08-24 12:55:58 - [TEST_STEP][PASSED] - println("GlobalVariable.M4_spin_total_bonus_win_this_round is: " + M4_spin_total_bonus_win_this_round): null

2019-08-24 12:55:58 - [TEST_STEP][PASSED] - M4_spin_bonus_spin_result = spin_result: null

2019-08-24 12:55:58 - [TEST_STEP][PASSED] - M4_spin_bonus_spin_result = M4_spin_bonus_spin_result: null

2019-08-24 12:55:58 - [MESSAGE][PASSED] - Verify response successfully

2019-08-24 12:55:58 - [MESSAGE][PASSED] - Send request and verify the response successfully

2019-08-24 12:55:58 - [TEST_STEP][PASSED] - if (M4_total_bonus_spins_int != 0 &amp;&amp; M4_spin_reels_symbols[2].contains("WILD_Double") || M4_spin_reels_symbols[4].contains("WILD_Triple")): null

2019-08-24 12:55:58 - [TEST_STEP][PASSED] - free_spin_reel_counter = free_spin_reel_counter: null

2019-08-24 12:55:58 - [TEST_STEP][PASSED] - M4_spin_reels_symbols = M4_spin_reels_symbols: null

2019-08-24 12:55:58 - [TEST_STEP][PASSED] - M4_total_bonus_spins = M4_total_bonus_spins: null

2019-08-24 12:55:58 - [TEST_STEP][PASSED] - spin_result = sendRequestAndVerify(findTestObject("INT/RGS(M4)/1_M4_spin", ["M4_login_user_id":M4_login_user_id, "rgs_session_token":rgs_session_token, "partner":Partner])): Send request and verify the response successfully

2019-08-24 12:55:58 - [MESSAGE][INFO] - HAR: /Users/eiralee/Katalon_Script/SuperWild/Reports/20190824_124242/INT/superWild_4/20190824_124242/requests/main/235.har

2019-08-24 12:55:58 - [TEST_CASE][PASSED] - Start Test Case : Verification: Verification accomplished successfully

2019-08-24 12:55:58 - [TEST_STEP][PASSED] - request = getInstance().getCurrentRequest(): null

2019-08-24 12:55:58 - [TEST_STEP][PASSED] - response = getInstance().getCurrentResponse(): null

2019-08-24 12:55:58 - [TEST_STEP][PASSED] - verifyResponseStatusCode(response, 200): Verify response status code successfully

2019-08-24 12:55:58 - [MESSAGE][PASSED] - Verify response status code successfully

2019-08-24 12:55:58 - [TEST_STEP][PASSED] - getStatusCode()).isEqualTo(200): null

2019-08-24 12:55:58 - [TEST_STEP][PASSED] - newline = System.getProperty("line.separator"): null

2019-08-24 12:55:58 - [TEST_STEP][PASSED] - M4_spin = new groovy.json.JsonSlurper(): null

2019-08-24 12:55:58 - [TEST_STEP][PASSED] - result_M4_spin = M4_spin.parseText(response.getResponseBodyContent()): null

2019-08-24 12:55:58 - [TEST_STEP][PASSED] - M4_spin_current_balance = current_balance: null

2019-08-24 12:55:58 - [TEST_STEP][PASSED] - M4_spin_current_balance = M4_spin_current_balance: null

2019-08-24 12:55:58 - [TEST_STEP][PASSED] - M4_spin_transaction_id = causality: null

2019-08-24 12:55:58 - [TEST_STEP][PASSED] - M4_spin_transaction_id = M4_spin_transaction_id: null

2019-08-24 12:55:58 - [TEST_STEP][PASSED] - M4_spin_round_id = round_id: null

2019-08-24 12:55:58 - [TEST_STEP][PASSED] - M4_spin_round_id = M4_spin_round_id: null

2019-08-24 12:55:58 - [TEST_STEP][PASSED] - M4_spin_line_wins = line_wins: null

2019-08-24 12:55:58 - [TEST_STEP][PASSED] - M4_spin_line_wins = M4_spin_line_wins: null

2019-08-24 12:55:58 - [TEST_STEP][PASSED] - M4_total_bonus_spins_int = total_bonus_spins: null

2019-08-24 12:55:58 - [TEST_STEP][PASSED] - println("******M4_total_bonus_spins type is:*******" + newline + getClass().getName()): null

2019-08-24 12:55:58 - [TEST_STEP][PASSED] - M4_total_bonus_spins_int = M4_total_bonus_spins_int: null

2019-08-24 12:55:58 - [TEST_STEP][PASSED] - M4_total_bonus_spins = Integer.toString(M4_total_bonus_spins_int): null

2019-08-24 12:55:58 - [TEST_STEP][PASSED] - M4_total_bonus_spins = M4_total_bonus_spins: null

2019-08-24 12:55:58 - [TEST_STEP][PASSED] - println("M4_total_bonus_spins is:" + M4_total_bonus_spins): null

2019-08-24 12:55:58 - [TEST_STEP][PASSED] - M4_spin_bonus_data = bonus_data: null

2019-08-24 12:55:58 - [TEST_STEP][PASSED] - M4_spin_features_triggered = result_M4_spin: null

2019-08-24 12:55:58 - [TEST_STEP][PASSED] - wild = []: null

2019-08-24 12:55:58 - [TEST_STEP][PASSED] - wild[0] = "WILD_Expanding": null

2019-08-24 12:55:58 - [TEST_STEP][PASSED] - wild[1] = "WILD_Normal": null

2019-08-24 12:55:58 - [TEST_STEP][PASSED] - wild[2] = "WILD_Double": null

2019-08-24 12:55:58 - [TEST_STEP][PASSED] - wild[3] = "WILD_ExtraFG": null

2019-08-24 12:55:58 - [TEST_STEP][PASSED] - wild[4] = "WILD_Triple": null

2019-08-24 12:55:58 - [TEST_STEP][PASSED] - wildList = Arrays.asList(wild): null

2019-08-24 12:55:58 - [TEST_STEP][PASSED] - wildList = wildList: null

2019-08-24 12:55:58 - [TEST_STEP][PASSED] - free_spin_reel_counter = []: null

2019-08-24 12:55:58 - [TEST_STEP][PASSED] - free_spin_reel_counter[0] = 0: null

2019-08-24 12:55:58 - [TEST_STEP][PASSED] - free_spin_reel_counter[1] = 0: null

2019-08-24 12:55:58 - [TEST_STEP][PASSED] - free_spin_reel_counter[2] = 0: null

2019-08-24 12:55:58 - [TEST_STEP][PASSED] - M4_spin_reels = reels: null

2019-08-24 12:55:58 - [TEST_STEP][PASSED] - for ([i = 0, i &lt; M4_spin_reels.size(), (i++)]): null

2019-08-24 12:55:58 - [TEST_STEP][PASSED] - symbols = symbols: null

2019-08-24 12:55:58 - [TEST_STEP][PASSED] - for ([j = 0, j &lt; symbols.size(), (j++)]): null

2019-08-24 12:55:58 - [TEST_STEP][PASSED] - symbol = symbol: null

2019-08-24 12:55:58 - [TEST_STEP][PASSED] - println(symbol): null

2019-08-24 12:55:58 - [TEST_STEP][PASSED] - if (i == 2 &amp;&amp; wildList.indexOf(symbol) != -1): null

2019-08-24 12:55:58 - [TEST_STEP][PASSED] - if (i == 3 &amp;&amp; wildList.indexOf(symbol) != -1): null

2019-08-24 12:55:58 - [TEST_STEP][PASSED] - if (i == 4 &amp;&amp; wildList.indexOf(symbol) != -1): null

2019-08-24 12:55:58 - [TEST_STEP][PASSED] - symbol = symbol: null

2019-08-24 12:55:58 - [TEST_STEP][PASSED] - println(symbol): null

2019-08-24 12:55:58 - [TEST_STEP][PASSED] - if (i == 2 &amp;&amp; wildList.indexOf(symbol) != -1): null

2019-08-24 12:55:58 - [TEST_STEP][PASSED] - if (i == 3 &amp;&amp; wildList.indexOf(symbol) != -1): null

2019-08-24 12:55:58 - [TEST_STEP][PASSED] - if (i == 4 &amp;&amp; wildList.indexOf(symbol) != -1): null

2019-08-24 12:55:58 - [TEST_STEP][PASSED] - symbol = symbol: null

2019-08-24 12:55:58 - [TEST_STEP][PASSED] - println(symbol): null

2019-08-24 12:55:58 - [TEST_STEP][PASSED] - if (i == 2 &amp;&amp; wildList.indexOf(symbol) != -1): null

2019-08-24 12:55:58 - [TEST_STEP][PASSED] - if (i == 3 &amp;&amp; wildList.indexOf(symbol) != -1): null

2019-08-24 12:55:58 - [TEST_STEP][PASSED] - if (i == 4 &amp;&amp; wildList.indexOf(symbol) != -1): null

2019-08-24 12:55:58 - [TEST_STEP][PASSED] - symbols = symbols: null

2019-08-24 12:55:58 - [TEST_STEP][PASSED] - for ([j = 0, j &lt; symbols.size(), (j++)]): null

2019-08-24 12:55:58 - [TEST_STEP][PASSED] - symbol = symbol: null

2019-08-24 12:55:58 - [TEST_STEP][PASSED] - println(symbol): null

2019-08-24 12:55:58 - [TEST_STEP][PASSED] - if (i == 2 &amp;&amp; wildList.indexOf(symbol) != -1): null

2019-08-24 12:55:58 - [TEST_STEP][PASSED] - if (i == 3 &amp;&amp; wildList.indexOf(symbol) != -1): null

2019-08-24 12:55:58 - [TEST_STEP][PASSED] - if (i == 4 &amp;&amp; wildList.indexOf(symbol) != -1): null

2019-08-24 12:55:58 - [TEST_STEP][PASSED] - symbol = symbol: null

2019-08-24 12:55:58 - [TEST_STEP][PASSED] - println(symbol): null

2019-08-24 12:55:58 - [TEST_STEP][PASSED] - if (i == 2 &amp;&amp; wildList.indexOf(symbol) != -1): null

2019-08-24 12:55:58 - [TEST_STEP][PASSED] - if (i == 3 &amp;&amp; wildList.indexOf(symbol) != -1): null

2019-08-24 12:55:58 - [TEST_STEP][PASSED] - if (i == 4 &amp;&amp; wildList.indexOf(symbol) != -1): null

2019-08-24 12:55:58 - [TEST_STEP][PASSED] - symbol = symbol: null

2019-08-24 12:55:58 - [TEST_STEP][PASSED] - println(symbol): null

2019-08-24 12:55:58 - [TEST_STEP][PASSED] - if (i == 2 &amp;&amp; wildList.indexOf(symbol) != -1): null

2019-08-24 12:55:58 - [TEST_STEP][PASSED] - if (i == 3 &amp;&amp; wildList.indexOf(symbol) != -1): null

2019-08-24 12:55:58 - [TEST_STEP][PASSED] - if (i == 4 &amp;&amp; wildList.indexOf(symbol) != -1): null

2019-08-24 12:55:58 - [TEST_STEP][PASSED] - symbols = symbols: null

2019-08-24 12:55:58 - [TEST_STEP][PASSED] - for ([j = 0, j &lt; symbols.size(), (j++)]): null

2019-08-24 12:55:58 - [TEST_STEP][PASSED] - symbol = symbol: null

2019-08-24 12:55:58 - [TEST_STEP][PASSED] - println(symbol): null

2019-08-24 12:55:58 - [TEST_STEP][PASSED] - if (i == 2 &amp;&amp; wildList.indexOf(symbol) != -1): null

2019-08-24 12:55:58 - [TEST_STEP][PASSED] - if (i == 3 &amp;&amp; wildList.indexOf(symbol) != -1): null

2019-08-24 12:55:58 - [TEST_STEP][PASSED] - if (i == 4 &amp;&amp; wildList.indexOf(symbol) != -1): null

2019-08-24 12:55:58 - [TEST_STEP][PASSED] - symbol = symbol: null

2019-08-24 12:55:58 - [TEST_STEP][PASSED] - println(symbol): null

2019-08-24 12:55:58 - [TEST_STEP][PASSED] - if (i == 2 &amp;&amp; wildList.indexOf(symbol) != -1): null

2019-08-24 12:55:58 - [TEST_STEP][PASSED] - if (i == 3 &amp;&amp; wildList.indexOf(symbol) != -1): null

2019-08-24 12:55:58 - [TEST_STEP][PASSED] - if (i == 4 &amp;&amp; wildList.indexOf(symbol) != -1): null

2019-08-24 12:55:58 - [TEST_STEP][PASSED] - symbol = symbol: null

2019-08-24 12:55:58 - [TEST_STEP][PASSED] - println(symbol): null

2019-08-24 12:55:58 - [TEST_STEP][PASSED] - if (i == 2 &amp;&amp; wildList.indexOf(symbol) != -1): null

2019-08-24 12:55:58 - [TEST_STEP][PASSED] - println("wild found on reel 3, adding counter by 1"): null

2019-08-24 12:55:58 - [TEST_STEP][PASSED] - free_spin_reel_counter[0] = free_spin_reel_counter[0] + 1: null

2019-08-24 12:55:58 - [TEST_STEP][PASSED] - if (i == 3 &amp;&amp; wildList.indexOf(symbol) != -1): null

2019-08-24 12:55:58 - [TEST_STEP][PASSED] - if (i == 4 &amp;&amp; wildList.indexOf(symbol) != -1): null

2019-08-24 12:55:58 - [TEST_STEP][PASSED] - symbols = symbols: null

2019-08-24 12:55:58 - [TEST_STEP][PASSED] - for ([j = 0, j &lt; symbols.size(), (j++)]): null

2019-08-24 12:55:58 - [TEST_STEP][PASSED] - symbol = symbol: null

2019-08-24 12:55:58 - [TEST_STEP][PASSED] - println(symbol): null

2019-08-24 12:55:58 - [TEST_STEP][PASSED] - if (i == 2 &amp;&amp; wildList.indexOf(symbol) != -1): null

2019-08-24 12:55:58 - [TEST_STEP][PASSED] - if (i == 3 &amp;&amp; wildList.indexOf(symbol) != -1): null

2019-08-24 12:55:58 - [TEST_STEP][PASSED] - if (i == 4 &amp;&amp; wildList.indexOf(symbol) != -1): null

2019-08-24 12:55:58 - [TEST_STEP][PASSED] - symbol = symbol: null

2019-08-24 12:55:58 - [TEST_STEP][PASSED] - println(symbol): null

2019-08-24 12:55:58 - [TEST_STEP][PASSED] - if (i == 2 &amp;&amp; wildList.indexOf(symbol) != -1): null

2019-08-24 12:55:58 - [TEST_STEP][PASSED] - if (i == 3 &amp;&amp; wildList.indexOf(symbol) != -1): null

2019-08-24 12:55:58 - [TEST_STEP][PASSED] - if (i == 4 &amp;&amp; wildList.indexOf(symbol) != -1): null

2019-08-24 12:55:58 - [TEST_STEP][PASSED] - symbol = symbol: null

2019-08-24 12:55:58 - [TEST_STEP][PASSED] - println(symbol): null

2019-08-24 12:55:58 - [TEST_STEP][PASSED] - if (i == 2 &amp;&amp; wildList.indexOf(symbol) != -1): null

2019-08-24 12:55:58 - [TEST_STEP][PASSED] - if (i == 3 &amp;&amp; wildList.indexOf(symbol) != -1): null

2019-08-24 12:55:58 - [TEST_STEP][PASSED] - if (i == 4 &amp;&amp; wildList.indexOf(symbol) != -1): null

2019-08-24 12:55:58 - [TEST_STEP][PASSED] - symbols = symbols: null

2019-08-24 12:55:58 - [TEST_STEP][PASSED] - for ([j = 0, j &lt; symbols.size(), (j++)]): null

2019-08-24 12:55:58 - [TEST_STEP][PASSED] - symbol = symbol: null

2019-08-24 12:55:58 - [TEST_STEP][PASSED] - println(symbol): null

2019-08-24 12:55:58 - [TEST_STEP][PASSED] - if (i == 2 &amp;&amp; wildList.indexOf(symbol) != -1): null

2019-08-24 12:55:58 - [TEST_STEP][PASSED] - if (i == 3 &amp;&amp; wildList.indexOf(symbol) != -1): null

2019-08-24 12:55:58 - [TEST_STEP][PASSED] - if (i == 4 &amp;&amp; wildList.indexOf(symbol) != -1): null

2019-08-24 12:55:58 - [TEST_STEP][PASSED] - symbol = symbol: null

2019-08-24 12:55:58 - [TEST_STEP][PASSED] - println(symbol): null

2019-08-24 12:55:58 - [TEST_STEP][PASSED] - if (i == 2 &amp;&amp; wildList.indexOf(symbol) != -1): null

2019-08-24 12:55:58 - [TEST_STEP][PASSED] - if (i == 3 &amp;&amp; wildList.indexOf(symbol) != -1): null

2019-08-24 12:55:58 - [TEST_STEP][PASSED] - if (i == 4 &amp;&amp; wildList.indexOf(symbol) != -1): null

2019-08-24 12:55:58 - [TEST_STEP][PASSED] - symbol = symbol: null

2019-08-24 12:55:58 - [TEST_STEP][PASSED] - println(symbol): null

2019-08-24 12:55:58 - [TEST_STEP][PASSED] - if (i == 2 &amp;&amp; wildList.indexOf(symbol) != -1): null

2019-08-24 12:55:58 - [TEST_STEP][PASSED] - if (i == 3 &amp;&amp; wildList.indexOf(symbol) != -1): null

2019-08-24 12:55:58 - [TEST_STEP][PASSED] - if (i == 4 &amp;&amp; wildList.indexOf(symbol) != -1): null

2019-08-24 12:55:58 - [TEST_STEP][PASSED] - free_spin_reel_counter = free_spin_reel_counter: null

2019-08-24 12:55:58 - [TEST_STEP][PASSED] - println("reel 3 wild found: " + free_spin_reel_counter[0]): null

2019-08-24 12:55:58 - [TEST_STEP][PASSED] - println("reel 4 wild found: " + free_spin_reel_counter[1]): null

2019-08-24 12:55:58 - [TEST_STEP][PASSED] - println("reel 5 wild found: " + free_spin_reel_counter[2]): null

2019-08-24 12:55:58 - [TEST_STEP][PASSED] - M4_spin_reels = M4_spin_reels: null

2019-08-24 12:55:58 - [TEST_STEP][PASSED] - M4_spin_reels_symbols = symbol: null

2019-08-24 12:55:58 - [TEST_STEP][PASSED] - M4_spin_reels_symbols = M4_spin_reels_symbols: null

2019-08-24 12:55:58 - [TEST_STEP][PASSED] - M4_spin_reel_wins = reel_wins: null

2019-08-24 12:55:58 - [TEST_STEP][PASSED] - M4_spin_reel_wins = M4_spin_reel_wins: null

2019-08-24 12:55:58 - [TEST_STEP][PASSED] - println("GlobalVariable.M4_spin_reel_wins is: " + M4_spin_reel_wins): null

2019-08-24 12:55:58 - [TEST_STEP][PASSED] - M4_spin_total_bonus_win_this_round = total_bonus_win_this_round: null

2019-08-24 12:55:58 - [TEST_STEP][PASSED] - M4_spin_total_bonus_win_this_round = M4_spin_total_bonus_win_this_round: null

2019-08-24 12:55:58 - [TEST_STEP][PASSED] - println("GlobalVariable.M4_spin_total_bonus_win_this_round is: " + M4_spin_total_bonus_win_this_round): null

2019-08-24 12:55:58 - [TEST_STEP][PASSED] - M4_spin_bonus_spin_result = spin_result: null

2019-08-24 12:55:58 - [TEST_STEP][PASSED] - M4_spin_bonus_spin_result = M4_spin_bonus_spin_result: null

2019-08-24 12:55:58 - [MESSAGE][PASSED] - Verify response successfully

2019-08-24 12:55:58 - [MESSAGE][PASSED] - Send request and verify the response successfully

2019-08-24 12:55:58 - [TEST_STEP][PASSED] - if (M4_total_bonus_spins_int != 0 &amp;&amp; M4_spin_reels_symbols[2].contains("WILD_Double") || M4_spin_reels_symbols[4].contains("WILD_Triple")): null

2019-08-24 12:55:58 - [TEST_STEP][PASSED] - free_spin_reel_counter = free_spin_reel_counter: null

2019-08-24 12:55:58 - [TEST_STEP][PASSED] - M4_spin_reels_symbols = M4_spin_reels_symbols: null

2019-08-24 12:55:58 - [TEST_STEP][PASSED] - M4_total_bonus_spins = M4_total_bonus_spins: null

2019-08-24 12:55:58 - [TEST_STEP][PASSED] - spin_result = sendRequestAndVerify(findTestObject("INT/RGS(M4)/1_M4_spin", ["M4_login_user_id":M4_login_user_id, "rgs_session_token":rgs_session_token, "partner":Partner])): Send request and verify the response successfully

2019-08-24 12:55:59 - [MESSAGE][INFO] - HAR: /Users/eiralee/Katalon_Script/SuperWild/Reports/20190824_124242/INT/superWild_4/20190824_124242/requests/main/236.har

2019-08-24 12:55:59 - [TEST_CASE][PASSED] - Start Test Case : Verification: Verification accomplished successfully

2019-08-24 12:55:59 - [TEST_STEP][PASSED] - request = getInstance().getCurrentRequest(): null

2019-08-24 12:55:59 - [TEST_STEP][PASSED] - response = getInstance().getCurrentResponse(): null

2019-08-24 12:55:59 - [TEST_STEP][PASSED] - verifyResponseStatusCode(response, 200): Verify response status code successfully

2019-08-24 12:55:59 - [MESSAGE][PASSED] - Verify response status code successfully

2019-08-24 12:55:59 - [TEST_STEP][PASSED] - getStatusCode()).isEqualTo(200): null

2019-08-24 12:55:59 - [TEST_STEP][PASSED] - newline = System.getProperty("line.separator"): null

2019-08-24 12:55:59 - [TEST_STEP][PASSED] - M4_spin = new groovy.json.JsonSlurper(): null

2019-08-24 12:55:59 - [TEST_STEP][PASSED] - result_M4_spin = M4_spin.parseText(response.getResponseBodyContent()): null

2019-08-24 12:55:59 - [TEST_STEP][PASSED] - M4_spin_current_balance = current_balance: null

2019-08-24 12:55:59 - [TEST_STEP][PASSED] - M4_spin_current_balance = M4_spin_current_balance: null

2019-08-24 12:55:59 - [TEST_STEP][PASSED] - M4_spin_transaction_id = causality: null

2019-08-24 12:55:59 - [TEST_STEP][PASSED] - M4_spin_transaction_id = M4_spin_transaction_id: null

2019-08-24 12:55:59 - [TEST_STEP][PASSED] - M4_spin_round_id = round_id: null

2019-08-24 12:55:59 - [TEST_STEP][PASSED] - M4_spin_round_id = M4_spin_round_id: null

2019-08-24 12:55:59 - [TEST_STEP][PASSED] - M4_spin_line_wins = line_wins: null

2019-08-24 12:55:59 - [TEST_STEP][PASSED] - M4_spin_line_wins = M4_spin_line_wins: null

2019-08-24 12:55:59 - [TEST_STEP][PASSED] - M4_total_bonus_spins_int = total_bonus_spins: null

2019-08-24 12:55:59 - [TEST_STEP][PASSED] - println("******M4_total_bonus_spins type is:*******" + newline + getClass().getName()): null

2019-08-24 12:55:59 - [TEST_STEP][PASSED] - M4_total_bonus_spins_int = M4_total_bonus_spins_int: null

2019-08-24 12:55:59 - [TEST_STEP][PASSED] - M4_total_bonus_spins = Integer.toString(M4_total_bonus_spins_int): null

2019-08-24 12:55:59 - [TEST_STEP][PASSED] - M4_total_bonus_spins = M4_total_bonus_spins: null

2019-08-24 12:55:59 - [TEST_STEP][PASSED] - println("M4_total_bonus_spins is:" + M4_total_bonus_spins): null

2019-08-24 12:55:59 - [TEST_STEP][PASSED] - M4_spin_bonus_data = bonus_data: null

2019-08-24 12:55:59 - [TEST_STEP][PASSED] - M4_spin_features_triggered = result_M4_spin: null

2019-08-24 12:55:59 - [TEST_STEP][PASSED] - wild = []: null

2019-08-24 12:55:59 - [TEST_STEP][PASSED] - wild[0] = "WILD_Expanding": null

2019-08-24 12:55:59 - [TEST_STEP][PASSED] - wild[1] = "WILD_Normal": null

2019-08-24 12:55:59 - [TEST_STEP][PASSED] - wild[2] = "WILD_Double": null

2019-08-24 12:55:59 - [TEST_STEP][PASSED] - wild[3] = "WILD_ExtraFG": null

2019-08-24 12:55:59 - [TEST_STEP][PASSED] - wild[4] = "WILD_Triple": null

2019-08-24 12:55:59 - [TEST_STEP][PASSED] - wildList = Arrays.asList(wild): null

2019-08-24 12:55:59 - [TEST_STEP][PASSED] - wildList = wildList: null

2019-08-24 12:55:59 - [TEST_STEP][PASSED] - free_spin_reel_counter = []: null

2019-08-24 12:55:59 - [TEST_STEP][PASSED] - free_spin_reel_counter[0] = 0: null

2019-08-24 12:55:59 - [TEST_STEP][PASSED] - free_spin_reel_counter[1] = 0: null

2019-08-24 12:55:59 - [TEST_STEP][PASSED] - free_spin_reel_counter[2] = 0: null

2019-08-24 12:55:59 - [TEST_STEP][PASSED] - M4_spin_reels = reels: null

2019-08-24 12:55:59 - [TEST_STEP][PASSED] - for ([i = 0, i &lt; M4_spin_reels.size(), (i++)]): null

2019-08-24 12:55:59 - [TEST_STEP][PASSED] - symbols = symbols: null

2019-08-24 12:55:59 - [TEST_STEP][PASSED] - for ([j = 0, j &lt; symbols.size(), (j++)]): null

2019-08-24 12:55:59 - [TEST_STEP][PASSED] - symbol = symbol: null

2019-08-24 12:55:59 - [TEST_STEP][PASSED] - println(symbol): null

2019-08-24 12:55:59 - [TEST_STEP][PASSED] - if (i == 2 &amp;&amp; wildList.indexOf(symbol) != -1): null

2019-08-24 12:55:59 - [TEST_STEP][PASSED] - if (i == 3 &amp;&amp; wildList.indexOf(symbol) != -1): null

2019-08-24 12:55:59 - [TEST_STEP][PASSED] - if (i == 4 &amp;&amp; wildList.indexOf(symbol) != -1): null

2019-08-24 12:55:59 - [TEST_STEP][PASSED] - symbol = symbol: null

2019-08-24 12:55:59 - [TEST_STEP][PASSED] - println(symbol): null

2019-08-24 12:55:59 - [TEST_STEP][PASSED] - if (i == 2 &amp;&amp; wildList.indexOf(symbol) != -1): null

2019-08-24 12:55:59 - [TEST_STEP][PASSED] - if (i == 3 &amp;&amp; wildList.indexOf(symbol) != -1): null

2019-08-24 12:55:59 - [TEST_STEP][PASSED] - if (i == 4 &amp;&amp; wildList.indexOf(symbol) != -1): null

2019-08-24 12:55:59 - [TEST_STEP][PASSED] - symbol = symbol: null

2019-08-24 12:55:59 - [TEST_STEP][PASSED] - println(symbol): null

2019-08-24 12:55:59 - [TEST_STEP][PASSED] - if (i == 2 &amp;&amp; wildList.indexOf(symbol) != -1): null

2019-08-24 12:55:59 - [TEST_STEP][PASSED] - if (i == 3 &amp;&amp; wildList.indexOf(symbol) != -1): null

2019-08-24 12:55:59 - [TEST_STEP][PASSED] - if (i == 4 &amp;&amp; wildList.indexOf(symbol) != -1): null

2019-08-24 12:55:59 - [TEST_STEP][PASSED] - symbols = symbols: null

2019-08-24 12:55:59 - [TEST_STEP][PASSED] - for ([j = 0, j &lt; symbols.size(), (j++)]): null

2019-08-24 12:55:59 - [TEST_STEP][PASSED] - symbol = symbol: null

2019-08-24 12:55:59 - [TEST_STEP][PASSED] - println(symbol): null

2019-08-24 12:55:59 - [TEST_STEP][PASSED] - if (i == 2 &amp;&amp; wildList.indexOf(symbol) != -1): null

2019-08-24 12:55:59 - [TEST_STEP][PASSED] - if (i == 3 &amp;&amp; wildList.indexOf(symbol) != -1): null

2019-08-24 12:55:59 - [TEST_STEP][PASSED] - if (i == 4 &amp;&amp; wildList.indexOf(symbol) != -1): null

2019-08-24 12:55:59 - [TEST_STEP][PASSED] - symbol = symbol: null

2019-08-24 12:55:59 - [TEST_STEP][PASSED] - println(symbol): null

2019-08-24 12:55:59 - [TEST_STEP][PASSED] - if (i == 2 &amp;&amp; wildList.indexOf(symbol) != -1): null

2019-08-24 12:55:59 - [TEST_STEP][PASSED] - if (i == 3 &amp;&amp; wildList.indexOf(symbol) != -1): null

2019-08-24 12:55:59 - [TEST_STEP][PASSED] - if (i == 4 &amp;&amp; wildList.indexOf(symbol) != -1): null

2019-08-24 12:55:59 - [TEST_STEP][PASSED] - symbol = symbol: null

2019-08-24 12:55:59 - [TEST_STEP][PASSED] - println(symbol): null

2019-08-24 12:55:59 - [TEST_STEP][PASSED] - if (i == 2 &amp;&amp; wildList.indexOf(symbol) != -1): null

2019-08-24 12:55:59 - [TEST_STEP][PASSED] - if (i == 3 &amp;&amp; wildList.indexOf(symbol) != -1): null

2019-08-24 12:55:59 - [TEST_STEP][PASSED] - if (i == 4 &amp;&amp; wildList.indexOf(symbol) != -1): null

2019-08-24 12:56:03 - [TEST_STEP][PASSED] - symbols = symbols: null

2019-08-24 12:56:03 - [TEST_STEP][PASSED] - for ([j = 0, j &lt; symbols.size(), (j++)]): null

2019-08-24 12:56:03 - [TEST_STEP][PASSED] - symbol = symbol: null

2019-08-24 12:56:03 - [TEST_STEP][PASSED] - println(symbol): null

2019-08-24 12:56:03 - [TEST_STEP][PASSED] - if (i == 2 &amp;&amp; wildList.indexOf(symbol) != -1): null

2019-08-24 12:56:03 - [TEST_STEP][PASSED] - println("wild found on reel 3, adding counter by 1"): null

2019-08-24 12:56:03 - [TEST_STEP][PASSED] - free_spin_reel_counter[0] = free_spin_reel_counter[0] + 1: null

2019-08-24 12:56:03 - [TEST_STEP][PASSED] - if (i == 3 &amp;&amp; wildList.indexOf(symbol) != -1): null

2019-08-24 12:56:03 - [TEST_STEP][PASSED] - if (i == 4 &amp;&amp; wildList.indexOf(symbol) != -1): null

2019-08-24 12:56:03 - [TEST_STEP][PASSED] - symbol = symbol: null

2019-08-24 12:56:06 - [TEST_STEP][PASSED] - println(symbol): null

2019-08-24 12:56:06 - [TEST_STEP][PASSED] - if (i == 2 &amp;&amp; wildList.indexOf(symbol) != -1): null

2019-08-24 12:56:06 - [TEST_STEP][PASSED] - if (i == 3 &amp;&amp; wildList.indexOf(symbol) != -1): null

2019-08-24 12:56:06 - [TEST_STEP][PASSED] - if (i == 4 &amp;&amp; wildList.indexOf(symbol) != -1): null

2019-08-24 12:56:06 - [TEST_STEP][PASSED] - symbol = symbol: null

2019-08-24 12:56:06 - [TEST_STEP][PASSED] - println(symbol): null

2019-08-24 12:56:06 - [TEST_STEP][PASSED] - if (i == 2 &amp;&amp; wildList.indexOf(symbol) != -1): null

2019-08-24 12:56:06 - [TEST_STEP][PASSED] - if (i == 3 &amp;&amp; wildList.indexOf(symbol) != -1): null

2019-08-24 12:56:06 - [TEST_STEP][PASSED] - if (i == 4 &amp;&amp; wildList.indexOf(symbol) != -1): null

2019-08-24 12:56:06 - [TEST_STEP][PASSED] - symbols = symbols: null

2019-08-24 12:56:06 - [TEST_STEP][PASSED] - for ([j = 0, j &lt; symbols.size(), (j++)]): null

2019-08-24 12:56:06 - [TEST_STEP][PASSED] - symbol = symbol: null

2019-08-24 12:56:06 - [TEST_STEP][PASSED] - println(symbol): null

2019-08-24 12:56:06 - [TEST_STEP][PASSED] - if (i == 2 &amp;&amp; wildList.indexOf(symbol) != -1): null

2019-08-24 12:56:06 - [TEST_STEP][PASSED] - if (i == 3 &amp;&amp; wildList.indexOf(symbol) != -1): null

2019-08-24 12:56:06 - [TEST_STEP][PASSED] - if (i == 4 &amp;&amp; wildList.indexOf(symbol) != -1): null

2019-08-24 12:56:06 - [TEST_STEP][PASSED] - symbol = symbol: null

2019-08-24 12:56:06 - [TEST_STEP][PASSED] - println(symbol): null

2019-08-24 12:56:06 - [TEST_STEP][PASSED] - if (i == 2 &amp;&amp; wildList.indexOf(symbol) != -1): null

2019-08-24 12:56:06 - [TEST_STEP][PASSED] - if (i == 3 &amp;&amp; wildList.indexOf(symbol) != -1): null

2019-08-24 12:56:06 - [TEST_STEP][PASSED] - if (i == 4 &amp;&amp; wildList.indexOf(symbol) != -1): null

2019-08-24 12:56:06 - [TEST_STEP][PASSED] - symbol = symbol: null

2019-08-24 12:56:06 - [TEST_STEP][PASSED] - println(symbol): null

2019-08-24 12:56:06 - [TEST_STEP][PASSED] - if (i == 2 &amp;&amp; wildList.indexOf(symbol) != -1): null

2019-08-24 12:56:06 - [TEST_STEP][PASSED] - if (i == 3 &amp;&amp; wildList.indexOf(symbol) != -1): null

2019-08-24 12:56:06 - [TEST_STEP][PASSED] - if (i == 4 &amp;&amp; wildList.indexOf(symbol) != -1): null

2019-08-24 12:56:06 - [TEST_STEP][PASSED] - symbols = symbols: null

2019-08-24 12:56:06 - [TEST_STEP][PASSED] - for ([j = 0, j &lt; symbols.size(), (j++)]): null

2019-08-24 12:56:06 - [TEST_STEP][PASSED] - symbol = symbol: null

2019-08-24 12:56:06 - [TEST_STEP][PASSED] - println(symbol): null

2019-08-24 12:56:06 - [TEST_STEP][PASSED] - if (i == 2 &amp;&amp; wildList.indexOf(symbol) != -1): null

2019-08-24 12:56:06 - [TEST_STEP][PASSED] - if (i == 3 &amp;&amp; wildList.indexOf(symbol) != -1): null

2019-08-24 12:56:06 - [TEST_STEP][PASSED] - if (i == 4 &amp;&amp; wildList.indexOf(symbol) != -1): null

2019-08-24 12:56:06 - [TEST_STEP][PASSED] - symbol = symbol: null

2019-08-24 12:56:06 - [TEST_STEP][PASSED] - println(symbol): null

2019-08-24 12:56:06 - [TEST_STEP][PASSED] - if (i == 2 &amp;&amp; wildList.indexOf(symbol) != -1): null

2019-08-24 12:56:06 - [TEST_STEP][PASSED] - if (i == 3 &amp;&amp; wildList.indexOf(symbol) != -1): null

2019-08-24 12:56:06 - [TEST_STEP][PASSED] - if (i == 4 &amp;&amp; wildList.indexOf(symbol) != -1): null

2019-08-24 12:56:06 - [TEST_STEP][PASSED] - symbol = symbol: null

2019-08-24 12:56:06 - [TEST_STEP][PASSED] - println(symbol): null

2019-08-24 12:56:06 - [TEST_STEP][PASSED] - if (i == 2 &amp;&amp; wildList.indexOf(symbol) != -1): null

2019-08-24 12:56:06 - [TEST_STEP][PASSED] - if (i == 3 &amp;&amp; wildList.indexOf(symbol) != -1): null

2019-08-24 12:56:06 - [TEST_STEP][PASSED] - if (i == 4 &amp;&amp; wildList.indexOf(symbol) != -1): null

2019-08-24 12:56:06 - [TEST_STEP][PASSED] - free_spin_reel_counter = free_spin_reel_counter: null

2019-08-24 12:56:06 - [TEST_STEP][PASSED] - println("reel 3 wild found: " + free_spin_reel_counter[0]): null

2019-08-24 12:56:06 - [TEST_STEP][PASSED] - println("reel 4 wild found: " + free_spin_reel_counter[1]): null

2019-08-24 12:56:06 - [TEST_STEP][PASSED] - println("reel 5 wild found: " + free_spin_reel_counter[2]): null

2019-08-24 12:56:06 - [TEST_STEP][PASSED] - M4_spin_reels = M4_spin_reels: null

2019-08-24 12:56:06 - [TEST_STEP][PASSED] - M4_spin_reels_symbols = symbol: null

2019-08-24 12:56:06 - [TEST_STEP][PASSED] - M4_spin_reels_symbols = M4_spin_reels_symbols: null

2019-08-24 12:56:06 - [TEST_STEP][PASSED] - M4_spin_reel_wins = reel_wins: null

2019-08-24 12:56:06 - [TEST_STEP][PASSED] - M4_spin_reel_wins = M4_spin_reel_wins: null

2019-08-24 12:56:06 - [TEST_STEP][PASSED] - println("GlobalVariable.M4_spin_reel_wins is: " + M4_spin_reel_wins): null

2019-08-24 12:56:06 - [TEST_STEP][PASSED] - M4_spin_total_bonus_win_this_round = total_bonus_win_this_round: null

2019-08-24 12:56:06 - [TEST_STEP][PASSED] - M4_spin_total_bonus_win_this_round = M4_spin_total_bonus_win_this_round: null

2019-08-24 12:56:06 - [TEST_STEP][PASSED] - println("GlobalVariable.M4_spin_total_bonus_win_this_round is: " + M4_spin_total_bonus_win_this_round): null

2019-08-24 12:56:06 - [TEST_STEP][PASSED] - M4_spin_bonus_spin_result = spin_result: null

2019-08-24 12:56:06 - [TEST_STEP][PASSED] - M4_spin_bonus_spin_result = M4_spin_bonus_spin_result: null

2019-08-24 12:56:06 - [MESSAGE][PASSED] - Verify response successfully

2019-08-24 12:56:06 - [MESSAGE][PASSED] - Send request and verify the response successfully

2019-08-24 12:56:06 - [TEST_STEP][PASSED] - if (M4_total_bonus_spins_int != 0 &amp;&amp; M4_spin_reels_symbols[2].contains("WILD_Double") || M4_spin_reels_symbols[4].contains("WILD_Triple")): null

2019-08-24 12:56:06 - [TEST_STEP][PASSED] - free_spin_reel_counter = free_spin_reel_counter: null

2019-08-24 12:56:06 - [TEST_STEP][PASSED] - M4_spin_reels_symbols = M4_spin_reels_symbols: null

2019-08-24 12:56:06 - [TEST_STEP][PASSED] - M4_total_bonus_spins = M4_total_bonus_spins: null

2019-08-24 12:56:06 - [TEST_STEP][PASSED] - spin_result = sendRequestAndVerify(findTestObject("INT/RGS(M4)/1_M4_spin", ["M4_login_user_id":M4_login_user_id, "rgs_session_token":rgs_session_token, "partner":Partner])): Send request and verify the response successfully

2019-08-24 12:56:06 - [MESSAGE][INFO] - HAR: /Users/eiralee/Katalon_Script/SuperWild/Reports/20190824_124242/INT/superWild_4/20190824_124242/requests/main/237.har

2019-08-24 12:56:06 - [TEST_CASE][PASSED] - Start Test Case : Verification: Verification accomplished successfully

2019-08-24 12:56:06 - [TEST_STEP][PASSED] - request = getInstance().getCurrentRequest(): null

2019-08-24 12:56:06 - [TEST_STEP][PASSED] - response = getInstance().getCurrentResponse(): null

2019-08-24 12:56:06 - [TEST_STEP][PASSED] - verifyResponseStatusCode(response, 200): Verify response status code successfully

2019-08-24 12:56:06 - [MESSAGE][PASSED] - Verify response status code successfully

2019-08-24 12:56:06 - [TEST_STEP][PASSED] - getStatusCode()).isEqualTo(200): null

2019-08-24 12:56:06 - [TEST_STEP][PASSED] - newline = System.getProperty("line.separator"): null

2019-08-24 12:56:06 - [TEST_STEP][PASSED] - M4_spin = new groovy.json.JsonSlurper(): null

2019-08-24 12:56:06 - [TEST_STEP][PASSED] - result_M4_spin = M4_spin.parseText(response.getResponseBodyContent()): null

2019-08-24 12:56:06 - [TEST_STEP][PASSED] - M4_spin_current_balance = current_balance: null

2019-08-24 12:56:06 - [TEST_STEP][PASSED] - M4_spin_current_balance = M4_spin_current_balance: null

2019-08-24 12:56:06 - [TEST_STEP][PASSED] - M4_spin_transaction_id = causality: null

2019-08-24 12:56:06 - [TEST_STEP][PASSED] - M4_spin_transaction_id = M4_spin_transaction_id: null

2019-08-24 12:56:06 - [TEST_STEP][PASSED] - M4_spin_round_id = round_id: null

2019-08-24 12:56:06 - [TEST_STEP][PASSED] - M4_spin_round_id = M4_spin_round_id: null

2019-08-24 12:56:06 - [TEST_STEP][PASSED] - M4_spin_line_wins = line_wins: null

2019-08-24 12:56:06 - [TEST_STEP][PASSED] - M4_spin_line_wins = M4_spin_line_wins: null

2019-08-24 12:56:06 - [TEST_STEP][PASSED] - M4_total_bonus_spins_int = total_bonus_spins: null

2019-08-24 12:56:06 - [TEST_STEP][PASSED] - println("******M4_total_bonus_spins type is:*******" + newline + getClass().getName()): null

2019-08-24 12:56:06 - [TEST_STEP][PASSED] - M4_total_bonus_spins_int = M4_total_bonus_spins_int: null

2019-08-24 12:56:06 - [TEST_STEP][PASSED] - M4_total_bonus_spins = Integer.toString(M4_total_bonus_spins_int): null

2019-08-24 12:56:06 - [TEST_STEP][PASSED] - M4_total_bonus_spins = M4_total_bonus_spins: null

2019-08-24 12:56:06 - [TEST_STEP][PASSED] - println("M4_total_bonus_spins is:" + M4_total_bonus_spins): null

2019-08-24 12:56:06 - [TEST_STEP][PASSED] - M4_spin_bonus_data = bonus_data: null

2019-08-24 12:56:06 - [TEST_STEP][PASSED] - M4_spin_features_triggered = result_M4_spin: null

2019-08-24 12:56:06 - [TEST_STEP][PASSED] - wild = []: null

2019-08-24 12:56:06 - [TEST_STEP][PASSED] - wild[0] = "WILD_Expanding": null

2019-08-24 12:56:06 - [TEST_STEP][PASSED] - wild[1] = "WILD_Normal": null

2019-08-24 12:56:06 - [TEST_STEP][PASSED] - wild[2] = "WILD_Double": null

2019-08-24 12:56:06 - [TEST_STEP][PASSED] - wild[3] = "WILD_ExtraFG": null

2019-08-24 12:56:06 - [TEST_STEP][PASSED] - wild[4] = "WILD_Triple": null

2019-08-24 12:56:06 - [TEST_STEP][PASSED] - wildList = Arrays.asList(wild): null

2019-08-24 12:56:06 - [TEST_STEP][PASSED] - wildList = wildList: null

2019-08-24 12:56:06 - [TEST_STEP][PASSED] - free_spin_reel_counter = []: null

2019-08-24 12:56:06 - [TEST_STEP][PASSED] - free_spin_reel_counter[0] = 0: null

2019-08-24 12:56:06 - [TEST_STEP][PASSED] - free_spin_reel_counter[1] = 0: null

2019-08-24 12:56:06 - [TEST_STEP][PASSED] - free_spin_reel_counter[2] = 0: null

2019-08-24 12:56:06 - [TEST_STEP][PASSED] - M4_spin_reels = reels: null

2019-08-24 12:56:06 - [TEST_STEP][PASSED] - for ([i = 0, i &lt; M4_spin_reels.size(), (i++)]): null

2019-08-24 12:56:06 - [TEST_STEP][PASSED] - symbols = symbols: null

2019-08-24 12:56:06 - [TEST_STEP][PASSED] - for ([j = 0, j &lt; symbols.size(), (j++)]): null

2019-08-24 12:56:06 - [TEST_STEP][PASSED] - symbol = symbol: null

2019-08-24 12:56:06 - [TEST_STEP][PASSED] - println(symbol): null

2019-08-24 12:56:06 - [TEST_STEP][PASSED] - if (i == 2 &amp;&amp; wildList.indexOf(symbol) != -1): null

2019-08-24 12:56:06 - [TEST_STEP][PASSED] - if (i == 3 &amp;&amp; wildList.indexOf(symbol) != -1): null

2019-08-24 12:56:06 - [TEST_STEP][PASSED] - if (i == 4 &amp;&amp; wildList.indexOf(symbol) != -1): null

2019-08-24 12:56:06 - [TEST_STEP][PASSED] - symbol = symbol: null

2019-08-24 12:56:06 - [TEST_STEP][PASSED] - println(symbol): null

2019-08-24 12:56:06 - [TEST_STEP][PASSED] - if (i == 2 &amp;&amp; wildList.indexOf(symbol) != -1): null

2019-08-24 12:56:06 - [TEST_STEP][PASSED] - if (i == 3 &amp;&amp; wildList.indexOf(symbol) != -1): null

2019-08-24 12:56:06 - [TEST_STEP][PASSED] - if (i == 4 &amp;&amp; wildList.indexOf(symbol) != -1): null

2019-08-24 12:56:06 - [TEST_STEP][PASSED] - symbol = symbol: null

2019-08-24 12:56:06 - [TEST_STEP][PASSED] - println(symbol): null

2019-08-24 12:56:06 - [TEST_STEP][PASSED] - if (i == 2 &amp;&amp; wildList.indexOf(symbol) != -1): null

2019-08-24 12:56:06 - [TEST_STEP][PASSED] - if (i == 3 &amp;&amp; wildList.indexOf(symbol) != -1): null

2019-08-24 12:56:06 - [TEST_STEP][PASSED] - if (i == 4 &amp;&amp; wildList.indexOf(symbol) != -1): null

2019-08-24 12:56:06 - [TEST_STEP][PASSED] - symbols = symbols: null

2019-08-24 12:56:06 - [TEST_STEP][PASSED] - for ([j = 0, j &lt; symbols.size(), (j++)]): null

2019-08-24 12:56:06 - [TEST_STEP][PASSED] - symbol = symbol: null

2019-08-24 12:56:06 - [TEST_STEP][PASSED] - println(symbol): null

2019-08-24 12:56:06 - [TEST_STEP][PASSED] - if (i == 2 &amp;&amp; wildList.indexOf(symbol) != -1): null

2019-08-24 12:56:06 - [TEST_STEP][PASSED] - if (i == 3 &amp;&amp; wildList.indexOf(symbol) != -1): null

2019-08-24 12:56:06 - [TEST_STEP][PASSED] - if (i == 4 &amp;&amp; wildList.indexOf(symbol) != -1): null

2019-08-24 12:56:06 - [TEST_STEP][PASSED] - symbol = symbol: null

2019-08-24 12:56:06 - [TEST_STEP][PASSED] - println(symbol): null

2019-08-24 12:56:06 - [TEST_STEP][PASSED] - if (i == 2 &amp;&amp; wildList.indexOf(symbol) != -1): null

2019-08-24 12:56:06 - [TEST_STEP][PASSED] - if (i == 3 &amp;&amp; wildList.indexOf(symbol) != -1): null

2019-08-24 12:56:06 - [TEST_STEP][PASSED] - if (i == 4 &amp;&amp; wildList.indexOf(symbol) != -1): null

2019-08-24 12:56:06 - [TEST_STEP][PASSED] - symbol = symbol: null

2019-08-24 12:56:06 - [TEST_STEP][PASSED] - println(symbol): null

2019-08-24 12:56:06 - [TEST_STEP][PASSED] - if (i == 2 &amp;&amp; wildList.indexOf(symbol) != -1): null

2019-08-24 12:56:06 - [TEST_STEP][PASSED] - if (i == 3 &amp;&amp; wildList.indexOf(symbol) != -1): null

2019-08-24 12:56:06 - [TEST_STEP][PASSED] - if (i == 4 &amp;&amp; wildList.indexOf(symbol) != -1): null

2019-08-24 12:56:06 - [TEST_STEP][PASSED] - symbols = symbols: null

2019-08-24 12:56:06 - [TEST_STEP][PASSED] - for ([j = 0, j &lt; symbols.size(), (j++)]): null

2019-08-24 12:56:06 - [TEST_STEP][PASSED] - symbol = symbol: null

2019-08-24 12:56:06 - [TEST_STEP][PASSED] - println(symbol): null

2019-08-24 12:56:06 - [TEST_STEP][PASSED] - if (i == 2 &amp;&amp; wildList.indexOf(symbol) != -1): null

2019-08-24 12:56:06 - [TEST_STEP][PASSED] - println("wild found on reel 3, adding counter by 1"): null

2019-08-24 12:56:06 - [TEST_STEP][PASSED] - free_spin_reel_counter[0] = free_spin_reel_counter[0] + 1: null

2019-08-24 12:56:06 - [TEST_STEP][PASSED] - if (i == 3 &amp;&amp; wildList.indexOf(symbol) != -1): null

2019-08-24 12:56:06 - [TEST_STEP][PASSED] - if (i == 4 &amp;&amp; wildList.indexOf(symbol) != -1): null

2019-08-24 12:56:06 - [TEST_STEP][PASSED] - symbol = symbol: null

2019-08-24 12:56:06 - [TEST_STEP][PASSED] - println(symbol): null

2019-08-24 12:56:06 - [TEST_STEP][PASSED] - if (i == 2 &amp;&amp; wildList.indexOf(symbol) != -1): null

2019-08-24 12:56:06 - [TEST_STEP][PASSED] - if (i == 3 &amp;&amp; wildList.indexOf(symbol) != -1): null

2019-08-24 12:56:06 - [TEST_STEP][PASSED] - if (i == 4 &amp;&amp; wildList.indexOf(symbol) != -1): null

2019-08-24 12:56:06 - [TEST_STEP][PASSED] - symbol = symbol: null

2019-08-24 12:56:06 - [TEST_STEP][PASSED] - println(symbol): null

2019-08-24 12:56:06 - [TEST_STEP][PASSED] - if (i == 2 &amp;&amp; wildList.indexOf(symbol) != -1): null

2019-08-24 12:56:06 - [TEST_STEP][PASSED] - if (i == 3 &amp;&amp; wildList.indexOf(symbol) != -1): null

2019-08-24 12:56:06 - [TEST_STEP][PASSED] - if (i == 4 &amp;&amp; wildList.indexOf(symbol) != -1): null

2019-08-24 12:56:06 - [TEST_STEP][PASSED] - symbols = symbols: null

2019-08-24 12:56:06 - [TEST_STEP][PASSED] - for ([j = 0, j &lt; symbols.size(), (j++)]): null

2019-08-24 12:56:06 - [TEST_STEP][PASSED] - symbol = symbol: null

2019-08-24 12:56:06 - [TEST_STEP][PASSED] - println(symbol): null

2019-08-24 12:56:06 - [TEST_STEP][PASSED] - if (i == 2 &amp;&amp; wildList.indexOf(symbol) != -1): null

2019-08-24 12:56:06 - [TEST_STEP][PASSED] - if (i == 3 &amp;&amp; wildList.indexOf(symbol) != -1): null

2019-08-24 12:56:06 - [TEST_STEP][PASSED] - if (i == 4 &amp;&amp; wildList.indexOf(symbol) != -1): null

2019-08-24 12:56:06 - [TEST_STEP][PASSED] - symbol = symbol: null

2019-08-24 12:56:06 - [TEST_STEP][PASSED] - println(symbol): null

2019-08-24 12:56:06 - [TEST_STEP][PASSED] - if (i == 2 &amp;&amp; wildList.indexOf(symbol) != -1): null

2019-08-24 12:56:06 - [TEST_STEP][PASSED] - if (i == 3 &amp;&amp; wildList.indexOf(symbol) != -1): null

2019-08-24 12:56:06 - [TEST_STEP][PASSED] - if (i == 4 &amp;&amp; wildList.indexOf(symbol) != -1): null

2019-08-24 12:56:06 - [TEST_STEP][PASSED] - symbol = symbol: null

2019-08-24 12:56:06 - [TEST_STEP][PASSED] - println(symbol): null

2019-08-24 12:56:06 - [TEST_STEP][PASSED] - if (i == 2 &amp;&amp; wildList.indexOf(symbol) != -1): null

2019-08-24 12:56:06 - [TEST_STEP][PASSED] - if (i == 3 &amp;&amp; wildList.indexOf(symbol) != -1): null

2019-08-24 12:56:06 - [TEST_STEP][PASSED] - if (i == 4 &amp;&amp; wildList.indexOf(symbol) != -1): null

2019-08-24 12:56:06 - [TEST_STEP][PASSED] - symbols = symbols: null

2019-08-24 12:56:06 - [TEST_STEP][PASSED] - for ([j = 0, j &lt; symbols.size(), (j++)]): null

2019-08-24 12:56:06 - [TEST_STEP][PASSED] - symbol = symbol: null

2019-08-24 12:56:06 - [TEST_STEP][PASSED] - println(symbol): null

2019-08-24 12:56:06 - [TEST_STEP][PASSED] - if (i == 2 &amp;&amp; wildList.indexOf(symbol) != -1): null

2019-08-24 12:56:06 - [TEST_STEP][PASSED] - if (i == 3 &amp;&amp; wildList.indexOf(symbol) != -1): null

2019-08-24 12:56:06 - [TEST_STEP][PASSED] - if (i == 4 &amp;&amp; wildList.indexOf(symbol) != -1): null

2019-08-24 12:56:06 - [TEST_STEP][PASSED] - symbol = symbol: null

2019-08-24 12:56:06 - [TEST_STEP][PASSED] - println(symbol): null

2019-08-24 12:56:06 - [TEST_STEP][PASSED] - if (i == 2 &amp;&amp; wildList.indexOf(symbol) != -1): null

2019-08-24 12:56:06 - [TEST_STEP][PASSED] - if (i == 3 &amp;&amp; wildList.indexOf(symbol) != -1): null

2019-08-24 12:56:06 - [TEST_STEP][PASSED] - if (i == 4 &amp;&amp; wildList.indexOf(symbol) != -1): null

2019-08-24 12:56:06 - [TEST_STEP][PASSED] - symbol = symbol: null

2019-08-24 12:56:06 - [TEST_STEP][PASSED] - println(symbol): null

2019-08-24 12:56:06 - [TEST_STEP][PASSED] - if (i == 2 &amp;&amp; wildList.indexOf(symbol) != -1): null

2019-08-24 12:56:06 - [TEST_STEP][PASSED] - if (i == 3 &amp;&amp; wildList.indexOf(symbol) != -1): null

2019-08-24 12:56:06 - [TEST_STEP][PASSED] - if (i == 4 &amp;&amp; wildList.indexOf(symbol) != -1): null

2019-08-24 12:56:06 - [TEST_STEP][PASSED] - free_spin_reel_counter = free_spin_reel_counter: null

2019-08-24 12:56:06 - [TEST_STEP][PASSED] - println("reel 3 wild found: " + free_spin_reel_counter[0]): null

2019-08-24 12:56:06 - [TEST_STEP][PASSED] - println("reel 4 wild found: " + free_spin_reel_counter[1]): null

2019-08-24 12:56:06 - [TEST_STEP][PASSED] - println("reel 5 wild found: " + free_spin_reel_counter[2]): null

2019-08-24 12:56:06 - [TEST_STEP][PASSED] - M4_spin_reels = M4_spin_reels: null

2019-08-24 12:56:06 - [TEST_STEP][PASSED] - M4_spin_reels_symbols = symbol: null

2019-08-24 12:56:06 - [TEST_STEP][PASSED] - M4_spin_reels_symbols = M4_spin_reels_symbols: null

2019-08-24 12:56:06 - [TEST_STEP][PASSED] - M4_spin_reel_wins = reel_wins: null

2019-08-24 12:56:06 - [TEST_STEP][PASSED] - M4_spin_reel_wins = M4_spin_reel_wins: null

2019-08-24 12:56:06 - [TEST_STEP][PASSED] - println("GlobalVariable.M4_spin_reel_wins is: " + M4_spin_reel_wins): null

2019-08-24 12:56:06 - [TEST_STEP][PASSED] - M4_spin_total_bonus_win_this_round = total_bonus_win_this_round: null

2019-08-24 12:56:06 - [TEST_STEP][PASSED] - M4_spin_total_bonus_win_this_round = M4_spin_total_bonus_win_this_round: null

2019-08-24 12:56:06 - [TEST_STEP][PASSED] - println("GlobalVariable.M4_spin_total_bonus_win_this_round is: " + M4_spin_total_bonus_win_this_round): null

2019-08-24 12:56:06 - [TEST_STEP][PASSED] - M4_spin_bonus_spin_result = spin_result: null

2019-08-24 12:56:06 - [TEST_STEP][PASSED] - M4_spin_bonus_spin_result = M4_spin_bonus_spin_result: null

2019-08-24 12:56:06 - [MESSAGE][PASSED] - Verify response successfully

2019-08-24 12:56:06 - [MESSAGE][PASSED] - Send request and verify the response successfully

2019-08-24 12:56:06 - [TEST_STEP][PASSED] - if (M4_total_bonus_spins_int != 0 &amp;&amp; M4_spin_reels_symbols[2].contains("WILD_Double") || M4_spin_reels_symbols[4].contains("WILD_Triple")): null

2019-08-24 12:56:06 - [TEST_STEP][PASSED] - free_spin_reel_counter = free_spin_reel_counter: null

2019-08-24 12:56:06 - [TEST_STEP][PASSED] - M4_spin_reels_symbols = M4_spin_reels_symbols: null

2019-08-24 12:56:06 - [TEST_STEP][PASSED] - M4_total_bonus_spins = M4_total_bonus_spins: null

2019-08-24 12:56:06 - [TEST_STEP][PASSED] - spin_result = sendRequestAndVerify(findTestObject("INT/RGS(M4)/1_M4_spin", ["M4_login_user_id":M4_login_user_id, "rgs_session_token":rgs_session_token, "partner":Partner])): Send request and verify the response successfully

2019-08-24 12:56:07 - [MESSAGE][INFO] - HAR: /Users/eiralee/Katalon_Script/SuperWild/Reports/20190824_124242/INT/superWild_4/20190824_124242/requests/main/238.har

2019-08-24 12:56:07 - [TEST_CASE][PASSED] - Start Test Case : Verification: Verification accomplished successfully

2019-08-24 12:56:07 - [TEST_STEP][PASSED] - request = getInstance().getCurrentRequest(): null

2019-08-24 12:56:07 - [TEST_STEP][PASSED] - response = getInstance().getCurrentResponse(): null

2019-08-24 12:56:07 - [TEST_STEP][PASSED] - verifyResponseStatusCode(response, 200): Verify response status code successfully

2019-08-24 12:56:07 - [MESSAGE][PASSED] - Verify response status code successfully

2019-08-24 12:56:07 - [TEST_STEP][PASSED] - getStatusCode()).isEqualTo(200): null

2019-08-24 12:56:07 - [TEST_STEP][PASSED] - newline = System.getProperty("line.separator"): null

2019-08-24 12:56:07 - [TEST_STEP][PASSED] - M4_spin = new groovy.json.JsonSlurper(): null

2019-08-24 12:56:07 - [TEST_STEP][PASSED] - result_M4_spin = M4_spin.parseText(response.getResponseBodyContent()): null

2019-08-24 12:56:07 - [TEST_STEP][PASSED] - M4_spin_current_balance = current_balance: null

2019-08-24 12:56:07 - [TEST_STEP][PASSED] - M4_spin_current_balance = M4_spin_current_balance: null

2019-08-24 12:56:07 - [TEST_STEP][PASSED] - M4_spin_transaction_id = causality: null

2019-08-24 12:56:07 - [TEST_STEP][PASSED] - M4_spin_transaction_id = M4_spin_transaction_id: null

2019-08-24 12:56:07 - [TEST_STEP][PASSED] - M4_spin_round_id = round_id: null

2019-08-24 12:56:07 - [TEST_STEP][PASSED] - M4_spin_round_id = M4_spin_round_id: null

2019-08-24 12:56:07 - [TEST_STEP][PASSED] - M4_spin_line_wins = line_wins: null

2019-08-24 12:56:07 - [TEST_STEP][PASSED] - M4_spin_line_wins = M4_spin_line_wins: null

2019-08-24 12:56:07 - [TEST_STEP][PASSED] - M4_total_bonus_spins_int = total_bonus_spins: null

2019-08-24 12:56:07 - [TEST_STEP][PASSED] - println("******M4_total_bonus_spins type is:*******" + newline + getClass().getName()): null

2019-08-24 12:56:07 - [TEST_STEP][PASSED] - M4_total_bonus_spins_int = M4_total_bonus_spins_int: null

2019-08-24 12:56:07 - [TEST_STEP][PASSED] - M4_total_bonus_spins = Integer.toString(M4_total_bonus_spins_int): null

2019-08-24 12:56:07 - [TEST_STEP][PASSED] - M4_total_bonus_spins = M4_total_bonus_spins: null

2019-08-24 12:56:07 - [TEST_STEP][PASSED] - println("M4_total_bonus_spins is:" + M4_total_bonus_spins): null

2019-08-24 12:56:07 - [TEST_STEP][PASSED] - M4_spin_bonus_data = bonus_data: null

2019-08-24 12:56:07 - [TEST_STEP][PASSED] - M4_spin_features_triggered = result_M4_spin: null

2019-08-24 12:56:07 - [TEST_STEP][PASSED] - wild = []: null

2019-08-24 12:56:07 - [TEST_STEP][PASSED] - wild[0] = "WILD_Expanding": null

2019-08-24 12:56:07 - [TEST_STEP][PASSED] - wild[1] = "WILD_Normal": null

2019-08-24 12:56:07 - [TEST_STEP][PASSED] - wild[2] = "WILD_Double": null

2019-08-24 12:56:07 - [TEST_STEP][PASSED] - wild[3] = "WILD_ExtraFG": null

2019-08-24 12:56:07 - [TEST_STEP][PASSED] - wild[4] = "WILD_Triple": null

2019-08-24 12:56:07 - [TEST_STEP][PASSED] - wildList = Arrays.asList(wild): null

2019-08-24 12:56:07 - [TEST_STEP][PASSED] - wildList = wildList: null

2019-08-24 12:56:07 - [TEST_STEP][PASSED] - free_spin_reel_counter = []: null

2019-08-24 12:56:07 - [TEST_STEP][PASSED] - free_spin_reel_counter[0] = 0: null

2019-08-24 12:56:07 - [TEST_STEP][PASSED] - free_spin_reel_counter[1] = 0: null

2019-08-24 12:56:07 - [TEST_STEP][PASSED] - free_spin_reel_counter[2] = 0: null

2019-08-24 12:56:07 - [TEST_STEP][PASSED] - M4_spin_reels = reels: null

2019-08-24 12:56:07 - [TEST_STEP][PASSED] - for ([i = 0, i &lt; M4_spin_reels.size(), (i++)]): null

2019-08-24 12:56:07 - [TEST_STEP][PASSED] - symbols = symbols: null

2019-08-24 12:56:07 - [TEST_STEP][PASSED] - for ([j = 0, j &lt; symbols.size(), (j++)]): null

2019-08-24 12:56:07 - [TEST_STEP][PASSED] - symbol = symbol: null

2019-08-24 12:56:07 - [TEST_STEP][PASSED] - println(symbol): null

2019-08-24 12:56:07 - [TEST_STEP][PASSED] - if (i == 2 &amp;&amp; wildList.indexOf(symbol) != -1): null

2019-08-24 12:56:07 - [TEST_STEP][PASSED] - if (i == 3 &amp;&amp; wildList.indexOf(symbol) != -1): null

2019-08-24 12:56:07 - [TEST_STEP][PASSED] - if (i == 4 &amp;&amp; wildList.indexOf(symbol) != -1): null

2019-08-24 12:56:07 - [TEST_STEP][PASSED] - symbol = symbol: null

2019-08-24 12:56:07 - [TEST_STEP][PASSED] - println(symbol): null

2019-08-24 12:56:07 - [TEST_STEP][PASSED] - if (i == 2 &amp;&amp; wildList.indexOf(symbol) != -1): null

2019-08-24 12:56:07 - [TEST_STEP][PASSED] - if (i == 3 &amp;&amp; wildList.indexOf(symbol) != -1): null

2019-08-24 12:56:07 - [TEST_STEP][PASSED] - if (i == 4 &amp;&amp; wildList.indexOf(symbol) != -1): null

2019-08-24 12:56:07 - [TEST_STEP][PASSED] - symbol = symbol: null

2019-08-24 12:56:07 - [TEST_STEP][PASSED] - println(symbol): null

2019-08-24 12:56:07 - [TEST_STEP][PASSED] - if (i == 2 &amp;&amp; wildList.indexOf(symbol) != -1): null

2019-08-24 12:56:07 - [TEST_STEP][PASSED] - if (i == 3 &amp;&amp; wildList.indexOf(symbol) != -1): null

2019-08-24 12:56:07 - [TEST_STEP][PASSED] - if (i == 4 &amp;&amp; wildList.indexOf(symbol) != -1): null

2019-08-24 12:56:07 - [TEST_STEP][PASSED] - symbols = symbols: null

2019-08-24 12:56:07 - [TEST_STEP][PASSED] - for ([j = 0, j &lt; symbols.size(), (j++)]): null

2019-08-24 12:56:07 - [TEST_STEP][PASSED] - symbol = symbol: null

2019-08-24 12:56:07 - [TEST_STEP][PASSED] - println(symbol): null

2019-08-24 12:56:07 - [TEST_STEP][PASSED] - if (i == 2 &amp;&amp; wildList.indexOf(symbol) != -1): null

2019-08-24 12:56:07 - [TEST_STEP][PASSED] - if (i == 3 &amp;&amp; wildList.indexOf(symbol) != -1): null

2019-08-24 12:56:07 - [TEST_STEP][PASSED] - if (i == 4 &amp;&amp; wildList.indexOf(symbol) != -1): null

2019-08-24 12:56:07 - [TEST_STEP][PASSED] - symbol = symbol: null

2019-08-24 12:56:07 - [TEST_STEP][PASSED] - println(symbol): null

2019-08-24 12:56:07 - [TEST_STEP][PASSED] - if (i == 2 &amp;&amp; wildList.indexOf(symbol) != -1): null

2019-08-24 12:56:07 - [TEST_STEP][PASSED] - if (i == 3 &amp;&amp; wildList.indexOf(symbol) != -1): null

2019-08-24 12:56:07 - [TEST_STEP][PASSED] - if (i == 4 &amp;&amp; wildList.indexOf(symbol) != -1): null

2019-08-24 12:56:07 - [TEST_STEP][PASSED] - symbol = symbol: null

2019-08-24 12:56:07 - [TEST_STEP][PASSED] - println(symbol): null

2019-08-24 12:56:07 - [TEST_STEP][PASSED] - if (i == 2 &amp;&amp; wildList.indexOf(symbol) != -1): null

2019-08-24 12:56:07 - [TEST_STEP][PASSED] - if (i == 3 &amp;&amp; wildList.indexOf(symbol) != -1): null

2019-08-24 12:56:07 - [TEST_STEP][PASSED] - if (i == 4 &amp;&amp; wildList.indexOf(symbol) != -1): null

2019-08-24 12:56:07 - [TEST_STEP][PASSED] - symbols = symbols: null

2019-08-24 12:56:07 - [TEST_STEP][PASSED] - for ([j = 0, j &lt; symbols.size(), (j++)]): null

2019-08-24 12:56:07 - [TEST_STEP][PASSED] - symbol = symbol: null

2019-08-24 12:56:07 - [TEST_STEP][PASSED] - println(symbol): null

2019-08-24 12:56:07 - [TEST_STEP][PASSED] - if (i == 2 &amp;&amp; wildList.indexOf(symbol) != -1): null

2019-08-24 12:56:07 - [TEST_STEP][PASSED] - if (i == 3 &amp;&amp; wildList.indexOf(symbol) != -1): null

2019-08-24 12:56:07 - [TEST_STEP][PASSED] - if (i == 4 &amp;&amp; wildList.indexOf(symbol) != -1): null

2019-08-24 12:56:07 - [TEST_STEP][PASSED] - symbol = symbol: null

2019-08-24 12:56:07 - [TEST_STEP][PASSED] - println(symbol): null

2019-08-24 12:56:07 - [TEST_STEP][PASSED] - if (i == 2 &amp;&amp; wildList.indexOf(symbol) != -1): null

2019-08-24 12:56:07 - [TEST_STEP][PASSED] - if (i == 3 &amp;&amp; wildList.indexOf(symbol) != -1): null

2019-08-24 12:56:07 - [TEST_STEP][PASSED] - if (i == 4 &amp;&amp; wildList.indexOf(symbol) != -1): null

2019-08-24 12:56:07 - [TEST_STEP][PASSED] - symbol = symbol: null

2019-08-24 12:56:07 - [TEST_STEP][PASSED] - println(symbol): null

2019-08-24 12:56:07 - [TEST_STEP][PASSED] - if (i == 2 &amp;&amp; wildList.indexOf(symbol) != -1): null

2019-08-24 12:56:07 - [TEST_STEP][PASSED] - if (i == 3 &amp;&amp; wildList.indexOf(symbol) != -1): null

2019-08-24 12:56:07 - [TEST_STEP][PASSED] - if (i == 4 &amp;&amp; wildList.indexOf(symbol) != -1): null

2019-08-24 12:56:07 - [TEST_STEP][PASSED] - symbols = symbols: null

2019-08-24 12:56:07 - [TEST_STEP][PASSED] - for ([j = 0, j &lt; symbols.size(), (j++)]): null

2019-08-24 12:56:07 - [TEST_STEP][PASSED] - symbol = symbol: null

2019-08-24 12:56:07 - [TEST_STEP][PASSED] - println(symbol): null

2019-08-24 12:56:07 - [TEST_STEP][PASSED] - if (i == 2 &amp;&amp; wildList.indexOf(symbol) != -1): null

2019-08-24 12:56:07 - [TEST_STEP][PASSED] - if (i == 3 &amp;&amp; wildList.indexOf(symbol) != -1): null

2019-08-24 12:56:07 - [TEST_STEP][PASSED] - if (i == 4 &amp;&amp; wildList.indexOf(symbol) != -1): null

2019-08-24 12:56:07 - [TEST_STEP][PASSED] - symbol = symbol: null

2019-08-24 12:56:07 - [TEST_STEP][PASSED] - println(symbol): null

2019-08-24 12:56:07 - [TEST_STEP][PASSED] - if (i == 2 &amp;&amp; wildList.indexOf(symbol) != -1): null

2019-08-24 12:56:07 - [TEST_STEP][PASSED] - if (i == 3 &amp;&amp; wildList.indexOf(symbol) != -1): null

2019-08-24 12:56:07 - [TEST_STEP][PASSED] - if (i == 4 &amp;&amp; wildList.indexOf(symbol) != -1): null

2019-08-24 12:56:07 - [TEST_STEP][PASSED] - symbol = symbol: null

2019-08-24 12:56:07 - [TEST_STEP][PASSED] - println(symbol): null

2019-08-24 12:56:07 - [TEST_STEP][PASSED] - if (i == 2 &amp;&amp; wildList.indexOf(symbol) != -1): null

2019-08-24 12:56:07 - [TEST_STEP][PASSED] - if (i == 3 &amp;&amp; wildList.indexOf(symbol) != -1): null

2019-08-24 12:56:07 - [TEST_STEP][PASSED] - if (i == 4 &amp;&amp; wildList.indexOf(symbol) != -1): null

2019-08-24 12:56:07 - [TEST_STEP][PASSED] - symbols = symbols: null

2019-08-24 12:56:11 - [TEST_STEP][PASSED] - for ([j = 0, j &lt; symbols.size(), (j++)]): null

2019-08-24 12:56:11 - [TEST_STEP][PASSED] - symbol = symbol: null

2019-08-24 12:56:11 - [TEST_STEP][PASSED] - println(symbol): null

2019-08-24 12:56:11 - [TEST_STEP][PASSED] - if (i == 2 &amp;&amp; wildList.indexOf(symbol) != -1): null

2019-08-24 12:56:11 - [TEST_STEP][PASSED] - if (i == 3 &amp;&amp; wildList.indexOf(symbol) != -1): null

2019-08-24 12:56:11 - [TEST_STEP][PASSED] - if (i == 4 &amp;&amp; wildList.indexOf(symbol) != -1): null

2019-08-24 12:56:11 - [TEST_STEP][PASSED] - symbol = symbol: null

2019-08-24 12:56:11 - [TEST_STEP][PASSED] - println(symbol): null

2019-08-24 12:56:11 - [TEST_STEP][PASSED] - if (i == 2 &amp;&amp; wildList.indexOf(symbol) != -1): null

2019-08-24 12:56:11 - [TEST_STEP][PASSED] - if (i == 3 &amp;&amp; wildList.indexOf(symbol) != -1): null

2019-08-24 12:56:11 - [TEST_STEP][PASSED] - if (i == 4 &amp;&amp; wildList.indexOf(symbol) != -1): null

2019-08-24 12:56:14 - [TEST_STEP][PASSED] - symbol = symbol: null

2019-08-24 12:56:14 - [TEST_STEP][PASSED] - println(symbol): null

2019-08-24 12:56:14 - [TEST_STEP][PASSED] - if (i == 2 &amp;&amp; wildList.indexOf(symbol) != -1): null

2019-08-24 12:56:14 - [TEST_STEP][PASSED] - if (i == 3 &amp;&amp; wildList.indexOf(symbol) != -1): null

2019-08-24 12:56:14 - [TEST_STEP][PASSED] - if (i == 4 &amp;&amp; wildList.indexOf(symbol) != -1): null

2019-08-24 12:56:14 - [TEST_STEP][PASSED] - free_spin_reel_counter = free_spin_reel_counter: null

2019-08-24 12:56:14 - [TEST_STEP][PASSED] - println("reel 3 wild found: " + free_spin_reel_counter[0]): null

2019-08-24 12:56:14 - [TEST_STEP][PASSED] - println("reel 4 wild found: " + free_spin_reel_counter[1]): null

2019-08-24 12:56:14 - [TEST_STEP][PASSED] - println("reel 5 wild found: " + free_spin_reel_counter[2]): null

2019-08-24 12:56:14 - [TEST_STEP][PASSED] - M4_spin_reels = M4_spin_reels: null

2019-08-24 12:56:14 - [TEST_STEP][PASSED] - M4_spin_reels_symbols = symbol: null

2019-08-24 12:56:14 - [TEST_STEP][PASSED] - M4_spin_reels_symbols = M4_spin_reels_symbols: null

2019-08-24 12:56:14 - [TEST_STEP][PASSED] - M4_spin_reel_wins = reel_wins: null

2019-08-24 12:56:14 - [TEST_STEP][PASSED] - M4_spin_reel_wins = M4_spin_reel_wins: null

2019-08-24 12:56:14 - [TEST_STEP][PASSED] - println("GlobalVariable.M4_spin_reel_wins is: " + M4_spin_reel_wins): null

2019-08-24 12:56:14 - [TEST_STEP][PASSED] - M4_spin_total_bonus_win_this_round = total_bonus_win_this_round: null

2019-08-24 12:56:14 - [TEST_STEP][PASSED] - M4_spin_total_bonus_win_this_round = M4_spin_total_bonus_win_this_round: null

2019-08-24 12:56:14 - [TEST_STEP][PASSED] - println("GlobalVariable.M4_spin_total_bonus_win_this_round is: " + M4_spin_total_bonus_win_this_round): null

2019-08-24 12:56:14 - [TEST_STEP][PASSED] - M4_spin_bonus_spin_result = spin_result: null

2019-08-24 12:56:14 - [TEST_STEP][PASSED] - M4_spin_bonus_spin_result = M4_spin_bonus_spin_result: null

2019-08-24 12:56:14 - [MESSAGE][PASSED] - Verify response successfully

2019-08-24 12:56:14 - [MESSAGE][PASSED] - Send request and verify the response successfully

2019-08-24 12:56:14 - [TEST_STEP][PASSED] - if (M4_total_bonus_spins_int != 0 &amp;&amp; M4_spin_reels_symbols[2].contains("WILD_Double") || M4_spin_reels_symbols[4].contains("WILD_Triple")): null

2019-08-24 12:56:14 - [TEST_STEP][PASSED] - free_spin_reel_counter = free_spin_reel_counter: null

2019-08-24 12:56:14 - [TEST_STEP][PASSED] - M4_spin_reels_symbols = M4_spin_reels_symbols: null

2019-08-24 12:56:14 - [TEST_STEP][PASSED] - M4_total_bonus_spins = M4_total_bonus_spins: null

2019-08-24 12:56:14 - [TEST_STEP][PASSED] - spin_result = sendRequestAndVerify(findTestObject("INT/RGS(M4)/1_M4_spin", ["M4_login_user_id":M4_login_user_id, "rgs_session_token":rgs_session_token, "partner":Partner])): Send request and verify the response successfully

2019-08-24 12:56:14 - [MESSAGE][INFO] - HAR: /Users/eiralee/Katalon_Script/SuperWild/Reports/20190824_124242/INT/superWild_4/20190824_124242/requests/main/239.har

2019-08-24 12:56:14 - [TEST_CASE][PASSED] - Start Test Case : Verification: Verification accomplished successfully

2019-08-24 12:56:14 - [TEST_STEP][PASSED] - request = getInstance().getCurrentRequest(): null

2019-08-24 12:56:15 - [TEST_STEP][PASSED] - response = getInstance().getCurrentResponse(): null

2019-08-24 12:56:15 - [TEST_STEP][PASSED] - verifyResponseStatusCode(response, 200): Verify response status code successfully

2019-08-24 12:56:15 - [MESSAGE][PASSED] - Verify response status code successfully

2019-08-24 12:56:15 - [TEST_STEP][PASSED] - getStatusCode()).isEqualTo(200): null

2019-08-24 12:56:15 - [TEST_STEP][PASSED] - newline = System.getProperty("line.separator"): null

2019-08-24 12:56:15 - [TEST_STEP][PASSED] - M4_spin = new groovy.json.JsonSlurper(): null

2019-08-24 12:56:15 - [TEST_STEP][PASSED] - result_M4_spin = M4_spin.parseText(response.getResponseBodyContent()): null

2019-08-24 12:56:15 - [TEST_STEP][PASSED] - M4_spin_current_balance = current_balance: null

2019-08-24 12:56:15 - [TEST_STEP][PASSED] - M4_spin_current_balance = M4_spin_current_balance: null

2019-08-24 12:56:15 - [TEST_STEP][PASSED] - M4_spin_transaction_id = causality: null

2019-08-24 12:56:15 - [TEST_STEP][PASSED] - M4_spin_transaction_id = M4_spin_transaction_id: null

2019-08-24 12:56:15 - [TEST_STEP][PASSED] - M4_spin_round_id = round_id: null

2019-08-24 12:56:15 - [TEST_STEP][PASSED] - M4_spin_round_id = M4_spin_round_id: null

2019-08-24 12:56:15 - [TEST_STEP][PASSED] - M4_spin_line_wins = line_wins: null

2019-08-24 12:56:15 - [TEST_STEP][PASSED] - M4_spin_line_wins = M4_spin_line_wins: null

2019-08-24 12:56:15 - [TEST_STEP][PASSED] - M4_total_bonus_spins_int = total_bonus_spins: null

2019-08-24 12:56:15 - [TEST_STEP][PASSED] - println("******M4_total_bonus_spins type is:*******" + newline + getClass().getName()): null

2019-08-24 12:56:15 - [TEST_STEP][PASSED] - M4_total_bonus_spins_int = M4_total_bonus_spins_int: null

2019-08-24 12:56:15 - [TEST_STEP][PASSED] - M4_total_bonus_spins = Integer.toString(M4_total_bonus_spins_int): null

2019-08-24 12:56:15 - [TEST_STEP][PASSED] - M4_total_bonus_spins = M4_total_bonus_spins: null

2019-08-24 12:56:15 - [TEST_STEP][PASSED] - println("M4_total_bonus_spins is:" + M4_total_bonus_spins): null

2019-08-24 12:56:15 - [TEST_STEP][PASSED] - M4_spin_bonus_data = bonus_data: null

2019-08-24 12:56:15 - [TEST_STEP][PASSED] - M4_spin_features_triggered = result_M4_spin: null

2019-08-24 12:56:15 - [TEST_STEP][PASSED] - wild = []: null

2019-08-24 12:56:15 - [TEST_STEP][PASSED] - wild[0] = "WILD_Expanding": null

2019-08-24 12:56:15 - [TEST_STEP][PASSED] - wild[1] = "WILD_Normal": null

2019-08-24 12:56:15 - [TEST_STEP][PASSED] - wild[2] = "WILD_Double": null

2019-08-24 12:56:15 - [TEST_STEP][PASSED] - wild[3] = "WILD_ExtraFG": null

2019-08-24 12:56:15 - [TEST_STEP][PASSED] - wild[4] = "WILD_Triple": null

2019-08-24 12:56:15 - [TEST_STEP][PASSED] - wildList = Arrays.asList(wild): null

2019-08-24 12:56:15 - [TEST_STEP][PASSED] - wildList = wildList: null

2019-08-24 12:56:15 - [TEST_STEP][PASSED] - free_spin_reel_counter = []: null

2019-08-24 12:56:15 - [TEST_STEP][PASSED] - free_spin_reel_counter[0] = 0: null

2019-08-24 12:56:15 - [TEST_STEP][PASSED] - free_spin_reel_counter[1] = 0: null

2019-08-24 12:56:15 - [TEST_STEP][PASSED] - free_spin_reel_counter[2] = 0: null

2019-08-24 12:56:15 - [TEST_STEP][PASSED] - M4_spin_reels = reels: null

2019-08-24 12:56:15 - [TEST_STEP][PASSED] - for ([i = 0, i &lt; M4_spin_reels.size(), (i++)]): null

2019-08-24 12:56:15 - [TEST_STEP][PASSED] - symbols = symbols: null

2019-08-24 12:56:15 - [TEST_STEP][PASSED] - for ([j = 0, j &lt; symbols.size(), (j++)]): null

2019-08-24 12:56:15 - [TEST_STEP][PASSED] - symbol = symbol: null

2019-08-24 12:56:15 - [TEST_STEP][PASSED] - println(symbol): null

2019-08-24 12:56:15 - [TEST_STEP][PASSED] - if (i == 2 &amp;&amp; wildList.indexOf(symbol) != -1): null

2019-08-24 12:56:15 - [TEST_STEP][PASSED] - if (i == 3 &amp;&amp; wildList.indexOf(symbol) != -1): null

2019-08-24 12:56:15 - [TEST_STEP][PASSED] - if (i == 4 &amp;&amp; wildList.indexOf(symbol) != -1): null

2019-08-24 12:56:15 - [TEST_STEP][PASSED] - symbol = symbol: null

2019-08-24 12:56:15 - [TEST_STEP][PASSED] - println(symbol): null

2019-08-24 12:56:15 - [TEST_STEP][PASSED] - if (i == 2 &amp;&amp; wildList.indexOf(symbol) != -1): null

2019-08-24 12:56:15 - [TEST_STEP][PASSED] - if (i == 3 &amp;&amp; wildList.indexOf(symbol) != -1): null

2019-08-24 12:56:15 - [TEST_STEP][PASSED] - if (i == 4 &amp;&amp; wildList.indexOf(symbol) != -1): null

2019-08-24 12:56:15 - [TEST_STEP][PASSED] - symbol = symbol: null

2019-08-24 12:56:15 - [TEST_STEP][PASSED] - println(symbol): null

2019-08-24 12:56:15 - [TEST_STEP][PASSED] - if (i == 2 &amp;&amp; wildList.indexOf(symbol) != -1): null

2019-08-24 12:56:15 - [TEST_STEP][PASSED] - if (i == 3 &amp;&amp; wildList.indexOf(symbol) != -1): null

2019-08-24 12:56:15 - [TEST_STEP][PASSED] - if (i == 4 &amp;&amp; wildList.indexOf(symbol) != -1): null

2019-08-24 12:56:15 - [TEST_STEP][PASSED] - symbols = symbols: null

2019-08-24 12:56:15 - [TEST_STEP][PASSED] - for ([j = 0, j &lt; symbols.size(), (j++)]): null

2019-08-24 12:56:15 - [TEST_STEP][PASSED] - symbol = symbol: null

2019-08-24 12:56:15 - [TEST_STEP][PASSED] - println(symbol): null

2019-08-24 12:56:15 - [TEST_STEP][PASSED] - if (i == 2 &amp;&amp; wildList.indexOf(symbol) != -1): null

2019-08-24 12:56:15 - [TEST_STEP][PASSED] - if (i == 3 &amp;&amp; wildList.indexOf(symbol) != -1): null

2019-08-24 12:56:15 - [TEST_STEP][PASSED] - if (i == 4 &amp;&amp; wildList.indexOf(symbol) != -1): null

2019-08-24 12:56:15 - [TEST_STEP][PASSED] - symbol = symbol: null

2019-08-24 12:56:15 - [TEST_STEP][PASSED] - println(symbol): null

2019-08-24 12:56:15 - [TEST_STEP][PASSED] - if (i == 2 &amp;&amp; wildList.indexOf(symbol) != -1): null

2019-08-24 12:56:15 - [TEST_STEP][PASSED] - if (i == 3 &amp;&amp; wildList.indexOf(symbol) != -1): null

2019-08-24 12:56:15 - [TEST_STEP][PASSED] - if (i == 4 &amp;&amp; wildList.indexOf(symbol) != -1): null

2019-08-24 12:56:15 - [TEST_STEP][PASSED] - symbol = symbol: null

2019-08-24 12:56:15 - [TEST_STEP][PASSED] - println(symbol): null

2019-08-24 12:56:15 - [TEST_STEP][PASSED] - if (i == 2 &amp;&amp; wildList.indexOf(symbol) != -1): null

2019-08-24 12:56:15 - [TEST_STEP][PASSED] - if (i == 3 &amp;&amp; wildList.indexOf(symbol) != -1): null

2019-08-24 12:56:15 - [TEST_STEP][PASSED] - if (i == 4 &amp;&amp; wildList.indexOf(symbol) != -1): null

2019-08-24 12:56:15 - [TEST_STEP][PASSED] - symbols = symbols: null

2019-08-24 12:56:15 - [TEST_STEP][PASSED] - for ([j = 0, j &lt; symbols.size(), (j++)]): null

2019-08-24 12:56:15 - [TEST_STEP][PASSED] - symbol = symbol: null

2019-08-24 12:56:15 - [TEST_STEP][PASSED] - println(symbol): null

2019-08-24 12:56:15 - [TEST_STEP][PASSED] - if (i == 2 &amp;&amp; wildList.indexOf(symbol) != -1): null

2019-08-24 12:56:15 - [TEST_STEP][PASSED] - if (i == 3 &amp;&amp; wildList.indexOf(symbol) != -1): null

2019-08-24 12:56:15 - [TEST_STEP][PASSED] - if (i == 4 &amp;&amp; wildList.indexOf(symbol) != -1): null

2019-08-24 12:56:15 - [TEST_STEP][PASSED] - symbol = symbol: null

2019-08-24 12:56:15 - [TEST_STEP][PASSED] - println(symbol): null

2019-08-24 12:56:15 - [TEST_STEP][PASSED] - if (i == 2 &amp;&amp; wildList.indexOf(symbol) != -1): null

2019-08-24 12:56:15 - [TEST_STEP][PASSED] - if (i == 3 &amp;&amp; wildList.indexOf(symbol) != -1): null

2019-08-24 12:56:15 - [TEST_STEP][PASSED] - if (i == 4 &amp;&amp; wildList.indexOf(symbol) != -1): null

2019-08-24 12:56:15 - [TEST_STEP][PASSED] - symbol = symbol: null

2019-08-24 12:56:15 - [TEST_STEP][PASSED] - println(symbol): null

2019-08-24 12:56:15 - [TEST_STEP][PASSED] - if (i == 2 &amp;&amp; wildList.indexOf(symbol) != -1): null

2019-08-24 12:56:15 - [TEST_STEP][PASSED] - if (i == 3 &amp;&amp; wildList.indexOf(symbol) != -1): null

2019-08-24 12:56:15 - [TEST_STEP][PASSED] - if (i == 4 &amp;&amp; wildList.indexOf(symbol) != -1): null

2019-08-24 12:56:15 - [TEST_STEP][PASSED] - symbols = symbols: null

2019-08-24 12:56:15 - [TEST_STEP][PASSED] - for ([j = 0, j &lt; symbols.size(), (j++)]): null

2019-08-24 12:56:15 - [TEST_STEP][PASSED] - symbol = symbol: null

2019-08-24 12:56:15 - [TEST_STEP][PASSED] - println(symbol): null

2019-08-24 12:56:15 - [TEST_STEP][PASSED] - if (i == 2 &amp;&amp; wildList.indexOf(symbol) != -1): null

2019-08-24 12:56:15 - [TEST_STEP][PASSED] - if (i == 3 &amp;&amp; wildList.indexOf(symbol) != -1): null

2019-08-24 12:56:15 - [TEST_STEP][PASSED] - if (i == 4 &amp;&amp; wildList.indexOf(symbol) != -1): null

2019-08-24 12:56:15 - [TEST_STEP][PASSED] - symbol = symbol: null

2019-08-24 12:56:15 - [TEST_STEP][PASSED] - println(symbol): null

2019-08-24 12:56:15 - [TEST_STEP][PASSED] - if (i == 2 &amp;&amp; wildList.indexOf(symbol) != -1): null

2019-08-24 12:56:15 - [TEST_STEP][PASSED] - if (i == 3 &amp;&amp; wildList.indexOf(symbol) != -1): null

2019-08-24 12:56:15 - [TEST_STEP][PASSED] - if (i == 4 &amp;&amp; wildList.indexOf(symbol) != -1): null

2019-08-24 12:56:15 - [TEST_STEP][PASSED] - symbol = symbol: null

2019-08-24 12:56:15 - [TEST_STEP][PASSED] - println(symbol): null

2019-08-24 12:56:15 - [TEST_STEP][PASSED] - if (i == 2 &amp;&amp; wildList.indexOf(symbol) != -1): null

2019-08-24 12:56:15 - [TEST_STEP][PASSED] - if (i == 3 &amp;&amp; wildList.indexOf(symbol) != -1): null

2019-08-24 12:56:15 - [TEST_STEP][PASSED] - if (i == 4 &amp;&amp; wildList.indexOf(symbol) != -1): null

2019-08-24 12:56:15 - [TEST_STEP][PASSED] - symbols = symbols: null

2019-08-24 12:56:15 - [TEST_STEP][PASSED] - for ([j = 0, j &lt; symbols.size(), (j++)]): null

2019-08-24 12:56:15 - [TEST_STEP][PASSED] - symbol = symbol: null

2019-08-24 12:56:15 - [TEST_STEP][PASSED] - println(symbol): null

2019-08-24 12:56:15 - [TEST_STEP][PASSED] - if (i == 2 &amp;&amp; wildList.indexOf(symbol) != -1): null

2019-08-24 12:56:15 - [TEST_STEP][PASSED] - if (i == 3 &amp;&amp; wildList.indexOf(symbol) != -1): null

2019-08-24 12:56:15 - [TEST_STEP][PASSED] - if (i == 4 &amp;&amp; wildList.indexOf(symbol) != -1): null

2019-08-24 12:56:15 - [TEST_STEP][PASSED] - symbol = symbol: null

2019-08-24 12:56:15 - [TEST_STEP][PASSED] - println(symbol): null

2019-08-24 12:56:15 - [TEST_STEP][PASSED] - if (i == 2 &amp;&amp; wildList.indexOf(symbol) != -1): null

2019-08-24 12:56:15 - [TEST_STEP][PASSED] - if (i == 3 &amp;&amp; wildList.indexOf(symbol) != -1): null

2019-08-24 12:56:15 - [TEST_STEP][PASSED] - if (i == 4 &amp;&amp; wildList.indexOf(symbol) != -1): null

2019-08-24 12:56:15 - [TEST_STEP][PASSED] - symbol = symbol: null

2019-08-24 12:56:15 - [TEST_STEP][PASSED] - println(symbol): null

2019-08-24 12:56:15 - [TEST_STEP][PASSED] - if (i == 2 &amp;&amp; wildList.indexOf(symbol) != -1): null

2019-08-24 12:56:15 - [TEST_STEP][PASSED] - if (i == 3 &amp;&amp; wildList.indexOf(symbol) != -1): null

2019-08-24 12:56:15 - [TEST_STEP][PASSED] - if (i == 4 &amp;&amp; wildList.indexOf(symbol) != -1): null

2019-08-24 12:56:15 - [TEST_STEP][PASSED] - println("wild found on reel 5, adding counter by 1"): null

2019-08-24 12:56:15 - [TEST_STEP][PASSED] - free_spin_reel_counter[2] = free_spin_reel_counter[2] + 1: null

2019-08-24 12:56:15 - [TEST_STEP][PASSED] - free_spin_reel_counter = free_spin_reel_counter: null

2019-08-24 12:56:15 - [TEST_STEP][PASSED] - println("reel 3 wild found: " + free_spin_reel_counter[0]): null

2019-08-24 12:56:15 - [TEST_STEP][PASSED] - println("reel 4 wild found: " + free_spin_reel_counter[1]): null

2019-08-24 12:56:15 - [TEST_STEP][PASSED] - println("reel 5 wild found: " + free_spin_reel_counter[2]): null

2019-08-24 12:56:15 - [TEST_STEP][PASSED] - M4_spin_reels = M4_spin_reels: null

2019-08-24 12:56:15 - [TEST_STEP][PASSED] - M4_spin_reels_symbols = symbol: null

2019-08-24 12:56:15 - [TEST_STEP][PASSED] - M4_spin_reels_symbols = M4_spin_reels_symbols: null

2019-08-24 12:56:15 - [TEST_STEP][PASSED] - M4_spin_reel_wins = reel_wins: null

2019-08-24 12:56:15 - [TEST_STEP][PASSED] - M4_spin_reel_wins = M4_spin_reel_wins: null

2019-08-24 12:56:15 - [TEST_STEP][PASSED] - println("GlobalVariable.M4_spin_reel_wins is: " + M4_spin_reel_wins): null

2019-08-24 12:56:15 - [TEST_STEP][PASSED] - M4_spin_total_bonus_win_this_round = total_bonus_win_this_round: null

2019-08-24 12:56:15 - [TEST_STEP][PASSED] - M4_spin_total_bonus_win_this_round = M4_spin_total_bonus_win_this_round: null

2019-08-24 12:56:15 - [TEST_STEP][PASSED] - println("GlobalVariable.M4_spin_total_bonus_win_this_round is: " + M4_spin_total_bonus_win_this_round): null

2019-08-24 12:56:15 - [TEST_STEP][PASSED] - M4_spin_bonus_spin_result = spin_result: null

2019-08-24 12:56:15 - [TEST_STEP][PASSED] - M4_spin_bonus_spin_result = M4_spin_bonus_spin_result: null

2019-08-24 12:56:15 - [MESSAGE][PASSED] - Verify response successfully

2019-08-24 12:56:15 - [MESSAGE][PASSED] - Send request and verify the response successfully

2019-08-24 12:56:15 - [TEST_STEP][PASSED] - if (M4_total_bonus_spins_int != 0 &amp;&amp; M4_spin_reels_symbols[2].contains("WILD_Double") || M4_spin_reels_symbols[4].contains("WILD_Triple")): null

2019-08-24 12:56:15 - [TEST_STEP][PASSED] - free_spin_reel_counter = free_spin_reel_counter: null

2019-08-24 12:56:15 - [TEST_STEP][PASSED] - M4_spin_reels_symbols = M4_spin_reels_symbols: null

2019-08-24 12:56:15 - [TEST_STEP][PASSED] - M4_total_bonus_spins = M4_total_bonus_spins: null

2019-08-24 12:56:15 - [TEST_STEP][PASSED] - spin_result = sendRequestAndVerify(findTestObject("INT/RGS(M4)/1_M4_spin", ["M4_login_user_id":M4_login_user_id, "rgs_session_token":rgs_session_token, "partner":Partner])): Send request and verify the response successfully

2019-08-24 12:56:15 - [MESSAGE][INFO] - HAR: /Users/eiralee/Katalon_Script/SuperWild/Reports/20190824_124242/INT/superWild_4/20190824_124242/requests/main/240.har

2019-08-24 12:56:15 - [TEST_CASE][PASSED] - Start Test Case : Verification: Verification accomplished successfully

2019-08-24 12:56:15 - [TEST_STEP][PASSED] - request = getInstance().getCurrentRequest(): null

2019-08-24 12:56:15 - [TEST_STEP][PASSED] - response = getInstance().getCurrentResponse(): null

2019-08-24 12:56:15 - [TEST_STEP][PASSED] - verifyResponseStatusCode(response, 200): Verify response status code successfully

2019-08-24 12:56:15 - [MESSAGE][PASSED] - Verify response status code successfully

2019-08-24 12:56:15 - [TEST_STEP][PASSED] - getStatusCode()).isEqualTo(200): null

2019-08-24 12:56:15 - [TEST_STEP][PASSED] - newline = System.getProperty("line.separator"): null

2019-08-24 12:56:15 - [TEST_STEP][PASSED] - M4_spin = new groovy.json.JsonSlurper(): null

2019-08-24 12:56:15 - [TEST_STEP][PASSED] - result_M4_spin = M4_spin.parseText(response.getResponseBodyContent()): null

2019-08-24 12:56:15 - [TEST_STEP][PASSED] - M4_spin_current_balance = current_balance: null

2019-08-24 12:56:15 - [TEST_STEP][PASSED] - M4_spin_current_balance = M4_spin_current_balance: null

2019-08-24 12:56:15 - [TEST_STEP][PASSED] - M4_spin_transaction_id = causality: null

2019-08-24 12:56:15 - [TEST_STEP][PASSED] - M4_spin_transaction_id = M4_spin_transaction_id: null

2019-08-24 12:56:15 - [TEST_STEP][PASSED] - M4_spin_round_id = round_id: null

2019-08-24 12:56:15 - [TEST_STEP][PASSED] - M4_spin_round_id = M4_spin_round_id: null

2019-08-24 12:56:15 - [TEST_STEP][PASSED] - M4_spin_line_wins = line_wins: null

2019-08-24 12:56:15 - [TEST_STEP][PASSED] - M4_spin_line_wins = M4_spin_line_wins: null

2019-08-24 12:56:15 - [TEST_STEP][PASSED] - M4_total_bonus_spins_int = total_bonus_spins: null

2019-08-24 12:56:15 - [TEST_STEP][PASSED] - println("******M4_total_bonus_spins type is:*******" + newline + getClass().getName()): null

2019-08-24 12:56:15 - [TEST_STEP][PASSED] - M4_total_bonus_spins_int = M4_total_bonus_spins_int: null

2019-08-24 12:56:15 - [TEST_STEP][PASSED] - M4_total_bonus_spins = Integer.toString(M4_total_bonus_spins_int): null

2019-08-24 12:56:15 - [TEST_STEP][PASSED] - M4_total_bonus_spins = M4_total_bonus_spins: null

2019-08-24 12:56:15 - [TEST_STEP][PASSED] - println("M4_total_bonus_spins is:" + M4_total_bonus_spins): null

2019-08-24 12:56:15 - [TEST_STEP][PASSED] - M4_spin_bonus_data = bonus_data: null

2019-08-24 12:56:15 - [TEST_STEP][PASSED] - M4_spin_features_triggered = result_M4_spin: null

2019-08-24 12:56:15 - [TEST_STEP][PASSED] - wild = []: null

2019-08-24 12:56:15 - [TEST_STEP][PASSED] - wild[0] = "WILD_Expanding": null

2019-08-24 12:56:15 - [TEST_STEP][PASSED] - wild[1] = "WILD_Normal": null

2019-08-24 12:56:15 - [TEST_STEP][PASSED] - wild[2] = "WILD_Double": null

2019-08-24 12:56:15 - [TEST_STEP][PASSED] - wild[3] = "WILD_ExtraFG": null

2019-08-24 12:56:15 - [TEST_STEP][PASSED] - wild[4] = "WILD_Triple": null

2019-08-24 12:56:15 - [TEST_STEP][PASSED] - wildList = Arrays.asList(wild): null

2019-08-24 12:56:15 - [TEST_STEP][PASSED] - wildList = wildList: null

2019-08-24 12:56:15 - [TEST_STEP][PASSED] - free_spin_reel_counter = []: null

2019-08-24 12:56:15 - [TEST_STEP][PASSED] - free_spin_reel_counter[0] = 0: null

2019-08-24 12:56:15 - [TEST_STEP][PASSED] - free_spin_reel_counter[1] = 0: null

2019-08-24 12:56:15 - [TEST_STEP][PASSED] - free_spin_reel_counter[2] = 0: null

2019-08-24 12:56:15 - [TEST_STEP][PASSED] - M4_spin_reels = reels: null

2019-08-24 12:56:15 - [TEST_STEP][PASSED] - for ([i = 0, i &lt; M4_spin_reels.size(), (i++)]): null

2019-08-24 12:56:15 - [TEST_STEP][PASSED] - symbols = symbols: null

2019-08-24 12:56:15 - [TEST_STEP][PASSED] - for ([j = 0, j &lt; symbols.size(), (j++)]): null

2019-08-24 12:56:15 - [TEST_STEP][PASSED] - symbol = symbol: null

2019-08-24 12:56:15 - [TEST_STEP][PASSED] - println(symbol): null

2019-08-24 12:56:15 - [TEST_STEP][PASSED] - if (i == 2 &amp;&amp; wildList.indexOf(symbol) != -1): null

2019-08-24 12:56:15 - [TEST_STEP][PASSED] - if (i == 3 &amp;&amp; wildList.indexOf(symbol) != -1): null

2019-08-24 12:56:15 - [TEST_STEP][PASSED] - if (i == 4 &amp;&amp; wildList.indexOf(symbol) != -1): null

2019-08-24 12:56:15 - [TEST_STEP][PASSED] - symbol = symbol: null

2019-08-24 12:56:15 - [TEST_STEP][PASSED] - println(symbol): null

2019-08-24 12:56:15 - [TEST_STEP][PASSED] - if (i == 2 &amp;&amp; wildList.indexOf(symbol) != -1): null

2019-08-24 12:56:15 - [TEST_STEP][PASSED] - if (i == 3 &amp;&amp; wildList.indexOf(symbol) != -1): null

2019-08-24 12:56:15 - [TEST_STEP][PASSED] - if (i == 4 &amp;&amp; wildList.indexOf(symbol) != -1): null

2019-08-24 12:56:15 - [TEST_STEP][PASSED] - symbol = symbol: null

2019-08-24 12:56:15 - [TEST_STEP][PASSED] - println(symbol): null

2019-08-24 12:56:15 - [TEST_STEP][PASSED] - if (i == 2 &amp;&amp; wildList.indexOf(symbol) != -1): null

2019-08-24 12:56:15 - [TEST_STEP][PASSED] - if (i == 3 &amp;&amp; wildList.indexOf(symbol) != -1): null

2019-08-24 12:56:15 - [TEST_STEP][PASSED] - if (i == 4 &amp;&amp; wildList.indexOf(symbol) != -1): null

2019-08-24 12:56:15 - [TEST_STEP][PASSED] - symbols = symbols: null

2019-08-24 12:56:15 - [TEST_STEP][PASSED] - for ([j = 0, j &lt; symbols.size(), (j++)]): null

2019-08-24 12:56:15 - [TEST_STEP][PASSED] - symbol = symbol: null

2019-08-24 12:56:15 - [TEST_STEP][PASSED] - println(symbol): null

2019-08-24 12:56:15 - [TEST_STEP][PASSED] - if (i == 2 &amp;&amp; wildList.indexOf(symbol) != -1): null

2019-08-24 12:56:15 - [TEST_STEP][PASSED] - if (i == 3 &amp;&amp; wildList.indexOf(symbol) != -1): null

2019-08-24 12:56:15 - [TEST_STEP][PASSED] - if (i == 4 &amp;&amp; wildList.indexOf(symbol) != -1): null

2019-08-24 12:56:15 - [TEST_STEP][PASSED] - symbol = symbol: null

2019-08-24 12:56:15 - [TEST_STEP][PASSED] - println(symbol): null

2019-08-24 12:56:15 - [TEST_STEP][PASSED] - if (i == 2 &amp;&amp; wildList.indexOf(symbol) != -1): null

2019-08-24 12:56:15 - [TEST_STEP][PASSED] - if (i == 3 &amp;&amp; wildList.indexOf(symbol) != -1): null

2019-08-24 12:56:15 - [TEST_STEP][PASSED] - if (i == 4 &amp;&amp; wildList.indexOf(symbol) != -1): null

2019-08-24 12:56:15 - [TEST_STEP][PASSED] - symbol = symbol: null

2019-08-24 12:56:15 - [TEST_STEP][PASSED] - println(symbol): null

2019-08-24 12:56:15 - [TEST_STEP][PASSED] - if (i == 2 &amp;&amp; wildList.indexOf(symbol) != -1): null

2019-08-24 12:56:15 - [TEST_STEP][PASSED] - if (i == 3 &amp;&amp; wildList.indexOf(symbol) != -1): null

2019-08-24 12:56:15 - [TEST_STEP][PASSED] - if (i == 4 &amp;&amp; wildList.indexOf(symbol) != -1): null

2019-08-24 12:56:15 - [TEST_STEP][PASSED] - symbols = symbols: null

2019-08-24 12:56:15 - [TEST_STEP][PASSED] - for ([j = 0, j &lt; symbols.size(), (j++)]): null

2019-08-24 12:56:15 - [TEST_STEP][PASSED] - symbol = symbol: null

2019-08-24 12:56:15 - [TEST_STEP][PASSED] - println(symbol): null

2019-08-24 12:56:15 - [TEST_STEP][PASSED] - if (i == 2 &amp;&amp; wildList.indexOf(symbol) != -1): null

2019-08-24 12:56:15 - [TEST_STEP][PASSED] - if (i == 3 &amp;&amp; wildList.indexOf(symbol) != -1): null

2019-08-24 12:56:15 - [TEST_STEP][PASSED] - if (i == 4 &amp;&amp; wildList.indexOf(symbol) != -1): null

2019-08-24 12:56:15 - [TEST_STEP][PASSED] - symbol = symbol: null

2019-08-24 12:56:15 - [TEST_STEP][PASSED] - println(symbol): null

2019-08-24 12:56:15 - [TEST_STEP][PASSED] - if (i == 2 &amp;&amp; wildList.indexOf(symbol) != -1): null

2019-08-24 12:56:15 - [TEST_STEP][PASSED] - if (i == 3 &amp;&amp; wildList.indexOf(symbol) != -1): null

2019-08-24 12:56:15 - [TEST_STEP][PASSED] - if (i == 4 &amp;&amp; wildList.indexOf(symbol) != -1): null

2019-08-24 12:56:15 - [TEST_STEP][PASSED] - symbol = symbol: null

2019-08-24 12:56:15 - [TEST_STEP][PASSED] - println(symbol): null

2019-08-24 12:56:15 - [TEST_STEP][PASSED] - if (i == 2 &amp;&amp; wildList.indexOf(symbol) != -1): null

2019-08-24 12:56:15 - [TEST_STEP][PASSED] - if (i == 3 &amp;&amp; wildList.indexOf(symbol) != -1): null

2019-08-24 12:56:15 - [TEST_STEP][PASSED] - if (i == 4 &amp;&amp; wildList.indexOf(symbol) != -1): null

2019-08-24 12:56:15 - [TEST_STEP][PASSED] - symbols = symbols: null

2019-08-24 12:56:15 - [TEST_STEP][PASSED] - for ([j = 0, j &lt; symbols.size(), (j++)]): null

2019-08-24 12:56:15 - [TEST_STEP][PASSED] - symbol = symbol: null

2019-08-24 12:56:15 - [TEST_STEP][PASSED] - println(symbol): null

2019-08-24 12:56:15 - [TEST_STEP][PASSED] - if (i == 2 &amp;&amp; wildList.indexOf(symbol) != -1): null

2019-08-24 12:56:15 - [TEST_STEP][PASSED] - if (i == 3 &amp;&amp; wildList.indexOf(symbol) != -1): null

2019-08-24 12:56:15 - [TEST_STEP][PASSED] - if (i == 4 &amp;&amp; wildList.indexOf(symbol) != -1): null

2019-08-24 12:56:15 - [TEST_STEP][PASSED] - symbol = symbol: null

2019-08-24 12:56:15 - [TEST_STEP][PASSED] - println(symbol): null

2019-08-24 12:56:15 - [TEST_STEP][PASSED] - if (i == 2 &amp;&amp; wildList.indexOf(symbol) != -1): null

2019-08-24 12:56:15 - [TEST_STEP][PASSED] - if (i == 3 &amp;&amp; wildList.indexOf(symbol) != -1): null

2019-08-24 12:56:15 - [TEST_STEP][PASSED] - if (i == 4 &amp;&amp; wildList.indexOf(symbol) != -1): null

2019-08-24 12:56:15 - [TEST_STEP][PASSED] - symbol = symbol: null

2019-08-24 12:56:15 - [TEST_STEP][PASSED] - println(symbol): null

2019-08-24 12:56:15 - [TEST_STEP][PASSED] - if (i == 2 &amp;&amp; wildList.indexOf(symbol) != -1): null

2019-08-24 12:56:15 - [TEST_STEP][PASSED] - if (i == 3 &amp;&amp; wildList.indexOf(symbol) != -1): null

2019-08-24 12:56:15 - [TEST_STEP][PASSED] - if (i == 4 &amp;&amp; wildList.indexOf(symbol) != -1): null

2019-08-24 12:56:15 - [TEST_STEP][PASSED] - symbols = symbols: null

2019-08-24 12:56:15 - [TEST_STEP][PASSED] - for ([j = 0, j &lt; symbols.size(), (j++)]): null

2019-08-24 12:56:15 - [TEST_STEP][PASSED] - symbol = symbol: null

2019-08-24 12:56:15 - [TEST_STEP][PASSED] - println(symbol): null

2019-08-24 12:56:15 - [TEST_STEP][PASSED] - if (i == 2 &amp;&amp; wildList.indexOf(symbol) != -1): null

2019-08-24 12:56:15 - [TEST_STEP][PASSED] - if (i == 3 &amp;&amp; wildList.indexOf(symbol) != -1): null

2019-08-24 12:56:15 - [TEST_STEP][PASSED] - if (i == 4 &amp;&amp; wildList.indexOf(symbol) != -1): null

2019-08-24 12:56:15 - [TEST_STEP][PASSED] - symbol = symbol: null

2019-08-24 12:56:15 - [TEST_STEP][PASSED] - println(symbol): null

2019-08-24 12:56:15 - [TEST_STEP][PASSED] - if (i == 2 &amp;&amp; wildList.indexOf(symbol) != -1): null

2019-08-24 12:56:15 - [TEST_STEP][PASSED] - if (i == 3 &amp;&amp; wildList.indexOf(symbol) != -1): null

2019-08-24 12:56:15 - [TEST_STEP][PASSED] - if (i == 4 &amp;&amp; wildList.indexOf(symbol) != -1): null

2019-08-24 12:56:15 - [TEST_STEP][PASSED] - symbol = symbol: null

2019-08-24 12:56:15 - [TEST_STEP][PASSED] - println(symbol): null

2019-08-24 12:56:15 - [TEST_STEP][PASSED] - if (i == 2 &amp;&amp; wildList.indexOf(symbol) != -1): null

2019-08-24 12:56:15 - [TEST_STEP][PASSED] - if (i == 3 &amp;&amp; wildList.indexOf(symbol) != -1): null

2019-08-24 12:56:15 - [TEST_STEP][PASSED] - if (i == 4 &amp;&amp; wildList.indexOf(symbol) != -1): null

2019-08-24 12:56:15 - [TEST_STEP][PASSED] - free_spin_reel_counter = free_spin_reel_counter: null

2019-08-24 12:56:15 - [TEST_STEP][PASSED] - println("reel 3 wild found: " + free_spin_reel_counter[0]): null

2019-08-24 12:56:15 - [TEST_STEP][PASSED] - println("reel 4 wild found: " + free_spin_reel_counter[1]): null

2019-08-24 12:56:15 - [TEST_STEP][PASSED] - println("reel 5 wild found: " + free_spin_reel_counter[2]): null

2019-08-24 12:56:15 - [TEST_STEP][PASSED] - M4_spin_reels = M4_spin_reels: null

2019-08-24 12:56:15 - [TEST_STEP][PASSED] - M4_spin_reels_symbols = symbol: null

2019-08-24 12:56:15 - [TEST_STEP][PASSED] - M4_spin_reels_symbols = M4_spin_reels_symbols: null

2019-08-24 12:56:15 - [TEST_STEP][PASSED] - M4_spin_reel_wins = reel_wins: null

2019-08-24 12:56:15 - [TEST_STEP][PASSED] - M4_spin_reel_wins = M4_spin_reel_wins: null

2019-08-24 12:56:15 - [TEST_STEP][PASSED] - println("GlobalVariable.M4_spin_reel_wins is: " + M4_spin_reel_wins): null

2019-08-24 12:56:15 - [TEST_STEP][PASSED] - M4_spin_total_bonus_win_this_round = total_bonus_win_this_round: null

2019-08-24 12:56:15 - [TEST_STEP][PASSED] - M4_spin_total_bonus_win_this_round = M4_spin_total_bonus_win_this_round: null

2019-08-24 12:56:15 - [TEST_STEP][PASSED] - println("GlobalVariable.M4_spin_total_bonus_win_this_round is: " + M4_spin_total_bonus_win_this_round): null

2019-08-24 12:56:15 - [TEST_STEP][PASSED] - M4_spin_bonus_spin_result = spin_result: null

2019-08-24 12:56:15 - [TEST_STEP][PASSED] - M4_spin_bonus_spin_result = M4_spin_bonus_spin_result: null

2019-08-24 12:56:15 - [MESSAGE][PASSED] - Verify response successfully

2019-08-24 12:56:15 - [MESSAGE][PASSED] - Send request and verify the response successfully

2019-08-24 12:56:15 - [TEST_STEP][PASSED] - if (M4_total_bonus_spins_int != 0 &amp;&amp; M4_spin_reels_symbols[2].contains("WILD_Double") || M4_spin_reels_symbols[4].contains("WILD_Triple")): null

2019-08-24 12:56:15 - [TEST_STEP][PASSED] - free_spin_reel_counter = free_spin_reel_counter: null

2019-08-24 12:56:15 - [TEST_STEP][PASSED] - M4_spin_reels_symbols = M4_spin_reels_symbols: null

2019-08-24 12:56:19 - [TEST_STEP][PASSED] - M4_total_bonus_spins = M4_total_bonus_spins: null

2019-08-24 12:56:19 - [TEST_STEP][PASSED] - spin_result = sendRequestAndVerify(findTestObject("INT/RGS(M4)/1_M4_spin", ["M4_login_user_id":M4_login_user_id, "rgs_session_token":rgs_session_token, "partner":Partner])): Send request and verify the response successfully

2019-08-24 12:56:19 - [MESSAGE][INFO] - HAR: /Users/eiralee/Katalon_Script/SuperWild/Reports/20190824_124242/INT/superWild_4/20190824_124242/requests/main/241.har

2019-08-24 12:56:19 - [TEST_CASE][PASSED] - Start Test Case : Verification: Verification accomplished successfully

2019-08-24 12:56:20 - [TEST_STEP][PASSED] - request = getInstance().getCurrentRequest(): null

2019-08-24 12:56:20 - [TEST_STEP][PASSED] - response = getInstance().getCurrentResponse(): null

2019-08-24 12:56:20 - [TEST_STEP][PASSED] - verifyResponseStatusCode(response, 200): Verify response status code successfully

2019-08-24 12:56:20 - [MESSAGE][PASSED] - Verify response status code successfully

2019-08-24 12:56:20 - [TEST_STEP][PASSED] - getStatusCode()).isEqualTo(200): null

2019-08-24 12:56:20 - [TEST_STEP][PASSED] - newline = System.getProperty("line.separator"): null

2019-08-24 12:56:20 - [TEST_STEP][PASSED] - M4_spin = new groovy.json.JsonSlurper(): null

2019-08-24 12:56:20 - [TEST_STEP][PASSED] - result_M4_spin = M4_spin.parseText(response.getResponseBodyContent()): null

2019-08-24 12:56:22 - [TEST_STEP][PASSED] - M4_spin_current_balance = current_balance: null

2019-08-24 12:56:22 - [TEST_STEP][PASSED] - M4_spin_current_balance = M4_spin_current_balance: null

2019-08-24 12:56:22 - [TEST_STEP][PASSED] - M4_spin_transaction_id = causality: null

2019-08-24 12:56:22 - [TEST_STEP][PASSED] - M4_spin_transaction_id = M4_spin_transaction_id: null

2019-08-24 12:56:22 - [TEST_STEP][PASSED] - M4_spin_round_id = round_id: null

2019-08-24 12:56:22 - [TEST_STEP][PASSED] - M4_spin_round_id = M4_spin_round_id: null

2019-08-24 12:56:22 - [TEST_STEP][PASSED] - M4_spin_line_wins = line_wins: null

2019-08-24 12:56:22 - [TEST_STEP][PASSED] - M4_spin_line_wins = M4_spin_line_wins: null

2019-08-24 12:56:22 - [TEST_STEP][PASSED] - M4_total_bonus_spins_int = total_bonus_spins: null

2019-08-24 12:56:22 - [TEST_STEP][PASSED] - println("******M4_total_bonus_spins type is:*******" + newline + getClass().getName()): null

2019-08-24 12:56:22 - [TEST_STEP][PASSED] - M4_total_bonus_spins_int = M4_total_bonus_spins_int: null

2019-08-24 12:56:22 - [TEST_STEP][PASSED] - M4_total_bonus_spins = Integer.toString(M4_total_bonus_spins_int): null

2019-08-24 12:56:22 - [TEST_STEP][PASSED] - M4_total_bonus_spins = M4_total_bonus_spins: null

2019-08-24 12:56:22 - [TEST_STEP][PASSED] - println("M4_total_bonus_spins is:" + M4_total_bonus_spins): null

2019-08-24 12:56:22 - [TEST_STEP][PASSED] - M4_spin_bonus_data = bonus_data: null

2019-08-24 12:56:22 - [TEST_STEP][PASSED] - M4_spin_features_triggered = result_M4_spin: null

2019-08-24 12:56:22 - [TEST_STEP][PASSED] - wild = []: null

2019-08-24 12:56:22 - [TEST_STEP][PASSED] - wild[0] = "WILD_Expanding": null

2019-08-24 12:56:22 - [TEST_STEP][PASSED] - wild[1] = "WILD_Normal": null

2019-08-24 12:56:22 - [TEST_STEP][PASSED] - wild[2] = "WILD_Double": null

2019-08-24 12:56:22 - [TEST_STEP][PASSED] - wild[3] = "WILD_ExtraFG": null

2019-08-24 12:56:22 - [TEST_STEP][PASSED] - wild[4] = "WILD_Triple": null

2019-08-24 12:56:22 - [TEST_STEP][PASSED] - wildList = Arrays.asList(wild): null

2019-08-24 12:56:22 - [TEST_STEP][PASSED] - wildList = wildList: null

2019-08-24 12:56:22 - [TEST_STEP][PASSED] - free_spin_reel_counter = []: null

2019-08-24 12:56:22 - [TEST_STEP][PASSED] - free_spin_reel_counter[0] = 0: null

2019-08-24 12:56:22 - [TEST_STEP][PASSED] - free_spin_reel_counter[1] = 0: null

2019-08-24 12:56:22 - [TEST_STEP][PASSED] - free_spin_reel_counter[2] = 0: null

2019-08-24 12:56:22 - [TEST_STEP][PASSED] - M4_spin_reels = reels: null

2019-08-24 12:56:22 - [TEST_STEP][PASSED] - for ([i = 0, i &lt; M4_spin_reels.size(), (i++)]): null

2019-08-24 12:56:22 - [TEST_STEP][PASSED] - symbols = symbols: null

2019-08-24 12:56:22 - [TEST_STEP][PASSED] - for ([j = 0, j &lt; symbols.size(), (j++)]): null

2019-08-24 12:56:22 - [TEST_STEP][PASSED] - symbol = symbol: null

2019-08-24 12:56:22 - [TEST_STEP][PASSED] - println(symbol): null

2019-08-24 12:56:22 - [TEST_STEP][PASSED] - if (i == 2 &amp;&amp; wildList.indexOf(symbol) != -1): null

2019-08-24 12:56:22 - [TEST_STEP][PASSED] - if (i == 3 &amp;&amp; wildList.indexOf(symbol) != -1): null

2019-08-24 12:56:22 - [TEST_STEP][PASSED] - if (i == 4 &amp;&amp; wildList.indexOf(symbol) != -1): null

2019-08-24 12:56:22 - [TEST_STEP][PASSED] - symbol = symbol: null

2019-08-24 12:56:22 - [TEST_STEP][PASSED] - println(symbol): null

2019-08-24 12:56:22 - [TEST_STEP][PASSED] - if (i == 2 &amp;&amp; wildList.indexOf(symbol) != -1): null

2019-08-24 12:56:22 - [TEST_STEP][PASSED] - if (i == 3 &amp;&amp; wildList.indexOf(symbol) != -1): null

2019-08-24 12:56:22 - [TEST_STEP][PASSED] - if (i == 4 &amp;&amp; wildList.indexOf(symbol) != -1): null

2019-08-24 12:56:22 - [TEST_STEP][PASSED] - symbol = symbol: null

2019-08-24 12:56:22 - [TEST_STEP][PASSED] - println(symbol): null

2019-08-24 12:56:22 - [TEST_STEP][PASSED] - if (i == 2 &amp;&amp; wildList.indexOf(symbol) != -1): null

2019-08-24 12:56:22 - [TEST_STEP][PASSED] - if (i == 3 &amp;&amp; wildList.indexOf(symbol) != -1): null

2019-08-24 12:56:22 - [TEST_STEP][PASSED] - if (i == 4 &amp;&amp; wildList.indexOf(symbol) != -1): null

2019-08-24 12:56:22 - [TEST_STEP][PASSED] - symbols = symbols: null

2019-08-24 12:56:22 - [TEST_STEP][PASSED] - for ([j = 0, j &lt; symbols.size(), (j++)]): null

2019-08-24 12:56:22 - [TEST_STEP][PASSED] - symbol = symbol: null

2019-08-24 12:56:22 - [TEST_STEP][PASSED] - println(symbol): null

2019-08-24 12:56:22 - [TEST_STEP][PASSED] - if (i == 2 &amp;&amp; wildList.indexOf(symbol) != -1): null

2019-08-24 12:56:22 - [TEST_STEP][PASSED] - if (i == 3 &amp;&amp; wildList.indexOf(symbol) != -1): null

2019-08-24 12:56:22 - [TEST_STEP][PASSED] - if (i == 4 &amp;&amp; wildList.indexOf(symbol) != -1): null

2019-08-24 12:56:22 - [TEST_STEP][PASSED] - symbol = symbol: null

2019-08-24 12:56:22 - [TEST_STEP][PASSED] - println(symbol): null

2019-08-24 12:56:22 - [TEST_STEP][PASSED] - if (i == 2 &amp;&amp; wildList.indexOf(symbol) != -1): null

2019-08-24 12:56:22 - [TEST_STEP][PASSED] - if (i == 3 &amp;&amp; wildList.indexOf(symbol) != -1): null

2019-08-24 12:56:22 - [TEST_STEP][PASSED] - if (i == 4 &amp;&amp; wildList.indexOf(symbol) != -1): null

2019-08-24 12:56:22 - [TEST_STEP][PASSED] - symbol = symbol: null

2019-08-24 12:56:22 - [TEST_STEP][PASSED] - println(symbol): null

2019-08-24 12:56:22 - [TEST_STEP][PASSED] - if (i == 2 &amp;&amp; wildList.indexOf(symbol) != -1): null

2019-08-24 12:56:22 - [TEST_STEP][PASSED] - if (i == 3 &amp;&amp; wildList.indexOf(symbol) != -1): null

2019-08-24 12:56:22 - [TEST_STEP][PASSED] - if (i == 4 &amp;&amp; wildList.indexOf(symbol) != -1): null

2019-08-24 12:56:22 - [TEST_STEP][PASSED] - symbols = symbols: null

2019-08-24 12:56:22 - [TEST_STEP][PASSED] - for ([j = 0, j &lt; symbols.size(), (j++)]): null

2019-08-24 12:56:22 - [TEST_STEP][PASSED] - symbol = symbol: null

2019-08-24 12:56:22 - [TEST_STEP][PASSED] - println(symbol): null

2019-08-24 12:56:22 - [TEST_STEP][PASSED] - if (i == 2 &amp;&amp; wildList.indexOf(symbol) != -1): null

2019-08-24 12:56:22 - [TEST_STEP][PASSED] - if (i == 3 &amp;&amp; wildList.indexOf(symbol) != -1): null

2019-08-24 12:56:22 - [TEST_STEP][PASSED] - if (i == 4 &amp;&amp; wildList.indexOf(symbol) != -1): null

2019-08-24 12:56:22 - [TEST_STEP][PASSED] - symbol = symbol: null

2019-08-24 12:56:22 - [TEST_STEP][PASSED] - println(symbol): null

2019-08-24 12:56:22 - [TEST_STEP][PASSED] - if (i == 2 &amp;&amp; wildList.indexOf(symbol) != -1): null

2019-08-24 12:56:22 - [TEST_STEP][PASSED] - println("wild found on reel 3, adding counter by 1"): null

2019-08-24 12:56:22 - [TEST_STEP][PASSED] - free_spin_reel_counter[0] = free_spin_reel_counter[0] + 1: null

2019-08-24 12:56:22 - [TEST_STEP][PASSED] - if (i == 3 &amp;&amp; wildList.indexOf(symbol) != -1): null

2019-08-24 12:56:22 - [TEST_STEP][PASSED] - if (i == 4 &amp;&amp; wildList.indexOf(symbol) != -1): null

2019-08-24 12:56:22 - [TEST_STEP][PASSED] - symbol = symbol: null

2019-08-24 12:56:22 - [TEST_STEP][PASSED] - println(symbol): null

2019-08-24 12:56:22 - [TEST_STEP][PASSED] - if (i == 2 &amp;&amp; wildList.indexOf(symbol) != -1): null

2019-08-24 12:56:22 - [TEST_STEP][PASSED] - if (i == 3 &amp;&amp; wildList.indexOf(symbol) != -1): null

2019-08-24 12:56:22 - [TEST_STEP][PASSED] - if (i == 4 &amp;&amp; wildList.indexOf(symbol) != -1): null

2019-08-24 12:56:22 - [TEST_STEP][PASSED] - symbols = symbols: null

2019-08-24 12:56:22 - [TEST_STEP][PASSED] - for ([j = 0, j &lt; symbols.size(), (j++)]): null

2019-08-24 12:56:22 - [TEST_STEP][PASSED] - symbol = symbol: null

2019-08-24 12:56:22 - [TEST_STEP][PASSED] - println(symbol): null

2019-08-24 12:56:22 - [TEST_STEP][PASSED] - if (i == 2 &amp;&amp; wildList.indexOf(symbol) != -1): null

2019-08-24 12:56:22 - [TEST_STEP][PASSED] - if (i == 3 &amp;&amp; wildList.indexOf(symbol) != -1): null

2019-08-24 12:56:22 - [TEST_STEP][PASSED] - if (i == 4 &amp;&amp; wildList.indexOf(symbol) != -1): null

2019-08-24 12:56:22 - [TEST_STEP][PASSED] - symbol = symbol: null

2019-08-24 12:56:22 - [TEST_STEP][PASSED] - println(symbol): null

2019-08-24 12:56:22 - [TEST_STEP][PASSED] - if (i == 2 &amp;&amp; wildList.indexOf(symbol) != -1): null

2019-08-24 12:56:22 - [TEST_STEP][PASSED] - if (i == 3 &amp;&amp; wildList.indexOf(symbol) != -1): null

2019-08-24 12:56:22 - [TEST_STEP][PASSED] - if (i == 4 &amp;&amp; wildList.indexOf(symbol) != -1): null

2019-08-24 12:56:22 - [TEST_STEP][PASSED] - symbol = symbol: null

2019-08-24 12:56:22 - [TEST_STEP][PASSED] - println(symbol): null

2019-08-24 12:56:22 - [TEST_STEP][PASSED] - if (i == 2 &amp;&amp; wildList.indexOf(symbol) != -1): null

2019-08-24 12:56:22 - [TEST_STEP][PASSED] - if (i == 3 &amp;&amp; wildList.indexOf(symbol) != -1): null

2019-08-24 12:56:22 - [TEST_STEP][PASSED] - if (i == 4 &amp;&amp; wildList.indexOf(symbol) != -1): null

2019-08-24 12:56:22 - [TEST_STEP][PASSED] - symbols = symbols: null

2019-08-24 12:56:22 - [TEST_STEP][PASSED] - for ([j = 0, j &lt; symbols.size(), (j++)]): null

2019-08-24 12:56:22 - [TEST_STEP][PASSED] - symbol = symbol: null

2019-08-24 12:56:22 - [TEST_STEP][PASSED] - println(symbol): null

2019-08-24 12:56:22 - [TEST_STEP][PASSED] - if (i == 2 &amp;&amp; wildList.indexOf(symbol) != -1): null

2019-08-24 12:56:22 - [TEST_STEP][PASSED] - if (i == 3 &amp;&amp; wildList.indexOf(symbol) != -1): null

2019-08-24 12:56:22 - [TEST_STEP][PASSED] - if (i == 4 &amp;&amp; wildList.indexOf(symbol) != -1): null

2019-08-24 12:56:22 - [TEST_STEP][PASSED] - symbol = symbol: null

2019-08-24 12:56:22 - [TEST_STEP][PASSED] - println(symbol): null

2019-08-24 12:56:22 - [TEST_STEP][PASSED] - if (i == 2 &amp;&amp; wildList.indexOf(symbol) != -1): null

2019-08-24 12:56:22 - [TEST_STEP][PASSED] - if (i == 3 &amp;&amp; wildList.indexOf(symbol) != -1): null

2019-08-24 12:56:22 - [TEST_STEP][PASSED] - if (i == 4 &amp;&amp; wildList.indexOf(symbol) != -1): null

2019-08-24 12:56:22 - [TEST_STEP][PASSED] - symbol = symbol: null

2019-08-24 12:56:22 - [TEST_STEP][PASSED] - println(symbol): null

2019-08-24 12:56:22 - [TEST_STEP][PASSED] - if (i == 2 &amp;&amp; wildList.indexOf(symbol) != -1): null

2019-08-24 12:56:22 - [TEST_STEP][PASSED] - if (i == 3 &amp;&amp; wildList.indexOf(symbol) != -1): null

2019-08-24 12:56:22 - [TEST_STEP][PASSED] - if (i == 4 &amp;&amp; wildList.indexOf(symbol) != -1): null

2019-08-24 12:56:22 - [TEST_STEP][PASSED] - free_spin_reel_counter = free_spin_reel_counter: null

2019-08-24 12:56:22 - [TEST_STEP][PASSED] - println("reel 3 wild found: " + free_spin_reel_counter[0]): null

2019-08-24 12:56:22 - [TEST_STEP][PASSED] - println("reel 4 wild found: " + free_spin_reel_counter[1]): null

2019-08-24 12:56:22 - [TEST_STEP][PASSED] - println("reel 5 wild found: " + free_spin_reel_counter[2]): null

2019-08-24 12:56:22 - [TEST_STEP][PASSED] - M4_spin_reels = M4_spin_reels: null

2019-08-24 12:56:22 - [TEST_STEP][PASSED] - M4_spin_reels_symbols = symbol: null

2019-08-24 12:56:22 - [TEST_STEP][PASSED] - M4_spin_reels_symbols = M4_spin_reels_symbols: null

2019-08-24 12:56:22 - [TEST_STEP][PASSED] - M4_spin_reel_wins = reel_wins: null

2019-08-24 12:56:22 - [TEST_STEP][PASSED] - M4_spin_reel_wins = M4_spin_reel_wins: null

2019-08-24 12:56:22 - [TEST_STEP][PASSED] - println("GlobalVariable.M4_spin_reel_wins is: " + M4_spin_reel_wins): null

2019-08-24 12:56:22 - [TEST_STEP][PASSED] - M4_spin_total_bonus_win_this_round = total_bonus_win_this_round: null

2019-08-24 12:56:22 - [TEST_STEP][PASSED] - M4_spin_total_bonus_win_this_round = M4_spin_total_bonus_win_this_round: null

2019-08-24 12:56:22 - [TEST_STEP][PASSED] - println("GlobalVariable.M4_spin_total_bonus_win_this_round is: " + M4_spin_total_bonus_win_this_round): null

2019-08-24 12:56:22 - [TEST_STEP][PASSED] - M4_spin_bonus_spin_result = spin_result: null

2019-08-24 12:56:22 - [TEST_STEP][PASSED] - M4_spin_bonus_spin_result = M4_spin_bonus_spin_result: null

2019-08-24 12:56:22 - [MESSAGE][PASSED] - Verify response successfully

2019-08-24 12:56:22 - [MESSAGE][PASSED] - Send request and verify the response successfully

2019-08-24 12:56:22 - [TEST_STEP][PASSED] - if (M4_total_bonus_spins_int != 0 &amp;&amp; M4_spin_reels_symbols[2].contains("WILD_Double") || M4_spin_reels_symbols[4].contains("WILD_Triple")): null

2019-08-24 12:56:22 - [TEST_STEP][PASSED] - free_spin_reel_counter = free_spin_reel_counter: null

2019-08-24 12:56:22 - [TEST_STEP][PASSED] - M4_spin_reels_symbols = M4_spin_reels_symbols: null

2019-08-24 12:56:22 - [TEST_STEP][PASSED] - M4_total_bonus_spins = M4_total_bonus_spins: null

2019-08-24 12:56:22 - [TEST_STEP][PASSED] - spin_result = sendRequestAndVerify(findTestObject("INT/RGS(M4)/1_M4_spin", ["M4_login_user_id":M4_login_user_id, "rgs_session_token":rgs_session_token, "partner":Partner])): Send request and verify the response successfully

2019-08-24 12:56:22 - [MESSAGE][INFO] - HAR: /Users/eiralee/Katalon_Script/SuperWild/Reports/20190824_124242/INT/superWild_4/20190824_124242/requests/main/242.har

2019-08-24 12:56:22 - [TEST_CASE][PASSED] - Start Test Case : Verification: Verification accomplished successfully

2019-08-24 12:56:22 - [TEST_STEP][PASSED] - request = getInstance().getCurrentRequest(): null

2019-08-24 12:56:22 - [TEST_STEP][PASSED] - response = getInstance().getCurrentResponse(): null

2019-08-24 12:56:22 - [TEST_STEP][PASSED] - verifyResponseStatusCode(response, 200): Verify response status code successfully

2019-08-24 12:56:22 - [MESSAGE][PASSED] - Verify response status code successfully

2019-08-24 12:56:22 - [TEST_STEP][PASSED] - getStatusCode()).isEqualTo(200): null

2019-08-24 12:56:22 - [TEST_STEP][PASSED] - newline = System.getProperty("line.separator"): null

2019-08-24 12:56:22 - [TEST_STEP][PASSED] - M4_spin = new groovy.json.JsonSlurper(): null

2019-08-24 12:56:22 - [TEST_STEP][PASSED] - result_M4_spin = M4_spin.parseText(response.getResponseBodyContent()): null

2019-08-24 12:56:22 - [TEST_STEP][PASSED] - M4_spin_current_balance = current_balance: null

2019-08-24 12:56:22 - [TEST_STEP][PASSED] - M4_spin_current_balance = M4_spin_current_balance: null

2019-08-24 12:56:22 - [TEST_STEP][PASSED] - M4_spin_transaction_id = causality: null

2019-08-24 12:56:22 - [TEST_STEP][PASSED] - M4_spin_transaction_id = M4_spin_transaction_id: null

2019-08-24 12:56:22 - [TEST_STEP][PASSED] - M4_spin_round_id = round_id: null

2019-08-24 12:56:22 - [TEST_STEP][PASSED] - M4_spin_round_id = M4_spin_round_id: null

2019-08-24 12:56:22 - [TEST_STEP][PASSED] - M4_spin_line_wins = line_wins: null

2019-08-24 12:56:22 - [TEST_STEP][PASSED] - M4_spin_line_wins = M4_spin_line_wins: null

2019-08-24 12:56:22 - [TEST_STEP][PASSED] - M4_total_bonus_spins_int = total_bonus_spins: null

2019-08-24 12:56:22 - [TEST_STEP][PASSED] - println("******M4_total_bonus_spins type is:*******" + newline + getClass().getName()): null

2019-08-24 12:56:22 - [TEST_STEP][PASSED] - M4_total_bonus_spins_int = M4_total_bonus_spins_int: null

2019-08-24 12:56:22 - [TEST_STEP][PASSED] - M4_total_bonus_spins = Integer.toString(M4_total_bonus_spins_int): null

2019-08-24 12:56:22 - [TEST_STEP][PASSED] - M4_total_bonus_spins = M4_total_bonus_spins: null

2019-08-24 12:56:22 - [TEST_STEP][PASSED] - println("M4_total_bonus_spins is:" + M4_total_bonus_spins): null

2019-08-24 12:56:22 - [TEST_STEP][PASSED] - M4_spin_bonus_data = bonus_data: null

2019-08-24 12:56:22 - [TEST_STEP][PASSED] - M4_spin_features_triggered = result_M4_spin: null

2019-08-24 12:56:22 - [TEST_STEP][PASSED] - wild = []: null

2019-08-24 12:56:22 - [TEST_STEP][PASSED] - wild[0] = "WILD_Expanding": null

2019-08-24 12:56:22 - [TEST_STEP][PASSED] - wild[1] = "WILD_Normal": null

2019-08-24 12:56:22 - [TEST_STEP][PASSED] - wild[2] = "WILD_Double": null

2019-08-24 12:56:22 - [TEST_STEP][PASSED] - wild[3] = "WILD_ExtraFG": null

2019-08-24 12:56:22 - [TEST_STEP][PASSED] - wild[4] = "WILD_Triple": null

2019-08-24 12:56:22 - [TEST_STEP][PASSED] - wildList = Arrays.asList(wild): null

2019-08-24 12:56:22 - [TEST_STEP][PASSED] - wildList = wildList: null

2019-08-24 12:56:22 - [TEST_STEP][PASSED] - free_spin_reel_counter = []: null

2019-08-24 12:56:22 - [TEST_STEP][PASSED] - free_spin_reel_counter[0] = 0: null

2019-08-24 12:56:22 - [TEST_STEP][PASSED] - free_spin_reel_counter[1] = 0: null

2019-08-24 12:56:22 - [TEST_STEP][PASSED] - free_spin_reel_counter[2] = 0: null

2019-08-24 12:56:22 - [TEST_STEP][PASSED] - M4_spin_reels = reels: null

2019-08-24 12:56:22 - [TEST_STEP][PASSED] - for ([i = 0, i &lt; M4_spin_reels.size(), (i++)]): null

2019-08-24 12:56:22 - [TEST_STEP][PASSED] - symbols = symbols: null

2019-08-24 12:56:22 - [TEST_STEP][PASSED] - for ([j = 0, j &lt; symbols.size(), (j++)]): null

2019-08-24 12:56:22 - [TEST_STEP][PASSED] - symbol = symbol: null

2019-08-24 12:56:22 - [TEST_STEP][PASSED] - println(symbol): null

2019-08-24 12:56:22 - [TEST_STEP][PASSED] - if (i == 2 &amp;&amp; wildList.indexOf(symbol) != -1): null

2019-08-24 12:56:22 - [TEST_STEP][PASSED] - if (i == 3 &amp;&amp; wildList.indexOf(symbol) != -1): null

2019-08-24 12:56:22 - [TEST_STEP][PASSED] - if (i == 4 &amp;&amp; wildList.indexOf(symbol) != -1): null

2019-08-24 12:56:22 - [TEST_STEP][PASSED] - symbol = symbol: null

2019-08-24 12:56:22 - [TEST_STEP][PASSED] - println(symbol): null

2019-08-24 12:56:22 - [TEST_STEP][PASSED] - if (i == 2 &amp;&amp; wildList.indexOf(symbol) != -1): null

2019-08-24 12:56:22 - [TEST_STEP][PASSED] - if (i == 3 &amp;&amp; wildList.indexOf(symbol) != -1): null

2019-08-24 12:56:22 - [TEST_STEP][PASSED] - if (i == 4 &amp;&amp; wildList.indexOf(symbol) != -1): null

2019-08-24 12:56:22 - [TEST_STEP][PASSED] - symbol = symbol: null

2019-08-24 12:56:22 - [TEST_STEP][PASSED] - println(symbol): null

2019-08-24 12:56:22 - [TEST_STEP][PASSED] - if (i == 2 &amp;&amp; wildList.indexOf(symbol) != -1): null

2019-08-24 12:56:22 - [TEST_STEP][PASSED] - if (i == 3 &amp;&amp; wildList.indexOf(symbol) != -1): null

2019-08-24 12:56:22 - [TEST_STEP][PASSED] - if (i == 4 &amp;&amp; wildList.indexOf(symbol) != -1): null

2019-08-24 12:56:22 - [TEST_STEP][PASSED] - symbols = symbols: null

2019-08-24 12:56:22 - [TEST_STEP][PASSED] - for ([j = 0, j &lt; symbols.size(), (j++)]): null

2019-08-24 12:56:22 - [TEST_STEP][PASSED] - symbol = symbol: null

2019-08-24 12:56:22 - [TEST_STEP][PASSED] - println(symbol): null

2019-08-24 12:56:22 - [TEST_STEP][PASSED] - if (i == 2 &amp;&amp; wildList.indexOf(symbol) != -1): null

2019-08-24 12:56:22 - [TEST_STEP][PASSED] - if (i == 3 &amp;&amp; wildList.indexOf(symbol) != -1): null

2019-08-24 12:56:22 - [TEST_STEP][PASSED] - if (i == 4 &amp;&amp; wildList.indexOf(symbol) != -1): null

2019-08-24 12:56:22 - [TEST_STEP][PASSED] - symbol = symbol: null

2019-08-24 12:56:22 - [TEST_STEP][PASSED] - println(symbol): null

2019-08-24 12:56:22 - [TEST_STEP][PASSED] - if (i == 2 &amp;&amp; wildList.indexOf(symbol) != -1): null

2019-08-24 12:56:22 - [TEST_STEP][PASSED] - if (i == 3 &amp;&amp; wildList.indexOf(symbol) != -1): null

2019-08-24 12:56:22 - [TEST_STEP][PASSED] - if (i == 4 &amp;&amp; wildList.indexOf(symbol) != -1): null

2019-08-24 12:56:22 - [TEST_STEP][PASSED] - symbol = symbol: null

2019-08-24 12:56:22 - [TEST_STEP][PASSED] - println(symbol): null

2019-08-24 12:56:22 - [TEST_STEP][PASSED] - if (i == 2 &amp;&amp; wildList.indexOf(symbol) != -1): null

2019-08-24 12:56:22 - [TEST_STEP][PASSED] - if (i == 3 &amp;&amp; wildList.indexOf(symbol) != -1): null

2019-08-24 12:56:22 - [TEST_STEP][PASSED] - if (i == 4 &amp;&amp; wildList.indexOf(symbol) != -1): null

2019-08-24 12:56:22 - [TEST_STEP][PASSED] - symbols = symbols: null

2019-08-24 12:56:22 - [TEST_STEP][PASSED] - for ([j = 0, j &lt; symbols.size(), (j++)]): null

2019-08-24 12:56:22 - [TEST_STEP][PASSED] - symbol = symbol: null

2019-08-24 12:56:22 - [TEST_STEP][PASSED] - println(symbol): null

2019-08-24 12:56:22 - [TEST_STEP][PASSED] - if (i == 2 &amp;&amp; wildList.indexOf(symbol) != -1): null

2019-08-24 12:56:22 - [TEST_STEP][PASSED] - if (i == 3 &amp;&amp; wildList.indexOf(symbol) != -1): null

2019-08-24 12:56:22 - [TEST_STEP][PASSED] - if (i == 4 &amp;&amp; wildList.indexOf(symbol) != -1): null

2019-08-24 12:56:22 - [TEST_STEP][PASSED] - symbol = symbol: null

2019-08-24 12:56:22 - [TEST_STEP][PASSED] - println(symbol): null

2019-08-24 12:56:22 - [TEST_STEP][PASSED] - if (i == 2 &amp;&amp; wildList.indexOf(symbol) != -1): null

2019-08-24 12:56:22 - [TEST_STEP][PASSED] - if (i == 3 &amp;&amp; wildList.indexOf(symbol) != -1): null

2019-08-24 12:56:22 - [TEST_STEP][PASSED] - if (i == 4 &amp;&amp; wildList.indexOf(symbol) != -1): null

2019-08-24 12:56:22 - [TEST_STEP][PASSED] - symbol = symbol: null

2019-08-24 12:56:22 - [TEST_STEP][PASSED] - println(symbol): null

2019-08-24 12:56:22 - [TEST_STEP][PASSED] - if (i == 2 &amp;&amp; wildList.indexOf(symbol) != -1): null

2019-08-24 12:56:22 - [TEST_STEP][PASSED] - if (i == 3 &amp;&amp; wildList.indexOf(symbol) != -1): null

2019-08-24 12:56:22 - [TEST_STEP][PASSED] - if (i == 4 &amp;&amp; wildList.indexOf(symbol) != -1): null

2019-08-24 12:56:22 - [TEST_STEP][PASSED] - symbols = symbols: null

2019-08-24 12:56:22 - [TEST_STEP][PASSED] - for ([j = 0, j &lt; symbols.size(), (j++)]): null

2019-08-24 12:56:22 - [TEST_STEP][PASSED] - symbol = symbol: null

2019-08-24 12:56:22 - [TEST_STEP][PASSED] - println(symbol): null

2019-08-24 12:56:22 - [TEST_STEP][PASSED] - if (i == 2 &amp;&amp; wildList.indexOf(symbol) != -1): null

2019-08-24 12:56:22 - [TEST_STEP][PASSED] - if (i == 3 &amp;&amp; wildList.indexOf(symbol) != -1): null

2019-08-24 12:56:22 - [TEST_STEP][PASSED] - if (i == 4 &amp;&amp; wildList.indexOf(symbol) != -1): null

2019-08-24 12:56:22 - [TEST_STEP][PASSED] - symbol = symbol: null

2019-08-24 12:56:22 - [TEST_STEP][PASSED] - println(symbol): null

2019-08-24 12:56:22 - [TEST_STEP][PASSED] - if (i == 2 &amp;&amp; wildList.indexOf(symbol) != -1): null

2019-08-24 12:56:22 - [TEST_STEP][PASSED] - if (i == 3 &amp;&amp; wildList.indexOf(symbol) != -1): null

2019-08-24 12:56:22 - [TEST_STEP][PASSED] - if (i == 4 &amp;&amp; wildList.indexOf(symbol) != -1): null

2019-08-24 12:56:22 - [TEST_STEP][PASSED] - symbol = symbol: null

2019-08-24 12:56:22 - [TEST_STEP][PASSED] - println(symbol): null

2019-08-24 12:56:22 - [TEST_STEP][PASSED] - if (i == 2 &amp;&amp; wildList.indexOf(symbol) != -1): null

2019-08-24 12:56:22 - [TEST_STEP][PASSED] - if (i == 3 &amp;&amp; wildList.indexOf(symbol) != -1): null

2019-08-24 12:56:22 - [TEST_STEP][PASSED] - if (i == 4 &amp;&amp; wildList.indexOf(symbol) != -1): null

2019-08-24 12:56:22 - [TEST_STEP][PASSED] - symbols = symbols: null

2019-08-24 12:56:22 - [TEST_STEP][PASSED] - for ([j = 0, j &lt; symbols.size(), (j++)]): null

2019-08-24 12:56:22 - [TEST_STEP][PASSED] - symbol = symbol: null

2019-08-24 12:56:22 - [TEST_STEP][PASSED] - println(symbol): null

2019-08-24 12:56:22 - [TEST_STEP][PASSED] - if (i == 2 &amp;&amp; wildList.indexOf(symbol) != -1): null

2019-08-24 12:56:22 - [TEST_STEP][PASSED] - if (i == 3 &amp;&amp; wildList.indexOf(symbol) != -1): null

2019-08-24 12:56:22 - [TEST_STEP][PASSED] - if (i == 4 &amp;&amp; wildList.indexOf(symbol) != -1): null

2019-08-24 12:56:22 - [TEST_STEP][PASSED] - symbol = symbol: null

2019-08-24 12:56:22 - [TEST_STEP][PASSED] - println(symbol): null

2019-08-24 12:56:22 - [TEST_STEP][PASSED] - if (i == 2 &amp;&amp; wildList.indexOf(symbol) != -1): null

2019-08-24 12:56:22 - [TEST_STEP][PASSED] - if (i == 3 &amp;&amp; wildList.indexOf(symbol) != -1): null

2019-08-24 12:56:22 - [TEST_STEP][PASSED] - if (i == 4 &amp;&amp; wildList.indexOf(symbol) != -1): null

2019-08-24 12:56:22 - [TEST_STEP][PASSED] - symbol = symbol: null

2019-08-24 12:56:22 - [TEST_STEP][PASSED] - println(symbol): null

2019-08-24 12:56:22 - [TEST_STEP][PASSED] - if (i == 2 &amp;&amp; wildList.indexOf(symbol) != -1): null

2019-08-24 12:56:22 - [TEST_STEP][PASSED] - if (i == 3 &amp;&amp; wildList.indexOf(symbol) != -1): null

2019-08-24 12:56:22 - [TEST_STEP][PASSED] - if (i == 4 &amp;&amp; wildList.indexOf(symbol) != -1): null

2019-08-24 12:56:22 - [TEST_STEP][PASSED] - free_spin_reel_counter = free_spin_reel_counter: null

2019-08-24 12:56:22 - [TEST_STEP][PASSED] - println("reel 3 wild found: " + free_spin_reel_counter[0]): null

2019-08-24 12:56:22 - [TEST_STEP][PASSED] - println("reel 4 wild found: " + free_spin_reel_counter[1]): null

2019-08-24 12:56:22 - [TEST_STEP][PASSED] - println("reel 5 wild found: " + free_spin_reel_counter[2]): null

2019-08-24 12:56:22 - [TEST_STEP][PASSED] - M4_spin_reels = M4_spin_reels: null

2019-08-24 12:56:22 - [TEST_STEP][PASSED] - M4_spin_reels_symbols = symbol: null

2019-08-24 12:56:22 - [TEST_STEP][PASSED] - M4_spin_reels_symbols = M4_spin_reels_symbols: null

2019-08-24 12:56:22 - [TEST_STEP][PASSED] - M4_spin_reel_wins = reel_wins: null

2019-08-24 12:56:22 - [TEST_STEP][PASSED] - M4_spin_reel_wins = M4_spin_reel_wins: null

2019-08-24 12:56:22 - [TEST_STEP][PASSED] - println("GlobalVariable.M4_spin_reel_wins is: " + M4_spin_reel_wins): null

2019-08-24 12:56:22 - [TEST_STEP][PASSED] - M4_spin_total_bonus_win_this_round = total_bonus_win_this_round: null

2019-08-24 12:56:22 - [TEST_STEP][PASSED] - M4_spin_total_bonus_win_this_round = M4_spin_total_bonus_win_this_round: null

2019-08-24 12:56:22 - [TEST_STEP][PASSED] - println("GlobalVariable.M4_spin_total_bonus_win_this_round is: " + M4_spin_total_bonus_win_this_round): null

2019-08-24 12:56:22 - [TEST_STEP][PASSED] - M4_spin_bonus_spin_result = spin_result: null

2019-08-24 12:56:22 - [TEST_STEP][PASSED] - M4_spin_bonus_spin_result = M4_spin_bonus_spin_result: null

2019-08-24 12:56:22 - [MESSAGE][PASSED] - Verify response successfully

2019-08-24 12:56:22 - [MESSAGE][PASSED] - Send request and verify the response successfully

2019-08-24 12:56:22 - [TEST_STEP][PASSED] - if (M4_total_bonus_spins_int != 0 &amp;&amp; M4_spin_reels_symbols[2].contains("WILD_Double") || M4_spin_reels_symbols[4].contains("WILD_Triple")): null

2019-08-24 12:56:22 - [TEST_STEP][PASSED] - free_spin_reel_counter = free_spin_reel_counter: null

2019-08-24 12:56:22 - [TEST_STEP][PASSED] - M4_spin_reels_symbols = M4_spin_reels_symbols: null

2019-08-24 12:56:22 - [TEST_STEP][PASSED] - M4_total_bonus_spins = M4_total_bonus_spins: null

2019-08-24 12:56:22 - [TEST_STEP][PASSED] - spin_result = sendRequestAndVerify(findTestObject("INT/RGS(M4)/1_M4_spin", ["M4_login_user_id":M4_login_user_id, "rgs_session_token":rgs_session_token, "partner":Partner])): Send request and verify the response successfully

2019-08-24 12:56:23 - [MESSAGE][INFO] - HAR: /Users/eiralee/Katalon_Script/SuperWild/Reports/20190824_124242/INT/superWild_4/20190824_124242/requests/main/243.har

2019-08-24 12:56:23 - [TEST_CASE][PASSED] - Start Test Case : Verification: Verification accomplished successfully

2019-08-24 12:56:23 - [TEST_STEP][PASSED] - request = getInstance().getCurrentRequest(): null

2019-08-24 12:56:23 - [TEST_STEP][PASSED] - response = getInstance().getCurrentResponse(): null

2019-08-24 12:56:23 - [TEST_STEP][PASSED] - verifyResponseStatusCode(response, 200): Verify response status code successfully

2019-08-24 12:56:23 - [MESSAGE][PASSED] - Verify response status code successfully

2019-08-24 12:56:23 - [TEST_STEP][PASSED] - getStatusCode()).isEqualTo(200): null

2019-08-24 12:56:23 - [TEST_STEP][PASSED] - newline = System.getProperty("line.separator"): null

2019-08-24 12:56:23 - [TEST_STEP][PASSED] - M4_spin = new groovy.json.JsonSlurper(): null

2019-08-24 12:56:23 - [TEST_STEP][PASSED] - result_M4_spin = M4_spin.parseText(response.getResponseBodyContent()): null

2019-08-24 12:56:23 - [TEST_STEP][PASSED] - M4_spin_current_balance = current_balance: null

2019-08-24 12:56:23 - [TEST_STEP][PASSED] - M4_spin_current_balance = M4_spin_current_balance: null

2019-08-24 12:56:23 - [TEST_STEP][PASSED] - M4_spin_transaction_id = causality: null

2019-08-24 12:56:23 - [TEST_STEP][PASSED] - M4_spin_transaction_id = M4_spin_transaction_id: null

2019-08-24 12:56:23 - [TEST_STEP][PASSED] - M4_spin_round_id = round_id: null

2019-08-24 12:56:23 - [TEST_STEP][PASSED] - M4_spin_round_id = M4_spin_round_id: null

2019-08-24 12:56:23 - [TEST_STEP][PASSED] - M4_spin_line_wins = line_wins: null

2019-08-24 12:56:23 - [TEST_STEP][PASSED] - M4_spin_line_wins = M4_spin_line_wins: null

2019-08-24 12:56:23 - [TEST_STEP][PASSED] - M4_total_bonus_spins_int = total_bonus_spins: null

2019-08-24 12:56:23 - [TEST_STEP][PASSED] - println("******M4_total_bonus_spins type is:*******" + newline + getClass().getName()): null

2019-08-24 12:56:23 - [TEST_STEP][PASSED] - M4_total_bonus_spins_int = M4_total_bonus_spins_int: null

2019-08-24 12:56:23 - [TEST_STEP][PASSED] - M4_total_bonus_spins = Integer.toString(M4_total_bonus_spins_int): null

2019-08-24 12:56:23 - [TEST_STEP][PASSED] - M4_total_bonus_spins = M4_total_bonus_spins: null

2019-08-24 12:56:23 - [TEST_STEP][PASSED] - println("M4_total_bonus_spins is:" + M4_total_bonus_spins): null

2019-08-24 12:56:23 - [TEST_STEP][PASSED] - M4_spin_bonus_data = bonus_data: null

2019-08-24 12:56:23 - [TEST_STEP][PASSED] - M4_spin_features_triggered = result_M4_spin: null

2019-08-24 12:56:23 - [TEST_STEP][PASSED] - wild = []: null

2019-08-24 12:56:23 - [TEST_STEP][PASSED] - wild[0] = "WILD_Expanding": null

2019-08-24 12:56:23 - [TEST_STEP][PASSED] - wild[1] = "WILD_Normal": null

2019-08-24 12:56:23 - [TEST_STEP][PASSED] - wild[2] = "WILD_Double": null

2019-08-24 12:56:23 - [TEST_STEP][PASSED] - wild[3] = "WILD_ExtraFG": null

2019-08-24 12:56:23 - [TEST_STEP][PASSED] - wild[4] = "WILD_Triple": null

2019-08-24 12:56:23 - [TEST_STEP][PASSED] - wildList = Arrays.asList(wild): null

2019-08-24 12:56:23 - [TEST_STEP][PASSED] - wildList = wildList: null

2019-08-24 12:56:23 - [TEST_STEP][PASSED] - free_spin_reel_counter = []: null

2019-08-24 12:56:23 - [TEST_STEP][PASSED] - free_spin_reel_counter[0] = 0: null

2019-08-24 12:56:23 - [TEST_STEP][PASSED] - free_spin_reel_counter[1] = 0: null

2019-08-24 12:56:27 - [TEST_STEP][PASSED] - free_spin_reel_counter[2] = 0: null

2019-08-24 12:56:27 - [TEST_STEP][PASSED] - M4_spin_reels = reels: null

2019-08-24 12:56:27 - [TEST_STEP][PASSED] - for ([i = 0, i &lt; M4_spin_reels.size(), (i++)]): null

2019-08-24 12:56:27 - [TEST_STEP][PASSED] - symbols = symbols: null

2019-08-24 12:56:27 - [TEST_STEP][PASSED] - for ([j = 0, j &lt; symbols.size(), (j++)]): null

2019-08-24 12:56:27 - [TEST_STEP][PASSED] - symbol = symbol: null

2019-08-24 12:56:27 - [TEST_STEP][PASSED] - println(symbol): null

2019-08-24 12:56:27 - [TEST_STEP][PASSED] - if (i == 2 &amp;&amp; wildList.indexOf(symbol) != -1): null

2019-08-24 12:56:27 - [TEST_STEP][PASSED] - if (i == 3 &amp;&amp; wildList.indexOf(symbol) != -1): null

2019-08-24 12:56:27 - [TEST_STEP][PASSED] - if (i == 4 &amp;&amp; wildList.indexOf(symbol) != -1): null

2019-08-24 12:56:27 - [TEST_STEP][PASSED] - symbol = symbol: null

2019-08-24 12:56:32 - [TEST_STEP][PASSED] - println(symbol): null

2019-08-24 12:56:32 - [TEST_STEP][PASSED] - if (i == 2 &amp;&amp; wildList.indexOf(symbol) != -1): null

2019-08-24 12:56:32 - [TEST_STEP][PASSED] - if (i == 3 &amp;&amp; wildList.indexOf(symbol) != -1): null

2019-08-24 12:56:32 - [TEST_STEP][PASSED] - if (i == 4 &amp;&amp; wildList.indexOf(symbol) != -1): null

2019-08-24 12:56:32 - [TEST_STEP][PASSED] - symbol = symbol: null

2019-08-24 12:56:32 - [TEST_STEP][PASSED] - println(symbol): null

2019-08-24 12:56:37 - [TEST_STEP][PASSED] - if (i == 2 &amp;&amp; wildList.indexOf(symbol) != -1): null

2019-08-24 12:56:37 - [TEST_STEP][PASSED] - if (i == 3 &amp;&amp; wildList.indexOf(symbol) != -1): null

2019-08-24 12:56:37 - [TEST_STEP][PASSED] - if (i == 4 &amp;&amp; wildList.indexOf(symbol) != -1): null

2019-08-24 12:56:37 - [TEST_STEP][PASSED] - symbols = symbols: null

2019-08-24 12:56:37 - [TEST_STEP][PASSED] - for ([j = 0, j &lt; symbols.size(), (j++)]): null

2019-08-24 12:56:37 - [TEST_STEP][PASSED] - symbol = symbol: null

2019-08-24 12:56:37 - [TEST_STEP][PASSED] - println(symbol): null

2019-08-24 12:56:37 - [TEST_STEP][PASSED] - if (i == 2 &amp;&amp; wildList.indexOf(symbol) != -1): null

2019-08-24 12:56:37 - [TEST_STEP][PASSED] - if (i == 3 &amp;&amp; wildList.indexOf(symbol) != -1): null

2019-08-24 12:56:37 - [TEST_STEP][PASSED] - if (i == 4 &amp;&amp; wildList.indexOf(symbol) != -1): null

2019-08-24 12:56:37 - [TEST_STEP][PASSED] - symbol = symbol: null

2019-08-24 12:56:37 - [TEST_STEP][PASSED] - println(symbol): null

2019-08-24 12:56:37 - [TEST_STEP][PASSED] - if (i == 2 &amp;&amp; wildList.indexOf(symbol) != -1): null

2019-08-24 12:56:37 - [TEST_STEP][PASSED] - if (i == 3 &amp;&amp; wildList.indexOf(symbol) != -1): null

2019-08-24 12:56:37 - [TEST_STEP][PASSED] - if (i == 4 &amp;&amp; wildList.indexOf(symbol) != -1): null

2019-08-24 12:56:37 - [TEST_STEP][PASSED] - symbol = symbol: null

2019-08-24 12:56:37 - [TEST_STEP][PASSED] - println(symbol): null

2019-08-24 12:56:37 - [TEST_STEP][PASSED] - if (i == 2 &amp;&amp; wildList.indexOf(symbol) != -1): null

2019-08-24 12:56:37 - [TEST_STEP][PASSED] - if (i == 3 &amp;&amp; wildList.indexOf(symbol) != -1): null

2019-08-24 12:56:37 - [TEST_STEP][PASSED] - if (i == 4 &amp;&amp; wildList.indexOf(symbol) != -1): null

2019-08-24 12:56:37 - [TEST_STEP][PASSED] - symbols = symbols: null

2019-08-24 12:56:37 - [TEST_STEP][PASSED] - for ([j = 0, j &lt; symbols.size(), (j++)]): null

2019-08-24 12:56:37 - [TEST_STEP][PASSED] - symbol = symbol: null

2019-08-24 12:56:37 - [TEST_STEP][PASSED] - println(symbol): null

2019-08-24 12:56:37 - [TEST_STEP][PASSED] - if (i == 2 &amp;&amp; wildList.indexOf(symbol) != -1): null

2019-08-24 12:56:37 - [TEST_STEP][PASSED] - if (i == 3 &amp;&amp; wildList.indexOf(symbol) != -1): null

2019-08-24 12:56:37 - [TEST_STEP][PASSED] - if (i == 4 &amp;&amp; wildList.indexOf(symbol) != -1): null

2019-08-24 12:56:37 - [TEST_STEP][PASSED] - symbol = symbol: null

2019-08-24 12:56:37 - [TEST_STEP][PASSED] - println(symbol): null

2019-08-24 12:56:37 - [TEST_STEP][PASSED] - if (i == 2 &amp;&amp; wildList.indexOf(symbol) != -1): null

2019-08-24 12:56:37 - [TEST_STEP][PASSED] - if (i == 3 &amp;&amp; wildList.indexOf(symbol) != -1): null

2019-08-24 12:56:37 - [TEST_STEP][PASSED] - if (i == 4 &amp;&amp; wildList.indexOf(symbol) != -1): null

2019-08-24 12:56:37 - [TEST_STEP][PASSED] - symbol = symbol: null

2019-08-24 12:56:37 - [TEST_STEP][PASSED] - println(symbol): null

2019-08-24 12:56:37 - [TEST_STEP][PASSED] - if (i == 2 &amp;&amp; wildList.indexOf(symbol) != -1): null

2019-08-24 12:56:37 - [TEST_STEP][PASSED] - if (i == 3 &amp;&amp; wildList.indexOf(symbol) != -1): null

2019-08-24 12:56:37 - [TEST_STEP][PASSED] - if (i == 4 &amp;&amp; wildList.indexOf(symbol) != -1): null

2019-08-24 12:56:37 - [TEST_STEP][PASSED] - symbols = symbols: null

2019-08-24 12:56:37 - [TEST_STEP][PASSED] - for ([j = 0, j &lt; symbols.size(), (j++)]): null

2019-08-24 12:56:37 - [TEST_STEP][PASSED] - symbol = symbol: null

2019-08-24 12:56:37 - [TEST_STEP][PASSED] - println(symbol): null

2019-08-24 12:56:37 - [TEST_STEP][PASSED] - if (i == 2 &amp;&amp; wildList.indexOf(symbol) != -1): null

2019-08-24 12:56:37 - [TEST_STEP][PASSED] - if (i == 3 &amp;&amp; wildList.indexOf(symbol) != -1): null

2019-08-24 12:56:37 - [TEST_STEP][PASSED] - if (i == 4 &amp;&amp; wildList.indexOf(symbol) != -1): null

2019-08-24 12:56:37 - [TEST_STEP][PASSED] - symbol = symbol: null

2019-08-24 12:56:37 - [TEST_STEP][PASSED] - println(symbol): null

2019-08-24 12:56:37 - [TEST_STEP][PASSED] - if (i == 2 &amp;&amp; wildList.indexOf(symbol) != -1): null

2019-08-24 12:56:37 - [TEST_STEP][PASSED] - if (i == 3 &amp;&amp; wildList.indexOf(symbol) != -1): null

2019-08-24 12:56:37 - [TEST_STEP][PASSED] - println("wild found on reel 4, adding counter by 1"): null

2019-08-24 12:56:37 - [TEST_STEP][PASSED] - free_spin_reel_counter[1] = free_spin_reel_counter[1] + 1: null

2019-08-24 12:56:37 - [TEST_STEP][PASSED] - if (i == 4 &amp;&amp; wildList.indexOf(symbol) != -1): null

2019-08-24 12:56:37 - [TEST_STEP][PASSED] - symbol = symbol: null

2019-08-24 12:56:37 - [TEST_STEP][PASSED] - println(symbol): null

2019-08-24 12:56:37 - [TEST_STEP][PASSED] - if (i == 2 &amp;&amp; wildList.indexOf(symbol) != -1): null

2019-08-24 12:56:37 - [TEST_STEP][PASSED] - if (i == 3 &amp;&amp; wildList.indexOf(symbol) != -1): null

2019-08-24 12:56:37 - [TEST_STEP][PASSED] - if (i == 4 &amp;&amp; wildList.indexOf(symbol) != -1): null

2019-08-24 12:56:37 - [TEST_STEP][PASSED] - symbols = symbols: null

2019-08-24 12:56:37 - [TEST_STEP][PASSED] - for ([j = 0, j &lt; symbols.size(), (j++)]): null

2019-08-24 12:56:37 - [TEST_STEP][PASSED] - symbol = symbol: null

2019-08-24 12:56:37 - [TEST_STEP][PASSED] - println(symbol): null

2019-08-24 12:56:37 - [TEST_STEP][PASSED] - if (i == 2 &amp;&amp; wildList.indexOf(symbol) != -1): null

2019-08-24 12:56:37 - [TEST_STEP][PASSED] - if (i == 3 &amp;&amp; wildList.indexOf(symbol) != -1): null

2019-08-24 12:56:37 - [TEST_STEP][PASSED] - if (i == 4 &amp;&amp; wildList.indexOf(symbol) != -1): null

2019-08-24 12:56:37 - [TEST_STEP][PASSED] - symbol = symbol: null

2019-08-24 12:56:37 - [TEST_STEP][PASSED] - println(symbol): null

2019-08-24 12:56:37 - [TEST_STEP][PASSED] - if (i == 2 &amp;&amp; wildList.indexOf(symbol) != -1): null

2019-08-24 12:56:37 - [TEST_STEP][PASSED] - if (i == 3 &amp;&amp; wildList.indexOf(symbol) != -1): null

2019-08-24 12:56:37 - [TEST_STEP][PASSED] - if (i == 4 &amp;&amp; wildList.indexOf(symbol) != -1): null

2019-08-24 12:56:37 - [TEST_STEP][PASSED] - symbol = symbol: null

2019-08-24 12:56:37 - [TEST_STEP][PASSED] - println(symbol): null

2019-08-24 12:56:37 - [TEST_STEP][PASSED] - if (i == 2 &amp;&amp; wildList.indexOf(symbol) != -1): null

2019-08-24 12:56:37 - [TEST_STEP][PASSED] - if (i == 3 &amp;&amp; wildList.indexOf(symbol) != -1): null

2019-08-24 12:56:37 - [TEST_STEP][PASSED] - if (i == 4 &amp;&amp; wildList.indexOf(symbol) != -1): null

2019-08-24 12:56:37 - [TEST_STEP][PASSED] - free_spin_reel_counter = free_spin_reel_counter: null

2019-08-24 12:56:37 - [TEST_STEP][PASSED] - println("reel 3 wild found: " + free_spin_reel_counter[0]): null

2019-08-24 12:56:37 - [TEST_STEP][PASSED] - println("reel 4 wild found: " + free_spin_reel_counter[1]): null

2019-08-24 12:56:37 - [TEST_STEP][PASSED] - println("reel 5 wild found: " + free_spin_reel_counter[2]): null

2019-08-24 12:56:37 - [TEST_STEP][PASSED] - M4_spin_reels = M4_spin_reels: null

2019-08-24 12:56:37 - [TEST_STEP][PASSED] - M4_spin_reels_symbols = symbol: null

2019-08-24 12:56:37 - [TEST_STEP][PASSED] - M4_spin_reels_symbols = M4_spin_reels_symbols: null

2019-08-24 12:56:37 - [TEST_STEP][PASSED] - M4_spin_reel_wins = reel_wins: null

2019-08-24 12:56:37 - [TEST_STEP][PASSED] - M4_spin_reel_wins = M4_spin_reel_wins: null

2019-08-24 12:56:37 - [TEST_STEP][PASSED] - println("GlobalVariable.M4_spin_reel_wins is: " + M4_spin_reel_wins): null

2019-08-24 12:56:37 - [TEST_STEP][PASSED] - M4_spin_total_bonus_win_this_round = total_bonus_win_this_round: null

2019-08-24 12:56:37 - [TEST_STEP][PASSED] - M4_spin_total_bonus_win_this_round = M4_spin_total_bonus_win_this_round: null

2019-08-24 12:56:37 - [TEST_STEP][PASSED] - println("GlobalVariable.M4_spin_total_bonus_win_this_round is: " + M4_spin_total_bonus_win_this_round): null

2019-08-24 12:56:37 - [TEST_STEP][PASSED] - M4_spin_bonus_spin_result = spin_result: null

2019-08-24 12:56:37 - [TEST_STEP][PASSED] - M4_spin_bonus_spin_result = M4_spin_bonus_spin_result: null

2019-08-24 12:56:37 - [MESSAGE][PASSED] - Verify response successfully

2019-08-24 12:56:37 - [MESSAGE][PASSED] - Send request and verify the response successfully

2019-08-24 12:56:37 - [TEST_STEP][PASSED] - if (M4_total_bonus_spins_int != 0 &amp;&amp; M4_spin_reels_symbols[2].contains("WILD_Double") || M4_spin_reels_symbols[4].contains("WILD_Triple")): null

2019-08-24 12:56:37 - [TEST_STEP][PASSED] - free_spin_reel_counter = free_spin_reel_counter: null

2019-08-24 12:56:37 - [TEST_STEP][PASSED] - M4_spin_reels_symbols = M4_spin_reels_symbols: null

2019-08-24 12:56:37 - [TEST_STEP][PASSED] - M4_total_bonus_spins = M4_total_bonus_spins: null

2019-08-24 12:56:37 - [TEST_STEP][PASSED] - spin_result = sendRequestAndVerify(findTestObject("INT/RGS(M4)/1_M4_spin", ["M4_login_user_id":M4_login_user_id, "rgs_session_token":rgs_session_token, "partner":Partner])): Send request and verify the response successfully

2019-08-24 12:56:38 - [MESSAGE][INFO] - HAR: /Users/eiralee/Katalon_Script/SuperWild/Reports/20190824_124242/INT/superWild_4/20190824_124242/requests/main/244.har

2019-08-24 12:56:38 - [TEST_CASE][PASSED] - Start Test Case : Verification: Verification accomplished successfully

2019-08-24 12:56:38 - [TEST_STEP][PASSED] - request = getInstance().getCurrentRequest(): null

2019-08-24 12:56:38 - [TEST_STEP][PASSED] - response = getInstance().getCurrentResponse(): null

2019-08-24 12:56:38 - [TEST_STEP][PASSED] - verifyResponseStatusCode(response, 200): Verify response status code successfully

2019-08-24 12:56:38 - [MESSAGE][PASSED] - Verify response status code successfully

2019-08-24 12:56:38 - [TEST_STEP][PASSED] - getStatusCode()).isEqualTo(200): null

2019-08-24 12:56:38 - [TEST_STEP][PASSED] - newline = System.getProperty("line.separator"): null

2019-08-24 12:56:38 - [TEST_STEP][PASSED] - M4_spin = new groovy.json.JsonSlurper(): null

2019-08-24 12:56:38 - [TEST_STEP][PASSED] - result_M4_spin = M4_spin.parseText(response.getResponseBodyContent()): null

2019-08-24 12:56:38 - [TEST_STEP][PASSED] - M4_spin_current_balance = current_balance: null

2019-08-24 12:56:38 - [TEST_STEP][PASSED] - M4_spin_current_balance = M4_spin_current_balance: null

2019-08-24 12:56:38 - [TEST_STEP][PASSED] - M4_spin_transaction_id = causality: null

2019-08-24 12:56:38 - [TEST_STEP][PASSED] - M4_spin_transaction_id = M4_spin_transaction_id: null

2019-08-24 12:56:38 - [TEST_STEP][PASSED] - M4_spin_round_id = round_id: null

2019-08-24 12:56:38 - [TEST_STEP][PASSED] - M4_spin_round_id = M4_spin_round_id: null

2019-08-24 12:56:38 - [TEST_STEP][PASSED] - M4_spin_line_wins = line_wins: null

2019-08-24 12:56:38 - [TEST_STEP][PASSED] - M4_spin_line_wins = M4_spin_line_wins: null

2019-08-24 12:56:38 - [TEST_STEP][PASSED] - M4_total_bonus_spins_int = total_bonus_spins: null

2019-08-24 12:56:38 - [TEST_STEP][PASSED] - println("******M4_total_bonus_spins type is:*******" + newline + getClass().getName()): null

2019-08-24 12:56:38 - [TEST_STEP][PASSED] - M4_total_bonus_spins_int = M4_total_bonus_spins_int: null

2019-08-24 12:56:38 - [TEST_STEP][PASSED] - M4_total_bonus_spins = Integer.toString(M4_total_bonus_spins_int): null

2019-08-24 12:56:38 - [TEST_STEP][PASSED] - M4_total_bonus_spins = M4_total_bonus_spins: null

2019-08-24 12:56:38 - [TEST_STEP][PASSED] - println("M4_total_bonus_spins is:" + M4_total_bonus_spins): null

2019-08-24 12:56:38 - [TEST_STEP][PASSED] - M4_spin_bonus_data = bonus_data: null

2019-08-24 12:56:38 - [TEST_STEP][PASSED] - M4_spin_features_triggered = result_M4_spin: null

2019-08-24 12:56:38 - [TEST_STEP][PASSED] - wild = []: null

2019-08-24 12:56:38 - [TEST_STEP][PASSED] - wild[0] = "WILD_Expanding": null

2019-08-24 12:56:38 - [TEST_STEP][PASSED] - wild[1] = "WILD_Normal": null

2019-08-24 12:56:38 - [TEST_STEP][PASSED] - wild[2] = "WILD_Double": null

2019-08-24 12:56:38 - [TEST_STEP][PASSED] - wild[3] = "WILD_ExtraFG": null

2019-08-24 12:56:38 - [TEST_STEP][PASSED] - wild[4] = "WILD_Triple": null

2019-08-24 12:56:38 - [TEST_STEP][PASSED] - wildList = Arrays.asList(wild): null

2019-08-24 12:56:38 - [TEST_STEP][PASSED] - wildList = wildList: null

2019-08-24 12:56:38 - [TEST_STEP][PASSED] - free_spin_reel_counter = []: null

2019-08-24 12:56:38 - [TEST_STEP][PASSED] - free_spin_reel_counter[0] = 0: null

2019-08-24 12:56:38 - [TEST_STEP][PASSED] - free_spin_reel_counter[1] = 0: null

2019-08-24 12:56:38 - [TEST_STEP][PASSED] - free_spin_reel_counter[2] = 0: null

2019-08-24 12:56:38 - [TEST_STEP][PASSED] - M4_spin_reels = reels: null

2019-08-24 12:56:38 - [TEST_STEP][PASSED] - for ([i = 0, i &lt; M4_spin_reels.size(), (i++)]): null

2019-08-24 12:56:38 - [TEST_STEP][PASSED] - symbols = symbols: null

2019-08-24 12:56:38 - [TEST_STEP][PASSED] - for ([j = 0, j &lt; symbols.size(), (j++)]): null

2019-08-24 12:56:38 - [TEST_STEP][PASSED] - symbol = symbol: null

2019-08-24 12:56:38 - [TEST_STEP][PASSED] - println(symbol): null

2019-08-24 12:56:38 - [TEST_STEP][PASSED] - if (i == 2 &amp;&amp; wildList.indexOf(symbol) != -1): null

2019-08-24 12:56:38 - [TEST_STEP][PASSED] - if (i == 3 &amp;&amp; wildList.indexOf(symbol) != -1): null

2019-08-24 12:56:38 - [TEST_STEP][PASSED] - if (i == 4 &amp;&amp; wildList.indexOf(symbol) != -1): null

2019-08-24 12:56:38 - [TEST_STEP][PASSED] - symbol = symbol: null

2019-08-24 12:56:38 - [TEST_STEP][PASSED] - println(symbol): null

2019-08-24 12:56:38 - [TEST_STEP][PASSED] - if (i == 2 &amp;&amp; wildList.indexOf(symbol) != -1): null

2019-08-24 12:56:38 - [TEST_STEP][PASSED] - if (i == 3 &amp;&amp; wildList.indexOf(symbol) != -1): null

2019-08-24 12:56:38 - [TEST_STEP][PASSED] - if (i == 4 &amp;&amp; wildList.indexOf(symbol) != -1): null

2019-08-24 12:56:38 - [TEST_STEP][PASSED] - symbol = symbol: null

2019-08-24 12:56:38 - [TEST_STEP][PASSED] - println(symbol): null

2019-08-24 12:56:38 - [TEST_STEP][PASSED] - if (i == 2 &amp;&amp; wildList.indexOf(symbol) != -1): null

2019-08-24 12:56:38 - [TEST_STEP][PASSED] - if (i == 3 &amp;&amp; wildList.indexOf(symbol) != -1): null

2019-08-24 12:56:38 - [TEST_STEP][PASSED] - if (i == 4 &amp;&amp; wildList.indexOf(symbol) != -1): null

2019-08-24 12:56:38 - [TEST_STEP][PASSED] - symbols = symbols: null

2019-08-24 12:56:38 - [TEST_STEP][PASSED] - for ([j = 0, j &lt; symbols.size(), (j++)]): null

2019-08-24 12:56:38 - [TEST_STEP][PASSED] - symbol = symbol: null

2019-08-24 12:56:38 - [TEST_STEP][PASSED] - println(symbol): null

2019-08-24 12:56:38 - [TEST_STEP][PASSED] - if (i == 2 &amp;&amp; wildList.indexOf(symbol) != -1): null

2019-08-24 12:56:38 - [TEST_STEP][PASSED] - if (i == 3 &amp;&amp; wildList.indexOf(symbol) != -1): null

2019-08-24 12:56:38 - [TEST_STEP][PASSED] - if (i == 4 &amp;&amp; wildList.indexOf(symbol) != -1): null

2019-08-24 12:56:38 - [TEST_STEP][PASSED] - symbol = symbol: null

2019-08-24 12:56:38 - [TEST_STEP][PASSED] - println(symbol): null

2019-08-24 12:56:38 - [TEST_STEP][PASSED] - if (i == 2 &amp;&amp; wildList.indexOf(symbol) != -1): null

2019-08-24 12:56:38 - [TEST_STEP][PASSED] - if (i == 3 &amp;&amp; wildList.indexOf(symbol) != -1): null

2019-08-24 12:56:38 - [TEST_STEP][PASSED] - if (i == 4 &amp;&amp; wildList.indexOf(symbol) != -1): null

2019-08-24 12:56:38 - [TEST_STEP][PASSED] - symbol = symbol: null

2019-08-24 12:56:38 - [TEST_STEP][PASSED] - println(symbol): null

2019-08-24 12:56:38 - [TEST_STEP][PASSED] - if (i == 2 &amp;&amp; wildList.indexOf(symbol) != -1): null

2019-08-24 12:56:38 - [TEST_STEP][PASSED] - if (i == 3 &amp;&amp; wildList.indexOf(symbol) != -1): null

2019-08-24 12:56:38 - [TEST_STEP][PASSED] - if (i == 4 &amp;&amp; wildList.indexOf(symbol) != -1): null

2019-08-24 12:56:38 - [TEST_STEP][PASSED] - symbols = symbols: null

2019-08-24 12:56:38 - [TEST_STEP][PASSED] - for ([j = 0, j &lt; symbols.size(), (j++)]): null

2019-08-24 12:56:38 - [TEST_STEP][PASSED] - symbol = symbol: null

2019-08-24 12:56:38 - [TEST_STEP][PASSED] - println(symbol): null

2019-08-24 12:56:38 - [TEST_STEP][PASSED] - if (i == 2 &amp;&amp; wildList.indexOf(symbol) != -1): null

2019-08-24 12:56:38 - [TEST_STEP][PASSED] - if (i == 3 &amp;&amp; wildList.indexOf(symbol) != -1): null

2019-08-24 12:56:38 - [TEST_STEP][PASSED] - if (i == 4 &amp;&amp; wildList.indexOf(symbol) != -1): null

2019-08-24 12:56:38 - [TEST_STEP][PASSED] - symbol = symbol: null

2019-08-24 12:56:38 - [TEST_STEP][PASSED] - println(symbol): null

2019-08-24 12:56:38 - [TEST_STEP][PASSED] - if (i == 2 &amp;&amp; wildList.indexOf(symbol) != -1): null

2019-08-24 12:56:38 - [TEST_STEP][PASSED] - if (i == 3 &amp;&amp; wildList.indexOf(symbol) != -1): null

2019-08-24 12:56:38 - [TEST_STEP][PASSED] - if (i == 4 &amp;&amp; wildList.indexOf(symbol) != -1): null

2019-08-24 12:56:38 - [TEST_STEP][PASSED] - symbol = symbol: null

2019-08-24 12:56:38 - [TEST_STEP][PASSED] - println(symbol): null

2019-08-24 12:56:38 - [TEST_STEP][PASSED] - if (i == 2 &amp;&amp; wildList.indexOf(symbol) != -1): null

2019-08-24 12:56:38 - [TEST_STEP][PASSED] - println("wild found on reel 3, adding counter by 1"): null

2019-08-24 12:56:38 - [TEST_STEP][PASSED] - free_spin_reel_counter[0] = free_spin_reel_counter[0] + 1: null

2019-08-24 12:56:38 - [TEST_STEP][PASSED] - if (i == 3 &amp;&amp; wildList.indexOf(symbol) != -1): null

2019-08-24 12:56:38 - [TEST_STEP][PASSED] - if (i == 4 &amp;&amp; wildList.indexOf(symbol) != -1): null

2019-08-24 12:56:38 - [TEST_STEP][PASSED] - symbols = symbols: null

2019-08-24 12:56:38 - [TEST_STEP][PASSED] - for ([j = 0, j &lt; symbols.size(), (j++)]): null

2019-08-24 12:56:38 - [TEST_STEP][PASSED] - symbol = symbol: null

2019-08-24 12:56:38 - [TEST_STEP][PASSED] - println(symbol): null

2019-08-24 12:56:38 - [TEST_STEP][PASSED] - if (i == 2 &amp;&amp; wildList.indexOf(symbol) != -1): null

2019-08-24 12:56:38 - [TEST_STEP][PASSED] - if (i == 3 &amp;&amp; wildList.indexOf(symbol) != -1): null

2019-08-24 12:56:38 - [TEST_STEP][PASSED] - if (i == 4 &amp;&amp; wildList.indexOf(symbol) != -1): null

2019-08-24 12:56:38 - [TEST_STEP][PASSED] - symbol = symbol: null

2019-08-24 12:56:38 - [TEST_STEP][PASSED] - println(symbol): null

2019-08-24 12:56:38 - [TEST_STEP][PASSED] - if (i == 2 &amp;&amp; wildList.indexOf(symbol) != -1): null

2019-08-24 12:56:38 - [TEST_STEP][PASSED] - if (i == 3 &amp;&amp; wildList.indexOf(symbol) != -1): null

2019-08-24 12:56:38 - [TEST_STEP][PASSED] - if (i == 4 &amp;&amp; wildList.indexOf(symbol) != -1): null

2019-08-24 12:56:38 - [TEST_STEP][PASSED] - symbol = symbol: null

2019-08-24 12:56:38 - [TEST_STEP][PASSED] - println(symbol): null

2019-08-24 12:56:38 - [TEST_STEP][PASSED] - if (i == 2 &amp;&amp; wildList.indexOf(symbol) != -1): null

2019-08-24 12:56:38 - [TEST_STEP][PASSED] - if (i == 3 &amp;&amp; wildList.indexOf(symbol) != -1): null

2019-08-24 12:56:38 - [TEST_STEP][PASSED] - if (i == 4 &amp;&amp; wildList.indexOf(symbol) != -1): null

2019-08-24 12:56:38 - [TEST_STEP][PASSED] - symbols = symbols: null

2019-08-24 12:56:38 - [TEST_STEP][PASSED] - for ([j = 0, j &lt; symbols.size(), (j++)]): null

2019-08-24 12:56:38 - [TEST_STEP][PASSED] - symbol = symbol: null

2019-08-24 12:56:38 - [TEST_STEP][PASSED] - println(symbol): null

2019-08-24 12:56:38 - [TEST_STEP][PASSED] - if (i == 2 &amp;&amp; wildList.indexOf(symbol) != -1): null

2019-08-24 12:56:38 - [TEST_STEP][PASSED] - if (i == 3 &amp;&amp; wildList.indexOf(symbol) != -1): null

2019-08-24 12:56:38 - [TEST_STEP][PASSED] - if (i == 4 &amp;&amp; wildList.indexOf(symbol) != -1): null

2019-08-24 12:56:38 - [TEST_STEP][PASSED] - symbol = symbol: null

2019-08-24 12:56:38 - [TEST_STEP][PASSED] - println(symbol): null

2019-08-24 12:56:38 - [TEST_STEP][PASSED] - if (i == 2 &amp;&amp; wildList.indexOf(symbol) != -1): null

2019-08-24 12:56:38 - [TEST_STEP][PASSED] - if (i == 3 &amp;&amp; wildList.indexOf(symbol) != -1): null

2019-08-24 12:56:38 - [TEST_STEP][PASSED] - if (i == 4 &amp;&amp; wildList.indexOf(symbol) != -1): null

2019-08-24 12:56:38 - [TEST_STEP][PASSED] - symbol = symbol: null

2019-08-24 12:56:38 - [TEST_STEP][PASSED] - println(symbol): null

2019-08-24 12:56:38 - [TEST_STEP][PASSED] - if (i == 2 &amp;&amp; wildList.indexOf(symbol) != -1): null

2019-08-24 12:56:38 - [TEST_STEP][PASSED] - if (i == 3 &amp;&amp; wildList.indexOf(symbol) != -1): null

2019-08-24 12:56:38 - [TEST_STEP][PASSED] - if (i == 4 &amp;&amp; wildList.indexOf(symbol) != -1): null

2019-08-24 12:56:38 - [TEST_STEP][PASSED] - free_spin_reel_counter = free_spin_reel_counter: null

2019-08-24 12:56:38 - [TEST_STEP][PASSED] - println("reel 3 wild found: " + free_spin_reel_counter[0]): null

2019-08-24 12:56:38 - [TEST_STEP][PASSED] - println("reel 4 wild found: " + free_spin_reel_counter[1]): null

2019-08-24 12:56:38 - [TEST_STEP][PASSED] - println("reel 5 wild found: " + free_spin_reel_counter[2]): null

2019-08-24 12:56:38 - [TEST_STEP][PASSED] - M4_spin_reels = M4_spin_reels: null

2019-08-24 12:56:38 - [TEST_STEP][PASSED] - M4_spin_reels_symbols = symbol: null

2019-08-24 12:56:38 - [TEST_STEP][PASSED] - M4_spin_reels_symbols = M4_spin_reels_symbols: null

2019-08-24 12:56:38 - [TEST_STEP][PASSED] - M4_spin_reel_wins = reel_wins: null

2019-08-24 12:56:38 - [TEST_STEP][PASSED] - M4_spin_reel_wins = M4_spin_reel_wins: null

2019-08-24 12:56:38 - [TEST_STEP][PASSED] - println("GlobalVariable.M4_spin_reel_wins is: " + M4_spin_reel_wins): null

2019-08-24 12:56:38 - [TEST_STEP][PASSED] - M4_spin_total_bonus_win_this_round = total_bonus_win_this_round: null

2019-08-24 12:56:38 - [TEST_STEP][PASSED] - M4_spin_total_bonus_win_this_round = M4_spin_total_bonus_win_this_round: null

2019-08-24 12:56:38 - [TEST_STEP][PASSED] - println("GlobalVariable.M4_spin_total_bonus_win_this_round is: " + M4_spin_total_bonus_win_this_round): null

2019-08-24 12:56:38 - [TEST_STEP][PASSED] - M4_spin_bonus_spin_result = spin_result: null

2019-08-24 12:56:38 - [TEST_STEP][PASSED] - M4_spin_bonus_spin_result = M4_spin_bonus_spin_result: null

2019-08-24 12:56:38 - [MESSAGE][PASSED] - Verify response successfully

2019-08-24 12:56:38 - [MESSAGE][PASSED] - Send request and verify the response successfully

2019-08-24 12:56:38 - [TEST_STEP][PASSED] - if (M4_total_bonus_spins_int != 0 &amp;&amp; M4_spin_reels_symbols[2].contains("WILD_Double") || M4_spin_reels_symbols[4].contains("WILD_Triple")): null

2019-08-24 12:56:38 - [TEST_STEP][PASSED] - free_spin_reel_counter = free_spin_reel_counter: null

2019-08-24 12:56:38 - [TEST_STEP][PASSED] - M4_spin_reels_symbols = M4_spin_reels_symbols: null

2019-08-24 12:56:38 - [TEST_STEP][PASSED] - M4_total_bonus_spins = M4_total_bonus_spins: null

2019-08-24 12:56:38 - [TEST_STEP][PASSED] - spin_result = sendRequestAndVerify(findTestObject("INT/RGS(M4)/1_M4_spin", ["M4_login_user_id":M4_login_user_id, "rgs_session_token":rgs_session_token, "partner":Partner])): Send request and verify the response successfully

2019-08-24 12:56:38 - [MESSAGE][INFO] - HAR: /Users/eiralee/Katalon_Script/SuperWild/Reports/20190824_124242/INT/superWild_4/20190824_124242/requests/main/245.har

2019-08-24 12:56:38 - [TEST_CASE][PASSED] - Start Test Case : Verification: Verification accomplished successfully

2019-08-24 12:56:38 - [TEST_STEP][PASSED] - request = getInstance().getCurrentRequest(): null

2019-08-24 12:56:38 - [TEST_STEP][PASSED] - response = getInstance().getCurrentResponse(): null

2019-08-24 12:56:38 - [TEST_STEP][PASSED] - verifyResponseStatusCode(response, 200): Verify response status code successfully

2019-08-24 12:56:38 - [MESSAGE][PASSED] - Verify response status code successfully

2019-08-24 12:56:38 - [TEST_STEP][PASSED] - getStatusCode()).isEqualTo(200): null

2019-08-24 12:56:38 - [TEST_STEP][PASSED] - newline = System.getProperty("line.separator"): null

2019-08-24 12:56:38 - [TEST_STEP][PASSED] - M4_spin = new groovy.json.JsonSlurper(): null

2019-08-24 12:56:38 - [TEST_STEP][PASSED] - result_M4_spin = M4_spin.parseText(response.getResponseBodyContent()): null

2019-08-24 12:56:38 - [TEST_STEP][PASSED] - M4_spin_current_balance = current_balance: null

2019-08-24 12:56:38 - [TEST_STEP][PASSED] - M4_spin_current_balance = M4_spin_current_balance: null

2019-08-24 12:56:38 - [TEST_STEP][PASSED] - M4_spin_transaction_id = causality: null

2019-08-24 12:56:38 - [TEST_STEP][PASSED] - M4_spin_transaction_id = M4_spin_transaction_id: null

2019-08-24 12:56:38 - [TEST_STEP][PASSED] - M4_spin_round_id = round_id: null

2019-08-24 12:56:38 - [TEST_STEP][PASSED] - M4_spin_round_id = M4_spin_round_id: null

2019-08-24 12:56:38 - [TEST_STEP][PASSED] - M4_spin_line_wins = line_wins: null

2019-08-24 12:56:38 - [TEST_STEP][PASSED] - M4_spin_line_wins = M4_spin_line_wins: null

2019-08-24 12:56:38 - [TEST_STEP][PASSED] - M4_total_bonus_spins_int = total_bonus_spins: null

2019-08-24 12:56:38 - [TEST_STEP][PASSED] - println("******M4_total_bonus_spins type is:*******" + newline + getClass().getName()): null

2019-08-24 12:56:38 - [TEST_STEP][PASSED] - M4_total_bonus_spins_int = M4_total_bonus_spins_int: null

2019-08-24 12:56:38 - [TEST_STEP][PASSED] - M4_total_bonus_spins = Integer.toString(M4_total_bonus_spins_int): null

2019-08-24 12:56:38 - [TEST_STEP][PASSED] - M4_total_bonus_spins = M4_total_bonus_spins: null

2019-08-24 12:56:38 - [TEST_STEP][PASSED] - println("M4_total_bonus_spins is:" + M4_total_bonus_spins): null

2019-08-24 12:56:38 - [TEST_STEP][PASSED] - M4_spin_bonus_data = bonus_data: null

2019-08-24 12:56:38 - [TEST_STEP][PASSED] - M4_spin_features_triggered = result_M4_spin: null

2019-08-24 12:56:38 - [TEST_STEP][PASSED] - wild = []: null

2019-08-24 12:56:38 - [TEST_STEP][PASSED] - wild[0] = "WILD_Expanding": null

2019-08-24 12:56:38 - [TEST_STEP][PASSED] - wild[1] = "WILD_Normal": null

2019-08-24 12:56:38 - [TEST_STEP][PASSED] - wild[2] = "WILD_Double": null

2019-08-24 12:56:38 - [TEST_STEP][PASSED] - wild[3] = "WILD_ExtraFG": null

2019-08-24 12:56:38 - [TEST_STEP][PASSED] - wild[4] = "WILD_Triple": null

2019-08-24 12:56:38 - [TEST_STEP][PASSED] - wildList = Arrays.asList(wild): null

2019-08-24 12:56:38 - [TEST_STEP][PASSED] - wildList = wildList: null

2019-08-24 12:56:38 - [TEST_STEP][PASSED] - free_spin_reel_counter = []: null

2019-08-24 12:56:38 - [TEST_STEP][PASSED] - free_spin_reel_counter[0] = 0: null

2019-08-24 12:56:38 - [TEST_STEP][PASSED] - free_spin_reel_counter[1] = 0: null

2019-08-24 12:56:38 - [TEST_STEP][PASSED] - free_spin_reel_counter[2] = 0: null

2019-08-24 12:56:38 - [TEST_STEP][PASSED] - M4_spin_reels = reels: null

2019-08-24 12:56:38 - [TEST_STEP][PASSED] - for ([i = 0, i &lt; M4_spin_reels.size(), (i++)]): null

2019-08-24 12:56:38 - [TEST_STEP][PASSED] - symbols = symbols: null

2019-08-24 12:56:38 - [TEST_STEP][PASSED] - for ([j = 0, j &lt; symbols.size(), (j++)]): null

2019-08-24 12:56:38 - [TEST_STEP][PASSED] - symbol = symbol: null

2019-08-24 12:56:38 - [TEST_STEP][PASSED] - println(symbol): null

2019-08-24 12:56:38 - [TEST_STEP][PASSED] - if (i == 2 &amp;&amp; wildList.indexOf(symbol) != -1): null

2019-08-24 12:56:38 - [TEST_STEP][PASSED] - if (i == 3 &amp;&amp; wildList.indexOf(symbol) != -1): null

2019-08-24 12:56:38 - [TEST_STEP][PASSED] - if (i == 4 &amp;&amp; wildList.indexOf(symbol) != -1): null

2019-08-24 12:56:38 - [TEST_STEP][PASSED] - symbol = symbol: null

2019-08-24 12:56:38 - [TEST_STEP][PASSED] - println(symbol): null

2019-08-24 12:56:38 - [TEST_STEP][PASSED] - if (i == 2 &amp;&amp; wildList.indexOf(symbol) != -1): null

2019-08-24 12:56:38 - [TEST_STEP][PASSED] - if (i == 3 &amp;&amp; wildList.indexOf(symbol) != -1): null

2019-08-24 12:56:38 - [TEST_STEP][PASSED] - if (i == 4 &amp;&amp; wildList.indexOf(symbol) != -1): null

2019-08-24 12:56:38 - [TEST_STEP][PASSED] - symbol = symbol: null

2019-08-24 12:56:38 - [TEST_STEP][PASSED] - println(symbol): null

2019-08-24 12:56:38 - [TEST_STEP][PASSED] - if (i == 2 &amp;&amp; wildList.indexOf(symbol) != -1): null

2019-08-24 12:56:38 - [TEST_STEP][PASSED] - if (i == 3 &amp;&amp; wildList.indexOf(symbol) != -1): null

2019-08-24 12:56:38 - [TEST_STEP][PASSED] - if (i == 4 &amp;&amp; wildList.indexOf(symbol) != -1): null

2019-08-24 12:56:38 - [TEST_STEP][PASSED] - symbols = symbols: null

2019-08-24 12:56:38 - [TEST_STEP][PASSED] - for ([j = 0, j &lt; symbols.size(), (j++)]): null

2019-08-24 12:56:38 - [TEST_STEP][PASSED] - symbol = symbol: null

2019-08-24 12:56:38 - [TEST_STEP][PASSED] - println(symbol): null

2019-08-24 12:56:38 - [TEST_STEP][PASSED] - if (i == 2 &amp;&amp; wildList.indexOf(symbol) != -1): null

2019-08-24 12:56:38 - [TEST_STEP][PASSED] - if (i == 3 &amp;&amp; wildList.indexOf(symbol) != -1): null

2019-08-24 12:56:38 - [TEST_STEP][PASSED] - if (i == 4 &amp;&amp; wildList.indexOf(symbol) != -1): null

2019-08-24 12:56:38 - [TEST_STEP][PASSED] - symbol = symbol: null

2019-08-24 12:56:38 - [TEST_STEP][PASSED] - println(symbol): null

2019-08-24 12:56:38 - [TEST_STEP][PASSED] - if (i == 2 &amp;&amp; wildList.indexOf(symbol) != -1): null

2019-08-24 12:56:38 - [TEST_STEP][PASSED] - if (i == 3 &amp;&amp; wildList.indexOf(symbol) != -1): null

2019-08-24 12:56:38 - [TEST_STEP][PASSED] - if (i == 4 &amp;&amp; wildList.indexOf(symbol) != -1): null

2019-08-24 12:56:38 - [TEST_STEP][PASSED] - symbol = symbol: null

2019-08-24 12:56:38 - [TEST_STEP][PASSED] - println(symbol): null

2019-08-24 12:56:38 - [TEST_STEP][PASSED] - if (i == 2 &amp;&amp; wildList.indexOf(symbol) != -1): null

2019-08-24 12:56:38 - [TEST_STEP][PASSED] - if (i == 3 &amp;&amp; wildList.indexOf(symbol) != -1): null

2019-08-24 12:56:38 - [TEST_STEP][PASSED] - if (i == 4 &amp;&amp; wildList.indexOf(symbol) != -1): null

2019-08-24 12:56:38 - [TEST_STEP][PASSED] - symbols = symbols: null

2019-08-24 12:56:38 - [TEST_STEP][PASSED] - for ([j = 0, j &lt; symbols.size(), (j++)]): null

2019-08-24 12:56:38 - [TEST_STEP][PASSED] - symbol = symbol: null

2019-08-24 12:56:38 - [TEST_STEP][PASSED] - println(symbol): null

2019-08-24 12:56:38 - [TEST_STEP][PASSED] - if (i == 2 &amp;&amp; wildList.indexOf(symbol) != -1): null

2019-08-24 12:56:38 - [TEST_STEP][PASSED] - if (i == 3 &amp;&amp; wildList.indexOf(symbol) != -1): null

2019-08-24 12:56:38 - [TEST_STEP][PASSED] - if (i == 4 &amp;&amp; wildList.indexOf(symbol) != -1): null

2019-08-24 12:56:38 - [TEST_STEP][PASSED] - symbol = symbol: null

2019-08-24 12:56:38 - [TEST_STEP][PASSED] - println(symbol): null

2019-08-24 12:56:38 - [TEST_STEP][PASSED] - if (i == 2 &amp;&amp; wildList.indexOf(symbol) != -1): null

2019-08-24 12:56:38 - [TEST_STEP][PASSED] - if (i == 3 &amp;&amp; wildList.indexOf(symbol) != -1): null

2019-08-24 12:56:38 - [TEST_STEP][PASSED] - if (i == 4 &amp;&amp; wildList.indexOf(symbol) != -1): null

2019-08-24 12:56:38 - [TEST_STEP][PASSED] - symbol = symbol: null

2019-08-24 12:56:38 - [TEST_STEP][PASSED] - println(symbol): null

2019-08-24 12:56:38 - [TEST_STEP][PASSED] - if (i == 2 &amp;&amp; wildList.indexOf(symbol) != -1): null

2019-08-24 12:56:38 - [TEST_STEP][PASSED] - if (i == 3 &amp;&amp; wildList.indexOf(symbol) != -1): null

2019-08-24 12:56:38 - [TEST_STEP][PASSED] - if (i == 4 &amp;&amp; wildList.indexOf(symbol) != -1): null

2019-08-24 12:56:38 - [TEST_STEP][PASSED] - symbols = symbols: null

2019-08-24 12:56:38 - [TEST_STEP][PASSED] - for ([j = 0, j &lt; symbols.size(), (j++)]): null

2019-08-24 12:56:38 - [TEST_STEP][PASSED] - symbol = symbol: null

2019-08-24 12:56:38 - [TEST_STEP][PASSED] - println(symbol): null

2019-08-24 12:56:38 - [TEST_STEP][PASSED] - if (i == 2 &amp;&amp; wildList.indexOf(symbol) != -1): null

2019-08-24 12:56:38 - [TEST_STEP][PASSED] - if (i == 3 &amp;&amp; wildList.indexOf(symbol) != -1): null

2019-08-24 12:56:38 - [TEST_STEP][PASSED] - if (i == 4 &amp;&amp; wildList.indexOf(symbol) != -1): null

2019-08-24 12:56:38 - [TEST_STEP][PASSED] - symbol = symbol: null

2019-08-24 12:56:38 - [TEST_STEP][PASSED] - println(symbol): null

2019-08-24 12:56:38 - [TEST_STEP][PASSED] - if (i == 2 &amp;&amp; wildList.indexOf(symbol) != -1): null

2019-08-24 12:56:38 - [TEST_STEP][PASSED] - if (i == 3 &amp;&amp; wildList.indexOf(symbol) != -1): null

2019-08-24 12:56:38 - [TEST_STEP][PASSED] - if (i == 4 &amp;&amp; wildList.indexOf(symbol) != -1): null

2019-08-24 12:56:38 - [TEST_STEP][PASSED] - symbol = symbol: null

2019-08-24 12:56:38 - [TEST_STEP][PASSED] - println(symbol): null

2019-08-24 12:56:38 - [TEST_STEP][PASSED] - if (i == 2 &amp;&amp; wildList.indexOf(symbol) != -1): null

2019-08-24 12:56:38 - [TEST_STEP][PASSED] - if (i == 3 &amp;&amp; wildList.indexOf(symbol) != -1): null

2019-08-24 12:56:38 - [TEST_STEP][PASSED] - if (i == 4 &amp;&amp; wildList.indexOf(symbol) != -1): null

2019-08-24 12:56:38 - [TEST_STEP][PASSED] - symbols = symbols: null

2019-08-24 12:56:38 - [TEST_STEP][PASSED] - for ([j = 0, j &lt; symbols.size(), (j++)]): null

2019-08-24 12:56:38 - [TEST_STEP][PASSED] - symbol = symbol: null

2019-08-24 12:56:38 - [TEST_STEP][PASSED] - println(symbol): null

2019-08-24 12:56:38 - [TEST_STEP][PASSED] - if (i == 2 &amp;&amp; wildList.indexOf(symbol) != -1): null

2019-08-24 12:56:38 - [TEST_STEP][PASSED] - if (i == 3 &amp;&amp; wildList.indexOf(symbol) != -1): null

2019-08-24 12:56:38 - [TEST_STEP][PASSED] - if (i == 4 &amp;&amp; wildList.indexOf(symbol) != -1): null

2019-08-24 12:56:38 - [TEST_STEP][PASSED] - symbol = symbol: null

2019-08-24 12:56:38 - [TEST_STEP][PASSED] - println(symbol): null

2019-08-24 12:56:38 - [TEST_STEP][PASSED] - if (i == 2 &amp;&amp; wildList.indexOf(symbol) != -1): null

2019-08-24 12:56:38 - [TEST_STEP][PASSED] - if (i == 3 &amp;&amp; wildList.indexOf(symbol) != -1): null

2019-08-24 12:56:38 - [TEST_STEP][PASSED] - if (i == 4 &amp;&amp; wildList.indexOf(symbol) != -1): null

2019-08-24 12:56:38 - [TEST_STEP][PASSED] - symbol = symbol: null

2019-08-24 12:56:38 - [TEST_STEP][PASSED] - println(symbol): null

2019-08-24 12:56:38 - [TEST_STEP][PASSED] - if (i == 2 &amp;&amp; wildList.indexOf(symbol) != -1): null

2019-08-24 12:56:38 - [TEST_STEP][PASSED] - if (i == 3 &amp;&amp; wildList.indexOf(symbol) != -1): null

2019-08-24 12:56:38 - [TEST_STEP][PASSED] - if (i == 4 &amp;&amp; wildList.indexOf(symbol) != -1): null

2019-08-24 12:56:38 - [TEST_STEP][PASSED] - free_spin_reel_counter = free_spin_reel_counter: null

2019-08-24 12:56:38 - [TEST_STEP][PASSED] - println("reel 3 wild found: " + free_spin_reel_counter[0]): null

2019-08-24 12:56:38 - [TEST_STEP][PASSED] - println("reel 4 wild found: " + free_spin_reel_counter[1]): null

2019-08-24 12:56:38 - [TEST_STEP][PASSED] - println("reel 5 wild found: " + free_spin_reel_counter[2]): null

2019-08-24 12:56:38 - [TEST_STEP][PASSED] - M4_spin_reels = M4_spin_reels: null

2019-08-24 12:56:38 - [TEST_STEP][PASSED] - M4_spin_reels_symbols = symbol: null

2019-08-24 12:56:38 - [TEST_STEP][PASSED] - M4_spin_reels_symbols = M4_spin_reels_symbols: null

2019-08-24 12:56:38 - [TEST_STEP][PASSED] - M4_spin_reel_wins = reel_wins: null

2019-08-24 12:56:38 - [TEST_STEP][PASSED] - M4_spin_reel_wins = M4_spin_reel_wins: null

2019-08-24 12:56:38 - [TEST_STEP][PASSED] - println("GlobalVariable.M4_spin_reel_wins is: " + M4_spin_reel_wins): null

2019-08-24 12:56:38 - [TEST_STEP][PASSED] - M4_spin_total_bonus_win_this_round = total_bonus_win_this_round: null

2019-08-24 12:56:38 - [TEST_STEP][PASSED] - M4_spin_total_bonus_win_this_round = M4_spin_total_bonus_win_this_round: null

2019-08-24 12:56:38 - [TEST_STEP][PASSED] - println("GlobalVariable.M4_spin_total_bonus_win_this_round is: " + M4_spin_total_bonus_win_this_round): null

2019-08-24 12:56:38 - [TEST_STEP][PASSED] - M4_spin_bonus_spin_result = spin_result: null

2019-08-24 12:56:38 - [TEST_STEP][PASSED] - M4_spin_bonus_spin_result = M4_spin_bonus_spin_result: null

2019-08-24 12:56:38 - [MESSAGE][PASSED] - Verify response successfully

2019-08-24 12:56:38 - [MESSAGE][PASSED] - Send request and verify the response successfully

2019-08-24 12:56:38 - [TEST_STEP][PASSED] - if (M4_total_bonus_spins_int != 0 &amp;&amp; M4_spin_reels_symbols[2].contains("WILD_Double") || M4_spin_reels_symbols[4].contains("WILD_Triple")): null

2019-08-24 12:56:38 - [TEST_STEP][PASSED] - free_spin_reel_counter = free_spin_reel_counter: null

2019-08-24 12:56:38 - [TEST_STEP][PASSED] - M4_spin_reels_symbols = M4_spin_reels_symbols: null

2019-08-24 12:56:38 - [TEST_STEP][PASSED] - M4_total_bonus_spins = M4_total_bonus_spins: null

2019-08-24 12:56:38 - [TEST_STEP][PASSED] - spin_result = sendRequestAndVerify(findTestObject("INT/RGS(M4)/1_M4_spin", ["M4_login_user_id":M4_login_user_id, "rgs_session_token":rgs_session_token, "partner":Partner])): Send request and verify the response successfully

2019-08-24 12:56:39 - [MESSAGE][INFO] - HAR: /Users/eiralee/Katalon_Script/SuperWild/Reports/20190824_124242/INT/superWild_4/20190824_124242/requests/main/246.har

2019-08-24 12:56:39 - [TEST_CASE][PASSED] - Start Test Case : Verification: Verification accomplished successfully

2019-08-24 12:56:39 - [TEST_STEP][PASSED] - request = getInstance().getCurrentRequest(): null

2019-08-24 12:56:39 - [TEST_STEP][PASSED] - response = getInstance().getCurrentResponse(): null

2019-08-24 12:56:39 - [TEST_STEP][PASSED] - verifyResponseStatusCode(response, 200): Verify response status code successfully

2019-08-24 12:56:39 - [MESSAGE][PASSED] - Verify response status code successfully

2019-08-24 12:56:39 - [TEST_STEP][PASSED] - getStatusCode()).isEqualTo(200): null

2019-08-24 12:56:39 - [TEST_STEP][PASSED] - newline = System.getProperty("line.separator"): null

2019-08-24 12:56:39 - [TEST_STEP][PASSED] - M4_spin = new groovy.json.JsonSlurper(): null

2019-08-24 12:56:39 - [TEST_STEP][PASSED] - result_M4_spin = M4_spin.parseText(response.getResponseBodyContent()): null

2019-08-24 12:56:39 - [TEST_STEP][PASSED] - M4_spin_current_balance = current_balance: null

2019-08-24 12:56:39 - [TEST_STEP][PASSED] - M4_spin_current_balance = M4_spin_current_balance: null

2019-08-24 12:56:39 - [TEST_STEP][PASSED] - M4_spin_transaction_id = causality: null

2019-08-24 12:56:39 - [TEST_STEP][PASSED] - M4_spin_transaction_id = M4_spin_transaction_id: null

2019-08-24 12:56:39 - [TEST_STEP][PASSED] - M4_spin_round_id = round_id: null

2019-08-24 12:56:39 - [TEST_STEP][PASSED] - M4_spin_round_id = M4_spin_round_id: null

2019-08-24 12:56:39 - [TEST_STEP][PASSED] - M4_spin_line_wins = line_wins: null

2019-08-24 12:56:39 - [TEST_STEP][PASSED] - M4_spin_line_wins = M4_spin_line_wins: null

2019-08-24 12:56:39 - [TEST_STEP][PASSED] - M4_total_bonus_spins_int = total_bonus_spins: null

2019-08-24 12:56:39 - [TEST_STEP][PASSED] - println("******M4_total_bonus_spins type is:*******" + newline + getClass().getName()): null

2019-08-24 12:56:39 - [TEST_STEP][PASSED] - M4_total_bonus_spins_int = M4_total_bonus_spins_int: null

2019-08-24 12:56:39 - [TEST_STEP][PASSED] - M4_total_bonus_spins = Integer.toString(M4_total_bonus_spins_int): null

2019-08-24 12:56:39 - [TEST_STEP][PASSED] - M4_total_bonus_spins = M4_total_bonus_spins: null

2019-08-24 12:56:39 - [TEST_STEP][PASSED] - println("M4_total_bonus_spins is:" + M4_total_bonus_spins): null

2019-08-24 12:56:39 - [TEST_STEP][PASSED] - M4_spin_bonus_data = bonus_data: null

2019-08-24 12:56:39 - [TEST_STEP][PASSED] - M4_spin_features_triggered = result_M4_spin: null

2019-08-24 12:56:39 - [TEST_STEP][PASSED] - wild = []: null

2019-08-24 12:56:39 - [TEST_STEP][PASSED] - wild[0] = "WILD_Expanding": null

2019-08-24 12:56:39 - [TEST_STEP][PASSED] - wild[1] = "WILD_Normal": null

2019-08-24 12:56:39 - [TEST_STEP][PASSED] - wild[2] = "WILD_Double": null

2019-08-24 12:56:39 - [TEST_STEP][PASSED] - wild[3] = "WILD_ExtraFG": null

2019-08-24 12:56:39 - [TEST_STEP][PASSED] - wild[4] = "WILD_Triple": null

2019-08-24 12:56:39 - [TEST_STEP][PASSED] - wildList = Arrays.asList(wild): null

2019-08-24 12:56:39 - [TEST_STEP][PASSED] - wildList = wildList: null

2019-08-24 12:56:39 - [TEST_STEP][PASSED] - free_spin_reel_counter = []: null

2019-08-24 12:56:39 - [TEST_STEP][PASSED] - free_spin_reel_counter[0] = 0: null

2019-08-24 12:56:39 - [TEST_STEP][PASSED] - free_spin_reel_counter[1] = 0: null

2019-08-24 12:56:39 - [TEST_STEP][PASSED] - free_spin_reel_counter[2] = 0: null

2019-08-24 12:56:39 - [TEST_STEP][PASSED] - M4_spin_reels = reels: null

2019-08-24 12:56:39 - [TEST_STEP][PASSED] - for ([i = 0, i &lt; M4_spin_reels.size(), (i++)]): null

2019-08-24 12:56:39 - [TEST_STEP][PASSED] - symbols = symbols: null

2019-08-24 12:56:39 - [TEST_STEP][PASSED] - for ([j = 0, j &lt; symbols.size(), (j++)]): null

2019-08-24 12:56:39 - [TEST_STEP][PASSED] - symbol = symbol: null

2019-08-24 12:56:39 - [TEST_STEP][PASSED] - println(symbol): null

2019-08-24 12:56:39 - [TEST_STEP][PASSED] - if (i == 2 &amp;&amp; wildList.indexOf(symbol) != -1): null

2019-08-24 12:56:39 - [TEST_STEP][PASSED] - if (i == 3 &amp;&amp; wildList.indexOf(symbol) != -1): null

2019-08-24 12:56:39 - [TEST_STEP][PASSED] - if (i == 4 &amp;&amp; wildList.indexOf(symbol) != -1): null

2019-08-24 12:56:39 - [TEST_STEP][PASSED] - symbol = symbol: null

2019-08-24 12:56:39 - [TEST_STEP][PASSED] - println(symbol): null

2019-08-24 12:56:39 - [TEST_STEP][PASSED] - if (i == 2 &amp;&amp; wildList.indexOf(symbol) != -1): null

2019-08-24 12:56:39 - [TEST_STEP][PASSED] - if (i == 3 &amp;&amp; wildList.indexOf(symbol) != -1): null

2019-08-24 12:56:39 - [TEST_STEP][PASSED] - if (i == 4 &amp;&amp; wildList.indexOf(symbol) != -1): null

2019-08-24 12:56:39 - [TEST_STEP][PASSED] - symbol = symbol: null

2019-08-24 12:56:39 - [TEST_STEP][PASSED] - println(symbol): null

2019-08-24 12:56:39 - [TEST_STEP][PASSED] - if (i == 2 &amp;&amp; wildList.indexOf(symbol) != -1): null

2019-08-24 12:56:39 - [TEST_STEP][PASSED] - if (i == 3 &amp;&amp; wildList.indexOf(symbol) != -1): null

2019-08-24 12:56:39 - [TEST_STEP][PASSED] - if (i == 4 &amp;&amp; wildList.indexOf(symbol) != -1): null

2019-08-24 12:56:39 - [TEST_STEP][PASSED] - symbols = symbols: null

2019-08-24 12:56:39 - [TEST_STEP][PASSED] - for ([j = 0, j &lt; symbols.size(), (j++)]): null

2019-08-24 12:56:39 - [TEST_STEP][PASSED] - symbol = symbol: null

2019-08-24 12:56:39 - [TEST_STEP][PASSED] - println(symbol): null

2019-08-24 12:56:39 - [TEST_STEP][PASSED] - if (i == 2 &amp;&amp; wildList.indexOf(symbol) != -1): null

2019-08-24 12:56:39 - [TEST_STEP][PASSED] - if (i == 3 &amp;&amp; wildList.indexOf(symbol) != -1): null

2019-08-24 12:56:39 - [TEST_STEP][PASSED] - if (i == 4 &amp;&amp; wildList.indexOf(symbol) != -1): null

2019-08-24 12:56:39 - [TEST_STEP][PASSED] - symbol = symbol: null

2019-08-24 12:56:39 - [TEST_STEP][PASSED] - println(symbol): null

2019-08-24 12:56:39 - [TEST_STEP][PASSED] - if (i == 2 &amp;&amp; wildList.indexOf(symbol) != -1): null

2019-08-24 12:56:39 - [TEST_STEP][PASSED] - if (i == 3 &amp;&amp; wildList.indexOf(symbol) != -1): null

2019-08-24 12:56:39 - [TEST_STEP][PASSED] - if (i == 4 &amp;&amp; wildList.indexOf(symbol) != -1): null

2019-08-24 12:56:39 - [TEST_STEP][PASSED] - symbol = symbol: null

2019-08-24 12:56:39 - [TEST_STEP][PASSED] - println(symbol): null

2019-08-24 12:56:39 - [TEST_STEP][PASSED] - if (i == 2 &amp;&amp; wildList.indexOf(symbol) != -1): null

2019-08-24 12:56:39 - [TEST_STEP][PASSED] - if (i == 3 &amp;&amp; wildList.indexOf(symbol) != -1): null

2019-08-24 12:56:39 - [TEST_STEP][PASSED] - if (i == 4 &amp;&amp; wildList.indexOf(symbol) != -1): null

2019-08-24 12:56:39 - [TEST_STEP][PASSED] - symbols = symbols: null

2019-08-24 12:56:39 - [TEST_STEP][PASSED] - for ([j = 0, j &lt; symbols.size(), (j++)]): null

2019-08-24 12:56:39 - [TEST_STEP][PASSED] - symbol = symbol: null

2019-08-24 12:56:39 - [TEST_STEP][PASSED] - println(symbol): null

2019-08-24 12:56:39 - [TEST_STEP][PASSED] - if (i == 2 &amp;&amp; wildList.indexOf(symbol) != -1): null

2019-08-24 12:56:39 - [TEST_STEP][PASSED] - if (i == 3 &amp;&amp; wildList.indexOf(symbol) != -1): null

2019-08-24 12:56:39 - [TEST_STEP][PASSED] - if (i == 4 &amp;&amp; wildList.indexOf(symbol) != -1): null

2019-08-24 12:56:39 - [TEST_STEP][PASSED] - symbol = symbol: null

2019-08-24 12:56:39 - [TEST_STEP][PASSED] - println(symbol): null

2019-08-24 12:56:39 - [TEST_STEP][PASSED] - if (i == 2 &amp;&amp; wildList.indexOf(symbol) != -1): null

2019-08-24 12:56:39 - [TEST_STEP][PASSED] - if (i == 3 &amp;&amp; wildList.indexOf(symbol) != -1): null

2019-08-24 12:56:39 - [TEST_STEP][PASSED] - if (i == 4 &amp;&amp; wildList.indexOf(symbol) != -1): null

2019-08-24 12:56:39 - [TEST_STEP][PASSED] - symbol = symbol: null

2019-08-24 12:56:39 - [TEST_STEP][PASSED] - println(symbol): null

2019-08-24 12:56:39 - [TEST_STEP][PASSED] - if (i == 2 &amp;&amp; wildList.indexOf(symbol) != -1): null

2019-08-24 12:56:39 - [TEST_STEP][PASSED] - if (i == 3 &amp;&amp; wildList.indexOf(symbol) != -1): null

2019-08-24 12:56:39 - [TEST_STEP][PASSED] - if (i == 4 &amp;&amp; wildList.indexOf(symbol) != -1): null

2019-08-24 12:56:39 - [TEST_STEP][PASSED] - symbols = symbols: null

2019-08-24 12:56:39 - [TEST_STEP][PASSED] - for ([j = 0, j &lt; symbols.size(), (j++)]): null

2019-08-24 12:56:39 - [TEST_STEP][PASSED] - symbol = symbol: null

2019-08-24 12:56:39 - [TEST_STEP][PASSED] - println(symbol): null

2019-08-24 12:56:39 - [TEST_STEP][PASSED] - if (i == 2 &amp;&amp; wildList.indexOf(symbol) != -1): null

2019-08-24 12:56:39 - [TEST_STEP][PASSED] - if (i == 3 &amp;&amp; wildList.indexOf(symbol) != -1): null

2019-08-24 12:56:39 - [TEST_STEP][PASSED] - if (i == 4 &amp;&amp; wildList.indexOf(symbol) != -1): null

2019-08-24 12:56:39 - [TEST_STEP][PASSED] - symbol = symbol: null

2019-08-24 12:56:39 - [TEST_STEP][PASSED] - println(symbol): null

2019-08-24 12:56:39 - [TEST_STEP][PASSED] - if (i == 2 &amp;&amp; wildList.indexOf(symbol) != -1): null

2019-08-24 12:56:39 - [TEST_STEP][PASSED] - if (i == 3 &amp;&amp; wildList.indexOf(symbol) != -1): null

2019-08-24 12:56:39 - [TEST_STEP][PASSED] - if (i == 4 &amp;&amp; wildList.indexOf(symbol) != -1): null

2019-08-24 12:56:39 - [TEST_STEP][PASSED] - symbol = symbol: null

2019-08-24 12:56:39 - [TEST_STEP][PASSED] - println(symbol): null

2019-08-24 12:56:39 - [TEST_STEP][PASSED] - if (i == 2 &amp;&amp; wildList.indexOf(symbol) != -1): null

2019-08-24 12:56:39 - [TEST_STEP][PASSED] - if (i == 3 &amp;&amp; wildList.indexOf(symbol) != -1): null

2019-08-24 12:56:39 - [TEST_STEP][PASSED] - if (i == 4 &amp;&amp; wildList.indexOf(symbol) != -1): null

2019-08-24 12:56:39 - [TEST_STEP][PASSED] - symbols = symbols: null

2019-08-24 12:56:39 - [TEST_STEP][PASSED] - for ([j = 0, j &lt; symbols.size(), (j++)]): null

2019-08-24 12:56:39 - [TEST_STEP][PASSED] - symbol = symbol: null

2019-08-24 12:56:39 - [TEST_STEP][PASSED] - println(symbol): null

2019-08-24 12:56:39 - [TEST_STEP][PASSED] - if (i == 2 &amp;&amp; wildList.indexOf(symbol) != -1): null

2019-08-24 12:56:39 - [TEST_STEP][PASSED] - if (i == 3 &amp;&amp; wildList.indexOf(symbol) != -1): null

2019-08-24 12:56:39 - [TEST_STEP][PASSED] - if (i == 4 &amp;&amp; wildList.indexOf(symbol) != -1): null

2019-08-24 12:56:39 - [TEST_STEP][PASSED] - symbol = symbol: null

2019-08-24 12:56:39 - [TEST_STEP][PASSED] - println(symbol): null

2019-08-24 12:56:39 - [TEST_STEP][PASSED] - if (i == 2 &amp;&amp; wildList.indexOf(symbol) != -1): null

2019-08-24 12:56:39 - [TEST_STEP][PASSED] - if (i == 3 &amp;&amp; wildList.indexOf(symbol) != -1): null

2019-08-24 12:56:39 - [TEST_STEP][PASSED] - if (i == 4 &amp;&amp; wildList.indexOf(symbol) != -1): null

2019-08-24 12:56:39 - [TEST_STEP][PASSED] - symbol = symbol: null

2019-08-24 12:56:39 - [TEST_STEP][PASSED] - println(symbol): null

2019-08-24 12:56:39 - [TEST_STEP][PASSED] - if (i == 2 &amp;&amp; wildList.indexOf(symbol) != -1): null

2019-08-24 12:56:39 - [TEST_STEP][PASSED] - if (i == 3 &amp;&amp; wildList.indexOf(symbol) != -1): null

2019-08-24 12:56:39 - [TEST_STEP][PASSED] - if (i == 4 &amp;&amp; wildList.indexOf(symbol) != -1): null

2019-08-24 12:56:39 - [TEST_STEP][PASSED] - free_spin_reel_counter = free_spin_reel_counter: null

2019-08-24 12:56:39 - [TEST_STEP][PASSED] - println("reel 3 wild found: " + free_spin_reel_counter[0]): null

2019-08-24 12:56:39 - [TEST_STEP][PASSED] - println("reel 4 wild found: " + free_spin_reel_counter[1]): null

2019-08-24 12:56:39 - [TEST_STEP][PASSED] - println("reel 5 wild found: " + free_spin_reel_counter[2]): null

2019-08-24 12:56:39 - [TEST_STEP][PASSED] - M4_spin_reels = M4_spin_reels: null

2019-08-24 12:56:39 - [TEST_STEP][PASSED] - M4_spin_reels_symbols = symbol: null

2019-08-24 12:56:39 - [TEST_STEP][PASSED] - M4_spin_reels_symbols = M4_spin_reels_symbols: null

2019-08-24 12:56:39 - [TEST_STEP][PASSED] - M4_spin_reel_wins = reel_wins: null

2019-08-24 12:56:39 - [TEST_STEP][PASSED] - M4_spin_reel_wins = M4_spin_reel_wins: null

2019-08-24 12:56:39 - [TEST_STEP][PASSED] - println("GlobalVariable.M4_spin_reel_wins is: " + M4_spin_reel_wins): null

2019-08-24 12:56:39 - [TEST_STEP][PASSED] - M4_spin_total_bonus_win_this_round = total_bonus_win_this_round: null

2019-08-24 12:56:39 - [TEST_STEP][PASSED] - M4_spin_total_bonus_win_this_round = M4_spin_total_bonus_win_this_round: null

2019-08-24 12:56:39 - [TEST_STEP][PASSED] - println("GlobalVariable.M4_spin_total_bonus_win_this_round is: " + M4_spin_total_bonus_win_this_round): null

2019-08-24 12:56:39 - [TEST_STEP][PASSED] - M4_spin_bonus_spin_result = spin_result: null

2019-08-24 12:56:39 - [TEST_STEP][PASSED] - M4_spin_bonus_spin_result = M4_spin_bonus_spin_result: null

2019-08-24 12:56:39 - [MESSAGE][PASSED] - Verify response successfully

2019-08-24 12:56:39 - [MESSAGE][PASSED] - Send request and verify the response successfully

2019-08-24 12:56:39 - [TEST_STEP][PASSED] - if (M4_total_bonus_spins_int != 0 &amp;&amp; M4_spin_reels_symbols[2].contains("WILD_Double") || M4_spin_reels_symbols[4].contains("WILD_Triple")): null

2019-08-24 12:56:39 - [TEST_STEP][PASSED] - free_spin_reel_counter = free_spin_reel_counter: null

2019-08-24 12:56:39 - [TEST_STEP][PASSED] - M4_spin_reels_symbols = M4_spin_reels_symbols: null

2019-08-24 12:56:39 - [TEST_STEP][PASSED] - M4_total_bonus_spins = M4_total_bonus_spins: null

2019-08-24 12:56:39 - [TEST_STEP][PASSED] - spin_result = sendRequestAndVerify(findTestObject("INT/RGS(M4)/1_M4_spin", ["M4_login_user_id":M4_login_user_id, "rgs_session_token":rgs_session_token, "partner":Partner])): Send request and verify the response successfully

2019-08-24 12:56:39 - [MESSAGE][INFO] - HAR: /Users/eiralee/Katalon_Script/SuperWild/Reports/20190824_124242/INT/superWild_4/20190824_124242/requests/main/247.har

2019-08-24 12:56:39 - [TEST_CASE][PASSED] - Start Test Case : Verification: Verification accomplished successfully

2019-08-24 12:56:40 - [TEST_STEP][PASSED] - request = getInstance().getCurrentRequest(): null

2019-08-24 12:56:40 - [TEST_STEP][PASSED] - response = getInstance().getCurrentResponse(): null

2019-08-24 12:56:40 - [TEST_STEP][PASSED] - verifyResponseStatusCode(response, 200): Verify response status code successfully

2019-08-24 12:56:40 - [MESSAGE][PASSED] - Verify response status code successfully

2019-08-24 12:56:40 - [TEST_STEP][PASSED] - getStatusCode()).isEqualTo(200): null

2019-08-24 12:56:40 - [TEST_STEP][PASSED] - newline = System.getProperty("line.separator"): null

2019-08-24 12:56:40 - [TEST_STEP][PASSED] - M4_spin = new groovy.json.JsonSlurper(): null

2019-08-24 12:56:40 - [TEST_STEP][PASSED] - result_M4_spin = M4_spin.parseText(response.getResponseBodyContent()): null

2019-08-24 12:56:40 - [TEST_STEP][PASSED] - M4_spin_current_balance = current_balance: null

2019-08-24 12:56:40 - [TEST_STEP][PASSED] - M4_spin_current_balance = M4_spin_current_balance: null

2019-08-24 12:56:40 - [TEST_STEP][PASSED] - M4_spin_transaction_id = causality: null

2019-08-24 12:56:40 - [TEST_STEP][PASSED] - M4_spin_transaction_id = M4_spin_transaction_id: null

2019-08-24 12:56:40 - [TEST_STEP][PASSED] - M4_spin_round_id = round_id: null

2019-08-24 12:56:40 - [TEST_STEP][PASSED] - M4_spin_round_id = M4_spin_round_id: null

2019-08-24 12:56:40 - [TEST_STEP][PASSED] - M4_spin_line_wins = line_wins: null

2019-08-24 12:56:40 - [TEST_STEP][PASSED] - M4_spin_line_wins = M4_spin_line_wins: null

2019-08-24 12:56:40 - [TEST_STEP][PASSED] - M4_total_bonus_spins_int = total_bonus_spins: null

2019-08-24 12:56:40 - [TEST_STEP][PASSED] - println("******M4_total_bonus_spins type is:*******" + newline + getClass().getName()): null

2019-08-24 12:56:40 - [TEST_STEP][PASSED] - M4_total_bonus_spins_int = M4_total_bonus_spins_int: null

2019-08-24 12:56:40 - [TEST_STEP][PASSED] - M4_total_bonus_spins = Integer.toString(M4_total_bonus_spins_int): null

2019-08-24 12:56:40 - [TEST_STEP][PASSED] - M4_total_bonus_spins = M4_total_bonus_spins: null

2019-08-24 12:56:40 - [TEST_STEP][PASSED] - println("M4_total_bonus_spins is:" + M4_total_bonus_spins): null

2019-08-24 12:56:40 - [TEST_STEP][PASSED] - M4_spin_bonus_data = bonus_data: null

2019-08-24 12:56:40 - [TEST_STEP][PASSED] - M4_spin_features_triggered = result_M4_spin: null

2019-08-24 12:56:40 - [TEST_STEP][PASSED] - wild = []: null

2019-08-24 12:56:40 - [TEST_STEP][PASSED] - wild[0] = "WILD_Expanding": null

2019-08-24 12:56:40 - [TEST_STEP][PASSED] - wild[1] = "WILD_Normal": null

2019-08-24 12:56:40 - [TEST_STEP][PASSED] - wild[2] = "WILD_Double": null

2019-08-24 12:56:40 - [TEST_STEP][PASSED] - wild[3] = "WILD_ExtraFG": null

2019-08-24 12:56:40 - [TEST_STEP][PASSED] - wild[4] = "WILD_Triple": null

2019-08-24 12:56:40 - [TEST_STEP][PASSED] - wildList = Arrays.asList(wild): null

2019-08-24 12:56:40 - [TEST_STEP][PASSED] - wildList = wildList: null

2019-08-24 12:56:40 - [TEST_STEP][PASSED] - free_spin_reel_counter = []: null

2019-08-24 12:56:40 - [TEST_STEP][PASSED] - free_spin_reel_counter[0] = 0: null

2019-08-24 12:56:40 - [TEST_STEP][PASSED] - free_spin_reel_counter[1] = 0: null

2019-08-24 12:56:40 - [TEST_STEP][PASSED] - free_spin_reel_counter[2] = 0: null

2019-08-24 12:56:40 - [TEST_STEP][PASSED] - M4_spin_reels = reels: null

2019-08-24 12:56:40 - [TEST_STEP][PASSED] - for ([i = 0, i &lt; M4_spin_reels.size(), (i++)]): null

2019-08-24 12:56:40 - [TEST_STEP][PASSED] - symbols = symbols: null

2019-08-24 12:56:40 - [TEST_STEP][PASSED] - for ([j = 0, j &lt; symbols.size(), (j++)]): null

2019-08-24 12:56:40 - [TEST_STEP][PASSED] - symbol = symbol: null

2019-08-24 12:56:40 - [TEST_STEP][PASSED] - println(symbol): null

2019-08-24 12:56:40 - [TEST_STEP][PASSED] - if (i == 2 &amp;&amp; wildList.indexOf(symbol) != -1): null

2019-08-24 12:56:40 - [TEST_STEP][PASSED] - if (i == 3 &amp;&amp; wildList.indexOf(symbol) != -1): null

2019-08-24 12:56:40 - [TEST_STEP][PASSED] - if (i == 4 &amp;&amp; wildList.indexOf(symbol) != -1): null

2019-08-24 12:56:40 - [TEST_STEP][PASSED] - symbol = symbol: null

2019-08-24 12:56:40 - [TEST_STEP][PASSED] - println(symbol): null

2019-08-24 12:56:40 - [TEST_STEP][PASSED] - if (i == 2 &amp;&amp; wildList.indexOf(symbol) != -1): null

2019-08-24 12:56:40 - [TEST_STEP][PASSED] - if (i == 3 &amp;&amp; wildList.indexOf(symbol) != -1): null

2019-08-24 12:56:40 - [TEST_STEP][PASSED] - if (i == 4 &amp;&amp; wildList.indexOf(symbol) != -1): null

2019-08-24 12:56:40 - [TEST_STEP][PASSED] - symbol = symbol: null

2019-08-24 12:56:40 - [TEST_STEP][PASSED] - println(symbol): null

2019-08-24 12:56:40 - [TEST_STEP][PASSED] - if (i == 2 &amp;&amp; wildList.indexOf(symbol) != -1): null

2019-08-24 12:56:40 - [TEST_STEP][PASSED] - if (i == 3 &amp;&amp; wildList.indexOf(symbol) != -1): null

2019-08-24 12:56:40 - [TEST_STEP][PASSED] - if (i == 4 &amp;&amp; wildList.indexOf(symbol) != -1): null

2019-08-24 12:56:40 - [TEST_STEP][PASSED] - symbols = symbols: null

2019-08-24 12:56:40 - [TEST_STEP][PASSED] - for ([j = 0, j &lt; symbols.size(), (j++)]): null

2019-08-24 12:56:40 - [TEST_STEP][PASSED] - symbol = symbol: null

2019-08-24 12:56:40 - [TEST_STEP][PASSED] - println(symbol): null

2019-08-24 12:56:40 - [TEST_STEP][PASSED] - if (i == 2 &amp;&amp; wildList.indexOf(symbol) != -1): null

2019-08-24 12:56:40 - [TEST_STEP][PASSED] - if (i == 3 &amp;&amp; wildList.indexOf(symbol) != -1): null

2019-08-24 12:56:40 - [TEST_STEP][PASSED] - if (i == 4 &amp;&amp; wildList.indexOf(symbol) != -1): null

2019-08-24 12:56:40 - [TEST_STEP][PASSED] - symbol = symbol: null

2019-08-24 12:56:40 - [TEST_STEP][PASSED] - println(symbol): null

2019-08-24 12:56:40 - [TEST_STEP][PASSED] - if (i == 2 &amp;&amp; wildList.indexOf(symbol) != -1): null

2019-08-24 12:56:40 - [TEST_STEP][PASSED] - if (i == 3 &amp;&amp; wildList.indexOf(symbol) != -1): null

2019-08-24 12:56:40 - [TEST_STEP][PASSED] - if (i == 4 &amp;&amp; wildList.indexOf(symbol) != -1): null

2019-08-24 12:56:40 - [TEST_STEP][PASSED] - symbol = symbol: null

2019-08-24 12:56:40 - [TEST_STEP][PASSED] - println(symbol): null

2019-08-24 12:56:40 - [TEST_STEP][PASSED] - if (i == 2 &amp;&amp; wildList.indexOf(symbol) != -1): null

2019-08-24 12:56:40 - [TEST_STEP][PASSED] - if (i == 3 &amp;&amp; wildList.indexOf(symbol) != -1): null

2019-08-24 12:56:40 - [TEST_STEP][PASSED] - if (i == 4 &amp;&amp; wildList.indexOf(symbol) != -1): null

2019-08-24 12:56:40 - [TEST_STEP][PASSED] - symbols = symbols: null

2019-08-24 12:56:40 - [TEST_STEP][PASSED] - for ([j = 0, j &lt; symbols.size(), (j++)]): null

2019-08-24 12:56:40 - [TEST_STEP][PASSED] - symbol = symbol: null

2019-08-24 12:56:40 - [TEST_STEP][PASSED] - println(symbol): null

2019-08-24 12:56:40 - [TEST_STEP][PASSED] - if (i == 2 &amp;&amp; wildList.indexOf(symbol) != -1): null

2019-08-24 12:56:40 - [TEST_STEP][PASSED] - println("wild found on reel 3, adding counter by 1"): null

2019-08-24 12:56:40 - [TEST_STEP][PASSED] - free_spin_reel_counter[0] = free_spin_reel_counter[0] + 1: null

2019-08-24 12:56:40 - [TEST_STEP][PASSED] - if (i == 3 &amp;&amp; wildList.indexOf(symbol) != -1): null

2019-08-24 12:56:40 - [TEST_STEP][PASSED] - if (i == 4 &amp;&amp; wildList.indexOf(symbol) != -1): null

2019-08-24 12:56:40 - [TEST_STEP][PASSED] - symbol = symbol: null

2019-08-24 12:56:40 - [TEST_STEP][PASSED] - println(symbol): null

2019-08-24 12:56:40 - [TEST_STEP][PASSED] - if (i == 2 &amp;&amp; wildList.indexOf(symbol) != -1): null

2019-08-24 12:56:40 - [TEST_STEP][PASSED] - if (i == 3 &amp;&amp; wildList.indexOf(symbol) != -1): null

2019-08-24 12:56:40 - [TEST_STEP][PASSED] - if (i == 4 &amp;&amp; wildList.indexOf(symbol) != -1): null

2019-08-24 12:56:40 - [TEST_STEP][PASSED] - symbol = symbol: null

2019-08-24 12:56:40 - [TEST_STEP][PASSED] - println(symbol): null

2019-08-24 12:56:40 - [TEST_STEP][PASSED] - if (i == 2 &amp;&amp; wildList.indexOf(symbol) != -1): null

2019-08-24 12:56:40 - [TEST_STEP][PASSED] - if (i == 3 &amp;&amp; wildList.indexOf(symbol) != -1): null

2019-08-24 12:56:40 - [TEST_STEP][PASSED] - if (i == 4 &amp;&amp; wildList.indexOf(symbol) != -1): null

2019-08-24 12:56:40 - [TEST_STEP][PASSED] - symbols = symbols: null

2019-08-24 12:56:40 - [TEST_STEP][PASSED] - for ([j = 0, j &lt; symbols.size(), (j++)]): null

2019-08-24 12:56:40 - [TEST_STEP][PASSED] - symbol = symbol: null

2019-08-24 12:56:40 - [TEST_STEP][PASSED] - println(symbol): null

2019-08-24 12:56:40 - [TEST_STEP][PASSED] - if (i == 2 &amp;&amp; wildList.indexOf(symbol) != -1): null

2019-08-24 12:56:40 - [TEST_STEP][PASSED] - if (i == 3 &amp;&amp; wildList.indexOf(symbol) != -1): null

2019-08-24 12:56:40 - [TEST_STEP][PASSED] - if (i == 4 &amp;&amp; wildList.indexOf(symbol) != -1): null

2019-08-24 12:56:40 - [TEST_STEP][PASSED] - symbol = symbol: null

2019-08-24 12:56:40 - [TEST_STEP][PASSED] - println(symbol): null

2019-08-24 12:56:40 - [TEST_STEP][PASSED] - if (i == 2 &amp;&amp; wildList.indexOf(symbol) != -1): null

2019-08-24 12:56:40 - [TEST_STEP][PASSED] - if (i == 3 &amp;&amp; wildList.indexOf(symbol) != -1): null

2019-08-24 12:56:40 - [TEST_STEP][PASSED] - if (i == 4 &amp;&amp; wildList.indexOf(symbol) != -1): null

2019-08-24 12:56:40 - [TEST_STEP][PASSED] - symbol = symbol: null

2019-08-24 12:56:40 - [TEST_STEP][PASSED] - println(symbol): null

2019-08-24 12:56:40 - [TEST_STEP][PASSED] - if (i == 2 &amp;&amp; wildList.indexOf(symbol) != -1): null

2019-08-24 12:56:40 - [TEST_STEP][PASSED] - if (i == 3 &amp;&amp; wildList.indexOf(symbol) != -1): null

2019-08-24 12:56:40 - [TEST_STEP][PASSED] - if (i == 4 &amp;&amp; wildList.indexOf(symbol) != -1): null

2019-08-24 12:56:40 - [TEST_STEP][PASSED] - symbols = symbols: null

2019-08-24 12:56:40 - [TEST_STEP][PASSED] - for ([j = 0, j &lt; symbols.size(), (j++)]): null

2019-08-24 12:56:40 - [TEST_STEP][PASSED] - symbol = symbol: null

2019-08-24 12:56:43 - [TEST_STEP][PASSED] - println(symbol): null

2019-08-24 12:56:45 - [TEST_STEP][PASSED] - if (i == 2 &amp;&amp; wildList.indexOf(symbol) != -1): null

2019-08-24 12:56:45 - [TEST_STEP][PASSED] - if (i == 3 &amp;&amp; wildList.indexOf(symbol) != -1): null

2019-08-24 12:56:45 - [TEST_STEP][PASSED] - if (i == 4 &amp;&amp; wildList.indexOf(symbol) != -1): null

2019-08-24 12:56:45 - [TEST_STEP][PASSED] - symbol = symbol: null

2019-08-24 12:56:45 - [TEST_STEP][PASSED] - println(symbol): null

2019-08-24 12:56:45 - [TEST_STEP][PASSED] - if (i == 2 &amp;&amp; wildList.indexOf(symbol) != -1): null

2019-08-24 12:56:45 - [TEST_STEP][PASSED] - if (i == 3 &amp;&amp; wildList.indexOf(symbol) != -1): null

2019-08-24 12:56:45 - [TEST_STEP][PASSED] - if (i == 4 &amp;&amp; wildList.indexOf(symbol) != -1): null

2019-08-24 12:56:45 - [TEST_STEP][PASSED] - symbol = symbol: null

2019-08-24 12:56:45 - [TEST_STEP][PASSED] - println(symbol): null

2019-08-24 12:56:45 - [TEST_STEP][PASSED] - if (i == 2 &amp;&amp; wildList.indexOf(symbol) != -1): null

2019-08-24 12:56:45 - [TEST_STEP][PASSED] - if (i == 3 &amp;&amp; wildList.indexOf(symbol) != -1): null

2019-08-24 12:56:45 - [TEST_STEP][PASSED] - if (i == 4 &amp;&amp; wildList.indexOf(symbol) != -1): null

2019-08-24 12:56:45 - [TEST_STEP][PASSED] - free_spin_reel_counter = free_spin_reel_counter: null

2019-08-24 12:56:45 - [TEST_STEP][PASSED] - println("reel 3 wild found: " + free_spin_reel_counter[0]): null

2019-08-24 12:56:45 - [TEST_STEP][PASSED] - println("reel 4 wild found: " + free_spin_reel_counter[1]): null

2019-08-24 12:56:45 - [TEST_STEP][PASSED] - println("reel 5 wild found: " + free_spin_reel_counter[2]): null

2019-08-24 12:56:45 - [TEST_STEP][PASSED] - M4_spin_reels = M4_spin_reels: null

2019-08-24 12:56:45 - [TEST_STEP][PASSED] - M4_spin_reels_symbols = symbol: null

2019-08-24 12:56:45 - [TEST_STEP][PASSED] - M4_spin_reels_symbols = M4_spin_reels_symbols: null

2019-08-24 12:56:45 - [TEST_STEP][PASSED] - M4_spin_reel_wins = reel_wins: null

2019-08-24 12:56:45 - [TEST_STEP][PASSED] - M4_spin_reel_wins = M4_spin_reel_wins: null

2019-08-24 12:56:45 - [TEST_STEP][PASSED] - println("GlobalVariable.M4_spin_reel_wins is: " + M4_spin_reel_wins): null

2019-08-24 12:56:45 - [TEST_STEP][PASSED] - M4_spin_total_bonus_win_this_round = total_bonus_win_this_round: null

2019-08-24 12:56:45 - [TEST_STEP][PASSED] - M4_spin_total_bonus_win_this_round = M4_spin_total_bonus_win_this_round: null

2019-08-24 12:56:45 - [TEST_STEP][PASSED] - println("GlobalVariable.M4_spin_total_bonus_win_this_round is: " + M4_spin_total_bonus_win_this_round): null

2019-08-24 12:56:45 - [TEST_STEP][PASSED] - M4_spin_bonus_spin_result = spin_result: null

2019-08-24 12:56:45 - [TEST_STEP][PASSED] - M4_spin_bonus_spin_result = M4_spin_bonus_spin_result: null

2019-08-24 12:56:45 - [MESSAGE][PASSED] - Verify response successfully

2019-08-24 12:56:45 - [MESSAGE][PASSED] - Send request and verify the response successfully

2019-08-24 12:56:45 - [TEST_STEP][PASSED] - if (M4_total_bonus_spins_int != 0 &amp;&amp; M4_spin_reels_symbols[2].contains("WILD_Double") || M4_spin_reels_symbols[4].contains("WILD_Triple")): null

2019-08-24 12:56:45 - [TEST_STEP][PASSED] - free_spin_reel_counter = free_spin_reel_counter: null

2019-08-24 12:56:45 - [TEST_STEP][PASSED] - M4_spin_reels_symbols = M4_spin_reels_symbols: null

2019-08-24 12:56:45 - [TEST_STEP][PASSED] - M4_total_bonus_spins = M4_total_bonus_spins: null

2019-08-24 12:56:45 - [TEST_STEP][PASSED] - spin_result = sendRequestAndVerify(findTestObject("INT/RGS(M4)/1_M4_spin", ["M4_login_user_id":M4_login_user_id, "rgs_session_token":rgs_session_token, "partner":Partner])): Send request and verify the response successfully

2019-08-24 12:56:46 - [MESSAGE][INFO] - HAR: /Users/eiralee/Katalon_Script/SuperWild/Reports/20190824_124242/INT/superWild_4/20190824_124242/requests/main/248.har

2019-08-24 12:56:46 - [TEST_CASE][PASSED] - Start Test Case : Verification: Verification accomplished successfully

2019-08-24 12:56:46 - [TEST_STEP][PASSED] - request = getInstance().getCurrentRequest(): null

2019-08-24 12:56:46 - [TEST_STEP][PASSED] - response = getInstance().getCurrentResponse(): null

2019-08-24 12:56:46 - [TEST_STEP][PASSED] - verifyResponseStatusCode(response, 200): Verify response status code successfully

2019-08-24 12:56:46 - [MESSAGE][PASSED] - Verify response status code successfully

2019-08-24 12:56:46 - [TEST_STEP][PASSED] - getStatusCode()).isEqualTo(200): null

2019-08-24 12:56:46 - [TEST_STEP][PASSED] - newline = System.getProperty("line.separator"): null

2019-08-24 12:56:46 - [TEST_STEP][PASSED] - M4_spin = new groovy.json.JsonSlurper(): null

2019-08-24 12:56:46 - [TEST_STEP][PASSED] - result_M4_spin = M4_spin.parseText(response.getResponseBodyContent()): null

2019-08-24 12:56:46 - [TEST_STEP][PASSED] - M4_spin_current_balance = current_balance: null

2019-08-24 12:56:46 - [TEST_STEP][PASSED] - M4_spin_current_balance = M4_spin_current_balance: null

2019-08-24 12:56:46 - [TEST_STEP][PASSED] - M4_spin_transaction_id = causality: null

2019-08-24 12:56:46 - [TEST_STEP][PASSED] - M4_spin_transaction_id = M4_spin_transaction_id: null

2019-08-24 12:56:46 - [TEST_STEP][PASSED] - M4_spin_round_id = round_id: null

2019-08-24 12:56:46 - [TEST_STEP][PASSED] - M4_spin_round_id = M4_spin_round_id: null

2019-08-24 12:56:46 - [TEST_STEP][PASSED] - M4_spin_line_wins = line_wins: null

2019-08-24 12:56:46 - [TEST_STEP][PASSED] - M4_spin_line_wins = M4_spin_line_wins: null

2019-08-24 12:56:46 - [TEST_STEP][PASSED] - M4_total_bonus_spins_int = total_bonus_spins: null

2019-08-24 12:56:46 - [TEST_STEP][PASSED] - println("******M4_total_bonus_spins type is:*******" + newline + getClass().getName()): null

2019-08-24 12:56:46 - [TEST_STEP][PASSED] - M4_total_bonus_spins_int = M4_total_bonus_spins_int: null

2019-08-24 12:56:46 - [TEST_STEP][PASSED] - M4_total_bonus_spins = Integer.toString(M4_total_bonus_spins_int): null

2019-08-24 12:56:46 - [TEST_STEP][PASSED] - M4_total_bonus_spins = M4_total_bonus_spins: null

2019-08-24 12:56:46 - [TEST_STEP][PASSED] - println("M4_total_bonus_spins is:" + M4_total_bonus_spins): null

2019-08-24 12:56:46 - [TEST_STEP][PASSED] - M4_spin_bonus_data = bonus_data: null

2019-08-24 12:56:46 - [TEST_STEP][PASSED] - M4_spin_features_triggered = result_M4_spin: null

2019-08-24 12:56:46 - [TEST_STEP][PASSED] - wild = []: null

2019-08-24 12:56:46 - [TEST_STEP][PASSED] - wild[0] = "WILD_Expanding": null

2019-08-24 12:56:46 - [TEST_STEP][PASSED] - wild[1] = "WILD_Normal": null

2019-08-24 12:56:46 - [TEST_STEP][PASSED] - wild[2] = "WILD_Double": null

2019-08-24 12:56:46 - [TEST_STEP][PASSED] - wild[3] = "WILD_ExtraFG": null

2019-08-24 12:56:46 - [TEST_STEP][PASSED] - wild[4] = "WILD_Triple": null

2019-08-24 12:56:46 - [TEST_STEP][PASSED] - wildList = Arrays.asList(wild): null

2019-08-24 12:56:46 - [TEST_STEP][PASSED] - wildList = wildList: null

2019-08-24 12:56:46 - [TEST_STEP][PASSED] - free_spin_reel_counter = []: null

2019-08-24 12:56:46 - [TEST_STEP][PASSED] - free_spin_reel_counter[0] = 0: null

2019-08-24 12:56:46 - [TEST_STEP][PASSED] - free_spin_reel_counter[1] = 0: null

2019-08-24 12:56:46 - [TEST_STEP][PASSED] - free_spin_reel_counter[2] = 0: null

2019-08-24 12:56:46 - [TEST_STEP][PASSED] - M4_spin_reels = reels: null

2019-08-24 12:56:46 - [TEST_STEP][PASSED] - for ([i = 0, i &lt; M4_spin_reels.size(), (i++)]): null

2019-08-24 12:56:46 - [TEST_STEP][PASSED] - symbols = symbols: null

2019-08-24 12:56:46 - [TEST_STEP][PASSED] - for ([j = 0, j &lt; symbols.size(), (j++)]): null

2019-08-24 12:56:46 - [TEST_STEP][PASSED] - symbol = symbol: null

2019-08-24 12:56:46 - [TEST_STEP][PASSED] - println(symbol): null

2019-08-24 12:56:46 - [TEST_STEP][PASSED] - if (i == 2 &amp;&amp; wildList.indexOf(symbol) != -1): null

2019-08-24 12:56:46 - [TEST_STEP][PASSED] - if (i == 3 &amp;&amp; wildList.indexOf(symbol) != -1): null

2019-08-24 12:56:46 - [TEST_STEP][PASSED] - if (i == 4 &amp;&amp; wildList.indexOf(symbol) != -1): null

2019-08-24 12:56:46 - [TEST_STEP][PASSED] - symbol = symbol: null

2019-08-24 12:56:46 - [TEST_STEP][PASSED] - println(symbol): null

2019-08-24 12:56:46 - [TEST_STEP][PASSED] - if (i == 2 &amp;&amp; wildList.indexOf(symbol) != -1): null

2019-08-24 12:56:46 - [TEST_STEP][PASSED] - if (i == 3 &amp;&amp; wildList.indexOf(symbol) != -1): null

2019-08-24 12:56:46 - [TEST_STEP][PASSED] - if (i == 4 &amp;&amp; wildList.indexOf(symbol) != -1): null

2019-08-24 12:56:46 - [TEST_STEP][PASSED] - symbol = symbol: null

2019-08-24 12:56:46 - [TEST_STEP][PASSED] - println(symbol): null

2019-08-24 12:56:46 - [TEST_STEP][PASSED] - if (i == 2 &amp;&amp; wildList.indexOf(symbol) != -1): null

2019-08-24 12:56:46 - [TEST_STEP][PASSED] - if (i == 3 &amp;&amp; wildList.indexOf(symbol) != -1): null

2019-08-24 12:56:46 - [TEST_STEP][PASSED] - if (i == 4 &amp;&amp; wildList.indexOf(symbol) != -1): null

2019-08-24 12:56:46 - [TEST_STEP][PASSED] - symbols = symbols: null

2019-08-24 12:56:46 - [TEST_STEP][PASSED] - for ([j = 0, j &lt; symbols.size(), (j++)]): null

2019-08-24 12:56:46 - [TEST_STEP][PASSED] - symbol = symbol: null

2019-08-24 12:56:46 - [TEST_STEP][PASSED] - println(symbol): null

2019-08-24 12:56:46 - [TEST_STEP][PASSED] - if (i == 2 &amp;&amp; wildList.indexOf(symbol) != -1): null

2019-08-24 12:56:46 - [TEST_STEP][PASSED] - if (i == 3 &amp;&amp; wildList.indexOf(symbol) != -1): null

2019-08-24 12:56:46 - [TEST_STEP][PASSED] - if (i == 4 &amp;&amp; wildList.indexOf(symbol) != -1): null

2019-08-24 12:56:46 - [TEST_STEP][PASSED] - symbol = symbol: null

2019-08-24 12:56:46 - [TEST_STEP][PASSED] - println(symbol): null

2019-08-24 12:56:46 - [TEST_STEP][PASSED] - if (i == 2 &amp;&amp; wildList.indexOf(symbol) != -1): null

2019-08-24 12:56:46 - [TEST_STEP][PASSED] - if (i == 3 &amp;&amp; wildList.indexOf(symbol) != -1): null

2019-08-24 12:56:46 - [TEST_STEP][PASSED] - if (i == 4 &amp;&amp; wildList.indexOf(symbol) != -1): null

2019-08-24 12:56:46 - [TEST_STEP][PASSED] - symbol = symbol: null

2019-08-24 12:56:46 - [TEST_STEP][PASSED] - println(symbol): null

2019-08-24 12:56:46 - [TEST_STEP][PASSED] - if (i == 2 &amp;&amp; wildList.indexOf(symbol) != -1): null

2019-08-24 12:56:46 - [TEST_STEP][PASSED] - if (i == 3 &amp;&amp; wildList.indexOf(symbol) != -1): null

2019-08-24 12:56:46 - [TEST_STEP][PASSED] - if (i == 4 &amp;&amp; wildList.indexOf(symbol) != -1): null

2019-08-24 12:56:46 - [TEST_STEP][PASSED] - symbols = symbols: null

2019-08-24 12:56:46 - [TEST_STEP][PASSED] - for ([j = 0, j &lt; symbols.size(), (j++)]): null

2019-08-24 12:56:46 - [TEST_STEP][PASSED] - symbol = symbol: null

2019-08-24 12:56:46 - [TEST_STEP][PASSED] - println(symbol): null

2019-08-24 12:56:46 - [TEST_STEP][PASSED] - if (i == 2 &amp;&amp; wildList.indexOf(symbol) != -1): null

2019-08-24 12:56:46 - [TEST_STEP][PASSED] - if (i == 3 &amp;&amp; wildList.indexOf(symbol) != -1): null

2019-08-24 12:56:46 - [TEST_STEP][PASSED] - if (i == 4 &amp;&amp; wildList.indexOf(symbol) != -1): null

2019-08-24 12:56:46 - [TEST_STEP][PASSED] - symbol = symbol: null

2019-08-24 12:56:46 - [TEST_STEP][PASSED] - println(symbol): null

2019-08-24 12:56:46 - [TEST_STEP][PASSED] - if (i == 2 &amp;&amp; wildList.indexOf(symbol) != -1): null

2019-08-24 12:56:46 - [TEST_STEP][PASSED] - if (i == 3 &amp;&amp; wildList.indexOf(symbol) != -1): null

2019-08-24 12:56:46 - [TEST_STEP][PASSED] - if (i == 4 &amp;&amp; wildList.indexOf(symbol) != -1): null

2019-08-24 12:56:46 - [TEST_STEP][PASSED] - symbol = symbol: null

2019-08-24 12:56:46 - [TEST_STEP][PASSED] - println(symbol): null

2019-08-24 12:56:46 - [TEST_STEP][PASSED] - if (i == 2 &amp;&amp; wildList.indexOf(symbol) != -1): null

2019-08-24 12:56:46 - [TEST_STEP][PASSED] - if (i == 3 &amp;&amp; wildList.indexOf(symbol) != -1): null

2019-08-24 12:56:46 - [TEST_STEP][PASSED] - if (i == 4 &amp;&amp; wildList.indexOf(symbol) != -1): null

2019-08-24 12:56:46 - [TEST_STEP][PASSED] - symbols = symbols: null

2019-08-24 12:56:46 - [TEST_STEP][PASSED] - for ([j = 0, j &lt; symbols.size(), (j++)]): null

2019-08-24 12:56:46 - [TEST_STEP][PASSED] - symbol = symbol: null

2019-08-24 12:56:46 - [TEST_STEP][PASSED] - println(symbol): null

2019-08-24 12:56:46 - [TEST_STEP][PASSED] - if (i == 2 &amp;&amp; wildList.indexOf(symbol) != -1): null

2019-08-24 12:56:46 - [TEST_STEP][PASSED] - if (i == 3 &amp;&amp; wildList.indexOf(symbol) != -1): null

2019-08-24 12:56:46 - [TEST_STEP][PASSED] - if (i == 4 &amp;&amp; wildList.indexOf(symbol) != -1): null

2019-08-24 12:56:46 - [TEST_STEP][PASSED] - symbol = symbol: null

2019-08-24 12:56:46 - [TEST_STEP][PASSED] - println(symbol): null

2019-08-24 12:56:46 - [TEST_STEP][PASSED] - if (i == 2 &amp;&amp; wildList.indexOf(symbol) != -1): null

2019-08-24 12:56:46 - [TEST_STEP][PASSED] - if (i == 3 &amp;&amp; wildList.indexOf(symbol) != -1): null

2019-08-24 12:56:46 - [TEST_STEP][PASSED] - if (i == 4 &amp;&amp; wildList.indexOf(symbol) != -1): null

2019-08-24 12:56:46 - [TEST_STEP][PASSED] - symbol = symbol: null

2019-08-24 12:56:46 - [TEST_STEP][PASSED] - println(symbol): null

2019-08-24 12:56:46 - [TEST_STEP][PASSED] - if (i == 2 &amp;&amp; wildList.indexOf(symbol) != -1): null

2019-08-24 12:56:46 - [TEST_STEP][PASSED] - if (i == 3 &amp;&amp; wildList.indexOf(symbol) != -1): null

2019-08-24 12:56:46 - [TEST_STEP][PASSED] - if (i == 4 &amp;&amp; wildList.indexOf(symbol) != -1): null

2019-08-24 12:56:46 - [TEST_STEP][PASSED] - symbols = symbols: null

2019-08-24 12:56:46 - [TEST_STEP][PASSED] - for ([j = 0, j &lt; symbols.size(), (j++)]): null

2019-08-24 12:56:46 - [TEST_STEP][PASSED] - symbol = symbol: null

2019-08-24 12:56:46 - [TEST_STEP][PASSED] - println(symbol): null

2019-08-24 12:56:46 - [TEST_STEP][PASSED] - if (i == 2 &amp;&amp; wildList.indexOf(symbol) != -1): null

2019-08-24 12:56:46 - [TEST_STEP][PASSED] - if (i == 3 &amp;&amp; wildList.indexOf(symbol) != -1): null

2019-08-24 12:56:46 - [TEST_STEP][PASSED] - if (i == 4 &amp;&amp; wildList.indexOf(symbol) != -1): null

2019-08-24 12:56:46 - [TEST_STEP][PASSED] - symbol = symbol: null

2019-08-24 12:56:46 - [TEST_STEP][PASSED] - println(symbol): null

2019-08-24 12:56:46 - [TEST_STEP][PASSED] - if (i == 2 &amp;&amp; wildList.indexOf(symbol) != -1): null

2019-08-24 12:56:46 - [TEST_STEP][PASSED] - if (i == 3 &amp;&amp; wildList.indexOf(symbol) != -1): null

2019-08-24 12:56:46 - [TEST_STEP][PASSED] - if (i == 4 &amp;&amp; wildList.indexOf(symbol) != -1): null

2019-08-24 12:56:46 - [TEST_STEP][PASSED] - symbol = symbol: null

2019-08-24 12:56:46 - [TEST_STEP][PASSED] - println(symbol): null

2019-08-24 12:56:46 - [TEST_STEP][PASSED] - if (i == 2 &amp;&amp; wildList.indexOf(symbol) != -1): null

2019-08-24 12:56:46 - [TEST_STEP][PASSED] - if (i == 3 &amp;&amp; wildList.indexOf(symbol) != -1): null

2019-08-24 12:56:46 - [TEST_STEP][PASSED] - if (i == 4 &amp;&amp; wildList.indexOf(symbol) != -1): null

2019-08-24 12:56:46 - [TEST_STEP][PASSED] - free_spin_reel_counter = free_spin_reel_counter: null

2019-08-24 12:56:46 - [TEST_STEP][PASSED] - println("reel 3 wild found: " + free_spin_reel_counter[0]): null

2019-08-24 12:56:46 - [TEST_STEP][PASSED] - println("reel 4 wild found: " + free_spin_reel_counter[1]): null

2019-08-24 12:56:46 - [TEST_STEP][PASSED] - println("reel 5 wild found: " + free_spin_reel_counter[2]): null

2019-08-24 12:56:46 - [TEST_STEP][PASSED] - M4_spin_reels = M4_spin_reels: null

2019-08-24 12:56:46 - [TEST_STEP][PASSED] - M4_spin_reels_symbols = symbol: null

2019-08-24 12:56:46 - [TEST_STEP][PASSED] - M4_spin_reels_symbols = M4_spin_reels_symbols: null

2019-08-24 12:56:46 - [TEST_STEP][PASSED] - M4_spin_reel_wins = reel_wins: null

2019-08-24 12:56:46 - [TEST_STEP][PASSED] - M4_spin_reel_wins = M4_spin_reel_wins: null

2019-08-24 12:56:46 - [TEST_STEP][PASSED] - println("GlobalVariable.M4_spin_reel_wins is: " + M4_spin_reel_wins): null

2019-08-24 12:56:46 - [TEST_STEP][PASSED] - M4_spin_total_bonus_win_this_round = total_bonus_win_this_round: null

2019-08-24 12:56:46 - [TEST_STEP][PASSED] - M4_spin_total_bonus_win_this_round = M4_spin_total_bonus_win_this_round: null

2019-08-24 12:56:46 - [TEST_STEP][PASSED] - println("GlobalVariable.M4_spin_total_bonus_win_this_round is: " + M4_spin_total_bonus_win_this_round): null

2019-08-24 12:56:46 - [TEST_STEP][PASSED] - M4_spin_bonus_spin_result = spin_result: null

2019-08-24 12:56:46 - [TEST_STEP][PASSED] - M4_spin_bonus_spin_result = M4_spin_bonus_spin_result: null

2019-08-24 12:56:46 - [MESSAGE][PASSED] - Verify response successfully

2019-08-24 12:56:46 - [MESSAGE][PASSED] - Send request and verify the response successfully

2019-08-24 12:56:46 - [TEST_STEP][PASSED] - if (M4_total_bonus_spins_int != 0 &amp;&amp; M4_spin_reels_symbols[2].contains("WILD_Double") || M4_spin_reels_symbols[4].contains("WILD_Triple")): null

2019-08-24 12:56:46 - [TEST_STEP][PASSED] - free_spin_reel_counter = free_spin_reel_counter: null

2019-08-24 12:56:46 - [TEST_STEP][PASSED] - M4_spin_reels_symbols = M4_spin_reels_symbols: null

2019-08-24 12:56:46 - [TEST_STEP][PASSED] - M4_total_bonus_spins = M4_total_bonus_spins: null

2019-08-24 12:56:46 - [TEST_STEP][PASSED] - spin_result = sendRequestAndVerify(findTestObject("INT/RGS(M4)/1_M4_spin", ["M4_login_user_id":M4_login_user_id, "rgs_session_token":rgs_session_token, "partner":Partner])): Send request and verify the response successfully

2019-08-24 12:56:46 - [MESSAGE][INFO] - HAR: /Users/eiralee/Katalon_Script/SuperWild/Reports/20190824_124242/INT/superWild_4/20190824_124242/requests/main/249.har

2019-08-24 12:56:46 - [TEST_CASE][PASSED] - Start Test Case : Verification: Verification accomplished successfully

2019-08-24 12:56:46 - [TEST_STEP][PASSED] - request = getInstance().getCurrentRequest(): null

2019-08-24 12:56:46 - [TEST_STEP][PASSED] - response = getInstance().getCurrentResponse(): null

2019-08-24 12:56:46 - [TEST_STEP][PASSED] - verifyResponseStatusCode(response, 200): Verify response status code successfully

2019-08-24 12:56:46 - [MESSAGE][PASSED] - Verify response status code successfully

2019-08-24 12:56:46 - [TEST_STEP][PASSED] - getStatusCode()).isEqualTo(200): null

2019-08-24 12:56:46 - [TEST_STEP][PASSED] - newline = System.getProperty("line.separator"): null

2019-08-24 12:56:46 - [TEST_STEP][PASSED] - M4_spin = new groovy.json.JsonSlurper(): null

2019-08-24 12:56:46 - [TEST_STEP][PASSED] - result_M4_spin = M4_spin.parseText(response.getResponseBodyContent()): null

2019-08-24 12:56:46 - [TEST_STEP][PASSED] - M4_spin_current_balance = current_balance: null

2019-08-24 12:56:46 - [TEST_STEP][PASSED] - M4_spin_current_balance = M4_spin_current_balance: null

2019-08-24 12:56:46 - [TEST_STEP][PASSED] - M4_spin_transaction_id = causality: null

2019-08-24 12:56:46 - [TEST_STEP][PASSED] - M4_spin_transaction_id = M4_spin_transaction_id: null

2019-08-24 12:56:46 - [TEST_STEP][PASSED] - M4_spin_round_id = round_id: null

2019-08-24 12:56:46 - [TEST_STEP][PASSED] - M4_spin_round_id = M4_spin_round_id: null

2019-08-24 12:56:46 - [TEST_STEP][PASSED] - M4_spin_line_wins = line_wins: null

2019-08-24 12:56:46 - [TEST_STEP][PASSED] - M4_spin_line_wins = M4_spin_line_wins: null

2019-08-24 12:56:46 - [TEST_STEP][PASSED] - M4_total_bonus_spins_int = total_bonus_spins: null

2019-08-24 12:56:46 - [TEST_STEP][PASSED] - println("******M4_total_bonus_spins type is:*******" + newline + getClass().getName()): null

2019-08-24 12:56:46 - [TEST_STEP][PASSED] - M4_total_bonus_spins_int = M4_total_bonus_spins_int: null

2019-08-24 12:56:46 - [TEST_STEP][PASSED] - M4_total_bonus_spins = Integer.toString(M4_total_bonus_spins_int): null

2019-08-24 12:56:46 - [TEST_STEP][PASSED] - M4_total_bonus_spins = M4_total_bonus_spins: null

2019-08-24 12:56:46 - [TEST_STEP][PASSED] - println("M4_total_bonus_spins is:" + M4_total_bonus_spins): null

2019-08-24 12:56:46 - [TEST_STEP][PASSED] - M4_spin_bonus_data = bonus_data: null

2019-08-24 12:56:46 - [TEST_STEP][PASSED] - M4_spin_features_triggered = result_M4_spin: null

2019-08-24 12:56:46 - [TEST_STEP][PASSED] - wild = []: null

2019-08-24 12:56:46 - [TEST_STEP][PASSED] - wild[0] = "WILD_Expanding": null

2019-08-24 12:56:46 - [TEST_STEP][PASSED] - wild[1] = "WILD_Normal": null

2019-08-24 12:56:46 - [TEST_STEP][PASSED] - wild[2] = "WILD_Double": null

2019-08-24 12:56:46 - [TEST_STEP][PASSED] - wild[3] = "WILD_ExtraFG": null

2019-08-24 12:56:46 - [TEST_STEP][PASSED] - wild[4] = "WILD_Triple": null

2019-08-24 12:56:46 - [TEST_STEP][PASSED] - wildList = Arrays.asList(wild): null

2019-08-24 12:56:46 - [TEST_STEP][PASSED] - wildList = wildList: null

2019-08-24 12:56:46 - [TEST_STEP][PASSED] - free_spin_reel_counter = []: null

2019-08-24 12:56:46 - [TEST_STEP][PASSED] - free_spin_reel_counter[0] = 0: null

2019-08-24 12:56:46 - [TEST_STEP][PASSED] - free_spin_reel_counter[1] = 0: null

2019-08-24 12:56:46 - [TEST_STEP][PASSED] - free_spin_reel_counter[2] = 0: null

2019-08-24 12:56:47 - [TEST_STEP][PASSED] - M4_spin_reels = reels: null

2019-08-24 12:56:47 - [TEST_STEP][PASSED] - for ([i = 0, i &lt; M4_spin_reels.size(), (i++)]): null

2019-08-24 12:56:47 - [TEST_STEP][PASSED] - symbols = symbols: null

2019-08-24 12:56:47 - [TEST_STEP][PASSED] - for ([j = 0, j &lt; symbols.size(), (j++)]): null

2019-08-24 12:56:47 - [TEST_STEP][PASSED] - symbol = symbol: null

2019-08-24 12:56:47 - [TEST_STEP][PASSED] - println(symbol): null

2019-08-24 12:56:47 - [TEST_STEP][PASSED] - if (i == 2 &amp;&amp; wildList.indexOf(symbol) != -1): null

2019-08-24 12:56:47 - [TEST_STEP][PASSED] - if (i == 3 &amp;&amp; wildList.indexOf(symbol) != -1): null

2019-08-24 12:56:47 - [TEST_STEP][PASSED] - if (i == 4 &amp;&amp; wildList.indexOf(symbol) != -1): null

2019-08-24 12:56:47 - [TEST_STEP][PASSED] - symbol = symbol: null

2019-08-24 12:56:47 - [TEST_STEP][PASSED] - println(symbol): null

2019-08-24 12:56:47 - [TEST_STEP][PASSED] - if (i == 2 &amp;&amp; wildList.indexOf(symbol) != -1): null

2019-08-24 12:56:47 - [TEST_STEP][PASSED] - if (i == 3 &amp;&amp; wildList.indexOf(symbol) != -1): null

2019-08-24 12:56:47 - [TEST_STEP][PASSED] - if (i == 4 &amp;&amp; wildList.indexOf(symbol) != -1): null

2019-08-24 12:56:47 - [TEST_STEP][PASSED] - symbol = symbol: null

2019-08-24 12:56:47 - [TEST_STEP][PASSED] - println(symbol): null

2019-08-24 12:56:47 - [TEST_STEP][PASSED] - if (i == 2 &amp;&amp; wildList.indexOf(symbol) != -1): null

2019-08-24 12:56:47 - [TEST_STEP][PASSED] - if (i == 3 &amp;&amp; wildList.indexOf(symbol) != -1): null

2019-08-24 12:56:47 - [TEST_STEP][PASSED] - if (i == 4 &amp;&amp; wildList.indexOf(symbol) != -1): null

2019-08-24 12:56:47 - [TEST_STEP][PASSED] - symbols = symbols: null

2019-08-24 12:56:47 - [TEST_STEP][PASSED] - for ([j = 0, j &lt; symbols.size(), (j++)]): null

2019-08-24 12:56:47 - [TEST_STEP][PASSED] - symbol = symbol: null

2019-08-24 12:56:47 - [TEST_STEP][PASSED] - println(symbol): null

2019-08-24 12:56:47 - [TEST_STEP][PASSED] - if (i == 2 &amp;&amp; wildList.indexOf(symbol) != -1): null

2019-08-24 12:56:47 - [TEST_STEP][PASSED] - if (i == 3 &amp;&amp; wildList.indexOf(symbol) != -1): null

2019-08-24 12:56:47 - [TEST_STEP][PASSED] - if (i == 4 &amp;&amp; wildList.indexOf(symbol) != -1): null

2019-08-24 12:56:47 - [TEST_STEP][PASSED] - symbol = symbol: null

2019-08-24 12:56:47 - [TEST_STEP][PASSED] - println(symbol): null

2019-08-24 12:56:47 - [TEST_STEP][PASSED] - if (i == 2 &amp;&amp; wildList.indexOf(symbol) != -1): null

2019-08-24 12:56:47 - [TEST_STEP][PASSED] - if (i == 3 &amp;&amp; wildList.indexOf(symbol) != -1): null

2019-08-24 12:56:47 - [TEST_STEP][PASSED] - if (i == 4 &amp;&amp; wildList.indexOf(symbol) != -1): null

2019-08-24 12:56:47 - [TEST_STEP][PASSED] - symbol = symbol: null

2019-08-24 12:56:47 - [TEST_STEP][PASSED] - println(symbol): null

2019-08-24 12:56:47 - [TEST_STEP][PASSED] - if (i == 2 &amp;&amp; wildList.indexOf(symbol) != -1): null

2019-08-24 12:56:47 - [TEST_STEP][PASSED] - if (i == 3 &amp;&amp; wildList.indexOf(symbol) != -1): null

2019-08-24 12:56:47 - [TEST_STEP][PASSED] - if (i == 4 &amp;&amp; wildList.indexOf(symbol) != -1): null

2019-08-24 12:56:47 - [TEST_STEP][PASSED] - symbols = symbols: null

2019-08-24 12:56:47 - [TEST_STEP][PASSED] - for ([j = 0, j &lt; symbols.size(), (j++)]): null

2019-08-24 12:56:47 - [TEST_STEP][PASSED] - symbol = symbol: null

2019-08-24 12:56:47 - [TEST_STEP][PASSED] - println(symbol): null

2019-08-24 12:56:47 - [TEST_STEP][PASSED] - if (i == 2 &amp;&amp; wildList.indexOf(symbol) != -1): null

2019-08-24 12:56:47 - [TEST_STEP][PASSED] - if (i == 3 &amp;&amp; wildList.indexOf(symbol) != -1): null

2019-08-24 12:56:47 - [TEST_STEP][PASSED] - if (i == 4 &amp;&amp; wildList.indexOf(symbol) != -1): null

2019-08-24 12:56:47 - [TEST_STEP][PASSED] - symbol = symbol: null

2019-08-24 12:56:47 - [TEST_STEP][PASSED] - println(symbol): null

2019-08-24 12:56:47 - [TEST_STEP][PASSED] - if (i == 2 &amp;&amp; wildList.indexOf(symbol) != -1): null

2019-08-24 12:56:47 - [TEST_STEP][PASSED] - if (i == 3 &amp;&amp; wildList.indexOf(symbol) != -1): null

2019-08-24 12:56:47 - [TEST_STEP][PASSED] - if (i == 4 &amp;&amp; wildList.indexOf(symbol) != -1): null

2019-08-24 12:56:47 - [TEST_STEP][PASSED] - symbol = symbol: null

2019-08-24 12:56:47 - [TEST_STEP][PASSED] - println(symbol): null

2019-08-24 12:56:47 - [TEST_STEP][PASSED] - if (i == 2 &amp;&amp; wildList.indexOf(symbol) != -1): null

2019-08-24 12:56:47 - [TEST_STEP][PASSED] - println("wild found on reel 3, adding counter by 1"): null

2019-08-24 12:56:47 - [TEST_STEP][PASSED] - free_spin_reel_counter[0] = free_spin_reel_counter[0] + 1: null

2019-08-24 12:56:47 - [TEST_STEP][PASSED] - if (i == 3 &amp;&amp; wildList.indexOf(symbol) != -1): null

2019-08-24 12:56:47 - [TEST_STEP][PASSED] - if (i == 4 &amp;&amp; wildList.indexOf(symbol) != -1): null

2019-08-24 12:56:47 - [TEST_STEP][PASSED] - symbols = symbols: null

2019-08-24 12:56:47 - [TEST_STEP][PASSED] - for ([j = 0, j &lt; symbols.size(), (j++)]): null

2019-08-24 12:56:47 - [TEST_STEP][PASSED] - symbol = symbol: null

2019-08-24 12:56:47 - [TEST_STEP][PASSED] - println(symbol): null

2019-08-24 12:56:47 - [TEST_STEP][PASSED] - if (i == 2 &amp;&amp; wildList.indexOf(symbol) != -1): null

2019-08-24 12:56:47 - [TEST_STEP][PASSED] - if (i == 3 &amp;&amp; wildList.indexOf(symbol) != -1): null

2019-08-24 12:56:47 - [TEST_STEP][PASSED] - if (i == 4 &amp;&amp; wildList.indexOf(symbol) != -1): null

2019-08-24 12:56:47 - [TEST_STEP][PASSED] - symbol = symbol: null

2019-08-24 12:56:47 - [TEST_STEP][PASSED] - println(symbol): null

2019-08-24 12:56:47 - [TEST_STEP][PASSED] - if (i == 2 &amp;&amp; wildList.indexOf(symbol) != -1): null

2019-08-24 12:56:47 - [TEST_STEP][PASSED] - if (i == 3 &amp;&amp; wildList.indexOf(symbol) != -1): null

2019-08-24 12:56:47 - [TEST_STEP][PASSED] - println("wild found on reel 4, adding counter by 1"): null

2019-08-24 12:56:47 - [TEST_STEP][PASSED] - free_spin_reel_counter[1] = free_spin_reel_counter[1] + 1: null

2019-08-24 12:56:47 - [TEST_STEP][PASSED] - if (i == 4 &amp;&amp; wildList.indexOf(symbol) != -1): null

2019-08-24 12:56:47 - [TEST_STEP][PASSED] - symbol = symbol: null

2019-08-24 12:56:47 - [TEST_STEP][PASSED] - println(symbol): null

2019-08-24 12:56:47 - [TEST_STEP][PASSED] - if (i == 2 &amp;&amp; wildList.indexOf(symbol) != -1): null

2019-08-24 12:56:47 - [TEST_STEP][PASSED] - if (i == 3 &amp;&amp; wildList.indexOf(symbol) != -1): null

2019-08-24 12:56:47 - [TEST_STEP][PASSED] - if (i == 4 &amp;&amp; wildList.indexOf(symbol) != -1): null

2019-08-24 12:56:47 - [TEST_STEP][PASSED] - symbols = symbols: null

2019-08-24 12:56:47 - [TEST_STEP][PASSED] - for ([j = 0, j &lt; symbols.size(), (j++)]): null

2019-08-24 12:56:47 - [TEST_STEP][PASSED] - symbol = symbol: null

2019-08-24 12:56:47 - [TEST_STEP][PASSED] - println(symbol): null

2019-08-24 12:56:47 - [TEST_STEP][PASSED] - if (i == 2 &amp;&amp; wildList.indexOf(symbol) != -1): null

2019-08-24 12:56:47 - [TEST_STEP][PASSED] - if (i == 3 &amp;&amp; wildList.indexOf(symbol) != -1): null

2019-08-24 12:56:47 - [TEST_STEP][PASSED] - if (i == 4 &amp;&amp; wildList.indexOf(symbol) != -1): null

2019-08-24 12:56:47 - [TEST_STEP][PASSED] - symbol = symbol: null

2019-08-24 12:56:47 - [TEST_STEP][PASSED] - println(symbol): null

2019-08-24 12:56:47 - [TEST_STEP][PASSED] - if (i == 2 &amp;&amp; wildList.indexOf(symbol) != -1): null

2019-08-24 12:56:47 - [TEST_STEP][PASSED] - if (i == 3 &amp;&amp; wildList.indexOf(symbol) != -1): null

2019-08-24 12:56:47 - [TEST_STEP][PASSED] - if (i == 4 &amp;&amp; wildList.indexOf(symbol) != -1): null

2019-08-24 12:56:47 - [TEST_STEP][PASSED] - symbol = symbol: null

2019-08-24 12:56:47 - [TEST_STEP][PASSED] - println(symbol): null

2019-08-24 12:56:47 - [TEST_STEP][PASSED] - if (i == 2 &amp;&amp; wildList.indexOf(symbol) != -1): null

2019-08-24 12:56:47 - [TEST_STEP][PASSED] - if (i == 3 &amp;&amp; wildList.indexOf(symbol) != -1): null

2019-08-24 12:56:47 - [TEST_STEP][PASSED] - if (i == 4 &amp;&amp; wildList.indexOf(symbol) != -1): null

2019-08-24 12:56:47 - [TEST_STEP][PASSED] - free_spin_reel_counter = free_spin_reel_counter: null

2019-08-24 12:56:47 - [TEST_STEP][PASSED] - println("reel 3 wild found: " + free_spin_reel_counter[0]): null

2019-08-24 12:56:47 - [TEST_STEP][PASSED] - println("reel 4 wild found: " + free_spin_reel_counter[1]): null

2019-08-24 12:56:47 - [TEST_STEP][PASSED] - println("reel 5 wild found: " + free_spin_reel_counter[2]): null

2019-08-24 12:56:47 - [TEST_STEP][PASSED] - M4_spin_reels = M4_spin_reels: null

2019-08-24 12:56:47 - [TEST_STEP][PASSED] - M4_spin_reels_symbols = symbol: null

2019-08-24 12:56:47 - [TEST_STEP][PASSED] - M4_spin_reels_symbols = M4_spin_reels_symbols: null

2019-08-24 12:56:47 - [TEST_STEP][PASSED] - M4_spin_reel_wins = reel_wins: null

2019-08-24 12:56:47 - [TEST_STEP][PASSED] - M4_spin_reel_wins = M4_spin_reel_wins: null

2019-08-24 12:56:47 - [TEST_STEP][PASSED] - println("GlobalVariable.M4_spin_reel_wins is: " + M4_spin_reel_wins): null

2019-08-24 12:56:47 - [TEST_STEP][PASSED] - M4_spin_total_bonus_win_this_round = total_bonus_win_this_round: null

2019-08-24 12:56:51 - [TEST_STEP][PASSED] - M4_spin_total_bonus_win_this_round = M4_spin_total_bonus_win_this_round: null

2019-08-24 12:56:51 - [TEST_STEP][PASSED] - println("GlobalVariable.M4_spin_total_bonus_win_this_round is: " + M4_spin_total_bonus_win_this_round): null

2019-08-24 12:56:51 - [TEST_STEP][PASSED] - M4_spin_bonus_spin_result = spin_result: null

2019-08-24 12:56:51 - [TEST_STEP][PASSED] - M4_spin_bonus_spin_result = M4_spin_bonus_spin_result: null

2019-08-24 12:56:51 - [MESSAGE][PASSED] - Verify response successfully

2019-08-24 12:56:51 - [MESSAGE][PASSED] - Send request and verify the response successfully

2019-08-24 12:56:51 - [TEST_STEP][PASSED] - if (M4_total_bonus_spins_int != 0 &amp;&amp; M4_spin_reels_symbols[2].contains("WILD_Double") || M4_spin_reels_symbols[4].contains("WILD_Triple")): null

2019-08-24 12:56:51 - [TEST_STEP][PASSED] - free_spin_reel_counter = free_spin_reel_counter: null

2019-08-24 12:56:51 - [TEST_STEP][PASSED] - M4_spin_reels_symbols = M4_spin_reels_symbols: null

2019-08-24 12:56:53 - [TEST_STEP][PASSED] - M4_total_bonus_spins = M4_total_bonus_spins: null

2019-08-24 12:56:53 - [TEST_STEP][PASSED] - spin_result = sendRequestAndVerify(findTestObject("INT/RGS(M4)/1_M4_spin", ["M4_login_user_id":M4_login_user_id, "rgs_session_token":rgs_session_token, "partner":Partner])): Send request and verify the response successfully

2019-08-24 12:56:54 - [MESSAGE][INFO] - HAR: /Users/eiralee/Katalon_Script/SuperWild/Reports/20190824_124242/INT/superWild_4/20190824_124242/requests/main/250.har

2019-08-24 12:56:54 - [TEST_CASE][PASSED] - Start Test Case : Verification: Verification accomplished successfully

2019-08-24 12:56:54 - [TEST_STEP][PASSED] - request = getInstance().getCurrentRequest(): null

2019-08-24 12:56:54 - [TEST_STEP][PASSED] - response = getInstance().getCurrentResponse(): null

2019-08-24 12:56:54 - [TEST_STEP][PASSED] - verifyResponseStatusCode(response, 200): Verify response status code successfully

2019-08-24 12:56:54 - [MESSAGE][PASSED] - Verify response status code successfully

2019-08-24 12:56:54 - [TEST_STEP][PASSED] - getStatusCode()).isEqualTo(200): null

2019-08-24 12:56:54 - [TEST_STEP][PASSED] - newline = System.getProperty("line.separator"): null

2019-08-24 12:56:54 - [TEST_STEP][PASSED] - M4_spin = new groovy.json.JsonSlurper(): null

2019-08-24 12:56:54 - [TEST_STEP][PASSED] - result_M4_spin = M4_spin.parseText(response.getResponseBodyContent()): null

2019-08-24 12:56:54 - [TEST_STEP][PASSED] - M4_spin_current_balance = current_balance: null

2019-08-24 12:56:54 - [TEST_STEP][PASSED] - M4_spin_current_balance = M4_spin_current_balance: null

2019-08-24 12:56:54 - [TEST_STEP][PASSED] - M4_spin_transaction_id = causality: null

2019-08-24 12:56:54 - [TEST_STEP][PASSED] - M4_spin_transaction_id = M4_spin_transaction_id: null

2019-08-24 12:56:54 - [TEST_STEP][PASSED] - M4_spin_round_id = round_id: null

2019-08-24 12:56:54 - [TEST_STEP][PASSED] - M4_spin_round_id = M4_spin_round_id: null

2019-08-24 12:56:54 - [TEST_STEP][PASSED] - M4_spin_line_wins = line_wins: null

2019-08-24 12:56:54 - [TEST_STEP][PASSED] - M4_spin_line_wins = M4_spin_line_wins: null

2019-08-24 12:56:54 - [TEST_STEP][PASSED] - M4_total_bonus_spins_int = total_bonus_spins: null

2019-08-24 12:56:54 - [TEST_STEP][PASSED] - println("******M4_total_bonus_spins type is:*******" + newline + getClass().getName()): null

2019-08-24 12:56:54 - [TEST_STEP][PASSED] - M4_total_bonus_spins_int = M4_total_bonus_spins_int: null

2019-08-24 12:56:54 - [TEST_STEP][PASSED] - M4_total_bonus_spins = Integer.toString(M4_total_bonus_spins_int): null

2019-08-24 12:56:54 - [TEST_STEP][PASSED] - M4_total_bonus_spins = M4_total_bonus_spins: null

2019-08-24 12:56:54 - [TEST_STEP][PASSED] - println("M4_total_bonus_spins is:" + M4_total_bonus_spins): null

2019-08-24 12:56:54 - [TEST_STEP][PASSED] - M4_spin_bonus_data = bonus_data: null

2019-08-24 12:56:54 - [TEST_STEP][PASSED] - M4_spin_features_triggered = result_M4_spin: null

2019-08-24 12:56:54 - [TEST_STEP][PASSED] - wild = []: null

2019-08-24 12:56:54 - [TEST_STEP][PASSED] - wild[0] = "WILD_Expanding": null

2019-08-24 12:56:54 - [TEST_STEP][PASSED] - wild[1] = "WILD_Normal": null

2019-08-24 12:56:54 - [TEST_STEP][PASSED] - wild[2] = "WILD_Double": null

2019-08-24 12:56:54 - [TEST_STEP][PASSED] - wild[3] = "WILD_ExtraFG": null

2019-08-24 12:56:54 - [TEST_STEP][PASSED] - wild[4] = "WILD_Triple": null

2019-08-24 12:56:54 - [TEST_STEP][PASSED] - wildList = Arrays.asList(wild): null

2019-08-24 12:56:54 - [TEST_STEP][PASSED] - wildList = wildList: null

2019-08-24 12:56:54 - [TEST_STEP][PASSED] - free_spin_reel_counter = []: null

2019-08-24 12:56:54 - [TEST_STEP][PASSED] - free_spin_reel_counter[0] = 0: null

2019-08-24 12:56:54 - [TEST_STEP][PASSED] - free_spin_reel_counter[1] = 0: null

2019-08-24 12:56:54 - [TEST_STEP][PASSED] - free_spin_reel_counter[2] = 0: null

2019-08-24 12:56:54 - [TEST_STEP][PASSED] - M4_spin_reels = reels: null

2019-08-24 12:56:54 - [TEST_STEP][PASSED] - for ([i = 0, i &lt; M4_spin_reels.size(), (i++)]): null

2019-08-24 12:56:54 - [TEST_STEP][PASSED] - symbols = symbols: null

2019-08-24 12:56:54 - [TEST_STEP][PASSED] - for ([j = 0, j &lt; symbols.size(), (j++)]): null

2019-08-24 12:56:54 - [TEST_STEP][PASSED] - symbol = symbol: null

2019-08-24 12:56:54 - [TEST_STEP][PASSED] - println(symbol): null

2019-08-24 12:56:54 - [TEST_STEP][PASSED] - if (i == 2 &amp;&amp; wildList.indexOf(symbol) != -1): null

2019-08-24 12:56:54 - [TEST_STEP][PASSED] - if (i == 3 &amp;&amp; wildList.indexOf(symbol) != -1): null

2019-08-24 12:56:54 - [TEST_STEP][PASSED] - if (i == 4 &amp;&amp; wildList.indexOf(symbol) != -1): null

2019-08-24 12:56:54 - [TEST_STEP][PASSED] - symbol = symbol: null

2019-08-24 12:56:54 - [TEST_STEP][PASSED] - println(symbol): null

2019-08-24 12:56:54 - [TEST_STEP][PASSED] - if (i == 2 &amp;&amp; wildList.indexOf(symbol) != -1): null

2019-08-24 12:56:54 - [TEST_STEP][PASSED] - if (i == 3 &amp;&amp; wildList.indexOf(symbol) != -1): null

2019-08-24 12:56:54 - [TEST_STEP][PASSED] - if (i == 4 &amp;&amp; wildList.indexOf(symbol) != -1): null

2019-08-24 12:56:54 - [TEST_STEP][PASSED] - symbol = symbol: null

2019-08-24 12:56:54 - [TEST_STEP][PASSED] - println(symbol): null

2019-08-24 12:56:54 - [TEST_STEP][PASSED] - if (i == 2 &amp;&amp; wildList.indexOf(symbol) != -1): null

2019-08-24 12:56:54 - [TEST_STEP][PASSED] - if (i == 3 &amp;&amp; wildList.indexOf(symbol) != -1): null

2019-08-24 12:56:54 - [TEST_STEP][PASSED] - if (i == 4 &amp;&amp; wildList.indexOf(symbol) != -1): null

2019-08-24 12:56:54 - [TEST_STEP][PASSED] - symbols = symbols: null

2019-08-24 12:56:54 - [TEST_STEP][PASSED] - for ([j = 0, j &lt; symbols.size(), (j++)]): null

2019-08-24 12:56:54 - [TEST_STEP][PASSED] - symbol = symbol: null

2019-08-24 12:56:54 - [TEST_STEP][PASSED] - println(symbol): null

2019-08-24 12:56:54 - [TEST_STEP][PASSED] - if (i == 2 &amp;&amp; wildList.indexOf(symbol) != -1): null

2019-08-24 12:56:54 - [TEST_STEP][PASSED] - if (i == 3 &amp;&amp; wildList.indexOf(symbol) != -1): null

2019-08-24 12:56:54 - [TEST_STEP][PASSED] - if (i == 4 &amp;&amp; wildList.indexOf(symbol) != -1): null

2019-08-24 12:56:54 - [TEST_STEP][PASSED] - symbol = symbol: null

2019-08-24 12:56:54 - [TEST_STEP][PASSED] - println(symbol): null

2019-08-24 12:56:54 - [TEST_STEP][PASSED] - if (i == 2 &amp;&amp; wildList.indexOf(symbol) != -1): null

2019-08-24 12:56:54 - [TEST_STEP][PASSED] - if (i == 3 &amp;&amp; wildList.indexOf(symbol) != -1): null

2019-08-24 12:56:54 - [TEST_STEP][PASSED] - if (i == 4 &amp;&amp; wildList.indexOf(symbol) != -1): null

2019-08-24 12:56:54 - [TEST_STEP][PASSED] - symbol = symbol: null

2019-08-24 12:56:54 - [TEST_STEP][PASSED] - println(symbol): null

2019-08-24 12:56:54 - [TEST_STEP][PASSED] - if (i == 2 &amp;&amp; wildList.indexOf(symbol) != -1): null

2019-08-24 12:56:54 - [TEST_STEP][PASSED] - if (i == 3 &amp;&amp; wildList.indexOf(symbol) != -1): null

2019-08-24 12:56:54 - [TEST_STEP][PASSED] - if (i == 4 &amp;&amp; wildList.indexOf(symbol) != -1): null

2019-08-24 12:56:54 - [TEST_STEP][PASSED] - symbols = symbols: null

2019-08-24 12:56:54 - [TEST_STEP][PASSED] - for ([j = 0, j &lt; symbols.size(), (j++)]): null

2019-08-24 12:56:54 - [TEST_STEP][PASSED] - symbol = symbol: null

2019-08-24 12:56:54 - [TEST_STEP][PASSED] - println(symbol): null

2019-08-24 12:56:54 - [TEST_STEP][PASSED] - if (i == 2 &amp;&amp; wildList.indexOf(symbol) != -1): null

2019-08-24 12:56:54 - [TEST_STEP][PASSED] - if (i == 3 &amp;&amp; wildList.indexOf(symbol) != -1): null

2019-08-24 12:56:54 - [TEST_STEP][PASSED] - if (i == 4 &amp;&amp; wildList.indexOf(symbol) != -1): null

2019-08-24 12:56:54 - [TEST_STEP][PASSED] - symbol = symbol: null

2019-08-24 12:56:54 - [TEST_STEP][PASSED] - println(symbol): null

2019-08-24 12:56:54 - [TEST_STEP][PASSED] - if (i == 2 &amp;&amp; wildList.indexOf(symbol) != -1): null

2019-08-24 12:56:54 - [TEST_STEP][PASSED] - if (i == 3 &amp;&amp; wildList.indexOf(symbol) != -1): null

2019-08-24 12:56:54 - [TEST_STEP][PASSED] - if (i == 4 &amp;&amp; wildList.indexOf(symbol) != -1): null

2019-08-24 12:56:54 - [TEST_STEP][PASSED] - symbol = symbol: null

2019-08-24 12:56:54 - [TEST_STEP][PASSED] - println(symbol): null

2019-08-24 12:56:54 - [TEST_STEP][PASSED] - if (i == 2 &amp;&amp; wildList.indexOf(symbol) != -1): null

2019-08-24 12:56:54 - [TEST_STEP][PASSED] - println("wild found on reel 3, adding counter by 1"): null

2019-08-24 12:56:54 - [TEST_STEP][PASSED] - free_spin_reel_counter[0] = free_spin_reel_counter[0] + 1: null

2019-08-24 12:56:54 - [TEST_STEP][PASSED] - if (i == 3 &amp;&amp; wildList.indexOf(symbol) != -1): null

2019-08-24 12:56:54 - [TEST_STEP][PASSED] - if (i == 4 &amp;&amp; wildList.indexOf(symbol) != -1): null

2019-08-24 12:56:54 - [TEST_STEP][PASSED] - symbols = symbols: null

2019-08-24 12:56:54 - [TEST_STEP][PASSED] - for ([j = 0, j &lt; symbols.size(), (j++)]): null

2019-08-24 12:56:54 - [TEST_STEP][PASSED] - symbol = symbol: null

2019-08-24 12:56:54 - [TEST_STEP][PASSED] - println(symbol): null

2019-08-24 12:56:54 - [TEST_STEP][PASSED] - if (i == 2 &amp;&amp; wildList.indexOf(symbol) != -1): null

2019-08-24 12:56:54 - [TEST_STEP][PASSED] - if (i == 3 &amp;&amp; wildList.indexOf(symbol) != -1): null

2019-08-24 12:56:54 - [TEST_STEP][PASSED] - if (i == 4 &amp;&amp; wildList.indexOf(symbol) != -1): null

2019-08-24 12:56:54 - [TEST_STEP][PASSED] - symbol = symbol: null

2019-08-24 12:56:54 - [TEST_STEP][PASSED] - println(symbol): null

2019-08-24 12:56:54 - [TEST_STEP][PASSED] - if (i == 2 &amp;&amp; wildList.indexOf(symbol) != -1): null

2019-08-24 12:56:54 - [TEST_STEP][PASSED] - if (i == 3 &amp;&amp; wildList.indexOf(symbol) != -1): null

2019-08-24 12:56:54 - [TEST_STEP][PASSED] - println("wild found on reel 4, adding counter by 1"): null

2019-08-24 12:56:54 - [TEST_STEP][PASSED] - free_spin_reel_counter[1] = free_spin_reel_counter[1] + 1: null

2019-08-24 12:56:54 - [TEST_STEP][PASSED] - if (i == 4 &amp;&amp; wildList.indexOf(symbol) != -1): null

2019-08-24 12:56:54 - [TEST_STEP][PASSED] - symbol = symbol: null

2019-08-24 12:56:54 - [TEST_STEP][PASSED] - println(symbol): null

2019-08-24 12:56:54 - [TEST_STEP][PASSED] - if (i == 2 &amp;&amp; wildList.indexOf(symbol) != -1): null

2019-08-24 12:56:54 - [TEST_STEP][PASSED] - if (i == 3 &amp;&amp; wildList.indexOf(symbol) != -1): null

2019-08-24 12:56:54 - [TEST_STEP][PASSED] - if (i == 4 &amp;&amp; wildList.indexOf(symbol) != -1): null

2019-08-24 12:56:54 - [TEST_STEP][PASSED] - symbols = symbols: null

2019-08-24 12:56:54 - [TEST_STEP][PASSED] - for ([j = 0, j &lt; symbols.size(), (j++)]): null

2019-08-24 12:56:54 - [TEST_STEP][PASSED] - symbol = symbol: null

2019-08-24 12:56:54 - [TEST_STEP][PASSED] - println(symbol): null

2019-08-24 12:56:54 - [TEST_STEP][PASSED] - if (i == 2 &amp;&amp; wildList.indexOf(symbol) != -1): null

2019-08-24 12:56:54 - [TEST_STEP][PASSED] - if (i == 3 &amp;&amp; wildList.indexOf(symbol) != -1): null

2019-08-24 12:56:54 - [TEST_STEP][PASSED] - if (i == 4 &amp;&amp; wildList.indexOf(symbol) != -1): null

2019-08-24 12:56:54 - [TEST_STEP][PASSED] - symbol = symbol: null

2019-08-24 12:56:54 - [TEST_STEP][PASSED] - println(symbol): null

2019-08-24 12:56:54 - [TEST_STEP][PASSED] - if (i == 2 &amp;&amp; wildList.indexOf(symbol) != -1): null

2019-08-24 12:56:54 - [TEST_STEP][PASSED] - if (i == 3 &amp;&amp; wildList.indexOf(symbol) != -1): null

2019-08-24 12:56:54 - [TEST_STEP][PASSED] - if (i == 4 &amp;&amp; wildList.indexOf(symbol) != -1): null

2019-08-24 12:56:54 - [TEST_STEP][PASSED] - symbol = symbol: null

2019-08-24 12:56:54 - [TEST_STEP][PASSED] - println(symbol): null

2019-08-24 12:56:54 - [TEST_STEP][PASSED] - if (i == 2 &amp;&amp; wildList.indexOf(symbol) != -1): null

2019-08-24 12:56:54 - [TEST_STEP][PASSED] - if (i == 3 &amp;&amp; wildList.indexOf(symbol) != -1): null

2019-08-24 12:56:54 - [TEST_STEP][PASSED] - if (i == 4 &amp;&amp; wildList.indexOf(symbol) != -1): null

2019-08-24 12:56:54 - [TEST_STEP][PASSED] - free_spin_reel_counter = free_spin_reel_counter: null

2019-08-24 12:56:54 - [TEST_STEP][PASSED] - println("reel 3 wild found: " + free_spin_reel_counter[0]): null

2019-08-24 12:56:54 - [TEST_STEP][PASSED] - println("reel 4 wild found: " + free_spin_reel_counter[1]): null

2019-08-24 12:56:54 - [TEST_STEP][PASSED] - println("reel 5 wild found: " + free_spin_reel_counter[2]): null

2019-08-24 12:56:54 - [TEST_STEP][PASSED] - M4_spin_reels = M4_spin_reels: null

2019-08-24 12:56:54 - [TEST_STEP][PASSED] - M4_spin_reels_symbols = symbol: null

2019-08-24 12:56:54 - [TEST_STEP][PASSED] - M4_spin_reels_symbols = M4_spin_reels_symbols: null

2019-08-24 12:56:54 - [TEST_STEP][PASSED] - M4_spin_reel_wins = reel_wins: null

2019-08-24 12:56:54 - [TEST_STEP][PASSED] - M4_spin_reel_wins = M4_spin_reel_wins: null

2019-08-24 12:56:54 - [TEST_STEP][PASSED] - println("GlobalVariable.M4_spin_reel_wins is: " + M4_spin_reel_wins): null

2019-08-24 12:56:54 - [TEST_STEP][PASSED] - M4_spin_total_bonus_win_this_round = total_bonus_win_this_round: null

2019-08-24 12:56:54 - [TEST_STEP][PASSED] - M4_spin_total_bonus_win_this_round = M4_spin_total_bonus_win_this_round: null

2019-08-24 12:56:54 - [TEST_STEP][PASSED] - println("GlobalVariable.M4_spin_total_bonus_win_this_round is: " + M4_spin_total_bonus_win_this_round): null

2019-08-24 12:56:54 - [TEST_STEP][PASSED] - M4_spin_bonus_spin_result = spin_result: null

2019-08-24 12:56:54 - [TEST_STEP][PASSED] - M4_spin_bonus_spin_result = M4_spin_bonus_spin_result: null

2019-08-24 12:56:54 - [MESSAGE][PASSED] - Verify response successfully

2019-08-24 12:56:54 - [MESSAGE][PASSED] - Send request and verify the response successfully

2019-08-24 12:56:54 - [TEST_STEP][PASSED] - if (M4_total_bonus_spins_int != 0 &amp;&amp; M4_spin_reels_symbols[2].contains("WILD_Double") || M4_spin_reels_symbols[4].contains("WILD_Triple")): null

2019-08-24 12:56:54 - [TEST_STEP][PASSED] - free_spin_reel_counter = free_spin_reel_counter: null

2019-08-24 12:56:54 - [TEST_STEP][PASSED] - M4_spin_reels_symbols = M4_spin_reels_symbols: null

2019-08-24 12:56:54 - [TEST_STEP][PASSED] - M4_total_bonus_spins = M4_total_bonus_spins: null

2019-08-24 12:56:54 - [TEST_STEP][PASSED] - spin_result = sendRequestAndVerify(findTestObject("INT/RGS(M4)/1_M4_spin", ["M4_login_user_id":M4_login_user_id, "rgs_session_token":rgs_session_token, "partner":Partner])): Send request and verify the response successfully

2019-08-24 12:56:54 - [MESSAGE][INFO] - HAR: /Users/eiralee/Katalon_Script/SuperWild/Reports/20190824_124242/INT/superWild_4/20190824_124242/requests/main/251.har

2019-08-24 12:56:54 - [TEST_CASE][PASSED] - Start Test Case : Verification: Verification accomplished successfully

2019-08-24 12:56:54 - [TEST_STEP][PASSED] - request = getInstance().getCurrentRequest(): null

2019-08-24 12:56:55 - [TEST_STEP][PASSED] - response = getInstance().getCurrentResponse(): null

2019-08-24 12:56:55 - [TEST_STEP][PASSED] - verifyResponseStatusCode(response, 200): Verify response status code successfully

2019-08-24 12:56:55 - [MESSAGE][PASSED] - Verify response status code successfully

2019-08-24 12:56:55 - [TEST_STEP][PASSED] - getStatusCode()).isEqualTo(200): null

2019-08-24 12:56:55 - [TEST_STEP][PASSED] - newline = System.getProperty("line.separator"): null

2019-08-24 12:56:55 - [TEST_STEP][PASSED] - M4_spin = new groovy.json.JsonSlurper(): null

2019-08-24 12:56:55 - [TEST_STEP][PASSED] - result_M4_spin = M4_spin.parseText(response.getResponseBodyContent()): null

2019-08-24 12:56:55 - [TEST_STEP][PASSED] - M4_spin_current_balance = current_balance: null

2019-08-24 12:56:55 - [TEST_STEP][PASSED] - M4_spin_current_balance = M4_spin_current_balance: null

2019-08-24 12:56:55 - [TEST_STEP][PASSED] - M4_spin_transaction_id = causality: null

2019-08-24 12:56:55 - [TEST_STEP][PASSED] - M4_spin_transaction_id = M4_spin_transaction_id: null

2019-08-24 12:56:55 - [TEST_STEP][PASSED] - M4_spin_round_id = round_id: null

2019-08-24 12:56:55 - [TEST_STEP][PASSED] - M4_spin_round_id = M4_spin_round_id: null

2019-08-24 12:56:55 - [TEST_STEP][PASSED] - M4_spin_line_wins = line_wins: null

2019-08-24 12:56:55 - [TEST_STEP][PASSED] - M4_spin_line_wins = M4_spin_line_wins: null

2019-08-24 12:56:55 - [TEST_STEP][PASSED] - M4_total_bonus_spins_int = total_bonus_spins: null

2019-08-24 12:56:55 - [TEST_STEP][PASSED] - println("******M4_total_bonus_spins type is:*******" + newline + getClass().getName()): null

2019-08-24 12:56:55 - [TEST_STEP][PASSED] - M4_total_bonus_spins_int = M4_total_bonus_spins_int: null

2019-08-24 12:56:55 - [TEST_STEP][PASSED] - M4_total_bonus_spins = Integer.toString(M4_total_bonus_spins_int): null

2019-08-24 12:56:55 - [TEST_STEP][PASSED] - M4_total_bonus_spins = M4_total_bonus_spins: null

2019-08-24 12:56:55 - [TEST_STEP][PASSED] - println("M4_total_bonus_spins is:" + M4_total_bonus_spins): null

2019-08-24 12:56:55 - [TEST_STEP][PASSED] - M4_spin_bonus_data = bonus_data: null

2019-08-24 12:56:55 - [TEST_STEP][PASSED] - M4_spin_features_triggered = result_M4_spin: null

2019-08-24 12:56:55 - [TEST_STEP][PASSED] - wild = []: null

2019-08-24 12:56:55 - [TEST_STEP][PASSED] - wild[0] = "WILD_Expanding": null

2019-08-24 12:56:55 - [TEST_STEP][PASSED] - wild[1] = "WILD_Normal": null

2019-08-24 12:56:55 - [TEST_STEP][PASSED] - wild[2] = "WILD_Double": null

2019-08-24 12:56:55 - [TEST_STEP][PASSED] - wild[3] = "WILD_ExtraFG": null

2019-08-24 12:56:55 - [TEST_STEP][PASSED] - wild[4] = "WILD_Triple": null

2019-08-24 12:56:55 - [TEST_STEP][PASSED] - wildList = Arrays.asList(wild): null

2019-08-24 12:56:55 - [TEST_STEP][PASSED] - wildList = wildList: null

2019-08-24 12:56:55 - [TEST_STEP][PASSED] - free_spin_reel_counter = []: null

2019-08-24 12:56:55 - [TEST_STEP][PASSED] - free_spin_reel_counter[0] = 0: null

2019-08-24 12:56:55 - [TEST_STEP][PASSED] - free_spin_reel_counter[1] = 0: null

2019-08-24 12:56:55 - [TEST_STEP][PASSED] - free_spin_reel_counter[2] = 0: null

2019-08-24 12:56:55 - [TEST_STEP][PASSED] - M4_spin_reels = reels: null

2019-08-24 12:56:55 - [TEST_STEP][PASSED] - for ([i = 0, i &lt; M4_spin_reels.size(), (i++)]): null

2019-08-24 12:56:55 - [TEST_STEP][PASSED] - symbols = symbols: null

2019-08-24 12:56:55 - [TEST_STEP][PASSED] - for ([j = 0, j &lt; symbols.size(), (j++)]): null

2019-08-24 12:56:55 - [TEST_STEP][PASSED] - symbol = symbol: null

2019-08-24 12:56:55 - [TEST_STEP][PASSED] - println(symbol): null

2019-08-24 12:56:55 - [TEST_STEP][PASSED] - if (i == 2 &amp;&amp; wildList.indexOf(symbol) != -1): null

2019-08-24 12:56:55 - [TEST_STEP][PASSED] - if (i == 3 &amp;&amp; wildList.indexOf(symbol) != -1): null

2019-08-24 12:56:55 - [TEST_STEP][PASSED] - if (i == 4 &amp;&amp; wildList.indexOf(symbol) != -1): null

2019-08-24 12:56:55 - [TEST_STEP][PASSED] - symbol = symbol: null

2019-08-24 12:56:55 - [TEST_STEP][PASSED] - println(symbol): null

2019-08-24 12:56:55 - [TEST_STEP][PASSED] - if (i == 2 &amp;&amp; wildList.indexOf(symbol) != -1): null

2019-08-24 12:56:55 - [TEST_STEP][PASSED] - if (i == 3 &amp;&amp; wildList.indexOf(symbol) != -1): null

2019-08-24 12:56:55 - [TEST_STEP][PASSED] - if (i == 4 &amp;&amp; wildList.indexOf(symbol) != -1): null

2019-08-24 12:56:55 - [TEST_STEP][PASSED] - symbol = symbol: null

2019-08-24 12:56:55 - [TEST_STEP][PASSED] - println(symbol): null

2019-08-24 12:56:55 - [TEST_STEP][PASSED] - if (i == 2 &amp;&amp; wildList.indexOf(symbol) != -1): null

2019-08-24 12:56:55 - [TEST_STEP][PASSED] - if (i == 3 &amp;&amp; wildList.indexOf(symbol) != -1): null

2019-08-24 12:56:55 - [TEST_STEP][PASSED] - if (i == 4 &amp;&amp; wildList.indexOf(symbol) != -1): null

2019-08-24 12:56:55 - [TEST_STEP][PASSED] - symbols = symbols: null

2019-08-24 12:56:55 - [TEST_STEP][PASSED] - for ([j = 0, j &lt; symbols.size(), (j++)]): null

2019-08-24 12:56:55 - [TEST_STEP][PASSED] - symbol = symbol: null

2019-08-24 12:56:55 - [TEST_STEP][PASSED] - println(symbol): null

2019-08-24 12:56:55 - [TEST_STEP][PASSED] - if (i == 2 &amp;&amp; wildList.indexOf(symbol) != -1): null

2019-08-24 12:56:55 - [TEST_STEP][PASSED] - if (i == 3 &amp;&amp; wildList.indexOf(symbol) != -1): null

2019-08-24 12:56:55 - [TEST_STEP][PASSED] - if (i == 4 &amp;&amp; wildList.indexOf(symbol) != -1): null

2019-08-24 12:56:55 - [TEST_STEP][PASSED] - symbol = symbol: null

2019-08-24 12:56:55 - [TEST_STEP][PASSED] - println(symbol): null

2019-08-24 12:56:55 - [TEST_STEP][PASSED] - if (i == 2 &amp;&amp; wildList.indexOf(symbol) != -1): null

2019-08-24 12:56:55 - [TEST_STEP][PASSED] - if (i == 3 &amp;&amp; wildList.indexOf(symbol) != -1): null

2019-08-24 12:56:55 - [TEST_STEP][PASSED] - if (i == 4 &amp;&amp; wildList.indexOf(symbol) != -1): null

2019-08-24 12:56:55 - [TEST_STEP][PASSED] - symbol = symbol: null

2019-08-24 12:56:55 - [TEST_STEP][PASSED] - println(symbol): null

2019-08-24 12:56:55 - [TEST_STEP][PASSED] - if (i == 2 &amp;&amp; wildList.indexOf(symbol) != -1): null

2019-08-24 12:56:55 - [TEST_STEP][PASSED] - if (i == 3 &amp;&amp; wildList.indexOf(symbol) != -1): null

2019-08-24 12:56:55 - [TEST_STEP][PASSED] - if (i == 4 &amp;&amp; wildList.indexOf(symbol) != -1): null

2019-08-24 12:56:55 - [TEST_STEP][PASSED] - symbols = symbols: null

2019-08-24 12:56:55 - [TEST_STEP][PASSED] - for ([j = 0, j &lt; symbols.size(), (j++)]): null

2019-08-24 12:56:55 - [TEST_STEP][PASSED] - symbol = symbol: null

2019-08-24 12:56:55 - [TEST_STEP][PASSED] - println(symbol): null

2019-08-24 12:56:55 - [TEST_STEP][PASSED] - if (i == 2 &amp;&amp; wildList.indexOf(symbol) != -1): null

2019-08-24 12:56:55 - [TEST_STEP][PASSED] - if (i == 3 &amp;&amp; wildList.indexOf(symbol) != -1): null

2019-08-24 12:56:55 - [TEST_STEP][PASSED] - if (i == 4 &amp;&amp; wildList.indexOf(symbol) != -1): null

2019-08-24 12:56:55 - [TEST_STEP][PASSED] - symbol = symbol: null

2019-08-24 12:56:55 - [TEST_STEP][PASSED] - println(symbol): null

2019-08-24 12:56:55 - [TEST_STEP][PASSED] - if (i == 2 &amp;&amp; wildList.indexOf(symbol) != -1): null

2019-08-24 12:56:55 - [TEST_STEP][PASSED] - println("wild found on reel 3, adding counter by 1"): null

2019-08-24 12:56:55 - [TEST_STEP][PASSED] - free_spin_reel_counter[0] = free_spin_reel_counter[0] + 1: null

2019-08-24 12:56:55 - [TEST_STEP][PASSED] - if (i == 3 &amp;&amp; wildList.indexOf(symbol) != -1): null

2019-08-24 12:56:55 - [TEST_STEP][PASSED] - if (i == 4 &amp;&amp; wildList.indexOf(symbol) != -1): null

2019-08-24 12:56:55 - [TEST_STEP][PASSED] - symbol = symbol: null

2019-08-24 12:56:55 - [TEST_STEP][PASSED] - println(symbol): null

2019-08-24 12:56:55 - [TEST_STEP][PASSED] - if (i == 2 &amp;&amp; wildList.indexOf(symbol) != -1): null

2019-08-24 12:56:55 - [TEST_STEP][PASSED] - if (i == 3 &amp;&amp; wildList.indexOf(symbol) != -1): null

2019-08-24 12:56:55 - [TEST_STEP][PASSED] - if (i == 4 &amp;&amp; wildList.indexOf(symbol) != -1): null

2019-08-24 12:56:55 - [TEST_STEP][PASSED] - symbols = symbols: null

2019-08-24 12:56:55 - [TEST_STEP][PASSED] - for ([j = 0, j &lt; symbols.size(), (j++)]): null

2019-08-24 12:56:55 - [TEST_STEP][PASSED] - symbol = symbol: null

2019-08-24 12:56:55 - [TEST_STEP][PASSED] - println(symbol): null

2019-08-24 12:56:55 - [TEST_STEP][PASSED] - if (i == 2 &amp;&amp; wildList.indexOf(symbol) != -1): null

2019-08-24 12:56:55 - [TEST_STEP][PASSED] - if (i == 3 &amp;&amp; wildList.indexOf(symbol) != -1): null

2019-08-24 12:56:55 - [TEST_STEP][PASSED] - if (i == 4 &amp;&amp; wildList.indexOf(symbol) != -1): null

2019-08-24 12:56:55 - [TEST_STEP][PASSED] - symbol = symbol: null

2019-08-24 12:56:55 - [TEST_STEP][PASSED] - println(symbol): null

2019-08-24 12:56:55 - [TEST_STEP][PASSED] - if (i == 2 &amp;&amp; wildList.indexOf(symbol) != -1): null

2019-08-24 12:56:55 - [TEST_STEP][PASSED] - if (i == 3 &amp;&amp; wildList.indexOf(symbol) != -1): null

2019-08-24 12:56:55 - [TEST_STEP][PASSED] - if (i == 4 &amp;&amp; wildList.indexOf(symbol) != -1): null

2019-08-24 12:56:55 - [TEST_STEP][PASSED] - symbol = symbol: null

2019-08-24 12:56:55 - [TEST_STEP][PASSED] - println(symbol): null

2019-08-24 12:56:55 - [TEST_STEP][PASSED] - if (i == 2 &amp;&amp; wildList.indexOf(symbol) != -1): null

2019-08-24 12:56:55 - [TEST_STEP][PASSED] - if (i == 3 &amp;&amp; wildList.indexOf(symbol) != -1): null

2019-08-24 12:56:55 - [TEST_STEP][PASSED] - if (i == 4 &amp;&amp; wildList.indexOf(symbol) != -1): null

2019-08-24 12:56:55 - [TEST_STEP][PASSED] - symbols = symbols: null

2019-08-24 12:56:55 - [TEST_STEP][PASSED] - for ([j = 0, j &lt; symbols.size(), (j++)]): null

2019-08-24 12:56:55 - [TEST_STEP][PASSED] - symbol = symbol: null

2019-08-24 12:56:55 - [TEST_STEP][PASSED] - println(symbol): null

2019-08-24 12:56:55 - [TEST_STEP][PASSED] - if (i == 2 &amp;&amp; wildList.indexOf(symbol) != -1): null

2019-08-24 12:56:55 - [TEST_STEP][PASSED] - if (i == 3 &amp;&amp; wildList.indexOf(symbol) != -1): null

2019-08-24 12:56:55 - [TEST_STEP][PASSED] - if (i == 4 &amp;&amp; wildList.indexOf(symbol) != -1): null

2019-08-24 12:56:55 - [TEST_STEP][PASSED] - symbol = symbol: null

2019-08-24 12:56:55 - [TEST_STEP][PASSED] - println(symbol): null

2019-08-24 12:56:55 - [TEST_STEP][PASSED] - if (i == 2 &amp;&amp; wildList.indexOf(symbol) != -1): null

2019-08-24 12:56:55 - [TEST_STEP][PASSED] - if (i == 3 &amp;&amp; wildList.indexOf(symbol) != -1): null

2019-08-24 12:56:55 - [TEST_STEP][PASSED] - if (i == 4 &amp;&amp; wildList.indexOf(symbol) != -1): null

2019-08-24 12:56:55 - [TEST_STEP][PASSED] - symbol = symbol: null

2019-08-24 12:56:55 - [TEST_STEP][PASSED] - println(symbol): null

2019-08-24 12:56:55 - [TEST_STEP][PASSED] - if (i == 2 &amp;&amp; wildList.indexOf(symbol) != -1): null

2019-08-24 12:56:55 - [TEST_STEP][PASSED] - if (i == 3 &amp;&amp; wildList.indexOf(symbol) != -1): null

2019-08-24 12:56:55 - [TEST_STEP][PASSED] - if (i == 4 &amp;&amp; wildList.indexOf(symbol) != -1): null

2019-08-24 12:56:55 - [TEST_STEP][PASSED] - free_spin_reel_counter = free_spin_reel_counter: null

2019-08-24 12:56:55 - [TEST_STEP][PASSED] - println("reel 3 wild found: " + free_spin_reel_counter[0]): null

2019-08-24 12:56:55 - [TEST_STEP][PASSED] - println("reel 4 wild found: " + free_spin_reel_counter[1]): null

2019-08-24 12:56:55 - [TEST_STEP][PASSED] - println("reel 5 wild found: " + free_spin_reel_counter[2]): null

2019-08-24 12:56:55 - [TEST_STEP][PASSED] - M4_spin_reels = M4_spin_reels: null

2019-08-24 12:56:55 - [TEST_STEP][PASSED] - M4_spin_reels_symbols = symbol: null

2019-08-24 12:56:55 - [TEST_STEP][PASSED] - M4_spin_reels_symbols = M4_spin_reels_symbols: null

2019-08-24 12:56:55 - [TEST_STEP][PASSED] - M4_spin_reel_wins = reel_wins: null

2019-08-24 12:56:55 - [TEST_STEP][PASSED] - M4_spin_reel_wins = M4_spin_reel_wins: null

2019-08-24 12:56:55 - [TEST_STEP][PASSED] - println("GlobalVariable.M4_spin_reel_wins is: " + M4_spin_reel_wins): null

2019-08-24 12:56:55 - [TEST_STEP][PASSED] - M4_spin_total_bonus_win_this_round = total_bonus_win_this_round: null

2019-08-24 12:56:55 - [TEST_STEP][PASSED] - M4_spin_total_bonus_win_this_round = M4_spin_total_bonus_win_this_round: null

2019-08-24 12:56:55 - [TEST_STEP][PASSED] - println("GlobalVariable.M4_spin_total_bonus_win_this_round is: " + M4_spin_total_bonus_win_this_round): null

2019-08-24 12:56:55 - [TEST_STEP][PASSED] - M4_spin_bonus_spin_result = spin_result: null

2019-08-24 12:56:55 - [TEST_STEP][PASSED] - M4_spin_bonus_spin_result = M4_spin_bonus_spin_result: null

2019-08-24 12:56:55 - [MESSAGE][PASSED] - Verify response successfully

2019-08-24 12:56:55 - [MESSAGE][PASSED] - Send request and verify the response successfully

2019-08-24 12:56:55 - [TEST_STEP][PASSED] - if (M4_total_bonus_spins_int != 0 &amp;&amp; M4_spin_reels_symbols[2].contains("WILD_Double") || M4_spin_reels_symbols[4].contains("WILD_Triple")): null

2019-08-24 12:56:55 - [TEST_STEP][PASSED] - free_spin_reel_counter = free_spin_reel_counter: null

2019-08-24 12:56:55 - [TEST_STEP][PASSED] - M4_spin_reels_symbols = M4_spin_reels_symbols: null

2019-08-24 12:56:55 - [TEST_STEP][PASSED] - M4_total_bonus_spins = M4_total_bonus_spins: null

2019-08-24 12:56:55 - [TEST_STEP][PASSED] - spin_result = sendRequestAndVerify(findTestObject("INT/RGS(M4)/1_M4_spin", ["M4_login_user_id":M4_login_user_id, "rgs_session_token":rgs_session_token, "partner":Partner])): Send request and verify the response successfully

2019-08-24 12:56:55 - [MESSAGE][INFO] - HAR: /Users/eiralee/Katalon_Script/SuperWild/Reports/20190824_124242/INT/superWild_4/20190824_124242/requests/main/252.har

2019-08-24 12:56:55 - [TEST_CASE][PASSED] - Start Test Case : Verification: Verification accomplished successfully

2019-08-24 12:56:55 - [TEST_STEP][PASSED] - request = getInstance().getCurrentRequest(): null

2019-08-24 12:56:55 - [TEST_STEP][PASSED] - response = getInstance().getCurrentResponse(): null

2019-08-24 12:56:55 - [TEST_STEP][PASSED] - verifyResponseStatusCode(response, 200): Verify response status code successfully

2019-08-24 12:56:55 - [MESSAGE][PASSED] - Verify response status code successfully

2019-08-24 12:56:55 - [TEST_STEP][PASSED] - getStatusCode()).isEqualTo(200): null

2019-08-24 12:56:55 - [TEST_STEP][PASSED] - newline = System.getProperty("line.separator"): null

2019-08-24 12:56:55 - [TEST_STEP][PASSED] - M4_spin = new groovy.json.JsonSlurper(): null

2019-08-24 12:56:55 - [TEST_STEP][PASSED] - result_M4_spin = M4_spin.parseText(response.getResponseBodyContent()): null

2019-08-24 12:56:55 - [TEST_STEP][PASSED] - M4_spin_current_balance = current_balance: null

2019-08-24 12:56:55 - [TEST_STEP][PASSED] - M4_spin_current_balance = M4_spin_current_balance: null

2019-08-24 12:56:55 - [TEST_STEP][PASSED] - M4_spin_transaction_id = causality: null

2019-08-24 12:56:55 - [TEST_STEP][PASSED] - M4_spin_transaction_id = M4_spin_transaction_id: null

2019-08-24 12:56:55 - [TEST_STEP][PASSED] - M4_spin_round_id = round_id: null

2019-08-24 12:56:55 - [TEST_STEP][PASSED] - M4_spin_round_id = M4_spin_round_id: null

2019-08-24 12:56:55 - [TEST_STEP][PASSED] - M4_spin_line_wins = line_wins: null

2019-08-24 12:56:55 - [TEST_STEP][PASSED] - M4_spin_line_wins = M4_spin_line_wins: null

2019-08-24 12:56:55 - [TEST_STEP][PASSED] - M4_total_bonus_spins_int = total_bonus_spins: null

2019-08-24 12:56:55 - [TEST_STEP][PASSED] - println("******M4_total_bonus_spins type is:*******" + newline + getClass().getName()): null

2019-08-24 12:56:55 - [TEST_STEP][PASSED] - M4_total_bonus_spins_int = M4_total_bonus_spins_int: null

2019-08-24 12:56:55 - [TEST_STEP][PASSED] - M4_total_bonus_spins = Integer.toString(M4_total_bonus_spins_int): null

2019-08-24 12:56:55 - [TEST_STEP][PASSED] - M4_total_bonus_spins = M4_total_bonus_spins: null

2019-08-24 12:56:59 - [TEST_STEP][PASSED] - println("M4_total_bonus_spins is:" + M4_total_bonus_spins): null

2019-08-24 12:56:59 - [TEST_STEP][PASSED] - M4_spin_bonus_data = bonus_data: null

2019-08-24 12:56:59 - [TEST_STEP][PASSED] - M4_spin_features_triggered = result_M4_spin: null

2019-08-24 12:56:59 - [TEST_STEP][PASSED] - wild = []: null

2019-08-24 12:56:59 - [TEST_STEP][PASSED] - wild[0] = "WILD_Expanding": null

2019-08-24 12:56:59 - [TEST_STEP][PASSED] - wild[1] = "WILD_Normal": null

2019-08-24 12:56:59 - [TEST_STEP][PASSED] - wild[2] = "WILD_Double": null

2019-08-24 12:56:59 - [TEST_STEP][PASSED] - wild[3] = "WILD_ExtraFG": null

2019-08-24 12:56:59 - [TEST_STEP][PASSED] - wild[4] = "WILD_Triple": null

2019-08-24 12:56:59 - [TEST_STEP][PASSED] - wildList = Arrays.asList(wild): null

2019-08-24 12:57:01 - [TEST_STEP][PASSED] - wildList = wildList: null

2019-08-24 12:57:01 - [TEST_STEP][PASSED] - free_spin_reel_counter = []: null

2019-08-24 12:57:01 - [TEST_STEP][PASSED] - free_spin_reel_counter[0] = 0: null

2019-08-24 12:57:01 - [TEST_STEP][PASSED] - free_spin_reel_counter[1] = 0: null

2019-08-24 12:57:01 - [TEST_STEP][PASSED] - free_spin_reel_counter[2] = 0: null

2019-08-24 12:57:01 - [TEST_STEP][PASSED] - M4_spin_reels = reels: null

2019-08-24 12:57:01 - [TEST_STEP][PASSED] - for ([i = 0, i &lt; M4_spin_reels.size(), (i++)]): null

2019-08-24 12:57:01 - [TEST_STEP][PASSED] - symbols = symbols: null

2019-08-24 12:57:01 - [TEST_STEP][PASSED] - for ([j = 0, j &lt; symbols.size(), (j++)]): null

2019-08-24 12:57:01 - [TEST_STEP][PASSED] - symbol = symbol: null

2019-08-24 12:57:01 - [TEST_STEP][PASSED] - println(symbol): null

2019-08-24 12:57:01 - [TEST_STEP][PASSED] - if (i == 2 &amp;&amp; wildList.indexOf(symbol) != -1): null

2019-08-24 12:57:01 - [TEST_STEP][PASSED] - if (i == 3 &amp;&amp; wildList.indexOf(symbol) != -1): null

2019-08-24 12:57:01 - [TEST_STEP][PASSED] - if (i == 4 &amp;&amp; wildList.indexOf(symbol) != -1): null

2019-08-24 12:57:01 - [TEST_STEP][PASSED] - symbol = symbol: null

2019-08-24 12:57:01 - [TEST_STEP][PASSED] - println(symbol): null

2019-08-24 12:57:01 - [TEST_STEP][PASSED] - if (i == 2 &amp;&amp; wildList.indexOf(symbol) != -1): null

2019-08-24 12:57:01 - [TEST_STEP][PASSED] - if (i == 3 &amp;&amp; wildList.indexOf(symbol) != -1): null

2019-08-24 12:57:01 - [TEST_STEP][PASSED] - if (i == 4 &amp;&amp; wildList.indexOf(symbol) != -1): null

2019-08-24 12:57:01 - [TEST_STEP][PASSED] - symbol = symbol: null

2019-08-24 12:57:01 - [TEST_STEP][PASSED] - println(symbol): null

2019-08-24 12:57:01 - [TEST_STEP][PASSED] - if (i == 2 &amp;&amp; wildList.indexOf(symbol) != -1): null

2019-08-24 12:57:01 - [TEST_STEP][PASSED] - if (i == 3 &amp;&amp; wildList.indexOf(symbol) != -1): null

2019-08-24 12:57:01 - [TEST_STEP][PASSED] - if (i == 4 &amp;&amp; wildList.indexOf(symbol) != -1): null

2019-08-24 12:57:01 - [TEST_STEP][PASSED] - symbols = symbols: null

2019-08-24 12:57:01 - [TEST_STEP][PASSED] - for ([j = 0, j &lt; symbols.size(), (j++)]): null

2019-08-24 12:57:01 - [TEST_STEP][PASSED] - symbol = symbol: null

2019-08-24 12:57:01 - [TEST_STEP][PASSED] - println(symbol): null

2019-08-24 12:57:01 - [TEST_STEP][PASSED] - if (i == 2 &amp;&amp; wildList.indexOf(symbol) != -1): null

2019-08-24 12:57:01 - [TEST_STEP][PASSED] - if (i == 3 &amp;&amp; wildList.indexOf(symbol) != -1): null

2019-08-24 12:57:01 - [TEST_STEP][PASSED] - if (i == 4 &amp;&amp; wildList.indexOf(symbol) != -1): null

2019-08-24 12:57:01 - [TEST_STEP][PASSED] - symbol = symbol: null

2019-08-24 12:57:01 - [TEST_STEP][PASSED] - println(symbol): null

2019-08-24 12:57:02 - [TEST_STEP][PASSED] - if (i == 2 &amp;&amp; wildList.indexOf(symbol) != -1): null

2019-08-24 12:57:02 - [TEST_STEP][PASSED] - if (i == 3 &amp;&amp; wildList.indexOf(symbol) != -1): null

2019-08-24 12:57:02 - [TEST_STEP][PASSED] - if (i == 4 &amp;&amp; wildList.indexOf(symbol) != -1): null

2019-08-24 12:57:02 - [TEST_STEP][PASSED] - symbol = symbol: null

2019-08-24 12:57:02 - [TEST_STEP][PASSED] - println(symbol): null

2019-08-24 12:57:02 - [TEST_STEP][PASSED] - if (i == 2 &amp;&amp; wildList.indexOf(symbol) != -1): null

2019-08-24 12:57:02 - [TEST_STEP][PASSED] - if (i == 3 &amp;&amp; wildList.indexOf(symbol) != -1): null

2019-08-24 12:57:02 - [TEST_STEP][PASSED] - if (i == 4 &amp;&amp; wildList.indexOf(symbol) != -1): null

2019-08-24 12:57:02 - [TEST_STEP][PASSED] - symbols = symbols: null

2019-08-24 12:57:02 - [TEST_STEP][PASSED] - for ([j = 0, j &lt; symbols.size(), (j++)]): null

2019-08-24 12:57:02 - [TEST_STEP][PASSED] - symbol = symbol: null

2019-08-24 12:57:02 - [TEST_STEP][PASSED] - println(symbol): null

2019-08-24 12:57:02 - [TEST_STEP][PASSED] - if (i == 2 &amp;&amp; wildList.indexOf(symbol) != -1): null

2019-08-24 12:57:02 - [TEST_STEP][PASSED] - if (i == 3 &amp;&amp; wildList.indexOf(symbol) != -1): null

2019-08-24 12:57:02 - [TEST_STEP][PASSED] - if (i == 4 &amp;&amp; wildList.indexOf(symbol) != -1): null

2019-08-24 12:57:02 - [TEST_STEP][PASSED] - symbol = symbol: null

2019-08-24 12:57:02 - [TEST_STEP][PASSED] - println(symbol): null

2019-08-24 12:57:02 - [TEST_STEP][PASSED] - if (i == 2 &amp;&amp; wildList.indexOf(symbol) != -1): null

2019-08-24 12:57:02 - [TEST_STEP][PASSED] - if (i == 3 &amp;&amp; wildList.indexOf(symbol) != -1): null

2019-08-24 12:57:02 - [TEST_STEP][PASSED] - if (i == 4 &amp;&amp; wildList.indexOf(symbol) != -1): null

2019-08-24 12:57:02 - [TEST_STEP][PASSED] - symbol = symbol: null

2019-08-24 12:57:02 - [TEST_STEP][PASSED] - println(symbol): null

2019-08-24 12:57:02 - [TEST_STEP][PASSED] - if (i == 2 &amp;&amp; wildList.indexOf(symbol) != -1): null

2019-08-24 12:57:02 - [TEST_STEP][PASSED] - if (i == 3 &amp;&amp; wildList.indexOf(symbol) != -1): null

2019-08-24 12:57:02 - [TEST_STEP][PASSED] - if (i == 4 &amp;&amp; wildList.indexOf(symbol) != -1): null

2019-08-24 12:57:02 - [TEST_STEP][PASSED] - symbols = symbols: null

2019-08-24 12:57:02 - [TEST_STEP][PASSED] - for ([j = 0, j &lt; symbols.size(), (j++)]): null

2019-08-24 12:57:02 - [TEST_STEP][PASSED] - symbol = symbol: null

2019-08-24 12:57:02 - [TEST_STEP][PASSED] - println(symbol): null

2019-08-24 12:57:02 - [TEST_STEP][PASSED] - if (i == 2 &amp;&amp; wildList.indexOf(symbol) != -1): null

2019-08-24 12:57:02 - [TEST_STEP][PASSED] - if (i == 3 &amp;&amp; wildList.indexOf(symbol) != -1): null

2019-08-24 12:57:02 - [TEST_STEP][PASSED] - if (i == 4 &amp;&amp; wildList.indexOf(symbol) != -1): null

2019-08-24 12:57:02 - [TEST_STEP][PASSED] - symbol = symbol: null

2019-08-24 12:57:02 - [TEST_STEP][PASSED] - println(symbol): null

2019-08-24 12:57:02 - [TEST_STEP][PASSED] - if (i == 2 &amp;&amp; wildList.indexOf(symbol) != -1): null

2019-08-24 12:57:02 - [TEST_STEP][PASSED] - if (i == 3 &amp;&amp; wildList.indexOf(symbol) != -1): null

2019-08-24 12:57:02 - [TEST_STEP][PASSED] - if (i == 4 &amp;&amp; wildList.indexOf(symbol) != -1): null

2019-08-24 12:57:02 - [TEST_STEP][PASSED] - symbol = symbol: null

2019-08-24 12:57:02 - [TEST_STEP][PASSED] - println(symbol): null

2019-08-24 12:57:02 - [TEST_STEP][PASSED] - if (i == 2 &amp;&amp; wildList.indexOf(symbol) != -1): null

2019-08-24 12:57:02 - [TEST_STEP][PASSED] - if (i == 3 &amp;&amp; wildList.indexOf(symbol) != -1): null

2019-08-24 12:57:02 - [TEST_STEP][PASSED] - if (i == 4 &amp;&amp; wildList.indexOf(symbol) != -1): null

2019-08-24 12:57:02 - [TEST_STEP][PASSED] - symbols = symbols: null

2019-08-24 12:57:02 - [TEST_STEP][PASSED] - for ([j = 0, j &lt; symbols.size(), (j++)]): null

2019-08-24 12:57:02 - [TEST_STEP][PASSED] - symbol = symbol: null

2019-08-24 12:57:02 - [TEST_STEP][PASSED] - println(symbol): null

2019-08-24 12:57:02 - [TEST_STEP][PASSED] - if (i == 2 &amp;&amp; wildList.indexOf(symbol) != -1): null

2019-08-24 12:57:02 - [TEST_STEP][PASSED] - if (i == 3 &amp;&amp; wildList.indexOf(symbol) != -1): null

2019-08-24 12:57:02 - [TEST_STEP][PASSED] - if (i == 4 &amp;&amp; wildList.indexOf(symbol) != -1): null

2019-08-24 12:57:02 - [TEST_STEP][PASSED] - symbol = symbol: null

2019-08-24 12:57:02 - [TEST_STEP][PASSED] - println(symbol): null

2019-08-24 12:57:02 - [TEST_STEP][PASSED] - if (i == 2 &amp;&amp; wildList.indexOf(symbol) != -1): null

2019-08-24 12:57:02 - [TEST_STEP][PASSED] - if (i == 3 &amp;&amp; wildList.indexOf(symbol) != -1): null

2019-08-24 12:57:02 - [TEST_STEP][PASSED] - if (i == 4 &amp;&amp; wildList.indexOf(symbol) != -1): null

2019-08-24 12:57:02 - [TEST_STEP][PASSED] - symbol = symbol: null

2019-08-24 12:57:02 - [TEST_STEP][PASSED] - println(symbol): null

2019-08-24 12:57:02 - [TEST_STEP][PASSED] - if (i == 2 &amp;&amp; wildList.indexOf(symbol) != -1): null

2019-08-24 12:57:02 - [TEST_STEP][PASSED] - if (i == 3 &amp;&amp; wildList.indexOf(symbol) != -1): null

2019-08-24 12:57:02 - [TEST_STEP][PASSED] - if (i == 4 &amp;&amp; wildList.indexOf(symbol) != -1): null

2019-08-24 12:57:02 - [TEST_STEP][PASSED] - free_spin_reel_counter = free_spin_reel_counter: null

2019-08-24 12:57:02 - [TEST_STEP][PASSED] - println("reel 3 wild found: " + free_spin_reel_counter[0]): null

2019-08-24 12:57:02 - [TEST_STEP][PASSED] - println("reel 4 wild found: " + free_spin_reel_counter[1]): null

2019-08-24 12:57:02 - [TEST_STEP][PASSED] - println("reel 5 wild found: " + free_spin_reel_counter[2]): null

2019-08-24 12:57:02 - [TEST_STEP][PASSED] - M4_spin_reels = M4_spin_reels: null

2019-08-24 12:57:02 - [TEST_STEP][PASSED] - M4_spin_reels_symbols = symbol: null

2019-08-24 12:57:02 - [TEST_STEP][PASSED] - M4_spin_reels_symbols = M4_spin_reels_symbols: null

2019-08-24 12:57:02 - [TEST_STEP][PASSED] - M4_spin_reel_wins = reel_wins: null

2019-08-24 12:57:02 - [TEST_STEP][PASSED] - M4_spin_reel_wins = M4_spin_reel_wins: null

2019-08-24 12:57:02 - [TEST_STEP][PASSED] - println("GlobalVariable.M4_spin_reel_wins is: " + M4_spin_reel_wins): null

2019-08-24 12:57:02 - [TEST_STEP][PASSED] - M4_spin_total_bonus_win_this_round = total_bonus_win_this_round: null

2019-08-24 12:57:02 - [TEST_STEP][PASSED] - M4_spin_total_bonus_win_this_round = M4_spin_total_bonus_win_this_round: null

2019-08-24 12:57:02 - [TEST_STEP][PASSED] - println("GlobalVariable.M4_spin_total_bonus_win_this_round is: " + M4_spin_total_bonus_win_this_round): null

2019-08-24 12:57:02 - [TEST_STEP][PASSED] - M4_spin_bonus_spin_result = spin_result: null

2019-08-24 12:57:02 - [TEST_STEP][PASSED] - M4_spin_bonus_spin_result = M4_spin_bonus_spin_result: null

2019-08-24 12:57:02 - [MESSAGE][PASSED] - Verify response successfully

2019-08-24 12:57:02 - [MESSAGE][PASSED] - Send request and verify the response successfully

2019-08-24 12:57:02 - [TEST_STEP][PASSED] - if (M4_total_bonus_spins_int != 0 &amp;&amp; M4_spin_reels_symbols[2].contains("WILD_Double") || M4_spin_reels_symbols[4].contains("WILD_Triple")): null

2019-08-24 12:57:02 - [TEST_STEP][PASSED] - free_spin_reel_counter = free_spin_reel_counter: null

2019-08-24 12:57:02 - [TEST_STEP][PASSED] - M4_spin_reels_symbols = M4_spin_reels_symbols: null

2019-08-24 12:57:02 - [TEST_STEP][PASSED] - M4_total_bonus_spins = M4_total_bonus_spins: null

2019-08-24 12:57:02 - [TEST_STEP][PASSED] - spin_result = sendRequestAndVerify(findTestObject("INT/RGS(M4)/1_M4_spin", ["M4_login_user_id":M4_login_user_id, "rgs_session_token":rgs_session_token, "partner":Partner])): Send request and verify the response successfully

2019-08-24 12:57:02 - [MESSAGE][INFO] - HAR: /Users/eiralee/Katalon_Script/SuperWild/Reports/20190824_124242/INT/superWild_4/20190824_124242/requests/main/253.har

2019-08-24 12:57:02 - [TEST_CASE][PASSED] - Start Test Case : Verification: Verification accomplished successfully

2019-08-24 12:57:02 - [TEST_STEP][PASSED] - request = getInstance().getCurrentRequest(): null

2019-08-24 12:57:02 - [TEST_STEP][PASSED] - response = getInstance().getCurrentResponse(): null

2019-08-24 12:57:02 - [TEST_STEP][PASSED] - verifyResponseStatusCode(response, 200): Verify response status code successfully

2019-08-24 12:57:02 - [MESSAGE][PASSED] - Verify response status code successfully

2019-08-24 12:57:02 - [TEST_STEP][PASSED] - getStatusCode()).isEqualTo(200): null

2019-08-24 12:57:02 - [TEST_STEP][PASSED] - newline = System.getProperty("line.separator"): null

2019-08-24 12:57:02 - [TEST_STEP][PASSED] - M4_spin = new groovy.json.JsonSlurper(): null

2019-08-24 12:57:02 - [TEST_STEP][PASSED] - result_M4_spin = M4_spin.parseText(response.getResponseBodyContent()): null

2019-08-24 12:57:02 - [TEST_STEP][PASSED] - M4_spin_current_balance = current_balance: null

2019-08-24 12:57:02 - [TEST_STEP][PASSED] - M4_spin_current_balance = M4_spin_current_balance: null

2019-08-24 12:57:02 - [TEST_STEP][PASSED] - M4_spin_transaction_id = causality: null

2019-08-24 12:57:02 - [TEST_STEP][PASSED] - M4_spin_transaction_id = M4_spin_transaction_id: null

2019-08-24 12:57:02 - [TEST_STEP][PASSED] - M4_spin_round_id = round_id: null

2019-08-24 12:57:02 - [TEST_STEP][PASSED] - M4_spin_round_id = M4_spin_round_id: null

2019-08-24 12:57:02 - [TEST_STEP][PASSED] - M4_spin_line_wins = line_wins: null

2019-08-24 12:57:02 - [TEST_STEP][PASSED] - M4_spin_line_wins = M4_spin_line_wins: null

2019-08-24 12:57:02 - [TEST_STEP][PASSED] - M4_total_bonus_spins_int = total_bonus_spins: null

2019-08-24 12:57:02 - [TEST_STEP][PASSED] - println("******M4_total_bonus_spins type is:*******" + newline + getClass().getName()): null

2019-08-24 12:57:02 - [TEST_STEP][PASSED] - M4_total_bonus_spins_int = M4_total_bonus_spins_int: null

2019-08-24 12:57:02 - [TEST_STEP][PASSED] - M4_total_bonus_spins = Integer.toString(M4_total_bonus_spins_int): null

2019-08-24 12:57:02 - [TEST_STEP][PASSED] - M4_total_bonus_spins = M4_total_bonus_spins: null

2019-08-24 12:57:02 - [TEST_STEP][PASSED] - println("M4_total_bonus_spins is:" + M4_total_bonus_spins): null

2019-08-24 12:57:02 - [TEST_STEP][PASSED] - M4_spin_bonus_data = bonus_data: null

2019-08-24 12:57:02 - [TEST_STEP][PASSED] - M4_spin_features_triggered = result_M4_spin: null

2019-08-24 12:57:02 - [TEST_STEP][PASSED] - wild = []: null

2019-08-24 12:57:02 - [TEST_STEP][PASSED] - wild[0] = "WILD_Expanding": null

2019-08-24 12:57:02 - [TEST_STEP][PASSED] - wild[1] = "WILD_Normal": null

2019-08-24 12:57:02 - [TEST_STEP][PASSED] - wild[2] = "WILD_Double": null

2019-08-24 12:57:02 - [TEST_STEP][PASSED] - wild[3] = "WILD_ExtraFG": null

2019-08-24 12:57:02 - [TEST_STEP][PASSED] - wild[4] = "WILD_Triple": null

2019-08-24 12:57:02 - [TEST_STEP][PASSED] - wildList = Arrays.asList(wild): null

2019-08-24 12:57:02 - [TEST_STEP][PASSED] - wildList = wildList: null

2019-08-24 12:57:02 - [TEST_STEP][PASSED] - free_spin_reel_counter = []: null

2019-08-24 12:57:02 - [TEST_STEP][PASSED] - free_spin_reel_counter[0] = 0: null

2019-08-24 12:57:02 - [TEST_STEP][PASSED] - free_spin_reel_counter[1] = 0: null

2019-08-24 12:57:02 - [TEST_STEP][PASSED] - free_spin_reel_counter[2] = 0: null

2019-08-24 12:57:02 - [TEST_STEP][PASSED] - M4_spin_reels = reels: null

2019-08-24 12:57:02 - [TEST_STEP][PASSED] - for ([i = 0, i &lt; M4_spin_reels.size(), (i++)]): null

2019-08-24 12:57:02 - [TEST_STEP][PASSED] - symbols = symbols: null

2019-08-24 12:57:02 - [TEST_STEP][PASSED] - for ([j = 0, j &lt; symbols.size(), (j++)]): null

2019-08-24 12:57:02 - [TEST_STEP][PASSED] - symbol = symbol: null

2019-08-24 12:57:02 - [TEST_STEP][PASSED] - println(symbol): null

2019-08-24 12:57:02 - [TEST_STEP][PASSED] - if (i == 2 &amp;&amp; wildList.indexOf(symbol) != -1): null

2019-08-24 12:57:02 - [TEST_STEP][PASSED] - if (i == 3 &amp;&amp; wildList.indexOf(symbol) != -1): null

2019-08-24 12:57:02 - [TEST_STEP][PASSED] - if (i == 4 &amp;&amp; wildList.indexOf(symbol) != -1): null

2019-08-24 12:57:02 - [TEST_STEP][PASSED] - symbol = symbol: null

2019-08-24 12:57:02 - [TEST_STEP][PASSED] - println(symbol): null

2019-08-24 12:57:02 - [TEST_STEP][PASSED] - if (i == 2 &amp;&amp; wildList.indexOf(symbol) != -1): null

2019-08-24 12:57:02 - [TEST_STEP][PASSED] - if (i == 3 &amp;&amp; wildList.indexOf(symbol) != -1): null

2019-08-24 12:57:02 - [TEST_STEP][PASSED] - if (i == 4 &amp;&amp; wildList.indexOf(symbol) != -1): null

2019-08-24 12:57:02 - [TEST_STEP][PASSED] - symbol = symbol: null

2019-08-24 12:57:02 - [TEST_STEP][PASSED] - println(symbol): null

2019-08-24 12:57:02 - [TEST_STEP][PASSED] - if (i == 2 &amp;&amp; wildList.indexOf(symbol) != -1): null

2019-08-24 12:57:02 - [TEST_STEP][PASSED] - if (i == 3 &amp;&amp; wildList.indexOf(symbol) != -1): null

2019-08-24 12:57:02 - [TEST_STEP][PASSED] - if (i == 4 &amp;&amp; wildList.indexOf(symbol) != -1): null

2019-08-24 12:57:02 - [TEST_STEP][PASSED] - symbols = symbols: null

2019-08-24 12:57:02 - [TEST_STEP][PASSED] - for ([j = 0, j &lt; symbols.size(), (j++)]): null

2019-08-24 12:57:02 - [TEST_STEP][PASSED] - symbol = symbol: null

2019-08-24 12:57:02 - [TEST_STEP][PASSED] - println(symbol): null

2019-08-24 12:57:02 - [TEST_STEP][PASSED] - if (i == 2 &amp;&amp; wildList.indexOf(symbol) != -1): null

2019-08-24 12:57:02 - [TEST_STEP][PASSED] - if (i == 3 &amp;&amp; wildList.indexOf(symbol) != -1): null

2019-08-24 12:57:02 - [TEST_STEP][PASSED] - if (i == 4 &amp;&amp; wildList.indexOf(symbol) != -1): null

2019-08-24 12:57:02 - [TEST_STEP][PASSED] - symbol = symbol: null

2019-08-24 12:57:02 - [TEST_STEP][PASSED] - println(symbol): null

2019-08-24 12:57:02 - [TEST_STEP][PASSED] - if (i == 2 &amp;&amp; wildList.indexOf(symbol) != -1): null

2019-08-24 12:57:02 - [TEST_STEP][PASSED] - if (i == 3 &amp;&amp; wildList.indexOf(symbol) != -1): null

2019-08-24 12:57:02 - [TEST_STEP][PASSED] - if (i == 4 &amp;&amp; wildList.indexOf(symbol) != -1): null

2019-08-24 12:57:02 - [TEST_STEP][PASSED] - symbol = symbol: null

2019-08-24 12:57:02 - [TEST_STEP][PASSED] - println(symbol): null

2019-08-24 12:57:02 - [TEST_STEP][PASSED] - if (i == 2 &amp;&amp; wildList.indexOf(symbol) != -1): null

2019-08-24 12:57:02 - [TEST_STEP][PASSED] - if (i == 3 &amp;&amp; wildList.indexOf(symbol) != -1): null

2019-08-24 12:57:02 - [TEST_STEP][PASSED] - if (i == 4 &amp;&amp; wildList.indexOf(symbol) != -1): null

2019-08-24 12:57:02 - [TEST_STEP][PASSED] - symbols = symbols: null

2019-08-24 12:57:02 - [TEST_STEP][PASSED] - for ([j = 0, j &lt; symbols.size(), (j++)]): null

2019-08-24 12:57:02 - [TEST_STEP][PASSED] - symbol = symbol: null

2019-08-24 12:57:02 - [TEST_STEP][PASSED] - println(symbol): null

2019-08-24 12:57:02 - [TEST_STEP][PASSED] - if (i == 2 &amp;&amp; wildList.indexOf(symbol) != -1): null

2019-08-24 12:57:02 - [TEST_STEP][PASSED] - if (i == 3 &amp;&amp; wildList.indexOf(symbol) != -1): null

2019-08-24 12:57:02 - [TEST_STEP][PASSED] - if (i == 4 &amp;&amp; wildList.indexOf(symbol) != -1): null

2019-08-24 12:57:02 - [TEST_STEP][PASSED] - symbol = symbol: null

2019-08-24 12:57:02 - [TEST_STEP][PASSED] - println(symbol): null

2019-08-24 12:57:02 - [TEST_STEP][PASSED] - if (i == 2 &amp;&amp; wildList.indexOf(symbol) != -1): null

2019-08-24 12:57:02 - [TEST_STEP][PASSED] - if (i == 3 &amp;&amp; wildList.indexOf(symbol) != -1): null

2019-08-24 12:57:02 - [TEST_STEP][PASSED] - if (i == 4 &amp;&amp; wildList.indexOf(symbol) != -1): null

2019-08-24 12:57:02 - [TEST_STEP][PASSED] - symbol = symbol: null

2019-08-24 12:57:02 - [TEST_STEP][PASSED] - println(symbol): null

2019-08-24 12:57:02 - [TEST_STEP][PASSED] - if (i == 2 &amp;&amp; wildList.indexOf(symbol) != -1): null

2019-08-24 12:57:02 - [TEST_STEP][PASSED] - if (i == 3 &amp;&amp; wildList.indexOf(symbol) != -1): null

2019-08-24 12:57:02 - [TEST_STEP][PASSED] - if (i == 4 &amp;&amp; wildList.indexOf(symbol) != -1): null

2019-08-24 12:57:02 - [TEST_STEP][PASSED] - symbols = symbols: null

2019-08-24 12:57:02 - [TEST_STEP][PASSED] - for ([j = 0, j &lt; symbols.size(), (j++)]): null

2019-08-24 12:57:02 - [TEST_STEP][PASSED] - symbol = symbol: null

2019-08-24 12:57:02 - [TEST_STEP][PASSED] - println(symbol): null

2019-08-24 12:57:02 - [TEST_STEP][PASSED] - if (i == 2 &amp;&amp; wildList.indexOf(symbol) != -1): null

2019-08-24 12:57:02 - [TEST_STEP][PASSED] - if (i == 3 &amp;&amp; wildList.indexOf(symbol) != -1): null

2019-08-24 12:57:02 - [TEST_STEP][PASSED] - if (i == 4 &amp;&amp; wildList.indexOf(symbol) != -1): null

2019-08-24 12:57:02 - [TEST_STEP][PASSED] - symbol = symbol: null

2019-08-24 12:57:02 - [TEST_STEP][PASSED] - println(symbol): null

2019-08-24 12:57:02 - [TEST_STEP][PASSED] - if (i == 2 &amp;&amp; wildList.indexOf(symbol) != -1): null

2019-08-24 12:57:02 - [TEST_STEP][PASSED] - if (i == 3 &amp;&amp; wildList.indexOf(symbol) != -1): null

2019-08-24 12:57:02 - [TEST_STEP][PASSED] - if (i == 4 &amp;&amp; wildList.indexOf(symbol) != -1): null

2019-08-24 12:57:02 - [TEST_STEP][PASSED] - symbol = symbol: null

2019-08-24 12:57:02 - [TEST_STEP][PASSED] - println(symbol): null

2019-08-24 12:57:02 - [TEST_STEP][PASSED] - if (i == 2 &amp;&amp; wildList.indexOf(symbol) != -1): null

2019-08-24 12:57:02 - [TEST_STEP][PASSED] - if (i == 3 &amp;&amp; wildList.indexOf(symbol) != -1): null

2019-08-24 12:57:02 - [TEST_STEP][PASSED] - if (i == 4 &amp;&amp; wildList.indexOf(symbol) != -1): null

2019-08-24 12:57:02 - [TEST_STEP][PASSED] - symbols = symbols: null

2019-08-24 12:57:02 - [TEST_STEP][PASSED] - for ([j = 0, j &lt; symbols.size(), (j++)]): null

2019-08-24 12:57:02 - [TEST_STEP][PASSED] - symbol = symbol: null

2019-08-24 12:57:02 - [TEST_STEP][PASSED] - println(symbol): null

2019-08-24 12:57:02 - [TEST_STEP][PASSED] - if (i == 2 &amp;&amp; wildList.indexOf(symbol) != -1): null

2019-08-24 12:57:02 - [TEST_STEP][PASSED] - if (i == 3 &amp;&amp; wildList.indexOf(symbol) != -1): null

2019-08-24 12:57:02 - [TEST_STEP][PASSED] - if (i == 4 &amp;&amp; wildList.indexOf(symbol) != -1): null

2019-08-24 12:57:02 - [TEST_STEP][PASSED] - symbol = symbol: null

2019-08-24 12:57:02 - [TEST_STEP][PASSED] - println(symbol): null

2019-08-24 12:57:02 - [TEST_STEP][PASSED] - if (i == 2 &amp;&amp; wildList.indexOf(symbol) != -1): null

2019-08-24 12:57:02 - [TEST_STEP][PASSED] - if (i == 3 &amp;&amp; wildList.indexOf(symbol) != -1): null

2019-08-24 12:57:02 - [TEST_STEP][PASSED] - if (i == 4 &amp;&amp; wildList.indexOf(symbol) != -1): null

2019-08-24 12:57:02 - [TEST_STEP][PASSED] - symbol = symbol: null

2019-08-24 12:57:02 - [TEST_STEP][PASSED] - println(symbol): null

2019-08-24 12:57:02 - [TEST_STEP][PASSED] - if (i == 2 &amp;&amp; wildList.indexOf(symbol) != -1): null

2019-08-24 12:57:02 - [TEST_STEP][PASSED] - if (i == 3 &amp;&amp; wildList.indexOf(symbol) != -1): null

2019-08-24 12:57:02 - [TEST_STEP][PASSED] - if (i == 4 &amp;&amp; wildList.indexOf(symbol) != -1): null

2019-08-24 12:57:02 - [TEST_STEP][PASSED] - free_spin_reel_counter = free_spin_reel_counter: null

2019-08-24 12:57:02 - [TEST_STEP][PASSED] - println("reel 3 wild found: " + free_spin_reel_counter[0]): null

2019-08-24 12:57:02 - [TEST_STEP][PASSED] - println("reel 4 wild found: " + free_spin_reel_counter[1]): null

2019-08-24 12:57:02 - [TEST_STEP][PASSED] - println("reel 5 wild found: " + free_spin_reel_counter[2]): null

2019-08-24 12:57:02 - [TEST_STEP][PASSED] - M4_spin_reels = M4_spin_reels: null

2019-08-24 12:57:02 - [TEST_STEP][PASSED] - M4_spin_reels_symbols = symbol: null

2019-08-24 12:57:02 - [TEST_STEP][PASSED] - M4_spin_reels_symbols = M4_spin_reels_symbols: null

2019-08-24 12:57:02 - [TEST_STEP][PASSED] - M4_spin_reel_wins = reel_wins: null

2019-08-24 12:57:02 - [TEST_STEP][PASSED] - M4_spin_reel_wins = M4_spin_reel_wins: null

2019-08-24 12:57:02 - [TEST_STEP][PASSED] - println("GlobalVariable.M4_spin_reel_wins is: " + M4_spin_reel_wins): null

2019-08-24 12:57:02 - [TEST_STEP][PASSED] - M4_spin_total_bonus_win_this_round = total_bonus_win_this_round: null

2019-08-24 12:57:02 - [TEST_STEP][PASSED] - M4_spin_total_bonus_win_this_round = M4_spin_total_bonus_win_this_round: null

2019-08-24 12:57:02 - [TEST_STEP][PASSED] - println("GlobalVariable.M4_spin_total_bonus_win_this_round is: " + M4_spin_total_bonus_win_this_round): null

2019-08-24 12:57:02 - [TEST_STEP][PASSED] - M4_spin_bonus_spin_result = spin_result: null

2019-08-24 12:57:02 - [TEST_STEP][PASSED] - M4_spin_bonus_spin_result = M4_spin_bonus_spin_result: null

2019-08-24 12:57:02 - [MESSAGE][PASSED] - Verify response successfully

2019-08-24 12:57:02 - [MESSAGE][PASSED] - Send request and verify the response successfully

2019-08-24 12:57:02 - [TEST_STEP][PASSED] - if (M4_total_bonus_spins_int != 0 &amp;&amp; M4_spin_reels_symbols[2].contains("WILD_Double") || M4_spin_reels_symbols[4].contains("WILD_Triple")): null

2019-08-24 12:57:02 - [TEST_STEP][PASSED] - free_spin_reel_counter = free_spin_reel_counter: null

2019-08-24 12:57:02 - [TEST_STEP][PASSED] - M4_spin_reels_symbols = M4_spin_reels_symbols: null

2019-08-24 12:57:02 - [TEST_STEP][PASSED] - M4_total_bonus_spins = M4_total_bonus_spins: null

2019-08-24 12:57:02 - [TEST_STEP][PASSED] - spin_result = sendRequestAndVerify(findTestObject("INT/RGS(M4)/1_M4_spin", ["M4_login_user_id":M4_login_user_id, "rgs_session_token":rgs_session_token, "partner":Partner])): Send request and verify the response successfully

2019-08-24 12:57:02 - [MESSAGE][INFO] - HAR: /Users/eiralee/Katalon_Script/SuperWild/Reports/20190824_124242/INT/superWild_4/20190824_124242/requests/main/254.har

2019-08-24 12:57:02 - [TEST_CASE][PASSED] - Start Test Case : Verification: Verification accomplished successfully

2019-08-24 12:57:03 - [TEST_STEP][PASSED] - request = getInstance().getCurrentRequest(): null

2019-08-24 12:57:03 - [TEST_STEP][PASSED] - response = getInstance().getCurrentResponse(): null

2019-08-24 12:57:03 - [TEST_STEP][PASSED] - verifyResponseStatusCode(response, 200): Verify response status code successfully

2019-08-24 12:57:03 - [MESSAGE][PASSED] - Verify response status code successfully

2019-08-24 12:57:03 - [TEST_STEP][PASSED] - getStatusCode()).isEqualTo(200): null

2019-08-24 12:57:03 - [TEST_STEP][PASSED] - newline = System.getProperty("line.separator"): null

2019-08-24 12:57:03 - [TEST_STEP][PASSED] - M4_spin = new groovy.json.JsonSlurper(): null

2019-08-24 12:57:03 - [TEST_STEP][PASSED] - result_M4_spin = M4_spin.parseText(response.getResponseBodyContent()): null

2019-08-24 12:57:03 - [TEST_STEP][PASSED] - M4_spin_current_balance = current_balance: null

2019-08-24 12:57:03 - [TEST_STEP][PASSED] - M4_spin_current_balance = M4_spin_current_balance: null

2019-08-24 12:57:03 - [TEST_STEP][PASSED] - M4_spin_transaction_id = causality: null

2019-08-24 12:57:03 - [TEST_STEP][PASSED] - M4_spin_transaction_id = M4_spin_transaction_id: null

2019-08-24 12:57:03 - [TEST_STEP][PASSED] - M4_spin_round_id = round_id: null

2019-08-24 12:57:03 - [TEST_STEP][PASSED] - M4_spin_round_id = M4_spin_round_id: null

2019-08-24 12:57:03 - [TEST_STEP][PASSED] - M4_spin_line_wins = line_wins: null

2019-08-24 12:57:03 - [TEST_STEP][PASSED] - M4_spin_line_wins = M4_spin_line_wins: null

2019-08-24 12:57:03 - [TEST_STEP][PASSED] - M4_total_bonus_spins_int = total_bonus_spins: null

2019-08-24 12:57:03 - [TEST_STEP][PASSED] - println("******M4_total_bonus_spins type is:*******" + newline + getClass().getName()): null

2019-08-24 12:57:03 - [TEST_STEP][PASSED] - M4_total_bonus_spins_int = M4_total_bonus_spins_int: null

2019-08-24 12:57:03 - [TEST_STEP][PASSED] - M4_total_bonus_spins = Integer.toString(M4_total_bonus_spins_int): null

2019-08-24 12:57:03 - [TEST_STEP][PASSED] - M4_total_bonus_spins = M4_total_bonus_spins: null

2019-08-24 12:57:03 - [TEST_STEP][PASSED] - println("M4_total_bonus_spins is:" + M4_total_bonus_spins): null

2019-08-24 12:57:03 - [TEST_STEP][PASSED] - M4_spin_bonus_data = bonus_data: null

2019-08-24 12:57:03 - [TEST_STEP][PASSED] - M4_spin_features_triggered = result_M4_spin: null

2019-08-24 12:57:03 - [TEST_STEP][PASSED] - wild = []: null

2019-08-24 12:57:03 - [TEST_STEP][PASSED] - wild[0] = "WILD_Expanding": null

2019-08-24 12:57:03 - [TEST_STEP][PASSED] - wild[1] = "WILD_Normal": null

2019-08-24 12:57:03 - [TEST_STEP][PASSED] - wild[2] = "WILD_Double": null

2019-08-24 12:57:03 - [TEST_STEP][PASSED] - wild[3] = "WILD_ExtraFG": null

2019-08-24 12:57:03 - [TEST_STEP][PASSED] - wild[4] = "WILD_Triple": null

2019-08-24 12:57:03 - [TEST_STEP][PASSED] - wildList = Arrays.asList(wild): null

2019-08-24 12:57:03 - [TEST_STEP][PASSED] - wildList = wildList: null

2019-08-24 12:57:03 - [TEST_STEP][PASSED] - free_spin_reel_counter = []: null

2019-08-24 12:57:03 - [TEST_STEP][PASSED] - free_spin_reel_counter[0] = 0: null

2019-08-24 12:57:03 - [TEST_STEP][PASSED] - free_spin_reel_counter[1] = 0: null

2019-08-24 12:57:03 - [TEST_STEP][PASSED] - free_spin_reel_counter[2] = 0: null

2019-08-24 12:57:03 - [TEST_STEP][PASSED] - M4_spin_reels = reels: null

2019-08-24 12:57:03 - [TEST_STEP][PASSED] - for ([i = 0, i &lt; M4_spin_reels.size(), (i++)]): null

2019-08-24 12:57:03 - [TEST_STEP][PASSED] - symbols = symbols: null

2019-08-24 12:57:03 - [TEST_STEP][PASSED] - for ([j = 0, j &lt; symbols.size(), (j++)]): null

2019-08-24 12:57:03 - [TEST_STEP][PASSED] - symbol = symbol: null

2019-08-24 12:57:03 - [TEST_STEP][PASSED] - println(symbol): null

2019-08-24 12:57:03 - [TEST_STEP][PASSED] - if (i == 2 &amp;&amp; wildList.indexOf(symbol) != -1): null

2019-08-24 12:57:03 - [TEST_STEP][PASSED] - if (i == 3 &amp;&amp; wildList.indexOf(symbol) != -1): null

2019-08-24 12:57:03 - [TEST_STEP][PASSED] - if (i == 4 &amp;&amp; wildList.indexOf(symbol) != -1): null

2019-08-24 12:57:03 - [TEST_STEP][PASSED] - symbol = symbol: null

2019-08-24 12:57:03 - [TEST_STEP][PASSED] - println(symbol): null

2019-08-24 12:57:03 - [TEST_STEP][PASSED] - if (i == 2 &amp;&amp; wildList.indexOf(symbol) != -1): null

2019-08-24 12:57:03 - [TEST_STEP][PASSED] - if (i == 3 &amp;&amp; wildList.indexOf(symbol) != -1): null

2019-08-24 12:57:03 - [TEST_STEP][PASSED] - if (i == 4 &amp;&amp; wildList.indexOf(symbol) != -1): null

2019-08-24 12:57:03 - [TEST_STEP][PASSED] - symbol = symbol: null

2019-08-24 12:57:03 - [TEST_STEP][PASSED] - println(symbol): null

2019-08-24 12:57:03 - [TEST_STEP][PASSED] - if (i == 2 &amp;&amp; wildList.indexOf(symbol) != -1): null

2019-08-24 12:57:03 - [TEST_STEP][PASSED] - if (i == 3 &amp;&amp; wildList.indexOf(symbol) != -1): null

2019-08-24 12:57:03 - [TEST_STEP][PASSED] - if (i == 4 &amp;&amp; wildList.indexOf(symbol) != -1): null

2019-08-24 12:57:03 - [TEST_STEP][PASSED] - symbols = symbols: null

2019-08-24 12:57:03 - [TEST_STEP][PASSED] - for ([j = 0, j &lt; symbols.size(), (j++)]): null

2019-08-24 12:57:03 - [TEST_STEP][PASSED] - symbol = symbol: null

2019-08-24 12:57:03 - [TEST_STEP][PASSED] - println(symbol): null

2019-08-24 12:57:03 - [TEST_STEP][PASSED] - if (i == 2 &amp;&amp; wildList.indexOf(symbol) != -1): null

2019-08-24 12:57:03 - [TEST_STEP][PASSED] - if (i == 3 &amp;&amp; wildList.indexOf(symbol) != -1): null

2019-08-24 12:57:03 - [TEST_STEP][PASSED] - if (i == 4 &amp;&amp; wildList.indexOf(symbol) != -1): null

2019-08-24 12:57:07 - [TEST_STEP][PASSED] - symbol = symbol: null

2019-08-24 12:57:07 - [TEST_STEP][PASSED] - println(symbol): null

2019-08-24 12:57:07 - [TEST_STEP][PASSED] - if (i == 2 &amp;&amp; wildList.indexOf(symbol) != -1): null

2019-08-24 12:57:07 - [TEST_STEP][PASSED] - if (i == 3 &amp;&amp; wildList.indexOf(symbol) != -1): null

2019-08-24 12:57:07 - [TEST_STEP][PASSED] - if (i == 4 &amp;&amp; wildList.indexOf(symbol) != -1): null

2019-08-24 12:57:07 - [TEST_STEP][PASSED] - symbol = symbol: null

2019-08-24 12:57:07 - [TEST_STEP][PASSED] - println(symbol): null

2019-08-24 12:57:07 - [TEST_STEP][PASSED] - if (i == 2 &amp;&amp; wildList.indexOf(symbol) != -1): null

2019-08-24 12:57:07 - [TEST_STEP][PASSED] - if (i == 3 &amp;&amp; wildList.indexOf(symbol) != -1): null

2019-08-24 12:57:07 - [TEST_STEP][PASSED] - if (i == 4 &amp;&amp; wildList.indexOf(symbol) != -1): null

2019-08-24 12:57:12 - [TEST_STEP][PASSED] - symbols = symbols: null

2019-08-24 12:57:12 - [TEST_STEP][PASSED] - for ([j = 0, j &lt; symbols.size(), (j++)]): null

2019-08-24 12:57:12 - [TEST_STEP][PASSED] - symbol = symbol: null

2019-08-24 12:57:12 - [TEST_STEP][PASSED] - println(symbol): null

2019-08-24 12:57:12 - [TEST_STEP][PASSED] - if (i == 2 &amp;&amp; wildList.indexOf(symbol) != -1): null

2019-08-24 12:57:12 - [TEST_STEP][PASSED] - if (i == 3 &amp;&amp; wildList.indexOf(symbol) != -1): null

2019-08-24 12:57:17 - [TEST_STEP][PASSED] - if (i == 4 &amp;&amp; wildList.indexOf(symbol) != -1): null

2019-08-24 12:57:17 - [TEST_STEP][PASSED] - symbol = symbol: null

2019-08-24 12:57:17 - [TEST_STEP][PASSED] - println(symbol): null

2019-08-24 12:57:17 - [TEST_STEP][PASSED] - if (i == 2 &amp;&amp; wildList.indexOf(symbol) != -1): null

2019-08-24 12:57:17 - [TEST_STEP][PASSED] - if (i == 3 &amp;&amp; wildList.indexOf(symbol) != -1): null

2019-08-24 12:57:17 - [TEST_STEP][PASSED] - if (i == 4 &amp;&amp; wildList.indexOf(symbol) != -1): null

2019-08-24 12:57:17 - [TEST_STEP][PASSED] - symbol = symbol: null

2019-08-24 12:57:17 - [TEST_STEP][PASSED] - println(symbol): null

2019-08-24 12:57:17 - [TEST_STEP][PASSED] - if (i == 2 &amp;&amp; wildList.indexOf(symbol) != -1): null

2019-08-24 12:57:17 - [TEST_STEP][PASSED] - println("wild found on reel 3, adding counter by 1"): null

2019-08-24 12:57:17 - [TEST_STEP][PASSED] - free_spin_reel_counter[0] = free_spin_reel_counter[0] + 1: null

2019-08-24 12:57:17 - [TEST_STEP][PASSED] - if (i == 3 &amp;&amp; wildList.indexOf(symbol) != -1): null

2019-08-24 12:57:17 - [TEST_STEP][PASSED] - if (i == 4 &amp;&amp; wildList.indexOf(symbol) != -1): null

2019-08-24 12:57:17 - [TEST_STEP][PASSED] - symbols = symbols: null

2019-08-24 12:57:17 - [TEST_STEP][PASSED] - for ([j = 0, j &lt; symbols.size(), (j++)]): null

2019-08-24 12:57:17 - [TEST_STEP][PASSED] - symbol = symbol: null

2019-08-24 12:57:17 - [TEST_STEP][PASSED] - println(symbol): null

2019-08-24 12:57:17 - [TEST_STEP][PASSED] - if (i == 2 &amp;&amp; wildList.indexOf(symbol) != -1): null

2019-08-24 12:57:17 - [TEST_STEP][PASSED] - if (i == 3 &amp;&amp; wildList.indexOf(symbol) != -1): null

2019-08-24 12:57:17 - [TEST_STEP][PASSED] - if (i == 4 &amp;&amp; wildList.indexOf(symbol) != -1): null

2019-08-24 12:57:17 - [TEST_STEP][PASSED] - symbol = symbol: null

2019-08-24 12:57:17 - [TEST_STEP][PASSED] - println(symbol): null

2019-08-24 12:57:17 - [TEST_STEP][PASSED] - if (i == 2 &amp;&amp; wildList.indexOf(symbol) != -1): null

2019-08-24 12:57:17 - [TEST_STEP][PASSED] - if (i == 3 &amp;&amp; wildList.indexOf(symbol) != -1): null

2019-08-24 12:57:17 - [TEST_STEP][PASSED] - if (i == 4 &amp;&amp; wildList.indexOf(symbol) != -1): null

2019-08-24 12:57:17 - [TEST_STEP][PASSED] - symbol = symbol: null

2019-08-24 12:57:17 - [TEST_STEP][PASSED] - println(symbol): null

2019-08-24 12:57:17 - [TEST_STEP][PASSED] - if (i == 2 &amp;&amp; wildList.indexOf(symbol) != -1): null

2019-08-24 12:57:17 - [TEST_STEP][PASSED] - if (i == 3 &amp;&amp; wildList.indexOf(symbol) != -1): null

2019-08-24 12:57:17 - [TEST_STEP][PASSED] - if (i == 4 &amp;&amp; wildList.indexOf(symbol) != -1): null

2019-08-24 12:57:17 - [TEST_STEP][PASSED] - symbols = symbols: null

2019-08-24 12:57:17 - [TEST_STEP][PASSED] - for ([j = 0, j &lt; symbols.size(), (j++)]): null

2019-08-24 12:57:17 - [TEST_STEP][PASSED] - symbol = symbol: null

2019-08-24 12:57:17 - [TEST_STEP][PASSED] - println(symbol): null

2019-08-24 12:57:17 - [TEST_STEP][PASSED] - if (i == 2 &amp;&amp; wildList.indexOf(symbol) != -1): null

2019-08-24 12:57:17 - [TEST_STEP][PASSED] - if (i == 3 &amp;&amp; wildList.indexOf(symbol) != -1): null

2019-08-24 12:57:17 - [TEST_STEP][PASSED] - if (i == 4 &amp;&amp; wildList.indexOf(symbol) != -1): null

2019-08-24 12:57:17 - [TEST_STEP][PASSED] - symbol = symbol: null

2019-08-24 12:57:17 - [TEST_STEP][PASSED] - println(symbol): null

2019-08-24 12:57:17 - [TEST_STEP][PASSED] - if (i == 2 &amp;&amp; wildList.indexOf(symbol) != -1): null

2019-08-24 12:57:17 - [TEST_STEP][PASSED] - if (i == 3 &amp;&amp; wildList.indexOf(symbol) != -1): null

2019-08-24 12:57:17 - [TEST_STEP][PASSED] - if (i == 4 &amp;&amp; wildList.indexOf(symbol) != -1): null

2019-08-24 12:57:17 - [TEST_STEP][PASSED] - symbol = symbol: null

2019-08-24 12:57:17 - [TEST_STEP][PASSED] - println(symbol): null

2019-08-24 12:57:17 - [TEST_STEP][PASSED] - if (i == 2 &amp;&amp; wildList.indexOf(symbol) != -1): null

2019-08-24 12:57:17 - [TEST_STEP][PASSED] - if (i == 3 &amp;&amp; wildList.indexOf(symbol) != -1): null

2019-08-24 12:57:17 - [TEST_STEP][PASSED] - if (i == 4 &amp;&amp; wildList.indexOf(symbol) != -1): null

2019-08-24 12:57:17 - [TEST_STEP][PASSED] - free_spin_reel_counter = free_spin_reel_counter: null

2019-08-24 12:57:17 - [TEST_STEP][PASSED] - println("reel 3 wild found: " + free_spin_reel_counter[0]): null

2019-08-24 12:57:17 - [TEST_STEP][PASSED] - println("reel 4 wild found: " + free_spin_reel_counter[1]): null

2019-08-24 12:57:17 - [TEST_STEP][PASSED] - println("reel 5 wild found: " + free_spin_reel_counter[2]): null

2019-08-24 12:57:17 - [TEST_STEP][PASSED] - M4_spin_reels = M4_spin_reels: null

2019-08-24 12:57:17 - [TEST_STEP][PASSED] - M4_spin_reels_symbols = symbol: null

2019-08-24 12:57:17 - [TEST_STEP][PASSED] - M4_spin_reels_symbols = M4_spin_reels_symbols: null

2019-08-24 12:57:17 - [TEST_STEP][PASSED] - M4_spin_reel_wins = reel_wins: null

2019-08-24 12:57:17 - [TEST_STEP][PASSED] - M4_spin_reel_wins = M4_spin_reel_wins: null

2019-08-24 12:57:17 - [TEST_STEP][PASSED] - println("GlobalVariable.M4_spin_reel_wins is: " + M4_spin_reel_wins): null

2019-08-24 12:57:17 - [TEST_STEP][PASSED] - M4_spin_total_bonus_win_this_round = total_bonus_win_this_round: null

2019-08-24 12:57:17 - [TEST_STEP][PASSED] - M4_spin_total_bonus_win_this_round = M4_spin_total_bonus_win_this_round: null

2019-08-24 12:57:17 - [TEST_STEP][PASSED] - println("GlobalVariable.M4_spin_total_bonus_win_this_round is: " + M4_spin_total_bonus_win_this_round): null

2019-08-24 12:57:17 - [TEST_STEP][PASSED] - M4_spin_bonus_spin_result = spin_result: null

2019-08-24 12:57:17 - [TEST_STEP][PASSED] - M4_spin_bonus_spin_result = M4_spin_bonus_spin_result: null

2019-08-24 12:57:17 - [MESSAGE][PASSED] - Verify response successfully

2019-08-24 12:57:17 - [MESSAGE][PASSED] - Send request and verify the response successfully

2019-08-24 12:57:17 - [TEST_STEP][PASSED] - if (M4_total_bonus_spins_int != 0 &amp;&amp; M4_spin_reels_symbols[2].contains("WILD_Double") || M4_spin_reels_symbols[4].contains("WILD_Triple")): null

2019-08-24 12:57:17 - [TEST_STEP][PASSED] - free_spin_reel_counter = free_spin_reel_counter: null

2019-08-24 12:57:17 - [TEST_STEP][PASSED] - M4_spin_reels_symbols = M4_spin_reels_symbols: null

2019-08-24 12:57:17 - [TEST_STEP][PASSED] - M4_total_bonus_spins = M4_total_bonus_spins: null

2019-08-24 12:57:17 - [TEST_STEP][PASSED] - spin_result = sendRequestAndVerify(findTestObject("INT/RGS(M4)/1_M4_spin", ["M4_login_user_id":M4_login_user_id, "rgs_session_token":rgs_session_token, "partner":Partner])): Send request and verify the response successfully

2019-08-24 12:57:18 - [MESSAGE][INFO] - HAR: /Users/eiralee/Katalon_Script/SuperWild/Reports/20190824_124242/INT/superWild_4/20190824_124242/requests/main/255.har

2019-08-24 12:57:18 - [TEST_CASE][PASSED] - Start Test Case : Verification: Verification accomplished successfully

2019-08-24 12:57:18 - [TEST_STEP][PASSED] - request = getInstance().getCurrentRequest(): null

2019-08-24 12:57:18 - [TEST_STEP][PASSED] - response = getInstance().getCurrentResponse(): null

2019-08-24 12:57:18 - [TEST_STEP][PASSED] - verifyResponseStatusCode(response, 200): Verify response status code successfully

2019-08-24 12:57:18 - [MESSAGE][PASSED] - Verify response status code successfully

2019-08-24 12:57:18 - [TEST_STEP][PASSED] - getStatusCode()).isEqualTo(200): null

2019-08-24 12:57:18 - [TEST_STEP][PASSED] - newline = System.getProperty("line.separator"): null

2019-08-24 12:57:18 - [TEST_STEP][PASSED] - M4_spin = new groovy.json.JsonSlurper(): null

2019-08-24 12:57:18 - [TEST_STEP][PASSED] - result_M4_spin = M4_spin.parseText(response.getResponseBodyContent()): null

2019-08-24 12:57:18 - [TEST_STEP][PASSED] - M4_spin_current_balance = current_balance: null

2019-08-24 12:57:18 - [TEST_STEP][PASSED] - M4_spin_current_balance = M4_spin_current_balance: null

2019-08-24 12:57:18 - [TEST_STEP][PASSED] - M4_spin_transaction_id = causality: null

2019-08-24 12:57:18 - [TEST_STEP][PASSED] - M4_spin_transaction_id = M4_spin_transaction_id: null

2019-08-24 12:57:18 - [TEST_STEP][PASSED] - M4_spin_round_id = round_id: null

2019-08-24 12:57:18 - [TEST_STEP][PASSED] - M4_spin_round_id = M4_spin_round_id: null

2019-08-24 12:57:18 - [TEST_STEP][PASSED] - M4_spin_line_wins = line_wins: null

2019-08-24 12:57:18 - [TEST_STEP][PASSED] - M4_spin_line_wins = M4_spin_line_wins: null

2019-08-24 12:57:18 - [TEST_STEP][PASSED] - M4_total_bonus_spins_int = total_bonus_spins: null

2019-08-24 12:57:18 - [TEST_STEP][PASSED] - println("******M4_total_bonus_spins type is:*******" + newline + getClass().getName()): null

2019-08-24 12:57:18 - [TEST_STEP][PASSED] - M4_total_bonus_spins_int = M4_total_bonus_spins_int: null

2019-08-24 12:57:18 - [TEST_STEP][PASSED] - M4_total_bonus_spins = Integer.toString(M4_total_bonus_spins_int): null

2019-08-24 12:57:18 - [TEST_STEP][PASSED] - M4_total_bonus_spins = M4_total_bonus_spins: null

2019-08-24 12:57:18 - [TEST_STEP][PASSED] - println("M4_total_bonus_spins is:" + M4_total_bonus_spins): null

2019-08-24 12:57:18 - [TEST_STEP][PASSED] - M4_spin_bonus_data = bonus_data: null

2019-08-24 12:57:18 - [TEST_STEP][PASSED] - M4_spin_features_triggered = result_M4_spin: null

2019-08-24 12:57:18 - [TEST_STEP][PASSED] - wild = []: null

2019-08-24 12:57:18 - [TEST_STEP][PASSED] - wild[0] = "WILD_Expanding": null

2019-08-24 12:57:18 - [TEST_STEP][PASSED] - wild[1] = "WILD_Normal": null

2019-08-24 12:57:18 - [TEST_STEP][PASSED] - wild[2] = "WILD_Double": null

2019-08-24 12:57:18 - [TEST_STEP][PASSED] - wild[3] = "WILD_ExtraFG": null

2019-08-24 12:57:18 - [TEST_STEP][PASSED] - wild[4] = "WILD_Triple": null

2019-08-24 12:57:18 - [TEST_STEP][PASSED] - wildList = Arrays.asList(wild): null

2019-08-24 12:57:18 - [TEST_STEP][PASSED] - wildList = wildList: null

2019-08-24 12:57:18 - [TEST_STEP][PASSED] - free_spin_reel_counter = []: null

2019-08-24 12:57:18 - [TEST_STEP][PASSED] - free_spin_reel_counter[0] = 0: null

2019-08-24 12:57:18 - [TEST_STEP][PASSED] - free_spin_reel_counter[1] = 0: null

2019-08-24 12:57:18 - [TEST_STEP][PASSED] - free_spin_reel_counter[2] = 0: null

2019-08-24 12:57:18 - [TEST_STEP][PASSED] - M4_spin_reels = reels: null

2019-08-24 12:57:18 - [TEST_STEP][PASSED] - for ([i = 0, i &lt; M4_spin_reels.size(), (i++)]): null

2019-08-24 12:57:18 - [TEST_STEP][PASSED] - symbols = symbols: null

2019-08-24 12:57:18 - [TEST_STEP][PASSED] - for ([j = 0, j &lt; symbols.size(), (j++)]): null

2019-08-24 12:57:18 - [TEST_STEP][PASSED] - symbol = symbol: null

2019-08-24 12:57:18 - [TEST_STEP][PASSED] - println(symbol): null

2019-08-24 12:57:18 - [TEST_STEP][PASSED] - if (i == 2 &amp;&amp; wildList.indexOf(symbol) != -1): null

2019-08-24 12:57:18 - [TEST_STEP][PASSED] - if (i == 3 &amp;&amp; wildList.indexOf(symbol) != -1): null

2019-08-24 12:57:18 - [TEST_STEP][PASSED] - if (i == 4 &amp;&amp; wildList.indexOf(symbol) != -1): null

2019-08-24 12:57:18 - [TEST_STEP][PASSED] - symbol = symbol: null

2019-08-24 12:57:18 - [TEST_STEP][PASSED] - println(symbol): null

2019-08-24 12:57:18 - [TEST_STEP][PASSED] - if (i == 2 &amp;&amp; wildList.indexOf(symbol) != -1): null

2019-08-24 12:57:18 - [TEST_STEP][PASSED] - if (i == 3 &amp;&amp; wildList.indexOf(symbol) != -1): null

2019-08-24 12:57:18 - [TEST_STEP][PASSED] - if (i == 4 &amp;&amp; wildList.indexOf(symbol) != -1): null

2019-08-24 12:57:18 - [TEST_STEP][PASSED] - symbol = symbol: null

2019-08-24 12:57:18 - [TEST_STEP][PASSED] - println(symbol): null

2019-08-24 12:57:18 - [TEST_STEP][PASSED] - if (i == 2 &amp;&amp; wildList.indexOf(symbol) != -1): null

2019-08-24 12:57:18 - [TEST_STEP][PASSED] - if (i == 3 &amp;&amp; wildList.indexOf(symbol) != -1): null

2019-08-24 12:57:18 - [TEST_STEP][PASSED] - if (i == 4 &amp;&amp; wildList.indexOf(symbol) != -1): null

2019-08-24 12:57:18 - [TEST_STEP][PASSED] - symbols = symbols: null

2019-08-24 12:57:18 - [TEST_STEP][PASSED] - for ([j = 0, j &lt; symbols.size(), (j++)]): null

2019-08-24 12:57:18 - [TEST_STEP][PASSED] - symbol = symbol: null

2019-08-24 12:57:18 - [TEST_STEP][PASSED] - println(symbol): null

2019-08-24 12:57:18 - [TEST_STEP][PASSED] - if (i == 2 &amp;&amp; wildList.indexOf(symbol) != -1): null

2019-08-24 12:57:18 - [TEST_STEP][PASSED] - if (i == 3 &amp;&amp; wildList.indexOf(symbol) != -1): null

2019-08-24 12:57:18 - [TEST_STEP][PASSED] - if (i == 4 &amp;&amp; wildList.indexOf(symbol) != -1): null

2019-08-24 12:57:18 - [TEST_STEP][PASSED] - symbol = symbol: null

2019-08-24 12:57:18 - [TEST_STEP][PASSED] - println(symbol): null

2019-08-24 12:57:18 - [TEST_STEP][PASSED] - if (i == 2 &amp;&amp; wildList.indexOf(symbol) != -1): null

2019-08-24 12:57:18 - [TEST_STEP][PASSED] - if (i == 3 &amp;&amp; wildList.indexOf(symbol) != -1): null

2019-08-24 12:57:18 - [TEST_STEP][PASSED] - if (i == 4 &amp;&amp; wildList.indexOf(symbol) != -1): null

2019-08-24 12:57:18 - [TEST_STEP][PASSED] - symbol = symbol: null

2019-08-24 12:57:18 - [TEST_STEP][PASSED] - println(symbol): null

2019-08-24 12:57:18 - [TEST_STEP][PASSED] - if (i == 2 &amp;&amp; wildList.indexOf(symbol) != -1): null

2019-08-24 12:57:18 - [TEST_STEP][PASSED] - if (i == 3 &amp;&amp; wildList.indexOf(symbol) != -1): null

2019-08-24 12:57:18 - [TEST_STEP][PASSED] - if (i == 4 &amp;&amp; wildList.indexOf(symbol) != -1): null

2019-08-24 12:57:18 - [TEST_STEP][PASSED] - symbols = symbols: null

2019-08-24 12:57:18 - [TEST_STEP][PASSED] - for ([j = 0, j &lt; symbols.size(), (j++)]): null

2019-08-24 12:57:18 - [TEST_STEP][PASSED] - symbol = symbol: null

2019-08-24 12:57:18 - [TEST_STEP][PASSED] - println(symbol): null

2019-08-24 12:57:18 - [TEST_STEP][PASSED] - if (i == 2 &amp;&amp; wildList.indexOf(symbol) != -1): null

2019-08-24 12:57:18 - [TEST_STEP][PASSED] - if (i == 3 &amp;&amp; wildList.indexOf(symbol) != -1): null

2019-08-24 12:57:18 - [TEST_STEP][PASSED] - if (i == 4 &amp;&amp; wildList.indexOf(symbol) != -1): null

2019-08-24 12:57:18 - [TEST_STEP][PASSED] - symbol = symbol: null

2019-08-24 12:57:18 - [TEST_STEP][PASSED] - println(symbol): null

2019-08-24 12:57:18 - [TEST_STEP][PASSED] - if (i == 2 &amp;&amp; wildList.indexOf(symbol) != -1): null

2019-08-24 12:57:18 - [TEST_STEP][PASSED] - if (i == 3 &amp;&amp; wildList.indexOf(symbol) != -1): null

2019-08-24 12:57:18 - [TEST_STEP][PASSED] - if (i == 4 &amp;&amp; wildList.indexOf(symbol) != -1): null

2019-08-24 12:57:18 - [TEST_STEP][PASSED] - symbol = symbol: null

2019-08-24 12:57:18 - [TEST_STEP][PASSED] - println(symbol): null

2019-08-24 12:57:18 - [TEST_STEP][PASSED] - if (i == 2 &amp;&amp; wildList.indexOf(symbol) != -1): null

2019-08-24 12:57:18 - [TEST_STEP][PASSED] - println("wild found on reel 3, adding counter by 1"): null

2019-08-24 12:57:18 - [TEST_STEP][PASSED] - free_spin_reel_counter[0] = free_spin_reel_counter[0] + 1: null

2019-08-24 12:57:18 - [TEST_STEP][PASSED] - if (i == 3 &amp;&amp; wildList.indexOf(symbol) != -1): null

2019-08-24 12:57:18 - [TEST_STEP][PASSED] - if (i == 4 &amp;&amp; wildList.indexOf(symbol) != -1): null

2019-08-24 12:57:18 - [TEST_STEP][PASSED] - symbols = symbols: null

2019-08-24 12:57:18 - [TEST_STEP][PASSED] - for ([j = 0, j &lt; symbols.size(), (j++)]): null

2019-08-24 12:57:18 - [TEST_STEP][PASSED] - symbol = symbol: null

2019-08-24 12:57:18 - [TEST_STEP][PASSED] - println(symbol): null

2019-08-24 12:57:18 - [TEST_STEP][PASSED] - if (i == 2 &amp;&amp; wildList.indexOf(symbol) != -1): null

2019-08-24 12:57:18 - [TEST_STEP][PASSED] - if (i == 3 &amp;&amp; wildList.indexOf(symbol) != -1): null

2019-08-24 12:57:18 - [TEST_STEP][PASSED] - if (i == 4 &amp;&amp; wildList.indexOf(symbol) != -1): null

2019-08-24 12:57:18 - [TEST_STEP][PASSED] - symbol = symbol: null

2019-08-24 12:57:18 - [TEST_STEP][PASSED] - println(symbol): null

2019-08-24 12:57:18 - [TEST_STEP][PASSED] - if (i == 2 &amp;&amp; wildList.indexOf(symbol) != -1): null

2019-08-24 12:57:18 - [TEST_STEP][PASSED] - if (i == 3 &amp;&amp; wildList.indexOf(symbol) != -1): null

2019-08-24 12:57:18 - [TEST_STEP][PASSED] - if (i == 4 &amp;&amp; wildList.indexOf(symbol) != -1): null

2019-08-24 12:57:18 - [TEST_STEP][PASSED] - symbol = symbol: null

2019-08-24 12:57:18 - [TEST_STEP][PASSED] - println(symbol): null

2019-08-24 12:57:18 - [TEST_STEP][PASSED] - if (i == 2 &amp;&amp; wildList.indexOf(symbol) != -1): null

2019-08-24 12:57:18 - [TEST_STEP][PASSED] - if (i == 3 &amp;&amp; wildList.indexOf(symbol) != -1): null

2019-08-24 12:57:18 - [TEST_STEP][PASSED] - println("wild found on reel 4, adding counter by 1"): null

2019-08-24 12:57:18 - [TEST_STEP][PASSED] - free_spin_reel_counter[1] = free_spin_reel_counter[1] + 1: null

2019-08-24 12:57:18 - [TEST_STEP][PASSED] - if (i == 4 &amp;&amp; wildList.indexOf(symbol) != -1): null

2019-08-24 12:57:18 - [TEST_STEP][PASSED] - symbols = symbols: null

2019-08-24 12:57:18 - [TEST_STEP][PASSED] - for ([j = 0, j &lt; symbols.size(), (j++)]): null

2019-08-24 12:57:18 - [TEST_STEP][PASSED] - symbol = symbol: null

2019-08-24 12:57:18 - [TEST_STEP][PASSED] - println(symbol): null

2019-08-24 12:57:18 - [TEST_STEP][PASSED] - if (i == 2 &amp;&amp; wildList.indexOf(symbol) != -1): null

2019-08-24 12:57:18 - [TEST_STEP][PASSED] - if (i == 3 &amp;&amp; wildList.indexOf(symbol) != -1): null

2019-08-24 12:57:18 - [TEST_STEP][PASSED] - if (i == 4 &amp;&amp; wildList.indexOf(symbol) != -1): null

2019-08-24 12:57:18 - [TEST_STEP][PASSED] - println("wild found on reel 5, adding counter by 1"): null

2019-08-24 12:57:18 - [TEST_STEP][PASSED] - free_spin_reel_counter[2] = free_spin_reel_counter[2] + 1: null

2019-08-24 12:57:18 - [TEST_STEP][PASSED] - symbol = symbol: null

2019-08-24 12:57:18 - [TEST_STEP][PASSED] - println(symbol): null

2019-08-24 12:57:18 - [TEST_STEP][PASSED] - if (i == 2 &amp;&amp; wildList.indexOf(symbol) != -1): null

2019-08-24 12:57:18 - [TEST_STEP][PASSED] - if (i == 3 &amp;&amp; wildList.indexOf(symbol) != -1): null

2019-08-24 12:57:18 - [TEST_STEP][PASSED] - if (i == 4 &amp;&amp; wildList.indexOf(symbol) != -1): null

2019-08-24 12:57:18 - [TEST_STEP][PASSED] - symbol = symbol: null

2019-08-24 12:57:18 - [TEST_STEP][PASSED] - println(symbol): null

2019-08-24 12:57:18 - [TEST_STEP][PASSED] - if (i == 2 &amp;&amp; wildList.indexOf(symbol) != -1): null

2019-08-24 12:57:18 - [TEST_STEP][PASSED] - if (i == 3 &amp;&amp; wildList.indexOf(symbol) != -1): null

2019-08-24 12:57:18 - [TEST_STEP][PASSED] - if (i == 4 &amp;&amp; wildList.indexOf(symbol) != -1): null

2019-08-24 12:57:18 - [TEST_STEP][PASSED] - free_spin_reel_counter = free_spin_reel_counter: null

2019-08-24 12:57:18 - [TEST_STEP][PASSED] - println("reel 3 wild found: " + free_spin_reel_counter[0]): null

2019-08-24 12:57:18 - [TEST_STEP][PASSED] - println("reel 4 wild found: " + free_spin_reel_counter[1]): null

2019-08-24 12:57:18 - [TEST_STEP][PASSED] - println("reel 5 wild found: " + free_spin_reel_counter[2]): null

2019-08-24 12:57:18 - [TEST_STEP][PASSED] - M4_spin_reels = M4_spin_reels: null

2019-08-24 12:57:18 - [TEST_STEP][PASSED] - M4_spin_reels_symbols = symbol: null

2019-08-24 12:57:18 - [TEST_STEP][PASSED] - M4_spin_reels_symbols = M4_spin_reels_symbols: null

2019-08-24 12:57:18 - [TEST_STEP][PASSED] - M4_spin_reel_wins = reel_wins: null

2019-08-24 12:57:18 - [TEST_STEP][PASSED] - M4_spin_reel_wins = M4_spin_reel_wins: null

2019-08-24 12:57:18 - [TEST_STEP][PASSED] - println("GlobalVariable.M4_spin_reel_wins is: " + M4_spin_reel_wins): null

2019-08-24 12:57:18 - [TEST_STEP][PASSED] - M4_spin_total_bonus_win_this_round = total_bonus_win_this_round: null

2019-08-24 12:57:18 - [TEST_STEP][PASSED] - M4_spin_total_bonus_win_this_round = M4_spin_total_bonus_win_this_round: null

2019-08-24 12:57:18 - [TEST_STEP][PASSED] - println("GlobalVariable.M4_spin_total_bonus_win_this_round is: " + M4_spin_total_bonus_win_this_round): null

2019-08-24 12:57:18 - [TEST_STEP][PASSED] - M4_spin_bonus_spin_result = spin_result: null

2019-08-24 12:57:18 - [TEST_STEP][PASSED] - M4_spin_bonus_spin_result = M4_spin_bonus_spin_result: null

2019-08-24 12:57:18 - [MESSAGE][PASSED] - Verify response successfully

2019-08-24 12:57:18 - [MESSAGE][PASSED] - Send request and verify the response successfully

2019-08-24 12:57:18 - [TEST_STEP][PASSED] - if (M4_total_bonus_spins_int != 0 &amp;&amp; M4_spin_reels_symbols[2].contains("WILD_Double") || M4_spin_reels_symbols[4].contains("WILD_Triple")): null

2019-08-24 12:57:18 - [TEST_STEP][PASSED] - break: null

2019-08-24 12:57:18 - [TEST_STEP][PASSED] - sendRequestAndVerify(findTestObject("INT/RGS(M4)/1_Round_detail", ["partner":Partner, "M4_spin_round_id":M4_spin_round_id])): Send request and verify the response successfully

2019-08-24 12:57:19 - [MESSAGE][INFO] - HAR: /Users/eiralee/Katalon_Script/SuperWild/Reports/20190824_124242/INT/superWild_4/20190824_124242/requests/main/256.har

2019-08-24 12:57:19 - [TEST_CASE][PASSED] - Start Test Case : Verification: Verification accomplished successfully

2019-08-24 12:57:19 - [TEST_STEP][PASSED] - request = getInstance().getCurrentRequest(): null

2019-08-24 12:57:19 - [TEST_STEP][PASSED] - response = getInstance().getCurrentResponse(): null

2019-08-24 12:57:19 - [TEST_STEP][PASSED] - verifyResponseStatusCode(response, 200): Verify response status code successfully

2019-08-24 12:57:19 - [MESSAGE][PASSED] - Verify response status code successfully

2019-08-24 12:57:19 - [TEST_STEP][PASSED] - getStatusCode()).isEqualTo(200): null

2019-08-24 12:57:19 - [TEST_STEP][PASSED] - newline = System.getProperty("line.separator"): null

2019-08-24 12:57:19 - [TEST_STEP][PASSED] - M4_round = new groovy.json.JsonSlurper(): null

2019-08-24 12:57:19 - [TEST_STEP][PASSED] - M4_round_detail = M4_round.parseText(response.getResponseBodyContent()): null

2019-08-24 12:57:19 - [TEST_STEP][PASSED] - M4_round_object = M4_round_detail: null

2019-08-24 12:57:19 - [TEST_STEP][PASSED] - M4_round_object = M4_round_object: null

2019-08-24 12:57:19 - [TEST_STEP][PASSED] - M4_round_transaction_type = transaction_type: null

2019-08-24 12:57:19 - [TEST_STEP][PASSED] - M4_round_transaction_type = M4_round_transaction_type: null

2019-08-24 12:57:19 - [TEST_STEP][PASSED] - M4_round_player_id = player_id: null

2019-08-24 12:57:19 - [TEST_STEP][PASSED] - M4_round_player_id = M4_round_player_id: null

2019-08-24 12:57:19 - [TEST_STEP][PASSED] - M4_round_booster_type = booster_type: null

2019-08-24 12:57:19 - [TEST_STEP][PASSED] - M4_round_booster_type = M4_round_booster_type: null

2019-08-24 12:57:19 - [TEST_STEP][PASSED] - M4_round_currency = currency: null

2019-08-24 12:57:19 - [TEST_STEP][PASSED] - M4_round_currency = M4_round_currency: null

2019-08-24 12:57:19 - [TEST_STEP][PASSED] - M4_round_id = round_id: null

2019-08-24 12:57:19 - [TEST_STEP][PASSED] - M4_round_id = M4_round_id: null

2019-08-24 12:57:19 - [TEST_STEP][PASSED] - M4_round_transaction_id = transaction_id: null

2019-08-24 12:57:19 - [TEST_STEP][PASSED] - M4_round_transaction_id = M4_round_transaction_id: null

2019-08-24 12:57:19 - [TEST_STEP][PASSED] - M4_round_transaction_time = transaction_time: null

2019-08-24 12:57:19 - [TEST_STEP][PASSED] - M4_round_transaction_time = M4_round_transaction_time: null

2019-08-24 12:57:19 - [TEST_STEP][PASSED] - M4_round_total_win = total_win: null

2019-08-24 12:57:19 - [TEST_STEP][PASSED] - M4_round_total_win = M4_round_total_win: null

2019-08-24 12:57:19 - [TEST_STEP][PASSED] - M4_round_balance_long = balance: null

2019-08-24 12:57:19 - [TEST_STEP][PASSED] - M4_round_balance = Long.toString(M4_round_balance_long): null

2019-08-24 12:57:19 - [TEST_STEP][PASSED] - M4_round_balance = M4_round_balance: null

2019-08-24 12:57:19 - [TEST_STEP][PASSED] - M4_round_total_bet = total_bet: null

2019-08-24 12:57:19 - [TEST_STEP][PASSED] - M4_round_total_bet = M4_round_total_bet: null

2019-08-24 12:57:19 - [TEST_STEP][PASSED] - M4_round_bet_value = bet_value: null

2019-08-24 12:57:19 - [TEST_STEP][PASSED] - M4_round_bet_value = M4_round_bet_value: null

2019-08-24 12:57:19 - [TEST_STEP][PASSED] - M4_round_line = line: null

2019-08-24 12:57:19 - [TEST_STEP][PASSED] - M4_round_line = M4_round_line: null

2019-08-24 12:57:19 - [TEST_STEP][PASSED] - M4_round_reels1 = reels[0]: null

2019-08-24 12:57:19 - [TEST_STEP][PASSED] - M4_round_reels1 = M4_round_reels1: null

2019-08-24 12:57:19 - [TEST_STEP][PASSED] - M4_round_reels2 = reels[1]: null

2019-08-24 12:57:19 - [TEST_STEP][PASSED] - M4_round_reels2 = M4_round_reels2: null

2019-08-24 12:57:19 - [TEST_STEP][PASSED] - M4_round_reels3 = reels[2]: null

2019-08-24 12:57:19 - [TEST_STEP][PASSED] - M4_round_reels3 = M4_round_reels3: null

2019-08-24 12:57:19 - [TEST_STEP][PASSED] - M4_round_reels4 = reels[3]: null

2019-08-24 12:57:19 - [TEST_STEP][PASSED] - M4_round_reels4 = M4_round_reels4: null

2019-08-24 12:57:19 - [TEST_STEP][PASSED] - M4_round_reels5 = reels[4]: null

2019-08-24 12:57:19 - [TEST_STEP][PASSED] - M4_round_reels5 = M4_round_reels5: null

2019-08-24 12:57:19 - [TEST_STEP][PASSED] - M4_round_F_reels1 = reels[0]: null

2019-08-24 12:57:19 - [TEST_STEP][PASSED] - M4_round_F_reels1 = M4_round_F_reels1: null

2019-08-24 12:57:19 - [TEST_STEP][PASSED] - M4_round_F_reels2 = reels[1]: null

2019-08-24 12:57:19 - [TEST_STEP][PASSED] - M4_round_F_reels2 = M4_round_F_reels2: null

2019-08-24 12:57:19 - [TEST_STEP][PASSED] - M4_round_F_reels3 = reels[2]: null

2019-08-24 12:57:19 - [TEST_STEP][PASSED] - M4_round_F_reels3 = M4_round_F_reels3: null

2019-08-24 12:57:19 - [TEST_STEP][PASSED] - M4_round_F_reels4 = reels[3]: null

2019-08-24 12:57:19 - [TEST_STEP][PASSED] - M4_round_F_reels4 = M4_round_F_reels4: null

2019-08-24 12:57:19 - [TEST_STEP][PASSED] - M4_round_F_reels5 = reels[4]: null

2019-08-24 12:57:19 - [TEST_STEP][PASSED] - M4_round_F_reels5 = M4_round_F_reels5: null

2019-08-24 12:57:19 - [TEST_STEP][PASSED] - M4_round_reels0_symbols1 = symbols[0]: null

2019-08-24 12:57:19 - [TEST_STEP][PASSED] - M4_round_reels0_symbols1 = M4_round_reels0_symbols1: null

2019-08-24 12:57:19 - [TEST_STEP][PASSED] - M4_round_reels0_symbols2 = symbols[1]: null

2019-08-24 12:57:19 - [TEST_STEP][PASSED] - M4_round_reels0_symbols2 = M4_round_reels0_symbols2: null

2019-08-24 12:57:19 - [TEST_STEP][PASSED] - M4_round_reels0_symbols3 = symbols[2]: null

2019-08-24 12:57:19 - [TEST_STEP][PASSED] - M4_round_reels0_symbols3 = M4_round_reels0_symbols3: null

2019-08-24 12:57:19 - [TEST_STEP][PASSED] - M4_round_reels1_symbols1 = symbols[0]: null

2019-08-24 12:57:19 - [TEST_STEP][PASSED] - M4_round_reels1_symbols1 = M4_round_reels1_symbols1: null

2019-08-24 12:57:19 - [TEST_STEP][PASSED] - M4_round_reels1_symbols2 = symbols[1]: null

2019-08-24 12:57:19 - [TEST_STEP][PASSED] - M4_round_reels1_symbols2 = M4_round_reels1_symbols2: null

2019-08-24 12:57:19 - [TEST_STEP][PASSED] - M4_round_reels1_symbols3 = symbols[2]: null

2019-08-24 12:57:19 - [TEST_STEP][PASSED] - M4_round_reels1_symbols3 = M4_round_reels1_symbols3: null

2019-08-24 12:57:19 - [TEST_STEP][PASSED] - M4_round_reels1_symbols4 = symbols[3]: null

2019-08-24 12:57:19 - [TEST_STEP][PASSED] - M4_round_reels_symbols_all = symbol: null

2019-08-24 12:57:19 - [TEST_STEP][PASSED] - M4_round_reels_symbols_all = M4_round_reels_symbols_all: null

2019-08-24 12:57:19 - [TEST_STEP][PASSED] - M4_round_features_triggered = features_triggered: null

2019-08-24 12:57:19 - [TEST_STEP][PASSED] - M4_round_features_triggered = M4_round_features_triggered: null

2019-08-24 12:57:19 - [TEST_STEP][PASSED] - M4_round_features_complete = complete: null

2019-08-24 12:57:19 - [TEST_STEP][PASSED] - M4_round_features_complete = M4_round_features_complete: null

2019-08-24 12:57:19 - [TEST_STEP][PASSED] - M4_round_free_spins_left = free_spins_left: null

2019-08-24 12:57:19 - [TEST_STEP][PASSED] - M4_round_free_spins_left = M4_round_free_spins_left: null

2019-08-24 12:57:19 - [TEST_STEP][PASSED] - M4_round_total_free_spin_count = total_free_spin_count: null

2019-08-24 12:57:19 - [TEST_STEP][PASSED] - M4_round_total_free_spin_count = M4_round_total_free_spin_count: null

2019-08-24 12:57:19 - [TEST_STEP][PASSED] - M4_round_total_free_spin_win_amount = total_free_spin_win_amount: null

2019-08-24 12:57:19 - [TEST_STEP][PASSED] - M4_round_total_free_spin_win_amount = M4_round_total_free_spin_win_amount: null

2019-08-24 12:57:19 - [TEST_STEP][PASSED] - M4_round_subfeatures = subfeatures: null

2019-08-24 12:57:19 - [TEST_STEP][PASSED] - M4_round_subfeatures = M4_round_subfeatures: null

2019-08-24 12:57:19 - [TEST_STEP][PASSED] - M4_round_wild_multiplier = wild_multiplier: null

2019-08-24 12:57:19 - [TEST_STEP][PASSED] - M4_round_wild_multiplier = M4_round_wild_multiplier: null

2019-08-24 12:57:19 - [TEST_STEP][PASSED] - M4_round_wild_config = wild_config: null

2019-08-24 12:57:19 - [TEST_STEP][PASSED] - M4_round_wild_config = M4_round_wild_config: null

2019-08-24 12:57:19 - [TEST_STEP][PASSED] - M4_round_wild_config_index = index: null

2019-08-24 12:57:19 - [TEST_STEP][PASSED] - M4_round_free_spin_left = free_spins_lef: null

2019-08-24 12:57:19 - [TEST_STEP][PASSED] - M4_round_free_spin_left = M4_round_free_spin_left: null

2019-08-24 12:57:19 - [TEST_STEP][PASSED] - M4_round_original_reels = original_reels: null

2019-08-24 12:57:19 - [TEST_STEP][PASSED] - M4_round_original_reels = M4_round_original_reels: null

2019-08-24 12:57:19 - [TEST_STEP][PASSED] - M4_round_swapped_reels = swapped_reels: null

2019-08-24 12:57:19 - [TEST_STEP][PASSED] - M4_round_swapped_reels = M4_round_swapped_reels: null

2019-08-24 12:57:19 - [TEST_STEP][PASSED] - M4_round_free_spins_added = free_spins_added: null

2019-08-24 12:57:19 - [TEST_STEP][PASSED] - M4_round_spin_result_list = spin_results[0]: null

2019-08-24 12:57:19 - [TEST_STEP][PASSED] - M4_round_spin_result_list = M4_round_spin_result_list: null

2019-08-24 12:57:19 - [TEST_STEP][PASSED] - M4_round_feature_state = feature_state: null

2019-08-24 12:57:19 - [TEST_STEP][PASSED] - M4_round_feature_state = M4_round_feature_state: null

2019-08-24 12:57:19 - [TEST_STEP][PASSED] - M4_round_feature_state_all = feature_state: null

2019-08-24 12:57:19 - [TEST_STEP][PASSED] - M4_round_feature_state_all = M4_round_feature_state_all: null

2019-08-24 12:57:19 - [TEST_STEP][PASSED] - M4_round_features_type = type: null

2019-08-24 12:57:19 - [TEST_STEP][PASSED] - M4_round_features_type = M4_round_features_type: null

2019-08-24 12:57:19 - [TEST_STEP][PASSED] - M4_round_scatter_win = scatter_win: null

2019-08-24 12:57:19 - [TEST_STEP][PASSED] - M4_round_scatter_win = M4_round_scatter_win: null

2019-08-24 12:57:19 - [TEST_STEP][PASSED] - M4_round_spin_result1 = spin_results[1]: null

2019-08-24 12:57:19 - [TEST_STEP][PASSED] - M4_round_spin_result1 = M4_round_spin_result1: null

2019-08-24 12:57:19 - [MESSAGE][PASSED] - Verify response successfully

2019-08-24 12:57:19 - [MESSAGE][PASSED] - Send request and verify the response successfully

2019-08-24 12:57:19 - [TEST_STEP][PASSED] - M4_round_features_triggered = M4_round_features_triggered: null

2019-08-24 12:57:19 - [TEST_STEP][PASSED] - wildMultiplierIndex = -1: null

2019-08-24 12:57:19 - [TEST_STEP][PASSED] - wildMultiplierFeatureStateKeys = null: null

2019-08-24 12:57:19 - [TEST_STEP][PASSED] - wildMultiplierWildConfigeKeys = "": null

2019-08-24 12:57:19 - [TEST_STEP][PASSED] - for ([i = 0, i &lt; M4_round_features_triggered.size(), (i++)]): null

2019-08-24 12:57:19 - [TEST_STEP][PASSED] - if (type.equals("WILD_MULTIPLIER")): null

2019-08-24 12:57:19 - [TEST_STEP][PASSED] - wildMultiplierIndex = i: null

2019-08-24 12:57:19 - [TEST_STEP][PASSED] - wildMultiplierFeatureStateKeys = feature_state.keySet(): null

2019-08-24 12:57:19 - [TEST_STEP][PASSED] - wildMultiplierWildConfigeKeys = wild_config[0][0].keySet(): null

2019-08-24 12:57:19 - [TEST_STEP][PASSED] - if (type.equals("WILD_MULTIPLIER")): null

2019-08-24 12:57:19 - [TEST_STEP][PASSED] - if (type.equals("WILD_MULTIPLIER")): null

2019-08-24 12:57:19 - [TEST_STEP][PASSED] - println(wildMultiplierIndex): null

2019-08-24 12:57:19 - [TEST_STEP][PASSED] - println(wildMultiplierFeatureStateKeys): null

2019-08-24 12:57:19 - [TEST_STEP][PASSED] - println(wildMultiplierWildConfigeKeys): null

2019-08-24 12:57:19 - [TEST_STEP][PASSED] - multi_keys = new java.util.ArrayList(wildMultiplierFeatureStateKeys): null

2019-08-24 12:57:19 - [TEST_STEP][PASSED] - wildConfig_keys = new java.util.ArrayList(wildMultiplierWildConfigeKeys): null

2019-08-24 12:57:19 - [TEST_STEP][PASSED] - Collections.sort(multi_keys): null

2019-08-24 12:57:19 - [TEST_STEP][PASSED] - Collections.sort(Multiplier): null

2019-08-24 12:57:19 - [TEST_STEP][PASSED] - Collections.sort(wildConfig_keys): null

2019-08-24 12:57:19 - [TEST_STEP][PASSED] - Collections.sort(wild_config): null

2019-08-24 12:57:19 - [TEST_STEP][PASSED] - println("multi_keys is:" + multi_keys): null

2019-08-24 12:57:19 - [TEST_STEP][PASSED] - println("Multiplier is:" + Multiplier): null

2019-08-24 12:57:19 - [TEST_STEP][PASSED] - println("wildConfig_keys is: " + wildConfig_keys): null

2019-08-24 12:57:19 - [TEST_STEP][PASSED] - println("wild_config is:" + wild_config): null

2019-08-24 12:57:19 - [TEST_STEP][PASSED] - assert multi_keys.equals(Multiplier): null

2019-08-24 12:57:19 - [TEST_STEP][PASSED] - assert wildConfig_keys.equals(wild_config): null

2019-08-24 12:57:19 - [TEST_STEP][PASSED] - callTestCase(findTestCase("INT_env/compare_values/4_Multiplier_verify_value_and_summary"), ["Partner":Partner, "Userid":Userid, "Game_code":Game_code, "url_krug_gw":url_krug_gw, "secret_key":secret_key, "gameId":gameId, ... ]): Call Test Case 'Test Cases/INT_env/compare_values/4_Multiplier_verify_value_and_summary' successfully

2019-08-24 12:57:19 - [TEST_CASE][PASSED] - Test Cases/INT_env/compare_values/4_Multiplier_verify_value_and_summary: Test Cases/INT_env/compare_values/4_Multiplier_verify_value_and_summary

2019-08-24 12:57:19 - [TEST_STEP][PASSED] - sendRequestAndVerify(findTestObject("INT/Wallet/Get_Session_Token", ["url_krug_gw":url_krug_gw, "partner":Partner, "secret_key":secret_key, "userid":Userid])): Send request and verify the response successfully

2019-08-24 12:57:20 - [MESSAGE][INFO] - HAR: /Users/eiralee/Katalon_Script/SuperWild/Reports/20190824_124242/INT/superWild_4/20190824_124242/requests/main/257.har

2019-08-24 12:57:20 - [TEST_CASE][PASSED] - Start Test Case : Verification: Verification accomplished successfully

2019-08-24 12:57:20 - [TEST_STEP][PASSED] - request = getInstance().getCurrentRequest(): null

2019-08-24 12:57:20 - [TEST_STEP][PASSED] - response = getInstance().getCurrentResponse(): null

2019-08-24 12:57:20 - [TEST_STEP][PASSED] - verifyResponseStatusCode(response, 200): Verify response status code successfully

2019-08-24 12:57:20 - [MESSAGE][PASSED] - Verify response status code successfully

2019-08-24 12:57:20 - [TEST_STEP][PASSED] - getStatusCode()).isEqualTo(200): null

2019-08-24 12:57:20 - [TEST_STEP][PASSED] - getResponseText()).contains("session_token"): null

2019-08-24 12:57:20 - [TEST_STEP][PASSED] - getsession = new groovy.json.JsonSlurper(): null

2019-08-24 12:57:20 - [TEST_STEP][PASSED] - result_getsession = getsession.parseText(response.getResponseBodyContent()): null

2019-08-24 12:57:20 - [TEST_STEP][PASSED] - session_token = session_token: null

2019-08-24 12:57:20 - [TEST_STEP][PASSED] - println("...value extracted is :" + session_token): null

2019-08-24 12:57:20 - [TEST_STEP][PASSED] - session_token = session_token: null

2019-08-24 12:57:20 - [TEST_STEP][PASSED] - println("GlobalVariable is :" + session_token): null

2019-08-24 12:57:20 - [TEST_STEP][PASSED] - internal_balance = internal_balance: null

2019-08-24 12:57:20 - [TEST_STEP][PASSED] - internal_balance = internal_balance: null

2019-08-24 12:57:20 - [MESSAGE][PASSED] - Verify response successfully

2019-08-24 12:57:20 - [MESSAGE][PASSED] - Send request and verify the response successfully

2019-08-24 12:57:20 - [TEST_STEP][PASSED] - M4_login = sendRequestAndVerify(findTestObject("INT/RGS(M4)/M4_Login", ["partner":Partner, "game_code":Game_code, "session_token":session_token])): Send request and verify the response successfully

2019-08-24 12:57:20 - [MESSAGE][INFO] - HAR: /Users/eiralee/Katalon_Script/SuperWild/Reports/20190824_124242/INT/superWild_4/20190824_124242/requests/main/258.har

2019-08-24 12:57:20 - [TEST_CASE][PASSED] - Start Test Case : Verification: Verification accomplished successfully

2019-08-24 12:57:20 - [TEST_STEP][PASSED] - request = getInstance().getCurrentRequest(): null

2019-08-24 12:57:21 - [TEST_STEP][PASSED] - response = getInstance().getCurrentResponse(): null

2019-08-24 12:57:21 - [TEST_STEP][PASSED] - verifyResponseStatusCode(response, 200): Verify response status code successfully

2019-08-24 12:57:21 - [MESSAGE][PASSED] - Verify response status code successfully

2019-08-24 12:57:21 - [TEST_STEP][PASSED] - getStatusCode()).isEqualTo(200): null

2019-08-24 12:57:21 - [TEST_STEP][PASSED] - newline = System.getProperty("line.separator"): null

2019-08-24 12:57:21 - [TEST_STEP][PASSED] - M4_login = new groovy.json.JsonSlurper(): null

2019-08-24 12:57:21 - [TEST_STEP][PASSED] - result_M4_login = M4_login.parseText(response.getResponseBodyContent()): null

2019-08-24 12:57:21 - [TEST_STEP][PASSED] - M4_login_user_id = user_id: null

2019-08-24 12:57:21 - [TEST_STEP][PASSED] - println("playerid is: " + M4_login_user_id): null

2019-08-24 12:57:21 - [TEST_STEP][PASSED] - M4_login_user_id = M4_login_user_id: null

2019-08-24 12:57:21 - [MESSAGE][PASSED] - Verify response successfully

2019-08-24 12:57:21 - [MESSAGE][PASSED] - Send request and verify the response successfully

2019-08-24 12:57:21 - [TEST_STEP][PASSED] - M4_login_user_id = M4_login_user_id: null

2019-08-24 12:57:21 - [TEST_STEP][PASSED] - M4_init = sendRequestAndVerify(findTestObject("INT/RGS(M4)/M4_init", ["partner":Partner, "gameId":gameId, "M4_login_user_id":M4_login_user_id])): Send request and verify the response successfully

2019-08-24 12:57:21 - [MESSAGE][INFO] - HAR: /Users/eiralee/Katalon_Script/SuperWild/Reports/20190824_124242/INT/superWild_4/20190824_124242/requests/main/259.har

2019-08-24 12:57:21 - [TEST_CASE][PASSED] - Start Test Case : Verification: Verification accomplished successfully

2019-08-24 12:57:21 - [TEST_STEP][PASSED] - request = getInstance().getCurrentRequest(): null

2019-08-24 12:57:21 - [TEST_STEP][PASSED] - response = getInstance().getCurrentResponse(): null

2019-08-24 12:57:21 - [TEST_STEP][PASSED] - verifyResponseStatusCode(response, 200): Verify response status code successfully

2019-08-24 12:57:21 - [MESSAGE][PASSED] - Verify response status code successfully

2019-08-24 12:57:21 - [TEST_STEP][PASSED] - getStatusCode()).isEqualTo(200): null

2019-08-24 12:57:21 - [TEST_STEP][PASSED] - newline = System.getProperty("line.separator"): null

2019-08-24 12:57:21 - [TEST_STEP][PASSED] - M4_init = new groovy.json.JsonSlurper(): null

2019-08-24 12:57:21 - [TEST_STEP][PASSED] - result_M4_init = M4_init.parseText(response.getResponseBodyContent()): null

2019-08-24 12:57:21 - [TEST_STEP][PASSED] - rgs_session_token = session_token: null

2019-08-24 12:57:21 - [TEST_STEP][PASSED] - rgs_session_token = rgs_session_token: null

2019-08-24 12:57:21 - [TEST_STEP][PASSED] - M4_init_balance = balance: null

2019-08-24 12:57:21 - [TEST_STEP][PASSED] - M4_init_balance = M4_init_balance: null

2019-08-24 12:57:21 - [TEST_STEP][PASSED] - game_code = genesis_id: null

2019-08-24 12:57:21 - [TEST_STEP][PASSED] - game_code = game_code: null

2019-08-24 12:57:21 - [TEST_STEP][PASSED] - M4_free_round = free_round: null

2019-08-24 12:57:21 - [TEST_STEP][PASSED] - M4_free_round = M4_free_round: null

2019-08-24 12:57:21 - [MESSAGE][PASSED] - Verify response successfully

2019-08-24 12:57:21 - [MESSAGE][PASSED] - Send request and verify the response successfully

2019-08-24 12:57:21 - [TEST_STEP][PASSED] - rgs_session_token = rgs_session_token: null

2019-08-24 12:57:21 - [TEST_STEP][PASSED] - sendRequestAndVerify(findTestObject("INT/RGS(M4)/1_Round_detail", ["partner":Partner, "M4_spin_round_id":M4_spin_round_id])): Send request and verify the response successfully

2019-08-24 12:57:21 - [MESSAGE][INFO] - HAR: /Users/eiralee/Katalon_Script/SuperWild/Reports/20190824_124242/INT/superWild_4/20190824_124242/requests/main/260.har

2019-08-24 12:57:21 - [TEST_CASE][PASSED] - Start Test Case : Verification: Verification accomplished successfully

2019-08-24 12:57:21 - [TEST_STEP][PASSED] - request = getInstance().getCurrentRequest(): null

2019-08-24 12:57:22 - [TEST_STEP][PASSED] - response = getInstance().getCurrentResponse(): null

2019-08-24 12:57:22 - [TEST_STEP][PASSED] - verifyResponseStatusCode(response, 200): Verify response status code successfully

2019-08-24 12:57:22 - [MESSAGE][PASSED] - Verify response status code successfully

2019-08-24 12:57:22 - [TEST_STEP][PASSED] - getStatusCode()).isEqualTo(200): null

2019-08-24 12:57:22 - [TEST_STEP][PASSED] - newline = System.getProperty("line.separator"): null

2019-08-24 12:57:22 - [TEST_STEP][PASSED] - M4_round = new groovy.json.JsonSlurper(): null

2019-08-24 12:57:22 - [TEST_STEP][PASSED] - M4_round_detail = M4_round.parseText(response.getResponseBodyContent()): null

2019-08-24 12:57:22 - [TEST_STEP][PASSED] - M4_round_object = M4_round_detail: null

2019-08-24 12:57:22 - [TEST_STEP][PASSED] - M4_round_object = M4_round_object: null

2019-08-24 12:57:22 - [TEST_STEP][PASSED] - M4_round_transaction_type = transaction_type: null

2019-08-24 12:57:22 - [TEST_STEP][PASSED] - M4_round_transaction_type = M4_round_transaction_type: null

2019-08-24 12:57:22 - [TEST_STEP][PASSED] - M4_round_player_id = player_id: null

2019-08-24 12:57:22 - [TEST_STEP][PASSED] - M4_round_player_id = M4_round_player_id: null

2019-08-24 12:57:22 - [TEST_STEP][PASSED] - M4_round_booster_type = booster_type: null

2019-08-24 12:57:22 - [TEST_STEP][PASSED] - M4_round_booster_type = M4_round_booster_type: null

2019-08-24 12:57:22 - [TEST_STEP][PASSED] - M4_round_currency = currency: null

2019-08-24 12:57:22 - [TEST_STEP][PASSED] - M4_round_currency = M4_round_currency: null

2019-08-24 12:57:22 - [TEST_STEP][PASSED] - M4_round_id = round_id: null

2019-08-24 12:57:22 - [TEST_STEP][PASSED] - M4_round_id = M4_round_id: null

2019-08-24 12:57:22 - [TEST_STEP][PASSED] - M4_round_transaction_id = transaction_id: null

2019-08-24 12:57:22 - [TEST_STEP][PASSED] - M4_round_transaction_id = M4_round_transaction_id: null

2019-08-24 12:57:22 - [TEST_STEP][PASSED] - M4_round_transaction_time = transaction_time: null

2019-08-24 12:57:22 - [TEST_STEP][PASSED] - M4_round_transaction_time = M4_round_transaction_time: null

2019-08-24 12:57:22 - [TEST_STEP][PASSED] - M4_round_total_win = total_win: null

2019-08-24 12:57:22 - [TEST_STEP][PASSED] - M4_round_total_win = M4_round_total_win: null

2019-08-24 12:57:22 - [TEST_STEP][PASSED] - M4_round_balance_long = balance: null

2019-08-24 12:57:22 - [TEST_STEP][PASSED] - M4_round_balance = Long.toString(M4_round_balance_long): null

2019-08-24 12:57:22 - [TEST_STEP][PASSED] - M4_round_balance = M4_round_balance: null

2019-08-24 12:57:22 - [TEST_STEP][PASSED] - M4_round_total_bet = total_bet: null

2019-08-24 12:57:22 - [TEST_STEP][PASSED] - M4_round_total_bet = M4_round_total_bet: null

2019-08-24 12:57:22 - [TEST_STEP][PASSED] - M4_round_bet_value = bet_value: null

2019-08-24 12:57:22 - [TEST_STEP][PASSED] - M4_round_bet_value = M4_round_bet_value: null

2019-08-24 12:57:22 - [TEST_STEP][PASSED] - M4_round_line = line: null

2019-08-24 12:57:22 - [TEST_STEP][PASSED] - M4_round_line = M4_round_line: null

2019-08-24 12:57:22 - [TEST_STEP][PASSED] - M4_round_reels1 = reels[0]: null

2019-08-24 12:57:22 - [TEST_STEP][PASSED] - M4_round_reels1 = M4_round_reels1: null

2019-08-24 12:57:22 - [TEST_STEP][PASSED] - M4_round_reels2 = reels[1]: null

2019-08-24 12:57:22 - [TEST_STEP][PASSED] - M4_round_reels2 = M4_round_reels2: null

2019-08-24 12:57:22 - [TEST_STEP][PASSED] - M4_round_reels3 = reels[2]: null

2019-08-24 12:57:22 - [TEST_STEP][PASSED] - M4_round_reels3 = M4_round_reels3: null

2019-08-24 12:57:22 - [TEST_STEP][PASSED] - M4_round_reels4 = reels[3]: null

2019-08-24 12:57:22 - [TEST_STEP][PASSED] - M4_round_reels4 = M4_round_reels4: null

2019-08-24 12:57:22 - [TEST_STEP][PASSED] - M4_round_reels5 = reels[4]: null

2019-08-24 12:57:22 - [TEST_STEP][PASSED] - M4_round_reels5 = M4_round_reels5: null

2019-08-24 12:57:22 - [TEST_STEP][PASSED] - M4_round_F_reels1 = reels[0]: null

2019-08-24 12:57:22 - [TEST_STEP][PASSED] - M4_round_F_reels1 = M4_round_F_reels1: null

2019-08-24 12:57:22 - [TEST_STEP][PASSED] - M4_round_F_reels2 = reels[1]: null

2019-08-24 12:57:22 - [TEST_STEP][PASSED] - M4_round_F_reels2 = M4_round_F_reels2: null

2019-08-24 12:57:22 - [TEST_STEP][PASSED] - M4_round_F_reels3 = reels[2]: null

2019-08-24 12:57:22 - [TEST_STEP][PASSED] - M4_round_F_reels3 = M4_round_F_reels3: null

2019-08-24 12:57:22 - [TEST_STEP][PASSED] - M4_round_F_reels4 = reels[3]: null

2019-08-24 12:57:22 - [TEST_STEP][PASSED] - M4_round_F_reels4 = M4_round_F_reels4: null

2019-08-24 12:57:22 - [TEST_STEP][PASSED] - M4_round_F_reels5 = reels[4]: null

2019-08-24 12:57:22 - [TEST_STEP][PASSED] - M4_round_F_reels5 = M4_round_F_reels5: null

2019-08-24 12:57:22 - [TEST_STEP][PASSED] - M4_round_reels0_symbols1 = symbols[0]: null

2019-08-24 12:57:22 - [TEST_STEP][PASSED] - M4_round_reels0_symbols1 = M4_round_reels0_symbols1: null

2019-08-24 12:57:22 - [TEST_STEP][PASSED] - M4_round_reels0_symbols2 = symbols[1]: null

2019-08-24 12:57:22 - [TEST_STEP][PASSED] - M4_round_reels0_symbols2 = M4_round_reels0_symbols2: null

2019-08-24 12:57:22 - [TEST_STEP][PASSED] - M4_round_reels0_symbols3 = symbols[2]: null

2019-08-24 12:57:22 - [TEST_STEP][PASSED] - M4_round_reels0_symbols3 = M4_round_reels0_symbols3: null

2019-08-24 12:57:22 - [TEST_STEP][PASSED] - M4_round_reels1_symbols1 = symbols[0]: null

2019-08-24 12:57:22 - [TEST_STEP][PASSED] - M4_round_reels1_symbols1 = M4_round_reels1_symbols1: null

2019-08-24 12:57:22 - [TEST_STEP][PASSED] - M4_round_reels1_symbols2 = symbols[1]: null

2019-08-24 12:57:22 - [TEST_STEP][PASSED] - M4_round_reels1_symbols2 = M4_round_reels1_symbols2: null

2019-08-24 12:57:22 - [TEST_STEP][PASSED] - M4_round_reels1_symbols3 = symbols[2]: null

2019-08-24 12:57:22 - [TEST_STEP][PASSED] - M4_round_reels1_symbols3 = M4_round_reels1_symbols3: null

2019-08-24 12:57:22 - [TEST_STEP][PASSED] - M4_round_reels1_symbols4 = symbols[3]: null

2019-08-24 12:57:22 - [TEST_STEP][PASSED] - M4_round_reels_symbols_all = symbol: null

2019-08-24 12:57:22 - [TEST_STEP][PASSED] - M4_round_reels_symbols_all = M4_round_reels_symbols_all: null

2019-08-24 12:57:22 - [TEST_STEP][PASSED] - M4_round_features_triggered = features_triggered: null

2019-08-24 12:57:22 - [TEST_STEP][PASSED] - M4_round_features_triggered = M4_round_features_triggered: null

2019-08-24 12:57:22 - [TEST_STEP][PASSED] - M4_round_features_complete = complete: null

2019-08-24 12:57:22 - [TEST_STEP][PASSED] - M4_round_features_complete = M4_round_features_complete: null

2019-08-24 12:57:22 - [TEST_STEP][PASSED] - M4_round_free_spins_left = free_spins_left: null

2019-08-24 12:57:22 - [TEST_STEP][PASSED] - M4_round_free_spins_left = M4_round_free_spins_left: null

2019-08-24 12:57:22 - [TEST_STEP][PASSED] - M4_round_total_free_spin_count = total_free_spin_count: null

2019-08-24 12:57:22 - [TEST_STEP][PASSED] - M4_round_total_free_spin_count = M4_round_total_free_spin_count: null

2019-08-24 12:57:22 - [TEST_STEP][PASSED] - M4_round_total_free_spin_win_amount = total_free_spin_win_amount: null

2019-08-24 12:57:22 - [TEST_STEP][PASSED] - M4_round_total_free_spin_win_amount = M4_round_total_free_spin_win_amount: null

2019-08-24 12:57:22 - [TEST_STEP][PASSED] - M4_round_subfeatures = subfeatures: null

2019-08-24 12:57:22 - [TEST_STEP][PASSED] - M4_round_subfeatures = M4_round_subfeatures: null

2019-08-24 12:57:22 - [TEST_STEP][PASSED] - M4_round_wild_multiplier = wild_multiplier: null

2019-08-24 12:57:22 - [TEST_STEP][PASSED] - M4_round_wild_multiplier = M4_round_wild_multiplier: null

2019-08-24 12:57:22 - [TEST_STEP][PASSED] - M4_round_wild_config = wild_config: null

2019-08-24 12:57:22 - [TEST_STEP][PASSED] - M4_round_wild_config = M4_round_wild_config: null

2019-08-24 12:57:22 - [TEST_STEP][PASSED] - M4_round_wild_config_index = index: null

2019-08-24 12:57:22 - [TEST_STEP][PASSED] - M4_round_free_spin_left = free_spins_lef: null

2019-08-24 12:57:22 - [TEST_STEP][PASSED] - M4_round_free_spin_left = M4_round_free_spin_left: null

2019-08-24 12:57:22 - [TEST_STEP][PASSED] - M4_round_original_reels = original_reels: null

2019-08-24 12:57:22 - [TEST_STEP][PASSED] - M4_round_original_reels = M4_round_original_reels: null

2019-08-24 12:57:22 - [TEST_STEP][PASSED] - M4_round_swapped_reels = swapped_reels: null

2019-08-24 12:57:22 - [TEST_STEP][PASSED] - M4_round_swapped_reels = M4_round_swapped_reels: null

2019-08-24 12:57:22 - [TEST_STEP][PASSED] - M4_round_free_spins_added = free_spins_added: null

2019-08-24 12:57:22 - [TEST_STEP][PASSED] - M4_round_spin_result_list = spin_results[0]: null

2019-08-24 12:57:22 - [TEST_STEP][PASSED] - M4_round_spin_result_list = M4_round_spin_result_list: null

2019-08-24 12:57:22 - [TEST_STEP][PASSED] - M4_round_feature_state = feature_state: null

2019-08-24 12:57:22 - [TEST_STEP][PASSED] - M4_round_feature_state = M4_round_feature_state: null

2019-08-24 12:57:22 - [TEST_STEP][PASSED] - M4_round_feature_state_all = feature_state: null

2019-08-24 12:57:22 - [TEST_STEP][PASSED] - M4_round_feature_state_all = M4_round_feature_state_all: null

2019-08-24 12:57:22 - [TEST_STEP][PASSED] - M4_round_features_type = type: null

2019-08-24 12:57:22 - [TEST_STEP][PASSED] - M4_round_features_type = M4_round_features_type: null

2019-08-24 12:57:22 - [TEST_STEP][PASSED] - M4_round_scatter_win = scatter_win: null

2019-08-24 12:57:22 - [TEST_STEP][PASSED] - M4_round_scatter_win = M4_round_scatter_win: null

2019-08-24 12:57:22 - [TEST_STEP][PASSED] - M4_round_spin_result1 = spin_results[1]: null

2019-08-24 12:57:22 - [TEST_STEP][PASSED] - M4_round_spin_result1 = M4_round_spin_result1: null

2019-08-24 12:57:22 - [MESSAGE][PASSED] - Verify response successfully

2019-08-24 12:57:22 - [MESSAGE][PASSED] - Send request and verify the response successfully

2019-08-24 12:57:22 - [TEST_STEP][PASSED] - sendRequestAndVerify(findTestObject("INT/RGS(M4)/in_game_history_detail", ["partner":Partner, "M4_spin_transaction_id":M4_spin_transaction_id, "M4_login_user_id":M4_login_user_id])): Send request and verify the response successfully

2019-08-24 12:57:22 - [MESSAGE][INFO] - HAR: /Users/eiralee/Katalon_Script/SuperWild/Reports/20190824_124242/INT/superWild_4/20190824_124242/requests/main/261.har

2019-08-24 12:57:22 - [TEST_CASE][PASSED] - Start Test Case : Verification: Verification accomplished successfully

2019-08-24 12:57:22 - [TEST_STEP][PASSED] - request = getInstance().getCurrentRequest(): null

2019-08-24 12:57:22 - [TEST_STEP][PASSED] - response = getInstance().getCurrentResponse(): null

2019-08-24 12:57:22 - [TEST_STEP][PASSED] - verifyResponseStatusCode(response, 200): Verify response status code successfully

2019-08-24 12:57:22 - [MESSAGE][PASSED] - Verify response status code successfully

2019-08-24 12:57:22 - [TEST_STEP][PASSED] - getStatusCode()).isEqualTo(200): null

2019-08-24 12:57:22 - [TEST_STEP][PASSED] - newline = System.getProperty("line.separator"): null

2019-08-24 12:57:22 - [TEST_STEP][PASSED] - M4_game_history = new groovy.json.JsonSlurper(): null

2019-08-24 12:57:22 - [TEST_STEP][PASSED] - M4_history = M4_game_history.parseText(response.getResponseBodyContent()): null

2019-08-24 12:57:22 - [TEST_STEP][PASSED] - M4_history_currency = currency: null

2019-08-24 12:57:22 - [TEST_STEP][PASSED] - M4_history_currency = M4_history_currency: null

2019-08-24 12:57:22 - [TEST_STEP][PASSED] - M4_history_spin_transaction = spin_transaction: null

2019-08-24 12:57:22 - [TEST_STEP][PASSED] - M4_history_spin_transaction = M4_history_spin_transaction: null

2019-08-24 12:57:22 - [TEST_STEP][PASSED] - M4_history_date = date: null

2019-08-24 12:57:22 - [TEST_STEP][PASSED] - M4_history_date = M4_history_date: null

2019-08-24 12:57:22 - [TEST_STEP][PASSED] - M4_history_game_id = game_id: null

2019-08-24 12:57:22 - [TEST_STEP][PASSED] - M4_history_tx_id = tx_id: null

2019-08-24 12:57:22 - [TEST_STEP][PASSED] - M4_history_causality = causality: null

2019-08-24 12:57:22 - [TEST_STEP][PASSED] - M4_history_causality = M4_history_causality: null

2019-08-24 12:57:22 - [TEST_STEP][PASSED] - M4_history_round_id = round_id: null

2019-08-24 12:57:22 - [TEST_STEP][PASSED] - M4_history_round_id = M4_history_round_id: null

2019-08-24 12:57:22 - [TEST_STEP][PASSED] - M4_history_game_total_won = total_won: null

2019-08-24 12:57:22 - [TEST_STEP][PASSED] - M4_history_game_total_won = M4_history_game_total_won: null

2019-08-24 12:57:22 - [TEST_STEP][PASSED] - M4_history_game_total_bet = total_bet: null

2019-08-24 12:57:22 - [TEST_STEP][PASSED] - M4_history_total_bet = M4_history_game_total_bet: null

2019-08-24 12:57:22 - [TEST_STEP][PASSED] - M4_history_lines = lines: null

2019-08-24 12:57:22 - [TEST_STEP][PASSED] - M4_history_total_won = total_won: null

2019-08-24 12:57:22 - [TEST_STEP][PASSED] - M4_history_total_won = M4_history_total_won: null

2019-08-24 12:57:22 - [TEST_STEP][PASSED] - M4_history_bonus_name = bonus_name: null

2019-08-24 12:57:22 - [TEST_STEP][PASSED] - M4_history_bonus_retrigger = bonus_retrigger: null

2019-08-24 12:57:22 - [TEST_STEP][PASSED] - M4_history_key = key: null

2019-08-24 12:57:22 - [TEST_STEP][PASSED] - M4_history_data = data: null

2019-08-24 12:57:22 - [TEST_STEP][PASSED] - M4_history_total_bet = total_bet: null

2019-08-24 12:57:22 - [TEST_STEP][PASSED] - M4_history_total_bet = M4_history_total_bet: null

2019-08-24 12:57:22 - [TEST_STEP][PASSED] - M4_history_balance = balance: null

2019-08-24 12:57:22 - [TEST_STEP][PASSED] - M4_history_balance = M4_history_balance: null

2019-08-24 12:57:22 - [TEST_STEP][PASSED] - M4_history_type = type: null

2019-08-24 12:57:22 - [TEST_STEP][PASSED] - M4_history_type = M4_history_type: null

2019-08-24 12:57:22 - [TEST_STEP][PASSED] - M4_history_reel_symbol = symbols: null

2019-08-24 12:57:22 - [TEST_STEP][PASSED] - M4_history_reel_symbol = M4_history_reel_symbol: null

2019-08-24 12:57:22 - [TEST_STEP][PASSED] - M4_history_reels = reels: null

2019-08-24 12:57:22 - [TEST_STEP][PASSED] - M4_history_reels = M4_history_reels: null

2019-08-24 12:57:22 - [TEST_STEP][PASSED] - M4_history_F_reels1 = reels: null

2019-08-24 12:57:22 - [TEST_STEP][PASSED] - M4_history_F_reels = M4_history_F_reels1: null

2019-08-24 12:57:22 - [TEST_STEP][PASSED] - M4_history_multiplier = multiplier: null

2019-08-24 12:57:22 - [TEST_STEP][PASSED] - M4_history_multiplier = M4_history_multiplier: null

2019-08-24 12:57:22 - [TEST_STEP][PASSED] - M4_history_bonuses1 = bonuses[1]: null

2019-08-24 12:57:22 - [TEST_STEP][PASSED] - M4_history_bonuses1 = M4_history_bonuses1: null

2019-08-24 12:57:22 - [MESSAGE][PASSED] - Verify response successfully

2019-08-24 12:57:22 - [MESSAGE][PASSED] - Send request and verify the response successfully

2019-08-24 12:57:22 - [TEST_STEP][PASSED] - M4_round_features_triggered = M4_round_features_triggered: null

2019-08-24 12:57:22 - [TEST_STEP][PASSED] - M4_round_reels3 = M4_round_reels3: null

2019-08-24 12:57:22 - [TEST_STEP][PASSED] - M4_round_reels5 = M4_round_reels5: null

2019-08-24 12:57:22 - [TEST_STEP][PASSED] - wildMultiplierIndex = -1: null

2019-08-24 12:57:22 - [TEST_STEP][PASSED] - extraFreeSpinTypeAndComplete = false: null

2019-08-24 12:57:22 - [TEST_STEP][PASSED] - for ([i = 0, i &lt; M4_round_features_triggered.size(), (i++)]): null

2019-08-24 12:57:22 - [TEST_STEP][PASSED] - trigger = M4_round_features_triggered[i]: null

2019-08-24 12:57:22 - [TEST_STEP][PASSED] - if (type.equals("WILD_MULTIPLIER") &amp;&amp; complete == true): null

2019-08-24 12:57:22 - [TEST_STEP][PASSED] - extraFreeSpinTypeAndComplete = true: null

2019-08-24 12:57:22 - [TEST_STEP][PASSED] - wildMultiplierIndex = i: null

2019-08-24 12:57:22 - [TEST_STEP][PASSED] - wild_multiplier = wild_multiplier: null

2019-08-24 12:57:22 - [TEST_STEP][PASSED] - trigger = M4_round_features_triggered[i]: null

2019-08-24 12:57:22 - [TEST_STEP][PASSED] - if (type.equals("WILD_MULTIPLIER") &amp;&amp; complete == true): null

2019-08-24 12:57:22 - [TEST_STEP][PASSED] - trigger = M4_round_features_triggered[i]: null

2019-08-24 12:57:22 - [TEST_STEP][PASSED] - if (type.equals("WILD_MULTIPLIER") &amp;&amp; complete == true): null

2019-08-24 12:57:22 - [TEST_STEP][PASSED] - multi = 1: null

2019-08-24 12:57:22 - [TEST_STEP][PASSED] - multi1 = 1: null

2019-08-24 12:57:22 - [TEST_STEP][PASSED] - for ([i = 0, i &lt; M4_round_features_triggered.size(), (i++)]): null

2019-08-24 12:57:22 - [TEST_STEP][PASSED] - trigger = M4_round_features_triggered[i]: null

2019-08-24 12:57:22 - [TEST_STEP][PASSED] - if (type.equals("WILD_MULTIPLIER") &amp;&amp; complete == true): null

2019-08-24 12:57:22 - [TEST_STEP][PASSED] - feature_state = feature_state: null

2019-08-24 12:57:22 - [TEST_STEP][PASSED] - wildConfig2 = wild_config[2]: null

2019-08-24 12:57:22 - [TEST_STEP][PASSED] - wildConfig4 = wild_config[4]: null

2019-08-24 12:57:22 - [TEST_STEP][PASSED] - configValue2 = wildConfig2[0].get("value"): null

2019-08-24 12:57:22 - [TEST_STEP][PASSED] - configValue4 = wildConfig4[0].get("value"): null

2019-08-24 12:57:22 - [TEST_STEP][PASSED] - if (configValue2 != null &amp;&amp; configValue2 != 0): null

2019-08-24 12:57:22 - [TEST_STEP][PASSED] - multi = multi * configValue2: null

2019-08-24 12:57:22 - [TEST_STEP][PASSED] - if (configValue4 != null &amp;&amp; configValue4 != 0): null

2019-08-24 12:57:22 - [TEST_STEP][PASSED] - multi1 = multi1 * configValue4: null

2019-08-24 12:57:22 - [TEST_STEP][PASSED] - trigger = M4_round_features_triggered[i]: null

2019-08-24 12:57:22 - [TEST_STEP][PASSED] - if (type.equals("WILD_MULTIPLIER") &amp;&amp; complete == true): null

2019-08-24 12:57:22 - [TEST_STEP][PASSED] - trigger = M4_round_features_triggered[i]: null

2019-08-24 12:57:22 - [TEST_STEP][PASSED] - if (type.equals("WILD_MULTIPLIER") &amp;&amp; complete == true): null

2019-08-24 12:57:22 - [TEST_STEP][PASSED] - config_value = multi * multi1: null

2019-08-24 12:57:22 - [TEST_STEP][PASSED] - M4_round_wild_config = M4_round_wild_config: null

2019-08-24 12:57:22 - [TEST_STEP][PASSED] - wildConfig = value: null

2019-08-24 12:57:22 - [TEST_STEP][PASSED] - M4_round_object = M4_round_object: null

2019-08-24 12:57:22 - [TEST_STEP][PASSED] - symbolsReels3 = symbols: null

2019-08-24 12:57:22 - [TEST_STEP][PASSED] - Reels3list = new java.util.ArrayList(): null

2019-08-24 12:57:22 - [TEST_STEP][PASSED] - for ([i = 0, i &lt; symbolsReels3.size(), (i++)]): null

2019-08-24 12:57:22 - [TEST_STEP][PASSED] - Reels3list.add(symbol): null

2019-08-24 12:57:22 - [TEST_STEP][PASSED] - Reels3list.add(symbol): null

2019-08-24 12:57:22 - [TEST_STEP][PASSED] - Reels3list.add(symbol): null

2019-08-24 12:57:22 - [TEST_STEP][PASSED] - symbolsReels5 = symbols: null

2019-08-24 12:57:22 - [TEST_STEP][PASSED] - Reels5list = new java.util.ArrayList(): null

2019-08-24 12:57:22 - [TEST_STEP][PASSED] - for ([i = 0, i &lt; symbolsReels5.size(), (i++)]): null

2019-08-24 12:57:22 - [TEST_STEP][PASSED] - Reels5list.add(symbol): null

2019-08-24 12:57:22 - [TEST_STEP][PASSED] - Reels5list.add(symbol): null

2019-08-24 12:57:22 - [TEST_STEP][PASSED] - Reels5list.add(symbol): null

2019-08-24 12:57:22 - [TEST_STEP][PASSED] - symbol_value = "": null

2019-08-24 12:57:22 - [TEST_STEP][PASSED] - if (Reels3list.contains("WILD_Double") &amp;&amp; Reels3list.contains("WILD_Triple")): null

2019-08-24 12:57:22 - [TEST_STEP][PASSED] - else if (Reels5list.contains("WILD_Double") &amp;&amp; Reels5list.contains("WILD_Triple")): null

2019-08-24 12:57:22 - [TEST_STEP][PASSED] - else if (Reels3list.contains("WILD_Double") &amp;&amp; Reels5list.contains("WILD_Double")): null

2019-08-24 12:57:22 - [TEST_STEP][PASSED] - else if (Reels3list.contains("WILD_Triple") &amp;&amp; Reels5list.contains("WILD_Double")): null

2019-08-24 12:57:22 - [TEST_STEP][PASSED] - else if (Reels3list.contains("WILD_Double") &amp;&amp; Reels5list.contains("WILD_Triple")): null

2019-08-24 12:57:22 - [TEST_STEP][PASSED] - else if (Reels3list.contains("WILD_Triple") &amp;&amp; Reels5list.contains("WILD_Triple")): null

2019-08-24 12:57:22 - [TEST_STEP][PASSED] - symbol_value = 9: null

2019-08-24 12:57:22 - [TEST_STEP][PASSED] - subfeatures = new java.util.ArrayList(): null

2019-08-24 12:57:22 - [TEST_STEP][PASSED] - subfeatures.add("FREE_SPIN"): null

2019-08-24 12:57:22 - [TEST_STEP][PASSED] - M4_round_spin_result_list = M4_round_spin_result_list: null

2019-08-24 12:57:22 - [TEST_STEP][PASSED] - feature_trigger = features_triggered: null

2019-08-24 12:57:22 - [TEST_STEP][PASSED] - total_free_spin_count = "": null

2019-08-24 12:57:22 - [TEST_STEP][PASSED] - free_spins_left = "": null

2019-08-24 12:57:22 - [TEST_STEP][PASSED] - total_free_spin_win_amount = "": null

2019-08-24 12:57:22 - [TEST_STEP][PASSED] - for ([i = 0, i &lt; feature_trigger.size(), (i++)]): null

2019-08-24 12:57:22 - [TEST_STEP][PASSED] - feature_type = type: null

2019-08-24 12:57:22 - [TEST_STEP][PASSED] - if (feature_type == "FREE_SPIN"): null

2019-08-24 12:57:22 - [TEST_STEP][PASSED] - feature_type = type: null

2019-08-24 12:57:22 - [TEST_STEP][PASSED] - if (feature_type == "FREE_SPIN"): null

2019-08-24 12:57:22 - [TEST_STEP][PASSED] - feature_type = type: null

2019-08-24 12:57:22 - [TEST_STEP][PASSED] - if (feature_type == "FREE_SPIN"): null

2019-08-24 12:57:22 - [TEST_STEP][PASSED] - subfeatures_list = subfeatures: null

2019-08-24 12:57:22 - [TEST_STEP][PASSED] - for ([j = 0, j &lt; subfeatures_list.size(), (j++)]): null

2019-08-24 12:57:22 - [TEST_STEP][PASSED] - subfeatures.add(subfeatures_list[j]): null

2019-08-24 12:57:26 - [TEST_STEP][PASSED] - subfeatures.add(subfeatures_list[j]): null

2019-08-24 12:57:26 - [TEST_STEP][PASSED] - sendRequestAndVerify(findTestObject("INT/RGS(M4)/Summary_history", ["partner_code":partner_code, "game_code":Game_code, "partner":Partner, "userid":Userid])): Send request and verify the response successfully

2019-08-24 12:57:26 - [MESSAGE][INFO] - HAR: /Users/eiralee/Katalon_Script/SuperWild/Reports/20190824_124242/INT/superWild_4/20190824_124242/requests/main/262.har

2019-08-24 12:57:26 - [TEST_CASE][PASSED] - Start Test Case : Verification: Verification accomplished successfully

2019-08-24 12:57:26 - [TEST_STEP][PASSED] - request = getInstance().getCurrentRequest(): null

2019-08-24 12:57:26 - [TEST_STEP][PASSED] - response = getInstance().getCurrentResponse(): null

2019-08-24 12:57:26 - [TEST_STEP][PASSED] - verifyResponseStatusCode(response, 200): Verify response status code successfully

2019-08-24 12:57:26 - [MESSAGE][PASSED] - Verify response status code successfully

2019-08-24 12:57:26 - [TEST_STEP][PASSED] - getStatusCode()).isEqualTo(200): null

2019-08-24 12:57:26 - [TEST_STEP][PASSED] - summary_detail = new groovy.json.JsonSlurper(): null

2019-08-24 12:57:26 - [TEST_STEP][PASSED] - summary_history = summary_detail.parseText(response.getResponseBodyContent()): null

2019-08-24 12:57:26 - [TEST_STEP][PASSED] - summary_top_level = summary_history: null

2019-08-24 12:57:26 - [TEST_STEP][PASSED] - summary_top_level = summary_top_level: null

2019-08-24 12:57:26 - [TEST_STEP][PASSED] - summary_data = data: null

2019-08-24 12:57:26 - [TEST_STEP][PASSED] - summary_data = summary_data: null

2019-08-24 12:57:26 - [TEST_STEP][PASSED] - summary_query = query: null

2019-08-24 12:57:26 - [TEST_STEP][PASSED] - summary_query = summary_query: null

2019-08-24 12:57:26 - [TEST_STEP][PASSED] - summary_payload = payload: null

2019-08-24 12:57:26 - [TEST_STEP][PASSED] - summary_payload = summary_payload: null

2019-08-24 12:57:26 - [TEST_STEP][PASSED] - summary_round_id_1 = round_id: null

2019-08-24 12:57:26 - [TEST_STEP][PASSED] - summary_round_id_1 = summary_round_id_1: null

2019-08-24 12:57:26 - [TEST_STEP][PASSED] - summary_total_bet_1 = total_bet: null

2019-08-24 12:57:26 - [TEST_STEP][PASSED] - summary_total_bet_1 = summary_total_bet_1: null

2019-08-24 12:57:26 - [TEST_STEP][PASSED] - summary_bet_value_1 = bet_value: null

2019-08-24 12:57:26 - [TEST_STEP][PASSED] - summary_bet_value_1 = summary_bet_value_1: null

2019-08-24 12:57:26 - [TEST_STEP][PASSED] - summary_total_win_1 = total_win: null

2019-08-24 12:57:26 - [TEST_STEP][PASSED] - summary_total_win_1 = summary_total_win_1: null

2019-08-24 12:57:26 - [TEST_STEP][PASSED] - summary_balance_1 = balance: null

2019-08-24 12:57:26 - [TEST_STEP][PASSED] - summary_balance_1 = summary_balance_1: null

2019-08-24 12:57:26 - [TEST_STEP][PASSED] - summary_date_1 = date: null

2019-08-24 12:57:26 - [TEST_STEP][PASSED] - summary_date_1 = summary_date_1: null

2019-08-24 12:57:26 - [TEST_STEP][PASSED] - summary_round_type_1 = round_type: null

2019-08-24 12:57:26 - [TEST_STEP][PASSED] - summary_round_type_1 = summary_round_type_1: null

2019-08-24 12:57:26 - [TEST_STEP][PASSED] - summary_bonus_provider_1 = bonus_provider: null

2019-08-24 12:57:26 - [TEST_STEP][PASSED] - summary_bonus_provider_1 = summary_bonus_provider_1: null

2019-08-24 12:57:26 - [TEST_STEP][PASSED] - summary_booster_type_1 = booster_type: null

2019-08-24 12:57:26 - [TEST_STEP][PASSED] - summary_booster_type_1 = summary_booster_type_1: null

2019-08-24 12:57:26 - [TEST_STEP][PASSED] - summary_with_free_spin_1 = with_free_spin: null

2019-08-24 12:57:26 - [TEST_STEP][PASSED] - summary_with_free_spin_1 = summary_with_free_spin_1: null

2019-08-24 12:57:26 - [TEST_STEP][PASSED] - summary_feature_track_1 = feature_track: null

2019-08-24 12:57:26 - [TEST_STEP][PASSED] - summary_feature_track_1 = summary_feature_track_1: null

2019-08-24 12:57:26 - [TEST_STEP][PASSED] - summary_totalCount = totalCount: null

2019-08-24 12:57:26 - [TEST_STEP][PASSED] - summary_totalCount = summary_totalCount: null

2019-08-24 12:57:26 - [MESSAGE][PASSED] - Verify response successfully

2019-08-24 12:57:26 - [MESSAGE][PASSED] - Send request and verify the response successfully

2019-08-24 12:57:26 - [TEST_STEP][PASSED] - Collections.sort(subfeatures): null

2019-08-24 12:57:26 - [TEST_STEP][PASSED] - Collections.sort(summary_feature_track_1): null

2019-08-24 12:57:26 - [TEST_STEP][PASSED] - println("GlobalVariable.summary_feature_track_1 is: " + summary_feature_track_1): null

2019-08-24 12:57:26 - [TEST_STEP][PASSED] - println("subfeatures is: " + subfeatures): null

2019-08-24 12:57:26 - [TEST_STEP][PASSED] - println("GlobalVariable.M4_history_multiplier is: " + M4_history_multiplier): null

2019-08-24 12:57:26 - [TEST_STEP][PASSED] - println("GlobalVariable.summary_with_free_spin_1 is: " + summary_with_free_spin_1): null

2019-08-24 12:57:26 - [TEST_STEP][PASSED] - println("symbol_value is: " + symbol_value): null

2019-08-24 12:57:26 - [TEST_STEP][PASSED] - println("Config_Value is:" + config_value): null

2019-08-24 12:57:26 - [TEST_STEP][PASSED] - assert M4_history_multiplier == symbol_value: null

2019-08-24 12:57:26 - [TEST_STEP][PASSED] - assert config_value == M4_history_multiplier: null

2019-08-24 12:57:26 - [TEST_STEP][PASSED] - assert summary_with_free_spin_1 == true: null

2019-08-24 12:57:26 - [TEST_STEP][PASSED] - assert subfeatures.equals(summary_feature_track_1): null

2019-08-24 12:57:26 - [MESSAGE][PASSED] - Call Test Case 'Test Cases/INT_env/compare_values/4_Multiplier_verify_value_and_summary' successfully</system-out>
            <system-err></system-err>
        </testcase>
        <system-out>2019-08-24 12:42:56 - [TEST_SUITE][PASSED] - superWild_4: Test Cases/INT_env/4_Multiplier_CALL</system-out>
        <system-err></system-err>
    </testsuite>
</testsuites>
