<?xml version="1.0" encoding="UTF-8" standalone="yes"?>
<testsuites name="superWild_3" time="447" tests="1" failures="0" errors="0">
    <testsuite name="superWild_3" tests="1" failures="0" errors="0" time="447" timestamp="2019-08-10 23:43:38" hostname="eiralee - 172.20.10.2" id="Test Suites/superWild_3">
        <properties>
            <property name="deviceName" value=""/>
            <property name="devicePlatform" value=""/>
            <property name="logFolder" value="/Users/eiralee/EiraLi-Katalon_API/INT_env/Reports/superWild_3/20190810_234318"/>
            <property name="logFiles" value="/Users/eiralee/EiraLi-Katalon_API/INT_env/Reports/superWild_3/20190810_234318/execution0.log, /Users/eiralee/EiraLi-Katalon_API/INT_env/Reports/superWild_3/20190810_234318/execution1.log, /Users/eiralee/EiraLi-Katalon_API/INT_env/Reports/superWild_3/20190810_234318/execution2.log"/>
            <property name="attachments" value=""/>
            <property name="hostName" value="eiralee - 172.20.10.2"/>
            <property name="hostAddress" value="172.20.10.2"/>
            <property name="os" value="Mac OS X 64bit"/>
            <property name="katalonVersion" value="6.2.0.1"/>
        </properties>
        <testcase name="Test Cases/M4-Game/Super_Wild/3_ExtraFG_CALL" classname="Test Cases/M4-Game/Super_Wild/3_ExtraFG_CALL" status="PASSED">
            <system-out>2019-08-10 23:43:38 - [TEST_CASE][PASSED] - Test Cases/M4-Game/Super_Wild/3_ExtraFG_CALL: Test Cases/M4-Game/Super_Wild/3_ExtraFG_CALL

2019-08-10 23:43:40 - [TEST_STEP][PASSED] - ExtraFG = new java.util.ArrayList(): null

2019-08-10 23:43:40 - [TEST_STEP][PASSED] - ExtraFG.add("free_spins_left"): null

2019-08-10 23:43:40 - [TEST_STEP][PASSED] - ExtraFG.add("free_spins_added"): null

2019-08-10 23:43:40 - [TEST_STEP][PASSED] - sendRequestAndVerify(findTestObject("Wallet/Get_Session_Token", ["url_krug_gw":url_krug_gw, "partner":Partner, "secret_key":secret_key, "userid":Userid])): Send request and verify the response successfully

2019-08-10 23:43:40 - [TEST_CASE][PASSED] - Start Test Case : Verification: Verification accomplished successfully

2019-08-10 23:43:41 - [TEST_STEP][PASSED] - request = getInstance().getCurrentRequest(): null

2019-08-10 23:43:41 - [TEST_STEP][PASSED] - response = getInstance().getCurrentResponse(): null

2019-08-10 23:43:41 - [TEST_STEP][PASSED] - verifyResponseStatusCode(response, 200): Verify response status code successfully

2019-08-10 23:43:41 - [MESSAGE][PASSED] - Verify response status code successfully

2019-08-10 23:43:41 - [TEST_STEP][PASSED] - getStatusCode()).isEqualTo(200): null

2019-08-10 23:43:41 - [TEST_STEP][PASSED] - getResponseText()).contains("session_token"): null

2019-08-10 23:43:41 - [TEST_STEP][PASSED] - getsession = new groovy.json.JsonSlurper(): null

2019-08-10 23:43:41 - [TEST_STEP][PASSED] - result_getsession = getsession.parseText(response.getResponseBodyContent()): null

2019-08-10 23:43:41 - [TEST_STEP][PASSED] - session_token = session_token: null

2019-08-10 23:43:41 - [TEST_STEP][PASSED] - println("...value extracted is :" + session_token): null

2019-08-10 23:43:41 - [TEST_STEP][PASSED] - session_token = session_token: null

2019-08-10 23:43:42 - [TEST_STEP][PASSED] - println("GlobalVariable is :" + session_token): null

2019-08-10 23:43:42 - [TEST_STEP][PASSED] - internal_balance = internal_balance: null

2019-08-10 23:43:42 - [TEST_STEP][PASSED] - internal_balance = internal_balance: null

2019-08-10 23:43:42 - [MESSAGE][PASSED] - Verify response successfully

2019-08-10 23:43:42 - [MESSAGE][PASSED] - Send request and verify the response successfully

2019-08-10 23:43:42 - [TEST_STEP][PASSED] - M4_login = sendRequestAndVerify(findTestObject("RGS(M4)/M4_Login", ["partner":Partner, "game_code":Game_code, "session_token":session_token])): Send request and verify the response successfully

2019-08-10 23:43:44 - [TEST_CASE][PASSED] - Start Test Case : Verification: Verification accomplished successfully

2019-08-10 23:43:44 - [TEST_STEP][PASSED] - request = getInstance().getCurrentRequest(): null

2019-08-10 23:43:44 - [TEST_STEP][PASSED] - response = getInstance().getCurrentResponse(): null

2019-08-10 23:43:44 - [TEST_STEP][PASSED] - verifyResponseStatusCode(response, 200): Verify response status code successfully

2019-08-10 23:43:44 - [MESSAGE][PASSED] - Verify response status code successfully

2019-08-10 23:43:44 - [TEST_STEP][PASSED] - getStatusCode()).isEqualTo(200): null

2019-08-10 23:43:44 - [TEST_STEP][PASSED] - newline = System.getProperty("line.separator"): null

2019-08-10 23:43:44 - [TEST_STEP][PASSED] - M4_login = new groovy.json.JsonSlurper(): null

2019-08-10 23:43:44 - [TEST_STEP][PASSED] - result_M4_login = M4_login.parseText(response.getResponseBodyContent()): null

2019-08-10 23:43:44 - [TEST_STEP][PASSED] - M4_login_user_id = user_id: null

2019-08-10 23:43:44 - [TEST_STEP][PASSED] - println("playerid is: " + M4_login_user_id): null

2019-08-10 23:43:44 - [TEST_STEP][PASSED] - M4_login_user_id = M4_login_user_id: null

2019-08-10 23:43:44 - [MESSAGE][PASSED] - Verify response successfully

2019-08-10 23:43:44 - [MESSAGE][PASSED] - Send request and verify the response successfully

2019-08-10 23:43:44 - [TEST_STEP][PASSED] - M4_login_user_id = M4_login_user_id: null

2019-08-10 23:43:44 - [TEST_STEP][PASSED] - M4_init = sendRequestAndVerify(findTestObject("RGS(M4)/M4_init", ["partner":Partner, "M4_recorder":M4_recorder, "M4_login_user_id":M4_login_user_id])): Send request and verify the response successfully

2019-08-10 23:43:45 - [TEST_CASE][PASSED] - Start Test Case : Verification: Verification accomplished successfully

2019-08-10 23:43:45 - [TEST_STEP][PASSED] - request = getInstance().getCurrentRequest(): null

2019-08-10 23:43:45 - [TEST_STEP][PASSED] - response = getInstance().getCurrentResponse(): null

2019-08-10 23:43:45 - [TEST_STEP][PASSED] - verifyResponseStatusCode(response, 200): Verify response status code successfully

2019-08-10 23:43:45 - [MESSAGE][PASSED] - Verify response status code successfully

2019-08-10 23:43:45 - [TEST_STEP][PASSED] - getStatusCode()).isEqualTo(200): null

2019-08-10 23:43:45 - [TEST_STEP][PASSED] - newline = System.getProperty("line.separator"): null

2019-08-10 23:43:45 - [TEST_STEP][PASSED] - M4_init = new groovy.json.JsonSlurper(): null

2019-08-10 23:43:45 - [TEST_STEP][PASSED] - result_M4_init = M4_init.parseText(response.getResponseBodyContent()): null

2019-08-10 23:43:45 - [TEST_STEP][PASSED] - rgs_session_token = session_token: null

2019-08-10 23:43:45 - [TEST_STEP][PASSED] - rgs_session_token = rgs_session_token: null

2019-08-10 23:43:45 - [TEST_STEP][PASSED] - M4_init_balance = balance: null

2019-08-10 23:43:45 - [TEST_STEP][PASSED] - M4_init_balance = M4_init_balance: null

2019-08-10 23:43:45 - [TEST_STEP][PASSED] - game_code = genesis_id: null

2019-08-10 23:43:45 - [TEST_STEP][PASSED] - game_code = game_code: null

2019-08-10 23:43:45 - [TEST_STEP][PASSED] - M4_free_round = free_round: null

2019-08-10 23:43:45 - [TEST_STEP][PASSED] - M4_free_round = M4_free_round: null

2019-08-10 23:43:45 - [MESSAGE][PASSED] - Verify response successfully

2019-08-10 23:43:45 - [MESSAGE][PASSED] - Send request and verify the response successfully

2019-08-10 23:43:45 - [TEST_STEP][PASSED] - rgs_session_token = rgs_session_token: null

2019-08-10 23:43:45 - [TEST_STEP][PASSED] - for ([i = 0, i &lt;= 500, (i++)]): null

2019-08-10 23:43:45 - [TEST_STEP][PASSED] - free_spin_reel_counter = free_spin_reel_counter: null

2019-08-10 23:43:45 - [TEST_STEP][PASSED] - M4_spin_reels_symbols = M4_spin_reels_symbols: null

2019-08-10 23:43:45 - [TEST_STEP][PASSED] - M4_total_bonus_spins = M4_total_bonus_spins: null

2019-08-10 23:43:45 - [TEST_STEP][PASSED] - spin_result = sendRequestAndVerify(findTestObject("RGS(M4)/1_M4_spin", ["M4_login_user_id":M4_login_user_id, "rgs_session_token":rgs_session_token, "partner":Partner])): Send request and verify the response successfully

2019-08-10 23:43:45 - [TEST_CASE][PASSED] - Start Test Case : Verification: Verification accomplished successfully

2019-08-10 23:43:45 - [TEST_STEP][PASSED] - request = getInstance().getCurrentRequest(): null

2019-08-10 23:43:45 - [TEST_STEP][PASSED] - response = getInstance().getCurrentResponse(): null

2019-08-10 23:43:45 - [TEST_STEP][PASSED] - verifyResponseStatusCode(response, 200): Verify response status code successfully

2019-08-10 23:43:45 - [MESSAGE][PASSED] - Verify response status code successfully

2019-08-10 23:43:45 - [TEST_STEP][PASSED] - getStatusCode()).isEqualTo(200): null

2019-08-10 23:43:45 - [TEST_STEP][PASSED] - newline = System.getProperty("line.separator"): null

2019-08-10 23:43:45 - [TEST_STEP][PASSED] - M4_spin = new groovy.json.JsonSlurper(): null

2019-08-10 23:43:45 - [TEST_STEP][PASSED] - result_M4_spin = M4_spin.parseText(response.getResponseBodyContent()): null

2019-08-10 23:43:45 - [TEST_STEP][PASSED] - M4_spin_current_balance = current_balance: null

2019-08-10 23:43:45 - [TEST_STEP][PASSED] - M4_spin_current_balance = M4_spin_current_balance: null

2019-08-10 23:43:45 - [TEST_STEP][PASSED] - M4_spin_transaction_id = causality: null

2019-08-10 23:43:45 - [TEST_STEP][PASSED] - M4_spin_transaction_id = M4_spin_transaction_id: null

2019-08-10 23:43:45 - [TEST_STEP][PASSED] - M4_spin_round_id = round_id: null

2019-08-10 23:43:45 - [TEST_STEP][PASSED] - M4_spin_round_id = M4_spin_round_id: null

2019-08-10 23:43:45 - [TEST_STEP][PASSED] - M4_spin_line_wins = line_wins: null

2019-08-10 23:43:45 - [TEST_STEP][PASSED] - M4_spin_line_wins = M4_spin_line_wins: null

2019-08-10 23:43:45 - [TEST_STEP][PASSED] - M4_total_bonus_spins_int = total_bonus_spins: null

2019-08-10 23:43:45 - [TEST_STEP][PASSED] - println("******M4_total_bonus_spins type is:*******" + newline + getClass().getName()): null

2019-08-10 23:43:45 - [TEST_STEP][PASSED] - M4_total_bonus_spins_int = M4_total_bonus_spins_int: null

2019-08-10 23:43:45 - [TEST_STEP][PASSED] - M4_total_bonus_spins = Integer.toString(M4_total_bonus_spins_int): null

2019-08-10 23:43:45 - [TEST_STEP][PASSED] - M4_total_bonus_spins = M4_total_bonus_spins: null

2019-08-10 23:43:45 - [TEST_STEP][PASSED] - println("M4_total_bonus_spins is:" + M4_total_bonus_spins): null

2019-08-10 23:43:45 - [TEST_STEP][PASSED] - M4_spin_bonus_data = bonus_data: null

2019-08-10 23:43:45 - [TEST_STEP][PASSED] - M4_spin_features_triggered = result_M4_spin: null

2019-08-10 23:43:45 - [TEST_STEP][PASSED] - wild = []: null

2019-08-10 23:43:45 - [TEST_STEP][PASSED] - wild[0] = "WILD_Expanding": null

2019-08-10 23:43:45 - [TEST_STEP][PASSED] - wild[1] = "WILD_Normal": null

2019-08-10 23:43:45 - [TEST_STEP][PASSED] - wild[2] = "WILD_Double": null

2019-08-10 23:43:45 - [TEST_STEP][PASSED] - wild[3] = "WILD_ExtraFG": null

2019-08-10 23:43:45 - [TEST_STEP][PASSED] - wild[4] = "WILD_Triple": null

2019-08-10 23:43:45 - [TEST_STEP][PASSED] - wildList = Arrays.asList(wild): null

2019-08-10 23:43:45 - [TEST_STEP][PASSED] - wildList = wildList: null

2019-08-10 23:43:45 - [TEST_STEP][PASSED] - free_spin_reel_counter = []: null

2019-08-10 23:43:45 - [TEST_STEP][PASSED] - free_spin_reel_counter[0] = 0: null

2019-08-10 23:43:45 - [TEST_STEP][PASSED] - free_spin_reel_counter[1] = 0: null

2019-08-10 23:43:45 - [TEST_STEP][PASSED] - free_spin_reel_counter[2] = 0: null

2019-08-10 23:43:45 - [TEST_STEP][PASSED] - M4_spin_reels = reels: null

2019-08-10 23:43:45 - [TEST_STEP][PASSED] - for ([i = 0, i &lt; M4_spin_reels.size(), (i++)]): null

2019-08-10 23:43:45 - [TEST_STEP][PASSED] - symbols = symbols: null

2019-08-10 23:43:45 - [TEST_STEP][PASSED] - for ([j = 0, j &lt; symbols.size(), (j++)]): null

2019-08-10 23:43:45 - [TEST_STEP][PASSED] - symbol = symbol: null

2019-08-10 23:43:45 - [TEST_STEP][PASSED] - println(symbol): null

2019-08-10 23:43:45 - [TEST_STEP][PASSED] - if (i == 2 &amp;&amp; wildList.indexOf(symbol) != -1): null

2019-08-10 23:43:45 - [TEST_STEP][PASSED] - if (i == 3 &amp;&amp; wildList.indexOf(symbol) != -1): null

2019-08-10 23:43:45 - [TEST_STEP][PASSED] - if (i == 4 &amp;&amp; wildList.indexOf(symbol) != -1): null

2019-08-10 23:43:45 - [TEST_STEP][PASSED] - symbol = symbol: null

2019-08-10 23:43:45 - [TEST_STEP][PASSED] - println(symbol): null

2019-08-10 23:43:45 - [TEST_STEP][PASSED] - if (i == 2 &amp;&amp; wildList.indexOf(symbol) != -1): null

2019-08-10 23:43:45 - [TEST_STEP][PASSED] - if (i == 3 &amp;&amp; wildList.indexOf(symbol) != -1): null

2019-08-10 23:43:45 - [TEST_STEP][PASSED] - if (i == 4 &amp;&amp; wildList.indexOf(symbol) != -1): null

2019-08-10 23:43:45 - [TEST_STEP][PASSED] - symbol = symbol: null

2019-08-10 23:43:45 - [TEST_STEP][PASSED] - println(symbol): null

2019-08-10 23:43:45 - [TEST_STEP][PASSED] - if (i == 2 &amp;&amp; wildList.indexOf(symbol) != -1): null

2019-08-10 23:43:45 - [TEST_STEP][PASSED] - if (i == 3 &amp;&amp; wildList.indexOf(symbol) != -1): null

2019-08-10 23:43:45 - [TEST_STEP][PASSED] - if (i == 4 &amp;&amp; wildList.indexOf(symbol) != -1): null

2019-08-10 23:43:45 - [TEST_STEP][PASSED] - symbols = symbols: null

2019-08-10 23:43:45 - [TEST_STEP][PASSED] - for ([j = 0, j &lt; symbols.size(), (j++)]): null

2019-08-10 23:43:45 - [TEST_STEP][PASSED] - symbol = symbol: null

2019-08-10 23:43:45 - [TEST_STEP][PASSED] - println(symbol): null

2019-08-10 23:43:45 - [TEST_STEP][PASSED] - if (i == 2 &amp;&amp; wildList.indexOf(symbol) != -1): null

2019-08-10 23:43:45 - [TEST_STEP][PASSED] - if (i == 3 &amp;&amp; wildList.indexOf(symbol) != -1): null

2019-08-10 23:43:45 - [TEST_STEP][PASSED] - if (i == 4 &amp;&amp; wildList.indexOf(symbol) != -1): null

2019-08-10 23:43:45 - [TEST_STEP][PASSED] - symbol = symbol: null

2019-08-10 23:43:45 - [TEST_STEP][PASSED] - println(symbol): null

2019-08-10 23:43:45 - [TEST_STEP][PASSED] - if (i == 2 &amp;&amp; wildList.indexOf(symbol) != -1): null

2019-08-10 23:43:45 - [TEST_STEP][PASSED] - if (i == 3 &amp;&amp; wildList.indexOf(symbol) != -1): null

2019-08-10 23:43:45 - [TEST_STEP][PASSED] - if (i == 4 &amp;&amp; wildList.indexOf(symbol) != -1): null

2019-08-10 23:43:45 - [TEST_STEP][PASSED] - symbol = symbol: null

2019-08-10 23:43:45 - [TEST_STEP][PASSED] - println(symbol): null

2019-08-10 23:43:45 - [TEST_STEP][PASSED] - if (i == 2 &amp;&amp; wildList.indexOf(symbol) != -1): null

2019-08-10 23:43:45 - [TEST_STEP][PASSED] - if (i == 3 &amp;&amp; wildList.indexOf(symbol) != -1): null

2019-08-10 23:43:45 - [TEST_STEP][PASSED] - if (i == 4 &amp;&amp; wildList.indexOf(symbol) != -1): null

2019-08-10 23:43:45 - [TEST_STEP][PASSED] - symbols = symbols: null

2019-08-10 23:43:45 - [TEST_STEP][PASSED] - for ([j = 0, j &lt; symbols.size(), (j++)]): null

2019-08-10 23:43:45 - [TEST_STEP][PASSED] - symbol = symbol: null

2019-08-10 23:43:45 - [TEST_STEP][PASSED] - println(symbol): null

2019-08-10 23:43:45 - [TEST_STEP][PASSED] - if (i == 2 &amp;&amp; wildList.indexOf(symbol) != -1): null

2019-08-10 23:43:45 - [TEST_STEP][PASSED] - if (i == 3 &amp;&amp; wildList.indexOf(symbol) != -1): null

2019-08-10 23:43:45 - [TEST_STEP][PASSED] - if (i == 4 &amp;&amp; wildList.indexOf(symbol) != -1): null

2019-08-10 23:43:45 - [TEST_STEP][PASSED] - symbol = symbol: null

2019-08-10 23:43:45 - [TEST_STEP][PASSED] - println(symbol): null

2019-08-10 23:43:45 - [TEST_STEP][PASSED] - if (i == 2 &amp;&amp; wildList.indexOf(symbol) != -1): null

2019-08-10 23:43:45 - [TEST_STEP][PASSED] - if (i == 3 &amp;&amp; wildList.indexOf(symbol) != -1): null

2019-08-10 23:43:45 - [TEST_STEP][PASSED] - if (i == 4 &amp;&amp; wildList.indexOf(symbol) != -1): null

2019-08-10 23:43:45 - [TEST_STEP][PASSED] - symbol = symbol: null

2019-08-10 23:43:45 - [TEST_STEP][PASSED] - println(symbol): null

2019-08-10 23:43:45 - [TEST_STEP][PASSED] - if (i == 2 &amp;&amp; wildList.indexOf(symbol) != -1): null

2019-08-10 23:43:45 - [TEST_STEP][PASSED] - if (i == 3 &amp;&amp; wildList.indexOf(symbol) != -1): null

2019-08-10 23:43:45 - [TEST_STEP][PASSED] - if (i == 4 &amp;&amp; wildList.indexOf(symbol) != -1): null

2019-08-10 23:43:45 - [TEST_STEP][PASSED] - symbols = symbols: null

2019-08-10 23:43:45 - [TEST_STEP][PASSED] - for ([j = 0, j &lt; symbols.size(), (j++)]): null

2019-08-10 23:43:45 - [TEST_STEP][PASSED] - symbol = symbol: null

2019-08-10 23:43:45 - [TEST_STEP][PASSED] - println(symbol): null

2019-08-10 23:43:45 - [TEST_STEP][PASSED] - if (i == 2 &amp;&amp; wildList.indexOf(symbol) != -1): null

2019-08-10 23:43:45 - [TEST_STEP][PASSED] - if (i == 3 &amp;&amp; wildList.indexOf(symbol) != -1): null

2019-08-10 23:43:45 - [TEST_STEP][PASSED] - if (i == 4 &amp;&amp; wildList.indexOf(symbol) != -1): null

2019-08-10 23:43:45 - [TEST_STEP][PASSED] - symbol = symbol: null

2019-08-10 23:43:45 - [TEST_STEP][PASSED] - println(symbol): null

2019-08-10 23:43:45 - [TEST_STEP][PASSED] - if (i == 2 &amp;&amp; wildList.indexOf(symbol) != -1): null

2019-08-10 23:43:45 - [TEST_STEP][PASSED] - if (i == 3 &amp;&amp; wildList.indexOf(symbol) != -1): null

2019-08-10 23:43:45 - [TEST_STEP][PASSED] - if (i == 4 &amp;&amp; wildList.indexOf(symbol) != -1): null

2019-08-10 23:43:45 - [TEST_STEP][PASSED] - symbol = symbol: null

2019-08-10 23:43:45 - [TEST_STEP][PASSED] - println(symbol): null

2019-08-10 23:43:45 - [TEST_STEP][PASSED] - if (i == 2 &amp;&amp; wildList.indexOf(symbol) != -1): null

2019-08-10 23:43:45 - [TEST_STEP][PASSED] - if (i == 3 &amp;&amp; wildList.indexOf(symbol) != -1): null

2019-08-10 23:43:45 - [TEST_STEP][PASSED] - if (i == 4 &amp;&amp; wildList.indexOf(symbol) != -1): null

2019-08-10 23:43:45 - [TEST_STEP][PASSED] - symbols = symbols: null

2019-08-10 23:43:45 - [TEST_STEP][PASSED] - for ([j = 0, j &lt; symbols.size(), (j++)]): null

2019-08-10 23:43:45 - [TEST_STEP][PASSED] - symbol = symbol: null

2019-08-10 23:43:45 - [TEST_STEP][PASSED] - println(symbol): null

2019-08-10 23:43:45 - [TEST_STEP][PASSED] - if (i == 2 &amp;&amp; wildList.indexOf(symbol) != -1): null

2019-08-10 23:43:45 - [TEST_STEP][PASSED] - if (i == 3 &amp;&amp; wildList.indexOf(symbol) != -1): null

2019-08-10 23:43:45 - [TEST_STEP][PASSED] - if (i == 4 &amp;&amp; wildList.indexOf(symbol) != -1): null

2019-08-10 23:43:45 - [TEST_STEP][PASSED] - symbol = symbol: null

2019-08-10 23:43:45 - [TEST_STEP][PASSED] - println(symbol): null

2019-08-10 23:43:45 - [TEST_STEP][PASSED] - if (i == 2 &amp;&amp; wildList.indexOf(symbol) != -1): null

2019-08-10 23:43:45 - [TEST_STEP][PASSED] - if (i == 3 &amp;&amp; wildList.indexOf(symbol) != -1): null

2019-08-10 23:43:45 - [TEST_STEP][PASSED] - if (i == 4 &amp;&amp; wildList.indexOf(symbol) != -1): null

2019-08-10 23:43:45 - [TEST_STEP][PASSED] - symbol = symbol: null

2019-08-10 23:43:45 - [TEST_STEP][PASSED] - println(symbol): null

2019-08-10 23:43:45 - [TEST_STEP][PASSED] - if (i == 2 &amp;&amp; wildList.indexOf(symbol) != -1): null

2019-08-10 23:43:45 - [TEST_STEP][PASSED] - if (i == 3 &amp;&amp; wildList.indexOf(symbol) != -1): null

2019-08-10 23:43:45 - [TEST_STEP][PASSED] - if (i == 4 &amp;&amp; wildList.indexOf(symbol) != -1): null

2019-08-10 23:43:45 - [TEST_STEP][PASSED] - free_spin_reel_counter = free_spin_reel_counter: null

2019-08-10 23:43:45 - [TEST_STEP][PASSED] - println("reel 3 wild found: " + free_spin_reel_counter[0]): null

2019-08-10 23:43:45 - [TEST_STEP][PASSED] - println("reel 4 wild found: " + free_spin_reel_counter[1]): null

2019-08-10 23:43:45 - [TEST_STEP][PASSED] - println("reel 5 wild found: " + free_spin_reel_counter[2]): null

2019-08-10 23:43:45 - [TEST_STEP][PASSED] - M4_spin_reels = M4_spin_reels: null

2019-08-10 23:43:45 - [TEST_STEP][PASSED] - M4_spin_reels_symbols = symbol: null

2019-08-10 23:43:45 - [TEST_STEP][PASSED] - M4_spin_reels_symbols = M4_spin_reels_symbols: null

2019-08-10 23:43:45 - [TEST_STEP][PASSED] - M4_spin_reel_wins = reel_wins: null

2019-08-10 23:43:45 - [TEST_STEP][PASSED] - M4_spin_reel_wins = M4_spin_reel_wins: null

2019-08-10 23:43:45 - [TEST_STEP][PASSED] - println("GlobalVariable.M4_spin_reel_wins is: " + M4_spin_reel_wins): null

2019-08-10 23:43:45 - [TEST_STEP][PASSED] - M4_spin_total_bonus_win_this_round = total_bonus_win_this_round: null

2019-08-10 23:43:45 - [TEST_STEP][PASSED] - M4_spin_total_bonus_win_this_round = M4_spin_total_bonus_win_this_round: null

2019-08-10 23:43:45 - [TEST_STEP][PASSED] - println("GlobalVariable.M4_spin_total_bonus_win_this_round is: " + M4_spin_total_bonus_win_this_round): null

2019-08-10 23:43:45 - [MESSAGE][PASSED] - Verify response successfully

2019-08-10 23:43:45 - [MESSAGE][PASSED] - Send request and verify the response successfully

2019-08-10 23:43:45 - [TEST_STEP][PASSED] - if (M4_total_bonus_spins_int != 0 &amp;&amp; M4_spin_reels_symbols[2].contains("WILD_ExtraFG") || M4_spin_reels_symbols[3].contains("WILD_ExtraFG")): null

2019-08-10 23:43:45 - [TEST_STEP][PASSED] - free_spin_reel_counter = free_spin_reel_counter: null

2019-08-10 23:43:45 - [TEST_STEP][PASSED] - M4_spin_reels_symbols = M4_spin_reels_symbols: null

2019-08-10 23:43:45 - [TEST_STEP][PASSED] - M4_total_bonus_spins = M4_total_bonus_spins: null

2019-08-10 23:43:45 - [TEST_STEP][PASSED] - spin_result = sendRequestAndVerify(findTestObject("RGS(M4)/1_M4_spin", ["M4_login_user_id":M4_login_user_id, "rgs_session_token":rgs_session_token, "partner":Partner])): Send request and verify the response successfully

2019-08-10 23:43:46 - [TEST_CASE][PASSED] - Start Test Case : Verification: Verification accomplished successfully

2019-08-10 23:43:46 - [TEST_STEP][PASSED] - request = getInstance().getCurrentRequest(): null

2019-08-10 23:43:46 - [TEST_STEP][PASSED] - response = getInstance().getCurrentResponse(): null

2019-08-10 23:43:46 - [TEST_STEP][PASSED] - verifyResponseStatusCode(response, 200): Verify response status code successfully

2019-08-10 23:43:46 - [MESSAGE][PASSED] - Verify response status code successfully

2019-08-10 23:43:46 - [TEST_STEP][PASSED] - getStatusCode()).isEqualTo(200): null

2019-08-10 23:43:46 - [TEST_STEP][PASSED] - newline = System.getProperty("line.separator"): null

2019-08-10 23:43:46 - [TEST_STEP][PASSED] - M4_spin = new groovy.json.JsonSlurper(): null

2019-08-10 23:43:46 - [TEST_STEP][PASSED] - result_M4_spin = M4_spin.parseText(response.getResponseBodyContent()): null

2019-08-10 23:43:46 - [TEST_STEP][PASSED] - M4_spin_current_balance = current_balance: null

2019-08-10 23:43:46 - [TEST_STEP][PASSED] - M4_spin_current_balance = M4_spin_current_balance: null

2019-08-10 23:43:46 - [TEST_STEP][PASSED] - M4_spin_transaction_id = causality: null

2019-08-10 23:43:46 - [TEST_STEP][PASSED] - M4_spin_transaction_id = M4_spin_transaction_id: null

2019-08-10 23:43:46 - [TEST_STEP][PASSED] - M4_spin_round_id = round_id: null

2019-08-10 23:43:46 - [TEST_STEP][PASSED] - M4_spin_round_id = M4_spin_round_id: null

2019-08-10 23:43:46 - [TEST_STEP][PASSED] - M4_spin_line_wins = line_wins: null

2019-08-10 23:43:46 - [TEST_STEP][PASSED] - M4_spin_line_wins = M4_spin_line_wins: null

2019-08-10 23:43:46 - [TEST_STEP][PASSED] - M4_total_bonus_spins_int = total_bonus_spins: null

2019-08-10 23:43:46 - [TEST_STEP][PASSED] - println("******M4_total_bonus_spins type is:*******" + newline + getClass().getName()): null

2019-08-10 23:43:46 - [TEST_STEP][PASSED] - M4_total_bonus_spins_int = M4_total_bonus_spins_int: null

2019-08-10 23:43:46 - [TEST_STEP][PASSED] - M4_total_bonus_spins = Integer.toString(M4_total_bonus_spins_int): null

2019-08-10 23:43:46 - [TEST_STEP][PASSED] - M4_total_bonus_spins = M4_total_bonus_spins: null

2019-08-10 23:43:46 - [TEST_STEP][PASSED] - println("M4_total_bonus_spins is:" + M4_total_bonus_spins): null

2019-08-10 23:43:46 - [TEST_STEP][PASSED] - M4_spin_bonus_data = bonus_data: null

2019-08-10 23:43:46 - [TEST_STEP][PASSED] - M4_spin_features_triggered = result_M4_spin: null

2019-08-10 23:43:46 - [TEST_STEP][PASSED] - wild = []: null

2019-08-10 23:43:46 - [TEST_STEP][PASSED] - wild[0] = "WILD_Expanding": null

2019-08-10 23:43:46 - [TEST_STEP][PASSED] - wild[1] = "WILD_Normal": null

2019-08-10 23:43:46 - [TEST_STEP][PASSED] - wild[2] = "WILD_Double": null

2019-08-10 23:43:46 - [TEST_STEP][PASSED] - wild[3] = "WILD_ExtraFG": null

2019-08-10 23:43:46 - [TEST_STEP][PASSED] - wild[4] = "WILD_Triple": null

2019-08-10 23:43:46 - [TEST_STEP][PASSED] - wildList = Arrays.asList(wild): null

2019-08-10 23:43:46 - [TEST_STEP][PASSED] - wildList = wildList: null

2019-08-10 23:43:46 - [TEST_STEP][PASSED] - free_spin_reel_counter = []: null

2019-08-10 23:43:46 - [TEST_STEP][PASSED] - free_spin_reel_counter[0] = 0: null

2019-08-10 23:43:46 - [TEST_STEP][PASSED] - free_spin_reel_counter[1] = 0: null

2019-08-10 23:43:46 - [TEST_STEP][PASSED] - free_spin_reel_counter[2] = 0: null

2019-08-10 23:43:46 - [TEST_STEP][PASSED] - M4_spin_reels = reels: null

2019-08-10 23:43:46 - [TEST_STEP][PASSED] - for ([i = 0, i &lt; M4_spin_reels.size(), (i++)]): null

2019-08-10 23:43:46 - [TEST_STEP][PASSED] - symbols = symbols: null

2019-08-10 23:43:46 - [TEST_STEP][PASSED] - for ([j = 0, j &lt; symbols.size(), (j++)]): null

2019-08-10 23:43:46 - [TEST_STEP][PASSED] - symbol = symbol: null

2019-08-10 23:43:46 - [TEST_STEP][PASSED] - println(symbol): null

2019-08-10 23:43:46 - [TEST_STEP][PASSED] - if (i == 2 &amp;&amp; wildList.indexOf(symbol) != -1): null

2019-08-10 23:43:46 - [TEST_STEP][PASSED] - if (i == 3 &amp;&amp; wildList.indexOf(symbol) != -1): null

2019-08-10 23:43:46 - [TEST_STEP][PASSED] - if (i == 4 &amp;&amp; wildList.indexOf(symbol) != -1): null

2019-08-10 23:43:46 - [TEST_STEP][PASSED] - symbol = symbol: null

2019-08-10 23:43:46 - [TEST_STEP][PASSED] - println(symbol): null

2019-08-10 23:43:46 - [TEST_STEP][PASSED] - if (i == 2 &amp;&amp; wildList.indexOf(symbol) != -1): null

2019-08-10 23:43:46 - [TEST_STEP][PASSED] - if (i == 3 &amp;&amp; wildList.indexOf(symbol) != -1): null

2019-08-10 23:43:46 - [TEST_STEP][PASSED] - if (i == 4 &amp;&amp; wildList.indexOf(symbol) != -1): null

2019-08-10 23:43:46 - [TEST_STEP][PASSED] - symbol = symbol: null

2019-08-10 23:43:46 - [TEST_STEP][PASSED] - println(symbol): null

2019-08-10 23:43:46 - [TEST_STEP][PASSED] - if (i == 2 &amp;&amp; wildList.indexOf(symbol) != -1): null

2019-08-10 23:43:46 - [TEST_STEP][PASSED] - if (i == 3 &amp;&amp; wildList.indexOf(symbol) != -1): null

2019-08-10 23:43:46 - [TEST_STEP][PASSED] - if (i == 4 &amp;&amp; wildList.indexOf(symbol) != -1): null

2019-08-10 23:43:46 - [TEST_STEP][PASSED] - symbols = symbols: null

2019-08-10 23:43:46 - [TEST_STEP][PASSED] - for ([j = 0, j &lt; symbols.size(), (j++)]): null

2019-08-10 23:43:46 - [TEST_STEP][PASSED] - symbol = symbol: null

2019-08-10 23:43:46 - [TEST_STEP][PASSED] - println(symbol): null

2019-08-10 23:43:46 - [TEST_STEP][PASSED] - if (i == 2 &amp;&amp; wildList.indexOf(symbol) != -1): null

2019-08-10 23:43:46 - [TEST_STEP][PASSED] - if (i == 3 &amp;&amp; wildList.indexOf(symbol) != -1): null

2019-08-10 23:43:46 - [TEST_STEP][PASSED] - if (i == 4 &amp;&amp; wildList.indexOf(symbol) != -1): null

2019-08-10 23:43:46 - [TEST_STEP][PASSED] - symbol = symbol: null

2019-08-10 23:43:46 - [TEST_STEP][PASSED] - println(symbol): null

2019-08-10 23:43:46 - [TEST_STEP][PASSED] - if (i == 2 &amp;&amp; wildList.indexOf(symbol) != -1): null

2019-08-10 23:43:46 - [TEST_STEP][PASSED] - if (i == 3 &amp;&amp; wildList.indexOf(symbol) != -1): null

2019-08-10 23:43:46 - [TEST_STEP][PASSED] - if (i == 4 &amp;&amp; wildList.indexOf(symbol) != -1): null

2019-08-10 23:43:46 - [TEST_STEP][PASSED] - symbol = symbol: null

2019-08-10 23:43:46 - [TEST_STEP][PASSED] - println(symbol): null

2019-08-10 23:43:46 - [TEST_STEP][PASSED] - if (i == 2 &amp;&amp; wildList.indexOf(symbol) != -1): null

2019-08-10 23:43:46 - [TEST_STEP][PASSED] - if (i == 3 &amp;&amp; wildList.indexOf(symbol) != -1): null

2019-08-10 23:43:46 - [TEST_STEP][PASSED] - if (i == 4 &amp;&amp; wildList.indexOf(symbol) != -1): null

2019-08-10 23:43:46 - [TEST_STEP][PASSED] - symbols = symbols: null

2019-08-10 23:43:46 - [TEST_STEP][PASSED] - for ([j = 0, j &lt; symbols.size(), (j++)]): null

2019-08-10 23:43:46 - [TEST_STEP][PASSED] - symbol = symbol: null

2019-08-10 23:43:46 - [TEST_STEP][PASSED] - println(symbol): null

2019-08-10 23:43:46 - [TEST_STEP][PASSED] - if (i == 2 &amp;&amp; wildList.indexOf(symbol) != -1): null

2019-08-10 23:43:46 - [TEST_STEP][PASSED] - if (i == 3 &amp;&amp; wildList.indexOf(symbol) != -1): null

2019-08-10 23:43:46 - [TEST_STEP][PASSED] - if (i == 4 &amp;&amp; wildList.indexOf(symbol) != -1): null

2019-08-10 23:43:46 - [TEST_STEP][PASSED] - symbol = symbol: null

2019-08-10 23:43:46 - [TEST_STEP][PASSED] - println(symbol): null

2019-08-10 23:43:46 - [TEST_STEP][PASSED] - if (i == 2 &amp;&amp; wildList.indexOf(symbol) != -1): null

2019-08-10 23:43:46 - [TEST_STEP][PASSED] - println("wild found on reel 3, adding counter by 1"): null

2019-08-10 23:43:46 - [TEST_STEP][PASSED] - free_spin_reel_counter[0] = free_spin_reel_counter[0] + 1: null

2019-08-10 23:43:46 - [TEST_STEP][PASSED] - if (i == 3 &amp;&amp; wildList.indexOf(symbol) != -1): null

2019-08-10 23:43:46 - [TEST_STEP][PASSED] - if (i == 4 &amp;&amp; wildList.indexOf(symbol) != -1): null

2019-08-10 23:43:46 - [TEST_STEP][PASSED] - symbol = symbol: null

2019-08-10 23:43:46 - [TEST_STEP][PASSED] - println(symbol): null

2019-08-10 23:43:46 - [TEST_STEP][PASSED] - if (i == 2 &amp;&amp; wildList.indexOf(symbol) != -1): null

2019-08-10 23:43:46 - [TEST_STEP][PASSED] - if (i == 3 &amp;&amp; wildList.indexOf(symbol) != -1): null

2019-08-10 23:43:46 - [TEST_STEP][PASSED] - if (i == 4 &amp;&amp; wildList.indexOf(symbol) != -1): null

2019-08-10 23:43:46 - [TEST_STEP][PASSED] - symbols = symbols: null

2019-08-10 23:43:46 - [TEST_STEP][PASSED] - for ([j = 0, j &lt; symbols.size(), (j++)]): null

2019-08-10 23:43:46 - [TEST_STEP][PASSED] - symbol = symbol: null

2019-08-10 23:43:46 - [TEST_STEP][PASSED] - println(symbol): null

2019-08-10 23:43:46 - [TEST_STEP][PASSED] - if (i == 2 &amp;&amp; wildList.indexOf(symbol) != -1): null

2019-08-10 23:43:46 - [TEST_STEP][PASSED] - if (i == 3 &amp;&amp; wildList.indexOf(symbol) != -1): null

2019-08-10 23:43:46 - [TEST_STEP][PASSED] - if (i == 4 &amp;&amp; wildList.indexOf(symbol) != -1): null

2019-08-10 23:43:46 - [TEST_STEP][PASSED] - symbol = symbol: null

2019-08-10 23:43:46 - [TEST_STEP][PASSED] - println(symbol): null

2019-08-10 23:43:46 - [TEST_STEP][PASSED] - if (i == 2 &amp;&amp; wildList.indexOf(symbol) != -1): null

2019-08-10 23:43:46 - [TEST_STEP][PASSED] - if (i == 3 &amp;&amp; wildList.indexOf(symbol) != -1): null

2019-08-10 23:43:46 - [TEST_STEP][PASSED] - if (i == 4 &amp;&amp; wildList.indexOf(symbol) != -1): null

2019-08-10 23:43:46 - [TEST_STEP][PASSED] - symbol = symbol: null

2019-08-10 23:43:46 - [TEST_STEP][PASSED] - println(symbol): null

2019-08-10 23:43:46 - [TEST_STEP][PASSED] - if (i == 2 &amp;&amp; wildList.indexOf(symbol) != -1): null

2019-08-10 23:43:46 - [TEST_STEP][PASSED] - if (i == 3 &amp;&amp; wildList.indexOf(symbol) != -1): null

2019-08-10 23:43:46 - [TEST_STEP][PASSED] - if (i == 4 &amp;&amp; wildList.indexOf(symbol) != -1): null

2019-08-10 23:43:46 - [TEST_STEP][PASSED] - symbols = symbols: null

2019-08-10 23:43:46 - [TEST_STEP][PASSED] - for ([j = 0, j &lt; symbols.size(), (j++)]): null

2019-08-10 23:43:46 - [TEST_STEP][PASSED] - symbol = symbol: null

2019-08-10 23:43:46 - [TEST_STEP][PASSED] - println(symbol): null

2019-08-10 23:43:46 - [TEST_STEP][PASSED] - if (i == 2 &amp;&amp; wildList.indexOf(symbol) != -1): null

2019-08-10 23:43:46 - [TEST_STEP][PASSED] - if (i == 3 &amp;&amp; wildList.indexOf(symbol) != -1): null

2019-08-10 23:43:46 - [TEST_STEP][PASSED] - if (i == 4 &amp;&amp; wildList.indexOf(symbol) != -1): null

2019-08-10 23:43:46 - [TEST_STEP][PASSED] - symbol = symbol: null

2019-08-10 23:43:46 - [TEST_STEP][PASSED] - println(symbol): null

2019-08-10 23:43:46 - [TEST_STEP][PASSED] - if (i == 2 &amp;&amp; wildList.indexOf(symbol) != -1): null

2019-08-10 23:43:46 - [TEST_STEP][PASSED] - if (i == 3 &amp;&amp; wildList.indexOf(symbol) != -1): null

2019-08-10 23:43:46 - [TEST_STEP][PASSED] - if (i == 4 &amp;&amp; wildList.indexOf(symbol) != -1): null

2019-08-10 23:43:46 - [TEST_STEP][PASSED] - symbol = symbol: null

2019-08-10 23:43:46 - [TEST_STEP][PASSED] - println(symbol): null

2019-08-10 23:43:46 - [TEST_STEP][PASSED] - if (i == 2 &amp;&amp; wildList.indexOf(symbol) != -1): null

2019-08-10 23:43:46 - [TEST_STEP][PASSED] - if (i == 3 &amp;&amp; wildList.indexOf(symbol) != -1): null

2019-08-10 23:43:46 - [TEST_STEP][PASSED] - if (i == 4 &amp;&amp; wildList.indexOf(symbol) != -1): null

2019-08-10 23:43:46 - [TEST_STEP][PASSED] - free_spin_reel_counter = free_spin_reel_counter: null

2019-08-10 23:43:46 - [TEST_STEP][PASSED] - println("reel 3 wild found: " + free_spin_reel_counter[0]): null

2019-08-10 23:43:46 - [TEST_STEP][PASSED] - println("reel 4 wild found: " + free_spin_reel_counter[1]): null

2019-08-10 23:43:46 - [TEST_STEP][PASSED] - println("reel 5 wild found: " + free_spin_reel_counter[2]): null

2019-08-10 23:43:46 - [TEST_STEP][PASSED] - M4_spin_reels = M4_spin_reels: null

2019-08-10 23:43:46 - [TEST_STEP][PASSED] - M4_spin_reels_symbols = symbol: null

2019-08-10 23:43:46 - [TEST_STEP][PASSED] - M4_spin_reels_symbols = M4_spin_reels_symbols: null

2019-08-10 23:43:46 - [TEST_STEP][PASSED] - M4_spin_reel_wins = reel_wins: null

2019-08-10 23:43:46 - [TEST_STEP][PASSED] - M4_spin_reel_wins = M4_spin_reel_wins: null

2019-08-10 23:43:46 - [TEST_STEP][PASSED] - println("GlobalVariable.M4_spin_reel_wins is: " + M4_spin_reel_wins): null

2019-08-10 23:43:46 - [TEST_STEP][PASSED] - M4_spin_total_bonus_win_this_round = total_bonus_win_this_round: null

2019-08-10 23:43:46 - [TEST_STEP][PASSED] - M4_spin_total_bonus_win_this_round = M4_spin_total_bonus_win_this_round: null

2019-08-10 23:43:46 - [TEST_STEP][PASSED] - println("GlobalVariable.M4_spin_total_bonus_win_this_round is: " + M4_spin_total_bonus_win_this_round): null

2019-08-10 23:43:46 - [MESSAGE][PASSED] - Verify response successfully

2019-08-10 23:43:46 - [MESSAGE][PASSED] - Send request and verify the response successfully

2019-08-10 23:43:46 - [TEST_STEP][PASSED] - if (M4_total_bonus_spins_int != 0 &amp;&amp; M4_spin_reels_symbols[2].contains("WILD_ExtraFG") || M4_spin_reels_symbols[3].contains("WILD_ExtraFG")): null

2019-08-10 23:43:46 - [TEST_STEP][PASSED] - free_spin_reel_counter = free_spin_reel_counter: null

2019-08-10 23:43:46 - [TEST_STEP][PASSED] - M4_spin_reels_symbols = M4_spin_reels_symbols: null

2019-08-10 23:43:46 - [TEST_STEP][PASSED] - M4_total_bonus_spins = M4_total_bonus_spins: null

2019-08-10 23:43:46 - [TEST_STEP][PASSED] - spin_result = sendRequestAndVerify(findTestObject("RGS(M4)/1_M4_spin", ["M4_login_user_id":M4_login_user_id, "rgs_session_token":rgs_session_token, "partner":Partner])): Send request and verify the response successfully

2019-08-10 23:43:46 - [TEST_CASE][PASSED] - Start Test Case : Verification: Verification accomplished successfully

2019-08-10 23:43:47 - [TEST_STEP][PASSED] - request = getInstance().getCurrentRequest(): null

2019-08-10 23:43:47 - [TEST_STEP][PASSED] - response = getInstance().getCurrentResponse(): null

2019-08-10 23:43:47 - [TEST_STEP][PASSED] - verifyResponseStatusCode(response, 200): Verify response status code successfully

2019-08-10 23:43:47 - [MESSAGE][PASSED] - Verify response status code successfully

2019-08-10 23:43:47 - [TEST_STEP][PASSED] - getStatusCode()).isEqualTo(200): null

2019-08-10 23:43:47 - [TEST_STEP][PASSED] - newline = System.getProperty("line.separator"): null

2019-08-10 23:43:47 - [TEST_STEP][PASSED] - M4_spin = new groovy.json.JsonSlurper(): null

2019-08-10 23:43:47 - [TEST_STEP][PASSED] - result_M4_spin = M4_spin.parseText(response.getResponseBodyContent()): null

2019-08-10 23:43:47 - [TEST_STEP][PASSED] - M4_spin_current_balance = current_balance: null

2019-08-10 23:43:47 - [TEST_STEP][PASSED] - M4_spin_current_balance = M4_spin_current_balance: null

2019-08-10 23:43:47 - [TEST_STEP][PASSED] - M4_spin_transaction_id = causality: null

2019-08-10 23:43:47 - [TEST_STEP][PASSED] - M4_spin_transaction_id = M4_spin_transaction_id: null

2019-08-10 23:43:47 - [TEST_STEP][PASSED] - M4_spin_round_id = round_id: null

2019-08-10 23:43:47 - [TEST_STEP][PASSED] - M4_spin_round_id = M4_spin_round_id: null

2019-08-10 23:43:47 - [TEST_STEP][PASSED] - M4_spin_line_wins = line_wins: null

2019-08-10 23:43:47 - [TEST_STEP][PASSED] - M4_spin_line_wins = M4_spin_line_wins: null

2019-08-10 23:43:47 - [TEST_STEP][PASSED] - M4_total_bonus_spins_int = total_bonus_spins: null

2019-08-10 23:43:47 - [TEST_STEP][PASSED] - println("******M4_total_bonus_spins type is:*******" + newline + getClass().getName()): null

2019-08-10 23:43:47 - [TEST_STEP][PASSED] - M4_total_bonus_spins_int = M4_total_bonus_spins_int: null

2019-08-10 23:43:47 - [TEST_STEP][PASSED] - M4_total_bonus_spins = Integer.toString(M4_total_bonus_spins_int): null

2019-08-10 23:43:47 - [TEST_STEP][PASSED] - M4_total_bonus_spins = M4_total_bonus_spins: null

2019-08-10 23:43:47 - [TEST_STEP][PASSED] - println("M4_total_bonus_spins is:" + M4_total_bonus_spins): null

2019-08-10 23:43:47 - [TEST_STEP][PASSED] - M4_spin_bonus_data = bonus_data: null

2019-08-10 23:43:47 - [TEST_STEP][PASSED] - M4_spin_features_triggered = result_M4_spin: null

2019-08-10 23:43:47 - [TEST_STEP][PASSED] - wild = []: null

2019-08-10 23:43:47 - [TEST_STEP][PASSED] - wild[0] = "WILD_Expanding": null

2019-08-10 23:43:47 - [TEST_STEP][PASSED] - wild[1] = "WILD_Normal": null

2019-08-10 23:43:47 - [TEST_STEP][PASSED] - wild[2] = "WILD_Double": null

2019-08-10 23:43:47 - [TEST_STEP][PASSED] - wild[3] = "WILD_ExtraFG": null

2019-08-10 23:43:47 - [TEST_STEP][PASSED] - wild[4] = "WILD_Triple": null

2019-08-10 23:43:47 - [TEST_STEP][PASSED] - wildList = Arrays.asList(wild): null

2019-08-10 23:43:47 - [TEST_STEP][PASSED] - wildList = wildList: null

2019-08-10 23:43:47 - [TEST_STEP][PASSED] - free_spin_reel_counter = []: null

2019-08-10 23:43:47 - [TEST_STEP][PASSED] - free_spin_reel_counter[0] = 0: null

2019-08-10 23:43:47 - [TEST_STEP][PASSED] - free_spin_reel_counter[1] = 0: null

2019-08-10 23:43:47 - [TEST_STEP][PASSED] - free_spin_reel_counter[2] = 0: null

2019-08-10 23:43:47 - [TEST_STEP][PASSED] - M4_spin_reels = reels: null

2019-08-10 23:43:47 - [TEST_STEP][PASSED] - for ([i = 0, i &lt; M4_spin_reels.size(), (i++)]): null

2019-08-10 23:43:47 - [TEST_STEP][PASSED] - symbols = symbols: null

2019-08-10 23:43:47 - [TEST_STEP][PASSED] - for ([j = 0, j &lt; symbols.size(), (j++)]): null

2019-08-10 23:43:47 - [TEST_STEP][PASSED] - symbol = symbol: null

2019-08-10 23:43:47 - [TEST_STEP][PASSED] - println(symbol): null

2019-08-10 23:43:47 - [TEST_STEP][PASSED] - if (i == 2 &amp;&amp; wildList.indexOf(symbol) != -1): null

2019-08-10 23:43:47 - [TEST_STEP][PASSED] - if (i == 3 &amp;&amp; wildList.indexOf(symbol) != -1): null

2019-08-10 23:43:47 - [TEST_STEP][PASSED] - if (i == 4 &amp;&amp; wildList.indexOf(symbol) != -1): null

2019-08-10 23:43:47 - [TEST_STEP][PASSED] - symbol = symbol: null

2019-08-10 23:43:47 - [TEST_STEP][PASSED] - println(symbol): null

2019-08-10 23:43:47 - [TEST_STEP][PASSED] - if (i == 2 &amp;&amp; wildList.indexOf(symbol) != -1): null

2019-08-10 23:43:47 - [TEST_STEP][PASSED] - if (i == 3 &amp;&amp; wildList.indexOf(symbol) != -1): null

2019-08-10 23:43:47 - [TEST_STEP][PASSED] - if (i == 4 &amp;&amp; wildList.indexOf(symbol) != -1): null

2019-08-10 23:43:47 - [TEST_STEP][PASSED] - symbol = symbol: null

2019-08-10 23:43:47 - [TEST_STEP][PASSED] - println(symbol): null

2019-08-10 23:43:47 - [TEST_STEP][PASSED] - if (i == 2 &amp;&amp; wildList.indexOf(symbol) != -1): null

2019-08-10 23:43:47 - [TEST_STEP][PASSED] - if (i == 3 &amp;&amp; wildList.indexOf(symbol) != -1): null

2019-08-10 23:43:47 - [TEST_STEP][PASSED] - if (i == 4 &amp;&amp; wildList.indexOf(symbol) != -1): null

2019-08-10 23:43:47 - [TEST_STEP][PASSED] - symbols = symbols: null

2019-08-10 23:43:47 - [TEST_STEP][PASSED] - for ([j = 0, j &lt; symbols.size(), (j++)]): null

2019-08-10 23:43:47 - [TEST_STEP][PASSED] - symbol = symbol: null

2019-08-10 23:43:47 - [TEST_STEP][PASSED] - println(symbol): null

2019-08-10 23:43:47 - [TEST_STEP][PASSED] - if (i == 2 &amp;&amp; wildList.indexOf(symbol) != -1): null

2019-08-10 23:43:47 - [TEST_STEP][PASSED] - if (i == 3 &amp;&amp; wildList.indexOf(symbol) != -1): null

2019-08-10 23:43:47 - [TEST_STEP][PASSED] - if (i == 4 &amp;&amp; wildList.indexOf(symbol) != -1): null

2019-08-10 23:43:47 - [TEST_STEP][PASSED] - symbol = symbol: null

2019-08-10 23:43:47 - [TEST_STEP][PASSED] - println(symbol): null

2019-08-10 23:43:47 - [TEST_STEP][PASSED] - if (i == 2 &amp;&amp; wildList.indexOf(symbol) != -1): null

2019-08-10 23:43:47 - [TEST_STEP][PASSED] - if (i == 3 &amp;&amp; wildList.indexOf(symbol) != -1): null

2019-08-10 23:43:47 - [TEST_STEP][PASSED] - if (i == 4 &amp;&amp; wildList.indexOf(symbol) != -1): null

2019-08-10 23:43:47 - [TEST_STEP][PASSED] - symbol = symbol: null

2019-08-10 23:43:47 - [TEST_STEP][PASSED] - println(symbol): null

2019-08-10 23:43:47 - [TEST_STEP][PASSED] - if (i == 2 &amp;&amp; wildList.indexOf(symbol) != -1): null

2019-08-10 23:43:47 - [TEST_STEP][PASSED] - if (i == 3 &amp;&amp; wildList.indexOf(symbol) != -1): null

2019-08-10 23:43:47 - [TEST_STEP][PASSED] - if (i == 4 &amp;&amp; wildList.indexOf(symbol) != -1): null

2019-08-10 23:43:47 - [TEST_STEP][PASSED] - symbols = symbols: null

2019-08-10 23:43:47 - [TEST_STEP][PASSED] - for ([j = 0, j &lt; symbols.size(), (j++)]): null

2019-08-10 23:43:47 - [TEST_STEP][PASSED] - symbol = symbol: null

2019-08-10 23:43:47 - [TEST_STEP][PASSED] - println(symbol): null

2019-08-10 23:43:47 - [TEST_STEP][PASSED] - if (i == 2 &amp;&amp; wildList.indexOf(symbol) != -1): null

2019-08-10 23:43:47 - [TEST_STEP][PASSED] - if (i == 3 &amp;&amp; wildList.indexOf(symbol) != -1): null

2019-08-10 23:43:47 - [TEST_STEP][PASSED] - if (i == 4 &amp;&amp; wildList.indexOf(symbol) != -1): null

2019-08-10 23:43:47 - [TEST_STEP][PASSED] - symbol = symbol: null

2019-08-10 23:43:47 - [TEST_STEP][PASSED] - println(symbol): null

2019-08-10 23:43:47 - [TEST_STEP][PASSED] - if (i == 2 &amp;&amp; wildList.indexOf(symbol) != -1): null

2019-08-10 23:43:47 - [TEST_STEP][PASSED] - if (i == 3 &amp;&amp; wildList.indexOf(symbol) != -1): null

2019-08-10 23:43:47 - [TEST_STEP][PASSED] - if (i == 4 &amp;&amp; wildList.indexOf(symbol) != -1): null

2019-08-10 23:43:47 - [TEST_STEP][PASSED] - symbol = symbol: null

2019-08-10 23:43:47 - [TEST_STEP][PASSED] - println(symbol): null

2019-08-10 23:43:47 - [TEST_STEP][PASSED] - if (i == 2 &amp;&amp; wildList.indexOf(symbol) != -1): null

2019-08-10 23:43:47 - [TEST_STEP][PASSED] - if (i == 3 &amp;&amp; wildList.indexOf(symbol) != -1): null

2019-08-10 23:43:47 - [TEST_STEP][PASSED] - if (i == 4 &amp;&amp; wildList.indexOf(symbol) != -1): null

2019-08-10 23:43:47 - [TEST_STEP][PASSED] - symbols = symbols: null

2019-08-10 23:43:47 - [TEST_STEP][PASSED] - for ([j = 0, j &lt; symbols.size(), (j++)]): null

2019-08-10 23:43:47 - [TEST_STEP][PASSED] - symbol = symbol: null

2019-08-10 23:43:47 - [TEST_STEP][PASSED] - println(symbol): null

2019-08-10 23:43:47 - [TEST_STEP][PASSED] - if (i == 2 &amp;&amp; wildList.indexOf(symbol) != -1): null

2019-08-10 23:43:47 - [TEST_STEP][PASSED] - if (i == 3 &amp;&amp; wildList.indexOf(symbol) != -1): null

2019-08-10 23:43:47 - [TEST_STEP][PASSED] - if (i == 4 &amp;&amp; wildList.indexOf(symbol) != -1): null

2019-08-10 23:43:47 - [TEST_STEP][PASSED] - symbol = symbol: null

2019-08-10 23:43:47 - [TEST_STEP][PASSED] - println(symbol): null

2019-08-10 23:43:47 - [TEST_STEP][PASSED] - if (i == 2 &amp;&amp; wildList.indexOf(symbol) != -1): null

2019-08-10 23:43:47 - [TEST_STEP][PASSED] - if (i == 3 &amp;&amp; wildList.indexOf(symbol) != -1): null

2019-08-10 23:43:47 - [TEST_STEP][PASSED] - if (i == 4 &amp;&amp; wildList.indexOf(symbol) != -1): null

2019-08-10 23:43:47 - [TEST_STEP][PASSED] - symbol = symbol: null

2019-08-10 23:43:47 - [TEST_STEP][PASSED] - println(symbol): null

2019-08-10 23:43:47 - [TEST_STEP][PASSED] - if (i == 2 &amp;&amp; wildList.indexOf(symbol) != -1): null

2019-08-10 23:43:47 - [TEST_STEP][PASSED] - if (i == 3 &amp;&amp; wildList.indexOf(symbol) != -1): null

2019-08-10 23:43:47 - [TEST_STEP][PASSED] - if (i == 4 &amp;&amp; wildList.indexOf(symbol) != -1): null

2019-08-10 23:43:47 - [TEST_STEP][PASSED] - symbols = symbols: null

2019-08-10 23:43:47 - [TEST_STEP][PASSED] - for ([j = 0, j &lt; symbols.size(), (j++)]): null

2019-08-10 23:43:47 - [TEST_STEP][PASSED] - symbol = symbol: null

2019-08-10 23:43:47 - [TEST_STEP][PASSED] - println(symbol): null

2019-08-10 23:43:47 - [TEST_STEP][PASSED] - if (i == 2 &amp;&amp; wildList.indexOf(symbol) != -1): null

2019-08-10 23:43:47 - [TEST_STEP][PASSED] - if (i == 3 &amp;&amp; wildList.indexOf(symbol) != -1): null

2019-08-10 23:43:47 - [TEST_STEP][PASSED] - if (i == 4 &amp;&amp; wildList.indexOf(symbol) != -1): null

2019-08-10 23:43:47 - [TEST_STEP][PASSED] - symbol = symbol: null

2019-08-10 23:43:47 - [TEST_STEP][PASSED] - println(symbol): null

2019-08-10 23:43:47 - [TEST_STEP][PASSED] - if (i == 2 &amp;&amp; wildList.indexOf(symbol) != -1): null

2019-08-10 23:43:47 - [TEST_STEP][PASSED] - if (i == 3 &amp;&amp; wildList.indexOf(symbol) != -1): null

2019-08-10 23:43:47 - [TEST_STEP][PASSED] - if (i == 4 &amp;&amp; wildList.indexOf(symbol) != -1): null

2019-08-10 23:43:47 - [TEST_STEP][PASSED] - symbol = symbol: null

2019-08-10 23:43:47 - [TEST_STEP][PASSED] - println(symbol): null

2019-08-10 23:43:47 - [TEST_STEP][PASSED] - if (i == 2 &amp;&amp; wildList.indexOf(symbol) != -1): null

2019-08-10 23:43:47 - [TEST_STEP][PASSED] - if (i == 3 &amp;&amp; wildList.indexOf(symbol) != -1): null

2019-08-10 23:43:47 - [TEST_STEP][PASSED] - if (i == 4 &amp;&amp; wildList.indexOf(symbol) != -1): null

2019-08-10 23:43:47 - [TEST_STEP][PASSED] - free_spin_reel_counter = free_spin_reel_counter: null

2019-08-10 23:43:47 - [TEST_STEP][PASSED] - println("reel 3 wild found: " + free_spin_reel_counter[0]): null

2019-08-10 23:43:47 - [TEST_STEP][PASSED] - println("reel 4 wild found: " + free_spin_reel_counter[1]): null

2019-08-10 23:43:47 - [TEST_STEP][PASSED] - println("reel 5 wild found: " + free_spin_reel_counter[2]): null

2019-08-10 23:43:47 - [TEST_STEP][PASSED] - M4_spin_reels = M4_spin_reels: null

2019-08-10 23:43:47 - [TEST_STEP][PASSED] - M4_spin_reels_symbols = symbol: null

2019-08-10 23:43:47 - [TEST_STEP][PASSED] - M4_spin_reels_symbols = M4_spin_reels_symbols: null

2019-08-10 23:43:47 - [TEST_STEP][PASSED] - M4_spin_reel_wins = reel_wins: null

2019-08-10 23:43:47 - [TEST_STEP][PASSED] - M4_spin_reel_wins = M4_spin_reel_wins: null

2019-08-10 23:43:47 - [TEST_STEP][PASSED] - println("GlobalVariable.M4_spin_reel_wins is: " + M4_spin_reel_wins): null

2019-08-10 23:43:47 - [TEST_STEP][PASSED] - M4_spin_total_bonus_win_this_round = total_bonus_win_this_round: null

2019-08-10 23:43:47 - [TEST_STEP][PASSED] - M4_spin_total_bonus_win_this_round = M4_spin_total_bonus_win_this_round: null

2019-08-10 23:43:47 - [TEST_STEP][PASSED] - println("GlobalVariable.M4_spin_total_bonus_win_this_round is: " + M4_spin_total_bonus_win_this_round): null

2019-08-10 23:43:47 - [MESSAGE][PASSED] - Verify response successfully

2019-08-10 23:43:47 - [MESSAGE][PASSED] - Send request and verify the response successfully

2019-08-10 23:43:47 - [TEST_STEP][PASSED] - if (M4_total_bonus_spins_int != 0 &amp;&amp; M4_spin_reels_symbols[2].contains("WILD_ExtraFG") || M4_spin_reels_symbols[3].contains("WILD_ExtraFG")): null

2019-08-10 23:43:47 - [TEST_STEP][PASSED] - free_spin_reel_counter = free_spin_reel_counter: null

2019-08-10 23:43:47 - [TEST_STEP][PASSED] - M4_spin_reels_symbols = M4_spin_reels_symbols: null

2019-08-10 23:43:47 - [TEST_STEP][PASSED] - M4_total_bonus_spins = M4_total_bonus_spins: null

2019-08-10 23:43:47 - [TEST_STEP][PASSED] - spin_result = sendRequestAndVerify(findTestObject("RGS(M4)/1_M4_spin", ["M4_login_user_id":M4_login_user_id, "rgs_session_token":rgs_session_token, "partner":Partner])): Send request and verify the response successfully

2019-08-10 23:43:47 - [TEST_CASE][PASSED] - Start Test Case : Verification: Verification accomplished successfully

2019-08-10 23:43:47 - [TEST_STEP][PASSED] - request = getInstance().getCurrentRequest(): null

2019-08-10 23:43:47 - [TEST_STEP][PASSED] - response = getInstance().getCurrentResponse(): null

2019-08-10 23:43:47 - [TEST_STEP][PASSED] - verifyResponseStatusCode(response, 200): Verify response status code successfully

2019-08-10 23:43:47 - [MESSAGE][PASSED] - Verify response status code successfully

2019-08-10 23:43:47 - [TEST_STEP][PASSED] - getStatusCode()).isEqualTo(200): null

2019-08-10 23:43:47 - [TEST_STEP][PASSED] - newline = System.getProperty("line.separator"): null

2019-08-10 23:43:47 - [TEST_STEP][PASSED] - M4_spin = new groovy.json.JsonSlurper(): null

2019-08-10 23:43:47 - [TEST_STEP][PASSED] - result_M4_spin = M4_spin.parseText(response.getResponseBodyContent()): null

2019-08-10 23:43:47 - [TEST_STEP][PASSED] - M4_spin_current_balance = current_balance: null

2019-08-10 23:43:47 - [TEST_STEP][PASSED] - M4_spin_current_balance = M4_spin_current_balance: null

2019-08-10 23:43:47 - [TEST_STEP][PASSED] - M4_spin_transaction_id = causality: null

2019-08-10 23:43:47 - [TEST_STEP][PASSED] - M4_spin_transaction_id = M4_spin_transaction_id: null

2019-08-10 23:43:47 - [TEST_STEP][PASSED] - M4_spin_round_id = round_id: null

2019-08-10 23:43:47 - [TEST_STEP][PASSED] - M4_spin_round_id = M4_spin_round_id: null

2019-08-10 23:43:47 - [TEST_STEP][PASSED] - M4_spin_line_wins = line_wins: null

2019-08-10 23:43:47 - [TEST_STEP][PASSED] - M4_spin_line_wins = M4_spin_line_wins: null

2019-08-10 23:43:47 - [TEST_STEP][PASSED] - M4_total_bonus_spins_int = total_bonus_spins: null

2019-08-10 23:43:47 - [TEST_STEP][PASSED] - println("******M4_total_bonus_spins type is:*******" + newline + getClass().getName()): null

2019-08-10 23:43:47 - [TEST_STEP][PASSED] - M4_total_bonus_spins_int = M4_total_bonus_spins_int: null

2019-08-10 23:43:47 - [TEST_STEP][PASSED] - M4_total_bonus_spins = Integer.toString(M4_total_bonus_spins_int): null

2019-08-10 23:43:47 - [TEST_STEP][PASSED] - M4_total_bonus_spins = M4_total_bonus_spins: null

2019-08-10 23:43:47 - [TEST_STEP][PASSED] - println("M4_total_bonus_spins is:" + M4_total_bonus_spins): null

2019-08-10 23:43:47 - [TEST_STEP][PASSED] - M4_spin_bonus_data = bonus_data: null

2019-08-10 23:43:47 - [TEST_STEP][PASSED] - M4_spin_features_triggered = result_M4_spin: null

2019-08-10 23:43:47 - [TEST_STEP][PASSED] - wild = []: null

2019-08-10 23:43:47 - [TEST_STEP][PASSED] - wild[0] = "WILD_Expanding": null

2019-08-10 23:43:47 - [TEST_STEP][PASSED] - wild[1] = "WILD_Normal": null

2019-08-10 23:43:47 - [TEST_STEP][PASSED] - wild[2] = "WILD_Double": null

2019-08-10 23:43:47 - [TEST_STEP][PASSED] - wild[3] = "WILD_ExtraFG": null

2019-08-10 23:43:47 - [TEST_STEP][PASSED] - wild[4] = "WILD_Triple": null

2019-08-10 23:43:47 - [TEST_STEP][PASSED] - wildList = Arrays.asList(wild): null

2019-08-10 23:43:47 - [TEST_STEP][PASSED] - wildList = wildList: null

2019-08-10 23:43:47 - [TEST_STEP][PASSED] - free_spin_reel_counter = []: null

2019-08-10 23:43:47 - [TEST_STEP][PASSED] - free_spin_reel_counter[0] = 0: null

2019-08-10 23:43:47 - [TEST_STEP][PASSED] - free_spin_reel_counter[1] = 0: null

2019-08-10 23:43:47 - [TEST_STEP][PASSED] - free_spin_reel_counter[2] = 0: null

2019-08-10 23:43:47 - [TEST_STEP][PASSED] - M4_spin_reels = reels: null

2019-08-10 23:43:47 - [TEST_STEP][PASSED] - for ([i = 0, i &lt; M4_spin_reels.size(), (i++)]): null

2019-08-10 23:43:47 - [TEST_STEP][PASSED] - symbols = symbols: null

2019-08-10 23:43:47 - [TEST_STEP][PASSED] - for ([j = 0, j &lt; symbols.size(), (j++)]): null

2019-08-10 23:43:47 - [TEST_STEP][PASSED] - symbol = symbol: null

2019-08-10 23:43:47 - [TEST_STEP][PASSED] - println(symbol): null

2019-08-10 23:43:47 - [TEST_STEP][PASSED] - if (i == 2 &amp;&amp; wildList.indexOf(symbol) != -1): null

2019-08-10 23:43:47 - [TEST_STEP][PASSED] - if (i == 3 &amp;&amp; wildList.indexOf(symbol) != -1): null

2019-08-10 23:43:47 - [TEST_STEP][PASSED] - if (i == 4 &amp;&amp; wildList.indexOf(symbol) != -1): null

2019-08-10 23:43:47 - [TEST_STEP][PASSED] - symbol = symbol: null

2019-08-10 23:43:47 - [TEST_STEP][PASSED] - println(symbol): null

2019-08-10 23:43:47 - [TEST_STEP][PASSED] - if (i == 2 &amp;&amp; wildList.indexOf(symbol) != -1): null

2019-08-10 23:43:47 - [TEST_STEP][PASSED] - if (i == 3 &amp;&amp; wildList.indexOf(symbol) != -1): null

2019-08-10 23:43:47 - [TEST_STEP][PASSED] - if (i == 4 &amp;&amp; wildList.indexOf(symbol) != -1): null

2019-08-10 23:43:47 - [TEST_STEP][PASSED] - symbol = symbol: null

2019-08-10 23:43:47 - [TEST_STEP][PASSED] - println(symbol): null

2019-08-10 23:43:47 - [TEST_STEP][PASSED] - if (i == 2 &amp;&amp; wildList.indexOf(symbol) != -1): null

2019-08-10 23:43:47 - [TEST_STEP][PASSED] - if (i == 3 &amp;&amp; wildList.indexOf(symbol) != -1): null

2019-08-10 23:43:47 - [TEST_STEP][PASSED] - if (i == 4 &amp;&amp; wildList.indexOf(symbol) != -1): null

2019-08-10 23:43:47 - [TEST_STEP][PASSED] - symbols = symbols: null

2019-08-10 23:43:47 - [TEST_STEP][PASSED] - for ([j = 0, j &lt; symbols.size(), (j++)]): null

2019-08-10 23:43:47 - [TEST_STEP][PASSED] - symbol = symbol: null

2019-08-10 23:43:47 - [TEST_STEP][PASSED] - println(symbol): null

2019-08-10 23:43:47 - [TEST_STEP][PASSED] - if (i == 2 &amp;&amp; wildList.indexOf(symbol) != -1): null

2019-08-10 23:43:47 - [TEST_STEP][PASSED] - if (i == 3 &amp;&amp; wildList.indexOf(symbol) != -1): null

2019-08-10 23:43:47 - [TEST_STEP][PASSED] - if (i == 4 &amp;&amp; wildList.indexOf(symbol) != -1): null

2019-08-10 23:43:47 - [TEST_STEP][PASSED] - symbol = symbol: null

2019-08-10 23:43:47 - [TEST_STEP][PASSED] - println(symbol): null

2019-08-10 23:43:47 - [TEST_STEP][PASSED] - if (i == 2 &amp;&amp; wildList.indexOf(symbol) != -1): null

2019-08-10 23:43:47 - [TEST_STEP][PASSED] - if (i == 3 &amp;&amp; wildList.indexOf(symbol) != -1): null

2019-08-10 23:43:47 - [TEST_STEP][PASSED] - if (i == 4 &amp;&amp; wildList.indexOf(symbol) != -1): null

2019-08-10 23:43:47 - [TEST_STEP][PASSED] - symbol = symbol: null

2019-08-10 23:43:47 - [TEST_STEP][PASSED] - println(symbol): null

2019-08-10 23:43:47 - [TEST_STEP][PASSED] - if (i == 2 &amp;&amp; wildList.indexOf(symbol) != -1): null

2019-08-10 23:43:47 - [TEST_STEP][PASSED] - if (i == 3 &amp;&amp; wildList.indexOf(symbol) != -1): null

2019-08-10 23:43:47 - [TEST_STEP][PASSED] - if (i == 4 &amp;&amp; wildList.indexOf(symbol) != -1): null

2019-08-10 23:43:47 - [TEST_STEP][PASSED] - symbols = symbols: null

2019-08-10 23:43:47 - [TEST_STEP][PASSED] - for ([j = 0, j &lt; symbols.size(), (j++)]): null

2019-08-10 23:43:47 - [TEST_STEP][PASSED] - symbol = symbol: null

2019-08-10 23:43:47 - [TEST_STEP][PASSED] - println(symbol): null

2019-08-10 23:43:47 - [TEST_STEP][PASSED] - if (i == 2 &amp;&amp; wildList.indexOf(symbol) != -1): null

2019-08-10 23:43:47 - [TEST_STEP][PASSED] - if (i == 3 &amp;&amp; wildList.indexOf(symbol) != -1): null

2019-08-10 23:43:47 - [TEST_STEP][PASSED] - if (i == 4 &amp;&amp; wildList.indexOf(symbol) != -1): null

2019-08-10 23:43:47 - [TEST_STEP][PASSED] - symbol = symbol: null

2019-08-10 23:43:47 - [TEST_STEP][PASSED] - println(symbol): null

2019-08-10 23:43:47 - [TEST_STEP][PASSED] - if (i == 2 &amp;&amp; wildList.indexOf(symbol) != -1): null

2019-08-10 23:43:47 - [TEST_STEP][PASSED] - if (i == 3 &amp;&amp; wildList.indexOf(symbol) != -1): null

2019-08-10 23:43:47 - [TEST_STEP][PASSED] - if (i == 4 &amp;&amp; wildList.indexOf(symbol) != -1): null

2019-08-10 23:43:47 - [TEST_STEP][PASSED] - symbol = symbol: null

2019-08-10 23:43:47 - [TEST_STEP][PASSED] - println(symbol): null

2019-08-10 23:43:47 - [TEST_STEP][PASSED] - if (i == 2 &amp;&amp; wildList.indexOf(symbol) != -1): null

2019-08-10 23:43:47 - [TEST_STEP][PASSED] - if (i == 3 &amp;&amp; wildList.indexOf(symbol) != -1): null

2019-08-10 23:43:47 - [TEST_STEP][PASSED] - if (i == 4 &amp;&amp; wildList.indexOf(symbol) != -1): null

2019-08-10 23:43:47 - [TEST_STEP][PASSED] - symbols = symbols: null

2019-08-10 23:43:47 - [TEST_STEP][PASSED] - for ([j = 0, j &lt; symbols.size(), (j++)]): null

2019-08-10 23:43:47 - [TEST_STEP][PASSED] - symbol = symbol: null

2019-08-10 23:43:47 - [TEST_STEP][PASSED] - println(symbol): null

2019-08-10 23:43:47 - [TEST_STEP][PASSED] - if (i == 2 &amp;&amp; wildList.indexOf(symbol) != -1): null

2019-08-10 23:43:47 - [TEST_STEP][PASSED] - if (i == 3 &amp;&amp; wildList.indexOf(symbol) != -1): null

2019-08-10 23:43:47 - [TEST_STEP][PASSED] - if (i == 4 &amp;&amp; wildList.indexOf(symbol) != -1): null

2019-08-10 23:43:47 - [TEST_STEP][PASSED] - symbol = symbol: null

2019-08-10 23:43:47 - [TEST_STEP][PASSED] - println(symbol): null

2019-08-10 23:43:47 - [TEST_STEP][PASSED] - if (i == 2 &amp;&amp; wildList.indexOf(symbol) != -1): null

2019-08-10 23:43:47 - [TEST_STEP][PASSED] - if (i == 3 &amp;&amp; wildList.indexOf(symbol) != -1): null

2019-08-10 23:43:47 - [TEST_STEP][PASSED] - if (i == 4 &amp;&amp; wildList.indexOf(symbol) != -1): null

2019-08-10 23:43:47 - [TEST_STEP][PASSED] - symbol = symbol: null

2019-08-10 23:43:47 - [TEST_STEP][PASSED] - println(symbol): null

2019-08-10 23:43:47 - [TEST_STEP][PASSED] - if (i == 2 &amp;&amp; wildList.indexOf(symbol) != -1): null

2019-08-10 23:43:47 - [TEST_STEP][PASSED] - if (i == 3 &amp;&amp; wildList.indexOf(symbol) != -1): null

2019-08-10 23:43:47 - [TEST_STEP][PASSED] - println("wild found on reel 4, adding counter by 1"): null

2019-08-10 23:43:47 - [TEST_STEP][PASSED] - free_spin_reel_counter[1] = free_spin_reel_counter[1] + 1: null

2019-08-10 23:43:47 - [TEST_STEP][PASSED] - if (i == 4 &amp;&amp; wildList.indexOf(symbol) != -1): null

2019-08-10 23:43:47 - [TEST_STEP][PASSED] - symbols = symbols: null

2019-08-10 23:43:47 - [TEST_STEP][PASSED] - for ([j = 0, j &lt; symbols.size(), (j++)]): null

2019-08-10 23:43:47 - [TEST_STEP][PASSED] - symbol = symbol: null

2019-08-10 23:43:47 - [TEST_STEP][PASSED] - println(symbol): null

2019-08-10 23:43:47 - [TEST_STEP][PASSED] - if (i == 2 &amp;&amp; wildList.indexOf(symbol) != -1): null

2019-08-10 23:43:47 - [TEST_STEP][PASSED] - if (i == 3 &amp;&amp; wildList.indexOf(symbol) != -1): null

2019-08-10 23:43:47 - [TEST_STEP][PASSED] - if (i == 4 &amp;&amp; wildList.indexOf(symbol) != -1): null

2019-08-10 23:43:47 - [TEST_STEP][PASSED] - symbol = symbol: null

2019-08-10 23:43:47 - [TEST_STEP][PASSED] - println(symbol): null

2019-08-10 23:43:47 - [TEST_STEP][PASSED] - if (i == 2 &amp;&amp; wildList.indexOf(symbol) != -1): null

2019-08-10 23:43:47 - [TEST_STEP][PASSED] - if (i == 3 &amp;&amp; wildList.indexOf(symbol) != -1): null

2019-08-10 23:43:47 - [TEST_STEP][PASSED] - if (i == 4 &amp;&amp; wildList.indexOf(symbol) != -1): null

2019-08-10 23:43:47 - [TEST_STEP][PASSED] - symbol = symbol: null

2019-08-10 23:43:47 - [TEST_STEP][PASSED] - println(symbol): null

2019-08-10 23:43:47 - [TEST_STEP][PASSED] - if (i == 2 &amp;&amp; wildList.indexOf(symbol) != -1): null

2019-08-10 23:43:47 - [TEST_STEP][PASSED] - if (i == 3 &amp;&amp; wildList.indexOf(symbol) != -1): null

2019-08-10 23:43:47 - [TEST_STEP][PASSED] - if (i == 4 &amp;&amp; wildList.indexOf(symbol) != -1): null

2019-08-10 23:43:47 - [TEST_STEP][PASSED] - free_spin_reel_counter = free_spin_reel_counter: null

2019-08-10 23:43:47 - [TEST_STEP][PASSED] - println("reel 3 wild found: " + free_spin_reel_counter[0]): null

2019-08-10 23:43:47 - [TEST_STEP][PASSED] - println("reel 4 wild found: " + free_spin_reel_counter[1]): null

2019-08-10 23:43:47 - [TEST_STEP][PASSED] - println("reel 5 wild found: " + free_spin_reel_counter[2]): null

2019-08-10 23:43:47 - [TEST_STEP][PASSED] - M4_spin_reels = M4_spin_reels: null

2019-08-10 23:43:47 - [TEST_STEP][PASSED] - M4_spin_reels_symbols = symbol: null

2019-08-10 23:43:47 - [TEST_STEP][PASSED] - M4_spin_reels_symbols = M4_spin_reels_symbols: null

2019-08-10 23:43:47 - [TEST_STEP][PASSED] - M4_spin_reel_wins = reel_wins: null

2019-08-10 23:43:47 - [TEST_STEP][PASSED] - M4_spin_reel_wins = M4_spin_reel_wins: null

2019-08-10 23:43:47 - [TEST_STEP][PASSED] - println("GlobalVariable.M4_spin_reel_wins is: " + M4_spin_reel_wins): null

2019-08-10 23:43:47 - [TEST_STEP][PASSED] - M4_spin_total_bonus_win_this_round = total_bonus_win_this_round: null

2019-08-10 23:43:47 - [TEST_STEP][PASSED] - M4_spin_total_bonus_win_this_round = M4_spin_total_bonus_win_this_round: null

2019-08-10 23:43:47 - [TEST_STEP][PASSED] - println("GlobalVariable.M4_spin_total_bonus_win_this_round is: " + M4_spin_total_bonus_win_this_round): null

2019-08-10 23:43:47 - [MESSAGE][PASSED] - Verify response successfully

2019-08-10 23:43:47 - [MESSAGE][PASSED] - Send request and verify the response successfully

2019-08-10 23:43:47 - [TEST_STEP][PASSED] - if (M4_total_bonus_spins_int != 0 &amp;&amp; M4_spin_reels_symbols[2].contains("WILD_ExtraFG") || M4_spin_reels_symbols[3].contains("WILD_ExtraFG")): null

2019-08-10 23:43:47 - [TEST_STEP][PASSED] - free_spin_reel_counter = free_spin_reel_counter: null

2019-08-10 23:43:47 - [TEST_STEP][PASSED] - M4_spin_reels_symbols = M4_spin_reels_symbols: null

2019-08-10 23:43:47 - [TEST_STEP][PASSED] - M4_total_bonus_spins = M4_total_bonus_spins: null

2019-08-10 23:43:47 - [TEST_STEP][PASSED] - spin_result = sendRequestAndVerify(findTestObject("RGS(M4)/1_M4_spin", ["M4_login_user_id":M4_login_user_id, "rgs_session_token":rgs_session_token, "partner":Partner])): Send request and verify the response successfully

2019-08-10 23:43:48 - [TEST_CASE][PASSED] - Start Test Case : Verification: Verification accomplished successfully

2019-08-10 23:43:48 - [TEST_STEP][PASSED] - request = getInstance().getCurrentRequest(): null

2019-08-10 23:43:48 - [TEST_STEP][PASSED] - response = getInstance().getCurrentResponse(): null

2019-08-10 23:43:48 - [TEST_STEP][PASSED] - verifyResponseStatusCode(response, 200): Verify response status code successfully

2019-08-10 23:43:48 - [MESSAGE][PASSED] - Verify response status code successfully

2019-08-10 23:43:48 - [TEST_STEP][PASSED] - getStatusCode()).isEqualTo(200): null

2019-08-10 23:43:48 - [TEST_STEP][PASSED] - newline = System.getProperty("line.separator"): null

2019-08-10 23:43:48 - [TEST_STEP][PASSED] - M4_spin = new groovy.json.JsonSlurper(): null

2019-08-10 23:43:48 - [TEST_STEP][PASSED] - result_M4_spin = M4_spin.parseText(response.getResponseBodyContent()): null

2019-08-10 23:43:48 - [TEST_STEP][PASSED] - M4_spin_current_balance = current_balance: null

2019-08-10 23:43:48 - [TEST_STEP][PASSED] - M4_spin_current_balance = M4_spin_current_balance: null

2019-08-10 23:43:48 - [TEST_STEP][PASSED] - M4_spin_transaction_id = causality: null

2019-08-10 23:43:48 - [TEST_STEP][PASSED] - M4_spin_transaction_id = M4_spin_transaction_id: null

2019-08-10 23:43:48 - [TEST_STEP][PASSED] - M4_spin_round_id = round_id: null

2019-08-10 23:43:48 - [TEST_STEP][PASSED] - M4_spin_round_id = M4_spin_round_id: null

2019-08-10 23:43:48 - [TEST_STEP][PASSED] - M4_spin_line_wins = line_wins: null

2019-08-10 23:43:48 - [TEST_STEP][PASSED] - M4_spin_line_wins = M4_spin_line_wins: null

2019-08-10 23:43:48 - [TEST_STEP][PASSED] - M4_total_bonus_spins_int = total_bonus_spins: null

2019-08-10 23:43:48 - [TEST_STEP][PASSED] - println("******M4_total_bonus_spins type is:*******" + newline + getClass().getName()): null

2019-08-10 23:43:48 - [TEST_STEP][PASSED] - M4_total_bonus_spins_int = M4_total_bonus_spins_int: null

2019-08-10 23:43:48 - [TEST_STEP][PASSED] - M4_total_bonus_spins = Integer.toString(M4_total_bonus_spins_int): null

2019-08-10 23:43:48 - [TEST_STEP][PASSED] - M4_total_bonus_spins = M4_total_bonus_spins: null

2019-08-10 23:43:48 - [TEST_STEP][PASSED] - println("M4_total_bonus_spins is:" + M4_total_bonus_spins): null

2019-08-10 23:43:48 - [TEST_STEP][PASSED] - M4_spin_bonus_data = bonus_data: null

2019-08-10 23:43:48 - [TEST_STEP][PASSED] - M4_spin_features_triggered = result_M4_spin: null

2019-08-10 23:43:48 - [TEST_STEP][PASSED] - wild = []: null

2019-08-10 23:43:48 - [TEST_STEP][PASSED] - wild[0] = "WILD_Expanding": null

2019-08-10 23:43:48 - [TEST_STEP][PASSED] - wild[1] = "WILD_Normal": null

2019-08-10 23:43:48 - [TEST_STEP][PASSED] - wild[2] = "WILD_Double": null

2019-08-10 23:43:48 - [TEST_STEP][PASSED] - wild[3] = "WILD_ExtraFG": null

2019-08-10 23:43:48 - [TEST_STEP][PASSED] - wild[4] = "WILD_Triple": null

2019-08-10 23:43:48 - [TEST_STEP][PASSED] - wildList = Arrays.asList(wild): null

2019-08-10 23:43:48 - [TEST_STEP][PASSED] - wildList = wildList: null

2019-08-10 23:43:48 - [TEST_STEP][PASSED] - free_spin_reel_counter = []: null

2019-08-10 23:43:48 - [TEST_STEP][PASSED] - free_spin_reel_counter[0] = 0: null

2019-08-10 23:43:48 - [TEST_STEP][PASSED] - free_spin_reel_counter[1] = 0: null

2019-08-10 23:43:48 - [TEST_STEP][PASSED] - free_spin_reel_counter[2] = 0: null

2019-08-10 23:43:48 - [TEST_STEP][PASSED] - M4_spin_reels = reels: null

2019-08-10 23:43:48 - [TEST_STEP][PASSED] - for ([i = 0, i &lt; M4_spin_reels.size(), (i++)]): null

2019-08-10 23:43:48 - [TEST_STEP][PASSED] - symbols = symbols: null

2019-08-10 23:43:48 - [TEST_STEP][PASSED] - for ([j = 0, j &lt; symbols.size(), (j++)]): null

2019-08-10 23:43:48 - [TEST_STEP][PASSED] - symbol = symbol: null

2019-08-10 23:43:48 - [TEST_STEP][PASSED] - println(symbol): null

2019-08-10 23:43:48 - [TEST_STEP][PASSED] - if (i == 2 &amp;&amp; wildList.indexOf(symbol) != -1): null

2019-08-10 23:43:48 - [TEST_STEP][PASSED] - if (i == 3 &amp;&amp; wildList.indexOf(symbol) != -1): null

2019-08-10 23:43:48 - [TEST_STEP][PASSED] - if (i == 4 &amp;&amp; wildList.indexOf(symbol) != -1): null

2019-08-10 23:43:48 - [TEST_STEP][PASSED] - symbol = symbol: null

2019-08-10 23:43:48 - [TEST_STEP][PASSED] - println(symbol): null

2019-08-10 23:43:48 - [TEST_STEP][PASSED] - if (i == 2 &amp;&amp; wildList.indexOf(symbol) != -1): null

2019-08-10 23:43:48 - [TEST_STEP][PASSED] - if (i == 3 &amp;&amp; wildList.indexOf(symbol) != -1): null

2019-08-10 23:43:48 - [TEST_STEP][PASSED] - if (i == 4 &amp;&amp; wildList.indexOf(symbol) != -1): null

2019-08-10 23:43:48 - [TEST_STEP][PASSED] - symbol = symbol: null

2019-08-10 23:43:48 - [TEST_STEP][PASSED] - println(symbol): null

2019-08-10 23:43:48 - [TEST_STEP][PASSED] - if (i == 2 &amp;&amp; wildList.indexOf(symbol) != -1): null

2019-08-10 23:43:48 - [TEST_STEP][PASSED] - if (i == 3 &amp;&amp; wildList.indexOf(symbol) != -1): null

2019-08-10 23:43:48 - [TEST_STEP][PASSED] - if (i == 4 &amp;&amp; wildList.indexOf(symbol) != -1): null

2019-08-10 23:43:48 - [TEST_STEP][PASSED] - symbols = symbols: null

2019-08-10 23:43:48 - [TEST_STEP][PASSED] - for ([j = 0, j &lt; symbols.size(), (j++)]): null

2019-08-10 23:43:48 - [TEST_STEP][PASSED] - symbol = symbol: null

2019-08-10 23:43:48 - [TEST_STEP][PASSED] - println(symbol): null

2019-08-10 23:43:48 - [TEST_STEP][PASSED] - if (i == 2 &amp;&amp; wildList.indexOf(symbol) != -1): null

2019-08-10 23:43:48 - [TEST_STEP][PASSED] - if (i == 3 &amp;&amp; wildList.indexOf(symbol) != -1): null

2019-08-10 23:43:48 - [TEST_STEP][PASSED] - if (i == 4 &amp;&amp; wildList.indexOf(symbol) != -1): null

2019-08-10 23:43:48 - [TEST_STEP][PASSED] - symbol = symbol: null

2019-08-10 23:43:48 - [TEST_STEP][PASSED] - println(symbol): null

2019-08-10 23:43:48 - [TEST_STEP][PASSED] - if (i == 2 &amp;&amp; wildList.indexOf(symbol) != -1): null

2019-08-10 23:43:48 - [TEST_STEP][PASSED] - if (i == 3 &amp;&amp; wildList.indexOf(symbol) != -1): null

2019-08-10 23:43:48 - [TEST_STEP][PASSED] - if (i == 4 &amp;&amp; wildList.indexOf(symbol) != -1): null

2019-08-10 23:43:48 - [TEST_STEP][PASSED] - symbol = symbol: null

2019-08-10 23:43:48 - [TEST_STEP][PASSED] - println(symbol): null

2019-08-10 23:43:48 - [TEST_STEP][PASSED] - if (i == 2 &amp;&amp; wildList.indexOf(symbol) != -1): null

2019-08-10 23:43:48 - [TEST_STEP][PASSED] - if (i == 3 &amp;&amp; wildList.indexOf(symbol) != -1): null

2019-08-10 23:43:48 - [TEST_STEP][PASSED] - if (i == 4 &amp;&amp; wildList.indexOf(symbol) != -1): null

2019-08-10 23:43:48 - [TEST_STEP][PASSED] - symbols = symbols: null

2019-08-10 23:43:48 - [TEST_STEP][PASSED] - for ([j = 0, j &lt; symbols.size(), (j++)]): null

2019-08-10 23:43:48 - [TEST_STEP][PASSED] - symbol = symbol: null

2019-08-10 23:43:48 - [TEST_STEP][PASSED] - println(symbol): null

2019-08-10 23:43:48 - [TEST_STEP][PASSED] - if (i == 2 &amp;&amp; wildList.indexOf(symbol) != -1): null

2019-08-10 23:43:48 - [TEST_STEP][PASSED] - if (i == 3 &amp;&amp; wildList.indexOf(symbol) != -1): null

2019-08-10 23:43:48 - [TEST_STEP][PASSED] - if (i == 4 &amp;&amp; wildList.indexOf(symbol) != -1): null

2019-08-10 23:43:48 - [TEST_STEP][PASSED] - symbol = symbol: null

2019-08-10 23:43:48 - [TEST_STEP][PASSED] - println(symbol): null

2019-08-10 23:43:48 - [TEST_STEP][PASSED] - if (i == 2 &amp;&amp; wildList.indexOf(symbol) != -1): null

2019-08-10 23:43:48 - [TEST_STEP][PASSED] - if (i == 3 &amp;&amp; wildList.indexOf(symbol) != -1): null

2019-08-10 23:43:48 - [TEST_STEP][PASSED] - if (i == 4 &amp;&amp; wildList.indexOf(symbol) != -1): null

2019-08-10 23:43:48 - [TEST_STEP][PASSED] - symbol = symbol: null

2019-08-10 23:43:48 - [TEST_STEP][PASSED] - println(symbol): null

2019-08-10 23:43:48 - [TEST_STEP][PASSED] - if (i == 2 &amp;&amp; wildList.indexOf(symbol) != -1): null

2019-08-10 23:43:48 - [TEST_STEP][PASSED] - if (i == 3 &amp;&amp; wildList.indexOf(symbol) != -1): null

2019-08-10 23:43:48 - [TEST_STEP][PASSED] - if (i == 4 &amp;&amp; wildList.indexOf(symbol) != -1): null

2019-08-10 23:43:48 - [TEST_STEP][PASSED] - symbols = symbols: null

2019-08-10 23:43:48 - [TEST_STEP][PASSED] - for ([j = 0, j &lt; symbols.size(), (j++)]): null

2019-08-10 23:43:48 - [TEST_STEP][PASSED] - symbol = symbol: null

2019-08-10 23:43:48 - [TEST_STEP][PASSED] - println(symbol): null

2019-08-10 23:43:48 - [TEST_STEP][PASSED] - if (i == 2 &amp;&amp; wildList.indexOf(symbol) != -1): null

2019-08-10 23:43:48 - [TEST_STEP][PASSED] - if (i == 3 &amp;&amp; wildList.indexOf(symbol) != -1): null

2019-08-10 23:43:48 - [TEST_STEP][PASSED] - if (i == 4 &amp;&amp; wildList.indexOf(symbol) != -1): null

2019-08-10 23:43:48 - [TEST_STEP][PASSED] - symbol = symbol: null

2019-08-10 23:43:48 - [TEST_STEP][PASSED] - println(symbol): null

2019-08-10 23:43:48 - [TEST_STEP][PASSED] - if (i == 2 &amp;&amp; wildList.indexOf(symbol) != -1): null

2019-08-10 23:43:48 - [TEST_STEP][PASSED] - if (i == 3 &amp;&amp; wildList.indexOf(symbol) != -1): null

2019-08-10 23:43:48 - [TEST_STEP][PASSED] - if (i == 4 &amp;&amp; wildList.indexOf(symbol) != -1): null

2019-08-10 23:43:48 - [TEST_STEP][PASSED] - symbol = symbol: null

2019-08-10 23:43:48 - [TEST_STEP][PASSED] - println(symbol): null

2019-08-10 23:43:48 - [TEST_STEP][PASSED] - if (i == 2 &amp;&amp; wildList.indexOf(symbol) != -1): null

2019-08-10 23:43:48 - [TEST_STEP][PASSED] - if (i == 3 &amp;&amp; wildList.indexOf(symbol) != -1): null

2019-08-10 23:43:48 - [TEST_STEP][PASSED] - if (i == 4 &amp;&amp; wildList.indexOf(symbol) != -1): null

2019-08-10 23:43:48 - [TEST_STEP][PASSED] - symbols = symbols: null

2019-08-10 23:43:48 - [TEST_STEP][PASSED] - for ([j = 0, j &lt; symbols.size(), (j++)]): null

2019-08-10 23:43:48 - [TEST_STEP][PASSED] - symbol = symbol: null

2019-08-10 23:43:48 - [TEST_STEP][PASSED] - println(symbol): null

2019-08-10 23:43:48 - [TEST_STEP][PASSED] - if (i == 2 &amp;&amp; wildList.indexOf(symbol) != -1): null

2019-08-10 23:43:48 - [TEST_STEP][PASSED] - if (i == 3 &amp;&amp; wildList.indexOf(symbol) != -1): null

2019-08-10 23:43:48 - [TEST_STEP][PASSED] - if (i == 4 &amp;&amp; wildList.indexOf(symbol) != -1): null

2019-08-10 23:43:48 - [TEST_STEP][PASSED] - symbol = symbol: null

2019-08-10 23:43:48 - [TEST_STEP][PASSED] - println(symbol): null

2019-08-10 23:43:48 - [TEST_STEP][PASSED] - if (i == 2 &amp;&amp; wildList.indexOf(symbol) != -1): null

2019-08-10 23:43:48 - [TEST_STEP][PASSED] - if (i == 3 &amp;&amp; wildList.indexOf(symbol) != -1): null

2019-08-10 23:43:48 - [TEST_STEP][PASSED] - if (i == 4 &amp;&amp; wildList.indexOf(symbol) != -1): null

2019-08-10 23:43:48 - [TEST_STEP][PASSED] - symbol = symbol: null

2019-08-10 23:43:48 - [TEST_STEP][PASSED] - println(symbol): null

2019-08-10 23:43:48 - [TEST_STEP][PASSED] - if (i == 2 &amp;&amp; wildList.indexOf(symbol) != -1): null

2019-08-10 23:43:48 - [TEST_STEP][PASSED] - if (i == 3 &amp;&amp; wildList.indexOf(symbol) != -1): null

2019-08-10 23:43:48 - [TEST_STEP][PASSED] - if (i == 4 &amp;&amp; wildList.indexOf(symbol) != -1): null

2019-08-10 23:43:48 - [TEST_STEP][PASSED] - free_spin_reel_counter = free_spin_reel_counter: null

2019-08-10 23:43:48 - [TEST_STEP][PASSED] - println("reel 3 wild found: " + free_spin_reel_counter[0]): null

2019-08-10 23:43:48 - [TEST_STEP][PASSED] - println("reel 4 wild found: " + free_spin_reel_counter[1]): null

2019-08-10 23:43:48 - [TEST_STEP][PASSED] - println("reel 5 wild found: " + free_spin_reel_counter[2]): null

2019-08-10 23:43:48 - [TEST_STEP][PASSED] - M4_spin_reels = M4_spin_reels: null

2019-08-10 23:43:48 - [TEST_STEP][PASSED] - M4_spin_reels_symbols = symbol: null

2019-08-10 23:43:48 - [TEST_STEP][PASSED] - M4_spin_reels_symbols = M4_spin_reels_symbols: null

2019-08-10 23:43:48 - [TEST_STEP][PASSED] - M4_spin_reel_wins = reel_wins: null

2019-08-10 23:43:48 - [TEST_STEP][PASSED] - M4_spin_reel_wins = M4_spin_reel_wins: null

2019-08-10 23:43:48 - [TEST_STEP][PASSED] - println("GlobalVariable.M4_spin_reel_wins is: " + M4_spin_reel_wins): null

2019-08-10 23:43:48 - [TEST_STEP][PASSED] - M4_spin_total_bonus_win_this_round = total_bonus_win_this_round: null

2019-08-10 23:43:48 - [TEST_STEP][PASSED] - M4_spin_total_bonus_win_this_round = M4_spin_total_bonus_win_this_round: null

2019-08-10 23:43:48 - [TEST_STEP][PASSED] - println("GlobalVariable.M4_spin_total_bonus_win_this_round is: " + M4_spin_total_bonus_win_this_round): null

2019-08-10 23:43:48 - [MESSAGE][PASSED] - Verify response successfully

2019-08-10 23:43:48 - [MESSAGE][PASSED] - Send request and verify the response successfully

2019-08-10 23:43:48 - [TEST_STEP][PASSED] - if (M4_total_bonus_spins_int != 0 &amp;&amp; M4_spin_reels_symbols[2].contains("WILD_ExtraFG") || M4_spin_reels_symbols[3].contains("WILD_ExtraFG")): null

2019-08-10 23:43:48 - [TEST_STEP][PASSED] - free_spin_reel_counter = free_spin_reel_counter: null

2019-08-10 23:43:48 - [TEST_STEP][PASSED] - M4_spin_reels_symbols = M4_spin_reels_symbols: null

2019-08-10 23:43:48 - [TEST_STEP][PASSED] - M4_total_bonus_spins = M4_total_bonus_spins: null

2019-08-10 23:43:48 - [TEST_STEP][PASSED] - spin_result = sendRequestAndVerify(findTestObject("RGS(M4)/1_M4_spin", ["M4_login_user_id":M4_login_user_id, "rgs_session_token":rgs_session_token, "partner":Partner])): Send request and verify the response successfully

2019-08-10 23:43:48 - [TEST_CASE][PASSED] - Start Test Case : Verification: Verification accomplished successfully

2019-08-10 23:43:49 - [TEST_STEP][PASSED] - request = getInstance().getCurrentRequest(): null

2019-08-10 23:43:49 - [TEST_STEP][PASSED] - response = getInstance().getCurrentResponse(): null

2019-08-10 23:43:49 - [TEST_STEP][PASSED] - verifyResponseStatusCode(response, 200): Verify response status code successfully

2019-08-10 23:43:49 - [MESSAGE][PASSED] - Verify response status code successfully

2019-08-10 23:43:49 - [TEST_STEP][PASSED] - getStatusCode()).isEqualTo(200): null

2019-08-10 23:43:49 - [TEST_STEP][PASSED] - newline = System.getProperty("line.separator"): null

2019-08-10 23:43:49 - [TEST_STEP][PASSED] - M4_spin = new groovy.json.JsonSlurper(): null

2019-08-10 23:43:49 - [TEST_STEP][PASSED] - result_M4_spin = M4_spin.parseText(response.getResponseBodyContent()): null

2019-08-10 23:43:49 - [TEST_STEP][PASSED] - M4_spin_current_balance = current_balance: null

2019-08-10 23:43:49 - [TEST_STEP][PASSED] - M4_spin_current_balance = M4_spin_current_balance: null

2019-08-10 23:43:49 - [TEST_STEP][PASSED] - M4_spin_transaction_id = causality: null

2019-08-10 23:43:49 - [TEST_STEP][PASSED] - M4_spin_transaction_id = M4_spin_transaction_id: null

2019-08-10 23:43:49 - [TEST_STEP][PASSED] - M4_spin_round_id = round_id: null

2019-08-10 23:43:49 - [TEST_STEP][PASSED] - M4_spin_round_id = M4_spin_round_id: null

2019-08-10 23:43:49 - [TEST_STEP][PASSED] - M4_spin_line_wins = line_wins: null

2019-08-10 23:43:49 - [TEST_STEP][PASSED] - M4_spin_line_wins = M4_spin_line_wins: null

2019-08-10 23:43:49 - [TEST_STEP][PASSED] - M4_total_bonus_spins_int = total_bonus_spins: null

2019-08-10 23:43:49 - [TEST_STEP][PASSED] - println("******M4_total_bonus_spins type is:*******" + newline + getClass().getName()): null

2019-08-10 23:43:49 - [TEST_STEP][PASSED] - M4_total_bonus_spins_int = M4_total_bonus_spins_int: null

2019-08-10 23:43:49 - [TEST_STEP][PASSED] - M4_total_bonus_spins = Integer.toString(M4_total_bonus_spins_int): null

2019-08-10 23:43:49 - [TEST_STEP][PASSED] - M4_total_bonus_spins = M4_total_bonus_spins: null

2019-08-10 23:43:49 - [TEST_STEP][PASSED] - println("M4_total_bonus_spins is:" + M4_total_bonus_spins): null

2019-08-10 23:43:49 - [TEST_STEP][PASSED] - M4_spin_bonus_data = bonus_data: null

2019-08-10 23:43:49 - [TEST_STEP][PASSED] - M4_spin_features_triggered = result_M4_spin: null

2019-08-10 23:43:49 - [TEST_STEP][PASSED] - wild = []: null

2019-08-10 23:43:49 - [TEST_STEP][PASSED] - wild[0] = "WILD_Expanding": null

2019-08-10 23:43:49 - [TEST_STEP][PASSED] - wild[1] = "WILD_Normal": null

2019-08-10 23:43:49 - [TEST_STEP][PASSED] - wild[2] = "WILD_Double": null

2019-08-10 23:43:49 - [TEST_STEP][PASSED] - wild[3] = "WILD_ExtraFG": null

2019-08-10 23:43:49 - [TEST_STEP][PASSED] - wild[4] = "WILD_Triple": null

2019-08-10 23:43:49 - [TEST_STEP][PASSED] - wildList = Arrays.asList(wild): null

2019-08-10 23:43:49 - [TEST_STEP][PASSED] - wildList = wildList: null

2019-08-10 23:43:49 - [TEST_STEP][PASSED] - free_spin_reel_counter = []: null

2019-08-10 23:43:49 - [TEST_STEP][PASSED] - free_spin_reel_counter[0] = 0: null

2019-08-10 23:43:49 - [TEST_STEP][PASSED] - free_spin_reel_counter[1] = 0: null

2019-08-10 23:43:49 - [TEST_STEP][PASSED] - free_spin_reel_counter[2] = 0: null

2019-08-10 23:43:49 - [TEST_STEP][PASSED] - M4_spin_reels = reels: null

2019-08-10 23:43:49 - [TEST_STEP][PASSED] - for ([i = 0, i &lt; M4_spin_reels.size(), (i++)]): null

2019-08-10 23:43:49 - [TEST_STEP][PASSED] - symbols = symbols: null

2019-08-10 23:43:49 - [TEST_STEP][PASSED] - for ([j = 0, j &lt; symbols.size(), (j++)]): null

2019-08-10 23:43:49 - [TEST_STEP][PASSED] - symbol = symbol: null

2019-08-10 23:43:49 - [TEST_STEP][PASSED] - println(symbol): null

2019-08-10 23:43:49 - [TEST_STEP][PASSED] - if (i == 2 &amp;&amp; wildList.indexOf(symbol) != -1): null

2019-08-10 23:43:49 - [TEST_STEP][PASSED] - if (i == 3 &amp;&amp; wildList.indexOf(symbol) != -1): null

2019-08-10 23:43:49 - [TEST_STEP][PASSED] - if (i == 4 &amp;&amp; wildList.indexOf(symbol) != -1): null

2019-08-10 23:43:49 - [TEST_STEP][PASSED] - symbol = symbol: null

2019-08-10 23:43:49 - [TEST_STEP][PASSED] - println(symbol): null

2019-08-10 23:43:49 - [TEST_STEP][PASSED] - if (i == 2 &amp;&amp; wildList.indexOf(symbol) != -1): null

2019-08-10 23:43:49 - [TEST_STEP][PASSED] - if (i == 3 &amp;&amp; wildList.indexOf(symbol) != -1): null

2019-08-10 23:43:49 - [TEST_STEP][PASSED] - if (i == 4 &amp;&amp; wildList.indexOf(symbol) != -1): null

2019-08-10 23:43:49 - [TEST_STEP][PASSED] - symbol = symbol: null

2019-08-10 23:43:49 - [TEST_STEP][PASSED] - println(symbol): null

2019-08-10 23:43:49 - [TEST_STEP][PASSED] - if (i == 2 &amp;&amp; wildList.indexOf(symbol) != -1): null

2019-08-10 23:43:49 - [TEST_STEP][PASSED] - if (i == 3 &amp;&amp; wildList.indexOf(symbol) != -1): null

2019-08-10 23:43:49 - [TEST_STEP][PASSED] - if (i == 4 &amp;&amp; wildList.indexOf(symbol) != -1): null

2019-08-10 23:43:49 - [TEST_STEP][PASSED] - symbols = symbols: null

2019-08-10 23:43:49 - [TEST_STEP][PASSED] - for ([j = 0, j &lt; symbols.size(), (j++)]): null

2019-08-10 23:43:49 - [TEST_STEP][PASSED] - symbol = symbol: null

2019-08-10 23:43:49 - [TEST_STEP][PASSED] - println(symbol): null

2019-08-10 23:43:49 - [TEST_STEP][PASSED] - if (i == 2 &amp;&amp; wildList.indexOf(symbol) != -1): null

2019-08-10 23:43:49 - [TEST_STEP][PASSED] - if (i == 3 &amp;&amp; wildList.indexOf(symbol) != -1): null

2019-08-10 23:43:49 - [TEST_STEP][PASSED] - if (i == 4 &amp;&amp; wildList.indexOf(symbol) != -1): null

2019-08-10 23:43:49 - [TEST_STEP][PASSED] - symbol = symbol: null

2019-08-10 23:43:49 - [TEST_STEP][PASSED] - println(symbol): null

2019-08-10 23:43:49 - [TEST_STEP][PASSED] - if (i == 2 &amp;&amp; wildList.indexOf(symbol) != -1): null

2019-08-10 23:43:49 - [TEST_STEP][PASSED] - if (i == 3 &amp;&amp; wildList.indexOf(symbol) != -1): null

2019-08-10 23:43:49 - [TEST_STEP][PASSED] - if (i == 4 &amp;&amp; wildList.indexOf(symbol) != -1): null

2019-08-10 23:43:49 - [TEST_STEP][PASSED] - symbol = symbol: null

2019-08-10 23:43:49 - [TEST_STEP][PASSED] - println(symbol): null

2019-08-10 23:43:49 - [TEST_STEP][PASSED] - if (i == 2 &amp;&amp; wildList.indexOf(symbol) != -1): null

2019-08-10 23:43:49 - [TEST_STEP][PASSED] - if (i == 3 &amp;&amp; wildList.indexOf(symbol) != -1): null

2019-08-10 23:43:49 - [TEST_STEP][PASSED] - if (i == 4 &amp;&amp; wildList.indexOf(symbol) != -1): null

2019-08-10 23:43:49 - [TEST_STEP][PASSED] - symbols = symbols: null

2019-08-10 23:43:49 - [TEST_STEP][PASSED] - for ([j = 0, j &lt; symbols.size(), (j++)]): null

2019-08-10 23:43:49 - [TEST_STEP][PASSED] - symbol = symbol: null

2019-08-10 23:43:49 - [TEST_STEP][PASSED] - println(symbol): null

2019-08-10 23:43:49 - [TEST_STEP][PASSED] - if (i == 2 &amp;&amp; wildList.indexOf(symbol) != -1): null

2019-08-10 23:43:49 - [TEST_STEP][PASSED] - if (i == 3 &amp;&amp; wildList.indexOf(symbol) != -1): null

2019-08-10 23:43:49 - [TEST_STEP][PASSED] - if (i == 4 &amp;&amp; wildList.indexOf(symbol) != -1): null

2019-08-10 23:43:49 - [TEST_STEP][PASSED] - symbol = symbol: null

2019-08-10 23:43:49 - [TEST_STEP][PASSED] - println(symbol): null

2019-08-10 23:43:49 - [TEST_STEP][PASSED] - if (i == 2 &amp;&amp; wildList.indexOf(symbol) != -1): null

2019-08-10 23:43:49 - [TEST_STEP][PASSED] - if (i == 3 &amp;&amp; wildList.indexOf(symbol) != -1): null

2019-08-10 23:43:49 - [TEST_STEP][PASSED] - if (i == 4 &amp;&amp; wildList.indexOf(symbol) != -1): null

2019-08-10 23:43:49 - [TEST_STEP][PASSED] - symbol = symbol: null

2019-08-10 23:43:49 - [TEST_STEP][PASSED] - println(symbol): null

2019-08-10 23:43:49 - [TEST_STEP][PASSED] - if (i == 2 &amp;&amp; wildList.indexOf(symbol) != -1): null

2019-08-10 23:43:49 - [TEST_STEP][PASSED] - if (i == 3 &amp;&amp; wildList.indexOf(symbol) != -1): null

2019-08-10 23:43:49 - [TEST_STEP][PASSED] - if (i == 4 &amp;&amp; wildList.indexOf(symbol) != -1): null

2019-08-10 23:43:49 - [TEST_STEP][PASSED] - symbols = symbols: null

2019-08-10 23:43:49 - [TEST_STEP][PASSED] - for ([j = 0, j &lt; symbols.size(), (j++)]): null

2019-08-10 23:43:49 - [TEST_STEP][PASSED] - symbol = symbol: null

2019-08-10 23:43:49 - [TEST_STEP][PASSED] - println(symbol): null

2019-08-10 23:43:49 - [TEST_STEP][PASSED] - if (i == 2 &amp;&amp; wildList.indexOf(symbol) != -1): null

2019-08-10 23:43:49 - [TEST_STEP][PASSED] - if (i == 3 &amp;&amp; wildList.indexOf(symbol) != -1): null

2019-08-10 23:43:49 - [TEST_STEP][PASSED] - if (i == 4 &amp;&amp; wildList.indexOf(symbol) != -1): null

2019-08-10 23:43:49 - [TEST_STEP][PASSED] - symbol = symbol: null

2019-08-10 23:43:49 - [TEST_STEP][PASSED] - println(symbol): null

2019-08-10 23:43:49 - [TEST_STEP][PASSED] - if (i == 2 &amp;&amp; wildList.indexOf(symbol) != -1): null

2019-08-10 23:43:49 - [TEST_STEP][PASSED] - if (i == 3 &amp;&amp; wildList.indexOf(symbol) != -1): null

2019-08-10 23:43:49 - [TEST_STEP][PASSED] - if (i == 4 &amp;&amp; wildList.indexOf(symbol) != -1): null

2019-08-10 23:43:49 - [TEST_STEP][PASSED] - symbol = symbol: null

2019-08-10 23:43:49 - [TEST_STEP][PASSED] - println(symbol): null

2019-08-10 23:43:49 - [TEST_STEP][PASSED] - if (i == 2 &amp;&amp; wildList.indexOf(symbol) != -1): null

2019-08-10 23:43:49 - [TEST_STEP][PASSED] - if (i == 3 &amp;&amp; wildList.indexOf(symbol) != -1): null

2019-08-10 23:43:49 - [TEST_STEP][PASSED] - if (i == 4 &amp;&amp; wildList.indexOf(symbol) != -1): null

2019-08-10 23:43:49 - [TEST_STEP][PASSED] - symbols = symbols: null

2019-08-10 23:43:49 - [TEST_STEP][PASSED] - for ([j = 0, j &lt; symbols.size(), (j++)]): null

2019-08-10 23:43:49 - [TEST_STEP][PASSED] - symbol = symbol: null

2019-08-10 23:43:49 - [TEST_STEP][PASSED] - println(symbol): null

2019-08-10 23:43:49 - [TEST_STEP][PASSED] - if (i == 2 &amp;&amp; wildList.indexOf(symbol) != -1): null

2019-08-10 23:43:49 - [TEST_STEP][PASSED] - if (i == 3 &amp;&amp; wildList.indexOf(symbol) != -1): null

2019-08-10 23:43:49 - [TEST_STEP][PASSED] - if (i == 4 &amp;&amp; wildList.indexOf(symbol) != -1): null

2019-08-10 23:43:49 - [TEST_STEP][PASSED] - symbol = symbol: null

2019-08-10 23:43:49 - [TEST_STEP][PASSED] - println(symbol): null

2019-08-10 23:43:49 - [TEST_STEP][PASSED] - if (i == 2 &amp;&amp; wildList.indexOf(symbol) != -1): null

2019-08-10 23:43:49 - [TEST_STEP][PASSED] - if (i == 3 &amp;&amp; wildList.indexOf(symbol) != -1): null

2019-08-10 23:43:49 - [TEST_STEP][PASSED] - if (i == 4 &amp;&amp; wildList.indexOf(symbol) != -1): null

2019-08-10 23:43:49 - [TEST_STEP][PASSED] - symbol = symbol: null

2019-08-10 23:43:49 - [TEST_STEP][PASSED] - println(symbol): null

2019-08-10 23:43:49 - [TEST_STEP][PASSED] - if (i == 2 &amp;&amp; wildList.indexOf(symbol) != -1): null

2019-08-10 23:43:49 - [TEST_STEP][PASSED] - if (i == 3 &amp;&amp; wildList.indexOf(symbol) != -1): null

2019-08-10 23:43:49 - [TEST_STEP][PASSED] - if (i == 4 &amp;&amp; wildList.indexOf(symbol) != -1): null

2019-08-10 23:43:49 - [TEST_STEP][PASSED] - free_spin_reel_counter = free_spin_reel_counter: null

2019-08-10 23:43:49 - [TEST_STEP][PASSED] - println("reel 3 wild found: " + free_spin_reel_counter[0]): null

2019-08-10 23:43:49 - [TEST_STEP][PASSED] - println("reel 4 wild found: " + free_spin_reel_counter[1]): null

2019-08-10 23:43:49 - [TEST_STEP][PASSED] - println("reel 5 wild found: " + free_spin_reel_counter[2]): null

2019-08-10 23:43:49 - [TEST_STEP][PASSED] - M4_spin_reels = M4_spin_reels: null

2019-08-10 23:43:49 - [TEST_STEP][PASSED] - M4_spin_reels_symbols = symbol: null

2019-08-10 23:43:49 - [TEST_STEP][PASSED] - M4_spin_reels_symbols = M4_spin_reels_symbols: null

2019-08-10 23:43:49 - [TEST_STEP][PASSED] - M4_spin_reel_wins = reel_wins: null

2019-08-10 23:43:49 - [TEST_STEP][PASSED] - M4_spin_reel_wins = M4_spin_reel_wins: null

2019-08-10 23:43:49 - [TEST_STEP][PASSED] - println("GlobalVariable.M4_spin_reel_wins is: " + M4_spin_reel_wins): null

2019-08-10 23:43:49 - [TEST_STEP][PASSED] - M4_spin_total_bonus_win_this_round = total_bonus_win_this_round: null

2019-08-10 23:43:49 - [TEST_STEP][PASSED] - M4_spin_total_bonus_win_this_round = M4_spin_total_bonus_win_this_round: null

2019-08-10 23:43:49 - [TEST_STEP][PASSED] - println("GlobalVariable.M4_spin_total_bonus_win_this_round is: " + M4_spin_total_bonus_win_this_round): null

2019-08-10 23:43:49 - [MESSAGE][PASSED] - Verify response successfully

2019-08-10 23:43:49 - [MESSAGE][PASSED] - Send request and verify the response successfully

2019-08-10 23:43:49 - [TEST_STEP][PASSED] - if (M4_total_bonus_spins_int != 0 &amp;&amp; M4_spin_reels_symbols[2].contains("WILD_ExtraFG") || M4_spin_reels_symbols[3].contains("WILD_ExtraFG")): null

2019-08-10 23:43:49 - [TEST_STEP][PASSED] - free_spin_reel_counter = free_spin_reel_counter: null

2019-08-10 23:43:49 - [TEST_STEP][PASSED] - M4_spin_reels_symbols = M4_spin_reels_symbols: null

2019-08-10 23:43:49 - [TEST_STEP][PASSED] - M4_total_bonus_spins = M4_total_bonus_spins: null

2019-08-10 23:43:49 - [TEST_STEP][PASSED] - spin_result = sendRequestAndVerify(findTestObject("RGS(M4)/1_M4_spin", ["M4_login_user_id":M4_login_user_id, "rgs_session_token":rgs_session_token, "partner":Partner])): Send request and verify the response successfully

2019-08-10 23:43:49 - [TEST_CASE][PASSED] - Start Test Case : Verification: Verification accomplished successfully

2019-08-10 23:43:49 - [TEST_STEP][PASSED] - request = getInstance().getCurrentRequest(): null

2019-08-10 23:43:50 - [TEST_STEP][PASSED] - response = getInstance().getCurrentResponse(): null

2019-08-10 23:43:50 - [TEST_STEP][PASSED] - verifyResponseStatusCode(response, 200): Verify response status code successfully

2019-08-10 23:43:50 - [MESSAGE][PASSED] - Verify response status code successfully

2019-08-10 23:43:50 - [TEST_STEP][PASSED] - getStatusCode()).isEqualTo(200): null

2019-08-10 23:43:50 - [TEST_STEP][PASSED] - newline = System.getProperty("line.separator"): null

2019-08-10 23:43:50 - [TEST_STEP][PASSED] - M4_spin = new groovy.json.JsonSlurper(): null

2019-08-10 23:43:50 - [TEST_STEP][PASSED] - result_M4_spin = M4_spin.parseText(response.getResponseBodyContent()): null

2019-08-10 23:43:50 - [TEST_STEP][PASSED] - M4_spin_current_balance = current_balance: null

2019-08-10 23:43:50 - [TEST_STEP][PASSED] - M4_spin_current_balance = M4_spin_current_balance: null

2019-08-10 23:43:50 - [TEST_STEP][PASSED] - M4_spin_transaction_id = causality: null

2019-08-10 23:43:50 - [TEST_STEP][PASSED] - M4_spin_transaction_id = M4_spin_transaction_id: null

2019-08-10 23:43:50 - [TEST_STEP][PASSED] - M4_spin_round_id = round_id: null

2019-08-10 23:43:50 - [TEST_STEP][PASSED] - M4_spin_round_id = M4_spin_round_id: null

2019-08-10 23:43:50 - [TEST_STEP][PASSED] - M4_spin_line_wins = line_wins: null

2019-08-10 23:43:50 - [TEST_STEP][PASSED] - M4_spin_line_wins = M4_spin_line_wins: null

2019-08-10 23:43:50 - [TEST_STEP][PASSED] - M4_total_bonus_spins_int = total_bonus_spins: null

2019-08-10 23:43:50 - [TEST_STEP][PASSED] - println("******M4_total_bonus_spins type is:*******" + newline + getClass().getName()): null

2019-08-10 23:43:50 - [TEST_STEP][PASSED] - M4_total_bonus_spins_int = M4_total_bonus_spins_int: null

2019-08-10 23:43:50 - [TEST_STEP][PASSED] - M4_total_bonus_spins = Integer.toString(M4_total_bonus_spins_int): null

2019-08-10 23:43:50 - [TEST_STEP][PASSED] - M4_total_bonus_spins = M4_total_bonus_spins: null

2019-08-10 23:43:50 - [TEST_STEP][PASSED] - println("M4_total_bonus_spins is:" + M4_total_bonus_spins): null

2019-08-10 23:43:50 - [TEST_STEP][PASSED] - M4_spin_bonus_data = bonus_data: null

2019-08-10 23:43:50 - [TEST_STEP][PASSED] - M4_spin_features_triggered = result_M4_spin: null

2019-08-10 23:43:50 - [TEST_STEP][PASSED] - wild = []: null

2019-08-10 23:43:50 - [TEST_STEP][PASSED] - wild[0] = "WILD_Expanding": null

2019-08-10 23:43:50 - [TEST_STEP][PASSED] - wild[1] = "WILD_Normal": null

2019-08-10 23:43:50 - [TEST_STEP][PASSED] - wild[2] = "WILD_Double": null

2019-08-10 23:43:50 - [TEST_STEP][PASSED] - wild[3] = "WILD_ExtraFG": null

2019-08-10 23:43:50 - [TEST_STEP][PASSED] - wild[4] = "WILD_Triple": null

2019-08-10 23:43:50 - [TEST_STEP][PASSED] - wildList = Arrays.asList(wild): null

2019-08-10 23:43:50 - [TEST_STEP][PASSED] - wildList = wildList: null

2019-08-10 23:43:50 - [TEST_STEP][PASSED] - free_spin_reel_counter = []: null

2019-08-10 23:43:50 - [TEST_STEP][PASSED] - free_spin_reel_counter[0] = 0: null

2019-08-10 23:43:50 - [TEST_STEP][PASSED] - free_spin_reel_counter[1] = 0: null

2019-08-10 23:43:50 - [TEST_STEP][PASSED] - free_spin_reel_counter[2] = 0: null

2019-08-10 23:43:50 - [TEST_STEP][PASSED] - M4_spin_reels = reels: null

2019-08-10 23:43:50 - [TEST_STEP][PASSED] - for ([i = 0, i &lt; M4_spin_reels.size(), (i++)]): null

2019-08-10 23:43:50 - [TEST_STEP][PASSED] - symbols = symbols: null

2019-08-10 23:43:50 - [TEST_STEP][PASSED] - for ([j = 0, j &lt; symbols.size(), (j++)]): null

2019-08-10 23:43:50 - [TEST_STEP][PASSED] - symbol = symbol: null

2019-08-10 23:43:50 - [TEST_STEP][PASSED] - println(symbol): null

2019-08-10 23:43:50 - [TEST_STEP][PASSED] - if (i == 2 &amp;&amp; wildList.indexOf(symbol) != -1): null

2019-08-10 23:43:50 - [TEST_STEP][PASSED] - if (i == 3 &amp;&amp; wildList.indexOf(symbol) != -1): null

2019-08-10 23:43:50 - [TEST_STEP][PASSED] - if (i == 4 &amp;&amp; wildList.indexOf(symbol) != -1): null

2019-08-10 23:43:50 - [TEST_STEP][PASSED] - symbol = symbol: null

2019-08-10 23:43:50 - [TEST_STEP][PASSED] - println(symbol): null

2019-08-10 23:43:50 - [TEST_STEP][PASSED] - if (i == 2 &amp;&amp; wildList.indexOf(symbol) != -1): null

2019-08-10 23:43:50 - [TEST_STEP][PASSED] - if (i == 3 &amp;&amp; wildList.indexOf(symbol) != -1): null

2019-08-10 23:43:50 - [TEST_STEP][PASSED] - if (i == 4 &amp;&amp; wildList.indexOf(symbol) != -1): null

2019-08-10 23:43:50 - [TEST_STEP][PASSED] - symbol = symbol: null

2019-08-10 23:43:50 - [TEST_STEP][PASSED] - println(symbol): null

2019-08-10 23:43:50 - [TEST_STEP][PASSED] - if (i == 2 &amp;&amp; wildList.indexOf(symbol) != -1): null

2019-08-10 23:43:50 - [TEST_STEP][PASSED] - if (i == 3 &amp;&amp; wildList.indexOf(symbol) != -1): null

2019-08-10 23:43:50 - [TEST_STEP][PASSED] - if (i == 4 &amp;&amp; wildList.indexOf(symbol) != -1): null

2019-08-10 23:43:50 - [TEST_STEP][PASSED] - symbols = symbols: null

2019-08-10 23:43:50 - [TEST_STEP][PASSED] - for ([j = 0, j &lt; symbols.size(), (j++)]): null

2019-08-10 23:43:50 - [TEST_STEP][PASSED] - symbol = symbol: null

2019-08-10 23:43:50 - [TEST_STEP][PASSED] - println(symbol): null

2019-08-10 23:43:50 - [TEST_STEP][PASSED] - if (i == 2 &amp;&amp; wildList.indexOf(symbol) != -1): null

2019-08-10 23:43:50 - [TEST_STEP][PASSED] - if (i == 3 &amp;&amp; wildList.indexOf(symbol) != -1): null

2019-08-10 23:43:50 - [TEST_STEP][PASSED] - if (i == 4 &amp;&amp; wildList.indexOf(symbol) != -1): null

2019-08-10 23:43:50 - [TEST_STEP][PASSED] - symbol = symbol: null

2019-08-10 23:43:50 - [TEST_STEP][PASSED] - println(symbol): null

2019-08-10 23:43:50 - [TEST_STEP][PASSED] - if (i == 2 &amp;&amp; wildList.indexOf(symbol) != -1): null

2019-08-10 23:43:50 - [TEST_STEP][PASSED] - if (i == 3 &amp;&amp; wildList.indexOf(symbol) != -1): null

2019-08-10 23:43:50 - [TEST_STEP][PASSED] - if (i == 4 &amp;&amp; wildList.indexOf(symbol) != -1): null

2019-08-10 23:43:50 - [TEST_STEP][PASSED] - symbol = symbol: null

2019-08-10 23:43:50 - [TEST_STEP][PASSED] - println(symbol): null

2019-08-10 23:43:50 - [TEST_STEP][PASSED] - if (i == 2 &amp;&amp; wildList.indexOf(symbol) != -1): null

2019-08-10 23:43:50 - [TEST_STEP][PASSED] - if (i == 3 &amp;&amp; wildList.indexOf(symbol) != -1): null

2019-08-10 23:43:50 - [TEST_STEP][PASSED] - if (i == 4 &amp;&amp; wildList.indexOf(symbol) != -1): null

2019-08-10 23:43:50 - [TEST_STEP][PASSED] - symbols = symbols: null

2019-08-10 23:43:50 - [TEST_STEP][PASSED] - for ([j = 0, j &lt; symbols.size(), (j++)]): null

2019-08-10 23:43:50 - [TEST_STEP][PASSED] - symbol = symbol: null

2019-08-10 23:43:50 - [TEST_STEP][PASSED] - println(symbol): null

2019-08-10 23:43:50 - [TEST_STEP][PASSED] - if (i == 2 &amp;&amp; wildList.indexOf(symbol) != -1): null

2019-08-10 23:43:50 - [TEST_STEP][PASSED] - if (i == 3 &amp;&amp; wildList.indexOf(symbol) != -1): null

2019-08-10 23:43:50 - [TEST_STEP][PASSED] - if (i == 4 &amp;&amp; wildList.indexOf(symbol) != -1): null

2019-08-10 23:43:50 - [TEST_STEP][PASSED] - symbol = symbol: null

2019-08-10 23:43:50 - [TEST_STEP][PASSED] - println(symbol): null

2019-08-10 23:43:53 - [TEST_STEP][PASSED] - if (i == 2 &amp;&amp; wildList.indexOf(symbol) != -1): null

2019-08-10 23:43:53 - [TEST_STEP][PASSED] - if (i == 3 &amp;&amp; wildList.indexOf(symbol) != -1): null

2019-08-10 23:43:53 - [TEST_STEP][PASSED] - if (i == 4 &amp;&amp; wildList.indexOf(symbol) != -1): null

2019-08-10 23:43:53 - [TEST_STEP][PASSED] - symbol = symbol: null

2019-08-10 23:43:53 - [TEST_STEP][PASSED] - println(symbol): null

2019-08-10 23:43:53 - [TEST_STEP][PASSED] - if (i == 2 &amp;&amp; wildList.indexOf(symbol) != -1): null

2019-08-10 23:43:53 - [TEST_STEP][PASSED] - if (i == 3 &amp;&amp; wildList.indexOf(symbol) != -1): null

2019-08-10 23:43:53 - [TEST_STEP][PASSED] - if (i == 4 &amp;&amp; wildList.indexOf(symbol) != -1): null

2019-08-10 23:43:53 - [TEST_STEP][PASSED] - symbols = symbols: null

2019-08-10 23:43:53 - [TEST_STEP][PASSED] - for ([j = 0, j &lt; symbols.size(), (j++)]): null

2019-08-10 23:43:53 - [TEST_STEP][PASSED] - symbol = symbol: null

2019-08-10 23:43:53 - [TEST_STEP][PASSED] - println(symbol): null

2019-08-10 23:43:53 - [TEST_STEP][PASSED] - if (i == 2 &amp;&amp; wildList.indexOf(symbol) != -1): null

2019-08-10 23:43:53 - [TEST_STEP][PASSED] - if (i == 3 &amp;&amp; wildList.indexOf(symbol) != -1): null

2019-08-10 23:43:53 - [TEST_STEP][PASSED] - if (i == 4 &amp;&amp; wildList.indexOf(symbol) != -1): null

2019-08-10 23:43:53 - [TEST_STEP][PASSED] - symbol = symbol: null

2019-08-10 23:43:53 - [TEST_STEP][PASSED] - println(symbol): null

2019-08-10 23:43:53 - [TEST_STEP][PASSED] - if (i == 2 &amp;&amp; wildList.indexOf(symbol) != -1): null

2019-08-10 23:43:53 - [TEST_STEP][PASSED] - if (i == 3 &amp;&amp; wildList.indexOf(symbol) != -1): null

2019-08-10 23:43:53 - [TEST_STEP][PASSED] - if (i == 4 &amp;&amp; wildList.indexOf(symbol) != -1): null

2019-08-10 23:43:53 - [TEST_STEP][PASSED] - symbol = symbol: null

2019-08-10 23:43:53 - [TEST_STEP][PASSED] - println(symbol): null

2019-08-10 23:43:53 - [TEST_STEP][PASSED] - if (i == 2 &amp;&amp; wildList.indexOf(symbol) != -1): null

2019-08-10 23:43:53 - [TEST_STEP][PASSED] - if (i == 3 &amp;&amp; wildList.indexOf(symbol) != -1): null

2019-08-10 23:43:53 - [TEST_STEP][PASSED] - println("wild found on reel 4, adding counter by 1"): null

2019-08-10 23:43:53 - [TEST_STEP][PASSED] - free_spin_reel_counter[1] = free_spin_reel_counter[1] + 1: null

2019-08-10 23:43:53 - [TEST_STEP][PASSED] - if (i == 4 &amp;&amp; wildList.indexOf(symbol) != -1): null

2019-08-10 23:43:53 - [TEST_STEP][PASSED] - symbols = symbols: null

2019-08-10 23:43:53 - [TEST_STEP][PASSED] - for ([j = 0, j &lt; symbols.size(), (j++)]): null

2019-08-10 23:43:53 - [TEST_STEP][PASSED] - symbol = symbol: null

2019-08-10 23:43:53 - [TEST_STEP][PASSED] - println(symbol): null

2019-08-10 23:43:53 - [TEST_STEP][PASSED] - if (i == 2 &amp;&amp; wildList.indexOf(symbol) != -1): null

2019-08-10 23:43:53 - [TEST_STEP][PASSED] - if (i == 3 &amp;&amp; wildList.indexOf(symbol) != -1): null

2019-08-10 23:43:53 - [TEST_STEP][PASSED] - if (i == 4 &amp;&amp; wildList.indexOf(symbol) != -1): null

2019-08-10 23:43:53 - [TEST_STEP][PASSED] - println("wild found on reel 5, adding counter by 1"): null

2019-08-10 23:43:53 - [TEST_STEP][PASSED] - free_spin_reel_counter[2] = free_spin_reel_counter[2] + 1: null

2019-08-10 23:43:53 - [TEST_STEP][PASSED] - symbol = symbol: null

2019-08-10 23:43:53 - [TEST_STEP][PASSED] - println(symbol): null

2019-08-10 23:43:53 - [TEST_STEP][PASSED] - if (i == 2 &amp;&amp; wildList.indexOf(symbol) != -1): null

2019-08-10 23:43:53 - [TEST_STEP][PASSED] - if (i == 3 &amp;&amp; wildList.indexOf(symbol) != -1): null

2019-08-10 23:43:53 - [TEST_STEP][PASSED] - if (i == 4 &amp;&amp; wildList.indexOf(symbol) != -1): null

2019-08-10 23:43:53 - [TEST_STEP][PASSED] - symbol = symbol: null

2019-08-10 23:43:53 - [TEST_STEP][PASSED] - println(symbol): null

2019-08-10 23:43:53 - [TEST_STEP][PASSED] - if (i == 2 &amp;&amp; wildList.indexOf(symbol) != -1): null

2019-08-10 23:43:53 - [TEST_STEP][PASSED] - if (i == 3 &amp;&amp; wildList.indexOf(symbol) != -1): null

2019-08-10 23:43:53 - [TEST_STEP][PASSED] - if (i == 4 &amp;&amp; wildList.indexOf(symbol) != -1): null

2019-08-10 23:43:53 - [TEST_STEP][PASSED] - free_spin_reel_counter = free_spin_reel_counter: null

2019-08-10 23:43:53 - [TEST_STEP][PASSED] - println("reel 3 wild found: " + free_spin_reel_counter[0]): null

2019-08-10 23:43:53 - [TEST_STEP][PASSED] - println("reel 4 wild found: " + free_spin_reel_counter[1]): null

2019-08-10 23:43:53 - [TEST_STEP][PASSED] - println("reel 5 wild found: " + free_spin_reel_counter[2]): null

2019-08-10 23:43:53 - [TEST_STEP][PASSED] - M4_spin_reels = M4_spin_reels: null

2019-08-10 23:43:53 - [TEST_STEP][PASSED] - M4_spin_reels_symbols = symbol: null

2019-08-10 23:43:53 - [TEST_STEP][PASSED] - M4_spin_reels_symbols = M4_spin_reels_symbols: null

2019-08-10 23:43:53 - [TEST_STEP][PASSED] - M4_spin_reel_wins = reel_wins: null

2019-08-10 23:43:53 - [TEST_STEP][PASSED] - M4_spin_reel_wins = M4_spin_reel_wins: null

2019-08-10 23:43:53 - [TEST_STEP][PASSED] - println("GlobalVariable.M4_spin_reel_wins is: " + M4_spin_reel_wins): null

2019-08-10 23:43:53 - [TEST_STEP][PASSED] - M4_spin_total_bonus_win_this_round = total_bonus_win_this_round: null

2019-08-10 23:43:53 - [TEST_STEP][PASSED] - M4_spin_total_bonus_win_this_round = M4_spin_total_bonus_win_this_round: null

2019-08-10 23:43:53 - [TEST_STEP][PASSED] - println("GlobalVariable.M4_spin_total_bonus_win_this_round is: " + M4_spin_total_bonus_win_this_round): null

2019-08-10 23:43:53 - [MESSAGE][PASSED] - Verify response successfully

2019-08-10 23:43:53 - [MESSAGE][PASSED] - Send request and verify the response successfully

2019-08-10 23:43:53 - [TEST_STEP][PASSED] - if (M4_total_bonus_spins_int != 0 &amp;&amp; M4_spin_reels_symbols[2].contains("WILD_ExtraFG") || M4_spin_reels_symbols[3].contains("WILD_ExtraFG")): null

2019-08-10 23:43:53 - [TEST_STEP][PASSED] - free_spin_reel_counter = free_spin_reel_counter: null

2019-08-10 23:43:53 - [TEST_STEP][PASSED] - M4_spin_reels_symbols = M4_spin_reels_symbols: null

2019-08-10 23:43:53 - [TEST_STEP][PASSED] - M4_total_bonus_spins = M4_total_bonus_spins: null

2019-08-10 23:43:53 - [TEST_STEP][PASSED] - spin_result = sendRequestAndVerify(findTestObject("RGS(M4)/1_M4_spin", ["M4_login_user_id":M4_login_user_id, "rgs_session_token":rgs_session_token, "partner":Partner])): Send request and verify the response successfully

2019-08-10 23:43:53 - [TEST_CASE][PASSED] - Start Test Case : Verification: Verification accomplished successfully

2019-08-10 23:43:53 - [TEST_STEP][PASSED] - request = getInstance().getCurrentRequest(): null

2019-08-10 23:43:53 - [TEST_STEP][PASSED] - response = getInstance().getCurrentResponse(): null

2019-08-10 23:43:53 - [TEST_STEP][PASSED] - verifyResponseStatusCode(response, 200): Verify response status code successfully

2019-08-10 23:43:53 - [MESSAGE][PASSED] - Verify response status code successfully

2019-08-10 23:43:53 - [TEST_STEP][PASSED] - getStatusCode()).isEqualTo(200): null

2019-08-10 23:43:53 - [TEST_STEP][PASSED] - newline = System.getProperty("line.separator"): null

2019-08-10 23:43:53 - [TEST_STEP][PASSED] - M4_spin = new groovy.json.JsonSlurper(): null

2019-08-10 23:43:53 - [TEST_STEP][PASSED] - result_M4_spin = M4_spin.parseText(response.getResponseBodyContent()): null

2019-08-10 23:43:53 - [TEST_STEP][PASSED] - M4_spin_current_balance = current_balance: null

2019-08-10 23:43:53 - [TEST_STEP][PASSED] - M4_spin_current_balance = M4_spin_current_balance: null

2019-08-10 23:43:53 - [TEST_STEP][PASSED] - M4_spin_transaction_id = causality: null

2019-08-10 23:43:53 - [TEST_STEP][PASSED] - M4_spin_transaction_id = M4_spin_transaction_id: null

2019-08-10 23:43:53 - [TEST_STEP][PASSED] - M4_spin_round_id = round_id: null

2019-08-10 23:43:53 - [TEST_STEP][PASSED] - M4_spin_round_id = M4_spin_round_id: null

2019-08-10 23:43:53 - [TEST_STEP][PASSED] - M4_spin_line_wins = line_wins: null

2019-08-10 23:43:53 - [TEST_STEP][PASSED] - M4_spin_line_wins = M4_spin_line_wins: null

2019-08-10 23:43:53 - [TEST_STEP][PASSED] - M4_total_bonus_spins_int = total_bonus_spins: null

2019-08-10 23:43:53 - [TEST_STEP][PASSED] - println("******M4_total_bonus_spins type is:*******" + newline + getClass().getName()): null

2019-08-10 23:43:53 - [TEST_STEP][PASSED] - M4_total_bonus_spins_int = M4_total_bonus_spins_int: null

2019-08-10 23:43:53 - [TEST_STEP][PASSED] - M4_total_bonus_spins = Integer.toString(M4_total_bonus_spins_int): null

2019-08-10 23:43:53 - [TEST_STEP][PASSED] - M4_total_bonus_spins = M4_total_bonus_spins: null

2019-08-10 23:43:53 - [TEST_STEP][PASSED] - println("M4_total_bonus_spins is:" + M4_total_bonus_spins): null

2019-08-10 23:43:53 - [TEST_STEP][PASSED] - M4_spin_bonus_data = bonus_data: null

2019-08-10 23:43:53 - [TEST_STEP][PASSED] - M4_spin_features_triggered = result_M4_spin: null

2019-08-10 23:43:53 - [TEST_STEP][PASSED] - wild = []: null

2019-08-10 23:43:53 - [TEST_STEP][PASSED] - wild[0] = "WILD_Expanding": null

2019-08-10 23:43:53 - [TEST_STEP][PASSED] - wild[1] = "WILD_Normal": null

2019-08-10 23:43:53 - [TEST_STEP][PASSED] - wild[2] = "WILD_Double": null

2019-08-10 23:43:53 - [TEST_STEP][PASSED] - wild[3] = "WILD_ExtraFG": null

2019-08-10 23:43:53 - [TEST_STEP][PASSED] - wild[4] = "WILD_Triple": null

2019-08-10 23:43:53 - [TEST_STEP][PASSED] - wildList = Arrays.asList(wild): null

2019-08-10 23:43:53 - [TEST_STEP][PASSED] - wildList = wildList: null

2019-08-10 23:43:53 - [TEST_STEP][PASSED] - free_spin_reel_counter = []: null

2019-08-10 23:43:53 - [TEST_STEP][PASSED] - free_spin_reel_counter[0] = 0: null

2019-08-10 23:43:53 - [TEST_STEP][PASSED] - free_spin_reel_counter[1] = 0: null

2019-08-10 23:43:53 - [TEST_STEP][PASSED] - free_spin_reel_counter[2] = 0: null

2019-08-10 23:43:53 - [TEST_STEP][PASSED] - M4_spin_reels = reels: null

2019-08-10 23:43:53 - [TEST_STEP][PASSED] - for ([i = 0, i &lt; M4_spin_reels.size(), (i++)]): null

2019-08-10 23:43:53 - [TEST_STEP][PASSED] - symbols = symbols: null

2019-08-10 23:43:53 - [TEST_STEP][PASSED] - for ([j = 0, j &lt; symbols.size(), (j++)]): null

2019-08-10 23:43:53 - [TEST_STEP][PASSED] - symbol = symbol: null

2019-08-10 23:43:53 - [TEST_STEP][PASSED] - println(symbol): null

2019-08-10 23:43:53 - [TEST_STEP][PASSED] - if (i == 2 &amp;&amp; wildList.indexOf(symbol) != -1): null

2019-08-10 23:43:53 - [TEST_STEP][PASSED] - if (i == 3 &amp;&amp; wildList.indexOf(symbol) != -1): null

2019-08-10 23:43:53 - [TEST_STEP][PASSED] - if (i == 4 &amp;&amp; wildList.indexOf(symbol) != -1): null

2019-08-10 23:43:53 - [TEST_STEP][PASSED] - symbol = symbol: null

2019-08-10 23:43:53 - [TEST_STEP][PASSED] - println(symbol): null

2019-08-10 23:43:53 - [TEST_STEP][PASSED] - if (i == 2 &amp;&amp; wildList.indexOf(symbol) != -1): null

2019-08-10 23:43:53 - [TEST_STEP][PASSED] - if (i == 3 &amp;&amp; wildList.indexOf(symbol) != -1): null

2019-08-10 23:43:53 - [TEST_STEP][PASSED] - if (i == 4 &amp;&amp; wildList.indexOf(symbol) != -1): null

2019-08-10 23:43:53 - [TEST_STEP][PASSED] - symbol = symbol: null

2019-08-10 23:43:53 - [TEST_STEP][PASSED] - println(symbol): null

2019-08-10 23:43:53 - [TEST_STEP][PASSED] - if (i == 2 &amp;&amp; wildList.indexOf(symbol) != -1): null

2019-08-10 23:43:53 - [TEST_STEP][PASSED] - if (i == 3 &amp;&amp; wildList.indexOf(symbol) != -1): null

2019-08-10 23:43:53 - [TEST_STEP][PASSED] - if (i == 4 &amp;&amp; wildList.indexOf(symbol) != -1): null

2019-08-10 23:43:53 - [TEST_STEP][PASSED] - symbols = symbols: null

2019-08-10 23:43:53 - [TEST_STEP][PASSED] - for ([j = 0, j &lt; symbols.size(), (j++)]): null

2019-08-10 23:43:53 - [TEST_STEP][PASSED] - symbol = symbol: null

2019-08-10 23:43:53 - [TEST_STEP][PASSED] - println(symbol): null

2019-08-10 23:43:53 - [TEST_STEP][PASSED] - if (i == 2 &amp;&amp; wildList.indexOf(symbol) != -1): null

2019-08-10 23:43:53 - [TEST_STEP][PASSED] - if (i == 3 &amp;&amp; wildList.indexOf(symbol) != -1): null

2019-08-10 23:43:53 - [TEST_STEP][PASSED] - if (i == 4 &amp;&amp; wildList.indexOf(symbol) != -1): null

2019-08-10 23:43:53 - [TEST_STEP][PASSED] - symbol = symbol: null

2019-08-10 23:43:53 - [TEST_STEP][PASSED] - println(symbol): null

2019-08-10 23:43:53 - [TEST_STEP][PASSED] - if (i == 2 &amp;&amp; wildList.indexOf(symbol) != -1): null

2019-08-10 23:43:53 - [TEST_STEP][PASSED] - if (i == 3 &amp;&amp; wildList.indexOf(symbol) != -1): null

2019-08-10 23:43:53 - [TEST_STEP][PASSED] - if (i == 4 &amp;&amp; wildList.indexOf(symbol) != -1): null

2019-08-10 23:43:53 - [TEST_STEP][PASSED] - symbol = symbol: null

2019-08-10 23:43:53 - [TEST_STEP][PASSED] - println(symbol): null

2019-08-10 23:43:53 - [TEST_STEP][PASSED] - if (i == 2 &amp;&amp; wildList.indexOf(symbol) != -1): null

2019-08-10 23:43:53 - [TEST_STEP][PASSED] - if (i == 3 &amp;&amp; wildList.indexOf(symbol) != -1): null

2019-08-10 23:43:53 - [TEST_STEP][PASSED] - if (i == 4 &amp;&amp; wildList.indexOf(symbol) != -1): null

2019-08-10 23:43:53 - [TEST_STEP][PASSED] - symbols = symbols: null

2019-08-10 23:43:53 - [TEST_STEP][PASSED] - for ([j = 0, j &lt; symbols.size(), (j++)]): null

2019-08-10 23:43:53 - [TEST_STEP][PASSED] - symbol = symbol: null

2019-08-10 23:43:53 - [TEST_STEP][PASSED] - println(symbol): null

2019-08-10 23:43:53 - [TEST_STEP][PASSED] - if (i == 2 &amp;&amp; wildList.indexOf(symbol) != -1): null

2019-08-10 23:43:53 - [TEST_STEP][PASSED] - if (i == 3 &amp;&amp; wildList.indexOf(symbol) != -1): null

2019-08-10 23:43:53 - [TEST_STEP][PASSED] - if (i == 4 &amp;&amp; wildList.indexOf(symbol) != -1): null

2019-08-10 23:43:53 - [TEST_STEP][PASSED] - symbol = symbol: null

2019-08-10 23:43:53 - [TEST_STEP][PASSED] - println(symbol): null

2019-08-10 23:43:53 - [TEST_STEP][PASSED] - if (i == 2 &amp;&amp; wildList.indexOf(symbol) != -1): null

2019-08-10 23:43:53 - [TEST_STEP][PASSED] - if (i == 3 &amp;&amp; wildList.indexOf(symbol) != -1): null

2019-08-10 23:43:53 - [TEST_STEP][PASSED] - if (i == 4 &amp;&amp; wildList.indexOf(symbol) != -1): null

2019-08-10 23:43:53 - [TEST_STEP][PASSED] - symbol = symbol: null

2019-08-10 23:43:53 - [TEST_STEP][PASSED] - println(symbol): null

2019-08-10 23:43:53 - [TEST_STEP][PASSED] - if (i == 2 &amp;&amp; wildList.indexOf(symbol) != -1): null

2019-08-10 23:43:53 - [TEST_STEP][PASSED] - if (i == 3 &amp;&amp; wildList.indexOf(symbol) != -1): null

2019-08-10 23:43:53 - [TEST_STEP][PASSED] - if (i == 4 &amp;&amp; wildList.indexOf(symbol) != -1): null

2019-08-10 23:43:53 - [TEST_STEP][PASSED] - symbols = symbols: null

2019-08-10 23:43:53 - [TEST_STEP][PASSED] - for ([j = 0, j &lt; symbols.size(), (j++)]): null

2019-08-10 23:43:53 - [TEST_STEP][PASSED] - symbol = symbol: null

2019-08-10 23:43:53 - [TEST_STEP][PASSED] - println(symbol): null

2019-08-10 23:43:53 - [TEST_STEP][PASSED] - if (i == 2 &amp;&amp; wildList.indexOf(symbol) != -1): null

2019-08-10 23:43:53 - [TEST_STEP][PASSED] - if (i == 3 &amp;&amp; wildList.indexOf(symbol) != -1): null

2019-08-10 23:43:53 - [TEST_STEP][PASSED] - if (i == 4 &amp;&amp; wildList.indexOf(symbol) != -1): null

2019-08-10 23:43:53 - [TEST_STEP][PASSED] - symbol = symbol: null

2019-08-10 23:43:53 - [TEST_STEP][PASSED] - println(symbol): null

2019-08-10 23:43:53 - [TEST_STEP][PASSED] - if (i == 2 &amp;&amp; wildList.indexOf(symbol) != -1): null

2019-08-10 23:43:53 - [TEST_STEP][PASSED] - if (i == 3 &amp;&amp; wildList.indexOf(symbol) != -1): null

2019-08-10 23:43:53 - [TEST_STEP][PASSED] - println("wild found on reel 4, adding counter by 1"): null

2019-08-10 23:43:53 - [TEST_STEP][PASSED] - free_spin_reel_counter[1] = free_spin_reel_counter[1] + 1: null

2019-08-10 23:43:53 - [TEST_STEP][PASSED] - if (i == 4 &amp;&amp; wildList.indexOf(symbol) != -1): null

2019-08-10 23:43:53 - [TEST_STEP][PASSED] - symbol = symbol: null

2019-08-10 23:43:53 - [TEST_STEP][PASSED] - println(symbol): null

2019-08-10 23:43:53 - [TEST_STEP][PASSED] - if (i == 2 &amp;&amp; wildList.indexOf(symbol) != -1): null

2019-08-10 23:43:53 - [TEST_STEP][PASSED] - if (i == 3 &amp;&amp; wildList.indexOf(symbol) != -1): null

2019-08-10 23:43:53 - [TEST_STEP][PASSED] - if (i == 4 &amp;&amp; wildList.indexOf(symbol) != -1): null

2019-08-10 23:43:53 - [TEST_STEP][PASSED] - symbols = symbols: null

2019-08-10 23:43:53 - [TEST_STEP][PASSED] - for ([j = 0, j &lt; symbols.size(), (j++)]): null

2019-08-10 23:43:53 - [TEST_STEP][PASSED] - symbol = symbol: null

2019-08-10 23:43:53 - [TEST_STEP][PASSED] - println(symbol): null

2019-08-10 23:43:53 - [TEST_STEP][PASSED] - if (i == 2 &amp;&amp; wildList.indexOf(symbol) != -1): null

2019-08-10 23:43:53 - [TEST_STEP][PASSED] - if (i == 3 &amp;&amp; wildList.indexOf(symbol) != -1): null

2019-08-10 23:43:53 - [TEST_STEP][PASSED] - if (i == 4 &amp;&amp; wildList.indexOf(symbol) != -1): null

2019-08-10 23:43:53 - [TEST_STEP][PASSED] - symbol = symbol: null

2019-08-10 23:43:53 - [TEST_STEP][PASSED] - println(symbol): null

2019-08-10 23:43:53 - [TEST_STEP][PASSED] - if (i == 2 &amp;&amp; wildList.indexOf(symbol) != -1): null

2019-08-10 23:43:53 - [TEST_STEP][PASSED] - if (i == 3 &amp;&amp; wildList.indexOf(symbol) != -1): null

2019-08-10 23:43:53 - [TEST_STEP][PASSED] - if (i == 4 &amp;&amp; wildList.indexOf(symbol) != -1): null

2019-08-10 23:43:53 - [TEST_STEP][PASSED] - symbol = symbol: null

2019-08-10 23:43:53 - [TEST_STEP][PASSED] - println(symbol): null

2019-08-10 23:43:53 - [TEST_STEP][PASSED] - if (i == 2 &amp;&amp; wildList.indexOf(symbol) != -1): null

2019-08-10 23:43:53 - [TEST_STEP][PASSED] - if (i == 3 &amp;&amp; wildList.indexOf(symbol) != -1): null

2019-08-10 23:43:53 - [TEST_STEP][PASSED] - if (i == 4 &amp;&amp; wildList.indexOf(symbol) != -1): null

2019-08-10 23:43:53 - [TEST_STEP][PASSED] - free_spin_reel_counter = free_spin_reel_counter: null

2019-08-10 23:43:53 - [TEST_STEP][PASSED] - println("reel 3 wild found: " + free_spin_reel_counter[0]): null

2019-08-10 23:43:53 - [TEST_STEP][PASSED] - println("reel 4 wild found: " + free_spin_reel_counter[1]): null

2019-08-10 23:43:53 - [TEST_STEP][PASSED] - println("reel 5 wild found: " + free_spin_reel_counter[2]): null

2019-08-10 23:43:53 - [TEST_STEP][PASSED] - M4_spin_reels = M4_spin_reels: null

2019-08-10 23:43:53 - [TEST_STEP][PASSED] - M4_spin_reels_symbols = symbol: null

2019-08-10 23:43:53 - [TEST_STEP][PASSED] - M4_spin_reels_symbols = M4_spin_reels_symbols: null

2019-08-10 23:43:53 - [TEST_STEP][PASSED] - M4_spin_reel_wins = reel_wins: null

2019-08-10 23:43:53 - [TEST_STEP][PASSED] - M4_spin_reel_wins = M4_spin_reel_wins: null

2019-08-10 23:43:53 - [TEST_STEP][PASSED] - println("GlobalVariable.M4_spin_reel_wins is: " + M4_spin_reel_wins): null

2019-08-10 23:43:53 - [TEST_STEP][PASSED] - M4_spin_total_bonus_win_this_round = total_bonus_win_this_round: null

2019-08-10 23:43:53 - [TEST_STEP][PASSED] - M4_spin_total_bonus_win_this_round = M4_spin_total_bonus_win_this_round: null

2019-08-10 23:43:53 - [TEST_STEP][PASSED] - println("GlobalVariable.M4_spin_total_bonus_win_this_round is: " + M4_spin_total_bonus_win_this_round): null

2019-08-10 23:43:53 - [MESSAGE][PASSED] - Verify response successfully

2019-08-10 23:43:53 - [MESSAGE][PASSED] - Send request and verify the response successfully

2019-08-10 23:43:53 - [TEST_STEP][PASSED] - if (M4_total_bonus_spins_int != 0 &amp;&amp; M4_spin_reels_symbols[2].contains("WILD_ExtraFG") || M4_spin_reels_symbols[3].contains("WILD_ExtraFG")): null

2019-08-10 23:43:53 - [TEST_STEP][PASSED] - free_spin_reel_counter = free_spin_reel_counter: null

2019-08-10 23:43:53 - [TEST_STEP][PASSED] - M4_spin_reels_symbols = M4_spin_reels_symbols: null

2019-08-10 23:43:53 - [TEST_STEP][PASSED] - M4_total_bonus_spins = M4_total_bonus_spins: null

2019-08-10 23:43:53 - [TEST_STEP][PASSED] - spin_result = sendRequestAndVerify(findTestObject("RGS(M4)/1_M4_spin", ["M4_login_user_id":M4_login_user_id, "rgs_session_token":rgs_session_token, "partner":Partner])): Send request and verify the response successfully

2019-08-10 23:43:54 - [TEST_CASE][PASSED] - Start Test Case : Verification: Verification accomplished successfully

2019-08-10 23:43:54 - [TEST_STEP][PASSED] - request = getInstance().getCurrentRequest(): null

2019-08-10 23:43:54 - [TEST_STEP][PASSED] - response = getInstance().getCurrentResponse(): null

2019-08-10 23:43:54 - [TEST_STEP][PASSED] - verifyResponseStatusCode(response, 200): Verify response status code successfully

2019-08-10 23:43:54 - [MESSAGE][PASSED] - Verify response status code successfully

2019-08-10 23:43:54 - [TEST_STEP][PASSED] - getStatusCode()).isEqualTo(200): null

2019-08-10 23:43:54 - [TEST_STEP][PASSED] - newline = System.getProperty("line.separator"): null

2019-08-10 23:43:54 - [TEST_STEP][PASSED] - M4_spin = new groovy.json.JsonSlurper(): null

2019-08-10 23:43:54 - [TEST_STEP][PASSED] - result_M4_spin = M4_spin.parseText(response.getResponseBodyContent()): null

2019-08-10 23:43:54 - [TEST_STEP][PASSED] - M4_spin_current_balance = current_balance: null

2019-08-10 23:43:54 - [TEST_STEP][PASSED] - M4_spin_current_balance = M4_spin_current_balance: null

2019-08-10 23:43:54 - [TEST_STEP][PASSED] - M4_spin_transaction_id = causality: null

2019-08-10 23:43:54 - [TEST_STEP][PASSED] - M4_spin_transaction_id = M4_spin_transaction_id: null

2019-08-10 23:43:54 - [TEST_STEP][PASSED] - M4_spin_round_id = round_id: null

2019-08-10 23:43:54 - [TEST_STEP][PASSED] - M4_spin_round_id = M4_spin_round_id: null

2019-08-10 23:43:54 - [TEST_STEP][PASSED] - M4_spin_line_wins = line_wins: null

2019-08-10 23:43:54 - [TEST_STEP][PASSED] - M4_spin_line_wins = M4_spin_line_wins: null

2019-08-10 23:43:54 - [TEST_STEP][PASSED] - M4_total_bonus_spins_int = total_bonus_spins: null

2019-08-10 23:43:54 - [TEST_STEP][PASSED] - println("******M4_total_bonus_spins type is:*******" + newline + getClass().getName()): null

2019-08-10 23:43:54 - [TEST_STEP][PASSED] - M4_total_bonus_spins_int = M4_total_bonus_spins_int: null

2019-08-10 23:43:54 - [TEST_STEP][PASSED] - M4_total_bonus_spins = Integer.toString(M4_total_bonus_spins_int): null

2019-08-10 23:43:54 - [TEST_STEP][PASSED] - M4_total_bonus_spins = M4_total_bonus_spins: null

2019-08-10 23:43:54 - [TEST_STEP][PASSED] - println("M4_total_bonus_spins is:" + M4_total_bonus_spins): null

2019-08-10 23:43:54 - [TEST_STEP][PASSED] - M4_spin_bonus_data = bonus_data: null

2019-08-10 23:43:54 - [TEST_STEP][PASSED] - M4_spin_features_triggered = result_M4_spin: null

2019-08-10 23:43:54 - [TEST_STEP][PASSED] - wild = []: null

2019-08-10 23:43:54 - [TEST_STEP][PASSED] - wild[0] = "WILD_Expanding": null

2019-08-10 23:43:54 - [TEST_STEP][PASSED] - wild[1] = "WILD_Normal": null

2019-08-10 23:43:54 - [TEST_STEP][PASSED] - wild[2] = "WILD_Double": null

2019-08-10 23:43:54 - [TEST_STEP][PASSED] - wild[3] = "WILD_ExtraFG": null

2019-08-10 23:43:54 - [TEST_STEP][PASSED] - wild[4] = "WILD_Triple": null

2019-08-10 23:43:54 - [TEST_STEP][PASSED] - wildList = Arrays.asList(wild): null

2019-08-10 23:43:54 - [TEST_STEP][PASSED] - wildList = wildList: null

2019-08-10 23:43:54 - [TEST_STEP][PASSED] - free_spin_reel_counter = []: null

2019-08-10 23:43:54 - [TEST_STEP][PASSED] - free_spin_reel_counter[0] = 0: null

2019-08-10 23:43:54 - [TEST_STEP][PASSED] - free_spin_reel_counter[1] = 0: null

2019-08-10 23:43:54 - [TEST_STEP][PASSED] - free_spin_reel_counter[2] = 0: null

2019-08-10 23:43:54 - [TEST_STEP][PASSED] - M4_spin_reels = reels: null

2019-08-10 23:43:54 - [TEST_STEP][PASSED] - for ([i = 0, i &lt; M4_spin_reels.size(), (i++)]): null

2019-08-10 23:43:54 - [TEST_STEP][PASSED] - symbols = symbols: null

2019-08-10 23:43:54 - [TEST_STEP][PASSED] - for ([j = 0, j &lt; symbols.size(), (j++)]): null

2019-08-10 23:43:54 - [TEST_STEP][PASSED] - symbol = symbol: null

2019-08-10 23:43:54 - [TEST_STEP][PASSED] - println(symbol): null

2019-08-10 23:43:54 - [TEST_STEP][PASSED] - if (i == 2 &amp;&amp; wildList.indexOf(symbol) != -1): null

2019-08-10 23:43:54 - [TEST_STEP][PASSED] - if (i == 3 &amp;&amp; wildList.indexOf(symbol) != -1): null

2019-08-10 23:43:54 - [TEST_STEP][PASSED] - if (i == 4 &amp;&amp; wildList.indexOf(symbol) != -1): null

2019-08-10 23:43:54 - [TEST_STEP][PASSED] - symbol = symbol: null

2019-08-10 23:43:54 - [TEST_STEP][PASSED] - println(symbol): null

2019-08-10 23:43:54 - [TEST_STEP][PASSED] - if (i == 2 &amp;&amp; wildList.indexOf(symbol) != -1): null

2019-08-10 23:43:54 - [TEST_STEP][PASSED] - if (i == 3 &amp;&amp; wildList.indexOf(symbol) != -1): null

2019-08-10 23:43:54 - [TEST_STEP][PASSED] - if (i == 4 &amp;&amp; wildList.indexOf(symbol) != -1): null

2019-08-10 23:43:54 - [TEST_STEP][PASSED] - symbol = symbol: null

2019-08-10 23:43:54 - [TEST_STEP][PASSED] - println(symbol): null

2019-08-10 23:43:54 - [TEST_STEP][PASSED] - if (i == 2 &amp;&amp; wildList.indexOf(symbol) != -1): null

2019-08-10 23:43:54 - [TEST_STEP][PASSED] - if (i == 3 &amp;&amp; wildList.indexOf(symbol) != -1): null

2019-08-10 23:43:54 - [TEST_STEP][PASSED] - if (i == 4 &amp;&amp; wildList.indexOf(symbol) != -1): null

2019-08-10 23:43:54 - [TEST_STEP][PASSED] - symbols = symbols: null

2019-08-10 23:43:54 - [TEST_STEP][PASSED] - for ([j = 0, j &lt; symbols.size(), (j++)]): null

2019-08-10 23:43:54 - [TEST_STEP][PASSED] - symbol = symbol: null

2019-08-10 23:43:54 - [TEST_STEP][PASSED] - println(symbol): null

2019-08-10 23:43:54 - [TEST_STEP][PASSED] - if (i == 2 &amp;&amp; wildList.indexOf(symbol) != -1): null

2019-08-10 23:43:54 - [TEST_STEP][PASSED] - if (i == 3 &amp;&amp; wildList.indexOf(symbol) != -1): null

2019-08-10 23:43:54 - [TEST_STEP][PASSED] - if (i == 4 &amp;&amp; wildList.indexOf(symbol) != -1): null

2019-08-10 23:43:54 - [TEST_STEP][PASSED] - symbol = symbol: null

2019-08-10 23:43:54 - [TEST_STEP][PASSED] - println(symbol): null

2019-08-10 23:43:54 - [TEST_STEP][PASSED] - if (i == 2 &amp;&amp; wildList.indexOf(symbol) != -1): null

2019-08-10 23:43:54 - [TEST_STEP][PASSED] - if (i == 3 &amp;&amp; wildList.indexOf(symbol) != -1): null

2019-08-10 23:43:54 - [TEST_STEP][PASSED] - if (i == 4 &amp;&amp; wildList.indexOf(symbol) != -1): null

2019-08-10 23:43:54 - [TEST_STEP][PASSED] - symbol = symbol: null

2019-08-10 23:43:54 - [TEST_STEP][PASSED] - println(symbol): null

2019-08-10 23:43:54 - [TEST_STEP][PASSED] - if (i == 2 &amp;&amp; wildList.indexOf(symbol) != -1): null

2019-08-10 23:43:54 - [TEST_STEP][PASSED] - if (i == 3 &amp;&amp; wildList.indexOf(symbol) != -1): null

2019-08-10 23:43:54 - [TEST_STEP][PASSED] - if (i == 4 &amp;&amp; wildList.indexOf(symbol) != -1): null

2019-08-10 23:43:54 - [TEST_STEP][PASSED] - symbols = symbols: null

2019-08-10 23:43:54 - [TEST_STEP][PASSED] - for ([j = 0, j &lt; symbols.size(), (j++)]): null

2019-08-10 23:43:54 - [TEST_STEP][PASSED] - symbol = symbol: null

2019-08-10 23:43:54 - [TEST_STEP][PASSED] - println(symbol): null

2019-08-10 23:43:54 - [TEST_STEP][PASSED] - if (i == 2 &amp;&amp; wildList.indexOf(symbol) != -1): null

2019-08-10 23:43:54 - [TEST_STEP][PASSED] - if (i == 3 &amp;&amp; wildList.indexOf(symbol) != -1): null

2019-08-10 23:43:54 - [TEST_STEP][PASSED] - if (i == 4 &amp;&amp; wildList.indexOf(symbol) != -1): null

2019-08-10 23:43:54 - [TEST_STEP][PASSED] - symbol = symbol: null

2019-08-10 23:43:54 - [TEST_STEP][PASSED] - println(symbol): null

2019-08-10 23:43:54 - [TEST_STEP][PASSED] - if (i == 2 &amp;&amp; wildList.indexOf(symbol) != -1): null

2019-08-10 23:43:54 - [TEST_STEP][PASSED] - if (i == 3 &amp;&amp; wildList.indexOf(symbol) != -1): null

2019-08-10 23:43:54 - [TEST_STEP][PASSED] - if (i == 4 &amp;&amp; wildList.indexOf(symbol) != -1): null

2019-08-10 23:43:54 - [TEST_STEP][PASSED] - symbol = symbol: null

2019-08-10 23:43:54 - [TEST_STEP][PASSED] - println(symbol): null

2019-08-10 23:43:54 - [TEST_STEP][PASSED] - if (i == 2 &amp;&amp; wildList.indexOf(symbol) != -1): null

2019-08-10 23:43:54 - [TEST_STEP][PASSED] - if (i == 3 &amp;&amp; wildList.indexOf(symbol) != -1): null

2019-08-10 23:43:54 - [TEST_STEP][PASSED] - if (i == 4 &amp;&amp; wildList.indexOf(symbol) != -1): null

2019-08-10 23:43:54 - [TEST_STEP][PASSED] - symbols = symbols: null

2019-08-10 23:43:54 - [TEST_STEP][PASSED] - for ([j = 0, j &lt; symbols.size(), (j++)]): null

2019-08-10 23:43:54 - [TEST_STEP][PASSED] - symbol = symbol: null

2019-08-10 23:43:54 - [TEST_STEP][PASSED] - println(symbol): null

2019-08-10 23:43:54 - [TEST_STEP][PASSED] - if (i == 2 &amp;&amp; wildList.indexOf(symbol) != -1): null

2019-08-10 23:43:54 - [TEST_STEP][PASSED] - if (i == 3 &amp;&amp; wildList.indexOf(symbol) != -1): null

2019-08-10 23:43:54 - [TEST_STEP][PASSED] - if (i == 4 &amp;&amp; wildList.indexOf(symbol) != -1): null

2019-08-10 23:43:54 - [TEST_STEP][PASSED] - symbol = symbol: null

2019-08-10 23:43:54 - [TEST_STEP][PASSED] - println(symbol): null

2019-08-10 23:43:54 - [TEST_STEP][PASSED] - if (i == 2 &amp;&amp; wildList.indexOf(symbol) != -1): null

2019-08-10 23:43:54 - [TEST_STEP][PASSED] - if (i == 3 &amp;&amp; wildList.indexOf(symbol) != -1): null

2019-08-10 23:43:54 - [TEST_STEP][PASSED] - println("wild found on reel 4, adding counter by 1"): null

2019-08-10 23:43:54 - [TEST_STEP][PASSED] - free_spin_reel_counter[1] = free_spin_reel_counter[1] + 1: null

2019-08-10 23:43:54 - [TEST_STEP][PASSED] - if (i == 4 &amp;&amp; wildList.indexOf(symbol) != -1): null

2019-08-10 23:43:54 - [TEST_STEP][PASSED] - symbol = symbol: null

2019-08-10 23:43:54 - [TEST_STEP][PASSED] - println(symbol): null

2019-08-10 23:43:54 - [TEST_STEP][PASSED] - if (i == 2 &amp;&amp; wildList.indexOf(symbol) != -1): null

2019-08-10 23:43:54 - [TEST_STEP][PASSED] - if (i == 3 &amp;&amp; wildList.indexOf(symbol) != -1): null

2019-08-10 23:43:54 - [TEST_STEP][PASSED] - if (i == 4 &amp;&amp; wildList.indexOf(symbol) != -1): null

2019-08-10 23:43:54 - [TEST_STEP][PASSED] - symbols = symbols: null

2019-08-10 23:43:54 - [TEST_STEP][PASSED] - for ([j = 0, j &lt; symbols.size(), (j++)]): null

2019-08-10 23:43:54 - [TEST_STEP][PASSED] - symbol = symbol: null

2019-08-10 23:43:54 - [TEST_STEP][PASSED] - println(symbol): null

2019-08-10 23:43:54 - [TEST_STEP][PASSED] - if (i == 2 &amp;&amp; wildList.indexOf(symbol) != -1): null

2019-08-10 23:43:54 - [TEST_STEP][PASSED] - if (i == 3 &amp;&amp; wildList.indexOf(symbol) != -1): null

2019-08-10 23:43:54 - [TEST_STEP][PASSED] - if (i == 4 &amp;&amp; wildList.indexOf(symbol) != -1): null

2019-08-10 23:43:54 - [TEST_STEP][PASSED] - println("wild found on reel 5, adding counter by 1"): null

2019-08-10 23:43:54 - [TEST_STEP][PASSED] - free_spin_reel_counter[2] = free_spin_reel_counter[2] + 1: null

2019-08-10 23:43:54 - [TEST_STEP][PASSED] - symbol = symbol: null

2019-08-10 23:43:54 - [TEST_STEP][PASSED] - println(symbol): null

2019-08-10 23:43:54 - [TEST_STEP][PASSED] - if (i == 2 &amp;&amp; wildList.indexOf(symbol) != -1): null

2019-08-10 23:43:54 - [TEST_STEP][PASSED] - if (i == 3 &amp;&amp; wildList.indexOf(symbol) != -1): null

2019-08-10 23:43:54 - [TEST_STEP][PASSED] - if (i == 4 &amp;&amp; wildList.indexOf(symbol) != -1): null

2019-08-10 23:43:54 - [TEST_STEP][PASSED] - symbol = symbol: null

2019-08-10 23:43:54 - [TEST_STEP][PASSED] - println(symbol): null

2019-08-10 23:43:54 - [TEST_STEP][PASSED] - if (i == 2 &amp;&amp; wildList.indexOf(symbol) != -1): null

2019-08-10 23:43:54 - [TEST_STEP][PASSED] - if (i == 3 &amp;&amp; wildList.indexOf(symbol) != -1): null

2019-08-10 23:43:54 - [TEST_STEP][PASSED] - if (i == 4 &amp;&amp; wildList.indexOf(symbol) != -1): null

2019-08-10 23:43:54 - [TEST_STEP][PASSED] - free_spin_reel_counter = free_spin_reel_counter: null

2019-08-10 23:43:54 - [TEST_STEP][PASSED] - println("reel 3 wild found: " + free_spin_reel_counter[0]): null

2019-08-10 23:43:54 - [TEST_STEP][PASSED] - println("reel 4 wild found: " + free_spin_reel_counter[1]): null

2019-08-10 23:43:54 - [TEST_STEP][PASSED] - println("reel 5 wild found: " + free_spin_reel_counter[2]): null

2019-08-10 23:43:54 - [TEST_STEP][PASSED] - M4_spin_reels = M4_spin_reels: null

2019-08-10 23:43:54 - [TEST_STEP][PASSED] - M4_spin_reels_symbols = symbol: null

2019-08-10 23:43:54 - [TEST_STEP][PASSED] - M4_spin_reels_symbols = M4_spin_reels_symbols: null

2019-08-10 23:43:54 - [TEST_STEP][PASSED] - M4_spin_reel_wins = reel_wins: null

2019-08-10 23:43:54 - [TEST_STEP][PASSED] - M4_spin_reel_wins = M4_spin_reel_wins: null

2019-08-10 23:43:54 - [TEST_STEP][PASSED] - println("GlobalVariable.M4_spin_reel_wins is: " + M4_spin_reel_wins): null

2019-08-10 23:43:54 - [TEST_STEP][PASSED] - M4_spin_total_bonus_win_this_round = total_bonus_win_this_round: null

2019-08-10 23:43:54 - [TEST_STEP][PASSED] - M4_spin_total_bonus_win_this_round = M4_spin_total_bonus_win_this_round: null

2019-08-10 23:43:54 - [TEST_STEP][PASSED] - println("GlobalVariable.M4_spin_total_bonus_win_this_round is: " + M4_spin_total_bonus_win_this_round): null

2019-08-10 23:43:54 - [MESSAGE][PASSED] - Verify response successfully

2019-08-10 23:43:54 - [MESSAGE][PASSED] - Send request and verify the response successfully

2019-08-10 23:43:54 - [TEST_STEP][PASSED] - if (M4_total_bonus_spins_int != 0 &amp;&amp; M4_spin_reels_symbols[2].contains("WILD_ExtraFG") || M4_spin_reels_symbols[3].contains("WILD_ExtraFG")): null

2019-08-10 23:43:54 - [TEST_STEP][PASSED] - free_spin_reel_counter = free_spin_reel_counter: null

2019-08-10 23:43:54 - [TEST_STEP][PASSED] - M4_spin_reels_symbols = M4_spin_reels_symbols: null

2019-08-10 23:43:54 - [TEST_STEP][PASSED] - M4_total_bonus_spins = M4_total_bonus_spins: null

2019-08-10 23:43:54 - [TEST_STEP][PASSED] - spin_result = sendRequestAndVerify(findTestObject("RGS(M4)/1_M4_spin", ["M4_login_user_id":M4_login_user_id, "rgs_session_token":rgs_session_token, "partner":Partner])): Send request and verify the response successfully

2019-08-10 23:43:55 - [TEST_CASE][PASSED] - Start Test Case : Verification: Verification accomplished successfully

2019-08-10 23:43:55 - [TEST_STEP][PASSED] - request = getInstance().getCurrentRequest(): null

2019-08-10 23:43:57 - [TEST_STEP][PASSED] - response = getInstance().getCurrentResponse(): null

2019-08-10 23:43:57 - [TEST_STEP][PASSED] - verifyResponseStatusCode(response, 200): Verify response status code successfully

2019-08-10 23:43:57 - [MESSAGE][PASSED] - Verify response status code successfully

2019-08-10 23:43:57 - [TEST_STEP][PASSED] - getStatusCode()).isEqualTo(200): null

2019-08-10 23:43:57 - [TEST_STEP][PASSED] - newline = System.getProperty("line.separator"): null

2019-08-10 23:43:57 - [TEST_STEP][PASSED] - M4_spin = new groovy.json.JsonSlurper(): null

2019-08-10 23:43:57 - [TEST_STEP][PASSED] - result_M4_spin = M4_spin.parseText(response.getResponseBodyContent()): null

2019-08-10 23:43:57 - [TEST_STEP][PASSED] - M4_spin_current_balance = current_balance: null

2019-08-10 23:43:57 - [TEST_STEP][PASSED] - M4_spin_current_balance = M4_spin_current_balance: null

2019-08-10 23:43:57 - [TEST_STEP][PASSED] - M4_spin_transaction_id = causality: null

2019-08-10 23:43:57 - [TEST_STEP][PASSED] - M4_spin_transaction_id = M4_spin_transaction_id: null

2019-08-10 23:43:57 - [TEST_STEP][PASSED] - M4_spin_round_id = round_id: null

2019-08-10 23:43:57 - [TEST_STEP][PASSED] - M4_spin_round_id = M4_spin_round_id: null

2019-08-10 23:43:57 - [TEST_STEP][PASSED] - M4_spin_line_wins = line_wins: null

2019-08-10 23:43:57 - [TEST_STEP][PASSED] - M4_spin_line_wins = M4_spin_line_wins: null

2019-08-10 23:43:57 - [TEST_STEP][PASSED] - M4_total_bonus_spins_int = total_bonus_spins: null

2019-08-10 23:43:57 - [TEST_STEP][PASSED] - println("******M4_total_bonus_spins type is:*******" + newline + getClass().getName()): null

2019-08-10 23:43:57 - [TEST_STEP][PASSED] - M4_total_bonus_spins_int = M4_total_bonus_spins_int: null

2019-08-10 23:43:57 - [TEST_STEP][PASSED] - M4_total_bonus_spins = Integer.toString(M4_total_bonus_spins_int): null

2019-08-10 23:43:57 - [TEST_STEP][PASSED] - M4_total_bonus_spins = M4_total_bonus_spins: null

2019-08-10 23:43:57 - [TEST_STEP][PASSED] - println("M4_total_bonus_spins is:" + M4_total_bonus_spins): null

2019-08-10 23:43:57 - [TEST_STEP][PASSED] - M4_spin_bonus_data = bonus_data: null

2019-08-10 23:43:57 - [TEST_STEP][PASSED] - M4_spin_features_triggered = result_M4_spin: null

2019-08-10 23:43:57 - [TEST_STEP][PASSED] - wild = []: null

2019-08-10 23:43:57 - [TEST_STEP][PASSED] - wild[0] = "WILD_Expanding": null

2019-08-10 23:43:57 - [TEST_STEP][PASSED] - wild[1] = "WILD_Normal": null

2019-08-10 23:43:57 - [TEST_STEP][PASSED] - wild[2] = "WILD_Double": null

2019-08-10 23:43:57 - [TEST_STEP][PASSED] - wild[3] = "WILD_ExtraFG": null

2019-08-10 23:43:57 - [TEST_STEP][PASSED] - wild[4] = "WILD_Triple": null

2019-08-10 23:43:57 - [TEST_STEP][PASSED] - wildList = Arrays.asList(wild): null

2019-08-10 23:43:57 - [TEST_STEP][PASSED] - wildList = wildList: null

2019-08-10 23:43:57 - [TEST_STEP][PASSED] - free_spin_reel_counter = []: null

2019-08-10 23:43:57 - [TEST_STEP][PASSED] - free_spin_reel_counter[0] = 0: null

2019-08-10 23:43:57 - [TEST_STEP][PASSED] - free_spin_reel_counter[1] = 0: null

2019-08-10 23:43:57 - [TEST_STEP][PASSED] - free_spin_reel_counter[2] = 0: null

2019-08-10 23:43:57 - [TEST_STEP][PASSED] - M4_spin_reels = reels: null

2019-08-10 23:43:57 - [TEST_STEP][PASSED] - for ([i = 0, i &lt; M4_spin_reels.size(), (i++)]): null

2019-08-10 23:43:57 - [TEST_STEP][PASSED] - symbols = symbols: null

2019-08-10 23:43:57 - [TEST_STEP][PASSED] - for ([j = 0, j &lt; symbols.size(), (j++)]): null

2019-08-10 23:43:57 - [TEST_STEP][PASSED] - symbol = symbol: null

2019-08-10 23:43:57 - [TEST_STEP][PASSED] - println(symbol): null

2019-08-10 23:43:57 - [TEST_STEP][PASSED] - if (i == 2 &amp;&amp; wildList.indexOf(symbol) != -1): null

2019-08-10 23:43:57 - [TEST_STEP][PASSED] - if (i == 3 &amp;&amp; wildList.indexOf(symbol) != -1): null

2019-08-10 23:43:57 - [TEST_STEP][PASSED] - if (i == 4 &amp;&amp; wildList.indexOf(symbol) != -1): null

2019-08-10 23:43:57 - [TEST_STEP][PASSED] - symbol = symbol: null

2019-08-10 23:43:57 - [TEST_STEP][PASSED] - println(symbol): null

2019-08-10 23:43:57 - [TEST_STEP][PASSED] - if (i == 2 &amp;&amp; wildList.indexOf(symbol) != -1): null

2019-08-10 23:43:57 - [TEST_STEP][PASSED] - if (i == 3 &amp;&amp; wildList.indexOf(symbol) != -1): null

2019-08-10 23:43:57 - [TEST_STEP][PASSED] - if (i == 4 &amp;&amp; wildList.indexOf(symbol) != -1): null

2019-08-10 23:43:57 - [TEST_STEP][PASSED] - symbol = symbol: null

2019-08-10 23:43:57 - [TEST_STEP][PASSED] - println(symbol): null

2019-08-10 23:43:57 - [TEST_STEP][PASSED] - if (i == 2 &amp;&amp; wildList.indexOf(symbol) != -1): null

2019-08-10 23:43:57 - [TEST_STEP][PASSED] - if (i == 3 &amp;&amp; wildList.indexOf(symbol) != -1): null

2019-08-10 23:43:57 - [TEST_STEP][PASSED] - if (i == 4 &amp;&amp; wildList.indexOf(symbol) != -1): null

2019-08-10 23:43:57 - [TEST_STEP][PASSED] - symbols = symbols: null

2019-08-10 23:43:57 - [TEST_STEP][PASSED] - for ([j = 0, j &lt; symbols.size(), (j++)]): null

2019-08-10 23:43:57 - [TEST_STEP][PASSED] - symbol = symbol: null

2019-08-10 23:43:57 - [TEST_STEP][PASSED] - println(symbol): null

2019-08-10 23:43:57 - [TEST_STEP][PASSED] - if (i == 2 &amp;&amp; wildList.indexOf(symbol) != -1): null

2019-08-10 23:43:57 - [TEST_STEP][PASSED] - if (i == 3 &amp;&amp; wildList.indexOf(symbol) != -1): null

2019-08-10 23:43:57 - [TEST_STEP][PASSED] - if (i == 4 &amp;&amp; wildList.indexOf(symbol) != -1): null

2019-08-10 23:43:57 - [TEST_STEP][PASSED] - symbol = symbol: null

2019-08-10 23:43:57 - [TEST_STEP][PASSED] - println(symbol): null

2019-08-10 23:43:57 - [TEST_STEP][PASSED] - if (i == 2 &amp;&amp; wildList.indexOf(symbol) != -1): null

2019-08-10 23:43:57 - [TEST_STEP][PASSED] - if (i == 3 &amp;&amp; wildList.indexOf(symbol) != -1): null

2019-08-10 23:43:57 - [TEST_STEP][PASSED] - if (i == 4 &amp;&amp; wildList.indexOf(symbol) != -1): null

2019-08-10 23:43:57 - [TEST_STEP][PASSED] - symbol = symbol: null

2019-08-10 23:43:57 - [TEST_STEP][PASSED] - println(symbol): null

2019-08-10 23:43:57 - [TEST_STEP][PASSED] - if (i == 2 &amp;&amp; wildList.indexOf(symbol) != -1): null

2019-08-10 23:43:57 - [TEST_STEP][PASSED] - if (i == 3 &amp;&amp; wildList.indexOf(symbol) != -1): null

2019-08-10 23:43:57 - [TEST_STEP][PASSED] - if (i == 4 &amp;&amp; wildList.indexOf(symbol) != -1): null

2019-08-10 23:43:57 - [TEST_STEP][PASSED] - symbols = symbols: null

2019-08-10 23:43:57 - [TEST_STEP][PASSED] - for ([j = 0, j &lt; symbols.size(), (j++)]): null

2019-08-10 23:43:57 - [TEST_STEP][PASSED] - symbol = symbol: null

2019-08-10 23:43:57 - [TEST_STEP][PASSED] - println(symbol): null

2019-08-10 23:43:57 - [TEST_STEP][PASSED] - if (i == 2 &amp;&amp; wildList.indexOf(symbol) != -1): null

2019-08-10 23:43:57 - [TEST_STEP][PASSED] - if (i == 3 &amp;&amp; wildList.indexOf(symbol) != -1): null

2019-08-10 23:43:57 - [TEST_STEP][PASSED] - if (i == 4 &amp;&amp; wildList.indexOf(symbol) != -1): null

2019-08-10 23:43:57 - [TEST_STEP][PASSED] - symbol = symbol: null

2019-08-10 23:43:57 - [TEST_STEP][PASSED] - println(symbol): null

2019-08-10 23:43:57 - [TEST_STEP][PASSED] - if (i == 2 &amp;&amp; wildList.indexOf(symbol) != -1): null

2019-08-10 23:43:57 - [TEST_STEP][PASSED] - if (i == 3 &amp;&amp; wildList.indexOf(symbol) != -1): null

2019-08-10 23:43:57 - [TEST_STEP][PASSED] - if (i == 4 &amp;&amp; wildList.indexOf(symbol) != -1): null

2019-08-10 23:43:57 - [TEST_STEP][PASSED] - symbol = symbol: null

2019-08-10 23:43:57 - [TEST_STEP][PASSED] - println(symbol): null

2019-08-10 23:43:57 - [TEST_STEP][PASSED] - if (i == 2 &amp;&amp; wildList.indexOf(symbol) != -1): null

2019-08-10 23:43:57 - [TEST_STEP][PASSED] - if (i == 3 &amp;&amp; wildList.indexOf(symbol) != -1): null

2019-08-10 23:43:57 - [TEST_STEP][PASSED] - if (i == 4 &amp;&amp; wildList.indexOf(symbol) != -1): null

2019-08-10 23:43:57 - [TEST_STEP][PASSED] - symbols = symbols: null

2019-08-10 23:43:57 - [TEST_STEP][PASSED] - for ([j = 0, j &lt; symbols.size(), (j++)]): null

2019-08-10 23:43:57 - [TEST_STEP][PASSED] - symbol = symbol: null

2019-08-10 23:43:57 - [TEST_STEP][PASSED] - println(symbol): null

2019-08-10 23:43:57 - [TEST_STEP][PASSED] - if (i == 2 &amp;&amp; wildList.indexOf(symbol) != -1): null

2019-08-10 23:43:57 - [TEST_STEP][PASSED] - if (i == 3 &amp;&amp; wildList.indexOf(symbol) != -1): null

2019-08-10 23:43:57 - [TEST_STEP][PASSED] - if (i == 4 &amp;&amp; wildList.indexOf(symbol) != -1): null

2019-08-10 23:43:57 - [TEST_STEP][PASSED] - symbol = symbol: null

2019-08-10 23:43:57 - [TEST_STEP][PASSED] - println(symbol): null

2019-08-10 23:43:57 - [TEST_STEP][PASSED] - if (i == 2 &amp;&amp; wildList.indexOf(symbol) != -1): null

2019-08-10 23:43:57 - [TEST_STEP][PASSED] - if (i == 3 &amp;&amp; wildList.indexOf(symbol) != -1): null

2019-08-10 23:43:57 - [TEST_STEP][PASSED] - println("wild found on reel 4, adding counter by 1"): null

2019-08-10 23:43:57 - [TEST_STEP][PASSED] - free_spin_reel_counter[1] = free_spin_reel_counter[1] + 1: null

2019-08-10 23:43:57 - [TEST_STEP][PASSED] - if (i == 4 &amp;&amp; wildList.indexOf(symbol) != -1): null

2019-08-10 23:43:57 - [TEST_STEP][PASSED] - symbol = symbol: null

2019-08-10 23:43:57 - [TEST_STEP][PASSED] - println(symbol): null

2019-08-10 23:43:57 - [TEST_STEP][PASSED] - if (i == 2 &amp;&amp; wildList.indexOf(symbol) != -1): null

2019-08-10 23:43:57 - [TEST_STEP][PASSED] - if (i == 3 &amp;&amp; wildList.indexOf(symbol) != -1): null

2019-08-10 23:43:57 - [TEST_STEP][PASSED] - if (i == 4 &amp;&amp; wildList.indexOf(symbol) != -1): null

2019-08-10 23:43:57 - [TEST_STEP][PASSED] - symbols = symbols: null

2019-08-10 23:43:57 - [TEST_STEP][PASSED] - for ([j = 0, j &lt; symbols.size(), (j++)]): null

2019-08-10 23:43:57 - [TEST_STEP][PASSED] - symbol = symbol: null

2019-08-10 23:43:57 - [TEST_STEP][PASSED] - println(symbol): null

2019-08-10 23:43:57 - [TEST_STEP][PASSED] - if (i == 2 &amp;&amp; wildList.indexOf(symbol) != -1): null

2019-08-10 23:43:57 - [TEST_STEP][PASSED] - if (i == 3 &amp;&amp; wildList.indexOf(symbol) != -1): null

2019-08-10 23:43:57 - [TEST_STEP][PASSED] - if (i == 4 &amp;&amp; wildList.indexOf(symbol) != -1): null

2019-08-10 23:43:57 - [TEST_STEP][PASSED] - symbol = symbol: null

2019-08-10 23:43:57 - [TEST_STEP][PASSED] - println(symbol): null

2019-08-10 23:43:57 - [TEST_STEP][PASSED] - if (i == 2 &amp;&amp; wildList.indexOf(symbol) != -1): null

2019-08-10 23:43:57 - [TEST_STEP][PASSED] - if (i == 3 &amp;&amp; wildList.indexOf(symbol) != -1): null

2019-08-10 23:43:57 - [TEST_STEP][PASSED] - if (i == 4 &amp;&amp; wildList.indexOf(symbol) != -1): null

2019-08-10 23:43:57 - [TEST_STEP][PASSED] - symbol = symbol: null

2019-08-10 23:43:57 - [TEST_STEP][PASSED] - println(symbol): null

2019-08-10 23:43:57 - [TEST_STEP][PASSED] - if (i == 2 &amp;&amp; wildList.indexOf(symbol) != -1): null

2019-08-10 23:43:57 - [TEST_STEP][PASSED] - if (i == 3 &amp;&amp; wildList.indexOf(symbol) != -1): null

2019-08-10 23:43:57 - [TEST_STEP][PASSED] - if (i == 4 &amp;&amp; wildList.indexOf(symbol) != -1): null

2019-08-10 23:43:57 - [TEST_STEP][PASSED] - free_spin_reel_counter = free_spin_reel_counter: null

2019-08-10 23:43:57 - [TEST_STEP][PASSED] - println("reel 3 wild found: " + free_spin_reel_counter[0]): null

2019-08-10 23:43:57 - [TEST_STEP][PASSED] - println("reel 4 wild found: " + free_spin_reel_counter[1]): null

2019-08-10 23:43:57 - [TEST_STEP][PASSED] - println("reel 5 wild found: " + free_spin_reel_counter[2]): null

2019-08-10 23:43:57 - [TEST_STEP][PASSED] - M4_spin_reels = M4_spin_reels: null

2019-08-10 23:43:57 - [TEST_STEP][PASSED] - M4_spin_reels_symbols = symbol: null

2019-08-10 23:43:57 - [TEST_STEP][PASSED] - M4_spin_reels_symbols = M4_spin_reels_symbols: null

2019-08-10 23:43:57 - [TEST_STEP][PASSED] - M4_spin_reel_wins = reel_wins: null

2019-08-10 23:43:57 - [TEST_STEP][PASSED] - M4_spin_reel_wins = M4_spin_reel_wins: null

2019-08-10 23:43:57 - [TEST_STEP][PASSED] - println("GlobalVariable.M4_spin_reel_wins is: " + M4_spin_reel_wins): null

2019-08-10 23:43:57 - [TEST_STEP][PASSED] - M4_spin_total_bonus_win_this_round = total_bonus_win_this_round: null

2019-08-10 23:43:57 - [TEST_STEP][PASSED] - M4_spin_total_bonus_win_this_round = M4_spin_total_bonus_win_this_round: null

2019-08-10 23:43:57 - [TEST_STEP][PASSED] - println("GlobalVariable.M4_spin_total_bonus_win_this_round is: " + M4_spin_total_bonus_win_this_round): null

2019-08-10 23:43:57 - [MESSAGE][PASSED] - Verify response successfully

2019-08-10 23:43:57 - [MESSAGE][PASSED] - Send request and verify the response successfully

2019-08-10 23:43:57 - [TEST_STEP][PASSED] - if (M4_total_bonus_spins_int != 0 &amp;&amp; M4_spin_reels_symbols[2].contains("WILD_ExtraFG") || M4_spin_reels_symbols[3].contains("WILD_ExtraFG")): null

2019-08-10 23:43:57 - [TEST_STEP][PASSED] - free_spin_reel_counter = free_spin_reel_counter: null

2019-08-10 23:43:57 - [TEST_STEP][PASSED] - M4_spin_reels_symbols = M4_spin_reels_symbols: null

2019-08-10 23:43:57 - [TEST_STEP][PASSED] - M4_total_bonus_spins = M4_total_bonus_spins: null

2019-08-10 23:43:57 - [TEST_STEP][PASSED] - spin_result = sendRequestAndVerify(findTestObject("RGS(M4)/1_M4_spin", ["M4_login_user_id":M4_login_user_id, "rgs_session_token":rgs_session_token, "partner":Partner])): Send request and verify the response successfully

2019-08-10 23:43:57 - [TEST_CASE][PASSED] - Start Test Case : Verification: Verification accomplished successfully

2019-08-10 23:43:57 - [TEST_STEP][PASSED] - request = getInstance().getCurrentRequest(): null

2019-08-10 23:43:57 - [TEST_STEP][PASSED] - response = getInstance().getCurrentResponse(): null

2019-08-10 23:43:57 - [TEST_STEP][PASSED] - verifyResponseStatusCode(response, 200): Verify response status code successfully

2019-08-10 23:43:57 - [MESSAGE][PASSED] - Verify response status code successfully

2019-08-10 23:43:57 - [TEST_STEP][PASSED] - getStatusCode()).isEqualTo(200): null

2019-08-10 23:43:57 - [TEST_STEP][PASSED] - newline = System.getProperty("line.separator"): null

2019-08-10 23:43:57 - [TEST_STEP][PASSED] - M4_spin = new groovy.json.JsonSlurper(): null

2019-08-10 23:43:57 - [TEST_STEP][PASSED] - result_M4_spin = M4_spin.parseText(response.getResponseBodyContent()): null

2019-08-10 23:43:57 - [TEST_STEP][PASSED] - M4_spin_current_balance = current_balance: null

2019-08-10 23:43:57 - [TEST_STEP][PASSED] - M4_spin_current_balance = M4_spin_current_balance: null

2019-08-10 23:43:57 - [TEST_STEP][PASSED] - M4_spin_transaction_id = causality: null

2019-08-10 23:43:57 - [TEST_STEP][PASSED] - M4_spin_transaction_id = M4_spin_transaction_id: null

2019-08-10 23:43:57 - [TEST_STEP][PASSED] - M4_spin_round_id = round_id: null

2019-08-10 23:43:57 - [TEST_STEP][PASSED] - M4_spin_round_id = M4_spin_round_id: null

2019-08-10 23:43:57 - [TEST_STEP][PASSED] - M4_spin_line_wins = line_wins: null

2019-08-10 23:43:57 - [TEST_STEP][PASSED] - M4_spin_line_wins = M4_spin_line_wins: null

2019-08-10 23:43:57 - [TEST_STEP][PASSED] - M4_total_bonus_spins_int = total_bonus_spins: null

2019-08-10 23:43:57 - [TEST_STEP][PASSED] - println("******M4_total_bonus_spins type is:*******" + newline + getClass().getName()): null

2019-08-10 23:43:57 - [TEST_STEP][PASSED] - M4_total_bonus_spins_int = M4_total_bonus_spins_int: null

2019-08-10 23:43:57 - [TEST_STEP][PASSED] - M4_total_bonus_spins = Integer.toString(M4_total_bonus_spins_int): null

2019-08-10 23:43:57 - [TEST_STEP][PASSED] - M4_total_bonus_spins = M4_total_bonus_spins: null

2019-08-10 23:43:57 - [TEST_STEP][PASSED] - println("M4_total_bonus_spins is:" + M4_total_bonus_spins): null

2019-08-10 23:43:57 - [TEST_STEP][PASSED] - M4_spin_bonus_data = bonus_data: null

2019-08-10 23:43:57 - [TEST_STEP][PASSED] - M4_spin_features_triggered = result_M4_spin: null

2019-08-10 23:43:57 - [TEST_STEP][PASSED] - wild = []: null

2019-08-10 23:43:57 - [TEST_STEP][PASSED] - wild[0] = "WILD_Expanding": null

2019-08-10 23:43:57 - [TEST_STEP][PASSED] - wild[1] = "WILD_Normal": null

2019-08-10 23:43:57 - [TEST_STEP][PASSED] - wild[2] = "WILD_Double": null

2019-08-10 23:43:57 - [TEST_STEP][PASSED] - wild[3] = "WILD_ExtraFG": null

2019-08-10 23:43:57 - [TEST_STEP][PASSED] - wild[4] = "WILD_Triple": null

2019-08-10 23:43:57 - [TEST_STEP][PASSED] - wildList = Arrays.asList(wild): null

2019-08-10 23:43:57 - [TEST_STEP][PASSED] - wildList = wildList: null

2019-08-10 23:43:57 - [TEST_STEP][PASSED] - free_spin_reel_counter = []: null

2019-08-10 23:43:57 - [TEST_STEP][PASSED] - free_spin_reel_counter[0] = 0: null

2019-08-10 23:43:57 - [TEST_STEP][PASSED] - free_spin_reel_counter[1] = 0: null

2019-08-10 23:43:57 - [TEST_STEP][PASSED] - free_spin_reel_counter[2] = 0: null

2019-08-10 23:43:57 - [TEST_STEP][PASSED] - M4_spin_reels = reels: null

2019-08-10 23:43:57 - [TEST_STEP][PASSED] - for ([i = 0, i &lt; M4_spin_reels.size(), (i++)]): null

2019-08-10 23:43:57 - [TEST_STEP][PASSED] - symbols = symbols: null

2019-08-10 23:43:57 - [TEST_STEP][PASSED] - for ([j = 0, j &lt; symbols.size(), (j++)]): null

2019-08-10 23:43:57 - [TEST_STEP][PASSED] - symbol = symbol: null

2019-08-10 23:43:57 - [TEST_STEP][PASSED] - println(symbol): null

2019-08-10 23:43:57 - [TEST_STEP][PASSED] - if (i == 2 &amp;&amp; wildList.indexOf(symbol) != -1): null

2019-08-10 23:43:57 - [TEST_STEP][PASSED] - if (i == 3 &amp;&amp; wildList.indexOf(symbol) != -1): null

2019-08-10 23:43:57 - [TEST_STEP][PASSED] - if (i == 4 &amp;&amp; wildList.indexOf(symbol) != -1): null

2019-08-10 23:43:57 - [TEST_STEP][PASSED] - symbol = symbol: null

2019-08-10 23:43:57 - [TEST_STEP][PASSED] - println(symbol): null

2019-08-10 23:43:57 - [TEST_STEP][PASSED] - if (i == 2 &amp;&amp; wildList.indexOf(symbol) != -1): null

2019-08-10 23:43:57 - [TEST_STEP][PASSED] - if (i == 3 &amp;&amp; wildList.indexOf(symbol) != -1): null

2019-08-10 23:43:57 - [TEST_STEP][PASSED] - if (i == 4 &amp;&amp; wildList.indexOf(symbol) != -1): null

2019-08-10 23:43:57 - [TEST_STEP][PASSED] - symbol = symbol: null

2019-08-10 23:43:57 - [TEST_STEP][PASSED] - println(symbol): null

2019-08-10 23:43:57 - [TEST_STEP][PASSED] - if (i == 2 &amp;&amp; wildList.indexOf(symbol) != -1): null

2019-08-10 23:43:57 - [TEST_STEP][PASSED] - if (i == 3 &amp;&amp; wildList.indexOf(symbol) != -1): null

2019-08-10 23:43:57 - [TEST_STEP][PASSED] - if (i == 4 &amp;&amp; wildList.indexOf(symbol) != -1): null

2019-08-10 23:43:57 - [TEST_STEP][PASSED] - symbols = symbols: null

2019-08-10 23:43:57 - [TEST_STEP][PASSED] - for ([j = 0, j &lt; symbols.size(), (j++)]): null

2019-08-10 23:43:57 - [TEST_STEP][PASSED] - symbol = symbol: null

2019-08-10 23:43:57 - [TEST_STEP][PASSED] - println(symbol): null

2019-08-10 23:43:57 - [TEST_STEP][PASSED] - if (i == 2 &amp;&amp; wildList.indexOf(symbol) != -1): null

2019-08-10 23:43:57 - [TEST_STEP][PASSED] - if (i == 3 &amp;&amp; wildList.indexOf(symbol) != -1): null

2019-08-10 23:43:57 - [TEST_STEP][PASSED] - if (i == 4 &amp;&amp; wildList.indexOf(symbol) != -1): null

2019-08-10 23:43:57 - [TEST_STEP][PASSED] - symbol = symbol: null

2019-08-10 23:43:57 - [TEST_STEP][PASSED] - println(symbol): null

2019-08-10 23:43:57 - [TEST_STEP][PASSED] - if (i == 2 &amp;&amp; wildList.indexOf(symbol) != -1): null

2019-08-10 23:43:57 - [TEST_STEP][PASSED] - if (i == 3 &amp;&amp; wildList.indexOf(symbol) != -1): null

2019-08-10 23:43:57 - [TEST_STEP][PASSED] - if (i == 4 &amp;&amp; wildList.indexOf(symbol) != -1): null

2019-08-10 23:43:57 - [TEST_STEP][PASSED] - symbol = symbol: null

2019-08-10 23:43:57 - [TEST_STEP][PASSED] - println(symbol): null

2019-08-10 23:43:57 - [TEST_STEP][PASSED] - if (i == 2 &amp;&amp; wildList.indexOf(symbol) != -1): null

2019-08-10 23:43:57 - [TEST_STEP][PASSED] - if (i == 3 &amp;&amp; wildList.indexOf(symbol) != -1): null

2019-08-10 23:43:57 - [TEST_STEP][PASSED] - if (i == 4 &amp;&amp; wildList.indexOf(symbol) != -1): null

2019-08-10 23:43:57 - [TEST_STEP][PASSED] - symbols = symbols: null

2019-08-10 23:43:57 - [TEST_STEP][PASSED] - for ([j = 0, j &lt; symbols.size(), (j++)]): null

2019-08-10 23:43:57 - [TEST_STEP][PASSED] - symbol = symbol: null

2019-08-10 23:43:57 - [TEST_STEP][PASSED] - println(symbol): null

2019-08-10 23:43:57 - [TEST_STEP][PASSED] - if (i == 2 &amp;&amp; wildList.indexOf(symbol) != -1): null

2019-08-10 23:43:57 - [TEST_STEP][PASSED] - if (i == 3 &amp;&amp; wildList.indexOf(symbol) != -1): null

2019-08-10 23:43:57 - [TEST_STEP][PASSED] - if (i == 4 &amp;&amp; wildList.indexOf(symbol) != -1): null

2019-08-10 23:43:57 - [TEST_STEP][PASSED] - symbol = symbol: null

2019-08-10 23:43:57 - [TEST_STEP][PASSED] - println(symbol): null

2019-08-10 23:43:57 - [TEST_STEP][PASSED] - if (i == 2 &amp;&amp; wildList.indexOf(symbol) != -1): null

2019-08-10 23:43:57 - [TEST_STEP][PASSED] - if (i == 3 &amp;&amp; wildList.indexOf(symbol) != -1): null

2019-08-10 23:43:57 - [TEST_STEP][PASSED] - if (i == 4 &amp;&amp; wildList.indexOf(symbol) != -1): null

2019-08-10 23:43:57 - [TEST_STEP][PASSED] - symbol = symbol: null

2019-08-10 23:43:57 - [TEST_STEP][PASSED] - println(symbol): null

2019-08-10 23:43:57 - [TEST_STEP][PASSED] - if (i == 2 &amp;&amp; wildList.indexOf(symbol) != -1): null

2019-08-10 23:43:57 - [TEST_STEP][PASSED] - if (i == 3 &amp;&amp; wildList.indexOf(symbol) != -1): null

2019-08-10 23:43:57 - [TEST_STEP][PASSED] - if (i == 4 &amp;&amp; wildList.indexOf(symbol) != -1): null

2019-08-10 23:43:57 - [TEST_STEP][PASSED] - symbols = symbols: null

2019-08-10 23:43:57 - [TEST_STEP][PASSED] - for ([j = 0, j &lt; symbols.size(), (j++)]): null

2019-08-10 23:43:57 - [TEST_STEP][PASSED] - symbol = symbol: null

2019-08-10 23:43:57 - [TEST_STEP][PASSED] - println(symbol): null

2019-08-10 23:43:57 - [TEST_STEP][PASSED] - if (i == 2 &amp;&amp; wildList.indexOf(symbol) != -1): null

2019-08-10 23:43:57 - [TEST_STEP][PASSED] - if (i == 3 &amp;&amp; wildList.indexOf(symbol) != -1): null

2019-08-10 23:43:57 - [TEST_STEP][PASSED] - if (i == 4 &amp;&amp; wildList.indexOf(symbol) != -1): null

2019-08-10 23:43:57 - [TEST_STEP][PASSED] - symbol = symbol: null

2019-08-10 23:43:57 - [TEST_STEP][PASSED] - println(symbol): null

2019-08-10 23:43:57 - [TEST_STEP][PASSED] - if (i == 2 &amp;&amp; wildList.indexOf(symbol) != -1): null

2019-08-10 23:43:57 - [TEST_STEP][PASSED] - if (i == 3 &amp;&amp; wildList.indexOf(symbol) != -1): null

2019-08-10 23:43:57 - [TEST_STEP][PASSED] - if (i == 4 &amp;&amp; wildList.indexOf(symbol) != -1): null

2019-08-10 23:43:57 - [TEST_STEP][PASSED] - symbol = symbol: null

2019-08-10 23:43:57 - [TEST_STEP][PASSED] - println(symbol): null

2019-08-10 23:43:57 - [TEST_STEP][PASSED] - if (i == 2 &amp;&amp; wildList.indexOf(symbol) != -1): null

2019-08-10 23:43:57 - [TEST_STEP][PASSED] - if (i == 3 &amp;&amp; wildList.indexOf(symbol) != -1): null

2019-08-10 23:43:57 - [TEST_STEP][PASSED] - if (i == 4 &amp;&amp; wildList.indexOf(symbol) != -1): null

2019-08-10 23:43:57 - [TEST_STEP][PASSED] - symbols = symbols: null

2019-08-10 23:43:57 - [TEST_STEP][PASSED] - for ([j = 0, j &lt; symbols.size(), (j++)]): null

2019-08-10 23:43:57 - [TEST_STEP][PASSED] - symbol = symbol: null

2019-08-10 23:43:57 - [TEST_STEP][PASSED] - println(symbol): null

2019-08-10 23:43:57 - [TEST_STEP][PASSED] - if (i == 2 &amp;&amp; wildList.indexOf(symbol) != -1): null

2019-08-10 23:43:57 - [TEST_STEP][PASSED] - if (i == 3 &amp;&amp; wildList.indexOf(symbol) != -1): null

2019-08-10 23:43:57 - [TEST_STEP][PASSED] - if (i == 4 &amp;&amp; wildList.indexOf(symbol) != -1): null

2019-08-10 23:43:57 - [TEST_STEP][PASSED] - symbol = symbol: null

2019-08-10 23:43:57 - [TEST_STEP][PASSED] - println(symbol): null

2019-08-10 23:43:57 - [TEST_STEP][PASSED] - if (i == 2 &amp;&amp; wildList.indexOf(symbol) != -1): null

2019-08-10 23:43:57 - [TEST_STEP][PASSED] - if (i == 3 &amp;&amp; wildList.indexOf(symbol) != -1): null

2019-08-10 23:43:57 - [TEST_STEP][PASSED] - if (i == 4 &amp;&amp; wildList.indexOf(symbol) != -1): null

2019-08-10 23:43:57 - [TEST_STEP][PASSED] - symbol = symbol: null

2019-08-10 23:43:57 - [TEST_STEP][PASSED] - println(symbol): null

2019-08-10 23:43:57 - [TEST_STEP][PASSED] - if (i == 2 &amp;&amp; wildList.indexOf(symbol) != -1): null

2019-08-10 23:43:57 - [TEST_STEP][PASSED] - if (i == 3 &amp;&amp; wildList.indexOf(symbol) != -1): null

2019-08-10 23:43:57 - [TEST_STEP][PASSED] - if (i == 4 &amp;&amp; wildList.indexOf(symbol) != -1): null

2019-08-10 23:43:57 - [TEST_STEP][PASSED] - free_spin_reel_counter = free_spin_reel_counter: null

2019-08-10 23:43:57 - [TEST_STEP][PASSED] - println("reel 3 wild found: " + free_spin_reel_counter[0]): null

2019-08-10 23:43:57 - [TEST_STEP][PASSED] - println("reel 4 wild found: " + free_spin_reel_counter[1]): null

2019-08-10 23:43:57 - [TEST_STEP][PASSED] - println("reel 5 wild found: " + free_spin_reel_counter[2]): null

2019-08-10 23:43:57 - [TEST_STEP][PASSED] - M4_spin_reels = M4_spin_reels: null

2019-08-10 23:43:57 - [TEST_STEP][PASSED] - M4_spin_reels_symbols = symbol: null

2019-08-10 23:43:57 - [TEST_STEP][PASSED] - M4_spin_reels_symbols = M4_spin_reels_symbols: null

2019-08-10 23:43:57 - [TEST_STEP][PASSED] - M4_spin_reel_wins = reel_wins: null

2019-08-10 23:43:57 - [TEST_STEP][PASSED] - M4_spin_reel_wins = M4_spin_reel_wins: null

2019-08-10 23:43:57 - [TEST_STEP][PASSED] - println("GlobalVariable.M4_spin_reel_wins is: " + M4_spin_reel_wins): null

2019-08-10 23:43:57 - [TEST_STEP][PASSED] - M4_spin_total_bonus_win_this_round = total_bonus_win_this_round: null

2019-08-10 23:43:57 - [TEST_STEP][PASSED] - M4_spin_total_bonus_win_this_round = M4_spin_total_bonus_win_this_round: null

2019-08-10 23:43:57 - [TEST_STEP][PASSED] - println("GlobalVariable.M4_spin_total_bonus_win_this_round is: " + M4_spin_total_bonus_win_this_round): null

2019-08-10 23:43:57 - [MESSAGE][PASSED] - Verify response successfully

2019-08-10 23:43:57 - [MESSAGE][PASSED] - Send request and verify the response successfully

2019-08-10 23:43:57 - [TEST_STEP][PASSED] - if (M4_total_bonus_spins_int != 0 &amp;&amp; M4_spin_reels_symbols[2].contains("WILD_ExtraFG") || M4_spin_reels_symbols[3].contains("WILD_ExtraFG")): null

2019-08-10 23:43:57 - [TEST_STEP][PASSED] - free_spin_reel_counter = free_spin_reel_counter: null

2019-08-10 23:43:57 - [TEST_STEP][PASSED] - M4_spin_reels_symbols = M4_spin_reels_symbols: null

2019-08-10 23:43:57 - [TEST_STEP][PASSED] - M4_total_bonus_spins = M4_total_bonus_spins: null

2019-08-10 23:43:57 - [TEST_STEP][PASSED] - spin_result = sendRequestAndVerify(findTestObject("RGS(M4)/1_M4_spin", ["M4_login_user_id":M4_login_user_id, "rgs_session_token":rgs_session_token, "partner":Partner])): Send request and verify the response successfully

2019-08-10 23:43:58 - [TEST_CASE][PASSED] - Start Test Case : Verification: Verification accomplished successfully

2019-08-10 23:43:58 - [TEST_STEP][PASSED] - request = getInstance().getCurrentRequest(): null

2019-08-10 23:43:58 - [TEST_STEP][PASSED] - response = getInstance().getCurrentResponse(): null

2019-08-10 23:43:58 - [TEST_STEP][PASSED] - verifyResponseStatusCode(response, 200): Verify response status code successfully

2019-08-10 23:43:58 - [MESSAGE][PASSED] - Verify response status code successfully

2019-08-10 23:43:58 - [TEST_STEP][PASSED] - getStatusCode()).isEqualTo(200): null

2019-08-10 23:43:58 - [TEST_STEP][PASSED] - newline = System.getProperty("line.separator"): null

2019-08-10 23:43:58 - [TEST_STEP][PASSED] - M4_spin = new groovy.json.JsonSlurper(): null

2019-08-10 23:43:58 - [TEST_STEP][PASSED] - result_M4_spin = M4_spin.parseText(response.getResponseBodyContent()): null

2019-08-10 23:43:58 - [TEST_STEP][PASSED] - M4_spin_current_balance = current_balance: null

2019-08-10 23:43:58 - [TEST_STEP][PASSED] - M4_spin_current_balance = M4_spin_current_balance: null

2019-08-10 23:43:58 - [TEST_STEP][PASSED] - M4_spin_transaction_id = causality: null

2019-08-10 23:43:58 - [TEST_STEP][PASSED] - M4_spin_transaction_id = M4_spin_transaction_id: null

2019-08-10 23:43:58 - [TEST_STEP][PASSED] - M4_spin_round_id = round_id: null

2019-08-10 23:43:58 - [TEST_STEP][PASSED] - M4_spin_round_id = M4_spin_round_id: null

2019-08-10 23:43:58 - [TEST_STEP][PASSED] - M4_spin_line_wins = line_wins: null

2019-08-10 23:43:58 - [TEST_STEP][PASSED] - M4_spin_line_wins = M4_spin_line_wins: null

2019-08-10 23:43:58 - [TEST_STEP][PASSED] - M4_total_bonus_spins_int = total_bonus_spins: null

2019-08-10 23:43:58 - [TEST_STEP][PASSED] - println("******M4_total_bonus_spins type is:*******" + newline + getClass().getName()): null

2019-08-10 23:43:58 - [TEST_STEP][PASSED] - M4_total_bonus_spins_int = M4_total_bonus_spins_int: null

2019-08-10 23:43:58 - [TEST_STEP][PASSED] - M4_total_bonus_spins = Integer.toString(M4_total_bonus_spins_int): null

2019-08-10 23:43:58 - [TEST_STEP][PASSED] - M4_total_bonus_spins = M4_total_bonus_spins: null

2019-08-10 23:43:58 - [TEST_STEP][PASSED] - println("M4_total_bonus_spins is:" + M4_total_bonus_spins): null

2019-08-10 23:43:58 - [TEST_STEP][PASSED] - M4_spin_bonus_data = bonus_data: null

2019-08-10 23:43:58 - [TEST_STEP][PASSED] - M4_spin_features_triggered = result_M4_spin: null

2019-08-10 23:43:58 - [TEST_STEP][PASSED] - wild = []: null

2019-08-10 23:43:58 - [TEST_STEP][PASSED] - wild[0] = "WILD_Expanding": null

2019-08-10 23:43:58 - [TEST_STEP][PASSED] - wild[1] = "WILD_Normal": null

2019-08-10 23:43:58 - [TEST_STEP][PASSED] - wild[2] = "WILD_Double": null

2019-08-10 23:43:58 - [TEST_STEP][PASSED] - wild[3] = "WILD_ExtraFG": null

2019-08-10 23:43:58 - [TEST_STEP][PASSED] - wild[4] = "WILD_Triple": null

2019-08-10 23:43:58 - [TEST_STEP][PASSED] - wildList = Arrays.asList(wild): null

2019-08-10 23:43:58 - [TEST_STEP][PASSED] - wildList = wildList: null

2019-08-10 23:43:58 - [TEST_STEP][PASSED] - free_spin_reel_counter = []: null

2019-08-10 23:43:58 - [TEST_STEP][PASSED] - free_spin_reel_counter[0] = 0: null

2019-08-10 23:43:58 - [TEST_STEP][PASSED] - free_spin_reel_counter[1] = 0: null

2019-08-10 23:43:58 - [TEST_STEP][PASSED] - free_spin_reel_counter[2] = 0: null

2019-08-10 23:43:58 - [TEST_STEP][PASSED] - M4_spin_reels = reels: null

2019-08-10 23:43:58 - [TEST_STEP][PASSED] - for ([i = 0, i &lt; M4_spin_reels.size(), (i++)]): null

2019-08-10 23:43:58 - [TEST_STEP][PASSED] - symbols = symbols: null

2019-08-10 23:43:58 - [TEST_STEP][PASSED] - for ([j = 0, j &lt; symbols.size(), (j++)]): null

2019-08-10 23:43:58 - [TEST_STEP][PASSED] - symbol = symbol: null

2019-08-10 23:43:58 - [TEST_STEP][PASSED] - println(symbol): null

2019-08-10 23:43:58 - [TEST_STEP][PASSED] - if (i == 2 &amp;&amp; wildList.indexOf(symbol) != -1): null

2019-08-10 23:43:58 - [TEST_STEP][PASSED] - if (i == 3 &amp;&amp; wildList.indexOf(symbol) != -1): null

2019-08-10 23:43:58 - [TEST_STEP][PASSED] - if (i == 4 &amp;&amp; wildList.indexOf(symbol) != -1): null

2019-08-10 23:43:58 - [TEST_STEP][PASSED] - symbol = symbol: null

2019-08-10 23:43:58 - [TEST_STEP][PASSED] - println(symbol): null

2019-08-10 23:43:58 - [TEST_STEP][PASSED] - if (i == 2 &amp;&amp; wildList.indexOf(symbol) != -1): null

2019-08-10 23:43:58 - [TEST_STEP][PASSED] - if (i == 3 &amp;&amp; wildList.indexOf(symbol) != -1): null

2019-08-10 23:43:58 - [TEST_STEP][PASSED] - if (i == 4 &amp;&amp; wildList.indexOf(symbol) != -1): null

2019-08-10 23:43:58 - [TEST_STEP][PASSED] - symbol = symbol: null

2019-08-10 23:43:58 - [TEST_STEP][PASSED] - println(symbol): null

2019-08-10 23:43:58 - [TEST_STEP][PASSED] - if (i == 2 &amp;&amp; wildList.indexOf(symbol) != -1): null

2019-08-10 23:43:58 - [TEST_STEP][PASSED] - if (i == 3 &amp;&amp; wildList.indexOf(symbol) != -1): null

2019-08-10 23:43:58 - [TEST_STEP][PASSED] - if (i == 4 &amp;&amp; wildList.indexOf(symbol) != -1): null

2019-08-10 23:43:58 - [TEST_STEP][PASSED] - symbols = symbols: null

2019-08-10 23:43:58 - [TEST_STEP][PASSED] - for ([j = 0, j &lt; symbols.size(), (j++)]): null

2019-08-10 23:43:58 - [TEST_STEP][PASSED] - symbol = symbol: null

2019-08-10 23:43:58 - [TEST_STEP][PASSED] - println(symbol): null

2019-08-10 23:43:58 - [TEST_STEP][PASSED] - if (i == 2 &amp;&amp; wildList.indexOf(symbol) != -1): null

2019-08-10 23:43:58 - [TEST_STEP][PASSED] - if (i == 3 &amp;&amp; wildList.indexOf(symbol) != -1): null

2019-08-10 23:43:58 - [TEST_STEP][PASSED] - if (i == 4 &amp;&amp; wildList.indexOf(symbol) != -1): null

2019-08-10 23:43:58 - [TEST_STEP][PASSED] - symbol = symbol: null

2019-08-10 23:43:58 - [TEST_STEP][PASSED] - println(symbol): null

2019-08-10 23:43:58 - [TEST_STEP][PASSED] - if (i == 2 &amp;&amp; wildList.indexOf(symbol) != -1): null

2019-08-10 23:43:58 - [TEST_STEP][PASSED] - if (i == 3 &amp;&amp; wildList.indexOf(symbol) != -1): null

2019-08-10 23:43:58 - [TEST_STEP][PASSED] - if (i == 4 &amp;&amp; wildList.indexOf(symbol) != -1): null

2019-08-10 23:43:58 - [TEST_STEP][PASSED] - symbol = symbol: null

2019-08-10 23:43:58 - [TEST_STEP][PASSED] - println(symbol): null

2019-08-10 23:43:58 - [TEST_STEP][PASSED] - if (i == 2 &amp;&amp; wildList.indexOf(symbol) != -1): null

2019-08-10 23:43:58 - [TEST_STEP][PASSED] - if (i == 3 &amp;&amp; wildList.indexOf(symbol) != -1): null

2019-08-10 23:43:58 - [TEST_STEP][PASSED] - if (i == 4 &amp;&amp; wildList.indexOf(symbol) != -1): null

2019-08-10 23:43:58 - [TEST_STEP][PASSED] - symbols = symbols: null

2019-08-10 23:43:58 - [TEST_STEP][PASSED] - for ([j = 0, j &lt; symbols.size(), (j++)]): null

2019-08-10 23:43:58 - [TEST_STEP][PASSED] - symbol = symbol: null

2019-08-10 23:43:58 - [TEST_STEP][PASSED] - println(symbol): null

2019-08-10 23:43:58 - [TEST_STEP][PASSED] - if (i == 2 &amp;&amp; wildList.indexOf(symbol) != -1): null

2019-08-10 23:44:01 - [TEST_STEP][PASSED] - if (i == 3 &amp;&amp; wildList.indexOf(symbol) != -1): null

2019-08-10 23:44:01 - [TEST_STEP][PASSED] - if (i == 4 &amp;&amp; wildList.indexOf(symbol) != -1): null

2019-08-10 23:44:01 - [TEST_STEP][PASSED] - symbol = symbol: null

2019-08-10 23:44:01 - [TEST_STEP][PASSED] - println(symbol): null

2019-08-10 23:44:01 - [TEST_STEP][PASSED] - if (i == 2 &amp;&amp; wildList.indexOf(symbol) != -1): null

2019-08-10 23:44:01 - [TEST_STEP][PASSED] - if (i == 3 &amp;&amp; wildList.indexOf(symbol) != -1): null

2019-08-10 23:44:01 - [TEST_STEP][PASSED] - if (i == 4 &amp;&amp; wildList.indexOf(symbol) != -1): null

2019-08-10 23:44:01 - [TEST_STEP][PASSED] - symbol = symbol: null

2019-08-10 23:44:01 - [TEST_STEP][PASSED] - println(symbol): null

2019-08-10 23:44:01 - [TEST_STEP][PASSED] - if (i == 2 &amp;&amp; wildList.indexOf(symbol) != -1): null

2019-08-10 23:44:01 - [TEST_STEP][PASSED] - if (i == 3 &amp;&amp; wildList.indexOf(symbol) != -1): null

2019-08-10 23:44:01 - [TEST_STEP][PASSED] - if (i == 4 &amp;&amp; wildList.indexOf(symbol) != -1): null

2019-08-10 23:44:01 - [TEST_STEP][PASSED] - symbols = symbols: null

2019-08-10 23:44:01 - [TEST_STEP][PASSED] - for ([j = 0, j &lt; symbols.size(), (j++)]): null

2019-08-10 23:44:01 - [TEST_STEP][PASSED] - symbol = symbol: null

2019-08-10 23:44:01 - [TEST_STEP][PASSED] - println(symbol): null

2019-08-10 23:44:01 - [TEST_STEP][PASSED] - if (i == 2 &amp;&amp; wildList.indexOf(symbol) != -1): null

2019-08-10 23:44:01 - [TEST_STEP][PASSED] - if (i == 3 &amp;&amp; wildList.indexOf(symbol) != -1): null

2019-08-10 23:44:01 - [TEST_STEP][PASSED] - if (i == 4 &amp;&amp; wildList.indexOf(symbol) != -1): null

2019-08-10 23:44:01 - [TEST_STEP][PASSED] - symbol = symbol: null

2019-08-10 23:44:01 - [TEST_STEP][PASSED] - println(symbol): null

2019-08-10 23:44:01 - [TEST_STEP][PASSED] - if (i == 2 &amp;&amp; wildList.indexOf(symbol) != -1): null

2019-08-10 23:44:01 - [TEST_STEP][PASSED] - if (i == 3 &amp;&amp; wildList.indexOf(symbol) != -1): null

2019-08-10 23:44:01 - [TEST_STEP][PASSED] - if (i == 4 &amp;&amp; wildList.indexOf(symbol) != -1): null

2019-08-10 23:44:01 - [TEST_STEP][PASSED] - symbol = symbol: null

2019-08-10 23:44:01 - [TEST_STEP][PASSED] - println(symbol): null

2019-08-10 23:44:01 - [TEST_STEP][PASSED] - if (i == 2 &amp;&amp; wildList.indexOf(symbol) != -1): null

2019-08-10 23:44:01 - [TEST_STEP][PASSED] - if (i == 3 &amp;&amp; wildList.indexOf(symbol) != -1): null

2019-08-10 23:44:01 - [TEST_STEP][PASSED] - if (i == 4 &amp;&amp; wildList.indexOf(symbol) != -1): null

2019-08-10 23:44:01 - [TEST_STEP][PASSED] - symbols = symbols: null

2019-08-10 23:44:01 - [TEST_STEP][PASSED] - for ([j = 0, j &lt; symbols.size(), (j++)]): null

2019-08-10 23:44:01 - [TEST_STEP][PASSED] - symbol = symbol: null

2019-08-10 23:44:01 - [TEST_STEP][PASSED] - println(symbol): null

2019-08-10 23:44:01 - [TEST_STEP][PASSED] - if (i == 2 &amp;&amp; wildList.indexOf(symbol) != -1): null

2019-08-10 23:44:01 - [TEST_STEP][PASSED] - if (i == 3 &amp;&amp; wildList.indexOf(symbol) != -1): null

2019-08-10 23:44:01 - [TEST_STEP][PASSED] - if (i == 4 &amp;&amp; wildList.indexOf(symbol) != -1): null

2019-08-10 23:44:01 - [TEST_STEP][PASSED] - symbol = symbol: null

2019-08-10 23:44:01 - [TEST_STEP][PASSED] - println(symbol): null

2019-08-10 23:44:01 - [TEST_STEP][PASSED] - if (i == 2 &amp;&amp; wildList.indexOf(symbol) != -1): null

2019-08-10 23:44:01 - [TEST_STEP][PASSED] - if (i == 3 &amp;&amp; wildList.indexOf(symbol) != -1): null

2019-08-10 23:44:01 - [TEST_STEP][PASSED] - if (i == 4 &amp;&amp; wildList.indexOf(symbol) != -1): null

2019-08-10 23:44:01 - [TEST_STEP][PASSED] - symbol = symbol: null

2019-08-10 23:44:01 - [TEST_STEP][PASSED] - println(symbol): null

2019-08-10 23:44:01 - [TEST_STEP][PASSED] - if (i == 2 &amp;&amp; wildList.indexOf(symbol) != -1): null

2019-08-10 23:44:01 - [TEST_STEP][PASSED] - if (i == 3 &amp;&amp; wildList.indexOf(symbol) != -1): null

2019-08-10 23:44:01 - [TEST_STEP][PASSED] - if (i == 4 &amp;&amp; wildList.indexOf(symbol) != -1): null

2019-08-10 23:44:01 - [TEST_STEP][PASSED] - free_spin_reel_counter = free_spin_reel_counter: null

2019-08-10 23:44:01 - [TEST_STEP][PASSED] - println("reel 3 wild found: " + free_spin_reel_counter[0]): null

2019-08-10 23:44:01 - [TEST_STEP][PASSED] - println("reel 4 wild found: " + free_spin_reel_counter[1]): null

2019-08-10 23:44:01 - [TEST_STEP][PASSED] - println("reel 5 wild found: " + free_spin_reel_counter[2]): null

2019-08-10 23:44:01 - [TEST_STEP][PASSED] - M4_spin_reels = M4_spin_reels: null

2019-08-10 23:44:01 - [TEST_STEP][PASSED] - M4_spin_reels_symbols = symbol: null

2019-08-10 23:44:01 - [TEST_STEP][PASSED] - M4_spin_reels_symbols = M4_spin_reels_symbols: null

2019-08-10 23:44:01 - [TEST_STEP][PASSED] - M4_spin_reel_wins = reel_wins: null

2019-08-10 23:44:01 - [TEST_STEP][PASSED] - M4_spin_reel_wins = M4_spin_reel_wins: null

2019-08-10 23:44:01 - [TEST_STEP][PASSED] - println("GlobalVariable.M4_spin_reel_wins is: " + M4_spin_reel_wins): null

2019-08-10 23:44:01 - [TEST_STEP][PASSED] - M4_spin_total_bonus_win_this_round = total_bonus_win_this_round: null

2019-08-10 23:44:01 - [TEST_STEP][PASSED] - M4_spin_total_bonus_win_this_round = M4_spin_total_bonus_win_this_round: null

2019-08-10 23:44:01 - [TEST_STEP][PASSED] - println("GlobalVariable.M4_spin_total_bonus_win_this_round is: " + M4_spin_total_bonus_win_this_round): null

2019-08-10 23:44:01 - [MESSAGE][PASSED] - Verify response successfully

2019-08-10 23:44:01 - [MESSAGE][PASSED] - Send request and verify the response successfully

2019-08-10 23:44:01 - [TEST_STEP][PASSED] - if (M4_total_bonus_spins_int != 0 &amp;&amp; M4_spin_reels_symbols[2].contains("WILD_ExtraFG") || M4_spin_reels_symbols[3].contains("WILD_ExtraFG")): null

2019-08-10 23:44:01 - [TEST_STEP][PASSED] - free_spin_reel_counter = free_spin_reel_counter: null

2019-08-10 23:44:01 - [TEST_STEP][PASSED] - M4_spin_reels_symbols = M4_spin_reels_symbols: null

2019-08-10 23:44:01 - [TEST_STEP][PASSED] - M4_total_bonus_spins = M4_total_bonus_spins: null

2019-08-10 23:44:01 - [TEST_STEP][PASSED] - spin_result = sendRequestAndVerify(findTestObject("RGS(M4)/1_M4_spin", ["M4_login_user_id":M4_login_user_id, "rgs_session_token":rgs_session_token, "partner":Partner])): Send request and verify the response successfully

2019-08-10 23:44:01 - [TEST_CASE][PASSED] - Start Test Case : Verification: Verification accomplished successfully

2019-08-10 23:44:01 - [TEST_STEP][PASSED] - request = getInstance().getCurrentRequest(): null

2019-08-10 23:44:01 - [TEST_STEP][PASSED] - response = getInstance().getCurrentResponse(): null

2019-08-10 23:44:01 - [TEST_STEP][PASSED] - verifyResponseStatusCode(response, 200): Verify response status code successfully

2019-08-10 23:44:01 - [MESSAGE][PASSED] - Verify response status code successfully

2019-08-10 23:44:01 - [TEST_STEP][PASSED] - getStatusCode()).isEqualTo(200): null

2019-08-10 23:44:01 - [TEST_STEP][PASSED] - newline = System.getProperty("line.separator"): null

2019-08-10 23:44:01 - [TEST_STEP][PASSED] - M4_spin = new groovy.json.JsonSlurper(): null

2019-08-10 23:44:01 - [TEST_STEP][PASSED] - result_M4_spin = M4_spin.parseText(response.getResponseBodyContent()): null

2019-08-10 23:44:01 - [TEST_STEP][PASSED] - M4_spin_current_balance = current_balance: null

2019-08-10 23:44:01 - [TEST_STEP][PASSED] - M4_spin_current_balance = M4_spin_current_balance: null

2019-08-10 23:44:01 - [TEST_STEP][PASSED] - M4_spin_transaction_id = causality: null

2019-08-10 23:44:01 - [TEST_STEP][PASSED] - M4_spin_transaction_id = M4_spin_transaction_id: null

2019-08-10 23:44:01 - [TEST_STEP][PASSED] - M4_spin_round_id = round_id: null

2019-08-10 23:44:01 - [TEST_STEP][PASSED] - M4_spin_round_id = M4_spin_round_id: null

2019-08-10 23:44:01 - [TEST_STEP][PASSED] - M4_spin_line_wins = line_wins: null

2019-08-10 23:44:01 - [TEST_STEP][PASSED] - M4_spin_line_wins = M4_spin_line_wins: null

2019-08-10 23:44:01 - [TEST_STEP][PASSED] - M4_total_bonus_spins_int = total_bonus_spins: null

2019-08-10 23:44:01 - [TEST_STEP][PASSED] - println("******M4_total_bonus_spins type is:*******" + newline + getClass().getName()): null

2019-08-10 23:44:01 - [TEST_STEP][PASSED] - M4_total_bonus_spins_int = M4_total_bonus_spins_int: null

2019-08-10 23:44:01 - [TEST_STEP][PASSED] - M4_total_bonus_spins = Integer.toString(M4_total_bonus_spins_int): null

2019-08-10 23:44:01 - [TEST_STEP][PASSED] - M4_total_bonus_spins = M4_total_bonus_spins: null

2019-08-10 23:44:01 - [TEST_STEP][PASSED] - println("M4_total_bonus_spins is:" + M4_total_bonus_spins): null

2019-08-10 23:44:01 - [TEST_STEP][PASSED] - M4_spin_bonus_data = bonus_data: null

2019-08-10 23:44:01 - [TEST_STEP][PASSED] - M4_spin_features_triggered = result_M4_spin: null

2019-08-10 23:44:01 - [TEST_STEP][PASSED] - wild = []: null

2019-08-10 23:44:01 - [TEST_STEP][PASSED] - wild[0] = "WILD_Expanding": null

2019-08-10 23:44:01 - [TEST_STEP][PASSED] - wild[1] = "WILD_Normal": null

2019-08-10 23:44:01 - [TEST_STEP][PASSED] - wild[2] = "WILD_Double": null

2019-08-10 23:44:01 - [TEST_STEP][PASSED] - wild[3] = "WILD_ExtraFG": null

2019-08-10 23:44:01 - [TEST_STEP][PASSED] - wild[4] = "WILD_Triple": null

2019-08-10 23:44:01 - [TEST_STEP][PASSED] - wildList = Arrays.asList(wild): null

2019-08-10 23:44:01 - [TEST_STEP][PASSED] - wildList = wildList: null

2019-08-10 23:44:01 - [TEST_STEP][PASSED] - free_spin_reel_counter = []: null

2019-08-10 23:44:01 - [TEST_STEP][PASSED] - free_spin_reel_counter[0] = 0: null

2019-08-10 23:44:01 - [TEST_STEP][PASSED] - free_spin_reel_counter[1] = 0: null

2019-08-10 23:44:01 - [TEST_STEP][PASSED] - free_spin_reel_counter[2] = 0: null

2019-08-10 23:44:01 - [TEST_STEP][PASSED] - M4_spin_reels = reels: null

2019-08-10 23:44:01 - [TEST_STEP][PASSED] - for ([i = 0, i &lt; M4_spin_reels.size(), (i++)]): null

2019-08-10 23:44:01 - [TEST_STEP][PASSED] - symbols = symbols: null

2019-08-10 23:44:01 - [TEST_STEP][PASSED] - for ([j = 0, j &lt; symbols.size(), (j++)]): null

2019-08-10 23:44:01 - [TEST_STEP][PASSED] - symbol = symbol: null

2019-08-10 23:44:01 - [TEST_STEP][PASSED] - println(symbol): null

2019-08-10 23:44:01 - [TEST_STEP][PASSED] - if (i == 2 &amp;&amp; wildList.indexOf(symbol) != -1): null

2019-08-10 23:44:01 - [TEST_STEP][PASSED] - if (i == 3 &amp;&amp; wildList.indexOf(symbol) != -1): null

2019-08-10 23:44:01 - [TEST_STEP][PASSED] - if (i == 4 &amp;&amp; wildList.indexOf(symbol) != -1): null

2019-08-10 23:44:01 - [TEST_STEP][PASSED] - symbol = symbol: null

2019-08-10 23:44:01 - [TEST_STEP][PASSED] - println(symbol): null

2019-08-10 23:44:01 - [TEST_STEP][PASSED] - if (i == 2 &amp;&amp; wildList.indexOf(symbol) != -1): null

2019-08-10 23:44:01 - [TEST_STEP][PASSED] - if (i == 3 &amp;&amp; wildList.indexOf(symbol) != -1): null

2019-08-10 23:44:01 - [TEST_STEP][PASSED] - if (i == 4 &amp;&amp; wildList.indexOf(symbol) != -1): null

2019-08-10 23:44:01 - [TEST_STEP][PASSED] - symbol = symbol: null

2019-08-10 23:44:01 - [TEST_STEP][PASSED] - println(symbol): null

2019-08-10 23:44:01 - [TEST_STEP][PASSED] - if (i == 2 &amp;&amp; wildList.indexOf(symbol) != -1): null

2019-08-10 23:44:01 - [TEST_STEP][PASSED] - if (i == 3 &amp;&amp; wildList.indexOf(symbol) != -1): null

2019-08-10 23:44:01 - [TEST_STEP][PASSED] - if (i == 4 &amp;&amp; wildList.indexOf(symbol) != -1): null

2019-08-10 23:44:01 - [TEST_STEP][PASSED] - symbols = symbols: null

2019-08-10 23:44:01 - [TEST_STEP][PASSED] - for ([j = 0, j &lt; symbols.size(), (j++)]): null

2019-08-10 23:44:01 - [TEST_STEP][PASSED] - symbol = symbol: null

2019-08-10 23:44:01 - [TEST_STEP][PASSED] - println(symbol): null

2019-08-10 23:44:01 - [TEST_STEP][PASSED] - if (i == 2 &amp;&amp; wildList.indexOf(symbol) != -1): null

2019-08-10 23:44:01 - [TEST_STEP][PASSED] - if (i == 3 &amp;&amp; wildList.indexOf(symbol) != -1): null

2019-08-10 23:44:01 - [TEST_STEP][PASSED] - if (i == 4 &amp;&amp; wildList.indexOf(symbol) != -1): null

2019-08-10 23:44:01 - [TEST_STEP][PASSED] - symbol = symbol: null

2019-08-10 23:44:01 - [TEST_STEP][PASSED] - println(symbol): null

2019-08-10 23:44:01 - [TEST_STEP][PASSED] - if (i == 2 &amp;&amp; wildList.indexOf(symbol) != -1): null

2019-08-10 23:44:01 - [TEST_STEP][PASSED] - if (i == 3 &amp;&amp; wildList.indexOf(symbol) != -1): null

2019-08-10 23:44:01 - [TEST_STEP][PASSED] - if (i == 4 &amp;&amp; wildList.indexOf(symbol) != -1): null

2019-08-10 23:44:01 - [TEST_STEP][PASSED] - symbol = symbol: null

2019-08-10 23:44:01 - [TEST_STEP][PASSED] - println(symbol): null

2019-08-10 23:44:01 - [TEST_STEP][PASSED] - if (i == 2 &amp;&amp; wildList.indexOf(symbol) != -1): null

2019-08-10 23:44:01 - [TEST_STEP][PASSED] - if (i == 3 &amp;&amp; wildList.indexOf(symbol) != -1): null

2019-08-10 23:44:01 - [TEST_STEP][PASSED] - if (i == 4 &amp;&amp; wildList.indexOf(symbol) != -1): null

2019-08-10 23:44:01 - [TEST_STEP][PASSED] - symbols = symbols: null

2019-08-10 23:44:01 - [TEST_STEP][PASSED] - for ([j = 0, j &lt; symbols.size(), (j++)]): null

2019-08-10 23:44:01 - [TEST_STEP][PASSED] - symbol = symbol: null

2019-08-10 23:44:01 - [TEST_STEP][PASSED] - println(symbol): null

2019-08-10 23:44:01 - [TEST_STEP][PASSED] - if (i == 2 &amp;&amp; wildList.indexOf(symbol) != -1): null

2019-08-10 23:44:01 - [TEST_STEP][PASSED] - if (i == 3 &amp;&amp; wildList.indexOf(symbol) != -1): null

2019-08-10 23:44:01 - [TEST_STEP][PASSED] - if (i == 4 &amp;&amp; wildList.indexOf(symbol) != -1): null

2019-08-10 23:44:01 - [TEST_STEP][PASSED] - symbol = symbol: null

2019-08-10 23:44:01 - [TEST_STEP][PASSED] - println(symbol): null

2019-08-10 23:44:01 - [TEST_STEP][PASSED] - if (i == 2 &amp;&amp; wildList.indexOf(symbol) != -1): null

2019-08-10 23:44:01 - [TEST_STEP][PASSED] - if (i == 3 &amp;&amp; wildList.indexOf(symbol) != -1): null

2019-08-10 23:44:01 - [TEST_STEP][PASSED] - if (i == 4 &amp;&amp; wildList.indexOf(symbol) != -1): null

2019-08-10 23:44:01 - [TEST_STEP][PASSED] - symbol = symbol: null

2019-08-10 23:44:01 - [TEST_STEP][PASSED] - println(symbol): null

2019-08-10 23:44:01 - [TEST_STEP][PASSED] - if (i == 2 &amp;&amp; wildList.indexOf(symbol) != -1): null

2019-08-10 23:44:01 - [TEST_STEP][PASSED] - if (i == 3 &amp;&amp; wildList.indexOf(symbol) != -1): null

2019-08-10 23:44:01 - [TEST_STEP][PASSED] - if (i == 4 &amp;&amp; wildList.indexOf(symbol) != -1): null

2019-08-10 23:44:01 - [TEST_STEP][PASSED] - symbols = symbols: null

2019-08-10 23:44:01 - [TEST_STEP][PASSED] - for ([j = 0, j &lt; symbols.size(), (j++)]): null

2019-08-10 23:44:01 - [TEST_STEP][PASSED] - symbol = symbol: null

2019-08-10 23:44:01 - [TEST_STEP][PASSED] - println(symbol): null

2019-08-10 23:44:01 - [TEST_STEP][PASSED] - if (i == 2 &amp;&amp; wildList.indexOf(symbol) != -1): null

2019-08-10 23:44:01 - [TEST_STEP][PASSED] - if (i == 3 &amp;&amp; wildList.indexOf(symbol) != -1): null

2019-08-10 23:44:01 - [TEST_STEP][PASSED] - if (i == 4 &amp;&amp; wildList.indexOf(symbol) != -1): null

2019-08-10 23:44:01 - [TEST_STEP][PASSED] - symbol = symbol: null

2019-08-10 23:44:01 - [TEST_STEP][PASSED] - println(symbol): null

2019-08-10 23:44:01 - [TEST_STEP][PASSED] - if (i == 2 &amp;&amp; wildList.indexOf(symbol) != -1): null

2019-08-10 23:44:01 - [TEST_STEP][PASSED] - if (i == 3 &amp;&amp; wildList.indexOf(symbol) != -1): null

2019-08-10 23:44:01 - [TEST_STEP][PASSED] - if (i == 4 &amp;&amp; wildList.indexOf(symbol) != -1): null

2019-08-10 23:44:01 - [TEST_STEP][PASSED] - symbol = symbol: null

2019-08-10 23:44:01 - [TEST_STEP][PASSED] - println(symbol): null

2019-08-10 23:44:01 - [TEST_STEP][PASSED] - if (i == 2 &amp;&amp; wildList.indexOf(symbol) != -1): null

2019-08-10 23:44:01 - [TEST_STEP][PASSED] - if (i == 3 &amp;&amp; wildList.indexOf(symbol) != -1): null

2019-08-10 23:44:01 - [TEST_STEP][PASSED] - if (i == 4 &amp;&amp; wildList.indexOf(symbol) != -1): null

2019-08-10 23:44:01 - [TEST_STEP][PASSED] - symbols = symbols: null

2019-08-10 23:44:01 - [TEST_STEP][PASSED] - for ([j = 0, j &lt; symbols.size(), (j++)]): null

2019-08-10 23:44:01 - [TEST_STEP][PASSED] - symbol = symbol: null

2019-08-10 23:44:01 - [TEST_STEP][PASSED] - println(symbol): null

2019-08-10 23:44:01 - [TEST_STEP][PASSED] - if (i == 2 &amp;&amp; wildList.indexOf(symbol) != -1): null

2019-08-10 23:44:01 - [TEST_STEP][PASSED] - if (i == 3 &amp;&amp; wildList.indexOf(symbol) != -1): null

2019-08-10 23:44:01 - [TEST_STEP][PASSED] - if (i == 4 &amp;&amp; wildList.indexOf(symbol) != -1): null

2019-08-10 23:44:01 - [TEST_STEP][PASSED] - symbol = symbol: null

2019-08-10 23:44:01 - [TEST_STEP][PASSED] - println(symbol): null

2019-08-10 23:44:01 - [TEST_STEP][PASSED] - if (i == 2 &amp;&amp; wildList.indexOf(symbol) != -1): null

2019-08-10 23:44:01 - [TEST_STEP][PASSED] - if (i == 3 &amp;&amp; wildList.indexOf(symbol) != -1): null

2019-08-10 23:44:01 - [TEST_STEP][PASSED] - if (i == 4 &amp;&amp; wildList.indexOf(symbol) != -1): null

2019-08-10 23:44:01 - [TEST_STEP][PASSED] - symbol = symbol: null

2019-08-10 23:44:01 - [TEST_STEP][PASSED] - println(symbol): null

2019-08-10 23:44:01 - [TEST_STEP][PASSED] - if (i == 2 &amp;&amp; wildList.indexOf(symbol) != -1): null

2019-08-10 23:44:01 - [TEST_STEP][PASSED] - if (i == 3 &amp;&amp; wildList.indexOf(symbol) != -1): null

2019-08-10 23:44:01 - [TEST_STEP][PASSED] - if (i == 4 &amp;&amp; wildList.indexOf(symbol) != -1): null

2019-08-10 23:44:01 - [TEST_STEP][PASSED] - free_spin_reel_counter = free_spin_reel_counter: null

2019-08-10 23:44:01 - [TEST_STEP][PASSED] - println("reel 3 wild found: " + free_spin_reel_counter[0]): null

2019-08-10 23:44:01 - [TEST_STEP][PASSED] - println("reel 4 wild found: " + free_spin_reel_counter[1]): null

2019-08-10 23:44:01 - [TEST_STEP][PASSED] - println("reel 5 wild found: " + free_spin_reel_counter[2]): null

2019-08-10 23:44:01 - [TEST_STEP][PASSED] - M4_spin_reels = M4_spin_reels: null

2019-08-10 23:44:01 - [TEST_STEP][PASSED] - M4_spin_reels_symbols = symbol: null

2019-08-10 23:44:01 - [TEST_STEP][PASSED] - M4_spin_reels_symbols = M4_spin_reels_symbols: null

2019-08-10 23:44:01 - [TEST_STEP][PASSED] - M4_spin_reel_wins = reel_wins: null

2019-08-10 23:44:01 - [TEST_STEP][PASSED] - M4_spin_reel_wins = M4_spin_reel_wins: null

2019-08-10 23:44:01 - [TEST_STEP][PASSED] - println("GlobalVariable.M4_spin_reel_wins is: " + M4_spin_reel_wins): null

2019-08-10 23:44:01 - [TEST_STEP][PASSED] - M4_spin_total_bonus_win_this_round = total_bonus_win_this_round: null

2019-08-10 23:44:01 - [TEST_STEP][PASSED] - M4_spin_total_bonus_win_this_round = M4_spin_total_bonus_win_this_round: null

2019-08-10 23:44:01 - [TEST_STEP][PASSED] - println("GlobalVariable.M4_spin_total_bonus_win_this_round is: " + M4_spin_total_bonus_win_this_round): null

2019-08-10 23:44:01 - [MESSAGE][PASSED] - Verify response successfully

2019-08-10 23:44:01 - [MESSAGE][PASSED] - Send request and verify the response successfully

2019-08-10 23:44:01 - [TEST_STEP][PASSED] - if (M4_total_bonus_spins_int != 0 &amp;&amp; M4_spin_reels_symbols[2].contains("WILD_ExtraFG") || M4_spin_reels_symbols[3].contains("WILD_ExtraFG")): null

2019-08-10 23:44:01 - [TEST_STEP][PASSED] - free_spin_reel_counter = free_spin_reel_counter: null

2019-08-10 23:44:01 - [TEST_STEP][PASSED] - M4_spin_reels_symbols = M4_spin_reels_symbols: null

2019-08-10 23:44:01 - [TEST_STEP][PASSED] - M4_total_bonus_spins = M4_total_bonus_spins: null

2019-08-10 23:44:01 - [TEST_STEP][PASSED] - spin_result = sendRequestAndVerify(findTestObject("RGS(M4)/1_M4_spin", ["M4_login_user_id":M4_login_user_id, "rgs_session_token":rgs_session_token, "partner":Partner])): Send request and verify the response successfully

2019-08-10 23:44:02 - [TEST_CASE][PASSED] - Start Test Case : Verification: Verification accomplished successfully

2019-08-10 23:44:02 - [TEST_STEP][PASSED] - request = getInstance().getCurrentRequest(): null

2019-08-10 23:44:02 - [TEST_STEP][PASSED] - response = getInstance().getCurrentResponse(): null

2019-08-10 23:44:02 - [TEST_STEP][PASSED] - verifyResponseStatusCode(response, 200): Verify response status code successfully

2019-08-10 23:44:02 - [MESSAGE][PASSED] - Verify response status code successfully

2019-08-10 23:44:02 - [TEST_STEP][PASSED] - getStatusCode()).isEqualTo(200): null

2019-08-10 23:44:02 - [TEST_STEP][PASSED] - newline = System.getProperty("line.separator"): null

2019-08-10 23:44:02 - [TEST_STEP][PASSED] - M4_spin = new groovy.json.JsonSlurper(): null

2019-08-10 23:44:02 - [TEST_STEP][PASSED] - result_M4_spin = M4_spin.parseText(response.getResponseBodyContent()): null

2019-08-10 23:44:02 - [TEST_STEP][PASSED] - M4_spin_current_balance = current_balance: null

2019-08-10 23:44:02 - [TEST_STEP][PASSED] - M4_spin_current_balance = M4_spin_current_balance: null

2019-08-10 23:44:02 - [TEST_STEP][PASSED] - M4_spin_transaction_id = causality: null

2019-08-10 23:44:02 - [TEST_STEP][PASSED] - M4_spin_transaction_id = M4_spin_transaction_id: null

2019-08-10 23:44:02 - [TEST_STEP][PASSED] - M4_spin_round_id = round_id: null

2019-08-10 23:44:02 - [TEST_STEP][PASSED] - M4_spin_round_id = M4_spin_round_id: null

2019-08-10 23:44:02 - [TEST_STEP][PASSED] - M4_spin_line_wins = line_wins: null

2019-08-10 23:44:02 - [TEST_STEP][PASSED] - M4_spin_line_wins = M4_spin_line_wins: null

2019-08-10 23:44:02 - [TEST_STEP][PASSED] - M4_total_bonus_spins_int = total_bonus_spins: null

2019-08-10 23:44:02 - [TEST_STEP][PASSED] - println("******M4_total_bonus_spins type is:*******" + newline + getClass().getName()): null

2019-08-10 23:44:02 - [TEST_STEP][PASSED] - M4_total_bonus_spins_int = M4_total_bonus_spins_int: null

2019-08-10 23:44:02 - [TEST_STEP][PASSED] - M4_total_bonus_spins = Integer.toString(M4_total_bonus_spins_int): null

2019-08-10 23:44:02 - [TEST_STEP][PASSED] - M4_total_bonus_spins = M4_total_bonus_spins: null

2019-08-10 23:44:02 - [TEST_STEP][PASSED] - println("M4_total_bonus_spins is:" + M4_total_bonus_spins): null

2019-08-10 23:44:02 - [TEST_STEP][PASSED] - M4_spin_bonus_data = bonus_data: null

2019-08-10 23:44:02 - [TEST_STEP][PASSED] - M4_spin_features_triggered = result_M4_spin: null

2019-08-10 23:44:02 - [TEST_STEP][PASSED] - wild = []: null

2019-08-10 23:44:02 - [TEST_STEP][PASSED] - wild[0] = "WILD_Expanding": null

2019-08-10 23:44:02 - [TEST_STEP][PASSED] - wild[1] = "WILD_Normal": null

2019-08-10 23:44:02 - [TEST_STEP][PASSED] - wild[2] = "WILD_Double": null

2019-08-10 23:44:02 - [TEST_STEP][PASSED] - wild[3] = "WILD_ExtraFG": null

2019-08-10 23:44:02 - [TEST_STEP][PASSED] - wild[4] = "WILD_Triple": null

2019-08-10 23:44:02 - [TEST_STEP][PASSED] - wildList = Arrays.asList(wild): null

2019-08-10 23:44:02 - [TEST_STEP][PASSED] - wildList = wildList: null

2019-08-10 23:44:02 - [TEST_STEP][PASSED] - free_spin_reel_counter = []: null

2019-08-10 23:44:02 - [TEST_STEP][PASSED] - free_spin_reel_counter[0] = 0: null

2019-08-10 23:44:02 - [TEST_STEP][PASSED] - free_spin_reel_counter[1] = 0: null

2019-08-10 23:44:02 - [TEST_STEP][PASSED] - free_spin_reel_counter[2] = 0: null

2019-08-10 23:44:02 - [TEST_STEP][PASSED] - M4_spin_reels = reels: null

2019-08-10 23:44:02 - [TEST_STEP][PASSED] - for ([i = 0, i &lt; M4_spin_reels.size(), (i++)]): null

2019-08-10 23:44:02 - [TEST_STEP][PASSED] - symbols = symbols: null

2019-08-10 23:44:02 - [TEST_STEP][PASSED] - for ([j = 0, j &lt; symbols.size(), (j++)]): null

2019-08-10 23:44:02 - [TEST_STEP][PASSED] - symbol = symbol: null

2019-08-10 23:44:02 - [TEST_STEP][PASSED] - println(symbol): null

2019-08-10 23:44:02 - [TEST_STEP][PASSED] - if (i == 2 &amp;&amp; wildList.indexOf(symbol) != -1): null

2019-08-10 23:44:02 - [TEST_STEP][PASSED] - if (i == 3 &amp;&amp; wildList.indexOf(symbol) != -1): null

2019-08-10 23:44:02 - [TEST_STEP][PASSED] - if (i == 4 &amp;&amp; wildList.indexOf(symbol) != -1): null

2019-08-10 23:44:02 - [TEST_STEP][PASSED] - symbol = symbol: null

2019-08-10 23:44:02 - [TEST_STEP][PASSED] - println(symbol): null

2019-08-10 23:44:02 - [TEST_STEP][PASSED] - if (i == 2 &amp;&amp; wildList.indexOf(symbol) != -1): null

2019-08-10 23:44:02 - [TEST_STEP][PASSED] - if (i == 3 &amp;&amp; wildList.indexOf(symbol) != -1): null

2019-08-10 23:44:02 - [TEST_STEP][PASSED] - if (i == 4 &amp;&amp; wildList.indexOf(symbol) != -1): null

2019-08-10 23:44:02 - [TEST_STEP][PASSED] - symbol = symbol: null

2019-08-10 23:44:02 - [TEST_STEP][PASSED] - println(symbol): null

2019-08-10 23:44:02 - [TEST_STEP][PASSED] - if (i == 2 &amp;&amp; wildList.indexOf(symbol) != -1): null

2019-08-10 23:44:02 - [TEST_STEP][PASSED] - if (i == 3 &amp;&amp; wildList.indexOf(symbol) != -1): null

2019-08-10 23:44:02 - [TEST_STEP][PASSED] - if (i == 4 &amp;&amp; wildList.indexOf(symbol) != -1): null

2019-08-10 23:44:02 - [TEST_STEP][PASSED] - symbols = symbols: null

2019-08-10 23:44:02 - [TEST_STEP][PASSED] - for ([j = 0, j &lt; symbols.size(), (j++)]): null

2019-08-10 23:44:02 - [TEST_STEP][PASSED] - symbol = symbol: null

2019-08-10 23:44:02 - [TEST_STEP][PASSED] - println(symbol): null

2019-08-10 23:44:02 - [TEST_STEP][PASSED] - if (i == 2 &amp;&amp; wildList.indexOf(symbol) != -1): null

2019-08-10 23:44:02 - [TEST_STEP][PASSED] - if (i == 3 &amp;&amp; wildList.indexOf(symbol) != -1): null

2019-08-10 23:44:02 - [TEST_STEP][PASSED] - if (i == 4 &amp;&amp; wildList.indexOf(symbol) != -1): null

2019-08-10 23:44:02 - [TEST_STEP][PASSED] - symbol = symbol: null

2019-08-10 23:44:02 - [TEST_STEP][PASSED] - println(symbol): null

2019-08-10 23:44:02 - [TEST_STEP][PASSED] - if (i == 2 &amp;&amp; wildList.indexOf(symbol) != -1): null

2019-08-10 23:44:02 - [TEST_STEP][PASSED] - if (i == 3 &amp;&amp; wildList.indexOf(symbol) != -1): null

2019-08-10 23:44:02 - [TEST_STEP][PASSED] - if (i == 4 &amp;&amp; wildList.indexOf(symbol) != -1): null

2019-08-10 23:44:02 - [TEST_STEP][PASSED] - symbol = symbol: null

2019-08-10 23:44:02 - [TEST_STEP][PASSED] - println(symbol): null

2019-08-10 23:44:02 - [TEST_STEP][PASSED] - if (i == 2 &amp;&amp; wildList.indexOf(symbol) != -1): null

2019-08-10 23:44:02 - [TEST_STEP][PASSED] - if (i == 3 &amp;&amp; wildList.indexOf(symbol) != -1): null

2019-08-10 23:44:02 - [TEST_STEP][PASSED] - if (i == 4 &amp;&amp; wildList.indexOf(symbol) != -1): null

2019-08-10 23:44:02 - [TEST_STEP][PASSED] - symbols = symbols: null

2019-08-10 23:44:02 - [TEST_STEP][PASSED] - for ([j = 0, j &lt; symbols.size(), (j++)]): null

2019-08-10 23:44:02 - [TEST_STEP][PASSED] - symbol = symbol: null

2019-08-10 23:44:02 - [TEST_STEP][PASSED] - println(symbol): null

2019-08-10 23:44:02 - [TEST_STEP][PASSED] - if (i == 2 &amp;&amp; wildList.indexOf(symbol) != -1): null

2019-08-10 23:44:02 - [TEST_STEP][PASSED] - println("wild found on reel 3, adding counter by 1"): null

2019-08-10 23:44:02 - [TEST_STEP][PASSED] - free_spin_reel_counter[0] = free_spin_reel_counter[0] + 1: null

2019-08-10 23:44:02 - [TEST_STEP][PASSED] - if (i == 3 &amp;&amp; wildList.indexOf(symbol) != -1): null

2019-08-10 23:44:02 - [TEST_STEP][PASSED] - if (i == 4 &amp;&amp; wildList.indexOf(symbol) != -1): null

2019-08-10 23:44:02 - [TEST_STEP][PASSED] - symbol = symbol: null

2019-08-10 23:44:02 - [TEST_STEP][PASSED] - println(symbol): null

2019-08-10 23:44:02 - [TEST_STEP][PASSED] - if (i == 2 &amp;&amp; wildList.indexOf(symbol) != -1): null

2019-08-10 23:44:02 - [TEST_STEP][PASSED] - if (i == 3 &amp;&amp; wildList.indexOf(symbol) != -1): null

2019-08-10 23:44:02 - [TEST_STEP][PASSED] - if (i == 4 &amp;&amp; wildList.indexOf(symbol) != -1): null

2019-08-10 23:44:02 - [TEST_STEP][PASSED] - symbol = symbol: null

2019-08-10 23:44:02 - [TEST_STEP][PASSED] - println(symbol): null

2019-08-10 23:44:02 - [TEST_STEP][PASSED] - if (i == 2 &amp;&amp; wildList.indexOf(symbol) != -1): null

2019-08-10 23:44:02 - [TEST_STEP][PASSED] - if (i == 3 &amp;&amp; wildList.indexOf(symbol) != -1): null

2019-08-10 23:44:02 - [TEST_STEP][PASSED] - if (i == 4 &amp;&amp; wildList.indexOf(symbol) != -1): null

2019-08-10 23:44:02 - [TEST_STEP][PASSED] - symbols = symbols: null

2019-08-10 23:44:02 - [TEST_STEP][PASSED] - for ([j = 0, j &lt; symbols.size(), (j++)]): null

2019-08-10 23:44:02 - [TEST_STEP][PASSED] - symbol = symbol: null

2019-08-10 23:44:02 - [TEST_STEP][PASSED] - println(symbol): null

2019-08-10 23:44:02 - [TEST_STEP][PASSED] - if (i == 2 &amp;&amp; wildList.indexOf(symbol) != -1): null

2019-08-10 23:44:02 - [TEST_STEP][PASSED] - if (i == 3 &amp;&amp; wildList.indexOf(symbol) != -1): null

2019-08-10 23:44:02 - [TEST_STEP][PASSED] - if (i == 4 &amp;&amp; wildList.indexOf(symbol) != -1): null

2019-08-10 23:44:02 - [TEST_STEP][PASSED] - symbol = symbol: null

2019-08-10 23:44:02 - [TEST_STEP][PASSED] - println(symbol): null

2019-08-10 23:44:02 - [TEST_STEP][PASSED] - if (i == 2 &amp;&amp; wildList.indexOf(symbol) != -1): null

2019-08-10 23:44:02 - [TEST_STEP][PASSED] - if (i == 3 &amp;&amp; wildList.indexOf(symbol) != -1): null

2019-08-10 23:44:02 - [TEST_STEP][PASSED] - if (i == 4 &amp;&amp; wildList.indexOf(symbol) != -1): null

2019-08-10 23:44:02 - [TEST_STEP][PASSED] - symbol = symbol: null

2019-08-10 23:44:02 - [TEST_STEP][PASSED] - println(symbol): null

2019-08-10 23:44:02 - [TEST_STEP][PASSED] - if (i == 2 &amp;&amp; wildList.indexOf(symbol) != -1): null

2019-08-10 23:44:02 - [TEST_STEP][PASSED] - if (i == 3 &amp;&amp; wildList.indexOf(symbol) != -1): null

2019-08-10 23:44:02 - [TEST_STEP][PASSED] - if (i == 4 &amp;&amp; wildList.indexOf(symbol) != -1): null

2019-08-10 23:44:02 - [TEST_STEP][PASSED] - symbols = symbols: null

2019-08-10 23:44:02 - [TEST_STEP][PASSED] - for ([j = 0, j &lt; symbols.size(), (j++)]): null

2019-08-10 23:44:02 - [TEST_STEP][PASSED] - symbol = symbol: null

2019-08-10 23:44:02 - [TEST_STEP][PASSED] - println(symbol): null

2019-08-10 23:44:02 - [TEST_STEP][PASSED] - if (i == 2 &amp;&amp; wildList.indexOf(symbol) != -1): null

2019-08-10 23:44:02 - [TEST_STEP][PASSED] - if (i == 3 &amp;&amp; wildList.indexOf(symbol) != -1): null

2019-08-10 23:44:02 - [TEST_STEP][PASSED] - if (i == 4 &amp;&amp; wildList.indexOf(symbol) != -1): null

2019-08-10 23:44:02 - [TEST_STEP][PASSED] - symbol = symbol: null

2019-08-10 23:44:02 - [TEST_STEP][PASSED] - println(symbol): null

2019-08-10 23:44:02 - [TEST_STEP][PASSED] - if (i == 2 &amp;&amp; wildList.indexOf(symbol) != -1): null

2019-08-10 23:44:02 - [TEST_STEP][PASSED] - if (i == 3 &amp;&amp; wildList.indexOf(symbol) != -1): null

2019-08-10 23:44:02 - [TEST_STEP][PASSED] - if (i == 4 &amp;&amp; wildList.indexOf(symbol) != -1): null

2019-08-10 23:44:02 - [TEST_STEP][PASSED] - symbol = symbol: null

2019-08-10 23:44:02 - [TEST_STEP][PASSED] - println(symbol): null

2019-08-10 23:44:02 - [TEST_STEP][PASSED] - if (i == 2 &amp;&amp; wildList.indexOf(symbol) != -1): null

2019-08-10 23:44:02 - [TEST_STEP][PASSED] - if (i == 3 &amp;&amp; wildList.indexOf(symbol) != -1): null

2019-08-10 23:44:02 - [TEST_STEP][PASSED] - if (i == 4 &amp;&amp; wildList.indexOf(symbol) != -1): null

2019-08-10 23:44:02 - [TEST_STEP][PASSED] - free_spin_reel_counter = free_spin_reel_counter: null

2019-08-10 23:44:02 - [TEST_STEP][PASSED] - println("reel 3 wild found: " + free_spin_reel_counter[0]): null

2019-08-10 23:44:02 - [TEST_STEP][PASSED] - println("reel 4 wild found: " + free_spin_reel_counter[1]): null

2019-08-10 23:44:02 - [TEST_STEP][PASSED] - println("reel 5 wild found: " + free_spin_reel_counter[2]): null

2019-08-10 23:44:02 - [TEST_STEP][PASSED] - M4_spin_reels = M4_spin_reels: null

2019-08-10 23:44:02 - [TEST_STEP][PASSED] - M4_spin_reels_symbols = symbol: null

2019-08-10 23:44:02 - [TEST_STEP][PASSED] - M4_spin_reels_symbols = M4_spin_reels_symbols: null

2019-08-10 23:44:02 - [TEST_STEP][PASSED] - M4_spin_reel_wins = reel_wins: null

2019-08-10 23:44:02 - [TEST_STEP][PASSED] - M4_spin_reel_wins = M4_spin_reel_wins: null

2019-08-10 23:44:02 - [TEST_STEP][PASSED] - println("GlobalVariable.M4_spin_reel_wins is: " + M4_spin_reel_wins): null

2019-08-10 23:44:02 - [TEST_STEP][PASSED] - M4_spin_total_bonus_win_this_round = total_bonus_win_this_round: null

2019-08-10 23:44:02 - [TEST_STEP][PASSED] - M4_spin_total_bonus_win_this_round = M4_spin_total_bonus_win_this_round: null

2019-08-10 23:44:02 - [TEST_STEP][PASSED] - println("GlobalVariable.M4_spin_total_bonus_win_this_round is: " + M4_spin_total_bonus_win_this_round): null

2019-08-10 23:44:02 - [MESSAGE][PASSED] - Verify response successfully

2019-08-10 23:44:02 - [MESSAGE][PASSED] - Send request and verify the response successfully

2019-08-10 23:44:02 - [TEST_STEP][PASSED] - if (M4_total_bonus_spins_int != 0 &amp;&amp; M4_spin_reels_symbols[2].contains("WILD_ExtraFG") || M4_spin_reels_symbols[3].contains("WILD_ExtraFG")): null

2019-08-10 23:44:02 - [TEST_STEP][PASSED] - free_spin_reel_counter = free_spin_reel_counter: null

2019-08-10 23:44:02 - [TEST_STEP][PASSED] - M4_spin_reels_symbols = M4_spin_reels_symbols: null

2019-08-10 23:44:02 - [TEST_STEP][PASSED] - M4_total_bonus_spins = M4_total_bonus_spins: null

2019-08-10 23:44:02 - [TEST_STEP][PASSED] - spin_result = sendRequestAndVerify(findTestObject("RGS(M4)/1_M4_spin", ["M4_login_user_id":M4_login_user_id, "rgs_session_token":rgs_session_token, "partner":Partner])): Send request and verify the response successfully

2019-08-10 23:44:02 - [TEST_CASE][PASSED] - Start Test Case : Verification: Verification accomplished successfully

2019-08-10 23:44:02 - [TEST_STEP][PASSED] - request = getInstance().getCurrentRequest(): null

2019-08-10 23:44:02 - [TEST_STEP][PASSED] - response = getInstance().getCurrentResponse(): null

2019-08-10 23:44:02 - [TEST_STEP][PASSED] - verifyResponseStatusCode(response, 200): Verify response status code successfully

2019-08-10 23:44:02 - [MESSAGE][PASSED] - Verify response status code successfully

2019-08-10 23:44:02 - [TEST_STEP][PASSED] - getStatusCode()).isEqualTo(200): null

2019-08-10 23:44:02 - [TEST_STEP][PASSED] - newline = System.getProperty("line.separator"): null

2019-08-10 23:44:02 - [TEST_STEP][PASSED] - M4_spin = new groovy.json.JsonSlurper(): null

2019-08-10 23:44:02 - [TEST_STEP][PASSED] - result_M4_spin = M4_spin.parseText(response.getResponseBodyContent()): null

2019-08-10 23:44:02 - [TEST_STEP][PASSED] - M4_spin_current_balance = current_balance: null

2019-08-10 23:44:02 - [TEST_STEP][PASSED] - M4_spin_current_balance = M4_spin_current_balance: null

2019-08-10 23:44:02 - [TEST_STEP][PASSED] - M4_spin_transaction_id = causality: null

2019-08-10 23:44:02 - [TEST_STEP][PASSED] - M4_spin_transaction_id = M4_spin_transaction_id: null

2019-08-10 23:44:02 - [TEST_STEP][PASSED] - M4_spin_round_id = round_id: null

2019-08-10 23:44:02 - [TEST_STEP][PASSED] - M4_spin_round_id = M4_spin_round_id: null

2019-08-10 23:44:02 - [TEST_STEP][PASSED] - M4_spin_line_wins = line_wins: null

2019-08-10 23:44:02 - [TEST_STEP][PASSED] - M4_spin_line_wins = M4_spin_line_wins: null

2019-08-10 23:44:05 - [TEST_STEP][PASSED] - M4_total_bonus_spins_int = total_bonus_spins: null

2019-08-10 23:44:05 - [TEST_STEP][PASSED] - println("******M4_total_bonus_spins type is:*******" + newline + getClass().getName()): null

2019-08-10 23:44:05 - [TEST_STEP][PASSED] - M4_total_bonus_spins_int = M4_total_bonus_spins_int: null

2019-08-10 23:44:05 - [TEST_STEP][PASSED] - M4_total_bonus_spins = Integer.toString(M4_total_bonus_spins_int): null

2019-08-10 23:44:05 - [TEST_STEP][PASSED] - M4_total_bonus_spins = M4_total_bonus_spins: null

2019-08-10 23:44:05 - [TEST_STEP][PASSED] - println("M4_total_bonus_spins is:" + M4_total_bonus_spins): null

2019-08-10 23:44:05 - [TEST_STEP][PASSED] - M4_spin_bonus_data = bonus_data: null

2019-08-10 23:44:05 - [TEST_STEP][PASSED] - M4_spin_features_triggered = result_M4_spin: null

2019-08-10 23:44:05 - [TEST_STEP][PASSED] - wild = []: null

2019-08-10 23:44:05 - [TEST_STEP][PASSED] - wild[0] = "WILD_Expanding": null

2019-08-10 23:44:05 - [TEST_STEP][PASSED] - wild[1] = "WILD_Normal": null

2019-08-10 23:44:05 - [TEST_STEP][PASSED] - wild[2] = "WILD_Double": null

2019-08-10 23:44:05 - [TEST_STEP][PASSED] - wild[3] = "WILD_ExtraFG": null

2019-08-10 23:44:05 - [TEST_STEP][PASSED] - wild[4] = "WILD_Triple": null

2019-08-10 23:44:05 - [TEST_STEP][PASSED] - wildList = Arrays.asList(wild): null

2019-08-10 23:44:05 - [TEST_STEP][PASSED] - wildList = wildList: null

2019-08-10 23:44:05 - [TEST_STEP][PASSED] - free_spin_reel_counter = []: null

2019-08-10 23:44:05 - [TEST_STEP][PASSED] - free_spin_reel_counter[0] = 0: null

2019-08-10 23:44:05 - [TEST_STEP][PASSED] - free_spin_reel_counter[1] = 0: null

2019-08-10 23:44:05 - [TEST_STEP][PASSED] - free_spin_reel_counter[2] = 0: null

2019-08-10 23:44:05 - [TEST_STEP][PASSED] - M4_spin_reels = reels: null

2019-08-10 23:44:05 - [TEST_STEP][PASSED] - for ([i = 0, i &lt; M4_spin_reels.size(), (i++)]): null

2019-08-10 23:44:05 - [TEST_STEP][PASSED] - symbols = symbols: null

2019-08-10 23:44:05 - [TEST_STEP][PASSED] - for ([j = 0, j &lt; symbols.size(), (j++)]): null

2019-08-10 23:44:05 - [TEST_STEP][PASSED] - symbol = symbol: null

2019-08-10 23:44:05 - [TEST_STEP][PASSED] - println(symbol): null

2019-08-10 23:44:05 - [TEST_STEP][PASSED] - if (i == 2 &amp;&amp; wildList.indexOf(symbol) != -1): null

2019-08-10 23:44:05 - [TEST_STEP][PASSED] - if (i == 3 &amp;&amp; wildList.indexOf(symbol) != -1): null

2019-08-10 23:44:05 - [TEST_STEP][PASSED] - if (i == 4 &amp;&amp; wildList.indexOf(symbol) != -1): null

2019-08-10 23:44:05 - [TEST_STEP][PASSED] - symbol = symbol: null

2019-08-10 23:44:05 - [TEST_STEP][PASSED] - println(symbol): null

2019-08-10 23:44:05 - [TEST_STEP][PASSED] - if (i == 2 &amp;&amp; wildList.indexOf(symbol) != -1): null

2019-08-10 23:44:05 - [TEST_STEP][PASSED] - if (i == 3 &amp;&amp; wildList.indexOf(symbol) != -1): null

2019-08-10 23:44:05 - [TEST_STEP][PASSED] - if (i == 4 &amp;&amp; wildList.indexOf(symbol) != -1): null

2019-08-10 23:44:05 - [TEST_STEP][PASSED] - symbol = symbol: null

2019-08-10 23:44:05 - [TEST_STEP][PASSED] - println(symbol): null

2019-08-10 23:44:05 - [TEST_STEP][PASSED] - if (i == 2 &amp;&amp; wildList.indexOf(symbol) != -1): null

2019-08-10 23:44:05 - [TEST_STEP][PASSED] - if (i == 3 &amp;&amp; wildList.indexOf(symbol) != -1): null

2019-08-10 23:44:05 - [TEST_STEP][PASSED] - if (i == 4 &amp;&amp; wildList.indexOf(symbol) != -1): null

2019-08-10 23:44:05 - [TEST_STEP][PASSED] - symbols = symbols: null

2019-08-10 23:44:05 - [TEST_STEP][PASSED] - for ([j = 0, j &lt; symbols.size(), (j++)]): null

2019-08-10 23:44:05 - [TEST_STEP][PASSED] - symbol = symbol: null

2019-08-10 23:44:05 - [TEST_STEP][PASSED] - println(symbol): null

2019-08-10 23:44:05 - [TEST_STEP][PASSED] - if (i == 2 &amp;&amp; wildList.indexOf(symbol) != -1): null

2019-08-10 23:44:05 - [TEST_STEP][PASSED] - if (i == 3 &amp;&amp; wildList.indexOf(symbol) != -1): null

2019-08-10 23:44:05 - [TEST_STEP][PASSED] - if (i == 4 &amp;&amp; wildList.indexOf(symbol) != -1): null

2019-08-10 23:44:05 - [TEST_STEP][PASSED] - symbol = symbol: null

2019-08-10 23:44:05 - [TEST_STEP][PASSED] - println(symbol): null

2019-08-10 23:44:05 - [TEST_STEP][PASSED] - if (i == 2 &amp;&amp; wildList.indexOf(symbol) != -1): null

2019-08-10 23:44:05 - [TEST_STEP][PASSED] - if (i == 3 &amp;&amp; wildList.indexOf(symbol) != -1): null

2019-08-10 23:44:05 - [TEST_STEP][PASSED] - if (i == 4 &amp;&amp; wildList.indexOf(symbol) != -1): null

2019-08-10 23:44:05 - [TEST_STEP][PASSED] - symbol = symbol: null

2019-08-10 23:44:05 - [TEST_STEP][PASSED] - println(symbol): null

2019-08-10 23:44:05 - [TEST_STEP][PASSED] - if (i == 2 &amp;&amp; wildList.indexOf(symbol) != -1): null

2019-08-10 23:44:05 - [TEST_STEP][PASSED] - if (i == 3 &amp;&amp; wildList.indexOf(symbol) != -1): null

2019-08-10 23:44:05 - [TEST_STEP][PASSED] - if (i == 4 &amp;&amp; wildList.indexOf(symbol) != -1): null

2019-08-10 23:44:05 - [TEST_STEP][PASSED] - symbols = symbols: null

2019-08-10 23:44:05 - [TEST_STEP][PASSED] - for ([j = 0, j &lt; symbols.size(), (j++)]): null

2019-08-10 23:44:05 - [TEST_STEP][PASSED] - symbol = symbol: null

2019-08-10 23:44:05 - [TEST_STEP][PASSED] - println(symbol): null

2019-08-10 23:44:05 - [TEST_STEP][PASSED] - if (i == 2 &amp;&amp; wildList.indexOf(symbol) != -1): null

2019-08-10 23:44:05 - [TEST_STEP][PASSED] - if (i == 3 &amp;&amp; wildList.indexOf(symbol) != -1): null

2019-08-10 23:44:05 - [TEST_STEP][PASSED] - if (i == 4 &amp;&amp; wildList.indexOf(symbol) != -1): null

2019-08-10 23:44:05 - [TEST_STEP][PASSED] - symbol = symbol: null

2019-08-10 23:44:05 - [TEST_STEP][PASSED] - println(symbol): null

2019-08-10 23:44:05 - [TEST_STEP][PASSED] - if (i == 2 &amp;&amp; wildList.indexOf(symbol) != -1): null

2019-08-10 23:44:05 - [TEST_STEP][PASSED] - if (i == 3 &amp;&amp; wildList.indexOf(symbol) != -1): null

2019-08-10 23:44:05 - [TEST_STEP][PASSED] - if (i == 4 &amp;&amp; wildList.indexOf(symbol) != -1): null

2019-08-10 23:44:05 - [TEST_STEP][PASSED] - symbol = symbol: null

2019-08-10 23:44:05 - [TEST_STEP][PASSED] - println(symbol): null

2019-08-10 23:44:05 - [TEST_STEP][PASSED] - if (i == 2 &amp;&amp; wildList.indexOf(symbol) != -1): null

2019-08-10 23:44:05 - [TEST_STEP][PASSED] - if (i == 3 &amp;&amp; wildList.indexOf(symbol) != -1): null

2019-08-10 23:44:05 - [TEST_STEP][PASSED] - if (i == 4 &amp;&amp; wildList.indexOf(symbol) != -1): null

2019-08-10 23:44:05 - [TEST_STEP][PASSED] - symbols = symbols: null

2019-08-10 23:44:05 - [TEST_STEP][PASSED] - for ([j = 0, j &lt; symbols.size(), (j++)]): null

2019-08-10 23:44:05 - [TEST_STEP][PASSED] - symbol = symbol: null

2019-08-10 23:44:05 - [TEST_STEP][PASSED] - println(symbol): null

2019-08-10 23:44:05 - [TEST_STEP][PASSED] - if (i == 2 &amp;&amp; wildList.indexOf(symbol) != -1): null

2019-08-10 23:44:05 - [TEST_STEP][PASSED] - if (i == 3 &amp;&amp; wildList.indexOf(symbol) != -1): null

2019-08-10 23:44:05 - [TEST_STEP][PASSED] - if (i == 4 &amp;&amp; wildList.indexOf(symbol) != -1): null

2019-08-10 23:44:05 - [TEST_STEP][PASSED] - symbol = symbol: null

2019-08-10 23:44:05 - [TEST_STEP][PASSED] - println(symbol): null

2019-08-10 23:44:05 - [TEST_STEP][PASSED] - if (i == 2 &amp;&amp; wildList.indexOf(symbol) != -1): null

2019-08-10 23:44:05 - [TEST_STEP][PASSED] - if (i == 3 &amp;&amp; wildList.indexOf(symbol) != -1): null

2019-08-10 23:44:05 - [TEST_STEP][PASSED] - if (i == 4 &amp;&amp; wildList.indexOf(symbol) != -1): null

2019-08-10 23:44:05 - [TEST_STEP][PASSED] - symbol = symbol: null

2019-08-10 23:44:05 - [TEST_STEP][PASSED] - println(symbol): null

2019-08-10 23:44:05 - [TEST_STEP][PASSED] - if (i == 2 &amp;&amp; wildList.indexOf(symbol) != -1): null

2019-08-10 23:44:05 - [TEST_STEP][PASSED] - if (i == 3 &amp;&amp; wildList.indexOf(symbol) != -1): null

2019-08-10 23:44:05 - [TEST_STEP][PASSED] - if (i == 4 &amp;&amp; wildList.indexOf(symbol) != -1): null

2019-08-10 23:44:05 - [TEST_STEP][PASSED] - symbols = symbols: null

2019-08-10 23:44:05 - [TEST_STEP][PASSED] - for ([j = 0, j &lt; symbols.size(), (j++)]): null

2019-08-10 23:44:05 - [TEST_STEP][PASSED] - symbol = symbol: null

2019-08-10 23:44:05 - [TEST_STEP][PASSED] - println(symbol): null

2019-08-10 23:44:05 - [TEST_STEP][PASSED] - if (i == 2 &amp;&amp; wildList.indexOf(symbol) != -1): null

2019-08-10 23:44:05 - [TEST_STEP][PASSED] - if (i == 3 &amp;&amp; wildList.indexOf(symbol) != -1): null

2019-08-10 23:44:05 - [TEST_STEP][PASSED] - if (i == 4 &amp;&amp; wildList.indexOf(symbol) != -1): null

2019-08-10 23:44:05 - [TEST_STEP][PASSED] - symbol = symbol: null

2019-08-10 23:44:05 - [TEST_STEP][PASSED] - println(symbol): null

2019-08-10 23:44:05 - [TEST_STEP][PASSED] - if (i == 2 &amp;&amp; wildList.indexOf(symbol) != -1): null

2019-08-10 23:44:05 - [TEST_STEP][PASSED] - if (i == 3 &amp;&amp; wildList.indexOf(symbol) != -1): null

2019-08-10 23:44:05 - [TEST_STEP][PASSED] - if (i == 4 &amp;&amp; wildList.indexOf(symbol) != -1): null

2019-08-10 23:44:05 - [TEST_STEP][PASSED] - symbol = symbol: null

2019-08-10 23:44:05 - [TEST_STEP][PASSED] - println(symbol): null

2019-08-10 23:44:05 - [TEST_STEP][PASSED] - if (i == 2 &amp;&amp; wildList.indexOf(symbol) != -1): null

2019-08-10 23:44:05 - [TEST_STEP][PASSED] - if (i == 3 &amp;&amp; wildList.indexOf(symbol) != -1): null

2019-08-10 23:44:05 - [TEST_STEP][PASSED] - if (i == 4 &amp;&amp; wildList.indexOf(symbol) != -1): null

2019-08-10 23:44:05 - [TEST_STEP][PASSED] - free_spin_reel_counter = free_spin_reel_counter: null

2019-08-10 23:44:05 - [TEST_STEP][PASSED] - println("reel 3 wild found: " + free_spin_reel_counter[0]): null

2019-08-10 23:44:05 - [TEST_STEP][PASSED] - println("reel 4 wild found: " + free_spin_reel_counter[1]): null

2019-08-10 23:44:05 - [TEST_STEP][PASSED] - println("reel 5 wild found: " + free_spin_reel_counter[2]): null

2019-08-10 23:44:05 - [TEST_STEP][PASSED] - M4_spin_reels = M4_spin_reels: null

2019-08-10 23:44:05 - [TEST_STEP][PASSED] - M4_spin_reels_symbols = symbol: null

2019-08-10 23:44:05 - [TEST_STEP][PASSED] - M4_spin_reels_symbols = M4_spin_reels_symbols: null

2019-08-10 23:44:05 - [TEST_STEP][PASSED] - M4_spin_reel_wins = reel_wins: null

2019-08-10 23:44:05 - [TEST_STEP][PASSED] - M4_spin_reel_wins = M4_spin_reel_wins: null

2019-08-10 23:44:05 - [TEST_STEP][PASSED] - println("GlobalVariable.M4_spin_reel_wins is: " + M4_spin_reel_wins): null

2019-08-10 23:44:05 - [TEST_STEP][PASSED] - M4_spin_total_bonus_win_this_round = total_bonus_win_this_round: null

2019-08-10 23:44:05 - [TEST_STEP][PASSED] - M4_spin_total_bonus_win_this_round = M4_spin_total_bonus_win_this_round: null

2019-08-10 23:44:05 - [TEST_STEP][PASSED] - println("GlobalVariable.M4_spin_total_bonus_win_this_round is: " + M4_spin_total_bonus_win_this_round): null

2019-08-10 23:44:05 - [MESSAGE][PASSED] - Verify response successfully

2019-08-10 23:44:05 - [MESSAGE][PASSED] - Send request and verify the response successfully

2019-08-10 23:44:05 - [TEST_STEP][PASSED] - if (M4_total_bonus_spins_int != 0 &amp;&amp; M4_spin_reels_symbols[2].contains("WILD_ExtraFG") || M4_spin_reels_symbols[3].contains("WILD_ExtraFG")): null

2019-08-10 23:44:05 - [TEST_STEP][PASSED] - free_spin_reel_counter = free_spin_reel_counter: null

2019-08-10 23:44:05 - [TEST_STEP][PASSED] - M4_spin_reels_symbols = M4_spin_reels_symbols: null

2019-08-10 23:44:05 - [TEST_STEP][PASSED] - M4_total_bonus_spins = M4_total_bonus_spins: null

2019-08-10 23:44:05 - [TEST_STEP][PASSED] - spin_result = sendRequestAndVerify(findTestObject("RGS(M4)/1_M4_spin", ["M4_login_user_id":M4_login_user_id, "rgs_session_token":rgs_session_token, "partner":Partner])): Send request and verify the response successfully

2019-08-10 23:44:05 - [TEST_CASE][PASSED] - Start Test Case : Verification: Verification accomplished successfully

2019-08-10 23:44:05 - [TEST_STEP][PASSED] - request = getInstance().getCurrentRequest(): null

2019-08-10 23:44:05 - [TEST_STEP][PASSED] - response = getInstance().getCurrentResponse(): null

2019-08-10 23:44:05 - [TEST_STEP][PASSED] - verifyResponseStatusCode(response, 200): Verify response status code successfully

2019-08-10 23:44:05 - [MESSAGE][PASSED] - Verify response status code successfully

2019-08-10 23:44:05 - [TEST_STEP][PASSED] - getStatusCode()).isEqualTo(200): null

2019-08-10 23:44:05 - [TEST_STEP][PASSED] - newline = System.getProperty("line.separator"): null

2019-08-10 23:44:05 - [TEST_STEP][PASSED] - M4_spin = new groovy.json.JsonSlurper(): null

2019-08-10 23:44:05 - [TEST_STEP][PASSED] - result_M4_spin = M4_spin.parseText(response.getResponseBodyContent()): null

2019-08-10 23:44:05 - [TEST_STEP][PASSED] - M4_spin_current_balance = current_balance: null

2019-08-10 23:44:05 - [TEST_STEP][PASSED] - M4_spin_current_balance = M4_spin_current_balance: null

2019-08-10 23:44:05 - [TEST_STEP][PASSED] - M4_spin_transaction_id = causality: null

2019-08-10 23:44:05 - [TEST_STEP][PASSED] - M4_spin_transaction_id = M4_spin_transaction_id: null

2019-08-10 23:44:05 - [TEST_STEP][PASSED] - M4_spin_round_id = round_id: null

2019-08-10 23:44:05 - [TEST_STEP][PASSED] - M4_spin_round_id = M4_spin_round_id: null

2019-08-10 23:44:05 - [TEST_STEP][PASSED] - M4_spin_line_wins = line_wins: null

2019-08-10 23:44:05 - [TEST_STEP][PASSED] - M4_spin_line_wins = M4_spin_line_wins: null

2019-08-10 23:44:05 - [TEST_STEP][PASSED] - M4_total_bonus_spins_int = total_bonus_spins: null

2019-08-10 23:44:05 - [TEST_STEP][PASSED] - println("******M4_total_bonus_spins type is:*******" + newline + getClass().getName()): null

2019-08-10 23:44:05 - [TEST_STEP][PASSED] - M4_total_bonus_spins_int = M4_total_bonus_spins_int: null

2019-08-10 23:44:05 - [TEST_STEP][PASSED] - M4_total_bonus_spins = Integer.toString(M4_total_bonus_spins_int): null

2019-08-10 23:44:05 - [TEST_STEP][PASSED] - M4_total_bonus_spins = M4_total_bonus_spins: null

2019-08-10 23:44:05 - [TEST_STEP][PASSED] - println("M4_total_bonus_spins is:" + M4_total_bonus_spins): null

2019-08-10 23:44:05 - [TEST_STEP][PASSED] - M4_spin_bonus_data = bonus_data: null

2019-08-10 23:44:05 - [TEST_STEP][PASSED] - M4_spin_features_triggered = result_M4_spin: null

2019-08-10 23:44:05 - [TEST_STEP][PASSED] - wild = []: null

2019-08-10 23:44:05 - [TEST_STEP][PASSED] - wild[0] = "WILD_Expanding": null

2019-08-10 23:44:05 - [TEST_STEP][PASSED] - wild[1] = "WILD_Normal": null

2019-08-10 23:44:05 - [TEST_STEP][PASSED] - wild[2] = "WILD_Double": null

2019-08-10 23:44:05 - [TEST_STEP][PASSED] - wild[3] = "WILD_ExtraFG": null

2019-08-10 23:44:05 - [TEST_STEP][PASSED] - wild[4] = "WILD_Triple": null

2019-08-10 23:44:05 - [TEST_STEP][PASSED] - wildList = Arrays.asList(wild): null

2019-08-10 23:44:05 - [TEST_STEP][PASSED] - wildList = wildList: null

2019-08-10 23:44:05 - [TEST_STEP][PASSED] - free_spin_reel_counter = []: null

2019-08-10 23:44:05 - [TEST_STEP][PASSED] - free_spin_reel_counter[0] = 0: null

2019-08-10 23:44:05 - [TEST_STEP][PASSED] - free_spin_reel_counter[1] = 0: null

2019-08-10 23:44:05 - [TEST_STEP][PASSED] - free_spin_reel_counter[2] = 0: null

2019-08-10 23:44:05 - [TEST_STEP][PASSED] - M4_spin_reels = reels: null

2019-08-10 23:44:05 - [TEST_STEP][PASSED] - for ([i = 0, i &lt; M4_spin_reels.size(), (i++)]): null

2019-08-10 23:44:05 - [TEST_STEP][PASSED] - symbols = symbols: null

2019-08-10 23:44:05 - [TEST_STEP][PASSED] - for ([j = 0, j &lt; symbols.size(), (j++)]): null

2019-08-10 23:44:05 - [TEST_STEP][PASSED] - symbol = symbol: null

2019-08-10 23:44:05 - [TEST_STEP][PASSED] - println(symbol): null

2019-08-10 23:44:05 - [TEST_STEP][PASSED] - if (i == 2 &amp;&amp; wildList.indexOf(symbol) != -1): null

2019-08-10 23:44:05 - [TEST_STEP][PASSED] - if (i == 3 &amp;&amp; wildList.indexOf(symbol) != -1): null

2019-08-10 23:44:05 - [TEST_STEP][PASSED] - if (i == 4 &amp;&amp; wildList.indexOf(symbol) != -1): null

2019-08-10 23:44:05 - [TEST_STEP][PASSED] - symbol = symbol: null

2019-08-10 23:44:05 - [TEST_STEP][PASSED] - println(symbol): null

2019-08-10 23:44:05 - [TEST_STEP][PASSED] - if (i == 2 &amp;&amp; wildList.indexOf(symbol) != -1): null

2019-08-10 23:44:05 - [TEST_STEP][PASSED] - if (i == 3 &amp;&amp; wildList.indexOf(symbol) != -1): null

2019-08-10 23:44:05 - [TEST_STEP][PASSED] - if (i == 4 &amp;&amp; wildList.indexOf(symbol) != -1): null

2019-08-10 23:44:05 - [TEST_STEP][PASSED] - symbol = symbol: null

2019-08-10 23:44:05 - [TEST_STEP][PASSED] - println(symbol): null

2019-08-10 23:44:05 - [TEST_STEP][PASSED] - if (i == 2 &amp;&amp; wildList.indexOf(symbol) != -1): null

2019-08-10 23:44:05 - [TEST_STEP][PASSED] - if (i == 3 &amp;&amp; wildList.indexOf(symbol) != -1): null

2019-08-10 23:44:05 - [TEST_STEP][PASSED] - if (i == 4 &amp;&amp; wildList.indexOf(symbol) != -1): null

2019-08-10 23:44:05 - [TEST_STEP][PASSED] - symbols = symbols: null

2019-08-10 23:44:05 - [TEST_STEP][PASSED] - for ([j = 0, j &lt; symbols.size(), (j++)]): null

2019-08-10 23:44:05 - [TEST_STEP][PASSED] - symbol = symbol: null

2019-08-10 23:44:05 - [TEST_STEP][PASSED] - println(symbol): null

2019-08-10 23:44:05 - [TEST_STEP][PASSED] - if (i == 2 &amp;&amp; wildList.indexOf(symbol) != -1): null

2019-08-10 23:44:05 - [TEST_STEP][PASSED] - if (i == 3 &amp;&amp; wildList.indexOf(symbol) != -1): null

2019-08-10 23:44:05 - [TEST_STEP][PASSED] - if (i == 4 &amp;&amp; wildList.indexOf(symbol) != -1): null

2019-08-10 23:44:05 - [TEST_STEP][PASSED] - symbol = symbol: null

2019-08-10 23:44:05 - [TEST_STEP][PASSED] - println(symbol): null

2019-08-10 23:44:05 - [TEST_STEP][PASSED] - if (i == 2 &amp;&amp; wildList.indexOf(symbol) != -1): null

2019-08-10 23:44:05 - [TEST_STEP][PASSED] - if (i == 3 &amp;&amp; wildList.indexOf(symbol) != -1): null

2019-08-10 23:44:05 - [TEST_STEP][PASSED] - if (i == 4 &amp;&amp; wildList.indexOf(symbol) != -1): null

2019-08-10 23:44:05 - [TEST_STEP][PASSED] - symbol = symbol: null

2019-08-10 23:44:05 - [TEST_STEP][PASSED] - println(symbol): null

2019-08-10 23:44:05 - [TEST_STEP][PASSED] - if (i == 2 &amp;&amp; wildList.indexOf(symbol) != -1): null

2019-08-10 23:44:05 - [TEST_STEP][PASSED] - if (i == 3 &amp;&amp; wildList.indexOf(symbol) != -1): null

2019-08-10 23:44:05 - [TEST_STEP][PASSED] - if (i == 4 &amp;&amp; wildList.indexOf(symbol) != -1): null

2019-08-10 23:44:05 - [TEST_STEP][PASSED] - symbols = symbols: null

2019-08-10 23:44:05 - [TEST_STEP][PASSED] - for ([j = 0, j &lt; symbols.size(), (j++)]): null

2019-08-10 23:44:05 - [TEST_STEP][PASSED] - symbol = symbol: null

2019-08-10 23:44:05 - [TEST_STEP][PASSED] - println(symbol): null

2019-08-10 23:44:05 - [TEST_STEP][PASSED] - if (i == 2 &amp;&amp; wildList.indexOf(symbol) != -1): null

2019-08-10 23:44:05 - [TEST_STEP][PASSED] - if (i == 3 &amp;&amp; wildList.indexOf(symbol) != -1): null

2019-08-10 23:44:05 - [TEST_STEP][PASSED] - if (i == 4 &amp;&amp; wildList.indexOf(symbol) != -1): null

2019-08-10 23:44:05 - [TEST_STEP][PASSED] - symbol = symbol: null

2019-08-10 23:44:05 - [TEST_STEP][PASSED] - println(symbol): null

2019-08-10 23:44:05 - [TEST_STEP][PASSED] - if (i == 2 &amp;&amp; wildList.indexOf(symbol) != -1): null

2019-08-10 23:44:05 - [TEST_STEP][PASSED] - if (i == 3 &amp;&amp; wildList.indexOf(symbol) != -1): null

2019-08-10 23:44:05 - [TEST_STEP][PASSED] - if (i == 4 &amp;&amp; wildList.indexOf(symbol) != -1): null

2019-08-10 23:44:05 - [TEST_STEP][PASSED] - symbol = symbol: null

2019-08-10 23:44:05 - [TEST_STEP][PASSED] - println(symbol): null

2019-08-10 23:44:05 - [TEST_STEP][PASSED] - if (i == 2 &amp;&amp; wildList.indexOf(symbol) != -1): null

2019-08-10 23:44:05 - [TEST_STEP][PASSED] - if (i == 3 &amp;&amp; wildList.indexOf(symbol) != -1): null

2019-08-10 23:44:05 - [TEST_STEP][PASSED] - if (i == 4 &amp;&amp; wildList.indexOf(symbol) != -1): null

2019-08-10 23:44:05 - [TEST_STEP][PASSED] - symbols = symbols: null

2019-08-10 23:44:05 - [TEST_STEP][PASSED] - for ([j = 0, j &lt; symbols.size(), (j++)]): null

2019-08-10 23:44:05 - [TEST_STEP][PASSED] - symbol = symbol: null

2019-08-10 23:44:05 - [TEST_STEP][PASSED] - println(symbol): null

2019-08-10 23:44:05 - [TEST_STEP][PASSED] - if (i == 2 &amp;&amp; wildList.indexOf(symbol) != -1): null

2019-08-10 23:44:05 - [TEST_STEP][PASSED] - if (i == 3 &amp;&amp; wildList.indexOf(symbol) != -1): null

2019-08-10 23:44:05 - [TEST_STEP][PASSED] - if (i == 4 &amp;&amp; wildList.indexOf(symbol) != -1): null

2019-08-10 23:44:05 - [TEST_STEP][PASSED] - symbol = symbol: null

2019-08-10 23:44:05 - [TEST_STEP][PASSED] - println(symbol): null

2019-08-10 23:44:05 - [TEST_STEP][PASSED] - if (i == 2 &amp;&amp; wildList.indexOf(symbol) != -1): null

2019-08-10 23:44:05 - [TEST_STEP][PASSED] - if (i == 3 &amp;&amp; wildList.indexOf(symbol) != -1): null

2019-08-10 23:44:05 - [TEST_STEP][PASSED] - if (i == 4 &amp;&amp; wildList.indexOf(symbol) != -1): null

2019-08-10 23:44:05 - [TEST_STEP][PASSED] - symbol = symbol: null

2019-08-10 23:44:05 - [TEST_STEP][PASSED] - println(symbol): null

2019-08-10 23:44:05 - [TEST_STEP][PASSED] - if (i == 2 &amp;&amp; wildList.indexOf(symbol) != -1): null

2019-08-10 23:44:05 - [TEST_STEP][PASSED] - if (i == 3 &amp;&amp; wildList.indexOf(symbol) != -1): null

2019-08-10 23:44:05 - [TEST_STEP][PASSED] - if (i == 4 &amp;&amp; wildList.indexOf(symbol) != -1): null

2019-08-10 23:44:05 - [TEST_STEP][PASSED] - symbols = symbols: null

2019-08-10 23:44:05 - [TEST_STEP][PASSED] - for ([j = 0, j &lt; symbols.size(), (j++)]): null

2019-08-10 23:44:05 - [TEST_STEP][PASSED] - symbol = symbol: null

2019-08-10 23:44:05 - [TEST_STEP][PASSED] - println(symbol): null

2019-08-10 23:44:05 - [TEST_STEP][PASSED] - if (i == 2 &amp;&amp; wildList.indexOf(symbol) != -1): null

2019-08-10 23:44:05 - [TEST_STEP][PASSED] - if (i == 3 &amp;&amp; wildList.indexOf(symbol) != -1): null

2019-08-10 23:44:05 - [TEST_STEP][PASSED] - if (i == 4 &amp;&amp; wildList.indexOf(symbol) != -1): null

2019-08-10 23:44:05 - [TEST_STEP][PASSED] - symbol = symbol: null

2019-08-10 23:44:05 - [TEST_STEP][PASSED] - println(symbol): null

2019-08-10 23:44:05 - [TEST_STEP][PASSED] - if (i == 2 &amp;&amp; wildList.indexOf(symbol) != -1): null

2019-08-10 23:44:05 - [TEST_STEP][PASSED] - if (i == 3 &amp;&amp; wildList.indexOf(symbol) != -1): null

2019-08-10 23:44:05 - [TEST_STEP][PASSED] - if (i == 4 &amp;&amp; wildList.indexOf(symbol) != -1): null

2019-08-10 23:44:05 - [TEST_STEP][PASSED] - symbol = symbol: null

2019-08-10 23:44:05 - [TEST_STEP][PASSED] - println(symbol): null

2019-08-10 23:44:05 - [TEST_STEP][PASSED] - if (i == 2 &amp;&amp; wildList.indexOf(symbol) != -1): null

2019-08-10 23:44:05 - [TEST_STEP][PASSED] - if (i == 3 &amp;&amp; wildList.indexOf(symbol) != -1): null

2019-08-10 23:44:05 - [TEST_STEP][PASSED] - if (i == 4 &amp;&amp; wildList.indexOf(symbol) != -1): null

2019-08-10 23:44:05 - [TEST_STEP][PASSED] - free_spin_reel_counter = free_spin_reel_counter: null

2019-08-10 23:44:05 - [TEST_STEP][PASSED] - println("reel 3 wild found: " + free_spin_reel_counter[0]): null

2019-08-10 23:44:05 - [TEST_STEP][PASSED] - println("reel 4 wild found: " + free_spin_reel_counter[1]): null

2019-08-10 23:44:05 - [TEST_STEP][PASSED] - println("reel 5 wild found: " + free_spin_reel_counter[2]): null

2019-08-10 23:44:05 - [TEST_STEP][PASSED] - M4_spin_reels = M4_spin_reels: null

2019-08-10 23:44:05 - [TEST_STEP][PASSED] - M4_spin_reels_symbols = symbol: null

2019-08-10 23:44:05 - [TEST_STEP][PASSED] - M4_spin_reels_symbols = M4_spin_reels_symbols: null

2019-08-10 23:44:05 - [TEST_STEP][PASSED] - M4_spin_reel_wins = reel_wins: null

2019-08-10 23:44:05 - [TEST_STEP][PASSED] - M4_spin_reel_wins = M4_spin_reel_wins: null

2019-08-10 23:44:05 - [TEST_STEP][PASSED] - println("GlobalVariable.M4_spin_reel_wins is: " + M4_spin_reel_wins): null

2019-08-10 23:44:05 - [TEST_STEP][PASSED] - M4_spin_total_bonus_win_this_round = total_bonus_win_this_round: null

2019-08-10 23:44:05 - [TEST_STEP][PASSED] - M4_spin_total_bonus_win_this_round = M4_spin_total_bonus_win_this_round: null

2019-08-10 23:44:05 - [TEST_STEP][PASSED] - println("GlobalVariable.M4_spin_total_bonus_win_this_round is: " + M4_spin_total_bonus_win_this_round): null

2019-08-10 23:44:05 - [MESSAGE][PASSED] - Verify response successfully

2019-08-10 23:44:05 - [MESSAGE][PASSED] - Send request and verify the response successfully

2019-08-10 23:44:05 - [TEST_STEP][PASSED] - if (M4_total_bonus_spins_int != 0 &amp;&amp; M4_spin_reels_symbols[2].contains("WILD_ExtraFG") || M4_spin_reels_symbols[3].contains("WILD_ExtraFG")): null

2019-08-10 23:44:05 - [TEST_STEP][PASSED] - free_spin_reel_counter = free_spin_reel_counter: null

2019-08-10 23:44:05 - [TEST_STEP][PASSED] - M4_spin_reels_symbols = M4_spin_reels_symbols: null

2019-08-10 23:44:05 - [TEST_STEP][PASSED] - M4_total_bonus_spins = M4_total_bonus_spins: null

2019-08-10 23:44:05 - [TEST_STEP][PASSED] - spin_result = sendRequestAndVerify(findTestObject("RGS(M4)/1_M4_spin", ["M4_login_user_id":M4_login_user_id, "rgs_session_token":rgs_session_token, "partner":Partner])): Send request and verify the response successfully

2019-08-10 23:44:05 - [TEST_CASE][PASSED] - Start Test Case : Verification: Verification accomplished successfully

2019-08-10 23:44:06 - [TEST_STEP][PASSED] - request = getInstance().getCurrentRequest(): null

2019-08-10 23:44:06 - [TEST_STEP][PASSED] - response = getInstance().getCurrentResponse(): null

2019-08-10 23:44:06 - [TEST_STEP][PASSED] - verifyResponseStatusCode(response, 200): Verify response status code successfully

2019-08-10 23:44:06 - [MESSAGE][PASSED] - Verify response status code successfully

2019-08-10 23:44:06 - [TEST_STEP][PASSED] - getStatusCode()).isEqualTo(200): null

2019-08-10 23:44:06 - [TEST_STEP][PASSED] - newline = System.getProperty("line.separator"): null

2019-08-10 23:44:06 - [TEST_STEP][PASSED] - M4_spin = new groovy.json.JsonSlurper(): null

2019-08-10 23:44:06 - [TEST_STEP][PASSED] - result_M4_spin = M4_spin.parseText(response.getResponseBodyContent()): null

2019-08-10 23:44:06 - [TEST_STEP][PASSED] - M4_spin_current_balance = current_balance: null

2019-08-10 23:44:06 - [TEST_STEP][PASSED] - M4_spin_current_balance = M4_spin_current_balance: null

2019-08-10 23:44:06 - [TEST_STEP][PASSED] - M4_spin_transaction_id = causality: null

2019-08-10 23:44:06 - [TEST_STEP][PASSED] - M4_spin_transaction_id = M4_spin_transaction_id: null

2019-08-10 23:44:06 - [TEST_STEP][PASSED] - M4_spin_round_id = round_id: null

2019-08-10 23:44:06 - [TEST_STEP][PASSED] - M4_spin_round_id = M4_spin_round_id: null

2019-08-10 23:44:06 - [TEST_STEP][PASSED] - M4_spin_line_wins = line_wins: null

2019-08-10 23:44:06 - [TEST_STEP][PASSED] - M4_spin_line_wins = M4_spin_line_wins: null

2019-08-10 23:44:06 - [TEST_STEP][PASSED] - M4_total_bonus_spins_int = total_bonus_spins: null

2019-08-10 23:44:06 - [TEST_STEP][PASSED] - println("******M4_total_bonus_spins type is:*******" + newline + getClass().getName()): null

2019-08-10 23:44:06 - [TEST_STEP][PASSED] - M4_total_bonus_spins_int = M4_total_bonus_spins_int: null

2019-08-10 23:44:06 - [TEST_STEP][PASSED] - M4_total_bonus_spins = Integer.toString(M4_total_bonus_spins_int): null

2019-08-10 23:44:06 - [TEST_STEP][PASSED] - M4_total_bonus_spins = M4_total_bonus_spins: null

2019-08-10 23:44:06 - [TEST_STEP][PASSED] - println("M4_total_bonus_spins is:" + M4_total_bonus_spins): null

2019-08-10 23:44:06 - [TEST_STEP][PASSED] - M4_spin_bonus_data = bonus_data: null

2019-08-10 23:44:06 - [TEST_STEP][PASSED] - M4_spin_features_triggered = result_M4_spin: null

2019-08-10 23:44:06 - [TEST_STEP][PASSED] - wild = []: null

2019-08-10 23:44:06 - [TEST_STEP][PASSED] - wild[0] = "WILD_Expanding": null

2019-08-10 23:44:06 - [TEST_STEP][PASSED] - wild[1] = "WILD_Normal": null

2019-08-10 23:44:06 - [TEST_STEP][PASSED] - wild[2] = "WILD_Double": null

2019-08-10 23:44:06 - [TEST_STEP][PASSED] - wild[3] = "WILD_ExtraFG": null

2019-08-10 23:44:06 - [TEST_STEP][PASSED] - wild[4] = "WILD_Triple": null

2019-08-10 23:44:06 - [TEST_STEP][PASSED] - wildList = Arrays.asList(wild): null

2019-08-10 23:44:06 - [TEST_STEP][PASSED] - wildList = wildList: null

2019-08-10 23:44:06 - [TEST_STEP][PASSED] - free_spin_reel_counter = []: null

2019-08-10 23:44:06 - [TEST_STEP][PASSED] - free_spin_reel_counter[0] = 0: null

2019-08-10 23:44:06 - [TEST_STEP][PASSED] - free_spin_reel_counter[1] = 0: null

2019-08-10 23:44:06 - [TEST_STEP][PASSED] - free_spin_reel_counter[2] = 0: null

2019-08-10 23:44:06 - [TEST_STEP][PASSED] - M4_spin_reels = reels: null

2019-08-10 23:44:06 - [TEST_STEP][PASSED] - for ([i = 0, i &lt; M4_spin_reels.size(), (i++)]): null

2019-08-10 23:44:06 - [TEST_STEP][PASSED] - symbols = symbols: null

2019-08-10 23:44:06 - [TEST_STEP][PASSED] - for ([j = 0, j &lt; symbols.size(), (j++)]): null

2019-08-10 23:44:06 - [TEST_STEP][PASSED] - symbol = symbol: null

2019-08-10 23:44:06 - [TEST_STEP][PASSED] - println(symbol): null

2019-08-10 23:44:06 - [TEST_STEP][PASSED] - if (i == 2 &amp;&amp; wildList.indexOf(symbol) != -1): null

2019-08-10 23:44:06 - [TEST_STEP][PASSED] - if (i == 3 &amp;&amp; wildList.indexOf(symbol) != -1): null

2019-08-10 23:44:06 - [TEST_STEP][PASSED] - if (i == 4 &amp;&amp; wildList.indexOf(symbol) != -1): null

2019-08-10 23:44:06 - [TEST_STEP][PASSED] - symbol = symbol: null

2019-08-10 23:44:06 - [TEST_STEP][PASSED] - println(symbol): null

2019-08-10 23:44:06 - [TEST_STEP][PASSED] - if (i == 2 &amp;&amp; wildList.indexOf(symbol) != -1): null

2019-08-10 23:44:06 - [TEST_STEP][PASSED] - if (i == 3 &amp;&amp; wildList.indexOf(symbol) != -1): null

2019-08-10 23:44:06 - [TEST_STEP][PASSED] - if (i == 4 &amp;&amp; wildList.indexOf(symbol) != -1): null

2019-08-10 23:44:06 - [TEST_STEP][PASSED] - symbol = symbol: null

2019-08-10 23:44:06 - [TEST_STEP][PASSED] - println(symbol): null

2019-08-10 23:44:06 - [TEST_STEP][PASSED] - if (i == 2 &amp;&amp; wildList.indexOf(symbol) != -1): null

2019-08-10 23:44:06 - [TEST_STEP][PASSED] - if (i == 3 &amp;&amp; wildList.indexOf(symbol) != -1): null

2019-08-10 23:44:06 - [TEST_STEP][PASSED] - if (i == 4 &amp;&amp; wildList.indexOf(symbol) != -1): null

2019-08-10 23:44:06 - [TEST_STEP][PASSED] - symbols = symbols: null

2019-08-10 23:44:06 - [TEST_STEP][PASSED] - for ([j = 0, j &lt; symbols.size(), (j++)]): null

2019-08-10 23:44:06 - [TEST_STEP][PASSED] - symbol = symbol: null

2019-08-10 23:44:06 - [TEST_STEP][PASSED] - println(symbol): null

2019-08-10 23:44:06 - [TEST_STEP][PASSED] - if (i == 2 &amp;&amp; wildList.indexOf(symbol) != -1): null

2019-08-10 23:44:06 - [TEST_STEP][PASSED] - if (i == 3 &amp;&amp; wildList.indexOf(symbol) != -1): null

2019-08-10 23:44:06 - [TEST_STEP][PASSED] - if (i == 4 &amp;&amp; wildList.indexOf(symbol) != -1): null

2019-08-10 23:44:06 - [TEST_STEP][PASSED] - symbol = symbol: null

2019-08-10 23:44:06 - [TEST_STEP][PASSED] - println(symbol): null

2019-08-10 23:44:06 - [TEST_STEP][PASSED] - if (i == 2 &amp;&amp; wildList.indexOf(symbol) != -1): null

2019-08-10 23:44:06 - [TEST_STEP][PASSED] - if (i == 3 &amp;&amp; wildList.indexOf(symbol) != -1): null

2019-08-10 23:44:06 - [TEST_STEP][PASSED] - if (i == 4 &amp;&amp; wildList.indexOf(symbol) != -1): null

2019-08-10 23:44:06 - [TEST_STEP][PASSED] - symbol = symbol: null

2019-08-10 23:44:06 - [TEST_STEP][PASSED] - println(symbol): null

2019-08-10 23:44:06 - [TEST_STEP][PASSED] - if (i == 2 &amp;&amp; wildList.indexOf(symbol) != -1): null

2019-08-10 23:44:06 - [TEST_STEP][PASSED] - if (i == 3 &amp;&amp; wildList.indexOf(symbol) != -1): null

2019-08-10 23:44:06 - [TEST_STEP][PASSED] - if (i == 4 &amp;&amp; wildList.indexOf(symbol) != -1): null

2019-08-10 23:44:06 - [TEST_STEP][PASSED] - symbols = symbols: null

2019-08-10 23:44:06 - [TEST_STEP][PASSED] - for ([j = 0, j &lt; symbols.size(), (j++)]): null

2019-08-10 23:44:06 - [TEST_STEP][PASSED] - symbol = symbol: null

2019-08-10 23:44:06 - [TEST_STEP][PASSED] - println(symbol): null

2019-08-10 23:44:06 - [TEST_STEP][PASSED] - if (i == 2 &amp;&amp; wildList.indexOf(symbol) != -1): null

2019-08-10 23:44:06 - [TEST_STEP][PASSED] - if (i == 3 &amp;&amp; wildList.indexOf(symbol) != -1): null

2019-08-10 23:44:06 - [TEST_STEP][PASSED] - if (i == 4 &amp;&amp; wildList.indexOf(symbol) != -1): null

2019-08-10 23:44:06 - [TEST_STEP][PASSED] - symbol = symbol: null

2019-08-10 23:44:06 - [TEST_STEP][PASSED] - println(symbol): null

2019-08-10 23:44:06 - [TEST_STEP][PASSED] - if (i == 2 &amp;&amp; wildList.indexOf(symbol) != -1): null

2019-08-10 23:44:06 - [TEST_STEP][PASSED] - if (i == 3 &amp;&amp; wildList.indexOf(symbol) != -1): null

2019-08-10 23:44:06 - [TEST_STEP][PASSED] - if (i == 4 &amp;&amp; wildList.indexOf(symbol) != -1): null

2019-08-10 23:44:06 - [TEST_STEP][PASSED] - symbol = symbol: null

2019-08-10 23:44:06 - [TEST_STEP][PASSED] - println(symbol): null

2019-08-10 23:44:06 - [TEST_STEP][PASSED] - if (i == 2 &amp;&amp; wildList.indexOf(symbol) != -1): null

2019-08-10 23:44:06 - [TEST_STEP][PASSED] - if (i == 3 &amp;&amp; wildList.indexOf(symbol) != -1): null

2019-08-10 23:44:06 - [TEST_STEP][PASSED] - if (i == 4 &amp;&amp; wildList.indexOf(symbol) != -1): null

2019-08-10 23:44:06 - [TEST_STEP][PASSED] - symbols = symbols: null

2019-08-10 23:44:06 - [TEST_STEP][PASSED] - for ([j = 0, j &lt; symbols.size(), (j++)]): null

2019-08-10 23:44:06 - [TEST_STEP][PASSED] - symbol = symbol: null

2019-08-10 23:44:06 - [TEST_STEP][PASSED] - println(symbol): null

2019-08-10 23:44:06 - [TEST_STEP][PASSED] - if (i == 2 &amp;&amp; wildList.indexOf(symbol) != -1): null

2019-08-10 23:44:06 - [TEST_STEP][PASSED] - if (i == 3 &amp;&amp; wildList.indexOf(symbol) != -1): null

2019-08-10 23:44:06 - [TEST_STEP][PASSED] - if (i == 4 &amp;&amp; wildList.indexOf(symbol) != -1): null

2019-08-10 23:44:06 - [TEST_STEP][PASSED] - symbol = symbol: null

2019-08-10 23:44:06 - [TEST_STEP][PASSED] - println(symbol): null

2019-08-10 23:44:06 - [TEST_STEP][PASSED] - if (i == 2 &amp;&amp; wildList.indexOf(symbol) != -1): null

2019-08-10 23:44:06 - [TEST_STEP][PASSED] - if (i == 3 &amp;&amp; wildList.indexOf(symbol) != -1): null

2019-08-10 23:44:06 - [TEST_STEP][PASSED] - if (i == 4 &amp;&amp; wildList.indexOf(symbol) != -1): null

2019-08-10 23:44:06 - [TEST_STEP][PASSED] - symbol = symbol: null

2019-08-10 23:44:06 - [TEST_STEP][PASSED] - println(symbol): null

2019-08-10 23:44:06 - [TEST_STEP][PASSED] - if (i == 2 &amp;&amp; wildList.indexOf(symbol) != -1): null

2019-08-10 23:44:09 - [TEST_STEP][PASSED] - if (i == 3 &amp;&amp; wildList.indexOf(symbol) != -1): null

2019-08-10 23:44:09 - [TEST_STEP][PASSED] - if (i == 4 &amp;&amp; wildList.indexOf(symbol) != -1): null

2019-08-10 23:44:09 - [TEST_STEP][PASSED] - symbols = symbols: null

2019-08-10 23:44:09 - [TEST_STEP][PASSED] - for ([j = 0, j &lt; symbols.size(), (j++)]): null

2019-08-10 23:44:09 - [TEST_STEP][PASSED] - symbol = symbol: null

2019-08-10 23:44:09 - [TEST_STEP][PASSED] - println(symbol): null

2019-08-10 23:44:09 - [TEST_STEP][PASSED] - if (i == 2 &amp;&amp; wildList.indexOf(symbol) != -1): null

2019-08-10 23:44:09 - [TEST_STEP][PASSED] - if (i == 3 &amp;&amp; wildList.indexOf(symbol) != -1): null

2019-08-10 23:44:09 - [TEST_STEP][PASSED] - if (i == 4 &amp;&amp; wildList.indexOf(symbol) != -1): null

2019-08-10 23:44:09 - [TEST_STEP][PASSED] - symbol = symbol: null

2019-08-10 23:44:09 - [TEST_STEP][PASSED] - println(symbol): null

2019-08-10 23:44:09 - [TEST_STEP][PASSED] - if (i == 2 &amp;&amp; wildList.indexOf(symbol) != -1): null

2019-08-10 23:44:09 - [TEST_STEP][PASSED] - if (i == 3 &amp;&amp; wildList.indexOf(symbol) != -1): null

2019-08-10 23:44:09 - [TEST_STEP][PASSED] - if (i == 4 &amp;&amp; wildList.indexOf(symbol) != -1): null

2019-08-10 23:44:09 - [TEST_STEP][PASSED] - symbol = symbol: null

2019-08-10 23:44:09 - [TEST_STEP][PASSED] - println(symbol): null

2019-08-10 23:44:09 - [TEST_STEP][PASSED] - if (i == 2 &amp;&amp; wildList.indexOf(symbol) != -1): null

2019-08-10 23:44:09 - [TEST_STEP][PASSED] - if (i == 3 &amp;&amp; wildList.indexOf(symbol) != -1): null

2019-08-10 23:44:09 - [TEST_STEP][PASSED] - if (i == 4 &amp;&amp; wildList.indexOf(symbol) != -1): null

2019-08-10 23:44:09 - [TEST_STEP][PASSED] - free_spin_reel_counter = free_spin_reel_counter: null

2019-08-10 23:44:09 - [TEST_STEP][PASSED] - println("reel 3 wild found: " + free_spin_reel_counter[0]): null

2019-08-10 23:44:09 - [TEST_STEP][PASSED] - println("reel 4 wild found: " + free_spin_reel_counter[1]): null

2019-08-10 23:44:09 - [TEST_STEP][PASSED] - println("reel 5 wild found: " + free_spin_reel_counter[2]): null

2019-08-10 23:44:09 - [TEST_STEP][PASSED] - M4_spin_reels = M4_spin_reels: null

2019-08-10 23:44:09 - [TEST_STEP][PASSED] - M4_spin_reels_symbols = symbol: null

2019-08-10 23:44:09 - [TEST_STEP][PASSED] - M4_spin_reels_symbols = M4_spin_reels_symbols: null

2019-08-10 23:44:09 - [TEST_STEP][PASSED] - M4_spin_reel_wins = reel_wins: null

2019-08-10 23:44:09 - [TEST_STEP][PASSED] - M4_spin_reel_wins = M4_spin_reel_wins: null

2019-08-10 23:44:09 - [TEST_STEP][PASSED] - println("GlobalVariable.M4_spin_reel_wins is: " + M4_spin_reel_wins): null

2019-08-10 23:44:09 - [TEST_STEP][PASSED] - M4_spin_total_bonus_win_this_round = total_bonus_win_this_round: null

2019-08-10 23:44:09 - [TEST_STEP][PASSED] - M4_spin_total_bonus_win_this_round = M4_spin_total_bonus_win_this_round: null

2019-08-10 23:44:09 - [TEST_STEP][PASSED] - println("GlobalVariable.M4_spin_total_bonus_win_this_round is: " + M4_spin_total_bonus_win_this_round): null

2019-08-10 23:44:09 - [MESSAGE][PASSED] - Verify response successfully

2019-08-10 23:44:09 - [MESSAGE][PASSED] - Send request and verify the response successfully

2019-08-10 23:44:09 - [TEST_STEP][PASSED] - if (M4_total_bonus_spins_int != 0 &amp;&amp; M4_spin_reels_symbols[2].contains("WILD_ExtraFG") || M4_spin_reels_symbols[3].contains("WILD_ExtraFG")): null

2019-08-10 23:44:09 - [TEST_STEP][PASSED] - free_spin_reel_counter = free_spin_reel_counter: null

2019-08-10 23:44:09 - [TEST_STEP][PASSED] - M4_spin_reels_symbols = M4_spin_reels_symbols: null

2019-08-10 23:44:09 - [TEST_STEP][PASSED] - M4_total_bonus_spins = M4_total_bonus_spins: null

2019-08-10 23:44:09 - [TEST_STEP][PASSED] - spin_result = sendRequestAndVerify(findTestObject("RGS(M4)/1_M4_spin", ["M4_login_user_id":M4_login_user_id, "rgs_session_token":rgs_session_token, "partner":Partner])): Send request and verify the response successfully

2019-08-10 23:44:10 - [TEST_CASE][PASSED] - Start Test Case : Verification: Verification accomplished successfully

2019-08-10 23:44:10 - [TEST_STEP][PASSED] - request = getInstance().getCurrentRequest(): null

2019-08-10 23:44:10 - [TEST_STEP][PASSED] - response = getInstance().getCurrentResponse(): null

2019-08-10 23:44:10 - [TEST_STEP][PASSED] - verifyResponseStatusCode(response, 200): Verify response status code successfully

2019-08-10 23:44:10 - [MESSAGE][PASSED] - Verify response status code successfully

2019-08-10 23:44:10 - [TEST_STEP][PASSED] - getStatusCode()).isEqualTo(200): null

2019-08-10 23:44:10 - [TEST_STEP][PASSED] - newline = System.getProperty("line.separator"): null

2019-08-10 23:44:10 - [TEST_STEP][PASSED] - M4_spin = new groovy.json.JsonSlurper(): null

2019-08-10 23:44:10 - [TEST_STEP][PASSED] - result_M4_spin = M4_spin.parseText(response.getResponseBodyContent()): null

2019-08-10 23:44:10 - [TEST_STEP][PASSED] - M4_spin_current_balance = current_balance: null

2019-08-10 23:44:10 - [TEST_STEP][PASSED] - M4_spin_current_balance = M4_spin_current_balance: null

2019-08-10 23:44:10 - [TEST_STEP][PASSED] - M4_spin_transaction_id = causality: null

2019-08-10 23:44:10 - [TEST_STEP][PASSED] - M4_spin_transaction_id = M4_spin_transaction_id: null

2019-08-10 23:44:10 - [TEST_STEP][PASSED] - M4_spin_round_id = round_id: null

2019-08-10 23:44:10 - [TEST_STEP][PASSED] - M4_spin_round_id = M4_spin_round_id: null

2019-08-10 23:44:10 - [TEST_STEP][PASSED] - M4_spin_line_wins = line_wins: null

2019-08-10 23:44:10 - [TEST_STEP][PASSED] - M4_spin_line_wins = M4_spin_line_wins: null

2019-08-10 23:44:10 - [TEST_STEP][PASSED] - M4_total_bonus_spins_int = total_bonus_spins: null

2019-08-10 23:44:10 - [TEST_STEP][PASSED] - println("******M4_total_bonus_spins type is:*******" + newline + getClass().getName()): null

2019-08-10 23:44:10 - [TEST_STEP][PASSED] - M4_total_bonus_spins_int = M4_total_bonus_spins_int: null

2019-08-10 23:44:10 - [TEST_STEP][PASSED] - M4_total_bonus_spins = Integer.toString(M4_total_bonus_spins_int): null

2019-08-10 23:44:10 - [TEST_STEP][PASSED] - M4_total_bonus_spins = M4_total_bonus_spins: null

2019-08-10 23:44:10 - [TEST_STEP][PASSED] - println("M4_total_bonus_spins is:" + M4_total_bonus_spins): null

2019-08-10 23:44:10 - [TEST_STEP][PASSED] - M4_spin_bonus_data = bonus_data: null

2019-08-10 23:44:10 - [TEST_STEP][PASSED] - M4_spin_features_triggered = result_M4_spin: null

2019-08-10 23:44:10 - [TEST_STEP][PASSED] - wild = []: null

2019-08-10 23:44:10 - [TEST_STEP][PASSED] - wild[0] = "WILD_Expanding": null

2019-08-10 23:44:10 - [TEST_STEP][PASSED] - wild[1] = "WILD_Normal": null

2019-08-10 23:44:10 - [TEST_STEP][PASSED] - wild[2] = "WILD_Double": null

2019-08-10 23:44:10 - [TEST_STEP][PASSED] - wild[3] = "WILD_ExtraFG": null

2019-08-10 23:44:10 - [TEST_STEP][PASSED] - wild[4] = "WILD_Triple": null

2019-08-10 23:44:10 - [TEST_STEP][PASSED] - wildList = Arrays.asList(wild): null

2019-08-10 23:44:10 - [TEST_STEP][PASSED] - wildList = wildList: null

2019-08-10 23:44:10 - [TEST_STEP][PASSED] - free_spin_reel_counter = []: null

2019-08-10 23:44:10 - [TEST_STEP][PASSED] - free_spin_reel_counter[0] = 0: null

2019-08-10 23:44:10 - [TEST_STEP][PASSED] - free_spin_reel_counter[1] = 0: null

2019-08-10 23:44:10 - [TEST_STEP][PASSED] - free_spin_reel_counter[2] = 0: null

2019-08-10 23:44:10 - [TEST_STEP][PASSED] - M4_spin_reels = reels: null

2019-08-10 23:44:10 - [TEST_STEP][PASSED] - for ([i = 0, i &lt; M4_spin_reels.size(), (i++)]): null

2019-08-10 23:44:10 - [TEST_STEP][PASSED] - symbols = symbols: null

2019-08-10 23:44:10 - [TEST_STEP][PASSED] - for ([j = 0, j &lt; symbols.size(), (j++)]): null

2019-08-10 23:44:10 - [TEST_STEP][PASSED] - symbol = symbol: null

2019-08-10 23:44:10 - [TEST_STEP][PASSED] - println(symbol): null

2019-08-10 23:44:10 - [TEST_STEP][PASSED] - if (i == 2 &amp;&amp; wildList.indexOf(symbol) != -1): null

2019-08-10 23:44:10 - [TEST_STEP][PASSED] - if (i == 3 &amp;&amp; wildList.indexOf(symbol) != -1): null

2019-08-10 23:44:10 - [TEST_STEP][PASSED] - if (i == 4 &amp;&amp; wildList.indexOf(symbol) != -1): null

2019-08-10 23:44:10 - [TEST_STEP][PASSED] - symbol = symbol: null

2019-08-10 23:44:10 - [TEST_STEP][PASSED] - println(symbol): null

2019-08-10 23:44:10 - [TEST_STEP][PASSED] - if (i == 2 &amp;&amp; wildList.indexOf(symbol) != -1): null

2019-08-10 23:44:10 - [TEST_STEP][PASSED] - if (i == 3 &amp;&amp; wildList.indexOf(symbol) != -1): null

2019-08-10 23:44:10 - [TEST_STEP][PASSED] - if (i == 4 &amp;&amp; wildList.indexOf(symbol) != -1): null

2019-08-10 23:44:10 - [TEST_STEP][PASSED] - symbol = symbol: null

2019-08-10 23:44:10 - [TEST_STEP][PASSED] - println(symbol): null

2019-08-10 23:44:10 - [TEST_STEP][PASSED] - if (i == 2 &amp;&amp; wildList.indexOf(symbol) != -1): null

2019-08-10 23:44:10 - [TEST_STEP][PASSED] - if (i == 3 &amp;&amp; wildList.indexOf(symbol) != -1): null

2019-08-10 23:44:10 - [TEST_STEP][PASSED] - if (i == 4 &amp;&amp; wildList.indexOf(symbol) != -1): null

2019-08-10 23:44:10 - [TEST_STEP][PASSED] - symbols = symbols: null

2019-08-10 23:44:10 - [TEST_STEP][PASSED] - for ([j = 0, j &lt; symbols.size(), (j++)]): null

2019-08-10 23:44:10 - [TEST_STEP][PASSED] - symbol = symbol: null

2019-08-10 23:44:10 - [TEST_STEP][PASSED] - println(symbol): null

2019-08-10 23:44:10 - [TEST_STEP][PASSED] - if (i == 2 &amp;&amp; wildList.indexOf(symbol) != -1): null

2019-08-10 23:44:10 - [TEST_STEP][PASSED] - if (i == 3 &amp;&amp; wildList.indexOf(symbol) != -1): null

2019-08-10 23:44:10 - [TEST_STEP][PASSED] - if (i == 4 &amp;&amp; wildList.indexOf(symbol) != -1): null

2019-08-10 23:44:10 - [TEST_STEP][PASSED] - symbol = symbol: null

2019-08-10 23:44:10 - [TEST_STEP][PASSED] - println(symbol): null

2019-08-10 23:44:10 - [TEST_STEP][PASSED] - if (i == 2 &amp;&amp; wildList.indexOf(symbol) != -1): null

2019-08-10 23:44:10 - [TEST_STEP][PASSED] - if (i == 3 &amp;&amp; wildList.indexOf(symbol) != -1): null

2019-08-10 23:44:10 - [TEST_STEP][PASSED] - if (i == 4 &amp;&amp; wildList.indexOf(symbol) != -1): null

2019-08-10 23:44:10 - [TEST_STEP][PASSED] - symbol = symbol: null

2019-08-10 23:44:10 - [TEST_STEP][PASSED] - println(symbol): null

2019-08-10 23:44:10 - [TEST_STEP][PASSED] - if (i == 2 &amp;&amp; wildList.indexOf(symbol) != -1): null

2019-08-10 23:44:10 - [TEST_STEP][PASSED] - if (i == 3 &amp;&amp; wildList.indexOf(symbol) != -1): null

2019-08-10 23:44:10 - [TEST_STEP][PASSED] - if (i == 4 &amp;&amp; wildList.indexOf(symbol) != -1): null

2019-08-10 23:44:10 - [TEST_STEP][PASSED] - symbols = symbols: null

2019-08-10 23:44:10 - [TEST_STEP][PASSED] - for ([j = 0, j &lt; symbols.size(), (j++)]): null

2019-08-10 23:44:10 - [TEST_STEP][PASSED] - symbol = symbol: null

2019-08-10 23:44:10 - [TEST_STEP][PASSED] - println(symbol): null

2019-08-10 23:44:10 - [TEST_STEP][PASSED] - if (i == 2 &amp;&amp; wildList.indexOf(symbol) != -1): null

2019-08-10 23:44:10 - [TEST_STEP][PASSED] - if (i == 3 &amp;&amp; wildList.indexOf(symbol) != -1): null

2019-08-10 23:44:10 - [TEST_STEP][PASSED] - if (i == 4 &amp;&amp; wildList.indexOf(symbol) != -1): null

2019-08-10 23:44:10 - [TEST_STEP][PASSED] - symbol = symbol: null

2019-08-10 23:44:10 - [TEST_STEP][PASSED] - println(symbol): null

2019-08-10 23:44:10 - [TEST_STEP][PASSED] - if (i == 2 &amp;&amp; wildList.indexOf(symbol) != -1): null

2019-08-10 23:44:10 - [TEST_STEP][PASSED] - if (i == 3 &amp;&amp; wildList.indexOf(symbol) != -1): null

2019-08-10 23:44:10 - [TEST_STEP][PASSED] - if (i == 4 &amp;&amp; wildList.indexOf(symbol) != -1): null

2019-08-10 23:44:10 - [TEST_STEP][PASSED] - symbol = symbol: null

2019-08-10 23:44:10 - [TEST_STEP][PASSED] - println(symbol): null

2019-08-10 23:44:10 - [TEST_STEP][PASSED] - if (i == 2 &amp;&amp; wildList.indexOf(symbol) != -1): null

2019-08-10 23:44:10 - [TEST_STEP][PASSED] - println("wild found on reel 3, adding counter by 1"): null

2019-08-10 23:44:10 - [TEST_STEP][PASSED] - free_spin_reel_counter[0] = free_spin_reel_counter[0] + 1: null

2019-08-10 23:44:10 - [TEST_STEP][PASSED] - if (i == 3 &amp;&amp; wildList.indexOf(symbol) != -1): null

2019-08-10 23:44:10 - [TEST_STEP][PASSED] - if (i == 4 &amp;&amp; wildList.indexOf(symbol) != -1): null

2019-08-10 23:44:10 - [TEST_STEP][PASSED] - symbols = symbols: null

2019-08-10 23:44:10 - [TEST_STEP][PASSED] - for ([j = 0, j &lt; symbols.size(), (j++)]): null

2019-08-10 23:44:10 - [TEST_STEP][PASSED] - symbol = symbol: null

2019-08-10 23:44:10 - [TEST_STEP][PASSED] - println(symbol): null

2019-08-10 23:44:10 - [TEST_STEP][PASSED] - if (i == 2 &amp;&amp; wildList.indexOf(symbol) != -1): null

2019-08-10 23:44:10 - [TEST_STEP][PASSED] - if (i == 3 &amp;&amp; wildList.indexOf(symbol) != -1): null

2019-08-10 23:44:10 - [TEST_STEP][PASSED] - if (i == 4 &amp;&amp; wildList.indexOf(symbol) != -1): null

2019-08-10 23:44:10 - [TEST_STEP][PASSED] - symbol = symbol: null

2019-08-10 23:44:10 - [TEST_STEP][PASSED] - println(symbol): null

2019-08-10 23:44:10 - [TEST_STEP][PASSED] - if (i == 2 &amp;&amp; wildList.indexOf(symbol) != -1): null

2019-08-10 23:44:10 - [TEST_STEP][PASSED] - if (i == 3 &amp;&amp; wildList.indexOf(symbol) != -1): null

2019-08-10 23:44:10 - [TEST_STEP][PASSED] - if (i == 4 &amp;&amp; wildList.indexOf(symbol) != -1): null

2019-08-10 23:44:10 - [TEST_STEP][PASSED] - symbol = symbol: null

2019-08-10 23:44:10 - [TEST_STEP][PASSED] - println(symbol): null

2019-08-10 23:44:10 - [TEST_STEP][PASSED] - if (i == 2 &amp;&amp; wildList.indexOf(symbol) != -1): null

2019-08-10 23:44:10 - [TEST_STEP][PASSED] - if (i == 3 &amp;&amp; wildList.indexOf(symbol) != -1): null

2019-08-10 23:44:10 - [TEST_STEP][PASSED] - if (i == 4 &amp;&amp; wildList.indexOf(symbol) != -1): null

2019-08-10 23:44:10 - [TEST_STEP][PASSED] - symbols = symbols: null

2019-08-10 23:44:10 - [TEST_STEP][PASSED] - for ([j = 0, j &lt; symbols.size(), (j++)]): null

2019-08-10 23:44:10 - [TEST_STEP][PASSED] - symbol = symbol: null

2019-08-10 23:44:10 - [TEST_STEP][PASSED] - println(symbol): null

2019-08-10 23:44:10 - [TEST_STEP][PASSED] - if (i == 2 &amp;&amp; wildList.indexOf(symbol) != -1): null

2019-08-10 23:44:10 - [TEST_STEP][PASSED] - if (i == 3 &amp;&amp; wildList.indexOf(symbol) != -1): null

2019-08-10 23:44:10 - [TEST_STEP][PASSED] - if (i == 4 &amp;&amp; wildList.indexOf(symbol) != -1): null

2019-08-10 23:44:10 - [TEST_STEP][PASSED] - symbol = symbol: null

2019-08-10 23:44:10 - [TEST_STEP][PASSED] - println(symbol): null

2019-08-10 23:44:10 - [TEST_STEP][PASSED] - if (i == 2 &amp;&amp; wildList.indexOf(symbol) != -1): null

2019-08-10 23:44:10 - [TEST_STEP][PASSED] - if (i == 3 &amp;&amp; wildList.indexOf(symbol) != -1): null

2019-08-10 23:44:10 - [TEST_STEP][PASSED] - if (i == 4 &amp;&amp; wildList.indexOf(symbol) != -1): null

2019-08-10 23:44:10 - [TEST_STEP][PASSED] - symbol = symbol: null

2019-08-10 23:44:10 - [TEST_STEP][PASSED] - println(symbol): null

2019-08-10 23:44:10 - [TEST_STEP][PASSED] - if (i == 2 &amp;&amp; wildList.indexOf(symbol) != -1): null

2019-08-10 23:44:10 - [TEST_STEP][PASSED] - if (i == 3 &amp;&amp; wildList.indexOf(symbol) != -1): null

2019-08-10 23:44:10 - [TEST_STEP][PASSED] - if (i == 4 &amp;&amp; wildList.indexOf(symbol) != -1): null

2019-08-10 23:44:10 - [TEST_STEP][PASSED] - free_spin_reel_counter = free_spin_reel_counter: null

2019-08-10 23:44:10 - [TEST_STEP][PASSED] - println("reel 3 wild found: " + free_spin_reel_counter[0]): null

2019-08-10 23:44:10 - [TEST_STEP][PASSED] - println("reel 4 wild found: " + free_spin_reel_counter[1]): null

2019-08-10 23:44:10 - [TEST_STEP][PASSED] - println("reel 5 wild found: " + free_spin_reel_counter[2]): null

2019-08-10 23:44:10 - [TEST_STEP][PASSED] - M4_spin_reels = M4_spin_reels: null

2019-08-10 23:44:10 - [TEST_STEP][PASSED] - M4_spin_reels_symbols = symbol: null

2019-08-10 23:44:10 - [TEST_STEP][PASSED] - M4_spin_reels_symbols = M4_spin_reels_symbols: null

2019-08-10 23:44:10 - [TEST_STEP][PASSED] - M4_spin_reel_wins = reel_wins: null

2019-08-10 23:44:10 - [TEST_STEP][PASSED] - M4_spin_reel_wins = M4_spin_reel_wins: null

2019-08-10 23:44:10 - [TEST_STEP][PASSED] - println("GlobalVariable.M4_spin_reel_wins is: " + M4_spin_reel_wins): null

2019-08-10 23:44:10 - [TEST_STEP][PASSED] - M4_spin_total_bonus_win_this_round = total_bonus_win_this_round: null

2019-08-10 23:44:10 - [TEST_STEP][PASSED] - M4_spin_total_bonus_win_this_round = M4_spin_total_bonus_win_this_round: null

2019-08-10 23:44:10 - [TEST_STEP][PASSED] - println("GlobalVariable.M4_spin_total_bonus_win_this_round is: " + M4_spin_total_bonus_win_this_round): null

2019-08-10 23:44:10 - [MESSAGE][PASSED] - Verify response successfully

2019-08-10 23:44:10 - [MESSAGE][PASSED] - Send request and verify the response successfully

2019-08-10 23:44:10 - [TEST_STEP][PASSED] - if (M4_total_bonus_spins_int != 0 &amp;&amp; M4_spin_reels_symbols[2].contains("WILD_ExtraFG") || M4_spin_reels_symbols[3].contains("WILD_ExtraFG")): null

2019-08-10 23:44:10 - [TEST_STEP][PASSED] - free_spin_reel_counter = free_spin_reel_counter: null

2019-08-10 23:44:10 - [TEST_STEP][PASSED] - M4_spin_reels_symbols = M4_spin_reels_symbols: null

2019-08-10 23:44:10 - [TEST_STEP][PASSED] - M4_total_bonus_spins = M4_total_bonus_spins: null

2019-08-10 23:44:10 - [TEST_STEP][PASSED] - spin_result = sendRequestAndVerify(findTestObject("RGS(M4)/1_M4_spin", ["M4_login_user_id":M4_login_user_id, "rgs_session_token":rgs_session_token, "partner":Partner])): Send request and verify the response successfully

2019-08-10 23:44:11 - [TEST_CASE][PASSED] - Start Test Case : Verification: Verification accomplished successfully

2019-08-10 23:44:11 - [TEST_STEP][PASSED] - request = getInstance().getCurrentRequest(): null

2019-08-10 23:44:11 - [TEST_STEP][PASSED] - response = getInstance().getCurrentResponse(): null

2019-08-10 23:44:11 - [TEST_STEP][PASSED] - verifyResponseStatusCode(response, 200): Verify response status code successfully

2019-08-10 23:44:11 - [MESSAGE][PASSED] - Verify response status code successfully

2019-08-10 23:44:11 - [TEST_STEP][PASSED] - getStatusCode()).isEqualTo(200): null

2019-08-10 23:44:11 - [TEST_STEP][PASSED] - newline = System.getProperty("line.separator"): null

2019-08-10 23:44:11 - [TEST_STEP][PASSED] - M4_spin = new groovy.json.JsonSlurper(): null

2019-08-10 23:44:11 - [TEST_STEP][PASSED] - result_M4_spin = M4_spin.parseText(response.getResponseBodyContent()): null

2019-08-10 23:44:11 - [TEST_STEP][PASSED] - M4_spin_current_balance = current_balance: null

2019-08-10 23:44:11 - [TEST_STEP][PASSED] - M4_spin_current_balance = M4_spin_current_balance: null

2019-08-10 23:44:11 - [TEST_STEP][PASSED] - M4_spin_transaction_id = causality: null

2019-08-10 23:44:11 - [TEST_STEP][PASSED] - M4_spin_transaction_id = M4_spin_transaction_id: null

2019-08-10 23:44:11 - [TEST_STEP][PASSED] - M4_spin_round_id = round_id: null

2019-08-10 23:44:11 - [TEST_STEP][PASSED] - M4_spin_round_id = M4_spin_round_id: null

2019-08-10 23:44:11 - [TEST_STEP][PASSED] - M4_spin_line_wins = line_wins: null

2019-08-10 23:44:11 - [TEST_STEP][PASSED] - M4_spin_line_wins = M4_spin_line_wins: null

2019-08-10 23:44:11 - [TEST_STEP][PASSED] - M4_total_bonus_spins_int = total_bonus_spins: null

2019-08-10 23:44:11 - [TEST_STEP][PASSED] - println("******M4_total_bonus_spins type is:*******" + newline + getClass().getName()): null

2019-08-10 23:44:11 - [TEST_STEP][PASSED] - M4_total_bonus_spins_int = M4_total_bonus_spins_int: null

2019-08-10 23:44:11 - [TEST_STEP][PASSED] - M4_total_bonus_spins = Integer.toString(M4_total_bonus_spins_int): null

2019-08-10 23:44:11 - [TEST_STEP][PASSED] - M4_total_bonus_spins = M4_total_bonus_spins: null

2019-08-10 23:44:11 - [TEST_STEP][PASSED] - println("M4_total_bonus_spins is:" + M4_total_bonus_spins): null

2019-08-10 23:44:11 - [TEST_STEP][PASSED] - M4_spin_bonus_data = bonus_data: null

2019-08-10 23:44:11 - [TEST_STEP][PASSED] - M4_spin_features_triggered = result_M4_spin: null

2019-08-10 23:44:11 - [TEST_STEP][PASSED] - wild = []: null

2019-08-10 23:44:11 - [TEST_STEP][PASSED] - wild[0] = "WILD_Expanding": null

2019-08-10 23:44:11 - [TEST_STEP][PASSED] - wild[1] = "WILD_Normal": null

2019-08-10 23:44:11 - [TEST_STEP][PASSED] - wild[2] = "WILD_Double": null

2019-08-10 23:44:11 - [TEST_STEP][PASSED] - wild[3] = "WILD_ExtraFG": null

2019-08-10 23:44:11 - [TEST_STEP][PASSED] - wild[4] = "WILD_Triple": null

2019-08-10 23:44:11 - [TEST_STEP][PASSED] - wildList = Arrays.asList(wild): null

2019-08-10 23:44:11 - [TEST_STEP][PASSED] - wildList = wildList: null

2019-08-10 23:44:11 - [TEST_STEP][PASSED] - free_spin_reel_counter = []: null

2019-08-10 23:44:11 - [TEST_STEP][PASSED] - free_spin_reel_counter[0] = 0: null

2019-08-10 23:44:11 - [TEST_STEP][PASSED] - free_spin_reel_counter[1] = 0: null

2019-08-10 23:44:11 - [TEST_STEP][PASSED] - free_spin_reel_counter[2] = 0: null

2019-08-10 23:44:11 - [TEST_STEP][PASSED] - M4_spin_reels = reels: null

2019-08-10 23:44:11 - [TEST_STEP][PASSED] - for ([i = 0, i &lt; M4_spin_reels.size(), (i++)]): null

2019-08-10 23:44:11 - [TEST_STEP][PASSED] - symbols = symbols: null

2019-08-10 23:44:11 - [TEST_STEP][PASSED] - for ([j = 0, j &lt; symbols.size(), (j++)]): null

2019-08-10 23:44:11 - [TEST_STEP][PASSED] - symbol = symbol: null

2019-08-10 23:44:11 - [TEST_STEP][PASSED] - println(symbol): null

2019-08-10 23:44:11 - [TEST_STEP][PASSED] - if (i == 2 &amp;&amp; wildList.indexOf(symbol) != -1): null

2019-08-10 23:44:11 - [TEST_STEP][PASSED] - if (i == 3 &amp;&amp; wildList.indexOf(symbol) != -1): null

2019-08-10 23:44:11 - [TEST_STEP][PASSED] - if (i == 4 &amp;&amp; wildList.indexOf(symbol) != -1): null

2019-08-10 23:44:11 - [TEST_STEP][PASSED] - symbol = symbol: null

2019-08-10 23:44:11 - [TEST_STEP][PASSED] - println(symbol): null

2019-08-10 23:44:11 - [TEST_STEP][PASSED] - if (i == 2 &amp;&amp; wildList.indexOf(symbol) != -1): null

2019-08-10 23:44:11 - [TEST_STEP][PASSED] - if (i == 3 &amp;&amp; wildList.indexOf(symbol) != -1): null

2019-08-10 23:44:11 - [TEST_STEP][PASSED] - if (i == 4 &amp;&amp; wildList.indexOf(symbol) != -1): null

2019-08-10 23:44:11 - [TEST_STEP][PASSED] - symbol = symbol: null

2019-08-10 23:44:11 - [TEST_STEP][PASSED] - println(symbol): null

2019-08-10 23:44:11 - [TEST_STEP][PASSED] - if (i == 2 &amp;&amp; wildList.indexOf(symbol) != -1): null

2019-08-10 23:44:11 - [TEST_STEP][PASSED] - if (i == 3 &amp;&amp; wildList.indexOf(symbol) != -1): null

2019-08-10 23:44:11 - [TEST_STEP][PASSED] - if (i == 4 &amp;&amp; wildList.indexOf(symbol) != -1): null

2019-08-10 23:44:11 - [TEST_STEP][PASSED] - symbols = symbols: null

2019-08-10 23:44:11 - [TEST_STEP][PASSED] - for ([j = 0, j &lt; symbols.size(), (j++)]): null

2019-08-10 23:44:11 - [TEST_STEP][PASSED] - symbol = symbol: null

2019-08-10 23:44:11 - [TEST_STEP][PASSED] - println(symbol): null

2019-08-10 23:44:11 - [TEST_STEP][PASSED] - if (i == 2 &amp;&amp; wildList.indexOf(symbol) != -1): null

2019-08-10 23:44:11 - [TEST_STEP][PASSED] - if (i == 3 &amp;&amp; wildList.indexOf(symbol) != -1): null

2019-08-10 23:44:11 - [TEST_STEP][PASSED] - if (i == 4 &amp;&amp; wildList.indexOf(symbol) != -1): null

2019-08-10 23:44:11 - [TEST_STEP][PASSED] - symbol = symbol: null

2019-08-10 23:44:11 - [TEST_STEP][PASSED] - println(symbol): null

2019-08-10 23:44:11 - [TEST_STEP][PASSED] - if (i == 2 &amp;&amp; wildList.indexOf(symbol) != -1): null

2019-08-10 23:44:11 - [TEST_STEP][PASSED] - if (i == 3 &amp;&amp; wildList.indexOf(symbol) != -1): null

2019-08-10 23:44:11 - [TEST_STEP][PASSED] - if (i == 4 &amp;&amp; wildList.indexOf(symbol) != -1): null

2019-08-10 23:44:11 - [TEST_STEP][PASSED] - symbol = symbol: null

2019-08-10 23:44:11 - [TEST_STEP][PASSED] - println(symbol): null

2019-08-10 23:44:11 - [TEST_STEP][PASSED] - if (i == 2 &amp;&amp; wildList.indexOf(symbol) != -1): null

2019-08-10 23:44:11 - [TEST_STEP][PASSED] - if (i == 3 &amp;&amp; wildList.indexOf(symbol) != -1): null

2019-08-10 23:44:11 - [TEST_STEP][PASSED] - if (i == 4 &amp;&amp; wildList.indexOf(symbol) != -1): null

2019-08-10 23:44:11 - [TEST_STEP][PASSED] - symbols = symbols: null

2019-08-10 23:44:11 - [TEST_STEP][PASSED] - for ([j = 0, j &lt; symbols.size(), (j++)]): null

2019-08-10 23:44:11 - [TEST_STEP][PASSED] - symbol = symbol: null

2019-08-10 23:44:11 - [TEST_STEP][PASSED] - println(symbol): null

2019-08-10 23:44:11 - [TEST_STEP][PASSED] - if (i == 2 &amp;&amp; wildList.indexOf(symbol) != -1): null

2019-08-10 23:44:11 - [TEST_STEP][PASSED] - if (i == 3 &amp;&amp; wildList.indexOf(symbol) != -1): null

2019-08-10 23:44:11 - [TEST_STEP][PASSED] - if (i == 4 &amp;&amp; wildList.indexOf(symbol) != -1): null

2019-08-10 23:44:11 - [TEST_STEP][PASSED] - symbol = symbol: null

2019-08-10 23:44:11 - [TEST_STEP][PASSED] - println(symbol): null

2019-08-10 23:44:11 - [TEST_STEP][PASSED] - if (i == 2 &amp;&amp; wildList.indexOf(symbol) != -1): null

2019-08-10 23:44:11 - [TEST_STEP][PASSED] - if (i == 3 &amp;&amp; wildList.indexOf(symbol) != -1): null

2019-08-10 23:44:11 - [TEST_STEP][PASSED] - if (i == 4 &amp;&amp; wildList.indexOf(symbol) != -1): null

2019-08-10 23:44:11 - [TEST_STEP][PASSED] - symbol = symbol: null

2019-08-10 23:44:11 - [TEST_STEP][PASSED] - println(symbol): null

2019-08-10 23:44:11 - [TEST_STEP][PASSED] - if (i == 2 &amp;&amp; wildList.indexOf(symbol) != -1): null

2019-08-10 23:44:11 - [TEST_STEP][PASSED] - if (i == 3 &amp;&amp; wildList.indexOf(symbol) != -1): null

2019-08-10 23:44:11 - [TEST_STEP][PASSED] - if (i == 4 &amp;&amp; wildList.indexOf(symbol) != -1): null

2019-08-10 23:44:11 - [TEST_STEP][PASSED] - symbols = symbols: null

2019-08-10 23:44:11 - [TEST_STEP][PASSED] - for ([j = 0, j &lt; symbols.size(), (j++)]): null

2019-08-10 23:44:11 - [TEST_STEP][PASSED] - symbol = symbol: null

2019-08-10 23:44:11 - [TEST_STEP][PASSED] - println(symbol): null

2019-08-10 23:44:11 - [TEST_STEP][PASSED] - if (i == 2 &amp;&amp; wildList.indexOf(symbol) != -1): null

2019-08-10 23:44:11 - [TEST_STEP][PASSED] - if (i == 3 &amp;&amp; wildList.indexOf(symbol) != -1): null

2019-08-10 23:44:11 - [TEST_STEP][PASSED] - if (i == 4 &amp;&amp; wildList.indexOf(symbol) != -1): null

2019-08-10 23:44:11 - [TEST_STEP][PASSED] - symbol = symbol: null

2019-08-10 23:44:11 - [TEST_STEP][PASSED] - println(symbol): null

2019-08-10 23:44:11 - [TEST_STEP][PASSED] - if (i == 2 &amp;&amp; wildList.indexOf(symbol) != -1): null

2019-08-10 23:44:11 - [TEST_STEP][PASSED] - if (i == 3 &amp;&amp; wildList.indexOf(symbol) != -1): null

2019-08-10 23:44:11 - [TEST_STEP][PASSED] - if (i == 4 &amp;&amp; wildList.indexOf(symbol) != -1): null

2019-08-10 23:44:11 - [TEST_STEP][PASSED] - symbol = symbol: null

2019-08-10 23:44:11 - [TEST_STEP][PASSED] - println(symbol): null

2019-08-10 23:44:11 - [TEST_STEP][PASSED] - if (i == 2 &amp;&amp; wildList.indexOf(symbol) != -1): null

2019-08-10 23:44:11 - [TEST_STEP][PASSED] - if (i == 3 &amp;&amp; wildList.indexOf(symbol) != -1): null

2019-08-10 23:44:11 - [TEST_STEP][PASSED] - if (i == 4 &amp;&amp; wildList.indexOf(symbol) != -1): null

2019-08-10 23:44:11 - [TEST_STEP][PASSED] - symbols = symbols: null

2019-08-10 23:44:11 - [TEST_STEP][PASSED] - for ([j = 0, j &lt; symbols.size(), (j++)]): null

2019-08-10 23:44:11 - [TEST_STEP][PASSED] - symbol = symbol: null

2019-08-10 23:44:11 - [TEST_STEP][PASSED] - println(symbol): null

2019-08-10 23:44:11 - [TEST_STEP][PASSED] - if (i == 2 &amp;&amp; wildList.indexOf(symbol) != -1): null

2019-08-10 23:44:11 - [TEST_STEP][PASSED] - if (i == 3 &amp;&amp; wildList.indexOf(symbol) != -1): null

2019-08-10 23:44:11 - [TEST_STEP][PASSED] - if (i == 4 &amp;&amp; wildList.indexOf(symbol) != -1): null

2019-08-10 23:44:11 - [TEST_STEP][PASSED] - symbol = symbol: null

2019-08-10 23:44:11 - [TEST_STEP][PASSED] - println(symbol): null

2019-08-10 23:44:11 - [TEST_STEP][PASSED] - if (i == 2 &amp;&amp; wildList.indexOf(symbol) != -1): null

2019-08-10 23:44:11 - [TEST_STEP][PASSED] - if (i == 3 &amp;&amp; wildList.indexOf(symbol) != -1): null

2019-08-10 23:44:11 - [TEST_STEP][PASSED] - if (i == 4 &amp;&amp; wildList.indexOf(symbol) != -1): null

2019-08-10 23:44:11 - [TEST_STEP][PASSED] - symbol = symbol: null

2019-08-10 23:44:11 - [TEST_STEP][PASSED] - println(symbol): null

2019-08-10 23:44:11 - [TEST_STEP][PASSED] - if (i == 2 &amp;&amp; wildList.indexOf(symbol) != -1): null

2019-08-10 23:44:11 - [TEST_STEP][PASSED] - if (i == 3 &amp;&amp; wildList.indexOf(symbol) != -1): null

2019-08-10 23:44:11 - [TEST_STEP][PASSED] - if (i == 4 &amp;&amp; wildList.indexOf(symbol) != -1): null

2019-08-10 23:44:11 - [TEST_STEP][PASSED] - free_spin_reel_counter = free_spin_reel_counter: null

2019-08-10 23:44:11 - [TEST_STEP][PASSED] - println("reel 3 wild found: " + free_spin_reel_counter[0]): null

2019-08-10 23:44:11 - [TEST_STEP][PASSED] - println("reel 4 wild found: " + free_spin_reel_counter[1]): null

2019-08-10 23:44:11 - [TEST_STEP][PASSED] - println("reel 5 wild found: " + free_spin_reel_counter[2]): null

2019-08-10 23:44:11 - [TEST_STEP][PASSED] - M4_spin_reels = M4_spin_reels: null

2019-08-10 23:44:11 - [TEST_STEP][PASSED] - M4_spin_reels_symbols = symbol: null

2019-08-10 23:44:11 - [TEST_STEP][PASSED] - M4_spin_reels_symbols = M4_spin_reels_symbols: null

2019-08-10 23:44:11 - [TEST_STEP][PASSED] - M4_spin_reel_wins = reel_wins: null

2019-08-10 23:44:11 - [TEST_STEP][PASSED] - M4_spin_reel_wins = M4_spin_reel_wins: null

2019-08-10 23:44:11 - [TEST_STEP][PASSED] - println("GlobalVariable.M4_spin_reel_wins is: " + M4_spin_reel_wins): null

2019-08-10 23:44:11 - [TEST_STEP][PASSED] - M4_spin_total_bonus_win_this_round = total_bonus_win_this_round: null

2019-08-10 23:44:11 - [TEST_STEP][PASSED] - M4_spin_total_bonus_win_this_round = M4_spin_total_bonus_win_this_round: null

2019-08-10 23:44:11 - [TEST_STEP][PASSED] - println("GlobalVariable.M4_spin_total_bonus_win_this_round is: " + M4_spin_total_bonus_win_this_round): null

2019-08-10 23:44:11 - [MESSAGE][PASSED] - Verify response successfully

2019-08-10 23:44:11 - [MESSAGE][PASSED] - Send request and verify the response successfully

2019-08-10 23:44:11 - [TEST_STEP][PASSED] - if (M4_total_bonus_spins_int != 0 &amp;&amp; M4_spin_reels_symbols[2].contains("WILD_ExtraFG") || M4_spin_reels_symbols[3].contains("WILD_ExtraFG")): null

2019-08-10 23:44:11 - [TEST_STEP][PASSED] - free_spin_reel_counter = free_spin_reel_counter: null

2019-08-10 23:44:11 - [TEST_STEP][PASSED] - M4_spin_reels_symbols = M4_spin_reels_symbols: null

2019-08-10 23:44:11 - [TEST_STEP][PASSED] - M4_total_bonus_spins = M4_total_bonus_spins: null

2019-08-10 23:44:11 - [TEST_STEP][PASSED] - spin_result = sendRequestAndVerify(findTestObject("RGS(M4)/1_M4_spin", ["M4_login_user_id":M4_login_user_id, "rgs_session_token":rgs_session_token, "partner":Partner])): Send request and verify the response successfully

2019-08-10 23:44:11 - [TEST_CASE][PASSED] - Start Test Case : Verification: Verification accomplished successfully

2019-08-10 23:44:11 - [TEST_STEP][PASSED] - request = getInstance().getCurrentRequest(): null

2019-08-10 23:44:11 - [TEST_STEP][PASSED] - response = getInstance().getCurrentResponse(): null

2019-08-10 23:44:11 - [TEST_STEP][PASSED] - verifyResponseStatusCode(response, 200): Verify response status code successfully

2019-08-10 23:44:11 - [MESSAGE][PASSED] - Verify response status code successfully

2019-08-10 23:44:11 - [TEST_STEP][PASSED] - getStatusCode()).isEqualTo(200): null

2019-08-10 23:44:11 - [TEST_STEP][PASSED] - newline = System.getProperty("line.separator"): null

2019-08-10 23:44:11 - [TEST_STEP][PASSED] - M4_spin = new groovy.json.JsonSlurper(): null

2019-08-10 23:44:11 - [TEST_STEP][PASSED] - result_M4_spin = M4_spin.parseText(response.getResponseBodyContent()): null

2019-08-10 23:44:11 - [TEST_STEP][PASSED] - M4_spin_current_balance = current_balance: null

2019-08-10 23:44:11 - [TEST_STEP][PASSED] - M4_spin_current_balance = M4_spin_current_balance: null

2019-08-10 23:44:11 - [TEST_STEP][PASSED] - M4_spin_transaction_id = causality: null

2019-08-10 23:44:11 - [TEST_STEP][PASSED] - M4_spin_transaction_id = M4_spin_transaction_id: null

2019-08-10 23:44:11 - [TEST_STEP][PASSED] - M4_spin_round_id = round_id: null

2019-08-10 23:44:11 - [TEST_STEP][PASSED] - M4_spin_round_id = M4_spin_round_id: null

2019-08-10 23:44:11 - [TEST_STEP][PASSED] - M4_spin_line_wins = line_wins: null

2019-08-10 23:44:11 - [TEST_STEP][PASSED] - M4_spin_line_wins = M4_spin_line_wins: null

2019-08-10 23:44:11 - [TEST_STEP][PASSED] - M4_total_bonus_spins_int = total_bonus_spins: null

2019-08-10 23:44:11 - [TEST_STEP][PASSED] - println("******M4_total_bonus_spins type is:*******" + newline + getClass().getName()): null

2019-08-10 23:44:11 - [TEST_STEP][PASSED] - M4_total_bonus_spins_int = M4_total_bonus_spins_int: null

2019-08-10 23:44:11 - [TEST_STEP][PASSED] - M4_total_bonus_spins = Integer.toString(M4_total_bonus_spins_int): null

2019-08-10 23:44:11 - [TEST_STEP][PASSED] - M4_total_bonus_spins = M4_total_bonus_spins: null

2019-08-10 23:44:11 - [TEST_STEP][PASSED] - println("M4_total_bonus_spins is:" + M4_total_bonus_spins): null

2019-08-10 23:44:11 - [TEST_STEP][PASSED] - M4_spin_bonus_data = bonus_data: null

2019-08-10 23:44:11 - [TEST_STEP][PASSED] - M4_spin_features_triggered = result_M4_spin: null

2019-08-10 23:44:11 - [TEST_STEP][PASSED] - wild = []: null

2019-08-10 23:44:11 - [TEST_STEP][PASSED] - wild[0] = "WILD_Expanding": null

2019-08-10 23:44:11 - [TEST_STEP][PASSED] - wild[1] = "WILD_Normal": null

2019-08-10 23:44:11 - [TEST_STEP][PASSED] - wild[2] = "WILD_Double": null

2019-08-10 23:44:11 - [TEST_STEP][PASSED] - wild[3] = "WILD_ExtraFG": null

2019-08-10 23:44:11 - [TEST_STEP][PASSED] - wild[4] = "WILD_Triple": null

2019-08-10 23:44:11 - [TEST_STEP][PASSED] - wildList = Arrays.asList(wild): null

2019-08-10 23:44:11 - [TEST_STEP][PASSED] - wildList = wildList: null

2019-08-10 23:44:11 - [TEST_STEP][PASSED] - free_spin_reel_counter = []: null

2019-08-10 23:44:11 - [TEST_STEP][PASSED] - free_spin_reel_counter[0] = 0: null

2019-08-10 23:44:11 - [TEST_STEP][PASSED] - free_spin_reel_counter[1] = 0: null

2019-08-10 23:44:11 - [TEST_STEP][PASSED] - free_spin_reel_counter[2] = 0: null

2019-08-10 23:44:11 - [TEST_STEP][PASSED] - M4_spin_reels = reels: null

2019-08-10 23:44:11 - [TEST_STEP][PASSED] - for ([i = 0, i &lt; M4_spin_reels.size(), (i++)]): null

2019-08-10 23:44:11 - [TEST_STEP][PASSED] - symbols = symbols: null

2019-08-10 23:44:11 - [TEST_STEP][PASSED] - for ([j = 0, j &lt; symbols.size(), (j++)]): null

2019-08-10 23:44:11 - [TEST_STEP][PASSED] - symbol = symbol: null

2019-08-10 23:44:11 - [TEST_STEP][PASSED] - println(symbol): null

2019-08-10 23:44:11 - [TEST_STEP][PASSED] - if (i == 2 &amp;&amp; wildList.indexOf(symbol) != -1): null

2019-08-10 23:44:11 - [TEST_STEP][PASSED] - if (i == 3 &amp;&amp; wildList.indexOf(symbol) != -1): null

2019-08-10 23:44:11 - [TEST_STEP][PASSED] - if (i == 4 &amp;&amp; wildList.indexOf(symbol) != -1): null

2019-08-10 23:44:11 - [TEST_STEP][PASSED] - symbol = symbol: null

2019-08-10 23:44:11 - [TEST_STEP][PASSED] - println(symbol): null

2019-08-10 23:44:11 - [TEST_STEP][PASSED] - if (i == 2 &amp;&amp; wildList.indexOf(symbol) != -1): null

2019-08-10 23:44:11 - [TEST_STEP][PASSED] - if (i == 3 &amp;&amp; wildList.indexOf(symbol) != -1): null

2019-08-10 23:44:11 - [TEST_STEP][PASSED] - if (i == 4 &amp;&amp; wildList.indexOf(symbol) != -1): null

2019-08-10 23:44:11 - [TEST_STEP][PASSED] - symbol = symbol: null

2019-08-10 23:44:11 - [TEST_STEP][PASSED] - println(symbol): null

2019-08-10 23:44:11 - [TEST_STEP][PASSED] - if (i == 2 &amp;&amp; wildList.indexOf(symbol) != -1): null

2019-08-10 23:44:11 - [TEST_STEP][PASSED] - if (i == 3 &amp;&amp; wildList.indexOf(symbol) != -1): null

2019-08-10 23:44:13 - [TEST_STEP][PASSED] - if (i == 4 &amp;&amp; wildList.indexOf(symbol) != -1): null

2019-08-10 23:44:13 - [TEST_STEP][PASSED] - symbols = symbols: null

2019-08-10 23:44:13 - [TEST_STEP][PASSED] - for ([j = 0, j &lt; symbols.size(), (j++)]): null

2019-08-10 23:44:13 - [TEST_STEP][PASSED] - symbol = symbol: null

2019-08-10 23:44:13 - [TEST_STEP][PASSED] - println(symbol): null

2019-08-10 23:44:13 - [TEST_STEP][PASSED] - if (i == 2 &amp;&amp; wildList.indexOf(symbol) != -1): null

2019-08-10 23:44:13 - [TEST_STEP][PASSED] - if (i == 3 &amp;&amp; wildList.indexOf(symbol) != -1): null

2019-08-10 23:44:13 - [TEST_STEP][PASSED] - if (i == 4 &amp;&amp; wildList.indexOf(symbol) != -1): null

2019-08-10 23:44:13 - [TEST_STEP][PASSED] - symbol = symbol: null

2019-08-10 23:44:13 - [TEST_STEP][PASSED] - println(symbol): null

2019-08-10 23:44:13 - [TEST_STEP][PASSED] - if (i == 2 &amp;&amp; wildList.indexOf(symbol) != -1): null

2019-08-10 23:44:13 - [TEST_STEP][PASSED] - if (i == 3 &amp;&amp; wildList.indexOf(symbol) != -1): null

2019-08-10 23:44:13 - [TEST_STEP][PASSED] - if (i == 4 &amp;&amp; wildList.indexOf(symbol) != -1): null

2019-08-10 23:44:13 - [TEST_STEP][PASSED] - symbol = symbol: null

2019-08-10 23:44:13 - [TEST_STEP][PASSED] - println(symbol): null

2019-08-10 23:44:13 - [TEST_STEP][PASSED] - if (i == 2 &amp;&amp; wildList.indexOf(symbol) != -1): null

2019-08-10 23:44:13 - [TEST_STEP][PASSED] - if (i == 3 &amp;&amp; wildList.indexOf(symbol) != -1): null

2019-08-10 23:44:13 - [TEST_STEP][PASSED] - if (i == 4 &amp;&amp; wildList.indexOf(symbol) != -1): null

2019-08-10 23:44:13 - [TEST_STEP][PASSED] - symbols = symbols: null

2019-08-10 23:44:13 - [TEST_STEP][PASSED] - for ([j = 0, j &lt; symbols.size(), (j++)]): null

2019-08-10 23:44:13 - [TEST_STEP][PASSED] - symbol = symbol: null

2019-08-10 23:44:13 - [TEST_STEP][PASSED] - println(symbol): null

2019-08-10 23:44:13 - [TEST_STEP][PASSED] - if (i == 2 &amp;&amp; wildList.indexOf(symbol) != -1): null

2019-08-10 23:44:13 - [TEST_STEP][PASSED] - if (i == 3 &amp;&amp; wildList.indexOf(symbol) != -1): null

2019-08-10 23:44:13 - [TEST_STEP][PASSED] - if (i == 4 &amp;&amp; wildList.indexOf(symbol) != -1): null

2019-08-10 23:44:13 - [TEST_STEP][PASSED] - symbol = symbol: null

2019-08-10 23:44:13 - [TEST_STEP][PASSED] - println(symbol): null

2019-08-10 23:44:13 - [TEST_STEP][PASSED] - if (i == 2 &amp;&amp; wildList.indexOf(symbol) != -1): null

2019-08-10 23:44:13 - [TEST_STEP][PASSED] - println("wild found on reel 3, adding counter by 1"): null

2019-08-10 23:44:13 - [TEST_STEP][PASSED] - free_spin_reel_counter[0] = free_spin_reel_counter[0] + 1: null

2019-08-10 23:44:13 - [TEST_STEP][PASSED] - if (i == 3 &amp;&amp; wildList.indexOf(symbol) != -1): null

2019-08-10 23:44:13 - [TEST_STEP][PASSED] - if (i == 4 &amp;&amp; wildList.indexOf(symbol) != -1): null

2019-08-10 23:44:13 - [TEST_STEP][PASSED] - symbol = symbol: null

2019-08-10 23:44:13 - [TEST_STEP][PASSED] - println(symbol): null

2019-08-10 23:44:13 - [TEST_STEP][PASSED] - if (i == 2 &amp;&amp; wildList.indexOf(symbol) != -1): null

2019-08-10 23:44:13 - [TEST_STEP][PASSED] - if (i == 3 &amp;&amp; wildList.indexOf(symbol) != -1): null

2019-08-10 23:44:13 - [TEST_STEP][PASSED] - if (i == 4 &amp;&amp; wildList.indexOf(symbol) != -1): null

2019-08-10 23:44:13 - [TEST_STEP][PASSED] - symbols = symbols: null

2019-08-10 23:44:13 - [TEST_STEP][PASSED] - for ([j = 0, j &lt; symbols.size(), (j++)]): null

2019-08-10 23:44:13 - [TEST_STEP][PASSED] - symbol = symbol: null

2019-08-10 23:44:13 - [TEST_STEP][PASSED] - println(symbol): null

2019-08-10 23:44:13 - [TEST_STEP][PASSED] - if (i == 2 &amp;&amp; wildList.indexOf(symbol) != -1): null

2019-08-10 23:44:13 - [TEST_STEP][PASSED] - if (i == 3 &amp;&amp; wildList.indexOf(symbol) != -1): null

2019-08-10 23:44:13 - [TEST_STEP][PASSED] - if (i == 4 &amp;&amp; wildList.indexOf(symbol) != -1): null

2019-08-10 23:44:13 - [TEST_STEP][PASSED] - symbol = symbol: null

2019-08-10 23:44:13 - [TEST_STEP][PASSED] - println(symbol): null

2019-08-10 23:44:13 - [TEST_STEP][PASSED] - if (i == 2 &amp;&amp; wildList.indexOf(symbol) != -1): null

2019-08-10 23:44:13 - [TEST_STEP][PASSED] - if (i == 3 &amp;&amp; wildList.indexOf(symbol) != -1): null

2019-08-10 23:44:13 - [TEST_STEP][PASSED] - if (i == 4 &amp;&amp; wildList.indexOf(symbol) != -1): null

2019-08-10 23:44:13 - [TEST_STEP][PASSED] - symbol = symbol: null

2019-08-10 23:44:13 - [TEST_STEP][PASSED] - println(symbol): null

2019-08-10 23:44:13 - [TEST_STEP][PASSED] - if (i == 2 &amp;&amp; wildList.indexOf(symbol) != -1): null

2019-08-10 23:44:13 - [TEST_STEP][PASSED] - if (i == 3 &amp;&amp; wildList.indexOf(symbol) != -1): null

2019-08-10 23:44:13 - [TEST_STEP][PASSED] - if (i == 4 &amp;&amp; wildList.indexOf(symbol) != -1): null

2019-08-10 23:44:13 - [TEST_STEP][PASSED] - symbols = symbols: null

2019-08-10 23:44:13 - [TEST_STEP][PASSED] - for ([j = 0, j &lt; symbols.size(), (j++)]): null

2019-08-10 23:44:13 - [TEST_STEP][PASSED] - symbol = symbol: null

2019-08-10 23:44:13 - [TEST_STEP][PASSED] - println(symbol): null

2019-08-10 23:44:13 - [TEST_STEP][PASSED] - if (i == 2 &amp;&amp; wildList.indexOf(symbol) != -1): null

2019-08-10 23:44:13 - [TEST_STEP][PASSED] - if (i == 3 &amp;&amp; wildList.indexOf(symbol) != -1): null

2019-08-10 23:44:13 - [TEST_STEP][PASSED] - if (i == 4 &amp;&amp; wildList.indexOf(symbol) != -1): null

2019-08-10 23:44:13 - [TEST_STEP][PASSED] - symbol = symbol: null

2019-08-10 23:44:13 - [TEST_STEP][PASSED] - println(symbol): null

2019-08-10 23:44:13 - [TEST_STEP][PASSED] - if (i == 2 &amp;&amp; wildList.indexOf(symbol) != -1): null

2019-08-10 23:44:13 - [TEST_STEP][PASSED] - if (i == 3 &amp;&amp; wildList.indexOf(symbol) != -1): null

2019-08-10 23:44:13 - [TEST_STEP][PASSED] - if (i == 4 &amp;&amp; wildList.indexOf(symbol) != -1): null

2019-08-10 23:44:13 - [TEST_STEP][PASSED] - symbol = symbol: null

2019-08-10 23:44:13 - [TEST_STEP][PASSED] - println(symbol): null

2019-08-10 23:44:13 - [TEST_STEP][PASSED] - if (i == 2 &amp;&amp; wildList.indexOf(symbol) != -1): null

2019-08-10 23:44:13 - [TEST_STEP][PASSED] - if (i == 3 &amp;&amp; wildList.indexOf(symbol) != -1): null

2019-08-10 23:44:13 - [TEST_STEP][PASSED] - if (i == 4 &amp;&amp; wildList.indexOf(symbol) != -1): null

2019-08-10 23:44:13 - [TEST_STEP][PASSED] - free_spin_reel_counter = free_spin_reel_counter: null

2019-08-10 23:44:13 - [TEST_STEP][PASSED] - println("reel 3 wild found: " + free_spin_reel_counter[0]): null

2019-08-10 23:44:13 - [TEST_STEP][PASSED] - println("reel 4 wild found: " + free_spin_reel_counter[1]): null

2019-08-10 23:44:13 - [TEST_STEP][PASSED] - println("reel 5 wild found: " + free_spin_reel_counter[2]): null

2019-08-10 23:44:13 - [TEST_STEP][PASSED] - M4_spin_reels = M4_spin_reels: null

2019-08-10 23:44:13 - [TEST_STEP][PASSED] - M4_spin_reels_symbols = symbol: null

2019-08-10 23:44:13 - [TEST_STEP][PASSED] - M4_spin_reels_symbols = M4_spin_reels_symbols: null

2019-08-10 23:44:13 - [TEST_STEP][PASSED] - M4_spin_reel_wins = reel_wins: null

2019-08-10 23:44:13 - [TEST_STEP][PASSED] - M4_spin_reel_wins = M4_spin_reel_wins: null

2019-08-10 23:44:13 - [TEST_STEP][PASSED] - println("GlobalVariable.M4_spin_reel_wins is: " + M4_spin_reel_wins): null

2019-08-10 23:44:13 - [TEST_STEP][PASSED] - M4_spin_total_bonus_win_this_round = total_bonus_win_this_round: null

2019-08-10 23:44:13 - [TEST_STEP][PASSED] - M4_spin_total_bonus_win_this_round = M4_spin_total_bonus_win_this_round: null

2019-08-10 23:44:13 - [TEST_STEP][PASSED] - println("GlobalVariable.M4_spin_total_bonus_win_this_round is: " + M4_spin_total_bonus_win_this_round): null

2019-08-10 23:44:13 - [MESSAGE][PASSED] - Verify response successfully

2019-08-10 23:44:13 - [MESSAGE][PASSED] - Send request and verify the response successfully

2019-08-10 23:44:13 - [TEST_STEP][PASSED] - if (M4_total_bonus_spins_int != 0 &amp;&amp; M4_spin_reels_symbols[2].contains("WILD_ExtraFG") || M4_spin_reels_symbols[3].contains("WILD_ExtraFG")): null

2019-08-10 23:44:13 - [TEST_STEP][PASSED] - free_spin_reel_counter = free_spin_reel_counter: null

2019-08-10 23:44:13 - [TEST_STEP][PASSED] - M4_spin_reels_symbols = M4_spin_reels_symbols: null

2019-08-10 23:44:13 - [TEST_STEP][PASSED] - M4_total_bonus_spins = M4_total_bonus_spins: null

2019-08-10 23:44:13 - [TEST_STEP][PASSED] - spin_result = sendRequestAndVerify(findTestObject("RGS(M4)/1_M4_spin", ["M4_login_user_id":M4_login_user_id, "rgs_session_token":rgs_session_token, "partner":Partner])): Send request and verify the response successfully

2019-08-10 23:44:14 - [TEST_CASE][PASSED] - Start Test Case : Verification: Verification accomplished successfully

2019-08-10 23:44:14 - [TEST_STEP][PASSED] - request = getInstance().getCurrentRequest(): null

2019-08-10 23:44:14 - [TEST_STEP][PASSED] - response = getInstance().getCurrentResponse(): null

2019-08-10 23:44:14 - [TEST_STEP][PASSED] - verifyResponseStatusCode(response, 200): Verify response status code successfully

2019-08-10 23:44:14 - [MESSAGE][PASSED] - Verify response status code successfully

2019-08-10 23:44:14 - [TEST_STEP][PASSED] - getStatusCode()).isEqualTo(200): null

2019-08-10 23:44:14 - [TEST_STEP][PASSED] - newline = System.getProperty("line.separator"): null

2019-08-10 23:44:14 - [TEST_STEP][PASSED] - M4_spin = new groovy.json.JsonSlurper(): null

2019-08-10 23:44:14 - [TEST_STEP][PASSED] - result_M4_spin = M4_spin.parseText(response.getResponseBodyContent()): null

2019-08-10 23:44:14 - [TEST_STEP][PASSED] - M4_spin_current_balance = current_balance: null

2019-08-10 23:44:14 - [TEST_STEP][PASSED] - M4_spin_current_balance = M4_spin_current_balance: null

2019-08-10 23:44:14 - [TEST_STEP][PASSED] - M4_spin_transaction_id = causality: null

2019-08-10 23:44:14 - [TEST_STEP][PASSED] - M4_spin_transaction_id = M4_spin_transaction_id: null

2019-08-10 23:44:14 - [TEST_STEP][PASSED] - M4_spin_round_id = round_id: null

2019-08-10 23:44:14 - [TEST_STEP][PASSED] - M4_spin_round_id = M4_spin_round_id: null

2019-08-10 23:44:14 - [TEST_STEP][PASSED] - M4_spin_line_wins = line_wins: null

2019-08-10 23:44:14 - [TEST_STEP][PASSED] - M4_spin_line_wins = M4_spin_line_wins: null

2019-08-10 23:44:14 - [TEST_STEP][PASSED] - M4_total_bonus_spins_int = total_bonus_spins: null

2019-08-10 23:44:14 - [TEST_STEP][PASSED] - println("******M4_total_bonus_spins type is:*******" + newline + getClass().getName()): null

2019-08-10 23:44:14 - [TEST_STEP][PASSED] - M4_total_bonus_spins_int = M4_total_bonus_spins_int: null

2019-08-10 23:44:14 - [TEST_STEP][PASSED] - M4_total_bonus_spins = Integer.toString(M4_total_bonus_spins_int): null

2019-08-10 23:44:14 - [TEST_STEP][PASSED] - M4_total_bonus_spins = M4_total_bonus_spins: null

2019-08-10 23:44:14 - [TEST_STEP][PASSED] - println("M4_total_bonus_spins is:" + M4_total_bonus_spins): null

2019-08-10 23:44:14 - [TEST_STEP][PASSED] - M4_spin_bonus_data = bonus_data: null

2019-08-10 23:44:14 - [TEST_STEP][PASSED] - M4_spin_features_triggered = result_M4_spin: null

2019-08-10 23:44:14 - [TEST_STEP][PASSED] - wild = []: null

2019-08-10 23:44:14 - [TEST_STEP][PASSED] - wild[0] = "WILD_Expanding": null

2019-08-10 23:44:14 - [TEST_STEP][PASSED] - wild[1] = "WILD_Normal": null

2019-08-10 23:44:14 - [TEST_STEP][PASSED] - wild[2] = "WILD_Double": null

2019-08-10 23:44:14 - [TEST_STEP][PASSED] - wild[3] = "WILD_ExtraFG": null

2019-08-10 23:44:14 - [TEST_STEP][PASSED] - wild[4] = "WILD_Triple": null

2019-08-10 23:44:14 - [TEST_STEP][PASSED] - wildList = Arrays.asList(wild): null

2019-08-10 23:44:14 - [TEST_STEP][PASSED] - wildList = wildList: null

2019-08-10 23:44:14 - [TEST_STEP][PASSED] - free_spin_reel_counter = []: null

2019-08-10 23:44:14 - [TEST_STEP][PASSED] - free_spin_reel_counter[0] = 0: null

2019-08-10 23:44:14 - [TEST_STEP][PASSED] - free_spin_reel_counter[1] = 0: null

2019-08-10 23:44:14 - [TEST_STEP][PASSED] - free_spin_reel_counter[2] = 0: null

2019-08-10 23:44:14 - [TEST_STEP][PASSED] - M4_spin_reels = reels: null

2019-08-10 23:44:14 - [TEST_STEP][PASSED] - for ([i = 0, i &lt; M4_spin_reels.size(), (i++)]): null

2019-08-10 23:44:14 - [TEST_STEP][PASSED] - symbols = symbols: null

2019-08-10 23:44:14 - [TEST_STEP][PASSED] - for ([j = 0, j &lt; symbols.size(), (j++)]): null

2019-08-10 23:44:14 - [TEST_STEP][PASSED] - symbol = symbol: null

2019-08-10 23:44:14 - [TEST_STEP][PASSED] - println(symbol): null

2019-08-10 23:44:14 - [TEST_STEP][PASSED] - if (i == 2 &amp;&amp; wildList.indexOf(symbol) != -1): null

2019-08-10 23:44:14 - [TEST_STEP][PASSED] - if (i == 3 &amp;&amp; wildList.indexOf(symbol) != -1): null

2019-08-10 23:44:14 - [TEST_STEP][PASSED] - if (i == 4 &amp;&amp; wildList.indexOf(symbol) != -1): null

2019-08-10 23:44:14 - [TEST_STEP][PASSED] - symbol = symbol: null

2019-08-10 23:44:14 - [TEST_STEP][PASSED] - println(symbol): null

2019-08-10 23:44:14 - [TEST_STEP][PASSED] - if (i == 2 &amp;&amp; wildList.indexOf(symbol) != -1): null

2019-08-10 23:44:14 - [TEST_STEP][PASSED] - if (i == 3 &amp;&amp; wildList.indexOf(symbol) != -1): null

2019-08-10 23:44:14 - [TEST_STEP][PASSED] - if (i == 4 &amp;&amp; wildList.indexOf(symbol) != -1): null

2019-08-10 23:44:14 - [TEST_STEP][PASSED] - symbol = symbol: null

2019-08-10 23:44:14 - [TEST_STEP][PASSED] - println(symbol): null

2019-08-10 23:44:14 - [TEST_STEP][PASSED] - if (i == 2 &amp;&amp; wildList.indexOf(symbol) != -1): null

2019-08-10 23:44:14 - [TEST_STEP][PASSED] - if (i == 3 &amp;&amp; wildList.indexOf(symbol) != -1): null

2019-08-10 23:44:14 - [TEST_STEP][PASSED] - if (i == 4 &amp;&amp; wildList.indexOf(symbol) != -1): null

2019-08-10 23:44:14 - [TEST_STEP][PASSED] - symbols = symbols: null

2019-08-10 23:44:14 - [TEST_STEP][PASSED] - for ([j = 0, j &lt; symbols.size(), (j++)]): null

2019-08-10 23:44:14 - [TEST_STEP][PASSED] - symbol = symbol: null

2019-08-10 23:44:14 - [TEST_STEP][PASSED] - println(symbol): null

2019-08-10 23:44:14 - [TEST_STEP][PASSED] - if (i == 2 &amp;&amp; wildList.indexOf(symbol) != -1): null

2019-08-10 23:44:14 - [TEST_STEP][PASSED] - if (i == 3 &amp;&amp; wildList.indexOf(symbol) != -1): null

2019-08-10 23:44:14 - [TEST_STEP][PASSED] - if (i == 4 &amp;&amp; wildList.indexOf(symbol) != -1): null

2019-08-10 23:44:14 - [TEST_STEP][PASSED] - symbol = symbol: null

2019-08-10 23:44:14 - [TEST_STEP][PASSED] - println(symbol): null

2019-08-10 23:44:14 - [TEST_STEP][PASSED] - if (i == 2 &amp;&amp; wildList.indexOf(symbol) != -1): null

2019-08-10 23:44:14 - [TEST_STEP][PASSED] - if (i == 3 &amp;&amp; wildList.indexOf(symbol) != -1): null

2019-08-10 23:44:14 - [TEST_STEP][PASSED] - if (i == 4 &amp;&amp; wildList.indexOf(symbol) != -1): null

2019-08-10 23:44:14 - [TEST_STEP][PASSED] - symbol = symbol: null

2019-08-10 23:44:14 - [TEST_STEP][PASSED] - println(symbol): null

2019-08-10 23:44:14 - [TEST_STEP][PASSED] - if (i == 2 &amp;&amp; wildList.indexOf(symbol) != -1): null

2019-08-10 23:44:14 - [TEST_STEP][PASSED] - if (i == 3 &amp;&amp; wildList.indexOf(symbol) != -1): null

2019-08-10 23:44:14 - [TEST_STEP][PASSED] - if (i == 4 &amp;&amp; wildList.indexOf(symbol) != -1): null

2019-08-10 23:44:14 - [TEST_STEP][PASSED] - symbols = symbols: null

2019-08-10 23:44:14 - [TEST_STEP][PASSED] - for ([j = 0, j &lt; symbols.size(), (j++)]): null

2019-08-10 23:44:14 - [TEST_STEP][PASSED] - symbol = symbol: null

2019-08-10 23:44:14 - [TEST_STEP][PASSED] - println(symbol): null

2019-08-10 23:44:14 - [TEST_STEP][PASSED] - if (i == 2 &amp;&amp; wildList.indexOf(symbol) != -1): null

2019-08-10 23:44:14 - [TEST_STEP][PASSED] - if (i == 3 &amp;&amp; wildList.indexOf(symbol) != -1): null

2019-08-10 23:44:14 - [TEST_STEP][PASSED] - if (i == 4 &amp;&amp; wildList.indexOf(symbol) != -1): null

2019-08-10 23:44:14 - [TEST_STEP][PASSED] - symbol = symbol: null

2019-08-10 23:44:14 - [TEST_STEP][PASSED] - println(symbol): null

2019-08-10 23:44:14 - [TEST_STEP][PASSED] - if (i == 2 &amp;&amp; wildList.indexOf(symbol) != -1): null

2019-08-10 23:44:14 - [TEST_STEP][PASSED] - if (i == 3 &amp;&amp; wildList.indexOf(symbol) != -1): null

2019-08-10 23:44:14 - [TEST_STEP][PASSED] - if (i == 4 &amp;&amp; wildList.indexOf(symbol) != -1): null

2019-08-10 23:44:14 - [TEST_STEP][PASSED] - symbol = symbol: null

2019-08-10 23:44:14 - [TEST_STEP][PASSED] - println(symbol): null

2019-08-10 23:44:14 - [TEST_STEP][PASSED] - if (i == 2 &amp;&amp; wildList.indexOf(symbol) != -1): null

2019-08-10 23:44:14 - [TEST_STEP][PASSED] - if (i == 3 &amp;&amp; wildList.indexOf(symbol) != -1): null

2019-08-10 23:44:14 - [TEST_STEP][PASSED] - if (i == 4 &amp;&amp; wildList.indexOf(symbol) != -1): null

2019-08-10 23:44:14 - [TEST_STEP][PASSED] - symbols = symbols: null

2019-08-10 23:44:14 - [TEST_STEP][PASSED] - for ([j = 0, j &lt; symbols.size(), (j++)]): null

2019-08-10 23:44:14 - [TEST_STEP][PASSED] - symbol = symbol: null

2019-08-10 23:44:14 - [TEST_STEP][PASSED] - println(symbol): null

2019-08-10 23:44:14 - [TEST_STEP][PASSED] - if (i == 2 &amp;&amp; wildList.indexOf(symbol) != -1): null

2019-08-10 23:44:14 - [TEST_STEP][PASSED] - if (i == 3 &amp;&amp; wildList.indexOf(symbol) != -1): null

2019-08-10 23:44:14 - [TEST_STEP][PASSED] - if (i == 4 &amp;&amp; wildList.indexOf(symbol) != -1): null

2019-08-10 23:44:14 - [TEST_STEP][PASSED] - symbol = symbol: null

2019-08-10 23:44:14 - [TEST_STEP][PASSED] - println(symbol): null

2019-08-10 23:44:14 - [TEST_STEP][PASSED] - if (i == 2 &amp;&amp; wildList.indexOf(symbol) != -1): null

2019-08-10 23:44:14 - [TEST_STEP][PASSED] - if (i == 3 &amp;&amp; wildList.indexOf(symbol) != -1): null

2019-08-10 23:44:14 - [TEST_STEP][PASSED] - if (i == 4 &amp;&amp; wildList.indexOf(symbol) != -1): null

2019-08-10 23:44:14 - [TEST_STEP][PASSED] - symbol = symbol: null

2019-08-10 23:44:14 - [TEST_STEP][PASSED] - println(symbol): null

2019-08-10 23:44:14 - [TEST_STEP][PASSED] - if (i == 2 &amp;&amp; wildList.indexOf(symbol) != -1): null

2019-08-10 23:44:14 - [TEST_STEP][PASSED] - if (i == 3 &amp;&amp; wildList.indexOf(symbol) != -1): null

2019-08-10 23:44:14 - [TEST_STEP][PASSED] - if (i == 4 &amp;&amp; wildList.indexOf(symbol) != -1): null

2019-08-10 23:44:14 - [TEST_STEP][PASSED] - symbols = symbols: null

2019-08-10 23:44:14 - [TEST_STEP][PASSED] - for ([j = 0, j &lt; symbols.size(), (j++)]): null

2019-08-10 23:44:14 - [TEST_STEP][PASSED] - symbol = symbol: null

2019-08-10 23:44:14 - [TEST_STEP][PASSED] - println(symbol): null

2019-08-10 23:44:14 - [TEST_STEP][PASSED] - if (i == 2 &amp;&amp; wildList.indexOf(symbol) != -1): null

2019-08-10 23:44:14 - [TEST_STEP][PASSED] - if (i == 3 &amp;&amp; wildList.indexOf(symbol) != -1): null

2019-08-10 23:44:14 - [TEST_STEP][PASSED] - if (i == 4 &amp;&amp; wildList.indexOf(symbol) != -1): null

2019-08-10 23:44:14 - [TEST_STEP][PASSED] - symbol = symbol: null

2019-08-10 23:44:14 - [TEST_STEP][PASSED] - println(symbol): null

2019-08-10 23:44:14 - [TEST_STEP][PASSED] - if (i == 2 &amp;&amp; wildList.indexOf(symbol) != -1): null

2019-08-10 23:44:14 - [TEST_STEP][PASSED] - if (i == 3 &amp;&amp; wildList.indexOf(symbol) != -1): null

2019-08-10 23:44:14 - [TEST_STEP][PASSED] - if (i == 4 &amp;&amp; wildList.indexOf(symbol) != -1): null

2019-08-10 23:44:14 - [TEST_STEP][PASSED] - symbol = symbol: null

2019-08-10 23:44:14 - [TEST_STEP][PASSED] - println(symbol): null

2019-08-10 23:44:14 - [TEST_STEP][PASSED] - if (i == 2 &amp;&amp; wildList.indexOf(symbol) != -1): null

2019-08-10 23:44:14 - [TEST_STEP][PASSED] - if (i == 3 &amp;&amp; wildList.indexOf(symbol) != -1): null

2019-08-10 23:44:14 - [TEST_STEP][PASSED] - if (i == 4 &amp;&amp; wildList.indexOf(symbol) != -1): null

2019-08-10 23:44:14 - [TEST_STEP][PASSED] - free_spin_reel_counter = free_spin_reel_counter: null

2019-08-10 23:44:14 - [TEST_STEP][PASSED] - println("reel 3 wild found: " + free_spin_reel_counter[0]): null

2019-08-10 23:44:14 - [TEST_STEP][PASSED] - println("reel 4 wild found: " + free_spin_reel_counter[1]): null

2019-08-10 23:44:14 - [TEST_STEP][PASSED] - println("reel 5 wild found: " + free_spin_reel_counter[2]): null

2019-08-10 23:44:14 - [TEST_STEP][PASSED] - M4_spin_reels = M4_spin_reels: null

2019-08-10 23:44:14 - [TEST_STEP][PASSED] - M4_spin_reels_symbols = symbol: null

2019-08-10 23:44:14 - [TEST_STEP][PASSED] - M4_spin_reels_symbols = M4_spin_reels_symbols: null

2019-08-10 23:44:14 - [TEST_STEP][PASSED] - M4_spin_reel_wins = reel_wins: null

2019-08-10 23:44:14 - [TEST_STEP][PASSED] - M4_spin_reel_wins = M4_spin_reel_wins: null

2019-08-10 23:44:14 - [TEST_STEP][PASSED] - println("GlobalVariable.M4_spin_reel_wins is: " + M4_spin_reel_wins): null

2019-08-10 23:44:14 - [TEST_STEP][PASSED] - M4_spin_total_bonus_win_this_round = total_bonus_win_this_round: null

2019-08-10 23:44:14 - [TEST_STEP][PASSED] - M4_spin_total_bonus_win_this_round = M4_spin_total_bonus_win_this_round: null

2019-08-10 23:44:14 - [TEST_STEP][PASSED] - println("GlobalVariable.M4_spin_total_bonus_win_this_round is: " + M4_spin_total_bonus_win_this_round): null

2019-08-10 23:44:14 - [MESSAGE][PASSED] - Verify response successfully

2019-08-10 23:44:14 - [MESSAGE][PASSED] - Send request and verify the response successfully

2019-08-10 23:44:14 - [TEST_STEP][PASSED] - if (M4_total_bonus_spins_int != 0 &amp;&amp; M4_spin_reels_symbols[2].contains("WILD_ExtraFG") || M4_spin_reels_symbols[3].contains("WILD_ExtraFG")): null

2019-08-10 23:44:14 - [TEST_STEP][PASSED] - free_spin_reel_counter = free_spin_reel_counter: null

2019-08-10 23:44:14 - [TEST_STEP][PASSED] - M4_spin_reels_symbols = M4_spin_reels_symbols: null

2019-08-10 23:44:14 - [TEST_STEP][PASSED] - M4_total_bonus_spins = M4_total_bonus_spins: null

2019-08-10 23:44:14 - [TEST_STEP][PASSED] - spin_result = sendRequestAndVerify(findTestObject("RGS(M4)/1_M4_spin", ["M4_login_user_id":M4_login_user_id, "rgs_session_token":rgs_session_token, "partner":Partner])): Send request and verify the response successfully

2019-08-10 23:44:14 - [TEST_CASE][PASSED] - Start Test Case : Verification: Verification accomplished successfully

2019-08-10 23:44:14 - [TEST_STEP][PASSED] - request = getInstance().getCurrentRequest(): null

2019-08-10 23:44:14 - [TEST_STEP][PASSED] - response = getInstance().getCurrentResponse(): null

2019-08-10 23:44:14 - [TEST_STEP][PASSED] - verifyResponseStatusCode(response, 200): Verify response status code successfully

2019-08-10 23:44:14 - [MESSAGE][PASSED] - Verify response status code successfully

2019-08-10 23:44:14 - [TEST_STEP][PASSED] - getStatusCode()).isEqualTo(200): null

2019-08-10 23:44:14 - [TEST_STEP][PASSED] - newline = System.getProperty("line.separator"): null

2019-08-10 23:44:14 - [TEST_STEP][PASSED] - M4_spin = new groovy.json.JsonSlurper(): null

2019-08-10 23:44:14 - [TEST_STEP][PASSED] - result_M4_spin = M4_spin.parseText(response.getResponseBodyContent()): null

2019-08-10 23:44:14 - [TEST_STEP][PASSED] - M4_spin_current_balance = current_balance: null

2019-08-10 23:44:14 - [TEST_STEP][PASSED] - M4_spin_current_balance = M4_spin_current_balance: null

2019-08-10 23:44:14 - [TEST_STEP][PASSED] - M4_spin_transaction_id = causality: null

2019-08-10 23:44:14 - [TEST_STEP][PASSED] - M4_spin_transaction_id = M4_spin_transaction_id: null

2019-08-10 23:44:14 - [TEST_STEP][PASSED] - M4_spin_round_id = round_id: null

2019-08-10 23:44:14 - [TEST_STEP][PASSED] - M4_spin_round_id = M4_spin_round_id: null

2019-08-10 23:44:14 - [TEST_STEP][PASSED] - M4_spin_line_wins = line_wins: null

2019-08-10 23:44:14 - [TEST_STEP][PASSED] - M4_spin_line_wins = M4_spin_line_wins: null

2019-08-10 23:44:14 - [TEST_STEP][PASSED] - M4_total_bonus_spins_int = total_bonus_spins: null

2019-08-10 23:44:14 - [TEST_STEP][PASSED] - println("******M4_total_bonus_spins type is:*******" + newline + getClass().getName()): null

2019-08-10 23:44:14 - [TEST_STEP][PASSED] - M4_total_bonus_spins_int = M4_total_bonus_spins_int: null

2019-08-10 23:44:14 - [TEST_STEP][PASSED] - M4_total_bonus_spins = Integer.toString(M4_total_bonus_spins_int): null

2019-08-10 23:44:14 - [TEST_STEP][PASSED] - M4_total_bonus_spins = M4_total_bonus_spins: null

2019-08-10 23:44:14 - [TEST_STEP][PASSED] - println("M4_total_bonus_spins is:" + M4_total_bonus_spins): null

2019-08-10 23:44:14 - [TEST_STEP][PASSED] - M4_spin_bonus_data = bonus_data: null

2019-08-10 23:44:14 - [TEST_STEP][PASSED] - M4_spin_features_triggered = result_M4_spin: null

2019-08-10 23:44:14 - [TEST_STEP][PASSED] - wild = []: null

2019-08-10 23:44:14 - [TEST_STEP][PASSED] - wild[0] = "WILD_Expanding": null

2019-08-10 23:44:14 - [TEST_STEP][PASSED] - wild[1] = "WILD_Normal": null

2019-08-10 23:44:14 - [TEST_STEP][PASSED] - wild[2] = "WILD_Double": null

2019-08-10 23:44:14 - [TEST_STEP][PASSED] - wild[3] = "WILD_ExtraFG": null

2019-08-10 23:44:14 - [TEST_STEP][PASSED] - wild[4] = "WILD_Triple": null

2019-08-10 23:44:14 - [TEST_STEP][PASSED] - wildList = Arrays.asList(wild): null

2019-08-10 23:44:14 - [TEST_STEP][PASSED] - wildList = wildList: null

2019-08-10 23:44:14 - [TEST_STEP][PASSED] - free_spin_reel_counter = []: null

2019-08-10 23:44:14 - [TEST_STEP][PASSED] - free_spin_reel_counter[0] = 0: null

2019-08-10 23:44:14 - [TEST_STEP][PASSED] - free_spin_reel_counter[1] = 0: null

2019-08-10 23:44:14 - [TEST_STEP][PASSED] - free_spin_reel_counter[2] = 0: null

2019-08-10 23:44:14 - [TEST_STEP][PASSED] - M4_spin_reels = reels: null

2019-08-10 23:44:14 - [TEST_STEP][PASSED] - for ([i = 0, i &lt; M4_spin_reels.size(), (i++)]): null

2019-08-10 23:44:14 - [TEST_STEP][PASSED] - symbols = symbols: null

2019-08-10 23:44:14 - [TEST_STEP][PASSED] - for ([j = 0, j &lt; symbols.size(), (j++)]): null

2019-08-10 23:44:14 - [TEST_STEP][PASSED] - symbol = symbol: null

2019-08-10 23:44:14 - [TEST_STEP][PASSED] - println(symbol): null

2019-08-10 23:44:14 - [TEST_STEP][PASSED] - if (i == 2 &amp;&amp; wildList.indexOf(symbol) != -1): null

2019-08-10 23:44:14 - [TEST_STEP][PASSED] - if (i == 3 &amp;&amp; wildList.indexOf(symbol) != -1): null

2019-08-10 23:44:14 - [TEST_STEP][PASSED] - if (i == 4 &amp;&amp; wildList.indexOf(symbol) != -1): null

2019-08-10 23:44:14 - [TEST_STEP][PASSED] - symbol = symbol: null

2019-08-10 23:44:14 - [TEST_STEP][PASSED] - println(symbol): null

2019-08-10 23:44:14 - [TEST_STEP][PASSED] - if (i == 2 &amp;&amp; wildList.indexOf(symbol) != -1): null

2019-08-10 23:44:14 - [TEST_STEP][PASSED] - if (i == 3 &amp;&amp; wildList.indexOf(symbol) != -1): null

2019-08-10 23:44:14 - [TEST_STEP][PASSED] - if (i == 4 &amp;&amp; wildList.indexOf(symbol) != -1): null

2019-08-10 23:44:14 - [TEST_STEP][PASSED] - symbol = symbol: null

2019-08-10 23:44:14 - [TEST_STEP][PASSED] - println(symbol): null

2019-08-10 23:44:14 - [TEST_STEP][PASSED] - if (i == 2 &amp;&amp; wildList.indexOf(symbol) != -1): null

2019-08-10 23:44:14 - [TEST_STEP][PASSED] - if (i == 3 &amp;&amp; wildList.indexOf(symbol) != -1): null

2019-08-10 23:44:14 - [TEST_STEP][PASSED] - if (i == 4 &amp;&amp; wildList.indexOf(symbol) != -1): null

2019-08-10 23:44:14 - [TEST_STEP][PASSED] - symbols = symbols: null

2019-08-10 23:44:14 - [TEST_STEP][PASSED] - for ([j = 0, j &lt; symbols.size(), (j++)]): null

2019-08-10 23:44:14 - [TEST_STEP][PASSED] - symbol = symbol: null

2019-08-10 23:44:14 - [TEST_STEP][PASSED] - println(symbol): null

2019-08-10 23:44:14 - [TEST_STEP][PASSED] - if (i == 2 &amp;&amp; wildList.indexOf(symbol) != -1): null

2019-08-10 23:44:14 - [TEST_STEP][PASSED] - if (i == 3 &amp;&amp; wildList.indexOf(symbol) != -1): null

2019-08-10 23:44:14 - [TEST_STEP][PASSED] - if (i == 4 &amp;&amp; wildList.indexOf(symbol) != -1): null

2019-08-10 23:44:14 - [TEST_STEP][PASSED] - symbol = symbol: null

2019-08-10 23:44:14 - [TEST_STEP][PASSED] - println(symbol): null

2019-08-10 23:44:14 - [TEST_STEP][PASSED] - if (i == 2 &amp;&amp; wildList.indexOf(symbol) != -1): null

2019-08-10 23:44:14 - [TEST_STEP][PASSED] - if (i == 3 &amp;&amp; wildList.indexOf(symbol) != -1): null

2019-08-10 23:44:14 - [TEST_STEP][PASSED] - if (i == 4 &amp;&amp; wildList.indexOf(symbol) != -1): null

2019-08-10 23:44:14 - [TEST_STEP][PASSED] - symbol = symbol: null

2019-08-10 23:44:14 - [TEST_STEP][PASSED] - println(symbol): null

2019-08-10 23:44:14 - [TEST_STEP][PASSED] - if (i == 2 &amp;&amp; wildList.indexOf(symbol) != -1): null

2019-08-10 23:44:14 - [TEST_STEP][PASSED] - if (i == 3 &amp;&amp; wildList.indexOf(symbol) != -1): null

2019-08-10 23:44:14 - [TEST_STEP][PASSED] - if (i == 4 &amp;&amp; wildList.indexOf(symbol) != -1): null

2019-08-10 23:44:14 - [TEST_STEP][PASSED] - symbols = symbols: null

2019-08-10 23:44:14 - [TEST_STEP][PASSED] - for ([j = 0, j &lt; symbols.size(), (j++)]): null

2019-08-10 23:44:14 - [TEST_STEP][PASSED] - symbol = symbol: null

2019-08-10 23:44:14 - [TEST_STEP][PASSED] - println(symbol): null

2019-08-10 23:44:14 - [TEST_STEP][PASSED] - if (i == 2 &amp;&amp; wildList.indexOf(symbol) != -1): null

2019-08-10 23:44:14 - [TEST_STEP][PASSED] - if (i == 3 &amp;&amp; wildList.indexOf(symbol) != -1): null

2019-08-10 23:44:14 - [TEST_STEP][PASSED] - if (i == 4 &amp;&amp; wildList.indexOf(symbol) != -1): null

2019-08-10 23:44:14 - [TEST_STEP][PASSED] - symbol = symbol: null

2019-08-10 23:44:14 - [TEST_STEP][PASSED] - println(symbol): null

2019-08-10 23:44:14 - [TEST_STEP][PASSED] - if (i == 2 &amp;&amp; wildList.indexOf(symbol) != -1): null

2019-08-10 23:44:14 - [TEST_STEP][PASSED] - if (i == 3 &amp;&amp; wildList.indexOf(symbol) != -1): null

2019-08-10 23:44:14 - [TEST_STEP][PASSED] - if (i == 4 &amp;&amp; wildList.indexOf(symbol) != -1): null

2019-08-10 23:44:14 - [TEST_STEP][PASSED] - symbol = symbol: null

2019-08-10 23:44:14 - [TEST_STEP][PASSED] - println(symbol): null

2019-08-10 23:44:14 - [TEST_STEP][PASSED] - if (i == 2 &amp;&amp; wildList.indexOf(symbol) != -1): null

2019-08-10 23:44:14 - [TEST_STEP][PASSED] - if (i == 3 &amp;&amp; wildList.indexOf(symbol) != -1): null

2019-08-10 23:44:14 - [TEST_STEP][PASSED] - if (i == 4 &amp;&amp; wildList.indexOf(symbol) != -1): null

2019-08-10 23:44:14 - [TEST_STEP][PASSED] - symbols = symbols: null

2019-08-10 23:44:14 - [TEST_STEP][PASSED] - for ([j = 0, j &lt; symbols.size(), (j++)]): null

2019-08-10 23:44:14 - [TEST_STEP][PASSED] - symbol = symbol: null

2019-08-10 23:44:14 - [TEST_STEP][PASSED] - println(symbol): null

2019-08-10 23:44:14 - [TEST_STEP][PASSED] - if (i == 2 &amp;&amp; wildList.indexOf(symbol) != -1): null

2019-08-10 23:44:14 - [TEST_STEP][PASSED] - if (i == 3 &amp;&amp; wildList.indexOf(symbol) != -1): null

2019-08-10 23:44:14 - [TEST_STEP][PASSED] - if (i == 4 &amp;&amp; wildList.indexOf(symbol) != -1): null

2019-08-10 23:44:14 - [TEST_STEP][PASSED] - symbol = symbol: null

2019-08-10 23:44:14 - [TEST_STEP][PASSED] - println(symbol): null

2019-08-10 23:44:14 - [TEST_STEP][PASSED] - if (i == 2 &amp;&amp; wildList.indexOf(symbol) != -1): null

2019-08-10 23:44:14 - [TEST_STEP][PASSED] - if (i == 3 &amp;&amp; wildList.indexOf(symbol) != -1): null

2019-08-10 23:44:14 - [TEST_STEP][PASSED] - if (i == 4 &amp;&amp; wildList.indexOf(symbol) != -1): null

2019-08-10 23:44:14 - [TEST_STEP][PASSED] - symbol = symbol: null

2019-08-10 23:44:14 - [TEST_STEP][PASSED] - println(symbol): null

2019-08-10 23:44:14 - [TEST_STEP][PASSED] - if (i == 2 &amp;&amp; wildList.indexOf(symbol) != -1): null

2019-08-10 23:44:14 - [TEST_STEP][PASSED] - if (i == 3 &amp;&amp; wildList.indexOf(symbol) != -1): null

2019-08-10 23:44:14 - [TEST_STEP][PASSED] - if (i == 4 &amp;&amp; wildList.indexOf(symbol) != -1): null

2019-08-10 23:44:14 - [TEST_STEP][PASSED] - symbols = symbols: null

2019-08-10 23:44:14 - [TEST_STEP][PASSED] - for ([j = 0, j &lt; symbols.size(), (j++)]): null

2019-08-10 23:44:14 - [TEST_STEP][PASSED] - symbol = symbol: null

2019-08-10 23:44:14 - [TEST_STEP][PASSED] - println(symbol): null

2019-08-10 23:44:14 - [TEST_STEP][PASSED] - if (i == 2 &amp;&amp; wildList.indexOf(symbol) != -1): null

2019-08-10 23:44:14 - [TEST_STEP][PASSED] - if (i == 3 &amp;&amp; wildList.indexOf(symbol) != -1): null

2019-08-10 23:44:14 - [TEST_STEP][PASSED] - if (i == 4 &amp;&amp; wildList.indexOf(symbol) != -1): null

2019-08-10 23:44:14 - [TEST_STEP][PASSED] - symbol = symbol: null

2019-08-10 23:44:14 - [TEST_STEP][PASSED] - println(symbol): null

2019-08-10 23:44:14 - [TEST_STEP][PASSED] - if (i == 2 &amp;&amp; wildList.indexOf(symbol) != -1): null

2019-08-10 23:44:14 - [TEST_STEP][PASSED] - if (i == 3 &amp;&amp; wildList.indexOf(symbol) != -1): null

2019-08-10 23:44:14 - [TEST_STEP][PASSED] - if (i == 4 &amp;&amp; wildList.indexOf(symbol) != -1): null

2019-08-10 23:44:14 - [TEST_STEP][PASSED] - symbol = symbol: null

2019-08-10 23:44:14 - [TEST_STEP][PASSED] - println(symbol): null

2019-08-10 23:44:14 - [TEST_STEP][PASSED] - if (i == 2 &amp;&amp; wildList.indexOf(symbol) != -1): null

2019-08-10 23:44:14 - [TEST_STEP][PASSED] - if (i == 3 &amp;&amp; wildList.indexOf(symbol) != -1): null

2019-08-10 23:44:14 - [TEST_STEP][PASSED] - if (i == 4 &amp;&amp; wildList.indexOf(symbol) != -1): null

2019-08-10 23:44:14 - [TEST_STEP][PASSED] - free_spin_reel_counter = free_spin_reel_counter: null

2019-08-10 23:44:14 - [TEST_STEP][PASSED] - println("reel 3 wild found: " + free_spin_reel_counter[0]): null

2019-08-10 23:44:14 - [TEST_STEP][PASSED] - println("reel 4 wild found: " + free_spin_reel_counter[1]): null

2019-08-10 23:44:14 - [TEST_STEP][PASSED] - println("reel 5 wild found: " + free_spin_reel_counter[2]): null

2019-08-10 23:44:14 - [TEST_STEP][PASSED] - M4_spin_reels = M4_spin_reels: null

2019-08-10 23:44:14 - [TEST_STEP][PASSED] - M4_spin_reels_symbols = symbol: null

2019-08-10 23:44:14 - [TEST_STEP][PASSED] - M4_spin_reels_symbols = M4_spin_reels_symbols: null

2019-08-10 23:44:14 - [TEST_STEP][PASSED] - M4_spin_reel_wins = reel_wins: null

2019-08-10 23:44:14 - [TEST_STEP][PASSED] - M4_spin_reel_wins = M4_spin_reel_wins: null

2019-08-10 23:44:14 - [TEST_STEP][PASSED] - println("GlobalVariable.M4_spin_reel_wins is: " + M4_spin_reel_wins): null

2019-08-10 23:44:14 - [TEST_STEP][PASSED] - M4_spin_total_bonus_win_this_round = total_bonus_win_this_round: null

2019-08-10 23:44:14 - [TEST_STEP][PASSED] - M4_spin_total_bonus_win_this_round = M4_spin_total_bonus_win_this_round: null

2019-08-10 23:44:14 - [TEST_STEP][PASSED] - println("GlobalVariable.M4_spin_total_bonus_win_this_round is: " + M4_spin_total_bonus_win_this_round): null

2019-08-10 23:44:17 - [MESSAGE][PASSED] - Verify response successfully

2019-08-10 23:44:17 - [MESSAGE][PASSED] - Send request and verify the response successfully

2019-08-10 23:44:17 - [TEST_STEP][PASSED] - if (M4_total_bonus_spins_int != 0 &amp;&amp; M4_spin_reels_symbols[2].contains("WILD_ExtraFG") || M4_spin_reels_symbols[3].contains("WILD_ExtraFG")): null

2019-08-10 23:44:17 - [TEST_STEP][PASSED] - free_spin_reel_counter = free_spin_reel_counter: null

2019-08-10 23:44:17 - [TEST_STEP][PASSED] - M4_spin_reels_symbols = M4_spin_reels_symbols: null

2019-08-10 23:44:17 - [TEST_STEP][PASSED] - M4_total_bonus_spins = M4_total_bonus_spins: null

2019-08-10 23:44:17 - [TEST_STEP][PASSED] - spin_result = sendRequestAndVerify(findTestObject("RGS(M4)/1_M4_spin", ["M4_login_user_id":M4_login_user_id, "rgs_session_token":rgs_session_token, "partner":Partner])): Send request and verify the response successfully

2019-08-10 23:44:17 - [TEST_CASE][PASSED] - Start Test Case : Verification: Verification accomplished successfully

2019-08-10 23:44:17 - [TEST_STEP][PASSED] - request = getInstance().getCurrentRequest(): null

2019-08-10 23:44:17 - [TEST_STEP][PASSED] - response = getInstance().getCurrentResponse(): null

2019-08-10 23:44:17 - [TEST_STEP][PASSED] - verifyResponseStatusCode(response, 200): Verify response status code successfully

2019-08-10 23:44:17 - [MESSAGE][PASSED] - Verify response status code successfully

2019-08-10 23:44:17 - [TEST_STEP][PASSED] - getStatusCode()).isEqualTo(200): null

2019-08-10 23:44:17 - [TEST_STEP][PASSED] - newline = System.getProperty("line.separator"): null

2019-08-10 23:44:17 - [TEST_STEP][PASSED] - M4_spin = new groovy.json.JsonSlurper(): null

2019-08-10 23:44:17 - [TEST_STEP][PASSED] - result_M4_spin = M4_spin.parseText(response.getResponseBodyContent()): null

2019-08-10 23:44:17 - [TEST_STEP][PASSED] - M4_spin_current_balance = current_balance: null

2019-08-10 23:44:17 - [TEST_STEP][PASSED] - M4_spin_current_balance = M4_spin_current_balance: null

2019-08-10 23:44:17 - [TEST_STEP][PASSED] - M4_spin_transaction_id = causality: null

2019-08-10 23:44:17 - [TEST_STEP][PASSED] - M4_spin_transaction_id = M4_spin_transaction_id: null

2019-08-10 23:44:17 - [TEST_STEP][PASSED] - M4_spin_round_id = round_id: null

2019-08-10 23:44:17 - [TEST_STEP][PASSED] - M4_spin_round_id = M4_spin_round_id: null

2019-08-10 23:44:17 - [TEST_STEP][PASSED] - M4_spin_line_wins = line_wins: null

2019-08-10 23:44:17 - [TEST_STEP][PASSED] - M4_spin_line_wins = M4_spin_line_wins: null

2019-08-10 23:44:17 - [TEST_STEP][PASSED] - M4_total_bonus_spins_int = total_bonus_spins: null

2019-08-10 23:44:17 - [TEST_STEP][PASSED] - println("******M4_total_bonus_spins type is:*******" + newline + getClass().getName()): null

2019-08-10 23:44:17 - [TEST_STEP][PASSED] - M4_total_bonus_spins_int = M4_total_bonus_spins_int: null

2019-08-10 23:44:17 - [TEST_STEP][PASSED] - M4_total_bonus_spins = Integer.toString(M4_total_bonus_spins_int): null

2019-08-10 23:44:17 - [TEST_STEP][PASSED] - M4_total_bonus_spins = M4_total_bonus_spins: null

2019-08-10 23:44:17 - [TEST_STEP][PASSED] - println("M4_total_bonus_spins is:" + M4_total_bonus_spins): null

2019-08-10 23:44:17 - [TEST_STEP][PASSED] - M4_spin_bonus_data = bonus_data: null

2019-08-10 23:44:17 - [TEST_STEP][PASSED] - M4_spin_features_triggered = result_M4_spin: null

2019-08-10 23:44:17 - [TEST_STEP][PASSED] - wild = []: null

2019-08-10 23:44:17 - [TEST_STEP][PASSED] - wild[0] = "WILD_Expanding": null

2019-08-10 23:44:17 - [TEST_STEP][PASSED] - wild[1] = "WILD_Normal": null

2019-08-10 23:44:17 - [TEST_STEP][PASSED] - wild[2] = "WILD_Double": null

2019-08-10 23:44:17 - [TEST_STEP][PASSED] - wild[3] = "WILD_ExtraFG": null

2019-08-10 23:44:17 - [TEST_STEP][PASSED] - wild[4] = "WILD_Triple": null

2019-08-10 23:44:17 - [TEST_STEP][PASSED] - wildList = Arrays.asList(wild): null

2019-08-10 23:44:17 - [TEST_STEP][PASSED] - wildList = wildList: null

2019-08-10 23:44:17 - [TEST_STEP][PASSED] - free_spin_reel_counter = []: null

2019-08-10 23:44:17 - [TEST_STEP][PASSED] - free_spin_reel_counter[0] = 0: null

2019-08-10 23:44:17 - [TEST_STEP][PASSED] - free_spin_reel_counter[1] = 0: null

2019-08-10 23:44:17 - [TEST_STEP][PASSED] - free_spin_reel_counter[2] = 0: null

2019-08-10 23:44:17 - [TEST_STEP][PASSED] - M4_spin_reels = reels: null

2019-08-10 23:44:17 - [TEST_STEP][PASSED] - for ([i = 0, i &lt; M4_spin_reels.size(), (i++)]): null

2019-08-10 23:44:17 - [TEST_STEP][PASSED] - symbols = symbols: null

2019-08-10 23:44:17 - [TEST_STEP][PASSED] - for ([j = 0, j &lt; symbols.size(), (j++)]): null

2019-08-10 23:44:17 - [TEST_STEP][PASSED] - symbol = symbol: null

2019-08-10 23:44:17 - [TEST_STEP][PASSED] - println(symbol): null

2019-08-10 23:44:17 - [TEST_STEP][PASSED] - if (i == 2 &amp;&amp; wildList.indexOf(symbol) != -1): null

2019-08-10 23:44:17 - [TEST_STEP][PASSED] - if (i == 3 &amp;&amp; wildList.indexOf(symbol) != -1): null

2019-08-10 23:44:17 - [TEST_STEP][PASSED] - if (i == 4 &amp;&amp; wildList.indexOf(symbol) != -1): null

2019-08-10 23:44:17 - [TEST_STEP][PASSED] - symbol = symbol: null

2019-08-10 23:44:17 - [TEST_STEP][PASSED] - println(symbol): null

2019-08-10 23:44:17 - [TEST_STEP][PASSED] - if (i == 2 &amp;&amp; wildList.indexOf(symbol) != -1): null

2019-08-10 23:44:17 - [TEST_STEP][PASSED] - if (i == 3 &amp;&amp; wildList.indexOf(symbol) != -1): null

2019-08-10 23:44:17 - [TEST_STEP][PASSED] - if (i == 4 &amp;&amp; wildList.indexOf(symbol) != -1): null

2019-08-10 23:44:17 - [TEST_STEP][PASSED] - symbol = symbol: null

2019-08-10 23:44:17 - [TEST_STEP][PASSED] - println(symbol): null

2019-08-10 23:44:17 - [TEST_STEP][PASSED] - if (i == 2 &amp;&amp; wildList.indexOf(symbol) != -1): null

2019-08-10 23:44:17 - [TEST_STEP][PASSED] - if (i == 3 &amp;&amp; wildList.indexOf(symbol) != -1): null

2019-08-10 23:44:17 - [TEST_STEP][PASSED] - if (i == 4 &amp;&amp; wildList.indexOf(symbol) != -1): null

2019-08-10 23:44:18 - [TEST_STEP][PASSED] - symbols = symbols: null

2019-08-10 23:44:18 - [TEST_STEP][PASSED] - for ([j = 0, j &lt; symbols.size(), (j++)]): null

2019-08-10 23:44:18 - [TEST_STEP][PASSED] - symbol = symbol: null

2019-08-10 23:44:18 - [TEST_STEP][PASSED] - println(symbol): null

2019-08-10 23:44:18 - [TEST_STEP][PASSED] - if (i == 2 &amp;&amp; wildList.indexOf(symbol) != -1): null

2019-08-10 23:44:18 - [TEST_STEP][PASSED] - if (i == 3 &amp;&amp; wildList.indexOf(symbol) != -1): null

2019-08-10 23:44:18 - [TEST_STEP][PASSED] - if (i == 4 &amp;&amp; wildList.indexOf(symbol) != -1): null

2019-08-10 23:44:18 - [TEST_STEP][PASSED] - symbol = symbol: null

2019-08-10 23:44:18 - [TEST_STEP][PASSED] - println(symbol): null

2019-08-10 23:44:18 - [TEST_STEP][PASSED] - if (i == 2 &amp;&amp; wildList.indexOf(symbol) != -1): null

2019-08-10 23:44:18 - [TEST_STEP][PASSED] - if (i == 3 &amp;&amp; wildList.indexOf(symbol) != -1): null

2019-08-10 23:44:18 - [TEST_STEP][PASSED] - if (i == 4 &amp;&amp; wildList.indexOf(symbol) != -1): null

2019-08-10 23:44:18 - [TEST_STEP][PASSED] - symbol = symbol: null

2019-08-10 23:44:18 - [TEST_STEP][PASSED] - println(symbol): null

2019-08-10 23:44:18 - [TEST_STEP][PASSED] - if (i == 2 &amp;&amp; wildList.indexOf(symbol) != -1): null

2019-08-10 23:44:18 - [TEST_STEP][PASSED] - if (i == 3 &amp;&amp; wildList.indexOf(symbol) != -1): null

2019-08-10 23:44:18 - [TEST_STEP][PASSED] - if (i == 4 &amp;&amp; wildList.indexOf(symbol) != -1): null

2019-08-10 23:44:18 - [TEST_STEP][PASSED] - symbols = symbols: null

2019-08-10 23:44:18 - [TEST_STEP][PASSED] - for ([j = 0, j &lt; symbols.size(), (j++)]): null

2019-08-10 23:44:18 - [TEST_STEP][PASSED] - symbol = symbol: null

2019-08-10 23:44:18 - [TEST_STEP][PASSED] - println(symbol): null

2019-08-10 23:44:18 - [TEST_STEP][PASSED] - if (i == 2 &amp;&amp; wildList.indexOf(symbol) != -1): null

2019-08-10 23:44:18 - [TEST_STEP][PASSED] - if (i == 3 &amp;&amp; wildList.indexOf(symbol) != -1): null

2019-08-10 23:44:18 - [TEST_STEP][PASSED] - if (i == 4 &amp;&amp; wildList.indexOf(symbol) != -1): null

2019-08-10 23:44:18 - [TEST_STEP][PASSED] - symbol = symbol: null

2019-08-10 23:44:18 - [TEST_STEP][PASSED] - println(symbol): null

2019-08-10 23:44:18 - [TEST_STEP][PASSED] - if (i == 2 &amp;&amp; wildList.indexOf(symbol) != -1): null

2019-08-10 23:44:18 - [TEST_STEP][PASSED] - if (i == 3 &amp;&amp; wildList.indexOf(symbol) != -1): null

2019-08-10 23:44:18 - [TEST_STEP][PASSED] - if (i == 4 &amp;&amp; wildList.indexOf(symbol) != -1): null

2019-08-10 23:44:18 - [TEST_STEP][PASSED] - symbol = symbol: null

2019-08-10 23:44:18 - [TEST_STEP][PASSED] - println(symbol): null

2019-08-10 23:44:18 - [TEST_STEP][PASSED] - if (i == 2 &amp;&amp; wildList.indexOf(symbol) != -1): null

2019-08-10 23:44:18 - [TEST_STEP][PASSED] - if (i == 3 &amp;&amp; wildList.indexOf(symbol) != -1): null

2019-08-10 23:44:18 - [TEST_STEP][PASSED] - if (i == 4 &amp;&amp; wildList.indexOf(symbol) != -1): null

2019-08-10 23:44:18 - [TEST_STEP][PASSED] - symbols = symbols: null

2019-08-10 23:44:18 - [TEST_STEP][PASSED] - for ([j = 0, j &lt; symbols.size(), (j++)]): null

2019-08-10 23:44:18 - [TEST_STEP][PASSED] - symbol = symbol: null

2019-08-10 23:44:18 - [TEST_STEP][PASSED] - println(symbol): null

2019-08-10 23:44:18 - [TEST_STEP][PASSED] - if (i == 2 &amp;&amp; wildList.indexOf(symbol) != -1): null

2019-08-10 23:44:18 - [TEST_STEP][PASSED] - if (i == 3 &amp;&amp; wildList.indexOf(symbol) != -1): null

2019-08-10 23:44:18 - [TEST_STEP][PASSED] - if (i == 4 &amp;&amp; wildList.indexOf(symbol) != -1): null

2019-08-10 23:44:18 - [TEST_STEP][PASSED] - symbol = symbol: null

2019-08-10 23:44:18 - [TEST_STEP][PASSED] - println(symbol): null

2019-08-10 23:44:18 - [TEST_STEP][PASSED] - if (i == 2 &amp;&amp; wildList.indexOf(symbol) != -1): null

2019-08-10 23:44:18 - [TEST_STEP][PASSED] - if (i == 3 &amp;&amp; wildList.indexOf(symbol) != -1): null

2019-08-10 23:44:18 - [TEST_STEP][PASSED] - if (i == 4 &amp;&amp; wildList.indexOf(symbol) != -1): null

2019-08-10 23:44:18 - [TEST_STEP][PASSED] - symbol = symbol: null

2019-08-10 23:44:18 - [TEST_STEP][PASSED] - println(symbol): null

2019-08-10 23:44:18 - [TEST_STEP][PASSED] - if (i == 2 &amp;&amp; wildList.indexOf(symbol) != -1): null

2019-08-10 23:44:18 - [TEST_STEP][PASSED] - if (i == 3 &amp;&amp; wildList.indexOf(symbol) != -1): null

2019-08-10 23:44:18 - [TEST_STEP][PASSED] - if (i == 4 &amp;&amp; wildList.indexOf(symbol) != -1): null

2019-08-10 23:44:18 - [TEST_STEP][PASSED] - symbols = symbols: null

2019-08-10 23:44:18 - [TEST_STEP][PASSED] - for ([j = 0, j &lt; symbols.size(), (j++)]): null

2019-08-10 23:44:18 - [TEST_STEP][PASSED] - symbol = symbol: null

2019-08-10 23:44:18 - [TEST_STEP][PASSED] - println(symbol): null

2019-08-10 23:44:18 - [TEST_STEP][PASSED] - if (i == 2 &amp;&amp; wildList.indexOf(symbol) != -1): null

2019-08-10 23:44:18 - [TEST_STEP][PASSED] - if (i == 3 &amp;&amp; wildList.indexOf(symbol) != -1): null

2019-08-10 23:44:18 - [TEST_STEP][PASSED] - if (i == 4 &amp;&amp; wildList.indexOf(symbol) != -1): null

2019-08-10 23:44:18 - [TEST_STEP][PASSED] - symbol = symbol: null

2019-08-10 23:44:18 - [TEST_STEP][PASSED] - println(symbol): null

2019-08-10 23:44:18 - [TEST_STEP][PASSED] - if (i == 2 &amp;&amp; wildList.indexOf(symbol) != -1): null

2019-08-10 23:44:18 - [TEST_STEP][PASSED] - if (i == 3 &amp;&amp; wildList.indexOf(symbol) != -1): null

2019-08-10 23:44:18 - [TEST_STEP][PASSED] - if (i == 4 &amp;&amp; wildList.indexOf(symbol) != -1): null

2019-08-10 23:44:18 - [TEST_STEP][PASSED] - symbol = symbol: null

2019-08-10 23:44:18 - [TEST_STEP][PASSED] - println(symbol): null

2019-08-10 23:44:18 - [TEST_STEP][PASSED] - if (i == 2 &amp;&amp; wildList.indexOf(symbol) != -1): null

2019-08-10 23:44:18 - [TEST_STEP][PASSED] - if (i == 3 &amp;&amp; wildList.indexOf(symbol) != -1): null

2019-08-10 23:44:18 - [TEST_STEP][PASSED] - if (i == 4 &amp;&amp; wildList.indexOf(symbol) != -1): null

2019-08-10 23:44:18 - [TEST_STEP][PASSED] - free_spin_reel_counter = free_spin_reel_counter: null

2019-08-10 23:44:18 - [TEST_STEP][PASSED] - println("reel 3 wild found: " + free_spin_reel_counter[0]): null

2019-08-10 23:44:18 - [TEST_STEP][PASSED] - println("reel 4 wild found: " + free_spin_reel_counter[1]): null

2019-08-10 23:44:18 - [TEST_STEP][PASSED] - println("reel 5 wild found: " + free_spin_reel_counter[2]): null

2019-08-10 23:44:18 - [TEST_STEP][PASSED] - M4_spin_reels = M4_spin_reels: null

2019-08-10 23:44:18 - [TEST_STEP][PASSED] - M4_spin_reels_symbols = symbol: null

2019-08-10 23:44:18 - [TEST_STEP][PASSED] - M4_spin_reels_symbols = M4_spin_reels_symbols: null

2019-08-10 23:44:18 - [TEST_STEP][PASSED] - M4_spin_reel_wins = reel_wins: null

2019-08-10 23:44:18 - [TEST_STEP][PASSED] - M4_spin_reel_wins = M4_spin_reel_wins: null

2019-08-10 23:44:18 - [TEST_STEP][PASSED] - println("GlobalVariable.M4_spin_reel_wins is: " + M4_spin_reel_wins): null

2019-08-10 23:44:18 - [TEST_STEP][PASSED] - M4_spin_total_bonus_win_this_round = total_bonus_win_this_round: null

2019-08-10 23:44:18 - [TEST_STEP][PASSED] - M4_spin_total_bonus_win_this_round = M4_spin_total_bonus_win_this_round: null

2019-08-10 23:44:18 - [TEST_STEP][PASSED] - println("GlobalVariable.M4_spin_total_bonus_win_this_round is: " + M4_spin_total_bonus_win_this_round): null

2019-08-10 23:44:18 - [MESSAGE][PASSED] - Verify response successfully

2019-08-10 23:44:18 - [MESSAGE][PASSED] - Send request and verify the response successfully

2019-08-10 23:44:18 - [TEST_STEP][PASSED] - if (M4_total_bonus_spins_int != 0 &amp;&amp; M4_spin_reels_symbols[2].contains("WILD_ExtraFG") || M4_spin_reels_symbols[3].contains("WILD_ExtraFG")): null

2019-08-10 23:44:18 - [TEST_STEP][PASSED] - free_spin_reel_counter = free_spin_reel_counter: null

2019-08-10 23:44:18 - [TEST_STEP][PASSED] - M4_spin_reels_symbols = M4_spin_reels_symbols: null

2019-08-10 23:44:18 - [TEST_STEP][PASSED] - M4_total_bonus_spins = M4_total_bonus_spins: null

2019-08-10 23:44:18 - [TEST_STEP][PASSED] - spin_result = sendRequestAndVerify(findTestObject("RGS(M4)/1_M4_spin", ["M4_login_user_id":M4_login_user_id, "rgs_session_token":rgs_session_token, "partner":Partner])): Send request and verify the response successfully

2019-08-10 23:44:18 - [TEST_CASE][PASSED] - Start Test Case : Verification: Verification accomplished successfully

2019-08-10 23:44:18 - [TEST_STEP][PASSED] - request = getInstance().getCurrentRequest(): null

2019-08-10 23:44:18 - [TEST_STEP][PASSED] - response = getInstance().getCurrentResponse(): null

2019-08-10 23:44:18 - [TEST_STEP][PASSED] - verifyResponseStatusCode(response, 200): Verify response status code successfully

2019-08-10 23:44:18 - [MESSAGE][PASSED] - Verify response status code successfully

2019-08-10 23:44:18 - [TEST_STEP][PASSED] - getStatusCode()).isEqualTo(200): null

2019-08-10 23:44:18 - [TEST_STEP][PASSED] - newline = System.getProperty("line.separator"): null

2019-08-10 23:44:18 - [TEST_STEP][PASSED] - M4_spin = new groovy.json.JsonSlurper(): null

2019-08-10 23:44:18 - [TEST_STEP][PASSED] - result_M4_spin = M4_spin.parseText(response.getResponseBodyContent()): null

2019-08-10 23:44:18 - [TEST_STEP][PASSED] - M4_spin_current_balance = current_balance: null

2019-08-10 23:44:18 - [TEST_STEP][PASSED] - M4_spin_current_balance = M4_spin_current_balance: null

2019-08-10 23:44:18 - [TEST_STEP][PASSED] - M4_spin_transaction_id = causality: null

2019-08-10 23:44:18 - [TEST_STEP][PASSED] - M4_spin_transaction_id = M4_spin_transaction_id: null

2019-08-10 23:44:18 - [TEST_STEP][PASSED] - M4_spin_round_id = round_id: null

2019-08-10 23:44:18 - [TEST_STEP][PASSED] - M4_spin_round_id = M4_spin_round_id: null

2019-08-10 23:44:18 - [TEST_STEP][PASSED] - M4_spin_line_wins = line_wins: null

2019-08-10 23:44:18 - [TEST_STEP][PASSED] - M4_spin_line_wins = M4_spin_line_wins: null

2019-08-10 23:44:18 - [TEST_STEP][PASSED] - M4_total_bonus_spins_int = total_bonus_spins: null

2019-08-10 23:44:18 - [TEST_STEP][PASSED] - println("******M4_total_bonus_spins type is:*******" + newline + getClass().getName()): null

2019-08-10 23:44:18 - [TEST_STEP][PASSED] - M4_total_bonus_spins_int = M4_total_bonus_spins_int: null

2019-08-10 23:44:18 - [TEST_STEP][PASSED] - M4_total_bonus_spins = Integer.toString(M4_total_bonus_spins_int): null

2019-08-10 23:44:18 - [TEST_STEP][PASSED] - M4_total_bonus_spins = M4_total_bonus_spins: null

2019-08-10 23:44:18 - [TEST_STEP][PASSED] - println("M4_total_bonus_spins is:" + M4_total_bonus_spins): null

2019-08-10 23:44:18 - [TEST_STEP][PASSED] - M4_spin_bonus_data = bonus_data: null

2019-08-10 23:44:18 - [TEST_STEP][PASSED] - M4_spin_features_triggered = result_M4_spin: null

2019-08-10 23:44:18 - [TEST_STEP][PASSED] - wild = []: null

2019-08-10 23:44:18 - [TEST_STEP][PASSED] - wild[0] = "WILD_Expanding": null

2019-08-10 23:44:18 - [TEST_STEP][PASSED] - wild[1] = "WILD_Normal": null

2019-08-10 23:44:18 - [TEST_STEP][PASSED] - wild[2] = "WILD_Double": null

2019-08-10 23:44:18 - [TEST_STEP][PASSED] - wild[3] = "WILD_ExtraFG": null

2019-08-10 23:44:18 - [TEST_STEP][PASSED] - wild[4] = "WILD_Triple": null

2019-08-10 23:44:18 - [TEST_STEP][PASSED] - wildList = Arrays.asList(wild): null

2019-08-10 23:44:18 - [TEST_STEP][PASSED] - wildList = wildList: null

2019-08-10 23:44:18 - [TEST_STEP][PASSED] - free_spin_reel_counter = []: null

2019-08-10 23:44:18 - [TEST_STEP][PASSED] - free_spin_reel_counter[0] = 0: null

2019-08-10 23:44:18 - [TEST_STEP][PASSED] - free_spin_reel_counter[1] = 0: null

2019-08-10 23:44:18 - [TEST_STEP][PASSED] - free_spin_reel_counter[2] = 0: null

2019-08-10 23:44:18 - [TEST_STEP][PASSED] - M4_spin_reels = reels: null

2019-08-10 23:44:18 - [TEST_STEP][PASSED] - for ([i = 0, i &lt; M4_spin_reels.size(), (i++)]): null

2019-08-10 23:44:18 - [TEST_STEP][PASSED] - symbols = symbols: null

2019-08-10 23:44:18 - [TEST_STEP][PASSED] - for ([j = 0, j &lt; symbols.size(), (j++)]): null

2019-08-10 23:44:18 - [TEST_STEP][PASSED] - symbol = symbol: null

2019-08-10 23:44:18 - [TEST_STEP][PASSED] - println(symbol): null

2019-08-10 23:44:18 - [TEST_STEP][PASSED] - if (i == 2 &amp;&amp; wildList.indexOf(symbol) != -1): null

2019-08-10 23:44:18 - [TEST_STEP][PASSED] - if (i == 3 &amp;&amp; wildList.indexOf(symbol) != -1): null

2019-08-10 23:44:18 - [TEST_STEP][PASSED] - if (i == 4 &amp;&amp; wildList.indexOf(symbol) != -1): null

2019-08-10 23:44:18 - [TEST_STEP][PASSED] - symbol = symbol: null

2019-08-10 23:44:18 - [TEST_STEP][PASSED] - println(symbol): null

2019-08-10 23:44:18 - [TEST_STEP][PASSED] - if (i == 2 &amp;&amp; wildList.indexOf(symbol) != -1): null

2019-08-10 23:44:18 - [TEST_STEP][PASSED] - if (i == 3 &amp;&amp; wildList.indexOf(symbol) != -1): null

2019-08-10 23:44:18 - [TEST_STEP][PASSED] - if (i == 4 &amp;&amp; wildList.indexOf(symbol) != -1): null

2019-08-10 23:44:18 - [TEST_STEP][PASSED] - symbol = symbol: null

2019-08-10 23:44:18 - [TEST_STEP][PASSED] - println(symbol): null

2019-08-10 23:44:18 - [TEST_STEP][PASSED] - if (i == 2 &amp;&amp; wildList.indexOf(symbol) != -1): null

2019-08-10 23:44:18 - [TEST_STEP][PASSED] - if (i == 3 &amp;&amp; wildList.indexOf(symbol) != -1): null

2019-08-10 23:44:18 - [TEST_STEP][PASSED] - if (i == 4 &amp;&amp; wildList.indexOf(symbol) != -1): null

2019-08-10 23:44:18 - [TEST_STEP][PASSED] - symbols = symbols: null

2019-08-10 23:44:18 - [TEST_STEP][PASSED] - for ([j = 0, j &lt; symbols.size(), (j++)]): null

2019-08-10 23:44:18 - [TEST_STEP][PASSED] - symbol = symbol: null

2019-08-10 23:44:18 - [TEST_STEP][PASSED] - println(symbol): null

2019-08-10 23:44:18 - [TEST_STEP][PASSED] - if (i == 2 &amp;&amp; wildList.indexOf(symbol) != -1): null

2019-08-10 23:44:18 - [TEST_STEP][PASSED] - if (i == 3 &amp;&amp; wildList.indexOf(symbol) != -1): null

2019-08-10 23:44:18 - [TEST_STEP][PASSED] - if (i == 4 &amp;&amp; wildList.indexOf(symbol) != -1): null

2019-08-10 23:44:18 - [TEST_STEP][PASSED] - symbol = symbol: null

2019-08-10 23:44:18 - [TEST_STEP][PASSED] - println(symbol): null

2019-08-10 23:44:18 - [TEST_STEP][PASSED] - if (i == 2 &amp;&amp; wildList.indexOf(symbol) != -1): null

2019-08-10 23:44:18 - [TEST_STEP][PASSED] - if (i == 3 &amp;&amp; wildList.indexOf(symbol) != -1): null

2019-08-10 23:44:18 - [TEST_STEP][PASSED] - if (i == 4 &amp;&amp; wildList.indexOf(symbol) != -1): null

2019-08-10 23:44:18 - [TEST_STEP][PASSED] - symbol = symbol: null

2019-08-10 23:44:18 - [TEST_STEP][PASSED] - println(symbol): null

2019-08-10 23:44:18 - [TEST_STEP][PASSED] - if (i == 2 &amp;&amp; wildList.indexOf(symbol) != -1): null

2019-08-10 23:44:18 - [TEST_STEP][PASSED] - if (i == 3 &amp;&amp; wildList.indexOf(symbol) != -1): null

2019-08-10 23:44:18 - [TEST_STEP][PASSED] - if (i == 4 &amp;&amp; wildList.indexOf(symbol) != -1): null

2019-08-10 23:44:18 - [TEST_STEP][PASSED] - symbols = symbols: null

2019-08-10 23:44:18 - [TEST_STEP][PASSED] - for ([j = 0, j &lt; symbols.size(), (j++)]): null

2019-08-10 23:44:18 - [TEST_STEP][PASSED] - symbol = symbol: null

2019-08-10 23:44:18 - [TEST_STEP][PASSED] - println(symbol): null

2019-08-10 23:44:18 - [TEST_STEP][PASSED] - if (i == 2 &amp;&amp; wildList.indexOf(symbol) != -1): null

2019-08-10 23:44:18 - [TEST_STEP][PASSED] - if (i == 3 &amp;&amp; wildList.indexOf(symbol) != -1): null

2019-08-10 23:44:18 - [TEST_STEP][PASSED] - if (i == 4 &amp;&amp; wildList.indexOf(symbol) != -1): null

2019-08-10 23:44:18 - [TEST_STEP][PASSED] - symbol = symbol: null

2019-08-10 23:44:18 - [TEST_STEP][PASSED] - println(symbol): null

2019-08-10 23:44:18 - [TEST_STEP][PASSED] - if (i == 2 &amp;&amp; wildList.indexOf(symbol) != -1): null

2019-08-10 23:44:18 - [TEST_STEP][PASSED] - if (i == 3 &amp;&amp; wildList.indexOf(symbol) != -1): null

2019-08-10 23:44:18 - [TEST_STEP][PASSED] - if (i == 4 &amp;&amp; wildList.indexOf(symbol) != -1): null

2019-08-10 23:44:18 - [TEST_STEP][PASSED] - symbol = symbol: null

2019-08-10 23:44:18 - [TEST_STEP][PASSED] - println(symbol): null

2019-08-10 23:44:18 - [TEST_STEP][PASSED] - if (i == 2 &amp;&amp; wildList.indexOf(symbol) != -1): null

2019-08-10 23:44:18 - [TEST_STEP][PASSED] - if (i == 3 &amp;&amp; wildList.indexOf(symbol) != -1): null

2019-08-10 23:44:18 - [TEST_STEP][PASSED] - if (i == 4 &amp;&amp; wildList.indexOf(symbol) != -1): null

2019-08-10 23:44:18 - [TEST_STEP][PASSED] - symbols = symbols: null

2019-08-10 23:44:18 - [TEST_STEP][PASSED] - for ([j = 0, j &lt; symbols.size(), (j++)]): null

2019-08-10 23:44:18 - [TEST_STEP][PASSED] - symbol = symbol: null

2019-08-10 23:44:18 - [TEST_STEP][PASSED] - println(symbol): null

2019-08-10 23:44:18 - [TEST_STEP][PASSED] - if (i == 2 &amp;&amp; wildList.indexOf(symbol) != -1): null

2019-08-10 23:44:18 - [TEST_STEP][PASSED] - if (i == 3 &amp;&amp; wildList.indexOf(symbol) != -1): null

2019-08-10 23:44:18 - [TEST_STEP][PASSED] - if (i == 4 &amp;&amp; wildList.indexOf(symbol) != -1): null

2019-08-10 23:44:18 - [TEST_STEP][PASSED] - symbol = symbol: null

2019-08-10 23:44:18 - [TEST_STEP][PASSED] - println(symbol): null

2019-08-10 23:44:18 - [TEST_STEP][PASSED] - if (i == 2 &amp;&amp; wildList.indexOf(symbol) != -1): null

2019-08-10 23:44:18 - [TEST_STEP][PASSED] - if (i == 3 &amp;&amp; wildList.indexOf(symbol) != -1): null

2019-08-10 23:44:18 - [TEST_STEP][PASSED] - if (i == 4 &amp;&amp; wildList.indexOf(symbol) != -1): null

2019-08-10 23:44:18 - [TEST_STEP][PASSED] - symbol = symbol: null

2019-08-10 23:44:18 - [TEST_STEP][PASSED] - println(symbol): null

2019-08-10 23:44:18 - [TEST_STEP][PASSED] - if (i == 2 &amp;&amp; wildList.indexOf(symbol) != -1): null

2019-08-10 23:44:18 - [TEST_STEP][PASSED] - if (i == 3 &amp;&amp; wildList.indexOf(symbol) != -1): null

2019-08-10 23:44:18 - [TEST_STEP][PASSED] - if (i == 4 &amp;&amp; wildList.indexOf(symbol) != -1): null

2019-08-10 23:44:18 - [TEST_STEP][PASSED] - symbols = symbols: null

2019-08-10 23:44:18 - [TEST_STEP][PASSED] - for ([j = 0, j &lt; symbols.size(), (j++)]): null

2019-08-10 23:44:18 - [TEST_STEP][PASSED] - symbol = symbol: null

2019-08-10 23:44:18 - [TEST_STEP][PASSED] - println(symbol): null

2019-08-10 23:44:18 - [TEST_STEP][PASSED] - if (i == 2 &amp;&amp; wildList.indexOf(symbol) != -1): null

2019-08-10 23:44:18 - [TEST_STEP][PASSED] - if (i == 3 &amp;&amp; wildList.indexOf(symbol) != -1): null

2019-08-10 23:44:18 - [TEST_STEP][PASSED] - if (i == 4 &amp;&amp; wildList.indexOf(symbol) != -1): null

2019-08-10 23:44:18 - [TEST_STEP][PASSED] - println("wild found on reel 5, adding counter by 1"): null

2019-08-10 23:44:18 - [TEST_STEP][PASSED] - free_spin_reel_counter[2] = free_spin_reel_counter[2] + 1: null

2019-08-10 23:44:18 - [TEST_STEP][PASSED] - symbol = symbol: null

2019-08-10 23:44:18 - [TEST_STEP][PASSED] - println(symbol): null

2019-08-10 23:44:18 - [TEST_STEP][PASSED] - if (i == 2 &amp;&amp; wildList.indexOf(symbol) != -1): null

2019-08-10 23:44:18 - [TEST_STEP][PASSED] - if (i == 3 &amp;&amp; wildList.indexOf(symbol) != -1): null

2019-08-10 23:44:18 - [TEST_STEP][PASSED] - if (i == 4 &amp;&amp; wildList.indexOf(symbol) != -1): null

2019-08-10 23:44:18 - [TEST_STEP][PASSED] - symbol = symbol: null

2019-08-10 23:44:18 - [TEST_STEP][PASSED] - println(symbol): null

2019-08-10 23:44:18 - [TEST_STEP][PASSED] - if (i == 2 &amp;&amp; wildList.indexOf(symbol) != -1): null

2019-08-10 23:44:18 - [TEST_STEP][PASSED] - if (i == 3 &amp;&amp; wildList.indexOf(symbol) != -1): null

2019-08-10 23:44:18 - [TEST_STEP][PASSED] - if (i == 4 &amp;&amp; wildList.indexOf(symbol) != -1): null

2019-08-10 23:44:18 - [TEST_STEP][PASSED] - free_spin_reel_counter = free_spin_reel_counter: null

2019-08-10 23:44:18 - [TEST_STEP][PASSED] - println("reel 3 wild found: " + free_spin_reel_counter[0]): null

2019-08-10 23:44:18 - [TEST_STEP][PASSED] - println("reel 4 wild found: " + free_spin_reel_counter[1]): null

2019-08-10 23:44:18 - [TEST_STEP][PASSED] - println("reel 5 wild found: " + free_spin_reel_counter[2]): null

2019-08-10 23:44:18 - [TEST_STEP][PASSED] - M4_spin_reels = M4_spin_reels: null

2019-08-10 23:44:18 - [TEST_STEP][PASSED] - M4_spin_reels_symbols = symbol: null

2019-08-10 23:44:18 - [TEST_STEP][PASSED] - M4_spin_reels_symbols = M4_spin_reels_symbols: null

2019-08-10 23:44:18 - [TEST_STEP][PASSED] - M4_spin_reel_wins = reel_wins: null

2019-08-10 23:44:18 - [TEST_STEP][PASSED] - M4_spin_reel_wins = M4_spin_reel_wins: null

2019-08-10 23:44:18 - [TEST_STEP][PASSED] - println("GlobalVariable.M4_spin_reel_wins is: " + M4_spin_reel_wins): null

2019-08-10 23:44:18 - [TEST_STEP][PASSED] - M4_spin_total_bonus_win_this_round = total_bonus_win_this_round: null

2019-08-10 23:44:18 - [TEST_STEP][PASSED] - M4_spin_total_bonus_win_this_round = M4_spin_total_bonus_win_this_round: null

2019-08-10 23:44:18 - [TEST_STEP][PASSED] - println("GlobalVariable.M4_spin_total_bonus_win_this_round is: " + M4_spin_total_bonus_win_this_round): null

2019-08-10 23:44:18 - [MESSAGE][PASSED] - Verify response successfully

2019-08-10 23:44:18 - [MESSAGE][PASSED] - Send request and verify the response successfully

2019-08-10 23:44:18 - [TEST_STEP][PASSED] - if (M4_total_bonus_spins_int != 0 &amp;&amp; M4_spin_reels_symbols[2].contains("WILD_ExtraFG") || M4_spin_reels_symbols[3].contains("WILD_ExtraFG")): null

2019-08-10 23:44:18 - [TEST_STEP][PASSED] - free_spin_reel_counter = free_spin_reel_counter: null

2019-08-10 23:44:18 - [TEST_STEP][PASSED] - M4_spin_reels_symbols = M4_spin_reels_symbols: null

2019-08-10 23:44:18 - [TEST_STEP][PASSED] - M4_total_bonus_spins = M4_total_bonus_spins: null

2019-08-10 23:44:18 - [TEST_STEP][PASSED] - spin_result = sendRequestAndVerify(findTestObject("RGS(M4)/1_M4_spin", ["M4_login_user_id":M4_login_user_id, "rgs_session_token":rgs_session_token, "partner":Partner])): Send request and verify the response successfully

2019-08-10 23:44:18 - [TEST_CASE][PASSED] - Start Test Case : Verification: Verification accomplished successfully

2019-08-10 23:44:18 - [TEST_STEP][PASSED] - request = getInstance().getCurrentRequest(): null

2019-08-10 23:44:18 - [TEST_STEP][PASSED] - response = getInstance().getCurrentResponse(): null

2019-08-10 23:44:18 - [TEST_STEP][PASSED] - verifyResponseStatusCode(response, 200): Verify response status code successfully

2019-08-10 23:44:18 - [MESSAGE][PASSED] - Verify response status code successfully

2019-08-10 23:44:18 - [TEST_STEP][PASSED] - getStatusCode()).isEqualTo(200): null

2019-08-10 23:44:18 - [TEST_STEP][PASSED] - newline = System.getProperty("line.separator"): null

2019-08-10 23:44:18 - [TEST_STEP][PASSED] - M4_spin = new groovy.json.JsonSlurper(): null

2019-08-10 23:44:18 - [TEST_STEP][PASSED] - result_M4_spin = M4_spin.parseText(response.getResponseBodyContent()): null

2019-08-10 23:44:18 - [TEST_STEP][PASSED] - M4_spin_current_balance = current_balance: null

2019-08-10 23:44:18 - [TEST_STEP][PASSED] - M4_spin_current_balance = M4_spin_current_balance: null

2019-08-10 23:44:18 - [TEST_STEP][PASSED] - M4_spin_transaction_id = causality: null

2019-08-10 23:44:18 - [TEST_STEP][PASSED] - M4_spin_transaction_id = M4_spin_transaction_id: null

2019-08-10 23:44:18 - [TEST_STEP][PASSED] - M4_spin_round_id = round_id: null

2019-08-10 23:44:18 - [TEST_STEP][PASSED] - M4_spin_round_id = M4_spin_round_id: null

2019-08-10 23:44:18 - [TEST_STEP][PASSED] - M4_spin_line_wins = line_wins: null

2019-08-10 23:44:18 - [TEST_STEP][PASSED] - M4_spin_line_wins = M4_spin_line_wins: null

2019-08-10 23:44:18 - [TEST_STEP][PASSED] - M4_total_bonus_spins_int = total_bonus_spins: null

2019-08-10 23:44:18 - [TEST_STEP][PASSED] - println("******M4_total_bonus_spins type is:*******" + newline + getClass().getName()): null

2019-08-10 23:44:18 - [TEST_STEP][PASSED] - M4_total_bonus_spins_int = M4_total_bonus_spins_int: null

2019-08-10 23:44:18 - [TEST_STEP][PASSED] - M4_total_bonus_spins = Integer.toString(M4_total_bonus_spins_int): null

2019-08-10 23:44:18 - [TEST_STEP][PASSED] - M4_total_bonus_spins = M4_total_bonus_spins: null

2019-08-10 23:44:18 - [TEST_STEP][PASSED] - println("M4_total_bonus_spins is:" + M4_total_bonus_spins): null

2019-08-10 23:44:18 - [TEST_STEP][PASSED] - M4_spin_bonus_data = bonus_data: null

2019-08-10 23:44:18 - [TEST_STEP][PASSED] - M4_spin_features_triggered = result_M4_spin: null

2019-08-10 23:44:18 - [TEST_STEP][PASSED] - wild = []: null

2019-08-10 23:44:18 - [TEST_STEP][PASSED] - wild[0] = "WILD_Expanding": null

2019-08-10 23:44:18 - [TEST_STEP][PASSED] - wild[1] = "WILD_Normal": null

2019-08-10 23:44:21 - [TEST_STEP][PASSED] - wild[2] = "WILD_Double": null

2019-08-10 23:44:21 - [TEST_STEP][PASSED] - wild[3] = "WILD_ExtraFG": null

2019-08-10 23:44:21 - [TEST_STEP][PASSED] - wild[4] = "WILD_Triple": null

2019-08-10 23:44:21 - [TEST_STEP][PASSED] - wildList = Arrays.asList(wild): null

2019-08-10 23:44:21 - [TEST_STEP][PASSED] - wildList = wildList: null

2019-08-10 23:44:21 - [TEST_STEP][PASSED] - free_spin_reel_counter = []: null

2019-08-10 23:44:21 - [TEST_STEP][PASSED] - free_spin_reel_counter[0] = 0: null

2019-08-10 23:44:21 - [TEST_STEP][PASSED] - free_spin_reel_counter[1] = 0: null

2019-08-10 23:44:21 - [TEST_STEP][PASSED] - free_spin_reel_counter[2] = 0: null

2019-08-10 23:44:21 - [TEST_STEP][PASSED] - M4_spin_reels = reels: null

2019-08-10 23:44:21 - [TEST_STEP][PASSED] - for ([i = 0, i &lt; M4_spin_reels.size(), (i++)]): null

2019-08-10 23:44:21 - [TEST_STEP][PASSED] - symbols = symbols: null

2019-08-10 23:44:21 - [TEST_STEP][PASSED] - for ([j = 0, j &lt; symbols.size(), (j++)]): null

2019-08-10 23:44:21 - [TEST_STEP][PASSED] - symbol = symbol: null

2019-08-10 23:44:21 - [TEST_STEP][PASSED] - println(symbol): null

2019-08-10 23:44:21 - [TEST_STEP][PASSED] - if (i == 2 &amp;&amp; wildList.indexOf(symbol) != -1): null

2019-08-10 23:44:21 - [TEST_STEP][PASSED] - if (i == 3 &amp;&amp; wildList.indexOf(symbol) != -1): null

2019-08-10 23:44:21 - [TEST_STEP][PASSED] - if (i == 4 &amp;&amp; wildList.indexOf(symbol) != -1): null

2019-08-10 23:44:21 - [TEST_STEP][PASSED] - symbol = symbol: null

2019-08-10 23:44:21 - [TEST_STEP][PASSED] - println(symbol): null

2019-08-10 23:44:21 - [TEST_STEP][PASSED] - if (i == 2 &amp;&amp; wildList.indexOf(symbol) != -1): null

2019-08-10 23:44:21 - [TEST_STEP][PASSED] - if (i == 3 &amp;&amp; wildList.indexOf(symbol) != -1): null

2019-08-10 23:44:21 - [TEST_STEP][PASSED] - if (i == 4 &amp;&amp; wildList.indexOf(symbol) != -1): null

2019-08-10 23:44:21 - [TEST_STEP][PASSED] - symbol = symbol: null

2019-08-10 23:44:21 - [TEST_STEP][PASSED] - println(symbol): null

2019-08-10 23:44:21 - [TEST_STEP][PASSED] - if (i == 2 &amp;&amp; wildList.indexOf(symbol) != -1): null

2019-08-10 23:44:21 - [TEST_STEP][PASSED] - if (i == 3 &amp;&amp; wildList.indexOf(symbol) != -1): null

2019-08-10 23:44:21 - [TEST_STEP][PASSED] - if (i == 4 &amp;&amp; wildList.indexOf(symbol) != -1): null

2019-08-10 23:44:21 - [TEST_STEP][PASSED] - symbols = symbols: null

2019-08-10 23:44:21 - [TEST_STEP][PASSED] - for ([j = 0, j &lt; symbols.size(), (j++)]): null

2019-08-10 23:44:21 - [TEST_STEP][PASSED] - symbol = symbol: null

2019-08-10 23:44:21 - [TEST_STEP][PASSED] - println(symbol): null

2019-08-10 23:44:21 - [TEST_STEP][PASSED] - if (i == 2 &amp;&amp; wildList.indexOf(symbol) != -1): null

2019-08-10 23:44:21 - [TEST_STEP][PASSED] - if (i == 3 &amp;&amp; wildList.indexOf(symbol) != -1): null

2019-08-10 23:44:21 - [TEST_STEP][PASSED] - if (i == 4 &amp;&amp; wildList.indexOf(symbol) != -1): null

2019-08-10 23:44:21 - [TEST_STEP][PASSED] - symbol = symbol: null

2019-08-10 23:44:21 - [TEST_STEP][PASSED] - println(symbol): null

2019-08-10 23:44:21 - [TEST_STEP][PASSED] - if (i == 2 &amp;&amp; wildList.indexOf(symbol) != -1): null

2019-08-10 23:44:21 - [TEST_STEP][PASSED] - if (i == 3 &amp;&amp; wildList.indexOf(symbol) != -1): null

2019-08-10 23:44:21 - [TEST_STEP][PASSED] - if (i == 4 &amp;&amp; wildList.indexOf(symbol) != -1): null

2019-08-10 23:44:21 - [TEST_STEP][PASSED] - symbol = symbol: null

2019-08-10 23:44:21 - [TEST_STEP][PASSED] - println(symbol): null

2019-08-10 23:44:21 - [TEST_STEP][PASSED] - if (i == 2 &amp;&amp; wildList.indexOf(symbol) != -1): null

2019-08-10 23:44:21 - [TEST_STEP][PASSED] - if (i == 3 &amp;&amp; wildList.indexOf(symbol) != -1): null

2019-08-10 23:44:21 - [TEST_STEP][PASSED] - if (i == 4 &amp;&amp; wildList.indexOf(symbol) != -1): null

2019-08-10 23:44:21 - [TEST_STEP][PASSED] - symbols = symbols: null

2019-08-10 23:44:21 - [TEST_STEP][PASSED] - for ([j = 0, j &lt; symbols.size(), (j++)]): null

2019-08-10 23:44:21 - [TEST_STEP][PASSED] - symbol = symbol: null

2019-08-10 23:44:21 - [TEST_STEP][PASSED] - println(symbol): null

2019-08-10 23:44:21 - [TEST_STEP][PASSED] - if (i == 2 &amp;&amp; wildList.indexOf(symbol) != -1): null

2019-08-10 23:44:21 - [TEST_STEP][PASSED] - if (i == 3 &amp;&amp; wildList.indexOf(symbol) != -1): null

2019-08-10 23:44:21 - [TEST_STEP][PASSED] - if (i == 4 &amp;&amp; wildList.indexOf(symbol) != -1): null

2019-08-10 23:44:21 - [TEST_STEP][PASSED] - symbol = symbol: null

2019-08-10 23:44:21 - [TEST_STEP][PASSED] - println(symbol): null

2019-08-10 23:44:21 - [TEST_STEP][PASSED] - if (i == 2 &amp;&amp; wildList.indexOf(symbol) != -1): null

2019-08-10 23:44:21 - [TEST_STEP][PASSED] - if (i == 3 &amp;&amp; wildList.indexOf(symbol) != -1): null

2019-08-10 23:44:21 - [TEST_STEP][PASSED] - if (i == 4 &amp;&amp; wildList.indexOf(symbol) != -1): null

2019-08-10 23:44:21 - [TEST_STEP][PASSED] - symbol = symbol: null

2019-08-10 23:44:21 - [TEST_STEP][PASSED] - println(symbol): null

2019-08-10 23:44:21 - [TEST_STEP][PASSED] - if (i == 2 &amp;&amp; wildList.indexOf(symbol) != -1): null

2019-08-10 23:44:21 - [TEST_STEP][PASSED] - if (i == 3 &amp;&amp; wildList.indexOf(symbol) != -1): null

2019-08-10 23:44:21 - [TEST_STEP][PASSED] - if (i == 4 &amp;&amp; wildList.indexOf(symbol) != -1): null

2019-08-10 23:44:21 - [TEST_STEP][PASSED] - symbols = symbols: null

2019-08-10 23:44:21 - [TEST_STEP][PASSED] - for ([j = 0, j &lt; symbols.size(), (j++)]): null

2019-08-10 23:44:21 - [TEST_STEP][PASSED] - symbol = symbol: null

2019-08-10 23:44:21 - [TEST_STEP][PASSED] - println(symbol): null

2019-08-10 23:44:21 - [TEST_STEP][PASSED] - if (i == 2 &amp;&amp; wildList.indexOf(symbol) != -1): null

2019-08-10 23:44:21 - [TEST_STEP][PASSED] - if (i == 3 &amp;&amp; wildList.indexOf(symbol) != -1): null

2019-08-10 23:44:21 - [TEST_STEP][PASSED] - if (i == 4 &amp;&amp; wildList.indexOf(symbol) != -1): null

2019-08-10 23:44:21 - [TEST_STEP][PASSED] - symbol = symbol: null

2019-08-10 23:44:21 - [TEST_STEP][PASSED] - println(symbol): null

2019-08-10 23:44:21 - [TEST_STEP][PASSED] - if (i == 2 &amp;&amp; wildList.indexOf(symbol) != -1): null

2019-08-10 23:44:21 - [TEST_STEP][PASSED] - if (i == 3 &amp;&amp; wildList.indexOf(symbol) != -1): null

2019-08-10 23:44:21 - [TEST_STEP][PASSED] - if (i == 4 &amp;&amp; wildList.indexOf(symbol) != -1): null

2019-08-10 23:44:21 - [TEST_STEP][PASSED] - symbol = symbol: null

2019-08-10 23:44:21 - [TEST_STEP][PASSED] - println(symbol): null

2019-08-10 23:44:21 - [TEST_STEP][PASSED] - if (i == 2 &amp;&amp; wildList.indexOf(symbol) != -1): null

2019-08-10 23:44:21 - [TEST_STEP][PASSED] - if (i == 3 &amp;&amp; wildList.indexOf(symbol) != -1): null

2019-08-10 23:44:21 - [TEST_STEP][PASSED] - if (i == 4 &amp;&amp; wildList.indexOf(symbol) != -1): null

2019-08-10 23:44:21 - [TEST_STEP][PASSED] - symbols = symbols: null

2019-08-10 23:44:21 - [TEST_STEP][PASSED] - for ([j = 0, j &lt; symbols.size(), (j++)]): null

2019-08-10 23:44:21 - [TEST_STEP][PASSED] - symbol = symbol: null

2019-08-10 23:44:21 - [TEST_STEP][PASSED] - println(symbol): null

2019-08-10 23:44:21 - [TEST_STEP][PASSED] - if (i == 2 &amp;&amp; wildList.indexOf(symbol) != -1): null

2019-08-10 23:44:21 - [TEST_STEP][PASSED] - if (i == 3 &amp;&amp; wildList.indexOf(symbol) != -1): null

2019-08-10 23:44:21 - [TEST_STEP][PASSED] - if (i == 4 &amp;&amp; wildList.indexOf(symbol) != -1): null

2019-08-10 23:44:21 - [TEST_STEP][PASSED] - symbol = symbol: null

2019-08-10 23:44:21 - [TEST_STEP][PASSED] - println(symbol): null

2019-08-10 23:44:21 - [TEST_STEP][PASSED] - if (i == 2 &amp;&amp; wildList.indexOf(symbol) != -1): null

2019-08-10 23:44:21 - [TEST_STEP][PASSED] - if (i == 3 &amp;&amp; wildList.indexOf(symbol) != -1): null

2019-08-10 23:44:21 - [TEST_STEP][PASSED] - if (i == 4 &amp;&amp; wildList.indexOf(symbol) != -1): null

2019-08-10 23:44:21 - [TEST_STEP][PASSED] - symbol = symbol: null

2019-08-10 23:44:21 - [TEST_STEP][PASSED] - println(symbol): null

2019-08-10 23:44:21 - [TEST_STEP][PASSED] - if (i == 2 &amp;&amp; wildList.indexOf(symbol) != -1): null

2019-08-10 23:44:21 - [TEST_STEP][PASSED] - if (i == 3 &amp;&amp; wildList.indexOf(symbol) != -1): null

2019-08-10 23:44:21 - [TEST_STEP][PASSED] - if (i == 4 &amp;&amp; wildList.indexOf(symbol) != -1): null

2019-08-10 23:44:21 - [TEST_STEP][PASSED] - free_spin_reel_counter = free_spin_reel_counter: null

2019-08-10 23:44:21 - [TEST_STEP][PASSED] - println("reel 3 wild found: " + free_spin_reel_counter[0]): null

2019-08-10 23:44:21 - [TEST_STEP][PASSED] - println("reel 4 wild found: " + free_spin_reel_counter[1]): null

2019-08-10 23:44:21 - [TEST_STEP][PASSED] - println("reel 5 wild found: " + free_spin_reel_counter[2]): null

2019-08-10 23:44:21 - [TEST_STEP][PASSED] - M4_spin_reels = M4_spin_reels: null

2019-08-10 23:44:21 - [TEST_STEP][PASSED] - M4_spin_reels_symbols = symbol: null

2019-08-10 23:44:21 - [TEST_STEP][PASSED] - M4_spin_reels_symbols = M4_spin_reels_symbols: null

2019-08-10 23:44:21 - [TEST_STEP][PASSED] - M4_spin_reel_wins = reel_wins: null

2019-08-10 23:44:21 - [TEST_STEP][PASSED] - M4_spin_reel_wins = M4_spin_reel_wins: null

2019-08-10 23:44:21 - [TEST_STEP][PASSED] - println("GlobalVariable.M4_spin_reel_wins is: " + M4_spin_reel_wins): null

2019-08-10 23:44:21 - [TEST_STEP][PASSED] - M4_spin_total_bonus_win_this_round = total_bonus_win_this_round: null

2019-08-10 23:44:21 - [TEST_STEP][PASSED] - M4_spin_total_bonus_win_this_round = M4_spin_total_bonus_win_this_round: null

2019-08-10 23:44:21 - [TEST_STEP][PASSED] - println("GlobalVariable.M4_spin_total_bonus_win_this_round is: " + M4_spin_total_bonus_win_this_round): null

2019-08-10 23:44:21 - [MESSAGE][PASSED] - Verify response successfully

2019-08-10 23:44:21 - [MESSAGE][PASSED] - Send request and verify the response successfully

2019-08-10 23:44:21 - [TEST_STEP][PASSED] - if (M4_total_bonus_spins_int != 0 &amp;&amp; M4_spin_reels_symbols[2].contains("WILD_ExtraFG") || M4_spin_reels_symbols[3].contains("WILD_ExtraFG")): null

2019-08-10 23:44:21 - [TEST_STEP][PASSED] - free_spin_reel_counter = free_spin_reel_counter: null

2019-08-10 23:44:21 - [TEST_STEP][PASSED] - M4_spin_reels_symbols = M4_spin_reels_symbols: null

2019-08-10 23:44:21 - [TEST_STEP][PASSED] - M4_total_bonus_spins = M4_total_bonus_spins: null

2019-08-10 23:44:21 - [TEST_STEP][PASSED] - spin_result = sendRequestAndVerify(findTestObject("RGS(M4)/1_M4_spin", ["M4_login_user_id":M4_login_user_id, "rgs_session_token":rgs_session_token, "partner":Partner])): Send request and verify the response successfully

2019-08-10 23:44:21 - [TEST_CASE][PASSED] - Start Test Case : Verification: Verification accomplished successfully

2019-08-10 23:44:21 - [TEST_STEP][PASSED] - request = getInstance().getCurrentRequest(): null

2019-08-10 23:44:21 - [TEST_STEP][PASSED] - response = getInstance().getCurrentResponse(): null

2019-08-10 23:44:21 - [TEST_STEP][PASSED] - verifyResponseStatusCode(response, 200): Verify response status code successfully

2019-08-10 23:44:21 - [MESSAGE][PASSED] - Verify response status code successfully

2019-08-10 23:44:21 - [TEST_STEP][PASSED] - getStatusCode()).isEqualTo(200): null

2019-08-10 23:44:21 - [TEST_STEP][PASSED] - newline = System.getProperty("line.separator"): null

2019-08-10 23:44:21 - [TEST_STEP][PASSED] - M4_spin = new groovy.json.JsonSlurper(): null

2019-08-10 23:44:21 - [TEST_STEP][PASSED] - result_M4_spin = M4_spin.parseText(response.getResponseBodyContent()): null

2019-08-10 23:44:21 - [TEST_STEP][PASSED] - M4_spin_current_balance = current_balance: null

2019-08-10 23:44:21 - [TEST_STEP][PASSED] - M4_spin_current_balance = M4_spin_current_balance: null

2019-08-10 23:44:21 - [TEST_STEP][PASSED] - M4_spin_transaction_id = causality: null

2019-08-10 23:44:21 - [TEST_STEP][PASSED] - M4_spin_transaction_id = M4_spin_transaction_id: null

2019-08-10 23:44:21 - [TEST_STEP][PASSED] - M4_spin_round_id = round_id: null

2019-08-10 23:44:21 - [TEST_STEP][PASSED] - M4_spin_round_id = M4_spin_round_id: null

2019-08-10 23:44:21 - [TEST_STEP][PASSED] - M4_spin_line_wins = line_wins: null

2019-08-10 23:44:21 - [TEST_STEP][PASSED] - M4_spin_line_wins = M4_spin_line_wins: null

2019-08-10 23:44:21 - [TEST_STEP][PASSED] - M4_total_bonus_spins_int = total_bonus_spins: null

2019-08-10 23:44:21 - [TEST_STEP][PASSED] - println("******M4_total_bonus_spins type is:*******" + newline + getClass().getName()): null

2019-08-10 23:44:21 - [TEST_STEP][PASSED] - M4_total_bonus_spins_int = M4_total_bonus_spins_int: null

2019-08-10 23:44:21 - [TEST_STEP][PASSED] - M4_total_bonus_spins = Integer.toString(M4_total_bonus_spins_int): null

2019-08-10 23:44:21 - [TEST_STEP][PASSED] - M4_total_bonus_spins = M4_total_bonus_spins: null

2019-08-10 23:44:21 - [TEST_STEP][PASSED] - println("M4_total_bonus_spins is:" + M4_total_bonus_spins): null

2019-08-10 23:44:21 - [TEST_STEP][PASSED] - M4_spin_bonus_data = bonus_data: null

2019-08-10 23:44:21 - [TEST_STEP][PASSED] - M4_spin_features_triggered = result_M4_spin: null

2019-08-10 23:44:21 - [TEST_STEP][PASSED] - wild = []: null

2019-08-10 23:44:21 - [TEST_STEP][PASSED] - wild[0] = "WILD_Expanding": null

2019-08-10 23:44:21 - [TEST_STEP][PASSED] - wild[1] = "WILD_Normal": null

2019-08-10 23:44:21 - [TEST_STEP][PASSED] - wild[2] = "WILD_Double": null

2019-08-10 23:44:21 - [TEST_STEP][PASSED] - wild[3] = "WILD_ExtraFG": null

2019-08-10 23:44:21 - [TEST_STEP][PASSED] - wild[4] = "WILD_Triple": null

2019-08-10 23:44:21 - [TEST_STEP][PASSED] - wildList = Arrays.asList(wild): null

2019-08-10 23:44:21 - [TEST_STEP][PASSED] - wildList = wildList: null

2019-08-10 23:44:21 - [TEST_STEP][PASSED] - free_spin_reel_counter = []: null

2019-08-10 23:44:21 - [TEST_STEP][PASSED] - free_spin_reel_counter[0] = 0: null

2019-08-10 23:44:21 - [TEST_STEP][PASSED] - free_spin_reel_counter[1] = 0: null

2019-08-10 23:44:21 - [TEST_STEP][PASSED] - free_spin_reel_counter[2] = 0: null

2019-08-10 23:44:21 - [TEST_STEP][PASSED] - M4_spin_reels = reels: null

2019-08-10 23:44:21 - [TEST_STEP][PASSED] - for ([i = 0, i &lt; M4_spin_reels.size(), (i++)]): null

2019-08-10 23:44:21 - [TEST_STEP][PASSED] - symbols = symbols: null

2019-08-10 23:44:21 - [TEST_STEP][PASSED] - for ([j = 0, j &lt; symbols.size(), (j++)]): null

2019-08-10 23:44:21 - [TEST_STEP][PASSED] - symbol = symbol: null

2019-08-10 23:44:21 - [TEST_STEP][PASSED] - println(symbol): null

2019-08-10 23:44:21 - [TEST_STEP][PASSED] - if (i == 2 &amp;&amp; wildList.indexOf(symbol) != -1): null

2019-08-10 23:44:21 - [TEST_STEP][PASSED] - if (i == 3 &amp;&amp; wildList.indexOf(symbol) != -1): null

2019-08-10 23:44:21 - [TEST_STEP][PASSED] - if (i == 4 &amp;&amp; wildList.indexOf(symbol) != -1): null

2019-08-10 23:44:21 - [TEST_STEP][PASSED] - symbol = symbol: null

2019-08-10 23:44:21 - [TEST_STEP][PASSED] - println(symbol): null

2019-08-10 23:44:21 - [TEST_STEP][PASSED] - if (i == 2 &amp;&amp; wildList.indexOf(symbol) != -1): null

2019-08-10 23:44:21 - [TEST_STEP][PASSED] - if (i == 3 &amp;&amp; wildList.indexOf(symbol) != -1): null

2019-08-10 23:44:21 - [TEST_STEP][PASSED] - if (i == 4 &amp;&amp; wildList.indexOf(symbol) != -1): null

2019-08-10 23:44:21 - [TEST_STEP][PASSED] - symbol = symbol: null

2019-08-10 23:44:21 - [TEST_STEP][PASSED] - println(symbol): null

2019-08-10 23:44:21 - [TEST_STEP][PASSED] - if (i == 2 &amp;&amp; wildList.indexOf(symbol) != -1): null

2019-08-10 23:44:21 - [TEST_STEP][PASSED] - if (i == 3 &amp;&amp; wildList.indexOf(symbol) != -1): null

2019-08-10 23:44:21 - [TEST_STEP][PASSED] - if (i == 4 &amp;&amp; wildList.indexOf(symbol) != -1): null

2019-08-10 23:44:21 - [TEST_STEP][PASSED] - symbols = symbols: null

2019-08-10 23:44:21 - [TEST_STEP][PASSED] - for ([j = 0, j &lt; symbols.size(), (j++)]): null

2019-08-10 23:44:21 - [TEST_STEP][PASSED] - symbol = symbol: null

2019-08-10 23:44:21 - [TEST_STEP][PASSED] - println(symbol): null

2019-08-10 23:44:21 - [TEST_STEP][PASSED] - if (i == 2 &amp;&amp; wildList.indexOf(symbol) != -1): null

2019-08-10 23:44:21 - [TEST_STEP][PASSED] - if (i == 3 &amp;&amp; wildList.indexOf(symbol) != -1): null

2019-08-10 23:44:21 - [TEST_STEP][PASSED] - if (i == 4 &amp;&amp; wildList.indexOf(symbol) != -1): null

2019-08-10 23:44:21 - [TEST_STEP][PASSED] - symbol = symbol: null

2019-08-10 23:44:21 - [TEST_STEP][PASSED] - println(symbol): null

2019-08-10 23:44:21 - [TEST_STEP][PASSED] - if (i == 2 &amp;&amp; wildList.indexOf(symbol) != -1): null

2019-08-10 23:44:21 - [TEST_STEP][PASSED] - if (i == 3 &amp;&amp; wildList.indexOf(symbol) != -1): null

2019-08-10 23:44:21 - [TEST_STEP][PASSED] - if (i == 4 &amp;&amp; wildList.indexOf(symbol) != -1): null

2019-08-10 23:44:21 - [TEST_STEP][PASSED] - symbol = symbol: null

2019-08-10 23:44:21 - [TEST_STEP][PASSED] - println(symbol): null

2019-08-10 23:44:21 - [TEST_STEP][PASSED] - if (i == 2 &amp;&amp; wildList.indexOf(symbol) != -1): null

2019-08-10 23:44:21 - [TEST_STEP][PASSED] - if (i == 3 &amp;&amp; wildList.indexOf(symbol) != -1): null

2019-08-10 23:44:21 - [TEST_STEP][PASSED] - if (i == 4 &amp;&amp; wildList.indexOf(symbol) != -1): null

2019-08-10 23:44:21 - [TEST_STEP][PASSED] - symbols = symbols: null

2019-08-10 23:44:21 - [TEST_STEP][PASSED] - for ([j = 0, j &lt; symbols.size(), (j++)]): null

2019-08-10 23:44:21 - [TEST_STEP][PASSED] - symbol = symbol: null

2019-08-10 23:44:21 - [TEST_STEP][PASSED] - println(symbol): null

2019-08-10 23:44:21 - [TEST_STEP][PASSED] - if (i == 2 &amp;&amp; wildList.indexOf(symbol) != -1): null

2019-08-10 23:44:21 - [TEST_STEP][PASSED] - if (i == 3 &amp;&amp; wildList.indexOf(symbol) != -1): null

2019-08-10 23:44:21 - [TEST_STEP][PASSED] - if (i == 4 &amp;&amp; wildList.indexOf(symbol) != -1): null

2019-08-10 23:44:21 - [TEST_STEP][PASSED] - symbol = symbol: null

2019-08-10 23:44:21 - [TEST_STEP][PASSED] - println(symbol): null

2019-08-10 23:44:21 - [TEST_STEP][PASSED] - if (i == 2 &amp;&amp; wildList.indexOf(symbol) != -1): null

2019-08-10 23:44:21 - [TEST_STEP][PASSED] - if (i == 3 &amp;&amp; wildList.indexOf(symbol) != -1): null

2019-08-10 23:44:21 - [TEST_STEP][PASSED] - if (i == 4 &amp;&amp; wildList.indexOf(symbol) != -1): null

2019-08-10 23:44:21 - [TEST_STEP][PASSED] - symbol = symbol: null

2019-08-10 23:44:21 - [TEST_STEP][PASSED] - println(symbol): null

2019-08-10 23:44:21 - [TEST_STEP][PASSED] - if (i == 2 &amp;&amp; wildList.indexOf(symbol) != -1): null

2019-08-10 23:44:21 - [TEST_STEP][PASSED] - if (i == 3 &amp;&amp; wildList.indexOf(symbol) != -1): null

2019-08-10 23:44:21 - [TEST_STEP][PASSED] - if (i == 4 &amp;&amp; wildList.indexOf(symbol) != -1): null

2019-08-10 23:44:21 - [TEST_STEP][PASSED] - symbols = symbols: null

2019-08-10 23:44:21 - [TEST_STEP][PASSED] - for ([j = 0, j &lt; symbols.size(), (j++)]): null

2019-08-10 23:44:21 - [TEST_STEP][PASSED] - symbol = symbol: null

2019-08-10 23:44:21 - [TEST_STEP][PASSED] - println(symbol): null

2019-08-10 23:44:21 - [TEST_STEP][PASSED] - if (i == 2 &amp;&amp; wildList.indexOf(symbol) != -1): null

2019-08-10 23:44:21 - [TEST_STEP][PASSED] - if (i == 3 &amp;&amp; wildList.indexOf(symbol) != -1): null

2019-08-10 23:44:21 - [TEST_STEP][PASSED] - if (i == 4 &amp;&amp; wildList.indexOf(symbol) != -1): null

2019-08-10 23:44:21 - [TEST_STEP][PASSED] - symbol = symbol: null

2019-08-10 23:44:21 - [TEST_STEP][PASSED] - println(symbol): null

2019-08-10 23:44:21 - [TEST_STEP][PASSED] - if (i == 2 &amp;&amp; wildList.indexOf(symbol) != -1): null

2019-08-10 23:44:21 - [TEST_STEP][PASSED] - if (i == 3 &amp;&amp; wildList.indexOf(symbol) != -1): null

2019-08-10 23:44:21 - [TEST_STEP][PASSED] - if (i == 4 &amp;&amp; wildList.indexOf(symbol) != -1): null

2019-08-10 23:44:21 - [TEST_STEP][PASSED] - symbol = symbol: null

2019-08-10 23:44:21 - [TEST_STEP][PASSED] - println(symbol): null

2019-08-10 23:44:21 - [TEST_STEP][PASSED] - if (i == 2 &amp;&amp; wildList.indexOf(symbol) != -1): null

2019-08-10 23:44:21 - [TEST_STEP][PASSED] - if (i == 3 &amp;&amp; wildList.indexOf(symbol) != -1): null

2019-08-10 23:44:21 - [TEST_STEP][PASSED] - if (i == 4 &amp;&amp; wildList.indexOf(symbol) != -1): null

2019-08-10 23:44:21 - [TEST_STEP][PASSED] - symbols = symbols: null

2019-08-10 23:44:21 - [TEST_STEP][PASSED] - for ([j = 0, j &lt; symbols.size(), (j++)]): null

2019-08-10 23:44:21 - [TEST_STEP][PASSED] - symbol = symbol: null

2019-08-10 23:44:21 - [TEST_STEP][PASSED] - println(symbol): null

2019-08-10 23:44:21 - [TEST_STEP][PASSED] - if (i == 2 &amp;&amp; wildList.indexOf(symbol) != -1): null

2019-08-10 23:44:21 - [TEST_STEP][PASSED] - if (i == 3 &amp;&amp; wildList.indexOf(symbol) != -1): null

2019-08-10 23:44:21 - [TEST_STEP][PASSED] - if (i == 4 &amp;&amp; wildList.indexOf(symbol) != -1): null

2019-08-10 23:44:21 - [TEST_STEP][PASSED] - symbol = symbol: null

2019-08-10 23:44:21 - [TEST_STEP][PASSED] - println(symbol): null

2019-08-10 23:44:21 - [TEST_STEP][PASSED] - if (i == 2 &amp;&amp; wildList.indexOf(symbol) != -1): null

2019-08-10 23:44:21 - [TEST_STEP][PASSED] - if (i == 3 &amp;&amp; wildList.indexOf(symbol) != -1): null

2019-08-10 23:44:21 - [TEST_STEP][PASSED] - if (i == 4 &amp;&amp; wildList.indexOf(symbol) != -1): null

2019-08-10 23:44:21 - [TEST_STEP][PASSED] - println("wild found on reel 5, adding counter by 1"): null

2019-08-10 23:44:21 - [TEST_STEP][PASSED] - free_spin_reel_counter[2] = free_spin_reel_counter[2] + 1: null

2019-08-10 23:44:21 - [TEST_STEP][PASSED] - symbol = symbol: null

2019-08-10 23:44:21 - [TEST_STEP][PASSED] - println(symbol): null

2019-08-10 23:44:21 - [TEST_STEP][PASSED] - if (i == 2 &amp;&amp; wildList.indexOf(symbol) != -1): null

2019-08-10 23:44:21 - [TEST_STEP][PASSED] - if (i == 3 &amp;&amp; wildList.indexOf(symbol) != -1): null

2019-08-10 23:44:21 - [TEST_STEP][PASSED] - if (i == 4 &amp;&amp; wildList.indexOf(symbol) != -1): null

2019-08-10 23:44:21 - [TEST_STEP][PASSED] - free_spin_reel_counter = free_spin_reel_counter: null

2019-08-10 23:44:21 - [TEST_STEP][PASSED] - println("reel 3 wild found: " + free_spin_reel_counter[0]): null

2019-08-10 23:44:21 - [TEST_STEP][PASSED] - println("reel 4 wild found: " + free_spin_reel_counter[1]): null

2019-08-10 23:44:21 - [TEST_STEP][PASSED] - println("reel 5 wild found: " + free_spin_reel_counter[2]): null

2019-08-10 23:44:21 - [TEST_STEP][PASSED] - M4_spin_reels = M4_spin_reels: null

2019-08-10 23:44:21 - [TEST_STEP][PASSED] - M4_spin_reels_symbols = symbol: null

2019-08-10 23:44:21 - [TEST_STEP][PASSED] - M4_spin_reels_symbols = M4_spin_reels_symbols: null

2019-08-10 23:44:21 - [TEST_STEP][PASSED] - M4_spin_reel_wins = reel_wins: null

2019-08-10 23:44:21 - [TEST_STEP][PASSED] - M4_spin_reel_wins = M4_spin_reel_wins: null

2019-08-10 23:44:21 - [TEST_STEP][PASSED] - println("GlobalVariable.M4_spin_reel_wins is: " + M4_spin_reel_wins): null

2019-08-10 23:44:21 - [TEST_STEP][PASSED] - M4_spin_total_bonus_win_this_round = total_bonus_win_this_round: null

2019-08-10 23:44:21 - [TEST_STEP][PASSED] - M4_spin_total_bonus_win_this_round = M4_spin_total_bonus_win_this_round: null

2019-08-10 23:44:21 - [TEST_STEP][PASSED] - println("GlobalVariable.M4_spin_total_bonus_win_this_round is: " + M4_spin_total_bonus_win_this_round): null

2019-08-10 23:44:21 - [MESSAGE][PASSED] - Verify response successfully

2019-08-10 23:44:21 - [MESSAGE][PASSED] - Send request and verify the response successfully

2019-08-10 23:44:21 - [TEST_STEP][PASSED] - if (M4_total_bonus_spins_int != 0 &amp;&amp; M4_spin_reels_symbols[2].contains("WILD_ExtraFG") || M4_spin_reels_symbols[3].contains("WILD_ExtraFG")): null

2019-08-10 23:44:21 - [TEST_STEP][PASSED] - free_spin_reel_counter = free_spin_reel_counter: null

2019-08-10 23:44:21 - [TEST_STEP][PASSED] - M4_spin_reels_symbols = M4_spin_reels_symbols: null

2019-08-10 23:44:21 - [TEST_STEP][PASSED] - M4_total_bonus_spins = M4_total_bonus_spins: null

2019-08-10 23:44:21 - [TEST_STEP][PASSED] - spin_result = sendRequestAndVerify(findTestObject("RGS(M4)/1_M4_spin", ["M4_login_user_id":M4_login_user_id, "rgs_session_token":rgs_session_token, "partner":Partner])): Send request and verify the response successfully

2019-08-10 23:44:22 - [TEST_CASE][PASSED] - Start Test Case : Verification: Verification accomplished successfully

2019-08-10 23:44:22 - [TEST_STEP][PASSED] - request = getInstance().getCurrentRequest(): null

2019-08-10 23:44:22 - [TEST_STEP][PASSED] - response = getInstance().getCurrentResponse(): null

2019-08-10 23:44:22 - [TEST_STEP][PASSED] - verifyResponseStatusCode(response, 200): Verify response status code successfully

2019-08-10 23:44:22 - [MESSAGE][PASSED] - Verify response status code successfully

2019-08-10 23:44:22 - [TEST_STEP][PASSED] - getStatusCode()).isEqualTo(200): null

2019-08-10 23:44:22 - [TEST_STEP][PASSED] - newline = System.getProperty("line.separator"): null

2019-08-10 23:44:22 - [TEST_STEP][PASSED] - M4_spin = new groovy.json.JsonSlurper(): null

2019-08-10 23:44:22 - [TEST_STEP][PASSED] - result_M4_spin = M4_spin.parseText(response.getResponseBodyContent()): null

2019-08-10 23:44:22 - [TEST_STEP][PASSED] - M4_spin_current_balance = current_balance: null

2019-08-10 23:44:22 - [TEST_STEP][PASSED] - M4_spin_current_balance = M4_spin_current_balance: null

2019-08-10 23:44:22 - [TEST_STEP][PASSED] - M4_spin_transaction_id = causality: null

2019-08-10 23:44:22 - [TEST_STEP][PASSED] - M4_spin_transaction_id = M4_spin_transaction_id: null

2019-08-10 23:44:22 - [TEST_STEP][PASSED] - M4_spin_round_id = round_id: null

2019-08-10 23:44:22 - [TEST_STEP][PASSED] - M4_spin_round_id = M4_spin_round_id: null

2019-08-10 23:44:22 - [TEST_STEP][PASSED] - M4_spin_line_wins = line_wins: null

2019-08-10 23:44:22 - [TEST_STEP][PASSED] - M4_spin_line_wins = M4_spin_line_wins: null

2019-08-10 23:44:22 - [TEST_STEP][PASSED] - M4_total_bonus_spins_int = total_bonus_spins: null

2019-08-10 23:44:22 - [TEST_STEP][PASSED] - println("******M4_total_bonus_spins type is:*******" + newline + getClass().getName()): null

2019-08-10 23:44:22 - [TEST_STEP][PASSED] - M4_total_bonus_spins_int = M4_total_bonus_spins_int: null

2019-08-10 23:44:22 - [TEST_STEP][PASSED] - M4_total_bonus_spins = Integer.toString(M4_total_bonus_spins_int): null

2019-08-10 23:44:22 - [TEST_STEP][PASSED] - M4_total_bonus_spins = M4_total_bonus_spins: null

2019-08-10 23:44:22 - [TEST_STEP][PASSED] - println("M4_total_bonus_spins is:" + M4_total_bonus_spins): null

2019-08-10 23:44:22 - [TEST_STEP][PASSED] - M4_spin_bonus_data = bonus_data: null

2019-08-10 23:44:22 - [TEST_STEP][PASSED] - M4_spin_features_triggered = result_M4_spin: null

2019-08-10 23:44:22 - [TEST_STEP][PASSED] - wild = []: null

2019-08-10 23:44:22 - [TEST_STEP][PASSED] - wild[0] = "WILD_Expanding": null

2019-08-10 23:44:22 - [TEST_STEP][PASSED] - wild[1] = "WILD_Normal": null

2019-08-10 23:44:22 - [TEST_STEP][PASSED] - wild[2] = "WILD_Double": null

2019-08-10 23:44:22 - [TEST_STEP][PASSED] - wild[3] = "WILD_ExtraFG": null

2019-08-10 23:44:22 - [TEST_STEP][PASSED] - wild[4] = "WILD_Triple": null

2019-08-10 23:44:22 - [TEST_STEP][PASSED] - wildList = Arrays.asList(wild): null

2019-08-10 23:44:22 - [TEST_STEP][PASSED] - wildList = wildList: null

2019-08-10 23:44:22 - [TEST_STEP][PASSED] - free_spin_reel_counter = []: null

2019-08-10 23:44:22 - [TEST_STEP][PASSED] - free_spin_reel_counter[0] = 0: null

2019-08-10 23:44:22 - [TEST_STEP][PASSED] - free_spin_reel_counter[1] = 0: null

2019-08-10 23:44:22 - [TEST_STEP][PASSED] - free_spin_reel_counter[2] = 0: null

2019-08-10 23:44:22 - [TEST_STEP][PASSED] - M4_spin_reels = reels: null

2019-08-10 23:44:22 - [TEST_STEP][PASSED] - for ([i = 0, i &lt; M4_spin_reels.size(), (i++)]): null

2019-08-10 23:44:22 - [TEST_STEP][PASSED] - symbols = symbols: null

2019-08-10 23:44:22 - [TEST_STEP][PASSED] - for ([j = 0, j &lt; symbols.size(), (j++)]): null

2019-08-10 23:44:22 - [TEST_STEP][PASSED] - symbol = symbol: null

2019-08-10 23:44:22 - [TEST_STEP][PASSED] - println(symbol): null

2019-08-10 23:44:22 - [TEST_STEP][PASSED] - if (i == 2 &amp;&amp; wildList.indexOf(symbol) != -1): null

2019-08-10 23:44:22 - [TEST_STEP][PASSED] - if (i == 3 &amp;&amp; wildList.indexOf(symbol) != -1): null

2019-08-10 23:44:22 - [TEST_STEP][PASSED] - if (i == 4 &amp;&amp; wildList.indexOf(symbol) != -1): null

2019-08-10 23:44:22 - [TEST_STEP][PASSED] - symbol = symbol: null

2019-08-10 23:44:22 - [TEST_STEP][PASSED] - println(symbol): null

2019-08-10 23:44:22 - [TEST_STEP][PASSED] - if (i == 2 &amp;&amp; wildList.indexOf(symbol) != -1): null

2019-08-10 23:44:22 - [TEST_STEP][PASSED] - if (i == 3 &amp;&amp; wildList.indexOf(symbol) != -1): null

2019-08-10 23:44:22 - [TEST_STEP][PASSED] - if (i == 4 &amp;&amp; wildList.indexOf(symbol) != -1): null

2019-08-10 23:44:22 - [TEST_STEP][PASSED] - symbol = symbol: null

2019-08-10 23:44:22 - [TEST_STEP][PASSED] - println(symbol): null

2019-08-10 23:44:22 - [TEST_STEP][PASSED] - if (i == 2 &amp;&amp; wildList.indexOf(symbol) != -1): null

2019-08-10 23:44:22 - [TEST_STEP][PASSED] - if (i == 3 &amp;&amp; wildList.indexOf(symbol) != -1): null

2019-08-10 23:44:22 - [TEST_STEP][PASSED] - if (i == 4 &amp;&amp; wildList.indexOf(symbol) != -1): null

2019-08-10 23:44:22 - [TEST_STEP][PASSED] - symbols = symbols: null

2019-08-10 23:44:22 - [TEST_STEP][PASSED] - for ([j = 0, j &lt; symbols.size(), (j++)]): null

2019-08-10 23:44:22 - [TEST_STEP][PASSED] - symbol = symbol: null

2019-08-10 23:44:22 - [TEST_STEP][PASSED] - println(symbol): null

2019-08-10 23:44:22 - [TEST_STEP][PASSED] - if (i == 2 &amp;&amp; wildList.indexOf(symbol) != -1): null

2019-08-10 23:44:22 - [TEST_STEP][PASSED] - if (i == 3 &amp;&amp; wildList.indexOf(symbol) != -1): null

2019-08-10 23:44:22 - [TEST_STEP][PASSED] - if (i == 4 &amp;&amp; wildList.indexOf(symbol) != -1): null

2019-08-10 23:44:25 - [TEST_STEP][PASSED] - symbol = symbol: null

2019-08-10 23:44:25 - [TEST_STEP][PASSED] - println(symbol): null

2019-08-10 23:44:25 - [TEST_STEP][PASSED] - if (i == 2 &amp;&amp; wildList.indexOf(symbol) != -1): null

2019-08-10 23:44:25 - [TEST_STEP][PASSED] - if (i == 3 &amp;&amp; wildList.indexOf(symbol) != -1): null

2019-08-10 23:44:25 - [TEST_STEP][PASSED] - if (i == 4 &amp;&amp; wildList.indexOf(symbol) != -1): null

2019-08-10 23:44:25 - [TEST_STEP][PASSED] - symbol = symbol: null

2019-08-10 23:44:25 - [TEST_STEP][PASSED] - println(symbol): null

2019-08-10 23:44:25 - [TEST_STEP][PASSED] - if (i == 2 &amp;&amp; wildList.indexOf(symbol) != -1): null

2019-08-10 23:44:25 - [TEST_STEP][PASSED] - if (i == 3 &amp;&amp; wildList.indexOf(symbol) != -1): null

2019-08-10 23:44:25 - [TEST_STEP][PASSED] - if (i == 4 &amp;&amp; wildList.indexOf(symbol) != -1): null

2019-08-10 23:44:25 - [TEST_STEP][PASSED] - symbols = symbols: null

2019-08-10 23:44:25 - [TEST_STEP][PASSED] - for ([j = 0, j &lt; symbols.size(), (j++)]): null

2019-08-10 23:44:25 - [TEST_STEP][PASSED] - symbol = symbol: null

2019-08-10 23:44:25 - [TEST_STEP][PASSED] - println(symbol): null

2019-08-10 23:44:25 - [TEST_STEP][PASSED] - if (i == 2 &amp;&amp; wildList.indexOf(symbol) != -1): null

2019-08-10 23:44:25 - [TEST_STEP][PASSED] - if (i == 3 &amp;&amp; wildList.indexOf(symbol) != -1): null

2019-08-10 23:44:25 - [TEST_STEP][PASSED] - if (i == 4 &amp;&amp; wildList.indexOf(symbol) != -1): null

2019-08-10 23:44:25 - [TEST_STEP][PASSED] - symbol = symbol: null

2019-08-10 23:44:25 - [TEST_STEP][PASSED] - println(symbol): null

2019-08-10 23:44:25 - [TEST_STEP][PASSED] - if (i == 2 &amp;&amp; wildList.indexOf(symbol) != -1): null

2019-08-10 23:44:25 - [TEST_STEP][PASSED] - if (i == 3 &amp;&amp; wildList.indexOf(symbol) != -1): null

2019-08-10 23:44:25 - [TEST_STEP][PASSED] - if (i == 4 &amp;&amp; wildList.indexOf(symbol) != -1): null

2019-08-10 23:44:25 - [TEST_STEP][PASSED] - symbol = symbol: null

2019-08-10 23:44:25 - [TEST_STEP][PASSED] - println(symbol): null

2019-08-10 23:44:25 - [TEST_STEP][PASSED] - if (i == 2 &amp;&amp; wildList.indexOf(symbol) != -1): null

2019-08-10 23:44:25 - [TEST_STEP][PASSED] - if (i == 3 &amp;&amp; wildList.indexOf(symbol) != -1): null

2019-08-10 23:44:25 - [TEST_STEP][PASSED] - if (i == 4 &amp;&amp; wildList.indexOf(symbol) != -1): null

2019-08-10 23:44:25 - [TEST_STEP][PASSED] - symbols = symbols: null

2019-08-10 23:44:25 - [TEST_STEP][PASSED] - for ([j = 0, j &lt; symbols.size(), (j++)]): null

2019-08-10 23:44:25 - [TEST_STEP][PASSED] - symbol = symbol: null

2019-08-10 23:44:25 - [TEST_STEP][PASSED] - println(symbol): null

2019-08-10 23:44:25 - [TEST_STEP][PASSED] - if (i == 2 &amp;&amp; wildList.indexOf(symbol) != -1): null

2019-08-10 23:44:25 - [TEST_STEP][PASSED] - if (i == 3 &amp;&amp; wildList.indexOf(symbol) != -1): null

2019-08-10 23:44:25 - [TEST_STEP][PASSED] - if (i == 4 &amp;&amp; wildList.indexOf(symbol) != -1): null

2019-08-10 23:44:25 - [TEST_STEP][PASSED] - symbol = symbol: null

2019-08-10 23:44:25 - [TEST_STEP][PASSED] - println(symbol): null

2019-08-10 23:44:25 - [TEST_STEP][PASSED] - if (i == 2 &amp;&amp; wildList.indexOf(symbol) != -1): null

2019-08-10 23:44:25 - [TEST_STEP][PASSED] - if (i == 3 &amp;&amp; wildList.indexOf(symbol) != -1): null

2019-08-10 23:44:25 - [TEST_STEP][PASSED] - println("wild found on reel 4, adding counter by 1"): null

2019-08-10 23:44:25 - [TEST_STEP][PASSED] - free_spin_reel_counter[1] = free_spin_reel_counter[1] + 1: null

2019-08-10 23:44:25 - [TEST_STEP][PASSED] - if (i == 4 &amp;&amp; wildList.indexOf(symbol) != -1): null

2019-08-10 23:44:25 - [TEST_STEP][PASSED] - symbol = symbol: null

2019-08-10 23:44:25 - [TEST_STEP][PASSED] - println(symbol): null

2019-08-10 23:44:25 - [TEST_STEP][PASSED] - if (i == 2 &amp;&amp; wildList.indexOf(symbol) != -1): null

2019-08-10 23:44:25 - [TEST_STEP][PASSED] - if (i == 3 &amp;&amp; wildList.indexOf(symbol) != -1): null

2019-08-10 23:44:25 - [TEST_STEP][PASSED] - if (i == 4 &amp;&amp; wildList.indexOf(symbol) != -1): null

2019-08-10 23:44:25 - [TEST_STEP][PASSED] - symbols = symbols: null

2019-08-10 23:44:25 - [TEST_STEP][PASSED] - for ([j = 0, j &lt; symbols.size(), (j++)]): null

2019-08-10 23:44:25 - [TEST_STEP][PASSED] - symbol = symbol: null

2019-08-10 23:44:25 - [TEST_STEP][PASSED] - println(symbol): null

2019-08-10 23:44:25 - [TEST_STEP][PASSED] - if (i == 2 &amp;&amp; wildList.indexOf(symbol) != -1): null

2019-08-10 23:44:25 - [TEST_STEP][PASSED] - if (i == 3 &amp;&amp; wildList.indexOf(symbol) != -1): null

2019-08-10 23:44:25 - [TEST_STEP][PASSED] - if (i == 4 &amp;&amp; wildList.indexOf(symbol) != -1): null

2019-08-10 23:44:25 - [TEST_STEP][PASSED] - symbol = symbol: null

2019-08-10 23:44:25 - [TEST_STEP][PASSED] - println(symbol): null

2019-08-10 23:44:25 - [TEST_STEP][PASSED] - if (i == 2 &amp;&amp; wildList.indexOf(symbol) != -1): null

2019-08-10 23:44:25 - [TEST_STEP][PASSED] - if (i == 3 &amp;&amp; wildList.indexOf(symbol) != -1): null

2019-08-10 23:44:25 - [TEST_STEP][PASSED] - if (i == 4 &amp;&amp; wildList.indexOf(symbol) != -1): null

2019-08-10 23:44:25 - [TEST_STEP][PASSED] - symbol = symbol: null

2019-08-10 23:44:25 - [TEST_STEP][PASSED] - println(symbol): null

2019-08-10 23:44:25 - [TEST_STEP][PASSED] - if (i == 2 &amp;&amp; wildList.indexOf(symbol) != -1): null

2019-08-10 23:44:25 - [TEST_STEP][PASSED] - if (i == 3 &amp;&amp; wildList.indexOf(symbol) != -1): null

2019-08-10 23:44:25 - [TEST_STEP][PASSED] - if (i == 4 &amp;&amp; wildList.indexOf(symbol) != -1): null

2019-08-10 23:44:25 - [TEST_STEP][PASSED] - free_spin_reel_counter = free_spin_reel_counter: null

2019-08-10 23:44:25 - [TEST_STEP][PASSED] - println("reel 3 wild found: " + free_spin_reel_counter[0]): null

2019-08-10 23:44:25 - [TEST_STEP][PASSED] - println("reel 4 wild found: " + free_spin_reel_counter[1]): null

2019-08-10 23:44:25 - [TEST_STEP][PASSED] - println("reel 5 wild found: " + free_spin_reel_counter[2]): null

2019-08-10 23:44:25 - [TEST_STEP][PASSED] - M4_spin_reels = M4_spin_reels: null

2019-08-10 23:44:25 - [TEST_STEP][PASSED] - M4_spin_reels_symbols = symbol: null

2019-08-10 23:44:25 - [TEST_STEP][PASSED] - M4_spin_reels_symbols = M4_spin_reels_symbols: null

2019-08-10 23:44:25 - [TEST_STEP][PASSED] - M4_spin_reel_wins = reel_wins: null

2019-08-10 23:44:25 - [TEST_STEP][PASSED] - M4_spin_reel_wins = M4_spin_reel_wins: null

2019-08-10 23:44:25 - [TEST_STEP][PASSED] - println("GlobalVariable.M4_spin_reel_wins is: " + M4_spin_reel_wins): null

2019-08-10 23:44:25 - [TEST_STEP][PASSED] - M4_spin_total_bonus_win_this_round = total_bonus_win_this_round: null

2019-08-10 23:44:25 - [TEST_STEP][PASSED] - M4_spin_total_bonus_win_this_round = M4_spin_total_bonus_win_this_round: null

2019-08-10 23:44:25 - [TEST_STEP][PASSED] - println("GlobalVariable.M4_spin_total_bonus_win_this_round is: " + M4_spin_total_bonus_win_this_round): null

2019-08-10 23:44:25 - [MESSAGE][PASSED] - Verify response successfully

2019-08-10 23:44:25 - [MESSAGE][PASSED] - Send request and verify the response successfully

2019-08-10 23:44:25 - [TEST_STEP][PASSED] - if (M4_total_bonus_spins_int != 0 &amp;&amp; M4_spin_reels_symbols[2].contains("WILD_ExtraFG") || M4_spin_reels_symbols[3].contains("WILD_ExtraFG")): null

2019-08-10 23:44:25 - [TEST_STEP][PASSED] - free_spin_reel_counter = free_spin_reel_counter: null

2019-08-10 23:44:25 - [TEST_STEP][PASSED] - M4_spin_reels_symbols = M4_spin_reels_symbols: null

2019-08-10 23:44:25 - [TEST_STEP][PASSED] - M4_total_bonus_spins = M4_total_bonus_spins: null

2019-08-10 23:44:25 - [TEST_STEP][PASSED] - spin_result = sendRequestAndVerify(findTestObject("RGS(M4)/1_M4_spin", ["M4_login_user_id":M4_login_user_id, "rgs_session_token":rgs_session_token, "partner":Partner])): Send request and verify the response successfully

2019-08-10 23:44:25 - [TEST_CASE][PASSED] - Start Test Case : Verification: Verification accomplished successfully

2019-08-10 23:44:25 - [TEST_STEP][PASSED] - request = getInstance().getCurrentRequest(): null

2019-08-10 23:44:25 - [TEST_STEP][PASSED] - response = getInstance().getCurrentResponse(): null

2019-08-10 23:44:25 - [TEST_STEP][PASSED] - verifyResponseStatusCode(response, 200): Verify response status code successfully

2019-08-10 23:44:25 - [MESSAGE][PASSED] - Verify response status code successfully

2019-08-10 23:44:25 - [TEST_STEP][PASSED] - getStatusCode()).isEqualTo(200): null

2019-08-10 23:44:25 - [TEST_STEP][PASSED] - newline = System.getProperty("line.separator"): null

2019-08-10 23:44:25 - [TEST_STEP][PASSED] - M4_spin = new groovy.json.JsonSlurper(): null

2019-08-10 23:44:25 - [TEST_STEP][PASSED] - result_M4_spin = M4_spin.parseText(response.getResponseBodyContent()): null

2019-08-10 23:44:25 - [TEST_STEP][PASSED] - M4_spin_current_balance = current_balance: null

2019-08-10 23:44:25 - [TEST_STEP][PASSED] - M4_spin_current_balance = M4_spin_current_balance: null

2019-08-10 23:44:25 - [TEST_STEP][PASSED] - M4_spin_transaction_id = causality: null

2019-08-10 23:44:25 - [TEST_STEP][PASSED] - M4_spin_transaction_id = M4_spin_transaction_id: null

2019-08-10 23:44:25 - [TEST_STEP][PASSED] - M4_spin_round_id = round_id: null

2019-08-10 23:44:25 - [TEST_STEP][PASSED] - M4_spin_round_id = M4_spin_round_id: null

2019-08-10 23:44:25 - [TEST_STEP][PASSED] - M4_spin_line_wins = line_wins: null

2019-08-10 23:44:25 - [TEST_STEP][PASSED] - M4_spin_line_wins = M4_spin_line_wins: null

2019-08-10 23:44:25 - [TEST_STEP][PASSED] - M4_total_bonus_spins_int = total_bonus_spins: null

2019-08-10 23:44:25 - [TEST_STEP][PASSED] - println("******M4_total_bonus_spins type is:*******" + newline + getClass().getName()): null

2019-08-10 23:44:25 - [TEST_STEP][PASSED] - M4_total_bonus_spins_int = M4_total_bonus_spins_int: null

2019-08-10 23:44:25 - [TEST_STEP][PASSED] - M4_total_bonus_spins = Integer.toString(M4_total_bonus_spins_int): null

2019-08-10 23:44:25 - [TEST_STEP][PASSED] - M4_total_bonus_spins = M4_total_bonus_spins: null

2019-08-10 23:44:25 - [TEST_STEP][PASSED] - println("M4_total_bonus_spins is:" + M4_total_bonus_spins): null

2019-08-10 23:44:25 - [TEST_STEP][PASSED] - M4_spin_bonus_data = bonus_data: null

2019-08-10 23:44:25 - [TEST_STEP][PASSED] - M4_spin_features_triggered = result_M4_spin: null

2019-08-10 23:44:25 - [TEST_STEP][PASSED] - wild = []: null

2019-08-10 23:44:25 - [TEST_STEP][PASSED] - wild[0] = "WILD_Expanding": null

2019-08-10 23:44:25 - [TEST_STEP][PASSED] - wild[1] = "WILD_Normal": null

2019-08-10 23:44:25 - [TEST_STEP][PASSED] - wild[2] = "WILD_Double": null

2019-08-10 23:44:25 - [TEST_STEP][PASSED] - wild[3] = "WILD_ExtraFG": null

2019-08-10 23:44:25 - [TEST_STEP][PASSED] - wild[4] = "WILD_Triple": null

2019-08-10 23:44:25 - [TEST_STEP][PASSED] - wildList = Arrays.asList(wild): null

2019-08-10 23:44:25 - [TEST_STEP][PASSED] - wildList = wildList: null

2019-08-10 23:44:25 - [TEST_STEP][PASSED] - free_spin_reel_counter = []: null

2019-08-10 23:44:25 - [TEST_STEP][PASSED] - free_spin_reel_counter[0] = 0: null

2019-08-10 23:44:25 - [TEST_STEP][PASSED] - free_spin_reel_counter[1] = 0: null

2019-08-10 23:44:25 - [TEST_STEP][PASSED] - free_spin_reel_counter[2] = 0: null

2019-08-10 23:44:25 - [TEST_STEP][PASSED] - M4_spin_reels = reels: null

2019-08-10 23:44:25 - [TEST_STEP][PASSED] - for ([i = 0, i &lt; M4_spin_reels.size(), (i++)]): null

2019-08-10 23:44:25 - [TEST_STEP][PASSED] - symbols = symbols: null

2019-08-10 23:44:25 - [TEST_STEP][PASSED] - for ([j = 0, j &lt; symbols.size(), (j++)]): null

2019-08-10 23:44:25 - [TEST_STEP][PASSED] - symbol = symbol: null

2019-08-10 23:44:25 - [TEST_STEP][PASSED] - println(symbol): null

2019-08-10 23:44:25 - [TEST_STEP][PASSED] - if (i == 2 &amp;&amp; wildList.indexOf(symbol) != -1): null

2019-08-10 23:44:25 - [TEST_STEP][PASSED] - if (i == 3 &amp;&amp; wildList.indexOf(symbol) != -1): null

2019-08-10 23:44:25 - [TEST_STEP][PASSED] - if (i == 4 &amp;&amp; wildList.indexOf(symbol) != -1): null

2019-08-10 23:44:25 - [TEST_STEP][PASSED] - symbol = symbol: null

2019-08-10 23:44:25 - [TEST_STEP][PASSED] - println(symbol): null

2019-08-10 23:44:25 - [TEST_STEP][PASSED] - if (i == 2 &amp;&amp; wildList.indexOf(symbol) != -1): null

2019-08-10 23:44:25 - [TEST_STEP][PASSED] - if (i == 3 &amp;&amp; wildList.indexOf(symbol) != -1): null

2019-08-10 23:44:25 - [TEST_STEP][PASSED] - if (i == 4 &amp;&amp; wildList.indexOf(symbol) != -1): null

2019-08-10 23:44:25 - [TEST_STEP][PASSED] - symbol = symbol: null

2019-08-10 23:44:25 - [TEST_STEP][PASSED] - println(symbol): null

2019-08-10 23:44:25 - [TEST_STEP][PASSED] - if (i == 2 &amp;&amp; wildList.indexOf(symbol) != -1): null

2019-08-10 23:44:25 - [TEST_STEP][PASSED] - if (i == 3 &amp;&amp; wildList.indexOf(symbol) != -1): null

2019-08-10 23:44:25 - [TEST_STEP][PASSED] - if (i == 4 &amp;&amp; wildList.indexOf(symbol) != -1): null

2019-08-10 23:44:25 - [TEST_STEP][PASSED] - symbols = symbols: null

2019-08-10 23:44:25 - [TEST_STEP][PASSED] - for ([j = 0, j &lt; symbols.size(), (j++)]): null

2019-08-10 23:44:25 - [TEST_STEP][PASSED] - symbol = symbol: null

2019-08-10 23:44:25 - [TEST_STEP][PASSED] - println(symbol): null

2019-08-10 23:44:25 - [TEST_STEP][PASSED] - if (i == 2 &amp;&amp; wildList.indexOf(symbol) != -1): null

2019-08-10 23:44:25 - [TEST_STEP][PASSED] - if (i == 3 &amp;&amp; wildList.indexOf(symbol) != -1): null

2019-08-10 23:44:25 - [TEST_STEP][PASSED] - if (i == 4 &amp;&amp; wildList.indexOf(symbol) != -1): null

2019-08-10 23:44:25 - [TEST_STEP][PASSED] - symbol = symbol: null

2019-08-10 23:44:25 - [TEST_STEP][PASSED] - println(symbol): null

2019-08-10 23:44:25 - [TEST_STEP][PASSED] - if (i == 2 &amp;&amp; wildList.indexOf(symbol) != -1): null

2019-08-10 23:44:25 - [TEST_STEP][PASSED] - if (i == 3 &amp;&amp; wildList.indexOf(symbol) != -1): null

2019-08-10 23:44:25 - [TEST_STEP][PASSED] - if (i == 4 &amp;&amp; wildList.indexOf(symbol) != -1): null

2019-08-10 23:44:25 - [TEST_STEP][PASSED] - symbol = symbol: null

2019-08-10 23:44:25 - [TEST_STEP][PASSED] - println(symbol): null

2019-08-10 23:44:25 - [TEST_STEP][PASSED] - if (i == 2 &amp;&amp; wildList.indexOf(symbol) != -1): null

2019-08-10 23:44:25 - [TEST_STEP][PASSED] - if (i == 3 &amp;&amp; wildList.indexOf(symbol) != -1): null

2019-08-10 23:44:25 - [TEST_STEP][PASSED] - if (i == 4 &amp;&amp; wildList.indexOf(symbol) != -1): null

2019-08-10 23:44:25 - [TEST_STEP][PASSED] - symbols = symbols: null

2019-08-10 23:44:25 - [TEST_STEP][PASSED] - for ([j = 0, j &lt; symbols.size(), (j++)]): null

2019-08-10 23:44:25 - [TEST_STEP][PASSED] - symbol = symbol: null

2019-08-10 23:44:25 - [TEST_STEP][PASSED] - println(symbol): null

2019-08-10 23:44:25 - [TEST_STEP][PASSED] - if (i == 2 &amp;&amp; wildList.indexOf(symbol) != -1): null

2019-08-10 23:44:25 - [TEST_STEP][PASSED] - println("wild found on reel 3, adding counter by 1"): null

2019-08-10 23:44:25 - [TEST_STEP][PASSED] - free_spin_reel_counter[0] = free_spin_reel_counter[0] + 1: null

2019-08-10 23:44:25 - [TEST_STEP][PASSED] - if (i == 3 &amp;&amp; wildList.indexOf(symbol) != -1): null

2019-08-10 23:44:25 - [TEST_STEP][PASSED] - if (i == 4 &amp;&amp; wildList.indexOf(symbol) != -1): null

2019-08-10 23:44:25 - [TEST_STEP][PASSED] - symbol = symbol: null

2019-08-10 23:44:25 - [TEST_STEP][PASSED] - println(symbol): null

2019-08-10 23:44:25 - [TEST_STEP][PASSED] - if (i == 2 &amp;&amp; wildList.indexOf(symbol) != -1): null

2019-08-10 23:44:25 - [TEST_STEP][PASSED] - if (i == 3 &amp;&amp; wildList.indexOf(symbol) != -1): null

2019-08-10 23:44:25 - [TEST_STEP][PASSED] - if (i == 4 &amp;&amp; wildList.indexOf(symbol) != -1): null

2019-08-10 23:44:25 - [TEST_STEP][PASSED] - symbol = symbol: null

2019-08-10 23:44:25 - [TEST_STEP][PASSED] - println(symbol): null

2019-08-10 23:44:25 - [TEST_STEP][PASSED] - if (i == 2 &amp;&amp; wildList.indexOf(symbol) != -1): null

2019-08-10 23:44:25 - [TEST_STEP][PASSED] - if (i == 3 &amp;&amp; wildList.indexOf(symbol) != -1): null

2019-08-10 23:44:25 - [TEST_STEP][PASSED] - if (i == 4 &amp;&amp; wildList.indexOf(symbol) != -1): null

2019-08-10 23:44:25 - [TEST_STEP][PASSED] - symbols = symbols: null

2019-08-10 23:44:25 - [TEST_STEP][PASSED] - for ([j = 0, j &lt; symbols.size(), (j++)]): null

2019-08-10 23:44:25 - [TEST_STEP][PASSED] - symbol = symbol: null

2019-08-10 23:44:25 - [TEST_STEP][PASSED] - println(symbol): null

2019-08-10 23:44:25 - [TEST_STEP][PASSED] - if (i == 2 &amp;&amp; wildList.indexOf(symbol) != -1): null

2019-08-10 23:44:25 - [TEST_STEP][PASSED] - if (i == 3 &amp;&amp; wildList.indexOf(symbol) != -1): null

2019-08-10 23:44:25 - [TEST_STEP][PASSED] - if (i == 4 &amp;&amp; wildList.indexOf(symbol) != -1): null

2019-08-10 23:44:25 - [TEST_STEP][PASSED] - symbol = symbol: null

2019-08-10 23:44:25 - [TEST_STEP][PASSED] - println(symbol): null

2019-08-10 23:44:25 - [TEST_STEP][PASSED] - if (i == 2 &amp;&amp; wildList.indexOf(symbol) != -1): null

2019-08-10 23:44:25 - [TEST_STEP][PASSED] - if (i == 3 &amp;&amp; wildList.indexOf(symbol) != -1): null

2019-08-10 23:44:25 - [TEST_STEP][PASSED] - if (i == 4 &amp;&amp; wildList.indexOf(symbol) != -1): null

2019-08-10 23:44:25 - [TEST_STEP][PASSED] - symbol = symbol: null

2019-08-10 23:44:25 - [TEST_STEP][PASSED] - println(symbol): null

2019-08-10 23:44:25 - [TEST_STEP][PASSED] - if (i == 2 &amp;&amp; wildList.indexOf(symbol) != -1): null

2019-08-10 23:44:25 - [TEST_STEP][PASSED] - if (i == 3 &amp;&amp; wildList.indexOf(symbol) != -1): null

2019-08-10 23:44:25 - [TEST_STEP][PASSED] - if (i == 4 &amp;&amp; wildList.indexOf(symbol) != -1): null

2019-08-10 23:44:25 - [TEST_STEP][PASSED] - symbols = symbols: null

2019-08-10 23:44:25 - [TEST_STEP][PASSED] - for ([j = 0, j &lt; symbols.size(), (j++)]): null

2019-08-10 23:44:25 - [TEST_STEP][PASSED] - symbol = symbol: null

2019-08-10 23:44:25 - [TEST_STEP][PASSED] - println(symbol): null

2019-08-10 23:44:25 - [TEST_STEP][PASSED] - if (i == 2 &amp;&amp; wildList.indexOf(symbol) != -1): null

2019-08-10 23:44:25 - [TEST_STEP][PASSED] - if (i == 3 &amp;&amp; wildList.indexOf(symbol) != -1): null

2019-08-10 23:44:25 - [TEST_STEP][PASSED] - if (i == 4 &amp;&amp; wildList.indexOf(symbol) != -1): null

2019-08-10 23:44:25 - [TEST_STEP][PASSED] - symbol = symbol: null

2019-08-10 23:44:25 - [TEST_STEP][PASSED] - println(symbol): null

2019-08-10 23:44:25 - [TEST_STEP][PASSED] - if (i == 2 &amp;&amp; wildList.indexOf(symbol) != -1): null

2019-08-10 23:44:25 - [TEST_STEP][PASSED] - if (i == 3 &amp;&amp; wildList.indexOf(symbol) != -1): null

2019-08-10 23:44:25 - [TEST_STEP][PASSED] - if (i == 4 &amp;&amp; wildList.indexOf(symbol) != -1): null

2019-08-10 23:44:25 - [TEST_STEP][PASSED] - symbol = symbol: null

2019-08-10 23:44:25 - [TEST_STEP][PASSED] - println(symbol): null

2019-08-10 23:44:25 - [TEST_STEP][PASSED] - if (i == 2 &amp;&amp; wildList.indexOf(symbol) != -1): null

2019-08-10 23:44:25 - [TEST_STEP][PASSED] - if (i == 3 &amp;&amp; wildList.indexOf(symbol) != -1): null

2019-08-10 23:44:25 - [TEST_STEP][PASSED] - if (i == 4 &amp;&amp; wildList.indexOf(symbol) != -1): null

2019-08-10 23:44:25 - [TEST_STEP][PASSED] - free_spin_reel_counter = free_spin_reel_counter: null

2019-08-10 23:44:25 - [TEST_STEP][PASSED] - println("reel 3 wild found: " + free_spin_reel_counter[0]): null

2019-08-10 23:44:25 - [TEST_STEP][PASSED] - println("reel 4 wild found: " + free_spin_reel_counter[1]): null

2019-08-10 23:44:25 - [TEST_STEP][PASSED] - println("reel 5 wild found: " + free_spin_reel_counter[2]): null

2019-08-10 23:44:25 - [TEST_STEP][PASSED] - M4_spin_reels = M4_spin_reels: null

2019-08-10 23:44:25 - [TEST_STEP][PASSED] - M4_spin_reels_symbols = symbol: null

2019-08-10 23:44:25 - [TEST_STEP][PASSED] - M4_spin_reels_symbols = M4_spin_reels_symbols: null

2019-08-10 23:44:25 - [TEST_STEP][PASSED] - M4_spin_reel_wins = reel_wins: null

2019-08-10 23:44:25 - [TEST_STEP][PASSED] - M4_spin_reel_wins = M4_spin_reel_wins: null

2019-08-10 23:44:25 - [TEST_STEP][PASSED] - println("GlobalVariable.M4_spin_reel_wins is: " + M4_spin_reel_wins): null

2019-08-10 23:44:25 - [TEST_STEP][PASSED] - M4_spin_total_bonus_win_this_round = total_bonus_win_this_round: null

2019-08-10 23:44:25 - [TEST_STEP][PASSED] - M4_spin_total_bonus_win_this_round = M4_spin_total_bonus_win_this_round: null

2019-08-10 23:44:25 - [TEST_STEP][PASSED] - println("GlobalVariable.M4_spin_total_bonus_win_this_round is: " + M4_spin_total_bonus_win_this_round): null

2019-08-10 23:44:25 - [MESSAGE][PASSED] - Verify response successfully

2019-08-10 23:44:25 - [MESSAGE][PASSED] - Send request and verify the response successfully

2019-08-10 23:44:25 - [TEST_STEP][PASSED] - if (M4_total_bonus_spins_int != 0 &amp;&amp; M4_spin_reels_symbols[2].contains("WILD_ExtraFG") || M4_spin_reels_symbols[3].contains("WILD_ExtraFG")): null

2019-08-10 23:44:25 - [TEST_STEP][PASSED] - free_spin_reel_counter = free_spin_reel_counter: null

2019-08-10 23:44:25 - [TEST_STEP][PASSED] - M4_spin_reels_symbols = M4_spin_reels_symbols: null

2019-08-10 23:44:25 - [TEST_STEP][PASSED] - M4_total_bonus_spins = M4_total_bonus_spins: null

2019-08-10 23:44:25 - [TEST_STEP][PASSED] - spin_result = sendRequestAndVerify(findTestObject("RGS(M4)/1_M4_spin", ["M4_login_user_id":M4_login_user_id, "rgs_session_token":rgs_session_token, "partner":Partner])): Send request and verify the response successfully

2019-08-10 23:44:26 - [TEST_CASE][PASSED] - Start Test Case : Verification: Verification accomplished successfully

2019-08-10 23:44:26 - [TEST_STEP][PASSED] - request = getInstance().getCurrentRequest(): null

2019-08-10 23:44:26 - [TEST_STEP][PASSED] - response = getInstance().getCurrentResponse(): null

2019-08-10 23:44:26 - [TEST_STEP][PASSED] - verifyResponseStatusCode(response, 200): Verify response status code successfully

2019-08-10 23:44:26 - [MESSAGE][PASSED] - Verify response status code successfully

2019-08-10 23:44:26 - [TEST_STEP][PASSED] - getStatusCode()).isEqualTo(200): null

2019-08-10 23:44:26 - [TEST_STEP][PASSED] - newline = System.getProperty("line.separator"): null

2019-08-10 23:44:26 - [TEST_STEP][PASSED] - M4_spin = new groovy.json.JsonSlurper(): null

2019-08-10 23:44:26 - [TEST_STEP][PASSED] - result_M4_spin = M4_spin.parseText(response.getResponseBodyContent()): null

2019-08-10 23:44:26 - [TEST_STEP][PASSED] - M4_spin_current_balance = current_balance: null

2019-08-10 23:44:26 - [TEST_STEP][PASSED] - M4_spin_current_balance = M4_spin_current_balance: null

2019-08-10 23:44:26 - [TEST_STEP][PASSED] - M4_spin_transaction_id = causality: null

2019-08-10 23:44:26 - [TEST_STEP][PASSED] - M4_spin_transaction_id = M4_spin_transaction_id: null

2019-08-10 23:44:26 - [TEST_STEP][PASSED] - M4_spin_round_id = round_id: null

2019-08-10 23:44:26 - [TEST_STEP][PASSED] - M4_spin_round_id = M4_spin_round_id: null

2019-08-10 23:44:26 - [TEST_STEP][PASSED] - M4_spin_line_wins = line_wins: null

2019-08-10 23:44:26 - [TEST_STEP][PASSED] - M4_spin_line_wins = M4_spin_line_wins: null

2019-08-10 23:44:26 - [TEST_STEP][PASSED] - M4_total_bonus_spins_int = total_bonus_spins: null

2019-08-10 23:44:26 - [TEST_STEP][PASSED] - println("******M4_total_bonus_spins type is:*******" + newline + getClass().getName()): null

2019-08-10 23:44:26 - [TEST_STEP][PASSED] - M4_total_bonus_spins_int = M4_total_bonus_spins_int: null

2019-08-10 23:44:26 - [TEST_STEP][PASSED] - M4_total_bonus_spins = Integer.toString(M4_total_bonus_spins_int): null

2019-08-10 23:44:26 - [TEST_STEP][PASSED] - M4_total_bonus_spins = M4_total_bonus_spins: null

2019-08-10 23:44:26 - [TEST_STEP][PASSED] - println("M4_total_bonus_spins is:" + M4_total_bonus_spins): null

2019-08-10 23:44:26 - [TEST_STEP][PASSED] - M4_spin_bonus_data = bonus_data: null

2019-08-10 23:44:26 - [TEST_STEP][PASSED] - M4_spin_features_triggered = result_M4_spin: null

2019-08-10 23:44:26 - [TEST_STEP][PASSED] - wild = []: null

2019-08-10 23:44:26 - [TEST_STEP][PASSED] - wild[0] = "WILD_Expanding": null

2019-08-10 23:44:26 - [TEST_STEP][PASSED] - wild[1] = "WILD_Normal": null

2019-08-10 23:44:26 - [TEST_STEP][PASSED] - wild[2] = "WILD_Double": null

2019-08-10 23:44:26 - [TEST_STEP][PASSED] - wild[3] = "WILD_ExtraFG": null

2019-08-10 23:44:26 - [TEST_STEP][PASSED] - wild[4] = "WILD_Triple": null

2019-08-10 23:44:26 - [TEST_STEP][PASSED] - wildList = Arrays.asList(wild): null

2019-08-10 23:44:26 - [TEST_STEP][PASSED] - wildList = wildList: null

2019-08-10 23:44:26 - [TEST_STEP][PASSED] - free_spin_reel_counter = []: null

2019-08-10 23:44:26 - [TEST_STEP][PASSED] - free_spin_reel_counter[0] = 0: null

2019-08-10 23:44:26 - [TEST_STEP][PASSED] - free_spin_reel_counter[1] = 0: null

2019-08-10 23:44:26 - [TEST_STEP][PASSED] - free_spin_reel_counter[2] = 0: null

2019-08-10 23:44:26 - [TEST_STEP][PASSED] - M4_spin_reels = reels: null

2019-08-10 23:44:26 - [TEST_STEP][PASSED] - for ([i = 0, i &lt; M4_spin_reels.size(), (i++)]): null

2019-08-10 23:44:26 - [TEST_STEP][PASSED] - symbols = symbols: null

2019-08-10 23:44:26 - [TEST_STEP][PASSED] - for ([j = 0, j &lt; symbols.size(), (j++)]): null

2019-08-10 23:44:26 - [TEST_STEP][PASSED] - symbol = symbol: null

2019-08-10 23:44:26 - [TEST_STEP][PASSED] - println(symbol): null

2019-08-10 23:44:26 - [TEST_STEP][PASSED] - if (i == 2 &amp;&amp; wildList.indexOf(symbol) != -1): null

2019-08-10 23:44:26 - [TEST_STEP][PASSED] - if (i == 3 &amp;&amp; wildList.indexOf(symbol) != -1): null

2019-08-10 23:44:26 - [TEST_STEP][PASSED] - if (i == 4 &amp;&amp; wildList.indexOf(symbol) != -1): null

2019-08-10 23:44:26 - [TEST_STEP][PASSED] - symbol = symbol: null

2019-08-10 23:44:26 - [TEST_STEP][PASSED] - println(symbol): null

2019-08-10 23:44:26 - [TEST_STEP][PASSED] - if (i == 2 &amp;&amp; wildList.indexOf(symbol) != -1): null

2019-08-10 23:44:26 - [TEST_STEP][PASSED] - if (i == 3 &amp;&amp; wildList.indexOf(symbol) != -1): null

2019-08-10 23:44:26 - [TEST_STEP][PASSED] - if (i == 4 &amp;&amp; wildList.indexOf(symbol) != -1): null

2019-08-10 23:44:26 - [TEST_STEP][PASSED] - symbol = symbol: null

2019-08-10 23:44:26 - [TEST_STEP][PASSED] - println(symbol): null

2019-08-10 23:44:26 - [TEST_STEP][PASSED] - if (i == 2 &amp;&amp; wildList.indexOf(symbol) != -1): null

2019-08-10 23:44:26 - [TEST_STEP][PASSED] - if (i == 3 &amp;&amp; wildList.indexOf(symbol) != -1): null

2019-08-10 23:44:26 - [TEST_STEP][PASSED] - if (i == 4 &amp;&amp; wildList.indexOf(symbol) != -1): null

2019-08-10 23:44:26 - [TEST_STEP][PASSED] - symbols = symbols: null

2019-08-10 23:44:26 - [TEST_STEP][PASSED] - for ([j = 0, j &lt; symbols.size(), (j++)]): null

2019-08-10 23:44:26 - [TEST_STEP][PASSED] - symbol = symbol: null

2019-08-10 23:44:26 - [TEST_STEP][PASSED] - println(symbol): null

2019-08-10 23:44:26 - [TEST_STEP][PASSED] - if (i == 2 &amp;&amp; wildList.indexOf(symbol) != -1): null

2019-08-10 23:44:26 - [TEST_STEP][PASSED] - if (i == 3 &amp;&amp; wildList.indexOf(symbol) != -1): null

2019-08-10 23:44:26 - [TEST_STEP][PASSED] - if (i == 4 &amp;&amp; wildList.indexOf(symbol) != -1): null

2019-08-10 23:44:26 - [TEST_STEP][PASSED] - symbol = symbol: null

2019-08-10 23:44:26 - [TEST_STEP][PASSED] - println(symbol): null

2019-08-10 23:44:26 - [TEST_STEP][PASSED] - if (i == 2 &amp;&amp; wildList.indexOf(symbol) != -1): null

2019-08-10 23:44:26 - [TEST_STEP][PASSED] - if (i == 3 &amp;&amp; wildList.indexOf(symbol) != -1): null

2019-08-10 23:44:26 - [TEST_STEP][PASSED] - if (i == 4 &amp;&amp; wildList.indexOf(symbol) != -1): null

2019-08-10 23:44:26 - [TEST_STEP][PASSED] - symbol = symbol: null

2019-08-10 23:44:26 - [TEST_STEP][PASSED] - println(symbol): null

2019-08-10 23:44:26 - [TEST_STEP][PASSED] - if (i == 2 &amp;&amp; wildList.indexOf(symbol) != -1): null

2019-08-10 23:44:26 - [TEST_STEP][PASSED] - if (i == 3 &amp;&amp; wildList.indexOf(symbol) != -1): null

2019-08-10 23:44:26 - [TEST_STEP][PASSED] - if (i == 4 &amp;&amp; wildList.indexOf(symbol) != -1): null

2019-08-10 23:44:26 - [TEST_STEP][PASSED] - symbols = symbols: null

2019-08-10 23:44:26 - [TEST_STEP][PASSED] - for ([j = 0, j &lt; symbols.size(), (j++)]): null

2019-08-10 23:44:26 - [TEST_STEP][PASSED] - symbol = symbol: null

2019-08-10 23:44:26 - [TEST_STEP][PASSED] - println(symbol): null

2019-08-10 23:44:26 - [TEST_STEP][PASSED] - if (i == 2 &amp;&amp; wildList.indexOf(symbol) != -1): null

2019-08-10 23:44:26 - [TEST_STEP][PASSED] - if (i == 3 &amp;&amp; wildList.indexOf(symbol) != -1): null

2019-08-10 23:44:26 - [TEST_STEP][PASSED] - if (i == 4 &amp;&amp; wildList.indexOf(symbol) != -1): null

2019-08-10 23:44:26 - [TEST_STEP][PASSED] - symbol = symbol: null

2019-08-10 23:44:26 - [TEST_STEP][PASSED] - println(symbol): null

2019-08-10 23:44:26 - [TEST_STEP][PASSED] - if (i == 2 &amp;&amp; wildList.indexOf(symbol) != -1): null

2019-08-10 23:44:26 - [TEST_STEP][PASSED] - if (i == 3 &amp;&amp; wildList.indexOf(symbol) != -1): null

2019-08-10 23:44:26 - [TEST_STEP][PASSED] - if (i == 4 &amp;&amp; wildList.indexOf(symbol) != -1): null

2019-08-10 23:44:26 - [TEST_STEP][PASSED] - symbol = symbol: null

2019-08-10 23:44:26 - [TEST_STEP][PASSED] - println(symbol): null

2019-08-10 23:44:26 - [TEST_STEP][PASSED] - if (i == 2 &amp;&amp; wildList.indexOf(symbol) != -1): null

2019-08-10 23:44:26 - [TEST_STEP][PASSED] - if (i == 3 &amp;&amp; wildList.indexOf(symbol) != -1): null

2019-08-10 23:44:26 - [TEST_STEP][PASSED] - if (i == 4 &amp;&amp; wildList.indexOf(symbol) != -1): null

2019-08-10 23:44:26 - [TEST_STEP][PASSED] - symbols = symbols: null

2019-08-10 23:44:26 - [TEST_STEP][PASSED] - for ([j = 0, j &lt; symbols.size(), (j++)]): null

2019-08-10 23:44:26 - [TEST_STEP][PASSED] - symbol = symbol: null

2019-08-10 23:44:26 - [TEST_STEP][PASSED] - println(symbol): null

2019-08-10 23:44:26 - [TEST_STEP][PASSED] - if (i == 2 &amp;&amp; wildList.indexOf(symbol) != -1): null

2019-08-10 23:44:29 - [TEST_STEP][PASSED] - if (i == 3 &amp;&amp; wildList.indexOf(symbol) != -1): null

2019-08-10 23:44:29 - [TEST_STEP][PASSED] - if (i == 4 &amp;&amp; wildList.indexOf(symbol) != -1): null

2019-08-10 23:44:29 - [TEST_STEP][PASSED] - symbol = symbol: null

2019-08-10 23:44:29 - [TEST_STEP][PASSED] - println(symbol): null

2019-08-10 23:44:29 - [TEST_STEP][PASSED] - if (i == 2 &amp;&amp; wildList.indexOf(symbol) != -1): null

2019-08-10 23:44:29 - [TEST_STEP][PASSED] - if (i == 3 &amp;&amp; wildList.indexOf(symbol) != -1): null

2019-08-10 23:44:29 - [TEST_STEP][PASSED] - if (i == 4 &amp;&amp; wildList.indexOf(symbol) != -1): null

2019-08-10 23:44:29 - [TEST_STEP][PASSED] - symbol = symbol: null

2019-08-10 23:44:29 - [TEST_STEP][PASSED] - println(symbol): null

2019-08-10 23:44:29 - [TEST_STEP][PASSED] - if (i == 2 &amp;&amp; wildList.indexOf(symbol) != -1): null

2019-08-10 23:44:29 - [TEST_STEP][PASSED] - if (i == 3 &amp;&amp; wildList.indexOf(symbol) != -1): null

2019-08-10 23:44:29 - [TEST_STEP][PASSED] - if (i == 4 &amp;&amp; wildList.indexOf(symbol) != -1): null

2019-08-10 23:44:29 - [TEST_STEP][PASSED] - symbols = symbols: null

2019-08-10 23:44:29 - [TEST_STEP][PASSED] - for ([j = 0, j &lt; symbols.size(), (j++)]): null

2019-08-10 23:44:29 - [TEST_STEP][PASSED] - symbol = symbol: null

2019-08-10 23:44:29 - [TEST_STEP][PASSED] - println(symbol): null

2019-08-10 23:44:29 - [TEST_STEP][PASSED] - if (i == 2 &amp;&amp; wildList.indexOf(symbol) != -1): null

2019-08-10 23:44:29 - [TEST_STEP][PASSED] - if (i == 3 &amp;&amp; wildList.indexOf(symbol) != -1): null

2019-08-10 23:44:29 - [TEST_STEP][PASSED] - if (i == 4 &amp;&amp; wildList.indexOf(symbol) != -1): null

2019-08-10 23:44:29 - [TEST_STEP][PASSED] - symbol = symbol: null

2019-08-10 23:44:29 - [TEST_STEP][PASSED] - println(symbol): null

2019-08-10 23:44:29 - [TEST_STEP][PASSED] - if (i == 2 &amp;&amp; wildList.indexOf(symbol) != -1): null

2019-08-10 23:44:29 - [TEST_STEP][PASSED] - if (i == 3 &amp;&amp; wildList.indexOf(symbol) != -1): null

2019-08-10 23:44:29 - [TEST_STEP][PASSED] - if (i == 4 &amp;&amp; wildList.indexOf(symbol) != -1): null

2019-08-10 23:44:29 - [TEST_STEP][PASSED] - symbol = symbol: null

2019-08-10 23:44:29 - [TEST_STEP][PASSED] - println(symbol): null

2019-08-10 23:44:29 - [TEST_STEP][PASSED] - if (i == 2 &amp;&amp; wildList.indexOf(symbol) != -1): null

2019-08-10 23:44:29 - [TEST_STEP][PASSED] - if (i == 3 &amp;&amp; wildList.indexOf(symbol) != -1): null

2019-08-10 23:44:29 - [TEST_STEP][PASSED] - if (i == 4 &amp;&amp; wildList.indexOf(symbol) != -1): null

2019-08-10 23:44:29 - [TEST_STEP][PASSED] - free_spin_reel_counter = free_spin_reel_counter: null

2019-08-10 23:44:29 - [TEST_STEP][PASSED] - println("reel 3 wild found: " + free_spin_reel_counter[0]): null

2019-08-10 23:44:29 - [TEST_STEP][PASSED] - println("reel 4 wild found: " + free_spin_reel_counter[1]): null

2019-08-10 23:44:29 - [TEST_STEP][PASSED] - println("reel 5 wild found: " + free_spin_reel_counter[2]): null

2019-08-10 23:44:29 - [TEST_STEP][PASSED] - M4_spin_reels = M4_spin_reels: null

2019-08-10 23:44:29 - [TEST_STEP][PASSED] - M4_spin_reels_symbols = symbol: null

2019-08-10 23:44:29 - [TEST_STEP][PASSED] - M4_spin_reels_symbols = M4_spin_reels_symbols: null

2019-08-10 23:44:29 - [TEST_STEP][PASSED] - M4_spin_reel_wins = reel_wins: null

2019-08-10 23:44:29 - [TEST_STEP][PASSED] - M4_spin_reel_wins = M4_spin_reel_wins: null

2019-08-10 23:44:29 - [TEST_STEP][PASSED] - println("GlobalVariable.M4_spin_reel_wins is: " + M4_spin_reel_wins): null

2019-08-10 23:44:29 - [TEST_STEP][PASSED] - M4_spin_total_bonus_win_this_round = total_bonus_win_this_round: null

2019-08-10 23:44:29 - [TEST_STEP][PASSED] - M4_spin_total_bonus_win_this_round = M4_spin_total_bonus_win_this_round: null

2019-08-10 23:44:29 - [TEST_STEP][PASSED] - println("GlobalVariable.M4_spin_total_bonus_win_this_round is: " + M4_spin_total_bonus_win_this_round): null

2019-08-10 23:44:29 - [MESSAGE][PASSED] - Verify response successfully

2019-08-10 23:44:29 - [MESSAGE][PASSED] - Send request and verify the response successfully

2019-08-10 23:44:29 - [TEST_STEP][PASSED] - if (M4_total_bonus_spins_int != 0 &amp;&amp; M4_spin_reels_symbols[2].contains("WILD_ExtraFG") || M4_spin_reels_symbols[3].contains("WILD_ExtraFG")): null

2019-08-10 23:44:29 - [TEST_STEP][PASSED] - free_spin_reel_counter = free_spin_reel_counter: null

2019-08-10 23:44:29 - [TEST_STEP][PASSED] - M4_spin_reels_symbols = M4_spin_reels_symbols: null

2019-08-10 23:44:29 - [TEST_STEP][PASSED] - M4_total_bonus_spins = M4_total_bonus_spins: null

2019-08-10 23:44:29 - [TEST_STEP][PASSED] - spin_result = sendRequestAndVerify(findTestObject("RGS(M4)/1_M4_spin", ["M4_login_user_id":M4_login_user_id, "rgs_session_token":rgs_session_token, "partner":Partner])): Send request and verify the response successfully

2019-08-10 23:44:29 - [TEST_CASE][PASSED] - Start Test Case : Verification: Verification accomplished successfully

2019-08-10 23:44:29 - [TEST_STEP][PASSED] - request = getInstance().getCurrentRequest(): null

2019-08-10 23:44:29 - [TEST_STEP][PASSED] - response = getInstance().getCurrentResponse(): null

2019-08-10 23:44:29 - [TEST_STEP][PASSED] - verifyResponseStatusCode(response, 200): Verify response status code successfully

2019-08-10 23:44:29 - [MESSAGE][PASSED] - Verify response status code successfully

2019-08-10 23:44:29 - [TEST_STEP][PASSED] - getStatusCode()).isEqualTo(200): null

2019-08-10 23:44:29 - [TEST_STEP][PASSED] - newline = System.getProperty("line.separator"): null

2019-08-10 23:44:29 - [TEST_STEP][PASSED] - M4_spin = new groovy.json.JsonSlurper(): null

2019-08-10 23:44:29 - [TEST_STEP][PASSED] - result_M4_spin = M4_spin.parseText(response.getResponseBodyContent()): null

2019-08-10 23:44:29 - [TEST_STEP][PASSED] - M4_spin_current_balance = current_balance: null

2019-08-10 23:44:29 - [TEST_STEP][PASSED] - M4_spin_current_balance = M4_spin_current_balance: null

2019-08-10 23:44:29 - [TEST_STEP][PASSED] - M4_spin_transaction_id = causality: null

2019-08-10 23:44:29 - [TEST_STEP][PASSED] - M4_spin_transaction_id = M4_spin_transaction_id: null

2019-08-10 23:44:29 - [TEST_STEP][PASSED] - M4_spin_round_id = round_id: null

2019-08-10 23:44:29 - [TEST_STEP][PASSED] - M4_spin_round_id = M4_spin_round_id: null

2019-08-10 23:44:29 - [TEST_STEP][PASSED] - M4_spin_line_wins = line_wins: null

2019-08-10 23:44:29 - [TEST_STEP][PASSED] - M4_spin_line_wins = M4_spin_line_wins: null

2019-08-10 23:44:29 - [TEST_STEP][PASSED] - M4_total_bonus_spins_int = total_bonus_spins: null

2019-08-10 23:44:29 - [TEST_STEP][PASSED] - println("******M4_total_bonus_spins type is:*******" + newline + getClass().getName()): null

2019-08-10 23:44:29 - [TEST_STEP][PASSED] - M4_total_bonus_spins_int = M4_total_bonus_spins_int: null

2019-08-10 23:44:29 - [TEST_STEP][PASSED] - M4_total_bonus_spins = Integer.toString(M4_total_bonus_spins_int): null

2019-08-10 23:44:29 - [TEST_STEP][PASSED] - M4_total_bonus_spins = M4_total_bonus_spins: null

2019-08-10 23:44:29 - [TEST_STEP][PASSED] - println("M4_total_bonus_spins is:" + M4_total_bonus_spins): null

2019-08-10 23:44:29 - [TEST_STEP][PASSED] - M4_spin_bonus_data = bonus_data: null

2019-08-10 23:44:29 - [TEST_STEP][PASSED] - M4_spin_features_triggered = result_M4_spin: null

2019-08-10 23:44:29 - [TEST_STEP][PASSED] - wild = []: null

2019-08-10 23:44:29 - [TEST_STEP][PASSED] - wild[0] = "WILD_Expanding": null

2019-08-10 23:44:29 - [TEST_STEP][PASSED] - wild[1] = "WILD_Normal": null

2019-08-10 23:44:29 - [TEST_STEP][PASSED] - wild[2] = "WILD_Double": null

2019-08-10 23:44:29 - [TEST_STEP][PASSED] - wild[3] = "WILD_ExtraFG": null

2019-08-10 23:44:29 - [TEST_STEP][PASSED] - wild[4] = "WILD_Triple": null

2019-08-10 23:44:29 - [TEST_STEP][PASSED] - wildList = Arrays.asList(wild): null

2019-08-10 23:44:29 - [TEST_STEP][PASSED] - wildList = wildList: null

2019-08-10 23:44:29 - [TEST_STEP][PASSED] - free_spin_reel_counter = []: null

2019-08-10 23:44:29 - [TEST_STEP][PASSED] - free_spin_reel_counter[0] = 0: null

2019-08-10 23:44:29 - [TEST_STEP][PASSED] - free_spin_reel_counter[1] = 0: null

2019-08-10 23:44:29 - [TEST_STEP][PASSED] - free_spin_reel_counter[2] = 0: null

2019-08-10 23:44:29 - [TEST_STEP][PASSED] - M4_spin_reels = reels: null

2019-08-10 23:44:29 - [TEST_STEP][PASSED] - for ([i = 0, i &lt; M4_spin_reels.size(), (i++)]): null

2019-08-10 23:44:29 - [TEST_STEP][PASSED] - symbols = symbols: null

2019-08-10 23:44:29 - [TEST_STEP][PASSED] - for ([j = 0, j &lt; symbols.size(), (j++)]): null

2019-08-10 23:44:29 - [TEST_STEP][PASSED] - symbol = symbol: null

2019-08-10 23:44:29 - [TEST_STEP][PASSED] - println(symbol): null

2019-08-10 23:44:29 - [TEST_STEP][PASSED] - if (i == 2 &amp;&amp; wildList.indexOf(symbol) != -1): null

2019-08-10 23:44:29 - [TEST_STEP][PASSED] - if (i == 3 &amp;&amp; wildList.indexOf(symbol) != -1): null

2019-08-10 23:44:29 - [TEST_STEP][PASSED] - if (i == 4 &amp;&amp; wildList.indexOf(symbol) != -1): null

2019-08-10 23:44:29 - [TEST_STEP][PASSED] - symbol = symbol: null

2019-08-10 23:44:29 - [TEST_STEP][PASSED] - println(symbol): null

2019-08-10 23:44:29 - [TEST_STEP][PASSED] - if (i == 2 &amp;&amp; wildList.indexOf(symbol) != -1): null

2019-08-10 23:44:29 - [TEST_STEP][PASSED] - if (i == 3 &amp;&amp; wildList.indexOf(symbol) != -1): null

2019-08-10 23:44:29 - [TEST_STEP][PASSED] - if (i == 4 &amp;&amp; wildList.indexOf(symbol) != -1): null

2019-08-10 23:44:29 - [TEST_STEP][PASSED] - symbol = symbol: null

2019-08-10 23:44:29 - [TEST_STEP][PASSED] - println(symbol): null

2019-08-10 23:44:29 - [TEST_STEP][PASSED] - if (i == 2 &amp;&amp; wildList.indexOf(symbol) != -1): null

2019-08-10 23:44:29 - [TEST_STEP][PASSED] - if (i == 3 &amp;&amp; wildList.indexOf(symbol) != -1): null

2019-08-10 23:44:29 - [TEST_STEP][PASSED] - if (i == 4 &amp;&amp; wildList.indexOf(symbol) != -1): null

2019-08-10 23:44:29 - [TEST_STEP][PASSED] - symbols = symbols: null

2019-08-10 23:44:29 - [TEST_STEP][PASSED] - for ([j = 0, j &lt; symbols.size(), (j++)]): null

2019-08-10 23:44:29 - [TEST_STEP][PASSED] - symbol = symbol: null

2019-08-10 23:44:29 - [TEST_STEP][PASSED] - println(symbol): null

2019-08-10 23:44:29 - [TEST_STEP][PASSED] - if (i == 2 &amp;&amp; wildList.indexOf(symbol) != -1): null

2019-08-10 23:44:29 - [TEST_STEP][PASSED] - if (i == 3 &amp;&amp; wildList.indexOf(symbol) != -1): null

2019-08-10 23:44:29 - [TEST_STEP][PASSED] - if (i == 4 &amp;&amp; wildList.indexOf(symbol) != -1): null

2019-08-10 23:44:29 - [TEST_STEP][PASSED] - symbol = symbol: null

2019-08-10 23:44:29 - [TEST_STEP][PASSED] - println(symbol): null

2019-08-10 23:44:29 - [TEST_STEP][PASSED] - if (i == 2 &amp;&amp; wildList.indexOf(symbol) != -1): null

2019-08-10 23:44:29 - [TEST_STEP][PASSED] - if (i == 3 &amp;&amp; wildList.indexOf(symbol) != -1): null

2019-08-10 23:44:29 - [TEST_STEP][PASSED] - if (i == 4 &amp;&amp; wildList.indexOf(symbol) != -1): null

2019-08-10 23:44:29 - [TEST_STEP][PASSED] - symbol = symbol: null

2019-08-10 23:44:29 - [TEST_STEP][PASSED] - println(symbol): null

2019-08-10 23:44:29 - [TEST_STEP][PASSED] - if (i == 2 &amp;&amp; wildList.indexOf(symbol) != -1): null

2019-08-10 23:44:29 - [TEST_STEP][PASSED] - if (i == 3 &amp;&amp; wildList.indexOf(symbol) != -1): null

2019-08-10 23:44:29 - [TEST_STEP][PASSED] - if (i == 4 &amp;&amp; wildList.indexOf(symbol) != -1): null

2019-08-10 23:44:29 - [TEST_STEP][PASSED] - symbols = symbols: null

2019-08-10 23:44:29 - [TEST_STEP][PASSED] - for ([j = 0, j &lt; symbols.size(), (j++)]): null

2019-08-10 23:44:29 - [TEST_STEP][PASSED] - symbol = symbol: null

2019-08-10 23:44:29 - [TEST_STEP][PASSED] - println(symbol): null

2019-08-10 23:44:29 - [TEST_STEP][PASSED] - if (i == 2 &amp;&amp; wildList.indexOf(symbol) != -1): null

2019-08-10 23:44:29 - [TEST_STEP][PASSED] - println("wild found on reel 3, adding counter by 1"): null

2019-08-10 23:44:29 - [TEST_STEP][PASSED] - free_spin_reel_counter[0] = free_spin_reel_counter[0] + 1: null

2019-08-10 23:44:29 - [TEST_STEP][PASSED] - if (i == 3 &amp;&amp; wildList.indexOf(symbol) != -1): null

2019-08-10 23:44:29 - [TEST_STEP][PASSED] - if (i == 4 &amp;&amp; wildList.indexOf(symbol) != -1): null

2019-08-10 23:44:29 - [TEST_STEP][PASSED] - symbol = symbol: null

2019-08-10 23:44:29 - [TEST_STEP][PASSED] - println(symbol): null

2019-08-10 23:44:29 - [TEST_STEP][PASSED] - if (i == 2 &amp;&amp; wildList.indexOf(symbol) != -1): null

2019-08-10 23:44:29 - [TEST_STEP][PASSED] - if (i == 3 &amp;&amp; wildList.indexOf(symbol) != -1): null

2019-08-10 23:44:29 - [TEST_STEP][PASSED] - if (i == 4 &amp;&amp; wildList.indexOf(symbol) != -1): null

2019-08-10 23:44:29 - [TEST_STEP][PASSED] - symbol = symbol: null

2019-08-10 23:44:29 - [TEST_STEP][PASSED] - println(symbol): null

2019-08-10 23:44:29 - [TEST_STEP][PASSED] - if (i == 2 &amp;&amp; wildList.indexOf(symbol) != -1): null

2019-08-10 23:44:29 - [TEST_STEP][PASSED] - if (i == 3 &amp;&amp; wildList.indexOf(symbol) != -1): null

2019-08-10 23:44:29 - [TEST_STEP][PASSED] - if (i == 4 &amp;&amp; wildList.indexOf(symbol) != -1): null

2019-08-10 23:44:29 - [TEST_STEP][PASSED] - symbols = symbols: null

2019-08-10 23:44:29 - [TEST_STEP][PASSED] - for ([j = 0, j &lt; symbols.size(), (j++)]): null

2019-08-10 23:44:29 - [TEST_STEP][PASSED] - symbol = symbol: null

2019-08-10 23:44:29 - [TEST_STEP][PASSED] - println(symbol): null

2019-08-10 23:44:29 - [TEST_STEP][PASSED] - if (i == 2 &amp;&amp; wildList.indexOf(symbol) != -1): null

2019-08-10 23:44:29 - [TEST_STEP][PASSED] - if (i == 3 &amp;&amp; wildList.indexOf(symbol) != -1): null

2019-08-10 23:44:29 - [TEST_STEP][PASSED] - if (i == 4 &amp;&amp; wildList.indexOf(symbol) != -1): null

2019-08-10 23:44:29 - [TEST_STEP][PASSED] - symbol = symbol: null

2019-08-10 23:44:29 - [TEST_STEP][PASSED] - println(symbol): null

2019-08-10 23:44:29 - [TEST_STEP][PASSED] - if (i == 2 &amp;&amp; wildList.indexOf(symbol) != -1): null

2019-08-10 23:44:29 - [TEST_STEP][PASSED] - if (i == 3 &amp;&amp; wildList.indexOf(symbol) != -1): null

2019-08-10 23:44:29 - [TEST_STEP][PASSED] - if (i == 4 &amp;&amp; wildList.indexOf(symbol) != -1): null

2019-08-10 23:44:29 - [TEST_STEP][PASSED] - symbol = symbol: null

2019-08-10 23:44:29 - [TEST_STEP][PASSED] - println(symbol): null

2019-08-10 23:44:29 - [TEST_STEP][PASSED] - if (i == 2 &amp;&amp; wildList.indexOf(symbol) != -1): null

2019-08-10 23:44:29 - [TEST_STEP][PASSED] - if (i == 3 &amp;&amp; wildList.indexOf(symbol) != -1): null

2019-08-10 23:44:29 - [TEST_STEP][PASSED] - println("wild found on reel 4, adding counter by 1"): null

2019-08-10 23:44:29 - [TEST_STEP][PASSED] - free_spin_reel_counter[1] = free_spin_reel_counter[1] + 1: null

2019-08-10 23:44:29 - [TEST_STEP][PASSED] - if (i == 4 &amp;&amp; wildList.indexOf(symbol) != -1): null

2019-08-10 23:44:29 - [TEST_STEP][PASSED] - symbols = symbols: null

2019-08-10 23:44:29 - [TEST_STEP][PASSED] - for ([j = 0, j &lt; symbols.size(), (j++)]): null

2019-08-10 23:44:29 - [TEST_STEP][PASSED] - symbol = symbol: null

2019-08-10 23:44:29 - [TEST_STEP][PASSED] - println(symbol): null

2019-08-10 23:44:29 - [TEST_STEP][PASSED] - if (i == 2 &amp;&amp; wildList.indexOf(symbol) != -1): null

2019-08-10 23:44:29 - [TEST_STEP][PASSED] - if (i == 3 &amp;&amp; wildList.indexOf(symbol) != -1): null

2019-08-10 23:44:29 - [TEST_STEP][PASSED] - if (i == 4 &amp;&amp; wildList.indexOf(symbol) != -1): null

2019-08-10 23:44:29 - [TEST_STEP][PASSED] - symbol = symbol: null

2019-08-10 23:44:29 - [TEST_STEP][PASSED] - println(symbol): null

2019-08-10 23:44:29 - [TEST_STEP][PASSED] - if (i == 2 &amp;&amp; wildList.indexOf(symbol) != -1): null

2019-08-10 23:44:29 - [TEST_STEP][PASSED] - if (i == 3 &amp;&amp; wildList.indexOf(symbol) != -1): null

2019-08-10 23:44:29 - [TEST_STEP][PASSED] - if (i == 4 &amp;&amp; wildList.indexOf(symbol) != -1): null

2019-08-10 23:44:29 - [TEST_STEP][PASSED] - symbol = symbol: null

2019-08-10 23:44:29 - [TEST_STEP][PASSED] - println(symbol): null

2019-08-10 23:44:29 - [TEST_STEP][PASSED] - if (i == 2 &amp;&amp; wildList.indexOf(symbol) != -1): null

2019-08-10 23:44:29 - [TEST_STEP][PASSED] - if (i == 3 &amp;&amp; wildList.indexOf(symbol) != -1): null

2019-08-10 23:44:29 - [TEST_STEP][PASSED] - if (i == 4 &amp;&amp; wildList.indexOf(symbol) != -1): null

2019-08-10 23:44:29 - [TEST_STEP][PASSED] - free_spin_reel_counter = free_spin_reel_counter: null

2019-08-10 23:44:29 - [TEST_STEP][PASSED] - println("reel 3 wild found: " + free_spin_reel_counter[0]): null

2019-08-10 23:44:29 - [TEST_STEP][PASSED] - println("reel 4 wild found: " + free_spin_reel_counter[1]): null

2019-08-10 23:44:29 - [TEST_STEP][PASSED] - println("reel 5 wild found: " + free_spin_reel_counter[2]): null

2019-08-10 23:44:29 - [TEST_STEP][PASSED] - M4_spin_reels = M4_spin_reels: null

2019-08-10 23:44:29 - [TEST_STEP][PASSED] - M4_spin_reels_symbols = symbol: null

2019-08-10 23:44:29 - [TEST_STEP][PASSED] - M4_spin_reels_symbols = M4_spin_reels_symbols: null

2019-08-10 23:44:29 - [TEST_STEP][PASSED] - M4_spin_reel_wins = reel_wins: null

2019-08-10 23:44:29 - [TEST_STEP][PASSED] - M4_spin_reel_wins = M4_spin_reel_wins: null

2019-08-10 23:44:29 - [TEST_STEP][PASSED] - println("GlobalVariable.M4_spin_reel_wins is: " + M4_spin_reel_wins): null

2019-08-10 23:44:29 - [TEST_STEP][PASSED] - M4_spin_total_bonus_win_this_round = total_bonus_win_this_round: null

2019-08-10 23:44:29 - [TEST_STEP][PASSED] - M4_spin_total_bonus_win_this_round = M4_spin_total_bonus_win_this_round: null

2019-08-10 23:44:29 - [TEST_STEP][PASSED] - println("GlobalVariable.M4_spin_total_bonus_win_this_round is: " + M4_spin_total_bonus_win_this_round): null

2019-08-10 23:44:29 - [MESSAGE][PASSED] - Verify response successfully

2019-08-10 23:44:29 - [MESSAGE][PASSED] - Send request and verify the response successfully

2019-08-10 23:44:29 - [TEST_STEP][PASSED] - if (M4_total_bonus_spins_int != 0 &amp;&amp; M4_spin_reels_symbols[2].contains("WILD_ExtraFG") || M4_spin_reels_symbols[3].contains("WILD_ExtraFG")): null

2019-08-10 23:44:29 - [TEST_STEP][PASSED] - free_spin_reel_counter = free_spin_reel_counter: null

2019-08-10 23:44:29 - [TEST_STEP][PASSED] - M4_spin_reels_symbols = M4_spin_reels_symbols: null

2019-08-10 23:44:29 - [TEST_STEP][PASSED] - M4_total_bonus_spins = M4_total_bonus_spins: null

2019-08-10 23:44:29 - [TEST_STEP][PASSED] - spin_result = sendRequestAndVerify(findTestObject("RGS(M4)/1_M4_spin", ["M4_login_user_id":M4_login_user_id, "rgs_session_token":rgs_session_token, "partner":Partner])): Send request and verify the response successfully

2019-08-10 23:44:30 - [TEST_CASE][PASSED] - Start Test Case : Verification: Verification accomplished successfully

2019-08-10 23:44:30 - [TEST_STEP][PASSED] - request = getInstance().getCurrentRequest(): null

2019-08-10 23:44:30 - [TEST_STEP][PASSED] - response = getInstance().getCurrentResponse(): null

2019-08-10 23:44:30 - [TEST_STEP][PASSED] - verifyResponseStatusCode(response, 200): Verify response status code successfully

2019-08-10 23:44:30 - [MESSAGE][PASSED] - Verify response status code successfully

2019-08-10 23:44:30 - [TEST_STEP][PASSED] - getStatusCode()).isEqualTo(200): null

2019-08-10 23:44:30 - [TEST_STEP][PASSED] - newline = System.getProperty("line.separator"): null

2019-08-10 23:44:30 - [TEST_STEP][PASSED] - M4_spin = new groovy.json.JsonSlurper(): null

2019-08-10 23:44:30 - [TEST_STEP][PASSED] - result_M4_spin = M4_spin.parseText(response.getResponseBodyContent()): null

2019-08-10 23:44:30 - [TEST_STEP][PASSED] - M4_spin_current_balance = current_balance: null

2019-08-10 23:44:30 - [TEST_STEP][PASSED] - M4_spin_current_balance = M4_spin_current_balance: null

2019-08-10 23:44:30 - [TEST_STEP][PASSED] - M4_spin_transaction_id = causality: null

2019-08-10 23:44:30 - [TEST_STEP][PASSED] - M4_spin_transaction_id = M4_spin_transaction_id: null

2019-08-10 23:44:30 - [TEST_STEP][PASSED] - M4_spin_round_id = round_id: null

2019-08-10 23:44:30 - [TEST_STEP][PASSED] - M4_spin_round_id = M4_spin_round_id: null

2019-08-10 23:44:30 - [TEST_STEP][PASSED] - M4_spin_line_wins = line_wins: null

2019-08-10 23:44:30 - [TEST_STEP][PASSED] - M4_spin_line_wins = M4_spin_line_wins: null

2019-08-10 23:44:30 - [TEST_STEP][PASSED] - M4_total_bonus_spins_int = total_bonus_spins: null

2019-08-10 23:44:30 - [TEST_STEP][PASSED] - println("******M4_total_bonus_spins type is:*******" + newline + getClass().getName()): null

2019-08-10 23:44:30 - [TEST_STEP][PASSED] - M4_total_bonus_spins_int = M4_total_bonus_spins_int: null

2019-08-10 23:44:30 - [TEST_STEP][PASSED] - M4_total_bonus_spins = Integer.toString(M4_total_bonus_spins_int): null

2019-08-10 23:44:30 - [TEST_STEP][PASSED] - M4_total_bonus_spins = M4_total_bonus_spins: null

2019-08-10 23:44:30 - [TEST_STEP][PASSED] - println("M4_total_bonus_spins is:" + M4_total_bonus_spins): null

2019-08-10 23:44:30 - [TEST_STEP][PASSED] - M4_spin_bonus_data = bonus_data: null

2019-08-10 23:44:30 - [TEST_STEP][PASSED] - M4_spin_features_triggered = result_M4_spin: null

2019-08-10 23:44:30 - [TEST_STEP][PASSED] - wild = []: null

2019-08-10 23:44:30 - [TEST_STEP][PASSED] - wild[0] = "WILD_Expanding": null

2019-08-10 23:44:30 - [TEST_STEP][PASSED] - wild[1] = "WILD_Normal": null

2019-08-10 23:44:30 - [TEST_STEP][PASSED] - wild[2] = "WILD_Double": null

2019-08-10 23:44:30 - [TEST_STEP][PASSED] - wild[3] = "WILD_ExtraFG": null

2019-08-10 23:44:30 - [TEST_STEP][PASSED] - wild[4] = "WILD_Triple": null

2019-08-10 23:44:30 - [TEST_STEP][PASSED] - wildList = Arrays.asList(wild): null

2019-08-10 23:44:30 - [TEST_STEP][PASSED] - wildList = wildList: null

2019-08-10 23:44:30 - [TEST_STEP][PASSED] - free_spin_reel_counter = []: null

2019-08-10 23:44:30 - [TEST_STEP][PASSED] - free_spin_reel_counter[0] = 0: null

2019-08-10 23:44:30 - [TEST_STEP][PASSED] - free_spin_reel_counter[1] = 0: null

2019-08-10 23:44:30 - [TEST_STEP][PASSED] - free_spin_reel_counter[2] = 0: null

2019-08-10 23:44:30 - [TEST_STEP][PASSED] - M4_spin_reels = reels: null

2019-08-10 23:44:30 - [TEST_STEP][PASSED] - for ([i = 0, i &lt; M4_spin_reels.size(), (i++)]): null

2019-08-10 23:44:30 - [TEST_STEP][PASSED] - symbols = symbols: null

2019-08-10 23:44:30 - [TEST_STEP][PASSED] - for ([j = 0, j &lt; symbols.size(), (j++)]): null

2019-08-10 23:44:30 - [TEST_STEP][PASSED] - symbol = symbol: null

2019-08-10 23:44:30 - [TEST_STEP][PASSED] - println(symbol): null

2019-08-10 23:44:30 - [TEST_STEP][PASSED] - if (i == 2 &amp;&amp; wildList.indexOf(symbol) != -1): null

2019-08-10 23:44:30 - [TEST_STEP][PASSED] - if (i == 3 &amp;&amp; wildList.indexOf(symbol) != -1): null

2019-08-10 23:44:30 - [TEST_STEP][PASSED] - if (i == 4 &amp;&amp; wildList.indexOf(symbol) != -1): null

2019-08-10 23:44:30 - [TEST_STEP][PASSED] - symbol = symbol: null

2019-08-10 23:44:30 - [TEST_STEP][PASSED] - println(symbol): null

2019-08-10 23:44:30 - [TEST_STEP][PASSED] - if (i == 2 &amp;&amp; wildList.indexOf(symbol) != -1): null

2019-08-10 23:44:30 - [TEST_STEP][PASSED] - if (i == 3 &amp;&amp; wildList.indexOf(symbol) != -1): null

2019-08-10 23:44:30 - [TEST_STEP][PASSED] - if (i == 4 &amp;&amp; wildList.indexOf(symbol) != -1): null

2019-08-10 23:44:30 - [TEST_STEP][PASSED] - symbol = symbol: null

2019-08-10 23:44:30 - [TEST_STEP][PASSED] - println(symbol): null

2019-08-10 23:44:30 - [TEST_STEP][PASSED] - if (i == 2 &amp;&amp; wildList.indexOf(symbol) != -1): null

2019-08-10 23:44:30 - [TEST_STEP][PASSED] - if (i == 3 &amp;&amp; wildList.indexOf(symbol) != -1): null

2019-08-10 23:44:30 - [TEST_STEP][PASSED] - if (i == 4 &amp;&amp; wildList.indexOf(symbol) != -1): null

2019-08-10 23:44:30 - [TEST_STEP][PASSED] - symbols = symbols: null

2019-08-10 23:44:30 - [TEST_STEP][PASSED] - for ([j = 0, j &lt; symbols.size(), (j++)]): null

2019-08-10 23:44:30 - [TEST_STEP][PASSED] - symbol = symbol: null

2019-08-10 23:44:30 - [TEST_STEP][PASSED] - println(symbol): null

2019-08-10 23:44:30 - [TEST_STEP][PASSED] - if (i == 2 &amp;&amp; wildList.indexOf(symbol) != -1): null

2019-08-10 23:44:30 - [TEST_STEP][PASSED] - if (i == 3 &amp;&amp; wildList.indexOf(symbol) != -1): null

2019-08-10 23:44:30 - [TEST_STEP][PASSED] - if (i == 4 &amp;&amp; wildList.indexOf(symbol) != -1): null

2019-08-10 23:44:30 - [TEST_STEP][PASSED] - symbol = symbol: null

2019-08-10 23:44:30 - [TEST_STEP][PASSED] - println(symbol): null

2019-08-10 23:44:30 - [TEST_STEP][PASSED] - if (i == 2 &amp;&amp; wildList.indexOf(symbol) != -1): null

2019-08-10 23:44:30 - [TEST_STEP][PASSED] - if (i == 3 &amp;&amp; wildList.indexOf(symbol) != -1): null

2019-08-10 23:44:30 - [TEST_STEP][PASSED] - if (i == 4 &amp;&amp; wildList.indexOf(symbol) != -1): null

2019-08-10 23:44:30 - [TEST_STEP][PASSED] - symbol = symbol: null

2019-08-10 23:44:30 - [TEST_STEP][PASSED] - println(symbol): null

2019-08-10 23:44:30 - [TEST_STEP][PASSED] - if (i == 2 &amp;&amp; wildList.indexOf(symbol) != -1): null

2019-08-10 23:44:30 - [TEST_STEP][PASSED] - if (i == 3 &amp;&amp; wildList.indexOf(symbol) != -1): null

2019-08-10 23:44:30 - [TEST_STEP][PASSED] - if (i == 4 &amp;&amp; wildList.indexOf(symbol) != -1): null

2019-08-10 23:44:30 - [TEST_STEP][PASSED] - symbols = symbols: null

2019-08-10 23:44:30 - [TEST_STEP][PASSED] - for ([j = 0, j &lt; symbols.size(), (j++)]): null

2019-08-10 23:44:30 - [TEST_STEP][PASSED] - symbol = symbol: null

2019-08-10 23:44:30 - [TEST_STEP][PASSED] - println(symbol): null

2019-08-10 23:44:30 - [TEST_STEP][PASSED] - if (i == 2 &amp;&amp; wildList.indexOf(symbol) != -1): null

2019-08-10 23:44:30 - [TEST_STEP][PASSED] - if (i == 3 &amp;&amp; wildList.indexOf(symbol) != -1): null

2019-08-10 23:44:30 - [TEST_STEP][PASSED] - if (i == 4 &amp;&amp; wildList.indexOf(symbol) != -1): null

2019-08-10 23:44:30 - [TEST_STEP][PASSED] - symbol = symbol: null

2019-08-10 23:44:30 - [TEST_STEP][PASSED] - println(symbol): null

2019-08-10 23:44:30 - [TEST_STEP][PASSED] - if (i == 2 &amp;&amp; wildList.indexOf(symbol) != -1): null

2019-08-10 23:44:30 - [TEST_STEP][PASSED] - println("wild found on reel 3, adding counter by 1"): null

2019-08-10 23:44:30 - [TEST_STEP][PASSED] - free_spin_reel_counter[0] = free_spin_reel_counter[0] + 1: null

2019-08-10 23:44:30 - [TEST_STEP][PASSED] - if (i == 3 &amp;&amp; wildList.indexOf(symbol) != -1): null

2019-08-10 23:44:30 - [TEST_STEP][PASSED] - if (i == 4 &amp;&amp; wildList.indexOf(symbol) != -1): null

2019-08-10 23:44:30 - [TEST_STEP][PASSED] - symbol = symbol: null

2019-08-10 23:44:30 - [TEST_STEP][PASSED] - println(symbol): null

2019-08-10 23:44:30 - [TEST_STEP][PASSED] - if (i == 2 &amp;&amp; wildList.indexOf(symbol) != -1): null

2019-08-10 23:44:30 - [TEST_STEP][PASSED] - if (i == 3 &amp;&amp; wildList.indexOf(symbol) != -1): null

2019-08-10 23:44:30 - [TEST_STEP][PASSED] - if (i == 4 &amp;&amp; wildList.indexOf(symbol) != -1): null

2019-08-10 23:44:30 - [TEST_STEP][PASSED] - symbols = symbols: null

2019-08-10 23:44:30 - [TEST_STEP][PASSED] - for ([j = 0, j &lt; symbols.size(), (j++)]): null

2019-08-10 23:44:30 - [TEST_STEP][PASSED] - symbol = symbol: null

2019-08-10 23:44:30 - [TEST_STEP][PASSED] - println(symbol): null

2019-08-10 23:44:30 - [TEST_STEP][PASSED] - if (i == 2 &amp;&amp; wildList.indexOf(symbol) != -1): null

2019-08-10 23:44:30 - [TEST_STEP][PASSED] - if (i == 3 &amp;&amp; wildList.indexOf(symbol) != -1): null

2019-08-10 23:44:30 - [TEST_STEP][PASSED] - if (i == 4 &amp;&amp; wildList.indexOf(symbol) != -1): null

2019-08-10 23:44:30 - [TEST_STEP][PASSED] - symbol = symbol: null

2019-08-10 23:44:30 - [TEST_STEP][PASSED] - println(symbol): null

2019-08-10 23:44:30 - [TEST_STEP][PASSED] - if (i == 2 &amp;&amp; wildList.indexOf(symbol) != -1): null

2019-08-10 23:44:30 - [TEST_STEP][PASSED] - if (i == 3 &amp;&amp; wildList.indexOf(symbol) != -1): null

2019-08-10 23:44:30 - [TEST_STEP][PASSED] - if (i == 4 &amp;&amp; wildList.indexOf(symbol) != -1): null

2019-08-10 23:44:30 - [TEST_STEP][PASSED] - symbol = symbol: null

2019-08-10 23:44:30 - [TEST_STEP][PASSED] - println(symbol): null

2019-08-10 23:44:30 - [TEST_STEP][PASSED] - if (i == 2 &amp;&amp; wildList.indexOf(symbol) != -1): null

2019-08-10 23:44:30 - [TEST_STEP][PASSED] - if (i == 3 &amp;&amp; wildList.indexOf(symbol) != -1): null

2019-08-10 23:44:30 - [TEST_STEP][PASSED] - if (i == 4 &amp;&amp; wildList.indexOf(symbol) != -1): null

2019-08-10 23:44:30 - [TEST_STEP][PASSED] - symbols = symbols: null

2019-08-10 23:44:30 - [TEST_STEP][PASSED] - for ([j = 0, j &lt; symbols.size(), (j++)]): null

2019-08-10 23:44:30 - [TEST_STEP][PASSED] - symbol = symbol: null

2019-08-10 23:44:30 - [TEST_STEP][PASSED] - println(symbol): null

2019-08-10 23:44:30 - [TEST_STEP][PASSED] - if (i == 2 &amp;&amp; wildList.indexOf(symbol) != -1): null

2019-08-10 23:44:30 - [TEST_STEP][PASSED] - if (i == 3 &amp;&amp; wildList.indexOf(symbol) != -1): null

2019-08-10 23:44:30 - [TEST_STEP][PASSED] - if (i == 4 &amp;&amp; wildList.indexOf(symbol) != -1): null

2019-08-10 23:44:30 - [TEST_STEP][PASSED] - symbol = symbol: null

2019-08-10 23:44:30 - [TEST_STEP][PASSED] - println(symbol): null

2019-08-10 23:44:30 - [TEST_STEP][PASSED] - if (i == 2 &amp;&amp; wildList.indexOf(symbol) != -1): null

2019-08-10 23:44:30 - [TEST_STEP][PASSED] - if (i == 3 &amp;&amp; wildList.indexOf(symbol) != -1): null

2019-08-10 23:44:30 - [TEST_STEP][PASSED] - if (i == 4 &amp;&amp; wildList.indexOf(symbol) != -1): null

2019-08-10 23:44:30 - [TEST_STEP][PASSED] - symbol = symbol: null

2019-08-10 23:44:30 - [TEST_STEP][PASSED] - println(symbol): null

2019-08-10 23:44:30 - [TEST_STEP][PASSED] - if (i == 2 &amp;&amp; wildList.indexOf(symbol) != -1): null

2019-08-10 23:44:30 - [TEST_STEP][PASSED] - if (i == 3 &amp;&amp; wildList.indexOf(symbol) != -1): null

2019-08-10 23:44:30 - [TEST_STEP][PASSED] - if (i == 4 &amp;&amp; wildList.indexOf(symbol) != -1): null

2019-08-10 23:44:33 - [TEST_STEP][PASSED] - free_spin_reel_counter = free_spin_reel_counter: null

2019-08-10 23:44:33 - [TEST_STEP][PASSED] - println("reel 3 wild found: " + free_spin_reel_counter[0]): null

2019-08-10 23:44:33 - [TEST_STEP][PASSED] - println("reel 4 wild found: " + free_spin_reel_counter[1]): null

2019-08-10 23:44:33 - [TEST_STEP][PASSED] - println("reel 5 wild found: " + free_spin_reel_counter[2]): null

2019-08-10 23:44:33 - [TEST_STEP][PASSED] - M4_spin_reels = M4_spin_reels: null

2019-08-10 23:44:33 - [TEST_STEP][PASSED] - M4_spin_reels_symbols = symbol: null

2019-08-10 23:44:33 - [TEST_STEP][PASSED] - M4_spin_reels_symbols = M4_spin_reels_symbols: null

2019-08-10 23:44:33 - [TEST_STEP][PASSED] - M4_spin_reel_wins = reel_wins: null

2019-08-10 23:44:33 - [TEST_STEP][PASSED] - M4_spin_reel_wins = M4_spin_reel_wins: null

2019-08-10 23:44:33 - [TEST_STEP][PASSED] - println("GlobalVariable.M4_spin_reel_wins is: " + M4_spin_reel_wins): null

2019-08-10 23:44:33 - [TEST_STEP][PASSED] - M4_spin_total_bonus_win_this_round = total_bonus_win_this_round: null

2019-08-10 23:44:33 - [TEST_STEP][PASSED] - M4_spin_total_bonus_win_this_round = M4_spin_total_bonus_win_this_round: null

2019-08-10 23:44:33 - [TEST_STEP][PASSED] - println("GlobalVariable.M4_spin_total_bonus_win_this_round is: " + M4_spin_total_bonus_win_this_round): null

2019-08-10 23:44:33 - [MESSAGE][PASSED] - Verify response successfully

2019-08-10 23:44:33 - [MESSAGE][PASSED] - Send request and verify the response successfully

2019-08-10 23:44:33 - [TEST_STEP][PASSED] - if (M4_total_bonus_spins_int != 0 &amp;&amp; M4_spin_reels_symbols[2].contains("WILD_ExtraFG") || M4_spin_reels_symbols[3].contains("WILD_ExtraFG")): null

2019-08-10 23:44:33 - [TEST_STEP][PASSED] - free_spin_reel_counter = free_spin_reel_counter: null

2019-08-10 23:44:33 - [TEST_STEP][PASSED] - M4_spin_reels_symbols = M4_spin_reels_symbols: null

2019-08-10 23:44:33 - [TEST_STEP][PASSED] - M4_total_bonus_spins = M4_total_bonus_spins: null

2019-08-10 23:44:33 - [TEST_STEP][PASSED] - spin_result = sendRequestAndVerify(findTestObject("RGS(M4)/1_M4_spin", ["M4_login_user_id":M4_login_user_id, "rgs_session_token":rgs_session_token, "partner":Partner])): Send request and verify the response successfully

2019-08-10 23:44:33 - [TEST_CASE][PASSED] - Start Test Case : Verification: Verification accomplished successfully

2019-08-10 23:44:33 - [TEST_STEP][PASSED] - request = getInstance().getCurrentRequest(): null

2019-08-10 23:44:33 - [TEST_STEP][PASSED] - response = getInstance().getCurrentResponse(): null

2019-08-10 23:44:33 - [TEST_STEP][PASSED] - verifyResponseStatusCode(response, 200): Verify response status code successfully

2019-08-10 23:44:33 - [MESSAGE][PASSED] - Verify response status code successfully

2019-08-10 23:44:33 - [TEST_STEP][PASSED] - getStatusCode()).isEqualTo(200): null

2019-08-10 23:44:33 - [TEST_STEP][PASSED] - newline = System.getProperty("line.separator"): null

2019-08-10 23:44:33 - [TEST_STEP][PASSED] - M4_spin = new groovy.json.JsonSlurper(): null

2019-08-10 23:44:33 - [TEST_STEP][PASSED] - result_M4_spin = M4_spin.parseText(response.getResponseBodyContent()): null

2019-08-10 23:44:33 - [TEST_STEP][PASSED] - M4_spin_current_balance = current_balance: null

2019-08-10 23:44:33 - [TEST_STEP][PASSED] - M4_spin_current_balance = M4_spin_current_balance: null

2019-08-10 23:44:33 - [TEST_STEP][PASSED] - M4_spin_transaction_id = causality: null

2019-08-10 23:44:33 - [TEST_STEP][PASSED] - M4_spin_transaction_id = M4_spin_transaction_id: null

2019-08-10 23:44:33 - [TEST_STEP][PASSED] - M4_spin_round_id = round_id: null

2019-08-10 23:44:33 - [TEST_STEP][PASSED] - M4_spin_round_id = M4_spin_round_id: null

2019-08-10 23:44:33 - [TEST_STEP][PASSED] - M4_spin_line_wins = line_wins: null

2019-08-10 23:44:33 - [TEST_STEP][PASSED] - M4_spin_line_wins = M4_spin_line_wins: null

2019-08-10 23:44:33 - [TEST_STEP][PASSED] - M4_total_bonus_spins_int = total_bonus_spins: null

2019-08-10 23:44:33 - [TEST_STEP][PASSED] - println("******M4_total_bonus_spins type is:*******" + newline + getClass().getName()): null

2019-08-10 23:44:33 - [TEST_STEP][PASSED] - M4_total_bonus_spins_int = M4_total_bonus_spins_int: null

2019-08-10 23:44:33 - [TEST_STEP][PASSED] - M4_total_bonus_spins = Integer.toString(M4_total_bonus_spins_int): null

2019-08-10 23:44:33 - [TEST_STEP][PASSED] - M4_total_bonus_spins = M4_total_bonus_spins: null

2019-08-10 23:44:33 - [TEST_STEP][PASSED] - println("M4_total_bonus_spins is:" + M4_total_bonus_spins): null

2019-08-10 23:44:33 - [TEST_STEP][PASSED] - M4_spin_bonus_data = bonus_data: null

2019-08-10 23:44:33 - [TEST_STEP][PASSED] - M4_spin_features_triggered = result_M4_spin: null

2019-08-10 23:44:33 - [TEST_STEP][PASSED] - wild = []: null

2019-08-10 23:44:33 - [TEST_STEP][PASSED] - wild[0] = "WILD_Expanding": null

2019-08-10 23:44:33 - [TEST_STEP][PASSED] - wild[1] = "WILD_Normal": null

2019-08-10 23:44:33 - [TEST_STEP][PASSED] - wild[2] = "WILD_Double": null

2019-08-10 23:44:33 - [TEST_STEP][PASSED] - wild[3] = "WILD_ExtraFG": null

2019-08-10 23:44:33 - [TEST_STEP][PASSED] - wild[4] = "WILD_Triple": null

2019-08-10 23:44:33 - [TEST_STEP][PASSED] - wildList = Arrays.asList(wild): null

2019-08-10 23:44:33 - [TEST_STEP][PASSED] - wildList = wildList: null

2019-08-10 23:44:33 - [TEST_STEP][PASSED] - free_spin_reel_counter = []: null

2019-08-10 23:44:33 - [TEST_STEP][PASSED] - free_spin_reel_counter[0] = 0: null

2019-08-10 23:44:33 - [TEST_STEP][PASSED] - free_spin_reel_counter[1] = 0: null

2019-08-10 23:44:33 - [TEST_STEP][PASSED] - free_spin_reel_counter[2] = 0: null

2019-08-10 23:44:33 - [TEST_STEP][PASSED] - M4_spin_reels = reels: null

2019-08-10 23:44:33 - [TEST_STEP][PASSED] - for ([i = 0, i &lt; M4_spin_reels.size(), (i++)]): null

2019-08-10 23:44:33 - [TEST_STEP][PASSED] - symbols = symbols: null

2019-08-10 23:44:33 - [TEST_STEP][PASSED] - for ([j = 0, j &lt; symbols.size(), (j++)]): null

2019-08-10 23:44:33 - [TEST_STEP][PASSED] - symbol = symbol: null

2019-08-10 23:44:33 - [TEST_STEP][PASSED] - println(symbol): null

2019-08-10 23:44:33 - [TEST_STEP][PASSED] - if (i == 2 &amp;&amp; wildList.indexOf(symbol) != -1): null

2019-08-10 23:44:33 - [TEST_STEP][PASSED] - if (i == 3 &amp;&amp; wildList.indexOf(symbol) != -1): null

2019-08-10 23:44:33 - [TEST_STEP][PASSED] - if (i == 4 &amp;&amp; wildList.indexOf(symbol) != -1): null

2019-08-10 23:44:33 - [TEST_STEP][PASSED] - symbol = symbol: null

2019-08-10 23:44:33 - [TEST_STEP][PASSED] - println(symbol): null

2019-08-10 23:44:33 - [TEST_STEP][PASSED] - if (i == 2 &amp;&amp; wildList.indexOf(symbol) != -1): null

2019-08-10 23:44:33 - [TEST_STEP][PASSED] - if (i == 3 &amp;&amp; wildList.indexOf(symbol) != -1): null

2019-08-10 23:44:33 - [TEST_STEP][PASSED] - if (i == 4 &amp;&amp; wildList.indexOf(symbol) != -1): null

2019-08-10 23:44:33 - [TEST_STEP][PASSED] - symbol = symbol: null

2019-08-10 23:44:33 - [TEST_STEP][PASSED] - println(symbol): null

2019-08-10 23:44:33 - [TEST_STEP][PASSED] - if (i == 2 &amp;&amp; wildList.indexOf(symbol) != -1): null

2019-08-10 23:44:33 - [TEST_STEP][PASSED] - if (i == 3 &amp;&amp; wildList.indexOf(symbol) != -1): null

2019-08-10 23:44:33 - [TEST_STEP][PASSED] - if (i == 4 &amp;&amp; wildList.indexOf(symbol) != -1): null

2019-08-10 23:44:33 - [TEST_STEP][PASSED] - symbols = symbols: null

2019-08-10 23:44:33 - [TEST_STEP][PASSED] - for ([j = 0, j &lt; symbols.size(), (j++)]): null

2019-08-10 23:44:33 - [TEST_STEP][PASSED] - symbol = symbol: null

2019-08-10 23:44:33 - [TEST_STEP][PASSED] - println(symbol): null

2019-08-10 23:44:33 - [TEST_STEP][PASSED] - if (i == 2 &amp;&amp; wildList.indexOf(symbol) != -1): null

2019-08-10 23:44:33 - [TEST_STEP][PASSED] - if (i == 3 &amp;&amp; wildList.indexOf(symbol) != -1): null

2019-08-10 23:44:33 - [TEST_STEP][PASSED] - if (i == 4 &amp;&amp; wildList.indexOf(symbol) != -1): null

2019-08-10 23:44:33 - [TEST_STEP][PASSED] - symbol = symbol: null

2019-08-10 23:44:33 - [TEST_STEP][PASSED] - println(symbol): null

2019-08-10 23:44:33 - [TEST_STEP][PASSED] - if (i == 2 &amp;&amp; wildList.indexOf(symbol) != -1): null

2019-08-10 23:44:33 - [TEST_STEP][PASSED] - if (i == 3 &amp;&amp; wildList.indexOf(symbol) != -1): null

2019-08-10 23:44:33 - [TEST_STEP][PASSED] - if (i == 4 &amp;&amp; wildList.indexOf(symbol) != -1): null

2019-08-10 23:44:33 - [TEST_STEP][PASSED] - symbol = symbol: null

2019-08-10 23:44:33 - [TEST_STEP][PASSED] - println(symbol): null

2019-08-10 23:44:33 - [TEST_STEP][PASSED] - if (i == 2 &amp;&amp; wildList.indexOf(symbol) != -1): null

2019-08-10 23:44:33 - [TEST_STEP][PASSED] - if (i == 3 &amp;&amp; wildList.indexOf(symbol) != -1): null

2019-08-10 23:44:33 - [TEST_STEP][PASSED] - if (i == 4 &amp;&amp; wildList.indexOf(symbol) != -1): null

2019-08-10 23:44:33 - [TEST_STEP][PASSED] - symbols = symbols: null

2019-08-10 23:44:33 - [TEST_STEP][PASSED] - for ([j = 0, j &lt; symbols.size(), (j++)]): null

2019-08-10 23:44:33 - [TEST_STEP][PASSED] - symbol = symbol: null

2019-08-10 23:44:33 - [TEST_STEP][PASSED] - println(symbol): null

2019-08-10 23:44:33 - [TEST_STEP][PASSED] - if (i == 2 &amp;&amp; wildList.indexOf(symbol) != -1): null

2019-08-10 23:44:33 - [TEST_STEP][PASSED] - if (i == 3 &amp;&amp; wildList.indexOf(symbol) != -1): null

2019-08-10 23:44:33 - [TEST_STEP][PASSED] - if (i == 4 &amp;&amp; wildList.indexOf(symbol) != -1): null

2019-08-10 23:44:33 - [TEST_STEP][PASSED] - symbol = symbol: null

2019-08-10 23:44:33 - [TEST_STEP][PASSED] - println(symbol): null

2019-08-10 23:44:33 - [TEST_STEP][PASSED] - if (i == 2 &amp;&amp; wildList.indexOf(symbol) != -1): null

2019-08-10 23:44:33 - [TEST_STEP][PASSED] - if (i == 3 &amp;&amp; wildList.indexOf(symbol) != -1): null

2019-08-10 23:44:33 - [TEST_STEP][PASSED] - if (i == 4 &amp;&amp; wildList.indexOf(symbol) != -1): null

2019-08-10 23:44:33 - [TEST_STEP][PASSED] - symbol = symbol: null

2019-08-10 23:44:33 - [TEST_STEP][PASSED] - println(symbol): null

2019-08-10 23:44:33 - [TEST_STEP][PASSED] - if (i == 2 &amp;&amp; wildList.indexOf(symbol) != -1): null

2019-08-10 23:44:33 - [TEST_STEP][PASSED] - if (i == 3 &amp;&amp; wildList.indexOf(symbol) != -1): null

2019-08-10 23:44:33 - [TEST_STEP][PASSED] - if (i == 4 &amp;&amp; wildList.indexOf(symbol) != -1): null

2019-08-10 23:44:33 - [TEST_STEP][PASSED] - symbols = symbols: null

2019-08-10 23:44:33 - [TEST_STEP][PASSED] - for ([j = 0, j &lt; symbols.size(), (j++)]): null

2019-08-10 23:44:33 - [TEST_STEP][PASSED] - symbol = symbol: null

2019-08-10 23:44:33 - [TEST_STEP][PASSED] - println(symbol): null

2019-08-10 23:44:33 - [TEST_STEP][PASSED] - if (i == 2 &amp;&amp; wildList.indexOf(symbol) != -1): null

2019-08-10 23:44:33 - [TEST_STEP][PASSED] - if (i == 3 &amp;&amp; wildList.indexOf(symbol) != -1): null

2019-08-10 23:44:33 - [TEST_STEP][PASSED] - if (i == 4 &amp;&amp; wildList.indexOf(symbol) != -1): null

2019-08-10 23:44:33 - [TEST_STEP][PASSED] - symbol = symbol: null

2019-08-10 23:44:33 - [TEST_STEP][PASSED] - println(symbol): null

2019-08-10 23:44:33 - [TEST_STEP][PASSED] - if (i == 2 &amp;&amp; wildList.indexOf(symbol) != -1): null

2019-08-10 23:44:33 - [TEST_STEP][PASSED] - if (i == 3 &amp;&amp; wildList.indexOf(symbol) != -1): null

2019-08-10 23:44:33 - [TEST_STEP][PASSED] - println("wild found on reel 4, adding counter by 1"): null

2019-08-10 23:44:33 - [TEST_STEP][PASSED] - free_spin_reel_counter[1] = free_spin_reel_counter[1] + 1: null

2019-08-10 23:44:33 - [TEST_STEP][PASSED] - if (i == 4 &amp;&amp; wildList.indexOf(symbol) != -1): null

2019-08-10 23:44:33 - [TEST_STEP][PASSED] - symbol = symbol: null

2019-08-10 23:44:33 - [TEST_STEP][PASSED] - println(symbol): null

2019-08-10 23:44:33 - [TEST_STEP][PASSED] - if (i == 2 &amp;&amp; wildList.indexOf(symbol) != -1): null

2019-08-10 23:44:33 - [TEST_STEP][PASSED] - if (i == 3 &amp;&amp; wildList.indexOf(symbol) != -1): null

2019-08-10 23:44:33 - [TEST_STEP][PASSED] - if (i == 4 &amp;&amp; wildList.indexOf(symbol) != -1): null

2019-08-10 23:44:33 - [TEST_STEP][PASSED] - symbols = symbols: null

2019-08-10 23:44:33 - [TEST_STEP][PASSED] - for ([j = 0, j &lt; symbols.size(), (j++)]): null

2019-08-10 23:44:33 - [TEST_STEP][PASSED] - symbol = symbol: null

2019-08-10 23:44:33 - [TEST_STEP][PASSED] - println(symbol): null

2019-08-10 23:44:33 - [TEST_STEP][PASSED] - if (i == 2 &amp;&amp; wildList.indexOf(symbol) != -1): null

2019-08-10 23:44:33 - [TEST_STEP][PASSED] - if (i == 3 &amp;&amp; wildList.indexOf(symbol) != -1): null

2019-08-10 23:44:33 - [TEST_STEP][PASSED] - if (i == 4 &amp;&amp; wildList.indexOf(symbol) != -1): null

2019-08-10 23:44:33 - [TEST_STEP][PASSED] - symbol = symbol: null

2019-08-10 23:44:33 - [TEST_STEP][PASSED] - println(symbol): null

2019-08-10 23:44:33 - [TEST_STEP][PASSED] - if (i == 2 &amp;&amp; wildList.indexOf(symbol) != -1): null

2019-08-10 23:44:33 - [TEST_STEP][PASSED] - if (i == 3 &amp;&amp; wildList.indexOf(symbol) != -1): null

2019-08-10 23:44:33 - [TEST_STEP][PASSED] - if (i == 4 &amp;&amp; wildList.indexOf(symbol) != -1): null

2019-08-10 23:44:33 - [TEST_STEP][PASSED] - symbol = symbol: null

2019-08-10 23:44:33 - [TEST_STEP][PASSED] - println(symbol): null

2019-08-10 23:44:33 - [TEST_STEP][PASSED] - if (i == 2 &amp;&amp; wildList.indexOf(symbol) != -1): null

2019-08-10 23:44:33 - [TEST_STEP][PASSED] - if (i == 3 &amp;&amp; wildList.indexOf(symbol) != -1): null

2019-08-10 23:44:33 - [TEST_STEP][PASSED] - if (i == 4 &amp;&amp; wildList.indexOf(symbol) != -1): null

2019-08-10 23:44:33 - [TEST_STEP][PASSED] - free_spin_reel_counter = free_spin_reel_counter: null

2019-08-10 23:44:33 - [TEST_STEP][PASSED] - println("reel 3 wild found: " + free_spin_reel_counter[0]): null

2019-08-10 23:44:33 - [TEST_STEP][PASSED] - println("reel 4 wild found: " + free_spin_reel_counter[1]): null

2019-08-10 23:44:33 - [TEST_STEP][PASSED] - println("reel 5 wild found: " + free_spin_reel_counter[2]): null

2019-08-10 23:44:33 - [TEST_STEP][PASSED] - M4_spin_reels = M4_spin_reels: null

2019-08-10 23:44:33 - [TEST_STEP][PASSED] - M4_spin_reels_symbols = symbol: null

2019-08-10 23:44:33 - [TEST_STEP][PASSED] - M4_spin_reels_symbols = M4_spin_reels_symbols: null

2019-08-10 23:44:33 - [TEST_STEP][PASSED] - M4_spin_reel_wins = reel_wins: null

2019-08-10 23:44:33 - [TEST_STEP][PASSED] - M4_spin_reel_wins = M4_spin_reel_wins: null

2019-08-10 23:44:33 - [TEST_STEP][PASSED] - println("GlobalVariable.M4_spin_reel_wins is: " + M4_spin_reel_wins): null

2019-08-10 23:44:33 - [TEST_STEP][PASSED] - M4_spin_total_bonus_win_this_round = total_bonus_win_this_round: null

2019-08-10 23:44:33 - [TEST_STEP][PASSED] - M4_spin_total_bonus_win_this_round = M4_spin_total_bonus_win_this_round: null

2019-08-10 23:44:33 - [TEST_STEP][PASSED] - println("GlobalVariable.M4_spin_total_bonus_win_this_round is: " + M4_spin_total_bonus_win_this_round): null

2019-08-10 23:44:33 - [MESSAGE][PASSED] - Verify response successfully

2019-08-10 23:44:33 - [MESSAGE][PASSED] - Send request and verify the response successfully

2019-08-10 23:44:33 - [TEST_STEP][PASSED] - if (M4_total_bonus_spins_int != 0 &amp;&amp; M4_spin_reels_symbols[2].contains("WILD_ExtraFG") || M4_spin_reels_symbols[3].contains("WILD_ExtraFG")): null

2019-08-10 23:44:33 - [TEST_STEP][PASSED] - free_spin_reel_counter = free_spin_reel_counter: null

2019-08-10 23:44:33 - [TEST_STEP][PASSED] - M4_spin_reels_symbols = M4_spin_reels_symbols: null

2019-08-10 23:44:33 - [TEST_STEP][PASSED] - M4_total_bonus_spins = M4_total_bonus_spins: null

2019-08-10 23:44:33 - [TEST_STEP][PASSED] - spin_result = sendRequestAndVerify(findTestObject("RGS(M4)/1_M4_spin", ["M4_login_user_id":M4_login_user_id, "rgs_session_token":rgs_session_token, "partner":Partner])): Send request and verify the response successfully

2019-08-10 23:44:34 - [TEST_CASE][PASSED] - Start Test Case : Verification: Verification accomplished successfully

2019-08-10 23:44:34 - [TEST_STEP][PASSED] - request = getInstance().getCurrentRequest(): null

2019-08-10 23:44:34 - [TEST_STEP][PASSED] - response = getInstance().getCurrentResponse(): null

2019-08-10 23:44:34 - [TEST_STEP][PASSED] - verifyResponseStatusCode(response, 200): Verify response status code successfully

2019-08-10 23:44:34 - [MESSAGE][PASSED] - Verify response status code successfully

2019-08-10 23:44:34 - [TEST_STEP][PASSED] - getStatusCode()).isEqualTo(200): null

2019-08-10 23:44:34 - [TEST_STEP][PASSED] - newline = System.getProperty("line.separator"): null

2019-08-10 23:44:34 - [TEST_STEP][PASSED] - M4_spin = new groovy.json.JsonSlurper(): null

2019-08-10 23:44:34 - [TEST_STEP][PASSED] - result_M4_spin = M4_spin.parseText(response.getResponseBodyContent()): null

2019-08-10 23:44:34 - [TEST_STEP][PASSED] - M4_spin_current_balance = current_balance: null

2019-08-10 23:44:34 - [TEST_STEP][PASSED] - M4_spin_current_balance = M4_spin_current_balance: null

2019-08-10 23:44:34 - [TEST_STEP][PASSED] - M4_spin_transaction_id = causality: null

2019-08-10 23:44:34 - [TEST_STEP][PASSED] - M4_spin_transaction_id = M4_spin_transaction_id: null

2019-08-10 23:44:34 - [TEST_STEP][PASSED] - M4_spin_round_id = round_id: null

2019-08-10 23:44:34 - [TEST_STEP][PASSED] - M4_spin_round_id = M4_spin_round_id: null

2019-08-10 23:44:34 - [TEST_STEP][PASSED] - M4_spin_line_wins = line_wins: null

2019-08-10 23:44:34 - [TEST_STEP][PASSED] - M4_spin_line_wins = M4_spin_line_wins: null

2019-08-10 23:44:34 - [TEST_STEP][PASSED] - M4_total_bonus_spins_int = total_bonus_spins: null

2019-08-10 23:44:34 - [TEST_STEP][PASSED] - println("******M4_total_bonus_spins type is:*******" + newline + getClass().getName()): null

2019-08-10 23:44:34 - [TEST_STEP][PASSED] - M4_total_bonus_spins_int = M4_total_bonus_spins_int: null

2019-08-10 23:44:34 - [TEST_STEP][PASSED] - M4_total_bonus_spins = Integer.toString(M4_total_bonus_spins_int): null

2019-08-10 23:44:34 - [TEST_STEP][PASSED] - M4_total_bonus_spins = M4_total_bonus_spins: null

2019-08-10 23:44:34 - [TEST_STEP][PASSED] - println("M4_total_bonus_spins is:" + M4_total_bonus_spins): null

2019-08-10 23:44:34 - [TEST_STEP][PASSED] - M4_spin_bonus_data = bonus_data: null

2019-08-10 23:44:34 - [TEST_STEP][PASSED] - M4_spin_features_triggered = result_M4_spin: null

2019-08-10 23:44:34 - [TEST_STEP][PASSED] - wild = []: null

2019-08-10 23:44:34 - [TEST_STEP][PASSED] - wild[0] = "WILD_Expanding": null

2019-08-10 23:44:34 - [TEST_STEP][PASSED] - wild[1] = "WILD_Normal": null

2019-08-10 23:44:34 - [TEST_STEP][PASSED] - wild[2] = "WILD_Double": null

2019-08-10 23:44:34 - [TEST_STEP][PASSED] - wild[3] = "WILD_ExtraFG": null

2019-08-10 23:44:34 - [TEST_STEP][PASSED] - wild[4] = "WILD_Triple": null

2019-08-10 23:44:34 - [TEST_STEP][PASSED] - wildList = Arrays.asList(wild): null

2019-08-10 23:44:34 - [TEST_STEP][PASSED] - wildList = wildList: null

2019-08-10 23:44:34 - [TEST_STEP][PASSED] - free_spin_reel_counter = []: null

2019-08-10 23:44:34 - [TEST_STEP][PASSED] - free_spin_reel_counter[0] = 0: null

2019-08-10 23:44:34 - [TEST_STEP][PASSED] - free_spin_reel_counter[1] = 0: null

2019-08-10 23:44:34 - [TEST_STEP][PASSED] - free_spin_reel_counter[2] = 0: null

2019-08-10 23:44:34 - [TEST_STEP][PASSED] - M4_spin_reels = reels: null

2019-08-10 23:44:34 - [TEST_STEP][PASSED] - for ([i = 0, i &lt; M4_spin_reels.size(), (i++)]): null

2019-08-10 23:44:34 - [TEST_STEP][PASSED] - symbols = symbols: null

2019-08-10 23:44:34 - [TEST_STEP][PASSED] - for ([j = 0, j &lt; symbols.size(), (j++)]): null

2019-08-10 23:44:34 - [TEST_STEP][PASSED] - symbol = symbol: null

2019-08-10 23:44:34 - [TEST_STEP][PASSED] - println(symbol): null

2019-08-10 23:44:34 - [TEST_STEP][PASSED] - if (i == 2 &amp;&amp; wildList.indexOf(symbol) != -1): null

2019-08-10 23:44:34 - [TEST_STEP][PASSED] - if (i == 3 &amp;&amp; wildList.indexOf(symbol) != -1): null

2019-08-10 23:44:34 - [TEST_STEP][PASSED] - if (i == 4 &amp;&amp; wildList.indexOf(symbol) != -1): null

2019-08-10 23:44:34 - [TEST_STEP][PASSED] - symbol = symbol: null

2019-08-10 23:44:34 - [TEST_STEP][PASSED] - println(symbol): null

2019-08-10 23:44:34 - [TEST_STEP][PASSED] - if (i == 2 &amp;&amp; wildList.indexOf(symbol) != -1): null

2019-08-10 23:44:34 - [TEST_STEP][PASSED] - if (i == 3 &amp;&amp; wildList.indexOf(symbol) != -1): null

2019-08-10 23:44:34 - [TEST_STEP][PASSED] - if (i == 4 &amp;&amp; wildList.indexOf(symbol) != -1): null

2019-08-10 23:44:34 - [TEST_STEP][PASSED] - symbol = symbol: null

2019-08-10 23:44:34 - [TEST_STEP][PASSED] - println(symbol): null

2019-08-10 23:44:34 - [TEST_STEP][PASSED] - if (i == 2 &amp;&amp; wildList.indexOf(symbol) != -1): null

2019-08-10 23:44:34 - [TEST_STEP][PASSED] - if (i == 3 &amp;&amp; wildList.indexOf(symbol) != -1): null

2019-08-10 23:44:34 - [TEST_STEP][PASSED] - if (i == 4 &amp;&amp; wildList.indexOf(symbol) != -1): null

2019-08-10 23:44:34 - [TEST_STEP][PASSED] - symbols = symbols: null

2019-08-10 23:44:34 - [TEST_STEP][PASSED] - for ([j = 0, j &lt; symbols.size(), (j++)]): null

2019-08-10 23:44:34 - [TEST_STEP][PASSED] - symbol = symbol: null

2019-08-10 23:44:34 - [TEST_STEP][PASSED] - println(symbol): null

2019-08-10 23:44:34 - [TEST_STEP][PASSED] - if (i == 2 &amp;&amp; wildList.indexOf(symbol) != -1): null

2019-08-10 23:44:34 - [TEST_STEP][PASSED] - if (i == 3 &amp;&amp; wildList.indexOf(symbol) != -1): null

2019-08-10 23:44:34 - [TEST_STEP][PASSED] - if (i == 4 &amp;&amp; wildList.indexOf(symbol) != -1): null

2019-08-10 23:44:34 - [TEST_STEP][PASSED] - symbol = symbol: null

2019-08-10 23:44:34 - [TEST_STEP][PASSED] - println(symbol): null

2019-08-10 23:44:34 - [TEST_STEP][PASSED] - if (i == 2 &amp;&amp; wildList.indexOf(symbol) != -1): null

2019-08-10 23:44:34 - [TEST_STEP][PASSED] - if (i == 3 &amp;&amp; wildList.indexOf(symbol) != -1): null

2019-08-10 23:44:34 - [TEST_STEP][PASSED] - if (i == 4 &amp;&amp; wildList.indexOf(symbol) != -1): null

2019-08-10 23:44:34 - [TEST_STEP][PASSED] - symbol = symbol: null

2019-08-10 23:44:34 - [TEST_STEP][PASSED] - println(symbol): null

2019-08-10 23:44:34 - [TEST_STEP][PASSED] - if (i == 2 &amp;&amp; wildList.indexOf(symbol) != -1): null

2019-08-10 23:44:34 - [TEST_STEP][PASSED] - if (i == 3 &amp;&amp; wildList.indexOf(symbol) != -1): null

2019-08-10 23:44:34 - [TEST_STEP][PASSED] - if (i == 4 &amp;&amp; wildList.indexOf(symbol) != -1): null

2019-08-10 23:44:34 - [TEST_STEP][PASSED] - symbols = symbols: null

2019-08-10 23:44:34 - [TEST_STEP][PASSED] - for ([j = 0, j &lt; symbols.size(), (j++)]): null

2019-08-10 23:44:34 - [TEST_STEP][PASSED] - symbol = symbol: null

2019-08-10 23:44:34 - [TEST_STEP][PASSED] - println(symbol): null

2019-08-10 23:44:34 - [TEST_STEP][PASSED] - if (i == 2 &amp;&amp; wildList.indexOf(symbol) != -1): null

2019-08-10 23:44:34 - [TEST_STEP][PASSED] - if (i == 3 &amp;&amp; wildList.indexOf(symbol) != -1): null

2019-08-10 23:44:34 - [TEST_STEP][PASSED] - if (i == 4 &amp;&amp; wildList.indexOf(symbol) != -1): null

2019-08-10 23:44:34 - [TEST_STEP][PASSED] - symbol = symbol: null

2019-08-10 23:44:34 - [TEST_STEP][PASSED] - println(symbol): null

2019-08-10 23:44:34 - [TEST_STEP][PASSED] - if (i == 2 &amp;&amp; wildList.indexOf(symbol) != -1): null

2019-08-10 23:44:34 - [TEST_STEP][PASSED] - println("wild found on reel 3, adding counter by 1"): null

2019-08-10 23:44:34 - [TEST_STEP][PASSED] - free_spin_reel_counter[0] = free_spin_reel_counter[0] + 1: null

2019-08-10 23:44:34 - [TEST_STEP][PASSED] - if (i == 3 &amp;&amp; wildList.indexOf(symbol) != -1): null

2019-08-10 23:44:34 - [TEST_STEP][PASSED] - if (i == 4 &amp;&amp; wildList.indexOf(symbol) != -1): null

2019-08-10 23:44:34 - [TEST_STEP][PASSED] - symbol = symbol: null

2019-08-10 23:44:34 - [TEST_STEP][PASSED] - println(symbol): null

2019-08-10 23:44:34 - [TEST_STEP][PASSED] - if (i == 2 &amp;&amp; wildList.indexOf(symbol) != -1): null

2019-08-10 23:44:34 - [TEST_STEP][PASSED] - if (i == 3 &amp;&amp; wildList.indexOf(symbol) != -1): null

2019-08-10 23:44:34 - [TEST_STEP][PASSED] - if (i == 4 &amp;&amp; wildList.indexOf(symbol) != -1): null

2019-08-10 23:44:34 - [TEST_STEP][PASSED] - symbols = symbols: null

2019-08-10 23:44:34 - [TEST_STEP][PASSED] - for ([j = 0, j &lt; symbols.size(), (j++)]): null

2019-08-10 23:44:34 - [TEST_STEP][PASSED] - symbol = symbol: null

2019-08-10 23:44:34 - [TEST_STEP][PASSED] - println(symbol): null

2019-08-10 23:44:34 - [TEST_STEP][PASSED] - if (i == 2 &amp;&amp; wildList.indexOf(symbol) != -1): null

2019-08-10 23:44:34 - [TEST_STEP][PASSED] - if (i == 3 &amp;&amp; wildList.indexOf(symbol) != -1): null

2019-08-10 23:44:34 - [TEST_STEP][PASSED] - if (i == 4 &amp;&amp; wildList.indexOf(symbol) != -1): null

2019-08-10 23:44:34 - [TEST_STEP][PASSED] - symbol = symbol: null

2019-08-10 23:44:34 - [TEST_STEP][PASSED] - println(symbol): null

2019-08-10 23:44:34 - [TEST_STEP][PASSED] - if (i == 2 &amp;&amp; wildList.indexOf(symbol) != -1): null

2019-08-10 23:44:34 - [TEST_STEP][PASSED] - if (i == 3 &amp;&amp; wildList.indexOf(symbol) != -1): null

2019-08-10 23:44:34 - [TEST_STEP][PASSED] - if (i == 4 &amp;&amp; wildList.indexOf(symbol) != -1): null

2019-08-10 23:44:34 - [TEST_STEP][PASSED] - symbol = symbol: null

2019-08-10 23:44:34 - [TEST_STEP][PASSED] - println(symbol): null

2019-08-10 23:44:34 - [TEST_STEP][PASSED] - if (i == 2 &amp;&amp; wildList.indexOf(symbol) != -1): null

2019-08-10 23:44:34 - [TEST_STEP][PASSED] - if (i == 3 &amp;&amp; wildList.indexOf(symbol) != -1): null

2019-08-10 23:44:34 - [TEST_STEP][PASSED] - if (i == 4 &amp;&amp; wildList.indexOf(symbol) != -1): null

2019-08-10 23:44:34 - [TEST_STEP][PASSED] - symbols = symbols: null

2019-08-10 23:44:34 - [TEST_STEP][PASSED] - for ([j = 0, j &lt; symbols.size(), (j++)]): null

2019-08-10 23:44:34 - [TEST_STEP][PASSED] - symbol = symbol: null

2019-08-10 23:44:34 - [TEST_STEP][PASSED] - println(symbol): null

2019-08-10 23:44:34 - [TEST_STEP][PASSED] - if (i == 2 &amp;&amp; wildList.indexOf(symbol) != -1): null

2019-08-10 23:44:34 - [TEST_STEP][PASSED] - if (i == 3 &amp;&amp; wildList.indexOf(symbol) != -1): null

2019-08-10 23:44:34 - [TEST_STEP][PASSED] - if (i == 4 &amp;&amp; wildList.indexOf(symbol) != -1): null

2019-08-10 23:44:34 - [TEST_STEP][PASSED] - symbol = symbol: null

2019-08-10 23:44:34 - [TEST_STEP][PASSED] - println(symbol): null

2019-08-10 23:44:34 - [TEST_STEP][PASSED] - if (i == 2 &amp;&amp; wildList.indexOf(symbol) != -1): null

2019-08-10 23:44:34 - [TEST_STEP][PASSED] - if (i == 3 &amp;&amp; wildList.indexOf(symbol) != -1): null

2019-08-10 23:44:34 - [TEST_STEP][PASSED] - if (i == 4 &amp;&amp; wildList.indexOf(symbol) != -1): null

2019-08-10 23:44:34 - [TEST_STEP][PASSED] - symbol = symbol: null

2019-08-10 23:44:34 - [TEST_STEP][PASSED] - println(symbol): null

2019-08-10 23:44:34 - [TEST_STEP][PASSED] - if (i == 2 &amp;&amp; wildList.indexOf(symbol) != -1): null

2019-08-10 23:44:34 - [TEST_STEP][PASSED] - if (i == 3 &amp;&amp; wildList.indexOf(symbol) != -1): null

2019-08-10 23:44:34 - [TEST_STEP][PASSED] - if (i == 4 &amp;&amp; wildList.indexOf(symbol) != -1): null

2019-08-10 23:44:34 - [TEST_STEP][PASSED] - free_spin_reel_counter = free_spin_reel_counter: null

2019-08-10 23:44:34 - [TEST_STEP][PASSED] - println("reel 3 wild found: " + free_spin_reel_counter[0]): null

2019-08-10 23:44:34 - [TEST_STEP][PASSED] - println("reel 4 wild found: " + free_spin_reel_counter[1]): null

2019-08-10 23:44:34 - [TEST_STEP][PASSED] - println("reel 5 wild found: " + free_spin_reel_counter[2]): null

2019-08-10 23:44:34 - [TEST_STEP][PASSED] - M4_spin_reels = M4_spin_reels: null

2019-08-10 23:44:34 - [TEST_STEP][PASSED] - M4_spin_reels_symbols = symbol: null

2019-08-10 23:44:34 - [TEST_STEP][PASSED] - M4_spin_reels_symbols = M4_spin_reels_symbols: null

2019-08-10 23:44:34 - [TEST_STEP][PASSED] - M4_spin_reel_wins = reel_wins: null

2019-08-10 23:44:34 - [TEST_STEP][PASSED] - M4_spin_reel_wins = M4_spin_reel_wins: null

2019-08-10 23:44:34 - [TEST_STEP][PASSED] - println("GlobalVariable.M4_spin_reel_wins is: " + M4_spin_reel_wins): null

2019-08-10 23:44:34 - [TEST_STEP][PASSED] - M4_spin_total_bonus_win_this_round = total_bonus_win_this_round: null

2019-08-10 23:44:34 - [TEST_STEP][PASSED] - M4_spin_total_bonus_win_this_round = M4_spin_total_bonus_win_this_round: null

2019-08-10 23:44:34 - [TEST_STEP][PASSED] - println("GlobalVariable.M4_spin_total_bonus_win_this_round is: " + M4_spin_total_bonus_win_this_round): null

2019-08-10 23:44:34 - [MESSAGE][PASSED] - Verify response successfully

2019-08-10 23:44:34 - [MESSAGE][PASSED] - Send request and verify the response successfully

2019-08-10 23:44:34 - [TEST_STEP][PASSED] - if (M4_total_bonus_spins_int != 0 &amp;&amp; M4_spin_reels_symbols[2].contains("WILD_ExtraFG") || M4_spin_reels_symbols[3].contains("WILD_ExtraFG")): null

2019-08-10 23:44:34 - [TEST_STEP][PASSED] - free_spin_reel_counter = free_spin_reel_counter: null

2019-08-10 23:44:34 - [TEST_STEP][PASSED] - M4_spin_reels_symbols = M4_spin_reels_symbols: null

2019-08-10 23:44:34 - [TEST_STEP][PASSED] - M4_total_bonus_spins = M4_total_bonus_spins: null

2019-08-10 23:44:34 - [TEST_STEP][PASSED] - spin_result = sendRequestAndVerify(findTestObject("RGS(M4)/1_M4_spin", ["M4_login_user_id":M4_login_user_id, "rgs_session_token":rgs_session_token, "partner":Partner])): Send request and verify the response successfully

2019-08-10 23:44:34 - [TEST_CASE][PASSED] - Start Test Case : Verification: Verification accomplished successfully

2019-08-10 23:44:34 - [TEST_STEP][PASSED] - request = getInstance().getCurrentRequest(): null

2019-08-10 23:44:34 - [TEST_STEP][PASSED] - response = getInstance().getCurrentResponse(): null

2019-08-10 23:44:34 - [TEST_STEP][PASSED] - verifyResponseStatusCode(response, 200): Verify response status code successfully

2019-08-10 23:44:34 - [MESSAGE][PASSED] - Verify response status code successfully

2019-08-10 23:44:34 - [TEST_STEP][PASSED] - getStatusCode()).isEqualTo(200): null

2019-08-10 23:44:34 - [TEST_STEP][PASSED] - newline = System.getProperty("line.separator"): null

2019-08-10 23:44:34 - [TEST_STEP][PASSED] - M4_spin = new groovy.json.JsonSlurper(): null

2019-08-10 23:44:34 - [TEST_STEP][PASSED] - result_M4_spin = M4_spin.parseText(response.getResponseBodyContent()): null

2019-08-10 23:44:34 - [TEST_STEP][PASSED] - M4_spin_current_balance = current_balance: null

2019-08-10 23:44:34 - [TEST_STEP][PASSED] - M4_spin_current_balance = M4_spin_current_balance: null

2019-08-10 23:44:37 - [TEST_STEP][PASSED] - M4_spin_transaction_id = causality: null

2019-08-10 23:44:37 - [TEST_STEP][PASSED] - M4_spin_transaction_id = M4_spin_transaction_id: null

2019-08-10 23:44:37 - [TEST_STEP][PASSED] - M4_spin_round_id = round_id: null

2019-08-10 23:44:37 - [TEST_STEP][PASSED] - M4_spin_round_id = M4_spin_round_id: null

2019-08-10 23:44:37 - [TEST_STEP][PASSED] - M4_spin_line_wins = line_wins: null

2019-08-10 23:44:37 - [TEST_STEP][PASSED] - M4_spin_line_wins = M4_spin_line_wins: null

2019-08-10 23:44:37 - [TEST_STEP][PASSED] - M4_total_bonus_spins_int = total_bonus_spins: null

2019-08-10 23:44:37 - [TEST_STEP][PASSED] - println("******M4_total_bonus_spins type is:*******" + newline + getClass().getName()): null

2019-08-10 23:44:37 - [TEST_STEP][PASSED] - M4_total_bonus_spins_int = M4_total_bonus_spins_int: null

2019-08-10 23:44:37 - [TEST_STEP][PASSED] - M4_total_bonus_spins = Integer.toString(M4_total_bonus_spins_int): null

2019-08-10 23:44:37 - [TEST_STEP][PASSED] - M4_total_bonus_spins = M4_total_bonus_spins: null

2019-08-10 23:44:37 - [TEST_STEP][PASSED] - println("M4_total_bonus_spins is:" + M4_total_bonus_spins): null

2019-08-10 23:44:37 - [TEST_STEP][PASSED] - M4_spin_bonus_data = bonus_data: null

2019-08-10 23:44:37 - [TEST_STEP][PASSED] - M4_spin_features_triggered = result_M4_spin: null

2019-08-10 23:44:37 - [TEST_STEP][PASSED] - wild = []: null

2019-08-10 23:44:37 - [TEST_STEP][PASSED] - wild[0] = "WILD_Expanding": null

2019-08-10 23:44:37 - [TEST_STEP][PASSED] - wild[1] = "WILD_Normal": null

2019-08-10 23:44:37 - [TEST_STEP][PASSED] - wild[2] = "WILD_Double": null

2019-08-10 23:44:37 - [TEST_STEP][PASSED] - wild[3] = "WILD_ExtraFG": null

2019-08-10 23:44:37 - [TEST_STEP][PASSED] - wild[4] = "WILD_Triple": null

2019-08-10 23:44:37 - [TEST_STEP][PASSED] - wildList = Arrays.asList(wild): null

2019-08-10 23:44:37 - [TEST_STEP][PASSED] - wildList = wildList: null

2019-08-10 23:44:37 - [TEST_STEP][PASSED] - free_spin_reel_counter = []: null

2019-08-10 23:44:37 - [TEST_STEP][PASSED] - free_spin_reel_counter[0] = 0: null

2019-08-10 23:44:37 - [TEST_STEP][PASSED] - free_spin_reel_counter[1] = 0: null

2019-08-10 23:44:37 - [TEST_STEP][PASSED] - free_spin_reel_counter[2] = 0: null

2019-08-10 23:44:37 - [TEST_STEP][PASSED] - M4_spin_reels = reels: null

2019-08-10 23:44:37 - [TEST_STEP][PASSED] - for ([i = 0, i &lt; M4_spin_reels.size(), (i++)]): null

2019-08-10 23:44:37 - [TEST_STEP][PASSED] - symbols = symbols: null

2019-08-10 23:44:37 - [TEST_STEP][PASSED] - for ([j = 0, j &lt; symbols.size(), (j++)]): null

2019-08-10 23:44:37 - [TEST_STEP][PASSED] - symbol = symbol: null

2019-08-10 23:44:37 - [TEST_STEP][PASSED] - println(symbol): null

2019-08-10 23:44:37 - [TEST_STEP][PASSED] - if (i == 2 &amp;&amp; wildList.indexOf(symbol) != -1): null

2019-08-10 23:44:37 - [TEST_STEP][PASSED] - if (i == 3 &amp;&amp; wildList.indexOf(symbol) != -1): null

2019-08-10 23:44:37 - [TEST_STEP][PASSED] - if (i == 4 &amp;&amp; wildList.indexOf(symbol) != -1): null

2019-08-10 23:44:37 - [TEST_STEP][PASSED] - symbol = symbol: null

2019-08-10 23:44:37 - [TEST_STEP][PASSED] - println(symbol): null

2019-08-10 23:44:37 - [TEST_STEP][PASSED] - if (i == 2 &amp;&amp; wildList.indexOf(symbol) != -1): null

2019-08-10 23:44:37 - [TEST_STEP][PASSED] - if (i == 3 &amp;&amp; wildList.indexOf(symbol) != -1): null

2019-08-10 23:44:37 - [TEST_STEP][PASSED] - if (i == 4 &amp;&amp; wildList.indexOf(symbol) != -1): null

2019-08-10 23:44:37 - [TEST_STEP][PASSED] - symbol = symbol: null

2019-08-10 23:44:37 - [TEST_STEP][PASSED] - println(symbol): null

2019-08-10 23:44:37 - [TEST_STEP][PASSED] - if (i == 2 &amp;&amp; wildList.indexOf(symbol) != -1): null

2019-08-10 23:44:37 - [TEST_STEP][PASSED] - if (i == 3 &amp;&amp; wildList.indexOf(symbol) != -1): null

2019-08-10 23:44:37 - [TEST_STEP][PASSED] - if (i == 4 &amp;&amp; wildList.indexOf(symbol) != -1): null

2019-08-10 23:44:37 - [TEST_STEP][PASSED] - symbols = symbols: null

2019-08-10 23:44:37 - [TEST_STEP][PASSED] - for ([j = 0, j &lt; symbols.size(), (j++)]): null

2019-08-10 23:44:37 - [TEST_STEP][PASSED] - symbol = symbol: null

2019-08-10 23:44:37 - [TEST_STEP][PASSED] - println(symbol): null

2019-08-10 23:44:37 - [TEST_STEP][PASSED] - if (i == 2 &amp;&amp; wildList.indexOf(symbol) != -1): null

2019-08-10 23:44:37 - [TEST_STEP][PASSED] - if (i == 3 &amp;&amp; wildList.indexOf(symbol) != -1): null

2019-08-10 23:44:37 - [TEST_STEP][PASSED] - if (i == 4 &amp;&amp; wildList.indexOf(symbol) != -1): null

2019-08-10 23:44:37 - [TEST_STEP][PASSED] - symbol = symbol: null

2019-08-10 23:44:37 - [TEST_STEP][PASSED] - println(symbol): null

2019-08-10 23:44:37 - [TEST_STEP][PASSED] - if (i == 2 &amp;&amp; wildList.indexOf(symbol) != -1): null

2019-08-10 23:44:37 - [TEST_STEP][PASSED] - if (i == 3 &amp;&amp; wildList.indexOf(symbol) != -1): null

2019-08-10 23:44:37 - [TEST_STEP][PASSED] - if (i == 4 &amp;&amp; wildList.indexOf(symbol) != -1): null

2019-08-10 23:44:37 - [TEST_STEP][PASSED] - symbol = symbol: null

2019-08-10 23:44:37 - [TEST_STEP][PASSED] - println(symbol): null

2019-08-10 23:44:37 - [TEST_STEP][PASSED] - if (i == 2 &amp;&amp; wildList.indexOf(symbol) != -1): null

2019-08-10 23:44:37 - [TEST_STEP][PASSED] - if (i == 3 &amp;&amp; wildList.indexOf(symbol) != -1): null

2019-08-10 23:44:37 - [TEST_STEP][PASSED] - if (i == 4 &amp;&amp; wildList.indexOf(symbol) != -1): null

2019-08-10 23:44:37 - [TEST_STEP][PASSED] - symbols = symbols: null

2019-08-10 23:44:37 - [TEST_STEP][PASSED] - for ([j = 0, j &lt; symbols.size(), (j++)]): null

2019-08-10 23:44:37 - [TEST_STEP][PASSED] - symbol = symbol: null

2019-08-10 23:44:37 - [TEST_STEP][PASSED] - println(symbol): null

2019-08-10 23:44:37 - [TEST_STEP][PASSED] - if (i == 2 &amp;&amp; wildList.indexOf(symbol) != -1): null

2019-08-10 23:44:37 - [TEST_STEP][PASSED] - if (i == 3 &amp;&amp; wildList.indexOf(symbol) != -1): null

2019-08-10 23:44:37 - [TEST_STEP][PASSED] - if (i == 4 &amp;&amp; wildList.indexOf(symbol) != -1): null

2019-08-10 23:44:37 - [TEST_STEP][PASSED] - symbol = symbol: null

2019-08-10 23:44:37 - [TEST_STEP][PASSED] - println(symbol): null

2019-08-10 23:44:37 - [TEST_STEP][PASSED] - if (i == 2 &amp;&amp; wildList.indexOf(symbol) != -1): null

2019-08-10 23:44:37 - [TEST_STEP][PASSED] - if (i == 3 &amp;&amp; wildList.indexOf(symbol) != -1): null

2019-08-10 23:44:37 - [TEST_STEP][PASSED] - if (i == 4 &amp;&amp; wildList.indexOf(symbol) != -1): null

2019-08-10 23:44:37 - [TEST_STEP][PASSED] - symbol = symbol: null

2019-08-10 23:44:37 - [TEST_STEP][PASSED] - println(symbol): null

2019-08-10 23:44:37 - [TEST_STEP][PASSED] - if (i == 2 &amp;&amp; wildList.indexOf(symbol) != -1): null

2019-08-10 23:44:37 - [TEST_STEP][PASSED] - if (i == 3 &amp;&amp; wildList.indexOf(symbol) != -1): null

2019-08-10 23:44:37 - [TEST_STEP][PASSED] - if (i == 4 &amp;&amp; wildList.indexOf(symbol) != -1): null

2019-08-10 23:44:37 - [TEST_STEP][PASSED] - symbols = symbols: null

2019-08-10 23:44:37 - [TEST_STEP][PASSED] - for ([j = 0, j &lt; symbols.size(), (j++)]): null

2019-08-10 23:44:37 - [TEST_STEP][PASSED] - symbol = symbol: null

2019-08-10 23:44:37 - [TEST_STEP][PASSED] - println(symbol): null

2019-08-10 23:44:37 - [TEST_STEP][PASSED] - if (i == 2 &amp;&amp; wildList.indexOf(symbol) != -1): null

2019-08-10 23:44:37 - [TEST_STEP][PASSED] - if (i == 3 &amp;&amp; wildList.indexOf(symbol) != -1): null

2019-08-10 23:44:37 - [TEST_STEP][PASSED] - if (i == 4 &amp;&amp; wildList.indexOf(symbol) != -1): null

2019-08-10 23:44:37 - [TEST_STEP][PASSED] - symbol = symbol: null

2019-08-10 23:44:37 - [TEST_STEP][PASSED] - println(symbol): null

2019-08-10 23:44:37 - [TEST_STEP][PASSED] - if (i == 2 &amp;&amp; wildList.indexOf(symbol) != -1): null

2019-08-10 23:44:37 - [TEST_STEP][PASSED] - if (i == 3 &amp;&amp; wildList.indexOf(symbol) != -1): null

2019-08-10 23:44:37 - [TEST_STEP][PASSED] - println("wild found on reel 4, adding counter by 1"): null

2019-08-10 23:44:37 - [TEST_STEP][PASSED] - free_spin_reel_counter[1] = free_spin_reel_counter[1] + 1: null

2019-08-10 23:44:37 - [TEST_STEP][PASSED] - if (i == 4 &amp;&amp; wildList.indexOf(symbol) != -1): null

2019-08-10 23:44:37 - [TEST_STEP][PASSED] - symbol = symbol: null

2019-08-10 23:44:37 - [TEST_STEP][PASSED] - println(symbol): null

2019-08-10 23:44:37 - [TEST_STEP][PASSED] - if (i == 2 &amp;&amp; wildList.indexOf(symbol) != -1): null

2019-08-10 23:44:37 - [TEST_STEP][PASSED] - if (i == 3 &amp;&amp; wildList.indexOf(symbol) != -1): null

2019-08-10 23:44:37 - [TEST_STEP][PASSED] - if (i == 4 &amp;&amp; wildList.indexOf(symbol) != -1): null

2019-08-10 23:44:37 - [TEST_STEP][PASSED] - symbols = symbols: null

2019-08-10 23:44:37 - [TEST_STEP][PASSED] - for ([j = 0, j &lt; symbols.size(), (j++)]): null

2019-08-10 23:44:37 - [TEST_STEP][PASSED] - symbol = symbol: null

2019-08-10 23:44:37 - [TEST_STEP][PASSED] - println(symbol): null

2019-08-10 23:44:37 - [TEST_STEP][PASSED] - if (i == 2 &amp;&amp; wildList.indexOf(symbol) != -1): null

2019-08-10 23:44:37 - [TEST_STEP][PASSED] - if (i == 3 &amp;&amp; wildList.indexOf(symbol) != -1): null

2019-08-10 23:44:37 - [TEST_STEP][PASSED] - if (i == 4 &amp;&amp; wildList.indexOf(symbol) != -1): null

2019-08-10 23:44:37 - [TEST_STEP][PASSED] - println("wild found on reel 5, adding counter by 1"): null

2019-08-10 23:44:37 - [TEST_STEP][PASSED] - free_spin_reel_counter[2] = free_spin_reel_counter[2] + 1: null

2019-08-10 23:44:37 - [TEST_STEP][PASSED] - symbol = symbol: null

2019-08-10 23:44:37 - [TEST_STEP][PASSED] - println(symbol): null

2019-08-10 23:44:37 - [TEST_STEP][PASSED] - if (i == 2 &amp;&amp; wildList.indexOf(symbol) != -1): null

2019-08-10 23:44:37 - [TEST_STEP][PASSED] - if (i == 3 &amp;&amp; wildList.indexOf(symbol) != -1): null

2019-08-10 23:44:37 - [TEST_STEP][PASSED] - if (i == 4 &amp;&amp; wildList.indexOf(symbol) != -1): null

2019-08-10 23:44:37 - [TEST_STEP][PASSED] - symbol = symbol: null

2019-08-10 23:44:37 - [TEST_STEP][PASSED] - println(symbol): null

2019-08-10 23:44:37 - [TEST_STEP][PASSED] - if (i == 2 &amp;&amp; wildList.indexOf(symbol) != -1): null

2019-08-10 23:44:37 - [TEST_STEP][PASSED] - if (i == 3 &amp;&amp; wildList.indexOf(symbol) != -1): null

2019-08-10 23:44:37 - [TEST_STEP][PASSED] - if (i == 4 &amp;&amp; wildList.indexOf(symbol) != -1): null

2019-08-10 23:44:37 - [TEST_STEP][PASSED] - free_spin_reel_counter = free_spin_reel_counter: null

2019-08-10 23:44:37 - [TEST_STEP][PASSED] - println("reel 3 wild found: " + free_spin_reel_counter[0]): null

2019-08-10 23:44:37 - [TEST_STEP][PASSED] - println("reel 4 wild found: " + free_spin_reel_counter[1]): null

2019-08-10 23:44:37 - [TEST_STEP][PASSED] - println("reel 5 wild found: " + free_spin_reel_counter[2]): null

2019-08-10 23:44:37 - [TEST_STEP][PASSED] - M4_spin_reels = M4_spin_reels: null

2019-08-10 23:44:37 - [TEST_STEP][PASSED] - M4_spin_reels_symbols = symbol: null

2019-08-10 23:44:37 - [TEST_STEP][PASSED] - M4_spin_reels_symbols = M4_spin_reels_symbols: null

2019-08-10 23:44:37 - [TEST_STEP][PASSED] - M4_spin_reel_wins = reel_wins: null

2019-08-10 23:44:37 - [TEST_STEP][PASSED] - M4_spin_reel_wins = M4_spin_reel_wins: null

2019-08-10 23:44:37 - [TEST_STEP][PASSED] - println("GlobalVariable.M4_spin_reel_wins is: " + M4_spin_reel_wins): null

2019-08-10 23:44:37 - [TEST_STEP][PASSED] - M4_spin_total_bonus_win_this_round = total_bonus_win_this_round: null

2019-08-10 23:44:37 - [TEST_STEP][PASSED] - M4_spin_total_bonus_win_this_round = M4_spin_total_bonus_win_this_round: null

2019-08-10 23:44:37 - [TEST_STEP][PASSED] - println("GlobalVariable.M4_spin_total_bonus_win_this_round is: " + M4_spin_total_bonus_win_this_round): null

2019-08-10 23:44:37 - [MESSAGE][PASSED] - Verify response successfully

2019-08-10 23:44:37 - [MESSAGE][PASSED] - Send request and verify the response successfully

2019-08-10 23:44:37 - [TEST_STEP][PASSED] - if (M4_total_bonus_spins_int != 0 &amp;&amp; M4_spin_reels_symbols[2].contains("WILD_ExtraFG") || M4_spin_reels_symbols[3].contains("WILD_ExtraFG")): null

2019-08-10 23:44:37 - [TEST_STEP][PASSED] - free_spin_reel_counter = free_spin_reel_counter: null

2019-08-10 23:44:37 - [TEST_STEP][PASSED] - M4_spin_reels_symbols = M4_spin_reels_symbols: null

2019-08-10 23:44:37 - [TEST_STEP][PASSED] - M4_total_bonus_spins = M4_total_bonus_spins: null

2019-08-10 23:44:37 - [TEST_STEP][PASSED] - spin_result = sendRequestAndVerify(findTestObject("RGS(M4)/1_M4_spin", ["M4_login_user_id":M4_login_user_id, "rgs_session_token":rgs_session_token, "partner":Partner])): Send request and verify the response successfully

2019-08-10 23:44:37 - [TEST_CASE][PASSED] - Start Test Case : Verification: Verification accomplished successfully

2019-08-10 23:44:38 - [TEST_STEP][PASSED] - request = getInstance().getCurrentRequest(): null

2019-08-10 23:44:38 - [TEST_STEP][PASSED] - response = getInstance().getCurrentResponse(): null

2019-08-10 23:44:38 - [TEST_STEP][PASSED] - verifyResponseStatusCode(response, 200): Verify response status code successfully

2019-08-10 23:44:38 - [MESSAGE][PASSED] - Verify response status code successfully

2019-08-10 23:44:38 - [TEST_STEP][PASSED] - getStatusCode()).isEqualTo(200): null

2019-08-10 23:44:38 - [TEST_STEP][PASSED] - newline = System.getProperty("line.separator"): null

2019-08-10 23:44:38 - [TEST_STEP][PASSED] - M4_spin = new groovy.json.JsonSlurper(): null

2019-08-10 23:44:38 - [TEST_STEP][PASSED] - result_M4_spin = M4_spin.parseText(response.getResponseBodyContent()): null

2019-08-10 23:44:38 - [TEST_STEP][PASSED] - M4_spin_current_balance = current_balance: null

2019-08-10 23:44:38 - [TEST_STEP][PASSED] - M4_spin_current_balance = M4_spin_current_balance: null

2019-08-10 23:44:38 - [TEST_STEP][PASSED] - M4_spin_transaction_id = causality: null

2019-08-10 23:44:38 - [TEST_STEP][PASSED] - M4_spin_transaction_id = M4_spin_transaction_id: null

2019-08-10 23:44:38 - [TEST_STEP][PASSED] - M4_spin_round_id = round_id: null

2019-08-10 23:44:38 - [TEST_STEP][PASSED] - M4_spin_round_id = M4_spin_round_id: null

2019-08-10 23:44:38 - [TEST_STEP][PASSED] - M4_spin_line_wins = line_wins: null

2019-08-10 23:44:38 - [TEST_STEP][PASSED] - M4_spin_line_wins = M4_spin_line_wins: null

2019-08-10 23:44:38 - [TEST_STEP][PASSED] - M4_total_bonus_spins_int = total_bonus_spins: null

2019-08-10 23:44:38 - [TEST_STEP][PASSED] - println("******M4_total_bonus_spins type is:*******" + newline + getClass().getName()): null

2019-08-10 23:44:38 - [TEST_STEP][PASSED] - M4_total_bonus_spins_int = M4_total_bonus_spins_int: null

2019-08-10 23:44:38 - [TEST_STEP][PASSED] - M4_total_bonus_spins = Integer.toString(M4_total_bonus_spins_int): null

2019-08-10 23:44:38 - [TEST_STEP][PASSED] - M4_total_bonus_spins = M4_total_bonus_spins: null

2019-08-10 23:44:38 - [TEST_STEP][PASSED] - println("M4_total_bonus_spins is:" + M4_total_bonus_spins): null

2019-08-10 23:44:38 - [TEST_STEP][PASSED] - M4_spin_bonus_data = bonus_data: null

2019-08-10 23:44:38 - [TEST_STEP][PASSED] - M4_spin_features_triggered = result_M4_spin: null

2019-08-10 23:44:38 - [TEST_STEP][PASSED] - wild = []: null

2019-08-10 23:44:38 - [TEST_STEP][PASSED] - wild[0] = "WILD_Expanding": null

2019-08-10 23:44:38 - [TEST_STEP][PASSED] - wild[1] = "WILD_Normal": null

2019-08-10 23:44:38 - [TEST_STEP][PASSED] - wild[2] = "WILD_Double": null

2019-08-10 23:44:38 - [TEST_STEP][PASSED] - wild[3] = "WILD_ExtraFG": null

2019-08-10 23:44:38 - [TEST_STEP][PASSED] - wild[4] = "WILD_Triple": null

2019-08-10 23:44:38 - [TEST_STEP][PASSED] - wildList = Arrays.asList(wild): null

2019-08-10 23:44:38 - [TEST_STEP][PASSED] - wildList = wildList: null

2019-08-10 23:44:38 - [TEST_STEP][PASSED] - free_spin_reel_counter = []: null

2019-08-10 23:44:38 - [TEST_STEP][PASSED] - free_spin_reel_counter[0] = 0: null

2019-08-10 23:44:38 - [TEST_STEP][PASSED] - free_spin_reel_counter[1] = 0: null

2019-08-10 23:44:38 - [TEST_STEP][PASSED] - free_spin_reel_counter[2] = 0: null

2019-08-10 23:44:38 - [TEST_STEP][PASSED] - M4_spin_reels = reels: null

2019-08-10 23:44:38 - [TEST_STEP][PASSED] - for ([i = 0, i &lt; M4_spin_reels.size(), (i++)]): null

2019-08-10 23:44:38 - [TEST_STEP][PASSED] - symbols = symbols: null

2019-08-10 23:44:38 - [TEST_STEP][PASSED] - for ([j = 0, j &lt; symbols.size(), (j++)]): null

2019-08-10 23:44:38 - [TEST_STEP][PASSED] - symbol = symbol: null

2019-08-10 23:44:38 - [TEST_STEP][PASSED] - println(symbol): null

2019-08-10 23:44:38 - [TEST_STEP][PASSED] - if (i == 2 &amp;&amp; wildList.indexOf(symbol) != -1): null

2019-08-10 23:44:38 - [TEST_STEP][PASSED] - if (i == 3 &amp;&amp; wildList.indexOf(symbol) != -1): null

2019-08-10 23:44:38 - [TEST_STEP][PASSED] - if (i == 4 &amp;&amp; wildList.indexOf(symbol) != -1): null

2019-08-10 23:44:38 - [TEST_STEP][PASSED] - symbol = symbol: null

2019-08-10 23:44:38 - [TEST_STEP][PASSED] - println(symbol): null

2019-08-10 23:44:38 - [TEST_STEP][PASSED] - if (i == 2 &amp;&amp; wildList.indexOf(symbol) != -1): null

2019-08-10 23:44:38 - [TEST_STEP][PASSED] - if (i == 3 &amp;&amp; wildList.indexOf(symbol) != -1): null

2019-08-10 23:44:38 - [TEST_STEP][PASSED] - if (i == 4 &amp;&amp; wildList.indexOf(symbol) != -1): null

2019-08-10 23:44:38 - [TEST_STEP][PASSED] - symbol = symbol: null

2019-08-10 23:44:38 - [TEST_STEP][PASSED] - println(symbol): null

2019-08-10 23:44:38 - [TEST_STEP][PASSED] - if (i == 2 &amp;&amp; wildList.indexOf(symbol) != -1): null

2019-08-10 23:44:38 - [TEST_STEP][PASSED] - if (i == 3 &amp;&amp; wildList.indexOf(symbol) != -1): null

2019-08-10 23:44:38 - [TEST_STEP][PASSED] - if (i == 4 &amp;&amp; wildList.indexOf(symbol) != -1): null

2019-08-10 23:44:38 - [TEST_STEP][PASSED] - symbols = symbols: null

2019-08-10 23:44:38 - [TEST_STEP][PASSED] - for ([j = 0, j &lt; symbols.size(), (j++)]): null

2019-08-10 23:44:38 - [TEST_STEP][PASSED] - symbol = symbol: null

2019-08-10 23:44:38 - [TEST_STEP][PASSED] - println(symbol): null

2019-08-10 23:44:38 - [TEST_STEP][PASSED] - if (i == 2 &amp;&amp; wildList.indexOf(symbol) != -1): null

2019-08-10 23:44:38 - [TEST_STEP][PASSED] - if (i == 3 &amp;&amp; wildList.indexOf(symbol) != -1): null

2019-08-10 23:44:38 - [TEST_STEP][PASSED] - if (i == 4 &amp;&amp; wildList.indexOf(symbol) != -1): null

2019-08-10 23:44:38 - [TEST_STEP][PASSED] - symbol = symbol: null

2019-08-10 23:44:38 - [TEST_STEP][PASSED] - println(symbol): null

2019-08-10 23:44:38 - [TEST_STEP][PASSED] - if (i == 2 &amp;&amp; wildList.indexOf(symbol) != -1): null

2019-08-10 23:44:38 - [TEST_STEP][PASSED] - if (i == 3 &amp;&amp; wildList.indexOf(symbol) != -1): null

2019-08-10 23:44:38 - [TEST_STEP][PASSED] - if (i == 4 &amp;&amp; wildList.indexOf(symbol) != -1): null

2019-08-10 23:44:38 - [TEST_STEP][PASSED] - symbol = symbol: null

2019-08-10 23:44:38 - [TEST_STEP][PASSED] - println(symbol): null

2019-08-10 23:44:38 - [TEST_STEP][PASSED] - if (i == 2 &amp;&amp; wildList.indexOf(symbol) != -1): null

2019-08-10 23:44:38 - [TEST_STEP][PASSED] - if (i == 3 &amp;&amp; wildList.indexOf(symbol) != -1): null

2019-08-10 23:44:38 - [TEST_STEP][PASSED] - if (i == 4 &amp;&amp; wildList.indexOf(symbol) != -1): null

2019-08-10 23:44:38 - [TEST_STEP][PASSED] - symbols = symbols: null

2019-08-10 23:44:38 - [TEST_STEP][PASSED] - for ([j = 0, j &lt; symbols.size(), (j++)]): null

2019-08-10 23:44:38 - [TEST_STEP][PASSED] - symbol = symbol: null

2019-08-10 23:44:38 - [TEST_STEP][PASSED] - println(symbol): null

2019-08-10 23:44:38 - [TEST_STEP][PASSED] - if (i == 2 &amp;&amp; wildList.indexOf(symbol) != -1): null

2019-08-10 23:44:38 - [TEST_STEP][PASSED] - if (i == 3 &amp;&amp; wildList.indexOf(symbol) != -1): null

2019-08-10 23:44:38 - [TEST_STEP][PASSED] - if (i == 4 &amp;&amp; wildList.indexOf(symbol) != -1): null

2019-08-10 23:44:38 - [TEST_STEP][PASSED] - symbol = symbol: null

2019-08-10 23:44:38 - [TEST_STEP][PASSED] - println(symbol): null

2019-08-10 23:44:38 - [TEST_STEP][PASSED] - if (i == 2 &amp;&amp; wildList.indexOf(symbol) != -1): null

2019-08-10 23:44:38 - [TEST_STEP][PASSED] - if (i == 3 &amp;&amp; wildList.indexOf(symbol) != -1): null

2019-08-10 23:44:38 - [TEST_STEP][PASSED] - if (i == 4 &amp;&amp; wildList.indexOf(symbol) != -1): null

2019-08-10 23:44:38 - [TEST_STEP][PASSED] - symbol = symbol: null

2019-08-10 23:44:38 - [TEST_STEP][PASSED] - println(symbol): null

2019-08-10 23:44:38 - [TEST_STEP][PASSED] - if (i == 2 &amp;&amp; wildList.indexOf(symbol) != -1): null

2019-08-10 23:44:38 - [TEST_STEP][PASSED] - if (i == 3 &amp;&amp; wildList.indexOf(symbol) != -1): null

2019-08-10 23:44:38 - [TEST_STEP][PASSED] - if (i == 4 &amp;&amp; wildList.indexOf(symbol) != -1): null

2019-08-10 23:44:38 - [TEST_STEP][PASSED] - symbols = symbols: null

2019-08-10 23:44:38 - [TEST_STEP][PASSED] - for ([j = 0, j &lt; symbols.size(), (j++)]): null

2019-08-10 23:44:38 - [TEST_STEP][PASSED] - symbol = symbol: null

2019-08-10 23:44:38 - [TEST_STEP][PASSED] - println(symbol): null

2019-08-10 23:44:38 - [TEST_STEP][PASSED] - if (i == 2 &amp;&amp; wildList.indexOf(symbol) != -1): null

2019-08-10 23:44:38 - [TEST_STEP][PASSED] - if (i == 3 &amp;&amp; wildList.indexOf(symbol) != -1): null

2019-08-10 23:44:38 - [TEST_STEP][PASSED] - if (i == 4 &amp;&amp; wildList.indexOf(symbol) != -1): null

2019-08-10 23:44:38 - [TEST_STEP][PASSED] - symbol = symbol: null

2019-08-10 23:44:38 - [TEST_STEP][PASSED] - println(symbol): null

2019-08-10 23:44:38 - [TEST_STEP][PASSED] - if (i == 2 &amp;&amp; wildList.indexOf(symbol) != -1): null

2019-08-10 23:44:38 - [TEST_STEP][PASSED] - if (i == 3 &amp;&amp; wildList.indexOf(symbol) != -1): null

2019-08-10 23:44:38 - [TEST_STEP][PASSED] - if (i == 4 &amp;&amp; wildList.indexOf(symbol) != -1): null

2019-08-10 23:44:38 - [TEST_STEP][PASSED] - symbol = symbol: null

2019-08-10 23:44:38 - [TEST_STEP][PASSED] - println(symbol): null

2019-08-10 23:44:38 - [TEST_STEP][PASSED] - if (i == 2 &amp;&amp; wildList.indexOf(symbol) != -1): null

2019-08-10 23:44:38 - [TEST_STEP][PASSED] - if (i == 3 &amp;&amp; wildList.indexOf(symbol) != -1): null

2019-08-10 23:44:38 - [TEST_STEP][PASSED] - if (i == 4 &amp;&amp; wildList.indexOf(symbol) != -1): null

2019-08-10 23:44:38 - [TEST_STEP][PASSED] - symbols = symbols: null

2019-08-10 23:44:38 - [TEST_STEP][PASSED] - for ([j = 0, j &lt; symbols.size(), (j++)]): null

2019-08-10 23:44:38 - [TEST_STEP][PASSED] - symbol = symbol: null

2019-08-10 23:44:38 - [TEST_STEP][PASSED] - println(symbol): null

2019-08-10 23:44:38 - [TEST_STEP][PASSED] - if (i == 2 &amp;&amp; wildList.indexOf(symbol) != -1): null

2019-08-10 23:44:38 - [TEST_STEP][PASSED] - if (i == 3 &amp;&amp; wildList.indexOf(symbol) != -1): null

2019-08-10 23:44:38 - [TEST_STEP][PASSED] - if (i == 4 &amp;&amp; wildList.indexOf(symbol) != -1): null

2019-08-10 23:44:38 - [TEST_STEP][PASSED] - symbol = symbol: null

2019-08-10 23:44:38 - [TEST_STEP][PASSED] - println(symbol): null

2019-08-10 23:44:38 - [TEST_STEP][PASSED] - if (i == 2 &amp;&amp; wildList.indexOf(symbol) != -1): null

2019-08-10 23:44:38 - [TEST_STEP][PASSED] - if (i == 3 &amp;&amp; wildList.indexOf(symbol) != -1): null

2019-08-10 23:44:38 - [TEST_STEP][PASSED] - if (i == 4 &amp;&amp; wildList.indexOf(symbol) != -1): null

2019-08-10 23:44:38 - [TEST_STEP][PASSED] - symbol = symbol: null

2019-08-10 23:44:38 - [TEST_STEP][PASSED] - println(symbol): null

2019-08-10 23:44:38 - [TEST_STEP][PASSED] - if (i == 2 &amp;&amp; wildList.indexOf(symbol) != -1): null

2019-08-10 23:44:38 - [TEST_STEP][PASSED] - if (i == 3 &amp;&amp; wildList.indexOf(symbol) != -1): null

2019-08-10 23:44:38 - [TEST_STEP][PASSED] - if (i == 4 &amp;&amp; wildList.indexOf(symbol) != -1): null

2019-08-10 23:44:38 - [TEST_STEP][PASSED] - free_spin_reel_counter = free_spin_reel_counter: null

2019-08-10 23:44:38 - [TEST_STEP][PASSED] - println("reel 3 wild found: " + free_spin_reel_counter[0]): null

2019-08-10 23:44:38 - [TEST_STEP][PASSED] - println("reel 4 wild found: " + free_spin_reel_counter[1]): null

2019-08-10 23:44:38 - [TEST_STEP][PASSED] - println("reel 5 wild found: " + free_spin_reel_counter[2]): null

2019-08-10 23:44:38 - [TEST_STEP][PASSED] - M4_spin_reels = M4_spin_reels: null

2019-08-10 23:44:38 - [TEST_STEP][PASSED] - M4_spin_reels_symbols = symbol: null

2019-08-10 23:44:38 - [TEST_STEP][PASSED] - M4_spin_reels_symbols = M4_spin_reels_symbols: null

2019-08-10 23:44:38 - [TEST_STEP][PASSED] - M4_spin_reel_wins = reel_wins: null

2019-08-10 23:44:38 - [TEST_STEP][PASSED] - M4_spin_reel_wins = M4_spin_reel_wins: null

2019-08-10 23:44:38 - [TEST_STEP][PASSED] - println("GlobalVariable.M4_spin_reel_wins is: " + M4_spin_reel_wins): null

2019-08-10 23:44:38 - [TEST_STEP][PASSED] - M4_spin_total_bonus_win_this_round = total_bonus_win_this_round: null

2019-08-10 23:44:38 - [TEST_STEP][PASSED] - M4_spin_total_bonus_win_this_round = M4_spin_total_bonus_win_this_round: null

2019-08-10 23:44:38 - [TEST_STEP][PASSED] - println("GlobalVariable.M4_spin_total_bonus_win_this_round is: " + M4_spin_total_bonus_win_this_round): null

2019-08-10 23:44:38 - [MESSAGE][PASSED] - Verify response successfully

2019-08-10 23:44:38 - [MESSAGE][PASSED] - Send request and verify the response successfully

2019-08-10 23:44:38 - [TEST_STEP][PASSED] - if (M4_total_bonus_spins_int != 0 &amp;&amp; M4_spin_reels_symbols[2].contains("WILD_ExtraFG") || M4_spin_reels_symbols[3].contains("WILD_ExtraFG")): null

2019-08-10 23:44:38 - [TEST_STEP][PASSED] - free_spin_reel_counter = free_spin_reel_counter: null

2019-08-10 23:44:38 - [TEST_STEP][PASSED] - M4_spin_reels_symbols = M4_spin_reels_symbols: null

2019-08-10 23:44:38 - [TEST_STEP][PASSED] - M4_total_bonus_spins = M4_total_bonus_spins: null

2019-08-10 23:44:38 - [TEST_STEP][PASSED] - spin_result = sendRequestAndVerify(findTestObject("RGS(M4)/1_M4_spin", ["M4_login_user_id":M4_login_user_id, "rgs_session_token":rgs_session_token, "partner":Partner])): Send request and verify the response successfully

2019-08-10 23:44:38 - [TEST_CASE][PASSED] - Start Test Case : Verification: Verification accomplished successfully

2019-08-10 23:44:38 - [TEST_STEP][PASSED] - request = getInstance().getCurrentRequest(): null

2019-08-10 23:44:38 - [TEST_STEP][PASSED] - response = getInstance().getCurrentResponse(): null

2019-08-10 23:44:38 - [TEST_STEP][PASSED] - verifyResponseStatusCode(response, 200): Verify response status code successfully

2019-08-10 23:44:38 - [MESSAGE][PASSED] - Verify response status code successfully

2019-08-10 23:44:38 - [TEST_STEP][PASSED] - getStatusCode()).isEqualTo(200): null

2019-08-10 23:44:38 - [TEST_STEP][PASSED] - newline = System.getProperty("line.separator"): null

2019-08-10 23:44:38 - [TEST_STEP][PASSED] - M4_spin = new groovy.json.JsonSlurper(): null

2019-08-10 23:44:38 - [TEST_STEP][PASSED] - result_M4_spin = M4_spin.parseText(response.getResponseBodyContent()): null

2019-08-10 23:44:38 - [TEST_STEP][PASSED] - M4_spin_current_balance = current_balance: null

2019-08-10 23:44:38 - [TEST_STEP][PASSED] - M4_spin_current_balance = M4_spin_current_balance: null

2019-08-10 23:44:38 - [TEST_STEP][PASSED] - M4_spin_transaction_id = causality: null

2019-08-10 23:44:38 - [TEST_STEP][PASSED] - M4_spin_transaction_id = M4_spin_transaction_id: null

2019-08-10 23:44:38 - [TEST_STEP][PASSED] - M4_spin_round_id = round_id: null

2019-08-10 23:44:38 - [TEST_STEP][PASSED] - M4_spin_round_id = M4_spin_round_id: null

2019-08-10 23:44:38 - [TEST_STEP][PASSED] - M4_spin_line_wins = line_wins: null

2019-08-10 23:44:38 - [TEST_STEP][PASSED] - M4_spin_line_wins = M4_spin_line_wins: null

2019-08-10 23:44:38 - [TEST_STEP][PASSED] - M4_total_bonus_spins_int = total_bonus_spins: null

2019-08-10 23:44:38 - [TEST_STEP][PASSED] - println("******M4_total_bonus_spins type is:*******" + newline + getClass().getName()): null

2019-08-10 23:44:38 - [TEST_STEP][PASSED] - M4_total_bonus_spins_int = M4_total_bonus_spins_int: null

2019-08-10 23:44:38 - [TEST_STEP][PASSED] - M4_total_bonus_spins = Integer.toString(M4_total_bonus_spins_int): null

2019-08-10 23:44:38 - [TEST_STEP][PASSED] - M4_total_bonus_spins = M4_total_bonus_spins: null

2019-08-10 23:44:38 - [TEST_STEP][PASSED] - println("M4_total_bonus_spins is:" + M4_total_bonus_spins): null

2019-08-10 23:44:38 - [TEST_STEP][PASSED] - M4_spin_bonus_data = bonus_data: null

2019-08-10 23:44:38 - [TEST_STEP][PASSED] - M4_spin_features_triggered = result_M4_spin: null

2019-08-10 23:44:38 - [TEST_STEP][PASSED] - wild = []: null

2019-08-10 23:44:38 - [TEST_STEP][PASSED] - wild[0] = "WILD_Expanding": null

2019-08-10 23:44:38 - [TEST_STEP][PASSED] - wild[1] = "WILD_Normal": null

2019-08-10 23:44:38 - [TEST_STEP][PASSED] - wild[2] = "WILD_Double": null

2019-08-10 23:44:38 - [TEST_STEP][PASSED] - wild[3] = "WILD_ExtraFG": null

2019-08-10 23:44:38 - [TEST_STEP][PASSED] - wild[4] = "WILD_Triple": null

2019-08-10 23:44:38 - [TEST_STEP][PASSED] - wildList = Arrays.asList(wild): null

2019-08-10 23:44:38 - [TEST_STEP][PASSED] - wildList = wildList: null

2019-08-10 23:44:38 - [TEST_STEP][PASSED] - free_spin_reel_counter = []: null

2019-08-10 23:44:38 - [TEST_STEP][PASSED] - free_spin_reel_counter[0] = 0: null

2019-08-10 23:44:38 - [TEST_STEP][PASSED] - free_spin_reel_counter[1] = 0: null

2019-08-10 23:44:38 - [TEST_STEP][PASSED] - free_spin_reel_counter[2] = 0: null

2019-08-10 23:44:38 - [TEST_STEP][PASSED] - M4_spin_reels = reels: null

2019-08-10 23:44:38 - [TEST_STEP][PASSED] - for ([i = 0, i &lt; M4_spin_reels.size(), (i++)]): null

2019-08-10 23:44:38 - [TEST_STEP][PASSED] - symbols = symbols: null

2019-08-10 23:44:38 - [TEST_STEP][PASSED] - for ([j = 0, j &lt; symbols.size(), (j++)]): null

2019-08-10 23:44:38 - [TEST_STEP][PASSED] - symbol = symbol: null

2019-08-10 23:44:41 - [TEST_STEP][PASSED] - println(symbol): null

2019-08-10 23:44:41 - [TEST_STEP][PASSED] - if (i == 2 &amp;&amp; wildList.indexOf(symbol) != -1): null

2019-08-10 23:44:41 - [TEST_STEP][PASSED] - if (i == 3 &amp;&amp; wildList.indexOf(symbol) != -1): null

2019-08-10 23:44:41 - [TEST_STEP][PASSED] - if (i == 4 &amp;&amp; wildList.indexOf(symbol) != -1): null

2019-08-10 23:44:41 - [TEST_STEP][PASSED] - symbol = symbol: null

2019-08-10 23:44:41 - [TEST_STEP][PASSED] - println(symbol): null

2019-08-10 23:44:41 - [TEST_STEP][PASSED] - if (i == 2 &amp;&amp; wildList.indexOf(symbol) != -1): null

2019-08-10 23:44:41 - [TEST_STEP][PASSED] - if (i == 3 &amp;&amp; wildList.indexOf(symbol) != -1): null

2019-08-10 23:44:41 - [TEST_STEP][PASSED] - if (i == 4 &amp;&amp; wildList.indexOf(symbol) != -1): null

2019-08-10 23:44:41 - [TEST_STEP][PASSED] - symbol = symbol: null

2019-08-10 23:44:41 - [TEST_STEP][PASSED] - println(symbol): null

2019-08-10 23:44:41 - [TEST_STEP][PASSED] - if (i == 2 &amp;&amp; wildList.indexOf(symbol) != -1): null

2019-08-10 23:44:41 - [TEST_STEP][PASSED] - if (i == 3 &amp;&amp; wildList.indexOf(symbol) != -1): null

2019-08-10 23:44:41 - [TEST_STEP][PASSED] - if (i == 4 &amp;&amp; wildList.indexOf(symbol) != -1): null

2019-08-10 23:44:41 - [TEST_STEP][PASSED] - symbols = symbols: null

2019-08-10 23:44:41 - [TEST_STEP][PASSED] - for ([j = 0, j &lt; symbols.size(), (j++)]): null

2019-08-10 23:44:41 - [TEST_STEP][PASSED] - symbol = symbol: null

2019-08-10 23:44:41 - [TEST_STEP][PASSED] - println(symbol): null

2019-08-10 23:44:41 - [TEST_STEP][PASSED] - if (i == 2 &amp;&amp; wildList.indexOf(symbol) != -1): null

2019-08-10 23:44:41 - [TEST_STEP][PASSED] - if (i == 3 &amp;&amp; wildList.indexOf(symbol) != -1): null

2019-08-10 23:44:41 - [TEST_STEP][PASSED] - if (i == 4 &amp;&amp; wildList.indexOf(symbol) != -1): null

2019-08-10 23:44:41 - [TEST_STEP][PASSED] - symbol = symbol: null

2019-08-10 23:44:41 - [TEST_STEP][PASSED] - println(symbol): null

2019-08-10 23:44:41 - [TEST_STEP][PASSED] - if (i == 2 &amp;&amp; wildList.indexOf(symbol) != -1): null

2019-08-10 23:44:41 - [TEST_STEP][PASSED] - if (i == 3 &amp;&amp; wildList.indexOf(symbol) != -1): null

2019-08-10 23:44:41 - [TEST_STEP][PASSED] - if (i == 4 &amp;&amp; wildList.indexOf(symbol) != -1): null

2019-08-10 23:44:41 - [TEST_STEP][PASSED] - symbol = symbol: null

2019-08-10 23:44:41 - [TEST_STEP][PASSED] - println(symbol): null

2019-08-10 23:44:41 - [TEST_STEP][PASSED] - if (i == 2 &amp;&amp; wildList.indexOf(symbol) != -1): null

2019-08-10 23:44:41 - [TEST_STEP][PASSED] - if (i == 3 &amp;&amp; wildList.indexOf(symbol) != -1): null

2019-08-10 23:44:41 - [TEST_STEP][PASSED] - if (i == 4 &amp;&amp; wildList.indexOf(symbol) != -1): null

2019-08-10 23:44:41 - [TEST_STEP][PASSED] - symbols = symbols: null

2019-08-10 23:44:41 - [TEST_STEP][PASSED] - for ([j = 0, j &lt; symbols.size(), (j++)]): null

2019-08-10 23:44:41 - [TEST_STEP][PASSED] - symbol = symbol: null

2019-08-10 23:44:41 - [TEST_STEP][PASSED] - println(symbol): null

2019-08-10 23:44:41 - [TEST_STEP][PASSED] - if (i == 2 &amp;&amp; wildList.indexOf(symbol) != -1): null

2019-08-10 23:44:41 - [TEST_STEP][PASSED] - if (i == 3 &amp;&amp; wildList.indexOf(symbol) != -1): null

2019-08-10 23:44:41 - [TEST_STEP][PASSED] - if (i == 4 &amp;&amp; wildList.indexOf(symbol) != -1): null

2019-08-10 23:44:41 - [TEST_STEP][PASSED] - symbol = symbol: null

2019-08-10 23:44:41 - [TEST_STEP][PASSED] - println(symbol): null

2019-08-10 23:44:41 - [TEST_STEP][PASSED] - if (i == 2 &amp;&amp; wildList.indexOf(symbol) != -1): null

2019-08-10 23:44:41 - [TEST_STEP][PASSED] - if (i == 3 &amp;&amp; wildList.indexOf(symbol) != -1): null

2019-08-10 23:44:41 - [TEST_STEP][PASSED] - if (i == 4 &amp;&amp; wildList.indexOf(symbol) != -1): null

2019-08-10 23:44:41 - [TEST_STEP][PASSED] - symbol = symbol: null

2019-08-10 23:44:41 - [TEST_STEP][PASSED] - println(symbol): null

2019-08-10 23:44:41 - [TEST_STEP][PASSED] - if (i == 2 &amp;&amp; wildList.indexOf(symbol) != -1): null

2019-08-10 23:44:41 - [TEST_STEP][PASSED] - if (i == 3 &amp;&amp; wildList.indexOf(symbol) != -1): null

2019-08-10 23:44:41 - [TEST_STEP][PASSED] - if (i == 4 &amp;&amp; wildList.indexOf(symbol) != -1): null

2019-08-10 23:44:41 - [TEST_STEP][PASSED] - symbols = symbols: null

2019-08-10 23:44:41 - [TEST_STEP][PASSED] - for ([j = 0, j &lt; symbols.size(), (j++)]): null

2019-08-10 23:44:41 - [TEST_STEP][PASSED] - symbol = symbol: null

2019-08-10 23:44:41 - [TEST_STEP][PASSED] - println(symbol): null

2019-08-10 23:44:41 - [TEST_STEP][PASSED] - if (i == 2 &amp;&amp; wildList.indexOf(symbol) != -1): null

2019-08-10 23:44:41 - [TEST_STEP][PASSED] - if (i == 3 &amp;&amp; wildList.indexOf(symbol) != -1): null

2019-08-10 23:44:41 - [TEST_STEP][PASSED] - if (i == 4 &amp;&amp; wildList.indexOf(symbol) != -1): null

2019-08-10 23:44:41 - [TEST_STEP][PASSED] - symbol = symbol: null

2019-08-10 23:44:41 - [TEST_STEP][PASSED] - println(symbol): null

2019-08-10 23:44:41 - [TEST_STEP][PASSED] - if (i == 2 &amp;&amp; wildList.indexOf(symbol) != -1): null

2019-08-10 23:44:41 - [TEST_STEP][PASSED] - if (i == 3 &amp;&amp; wildList.indexOf(symbol) != -1): null

2019-08-10 23:44:41 - [TEST_STEP][PASSED] - if (i == 4 &amp;&amp; wildList.indexOf(symbol) != -1): null

2019-08-10 23:44:41 - [TEST_STEP][PASSED] - symbol = symbol: null

2019-08-10 23:44:41 - [TEST_STEP][PASSED] - println(symbol): null

2019-08-10 23:44:41 - [TEST_STEP][PASSED] - if (i == 2 &amp;&amp; wildList.indexOf(symbol) != -1): null

2019-08-10 23:44:41 - [TEST_STEP][PASSED] - if (i == 3 &amp;&amp; wildList.indexOf(symbol) != -1): null

2019-08-10 23:44:41 - [TEST_STEP][PASSED] - if (i == 4 &amp;&amp; wildList.indexOf(symbol) != -1): null

2019-08-10 23:44:41 - [TEST_STEP][PASSED] - symbols = symbols: null

2019-08-10 23:44:41 - [TEST_STEP][PASSED] - for ([j = 0, j &lt; symbols.size(), (j++)]): null

2019-08-10 23:44:41 - [TEST_STEP][PASSED] - symbol = symbol: null

2019-08-10 23:44:41 - [TEST_STEP][PASSED] - println(symbol): null

2019-08-10 23:44:41 - [TEST_STEP][PASSED] - if (i == 2 &amp;&amp; wildList.indexOf(symbol) != -1): null

2019-08-10 23:44:41 - [TEST_STEP][PASSED] - if (i == 3 &amp;&amp; wildList.indexOf(symbol) != -1): null

2019-08-10 23:44:41 - [TEST_STEP][PASSED] - if (i == 4 &amp;&amp; wildList.indexOf(symbol) != -1): null

2019-08-10 23:44:41 - [TEST_STEP][PASSED] - symbol = symbol: null

2019-08-10 23:44:41 - [TEST_STEP][PASSED] - println(symbol): null

2019-08-10 23:44:41 - [TEST_STEP][PASSED] - if (i == 2 &amp;&amp; wildList.indexOf(symbol) != -1): null

2019-08-10 23:44:41 - [TEST_STEP][PASSED] - if (i == 3 &amp;&amp; wildList.indexOf(symbol) != -1): null

2019-08-10 23:44:41 - [TEST_STEP][PASSED] - if (i == 4 &amp;&amp; wildList.indexOf(symbol) != -1): null

2019-08-10 23:44:41 - [TEST_STEP][PASSED] - symbol = symbol: null

2019-08-10 23:44:41 - [TEST_STEP][PASSED] - println(symbol): null

2019-08-10 23:44:41 - [TEST_STEP][PASSED] - if (i == 2 &amp;&amp; wildList.indexOf(symbol) != -1): null

2019-08-10 23:44:41 - [TEST_STEP][PASSED] - if (i == 3 &amp;&amp; wildList.indexOf(symbol) != -1): null

2019-08-10 23:44:41 - [TEST_STEP][PASSED] - if (i == 4 &amp;&amp; wildList.indexOf(symbol) != -1): null

2019-08-10 23:44:41 - [TEST_STEP][PASSED] - free_spin_reel_counter = free_spin_reel_counter: null

2019-08-10 23:44:41 - [TEST_STEP][PASSED] - println("reel 3 wild found: " + free_spin_reel_counter[0]): null

2019-08-10 23:44:41 - [TEST_STEP][PASSED] - println("reel 4 wild found: " + free_spin_reel_counter[1]): null

2019-08-10 23:44:41 - [TEST_STEP][PASSED] - println("reel 5 wild found: " + free_spin_reel_counter[2]): null

2019-08-10 23:44:41 - [TEST_STEP][PASSED] - M4_spin_reels = M4_spin_reels: null

2019-08-10 23:44:41 - [TEST_STEP][PASSED] - M4_spin_reels_symbols = symbol: null

2019-08-10 23:44:41 - [TEST_STEP][PASSED] - M4_spin_reels_symbols = M4_spin_reels_symbols: null

2019-08-10 23:44:41 - [TEST_STEP][PASSED] - M4_spin_reel_wins = reel_wins: null

2019-08-10 23:44:41 - [TEST_STEP][PASSED] - M4_spin_reel_wins = M4_spin_reel_wins: null

2019-08-10 23:44:41 - [TEST_STEP][PASSED] - println("GlobalVariable.M4_spin_reel_wins is: " + M4_spin_reel_wins): null

2019-08-10 23:44:41 - [TEST_STEP][PASSED] - M4_spin_total_bonus_win_this_round = total_bonus_win_this_round: null

2019-08-10 23:44:41 - [TEST_STEP][PASSED] - M4_spin_total_bonus_win_this_round = M4_spin_total_bonus_win_this_round: null

2019-08-10 23:44:41 - [TEST_STEP][PASSED] - println("GlobalVariable.M4_spin_total_bonus_win_this_round is: " + M4_spin_total_bonus_win_this_round): null

2019-08-10 23:44:41 - [MESSAGE][PASSED] - Verify response successfully

2019-08-10 23:44:41 - [MESSAGE][PASSED] - Send request and verify the response successfully

2019-08-10 23:44:41 - [TEST_STEP][PASSED] - if (M4_total_bonus_spins_int != 0 &amp;&amp; M4_spin_reels_symbols[2].contains("WILD_ExtraFG") || M4_spin_reels_symbols[3].contains("WILD_ExtraFG")): null

2019-08-10 23:44:41 - [TEST_STEP][PASSED] - free_spin_reel_counter = free_spin_reel_counter: null

2019-08-10 23:44:41 - [TEST_STEP][PASSED] - M4_spin_reels_symbols = M4_spin_reels_symbols: null

2019-08-10 23:44:41 - [TEST_STEP][PASSED] - M4_total_bonus_spins = M4_total_bonus_spins: null

2019-08-10 23:44:41 - [TEST_STEP][PASSED] - spin_result = sendRequestAndVerify(findTestObject("RGS(M4)/1_M4_spin", ["M4_login_user_id":M4_login_user_id, "rgs_session_token":rgs_session_token, "partner":Partner])): Send request and verify the response successfully

2019-08-10 23:44:42 - [TEST_CASE][PASSED] - Start Test Case : Verification: Verification accomplished successfully

2019-08-10 23:44:42 - [TEST_STEP][PASSED] - request = getInstance().getCurrentRequest(): null

2019-08-10 23:44:42 - [TEST_STEP][PASSED] - response = getInstance().getCurrentResponse(): null

2019-08-10 23:44:42 - [TEST_STEP][PASSED] - verifyResponseStatusCode(response, 200): Verify response status code successfully

2019-08-10 23:44:42 - [MESSAGE][PASSED] - Verify response status code successfully

2019-08-10 23:44:42 - [TEST_STEP][PASSED] - getStatusCode()).isEqualTo(200): null

2019-08-10 23:44:42 - [TEST_STEP][PASSED] - newline = System.getProperty("line.separator"): null

2019-08-10 23:44:42 - [TEST_STEP][PASSED] - M4_spin = new groovy.json.JsonSlurper(): null

2019-08-10 23:44:42 - [TEST_STEP][PASSED] - result_M4_spin = M4_spin.parseText(response.getResponseBodyContent()): null

2019-08-10 23:44:42 - [TEST_STEP][PASSED] - M4_spin_current_balance = current_balance: null

2019-08-10 23:44:42 - [TEST_STEP][PASSED] - M4_spin_current_balance = M4_spin_current_balance: null

2019-08-10 23:44:42 - [TEST_STEP][PASSED] - M4_spin_transaction_id = causality: null

2019-08-10 23:44:42 - [TEST_STEP][PASSED] - M4_spin_transaction_id = M4_spin_transaction_id: null

2019-08-10 23:44:42 - [TEST_STEP][PASSED] - M4_spin_round_id = round_id: null

2019-08-10 23:44:42 - [TEST_STEP][PASSED] - M4_spin_round_id = M4_spin_round_id: null

2019-08-10 23:44:42 - [TEST_STEP][PASSED] - M4_spin_line_wins = line_wins: null

2019-08-10 23:44:42 - [TEST_STEP][PASSED] - M4_spin_line_wins = M4_spin_line_wins: null

2019-08-10 23:44:42 - [TEST_STEP][PASSED] - M4_total_bonus_spins_int = total_bonus_spins: null

2019-08-10 23:44:42 - [TEST_STEP][PASSED] - println("******M4_total_bonus_spins type is:*******" + newline + getClass().getName()): null

2019-08-10 23:44:42 - [TEST_STEP][PASSED] - M4_total_bonus_spins_int = M4_total_bonus_spins_int: null

2019-08-10 23:44:42 - [TEST_STEP][PASSED] - M4_total_bonus_spins = Integer.toString(M4_total_bonus_spins_int): null

2019-08-10 23:44:42 - [TEST_STEP][PASSED] - M4_total_bonus_spins = M4_total_bonus_spins: null

2019-08-10 23:44:42 - [TEST_STEP][PASSED] - println("M4_total_bonus_spins is:" + M4_total_bonus_spins): null

2019-08-10 23:44:42 - [TEST_STEP][PASSED] - M4_spin_bonus_data = bonus_data: null

2019-08-10 23:44:42 - [TEST_STEP][PASSED] - M4_spin_features_triggered = result_M4_spin: null

2019-08-10 23:44:42 - [TEST_STEP][PASSED] - wild = []: null

2019-08-10 23:44:42 - [TEST_STEP][PASSED] - wild[0] = "WILD_Expanding": null

2019-08-10 23:44:42 - [TEST_STEP][PASSED] - wild[1] = "WILD_Normal": null

2019-08-10 23:44:42 - [TEST_STEP][PASSED] - wild[2] = "WILD_Double": null

2019-08-10 23:44:42 - [TEST_STEP][PASSED] - wild[3] = "WILD_ExtraFG": null

2019-08-10 23:44:42 - [TEST_STEP][PASSED] - wild[4] = "WILD_Triple": null

2019-08-10 23:44:42 - [TEST_STEP][PASSED] - wildList = Arrays.asList(wild): null

2019-08-10 23:44:42 - [TEST_STEP][PASSED] - wildList = wildList: null

2019-08-10 23:44:42 - [TEST_STEP][PASSED] - free_spin_reel_counter = []: null

2019-08-10 23:44:42 - [TEST_STEP][PASSED] - free_spin_reel_counter[0] = 0: null

2019-08-10 23:44:42 - [TEST_STEP][PASSED] - free_spin_reel_counter[1] = 0: null

2019-08-10 23:44:42 - [TEST_STEP][PASSED] - free_spin_reel_counter[2] = 0: null

2019-08-10 23:44:42 - [TEST_STEP][PASSED] - M4_spin_reels = reels: null

2019-08-10 23:44:42 - [TEST_STEP][PASSED] - for ([i = 0, i &lt; M4_spin_reels.size(), (i++)]): null

2019-08-10 23:44:42 - [TEST_STEP][PASSED] - symbols = symbols: null

2019-08-10 23:44:42 - [TEST_STEP][PASSED] - for ([j = 0, j &lt; symbols.size(), (j++)]): null

2019-08-10 23:44:42 - [TEST_STEP][PASSED] - symbol = symbol: null

2019-08-10 23:44:42 - [TEST_STEP][PASSED] - println(symbol): null

2019-08-10 23:44:42 - [TEST_STEP][PASSED] - if (i == 2 &amp;&amp; wildList.indexOf(symbol) != -1): null

2019-08-10 23:44:42 - [TEST_STEP][PASSED] - if (i == 3 &amp;&amp; wildList.indexOf(symbol) != -1): null

2019-08-10 23:44:42 - [TEST_STEP][PASSED] - if (i == 4 &amp;&amp; wildList.indexOf(symbol) != -1): null

2019-08-10 23:44:42 - [TEST_STEP][PASSED] - symbol = symbol: null

2019-08-10 23:44:42 - [TEST_STEP][PASSED] - println(symbol): null

2019-08-10 23:44:42 - [TEST_STEP][PASSED] - if (i == 2 &amp;&amp; wildList.indexOf(symbol) != -1): null

2019-08-10 23:44:42 - [TEST_STEP][PASSED] - if (i == 3 &amp;&amp; wildList.indexOf(symbol) != -1): null

2019-08-10 23:44:42 - [TEST_STEP][PASSED] - if (i == 4 &amp;&amp; wildList.indexOf(symbol) != -1): null

2019-08-10 23:44:42 - [TEST_STEP][PASSED] - symbol = symbol: null

2019-08-10 23:44:42 - [TEST_STEP][PASSED] - println(symbol): null

2019-08-10 23:44:42 - [TEST_STEP][PASSED] - if (i == 2 &amp;&amp; wildList.indexOf(symbol) != -1): null

2019-08-10 23:44:42 - [TEST_STEP][PASSED] - if (i == 3 &amp;&amp; wildList.indexOf(symbol) != -1): null

2019-08-10 23:44:42 - [TEST_STEP][PASSED] - if (i == 4 &amp;&amp; wildList.indexOf(symbol) != -1): null

2019-08-10 23:44:42 - [TEST_STEP][PASSED] - symbols = symbols: null

2019-08-10 23:44:42 - [TEST_STEP][PASSED] - for ([j = 0, j &lt; symbols.size(), (j++)]): null

2019-08-10 23:44:42 - [TEST_STEP][PASSED] - symbol = symbol: null

2019-08-10 23:44:42 - [TEST_STEP][PASSED] - println(symbol): null

2019-08-10 23:44:42 - [TEST_STEP][PASSED] - if (i == 2 &amp;&amp; wildList.indexOf(symbol) != -1): null

2019-08-10 23:44:42 - [TEST_STEP][PASSED] - if (i == 3 &amp;&amp; wildList.indexOf(symbol) != -1): null

2019-08-10 23:44:42 - [TEST_STEP][PASSED] - if (i == 4 &amp;&amp; wildList.indexOf(symbol) != -1): null

2019-08-10 23:44:42 - [TEST_STEP][PASSED] - symbol = symbol: null

2019-08-10 23:44:42 - [TEST_STEP][PASSED] - println(symbol): null

2019-08-10 23:44:42 - [TEST_STEP][PASSED] - if (i == 2 &amp;&amp; wildList.indexOf(symbol) != -1): null

2019-08-10 23:44:42 - [TEST_STEP][PASSED] - if (i == 3 &amp;&amp; wildList.indexOf(symbol) != -1): null

2019-08-10 23:44:42 - [TEST_STEP][PASSED] - if (i == 4 &amp;&amp; wildList.indexOf(symbol) != -1): null

2019-08-10 23:44:42 - [TEST_STEP][PASSED] - symbol = symbol: null

2019-08-10 23:44:42 - [TEST_STEP][PASSED] - println(symbol): null

2019-08-10 23:44:42 - [TEST_STEP][PASSED] - if (i == 2 &amp;&amp; wildList.indexOf(symbol) != -1): null

2019-08-10 23:44:42 - [TEST_STEP][PASSED] - if (i == 3 &amp;&amp; wildList.indexOf(symbol) != -1): null

2019-08-10 23:44:42 - [TEST_STEP][PASSED] - if (i == 4 &amp;&amp; wildList.indexOf(symbol) != -1): null

2019-08-10 23:44:42 - [TEST_STEP][PASSED] - symbols = symbols: null

2019-08-10 23:44:42 - [TEST_STEP][PASSED] - for ([j = 0, j &lt; symbols.size(), (j++)]): null

2019-08-10 23:44:42 - [TEST_STEP][PASSED] - symbol = symbol: null

2019-08-10 23:44:42 - [TEST_STEP][PASSED] - println(symbol): null

2019-08-10 23:44:42 - [TEST_STEP][PASSED] - if (i == 2 &amp;&amp; wildList.indexOf(symbol) != -1): null

2019-08-10 23:44:42 - [TEST_STEP][PASSED] - if (i == 3 &amp;&amp; wildList.indexOf(symbol) != -1): null

2019-08-10 23:44:42 - [TEST_STEP][PASSED] - if (i == 4 &amp;&amp; wildList.indexOf(symbol) != -1): null

2019-08-10 23:44:42 - [TEST_STEP][PASSED] - symbol = symbol: null

2019-08-10 23:44:42 - [TEST_STEP][PASSED] - println(symbol): null

2019-08-10 23:44:42 - [TEST_STEP][PASSED] - if (i == 2 &amp;&amp; wildList.indexOf(symbol) != -1): null

2019-08-10 23:44:42 - [TEST_STEP][PASSED] - if (i == 3 &amp;&amp; wildList.indexOf(symbol) != -1): null

2019-08-10 23:44:42 - [TEST_STEP][PASSED] - if (i == 4 &amp;&amp; wildList.indexOf(symbol) != -1): null

2019-08-10 23:44:42 - [TEST_STEP][PASSED] - symbol = symbol: null

2019-08-10 23:44:42 - [TEST_STEP][PASSED] - println(symbol): null

2019-08-10 23:44:42 - [TEST_STEP][PASSED] - if (i == 2 &amp;&amp; wildList.indexOf(symbol) != -1): null

2019-08-10 23:44:42 - [TEST_STEP][PASSED] - if (i == 3 &amp;&amp; wildList.indexOf(symbol) != -1): null

2019-08-10 23:44:42 - [TEST_STEP][PASSED] - if (i == 4 &amp;&amp; wildList.indexOf(symbol) != -1): null

2019-08-10 23:44:42 - [TEST_STEP][PASSED] - symbols = symbols: null

2019-08-10 23:44:42 - [TEST_STEP][PASSED] - for ([j = 0, j &lt; symbols.size(), (j++)]): null

2019-08-10 23:44:42 - [TEST_STEP][PASSED] - symbol = symbol: null

2019-08-10 23:44:42 - [TEST_STEP][PASSED] - println(symbol): null

2019-08-10 23:44:42 - [TEST_STEP][PASSED] - if (i == 2 &amp;&amp; wildList.indexOf(symbol) != -1): null

2019-08-10 23:44:42 - [TEST_STEP][PASSED] - if (i == 3 &amp;&amp; wildList.indexOf(symbol) != -1): null

2019-08-10 23:44:42 - [TEST_STEP][PASSED] - if (i == 4 &amp;&amp; wildList.indexOf(symbol) != -1): null

2019-08-10 23:44:42 - [TEST_STEP][PASSED] - symbol = symbol: null

2019-08-10 23:44:42 - [TEST_STEP][PASSED] - println(symbol): null

2019-08-10 23:44:42 - [TEST_STEP][PASSED] - if (i == 2 &amp;&amp; wildList.indexOf(symbol) != -1): null

2019-08-10 23:44:42 - [TEST_STEP][PASSED] - if (i == 3 &amp;&amp; wildList.indexOf(symbol) != -1): null

2019-08-10 23:44:42 - [TEST_STEP][PASSED] - if (i == 4 &amp;&amp; wildList.indexOf(symbol) != -1): null

2019-08-10 23:44:42 - [TEST_STEP][PASSED] - symbol = symbol: null

2019-08-10 23:44:42 - [TEST_STEP][PASSED] - println(symbol): null

2019-08-10 23:44:42 - [TEST_STEP][PASSED] - if (i == 2 &amp;&amp; wildList.indexOf(symbol) != -1): null

2019-08-10 23:44:42 - [TEST_STEP][PASSED] - if (i == 3 &amp;&amp; wildList.indexOf(symbol) != -1): null

2019-08-10 23:44:42 - [TEST_STEP][PASSED] - if (i == 4 &amp;&amp; wildList.indexOf(symbol) != -1): null

2019-08-10 23:44:42 - [TEST_STEP][PASSED] - symbols = symbols: null

2019-08-10 23:44:42 - [TEST_STEP][PASSED] - for ([j = 0, j &lt; symbols.size(), (j++)]): null

2019-08-10 23:44:42 - [TEST_STEP][PASSED] - symbol = symbol: null

2019-08-10 23:44:42 - [TEST_STEP][PASSED] - println(symbol): null

2019-08-10 23:44:42 - [TEST_STEP][PASSED] - if (i == 2 &amp;&amp; wildList.indexOf(symbol) != -1): null

2019-08-10 23:44:42 - [TEST_STEP][PASSED] - if (i == 3 &amp;&amp; wildList.indexOf(symbol) != -1): null

2019-08-10 23:44:42 - [TEST_STEP][PASSED] - if (i == 4 &amp;&amp; wildList.indexOf(symbol) != -1): null

2019-08-10 23:44:42 - [TEST_STEP][PASSED] - symbol = symbol: null

2019-08-10 23:44:42 - [TEST_STEP][PASSED] - println(symbol): null

2019-08-10 23:44:42 - [TEST_STEP][PASSED] - if (i == 2 &amp;&amp; wildList.indexOf(symbol) != -1): null

2019-08-10 23:44:42 - [TEST_STEP][PASSED] - if (i == 3 &amp;&amp; wildList.indexOf(symbol) != -1): null

2019-08-10 23:44:42 - [TEST_STEP][PASSED] - if (i == 4 &amp;&amp; wildList.indexOf(symbol) != -1): null

2019-08-10 23:44:42 - [TEST_STEP][PASSED] - symbol = symbol: null

2019-08-10 23:44:42 - [TEST_STEP][PASSED] - println(symbol): null

2019-08-10 23:44:42 - [TEST_STEP][PASSED] - if (i == 2 &amp;&amp; wildList.indexOf(symbol) != -1): null

2019-08-10 23:44:42 - [TEST_STEP][PASSED] - if (i == 3 &amp;&amp; wildList.indexOf(symbol) != -1): null

2019-08-10 23:44:42 - [TEST_STEP][PASSED] - if (i == 4 &amp;&amp; wildList.indexOf(symbol) != -1): null

2019-08-10 23:44:42 - [TEST_STEP][PASSED] - free_spin_reel_counter = free_spin_reel_counter: null

2019-08-10 23:44:42 - [TEST_STEP][PASSED] - println("reel 3 wild found: " + free_spin_reel_counter[0]): null

2019-08-10 23:44:42 - [TEST_STEP][PASSED] - println("reel 4 wild found: " + free_spin_reel_counter[1]): null

2019-08-10 23:44:42 - [TEST_STEP][PASSED] - println("reel 5 wild found: " + free_spin_reel_counter[2]): null

2019-08-10 23:44:42 - [TEST_STEP][PASSED] - M4_spin_reels = M4_spin_reels: null

2019-08-10 23:44:42 - [TEST_STEP][PASSED] - M4_spin_reels_symbols = symbol: null

2019-08-10 23:44:42 - [TEST_STEP][PASSED] - M4_spin_reels_symbols = M4_spin_reels_symbols: null

2019-08-10 23:44:42 - [TEST_STEP][PASSED] - M4_spin_reel_wins = reel_wins: null

2019-08-10 23:44:42 - [TEST_STEP][PASSED] - M4_spin_reel_wins = M4_spin_reel_wins: null

2019-08-10 23:44:42 - [TEST_STEP][PASSED] - println("GlobalVariable.M4_spin_reel_wins is: " + M4_spin_reel_wins): null

2019-08-10 23:44:42 - [TEST_STEP][PASSED] - M4_spin_total_bonus_win_this_round = total_bonus_win_this_round: null

2019-08-10 23:44:42 - [TEST_STEP][PASSED] - M4_spin_total_bonus_win_this_round = M4_spin_total_bonus_win_this_round: null

2019-08-10 23:44:42 - [TEST_STEP][PASSED] - println("GlobalVariable.M4_spin_total_bonus_win_this_round is: " + M4_spin_total_bonus_win_this_round): null

2019-08-10 23:44:42 - [MESSAGE][PASSED] - Verify response successfully

2019-08-10 23:44:42 - [MESSAGE][PASSED] - Send request and verify the response successfully

2019-08-10 23:44:42 - [TEST_STEP][PASSED] - if (M4_total_bonus_spins_int != 0 &amp;&amp; M4_spin_reels_symbols[2].contains("WILD_ExtraFG") || M4_spin_reels_symbols[3].contains("WILD_ExtraFG")): null

2019-08-10 23:44:42 - [TEST_STEP][PASSED] - free_spin_reel_counter = free_spin_reel_counter: null

2019-08-10 23:44:42 - [TEST_STEP][PASSED] - M4_spin_reels_symbols = M4_spin_reels_symbols: null

2019-08-10 23:44:42 - [TEST_STEP][PASSED] - M4_total_bonus_spins = M4_total_bonus_spins: null

2019-08-10 23:44:42 - [TEST_STEP][PASSED] - spin_result = sendRequestAndVerify(findTestObject("RGS(M4)/1_M4_spin", ["M4_login_user_id":M4_login_user_id, "rgs_session_token":rgs_session_token, "partner":Partner])): Send request and verify the response successfully

2019-08-10 23:44:42 - [TEST_CASE][PASSED] - Start Test Case : Verification: Verification accomplished successfully

2019-08-10 23:44:42 - [TEST_STEP][PASSED] - request = getInstance().getCurrentRequest(): null

2019-08-10 23:44:42 - [TEST_STEP][PASSED] - response = getInstance().getCurrentResponse(): null

2019-08-10 23:44:42 - [TEST_STEP][PASSED] - verifyResponseStatusCode(response, 200): Verify response status code successfully

2019-08-10 23:44:42 - [MESSAGE][PASSED] - Verify response status code successfully

2019-08-10 23:44:42 - [TEST_STEP][PASSED] - getStatusCode()).isEqualTo(200): null

2019-08-10 23:44:42 - [TEST_STEP][PASSED] - newline = System.getProperty("line.separator"): null

2019-08-10 23:44:42 - [TEST_STEP][PASSED] - M4_spin = new groovy.json.JsonSlurper(): null

2019-08-10 23:44:42 - [TEST_STEP][PASSED] - result_M4_spin = M4_spin.parseText(response.getResponseBodyContent()): null

2019-08-10 23:44:42 - [TEST_STEP][PASSED] - M4_spin_current_balance = current_balance: null

2019-08-10 23:44:42 - [TEST_STEP][PASSED] - M4_spin_current_balance = M4_spin_current_balance: null

2019-08-10 23:44:42 - [TEST_STEP][PASSED] - M4_spin_transaction_id = causality: null

2019-08-10 23:44:42 - [TEST_STEP][PASSED] - M4_spin_transaction_id = M4_spin_transaction_id: null

2019-08-10 23:44:42 - [TEST_STEP][PASSED] - M4_spin_round_id = round_id: null

2019-08-10 23:44:42 - [TEST_STEP][PASSED] - M4_spin_round_id = M4_spin_round_id: null

2019-08-10 23:44:42 - [TEST_STEP][PASSED] - M4_spin_line_wins = line_wins: null

2019-08-10 23:44:42 - [TEST_STEP][PASSED] - M4_spin_line_wins = M4_spin_line_wins: null

2019-08-10 23:44:42 - [TEST_STEP][PASSED] - M4_total_bonus_spins_int = total_bonus_spins: null

2019-08-10 23:44:42 - [TEST_STEP][PASSED] - println("******M4_total_bonus_spins type is:*******" + newline + getClass().getName()): null

2019-08-10 23:44:42 - [TEST_STEP][PASSED] - M4_total_bonus_spins_int = M4_total_bonus_spins_int: null

2019-08-10 23:44:42 - [TEST_STEP][PASSED] - M4_total_bonus_spins = Integer.toString(M4_total_bonus_spins_int): null

2019-08-10 23:44:42 - [TEST_STEP][PASSED] - M4_total_bonus_spins = M4_total_bonus_spins: null

2019-08-10 23:44:42 - [TEST_STEP][PASSED] - println("M4_total_bonus_spins is:" + M4_total_bonus_spins): null

2019-08-10 23:44:42 - [TEST_STEP][PASSED] - M4_spin_bonus_data = bonus_data: null

2019-08-10 23:44:42 - [TEST_STEP][PASSED] - M4_spin_features_triggered = result_M4_spin: null

2019-08-10 23:44:42 - [TEST_STEP][PASSED] - wild = []: null

2019-08-10 23:44:42 - [TEST_STEP][PASSED] - wild[0] = "WILD_Expanding": null

2019-08-10 23:44:42 - [TEST_STEP][PASSED] - wild[1] = "WILD_Normal": null

2019-08-10 23:44:42 - [TEST_STEP][PASSED] - wild[2] = "WILD_Double": null

2019-08-10 23:44:42 - [TEST_STEP][PASSED] - wild[3] = "WILD_ExtraFG": null

2019-08-10 23:44:42 - [TEST_STEP][PASSED] - wild[4] = "WILD_Triple": null

2019-08-10 23:44:42 - [TEST_STEP][PASSED] - wildList = Arrays.asList(wild): null

2019-08-10 23:44:42 - [TEST_STEP][PASSED] - wildList = wildList: null

2019-08-10 23:44:42 - [TEST_STEP][PASSED] - free_spin_reel_counter = []: null

2019-08-10 23:44:42 - [TEST_STEP][PASSED] - free_spin_reel_counter[0] = 0: null

2019-08-10 23:44:42 - [TEST_STEP][PASSED] - free_spin_reel_counter[1] = 0: null

2019-08-10 23:44:42 - [TEST_STEP][PASSED] - free_spin_reel_counter[2] = 0: null

2019-08-10 23:44:42 - [TEST_STEP][PASSED] - M4_spin_reels = reels: null

2019-08-10 23:44:42 - [TEST_STEP][PASSED] - for ([i = 0, i &lt; M4_spin_reels.size(), (i++)]): null

2019-08-10 23:44:42 - [TEST_STEP][PASSED] - symbols = symbols: null

2019-08-10 23:44:42 - [TEST_STEP][PASSED] - for ([j = 0, j &lt; symbols.size(), (j++)]): null

2019-08-10 23:44:42 - [TEST_STEP][PASSED] - symbol = symbol: null

2019-08-10 23:44:42 - [TEST_STEP][PASSED] - println(symbol): null

2019-08-10 23:44:42 - [TEST_STEP][PASSED] - if (i == 2 &amp;&amp; wildList.indexOf(symbol) != -1): null

2019-08-10 23:44:42 - [TEST_STEP][PASSED] - if (i == 3 &amp;&amp; wildList.indexOf(symbol) != -1): null

2019-08-10 23:44:42 - [TEST_STEP][PASSED] - if (i == 4 &amp;&amp; wildList.indexOf(symbol) != -1): null

2019-08-10 23:44:42 - [TEST_STEP][PASSED] - symbol = symbol: null

2019-08-10 23:44:42 - [TEST_STEP][PASSED] - println(symbol): null

2019-08-10 23:44:42 - [TEST_STEP][PASSED] - if (i == 2 &amp;&amp; wildList.indexOf(symbol) != -1): null

2019-08-10 23:44:42 - [TEST_STEP][PASSED] - if (i == 3 &amp;&amp; wildList.indexOf(symbol) != -1): null

2019-08-10 23:44:42 - [TEST_STEP][PASSED] - if (i == 4 &amp;&amp; wildList.indexOf(symbol) != -1): null

2019-08-10 23:44:42 - [TEST_STEP][PASSED] - symbol = symbol: null

2019-08-10 23:44:42 - [TEST_STEP][PASSED] - println(symbol): null

2019-08-10 23:44:42 - [TEST_STEP][PASSED] - if (i == 2 &amp;&amp; wildList.indexOf(symbol) != -1): null

2019-08-10 23:44:42 - [TEST_STEP][PASSED] - if (i == 3 &amp;&amp; wildList.indexOf(symbol) != -1): null

2019-08-10 23:44:42 - [TEST_STEP][PASSED] - if (i == 4 &amp;&amp; wildList.indexOf(symbol) != -1): null

2019-08-10 23:44:42 - [TEST_STEP][PASSED] - symbols = symbols: null

2019-08-10 23:44:42 - [TEST_STEP][PASSED] - for ([j = 0, j &lt; symbols.size(), (j++)]): null

2019-08-10 23:44:42 - [TEST_STEP][PASSED] - symbol = symbol: null

2019-08-10 23:44:42 - [TEST_STEP][PASSED] - println(symbol): null

2019-08-10 23:44:42 - [TEST_STEP][PASSED] - if (i == 2 &amp;&amp; wildList.indexOf(symbol) != -1): null

2019-08-10 23:44:42 - [TEST_STEP][PASSED] - if (i == 3 &amp;&amp; wildList.indexOf(symbol) != -1): null

2019-08-10 23:44:42 - [TEST_STEP][PASSED] - if (i == 4 &amp;&amp; wildList.indexOf(symbol) != -1): null

2019-08-10 23:44:42 - [TEST_STEP][PASSED] - symbol = symbol: null

2019-08-10 23:44:42 - [TEST_STEP][PASSED] - println(symbol): null

2019-08-10 23:44:42 - [TEST_STEP][PASSED] - if (i == 2 &amp;&amp; wildList.indexOf(symbol) != -1): null

2019-08-10 23:44:42 - [TEST_STEP][PASSED] - if (i == 3 &amp;&amp; wildList.indexOf(symbol) != -1): null

2019-08-10 23:44:42 - [TEST_STEP][PASSED] - if (i == 4 &amp;&amp; wildList.indexOf(symbol) != -1): null

2019-08-10 23:44:42 - [TEST_STEP][PASSED] - symbol = symbol: null

2019-08-10 23:44:42 - [TEST_STEP][PASSED] - println(symbol): null

2019-08-10 23:44:42 - [TEST_STEP][PASSED] - if (i == 2 &amp;&amp; wildList.indexOf(symbol) != -1): null

2019-08-10 23:44:42 - [TEST_STEP][PASSED] - if (i == 3 &amp;&amp; wildList.indexOf(symbol) != -1): null

2019-08-10 23:44:42 - [TEST_STEP][PASSED] - if (i == 4 &amp;&amp; wildList.indexOf(symbol) != -1): null

2019-08-10 23:44:42 - [TEST_STEP][PASSED] - symbols = symbols: null

2019-08-10 23:44:42 - [TEST_STEP][PASSED] - for ([j = 0, j &lt; symbols.size(), (j++)]): null

2019-08-10 23:44:42 - [TEST_STEP][PASSED] - symbol = symbol: null

2019-08-10 23:44:42 - [TEST_STEP][PASSED] - println(symbol): null

2019-08-10 23:44:42 - [TEST_STEP][PASSED] - if (i == 2 &amp;&amp; wildList.indexOf(symbol) != -1): null

2019-08-10 23:44:45 - [TEST_STEP][PASSED] - if (i == 3 &amp;&amp; wildList.indexOf(symbol) != -1): null

2019-08-10 23:44:45 - [TEST_STEP][PASSED] - if (i == 4 &amp;&amp; wildList.indexOf(symbol) != -1): null

2019-08-10 23:44:45 - [TEST_STEP][PASSED] - symbol = symbol: null

2019-08-10 23:44:45 - [TEST_STEP][PASSED] - println(symbol): null

2019-08-10 23:44:45 - [TEST_STEP][PASSED] - if (i == 2 &amp;&amp; wildList.indexOf(symbol) != -1): null

2019-08-10 23:44:45 - [TEST_STEP][PASSED] - println("wild found on reel 3, adding counter by 1"): null

2019-08-10 23:44:45 - [TEST_STEP][PASSED] - free_spin_reel_counter[0] = free_spin_reel_counter[0] + 1: null

2019-08-10 23:44:45 - [TEST_STEP][PASSED] - if (i == 3 &amp;&amp; wildList.indexOf(symbol) != -1): null

2019-08-10 23:44:45 - [TEST_STEP][PASSED] - if (i == 4 &amp;&amp; wildList.indexOf(symbol) != -1): null

2019-08-10 23:44:45 - [TEST_STEP][PASSED] - symbol = symbol: null

2019-08-10 23:44:45 - [TEST_STEP][PASSED] - println(symbol): null

2019-08-10 23:44:45 - [TEST_STEP][PASSED] - if (i == 2 &amp;&amp; wildList.indexOf(symbol) != -1): null

2019-08-10 23:44:45 - [TEST_STEP][PASSED] - if (i == 3 &amp;&amp; wildList.indexOf(symbol) != -1): null

2019-08-10 23:44:45 - [TEST_STEP][PASSED] - if (i == 4 &amp;&amp; wildList.indexOf(symbol) != -1): null

2019-08-10 23:44:45 - [TEST_STEP][PASSED] - symbols = symbols: null

2019-08-10 23:44:45 - [TEST_STEP][PASSED] - for ([j = 0, j &lt; symbols.size(), (j++)]): null

2019-08-10 23:44:45 - [TEST_STEP][PASSED] - symbol = symbol: null

2019-08-10 23:44:45 - [TEST_STEP][PASSED] - println(symbol): null

2019-08-10 23:44:45 - [TEST_STEP][PASSED] - if (i == 2 &amp;&amp; wildList.indexOf(symbol) != -1): null

2019-08-10 23:44:45 - [TEST_STEP][PASSED] - if (i == 3 &amp;&amp; wildList.indexOf(symbol) != -1): null

2019-08-10 23:44:45 - [TEST_STEP][PASSED] - if (i == 4 &amp;&amp; wildList.indexOf(symbol) != -1): null

2019-08-10 23:44:45 - [TEST_STEP][PASSED] - symbol = symbol: null

2019-08-10 23:44:45 - [TEST_STEP][PASSED] - println(symbol): null

2019-08-10 23:44:45 - [TEST_STEP][PASSED] - if (i == 2 &amp;&amp; wildList.indexOf(symbol) != -1): null

2019-08-10 23:44:45 - [TEST_STEP][PASSED] - if (i == 3 &amp;&amp; wildList.indexOf(symbol) != -1): null

2019-08-10 23:44:45 - [TEST_STEP][PASSED] - if (i == 4 &amp;&amp; wildList.indexOf(symbol) != -1): null

2019-08-10 23:44:45 - [TEST_STEP][PASSED] - symbol = symbol: null

2019-08-10 23:44:45 - [TEST_STEP][PASSED] - println(symbol): null

2019-08-10 23:44:45 - [TEST_STEP][PASSED] - if (i == 2 &amp;&amp; wildList.indexOf(symbol) != -1): null

2019-08-10 23:44:45 - [TEST_STEP][PASSED] - if (i == 3 &amp;&amp; wildList.indexOf(symbol) != -1): null

2019-08-10 23:44:45 - [TEST_STEP][PASSED] - if (i == 4 &amp;&amp; wildList.indexOf(symbol) != -1): null

2019-08-10 23:44:45 - [TEST_STEP][PASSED] - symbols = symbols: null

2019-08-10 23:44:45 - [TEST_STEP][PASSED] - for ([j = 0, j &lt; symbols.size(), (j++)]): null

2019-08-10 23:44:45 - [TEST_STEP][PASSED] - symbol = symbol: null

2019-08-10 23:44:45 - [TEST_STEP][PASSED] - println(symbol): null

2019-08-10 23:44:45 - [TEST_STEP][PASSED] - if (i == 2 &amp;&amp; wildList.indexOf(symbol) != -1): null

2019-08-10 23:44:45 - [TEST_STEP][PASSED] - if (i == 3 &amp;&amp; wildList.indexOf(symbol) != -1): null

2019-08-10 23:44:45 - [TEST_STEP][PASSED] - if (i == 4 &amp;&amp; wildList.indexOf(symbol) != -1): null

2019-08-10 23:44:45 - [TEST_STEP][PASSED] - symbol = symbol: null

2019-08-10 23:44:45 - [TEST_STEP][PASSED] - println(symbol): null

2019-08-10 23:44:45 - [TEST_STEP][PASSED] - if (i == 2 &amp;&amp; wildList.indexOf(symbol) != -1): null

2019-08-10 23:44:45 - [TEST_STEP][PASSED] - if (i == 3 &amp;&amp; wildList.indexOf(symbol) != -1): null

2019-08-10 23:44:45 - [TEST_STEP][PASSED] - if (i == 4 &amp;&amp; wildList.indexOf(symbol) != -1): null

2019-08-10 23:44:45 - [TEST_STEP][PASSED] - symbol = symbol: null

2019-08-10 23:44:45 - [TEST_STEP][PASSED] - println(symbol): null

2019-08-10 23:44:45 - [TEST_STEP][PASSED] - if (i == 2 &amp;&amp; wildList.indexOf(symbol) != -1): null

2019-08-10 23:44:45 - [TEST_STEP][PASSED] - if (i == 3 &amp;&amp; wildList.indexOf(symbol) != -1): null

2019-08-10 23:44:45 - [TEST_STEP][PASSED] - if (i == 4 &amp;&amp; wildList.indexOf(symbol) != -1): null

2019-08-10 23:44:45 - [TEST_STEP][PASSED] - free_spin_reel_counter = free_spin_reel_counter: null

2019-08-10 23:44:45 - [TEST_STEP][PASSED] - println("reel 3 wild found: " + free_spin_reel_counter[0]): null

2019-08-10 23:44:45 - [TEST_STEP][PASSED] - println("reel 4 wild found: " + free_spin_reel_counter[1]): null

2019-08-10 23:44:45 - [TEST_STEP][PASSED] - println("reel 5 wild found: " + free_spin_reel_counter[2]): null

2019-08-10 23:44:45 - [TEST_STEP][PASSED] - M4_spin_reels = M4_spin_reels: null

2019-08-10 23:44:45 - [TEST_STEP][PASSED] - M4_spin_reels_symbols = symbol: null

2019-08-10 23:44:45 - [TEST_STEP][PASSED] - M4_spin_reels_symbols = M4_spin_reels_symbols: null

2019-08-10 23:44:45 - [TEST_STEP][PASSED] - M4_spin_reel_wins = reel_wins: null

2019-08-10 23:44:45 - [TEST_STEP][PASSED] - M4_spin_reel_wins = M4_spin_reel_wins: null

2019-08-10 23:44:45 - [TEST_STEP][PASSED] - println("GlobalVariable.M4_spin_reel_wins is: " + M4_spin_reel_wins): null

2019-08-10 23:44:45 - [TEST_STEP][PASSED] - M4_spin_total_bonus_win_this_round = total_bonus_win_this_round: null

2019-08-10 23:44:45 - [TEST_STEP][PASSED] - M4_spin_total_bonus_win_this_round = M4_spin_total_bonus_win_this_round: null

2019-08-10 23:44:45 - [TEST_STEP][PASSED] - println("GlobalVariable.M4_spin_total_bonus_win_this_round is: " + M4_spin_total_bonus_win_this_round): null

2019-08-10 23:44:45 - [MESSAGE][PASSED] - Verify response successfully

2019-08-10 23:44:45 - [MESSAGE][PASSED] - Send request and verify the response successfully

2019-08-10 23:44:45 - [TEST_STEP][PASSED] - if (M4_total_bonus_spins_int != 0 &amp;&amp; M4_spin_reels_symbols[2].contains("WILD_ExtraFG") || M4_spin_reels_symbols[3].contains("WILD_ExtraFG")): null

2019-08-10 23:44:45 - [TEST_STEP][PASSED] - free_spin_reel_counter = free_spin_reel_counter: null

2019-08-10 23:44:45 - [TEST_STEP][PASSED] - M4_spin_reels_symbols = M4_spin_reels_symbols: null

2019-08-10 23:44:45 - [TEST_STEP][PASSED] - M4_total_bonus_spins = M4_total_bonus_spins: null

2019-08-10 23:44:45 - [TEST_STEP][PASSED] - spin_result = sendRequestAndVerify(findTestObject("RGS(M4)/1_M4_spin", ["M4_login_user_id":M4_login_user_id, "rgs_session_token":rgs_session_token, "partner":Partner])): Send request and verify the response successfully

2019-08-10 23:44:46 - [TEST_CASE][PASSED] - Start Test Case : Verification: Verification accomplished successfully

2019-08-10 23:44:46 - [TEST_STEP][PASSED] - request = getInstance().getCurrentRequest(): null

2019-08-10 23:44:46 - [TEST_STEP][PASSED] - response = getInstance().getCurrentResponse(): null

2019-08-10 23:44:46 - [TEST_STEP][PASSED] - verifyResponseStatusCode(response, 200): Verify response status code successfully

2019-08-10 23:44:46 - [MESSAGE][PASSED] - Verify response status code successfully

2019-08-10 23:44:46 - [TEST_STEP][PASSED] - getStatusCode()).isEqualTo(200): null

2019-08-10 23:44:46 - [TEST_STEP][PASSED] - newline = System.getProperty("line.separator"): null

2019-08-10 23:44:46 - [TEST_STEP][PASSED] - M4_spin = new groovy.json.JsonSlurper(): null

2019-08-10 23:44:46 - [TEST_STEP][PASSED] - result_M4_spin = M4_spin.parseText(response.getResponseBodyContent()): null

2019-08-10 23:44:46 - [TEST_STEP][PASSED] - M4_spin_current_balance = current_balance: null

2019-08-10 23:44:46 - [TEST_STEP][PASSED] - M4_spin_current_balance = M4_spin_current_balance: null

2019-08-10 23:44:46 - [TEST_STEP][PASSED] - M4_spin_transaction_id = causality: null

2019-08-10 23:44:46 - [TEST_STEP][PASSED] - M4_spin_transaction_id = M4_spin_transaction_id: null

2019-08-10 23:44:46 - [TEST_STEP][PASSED] - M4_spin_round_id = round_id: null

2019-08-10 23:44:46 - [TEST_STEP][PASSED] - M4_spin_round_id = M4_spin_round_id: null

2019-08-10 23:44:46 - [TEST_STEP][PASSED] - M4_spin_line_wins = line_wins: null

2019-08-10 23:44:46 - [TEST_STEP][PASSED] - M4_spin_line_wins = M4_spin_line_wins: null

2019-08-10 23:44:46 - [TEST_STEP][PASSED] - M4_total_bonus_spins_int = total_bonus_spins: null

2019-08-10 23:44:46 - [TEST_STEP][PASSED] - println("******M4_total_bonus_spins type is:*******" + newline + getClass().getName()): null

2019-08-10 23:44:46 - [TEST_STEP][PASSED] - M4_total_bonus_spins_int = M4_total_bonus_spins_int: null

2019-08-10 23:44:46 - [TEST_STEP][PASSED] - M4_total_bonus_spins = Integer.toString(M4_total_bonus_spins_int): null

2019-08-10 23:44:46 - [TEST_STEP][PASSED] - M4_total_bonus_spins = M4_total_bonus_spins: null

2019-08-10 23:44:46 - [TEST_STEP][PASSED] - println("M4_total_bonus_spins is:" + M4_total_bonus_spins): null

2019-08-10 23:44:46 - [TEST_STEP][PASSED] - M4_spin_bonus_data = bonus_data: null

2019-08-10 23:44:46 - [TEST_STEP][PASSED] - M4_spin_features_triggered = result_M4_spin: null

2019-08-10 23:44:46 - [TEST_STEP][PASSED] - wild = []: null

2019-08-10 23:44:46 - [TEST_STEP][PASSED] - wild[0] = "WILD_Expanding": null

2019-08-10 23:44:46 - [TEST_STEP][PASSED] - wild[1] = "WILD_Normal": null

2019-08-10 23:44:46 - [TEST_STEP][PASSED] - wild[2] = "WILD_Double": null

2019-08-10 23:44:46 - [TEST_STEP][PASSED] - wild[3] = "WILD_ExtraFG": null

2019-08-10 23:44:46 - [TEST_STEP][PASSED] - wild[4] = "WILD_Triple": null

2019-08-10 23:44:46 - [TEST_STEP][PASSED] - wildList = Arrays.asList(wild): null

2019-08-10 23:44:46 - [TEST_STEP][PASSED] - wildList = wildList: null

2019-08-10 23:44:46 - [TEST_STEP][PASSED] - free_spin_reel_counter = []: null

2019-08-10 23:44:46 - [TEST_STEP][PASSED] - free_spin_reel_counter[0] = 0: null

2019-08-10 23:44:46 - [TEST_STEP][PASSED] - free_spin_reel_counter[1] = 0: null

2019-08-10 23:44:46 - [TEST_STEP][PASSED] - free_spin_reel_counter[2] = 0: null

2019-08-10 23:44:46 - [TEST_STEP][PASSED] - M4_spin_reels = reels: null

2019-08-10 23:44:46 - [TEST_STEP][PASSED] - for ([i = 0, i &lt; M4_spin_reels.size(), (i++)]): null

2019-08-10 23:44:46 - [TEST_STEP][PASSED] - symbols = symbols: null

2019-08-10 23:44:46 - [TEST_STEP][PASSED] - for ([j = 0, j &lt; symbols.size(), (j++)]): null

2019-08-10 23:44:46 - [TEST_STEP][PASSED] - symbol = symbol: null

2019-08-10 23:44:46 - [TEST_STEP][PASSED] - println(symbol): null

2019-08-10 23:44:46 - [TEST_STEP][PASSED] - if (i == 2 &amp;&amp; wildList.indexOf(symbol) != -1): null

2019-08-10 23:44:46 - [TEST_STEP][PASSED] - if (i == 3 &amp;&amp; wildList.indexOf(symbol) != -1): null

2019-08-10 23:44:46 - [TEST_STEP][PASSED] - if (i == 4 &amp;&amp; wildList.indexOf(symbol) != -1): null

2019-08-10 23:44:46 - [TEST_STEP][PASSED] - symbol = symbol: null

2019-08-10 23:44:46 - [TEST_STEP][PASSED] - println(symbol): null

2019-08-10 23:44:46 - [TEST_STEP][PASSED] - if (i == 2 &amp;&amp; wildList.indexOf(symbol) != -1): null

2019-08-10 23:44:46 - [TEST_STEP][PASSED] - if (i == 3 &amp;&amp; wildList.indexOf(symbol) != -1): null

2019-08-10 23:44:46 - [TEST_STEP][PASSED] - if (i == 4 &amp;&amp; wildList.indexOf(symbol) != -1): null

2019-08-10 23:44:46 - [TEST_STEP][PASSED] - symbol = symbol: null

2019-08-10 23:44:46 - [TEST_STEP][PASSED] - println(symbol): null

2019-08-10 23:44:46 - [TEST_STEP][PASSED] - if (i == 2 &amp;&amp; wildList.indexOf(symbol) != -1): null

2019-08-10 23:44:46 - [TEST_STEP][PASSED] - if (i == 3 &amp;&amp; wildList.indexOf(symbol) != -1): null

2019-08-10 23:44:46 - [TEST_STEP][PASSED] - if (i == 4 &amp;&amp; wildList.indexOf(symbol) != -1): null

2019-08-10 23:44:46 - [TEST_STEP][PASSED] - symbols = symbols: null

2019-08-10 23:44:46 - [TEST_STEP][PASSED] - for ([j = 0, j &lt; symbols.size(), (j++)]): null

2019-08-10 23:44:46 - [TEST_STEP][PASSED] - symbol = symbol: null

2019-08-10 23:44:46 - [TEST_STEP][PASSED] - println(symbol): null

2019-08-10 23:44:46 - [TEST_STEP][PASSED] - if (i == 2 &amp;&amp; wildList.indexOf(symbol) != -1): null

2019-08-10 23:44:46 - [TEST_STEP][PASSED] - if (i == 3 &amp;&amp; wildList.indexOf(symbol) != -1): null

2019-08-10 23:44:46 - [TEST_STEP][PASSED] - if (i == 4 &amp;&amp; wildList.indexOf(symbol) != -1): null

2019-08-10 23:44:46 - [TEST_STEP][PASSED] - symbol = symbol: null

2019-08-10 23:44:46 - [TEST_STEP][PASSED] - println(symbol): null

2019-08-10 23:44:46 - [TEST_STEP][PASSED] - if (i == 2 &amp;&amp; wildList.indexOf(symbol) != -1): null

2019-08-10 23:44:46 - [TEST_STEP][PASSED] - if (i == 3 &amp;&amp; wildList.indexOf(symbol) != -1): null

2019-08-10 23:44:46 - [TEST_STEP][PASSED] - if (i == 4 &amp;&amp; wildList.indexOf(symbol) != -1): null

2019-08-10 23:44:46 - [TEST_STEP][PASSED] - symbol = symbol: null

2019-08-10 23:44:46 - [TEST_STEP][PASSED] - println(symbol): null

2019-08-10 23:44:46 - [TEST_STEP][PASSED] - if (i == 2 &amp;&amp; wildList.indexOf(symbol) != -1): null

2019-08-10 23:44:46 - [TEST_STEP][PASSED] - if (i == 3 &amp;&amp; wildList.indexOf(symbol) != -1): null

2019-08-10 23:44:46 - [TEST_STEP][PASSED] - if (i == 4 &amp;&amp; wildList.indexOf(symbol) != -1): null

2019-08-10 23:44:46 - [TEST_STEP][PASSED] - symbols = symbols: null

2019-08-10 23:44:46 - [TEST_STEP][PASSED] - for ([j = 0, j &lt; symbols.size(), (j++)]): null

2019-08-10 23:44:46 - [TEST_STEP][PASSED] - symbol = symbol: null

2019-08-10 23:44:46 - [TEST_STEP][PASSED] - println(symbol): null

2019-08-10 23:44:46 - [TEST_STEP][PASSED] - if (i == 2 &amp;&amp; wildList.indexOf(symbol) != -1): null

2019-08-10 23:44:46 - [TEST_STEP][PASSED] - println("wild found on reel 3, adding counter by 1"): null

2019-08-10 23:44:46 - [TEST_STEP][PASSED] - free_spin_reel_counter[0] = free_spin_reel_counter[0] + 1: null

2019-08-10 23:44:46 - [TEST_STEP][PASSED] - if (i == 3 &amp;&amp; wildList.indexOf(symbol) != -1): null

2019-08-10 23:44:46 - [TEST_STEP][PASSED] - if (i == 4 &amp;&amp; wildList.indexOf(symbol) != -1): null

2019-08-10 23:44:46 - [TEST_STEP][PASSED] - symbol = symbol: null

2019-08-10 23:44:46 - [TEST_STEP][PASSED] - println(symbol): null

2019-08-10 23:44:46 - [TEST_STEP][PASSED] - if (i == 2 &amp;&amp; wildList.indexOf(symbol) != -1): null

2019-08-10 23:44:46 - [TEST_STEP][PASSED] - if (i == 3 &amp;&amp; wildList.indexOf(symbol) != -1): null

2019-08-10 23:44:46 - [TEST_STEP][PASSED] - if (i == 4 &amp;&amp; wildList.indexOf(symbol) != -1): null

2019-08-10 23:44:46 - [TEST_STEP][PASSED] - symbol = symbol: null

2019-08-10 23:44:46 - [TEST_STEP][PASSED] - println(symbol): null

2019-08-10 23:44:46 - [TEST_STEP][PASSED] - if (i == 2 &amp;&amp; wildList.indexOf(symbol) != -1): null

2019-08-10 23:44:46 - [TEST_STEP][PASSED] - if (i == 3 &amp;&amp; wildList.indexOf(symbol) != -1): null

2019-08-10 23:44:46 - [TEST_STEP][PASSED] - if (i == 4 &amp;&amp; wildList.indexOf(symbol) != -1): null

2019-08-10 23:44:46 - [TEST_STEP][PASSED] - symbols = symbols: null

2019-08-10 23:44:46 - [TEST_STEP][PASSED] - for ([j = 0, j &lt; symbols.size(), (j++)]): null

2019-08-10 23:44:46 - [TEST_STEP][PASSED] - symbol = symbol: null

2019-08-10 23:44:46 - [TEST_STEP][PASSED] - println(symbol): null

2019-08-10 23:44:46 - [TEST_STEP][PASSED] - if (i == 2 &amp;&amp; wildList.indexOf(symbol) != -1): null

2019-08-10 23:44:46 - [TEST_STEP][PASSED] - if (i == 3 &amp;&amp; wildList.indexOf(symbol) != -1): null

2019-08-10 23:44:46 - [TEST_STEP][PASSED] - if (i == 4 &amp;&amp; wildList.indexOf(symbol) != -1): null

2019-08-10 23:44:46 - [TEST_STEP][PASSED] - symbol = symbol: null

2019-08-10 23:44:46 - [TEST_STEP][PASSED] - println(symbol): null

2019-08-10 23:44:46 - [TEST_STEP][PASSED] - if (i == 2 &amp;&amp; wildList.indexOf(symbol) != -1): null

2019-08-10 23:44:46 - [TEST_STEP][PASSED] - if (i == 3 &amp;&amp; wildList.indexOf(symbol) != -1): null

2019-08-10 23:44:46 - [TEST_STEP][PASSED] - if (i == 4 &amp;&amp; wildList.indexOf(symbol) != -1): null

2019-08-10 23:44:46 - [TEST_STEP][PASSED] - symbol = symbol: null

2019-08-10 23:44:46 - [TEST_STEP][PASSED] - println(symbol): null

2019-08-10 23:44:46 - [TEST_STEP][PASSED] - if (i == 2 &amp;&amp; wildList.indexOf(symbol) != -1): null

2019-08-10 23:44:46 - [TEST_STEP][PASSED] - if (i == 3 &amp;&amp; wildList.indexOf(symbol) != -1): null

2019-08-10 23:44:46 - [TEST_STEP][PASSED] - if (i == 4 &amp;&amp; wildList.indexOf(symbol) != -1): null

2019-08-10 23:44:46 - [TEST_STEP][PASSED] - symbols = symbols: null

2019-08-10 23:44:46 - [TEST_STEP][PASSED] - for ([j = 0, j &lt; symbols.size(), (j++)]): null

2019-08-10 23:44:46 - [TEST_STEP][PASSED] - symbol = symbol: null

2019-08-10 23:44:46 - [TEST_STEP][PASSED] - println(symbol): null

2019-08-10 23:44:46 - [TEST_STEP][PASSED] - if (i == 2 &amp;&amp; wildList.indexOf(symbol) != -1): null

2019-08-10 23:44:46 - [TEST_STEP][PASSED] - if (i == 3 &amp;&amp; wildList.indexOf(symbol) != -1): null

2019-08-10 23:44:46 - [TEST_STEP][PASSED] - if (i == 4 &amp;&amp; wildList.indexOf(symbol) != -1): null

2019-08-10 23:44:46 - [TEST_STEP][PASSED] - symbol = symbol: null

2019-08-10 23:44:46 - [TEST_STEP][PASSED] - println(symbol): null

2019-08-10 23:44:46 - [TEST_STEP][PASSED] - if (i == 2 &amp;&amp; wildList.indexOf(symbol) != -1): null

2019-08-10 23:44:46 - [TEST_STEP][PASSED] - if (i == 3 &amp;&amp; wildList.indexOf(symbol) != -1): null

2019-08-10 23:44:46 - [TEST_STEP][PASSED] - if (i == 4 &amp;&amp; wildList.indexOf(symbol) != -1): null

2019-08-10 23:44:46 - [TEST_STEP][PASSED] - symbol = symbol: null

2019-08-10 23:44:46 - [TEST_STEP][PASSED] - println(symbol): null

2019-08-10 23:44:46 - [TEST_STEP][PASSED] - if (i == 2 &amp;&amp; wildList.indexOf(symbol) != -1): null

2019-08-10 23:44:46 - [TEST_STEP][PASSED] - if (i == 3 &amp;&amp; wildList.indexOf(symbol) != -1): null

2019-08-10 23:44:46 - [TEST_STEP][PASSED] - if (i == 4 &amp;&amp; wildList.indexOf(symbol) != -1): null

2019-08-10 23:44:46 - [TEST_STEP][PASSED] - free_spin_reel_counter = free_spin_reel_counter: null

2019-08-10 23:44:46 - [TEST_STEP][PASSED] - println("reel 3 wild found: " + free_spin_reel_counter[0]): null

2019-08-10 23:44:46 - [TEST_STEP][PASSED] - println("reel 4 wild found: " + free_spin_reel_counter[1]): null

2019-08-10 23:44:46 - [TEST_STEP][PASSED] - println("reel 5 wild found: " + free_spin_reel_counter[2]): null

2019-08-10 23:44:46 - [TEST_STEP][PASSED] - M4_spin_reels = M4_spin_reels: null

2019-08-10 23:44:46 - [TEST_STEP][PASSED] - M4_spin_reels_symbols = symbol: null

2019-08-10 23:44:46 - [TEST_STEP][PASSED] - M4_spin_reels_symbols = M4_spin_reels_symbols: null

2019-08-10 23:44:46 - [TEST_STEP][PASSED] - M4_spin_reel_wins = reel_wins: null

2019-08-10 23:44:46 - [TEST_STEP][PASSED] - M4_spin_reel_wins = M4_spin_reel_wins: null

2019-08-10 23:44:46 - [TEST_STEP][PASSED] - println("GlobalVariable.M4_spin_reel_wins is: " + M4_spin_reel_wins): null

2019-08-10 23:44:46 - [TEST_STEP][PASSED] - M4_spin_total_bonus_win_this_round = total_bonus_win_this_round: null

2019-08-10 23:44:46 - [TEST_STEP][PASSED] - M4_spin_total_bonus_win_this_round = M4_spin_total_bonus_win_this_round: null

2019-08-10 23:44:46 - [TEST_STEP][PASSED] - println("GlobalVariable.M4_spin_total_bonus_win_this_round is: " + M4_spin_total_bonus_win_this_round): null

2019-08-10 23:44:46 - [MESSAGE][PASSED] - Verify response successfully

2019-08-10 23:44:46 - [MESSAGE][PASSED] - Send request and verify the response successfully

2019-08-10 23:44:46 - [TEST_STEP][PASSED] - if (M4_total_bonus_spins_int != 0 &amp;&amp; M4_spin_reels_symbols[2].contains("WILD_ExtraFG") || M4_spin_reels_symbols[3].contains("WILD_ExtraFG")): null

2019-08-10 23:44:46 - [TEST_STEP][PASSED] - free_spin_reel_counter = free_spin_reel_counter: null

2019-08-10 23:44:46 - [TEST_STEP][PASSED] - M4_spin_reels_symbols = M4_spin_reels_symbols: null

2019-08-10 23:44:46 - [TEST_STEP][PASSED] - M4_total_bonus_spins = M4_total_bonus_spins: null

2019-08-10 23:44:46 - [TEST_STEP][PASSED] - spin_result = sendRequestAndVerify(findTestObject("RGS(M4)/1_M4_spin", ["M4_login_user_id":M4_login_user_id, "rgs_session_token":rgs_session_token, "partner":Partner])): Send request and verify the response successfully

2019-08-10 23:44:46 - [TEST_CASE][PASSED] - Start Test Case : Verification: Verification accomplished successfully

2019-08-10 23:44:46 - [TEST_STEP][PASSED] - request = getInstance().getCurrentRequest(): null

2019-08-10 23:44:46 - [TEST_STEP][PASSED] - response = getInstance().getCurrentResponse(): null

2019-08-10 23:44:46 - [TEST_STEP][PASSED] - verifyResponseStatusCode(response, 200): Verify response status code successfully

2019-08-10 23:44:46 - [MESSAGE][PASSED] - Verify response status code successfully

2019-08-10 23:44:46 - [TEST_STEP][PASSED] - getStatusCode()).isEqualTo(200): null

2019-08-10 23:44:46 - [TEST_STEP][PASSED] - newline = System.getProperty("line.separator"): null

2019-08-10 23:44:46 - [TEST_STEP][PASSED] - M4_spin = new groovy.json.JsonSlurper(): null

2019-08-10 23:44:46 - [TEST_STEP][PASSED] - result_M4_spin = M4_spin.parseText(response.getResponseBodyContent()): null

2019-08-10 23:44:46 - [TEST_STEP][PASSED] - M4_spin_current_balance = current_balance: null

2019-08-10 23:44:46 - [TEST_STEP][PASSED] - M4_spin_current_balance = M4_spin_current_balance: null

2019-08-10 23:44:46 - [TEST_STEP][PASSED] - M4_spin_transaction_id = causality: null

2019-08-10 23:44:46 - [TEST_STEP][PASSED] - M4_spin_transaction_id = M4_spin_transaction_id: null

2019-08-10 23:44:46 - [TEST_STEP][PASSED] - M4_spin_round_id = round_id: null

2019-08-10 23:44:46 - [TEST_STEP][PASSED] - M4_spin_round_id = M4_spin_round_id: null

2019-08-10 23:44:46 - [TEST_STEP][PASSED] - M4_spin_line_wins = line_wins: null

2019-08-10 23:44:46 - [TEST_STEP][PASSED] - M4_spin_line_wins = M4_spin_line_wins: null

2019-08-10 23:44:46 - [TEST_STEP][PASSED] - M4_total_bonus_spins_int = total_bonus_spins: null

2019-08-10 23:44:46 - [TEST_STEP][PASSED] - println("******M4_total_bonus_spins type is:*******" + newline + getClass().getName()): null

2019-08-10 23:44:46 - [TEST_STEP][PASSED] - M4_total_bonus_spins_int = M4_total_bonus_spins_int: null

2019-08-10 23:44:46 - [TEST_STEP][PASSED] - M4_total_bonus_spins = Integer.toString(M4_total_bonus_spins_int): null

2019-08-10 23:44:46 - [TEST_STEP][PASSED] - M4_total_bonus_spins = M4_total_bonus_spins: null

2019-08-10 23:44:46 - [TEST_STEP][PASSED] - println("M4_total_bonus_spins is:" + M4_total_bonus_spins): null

2019-08-10 23:44:46 - [TEST_STEP][PASSED] - M4_spin_bonus_data = bonus_data: null

2019-08-10 23:44:46 - [TEST_STEP][PASSED] - M4_spin_features_triggered = result_M4_spin: null

2019-08-10 23:44:46 - [TEST_STEP][PASSED] - wild = []: null

2019-08-10 23:44:46 - [TEST_STEP][PASSED] - wild[0] = "WILD_Expanding": null

2019-08-10 23:44:46 - [TEST_STEP][PASSED] - wild[1] = "WILD_Normal": null

2019-08-10 23:44:46 - [TEST_STEP][PASSED] - wild[2] = "WILD_Double": null

2019-08-10 23:44:46 - [TEST_STEP][PASSED] - wild[3] = "WILD_ExtraFG": null

2019-08-10 23:44:46 - [TEST_STEP][PASSED] - wild[4] = "WILD_Triple": null

2019-08-10 23:44:46 - [TEST_STEP][PASSED] - wildList = Arrays.asList(wild): null

2019-08-10 23:44:46 - [TEST_STEP][PASSED] - wildList = wildList: null

2019-08-10 23:44:46 - [TEST_STEP][PASSED] - free_spin_reel_counter = []: null

2019-08-10 23:44:46 - [TEST_STEP][PASSED] - free_spin_reel_counter[0] = 0: null

2019-08-10 23:44:46 - [TEST_STEP][PASSED] - free_spin_reel_counter[1] = 0: null

2019-08-10 23:44:46 - [TEST_STEP][PASSED] - free_spin_reel_counter[2] = 0: null

2019-08-10 23:44:46 - [TEST_STEP][PASSED] - M4_spin_reels = reels: null

2019-08-10 23:44:46 - [TEST_STEP][PASSED] - for ([i = 0, i &lt; M4_spin_reels.size(), (i++)]): null

2019-08-10 23:44:46 - [TEST_STEP][PASSED] - symbols = symbols: null

2019-08-10 23:44:46 - [TEST_STEP][PASSED] - for ([j = 0, j &lt; symbols.size(), (j++)]): null

2019-08-10 23:44:46 - [TEST_STEP][PASSED] - symbol = symbol: null

2019-08-10 23:44:46 - [TEST_STEP][PASSED] - println(symbol): null

2019-08-10 23:44:46 - [TEST_STEP][PASSED] - if (i == 2 &amp;&amp; wildList.indexOf(symbol) != -1): null

2019-08-10 23:44:46 - [TEST_STEP][PASSED] - if (i == 3 &amp;&amp; wildList.indexOf(symbol) != -1): null

2019-08-10 23:44:46 - [TEST_STEP][PASSED] - if (i == 4 &amp;&amp; wildList.indexOf(symbol) != -1): null

2019-08-10 23:44:46 - [TEST_STEP][PASSED] - symbol = symbol: null

2019-08-10 23:44:46 - [TEST_STEP][PASSED] - println(symbol): null

2019-08-10 23:44:46 - [TEST_STEP][PASSED] - if (i == 2 &amp;&amp; wildList.indexOf(symbol) != -1): null

2019-08-10 23:44:46 - [TEST_STEP][PASSED] - if (i == 3 &amp;&amp; wildList.indexOf(symbol) != -1): null

2019-08-10 23:44:46 - [TEST_STEP][PASSED] - if (i == 4 &amp;&amp; wildList.indexOf(symbol) != -1): null

2019-08-10 23:44:46 - [TEST_STEP][PASSED] - symbol = symbol: null

2019-08-10 23:44:46 - [TEST_STEP][PASSED] - println(symbol): null

2019-08-10 23:44:46 - [TEST_STEP][PASSED] - if (i == 2 &amp;&amp; wildList.indexOf(symbol) != -1): null

2019-08-10 23:44:46 - [TEST_STEP][PASSED] - if (i == 3 &amp;&amp; wildList.indexOf(symbol) != -1): null

2019-08-10 23:44:46 - [TEST_STEP][PASSED] - if (i == 4 &amp;&amp; wildList.indexOf(symbol) != -1): null

2019-08-10 23:44:46 - [TEST_STEP][PASSED] - symbols = symbols: null

2019-08-10 23:44:46 - [TEST_STEP][PASSED] - for ([j = 0, j &lt; symbols.size(), (j++)]): null

2019-08-10 23:44:46 - [TEST_STEP][PASSED] - symbol = symbol: null

2019-08-10 23:44:46 - [TEST_STEP][PASSED] - println(symbol): null

2019-08-10 23:44:46 - [TEST_STEP][PASSED] - if (i == 2 &amp;&amp; wildList.indexOf(symbol) != -1): null

2019-08-10 23:44:46 - [TEST_STEP][PASSED] - if (i == 3 &amp;&amp; wildList.indexOf(symbol) != -1): null

2019-08-10 23:44:46 - [TEST_STEP][PASSED] - if (i == 4 &amp;&amp; wildList.indexOf(symbol) != -1): null

2019-08-10 23:44:46 - [TEST_STEP][PASSED] - symbol = symbol: null

2019-08-10 23:44:46 - [TEST_STEP][PASSED] - println(symbol): null

2019-08-10 23:44:46 - [TEST_STEP][PASSED] - if (i == 2 &amp;&amp; wildList.indexOf(symbol) != -1): null

2019-08-10 23:44:46 - [TEST_STEP][PASSED] - if (i == 3 &amp;&amp; wildList.indexOf(symbol) != -1): null

2019-08-10 23:44:46 - [TEST_STEP][PASSED] - if (i == 4 &amp;&amp; wildList.indexOf(symbol) != -1): null

2019-08-10 23:44:46 - [TEST_STEP][PASSED] - symbol = symbol: null

2019-08-10 23:44:46 - [TEST_STEP][PASSED] - println(symbol): null

2019-08-10 23:44:46 - [TEST_STEP][PASSED] - if (i == 2 &amp;&amp; wildList.indexOf(symbol) != -1): null

2019-08-10 23:44:46 - [TEST_STEP][PASSED] - if (i == 3 &amp;&amp; wildList.indexOf(symbol) != -1): null

2019-08-10 23:44:46 - [TEST_STEP][PASSED] - if (i == 4 &amp;&amp; wildList.indexOf(symbol) != -1): null

2019-08-10 23:44:46 - [TEST_STEP][PASSED] - symbols = symbols: null

2019-08-10 23:44:46 - [TEST_STEP][PASSED] - for ([j = 0, j &lt; symbols.size(), (j++)]): null

2019-08-10 23:44:46 - [TEST_STEP][PASSED] - symbol = symbol: null

2019-08-10 23:44:46 - [TEST_STEP][PASSED] - println(symbol): null

2019-08-10 23:44:46 - [TEST_STEP][PASSED] - if (i == 2 &amp;&amp; wildList.indexOf(symbol) != -1): null

2019-08-10 23:44:46 - [TEST_STEP][PASSED] - if (i == 3 &amp;&amp; wildList.indexOf(symbol) != -1): null

2019-08-10 23:44:46 - [TEST_STEP][PASSED] - if (i == 4 &amp;&amp; wildList.indexOf(symbol) != -1): null

2019-08-10 23:44:46 - [TEST_STEP][PASSED] - symbol = symbol: null

2019-08-10 23:44:46 - [TEST_STEP][PASSED] - println(symbol): null

2019-08-10 23:44:46 - [TEST_STEP][PASSED] - if (i == 2 &amp;&amp; wildList.indexOf(symbol) != -1): null

2019-08-10 23:44:46 - [TEST_STEP][PASSED] - if (i == 3 &amp;&amp; wildList.indexOf(symbol) != -1): null

2019-08-10 23:44:46 - [TEST_STEP][PASSED] - if (i == 4 &amp;&amp; wildList.indexOf(symbol) != -1): null

2019-08-10 23:44:46 - [TEST_STEP][PASSED] - symbol = symbol: null

2019-08-10 23:44:46 - [TEST_STEP][PASSED] - println(symbol): null

2019-08-10 23:44:46 - [TEST_STEP][PASSED] - if (i == 2 &amp;&amp; wildList.indexOf(symbol) != -1): null

2019-08-10 23:44:46 - [TEST_STEP][PASSED] - if (i == 3 &amp;&amp; wildList.indexOf(symbol) != -1): null

2019-08-10 23:44:46 - [TEST_STEP][PASSED] - if (i == 4 &amp;&amp; wildList.indexOf(symbol) != -1): null

2019-08-10 23:44:46 - [TEST_STEP][PASSED] - symbols = symbols: null

2019-08-10 23:44:46 - [TEST_STEP][PASSED] - for ([j = 0, j &lt; symbols.size(), (j++)]): null

2019-08-10 23:44:46 - [TEST_STEP][PASSED] - symbol = symbol: null

2019-08-10 23:44:46 - [TEST_STEP][PASSED] - println(symbol): null

2019-08-10 23:44:46 - [TEST_STEP][PASSED] - if (i == 2 &amp;&amp; wildList.indexOf(symbol) != -1): null

2019-08-10 23:44:46 - [TEST_STEP][PASSED] - if (i == 3 &amp;&amp; wildList.indexOf(symbol) != -1): null

2019-08-10 23:44:46 - [TEST_STEP][PASSED] - println("wild found on reel 4, adding counter by 1"): null

2019-08-10 23:44:46 - [TEST_STEP][PASSED] - free_spin_reel_counter[1] = free_spin_reel_counter[1] + 1: null

2019-08-10 23:44:46 - [TEST_STEP][PASSED] - if (i == 4 &amp;&amp; wildList.indexOf(symbol) != -1): null

2019-08-10 23:44:46 - [TEST_STEP][PASSED] - symbol = symbol: null

2019-08-10 23:44:46 - [TEST_STEP][PASSED] - println(symbol): null

2019-08-10 23:44:46 - [TEST_STEP][PASSED] - if (i == 2 &amp;&amp; wildList.indexOf(symbol) != -1): null

2019-08-10 23:44:46 - [TEST_STEP][PASSED] - if (i == 3 &amp;&amp; wildList.indexOf(symbol) != -1): null

2019-08-10 23:44:46 - [TEST_STEP][PASSED] - if (i == 4 &amp;&amp; wildList.indexOf(symbol) != -1): null

2019-08-10 23:44:46 - [TEST_STEP][PASSED] - symbol = symbol: null

2019-08-10 23:44:46 - [TEST_STEP][PASSED] - println(symbol): null

2019-08-10 23:44:46 - [TEST_STEP][PASSED] - if (i == 2 &amp;&amp; wildList.indexOf(symbol) != -1): null

2019-08-10 23:44:46 - [TEST_STEP][PASSED] - if (i == 3 &amp;&amp; wildList.indexOf(symbol) != -1): null

2019-08-10 23:44:50 - [TEST_STEP][PASSED] - if (i == 4 &amp;&amp; wildList.indexOf(symbol) != -1): null

2019-08-10 23:44:50 - [TEST_STEP][PASSED] - symbols = symbols: null

2019-08-10 23:44:50 - [TEST_STEP][PASSED] - for ([j = 0, j &lt; symbols.size(), (j++)]): null

2019-08-10 23:44:50 - [TEST_STEP][PASSED] - symbol = symbol: null

2019-08-10 23:44:50 - [TEST_STEP][PASSED] - println(symbol): null

2019-08-10 23:44:50 - [TEST_STEP][PASSED] - if (i == 2 &amp;&amp; wildList.indexOf(symbol) != -1): null

2019-08-10 23:44:50 - [TEST_STEP][PASSED] - if (i == 3 &amp;&amp; wildList.indexOf(symbol) != -1): null

2019-08-10 23:44:50 - [TEST_STEP][PASSED] - if (i == 4 &amp;&amp; wildList.indexOf(symbol) != -1): null

2019-08-10 23:44:50 - [TEST_STEP][PASSED] - symbol = symbol: null

2019-08-10 23:44:50 - [TEST_STEP][PASSED] - println(symbol): null

2019-08-10 23:44:50 - [TEST_STEP][PASSED] - if (i == 2 &amp;&amp; wildList.indexOf(symbol) != -1): null

2019-08-10 23:44:50 - [TEST_STEP][PASSED] - if (i == 3 &amp;&amp; wildList.indexOf(symbol) != -1): null

2019-08-10 23:44:50 - [TEST_STEP][PASSED] - if (i == 4 &amp;&amp; wildList.indexOf(symbol) != -1): null

2019-08-10 23:44:50 - [TEST_STEP][PASSED] - symbol = symbol: null

2019-08-10 23:44:50 - [TEST_STEP][PASSED] - println(symbol): null

2019-08-10 23:44:50 - [TEST_STEP][PASSED] - if (i == 2 &amp;&amp; wildList.indexOf(symbol) != -1): null

2019-08-10 23:44:50 - [TEST_STEP][PASSED] - if (i == 3 &amp;&amp; wildList.indexOf(symbol) != -1): null

2019-08-10 23:44:50 - [TEST_STEP][PASSED] - if (i == 4 &amp;&amp; wildList.indexOf(symbol) != -1): null

2019-08-10 23:44:50 - [TEST_STEP][PASSED] - free_spin_reel_counter = free_spin_reel_counter: null

2019-08-10 23:44:50 - [TEST_STEP][PASSED] - println("reel 3 wild found: " + free_spin_reel_counter[0]): null

2019-08-10 23:44:50 - [TEST_STEP][PASSED] - println("reel 4 wild found: " + free_spin_reel_counter[1]): null

2019-08-10 23:44:50 - [TEST_STEP][PASSED] - println("reel 5 wild found: " + free_spin_reel_counter[2]): null

2019-08-10 23:44:50 - [TEST_STEP][PASSED] - M4_spin_reels = M4_spin_reels: null

2019-08-10 23:44:50 - [TEST_STEP][PASSED] - M4_spin_reels_symbols = symbol: null

2019-08-10 23:44:50 - [TEST_STEP][PASSED] - M4_spin_reels_symbols = M4_spin_reels_symbols: null

2019-08-10 23:44:50 - [TEST_STEP][PASSED] - M4_spin_reel_wins = reel_wins: null

2019-08-10 23:44:50 - [TEST_STEP][PASSED] - M4_spin_reel_wins = M4_spin_reel_wins: null

2019-08-10 23:44:50 - [TEST_STEP][PASSED] - println("GlobalVariable.M4_spin_reel_wins is: " + M4_spin_reel_wins): null

2019-08-10 23:44:50 - [TEST_STEP][PASSED] - M4_spin_total_bonus_win_this_round = total_bonus_win_this_round: null

2019-08-10 23:44:50 - [TEST_STEP][PASSED] - M4_spin_total_bonus_win_this_round = M4_spin_total_bonus_win_this_round: null

2019-08-10 23:44:50 - [TEST_STEP][PASSED] - println("GlobalVariable.M4_spin_total_bonus_win_this_round is: " + M4_spin_total_bonus_win_this_round): null

2019-08-10 23:44:50 - [MESSAGE][PASSED] - Verify response successfully

2019-08-10 23:44:50 - [MESSAGE][PASSED] - Send request and verify the response successfully

2019-08-10 23:44:50 - [TEST_STEP][PASSED] - if (M4_total_bonus_spins_int != 0 &amp;&amp; M4_spin_reels_symbols[2].contains("WILD_ExtraFG") || M4_spin_reels_symbols[3].contains("WILD_ExtraFG")): null

2019-08-10 23:44:50 - [TEST_STEP][PASSED] - free_spin_reel_counter = free_spin_reel_counter: null

2019-08-10 23:44:50 - [TEST_STEP][PASSED] - M4_spin_reels_symbols = M4_spin_reels_symbols: null

2019-08-10 23:44:50 - [TEST_STEP][PASSED] - M4_total_bonus_spins = M4_total_bonus_spins: null

2019-08-10 23:44:50 - [TEST_STEP][PASSED] - spin_result = sendRequestAndVerify(findTestObject("RGS(M4)/1_M4_spin", ["M4_login_user_id":M4_login_user_id, "rgs_session_token":rgs_session_token, "partner":Partner])): Send request and verify the response successfully

2019-08-10 23:44:50 - [TEST_CASE][PASSED] - Start Test Case : Verification: Verification accomplished successfully

2019-08-10 23:44:50 - [TEST_STEP][PASSED] - request = getInstance().getCurrentRequest(): null

2019-08-10 23:44:50 - [TEST_STEP][PASSED] - response = getInstance().getCurrentResponse(): null

2019-08-10 23:44:50 - [TEST_STEP][PASSED] - verifyResponseStatusCode(response, 200): Verify response status code successfully

2019-08-10 23:44:50 - [MESSAGE][PASSED] - Verify response status code successfully

2019-08-10 23:44:50 - [TEST_STEP][PASSED] - getStatusCode()).isEqualTo(200): null

2019-08-10 23:44:50 - [TEST_STEP][PASSED] - newline = System.getProperty("line.separator"): null

2019-08-10 23:44:50 - [TEST_STEP][PASSED] - M4_spin = new groovy.json.JsonSlurper(): null

2019-08-10 23:44:50 - [TEST_STEP][PASSED] - result_M4_spin = M4_spin.parseText(response.getResponseBodyContent()): null

2019-08-10 23:44:50 - [TEST_STEP][PASSED] - M4_spin_current_balance = current_balance: null

2019-08-10 23:44:50 - [TEST_STEP][PASSED] - M4_spin_current_balance = M4_spin_current_balance: null

2019-08-10 23:44:50 - [TEST_STEP][PASSED] - M4_spin_transaction_id = causality: null

2019-08-10 23:44:50 - [TEST_STEP][PASSED] - M4_spin_transaction_id = M4_spin_transaction_id: null

2019-08-10 23:44:50 - [TEST_STEP][PASSED] - M4_spin_round_id = round_id: null

2019-08-10 23:44:50 - [TEST_STEP][PASSED] - M4_spin_round_id = M4_spin_round_id: null

2019-08-10 23:44:50 - [TEST_STEP][PASSED] - M4_spin_line_wins = line_wins: null

2019-08-10 23:44:50 - [TEST_STEP][PASSED] - M4_spin_line_wins = M4_spin_line_wins: null

2019-08-10 23:44:50 - [TEST_STEP][PASSED] - M4_total_bonus_spins_int = total_bonus_spins: null

2019-08-10 23:44:50 - [TEST_STEP][PASSED] - println("******M4_total_bonus_spins type is:*******" + newline + getClass().getName()): null

2019-08-10 23:44:50 - [TEST_STEP][PASSED] - M4_total_bonus_spins_int = M4_total_bonus_spins_int: null

2019-08-10 23:44:50 - [TEST_STEP][PASSED] - M4_total_bonus_spins = Integer.toString(M4_total_bonus_spins_int): null

2019-08-10 23:44:50 - [TEST_STEP][PASSED] - M4_total_bonus_spins = M4_total_bonus_spins: null

2019-08-10 23:44:50 - [TEST_STEP][PASSED] - println("M4_total_bonus_spins is:" + M4_total_bonus_spins): null

2019-08-10 23:44:50 - [TEST_STEP][PASSED] - M4_spin_bonus_data = bonus_data: null

2019-08-10 23:44:50 - [TEST_STEP][PASSED] - M4_spin_features_triggered = result_M4_spin: null

2019-08-10 23:44:50 - [TEST_STEP][PASSED] - wild = []: null

2019-08-10 23:44:50 - [TEST_STEP][PASSED] - wild[0] = "WILD_Expanding": null

2019-08-10 23:44:50 - [TEST_STEP][PASSED] - wild[1] = "WILD_Normal": null

2019-08-10 23:44:50 - [TEST_STEP][PASSED] - wild[2] = "WILD_Double": null

2019-08-10 23:44:50 - [TEST_STEP][PASSED] - wild[3] = "WILD_ExtraFG": null

2019-08-10 23:44:50 - [TEST_STEP][PASSED] - wild[4] = "WILD_Triple": null

2019-08-10 23:44:50 - [TEST_STEP][PASSED] - wildList = Arrays.asList(wild): null

2019-08-10 23:44:50 - [TEST_STEP][PASSED] - wildList = wildList: null

2019-08-10 23:44:50 - [TEST_STEP][PASSED] - free_spin_reel_counter = []: null

2019-08-10 23:44:50 - [TEST_STEP][PASSED] - free_spin_reel_counter[0] = 0: null

2019-08-10 23:44:50 - [TEST_STEP][PASSED] - free_spin_reel_counter[1] = 0: null

2019-08-10 23:44:50 - [TEST_STEP][PASSED] - free_spin_reel_counter[2] = 0: null

2019-08-10 23:44:50 - [TEST_STEP][PASSED] - M4_spin_reels = reels: null

2019-08-10 23:44:50 - [TEST_STEP][PASSED] - for ([i = 0, i &lt; M4_spin_reels.size(), (i++)]): null

2019-08-10 23:44:50 - [TEST_STEP][PASSED] - symbols = symbols: null

2019-08-10 23:44:50 - [TEST_STEP][PASSED] - for ([j = 0, j &lt; symbols.size(), (j++)]): null

2019-08-10 23:44:50 - [TEST_STEP][PASSED] - symbol = symbol: null

2019-08-10 23:44:50 - [TEST_STEP][PASSED] - println(symbol): null

2019-08-10 23:44:50 - [TEST_STEP][PASSED] - if (i == 2 &amp;&amp; wildList.indexOf(symbol) != -1): null

2019-08-10 23:44:50 - [TEST_STEP][PASSED] - if (i == 3 &amp;&amp; wildList.indexOf(symbol) != -1): null

2019-08-10 23:44:50 - [TEST_STEP][PASSED] - if (i == 4 &amp;&amp; wildList.indexOf(symbol) != -1): null

2019-08-10 23:44:50 - [TEST_STEP][PASSED] - symbol = symbol: null

2019-08-10 23:44:50 - [TEST_STEP][PASSED] - println(symbol): null

2019-08-10 23:44:50 - [TEST_STEP][PASSED] - if (i == 2 &amp;&amp; wildList.indexOf(symbol) != -1): null

2019-08-10 23:44:50 - [TEST_STEP][PASSED] - if (i == 3 &amp;&amp; wildList.indexOf(symbol) != -1): null

2019-08-10 23:44:50 - [TEST_STEP][PASSED] - if (i == 4 &amp;&amp; wildList.indexOf(symbol) != -1): null

2019-08-10 23:44:50 - [TEST_STEP][PASSED] - symbol = symbol: null

2019-08-10 23:44:50 - [TEST_STEP][PASSED] - println(symbol): null

2019-08-10 23:44:50 - [TEST_STEP][PASSED] - if (i == 2 &amp;&amp; wildList.indexOf(symbol) != -1): null

2019-08-10 23:44:50 - [TEST_STEP][PASSED] - if (i == 3 &amp;&amp; wildList.indexOf(symbol) != -1): null

2019-08-10 23:44:50 - [TEST_STEP][PASSED] - if (i == 4 &amp;&amp; wildList.indexOf(symbol) != -1): null

2019-08-10 23:44:50 - [TEST_STEP][PASSED] - symbols = symbols: null

2019-08-10 23:44:50 - [TEST_STEP][PASSED] - for ([j = 0, j &lt; symbols.size(), (j++)]): null

2019-08-10 23:44:50 - [TEST_STEP][PASSED] - symbol = symbol: null

2019-08-10 23:44:50 - [TEST_STEP][PASSED] - println(symbol): null

2019-08-10 23:44:50 - [TEST_STEP][PASSED] - if (i == 2 &amp;&amp; wildList.indexOf(symbol) != -1): null

2019-08-10 23:44:50 - [TEST_STEP][PASSED] - if (i == 3 &amp;&amp; wildList.indexOf(symbol) != -1): null

2019-08-10 23:44:50 - [TEST_STEP][PASSED] - if (i == 4 &amp;&amp; wildList.indexOf(symbol) != -1): null

2019-08-10 23:44:50 - [TEST_STEP][PASSED] - symbol = symbol: null

2019-08-10 23:44:50 - [TEST_STEP][PASSED] - println(symbol): null

2019-08-10 23:44:50 - [TEST_STEP][PASSED] - if (i == 2 &amp;&amp; wildList.indexOf(symbol) != -1): null

2019-08-10 23:44:50 - [TEST_STEP][PASSED] - if (i == 3 &amp;&amp; wildList.indexOf(symbol) != -1): null

2019-08-10 23:44:50 - [TEST_STEP][PASSED] - if (i == 4 &amp;&amp; wildList.indexOf(symbol) != -1): null

2019-08-10 23:44:50 - [TEST_STEP][PASSED] - symbol = symbol: null

2019-08-10 23:44:50 - [TEST_STEP][PASSED] - println(symbol): null

2019-08-10 23:44:50 - [TEST_STEP][PASSED] - if (i == 2 &amp;&amp; wildList.indexOf(symbol) != -1): null

2019-08-10 23:44:50 - [TEST_STEP][PASSED] - if (i == 3 &amp;&amp; wildList.indexOf(symbol) != -1): null

2019-08-10 23:44:50 - [TEST_STEP][PASSED] - if (i == 4 &amp;&amp; wildList.indexOf(symbol) != -1): null

2019-08-10 23:44:50 - [TEST_STEP][PASSED] - symbols = symbols: null

2019-08-10 23:44:50 - [TEST_STEP][PASSED] - for ([j = 0, j &lt; symbols.size(), (j++)]): null

2019-08-10 23:44:50 - [TEST_STEP][PASSED] - symbol = symbol: null

2019-08-10 23:44:50 - [TEST_STEP][PASSED] - println(symbol): null

2019-08-10 23:44:50 - [TEST_STEP][PASSED] - if (i == 2 &amp;&amp; wildList.indexOf(symbol) != -1): null

2019-08-10 23:44:50 - [TEST_STEP][PASSED] - if (i == 3 &amp;&amp; wildList.indexOf(symbol) != -1): null

2019-08-10 23:44:50 - [TEST_STEP][PASSED] - if (i == 4 &amp;&amp; wildList.indexOf(symbol) != -1): null

2019-08-10 23:44:50 - [TEST_STEP][PASSED] - symbol = symbol: null

2019-08-10 23:44:50 - [TEST_STEP][PASSED] - println(symbol): null

2019-08-10 23:44:50 - [TEST_STEP][PASSED] - if (i == 2 &amp;&amp; wildList.indexOf(symbol) != -1): null

2019-08-10 23:44:50 - [TEST_STEP][PASSED] - if (i == 3 &amp;&amp; wildList.indexOf(symbol) != -1): null

2019-08-10 23:44:50 - [TEST_STEP][PASSED] - if (i == 4 &amp;&amp; wildList.indexOf(symbol) != -1): null

2019-08-10 23:44:50 - [TEST_STEP][PASSED] - symbol = symbol: null

2019-08-10 23:44:50 - [TEST_STEP][PASSED] - println(symbol): null

2019-08-10 23:44:50 - [TEST_STEP][PASSED] - if (i == 2 &amp;&amp; wildList.indexOf(symbol) != -1): null

2019-08-10 23:44:50 - [TEST_STEP][PASSED] - if (i == 3 &amp;&amp; wildList.indexOf(symbol) != -1): null

2019-08-10 23:44:50 - [TEST_STEP][PASSED] - if (i == 4 &amp;&amp; wildList.indexOf(symbol) != -1): null

2019-08-10 23:44:50 - [TEST_STEP][PASSED] - symbols = symbols: null

2019-08-10 23:44:50 - [TEST_STEP][PASSED] - for ([j = 0, j &lt; symbols.size(), (j++)]): null

2019-08-10 23:44:50 - [TEST_STEP][PASSED] - symbol = symbol: null

2019-08-10 23:44:50 - [TEST_STEP][PASSED] - println(symbol): null

2019-08-10 23:44:50 - [TEST_STEP][PASSED] - if (i == 2 &amp;&amp; wildList.indexOf(symbol) != -1): null

2019-08-10 23:44:50 - [TEST_STEP][PASSED] - if (i == 3 &amp;&amp; wildList.indexOf(symbol) != -1): null

2019-08-10 23:44:50 - [TEST_STEP][PASSED] - if (i == 4 &amp;&amp; wildList.indexOf(symbol) != -1): null

2019-08-10 23:44:50 - [TEST_STEP][PASSED] - symbol = symbol: null

2019-08-10 23:44:50 - [TEST_STEP][PASSED] - println(symbol): null

2019-08-10 23:44:50 - [TEST_STEP][PASSED] - if (i == 2 &amp;&amp; wildList.indexOf(symbol) != -1): null

2019-08-10 23:44:50 - [TEST_STEP][PASSED] - if (i == 3 &amp;&amp; wildList.indexOf(symbol) != -1): null

2019-08-10 23:44:50 - [TEST_STEP][PASSED] - if (i == 4 &amp;&amp; wildList.indexOf(symbol) != -1): null

2019-08-10 23:44:50 - [TEST_STEP][PASSED] - symbol = symbol: null

2019-08-10 23:44:50 - [TEST_STEP][PASSED] - println(symbol): null

2019-08-10 23:44:50 - [TEST_STEP][PASSED] - if (i == 2 &amp;&amp; wildList.indexOf(symbol) != -1): null

2019-08-10 23:44:50 - [TEST_STEP][PASSED] - if (i == 3 &amp;&amp; wildList.indexOf(symbol) != -1): null

2019-08-10 23:44:50 - [TEST_STEP][PASSED] - if (i == 4 &amp;&amp; wildList.indexOf(symbol) != -1): null

2019-08-10 23:44:50 - [TEST_STEP][PASSED] - symbols = symbols: null

2019-08-10 23:44:50 - [TEST_STEP][PASSED] - for ([j = 0, j &lt; symbols.size(), (j++)]): null

2019-08-10 23:44:50 - [TEST_STEP][PASSED] - symbol = symbol: null

2019-08-10 23:44:50 - [TEST_STEP][PASSED] - println(symbol): null

2019-08-10 23:44:50 - [TEST_STEP][PASSED] - if (i == 2 &amp;&amp; wildList.indexOf(symbol) != -1): null

2019-08-10 23:44:50 - [TEST_STEP][PASSED] - if (i == 3 &amp;&amp; wildList.indexOf(symbol) != -1): null

2019-08-10 23:44:50 - [TEST_STEP][PASSED] - if (i == 4 &amp;&amp; wildList.indexOf(symbol) != -1): null

2019-08-10 23:44:50 - [TEST_STEP][PASSED] - symbol = symbol: null

2019-08-10 23:44:50 - [TEST_STEP][PASSED] - println(symbol): null

2019-08-10 23:44:50 - [TEST_STEP][PASSED] - if (i == 2 &amp;&amp; wildList.indexOf(symbol) != -1): null

2019-08-10 23:44:50 - [TEST_STEP][PASSED] - if (i == 3 &amp;&amp; wildList.indexOf(symbol) != -1): null

2019-08-10 23:44:50 - [TEST_STEP][PASSED] - if (i == 4 &amp;&amp; wildList.indexOf(symbol) != -1): null

2019-08-10 23:44:50 - [TEST_STEP][PASSED] - symbol = symbol: null

2019-08-10 23:44:50 - [TEST_STEP][PASSED] - println(symbol): null

2019-08-10 23:44:50 - [TEST_STEP][PASSED] - if (i == 2 &amp;&amp; wildList.indexOf(symbol) != -1): null

2019-08-10 23:44:50 - [TEST_STEP][PASSED] - if (i == 3 &amp;&amp; wildList.indexOf(symbol) != -1): null

2019-08-10 23:44:50 - [TEST_STEP][PASSED] - if (i == 4 &amp;&amp; wildList.indexOf(symbol) != -1): null

2019-08-10 23:44:50 - [TEST_STEP][PASSED] - free_spin_reel_counter = free_spin_reel_counter: null

2019-08-10 23:44:50 - [TEST_STEP][PASSED] - println("reel 3 wild found: " + free_spin_reel_counter[0]): null

2019-08-10 23:44:50 - [TEST_STEP][PASSED] - println("reel 4 wild found: " + free_spin_reel_counter[1]): null

2019-08-10 23:44:50 - [TEST_STEP][PASSED] - println("reel 5 wild found: " + free_spin_reel_counter[2]): null

2019-08-10 23:44:50 - [TEST_STEP][PASSED] - M4_spin_reels = M4_spin_reels: null

2019-08-10 23:44:50 - [TEST_STEP][PASSED] - M4_spin_reels_symbols = symbol: null

2019-08-10 23:44:50 - [TEST_STEP][PASSED] - M4_spin_reels_symbols = M4_spin_reels_symbols: null

2019-08-10 23:44:50 - [TEST_STEP][PASSED] - M4_spin_reel_wins = reel_wins: null

2019-08-10 23:44:50 - [TEST_STEP][PASSED] - M4_spin_reel_wins = M4_spin_reel_wins: null

2019-08-10 23:44:50 - [TEST_STEP][PASSED] - println("GlobalVariable.M4_spin_reel_wins is: " + M4_spin_reel_wins): null

2019-08-10 23:44:50 - [TEST_STEP][PASSED] - M4_spin_total_bonus_win_this_round = total_bonus_win_this_round: null

2019-08-10 23:44:50 - [TEST_STEP][PASSED] - M4_spin_total_bonus_win_this_round = M4_spin_total_bonus_win_this_round: null

2019-08-10 23:44:50 - [TEST_STEP][PASSED] - println("GlobalVariable.M4_spin_total_bonus_win_this_round is: " + M4_spin_total_bonus_win_this_round): null

2019-08-10 23:44:50 - [MESSAGE][PASSED] - Verify response successfully

2019-08-10 23:44:50 - [MESSAGE][PASSED] - Send request and verify the response successfully

2019-08-10 23:44:50 - [TEST_STEP][PASSED] - if (M4_total_bonus_spins_int != 0 &amp;&amp; M4_spin_reels_symbols[2].contains("WILD_ExtraFG") || M4_spin_reels_symbols[3].contains("WILD_ExtraFG")): null

2019-08-10 23:44:50 - [TEST_STEP][PASSED] - free_spin_reel_counter = free_spin_reel_counter: null

2019-08-10 23:44:50 - [TEST_STEP][PASSED] - M4_spin_reels_symbols = M4_spin_reels_symbols: null

2019-08-10 23:44:50 - [TEST_STEP][PASSED] - M4_total_bonus_spins = M4_total_bonus_spins: null

2019-08-10 23:44:50 - [TEST_STEP][PASSED] - spin_result = sendRequestAndVerify(findTestObject("RGS(M4)/1_M4_spin", ["M4_login_user_id":M4_login_user_id, "rgs_session_token":rgs_session_token, "partner":Partner])): Send request and verify the response successfully

2019-08-10 23:44:51 - [TEST_CASE][PASSED] - Start Test Case : Verification: Verification accomplished successfully

2019-08-10 23:44:51 - [TEST_STEP][PASSED] - request = getInstance().getCurrentRequest(): null

2019-08-10 23:44:51 - [TEST_STEP][PASSED] - response = getInstance().getCurrentResponse(): null

2019-08-10 23:44:51 - [TEST_STEP][PASSED] - verifyResponseStatusCode(response, 200): Verify response status code successfully

2019-08-10 23:44:51 - [MESSAGE][PASSED] - Verify response status code successfully

2019-08-10 23:44:51 - [TEST_STEP][PASSED] - getStatusCode()).isEqualTo(200): null

2019-08-10 23:44:51 - [TEST_STEP][PASSED] - newline = System.getProperty("line.separator"): null

2019-08-10 23:44:51 - [TEST_STEP][PASSED] - M4_spin = new groovy.json.JsonSlurper(): null

2019-08-10 23:44:51 - [TEST_STEP][PASSED] - result_M4_spin = M4_spin.parseText(response.getResponseBodyContent()): null

2019-08-10 23:44:51 - [TEST_STEP][PASSED] - M4_spin_current_balance = current_balance: null

2019-08-10 23:44:51 - [TEST_STEP][PASSED] - M4_spin_current_balance = M4_spin_current_balance: null

2019-08-10 23:44:51 - [TEST_STEP][PASSED] - M4_spin_transaction_id = causality: null

2019-08-10 23:44:51 - [TEST_STEP][PASSED] - M4_spin_transaction_id = M4_spin_transaction_id: null

2019-08-10 23:44:51 - [TEST_STEP][PASSED] - M4_spin_round_id = round_id: null

2019-08-10 23:44:51 - [TEST_STEP][PASSED] - M4_spin_round_id = M4_spin_round_id: null

2019-08-10 23:44:51 - [TEST_STEP][PASSED] - M4_spin_line_wins = line_wins: null

2019-08-10 23:44:51 - [TEST_STEP][PASSED] - M4_spin_line_wins = M4_spin_line_wins: null

2019-08-10 23:44:51 - [TEST_STEP][PASSED] - M4_total_bonus_spins_int = total_bonus_spins: null

2019-08-10 23:44:51 - [TEST_STEP][PASSED] - println("******M4_total_bonus_spins type is:*******" + newline + getClass().getName()): null

2019-08-10 23:44:51 - [TEST_STEP][PASSED] - M4_total_bonus_spins_int = M4_total_bonus_spins_int: null

2019-08-10 23:44:51 - [TEST_STEP][PASSED] - M4_total_bonus_spins = Integer.toString(M4_total_bonus_spins_int): null

2019-08-10 23:44:51 - [TEST_STEP][PASSED] - M4_total_bonus_spins = M4_total_bonus_spins: null

2019-08-10 23:44:51 - [TEST_STEP][PASSED] - println("M4_total_bonus_spins is:" + M4_total_bonus_spins): null

2019-08-10 23:44:51 - [TEST_STEP][PASSED] - M4_spin_bonus_data = bonus_data: null

2019-08-10 23:44:51 - [TEST_STEP][PASSED] - M4_spin_features_triggered = result_M4_spin: null

2019-08-10 23:44:51 - [TEST_STEP][PASSED] - wild = []: null

2019-08-10 23:44:51 - [TEST_STEP][PASSED] - wild[0] = "WILD_Expanding": null

2019-08-10 23:44:51 - [TEST_STEP][PASSED] - wild[1] = "WILD_Normal": null

2019-08-10 23:44:51 - [TEST_STEP][PASSED] - wild[2] = "WILD_Double": null

2019-08-10 23:44:51 - [TEST_STEP][PASSED] - wild[3] = "WILD_ExtraFG": null

2019-08-10 23:44:51 - [TEST_STEP][PASSED] - wild[4] = "WILD_Triple": null

2019-08-10 23:44:51 - [TEST_STEP][PASSED] - wildList = Arrays.asList(wild): null

2019-08-10 23:44:51 - [TEST_STEP][PASSED] - wildList = wildList: null

2019-08-10 23:44:51 - [TEST_STEP][PASSED] - free_spin_reel_counter = []: null

2019-08-10 23:44:51 - [TEST_STEP][PASSED] - free_spin_reel_counter[0] = 0: null

2019-08-10 23:44:51 - [TEST_STEP][PASSED] - free_spin_reel_counter[1] = 0: null

2019-08-10 23:44:51 - [TEST_STEP][PASSED] - free_spin_reel_counter[2] = 0: null

2019-08-10 23:44:51 - [TEST_STEP][PASSED] - M4_spin_reels = reels: null

2019-08-10 23:44:51 - [TEST_STEP][PASSED] - for ([i = 0, i &lt; M4_spin_reels.size(), (i++)]): null

2019-08-10 23:44:51 - [TEST_STEP][PASSED] - symbols = symbols: null

2019-08-10 23:44:51 - [TEST_STEP][PASSED] - for ([j = 0, j &lt; symbols.size(), (j++)]): null

2019-08-10 23:44:51 - [TEST_STEP][PASSED] - symbol = symbol: null

2019-08-10 23:44:51 - [TEST_STEP][PASSED] - println(symbol): null

2019-08-10 23:44:51 - [TEST_STEP][PASSED] - if (i == 2 &amp;&amp; wildList.indexOf(symbol) != -1): null

2019-08-10 23:44:51 - [TEST_STEP][PASSED] - if (i == 3 &amp;&amp; wildList.indexOf(symbol) != -1): null

2019-08-10 23:44:51 - [TEST_STEP][PASSED] - if (i == 4 &amp;&amp; wildList.indexOf(symbol) != -1): null

2019-08-10 23:44:51 - [TEST_STEP][PASSED] - symbol = symbol: null

2019-08-10 23:44:51 - [TEST_STEP][PASSED] - println(symbol): null

2019-08-10 23:44:51 - [TEST_STEP][PASSED] - if (i == 2 &amp;&amp; wildList.indexOf(symbol) != -1): null

2019-08-10 23:44:51 - [TEST_STEP][PASSED] - if (i == 3 &amp;&amp; wildList.indexOf(symbol) != -1): null

2019-08-10 23:44:51 - [TEST_STEP][PASSED] - if (i == 4 &amp;&amp; wildList.indexOf(symbol) != -1): null

2019-08-10 23:44:51 - [TEST_STEP][PASSED] - symbol = symbol: null

2019-08-10 23:44:51 - [TEST_STEP][PASSED] - println(symbol): null

2019-08-10 23:44:51 - [TEST_STEP][PASSED] - if (i == 2 &amp;&amp; wildList.indexOf(symbol) != -1): null

2019-08-10 23:44:51 - [TEST_STEP][PASSED] - if (i == 3 &amp;&amp; wildList.indexOf(symbol) != -1): null

2019-08-10 23:44:51 - [TEST_STEP][PASSED] - if (i == 4 &amp;&amp; wildList.indexOf(symbol) != -1): null

2019-08-10 23:44:51 - [TEST_STEP][PASSED] - symbols = symbols: null

2019-08-10 23:44:51 - [TEST_STEP][PASSED] - for ([j = 0, j &lt; symbols.size(), (j++)]): null

2019-08-10 23:44:51 - [TEST_STEP][PASSED] - symbol = symbol: null

2019-08-10 23:44:51 - [TEST_STEP][PASSED] - println(symbol): null

2019-08-10 23:44:51 - [TEST_STEP][PASSED] - if (i == 2 &amp;&amp; wildList.indexOf(symbol) != -1): null

2019-08-10 23:44:51 - [TEST_STEP][PASSED] - if (i == 3 &amp;&amp; wildList.indexOf(symbol) != -1): null

2019-08-10 23:44:51 - [TEST_STEP][PASSED] - if (i == 4 &amp;&amp; wildList.indexOf(symbol) != -1): null

2019-08-10 23:44:51 - [TEST_STEP][PASSED] - symbol = symbol: null

2019-08-10 23:44:51 - [TEST_STEP][PASSED] - println(symbol): null

2019-08-10 23:44:51 - [TEST_STEP][PASSED] - if (i == 2 &amp;&amp; wildList.indexOf(symbol) != -1): null

2019-08-10 23:44:51 - [TEST_STEP][PASSED] - if (i == 3 &amp;&amp; wildList.indexOf(symbol) != -1): null

2019-08-10 23:44:51 - [TEST_STEP][PASSED] - if (i == 4 &amp;&amp; wildList.indexOf(symbol) != -1): null

2019-08-10 23:44:51 - [TEST_STEP][PASSED] - symbol = symbol: null

2019-08-10 23:44:51 - [TEST_STEP][PASSED] - println(symbol): null

2019-08-10 23:44:51 - [TEST_STEP][PASSED] - if (i == 2 &amp;&amp; wildList.indexOf(symbol) != -1): null

2019-08-10 23:44:51 - [TEST_STEP][PASSED] - if (i == 3 &amp;&amp; wildList.indexOf(symbol) != -1): null

2019-08-10 23:44:51 - [TEST_STEP][PASSED] - if (i == 4 &amp;&amp; wildList.indexOf(symbol) != -1): null

2019-08-10 23:44:51 - [TEST_STEP][PASSED] - symbols = symbols: null

2019-08-10 23:44:51 - [TEST_STEP][PASSED] - for ([j = 0, j &lt; symbols.size(), (j++)]): null

2019-08-10 23:44:51 - [TEST_STEP][PASSED] - symbol = symbol: null

2019-08-10 23:44:51 - [TEST_STEP][PASSED] - println(symbol): null

2019-08-10 23:44:51 - [TEST_STEP][PASSED] - if (i == 2 &amp;&amp; wildList.indexOf(symbol) != -1): null

2019-08-10 23:44:51 - [TEST_STEP][PASSED] - if (i == 3 &amp;&amp; wildList.indexOf(symbol) != -1): null

2019-08-10 23:44:51 - [TEST_STEP][PASSED] - if (i == 4 &amp;&amp; wildList.indexOf(symbol) != -1): null

2019-08-10 23:44:51 - [TEST_STEP][PASSED] - symbol = symbol: null

2019-08-10 23:44:51 - [TEST_STEP][PASSED] - println(symbol): null

2019-08-10 23:44:51 - [TEST_STEP][PASSED] - if (i == 2 &amp;&amp; wildList.indexOf(symbol) != -1): null

2019-08-10 23:44:51 - [TEST_STEP][PASSED] - if (i == 3 &amp;&amp; wildList.indexOf(symbol) != -1): null

2019-08-10 23:44:51 - [TEST_STEP][PASSED] - if (i == 4 &amp;&amp; wildList.indexOf(symbol) != -1): null

2019-08-10 23:44:51 - [TEST_STEP][PASSED] - symbol = symbol: null

2019-08-10 23:44:51 - [TEST_STEP][PASSED] - println(symbol): null

2019-08-10 23:44:51 - [TEST_STEP][PASSED] - if (i == 2 &amp;&amp; wildList.indexOf(symbol) != -1): null

2019-08-10 23:44:51 - [TEST_STEP][PASSED] - if (i == 3 &amp;&amp; wildList.indexOf(symbol) != -1): null

2019-08-10 23:44:51 - [TEST_STEP][PASSED] - if (i == 4 &amp;&amp; wildList.indexOf(symbol) != -1): null

2019-08-10 23:44:51 - [TEST_STEP][PASSED] - symbols = symbols: null

2019-08-10 23:44:51 - [TEST_STEP][PASSED] - for ([j = 0, j &lt; symbols.size(), (j++)]): null

2019-08-10 23:44:51 - [TEST_STEP][PASSED] - symbol = symbol: null

2019-08-10 23:44:51 - [TEST_STEP][PASSED] - println(symbol): null

2019-08-10 23:44:51 - [TEST_STEP][PASSED] - if (i == 2 &amp;&amp; wildList.indexOf(symbol) != -1): null

2019-08-10 23:44:51 - [TEST_STEP][PASSED] - if (i == 3 &amp;&amp; wildList.indexOf(symbol) != -1): null

2019-08-10 23:44:51 - [TEST_STEP][PASSED] - println("wild found on reel 4, adding counter by 1"): null

2019-08-10 23:44:51 - [TEST_STEP][PASSED] - free_spin_reel_counter[1] = free_spin_reel_counter[1] + 1: null

2019-08-10 23:44:51 - [TEST_STEP][PASSED] - if (i == 4 &amp;&amp; wildList.indexOf(symbol) != -1): null

2019-08-10 23:44:51 - [TEST_STEP][PASSED] - symbol = symbol: null

2019-08-10 23:44:51 - [TEST_STEP][PASSED] - println(symbol): null

2019-08-10 23:44:51 - [TEST_STEP][PASSED] - if (i == 2 &amp;&amp; wildList.indexOf(symbol) != -1): null

2019-08-10 23:44:51 - [TEST_STEP][PASSED] - if (i == 3 &amp;&amp; wildList.indexOf(symbol) != -1): null

2019-08-10 23:44:51 - [TEST_STEP][PASSED] - if (i == 4 &amp;&amp; wildList.indexOf(symbol) != -1): null

2019-08-10 23:44:51 - [TEST_STEP][PASSED] - symbol = symbol: null

2019-08-10 23:44:51 - [TEST_STEP][PASSED] - println(symbol): null

2019-08-10 23:44:51 - [TEST_STEP][PASSED] - if (i == 2 &amp;&amp; wildList.indexOf(symbol) != -1): null

2019-08-10 23:44:51 - [TEST_STEP][PASSED] - if (i == 3 &amp;&amp; wildList.indexOf(symbol) != -1): null

2019-08-10 23:44:51 - [TEST_STEP][PASSED] - if (i == 4 &amp;&amp; wildList.indexOf(symbol) != -1): null

2019-08-10 23:44:51 - [TEST_STEP][PASSED] - symbols = symbols: null

2019-08-10 23:44:51 - [TEST_STEP][PASSED] - for ([j = 0, j &lt; symbols.size(), (j++)]): null

2019-08-10 23:44:51 - [TEST_STEP][PASSED] - symbol = symbol: null

2019-08-10 23:44:51 - [TEST_STEP][PASSED] - println(symbol): null

2019-08-10 23:44:51 - [TEST_STEP][PASSED] - if (i == 2 &amp;&amp; wildList.indexOf(symbol) != -1): null

2019-08-10 23:44:51 - [TEST_STEP][PASSED] - if (i == 3 &amp;&amp; wildList.indexOf(symbol) != -1): null

2019-08-10 23:44:51 - [TEST_STEP][PASSED] - if (i == 4 &amp;&amp; wildList.indexOf(symbol) != -1): null

2019-08-10 23:44:51 - [TEST_STEP][PASSED] - symbol = symbol: null

2019-08-10 23:44:51 - [TEST_STEP][PASSED] - println(symbol): null

2019-08-10 23:44:51 - [TEST_STEP][PASSED] - if (i == 2 &amp;&amp; wildList.indexOf(symbol) != -1): null

2019-08-10 23:44:51 - [TEST_STEP][PASSED] - if (i == 3 &amp;&amp; wildList.indexOf(symbol) != -1): null

2019-08-10 23:44:51 - [TEST_STEP][PASSED] - if (i == 4 &amp;&amp; wildList.indexOf(symbol) != -1): null

2019-08-10 23:44:51 - [TEST_STEP][PASSED] - symbol = symbol: null

2019-08-10 23:44:51 - [TEST_STEP][PASSED] - println(symbol): null

2019-08-10 23:44:51 - [TEST_STEP][PASSED] - if (i == 2 &amp;&amp; wildList.indexOf(symbol) != -1): null

2019-08-10 23:44:51 - [TEST_STEP][PASSED] - if (i == 3 &amp;&amp; wildList.indexOf(symbol) != -1): null

2019-08-10 23:44:51 - [TEST_STEP][PASSED] - if (i == 4 &amp;&amp; wildList.indexOf(symbol) != -1): null

2019-08-10 23:44:51 - [TEST_STEP][PASSED] - free_spin_reel_counter = free_spin_reel_counter: null

2019-08-10 23:44:51 - [TEST_STEP][PASSED] - println("reel 3 wild found: " + free_spin_reel_counter[0]): null

2019-08-10 23:44:51 - [TEST_STEP][PASSED] - println("reel 4 wild found: " + free_spin_reel_counter[1]): null

2019-08-10 23:44:51 - [TEST_STEP][PASSED] - println("reel 5 wild found: " + free_spin_reel_counter[2]): null

2019-08-10 23:44:51 - [TEST_STEP][PASSED] - M4_spin_reels = M4_spin_reels: null

2019-08-10 23:44:51 - [TEST_STEP][PASSED] - M4_spin_reels_symbols = symbol: null

2019-08-10 23:44:51 - [TEST_STEP][PASSED] - M4_spin_reels_symbols = M4_spin_reels_symbols: null

2019-08-10 23:44:51 - [TEST_STEP][PASSED] - M4_spin_reel_wins = reel_wins: null

2019-08-10 23:44:51 - [TEST_STEP][PASSED] - M4_spin_reel_wins = M4_spin_reel_wins: null

2019-08-10 23:44:51 - [TEST_STEP][PASSED] - println("GlobalVariable.M4_spin_reel_wins is: " + M4_spin_reel_wins): null

2019-08-10 23:44:51 - [TEST_STEP][PASSED] - M4_spin_total_bonus_win_this_round = total_bonus_win_this_round: null

2019-08-10 23:44:51 - [TEST_STEP][PASSED] - M4_spin_total_bonus_win_this_round = M4_spin_total_bonus_win_this_round: null

2019-08-10 23:44:51 - [TEST_STEP][PASSED] - println("GlobalVariable.M4_spin_total_bonus_win_this_round is: " + M4_spin_total_bonus_win_this_round): null

2019-08-10 23:44:54 - [MESSAGE][PASSED] - Verify response successfully

2019-08-10 23:44:54 - [MESSAGE][PASSED] - Send request and verify the response successfully

2019-08-10 23:44:54 - [TEST_STEP][PASSED] - if (M4_total_bonus_spins_int != 0 &amp;&amp; M4_spin_reels_symbols[2].contains("WILD_ExtraFG") || M4_spin_reels_symbols[3].contains("WILD_ExtraFG")): null

2019-08-10 23:44:54 - [TEST_STEP][PASSED] - free_spin_reel_counter = free_spin_reel_counter: null

2019-08-10 23:44:54 - [TEST_STEP][PASSED] - M4_spin_reels_symbols = M4_spin_reels_symbols: null

2019-08-10 23:44:54 - [TEST_STEP][PASSED] - M4_total_bonus_spins = M4_total_bonus_spins: null

2019-08-10 23:44:54 - [TEST_STEP][PASSED] - spin_result = sendRequestAndVerify(findTestObject("RGS(M4)/1_M4_spin", ["M4_login_user_id":M4_login_user_id, "rgs_session_token":rgs_session_token, "partner":Partner])): Send request and verify the response successfully

2019-08-10 23:44:54 - [TEST_CASE][PASSED] - Start Test Case : Verification: Verification accomplished successfully

2019-08-10 23:44:54 - [TEST_STEP][PASSED] - request = getInstance().getCurrentRequest(): null

2019-08-10 23:44:54 - [TEST_STEP][PASSED] - response = getInstance().getCurrentResponse(): null

2019-08-10 23:44:54 - [TEST_STEP][PASSED] - verifyResponseStatusCode(response, 200): Verify response status code successfully

2019-08-10 23:44:54 - [MESSAGE][PASSED] - Verify response status code successfully

2019-08-10 23:44:54 - [TEST_STEP][PASSED] - getStatusCode()).isEqualTo(200): null

2019-08-10 23:44:54 - [TEST_STEP][PASSED] - newline = System.getProperty("line.separator"): null

2019-08-10 23:44:54 - [TEST_STEP][PASSED] - M4_spin = new groovy.json.JsonSlurper(): null

2019-08-10 23:44:54 - [TEST_STEP][PASSED] - result_M4_spin = M4_spin.parseText(response.getResponseBodyContent()): null

2019-08-10 23:44:54 - [TEST_STEP][PASSED] - M4_spin_current_balance = current_balance: null

2019-08-10 23:44:54 - [TEST_STEP][PASSED] - M4_spin_current_balance = M4_spin_current_balance: null

2019-08-10 23:44:54 - [TEST_STEP][PASSED] - M4_spin_transaction_id = causality: null

2019-08-10 23:44:54 - [TEST_STEP][PASSED] - M4_spin_transaction_id = M4_spin_transaction_id: null

2019-08-10 23:44:54 - [TEST_STEP][PASSED] - M4_spin_round_id = round_id: null

2019-08-10 23:44:54 - [TEST_STEP][PASSED] - M4_spin_round_id = M4_spin_round_id: null

2019-08-10 23:44:54 - [TEST_STEP][PASSED] - M4_spin_line_wins = line_wins: null

2019-08-10 23:44:54 - [TEST_STEP][PASSED] - M4_spin_line_wins = M4_spin_line_wins: null

2019-08-10 23:44:54 - [TEST_STEP][PASSED] - M4_total_bonus_spins_int = total_bonus_spins: null

2019-08-10 23:44:54 - [TEST_STEP][PASSED] - println("******M4_total_bonus_spins type is:*******" + newline + getClass().getName()): null

2019-08-10 23:44:54 - [TEST_STEP][PASSED] - M4_total_bonus_spins_int = M4_total_bonus_spins_int: null

2019-08-10 23:44:54 - [TEST_STEP][PASSED] - M4_total_bonus_spins = Integer.toString(M4_total_bonus_spins_int): null

2019-08-10 23:44:54 - [TEST_STEP][PASSED] - M4_total_bonus_spins = M4_total_bonus_spins: null

2019-08-10 23:44:54 - [TEST_STEP][PASSED] - println("M4_total_bonus_spins is:" + M4_total_bonus_spins): null

2019-08-10 23:44:54 - [TEST_STEP][PASSED] - M4_spin_bonus_data = bonus_data: null

2019-08-10 23:44:54 - [TEST_STEP][PASSED] - M4_spin_features_triggered = result_M4_spin: null

2019-08-10 23:44:54 - [TEST_STEP][PASSED] - wild = []: null

2019-08-10 23:44:54 - [TEST_STEP][PASSED] - wild[0] = "WILD_Expanding": null

2019-08-10 23:44:54 - [TEST_STEP][PASSED] - wild[1] = "WILD_Normal": null

2019-08-10 23:44:54 - [TEST_STEP][PASSED] - wild[2] = "WILD_Double": null

2019-08-10 23:44:54 - [TEST_STEP][PASSED] - wild[3] = "WILD_ExtraFG": null

2019-08-10 23:44:54 - [TEST_STEP][PASSED] - wild[4] = "WILD_Triple": null

2019-08-10 23:44:54 - [TEST_STEP][PASSED] - wildList = Arrays.asList(wild): null

2019-08-10 23:44:54 - [TEST_STEP][PASSED] - wildList = wildList: null

2019-08-10 23:44:54 - [TEST_STEP][PASSED] - free_spin_reel_counter = []: null

2019-08-10 23:44:54 - [TEST_STEP][PASSED] - free_spin_reel_counter[0] = 0: null

2019-08-10 23:44:54 - [TEST_STEP][PASSED] - free_spin_reel_counter[1] = 0: null

2019-08-10 23:44:54 - [TEST_STEP][PASSED] - free_spin_reel_counter[2] = 0: null

2019-08-10 23:44:54 - [TEST_STEP][PASSED] - M4_spin_reels = reels: null

2019-08-10 23:44:54 - [TEST_STEP][PASSED] - for ([i = 0, i &lt; M4_spin_reels.size(), (i++)]): null

2019-08-10 23:44:54 - [TEST_STEP][PASSED] - symbols = symbols: null

2019-08-10 23:44:54 - [TEST_STEP][PASSED] - for ([j = 0, j &lt; symbols.size(), (j++)]): null

2019-08-10 23:44:54 - [TEST_STEP][PASSED] - symbol = symbol: null

2019-08-10 23:44:54 - [TEST_STEP][PASSED] - println(symbol): null

2019-08-10 23:44:54 - [TEST_STEP][PASSED] - if (i == 2 &amp;&amp; wildList.indexOf(symbol) != -1): null

2019-08-10 23:44:54 - [TEST_STEP][PASSED] - if (i == 3 &amp;&amp; wildList.indexOf(symbol) != -1): null

2019-08-10 23:44:54 - [TEST_STEP][PASSED] - if (i == 4 &amp;&amp; wildList.indexOf(symbol) != -1): null

2019-08-10 23:44:54 - [TEST_STEP][PASSED] - symbol = symbol: null

2019-08-10 23:44:54 - [TEST_STEP][PASSED] - println(symbol): null

2019-08-10 23:44:54 - [TEST_STEP][PASSED] - if (i == 2 &amp;&amp; wildList.indexOf(symbol) != -1): null

2019-08-10 23:44:54 - [TEST_STEP][PASSED] - if (i == 3 &amp;&amp; wildList.indexOf(symbol) != -1): null

2019-08-10 23:44:54 - [TEST_STEP][PASSED] - if (i == 4 &amp;&amp; wildList.indexOf(symbol) != -1): null

2019-08-10 23:44:54 - [TEST_STEP][PASSED] - symbol = symbol: null

2019-08-10 23:44:54 - [TEST_STEP][PASSED] - println(symbol): null

2019-08-10 23:44:54 - [TEST_STEP][PASSED] - if (i == 2 &amp;&amp; wildList.indexOf(symbol) != -1): null

2019-08-10 23:44:54 - [TEST_STEP][PASSED] - if (i == 3 &amp;&amp; wildList.indexOf(symbol) != -1): null

2019-08-10 23:44:54 - [TEST_STEP][PASSED] - if (i == 4 &amp;&amp; wildList.indexOf(symbol) != -1): null

2019-08-10 23:44:54 - [TEST_STEP][PASSED] - symbols = symbols: null

2019-08-10 23:44:54 - [TEST_STEP][PASSED] - for ([j = 0, j &lt; symbols.size(), (j++)]): null

2019-08-10 23:44:54 - [TEST_STEP][PASSED] - symbol = symbol: null

2019-08-10 23:44:54 - [TEST_STEP][PASSED] - println(symbol): null

2019-08-10 23:44:54 - [TEST_STEP][PASSED] - if (i == 2 &amp;&amp; wildList.indexOf(symbol) != -1): null

2019-08-10 23:44:54 - [TEST_STEP][PASSED] - if (i == 3 &amp;&amp; wildList.indexOf(symbol) != -1): null

2019-08-10 23:44:54 - [TEST_STEP][PASSED] - if (i == 4 &amp;&amp; wildList.indexOf(symbol) != -1): null

2019-08-10 23:44:54 - [TEST_STEP][PASSED] - symbol = symbol: null

2019-08-10 23:44:54 - [TEST_STEP][PASSED] - println(symbol): null

2019-08-10 23:44:54 - [TEST_STEP][PASSED] - if (i == 2 &amp;&amp; wildList.indexOf(symbol) != -1): null

2019-08-10 23:44:54 - [TEST_STEP][PASSED] - if (i == 3 &amp;&amp; wildList.indexOf(symbol) != -1): null

2019-08-10 23:44:54 - [TEST_STEP][PASSED] - if (i == 4 &amp;&amp; wildList.indexOf(symbol) != -1): null

2019-08-10 23:44:54 - [TEST_STEP][PASSED] - symbol = symbol: null

2019-08-10 23:44:54 - [TEST_STEP][PASSED] - println(symbol): null

2019-08-10 23:44:54 - [TEST_STEP][PASSED] - if (i == 2 &amp;&amp; wildList.indexOf(symbol) != -1): null

2019-08-10 23:44:54 - [TEST_STEP][PASSED] - if (i == 3 &amp;&amp; wildList.indexOf(symbol) != -1): null

2019-08-10 23:44:54 - [TEST_STEP][PASSED] - if (i == 4 &amp;&amp; wildList.indexOf(symbol) != -1): null

2019-08-10 23:44:54 - [TEST_STEP][PASSED] - symbols = symbols: null

2019-08-10 23:44:54 - [TEST_STEP][PASSED] - for ([j = 0, j &lt; symbols.size(), (j++)]): null

2019-08-10 23:44:54 - [TEST_STEP][PASSED] - symbol = symbol: null

2019-08-10 23:44:54 - [TEST_STEP][PASSED] - println(symbol): null

2019-08-10 23:44:54 - [TEST_STEP][PASSED] - if (i == 2 &amp;&amp; wildList.indexOf(symbol) != -1): null

2019-08-10 23:44:54 - [TEST_STEP][PASSED] - if (i == 3 &amp;&amp; wildList.indexOf(symbol) != -1): null

2019-08-10 23:44:54 - [TEST_STEP][PASSED] - if (i == 4 &amp;&amp; wildList.indexOf(symbol) != -1): null

2019-08-10 23:44:54 - [TEST_STEP][PASSED] - symbol = symbol: null

2019-08-10 23:44:54 - [TEST_STEP][PASSED] - println(symbol): null

2019-08-10 23:44:54 - [TEST_STEP][PASSED] - if (i == 2 &amp;&amp; wildList.indexOf(symbol) != -1): null

2019-08-10 23:44:54 - [TEST_STEP][PASSED] - println("wild found on reel 3, adding counter by 1"): null

2019-08-10 23:44:54 - [TEST_STEP][PASSED] - free_spin_reel_counter[0] = free_spin_reel_counter[0] + 1: null

2019-08-10 23:44:54 - [TEST_STEP][PASSED] - if (i == 3 &amp;&amp; wildList.indexOf(symbol) != -1): null

2019-08-10 23:44:54 - [TEST_STEP][PASSED] - if (i == 4 &amp;&amp; wildList.indexOf(symbol) != -1): null

2019-08-10 23:44:54 - [TEST_STEP][PASSED] - symbol = symbol: null

2019-08-10 23:44:54 - [TEST_STEP][PASSED] - println(symbol): null

2019-08-10 23:44:54 - [TEST_STEP][PASSED] - if (i == 2 &amp;&amp; wildList.indexOf(symbol) != -1): null

2019-08-10 23:44:54 - [TEST_STEP][PASSED] - if (i == 3 &amp;&amp; wildList.indexOf(symbol) != -1): null

2019-08-10 23:44:54 - [TEST_STEP][PASSED] - if (i == 4 &amp;&amp; wildList.indexOf(symbol) != -1): null

2019-08-10 23:44:54 - [TEST_STEP][PASSED] - symbols = symbols: null

2019-08-10 23:44:54 - [TEST_STEP][PASSED] - for ([j = 0, j &lt; symbols.size(), (j++)]): null

2019-08-10 23:44:54 - [TEST_STEP][PASSED] - symbol = symbol: null

2019-08-10 23:44:54 - [TEST_STEP][PASSED] - println(symbol): null

2019-08-10 23:44:54 - [TEST_STEP][PASSED] - if (i == 2 &amp;&amp; wildList.indexOf(symbol) != -1): null

2019-08-10 23:44:54 - [TEST_STEP][PASSED] - if (i == 3 &amp;&amp; wildList.indexOf(symbol) != -1): null

2019-08-10 23:44:54 - [TEST_STEP][PASSED] - if (i == 4 &amp;&amp; wildList.indexOf(symbol) != -1): null

2019-08-10 23:44:54 - [TEST_STEP][PASSED] - symbol = symbol: null

2019-08-10 23:44:54 - [TEST_STEP][PASSED] - println(symbol): null

2019-08-10 23:44:54 - [TEST_STEP][PASSED] - if (i == 2 &amp;&amp; wildList.indexOf(symbol) != -1): null

2019-08-10 23:44:54 - [TEST_STEP][PASSED] - if (i == 3 &amp;&amp; wildList.indexOf(symbol) != -1): null

2019-08-10 23:44:54 - [TEST_STEP][PASSED] - if (i == 4 &amp;&amp; wildList.indexOf(symbol) != -1): null

2019-08-10 23:44:54 - [TEST_STEP][PASSED] - symbol = symbol: null

2019-08-10 23:44:54 - [TEST_STEP][PASSED] - println(symbol): null

2019-08-10 23:44:54 - [TEST_STEP][PASSED] - if (i == 2 &amp;&amp; wildList.indexOf(symbol) != -1): null

2019-08-10 23:44:54 - [TEST_STEP][PASSED] - if (i == 3 &amp;&amp; wildList.indexOf(symbol) != -1): null

2019-08-10 23:44:54 - [TEST_STEP][PASSED] - if (i == 4 &amp;&amp; wildList.indexOf(symbol) != -1): null

2019-08-10 23:44:54 - [TEST_STEP][PASSED] - symbols = symbols: null

2019-08-10 23:44:54 - [TEST_STEP][PASSED] - for ([j = 0, j &lt; symbols.size(), (j++)]): null

2019-08-10 23:44:54 - [TEST_STEP][PASSED] - symbol = symbol: null

2019-08-10 23:44:54 - [TEST_STEP][PASSED] - println(symbol): null

2019-08-10 23:44:54 - [TEST_STEP][PASSED] - if (i == 2 &amp;&amp; wildList.indexOf(symbol) != -1): null

2019-08-10 23:44:54 - [TEST_STEP][PASSED] - if (i == 3 &amp;&amp; wildList.indexOf(symbol) != -1): null

2019-08-10 23:44:54 - [TEST_STEP][PASSED] - if (i == 4 &amp;&amp; wildList.indexOf(symbol) != -1): null

2019-08-10 23:44:54 - [TEST_STEP][PASSED] - symbol = symbol: null

2019-08-10 23:44:54 - [TEST_STEP][PASSED] - println(symbol): null

2019-08-10 23:44:54 - [TEST_STEP][PASSED] - if (i == 2 &amp;&amp; wildList.indexOf(symbol) != -1): null

2019-08-10 23:44:54 - [TEST_STEP][PASSED] - if (i == 3 &amp;&amp; wildList.indexOf(symbol) != -1): null

2019-08-10 23:44:54 - [TEST_STEP][PASSED] - if (i == 4 &amp;&amp; wildList.indexOf(symbol) != -1): null

2019-08-10 23:44:54 - [TEST_STEP][PASSED] - symbol = symbol: null

2019-08-10 23:44:54 - [TEST_STEP][PASSED] - println(symbol): null

2019-08-10 23:44:54 - [TEST_STEP][PASSED] - if (i == 2 &amp;&amp; wildList.indexOf(symbol) != -1): null

2019-08-10 23:44:54 - [TEST_STEP][PASSED] - if (i == 3 &amp;&amp; wildList.indexOf(symbol) != -1): null

2019-08-10 23:44:54 - [TEST_STEP][PASSED] - if (i == 4 &amp;&amp; wildList.indexOf(symbol) != -1): null

2019-08-10 23:44:54 - [TEST_STEP][PASSED] - free_spin_reel_counter = free_spin_reel_counter: null

2019-08-10 23:44:54 - [TEST_STEP][PASSED] - println("reel 3 wild found: " + free_spin_reel_counter[0]): null

2019-08-10 23:44:54 - [TEST_STEP][PASSED] - println("reel 4 wild found: " + free_spin_reel_counter[1]): null

2019-08-10 23:44:54 - [TEST_STEP][PASSED] - println("reel 5 wild found: " + free_spin_reel_counter[2]): null

2019-08-10 23:44:54 - [TEST_STEP][PASSED] - M4_spin_reels = M4_spin_reels: null

2019-08-10 23:44:54 - [TEST_STEP][PASSED] - M4_spin_reels_symbols = symbol: null

2019-08-10 23:44:54 - [TEST_STEP][PASSED] - M4_spin_reels_symbols = M4_spin_reels_symbols: null

2019-08-10 23:44:54 - [TEST_STEP][PASSED] - M4_spin_reel_wins = reel_wins: null

2019-08-10 23:44:54 - [TEST_STEP][PASSED] - M4_spin_reel_wins = M4_spin_reel_wins: null

2019-08-10 23:44:54 - [TEST_STEP][PASSED] - println("GlobalVariable.M4_spin_reel_wins is: " + M4_spin_reel_wins): null

2019-08-10 23:44:54 - [TEST_STEP][PASSED] - M4_spin_total_bonus_win_this_round = total_bonus_win_this_round: null

2019-08-10 23:44:54 - [TEST_STEP][PASSED] - M4_spin_total_bonus_win_this_round = M4_spin_total_bonus_win_this_round: null

2019-08-10 23:44:54 - [TEST_STEP][PASSED] - println("GlobalVariable.M4_spin_total_bonus_win_this_round is: " + M4_spin_total_bonus_win_this_round): null

2019-08-10 23:44:54 - [MESSAGE][PASSED] - Verify response successfully

2019-08-10 23:44:54 - [MESSAGE][PASSED] - Send request and verify the response successfully

2019-08-10 23:44:54 - [TEST_STEP][PASSED] - if (M4_total_bonus_spins_int != 0 &amp;&amp; M4_spin_reels_symbols[2].contains("WILD_ExtraFG") || M4_spin_reels_symbols[3].contains("WILD_ExtraFG")): null

2019-08-10 23:44:54 - [TEST_STEP][PASSED] - free_spin_reel_counter = free_spin_reel_counter: null

2019-08-10 23:44:54 - [TEST_STEP][PASSED] - M4_spin_reels_symbols = M4_spin_reels_symbols: null

2019-08-10 23:44:54 - [TEST_STEP][PASSED] - M4_total_bonus_spins = M4_total_bonus_spins: null

2019-08-10 23:44:54 - [TEST_STEP][PASSED] - spin_result = sendRequestAndVerify(findTestObject("RGS(M4)/1_M4_spin", ["M4_login_user_id":M4_login_user_id, "rgs_session_token":rgs_session_token, "partner":Partner])): Send request and verify the response successfully

2019-08-10 23:44:55 - [TEST_CASE][PASSED] - Start Test Case : Verification: Verification accomplished successfully

2019-08-10 23:44:55 - [TEST_STEP][PASSED] - request = getInstance().getCurrentRequest(): null

2019-08-10 23:44:55 - [TEST_STEP][PASSED] - response = getInstance().getCurrentResponse(): null

2019-08-10 23:44:55 - [TEST_STEP][PASSED] - verifyResponseStatusCode(response, 200): Verify response status code successfully

2019-08-10 23:44:55 - [MESSAGE][PASSED] - Verify response status code successfully

2019-08-10 23:44:55 - [TEST_STEP][PASSED] - getStatusCode()).isEqualTo(200): null

2019-08-10 23:44:55 - [TEST_STEP][PASSED] - newline = System.getProperty("line.separator"): null

2019-08-10 23:44:55 - [TEST_STEP][PASSED] - M4_spin = new groovy.json.JsonSlurper(): null

2019-08-10 23:44:55 - [TEST_STEP][PASSED] - result_M4_spin = M4_spin.parseText(response.getResponseBodyContent()): null

2019-08-10 23:44:55 - [TEST_STEP][PASSED] - M4_spin_current_balance = current_balance: null

2019-08-10 23:44:55 - [TEST_STEP][PASSED] - M4_spin_current_balance = M4_spin_current_balance: null

2019-08-10 23:44:55 - [TEST_STEP][PASSED] - M4_spin_transaction_id = causality: null

2019-08-10 23:44:55 - [TEST_STEP][PASSED] - M4_spin_transaction_id = M4_spin_transaction_id: null

2019-08-10 23:44:55 - [TEST_STEP][PASSED] - M4_spin_round_id = round_id: null

2019-08-10 23:44:55 - [TEST_STEP][PASSED] - M4_spin_round_id = M4_spin_round_id: null

2019-08-10 23:44:55 - [TEST_STEP][PASSED] - M4_spin_line_wins = line_wins: null

2019-08-10 23:44:55 - [TEST_STEP][PASSED] - M4_spin_line_wins = M4_spin_line_wins: null

2019-08-10 23:44:55 - [TEST_STEP][PASSED] - M4_total_bonus_spins_int = total_bonus_spins: null

2019-08-10 23:44:55 - [TEST_STEP][PASSED] - println("******M4_total_bonus_spins type is:*******" + newline + getClass().getName()): null

2019-08-10 23:44:55 - [TEST_STEP][PASSED] - M4_total_bonus_spins_int = M4_total_bonus_spins_int: null

2019-08-10 23:44:55 - [TEST_STEP][PASSED] - M4_total_bonus_spins = Integer.toString(M4_total_bonus_spins_int): null

2019-08-10 23:44:55 - [TEST_STEP][PASSED] - M4_total_bonus_spins = M4_total_bonus_spins: null

2019-08-10 23:44:55 - [TEST_STEP][PASSED] - println("M4_total_bonus_spins is:" + M4_total_bonus_spins): null

2019-08-10 23:44:55 - [TEST_STEP][PASSED] - M4_spin_bonus_data = bonus_data: null

2019-08-10 23:44:55 - [TEST_STEP][PASSED] - M4_spin_features_triggered = result_M4_spin: null

2019-08-10 23:44:55 - [TEST_STEP][PASSED] - wild = []: null

2019-08-10 23:44:55 - [TEST_STEP][PASSED] - wild[0] = "WILD_Expanding": null

2019-08-10 23:44:55 - [TEST_STEP][PASSED] - wild[1] = "WILD_Normal": null

2019-08-10 23:44:55 - [TEST_STEP][PASSED] - wild[2] = "WILD_Double": null

2019-08-10 23:44:55 - [TEST_STEP][PASSED] - wild[3] = "WILD_ExtraFG": null

2019-08-10 23:44:55 - [TEST_STEP][PASSED] - wild[4] = "WILD_Triple": null

2019-08-10 23:44:55 - [TEST_STEP][PASSED] - wildList = Arrays.asList(wild): null

2019-08-10 23:44:55 - [TEST_STEP][PASSED] - wildList = wildList: null

2019-08-10 23:44:55 - [TEST_STEP][PASSED] - free_spin_reel_counter = []: null

2019-08-10 23:44:55 - [TEST_STEP][PASSED] - free_spin_reel_counter[0] = 0: null

2019-08-10 23:44:55 - [TEST_STEP][PASSED] - free_spin_reel_counter[1] = 0: null

2019-08-10 23:44:55 - [TEST_STEP][PASSED] - free_spin_reel_counter[2] = 0: null

2019-08-10 23:44:55 - [TEST_STEP][PASSED] - M4_spin_reels = reels: null

2019-08-10 23:44:55 - [TEST_STEP][PASSED] - for ([i = 0, i &lt; M4_spin_reels.size(), (i++)]): null

2019-08-10 23:44:55 - [TEST_STEP][PASSED] - symbols = symbols: null

2019-08-10 23:44:55 - [TEST_STEP][PASSED] - for ([j = 0, j &lt; symbols.size(), (j++)]): null

2019-08-10 23:44:55 - [TEST_STEP][PASSED] - symbol = symbol: null

2019-08-10 23:44:55 - [TEST_STEP][PASSED] - println(symbol): null

2019-08-10 23:44:55 - [TEST_STEP][PASSED] - if (i == 2 &amp;&amp; wildList.indexOf(symbol) != -1): null

2019-08-10 23:44:55 - [TEST_STEP][PASSED] - if (i == 3 &amp;&amp; wildList.indexOf(symbol) != -1): null

2019-08-10 23:44:55 - [TEST_STEP][PASSED] - if (i == 4 &amp;&amp; wildList.indexOf(symbol) != -1): null

2019-08-10 23:44:55 - [TEST_STEP][PASSED] - symbol = symbol: null

2019-08-10 23:44:55 - [TEST_STEP][PASSED] - println(symbol): null

2019-08-10 23:44:55 - [TEST_STEP][PASSED] - if (i == 2 &amp;&amp; wildList.indexOf(symbol) != -1): null

2019-08-10 23:44:55 - [TEST_STEP][PASSED] - if (i == 3 &amp;&amp; wildList.indexOf(symbol) != -1): null

2019-08-10 23:44:55 - [TEST_STEP][PASSED] - if (i == 4 &amp;&amp; wildList.indexOf(symbol) != -1): null

2019-08-10 23:44:55 - [TEST_STEP][PASSED] - symbol = symbol: null

2019-08-10 23:44:55 - [TEST_STEP][PASSED] - println(symbol): null

2019-08-10 23:44:55 - [TEST_STEP][PASSED] - if (i == 2 &amp;&amp; wildList.indexOf(symbol) != -1): null

2019-08-10 23:44:55 - [TEST_STEP][PASSED] - if (i == 3 &amp;&amp; wildList.indexOf(symbol) != -1): null

2019-08-10 23:44:55 - [TEST_STEP][PASSED] - if (i == 4 &amp;&amp; wildList.indexOf(symbol) != -1): null

2019-08-10 23:44:55 - [TEST_STEP][PASSED] - symbols = symbols: null

2019-08-10 23:44:55 - [TEST_STEP][PASSED] - for ([j = 0, j &lt; symbols.size(), (j++)]): null

2019-08-10 23:44:55 - [TEST_STEP][PASSED] - symbol = symbol: null

2019-08-10 23:44:55 - [TEST_STEP][PASSED] - println(symbol): null

2019-08-10 23:44:55 - [TEST_STEP][PASSED] - if (i == 2 &amp;&amp; wildList.indexOf(symbol) != -1): null

2019-08-10 23:44:55 - [TEST_STEP][PASSED] - if (i == 3 &amp;&amp; wildList.indexOf(symbol) != -1): null

2019-08-10 23:44:55 - [TEST_STEP][PASSED] - if (i == 4 &amp;&amp; wildList.indexOf(symbol) != -1): null

2019-08-10 23:44:55 - [TEST_STEP][PASSED] - symbol = symbol: null

2019-08-10 23:44:55 - [TEST_STEP][PASSED] - println(symbol): null

2019-08-10 23:44:55 - [TEST_STEP][PASSED] - if (i == 2 &amp;&amp; wildList.indexOf(symbol) != -1): null

2019-08-10 23:44:55 - [TEST_STEP][PASSED] - if (i == 3 &amp;&amp; wildList.indexOf(symbol) != -1): null

2019-08-10 23:44:55 - [TEST_STEP][PASSED] - if (i == 4 &amp;&amp; wildList.indexOf(symbol) != -1): null

2019-08-10 23:44:55 - [TEST_STEP][PASSED] - symbol = symbol: null

2019-08-10 23:44:55 - [TEST_STEP][PASSED] - println(symbol): null

2019-08-10 23:44:55 - [TEST_STEP][PASSED] - if (i == 2 &amp;&amp; wildList.indexOf(symbol) != -1): null

2019-08-10 23:44:55 - [TEST_STEP][PASSED] - if (i == 3 &amp;&amp; wildList.indexOf(symbol) != -1): null

2019-08-10 23:44:55 - [TEST_STEP][PASSED] - if (i == 4 &amp;&amp; wildList.indexOf(symbol) != -1): null

2019-08-10 23:44:55 - [TEST_STEP][PASSED] - symbols = symbols: null

2019-08-10 23:44:55 - [TEST_STEP][PASSED] - for ([j = 0, j &lt; symbols.size(), (j++)]): null

2019-08-10 23:44:55 - [TEST_STEP][PASSED] - symbol = symbol: null

2019-08-10 23:44:55 - [TEST_STEP][PASSED] - println(symbol): null

2019-08-10 23:44:55 - [TEST_STEP][PASSED] - if (i == 2 &amp;&amp; wildList.indexOf(symbol) != -1): null

2019-08-10 23:44:55 - [TEST_STEP][PASSED] - if (i == 3 &amp;&amp; wildList.indexOf(symbol) != -1): null

2019-08-10 23:44:55 - [TEST_STEP][PASSED] - if (i == 4 &amp;&amp; wildList.indexOf(symbol) != -1): null

2019-08-10 23:44:55 - [TEST_STEP][PASSED] - symbol = symbol: null

2019-08-10 23:44:55 - [TEST_STEP][PASSED] - println(symbol): null

2019-08-10 23:44:55 - [TEST_STEP][PASSED] - if (i == 2 &amp;&amp; wildList.indexOf(symbol) != -1): null

2019-08-10 23:44:55 - [TEST_STEP][PASSED] - if (i == 3 &amp;&amp; wildList.indexOf(symbol) != -1): null

2019-08-10 23:44:55 - [TEST_STEP][PASSED] - if (i == 4 &amp;&amp; wildList.indexOf(symbol) != -1): null

2019-08-10 23:44:55 - [TEST_STEP][PASSED] - symbol = symbol: null

2019-08-10 23:44:55 - [TEST_STEP][PASSED] - println(symbol): null

2019-08-10 23:44:55 - [TEST_STEP][PASSED] - if (i == 2 &amp;&amp; wildList.indexOf(symbol) != -1): null

2019-08-10 23:44:55 - [TEST_STEP][PASSED] - if (i == 3 &amp;&amp; wildList.indexOf(symbol) != -1): null

2019-08-10 23:44:55 - [TEST_STEP][PASSED] - if (i == 4 &amp;&amp; wildList.indexOf(symbol) != -1): null

2019-08-10 23:44:55 - [TEST_STEP][PASSED] - symbols = symbols: null

2019-08-10 23:44:55 - [TEST_STEP][PASSED] - for ([j = 0, j &lt; symbols.size(), (j++)]): null

2019-08-10 23:44:55 - [TEST_STEP][PASSED] - symbol = symbol: null

2019-08-10 23:44:55 - [TEST_STEP][PASSED] - println(symbol): null

2019-08-10 23:44:55 - [TEST_STEP][PASSED] - if (i == 2 &amp;&amp; wildList.indexOf(symbol) != -1): null

2019-08-10 23:44:55 - [TEST_STEP][PASSED] - if (i == 3 &amp;&amp; wildList.indexOf(symbol) != -1): null

2019-08-10 23:44:55 - [TEST_STEP][PASSED] - if (i == 4 &amp;&amp; wildList.indexOf(symbol) != -1): null

2019-08-10 23:44:55 - [TEST_STEP][PASSED] - symbol = symbol: null

2019-08-10 23:44:55 - [TEST_STEP][PASSED] - println(symbol): null

2019-08-10 23:44:55 - [TEST_STEP][PASSED] - if (i == 2 &amp;&amp; wildList.indexOf(symbol) != -1): null

2019-08-10 23:44:55 - [TEST_STEP][PASSED] - if (i == 3 &amp;&amp; wildList.indexOf(symbol) != -1): null

2019-08-10 23:44:55 - [TEST_STEP][PASSED] - println("wild found on reel 4, adding counter by 1"): null

2019-08-10 23:44:55 - [TEST_STEP][PASSED] - free_spin_reel_counter[1] = free_spin_reel_counter[1] + 1: null

2019-08-10 23:44:55 - [TEST_STEP][PASSED] - if (i == 4 &amp;&amp; wildList.indexOf(symbol) != -1): null

2019-08-10 23:44:55 - [TEST_STEP][PASSED] - symbol = symbol: null

2019-08-10 23:44:55 - [TEST_STEP][PASSED] - println(symbol): null

2019-08-10 23:44:55 - [TEST_STEP][PASSED] - if (i == 2 &amp;&amp; wildList.indexOf(symbol) != -1): null

2019-08-10 23:44:55 - [TEST_STEP][PASSED] - if (i == 3 &amp;&amp; wildList.indexOf(symbol) != -1): null

2019-08-10 23:44:55 - [TEST_STEP][PASSED] - if (i == 4 &amp;&amp; wildList.indexOf(symbol) != -1): null

2019-08-10 23:44:55 - [TEST_STEP][PASSED] - symbols = symbols: null

2019-08-10 23:44:55 - [TEST_STEP][PASSED] - for ([j = 0, j &lt; symbols.size(), (j++)]): null

2019-08-10 23:44:55 - [TEST_STEP][PASSED] - symbol = symbol: null

2019-08-10 23:44:55 - [TEST_STEP][PASSED] - println(symbol): null

2019-08-10 23:44:55 - [TEST_STEP][PASSED] - if (i == 2 &amp;&amp; wildList.indexOf(symbol) != -1): null

2019-08-10 23:44:55 - [TEST_STEP][PASSED] - if (i == 3 &amp;&amp; wildList.indexOf(symbol) != -1): null

2019-08-10 23:44:55 - [TEST_STEP][PASSED] - if (i == 4 &amp;&amp; wildList.indexOf(symbol) != -1): null

2019-08-10 23:44:55 - [TEST_STEP][PASSED] - symbol = symbol: null

2019-08-10 23:44:55 - [TEST_STEP][PASSED] - println(symbol): null

2019-08-10 23:44:55 - [TEST_STEP][PASSED] - if (i == 2 &amp;&amp; wildList.indexOf(symbol) != -1): null

2019-08-10 23:44:55 - [TEST_STEP][PASSED] - if (i == 3 &amp;&amp; wildList.indexOf(symbol) != -1): null

2019-08-10 23:44:55 - [TEST_STEP][PASSED] - if (i == 4 &amp;&amp; wildList.indexOf(symbol) != -1): null

2019-08-10 23:44:55 - [TEST_STEP][PASSED] - symbol = symbol: null

2019-08-10 23:44:55 - [TEST_STEP][PASSED] - println(symbol): null

2019-08-10 23:44:55 - [TEST_STEP][PASSED] - if (i == 2 &amp;&amp; wildList.indexOf(symbol) != -1): null

2019-08-10 23:44:55 - [TEST_STEP][PASSED] - if (i == 3 &amp;&amp; wildList.indexOf(symbol) != -1): null

2019-08-10 23:44:55 - [TEST_STEP][PASSED] - if (i == 4 &amp;&amp; wildList.indexOf(symbol) != -1): null

2019-08-10 23:44:55 - [TEST_STEP][PASSED] - println("wild found on reel 5, adding counter by 1"): null

2019-08-10 23:44:55 - [TEST_STEP][PASSED] - free_spin_reel_counter[2] = free_spin_reel_counter[2] + 1: null

2019-08-10 23:44:55 - [TEST_STEP][PASSED] - free_spin_reel_counter = free_spin_reel_counter: null

2019-08-10 23:44:55 - [TEST_STEP][PASSED] - println("reel 3 wild found: " + free_spin_reel_counter[0]): null

2019-08-10 23:44:55 - [TEST_STEP][PASSED] - println("reel 4 wild found: " + free_spin_reel_counter[1]): null

2019-08-10 23:44:55 - [TEST_STEP][PASSED] - println("reel 5 wild found: " + free_spin_reel_counter[2]): null

2019-08-10 23:44:55 - [TEST_STEP][PASSED] - M4_spin_reels = M4_spin_reels: null

2019-08-10 23:44:55 - [TEST_STEP][PASSED] - M4_spin_reels_symbols = symbol: null

2019-08-10 23:44:55 - [TEST_STEP][PASSED] - M4_spin_reels_symbols = M4_spin_reels_symbols: null

2019-08-10 23:44:55 - [TEST_STEP][PASSED] - M4_spin_reel_wins = reel_wins: null

2019-08-10 23:44:55 - [TEST_STEP][PASSED] - M4_spin_reel_wins = M4_spin_reel_wins: null

2019-08-10 23:44:55 - [TEST_STEP][PASSED] - println("GlobalVariable.M4_spin_reel_wins is: " + M4_spin_reel_wins): null

2019-08-10 23:44:55 - [TEST_STEP][PASSED] - M4_spin_total_bonus_win_this_round = total_bonus_win_this_round: null

2019-08-10 23:44:55 - [TEST_STEP][PASSED] - M4_spin_total_bonus_win_this_round = M4_spin_total_bonus_win_this_round: null

2019-08-10 23:44:55 - [TEST_STEP][PASSED] - println("GlobalVariable.M4_spin_total_bonus_win_this_round is: " + M4_spin_total_bonus_win_this_round): null

2019-08-10 23:44:55 - [MESSAGE][PASSED] - Verify response successfully

2019-08-10 23:44:55 - [MESSAGE][PASSED] - Send request and verify the response successfully

2019-08-10 23:44:55 - [TEST_STEP][PASSED] - if (M4_total_bonus_spins_int != 0 &amp;&amp; M4_spin_reels_symbols[2].contains("WILD_ExtraFG") || M4_spin_reels_symbols[3].contains("WILD_ExtraFG")): null

2019-08-10 23:44:55 - [TEST_STEP][PASSED] - free_spin_reel_counter = free_spin_reel_counter: null

2019-08-10 23:44:55 - [TEST_STEP][PASSED] - M4_spin_reels_symbols = M4_spin_reels_symbols: null

2019-08-10 23:44:55 - [TEST_STEP][PASSED] - M4_total_bonus_spins = M4_total_bonus_spins: null

2019-08-10 23:44:55 - [TEST_STEP][PASSED] - spin_result = sendRequestAndVerify(findTestObject("RGS(M4)/1_M4_spin", ["M4_login_user_id":M4_login_user_id, "rgs_session_token":rgs_session_token, "partner":Partner])): Send request and verify the response successfully

2019-08-10 23:44:55 - [TEST_CASE][PASSED] - Start Test Case : Verification: Verification accomplished successfully

2019-08-10 23:44:55 - [TEST_STEP][PASSED] - request = getInstance().getCurrentRequest(): null

2019-08-10 23:44:55 - [TEST_STEP][PASSED] - response = getInstance().getCurrentResponse(): null

2019-08-10 23:44:55 - [TEST_STEP][PASSED] - verifyResponseStatusCode(response, 200): Verify response status code successfully

2019-08-10 23:44:55 - [MESSAGE][PASSED] - Verify response status code successfully

2019-08-10 23:44:55 - [TEST_STEP][PASSED] - getStatusCode()).isEqualTo(200): null

2019-08-10 23:44:55 - [TEST_STEP][PASSED] - newline = System.getProperty("line.separator"): null

2019-08-10 23:44:55 - [TEST_STEP][PASSED] - M4_spin = new groovy.json.JsonSlurper(): null

2019-08-10 23:44:55 - [TEST_STEP][PASSED] - result_M4_spin = M4_spin.parseText(response.getResponseBodyContent()): null

2019-08-10 23:44:55 - [TEST_STEP][PASSED] - M4_spin_current_balance = current_balance: null

2019-08-10 23:44:55 - [TEST_STEP][PASSED] - M4_spin_current_balance = M4_spin_current_balance: null

2019-08-10 23:44:55 - [TEST_STEP][PASSED] - M4_spin_transaction_id = causality: null

2019-08-10 23:44:55 - [TEST_STEP][PASSED] - M4_spin_transaction_id = M4_spin_transaction_id: null

2019-08-10 23:44:55 - [TEST_STEP][PASSED] - M4_spin_round_id = round_id: null

2019-08-10 23:44:55 - [TEST_STEP][PASSED] - M4_spin_round_id = M4_spin_round_id: null

2019-08-10 23:44:55 - [TEST_STEP][PASSED] - M4_spin_line_wins = line_wins: null

2019-08-10 23:44:55 - [TEST_STEP][PASSED] - M4_spin_line_wins = M4_spin_line_wins: null

2019-08-10 23:44:55 - [TEST_STEP][PASSED] - M4_total_bonus_spins_int = total_bonus_spins: null

2019-08-10 23:44:55 - [TEST_STEP][PASSED] - println("******M4_total_bonus_spins type is:*******" + newline + getClass().getName()): null

2019-08-10 23:44:55 - [TEST_STEP][PASSED] - M4_total_bonus_spins_int = M4_total_bonus_spins_int: null

2019-08-10 23:44:55 - [TEST_STEP][PASSED] - M4_total_bonus_spins = Integer.toString(M4_total_bonus_spins_int): null

2019-08-10 23:44:55 - [TEST_STEP][PASSED] - M4_total_bonus_spins = M4_total_bonus_spins: null

2019-08-10 23:44:55 - [TEST_STEP][PASSED] - println("M4_total_bonus_spins is:" + M4_total_bonus_spins): null

2019-08-10 23:44:58 - [TEST_STEP][PASSED] - M4_spin_bonus_data = bonus_data: null

2019-08-10 23:44:58 - [TEST_STEP][PASSED] - M4_spin_features_triggered = result_M4_spin: null

2019-08-10 23:44:58 - [TEST_STEP][PASSED] - wild = []: null

2019-08-10 23:44:58 - [TEST_STEP][PASSED] - wild[0] = "WILD_Expanding": null

2019-08-10 23:44:58 - [TEST_STEP][PASSED] - wild[1] = "WILD_Normal": null

2019-08-10 23:44:58 - [TEST_STEP][PASSED] - wild[2] = "WILD_Double": null

2019-08-10 23:44:58 - [TEST_STEP][PASSED] - wild[3] = "WILD_ExtraFG": null

2019-08-10 23:44:58 - [TEST_STEP][PASSED] - wild[4] = "WILD_Triple": null

2019-08-10 23:44:58 - [TEST_STEP][PASSED] - wildList = Arrays.asList(wild): null

2019-08-10 23:44:58 - [TEST_STEP][PASSED] - wildList = wildList: null

2019-08-10 23:44:58 - [TEST_STEP][PASSED] - free_spin_reel_counter = []: null

2019-08-10 23:44:58 - [TEST_STEP][PASSED] - free_spin_reel_counter[0] = 0: null

2019-08-10 23:44:58 - [TEST_STEP][PASSED] - free_spin_reel_counter[1] = 0: null

2019-08-10 23:44:58 - [TEST_STEP][PASSED] - free_spin_reel_counter[2] = 0: null

2019-08-10 23:44:58 - [TEST_STEP][PASSED] - M4_spin_reels = reels: null

2019-08-10 23:44:58 - [TEST_STEP][PASSED] - for ([i = 0, i &lt; M4_spin_reels.size(), (i++)]): null

2019-08-10 23:44:58 - [TEST_STEP][PASSED] - symbols = symbols: null

2019-08-10 23:44:58 - [TEST_STEP][PASSED] - for ([j = 0, j &lt; symbols.size(), (j++)]): null

2019-08-10 23:44:58 - [TEST_STEP][PASSED] - symbol = symbol: null

2019-08-10 23:44:58 - [TEST_STEP][PASSED] - println(symbol): null

2019-08-10 23:44:58 - [TEST_STEP][PASSED] - if (i == 2 &amp;&amp; wildList.indexOf(symbol) != -1): null

2019-08-10 23:44:58 - [TEST_STEP][PASSED] - if (i == 3 &amp;&amp; wildList.indexOf(symbol) != -1): null

2019-08-10 23:44:58 - [TEST_STEP][PASSED] - if (i == 4 &amp;&amp; wildList.indexOf(symbol) != -1): null

2019-08-10 23:44:58 - [TEST_STEP][PASSED] - symbol = symbol: null

2019-08-10 23:44:58 - [TEST_STEP][PASSED] - println(symbol): null

2019-08-10 23:44:58 - [TEST_STEP][PASSED] - if (i == 2 &amp;&amp; wildList.indexOf(symbol) != -1): null

2019-08-10 23:44:58 - [TEST_STEP][PASSED] - if (i == 3 &amp;&amp; wildList.indexOf(symbol) != -1): null

2019-08-10 23:44:58 - [TEST_STEP][PASSED] - if (i == 4 &amp;&amp; wildList.indexOf(symbol) != -1): null

2019-08-10 23:44:58 - [TEST_STEP][PASSED] - symbol = symbol: null

2019-08-10 23:44:58 - [TEST_STEP][PASSED] - println(symbol): null

2019-08-10 23:44:58 - [TEST_STEP][PASSED] - if (i == 2 &amp;&amp; wildList.indexOf(symbol) != -1): null

2019-08-10 23:44:58 - [TEST_STEP][PASSED] - if (i == 3 &amp;&amp; wildList.indexOf(symbol) != -1): null

2019-08-10 23:44:58 - [TEST_STEP][PASSED] - if (i == 4 &amp;&amp; wildList.indexOf(symbol) != -1): null

2019-08-10 23:44:58 - [TEST_STEP][PASSED] - symbols = symbols: null

2019-08-10 23:44:58 - [TEST_STEP][PASSED] - for ([j = 0, j &lt; symbols.size(), (j++)]): null

2019-08-10 23:44:58 - [TEST_STEP][PASSED] - symbol = symbol: null

2019-08-10 23:44:58 - [TEST_STEP][PASSED] - println(symbol): null

2019-08-10 23:44:58 - [TEST_STEP][PASSED] - if (i == 2 &amp;&amp; wildList.indexOf(symbol) != -1): null

2019-08-10 23:44:58 - [TEST_STEP][PASSED] - if (i == 3 &amp;&amp; wildList.indexOf(symbol) != -1): null

2019-08-10 23:44:58 - [TEST_STEP][PASSED] - if (i == 4 &amp;&amp; wildList.indexOf(symbol) != -1): null

2019-08-10 23:44:58 - [TEST_STEP][PASSED] - symbol = symbol: null

2019-08-10 23:44:58 - [TEST_STEP][PASSED] - println(symbol): null

2019-08-10 23:44:58 - [TEST_STEP][PASSED] - if (i == 2 &amp;&amp; wildList.indexOf(symbol) != -1): null

2019-08-10 23:44:58 - [TEST_STEP][PASSED] - if (i == 3 &amp;&amp; wildList.indexOf(symbol) != -1): null

2019-08-10 23:44:58 - [TEST_STEP][PASSED] - if (i == 4 &amp;&amp; wildList.indexOf(symbol) != -1): null

2019-08-10 23:44:58 - [TEST_STEP][PASSED] - symbol = symbol: null

2019-08-10 23:44:58 - [TEST_STEP][PASSED] - println(symbol): null

2019-08-10 23:44:58 - [TEST_STEP][PASSED] - if (i == 2 &amp;&amp; wildList.indexOf(symbol) != -1): null

2019-08-10 23:44:58 - [TEST_STEP][PASSED] - if (i == 3 &amp;&amp; wildList.indexOf(symbol) != -1): null

2019-08-10 23:44:58 - [TEST_STEP][PASSED] - if (i == 4 &amp;&amp; wildList.indexOf(symbol) != -1): null

2019-08-10 23:44:58 - [TEST_STEP][PASSED] - symbols = symbols: null

2019-08-10 23:44:58 - [TEST_STEP][PASSED] - for ([j = 0, j &lt; symbols.size(), (j++)]): null

2019-08-10 23:44:58 - [TEST_STEP][PASSED] - symbol = symbol: null

2019-08-10 23:44:58 - [TEST_STEP][PASSED] - println(symbol): null

2019-08-10 23:44:58 - [TEST_STEP][PASSED] - if (i == 2 &amp;&amp; wildList.indexOf(symbol) != -1): null

2019-08-10 23:44:58 - [TEST_STEP][PASSED] - if (i == 3 &amp;&amp; wildList.indexOf(symbol) != -1): null

2019-08-10 23:44:58 - [TEST_STEP][PASSED] - if (i == 4 &amp;&amp; wildList.indexOf(symbol) != -1): null

2019-08-10 23:44:58 - [TEST_STEP][PASSED] - symbol = symbol: null

2019-08-10 23:44:58 - [TEST_STEP][PASSED] - println(symbol): null

2019-08-10 23:44:58 - [TEST_STEP][PASSED] - if (i == 2 &amp;&amp; wildList.indexOf(symbol) != -1): null

2019-08-10 23:44:58 - [TEST_STEP][PASSED] - if (i == 3 &amp;&amp; wildList.indexOf(symbol) != -1): null

2019-08-10 23:44:58 - [TEST_STEP][PASSED] - if (i == 4 &amp;&amp; wildList.indexOf(symbol) != -1): null

2019-08-10 23:44:58 - [TEST_STEP][PASSED] - symbol = symbol: null

2019-08-10 23:44:58 - [TEST_STEP][PASSED] - println(symbol): null

2019-08-10 23:44:58 - [TEST_STEP][PASSED] - if (i == 2 &amp;&amp; wildList.indexOf(symbol) != -1): null

2019-08-10 23:44:58 - [TEST_STEP][PASSED] - println("wild found on reel 3, adding counter by 1"): null

2019-08-10 23:44:58 - [TEST_STEP][PASSED] - free_spin_reel_counter[0] = free_spin_reel_counter[0] + 1: null

2019-08-10 23:44:58 - [TEST_STEP][PASSED] - if (i == 3 &amp;&amp; wildList.indexOf(symbol) != -1): null

2019-08-10 23:44:58 - [TEST_STEP][PASSED] - if (i == 4 &amp;&amp; wildList.indexOf(symbol) != -1): null

2019-08-10 23:44:58 - [TEST_STEP][PASSED] - symbols = symbols: null

2019-08-10 23:44:58 - [TEST_STEP][PASSED] - for ([j = 0, j &lt; symbols.size(), (j++)]): null

2019-08-10 23:44:58 - [TEST_STEP][PASSED] - symbol = symbol: null

2019-08-10 23:44:58 - [TEST_STEP][PASSED] - println(symbol): null

2019-08-10 23:44:58 - [TEST_STEP][PASSED] - if (i == 2 &amp;&amp; wildList.indexOf(symbol) != -1): null

2019-08-10 23:44:58 - [TEST_STEP][PASSED] - if (i == 3 &amp;&amp; wildList.indexOf(symbol) != -1): null

2019-08-10 23:44:58 - [TEST_STEP][PASSED] - if (i == 4 &amp;&amp; wildList.indexOf(symbol) != -1): null

2019-08-10 23:44:58 - [TEST_STEP][PASSED] - symbol = symbol: null

2019-08-10 23:44:58 - [TEST_STEP][PASSED] - println(symbol): null

2019-08-10 23:44:58 - [TEST_STEP][PASSED] - if (i == 2 &amp;&amp; wildList.indexOf(symbol) != -1): null

2019-08-10 23:44:58 - [TEST_STEP][PASSED] - if (i == 3 &amp;&amp; wildList.indexOf(symbol) != -1): null

2019-08-10 23:44:58 - [TEST_STEP][PASSED] - if (i == 4 &amp;&amp; wildList.indexOf(symbol) != -1): null

2019-08-10 23:44:58 - [TEST_STEP][PASSED] - symbol = symbol: null

2019-08-10 23:44:58 - [TEST_STEP][PASSED] - println(symbol): null

2019-08-10 23:44:58 - [TEST_STEP][PASSED] - if (i == 2 &amp;&amp; wildList.indexOf(symbol) != -1): null

2019-08-10 23:44:58 - [TEST_STEP][PASSED] - if (i == 3 &amp;&amp; wildList.indexOf(symbol) != -1): null

2019-08-10 23:44:58 - [TEST_STEP][PASSED] - if (i == 4 &amp;&amp; wildList.indexOf(symbol) != -1): null

2019-08-10 23:44:58 - [TEST_STEP][PASSED] - symbols = symbols: null

2019-08-10 23:44:58 - [TEST_STEP][PASSED] - for ([j = 0, j &lt; symbols.size(), (j++)]): null

2019-08-10 23:44:58 - [TEST_STEP][PASSED] - symbol = symbol: null

2019-08-10 23:44:58 - [TEST_STEP][PASSED] - println(symbol): null

2019-08-10 23:44:58 - [TEST_STEP][PASSED] - if (i == 2 &amp;&amp; wildList.indexOf(symbol) != -1): null

2019-08-10 23:44:58 - [TEST_STEP][PASSED] - if (i == 3 &amp;&amp; wildList.indexOf(symbol) != -1): null

2019-08-10 23:44:58 - [TEST_STEP][PASSED] - if (i == 4 &amp;&amp; wildList.indexOf(symbol) != -1): null

2019-08-10 23:44:58 - [TEST_STEP][PASSED] - symbol = symbol: null

2019-08-10 23:44:58 - [TEST_STEP][PASSED] - println(symbol): null

2019-08-10 23:44:58 - [TEST_STEP][PASSED] - if (i == 2 &amp;&amp; wildList.indexOf(symbol) != -1): null

2019-08-10 23:44:58 - [TEST_STEP][PASSED] - if (i == 3 &amp;&amp; wildList.indexOf(symbol) != -1): null

2019-08-10 23:44:58 - [TEST_STEP][PASSED] - if (i == 4 &amp;&amp; wildList.indexOf(symbol) != -1): null

2019-08-10 23:44:58 - [TEST_STEP][PASSED] - symbol = symbol: null

2019-08-10 23:44:58 - [TEST_STEP][PASSED] - println(symbol): null

2019-08-10 23:44:58 - [TEST_STEP][PASSED] - if (i == 2 &amp;&amp; wildList.indexOf(symbol) != -1): null

2019-08-10 23:44:58 - [TEST_STEP][PASSED] - if (i == 3 &amp;&amp; wildList.indexOf(symbol) != -1): null

2019-08-10 23:44:58 - [TEST_STEP][PASSED] - if (i == 4 &amp;&amp; wildList.indexOf(symbol) != -1): null

2019-08-10 23:44:58 - [TEST_STEP][PASSED] - free_spin_reel_counter = free_spin_reel_counter: null

2019-08-10 23:44:58 - [TEST_STEP][PASSED] - println("reel 3 wild found: " + free_spin_reel_counter[0]): null

2019-08-10 23:44:58 - [TEST_STEP][PASSED] - println("reel 4 wild found: " + free_spin_reel_counter[1]): null

2019-08-10 23:44:58 - [TEST_STEP][PASSED] - println("reel 5 wild found: " + free_spin_reel_counter[2]): null

2019-08-10 23:44:58 - [TEST_STEP][PASSED] - M4_spin_reels = M4_spin_reels: null

2019-08-10 23:44:58 - [TEST_STEP][PASSED] - M4_spin_reels_symbols = symbol: null

2019-08-10 23:44:58 - [TEST_STEP][PASSED] - M4_spin_reels_symbols = M4_spin_reels_symbols: null

2019-08-10 23:44:58 - [TEST_STEP][PASSED] - M4_spin_reel_wins = reel_wins: null

2019-08-10 23:44:58 - [TEST_STEP][PASSED] - M4_spin_reel_wins = M4_spin_reel_wins: null

2019-08-10 23:44:58 - [TEST_STEP][PASSED] - println("GlobalVariable.M4_spin_reel_wins is: " + M4_spin_reel_wins): null

2019-08-10 23:44:58 - [TEST_STEP][PASSED] - M4_spin_total_bonus_win_this_round = total_bonus_win_this_round: null

2019-08-10 23:44:58 - [TEST_STEP][PASSED] - M4_spin_total_bonus_win_this_round = M4_spin_total_bonus_win_this_round: null

2019-08-10 23:44:58 - [TEST_STEP][PASSED] - println("GlobalVariable.M4_spin_total_bonus_win_this_round is: " + M4_spin_total_bonus_win_this_round): null

2019-08-10 23:44:58 - [MESSAGE][PASSED] - Verify response successfully

2019-08-10 23:44:58 - [MESSAGE][PASSED] - Send request and verify the response successfully

2019-08-10 23:44:58 - [TEST_STEP][PASSED] - if (M4_total_bonus_spins_int != 0 &amp;&amp; M4_spin_reels_symbols[2].contains("WILD_ExtraFG") || M4_spin_reels_symbols[3].contains("WILD_ExtraFG")): null

2019-08-10 23:44:58 - [TEST_STEP][PASSED] - free_spin_reel_counter = free_spin_reel_counter: null

2019-08-10 23:44:58 - [TEST_STEP][PASSED] - M4_spin_reels_symbols = M4_spin_reels_symbols: null

2019-08-10 23:44:58 - [TEST_STEP][PASSED] - M4_total_bonus_spins = M4_total_bonus_spins: null

2019-08-10 23:44:58 - [TEST_STEP][PASSED] - spin_result = sendRequestAndVerify(findTestObject("RGS(M4)/1_M4_spin", ["M4_login_user_id":M4_login_user_id, "rgs_session_token":rgs_session_token, "partner":Partner])): Send request and verify the response successfully

2019-08-10 23:44:59 - [TEST_CASE][PASSED] - Start Test Case : Verification: Verification accomplished successfully

2019-08-10 23:44:59 - [TEST_STEP][PASSED] - request = getInstance().getCurrentRequest(): null

2019-08-10 23:44:59 - [TEST_STEP][PASSED] - response = getInstance().getCurrentResponse(): null

2019-08-10 23:44:59 - [TEST_STEP][PASSED] - verifyResponseStatusCode(response, 200): Verify response status code successfully

2019-08-10 23:44:59 - [MESSAGE][PASSED] - Verify response status code successfully

2019-08-10 23:44:59 - [TEST_STEP][PASSED] - getStatusCode()).isEqualTo(200): null

2019-08-10 23:44:59 - [TEST_STEP][PASSED] - newline = System.getProperty("line.separator"): null

2019-08-10 23:44:59 - [TEST_STEP][PASSED] - M4_spin = new groovy.json.JsonSlurper(): null

2019-08-10 23:44:59 - [TEST_STEP][PASSED] - result_M4_spin = M4_spin.parseText(response.getResponseBodyContent()): null

2019-08-10 23:44:59 - [TEST_STEP][PASSED] - M4_spin_current_balance = current_balance: null

2019-08-10 23:44:59 - [TEST_STEP][PASSED] - M4_spin_current_balance = M4_spin_current_balance: null

2019-08-10 23:44:59 - [TEST_STEP][PASSED] - M4_spin_transaction_id = causality: null

2019-08-10 23:44:59 - [TEST_STEP][PASSED] - M4_spin_transaction_id = M4_spin_transaction_id: null

2019-08-10 23:44:59 - [TEST_STEP][PASSED] - M4_spin_round_id = round_id: null

2019-08-10 23:44:59 - [TEST_STEP][PASSED] - M4_spin_round_id = M4_spin_round_id: null

2019-08-10 23:44:59 - [TEST_STEP][PASSED] - M4_spin_line_wins = line_wins: null

2019-08-10 23:44:59 - [TEST_STEP][PASSED] - M4_spin_line_wins = M4_spin_line_wins: null

2019-08-10 23:44:59 - [TEST_STEP][PASSED] - M4_total_bonus_spins_int = total_bonus_spins: null

2019-08-10 23:44:59 - [TEST_STEP][PASSED] - println("******M4_total_bonus_spins type is:*******" + newline + getClass().getName()): null

2019-08-10 23:44:59 - [TEST_STEP][PASSED] - M4_total_bonus_spins_int = M4_total_bonus_spins_int: null

2019-08-10 23:44:59 - [TEST_STEP][PASSED] - M4_total_bonus_spins = Integer.toString(M4_total_bonus_spins_int): null

2019-08-10 23:44:59 - [TEST_STEP][PASSED] - M4_total_bonus_spins = M4_total_bonus_spins: null

2019-08-10 23:44:59 - [TEST_STEP][PASSED] - println("M4_total_bonus_spins is:" + M4_total_bonus_spins): null

2019-08-10 23:44:59 - [TEST_STEP][PASSED] - M4_spin_bonus_data = bonus_data: null

2019-08-10 23:44:59 - [TEST_STEP][PASSED] - M4_spin_features_triggered = result_M4_spin: null

2019-08-10 23:44:59 - [TEST_STEP][PASSED] - wild = []: null

2019-08-10 23:44:59 - [TEST_STEP][PASSED] - wild[0] = "WILD_Expanding": null

2019-08-10 23:44:59 - [TEST_STEP][PASSED] - wild[1] = "WILD_Normal": null

2019-08-10 23:44:59 - [TEST_STEP][PASSED] - wild[2] = "WILD_Double": null

2019-08-10 23:44:59 - [TEST_STEP][PASSED] - wild[3] = "WILD_ExtraFG": null

2019-08-10 23:44:59 - [TEST_STEP][PASSED] - wild[4] = "WILD_Triple": null

2019-08-10 23:44:59 - [TEST_STEP][PASSED] - wildList = Arrays.asList(wild): null

2019-08-10 23:44:59 - [TEST_STEP][PASSED] - wildList = wildList: null

2019-08-10 23:44:59 - [TEST_STEP][PASSED] - free_spin_reel_counter = []: null

2019-08-10 23:44:59 - [TEST_STEP][PASSED] - free_spin_reel_counter[0] = 0: null

2019-08-10 23:44:59 - [TEST_STEP][PASSED] - free_spin_reel_counter[1] = 0: null

2019-08-10 23:44:59 - [TEST_STEP][PASSED] - free_spin_reel_counter[2] = 0: null

2019-08-10 23:44:59 - [TEST_STEP][PASSED] - M4_spin_reels = reels: null

2019-08-10 23:44:59 - [TEST_STEP][PASSED] - for ([i = 0, i &lt; M4_spin_reels.size(), (i++)]): null

2019-08-10 23:44:59 - [TEST_STEP][PASSED] - symbols = symbols: null

2019-08-10 23:44:59 - [TEST_STEP][PASSED] - for ([j = 0, j &lt; symbols.size(), (j++)]): null

2019-08-10 23:44:59 - [TEST_STEP][PASSED] - symbol = symbol: null

2019-08-10 23:44:59 - [TEST_STEP][PASSED] - println(symbol): null

2019-08-10 23:44:59 - [TEST_STEP][PASSED] - if (i == 2 &amp;&amp; wildList.indexOf(symbol) != -1): null

2019-08-10 23:44:59 - [TEST_STEP][PASSED] - if (i == 3 &amp;&amp; wildList.indexOf(symbol) != -1): null

2019-08-10 23:44:59 - [TEST_STEP][PASSED] - if (i == 4 &amp;&amp; wildList.indexOf(symbol) != -1): null

2019-08-10 23:44:59 - [TEST_STEP][PASSED] - symbol = symbol: null

2019-08-10 23:44:59 - [TEST_STEP][PASSED] - println(symbol): null

2019-08-10 23:44:59 - [TEST_STEP][PASSED] - if (i == 2 &amp;&amp; wildList.indexOf(symbol) != -1): null

2019-08-10 23:44:59 - [TEST_STEP][PASSED] - if (i == 3 &amp;&amp; wildList.indexOf(symbol) != -1): null

2019-08-10 23:44:59 - [TEST_STEP][PASSED] - if (i == 4 &amp;&amp; wildList.indexOf(symbol) != -1): null

2019-08-10 23:44:59 - [TEST_STEP][PASSED] - symbol = symbol: null

2019-08-10 23:44:59 - [TEST_STEP][PASSED] - println(symbol): null

2019-08-10 23:44:59 - [TEST_STEP][PASSED] - if (i == 2 &amp;&amp; wildList.indexOf(symbol) != -1): null

2019-08-10 23:44:59 - [TEST_STEP][PASSED] - if (i == 3 &amp;&amp; wildList.indexOf(symbol) != -1): null

2019-08-10 23:44:59 - [TEST_STEP][PASSED] - if (i == 4 &amp;&amp; wildList.indexOf(symbol) != -1): null

2019-08-10 23:44:59 - [TEST_STEP][PASSED] - symbols = symbols: null

2019-08-10 23:44:59 - [TEST_STEP][PASSED] - for ([j = 0, j &lt; symbols.size(), (j++)]): null

2019-08-10 23:44:59 - [TEST_STEP][PASSED] - symbol = symbol: null

2019-08-10 23:44:59 - [TEST_STEP][PASSED] - println(symbol): null

2019-08-10 23:44:59 - [TEST_STEP][PASSED] - if (i == 2 &amp;&amp; wildList.indexOf(symbol) != -1): null

2019-08-10 23:44:59 - [TEST_STEP][PASSED] - if (i == 3 &amp;&amp; wildList.indexOf(symbol) != -1): null

2019-08-10 23:44:59 - [TEST_STEP][PASSED] - if (i == 4 &amp;&amp; wildList.indexOf(symbol) != -1): null

2019-08-10 23:44:59 - [TEST_STEP][PASSED] - symbol = symbol: null

2019-08-10 23:44:59 - [TEST_STEP][PASSED] - println(symbol): null

2019-08-10 23:44:59 - [TEST_STEP][PASSED] - if (i == 2 &amp;&amp; wildList.indexOf(symbol) != -1): null

2019-08-10 23:44:59 - [TEST_STEP][PASSED] - if (i == 3 &amp;&amp; wildList.indexOf(symbol) != -1): null

2019-08-10 23:44:59 - [TEST_STEP][PASSED] - if (i == 4 &amp;&amp; wildList.indexOf(symbol) != -1): null

2019-08-10 23:44:59 - [TEST_STEP][PASSED] - symbol = symbol: null

2019-08-10 23:44:59 - [TEST_STEP][PASSED] - println(symbol): null

2019-08-10 23:44:59 - [TEST_STEP][PASSED] - if (i == 2 &amp;&amp; wildList.indexOf(symbol) != -1): null

2019-08-10 23:44:59 - [TEST_STEP][PASSED] - if (i == 3 &amp;&amp; wildList.indexOf(symbol) != -1): null

2019-08-10 23:44:59 - [TEST_STEP][PASSED] - if (i == 4 &amp;&amp; wildList.indexOf(symbol) != -1): null

2019-08-10 23:44:59 - [TEST_STEP][PASSED] - symbols = symbols: null

2019-08-10 23:44:59 - [TEST_STEP][PASSED] - for ([j = 0, j &lt; symbols.size(), (j++)]): null

2019-08-10 23:44:59 - [TEST_STEP][PASSED] - symbol = symbol: null

2019-08-10 23:44:59 - [TEST_STEP][PASSED] - println(symbol): null

2019-08-10 23:44:59 - [TEST_STEP][PASSED] - if (i == 2 &amp;&amp; wildList.indexOf(symbol) != -1): null

2019-08-10 23:44:59 - [TEST_STEP][PASSED] - if (i == 3 &amp;&amp; wildList.indexOf(symbol) != -1): null

2019-08-10 23:44:59 - [TEST_STEP][PASSED] - if (i == 4 &amp;&amp; wildList.indexOf(symbol) != -1): null

2019-08-10 23:44:59 - [TEST_STEP][PASSED] - symbol = symbol: null

2019-08-10 23:44:59 - [TEST_STEP][PASSED] - println(symbol): null

2019-08-10 23:44:59 - [TEST_STEP][PASSED] - if (i == 2 &amp;&amp; wildList.indexOf(symbol) != -1): null

2019-08-10 23:44:59 - [TEST_STEP][PASSED] - println("wild found on reel 3, adding counter by 1"): null

2019-08-10 23:44:59 - [TEST_STEP][PASSED] - free_spin_reel_counter[0] = free_spin_reel_counter[0] + 1: null

2019-08-10 23:44:59 - [TEST_STEP][PASSED] - if (i == 3 &amp;&amp; wildList.indexOf(symbol) != -1): null

2019-08-10 23:44:59 - [TEST_STEP][PASSED] - if (i == 4 &amp;&amp; wildList.indexOf(symbol) != -1): null

2019-08-10 23:44:59 - [TEST_STEP][PASSED] - symbol = symbol: null

2019-08-10 23:44:59 - [TEST_STEP][PASSED] - println(symbol): null

2019-08-10 23:44:59 - [TEST_STEP][PASSED] - if (i == 2 &amp;&amp; wildList.indexOf(symbol) != -1): null

2019-08-10 23:44:59 - [TEST_STEP][PASSED] - if (i == 3 &amp;&amp; wildList.indexOf(symbol) != -1): null

2019-08-10 23:44:59 - [TEST_STEP][PASSED] - if (i == 4 &amp;&amp; wildList.indexOf(symbol) != -1): null

2019-08-10 23:44:59 - [TEST_STEP][PASSED] - symbols = symbols: null

2019-08-10 23:44:59 - [TEST_STEP][PASSED] - for ([j = 0, j &lt; symbols.size(), (j++)]): null

2019-08-10 23:44:59 - [TEST_STEP][PASSED] - symbol = symbol: null

2019-08-10 23:44:59 - [TEST_STEP][PASSED] - println(symbol): null

2019-08-10 23:44:59 - [TEST_STEP][PASSED] - if (i == 2 &amp;&amp; wildList.indexOf(symbol) != -1): null

2019-08-10 23:44:59 - [TEST_STEP][PASSED] - if (i == 3 &amp;&amp; wildList.indexOf(symbol) != -1): null

2019-08-10 23:44:59 - [TEST_STEP][PASSED] - if (i == 4 &amp;&amp; wildList.indexOf(symbol) != -1): null

2019-08-10 23:44:59 - [TEST_STEP][PASSED] - symbol = symbol: null

2019-08-10 23:44:59 - [TEST_STEP][PASSED] - println(symbol): null

2019-08-10 23:44:59 - [TEST_STEP][PASSED] - if (i == 2 &amp;&amp; wildList.indexOf(symbol) != -1): null

2019-08-10 23:44:59 - [TEST_STEP][PASSED] - if (i == 3 &amp;&amp; wildList.indexOf(symbol) != -1): null

2019-08-10 23:44:59 - [TEST_STEP][PASSED] - if (i == 4 &amp;&amp; wildList.indexOf(symbol) != -1): null

2019-08-10 23:44:59 - [TEST_STEP][PASSED] - symbol = symbol: null

2019-08-10 23:44:59 - [TEST_STEP][PASSED] - println(symbol): null

2019-08-10 23:44:59 - [TEST_STEP][PASSED] - if (i == 2 &amp;&amp; wildList.indexOf(symbol) != -1): null

2019-08-10 23:44:59 - [TEST_STEP][PASSED] - if (i == 3 &amp;&amp; wildList.indexOf(symbol) != -1): null

2019-08-10 23:44:59 - [TEST_STEP][PASSED] - if (i == 4 &amp;&amp; wildList.indexOf(symbol) != -1): null

2019-08-10 23:44:59 - [TEST_STEP][PASSED] - symbols = symbols: null

2019-08-10 23:44:59 - [TEST_STEP][PASSED] - for ([j = 0, j &lt; symbols.size(), (j++)]): null

2019-08-10 23:44:59 - [TEST_STEP][PASSED] - symbol = symbol: null

2019-08-10 23:44:59 - [TEST_STEP][PASSED] - println(symbol): null

2019-08-10 23:44:59 - [TEST_STEP][PASSED] - if (i == 2 &amp;&amp; wildList.indexOf(symbol) != -1): null

2019-08-10 23:44:59 - [TEST_STEP][PASSED] - if (i == 3 &amp;&amp; wildList.indexOf(symbol) != -1): null

2019-08-10 23:44:59 - [TEST_STEP][PASSED] - if (i == 4 &amp;&amp; wildList.indexOf(symbol) != -1): null

2019-08-10 23:44:59 - [TEST_STEP][PASSED] - symbol = symbol: null

2019-08-10 23:44:59 - [TEST_STEP][PASSED] - println(symbol): null

2019-08-10 23:44:59 - [TEST_STEP][PASSED] - if (i == 2 &amp;&amp; wildList.indexOf(symbol) != -1): null

2019-08-10 23:44:59 - [TEST_STEP][PASSED] - if (i == 3 &amp;&amp; wildList.indexOf(symbol) != -1): null

2019-08-10 23:44:59 - [TEST_STEP][PASSED] - if (i == 4 &amp;&amp; wildList.indexOf(symbol) != -1): null

2019-08-10 23:44:59 - [TEST_STEP][PASSED] - symbol = symbol: null

2019-08-10 23:44:59 - [TEST_STEP][PASSED] - println(symbol): null

2019-08-10 23:44:59 - [TEST_STEP][PASSED] - if (i == 2 &amp;&amp; wildList.indexOf(symbol) != -1): null

2019-08-10 23:44:59 - [TEST_STEP][PASSED] - if (i == 3 &amp;&amp; wildList.indexOf(symbol) != -1): null

2019-08-10 23:44:59 - [TEST_STEP][PASSED] - if (i == 4 &amp;&amp; wildList.indexOf(symbol) != -1): null

2019-08-10 23:44:59 - [TEST_STEP][PASSED] - free_spin_reel_counter = free_spin_reel_counter: null

2019-08-10 23:44:59 - [TEST_STEP][PASSED] - println("reel 3 wild found: " + free_spin_reel_counter[0]): null

2019-08-10 23:44:59 - [TEST_STEP][PASSED] - println("reel 4 wild found: " + free_spin_reel_counter[1]): null

2019-08-10 23:44:59 - [TEST_STEP][PASSED] - println("reel 5 wild found: " + free_spin_reel_counter[2]): null

2019-08-10 23:44:59 - [TEST_STEP][PASSED] - M4_spin_reels = M4_spin_reels: null

2019-08-10 23:44:59 - [TEST_STEP][PASSED] - M4_spin_reels_symbols = symbol: null

2019-08-10 23:44:59 - [TEST_STEP][PASSED] - M4_spin_reels_symbols = M4_spin_reels_symbols: null

2019-08-10 23:44:59 - [TEST_STEP][PASSED] - M4_spin_reel_wins = reel_wins: null

2019-08-10 23:44:59 - [TEST_STEP][PASSED] - M4_spin_reel_wins = M4_spin_reel_wins: null

2019-08-10 23:44:59 - [TEST_STEP][PASSED] - println("GlobalVariable.M4_spin_reel_wins is: " + M4_spin_reel_wins): null

2019-08-10 23:44:59 - [TEST_STEP][PASSED] - M4_spin_total_bonus_win_this_round = total_bonus_win_this_round: null

2019-08-10 23:44:59 - [TEST_STEP][PASSED] - M4_spin_total_bonus_win_this_round = M4_spin_total_bonus_win_this_round: null

2019-08-10 23:44:59 - [TEST_STEP][PASSED] - println("GlobalVariable.M4_spin_total_bonus_win_this_round is: " + M4_spin_total_bonus_win_this_round): null

2019-08-10 23:44:59 - [MESSAGE][PASSED] - Verify response successfully

2019-08-10 23:44:59 - [MESSAGE][PASSED] - Send request and verify the response successfully

2019-08-10 23:44:59 - [TEST_STEP][PASSED] - if (M4_total_bonus_spins_int != 0 &amp;&amp; M4_spin_reels_symbols[2].contains("WILD_ExtraFG") || M4_spin_reels_symbols[3].contains("WILD_ExtraFG")): null

2019-08-10 23:44:59 - [TEST_STEP][PASSED] - free_spin_reel_counter = free_spin_reel_counter: null

2019-08-10 23:44:59 - [TEST_STEP][PASSED] - M4_spin_reels_symbols = M4_spin_reels_symbols: null

2019-08-10 23:44:59 - [TEST_STEP][PASSED] - M4_total_bonus_spins = M4_total_bonus_spins: null

2019-08-10 23:44:59 - [TEST_STEP][PASSED] - spin_result = sendRequestAndVerify(findTestObject("RGS(M4)/1_M4_spin", ["M4_login_user_id":M4_login_user_id, "rgs_session_token":rgs_session_token, "partner":Partner])): Send request and verify the response successfully

2019-08-10 23:44:59 - [TEST_CASE][PASSED] - Start Test Case : Verification: Verification accomplished successfully

2019-08-10 23:44:59 - [TEST_STEP][PASSED] - request = getInstance().getCurrentRequest(): null

2019-08-10 23:44:59 - [TEST_STEP][PASSED] - response = getInstance().getCurrentResponse(): null

2019-08-10 23:44:59 - [TEST_STEP][PASSED] - verifyResponseStatusCode(response, 200): Verify response status code successfully

2019-08-10 23:44:59 - [MESSAGE][PASSED] - Verify response status code successfully

2019-08-10 23:44:59 - [TEST_STEP][PASSED] - getStatusCode()).isEqualTo(200): null

2019-08-10 23:44:59 - [TEST_STEP][PASSED] - newline = System.getProperty("line.separator"): null

2019-08-10 23:44:59 - [TEST_STEP][PASSED] - M4_spin = new groovy.json.JsonSlurper(): null

2019-08-10 23:44:59 - [TEST_STEP][PASSED] - result_M4_spin = M4_spin.parseText(response.getResponseBodyContent()): null

2019-08-10 23:44:59 - [TEST_STEP][PASSED] - M4_spin_current_balance = current_balance: null

2019-08-10 23:44:59 - [TEST_STEP][PASSED] - M4_spin_current_balance = M4_spin_current_balance: null

2019-08-10 23:44:59 - [TEST_STEP][PASSED] - M4_spin_transaction_id = causality: null

2019-08-10 23:44:59 - [TEST_STEP][PASSED] - M4_spin_transaction_id = M4_spin_transaction_id: null

2019-08-10 23:44:59 - [TEST_STEP][PASSED] - M4_spin_round_id = round_id: null

2019-08-10 23:44:59 - [TEST_STEP][PASSED] - M4_spin_round_id = M4_spin_round_id: null

2019-08-10 23:44:59 - [TEST_STEP][PASSED] - M4_spin_line_wins = line_wins: null

2019-08-10 23:44:59 - [TEST_STEP][PASSED] - M4_spin_line_wins = M4_spin_line_wins: null

2019-08-10 23:44:59 - [TEST_STEP][PASSED] - M4_total_bonus_spins_int = total_bonus_spins: null

2019-08-10 23:44:59 - [TEST_STEP][PASSED] - println("******M4_total_bonus_spins type is:*******" + newline + getClass().getName()): null

2019-08-10 23:44:59 - [TEST_STEP][PASSED] - M4_total_bonus_spins_int = M4_total_bonus_spins_int: null

2019-08-10 23:44:59 - [TEST_STEP][PASSED] - M4_total_bonus_spins = Integer.toString(M4_total_bonus_spins_int): null

2019-08-10 23:44:59 - [TEST_STEP][PASSED] - M4_total_bonus_spins = M4_total_bonus_spins: null

2019-08-10 23:44:59 - [TEST_STEP][PASSED] - println("M4_total_bonus_spins is:" + M4_total_bonus_spins): null

2019-08-10 23:44:59 - [TEST_STEP][PASSED] - M4_spin_bonus_data = bonus_data: null

2019-08-10 23:44:59 - [TEST_STEP][PASSED] - M4_spin_features_triggered = result_M4_spin: null

2019-08-10 23:44:59 - [TEST_STEP][PASSED] - wild = []: null

2019-08-10 23:44:59 - [TEST_STEP][PASSED] - wild[0] = "WILD_Expanding": null

2019-08-10 23:44:59 - [TEST_STEP][PASSED] - wild[1] = "WILD_Normal": null

2019-08-10 23:44:59 - [TEST_STEP][PASSED] - wild[2] = "WILD_Double": null

2019-08-10 23:44:59 - [TEST_STEP][PASSED] - wild[3] = "WILD_ExtraFG": null

2019-08-10 23:44:59 - [TEST_STEP][PASSED] - wild[4] = "WILD_Triple": null

2019-08-10 23:44:59 - [TEST_STEP][PASSED] - wildList = Arrays.asList(wild): null

2019-08-10 23:44:59 - [TEST_STEP][PASSED] - wildList = wildList: null

2019-08-10 23:44:59 - [TEST_STEP][PASSED] - free_spin_reel_counter = []: null

2019-08-10 23:44:59 - [TEST_STEP][PASSED] - free_spin_reel_counter[0] = 0: null

2019-08-10 23:44:59 - [TEST_STEP][PASSED] - free_spin_reel_counter[1] = 0: null

2019-08-10 23:44:59 - [TEST_STEP][PASSED] - free_spin_reel_counter[2] = 0: null

2019-08-10 23:44:59 - [TEST_STEP][PASSED] - M4_spin_reels = reels: null

2019-08-10 23:44:59 - [TEST_STEP][PASSED] - for ([i = 0, i &lt; M4_spin_reels.size(), (i++)]): null

2019-08-10 23:44:59 - [TEST_STEP][PASSED] - symbols = symbols: null

2019-08-10 23:44:59 - [TEST_STEP][PASSED] - for ([j = 0, j &lt; symbols.size(), (j++)]): null

2019-08-10 23:44:59 - [TEST_STEP][PASSED] - symbol = symbol: null

2019-08-10 23:44:59 - [TEST_STEP][PASSED] - println(symbol): null

2019-08-10 23:44:59 - [TEST_STEP][PASSED] - if (i == 2 &amp;&amp; wildList.indexOf(symbol) != -1): null

2019-08-10 23:44:59 - [TEST_STEP][PASSED] - if (i == 3 &amp;&amp; wildList.indexOf(symbol) != -1): null

2019-08-10 23:44:59 - [TEST_STEP][PASSED] - if (i == 4 &amp;&amp; wildList.indexOf(symbol) != -1): null

2019-08-10 23:44:59 - [TEST_STEP][PASSED] - symbol = symbol: null

2019-08-10 23:44:59 - [TEST_STEP][PASSED] - println(symbol): null

2019-08-10 23:44:59 - [TEST_STEP][PASSED] - if (i == 2 &amp;&amp; wildList.indexOf(symbol) != -1): null

2019-08-10 23:44:59 - [TEST_STEP][PASSED] - if (i == 3 &amp;&amp; wildList.indexOf(symbol) != -1): null

2019-08-10 23:44:59 - [TEST_STEP][PASSED] - if (i == 4 &amp;&amp; wildList.indexOf(symbol) != -1): null

2019-08-10 23:44:59 - [TEST_STEP][PASSED] - symbol = symbol: null

2019-08-10 23:44:59 - [TEST_STEP][PASSED] - println(symbol): null

2019-08-10 23:44:59 - [TEST_STEP][PASSED] - if (i == 2 &amp;&amp; wildList.indexOf(symbol) != -1): null

2019-08-10 23:44:59 - [TEST_STEP][PASSED] - if (i == 3 &amp;&amp; wildList.indexOf(symbol) != -1): null

2019-08-10 23:45:03 - [TEST_STEP][PASSED] - if (i == 4 &amp;&amp; wildList.indexOf(symbol) != -1): null

2019-08-10 23:45:03 - [TEST_STEP][PASSED] - symbols = symbols: null

2019-08-10 23:45:03 - [TEST_STEP][PASSED] - for ([j = 0, j &lt; symbols.size(), (j++)]): null

2019-08-10 23:45:03 - [TEST_STEP][PASSED] - symbol = symbol: null

2019-08-10 23:45:03 - [TEST_STEP][PASSED] - println(symbol): null

2019-08-10 23:45:03 - [TEST_STEP][PASSED] - if (i == 2 &amp;&amp; wildList.indexOf(symbol) != -1): null

2019-08-10 23:45:03 - [TEST_STEP][PASSED] - if (i == 3 &amp;&amp; wildList.indexOf(symbol) != -1): null

2019-08-10 23:45:03 - [TEST_STEP][PASSED] - if (i == 4 &amp;&amp; wildList.indexOf(symbol) != -1): null

2019-08-10 23:45:03 - [TEST_STEP][PASSED] - symbol = symbol: null

2019-08-10 23:45:03 - [TEST_STEP][PASSED] - println(symbol): null

2019-08-10 23:45:03 - [TEST_STEP][PASSED] - if (i == 2 &amp;&amp; wildList.indexOf(symbol) != -1): null

2019-08-10 23:45:03 - [TEST_STEP][PASSED] - if (i == 3 &amp;&amp; wildList.indexOf(symbol) != -1): null

2019-08-10 23:45:03 - [TEST_STEP][PASSED] - if (i == 4 &amp;&amp; wildList.indexOf(symbol) != -1): null

2019-08-10 23:45:03 - [TEST_STEP][PASSED] - symbol = symbol: null

2019-08-10 23:45:03 - [TEST_STEP][PASSED] - println(symbol): null

2019-08-10 23:45:03 - [TEST_STEP][PASSED] - if (i == 2 &amp;&amp; wildList.indexOf(symbol) != -1): null

2019-08-10 23:45:03 - [TEST_STEP][PASSED] - if (i == 3 &amp;&amp; wildList.indexOf(symbol) != -1): null

2019-08-10 23:45:03 - [TEST_STEP][PASSED] - if (i == 4 &amp;&amp; wildList.indexOf(symbol) != -1): null

2019-08-10 23:45:03 - [TEST_STEP][PASSED] - symbols = symbols: null

2019-08-10 23:45:03 - [TEST_STEP][PASSED] - for ([j = 0, j &lt; symbols.size(), (j++)]): null

2019-08-10 23:45:03 - [TEST_STEP][PASSED] - symbol = symbol: null

2019-08-10 23:45:03 - [TEST_STEP][PASSED] - println(symbol): null

2019-08-10 23:45:03 - [TEST_STEP][PASSED] - if (i == 2 &amp;&amp; wildList.indexOf(symbol) != -1): null

2019-08-10 23:45:03 - [TEST_STEP][PASSED] - if (i == 3 &amp;&amp; wildList.indexOf(symbol) != -1): null

2019-08-10 23:45:03 - [TEST_STEP][PASSED] - if (i == 4 &amp;&amp; wildList.indexOf(symbol) != -1): null

2019-08-10 23:45:03 - [TEST_STEP][PASSED] - symbol = symbol: null

2019-08-10 23:45:03 - [TEST_STEP][PASSED] - println(symbol): null

2019-08-10 23:45:03 - [TEST_STEP][PASSED] - if (i == 2 &amp;&amp; wildList.indexOf(symbol) != -1): null

2019-08-10 23:45:03 - [TEST_STEP][PASSED] - if (i == 3 &amp;&amp; wildList.indexOf(symbol) != -1): null

2019-08-10 23:45:03 - [TEST_STEP][PASSED] - if (i == 4 &amp;&amp; wildList.indexOf(symbol) != -1): null

2019-08-10 23:45:03 - [TEST_STEP][PASSED] - symbol = symbol: null

2019-08-10 23:45:03 - [TEST_STEP][PASSED] - println(symbol): null

2019-08-10 23:45:03 - [TEST_STEP][PASSED] - if (i == 2 &amp;&amp; wildList.indexOf(symbol) != -1): null

2019-08-10 23:45:03 - [TEST_STEP][PASSED] - if (i == 3 &amp;&amp; wildList.indexOf(symbol) != -1): null

2019-08-10 23:45:03 - [TEST_STEP][PASSED] - if (i == 4 &amp;&amp; wildList.indexOf(symbol) != -1): null

2019-08-10 23:45:03 - [TEST_STEP][PASSED] - symbols = symbols: null

2019-08-10 23:45:03 - [TEST_STEP][PASSED] - for ([j = 0, j &lt; symbols.size(), (j++)]): null

2019-08-10 23:45:03 - [TEST_STEP][PASSED] - symbol = symbol: null

2019-08-10 23:45:03 - [TEST_STEP][PASSED] - println(symbol): null

2019-08-10 23:45:03 - [TEST_STEP][PASSED] - if (i == 2 &amp;&amp; wildList.indexOf(symbol) != -1): null

2019-08-10 23:45:03 - [TEST_STEP][PASSED] - if (i == 3 &amp;&amp; wildList.indexOf(symbol) != -1): null

2019-08-10 23:45:03 - [TEST_STEP][PASSED] - if (i == 4 &amp;&amp; wildList.indexOf(symbol) != -1): null

2019-08-10 23:45:03 - [TEST_STEP][PASSED] - symbol = symbol: null

2019-08-10 23:45:03 - [TEST_STEP][PASSED] - println(symbol): null

2019-08-10 23:45:03 - [TEST_STEP][PASSED] - if (i == 2 &amp;&amp; wildList.indexOf(symbol) != -1): null

2019-08-10 23:45:03 - [TEST_STEP][PASSED] - if (i == 3 &amp;&amp; wildList.indexOf(symbol) != -1): null

2019-08-10 23:45:03 - [TEST_STEP][PASSED] - if (i == 4 &amp;&amp; wildList.indexOf(symbol) != -1): null

2019-08-10 23:45:03 - [TEST_STEP][PASSED] - symbol = symbol: null

2019-08-10 23:45:03 - [TEST_STEP][PASSED] - println(symbol): null

2019-08-10 23:45:03 - [TEST_STEP][PASSED] - if (i == 2 &amp;&amp; wildList.indexOf(symbol) != -1): null

2019-08-10 23:45:03 - [TEST_STEP][PASSED] - if (i == 3 &amp;&amp; wildList.indexOf(symbol) != -1): null

2019-08-10 23:45:03 - [TEST_STEP][PASSED] - if (i == 4 &amp;&amp; wildList.indexOf(symbol) != -1): null

2019-08-10 23:45:03 - [TEST_STEP][PASSED] - symbols = symbols: null

2019-08-10 23:45:03 - [TEST_STEP][PASSED] - for ([j = 0, j &lt; symbols.size(), (j++)]): null

2019-08-10 23:45:03 - [TEST_STEP][PASSED] - symbol = symbol: null

2019-08-10 23:45:03 - [TEST_STEP][PASSED] - println(symbol): null

2019-08-10 23:45:03 - [TEST_STEP][PASSED] - if (i == 2 &amp;&amp; wildList.indexOf(symbol) != -1): null

2019-08-10 23:45:03 - [TEST_STEP][PASSED] - if (i == 3 &amp;&amp; wildList.indexOf(symbol) != -1): null

2019-08-10 23:45:03 - [TEST_STEP][PASSED] - if (i == 4 &amp;&amp; wildList.indexOf(symbol) != -1): null

2019-08-10 23:45:03 - [TEST_STEP][PASSED] - symbol = symbol: null

2019-08-10 23:45:03 - [TEST_STEP][PASSED] - println(symbol): null

2019-08-10 23:45:03 - [TEST_STEP][PASSED] - if (i == 2 &amp;&amp; wildList.indexOf(symbol) != -1): null

2019-08-10 23:45:03 - [TEST_STEP][PASSED] - if (i == 3 &amp;&amp; wildList.indexOf(symbol) != -1): null

2019-08-10 23:45:03 - [TEST_STEP][PASSED] - if (i == 4 &amp;&amp; wildList.indexOf(symbol) != -1): null

2019-08-10 23:45:03 - [TEST_STEP][PASSED] - symbol = symbol: null

2019-08-10 23:45:03 - [TEST_STEP][PASSED] - println(symbol): null

2019-08-10 23:45:03 - [TEST_STEP][PASSED] - if (i == 2 &amp;&amp; wildList.indexOf(symbol) != -1): null

2019-08-10 23:45:03 - [TEST_STEP][PASSED] - if (i == 3 &amp;&amp; wildList.indexOf(symbol) != -1): null

2019-08-10 23:45:03 - [TEST_STEP][PASSED] - if (i == 4 &amp;&amp; wildList.indexOf(symbol) != -1): null

2019-08-10 23:45:03 - [TEST_STEP][PASSED] - println("wild found on reel 5, adding counter by 1"): null

2019-08-10 23:45:03 - [TEST_STEP][PASSED] - free_spin_reel_counter[2] = free_spin_reel_counter[2] + 1: null

2019-08-10 23:45:03 - [TEST_STEP][PASSED] - free_spin_reel_counter = free_spin_reel_counter: null

2019-08-10 23:45:03 - [TEST_STEP][PASSED] - println("reel 3 wild found: " + free_spin_reel_counter[0]): null

2019-08-10 23:45:03 - [TEST_STEP][PASSED] - println("reel 4 wild found: " + free_spin_reel_counter[1]): null

2019-08-10 23:45:03 - [TEST_STEP][PASSED] - println("reel 5 wild found: " + free_spin_reel_counter[2]): null

2019-08-10 23:45:03 - [TEST_STEP][PASSED] - M4_spin_reels = M4_spin_reels: null

2019-08-10 23:45:03 - [TEST_STEP][PASSED] - M4_spin_reels_symbols = symbol: null

2019-08-10 23:45:03 - [TEST_STEP][PASSED] - M4_spin_reels_symbols = M4_spin_reels_symbols: null

2019-08-10 23:45:03 - [TEST_STEP][PASSED] - M4_spin_reel_wins = reel_wins: null

2019-08-10 23:45:03 - [TEST_STEP][PASSED] - M4_spin_reel_wins = M4_spin_reel_wins: null

2019-08-10 23:45:03 - [TEST_STEP][PASSED] - println("GlobalVariable.M4_spin_reel_wins is: " + M4_spin_reel_wins): null

2019-08-10 23:45:03 - [TEST_STEP][PASSED] - M4_spin_total_bonus_win_this_round = total_bonus_win_this_round: null

2019-08-10 23:45:03 - [TEST_STEP][PASSED] - M4_spin_total_bonus_win_this_round = M4_spin_total_bonus_win_this_round: null

2019-08-10 23:45:03 - [TEST_STEP][PASSED] - println("GlobalVariable.M4_spin_total_bonus_win_this_round is: " + M4_spin_total_bonus_win_this_round): null

2019-08-10 23:45:03 - [MESSAGE][PASSED] - Verify response successfully

2019-08-10 23:45:03 - [MESSAGE][PASSED] - Send request and verify the response successfully

2019-08-10 23:45:03 - [TEST_STEP][PASSED] - if (M4_total_bonus_spins_int != 0 &amp;&amp; M4_spin_reels_symbols[2].contains("WILD_ExtraFG") || M4_spin_reels_symbols[3].contains("WILD_ExtraFG")): null

2019-08-10 23:45:03 - [TEST_STEP][PASSED] - free_spin_reel_counter = free_spin_reel_counter: null

2019-08-10 23:45:03 - [TEST_STEP][PASSED] - M4_spin_reels_symbols = M4_spin_reels_symbols: null

2019-08-10 23:45:03 - [TEST_STEP][PASSED] - M4_total_bonus_spins = M4_total_bonus_spins: null

2019-08-10 23:45:03 - [TEST_STEP][PASSED] - spin_result = sendRequestAndVerify(findTestObject("RGS(M4)/1_M4_spin", ["M4_login_user_id":M4_login_user_id, "rgs_session_token":rgs_session_token, "partner":Partner])): Send request and verify the response successfully

2019-08-10 23:45:03 - [TEST_CASE][PASSED] - Start Test Case : Verification: Verification accomplished successfully

2019-08-10 23:45:03 - [TEST_STEP][PASSED] - request = getInstance().getCurrentRequest(): null

2019-08-10 23:45:03 - [TEST_STEP][PASSED] - response = getInstance().getCurrentResponse(): null

2019-08-10 23:45:03 - [TEST_STEP][PASSED] - verifyResponseStatusCode(response, 200): Verify response status code successfully

2019-08-10 23:45:03 - [MESSAGE][PASSED] - Verify response status code successfully

2019-08-10 23:45:03 - [TEST_STEP][PASSED] - getStatusCode()).isEqualTo(200): null

2019-08-10 23:45:03 - [TEST_STEP][PASSED] - newline = System.getProperty("line.separator"): null

2019-08-10 23:45:03 - [TEST_STEP][PASSED] - M4_spin = new groovy.json.JsonSlurper(): null

2019-08-10 23:45:03 - [TEST_STEP][PASSED] - result_M4_spin = M4_spin.parseText(response.getResponseBodyContent()): null

2019-08-10 23:45:03 - [TEST_STEP][PASSED] - M4_spin_current_balance = current_balance: null

2019-08-10 23:45:03 - [TEST_STEP][PASSED] - M4_spin_current_balance = M4_spin_current_balance: null

2019-08-10 23:45:03 - [TEST_STEP][PASSED] - M4_spin_transaction_id = causality: null

2019-08-10 23:45:03 - [TEST_STEP][PASSED] - M4_spin_transaction_id = M4_spin_transaction_id: null

2019-08-10 23:45:03 - [TEST_STEP][PASSED] - M4_spin_round_id = round_id: null

2019-08-10 23:45:03 - [TEST_STEP][PASSED] - M4_spin_round_id = M4_spin_round_id: null

2019-08-10 23:45:03 - [TEST_STEP][PASSED] - M4_spin_line_wins = line_wins: null

2019-08-10 23:45:03 - [TEST_STEP][PASSED] - M4_spin_line_wins = M4_spin_line_wins: null

2019-08-10 23:45:03 - [TEST_STEP][PASSED] - M4_total_bonus_spins_int = total_bonus_spins: null

2019-08-10 23:45:03 - [TEST_STEP][PASSED] - println("******M4_total_bonus_spins type is:*******" + newline + getClass().getName()): null

2019-08-10 23:45:03 - [TEST_STEP][PASSED] - M4_total_bonus_spins_int = M4_total_bonus_spins_int: null

2019-08-10 23:45:03 - [TEST_STEP][PASSED] - M4_total_bonus_spins = Integer.toString(M4_total_bonus_spins_int): null

2019-08-10 23:45:03 - [TEST_STEP][PASSED] - M4_total_bonus_spins = M4_total_bonus_spins: null

2019-08-10 23:45:03 - [TEST_STEP][PASSED] - println("M4_total_bonus_spins is:" + M4_total_bonus_spins): null

2019-08-10 23:45:03 - [TEST_STEP][PASSED] - M4_spin_bonus_data = bonus_data: null

2019-08-10 23:45:03 - [TEST_STEP][PASSED] - M4_spin_features_triggered = result_M4_spin: null

2019-08-10 23:45:03 - [TEST_STEP][PASSED] - wild = []: null

2019-08-10 23:45:03 - [TEST_STEP][PASSED] - wild[0] = "WILD_Expanding": null

2019-08-10 23:45:03 - [TEST_STEP][PASSED] - wild[1] = "WILD_Normal": null

2019-08-10 23:45:03 - [TEST_STEP][PASSED] - wild[2] = "WILD_Double": null

2019-08-10 23:45:03 - [TEST_STEP][PASSED] - wild[3] = "WILD_ExtraFG": null

2019-08-10 23:45:03 - [TEST_STEP][PASSED] - wild[4] = "WILD_Triple": null

2019-08-10 23:45:03 - [TEST_STEP][PASSED] - wildList = Arrays.asList(wild): null

2019-08-10 23:45:03 - [TEST_STEP][PASSED] - wildList = wildList: null

2019-08-10 23:45:03 - [TEST_STEP][PASSED] - free_spin_reel_counter = []: null

2019-08-10 23:45:03 - [TEST_STEP][PASSED] - free_spin_reel_counter[0] = 0: null

2019-08-10 23:45:03 - [TEST_STEP][PASSED] - free_spin_reel_counter[1] = 0: null

2019-08-10 23:45:03 - [TEST_STEP][PASSED] - free_spin_reel_counter[2] = 0: null

2019-08-10 23:45:03 - [TEST_STEP][PASSED] - M4_spin_reels = reels: null

2019-08-10 23:45:03 - [TEST_STEP][PASSED] - for ([i = 0, i &lt; M4_spin_reels.size(), (i++)]): null

2019-08-10 23:45:03 - [TEST_STEP][PASSED] - symbols = symbols: null

2019-08-10 23:45:03 - [TEST_STEP][PASSED] - for ([j = 0, j &lt; symbols.size(), (j++)]): null

2019-08-10 23:45:03 - [TEST_STEP][PASSED] - symbol = symbol: null

2019-08-10 23:45:03 - [TEST_STEP][PASSED] - println(symbol): null

2019-08-10 23:45:03 - [TEST_STEP][PASSED] - if (i == 2 &amp;&amp; wildList.indexOf(symbol) != -1): null

2019-08-10 23:45:03 - [TEST_STEP][PASSED] - if (i == 3 &amp;&amp; wildList.indexOf(symbol) != -1): null

2019-08-10 23:45:03 - [TEST_STEP][PASSED] - if (i == 4 &amp;&amp; wildList.indexOf(symbol) != -1): null

2019-08-10 23:45:03 - [TEST_STEP][PASSED] - symbol = symbol: null

2019-08-10 23:45:03 - [TEST_STEP][PASSED] - println(symbol): null

2019-08-10 23:45:03 - [TEST_STEP][PASSED] - if (i == 2 &amp;&amp; wildList.indexOf(symbol) != -1): null

2019-08-10 23:45:03 - [TEST_STEP][PASSED] - if (i == 3 &amp;&amp; wildList.indexOf(symbol) != -1): null

2019-08-10 23:45:03 - [TEST_STEP][PASSED] - if (i == 4 &amp;&amp; wildList.indexOf(symbol) != -1): null

2019-08-10 23:45:03 - [TEST_STEP][PASSED] - symbol = symbol: null

2019-08-10 23:45:03 - [TEST_STEP][PASSED] - println(symbol): null

2019-08-10 23:45:03 - [TEST_STEP][PASSED] - if (i == 2 &amp;&amp; wildList.indexOf(symbol) != -1): null

2019-08-10 23:45:03 - [TEST_STEP][PASSED] - if (i == 3 &amp;&amp; wildList.indexOf(symbol) != -1): null

2019-08-10 23:45:03 - [TEST_STEP][PASSED] - if (i == 4 &amp;&amp; wildList.indexOf(symbol) != -1): null

2019-08-10 23:45:03 - [TEST_STEP][PASSED] - symbols = symbols: null

2019-08-10 23:45:03 - [TEST_STEP][PASSED] - for ([j = 0, j &lt; symbols.size(), (j++)]): null

2019-08-10 23:45:03 - [TEST_STEP][PASSED] - symbol = symbol: null

2019-08-10 23:45:03 - [TEST_STEP][PASSED] - println(symbol): null

2019-08-10 23:45:03 - [TEST_STEP][PASSED] - if (i == 2 &amp;&amp; wildList.indexOf(symbol) != -1): null

2019-08-10 23:45:03 - [TEST_STEP][PASSED] - if (i == 3 &amp;&amp; wildList.indexOf(symbol) != -1): null

2019-08-10 23:45:03 - [TEST_STEP][PASSED] - if (i == 4 &amp;&amp; wildList.indexOf(symbol) != -1): null

2019-08-10 23:45:03 - [TEST_STEP][PASSED] - symbol = symbol: null

2019-08-10 23:45:03 - [TEST_STEP][PASSED] - println(symbol): null

2019-08-10 23:45:03 - [TEST_STEP][PASSED] - if (i == 2 &amp;&amp; wildList.indexOf(symbol) != -1): null

2019-08-10 23:45:03 - [TEST_STEP][PASSED] - if (i == 3 &amp;&amp; wildList.indexOf(symbol) != -1): null

2019-08-10 23:45:03 - [TEST_STEP][PASSED] - if (i == 4 &amp;&amp; wildList.indexOf(symbol) != -1): null

2019-08-10 23:45:03 - [TEST_STEP][PASSED] - symbol = symbol: null

2019-08-10 23:45:03 - [TEST_STEP][PASSED] - println(symbol): null

2019-08-10 23:45:03 - [TEST_STEP][PASSED] - if (i == 2 &amp;&amp; wildList.indexOf(symbol) != -1): null

2019-08-10 23:45:03 - [TEST_STEP][PASSED] - if (i == 3 &amp;&amp; wildList.indexOf(symbol) != -1): null

2019-08-10 23:45:03 - [TEST_STEP][PASSED] - if (i == 4 &amp;&amp; wildList.indexOf(symbol) != -1): null

2019-08-10 23:45:03 - [TEST_STEP][PASSED] - symbols = symbols: null

2019-08-10 23:45:03 - [TEST_STEP][PASSED] - for ([j = 0, j &lt; symbols.size(), (j++)]): null

2019-08-10 23:45:03 - [TEST_STEP][PASSED] - symbol = symbol: null

2019-08-10 23:45:03 - [TEST_STEP][PASSED] - println(symbol): null

2019-08-10 23:45:03 - [TEST_STEP][PASSED] - if (i == 2 &amp;&amp; wildList.indexOf(symbol) != -1): null

2019-08-10 23:45:03 - [TEST_STEP][PASSED] - if (i == 3 &amp;&amp; wildList.indexOf(symbol) != -1): null

2019-08-10 23:45:03 - [TEST_STEP][PASSED] - if (i == 4 &amp;&amp; wildList.indexOf(symbol) != -1): null

2019-08-10 23:45:03 - [TEST_STEP][PASSED] - symbol = symbol: null

2019-08-10 23:45:03 - [TEST_STEP][PASSED] - println(symbol): null

2019-08-10 23:45:03 - [TEST_STEP][PASSED] - if (i == 2 &amp;&amp; wildList.indexOf(symbol) != -1): null

2019-08-10 23:45:03 - [TEST_STEP][PASSED] - if (i == 3 &amp;&amp; wildList.indexOf(symbol) != -1): null

2019-08-10 23:45:03 - [TEST_STEP][PASSED] - if (i == 4 &amp;&amp; wildList.indexOf(symbol) != -1): null

2019-08-10 23:45:03 - [TEST_STEP][PASSED] - symbol = symbol: null

2019-08-10 23:45:03 - [TEST_STEP][PASSED] - println(symbol): null

2019-08-10 23:45:03 - [TEST_STEP][PASSED] - if (i == 2 &amp;&amp; wildList.indexOf(symbol) != -1): null

2019-08-10 23:45:03 - [TEST_STEP][PASSED] - if (i == 3 &amp;&amp; wildList.indexOf(symbol) != -1): null

2019-08-10 23:45:03 - [TEST_STEP][PASSED] - if (i == 4 &amp;&amp; wildList.indexOf(symbol) != -1): null

2019-08-10 23:45:03 - [TEST_STEP][PASSED] - symbols = symbols: null

2019-08-10 23:45:03 - [TEST_STEP][PASSED] - for ([j = 0, j &lt; symbols.size(), (j++)]): null

2019-08-10 23:45:03 - [TEST_STEP][PASSED] - symbol = symbol: null

2019-08-10 23:45:03 - [TEST_STEP][PASSED] - println(symbol): null

2019-08-10 23:45:03 - [TEST_STEP][PASSED] - if (i == 2 &amp;&amp; wildList.indexOf(symbol) != -1): null

2019-08-10 23:45:03 - [TEST_STEP][PASSED] - if (i == 3 &amp;&amp; wildList.indexOf(symbol) != -1): null

2019-08-10 23:45:03 - [TEST_STEP][PASSED] - if (i == 4 &amp;&amp; wildList.indexOf(symbol) != -1): null

2019-08-10 23:45:03 - [TEST_STEP][PASSED] - symbol = symbol: null

2019-08-10 23:45:03 - [TEST_STEP][PASSED] - println(symbol): null

2019-08-10 23:45:03 - [TEST_STEP][PASSED] - if (i == 2 &amp;&amp; wildList.indexOf(symbol) != -1): null

2019-08-10 23:45:03 - [TEST_STEP][PASSED] - if (i == 3 &amp;&amp; wildList.indexOf(symbol) != -1): null

2019-08-10 23:45:03 - [TEST_STEP][PASSED] - println("wild found on reel 4, adding counter by 1"): null

2019-08-10 23:45:03 - [TEST_STEP][PASSED] - free_spin_reel_counter[1] = free_spin_reel_counter[1] + 1: null

2019-08-10 23:45:03 - [TEST_STEP][PASSED] - if (i == 4 &amp;&amp; wildList.indexOf(symbol) != -1): null

2019-08-10 23:45:03 - [TEST_STEP][PASSED] - symbol = symbol: null

2019-08-10 23:45:03 - [TEST_STEP][PASSED] - println(symbol): null

2019-08-10 23:45:03 - [TEST_STEP][PASSED] - if (i == 2 &amp;&amp; wildList.indexOf(symbol) != -1): null

2019-08-10 23:45:03 - [TEST_STEP][PASSED] - if (i == 3 &amp;&amp; wildList.indexOf(symbol) != -1): null

2019-08-10 23:45:03 - [TEST_STEP][PASSED] - if (i == 4 &amp;&amp; wildList.indexOf(symbol) != -1): null

2019-08-10 23:45:03 - [TEST_STEP][PASSED] - symbols = symbols: null

2019-08-10 23:45:03 - [TEST_STEP][PASSED] - for ([j = 0, j &lt; symbols.size(), (j++)]): null

2019-08-10 23:45:03 - [TEST_STEP][PASSED] - symbol = symbol: null

2019-08-10 23:45:03 - [TEST_STEP][PASSED] - println(symbol): null

2019-08-10 23:45:03 - [TEST_STEP][PASSED] - if (i == 2 &amp;&amp; wildList.indexOf(symbol) != -1): null

2019-08-10 23:45:03 - [TEST_STEP][PASSED] - if (i == 3 &amp;&amp; wildList.indexOf(symbol) != -1): null

2019-08-10 23:45:03 - [TEST_STEP][PASSED] - if (i == 4 &amp;&amp; wildList.indexOf(symbol) != -1): null

2019-08-10 23:45:03 - [TEST_STEP][PASSED] - symbol = symbol: null

2019-08-10 23:45:03 - [TEST_STEP][PASSED] - println(symbol): null

2019-08-10 23:45:03 - [TEST_STEP][PASSED] - if (i == 2 &amp;&amp; wildList.indexOf(symbol) != -1): null

2019-08-10 23:45:03 - [TEST_STEP][PASSED] - if (i == 3 &amp;&amp; wildList.indexOf(symbol) != -1): null

2019-08-10 23:45:03 - [TEST_STEP][PASSED] - if (i == 4 &amp;&amp; wildList.indexOf(symbol) != -1): null

2019-08-10 23:45:03 - [TEST_STEP][PASSED] - symbol = symbol: null

2019-08-10 23:45:03 - [TEST_STEP][PASSED] - println(symbol): null

2019-08-10 23:45:03 - [TEST_STEP][PASSED] - if (i == 2 &amp;&amp; wildList.indexOf(symbol) != -1): null

2019-08-10 23:45:03 - [TEST_STEP][PASSED] - if (i == 3 &amp;&amp; wildList.indexOf(symbol) != -1): null

2019-08-10 23:45:03 - [TEST_STEP][PASSED] - if (i == 4 &amp;&amp; wildList.indexOf(symbol) != -1): null

2019-08-10 23:45:03 - [TEST_STEP][PASSED] - free_spin_reel_counter = free_spin_reel_counter: null

2019-08-10 23:45:03 - [TEST_STEP][PASSED] - println("reel 3 wild found: " + free_spin_reel_counter[0]): null

2019-08-10 23:45:03 - [TEST_STEP][PASSED] - println("reel 4 wild found: " + free_spin_reel_counter[1]): null

2019-08-10 23:45:03 - [TEST_STEP][PASSED] - println("reel 5 wild found: " + free_spin_reel_counter[2]): null

2019-08-10 23:45:03 - [TEST_STEP][PASSED] - M4_spin_reels = M4_spin_reels: null

2019-08-10 23:45:03 - [TEST_STEP][PASSED] - M4_spin_reels_symbols = symbol: null

2019-08-10 23:45:03 - [TEST_STEP][PASSED] - M4_spin_reels_symbols = M4_spin_reels_symbols: null

2019-08-10 23:45:03 - [TEST_STEP][PASSED] - M4_spin_reel_wins = reel_wins: null

2019-08-10 23:45:03 - [TEST_STEP][PASSED] - M4_spin_reel_wins = M4_spin_reel_wins: null

2019-08-10 23:45:03 - [TEST_STEP][PASSED] - println("GlobalVariable.M4_spin_reel_wins is: " + M4_spin_reel_wins): null

2019-08-10 23:45:03 - [TEST_STEP][PASSED] - M4_spin_total_bonus_win_this_round = total_bonus_win_this_round: null

2019-08-10 23:45:03 - [TEST_STEP][PASSED] - M4_spin_total_bonus_win_this_round = M4_spin_total_bonus_win_this_round: null

2019-08-10 23:45:03 - [TEST_STEP][PASSED] - println("GlobalVariable.M4_spin_total_bonus_win_this_round is: " + M4_spin_total_bonus_win_this_round): null

2019-08-10 23:45:03 - [MESSAGE][PASSED] - Verify response successfully

2019-08-10 23:45:03 - [MESSAGE][PASSED] - Send request and verify the response successfully

2019-08-10 23:45:03 - [TEST_STEP][PASSED] - if (M4_total_bonus_spins_int != 0 &amp;&amp; M4_spin_reels_symbols[2].contains("WILD_ExtraFG") || M4_spin_reels_symbols[3].contains("WILD_ExtraFG")): null

2019-08-10 23:45:03 - [TEST_STEP][PASSED] - free_spin_reel_counter = free_spin_reel_counter: null

2019-08-10 23:45:03 - [TEST_STEP][PASSED] - M4_spin_reels_symbols = M4_spin_reels_symbols: null

2019-08-10 23:45:03 - [TEST_STEP][PASSED] - M4_total_bonus_spins = M4_total_bonus_spins: null

2019-08-10 23:45:03 - [TEST_STEP][PASSED] - spin_result = sendRequestAndVerify(findTestObject("RGS(M4)/1_M4_spin", ["M4_login_user_id":M4_login_user_id, "rgs_session_token":rgs_session_token, "partner":Partner])): Send request and verify the response successfully

2019-08-10 23:45:03 - [TEST_CASE][PASSED] - Start Test Case : Verification: Verification accomplished successfully

2019-08-10 23:45:03 - [TEST_STEP][PASSED] - request = getInstance().getCurrentRequest(): null

2019-08-10 23:45:03 - [TEST_STEP][PASSED] - response = getInstance().getCurrentResponse(): null

2019-08-10 23:45:03 - [TEST_STEP][PASSED] - verifyResponseStatusCode(response, 200): Verify response status code successfully

2019-08-10 23:45:03 - [MESSAGE][PASSED] - Verify response status code successfully

2019-08-10 23:45:03 - [TEST_STEP][PASSED] - getStatusCode()).isEqualTo(200): null

2019-08-10 23:45:03 - [TEST_STEP][PASSED] - newline = System.getProperty("line.separator"): null

2019-08-10 23:45:03 - [TEST_STEP][PASSED] - M4_spin = new groovy.json.JsonSlurper(): null

2019-08-10 23:45:03 - [TEST_STEP][PASSED] - result_M4_spin = M4_spin.parseText(response.getResponseBodyContent()): null

2019-08-10 23:45:03 - [TEST_STEP][PASSED] - M4_spin_current_balance = current_balance: null

2019-08-10 23:45:03 - [TEST_STEP][PASSED] - M4_spin_current_balance = M4_spin_current_balance: null

2019-08-10 23:45:03 - [TEST_STEP][PASSED] - M4_spin_transaction_id = causality: null

2019-08-10 23:45:03 - [TEST_STEP][PASSED] - M4_spin_transaction_id = M4_spin_transaction_id: null

2019-08-10 23:45:03 - [TEST_STEP][PASSED] - M4_spin_round_id = round_id: null

2019-08-10 23:45:03 - [TEST_STEP][PASSED] - M4_spin_round_id = M4_spin_round_id: null

2019-08-10 23:45:03 - [TEST_STEP][PASSED] - M4_spin_line_wins = line_wins: null

2019-08-10 23:45:03 - [TEST_STEP][PASSED] - M4_spin_line_wins = M4_spin_line_wins: null

2019-08-10 23:45:03 - [TEST_STEP][PASSED] - M4_total_bonus_spins_int = total_bonus_spins: null

2019-08-10 23:45:03 - [TEST_STEP][PASSED] - println("******M4_total_bonus_spins type is:*******" + newline + getClass().getName()): null

2019-08-10 23:45:03 - [TEST_STEP][PASSED] - M4_total_bonus_spins_int = M4_total_bonus_spins_int: null

2019-08-10 23:45:03 - [TEST_STEP][PASSED] - M4_total_bonus_spins = Integer.toString(M4_total_bonus_spins_int): null

2019-08-10 23:45:03 - [TEST_STEP][PASSED] - M4_total_bonus_spins = M4_total_bonus_spins: null

2019-08-10 23:45:03 - [TEST_STEP][PASSED] - println("M4_total_bonus_spins is:" + M4_total_bonus_spins): null

2019-08-10 23:45:03 - [TEST_STEP][PASSED] - M4_spin_bonus_data = bonus_data: null

2019-08-10 23:45:03 - [TEST_STEP][PASSED] - M4_spin_features_triggered = result_M4_spin: null

2019-08-10 23:45:03 - [TEST_STEP][PASSED] - wild = []: null

2019-08-10 23:45:03 - [TEST_STEP][PASSED] - wild[0] = "WILD_Expanding": null

2019-08-10 23:45:03 - [TEST_STEP][PASSED] - wild[1] = "WILD_Normal": null

2019-08-10 23:45:03 - [TEST_STEP][PASSED] - wild[2] = "WILD_Double": null

2019-08-10 23:45:03 - [TEST_STEP][PASSED] - wild[3] = "WILD_ExtraFG": null

2019-08-10 23:45:03 - [TEST_STEP][PASSED] - wild[4] = "WILD_Triple": null

2019-08-10 23:45:03 - [TEST_STEP][PASSED] - wildList = Arrays.asList(wild): null

2019-08-10 23:45:03 - [TEST_STEP][PASSED] - wildList = wildList: null

2019-08-10 23:45:03 - [TEST_STEP][PASSED] - free_spin_reel_counter = []: null

2019-08-10 23:45:03 - [TEST_STEP][PASSED] - free_spin_reel_counter[0] = 0: null

2019-08-10 23:45:03 - [TEST_STEP][PASSED] - free_spin_reel_counter[1] = 0: null

2019-08-10 23:45:03 - [TEST_STEP][PASSED] - free_spin_reel_counter[2] = 0: null

2019-08-10 23:45:03 - [TEST_STEP][PASSED] - M4_spin_reels = reels: null

2019-08-10 23:45:03 - [TEST_STEP][PASSED] - for ([i = 0, i &lt; M4_spin_reels.size(), (i++)]): null

2019-08-10 23:45:03 - [TEST_STEP][PASSED] - symbols = symbols: null

2019-08-10 23:45:03 - [TEST_STEP][PASSED] - for ([j = 0, j &lt; symbols.size(), (j++)]): null

2019-08-10 23:45:03 - [TEST_STEP][PASSED] - symbol = symbol: null

2019-08-10 23:45:03 - [TEST_STEP][PASSED] - println(symbol): null

2019-08-10 23:45:03 - [TEST_STEP][PASSED] - if (i == 2 &amp;&amp; wildList.indexOf(symbol) != -1): null

2019-08-10 23:45:03 - [TEST_STEP][PASSED] - if (i == 3 &amp;&amp; wildList.indexOf(symbol) != -1): null

2019-08-10 23:45:03 - [TEST_STEP][PASSED] - if (i == 4 &amp;&amp; wildList.indexOf(symbol) != -1): null

2019-08-10 23:45:03 - [TEST_STEP][PASSED] - symbol = symbol: null

2019-08-10 23:45:03 - [TEST_STEP][PASSED] - println(symbol): null

2019-08-10 23:45:03 - [TEST_STEP][PASSED] - if (i == 2 &amp;&amp; wildList.indexOf(symbol) != -1): null

2019-08-10 23:45:03 - [TEST_STEP][PASSED] - if (i == 3 &amp;&amp; wildList.indexOf(symbol) != -1): null

2019-08-10 23:45:03 - [TEST_STEP][PASSED] - if (i == 4 &amp;&amp; wildList.indexOf(symbol) != -1): null

2019-08-10 23:45:03 - [TEST_STEP][PASSED] - symbol = symbol: null

2019-08-10 23:45:03 - [TEST_STEP][PASSED] - println(symbol): null

2019-08-10 23:45:03 - [TEST_STEP][PASSED] - if (i == 2 &amp;&amp; wildList.indexOf(symbol) != -1): null

2019-08-10 23:45:03 - [TEST_STEP][PASSED] - if (i == 3 &amp;&amp; wildList.indexOf(symbol) != -1): null

2019-08-10 23:45:03 - [TEST_STEP][PASSED] - if (i == 4 &amp;&amp; wildList.indexOf(symbol) != -1): null

2019-08-10 23:45:03 - [TEST_STEP][PASSED] - symbols = symbols: null

2019-08-10 23:45:03 - [TEST_STEP][PASSED] - for ([j = 0, j &lt; symbols.size(), (j++)]): null

2019-08-10 23:45:03 - [TEST_STEP][PASSED] - symbol = symbol: null

2019-08-10 23:45:03 - [TEST_STEP][PASSED] - println(symbol): null

2019-08-10 23:45:03 - [TEST_STEP][PASSED] - if (i == 2 &amp;&amp; wildList.indexOf(symbol) != -1): null

2019-08-10 23:45:03 - [TEST_STEP][PASSED] - if (i == 3 &amp;&amp; wildList.indexOf(symbol) != -1): null

2019-08-10 23:45:03 - [TEST_STEP][PASSED] - if (i == 4 &amp;&amp; wildList.indexOf(symbol) != -1): null

2019-08-10 23:45:03 - [TEST_STEP][PASSED] - symbol = symbol: null

2019-08-10 23:45:03 - [TEST_STEP][PASSED] - println(symbol): null

2019-08-10 23:45:03 - [TEST_STEP][PASSED] - if (i == 2 &amp;&amp; wildList.indexOf(symbol) != -1): null

2019-08-10 23:45:03 - [TEST_STEP][PASSED] - if (i == 3 &amp;&amp; wildList.indexOf(symbol) != -1): null

2019-08-10 23:45:03 - [TEST_STEP][PASSED] - if (i == 4 &amp;&amp; wildList.indexOf(symbol) != -1): null

2019-08-10 23:45:03 - [TEST_STEP][PASSED] - symbol = symbol: null

2019-08-10 23:45:03 - [TEST_STEP][PASSED] - println(symbol): null

2019-08-10 23:45:03 - [TEST_STEP][PASSED] - if (i == 2 &amp;&amp; wildList.indexOf(symbol) != -1): null

2019-08-10 23:45:03 - [TEST_STEP][PASSED] - if (i == 3 &amp;&amp; wildList.indexOf(symbol) != -1): null

2019-08-10 23:45:03 - [TEST_STEP][PASSED] - if (i == 4 &amp;&amp; wildList.indexOf(symbol) != -1): null

2019-08-10 23:45:03 - [TEST_STEP][PASSED] - symbols = symbols: null

2019-08-10 23:45:03 - [TEST_STEP][PASSED] - for ([j = 0, j &lt; symbols.size(), (j++)]): null

2019-08-10 23:45:03 - [TEST_STEP][PASSED] - symbol = symbol: null

2019-08-10 23:45:03 - [TEST_STEP][PASSED] - println(symbol): null

2019-08-10 23:45:03 - [TEST_STEP][PASSED] - if (i == 2 &amp;&amp; wildList.indexOf(symbol) != -1): null

2019-08-10 23:45:03 - [TEST_STEP][PASSED] - if (i == 3 &amp;&amp; wildList.indexOf(symbol) != -1): null

2019-08-10 23:45:03 - [TEST_STEP][PASSED] - if (i == 4 &amp;&amp; wildList.indexOf(symbol) != -1): null

2019-08-10 23:45:03 - [TEST_STEP][PASSED] - symbol = symbol: null

2019-08-10 23:45:03 - [TEST_STEP][PASSED] - println(symbol): null

2019-08-10 23:45:03 - [TEST_STEP][PASSED] - if (i == 2 &amp;&amp; wildList.indexOf(symbol) != -1): null

2019-08-10 23:45:03 - [TEST_STEP][PASSED] - if (i == 3 &amp;&amp; wildList.indexOf(symbol) != -1): null

2019-08-10 23:45:03 - [TEST_STEP][PASSED] - if (i == 4 &amp;&amp; wildList.indexOf(symbol) != -1): null

2019-08-10 23:45:07 - [TEST_STEP][PASSED] - symbol = symbol: null

2019-08-10 23:45:07 - [TEST_STEP][PASSED] - println(symbol): null

2019-08-10 23:45:07 - [TEST_STEP][PASSED] - if (i == 2 &amp;&amp; wildList.indexOf(symbol) != -1): null

2019-08-10 23:45:07 - [TEST_STEP][PASSED] - if (i == 3 &amp;&amp; wildList.indexOf(symbol) != -1): null

2019-08-10 23:45:07 - [TEST_STEP][PASSED] - if (i == 4 &amp;&amp; wildList.indexOf(symbol) != -1): null

2019-08-10 23:45:07 - [TEST_STEP][PASSED] - symbols = symbols: null

2019-08-10 23:45:07 - [TEST_STEP][PASSED] - for ([j = 0, j &lt; symbols.size(), (j++)]): null

2019-08-10 23:45:07 - [TEST_STEP][PASSED] - symbol = symbol: null

2019-08-10 23:45:07 - [TEST_STEP][PASSED] - println(symbol): null

2019-08-10 23:45:07 - [TEST_STEP][PASSED] - if (i == 2 &amp;&amp; wildList.indexOf(symbol) != -1): null

2019-08-10 23:45:07 - [TEST_STEP][PASSED] - if (i == 3 &amp;&amp; wildList.indexOf(symbol) != -1): null

2019-08-10 23:45:07 - [TEST_STEP][PASSED] - if (i == 4 &amp;&amp; wildList.indexOf(symbol) != -1): null

2019-08-10 23:45:07 - [TEST_STEP][PASSED] - symbol = symbol: null

2019-08-10 23:45:07 - [TEST_STEP][PASSED] - println(symbol): null

2019-08-10 23:45:07 - [TEST_STEP][PASSED] - if (i == 2 &amp;&amp; wildList.indexOf(symbol) != -1): null

2019-08-10 23:45:07 - [TEST_STEP][PASSED] - if (i == 3 &amp;&amp; wildList.indexOf(symbol) != -1): null

2019-08-10 23:45:07 - [TEST_STEP][PASSED] - if (i == 4 &amp;&amp; wildList.indexOf(symbol) != -1): null

2019-08-10 23:45:07 - [TEST_STEP][PASSED] - symbol = symbol: null

2019-08-10 23:45:07 - [TEST_STEP][PASSED] - println(symbol): null

2019-08-10 23:45:07 - [TEST_STEP][PASSED] - if (i == 2 &amp;&amp; wildList.indexOf(symbol) != -1): null

2019-08-10 23:45:07 - [TEST_STEP][PASSED] - if (i == 3 &amp;&amp; wildList.indexOf(symbol) != -1): null

2019-08-10 23:45:07 - [TEST_STEP][PASSED] - println("wild found on reel 4, adding counter by 1"): null

2019-08-10 23:45:07 - [TEST_STEP][PASSED] - free_spin_reel_counter[1] = free_spin_reel_counter[1] + 1: null

2019-08-10 23:45:07 - [TEST_STEP][PASSED] - if (i == 4 &amp;&amp; wildList.indexOf(symbol) != -1): null

2019-08-10 23:45:07 - [TEST_STEP][PASSED] - symbols = symbols: null

2019-08-10 23:45:07 - [TEST_STEP][PASSED] - for ([j = 0, j &lt; symbols.size(), (j++)]): null

2019-08-10 23:45:07 - [TEST_STEP][PASSED] - symbol = symbol: null

2019-08-10 23:45:07 - [TEST_STEP][PASSED] - println(symbol): null

2019-08-10 23:45:07 - [TEST_STEP][PASSED] - if (i == 2 &amp;&amp; wildList.indexOf(symbol) != -1): null

2019-08-10 23:45:07 - [TEST_STEP][PASSED] - if (i == 3 &amp;&amp; wildList.indexOf(symbol) != -1): null

2019-08-10 23:45:07 - [TEST_STEP][PASSED] - if (i == 4 &amp;&amp; wildList.indexOf(symbol) != -1): null

2019-08-10 23:45:07 - [TEST_STEP][PASSED] - symbol = symbol: null

2019-08-10 23:45:07 - [TEST_STEP][PASSED] - println(symbol): null

2019-08-10 23:45:07 - [TEST_STEP][PASSED] - if (i == 2 &amp;&amp; wildList.indexOf(symbol) != -1): null

2019-08-10 23:45:07 - [TEST_STEP][PASSED] - if (i == 3 &amp;&amp; wildList.indexOf(symbol) != -1): null

2019-08-10 23:45:07 - [TEST_STEP][PASSED] - if (i == 4 &amp;&amp; wildList.indexOf(symbol) != -1): null

2019-08-10 23:45:07 - [TEST_STEP][PASSED] - symbol = symbol: null

2019-08-10 23:45:07 - [TEST_STEP][PASSED] - println(symbol): null

2019-08-10 23:45:07 - [TEST_STEP][PASSED] - if (i == 2 &amp;&amp; wildList.indexOf(symbol) != -1): null

2019-08-10 23:45:07 - [TEST_STEP][PASSED] - if (i == 3 &amp;&amp; wildList.indexOf(symbol) != -1): null

2019-08-10 23:45:07 - [TEST_STEP][PASSED] - if (i == 4 &amp;&amp; wildList.indexOf(symbol) != -1): null

2019-08-10 23:45:07 - [TEST_STEP][PASSED] - free_spin_reel_counter = free_spin_reel_counter: null

2019-08-10 23:45:07 - [TEST_STEP][PASSED] - println("reel 3 wild found: " + free_spin_reel_counter[0]): null

2019-08-10 23:45:07 - [TEST_STEP][PASSED] - println("reel 4 wild found: " + free_spin_reel_counter[1]): null

2019-08-10 23:45:07 - [TEST_STEP][PASSED] - println("reel 5 wild found: " + free_spin_reel_counter[2]): null

2019-08-10 23:45:07 - [TEST_STEP][PASSED] - M4_spin_reels = M4_spin_reels: null

2019-08-10 23:45:07 - [TEST_STEP][PASSED] - M4_spin_reels_symbols = symbol: null

2019-08-10 23:45:07 - [TEST_STEP][PASSED] - M4_spin_reels_symbols = M4_spin_reels_symbols: null

2019-08-10 23:45:07 - [TEST_STEP][PASSED] - M4_spin_reel_wins = reel_wins: null

2019-08-10 23:45:07 - [TEST_STEP][PASSED] - M4_spin_reel_wins = M4_spin_reel_wins: null

2019-08-10 23:45:07 - [TEST_STEP][PASSED] - println("GlobalVariable.M4_spin_reel_wins is: " + M4_spin_reel_wins): null

2019-08-10 23:45:07 - [TEST_STEP][PASSED] - M4_spin_total_bonus_win_this_round = total_bonus_win_this_round: null

2019-08-10 23:45:07 - [TEST_STEP][PASSED] - M4_spin_total_bonus_win_this_round = M4_spin_total_bonus_win_this_round: null

2019-08-10 23:45:07 - [TEST_STEP][PASSED] - println("GlobalVariable.M4_spin_total_bonus_win_this_round is: " + M4_spin_total_bonus_win_this_round): null

2019-08-10 23:45:07 - [MESSAGE][PASSED] - Verify response successfully

2019-08-10 23:45:07 - [MESSAGE][PASSED] - Send request and verify the response successfully

2019-08-10 23:45:07 - [TEST_STEP][PASSED] - if (M4_total_bonus_spins_int != 0 &amp;&amp; M4_spin_reels_symbols[2].contains("WILD_ExtraFG") || M4_spin_reels_symbols[3].contains("WILD_ExtraFG")): null

2019-08-10 23:45:07 - [TEST_STEP][PASSED] - free_spin_reel_counter = free_spin_reel_counter: null

2019-08-10 23:45:07 - [TEST_STEP][PASSED] - M4_spin_reels_symbols = M4_spin_reels_symbols: null

2019-08-10 23:45:07 - [TEST_STEP][PASSED] - M4_total_bonus_spins = M4_total_bonus_spins: null

2019-08-10 23:45:07 - [TEST_STEP][PASSED] - spin_result = sendRequestAndVerify(findTestObject("RGS(M4)/1_M4_spin", ["M4_login_user_id":M4_login_user_id, "rgs_session_token":rgs_session_token, "partner":Partner])): Send request and verify the response successfully

2019-08-10 23:45:07 - [TEST_CASE][PASSED] - Start Test Case : Verification: Verification accomplished successfully

2019-08-10 23:45:07 - [TEST_STEP][PASSED] - request = getInstance().getCurrentRequest(): null

2019-08-10 23:45:07 - [TEST_STEP][PASSED] - response = getInstance().getCurrentResponse(): null

2019-08-10 23:45:07 - [TEST_STEP][PASSED] - verifyResponseStatusCode(response, 200): Verify response status code successfully

2019-08-10 23:45:07 - [MESSAGE][PASSED] - Verify response status code successfully

2019-08-10 23:45:07 - [TEST_STEP][PASSED] - getStatusCode()).isEqualTo(200): null

2019-08-10 23:45:07 - [TEST_STEP][PASSED] - newline = System.getProperty("line.separator"): null

2019-08-10 23:45:07 - [TEST_STEP][PASSED] - M4_spin = new groovy.json.JsonSlurper(): null

2019-08-10 23:45:07 - [TEST_STEP][PASSED] - result_M4_spin = M4_spin.parseText(response.getResponseBodyContent()): null

2019-08-10 23:45:07 - [TEST_STEP][PASSED] - M4_spin_current_balance = current_balance: null

2019-08-10 23:45:07 - [TEST_STEP][PASSED] - M4_spin_current_balance = M4_spin_current_balance: null

2019-08-10 23:45:07 - [TEST_STEP][PASSED] - M4_spin_transaction_id = causality: null

2019-08-10 23:45:07 - [TEST_STEP][PASSED] - M4_spin_transaction_id = M4_spin_transaction_id: null

2019-08-10 23:45:07 - [TEST_STEP][PASSED] - M4_spin_round_id = round_id: null

2019-08-10 23:45:07 - [TEST_STEP][PASSED] - M4_spin_round_id = M4_spin_round_id: null

2019-08-10 23:45:07 - [TEST_STEP][PASSED] - M4_spin_line_wins = line_wins: null

2019-08-10 23:45:07 - [TEST_STEP][PASSED] - M4_spin_line_wins = M4_spin_line_wins: null

2019-08-10 23:45:07 - [TEST_STEP][PASSED] - M4_total_bonus_spins_int = total_bonus_spins: null

2019-08-10 23:45:07 - [TEST_STEP][PASSED] - println("******M4_total_bonus_spins type is:*******" + newline + getClass().getName()): null

2019-08-10 23:45:07 - [TEST_STEP][PASSED] - M4_total_bonus_spins_int = M4_total_bonus_spins_int: null

2019-08-10 23:45:07 - [TEST_STEP][PASSED] - M4_total_bonus_spins = Integer.toString(M4_total_bonus_spins_int): null

2019-08-10 23:45:07 - [TEST_STEP][PASSED] - M4_total_bonus_spins = M4_total_bonus_spins: null

2019-08-10 23:45:07 - [TEST_STEP][PASSED] - println("M4_total_bonus_spins is:" + M4_total_bonus_spins): null

2019-08-10 23:45:07 - [TEST_STEP][PASSED] - M4_spin_bonus_data = bonus_data: null

2019-08-10 23:45:07 - [TEST_STEP][PASSED] - M4_spin_features_triggered = result_M4_spin: null

2019-08-10 23:45:07 - [TEST_STEP][PASSED] - wild = []: null

2019-08-10 23:45:07 - [TEST_STEP][PASSED] - wild[0] = "WILD_Expanding": null

2019-08-10 23:45:07 - [TEST_STEP][PASSED] - wild[1] = "WILD_Normal": null

2019-08-10 23:45:07 - [TEST_STEP][PASSED] - wild[2] = "WILD_Double": null

2019-08-10 23:45:07 - [TEST_STEP][PASSED] - wild[3] = "WILD_ExtraFG": null

2019-08-10 23:45:07 - [TEST_STEP][PASSED] - wild[4] = "WILD_Triple": null

2019-08-10 23:45:07 - [TEST_STEP][PASSED] - wildList = Arrays.asList(wild): null

2019-08-10 23:45:07 - [TEST_STEP][PASSED] - wildList = wildList: null

2019-08-10 23:45:07 - [TEST_STEP][PASSED] - free_spin_reel_counter = []: null

2019-08-10 23:45:07 - [TEST_STEP][PASSED] - free_spin_reel_counter[0] = 0: null

2019-08-10 23:45:07 - [TEST_STEP][PASSED] - free_spin_reel_counter[1] = 0: null

2019-08-10 23:45:07 - [TEST_STEP][PASSED] - free_spin_reel_counter[2] = 0: null

2019-08-10 23:45:07 - [TEST_STEP][PASSED] - M4_spin_reels = reels: null

2019-08-10 23:45:07 - [TEST_STEP][PASSED] - for ([i = 0, i &lt; M4_spin_reels.size(), (i++)]): null

2019-08-10 23:45:07 - [TEST_STEP][PASSED] - symbols = symbols: null

2019-08-10 23:45:07 - [TEST_STEP][PASSED] - for ([j = 0, j &lt; symbols.size(), (j++)]): null

2019-08-10 23:45:07 - [TEST_STEP][PASSED] - symbol = symbol: null

2019-08-10 23:45:07 - [TEST_STEP][PASSED] - println(symbol): null

2019-08-10 23:45:07 - [TEST_STEP][PASSED] - if (i == 2 &amp;&amp; wildList.indexOf(symbol) != -1): null

2019-08-10 23:45:07 - [TEST_STEP][PASSED] - if (i == 3 &amp;&amp; wildList.indexOf(symbol) != -1): null

2019-08-10 23:45:08 - [TEST_STEP][PASSED] - if (i == 4 &amp;&amp; wildList.indexOf(symbol) != -1): null

2019-08-10 23:45:08 - [TEST_STEP][PASSED] - symbol = symbol: null

2019-08-10 23:45:08 - [TEST_STEP][PASSED] - println(symbol): null

2019-08-10 23:45:08 - [TEST_STEP][PASSED] - if (i == 2 &amp;&amp; wildList.indexOf(symbol) != -1): null

2019-08-10 23:45:08 - [TEST_STEP][PASSED] - if (i == 3 &amp;&amp; wildList.indexOf(symbol) != -1): null

2019-08-10 23:45:08 - [TEST_STEP][PASSED] - if (i == 4 &amp;&amp; wildList.indexOf(symbol) != -1): null

2019-08-10 23:45:08 - [TEST_STEP][PASSED] - symbol = symbol: null

2019-08-10 23:45:08 - [TEST_STEP][PASSED] - println(symbol): null

2019-08-10 23:45:08 - [TEST_STEP][PASSED] - if (i == 2 &amp;&amp; wildList.indexOf(symbol) != -1): null

2019-08-10 23:45:08 - [TEST_STEP][PASSED] - if (i == 3 &amp;&amp; wildList.indexOf(symbol) != -1): null

2019-08-10 23:45:08 - [TEST_STEP][PASSED] - if (i == 4 &amp;&amp; wildList.indexOf(symbol) != -1): null

2019-08-10 23:45:08 - [TEST_STEP][PASSED] - symbols = symbols: null

2019-08-10 23:45:08 - [TEST_STEP][PASSED] - for ([j = 0, j &lt; symbols.size(), (j++)]): null

2019-08-10 23:45:08 - [TEST_STEP][PASSED] - symbol = symbol: null

2019-08-10 23:45:08 - [TEST_STEP][PASSED] - println(symbol): null

2019-08-10 23:45:08 - [TEST_STEP][PASSED] - if (i == 2 &amp;&amp; wildList.indexOf(symbol) != -1): null

2019-08-10 23:45:08 - [TEST_STEP][PASSED] - if (i == 3 &amp;&amp; wildList.indexOf(symbol) != -1): null

2019-08-10 23:45:08 - [TEST_STEP][PASSED] - if (i == 4 &amp;&amp; wildList.indexOf(symbol) != -1): null

2019-08-10 23:45:08 - [TEST_STEP][PASSED] - symbol = symbol: null

2019-08-10 23:45:08 - [TEST_STEP][PASSED] - println(symbol): null

2019-08-10 23:45:08 - [TEST_STEP][PASSED] - if (i == 2 &amp;&amp; wildList.indexOf(symbol) != -1): null

2019-08-10 23:45:08 - [TEST_STEP][PASSED] - if (i == 3 &amp;&amp; wildList.indexOf(symbol) != -1): null

2019-08-10 23:45:08 - [TEST_STEP][PASSED] - if (i == 4 &amp;&amp; wildList.indexOf(symbol) != -1): null

2019-08-10 23:45:08 - [TEST_STEP][PASSED] - symbol = symbol: null

2019-08-10 23:45:08 - [TEST_STEP][PASSED] - println(symbol): null

2019-08-10 23:45:08 - [TEST_STEP][PASSED] - if (i == 2 &amp;&amp; wildList.indexOf(symbol) != -1): null

2019-08-10 23:45:08 - [TEST_STEP][PASSED] - if (i == 3 &amp;&amp; wildList.indexOf(symbol) != -1): null

2019-08-10 23:45:08 - [TEST_STEP][PASSED] - if (i == 4 &amp;&amp; wildList.indexOf(symbol) != -1): null

2019-08-10 23:45:08 - [TEST_STEP][PASSED] - symbols = symbols: null

2019-08-10 23:45:08 - [TEST_STEP][PASSED] - for ([j = 0, j &lt; symbols.size(), (j++)]): null

2019-08-10 23:45:08 - [TEST_STEP][PASSED] - symbol = symbol: null

2019-08-10 23:45:08 - [TEST_STEP][PASSED] - println(symbol): null

2019-08-10 23:45:08 - [TEST_STEP][PASSED] - if (i == 2 &amp;&amp; wildList.indexOf(symbol) != -1): null

2019-08-10 23:45:08 - [TEST_STEP][PASSED] - println("wild found on reel 3, adding counter by 1"): null

2019-08-10 23:45:08 - [TEST_STEP][PASSED] - free_spin_reel_counter[0] = free_spin_reel_counter[0] + 1: null

2019-08-10 23:45:08 - [TEST_STEP][PASSED] - if (i == 3 &amp;&amp; wildList.indexOf(symbol) != -1): null

2019-08-10 23:45:08 - [TEST_STEP][PASSED] - if (i == 4 &amp;&amp; wildList.indexOf(symbol) != -1): null

2019-08-10 23:45:08 - [TEST_STEP][PASSED] - symbol = symbol: null

2019-08-10 23:45:08 - [TEST_STEP][PASSED] - println(symbol): null

2019-08-10 23:45:08 - [TEST_STEP][PASSED] - if (i == 2 &amp;&amp; wildList.indexOf(symbol) != -1): null

2019-08-10 23:45:08 - [TEST_STEP][PASSED] - if (i == 3 &amp;&amp; wildList.indexOf(symbol) != -1): null

2019-08-10 23:45:08 - [TEST_STEP][PASSED] - if (i == 4 &amp;&amp; wildList.indexOf(symbol) != -1): null

2019-08-10 23:45:08 - [TEST_STEP][PASSED] - symbol = symbol: null

2019-08-10 23:45:08 - [TEST_STEP][PASSED] - println(symbol): null

2019-08-10 23:45:08 - [TEST_STEP][PASSED] - if (i == 2 &amp;&amp; wildList.indexOf(symbol) != -1): null

2019-08-10 23:45:08 - [TEST_STEP][PASSED] - if (i == 3 &amp;&amp; wildList.indexOf(symbol) != -1): null

2019-08-10 23:45:08 - [TEST_STEP][PASSED] - if (i == 4 &amp;&amp; wildList.indexOf(symbol) != -1): null

2019-08-10 23:45:08 - [TEST_STEP][PASSED] - symbols = symbols: null

2019-08-10 23:45:08 - [TEST_STEP][PASSED] - for ([j = 0, j &lt; symbols.size(), (j++)]): null

2019-08-10 23:45:08 - [TEST_STEP][PASSED] - symbol = symbol: null

2019-08-10 23:45:08 - [TEST_STEP][PASSED] - println(symbol): null

2019-08-10 23:45:08 - [TEST_STEP][PASSED] - if (i == 2 &amp;&amp; wildList.indexOf(symbol) != -1): null

2019-08-10 23:45:08 - [TEST_STEP][PASSED] - if (i == 3 &amp;&amp; wildList.indexOf(symbol) != -1): null

2019-08-10 23:45:08 - [TEST_STEP][PASSED] - if (i == 4 &amp;&amp; wildList.indexOf(symbol) != -1): null

2019-08-10 23:45:08 - [TEST_STEP][PASSED] - symbol = symbol: null

2019-08-10 23:45:08 - [TEST_STEP][PASSED] - println(symbol): null

2019-08-10 23:45:08 - [TEST_STEP][PASSED] - if (i == 2 &amp;&amp; wildList.indexOf(symbol) != -1): null

2019-08-10 23:45:08 - [TEST_STEP][PASSED] - if (i == 3 &amp;&amp; wildList.indexOf(symbol) != -1): null

2019-08-10 23:45:08 - [TEST_STEP][PASSED] - if (i == 4 &amp;&amp; wildList.indexOf(symbol) != -1): null

2019-08-10 23:45:08 - [TEST_STEP][PASSED] - symbol = symbol: null

2019-08-10 23:45:08 - [TEST_STEP][PASSED] - println(symbol): null

2019-08-10 23:45:08 - [TEST_STEP][PASSED] - if (i == 2 &amp;&amp; wildList.indexOf(symbol) != -1): null

2019-08-10 23:45:08 - [TEST_STEP][PASSED] - if (i == 3 &amp;&amp; wildList.indexOf(symbol) != -1): null

2019-08-10 23:45:08 - [TEST_STEP][PASSED] - if (i == 4 &amp;&amp; wildList.indexOf(symbol) != -1): null

2019-08-10 23:45:08 - [TEST_STEP][PASSED] - symbols = symbols: null

2019-08-10 23:45:08 - [TEST_STEP][PASSED] - for ([j = 0, j &lt; symbols.size(), (j++)]): null

2019-08-10 23:45:08 - [TEST_STEP][PASSED] - symbol = symbol: null

2019-08-10 23:45:08 - [TEST_STEP][PASSED] - println(symbol): null

2019-08-10 23:45:08 - [TEST_STEP][PASSED] - if (i == 2 &amp;&amp; wildList.indexOf(symbol) != -1): null

2019-08-10 23:45:08 - [TEST_STEP][PASSED] - if (i == 3 &amp;&amp; wildList.indexOf(symbol) != -1): null

2019-08-10 23:45:08 - [TEST_STEP][PASSED] - if (i == 4 &amp;&amp; wildList.indexOf(symbol) != -1): null

2019-08-10 23:45:08 - [TEST_STEP][PASSED] - symbol = symbol: null

2019-08-10 23:45:08 - [TEST_STEP][PASSED] - println(symbol): null

2019-08-10 23:45:08 - [TEST_STEP][PASSED] - if (i == 2 &amp;&amp; wildList.indexOf(symbol) != -1): null

2019-08-10 23:45:08 - [TEST_STEP][PASSED] - if (i == 3 &amp;&amp; wildList.indexOf(symbol) != -1): null

2019-08-10 23:45:08 - [TEST_STEP][PASSED] - if (i == 4 &amp;&amp; wildList.indexOf(symbol) != -1): null

2019-08-10 23:45:08 - [TEST_STEP][PASSED] - println("wild found on reel 5, adding counter by 1"): null

2019-08-10 23:45:08 - [TEST_STEP][PASSED] - free_spin_reel_counter[2] = free_spin_reel_counter[2] + 1: null

2019-08-10 23:45:08 - [TEST_STEP][PASSED] - symbol = symbol: null

2019-08-10 23:45:08 - [TEST_STEP][PASSED] - println(symbol): null

2019-08-10 23:45:08 - [TEST_STEP][PASSED] - if (i == 2 &amp;&amp; wildList.indexOf(symbol) != -1): null

2019-08-10 23:45:08 - [TEST_STEP][PASSED] - if (i == 3 &amp;&amp; wildList.indexOf(symbol) != -1): null

2019-08-10 23:45:08 - [TEST_STEP][PASSED] - if (i == 4 &amp;&amp; wildList.indexOf(symbol) != -1): null

2019-08-10 23:45:08 - [TEST_STEP][PASSED] - free_spin_reel_counter = free_spin_reel_counter: null

2019-08-10 23:45:08 - [TEST_STEP][PASSED] - println("reel 3 wild found: " + free_spin_reel_counter[0]): null

2019-08-10 23:45:08 - [TEST_STEP][PASSED] - println("reel 4 wild found: " + free_spin_reel_counter[1]): null

2019-08-10 23:45:08 - [TEST_STEP][PASSED] - println("reel 5 wild found: " + free_spin_reel_counter[2]): null

2019-08-10 23:45:08 - [TEST_STEP][PASSED] - M4_spin_reels = M4_spin_reels: null

2019-08-10 23:45:08 - [TEST_STEP][PASSED] - M4_spin_reels_symbols = symbol: null

2019-08-10 23:45:08 - [TEST_STEP][PASSED] - M4_spin_reels_symbols = M4_spin_reels_symbols: null

2019-08-10 23:45:08 - [TEST_STEP][PASSED] - M4_spin_reel_wins = reel_wins: null

2019-08-10 23:45:08 - [TEST_STEP][PASSED] - M4_spin_reel_wins = M4_spin_reel_wins: null

2019-08-10 23:45:08 - [TEST_STEP][PASSED] - println("GlobalVariable.M4_spin_reel_wins is: " + M4_spin_reel_wins): null

2019-08-10 23:45:08 - [TEST_STEP][PASSED] - M4_spin_total_bonus_win_this_round = total_bonus_win_this_round: null

2019-08-10 23:45:08 - [TEST_STEP][PASSED] - M4_spin_total_bonus_win_this_round = M4_spin_total_bonus_win_this_round: null

2019-08-10 23:45:08 - [TEST_STEP][PASSED] - println("GlobalVariable.M4_spin_total_bonus_win_this_round is: " + M4_spin_total_bonus_win_this_round): null

2019-08-10 23:45:08 - [MESSAGE][PASSED] - Verify response successfully

2019-08-10 23:45:08 - [MESSAGE][PASSED] - Send request and verify the response successfully

2019-08-10 23:45:08 - [TEST_STEP][PASSED] - if (M4_total_bonus_spins_int != 0 &amp;&amp; M4_spin_reels_symbols[2].contains("WILD_ExtraFG") || M4_spin_reels_symbols[3].contains("WILD_ExtraFG")): null

2019-08-10 23:45:08 - [TEST_STEP][PASSED] - free_spin_reel_counter = free_spin_reel_counter: null

2019-08-10 23:45:08 - [TEST_STEP][PASSED] - M4_spin_reels_symbols = M4_spin_reels_symbols: null

2019-08-10 23:45:08 - [TEST_STEP][PASSED] - M4_total_bonus_spins = M4_total_bonus_spins: null

2019-08-10 23:45:08 - [TEST_STEP][PASSED] - spin_result = sendRequestAndVerify(findTestObject("RGS(M4)/1_M4_spin", ["M4_login_user_id":M4_login_user_id, "rgs_session_token":rgs_session_token, "partner":Partner])): Send request and verify the response successfully

2019-08-10 23:45:08 - [TEST_CASE][PASSED] - Start Test Case : Verification: Verification accomplished successfully

2019-08-10 23:45:08 - [TEST_STEP][PASSED] - request = getInstance().getCurrentRequest(): null

2019-08-10 23:45:08 - [TEST_STEP][PASSED] - response = getInstance().getCurrentResponse(): null

2019-08-10 23:45:08 - [TEST_STEP][PASSED] - verifyResponseStatusCode(response, 200): Verify response status code successfully

2019-08-10 23:45:08 - [MESSAGE][PASSED] - Verify response status code successfully

2019-08-10 23:45:08 - [TEST_STEP][PASSED] - getStatusCode()).isEqualTo(200): null

2019-08-10 23:45:08 - [TEST_STEP][PASSED] - newline = System.getProperty("line.separator"): null

2019-08-10 23:45:08 - [TEST_STEP][PASSED] - M4_spin = new groovy.json.JsonSlurper(): null

2019-08-10 23:45:08 - [TEST_STEP][PASSED] - result_M4_spin = M4_spin.parseText(response.getResponseBodyContent()): null

2019-08-10 23:45:08 - [TEST_STEP][PASSED] - M4_spin_current_balance = current_balance: null

2019-08-10 23:45:08 - [TEST_STEP][PASSED] - M4_spin_current_balance = M4_spin_current_balance: null

2019-08-10 23:45:08 - [TEST_STEP][PASSED] - M4_spin_transaction_id = causality: null

2019-08-10 23:45:08 - [TEST_STEP][PASSED] - M4_spin_transaction_id = M4_spin_transaction_id: null

2019-08-10 23:45:08 - [TEST_STEP][PASSED] - M4_spin_round_id = round_id: null

2019-08-10 23:45:08 - [TEST_STEP][PASSED] - M4_spin_round_id = M4_spin_round_id: null

2019-08-10 23:45:08 - [TEST_STEP][PASSED] - M4_spin_line_wins = line_wins: null

2019-08-10 23:45:08 - [TEST_STEP][PASSED] - M4_spin_line_wins = M4_spin_line_wins: null

2019-08-10 23:45:08 - [TEST_STEP][PASSED] - M4_total_bonus_spins_int = total_bonus_spins: null

2019-08-10 23:45:08 - [TEST_STEP][PASSED] - println("******M4_total_bonus_spins type is:*******" + newline + getClass().getName()): null

2019-08-10 23:45:08 - [TEST_STEP][PASSED] - M4_total_bonus_spins_int = M4_total_bonus_spins_int: null

2019-08-10 23:45:08 - [TEST_STEP][PASSED] - M4_total_bonus_spins = Integer.toString(M4_total_bonus_spins_int): null

2019-08-10 23:45:08 - [TEST_STEP][PASSED] - M4_total_bonus_spins = M4_total_bonus_spins: null

2019-08-10 23:45:08 - [TEST_STEP][PASSED] - println("M4_total_bonus_spins is:" + M4_total_bonus_spins): null

2019-08-10 23:45:08 - [TEST_STEP][PASSED] - M4_spin_bonus_data = bonus_data: null

2019-08-10 23:45:08 - [TEST_STEP][PASSED] - M4_spin_features_triggered = result_M4_spin: null

2019-08-10 23:45:08 - [TEST_STEP][PASSED] - wild = []: null

2019-08-10 23:45:08 - [TEST_STEP][PASSED] - wild[0] = "WILD_Expanding": null

2019-08-10 23:45:08 - [TEST_STEP][PASSED] - wild[1] = "WILD_Normal": null

2019-08-10 23:45:08 - [TEST_STEP][PASSED] - wild[2] = "WILD_Double": null

2019-08-10 23:45:08 - [TEST_STEP][PASSED] - wild[3] = "WILD_ExtraFG": null

2019-08-10 23:45:08 - [TEST_STEP][PASSED] - wild[4] = "WILD_Triple": null

2019-08-10 23:45:08 - [TEST_STEP][PASSED] - wildList = Arrays.asList(wild): null

2019-08-10 23:45:08 - [TEST_STEP][PASSED] - wildList = wildList: null

2019-08-10 23:45:08 - [TEST_STEP][PASSED] - free_spin_reel_counter = []: null

2019-08-10 23:45:08 - [TEST_STEP][PASSED] - free_spin_reel_counter[0] = 0: null

2019-08-10 23:45:08 - [TEST_STEP][PASSED] - free_spin_reel_counter[1] = 0: null

2019-08-10 23:45:08 - [TEST_STEP][PASSED] - free_spin_reel_counter[2] = 0: null

2019-08-10 23:45:08 - [TEST_STEP][PASSED] - M4_spin_reels = reels: null

2019-08-10 23:45:08 - [TEST_STEP][PASSED] - for ([i = 0, i &lt; M4_spin_reels.size(), (i++)]): null

2019-08-10 23:45:08 - [TEST_STEP][PASSED] - symbols = symbols: null

2019-08-10 23:45:08 - [TEST_STEP][PASSED] - for ([j = 0, j &lt; symbols.size(), (j++)]): null

2019-08-10 23:45:08 - [TEST_STEP][PASSED] - symbol = symbol: null

2019-08-10 23:45:08 - [TEST_STEP][PASSED] - println(symbol): null

2019-08-10 23:45:08 - [TEST_STEP][PASSED] - if (i == 2 &amp;&amp; wildList.indexOf(symbol) != -1): null

2019-08-10 23:45:08 - [TEST_STEP][PASSED] - if (i == 3 &amp;&amp; wildList.indexOf(symbol) != -1): null

2019-08-10 23:45:08 - [TEST_STEP][PASSED] - if (i == 4 &amp;&amp; wildList.indexOf(symbol) != -1): null

2019-08-10 23:45:08 - [TEST_STEP][PASSED] - symbol = symbol: null

2019-08-10 23:45:08 - [TEST_STEP][PASSED] - println(symbol): null

2019-08-10 23:45:08 - [TEST_STEP][PASSED] - if (i == 2 &amp;&amp; wildList.indexOf(symbol) != -1): null

2019-08-10 23:45:08 - [TEST_STEP][PASSED] - if (i == 3 &amp;&amp; wildList.indexOf(symbol) != -1): null

2019-08-10 23:45:08 - [TEST_STEP][PASSED] - if (i == 4 &amp;&amp; wildList.indexOf(symbol) != -1): null

2019-08-10 23:45:08 - [TEST_STEP][PASSED] - symbol = symbol: null

2019-08-10 23:45:08 - [TEST_STEP][PASSED] - println(symbol): null

2019-08-10 23:45:08 - [TEST_STEP][PASSED] - if (i == 2 &amp;&amp; wildList.indexOf(symbol) != -1): null

2019-08-10 23:45:08 - [TEST_STEP][PASSED] - if (i == 3 &amp;&amp; wildList.indexOf(symbol) != -1): null

2019-08-10 23:45:08 - [TEST_STEP][PASSED] - if (i == 4 &amp;&amp; wildList.indexOf(symbol) != -1): null

2019-08-10 23:45:08 - [TEST_STEP][PASSED] - symbols = symbols: null

2019-08-10 23:45:08 - [TEST_STEP][PASSED] - for ([j = 0, j &lt; symbols.size(), (j++)]): null

2019-08-10 23:45:08 - [TEST_STEP][PASSED] - symbol = symbol: null

2019-08-10 23:45:08 - [TEST_STEP][PASSED] - println(symbol): null

2019-08-10 23:45:08 - [TEST_STEP][PASSED] - if (i == 2 &amp;&amp; wildList.indexOf(symbol) != -1): null

2019-08-10 23:45:08 - [TEST_STEP][PASSED] - if (i == 3 &amp;&amp; wildList.indexOf(symbol) != -1): null

2019-08-10 23:45:08 - [TEST_STEP][PASSED] - if (i == 4 &amp;&amp; wildList.indexOf(symbol) != -1): null

2019-08-10 23:45:08 - [TEST_STEP][PASSED] - symbol = symbol: null

2019-08-10 23:45:08 - [TEST_STEP][PASSED] - println(symbol): null

2019-08-10 23:45:08 - [TEST_STEP][PASSED] - if (i == 2 &amp;&amp; wildList.indexOf(symbol) != -1): null

2019-08-10 23:45:08 - [TEST_STEP][PASSED] - if (i == 3 &amp;&amp; wildList.indexOf(symbol) != -1): null

2019-08-10 23:45:08 - [TEST_STEP][PASSED] - if (i == 4 &amp;&amp; wildList.indexOf(symbol) != -1): null

2019-08-10 23:45:08 - [TEST_STEP][PASSED] - symbol = symbol: null

2019-08-10 23:45:08 - [TEST_STEP][PASSED] - println(symbol): null

2019-08-10 23:45:08 - [TEST_STEP][PASSED] - if (i == 2 &amp;&amp; wildList.indexOf(symbol) != -1): null

2019-08-10 23:45:08 - [TEST_STEP][PASSED] - if (i == 3 &amp;&amp; wildList.indexOf(symbol) != -1): null

2019-08-10 23:45:08 - [TEST_STEP][PASSED] - if (i == 4 &amp;&amp; wildList.indexOf(symbol) != -1): null

2019-08-10 23:45:08 - [TEST_STEP][PASSED] - symbols = symbols: null

2019-08-10 23:45:08 - [TEST_STEP][PASSED] - for ([j = 0, j &lt; symbols.size(), (j++)]): null

2019-08-10 23:45:08 - [TEST_STEP][PASSED] - symbol = symbol: null

2019-08-10 23:45:08 - [TEST_STEP][PASSED] - println(symbol): null

2019-08-10 23:45:08 - [TEST_STEP][PASSED] - if (i == 2 &amp;&amp; wildList.indexOf(symbol) != -1): null

2019-08-10 23:45:08 - [TEST_STEP][PASSED] - if (i == 3 &amp;&amp; wildList.indexOf(symbol) != -1): null

2019-08-10 23:45:08 - [TEST_STEP][PASSED] - if (i == 4 &amp;&amp; wildList.indexOf(symbol) != -1): null

2019-08-10 23:45:08 - [TEST_STEP][PASSED] - symbol = symbol: null

2019-08-10 23:45:08 - [TEST_STEP][PASSED] - println(symbol): null

2019-08-10 23:45:08 - [TEST_STEP][PASSED] - if (i == 2 &amp;&amp; wildList.indexOf(symbol) != -1): null

2019-08-10 23:45:08 - [TEST_STEP][PASSED] - if (i == 3 &amp;&amp; wildList.indexOf(symbol) != -1): null

2019-08-10 23:45:08 - [TEST_STEP][PASSED] - if (i == 4 &amp;&amp; wildList.indexOf(symbol) != -1): null

2019-08-10 23:45:08 - [TEST_STEP][PASSED] - symbol = symbol: null

2019-08-10 23:45:08 - [TEST_STEP][PASSED] - println(symbol): null

2019-08-10 23:45:08 - [TEST_STEP][PASSED] - if (i == 2 &amp;&amp; wildList.indexOf(symbol) != -1): null

2019-08-10 23:45:08 - [TEST_STEP][PASSED] - if (i == 3 &amp;&amp; wildList.indexOf(symbol) != -1): null

2019-08-10 23:45:08 - [TEST_STEP][PASSED] - if (i == 4 &amp;&amp; wildList.indexOf(symbol) != -1): null

2019-08-10 23:45:08 - [TEST_STEP][PASSED] - symbols = symbols: null

2019-08-10 23:45:08 - [TEST_STEP][PASSED] - for ([j = 0, j &lt; symbols.size(), (j++)]): null

2019-08-10 23:45:08 - [TEST_STEP][PASSED] - symbol = symbol: null

2019-08-10 23:45:08 - [TEST_STEP][PASSED] - println(symbol): null

2019-08-10 23:45:08 - [TEST_STEP][PASSED] - if (i == 2 &amp;&amp; wildList.indexOf(symbol) != -1): null

2019-08-10 23:45:08 - [TEST_STEP][PASSED] - if (i == 3 &amp;&amp; wildList.indexOf(symbol) != -1): null

2019-08-10 23:45:08 - [TEST_STEP][PASSED] - if (i == 4 &amp;&amp; wildList.indexOf(symbol) != -1): null

2019-08-10 23:45:08 - [TEST_STEP][PASSED] - symbol = symbol: null

2019-08-10 23:45:08 - [TEST_STEP][PASSED] - println(symbol): null

2019-08-10 23:45:08 - [TEST_STEP][PASSED] - if (i == 2 &amp;&amp; wildList.indexOf(symbol) != -1): null

2019-08-10 23:45:08 - [TEST_STEP][PASSED] - if (i == 3 &amp;&amp; wildList.indexOf(symbol) != -1): null

2019-08-10 23:45:08 - [TEST_STEP][PASSED] - println("wild found on reel 4, adding counter by 1"): null

2019-08-10 23:45:08 - [TEST_STEP][PASSED] - free_spin_reel_counter[1] = free_spin_reel_counter[1] + 1: null

2019-08-10 23:45:08 - [TEST_STEP][PASSED] - if (i == 4 &amp;&amp; wildList.indexOf(symbol) != -1): null

2019-08-10 23:45:08 - [TEST_STEP][PASSED] - symbol = symbol: null

2019-08-10 23:45:08 - [TEST_STEP][PASSED] - println(symbol): null

2019-08-10 23:45:08 - [TEST_STEP][PASSED] - if (i == 2 &amp;&amp; wildList.indexOf(symbol) != -1): null

2019-08-10 23:45:08 - [TEST_STEP][PASSED] - if (i == 3 &amp;&amp; wildList.indexOf(symbol) != -1): null

2019-08-10 23:45:08 - [TEST_STEP][PASSED] - if (i == 4 &amp;&amp; wildList.indexOf(symbol) != -1): null

2019-08-10 23:45:08 - [TEST_STEP][PASSED] - symbols = symbols: null

2019-08-10 23:45:08 - [TEST_STEP][PASSED] - for ([j = 0, j &lt; symbols.size(), (j++)]): null

2019-08-10 23:45:08 - [TEST_STEP][PASSED] - symbol = symbol: null

2019-08-10 23:45:08 - [TEST_STEP][PASSED] - println(symbol): null

2019-08-10 23:45:08 - [TEST_STEP][PASSED] - if (i == 2 &amp;&amp; wildList.indexOf(symbol) != -1): null

2019-08-10 23:45:11 - [TEST_STEP][PASSED] - if (i == 3 &amp;&amp; wildList.indexOf(symbol) != -1): null

2019-08-10 23:45:11 - [TEST_STEP][PASSED] - if (i == 4 &amp;&amp; wildList.indexOf(symbol) != -1): null

2019-08-10 23:45:11 - [TEST_STEP][PASSED] - symbol = symbol: null

2019-08-10 23:45:11 - [TEST_STEP][PASSED] - println(symbol): null

2019-08-10 23:45:11 - [TEST_STEP][PASSED] - if (i == 2 &amp;&amp; wildList.indexOf(symbol) != -1): null

2019-08-10 23:45:11 - [TEST_STEP][PASSED] - if (i == 3 &amp;&amp; wildList.indexOf(symbol) != -1): null

2019-08-10 23:45:11 - [TEST_STEP][PASSED] - if (i == 4 &amp;&amp; wildList.indexOf(symbol) != -1): null

2019-08-10 23:45:11 - [TEST_STEP][PASSED] - symbol = symbol: null

2019-08-10 23:45:11 - [TEST_STEP][PASSED] - println(symbol): null

2019-08-10 23:45:11 - [TEST_STEP][PASSED] - if (i == 2 &amp;&amp; wildList.indexOf(symbol) != -1): null

2019-08-10 23:45:11 - [TEST_STEP][PASSED] - if (i == 3 &amp;&amp; wildList.indexOf(symbol) != -1): null

2019-08-10 23:45:11 - [TEST_STEP][PASSED] - if (i == 4 &amp;&amp; wildList.indexOf(symbol) != -1): null

2019-08-10 23:45:11 - [TEST_STEP][PASSED] - free_spin_reel_counter = free_spin_reel_counter: null

2019-08-10 23:45:11 - [TEST_STEP][PASSED] - println("reel 3 wild found: " + free_spin_reel_counter[0]): null

2019-08-10 23:45:11 - [TEST_STEP][PASSED] - println("reel 4 wild found: " + free_spin_reel_counter[1]): null

2019-08-10 23:45:11 - [TEST_STEP][PASSED] - println("reel 5 wild found: " + free_spin_reel_counter[2]): null

2019-08-10 23:45:11 - [TEST_STEP][PASSED] - M4_spin_reels = M4_spin_reels: null

2019-08-10 23:45:11 - [TEST_STEP][PASSED] - M4_spin_reels_symbols = symbol: null

2019-08-10 23:45:11 - [TEST_STEP][PASSED] - M4_spin_reels_symbols = M4_spin_reels_symbols: null

2019-08-10 23:45:11 - [TEST_STEP][PASSED] - M4_spin_reel_wins = reel_wins: null

2019-08-10 23:45:11 - [TEST_STEP][PASSED] - M4_spin_reel_wins = M4_spin_reel_wins: null

2019-08-10 23:45:11 - [TEST_STEP][PASSED] - println("GlobalVariable.M4_spin_reel_wins is: " + M4_spin_reel_wins): null

2019-08-10 23:45:11 - [TEST_STEP][PASSED] - M4_spin_total_bonus_win_this_round = total_bonus_win_this_round: null

2019-08-10 23:45:11 - [TEST_STEP][PASSED] - M4_spin_total_bonus_win_this_round = M4_spin_total_bonus_win_this_round: null

2019-08-10 23:45:11 - [TEST_STEP][PASSED] - println("GlobalVariable.M4_spin_total_bonus_win_this_round is: " + M4_spin_total_bonus_win_this_round): null

2019-08-10 23:45:11 - [MESSAGE][PASSED] - Verify response successfully

2019-08-10 23:45:11 - [MESSAGE][PASSED] - Send request and verify the response successfully

2019-08-10 23:45:11 - [TEST_STEP][PASSED] - if (M4_total_bonus_spins_int != 0 &amp;&amp; M4_spin_reels_symbols[2].contains("WILD_ExtraFG") || M4_spin_reels_symbols[3].contains("WILD_ExtraFG")): null

2019-08-10 23:45:11 - [TEST_STEP][PASSED] - free_spin_reel_counter = free_spin_reel_counter: null

2019-08-10 23:45:11 - [TEST_STEP][PASSED] - M4_spin_reels_symbols = M4_spin_reels_symbols: null

2019-08-10 23:45:11 - [TEST_STEP][PASSED] - M4_total_bonus_spins = M4_total_bonus_spins: null

2019-08-10 23:45:11 - [TEST_STEP][PASSED] - spin_result = sendRequestAndVerify(findTestObject("RGS(M4)/1_M4_spin", ["M4_login_user_id":M4_login_user_id, "rgs_session_token":rgs_session_token, "partner":Partner])): Send request and verify the response successfully

2019-08-10 23:45:12 - [TEST_CASE][PASSED] - Start Test Case : Verification: Verification accomplished successfully

2019-08-10 23:45:12 - [TEST_STEP][PASSED] - request = getInstance().getCurrentRequest(): null

2019-08-10 23:45:12 - [TEST_STEP][PASSED] - response = getInstance().getCurrentResponse(): null

2019-08-10 23:45:12 - [TEST_STEP][PASSED] - verifyResponseStatusCode(response, 200): Verify response status code successfully

2019-08-10 23:45:12 - [MESSAGE][PASSED] - Verify response status code successfully

2019-08-10 23:45:12 - [TEST_STEP][PASSED] - getStatusCode()).isEqualTo(200): null

2019-08-10 23:45:12 - [TEST_STEP][PASSED] - newline = System.getProperty("line.separator"): null

2019-08-10 23:45:12 - [TEST_STEP][PASSED] - M4_spin = new groovy.json.JsonSlurper(): null

2019-08-10 23:45:12 - [TEST_STEP][PASSED] - result_M4_spin = M4_spin.parseText(response.getResponseBodyContent()): null

2019-08-10 23:45:12 - [TEST_STEP][PASSED] - M4_spin_current_balance = current_balance: null

2019-08-10 23:45:12 - [TEST_STEP][PASSED] - M4_spin_current_balance = M4_spin_current_balance: null

2019-08-10 23:45:12 - [TEST_STEP][PASSED] - M4_spin_transaction_id = causality: null

2019-08-10 23:45:12 - [TEST_STEP][PASSED] - M4_spin_transaction_id = M4_spin_transaction_id: null

2019-08-10 23:45:12 - [TEST_STEP][PASSED] - M4_spin_round_id = round_id: null

2019-08-10 23:45:12 - [TEST_STEP][PASSED] - M4_spin_round_id = M4_spin_round_id: null

2019-08-10 23:45:12 - [TEST_STEP][PASSED] - M4_spin_line_wins = line_wins: null

2019-08-10 23:45:12 - [TEST_STEP][PASSED] - M4_spin_line_wins = M4_spin_line_wins: null

2019-08-10 23:45:12 - [TEST_STEP][PASSED] - M4_total_bonus_spins_int = total_bonus_spins: null

2019-08-10 23:45:12 - [TEST_STEP][PASSED] - println("******M4_total_bonus_spins type is:*******" + newline + getClass().getName()): null

2019-08-10 23:45:12 - [TEST_STEP][PASSED] - M4_total_bonus_spins_int = M4_total_bonus_spins_int: null

2019-08-10 23:45:12 - [TEST_STEP][PASSED] - M4_total_bonus_spins = Integer.toString(M4_total_bonus_spins_int): null

2019-08-10 23:45:12 - [TEST_STEP][PASSED] - M4_total_bonus_spins = M4_total_bonus_spins: null

2019-08-10 23:45:12 - [TEST_STEP][PASSED] - println("M4_total_bonus_spins is:" + M4_total_bonus_spins): null

2019-08-10 23:45:12 - [TEST_STEP][PASSED] - M4_spin_bonus_data = bonus_data: null

2019-08-10 23:45:12 - [TEST_STEP][PASSED] - M4_spin_features_triggered = result_M4_spin: null

2019-08-10 23:45:12 - [TEST_STEP][PASSED] - wild = []: null

2019-08-10 23:45:12 - [TEST_STEP][PASSED] - wild[0] = "WILD_Expanding": null

2019-08-10 23:45:12 - [TEST_STEP][PASSED] - wild[1] = "WILD_Normal": null

2019-08-10 23:45:12 - [TEST_STEP][PASSED] - wild[2] = "WILD_Double": null

2019-08-10 23:45:12 - [TEST_STEP][PASSED] - wild[3] = "WILD_ExtraFG": null

2019-08-10 23:45:12 - [TEST_STEP][PASSED] - wild[4] = "WILD_Triple": null

2019-08-10 23:45:12 - [TEST_STEP][PASSED] - wildList = Arrays.asList(wild): null

2019-08-10 23:45:12 - [TEST_STEP][PASSED] - wildList = wildList: null

2019-08-10 23:45:12 - [TEST_STEP][PASSED] - free_spin_reel_counter = []: null

2019-08-10 23:45:12 - [TEST_STEP][PASSED] - free_spin_reel_counter[0] = 0: null

2019-08-10 23:45:12 - [TEST_STEP][PASSED] - free_spin_reel_counter[1] = 0: null

2019-08-10 23:45:12 - [TEST_STEP][PASSED] - free_spin_reel_counter[2] = 0: null

2019-08-10 23:45:12 - [TEST_STEP][PASSED] - M4_spin_reels = reels: null

2019-08-10 23:45:12 - [TEST_STEP][PASSED] - for ([i = 0, i &lt; M4_spin_reels.size(), (i++)]): null

2019-08-10 23:45:12 - [TEST_STEP][PASSED] - symbols = symbols: null

2019-08-10 23:45:12 - [TEST_STEP][PASSED] - for ([j = 0, j &lt; symbols.size(), (j++)]): null

2019-08-10 23:45:12 - [TEST_STEP][PASSED] - symbol = symbol: null

2019-08-10 23:45:12 - [TEST_STEP][PASSED] - println(symbol): null

2019-08-10 23:45:12 - [TEST_STEP][PASSED] - if (i == 2 &amp;&amp; wildList.indexOf(symbol) != -1): null

2019-08-10 23:45:12 - [TEST_STEP][PASSED] - if (i == 3 &amp;&amp; wildList.indexOf(symbol) != -1): null

2019-08-10 23:45:12 - [TEST_STEP][PASSED] - if (i == 4 &amp;&amp; wildList.indexOf(symbol) != -1): null

2019-08-10 23:45:12 - [TEST_STEP][PASSED] - symbol = symbol: null

2019-08-10 23:45:12 - [TEST_STEP][PASSED] - println(symbol): null

2019-08-10 23:45:12 - [TEST_STEP][PASSED] - if (i == 2 &amp;&amp; wildList.indexOf(symbol) != -1): null

2019-08-10 23:45:12 - [TEST_STEP][PASSED] - if (i == 3 &amp;&amp; wildList.indexOf(symbol) != -1): null

2019-08-10 23:45:12 - [TEST_STEP][PASSED] - if (i == 4 &amp;&amp; wildList.indexOf(symbol) != -1): null

2019-08-10 23:45:12 - [TEST_STEP][PASSED] - symbol = symbol: null

2019-08-10 23:45:12 - [TEST_STEP][PASSED] - println(symbol): null

2019-08-10 23:45:12 - [TEST_STEP][PASSED] - if (i == 2 &amp;&amp; wildList.indexOf(symbol) != -1): null

2019-08-10 23:45:12 - [TEST_STEP][PASSED] - if (i == 3 &amp;&amp; wildList.indexOf(symbol) != -1): null

2019-08-10 23:45:12 - [TEST_STEP][PASSED] - if (i == 4 &amp;&amp; wildList.indexOf(symbol) != -1): null

2019-08-10 23:45:12 - [TEST_STEP][PASSED] - symbols = symbols: null

2019-08-10 23:45:12 - [TEST_STEP][PASSED] - for ([j = 0, j &lt; symbols.size(), (j++)]): null

2019-08-10 23:45:12 - [TEST_STEP][PASSED] - symbol = symbol: null

2019-08-10 23:45:12 - [TEST_STEP][PASSED] - println(symbol): null

2019-08-10 23:45:12 - [TEST_STEP][PASSED] - if (i == 2 &amp;&amp; wildList.indexOf(symbol) != -1): null

2019-08-10 23:45:12 - [TEST_STEP][PASSED] - if (i == 3 &amp;&amp; wildList.indexOf(symbol) != -1): null

2019-08-10 23:45:12 - [TEST_STEP][PASSED] - if (i == 4 &amp;&amp; wildList.indexOf(symbol) != -1): null

2019-08-10 23:45:12 - [TEST_STEP][PASSED] - symbol = symbol: null

2019-08-10 23:45:12 - [TEST_STEP][PASSED] - println(symbol): null

2019-08-10 23:45:12 - [TEST_STEP][PASSED] - if (i == 2 &amp;&amp; wildList.indexOf(symbol) != -1): null

2019-08-10 23:45:12 - [TEST_STEP][PASSED] - if (i == 3 &amp;&amp; wildList.indexOf(symbol) != -1): null

2019-08-10 23:45:12 - [TEST_STEP][PASSED] - if (i == 4 &amp;&amp; wildList.indexOf(symbol) != -1): null

2019-08-10 23:45:12 - [TEST_STEP][PASSED] - symbol = symbol: null

2019-08-10 23:45:12 - [TEST_STEP][PASSED] - println(symbol): null

2019-08-10 23:45:12 - [TEST_STEP][PASSED] - if (i == 2 &amp;&amp; wildList.indexOf(symbol) != -1): null

2019-08-10 23:45:12 - [TEST_STEP][PASSED] - if (i == 3 &amp;&amp; wildList.indexOf(symbol) != -1): null

2019-08-10 23:45:12 - [TEST_STEP][PASSED] - if (i == 4 &amp;&amp; wildList.indexOf(symbol) != -1): null

2019-08-10 23:45:12 - [TEST_STEP][PASSED] - symbols = symbols: null

2019-08-10 23:45:12 - [TEST_STEP][PASSED] - for ([j = 0, j &lt; symbols.size(), (j++)]): null

2019-08-10 23:45:12 - [TEST_STEP][PASSED] - symbol = symbol: null

2019-08-10 23:45:12 - [TEST_STEP][PASSED] - println(symbol): null

2019-08-10 23:45:12 - [TEST_STEP][PASSED] - if (i == 2 &amp;&amp; wildList.indexOf(symbol) != -1): null

2019-08-10 23:45:12 - [TEST_STEP][PASSED] - if (i == 3 &amp;&amp; wildList.indexOf(symbol) != -1): null

2019-08-10 23:45:12 - [TEST_STEP][PASSED] - if (i == 4 &amp;&amp; wildList.indexOf(symbol) != -1): null

2019-08-10 23:45:12 - [TEST_STEP][PASSED] - symbol = symbol: null

2019-08-10 23:45:12 - [TEST_STEP][PASSED] - println(symbol): null

2019-08-10 23:45:12 - [TEST_STEP][PASSED] - if (i == 2 &amp;&amp; wildList.indexOf(symbol) != -1): null

2019-08-10 23:45:12 - [TEST_STEP][PASSED] - if (i == 3 &amp;&amp; wildList.indexOf(symbol) != -1): null

2019-08-10 23:45:12 - [TEST_STEP][PASSED] - if (i == 4 &amp;&amp; wildList.indexOf(symbol) != -1): null

2019-08-10 23:45:12 - [TEST_STEP][PASSED] - symbol = symbol: null

2019-08-10 23:45:12 - [TEST_STEP][PASSED] - println(symbol): null

2019-08-10 23:45:12 - [TEST_STEP][PASSED] - if (i == 2 &amp;&amp; wildList.indexOf(symbol) != -1): null

2019-08-10 23:45:12 - [TEST_STEP][PASSED] - if (i == 3 &amp;&amp; wildList.indexOf(symbol) != -1): null

2019-08-10 23:45:12 - [TEST_STEP][PASSED] - if (i == 4 &amp;&amp; wildList.indexOf(symbol) != -1): null

2019-08-10 23:45:12 - [TEST_STEP][PASSED] - symbols = symbols: null

2019-08-10 23:45:12 - [TEST_STEP][PASSED] - for ([j = 0, j &lt; symbols.size(), (j++)]): null

2019-08-10 23:45:12 - [TEST_STEP][PASSED] - symbol = symbol: null

2019-08-10 23:45:12 - [TEST_STEP][PASSED] - println(symbol): null

2019-08-10 23:45:12 - [TEST_STEP][PASSED] - if (i == 2 &amp;&amp; wildList.indexOf(symbol) != -1): null

2019-08-10 23:45:12 - [TEST_STEP][PASSED] - if (i == 3 &amp;&amp; wildList.indexOf(symbol) != -1): null

2019-08-10 23:45:12 - [TEST_STEP][PASSED] - if (i == 4 &amp;&amp; wildList.indexOf(symbol) != -1): null

2019-08-10 23:45:12 - [TEST_STEP][PASSED] - symbol = symbol: null

2019-08-10 23:45:12 - [TEST_STEP][PASSED] - println(symbol): null

2019-08-10 23:45:12 - [TEST_STEP][PASSED] - if (i == 2 &amp;&amp; wildList.indexOf(symbol) != -1): null

2019-08-10 23:45:12 - [TEST_STEP][PASSED] - if (i == 3 &amp;&amp; wildList.indexOf(symbol) != -1): null

2019-08-10 23:45:12 - [TEST_STEP][PASSED] - if (i == 4 &amp;&amp; wildList.indexOf(symbol) != -1): null

2019-08-10 23:45:12 - [TEST_STEP][PASSED] - symbol = symbol: null

2019-08-10 23:45:12 - [TEST_STEP][PASSED] - println(symbol): null

2019-08-10 23:45:12 - [TEST_STEP][PASSED] - if (i == 2 &amp;&amp; wildList.indexOf(symbol) != -1): null

2019-08-10 23:45:12 - [TEST_STEP][PASSED] - if (i == 3 &amp;&amp; wildList.indexOf(symbol) != -1): null

2019-08-10 23:45:12 - [TEST_STEP][PASSED] - if (i == 4 &amp;&amp; wildList.indexOf(symbol) != -1): null

2019-08-10 23:45:12 - [TEST_STEP][PASSED] - symbols = symbols: null

2019-08-10 23:45:12 - [TEST_STEP][PASSED] - for ([j = 0, j &lt; symbols.size(), (j++)]): null

2019-08-10 23:45:12 - [TEST_STEP][PASSED] - symbol = symbol: null

2019-08-10 23:45:12 - [TEST_STEP][PASSED] - println(symbol): null

2019-08-10 23:45:12 - [TEST_STEP][PASSED] - if (i == 2 &amp;&amp; wildList.indexOf(symbol) != -1): null

2019-08-10 23:45:12 - [TEST_STEP][PASSED] - if (i == 3 &amp;&amp; wildList.indexOf(symbol) != -1): null

2019-08-10 23:45:12 - [TEST_STEP][PASSED] - if (i == 4 &amp;&amp; wildList.indexOf(symbol) != -1): null

2019-08-10 23:45:12 - [TEST_STEP][PASSED] - symbol = symbol: null

2019-08-10 23:45:12 - [TEST_STEP][PASSED] - println(symbol): null

2019-08-10 23:45:12 - [TEST_STEP][PASSED] - if (i == 2 &amp;&amp; wildList.indexOf(symbol) != -1): null

2019-08-10 23:45:12 - [TEST_STEP][PASSED] - if (i == 3 &amp;&amp; wildList.indexOf(symbol) != -1): null

2019-08-10 23:45:12 - [TEST_STEP][PASSED] - if (i == 4 &amp;&amp; wildList.indexOf(symbol) != -1): null

2019-08-10 23:45:12 - [TEST_STEP][PASSED] - println("wild found on reel 5, adding counter by 1"): null

2019-08-10 23:45:12 - [TEST_STEP][PASSED] - free_spin_reel_counter[2] = free_spin_reel_counter[2] + 1: null

2019-08-10 23:45:12 - [TEST_STEP][PASSED] - symbol = symbol: null

2019-08-10 23:45:12 - [TEST_STEP][PASSED] - println(symbol): null

2019-08-10 23:45:12 - [TEST_STEP][PASSED] - if (i == 2 &amp;&amp; wildList.indexOf(symbol) != -1): null

2019-08-10 23:45:12 - [TEST_STEP][PASSED] - if (i == 3 &amp;&amp; wildList.indexOf(symbol) != -1): null

2019-08-10 23:45:12 - [TEST_STEP][PASSED] - if (i == 4 &amp;&amp; wildList.indexOf(symbol) != -1): null

2019-08-10 23:45:12 - [TEST_STEP][PASSED] - free_spin_reel_counter = free_spin_reel_counter: null

2019-08-10 23:45:12 - [TEST_STEP][PASSED] - println("reel 3 wild found: " + free_spin_reel_counter[0]): null

2019-08-10 23:45:12 - [TEST_STEP][PASSED] - println("reel 4 wild found: " + free_spin_reel_counter[1]): null

2019-08-10 23:45:12 - [TEST_STEP][PASSED] - println("reel 5 wild found: " + free_spin_reel_counter[2]): null

2019-08-10 23:45:12 - [TEST_STEP][PASSED] - M4_spin_reels = M4_spin_reels: null

2019-08-10 23:45:12 - [TEST_STEP][PASSED] - M4_spin_reels_symbols = symbol: null

2019-08-10 23:45:12 - [TEST_STEP][PASSED] - M4_spin_reels_symbols = M4_spin_reels_symbols: null

2019-08-10 23:45:12 - [TEST_STEP][PASSED] - M4_spin_reel_wins = reel_wins: null

2019-08-10 23:45:12 - [TEST_STEP][PASSED] - M4_spin_reel_wins = M4_spin_reel_wins: null

2019-08-10 23:45:12 - [TEST_STEP][PASSED] - println("GlobalVariable.M4_spin_reel_wins is: " + M4_spin_reel_wins): null

2019-08-10 23:45:12 - [TEST_STEP][PASSED] - M4_spin_total_bonus_win_this_round = total_bonus_win_this_round: null

2019-08-10 23:45:12 - [TEST_STEP][PASSED] - M4_spin_total_bonus_win_this_round = M4_spin_total_bonus_win_this_round: null

2019-08-10 23:45:12 - [TEST_STEP][PASSED] - println("GlobalVariable.M4_spin_total_bonus_win_this_round is: " + M4_spin_total_bonus_win_this_round): null

2019-08-10 23:45:12 - [MESSAGE][PASSED] - Verify response successfully

2019-08-10 23:45:12 - [MESSAGE][PASSED] - Send request and verify the response successfully

2019-08-10 23:45:12 - [TEST_STEP][PASSED] - if (M4_total_bonus_spins_int != 0 &amp;&amp; M4_spin_reels_symbols[2].contains("WILD_ExtraFG") || M4_spin_reels_symbols[3].contains("WILD_ExtraFG")): null

2019-08-10 23:45:12 - [TEST_STEP][PASSED] - free_spin_reel_counter = free_spin_reel_counter: null

2019-08-10 23:45:12 - [TEST_STEP][PASSED] - M4_spin_reels_symbols = M4_spin_reels_symbols: null

2019-08-10 23:45:12 - [TEST_STEP][PASSED] - M4_total_bonus_spins = M4_total_bonus_spins: null

2019-08-10 23:45:12 - [TEST_STEP][PASSED] - spin_result = sendRequestAndVerify(findTestObject("RGS(M4)/1_M4_spin", ["M4_login_user_id":M4_login_user_id, "rgs_session_token":rgs_session_token, "partner":Partner])): Send request and verify the response successfully

2019-08-10 23:45:15 - [TEST_CASE][PASSED] - Start Test Case : Verification: Verification accomplished successfully

2019-08-10 23:45:15 - [TEST_STEP][PASSED] - request = getInstance().getCurrentRequest(): null

2019-08-10 23:45:15 - [TEST_STEP][PASSED] - response = getInstance().getCurrentResponse(): null

2019-08-10 23:45:15 - [TEST_STEP][PASSED] - verifyResponseStatusCode(response, 200): Verify response status code successfully

2019-08-10 23:45:15 - [MESSAGE][PASSED] - Verify response status code successfully

2019-08-10 23:45:15 - [TEST_STEP][PASSED] - getStatusCode()).isEqualTo(200): null

2019-08-10 23:45:15 - [TEST_STEP][PASSED] - newline = System.getProperty("line.separator"): null

2019-08-10 23:45:15 - [TEST_STEP][PASSED] - M4_spin = new groovy.json.JsonSlurper(): null

2019-08-10 23:45:15 - [TEST_STEP][PASSED] - result_M4_spin = M4_spin.parseText(response.getResponseBodyContent()): null

2019-08-10 23:45:15 - [TEST_STEP][PASSED] - M4_spin_current_balance = current_balance: null

2019-08-10 23:45:15 - [TEST_STEP][PASSED] - M4_spin_current_balance = M4_spin_current_balance: null

2019-08-10 23:45:15 - [TEST_STEP][PASSED] - M4_spin_transaction_id = causality: null

2019-08-10 23:45:15 - [TEST_STEP][PASSED] - M4_spin_transaction_id = M4_spin_transaction_id: null

2019-08-10 23:45:15 - [TEST_STEP][PASSED] - M4_spin_round_id = round_id: null

2019-08-10 23:45:15 - [TEST_STEP][PASSED] - M4_spin_round_id = M4_spin_round_id: null

2019-08-10 23:45:15 - [TEST_STEP][PASSED] - M4_spin_line_wins = line_wins: null

2019-08-10 23:45:15 - [TEST_STEP][PASSED] - M4_spin_line_wins = M4_spin_line_wins: null

2019-08-10 23:45:15 - [TEST_STEP][PASSED] - M4_total_bonus_spins_int = total_bonus_spins: null

2019-08-10 23:45:15 - [TEST_STEP][PASSED] - println("******M4_total_bonus_spins type is:*******" + newline + getClass().getName()): null

2019-08-10 23:45:15 - [TEST_STEP][PASSED] - M4_total_bonus_spins_int = M4_total_bonus_spins_int: null

2019-08-10 23:45:15 - [TEST_STEP][PASSED] - M4_total_bonus_spins = Integer.toString(M4_total_bonus_spins_int): null

2019-08-10 23:45:15 - [TEST_STEP][PASSED] - M4_total_bonus_spins = M4_total_bonus_spins: null

2019-08-10 23:45:15 - [TEST_STEP][PASSED] - println("M4_total_bonus_spins is:" + M4_total_bonus_spins): null

2019-08-10 23:45:15 - [TEST_STEP][PASSED] - M4_spin_bonus_data = bonus_data: null

2019-08-10 23:45:15 - [TEST_STEP][PASSED] - M4_spin_features_triggered = result_M4_spin: null

2019-08-10 23:45:15 - [TEST_STEP][PASSED] - wild = []: null

2019-08-10 23:45:15 - [TEST_STEP][PASSED] - wild[0] = "WILD_Expanding": null

2019-08-10 23:45:15 - [TEST_STEP][PASSED] - wild[1] = "WILD_Normal": null

2019-08-10 23:45:15 - [TEST_STEP][PASSED] - wild[2] = "WILD_Double": null

2019-08-10 23:45:15 - [TEST_STEP][PASSED] - wild[3] = "WILD_ExtraFG": null

2019-08-10 23:45:15 - [TEST_STEP][PASSED] - wild[4] = "WILD_Triple": null

2019-08-10 23:45:15 - [TEST_STEP][PASSED] - wildList = Arrays.asList(wild): null

2019-08-10 23:45:15 - [TEST_STEP][PASSED] - wildList = wildList: null

2019-08-10 23:45:15 - [TEST_STEP][PASSED] - free_spin_reel_counter = []: null

2019-08-10 23:45:15 - [TEST_STEP][PASSED] - free_spin_reel_counter[0] = 0: null

2019-08-10 23:45:15 - [TEST_STEP][PASSED] - free_spin_reel_counter[1] = 0: null

2019-08-10 23:45:15 - [TEST_STEP][PASSED] - free_spin_reel_counter[2] = 0: null

2019-08-10 23:45:15 - [TEST_STEP][PASSED] - M4_spin_reels = reels: null

2019-08-10 23:45:15 - [TEST_STEP][PASSED] - for ([i = 0, i &lt; M4_spin_reels.size(), (i++)]): null

2019-08-10 23:45:15 - [TEST_STEP][PASSED] - symbols = symbols: null

2019-08-10 23:45:15 - [TEST_STEP][PASSED] - for ([j = 0, j &lt; symbols.size(), (j++)]): null

2019-08-10 23:45:15 - [TEST_STEP][PASSED] - symbol = symbol: null

2019-08-10 23:45:15 - [TEST_STEP][PASSED] - println(symbol): null

2019-08-10 23:45:15 - [TEST_STEP][PASSED] - if (i == 2 &amp;&amp; wildList.indexOf(symbol) != -1): null

2019-08-10 23:45:15 - [TEST_STEP][PASSED] - if (i == 3 &amp;&amp; wildList.indexOf(symbol) != -1): null

2019-08-10 23:45:15 - [TEST_STEP][PASSED] - if (i == 4 &amp;&amp; wildList.indexOf(symbol) != -1): null

2019-08-10 23:45:15 - [TEST_STEP][PASSED] - symbol = symbol: null

2019-08-10 23:45:15 - [TEST_STEP][PASSED] - println(symbol): null

2019-08-10 23:45:15 - [TEST_STEP][PASSED] - if (i == 2 &amp;&amp; wildList.indexOf(symbol) != -1): null

2019-08-10 23:45:15 - [TEST_STEP][PASSED] - if (i == 3 &amp;&amp; wildList.indexOf(symbol) != -1): null

2019-08-10 23:45:15 - [TEST_STEP][PASSED] - if (i == 4 &amp;&amp; wildList.indexOf(symbol) != -1): null

2019-08-10 23:45:15 - [TEST_STEP][PASSED] - symbol = symbol: null

2019-08-10 23:45:15 - [TEST_STEP][PASSED] - println(symbol): null

2019-08-10 23:45:15 - [TEST_STEP][PASSED] - if (i == 2 &amp;&amp; wildList.indexOf(symbol) != -1): null

2019-08-10 23:45:15 - [TEST_STEP][PASSED] - if (i == 3 &amp;&amp; wildList.indexOf(symbol) != -1): null

2019-08-10 23:45:15 - [TEST_STEP][PASSED] - if (i == 4 &amp;&amp; wildList.indexOf(symbol) != -1): null

2019-08-10 23:45:15 - [TEST_STEP][PASSED] - symbols = symbols: null

2019-08-10 23:45:15 - [TEST_STEP][PASSED] - for ([j = 0, j &lt; symbols.size(), (j++)]): null

2019-08-10 23:45:15 - [TEST_STEP][PASSED] - symbol = symbol: null

2019-08-10 23:45:15 - [TEST_STEP][PASSED] - println(symbol): null

2019-08-10 23:45:15 - [TEST_STEP][PASSED] - if (i == 2 &amp;&amp; wildList.indexOf(symbol) != -1): null

2019-08-10 23:45:15 - [TEST_STEP][PASSED] - if (i == 3 &amp;&amp; wildList.indexOf(symbol) != -1): null

2019-08-10 23:45:15 - [TEST_STEP][PASSED] - if (i == 4 &amp;&amp; wildList.indexOf(symbol) != -1): null

2019-08-10 23:45:15 - [TEST_STEP][PASSED] - symbol = symbol: null

2019-08-10 23:45:15 - [TEST_STEP][PASSED] - println(symbol): null

2019-08-10 23:45:15 - [TEST_STEP][PASSED] - if (i == 2 &amp;&amp; wildList.indexOf(symbol) != -1): null

2019-08-10 23:45:15 - [TEST_STEP][PASSED] - if (i == 3 &amp;&amp; wildList.indexOf(symbol) != -1): null

2019-08-10 23:45:15 - [TEST_STEP][PASSED] - if (i == 4 &amp;&amp; wildList.indexOf(symbol) != -1): null

2019-08-10 23:45:15 - [TEST_STEP][PASSED] - symbol = symbol: null

2019-08-10 23:45:15 - [TEST_STEP][PASSED] - println(symbol): null

2019-08-10 23:45:15 - [TEST_STEP][PASSED] - if (i == 2 &amp;&amp; wildList.indexOf(symbol) != -1): null

2019-08-10 23:45:15 - [TEST_STEP][PASSED] - if (i == 3 &amp;&amp; wildList.indexOf(symbol) != -1): null

2019-08-10 23:45:15 - [TEST_STEP][PASSED] - if (i == 4 &amp;&amp; wildList.indexOf(symbol) != -1): null

2019-08-10 23:45:15 - [TEST_STEP][PASSED] - symbols = symbols: null

2019-08-10 23:45:15 - [TEST_STEP][PASSED] - for ([j = 0, j &lt; symbols.size(), (j++)]): null

2019-08-10 23:45:15 - [TEST_STEP][PASSED] - symbol = symbol: null

2019-08-10 23:45:15 - [TEST_STEP][PASSED] - println(symbol): null

2019-08-10 23:45:15 - [TEST_STEP][PASSED] - if (i == 2 &amp;&amp; wildList.indexOf(symbol) != -1): null

2019-08-10 23:45:15 - [TEST_STEP][PASSED] - println("wild found on reel 3, adding counter by 1"): null

2019-08-10 23:45:15 - [TEST_STEP][PASSED] - free_spin_reel_counter[0] = free_spin_reel_counter[0] + 1: null

2019-08-10 23:45:15 - [TEST_STEP][PASSED] - if (i == 3 &amp;&amp; wildList.indexOf(symbol) != -1): null

2019-08-10 23:45:15 - [TEST_STEP][PASSED] - if (i == 4 &amp;&amp; wildList.indexOf(symbol) != -1): null

2019-08-10 23:45:15 - [TEST_STEP][PASSED] - symbol = symbol: null

2019-08-10 23:45:15 - [TEST_STEP][PASSED] - println(symbol): null

2019-08-10 23:45:15 - [TEST_STEP][PASSED] - if (i == 2 &amp;&amp; wildList.indexOf(symbol) != -1): null

2019-08-10 23:45:15 - [TEST_STEP][PASSED] - if (i == 3 &amp;&amp; wildList.indexOf(symbol) != -1): null

2019-08-10 23:45:15 - [TEST_STEP][PASSED] - if (i == 4 &amp;&amp; wildList.indexOf(symbol) != -1): null

2019-08-10 23:45:15 - [TEST_STEP][PASSED] - symbol = symbol: null

2019-08-10 23:45:15 - [TEST_STEP][PASSED] - println(symbol): null

2019-08-10 23:45:15 - [TEST_STEP][PASSED] - if (i == 2 &amp;&amp; wildList.indexOf(symbol) != -1): null

2019-08-10 23:45:15 - [TEST_STEP][PASSED] - if (i == 3 &amp;&amp; wildList.indexOf(symbol) != -1): null

2019-08-10 23:45:15 - [TEST_STEP][PASSED] - if (i == 4 &amp;&amp; wildList.indexOf(symbol) != -1): null

2019-08-10 23:45:15 - [TEST_STEP][PASSED] - symbols = symbols: null

2019-08-10 23:45:15 - [TEST_STEP][PASSED] - for ([j = 0, j &lt; symbols.size(), (j++)]): null

2019-08-10 23:45:15 - [TEST_STEP][PASSED] - symbol = symbol: null

2019-08-10 23:45:15 - [TEST_STEP][PASSED] - println(symbol): null

2019-08-10 23:45:15 - [TEST_STEP][PASSED] - if (i == 2 &amp;&amp; wildList.indexOf(symbol) != -1): null

2019-08-10 23:45:15 - [TEST_STEP][PASSED] - if (i == 3 &amp;&amp; wildList.indexOf(symbol) != -1): null

2019-08-10 23:45:15 - [TEST_STEP][PASSED] - if (i == 4 &amp;&amp; wildList.indexOf(symbol) != -1): null

2019-08-10 23:45:15 - [TEST_STEP][PASSED] - symbol = symbol: null

2019-08-10 23:45:15 - [TEST_STEP][PASSED] - println(symbol): null

2019-08-10 23:45:15 - [TEST_STEP][PASSED] - if (i == 2 &amp;&amp; wildList.indexOf(symbol) != -1): null

2019-08-10 23:45:15 - [TEST_STEP][PASSED] - if (i == 3 &amp;&amp; wildList.indexOf(symbol) != -1): null

2019-08-10 23:45:15 - [TEST_STEP][PASSED] - if (i == 4 &amp;&amp; wildList.indexOf(symbol) != -1): null

2019-08-10 23:45:15 - [TEST_STEP][PASSED] - symbol = symbol: null

2019-08-10 23:45:15 - [TEST_STEP][PASSED] - println(symbol): null

2019-08-10 23:45:15 - [TEST_STEP][PASSED] - if (i == 2 &amp;&amp; wildList.indexOf(symbol) != -1): null

2019-08-10 23:45:15 - [TEST_STEP][PASSED] - if (i == 3 &amp;&amp; wildList.indexOf(symbol) != -1): null

2019-08-10 23:45:15 - [TEST_STEP][PASSED] - if (i == 4 &amp;&amp; wildList.indexOf(symbol) != -1): null

2019-08-10 23:45:15 - [TEST_STEP][PASSED] - symbols = symbols: null

2019-08-10 23:45:15 - [TEST_STEP][PASSED] - for ([j = 0, j &lt; symbols.size(), (j++)]): null

2019-08-10 23:45:15 - [TEST_STEP][PASSED] - symbol = symbol: null

2019-08-10 23:45:15 - [TEST_STEP][PASSED] - println(symbol): null

2019-08-10 23:45:15 - [TEST_STEP][PASSED] - if (i == 2 &amp;&amp; wildList.indexOf(symbol) != -1): null

2019-08-10 23:45:15 - [TEST_STEP][PASSED] - if (i == 3 &amp;&amp; wildList.indexOf(symbol) != -1): null

2019-08-10 23:45:15 - [TEST_STEP][PASSED] - if (i == 4 &amp;&amp; wildList.indexOf(symbol) != -1): null

2019-08-10 23:45:15 - [TEST_STEP][PASSED] - symbol = symbol: null

2019-08-10 23:45:15 - [TEST_STEP][PASSED] - println(symbol): null

2019-08-10 23:45:15 - [TEST_STEP][PASSED] - if (i == 2 &amp;&amp; wildList.indexOf(symbol) != -1): null

2019-08-10 23:45:15 - [TEST_STEP][PASSED] - if (i == 3 &amp;&amp; wildList.indexOf(symbol) != -1): null

2019-08-10 23:45:15 - [TEST_STEP][PASSED] - if (i == 4 &amp;&amp; wildList.indexOf(symbol) != -1): null

2019-08-10 23:45:15 - [TEST_STEP][PASSED] - symbol = symbol: null

2019-08-10 23:45:15 - [TEST_STEP][PASSED] - println(symbol): null

2019-08-10 23:45:15 - [TEST_STEP][PASSED] - if (i == 2 &amp;&amp; wildList.indexOf(symbol) != -1): null

2019-08-10 23:45:15 - [TEST_STEP][PASSED] - if (i == 3 &amp;&amp; wildList.indexOf(symbol) != -1): null

2019-08-10 23:45:15 - [TEST_STEP][PASSED] - if (i == 4 &amp;&amp; wildList.indexOf(symbol) != -1): null

2019-08-10 23:45:15 - [TEST_STEP][PASSED] - free_spin_reel_counter = free_spin_reel_counter: null

2019-08-10 23:45:15 - [TEST_STEP][PASSED] - println("reel 3 wild found: " + free_spin_reel_counter[0]): null

2019-08-10 23:45:15 - [TEST_STEP][PASSED] - println("reel 4 wild found: " + free_spin_reel_counter[1]): null

2019-08-10 23:45:15 - [TEST_STEP][PASSED] - println("reel 5 wild found: " + free_spin_reel_counter[2]): null

2019-08-10 23:45:15 - [TEST_STEP][PASSED] - M4_spin_reels = M4_spin_reels: null

2019-08-10 23:45:15 - [TEST_STEP][PASSED] - M4_spin_reels_symbols = symbol: null

2019-08-10 23:45:15 - [TEST_STEP][PASSED] - M4_spin_reels_symbols = M4_spin_reels_symbols: null

2019-08-10 23:45:15 - [TEST_STEP][PASSED] - M4_spin_reel_wins = reel_wins: null

2019-08-10 23:45:15 - [TEST_STEP][PASSED] - M4_spin_reel_wins = M4_spin_reel_wins: null

2019-08-10 23:45:15 - [TEST_STEP][PASSED] - println("GlobalVariable.M4_spin_reel_wins is: " + M4_spin_reel_wins): null

2019-08-10 23:45:15 - [TEST_STEP][PASSED] - M4_spin_total_bonus_win_this_round = total_bonus_win_this_round: null

2019-08-10 23:45:15 - [TEST_STEP][PASSED] - M4_spin_total_bonus_win_this_round = M4_spin_total_bonus_win_this_round: null

2019-08-10 23:45:15 - [TEST_STEP][PASSED] - println("GlobalVariable.M4_spin_total_bonus_win_this_round is: " + M4_spin_total_bonus_win_this_round): null

2019-08-10 23:45:15 - [MESSAGE][PASSED] - Verify response successfully

2019-08-10 23:45:15 - [MESSAGE][PASSED] - Send request and verify the response successfully

2019-08-10 23:45:15 - [TEST_STEP][PASSED] - if (M4_total_bonus_spins_int != 0 &amp;&amp; M4_spin_reels_symbols[2].contains("WILD_ExtraFG") || M4_spin_reels_symbols[3].contains("WILD_ExtraFG")): null

2019-08-10 23:45:15 - [TEST_STEP][PASSED] - free_spin_reel_counter = free_spin_reel_counter: null

2019-08-10 23:45:16 - [TEST_STEP][PASSED] - M4_spin_reels_symbols = M4_spin_reels_symbols: null

2019-08-10 23:45:16 - [TEST_STEP][PASSED] - M4_total_bonus_spins = M4_total_bonus_spins: null

2019-08-10 23:45:16 - [TEST_STEP][PASSED] - spin_result = sendRequestAndVerify(findTestObject("RGS(M4)/1_M4_spin", ["M4_login_user_id":M4_login_user_id, "rgs_session_token":rgs_session_token, "partner":Partner])): Send request and verify the response successfully

2019-08-10 23:45:16 - [TEST_CASE][PASSED] - Start Test Case : Verification: Verification accomplished successfully

2019-08-10 23:45:16 - [TEST_STEP][PASSED] - request = getInstance().getCurrentRequest(): null

2019-08-10 23:45:17 - [TEST_STEP][PASSED] - response = getInstance().getCurrentResponse(): null

2019-08-10 23:45:17 - [TEST_STEP][PASSED] - verifyResponseStatusCode(response, 200): Verify response status code successfully

2019-08-10 23:45:17 - [MESSAGE][PASSED] - Verify response status code successfully

2019-08-10 23:45:17 - [TEST_STEP][PASSED] - getStatusCode()).isEqualTo(200): null

2019-08-10 23:45:17 - [TEST_STEP][PASSED] - newline = System.getProperty("line.separator"): null

2019-08-10 23:45:17 - [TEST_STEP][PASSED] - M4_spin = new groovy.json.JsonSlurper(): null

2019-08-10 23:45:17 - [TEST_STEP][PASSED] - result_M4_spin = M4_spin.parseText(response.getResponseBodyContent()): null

2019-08-10 23:45:17 - [TEST_STEP][PASSED] - M4_spin_current_balance = current_balance: null

2019-08-10 23:45:17 - [TEST_STEP][PASSED] - M4_spin_current_balance = M4_spin_current_balance: null

2019-08-10 23:45:17 - [TEST_STEP][PASSED] - M4_spin_transaction_id = causality: null

2019-08-10 23:45:17 - [TEST_STEP][PASSED] - M4_spin_transaction_id = M4_spin_transaction_id: null

2019-08-10 23:45:17 - [TEST_STEP][PASSED] - M4_spin_round_id = round_id: null

2019-08-10 23:45:17 - [TEST_STEP][PASSED] - M4_spin_round_id = M4_spin_round_id: null

2019-08-10 23:45:17 - [TEST_STEP][PASSED] - M4_spin_line_wins = line_wins: null

2019-08-10 23:45:17 - [TEST_STEP][PASSED] - M4_spin_line_wins = M4_spin_line_wins: null

2019-08-10 23:45:17 - [TEST_STEP][PASSED] - M4_total_bonus_spins_int = total_bonus_spins: null

2019-08-10 23:45:17 - [TEST_STEP][PASSED] - println("******M4_total_bonus_spins type is:*******" + newline + getClass().getName()): null

2019-08-10 23:45:17 - [TEST_STEP][PASSED] - M4_total_bonus_spins_int = M4_total_bonus_spins_int: null

2019-08-10 23:45:17 - [TEST_STEP][PASSED] - M4_total_bonus_spins = Integer.toString(M4_total_bonus_spins_int): null

2019-08-10 23:45:17 - [TEST_STEP][PASSED] - M4_total_bonus_spins = M4_total_bonus_spins: null

2019-08-10 23:45:17 - [TEST_STEP][PASSED] - println("M4_total_bonus_spins is:" + M4_total_bonus_spins): null

2019-08-10 23:45:17 - [TEST_STEP][PASSED] - M4_spin_bonus_data = bonus_data: null

2019-08-10 23:45:17 - [TEST_STEP][PASSED] - M4_spin_features_triggered = result_M4_spin: null

2019-08-10 23:45:17 - [TEST_STEP][PASSED] - wild = []: null

2019-08-10 23:45:17 - [TEST_STEP][PASSED] - wild[0] = "WILD_Expanding": null

2019-08-10 23:45:17 - [TEST_STEP][PASSED] - wild[1] = "WILD_Normal": null

2019-08-10 23:45:17 - [TEST_STEP][PASSED] - wild[2] = "WILD_Double": null

2019-08-10 23:45:17 - [TEST_STEP][PASSED] - wild[3] = "WILD_ExtraFG": null

2019-08-10 23:45:17 - [TEST_STEP][PASSED] - wild[4] = "WILD_Triple": null

2019-08-10 23:45:17 - [TEST_STEP][PASSED] - wildList = Arrays.asList(wild): null

2019-08-10 23:45:17 - [TEST_STEP][PASSED] - wildList = wildList: null

2019-08-10 23:45:17 - [TEST_STEP][PASSED] - free_spin_reel_counter = []: null

2019-08-10 23:45:17 - [TEST_STEP][PASSED] - free_spin_reel_counter[0] = 0: null

2019-08-10 23:45:17 - [TEST_STEP][PASSED] - free_spin_reel_counter[1] = 0: null

2019-08-10 23:45:17 - [TEST_STEP][PASSED] - free_spin_reel_counter[2] = 0: null

2019-08-10 23:45:17 - [TEST_STEP][PASSED] - M4_spin_reels = reels: null

2019-08-10 23:45:17 - [TEST_STEP][PASSED] - for ([i = 0, i &lt; M4_spin_reels.size(), (i++)]): null

2019-08-10 23:45:17 - [TEST_STEP][PASSED] - symbols = symbols: null

2019-08-10 23:45:17 - [TEST_STEP][PASSED] - for ([j = 0, j &lt; symbols.size(), (j++)]): null

2019-08-10 23:45:17 - [TEST_STEP][PASSED] - symbol = symbol: null

2019-08-10 23:45:17 - [TEST_STEP][PASSED] - println(symbol): null

2019-08-10 23:45:17 - [TEST_STEP][PASSED] - if (i == 2 &amp;&amp; wildList.indexOf(symbol) != -1): null

2019-08-10 23:45:17 - [TEST_STEP][PASSED] - if (i == 3 &amp;&amp; wildList.indexOf(symbol) != -1): null

2019-08-10 23:45:17 - [TEST_STEP][PASSED] - if (i == 4 &amp;&amp; wildList.indexOf(symbol) != -1): null

2019-08-10 23:45:17 - [TEST_STEP][PASSED] - symbol = symbol: null

2019-08-10 23:45:17 - [TEST_STEP][PASSED] - println(symbol): null

2019-08-10 23:45:17 - [TEST_STEP][PASSED] - if (i == 2 &amp;&amp; wildList.indexOf(symbol) != -1): null

2019-08-10 23:45:17 - [TEST_STEP][PASSED] - if (i == 3 &amp;&amp; wildList.indexOf(symbol) != -1): null

2019-08-10 23:45:17 - [TEST_STEP][PASSED] - if (i == 4 &amp;&amp; wildList.indexOf(symbol) != -1): null

2019-08-10 23:45:17 - [TEST_STEP][PASSED] - symbol = symbol: null

2019-08-10 23:45:17 - [TEST_STEP][PASSED] - println(symbol): null

2019-08-10 23:45:17 - [TEST_STEP][PASSED] - if (i == 2 &amp;&amp; wildList.indexOf(symbol) != -1): null

2019-08-10 23:45:17 - [TEST_STEP][PASSED] - if (i == 3 &amp;&amp; wildList.indexOf(symbol) != -1): null

2019-08-10 23:45:17 - [TEST_STEP][PASSED] - if (i == 4 &amp;&amp; wildList.indexOf(symbol) != -1): null

2019-08-10 23:45:17 - [TEST_STEP][PASSED] - symbols = symbols: null

2019-08-10 23:45:17 - [TEST_STEP][PASSED] - for ([j = 0, j &lt; symbols.size(), (j++)]): null

2019-08-10 23:45:17 - [TEST_STEP][PASSED] - symbol = symbol: null

2019-08-10 23:45:17 - [TEST_STEP][PASSED] - println(symbol): null

2019-08-10 23:45:17 - [TEST_STEP][PASSED] - if (i == 2 &amp;&amp; wildList.indexOf(symbol) != -1): null

2019-08-10 23:45:17 - [TEST_STEP][PASSED] - if (i == 3 &amp;&amp; wildList.indexOf(symbol) != -1): null

2019-08-10 23:45:17 - [TEST_STEP][PASSED] - if (i == 4 &amp;&amp; wildList.indexOf(symbol) != -1): null

2019-08-10 23:45:17 - [TEST_STEP][PASSED] - symbol = symbol: null

2019-08-10 23:45:17 - [TEST_STEP][PASSED] - println(symbol): null

2019-08-10 23:45:17 - [TEST_STEP][PASSED] - if (i == 2 &amp;&amp; wildList.indexOf(symbol) != -1): null

2019-08-10 23:45:17 - [TEST_STEP][PASSED] - if (i == 3 &amp;&amp; wildList.indexOf(symbol) != -1): null

2019-08-10 23:45:17 - [TEST_STEP][PASSED] - if (i == 4 &amp;&amp; wildList.indexOf(symbol) != -1): null

2019-08-10 23:45:17 - [TEST_STEP][PASSED] - symbol = symbol: null

2019-08-10 23:45:17 - [TEST_STEP][PASSED] - println(symbol): null

2019-08-10 23:45:17 - [TEST_STEP][PASSED] - if (i == 2 &amp;&amp; wildList.indexOf(symbol) != -1): null

2019-08-10 23:45:17 - [TEST_STEP][PASSED] - if (i == 3 &amp;&amp; wildList.indexOf(symbol) != -1): null

2019-08-10 23:45:17 - [TEST_STEP][PASSED] - if (i == 4 &amp;&amp; wildList.indexOf(symbol) != -1): null

2019-08-10 23:45:17 - [TEST_STEP][PASSED] - symbols = symbols: null

2019-08-10 23:45:17 - [TEST_STEP][PASSED] - for ([j = 0, j &lt; symbols.size(), (j++)]): null

2019-08-10 23:45:17 - [TEST_STEP][PASSED] - symbol = symbol: null

2019-08-10 23:45:17 - [TEST_STEP][PASSED] - println(symbol): null

2019-08-10 23:45:17 - [TEST_STEP][PASSED] - if (i == 2 &amp;&amp; wildList.indexOf(symbol) != -1): null

2019-08-10 23:45:17 - [TEST_STEP][PASSED] - if (i == 3 &amp;&amp; wildList.indexOf(symbol) != -1): null

2019-08-10 23:45:17 - [TEST_STEP][PASSED] - if (i == 4 &amp;&amp; wildList.indexOf(symbol) != -1): null

2019-08-10 23:45:17 - [TEST_STEP][PASSED] - symbol = symbol: null

2019-08-10 23:45:17 - [TEST_STEP][PASSED] - println(symbol): null

2019-08-10 23:45:17 - [TEST_STEP][PASSED] - if (i == 2 &amp;&amp; wildList.indexOf(symbol) != -1): null

2019-08-10 23:45:17 - [TEST_STEP][PASSED] - if (i == 3 &amp;&amp; wildList.indexOf(symbol) != -1): null

2019-08-10 23:45:17 - [TEST_STEP][PASSED] - if (i == 4 &amp;&amp; wildList.indexOf(symbol) != -1): null

2019-08-10 23:45:17 - [TEST_STEP][PASSED] - symbol = symbol: null

2019-08-10 23:45:17 - [TEST_STEP][PASSED] - println(symbol): null

2019-08-10 23:45:17 - [TEST_STEP][PASSED] - if (i == 2 &amp;&amp; wildList.indexOf(symbol) != -1): null

2019-08-10 23:45:17 - [TEST_STEP][PASSED] - if (i == 3 &amp;&amp; wildList.indexOf(symbol) != -1): null

2019-08-10 23:45:17 - [TEST_STEP][PASSED] - if (i == 4 &amp;&amp; wildList.indexOf(symbol) != -1): null

2019-08-10 23:45:17 - [TEST_STEP][PASSED] - symbols = symbols: null

2019-08-10 23:45:17 - [TEST_STEP][PASSED] - for ([j = 0, j &lt; symbols.size(), (j++)]): null

2019-08-10 23:45:17 - [TEST_STEP][PASSED] - symbol = symbol: null

2019-08-10 23:45:17 - [TEST_STEP][PASSED] - println(symbol): null

2019-08-10 23:45:17 - [TEST_STEP][PASSED] - if (i == 2 &amp;&amp; wildList.indexOf(symbol) != -1): null

2019-08-10 23:45:17 - [TEST_STEP][PASSED] - if (i == 3 &amp;&amp; wildList.indexOf(symbol) != -1): null

2019-08-10 23:45:17 - [TEST_STEP][PASSED] - println("wild found on reel 4, adding counter by 1"): null

2019-08-10 23:45:17 - [TEST_STEP][PASSED] - free_spin_reel_counter[1] = free_spin_reel_counter[1] + 1: null

2019-08-10 23:45:17 - [TEST_STEP][PASSED] - if (i == 4 &amp;&amp; wildList.indexOf(symbol) != -1): null

2019-08-10 23:45:17 - [TEST_STEP][PASSED] - symbol = symbol: null

2019-08-10 23:45:17 - [TEST_STEP][PASSED] - println(symbol): null

2019-08-10 23:45:17 - [TEST_STEP][PASSED] - if (i == 2 &amp;&amp; wildList.indexOf(symbol) != -1): null

2019-08-10 23:45:17 - [TEST_STEP][PASSED] - if (i == 3 &amp;&amp; wildList.indexOf(symbol) != -1): null

2019-08-10 23:45:17 - [TEST_STEP][PASSED] - if (i == 4 &amp;&amp; wildList.indexOf(symbol) != -1): null

2019-08-10 23:45:17 - [TEST_STEP][PASSED] - symbol = symbol: null

2019-08-10 23:45:17 - [TEST_STEP][PASSED] - println(symbol): null

2019-08-10 23:45:17 - [TEST_STEP][PASSED] - if (i == 2 &amp;&amp; wildList.indexOf(symbol) != -1): null

2019-08-10 23:45:17 - [TEST_STEP][PASSED] - if (i == 3 &amp;&amp; wildList.indexOf(symbol) != -1): null

2019-08-10 23:45:17 - [TEST_STEP][PASSED] - if (i == 4 &amp;&amp; wildList.indexOf(symbol) != -1): null

2019-08-10 23:45:17 - [TEST_STEP][PASSED] - symbols = symbols: null

2019-08-10 23:45:17 - [TEST_STEP][PASSED] - for ([j = 0, j &lt; symbols.size(), (j++)]): null

2019-08-10 23:45:17 - [TEST_STEP][PASSED] - symbol = symbol: null

2019-08-10 23:45:17 - [TEST_STEP][PASSED] - println(symbol): null

2019-08-10 23:45:17 - [TEST_STEP][PASSED] - if (i == 2 &amp;&amp; wildList.indexOf(symbol) != -1): null

2019-08-10 23:45:17 - [TEST_STEP][PASSED] - if (i == 3 &amp;&amp; wildList.indexOf(symbol) != -1): null

2019-08-10 23:45:17 - [TEST_STEP][PASSED] - if (i == 4 &amp;&amp; wildList.indexOf(symbol) != -1): null

2019-08-10 23:45:17 - [TEST_STEP][PASSED] - symbol = symbol: null

2019-08-10 23:45:17 - [TEST_STEP][PASSED] - println(symbol): null

2019-08-10 23:45:17 - [TEST_STEP][PASSED] - if (i == 2 &amp;&amp; wildList.indexOf(symbol) != -1): null

2019-08-10 23:45:17 - [TEST_STEP][PASSED] - if (i == 3 &amp;&amp; wildList.indexOf(symbol) != -1): null

2019-08-10 23:45:17 - [TEST_STEP][PASSED] - if (i == 4 &amp;&amp; wildList.indexOf(symbol) != -1): null

2019-08-10 23:45:17 - [TEST_STEP][PASSED] - symbol = symbol: null

2019-08-10 23:45:17 - [TEST_STEP][PASSED] - println(symbol): null

2019-08-10 23:45:17 - [TEST_STEP][PASSED] - if (i == 2 &amp;&amp; wildList.indexOf(symbol) != -1): null

2019-08-10 23:45:17 - [TEST_STEP][PASSED] - if (i == 3 &amp;&amp; wildList.indexOf(symbol) != -1): null

2019-08-10 23:45:17 - [TEST_STEP][PASSED] - if (i == 4 &amp;&amp; wildList.indexOf(symbol) != -1): null

2019-08-10 23:45:17 - [TEST_STEP][PASSED] - free_spin_reel_counter = free_spin_reel_counter: null

2019-08-10 23:45:17 - [TEST_STEP][PASSED] - println("reel 3 wild found: " + free_spin_reel_counter[0]): null

2019-08-10 23:45:17 - [TEST_STEP][PASSED] - println("reel 4 wild found: " + free_spin_reel_counter[1]): null

2019-08-10 23:45:17 - [TEST_STEP][PASSED] - println("reel 5 wild found: " + free_spin_reel_counter[2]): null

2019-08-10 23:45:17 - [TEST_STEP][PASSED] - M4_spin_reels = M4_spin_reels: null

2019-08-10 23:45:17 - [TEST_STEP][PASSED] - M4_spin_reels_symbols = symbol: null

2019-08-10 23:45:17 - [TEST_STEP][PASSED] - M4_spin_reels_symbols = M4_spin_reels_symbols: null

2019-08-10 23:45:17 - [TEST_STEP][PASSED] - M4_spin_reel_wins = reel_wins: null

2019-08-10 23:45:17 - [TEST_STEP][PASSED] - M4_spin_reel_wins = M4_spin_reel_wins: null

2019-08-10 23:45:17 - [TEST_STEP][PASSED] - println("GlobalVariable.M4_spin_reel_wins is: " + M4_spin_reel_wins): null

2019-08-10 23:45:17 - [TEST_STEP][PASSED] - M4_spin_total_bonus_win_this_round = total_bonus_win_this_round: null

2019-08-10 23:45:17 - [TEST_STEP][PASSED] - M4_spin_total_bonus_win_this_round = M4_spin_total_bonus_win_this_round: null

2019-08-10 23:45:17 - [TEST_STEP][PASSED] - println("GlobalVariable.M4_spin_total_bonus_win_this_round is: " + M4_spin_total_bonus_win_this_round): null

2019-08-10 23:45:17 - [MESSAGE][PASSED] - Verify response successfully

2019-08-10 23:45:17 - [MESSAGE][PASSED] - Send request and verify the response successfully

2019-08-10 23:45:17 - [TEST_STEP][PASSED] - if (M4_total_bonus_spins_int != 0 &amp;&amp; M4_spin_reels_symbols[2].contains("WILD_ExtraFG") || M4_spin_reels_symbols[3].contains("WILD_ExtraFG")): null

2019-08-10 23:45:17 - [TEST_STEP][PASSED] - free_spin_reel_counter = free_spin_reel_counter: null

2019-08-10 23:45:17 - [TEST_STEP][PASSED] - M4_spin_reels_symbols = M4_spin_reels_symbols: null

2019-08-10 23:45:17 - [TEST_STEP][PASSED] - M4_total_bonus_spins = M4_total_bonus_spins: null

2019-08-10 23:45:17 - [TEST_STEP][PASSED] - spin_result = sendRequestAndVerify(findTestObject("RGS(M4)/1_M4_spin", ["M4_login_user_id":M4_login_user_id, "rgs_session_token":rgs_session_token, "partner":Partner])): Send request and verify the response successfully

2019-08-10 23:45:17 - [TEST_CASE][PASSED] - Start Test Case : Verification: Verification accomplished successfully

2019-08-10 23:45:17 - [TEST_STEP][PASSED] - request = getInstance().getCurrentRequest(): null

2019-08-10 23:45:17 - [TEST_STEP][PASSED] - response = getInstance().getCurrentResponse(): null

2019-08-10 23:45:17 - [TEST_STEP][PASSED] - verifyResponseStatusCode(response, 200): Verify response status code successfully

2019-08-10 23:45:17 - [MESSAGE][PASSED] - Verify response status code successfully

2019-08-10 23:45:17 - [TEST_STEP][PASSED] - getStatusCode()).isEqualTo(200): null

2019-08-10 23:45:17 - [TEST_STEP][PASSED] - newline = System.getProperty("line.separator"): null

2019-08-10 23:45:17 - [TEST_STEP][PASSED] - M4_spin = new groovy.json.JsonSlurper(): null

2019-08-10 23:45:17 - [TEST_STEP][PASSED] - result_M4_spin = M4_spin.parseText(response.getResponseBodyContent()): null

2019-08-10 23:45:17 - [TEST_STEP][PASSED] - M4_spin_current_balance = current_balance: null

2019-08-10 23:45:17 - [TEST_STEP][PASSED] - M4_spin_current_balance = M4_spin_current_balance: null

2019-08-10 23:45:17 - [TEST_STEP][PASSED] - M4_spin_transaction_id = causality: null

2019-08-10 23:45:17 - [TEST_STEP][PASSED] - M4_spin_transaction_id = M4_spin_transaction_id: null

2019-08-10 23:45:17 - [TEST_STEP][PASSED] - M4_spin_round_id = round_id: null

2019-08-10 23:45:17 - [TEST_STEP][PASSED] - M4_spin_round_id = M4_spin_round_id: null

2019-08-10 23:45:17 - [TEST_STEP][PASSED] - M4_spin_line_wins = line_wins: null

2019-08-10 23:45:17 - [TEST_STEP][PASSED] - M4_spin_line_wins = M4_spin_line_wins: null

2019-08-10 23:45:17 - [TEST_STEP][PASSED] - M4_total_bonus_spins_int = total_bonus_spins: null

2019-08-10 23:45:17 - [TEST_STEP][PASSED] - println("******M4_total_bonus_spins type is:*******" + newline + getClass().getName()): null

2019-08-10 23:45:17 - [TEST_STEP][PASSED] - M4_total_bonus_spins_int = M4_total_bonus_spins_int: null

2019-08-10 23:45:17 - [TEST_STEP][PASSED] - M4_total_bonus_spins = Integer.toString(M4_total_bonus_spins_int): null

2019-08-10 23:45:17 - [TEST_STEP][PASSED] - M4_total_bonus_spins = M4_total_bonus_spins: null

2019-08-10 23:45:17 - [TEST_STEP][PASSED] - println("M4_total_bonus_spins is:" + M4_total_bonus_spins): null

2019-08-10 23:45:17 - [TEST_STEP][PASSED] - M4_spin_bonus_data = bonus_data: null

2019-08-10 23:45:17 - [TEST_STEP][PASSED] - M4_spin_features_triggered = result_M4_spin: null

2019-08-10 23:45:17 - [TEST_STEP][PASSED] - wild = []: null

2019-08-10 23:45:17 - [TEST_STEP][PASSED] - wild[0] = "WILD_Expanding": null

2019-08-10 23:45:17 - [TEST_STEP][PASSED] - wild[1] = "WILD_Normal": null

2019-08-10 23:45:17 - [TEST_STEP][PASSED] - wild[2] = "WILD_Double": null

2019-08-10 23:45:17 - [TEST_STEP][PASSED] - wild[3] = "WILD_ExtraFG": null

2019-08-10 23:45:17 - [TEST_STEP][PASSED] - wild[4] = "WILD_Triple": null

2019-08-10 23:45:17 - [TEST_STEP][PASSED] - wildList = Arrays.asList(wild): null

2019-08-10 23:45:17 - [TEST_STEP][PASSED] - wildList = wildList: null

2019-08-10 23:45:17 - [TEST_STEP][PASSED] - free_spin_reel_counter = []: null

2019-08-10 23:45:17 - [TEST_STEP][PASSED] - free_spin_reel_counter[0] = 0: null

2019-08-10 23:45:17 - [TEST_STEP][PASSED] - free_spin_reel_counter[1] = 0: null

2019-08-10 23:45:17 - [TEST_STEP][PASSED] - free_spin_reel_counter[2] = 0: null

2019-08-10 23:45:17 - [TEST_STEP][PASSED] - M4_spin_reels = reels: null

2019-08-10 23:45:17 - [TEST_STEP][PASSED] - for ([i = 0, i &lt; M4_spin_reels.size(), (i++)]): null

2019-08-10 23:45:17 - [TEST_STEP][PASSED] - symbols = symbols: null

2019-08-10 23:45:17 - [TEST_STEP][PASSED] - for ([j = 0, j &lt; symbols.size(), (j++)]): null

2019-08-10 23:45:17 - [TEST_STEP][PASSED] - symbol = symbol: null

2019-08-10 23:45:17 - [TEST_STEP][PASSED] - println(symbol): null

2019-08-10 23:45:17 - [TEST_STEP][PASSED] - if (i == 2 &amp;&amp; wildList.indexOf(symbol) != -1): null

2019-08-10 23:45:17 - [TEST_STEP][PASSED] - if (i == 3 &amp;&amp; wildList.indexOf(symbol) != -1): null

2019-08-10 23:45:17 - [TEST_STEP][PASSED] - if (i == 4 &amp;&amp; wildList.indexOf(symbol) != -1): null

2019-08-10 23:45:17 - [TEST_STEP][PASSED] - symbol = symbol: null

2019-08-10 23:45:17 - [TEST_STEP][PASSED] - println(symbol): null

2019-08-10 23:45:17 - [TEST_STEP][PASSED] - if (i == 2 &amp;&amp; wildList.indexOf(symbol) != -1): null

2019-08-10 23:45:17 - [TEST_STEP][PASSED] - if (i == 3 &amp;&amp; wildList.indexOf(symbol) != -1): null

2019-08-10 23:45:17 - [TEST_STEP][PASSED] - if (i == 4 &amp;&amp; wildList.indexOf(symbol) != -1): null

2019-08-10 23:45:17 - [TEST_STEP][PASSED] - symbol = symbol: null

2019-08-10 23:45:17 - [TEST_STEP][PASSED] - println(symbol): null

2019-08-10 23:45:17 - [TEST_STEP][PASSED] - if (i == 2 &amp;&amp; wildList.indexOf(symbol) != -1): null

2019-08-10 23:45:17 - [TEST_STEP][PASSED] - if (i == 3 &amp;&amp; wildList.indexOf(symbol) != -1): null

2019-08-10 23:45:17 - [TEST_STEP][PASSED] - if (i == 4 &amp;&amp; wildList.indexOf(symbol) != -1): null

2019-08-10 23:45:17 - [TEST_STEP][PASSED] - symbols = symbols: null

2019-08-10 23:45:17 - [TEST_STEP][PASSED] - for ([j = 0, j &lt; symbols.size(), (j++)]): null

2019-08-10 23:45:17 - [TEST_STEP][PASSED] - symbol = symbol: null

2019-08-10 23:45:17 - [TEST_STEP][PASSED] - println(symbol): null

2019-08-10 23:45:17 - [TEST_STEP][PASSED] - if (i == 2 &amp;&amp; wildList.indexOf(symbol) != -1): null

2019-08-10 23:45:17 - [TEST_STEP][PASSED] - if (i == 3 &amp;&amp; wildList.indexOf(symbol) != -1): null

2019-08-10 23:45:17 - [TEST_STEP][PASSED] - if (i == 4 &amp;&amp; wildList.indexOf(symbol) != -1): null

2019-08-10 23:45:17 - [TEST_STEP][PASSED] - symbol = symbol: null

2019-08-10 23:45:17 - [TEST_STEP][PASSED] - println(symbol): null

2019-08-10 23:45:17 - [TEST_STEP][PASSED] - if (i == 2 &amp;&amp; wildList.indexOf(symbol) != -1): null

2019-08-10 23:45:17 - [TEST_STEP][PASSED] - if (i == 3 &amp;&amp; wildList.indexOf(symbol) != -1): null

2019-08-10 23:45:17 - [TEST_STEP][PASSED] - if (i == 4 &amp;&amp; wildList.indexOf(symbol) != -1): null

2019-08-10 23:45:17 - [TEST_STEP][PASSED] - symbol = symbol: null

2019-08-10 23:45:17 - [TEST_STEP][PASSED] - println(symbol): null

2019-08-10 23:45:17 - [TEST_STEP][PASSED] - if (i == 2 &amp;&amp; wildList.indexOf(symbol) != -1): null

2019-08-10 23:45:17 - [TEST_STEP][PASSED] - if (i == 3 &amp;&amp; wildList.indexOf(symbol) != -1): null

2019-08-10 23:45:17 - [TEST_STEP][PASSED] - if (i == 4 &amp;&amp; wildList.indexOf(symbol) != -1): null

2019-08-10 23:45:17 - [TEST_STEP][PASSED] - symbols = symbols: null

2019-08-10 23:45:17 - [TEST_STEP][PASSED] - for ([j = 0, j &lt; symbols.size(), (j++)]): null

2019-08-10 23:45:17 - [TEST_STEP][PASSED] - symbol = symbol: null

2019-08-10 23:45:17 - [TEST_STEP][PASSED] - println(symbol): null

2019-08-10 23:45:17 - [TEST_STEP][PASSED] - if (i == 2 &amp;&amp; wildList.indexOf(symbol) != -1): null

2019-08-10 23:45:17 - [TEST_STEP][PASSED] - if (i == 3 &amp;&amp; wildList.indexOf(symbol) != -1): null

2019-08-10 23:45:17 - [TEST_STEP][PASSED] - if (i == 4 &amp;&amp; wildList.indexOf(symbol) != -1): null

2019-08-10 23:45:17 - [TEST_STEP][PASSED] - symbol = symbol: null

2019-08-10 23:45:17 - [TEST_STEP][PASSED] - println(symbol): null

2019-08-10 23:45:17 - [TEST_STEP][PASSED] - if (i == 2 &amp;&amp; wildList.indexOf(symbol) != -1): null

2019-08-10 23:45:17 - [TEST_STEP][PASSED] - if (i == 3 &amp;&amp; wildList.indexOf(symbol) != -1): null

2019-08-10 23:45:17 - [TEST_STEP][PASSED] - if (i == 4 &amp;&amp; wildList.indexOf(symbol) != -1): null

2019-08-10 23:45:17 - [TEST_STEP][PASSED] - symbol = symbol: null

2019-08-10 23:45:17 - [TEST_STEP][PASSED] - println(symbol): null

2019-08-10 23:45:17 - [TEST_STEP][PASSED] - if (i == 2 &amp;&amp; wildList.indexOf(symbol) != -1): null

2019-08-10 23:45:17 - [TEST_STEP][PASSED] - if (i == 3 &amp;&amp; wildList.indexOf(symbol) != -1): null

2019-08-10 23:45:17 - [TEST_STEP][PASSED] - if (i == 4 &amp;&amp; wildList.indexOf(symbol) != -1): null

2019-08-10 23:45:17 - [TEST_STEP][PASSED] - symbols = symbols: null

2019-08-10 23:45:17 - [TEST_STEP][PASSED] - for ([j = 0, j &lt; symbols.size(), (j++)]): null

2019-08-10 23:45:17 - [TEST_STEP][PASSED] - symbol = symbol: null

2019-08-10 23:45:17 - [TEST_STEP][PASSED] - println(symbol): null

2019-08-10 23:45:17 - [TEST_STEP][PASSED] - if (i == 2 &amp;&amp; wildList.indexOf(symbol) != -1): null

2019-08-10 23:45:17 - [TEST_STEP][PASSED] - if (i == 3 &amp;&amp; wildList.indexOf(symbol) != -1): null

2019-08-10 23:45:17 - [TEST_STEP][PASSED] - if (i == 4 &amp;&amp; wildList.indexOf(symbol) != -1): null

2019-08-10 23:45:17 - [TEST_STEP][PASSED] - symbol = symbol: null

2019-08-10 23:45:17 - [TEST_STEP][PASSED] - println(symbol): null

2019-08-10 23:45:17 - [TEST_STEP][PASSED] - if (i == 2 &amp;&amp; wildList.indexOf(symbol) != -1): null

2019-08-10 23:45:17 - [TEST_STEP][PASSED] - if (i == 3 &amp;&amp; wildList.indexOf(symbol) != -1): null

2019-08-10 23:45:17 - [TEST_STEP][PASSED] - if (i == 4 &amp;&amp; wildList.indexOf(symbol) != -1): null

2019-08-10 23:45:17 - [TEST_STEP][PASSED] - symbol = symbol: null

2019-08-10 23:45:17 - [TEST_STEP][PASSED] - println(symbol): null

2019-08-10 23:45:17 - [TEST_STEP][PASSED] - if (i == 2 &amp;&amp; wildList.indexOf(symbol) != -1): null

2019-08-10 23:45:17 - [TEST_STEP][PASSED] - if (i == 3 &amp;&amp; wildList.indexOf(symbol) != -1): null

2019-08-10 23:45:17 - [TEST_STEP][PASSED] - if (i == 4 &amp;&amp; wildList.indexOf(symbol) != -1): null

2019-08-10 23:45:17 - [TEST_STEP][PASSED] - symbols = symbols: null

2019-08-10 23:45:17 - [TEST_STEP][PASSED] - for ([j = 0, j &lt; symbols.size(), (j++)]): null

2019-08-10 23:45:17 - [TEST_STEP][PASSED] - symbol = symbol: null

2019-08-10 23:45:17 - [TEST_STEP][PASSED] - println(symbol): null

2019-08-10 23:45:17 - [TEST_STEP][PASSED] - if (i == 2 &amp;&amp; wildList.indexOf(symbol) != -1): null

2019-08-10 23:45:17 - [TEST_STEP][PASSED] - if (i == 3 &amp;&amp; wildList.indexOf(symbol) != -1): null

2019-08-10 23:45:17 - [TEST_STEP][PASSED] - if (i == 4 &amp;&amp; wildList.indexOf(symbol) != -1): null

2019-08-10 23:45:17 - [TEST_STEP][PASSED] - symbol = symbol: null

2019-08-10 23:45:17 - [TEST_STEP][PASSED] - println(symbol): null

2019-08-10 23:45:17 - [TEST_STEP][PASSED] - if (i == 2 &amp;&amp; wildList.indexOf(symbol) != -1): null

2019-08-10 23:45:17 - [TEST_STEP][PASSED] - if (i == 3 &amp;&amp; wildList.indexOf(symbol) != -1): null

2019-08-10 23:45:17 - [TEST_STEP][PASSED] - if (i == 4 &amp;&amp; wildList.indexOf(symbol) != -1): null

2019-08-10 23:45:17 - [TEST_STEP][PASSED] - symbol = symbol: null

2019-08-10 23:45:17 - [TEST_STEP][PASSED] - println(symbol): null

2019-08-10 23:45:17 - [TEST_STEP][PASSED] - if (i == 2 &amp;&amp; wildList.indexOf(symbol) != -1): null

2019-08-10 23:45:17 - [TEST_STEP][PASSED] - if (i == 3 &amp;&amp; wildList.indexOf(symbol) != -1): null

2019-08-10 23:45:17 - [TEST_STEP][PASSED] - if (i == 4 &amp;&amp; wildList.indexOf(symbol) != -1): null

2019-08-10 23:45:17 - [TEST_STEP][PASSED] - free_spin_reel_counter = free_spin_reel_counter: null

2019-08-10 23:45:17 - [TEST_STEP][PASSED] - println("reel 3 wild found: " + free_spin_reel_counter[0]): null

2019-08-10 23:45:17 - [TEST_STEP][PASSED] - println("reel 4 wild found: " + free_spin_reel_counter[1]): null

2019-08-10 23:45:17 - [TEST_STEP][PASSED] - println("reel 5 wild found: " + free_spin_reel_counter[2]): null

2019-08-10 23:45:17 - [TEST_STEP][PASSED] - M4_spin_reels = M4_spin_reels: null

2019-08-10 23:45:17 - [TEST_STEP][PASSED] - M4_spin_reels_symbols = symbol: null

2019-08-10 23:45:17 - [TEST_STEP][PASSED] - M4_spin_reels_symbols = M4_spin_reels_symbols: null

2019-08-10 23:45:17 - [TEST_STEP][PASSED] - M4_spin_reel_wins = reel_wins: null

2019-08-10 23:45:17 - [TEST_STEP][PASSED] - M4_spin_reel_wins = M4_spin_reel_wins: null

2019-08-10 23:45:17 - [TEST_STEP][PASSED] - println("GlobalVariable.M4_spin_reel_wins is: " + M4_spin_reel_wins): null

2019-08-10 23:45:17 - [TEST_STEP][PASSED] - M4_spin_total_bonus_win_this_round = total_bonus_win_this_round: null

2019-08-10 23:45:17 - [TEST_STEP][PASSED] - M4_spin_total_bonus_win_this_round = M4_spin_total_bonus_win_this_round: null

2019-08-10 23:45:17 - [TEST_STEP][PASSED] - println("GlobalVariable.M4_spin_total_bonus_win_this_round is: " + M4_spin_total_bonus_win_this_round): null

2019-08-10 23:45:17 - [MESSAGE][PASSED] - Verify response successfully

2019-08-10 23:45:17 - [MESSAGE][PASSED] - Send request and verify the response successfully

2019-08-10 23:45:17 - [TEST_STEP][PASSED] - if (M4_total_bonus_spins_int != 0 &amp;&amp; M4_spin_reels_symbols[2].contains("WILD_ExtraFG") || M4_spin_reels_symbols[3].contains("WILD_ExtraFG")): null

2019-08-10 23:45:17 - [TEST_STEP][PASSED] - free_spin_reel_counter = free_spin_reel_counter: null

2019-08-10 23:45:17 - [TEST_STEP][PASSED] - M4_spin_reels_symbols = M4_spin_reels_symbols: null

2019-08-10 23:45:17 - [TEST_STEP][PASSED] - M4_total_bonus_spins = M4_total_bonus_spins: null

2019-08-10 23:45:17 - [TEST_STEP][PASSED] - spin_result = sendRequestAndVerify(findTestObject("RGS(M4)/1_M4_spin", ["M4_login_user_id":M4_login_user_id, "rgs_session_token":rgs_session_token, "partner":Partner])): Send request and verify the response successfully

2019-08-10 23:45:17 - [TEST_CASE][PASSED] - Start Test Case : Verification: Verification accomplished successfully

2019-08-10 23:45:17 - [TEST_STEP][PASSED] - request = getInstance().getCurrentRequest(): null

2019-08-10 23:45:18 - [TEST_STEP][PASSED] - response = getInstance().getCurrentResponse(): null

2019-08-10 23:45:18 - [TEST_STEP][PASSED] - verifyResponseStatusCode(response, 200): Verify response status code successfully

2019-08-10 23:45:18 - [MESSAGE][PASSED] - Verify response status code successfully

2019-08-10 23:45:18 - [TEST_STEP][PASSED] - getStatusCode()).isEqualTo(200): null

2019-08-10 23:45:18 - [TEST_STEP][PASSED] - newline = System.getProperty("line.separator"): null

2019-08-10 23:45:18 - [TEST_STEP][PASSED] - M4_spin = new groovy.json.JsonSlurper(): null

2019-08-10 23:45:18 - [TEST_STEP][PASSED] - result_M4_spin = M4_spin.parseText(response.getResponseBodyContent()): null

2019-08-10 23:45:18 - [TEST_STEP][PASSED] - M4_spin_current_balance = current_balance: null

2019-08-10 23:45:18 - [TEST_STEP][PASSED] - M4_spin_current_balance = M4_spin_current_balance: null

2019-08-10 23:45:18 - [TEST_STEP][PASSED] - M4_spin_transaction_id = causality: null

2019-08-10 23:45:18 - [TEST_STEP][PASSED] - M4_spin_transaction_id = M4_spin_transaction_id: null

2019-08-10 23:45:18 - [TEST_STEP][PASSED] - M4_spin_round_id = round_id: null

2019-08-10 23:45:18 - [TEST_STEP][PASSED] - M4_spin_round_id = M4_spin_round_id: null

2019-08-10 23:45:18 - [TEST_STEP][PASSED] - M4_spin_line_wins = line_wins: null

2019-08-10 23:45:18 - [TEST_STEP][PASSED] - M4_spin_line_wins = M4_spin_line_wins: null

2019-08-10 23:45:18 - [TEST_STEP][PASSED] - M4_total_bonus_spins_int = total_bonus_spins: null

2019-08-10 23:45:18 - [TEST_STEP][PASSED] - println("******M4_total_bonus_spins type is:*******" + newline + getClass().getName()): null

2019-08-10 23:45:18 - [TEST_STEP][PASSED] - M4_total_bonus_spins_int = M4_total_bonus_spins_int: null

2019-08-10 23:45:18 - [TEST_STEP][PASSED] - M4_total_bonus_spins = Integer.toString(M4_total_bonus_spins_int): null

2019-08-10 23:45:18 - [TEST_STEP][PASSED] - M4_total_bonus_spins = M4_total_bonus_spins: null

2019-08-10 23:45:18 - [TEST_STEP][PASSED] - println("M4_total_bonus_spins is:" + M4_total_bonus_spins): null

2019-08-10 23:45:18 - [TEST_STEP][PASSED] - M4_spin_bonus_data = bonus_data: null

2019-08-10 23:45:18 - [TEST_STEP][PASSED] - M4_spin_features_triggered = result_M4_spin: null

2019-08-10 23:45:18 - [TEST_STEP][PASSED] - wild = []: null

2019-08-10 23:45:18 - [TEST_STEP][PASSED] - wild[0] = "WILD_Expanding": null

2019-08-10 23:45:18 - [TEST_STEP][PASSED] - wild[1] = "WILD_Normal": null

2019-08-10 23:45:18 - [TEST_STEP][PASSED] - wild[2] = "WILD_Double": null

2019-08-10 23:45:18 - [TEST_STEP][PASSED] - wild[3] = "WILD_ExtraFG": null

2019-08-10 23:45:18 - [TEST_STEP][PASSED] - wild[4] = "WILD_Triple": null

2019-08-10 23:45:21 - [TEST_STEP][PASSED] - wildList = Arrays.asList(wild): null

2019-08-10 23:45:21 - [TEST_STEP][PASSED] - wildList = wildList: null

2019-08-10 23:45:21 - [TEST_STEP][PASSED] - free_spin_reel_counter = []: null

2019-08-10 23:45:21 - [TEST_STEP][PASSED] - free_spin_reel_counter[0] = 0: null

2019-08-10 23:45:21 - [TEST_STEP][PASSED] - free_spin_reel_counter[1] = 0: null

2019-08-10 23:45:21 - [TEST_STEP][PASSED] - free_spin_reel_counter[2] = 0: null

2019-08-10 23:45:21 - [TEST_STEP][PASSED] - M4_spin_reels = reels: null

2019-08-10 23:45:21 - [TEST_STEP][PASSED] - for ([i = 0, i &lt; M4_spin_reels.size(), (i++)]): null

2019-08-10 23:45:21 - [TEST_STEP][PASSED] - symbols = symbols: null

2019-08-10 23:45:21 - [TEST_STEP][PASSED] - for ([j = 0, j &lt; symbols.size(), (j++)]): null

2019-08-10 23:45:21 - [TEST_STEP][PASSED] - symbol = symbol: null

2019-08-10 23:45:21 - [TEST_STEP][PASSED] - println(symbol): null

2019-08-10 23:45:21 - [TEST_STEP][PASSED] - if (i == 2 &amp;&amp; wildList.indexOf(symbol) != -1): null

2019-08-10 23:45:21 - [TEST_STEP][PASSED] - if (i == 3 &amp;&amp; wildList.indexOf(symbol) != -1): null

2019-08-10 23:45:21 - [TEST_STEP][PASSED] - if (i == 4 &amp;&amp; wildList.indexOf(symbol) != -1): null

2019-08-10 23:45:21 - [TEST_STEP][PASSED] - symbol = symbol: null

2019-08-10 23:45:21 - [TEST_STEP][PASSED] - println(symbol): null

2019-08-10 23:45:21 - [TEST_STEP][PASSED] - if (i == 2 &amp;&amp; wildList.indexOf(symbol) != -1): null

2019-08-10 23:45:21 - [TEST_STEP][PASSED] - if (i == 3 &amp;&amp; wildList.indexOf(symbol) != -1): null

2019-08-10 23:45:21 - [TEST_STEP][PASSED] - if (i == 4 &amp;&amp; wildList.indexOf(symbol) != -1): null

2019-08-10 23:45:21 - [TEST_STEP][PASSED] - symbol = symbol: null

2019-08-10 23:45:21 - [TEST_STEP][PASSED] - println(symbol): null

2019-08-10 23:45:21 - [TEST_STEP][PASSED] - if (i == 2 &amp;&amp; wildList.indexOf(symbol) != -1): null

2019-08-10 23:45:21 - [TEST_STEP][PASSED] - if (i == 3 &amp;&amp; wildList.indexOf(symbol) != -1): null

2019-08-10 23:45:21 - [TEST_STEP][PASSED] - if (i == 4 &amp;&amp; wildList.indexOf(symbol) != -1): null

2019-08-10 23:45:21 - [TEST_STEP][PASSED] - symbols = symbols: null

2019-08-10 23:45:21 - [TEST_STEP][PASSED] - for ([j = 0, j &lt; symbols.size(), (j++)]): null

2019-08-10 23:45:21 - [TEST_STEP][PASSED] - symbol = symbol: null

2019-08-10 23:45:21 - [TEST_STEP][PASSED] - println(symbol): null

2019-08-10 23:45:21 - [TEST_STEP][PASSED] - if (i == 2 &amp;&amp; wildList.indexOf(symbol) != -1): null

2019-08-10 23:45:21 - [TEST_STEP][PASSED] - if (i == 3 &amp;&amp; wildList.indexOf(symbol) != -1): null

2019-08-10 23:45:21 - [TEST_STEP][PASSED] - if (i == 4 &amp;&amp; wildList.indexOf(symbol) != -1): null

2019-08-10 23:45:21 - [TEST_STEP][PASSED] - symbol = symbol: null

2019-08-10 23:45:21 - [TEST_STEP][PASSED] - println(symbol): null

2019-08-10 23:45:21 - [TEST_STEP][PASSED] - if (i == 2 &amp;&amp; wildList.indexOf(symbol) != -1): null

2019-08-10 23:45:21 - [TEST_STEP][PASSED] - if (i == 3 &amp;&amp; wildList.indexOf(symbol) != -1): null

2019-08-10 23:45:21 - [TEST_STEP][PASSED] - if (i == 4 &amp;&amp; wildList.indexOf(symbol) != -1): null

2019-08-10 23:45:21 - [TEST_STEP][PASSED] - symbol = symbol: null

2019-08-10 23:45:21 - [TEST_STEP][PASSED] - println(symbol): null

2019-08-10 23:45:21 - [TEST_STEP][PASSED] - if (i == 2 &amp;&amp; wildList.indexOf(symbol) != -1): null

2019-08-10 23:45:21 - [TEST_STEP][PASSED] - if (i == 3 &amp;&amp; wildList.indexOf(symbol) != -1): null

2019-08-10 23:45:21 - [TEST_STEP][PASSED] - if (i == 4 &amp;&amp; wildList.indexOf(symbol) != -1): null

2019-08-10 23:45:21 - [TEST_STEP][PASSED] - symbols = symbols: null

2019-08-10 23:45:21 - [TEST_STEP][PASSED] - for ([j = 0, j &lt; symbols.size(), (j++)]): null

2019-08-10 23:45:21 - [TEST_STEP][PASSED] - symbol = symbol: null

2019-08-10 23:45:21 - [TEST_STEP][PASSED] - println(symbol): null

2019-08-10 23:45:21 - [TEST_STEP][PASSED] - if (i == 2 &amp;&amp; wildList.indexOf(symbol) != -1): null

2019-08-10 23:45:21 - [TEST_STEP][PASSED] - if (i == 3 &amp;&amp; wildList.indexOf(symbol) != -1): null

2019-08-10 23:45:21 - [TEST_STEP][PASSED] - if (i == 4 &amp;&amp; wildList.indexOf(symbol) != -1): null

2019-08-10 23:45:21 - [TEST_STEP][PASSED] - symbol = symbol: null

2019-08-10 23:45:21 - [TEST_STEP][PASSED] - println(symbol): null

2019-08-10 23:45:21 - [TEST_STEP][PASSED] - if (i == 2 &amp;&amp; wildList.indexOf(symbol) != -1): null

2019-08-10 23:45:21 - [TEST_STEP][PASSED] - if (i == 3 &amp;&amp; wildList.indexOf(symbol) != -1): null

2019-08-10 23:45:21 - [TEST_STEP][PASSED] - if (i == 4 &amp;&amp; wildList.indexOf(symbol) != -1): null

2019-08-10 23:45:21 - [TEST_STEP][PASSED] - symbol = symbol: null

2019-08-10 23:45:21 - [TEST_STEP][PASSED] - println(symbol): null

2019-08-10 23:45:21 - [TEST_STEP][PASSED] - if (i == 2 &amp;&amp; wildList.indexOf(symbol) != -1): null

2019-08-10 23:45:21 - [TEST_STEP][PASSED] - if (i == 3 &amp;&amp; wildList.indexOf(symbol) != -1): null

2019-08-10 23:45:21 - [TEST_STEP][PASSED] - if (i == 4 &amp;&amp; wildList.indexOf(symbol) != -1): null

2019-08-10 23:45:21 - [TEST_STEP][PASSED] - symbols = symbols: null

2019-08-10 23:45:21 - [TEST_STEP][PASSED] - for ([j = 0, j &lt; symbols.size(), (j++)]): null

2019-08-10 23:45:21 - [TEST_STEP][PASSED] - symbol = symbol: null

2019-08-10 23:45:21 - [TEST_STEP][PASSED] - println(symbol): null

2019-08-10 23:45:21 - [TEST_STEP][PASSED] - if (i == 2 &amp;&amp; wildList.indexOf(symbol) != -1): null

2019-08-10 23:45:21 - [TEST_STEP][PASSED] - if (i == 3 &amp;&amp; wildList.indexOf(symbol) != -1): null

2019-08-10 23:45:21 - [TEST_STEP][PASSED] - if (i == 4 &amp;&amp; wildList.indexOf(symbol) != -1): null

2019-08-10 23:45:21 - [TEST_STEP][PASSED] - symbol = symbol: null

2019-08-10 23:45:21 - [TEST_STEP][PASSED] - println(symbol): null

2019-08-10 23:45:21 - [TEST_STEP][PASSED] - if (i == 2 &amp;&amp; wildList.indexOf(symbol) != -1): null

2019-08-10 23:45:21 - [TEST_STEP][PASSED] - if (i == 3 &amp;&amp; wildList.indexOf(symbol) != -1): null

2019-08-10 23:45:21 - [TEST_STEP][PASSED] - if (i == 4 &amp;&amp; wildList.indexOf(symbol) != -1): null

2019-08-10 23:45:21 - [TEST_STEP][PASSED] - symbol = symbol: null

2019-08-10 23:45:21 - [TEST_STEP][PASSED] - println(symbol): null

2019-08-10 23:45:21 - [TEST_STEP][PASSED] - if (i == 2 &amp;&amp; wildList.indexOf(symbol) != -1): null

2019-08-10 23:45:21 - [TEST_STEP][PASSED] - if (i == 3 &amp;&amp; wildList.indexOf(symbol) != -1): null

2019-08-10 23:45:21 - [TEST_STEP][PASSED] - if (i == 4 &amp;&amp; wildList.indexOf(symbol) != -1): null

2019-08-10 23:45:21 - [TEST_STEP][PASSED] - symbols = symbols: null

2019-08-10 23:45:21 - [TEST_STEP][PASSED] - for ([j = 0, j &lt; symbols.size(), (j++)]): null

2019-08-10 23:45:21 - [TEST_STEP][PASSED] - symbol = symbol: null

2019-08-10 23:45:21 - [TEST_STEP][PASSED] - println(symbol): null

2019-08-10 23:45:21 - [TEST_STEP][PASSED] - if (i == 2 &amp;&amp; wildList.indexOf(symbol) != -1): null

2019-08-10 23:45:21 - [TEST_STEP][PASSED] - if (i == 3 &amp;&amp; wildList.indexOf(symbol) != -1): null

2019-08-10 23:45:21 - [TEST_STEP][PASSED] - if (i == 4 &amp;&amp; wildList.indexOf(symbol) != -1): null

2019-08-10 23:45:21 - [TEST_STEP][PASSED] - symbol = symbol: null

2019-08-10 23:45:21 - [TEST_STEP][PASSED] - println(symbol): null

2019-08-10 23:45:21 - [TEST_STEP][PASSED] - if (i == 2 &amp;&amp; wildList.indexOf(symbol) != -1): null

2019-08-10 23:45:21 - [TEST_STEP][PASSED] - if (i == 3 &amp;&amp; wildList.indexOf(symbol) != -1): null

2019-08-10 23:45:21 - [TEST_STEP][PASSED] - if (i == 4 &amp;&amp; wildList.indexOf(symbol) != -1): null

2019-08-10 23:45:21 - [TEST_STEP][PASSED] - symbol = symbol: null

2019-08-10 23:45:21 - [TEST_STEP][PASSED] - println(symbol): null

2019-08-10 23:45:21 - [TEST_STEP][PASSED] - if (i == 2 &amp;&amp; wildList.indexOf(symbol) != -1): null

2019-08-10 23:45:21 - [TEST_STEP][PASSED] - if (i == 3 &amp;&amp; wildList.indexOf(symbol) != -1): null

2019-08-10 23:45:21 - [TEST_STEP][PASSED] - if (i == 4 &amp;&amp; wildList.indexOf(symbol) != -1): null

2019-08-10 23:45:21 - [TEST_STEP][PASSED] - free_spin_reel_counter = free_spin_reel_counter: null

2019-08-10 23:45:21 - [TEST_STEP][PASSED] - println("reel 3 wild found: " + free_spin_reel_counter[0]): null

2019-08-10 23:45:21 - [TEST_STEP][PASSED] - println("reel 4 wild found: " + free_spin_reel_counter[1]): null

2019-08-10 23:45:21 - [TEST_STEP][PASSED] - println("reel 5 wild found: " + free_spin_reel_counter[2]): null

2019-08-10 23:45:21 - [TEST_STEP][PASSED] - M4_spin_reels = M4_spin_reels: null

2019-08-10 23:45:21 - [TEST_STEP][PASSED] - M4_spin_reels_symbols = symbol: null

2019-08-10 23:45:21 - [TEST_STEP][PASSED] - M4_spin_reels_symbols = M4_spin_reels_symbols: null

2019-08-10 23:45:21 - [TEST_STEP][PASSED] - M4_spin_reel_wins = reel_wins: null

2019-08-10 23:45:21 - [TEST_STEP][PASSED] - M4_spin_reel_wins = M4_spin_reel_wins: null

2019-08-10 23:45:21 - [TEST_STEP][PASSED] - println("GlobalVariable.M4_spin_reel_wins is: " + M4_spin_reel_wins): null

2019-08-10 23:45:21 - [TEST_STEP][PASSED] - M4_spin_total_bonus_win_this_round = total_bonus_win_this_round: null

2019-08-10 23:45:21 - [TEST_STEP][PASSED] - M4_spin_total_bonus_win_this_round = M4_spin_total_bonus_win_this_round: null

2019-08-10 23:45:21 - [TEST_STEP][PASSED] - println("GlobalVariable.M4_spin_total_bonus_win_this_round is: " + M4_spin_total_bonus_win_this_round): null

2019-08-10 23:45:21 - [MESSAGE][PASSED] - Verify response successfully

2019-08-10 23:45:21 - [MESSAGE][PASSED] - Send request and verify the response successfully

2019-08-10 23:45:21 - [TEST_STEP][PASSED] - if (M4_total_bonus_spins_int != 0 &amp;&amp; M4_spin_reels_symbols[2].contains("WILD_ExtraFG") || M4_spin_reels_symbols[3].contains("WILD_ExtraFG")): null

2019-08-10 23:45:21 - [TEST_STEP][PASSED] - free_spin_reel_counter = free_spin_reel_counter: null

2019-08-10 23:45:21 - [TEST_STEP][PASSED] - M4_spin_reels_symbols = M4_spin_reels_symbols: null

2019-08-10 23:45:21 - [TEST_STEP][PASSED] - M4_total_bonus_spins = M4_total_bonus_spins: null

2019-08-10 23:45:21 - [TEST_STEP][PASSED] - spin_result = sendRequestAndVerify(findTestObject("RGS(M4)/1_M4_spin", ["M4_login_user_id":M4_login_user_id, "rgs_session_token":rgs_session_token, "partner":Partner])): Send request and verify the response successfully

2019-08-10 23:45:21 - [TEST_CASE][PASSED] - Start Test Case : Verification: Verification accomplished successfully

2019-08-10 23:45:21 - [TEST_STEP][PASSED] - request = getInstance().getCurrentRequest(): null

2019-08-10 23:45:21 - [TEST_STEP][PASSED] - response = getInstance().getCurrentResponse(): null

2019-08-10 23:45:21 - [TEST_STEP][PASSED] - verifyResponseStatusCode(response, 200): Verify response status code successfully

2019-08-10 23:45:21 - [MESSAGE][PASSED] - Verify response status code successfully

2019-08-10 23:45:21 - [TEST_STEP][PASSED] - getStatusCode()).isEqualTo(200): null

2019-08-10 23:45:21 - [TEST_STEP][PASSED] - newline = System.getProperty("line.separator"): null

2019-08-10 23:45:21 - [TEST_STEP][PASSED] - M4_spin = new groovy.json.JsonSlurper(): null

2019-08-10 23:45:21 - [TEST_STEP][PASSED] - result_M4_spin = M4_spin.parseText(response.getResponseBodyContent()): null

2019-08-10 23:45:21 - [TEST_STEP][PASSED] - M4_spin_current_balance = current_balance: null

2019-08-10 23:45:21 - [TEST_STEP][PASSED] - M4_spin_current_balance = M4_spin_current_balance: null

2019-08-10 23:45:21 - [TEST_STEP][PASSED] - M4_spin_transaction_id = causality: null

2019-08-10 23:45:21 - [TEST_STEP][PASSED] - M4_spin_transaction_id = M4_spin_transaction_id: null

2019-08-10 23:45:21 - [TEST_STEP][PASSED] - M4_spin_round_id = round_id: null

2019-08-10 23:45:21 - [TEST_STEP][PASSED] - M4_spin_round_id = M4_spin_round_id: null

2019-08-10 23:45:21 - [TEST_STEP][PASSED] - M4_spin_line_wins = line_wins: null

2019-08-10 23:45:21 - [TEST_STEP][PASSED] - M4_spin_line_wins = M4_spin_line_wins: null

2019-08-10 23:45:21 - [TEST_STEP][PASSED] - M4_total_bonus_spins_int = total_bonus_spins: null

2019-08-10 23:45:21 - [TEST_STEP][PASSED] - println("******M4_total_bonus_spins type is:*******" + newline + getClass().getName()): null

2019-08-10 23:45:21 - [TEST_STEP][PASSED] - M4_total_bonus_spins_int = M4_total_bonus_spins_int: null

2019-08-10 23:45:21 - [TEST_STEP][PASSED] - M4_total_bonus_spins = Integer.toString(M4_total_bonus_spins_int): null

2019-08-10 23:45:21 - [TEST_STEP][PASSED] - M4_total_bonus_spins = M4_total_bonus_spins: null

2019-08-10 23:45:21 - [TEST_STEP][PASSED] - println("M4_total_bonus_spins is:" + M4_total_bonus_spins): null

2019-08-10 23:45:21 - [TEST_STEP][PASSED] - M4_spin_bonus_data = bonus_data: null

2019-08-10 23:45:21 - [TEST_STEP][PASSED] - M4_spin_features_triggered = result_M4_spin: null

2019-08-10 23:45:21 - [TEST_STEP][PASSED] - wild = []: null

2019-08-10 23:45:21 - [TEST_STEP][PASSED] - wild[0] = "WILD_Expanding": null

2019-08-10 23:45:21 - [TEST_STEP][PASSED] - wild[1] = "WILD_Normal": null

2019-08-10 23:45:21 - [TEST_STEP][PASSED] - wild[2] = "WILD_Double": null

2019-08-10 23:45:21 - [TEST_STEP][PASSED] - wild[3] = "WILD_ExtraFG": null

2019-08-10 23:45:21 - [TEST_STEP][PASSED] - wild[4] = "WILD_Triple": null

2019-08-10 23:45:21 - [TEST_STEP][PASSED] - wildList = Arrays.asList(wild): null

2019-08-10 23:45:21 - [TEST_STEP][PASSED] - wildList = wildList: null

2019-08-10 23:45:21 - [TEST_STEP][PASSED] - free_spin_reel_counter = []: null

2019-08-10 23:45:21 - [TEST_STEP][PASSED] - free_spin_reel_counter[0] = 0: null

2019-08-10 23:45:21 - [TEST_STEP][PASSED] - free_spin_reel_counter[1] = 0: null

2019-08-10 23:45:21 - [TEST_STEP][PASSED] - free_spin_reel_counter[2] = 0: null

2019-08-10 23:45:21 - [TEST_STEP][PASSED] - M4_spin_reels = reels: null

2019-08-10 23:45:21 - [TEST_STEP][PASSED] - for ([i = 0, i &lt; M4_spin_reels.size(), (i++)]): null

2019-08-10 23:45:21 - [TEST_STEP][PASSED] - symbols = symbols: null

2019-08-10 23:45:21 - [TEST_STEP][PASSED] - for ([j = 0, j &lt; symbols.size(), (j++)]): null

2019-08-10 23:45:21 - [TEST_STEP][PASSED] - symbol = symbol: null

2019-08-10 23:45:21 - [TEST_STEP][PASSED] - println(symbol): null

2019-08-10 23:45:21 - [TEST_STEP][PASSED] - if (i == 2 &amp;&amp; wildList.indexOf(symbol) != -1): null

2019-08-10 23:45:21 - [TEST_STEP][PASSED] - if (i == 3 &amp;&amp; wildList.indexOf(symbol) != -1): null

2019-08-10 23:45:21 - [TEST_STEP][PASSED] - if (i == 4 &amp;&amp; wildList.indexOf(symbol) != -1): null

2019-08-10 23:45:21 - [TEST_STEP][PASSED] - symbol = symbol: null

2019-08-10 23:45:21 - [TEST_STEP][PASSED] - println(symbol): null

2019-08-10 23:45:21 - [TEST_STEP][PASSED] - if (i == 2 &amp;&amp; wildList.indexOf(symbol) != -1): null

2019-08-10 23:45:21 - [TEST_STEP][PASSED] - if (i == 3 &amp;&amp; wildList.indexOf(symbol) != -1): null

2019-08-10 23:45:21 - [TEST_STEP][PASSED] - if (i == 4 &amp;&amp; wildList.indexOf(symbol) != -1): null

2019-08-10 23:45:21 - [TEST_STEP][PASSED] - symbol = symbol: null

2019-08-10 23:45:21 - [TEST_STEP][PASSED] - println(symbol): null

2019-08-10 23:45:21 - [TEST_STEP][PASSED] - if (i == 2 &amp;&amp; wildList.indexOf(symbol) != -1): null

2019-08-10 23:45:21 - [TEST_STEP][PASSED] - if (i == 3 &amp;&amp; wildList.indexOf(symbol) != -1): null

2019-08-10 23:45:21 - [TEST_STEP][PASSED] - if (i == 4 &amp;&amp; wildList.indexOf(symbol) != -1): null

2019-08-10 23:45:21 - [TEST_STEP][PASSED] - symbols = symbols: null

2019-08-10 23:45:21 - [TEST_STEP][PASSED] - for ([j = 0, j &lt; symbols.size(), (j++)]): null

2019-08-10 23:45:21 - [TEST_STEP][PASSED] - symbol = symbol: null

2019-08-10 23:45:21 - [TEST_STEP][PASSED] - println(symbol): null

2019-08-10 23:45:21 - [TEST_STEP][PASSED] - if (i == 2 &amp;&amp; wildList.indexOf(symbol) != -1): null

2019-08-10 23:45:21 - [TEST_STEP][PASSED] - if (i == 3 &amp;&amp; wildList.indexOf(symbol) != -1): null

2019-08-10 23:45:21 - [TEST_STEP][PASSED] - if (i == 4 &amp;&amp; wildList.indexOf(symbol) != -1): null

2019-08-10 23:45:21 - [TEST_STEP][PASSED] - symbol = symbol: null

2019-08-10 23:45:21 - [TEST_STEP][PASSED] - println(symbol): null

2019-08-10 23:45:21 - [TEST_STEP][PASSED] - if (i == 2 &amp;&amp; wildList.indexOf(symbol) != -1): null

2019-08-10 23:45:21 - [TEST_STEP][PASSED] - if (i == 3 &amp;&amp; wildList.indexOf(symbol) != -1): null

2019-08-10 23:45:21 - [TEST_STEP][PASSED] - if (i == 4 &amp;&amp; wildList.indexOf(symbol) != -1): null

2019-08-10 23:45:21 - [TEST_STEP][PASSED] - symbol = symbol: null

2019-08-10 23:45:21 - [TEST_STEP][PASSED] - println(symbol): null

2019-08-10 23:45:21 - [TEST_STEP][PASSED] - if (i == 2 &amp;&amp; wildList.indexOf(symbol) != -1): null

2019-08-10 23:45:21 - [TEST_STEP][PASSED] - if (i == 3 &amp;&amp; wildList.indexOf(symbol) != -1): null

2019-08-10 23:45:21 - [TEST_STEP][PASSED] - if (i == 4 &amp;&amp; wildList.indexOf(symbol) != -1): null

2019-08-10 23:45:21 - [TEST_STEP][PASSED] - symbols = symbols: null

2019-08-10 23:45:21 - [TEST_STEP][PASSED] - for ([j = 0, j &lt; symbols.size(), (j++)]): null

2019-08-10 23:45:21 - [TEST_STEP][PASSED] - symbol = symbol: null

2019-08-10 23:45:21 - [TEST_STEP][PASSED] - println(symbol): null

2019-08-10 23:45:21 - [TEST_STEP][PASSED] - if (i == 2 &amp;&amp; wildList.indexOf(symbol) != -1): null

2019-08-10 23:45:21 - [TEST_STEP][PASSED] - println("wild found on reel 3, adding counter by 1"): null

2019-08-10 23:45:21 - [TEST_STEP][PASSED] - free_spin_reel_counter[0] = free_spin_reel_counter[0] + 1: null

2019-08-10 23:45:21 - [TEST_STEP][PASSED] - if (i == 3 &amp;&amp; wildList.indexOf(symbol) != -1): null

2019-08-10 23:45:21 - [TEST_STEP][PASSED] - if (i == 4 &amp;&amp; wildList.indexOf(symbol) != -1): null

2019-08-10 23:45:21 - [TEST_STEP][PASSED] - symbol = symbol: null

2019-08-10 23:45:21 - [TEST_STEP][PASSED] - println(symbol): null

2019-08-10 23:45:21 - [TEST_STEP][PASSED] - if (i == 2 &amp;&amp; wildList.indexOf(symbol) != -1): null

2019-08-10 23:45:21 - [TEST_STEP][PASSED] - if (i == 3 &amp;&amp; wildList.indexOf(symbol) != -1): null

2019-08-10 23:45:21 - [TEST_STEP][PASSED] - if (i == 4 &amp;&amp; wildList.indexOf(symbol) != -1): null

2019-08-10 23:45:21 - [TEST_STEP][PASSED] - symbol = symbol: null

2019-08-10 23:45:21 - [TEST_STEP][PASSED] - println(symbol): null

2019-08-10 23:45:21 - [TEST_STEP][PASSED] - if (i == 2 &amp;&amp; wildList.indexOf(symbol) != -1): null

2019-08-10 23:45:21 - [TEST_STEP][PASSED] - if (i == 3 &amp;&amp; wildList.indexOf(symbol) != -1): null

2019-08-10 23:45:21 - [TEST_STEP][PASSED] - if (i == 4 &amp;&amp; wildList.indexOf(symbol) != -1): null

2019-08-10 23:45:21 - [TEST_STEP][PASSED] - symbols = symbols: null

2019-08-10 23:45:21 - [TEST_STEP][PASSED] - for ([j = 0, j &lt; symbols.size(), (j++)]): null

2019-08-10 23:45:21 - [TEST_STEP][PASSED] - symbol = symbol: null

2019-08-10 23:45:21 - [TEST_STEP][PASSED] - println(symbol): null

2019-08-10 23:45:21 - [TEST_STEP][PASSED] - if (i == 2 &amp;&amp; wildList.indexOf(symbol) != -1): null

2019-08-10 23:45:21 - [TEST_STEP][PASSED] - if (i == 3 &amp;&amp; wildList.indexOf(symbol) != -1): null

2019-08-10 23:45:21 - [TEST_STEP][PASSED] - println("wild found on reel 4, adding counter by 1"): null

2019-08-10 23:45:21 - [TEST_STEP][PASSED] - free_spin_reel_counter[1] = free_spin_reel_counter[1] + 1: null

2019-08-10 23:45:21 - [TEST_STEP][PASSED] - if (i == 4 &amp;&amp; wildList.indexOf(symbol) != -1): null

2019-08-10 23:45:21 - [TEST_STEP][PASSED] - symbol = symbol: null

2019-08-10 23:45:21 - [TEST_STEP][PASSED] - println(symbol): null

2019-08-10 23:45:21 - [TEST_STEP][PASSED] - if (i == 2 &amp;&amp; wildList.indexOf(symbol) != -1): null

2019-08-10 23:45:21 - [TEST_STEP][PASSED] - if (i == 3 &amp;&amp; wildList.indexOf(symbol) != -1): null

2019-08-10 23:45:21 - [TEST_STEP][PASSED] - if (i == 4 &amp;&amp; wildList.indexOf(symbol) != -1): null

2019-08-10 23:45:21 - [TEST_STEP][PASSED] - symbol = symbol: null

2019-08-10 23:45:21 - [TEST_STEP][PASSED] - println(symbol): null

2019-08-10 23:45:21 - [TEST_STEP][PASSED] - if (i == 2 &amp;&amp; wildList.indexOf(symbol) != -1): null

2019-08-10 23:45:21 - [TEST_STEP][PASSED] - if (i == 3 &amp;&amp; wildList.indexOf(symbol) != -1): null

2019-08-10 23:45:21 - [TEST_STEP][PASSED] - if (i == 4 &amp;&amp; wildList.indexOf(symbol) != -1): null

2019-08-10 23:45:21 - [TEST_STEP][PASSED] - symbols = symbols: null

2019-08-10 23:45:21 - [TEST_STEP][PASSED] - for ([j = 0, j &lt; symbols.size(), (j++)]): null

2019-08-10 23:45:21 - [TEST_STEP][PASSED] - symbol = symbol: null

2019-08-10 23:45:21 - [TEST_STEP][PASSED] - println(symbol): null

2019-08-10 23:45:21 - [TEST_STEP][PASSED] - if (i == 2 &amp;&amp; wildList.indexOf(symbol) != -1): null

2019-08-10 23:45:21 - [TEST_STEP][PASSED] - if (i == 3 &amp;&amp; wildList.indexOf(symbol) != -1): null

2019-08-10 23:45:21 - [TEST_STEP][PASSED] - if (i == 4 &amp;&amp; wildList.indexOf(symbol) != -1): null

2019-08-10 23:45:21 - [TEST_STEP][PASSED] - symbol = symbol: null

2019-08-10 23:45:21 - [TEST_STEP][PASSED] - println(symbol): null

2019-08-10 23:45:21 - [TEST_STEP][PASSED] - if (i == 2 &amp;&amp; wildList.indexOf(symbol) != -1): null

2019-08-10 23:45:21 - [TEST_STEP][PASSED] - if (i == 3 &amp;&amp; wildList.indexOf(symbol) != -1): null

2019-08-10 23:45:21 - [TEST_STEP][PASSED] - if (i == 4 &amp;&amp; wildList.indexOf(symbol) != -1): null

2019-08-10 23:45:21 - [TEST_STEP][PASSED] - symbol = symbol: null

2019-08-10 23:45:21 - [TEST_STEP][PASSED] - println(symbol): null

2019-08-10 23:45:21 - [TEST_STEP][PASSED] - if (i == 2 &amp;&amp; wildList.indexOf(symbol) != -1): null

2019-08-10 23:45:21 - [TEST_STEP][PASSED] - if (i == 3 &amp;&amp; wildList.indexOf(symbol) != -1): null

2019-08-10 23:45:21 - [TEST_STEP][PASSED] - if (i == 4 &amp;&amp; wildList.indexOf(symbol) != -1): null

2019-08-10 23:45:21 - [TEST_STEP][PASSED] - free_spin_reel_counter = free_spin_reel_counter: null

2019-08-10 23:45:21 - [TEST_STEP][PASSED] - println("reel 3 wild found: " + free_spin_reel_counter[0]): null

2019-08-10 23:45:21 - [TEST_STEP][PASSED] - println("reel 4 wild found: " + free_spin_reel_counter[1]): null

2019-08-10 23:45:21 - [TEST_STEP][PASSED] - println("reel 5 wild found: " + free_spin_reel_counter[2]): null

2019-08-10 23:45:21 - [TEST_STEP][PASSED] - M4_spin_reels = M4_spin_reels: null

2019-08-10 23:45:21 - [TEST_STEP][PASSED] - M4_spin_reels_symbols = symbol: null

2019-08-10 23:45:21 - [TEST_STEP][PASSED] - M4_spin_reels_symbols = M4_spin_reels_symbols: null

2019-08-10 23:45:21 - [TEST_STEP][PASSED] - M4_spin_reel_wins = reel_wins: null

2019-08-10 23:45:21 - [TEST_STEP][PASSED] - M4_spin_reel_wins = M4_spin_reel_wins: null

2019-08-10 23:45:21 - [TEST_STEP][PASSED] - println("GlobalVariable.M4_spin_reel_wins is: " + M4_spin_reel_wins): null

2019-08-10 23:45:21 - [TEST_STEP][PASSED] - M4_spin_total_bonus_win_this_round = total_bonus_win_this_round: null

2019-08-10 23:45:21 - [TEST_STEP][PASSED] - M4_spin_total_bonus_win_this_round = M4_spin_total_bonus_win_this_round: null

2019-08-10 23:45:21 - [TEST_STEP][PASSED] - println("GlobalVariable.M4_spin_total_bonus_win_this_round is: " + M4_spin_total_bonus_win_this_round): null

2019-08-10 23:45:21 - [MESSAGE][PASSED] - Verify response successfully

2019-08-10 23:45:21 - [MESSAGE][PASSED] - Send request and verify the response successfully

2019-08-10 23:45:21 - [TEST_STEP][PASSED] - if (M4_total_bonus_spins_int != 0 &amp;&amp; M4_spin_reels_symbols[2].contains("WILD_ExtraFG") || M4_spin_reels_symbols[3].contains("WILD_ExtraFG")): null

2019-08-10 23:45:21 - [TEST_STEP][PASSED] - free_spin_reel_counter = free_spin_reel_counter: null

2019-08-10 23:45:21 - [TEST_STEP][PASSED] - M4_spin_reels_symbols = M4_spin_reels_symbols: null

2019-08-10 23:45:21 - [TEST_STEP][PASSED] - M4_total_bonus_spins = M4_total_bonus_spins: null

2019-08-10 23:45:21 - [TEST_STEP][PASSED] - spin_result = sendRequestAndVerify(findTestObject("RGS(M4)/1_M4_spin", ["M4_login_user_id":M4_login_user_id, "rgs_session_token":rgs_session_token, "partner":Partner])): Send request and verify the response successfully

2019-08-10 23:45:22 - [TEST_CASE][PASSED] - Start Test Case : Verification: Verification accomplished successfully

2019-08-10 23:45:22 - [TEST_STEP][PASSED] - request = getInstance().getCurrentRequest(): null

2019-08-10 23:45:22 - [TEST_STEP][PASSED] - response = getInstance().getCurrentResponse(): null

2019-08-10 23:45:22 - [TEST_STEP][PASSED] - verifyResponseStatusCode(response, 200): Verify response status code successfully

2019-08-10 23:45:22 - [MESSAGE][PASSED] - Verify response status code successfully

2019-08-10 23:45:22 - [TEST_STEP][PASSED] - getStatusCode()).isEqualTo(200): null

2019-08-10 23:45:22 - [TEST_STEP][PASSED] - newline = System.getProperty("line.separator"): null

2019-08-10 23:45:22 - [TEST_STEP][PASSED] - M4_spin = new groovy.json.JsonSlurper(): null

2019-08-10 23:45:22 - [TEST_STEP][PASSED] - result_M4_spin = M4_spin.parseText(response.getResponseBodyContent()): null

2019-08-10 23:45:22 - [TEST_STEP][PASSED] - M4_spin_current_balance = current_balance: null

2019-08-10 23:45:22 - [TEST_STEP][PASSED] - M4_spin_current_balance = M4_spin_current_balance: null

2019-08-10 23:45:22 - [TEST_STEP][PASSED] - M4_spin_transaction_id = causality: null

2019-08-10 23:45:22 - [TEST_STEP][PASSED] - M4_spin_transaction_id = M4_spin_transaction_id: null

2019-08-10 23:45:22 - [TEST_STEP][PASSED] - M4_spin_round_id = round_id: null

2019-08-10 23:45:22 - [TEST_STEP][PASSED] - M4_spin_round_id = M4_spin_round_id: null

2019-08-10 23:45:22 - [TEST_STEP][PASSED] - M4_spin_line_wins = line_wins: null

2019-08-10 23:45:22 - [TEST_STEP][PASSED] - M4_spin_line_wins = M4_spin_line_wins: null

2019-08-10 23:45:22 - [TEST_STEP][PASSED] - M4_total_bonus_spins_int = total_bonus_spins: null

2019-08-10 23:45:22 - [TEST_STEP][PASSED] - println("******M4_total_bonus_spins type is:*******" + newline + getClass().getName()): null

2019-08-10 23:45:22 - [TEST_STEP][PASSED] - M4_total_bonus_spins_int = M4_total_bonus_spins_int: null

2019-08-10 23:45:22 - [TEST_STEP][PASSED] - M4_total_bonus_spins = Integer.toString(M4_total_bonus_spins_int): null

2019-08-10 23:45:22 - [TEST_STEP][PASSED] - M4_total_bonus_spins = M4_total_bonus_spins: null

2019-08-10 23:45:22 - [TEST_STEP][PASSED] - println("M4_total_bonus_spins is:" + M4_total_bonus_spins): null

2019-08-10 23:45:22 - [TEST_STEP][PASSED] - M4_spin_bonus_data = bonus_data: null

2019-08-10 23:45:22 - [TEST_STEP][PASSED] - M4_spin_features_triggered = result_M4_spin: null

2019-08-10 23:45:22 - [TEST_STEP][PASSED] - wild = []: null

2019-08-10 23:45:22 - [TEST_STEP][PASSED] - wild[0] = "WILD_Expanding": null

2019-08-10 23:45:22 - [TEST_STEP][PASSED] - wild[1] = "WILD_Normal": null

2019-08-10 23:45:22 - [TEST_STEP][PASSED] - wild[2] = "WILD_Double": null

2019-08-10 23:45:22 - [TEST_STEP][PASSED] - wild[3] = "WILD_ExtraFG": null

2019-08-10 23:45:22 - [TEST_STEP][PASSED] - wild[4] = "WILD_Triple": null

2019-08-10 23:45:22 - [TEST_STEP][PASSED] - wildList = Arrays.asList(wild): null

2019-08-10 23:45:22 - [TEST_STEP][PASSED] - wildList = wildList: null

2019-08-10 23:45:22 - [TEST_STEP][PASSED] - free_spin_reel_counter = []: null

2019-08-10 23:45:22 - [TEST_STEP][PASSED] - free_spin_reel_counter[0] = 0: null

2019-08-10 23:45:22 - [TEST_STEP][PASSED] - free_spin_reel_counter[1] = 0: null

2019-08-10 23:45:22 - [TEST_STEP][PASSED] - free_spin_reel_counter[2] = 0: null

2019-08-10 23:45:22 - [TEST_STEP][PASSED] - M4_spin_reels = reels: null

2019-08-10 23:45:22 - [TEST_STEP][PASSED] - for ([i = 0, i &lt; M4_spin_reels.size(), (i++)]): null

2019-08-10 23:45:22 - [TEST_STEP][PASSED] - symbols = symbols: null

2019-08-10 23:45:22 - [TEST_STEP][PASSED] - for ([j = 0, j &lt; symbols.size(), (j++)]): null

2019-08-10 23:45:22 - [TEST_STEP][PASSED] - symbol = symbol: null

2019-08-10 23:45:22 - [TEST_STEP][PASSED] - println(symbol): null

2019-08-10 23:45:22 - [TEST_STEP][PASSED] - if (i == 2 &amp;&amp; wildList.indexOf(symbol) != -1): null

2019-08-10 23:45:22 - [TEST_STEP][PASSED] - if (i == 3 &amp;&amp; wildList.indexOf(symbol) != -1): null

2019-08-10 23:45:22 - [TEST_STEP][PASSED] - if (i == 4 &amp;&amp; wildList.indexOf(symbol) != -1): null

2019-08-10 23:45:22 - [TEST_STEP][PASSED] - symbol = symbol: null

2019-08-10 23:45:22 - [TEST_STEP][PASSED] - println(symbol): null

2019-08-10 23:45:22 - [TEST_STEP][PASSED] - if (i == 2 &amp;&amp; wildList.indexOf(symbol) != -1): null

2019-08-10 23:45:22 - [TEST_STEP][PASSED] - if (i == 3 &amp;&amp; wildList.indexOf(symbol) != -1): null

2019-08-10 23:45:22 - [TEST_STEP][PASSED] - if (i == 4 &amp;&amp; wildList.indexOf(symbol) != -1): null

2019-08-10 23:45:22 - [TEST_STEP][PASSED] - symbol = symbol: null

2019-08-10 23:45:22 - [TEST_STEP][PASSED] - println(symbol): null

2019-08-10 23:45:22 - [TEST_STEP][PASSED] - if (i == 2 &amp;&amp; wildList.indexOf(symbol) != -1): null

2019-08-10 23:45:22 - [TEST_STEP][PASSED] - if (i == 3 &amp;&amp; wildList.indexOf(symbol) != -1): null

2019-08-10 23:45:22 - [TEST_STEP][PASSED] - if (i == 4 &amp;&amp; wildList.indexOf(symbol) != -1): null

2019-08-10 23:45:22 - [TEST_STEP][PASSED] - symbols = symbols: null

2019-08-10 23:45:22 - [TEST_STEP][PASSED] - for ([j = 0, j &lt; symbols.size(), (j++)]): null

2019-08-10 23:45:22 - [TEST_STEP][PASSED] - symbol = symbol: null

2019-08-10 23:45:22 - [TEST_STEP][PASSED] - println(symbol): null

2019-08-10 23:45:22 - [TEST_STEP][PASSED] - if (i == 2 &amp;&amp; wildList.indexOf(symbol) != -1): null

2019-08-10 23:45:22 - [TEST_STEP][PASSED] - if (i == 3 &amp;&amp; wildList.indexOf(symbol) != -1): null

2019-08-10 23:45:22 - [TEST_STEP][PASSED] - if (i == 4 &amp;&amp; wildList.indexOf(symbol) != -1): null

2019-08-10 23:45:25 - [TEST_STEP][PASSED] - symbol = symbol: null

2019-08-10 23:45:25 - [TEST_STEP][PASSED] - println(symbol): null

2019-08-10 23:45:25 - [TEST_STEP][PASSED] - if (i == 2 &amp;&amp; wildList.indexOf(symbol) != -1): null

2019-08-10 23:45:25 - [TEST_STEP][PASSED] - if (i == 3 &amp;&amp; wildList.indexOf(symbol) != -1): null

2019-08-10 23:45:25 - [TEST_STEP][PASSED] - if (i == 4 &amp;&amp; wildList.indexOf(symbol) != -1): null

2019-08-10 23:45:25 - [TEST_STEP][PASSED] - symbol = symbol: null

2019-08-10 23:45:25 - [TEST_STEP][PASSED] - println(symbol): null

2019-08-10 23:45:25 - [TEST_STEP][PASSED] - if (i == 2 &amp;&amp; wildList.indexOf(symbol) != -1): null

2019-08-10 23:45:25 - [TEST_STEP][PASSED] - if (i == 3 &amp;&amp; wildList.indexOf(symbol) != -1): null

2019-08-10 23:45:25 - [TEST_STEP][PASSED] - if (i == 4 &amp;&amp; wildList.indexOf(symbol) != -1): null

2019-08-10 23:45:25 - [TEST_STEP][PASSED] - symbols = symbols: null

2019-08-10 23:45:25 - [TEST_STEP][PASSED] - for ([j = 0, j &lt; symbols.size(), (j++)]): null

2019-08-10 23:45:25 - [TEST_STEP][PASSED] - symbol = symbol: null

2019-08-10 23:45:25 - [TEST_STEP][PASSED] - println(symbol): null

2019-08-10 23:45:25 - [TEST_STEP][PASSED] - if (i == 2 &amp;&amp; wildList.indexOf(symbol) != -1): null

2019-08-10 23:45:25 - [TEST_STEP][PASSED] - if (i == 3 &amp;&amp; wildList.indexOf(symbol) != -1): null

2019-08-10 23:45:25 - [TEST_STEP][PASSED] - if (i == 4 &amp;&amp; wildList.indexOf(symbol) != -1): null

2019-08-10 23:45:25 - [TEST_STEP][PASSED] - symbol = symbol: null

2019-08-10 23:45:25 - [TEST_STEP][PASSED] - println(symbol): null

2019-08-10 23:45:25 - [TEST_STEP][PASSED] - if (i == 2 &amp;&amp; wildList.indexOf(symbol) != -1): null

2019-08-10 23:45:25 - [TEST_STEP][PASSED] - if (i == 3 &amp;&amp; wildList.indexOf(symbol) != -1): null

2019-08-10 23:45:25 - [TEST_STEP][PASSED] - if (i == 4 &amp;&amp; wildList.indexOf(symbol) != -1): null

2019-08-10 23:45:25 - [TEST_STEP][PASSED] - symbol = symbol: null

2019-08-10 23:45:25 - [TEST_STEP][PASSED] - println(symbol): null

2019-08-10 23:45:25 - [TEST_STEP][PASSED] - if (i == 2 &amp;&amp; wildList.indexOf(symbol) != -1): null

2019-08-10 23:45:25 - [TEST_STEP][PASSED] - if (i == 3 &amp;&amp; wildList.indexOf(symbol) != -1): null

2019-08-10 23:45:25 - [TEST_STEP][PASSED] - if (i == 4 &amp;&amp; wildList.indexOf(symbol) != -1): null

2019-08-10 23:45:25 - [TEST_STEP][PASSED] - symbols = symbols: null

2019-08-10 23:45:25 - [TEST_STEP][PASSED] - for ([j = 0, j &lt; symbols.size(), (j++)]): null

2019-08-10 23:45:25 - [TEST_STEP][PASSED] - symbol = symbol: null

2019-08-10 23:45:25 - [TEST_STEP][PASSED] - println(symbol): null

2019-08-10 23:45:25 - [TEST_STEP][PASSED] - if (i == 2 &amp;&amp; wildList.indexOf(symbol) != -1): null

2019-08-10 23:45:25 - [TEST_STEP][PASSED] - if (i == 3 &amp;&amp; wildList.indexOf(symbol) != -1): null

2019-08-10 23:45:25 - [TEST_STEP][PASSED] - if (i == 4 &amp;&amp; wildList.indexOf(symbol) != -1): null

2019-08-10 23:45:25 - [TEST_STEP][PASSED] - symbol = symbol: null

2019-08-10 23:45:25 - [TEST_STEP][PASSED] - println(symbol): null

2019-08-10 23:45:25 - [TEST_STEP][PASSED] - if (i == 2 &amp;&amp; wildList.indexOf(symbol) != -1): null

2019-08-10 23:45:25 - [TEST_STEP][PASSED] - if (i == 3 &amp;&amp; wildList.indexOf(symbol) != -1): null

2019-08-10 23:45:25 - [TEST_STEP][PASSED] - if (i == 4 &amp;&amp; wildList.indexOf(symbol) != -1): null

2019-08-10 23:45:25 - [TEST_STEP][PASSED] - symbol = symbol: null

2019-08-10 23:45:25 - [TEST_STEP][PASSED] - println(symbol): null

2019-08-10 23:45:25 - [TEST_STEP][PASSED] - if (i == 2 &amp;&amp; wildList.indexOf(symbol) != -1): null

2019-08-10 23:45:25 - [TEST_STEP][PASSED] - if (i == 3 &amp;&amp; wildList.indexOf(symbol) != -1): null

2019-08-10 23:45:25 - [TEST_STEP][PASSED] - if (i == 4 &amp;&amp; wildList.indexOf(symbol) != -1): null

2019-08-10 23:45:25 - [TEST_STEP][PASSED] - symbols = symbols: null

2019-08-10 23:45:25 - [TEST_STEP][PASSED] - for ([j = 0, j &lt; symbols.size(), (j++)]): null

2019-08-10 23:45:25 - [TEST_STEP][PASSED] - symbol = symbol: null

2019-08-10 23:45:25 - [TEST_STEP][PASSED] - println(symbol): null

2019-08-10 23:45:25 - [TEST_STEP][PASSED] - if (i == 2 &amp;&amp; wildList.indexOf(symbol) != -1): null

2019-08-10 23:45:25 - [TEST_STEP][PASSED] - if (i == 3 &amp;&amp; wildList.indexOf(symbol) != -1): null

2019-08-10 23:45:25 - [TEST_STEP][PASSED] - if (i == 4 &amp;&amp; wildList.indexOf(symbol) != -1): null

2019-08-10 23:45:25 - [TEST_STEP][PASSED] - symbol = symbol: null

2019-08-10 23:45:25 - [TEST_STEP][PASSED] - println(symbol): null

2019-08-10 23:45:25 - [TEST_STEP][PASSED] - if (i == 2 &amp;&amp; wildList.indexOf(symbol) != -1): null

2019-08-10 23:45:25 - [TEST_STEP][PASSED] - if (i == 3 &amp;&amp; wildList.indexOf(symbol) != -1): null

2019-08-10 23:45:25 - [TEST_STEP][PASSED] - if (i == 4 &amp;&amp; wildList.indexOf(symbol) != -1): null

2019-08-10 23:45:25 - [TEST_STEP][PASSED] - symbol = symbol: null

2019-08-10 23:45:25 - [TEST_STEP][PASSED] - println(symbol): null

2019-08-10 23:45:25 - [TEST_STEP][PASSED] - if (i == 2 &amp;&amp; wildList.indexOf(symbol) != -1): null

2019-08-10 23:45:25 - [TEST_STEP][PASSED] - if (i == 3 &amp;&amp; wildList.indexOf(symbol) != -1): null

2019-08-10 23:45:25 - [TEST_STEP][PASSED] - if (i == 4 &amp;&amp; wildList.indexOf(symbol) != -1): null

2019-08-10 23:45:25 - [TEST_STEP][PASSED] - free_spin_reel_counter = free_spin_reel_counter: null

2019-08-10 23:45:25 - [TEST_STEP][PASSED] - println("reel 3 wild found: " + free_spin_reel_counter[0]): null

2019-08-10 23:45:25 - [TEST_STEP][PASSED] - println("reel 4 wild found: " + free_spin_reel_counter[1]): null

2019-08-10 23:45:25 - [TEST_STEP][PASSED] - println("reel 5 wild found: " + free_spin_reel_counter[2]): null

2019-08-10 23:45:25 - [TEST_STEP][PASSED] - M4_spin_reels = M4_spin_reels: null

2019-08-10 23:45:25 - [TEST_STEP][PASSED] - M4_spin_reels_symbols = symbol: null

2019-08-10 23:45:25 - [TEST_STEP][PASSED] - M4_spin_reels_symbols = M4_spin_reels_symbols: null

2019-08-10 23:45:25 - [TEST_STEP][PASSED] - M4_spin_reel_wins = reel_wins: null

2019-08-10 23:45:25 - [TEST_STEP][PASSED] - M4_spin_reel_wins = M4_spin_reel_wins: null

2019-08-10 23:45:25 - [TEST_STEP][PASSED] - println("GlobalVariable.M4_spin_reel_wins is: " + M4_spin_reel_wins): null

2019-08-10 23:45:25 - [TEST_STEP][PASSED] - M4_spin_total_bonus_win_this_round = total_bonus_win_this_round: null

2019-08-10 23:45:25 - [TEST_STEP][PASSED] - M4_spin_total_bonus_win_this_round = M4_spin_total_bonus_win_this_round: null

2019-08-10 23:45:25 - [TEST_STEP][PASSED] - println("GlobalVariable.M4_spin_total_bonus_win_this_round is: " + M4_spin_total_bonus_win_this_round): null

2019-08-10 23:45:25 - [MESSAGE][PASSED] - Verify response successfully

2019-08-10 23:45:25 - [MESSAGE][PASSED] - Send request and verify the response successfully

2019-08-10 23:45:25 - [TEST_STEP][PASSED] - if (M4_total_bonus_spins_int != 0 &amp;&amp; M4_spin_reels_symbols[2].contains("WILD_ExtraFG") || M4_spin_reels_symbols[3].contains("WILD_ExtraFG")): null

2019-08-10 23:45:25 - [TEST_STEP][PASSED] - free_spin_reel_counter = free_spin_reel_counter: null

2019-08-10 23:45:25 - [TEST_STEP][PASSED] - M4_spin_reels_symbols = M4_spin_reels_symbols: null

2019-08-10 23:45:25 - [TEST_STEP][PASSED] - M4_total_bonus_spins = M4_total_bonus_spins: null

2019-08-10 23:45:25 - [TEST_STEP][PASSED] - spin_result = sendRequestAndVerify(findTestObject("RGS(M4)/1_M4_spin", ["M4_login_user_id":M4_login_user_id, "rgs_session_token":rgs_session_token, "partner":Partner])): Send request and verify the response successfully

2019-08-10 23:45:26 - [TEST_CASE][PASSED] - Start Test Case : Verification: Verification accomplished successfully

2019-08-10 23:45:26 - [TEST_STEP][PASSED] - request = getInstance().getCurrentRequest(): null

2019-08-10 23:45:26 - [TEST_STEP][PASSED] - response = getInstance().getCurrentResponse(): null

2019-08-10 23:45:26 - [TEST_STEP][PASSED] - verifyResponseStatusCode(response, 200): Verify response status code successfully

2019-08-10 23:45:26 - [MESSAGE][PASSED] - Verify response status code successfully

2019-08-10 23:45:26 - [TEST_STEP][PASSED] - getStatusCode()).isEqualTo(200): null

2019-08-10 23:45:26 - [TEST_STEP][PASSED] - newline = System.getProperty("line.separator"): null

2019-08-10 23:45:26 - [TEST_STEP][PASSED] - M4_spin = new groovy.json.JsonSlurper(): null

2019-08-10 23:45:26 - [TEST_STEP][PASSED] - result_M4_spin = M4_spin.parseText(response.getResponseBodyContent()): null

2019-08-10 23:45:26 - [TEST_STEP][PASSED] - M4_spin_current_balance = current_balance: null

2019-08-10 23:45:26 - [TEST_STEP][PASSED] - M4_spin_current_balance = M4_spin_current_balance: null

2019-08-10 23:45:26 - [TEST_STEP][PASSED] - M4_spin_transaction_id = causality: null

2019-08-10 23:45:26 - [TEST_STEP][PASSED] - M4_spin_transaction_id = M4_spin_transaction_id: null

2019-08-10 23:45:26 - [TEST_STEP][PASSED] - M4_spin_round_id = round_id: null

2019-08-10 23:45:26 - [TEST_STEP][PASSED] - M4_spin_round_id = M4_spin_round_id: null

2019-08-10 23:45:26 - [TEST_STEP][PASSED] - M4_spin_line_wins = line_wins: null

2019-08-10 23:45:26 - [TEST_STEP][PASSED] - M4_spin_line_wins = M4_spin_line_wins: null

2019-08-10 23:45:26 - [TEST_STEP][PASSED] - M4_total_bonus_spins_int = total_bonus_spins: null

2019-08-10 23:45:26 - [TEST_STEP][PASSED] - println("******M4_total_bonus_spins type is:*******" + newline + getClass().getName()): null

2019-08-10 23:45:26 - [TEST_STEP][PASSED] - M4_total_bonus_spins_int = M4_total_bonus_spins_int: null

2019-08-10 23:45:26 - [TEST_STEP][PASSED] - M4_total_bonus_spins = Integer.toString(M4_total_bonus_spins_int): null

2019-08-10 23:45:26 - [TEST_STEP][PASSED] - M4_total_bonus_spins = M4_total_bonus_spins: null

2019-08-10 23:45:26 - [TEST_STEP][PASSED] - println("M4_total_bonus_spins is:" + M4_total_bonus_spins): null

2019-08-10 23:45:26 - [TEST_STEP][PASSED] - M4_spin_bonus_data = bonus_data: null

2019-08-10 23:45:26 - [TEST_STEP][PASSED] - M4_spin_features_triggered = result_M4_spin: null

2019-08-10 23:45:26 - [TEST_STEP][PASSED] - wild = []: null

2019-08-10 23:45:26 - [TEST_STEP][PASSED] - wild[0] = "WILD_Expanding": null

2019-08-10 23:45:26 - [TEST_STEP][PASSED] - wild[1] = "WILD_Normal": null

2019-08-10 23:45:26 - [TEST_STEP][PASSED] - wild[2] = "WILD_Double": null

2019-08-10 23:45:26 - [TEST_STEP][PASSED] - wild[3] = "WILD_ExtraFG": null

2019-08-10 23:45:26 - [TEST_STEP][PASSED] - wild[4] = "WILD_Triple": null

2019-08-10 23:45:26 - [TEST_STEP][PASSED] - wildList = Arrays.asList(wild): null

2019-08-10 23:45:26 - [TEST_STEP][PASSED] - wildList = wildList: null

2019-08-10 23:45:26 - [TEST_STEP][PASSED] - free_spin_reel_counter = []: null

2019-08-10 23:45:26 - [TEST_STEP][PASSED] - free_spin_reel_counter[0] = 0: null

2019-08-10 23:45:26 - [TEST_STEP][PASSED] - free_spin_reel_counter[1] = 0: null

2019-08-10 23:45:26 - [TEST_STEP][PASSED] - free_spin_reel_counter[2] = 0: null

2019-08-10 23:45:26 - [TEST_STEP][PASSED] - M4_spin_reels = reels: null

2019-08-10 23:45:26 - [TEST_STEP][PASSED] - for ([i = 0, i &lt; M4_spin_reels.size(), (i++)]): null

2019-08-10 23:45:26 - [TEST_STEP][PASSED] - symbols = symbols: null

2019-08-10 23:45:26 - [TEST_STEP][PASSED] - for ([j = 0, j &lt; symbols.size(), (j++)]): null

2019-08-10 23:45:26 - [TEST_STEP][PASSED] - symbol = symbol: null

2019-08-10 23:45:26 - [TEST_STEP][PASSED] - println(symbol): null

2019-08-10 23:45:26 - [TEST_STEP][PASSED] - if (i == 2 &amp;&amp; wildList.indexOf(symbol) != -1): null

2019-08-10 23:45:26 - [TEST_STEP][PASSED] - if (i == 3 &amp;&amp; wildList.indexOf(symbol) != -1): null

2019-08-10 23:45:26 - [TEST_STEP][PASSED] - if (i == 4 &amp;&amp; wildList.indexOf(symbol) != -1): null

2019-08-10 23:45:26 - [TEST_STEP][PASSED] - symbol = symbol: null

2019-08-10 23:45:26 - [TEST_STEP][PASSED] - println(symbol): null

2019-08-10 23:45:26 - [TEST_STEP][PASSED] - if (i == 2 &amp;&amp; wildList.indexOf(symbol) != -1): null

2019-08-10 23:45:26 - [TEST_STEP][PASSED] - if (i == 3 &amp;&amp; wildList.indexOf(symbol) != -1): null

2019-08-10 23:45:26 - [TEST_STEP][PASSED] - if (i == 4 &amp;&amp; wildList.indexOf(symbol) != -1): null

2019-08-10 23:45:26 - [TEST_STEP][PASSED] - symbol = symbol: null

2019-08-10 23:45:26 - [TEST_STEP][PASSED] - println(symbol): null

2019-08-10 23:45:26 - [TEST_STEP][PASSED] - if (i == 2 &amp;&amp; wildList.indexOf(symbol) != -1): null

2019-08-10 23:45:26 - [TEST_STEP][PASSED] - if (i == 3 &amp;&amp; wildList.indexOf(symbol) != -1): null

2019-08-10 23:45:26 - [TEST_STEP][PASSED] - if (i == 4 &amp;&amp; wildList.indexOf(symbol) != -1): null

2019-08-10 23:45:26 - [TEST_STEP][PASSED] - symbols = symbols: null

2019-08-10 23:45:26 - [TEST_STEP][PASSED] - for ([j = 0, j &lt; symbols.size(), (j++)]): null

2019-08-10 23:45:26 - [TEST_STEP][PASSED] - symbol = symbol: null

2019-08-10 23:45:26 - [TEST_STEP][PASSED] - println(symbol): null

2019-08-10 23:45:26 - [TEST_STEP][PASSED] - if (i == 2 &amp;&amp; wildList.indexOf(symbol) != -1): null

2019-08-10 23:45:26 - [TEST_STEP][PASSED] - if (i == 3 &amp;&amp; wildList.indexOf(symbol) != -1): null

2019-08-10 23:45:26 - [TEST_STEP][PASSED] - if (i == 4 &amp;&amp; wildList.indexOf(symbol) != -1): null

2019-08-10 23:45:26 - [TEST_STEP][PASSED] - symbol = symbol: null

2019-08-10 23:45:26 - [TEST_STEP][PASSED] - println(symbol): null

2019-08-10 23:45:26 - [TEST_STEP][PASSED] - if (i == 2 &amp;&amp; wildList.indexOf(symbol) != -1): null

2019-08-10 23:45:26 - [TEST_STEP][PASSED] - if (i == 3 &amp;&amp; wildList.indexOf(symbol) != -1): null

2019-08-10 23:45:26 - [TEST_STEP][PASSED] - if (i == 4 &amp;&amp; wildList.indexOf(symbol) != -1): null

2019-08-10 23:45:26 - [TEST_STEP][PASSED] - symbol = symbol: null

2019-08-10 23:45:26 - [TEST_STEP][PASSED] - println(symbol): null

2019-08-10 23:45:26 - [TEST_STEP][PASSED] - if (i == 2 &amp;&amp; wildList.indexOf(symbol) != -1): null

2019-08-10 23:45:26 - [TEST_STEP][PASSED] - if (i == 3 &amp;&amp; wildList.indexOf(symbol) != -1): null

2019-08-10 23:45:26 - [TEST_STEP][PASSED] - if (i == 4 &amp;&amp; wildList.indexOf(symbol) != -1): null

2019-08-10 23:45:26 - [TEST_STEP][PASSED] - symbols = symbols: null

2019-08-10 23:45:26 - [TEST_STEP][PASSED] - for ([j = 0, j &lt; symbols.size(), (j++)]): null

2019-08-10 23:45:26 - [TEST_STEP][PASSED] - symbol = symbol: null

2019-08-10 23:45:26 - [TEST_STEP][PASSED] - println(symbol): null

2019-08-10 23:45:26 - [TEST_STEP][PASSED] - if (i == 2 &amp;&amp; wildList.indexOf(symbol) != -1): null

2019-08-10 23:45:26 - [TEST_STEP][PASSED] - if (i == 3 &amp;&amp; wildList.indexOf(symbol) != -1): null

2019-08-10 23:45:26 - [TEST_STEP][PASSED] - if (i == 4 &amp;&amp; wildList.indexOf(symbol) != -1): null

2019-08-10 23:45:26 - [TEST_STEP][PASSED] - symbol = symbol: null

2019-08-10 23:45:26 - [TEST_STEP][PASSED] - println(symbol): null

2019-08-10 23:45:26 - [TEST_STEP][PASSED] - if (i == 2 &amp;&amp; wildList.indexOf(symbol) != -1): null

2019-08-10 23:45:26 - [TEST_STEP][PASSED] - if (i == 3 &amp;&amp; wildList.indexOf(symbol) != -1): null

2019-08-10 23:45:26 - [TEST_STEP][PASSED] - if (i == 4 &amp;&amp; wildList.indexOf(symbol) != -1): null

2019-08-10 23:45:26 - [TEST_STEP][PASSED] - symbol = symbol: null

2019-08-10 23:45:26 - [TEST_STEP][PASSED] - println(symbol): null

2019-08-10 23:45:26 - [TEST_STEP][PASSED] - if (i == 2 &amp;&amp; wildList.indexOf(symbol) != -1): null

2019-08-10 23:45:26 - [TEST_STEP][PASSED] - if (i == 3 &amp;&amp; wildList.indexOf(symbol) != -1): null

2019-08-10 23:45:26 - [TEST_STEP][PASSED] - if (i == 4 &amp;&amp; wildList.indexOf(symbol) != -1): null

2019-08-10 23:45:26 - [TEST_STEP][PASSED] - symbols = symbols: null

2019-08-10 23:45:26 - [TEST_STEP][PASSED] - for ([j = 0, j &lt; symbols.size(), (j++)]): null

2019-08-10 23:45:26 - [TEST_STEP][PASSED] - symbol = symbol: null

2019-08-10 23:45:26 - [TEST_STEP][PASSED] - println(symbol): null

2019-08-10 23:45:26 - [TEST_STEP][PASSED] - if (i == 2 &amp;&amp; wildList.indexOf(symbol) != -1): null

2019-08-10 23:45:26 - [TEST_STEP][PASSED] - if (i == 3 &amp;&amp; wildList.indexOf(symbol) != -1): null

2019-08-10 23:45:26 - [TEST_STEP][PASSED] - if (i == 4 &amp;&amp; wildList.indexOf(symbol) != -1): null

2019-08-10 23:45:26 - [TEST_STEP][PASSED] - symbol = symbol: null

2019-08-10 23:45:26 - [TEST_STEP][PASSED] - println(symbol): null

2019-08-10 23:45:26 - [TEST_STEP][PASSED] - if (i == 2 &amp;&amp; wildList.indexOf(symbol) != -1): null

2019-08-10 23:45:26 - [TEST_STEP][PASSED] - if (i == 3 &amp;&amp; wildList.indexOf(symbol) != -1): null

2019-08-10 23:45:26 - [TEST_STEP][PASSED] - if (i == 4 &amp;&amp; wildList.indexOf(symbol) != -1): null

2019-08-10 23:45:26 - [TEST_STEP][PASSED] - symbol = symbol: null

2019-08-10 23:45:26 - [TEST_STEP][PASSED] - println(symbol): null

2019-08-10 23:45:26 - [TEST_STEP][PASSED] - if (i == 2 &amp;&amp; wildList.indexOf(symbol) != -1): null

2019-08-10 23:45:26 - [TEST_STEP][PASSED] - if (i == 3 &amp;&amp; wildList.indexOf(symbol) != -1): null

2019-08-10 23:45:26 - [TEST_STEP][PASSED] - if (i == 4 &amp;&amp; wildList.indexOf(symbol) != -1): null

2019-08-10 23:45:26 - [TEST_STEP][PASSED] - symbols = symbols: null

2019-08-10 23:45:26 - [TEST_STEP][PASSED] - for ([j = 0, j &lt; symbols.size(), (j++)]): null

2019-08-10 23:45:26 - [TEST_STEP][PASSED] - symbol = symbol: null

2019-08-10 23:45:26 - [TEST_STEP][PASSED] - println(symbol): null

2019-08-10 23:45:26 - [TEST_STEP][PASSED] - if (i == 2 &amp;&amp; wildList.indexOf(symbol) != -1): null

2019-08-10 23:45:26 - [TEST_STEP][PASSED] - if (i == 3 &amp;&amp; wildList.indexOf(symbol) != -1): null

2019-08-10 23:45:26 - [TEST_STEP][PASSED] - if (i == 4 &amp;&amp; wildList.indexOf(symbol) != -1): null

2019-08-10 23:45:26 - [TEST_STEP][PASSED] - symbol = symbol: null

2019-08-10 23:45:26 - [TEST_STEP][PASSED] - println(symbol): null

2019-08-10 23:45:26 - [TEST_STEP][PASSED] - if (i == 2 &amp;&amp; wildList.indexOf(symbol) != -1): null

2019-08-10 23:45:26 - [TEST_STEP][PASSED] - if (i == 3 &amp;&amp; wildList.indexOf(symbol) != -1): null

2019-08-10 23:45:26 - [TEST_STEP][PASSED] - if (i == 4 &amp;&amp; wildList.indexOf(symbol) != -1): null

2019-08-10 23:45:26 - [TEST_STEP][PASSED] - symbol = symbol: null

2019-08-10 23:45:26 - [TEST_STEP][PASSED] - println(symbol): null

2019-08-10 23:45:26 - [TEST_STEP][PASSED] - if (i == 2 &amp;&amp; wildList.indexOf(symbol) != -1): null

2019-08-10 23:45:26 - [TEST_STEP][PASSED] - if (i == 3 &amp;&amp; wildList.indexOf(symbol) != -1): null

2019-08-10 23:45:26 - [TEST_STEP][PASSED] - if (i == 4 &amp;&amp; wildList.indexOf(symbol) != -1): null

2019-08-10 23:45:26 - [TEST_STEP][PASSED] - free_spin_reel_counter = free_spin_reel_counter: null

2019-08-10 23:45:26 - [TEST_STEP][PASSED] - println("reel 3 wild found: " + free_spin_reel_counter[0]): null

2019-08-10 23:45:26 - [TEST_STEP][PASSED] - println("reel 4 wild found: " + free_spin_reel_counter[1]): null

2019-08-10 23:45:26 - [TEST_STEP][PASSED] - println("reel 5 wild found: " + free_spin_reel_counter[2]): null

2019-08-10 23:45:26 - [TEST_STEP][PASSED] - M4_spin_reels = M4_spin_reels: null

2019-08-10 23:45:26 - [TEST_STEP][PASSED] - M4_spin_reels_symbols = symbol: null

2019-08-10 23:45:26 - [TEST_STEP][PASSED] - M4_spin_reels_symbols = M4_spin_reels_symbols: null

2019-08-10 23:45:26 - [TEST_STEP][PASSED] - M4_spin_reel_wins = reel_wins: null

2019-08-10 23:45:26 - [TEST_STEP][PASSED] - M4_spin_reel_wins = M4_spin_reel_wins: null

2019-08-10 23:45:26 - [TEST_STEP][PASSED] - println("GlobalVariable.M4_spin_reel_wins is: " + M4_spin_reel_wins): null

2019-08-10 23:45:26 - [TEST_STEP][PASSED] - M4_spin_total_bonus_win_this_round = total_bonus_win_this_round: null

2019-08-10 23:45:26 - [TEST_STEP][PASSED] - M4_spin_total_bonus_win_this_round = M4_spin_total_bonus_win_this_round: null

2019-08-10 23:45:26 - [TEST_STEP][PASSED] - println("GlobalVariable.M4_spin_total_bonus_win_this_round is: " + M4_spin_total_bonus_win_this_round): null

2019-08-10 23:45:26 - [MESSAGE][PASSED] - Verify response successfully

2019-08-10 23:45:26 - [MESSAGE][PASSED] - Send request and verify the response successfully

2019-08-10 23:45:26 - [TEST_STEP][PASSED] - if (M4_total_bonus_spins_int != 0 &amp;&amp; M4_spin_reels_symbols[2].contains("WILD_ExtraFG") || M4_spin_reels_symbols[3].contains("WILD_ExtraFG")): null

2019-08-10 23:45:26 - [TEST_STEP][PASSED] - free_spin_reel_counter = free_spin_reel_counter: null

2019-08-10 23:45:26 - [TEST_STEP][PASSED] - M4_spin_reels_symbols = M4_spin_reels_symbols: null

2019-08-10 23:45:26 - [TEST_STEP][PASSED] - M4_total_bonus_spins = M4_total_bonus_spins: null

2019-08-10 23:45:26 - [TEST_STEP][PASSED] - spin_result = sendRequestAndVerify(findTestObject("RGS(M4)/1_M4_spin", ["M4_login_user_id":M4_login_user_id, "rgs_session_token":rgs_session_token, "partner":Partner])): Send request and verify the response successfully

2019-08-10 23:45:26 - [TEST_CASE][PASSED] - Start Test Case : Verification: Verification accomplished successfully

2019-08-10 23:45:26 - [TEST_STEP][PASSED] - request = getInstance().getCurrentRequest(): null

2019-08-10 23:45:26 - [TEST_STEP][PASSED] - response = getInstance().getCurrentResponse(): null

2019-08-10 23:45:26 - [TEST_STEP][PASSED] - verifyResponseStatusCode(response, 200): Verify response status code successfully

2019-08-10 23:45:26 - [MESSAGE][PASSED] - Verify response status code successfully

2019-08-10 23:45:26 - [TEST_STEP][PASSED] - getStatusCode()).isEqualTo(200): null

2019-08-10 23:45:26 - [TEST_STEP][PASSED] - newline = System.getProperty("line.separator"): null

2019-08-10 23:45:26 - [TEST_STEP][PASSED] - M4_spin = new groovy.json.JsonSlurper(): null

2019-08-10 23:45:26 - [TEST_STEP][PASSED] - result_M4_spin = M4_spin.parseText(response.getResponseBodyContent()): null

2019-08-10 23:45:26 - [TEST_STEP][PASSED] - M4_spin_current_balance = current_balance: null

2019-08-10 23:45:26 - [TEST_STEP][PASSED] - M4_spin_current_balance = M4_spin_current_balance: null

2019-08-10 23:45:26 - [TEST_STEP][PASSED] - M4_spin_transaction_id = causality: null

2019-08-10 23:45:26 - [TEST_STEP][PASSED] - M4_spin_transaction_id = M4_spin_transaction_id: null

2019-08-10 23:45:26 - [TEST_STEP][PASSED] - M4_spin_round_id = round_id: null

2019-08-10 23:45:26 - [TEST_STEP][PASSED] - M4_spin_round_id = M4_spin_round_id: null

2019-08-10 23:45:26 - [TEST_STEP][PASSED] - M4_spin_line_wins = line_wins: null

2019-08-10 23:45:26 - [TEST_STEP][PASSED] - M4_spin_line_wins = M4_spin_line_wins: null

2019-08-10 23:45:26 - [TEST_STEP][PASSED] - M4_total_bonus_spins_int = total_bonus_spins: null

2019-08-10 23:45:26 - [TEST_STEP][PASSED] - println("******M4_total_bonus_spins type is:*******" + newline + getClass().getName()): null

2019-08-10 23:45:26 - [TEST_STEP][PASSED] - M4_total_bonus_spins_int = M4_total_bonus_spins_int: null

2019-08-10 23:45:26 - [TEST_STEP][PASSED] - M4_total_bonus_spins = Integer.toString(M4_total_bonus_spins_int): null

2019-08-10 23:45:26 - [TEST_STEP][PASSED] - M4_total_bonus_spins = M4_total_bonus_spins: null

2019-08-10 23:45:26 - [TEST_STEP][PASSED] - println("M4_total_bonus_spins is:" + M4_total_bonus_spins): null

2019-08-10 23:45:26 - [TEST_STEP][PASSED] - M4_spin_bonus_data = bonus_data: null

2019-08-10 23:45:26 - [TEST_STEP][PASSED] - M4_spin_features_triggered = result_M4_spin: null

2019-08-10 23:45:26 - [TEST_STEP][PASSED] - wild = []: null

2019-08-10 23:45:26 - [TEST_STEP][PASSED] - wild[0] = "WILD_Expanding": null

2019-08-10 23:45:26 - [TEST_STEP][PASSED] - wild[1] = "WILD_Normal": null

2019-08-10 23:45:26 - [TEST_STEP][PASSED] - wild[2] = "WILD_Double": null

2019-08-10 23:45:26 - [TEST_STEP][PASSED] - wild[3] = "WILD_ExtraFG": null

2019-08-10 23:45:26 - [TEST_STEP][PASSED] - wild[4] = "WILD_Triple": null

2019-08-10 23:45:26 - [TEST_STEP][PASSED] - wildList = Arrays.asList(wild): null

2019-08-10 23:45:26 - [TEST_STEP][PASSED] - wildList = wildList: null

2019-08-10 23:45:26 - [TEST_STEP][PASSED] - free_spin_reel_counter = []: null

2019-08-10 23:45:26 - [TEST_STEP][PASSED] - free_spin_reel_counter[0] = 0: null

2019-08-10 23:45:26 - [TEST_STEP][PASSED] - free_spin_reel_counter[1] = 0: null

2019-08-10 23:45:26 - [TEST_STEP][PASSED] - free_spin_reel_counter[2] = 0: null

2019-08-10 23:45:26 - [TEST_STEP][PASSED] - M4_spin_reels = reels: null

2019-08-10 23:45:26 - [TEST_STEP][PASSED] - for ([i = 0, i &lt; M4_spin_reels.size(), (i++)]): null

2019-08-10 23:45:26 - [TEST_STEP][PASSED] - symbols = symbols: null

2019-08-10 23:45:26 - [TEST_STEP][PASSED] - for ([j = 0, j &lt; symbols.size(), (j++)]): null

2019-08-10 23:45:26 - [TEST_STEP][PASSED] - symbol = symbol: null

2019-08-10 23:45:26 - [TEST_STEP][PASSED] - println(symbol): null

2019-08-10 23:45:26 - [TEST_STEP][PASSED] - if (i == 2 &amp;&amp; wildList.indexOf(symbol) != -1): null

2019-08-10 23:45:26 - [TEST_STEP][PASSED] - if (i == 3 &amp;&amp; wildList.indexOf(symbol) != -1): null

2019-08-10 23:45:26 - [TEST_STEP][PASSED] - if (i == 4 &amp;&amp; wildList.indexOf(symbol) != -1): null

2019-08-10 23:45:26 - [TEST_STEP][PASSED] - symbol = symbol: null

2019-08-10 23:45:26 - [TEST_STEP][PASSED] - println(symbol): null

2019-08-10 23:45:26 - [TEST_STEP][PASSED] - if (i == 2 &amp;&amp; wildList.indexOf(symbol) != -1): null

2019-08-10 23:45:26 - [TEST_STEP][PASSED] - if (i == 3 &amp;&amp; wildList.indexOf(symbol) != -1): null

2019-08-10 23:45:26 - [TEST_STEP][PASSED] - if (i == 4 &amp;&amp; wildList.indexOf(symbol) != -1): null

2019-08-10 23:45:26 - [TEST_STEP][PASSED] - symbol = symbol: null

2019-08-10 23:45:26 - [TEST_STEP][PASSED] - println(symbol): null

2019-08-10 23:45:26 - [TEST_STEP][PASSED] - if (i == 2 &amp;&amp; wildList.indexOf(symbol) != -1): null

2019-08-10 23:45:26 - [TEST_STEP][PASSED] - if (i == 3 &amp;&amp; wildList.indexOf(symbol) != -1): null

2019-08-10 23:45:26 - [TEST_STEP][PASSED] - if (i == 4 &amp;&amp; wildList.indexOf(symbol) != -1): null

2019-08-10 23:45:26 - [TEST_STEP][PASSED] - symbols = symbols: null

2019-08-10 23:45:26 - [TEST_STEP][PASSED] - for ([j = 0, j &lt; symbols.size(), (j++)]): null

2019-08-10 23:45:26 - [TEST_STEP][PASSED] - symbol = symbol: null

2019-08-10 23:45:26 - [TEST_STEP][PASSED] - println(symbol): null

2019-08-10 23:45:26 - [TEST_STEP][PASSED] - if (i == 2 &amp;&amp; wildList.indexOf(symbol) != -1): null

2019-08-10 23:45:26 - [TEST_STEP][PASSED] - if (i == 3 &amp;&amp; wildList.indexOf(symbol) != -1): null

2019-08-10 23:45:26 - [TEST_STEP][PASSED] - if (i == 4 &amp;&amp; wildList.indexOf(symbol) != -1): null

2019-08-10 23:45:26 - [TEST_STEP][PASSED] - symbol = symbol: null

2019-08-10 23:45:26 - [TEST_STEP][PASSED] - println(symbol): null

2019-08-10 23:45:26 - [TEST_STEP][PASSED] - if (i == 2 &amp;&amp; wildList.indexOf(symbol) != -1): null

2019-08-10 23:45:26 - [TEST_STEP][PASSED] - if (i == 3 &amp;&amp; wildList.indexOf(symbol) != -1): null

2019-08-10 23:45:26 - [TEST_STEP][PASSED] - if (i == 4 &amp;&amp; wildList.indexOf(symbol) != -1): null

2019-08-10 23:45:26 - [TEST_STEP][PASSED] - symbol = symbol: null

2019-08-10 23:45:26 - [TEST_STEP][PASSED] - println(symbol): null

2019-08-10 23:45:26 - [TEST_STEP][PASSED] - if (i == 2 &amp;&amp; wildList.indexOf(symbol) != -1): null

2019-08-10 23:45:26 - [TEST_STEP][PASSED] - if (i == 3 &amp;&amp; wildList.indexOf(symbol) != -1): null

2019-08-10 23:45:26 - [TEST_STEP][PASSED] - if (i == 4 &amp;&amp; wildList.indexOf(symbol) != -1): null

2019-08-10 23:45:26 - [TEST_STEP][PASSED] - symbols = symbols: null

2019-08-10 23:45:26 - [TEST_STEP][PASSED] - for ([j = 0, j &lt; symbols.size(), (j++)]): null

2019-08-10 23:45:26 - [TEST_STEP][PASSED] - symbol = symbol: null

2019-08-10 23:45:26 - [TEST_STEP][PASSED] - println(symbol): null

2019-08-10 23:45:26 - [TEST_STEP][PASSED] - if (i == 2 &amp;&amp; wildList.indexOf(symbol) != -1): null

2019-08-10 23:45:26 - [TEST_STEP][PASSED] - if (i == 3 &amp;&amp; wildList.indexOf(symbol) != -1): null

2019-08-10 23:45:26 - [TEST_STEP][PASSED] - if (i == 4 &amp;&amp; wildList.indexOf(symbol) != -1): null

2019-08-10 23:45:26 - [TEST_STEP][PASSED] - symbol = symbol: null

2019-08-10 23:45:26 - [TEST_STEP][PASSED] - println(symbol): null

2019-08-10 23:45:26 - [TEST_STEP][PASSED] - if (i == 2 &amp;&amp; wildList.indexOf(symbol) != -1): null

2019-08-10 23:45:26 - [TEST_STEP][PASSED] - if (i == 3 &amp;&amp; wildList.indexOf(symbol) != -1): null

2019-08-10 23:45:26 - [TEST_STEP][PASSED] - if (i == 4 &amp;&amp; wildList.indexOf(symbol) != -1): null

2019-08-10 23:45:26 - [TEST_STEP][PASSED] - symbol = symbol: null

2019-08-10 23:45:26 - [TEST_STEP][PASSED] - println(symbol): null

2019-08-10 23:45:26 - [TEST_STEP][PASSED] - if (i == 2 &amp;&amp; wildList.indexOf(symbol) != -1): null

2019-08-10 23:45:26 - [TEST_STEP][PASSED] - if (i == 3 &amp;&amp; wildList.indexOf(symbol) != -1): null

2019-08-10 23:45:26 - [TEST_STEP][PASSED] - if (i == 4 &amp;&amp; wildList.indexOf(symbol) != -1): null

2019-08-10 23:45:26 - [TEST_STEP][PASSED] - symbols = symbols: null

2019-08-10 23:45:26 - [TEST_STEP][PASSED] - for ([j = 0, j &lt; symbols.size(), (j++)]): null

2019-08-10 23:45:26 - [TEST_STEP][PASSED] - symbol = symbol: null

2019-08-10 23:45:26 - [TEST_STEP][PASSED] - println(symbol): null

2019-08-10 23:45:26 - [TEST_STEP][PASSED] - if (i == 2 &amp;&amp; wildList.indexOf(symbol) != -1): null

2019-08-10 23:45:26 - [TEST_STEP][PASSED] - if (i == 3 &amp;&amp; wildList.indexOf(symbol) != -1): null

2019-08-10 23:45:26 - [TEST_STEP][PASSED] - if (i == 4 &amp;&amp; wildList.indexOf(symbol) != -1): null

2019-08-10 23:45:26 - [TEST_STEP][PASSED] - symbol = symbol: null

2019-08-10 23:45:30 - [TEST_STEP][PASSED] - println(symbol): null

2019-08-10 23:45:30 - [TEST_STEP][PASSED] - if (i == 2 &amp;&amp; wildList.indexOf(symbol) != -1): null

2019-08-10 23:45:30 - [TEST_STEP][PASSED] - if (i == 3 &amp;&amp; wildList.indexOf(symbol) != -1): null

2019-08-10 23:45:30 - [TEST_STEP][PASSED] - if (i == 4 &amp;&amp; wildList.indexOf(symbol) != -1): null

2019-08-10 23:45:30 - [TEST_STEP][PASSED] - symbol = symbol: null

2019-08-10 23:45:30 - [TEST_STEP][PASSED] - println(symbol): null

2019-08-10 23:45:30 - [TEST_STEP][PASSED] - if (i == 2 &amp;&amp; wildList.indexOf(symbol) != -1): null

2019-08-10 23:45:30 - [TEST_STEP][PASSED] - if (i == 3 &amp;&amp; wildList.indexOf(symbol) != -1): null

2019-08-10 23:45:30 - [TEST_STEP][PASSED] - println("wild found on reel 4, adding counter by 1"): null

2019-08-10 23:45:30 - [TEST_STEP][PASSED] - free_spin_reel_counter[1] = free_spin_reel_counter[1] + 1: null

2019-08-10 23:45:30 - [TEST_STEP][PASSED] - if (i == 4 &amp;&amp; wildList.indexOf(symbol) != -1): null

2019-08-10 23:45:30 - [TEST_STEP][PASSED] - symbols = symbols: null

2019-08-10 23:45:30 - [TEST_STEP][PASSED] - for ([j = 0, j &lt; symbols.size(), (j++)]): null

2019-08-10 23:45:30 - [TEST_STEP][PASSED] - symbol = symbol: null

2019-08-10 23:45:30 - [TEST_STEP][PASSED] - println(symbol): null

2019-08-10 23:45:30 - [TEST_STEP][PASSED] - if (i == 2 &amp;&amp; wildList.indexOf(symbol) != -1): null

2019-08-10 23:45:30 - [TEST_STEP][PASSED] - if (i == 3 &amp;&amp; wildList.indexOf(symbol) != -1): null

2019-08-10 23:45:30 - [TEST_STEP][PASSED] - if (i == 4 &amp;&amp; wildList.indexOf(symbol) != -1): null

2019-08-10 23:45:30 - [TEST_STEP][PASSED] - symbol = symbol: null

2019-08-10 23:45:30 - [TEST_STEP][PASSED] - println(symbol): null

2019-08-10 23:45:30 - [TEST_STEP][PASSED] - if (i == 2 &amp;&amp; wildList.indexOf(symbol) != -1): null

2019-08-10 23:45:30 - [TEST_STEP][PASSED] - if (i == 3 &amp;&amp; wildList.indexOf(symbol) != -1): null

2019-08-10 23:45:30 - [TEST_STEP][PASSED] - if (i == 4 &amp;&amp; wildList.indexOf(symbol) != -1): null

2019-08-10 23:45:30 - [TEST_STEP][PASSED] - symbol = symbol: null

2019-08-10 23:45:30 - [TEST_STEP][PASSED] - println(symbol): null

2019-08-10 23:45:30 - [TEST_STEP][PASSED] - if (i == 2 &amp;&amp; wildList.indexOf(symbol) != -1): null

2019-08-10 23:45:30 - [TEST_STEP][PASSED] - if (i == 3 &amp;&amp; wildList.indexOf(symbol) != -1): null

2019-08-10 23:45:30 - [TEST_STEP][PASSED] - if (i == 4 &amp;&amp; wildList.indexOf(symbol) != -1): null

2019-08-10 23:45:30 - [TEST_STEP][PASSED] - free_spin_reel_counter = free_spin_reel_counter: null

2019-08-10 23:45:30 - [TEST_STEP][PASSED] - println("reel 3 wild found: " + free_spin_reel_counter[0]): null

2019-08-10 23:45:30 - [TEST_STEP][PASSED] - println("reel 4 wild found: " + free_spin_reel_counter[1]): null

2019-08-10 23:45:30 - [TEST_STEP][PASSED] - println("reel 5 wild found: " + free_spin_reel_counter[2]): null

2019-08-10 23:45:30 - [TEST_STEP][PASSED] - M4_spin_reels = M4_spin_reels: null

2019-08-10 23:45:30 - [TEST_STEP][PASSED] - M4_spin_reels_symbols = symbol: null

2019-08-10 23:45:30 - [TEST_STEP][PASSED] - M4_spin_reels_symbols = M4_spin_reels_symbols: null

2019-08-10 23:45:30 - [TEST_STEP][PASSED] - M4_spin_reel_wins = reel_wins: null

2019-08-10 23:45:30 - [TEST_STEP][PASSED] - M4_spin_reel_wins = M4_spin_reel_wins: null

2019-08-10 23:45:30 - [TEST_STEP][PASSED] - println("GlobalVariable.M4_spin_reel_wins is: " + M4_spin_reel_wins): null

2019-08-10 23:45:30 - [TEST_STEP][PASSED] - M4_spin_total_bonus_win_this_round = total_bonus_win_this_round: null

2019-08-10 23:45:30 - [TEST_STEP][PASSED] - M4_spin_total_bonus_win_this_round = M4_spin_total_bonus_win_this_round: null

2019-08-10 23:45:30 - [TEST_STEP][PASSED] - println("GlobalVariable.M4_spin_total_bonus_win_this_round is: " + M4_spin_total_bonus_win_this_round): null

2019-08-10 23:45:30 - [MESSAGE][PASSED] - Verify response successfully

2019-08-10 23:45:30 - [MESSAGE][PASSED] - Send request and verify the response successfully

2019-08-10 23:45:30 - [TEST_STEP][PASSED] - if (M4_total_bonus_spins_int != 0 &amp;&amp; M4_spin_reels_symbols[2].contains("WILD_ExtraFG") || M4_spin_reels_symbols[3].contains("WILD_ExtraFG")): null

2019-08-10 23:45:30 - [TEST_STEP][PASSED] - free_spin_reel_counter = free_spin_reel_counter: null

2019-08-10 23:45:30 - [TEST_STEP][PASSED] - M4_spin_reels_symbols = M4_spin_reels_symbols: null

2019-08-10 23:45:30 - [TEST_STEP][PASSED] - M4_total_bonus_spins = M4_total_bonus_spins: null

2019-08-10 23:45:30 - [TEST_STEP][PASSED] - spin_result = sendRequestAndVerify(findTestObject("RGS(M4)/1_M4_spin", ["M4_login_user_id":M4_login_user_id, "rgs_session_token":rgs_session_token, "partner":Partner])): Send request and verify the response successfully

2019-08-10 23:45:31 - [TEST_CASE][PASSED] - Start Test Case : Verification: Verification accomplished successfully

2019-08-10 23:45:31 - [TEST_STEP][PASSED] - request = getInstance().getCurrentRequest(): null

2019-08-10 23:45:31 - [TEST_STEP][PASSED] - response = getInstance().getCurrentResponse(): null

2019-08-10 23:45:31 - [TEST_STEP][PASSED] - verifyResponseStatusCode(response, 200): Verify response status code successfully

2019-08-10 23:45:31 - [MESSAGE][PASSED] - Verify response status code successfully

2019-08-10 23:45:31 - [TEST_STEP][PASSED] - getStatusCode()).isEqualTo(200): null

2019-08-10 23:45:31 - [TEST_STEP][PASSED] - newline = System.getProperty("line.separator"): null

2019-08-10 23:45:31 - [TEST_STEP][PASSED] - M4_spin = new groovy.json.JsonSlurper(): null

2019-08-10 23:45:31 - [TEST_STEP][PASSED] - result_M4_spin = M4_spin.parseText(response.getResponseBodyContent()): null

2019-08-10 23:45:31 - [TEST_STEP][PASSED] - M4_spin_current_balance = current_balance: null

2019-08-10 23:45:31 - [TEST_STEP][PASSED] - M4_spin_current_balance = M4_spin_current_balance: null

2019-08-10 23:45:31 - [TEST_STEP][PASSED] - M4_spin_transaction_id = causality: null

2019-08-10 23:45:31 - [TEST_STEP][PASSED] - M4_spin_transaction_id = M4_spin_transaction_id: null

2019-08-10 23:45:31 - [TEST_STEP][PASSED] - M4_spin_round_id = round_id: null

2019-08-10 23:45:31 - [TEST_STEP][PASSED] - M4_spin_round_id = M4_spin_round_id: null

2019-08-10 23:45:31 - [TEST_STEP][PASSED] - M4_spin_line_wins = line_wins: null

2019-08-10 23:45:31 - [TEST_STEP][PASSED] - M4_spin_line_wins = M4_spin_line_wins: null

2019-08-10 23:45:31 - [TEST_STEP][PASSED] - M4_total_bonus_spins_int = total_bonus_spins: null

2019-08-10 23:45:31 - [TEST_STEP][PASSED] - println("******M4_total_bonus_spins type is:*******" + newline + getClass().getName()): null

2019-08-10 23:45:31 - [TEST_STEP][PASSED] - M4_total_bonus_spins_int = M4_total_bonus_spins_int: null

2019-08-10 23:45:31 - [TEST_STEP][PASSED] - M4_total_bonus_spins = Integer.toString(M4_total_bonus_spins_int): null

2019-08-10 23:45:31 - [TEST_STEP][PASSED] - M4_total_bonus_spins = M4_total_bonus_spins: null

2019-08-10 23:45:31 - [TEST_STEP][PASSED] - println("M4_total_bonus_spins is:" + M4_total_bonus_spins): null

2019-08-10 23:45:31 - [TEST_STEP][PASSED] - M4_spin_bonus_data = bonus_data: null

2019-08-10 23:45:31 - [TEST_STEP][PASSED] - M4_spin_features_triggered = result_M4_spin: null

2019-08-10 23:45:31 - [TEST_STEP][PASSED] - wild = []: null

2019-08-10 23:45:31 - [TEST_STEP][PASSED] - wild[0] = "WILD_Expanding": null

2019-08-10 23:45:31 - [TEST_STEP][PASSED] - wild[1] = "WILD_Normal": null

2019-08-10 23:45:31 - [TEST_STEP][PASSED] - wild[2] = "WILD_Double": null

2019-08-10 23:45:31 - [TEST_STEP][PASSED] - wild[3] = "WILD_ExtraFG": null

2019-08-10 23:45:31 - [TEST_STEP][PASSED] - wild[4] = "WILD_Triple": null

2019-08-10 23:45:31 - [TEST_STEP][PASSED] - wildList = Arrays.asList(wild): null

2019-08-10 23:45:31 - [TEST_STEP][PASSED] - wildList = wildList: null

2019-08-10 23:45:31 - [TEST_STEP][PASSED] - free_spin_reel_counter = []: null

2019-08-10 23:45:31 - [TEST_STEP][PASSED] - free_spin_reel_counter[0] = 0: null

2019-08-10 23:45:31 - [TEST_STEP][PASSED] - free_spin_reel_counter[1] = 0: null

2019-08-10 23:45:31 - [TEST_STEP][PASSED] - free_spin_reel_counter[2] = 0: null

2019-08-10 23:45:31 - [TEST_STEP][PASSED] - M4_spin_reels = reels: null

2019-08-10 23:45:31 - [TEST_STEP][PASSED] - for ([i = 0, i &lt; M4_spin_reels.size(), (i++)]): null

2019-08-10 23:45:31 - [TEST_STEP][PASSED] - symbols = symbols: null

2019-08-10 23:45:31 - [TEST_STEP][PASSED] - for ([j = 0, j &lt; symbols.size(), (j++)]): null

2019-08-10 23:45:31 - [TEST_STEP][PASSED] - symbol = symbol: null

2019-08-10 23:45:31 - [TEST_STEP][PASSED] - println(symbol): null

2019-08-10 23:45:31 - [TEST_STEP][PASSED] - if (i == 2 &amp;&amp; wildList.indexOf(symbol) != -1): null

2019-08-10 23:45:31 - [TEST_STEP][PASSED] - if (i == 3 &amp;&amp; wildList.indexOf(symbol) != -1): null

2019-08-10 23:45:31 - [TEST_STEP][PASSED] - if (i == 4 &amp;&amp; wildList.indexOf(symbol) != -1): null

2019-08-10 23:45:31 - [TEST_STEP][PASSED] - symbol = symbol: null

2019-08-10 23:45:31 - [TEST_STEP][PASSED] - println(symbol): null

2019-08-10 23:45:31 - [TEST_STEP][PASSED] - if (i == 2 &amp;&amp; wildList.indexOf(symbol) != -1): null

2019-08-10 23:45:31 - [TEST_STEP][PASSED] - if (i == 3 &amp;&amp; wildList.indexOf(symbol) != -1): null

2019-08-10 23:45:31 - [TEST_STEP][PASSED] - if (i == 4 &amp;&amp; wildList.indexOf(symbol) != -1): null

2019-08-10 23:45:31 - [TEST_STEP][PASSED] - symbol = symbol: null

2019-08-10 23:45:31 - [TEST_STEP][PASSED] - println(symbol): null

2019-08-10 23:45:31 - [TEST_STEP][PASSED] - if (i == 2 &amp;&amp; wildList.indexOf(symbol) != -1): null

2019-08-10 23:45:31 - [TEST_STEP][PASSED] - if (i == 3 &amp;&amp; wildList.indexOf(symbol) != -1): null

2019-08-10 23:45:31 - [TEST_STEP][PASSED] - if (i == 4 &amp;&amp; wildList.indexOf(symbol) != -1): null

2019-08-10 23:45:31 - [TEST_STEP][PASSED] - symbols = symbols: null

2019-08-10 23:45:31 - [TEST_STEP][PASSED] - for ([j = 0, j &lt; symbols.size(), (j++)]): null

2019-08-10 23:45:31 - [TEST_STEP][PASSED] - symbol = symbol: null

2019-08-10 23:45:31 - [TEST_STEP][PASSED] - println(symbol): null

2019-08-10 23:45:31 - [TEST_STEP][PASSED] - if (i == 2 &amp;&amp; wildList.indexOf(symbol) != -1): null

2019-08-10 23:45:31 - [TEST_STEP][PASSED] - if (i == 3 &amp;&amp; wildList.indexOf(symbol) != -1): null

2019-08-10 23:45:31 - [TEST_STEP][PASSED] - if (i == 4 &amp;&amp; wildList.indexOf(symbol) != -1): null

2019-08-10 23:45:31 - [TEST_STEP][PASSED] - symbol = symbol: null

2019-08-10 23:45:31 - [TEST_STEP][PASSED] - println(symbol): null

2019-08-10 23:45:31 - [TEST_STEP][PASSED] - if (i == 2 &amp;&amp; wildList.indexOf(symbol) != -1): null

2019-08-10 23:45:31 - [TEST_STEP][PASSED] - if (i == 3 &amp;&amp; wildList.indexOf(symbol) != -1): null

2019-08-10 23:45:31 - [TEST_STEP][PASSED] - if (i == 4 &amp;&amp; wildList.indexOf(symbol) != -1): null

2019-08-10 23:45:31 - [TEST_STEP][PASSED] - symbol = symbol: null

2019-08-10 23:45:31 - [TEST_STEP][PASSED] - println(symbol): null

2019-08-10 23:45:31 - [TEST_STEP][PASSED] - if (i == 2 &amp;&amp; wildList.indexOf(symbol) != -1): null

2019-08-10 23:45:31 - [TEST_STEP][PASSED] - if (i == 3 &amp;&amp; wildList.indexOf(symbol) != -1): null

2019-08-10 23:45:31 - [TEST_STEP][PASSED] - if (i == 4 &amp;&amp; wildList.indexOf(symbol) != -1): null

2019-08-10 23:45:31 - [TEST_STEP][PASSED] - symbols = symbols: null

2019-08-10 23:45:31 - [TEST_STEP][PASSED] - for ([j = 0, j &lt; symbols.size(), (j++)]): null

2019-08-10 23:45:31 - [TEST_STEP][PASSED] - symbol = symbol: null

2019-08-10 23:45:31 - [TEST_STEP][PASSED] - println(symbol): null

2019-08-10 23:45:31 - [TEST_STEP][PASSED] - if (i == 2 &amp;&amp; wildList.indexOf(symbol) != -1): null

2019-08-10 23:45:31 - [TEST_STEP][PASSED] - if (i == 3 &amp;&amp; wildList.indexOf(symbol) != -1): null

2019-08-10 23:45:31 - [TEST_STEP][PASSED] - if (i == 4 &amp;&amp; wildList.indexOf(symbol) != -1): null

2019-08-10 23:45:31 - [TEST_STEP][PASSED] - symbol = symbol: null

2019-08-10 23:45:31 - [TEST_STEP][PASSED] - println(symbol): null

2019-08-10 23:45:31 - [TEST_STEP][PASSED] - if (i == 2 &amp;&amp; wildList.indexOf(symbol) != -1): null

2019-08-10 23:45:31 - [TEST_STEP][PASSED] - if (i == 3 &amp;&amp; wildList.indexOf(symbol) != -1): null

2019-08-10 23:45:31 - [TEST_STEP][PASSED] - if (i == 4 &amp;&amp; wildList.indexOf(symbol) != -1): null

2019-08-10 23:45:31 - [TEST_STEP][PASSED] - symbol = symbol: null

2019-08-10 23:45:31 - [TEST_STEP][PASSED] - println(symbol): null

2019-08-10 23:45:31 - [TEST_STEP][PASSED] - if (i == 2 &amp;&amp; wildList.indexOf(symbol) != -1): null

2019-08-10 23:45:31 - [TEST_STEP][PASSED] - println("wild found on reel 3, adding counter by 1"): null

2019-08-10 23:45:31 - [TEST_STEP][PASSED] - free_spin_reel_counter[0] = free_spin_reel_counter[0] + 1: null

2019-08-10 23:45:31 - [TEST_STEP][PASSED] - if (i == 3 &amp;&amp; wildList.indexOf(symbol) != -1): null

2019-08-10 23:45:31 - [TEST_STEP][PASSED] - if (i == 4 &amp;&amp; wildList.indexOf(symbol) != -1): null

2019-08-10 23:45:31 - [TEST_STEP][PASSED] - symbols = symbols: null

2019-08-10 23:45:31 - [TEST_STEP][PASSED] - for ([j = 0, j &lt; symbols.size(), (j++)]): null

2019-08-10 23:45:31 - [TEST_STEP][PASSED] - symbol = symbol: null

2019-08-10 23:45:31 - [TEST_STEP][PASSED] - println(symbol): null

2019-08-10 23:45:31 - [TEST_STEP][PASSED] - if (i == 2 &amp;&amp; wildList.indexOf(symbol) != -1): null

2019-08-10 23:45:31 - [TEST_STEP][PASSED] - if (i == 3 &amp;&amp; wildList.indexOf(symbol) != -1): null

2019-08-10 23:45:31 - [TEST_STEP][PASSED] - if (i == 4 &amp;&amp; wildList.indexOf(symbol) != -1): null

2019-08-10 23:45:31 - [TEST_STEP][PASSED] - symbol = symbol: null

2019-08-10 23:45:31 - [TEST_STEP][PASSED] - println(symbol): null

2019-08-10 23:45:31 - [TEST_STEP][PASSED] - if (i == 2 &amp;&amp; wildList.indexOf(symbol) != -1): null

2019-08-10 23:45:31 - [TEST_STEP][PASSED] - if (i == 3 &amp;&amp; wildList.indexOf(symbol) != -1): null

2019-08-10 23:45:31 - [TEST_STEP][PASSED] - println("wild found on reel 4, adding counter by 1"): null

2019-08-10 23:45:31 - [TEST_STEP][PASSED] - free_spin_reel_counter[1] = free_spin_reel_counter[1] + 1: null

2019-08-10 23:45:31 - [TEST_STEP][PASSED] - if (i == 4 &amp;&amp; wildList.indexOf(symbol) != -1): null

2019-08-10 23:45:31 - [TEST_STEP][PASSED] - symbol = symbol: null

2019-08-10 23:45:31 - [TEST_STEP][PASSED] - println(symbol): null

2019-08-10 23:45:31 - [TEST_STEP][PASSED] - if (i == 2 &amp;&amp; wildList.indexOf(symbol) != -1): null

2019-08-10 23:45:31 - [TEST_STEP][PASSED] - if (i == 3 &amp;&amp; wildList.indexOf(symbol) != -1): null

2019-08-10 23:45:31 - [TEST_STEP][PASSED] - if (i == 4 &amp;&amp; wildList.indexOf(symbol) != -1): null

2019-08-10 23:45:31 - [TEST_STEP][PASSED] - symbols = symbols: null

2019-08-10 23:45:31 - [TEST_STEP][PASSED] - for ([j = 0, j &lt; symbols.size(), (j++)]): null

2019-08-10 23:45:31 - [TEST_STEP][PASSED] - symbol = symbol: null

2019-08-10 23:45:31 - [TEST_STEP][PASSED] - println(symbol): null

2019-08-10 23:45:31 - [TEST_STEP][PASSED] - if (i == 2 &amp;&amp; wildList.indexOf(symbol) != -1): null

2019-08-10 23:45:31 - [TEST_STEP][PASSED] - if (i == 3 &amp;&amp; wildList.indexOf(symbol) != -1): null

2019-08-10 23:45:31 - [TEST_STEP][PASSED] - if (i == 4 &amp;&amp; wildList.indexOf(symbol) != -1): null

2019-08-10 23:45:31 - [TEST_STEP][PASSED] - symbol = symbol: null

2019-08-10 23:45:31 - [TEST_STEP][PASSED] - println(symbol): null

2019-08-10 23:45:31 - [TEST_STEP][PASSED] - if (i == 2 &amp;&amp; wildList.indexOf(symbol) != -1): null

2019-08-10 23:45:31 - [TEST_STEP][PASSED] - if (i == 3 &amp;&amp; wildList.indexOf(symbol) != -1): null

2019-08-10 23:45:31 - [TEST_STEP][PASSED] - if (i == 4 &amp;&amp; wildList.indexOf(symbol) != -1): null

2019-08-10 23:45:31 - [TEST_STEP][PASSED] - symbol = symbol: null

2019-08-10 23:45:31 - [TEST_STEP][PASSED] - println(symbol): null

2019-08-10 23:45:31 - [TEST_STEP][PASSED] - if (i == 2 &amp;&amp; wildList.indexOf(symbol) != -1): null

2019-08-10 23:45:31 - [TEST_STEP][PASSED] - if (i == 3 &amp;&amp; wildList.indexOf(symbol) != -1): null

2019-08-10 23:45:31 - [TEST_STEP][PASSED] - if (i == 4 &amp;&amp; wildList.indexOf(symbol) != -1): null

2019-08-10 23:45:31 - [TEST_STEP][PASSED] - free_spin_reel_counter = free_spin_reel_counter: null

2019-08-10 23:45:31 - [TEST_STEP][PASSED] - println("reel 3 wild found: " + free_spin_reel_counter[0]): null

2019-08-10 23:45:31 - [TEST_STEP][PASSED] - println("reel 4 wild found: " + free_spin_reel_counter[1]): null

2019-08-10 23:45:31 - [TEST_STEP][PASSED] - println("reel 5 wild found: " + free_spin_reel_counter[2]): null

2019-08-10 23:45:31 - [TEST_STEP][PASSED] - M4_spin_reels = M4_spin_reels: null

2019-08-10 23:45:31 - [TEST_STEP][PASSED] - M4_spin_reels_symbols = symbol: null

2019-08-10 23:45:31 - [TEST_STEP][PASSED] - M4_spin_reels_symbols = M4_spin_reels_symbols: null

2019-08-10 23:45:31 - [TEST_STEP][PASSED] - M4_spin_reel_wins = reel_wins: null

2019-08-10 23:45:31 - [TEST_STEP][PASSED] - M4_spin_reel_wins = M4_spin_reel_wins: null

2019-08-10 23:45:31 - [TEST_STEP][PASSED] - println("GlobalVariable.M4_spin_reel_wins is: " + M4_spin_reel_wins): null

2019-08-10 23:45:31 - [TEST_STEP][PASSED] - M4_spin_total_bonus_win_this_round = total_bonus_win_this_round: null

2019-08-10 23:45:31 - [TEST_STEP][PASSED] - M4_spin_total_bonus_win_this_round = M4_spin_total_bonus_win_this_round: null

2019-08-10 23:45:31 - [TEST_STEP][PASSED] - println("GlobalVariable.M4_spin_total_bonus_win_this_round is: " + M4_spin_total_bonus_win_this_round): null

2019-08-10 23:45:31 - [MESSAGE][PASSED] - Verify response successfully

2019-08-10 23:45:31 - [MESSAGE][PASSED] - Send request and verify the response successfully

2019-08-10 23:45:31 - [TEST_STEP][PASSED] - if (M4_total_bonus_spins_int != 0 &amp;&amp; M4_spin_reels_symbols[2].contains("WILD_ExtraFG") || M4_spin_reels_symbols[3].contains("WILD_ExtraFG")): null

2019-08-10 23:45:31 - [TEST_STEP][PASSED] - free_spin_reel_counter = free_spin_reel_counter: null

2019-08-10 23:45:31 - [TEST_STEP][PASSED] - M4_spin_reels_symbols = M4_spin_reels_symbols: null

2019-08-10 23:45:31 - [TEST_STEP][PASSED] - M4_total_bonus_spins = M4_total_bonus_spins: null

2019-08-10 23:45:31 - [TEST_STEP][PASSED] - spin_result = sendRequestAndVerify(findTestObject("RGS(M4)/1_M4_spin", ["M4_login_user_id":M4_login_user_id, "rgs_session_token":rgs_session_token, "partner":Partner])): Send request and verify the response successfully

2019-08-10 23:45:31 - [TEST_CASE][PASSED] - Start Test Case : Verification: Verification accomplished successfully

2019-08-10 23:45:31 - [TEST_STEP][PASSED] - request = getInstance().getCurrentRequest(): null

2019-08-10 23:45:31 - [TEST_STEP][PASSED] - response = getInstance().getCurrentResponse(): null

2019-08-10 23:45:31 - [TEST_STEP][PASSED] - verifyResponseStatusCode(response, 200): Verify response status code successfully

2019-08-10 23:45:31 - [MESSAGE][PASSED] - Verify response status code successfully

2019-08-10 23:45:31 - [TEST_STEP][PASSED] - getStatusCode()).isEqualTo(200): null

2019-08-10 23:45:31 - [TEST_STEP][PASSED] - newline = System.getProperty("line.separator"): null

2019-08-10 23:45:31 - [TEST_STEP][PASSED] - M4_spin = new groovy.json.JsonSlurper(): null

2019-08-10 23:45:31 - [TEST_STEP][PASSED] - result_M4_spin = M4_spin.parseText(response.getResponseBodyContent()): null

2019-08-10 23:45:31 - [TEST_STEP][PASSED] - M4_spin_current_balance = current_balance: null

2019-08-10 23:45:31 - [TEST_STEP][PASSED] - M4_spin_current_balance = M4_spin_current_balance: null

2019-08-10 23:45:31 - [TEST_STEP][PASSED] - M4_spin_transaction_id = causality: null

2019-08-10 23:45:31 - [TEST_STEP][PASSED] - M4_spin_transaction_id = M4_spin_transaction_id: null

2019-08-10 23:45:31 - [TEST_STEP][PASSED] - M4_spin_round_id = round_id: null

2019-08-10 23:45:31 - [TEST_STEP][PASSED] - M4_spin_round_id = M4_spin_round_id: null

2019-08-10 23:45:31 - [TEST_STEP][PASSED] - M4_spin_line_wins = line_wins: null

2019-08-10 23:45:31 - [TEST_STEP][PASSED] - M4_spin_line_wins = M4_spin_line_wins: null

2019-08-10 23:45:31 - [TEST_STEP][PASSED] - M4_total_bonus_spins_int = total_bonus_spins: null

2019-08-10 23:45:31 - [TEST_STEP][PASSED] - println("******M4_total_bonus_spins type is:*******" + newline + getClass().getName()): null

2019-08-10 23:45:31 - [TEST_STEP][PASSED] - M4_total_bonus_spins_int = M4_total_bonus_spins_int: null

2019-08-10 23:45:31 - [TEST_STEP][PASSED] - M4_total_bonus_spins = Integer.toString(M4_total_bonus_spins_int): null

2019-08-10 23:45:31 - [TEST_STEP][PASSED] - M4_total_bonus_spins = M4_total_bonus_spins: null

2019-08-10 23:45:31 - [TEST_STEP][PASSED] - println("M4_total_bonus_spins is:" + M4_total_bonus_spins): null

2019-08-10 23:45:31 - [TEST_STEP][PASSED] - M4_spin_bonus_data = bonus_data: null

2019-08-10 23:45:31 - [TEST_STEP][PASSED] - M4_spin_features_triggered = result_M4_spin: null

2019-08-10 23:45:31 - [TEST_STEP][PASSED] - wild = []: null

2019-08-10 23:45:31 - [TEST_STEP][PASSED] - wild[0] = "WILD_Expanding": null

2019-08-10 23:45:31 - [TEST_STEP][PASSED] - wild[1] = "WILD_Normal": null

2019-08-10 23:45:31 - [TEST_STEP][PASSED] - wild[2] = "WILD_Double": null

2019-08-10 23:45:31 - [TEST_STEP][PASSED] - wild[3] = "WILD_ExtraFG": null

2019-08-10 23:45:31 - [TEST_STEP][PASSED] - wild[4] = "WILD_Triple": null

2019-08-10 23:45:31 - [TEST_STEP][PASSED] - wildList = Arrays.asList(wild): null

2019-08-10 23:45:31 - [TEST_STEP][PASSED] - wildList = wildList: null

2019-08-10 23:45:31 - [TEST_STEP][PASSED] - free_spin_reel_counter = []: null

2019-08-10 23:45:31 - [TEST_STEP][PASSED] - free_spin_reel_counter[0] = 0: null

2019-08-10 23:45:31 - [TEST_STEP][PASSED] - free_spin_reel_counter[1] = 0: null

2019-08-10 23:45:31 - [TEST_STEP][PASSED] - free_spin_reel_counter[2] = 0: null

2019-08-10 23:45:31 - [TEST_STEP][PASSED] - M4_spin_reels = reels: null

2019-08-10 23:45:31 - [TEST_STEP][PASSED] - for ([i = 0, i &lt; M4_spin_reels.size(), (i++)]): null

2019-08-10 23:45:31 - [TEST_STEP][PASSED] - symbols = symbols: null

2019-08-10 23:45:31 - [TEST_STEP][PASSED] - for ([j = 0, j &lt; symbols.size(), (j++)]): null

2019-08-10 23:45:31 - [TEST_STEP][PASSED] - symbol = symbol: null

2019-08-10 23:45:31 - [TEST_STEP][PASSED] - println(symbol): null

2019-08-10 23:45:31 - [TEST_STEP][PASSED] - if (i == 2 &amp;&amp; wildList.indexOf(symbol) != -1): null

2019-08-10 23:45:31 - [TEST_STEP][PASSED] - if (i == 3 &amp;&amp; wildList.indexOf(symbol) != -1): null

2019-08-10 23:45:31 - [TEST_STEP][PASSED] - if (i == 4 &amp;&amp; wildList.indexOf(symbol) != -1): null

2019-08-10 23:45:31 - [TEST_STEP][PASSED] - symbol = symbol: null

2019-08-10 23:45:31 - [TEST_STEP][PASSED] - println(symbol): null

2019-08-10 23:45:31 - [TEST_STEP][PASSED] - if (i == 2 &amp;&amp; wildList.indexOf(symbol) != -1): null

2019-08-10 23:45:31 - [TEST_STEP][PASSED] - if (i == 3 &amp;&amp; wildList.indexOf(symbol) != -1): null

2019-08-10 23:45:31 - [TEST_STEP][PASSED] - if (i == 4 &amp;&amp; wildList.indexOf(symbol) != -1): null

2019-08-10 23:45:31 - [TEST_STEP][PASSED] - symbol = symbol: null

2019-08-10 23:45:31 - [TEST_STEP][PASSED] - println(symbol): null

2019-08-10 23:45:31 - [TEST_STEP][PASSED] - if (i == 2 &amp;&amp; wildList.indexOf(symbol) != -1): null

2019-08-10 23:45:31 - [TEST_STEP][PASSED] - if (i == 3 &amp;&amp; wildList.indexOf(symbol) != -1): null

2019-08-10 23:45:31 - [TEST_STEP][PASSED] - if (i == 4 &amp;&amp; wildList.indexOf(symbol) != -1): null

2019-08-10 23:45:31 - [TEST_STEP][PASSED] - symbols = symbols: null

2019-08-10 23:45:31 - [TEST_STEP][PASSED] - for ([j = 0, j &lt; symbols.size(), (j++)]): null

2019-08-10 23:45:31 - [TEST_STEP][PASSED] - symbol = symbol: null

2019-08-10 23:45:31 - [TEST_STEP][PASSED] - println(symbol): null

2019-08-10 23:45:31 - [TEST_STEP][PASSED] - if (i == 2 &amp;&amp; wildList.indexOf(symbol) != -1): null

2019-08-10 23:45:31 - [TEST_STEP][PASSED] - if (i == 3 &amp;&amp; wildList.indexOf(symbol) != -1): null

2019-08-10 23:45:31 - [TEST_STEP][PASSED] - if (i == 4 &amp;&amp; wildList.indexOf(symbol) != -1): null

2019-08-10 23:45:31 - [TEST_STEP][PASSED] - symbol = symbol: null

2019-08-10 23:45:31 - [TEST_STEP][PASSED] - println(symbol): null

2019-08-10 23:45:31 - [TEST_STEP][PASSED] - if (i == 2 &amp;&amp; wildList.indexOf(symbol) != -1): null

2019-08-10 23:45:31 - [TEST_STEP][PASSED] - if (i == 3 &amp;&amp; wildList.indexOf(symbol) != -1): null

2019-08-10 23:45:31 - [TEST_STEP][PASSED] - if (i == 4 &amp;&amp; wildList.indexOf(symbol) != -1): null

2019-08-10 23:45:31 - [TEST_STEP][PASSED] - symbol = symbol: null

2019-08-10 23:45:31 - [TEST_STEP][PASSED] - println(symbol): null

2019-08-10 23:45:31 - [TEST_STEP][PASSED] - if (i == 2 &amp;&amp; wildList.indexOf(symbol) != -1): null

2019-08-10 23:45:31 - [TEST_STEP][PASSED] - if (i == 3 &amp;&amp; wildList.indexOf(symbol) != -1): null

2019-08-10 23:45:31 - [TEST_STEP][PASSED] - if (i == 4 &amp;&amp; wildList.indexOf(symbol) != -1): null

2019-08-10 23:45:31 - [TEST_STEP][PASSED] - symbols = symbols: null

2019-08-10 23:45:31 - [TEST_STEP][PASSED] - for ([j = 0, j &lt; symbols.size(), (j++)]): null

2019-08-10 23:45:31 - [TEST_STEP][PASSED] - symbol = symbol: null

2019-08-10 23:45:31 - [TEST_STEP][PASSED] - println(symbol): null

2019-08-10 23:45:31 - [TEST_STEP][PASSED] - if (i == 2 &amp;&amp; wildList.indexOf(symbol) != -1): null

2019-08-10 23:45:31 - [TEST_STEP][PASSED] - if (i == 3 &amp;&amp; wildList.indexOf(symbol) != -1): null

2019-08-10 23:45:31 - [TEST_STEP][PASSED] - if (i == 4 &amp;&amp; wildList.indexOf(symbol) != -1): null

2019-08-10 23:45:31 - [TEST_STEP][PASSED] - symbol = symbol: null

2019-08-10 23:45:31 - [TEST_STEP][PASSED] - println(symbol): null

2019-08-10 23:45:31 - [TEST_STEP][PASSED] - if (i == 2 &amp;&amp; wildList.indexOf(symbol) != -1): null

2019-08-10 23:45:31 - [TEST_STEP][PASSED] - if (i == 3 &amp;&amp; wildList.indexOf(symbol) != -1): null

2019-08-10 23:45:31 - [TEST_STEP][PASSED] - if (i == 4 &amp;&amp; wildList.indexOf(symbol) != -1): null

2019-08-10 23:45:31 - [TEST_STEP][PASSED] - symbol = symbol: null

2019-08-10 23:45:31 - [TEST_STEP][PASSED] - println(symbol): null

2019-08-10 23:45:31 - [TEST_STEP][PASSED] - if (i == 2 &amp;&amp; wildList.indexOf(symbol) != -1): null

2019-08-10 23:45:31 - [TEST_STEP][PASSED] - if (i == 3 &amp;&amp; wildList.indexOf(symbol) != -1): null

2019-08-10 23:45:31 - [TEST_STEP][PASSED] - if (i == 4 &amp;&amp; wildList.indexOf(symbol) != -1): null

2019-08-10 23:45:31 - [TEST_STEP][PASSED] - symbols = symbols: null

2019-08-10 23:45:31 - [TEST_STEP][PASSED] - for ([j = 0, j &lt; symbols.size(), (j++)]): null

2019-08-10 23:45:31 - [TEST_STEP][PASSED] - symbol = symbol: null

2019-08-10 23:45:31 - [TEST_STEP][PASSED] - println(symbol): null

2019-08-10 23:45:31 - [TEST_STEP][PASSED] - if (i == 2 &amp;&amp; wildList.indexOf(symbol) != -1): null

2019-08-10 23:45:31 - [TEST_STEP][PASSED] - if (i == 3 &amp;&amp; wildList.indexOf(symbol) != -1): null

2019-08-10 23:45:31 - [TEST_STEP][PASSED] - if (i == 4 &amp;&amp; wildList.indexOf(symbol) != -1): null

2019-08-10 23:45:31 - [TEST_STEP][PASSED] - symbol = symbol: null

2019-08-10 23:45:31 - [TEST_STEP][PASSED] - println(symbol): null

2019-08-10 23:45:31 - [TEST_STEP][PASSED] - if (i == 2 &amp;&amp; wildList.indexOf(symbol) != -1): null

2019-08-10 23:45:31 - [TEST_STEP][PASSED] - if (i == 3 &amp;&amp; wildList.indexOf(symbol) != -1): null

2019-08-10 23:45:31 - [TEST_STEP][PASSED] - if (i == 4 &amp;&amp; wildList.indexOf(symbol) != -1): null

2019-08-10 23:45:31 - [TEST_STEP][PASSED] - symbol = symbol: null

2019-08-10 23:45:31 - [TEST_STEP][PASSED] - println(symbol): null

2019-08-10 23:45:31 - [TEST_STEP][PASSED] - if (i == 2 &amp;&amp; wildList.indexOf(symbol) != -1): null

2019-08-10 23:45:31 - [TEST_STEP][PASSED] - if (i == 3 &amp;&amp; wildList.indexOf(symbol) != -1): null

2019-08-10 23:45:31 - [TEST_STEP][PASSED] - if (i == 4 &amp;&amp; wildList.indexOf(symbol) != -1): null

2019-08-10 23:45:31 - [TEST_STEP][PASSED] - symbols = symbols: null

2019-08-10 23:45:31 - [TEST_STEP][PASSED] - for ([j = 0, j &lt; symbols.size(), (j++)]): null

2019-08-10 23:45:31 - [TEST_STEP][PASSED] - symbol = symbol: null

2019-08-10 23:45:31 - [TEST_STEP][PASSED] - println(symbol): null

2019-08-10 23:45:31 - [TEST_STEP][PASSED] - if (i == 2 &amp;&amp; wildList.indexOf(symbol) != -1): null

2019-08-10 23:45:31 - [TEST_STEP][PASSED] - if (i == 3 &amp;&amp; wildList.indexOf(symbol) != -1): null

2019-08-10 23:45:31 - [TEST_STEP][PASSED] - if (i == 4 &amp;&amp; wildList.indexOf(symbol) != -1): null

2019-08-10 23:45:31 - [TEST_STEP][PASSED] - symbol = symbol: null

2019-08-10 23:45:31 - [TEST_STEP][PASSED] - println(symbol): null

2019-08-10 23:45:31 - [TEST_STEP][PASSED] - if (i == 2 &amp;&amp; wildList.indexOf(symbol) != -1): null

2019-08-10 23:45:31 - [TEST_STEP][PASSED] - if (i == 3 &amp;&amp; wildList.indexOf(symbol) != -1): null

2019-08-10 23:45:31 - [TEST_STEP][PASSED] - if (i == 4 &amp;&amp; wildList.indexOf(symbol) != -1): null

2019-08-10 23:45:31 - [TEST_STEP][PASSED] - symbol = symbol: null

2019-08-10 23:45:31 - [TEST_STEP][PASSED] - println(symbol): null

2019-08-10 23:45:31 - [TEST_STEP][PASSED] - if (i == 2 &amp;&amp; wildList.indexOf(symbol) != -1): null

2019-08-10 23:45:31 - [TEST_STEP][PASSED] - if (i == 3 &amp;&amp; wildList.indexOf(symbol) != -1): null

2019-08-10 23:45:31 - [TEST_STEP][PASSED] - if (i == 4 &amp;&amp; wildList.indexOf(symbol) != -1): null

2019-08-10 23:45:31 - [TEST_STEP][PASSED] - free_spin_reel_counter = free_spin_reel_counter: null

2019-08-10 23:45:31 - [TEST_STEP][PASSED] - println("reel 3 wild found: " + free_spin_reel_counter[0]): null

2019-08-10 23:45:35 - [TEST_STEP][PASSED] - println("reel 4 wild found: " + free_spin_reel_counter[1]): null

2019-08-10 23:45:35 - [TEST_STEP][PASSED] - println("reel 5 wild found: " + free_spin_reel_counter[2]): null

2019-08-10 23:45:35 - [TEST_STEP][PASSED] - M4_spin_reels = M4_spin_reels: null

2019-08-10 23:45:35 - [TEST_STEP][PASSED] - M4_spin_reels_symbols = symbol: null

2019-08-10 23:45:35 - [TEST_STEP][PASSED] - M4_spin_reels_symbols = M4_spin_reels_symbols: null

2019-08-10 23:45:35 - [TEST_STEP][PASSED] - M4_spin_reel_wins = reel_wins: null

2019-08-10 23:45:35 - [TEST_STEP][PASSED] - M4_spin_reel_wins = M4_spin_reel_wins: null

2019-08-10 23:45:35 - [TEST_STEP][PASSED] - println("GlobalVariable.M4_spin_reel_wins is: " + M4_spin_reel_wins): null

2019-08-10 23:45:35 - [TEST_STEP][PASSED] - M4_spin_total_bonus_win_this_round = total_bonus_win_this_round: null

2019-08-10 23:45:35 - [TEST_STEP][PASSED] - M4_spin_total_bonus_win_this_round = M4_spin_total_bonus_win_this_round: null

2019-08-10 23:45:35 - [TEST_STEP][PASSED] - println("GlobalVariable.M4_spin_total_bonus_win_this_round is: " + M4_spin_total_bonus_win_this_round): null

2019-08-10 23:45:35 - [MESSAGE][PASSED] - Verify response successfully

2019-08-10 23:45:35 - [MESSAGE][PASSED] - Send request and verify the response successfully

2019-08-10 23:45:35 - [TEST_STEP][PASSED] - if (M4_total_bonus_spins_int != 0 &amp;&amp; M4_spin_reels_symbols[2].contains("WILD_ExtraFG") || M4_spin_reels_symbols[3].contains("WILD_ExtraFG")): null

2019-08-10 23:45:35 - [TEST_STEP][PASSED] - free_spin_reel_counter = free_spin_reel_counter: null

2019-08-10 23:45:35 - [TEST_STEP][PASSED] - M4_spin_reels_symbols = M4_spin_reels_symbols: null

2019-08-10 23:45:35 - [TEST_STEP][PASSED] - M4_total_bonus_spins = M4_total_bonus_spins: null

2019-08-10 23:45:35 - [TEST_STEP][PASSED] - spin_result = sendRequestAndVerify(findTestObject("RGS(M4)/1_M4_spin", ["M4_login_user_id":M4_login_user_id, "rgs_session_token":rgs_session_token, "partner":Partner])): Send request and verify the response successfully

2019-08-10 23:45:35 - [TEST_CASE][PASSED] - Start Test Case : Verification: Verification accomplished successfully

2019-08-10 23:45:35 - [TEST_STEP][PASSED] - request = getInstance().getCurrentRequest(): null

2019-08-10 23:45:35 - [TEST_STEP][PASSED] - response = getInstance().getCurrentResponse(): null

2019-08-10 23:45:35 - [TEST_STEP][PASSED] - verifyResponseStatusCode(response, 200): Verify response status code successfully

2019-08-10 23:45:35 - [MESSAGE][PASSED] - Verify response status code successfully

2019-08-10 23:45:35 - [TEST_STEP][PASSED] - getStatusCode()).isEqualTo(200): null

2019-08-10 23:45:35 - [TEST_STEP][PASSED] - newline = System.getProperty("line.separator"): null

2019-08-10 23:45:35 - [TEST_STEP][PASSED] - M4_spin = new groovy.json.JsonSlurper(): null

2019-08-10 23:45:35 - [TEST_STEP][PASSED] - result_M4_spin = M4_spin.parseText(response.getResponseBodyContent()): null

2019-08-10 23:45:35 - [TEST_STEP][PASSED] - M4_spin_current_balance = current_balance: null

2019-08-10 23:45:35 - [TEST_STEP][PASSED] - M4_spin_current_balance = M4_spin_current_balance: null

2019-08-10 23:45:35 - [TEST_STEP][PASSED] - M4_spin_transaction_id = causality: null

2019-08-10 23:45:35 - [TEST_STEP][PASSED] - M4_spin_transaction_id = M4_spin_transaction_id: null

2019-08-10 23:45:35 - [TEST_STEP][PASSED] - M4_spin_round_id = round_id: null

2019-08-10 23:45:35 - [TEST_STEP][PASSED] - M4_spin_round_id = M4_spin_round_id: null

2019-08-10 23:45:35 - [TEST_STEP][PASSED] - M4_spin_line_wins = line_wins: null

2019-08-10 23:45:35 - [TEST_STEP][PASSED] - M4_spin_line_wins = M4_spin_line_wins: null

2019-08-10 23:45:35 - [TEST_STEP][PASSED] - M4_total_bonus_spins_int = total_bonus_spins: null

2019-08-10 23:45:35 - [TEST_STEP][PASSED] - println("******M4_total_bonus_spins type is:*******" + newline + getClass().getName()): null

2019-08-10 23:45:35 - [TEST_STEP][PASSED] - M4_total_bonus_spins_int = M4_total_bonus_spins_int: null

2019-08-10 23:45:35 - [TEST_STEP][PASSED] - M4_total_bonus_spins = Integer.toString(M4_total_bonus_spins_int): null

2019-08-10 23:45:35 - [TEST_STEP][PASSED] - M4_total_bonus_spins = M4_total_bonus_spins: null

2019-08-10 23:45:35 - [TEST_STEP][PASSED] - println("M4_total_bonus_spins is:" + M4_total_bonus_spins): null

2019-08-10 23:45:35 - [TEST_STEP][PASSED] - M4_spin_bonus_data = bonus_data: null

2019-08-10 23:45:35 - [TEST_STEP][PASSED] - M4_spin_features_triggered = result_M4_spin: null

2019-08-10 23:45:35 - [TEST_STEP][PASSED] - wild = []: null

2019-08-10 23:45:35 - [TEST_STEP][PASSED] - wild[0] = "WILD_Expanding": null

2019-08-10 23:45:35 - [TEST_STEP][PASSED] - wild[1] = "WILD_Normal": null

2019-08-10 23:45:35 - [TEST_STEP][PASSED] - wild[2] = "WILD_Double": null

2019-08-10 23:45:35 - [TEST_STEP][PASSED] - wild[3] = "WILD_ExtraFG": null

2019-08-10 23:45:35 - [TEST_STEP][PASSED] - wild[4] = "WILD_Triple": null

2019-08-10 23:45:35 - [TEST_STEP][PASSED] - wildList = Arrays.asList(wild): null

2019-08-10 23:45:35 - [TEST_STEP][PASSED] - wildList = wildList: null

2019-08-10 23:45:35 - [TEST_STEP][PASSED] - free_spin_reel_counter = []: null

2019-08-10 23:45:35 - [TEST_STEP][PASSED] - free_spin_reel_counter[0] = 0: null

2019-08-10 23:45:35 - [TEST_STEP][PASSED] - free_spin_reel_counter[1] = 0: null

2019-08-10 23:45:35 - [TEST_STEP][PASSED] - free_spin_reel_counter[2] = 0: null

2019-08-10 23:45:35 - [TEST_STEP][PASSED] - M4_spin_reels = reels: null

2019-08-10 23:45:35 - [TEST_STEP][PASSED] - for ([i = 0, i &lt; M4_spin_reels.size(), (i++)]): null

2019-08-10 23:45:35 - [TEST_STEP][PASSED] - symbols = symbols: null

2019-08-10 23:45:35 - [TEST_STEP][PASSED] - for ([j = 0, j &lt; symbols.size(), (j++)]): null

2019-08-10 23:45:35 - [TEST_STEP][PASSED] - symbol = symbol: null

2019-08-10 23:45:35 - [TEST_STEP][PASSED] - println(symbol): null

2019-08-10 23:45:35 - [TEST_STEP][PASSED] - if (i == 2 &amp;&amp; wildList.indexOf(symbol) != -1): null

2019-08-10 23:45:35 - [TEST_STEP][PASSED] - if (i == 3 &amp;&amp; wildList.indexOf(symbol) != -1): null

2019-08-10 23:45:35 - [TEST_STEP][PASSED] - if (i == 4 &amp;&amp; wildList.indexOf(symbol) != -1): null

2019-08-10 23:45:35 - [TEST_STEP][PASSED] - symbol = symbol: null

2019-08-10 23:45:35 - [TEST_STEP][PASSED] - println(symbol): null

2019-08-10 23:45:35 - [TEST_STEP][PASSED] - if (i == 2 &amp;&amp; wildList.indexOf(symbol) != -1): null

2019-08-10 23:45:35 - [TEST_STEP][PASSED] - if (i == 3 &amp;&amp; wildList.indexOf(symbol) != -1): null

2019-08-10 23:45:35 - [TEST_STEP][PASSED] - if (i == 4 &amp;&amp; wildList.indexOf(symbol) != -1): null

2019-08-10 23:45:35 - [TEST_STEP][PASSED] - symbol = symbol: null

2019-08-10 23:45:35 - [TEST_STEP][PASSED] - println(symbol): null

2019-08-10 23:45:35 - [TEST_STEP][PASSED] - if (i == 2 &amp;&amp; wildList.indexOf(symbol) != -1): null

2019-08-10 23:45:35 - [TEST_STEP][PASSED] - if (i == 3 &amp;&amp; wildList.indexOf(symbol) != -1): null

2019-08-10 23:45:35 - [TEST_STEP][PASSED] - if (i == 4 &amp;&amp; wildList.indexOf(symbol) != -1): null

2019-08-10 23:45:35 - [TEST_STEP][PASSED] - symbols = symbols: null

2019-08-10 23:45:35 - [TEST_STEP][PASSED] - for ([j = 0, j &lt; symbols.size(), (j++)]): null

2019-08-10 23:45:35 - [TEST_STEP][PASSED] - symbol = symbol: null

2019-08-10 23:45:35 - [TEST_STEP][PASSED] - println(symbol): null

2019-08-10 23:45:35 - [TEST_STEP][PASSED] - if (i == 2 &amp;&amp; wildList.indexOf(symbol) != -1): null

2019-08-10 23:45:35 - [TEST_STEP][PASSED] - if (i == 3 &amp;&amp; wildList.indexOf(symbol) != -1): null

2019-08-10 23:45:35 - [TEST_STEP][PASSED] - if (i == 4 &amp;&amp; wildList.indexOf(symbol) != -1): null

2019-08-10 23:45:35 - [TEST_STEP][PASSED] - symbol = symbol: null

2019-08-10 23:45:35 - [TEST_STEP][PASSED] - println(symbol): null

2019-08-10 23:45:35 - [TEST_STEP][PASSED] - if (i == 2 &amp;&amp; wildList.indexOf(symbol) != -1): null

2019-08-10 23:45:35 - [TEST_STEP][PASSED] - if (i == 3 &amp;&amp; wildList.indexOf(symbol) != -1): null

2019-08-10 23:45:35 - [TEST_STEP][PASSED] - if (i == 4 &amp;&amp; wildList.indexOf(symbol) != -1): null

2019-08-10 23:45:35 - [TEST_STEP][PASSED] - symbol = symbol: null

2019-08-10 23:45:35 - [TEST_STEP][PASSED] - println(symbol): null

2019-08-10 23:45:35 - [TEST_STEP][PASSED] - if (i == 2 &amp;&amp; wildList.indexOf(symbol) != -1): null

2019-08-10 23:45:35 - [TEST_STEP][PASSED] - if (i == 3 &amp;&amp; wildList.indexOf(symbol) != -1): null

2019-08-10 23:45:35 - [TEST_STEP][PASSED] - if (i == 4 &amp;&amp; wildList.indexOf(symbol) != -1): null

2019-08-10 23:45:35 - [TEST_STEP][PASSED] - symbols = symbols: null

2019-08-10 23:45:35 - [TEST_STEP][PASSED] - for ([j = 0, j &lt; symbols.size(), (j++)]): null

2019-08-10 23:45:35 - [TEST_STEP][PASSED] - symbol = symbol: null

2019-08-10 23:45:35 - [TEST_STEP][PASSED] - println(symbol): null

2019-08-10 23:45:35 - [TEST_STEP][PASSED] - if (i == 2 &amp;&amp; wildList.indexOf(symbol) != -1): null

2019-08-10 23:45:35 - [TEST_STEP][PASSED] - if (i == 3 &amp;&amp; wildList.indexOf(symbol) != -1): null

2019-08-10 23:45:35 - [TEST_STEP][PASSED] - if (i == 4 &amp;&amp; wildList.indexOf(symbol) != -1): null

2019-08-10 23:45:35 - [TEST_STEP][PASSED] - symbol = symbol: null

2019-08-10 23:45:35 - [TEST_STEP][PASSED] - println(symbol): null

2019-08-10 23:45:35 - [TEST_STEP][PASSED] - if (i == 2 &amp;&amp; wildList.indexOf(symbol) != -1): null

2019-08-10 23:45:35 - [TEST_STEP][PASSED] - if (i == 3 &amp;&amp; wildList.indexOf(symbol) != -1): null

2019-08-10 23:45:35 - [TEST_STEP][PASSED] - if (i == 4 &amp;&amp; wildList.indexOf(symbol) != -1): null

2019-08-10 23:45:35 - [TEST_STEP][PASSED] - symbol = symbol: null

2019-08-10 23:45:35 - [TEST_STEP][PASSED] - println(symbol): null

2019-08-10 23:45:35 - [TEST_STEP][PASSED] - if (i == 2 &amp;&amp; wildList.indexOf(symbol) != -1): null

2019-08-10 23:45:35 - [TEST_STEP][PASSED] - println("wild found on reel 3, adding counter by 1"): null

2019-08-10 23:45:35 - [TEST_STEP][PASSED] - free_spin_reel_counter[0] = free_spin_reel_counter[0] + 1: null

2019-08-10 23:45:35 - [TEST_STEP][PASSED] - if (i == 3 &amp;&amp; wildList.indexOf(symbol) != -1): null

2019-08-10 23:45:35 - [TEST_STEP][PASSED] - if (i == 4 &amp;&amp; wildList.indexOf(symbol) != -1): null

2019-08-10 23:45:35 - [TEST_STEP][PASSED] - symbols = symbols: null

2019-08-10 23:45:35 - [TEST_STEP][PASSED] - for ([j = 0, j &lt; symbols.size(), (j++)]): null

2019-08-10 23:45:35 - [TEST_STEP][PASSED] - symbol = symbol: null

2019-08-10 23:45:35 - [TEST_STEP][PASSED] - println(symbol): null

2019-08-10 23:45:35 - [TEST_STEP][PASSED] - if (i == 2 &amp;&amp; wildList.indexOf(symbol) != -1): null

2019-08-10 23:45:35 - [TEST_STEP][PASSED] - if (i == 3 &amp;&amp; wildList.indexOf(symbol) != -1): null

2019-08-10 23:45:35 - [TEST_STEP][PASSED] - println("wild found on reel 4, adding counter by 1"): null

2019-08-10 23:45:35 - [TEST_STEP][PASSED] - free_spin_reel_counter[1] = free_spin_reel_counter[1] + 1: null

2019-08-10 23:45:35 - [TEST_STEP][PASSED] - if (i == 4 &amp;&amp; wildList.indexOf(symbol) != -1): null

2019-08-10 23:45:35 - [TEST_STEP][PASSED] - symbol = symbol: null

2019-08-10 23:45:35 - [TEST_STEP][PASSED] - println(symbol): null

2019-08-10 23:45:35 - [TEST_STEP][PASSED] - if (i == 2 &amp;&amp; wildList.indexOf(symbol) != -1): null

2019-08-10 23:45:35 - [TEST_STEP][PASSED] - if (i == 3 &amp;&amp; wildList.indexOf(symbol) != -1): null

2019-08-10 23:45:35 - [TEST_STEP][PASSED] - if (i == 4 &amp;&amp; wildList.indexOf(symbol) != -1): null

2019-08-10 23:45:35 - [TEST_STEP][PASSED] - symbol = symbol: null

2019-08-10 23:45:35 - [TEST_STEP][PASSED] - println(symbol): null

2019-08-10 23:45:35 - [TEST_STEP][PASSED] - if (i == 2 &amp;&amp; wildList.indexOf(symbol) != -1): null

2019-08-10 23:45:35 - [TEST_STEP][PASSED] - if (i == 3 &amp;&amp; wildList.indexOf(symbol) != -1): null

2019-08-10 23:45:35 - [TEST_STEP][PASSED] - if (i == 4 &amp;&amp; wildList.indexOf(symbol) != -1): null

2019-08-10 23:45:35 - [TEST_STEP][PASSED] - symbols = symbols: null

2019-08-10 23:45:35 - [TEST_STEP][PASSED] - for ([j = 0, j &lt; symbols.size(), (j++)]): null

2019-08-10 23:45:35 - [TEST_STEP][PASSED] - symbol = symbol: null

2019-08-10 23:45:35 - [TEST_STEP][PASSED] - println(symbol): null

2019-08-10 23:45:35 - [TEST_STEP][PASSED] - if (i == 2 &amp;&amp; wildList.indexOf(symbol) != -1): null

2019-08-10 23:45:35 - [TEST_STEP][PASSED] - if (i == 3 &amp;&amp; wildList.indexOf(symbol) != -1): null

2019-08-10 23:45:35 - [TEST_STEP][PASSED] - if (i == 4 &amp;&amp; wildList.indexOf(symbol) != -1): null

2019-08-10 23:45:35 - [TEST_STEP][PASSED] - symbol = symbol: null

2019-08-10 23:45:35 - [TEST_STEP][PASSED] - println(symbol): null

2019-08-10 23:45:35 - [TEST_STEP][PASSED] - if (i == 2 &amp;&amp; wildList.indexOf(symbol) != -1): null

2019-08-10 23:45:35 - [TEST_STEP][PASSED] - if (i == 3 &amp;&amp; wildList.indexOf(symbol) != -1): null

2019-08-10 23:45:35 - [TEST_STEP][PASSED] - if (i == 4 &amp;&amp; wildList.indexOf(symbol) != -1): null

2019-08-10 23:45:35 - [TEST_STEP][PASSED] - symbol = symbol: null

2019-08-10 23:45:35 - [TEST_STEP][PASSED] - println(symbol): null

2019-08-10 23:45:35 - [TEST_STEP][PASSED] - if (i == 2 &amp;&amp; wildList.indexOf(symbol) != -1): null

2019-08-10 23:45:35 - [TEST_STEP][PASSED] - if (i == 3 &amp;&amp; wildList.indexOf(symbol) != -1): null

2019-08-10 23:45:35 - [TEST_STEP][PASSED] - if (i == 4 &amp;&amp; wildList.indexOf(symbol) != -1): null

2019-08-10 23:45:35 - [TEST_STEP][PASSED] - free_spin_reel_counter = free_spin_reel_counter: null

2019-08-10 23:45:35 - [TEST_STEP][PASSED] - println("reel 3 wild found: " + free_spin_reel_counter[0]): null

2019-08-10 23:45:35 - [TEST_STEP][PASSED] - println("reel 4 wild found: " + free_spin_reel_counter[1]): null

2019-08-10 23:45:35 - [TEST_STEP][PASSED] - println("reel 5 wild found: " + free_spin_reel_counter[2]): null

2019-08-10 23:45:35 - [TEST_STEP][PASSED] - M4_spin_reels = M4_spin_reels: null

2019-08-10 23:45:35 - [TEST_STEP][PASSED] - M4_spin_reels_symbols = symbol: null

2019-08-10 23:45:35 - [TEST_STEP][PASSED] - M4_spin_reels_symbols = M4_spin_reels_symbols: null

2019-08-10 23:45:35 - [TEST_STEP][PASSED] - M4_spin_reel_wins = reel_wins: null

2019-08-10 23:45:35 - [TEST_STEP][PASSED] - M4_spin_reel_wins = M4_spin_reel_wins: null

2019-08-10 23:45:35 - [TEST_STEP][PASSED] - println("GlobalVariable.M4_spin_reel_wins is: " + M4_spin_reel_wins): null

2019-08-10 23:45:35 - [TEST_STEP][PASSED] - M4_spin_total_bonus_win_this_round = total_bonus_win_this_round: null

2019-08-10 23:45:35 - [TEST_STEP][PASSED] - M4_spin_total_bonus_win_this_round = M4_spin_total_bonus_win_this_round: null

2019-08-10 23:45:35 - [TEST_STEP][PASSED] - println("GlobalVariable.M4_spin_total_bonus_win_this_round is: " + M4_spin_total_bonus_win_this_round): null

2019-08-10 23:45:35 - [MESSAGE][PASSED] - Verify response successfully

2019-08-10 23:45:35 - [MESSAGE][PASSED] - Send request and verify the response successfully

2019-08-10 23:45:35 - [TEST_STEP][PASSED] - if (M4_total_bonus_spins_int != 0 &amp;&amp; M4_spin_reels_symbols[2].contains("WILD_ExtraFG") || M4_spin_reels_symbols[3].contains("WILD_ExtraFG")): null

2019-08-10 23:45:35 - [TEST_STEP][PASSED] - free_spin_reel_counter = free_spin_reel_counter: null

2019-08-10 23:45:35 - [TEST_STEP][PASSED] - M4_spin_reels_symbols = M4_spin_reels_symbols: null

2019-08-10 23:45:35 - [TEST_STEP][PASSED] - M4_total_bonus_spins = M4_total_bonus_spins: null

2019-08-10 23:45:35 - [TEST_STEP][PASSED] - spin_result = sendRequestAndVerify(findTestObject("RGS(M4)/1_M4_spin", ["M4_login_user_id":M4_login_user_id, "rgs_session_token":rgs_session_token, "partner":Partner])): Send request and verify the response successfully

2019-08-10 23:45:36 - [TEST_CASE][PASSED] - Start Test Case : Verification: Verification accomplished successfully

2019-08-10 23:45:36 - [TEST_STEP][PASSED] - request = getInstance().getCurrentRequest(): null

2019-08-10 23:45:36 - [TEST_STEP][PASSED] - response = getInstance().getCurrentResponse(): null

2019-08-10 23:45:36 - [TEST_STEP][PASSED] - verifyResponseStatusCode(response, 200): Verify response status code successfully

2019-08-10 23:45:36 - [MESSAGE][PASSED] - Verify response status code successfully

2019-08-10 23:45:36 - [TEST_STEP][PASSED] - getStatusCode()).isEqualTo(200): null

2019-08-10 23:45:36 - [TEST_STEP][PASSED] - newline = System.getProperty("line.separator"): null

2019-08-10 23:45:36 - [TEST_STEP][PASSED] - M4_spin = new groovy.json.JsonSlurper(): null

2019-08-10 23:45:36 - [TEST_STEP][PASSED] - result_M4_spin = M4_spin.parseText(response.getResponseBodyContent()): null

2019-08-10 23:45:36 - [TEST_STEP][PASSED] - M4_spin_current_balance = current_balance: null

2019-08-10 23:45:36 - [TEST_STEP][PASSED] - M4_spin_current_balance = M4_spin_current_balance: null

2019-08-10 23:45:36 - [TEST_STEP][PASSED] - M4_spin_transaction_id = causality: null

2019-08-10 23:45:36 - [TEST_STEP][PASSED] - M4_spin_transaction_id = M4_spin_transaction_id: null

2019-08-10 23:45:36 - [TEST_STEP][PASSED] - M4_spin_round_id = round_id: null

2019-08-10 23:45:36 - [TEST_STEP][PASSED] - M4_spin_round_id = M4_spin_round_id: null

2019-08-10 23:45:36 - [TEST_STEP][PASSED] - M4_spin_line_wins = line_wins: null

2019-08-10 23:45:36 - [TEST_STEP][PASSED] - M4_spin_line_wins = M4_spin_line_wins: null

2019-08-10 23:45:36 - [TEST_STEP][PASSED] - M4_total_bonus_spins_int = total_bonus_spins: null

2019-08-10 23:45:36 - [TEST_STEP][PASSED] - println("******M4_total_bonus_spins type is:*******" + newline + getClass().getName()): null

2019-08-10 23:45:36 - [TEST_STEP][PASSED] - M4_total_bonus_spins_int = M4_total_bonus_spins_int: null

2019-08-10 23:45:36 - [TEST_STEP][PASSED] - M4_total_bonus_spins = Integer.toString(M4_total_bonus_spins_int): null

2019-08-10 23:45:36 - [TEST_STEP][PASSED] - M4_total_bonus_spins = M4_total_bonus_spins: null

2019-08-10 23:45:36 - [TEST_STEP][PASSED] - println("M4_total_bonus_spins is:" + M4_total_bonus_spins): null

2019-08-10 23:45:36 - [TEST_STEP][PASSED] - M4_spin_bonus_data = bonus_data: null

2019-08-10 23:45:36 - [TEST_STEP][PASSED] - M4_spin_features_triggered = result_M4_spin: null

2019-08-10 23:45:36 - [TEST_STEP][PASSED] - wild = []: null

2019-08-10 23:45:36 - [TEST_STEP][PASSED] - wild[0] = "WILD_Expanding": null

2019-08-10 23:45:36 - [TEST_STEP][PASSED] - wild[1] = "WILD_Normal": null

2019-08-10 23:45:36 - [TEST_STEP][PASSED] - wild[2] = "WILD_Double": null

2019-08-10 23:45:36 - [TEST_STEP][PASSED] - wild[3] = "WILD_ExtraFG": null

2019-08-10 23:45:36 - [TEST_STEP][PASSED] - wild[4] = "WILD_Triple": null

2019-08-10 23:45:36 - [TEST_STEP][PASSED] - wildList = Arrays.asList(wild): null

2019-08-10 23:45:36 - [TEST_STEP][PASSED] - wildList = wildList: null

2019-08-10 23:45:36 - [TEST_STEP][PASSED] - free_spin_reel_counter = []: null

2019-08-10 23:45:36 - [TEST_STEP][PASSED] - free_spin_reel_counter[0] = 0: null

2019-08-10 23:45:36 - [TEST_STEP][PASSED] - free_spin_reel_counter[1] = 0: null

2019-08-10 23:45:36 - [TEST_STEP][PASSED] - free_spin_reel_counter[2] = 0: null

2019-08-10 23:45:36 - [TEST_STEP][PASSED] - M4_spin_reels = reels: null

2019-08-10 23:45:36 - [TEST_STEP][PASSED] - for ([i = 0, i &lt; M4_spin_reels.size(), (i++)]): null

2019-08-10 23:45:36 - [TEST_STEP][PASSED] - symbols = symbols: null

2019-08-10 23:45:36 - [TEST_STEP][PASSED] - for ([j = 0, j &lt; symbols.size(), (j++)]): null

2019-08-10 23:45:36 - [TEST_STEP][PASSED] - symbol = symbol: null

2019-08-10 23:45:36 - [TEST_STEP][PASSED] - println(symbol): null

2019-08-10 23:45:36 - [TEST_STEP][PASSED] - if (i == 2 &amp;&amp; wildList.indexOf(symbol) != -1): null

2019-08-10 23:45:36 - [TEST_STEP][PASSED] - if (i == 3 &amp;&amp; wildList.indexOf(symbol) != -1): null

2019-08-10 23:45:36 - [TEST_STEP][PASSED] - if (i == 4 &amp;&amp; wildList.indexOf(symbol) != -1): null

2019-08-10 23:45:36 - [TEST_STEP][PASSED] - symbol = symbol: null

2019-08-10 23:45:36 - [TEST_STEP][PASSED] - println(symbol): null

2019-08-10 23:45:36 - [TEST_STEP][PASSED] - if (i == 2 &amp;&amp; wildList.indexOf(symbol) != -1): null

2019-08-10 23:45:36 - [TEST_STEP][PASSED] - if (i == 3 &amp;&amp; wildList.indexOf(symbol) != -1): null

2019-08-10 23:45:36 - [TEST_STEP][PASSED] - if (i == 4 &amp;&amp; wildList.indexOf(symbol) != -1): null

2019-08-10 23:45:36 - [TEST_STEP][PASSED] - symbol = symbol: null

2019-08-10 23:45:36 - [TEST_STEP][PASSED] - println(symbol): null

2019-08-10 23:45:36 - [TEST_STEP][PASSED] - if (i == 2 &amp;&amp; wildList.indexOf(symbol) != -1): null

2019-08-10 23:45:36 - [TEST_STEP][PASSED] - if (i == 3 &amp;&amp; wildList.indexOf(symbol) != -1): null

2019-08-10 23:45:36 - [TEST_STEP][PASSED] - if (i == 4 &amp;&amp; wildList.indexOf(symbol) != -1): null

2019-08-10 23:45:36 - [TEST_STEP][PASSED] - symbols = symbols: null

2019-08-10 23:45:36 - [TEST_STEP][PASSED] - for ([j = 0, j &lt; symbols.size(), (j++)]): null

2019-08-10 23:45:36 - [TEST_STEP][PASSED] - symbol = symbol: null

2019-08-10 23:45:36 - [TEST_STEP][PASSED] - println(symbol): null

2019-08-10 23:45:36 - [TEST_STEP][PASSED] - if (i == 2 &amp;&amp; wildList.indexOf(symbol) != -1): null

2019-08-10 23:45:36 - [TEST_STEP][PASSED] - if (i == 3 &amp;&amp; wildList.indexOf(symbol) != -1): null

2019-08-10 23:45:36 - [TEST_STEP][PASSED] - if (i == 4 &amp;&amp; wildList.indexOf(symbol) != -1): null

2019-08-10 23:45:36 - [TEST_STEP][PASSED] - symbol = symbol: null

2019-08-10 23:45:36 - [TEST_STEP][PASSED] - println(symbol): null

2019-08-10 23:45:36 - [TEST_STEP][PASSED] - if (i == 2 &amp;&amp; wildList.indexOf(symbol) != -1): null

2019-08-10 23:45:36 - [TEST_STEP][PASSED] - if (i == 3 &amp;&amp; wildList.indexOf(symbol) != -1): null

2019-08-10 23:45:36 - [TEST_STEP][PASSED] - if (i == 4 &amp;&amp; wildList.indexOf(symbol) != -1): null

2019-08-10 23:45:36 - [TEST_STEP][PASSED] - symbol = symbol: null

2019-08-10 23:45:36 - [TEST_STEP][PASSED] - println(symbol): null

2019-08-10 23:45:36 - [TEST_STEP][PASSED] - if (i == 2 &amp;&amp; wildList.indexOf(symbol) != -1): null

2019-08-10 23:45:36 - [TEST_STEP][PASSED] - if (i == 3 &amp;&amp; wildList.indexOf(symbol) != -1): null

2019-08-10 23:45:36 - [TEST_STEP][PASSED] - if (i == 4 &amp;&amp; wildList.indexOf(symbol) != -1): null

2019-08-10 23:45:36 - [TEST_STEP][PASSED] - symbols = symbols: null

2019-08-10 23:45:36 - [TEST_STEP][PASSED] - for ([j = 0, j &lt; symbols.size(), (j++)]): null

2019-08-10 23:45:36 - [TEST_STEP][PASSED] - symbol = symbol: null

2019-08-10 23:45:36 - [TEST_STEP][PASSED] - println(symbol): null

2019-08-10 23:45:36 - [TEST_STEP][PASSED] - if (i == 2 &amp;&amp; wildList.indexOf(symbol) != -1): null

2019-08-10 23:45:36 - [TEST_STEP][PASSED] - if (i == 3 &amp;&amp; wildList.indexOf(symbol) != -1): null

2019-08-10 23:45:36 - [TEST_STEP][PASSED] - if (i == 4 &amp;&amp; wildList.indexOf(symbol) != -1): null

2019-08-10 23:45:36 - [TEST_STEP][PASSED] - symbol = symbol: null

2019-08-10 23:45:36 - [TEST_STEP][PASSED] - println(symbol): null

2019-08-10 23:45:36 - [TEST_STEP][PASSED] - if (i == 2 &amp;&amp; wildList.indexOf(symbol) != -1): null

2019-08-10 23:45:36 - [TEST_STEP][PASSED] - if (i == 3 &amp;&amp; wildList.indexOf(symbol) != -1): null

2019-08-10 23:45:36 - [TEST_STEP][PASSED] - if (i == 4 &amp;&amp; wildList.indexOf(symbol) != -1): null

2019-08-10 23:45:36 - [TEST_STEP][PASSED] - symbol = symbol: null

2019-08-10 23:45:36 - [TEST_STEP][PASSED] - println(symbol): null

2019-08-10 23:45:36 - [TEST_STEP][PASSED] - if (i == 2 &amp;&amp; wildList.indexOf(symbol) != -1): null

2019-08-10 23:45:36 - [TEST_STEP][PASSED] - if (i == 3 &amp;&amp; wildList.indexOf(symbol) != -1): null

2019-08-10 23:45:36 - [TEST_STEP][PASSED] - if (i == 4 &amp;&amp; wildList.indexOf(symbol) != -1): null

2019-08-10 23:45:36 - [TEST_STEP][PASSED] - symbols = symbols: null

2019-08-10 23:45:36 - [TEST_STEP][PASSED] - for ([j = 0, j &lt; symbols.size(), (j++)]): null

2019-08-10 23:45:36 - [TEST_STEP][PASSED] - symbol = symbol: null

2019-08-10 23:45:36 - [TEST_STEP][PASSED] - println(symbol): null

2019-08-10 23:45:36 - [TEST_STEP][PASSED] - if (i == 2 &amp;&amp; wildList.indexOf(symbol) != -1): null

2019-08-10 23:45:36 - [TEST_STEP][PASSED] - if (i == 3 &amp;&amp; wildList.indexOf(symbol) != -1): null

2019-08-10 23:45:36 - [TEST_STEP][PASSED] - if (i == 4 &amp;&amp; wildList.indexOf(symbol) != -1): null

2019-08-10 23:45:36 - [TEST_STEP][PASSED] - symbol = symbol: null

2019-08-10 23:45:36 - [TEST_STEP][PASSED] - println(symbol): null

2019-08-10 23:45:36 - [TEST_STEP][PASSED] - if (i == 2 &amp;&amp; wildList.indexOf(symbol) != -1): null

2019-08-10 23:45:36 - [TEST_STEP][PASSED] - if (i == 3 &amp;&amp; wildList.indexOf(symbol) != -1): null

2019-08-10 23:45:36 - [TEST_STEP][PASSED] - println("wild found on reel 4, adding counter by 1"): null

2019-08-10 23:45:36 - [TEST_STEP][PASSED] - free_spin_reel_counter[1] = free_spin_reel_counter[1] + 1: null

2019-08-10 23:45:36 - [TEST_STEP][PASSED] - if (i == 4 &amp;&amp; wildList.indexOf(symbol) != -1): null

2019-08-10 23:45:36 - [TEST_STEP][PASSED] - symbol = symbol: null

2019-08-10 23:45:36 - [TEST_STEP][PASSED] - println(symbol): null

2019-08-10 23:45:36 - [TEST_STEP][PASSED] - if (i == 2 &amp;&amp; wildList.indexOf(symbol) != -1): null

2019-08-10 23:45:36 - [TEST_STEP][PASSED] - if (i == 3 &amp;&amp; wildList.indexOf(symbol) != -1): null

2019-08-10 23:45:36 - [TEST_STEP][PASSED] - if (i == 4 &amp;&amp; wildList.indexOf(symbol) != -1): null

2019-08-10 23:45:36 - [TEST_STEP][PASSED] - symbols = symbols: null

2019-08-10 23:45:36 - [TEST_STEP][PASSED] - for ([j = 0, j &lt; symbols.size(), (j++)]): null

2019-08-10 23:45:36 - [TEST_STEP][PASSED] - symbol = symbol: null

2019-08-10 23:45:36 - [TEST_STEP][PASSED] - println(symbol): null

2019-08-10 23:45:36 - [TEST_STEP][PASSED] - if (i == 2 &amp;&amp; wildList.indexOf(symbol) != -1): null

2019-08-10 23:45:36 - [TEST_STEP][PASSED] - if (i == 3 &amp;&amp; wildList.indexOf(symbol) != -1): null

2019-08-10 23:45:36 - [TEST_STEP][PASSED] - if (i == 4 &amp;&amp; wildList.indexOf(symbol) != -1): null

2019-08-10 23:45:36 - [TEST_STEP][PASSED] - symbol = symbol: null

2019-08-10 23:45:36 - [TEST_STEP][PASSED] - println(symbol): null

2019-08-10 23:45:36 - [TEST_STEP][PASSED] - if (i == 2 &amp;&amp; wildList.indexOf(symbol) != -1): null

2019-08-10 23:45:36 - [TEST_STEP][PASSED] - if (i == 3 &amp;&amp; wildList.indexOf(symbol) != -1): null

2019-08-10 23:45:36 - [TEST_STEP][PASSED] - if (i == 4 &amp;&amp; wildList.indexOf(symbol) != -1): null

2019-08-10 23:45:36 - [TEST_STEP][PASSED] - symbol = symbol: null

2019-08-10 23:45:36 - [TEST_STEP][PASSED] - println(symbol): null

2019-08-10 23:45:36 - [TEST_STEP][PASSED] - if (i == 2 &amp;&amp; wildList.indexOf(symbol) != -1): null

2019-08-10 23:45:36 - [TEST_STEP][PASSED] - if (i == 3 &amp;&amp; wildList.indexOf(symbol) != -1): null

2019-08-10 23:45:36 - [TEST_STEP][PASSED] - if (i == 4 &amp;&amp; wildList.indexOf(symbol) != -1): null

2019-08-10 23:45:36 - [TEST_STEP][PASSED] - free_spin_reel_counter = free_spin_reel_counter: null

2019-08-10 23:45:36 - [TEST_STEP][PASSED] - println("reel 3 wild found: " + free_spin_reel_counter[0]): null

2019-08-10 23:45:36 - [TEST_STEP][PASSED] - println("reel 4 wild found: " + free_spin_reel_counter[1]): null

2019-08-10 23:45:36 - [TEST_STEP][PASSED] - println("reel 5 wild found: " + free_spin_reel_counter[2]): null

2019-08-10 23:45:36 - [TEST_STEP][PASSED] - M4_spin_reels = M4_spin_reels: null

2019-08-10 23:45:36 - [TEST_STEP][PASSED] - M4_spin_reels_symbols = symbol: null

2019-08-10 23:45:36 - [TEST_STEP][PASSED] - M4_spin_reels_symbols = M4_spin_reels_symbols: null

2019-08-10 23:45:36 - [TEST_STEP][PASSED] - M4_spin_reel_wins = reel_wins: null

2019-08-10 23:45:36 - [TEST_STEP][PASSED] - M4_spin_reel_wins = M4_spin_reel_wins: null

2019-08-10 23:45:36 - [TEST_STEP][PASSED] - println("GlobalVariable.M4_spin_reel_wins is: " + M4_spin_reel_wins): null

2019-08-10 23:45:36 - [TEST_STEP][PASSED] - M4_spin_total_bonus_win_this_round = total_bonus_win_this_round: null

2019-08-10 23:45:36 - [TEST_STEP][PASSED] - M4_spin_total_bonus_win_this_round = M4_spin_total_bonus_win_this_round: null

2019-08-10 23:45:36 - [TEST_STEP][PASSED] - println("GlobalVariable.M4_spin_total_bonus_win_this_round is: " + M4_spin_total_bonus_win_this_round): null

2019-08-10 23:45:36 - [MESSAGE][PASSED] - Verify response successfully

2019-08-10 23:45:36 - [MESSAGE][PASSED] - Send request and verify the response successfully

2019-08-10 23:45:36 - [TEST_STEP][PASSED] - if (M4_total_bonus_spins_int != 0 &amp;&amp; M4_spin_reels_symbols[2].contains("WILD_ExtraFG") || M4_spin_reels_symbols[3].contains("WILD_ExtraFG")): null

2019-08-10 23:45:36 - [TEST_STEP][PASSED] - free_spin_reel_counter = free_spin_reel_counter: null

2019-08-10 23:45:36 - [TEST_STEP][PASSED] - M4_spin_reels_symbols = M4_spin_reels_symbols: null

2019-08-10 23:45:36 - [TEST_STEP][PASSED] - M4_total_bonus_spins = M4_total_bonus_spins: null

2019-08-10 23:45:36 - [TEST_STEP][PASSED] - spin_result = sendRequestAndVerify(findTestObject("RGS(M4)/1_M4_spin", ["M4_login_user_id":M4_login_user_id, "rgs_session_token":rgs_session_token, "partner":Partner])): Send request and verify the response successfully

2019-08-10 23:45:36 - [TEST_CASE][PASSED] - Start Test Case : Verification: Verification accomplished successfully

2019-08-10 23:45:36 - [TEST_STEP][PASSED] - request = getInstance().getCurrentRequest(): null

2019-08-10 23:45:36 - [TEST_STEP][PASSED] - response = getInstance().getCurrentResponse(): null

2019-08-10 23:45:36 - [TEST_STEP][PASSED] - verifyResponseStatusCode(response, 200): Verify response status code successfully

2019-08-10 23:45:36 - [MESSAGE][PASSED] - Verify response status code successfully

2019-08-10 23:45:36 - [TEST_STEP][PASSED] - getStatusCode()).isEqualTo(200): null

2019-08-10 23:45:36 - [TEST_STEP][PASSED] - newline = System.getProperty("line.separator"): null

2019-08-10 23:45:36 - [TEST_STEP][PASSED] - M4_spin = new groovy.json.JsonSlurper(): null

2019-08-10 23:45:36 - [TEST_STEP][PASSED] - result_M4_spin = M4_spin.parseText(response.getResponseBodyContent()): null

2019-08-10 23:45:36 - [TEST_STEP][PASSED] - M4_spin_current_balance = current_balance: null

2019-08-10 23:45:40 - [TEST_STEP][PASSED] - M4_spin_current_balance = M4_spin_current_balance: null

2019-08-10 23:45:40 - [TEST_STEP][PASSED] - M4_spin_transaction_id = causality: null

2019-08-10 23:45:40 - [TEST_STEP][PASSED] - M4_spin_transaction_id = M4_spin_transaction_id: null

2019-08-10 23:45:40 - [TEST_STEP][PASSED] - M4_spin_round_id = round_id: null

2019-08-10 23:45:40 - [TEST_STEP][PASSED] - M4_spin_round_id = M4_spin_round_id: null

2019-08-10 23:45:40 - [TEST_STEP][PASSED] - M4_spin_line_wins = line_wins: null

2019-08-10 23:45:40 - [TEST_STEP][PASSED] - M4_spin_line_wins = M4_spin_line_wins: null

2019-08-10 23:45:40 - [TEST_STEP][PASSED] - M4_total_bonus_spins_int = total_bonus_spins: null

2019-08-10 23:45:40 - [TEST_STEP][PASSED] - println("******M4_total_bonus_spins type is:*******" + newline + getClass().getName()): null

2019-08-10 23:45:40 - [TEST_STEP][PASSED] - M4_total_bonus_spins_int = M4_total_bonus_spins_int: null

2019-08-10 23:45:40 - [TEST_STEP][PASSED] - M4_total_bonus_spins = Integer.toString(M4_total_bonus_spins_int): null

2019-08-10 23:45:40 - [TEST_STEP][PASSED] - M4_total_bonus_spins = M4_total_bonus_spins: null

2019-08-10 23:45:40 - [TEST_STEP][PASSED] - println("M4_total_bonus_spins is:" + M4_total_bonus_spins): null

2019-08-10 23:45:40 - [TEST_STEP][PASSED] - M4_spin_bonus_data = bonus_data: null

2019-08-10 23:45:40 - [TEST_STEP][PASSED] - M4_spin_features_triggered = result_M4_spin: null

2019-08-10 23:45:40 - [TEST_STEP][PASSED] - wild = []: null

2019-08-10 23:45:40 - [TEST_STEP][PASSED] - wild[0] = "WILD_Expanding": null

2019-08-10 23:45:40 - [TEST_STEP][PASSED] - wild[1] = "WILD_Normal": null

2019-08-10 23:45:40 - [TEST_STEP][PASSED] - wild[2] = "WILD_Double": null

2019-08-10 23:45:40 - [TEST_STEP][PASSED] - wild[3] = "WILD_ExtraFG": null

2019-08-10 23:45:40 - [TEST_STEP][PASSED] - wild[4] = "WILD_Triple": null

2019-08-10 23:45:40 - [TEST_STEP][PASSED] - wildList = Arrays.asList(wild): null

2019-08-10 23:45:40 - [TEST_STEP][PASSED] - wildList = wildList: null

2019-08-10 23:45:40 - [TEST_STEP][PASSED] - free_spin_reel_counter = []: null

2019-08-10 23:45:40 - [TEST_STEP][PASSED] - free_spin_reel_counter[0] = 0: null

2019-08-10 23:45:40 - [TEST_STEP][PASSED] - free_spin_reel_counter[1] = 0: null

2019-08-10 23:45:40 - [TEST_STEP][PASSED] - free_spin_reel_counter[2] = 0: null

2019-08-10 23:45:40 - [TEST_STEP][PASSED] - M4_spin_reels = reels: null

2019-08-10 23:45:40 - [TEST_STEP][PASSED] - for ([i = 0, i &lt; M4_spin_reels.size(), (i++)]): null

2019-08-10 23:45:40 - [TEST_STEP][PASSED] - symbols = symbols: null

2019-08-10 23:45:40 - [TEST_STEP][PASSED] - for ([j = 0, j &lt; symbols.size(), (j++)]): null

2019-08-10 23:45:40 - [TEST_STEP][PASSED] - symbol = symbol: null

2019-08-10 23:45:40 - [TEST_STEP][PASSED] - println(symbol): null

2019-08-10 23:45:40 - [TEST_STEP][PASSED] - if (i == 2 &amp;&amp; wildList.indexOf(symbol) != -1): null

2019-08-10 23:45:40 - [TEST_STEP][PASSED] - if (i == 3 &amp;&amp; wildList.indexOf(symbol) != -1): null

2019-08-10 23:45:40 - [TEST_STEP][PASSED] - if (i == 4 &amp;&amp; wildList.indexOf(symbol) != -1): null

2019-08-10 23:45:40 - [TEST_STEP][PASSED] - symbol = symbol: null

2019-08-10 23:45:40 - [TEST_STEP][PASSED] - println(symbol): null

2019-08-10 23:45:40 - [TEST_STEP][PASSED] - if (i == 2 &amp;&amp; wildList.indexOf(symbol) != -1): null

2019-08-10 23:45:40 - [TEST_STEP][PASSED] - if (i == 3 &amp;&amp; wildList.indexOf(symbol) != -1): null

2019-08-10 23:45:40 - [TEST_STEP][PASSED] - if (i == 4 &amp;&amp; wildList.indexOf(symbol) != -1): null

2019-08-10 23:45:40 - [TEST_STEP][PASSED] - symbol = symbol: null

2019-08-10 23:45:40 - [TEST_STEP][PASSED] - println(symbol): null

2019-08-10 23:45:40 - [TEST_STEP][PASSED] - if (i == 2 &amp;&amp; wildList.indexOf(symbol) != -1): null

2019-08-10 23:45:40 - [TEST_STEP][PASSED] - if (i == 3 &amp;&amp; wildList.indexOf(symbol) != -1): null

2019-08-10 23:45:40 - [TEST_STEP][PASSED] - if (i == 4 &amp;&amp; wildList.indexOf(symbol) != -1): null

2019-08-10 23:45:40 - [TEST_STEP][PASSED] - symbols = symbols: null

2019-08-10 23:45:40 - [TEST_STEP][PASSED] - for ([j = 0, j &lt; symbols.size(), (j++)]): null

2019-08-10 23:45:40 - [TEST_STEP][PASSED] - symbol = symbol: null

2019-08-10 23:45:40 - [TEST_STEP][PASSED] - println(symbol): null

2019-08-10 23:45:40 - [TEST_STEP][PASSED] - if (i == 2 &amp;&amp; wildList.indexOf(symbol) != -1): null

2019-08-10 23:45:40 - [TEST_STEP][PASSED] - if (i == 3 &amp;&amp; wildList.indexOf(symbol) != -1): null

2019-08-10 23:45:40 - [TEST_STEP][PASSED] - if (i == 4 &amp;&amp; wildList.indexOf(symbol) != -1): null

2019-08-10 23:45:40 - [TEST_STEP][PASSED] - symbol = symbol: null

2019-08-10 23:45:40 - [TEST_STEP][PASSED] - println(symbol): null

2019-08-10 23:45:40 - [TEST_STEP][PASSED] - if (i == 2 &amp;&amp; wildList.indexOf(symbol) != -1): null

2019-08-10 23:45:40 - [TEST_STEP][PASSED] - if (i == 3 &amp;&amp; wildList.indexOf(symbol) != -1): null

2019-08-10 23:45:40 - [TEST_STEP][PASSED] - if (i == 4 &amp;&amp; wildList.indexOf(symbol) != -1): null

2019-08-10 23:45:40 - [TEST_STEP][PASSED] - symbol = symbol: null

2019-08-10 23:45:40 - [TEST_STEP][PASSED] - println(symbol): null

2019-08-10 23:45:40 - [TEST_STEP][PASSED] - if (i == 2 &amp;&amp; wildList.indexOf(symbol) != -1): null

2019-08-10 23:45:40 - [TEST_STEP][PASSED] - if (i == 3 &amp;&amp; wildList.indexOf(symbol) != -1): null

2019-08-10 23:45:40 - [TEST_STEP][PASSED] - if (i == 4 &amp;&amp; wildList.indexOf(symbol) != -1): null

2019-08-10 23:45:40 - [TEST_STEP][PASSED] - symbols = symbols: null

2019-08-10 23:45:40 - [TEST_STEP][PASSED] - for ([j = 0, j &lt; symbols.size(), (j++)]): null

2019-08-10 23:45:40 - [TEST_STEP][PASSED] - symbol = symbol: null

2019-08-10 23:45:40 - [TEST_STEP][PASSED] - println(symbol): null

2019-08-10 23:45:40 - [TEST_STEP][PASSED] - if (i == 2 &amp;&amp; wildList.indexOf(symbol) != -1): null

2019-08-10 23:45:40 - [TEST_STEP][PASSED] - if (i == 3 &amp;&amp; wildList.indexOf(symbol) != -1): null

2019-08-10 23:45:40 - [TEST_STEP][PASSED] - if (i == 4 &amp;&amp; wildList.indexOf(symbol) != -1): null

2019-08-10 23:45:40 - [TEST_STEP][PASSED] - symbol = symbol: null

2019-08-10 23:45:40 - [TEST_STEP][PASSED] - println(symbol): null

2019-08-10 23:45:40 - [TEST_STEP][PASSED] - if (i == 2 &amp;&amp; wildList.indexOf(symbol) != -1): null

2019-08-10 23:45:40 - [TEST_STEP][PASSED] - if (i == 3 &amp;&amp; wildList.indexOf(symbol) != -1): null

2019-08-10 23:45:40 - [TEST_STEP][PASSED] - if (i == 4 &amp;&amp; wildList.indexOf(symbol) != -1): null

2019-08-10 23:45:40 - [TEST_STEP][PASSED] - symbol = symbol: null

2019-08-10 23:45:40 - [TEST_STEP][PASSED] - println(symbol): null

2019-08-10 23:45:40 - [TEST_STEP][PASSED] - if (i == 2 &amp;&amp; wildList.indexOf(symbol) != -1): null

2019-08-10 23:45:40 - [TEST_STEP][PASSED] - if (i == 3 &amp;&amp; wildList.indexOf(symbol) != -1): null

2019-08-10 23:45:40 - [TEST_STEP][PASSED] - if (i == 4 &amp;&amp; wildList.indexOf(symbol) != -1): null

2019-08-10 23:45:40 - [TEST_STEP][PASSED] - symbols = symbols: null

2019-08-10 23:45:40 - [TEST_STEP][PASSED] - for ([j = 0, j &lt; symbols.size(), (j++)]): null

2019-08-10 23:45:40 - [TEST_STEP][PASSED] - symbol = symbol: null

2019-08-10 23:45:40 - [TEST_STEP][PASSED] - println(symbol): null

2019-08-10 23:45:40 - [TEST_STEP][PASSED] - if (i == 2 &amp;&amp; wildList.indexOf(symbol) != -1): null

2019-08-10 23:45:40 - [TEST_STEP][PASSED] - if (i == 3 &amp;&amp; wildList.indexOf(symbol) != -1): null

2019-08-10 23:45:40 - [TEST_STEP][PASSED] - if (i == 4 &amp;&amp; wildList.indexOf(symbol) != -1): null

2019-08-10 23:45:40 - [TEST_STEP][PASSED] - symbol = symbol: null

2019-08-10 23:45:40 - [TEST_STEP][PASSED] - println(symbol): null

2019-08-10 23:45:40 - [TEST_STEP][PASSED] - if (i == 2 &amp;&amp; wildList.indexOf(symbol) != -1): null

2019-08-10 23:45:40 - [TEST_STEP][PASSED] - if (i == 3 &amp;&amp; wildList.indexOf(symbol) != -1): null

2019-08-10 23:45:40 - [TEST_STEP][PASSED] - println("wild found on reel 4, adding counter by 1"): null

2019-08-10 23:45:40 - [TEST_STEP][PASSED] - free_spin_reel_counter[1] = free_spin_reel_counter[1] + 1: null

2019-08-10 23:45:40 - [TEST_STEP][PASSED] - if (i == 4 &amp;&amp; wildList.indexOf(symbol) != -1): null

2019-08-10 23:45:40 - [TEST_STEP][PASSED] - symbol = symbol: null

2019-08-10 23:45:40 - [TEST_STEP][PASSED] - println(symbol): null

2019-08-10 23:45:40 - [TEST_STEP][PASSED] - if (i == 2 &amp;&amp; wildList.indexOf(symbol) != -1): null

2019-08-10 23:45:40 - [TEST_STEP][PASSED] - if (i == 3 &amp;&amp; wildList.indexOf(symbol) != -1): null

2019-08-10 23:45:40 - [TEST_STEP][PASSED] - if (i == 4 &amp;&amp; wildList.indexOf(symbol) != -1): null

2019-08-10 23:45:40 - [TEST_STEP][PASSED] - symbols = symbols: null

2019-08-10 23:45:40 - [TEST_STEP][PASSED] - for ([j = 0, j &lt; symbols.size(), (j++)]): null

2019-08-10 23:45:40 - [TEST_STEP][PASSED] - symbol = symbol: null

2019-08-10 23:45:40 - [TEST_STEP][PASSED] - println(symbol): null

2019-08-10 23:45:40 - [TEST_STEP][PASSED] - if (i == 2 &amp;&amp; wildList.indexOf(symbol) != -1): null

2019-08-10 23:45:40 - [TEST_STEP][PASSED] - if (i == 3 &amp;&amp; wildList.indexOf(symbol) != -1): null

2019-08-10 23:45:40 - [TEST_STEP][PASSED] - if (i == 4 &amp;&amp; wildList.indexOf(symbol) != -1): null

2019-08-10 23:45:40 - [TEST_STEP][PASSED] - symbol = symbol: null

2019-08-10 23:45:40 - [TEST_STEP][PASSED] - println(symbol): null

2019-08-10 23:45:40 - [TEST_STEP][PASSED] - if (i == 2 &amp;&amp; wildList.indexOf(symbol) != -1): null

2019-08-10 23:45:40 - [TEST_STEP][PASSED] - if (i == 3 &amp;&amp; wildList.indexOf(symbol) != -1): null

2019-08-10 23:45:40 - [TEST_STEP][PASSED] - if (i == 4 &amp;&amp; wildList.indexOf(symbol) != -1): null

2019-08-10 23:45:40 - [TEST_STEP][PASSED] - symbol = symbol: null

2019-08-10 23:45:40 - [TEST_STEP][PASSED] - println(symbol): null

2019-08-10 23:45:40 - [TEST_STEP][PASSED] - if (i == 2 &amp;&amp; wildList.indexOf(symbol) != -1): null

2019-08-10 23:45:40 - [TEST_STEP][PASSED] - if (i == 3 &amp;&amp; wildList.indexOf(symbol) != -1): null

2019-08-10 23:45:40 - [TEST_STEP][PASSED] - if (i == 4 &amp;&amp; wildList.indexOf(symbol) != -1): null

2019-08-10 23:45:40 - [TEST_STEP][PASSED] - free_spin_reel_counter = free_spin_reel_counter: null

2019-08-10 23:45:40 - [TEST_STEP][PASSED] - println("reel 3 wild found: " + free_spin_reel_counter[0]): null

2019-08-10 23:45:40 - [TEST_STEP][PASSED] - println("reel 4 wild found: " + free_spin_reel_counter[1]): null

2019-08-10 23:45:40 - [TEST_STEP][PASSED] - println("reel 5 wild found: " + free_spin_reel_counter[2]): null

2019-08-10 23:45:40 - [TEST_STEP][PASSED] - M4_spin_reels = M4_spin_reels: null

2019-08-10 23:45:40 - [TEST_STEP][PASSED] - M4_spin_reels_symbols = symbol: null

2019-08-10 23:45:40 - [TEST_STEP][PASSED] - M4_spin_reels_symbols = M4_spin_reels_symbols: null

2019-08-10 23:45:40 - [TEST_STEP][PASSED] - M4_spin_reel_wins = reel_wins: null

2019-08-10 23:45:40 - [TEST_STEP][PASSED] - M4_spin_reel_wins = M4_spin_reel_wins: null

2019-08-10 23:45:40 - [TEST_STEP][PASSED] - println("GlobalVariable.M4_spin_reel_wins is: " + M4_spin_reel_wins): null

2019-08-10 23:45:40 - [TEST_STEP][PASSED] - M4_spin_total_bonus_win_this_round = total_bonus_win_this_round: null

2019-08-10 23:45:40 - [TEST_STEP][PASSED] - M4_spin_total_bonus_win_this_round = M4_spin_total_bonus_win_this_round: null

2019-08-10 23:45:40 - [TEST_STEP][PASSED] - println("GlobalVariable.M4_spin_total_bonus_win_this_round is: " + M4_spin_total_bonus_win_this_round): null

2019-08-10 23:45:40 - [MESSAGE][PASSED] - Verify response successfully

2019-08-10 23:45:40 - [MESSAGE][PASSED] - Send request and verify the response successfully

2019-08-10 23:45:40 - [TEST_STEP][PASSED] - if (M4_total_bonus_spins_int != 0 &amp;&amp; M4_spin_reels_symbols[2].contains("WILD_ExtraFG") || M4_spin_reels_symbols[3].contains("WILD_ExtraFG")): null

2019-08-10 23:45:40 - [TEST_STEP][PASSED] - free_spin_reel_counter = free_spin_reel_counter: null

2019-08-10 23:45:40 - [TEST_STEP][PASSED] - M4_spin_reels_symbols = M4_spin_reels_symbols: null

2019-08-10 23:45:40 - [TEST_STEP][PASSED] - M4_total_bonus_spins = M4_total_bonus_spins: null

2019-08-10 23:45:40 - [TEST_STEP][PASSED] - spin_result = sendRequestAndVerify(findTestObject("RGS(M4)/1_M4_spin", ["M4_login_user_id":M4_login_user_id, "rgs_session_token":rgs_session_token, "partner":Partner])): Send request and verify the response successfully

2019-08-10 23:45:40 - [TEST_CASE][PASSED] - Start Test Case : Verification: Verification accomplished successfully

2019-08-10 23:45:40 - [TEST_STEP][PASSED] - request = getInstance().getCurrentRequest(): null

2019-08-10 23:45:40 - [TEST_STEP][PASSED] - response = getInstance().getCurrentResponse(): null

2019-08-10 23:45:40 - [TEST_STEP][PASSED] - verifyResponseStatusCode(response, 200): Verify response status code successfully

2019-08-10 23:45:40 - [MESSAGE][PASSED] - Verify response status code successfully

2019-08-10 23:45:40 - [TEST_STEP][PASSED] - getStatusCode()).isEqualTo(200): null

2019-08-10 23:45:40 - [TEST_STEP][PASSED] - newline = System.getProperty("line.separator"): null

2019-08-10 23:45:40 - [TEST_STEP][PASSED] - M4_spin = new groovy.json.JsonSlurper(): null

2019-08-10 23:45:40 - [TEST_STEP][PASSED] - result_M4_spin = M4_spin.parseText(response.getResponseBodyContent()): null

2019-08-10 23:45:40 - [TEST_STEP][PASSED] - M4_spin_current_balance = current_balance: null

2019-08-10 23:45:40 - [TEST_STEP][PASSED] - M4_spin_current_balance = M4_spin_current_balance: null

2019-08-10 23:45:40 - [TEST_STEP][PASSED] - M4_spin_transaction_id = causality: null

2019-08-10 23:45:40 - [TEST_STEP][PASSED] - M4_spin_transaction_id = M4_spin_transaction_id: null

2019-08-10 23:45:40 - [TEST_STEP][PASSED] - M4_spin_round_id = round_id: null

2019-08-10 23:45:40 - [TEST_STEP][PASSED] - M4_spin_round_id = M4_spin_round_id: null

2019-08-10 23:45:40 - [TEST_STEP][PASSED] - M4_spin_line_wins = line_wins: null

2019-08-10 23:45:40 - [TEST_STEP][PASSED] - M4_spin_line_wins = M4_spin_line_wins: null

2019-08-10 23:45:40 - [TEST_STEP][PASSED] - M4_total_bonus_spins_int = total_bonus_spins: null

2019-08-10 23:45:40 - [TEST_STEP][PASSED] - println("******M4_total_bonus_spins type is:*******" + newline + getClass().getName()): null

2019-08-10 23:45:40 - [TEST_STEP][PASSED] - M4_total_bonus_spins_int = M4_total_bonus_spins_int: null

2019-08-10 23:45:40 - [TEST_STEP][PASSED] - M4_total_bonus_spins = Integer.toString(M4_total_bonus_spins_int): null

2019-08-10 23:45:40 - [TEST_STEP][PASSED] - M4_total_bonus_spins = M4_total_bonus_spins: null

2019-08-10 23:45:40 - [TEST_STEP][PASSED] - println("M4_total_bonus_spins is:" + M4_total_bonus_spins): null

2019-08-10 23:45:40 - [TEST_STEP][PASSED] - M4_spin_bonus_data = bonus_data: null

2019-08-10 23:45:40 - [TEST_STEP][PASSED] - M4_spin_features_triggered = result_M4_spin: null

2019-08-10 23:45:40 - [TEST_STEP][PASSED] - wild = []: null

2019-08-10 23:45:40 - [TEST_STEP][PASSED] - wild[0] = "WILD_Expanding": null

2019-08-10 23:45:40 - [TEST_STEP][PASSED] - wild[1] = "WILD_Normal": null

2019-08-10 23:45:40 - [TEST_STEP][PASSED] - wild[2] = "WILD_Double": null

2019-08-10 23:45:40 - [TEST_STEP][PASSED] - wild[3] = "WILD_ExtraFG": null

2019-08-10 23:45:40 - [TEST_STEP][PASSED] - wild[4] = "WILD_Triple": null

2019-08-10 23:45:40 - [TEST_STEP][PASSED] - wildList = Arrays.asList(wild): null

2019-08-10 23:45:40 - [TEST_STEP][PASSED] - wildList = wildList: null

2019-08-10 23:45:40 - [TEST_STEP][PASSED] - free_spin_reel_counter = []: null

2019-08-10 23:45:40 - [TEST_STEP][PASSED] - free_spin_reel_counter[0] = 0: null

2019-08-10 23:45:40 - [TEST_STEP][PASSED] - free_spin_reel_counter[1] = 0: null

2019-08-10 23:45:40 - [TEST_STEP][PASSED] - free_spin_reel_counter[2] = 0: null

2019-08-10 23:45:40 - [TEST_STEP][PASSED] - M4_spin_reels = reels: null

2019-08-10 23:45:40 - [TEST_STEP][PASSED] - for ([i = 0, i &lt; M4_spin_reels.size(), (i++)]): null

2019-08-10 23:45:40 - [TEST_STEP][PASSED] - symbols = symbols: null

2019-08-10 23:45:40 - [TEST_STEP][PASSED] - for ([j = 0, j &lt; symbols.size(), (j++)]): null

2019-08-10 23:45:40 - [TEST_STEP][PASSED] - symbol = symbol: null

2019-08-10 23:45:40 - [TEST_STEP][PASSED] - println(symbol): null

2019-08-10 23:45:40 - [TEST_STEP][PASSED] - if (i == 2 &amp;&amp; wildList.indexOf(symbol) != -1): null

2019-08-10 23:45:40 - [TEST_STEP][PASSED] - if (i == 3 &amp;&amp; wildList.indexOf(symbol) != -1): null

2019-08-10 23:45:40 - [TEST_STEP][PASSED] - if (i == 4 &amp;&amp; wildList.indexOf(symbol) != -1): null

2019-08-10 23:45:40 - [TEST_STEP][PASSED] - symbol = symbol: null

2019-08-10 23:45:40 - [TEST_STEP][PASSED] - println(symbol): null

2019-08-10 23:45:40 - [TEST_STEP][PASSED] - if (i == 2 &amp;&amp; wildList.indexOf(symbol) != -1): null

2019-08-10 23:45:40 - [TEST_STEP][PASSED] - if (i == 3 &amp;&amp; wildList.indexOf(symbol) != -1): null

2019-08-10 23:45:40 - [TEST_STEP][PASSED] - if (i == 4 &amp;&amp; wildList.indexOf(symbol) != -1): null

2019-08-10 23:45:40 - [TEST_STEP][PASSED] - symbol = symbol: null

2019-08-10 23:45:40 - [TEST_STEP][PASSED] - println(symbol): null

2019-08-10 23:45:40 - [TEST_STEP][PASSED] - if (i == 2 &amp;&amp; wildList.indexOf(symbol) != -1): null

2019-08-10 23:45:40 - [TEST_STEP][PASSED] - if (i == 3 &amp;&amp; wildList.indexOf(symbol) != -1): null

2019-08-10 23:45:40 - [TEST_STEP][PASSED] - if (i == 4 &amp;&amp; wildList.indexOf(symbol) != -1): null

2019-08-10 23:45:40 - [TEST_STEP][PASSED] - symbols = symbols: null

2019-08-10 23:45:40 - [TEST_STEP][PASSED] - for ([j = 0, j &lt; symbols.size(), (j++)]): null

2019-08-10 23:45:40 - [TEST_STEP][PASSED] - symbol = symbol: null

2019-08-10 23:45:40 - [TEST_STEP][PASSED] - println(symbol): null

2019-08-10 23:45:40 - [TEST_STEP][PASSED] - if (i == 2 &amp;&amp; wildList.indexOf(symbol) != -1): null

2019-08-10 23:45:40 - [TEST_STEP][PASSED] - if (i == 3 &amp;&amp; wildList.indexOf(symbol) != -1): null

2019-08-10 23:45:40 - [TEST_STEP][PASSED] - if (i == 4 &amp;&amp; wildList.indexOf(symbol) != -1): null

2019-08-10 23:45:40 - [TEST_STEP][PASSED] - symbol = symbol: null

2019-08-10 23:45:40 - [TEST_STEP][PASSED] - println(symbol): null

2019-08-10 23:45:40 - [TEST_STEP][PASSED] - if (i == 2 &amp;&amp; wildList.indexOf(symbol) != -1): null

2019-08-10 23:45:40 - [TEST_STEP][PASSED] - if (i == 3 &amp;&amp; wildList.indexOf(symbol) != -1): null

2019-08-10 23:45:40 - [TEST_STEP][PASSED] - if (i == 4 &amp;&amp; wildList.indexOf(symbol) != -1): null

2019-08-10 23:45:40 - [TEST_STEP][PASSED] - symbol = symbol: null

2019-08-10 23:45:40 - [TEST_STEP][PASSED] - println(symbol): null

2019-08-10 23:45:40 - [TEST_STEP][PASSED] - if (i == 2 &amp;&amp; wildList.indexOf(symbol) != -1): null

2019-08-10 23:45:40 - [TEST_STEP][PASSED] - if (i == 3 &amp;&amp; wildList.indexOf(symbol) != -1): null

2019-08-10 23:45:40 - [TEST_STEP][PASSED] - if (i == 4 &amp;&amp; wildList.indexOf(symbol) != -1): null

2019-08-10 23:45:40 - [TEST_STEP][PASSED] - symbols = symbols: null

2019-08-10 23:45:40 - [TEST_STEP][PASSED] - for ([j = 0, j &lt; symbols.size(), (j++)]): null

2019-08-10 23:45:40 - [TEST_STEP][PASSED] - symbol = symbol: null

2019-08-10 23:45:40 - [TEST_STEP][PASSED] - println(symbol): null

2019-08-10 23:45:40 - [TEST_STEP][PASSED] - if (i == 2 &amp;&amp; wildList.indexOf(symbol) != -1): null

2019-08-10 23:45:40 - [TEST_STEP][PASSED] - if (i == 3 &amp;&amp; wildList.indexOf(symbol) != -1): null

2019-08-10 23:45:40 - [TEST_STEP][PASSED] - if (i == 4 &amp;&amp; wildList.indexOf(symbol) != -1): null

2019-08-10 23:45:40 - [TEST_STEP][PASSED] - symbol = symbol: null

2019-08-10 23:45:40 - [TEST_STEP][PASSED] - println(symbol): null

2019-08-10 23:45:40 - [TEST_STEP][PASSED] - if (i == 2 &amp;&amp; wildList.indexOf(symbol) != -1): null

2019-08-10 23:45:40 - [TEST_STEP][PASSED] - if (i == 3 &amp;&amp; wildList.indexOf(symbol) != -1): null

2019-08-10 23:45:40 - [TEST_STEP][PASSED] - if (i == 4 &amp;&amp; wildList.indexOf(symbol) != -1): null

2019-08-10 23:45:40 - [TEST_STEP][PASSED] - symbol = symbol: null

2019-08-10 23:45:40 - [TEST_STEP][PASSED] - println(symbol): null

2019-08-10 23:45:40 - [TEST_STEP][PASSED] - if (i == 2 &amp;&amp; wildList.indexOf(symbol) != -1): null

2019-08-10 23:45:40 - [TEST_STEP][PASSED] - if (i == 3 &amp;&amp; wildList.indexOf(symbol) != -1): null

2019-08-10 23:45:40 - [TEST_STEP][PASSED] - if (i == 4 &amp;&amp; wildList.indexOf(symbol) != -1): null

2019-08-10 23:45:40 - [TEST_STEP][PASSED] - symbols = symbols: null

2019-08-10 23:45:40 - [TEST_STEP][PASSED] - for ([j = 0, j &lt; symbols.size(), (j++)]): null

2019-08-10 23:45:40 - [TEST_STEP][PASSED] - symbol = symbol: null

2019-08-10 23:45:40 - [TEST_STEP][PASSED] - println(symbol): null

2019-08-10 23:45:40 - [TEST_STEP][PASSED] - if (i == 2 &amp;&amp; wildList.indexOf(symbol) != -1): null

2019-08-10 23:45:40 - [TEST_STEP][PASSED] - if (i == 3 &amp;&amp; wildList.indexOf(symbol) != -1): null

2019-08-10 23:45:40 - [TEST_STEP][PASSED] - if (i == 4 &amp;&amp; wildList.indexOf(symbol) != -1): null

2019-08-10 23:45:40 - [TEST_STEP][PASSED] - symbol = symbol: null

2019-08-10 23:45:40 - [TEST_STEP][PASSED] - println(symbol): null

2019-08-10 23:45:40 - [TEST_STEP][PASSED] - if (i == 2 &amp;&amp; wildList.indexOf(symbol) != -1): null

2019-08-10 23:45:40 - [TEST_STEP][PASSED] - if (i == 3 &amp;&amp; wildList.indexOf(symbol) != -1): null

2019-08-10 23:45:40 - [TEST_STEP][PASSED] - if (i == 4 &amp;&amp; wildList.indexOf(symbol) != -1): null

2019-08-10 23:45:40 - [TEST_STEP][PASSED] - symbol = symbol: null

2019-08-10 23:45:40 - [TEST_STEP][PASSED] - println(symbol): null

2019-08-10 23:45:40 - [TEST_STEP][PASSED] - if (i == 2 &amp;&amp; wildList.indexOf(symbol) != -1): null

2019-08-10 23:45:40 - [TEST_STEP][PASSED] - if (i == 3 &amp;&amp; wildList.indexOf(symbol) != -1): null

2019-08-10 23:45:40 - [TEST_STEP][PASSED] - if (i == 4 &amp;&amp; wildList.indexOf(symbol) != -1): null

2019-08-10 23:45:40 - [TEST_STEP][PASSED] - symbols = symbols: null

2019-08-10 23:45:40 - [TEST_STEP][PASSED] - for ([j = 0, j &lt; symbols.size(), (j++)]): null

2019-08-10 23:45:40 - [TEST_STEP][PASSED] - symbol = symbol: null

2019-08-10 23:45:40 - [TEST_STEP][PASSED] - println(symbol): null

2019-08-10 23:45:40 - [TEST_STEP][PASSED] - if (i == 2 &amp;&amp; wildList.indexOf(symbol) != -1): null

2019-08-10 23:45:40 - [TEST_STEP][PASSED] - if (i == 3 &amp;&amp; wildList.indexOf(symbol) != -1): null

2019-08-10 23:45:40 - [TEST_STEP][PASSED] - if (i == 4 &amp;&amp; wildList.indexOf(symbol) != -1): null

2019-08-10 23:45:40 - [TEST_STEP][PASSED] - symbol = symbol: null

2019-08-10 23:45:40 - [TEST_STEP][PASSED] - println(symbol): null

2019-08-10 23:45:40 - [TEST_STEP][PASSED] - if (i == 2 &amp;&amp; wildList.indexOf(symbol) != -1): null

2019-08-10 23:45:40 - [TEST_STEP][PASSED] - if (i == 3 &amp;&amp; wildList.indexOf(symbol) != -1): null

2019-08-10 23:45:40 - [TEST_STEP][PASSED] - if (i == 4 &amp;&amp; wildList.indexOf(symbol) != -1): null

2019-08-10 23:45:40 - [TEST_STEP][PASSED] - symbol = symbol: null

2019-08-10 23:45:40 - [TEST_STEP][PASSED] - println(symbol): null

2019-08-10 23:45:40 - [TEST_STEP][PASSED] - if (i == 2 &amp;&amp; wildList.indexOf(symbol) != -1): null

2019-08-10 23:45:40 - [TEST_STEP][PASSED] - if (i == 3 &amp;&amp; wildList.indexOf(symbol) != -1): null

2019-08-10 23:45:40 - [TEST_STEP][PASSED] - if (i == 4 &amp;&amp; wildList.indexOf(symbol) != -1): null

2019-08-10 23:45:40 - [TEST_STEP][PASSED] - free_spin_reel_counter = free_spin_reel_counter: null

2019-08-10 23:45:40 - [TEST_STEP][PASSED] - println("reel 3 wild found: " + free_spin_reel_counter[0]): null

2019-08-10 23:45:40 - [TEST_STEP][PASSED] - println("reel 4 wild found: " + free_spin_reel_counter[1]): null

2019-08-10 23:45:40 - [TEST_STEP][PASSED] - println("reel 5 wild found: " + free_spin_reel_counter[2]): null

2019-08-10 23:45:40 - [TEST_STEP][PASSED] - M4_spin_reels = M4_spin_reels: null

2019-08-10 23:45:40 - [TEST_STEP][PASSED] - M4_spin_reels_symbols = symbol: null

2019-08-10 23:45:40 - [TEST_STEP][PASSED] - M4_spin_reels_symbols = M4_spin_reels_symbols: null

2019-08-10 23:45:40 - [TEST_STEP][PASSED] - M4_spin_reel_wins = reel_wins: null

2019-08-10 23:45:40 - [TEST_STEP][PASSED] - M4_spin_reel_wins = M4_spin_reel_wins: null

2019-08-10 23:45:40 - [TEST_STEP][PASSED] - println("GlobalVariable.M4_spin_reel_wins is: " + M4_spin_reel_wins): null

2019-08-10 23:45:40 - [TEST_STEP][PASSED] - M4_spin_total_bonus_win_this_round = total_bonus_win_this_round: null

2019-08-10 23:45:40 - [TEST_STEP][PASSED] - M4_spin_total_bonus_win_this_round = M4_spin_total_bonus_win_this_round: null

2019-08-10 23:45:40 - [TEST_STEP][PASSED] - println("GlobalVariable.M4_spin_total_bonus_win_this_round is: " + M4_spin_total_bonus_win_this_round): null

2019-08-10 23:45:40 - [MESSAGE][PASSED] - Verify response successfully

2019-08-10 23:45:40 - [MESSAGE][PASSED] - Send request and verify the response successfully

2019-08-10 23:45:40 - [TEST_STEP][PASSED] - if (M4_total_bonus_spins_int != 0 &amp;&amp; M4_spin_reels_symbols[2].contains("WILD_ExtraFG") || M4_spin_reels_symbols[3].contains("WILD_ExtraFG")): null

2019-08-10 23:45:40 - [TEST_STEP][PASSED] - free_spin_reel_counter = free_spin_reel_counter: null

2019-08-10 23:45:40 - [TEST_STEP][PASSED] - M4_spin_reels_symbols = M4_spin_reels_symbols: null

2019-08-10 23:45:40 - [TEST_STEP][PASSED] - M4_total_bonus_spins = M4_total_bonus_spins: null

2019-08-10 23:45:40 - [TEST_STEP][PASSED] - spin_result = sendRequestAndVerify(findTestObject("RGS(M4)/1_M4_spin", ["M4_login_user_id":M4_login_user_id, "rgs_session_token":rgs_session_token, "partner":Partner])): Send request and verify the response successfully

2019-08-10 23:45:41 - [TEST_CASE][PASSED] - Start Test Case : Verification: Verification accomplished successfully

2019-08-10 23:45:41 - [TEST_STEP][PASSED] - request = getInstance().getCurrentRequest(): null

2019-08-10 23:45:41 - [TEST_STEP][PASSED] - response = getInstance().getCurrentResponse(): null

2019-08-10 23:45:41 - [TEST_STEP][PASSED] - verifyResponseStatusCode(response, 200): Verify response status code successfully

2019-08-10 23:45:41 - [MESSAGE][PASSED] - Verify response status code successfully

2019-08-10 23:45:41 - [TEST_STEP][PASSED] - getStatusCode()).isEqualTo(200): null

2019-08-10 23:45:41 - [TEST_STEP][PASSED] - newline = System.getProperty("line.separator"): null

2019-08-10 23:45:41 - [TEST_STEP][PASSED] - M4_spin = new groovy.json.JsonSlurper(): null

2019-08-10 23:45:41 - [TEST_STEP][PASSED] - result_M4_spin = M4_spin.parseText(response.getResponseBodyContent()): null

2019-08-10 23:45:41 - [TEST_STEP][PASSED] - M4_spin_current_balance = current_balance: null

2019-08-10 23:45:41 - [TEST_STEP][PASSED] - M4_spin_current_balance = M4_spin_current_balance: null

2019-08-10 23:45:41 - [TEST_STEP][PASSED] - M4_spin_transaction_id = causality: null

2019-08-10 23:45:41 - [TEST_STEP][PASSED] - M4_spin_transaction_id = M4_spin_transaction_id: null

2019-08-10 23:45:41 - [TEST_STEP][PASSED] - M4_spin_round_id = round_id: null

2019-08-10 23:45:41 - [TEST_STEP][PASSED] - M4_spin_round_id = M4_spin_round_id: null

2019-08-10 23:45:41 - [TEST_STEP][PASSED] - M4_spin_line_wins = line_wins: null

2019-08-10 23:45:41 - [TEST_STEP][PASSED] - M4_spin_line_wins = M4_spin_line_wins: null

2019-08-10 23:45:41 - [TEST_STEP][PASSED] - M4_total_bonus_spins_int = total_bonus_spins: null

2019-08-10 23:45:41 - [TEST_STEP][PASSED] - println("******M4_total_bonus_spins type is:*******" + newline + getClass().getName()): null

2019-08-10 23:45:41 - [TEST_STEP][PASSED] - M4_total_bonus_spins_int = M4_total_bonus_spins_int: null

2019-08-10 23:45:41 - [TEST_STEP][PASSED] - M4_total_bonus_spins = Integer.toString(M4_total_bonus_spins_int): null

2019-08-10 23:45:41 - [TEST_STEP][PASSED] - M4_total_bonus_spins = M4_total_bonus_spins: null

2019-08-10 23:45:41 - [TEST_STEP][PASSED] - println("M4_total_bonus_spins is:" + M4_total_bonus_spins): null

2019-08-10 23:45:41 - [TEST_STEP][PASSED] - M4_spin_bonus_data = bonus_data: null

2019-08-10 23:45:41 - [TEST_STEP][PASSED] - M4_spin_features_triggered = result_M4_spin: null

2019-08-10 23:45:41 - [TEST_STEP][PASSED] - wild = []: null

2019-08-10 23:45:41 - [TEST_STEP][PASSED] - wild[0] = "WILD_Expanding": null

2019-08-10 23:45:41 - [TEST_STEP][PASSED] - wild[1] = "WILD_Normal": null

2019-08-10 23:45:41 - [TEST_STEP][PASSED] - wild[2] = "WILD_Double": null

2019-08-10 23:45:41 - [TEST_STEP][PASSED] - wild[3] = "WILD_ExtraFG": null

2019-08-10 23:45:41 - [TEST_STEP][PASSED] - wild[4] = "WILD_Triple": null

2019-08-10 23:45:41 - [TEST_STEP][PASSED] - wildList = Arrays.asList(wild): null

2019-08-10 23:45:41 - [TEST_STEP][PASSED] - wildList = wildList: null

2019-08-10 23:45:41 - [TEST_STEP][PASSED] - free_spin_reel_counter = []: null

2019-08-10 23:45:41 - [TEST_STEP][PASSED] - free_spin_reel_counter[0] = 0: null

2019-08-10 23:45:41 - [TEST_STEP][PASSED] - free_spin_reel_counter[1] = 0: null

2019-08-10 23:45:41 - [TEST_STEP][PASSED] - free_spin_reel_counter[2] = 0: null

2019-08-10 23:45:41 - [TEST_STEP][PASSED] - M4_spin_reels = reels: null

2019-08-10 23:45:41 - [TEST_STEP][PASSED] - for ([i = 0, i &lt; M4_spin_reels.size(), (i++)]): null

2019-08-10 23:45:41 - [TEST_STEP][PASSED] - symbols = symbols: null

2019-08-10 23:45:41 - [TEST_STEP][PASSED] - for ([j = 0, j &lt; symbols.size(), (j++)]): null

2019-08-10 23:45:41 - [TEST_STEP][PASSED] - symbol = symbol: null

2019-08-10 23:45:41 - [TEST_STEP][PASSED] - println(symbol): null

2019-08-10 23:45:41 - [TEST_STEP][PASSED] - if (i == 2 &amp;&amp; wildList.indexOf(symbol) != -1): null

2019-08-10 23:45:45 - [TEST_STEP][PASSED] - if (i == 3 &amp;&amp; wildList.indexOf(symbol) != -1): null

2019-08-10 23:45:45 - [TEST_STEP][PASSED] - if (i == 4 &amp;&amp; wildList.indexOf(symbol) != -1): null

2019-08-10 23:45:45 - [TEST_STEP][PASSED] - symbol = symbol: null

2019-08-10 23:45:45 - [TEST_STEP][PASSED] - println(symbol): null

2019-08-10 23:45:45 - [TEST_STEP][PASSED] - if (i == 2 &amp;&amp; wildList.indexOf(symbol) != -1): null

2019-08-10 23:45:45 - [TEST_STEP][PASSED] - if (i == 3 &amp;&amp; wildList.indexOf(symbol) != -1): null

2019-08-10 23:45:45 - [TEST_STEP][PASSED] - if (i == 4 &amp;&amp; wildList.indexOf(symbol) != -1): null

2019-08-10 23:45:45 - [TEST_STEP][PASSED] - symbol = symbol: null

2019-08-10 23:45:45 - [TEST_STEP][PASSED] - println(symbol): null

2019-08-10 23:45:45 - [TEST_STEP][PASSED] - if (i == 2 &amp;&amp; wildList.indexOf(symbol) != -1): null

2019-08-10 23:45:45 - [TEST_STEP][PASSED] - if (i == 3 &amp;&amp; wildList.indexOf(symbol) != -1): null

2019-08-10 23:45:45 - [TEST_STEP][PASSED] - if (i == 4 &amp;&amp; wildList.indexOf(symbol) != -1): null

2019-08-10 23:45:45 - [TEST_STEP][PASSED] - symbols = symbols: null

2019-08-10 23:45:45 - [TEST_STEP][PASSED] - for ([j = 0, j &lt; symbols.size(), (j++)]): null

2019-08-10 23:45:45 - [TEST_STEP][PASSED] - symbol = symbol: null

2019-08-10 23:45:45 - [TEST_STEP][PASSED] - println(symbol): null

2019-08-10 23:45:45 - [TEST_STEP][PASSED] - if (i == 2 &amp;&amp; wildList.indexOf(symbol) != -1): null

2019-08-10 23:45:45 - [TEST_STEP][PASSED] - if (i == 3 &amp;&amp; wildList.indexOf(symbol) != -1): null

2019-08-10 23:45:45 - [TEST_STEP][PASSED] - if (i == 4 &amp;&amp; wildList.indexOf(symbol) != -1): null

2019-08-10 23:45:45 - [TEST_STEP][PASSED] - symbol = symbol: null

2019-08-10 23:45:45 - [TEST_STEP][PASSED] - println(symbol): null

2019-08-10 23:45:45 - [TEST_STEP][PASSED] - if (i == 2 &amp;&amp; wildList.indexOf(symbol) != -1): null

2019-08-10 23:45:45 - [TEST_STEP][PASSED] - if (i == 3 &amp;&amp; wildList.indexOf(symbol) != -1): null

2019-08-10 23:45:45 - [TEST_STEP][PASSED] - if (i == 4 &amp;&amp; wildList.indexOf(symbol) != -1): null

2019-08-10 23:45:45 - [TEST_STEP][PASSED] - symbol = symbol: null

2019-08-10 23:45:45 - [TEST_STEP][PASSED] - println(symbol): null

2019-08-10 23:45:45 - [TEST_STEP][PASSED] - if (i == 2 &amp;&amp; wildList.indexOf(symbol) != -1): null

2019-08-10 23:45:45 - [TEST_STEP][PASSED] - if (i == 3 &amp;&amp; wildList.indexOf(symbol) != -1): null

2019-08-10 23:45:45 - [TEST_STEP][PASSED] - if (i == 4 &amp;&amp; wildList.indexOf(symbol) != -1): null

2019-08-10 23:45:45 - [TEST_STEP][PASSED] - symbols = symbols: null

2019-08-10 23:45:45 - [TEST_STEP][PASSED] - for ([j = 0, j &lt; symbols.size(), (j++)]): null

2019-08-10 23:45:45 - [TEST_STEP][PASSED] - symbol = symbol: null

2019-08-10 23:45:45 - [TEST_STEP][PASSED] - println(symbol): null

2019-08-10 23:45:45 - [TEST_STEP][PASSED] - if (i == 2 &amp;&amp; wildList.indexOf(symbol) != -1): null

2019-08-10 23:45:45 - [TEST_STEP][PASSED] - if (i == 3 &amp;&amp; wildList.indexOf(symbol) != -1): null

2019-08-10 23:45:45 - [TEST_STEP][PASSED] - if (i == 4 &amp;&amp; wildList.indexOf(symbol) != -1): null

2019-08-10 23:45:45 - [TEST_STEP][PASSED] - symbol = symbol: null

2019-08-10 23:45:45 - [TEST_STEP][PASSED] - println(symbol): null

2019-08-10 23:45:45 - [TEST_STEP][PASSED] - if (i == 2 &amp;&amp; wildList.indexOf(symbol) != -1): null

2019-08-10 23:45:45 - [TEST_STEP][PASSED] - if (i == 3 &amp;&amp; wildList.indexOf(symbol) != -1): null

2019-08-10 23:45:45 - [TEST_STEP][PASSED] - if (i == 4 &amp;&amp; wildList.indexOf(symbol) != -1): null

2019-08-10 23:45:45 - [TEST_STEP][PASSED] - symbol = symbol: null

2019-08-10 23:45:45 - [TEST_STEP][PASSED] - println(symbol): null

2019-08-10 23:45:45 - [TEST_STEP][PASSED] - if (i == 2 &amp;&amp; wildList.indexOf(symbol) != -1): null

2019-08-10 23:45:45 - [TEST_STEP][PASSED] - if (i == 3 &amp;&amp; wildList.indexOf(symbol) != -1): null

2019-08-10 23:45:45 - [TEST_STEP][PASSED] - if (i == 4 &amp;&amp; wildList.indexOf(symbol) != -1): null

2019-08-10 23:45:45 - [TEST_STEP][PASSED] - symbols = symbols: null

2019-08-10 23:45:45 - [TEST_STEP][PASSED] - for ([j = 0, j &lt; symbols.size(), (j++)]): null

2019-08-10 23:45:45 - [TEST_STEP][PASSED] - symbol = symbol: null

2019-08-10 23:45:45 - [TEST_STEP][PASSED] - println(symbol): null

2019-08-10 23:45:45 - [TEST_STEP][PASSED] - if (i == 2 &amp;&amp; wildList.indexOf(symbol) != -1): null

2019-08-10 23:45:45 - [TEST_STEP][PASSED] - if (i == 3 &amp;&amp; wildList.indexOf(symbol) != -1): null

2019-08-10 23:45:45 - [TEST_STEP][PASSED] - if (i == 4 &amp;&amp; wildList.indexOf(symbol) != -1): null

2019-08-10 23:45:45 - [TEST_STEP][PASSED] - symbol = symbol: null

2019-08-10 23:45:45 - [TEST_STEP][PASSED] - println(symbol): null

2019-08-10 23:45:45 - [TEST_STEP][PASSED] - if (i == 2 &amp;&amp; wildList.indexOf(symbol) != -1): null

2019-08-10 23:45:45 - [TEST_STEP][PASSED] - if (i == 3 &amp;&amp; wildList.indexOf(symbol) != -1): null

2019-08-10 23:45:45 - [TEST_STEP][PASSED] - if (i == 4 &amp;&amp; wildList.indexOf(symbol) != -1): null

2019-08-10 23:45:45 - [TEST_STEP][PASSED] - symbol = symbol: null

2019-08-10 23:45:45 - [TEST_STEP][PASSED] - println(symbol): null

2019-08-10 23:45:45 - [TEST_STEP][PASSED] - if (i == 2 &amp;&amp; wildList.indexOf(symbol) != -1): null

2019-08-10 23:45:45 - [TEST_STEP][PASSED] - if (i == 3 &amp;&amp; wildList.indexOf(symbol) != -1): null

2019-08-10 23:45:45 - [TEST_STEP][PASSED] - if (i == 4 &amp;&amp; wildList.indexOf(symbol) != -1): null

2019-08-10 23:45:45 - [TEST_STEP][PASSED] - symbols = symbols: null

2019-08-10 23:45:45 - [TEST_STEP][PASSED] - for ([j = 0, j &lt; symbols.size(), (j++)]): null

2019-08-10 23:45:45 - [TEST_STEP][PASSED] - symbol = symbol: null

2019-08-10 23:45:45 - [TEST_STEP][PASSED] - println(symbol): null

2019-08-10 23:45:45 - [TEST_STEP][PASSED] - if (i == 2 &amp;&amp; wildList.indexOf(symbol) != -1): null

2019-08-10 23:45:45 - [TEST_STEP][PASSED] - if (i == 3 &amp;&amp; wildList.indexOf(symbol) != -1): null

2019-08-10 23:45:45 - [TEST_STEP][PASSED] - if (i == 4 &amp;&amp; wildList.indexOf(symbol) != -1): null

2019-08-10 23:45:45 - [TEST_STEP][PASSED] - symbol = symbol: null

2019-08-10 23:45:45 - [TEST_STEP][PASSED] - println(symbol): null

2019-08-10 23:45:45 - [TEST_STEP][PASSED] - if (i == 2 &amp;&amp; wildList.indexOf(symbol) != -1): null

2019-08-10 23:45:45 - [TEST_STEP][PASSED] - if (i == 3 &amp;&amp; wildList.indexOf(symbol) != -1): null

2019-08-10 23:45:45 - [TEST_STEP][PASSED] - if (i == 4 &amp;&amp; wildList.indexOf(symbol) != -1): null

2019-08-10 23:45:45 - [TEST_STEP][PASSED] - symbol = symbol: null

2019-08-10 23:45:45 - [TEST_STEP][PASSED] - println(symbol): null

2019-08-10 23:45:45 - [TEST_STEP][PASSED] - if (i == 2 &amp;&amp; wildList.indexOf(symbol) != -1): null

2019-08-10 23:45:45 - [TEST_STEP][PASSED] - if (i == 3 &amp;&amp; wildList.indexOf(symbol) != -1): null

2019-08-10 23:45:45 - [TEST_STEP][PASSED] - if (i == 4 &amp;&amp; wildList.indexOf(symbol) != -1): null

2019-08-10 23:45:45 - [TEST_STEP][PASSED] - free_spin_reel_counter = free_spin_reel_counter: null

2019-08-10 23:45:45 - [TEST_STEP][PASSED] - println("reel 3 wild found: " + free_spin_reel_counter[0]): null

2019-08-10 23:45:45 - [TEST_STEP][PASSED] - println("reel 4 wild found: " + free_spin_reel_counter[1]): null

2019-08-10 23:45:45 - [TEST_STEP][PASSED] - println("reel 5 wild found: " + free_spin_reel_counter[2]): null

2019-08-10 23:45:45 - [TEST_STEP][PASSED] - M4_spin_reels = M4_spin_reels: null

2019-08-10 23:45:45 - [TEST_STEP][PASSED] - M4_spin_reels_symbols = symbol: null

2019-08-10 23:45:45 - [TEST_STEP][PASSED] - M4_spin_reels_symbols = M4_spin_reels_symbols: null

2019-08-10 23:45:45 - [TEST_STEP][PASSED] - M4_spin_reel_wins = reel_wins: null

2019-08-10 23:45:45 - [TEST_STEP][PASSED] - M4_spin_reel_wins = M4_spin_reel_wins: null

2019-08-10 23:45:45 - [TEST_STEP][PASSED] - println("GlobalVariable.M4_spin_reel_wins is: " + M4_spin_reel_wins): null

2019-08-10 23:45:45 - [TEST_STEP][PASSED] - M4_spin_total_bonus_win_this_round = total_bonus_win_this_round: null

2019-08-10 23:45:45 - [TEST_STEP][PASSED] - M4_spin_total_bonus_win_this_round = M4_spin_total_bonus_win_this_round: null

2019-08-10 23:45:45 - [TEST_STEP][PASSED] - println("GlobalVariable.M4_spin_total_bonus_win_this_round is: " + M4_spin_total_bonus_win_this_round): null

2019-08-10 23:45:45 - [MESSAGE][PASSED] - Verify response successfully

2019-08-10 23:45:45 - [MESSAGE][PASSED] - Send request and verify the response successfully

2019-08-10 23:45:45 - [TEST_STEP][PASSED] - if (M4_total_bonus_spins_int != 0 &amp;&amp; M4_spin_reels_symbols[2].contains("WILD_ExtraFG") || M4_spin_reels_symbols[3].contains("WILD_ExtraFG")): null

2019-08-10 23:45:45 - [TEST_STEP][PASSED] - free_spin_reel_counter = free_spin_reel_counter: null

2019-08-10 23:45:45 - [TEST_STEP][PASSED] - M4_spin_reels_symbols = M4_spin_reels_symbols: null

2019-08-10 23:45:45 - [TEST_STEP][PASSED] - M4_total_bonus_spins = M4_total_bonus_spins: null

2019-08-10 23:45:45 - [TEST_STEP][PASSED] - spin_result = sendRequestAndVerify(findTestObject("RGS(M4)/1_M4_spin", ["M4_login_user_id":M4_login_user_id, "rgs_session_token":rgs_session_token, "partner":Partner])): Send request and verify the response successfully

2019-08-10 23:45:45 - [TEST_CASE][PASSED] - Start Test Case : Verification: Verification accomplished successfully

2019-08-10 23:45:45 - [TEST_STEP][PASSED] - request = getInstance().getCurrentRequest(): null

2019-08-10 23:45:45 - [TEST_STEP][PASSED] - response = getInstance().getCurrentResponse(): null

2019-08-10 23:45:45 - [TEST_STEP][PASSED] - verifyResponseStatusCode(response, 200): Verify response status code successfully

2019-08-10 23:45:45 - [MESSAGE][PASSED] - Verify response status code successfully

2019-08-10 23:45:45 - [TEST_STEP][PASSED] - getStatusCode()).isEqualTo(200): null

2019-08-10 23:45:45 - [TEST_STEP][PASSED] - newline = System.getProperty("line.separator"): null

2019-08-10 23:45:45 - [TEST_STEP][PASSED] - M4_spin = new groovy.json.JsonSlurper(): null

2019-08-10 23:45:45 - [TEST_STEP][PASSED] - result_M4_spin = M4_spin.parseText(response.getResponseBodyContent()): null

2019-08-10 23:45:45 - [TEST_STEP][PASSED] - M4_spin_current_balance = current_balance: null

2019-08-10 23:45:45 - [TEST_STEP][PASSED] - M4_spin_current_balance = M4_spin_current_balance: null

2019-08-10 23:45:45 - [TEST_STEP][PASSED] - M4_spin_transaction_id = causality: null

2019-08-10 23:45:45 - [TEST_STEP][PASSED] - M4_spin_transaction_id = M4_spin_transaction_id: null

2019-08-10 23:45:45 - [TEST_STEP][PASSED] - M4_spin_round_id = round_id: null

2019-08-10 23:45:45 - [TEST_STEP][PASSED] - M4_spin_round_id = M4_spin_round_id: null

2019-08-10 23:45:45 - [TEST_STEP][PASSED] - M4_spin_line_wins = line_wins: null

2019-08-10 23:45:45 - [TEST_STEP][PASSED] - M4_spin_line_wins = M4_spin_line_wins: null

2019-08-10 23:45:45 - [TEST_STEP][PASSED] - M4_total_bonus_spins_int = total_bonus_spins: null

2019-08-10 23:45:45 - [TEST_STEP][PASSED] - println("******M4_total_bonus_spins type is:*******" + newline + getClass().getName()): null

2019-08-10 23:45:45 - [TEST_STEP][PASSED] - M4_total_bonus_spins_int = M4_total_bonus_spins_int: null

2019-08-10 23:45:45 - [TEST_STEP][PASSED] - M4_total_bonus_spins = Integer.toString(M4_total_bonus_spins_int): null

2019-08-10 23:45:45 - [TEST_STEP][PASSED] - M4_total_bonus_spins = M4_total_bonus_spins: null

2019-08-10 23:45:45 - [TEST_STEP][PASSED] - println("M4_total_bonus_spins is:" + M4_total_bonus_spins): null

2019-08-10 23:45:45 - [TEST_STEP][PASSED] - M4_spin_bonus_data = bonus_data: null

2019-08-10 23:45:45 - [TEST_STEP][PASSED] - M4_spin_features_triggered = result_M4_spin: null

2019-08-10 23:45:45 - [TEST_STEP][PASSED] - wild = []: null

2019-08-10 23:45:45 - [TEST_STEP][PASSED] - wild[0] = "WILD_Expanding": null

2019-08-10 23:45:45 - [TEST_STEP][PASSED] - wild[1] = "WILD_Normal": null

2019-08-10 23:45:45 - [TEST_STEP][PASSED] - wild[2] = "WILD_Double": null

2019-08-10 23:45:45 - [TEST_STEP][PASSED] - wild[3] = "WILD_ExtraFG": null

2019-08-10 23:45:45 - [TEST_STEP][PASSED] - wild[4] = "WILD_Triple": null

2019-08-10 23:45:45 - [TEST_STEP][PASSED] - wildList = Arrays.asList(wild): null

2019-08-10 23:45:45 - [TEST_STEP][PASSED] - wildList = wildList: null

2019-08-10 23:45:45 - [TEST_STEP][PASSED] - free_spin_reel_counter = []: null

2019-08-10 23:45:45 - [TEST_STEP][PASSED] - free_spin_reel_counter[0] = 0: null

2019-08-10 23:45:45 - [TEST_STEP][PASSED] - free_spin_reel_counter[1] = 0: null

2019-08-10 23:45:45 - [TEST_STEP][PASSED] - free_spin_reel_counter[2] = 0: null

2019-08-10 23:45:45 - [TEST_STEP][PASSED] - M4_spin_reels = reels: null

2019-08-10 23:45:45 - [TEST_STEP][PASSED] - for ([i = 0, i &lt; M4_spin_reels.size(), (i++)]): null

2019-08-10 23:45:45 - [TEST_STEP][PASSED] - symbols = symbols: null

2019-08-10 23:45:45 - [TEST_STEP][PASSED] - for ([j = 0, j &lt; symbols.size(), (j++)]): null

2019-08-10 23:45:45 - [TEST_STEP][PASSED] - symbol = symbol: null

2019-08-10 23:45:45 - [TEST_STEP][PASSED] - println(symbol): null

2019-08-10 23:45:45 - [TEST_STEP][PASSED] - if (i == 2 &amp;&amp; wildList.indexOf(symbol) != -1): null

2019-08-10 23:45:45 - [TEST_STEP][PASSED] - if (i == 3 &amp;&amp; wildList.indexOf(symbol) != -1): null

2019-08-10 23:45:45 - [TEST_STEP][PASSED] - if (i == 4 &amp;&amp; wildList.indexOf(symbol) != -1): null

2019-08-10 23:45:45 - [TEST_STEP][PASSED] - symbol = symbol: null

2019-08-10 23:45:45 - [TEST_STEP][PASSED] - println(symbol): null

2019-08-10 23:45:45 - [TEST_STEP][PASSED] - if (i == 2 &amp;&amp; wildList.indexOf(symbol) != -1): null

2019-08-10 23:45:45 - [TEST_STEP][PASSED] - if (i == 3 &amp;&amp; wildList.indexOf(symbol) != -1): null

2019-08-10 23:45:45 - [TEST_STEP][PASSED] - if (i == 4 &amp;&amp; wildList.indexOf(symbol) != -1): null

2019-08-10 23:45:45 - [TEST_STEP][PASSED] - symbol = symbol: null

2019-08-10 23:45:45 - [TEST_STEP][PASSED] - println(symbol): null

2019-08-10 23:45:45 - [TEST_STEP][PASSED] - if (i == 2 &amp;&amp; wildList.indexOf(symbol) != -1): null

2019-08-10 23:45:45 - [TEST_STEP][PASSED] - if (i == 3 &amp;&amp; wildList.indexOf(symbol) != -1): null

2019-08-10 23:45:45 - [TEST_STEP][PASSED] - if (i == 4 &amp;&amp; wildList.indexOf(symbol) != -1): null

2019-08-10 23:45:45 - [TEST_STEP][PASSED] - symbols = symbols: null

2019-08-10 23:45:45 - [TEST_STEP][PASSED] - for ([j = 0, j &lt; symbols.size(), (j++)]): null

2019-08-10 23:45:45 - [TEST_STEP][PASSED] - symbol = symbol: null

2019-08-10 23:45:45 - [TEST_STEP][PASSED] - println(symbol): null

2019-08-10 23:45:45 - [TEST_STEP][PASSED] - if (i == 2 &amp;&amp; wildList.indexOf(symbol) != -1): null

2019-08-10 23:45:45 - [TEST_STEP][PASSED] - if (i == 3 &amp;&amp; wildList.indexOf(symbol) != -1): null

2019-08-10 23:45:45 - [TEST_STEP][PASSED] - if (i == 4 &amp;&amp; wildList.indexOf(symbol) != -1): null

2019-08-10 23:45:45 - [TEST_STEP][PASSED] - symbol = symbol: null

2019-08-10 23:45:45 - [TEST_STEP][PASSED] - println(symbol): null

2019-08-10 23:45:45 - [TEST_STEP][PASSED] - if (i == 2 &amp;&amp; wildList.indexOf(symbol) != -1): null

2019-08-10 23:45:45 - [TEST_STEP][PASSED] - if (i == 3 &amp;&amp; wildList.indexOf(symbol) != -1): null

2019-08-10 23:45:45 - [TEST_STEP][PASSED] - if (i == 4 &amp;&amp; wildList.indexOf(symbol) != -1): null

2019-08-10 23:45:45 - [TEST_STEP][PASSED] - symbol = symbol: null

2019-08-10 23:45:45 - [TEST_STEP][PASSED] - println(symbol): null

2019-08-10 23:45:45 - [TEST_STEP][PASSED] - if (i == 2 &amp;&amp; wildList.indexOf(symbol) != -1): null

2019-08-10 23:45:45 - [TEST_STEP][PASSED] - if (i == 3 &amp;&amp; wildList.indexOf(symbol) != -1): null

2019-08-10 23:45:45 - [TEST_STEP][PASSED] - if (i == 4 &amp;&amp; wildList.indexOf(symbol) != -1): null

2019-08-10 23:45:45 - [TEST_STEP][PASSED] - symbols = symbols: null

2019-08-10 23:45:45 - [TEST_STEP][PASSED] - for ([j = 0, j &lt; symbols.size(), (j++)]): null

2019-08-10 23:45:45 - [TEST_STEP][PASSED] - symbol = symbol: null

2019-08-10 23:45:45 - [TEST_STEP][PASSED] - println(symbol): null

2019-08-10 23:45:45 - [TEST_STEP][PASSED] - if (i == 2 &amp;&amp; wildList.indexOf(symbol) != -1): null

2019-08-10 23:45:45 - [TEST_STEP][PASSED] - if (i == 3 &amp;&amp; wildList.indexOf(symbol) != -1): null

2019-08-10 23:45:45 - [TEST_STEP][PASSED] - if (i == 4 &amp;&amp; wildList.indexOf(symbol) != -1): null

2019-08-10 23:45:45 - [TEST_STEP][PASSED] - symbol = symbol: null

2019-08-10 23:45:45 - [TEST_STEP][PASSED] - println(symbol): null

2019-08-10 23:45:45 - [TEST_STEP][PASSED] - if (i == 2 &amp;&amp; wildList.indexOf(symbol) != -1): null

2019-08-10 23:45:45 - [TEST_STEP][PASSED] - if (i == 3 &amp;&amp; wildList.indexOf(symbol) != -1): null

2019-08-10 23:45:45 - [TEST_STEP][PASSED] - if (i == 4 &amp;&amp; wildList.indexOf(symbol) != -1): null

2019-08-10 23:45:45 - [TEST_STEP][PASSED] - symbol = symbol: null

2019-08-10 23:45:45 - [TEST_STEP][PASSED] - println(symbol): null

2019-08-10 23:45:45 - [TEST_STEP][PASSED] - if (i == 2 &amp;&amp; wildList.indexOf(symbol) != -1): null

2019-08-10 23:45:45 - [TEST_STEP][PASSED] - println("wild found on reel 3, adding counter by 1"): null

2019-08-10 23:45:45 - [TEST_STEP][PASSED] - free_spin_reel_counter[0] = free_spin_reel_counter[0] + 1: null

2019-08-10 23:45:45 - [TEST_STEP][PASSED] - if (i == 3 &amp;&amp; wildList.indexOf(symbol) != -1): null

2019-08-10 23:45:45 - [TEST_STEP][PASSED] - if (i == 4 &amp;&amp; wildList.indexOf(symbol) != -1): null

2019-08-10 23:45:45 - [TEST_STEP][PASSED] - symbols = symbols: null

2019-08-10 23:45:45 - [TEST_STEP][PASSED] - for ([j = 0, j &lt; symbols.size(), (j++)]): null

2019-08-10 23:45:45 - [TEST_STEP][PASSED] - symbol = symbol: null

2019-08-10 23:45:45 - [TEST_STEP][PASSED] - println(symbol): null

2019-08-10 23:45:45 - [TEST_STEP][PASSED] - if (i == 2 &amp;&amp; wildList.indexOf(symbol) != -1): null

2019-08-10 23:45:45 - [TEST_STEP][PASSED] - if (i == 3 &amp;&amp; wildList.indexOf(symbol) != -1): null

2019-08-10 23:45:45 - [TEST_STEP][PASSED] - if (i == 4 &amp;&amp; wildList.indexOf(symbol) != -1): null

2019-08-10 23:45:45 - [TEST_STEP][PASSED] - symbol = symbol: null

2019-08-10 23:45:45 - [TEST_STEP][PASSED] - println(symbol): null

2019-08-10 23:45:45 - [TEST_STEP][PASSED] - if (i == 2 &amp;&amp; wildList.indexOf(symbol) != -1): null

2019-08-10 23:45:45 - [TEST_STEP][PASSED] - if (i == 3 &amp;&amp; wildList.indexOf(symbol) != -1): null

2019-08-10 23:45:45 - [TEST_STEP][PASSED] - if (i == 4 &amp;&amp; wildList.indexOf(symbol) != -1): null

2019-08-10 23:45:45 - [TEST_STEP][PASSED] - symbol = symbol: null

2019-08-10 23:45:45 - [TEST_STEP][PASSED] - println(symbol): null

2019-08-10 23:45:45 - [TEST_STEP][PASSED] - if (i == 2 &amp;&amp; wildList.indexOf(symbol) != -1): null

2019-08-10 23:45:45 - [TEST_STEP][PASSED] - if (i == 3 &amp;&amp; wildList.indexOf(symbol) != -1): null

2019-08-10 23:45:45 - [TEST_STEP][PASSED] - println("wild found on reel 4, adding counter by 1"): null

2019-08-10 23:45:45 - [TEST_STEP][PASSED] - free_spin_reel_counter[1] = free_spin_reel_counter[1] + 1: null

2019-08-10 23:45:45 - [TEST_STEP][PASSED] - if (i == 4 &amp;&amp; wildList.indexOf(symbol) != -1): null

2019-08-10 23:45:45 - [TEST_STEP][PASSED] - symbols = symbols: null

2019-08-10 23:45:45 - [TEST_STEP][PASSED] - for ([j = 0, j &lt; symbols.size(), (j++)]): null

2019-08-10 23:45:45 - [TEST_STEP][PASSED] - symbol = symbol: null

2019-08-10 23:45:45 - [TEST_STEP][PASSED] - println(symbol): null

2019-08-10 23:45:45 - [TEST_STEP][PASSED] - if (i == 2 &amp;&amp; wildList.indexOf(symbol) != -1): null

2019-08-10 23:45:45 - [TEST_STEP][PASSED] - if (i == 3 &amp;&amp; wildList.indexOf(symbol) != -1): null

2019-08-10 23:45:45 - [TEST_STEP][PASSED] - if (i == 4 &amp;&amp; wildList.indexOf(symbol) != -1): null

2019-08-10 23:45:45 - [TEST_STEP][PASSED] - symbol = symbol: null

2019-08-10 23:45:45 - [TEST_STEP][PASSED] - println(symbol): null

2019-08-10 23:45:45 - [TEST_STEP][PASSED] - if (i == 2 &amp;&amp; wildList.indexOf(symbol) != -1): null

2019-08-10 23:45:45 - [TEST_STEP][PASSED] - if (i == 3 &amp;&amp; wildList.indexOf(symbol) != -1): null

2019-08-10 23:45:45 - [TEST_STEP][PASSED] - if (i == 4 &amp;&amp; wildList.indexOf(symbol) != -1): null

2019-08-10 23:45:45 - [TEST_STEP][PASSED] - symbol = symbol: null

2019-08-10 23:45:45 - [TEST_STEP][PASSED] - println(symbol): null

2019-08-10 23:45:45 - [TEST_STEP][PASSED] - if (i == 2 &amp;&amp; wildList.indexOf(symbol) != -1): null

2019-08-10 23:45:45 - [TEST_STEP][PASSED] - if (i == 3 &amp;&amp; wildList.indexOf(symbol) != -1): null

2019-08-10 23:45:45 - [TEST_STEP][PASSED] - if (i == 4 &amp;&amp; wildList.indexOf(symbol) != -1): null

2019-08-10 23:45:45 - [TEST_STEP][PASSED] - free_spin_reel_counter = free_spin_reel_counter: null

2019-08-10 23:45:45 - [TEST_STEP][PASSED] - println("reel 3 wild found: " + free_spin_reel_counter[0]): null

2019-08-10 23:45:45 - [TEST_STEP][PASSED] - println("reel 4 wild found: " + free_spin_reel_counter[1]): null

2019-08-10 23:45:45 - [TEST_STEP][PASSED] - println("reel 5 wild found: " + free_spin_reel_counter[2]): null

2019-08-10 23:45:45 - [TEST_STEP][PASSED] - M4_spin_reels = M4_spin_reels: null

2019-08-10 23:45:45 - [TEST_STEP][PASSED] - M4_spin_reels_symbols = symbol: null

2019-08-10 23:45:45 - [TEST_STEP][PASSED] - M4_spin_reels_symbols = M4_spin_reels_symbols: null

2019-08-10 23:45:45 - [TEST_STEP][PASSED] - M4_spin_reel_wins = reel_wins: null

2019-08-10 23:45:45 - [TEST_STEP][PASSED] - M4_spin_reel_wins = M4_spin_reel_wins: null

2019-08-10 23:45:45 - [TEST_STEP][PASSED] - println("GlobalVariable.M4_spin_reel_wins is: " + M4_spin_reel_wins): null

2019-08-10 23:45:45 - [TEST_STEP][PASSED] - M4_spin_total_bonus_win_this_round = total_bonus_win_this_round: null

2019-08-10 23:45:45 - [TEST_STEP][PASSED] - M4_spin_total_bonus_win_this_round = M4_spin_total_bonus_win_this_round: null

2019-08-10 23:45:45 - [TEST_STEP][PASSED] - println("GlobalVariable.M4_spin_total_bonus_win_this_round is: " + M4_spin_total_bonus_win_this_round): null

2019-08-10 23:45:45 - [MESSAGE][PASSED] - Verify response successfully

2019-08-10 23:45:45 - [MESSAGE][PASSED] - Send request and verify the response successfully

2019-08-10 23:45:45 - [TEST_STEP][PASSED] - if (M4_total_bonus_spins_int != 0 &amp;&amp; M4_spin_reels_symbols[2].contains("WILD_ExtraFG") || M4_spin_reels_symbols[3].contains("WILD_ExtraFG")): null

2019-08-10 23:45:45 - [TEST_STEP][PASSED] - free_spin_reel_counter = free_spin_reel_counter: null

2019-08-10 23:45:45 - [TEST_STEP][PASSED] - M4_spin_reels_symbols = M4_spin_reels_symbols: null

2019-08-10 23:45:45 - [TEST_STEP][PASSED] - M4_total_bonus_spins = M4_total_bonus_spins: null

2019-08-10 23:45:45 - [TEST_STEP][PASSED] - spin_result = sendRequestAndVerify(findTestObject("RGS(M4)/1_M4_spin", ["M4_login_user_id":M4_login_user_id, "rgs_session_token":rgs_session_token, "partner":Partner])): Send request and verify the response successfully

2019-08-10 23:45:45 - [TEST_CASE][PASSED] - Start Test Case : Verification: Verification accomplished successfully

2019-08-10 23:45:45 - [TEST_STEP][PASSED] - request = getInstance().getCurrentRequest(): null

2019-08-10 23:45:45 - [TEST_STEP][PASSED] - response = getInstance().getCurrentResponse(): null

2019-08-10 23:45:45 - [TEST_STEP][PASSED] - verifyResponseStatusCode(response, 200): Verify response status code successfully

2019-08-10 23:45:45 - [MESSAGE][PASSED] - Verify response status code successfully

2019-08-10 23:45:45 - [TEST_STEP][PASSED] - getStatusCode()).isEqualTo(200): null

2019-08-10 23:45:45 - [TEST_STEP][PASSED] - newline = System.getProperty("line.separator"): null

2019-08-10 23:45:45 - [TEST_STEP][PASSED] - M4_spin = new groovy.json.JsonSlurper(): null

2019-08-10 23:45:45 - [TEST_STEP][PASSED] - result_M4_spin = M4_spin.parseText(response.getResponseBodyContent()): null

2019-08-10 23:45:45 - [TEST_STEP][PASSED] - M4_spin_current_balance = current_balance: null

2019-08-10 23:45:45 - [TEST_STEP][PASSED] - M4_spin_current_balance = M4_spin_current_balance: null

2019-08-10 23:45:45 - [TEST_STEP][PASSED] - M4_spin_transaction_id = causality: null

2019-08-10 23:45:45 - [TEST_STEP][PASSED] - M4_spin_transaction_id = M4_spin_transaction_id: null

2019-08-10 23:45:45 - [TEST_STEP][PASSED] - M4_spin_round_id = round_id: null

2019-08-10 23:45:45 - [TEST_STEP][PASSED] - M4_spin_round_id = M4_spin_round_id: null

2019-08-10 23:45:45 - [TEST_STEP][PASSED] - M4_spin_line_wins = line_wins: null

2019-08-10 23:45:45 - [TEST_STEP][PASSED] - M4_spin_line_wins = M4_spin_line_wins: null

2019-08-10 23:45:45 - [TEST_STEP][PASSED] - M4_total_bonus_spins_int = total_bonus_spins: null

2019-08-10 23:45:45 - [TEST_STEP][PASSED] - println("******M4_total_bonus_spins type is:*******" + newline + getClass().getName()): null

2019-08-10 23:45:45 - [TEST_STEP][PASSED] - M4_total_bonus_spins_int = M4_total_bonus_spins_int: null

2019-08-10 23:45:45 - [TEST_STEP][PASSED] - M4_total_bonus_spins = Integer.toString(M4_total_bonus_spins_int): null

2019-08-10 23:45:45 - [TEST_STEP][PASSED] - M4_total_bonus_spins = M4_total_bonus_spins: null

2019-08-10 23:45:45 - [TEST_STEP][PASSED] - println("M4_total_bonus_spins is:" + M4_total_bonus_spins): null

2019-08-10 23:45:45 - [TEST_STEP][PASSED] - M4_spin_bonus_data = bonus_data: null

2019-08-10 23:45:45 - [TEST_STEP][PASSED] - M4_spin_features_triggered = result_M4_spin: null

2019-08-10 23:45:45 - [TEST_STEP][PASSED] - wild = []: null

2019-08-10 23:45:45 - [TEST_STEP][PASSED] - wild[0] = "WILD_Expanding": null

2019-08-10 23:45:45 - [TEST_STEP][PASSED] - wild[1] = "WILD_Normal": null

2019-08-10 23:45:45 - [TEST_STEP][PASSED] - wild[2] = "WILD_Double": null

2019-08-10 23:45:45 - [TEST_STEP][PASSED] - wild[3] = "WILD_ExtraFG": null

2019-08-10 23:45:45 - [TEST_STEP][PASSED] - wild[4] = "WILD_Triple": null

2019-08-10 23:45:45 - [TEST_STEP][PASSED] - wildList = Arrays.asList(wild): null

2019-08-10 23:45:45 - [TEST_STEP][PASSED] - wildList = wildList: null

2019-08-10 23:45:45 - [TEST_STEP][PASSED] - free_spin_reel_counter = []: null

2019-08-10 23:45:45 - [TEST_STEP][PASSED] - free_spin_reel_counter[0] = 0: null

2019-08-10 23:45:45 - [TEST_STEP][PASSED] - free_spin_reel_counter[1] = 0: null

2019-08-10 23:45:45 - [TEST_STEP][PASSED] - free_spin_reel_counter[2] = 0: null

2019-08-10 23:45:45 - [TEST_STEP][PASSED] - M4_spin_reels = reels: null

2019-08-10 23:45:45 - [TEST_STEP][PASSED] - for ([i = 0, i &lt; M4_spin_reels.size(), (i++)]): null

2019-08-10 23:45:45 - [TEST_STEP][PASSED] - symbols = symbols: null

2019-08-10 23:45:45 - [TEST_STEP][PASSED] - for ([j = 0, j &lt; symbols.size(), (j++)]): null

2019-08-10 23:45:45 - [TEST_STEP][PASSED] - symbol = symbol: null

2019-08-10 23:45:45 - [TEST_STEP][PASSED] - println(symbol): null

2019-08-10 23:45:45 - [TEST_STEP][PASSED] - if (i == 2 &amp;&amp; wildList.indexOf(symbol) != -1): null

2019-08-10 23:45:45 - [TEST_STEP][PASSED] - if (i == 3 &amp;&amp; wildList.indexOf(symbol) != -1): null

2019-08-10 23:45:45 - [TEST_STEP][PASSED] - if (i == 4 &amp;&amp; wildList.indexOf(symbol) != -1): null

2019-08-10 23:45:45 - [TEST_STEP][PASSED] - symbol = symbol: null

2019-08-10 23:45:45 - [TEST_STEP][PASSED] - println(symbol): null

2019-08-10 23:45:45 - [TEST_STEP][PASSED] - if (i == 2 &amp;&amp; wildList.indexOf(symbol) != -1): null

2019-08-10 23:45:45 - [TEST_STEP][PASSED] - if (i == 3 &amp;&amp; wildList.indexOf(symbol) != -1): null

2019-08-10 23:45:45 - [TEST_STEP][PASSED] - if (i == 4 &amp;&amp; wildList.indexOf(symbol) != -1): null

2019-08-10 23:45:45 - [TEST_STEP][PASSED] - symbol = symbol: null

2019-08-10 23:45:45 - [TEST_STEP][PASSED] - println(symbol): null

2019-08-10 23:45:45 - [TEST_STEP][PASSED] - if (i == 2 &amp;&amp; wildList.indexOf(symbol) != -1): null

2019-08-10 23:45:45 - [TEST_STEP][PASSED] - if (i == 3 &amp;&amp; wildList.indexOf(symbol) != -1): null

2019-08-10 23:45:45 - [TEST_STEP][PASSED] - if (i == 4 &amp;&amp; wildList.indexOf(symbol) != -1): null

2019-08-10 23:45:45 - [TEST_STEP][PASSED] - symbols = symbols: null

2019-08-10 23:45:45 - [TEST_STEP][PASSED] - for ([j = 0, j &lt; symbols.size(), (j++)]): null

2019-08-10 23:45:45 - [TEST_STEP][PASSED] - symbol = symbol: null

2019-08-10 23:45:45 - [TEST_STEP][PASSED] - println(symbol): null

2019-08-10 23:45:45 - [TEST_STEP][PASSED] - if (i == 2 &amp;&amp; wildList.indexOf(symbol) != -1): null

2019-08-10 23:45:45 - [TEST_STEP][PASSED] - if (i == 3 &amp;&amp; wildList.indexOf(symbol) != -1): null

2019-08-10 23:45:45 - [TEST_STEP][PASSED] - if (i == 4 &amp;&amp; wildList.indexOf(symbol) != -1): null

2019-08-10 23:45:45 - [TEST_STEP][PASSED] - symbol = symbol: null

2019-08-10 23:45:45 - [TEST_STEP][PASSED] - println(symbol): null

2019-08-10 23:45:45 - [TEST_STEP][PASSED] - if (i == 2 &amp;&amp; wildList.indexOf(symbol) != -1): null

2019-08-10 23:45:45 - [TEST_STEP][PASSED] - if (i == 3 &amp;&amp; wildList.indexOf(symbol) != -1): null

2019-08-10 23:45:45 - [TEST_STEP][PASSED] - if (i == 4 &amp;&amp; wildList.indexOf(symbol) != -1): null

2019-08-10 23:45:45 - [TEST_STEP][PASSED] - symbol = symbol: null

2019-08-10 23:45:45 - [TEST_STEP][PASSED] - println(symbol): null

2019-08-10 23:45:45 - [TEST_STEP][PASSED] - if (i == 2 &amp;&amp; wildList.indexOf(symbol) != -1): null

2019-08-10 23:45:45 - [TEST_STEP][PASSED] - if (i == 3 &amp;&amp; wildList.indexOf(symbol) != -1): null

2019-08-10 23:45:45 - [TEST_STEP][PASSED] - if (i == 4 &amp;&amp; wildList.indexOf(symbol) != -1): null

2019-08-10 23:45:45 - [TEST_STEP][PASSED] - symbols = symbols: null

2019-08-10 23:45:49 - [TEST_STEP][PASSED] - for ([j = 0, j &lt; symbols.size(), (j++)]): null

2019-08-10 23:45:49 - [TEST_STEP][PASSED] - symbol = symbol: null

2019-08-10 23:45:49 - [TEST_STEP][PASSED] - println(symbol): null

2019-08-10 23:45:49 - [TEST_STEP][PASSED] - if (i == 2 &amp;&amp; wildList.indexOf(symbol) != -1): null

2019-08-10 23:45:49 - [TEST_STEP][PASSED] - if (i == 3 &amp;&amp; wildList.indexOf(symbol) != -1): null

2019-08-10 23:45:49 - [TEST_STEP][PASSED] - if (i == 4 &amp;&amp; wildList.indexOf(symbol) != -1): null

2019-08-10 23:45:49 - [TEST_STEP][PASSED] - symbol = symbol: null

2019-08-10 23:45:49 - [TEST_STEP][PASSED] - println(symbol): null

2019-08-10 23:45:49 - [TEST_STEP][PASSED] - if (i == 2 &amp;&amp; wildList.indexOf(symbol) != -1): null

2019-08-10 23:45:49 - [TEST_STEP][PASSED] - if (i == 3 &amp;&amp; wildList.indexOf(symbol) != -1): null

2019-08-10 23:45:49 - [TEST_STEP][PASSED] - if (i == 4 &amp;&amp; wildList.indexOf(symbol) != -1): null

2019-08-10 23:45:49 - [TEST_STEP][PASSED] - symbol = symbol: null

2019-08-10 23:45:49 - [TEST_STEP][PASSED] - println(symbol): null

2019-08-10 23:45:49 - [TEST_STEP][PASSED] - if (i == 2 &amp;&amp; wildList.indexOf(symbol) != -1): null

2019-08-10 23:45:49 - [TEST_STEP][PASSED] - if (i == 3 &amp;&amp; wildList.indexOf(symbol) != -1): null

2019-08-10 23:45:49 - [TEST_STEP][PASSED] - if (i == 4 &amp;&amp; wildList.indexOf(symbol) != -1): null

2019-08-10 23:45:49 - [TEST_STEP][PASSED] - symbols = symbols: null

2019-08-10 23:45:49 - [TEST_STEP][PASSED] - for ([j = 0, j &lt; symbols.size(), (j++)]): null

2019-08-10 23:45:49 - [TEST_STEP][PASSED] - symbol = symbol: null

2019-08-10 23:45:49 - [TEST_STEP][PASSED] - println(symbol): null

2019-08-10 23:45:49 - [TEST_STEP][PASSED] - if (i == 2 &amp;&amp; wildList.indexOf(symbol) != -1): null

2019-08-10 23:45:49 - [TEST_STEP][PASSED] - if (i == 3 &amp;&amp; wildList.indexOf(symbol) != -1): null

2019-08-10 23:45:49 - [TEST_STEP][PASSED] - println("wild found on reel 4, adding counter by 1"): null

2019-08-10 23:45:49 - [TEST_STEP][PASSED] - free_spin_reel_counter[1] = free_spin_reel_counter[1] + 1: null

2019-08-10 23:45:49 - [TEST_STEP][PASSED] - if (i == 4 &amp;&amp; wildList.indexOf(symbol) != -1): null

2019-08-10 23:45:49 - [TEST_STEP][PASSED] - symbol = symbol: null

2019-08-10 23:45:49 - [TEST_STEP][PASSED] - println(symbol): null

2019-08-10 23:45:49 - [TEST_STEP][PASSED] - if (i == 2 &amp;&amp; wildList.indexOf(symbol) != -1): null

2019-08-10 23:45:49 - [TEST_STEP][PASSED] - if (i == 3 &amp;&amp; wildList.indexOf(symbol) != -1): null

2019-08-10 23:45:49 - [TEST_STEP][PASSED] - if (i == 4 &amp;&amp; wildList.indexOf(symbol) != -1): null

2019-08-10 23:45:49 - [TEST_STEP][PASSED] - symbol = symbol: null

2019-08-10 23:45:49 - [TEST_STEP][PASSED] - println(symbol): null

2019-08-10 23:45:49 - [TEST_STEP][PASSED] - if (i == 2 &amp;&amp; wildList.indexOf(symbol) != -1): null

2019-08-10 23:45:49 - [TEST_STEP][PASSED] - if (i == 3 &amp;&amp; wildList.indexOf(symbol) != -1): null

2019-08-10 23:45:49 - [TEST_STEP][PASSED] - if (i == 4 &amp;&amp; wildList.indexOf(symbol) != -1): null

2019-08-10 23:45:49 - [TEST_STEP][PASSED] - symbols = symbols: null

2019-08-10 23:45:49 - [TEST_STEP][PASSED] - for ([j = 0, j &lt; symbols.size(), (j++)]): null

2019-08-10 23:45:49 - [TEST_STEP][PASSED] - symbol = symbol: null

2019-08-10 23:45:49 - [TEST_STEP][PASSED] - println(symbol): null

2019-08-10 23:45:49 - [TEST_STEP][PASSED] - if (i == 2 &amp;&amp; wildList.indexOf(symbol) != -1): null

2019-08-10 23:45:49 - [TEST_STEP][PASSED] - if (i == 3 &amp;&amp; wildList.indexOf(symbol) != -1): null

2019-08-10 23:45:49 - [TEST_STEP][PASSED] - if (i == 4 &amp;&amp; wildList.indexOf(symbol) != -1): null

2019-08-10 23:45:49 - [TEST_STEP][PASSED] - symbol = symbol: null

2019-08-10 23:45:49 - [TEST_STEP][PASSED] - println(symbol): null

2019-08-10 23:45:49 - [TEST_STEP][PASSED] - if (i == 2 &amp;&amp; wildList.indexOf(symbol) != -1): null

2019-08-10 23:45:49 - [TEST_STEP][PASSED] - if (i == 3 &amp;&amp; wildList.indexOf(symbol) != -1): null

2019-08-10 23:45:49 - [TEST_STEP][PASSED] - if (i == 4 &amp;&amp; wildList.indexOf(symbol) != -1): null

2019-08-10 23:45:49 - [TEST_STEP][PASSED] - symbol = symbol: null

2019-08-10 23:45:49 - [TEST_STEP][PASSED] - println(symbol): null

2019-08-10 23:45:49 - [TEST_STEP][PASSED] - if (i == 2 &amp;&amp; wildList.indexOf(symbol) != -1): null

2019-08-10 23:45:49 - [TEST_STEP][PASSED] - if (i == 3 &amp;&amp; wildList.indexOf(symbol) != -1): null

2019-08-10 23:45:49 - [TEST_STEP][PASSED] - if (i == 4 &amp;&amp; wildList.indexOf(symbol) != -1): null

2019-08-10 23:45:49 - [TEST_STEP][PASSED] - println("wild found on reel 5, adding counter by 1"): null

2019-08-10 23:45:49 - [TEST_STEP][PASSED] - free_spin_reel_counter[2] = free_spin_reel_counter[2] + 1: null

2019-08-10 23:45:49 - [TEST_STEP][PASSED] - free_spin_reel_counter = free_spin_reel_counter: null

2019-08-10 23:45:49 - [TEST_STEP][PASSED] - println("reel 3 wild found: " + free_spin_reel_counter[0]): null

2019-08-10 23:45:49 - [TEST_STEP][PASSED] - println("reel 4 wild found: " + free_spin_reel_counter[1]): null

2019-08-10 23:45:49 - [TEST_STEP][PASSED] - println("reel 5 wild found: " + free_spin_reel_counter[2]): null

2019-08-10 23:45:49 - [TEST_STEP][PASSED] - M4_spin_reels = M4_spin_reels: null

2019-08-10 23:45:49 - [TEST_STEP][PASSED] - M4_spin_reels_symbols = symbol: null

2019-08-10 23:45:49 - [TEST_STEP][PASSED] - M4_spin_reels_symbols = M4_spin_reels_symbols: null

2019-08-10 23:45:49 - [TEST_STEP][PASSED] - M4_spin_reel_wins = reel_wins: null

2019-08-10 23:45:49 - [TEST_STEP][PASSED] - M4_spin_reel_wins = M4_spin_reel_wins: null

2019-08-10 23:45:49 - [TEST_STEP][PASSED] - println("GlobalVariable.M4_spin_reel_wins is: " + M4_spin_reel_wins): null

2019-08-10 23:45:49 - [TEST_STEP][PASSED] - M4_spin_total_bonus_win_this_round = total_bonus_win_this_round: null

2019-08-10 23:45:49 - [TEST_STEP][PASSED] - M4_spin_total_bonus_win_this_round = M4_spin_total_bonus_win_this_round: null

2019-08-10 23:45:49 - [TEST_STEP][PASSED] - println("GlobalVariable.M4_spin_total_bonus_win_this_round is: " + M4_spin_total_bonus_win_this_round): null

2019-08-10 23:45:49 - [MESSAGE][PASSED] - Verify response successfully

2019-08-10 23:45:49 - [MESSAGE][PASSED] - Send request and verify the response successfully

2019-08-10 23:45:49 - [TEST_STEP][PASSED] - if (M4_total_bonus_spins_int != 0 &amp;&amp; M4_spin_reels_symbols[2].contains("WILD_ExtraFG") || M4_spin_reels_symbols[3].contains("WILD_ExtraFG")): null

2019-08-10 23:45:49 - [TEST_STEP][PASSED] - free_spin_reel_counter = free_spin_reel_counter: null

2019-08-10 23:45:49 - [TEST_STEP][PASSED] - M4_spin_reels_symbols = M4_spin_reels_symbols: null

2019-08-10 23:45:49 - [TEST_STEP][PASSED] - M4_total_bonus_spins = M4_total_bonus_spins: null

2019-08-10 23:45:49 - [TEST_STEP][PASSED] - spin_result = sendRequestAndVerify(findTestObject("RGS(M4)/1_M4_spin", ["M4_login_user_id":M4_login_user_id, "rgs_session_token":rgs_session_token, "partner":Partner])): Send request and verify the response successfully

2019-08-10 23:45:50 - [TEST_CASE][PASSED] - Start Test Case : Verification: Verification accomplished successfully

2019-08-10 23:45:50 - [TEST_STEP][PASSED] - request = getInstance().getCurrentRequest(): null

2019-08-10 23:45:50 - [TEST_STEP][PASSED] - response = getInstance().getCurrentResponse(): null

2019-08-10 23:45:50 - [TEST_STEP][PASSED] - verifyResponseStatusCode(response, 200): Verify response status code successfully

2019-08-10 23:45:50 - [MESSAGE][PASSED] - Verify response status code successfully

2019-08-10 23:45:50 - [TEST_STEP][PASSED] - getStatusCode()).isEqualTo(200): null

2019-08-10 23:45:50 - [TEST_STEP][PASSED] - newline = System.getProperty("line.separator"): null

2019-08-10 23:45:50 - [TEST_STEP][PASSED] - M4_spin = new groovy.json.JsonSlurper(): null

2019-08-10 23:45:50 - [TEST_STEP][PASSED] - result_M4_spin = M4_spin.parseText(response.getResponseBodyContent()): null

2019-08-10 23:45:50 - [TEST_STEP][PASSED] - M4_spin_current_balance = current_balance: null

2019-08-10 23:45:50 - [TEST_STEP][PASSED] - M4_spin_current_balance = M4_spin_current_balance: null

2019-08-10 23:45:50 - [TEST_STEP][PASSED] - M4_spin_transaction_id = causality: null

2019-08-10 23:45:50 - [TEST_STEP][PASSED] - M4_spin_transaction_id = M4_spin_transaction_id: null

2019-08-10 23:45:50 - [TEST_STEP][PASSED] - M4_spin_round_id = round_id: null

2019-08-10 23:45:50 - [TEST_STEP][PASSED] - M4_spin_round_id = M4_spin_round_id: null

2019-08-10 23:45:50 - [TEST_STEP][PASSED] - M4_spin_line_wins = line_wins: null

2019-08-10 23:45:50 - [TEST_STEP][PASSED] - M4_spin_line_wins = M4_spin_line_wins: null

2019-08-10 23:45:50 - [TEST_STEP][PASSED] - M4_total_bonus_spins_int = total_bonus_spins: null

2019-08-10 23:45:50 - [TEST_STEP][PASSED] - println("******M4_total_bonus_spins type is:*******" + newline + getClass().getName()): null

2019-08-10 23:45:50 - [TEST_STEP][PASSED] - M4_total_bonus_spins_int = M4_total_bonus_spins_int: null

2019-08-10 23:45:50 - [TEST_STEP][PASSED] - M4_total_bonus_spins = Integer.toString(M4_total_bonus_spins_int): null

2019-08-10 23:45:50 - [TEST_STEP][PASSED] - M4_total_bonus_spins = M4_total_bonus_spins: null

2019-08-10 23:45:50 - [TEST_STEP][PASSED] - println("M4_total_bonus_spins is:" + M4_total_bonus_spins): null

2019-08-10 23:45:50 - [TEST_STEP][PASSED] - M4_spin_bonus_data = bonus_data: null

2019-08-10 23:45:50 - [TEST_STEP][PASSED] - M4_spin_features_triggered = result_M4_spin: null

2019-08-10 23:45:50 - [TEST_STEP][PASSED] - wild = []: null

2019-08-10 23:45:50 - [TEST_STEP][PASSED] - wild[0] = "WILD_Expanding": null

2019-08-10 23:45:50 - [TEST_STEP][PASSED] - wild[1] = "WILD_Normal": null

2019-08-10 23:45:50 - [TEST_STEP][PASSED] - wild[2] = "WILD_Double": null

2019-08-10 23:45:50 - [TEST_STEP][PASSED] - wild[3] = "WILD_ExtraFG": null

2019-08-10 23:45:50 - [TEST_STEP][PASSED] - wild[4] = "WILD_Triple": null

2019-08-10 23:45:50 - [TEST_STEP][PASSED] - wildList = Arrays.asList(wild): null

2019-08-10 23:45:50 - [TEST_STEP][PASSED] - wildList = wildList: null

2019-08-10 23:45:50 - [TEST_STEP][PASSED] - free_spin_reel_counter = []: null

2019-08-10 23:45:50 - [TEST_STEP][PASSED] - free_spin_reel_counter[0] = 0: null

2019-08-10 23:45:50 - [TEST_STEP][PASSED] - free_spin_reel_counter[1] = 0: null

2019-08-10 23:45:50 - [TEST_STEP][PASSED] - free_spin_reel_counter[2] = 0: null

2019-08-10 23:45:50 - [TEST_STEP][PASSED] - M4_spin_reels = reels: null

2019-08-10 23:45:50 - [TEST_STEP][PASSED] - for ([i = 0, i &lt; M4_spin_reels.size(), (i++)]): null

2019-08-10 23:45:50 - [TEST_STEP][PASSED] - symbols = symbols: null

2019-08-10 23:45:50 - [TEST_STEP][PASSED] - for ([j = 0, j &lt; symbols.size(), (j++)]): null

2019-08-10 23:45:50 - [TEST_STEP][PASSED] - symbol = symbol: null

2019-08-10 23:45:50 - [TEST_STEP][PASSED] - println(symbol): null

2019-08-10 23:45:50 - [TEST_STEP][PASSED] - if (i == 2 &amp;&amp; wildList.indexOf(symbol) != -1): null

2019-08-10 23:45:50 - [TEST_STEP][PASSED] - if (i == 3 &amp;&amp; wildList.indexOf(symbol) != -1): null

2019-08-10 23:45:50 - [TEST_STEP][PASSED] - if (i == 4 &amp;&amp; wildList.indexOf(symbol) != -1): null

2019-08-10 23:45:50 - [TEST_STEP][PASSED] - symbol = symbol: null

2019-08-10 23:45:50 - [TEST_STEP][PASSED] - println(symbol): null

2019-08-10 23:45:50 - [TEST_STEP][PASSED] - if (i == 2 &amp;&amp; wildList.indexOf(symbol) != -1): null

2019-08-10 23:45:50 - [TEST_STEP][PASSED] - if (i == 3 &amp;&amp; wildList.indexOf(symbol) != -1): null

2019-08-10 23:45:50 - [TEST_STEP][PASSED] - if (i == 4 &amp;&amp; wildList.indexOf(symbol) != -1): null

2019-08-10 23:45:50 - [TEST_STEP][PASSED] - symbol = symbol: null

2019-08-10 23:45:50 - [TEST_STEP][PASSED] - println(symbol): null

2019-08-10 23:45:50 - [TEST_STEP][PASSED] - if (i == 2 &amp;&amp; wildList.indexOf(symbol) != -1): null

2019-08-10 23:45:50 - [TEST_STEP][PASSED] - if (i == 3 &amp;&amp; wildList.indexOf(symbol) != -1): null

2019-08-10 23:45:50 - [TEST_STEP][PASSED] - if (i == 4 &amp;&amp; wildList.indexOf(symbol) != -1): null

2019-08-10 23:45:50 - [TEST_STEP][PASSED] - symbols = symbols: null

2019-08-10 23:45:50 - [TEST_STEP][PASSED] - for ([j = 0, j &lt; symbols.size(), (j++)]): null

2019-08-10 23:45:50 - [TEST_STEP][PASSED] - symbol = symbol: null

2019-08-10 23:45:50 - [TEST_STEP][PASSED] - println(symbol): null

2019-08-10 23:45:50 - [TEST_STEP][PASSED] - if (i == 2 &amp;&amp; wildList.indexOf(symbol) != -1): null

2019-08-10 23:45:50 - [TEST_STEP][PASSED] - if (i == 3 &amp;&amp; wildList.indexOf(symbol) != -1): null

2019-08-10 23:45:50 - [TEST_STEP][PASSED] - if (i == 4 &amp;&amp; wildList.indexOf(symbol) != -1): null

2019-08-10 23:45:50 - [TEST_STEP][PASSED] - symbol = symbol: null

2019-08-10 23:45:50 - [TEST_STEP][PASSED] - println(symbol): null

2019-08-10 23:45:50 - [TEST_STEP][PASSED] - if (i == 2 &amp;&amp; wildList.indexOf(symbol) != -1): null

2019-08-10 23:45:50 - [TEST_STEP][PASSED] - if (i == 3 &amp;&amp; wildList.indexOf(symbol) != -1): null

2019-08-10 23:45:50 - [TEST_STEP][PASSED] - if (i == 4 &amp;&amp; wildList.indexOf(symbol) != -1): null

2019-08-10 23:45:50 - [TEST_STEP][PASSED] - symbol = symbol: null

2019-08-10 23:45:50 - [TEST_STEP][PASSED] - println(symbol): null

2019-08-10 23:45:50 - [TEST_STEP][PASSED] - if (i == 2 &amp;&amp; wildList.indexOf(symbol) != -1): null

2019-08-10 23:45:50 - [TEST_STEP][PASSED] - if (i == 3 &amp;&amp; wildList.indexOf(symbol) != -1): null

2019-08-10 23:45:50 - [TEST_STEP][PASSED] - if (i == 4 &amp;&amp; wildList.indexOf(symbol) != -1): null

2019-08-10 23:45:50 - [TEST_STEP][PASSED] - symbols = symbols: null

2019-08-10 23:45:50 - [TEST_STEP][PASSED] - for ([j = 0, j &lt; symbols.size(), (j++)]): null

2019-08-10 23:45:50 - [TEST_STEP][PASSED] - symbol = symbol: null

2019-08-10 23:45:50 - [TEST_STEP][PASSED] - println(symbol): null

2019-08-10 23:45:50 - [TEST_STEP][PASSED] - if (i == 2 &amp;&amp; wildList.indexOf(symbol) != -1): null

2019-08-10 23:45:50 - [TEST_STEP][PASSED] - if (i == 3 &amp;&amp; wildList.indexOf(symbol) != -1): null

2019-08-10 23:45:50 - [TEST_STEP][PASSED] - if (i == 4 &amp;&amp; wildList.indexOf(symbol) != -1): null

2019-08-10 23:45:50 - [TEST_STEP][PASSED] - symbol = symbol: null

2019-08-10 23:45:50 - [TEST_STEP][PASSED] - println(symbol): null

2019-08-10 23:45:50 - [TEST_STEP][PASSED] - if (i == 2 &amp;&amp; wildList.indexOf(symbol) != -1): null

2019-08-10 23:45:50 - [TEST_STEP][PASSED] - if (i == 3 &amp;&amp; wildList.indexOf(symbol) != -1): null

2019-08-10 23:45:50 - [TEST_STEP][PASSED] - if (i == 4 &amp;&amp; wildList.indexOf(symbol) != -1): null

2019-08-10 23:45:50 - [TEST_STEP][PASSED] - symbol = symbol: null

2019-08-10 23:45:50 - [TEST_STEP][PASSED] - println(symbol): null

2019-08-10 23:45:50 - [TEST_STEP][PASSED] - if (i == 2 &amp;&amp; wildList.indexOf(symbol) != -1): null

2019-08-10 23:45:50 - [TEST_STEP][PASSED] - if (i == 3 &amp;&amp; wildList.indexOf(symbol) != -1): null

2019-08-10 23:45:50 - [TEST_STEP][PASSED] - if (i == 4 &amp;&amp; wildList.indexOf(symbol) != -1): null

2019-08-10 23:45:50 - [TEST_STEP][PASSED] - symbols = symbols: null

2019-08-10 23:45:50 - [TEST_STEP][PASSED] - for ([j = 0, j &lt; symbols.size(), (j++)]): null

2019-08-10 23:45:50 - [TEST_STEP][PASSED] - symbol = symbol: null

2019-08-10 23:45:50 - [TEST_STEP][PASSED] - println(symbol): null

2019-08-10 23:45:50 - [TEST_STEP][PASSED] - if (i == 2 &amp;&amp; wildList.indexOf(symbol) != -1): null

2019-08-10 23:45:50 - [TEST_STEP][PASSED] - if (i == 3 &amp;&amp; wildList.indexOf(symbol) != -1): null

2019-08-10 23:45:50 - [TEST_STEP][PASSED] - if (i == 4 &amp;&amp; wildList.indexOf(symbol) != -1): null

2019-08-10 23:45:50 - [TEST_STEP][PASSED] - symbol = symbol: null

2019-08-10 23:45:50 - [TEST_STEP][PASSED] - println(symbol): null

2019-08-10 23:45:50 - [TEST_STEP][PASSED] - if (i == 2 &amp;&amp; wildList.indexOf(symbol) != -1): null

2019-08-10 23:45:50 - [TEST_STEP][PASSED] - if (i == 3 &amp;&amp; wildList.indexOf(symbol) != -1): null

2019-08-10 23:45:50 - [TEST_STEP][PASSED] - if (i == 4 &amp;&amp; wildList.indexOf(symbol) != -1): null

2019-08-10 23:45:50 - [TEST_STEP][PASSED] - symbol = symbol: null

2019-08-10 23:45:50 - [TEST_STEP][PASSED] - println(symbol): null

2019-08-10 23:45:50 - [TEST_STEP][PASSED] - if (i == 2 &amp;&amp; wildList.indexOf(symbol) != -1): null

2019-08-10 23:45:50 - [TEST_STEP][PASSED] - if (i == 3 &amp;&amp; wildList.indexOf(symbol) != -1): null

2019-08-10 23:45:50 - [TEST_STEP][PASSED] - if (i == 4 &amp;&amp; wildList.indexOf(symbol) != -1): null

2019-08-10 23:45:50 - [TEST_STEP][PASSED] - symbols = symbols: null

2019-08-10 23:45:50 - [TEST_STEP][PASSED] - for ([j = 0, j &lt; symbols.size(), (j++)]): null

2019-08-10 23:45:50 - [TEST_STEP][PASSED] - symbol = symbol: null

2019-08-10 23:45:50 - [TEST_STEP][PASSED] - println(symbol): null

2019-08-10 23:45:50 - [TEST_STEP][PASSED] - if (i == 2 &amp;&amp; wildList.indexOf(symbol) != -1): null

2019-08-10 23:45:50 - [TEST_STEP][PASSED] - if (i == 3 &amp;&amp; wildList.indexOf(symbol) != -1): null

2019-08-10 23:45:50 - [TEST_STEP][PASSED] - if (i == 4 &amp;&amp; wildList.indexOf(symbol) != -1): null

2019-08-10 23:45:50 - [TEST_STEP][PASSED] - symbol = symbol: null

2019-08-10 23:45:50 - [TEST_STEP][PASSED] - println(symbol): null

2019-08-10 23:45:50 - [TEST_STEP][PASSED] - if (i == 2 &amp;&amp; wildList.indexOf(symbol) != -1): null

2019-08-10 23:45:50 - [TEST_STEP][PASSED] - if (i == 3 &amp;&amp; wildList.indexOf(symbol) != -1): null

2019-08-10 23:45:50 - [TEST_STEP][PASSED] - if (i == 4 &amp;&amp; wildList.indexOf(symbol) != -1): null

2019-08-10 23:45:50 - [TEST_STEP][PASSED] - symbol = symbol: null

2019-08-10 23:45:50 - [TEST_STEP][PASSED] - println(symbol): null

2019-08-10 23:45:50 - [TEST_STEP][PASSED] - if (i == 2 &amp;&amp; wildList.indexOf(symbol) != -1): null

2019-08-10 23:45:50 - [TEST_STEP][PASSED] - if (i == 3 &amp;&amp; wildList.indexOf(symbol) != -1): null

2019-08-10 23:45:50 - [TEST_STEP][PASSED] - if (i == 4 &amp;&amp; wildList.indexOf(symbol) != -1): null

2019-08-10 23:45:50 - [TEST_STEP][PASSED] - free_spin_reel_counter = free_spin_reel_counter: null

2019-08-10 23:45:50 - [TEST_STEP][PASSED] - println("reel 3 wild found: " + free_spin_reel_counter[0]): null

2019-08-10 23:45:50 - [TEST_STEP][PASSED] - println("reel 4 wild found: " + free_spin_reel_counter[1]): null

2019-08-10 23:45:50 - [TEST_STEP][PASSED] - println("reel 5 wild found: " + free_spin_reel_counter[2]): null

2019-08-10 23:45:50 - [TEST_STEP][PASSED] - M4_spin_reels = M4_spin_reels: null

2019-08-10 23:45:50 - [TEST_STEP][PASSED] - M4_spin_reels_symbols = symbol: null

2019-08-10 23:45:50 - [TEST_STEP][PASSED] - M4_spin_reels_symbols = M4_spin_reels_symbols: null

2019-08-10 23:45:50 - [TEST_STEP][PASSED] - M4_spin_reel_wins = reel_wins: null

2019-08-10 23:45:50 - [TEST_STEP][PASSED] - M4_spin_reel_wins = M4_spin_reel_wins: null

2019-08-10 23:45:50 - [TEST_STEP][PASSED] - println("GlobalVariable.M4_spin_reel_wins is: " + M4_spin_reel_wins): null

2019-08-10 23:45:50 - [TEST_STEP][PASSED] - M4_spin_total_bonus_win_this_round = total_bonus_win_this_round: null

2019-08-10 23:45:50 - [TEST_STEP][PASSED] - M4_spin_total_bonus_win_this_round = M4_spin_total_bonus_win_this_round: null

2019-08-10 23:45:50 - [TEST_STEP][PASSED] - println("GlobalVariable.M4_spin_total_bonus_win_this_round is: " + M4_spin_total_bonus_win_this_round): null

2019-08-10 23:45:50 - [MESSAGE][PASSED] - Verify response successfully

2019-08-10 23:45:50 - [MESSAGE][PASSED] - Send request and verify the response successfully

2019-08-10 23:45:50 - [TEST_STEP][PASSED] - if (M4_total_bonus_spins_int != 0 &amp;&amp; M4_spin_reels_symbols[2].contains("WILD_ExtraFG") || M4_spin_reels_symbols[3].contains("WILD_ExtraFG")): null

2019-08-10 23:45:50 - [TEST_STEP][PASSED] - free_spin_reel_counter = free_spin_reel_counter: null

2019-08-10 23:45:50 - [TEST_STEP][PASSED] - M4_spin_reels_symbols = M4_spin_reels_symbols: null

2019-08-10 23:45:50 - [TEST_STEP][PASSED] - M4_total_bonus_spins = M4_total_bonus_spins: null

2019-08-10 23:45:50 - [TEST_STEP][PASSED] - spin_result = sendRequestAndVerify(findTestObject("RGS(M4)/1_M4_spin", ["M4_login_user_id":M4_login_user_id, "rgs_session_token":rgs_session_token, "partner":Partner])): Send request and verify the response successfully

2019-08-10 23:45:51 - [TEST_CASE][PASSED] - Start Test Case : Verification: Verification accomplished successfully

2019-08-10 23:45:51 - [TEST_STEP][PASSED] - request = getInstance().getCurrentRequest(): null

2019-08-10 23:45:51 - [TEST_STEP][PASSED] - response = getInstance().getCurrentResponse(): null

2019-08-10 23:45:51 - [TEST_STEP][PASSED] - verifyResponseStatusCode(response, 200): Verify response status code successfully

2019-08-10 23:45:51 - [MESSAGE][PASSED] - Verify response status code successfully

2019-08-10 23:45:51 - [TEST_STEP][PASSED] - getStatusCode()).isEqualTo(200): null

2019-08-10 23:45:51 - [TEST_STEP][PASSED] - newline = System.getProperty("line.separator"): null

2019-08-10 23:45:51 - [TEST_STEP][PASSED] - M4_spin = new groovy.json.JsonSlurper(): null

2019-08-10 23:45:51 - [TEST_STEP][PASSED] - result_M4_spin = M4_spin.parseText(response.getResponseBodyContent()): null

2019-08-10 23:45:51 - [TEST_STEP][PASSED] - M4_spin_current_balance = current_balance: null

2019-08-10 23:45:51 - [TEST_STEP][PASSED] - M4_spin_current_balance = M4_spin_current_balance: null

2019-08-10 23:45:51 - [TEST_STEP][PASSED] - M4_spin_transaction_id = causality: null

2019-08-10 23:45:51 - [TEST_STEP][PASSED] - M4_spin_transaction_id = M4_spin_transaction_id: null

2019-08-10 23:45:51 - [TEST_STEP][PASSED] - M4_spin_round_id = round_id: null

2019-08-10 23:45:51 - [TEST_STEP][PASSED] - M4_spin_round_id = M4_spin_round_id: null

2019-08-10 23:45:51 - [TEST_STEP][PASSED] - M4_spin_line_wins = line_wins: null

2019-08-10 23:45:51 - [TEST_STEP][PASSED] - M4_spin_line_wins = M4_spin_line_wins: null

2019-08-10 23:45:51 - [TEST_STEP][PASSED] - M4_total_bonus_spins_int = total_bonus_spins: null

2019-08-10 23:45:51 - [TEST_STEP][PASSED] - println("******M4_total_bonus_spins type is:*******" + newline + getClass().getName()): null

2019-08-10 23:45:51 - [TEST_STEP][PASSED] - M4_total_bonus_spins_int = M4_total_bonus_spins_int: null

2019-08-10 23:45:51 - [TEST_STEP][PASSED] - M4_total_bonus_spins = Integer.toString(M4_total_bonus_spins_int): null

2019-08-10 23:45:51 - [TEST_STEP][PASSED] - M4_total_bonus_spins = M4_total_bonus_spins: null

2019-08-10 23:45:51 - [TEST_STEP][PASSED] - println("M4_total_bonus_spins is:" + M4_total_bonus_spins): null

2019-08-10 23:45:51 - [TEST_STEP][PASSED] - M4_spin_bonus_data = bonus_data: null

2019-08-10 23:45:51 - [TEST_STEP][PASSED] - M4_spin_features_triggered = result_M4_spin: null

2019-08-10 23:45:51 - [TEST_STEP][PASSED] - wild = []: null

2019-08-10 23:45:51 - [TEST_STEP][PASSED] - wild[0] = "WILD_Expanding": null

2019-08-10 23:45:51 - [TEST_STEP][PASSED] - wild[1] = "WILD_Normal": null

2019-08-10 23:45:51 - [TEST_STEP][PASSED] - wild[2] = "WILD_Double": null

2019-08-10 23:45:51 - [TEST_STEP][PASSED] - wild[3] = "WILD_ExtraFG": null

2019-08-10 23:45:51 - [TEST_STEP][PASSED] - wild[4] = "WILD_Triple": null

2019-08-10 23:45:51 - [TEST_STEP][PASSED] - wildList = Arrays.asList(wild): null

2019-08-10 23:45:51 - [TEST_STEP][PASSED] - wildList = wildList: null

2019-08-10 23:45:51 - [TEST_STEP][PASSED] - free_spin_reel_counter = []: null

2019-08-10 23:45:51 - [TEST_STEP][PASSED] - free_spin_reel_counter[0] = 0: null

2019-08-10 23:45:51 - [TEST_STEP][PASSED] - free_spin_reel_counter[1] = 0: null

2019-08-10 23:45:51 - [TEST_STEP][PASSED] - free_spin_reel_counter[2] = 0: null

2019-08-10 23:45:51 - [TEST_STEP][PASSED] - M4_spin_reels = reels: null

2019-08-10 23:45:51 - [TEST_STEP][PASSED] - for ([i = 0, i &lt; M4_spin_reels.size(), (i++)]): null

2019-08-10 23:45:51 - [TEST_STEP][PASSED] - symbols = symbols: null

2019-08-10 23:45:51 - [TEST_STEP][PASSED] - for ([j = 0, j &lt; symbols.size(), (j++)]): null

2019-08-10 23:45:51 - [TEST_STEP][PASSED] - symbol = symbol: null

2019-08-10 23:45:51 - [TEST_STEP][PASSED] - println(symbol): null

2019-08-10 23:45:51 - [TEST_STEP][PASSED] - if (i == 2 &amp;&amp; wildList.indexOf(symbol) != -1): null

2019-08-10 23:45:51 - [TEST_STEP][PASSED] - if (i == 3 &amp;&amp; wildList.indexOf(symbol) != -1): null

2019-08-10 23:45:51 - [TEST_STEP][PASSED] - if (i == 4 &amp;&amp; wildList.indexOf(symbol) != -1): null

2019-08-10 23:45:51 - [TEST_STEP][PASSED] - symbol = symbol: null

2019-08-10 23:45:51 - [TEST_STEP][PASSED] - println(symbol): null

2019-08-10 23:45:51 - [TEST_STEP][PASSED] - if (i == 2 &amp;&amp; wildList.indexOf(symbol) != -1): null

2019-08-10 23:45:51 - [TEST_STEP][PASSED] - if (i == 3 &amp;&amp; wildList.indexOf(symbol) != -1): null

2019-08-10 23:45:51 - [TEST_STEP][PASSED] - if (i == 4 &amp;&amp; wildList.indexOf(symbol) != -1): null

2019-08-10 23:45:51 - [TEST_STEP][PASSED] - symbol = symbol: null

2019-08-10 23:45:51 - [TEST_STEP][PASSED] - println(symbol): null

2019-08-10 23:45:51 - [TEST_STEP][PASSED] - if (i == 2 &amp;&amp; wildList.indexOf(symbol) != -1): null

2019-08-10 23:45:51 - [TEST_STEP][PASSED] - if (i == 3 &amp;&amp; wildList.indexOf(symbol) != -1): null

2019-08-10 23:45:51 - [TEST_STEP][PASSED] - if (i == 4 &amp;&amp; wildList.indexOf(symbol) != -1): null

2019-08-10 23:45:51 - [TEST_STEP][PASSED] - symbols = symbols: null

2019-08-10 23:45:51 - [TEST_STEP][PASSED] - for ([j = 0, j &lt; symbols.size(), (j++)]): null

2019-08-10 23:45:51 - [TEST_STEP][PASSED] - symbol = symbol: null

2019-08-10 23:45:51 - [TEST_STEP][PASSED] - println(symbol): null

2019-08-10 23:45:51 - [TEST_STEP][PASSED] - if (i == 2 &amp;&amp; wildList.indexOf(symbol) != -1): null

2019-08-10 23:45:51 - [TEST_STEP][PASSED] - if (i == 3 &amp;&amp; wildList.indexOf(symbol) != -1): null

2019-08-10 23:45:51 - [TEST_STEP][PASSED] - if (i == 4 &amp;&amp; wildList.indexOf(symbol) != -1): null

2019-08-10 23:45:51 - [TEST_STEP][PASSED] - symbol = symbol: null

2019-08-10 23:45:51 - [TEST_STEP][PASSED] - println(symbol): null

2019-08-10 23:45:51 - [TEST_STEP][PASSED] - if (i == 2 &amp;&amp; wildList.indexOf(symbol) != -1): null

2019-08-10 23:45:51 - [TEST_STEP][PASSED] - if (i == 3 &amp;&amp; wildList.indexOf(symbol) != -1): null

2019-08-10 23:45:51 - [TEST_STEP][PASSED] - if (i == 4 &amp;&amp; wildList.indexOf(symbol) != -1): null

2019-08-10 23:45:51 - [TEST_STEP][PASSED] - symbol = symbol: null

2019-08-10 23:45:51 - [TEST_STEP][PASSED] - println(symbol): null

2019-08-10 23:45:51 - [TEST_STEP][PASSED] - if (i == 2 &amp;&amp; wildList.indexOf(symbol) != -1): null

2019-08-10 23:45:51 - [TEST_STEP][PASSED] - if (i == 3 &amp;&amp; wildList.indexOf(symbol) != -1): null

2019-08-10 23:45:51 - [TEST_STEP][PASSED] - if (i == 4 &amp;&amp; wildList.indexOf(symbol) != -1): null

2019-08-10 23:45:51 - [TEST_STEP][PASSED] - symbols = symbols: null

2019-08-10 23:45:51 - [TEST_STEP][PASSED] - for ([j = 0, j &lt; symbols.size(), (j++)]): null

2019-08-10 23:45:51 - [TEST_STEP][PASSED] - symbol = symbol: null

2019-08-10 23:45:51 - [TEST_STEP][PASSED] - println(symbol): null

2019-08-10 23:45:51 - [TEST_STEP][PASSED] - if (i == 2 &amp;&amp; wildList.indexOf(symbol) != -1): null

2019-08-10 23:45:51 - [TEST_STEP][PASSED] - if (i == 3 &amp;&amp; wildList.indexOf(symbol) != -1): null

2019-08-10 23:45:51 - [TEST_STEP][PASSED] - if (i == 4 &amp;&amp; wildList.indexOf(symbol) != -1): null

2019-08-10 23:45:51 - [TEST_STEP][PASSED] - symbol = symbol: null

2019-08-10 23:45:51 - [TEST_STEP][PASSED] - println(symbol): null

2019-08-10 23:45:51 - [TEST_STEP][PASSED] - if (i == 2 &amp;&amp; wildList.indexOf(symbol) != -1): null

2019-08-10 23:45:51 - [TEST_STEP][PASSED] - if (i == 3 &amp;&amp; wildList.indexOf(symbol) != -1): null

2019-08-10 23:45:51 - [TEST_STEP][PASSED] - if (i == 4 &amp;&amp; wildList.indexOf(symbol) != -1): null

2019-08-10 23:45:51 - [TEST_STEP][PASSED] - symbol = symbol: null

2019-08-10 23:45:51 - [TEST_STEP][PASSED] - println(symbol): null

2019-08-10 23:45:51 - [TEST_STEP][PASSED] - if (i == 2 &amp;&amp; wildList.indexOf(symbol) != -1): null

2019-08-10 23:45:51 - [TEST_STEP][PASSED] - if (i == 3 &amp;&amp; wildList.indexOf(symbol) != -1): null

2019-08-10 23:45:51 - [TEST_STEP][PASSED] - if (i == 4 &amp;&amp; wildList.indexOf(symbol) != -1): null

2019-08-10 23:45:51 - [TEST_STEP][PASSED] - symbols = symbols: null

2019-08-10 23:45:51 - [TEST_STEP][PASSED] - for ([j = 0, j &lt; symbols.size(), (j++)]): null

2019-08-10 23:45:51 - [TEST_STEP][PASSED] - symbol = symbol: null

2019-08-10 23:45:51 - [TEST_STEP][PASSED] - println(symbol): null

2019-08-10 23:45:51 - [TEST_STEP][PASSED] - if (i == 2 &amp;&amp; wildList.indexOf(symbol) != -1): null

2019-08-10 23:45:51 - [TEST_STEP][PASSED] - if (i == 3 &amp;&amp; wildList.indexOf(symbol) != -1): null

2019-08-10 23:45:51 - [TEST_STEP][PASSED] - if (i == 4 &amp;&amp; wildList.indexOf(symbol) != -1): null

2019-08-10 23:45:51 - [TEST_STEP][PASSED] - symbol = symbol: null

2019-08-10 23:45:51 - [TEST_STEP][PASSED] - println(symbol): null

2019-08-10 23:45:51 - [TEST_STEP][PASSED] - if (i == 2 &amp;&amp; wildList.indexOf(symbol) != -1): null

2019-08-10 23:45:51 - [TEST_STEP][PASSED] - if (i == 3 &amp;&amp; wildList.indexOf(symbol) != -1): null

2019-08-10 23:45:51 - [TEST_STEP][PASSED] - if (i == 4 &amp;&amp; wildList.indexOf(symbol) != -1): null

2019-08-10 23:45:51 - [TEST_STEP][PASSED] - symbol = symbol: null

2019-08-10 23:45:51 - [TEST_STEP][PASSED] - println(symbol): null

2019-08-10 23:45:51 - [TEST_STEP][PASSED] - if (i == 2 &amp;&amp; wildList.indexOf(symbol) != -1): null

2019-08-10 23:45:51 - [TEST_STEP][PASSED] - if (i == 3 &amp;&amp; wildList.indexOf(symbol) != -1): null

2019-08-10 23:45:55 - [TEST_STEP][PASSED] - if (i == 4 &amp;&amp; wildList.indexOf(symbol) != -1): null

2019-08-10 23:45:55 - [TEST_STEP][PASSED] - symbols = symbols: null

2019-08-10 23:45:55 - [TEST_STEP][PASSED] - for ([j = 0, j &lt; symbols.size(), (j++)]): null

2019-08-10 23:45:55 - [TEST_STEP][PASSED] - symbol = symbol: null

2019-08-10 23:45:55 - [TEST_STEP][PASSED] - println(symbol): null

2019-08-10 23:45:55 - [TEST_STEP][PASSED] - if (i == 2 &amp;&amp; wildList.indexOf(symbol) != -1): null

2019-08-10 23:45:55 - [TEST_STEP][PASSED] - if (i == 3 &amp;&amp; wildList.indexOf(symbol) != -1): null

2019-08-10 23:45:55 - [TEST_STEP][PASSED] - if (i == 4 &amp;&amp; wildList.indexOf(symbol) != -1): null

2019-08-10 23:45:55 - [TEST_STEP][PASSED] - symbol = symbol: null

2019-08-10 23:45:55 - [TEST_STEP][PASSED] - println(symbol): null

2019-08-10 23:45:55 - [TEST_STEP][PASSED] - if (i == 2 &amp;&amp; wildList.indexOf(symbol) != -1): null

2019-08-10 23:45:55 - [TEST_STEP][PASSED] - if (i == 3 &amp;&amp; wildList.indexOf(symbol) != -1): null

2019-08-10 23:45:55 - [TEST_STEP][PASSED] - if (i == 4 &amp;&amp; wildList.indexOf(symbol) != -1): null

2019-08-10 23:45:55 - [TEST_STEP][PASSED] - symbol = symbol: null

2019-08-10 23:45:55 - [TEST_STEP][PASSED] - println(symbol): null

2019-08-10 23:45:55 - [TEST_STEP][PASSED] - if (i == 2 &amp;&amp; wildList.indexOf(symbol) != -1): null

2019-08-10 23:45:55 - [TEST_STEP][PASSED] - if (i == 3 &amp;&amp; wildList.indexOf(symbol) != -1): null

2019-08-10 23:45:55 - [TEST_STEP][PASSED] - if (i == 4 &amp;&amp; wildList.indexOf(symbol) != -1): null

2019-08-10 23:45:55 - [TEST_STEP][PASSED] - free_spin_reel_counter = free_spin_reel_counter: null

2019-08-10 23:45:55 - [TEST_STEP][PASSED] - println("reel 3 wild found: " + free_spin_reel_counter[0]): null

2019-08-10 23:45:55 - [TEST_STEP][PASSED] - println("reel 4 wild found: " + free_spin_reel_counter[1]): null

2019-08-10 23:45:55 - [TEST_STEP][PASSED] - println("reel 5 wild found: " + free_spin_reel_counter[2]): null

2019-08-10 23:45:55 - [TEST_STEP][PASSED] - M4_spin_reels = M4_spin_reels: null

2019-08-10 23:45:55 - [TEST_STEP][PASSED] - M4_spin_reels_symbols = symbol: null

2019-08-10 23:45:55 - [TEST_STEP][PASSED] - M4_spin_reels_symbols = M4_spin_reels_symbols: null

2019-08-10 23:45:55 - [TEST_STEP][PASSED] - M4_spin_reel_wins = reel_wins: null

2019-08-10 23:45:55 - [TEST_STEP][PASSED] - M4_spin_reel_wins = M4_spin_reel_wins: null

2019-08-10 23:45:55 - [TEST_STEP][PASSED] - println("GlobalVariable.M4_spin_reel_wins is: " + M4_spin_reel_wins): null

2019-08-10 23:45:55 - [TEST_STEP][PASSED] - M4_spin_total_bonus_win_this_round = total_bonus_win_this_round: null

2019-08-10 23:45:55 - [TEST_STEP][PASSED] - M4_spin_total_bonus_win_this_round = M4_spin_total_bonus_win_this_round: null

2019-08-10 23:45:55 - [TEST_STEP][PASSED] - println("GlobalVariable.M4_spin_total_bonus_win_this_round is: " + M4_spin_total_bonus_win_this_round): null

2019-08-10 23:45:55 - [MESSAGE][PASSED] - Verify response successfully

2019-08-10 23:45:55 - [MESSAGE][PASSED] - Send request and verify the response successfully

2019-08-10 23:45:55 - [TEST_STEP][PASSED] - if (M4_total_bonus_spins_int != 0 &amp;&amp; M4_spin_reels_symbols[2].contains("WILD_ExtraFG") || M4_spin_reels_symbols[3].contains("WILD_ExtraFG")): null

2019-08-10 23:45:55 - [TEST_STEP][PASSED] - free_spin_reel_counter = free_spin_reel_counter: null

2019-08-10 23:45:55 - [TEST_STEP][PASSED] - M4_spin_reels_symbols = M4_spin_reels_symbols: null

2019-08-10 23:45:55 - [TEST_STEP][PASSED] - M4_total_bonus_spins = M4_total_bonus_spins: null

2019-08-10 23:45:55 - [TEST_STEP][PASSED] - spin_result = sendRequestAndVerify(findTestObject("RGS(M4)/1_M4_spin", ["M4_login_user_id":M4_login_user_id, "rgs_session_token":rgs_session_token, "partner":Partner])): Send request and verify the response successfully

2019-08-10 23:45:55 - [TEST_CASE][PASSED] - Start Test Case : Verification: Verification accomplished successfully

2019-08-10 23:45:55 - [TEST_STEP][PASSED] - request = getInstance().getCurrentRequest(): null

2019-08-10 23:45:55 - [TEST_STEP][PASSED] - response = getInstance().getCurrentResponse(): null

2019-08-10 23:45:55 - [TEST_STEP][PASSED] - verifyResponseStatusCode(response, 200): Verify response status code successfully

2019-08-10 23:45:55 - [MESSAGE][PASSED] - Verify response status code successfully

2019-08-10 23:45:55 - [TEST_STEP][PASSED] - getStatusCode()).isEqualTo(200): null

2019-08-10 23:45:55 - [TEST_STEP][PASSED] - newline = System.getProperty("line.separator"): null

2019-08-10 23:45:55 - [TEST_STEP][PASSED] - M4_spin = new groovy.json.JsonSlurper(): null

2019-08-10 23:45:55 - [TEST_STEP][PASSED] - result_M4_spin = M4_spin.parseText(response.getResponseBodyContent()): null

2019-08-10 23:45:55 - [TEST_STEP][PASSED] - M4_spin_current_balance = current_balance: null

2019-08-10 23:45:55 - [TEST_STEP][PASSED] - M4_spin_current_balance = M4_spin_current_balance: null

2019-08-10 23:45:55 - [TEST_STEP][PASSED] - M4_spin_transaction_id = causality: null

2019-08-10 23:45:55 - [TEST_STEP][PASSED] - M4_spin_transaction_id = M4_spin_transaction_id: null

2019-08-10 23:45:55 - [TEST_STEP][PASSED] - M4_spin_round_id = round_id: null

2019-08-10 23:45:55 - [TEST_STEP][PASSED] - M4_spin_round_id = M4_spin_round_id: null

2019-08-10 23:45:55 - [TEST_STEP][PASSED] - M4_spin_line_wins = line_wins: null

2019-08-10 23:45:55 - [TEST_STEP][PASSED] - M4_spin_line_wins = M4_spin_line_wins: null

2019-08-10 23:45:55 - [TEST_STEP][PASSED] - M4_total_bonus_spins_int = total_bonus_spins: null

2019-08-10 23:45:55 - [TEST_STEP][PASSED] - println("******M4_total_bonus_spins type is:*******" + newline + getClass().getName()): null

2019-08-10 23:45:55 - [TEST_STEP][PASSED] - M4_total_bonus_spins_int = M4_total_bonus_spins_int: null

2019-08-10 23:45:55 - [TEST_STEP][PASSED] - M4_total_bonus_spins = Integer.toString(M4_total_bonus_spins_int): null

2019-08-10 23:45:55 - [TEST_STEP][PASSED] - M4_total_bonus_spins = M4_total_bonus_spins: null

2019-08-10 23:45:55 - [TEST_STEP][PASSED] - println("M4_total_bonus_spins is:" + M4_total_bonus_spins): null

2019-08-10 23:45:55 - [TEST_STEP][PASSED] - M4_spin_bonus_data = bonus_data: null

2019-08-10 23:45:55 - [TEST_STEP][PASSED] - M4_spin_features_triggered = result_M4_spin: null

2019-08-10 23:45:55 - [TEST_STEP][PASSED] - wild = []: null

2019-08-10 23:45:55 - [TEST_STEP][PASSED] - wild[0] = "WILD_Expanding": null

2019-08-10 23:45:55 - [TEST_STEP][PASSED] - wild[1] = "WILD_Normal": null

2019-08-10 23:45:55 - [TEST_STEP][PASSED] - wild[2] = "WILD_Double": null

2019-08-10 23:45:55 - [TEST_STEP][PASSED] - wild[3] = "WILD_ExtraFG": null

2019-08-10 23:45:55 - [TEST_STEP][PASSED] - wild[4] = "WILD_Triple": null

2019-08-10 23:45:55 - [TEST_STEP][PASSED] - wildList = Arrays.asList(wild): null

2019-08-10 23:45:55 - [TEST_STEP][PASSED] - wildList = wildList: null

2019-08-10 23:45:55 - [TEST_STEP][PASSED] - free_spin_reel_counter = []: null

2019-08-10 23:45:55 - [TEST_STEP][PASSED] - free_spin_reel_counter[0] = 0: null

2019-08-10 23:45:55 - [TEST_STEP][PASSED] - free_spin_reel_counter[1] = 0: null

2019-08-10 23:45:55 - [TEST_STEP][PASSED] - free_spin_reel_counter[2] = 0: null

2019-08-10 23:45:55 - [TEST_STEP][PASSED] - M4_spin_reels = reels: null

2019-08-10 23:45:55 - [TEST_STEP][PASSED] - for ([i = 0, i &lt; M4_spin_reels.size(), (i++)]): null

2019-08-10 23:45:55 - [TEST_STEP][PASSED] - symbols = symbols: null

2019-08-10 23:45:55 - [TEST_STEP][PASSED] - for ([j = 0, j &lt; symbols.size(), (j++)]): null

2019-08-10 23:45:55 - [TEST_STEP][PASSED] - symbol = symbol: null

2019-08-10 23:45:55 - [TEST_STEP][PASSED] - println(symbol): null

2019-08-10 23:45:55 - [TEST_STEP][PASSED] - if (i == 2 &amp;&amp; wildList.indexOf(symbol) != -1): null

2019-08-10 23:45:55 - [TEST_STEP][PASSED] - if (i == 3 &amp;&amp; wildList.indexOf(symbol) != -1): null

2019-08-10 23:45:55 - [TEST_STEP][PASSED] - if (i == 4 &amp;&amp; wildList.indexOf(symbol) != -1): null

2019-08-10 23:45:55 - [TEST_STEP][PASSED] - symbol = symbol: null

2019-08-10 23:45:55 - [TEST_STEP][PASSED] - println(symbol): null

2019-08-10 23:45:55 - [TEST_STEP][PASSED] - if (i == 2 &amp;&amp; wildList.indexOf(symbol) != -1): null

2019-08-10 23:45:55 - [TEST_STEP][PASSED] - if (i == 3 &amp;&amp; wildList.indexOf(symbol) != -1): null

2019-08-10 23:45:55 - [TEST_STEP][PASSED] - if (i == 4 &amp;&amp; wildList.indexOf(symbol) != -1): null

2019-08-10 23:45:55 - [TEST_STEP][PASSED] - symbol = symbol: null

2019-08-10 23:45:55 - [TEST_STEP][PASSED] - println(symbol): null

2019-08-10 23:45:55 - [TEST_STEP][PASSED] - if (i == 2 &amp;&amp; wildList.indexOf(symbol) != -1): null

2019-08-10 23:45:55 - [TEST_STEP][PASSED] - if (i == 3 &amp;&amp; wildList.indexOf(symbol) != -1): null

2019-08-10 23:45:55 - [TEST_STEP][PASSED] - if (i == 4 &amp;&amp; wildList.indexOf(symbol) != -1): null

2019-08-10 23:45:55 - [TEST_STEP][PASSED] - symbols = symbols: null

2019-08-10 23:45:55 - [TEST_STEP][PASSED] - for ([j = 0, j &lt; symbols.size(), (j++)]): null

2019-08-10 23:45:55 - [TEST_STEP][PASSED] - symbol = symbol: null

2019-08-10 23:45:55 - [TEST_STEP][PASSED] - println(symbol): null

2019-08-10 23:45:55 - [TEST_STEP][PASSED] - if (i == 2 &amp;&amp; wildList.indexOf(symbol) != -1): null

2019-08-10 23:45:55 - [TEST_STEP][PASSED] - if (i == 3 &amp;&amp; wildList.indexOf(symbol) != -1): null

2019-08-10 23:45:55 - [TEST_STEP][PASSED] - if (i == 4 &amp;&amp; wildList.indexOf(symbol) != -1): null

2019-08-10 23:45:55 - [TEST_STEP][PASSED] - symbol = symbol: null

2019-08-10 23:45:55 - [TEST_STEP][PASSED] - println(symbol): null

2019-08-10 23:45:55 - [TEST_STEP][PASSED] - if (i == 2 &amp;&amp; wildList.indexOf(symbol) != -1): null

2019-08-10 23:45:55 - [TEST_STEP][PASSED] - if (i == 3 &amp;&amp; wildList.indexOf(symbol) != -1): null

2019-08-10 23:45:55 - [TEST_STEP][PASSED] - if (i == 4 &amp;&amp; wildList.indexOf(symbol) != -1): null

2019-08-10 23:45:55 - [TEST_STEP][PASSED] - symbol = symbol: null

2019-08-10 23:45:55 - [TEST_STEP][PASSED] - println(symbol): null

2019-08-10 23:45:55 - [TEST_STEP][PASSED] - if (i == 2 &amp;&amp; wildList.indexOf(symbol) != -1): null

2019-08-10 23:45:55 - [TEST_STEP][PASSED] - if (i == 3 &amp;&amp; wildList.indexOf(symbol) != -1): null

2019-08-10 23:45:55 - [TEST_STEP][PASSED] - if (i == 4 &amp;&amp; wildList.indexOf(symbol) != -1): null

2019-08-10 23:45:55 - [TEST_STEP][PASSED] - symbols = symbols: null

2019-08-10 23:45:55 - [TEST_STEP][PASSED] - for ([j = 0, j &lt; symbols.size(), (j++)]): null

2019-08-10 23:45:55 - [TEST_STEP][PASSED] - symbol = symbol: null

2019-08-10 23:45:55 - [TEST_STEP][PASSED] - println(symbol): null

2019-08-10 23:45:55 - [TEST_STEP][PASSED] - if (i == 2 &amp;&amp; wildList.indexOf(symbol) != -1): null

2019-08-10 23:45:55 - [TEST_STEP][PASSED] - if (i == 3 &amp;&amp; wildList.indexOf(symbol) != -1): null

2019-08-10 23:45:55 - [TEST_STEP][PASSED] - if (i == 4 &amp;&amp; wildList.indexOf(symbol) != -1): null

2019-08-10 23:45:55 - [TEST_STEP][PASSED] - symbol = symbol: null

2019-08-10 23:45:55 - [TEST_STEP][PASSED] - println(symbol): null

2019-08-10 23:45:55 - [TEST_STEP][PASSED] - if (i == 2 &amp;&amp; wildList.indexOf(symbol) != -1): null

2019-08-10 23:45:55 - [TEST_STEP][PASSED] - if (i == 3 &amp;&amp; wildList.indexOf(symbol) != -1): null

2019-08-10 23:45:55 - [TEST_STEP][PASSED] - if (i == 4 &amp;&amp; wildList.indexOf(symbol) != -1): null

2019-08-10 23:45:55 - [TEST_STEP][PASSED] - symbol = symbol: null

2019-08-10 23:45:55 - [TEST_STEP][PASSED] - println(symbol): null

2019-08-10 23:45:55 - [TEST_STEP][PASSED] - if (i == 2 &amp;&amp; wildList.indexOf(symbol) != -1): null

2019-08-10 23:45:55 - [TEST_STEP][PASSED] - println("wild found on reel 3, adding counter by 1"): null

2019-08-10 23:45:55 - [TEST_STEP][PASSED] - free_spin_reel_counter[0] = free_spin_reel_counter[0] + 1: null

2019-08-10 23:45:55 - [TEST_STEP][PASSED] - if (i == 3 &amp;&amp; wildList.indexOf(symbol) != -1): null

2019-08-10 23:45:55 - [TEST_STEP][PASSED] - if (i == 4 &amp;&amp; wildList.indexOf(symbol) != -1): null

2019-08-10 23:45:55 - [TEST_STEP][PASSED] - symbols = symbols: null

2019-08-10 23:45:55 - [TEST_STEP][PASSED] - for ([j = 0, j &lt; symbols.size(), (j++)]): null

2019-08-10 23:45:55 - [TEST_STEP][PASSED] - symbol = symbol: null

2019-08-10 23:45:55 - [TEST_STEP][PASSED] - println(symbol): null

2019-08-10 23:45:55 - [TEST_STEP][PASSED] - if (i == 2 &amp;&amp; wildList.indexOf(symbol) != -1): null

2019-08-10 23:45:55 - [TEST_STEP][PASSED] - if (i == 3 &amp;&amp; wildList.indexOf(symbol) != -1): null

2019-08-10 23:45:55 - [TEST_STEP][PASSED] - println("wild found on reel 4, adding counter by 1"): null

2019-08-10 23:45:55 - [TEST_STEP][PASSED] - free_spin_reel_counter[1] = free_spin_reel_counter[1] + 1: null

2019-08-10 23:45:55 - [TEST_STEP][PASSED] - if (i == 4 &amp;&amp; wildList.indexOf(symbol) != -1): null

2019-08-10 23:45:55 - [TEST_STEP][PASSED] - symbol = symbol: null

2019-08-10 23:45:55 - [TEST_STEP][PASSED] - println(symbol): null

2019-08-10 23:45:55 - [TEST_STEP][PASSED] - if (i == 2 &amp;&amp; wildList.indexOf(symbol) != -1): null

2019-08-10 23:45:55 - [TEST_STEP][PASSED] - if (i == 3 &amp;&amp; wildList.indexOf(symbol) != -1): null

2019-08-10 23:45:55 - [TEST_STEP][PASSED] - if (i == 4 &amp;&amp; wildList.indexOf(symbol) != -1): null

2019-08-10 23:45:55 - [TEST_STEP][PASSED] - symbol = symbol: null

2019-08-10 23:45:55 - [TEST_STEP][PASSED] - println(symbol): null

2019-08-10 23:45:55 - [TEST_STEP][PASSED] - if (i == 2 &amp;&amp; wildList.indexOf(symbol) != -1): null

2019-08-10 23:45:55 - [TEST_STEP][PASSED] - if (i == 3 &amp;&amp; wildList.indexOf(symbol) != -1): null

2019-08-10 23:45:55 - [TEST_STEP][PASSED] - if (i == 4 &amp;&amp; wildList.indexOf(symbol) != -1): null

2019-08-10 23:45:55 - [TEST_STEP][PASSED] - symbols = symbols: null

2019-08-10 23:45:55 - [TEST_STEP][PASSED] - for ([j = 0, j &lt; symbols.size(), (j++)]): null

2019-08-10 23:45:55 - [TEST_STEP][PASSED] - symbol = symbol: null

2019-08-10 23:45:55 - [TEST_STEP][PASSED] - println(symbol): null

2019-08-10 23:45:55 - [TEST_STEP][PASSED] - if (i == 2 &amp;&amp; wildList.indexOf(symbol) != -1): null

2019-08-10 23:45:55 - [TEST_STEP][PASSED] - if (i == 3 &amp;&amp; wildList.indexOf(symbol) != -1): null

2019-08-10 23:45:55 - [TEST_STEP][PASSED] - if (i == 4 &amp;&amp; wildList.indexOf(symbol) != -1): null

2019-08-10 23:45:55 - [TEST_STEP][PASSED] - symbol = symbol: null

2019-08-10 23:45:55 - [TEST_STEP][PASSED] - println(symbol): null

2019-08-10 23:45:55 - [TEST_STEP][PASSED] - if (i == 2 &amp;&amp; wildList.indexOf(symbol) != -1): null

2019-08-10 23:45:55 - [TEST_STEP][PASSED] - if (i == 3 &amp;&amp; wildList.indexOf(symbol) != -1): null

2019-08-10 23:45:55 - [TEST_STEP][PASSED] - if (i == 4 &amp;&amp; wildList.indexOf(symbol) != -1): null

2019-08-10 23:45:55 - [TEST_STEP][PASSED] - symbol = symbol: null

2019-08-10 23:45:55 - [TEST_STEP][PASSED] - println(symbol): null

2019-08-10 23:45:55 - [TEST_STEP][PASSED] - if (i == 2 &amp;&amp; wildList.indexOf(symbol) != -1): null

2019-08-10 23:45:55 - [TEST_STEP][PASSED] - if (i == 3 &amp;&amp; wildList.indexOf(symbol) != -1): null

2019-08-10 23:45:55 - [TEST_STEP][PASSED] - if (i == 4 &amp;&amp; wildList.indexOf(symbol) != -1): null

2019-08-10 23:45:55 - [TEST_STEP][PASSED] - free_spin_reel_counter = free_spin_reel_counter: null

2019-08-10 23:45:55 - [TEST_STEP][PASSED] - println("reel 3 wild found: " + free_spin_reel_counter[0]): null

2019-08-10 23:45:55 - [TEST_STEP][PASSED] - println("reel 4 wild found: " + free_spin_reel_counter[1]): null

2019-08-10 23:45:55 - [TEST_STEP][PASSED] - println("reel 5 wild found: " + free_spin_reel_counter[2]): null

2019-08-10 23:45:55 - [TEST_STEP][PASSED] - M4_spin_reels = M4_spin_reels: null

2019-08-10 23:45:55 - [TEST_STEP][PASSED] - M4_spin_reels_symbols = symbol: null

2019-08-10 23:45:55 - [TEST_STEP][PASSED] - M4_spin_reels_symbols = M4_spin_reels_symbols: null

2019-08-10 23:45:55 - [TEST_STEP][PASSED] - M4_spin_reel_wins = reel_wins: null

2019-08-10 23:45:55 - [TEST_STEP][PASSED] - M4_spin_reel_wins = M4_spin_reel_wins: null

2019-08-10 23:45:55 - [TEST_STEP][PASSED] - println("GlobalVariable.M4_spin_reel_wins is: " + M4_spin_reel_wins): null

2019-08-10 23:45:55 - [TEST_STEP][PASSED] - M4_spin_total_bonus_win_this_round = total_bonus_win_this_round: null

2019-08-10 23:45:55 - [TEST_STEP][PASSED] - M4_spin_total_bonus_win_this_round = M4_spin_total_bonus_win_this_round: null

2019-08-10 23:45:55 - [TEST_STEP][PASSED] - println("GlobalVariable.M4_spin_total_bonus_win_this_round is: " + M4_spin_total_bonus_win_this_round): null

2019-08-10 23:45:55 - [MESSAGE][PASSED] - Verify response successfully

2019-08-10 23:45:55 - [MESSAGE][PASSED] - Send request and verify the response successfully

2019-08-10 23:45:55 - [TEST_STEP][PASSED] - if (M4_total_bonus_spins_int != 0 &amp;&amp; M4_spin_reels_symbols[2].contains("WILD_ExtraFG") || M4_spin_reels_symbols[3].contains("WILD_ExtraFG")): null

2019-08-10 23:45:55 - [TEST_STEP][PASSED] - free_spin_reel_counter = free_spin_reel_counter: null

2019-08-10 23:45:55 - [TEST_STEP][PASSED] - M4_spin_reels_symbols = M4_spin_reels_symbols: null

2019-08-10 23:45:55 - [TEST_STEP][PASSED] - M4_total_bonus_spins = M4_total_bonus_spins: null

2019-08-10 23:45:55 - [TEST_STEP][PASSED] - spin_result = sendRequestAndVerify(findTestObject("RGS(M4)/1_M4_spin", ["M4_login_user_id":M4_login_user_id, "rgs_session_token":rgs_session_token, "partner":Partner])): Send request and verify the response successfully

2019-08-10 23:45:55 - [TEST_CASE][PASSED] - Start Test Case : Verification: Verification accomplished successfully

2019-08-10 23:45:55 - [TEST_STEP][PASSED] - request = getInstance().getCurrentRequest(): null

2019-08-10 23:45:56 - [TEST_STEP][PASSED] - response = getInstance().getCurrentResponse(): null

2019-08-10 23:45:56 - [TEST_STEP][PASSED] - verifyResponseStatusCode(response, 200): Verify response status code successfully

2019-08-10 23:45:56 - [MESSAGE][PASSED] - Verify response status code successfully

2019-08-10 23:45:56 - [TEST_STEP][PASSED] - getStatusCode()).isEqualTo(200): null

2019-08-10 23:45:56 - [TEST_STEP][PASSED] - newline = System.getProperty("line.separator"): null

2019-08-10 23:45:56 - [TEST_STEP][PASSED] - M4_spin = new groovy.json.JsonSlurper(): null

2019-08-10 23:45:56 - [TEST_STEP][PASSED] - result_M4_spin = M4_spin.parseText(response.getResponseBodyContent()): null

2019-08-10 23:45:56 - [TEST_STEP][PASSED] - M4_spin_current_balance = current_balance: null

2019-08-10 23:45:56 - [TEST_STEP][PASSED] - M4_spin_current_balance = M4_spin_current_balance: null

2019-08-10 23:45:56 - [TEST_STEP][PASSED] - M4_spin_transaction_id = causality: null

2019-08-10 23:45:56 - [TEST_STEP][PASSED] - M4_spin_transaction_id = M4_spin_transaction_id: null

2019-08-10 23:45:56 - [TEST_STEP][PASSED] - M4_spin_round_id = round_id: null

2019-08-10 23:45:56 - [TEST_STEP][PASSED] - M4_spin_round_id = M4_spin_round_id: null

2019-08-10 23:45:56 - [TEST_STEP][PASSED] - M4_spin_line_wins = line_wins: null

2019-08-10 23:45:56 - [TEST_STEP][PASSED] - M4_spin_line_wins = M4_spin_line_wins: null

2019-08-10 23:45:56 - [TEST_STEP][PASSED] - M4_total_bonus_spins_int = total_bonus_spins: null

2019-08-10 23:45:56 - [TEST_STEP][PASSED] - println("******M4_total_bonus_spins type is:*******" + newline + getClass().getName()): null

2019-08-10 23:45:56 - [TEST_STEP][PASSED] - M4_total_bonus_spins_int = M4_total_bonus_spins_int: null

2019-08-10 23:45:56 - [TEST_STEP][PASSED] - M4_total_bonus_spins = Integer.toString(M4_total_bonus_spins_int): null

2019-08-10 23:45:56 - [TEST_STEP][PASSED] - M4_total_bonus_spins = M4_total_bonus_spins: null

2019-08-10 23:45:56 - [TEST_STEP][PASSED] - println("M4_total_bonus_spins is:" + M4_total_bonus_spins): null

2019-08-10 23:45:56 - [TEST_STEP][PASSED] - M4_spin_bonus_data = bonus_data: null

2019-08-10 23:45:56 - [TEST_STEP][PASSED] - M4_spin_features_triggered = result_M4_spin: null

2019-08-10 23:45:56 - [TEST_STEP][PASSED] - wild = []: null

2019-08-10 23:45:56 - [TEST_STEP][PASSED] - wild[0] = "WILD_Expanding": null

2019-08-10 23:45:56 - [TEST_STEP][PASSED] - wild[1] = "WILD_Normal": null

2019-08-10 23:45:56 - [TEST_STEP][PASSED] - wild[2] = "WILD_Double": null

2019-08-10 23:45:56 - [TEST_STEP][PASSED] - wild[3] = "WILD_ExtraFG": null

2019-08-10 23:45:56 - [TEST_STEP][PASSED] - wild[4] = "WILD_Triple": null

2019-08-10 23:45:56 - [TEST_STEP][PASSED] - wildList = Arrays.asList(wild): null

2019-08-10 23:45:56 - [TEST_STEP][PASSED] - wildList = wildList: null

2019-08-10 23:45:56 - [TEST_STEP][PASSED] - free_spin_reel_counter = []: null

2019-08-10 23:45:56 - [TEST_STEP][PASSED] - free_spin_reel_counter[0] = 0: null

2019-08-10 23:45:56 - [TEST_STEP][PASSED] - free_spin_reel_counter[1] = 0: null

2019-08-10 23:45:56 - [TEST_STEP][PASSED] - free_spin_reel_counter[2] = 0: null

2019-08-10 23:45:56 - [TEST_STEP][PASSED] - M4_spin_reels = reels: null

2019-08-10 23:45:56 - [TEST_STEP][PASSED] - for ([i = 0, i &lt; M4_spin_reels.size(), (i++)]): null

2019-08-10 23:45:56 - [TEST_STEP][PASSED] - symbols = symbols: null

2019-08-10 23:45:56 - [TEST_STEP][PASSED] - for ([j = 0, j &lt; symbols.size(), (j++)]): null

2019-08-10 23:45:56 - [TEST_STEP][PASSED] - symbol = symbol: null

2019-08-10 23:45:56 - [TEST_STEP][PASSED] - println(symbol): null

2019-08-10 23:45:56 - [TEST_STEP][PASSED] - if (i == 2 &amp;&amp; wildList.indexOf(symbol) != -1): null

2019-08-10 23:45:56 - [TEST_STEP][PASSED] - if (i == 3 &amp;&amp; wildList.indexOf(symbol) != -1): null

2019-08-10 23:45:56 - [TEST_STEP][PASSED] - if (i == 4 &amp;&amp; wildList.indexOf(symbol) != -1): null

2019-08-10 23:45:56 - [TEST_STEP][PASSED] - symbol = symbol: null

2019-08-10 23:45:56 - [TEST_STEP][PASSED] - println(symbol): null

2019-08-10 23:45:56 - [TEST_STEP][PASSED] - if (i == 2 &amp;&amp; wildList.indexOf(symbol) != -1): null

2019-08-10 23:45:56 - [TEST_STEP][PASSED] - if (i == 3 &amp;&amp; wildList.indexOf(symbol) != -1): null

2019-08-10 23:45:56 - [TEST_STEP][PASSED] - if (i == 4 &amp;&amp; wildList.indexOf(symbol) != -1): null

2019-08-10 23:45:56 - [TEST_STEP][PASSED] - symbol = symbol: null

2019-08-10 23:45:56 - [TEST_STEP][PASSED] - println(symbol): null

2019-08-10 23:45:56 - [TEST_STEP][PASSED] - if (i == 2 &amp;&amp; wildList.indexOf(symbol) != -1): null

2019-08-10 23:45:56 - [TEST_STEP][PASSED] - if (i == 3 &amp;&amp; wildList.indexOf(symbol) != -1): null

2019-08-10 23:45:56 - [TEST_STEP][PASSED] - if (i == 4 &amp;&amp; wildList.indexOf(symbol) != -1): null

2019-08-10 23:45:56 - [TEST_STEP][PASSED] - symbols = symbols: null

2019-08-10 23:45:56 - [TEST_STEP][PASSED] - for ([j = 0, j &lt; symbols.size(), (j++)]): null

2019-08-10 23:45:56 - [TEST_STEP][PASSED] - symbol = symbol: null

2019-08-10 23:45:56 - [TEST_STEP][PASSED] - println(symbol): null

2019-08-10 23:45:56 - [TEST_STEP][PASSED] - if (i == 2 &amp;&amp; wildList.indexOf(symbol) != -1): null

2019-08-10 23:45:56 - [TEST_STEP][PASSED] - if (i == 3 &amp;&amp; wildList.indexOf(symbol) != -1): null

2019-08-10 23:45:56 - [TEST_STEP][PASSED] - if (i == 4 &amp;&amp; wildList.indexOf(symbol) != -1): null

2019-08-10 23:45:56 - [TEST_STEP][PASSED] - symbol = symbol: null

2019-08-10 23:45:56 - [TEST_STEP][PASSED] - println(symbol): null

2019-08-10 23:45:56 - [TEST_STEP][PASSED] - if (i == 2 &amp;&amp; wildList.indexOf(symbol) != -1): null

2019-08-10 23:45:56 - [TEST_STEP][PASSED] - if (i == 3 &amp;&amp; wildList.indexOf(symbol) != -1): null

2019-08-10 23:45:56 - [TEST_STEP][PASSED] - if (i == 4 &amp;&amp; wildList.indexOf(symbol) != -1): null

2019-08-10 23:45:56 - [TEST_STEP][PASSED] - symbol = symbol: null

2019-08-10 23:45:56 - [TEST_STEP][PASSED] - println(symbol): null

2019-08-10 23:45:56 - [TEST_STEP][PASSED] - if (i == 2 &amp;&amp; wildList.indexOf(symbol) != -1): null

2019-08-10 23:45:56 - [TEST_STEP][PASSED] - if (i == 3 &amp;&amp; wildList.indexOf(symbol) != -1): null

2019-08-10 23:45:56 - [TEST_STEP][PASSED] - if (i == 4 &amp;&amp; wildList.indexOf(symbol) != -1): null

2019-08-10 23:45:56 - [TEST_STEP][PASSED] - symbols = symbols: null

2019-08-10 23:45:56 - [TEST_STEP][PASSED] - for ([j = 0, j &lt; symbols.size(), (j++)]): null

2019-08-10 23:45:56 - [TEST_STEP][PASSED] - symbol = symbol: null

2019-08-10 23:45:56 - [TEST_STEP][PASSED] - println(symbol): null

2019-08-10 23:45:56 - [TEST_STEP][PASSED] - if (i == 2 &amp;&amp; wildList.indexOf(symbol) != -1): null

2019-08-10 23:45:56 - [TEST_STEP][PASSED] - if (i == 3 &amp;&amp; wildList.indexOf(symbol) != -1): null

2019-08-10 23:45:56 - [TEST_STEP][PASSED] - if (i == 4 &amp;&amp; wildList.indexOf(symbol) != -1): null

2019-08-10 23:45:56 - [TEST_STEP][PASSED] - symbol = symbol: null

2019-08-10 23:45:56 - [TEST_STEP][PASSED] - println(symbol): null

2019-08-10 23:45:56 - [TEST_STEP][PASSED] - if (i == 2 &amp;&amp; wildList.indexOf(symbol) != -1): null

2019-08-10 23:45:56 - [TEST_STEP][PASSED] - if (i == 3 &amp;&amp; wildList.indexOf(symbol) != -1): null

2019-08-10 23:45:56 - [TEST_STEP][PASSED] - if (i == 4 &amp;&amp; wildList.indexOf(symbol) != -1): null

2019-08-10 23:45:56 - [TEST_STEP][PASSED] - symbol = symbol: null

2019-08-10 23:45:56 - [TEST_STEP][PASSED] - println(symbol): null

2019-08-10 23:45:56 - [TEST_STEP][PASSED] - if (i == 2 &amp;&amp; wildList.indexOf(symbol) != -1): null

2019-08-10 23:45:56 - [TEST_STEP][PASSED] - if (i == 3 &amp;&amp; wildList.indexOf(symbol) != -1): null

2019-08-10 23:45:56 - [TEST_STEP][PASSED] - if (i == 4 &amp;&amp; wildList.indexOf(symbol) != -1): null

2019-08-10 23:45:56 - [TEST_STEP][PASSED] - symbols = symbols: null

2019-08-10 23:45:56 - [TEST_STEP][PASSED] - for ([j = 0, j &lt; symbols.size(), (j++)]): null

2019-08-10 23:45:56 - [TEST_STEP][PASSED] - symbol = symbol: null

2019-08-10 23:45:56 - [TEST_STEP][PASSED] - println(symbol): null

2019-08-10 23:45:56 - [TEST_STEP][PASSED] - if (i == 2 &amp;&amp; wildList.indexOf(symbol) != -1): null

2019-08-10 23:45:56 - [TEST_STEP][PASSED] - if (i == 3 &amp;&amp; wildList.indexOf(symbol) != -1): null

2019-08-10 23:45:56 - [TEST_STEP][PASSED] - if (i == 4 &amp;&amp; wildList.indexOf(symbol) != -1): null

2019-08-10 23:45:56 - [TEST_STEP][PASSED] - symbol = symbol: null

2019-08-10 23:45:56 - [TEST_STEP][PASSED] - println(symbol): null

2019-08-10 23:45:56 - [TEST_STEP][PASSED] - if (i == 2 &amp;&amp; wildList.indexOf(symbol) != -1): null

2019-08-10 23:45:56 - [TEST_STEP][PASSED] - if (i == 3 &amp;&amp; wildList.indexOf(symbol) != -1): null

2019-08-10 23:45:56 - [TEST_STEP][PASSED] - if (i == 4 &amp;&amp; wildList.indexOf(symbol) != -1): null

2019-08-10 23:45:56 - [TEST_STEP][PASSED] - symbol = symbol: null

2019-08-10 23:45:56 - [TEST_STEP][PASSED] - println(symbol): null

2019-08-10 23:45:56 - [TEST_STEP][PASSED] - if (i == 2 &amp;&amp; wildList.indexOf(symbol) != -1): null

2019-08-10 23:45:56 - [TEST_STEP][PASSED] - if (i == 3 &amp;&amp; wildList.indexOf(symbol) != -1): null

2019-08-10 23:45:56 - [TEST_STEP][PASSED] - if (i == 4 &amp;&amp; wildList.indexOf(symbol) != -1): null

2019-08-10 23:45:56 - [TEST_STEP][PASSED] - symbols = symbols: null

2019-08-10 23:45:56 - [TEST_STEP][PASSED] - for ([j = 0, j &lt; symbols.size(), (j++)]): null

2019-08-10 23:45:56 - [TEST_STEP][PASSED] - symbol = symbol: null

2019-08-10 23:45:56 - [TEST_STEP][PASSED] - println(symbol): null

2019-08-10 23:45:56 - [TEST_STEP][PASSED] - if (i == 2 &amp;&amp; wildList.indexOf(symbol) != -1): null

2019-08-10 23:45:56 - [TEST_STEP][PASSED] - if (i == 3 &amp;&amp; wildList.indexOf(symbol) != -1): null

2019-08-10 23:45:56 - [TEST_STEP][PASSED] - if (i == 4 &amp;&amp; wildList.indexOf(symbol) != -1): null

2019-08-10 23:45:56 - [TEST_STEP][PASSED] - symbol = symbol: null

2019-08-10 23:45:56 - [TEST_STEP][PASSED] - println(symbol): null

2019-08-10 23:45:56 - [TEST_STEP][PASSED] - if (i == 2 &amp;&amp; wildList.indexOf(symbol) != -1): null

2019-08-10 23:45:56 - [TEST_STEP][PASSED] - if (i == 3 &amp;&amp; wildList.indexOf(symbol) != -1): null

2019-08-10 23:45:56 - [TEST_STEP][PASSED] - if (i == 4 &amp;&amp; wildList.indexOf(symbol) != -1): null

2019-08-10 23:45:56 - [TEST_STEP][PASSED] - println("wild found on reel 5, adding counter by 1"): null

2019-08-10 23:45:56 - [TEST_STEP][PASSED] - free_spin_reel_counter[2] = free_spin_reel_counter[2] + 1: null

2019-08-10 23:45:56 - [TEST_STEP][PASSED] - symbol = symbol: null

2019-08-10 23:45:56 - [TEST_STEP][PASSED] - println(symbol): null

2019-08-10 23:45:56 - [TEST_STEP][PASSED] - if (i == 2 &amp;&amp; wildList.indexOf(symbol) != -1): null

2019-08-10 23:45:56 - [TEST_STEP][PASSED] - if (i == 3 &amp;&amp; wildList.indexOf(symbol) != -1): null

2019-08-10 23:45:56 - [TEST_STEP][PASSED] - if (i == 4 &amp;&amp; wildList.indexOf(symbol) != -1): null

2019-08-10 23:45:56 - [TEST_STEP][PASSED] - free_spin_reel_counter = free_spin_reel_counter: null

2019-08-10 23:45:56 - [TEST_STEP][PASSED] - println("reel 3 wild found: " + free_spin_reel_counter[0]): null

2019-08-10 23:45:56 - [TEST_STEP][PASSED] - println("reel 4 wild found: " + free_spin_reel_counter[1]): null

2019-08-10 23:45:56 - [TEST_STEP][PASSED] - println("reel 5 wild found: " + free_spin_reel_counter[2]): null

2019-08-10 23:45:56 - [TEST_STEP][PASSED] - M4_spin_reels = M4_spin_reels: null

2019-08-10 23:45:56 - [TEST_STEP][PASSED] - M4_spin_reels_symbols = symbol: null

2019-08-10 23:45:56 - [TEST_STEP][PASSED] - M4_spin_reels_symbols = M4_spin_reels_symbols: null

2019-08-10 23:45:56 - [TEST_STEP][PASSED] - M4_spin_reel_wins = reel_wins: null

2019-08-10 23:45:56 - [TEST_STEP][PASSED] - M4_spin_reel_wins = M4_spin_reel_wins: null

2019-08-10 23:45:56 - [TEST_STEP][PASSED] - println("GlobalVariable.M4_spin_reel_wins is: " + M4_spin_reel_wins): null

2019-08-10 23:45:56 - [TEST_STEP][PASSED] - M4_spin_total_bonus_win_this_round = total_bonus_win_this_round: null

2019-08-10 23:45:56 - [TEST_STEP][PASSED] - M4_spin_total_bonus_win_this_round = M4_spin_total_bonus_win_this_round: null

2019-08-10 23:45:56 - [TEST_STEP][PASSED] - println("GlobalVariable.M4_spin_total_bonus_win_this_round is: " + M4_spin_total_bonus_win_this_round): null

2019-08-10 23:45:56 - [MESSAGE][PASSED] - Verify response successfully

2019-08-10 23:45:56 - [MESSAGE][PASSED] - Send request and verify the response successfully

2019-08-10 23:45:56 - [TEST_STEP][PASSED] - if (M4_total_bonus_spins_int != 0 &amp;&amp; M4_spin_reels_symbols[2].contains("WILD_ExtraFG") || M4_spin_reels_symbols[3].contains("WILD_ExtraFG")): null

2019-08-10 23:45:56 - [TEST_STEP][PASSED] - free_spin_reel_counter = free_spin_reel_counter: null

2019-08-10 23:45:56 - [TEST_STEP][PASSED] - M4_spin_reels_symbols = M4_spin_reels_symbols: null

2019-08-10 23:46:00 - [TEST_STEP][PASSED] - M4_total_bonus_spins = M4_total_bonus_spins: null

2019-08-10 23:46:00 - [TEST_STEP][PASSED] - spin_result = sendRequestAndVerify(findTestObject("RGS(M4)/1_M4_spin", ["M4_login_user_id":M4_login_user_id, "rgs_session_token":rgs_session_token, "partner":Partner])): Send request and verify the response successfully

2019-08-10 23:46:00 - [TEST_CASE][PASSED] - Start Test Case : Verification: Verification accomplished successfully

2019-08-10 23:46:00 - [TEST_STEP][PASSED] - request = getInstance().getCurrentRequest(): null

2019-08-10 23:46:00 - [TEST_STEP][PASSED] - response = getInstance().getCurrentResponse(): null

2019-08-10 23:46:00 - [TEST_STEP][PASSED] - verifyResponseStatusCode(response, 200): Verify response status code successfully

2019-08-10 23:46:00 - [MESSAGE][PASSED] - Verify response status code successfully

2019-08-10 23:46:00 - [TEST_STEP][PASSED] - getStatusCode()).isEqualTo(200): null

2019-08-10 23:46:00 - [TEST_STEP][PASSED] - newline = System.getProperty("line.separator"): null

2019-08-10 23:46:00 - [TEST_STEP][PASSED] - M4_spin = new groovy.json.JsonSlurper(): null

2019-08-10 23:46:00 - [TEST_STEP][PASSED] - result_M4_spin = M4_spin.parseText(response.getResponseBodyContent()): null

2019-08-10 23:46:00 - [TEST_STEP][PASSED] - M4_spin_current_balance = current_balance: null

2019-08-10 23:46:05 - [TEST_STEP][PASSED] - M4_spin_current_balance = M4_spin_current_balance: null

2019-08-10 23:46:05 - [TEST_STEP][PASSED] - M4_spin_transaction_id = causality: null

2019-08-10 23:46:05 - [TEST_STEP][PASSED] - M4_spin_transaction_id = M4_spin_transaction_id: null

2019-08-10 23:46:05 - [TEST_STEP][PASSED] - M4_spin_round_id = round_id: null

2019-08-10 23:46:05 - [TEST_STEP][PASSED] - M4_spin_round_id = M4_spin_round_id: null

2019-08-10 23:46:11 - [TEST_STEP][PASSED] - M4_spin_line_wins = line_wins: null

2019-08-10 23:46:11 - [TEST_STEP][PASSED] - M4_spin_line_wins = M4_spin_line_wins: null

2019-08-10 23:46:11 - [TEST_STEP][PASSED] - M4_total_bonus_spins_int = total_bonus_spins: null

2019-08-10 23:46:11 - [TEST_STEP][PASSED] - println("******M4_total_bonus_spins type is:*******" + newline + getClass().getName()): null

2019-08-10 23:46:11 - [TEST_STEP][PASSED] - M4_total_bonus_spins_int = M4_total_bonus_spins_int: null

2019-08-10 23:46:11 - [TEST_STEP][PASSED] - M4_total_bonus_spins = Integer.toString(M4_total_bonus_spins_int): null

2019-08-10 23:46:11 - [TEST_STEP][PASSED] - M4_total_bonus_spins = M4_total_bonus_spins: null

2019-08-10 23:46:11 - [TEST_STEP][PASSED] - println("M4_total_bonus_spins is:" + M4_total_bonus_spins): null

2019-08-10 23:46:11 - [TEST_STEP][PASSED] - M4_spin_bonus_data = bonus_data: null

2019-08-10 23:46:11 - [TEST_STEP][PASSED] - M4_spin_features_triggered = result_M4_spin: null

2019-08-10 23:46:11 - [TEST_STEP][PASSED] - wild = []: null

2019-08-10 23:46:11 - [TEST_STEP][PASSED] - wild[0] = "WILD_Expanding": null

2019-08-10 23:46:11 - [TEST_STEP][PASSED] - wild[1] = "WILD_Normal": null

2019-08-10 23:46:11 - [TEST_STEP][PASSED] - wild[2] = "WILD_Double": null

2019-08-10 23:46:11 - [TEST_STEP][PASSED] - wild[3] = "WILD_ExtraFG": null

2019-08-10 23:46:11 - [TEST_STEP][PASSED] - wild[4] = "WILD_Triple": null

2019-08-10 23:46:11 - [TEST_STEP][PASSED] - wildList = Arrays.asList(wild): null

2019-08-10 23:46:11 - [TEST_STEP][PASSED] - wildList = wildList: null

2019-08-10 23:46:11 - [TEST_STEP][PASSED] - free_spin_reel_counter = []: null

2019-08-10 23:46:11 - [TEST_STEP][PASSED] - free_spin_reel_counter[0] = 0: null

2019-08-10 23:46:11 - [TEST_STEP][PASSED] - free_spin_reel_counter[1] = 0: null

2019-08-10 23:46:11 - [TEST_STEP][PASSED] - free_spin_reel_counter[2] = 0: null

2019-08-10 23:46:11 - [TEST_STEP][PASSED] - M4_spin_reels = reels: null

2019-08-10 23:46:11 - [TEST_STEP][PASSED] - for ([i = 0, i &lt; M4_spin_reels.size(), (i++)]): null

2019-08-10 23:46:11 - [TEST_STEP][PASSED] - symbols = symbols: null

2019-08-10 23:46:11 - [TEST_STEP][PASSED] - for ([j = 0, j &lt; symbols.size(), (j++)]): null

2019-08-10 23:46:11 - [TEST_STEP][PASSED] - symbol = symbol: null

2019-08-10 23:46:11 - [TEST_STEP][PASSED] - println(symbol): null

2019-08-10 23:46:11 - [TEST_STEP][PASSED] - if (i == 2 &amp;&amp; wildList.indexOf(symbol) != -1): null

2019-08-10 23:46:11 - [TEST_STEP][PASSED] - if (i == 3 &amp;&amp; wildList.indexOf(symbol) != -1): null

2019-08-10 23:46:11 - [TEST_STEP][PASSED] - if (i == 4 &amp;&amp; wildList.indexOf(symbol) != -1): null

2019-08-10 23:46:11 - [TEST_STEP][PASSED] - symbol = symbol: null

2019-08-10 23:46:11 - [TEST_STEP][PASSED] - println(symbol): null

2019-08-10 23:46:11 - [TEST_STEP][PASSED] - if (i == 2 &amp;&amp; wildList.indexOf(symbol) != -1): null

2019-08-10 23:46:11 - [TEST_STEP][PASSED] - if (i == 3 &amp;&amp; wildList.indexOf(symbol) != -1): null

2019-08-10 23:46:11 - [TEST_STEP][PASSED] - if (i == 4 &amp;&amp; wildList.indexOf(symbol) != -1): null

2019-08-10 23:46:11 - [TEST_STEP][PASSED] - symbol = symbol: null

2019-08-10 23:46:11 - [TEST_STEP][PASSED] - println(symbol): null

2019-08-10 23:46:11 - [TEST_STEP][PASSED] - if (i == 2 &amp;&amp; wildList.indexOf(symbol) != -1): null

2019-08-10 23:46:11 - [TEST_STEP][PASSED] - if (i == 3 &amp;&amp; wildList.indexOf(symbol) != -1): null

2019-08-10 23:46:11 - [TEST_STEP][PASSED] - if (i == 4 &amp;&amp; wildList.indexOf(symbol) != -1): null

2019-08-10 23:46:11 - [TEST_STEP][PASSED] - symbols = symbols: null

2019-08-10 23:46:11 - [TEST_STEP][PASSED] - for ([j = 0, j &lt; symbols.size(), (j++)]): null

2019-08-10 23:46:11 - [TEST_STEP][PASSED] - symbol = symbol: null

2019-08-10 23:46:11 - [TEST_STEP][PASSED] - println(symbol): null

2019-08-10 23:46:11 - [TEST_STEP][PASSED] - if (i == 2 &amp;&amp; wildList.indexOf(symbol) != -1): null

2019-08-10 23:46:11 - [TEST_STEP][PASSED] - if (i == 3 &amp;&amp; wildList.indexOf(symbol) != -1): null

2019-08-10 23:46:11 - [TEST_STEP][PASSED] - if (i == 4 &amp;&amp; wildList.indexOf(symbol) != -1): null

2019-08-10 23:46:11 - [TEST_STEP][PASSED] - symbol = symbol: null

2019-08-10 23:46:11 - [TEST_STEP][PASSED] - println(symbol): null

2019-08-10 23:46:11 - [TEST_STEP][PASSED] - if (i == 2 &amp;&amp; wildList.indexOf(symbol) != -1): null

2019-08-10 23:46:11 - [TEST_STEP][PASSED] - if (i == 3 &amp;&amp; wildList.indexOf(symbol) != -1): null

2019-08-10 23:46:11 - [TEST_STEP][PASSED] - if (i == 4 &amp;&amp; wildList.indexOf(symbol) != -1): null

2019-08-10 23:46:11 - [TEST_STEP][PASSED] - symbol = symbol: null

2019-08-10 23:46:11 - [TEST_STEP][PASSED] - println(symbol): null

2019-08-10 23:46:11 - [TEST_STEP][PASSED] - if (i == 2 &amp;&amp; wildList.indexOf(symbol) != -1): null

2019-08-10 23:46:11 - [TEST_STEP][PASSED] - if (i == 3 &amp;&amp; wildList.indexOf(symbol) != -1): null

2019-08-10 23:46:11 - [TEST_STEP][PASSED] - if (i == 4 &amp;&amp; wildList.indexOf(symbol) != -1): null

2019-08-10 23:46:11 - [TEST_STEP][PASSED] - symbols = symbols: null

2019-08-10 23:46:11 - [TEST_STEP][PASSED] - for ([j = 0, j &lt; symbols.size(), (j++)]): null

2019-08-10 23:46:11 - [TEST_STEP][PASSED] - symbol = symbol: null

2019-08-10 23:46:11 - [TEST_STEP][PASSED] - println(symbol): null

2019-08-10 23:46:11 - [TEST_STEP][PASSED] - if (i == 2 &amp;&amp; wildList.indexOf(symbol) != -1): null

2019-08-10 23:46:11 - [TEST_STEP][PASSED] - println("wild found on reel 3, adding counter by 1"): null

2019-08-10 23:46:11 - [TEST_STEP][PASSED] - free_spin_reel_counter[0] = free_spin_reel_counter[0] + 1: null

2019-08-10 23:46:11 - [TEST_STEP][PASSED] - if (i == 3 &amp;&amp; wildList.indexOf(symbol) != -1): null

2019-08-10 23:46:11 - [TEST_STEP][PASSED] - if (i == 4 &amp;&amp; wildList.indexOf(symbol) != -1): null

2019-08-10 23:46:11 - [TEST_STEP][PASSED] - symbol = symbol: null

2019-08-10 23:46:11 - [TEST_STEP][PASSED] - println(symbol): null

2019-08-10 23:46:11 - [TEST_STEP][PASSED] - if (i == 2 &amp;&amp; wildList.indexOf(symbol) != -1): null

2019-08-10 23:46:11 - [TEST_STEP][PASSED] - if (i == 3 &amp;&amp; wildList.indexOf(symbol) != -1): null

2019-08-10 23:46:11 - [TEST_STEP][PASSED] - if (i == 4 &amp;&amp; wildList.indexOf(symbol) != -1): null

2019-08-10 23:46:11 - [TEST_STEP][PASSED] - symbol = symbol: null

2019-08-10 23:46:11 - [TEST_STEP][PASSED] - println(symbol): null

2019-08-10 23:46:11 - [TEST_STEP][PASSED] - if (i == 2 &amp;&amp; wildList.indexOf(symbol) != -1): null

2019-08-10 23:46:11 - [TEST_STEP][PASSED] - if (i == 3 &amp;&amp; wildList.indexOf(symbol) != -1): null

2019-08-10 23:46:11 - [TEST_STEP][PASSED] - if (i == 4 &amp;&amp; wildList.indexOf(symbol) != -1): null

2019-08-10 23:46:11 - [TEST_STEP][PASSED] - symbols = symbols: null

2019-08-10 23:46:11 - [TEST_STEP][PASSED] - for ([j = 0, j &lt; symbols.size(), (j++)]): null

2019-08-10 23:46:11 - [TEST_STEP][PASSED] - symbol = symbol: null

2019-08-10 23:46:11 - [TEST_STEP][PASSED] - println(symbol): null

2019-08-10 23:46:11 - [TEST_STEP][PASSED] - if (i == 2 &amp;&amp; wildList.indexOf(symbol) != -1): null

2019-08-10 23:46:11 - [TEST_STEP][PASSED] - if (i == 3 &amp;&amp; wildList.indexOf(symbol) != -1): null

2019-08-10 23:46:11 - [TEST_STEP][PASSED] - if (i == 4 &amp;&amp; wildList.indexOf(symbol) != -1): null

2019-08-10 23:46:11 - [TEST_STEP][PASSED] - symbol = symbol: null

2019-08-10 23:46:11 - [TEST_STEP][PASSED] - println(symbol): null

2019-08-10 23:46:11 - [TEST_STEP][PASSED] - if (i == 2 &amp;&amp; wildList.indexOf(symbol) != -1): null

2019-08-10 23:46:11 - [TEST_STEP][PASSED] - if (i == 3 &amp;&amp; wildList.indexOf(symbol) != -1): null

2019-08-10 23:46:11 - [TEST_STEP][PASSED] - if (i == 4 &amp;&amp; wildList.indexOf(symbol) != -1): null

2019-08-10 23:46:11 - [TEST_STEP][PASSED] - symbol = symbol: null

2019-08-10 23:46:11 - [TEST_STEP][PASSED] - println(symbol): null

2019-08-10 23:46:11 - [TEST_STEP][PASSED] - if (i == 2 &amp;&amp; wildList.indexOf(symbol) != -1): null

2019-08-10 23:46:11 - [TEST_STEP][PASSED] - if (i == 3 &amp;&amp; wildList.indexOf(symbol) != -1): null

2019-08-10 23:46:11 - [TEST_STEP][PASSED] - if (i == 4 &amp;&amp; wildList.indexOf(symbol) != -1): null

2019-08-10 23:46:11 - [TEST_STEP][PASSED] - symbols = symbols: null

2019-08-10 23:46:11 - [TEST_STEP][PASSED] - for ([j = 0, j &lt; symbols.size(), (j++)]): null

2019-08-10 23:46:11 - [TEST_STEP][PASSED] - symbol = symbol: null

2019-08-10 23:46:11 - [TEST_STEP][PASSED] - println(symbol): null

2019-08-10 23:46:11 - [TEST_STEP][PASSED] - if (i == 2 &amp;&amp; wildList.indexOf(symbol) != -1): null

2019-08-10 23:46:11 - [TEST_STEP][PASSED] - if (i == 3 &amp;&amp; wildList.indexOf(symbol) != -1): null

2019-08-10 23:46:11 - [TEST_STEP][PASSED] - if (i == 4 &amp;&amp; wildList.indexOf(symbol) != -1): null

2019-08-10 23:46:11 - [TEST_STEP][PASSED] - symbol = symbol: null

2019-08-10 23:46:11 - [TEST_STEP][PASSED] - println(symbol): null

2019-08-10 23:46:11 - [TEST_STEP][PASSED] - if (i == 2 &amp;&amp; wildList.indexOf(symbol) != -1): null

2019-08-10 23:46:11 - [TEST_STEP][PASSED] - if (i == 3 &amp;&amp; wildList.indexOf(symbol) != -1): null

2019-08-10 23:46:11 - [TEST_STEP][PASSED] - if (i == 4 &amp;&amp; wildList.indexOf(symbol) != -1): null

2019-08-10 23:46:11 - [TEST_STEP][PASSED] - symbol = symbol: null

2019-08-10 23:46:11 - [TEST_STEP][PASSED] - println(symbol): null

2019-08-10 23:46:11 - [TEST_STEP][PASSED] - if (i == 2 &amp;&amp; wildList.indexOf(symbol) != -1): null

2019-08-10 23:46:11 - [TEST_STEP][PASSED] - if (i == 3 &amp;&amp; wildList.indexOf(symbol) != -1): null

2019-08-10 23:46:11 - [TEST_STEP][PASSED] - if (i == 4 &amp;&amp; wildList.indexOf(symbol) != -1): null

2019-08-10 23:46:11 - [TEST_STEP][PASSED] - free_spin_reel_counter = free_spin_reel_counter: null

2019-08-10 23:46:11 - [TEST_STEP][PASSED] - println("reel 3 wild found: " + free_spin_reel_counter[0]): null

2019-08-10 23:46:11 - [TEST_STEP][PASSED] - println("reel 4 wild found: " + free_spin_reel_counter[1]): null

2019-08-10 23:46:11 - [TEST_STEP][PASSED] - println("reel 5 wild found: " + free_spin_reel_counter[2]): null

2019-08-10 23:46:11 - [TEST_STEP][PASSED] - M4_spin_reels = M4_spin_reels: null

2019-08-10 23:46:11 - [TEST_STEP][PASSED] - M4_spin_reels_symbols = symbol: null

2019-08-10 23:46:11 - [TEST_STEP][PASSED] - M4_spin_reels_symbols = M4_spin_reels_symbols: null

2019-08-10 23:46:11 - [TEST_STEP][PASSED] - M4_spin_reel_wins = reel_wins: null

2019-08-10 23:46:11 - [TEST_STEP][PASSED] - M4_spin_reel_wins = M4_spin_reel_wins: null

2019-08-10 23:46:11 - [TEST_STEP][PASSED] - println("GlobalVariable.M4_spin_reel_wins is: " + M4_spin_reel_wins): null

2019-08-10 23:46:11 - [TEST_STEP][PASSED] - M4_spin_total_bonus_win_this_round = total_bonus_win_this_round: null

2019-08-10 23:46:11 - [TEST_STEP][PASSED] - M4_spin_total_bonus_win_this_round = M4_spin_total_bonus_win_this_round: null

2019-08-10 23:46:11 - [TEST_STEP][PASSED] - println("GlobalVariable.M4_spin_total_bonus_win_this_round is: " + M4_spin_total_bonus_win_this_round): null

2019-08-10 23:46:11 - [MESSAGE][PASSED] - Verify response successfully

2019-08-10 23:46:11 - [MESSAGE][PASSED] - Send request and verify the response successfully

2019-08-10 23:46:11 - [TEST_STEP][PASSED] - if (M4_total_bonus_spins_int != 0 &amp;&amp; M4_spin_reels_symbols[2].contains("WILD_ExtraFG") || M4_spin_reels_symbols[3].contains("WILD_ExtraFG")): null

2019-08-10 23:46:11 - [TEST_STEP][PASSED] - free_spin_reel_counter = free_spin_reel_counter: null

2019-08-10 23:46:11 - [TEST_STEP][PASSED] - M4_spin_reels_symbols = M4_spin_reels_symbols: null

2019-08-10 23:46:11 - [TEST_STEP][PASSED] - M4_total_bonus_spins = M4_total_bonus_spins: null

2019-08-10 23:46:11 - [TEST_STEP][PASSED] - spin_result = sendRequestAndVerify(findTestObject("RGS(M4)/1_M4_spin", ["M4_login_user_id":M4_login_user_id, "rgs_session_token":rgs_session_token, "partner":Partner])): Send request and verify the response successfully

2019-08-10 23:46:11 - [TEST_CASE][PASSED] - Start Test Case : Verification: Verification accomplished successfully

2019-08-10 23:46:11 - [TEST_STEP][PASSED] - request = getInstance().getCurrentRequest(): null

2019-08-10 23:46:11 - [TEST_STEP][PASSED] - response = getInstance().getCurrentResponse(): null

2019-08-10 23:46:11 - [TEST_STEP][PASSED] - verifyResponseStatusCode(response, 200): Verify response status code successfully

2019-08-10 23:46:11 - [MESSAGE][PASSED] - Verify response status code successfully

2019-08-10 23:46:11 - [TEST_STEP][PASSED] - getStatusCode()).isEqualTo(200): null

2019-08-10 23:46:11 - [TEST_STEP][PASSED] - newline = System.getProperty("line.separator"): null

2019-08-10 23:46:11 - [TEST_STEP][PASSED] - M4_spin = new groovy.json.JsonSlurper(): null

2019-08-10 23:46:11 - [TEST_STEP][PASSED] - result_M4_spin = M4_spin.parseText(response.getResponseBodyContent()): null

2019-08-10 23:46:11 - [TEST_STEP][PASSED] - M4_spin_current_balance = current_balance: null

2019-08-10 23:46:11 - [TEST_STEP][PASSED] - M4_spin_current_balance = M4_spin_current_balance: null

2019-08-10 23:46:11 - [TEST_STEP][PASSED] - M4_spin_transaction_id = causality: null

2019-08-10 23:46:11 - [TEST_STEP][PASSED] - M4_spin_transaction_id = M4_spin_transaction_id: null

2019-08-10 23:46:11 - [TEST_STEP][PASSED] - M4_spin_round_id = round_id: null

2019-08-10 23:46:11 - [TEST_STEP][PASSED] - M4_spin_round_id = M4_spin_round_id: null

2019-08-10 23:46:11 - [TEST_STEP][PASSED] - M4_spin_line_wins = line_wins: null

2019-08-10 23:46:11 - [TEST_STEP][PASSED] - M4_spin_line_wins = M4_spin_line_wins: null

2019-08-10 23:46:11 - [TEST_STEP][PASSED] - M4_total_bonus_spins_int = total_bonus_spins: null

2019-08-10 23:46:11 - [TEST_STEP][PASSED] - println("******M4_total_bonus_spins type is:*******" + newline + getClass().getName()): null

2019-08-10 23:46:11 - [TEST_STEP][PASSED] - M4_total_bonus_spins_int = M4_total_bonus_spins_int: null

2019-08-10 23:46:11 - [TEST_STEP][PASSED] - M4_total_bonus_spins = Integer.toString(M4_total_bonus_spins_int): null

2019-08-10 23:46:11 - [TEST_STEP][PASSED] - M4_total_bonus_spins = M4_total_bonus_spins: null

2019-08-10 23:46:11 - [TEST_STEP][PASSED] - println("M4_total_bonus_spins is:" + M4_total_bonus_spins): null

2019-08-10 23:46:11 - [TEST_STEP][PASSED] - M4_spin_bonus_data = bonus_data: null

2019-08-10 23:46:11 - [TEST_STEP][PASSED] - M4_spin_features_triggered = result_M4_spin: null

2019-08-10 23:46:11 - [TEST_STEP][PASSED] - wild = []: null

2019-08-10 23:46:11 - [TEST_STEP][PASSED] - wild[0] = "WILD_Expanding": null

2019-08-10 23:46:11 - [TEST_STEP][PASSED] - wild[1] = "WILD_Normal": null

2019-08-10 23:46:11 - [TEST_STEP][PASSED] - wild[2] = "WILD_Double": null

2019-08-10 23:46:11 - [TEST_STEP][PASSED] - wild[3] = "WILD_ExtraFG": null

2019-08-10 23:46:11 - [TEST_STEP][PASSED] - wild[4] = "WILD_Triple": null

2019-08-10 23:46:11 - [TEST_STEP][PASSED] - wildList = Arrays.asList(wild): null

2019-08-10 23:46:11 - [TEST_STEP][PASSED] - wildList = wildList: null

2019-08-10 23:46:11 - [TEST_STEP][PASSED] - free_spin_reel_counter = []: null

2019-08-10 23:46:11 - [TEST_STEP][PASSED] - free_spin_reel_counter[0] = 0: null

2019-08-10 23:46:11 - [TEST_STEP][PASSED] - free_spin_reel_counter[1] = 0: null

2019-08-10 23:46:11 - [TEST_STEP][PASSED] - free_spin_reel_counter[2] = 0: null

2019-08-10 23:46:11 - [TEST_STEP][PASSED] - M4_spin_reels = reels: null

2019-08-10 23:46:11 - [TEST_STEP][PASSED] - for ([i = 0, i &lt; M4_spin_reels.size(), (i++)]): null

2019-08-10 23:46:11 - [TEST_STEP][PASSED] - symbols = symbols: null

2019-08-10 23:46:11 - [TEST_STEP][PASSED] - for ([j = 0, j &lt; symbols.size(), (j++)]): null

2019-08-10 23:46:11 - [TEST_STEP][PASSED] - symbol = symbol: null

2019-08-10 23:46:11 - [TEST_STEP][PASSED] - println(symbol): null

2019-08-10 23:46:11 - [TEST_STEP][PASSED] - if (i == 2 &amp;&amp; wildList.indexOf(symbol) != -1): null

2019-08-10 23:46:11 - [TEST_STEP][PASSED] - if (i == 3 &amp;&amp; wildList.indexOf(symbol) != -1): null

2019-08-10 23:46:11 - [TEST_STEP][PASSED] - if (i == 4 &amp;&amp; wildList.indexOf(symbol) != -1): null

2019-08-10 23:46:11 - [TEST_STEP][PASSED] - symbol = symbol: null

2019-08-10 23:46:11 - [TEST_STEP][PASSED] - println(symbol): null

2019-08-10 23:46:11 - [TEST_STEP][PASSED] - if (i == 2 &amp;&amp; wildList.indexOf(symbol) != -1): null

2019-08-10 23:46:11 - [TEST_STEP][PASSED] - if (i == 3 &amp;&amp; wildList.indexOf(symbol) != -1): null

2019-08-10 23:46:11 - [TEST_STEP][PASSED] - if (i == 4 &amp;&amp; wildList.indexOf(symbol) != -1): null

2019-08-10 23:46:11 - [TEST_STEP][PASSED] - symbol = symbol: null

2019-08-10 23:46:11 - [TEST_STEP][PASSED] - println(symbol): null

2019-08-10 23:46:11 - [TEST_STEP][PASSED] - if (i == 2 &amp;&amp; wildList.indexOf(symbol) != -1): null

2019-08-10 23:46:11 - [TEST_STEP][PASSED] - if (i == 3 &amp;&amp; wildList.indexOf(symbol) != -1): null

2019-08-10 23:46:11 - [TEST_STEP][PASSED] - if (i == 4 &amp;&amp; wildList.indexOf(symbol) != -1): null

2019-08-10 23:46:11 - [TEST_STEP][PASSED] - symbols = symbols: null

2019-08-10 23:46:11 - [TEST_STEP][PASSED] - for ([j = 0, j &lt; symbols.size(), (j++)]): null

2019-08-10 23:46:11 - [TEST_STEP][PASSED] - symbol = symbol: null

2019-08-10 23:46:11 - [TEST_STEP][PASSED] - println(symbol): null

2019-08-10 23:46:11 - [TEST_STEP][PASSED] - if (i == 2 &amp;&amp; wildList.indexOf(symbol) != -1): null

2019-08-10 23:46:11 - [TEST_STEP][PASSED] - if (i == 3 &amp;&amp; wildList.indexOf(symbol) != -1): null

2019-08-10 23:46:11 - [TEST_STEP][PASSED] - if (i == 4 &amp;&amp; wildList.indexOf(symbol) != -1): null

2019-08-10 23:46:11 - [TEST_STEP][PASSED] - symbol = symbol: null

2019-08-10 23:46:11 - [TEST_STEP][PASSED] - println(symbol): null

2019-08-10 23:46:11 - [TEST_STEP][PASSED] - if (i == 2 &amp;&amp; wildList.indexOf(symbol) != -1): null

2019-08-10 23:46:11 - [TEST_STEP][PASSED] - if (i == 3 &amp;&amp; wildList.indexOf(symbol) != -1): null

2019-08-10 23:46:11 - [TEST_STEP][PASSED] - if (i == 4 &amp;&amp; wildList.indexOf(symbol) != -1): null

2019-08-10 23:46:11 - [TEST_STEP][PASSED] - symbol = symbol: null

2019-08-10 23:46:11 - [TEST_STEP][PASSED] - println(symbol): null

2019-08-10 23:46:11 - [TEST_STEP][PASSED] - if (i == 2 &amp;&amp; wildList.indexOf(symbol) != -1): null

2019-08-10 23:46:11 - [TEST_STEP][PASSED] - if (i == 3 &amp;&amp; wildList.indexOf(symbol) != -1): null

2019-08-10 23:46:11 - [TEST_STEP][PASSED] - if (i == 4 &amp;&amp; wildList.indexOf(symbol) != -1): null

2019-08-10 23:46:11 - [TEST_STEP][PASSED] - symbols = symbols: null

2019-08-10 23:46:11 - [TEST_STEP][PASSED] - for ([j = 0, j &lt; symbols.size(), (j++)]): null

2019-08-10 23:46:11 - [TEST_STEP][PASSED] - symbol = symbol: null

2019-08-10 23:46:11 - [TEST_STEP][PASSED] - println(symbol): null

2019-08-10 23:46:11 - [TEST_STEP][PASSED] - if (i == 2 &amp;&amp; wildList.indexOf(symbol) != -1): null

2019-08-10 23:46:11 - [TEST_STEP][PASSED] - if (i == 3 &amp;&amp; wildList.indexOf(symbol) != -1): null

2019-08-10 23:46:11 - [TEST_STEP][PASSED] - if (i == 4 &amp;&amp; wildList.indexOf(symbol) != -1): null

2019-08-10 23:46:11 - [TEST_STEP][PASSED] - symbol = symbol: null

2019-08-10 23:46:11 - [TEST_STEP][PASSED] - println(symbol): null

2019-08-10 23:46:11 - [TEST_STEP][PASSED] - if (i == 2 &amp;&amp; wildList.indexOf(symbol) != -1): null

2019-08-10 23:46:11 - [TEST_STEP][PASSED] - if (i == 3 &amp;&amp; wildList.indexOf(symbol) != -1): null

2019-08-10 23:46:11 - [TEST_STEP][PASSED] - if (i == 4 &amp;&amp; wildList.indexOf(symbol) != -1): null

2019-08-10 23:46:11 - [TEST_STEP][PASSED] - symbol = symbol: null

2019-08-10 23:46:11 - [TEST_STEP][PASSED] - println(symbol): null

2019-08-10 23:46:11 - [TEST_STEP][PASSED] - if (i == 2 &amp;&amp; wildList.indexOf(symbol) != -1): null

2019-08-10 23:46:11 - [TEST_STEP][PASSED] - if (i == 3 &amp;&amp; wildList.indexOf(symbol) != -1): null

2019-08-10 23:46:11 - [TEST_STEP][PASSED] - if (i == 4 &amp;&amp; wildList.indexOf(symbol) != -1): null

2019-08-10 23:46:11 - [TEST_STEP][PASSED] - symbols = symbols: null

2019-08-10 23:46:11 - [TEST_STEP][PASSED] - for ([j = 0, j &lt; symbols.size(), (j++)]): null

2019-08-10 23:46:11 - [TEST_STEP][PASSED] - symbol = symbol: null

2019-08-10 23:46:11 - [TEST_STEP][PASSED] - println(symbol): null

2019-08-10 23:46:11 - [TEST_STEP][PASSED] - if (i == 2 &amp;&amp; wildList.indexOf(symbol) != -1): null

2019-08-10 23:46:11 - [TEST_STEP][PASSED] - if (i == 3 &amp;&amp; wildList.indexOf(symbol) != -1): null

2019-08-10 23:46:11 - [TEST_STEP][PASSED] - if (i == 4 &amp;&amp; wildList.indexOf(symbol) != -1): null

2019-08-10 23:46:11 - [TEST_STEP][PASSED] - symbol = symbol: null

2019-08-10 23:46:11 - [TEST_STEP][PASSED] - println(symbol): null

2019-08-10 23:46:11 - [TEST_STEP][PASSED] - if (i == 2 &amp;&amp; wildList.indexOf(symbol) != -1): null

2019-08-10 23:46:11 - [TEST_STEP][PASSED] - if (i == 3 &amp;&amp; wildList.indexOf(symbol) != -1): null

2019-08-10 23:46:11 - [TEST_STEP][PASSED] - println("wild found on reel 4, adding counter by 1"): null

2019-08-10 23:46:11 - [TEST_STEP][PASSED] - free_spin_reel_counter[1] = free_spin_reel_counter[1] + 1: null

2019-08-10 23:46:11 - [TEST_STEP][PASSED] - if (i == 4 &amp;&amp; wildList.indexOf(symbol) != -1): null

2019-08-10 23:46:11 - [TEST_STEP][PASSED] - symbol = symbol: null

2019-08-10 23:46:11 - [TEST_STEP][PASSED] - println(symbol): null

2019-08-10 23:46:11 - [TEST_STEP][PASSED] - if (i == 2 &amp;&amp; wildList.indexOf(symbol) != -1): null

2019-08-10 23:46:11 - [TEST_STEP][PASSED] - if (i == 3 &amp;&amp; wildList.indexOf(symbol) != -1): null

2019-08-10 23:46:11 - [TEST_STEP][PASSED] - if (i == 4 &amp;&amp; wildList.indexOf(symbol) != -1): null

2019-08-10 23:46:11 - [TEST_STEP][PASSED] - symbols = symbols: null

2019-08-10 23:46:11 - [TEST_STEP][PASSED] - for ([j = 0, j &lt; symbols.size(), (j++)]): null

2019-08-10 23:46:11 - [TEST_STEP][PASSED] - symbol = symbol: null

2019-08-10 23:46:11 - [TEST_STEP][PASSED] - println(symbol): null

2019-08-10 23:46:11 - [TEST_STEP][PASSED] - if (i == 2 &amp;&amp; wildList.indexOf(symbol) != -1): null

2019-08-10 23:46:11 - [TEST_STEP][PASSED] - if (i == 3 &amp;&amp; wildList.indexOf(symbol) != -1): null

2019-08-10 23:46:11 - [TEST_STEP][PASSED] - if (i == 4 &amp;&amp; wildList.indexOf(symbol) != -1): null

2019-08-10 23:46:11 - [TEST_STEP][PASSED] - symbol = symbol: null

2019-08-10 23:46:11 - [TEST_STEP][PASSED] - println(symbol): null

2019-08-10 23:46:11 - [TEST_STEP][PASSED] - if (i == 2 &amp;&amp; wildList.indexOf(symbol) != -1): null

2019-08-10 23:46:11 - [TEST_STEP][PASSED] - if (i == 3 &amp;&amp; wildList.indexOf(symbol) != -1): null

2019-08-10 23:46:11 - [TEST_STEP][PASSED] - if (i == 4 &amp;&amp; wildList.indexOf(symbol) != -1): null

2019-08-10 23:46:11 - [TEST_STEP][PASSED] - symbol = symbol: null

2019-08-10 23:46:11 - [TEST_STEP][PASSED] - println(symbol): null

2019-08-10 23:46:11 - [TEST_STEP][PASSED] - if (i == 2 &amp;&amp; wildList.indexOf(symbol) != -1): null

2019-08-10 23:46:11 - [TEST_STEP][PASSED] - if (i == 3 &amp;&amp; wildList.indexOf(symbol) != -1): null

2019-08-10 23:46:11 - [TEST_STEP][PASSED] - if (i == 4 &amp;&amp; wildList.indexOf(symbol) != -1): null

2019-08-10 23:46:11 - [TEST_STEP][PASSED] - free_spin_reel_counter = free_spin_reel_counter: null

2019-08-10 23:46:11 - [TEST_STEP][PASSED] - println("reel 3 wild found: " + free_spin_reel_counter[0]): null

2019-08-10 23:46:11 - [TEST_STEP][PASSED] - println("reel 4 wild found: " + free_spin_reel_counter[1]): null

2019-08-10 23:46:11 - [TEST_STEP][PASSED] - println("reel 5 wild found: " + free_spin_reel_counter[2]): null

2019-08-10 23:46:11 - [TEST_STEP][PASSED] - M4_spin_reels = M4_spin_reels: null

2019-08-10 23:46:11 - [TEST_STEP][PASSED] - M4_spin_reels_symbols = symbol: null

2019-08-10 23:46:11 - [TEST_STEP][PASSED] - M4_spin_reels_symbols = M4_spin_reels_symbols: null

2019-08-10 23:46:11 - [TEST_STEP][PASSED] - M4_spin_reel_wins = reel_wins: null

2019-08-10 23:46:11 - [TEST_STEP][PASSED] - M4_spin_reel_wins = M4_spin_reel_wins: null

2019-08-10 23:46:11 - [TEST_STEP][PASSED] - println("GlobalVariable.M4_spin_reel_wins is: " + M4_spin_reel_wins): null

2019-08-10 23:46:11 - [TEST_STEP][PASSED] - M4_spin_total_bonus_win_this_round = total_bonus_win_this_round: null

2019-08-10 23:46:11 - [TEST_STEP][PASSED] - M4_spin_total_bonus_win_this_round = M4_spin_total_bonus_win_this_round: null

2019-08-10 23:46:11 - [TEST_STEP][PASSED] - println("GlobalVariable.M4_spin_total_bonus_win_this_round is: " + M4_spin_total_bonus_win_this_round): null

2019-08-10 23:46:11 - [MESSAGE][PASSED] - Verify response successfully

2019-08-10 23:46:11 - [MESSAGE][PASSED] - Send request and verify the response successfully

2019-08-10 23:46:11 - [TEST_STEP][PASSED] - if (M4_total_bonus_spins_int != 0 &amp;&amp; M4_spin_reels_symbols[2].contains("WILD_ExtraFG") || M4_spin_reels_symbols[3].contains("WILD_ExtraFG")): null

2019-08-10 23:46:11 - [TEST_STEP][PASSED] - free_spin_reel_counter = free_spin_reel_counter: null

2019-08-10 23:46:11 - [TEST_STEP][PASSED] - M4_spin_reels_symbols = M4_spin_reels_symbols: null

2019-08-10 23:46:11 - [TEST_STEP][PASSED] - M4_total_bonus_spins = M4_total_bonus_spins: null

2019-08-10 23:46:11 - [TEST_STEP][PASSED] - spin_result = sendRequestAndVerify(findTestObject("RGS(M4)/1_M4_spin", ["M4_login_user_id":M4_login_user_id, "rgs_session_token":rgs_session_token, "partner":Partner])): Send request and verify the response successfully

2019-08-10 23:46:11 - [TEST_CASE][PASSED] - Start Test Case : Verification: Verification accomplished successfully

2019-08-10 23:46:11 - [TEST_STEP][PASSED] - request = getInstance().getCurrentRequest(): null

2019-08-10 23:46:11 - [TEST_STEP][PASSED] - response = getInstance().getCurrentResponse(): null

2019-08-10 23:46:11 - [TEST_STEP][PASSED] - verifyResponseStatusCode(response, 200): Verify response status code successfully

2019-08-10 23:46:11 - [MESSAGE][PASSED] - Verify response status code successfully

2019-08-10 23:46:11 - [TEST_STEP][PASSED] - getStatusCode()).isEqualTo(200): null

2019-08-10 23:46:11 - [TEST_STEP][PASSED] - newline = System.getProperty("line.separator"): null

2019-08-10 23:46:11 - [TEST_STEP][PASSED] - M4_spin = new groovy.json.JsonSlurper(): null

2019-08-10 23:46:11 - [TEST_STEP][PASSED] - result_M4_spin = M4_spin.parseText(response.getResponseBodyContent()): null

2019-08-10 23:46:11 - [TEST_STEP][PASSED] - M4_spin_current_balance = current_balance: null

2019-08-10 23:46:11 - [TEST_STEP][PASSED] - M4_spin_current_balance = M4_spin_current_balance: null

2019-08-10 23:46:11 - [TEST_STEP][PASSED] - M4_spin_transaction_id = causality: null

2019-08-10 23:46:11 - [TEST_STEP][PASSED] - M4_spin_transaction_id = M4_spin_transaction_id: null

2019-08-10 23:46:11 - [TEST_STEP][PASSED] - M4_spin_round_id = round_id: null

2019-08-10 23:46:11 - [TEST_STEP][PASSED] - M4_spin_round_id = M4_spin_round_id: null

2019-08-10 23:46:11 - [TEST_STEP][PASSED] - M4_spin_line_wins = line_wins: null

2019-08-10 23:46:11 - [TEST_STEP][PASSED] - M4_spin_line_wins = M4_spin_line_wins: null

2019-08-10 23:46:11 - [TEST_STEP][PASSED] - M4_total_bonus_spins_int = total_bonus_spins: null

2019-08-10 23:46:11 - [TEST_STEP][PASSED] - println("******M4_total_bonus_spins type is:*******" + newline + getClass().getName()): null

2019-08-10 23:46:11 - [TEST_STEP][PASSED] - M4_total_bonus_spins_int = M4_total_bonus_spins_int: null

2019-08-10 23:46:11 - [TEST_STEP][PASSED] - M4_total_bonus_spins = Integer.toString(M4_total_bonus_spins_int): null

2019-08-10 23:46:11 - [TEST_STEP][PASSED] - M4_total_bonus_spins = M4_total_bonus_spins: null

2019-08-10 23:46:11 - [TEST_STEP][PASSED] - println("M4_total_bonus_spins is:" + M4_total_bonus_spins): null

2019-08-10 23:46:11 - [TEST_STEP][PASSED] - M4_spin_bonus_data = bonus_data: null

2019-08-10 23:46:11 - [TEST_STEP][PASSED] - M4_spin_features_triggered = result_M4_spin: null

2019-08-10 23:46:11 - [TEST_STEP][PASSED] - wild = []: null

2019-08-10 23:46:11 - [TEST_STEP][PASSED] - wild[0] = "WILD_Expanding": null

2019-08-10 23:46:11 - [TEST_STEP][PASSED] - wild[1] = "WILD_Normal": null

2019-08-10 23:46:11 - [TEST_STEP][PASSED] - wild[2] = "WILD_Double": null

2019-08-10 23:46:11 - [TEST_STEP][PASSED] - wild[3] = "WILD_ExtraFG": null

2019-08-10 23:46:11 - [TEST_STEP][PASSED] - wild[4] = "WILD_Triple": null

2019-08-10 23:46:11 - [TEST_STEP][PASSED] - wildList = Arrays.asList(wild): null

2019-08-10 23:46:11 - [TEST_STEP][PASSED] - wildList = wildList: null

2019-08-10 23:46:11 - [TEST_STEP][PASSED] - free_spin_reel_counter = []: null

2019-08-10 23:46:11 - [TEST_STEP][PASSED] - free_spin_reel_counter[0] = 0: null

2019-08-10 23:46:11 - [TEST_STEP][PASSED] - free_spin_reel_counter[1] = 0: null

2019-08-10 23:46:11 - [TEST_STEP][PASSED] - free_spin_reel_counter[2] = 0: null

2019-08-10 23:46:11 - [TEST_STEP][PASSED] - M4_spin_reels = reels: null

2019-08-10 23:46:11 - [TEST_STEP][PASSED] - for ([i = 0, i &lt; M4_spin_reels.size(), (i++)]): null

2019-08-10 23:46:11 - [TEST_STEP][PASSED] - symbols = symbols: null

2019-08-10 23:46:11 - [TEST_STEP][PASSED] - for ([j = 0, j &lt; symbols.size(), (j++)]): null

2019-08-10 23:46:11 - [TEST_STEP][PASSED] - symbol = symbol: null

2019-08-10 23:46:11 - [TEST_STEP][PASSED] - println(symbol): null

2019-08-10 23:46:11 - [TEST_STEP][PASSED] - if (i == 2 &amp;&amp; wildList.indexOf(symbol) != -1): null

2019-08-10 23:46:11 - [TEST_STEP][PASSED] - if (i == 3 &amp;&amp; wildList.indexOf(symbol) != -1): null

2019-08-10 23:46:11 - [TEST_STEP][PASSED] - if (i == 4 &amp;&amp; wildList.indexOf(symbol) != -1): null

2019-08-10 23:46:11 - [TEST_STEP][PASSED] - symbol = symbol: null

2019-08-10 23:46:11 - [TEST_STEP][PASSED] - println(symbol): null

2019-08-10 23:46:11 - [TEST_STEP][PASSED] - if (i == 2 &amp;&amp; wildList.indexOf(symbol) != -1): null

2019-08-10 23:46:11 - [TEST_STEP][PASSED] - if (i == 3 &amp;&amp; wildList.indexOf(symbol) != -1): null

2019-08-10 23:46:11 - [TEST_STEP][PASSED] - if (i == 4 &amp;&amp; wildList.indexOf(symbol) != -1): null

2019-08-10 23:46:12 - [TEST_STEP][PASSED] - symbol = symbol: null

2019-08-10 23:46:12 - [TEST_STEP][PASSED] - println(symbol): null

2019-08-10 23:46:12 - [TEST_STEP][PASSED] - if (i == 2 &amp;&amp; wildList.indexOf(symbol) != -1): null

2019-08-10 23:46:12 - [TEST_STEP][PASSED] - if (i == 3 &amp;&amp; wildList.indexOf(symbol) != -1): null

2019-08-10 23:46:12 - [TEST_STEP][PASSED] - if (i == 4 &amp;&amp; wildList.indexOf(symbol) != -1): null

2019-08-10 23:46:12 - [TEST_STEP][PASSED] - symbols = symbols: null

2019-08-10 23:46:12 - [TEST_STEP][PASSED] - for ([j = 0, j &lt; symbols.size(), (j++)]): null

2019-08-10 23:46:12 - [TEST_STEP][PASSED] - symbol = symbol: null

2019-08-10 23:46:12 - [TEST_STEP][PASSED] - println(symbol): null

2019-08-10 23:46:12 - [TEST_STEP][PASSED] - if (i == 2 &amp;&amp; wildList.indexOf(symbol) != -1): null

2019-08-10 23:46:12 - [TEST_STEP][PASSED] - if (i == 3 &amp;&amp; wildList.indexOf(symbol) != -1): null

2019-08-10 23:46:12 - [TEST_STEP][PASSED] - if (i == 4 &amp;&amp; wildList.indexOf(symbol) != -1): null

2019-08-10 23:46:12 - [TEST_STEP][PASSED] - symbol = symbol: null

2019-08-10 23:46:12 - [TEST_STEP][PASSED] - println(symbol): null

2019-08-10 23:46:12 - [TEST_STEP][PASSED] - if (i == 2 &amp;&amp; wildList.indexOf(symbol) != -1): null

2019-08-10 23:46:12 - [TEST_STEP][PASSED] - if (i == 3 &amp;&amp; wildList.indexOf(symbol) != -1): null

2019-08-10 23:46:12 - [TEST_STEP][PASSED] - if (i == 4 &amp;&amp; wildList.indexOf(symbol) != -1): null

2019-08-10 23:46:12 - [TEST_STEP][PASSED] - symbol = symbol: null

2019-08-10 23:46:12 - [TEST_STEP][PASSED] - println(symbol): null

2019-08-10 23:46:12 - [TEST_STEP][PASSED] - if (i == 2 &amp;&amp; wildList.indexOf(symbol) != -1): null

2019-08-10 23:46:12 - [TEST_STEP][PASSED] - if (i == 3 &amp;&amp; wildList.indexOf(symbol) != -1): null

2019-08-10 23:46:12 - [TEST_STEP][PASSED] - if (i == 4 &amp;&amp; wildList.indexOf(symbol) != -1): null

2019-08-10 23:46:12 - [TEST_STEP][PASSED] - symbols = symbols: null

2019-08-10 23:46:12 - [TEST_STEP][PASSED] - for ([j = 0, j &lt; symbols.size(), (j++)]): null

2019-08-10 23:46:12 - [TEST_STEP][PASSED] - symbol = symbol: null

2019-08-10 23:46:12 - [TEST_STEP][PASSED] - println(symbol): null

2019-08-10 23:46:12 - [TEST_STEP][PASSED] - if (i == 2 &amp;&amp; wildList.indexOf(symbol) != -1): null

2019-08-10 23:46:12 - [TEST_STEP][PASSED] - if (i == 3 &amp;&amp; wildList.indexOf(symbol) != -1): null

2019-08-10 23:46:12 - [TEST_STEP][PASSED] - if (i == 4 &amp;&amp; wildList.indexOf(symbol) != -1): null

2019-08-10 23:46:12 - [TEST_STEP][PASSED] - symbol = symbol: null

2019-08-10 23:46:12 - [TEST_STEP][PASSED] - println(symbol): null

2019-08-10 23:46:12 - [TEST_STEP][PASSED] - if (i == 2 &amp;&amp; wildList.indexOf(symbol) != -1): null

2019-08-10 23:46:12 - [TEST_STEP][PASSED] - if (i == 3 &amp;&amp; wildList.indexOf(symbol) != -1): null

2019-08-10 23:46:12 - [TEST_STEP][PASSED] - if (i == 4 &amp;&amp; wildList.indexOf(symbol) != -1): null

2019-08-10 23:46:12 - [TEST_STEP][PASSED] - symbol = symbol: null

2019-08-10 23:46:12 - [TEST_STEP][PASSED] - println(symbol): null

2019-08-10 23:46:12 - [TEST_STEP][PASSED] - if (i == 2 &amp;&amp; wildList.indexOf(symbol) != -1): null

2019-08-10 23:46:12 - [TEST_STEP][PASSED] - if (i == 3 &amp;&amp; wildList.indexOf(symbol) != -1): null

2019-08-10 23:46:12 - [TEST_STEP][PASSED] - if (i == 4 &amp;&amp; wildList.indexOf(symbol) != -1): null

2019-08-10 23:46:12 - [TEST_STEP][PASSED] - symbols = symbols: null

2019-08-10 23:46:12 - [TEST_STEP][PASSED] - for ([j = 0, j &lt; symbols.size(), (j++)]): null

2019-08-10 23:46:12 - [TEST_STEP][PASSED] - symbol = symbol: null

2019-08-10 23:46:12 - [TEST_STEP][PASSED] - println(symbol): null

2019-08-10 23:46:12 - [TEST_STEP][PASSED] - if (i == 2 &amp;&amp; wildList.indexOf(symbol) != -1): null

2019-08-10 23:46:12 - [TEST_STEP][PASSED] - if (i == 3 &amp;&amp; wildList.indexOf(symbol) != -1): null

2019-08-10 23:46:12 - [TEST_STEP][PASSED] - if (i == 4 &amp;&amp; wildList.indexOf(symbol) != -1): null

2019-08-10 23:46:12 - [TEST_STEP][PASSED] - symbol = symbol: null

2019-08-10 23:46:12 - [TEST_STEP][PASSED] - println(symbol): null

2019-08-10 23:46:12 - [TEST_STEP][PASSED] - if (i == 2 &amp;&amp; wildList.indexOf(symbol) != -1): null

2019-08-10 23:46:12 - [TEST_STEP][PASSED] - if (i == 3 &amp;&amp; wildList.indexOf(symbol) != -1): null

2019-08-10 23:46:12 - [TEST_STEP][PASSED] - if (i == 4 &amp;&amp; wildList.indexOf(symbol) != -1): null

2019-08-10 23:46:12 - [TEST_STEP][PASSED] - symbol = symbol: null

2019-08-10 23:46:12 - [TEST_STEP][PASSED] - println(symbol): null

2019-08-10 23:46:12 - [TEST_STEP][PASSED] - if (i == 2 &amp;&amp; wildList.indexOf(symbol) != -1): null

2019-08-10 23:46:12 - [TEST_STEP][PASSED] - if (i == 3 &amp;&amp; wildList.indexOf(symbol) != -1): null

2019-08-10 23:46:12 - [TEST_STEP][PASSED] - if (i == 4 &amp;&amp; wildList.indexOf(symbol) != -1): null

2019-08-10 23:46:12 - [TEST_STEP][PASSED] - symbols = symbols: null

2019-08-10 23:46:12 - [TEST_STEP][PASSED] - for ([j = 0, j &lt; symbols.size(), (j++)]): null

2019-08-10 23:46:12 - [TEST_STEP][PASSED] - symbol = symbol: null

2019-08-10 23:46:12 - [TEST_STEP][PASSED] - println(symbol): null

2019-08-10 23:46:12 - [TEST_STEP][PASSED] - if (i == 2 &amp;&amp; wildList.indexOf(symbol) != -1): null

2019-08-10 23:46:12 - [TEST_STEP][PASSED] - if (i == 3 &amp;&amp; wildList.indexOf(symbol) != -1): null

2019-08-10 23:46:12 - [TEST_STEP][PASSED] - if (i == 4 &amp;&amp; wildList.indexOf(symbol) != -1): null

2019-08-10 23:46:12 - [TEST_STEP][PASSED] - symbol = symbol: null

2019-08-10 23:46:12 - [TEST_STEP][PASSED] - println(symbol): null

2019-08-10 23:46:12 - [TEST_STEP][PASSED] - if (i == 2 &amp;&amp; wildList.indexOf(symbol) != -1): null

2019-08-10 23:46:12 - [TEST_STEP][PASSED] - if (i == 3 &amp;&amp; wildList.indexOf(symbol) != -1): null

2019-08-10 23:46:12 - [TEST_STEP][PASSED] - if (i == 4 &amp;&amp; wildList.indexOf(symbol) != -1): null

2019-08-10 23:46:12 - [TEST_STEP][PASSED] - symbol = symbol: null

2019-08-10 23:46:12 - [TEST_STEP][PASSED] - println(symbol): null

2019-08-10 23:46:12 - [TEST_STEP][PASSED] - if (i == 2 &amp;&amp; wildList.indexOf(symbol) != -1): null

2019-08-10 23:46:12 - [TEST_STEP][PASSED] - if (i == 3 &amp;&amp; wildList.indexOf(symbol) != -1): null

2019-08-10 23:46:12 - [TEST_STEP][PASSED] - if (i == 4 &amp;&amp; wildList.indexOf(symbol) != -1): null

2019-08-10 23:46:12 - [TEST_STEP][PASSED] - free_spin_reel_counter = free_spin_reel_counter: null

2019-08-10 23:46:12 - [TEST_STEP][PASSED] - println("reel 3 wild found: " + free_spin_reel_counter[0]): null

2019-08-10 23:46:12 - [TEST_STEP][PASSED] - println("reel 4 wild found: " + free_spin_reel_counter[1]): null

2019-08-10 23:46:12 - [TEST_STEP][PASSED] - println("reel 5 wild found: " + free_spin_reel_counter[2]): null

2019-08-10 23:46:12 - [TEST_STEP][PASSED] - M4_spin_reels = M4_spin_reels: null

2019-08-10 23:46:12 - [TEST_STEP][PASSED] - M4_spin_reels_symbols = symbol: null

2019-08-10 23:46:12 - [TEST_STEP][PASSED] - M4_spin_reels_symbols = M4_spin_reels_symbols: null

2019-08-10 23:46:12 - [TEST_STEP][PASSED] - M4_spin_reel_wins = reel_wins: null

2019-08-10 23:46:12 - [TEST_STEP][PASSED] - M4_spin_reel_wins = M4_spin_reel_wins: null

2019-08-10 23:46:12 - [TEST_STEP][PASSED] - println("GlobalVariable.M4_spin_reel_wins is: " + M4_spin_reel_wins): null

2019-08-10 23:46:12 - [TEST_STEP][PASSED] - M4_spin_total_bonus_win_this_round = total_bonus_win_this_round: null

2019-08-10 23:46:12 - [TEST_STEP][PASSED] - M4_spin_total_bonus_win_this_round = M4_spin_total_bonus_win_this_round: null

2019-08-10 23:46:12 - [TEST_STEP][PASSED] - println("GlobalVariable.M4_spin_total_bonus_win_this_round is: " + M4_spin_total_bonus_win_this_round): null

2019-08-10 23:46:12 - [MESSAGE][PASSED] - Verify response successfully

2019-08-10 23:46:12 - [MESSAGE][PASSED] - Send request and verify the response successfully

2019-08-10 23:46:12 - [TEST_STEP][PASSED] - if (M4_total_bonus_spins_int != 0 &amp;&amp; M4_spin_reels_symbols[2].contains("WILD_ExtraFG") || M4_spin_reels_symbols[3].contains("WILD_ExtraFG")): null

2019-08-10 23:46:12 - [TEST_STEP][PASSED] - free_spin_reel_counter = free_spin_reel_counter: null

2019-08-10 23:46:12 - [TEST_STEP][PASSED] - M4_spin_reels_symbols = M4_spin_reels_symbols: null

2019-08-10 23:46:12 - [TEST_STEP][PASSED] - M4_total_bonus_spins = M4_total_bonus_spins: null

2019-08-10 23:46:12 - [TEST_STEP][PASSED] - spin_result = sendRequestAndVerify(findTestObject("RGS(M4)/1_M4_spin", ["M4_login_user_id":M4_login_user_id, "rgs_session_token":rgs_session_token, "partner":Partner])): Send request and verify the response successfully

2019-08-10 23:46:12 - [TEST_CASE][PASSED] - Start Test Case : Verification: Verification accomplished successfully

2019-08-10 23:46:12 - [TEST_STEP][PASSED] - request = getInstance().getCurrentRequest(): null

2019-08-10 23:46:12 - [TEST_STEP][PASSED] - response = getInstance().getCurrentResponse(): null

2019-08-10 23:46:12 - [TEST_STEP][PASSED] - verifyResponseStatusCode(response, 200): Verify response status code successfully

2019-08-10 23:46:12 - [MESSAGE][PASSED] - Verify response status code successfully

2019-08-10 23:46:12 - [TEST_STEP][PASSED] - getStatusCode()).isEqualTo(200): null

2019-08-10 23:46:12 - [TEST_STEP][PASSED] - newline = System.getProperty("line.separator"): null

2019-08-10 23:46:12 - [TEST_STEP][PASSED] - M4_spin = new groovy.json.JsonSlurper(): null

2019-08-10 23:46:12 - [TEST_STEP][PASSED] - result_M4_spin = M4_spin.parseText(response.getResponseBodyContent()): null

2019-08-10 23:46:12 - [TEST_STEP][PASSED] - M4_spin_current_balance = current_balance: null

2019-08-10 23:46:12 - [TEST_STEP][PASSED] - M4_spin_current_balance = M4_spin_current_balance: null

2019-08-10 23:46:12 - [TEST_STEP][PASSED] - M4_spin_transaction_id = causality: null

2019-08-10 23:46:12 - [TEST_STEP][PASSED] - M4_spin_transaction_id = M4_spin_transaction_id: null

2019-08-10 23:46:12 - [TEST_STEP][PASSED] - M4_spin_round_id = round_id: null

2019-08-10 23:46:12 - [TEST_STEP][PASSED] - M4_spin_round_id = M4_spin_round_id: null

2019-08-10 23:46:12 - [TEST_STEP][PASSED] - M4_spin_line_wins = line_wins: null

2019-08-10 23:46:12 - [TEST_STEP][PASSED] - M4_spin_line_wins = M4_spin_line_wins: null

2019-08-10 23:46:12 - [TEST_STEP][PASSED] - M4_total_bonus_spins_int = total_bonus_spins: null

2019-08-10 23:46:12 - [TEST_STEP][PASSED] - println("******M4_total_bonus_spins type is:*******" + newline + getClass().getName()): null

2019-08-10 23:46:12 - [TEST_STEP][PASSED] - M4_total_bonus_spins_int = M4_total_bonus_spins_int: null

2019-08-10 23:46:12 - [TEST_STEP][PASSED] - M4_total_bonus_spins = Integer.toString(M4_total_bonus_spins_int): null

2019-08-10 23:46:12 - [TEST_STEP][PASSED] - M4_total_bonus_spins = M4_total_bonus_spins: null

2019-08-10 23:46:12 - [TEST_STEP][PASSED] - println("M4_total_bonus_spins is:" + M4_total_bonus_spins): null

2019-08-10 23:46:12 - [TEST_STEP][PASSED] - M4_spin_bonus_data = bonus_data: null

2019-08-10 23:46:12 - [TEST_STEP][PASSED] - M4_spin_features_triggered = result_M4_spin: null

2019-08-10 23:46:12 - [TEST_STEP][PASSED] - wild = []: null

2019-08-10 23:46:12 - [TEST_STEP][PASSED] - wild[0] = "WILD_Expanding": null

2019-08-10 23:46:12 - [TEST_STEP][PASSED] - wild[1] = "WILD_Normal": null

2019-08-10 23:46:12 - [TEST_STEP][PASSED] - wild[2] = "WILD_Double": null

2019-08-10 23:46:12 - [TEST_STEP][PASSED] - wild[3] = "WILD_ExtraFG": null

2019-08-10 23:46:12 - [TEST_STEP][PASSED] - wild[4] = "WILD_Triple": null

2019-08-10 23:46:12 - [TEST_STEP][PASSED] - wildList = Arrays.asList(wild): null

2019-08-10 23:46:12 - [TEST_STEP][PASSED] - wildList = wildList: null

2019-08-10 23:46:12 - [TEST_STEP][PASSED] - free_spin_reel_counter = []: null

2019-08-10 23:46:12 - [TEST_STEP][PASSED] - free_spin_reel_counter[0] = 0: null

2019-08-10 23:46:12 - [TEST_STEP][PASSED] - free_spin_reel_counter[1] = 0: null

2019-08-10 23:46:12 - [TEST_STEP][PASSED] - free_spin_reel_counter[2] = 0: null

2019-08-10 23:46:12 - [TEST_STEP][PASSED] - M4_spin_reels = reels: null

2019-08-10 23:46:12 - [TEST_STEP][PASSED] - for ([i = 0, i &lt; M4_spin_reels.size(), (i++)]): null

2019-08-10 23:46:12 - [TEST_STEP][PASSED] - symbols = symbols: null

2019-08-10 23:46:12 - [TEST_STEP][PASSED] - for ([j = 0, j &lt; symbols.size(), (j++)]): null

2019-08-10 23:46:12 - [TEST_STEP][PASSED] - symbol = symbol: null

2019-08-10 23:46:12 - [TEST_STEP][PASSED] - println(symbol): null

2019-08-10 23:46:12 - [TEST_STEP][PASSED] - if (i == 2 &amp;&amp; wildList.indexOf(symbol) != -1): null

2019-08-10 23:46:12 - [TEST_STEP][PASSED] - if (i == 3 &amp;&amp; wildList.indexOf(symbol) != -1): null

2019-08-10 23:46:12 - [TEST_STEP][PASSED] - if (i == 4 &amp;&amp; wildList.indexOf(symbol) != -1): null

2019-08-10 23:46:12 - [TEST_STEP][PASSED] - symbol = symbol: null

2019-08-10 23:46:12 - [TEST_STEP][PASSED] - println(symbol): null

2019-08-10 23:46:12 - [TEST_STEP][PASSED] - if (i == 2 &amp;&amp; wildList.indexOf(symbol) != -1): null

2019-08-10 23:46:12 - [TEST_STEP][PASSED] - if (i == 3 &amp;&amp; wildList.indexOf(symbol) != -1): null

2019-08-10 23:46:12 - [TEST_STEP][PASSED] - if (i == 4 &amp;&amp; wildList.indexOf(symbol) != -1): null

2019-08-10 23:46:12 - [TEST_STEP][PASSED] - symbol = symbol: null

2019-08-10 23:46:12 - [TEST_STEP][PASSED] - println(symbol): null

2019-08-10 23:46:12 - [TEST_STEP][PASSED] - if (i == 2 &amp;&amp; wildList.indexOf(symbol) != -1): null

2019-08-10 23:46:12 - [TEST_STEP][PASSED] - if (i == 3 &amp;&amp; wildList.indexOf(symbol) != -1): null

2019-08-10 23:46:12 - [TEST_STEP][PASSED] - if (i == 4 &amp;&amp; wildList.indexOf(symbol) != -1): null

2019-08-10 23:46:12 - [TEST_STEP][PASSED] - symbols = symbols: null

2019-08-10 23:46:12 - [TEST_STEP][PASSED] - for ([j = 0, j &lt; symbols.size(), (j++)]): null

2019-08-10 23:46:12 - [TEST_STEP][PASSED] - symbol = symbol: null

2019-08-10 23:46:12 - [TEST_STEP][PASSED] - println(symbol): null

2019-08-10 23:46:12 - [TEST_STEP][PASSED] - if (i == 2 &amp;&amp; wildList.indexOf(symbol) != -1): null

2019-08-10 23:46:12 - [TEST_STEP][PASSED] - if (i == 3 &amp;&amp; wildList.indexOf(symbol) != -1): null

2019-08-10 23:46:12 - [TEST_STEP][PASSED] - if (i == 4 &amp;&amp; wildList.indexOf(symbol) != -1): null

2019-08-10 23:46:12 - [TEST_STEP][PASSED] - symbol = symbol: null

2019-08-10 23:46:12 - [TEST_STEP][PASSED] - println(symbol): null

2019-08-10 23:46:12 - [TEST_STEP][PASSED] - if (i == 2 &amp;&amp; wildList.indexOf(symbol) != -1): null

2019-08-10 23:46:12 - [TEST_STEP][PASSED] - if (i == 3 &amp;&amp; wildList.indexOf(symbol) != -1): null

2019-08-10 23:46:12 - [TEST_STEP][PASSED] - if (i == 4 &amp;&amp; wildList.indexOf(symbol) != -1): null

2019-08-10 23:46:12 - [TEST_STEP][PASSED] - symbol = symbol: null

2019-08-10 23:46:12 - [TEST_STEP][PASSED] - println(symbol): null

2019-08-10 23:46:12 - [TEST_STEP][PASSED] - if (i == 2 &amp;&amp; wildList.indexOf(symbol) != -1): null

2019-08-10 23:46:12 - [TEST_STEP][PASSED] - if (i == 3 &amp;&amp; wildList.indexOf(symbol) != -1): null

2019-08-10 23:46:12 - [TEST_STEP][PASSED] - if (i == 4 &amp;&amp; wildList.indexOf(symbol) != -1): null

2019-08-10 23:46:12 - [TEST_STEP][PASSED] - symbols = symbols: null

2019-08-10 23:46:12 - [TEST_STEP][PASSED] - for ([j = 0, j &lt; symbols.size(), (j++)]): null

2019-08-10 23:46:12 - [TEST_STEP][PASSED] - symbol = symbol: null

2019-08-10 23:46:12 - [TEST_STEP][PASSED] - println(symbol): null

2019-08-10 23:46:12 - [TEST_STEP][PASSED] - if (i == 2 &amp;&amp; wildList.indexOf(symbol) != -1): null

2019-08-10 23:46:12 - [TEST_STEP][PASSED] - if (i == 3 &amp;&amp; wildList.indexOf(symbol) != -1): null

2019-08-10 23:46:12 - [TEST_STEP][PASSED] - if (i == 4 &amp;&amp; wildList.indexOf(symbol) != -1): null

2019-08-10 23:46:12 - [TEST_STEP][PASSED] - symbol = symbol: null

2019-08-10 23:46:12 - [TEST_STEP][PASSED] - println(symbol): null

2019-08-10 23:46:12 - [TEST_STEP][PASSED] - if (i == 2 &amp;&amp; wildList.indexOf(symbol) != -1): null

2019-08-10 23:46:12 - [TEST_STEP][PASSED] - println("wild found on reel 3, adding counter by 1"): null

2019-08-10 23:46:12 - [TEST_STEP][PASSED] - free_spin_reel_counter[0] = free_spin_reel_counter[0] + 1: null

2019-08-10 23:46:12 - [TEST_STEP][PASSED] - if (i == 3 &amp;&amp; wildList.indexOf(symbol) != -1): null

2019-08-10 23:46:12 - [TEST_STEP][PASSED] - if (i == 4 &amp;&amp; wildList.indexOf(symbol) != -1): null

2019-08-10 23:46:12 - [TEST_STEP][PASSED] - symbol = symbol: null

2019-08-10 23:46:12 - [TEST_STEP][PASSED] - println(symbol): null

2019-08-10 23:46:12 - [TEST_STEP][PASSED] - if (i == 2 &amp;&amp; wildList.indexOf(symbol) != -1): null

2019-08-10 23:46:12 - [TEST_STEP][PASSED] - if (i == 3 &amp;&amp; wildList.indexOf(symbol) != -1): null

2019-08-10 23:46:12 - [TEST_STEP][PASSED] - if (i == 4 &amp;&amp; wildList.indexOf(symbol) != -1): null

2019-08-10 23:46:12 - [TEST_STEP][PASSED] - symbols = symbols: null

2019-08-10 23:46:12 - [TEST_STEP][PASSED] - for ([j = 0, j &lt; symbols.size(), (j++)]): null

2019-08-10 23:46:12 - [TEST_STEP][PASSED] - symbol = symbol: null

2019-08-10 23:46:12 - [TEST_STEP][PASSED] - println(symbol): null

2019-08-10 23:46:12 - [TEST_STEP][PASSED] - if (i == 2 &amp;&amp; wildList.indexOf(symbol) != -1): null

2019-08-10 23:46:12 - [TEST_STEP][PASSED] - if (i == 3 &amp;&amp; wildList.indexOf(symbol) != -1): null

2019-08-10 23:46:12 - [TEST_STEP][PASSED] - if (i == 4 &amp;&amp; wildList.indexOf(symbol) != -1): null

2019-08-10 23:46:12 - [TEST_STEP][PASSED] - symbol = symbol: null

2019-08-10 23:46:12 - [TEST_STEP][PASSED] - println(symbol): null

2019-08-10 23:46:12 - [TEST_STEP][PASSED] - if (i == 2 &amp;&amp; wildList.indexOf(symbol) != -1): null

2019-08-10 23:46:12 - [TEST_STEP][PASSED] - if (i == 3 &amp;&amp; wildList.indexOf(symbol) != -1): null

2019-08-10 23:46:12 - [TEST_STEP][PASSED] - if (i == 4 &amp;&amp; wildList.indexOf(symbol) != -1): null

2019-08-10 23:46:12 - [TEST_STEP][PASSED] - symbol = symbol: null

2019-08-10 23:46:12 - [TEST_STEP][PASSED] - println(symbol): null

2019-08-10 23:46:12 - [TEST_STEP][PASSED] - if (i == 2 &amp;&amp; wildList.indexOf(symbol) != -1): null

2019-08-10 23:46:12 - [TEST_STEP][PASSED] - if (i == 3 &amp;&amp; wildList.indexOf(symbol) != -1): null

2019-08-10 23:46:12 - [TEST_STEP][PASSED] - println("wild found on reel 4, adding counter by 1"): null

2019-08-10 23:46:12 - [TEST_STEP][PASSED] - free_spin_reel_counter[1] = free_spin_reel_counter[1] + 1: null

2019-08-10 23:46:12 - [TEST_STEP][PASSED] - if (i == 4 &amp;&amp; wildList.indexOf(symbol) != -1): null

2019-08-10 23:46:12 - [TEST_STEP][PASSED] - symbols = symbols: null

2019-08-10 23:46:12 - [TEST_STEP][PASSED] - for ([j = 0, j &lt; symbols.size(), (j++)]): null

2019-08-10 23:46:12 - [TEST_STEP][PASSED] - symbol = symbol: null

2019-08-10 23:46:12 - [TEST_STEP][PASSED] - println(symbol): null

2019-08-10 23:46:12 - [TEST_STEP][PASSED] - if (i == 2 &amp;&amp; wildList.indexOf(symbol) != -1): null

2019-08-10 23:46:12 - [TEST_STEP][PASSED] - if (i == 3 &amp;&amp; wildList.indexOf(symbol) != -1): null

2019-08-10 23:46:12 - [TEST_STEP][PASSED] - if (i == 4 &amp;&amp; wildList.indexOf(symbol) != -1): null

2019-08-10 23:46:12 - [TEST_STEP][PASSED] - symbol = symbol: null

2019-08-10 23:46:12 - [TEST_STEP][PASSED] - println(symbol): null

2019-08-10 23:46:12 - [TEST_STEP][PASSED] - if (i == 2 &amp;&amp; wildList.indexOf(symbol) != -1): null

2019-08-10 23:46:12 - [TEST_STEP][PASSED] - if (i == 3 &amp;&amp; wildList.indexOf(symbol) != -1): null

2019-08-10 23:46:12 - [TEST_STEP][PASSED] - if (i == 4 &amp;&amp; wildList.indexOf(symbol) != -1): null

2019-08-10 23:46:12 - [TEST_STEP][PASSED] - symbol = symbol: null

2019-08-10 23:46:12 - [TEST_STEP][PASSED] - println(symbol): null

2019-08-10 23:46:12 - [TEST_STEP][PASSED] - if (i == 2 &amp;&amp; wildList.indexOf(symbol) != -1): null

2019-08-10 23:46:12 - [TEST_STEP][PASSED] - if (i == 3 &amp;&amp; wildList.indexOf(symbol) != -1): null

2019-08-10 23:46:12 - [TEST_STEP][PASSED] - if (i == 4 &amp;&amp; wildList.indexOf(symbol) != -1): null

2019-08-10 23:46:12 - [TEST_STEP][PASSED] - free_spin_reel_counter = free_spin_reel_counter: null

2019-08-10 23:46:12 - [TEST_STEP][PASSED] - println("reel 3 wild found: " + free_spin_reel_counter[0]): null

2019-08-10 23:46:12 - [TEST_STEP][PASSED] - println("reel 4 wild found: " + free_spin_reel_counter[1]): null

2019-08-10 23:46:12 - [TEST_STEP][PASSED] - println("reel 5 wild found: " + free_spin_reel_counter[2]): null

2019-08-10 23:46:12 - [TEST_STEP][PASSED] - M4_spin_reels = M4_spin_reels: null

2019-08-10 23:46:12 - [TEST_STEP][PASSED] - M4_spin_reels_symbols = symbol: null

2019-08-10 23:46:12 - [TEST_STEP][PASSED] - M4_spin_reels_symbols = M4_spin_reels_symbols: null

2019-08-10 23:46:12 - [TEST_STEP][PASSED] - M4_spin_reel_wins = reel_wins: null

2019-08-10 23:46:12 - [TEST_STEP][PASSED] - M4_spin_reel_wins = M4_spin_reel_wins: null

2019-08-10 23:46:12 - [TEST_STEP][PASSED] - println("GlobalVariable.M4_spin_reel_wins is: " + M4_spin_reel_wins): null

2019-08-10 23:46:12 - [TEST_STEP][PASSED] - M4_spin_total_bonus_win_this_round = total_bonus_win_this_round: null

2019-08-10 23:46:12 - [TEST_STEP][PASSED] - M4_spin_total_bonus_win_this_round = M4_spin_total_bonus_win_this_round: null

2019-08-10 23:46:12 - [TEST_STEP][PASSED] - println("GlobalVariable.M4_spin_total_bonus_win_this_round is: " + M4_spin_total_bonus_win_this_round): null

2019-08-10 23:46:12 - [MESSAGE][PASSED] - Verify response successfully

2019-08-10 23:46:12 - [MESSAGE][PASSED] - Send request and verify the response successfully

2019-08-10 23:46:12 - [TEST_STEP][PASSED] - if (M4_total_bonus_spins_int != 0 &amp;&amp; M4_spin_reels_symbols[2].contains("WILD_ExtraFG") || M4_spin_reels_symbols[3].contains("WILD_ExtraFG")): null

2019-08-10 23:46:12 - [TEST_STEP][PASSED] - free_spin_reel_counter = free_spin_reel_counter: null

2019-08-10 23:46:12 - [TEST_STEP][PASSED] - M4_spin_reels_symbols = M4_spin_reels_symbols: null

2019-08-10 23:46:12 - [TEST_STEP][PASSED] - M4_total_bonus_spins = M4_total_bonus_spins: null

2019-08-10 23:46:12 - [TEST_STEP][PASSED] - spin_result = sendRequestAndVerify(findTestObject("RGS(M4)/1_M4_spin", ["M4_login_user_id":M4_login_user_id, "rgs_session_token":rgs_session_token, "partner":Partner])): Send request and verify the response successfully

2019-08-10 23:46:12 - [TEST_CASE][PASSED] - Start Test Case : Verification: Verification accomplished successfully

2019-08-10 23:46:12 - [TEST_STEP][PASSED] - request = getInstance().getCurrentRequest(): null

2019-08-10 23:46:12 - [TEST_STEP][PASSED] - response = getInstance().getCurrentResponse(): null

2019-08-10 23:46:12 - [TEST_STEP][PASSED] - verifyResponseStatusCode(response, 200): Verify response status code successfully

2019-08-10 23:46:12 - [MESSAGE][PASSED] - Verify response status code successfully

2019-08-10 23:46:12 - [TEST_STEP][PASSED] - getStatusCode()).isEqualTo(200): null

2019-08-10 23:46:12 - [TEST_STEP][PASSED] - newline = System.getProperty("line.separator"): null

2019-08-10 23:46:12 - [TEST_STEP][PASSED] - M4_spin = new groovy.json.JsonSlurper(): null

2019-08-10 23:46:12 - [TEST_STEP][PASSED] - result_M4_spin = M4_spin.parseText(response.getResponseBodyContent()): null

2019-08-10 23:46:12 - [TEST_STEP][PASSED] - M4_spin_current_balance = current_balance: null

2019-08-10 23:46:12 - [TEST_STEP][PASSED] - M4_spin_current_balance = M4_spin_current_balance: null

2019-08-10 23:46:12 - [TEST_STEP][PASSED] - M4_spin_transaction_id = causality: null

2019-08-10 23:46:12 - [TEST_STEP][PASSED] - M4_spin_transaction_id = M4_spin_transaction_id: null

2019-08-10 23:46:12 - [TEST_STEP][PASSED] - M4_spin_round_id = round_id: null

2019-08-10 23:46:12 - [TEST_STEP][PASSED] - M4_spin_round_id = M4_spin_round_id: null

2019-08-10 23:46:12 - [TEST_STEP][PASSED] - M4_spin_line_wins = line_wins: null

2019-08-10 23:46:12 - [TEST_STEP][PASSED] - M4_spin_line_wins = M4_spin_line_wins: null

2019-08-10 23:46:12 - [TEST_STEP][PASSED] - M4_total_bonus_spins_int = total_bonus_spins: null

2019-08-10 23:46:12 - [TEST_STEP][PASSED] - println("******M4_total_bonus_spins type is:*******" + newline + getClass().getName()): null

2019-08-10 23:46:12 - [TEST_STEP][PASSED] - M4_total_bonus_spins_int = M4_total_bonus_spins_int: null

2019-08-10 23:46:12 - [TEST_STEP][PASSED] - M4_total_bonus_spins = Integer.toString(M4_total_bonus_spins_int): null

2019-08-10 23:46:12 - [TEST_STEP][PASSED] - M4_total_bonus_spins = M4_total_bonus_spins: null

2019-08-10 23:46:12 - [TEST_STEP][PASSED] - println("M4_total_bonus_spins is:" + M4_total_bonus_spins): null

2019-08-10 23:46:12 - [TEST_STEP][PASSED] - M4_spin_bonus_data = bonus_data: null

2019-08-10 23:46:12 - [TEST_STEP][PASSED] - M4_spin_features_triggered = result_M4_spin: null

2019-08-10 23:46:12 - [TEST_STEP][PASSED] - wild = []: null

2019-08-10 23:46:12 - [TEST_STEP][PASSED] - wild[0] = "WILD_Expanding": null

2019-08-10 23:46:12 - [TEST_STEP][PASSED] - wild[1] = "WILD_Normal": null

2019-08-10 23:46:12 - [TEST_STEP][PASSED] - wild[2] = "WILD_Double": null

2019-08-10 23:46:12 - [TEST_STEP][PASSED] - wild[3] = "WILD_ExtraFG": null

2019-08-10 23:46:12 - [TEST_STEP][PASSED] - wild[4] = "WILD_Triple": null

2019-08-10 23:46:12 - [TEST_STEP][PASSED] - wildList = Arrays.asList(wild): null

2019-08-10 23:46:12 - [TEST_STEP][PASSED] - wildList = wildList: null

2019-08-10 23:46:12 - [TEST_STEP][PASSED] - free_spin_reel_counter = []: null

2019-08-10 23:46:12 - [TEST_STEP][PASSED] - free_spin_reel_counter[0] = 0: null

2019-08-10 23:46:12 - [TEST_STEP][PASSED] - free_spin_reel_counter[1] = 0: null

2019-08-10 23:46:12 - [TEST_STEP][PASSED] - free_spin_reel_counter[2] = 0: null

2019-08-10 23:46:12 - [TEST_STEP][PASSED] - M4_spin_reels = reels: null

2019-08-10 23:46:12 - [TEST_STEP][PASSED] - for ([i = 0, i &lt; M4_spin_reels.size(), (i++)]): null

2019-08-10 23:46:12 - [TEST_STEP][PASSED] - symbols = symbols: null

2019-08-10 23:46:12 - [TEST_STEP][PASSED] - for ([j = 0, j &lt; symbols.size(), (j++)]): null

2019-08-10 23:46:12 - [TEST_STEP][PASSED] - symbol = symbol: null

2019-08-10 23:46:12 - [TEST_STEP][PASSED] - println(symbol): null

2019-08-10 23:46:12 - [TEST_STEP][PASSED] - if (i == 2 &amp;&amp; wildList.indexOf(symbol) != -1): null

2019-08-10 23:46:12 - [TEST_STEP][PASSED] - if (i == 3 &amp;&amp; wildList.indexOf(symbol) != -1): null

2019-08-10 23:46:12 - [TEST_STEP][PASSED] - if (i == 4 &amp;&amp; wildList.indexOf(symbol) != -1): null

2019-08-10 23:46:12 - [TEST_STEP][PASSED] - symbol = symbol: null

2019-08-10 23:46:12 - [TEST_STEP][PASSED] - println(symbol): null

2019-08-10 23:46:12 - [TEST_STEP][PASSED] - if (i == 2 &amp;&amp; wildList.indexOf(symbol) != -1): null

2019-08-10 23:46:12 - [TEST_STEP][PASSED] - if (i == 3 &amp;&amp; wildList.indexOf(symbol) != -1): null

2019-08-10 23:46:12 - [TEST_STEP][PASSED] - if (i == 4 &amp;&amp; wildList.indexOf(symbol) != -1): null

2019-08-10 23:46:12 - [TEST_STEP][PASSED] - symbol = symbol: null

2019-08-10 23:46:12 - [TEST_STEP][PASSED] - println(symbol): null

2019-08-10 23:46:12 - [TEST_STEP][PASSED] - if (i == 2 &amp;&amp; wildList.indexOf(symbol) != -1): null

2019-08-10 23:46:12 - [TEST_STEP][PASSED] - if (i == 3 &amp;&amp; wildList.indexOf(symbol) != -1): null

2019-08-10 23:46:12 - [TEST_STEP][PASSED] - if (i == 4 &amp;&amp; wildList.indexOf(symbol) != -1): null

2019-08-10 23:46:12 - [TEST_STEP][PASSED] - symbols = symbols: null

2019-08-10 23:46:12 - [TEST_STEP][PASSED] - for ([j = 0, j &lt; symbols.size(), (j++)]): null

2019-08-10 23:46:12 - [TEST_STEP][PASSED] - symbol = symbol: null

2019-08-10 23:46:12 - [TEST_STEP][PASSED] - println(symbol): null

2019-08-10 23:46:12 - [TEST_STEP][PASSED] - if (i == 2 &amp;&amp; wildList.indexOf(symbol) != -1): null

2019-08-10 23:46:12 - [TEST_STEP][PASSED] - if (i == 3 &amp;&amp; wildList.indexOf(symbol) != -1): null

2019-08-10 23:46:12 - [TEST_STEP][PASSED] - if (i == 4 &amp;&amp; wildList.indexOf(symbol) != -1): null

2019-08-10 23:46:12 - [TEST_STEP][PASSED] - symbol = symbol: null

2019-08-10 23:46:12 - [TEST_STEP][PASSED] - println(symbol): null

2019-08-10 23:46:12 - [TEST_STEP][PASSED] - if (i == 2 &amp;&amp; wildList.indexOf(symbol) != -1): null

2019-08-10 23:46:12 - [TEST_STEP][PASSED] - if (i == 3 &amp;&amp; wildList.indexOf(symbol) != -1): null

2019-08-10 23:46:12 - [TEST_STEP][PASSED] - if (i == 4 &amp;&amp; wildList.indexOf(symbol) != -1): null

2019-08-10 23:46:12 - [TEST_STEP][PASSED] - symbol = symbol: null

2019-08-10 23:46:12 - [TEST_STEP][PASSED] - println(symbol): null

2019-08-10 23:46:12 - [TEST_STEP][PASSED] - if (i == 2 &amp;&amp; wildList.indexOf(symbol) != -1): null

2019-08-10 23:46:12 - [TEST_STEP][PASSED] - if (i == 3 &amp;&amp; wildList.indexOf(symbol) != -1): null

2019-08-10 23:46:12 - [TEST_STEP][PASSED] - if (i == 4 &amp;&amp; wildList.indexOf(symbol) != -1): null

2019-08-10 23:46:12 - [TEST_STEP][PASSED] - symbols = symbols: null

2019-08-10 23:46:12 - [TEST_STEP][PASSED] - for ([j = 0, j &lt; symbols.size(), (j++)]): null

2019-08-10 23:46:12 - [TEST_STEP][PASSED] - symbol = symbol: null

2019-08-10 23:46:12 - [TEST_STEP][PASSED] - println(symbol): null

2019-08-10 23:46:12 - [TEST_STEP][PASSED] - if (i == 2 &amp;&amp; wildList.indexOf(symbol) != -1): null

2019-08-10 23:46:12 - [TEST_STEP][PASSED] - if (i == 3 &amp;&amp; wildList.indexOf(symbol) != -1): null

2019-08-10 23:46:12 - [TEST_STEP][PASSED] - if (i == 4 &amp;&amp; wildList.indexOf(symbol) != -1): null

2019-08-10 23:46:12 - [TEST_STEP][PASSED] - symbol = symbol: null

2019-08-10 23:46:12 - [TEST_STEP][PASSED] - println(symbol): null

2019-08-10 23:46:12 - [TEST_STEP][PASSED] - if (i == 2 &amp;&amp; wildList.indexOf(symbol) != -1): null

2019-08-10 23:46:14 - [TEST_STEP][PASSED] - if (i == 3 &amp;&amp; wildList.indexOf(symbol) != -1): null

2019-08-10 23:46:14 - [TEST_STEP][PASSED] - if (i == 4 &amp;&amp; wildList.indexOf(symbol) != -1): null

2019-08-10 23:46:14 - [TEST_STEP][PASSED] - symbol = symbol: null

2019-08-10 23:46:14 - [TEST_STEP][PASSED] - println(symbol): null

2019-08-10 23:46:14 - [TEST_STEP][PASSED] - if (i == 2 &amp;&amp; wildList.indexOf(symbol) != -1): null

2019-08-10 23:46:14 - [TEST_STEP][PASSED] - if (i == 3 &amp;&amp; wildList.indexOf(symbol) != -1): null

2019-08-10 23:46:14 - [TEST_STEP][PASSED] - if (i == 4 &amp;&amp; wildList.indexOf(symbol) != -1): null

2019-08-10 23:46:14 - [TEST_STEP][PASSED] - symbols = symbols: null

2019-08-10 23:46:14 - [TEST_STEP][PASSED] - for ([j = 0, j &lt; symbols.size(), (j++)]): null

2019-08-10 23:46:14 - [TEST_STEP][PASSED] - symbol = symbol: null

2019-08-10 23:46:14 - [TEST_STEP][PASSED] - println(symbol): null

2019-08-10 23:46:14 - [TEST_STEP][PASSED] - if (i == 2 &amp;&amp; wildList.indexOf(symbol) != -1): null

2019-08-10 23:46:14 - [TEST_STEP][PASSED] - if (i == 3 &amp;&amp; wildList.indexOf(symbol) != -1): null

2019-08-10 23:46:14 - [TEST_STEP][PASSED] - if (i == 4 &amp;&amp; wildList.indexOf(symbol) != -1): null

2019-08-10 23:46:14 - [TEST_STEP][PASSED] - symbol = symbol: null

2019-08-10 23:46:14 - [TEST_STEP][PASSED] - println(symbol): null

2019-08-10 23:46:14 - [TEST_STEP][PASSED] - if (i == 2 &amp;&amp; wildList.indexOf(symbol) != -1): null

2019-08-10 23:46:14 - [TEST_STEP][PASSED] - if (i == 3 &amp;&amp; wildList.indexOf(symbol) != -1): null

2019-08-10 23:46:14 - [TEST_STEP][PASSED] - if (i == 4 &amp;&amp; wildList.indexOf(symbol) != -1): null

2019-08-10 23:46:14 - [TEST_STEP][PASSED] - symbol = symbol: null

2019-08-10 23:46:14 - [TEST_STEP][PASSED] - println(symbol): null

2019-08-10 23:46:14 - [TEST_STEP][PASSED] - if (i == 2 &amp;&amp; wildList.indexOf(symbol) != -1): null

2019-08-10 23:46:14 - [TEST_STEP][PASSED] - if (i == 3 &amp;&amp; wildList.indexOf(symbol) != -1): null

2019-08-10 23:46:14 - [TEST_STEP][PASSED] - if (i == 4 &amp;&amp; wildList.indexOf(symbol) != -1): null

2019-08-10 23:46:14 - [TEST_STEP][PASSED] - symbols = symbols: null

2019-08-10 23:46:14 - [TEST_STEP][PASSED] - for ([j = 0, j &lt; symbols.size(), (j++)]): null

2019-08-10 23:46:14 - [TEST_STEP][PASSED] - symbol = symbol: null

2019-08-10 23:46:14 - [TEST_STEP][PASSED] - println(symbol): null

2019-08-10 23:46:14 - [TEST_STEP][PASSED] - if (i == 2 &amp;&amp; wildList.indexOf(symbol) != -1): null

2019-08-10 23:46:14 - [TEST_STEP][PASSED] - if (i == 3 &amp;&amp; wildList.indexOf(symbol) != -1): null

2019-08-10 23:46:14 - [TEST_STEP][PASSED] - if (i == 4 &amp;&amp; wildList.indexOf(symbol) != -1): null

2019-08-10 23:46:14 - [TEST_STEP][PASSED] - println("wild found on reel 5, adding counter by 1"): null

2019-08-10 23:46:14 - [TEST_STEP][PASSED] - free_spin_reel_counter[2] = free_spin_reel_counter[2] + 1: null

2019-08-10 23:46:14 - [TEST_STEP][PASSED] - symbol = symbol: null

2019-08-10 23:46:14 - [TEST_STEP][PASSED] - println(symbol): null

2019-08-10 23:46:14 - [TEST_STEP][PASSED] - if (i == 2 &amp;&amp; wildList.indexOf(symbol) != -1): null

2019-08-10 23:46:14 - [TEST_STEP][PASSED] - if (i == 3 &amp;&amp; wildList.indexOf(symbol) != -1): null

2019-08-10 23:46:14 - [TEST_STEP][PASSED] - if (i == 4 &amp;&amp; wildList.indexOf(symbol) != -1): null

2019-08-10 23:46:14 - [TEST_STEP][PASSED] - symbol = symbol: null

2019-08-10 23:46:14 - [TEST_STEP][PASSED] - println(symbol): null

2019-08-10 23:46:14 - [TEST_STEP][PASSED] - if (i == 2 &amp;&amp; wildList.indexOf(symbol) != -1): null

2019-08-10 23:46:14 - [TEST_STEP][PASSED] - if (i == 3 &amp;&amp; wildList.indexOf(symbol) != -1): null

2019-08-10 23:46:14 - [TEST_STEP][PASSED] - if (i == 4 &amp;&amp; wildList.indexOf(symbol) != -1): null

2019-08-10 23:46:14 - [TEST_STEP][PASSED] - free_spin_reel_counter = free_spin_reel_counter: null

2019-08-10 23:46:14 - [TEST_STEP][PASSED] - println("reel 3 wild found: " + free_spin_reel_counter[0]): null

2019-08-10 23:46:14 - [TEST_STEP][PASSED] - println("reel 4 wild found: " + free_spin_reel_counter[1]): null

2019-08-10 23:46:14 - [TEST_STEP][PASSED] - println("reel 5 wild found: " + free_spin_reel_counter[2]): null

2019-08-10 23:46:14 - [TEST_STEP][PASSED] - M4_spin_reels = M4_spin_reels: null

2019-08-10 23:46:14 - [TEST_STEP][PASSED] - M4_spin_reels_symbols = symbol: null

2019-08-10 23:46:14 - [TEST_STEP][PASSED] - M4_spin_reels_symbols = M4_spin_reels_symbols: null

2019-08-10 23:46:14 - [TEST_STEP][PASSED] - M4_spin_reel_wins = reel_wins: null

2019-08-10 23:46:14 - [TEST_STEP][PASSED] - M4_spin_reel_wins = M4_spin_reel_wins: null

2019-08-10 23:46:14 - [TEST_STEP][PASSED] - println("GlobalVariable.M4_spin_reel_wins is: " + M4_spin_reel_wins): null

2019-08-10 23:46:14 - [TEST_STEP][PASSED] - M4_spin_total_bonus_win_this_round = total_bonus_win_this_round: null

2019-08-10 23:46:14 - [TEST_STEP][PASSED] - M4_spin_total_bonus_win_this_round = M4_spin_total_bonus_win_this_round: null

2019-08-10 23:46:14 - [TEST_STEP][PASSED] - println("GlobalVariable.M4_spin_total_bonus_win_this_round is: " + M4_spin_total_bonus_win_this_round): null

2019-08-10 23:46:14 - [MESSAGE][PASSED] - Verify response successfully

2019-08-10 23:46:14 - [MESSAGE][PASSED] - Send request and verify the response successfully

2019-08-10 23:46:14 - [TEST_STEP][PASSED] - if (M4_total_bonus_spins_int != 0 &amp;&amp; M4_spin_reels_symbols[2].contains("WILD_ExtraFG") || M4_spin_reels_symbols[3].contains("WILD_ExtraFG")): null

2019-08-10 23:46:14 - [TEST_STEP][PASSED] - free_spin_reel_counter = free_spin_reel_counter: null

2019-08-10 23:46:14 - [TEST_STEP][PASSED] - M4_spin_reels_symbols = M4_spin_reels_symbols: null

2019-08-10 23:46:14 - [TEST_STEP][PASSED] - M4_total_bonus_spins = M4_total_bonus_spins: null

2019-08-10 23:46:14 - [TEST_STEP][PASSED] - spin_result = sendRequestAndVerify(findTestObject("RGS(M4)/1_M4_spin", ["M4_login_user_id":M4_login_user_id, "rgs_session_token":rgs_session_token, "partner":Partner])): Send request and verify the response successfully

2019-08-10 23:46:14 - [TEST_CASE][PASSED] - Start Test Case : Verification: Verification accomplished successfully

2019-08-10 23:46:14 - [TEST_STEP][PASSED] - request = getInstance().getCurrentRequest(): null

2019-08-10 23:46:14 - [TEST_STEP][PASSED] - response = getInstance().getCurrentResponse(): null

2019-08-10 23:46:14 - [TEST_STEP][PASSED] - verifyResponseStatusCode(response, 200): Verify response status code successfully

2019-08-10 23:46:14 - [MESSAGE][PASSED] - Verify response status code successfully

2019-08-10 23:46:14 - [TEST_STEP][PASSED] - getStatusCode()).isEqualTo(200): null

2019-08-10 23:46:14 - [TEST_STEP][PASSED] - newline = System.getProperty("line.separator"): null

2019-08-10 23:46:14 - [TEST_STEP][PASSED] - M4_spin = new groovy.json.JsonSlurper(): null

2019-08-10 23:46:14 - [TEST_STEP][PASSED] - result_M4_spin = M4_spin.parseText(response.getResponseBodyContent()): null

2019-08-10 23:46:14 - [TEST_STEP][PASSED] - M4_spin_current_balance = current_balance: null

2019-08-10 23:46:14 - [TEST_STEP][PASSED] - M4_spin_current_balance = M4_spin_current_balance: null

2019-08-10 23:46:14 - [TEST_STEP][PASSED] - M4_spin_transaction_id = causality: null

2019-08-10 23:46:14 - [TEST_STEP][PASSED] - M4_spin_transaction_id = M4_spin_transaction_id: null

2019-08-10 23:46:14 - [TEST_STEP][PASSED] - M4_spin_round_id = round_id: null

2019-08-10 23:46:14 - [TEST_STEP][PASSED] - M4_spin_round_id = M4_spin_round_id: null

2019-08-10 23:46:14 - [TEST_STEP][PASSED] - M4_spin_line_wins = line_wins: null

2019-08-10 23:46:14 - [TEST_STEP][PASSED] - M4_spin_line_wins = M4_spin_line_wins: null

2019-08-10 23:46:14 - [TEST_STEP][PASSED] - M4_total_bonus_spins_int = total_bonus_spins: null

2019-08-10 23:46:14 - [TEST_STEP][PASSED] - println("******M4_total_bonus_spins type is:*******" + newline + getClass().getName()): null

2019-08-10 23:46:14 - [TEST_STEP][PASSED] - M4_total_bonus_spins_int = M4_total_bonus_spins_int: null

2019-08-10 23:46:14 - [TEST_STEP][PASSED] - M4_total_bonus_spins = Integer.toString(M4_total_bonus_spins_int): null

2019-08-10 23:46:14 - [TEST_STEP][PASSED] - M4_total_bonus_spins = M4_total_bonus_spins: null

2019-08-10 23:46:14 - [TEST_STEP][PASSED] - println("M4_total_bonus_spins is:" + M4_total_bonus_spins): null

2019-08-10 23:46:14 - [TEST_STEP][PASSED] - M4_spin_bonus_data = bonus_data: null

2019-08-10 23:46:14 - [TEST_STEP][PASSED] - M4_spin_features_triggered = result_M4_spin: null

2019-08-10 23:46:14 - [TEST_STEP][PASSED] - wild = []: null

2019-08-10 23:46:14 - [TEST_STEP][PASSED] - wild[0] = "WILD_Expanding": null

2019-08-10 23:46:14 - [TEST_STEP][PASSED] - wild[1] = "WILD_Normal": null

2019-08-10 23:46:14 - [TEST_STEP][PASSED] - wild[2] = "WILD_Double": null

2019-08-10 23:46:14 - [TEST_STEP][PASSED] - wild[3] = "WILD_ExtraFG": null

2019-08-10 23:46:14 - [TEST_STEP][PASSED] - wild[4] = "WILD_Triple": null

2019-08-10 23:46:14 - [TEST_STEP][PASSED] - wildList = Arrays.asList(wild): null

2019-08-10 23:46:14 - [TEST_STEP][PASSED] - wildList = wildList: null

2019-08-10 23:46:14 - [TEST_STEP][PASSED] - free_spin_reel_counter = []: null

2019-08-10 23:46:14 - [TEST_STEP][PASSED] - free_spin_reel_counter[0] = 0: null

2019-08-10 23:46:14 - [TEST_STEP][PASSED] - free_spin_reel_counter[1] = 0: null

2019-08-10 23:46:14 - [TEST_STEP][PASSED] - free_spin_reel_counter[2] = 0: null

2019-08-10 23:46:14 - [TEST_STEP][PASSED] - M4_spin_reels = reels: null

2019-08-10 23:46:14 - [TEST_STEP][PASSED] - for ([i = 0, i &lt; M4_spin_reels.size(), (i++)]): null

2019-08-10 23:46:14 - [TEST_STEP][PASSED] - symbols = symbols: null

2019-08-10 23:46:14 - [TEST_STEP][PASSED] - for ([j = 0, j &lt; symbols.size(), (j++)]): null

2019-08-10 23:46:14 - [TEST_STEP][PASSED] - symbol = symbol: null

2019-08-10 23:46:14 - [TEST_STEP][PASSED] - println(symbol): null

2019-08-10 23:46:14 - [TEST_STEP][PASSED] - if (i == 2 &amp;&amp; wildList.indexOf(symbol) != -1): null

2019-08-10 23:46:14 - [TEST_STEP][PASSED] - if (i == 3 &amp;&amp; wildList.indexOf(symbol) != -1): null

2019-08-10 23:46:14 - [TEST_STEP][PASSED] - if (i == 4 &amp;&amp; wildList.indexOf(symbol) != -1): null

2019-08-10 23:46:14 - [TEST_STEP][PASSED] - symbol = symbol: null

2019-08-10 23:46:14 - [TEST_STEP][PASSED] - println(symbol): null

2019-08-10 23:46:14 - [TEST_STEP][PASSED] - if (i == 2 &amp;&amp; wildList.indexOf(symbol) != -1): null

2019-08-10 23:46:14 - [TEST_STEP][PASSED] - if (i == 3 &amp;&amp; wildList.indexOf(symbol) != -1): null

2019-08-10 23:46:14 - [TEST_STEP][PASSED] - if (i == 4 &amp;&amp; wildList.indexOf(symbol) != -1): null

2019-08-10 23:46:14 - [TEST_STEP][PASSED] - symbol = symbol: null

2019-08-10 23:46:14 - [TEST_STEP][PASSED] - println(symbol): null

2019-08-10 23:46:14 - [TEST_STEP][PASSED] - if (i == 2 &amp;&amp; wildList.indexOf(symbol) != -1): null

2019-08-10 23:46:14 - [TEST_STEP][PASSED] - if (i == 3 &amp;&amp; wildList.indexOf(symbol) != -1): null

2019-08-10 23:46:14 - [TEST_STEP][PASSED] - if (i == 4 &amp;&amp; wildList.indexOf(symbol) != -1): null

2019-08-10 23:46:14 - [TEST_STEP][PASSED] - symbols = symbols: null

2019-08-10 23:46:14 - [TEST_STEP][PASSED] - for ([j = 0, j &lt; symbols.size(), (j++)]): null

2019-08-10 23:46:14 - [TEST_STEP][PASSED] - symbol = symbol: null

2019-08-10 23:46:14 - [TEST_STEP][PASSED] - println(symbol): null

2019-08-10 23:46:14 - [TEST_STEP][PASSED] - if (i == 2 &amp;&amp; wildList.indexOf(symbol) != -1): null

2019-08-10 23:46:14 - [TEST_STEP][PASSED] - if (i == 3 &amp;&amp; wildList.indexOf(symbol) != -1): null

2019-08-10 23:46:14 - [TEST_STEP][PASSED] - if (i == 4 &amp;&amp; wildList.indexOf(symbol) != -1): null

2019-08-10 23:46:14 - [TEST_STEP][PASSED] - symbol = symbol: null

2019-08-10 23:46:14 - [TEST_STEP][PASSED] - println(symbol): null

2019-08-10 23:46:14 - [TEST_STEP][PASSED] - if (i == 2 &amp;&amp; wildList.indexOf(symbol) != -1): null

2019-08-10 23:46:14 - [TEST_STEP][PASSED] - if (i == 3 &amp;&amp; wildList.indexOf(symbol) != -1): null

2019-08-10 23:46:14 - [TEST_STEP][PASSED] - if (i == 4 &amp;&amp; wildList.indexOf(symbol) != -1): null

2019-08-10 23:46:14 - [TEST_STEP][PASSED] - symbol = symbol: null

2019-08-10 23:46:14 - [TEST_STEP][PASSED] - println(symbol): null

2019-08-10 23:46:14 - [TEST_STEP][PASSED] - if (i == 2 &amp;&amp; wildList.indexOf(symbol) != -1): null

2019-08-10 23:46:14 - [TEST_STEP][PASSED] - if (i == 3 &amp;&amp; wildList.indexOf(symbol) != -1): null

2019-08-10 23:46:14 - [TEST_STEP][PASSED] - if (i == 4 &amp;&amp; wildList.indexOf(symbol) != -1): null

2019-08-10 23:46:14 - [TEST_STEP][PASSED] - symbols = symbols: null

2019-08-10 23:46:14 - [TEST_STEP][PASSED] - for ([j = 0, j &lt; symbols.size(), (j++)]): null

2019-08-10 23:46:14 - [TEST_STEP][PASSED] - symbol = symbol: null

2019-08-10 23:46:14 - [TEST_STEP][PASSED] - println(symbol): null

2019-08-10 23:46:14 - [TEST_STEP][PASSED] - if (i == 2 &amp;&amp; wildList.indexOf(symbol) != -1): null

2019-08-10 23:46:14 - [TEST_STEP][PASSED] - if (i == 3 &amp;&amp; wildList.indexOf(symbol) != -1): null

2019-08-10 23:46:14 - [TEST_STEP][PASSED] - if (i == 4 &amp;&amp; wildList.indexOf(symbol) != -1): null

2019-08-10 23:46:14 - [TEST_STEP][PASSED] - symbol = symbol: null

2019-08-10 23:46:14 - [TEST_STEP][PASSED] - println(symbol): null

2019-08-10 23:46:14 - [TEST_STEP][PASSED] - if (i == 2 &amp;&amp; wildList.indexOf(symbol) != -1): null

2019-08-10 23:46:14 - [TEST_STEP][PASSED] - if (i == 3 &amp;&amp; wildList.indexOf(symbol) != -1): null

2019-08-10 23:46:14 - [TEST_STEP][PASSED] - if (i == 4 &amp;&amp; wildList.indexOf(symbol) != -1): null

2019-08-10 23:46:14 - [TEST_STEP][PASSED] - symbol = symbol: null

2019-08-10 23:46:14 - [TEST_STEP][PASSED] - println(symbol): null

2019-08-10 23:46:14 - [TEST_STEP][PASSED] - if (i == 2 &amp;&amp; wildList.indexOf(symbol) != -1): null

2019-08-10 23:46:14 - [TEST_STEP][PASSED] - if (i == 3 &amp;&amp; wildList.indexOf(symbol) != -1): null

2019-08-10 23:46:14 - [TEST_STEP][PASSED] - if (i == 4 &amp;&amp; wildList.indexOf(symbol) != -1): null

2019-08-10 23:46:14 - [TEST_STEP][PASSED] - symbols = symbols: null

2019-08-10 23:46:14 - [TEST_STEP][PASSED] - for ([j = 0, j &lt; symbols.size(), (j++)]): null

2019-08-10 23:46:14 - [TEST_STEP][PASSED] - symbol = symbol: null

2019-08-10 23:46:14 - [TEST_STEP][PASSED] - println(symbol): null

2019-08-10 23:46:14 - [TEST_STEP][PASSED] - if (i == 2 &amp;&amp; wildList.indexOf(symbol) != -1): null

2019-08-10 23:46:14 - [TEST_STEP][PASSED] - if (i == 3 &amp;&amp; wildList.indexOf(symbol) != -1): null

2019-08-10 23:46:14 - [TEST_STEP][PASSED] - if (i == 4 &amp;&amp; wildList.indexOf(symbol) != -1): null

2019-08-10 23:46:14 - [TEST_STEP][PASSED] - symbol = symbol: null

2019-08-10 23:46:14 - [TEST_STEP][PASSED] - println(symbol): null

2019-08-10 23:46:14 - [TEST_STEP][PASSED] - if (i == 2 &amp;&amp; wildList.indexOf(symbol) != -1): null

2019-08-10 23:46:14 - [TEST_STEP][PASSED] - if (i == 3 &amp;&amp; wildList.indexOf(symbol) != -1): null

2019-08-10 23:46:14 - [TEST_STEP][PASSED] - if (i == 4 &amp;&amp; wildList.indexOf(symbol) != -1): null

2019-08-10 23:46:14 - [TEST_STEP][PASSED] - symbol = symbol: null

2019-08-10 23:46:14 - [TEST_STEP][PASSED] - println(symbol): null

2019-08-10 23:46:14 - [TEST_STEP][PASSED] - if (i == 2 &amp;&amp; wildList.indexOf(symbol) != -1): null

2019-08-10 23:46:14 - [TEST_STEP][PASSED] - if (i == 3 &amp;&amp; wildList.indexOf(symbol) != -1): null

2019-08-10 23:46:14 - [TEST_STEP][PASSED] - if (i == 4 &amp;&amp; wildList.indexOf(symbol) != -1): null

2019-08-10 23:46:14 - [TEST_STEP][PASSED] - symbols = symbols: null

2019-08-10 23:46:14 - [TEST_STEP][PASSED] - for ([j = 0, j &lt; symbols.size(), (j++)]): null

2019-08-10 23:46:14 - [TEST_STEP][PASSED] - symbol = symbol: null

2019-08-10 23:46:14 - [TEST_STEP][PASSED] - println(symbol): null

2019-08-10 23:46:14 - [TEST_STEP][PASSED] - if (i == 2 &amp;&amp; wildList.indexOf(symbol) != -1): null

2019-08-10 23:46:14 - [TEST_STEP][PASSED] - if (i == 3 &amp;&amp; wildList.indexOf(symbol) != -1): null

2019-08-10 23:46:14 - [TEST_STEP][PASSED] - if (i == 4 &amp;&amp; wildList.indexOf(symbol) != -1): null

2019-08-10 23:46:14 - [TEST_STEP][PASSED] - symbol = symbol: null

2019-08-10 23:46:14 - [TEST_STEP][PASSED] - println(symbol): null

2019-08-10 23:46:14 - [TEST_STEP][PASSED] - if (i == 2 &amp;&amp; wildList.indexOf(symbol) != -1): null

2019-08-10 23:46:14 - [TEST_STEP][PASSED] - if (i == 3 &amp;&amp; wildList.indexOf(symbol) != -1): null

2019-08-10 23:46:14 - [TEST_STEP][PASSED] - if (i == 4 &amp;&amp; wildList.indexOf(symbol) != -1): null

2019-08-10 23:46:14 - [TEST_STEP][PASSED] - symbol = symbol: null

2019-08-10 23:46:14 - [TEST_STEP][PASSED] - println(symbol): null

2019-08-10 23:46:14 - [TEST_STEP][PASSED] - if (i == 2 &amp;&amp; wildList.indexOf(symbol) != -1): null

2019-08-10 23:46:14 - [TEST_STEP][PASSED] - if (i == 3 &amp;&amp; wildList.indexOf(symbol) != -1): null

2019-08-10 23:46:14 - [TEST_STEP][PASSED] - if (i == 4 &amp;&amp; wildList.indexOf(symbol) != -1): null

2019-08-10 23:46:14 - [TEST_STEP][PASSED] - free_spin_reel_counter = free_spin_reel_counter: null

2019-08-10 23:46:14 - [TEST_STEP][PASSED] - println("reel 3 wild found: " + free_spin_reel_counter[0]): null

2019-08-10 23:46:14 - [TEST_STEP][PASSED] - println("reel 4 wild found: " + free_spin_reel_counter[1]): null

2019-08-10 23:46:14 - [TEST_STEP][PASSED] - println("reel 5 wild found: " + free_spin_reel_counter[2]): null

2019-08-10 23:46:14 - [TEST_STEP][PASSED] - M4_spin_reels = M4_spin_reels: null

2019-08-10 23:46:14 - [TEST_STEP][PASSED] - M4_spin_reels_symbols = symbol: null

2019-08-10 23:46:14 - [TEST_STEP][PASSED] - M4_spin_reels_symbols = M4_spin_reels_symbols: null

2019-08-10 23:46:14 - [TEST_STEP][PASSED] - M4_spin_reel_wins = reel_wins: null

2019-08-10 23:46:14 - [TEST_STEP][PASSED] - M4_spin_reel_wins = M4_spin_reel_wins: null

2019-08-10 23:46:14 - [TEST_STEP][PASSED] - println("GlobalVariable.M4_spin_reel_wins is: " + M4_spin_reel_wins): null

2019-08-10 23:46:14 - [TEST_STEP][PASSED] - M4_spin_total_bonus_win_this_round = total_bonus_win_this_round: null

2019-08-10 23:46:14 - [TEST_STEP][PASSED] - M4_spin_total_bonus_win_this_round = M4_spin_total_bonus_win_this_round: null

2019-08-10 23:46:14 - [TEST_STEP][PASSED] - println("GlobalVariable.M4_spin_total_bonus_win_this_round is: " + M4_spin_total_bonus_win_this_round): null

2019-08-10 23:46:14 - [MESSAGE][PASSED] - Verify response successfully

2019-08-10 23:46:14 - [MESSAGE][PASSED] - Send request and verify the response successfully

2019-08-10 23:46:14 - [TEST_STEP][PASSED] - if (M4_total_bonus_spins_int != 0 &amp;&amp; M4_spin_reels_symbols[2].contains("WILD_ExtraFG") || M4_spin_reels_symbols[3].contains("WILD_ExtraFG")): null

2019-08-10 23:46:14 - [TEST_STEP][PASSED] - free_spin_reel_counter = free_spin_reel_counter: null

2019-08-10 23:46:14 - [TEST_STEP][PASSED] - M4_spin_reels_symbols = M4_spin_reels_symbols: null

2019-08-10 23:46:14 - [TEST_STEP][PASSED] - M4_total_bonus_spins = M4_total_bonus_spins: null

2019-08-10 23:46:14 - [TEST_STEP][PASSED] - spin_result = sendRequestAndVerify(findTestObject("RGS(M4)/1_M4_spin", ["M4_login_user_id":M4_login_user_id, "rgs_session_token":rgs_session_token, "partner":Partner])): Send request and verify the response successfully

2019-08-10 23:46:15 - [TEST_CASE][PASSED] - Start Test Case : Verification: Verification accomplished successfully

2019-08-10 23:46:15 - [TEST_STEP][PASSED] - request = getInstance().getCurrentRequest(): null

2019-08-10 23:46:15 - [TEST_STEP][PASSED] - response = getInstance().getCurrentResponse(): null

2019-08-10 23:46:15 - [TEST_STEP][PASSED] - verifyResponseStatusCode(response, 200): Verify response status code successfully

2019-08-10 23:46:15 - [MESSAGE][PASSED] - Verify response status code successfully

2019-08-10 23:46:15 - [TEST_STEP][PASSED] - getStatusCode()).isEqualTo(200): null

2019-08-10 23:46:15 - [TEST_STEP][PASSED] - newline = System.getProperty("line.separator"): null

2019-08-10 23:46:15 - [TEST_STEP][PASSED] - M4_spin = new groovy.json.JsonSlurper(): null

2019-08-10 23:46:15 - [TEST_STEP][PASSED] - result_M4_spin = M4_spin.parseText(response.getResponseBodyContent()): null

2019-08-10 23:46:15 - [TEST_STEP][PASSED] - M4_spin_current_balance = current_balance: null

2019-08-10 23:46:15 - [TEST_STEP][PASSED] - M4_spin_current_balance = M4_spin_current_balance: null

2019-08-10 23:46:15 - [TEST_STEP][PASSED] - M4_spin_transaction_id = causality: null

2019-08-10 23:46:15 - [TEST_STEP][PASSED] - M4_spin_transaction_id = M4_spin_transaction_id: null

2019-08-10 23:46:15 - [TEST_STEP][PASSED] - M4_spin_round_id = round_id: null

2019-08-10 23:46:15 - [TEST_STEP][PASSED] - M4_spin_round_id = M4_spin_round_id: null

2019-08-10 23:46:15 - [TEST_STEP][PASSED] - M4_spin_line_wins = line_wins: null

2019-08-10 23:46:15 - [TEST_STEP][PASSED] - M4_spin_line_wins = M4_spin_line_wins: null

2019-08-10 23:46:15 - [TEST_STEP][PASSED] - M4_total_bonus_spins_int = total_bonus_spins: null

2019-08-10 23:46:15 - [TEST_STEP][PASSED] - println("******M4_total_bonus_spins type is:*******" + newline + getClass().getName()): null

2019-08-10 23:46:15 - [TEST_STEP][PASSED] - M4_total_bonus_spins_int = M4_total_bonus_spins_int: null

2019-08-10 23:46:15 - [TEST_STEP][PASSED] - M4_total_bonus_spins = Integer.toString(M4_total_bonus_spins_int): null

2019-08-10 23:46:15 - [TEST_STEP][PASSED] - M4_total_bonus_spins = M4_total_bonus_spins: null

2019-08-10 23:46:15 - [TEST_STEP][PASSED] - println("M4_total_bonus_spins is:" + M4_total_bonus_spins): null

2019-08-10 23:46:15 - [TEST_STEP][PASSED] - M4_spin_bonus_data = bonus_data: null

2019-08-10 23:46:15 - [TEST_STEP][PASSED] - M4_spin_features_triggered = result_M4_spin: null

2019-08-10 23:46:15 - [TEST_STEP][PASSED] - wild = []: null

2019-08-10 23:46:15 - [TEST_STEP][PASSED] - wild[0] = "WILD_Expanding": null

2019-08-10 23:46:15 - [TEST_STEP][PASSED] - wild[1] = "WILD_Normal": null

2019-08-10 23:46:15 - [TEST_STEP][PASSED] - wild[2] = "WILD_Double": null

2019-08-10 23:46:15 - [TEST_STEP][PASSED] - wild[3] = "WILD_ExtraFG": null

2019-08-10 23:46:15 - [TEST_STEP][PASSED] - wild[4] = "WILD_Triple": null

2019-08-10 23:46:15 - [TEST_STEP][PASSED] - wildList = Arrays.asList(wild): null

2019-08-10 23:46:15 - [TEST_STEP][PASSED] - wildList = wildList: null

2019-08-10 23:46:15 - [TEST_STEP][PASSED] - free_spin_reel_counter = []: null

2019-08-10 23:46:15 - [TEST_STEP][PASSED] - free_spin_reel_counter[0] = 0: null

2019-08-10 23:46:15 - [TEST_STEP][PASSED] - free_spin_reel_counter[1] = 0: null

2019-08-10 23:46:15 - [TEST_STEP][PASSED] - free_spin_reel_counter[2] = 0: null

2019-08-10 23:46:15 - [TEST_STEP][PASSED] - M4_spin_reels = reels: null

2019-08-10 23:46:15 - [TEST_STEP][PASSED] - for ([i = 0, i &lt; M4_spin_reels.size(), (i++)]): null

2019-08-10 23:46:15 - [TEST_STEP][PASSED] - symbols = symbols: null

2019-08-10 23:46:15 - [TEST_STEP][PASSED] - for ([j = 0, j &lt; symbols.size(), (j++)]): null

2019-08-10 23:46:15 - [TEST_STEP][PASSED] - symbol = symbol: null

2019-08-10 23:46:15 - [TEST_STEP][PASSED] - println(symbol): null

2019-08-10 23:46:15 - [TEST_STEP][PASSED] - if (i == 2 &amp;&amp; wildList.indexOf(symbol) != -1): null

2019-08-10 23:46:15 - [TEST_STEP][PASSED] - if (i == 3 &amp;&amp; wildList.indexOf(symbol) != -1): null

2019-08-10 23:46:15 - [TEST_STEP][PASSED] - if (i == 4 &amp;&amp; wildList.indexOf(symbol) != -1): null

2019-08-10 23:46:15 - [TEST_STEP][PASSED] - symbol = symbol: null

2019-08-10 23:46:15 - [TEST_STEP][PASSED] - println(symbol): null

2019-08-10 23:46:15 - [TEST_STEP][PASSED] - if (i == 2 &amp;&amp; wildList.indexOf(symbol) != -1): null

2019-08-10 23:46:15 - [TEST_STEP][PASSED] - if (i == 3 &amp;&amp; wildList.indexOf(symbol) != -1): null

2019-08-10 23:46:15 - [TEST_STEP][PASSED] - if (i == 4 &amp;&amp; wildList.indexOf(symbol) != -1): null

2019-08-10 23:46:15 - [TEST_STEP][PASSED] - symbol = symbol: null

2019-08-10 23:46:15 - [TEST_STEP][PASSED] - println(symbol): null

2019-08-10 23:46:15 - [TEST_STEP][PASSED] - if (i == 2 &amp;&amp; wildList.indexOf(symbol) != -1): null

2019-08-10 23:46:15 - [TEST_STEP][PASSED] - if (i == 3 &amp;&amp; wildList.indexOf(symbol) != -1): null

2019-08-10 23:46:15 - [TEST_STEP][PASSED] - if (i == 4 &amp;&amp; wildList.indexOf(symbol) != -1): null

2019-08-10 23:46:15 - [TEST_STEP][PASSED] - symbols = symbols: null

2019-08-10 23:46:15 - [TEST_STEP][PASSED] - for ([j = 0, j &lt; symbols.size(), (j++)]): null

2019-08-10 23:46:15 - [TEST_STEP][PASSED] - symbol = symbol: null

2019-08-10 23:46:15 - [TEST_STEP][PASSED] - println(symbol): null

2019-08-10 23:46:15 - [TEST_STEP][PASSED] - if (i == 2 &amp;&amp; wildList.indexOf(symbol) != -1): null

2019-08-10 23:46:15 - [TEST_STEP][PASSED] - if (i == 3 &amp;&amp; wildList.indexOf(symbol) != -1): null

2019-08-10 23:46:15 - [TEST_STEP][PASSED] - if (i == 4 &amp;&amp; wildList.indexOf(symbol) != -1): null

2019-08-10 23:46:15 - [TEST_STEP][PASSED] - symbol = symbol: null

2019-08-10 23:46:15 - [TEST_STEP][PASSED] - println(symbol): null

2019-08-10 23:46:15 - [TEST_STEP][PASSED] - if (i == 2 &amp;&amp; wildList.indexOf(symbol) != -1): null

2019-08-10 23:46:15 - [TEST_STEP][PASSED] - if (i == 3 &amp;&amp; wildList.indexOf(symbol) != -1): null

2019-08-10 23:46:15 - [TEST_STEP][PASSED] - if (i == 4 &amp;&amp; wildList.indexOf(symbol) != -1): null

2019-08-10 23:46:15 - [TEST_STEP][PASSED] - symbol = symbol: null

2019-08-10 23:46:15 - [TEST_STEP][PASSED] - println(symbol): null

2019-08-10 23:46:15 - [TEST_STEP][PASSED] - if (i == 2 &amp;&amp; wildList.indexOf(symbol) != -1): null

2019-08-10 23:46:15 - [TEST_STEP][PASSED] - if (i == 3 &amp;&amp; wildList.indexOf(symbol) != -1): null

2019-08-10 23:46:15 - [TEST_STEP][PASSED] - if (i == 4 &amp;&amp; wildList.indexOf(symbol) != -1): null

2019-08-10 23:46:15 - [TEST_STEP][PASSED] - symbols = symbols: null

2019-08-10 23:46:15 - [TEST_STEP][PASSED] - for ([j = 0, j &lt; symbols.size(), (j++)]): null

2019-08-10 23:46:15 - [TEST_STEP][PASSED] - symbol = symbol: null

2019-08-10 23:46:15 - [TEST_STEP][PASSED] - println(symbol): null

2019-08-10 23:46:15 - [TEST_STEP][PASSED] - if (i == 2 &amp;&amp; wildList.indexOf(symbol) != -1): null

2019-08-10 23:46:15 - [TEST_STEP][PASSED] - if (i == 3 &amp;&amp; wildList.indexOf(symbol) != -1): null

2019-08-10 23:46:15 - [TEST_STEP][PASSED] - if (i == 4 &amp;&amp; wildList.indexOf(symbol) != -1): null

2019-08-10 23:46:15 - [TEST_STEP][PASSED] - symbol = symbol: null

2019-08-10 23:46:15 - [TEST_STEP][PASSED] - println(symbol): null

2019-08-10 23:46:15 - [TEST_STEP][PASSED] - if (i == 2 &amp;&amp; wildList.indexOf(symbol) != -1): null

2019-08-10 23:46:15 - [TEST_STEP][PASSED] - if (i == 3 &amp;&amp; wildList.indexOf(symbol) != -1): null

2019-08-10 23:46:15 - [TEST_STEP][PASSED] - if (i == 4 &amp;&amp; wildList.indexOf(symbol) != -1): null

2019-08-10 23:46:15 - [TEST_STEP][PASSED] - symbol = symbol: null

2019-08-10 23:46:15 - [TEST_STEP][PASSED] - println(symbol): null

2019-08-10 23:46:15 - [TEST_STEP][PASSED] - if (i == 2 &amp;&amp; wildList.indexOf(symbol) != -1): null

2019-08-10 23:46:15 - [TEST_STEP][PASSED] - if (i == 3 &amp;&amp; wildList.indexOf(symbol) != -1): null

2019-08-10 23:46:15 - [TEST_STEP][PASSED] - if (i == 4 &amp;&amp; wildList.indexOf(symbol) != -1): null

2019-08-10 23:46:15 - [TEST_STEP][PASSED] - symbols = symbols: null

2019-08-10 23:46:15 - [TEST_STEP][PASSED] - for ([j = 0, j &lt; symbols.size(), (j++)]): null

2019-08-10 23:46:15 - [TEST_STEP][PASSED] - symbol = symbol: null

2019-08-10 23:46:15 - [TEST_STEP][PASSED] - println(symbol): null

2019-08-10 23:46:15 - [TEST_STEP][PASSED] - if (i == 2 &amp;&amp; wildList.indexOf(symbol) != -1): null

2019-08-10 23:46:15 - [TEST_STEP][PASSED] - if (i == 3 &amp;&amp; wildList.indexOf(symbol) != -1): null

2019-08-10 23:46:15 - [TEST_STEP][PASSED] - println("wild found on reel 4, adding counter by 1"): null

2019-08-10 23:46:15 - [TEST_STEP][PASSED] - free_spin_reel_counter[1] = free_spin_reel_counter[1] + 1: null

2019-08-10 23:46:15 - [TEST_STEP][PASSED] - if (i == 4 &amp;&amp; wildList.indexOf(symbol) != -1): null

2019-08-10 23:46:15 - [TEST_STEP][PASSED] - symbol = symbol: null

2019-08-10 23:46:15 - [TEST_STEP][PASSED] - println(symbol): null

2019-08-10 23:46:15 - [TEST_STEP][PASSED] - if (i == 2 &amp;&amp; wildList.indexOf(symbol) != -1): null

2019-08-10 23:46:15 - [TEST_STEP][PASSED] - if (i == 3 &amp;&amp; wildList.indexOf(symbol) != -1): null

2019-08-10 23:46:15 - [TEST_STEP][PASSED] - if (i == 4 &amp;&amp; wildList.indexOf(symbol) != -1): null

2019-08-10 23:46:15 - [TEST_STEP][PASSED] - symbol = symbol: null

2019-08-10 23:46:15 - [TEST_STEP][PASSED] - println(symbol): null

2019-08-10 23:46:15 - [TEST_STEP][PASSED] - if (i == 2 &amp;&amp; wildList.indexOf(symbol) != -1): null

2019-08-10 23:46:15 - [TEST_STEP][PASSED] - if (i == 3 &amp;&amp; wildList.indexOf(symbol) != -1): null

2019-08-10 23:46:15 - [TEST_STEP][PASSED] - if (i == 4 &amp;&amp; wildList.indexOf(symbol) != -1): null

2019-08-10 23:46:15 - [TEST_STEP][PASSED] - symbols = symbols: null

2019-08-10 23:46:15 - [TEST_STEP][PASSED] - for ([j = 0, j &lt; symbols.size(), (j++)]): null

2019-08-10 23:46:15 - [TEST_STEP][PASSED] - symbol = symbol: null

2019-08-10 23:46:15 - [TEST_STEP][PASSED] - println(symbol): null

2019-08-10 23:46:15 - [TEST_STEP][PASSED] - if (i == 2 &amp;&amp; wildList.indexOf(symbol) != -1): null

2019-08-10 23:46:15 - [TEST_STEP][PASSED] - if (i == 3 &amp;&amp; wildList.indexOf(symbol) != -1): null

2019-08-10 23:46:19 - [TEST_STEP][PASSED] - if (i == 4 &amp;&amp; wildList.indexOf(symbol) != -1): null

2019-08-10 23:46:19 - [TEST_STEP][PASSED] - symbol = symbol: null

2019-08-10 23:46:19 - [TEST_STEP][PASSED] - println(symbol): null

2019-08-10 23:46:19 - [TEST_STEP][PASSED] - if (i == 2 &amp;&amp; wildList.indexOf(symbol) != -1): null

2019-08-10 23:46:19 - [TEST_STEP][PASSED] - if (i == 3 &amp;&amp; wildList.indexOf(symbol) != -1): null

2019-08-10 23:46:19 - [TEST_STEP][PASSED] - if (i == 4 &amp;&amp; wildList.indexOf(symbol) != -1): null

2019-08-10 23:46:19 - [TEST_STEP][PASSED] - symbol = symbol: null

2019-08-10 23:46:19 - [TEST_STEP][PASSED] - println(symbol): null

2019-08-10 23:46:19 - [TEST_STEP][PASSED] - if (i == 2 &amp;&amp; wildList.indexOf(symbol) != -1): null

2019-08-10 23:46:19 - [TEST_STEP][PASSED] - if (i == 3 &amp;&amp; wildList.indexOf(symbol) != -1): null

2019-08-10 23:46:19 - [TEST_STEP][PASSED] - if (i == 4 &amp;&amp; wildList.indexOf(symbol) != -1): null

2019-08-10 23:46:19 - [TEST_STEP][PASSED] - free_spin_reel_counter = free_spin_reel_counter: null

2019-08-10 23:46:19 - [TEST_STEP][PASSED] - println("reel 3 wild found: " + free_spin_reel_counter[0]): null

2019-08-10 23:46:19 - [TEST_STEP][PASSED] - println("reel 4 wild found: " + free_spin_reel_counter[1]): null

2019-08-10 23:46:19 - [TEST_STEP][PASSED] - println("reel 5 wild found: " + free_spin_reel_counter[2]): null

2019-08-10 23:46:19 - [TEST_STEP][PASSED] - M4_spin_reels = M4_spin_reels: null

2019-08-10 23:46:19 - [TEST_STEP][PASSED] - M4_spin_reels_symbols = symbol: null

2019-08-10 23:46:19 - [TEST_STEP][PASSED] - M4_spin_reels_symbols = M4_spin_reels_symbols: null

2019-08-10 23:46:19 - [TEST_STEP][PASSED] - M4_spin_reel_wins = reel_wins: null

2019-08-10 23:46:19 - [TEST_STEP][PASSED] - M4_spin_reel_wins = M4_spin_reel_wins: null

2019-08-10 23:46:19 - [TEST_STEP][PASSED] - println("GlobalVariable.M4_spin_reel_wins is: " + M4_spin_reel_wins): null

2019-08-10 23:46:19 - [TEST_STEP][PASSED] - M4_spin_total_bonus_win_this_round = total_bonus_win_this_round: null

2019-08-10 23:46:19 - [TEST_STEP][PASSED] - M4_spin_total_bonus_win_this_round = M4_spin_total_bonus_win_this_round: null

2019-08-10 23:46:19 - [TEST_STEP][PASSED] - println("GlobalVariable.M4_spin_total_bonus_win_this_round is: " + M4_spin_total_bonus_win_this_round): null

2019-08-10 23:46:19 - [MESSAGE][PASSED] - Verify response successfully

2019-08-10 23:46:19 - [MESSAGE][PASSED] - Send request and verify the response successfully

2019-08-10 23:46:19 - [TEST_STEP][PASSED] - if (M4_total_bonus_spins_int != 0 &amp;&amp; M4_spin_reels_symbols[2].contains("WILD_ExtraFG") || M4_spin_reels_symbols[3].contains("WILD_ExtraFG")): null

2019-08-10 23:46:19 - [TEST_STEP][PASSED] - free_spin_reel_counter = free_spin_reel_counter: null

2019-08-10 23:46:19 - [TEST_STEP][PASSED] - M4_spin_reels_symbols = M4_spin_reels_symbols: null

2019-08-10 23:46:19 - [TEST_STEP][PASSED] - M4_total_bonus_spins = M4_total_bonus_spins: null

2019-08-10 23:46:19 - [TEST_STEP][PASSED] - spin_result = sendRequestAndVerify(findTestObject("RGS(M4)/1_M4_spin", ["M4_login_user_id":M4_login_user_id, "rgs_session_token":rgs_session_token, "partner":Partner])): Send request and verify the response successfully

2019-08-10 23:46:20 - [TEST_CASE][PASSED] - Start Test Case : Verification: Verification accomplished successfully

2019-08-10 23:46:20 - [TEST_STEP][PASSED] - request = getInstance().getCurrentRequest(): null

2019-08-10 23:46:20 - [TEST_STEP][PASSED] - response = getInstance().getCurrentResponse(): null

2019-08-10 23:46:20 - [TEST_STEP][PASSED] - verifyResponseStatusCode(response, 200): Verify response status code successfully

2019-08-10 23:46:20 - [MESSAGE][PASSED] - Verify response status code successfully

2019-08-10 23:46:20 - [TEST_STEP][PASSED] - getStatusCode()).isEqualTo(200): null

2019-08-10 23:46:20 - [TEST_STEP][PASSED] - newline = System.getProperty("line.separator"): null

2019-08-10 23:46:20 - [TEST_STEP][PASSED] - M4_spin = new groovy.json.JsonSlurper(): null

2019-08-10 23:46:20 - [TEST_STEP][PASSED] - result_M4_spin = M4_spin.parseText(response.getResponseBodyContent()): null

2019-08-10 23:46:20 - [TEST_STEP][PASSED] - M4_spin_current_balance = current_balance: null

2019-08-10 23:46:20 - [TEST_STEP][PASSED] - M4_spin_current_balance = M4_spin_current_balance: null

2019-08-10 23:46:20 - [TEST_STEP][PASSED] - M4_spin_transaction_id = causality: null

2019-08-10 23:46:20 - [TEST_STEP][PASSED] - M4_spin_transaction_id = M4_spin_transaction_id: null

2019-08-10 23:46:20 - [TEST_STEP][PASSED] - M4_spin_round_id = round_id: null

2019-08-10 23:46:20 - [TEST_STEP][PASSED] - M4_spin_round_id = M4_spin_round_id: null

2019-08-10 23:46:20 - [TEST_STEP][PASSED] - M4_spin_line_wins = line_wins: null

2019-08-10 23:46:20 - [TEST_STEP][PASSED] - M4_spin_line_wins = M4_spin_line_wins: null

2019-08-10 23:46:20 - [TEST_STEP][PASSED] - M4_total_bonus_spins_int = total_bonus_spins: null

2019-08-10 23:46:20 - [TEST_STEP][PASSED] - println("******M4_total_bonus_spins type is:*******" + newline + getClass().getName()): null

2019-08-10 23:46:20 - [TEST_STEP][PASSED] - M4_total_bonus_spins_int = M4_total_bonus_spins_int: null

2019-08-10 23:46:20 - [TEST_STEP][PASSED] - M4_total_bonus_spins = Integer.toString(M4_total_bonus_spins_int): null

2019-08-10 23:46:20 - [TEST_STEP][PASSED] - M4_total_bonus_spins = M4_total_bonus_spins: null

2019-08-10 23:46:20 - [TEST_STEP][PASSED] - println("M4_total_bonus_spins is:" + M4_total_bonus_spins): null

2019-08-10 23:46:20 - [TEST_STEP][PASSED] - M4_spin_bonus_data = bonus_data: null

2019-08-10 23:46:20 - [TEST_STEP][PASSED] - M4_spin_features_triggered = result_M4_spin: null

2019-08-10 23:46:20 - [TEST_STEP][PASSED] - wild = []: null

2019-08-10 23:46:20 - [TEST_STEP][PASSED] - wild[0] = "WILD_Expanding": null

2019-08-10 23:46:20 - [TEST_STEP][PASSED] - wild[1] = "WILD_Normal": null

2019-08-10 23:46:20 - [TEST_STEP][PASSED] - wild[2] = "WILD_Double": null

2019-08-10 23:46:20 - [TEST_STEP][PASSED] - wild[3] = "WILD_ExtraFG": null

2019-08-10 23:46:20 - [TEST_STEP][PASSED] - wild[4] = "WILD_Triple": null

2019-08-10 23:46:20 - [TEST_STEP][PASSED] - wildList = Arrays.asList(wild): null

2019-08-10 23:46:20 - [TEST_STEP][PASSED] - wildList = wildList: null

2019-08-10 23:46:20 - [TEST_STEP][PASSED] - free_spin_reel_counter = []: null

2019-08-10 23:46:20 - [TEST_STEP][PASSED] - free_spin_reel_counter[0] = 0: null

2019-08-10 23:46:20 - [TEST_STEP][PASSED] - free_spin_reel_counter[1] = 0: null

2019-08-10 23:46:20 - [TEST_STEP][PASSED] - free_spin_reel_counter[2] = 0: null

2019-08-10 23:46:20 - [TEST_STEP][PASSED] - M4_spin_reels = reels: null

2019-08-10 23:46:20 - [TEST_STEP][PASSED] - for ([i = 0, i &lt; M4_spin_reels.size(), (i++)]): null

2019-08-10 23:46:20 - [TEST_STEP][PASSED] - symbols = symbols: null

2019-08-10 23:46:20 - [TEST_STEP][PASSED] - for ([j = 0, j &lt; symbols.size(), (j++)]): null

2019-08-10 23:46:20 - [TEST_STEP][PASSED] - symbol = symbol: null

2019-08-10 23:46:20 - [TEST_STEP][PASSED] - println(symbol): null

2019-08-10 23:46:20 - [TEST_STEP][PASSED] - if (i == 2 &amp;&amp; wildList.indexOf(symbol) != -1): null

2019-08-10 23:46:20 - [TEST_STEP][PASSED] - if (i == 3 &amp;&amp; wildList.indexOf(symbol) != -1): null

2019-08-10 23:46:20 - [TEST_STEP][PASSED] - if (i == 4 &amp;&amp; wildList.indexOf(symbol) != -1): null

2019-08-10 23:46:20 - [TEST_STEP][PASSED] - symbol = symbol: null

2019-08-10 23:46:20 - [TEST_STEP][PASSED] - println(symbol): null

2019-08-10 23:46:20 - [TEST_STEP][PASSED] - if (i == 2 &amp;&amp; wildList.indexOf(symbol) != -1): null

2019-08-10 23:46:20 - [TEST_STEP][PASSED] - if (i == 3 &amp;&amp; wildList.indexOf(symbol) != -1): null

2019-08-10 23:46:20 - [TEST_STEP][PASSED] - if (i == 4 &amp;&amp; wildList.indexOf(symbol) != -1): null

2019-08-10 23:46:20 - [TEST_STEP][PASSED] - symbol = symbol: null

2019-08-10 23:46:20 - [TEST_STEP][PASSED] - println(symbol): null

2019-08-10 23:46:20 - [TEST_STEP][PASSED] - if (i == 2 &amp;&amp; wildList.indexOf(symbol) != -1): null

2019-08-10 23:46:20 - [TEST_STEP][PASSED] - if (i == 3 &amp;&amp; wildList.indexOf(symbol) != -1): null

2019-08-10 23:46:20 - [TEST_STEP][PASSED] - if (i == 4 &amp;&amp; wildList.indexOf(symbol) != -1): null

2019-08-10 23:46:20 - [TEST_STEP][PASSED] - symbols = symbols: null

2019-08-10 23:46:20 - [TEST_STEP][PASSED] - for ([j = 0, j &lt; symbols.size(), (j++)]): null

2019-08-10 23:46:20 - [TEST_STEP][PASSED] - symbol = symbol: null

2019-08-10 23:46:20 - [TEST_STEP][PASSED] - println(symbol): null

2019-08-10 23:46:20 - [TEST_STEP][PASSED] - if (i == 2 &amp;&amp; wildList.indexOf(symbol) != -1): null

2019-08-10 23:46:20 - [TEST_STEP][PASSED] - if (i == 3 &amp;&amp; wildList.indexOf(symbol) != -1): null

2019-08-10 23:46:20 - [TEST_STEP][PASSED] - if (i == 4 &amp;&amp; wildList.indexOf(symbol) != -1): null

2019-08-10 23:46:20 - [TEST_STEP][PASSED] - symbol = symbol: null

2019-08-10 23:46:20 - [TEST_STEP][PASSED] - println(symbol): null

2019-08-10 23:46:20 - [TEST_STEP][PASSED] - if (i == 2 &amp;&amp; wildList.indexOf(symbol) != -1): null

2019-08-10 23:46:20 - [TEST_STEP][PASSED] - if (i == 3 &amp;&amp; wildList.indexOf(symbol) != -1): null

2019-08-10 23:46:20 - [TEST_STEP][PASSED] - if (i == 4 &amp;&amp; wildList.indexOf(symbol) != -1): null

2019-08-10 23:46:20 - [TEST_STEP][PASSED] - symbol = symbol: null

2019-08-10 23:46:20 - [TEST_STEP][PASSED] - println(symbol): null

2019-08-10 23:46:20 - [TEST_STEP][PASSED] - if (i == 2 &amp;&amp; wildList.indexOf(symbol) != -1): null

2019-08-10 23:46:20 - [TEST_STEP][PASSED] - if (i == 3 &amp;&amp; wildList.indexOf(symbol) != -1): null

2019-08-10 23:46:20 - [TEST_STEP][PASSED] - if (i == 4 &amp;&amp; wildList.indexOf(symbol) != -1): null

2019-08-10 23:46:20 - [TEST_STEP][PASSED] - symbols = symbols: null

2019-08-10 23:46:20 - [TEST_STEP][PASSED] - for ([j = 0, j &lt; symbols.size(), (j++)]): null

2019-08-10 23:46:20 - [TEST_STEP][PASSED] - symbol = symbol: null

2019-08-10 23:46:20 - [TEST_STEP][PASSED] - println(symbol): null

2019-08-10 23:46:20 - [TEST_STEP][PASSED] - if (i == 2 &amp;&amp; wildList.indexOf(symbol) != -1): null

2019-08-10 23:46:20 - [TEST_STEP][PASSED] - if (i == 3 &amp;&amp; wildList.indexOf(symbol) != -1): null

2019-08-10 23:46:20 - [TEST_STEP][PASSED] - if (i == 4 &amp;&amp; wildList.indexOf(symbol) != -1): null

2019-08-10 23:46:20 - [TEST_STEP][PASSED] - symbol = symbol: null

2019-08-10 23:46:20 - [TEST_STEP][PASSED] - println(symbol): null

2019-08-10 23:46:20 - [TEST_STEP][PASSED] - if (i == 2 &amp;&amp; wildList.indexOf(symbol) != -1): null

2019-08-10 23:46:20 - [TEST_STEP][PASSED] - if (i == 3 &amp;&amp; wildList.indexOf(symbol) != -1): null

2019-08-10 23:46:20 - [TEST_STEP][PASSED] - if (i == 4 &amp;&amp; wildList.indexOf(symbol) != -1): null

2019-08-10 23:46:20 - [TEST_STEP][PASSED] - symbol = symbol: null

2019-08-10 23:46:20 - [TEST_STEP][PASSED] - println(symbol): null

2019-08-10 23:46:20 - [TEST_STEP][PASSED] - if (i == 2 &amp;&amp; wildList.indexOf(symbol) != -1): null

2019-08-10 23:46:20 - [TEST_STEP][PASSED] - println("wild found on reel 3, adding counter by 1"): null

2019-08-10 23:46:20 - [TEST_STEP][PASSED] - free_spin_reel_counter[0] = free_spin_reel_counter[0] + 1: null

2019-08-10 23:46:20 - [TEST_STEP][PASSED] - if (i == 3 &amp;&amp; wildList.indexOf(symbol) != -1): null

2019-08-10 23:46:20 - [TEST_STEP][PASSED] - if (i == 4 &amp;&amp; wildList.indexOf(symbol) != -1): null

2019-08-10 23:46:20 - [TEST_STEP][PASSED] - symbols = symbols: null

2019-08-10 23:46:20 - [TEST_STEP][PASSED] - for ([j = 0, j &lt; symbols.size(), (j++)]): null

2019-08-10 23:46:20 - [TEST_STEP][PASSED] - symbol = symbol: null

2019-08-10 23:46:20 - [TEST_STEP][PASSED] - println(symbol): null

2019-08-10 23:46:20 - [TEST_STEP][PASSED] - if (i == 2 &amp;&amp; wildList.indexOf(symbol) != -1): null

2019-08-10 23:46:20 - [TEST_STEP][PASSED] - if (i == 3 &amp;&amp; wildList.indexOf(symbol) != -1): null

2019-08-10 23:46:20 - [TEST_STEP][PASSED] - if (i == 4 &amp;&amp; wildList.indexOf(symbol) != -1): null

2019-08-10 23:46:20 - [TEST_STEP][PASSED] - symbol = symbol: null

2019-08-10 23:46:20 - [TEST_STEP][PASSED] - println(symbol): null

2019-08-10 23:46:20 - [TEST_STEP][PASSED] - if (i == 2 &amp;&amp; wildList.indexOf(symbol) != -1): null

2019-08-10 23:46:20 - [TEST_STEP][PASSED] - if (i == 3 &amp;&amp; wildList.indexOf(symbol) != -1): null

2019-08-10 23:46:20 - [TEST_STEP][PASSED] - if (i == 4 &amp;&amp; wildList.indexOf(symbol) != -1): null

2019-08-10 23:46:20 - [TEST_STEP][PASSED] - symbol = symbol: null

2019-08-10 23:46:20 - [TEST_STEP][PASSED] - println(symbol): null

2019-08-10 23:46:20 - [TEST_STEP][PASSED] - if (i == 2 &amp;&amp; wildList.indexOf(symbol) != -1): null

2019-08-10 23:46:20 - [TEST_STEP][PASSED] - if (i == 3 &amp;&amp; wildList.indexOf(symbol) != -1): null

2019-08-10 23:46:20 - [TEST_STEP][PASSED] - if (i == 4 &amp;&amp; wildList.indexOf(symbol) != -1): null

2019-08-10 23:46:20 - [TEST_STEP][PASSED] - symbols = symbols: null

2019-08-10 23:46:20 - [TEST_STEP][PASSED] - for ([j = 0, j &lt; symbols.size(), (j++)]): null

2019-08-10 23:46:20 - [TEST_STEP][PASSED] - symbol = symbol: null

2019-08-10 23:46:20 - [TEST_STEP][PASSED] - println(symbol): null

2019-08-10 23:46:20 - [TEST_STEP][PASSED] - if (i == 2 &amp;&amp; wildList.indexOf(symbol) != -1): null

2019-08-10 23:46:20 - [TEST_STEP][PASSED] - if (i == 3 &amp;&amp; wildList.indexOf(symbol) != -1): null

2019-08-10 23:46:20 - [TEST_STEP][PASSED] - if (i == 4 &amp;&amp; wildList.indexOf(symbol) != -1): null

2019-08-10 23:46:20 - [TEST_STEP][PASSED] - symbol = symbol: null

2019-08-10 23:46:20 - [TEST_STEP][PASSED] - println(symbol): null

2019-08-10 23:46:20 - [TEST_STEP][PASSED] - if (i == 2 &amp;&amp; wildList.indexOf(symbol) != -1): null

2019-08-10 23:46:20 - [TEST_STEP][PASSED] - if (i == 3 &amp;&amp; wildList.indexOf(symbol) != -1): null

2019-08-10 23:46:20 - [TEST_STEP][PASSED] - if (i == 4 &amp;&amp; wildList.indexOf(symbol) != -1): null

2019-08-10 23:46:20 - [TEST_STEP][PASSED] - symbol = symbol: null

2019-08-10 23:46:20 - [TEST_STEP][PASSED] - println(symbol): null

2019-08-10 23:46:20 - [TEST_STEP][PASSED] - if (i == 2 &amp;&amp; wildList.indexOf(symbol) != -1): null

2019-08-10 23:46:20 - [TEST_STEP][PASSED] - if (i == 3 &amp;&amp; wildList.indexOf(symbol) != -1): null

2019-08-10 23:46:20 - [TEST_STEP][PASSED] - if (i == 4 &amp;&amp; wildList.indexOf(symbol) != -1): null

2019-08-10 23:46:20 - [TEST_STEP][PASSED] - free_spin_reel_counter = free_spin_reel_counter: null

2019-08-10 23:46:20 - [TEST_STEP][PASSED] - println("reel 3 wild found: " + free_spin_reel_counter[0]): null

2019-08-10 23:46:20 - [TEST_STEP][PASSED] - println("reel 4 wild found: " + free_spin_reel_counter[1]): null

2019-08-10 23:46:20 - [TEST_STEP][PASSED] - println("reel 5 wild found: " + free_spin_reel_counter[2]): null

2019-08-10 23:46:20 - [TEST_STEP][PASSED] - M4_spin_reels = M4_spin_reels: null

2019-08-10 23:46:20 - [TEST_STEP][PASSED] - M4_spin_reels_symbols = symbol: null

2019-08-10 23:46:20 - [TEST_STEP][PASSED] - M4_spin_reels_symbols = M4_spin_reels_symbols: null

2019-08-10 23:46:20 - [TEST_STEP][PASSED] - M4_spin_reel_wins = reel_wins: null

2019-08-10 23:46:20 - [TEST_STEP][PASSED] - M4_spin_reel_wins = M4_spin_reel_wins: null

2019-08-10 23:46:20 - [TEST_STEP][PASSED] - println("GlobalVariable.M4_spin_reel_wins is: " + M4_spin_reel_wins): null

2019-08-10 23:46:20 - [TEST_STEP][PASSED] - M4_spin_total_bonus_win_this_round = total_bonus_win_this_round: null

2019-08-10 23:46:20 - [TEST_STEP][PASSED] - M4_spin_total_bonus_win_this_round = M4_spin_total_bonus_win_this_round: null

2019-08-10 23:46:20 - [TEST_STEP][PASSED] - println("GlobalVariable.M4_spin_total_bonus_win_this_round is: " + M4_spin_total_bonus_win_this_round): null

2019-08-10 23:46:20 - [MESSAGE][PASSED] - Verify response successfully

2019-08-10 23:46:20 - [MESSAGE][PASSED] - Send request and verify the response successfully

2019-08-10 23:46:20 - [TEST_STEP][PASSED] - if (M4_total_bonus_spins_int != 0 &amp;&amp; M4_spin_reels_symbols[2].contains("WILD_ExtraFG") || M4_spin_reels_symbols[3].contains("WILD_ExtraFG")): null

2019-08-10 23:46:20 - [TEST_STEP][PASSED] - free_spin_reel_counter = free_spin_reel_counter: null

2019-08-10 23:46:20 - [TEST_STEP][PASSED] - M4_spin_reels_symbols = M4_spin_reels_symbols: null

2019-08-10 23:46:20 - [TEST_STEP][PASSED] - M4_total_bonus_spins = M4_total_bonus_spins: null

2019-08-10 23:46:20 - [TEST_STEP][PASSED] - spin_result = sendRequestAndVerify(findTestObject("RGS(M4)/1_M4_spin", ["M4_login_user_id":M4_login_user_id, "rgs_session_token":rgs_session_token, "partner":Partner])): Send request and verify the response successfully

2019-08-10 23:46:20 - [TEST_CASE][PASSED] - Start Test Case : Verification: Verification accomplished successfully

2019-08-10 23:46:20 - [TEST_STEP][PASSED] - request = getInstance().getCurrentRequest(): null

2019-08-10 23:46:21 - [TEST_STEP][PASSED] - response = getInstance().getCurrentResponse(): null

2019-08-10 23:46:21 - [TEST_STEP][PASSED] - verifyResponseStatusCode(response, 200): Verify response status code successfully

2019-08-10 23:46:21 - [MESSAGE][PASSED] - Verify response status code successfully

2019-08-10 23:46:21 - [TEST_STEP][PASSED] - getStatusCode()).isEqualTo(200): null

2019-08-10 23:46:21 - [TEST_STEP][PASSED] - newline = System.getProperty("line.separator"): null

2019-08-10 23:46:21 - [TEST_STEP][PASSED] - M4_spin = new groovy.json.JsonSlurper(): null

2019-08-10 23:46:21 - [TEST_STEP][PASSED] - result_M4_spin = M4_spin.parseText(response.getResponseBodyContent()): null

2019-08-10 23:46:21 - [TEST_STEP][PASSED] - M4_spin_current_balance = current_balance: null

2019-08-10 23:46:21 - [TEST_STEP][PASSED] - M4_spin_current_balance = M4_spin_current_balance: null

2019-08-10 23:46:21 - [TEST_STEP][PASSED] - M4_spin_transaction_id = causality: null

2019-08-10 23:46:21 - [TEST_STEP][PASSED] - M4_spin_transaction_id = M4_spin_transaction_id: null

2019-08-10 23:46:21 - [TEST_STEP][PASSED] - M4_spin_round_id = round_id: null

2019-08-10 23:46:21 - [TEST_STEP][PASSED] - M4_spin_round_id = M4_spin_round_id: null

2019-08-10 23:46:21 - [TEST_STEP][PASSED] - M4_spin_line_wins = line_wins: null

2019-08-10 23:46:21 - [TEST_STEP][PASSED] - M4_spin_line_wins = M4_spin_line_wins: null

2019-08-10 23:46:21 - [TEST_STEP][PASSED] - M4_total_bonus_spins_int = total_bonus_spins: null

2019-08-10 23:46:21 - [TEST_STEP][PASSED] - println("******M4_total_bonus_spins type is:*******" + newline + getClass().getName()): null

2019-08-10 23:46:21 - [TEST_STEP][PASSED] - M4_total_bonus_spins_int = M4_total_bonus_spins_int: null

2019-08-10 23:46:21 - [TEST_STEP][PASSED] - M4_total_bonus_spins = Integer.toString(M4_total_bonus_spins_int): null

2019-08-10 23:46:21 - [TEST_STEP][PASSED] - M4_total_bonus_spins = M4_total_bonus_spins: null

2019-08-10 23:46:21 - [TEST_STEP][PASSED] - println("M4_total_bonus_spins is:" + M4_total_bonus_spins): null

2019-08-10 23:46:21 - [TEST_STEP][PASSED] - M4_spin_bonus_data = bonus_data: null

2019-08-10 23:46:21 - [TEST_STEP][PASSED] - M4_spin_features_triggered = result_M4_spin: null

2019-08-10 23:46:21 - [TEST_STEP][PASSED] - wild = []: null

2019-08-10 23:46:21 - [TEST_STEP][PASSED] - wild[0] = "WILD_Expanding": null

2019-08-10 23:46:21 - [TEST_STEP][PASSED] - wild[1] = "WILD_Normal": null

2019-08-10 23:46:21 - [TEST_STEP][PASSED] - wild[2] = "WILD_Double": null

2019-08-10 23:46:21 - [TEST_STEP][PASSED] - wild[3] = "WILD_ExtraFG": null

2019-08-10 23:46:21 - [TEST_STEP][PASSED] - wild[4] = "WILD_Triple": null

2019-08-10 23:46:21 - [TEST_STEP][PASSED] - wildList = Arrays.asList(wild): null

2019-08-10 23:46:21 - [TEST_STEP][PASSED] - wildList = wildList: null

2019-08-10 23:46:21 - [TEST_STEP][PASSED] - free_spin_reel_counter = []: null

2019-08-10 23:46:21 - [TEST_STEP][PASSED] - free_spin_reel_counter[0] = 0: null

2019-08-10 23:46:21 - [TEST_STEP][PASSED] - free_spin_reel_counter[1] = 0: null

2019-08-10 23:46:21 - [TEST_STEP][PASSED] - free_spin_reel_counter[2] = 0: null

2019-08-10 23:46:21 - [TEST_STEP][PASSED] - M4_spin_reels = reels: null

2019-08-10 23:46:21 - [TEST_STEP][PASSED] - for ([i = 0, i &lt; M4_spin_reels.size(), (i++)]): null

2019-08-10 23:46:21 - [TEST_STEP][PASSED] - symbols = symbols: null

2019-08-10 23:46:21 - [TEST_STEP][PASSED] - for ([j = 0, j &lt; symbols.size(), (j++)]): null

2019-08-10 23:46:21 - [TEST_STEP][PASSED] - symbol = symbol: null

2019-08-10 23:46:21 - [TEST_STEP][PASSED] - println(symbol): null

2019-08-10 23:46:21 - [TEST_STEP][PASSED] - if (i == 2 &amp;&amp; wildList.indexOf(symbol) != -1): null

2019-08-10 23:46:21 - [TEST_STEP][PASSED] - if (i == 3 &amp;&amp; wildList.indexOf(symbol) != -1): null

2019-08-10 23:46:21 - [TEST_STEP][PASSED] - if (i == 4 &amp;&amp; wildList.indexOf(symbol) != -1): null

2019-08-10 23:46:21 - [TEST_STEP][PASSED] - symbol = symbol: null

2019-08-10 23:46:21 - [TEST_STEP][PASSED] - println(symbol): null

2019-08-10 23:46:21 - [TEST_STEP][PASSED] - if (i == 2 &amp;&amp; wildList.indexOf(symbol) != -1): null

2019-08-10 23:46:21 - [TEST_STEP][PASSED] - if (i == 3 &amp;&amp; wildList.indexOf(symbol) != -1): null

2019-08-10 23:46:21 - [TEST_STEP][PASSED] - if (i == 4 &amp;&amp; wildList.indexOf(symbol) != -1): null

2019-08-10 23:46:21 - [TEST_STEP][PASSED] - symbol = symbol: null

2019-08-10 23:46:21 - [TEST_STEP][PASSED] - println(symbol): null

2019-08-10 23:46:21 - [TEST_STEP][PASSED] - if (i == 2 &amp;&amp; wildList.indexOf(symbol) != -1): null

2019-08-10 23:46:21 - [TEST_STEP][PASSED] - if (i == 3 &amp;&amp; wildList.indexOf(symbol) != -1): null

2019-08-10 23:46:21 - [TEST_STEP][PASSED] - if (i == 4 &amp;&amp; wildList.indexOf(symbol) != -1): null

2019-08-10 23:46:21 - [TEST_STEP][PASSED] - symbols = symbols: null

2019-08-10 23:46:21 - [TEST_STEP][PASSED] - for ([j = 0, j &lt; symbols.size(), (j++)]): null

2019-08-10 23:46:21 - [TEST_STEP][PASSED] - symbol = symbol: null

2019-08-10 23:46:21 - [TEST_STEP][PASSED] - println(symbol): null

2019-08-10 23:46:21 - [TEST_STEP][PASSED] - if (i == 2 &amp;&amp; wildList.indexOf(symbol) != -1): null

2019-08-10 23:46:21 - [TEST_STEP][PASSED] - if (i == 3 &amp;&amp; wildList.indexOf(symbol) != -1): null

2019-08-10 23:46:21 - [TEST_STEP][PASSED] - if (i == 4 &amp;&amp; wildList.indexOf(symbol) != -1): null

2019-08-10 23:46:21 - [TEST_STEP][PASSED] - symbol = symbol: null

2019-08-10 23:46:21 - [TEST_STEP][PASSED] - println(symbol): null

2019-08-10 23:46:21 - [TEST_STEP][PASSED] - if (i == 2 &amp;&amp; wildList.indexOf(symbol) != -1): null

2019-08-10 23:46:21 - [TEST_STEP][PASSED] - if (i == 3 &amp;&amp; wildList.indexOf(symbol) != -1): null

2019-08-10 23:46:21 - [TEST_STEP][PASSED] - if (i == 4 &amp;&amp; wildList.indexOf(symbol) != -1): null

2019-08-10 23:46:21 - [TEST_STEP][PASSED] - symbol = symbol: null

2019-08-10 23:46:21 - [TEST_STEP][PASSED] - println(symbol): null

2019-08-10 23:46:21 - [TEST_STEP][PASSED] - if (i == 2 &amp;&amp; wildList.indexOf(symbol) != -1): null

2019-08-10 23:46:21 - [TEST_STEP][PASSED] - if (i == 3 &amp;&amp; wildList.indexOf(symbol) != -1): null

2019-08-10 23:46:21 - [TEST_STEP][PASSED] - if (i == 4 &amp;&amp; wildList.indexOf(symbol) != -1): null

2019-08-10 23:46:21 - [TEST_STEP][PASSED] - symbols = symbols: null

2019-08-10 23:46:21 - [TEST_STEP][PASSED] - for ([j = 0, j &lt; symbols.size(), (j++)]): null

2019-08-10 23:46:21 - [TEST_STEP][PASSED] - symbol = symbol: null

2019-08-10 23:46:21 - [TEST_STEP][PASSED] - println(symbol): null

2019-08-10 23:46:21 - [TEST_STEP][PASSED] - if (i == 2 &amp;&amp; wildList.indexOf(symbol) != -1): null

2019-08-10 23:46:21 - [TEST_STEP][PASSED] - if (i == 3 &amp;&amp; wildList.indexOf(symbol) != -1): null

2019-08-10 23:46:21 - [TEST_STEP][PASSED] - if (i == 4 &amp;&amp; wildList.indexOf(symbol) != -1): null

2019-08-10 23:46:21 - [TEST_STEP][PASSED] - symbol = symbol: null

2019-08-10 23:46:21 - [TEST_STEP][PASSED] - println(symbol): null

2019-08-10 23:46:21 - [TEST_STEP][PASSED] - if (i == 2 &amp;&amp; wildList.indexOf(symbol) != -1): null

2019-08-10 23:46:21 - [TEST_STEP][PASSED] - if (i == 3 &amp;&amp; wildList.indexOf(symbol) != -1): null

2019-08-10 23:46:21 - [TEST_STEP][PASSED] - if (i == 4 &amp;&amp; wildList.indexOf(symbol) != -1): null

2019-08-10 23:46:21 - [TEST_STEP][PASSED] - symbol = symbol: null

2019-08-10 23:46:21 - [TEST_STEP][PASSED] - println(symbol): null

2019-08-10 23:46:21 - [TEST_STEP][PASSED] - if (i == 2 &amp;&amp; wildList.indexOf(symbol) != -1): null

2019-08-10 23:46:21 - [TEST_STEP][PASSED] - if (i == 3 &amp;&amp; wildList.indexOf(symbol) != -1): null

2019-08-10 23:46:21 - [TEST_STEP][PASSED] - if (i == 4 &amp;&amp; wildList.indexOf(symbol) != -1): null

2019-08-10 23:46:21 - [TEST_STEP][PASSED] - symbols = symbols: null

2019-08-10 23:46:21 - [TEST_STEP][PASSED] - for ([j = 0, j &lt; symbols.size(), (j++)]): null

2019-08-10 23:46:21 - [TEST_STEP][PASSED] - symbol = symbol: null

2019-08-10 23:46:21 - [TEST_STEP][PASSED] - println(symbol): null

2019-08-10 23:46:21 - [TEST_STEP][PASSED] - if (i == 2 &amp;&amp; wildList.indexOf(symbol) != -1): null

2019-08-10 23:46:21 - [TEST_STEP][PASSED] - if (i == 3 &amp;&amp; wildList.indexOf(symbol) != -1): null

2019-08-10 23:46:21 - [TEST_STEP][PASSED] - if (i == 4 &amp;&amp; wildList.indexOf(symbol) != -1): null

2019-08-10 23:46:21 - [TEST_STEP][PASSED] - symbol = symbol: null

2019-08-10 23:46:21 - [TEST_STEP][PASSED] - println(symbol): null

2019-08-10 23:46:21 - [TEST_STEP][PASSED] - if (i == 2 &amp;&amp; wildList.indexOf(symbol) != -1): null

2019-08-10 23:46:21 - [TEST_STEP][PASSED] - if (i == 3 &amp;&amp; wildList.indexOf(symbol) != -1): null

2019-08-10 23:46:21 - [TEST_STEP][PASSED] - if (i == 4 &amp;&amp; wildList.indexOf(symbol) != -1): null

2019-08-10 23:46:21 - [TEST_STEP][PASSED] - symbol = symbol: null

2019-08-10 23:46:21 - [TEST_STEP][PASSED] - println(symbol): null

2019-08-10 23:46:21 - [TEST_STEP][PASSED] - if (i == 2 &amp;&amp; wildList.indexOf(symbol) != -1): null

2019-08-10 23:46:21 - [TEST_STEP][PASSED] - if (i == 3 &amp;&amp; wildList.indexOf(symbol) != -1): null

2019-08-10 23:46:21 - [TEST_STEP][PASSED] - if (i == 4 &amp;&amp; wildList.indexOf(symbol) != -1): null

2019-08-10 23:46:21 - [TEST_STEP][PASSED] - symbols = symbols: null

2019-08-10 23:46:21 - [TEST_STEP][PASSED] - for ([j = 0, j &lt; symbols.size(), (j++)]): null

2019-08-10 23:46:21 - [TEST_STEP][PASSED] - symbol = symbol: null

2019-08-10 23:46:21 - [TEST_STEP][PASSED] - println(symbol): null

2019-08-10 23:46:21 - [TEST_STEP][PASSED] - if (i == 2 &amp;&amp; wildList.indexOf(symbol) != -1): null

2019-08-10 23:46:21 - [TEST_STEP][PASSED] - if (i == 3 &amp;&amp; wildList.indexOf(symbol) != -1): null

2019-08-10 23:46:21 - [TEST_STEP][PASSED] - if (i == 4 &amp;&amp; wildList.indexOf(symbol) != -1): null

2019-08-10 23:46:21 - [TEST_STEP][PASSED] - symbol = symbol: null

2019-08-10 23:46:21 - [TEST_STEP][PASSED] - println(symbol): null

2019-08-10 23:46:21 - [TEST_STEP][PASSED] - if (i == 2 &amp;&amp; wildList.indexOf(symbol) != -1): null

2019-08-10 23:46:21 - [TEST_STEP][PASSED] - if (i == 3 &amp;&amp; wildList.indexOf(symbol) != -1): null

2019-08-10 23:46:21 - [TEST_STEP][PASSED] - if (i == 4 &amp;&amp; wildList.indexOf(symbol) != -1): null

2019-08-10 23:46:21 - [TEST_STEP][PASSED] - symbol = symbol: null

2019-08-10 23:46:21 - [TEST_STEP][PASSED] - println(symbol): null

2019-08-10 23:46:21 - [TEST_STEP][PASSED] - if (i == 2 &amp;&amp; wildList.indexOf(symbol) != -1): null

2019-08-10 23:46:21 - [TEST_STEP][PASSED] - if (i == 3 &amp;&amp; wildList.indexOf(symbol) != -1): null

2019-08-10 23:46:21 - [TEST_STEP][PASSED] - if (i == 4 &amp;&amp; wildList.indexOf(symbol) != -1): null

2019-08-10 23:46:21 - [TEST_STEP][PASSED] - println("wild found on reel 5, adding counter by 1"): null

2019-08-10 23:46:21 - [TEST_STEP][PASSED] - free_spin_reel_counter[2] = free_spin_reel_counter[2] + 1: null

2019-08-10 23:46:21 - [TEST_STEP][PASSED] - free_spin_reel_counter = free_spin_reel_counter: null

2019-08-10 23:46:21 - [TEST_STEP][PASSED] - println("reel 3 wild found: " + free_spin_reel_counter[0]): null

2019-08-10 23:46:21 - [TEST_STEP][PASSED] - println("reel 4 wild found: " + free_spin_reel_counter[1]): null

2019-08-10 23:46:21 - [TEST_STEP][PASSED] - println("reel 5 wild found: " + free_spin_reel_counter[2]): null

2019-08-10 23:46:21 - [TEST_STEP][PASSED] - M4_spin_reels = M4_spin_reels: null

2019-08-10 23:46:21 - [TEST_STEP][PASSED] - M4_spin_reels_symbols = symbol: null

2019-08-10 23:46:21 - [TEST_STEP][PASSED] - M4_spin_reels_symbols = M4_spin_reels_symbols: null

2019-08-10 23:46:21 - [TEST_STEP][PASSED] - M4_spin_reel_wins = reel_wins: null

2019-08-10 23:46:21 - [TEST_STEP][PASSED] - M4_spin_reel_wins = M4_spin_reel_wins: null

2019-08-10 23:46:21 - [TEST_STEP][PASSED] - println("GlobalVariable.M4_spin_reel_wins is: " + M4_spin_reel_wins): null

2019-08-10 23:46:21 - [TEST_STEP][PASSED] - M4_spin_total_bonus_win_this_round = total_bonus_win_this_round: null

2019-08-10 23:46:21 - [TEST_STEP][PASSED] - M4_spin_total_bonus_win_this_round = M4_spin_total_bonus_win_this_round: null

2019-08-10 23:46:21 - [TEST_STEP][PASSED] - println("GlobalVariable.M4_spin_total_bonus_win_this_round is: " + M4_spin_total_bonus_win_this_round): null

2019-08-10 23:46:21 - [MESSAGE][PASSED] - Verify response successfully

2019-08-10 23:46:21 - [MESSAGE][PASSED] - Send request and verify the response successfully

2019-08-10 23:46:21 - [TEST_STEP][PASSED] - if (M4_total_bonus_spins_int != 0 &amp;&amp; M4_spin_reels_symbols[2].contains("WILD_ExtraFG") || M4_spin_reels_symbols[3].contains("WILD_ExtraFG")): null

2019-08-10 23:46:21 - [TEST_STEP][PASSED] - free_spin_reel_counter = free_spin_reel_counter: null

2019-08-10 23:46:21 - [TEST_STEP][PASSED] - M4_spin_reels_symbols = M4_spin_reels_symbols: null

2019-08-10 23:46:24 - [TEST_STEP][PASSED] - M4_total_bonus_spins = M4_total_bonus_spins: null

2019-08-10 23:46:24 - [TEST_STEP][PASSED] - spin_result = sendRequestAndVerify(findTestObject("RGS(M4)/1_M4_spin", ["M4_login_user_id":M4_login_user_id, "rgs_session_token":rgs_session_token, "partner":Partner])): Send request and verify the response successfully

2019-08-10 23:46:24 - [TEST_CASE][PASSED] - Start Test Case : Verification: Verification accomplished successfully

2019-08-10 23:46:25 - [TEST_STEP][PASSED] - request = getInstance().getCurrentRequest(): null

2019-08-10 23:46:25 - [TEST_STEP][PASSED] - response = getInstance().getCurrentResponse(): null

2019-08-10 23:46:25 - [TEST_STEP][PASSED] - verifyResponseStatusCode(response, 200): Verify response status code successfully

2019-08-10 23:46:25 - [MESSAGE][PASSED] - Verify response status code successfully

2019-08-10 23:46:25 - [TEST_STEP][PASSED] - getStatusCode()).isEqualTo(200): null

2019-08-10 23:46:25 - [TEST_STEP][PASSED] - newline = System.getProperty("line.separator"): null

2019-08-10 23:46:25 - [TEST_STEP][PASSED] - M4_spin = new groovy.json.JsonSlurper(): null

2019-08-10 23:46:25 - [TEST_STEP][PASSED] - result_M4_spin = M4_spin.parseText(response.getResponseBodyContent()): null

2019-08-10 23:46:25 - [TEST_STEP][PASSED] - M4_spin_current_balance = current_balance: null

2019-08-10 23:46:25 - [TEST_STEP][PASSED] - M4_spin_current_balance = M4_spin_current_balance: null

2019-08-10 23:46:25 - [TEST_STEP][PASSED] - M4_spin_transaction_id = causality: null

2019-08-10 23:46:25 - [TEST_STEP][PASSED] - M4_spin_transaction_id = M4_spin_transaction_id: null

2019-08-10 23:46:25 - [TEST_STEP][PASSED] - M4_spin_round_id = round_id: null

2019-08-10 23:46:25 - [TEST_STEP][PASSED] - M4_spin_round_id = M4_spin_round_id: null

2019-08-10 23:46:25 - [TEST_STEP][PASSED] - M4_spin_line_wins = line_wins: null

2019-08-10 23:46:25 - [TEST_STEP][PASSED] - M4_spin_line_wins = M4_spin_line_wins: null

2019-08-10 23:46:25 - [TEST_STEP][PASSED] - M4_total_bonus_spins_int = total_bonus_spins: null

2019-08-10 23:46:25 - [TEST_STEP][PASSED] - println("******M4_total_bonus_spins type is:*******" + newline + getClass().getName()): null

2019-08-10 23:46:25 - [TEST_STEP][PASSED] - M4_total_bonus_spins_int = M4_total_bonus_spins_int: null

2019-08-10 23:46:25 - [TEST_STEP][PASSED] - M4_total_bonus_spins = Integer.toString(M4_total_bonus_spins_int): null

2019-08-10 23:46:25 - [TEST_STEP][PASSED] - M4_total_bonus_spins = M4_total_bonus_spins: null

2019-08-10 23:46:25 - [TEST_STEP][PASSED] - println("M4_total_bonus_spins is:" + M4_total_bonus_spins): null

2019-08-10 23:46:25 - [TEST_STEP][PASSED] - M4_spin_bonus_data = bonus_data: null

2019-08-10 23:46:25 - [TEST_STEP][PASSED] - M4_spin_features_triggered = result_M4_spin: null

2019-08-10 23:46:25 - [TEST_STEP][PASSED] - wild = []: null

2019-08-10 23:46:25 - [TEST_STEP][PASSED] - wild[0] = "WILD_Expanding": null

2019-08-10 23:46:25 - [TEST_STEP][PASSED] - wild[1] = "WILD_Normal": null

2019-08-10 23:46:25 - [TEST_STEP][PASSED] - wild[2] = "WILD_Double": null

2019-08-10 23:46:25 - [TEST_STEP][PASSED] - wild[3] = "WILD_ExtraFG": null

2019-08-10 23:46:25 - [TEST_STEP][PASSED] - wild[4] = "WILD_Triple": null

2019-08-10 23:46:25 - [TEST_STEP][PASSED] - wildList = Arrays.asList(wild): null

2019-08-10 23:46:25 - [TEST_STEP][PASSED] - wildList = wildList: null

2019-08-10 23:46:25 - [TEST_STEP][PASSED] - free_spin_reel_counter = []: null

2019-08-10 23:46:25 - [TEST_STEP][PASSED] - free_spin_reel_counter[0] = 0: null

2019-08-10 23:46:25 - [TEST_STEP][PASSED] - free_spin_reel_counter[1] = 0: null

2019-08-10 23:46:25 - [TEST_STEP][PASSED] - free_spin_reel_counter[2] = 0: null

2019-08-10 23:46:25 - [TEST_STEP][PASSED] - M4_spin_reels = reels: null

2019-08-10 23:46:25 - [TEST_STEP][PASSED] - for ([i = 0, i &lt; M4_spin_reels.size(), (i++)]): null

2019-08-10 23:46:25 - [TEST_STEP][PASSED] - symbols = symbols: null

2019-08-10 23:46:25 - [TEST_STEP][PASSED] - for ([j = 0, j &lt; symbols.size(), (j++)]): null

2019-08-10 23:46:25 - [TEST_STEP][PASSED] - symbol = symbol: null

2019-08-10 23:46:25 - [TEST_STEP][PASSED] - println(symbol): null

2019-08-10 23:46:25 - [TEST_STEP][PASSED] - if (i == 2 &amp;&amp; wildList.indexOf(symbol) != -1): null

2019-08-10 23:46:25 - [TEST_STEP][PASSED] - if (i == 3 &amp;&amp; wildList.indexOf(symbol) != -1): null

2019-08-10 23:46:25 - [TEST_STEP][PASSED] - if (i == 4 &amp;&amp; wildList.indexOf(symbol) != -1): null

2019-08-10 23:46:25 - [TEST_STEP][PASSED] - symbol = symbol: null

2019-08-10 23:46:25 - [TEST_STEP][PASSED] - println(symbol): null

2019-08-10 23:46:25 - [TEST_STEP][PASSED] - if (i == 2 &amp;&amp; wildList.indexOf(symbol) != -1): null

2019-08-10 23:46:25 - [TEST_STEP][PASSED] - if (i == 3 &amp;&amp; wildList.indexOf(symbol) != -1): null

2019-08-10 23:46:25 - [TEST_STEP][PASSED] - if (i == 4 &amp;&amp; wildList.indexOf(symbol) != -1): null

2019-08-10 23:46:25 - [TEST_STEP][PASSED] - symbol = symbol: null

2019-08-10 23:46:25 - [TEST_STEP][PASSED] - println(symbol): null

2019-08-10 23:46:25 - [TEST_STEP][PASSED] - if (i == 2 &amp;&amp; wildList.indexOf(symbol) != -1): null

2019-08-10 23:46:25 - [TEST_STEP][PASSED] - if (i == 3 &amp;&amp; wildList.indexOf(symbol) != -1): null

2019-08-10 23:46:25 - [TEST_STEP][PASSED] - if (i == 4 &amp;&amp; wildList.indexOf(symbol) != -1): null

2019-08-10 23:46:25 - [TEST_STEP][PASSED] - symbols = symbols: null

2019-08-10 23:46:25 - [TEST_STEP][PASSED] - for ([j = 0, j &lt; symbols.size(), (j++)]): null

2019-08-10 23:46:25 - [TEST_STEP][PASSED] - symbol = symbol: null

2019-08-10 23:46:25 - [TEST_STEP][PASSED] - println(symbol): null

2019-08-10 23:46:25 - [TEST_STEP][PASSED] - if (i == 2 &amp;&amp; wildList.indexOf(symbol) != -1): null

2019-08-10 23:46:25 - [TEST_STEP][PASSED] - if (i == 3 &amp;&amp; wildList.indexOf(symbol) != -1): null

2019-08-10 23:46:25 - [TEST_STEP][PASSED] - if (i == 4 &amp;&amp; wildList.indexOf(symbol) != -1): null

2019-08-10 23:46:25 - [TEST_STEP][PASSED] - symbol = symbol: null

2019-08-10 23:46:25 - [TEST_STEP][PASSED] - println(symbol): null

2019-08-10 23:46:25 - [TEST_STEP][PASSED] - if (i == 2 &amp;&amp; wildList.indexOf(symbol) != -1): null

2019-08-10 23:46:25 - [TEST_STEP][PASSED] - if (i == 3 &amp;&amp; wildList.indexOf(symbol) != -1): null

2019-08-10 23:46:25 - [TEST_STEP][PASSED] - if (i == 4 &amp;&amp; wildList.indexOf(symbol) != -1): null

2019-08-10 23:46:25 - [TEST_STEP][PASSED] - symbol = symbol: null

2019-08-10 23:46:25 - [TEST_STEP][PASSED] - println(symbol): null

2019-08-10 23:46:25 - [TEST_STEP][PASSED] - if (i == 2 &amp;&amp; wildList.indexOf(symbol) != -1): null

2019-08-10 23:46:25 - [TEST_STEP][PASSED] - if (i == 3 &amp;&amp; wildList.indexOf(symbol) != -1): null

2019-08-10 23:46:25 - [TEST_STEP][PASSED] - if (i == 4 &amp;&amp; wildList.indexOf(symbol) != -1): null

2019-08-10 23:46:25 - [TEST_STEP][PASSED] - symbols = symbols: null

2019-08-10 23:46:25 - [TEST_STEP][PASSED] - for ([j = 0, j &lt; symbols.size(), (j++)]): null

2019-08-10 23:46:25 - [TEST_STEP][PASSED] - symbol = symbol: null

2019-08-10 23:46:25 - [TEST_STEP][PASSED] - println(symbol): null

2019-08-10 23:46:25 - [TEST_STEP][PASSED] - if (i == 2 &amp;&amp; wildList.indexOf(symbol) != -1): null

2019-08-10 23:46:25 - [TEST_STEP][PASSED] - if (i == 3 &amp;&amp; wildList.indexOf(symbol) != -1): null

2019-08-10 23:46:25 - [TEST_STEP][PASSED] - if (i == 4 &amp;&amp; wildList.indexOf(symbol) != -1): null

2019-08-10 23:46:25 - [TEST_STEP][PASSED] - symbol = symbol: null

2019-08-10 23:46:25 - [TEST_STEP][PASSED] - println(symbol): null

2019-08-10 23:46:25 - [TEST_STEP][PASSED] - if (i == 2 &amp;&amp; wildList.indexOf(symbol) != -1): null

2019-08-10 23:46:25 - [TEST_STEP][PASSED] - if (i == 3 &amp;&amp; wildList.indexOf(symbol) != -1): null

2019-08-10 23:46:25 - [TEST_STEP][PASSED] - if (i == 4 &amp;&amp; wildList.indexOf(symbol) != -1): null

2019-08-10 23:46:25 - [TEST_STEP][PASSED] - symbol = symbol: null

2019-08-10 23:46:25 - [TEST_STEP][PASSED] - println(symbol): null

2019-08-10 23:46:25 - [TEST_STEP][PASSED] - if (i == 2 &amp;&amp; wildList.indexOf(symbol) != -1): null

2019-08-10 23:46:25 - [TEST_STEP][PASSED] - if (i == 3 &amp;&amp; wildList.indexOf(symbol) != -1): null

2019-08-10 23:46:25 - [TEST_STEP][PASSED] - if (i == 4 &amp;&amp; wildList.indexOf(symbol) != -1): null

2019-08-10 23:46:25 - [TEST_STEP][PASSED] - symbols = symbols: null

2019-08-10 23:46:25 - [TEST_STEP][PASSED] - for ([j = 0, j &lt; symbols.size(), (j++)]): null

2019-08-10 23:46:25 - [TEST_STEP][PASSED] - symbol = symbol: null

2019-08-10 23:46:25 - [TEST_STEP][PASSED] - println(symbol): null

2019-08-10 23:46:25 - [TEST_STEP][PASSED] - if (i == 2 &amp;&amp; wildList.indexOf(symbol) != -1): null

2019-08-10 23:46:25 - [TEST_STEP][PASSED] - if (i == 3 &amp;&amp; wildList.indexOf(symbol) != -1): null

2019-08-10 23:46:25 - [TEST_STEP][PASSED] - if (i == 4 &amp;&amp; wildList.indexOf(symbol) != -1): null

2019-08-10 23:46:25 - [TEST_STEP][PASSED] - symbol = symbol: null

2019-08-10 23:46:25 - [TEST_STEP][PASSED] - println(symbol): null

2019-08-10 23:46:25 - [TEST_STEP][PASSED] - if (i == 2 &amp;&amp; wildList.indexOf(symbol) != -1): null

2019-08-10 23:46:25 - [TEST_STEP][PASSED] - if (i == 3 &amp;&amp; wildList.indexOf(symbol) != -1): null

2019-08-10 23:46:25 - [TEST_STEP][PASSED] - if (i == 4 &amp;&amp; wildList.indexOf(symbol) != -1): null

2019-08-10 23:46:25 - [TEST_STEP][PASSED] - symbol = symbol: null

2019-08-10 23:46:25 - [TEST_STEP][PASSED] - println(symbol): null

2019-08-10 23:46:25 - [TEST_STEP][PASSED] - if (i == 2 &amp;&amp; wildList.indexOf(symbol) != -1): null

2019-08-10 23:46:25 - [TEST_STEP][PASSED] - if (i == 3 &amp;&amp; wildList.indexOf(symbol) != -1): null

2019-08-10 23:46:25 - [TEST_STEP][PASSED] - if (i == 4 &amp;&amp; wildList.indexOf(symbol) != -1): null

2019-08-10 23:46:25 - [TEST_STEP][PASSED] - symbols = symbols: null

2019-08-10 23:46:25 - [TEST_STEP][PASSED] - for ([j = 0, j &lt; symbols.size(), (j++)]): null

2019-08-10 23:46:25 - [TEST_STEP][PASSED] - symbol = symbol: null

2019-08-10 23:46:25 - [TEST_STEP][PASSED] - println(symbol): null

2019-08-10 23:46:25 - [TEST_STEP][PASSED] - if (i == 2 &amp;&amp; wildList.indexOf(symbol) != -1): null

2019-08-10 23:46:25 - [TEST_STEP][PASSED] - if (i == 3 &amp;&amp; wildList.indexOf(symbol) != -1): null

2019-08-10 23:46:25 - [TEST_STEP][PASSED] - if (i == 4 &amp;&amp; wildList.indexOf(symbol) != -1): null

2019-08-10 23:46:25 - [TEST_STEP][PASSED] - symbol = symbol: null

2019-08-10 23:46:25 - [TEST_STEP][PASSED] - println(symbol): null

2019-08-10 23:46:25 - [TEST_STEP][PASSED] - if (i == 2 &amp;&amp; wildList.indexOf(symbol) != -1): null

2019-08-10 23:46:25 - [TEST_STEP][PASSED] - if (i == 3 &amp;&amp; wildList.indexOf(symbol) != -1): null

2019-08-10 23:46:25 - [TEST_STEP][PASSED] - if (i == 4 &amp;&amp; wildList.indexOf(symbol) != -1): null

2019-08-10 23:46:25 - [TEST_STEP][PASSED] - symbol = symbol: null

2019-08-10 23:46:25 - [TEST_STEP][PASSED] - println(symbol): null

2019-08-10 23:46:25 - [TEST_STEP][PASSED] - if (i == 2 &amp;&amp; wildList.indexOf(symbol) != -1): null

2019-08-10 23:46:25 - [TEST_STEP][PASSED] - if (i == 3 &amp;&amp; wildList.indexOf(symbol) != -1): null

2019-08-10 23:46:25 - [TEST_STEP][PASSED] - if (i == 4 &amp;&amp; wildList.indexOf(symbol) != -1): null

2019-08-10 23:46:25 - [TEST_STEP][PASSED] - free_spin_reel_counter = free_spin_reel_counter: null

2019-08-10 23:46:25 - [TEST_STEP][PASSED] - println("reel 3 wild found: " + free_spin_reel_counter[0]): null

2019-08-10 23:46:25 - [TEST_STEP][PASSED] - println("reel 4 wild found: " + free_spin_reel_counter[1]): null

2019-08-10 23:46:25 - [TEST_STEP][PASSED] - println("reel 5 wild found: " + free_spin_reel_counter[2]): null

2019-08-10 23:46:25 - [TEST_STEP][PASSED] - M4_spin_reels = M4_spin_reels: null

2019-08-10 23:46:25 - [TEST_STEP][PASSED] - M4_spin_reels_symbols = symbol: null

2019-08-10 23:46:25 - [TEST_STEP][PASSED] - M4_spin_reels_symbols = M4_spin_reels_symbols: null

2019-08-10 23:46:25 - [TEST_STEP][PASSED] - M4_spin_reel_wins = reel_wins: null

2019-08-10 23:46:25 - [TEST_STEP][PASSED] - M4_spin_reel_wins = M4_spin_reel_wins: null

2019-08-10 23:46:25 - [TEST_STEP][PASSED] - println("GlobalVariable.M4_spin_reel_wins is: " + M4_spin_reel_wins): null

2019-08-10 23:46:25 - [TEST_STEP][PASSED] - M4_spin_total_bonus_win_this_round = total_bonus_win_this_round: null

2019-08-10 23:46:25 - [TEST_STEP][PASSED] - M4_spin_total_bonus_win_this_round = M4_spin_total_bonus_win_this_round: null

2019-08-10 23:46:25 - [TEST_STEP][PASSED] - println("GlobalVariable.M4_spin_total_bonus_win_this_round is: " + M4_spin_total_bonus_win_this_round): null

2019-08-10 23:46:25 - [MESSAGE][PASSED] - Verify response successfully

2019-08-10 23:46:25 - [MESSAGE][PASSED] - Send request and verify the response successfully

2019-08-10 23:46:25 - [TEST_STEP][PASSED] - if (M4_total_bonus_spins_int != 0 &amp;&amp; M4_spin_reels_symbols[2].contains("WILD_ExtraFG") || M4_spin_reels_symbols[3].contains("WILD_ExtraFG")): null

2019-08-10 23:46:25 - [TEST_STEP][PASSED] - free_spin_reel_counter = free_spin_reel_counter: null

2019-08-10 23:46:25 - [TEST_STEP][PASSED] - M4_spin_reels_symbols = M4_spin_reels_symbols: null

2019-08-10 23:46:25 - [TEST_STEP][PASSED] - M4_total_bonus_spins = M4_total_bonus_spins: null

2019-08-10 23:46:25 - [TEST_STEP][PASSED] - spin_result = sendRequestAndVerify(findTestObject("RGS(M4)/1_M4_spin", ["M4_login_user_id":M4_login_user_id, "rgs_session_token":rgs_session_token, "partner":Partner])): Send request and verify the response successfully

2019-08-10 23:46:25 - [TEST_CASE][PASSED] - Start Test Case : Verification: Verification accomplished successfully

2019-08-10 23:46:25 - [TEST_STEP][PASSED] - request = getInstance().getCurrentRequest(): null

2019-08-10 23:46:25 - [TEST_STEP][PASSED] - response = getInstance().getCurrentResponse(): null

2019-08-10 23:46:25 - [TEST_STEP][PASSED] - verifyResponseStatusCode(response, 200): Verify response status code successfully

2019-08-10 23:46:25 - [MESSAGE][PASSED] - Verify response status code successfully

2019-08-10 23:46:25 - [TEST_STEP][PASSED] - getStatusCode()).isEqualTo(200): null

2019-08-10 23:46:25 - [TEST_STEP][PASSED] - newline = System.getProperty("line.separator"): null

2019-08-10 23:46:25 - [TEST_STEP][PASSED] - M4_spin = new groovy.json.JsonSlurper(): null

2019-08-10 23:46:25 - [TEST_STEP][PASSED] - result_M4_spin = M4_spin.parseText(response.getResponseBodyContent()): null

2019-08-10 23:46:25 - [TEST_STEP][PASSED] - M4_spin_current_balance = current_balance: null

2019-08-10 23:46:25 - [TEST_STEP][PASSED] - M4_spin_current_balance = M4_spin_current_balance: null

2019-08-10 23:46:25 - [TEST_STEP][PASSED] - M4_spin_transaction_id = causality: null

2019-08-10 23:46:25 - [TEST_STEP][PASSED] - M4_spin_transaction_id = M4_spin_transaction_id: null

2019-08-10 23:46:25 - [TEST_STEP][PASSED] - M4_spin_round_id = round_id: null

2019-08-10 23:46:25 - [TEST_STEP][PASSED] - M4_spin_round_id = M4_spin_round_id: null

2019-08-10 23:46:25 - [TEST_STEP][PASSED] - M4_spin_line_wins = line_wins: null

2019-08-10 23:46:25 - [TEST_STEP][PASSED] - M4_spin_line_wins = M4_spin_line_wins: null

2019-08-10 23:46:25 - [TEST_STEP][PASSED] - M4_total_bonus_spins_int = total_bonus_spins: null

2019-08-10 23:46:25 - [TEST_STEP][PASSED] - println("******M4_total_bonus_spins type is:*******" + newline + getClass().getName()): null

2019-08-10 23:46:25 - [TEST_STEP][PASSED] - M4_total_bonus_spins_int = M4_total_bonus_spins_int: null

2019-08-10 23:46:25 - [TEST_STEP][PASSED] - M4_total_bonus_spins = Integer.toString(M4_total_bonus_spins_int): null

2019-08-10 23:46:25 - [TEST_STEP][PASSED] - M4_total_bonus_spins = M4_total_bonus_spins: null

2019-08-10 23:46:25 - [TEST_STEP][PASSED] - println("M4_total_bonus_spins is:" + M4_total_bonus_spins): null

2019-08-10 23:46:25 - [TEST_STEP][PASSED] - M4_spin_bonus_data = bonus_data: null

2019-08-10 23:46:25 - [TEST_STEP][PASSED] - M4_spin_features_triggered = result_M4_spin: null

2019-08-10 23:46:25 - [TEST_STEP][PASSED] - wild = []: null

2019-08-10 23:46:25 - [TEST_STEP][PASSED] - wild[0] = "WILD_Expanding": null

2019-08-10 23:46:25 - [TEST_STEP][PASSED] - wild[1] = "WILD_Normal": null

2019-08-10 23:46:25 - [TEST_STEP][PASSED] - wild[2] = "WILD_Double": null

2019-08-10 23:46:25 - [TEST_STEP][PASSED] - wild[3] = "WILD_ExtraFG": null

2019-08-10 23:46:25 - [TEST_STEP][PASSED] - wild[4] = "WILD_Triple": null

2019-08-10 23:46:25 - [TEST_STEP][PASSED] - wildList = Arrays.asList(wild): null

2019-08-10 23:46:25 - [TEST_STEP][PASSED] - wildList = wildList: null

2019-08-10 23:46:25 - [TEST_STEP][PASSED] - free_spin_reel_counter = []: null

2019-08-10 23:46:25 - [TEST_STEP][PASSED] - free_spin_reel_counter[0] = 0: null

2019-08-10 23:46:25 - [TEST_STEP][PASSED] - free_spin_reel_counter[1] = 0: null

2019-08-10 23:46:25 - [TEST_STEP][PASSED] - free_spin_reel_counter[2] = 0: null

2019-08-10 23:46:25 - [TEST_STEP][PASSED] - M4_spin_reels = reels: null

2019-08-10 23:46:25 - [TEST_STEP][PASSED] - for ([i = 0, i &lt; M4_spin_reels.size(), (i++)]): null

2019-08-10 23:46:25 - [TEST_STEP][PASSED] - symbols = symbols: null

2019-08-10 23:46:25 - [TEST_STEP][PASSED] - for ([j = 0, j &lt; symbols.size(), (j++)]): null

2019-08-10 23:46:25 - [TEST_STEP][PASSED] - symbol = symbol: null

2019-08-10 23:46:25 - [TEST_STEP][PASSED] - println(symbol): null

2019-08-10 23:46:25 - [TEST_STEP][PASSED] - if (i == 2 &amp;&amp; wildList.indexOf(symbol) != -1): null

2019-08-10 23:46:25 - [TEST_STEP][PASSED] - if (i == 3 &amp;&amp; wildList.indexOf(symbol) != -1): null

2019-08-10 23:46:25 - [TEST_STEP][PASSED] - if (i == 4 &amp;&amp; wildList.indexOf(symbol) != -1): null

2019-08-10 23:46:25 - [TEST_STEP][PASSED] - symbol = symbol: null

2019-08-10 23:46:25 - [TEST_STEP][PASSED] - println(symbol): null

2019-08-10 23:46:25 - [TEST_STEP][PASSED] - if (i == 2 &amp;&amp; wildList.indexOf(symbol) != -1): null

2019-08-10 23:46:25 - [TEST_STEP][PASSED] - if (i == 3 &amp;&amp; wildList.indexOf(symbol) != -1): null

2019-08-10 23:46:25 - [TEST_STEP][PASSED] - if (i == 4 &amp;&amp; wildList.indexOf(symbol) != -1): null

2019-08-10 23:46:25 - [TEST_STEP][PASSED] - symbol = symbol: null

2019-08-10 23:46:25 - [TEST_STEP][PASSED] - println(symbol): null

2019-08-10 23:46:25 - [TEST_STEP][PASSED] - if (i == 2 &amp;&amp; wildList.indexOf(symbol) != -1): null

2019-08-10 23:46:25 - [TEST_STEP][PASSED] - if (i == 3 &amp;&amp; wildList.indexOf(symbol) != -1): null

2019-08-10 23:46:25 - [TEST_STEP][PASSED] - if (i == 4 &amp;&amp; wildList.indexOf(symbol) != -1): null

2019-08-10 23:46:25 - [TEST_STEP][PASSED] - symbols = symbols: null

2019-08-10 23:46:25 - [TEST_STEP][PASSED] - for ([j = 0, j &lt; symbols.size(), (j++)]): null

2019-08-10 23:46:25 - [TEST_STEP][PASSED] - symbol = symbol: null

2019-08-10 23:46:25 - [TEST_STEP][PASSED] - println(symbol): null

2019-08-10 23:46:25 - [TEST_STEP][PASSED] - if (i == 2 &amp;&amp; wildList.indexOf(symbol) != -1): null

2019-08-10 23:46:25 - [TEST_STEP][PASSED] - if (i == 3 &amp;&amp; wildList.indexOf(symbol) != -1): null

2019-08-10 23:46:25 - [TEST_STEP][PASSED] - if (i == 4 &amp;&amp; wildList.indexOf(symbol) != -1): null

2019-08-10 23:46:25 - [TEST_STEP][PASSED] - symbol = symbol: null

2019-08-10 23:46:25 - [TEST_STEP][PASSED] - println(symbol): null

2019-08-10 23:46:25 - [TEST_STEP][PASSED] - if (i == 2 &amp;&amp; wildList.indexOf(symbol) != -1): null

2019-08-10 23:46:25 - [TEST_STEP][PASSED] - if (i == 3 &amp;&amp; wildList.indexOf(symbol) != -1): null

2019-08-10 23:46:25 - [TEST_STEP][PASSED] - if (i == 4 &amp;&amp; wildList.indexOf(symbol) != -1): null

2019-08-10 23:46:25 - [TEST_STEP][PASSED] - symbol = symbol: null

2019-08-10 23:46:25 - [TEST_STEP][PASSED] - println(symbol): null

2019-08-10 23:46:25 - [TEST_STEP][PASSED] - if (i == 2 &amp;&amp; wildList.indexOf(symbol) != -1): null

2019-08-10 23:46:25 - [TEST_STEP][PASSED] - if (i == 3 &amp;&amp; wildList.indexOf(symbol) != -1): null

2019-08-10 23:46:25 - [TEST_STEP][PASSED] - if (i == 4 &amp;&amp; wildList.indexOf(symbol) != -1): null

2019-08-10 23:46:25 - [TEST_STEP][PASSED] - symbols = symbols: null

2019-08-10 23:46:25 - [TEST_STEP][PASSED] - for ([j = 0, j &lt; symbols.size(), (j++)]): null

2019-08-10 23:46:25 - [TEST_STEP][PASSED] - symbol = symbol: null

2019-08-10 23:46:25 - [TEST_STEP][PASSED] - println(symbol): null

2019-08-10 23:46:25 - [TEST_STEP][PASSED] - if (i == 2 &amp;&amp; wildList.indexOf(symbol) != -1): null

2019-08-10 23:46:25 - [TEST_STEP][PASSED] - if (i == 3 &amp;&amp; wildList.indexOf(symbol) != -1): null

2019-08-10 23:46:25 - [TEST_STEP][PASSED] - if (i == 4 &amp;&amp; wildList.indexOf(symbol) != -1): null

2019-08-10 23:46:25 - [TEST_STEP][PASSED] - symbol = symbol: null

2019-08-10 23:46:25 - [TEST_STEP][PASSED] - println(symbol): null

2019-08-10 23:46:25 - [TEST_STEP][PASSED] - if (i == 2 &amp;&amp; wildList.indexOf(symbol) != -1): null

2019-08-10 23:46:25 - [TEST_STEP][PASSED] - println("wild found on reel 3, adding counter by 1"): null

2019-08-10 23:46:25 - [TEST_STEP][PASSED] - free_spin_reel_counter[0] = free_spin_reel_counter[0] + 1: null

2019-08-10 23:46:25 - [TEST_STEP][PASSED] - if (i == 3 &amp;&amp; wildList.indexOf(symbol) != -1): null

2019-08-10 23:46:25 - [TEST_STEP][PASSED] - if (i == 4 &amp;&amp; wildList.indexOf(symbol) != -1): null

2019-08-10 23:46:25 - [TEST_STEP][PASSED] - symbol = symbol: null

2019-08-10 23:46:25 - [TEST_STEP][PASSED] - println(symbol): null

2019-08-10 23:46:25 - [TEST_STEP][PASSED] - if (i == 2 &amp;&amp; wildList.indexOf(symbol) != -1): null

2019-08-10 23:46:25 - [TEST_STEP][PASSED] - if (i == 3 &amp;&amp; wildList.indexOf(symbol) != -1): null

2019-08-10 23:46:25 - [TEST_STEP][PASSED] - if (i == 4 &amp;&amp; wildList.indexOf(symbol) != -1): null

2019-08-10 23:46:25 - [TEST_STEP][PASSED] - symbols = symbols: null

2019-08-10 23:46:25 - [TEST_STEP][PASSED] - for ([j = 0, j &lt; symbols.size(), (j++)]): null

2019-08-10 23:46:25 - [TEST_STEP][PASSED] - symbol = symbol: null

2019-08-10 23:46:25 - [TEST_STEP][PASSED] - println(symbol): null

2019-08-10 23:46:25 - [TEST_STEP][PASSED] - if (i == 2 &amp;&amp; wildList.indexOf(symbol) != -1): null

2019-08-10 23:46:25 - [TEST_STEP][PASSED] - if (i == 3 &amp;&amp; wildList.indexOf(symbol) != -1): null

2019-08-10 23:46:25 - [TEST_STEP][PASSED] - if (i == 4 &amp;&amp; wildList.indexOf(symbol) != -1): null

2019-08-10 23:46:25 - [TEST_STEP][PASSED] - symbol = symbol: null

2019-08-10 23:46:25 - [TEST_STEP][PASSED] - println(symbol): null

2019-08-10 23:46:25 - [TEST_STEP][PASSED] - if (i == 2 &amp;&amp; wildList.indexOf(symbol) != -1): null

2019-08-10 23:46:25 - [TEST_STEP][PASSED] - if (i == 3 &amp;&amp; wildList.indexOf(symbol) != -1): null

2019-08-10 23:46:25 - [TEST_STEP][PASSED] - println("wild found on reel 4, adding counter by 1"): null

2019-08-10 23:46:25 - [TEST_STEP][PASSED] - free_spin_reel_counter[1] = free_spin_reel_counter[1] + 1: null

2019-08-10 23:46:25 - [TEST_STEP][PASSED] - if (i == 4 &amp;&amp; wildList.indexOf(symbol) != -1): null

2019-08-10 23:46:25 - [TEST_STEP][PASSED] - symbol = symbol: null

2019-08-10 23:46:25 - [TEST_STEP][PASSED] - println(symbol): null

2019-08-10 23:46:25 - [TEST_STEP][PASSED] - if (i == 2 &amp;&amp; wildList.indexOf(symbol) != -1): null

2019-08-10 23:46:25 - [TEST_STEP][PASSED] - if (i == 3 &amp;&amp; wildList.indexOf(symbol) != -1): null

2019-08-10 23:46:25 - [TEST_STEP][PASSED] - if (i == 4 &amp;&amp; wildList.indexOf(symbol) != -1): null

2019-08-10 23:46:25 - [TEST_STEP][PASSED] - symbols = symbols: null

2019-08-10 23:46:25 - [TEST_STEP][PASSED] - for ([j = 0, j &lt; symbols.size(), (j++)]): null

2019-08-10 23:46:25 - [TEST_STEP][PASSED] - symbol = symbol: null

2019-08-10 23:46:25 - [TEST_STEP][PASSED] - println(symbol): null

2019-08-10 23:46:25 - [TEST_STEP][PASSED] - if (i == 2 &amp;&amp; wildList.indexOf(symbol) != -1): null

2019-08-10 23:46:25 - [TEST_STEP][PASSED] - if (i == 3 &amp;&amp; wildList.indexOf(symbol) != -1): null

2019-08-10 23:46:25 - [TEST_STEP][PASSED] - if (i == 4 &amp;&amp; wildList.indexOf(symbol) != -1): null

2019-08-10 23:46:25 - [TEST_STEP][PASSED] - symbol = symbol: null

2019-08-10 23:46:25 - [TEST_STEP][PASSED] - println(symbol): null

2019-08-10 23:46:25 - [TEST_STEP][PASSED] - if (i == 2 &amp;&amp; wildList.indexOf(symbol) != -1): null

2019-08-10 23:46:25 - [TEST_STEP][PASSED] - if (i == 3 &amp;&amp; wildList.indexOf(symbol) != -1): null

2019-08-10 23:46:25 - [TEST_STEP][PASSED] - if (i == 4 &amp;&amp; wildList.indexOf(symbol) != -1): null

2019-08-10 23:46:25 - [TEST_STEP][PASSED] - symbol = symbol: null

2019-08-10 23:46:25 - [TEST_STEP][PASSED] - println(symbol): null

2019-08-10 23:46:25 - [TEST_STEP][PASSED] - if (i == 2 &amp;&amp; wildList.indexOf(symbol) != -1): null

2019-08-10 23:46:25 - [TEST_STEP][PASSED] - if (i == 3 &amp;&amp; wildList.indexOf(symbol) != -1): null

2019-08-10 23:46:25 - [TEST_STEP][PASSED] - if (i == 4 &amp;&amp; wildList.indexOf(symbol) != -1): null

2019-08-10 23:46:25 - [TEST_STEP][PASSED] - free_spin_reel_counter = free_spin_reel_counter: null

2019-08-10 23:46:25 - [TEST_STEP][PASSED] - println("reel 3 wild found: " + free_spin_reel_counter[0]): null

2019-08-10 23:46:25 - [TEST_STEP][PASSED] - println("reel 4 wild found: " + free_spin_reel_counter[1]): null

2019-08-10 23:46:25 - [TEST_STEP][PASSED] - println("reel 5 wild found: " + free_spin_reel_counter[2]): null

2019-08-10 23:46:25 - [TEST_STEP][PASSED] - M4_spin_reels = M4_spin_reels: null

2019-08-10 23:46:25 - [TEST_STEP][PASSED] - M4_spin_reels_symbols = symbol: null

2019-08-10 23:46:25 - [TEST_STEP][PASSED] - M4_spin_reels_symbols = M4_spin_reels_symbols: null

2019-08-10 23:46:25 - [TEST_STEP][PASSED] - M4_spin_reel_wins = reel_wins: null

2019-08-10 23:46:25 - [TEST_STEP][PASSED] - M4_spin_reel_wins = M4_spin_reel_wins: null

2019-08-10 23:46:25 - [TEST_STEP][PASSED] - println("GlobalVariable.M4_spin_reel_wins is: " + M4_spin_reel_wins): null

2019-08-10 23:46:25 - [TEST_STEP][PASSED] - M4_spin_total_bonus_win_this_round = total_bonus_win_this_round: null

2019-08-10 23:46:25 - [TEST_STEP][PASSED] - M4_spin_total_bonus_win_this_round = M4_spin_total_bonus_win_this_round: null

2019-08-10 23:46:25 - [TEST_STEP][PASSED] - println("GlobalVariable.M4_spin_total_bonus_win_this_round is: " + M4_spin_total_bonus_win_this_round): null

2019-08-10 23:46:25 - [MESSAGE][PASSED] - Verify response successfully

2019-08-10 23:46:25 - [MESSAGE][PASSED] - Send request and verify the response successfully

2019-08-10 23:46:25 - [TEST_STEP][PASSED] - if (M4_total_bonus_spins_int != 0 &amp;&amp; M4_spin_reels_symbols[2].contains("WILD_ExtraFG") || M4_spin_reels_symbols[3].contains("WILD_ExtraFG")): null

2019-08-10 23:46:25 - [TEST_STEP][PASSED] - free_spin_reel_counter = free_spin_reel_counter: null

2019-08-10 23:46:25 - [TEST_STEP][PASSED] - M4_spin_reels_symbols = M4_spin_reels_symbols: null

2019-08-10 23:46:25 - [TEST_STEP][PASSED] - M4_total_bonus_spins = M4_total_bonus_spins: null

2019-08-10 23:46:25 - [TEST_STEP][PASSED] - spin_result = sendRequestAndVerify(findTestObject("RGS(M4)/1_M4_spin", ["M4_login_user_id":M4_login_user_id, "rgs_session_token":rgs_session_token, "partner":Partner])): Send request and verify the response successfully

2019-08-10 23:46:25 - [TEST_CASE][PASSED] - Start Test Case : Verification: Verification accomplished successfully

2019-08-10 23:46:25 - [TEST_STEP][PASSED] - request = getInstance().getCurrentRequest(): null

2019-08-10 23:46:25 - [TEST_STEP][PASSED] - response = getInstance().getCurrentResponse(): null

2019-08-10 23:46:25 - [TEST_STEP][PASSED] - verifyResponseStatusCode(response, 200): Verify response status code successfully

2019-08-10 23:46:25 - [MESSAGE][PASSED] - Verify response status code successfully

2019-08-10 23:46:25 - [TEST_STEP][PASSED] - getStatusCode()).isEqualTo(200): null

2019-08-10 23:46:25 - [TEST_STEP][PASSED] - newline = System.getProperty("line.separator"): null

2019-08-10 23:46:25 - [TEST_STEP][PASSED] - M4_spin = new groovy.json.JsonSlurper(): null

2019-08-10 23:46:25 - [TEST_STEP][PASSED] - result_M4_spin = M4_spin.parseText(response.getResponseBodyContent()): null

2019-08-10 23:46:25 - [TEST_STEP][PASSED] - M4_spin_current_balance = current_balance: null

2019-08-10 23:46:25 - [TEST_STEP][PASSED] - M4_spin_current_balance = M4_spin_current_balance: null

2019-08-10 23:46:25 - [TEST_STEP][PASSED] - M4_spin_transaction_id = causality: null

2019-08-10 23:46:25 - [TEST_STEP][PASSED] - M4_spin_transaction_id = M4_spin_transaction_id: null

2019-08-10 23:46:25 - [TEST_STEP][PASSED] - M4_spin_round_id = round_id: null

2019-08-10 23:46:25 - [TEST_STEP][PASSED] - M4_spin_round_id = M4_spin_round_id: null

2019-08-10 23:46:25 - [TEST_STEP][PASSED] - M4_spin_line_wins = line_wins: null

2019-08-10 23:46:25 - [TEST_STEP][PASSED] - M4_spin_line_wins = M4_spin_line_wins: null

2019-08-10 23:46:25 - [TEST_STEP][PASSED] - M4_total_bonus_spins_int = total_bonus_spins: null

2019-08-10 23:46:25 - [TEST_STEP][PASSED] - println("******M4_total_bonus_spins type is:*******" + newline + getClass().getName()): null

2019-08-10 23:46:25 - [TEST_STEP][PASSED] - M4_total_bonus_spins_int = M4_total_bonus_spins_int: null

2019-08-10 23:46:25 - [TEST_STEP][PASSED] - M4_total_bonus_spins = Integer.toString(M4_total_bonus_spins_int): null

2019-08-10 23:46:25 - [TEST_STEP][PASSED] - M4_total_bonus_spins = M4_total_bonus_spins: null

2019-08-10 23:46:25 - [TEST_STEP][PASSED] - println("M4_total_bonus_spins is:" + M4_total_bonus_spins): null

2019-08-10 23:46:25 - [TEST_STEP][PASSED] - M4_spin_bonus_data = bonus_data: null

2019-08-10 23:46:25 - [TEST_STEP][PASSED] - M4_spin_features_triggered = result_M4_spin: null

2019-08-10 23:46:25 - [TEST_STEP][PASSED] - wild = []: null

2019-08-10 23:46:25 - [TEST_STEP][PASSED] - wild[0] = "WILD_Expanding": null

2019-08-10 23:46:25 - [TEST_STEP][PASSED] - wild[1] = "WILD_Normal": null

2019-08-10 23:46:25 - [TEST_STEP][PASSED] - wild[2] = "WILD_Double": null

2019-08-10 23:46:25 - [TEST_STEP][PASSED] - wild[3] = "WILD_ExtraFG": null

2019-08-10 23:46:25 - [TEST_STEP][PASSED] - wild[4] = "WILD_Triple": null

2019-08-10 23:46:25 - [TEST_STEP][PASSED] - wildList = Arrays.asList(wild): null

2019-08-10 23:46:25 - [TEST_STEP][PASSED] - wildList = wildList: null

2019-08-10 23:46:25 - [TEST_STEP][PASSED] - free_spin_reel_counter = []: null

2019-08-10 23:46:25 - [TEST_STEP][PASSED] - free_spin_reel_counter[0] = 0: null

2019-08-10 23:46:25 - [TEST_STEP][PASSED] - free_spin_reel_counter[1] = 0: null

2019-08-10 23:46:25 - [TEST_STEP][PASSED] - free_spin_reel_counter[2] = 0: null

2019-08-10 23:46:25 - [TEST_STEP][PASSED] - M4_spin_reels = reels: null

2019-08-10 23:46:25 - [TEST_STEP][PASSED] - for ([i = 0, i &lt; M4_spin_reels.size(), (i++)]): null

2019-08-10 23:46:25 - [TEST_STEP][PASSED] - symbols = symbols: null

2019-08-10 23:46:25 - [TEST_STEP][PASSED] - for ([j = 0, j &lt; symbols.size(), (j++)]): null

2019-08-10 23:46:30 - [TEST_STEP][PASSED] - symbol = symbol: null

2019-08-10 23:46:30 - [TEST_STEP][PASSED] - println(symbol): null

2019-08-10 23:46:30 - [TEST_STEP][PASSED] - if (i == 2 &amp;&amp; wildList.indexOf(symbol) != -1): null

2019-08-10 23:46:30 - [TEST_STEP][PASSED] - if (i == 3 &amp;&amp; wildList.indexOf(symbol) != -1): null

2019-08-10 23:46:30 - [TEST_STEP][PASSED] - if (i == 4 &amp;&amp; wildList.indexOf(symbol) != -1): null

2019-08-10 23:46:30 - [TEST_STEP][PASSED] - symbol = symbol: null

2019-08-10 23:46:30 - [TEST_STEP][PASSED] - println(symbol): null

2019-08-10 23:46:30 - [TEST_STEP][PASSED] - if (i == 2 &amp;&amp; wildList.indexOf(symbol) != -1): null

2019-08-10 23:46:30 - [TEST_STEP][PASSED] - if (i == 3 &amp;&amp; wildList.indexOf(symbol) != -1): null

2019-08-10 23:46:30 - [TEST_STEP][PASSED] - if (i == 4 &amp;&amp; wildList.indexOf(symbol) != -1): null

2019-08-10 23:46:35 - [TEST_STEP][PASSED] - symbol = symbol: null

2019-08-10 23:46:35 - [TEST_STEP][PASSED] - println(symbol): null

2019-08-10 23:46:35 - [TEST_STEP][PASSED] - if (i == 2 &amp;&amp; wildList.indexOf(symbol) != -1): null

2019-08-10 23:46:35 - [TEST_STEP][PASSED] - if (i == 3 &amp;&amp; wildList.indexOf(symbol) != -1): null

2019-08-10 23:46:35 - [TEST_STEP][PASSED] - if (i == 4 &amp;&amp; wildList.indexOf(symbol) != -1): null

2019-08-10 23:46:40 - [TEST_STEP][PASSED] - symbols = symbols: null

2019-08-10 23:46:40 - [TEST_STEP][PASSED] - for ([j = 0, j &lt; symbols.size(), (j++)]): null

2019-08-10 23:46:40 - [TEST_STEP][PASSED] - symbol = symbol: null

2019-08-10 23:46:40 - [TEST_STEP][PASSED] - println(symbol): null

2019-08-10 23:46:40 - [TEST_STEP][PASSED] - if (i == 2 &amp;&amp; wildList.indexOf(symbol) != -1): null

2019-08-10 23:46:40 - [TEST_STEP][PASSED] - if (i == 3 &amp;&amp; wildList.indexOf(symbol) != -1): null

2019-08-10 23:46:40 - [TEST_STEP][PASSED] - if (i == 4 &amp;&amp; wildList.indexOf(symbol) != -1): null

2019-08-10 23:46:40 - [TEST_STEP][PASSED] - symbol = symbol: null

2019-08-10 23:46:40 - [TEST_STEP][PASSED] - println(symbol): null

2019-08-10 23:46:40 - [TEST_STEP][PASSED] - if (i == 2 &amp;&amp; wildList.indexOf(symbol) != -1): null

2019-08-10 23:46:40 - [TEST_STEP][PASSED] - if (i == 3 &amp;&amp; wildList.indexOf(symbol) != -1): null

2019-08-10 23:46:40 - [TEST_STEP][PASSED] - if (i == 4 &amp;&amp; wildList.indexOf(symbol) != -1): null

2019-08-10 23:46:40 - [TEST_STEP][PASSED] - symbol = symbol: null

2019-08-10 23:46:40 - [TEST_STEP][PASSED] - println(symbol): null

2019-08-10 23:46:40 - [TEST_STEP][PASSED] - if (i == 2 &amp;&amp; wildList.indexOf(symbol) != -1): null

2019-08-10 23:46:40 - [TEST_STEP][PASSED] - if (i == 3 &amp;&amp; wildList.indexOf(symbol) != -1): null

2019-08-10 23:46:40 - [TEST_STEP][PASSED] - if (i == 4 &amp;&amp; wildList.indexOf(symbol) != -1): null

2019-08-10 23:46:40 - [TEST_STEP][PASSED] - symbols = symbols: null

2019-08-10 23:46:40 - [TEST_STEP][PASSED] - for ([j = 0, j &lt; symbols.size(), (j++)]): null

2019-08-10 23:46:40 - [TEST_STEP][PASSED] - symbol = symbol: null

2019-08-10 23:46:40 - [TEST_STEP][PASSED] - println(symbol): null

2019-08-10 23:46:40 - [TEST_STEP][PASSED] - if (i == 2 &amp;&amp; wildList.indexOf(symbol) != -1): null

2019-08-10 23:46:40 - [TEST_STEP][PASSED] - println("wild found on reel 3, adding counter by 1"): null

2019-08-10 23:46:40 - [TEST_STEP][PASSED] - free_spin_reel_counter[0] = free_spin_reel_counter[0] + 1: null

2019-08-10 23:46:40 - [TEST_STEP][PASSED] - if (i == 3 &amp;&amp; wildList.indexOf(symbol) != -1): null

2019-08-10 23:46:40 - [TEST_STEP][PASSED] - if (i == 4 &amp;&amp; wildList.indexOf(symbol) != -1): null

2019-08-10 23:46:40 - [TEST_STEP][PASSED] - symbol = symbol: null

2019-08-10 23:46:40 - [TEST_STEP][PASSED] - println(symbol): null

2019-08-10 23:46:40 - [TEST_STEP][PASSED] - if (i == 2 &amp;&amp; wildList.indexOf(symbol) != -1): null

2019-08-10 23:46:40 - [TEST_STEP][PASSED] - if (i == 3 &amp;&amp; wildList.indexOf(symbol) != -1): null

2019-08-10 23:46:40 - [TEST_STEP][PASSED] - if (i == 4 &amp;&amp; wildList.indexOf(symbol) != -1): null

2019-08-10 23:46:40 - [TEST_STEP][PASSED] - symbol = symbol: null

2019-08-10 23:46:40 - [TEST_STEP][PASSED] - println(symbol): null

2019-08-10 23:46:40 - [TEST_STEP][PASSED] - if (i == 2 &amp;&amp; wildList.indexOf(symbol) != -1): null

2019-08-10 23:46:40 - [TEST_STEP][PASSED] - if (i == 3 &amp;&amp; wildList.indexOf(symbol) != -1): null

2019-08-10 23:46:40 - [TEST_STEP][PASSED] - if (i == 4 &amp;&amp; wildList.indexOf(symbol) != -1): null

2019-08-10 23:46:40 - [TEST_STEP][PASSED] - symbols = symbols: null

2019-08-10 23:46:40 - [TEST_STEP][PASSED] - for ([j = 0, j &lt; symbols.size(), (j++)]): null

2019-08-10 23:46:40 - [TEST_STEP][PASSED] - symbol = symbol: null

2019-08-10 23:46:40 - [TEST_STEP][PASSED] - println(symbol): null

2019-08-10 23:46:40 - [TEST_STEP][PASSED] - if (i == 2 &amp;&amp; wildList.indexOf(symbol) != -1): null

2019-08-10 23:46:40 - [TEST_STEP][PASSED] - if (i == 3 &amp;&amp; wildList.indexOf(symbol) != -1): null

2019-08-10 23:46:40 - [TEST_STEP][PASSED] - if (i == 4 &amp;&amp; wildList.indexOf(symbol) != -1): null

2019-08-10 23:46:40 - [TEST_STEP][PASSED] - symbol = symbol: null

2019-08-10 23:46:40 - [TEST_STEP][PASSED] - println(symbol): null

2019-08-10 23:46:40 - [TEST_STEP][PASSED] - if (i == 2 &amp;&amp; wildList.indexOf(symbol) != -1): null

2019-08-10 23:46:40 - [TEST_STEP][PASSED] - if (i == 3 &amp;&amp; wildList.indexOf(symbol) != -1): null

2019-08-10 23:46:40 - [TEST_STEP][PASSED] - if (i == 4 &amp;&amp; wildList.indexOf(symbol) != -1): null

2019-08-10 23:46:40 - [TEST_STEP][PASSED] - symbol = symbol: null

2019-08-10 23:46:40 - [TEST_STEP][PASSED] - println(symbol): null

2019-08-10 23:46:40 - [TEST_STEP][PASSED] - if (i == 2 &amp;&amp; wildList.indexOf(symbol) != -1): null

2019-08-10 23:46:40 - [TEST_STEP][PASSED] - if (i == 3 &amp;&amp; wildList.indexOf(symbol) != -1): null

2019-08-10 23:46:40 - [TEST_STEP][PASSED] - if (i == 4 &amp;&amp; wildList.indexOf(symbol) != -1): null

2019-08-10 23:46:40 - [TEST_STEP][PASSED] - symbols = symbols: null

2019-08-10 23:46:40 - [TEST_STEP][PASSED] - for ([j = 0, j &lt; symbols.size(), (j++)]): null

2019-08-10 23:46:40 - [TEST_STEP][PASSED] - symbol = symbol: null

2019-08-10 23:46:40 - [TEST_STEP][PASSED] - println(symbol): null

2019-08-10 23:46:40 - [TEST_STEP][PASSED] - if (i == 2 &amp;&amp; wildList.indexOf(symbol) != -1): null

2019-08-10 23:46:40 - [TEST_STEP][PASSED] - if (i == 3 &amp;&amp; wildList.indexOf(symbol) != -1): null

2019-08-10 23:46:40 - [TEST_STEP][PASSED] - if (i == 4 &amp;&amp; wildList.indexOf(symbol) != -1): null

2019-08-10 23:46:40 - [TEST_STEP][PASSED] - symbol = symbol: null

2019-08-10 23:46:40 - [TEST_STEP][PASSED] - println(symbol): null

2019-08-10 23:46:40 - [TEST_STEP][PASSED] - if (i == 2 &amp;&amp; wildList.indexOf(symbol) != -1): null

2019-08-10 23:46:40 - [TEST_STEP][PASSED] - if (i == 3 &amp;&amp; wildList.indexOf(symbol) != -1): null

2019-08-10 23:46:40 - [TEST_STEP][PASSED] - if (i == 4 &amp;&amp; wildList.indexOf(symbol) != -1): null

2019-08-10 23:46:40 - [TEST_STEP][PASSED] - symbol = symbol: null

2019-08-10 23:46:40 - [TEST_STEP][PASSED] - println(symbol): null

2019-08-10 23:46:40 - [TEST_STEP][PASSED] - if (i == 2 &amp;&amp; wildList.indexOf(symbol) != -1): null

2019-08-10 23:46:40 - [TEST_STEP][PASSED] - if (i == 3 &amp;&amp; wildList.indexOf(symbol) != -1): null

2019-08-10 23:46:40 - [TEST_STEP][PASSED] - if (i == 4 &amp;&amp; wildList.indexOf(symbol) != -1): null

2019-08-10 23:46:40 - [TEST_STEP][PASSED] - free_spin_reel_counter = free_spin_reel_counter: null

2019-08-10 23:46:40 - [TEST_STEP][PASSED] - println("reel 3 wild found: " + free_spin_reel_counter[0]): null

2019-08-10 23:46:40 - [TEST_STEP][PASSED] - println("reel 4 wild found: " + free_spin_reel_counter[1]): null

2019-08-10 23:46:40 - [TEST_STEP][PASSED] - println("reel 5 wild found: " + free_spin_reel_counter[2]): null

2019-08-10 23:46:40 - [TEST_STEP][PASSED] - M4_spin_reels = M4_spin_reels: null

2019-08-10 23:46:40 - [TEST_STEP][PASSED] - M4_spin_reels_symbols = symbol: null

2019-08-10 23:46:40 - [TEST_STEP][PASSED] - M4_spin_reels_symbols = M4_spin_reels_symbols: null

2019-08-10 23:46:40 - [TEST_STEP][PASSED] - M4_spin_reel_wins = reel_wins: null

2019-08-10 23:46:40 - [TEST_STEP][PASSED] - M4_spin_reel_wins = M4_spin_reel_wins: null

2019-08-10 23:46:40 - [TEST_STEP][PASSED] - println("GlobalVariable.M4_spin_reel_wins is: " + M4_spin_reel_wins): null

2019-08-10 23:46:40 - [TEST_STEP][PASSED] - M4_spin_total_bonus_win_this_round = total_bonus_win_this_round: null

2019-08-10 23:46:40 - [TEST_STEP][PASSED] - M4_spin_total_bonus_win_this_round = M4_spin_total_bonus_win_this_round: null

2019-08-10 23:46:40 - [TEST_STEP][PASSED] - println("GlobalVariable.M4_spin_total_bonus_win_this_round is: " + M4_spin_total_bonus_win_this_round): null

2019-08-10 23:46:40 - [MESSAGE][PASSED] - Verify response successfully

2019-08-10 23:46:40 - [MESSAGE][PASSED] - Send request and verify the response successfully

2019-08-10 23:46:40 - [TEST_STEP][PASSED] - if (M4_total_bonus_spins_int != 0 &amp;&amp; M4_spin_reels_symbols[2].contains("WILD_ExtraFG") || M4_spin_reels_symbols[3].contains("WILD_ExtraFG")): null

2019-08-10 23:46:40 - [TEST_STEP][PASSED] - free_spin_reel_counter = free_spin_reel_counter: null

2019-08-10 23:46:40 - [TEST_STEP][PASSED] - M4_spin_reels_symbols = M4_spin_reels_symbols: null

2019-08-10 23:46:40 - [TEST_STEP][PASSED] - M4_total_bonus_spins = M4_total_bonus_spins: null

2019-08-10 23:46:40 - [TEST_STEP][PASSED] - spin_result = sendRequestAndVerify(findTestObject("RGS(M4)/1_M4_spin", ["M4_login_user_id":M4_login_user_id, "rgs_session_token":rgs_session_token, "partner":Partner])): Send request and verify the response successfully

2019-08-10 23:46:41 - [TEST_CASE][PASSED] - Start Test Case : Verification: Verification accomplished successfully

2019-08-10 23:46:41 - [TEST_STEP][PASSED] - request = getInstance().getCurrentRequest(): null

2019-08-10 23:46:41 - [TEST_STEP][PASSED] - response = getInstance().getCurrentResponse(): null

2019-08-10 23:46:41 - [TEST_STEP][PASSED] - verifyResponseStatusCode(response, 200): Verify response status code successfully

2019-08-10 23:46:41 - [MESSAGE][PASSED] - Verify response status code successfully

2019-08-10 23:46:41 - [TEST_STEP][PASSED] - getStatusCode()).isEqualTo(200): null

2019-08-10 23:46:41 - [TEST_STEP][PASSED] - newline = System.getProperty("line.separator"): null

2019-08-10 23:46:41 - [TEST_STEP][PASSED] - M4_spin = new groovy.json.JsonSlurper(): null

2019-08-10 23:46:41 - [TEST_STEP][PASSED] - result_M4_spin = M4_spin.parseText(response.getResponseBodyContent()): null

2019-08-10 23:46:41 - [TEST_STEP][PASSED] - M4_spin_current_balance = current_balance: null

2019-08-10 23:46:41 - [TEST_STEP][PASSED] - M4_spin_current_balance = M4_spin_current_balance: null

2019-08-10 23:46:41 - [TEST_STEP][PASSED] - M4_spin_transaction_id = causality: null

2019-08-10 23:46:41 - [TEST_STEP][PASSED] - M4_spin_transaction_id = M4_spin_transaction_id: null

2019-08-10 23:46:41 - [TEST_STEP][PASSED] - M4_spin_round_id = round_id: null

2019-08-10 23:46:41 - [TEST_STEP][PASSED] - M4_spin_round_id = M4_spin_round_id: null

2019-08-10 23:46:41 - [TEST_STEP][PASSED] - M4_spin_line_wins = line_wins: null

2019-08-10 23:46:41 - [TEST_STEP][PASSED] - M4_spin_line_wins = M4_spin_line_wins: null

2019-08-10 23:46:41 - [TEST_STEP][PASSED] - M4_total_bonus_spins_int = total_bonus_spins: null

2019-08-10 23:46:41 - [TEST_STEP][PASSED] - println("******M4_total_bonus_spins type is:*******" + newline + getClass().getName()): null

2019-08-10 23:46:41 - [TEST_STEP][PASSED] - M4_total_bonus_spins_int = M4_total_bonus_spins_int: null

2019-08-10 23:46:41 - [TEST_STEP][PASSED] - M4_total_bonus_spins = Integer.toString(M4_total_bonus_spins_int): null

2019-08-10 23:46:41 - [TEST_STEP][PASSED] - M4_total_bonus_spins = M4_total_bonus_spins: null

2019-08-10 23:46:41 - [TEST_STEP][PASSED] - println("M4_total_bonus_spins is:" + M4_total_bonus_spins): null

2019-08-10 23:46:41 - [TEST_STEP][PASSED] - M4_spin_bonus_data = bonus_data: null

2019-08-10 23:46:41 - [TEST_STEP][PASSED] - M4_spin_features_triggered = result_M4_spin: null

2019-08-10 23:46:41 - [TEST_STEP][PASSED] - wild = []: null

2019-08-10 23:46:41 - [TEST_STEP][PASSED] - wild[0] = "WILD_Expanding": null

2019-08-10 23:46:41 - [TEST_STEP][PASSED] - wild[1] = "WILD_Normal": null

2019-08-10 23:46:41 - [TEST_STEP][PASSED] - wild[2] = "WILD_Double": null

2019-08-10 23:46:41 - [TEST_STEP][PASSED] - wild[3] = "WILD_ExtraFG": null

2019-08-10 23:46:41 - [TEST_STEP][PASSED] - wild[4] = "WILD_Triple": null

2019-08-10 23:46:41 - [TEST_STEP][PASSED] - wildList = Arrays.asList(wild): null

2019-08-10 23:46:41 - [TEST_STEP][PASSED] - wildList = wildList: null

2019-08-10 23:46:41 - [TEST_STEP][PASSED] - free_spin_reel_counter = []: null

2019-08-10 23:46:41 - [TEST_STEP][PASSED] - free_spin_reel_counter[0] = 0: null

2019-08-10 23:46:41 - [TEST_STEP][PASSED] - free_spin_reel_counter[1] = 0: null

2019-08-10 23:46:41 - [TEST_STEP][PASSED] - free_spin_reel_counter[2] = 0: null

2019-08-10 23:46:41 - [TEST_STEP][PASSED] - M4_spin_reels = reels: null

2019-08-10 23:46:41 - [TEST_STEP][PASSED] - for ([i = 0, i &lt; M4_spin_reels.size(), (i++)]): null

2019-08-10 23:46:41 - [TEST_STEP][PASSED] - symbols = symbols: null

2019-08-10 23:46:41 - [TEST_STEP][PASSED] - for ([j = 0, j &lt; symbols.size(), (j++)]): null

2019-08-10 23:46:41 - [TEST_STEP][PASSED] - symbol = symbol: null

2019-08-10 23:46:41 - [TEST_STEP][PASSED] - println(symbol): null

2019-08-10 23:46:41 - [TEST_STEP][PASSED] - if (i == 2 &amp;&amp; wildList.indexOf(symbol) != -1): null

2019-08-10 23:46:41 - [TEST_STEP][PASSED] - if (i == 3 &amp;&amp; wildList.indexOf(symbol) != -1): null

2019-08-10 23:46:41 - [TEST_STEP][PASSED] - if (i == 4 &amp;&amp; wildList.indexOf(symbol) != -1): null

2019-08-10 23:46:41 - [TEST_STEP][PASSED] - symbol = symbol: null

2019-08-10 23:46:41 - [TEST_STEP][PASSED] - println(symbol): null

2019-08-10 23:46:41 - [TEST_STEP][PASSED] - if (i == 2 &amp;&amp; wildList.indexOf(symbol) != -1): null

2019-08-10 23:46:41 - [TEST_STEP][PASSED] - if (i == 3 &amp;&amp; wildList.indexOf(symbol) != -1): null

2019-08-10 23:46:41 - [TEST_STEP][PASSED] - if (i == 4 &amp;&amp; wildList.indexOf(symbol) != -1): null

2019-08-10 23:46:41 - [TEST_STEP][PASSED] - symbol = symbol: null

2019-08-10 23:46:41 - [TEST_STEP][PASSED] - println(symbol): null

2019-08-10 23:46:41 - [TEST_STEP][PASSED] - if (i == 2 &amp;&amp; wildList.indexOf(symbol) != -1): null

2019-08-10 23:46:41 - [TEST_STEP][PASSED] - if (i == 3 &amp;&amp; wildList.indexOf(symbol) != -1): null

2019-08-10 23:46:41 - [TEST_STEP][PASSED] - if (i == 4 &amp;&amp; wildList.indexOf(symbol) != -1): null

2019-08-10 23:46:41 - [TEST_STEP][PASSED] - symbols = symbols: null

2019-08-10 23:46:41 - [TEST_STEP][PASSED] - for ([j = 0, j &lt; symbols.size(), (j++)]): null

2019-08-10 23:46:41 - [TEST_STEP][PASSED] - symbol = symbol: null

2019-08-10 23:46:41 - [TEST_STEP][PASSED] - println(symbol): null

2019-08-10 23:46:41 - [TEST_STEP][PASSED] - if (i == 2 &amp;&amp; wildList.indexOf(symbol) != -1): null

2019-08-10 23:46:41 - [TEST_STEP][PASSED] - if (i == 3 &amp;&amp; wildList.indexOf(symbol) != -1): null

2019-08-10 23:46:41 - [TEST_STEP][PASSED] - if (i == 4 &amp;&amp; wildList.indexOf(symbol) != -1): null

2019-08-10 23:46:41 - [TEST_STEP][PASSED] - symbol = symbol: null

2019-08-10 23:46:41 - [TEST_STEP][PASSED] - println(symbol): null

2019-08-10 23:46:41 - [TEST_STEP][PASSED] - if (i == 2 &amp;&amp; wildList.indexOf(symbol) != -1): null

2019-08-10 23:46:41 - [TEST_STEP][PASSED] - if (i == 3 &amp;&amp; wildList.indexOf(symbol) != -1): null

2019-08-10 23:46:41 - [TEST_STEP][PASSED] - if (i == 4 &amp;&amp; wildList.indexOf(symbol) != -1): null

2019-08-10 23:46:41 - [TEST_STEP][PASSED] - symbol = symbol: null

2019-08-10 23:46:41 - [TEST_STEP][PASSED] - println(symbol): null

2019-08-10 23:46:41 - [TEST_STEP][PASSED] - if (i == 2 &amp;&amp; wildList.indexOf(symbol) != -1): null

2019-08-10 23:46:41 - [TEST_STEP][PASSED] - if (i == 3 &amp;&amp; wildList.indexOf(symbol) != -1): null

2019-08-10 23:46:41 - [TEST_STEP][PASSED] - if (i == 4 &amp;&amp; wildList.indexOf(symbol) != -1): null

2019-08-10 23:46:41 - [TEST_STEP][PASSED] - symbols = symbols: null

2019-08-10 23:46:41 - [TEST_STEP][PASSED] - for ([j = 0, j &lt; symbols.size(), (j++)]): null

2019-08-10 23:46:41 - [TEST_STEP][PASSED] - symbol = symbol: null

2019-08-10 23:46:41 - [TEST_STEP][PASSED] - println(symbol): null

2019-08-10 23:46:41 - [TEST_STEP][PASSED] - if (i == 2 &amp;&amp; wildList.indexOf(symbol) != -1): null

2019-08-10 23:46:41 - [TEST_STEP][PASSED] - if (i == 3 &amp;&amp; wildList.indexOf(symbol) != -1): null

2019-08-10 23:46:41 - [TEST_STEP][PASSED] - if (i == 4 &amp;&amp; wildList.indexOf(symbol) != -1): null

2019-08-10 23:46:41 - [TEST_STEP][PASSED] - symbol = symbol: null

2019-08-10 23:46:41 - [TEST_STEP][PASSED] - println(symbol): null

2019-08-10 23:46:41 - [TEST_STEP][PASSED] - if (i == 2 &amp;&amp; wildList.indexOf(symbol) != -1): null

2019-08-10 23:46:41 - [TEST_STEP][PASSED] - if (i == 3 &amp;&amp; wildList.indexOf(symbol) != -1): null

2019-08-10 23:46:41 - [TEST_STEP][PASSED] - if (i == 4 &amp;&amp; wildList.indexOf(symbol) != -1): null

2019-08-10 23:46:41 - [TEST_STEP][PASSED] - symbol = symbol: null

2019-08-10 23:46:41 - [TEST_STEP][PASSED] - println(symbol): null

2019-08-10 23:46:41 - [TEST_STEP][PASSED] - if (i == 2 &amp;&amp; wildList.indexOf(symbol) != -1): null

2019-08-10 23:46:41 - [TEST_STEP][PASSED] - if (i == 3 &amp;&amp; wildList.indexOf(symbol) != -1): null

2019-08-10 23:46:41 - [TEST_STEP][PASSED] - if (i == 4 &amp;&amp; wildList.indexOf(symbol) != -1): null

2019-08-10 23:46:41 - [TEST_STEP][PASSED] - symbols = symbols: null

2019-08-10 23:46:41 - [TEST_STEP][PASSED] - for ([j = 0, j &lt; symbols.size(), (j++)]): null

2019-08-10 23:46:41 - [TEST_STEP][PASSED] - symbol = symbol: null

2019-08-10 23:46:41 - [TEST_STEP][PASSED] - println(symbol): null

2019-08-10 23:46:41 - [TEST_STEP][PASSED] - if (i == 2 &amp;&amp; wildList.indexOf(symbol) != -1): null

2019-08-10 23:46:41 - [TEST_STEP][PASSED] - if (i == 3 &amp;&amp; wildList.indexOf(symbol) != -1): null

2019-08-10 23:46:41 - [TEST_STEP][PASSED] - if (i == 4 &amp;&amp; wildList.indexOf(symbol) != -1): null

2019-08-10 23:46:41 - [TEST_STEP][PASSED] - symbol = symbol: null

2019-08-10 23:46:41 - [TEST_STEP][PASSED] - println(symbol): null

2019-08-10 23:46:41 - [TEST_STEP][PASSED] - if (i == 2 &amp;&amp; wildList.indexOf(symbol) != -1): null

2019-08-10 23:46:41 - [TEST_STEP][PASSED] - if (i == 3 &amp;&amp; wildList.indexOf(symbol) != -1): null

2019-08-10 23:46:41 - [TEST_STEP][PASSED] - if (i == 4 &amp;&amp; wildList.indexOf(symbol) != -1): null

2019-08-10 23:46:41 - [TEST_STEP][PASSED] - symbol = symbol: null

2019-08-10 23:46:41 - [TEST_STEP][PASSED] - println(symbol): null

2019-08-10 23:46:41 - [TEST_STEP][PASSED] - if (i == 2 &amp;&amp; wildList.indexOf(symbol) != -1): null

2019-08-10 23:46:41 - [TEST_STEP][PASSED] - if (i == 3 &amp;&amp; wildList.indexOf(symbol) != -1): null

2019-08-10 23:46:41 - [TEST_STEP][PASSED] - if (i == 4 &amp;&amp; wildList.indexOf(symbol) != -1): null

2019-08-10 23:46:41 - [TEST_STEP][PASSED] - symbols = symbols: null

2019-08-10 23:46:41 - [TEST_STEP][PASSED] - for ([j = 0, j &lt; symbols.size(), (j++)]): null

2019-08-10 23:46:41 - [TEST_STEP][PASSED] - symbol = symbol: null

2019-08-10 23:46:41 - [TEST_STEP][PASSED] - println(symbol): null

2019-08-10 23:46:41 - [TEST_STEP][PASSED] - if (i == 2 &amp;&amp; wildList.indexOf(symbol) != -1): null

2019-08-10 23:46:41 - [TEST_STEP][PASSED] - if (i == 3 &amp;&amp; wildList.indexOf(symbol) != -1): null

2019-08-10 23:46:41 - [TEST_STEP][PASSED] - if (i == 4 &amp;&amp; wildList.indexOf(symbol) != -1): null

2019-08-10 23:46:41 - [TEST_STEP][PASSED] - symbol = symbol: null

2019-08-10 23:46:41 - [TEST_STEP][PASSED] - println(symbol): null

2019-08-10 23:46:41 - [TEST_STEP][PASSED] - if (i == 2 &amp;&amp; wildList.indexOf(symbol) != -1): null

2019-08-10 23:46:41 - [TEST_STEP][PASSED] - if (i == 3 &amp;&amp; wildList.indexOf(symbol) != -1): null

2019-08-10 23:46:41 - [TEST_STEP][PASSED] - if (i == 4 &amp;&amp; wildList.indexOf(symbol) != -1): null

2019-08-10 23:46:41 - [TEST_STEP][PASSED] - symbol = symbol: null

2019-08-10 23:46:41 - [TEST_STEP][PASSED] - println(symbol): null

2019-08-10 23:46:41 - [TEST_STEP][PASSED] - if (i == 2 &amp;&amp; wildList.indexOf(symbol) != -1): null

2019-08-10 23:46:41 - [TEST_STEP][PASSED] - if (i == 3 &amp;&amp; wildList.indexOf(symbol) != -1): null

2019-08-10 23:46:41 - [TEST_STEP][PASSED] - if (i == 4 &amp;&amp; wildList.indexOf(symbol) != -1): null

2019-08-10 23:46:41 - [TEST_STEP][PASSED] - free_spin_reel_counter = free_spin_reel_counter: null

2019-08-10 23:46:41 - [TEST_STEP][PASSED] - println("reel 3 wild found: " + free_spin_reel_counter[0]): null

2019-08-10 23:46:41 - [TEST_STEP][PASSED] - println("reel 4 wild found: " + free_spin_reel_counter[1]): null

2019-08-10 23:46:41 - [TEST_STEP][PASSED] - println("reel 5 wild found: " + free_spin_reel_counter[2]): null

2019-08-10 23:46:41 - [TEST_STEP][PASSED] - M4_spin_reels = M4_spin_reels: null

2019-08-10 23:46:41 - [TEST_STEP][PASSED] - M4_spin_reels_symbols = symbol: null

2019-08-10 23:46:41 - [TEST_STEP][PASSED] - M4_spin_reels_symbols = M4_spin_reels_symbols: null

2019-08-10 23:46:41 - [TEST_STEP][PASSED] - M4_spin_reel_wins = reel_wins: null

2019-08-10 23:46:41 - [TEST_STEP][PASSED] - M4_spin_reel_wins = M4_spin_reel_wins: null

2019-08-10 23:46:41 - [TEST_STEP][PASSED] - println("GlobalVariable.M4_spin_reel_wins is: " + M4_spin_reel_wins): null

2019-08-10 23:46:41 - [TEST_STEP][PASSED] - M4_spin_total_bonus_win_this_round = total_bonus_win_this_round: null

2019-08-10 23:46:41 - [TEST_STEP][PASSED] - M4_spin_total_bonus_win_this_round = M4_spin_total_bonus_win_this_round: null

2019-08-10 23:46:41 - [TEST_STEP][PASSED] - println("GlobalVariable.M4_spin_total_bonus_win_this_round is: " + M4_spin_total_bonus_win_this_round): null

2019-08-10 23:46:41 - [MESSAGE][PASSED] - Verify response successfully

2019-08-10 23:46:41 - [MESSAGE][PASSED] - Send request and verify the response successfully

2019-08-10 23:46:41 - [TEST_STEP][PASSED] - if (M4_total_bonus_spins_int != 0 &amp;&amp; M4_spin_reels_symbols[2].contains("WILD_ExtraFG") || M4_spin_reels_symbols[3].contains("WILD_ExtraFG")): null

2019-08-10 23:46:41 - [TEST_STEP][PASSED] - free_spin_reel_counter = free_spin_reel_counter: null

2019-08-10 23:46:41 - [TEST_STEP][PASSED] - M4_spin_reels_symbols = M4_spin_reels_symbols: null

2019-08-10 23:46:41 - [TEST_STEP][PASSED] - M4_total_bonus_spins = M4_total_bonus_spins: null

2019-08-10 23:46:41 - [TEST_STEP][PASSED] - spin_result = sendRequestAndVerify(findTestObject("RGS(M4)/1_M4_spin", ["M4_login_user_id":M4_login_user_id, "rgs_session_token":rgs_session_token, "partner":Partner])): Send request and verify the response successfully

2019-08-10 23:46:41 - [TEST_CASE][PASSED] - Start Test Case : Verification: Verification accomplished successfully

2019-08-10 23:46:41 - [TEST_STEP][PASSED] - request = getInstance().getCurrentRequest(): null

2019-08-10 23:46:41 - [TEST_STEP][PASSED] - response = getInstance().getCurrentResponse(): null

2019-08-10 23:46:41 - [TEST_STEP][PASSED] - verifyResponseStatusCode(response, 200): Verify response status code successfully

2019-08-10 23:46:41 - [MESSAGE][PASSED] - Verify response status code successfully

2019-08-10 23:46:41 - [TEST_STEP][PASSED] - getStatusCode()).isEqualTo(200): null

2019-08-10 23:46:41 - [TEST_STEP][PASSED] - newline = System.getProperty("line.separator"): null

2019-08-10 23:46:41 - [TEST_STEP][PASSED] - M4_spin = new groovy.json.JsonSlurper(): null

2019-08-10 23:46:41 - [TEST_STEP][PASSED] - result_M4_spin = M4_spin.parseText(response.getResponseBodyContent()): null

2019-08-10 23:46:41 - [TEST_STEP][PASSED] - M4_spin_current_balance = current_balance: null

2019-08-10 23:46:41 - [TEST_STEP][PASSED] - M4_spin_current_balance = M4_spin_current_balance: null

2019-08-10 23:46:41 - [TEST_STEP][PASSED] - M4_spin_transaction_id = causality: null

2019-08-10 23:46:41 - [TEST_STEP][PASSED] - M4_spin_transaction_id = M4_spin_transaction_id: null

2019-08-10 23:46:41 - [TEST_STEP][PASSED] - M4_spin_round_id = round_id: null

2019-08-10 23:46:41 - [TEST_STEP][PASSED] - M4_spin_round_id = M4_spin_round_id: null

2019-08-10 23:46:41 - [TEST_STEP][PASSED] - M4_spin_line_wins = line_wins: null

2019-08-10 23:46:41 - [TEST_STEP][PASSED] - M4_spin_line_wins = M4_spin_line_wins: null

2019-08-10 23:46:41 - [TEST_STEP][PASSED] - M4_total_bonus_spins_int = total_bonus_spins: null

2019-08-10 23:46:41 - [TEST_STEP][PASSED] - println("******M4_total_bonus_spins type is:*******" + newline + getClass().getName()): null

2019-08-10 23:46:41 - [TEST_STEP][PASSED] - M4_total_bonus_spins_int = M4_total_bonus_spins_int: null

2019-08-10 23:46:41 - [TEST_STEP][PASSED] - M4_total_bonus_spins = Integer.toString(M4_total_bonus_spins_int): null

2019-08-10 23:46:41 - [TEST_STEP][PASSED] - M4_total_bonus_spins = M4_total_bonus_spins: null

2019-08-10 23:46:41 - [TEST_STEP][PASSED] - println("M4_total_bonus_spins is:" + M4_total_bonus_spins): null

2019-08-10 23:46:41 - [TEST_STEP][PASSED] - M4_spin_bonus_data = bonus_data: null

2019-08-10 23:46:41 - [TEST_STEP][PASSED] - M4_spin_features_triggered = result_M4_spin: null

2019-08-10 23:46:41 - [TEST_STEP][PASSED] - wild = []: null

2019-08-10 23:46:41 - [TEST_STEP][PASSED] - wild[0] = "WILD_Expanding": null

2019-08-10 23:46:41 - [TEST_STEP][PASSED] - wild[1] = "WILD_Normal": null

2019-08-10 23:46:41 - [TEST_STEP][PASSED] - wild[2] = "WILD_Double": null

2019-08-10 23:46:41 - [TEST_STEP][PASSED] - wild[3] = "WILD_ExtraFG": null

2019-08-10 23:46:41 - [TEST_STEP][PASSED] - wild[4] = "WILD_Triple": null

2019-08-10 23:46:41 - [TEST_STEP][PASSED] - wildList = Arrays.asList(wild): null

2019-08-10 23:46:41 - [TEST_STEP][PASSED] - wildList = wildList: null

2019-08-10 23:46:41 - [TEST_STEP][PASSED] - free_spin_reel_counter = []: null

2019-08-10 23:46:41 - [TEST_STEP][PASSED] - free_spin_reel_counter[0] = 0: null

2019-08-10 23:46:41 - [TEST_STEP][PASSED] - free_spin_reel_counter[1] = 0: null

2019-08-10 23:46:41 - [TEST_STEP][PASSED] - free_spin_reel_counter[2] = 0: null

2019-08-10 23:46:41 - [TEST_STEP][PASSED] - M4_spin_reels = reels: null

2019-08-10 23:46:41 - [TEST_STEP][PASSED] - for ([i = 0, i &lt; M4_spin_reels.size(), (i++)]): null

2019-08-10 23:46:41 - [TEST_STEP][PASSED] - symbols = symbols: null

2019-08-10 23:46:41 - [TEST_STEP][PASSED] - for ([j = 0, j &lt; symbols.size(), (j++)]): null

2019-08-10 23:46:41 - [TEST_STEP][PASSED] - symbol = symbol: null

2019-08-10 23:46:41 - [TEST_STEP][PASSED] - println(symbol): null

2019-08-10 23:46:41 - [TEST_STEP][PASSED] - if (i == 2 &amp;&amp; wildList.indexOf(symbol) != -1): null

2019-08-10 23:46:41 - [TEST_STEP][PASSED] - if (i == 3 &amp;&amp; wildList.indexOf(symbol) != -1): null

2019-08-10 23:46:41 - [TEST_STEP][PASSED] - if (i == 4 &amp;&amp; wildList.indexOf(symbol) != -1): null

2019-08-10 23:46:41 - [TEST_STEP][PASSED] - symbol = symbol: null

2019-08-10 23:46:41 - [TEST_STEP][PASSED] - println(symbol): null

2019-08-10 23:46:41 - [TEST_STEP][PASSED] - if (i == 2 &amp;&amp; wildList.indexOf(symbol) != -1): null

2019-08-10 23:46:41 - [TEST_STEP][PASSED] - if (i == 3 &amp;&amp; wildList.indexOf(symbol) != -1): null

2019-08-10 23:46:41 - [TEST_STEP][PASSED] - if (i == 4 &amp;&amp; wildList.indexOf(symbol) != -1): null

2019-08-10 23:46:41 - [TEST_STEP][PASSED] - symbol = symbol: null

2019-08-10 23:46:41 - [TEST_STEP][PASSED] - println(symbol): null

2019-08-10 23:46:41 - [TEST_STEP][PASSED] - if (i == 2 &amp;&amp; wildList.indexOf(symbol) != -1): null

2019-08-10 23:46:41 - [TEST_STEP][PASSED] - if (i == 3 &amp;&amp; wildList.indexOf(symbol) != -1): null

2019-08-10 23:46:41 - [TEST_STEP][PASSED] - if (i == 4 &amp;&amp; wildList.indexOf(symbol) != -1): null

2019-08-10 23:46:41 - [TEST_STEP][PASSED] - symbols = symbols: null

2019-08-10 23:46:41 - [TEST_STEP][PASSED] - for ([j = 0, j &lt; symbols.size(), (j++)]): null

2019-08-10 23:46:41 - [TEST_STEP][PASSED] - symbol = symbol: null

2019-08-10 23:46:41 - [TEST_STEP][PASSED] - println(symbol): null

2019-08-10 23:46:41 - [TEST_STEP][PASSED] - if (i == 2 &amp;&amp; wildList.indexOf(symbol) != -1): null

2019-08-10 23:46:41 - [TEST_STEP][PASSED] - if (i == 3 &amp;&amp; wildList.indexOf(symbol) != -1): null

2019-08-10 23:46:41 - [TEST_STEP][PASSED] - if (i == 4 &amp;&amp; wildList.indexOf(symbol) != -1): null

2019-08-10 23:46:41 - [TEST_STEP][PASSED] - symbol = symbol: null

2019-08-10 23:46:41 - [TEST_STEP][PASSED] - println(symbol): null

2019-08-10 23:46:41 - [TEST_STEP][PASSED] - if (i == 2 &amp;&amp; wildList.indexOf(symbol) != -1): null

2019-08-10 23:46:41 - [TEST_STEP][PASSED] - if (i == 3 &amp;&amp; wildList.indexOf(symbol) != -1): null

2019-08-10 23:46:41 - [TEST_STEP][PASSED] - if (i == 4 &amp;&amp; wildList.indexOf(symbol) != -1): null

2019-08-10 23:46:41 - [TEST_STEP][PASSED] - symbol = symbol: null

2019-08-10 23:46:41 - [TEST_STEP][PASSED] - println(symbol): null

2019-08-10 23:46:41 - [TEST_STEP][PASSED] - if (i == 2 &amp;&amp; wildList.indexOf(symbol) != -1): null

2019-08-10 23:46:41 - [TEST_STEP][PASSED] - if (i == 3 &amp;&amp; wildList.indexOf(symbol) != -1): null

2019-08-10 23:46:41 - [TEST_STEP][PASSED] - if (i == 4 &amp;&amp; wildList.indexOf(symbol) != -1): null

2019-08-10 23:46:41 - [TEST_STEP][PASSED] - symbols = symbols: null

2019-08-10 23:46:41 - [TEST_STEP][PASSED] - for ([j = 0, j &lt; symbols.size(), (j++)]): null

2019-08-10 23:46:41 - [TEST_STEP][PASSED] - symbol = symbol: null

2019-08-10 23:46:41 - [TEST_STEP][PASSED] - println(symbol): null

2019-08-10 23:46:41 - [TEST_STEP][PASSED] - if (i == 2 &amp;&amp; wildList.indexOf(symbol) != -1): null

2019-08-10 23:46:41 - [TEST_STEP][PASSED] - if (i == 3 &amp;&amp; wildList.indexOf(symbol) != -1): null

2019-08-10 23:46:41 - [TEST_STEP][PASSED] - if (i == 4 &amp;&amp; wildList.indexOf(symbol) != -1): null

2019-08-10 23:46:41 - [TEST_STEP][PASSED] - symbol = symbol: null

2019-08-10 23:46:41 - [TEST_STEP][PASSED] - println(symbol): null

2019-08-10 23:46:41 - [TEST_STEP][PASSED] - if (i == 2 &amp;&amp; wildList.indexOf(symbol) != -1): null

2019-08-10 23:46:41 - [TEST_STEP][PASSED] - if (i == 3 &amp;&amp; wildList.indexOf(symbol) != -1): null

2019-08-10 23:46:41 - [TEST_STEP][PASSED] - if (i == 4 &amp;&amp; wildList.indexOf(symbol) != -1): null

2019-08-10 23:46:41 - [TEST_STEP][PASSED] - symbol = symbol: null

2019-08-10 23:46:41 - [TEST_STEP][PASSED] - println(symbol): null

2019-08-10 23:46:41 - [TEST_STEP][PASSED] - if (i == 2 &amp;&amp; wildList.indexOf(symbol) != -1): null

2019-08-10 23:46:41 - [TEST_STEP][PASSED] - if (i == 3 &amp;&amp; wildList.indexOf(symbol) != -1): null

2019-08-10 23:46:41 - [TEST_STEP][PASSED] - if (i == 4 &amp;&amp; wildList.indexOf(symbol) != -1): null

2019-08-10 23:46:41 - [TEST_STEP][PASSED] - symbols = symbols: null

2019-08-10 23:46:41 - [TEST_STEP][PASSED] - for ([j = 0, j &lt; symbols.size(), (j++)]): null

2019-08-10 23:46:41 - [TEST_STEP][PASSED] - symbol = symbol: null

2019-08-10 23:46:41 - [TEST_STEP][PASSED] - println(symbol): null

2019-08-10 23:46:41 - [TEST_STEP][PASSED] - if (i == 2 &amp;&amp; wildList.indexOf(symbol) != -1): null

2019-08-10 23:46:41 - [TEST_STEP][PASSED] - if (i == 3 &amp;&amp; wildList.indexOf(symbol) != -1): null

2019-08-10 23:46:41 - [TEST_STEP][PASSED] - if (i == 4 &amp;&amp; wildList.indexOf(symbol) != -1): null

2019-08-10 23:46:41 - [TEST_STEP][PASSED] - symbol = symbol: null

2019-08-10 23:46:41 - [TEST_STEP][PASSED] - println(symbol): null

2019-08-10 23:46:41 - [TEST_STEP][PASSED] - if (i == 2 &amp;&amp; wildList.indexOf(symbol) != -1): null

2019-08-10 23:46:41 - [TEST_STEP][PASSED] - if (i == 3 &amp;&amp; wildList.indexOf(symbol) != -1): null

2019-08-10 23:46:41 - [TEST_STEP][PASSED] - if (i == 4 &amp;&amp; wildList.indexOf(symbol) != -1): null

2019-08-10 23:46:41 - [TEST_STEP][PASSED] - symbol = symbol: null

2019-08-10 23:46:41 - [TEST_STEP][PASSED] - println(symbol): null

2019-08-10 23:46:41 - [TEST_STEP][PASSED] - if (i == 2 &amp;&amp; wildList.indexOf(symbol) != -1): null

2019-08-10 23:46:41 - [TEST_STEP][PASSED] - if (i == 3 &amp;&amp; wildList.indexOf(symbol) != -1): null

2019-08-10 23:46:41 - [TEST_STEP][PASSED] - if (i == 4 &amp;&amp; wildList.indexOf(symbol) != -1): null

2019-08-10 23:46:41 - [TEST_STEP][PASSED] - symbols = symbols: null

2019-08-10 23:46:41 - [TEST_STEP][PASSED] - for ([j = 0, j &lt; symbols.size(), (j++)]): null

2019-08-10 23:46:41 - [TEST_STEP][PASSED] - symbol = symbol: null

2019-08-10 23:46:41 - [TEST_STEP][PASSED] - println(symbol): null

2019-08-10 23:46:41 - [TEST_STEP][PASSED] - if (i == 2 &amp;&amp; wildList.indexOf(symbol) != -1): null

2019-08-10 23:46:41 - [TEST_STEP][PASSED] - if (i == 3 &amp;&amp; wildList.indexOf(symbol) != -1): null

2019-08-10 23:46:41 - [TEST_STEP][PASSED] - if (i == 4 &amp;&amp; wildList.indexOf(symbol) != -1): null

2019-08-10 23:46:41 - [TEST_STEP][PASSED] - symbol = symbol: null

2019-08-10 23:46:41 - [TEST_STEP][PASSED] - println(symbol): null

2019-08-10 23:46:41 - [TEST_STEP][PASSED] - if (i == 2 &amp;&amp; wildList.indexOf(symbol) != -1): null

2019-08-10 23:46:41 - [TEST_STEP][PASSED] - if (i == 3 &amp;&amp; wildList.indexOf(symbol) != -1): null

2019-08-10 23:46:41 - [TEST_STEP][PASSED] - if (i == 4 &amp;&amp; wildList.indexOf(symbol) != -1): null

2019-08-10 23:46:41 - [TEST_STEP][PASSED] - symbol = symbol: null

2019-08-10 23:46:41 - [TEST_STEP][PASSED] - println(symbol): null

2019-08-10 23:46:41 - [TEST_STEP][PASSED] - if (i == 2 &amp;&amp; wildList.indexOf(symbol) != -1): null

2019-08-10 23:46:41 - [TEST_STEP][PASSED] - if (i == 3 &amp;&amp; wildList.indexOf(symbol) != -1): null

2019-08-10 23:46:41 - [TEST_STEP][PASSED] - if (i == 4 &amp;&amp; wildList.indexOf(symbol) != -1): null

2019-08-10 23:46:41 - [TEST_STEP][PASSED] - free_spin_reel_counter = free_spin_reel_counter: null

2019-08-10 23:46:41 - [TEST_STEP][PASSED] - println("reel 3 wild found: " + free_spin_reel_counter[0]): null

2019-08-10 23:46:41 - [TEST_STEP][PASSED] - println("reel 4 wild found: " + free_spin_reel_counter[1]): null

2019-08-10 23:46:41 - [TEST_STEP][PASSED] - println("reel 5 wild found: " + free_spin_reel_counter[2]): null

2019-08-10 23:46:41 - [TEST_STEP][PASSED] - M4_spin_reels = M4_spin_reels: null

2019-08-10 23:46:41 - [TEST_STEP][PASSED] - M4_spin_reels_symbols = symbol: null

2019-08-10 23:46:41 - [TEST_STEP][PASSED] - M4_spin_reels_symbols = M4_spin_reels_symbols: null

2019-08-10 23:46:41 - [TEST_STEP][PASSED] - M4_spin_reel_wins = reel_wins: null

2019-08-10 23:46:41 - [TEST_STEP][PASSED] - M4_spin_reel_wins = M4_spin_reel_wins: null

2019-08-10 23:46:41 - [TEST_STEP][PASSED] - println("GlobalVariable.M4_spin_reel_wins is: " + M4_spin_reel_wins): null

2019-08-10 23:46:41 - [TEST_STEP][PASSED] - M4_spin_total_bonus_win_this_round = total_bonus_win_this_round: null

2019-08-10 23:46:41 - [TEST_STEP][PASSED] - M4_spin_total_bonus_win_this_round = M4_spin_total_bonus_win_this_round: null

2019-08-10 23:46:41 - [TEST_STEP][PASSED] - println("GlobalVariable.M4_spin_total_bonus_win_this_round is: " + M4_spin_total_bonus_win_this_round): null

2019-08-10 23:46:41 - [MESSAGE][PASSED] - Verify response successfully

2019-08-10 23:46:41 - [MESSAGE][PASSED] - Send request and verify the response successfully

2019-08-10 23:46:41 - [TEST_STEP][PASSED] - if (M4_total_bonus_spins_int != 0 &amp;&amp; M4_spin_reels_symbols[2].contains("WILD_ExtraFG") || M4_spin_reels_symbols[3].contains("WILD_ExtraFG")): null

2019-08-10 23:46:41 - [TEST_STEP][PASSED] - free_spin_reel_counter = free_spin_reel_counter: null

2019-08-10 23:46:41 - [TEST_STEP][PASSED] - M4_spin_reels_symbols = M4_spin_reels_symbols: null

2019-08-10 23:46:41 - [TEST_STEP][PASSED] - M4_total_bonus_spins = M4_total_bonus_spins: null

2019-08-10 23:46:41 - [TEST_STEP][PASSED] - spin_result = sendRequestAndVerify(findTestObject("RGS(M4)/1_M4_spin", ["M4_login_user_id":M4_login_user_id, "rgs_session_token":rgs_session_token, "partner":Partner])): Send request and verify the response successfully

2019-08-10 23:46:42 - [TEST_CASE][PASSED] - Start Test Case : Verification: Verification accomplished successfully

2019-08-10 23:46:42 - [TEST_STEP][PASSED] - request = getInstance().getCurrentRequest(): null

2019-08-10 23:46:42 - [TEST_STEP][PASSED] - response = getInstance().getCurrentResponse(): null

2019-08-10 23:46:42 - [TEST_STEP][PASSED] - verifyResponseStatusCode(response, 200): Verify response status code successfully

2019-08-10 23:46:42 - [MESSAGE][PASSED] - Verify response status code successfully

2019-08-10 23:46:42 - [TEST_STEP][PASSED] - getStatusCode()).isEqualTo(200): null

2019-08-10 23:46:42 - [TEST_STEP][PASSED] - newline = System.getProperty("line.separator"): null

2019-08-10 23:46:42 - [TEST_STEP][PASSED] - M4_spin = new groovy.json.JsonSlurper(): null

2019-08-10 23:46:42 - [TEST_STEP][PASSED] - result_M4_spin = M4_spin.parseText(response.getResponseBodyContent()): null

2019-08-10 23:46:42 - [TEST_STEP][PASSED] - M4_spin_current_balance = current_balance: null

2019-08-10 23:46:42 - [TEST_STEP][PASSED] - M4_spin_current_balance = M4_spin_current_balance: null

2019-08-10 23:46:42 - [TEST_STEP][PASSED] - M4_spin_transaction_id = causality: null

2019-08-10 23:46:42 - [TEST_STEP][PASSED] - M4_spin_transaction_id = M4_spin_transaction_id: null

2019-08-10 23:46:42 - [TEST_STEP][PASSED] - M4_spin_round_id = round_id: null

2019-08-10 23:46:42 - [TEST_STEP][PASSED] - M4_spin_round_id = M4_spin_round_id: null

2019-08-10 23:46:42 - [TEST_STEP][PASSED] - M4_spin_line_wins = line_wins: null

2019-08-10 23:46:42 - [TEST_STEP][PASSED] - M4_spin_line_wins = M4_spin_line_wins: null

2019-08-10 23:46:42 - [TEST_STEP][PASSED] - M4_total_bonus_spins_int = total_bonus_spins: null

2019-08-10 23:46:42 - [TEST_STEP][PASSED] - println("******M4_total_bonus_spins type is:*******" + newline + getClass().getName()): null

2019-08-10 23:46:42 - [TEST_STEP][PASSED] - M4_total_bonus_spins_int = M4_total_bonus_spins_int: null

2019-08-10 23:46:42 - [TEST_STEP][PASSED] - M4_total_bonus_spins = Integer.toString(M4_total_bonus_spins_int): null

2019-08-10 23:46:42 - [TEST_STEP][PASSED] - M4_total_bonus_spins = M4_total_bonus_spins: null

2019-08-10 23:46:42 - [TEST_STEP][PASSED] - println("M4_total_bonus_spins is:" + M4_total_bonus_spins): null

2019-08-10 23:46:42 - [TEST_STEP][PASSED] - M4_spin_bonus_data = bonus_data: null

2019-08-10 23:46:42 - [TEST_STEP][PASSED] - M4_spin_features_triggered = result_M4_spin: null

2019-08-10 23:46:42 - [TEST_STEP][PASSED] - wild = []: null

2019-08-10 23:46:42 - [TEST_STEP][PASSED] - wild[0] = "WILD_Expanding": null

2019-08-10 23:46:42 - [TEST_STEP][PASSED] - wild[1] = "WILD_Normal": null

2019-08-10 23:46:42 - [TEST_STEP][PASSED] - wild[2] = "WILD_Double": null

2019-08-10 23:46:42 - [TEST_STEP][PASSED] - wild[3] = "WILD_ExtraFG": null

2019-08-10 23:46:42 - [TEST_STEP][PASSED] - wild[4] = "WILD_Triple": null

2019-08-10 23:46:42 - [TEST_STEP][PASSED] - wildList = Arrays.asList(wild): null

2019-08-10 23:46:42 - [TEST_STEP][PASSED] - wildList = wildList: null

2019-08-10 23:46:42 - [TEST_STEP][PASSED] - free_spin_reel_counter = []: null

2019-08-10 23:46:42 - [TEST_STEP][PASSED] - free_spin_reel_counter[0] = 0: null

2019-08-10 23:46:42 - [TEST_STEP][PASSED] - free_spin_reel_counter[1] = 0: null

2019-08-10 23:46:42 - [TEST_STEP][PASSED] - free_spin_reel_counter[2] = 0: null

2019-08-10 23:46:42 - [TEST_STEP][PASSED] - M4_spin_reels = reels: null

2019-08-10 23:46:42 - [TEST_STEP][PASSED] - for ([i = 0, i &lt; M4_spin_reels.size(), (i++)]): null

2019-08-10 23:46:42 - [TEST_STEP][PASSED] - symbols = symbols: null

2019-08-10 23:46:42 - [TEST_STEP][PASSED] - for ([j = 0, j &lt; symbols.size(), (j++)]): null

2019-08-10 23:46:42 - [TEST_STEP][PASSED] - symbol = symbol: null

2019-08-10 23:46:42 - [TEST_STEP][PASSED] - println(symbol): null

2019-08-10 23:46:42 - [TEST_STEP][PASSED] - if (i == 2 &amp;&amp; wildList.indexOf(symbol) != -1): null

2019-08-10 23:46:42 - [TEST_STEP][PASSED] - if (i == 3 &amp;&amp; wildList.indexOf(symbol) != -1): null

2019-08-10 23:46:42 - [TEST_STEP][PASSED] - if (i == 4 &amp;&amp; wildList.indexOf(symbol) != -1): null

2019-08-10 23:46:42 - [TEST_STEP][PASSED] - symbol = symbol: null

2019-08-10 23:46:42 - [TEST_STEP][PASSED] - println(symbol): null

2019-08-10 23:46:42 - [TEST_STEP][PASSED] - if (i == 2 &amp;&amp; wildList.indexOf(symbol) != -1): null

2019-08-10 23:46:42 - [TEST_STEP][PASSED] - if (i == 3 &amp;&amp; wildList.indexOf(symbol) != -1): null

2019-08-10 23:46:42 - [TEST_STEP][PASSED] - if (i == 4 &amp;&amp; wildList.indexOf(symbol) != -1): null

2019-08-10 23:46:42 - [TEST_STEP][PASSED] - symbol = symbol: null

2019-08-10 23:46:42 - [TEST_STEP][PASSED] - println(symbol): null

2019-08-10 23:46:42 - [TEST_STEP][PASSED] - if (i == 2 &amp;&amp; wildList.indexOf(symbol) != -1): null

2019-08-10 23:46:42 - [TEST_STEP][PASSED] - if (i == 3 &amp;&amp; wildList.indexOf(symbol) != -1): null

2019-08-10 23:46:42 - [TEST_STEP][PASSED] - if (i == 4 &amp;&amp; wildList.indexOf(symbol) != -1): null

2019-08-10 23:46:42 - [TEST_STEP][PASSED] - symbols = symbols: null

2019-08-10 23:46:42 - [TEST_STEP][PASSED] - for ([j = 0, j &lt; symbols.size(), (j++)]): null

2019-08-10 23:46:42 - [TEST_STEP][PASSED] - symbol = symbol: null

2019-08-10 23:46:42 - [TEST_STEP][PASSED] - println(symbol): null

2019-08-10 23:46:42 - [TEST_STEP][PASSED] - if (i == 2 &amp;&amp; wildList.indexOf(symbol) != -1): null

2019-08-10 23:46:42 - [TEST_STEP][PASSED] - if (i == 3 &amp;&amp; wildList.indexOf(symbol) != -1): null

2019-08-10 23:46:42 - [TEST_STEP][PASSED] - if (i == 4 &amp;&amp; wildList.indexOf(symbol) != -1): null

2019-08-10 23:46:42 - [TEST_STEP][PASSED] - symbol = symbol: null

2019-08-10 23:46:42 - [TEST_STEP][PASSED] - println(symbol): null

2019-08-10 23:46:42 - [TEST_STEP][PASSED] - if (i == 2 &amp;&amp; wildList.indexOf(symbol) != -1): null

2019-08-10 23:46:42 - [TEST_STEP][PASSED] - if (i == 3 &amp;&amp; wildList.indexOf(symbol) != -1): null

2019-08-10 23:46:42 - [TEST_STEP][PASSED] - if (i == 4 &amp;&amp; wildList.indexOf(symbol) != -1): null

2019-08-10 23:46:42 - [TEST_STEP][PASSED] - symbol = symbol: null

2019-08-10 23:46:42 - [TEST_STEP][PASSED] - println(symbol): null

2019-08-10 23:46:42 - [TEST_STEP][PASSED] - if (i == 2 &amp;&amp; wildList.indexOf(symbol) != -1): null

2019-08-10 23:46:42 - [TEST_STEP][PASSED] - if (i == 3 &amp;&amp; wildList.indexOf(symbol) != -1): null

2019-08-10 23:46:42 - [TEST_STEP][PASSED] - if (i == 4 &amp;&amp; wildList.indexOf(symbol) != -1): null

2019-08-10 23:46:42 - [TEST_STEP][PASSED] - symbols = symbols: null

2019-08-10 23:46:42 - [TEST_STEP][PASSED] - for ([j = 0, j &lt; symbols.size(), (j++)]): null

2019-08-10 23:46:42 - [TEST_STEP][PASSED] - symbol = symbol: null

2019-08-10 23:46:42 - [TEST_STEP][PASSED] - println(symbol): null

2019-08-10 23:46:42 - [TEST_STEP][PASSED] - if (i == 2 &amp;&amp; wildList.indexOf(symbol) != -1): null

2019-08-10 23:46:42 - [TEST_STEP][PASSED] - if (i == 3 &amp;&amp; wildList.indexOf(symbol) != -1): null

2019-08-10 23:46:42 - [TEST_STEP][PASSED] - if (i == 4 &amp;&amp; wildList.indexOf(symbol) != -1): null

2019-08-10 23:46:42 - [TEST_STEP][PASSED] - symbol = symbol: null

2019-08-10 23:46:42 - [TEST_STEP][PASSED] - println(symbol): null

2019-08-10 23:46:42 - [TEST_STEP][PASSED] - if (i == 2 &amp;&amp; wildList.indexOf(symbol) != -1): null

2019-08-10 23:46:42 - [TEST_STEP][PASSED] - if (i == 3 &amp;&amp; wildList.indexOf(symbol) != -1): null

2019-08-10 23:46:42 - [TEST_STEP][PASSED] - if (i == 4 &amp;&amp; wildList.indexOf(symbol) != -1): null

2019-08-10 23:46:42 - [TEST_STEP][PASSED] - symbol = symbol: null

2019-08-10 23:46:42 - [TEST_STEP][PASSED] - println(symbol): null

2019-08-10 23:46:42 - [TEST_STEP][PASSED] - if (i == 2 &amp;&amp; wildList.indexOf(symbol) != -1): null

2019-08-10 23:46:42 - [TEST_STEP][PASSED] - if (i == 3 &amp;&amp; wildList.indexOf(symbol) != -1): null

2019-08-10 23:46:42 - [TEST_STEP][PASSED] - if (i == 4 &amp;&amp; wildList.indexOf(symbol) != -1): null

2019-08-10 23:46:42 - [TEST_STEP][PASSED] - symbols = symbols: null

2019-08-10 23:46:42 - [TEST_STEP][PASSED] - for ([j = 0, j &lt; symbols.size(), (j++)]): null

2019-08-10 23:46:42 - [TEST_STEP][PASSED] - symbol = symbol: null

2019-08-10 23:46:42 - [TEST_STEP][PASSED] - println(symbol): null

2019-08-10 23:46:42 - [TEST_STEP][PASSED] - if (i == 2 &amp;&amp; wildList.indexOf(symbol) != -1): null

2019-08-10 23:46:42 - [TEST_STEP][PASSED] - if (i == 3 &amp;&amp; wildList.indexOf(symbol) != -1): null

2019-08-10 23:46:42 - [TEST_STEP][PASSED] - if (i == 4 &amp;&amp; wildList.indexOf(symbol) != -1): null

2019-08-10 23:46:42 - [TEST_STEP][PASSED] - symbol = symbol: null

2019-08-10 23:46:42 - [TEST_STEP][PASSED] - println(symbol): null

2019-08-10 23:46:42 - [TEST_STEP][PASSED] - if (i == 2 &amp;&amp; wildList.indexOf(symbol) != -1): null

2019-08-10 23:46:42 - [TEST_STEP][PASSED] - if (i == 3 &amp;&amp; wildList.indexOf(symbol) != -1): null

2019-08-10 23:46:42 - [TEST_STEP][PASSED] - if (i == 4 &amp;&amp; wildList.indexOf(symbol) != -1): null

2019-08-10 23:46:42 - [TEST_STEP][PASSED] - symbol = symbol: null

2019-08-10 23:46:42 - [TEST_STEP][PASSED] - println(symbol): null

2019-08-10 23:46:42 - [TEST_STEP][PASSED] - if (i == 2 &amp;&amp; wildList.indexOf(symbol) != -1): null

2019-08-10 23:46:42 - [TEST_STEP][PASSED] - if (i == 3 &amp;&amp; wildList.indexOf(symbol) != -1): null

2019-08-10 23:46:42 - [TEST_STEP][PASSED] - if (i == 4 &amp;&amp; wildList.indexOf(symbol) != -1): null

2019-08-10 23:46:42 - [TEST_STEP][PASSED] - symbols = symbols: null

2019-08-10 23:46:42 - [TEST_STEP][PASSED] - for ([j = 0, j &lt; symbols.size(), (j++)]): null

2019-08-10 23:46:42 - [TEST_STEP][PASSED] - symbol = symbol: null

2019-08-10 23:46:42 - [TEST_STEP][PASSED] - println(symbol): null

2019-08-10 23:46:42 - [TEST_STEP][PASSED] - if (i == 2 &amp;&amp; wildList.indexOf(symbol) != -1): null

2019-08-10 23:46:42 - [TEST_STEP][PASSED] - if (i == 3 &amp;&amp; wildList.indexOf(symbol) != -1): null

2019-08-10 23:46:42 - [TEST_STEP][PASSED] - if (i == 4 &amp;&amp; wildList.indexOf(symbol) != -1): null

2019-08-10 23:46:42 - [TEST_STEP][PASSED] - symbol = symbol: null

2019-08-10 23:46:42 - [TEST_STEP][PASSED] - println(symbol): null

2019-08-10 23:46:42 - [TEST_STEP][PASSED] - if (i == 2 &amp;&amp; wildList.indexOf(symbol) != -1): null

2019-08-10 23:46:42 - [TEST_STEP][PASSED] - if (i == 3 &amp;&amp; wildList.indexOf(symbol) != -1): null

2019-08-10 23:46:42 - [TEST_STEP][PASSED] - if (i == 4 &amp;&amp; wildList.indexOf(symbol) != -1): null

2019-08-10 23:46:42 - [TEST_STEP][PASSED] - symbol = symbol: null

2019-08-10 23:46:42 - [TEST_STEP][PASSED] - println(symbol): null

2019-08-10 23:46:42 - [TEST_STEP][PASSED] - if (i == 2 &amp;&amp; wildList.indexOf(symbol) != -1): null

2019-08-10 23:46:42 - [TEST_STEP][PASSED] - if (i == 3 &amp;&amp; wildList.indexOf(symbol) != -1): null

2019-08-10 23:46:42 - [TEST_STEP][PASSED] - if (i == 4 &amp;&amp; wildList.indexOf(symbol) != -1): null

2019-08-10 23:46:42 - [TEST_STEP][PASSED] - free_spin_reel_counter = free_spin_reel_counter: null

2019-08-10 23:46:42 - [TEST_STEP][PASSED] - println("reel 3 wild found: " + free_spin_reel_counter[0]): null

2019-08-10 23:46:42 - [TEST_STEP][PASSED] - println("reel 4 wild found: " + free_spin_reel_counter[1]): null

2019-08-10 23:46:42 - [TEST_STEP][PASSED] - println("reel 5 wild found: " + free_spin_reel_counter[2]): null

2019-08-10 23:46:42 - [TEST_STEP][PASSED] - M4_spin_reels = M4_spin_reels: null

2019-08-10 23:46:42 - [TEST_STEP][PASSED] - M4_spin_reels_symbols = symbol: null

2019-08-10 23:46:42 - [TEST_STEP][PASSED] - M4_spin_reels_symbols = M4_spin_reels_symbols: null

2019-08-10 23:46:42 - [TEST_STEP][PASSED] - M4_spin_reel_wins = reel_wins: null

2019-08-10 23:46:42 - [TEST_STEP][PASSED] - M4_spin_reel_wins = M4_spin_reel_wins: null

2019-08-10 23:46:42 - [TEST_STEP][PASSED] - println("GlobalVariable.M4_spin_reel_wins is: " + M4_spin_reel_wins): null

2019-08-10 23:46:42 - [TEST_STEP][PASSED] - M4_spin_total_bonus_win_this_round = total_bonus_win_this_round: null

2019-08-10 23:46:42 - [TEST_STEP][PASSED] - M4_spin_total_bonus_win_this_round = M4_spin_total_bonus_win_this_round: null

2019-08-10 23:46:42 - [TEST_STEP][PASSED] - println("GlobalVariable.M4_spin_total_bonus_win_this_round is: " + M4_spin_total_bonus_win_this_round): null

2019-08-10 23:46:42 - [MESSAGE][PASSED] - Verify response successfully

2019-08-10 23:46:42 - [MESSAGE][PASSED] - Send request and verify the response successfully

2019-08-10 23:46:42 - [TEST_STEP][PASSED] - if (M4_total_bonus_spins_int != 0 &amp;&amp; M4_spin_reels_symbols[2].contains("WILD_ExtraFG") || M4_spin_reels_symbols[3].contains("WILD_ExtraFG")): null

2019-08-10 23:46:42 - [TEST_STEP][PASSED] - free_spin_reel_counter = free_spin_reel_counter: null

2019-08-10 23:46:42 - [TEST_STEP][PASSED] - M4_spin_reels_symbols = M4_spin_reels_symbols: null

2019-08-10 23:46:42 - [TEST_STEP][PASSED] - M4_total_bonus_spins = M4_total_bonus_spins: null

2019-08-10 23:46:42 - [TEST_STEP][PASSED] - spin_result = sendRequestAndVerify(findTestObject("RGS(M4)/1_M4_spin", ["M4_login_user_id":M4_login_user_id, "rgs_session_token":rgs_session_token, "partner":Partner])): Send request and verify the response successfully

2019-08-10 23:46:42 - [TEST_CASE][PASSED] - Start Test Case : Verification: Verification accomplished successfully

2019-08-10 23:46:42 - [TEST_STEP][PASSED] - request = getInstance().getCurrentRequest(): null

2019-08-10 23:46:42 - [TEST_STEP][PASSED] - response = getInstance().getCurrentResponse(): null

2019-08-10 23:46:42 - [TEST_STEP][PASSED] - verifyResponseStatusCode(response, 200): Verify response status code successfully

2019-08-10 23:46:42 - [MESSAGE][PASSED] - Verify response status code successfully

2019-08-10 23:46:42 - [TEST_STEP][PASSED] - getStatusCode()).isEqualTo(200): null

2019-08-10 23:46:42 - [TEST_STEP][PASSED] - newline = System.getProperty("line.separator"): null

2019-08-10 23:46:42 - [TEST_STEP][PASSED] - M4_spin = new groovy.json.JsonSlurper(): null

2019-08-10 23:46:42 - [TEST_STEP][PASSED] - result_M4_spin = M4_spin.parseText(response.getResponseBodyContent()): null

2019-08-10 23:46:42 - [TEST_STEP][PASSED] - M4_spin_current_balance = current_balance: null

2019-08-10 23:46:42 - [TEST_STEP][PASSED] - M4_spin_current_balance = M4_spin_current_balance: null

2019-08-10 23:46:42 - [TEST_STEP][PASSED] - M4_spin_transaction_id = causality: null

2019-08-10 23:46:42 - [TEST_STEP][PASSED] - M4_spin_transaction_id = M4_spin_transaction_id: null

2019-08-10 23:46:42 - [TEST_STEP][PASSED] - M4_spin_round_id = round_id: null

2019-08-10 23:46:42 - [TEST_STEP][PASSED] - M4_spin_round_id = M4_spin_round_id: null

2019-08-10 23:46:42 - [TEST_STEP][PASSED] - M4_spin_line_wins = line_wins: null

2019-08-10 23:46:42 - [TEST_STEP][PASSED] - M4_spin_line_wins = M4_spin_line_wins: null

2019-08-10 23:46:42 - [TEST_STEP][PASSED] - M4_total_bonus_spins_int = total_bonus_spins: null

2019-08-10 23:46:42 - [TEST_STEP][PASSED] - println("******M4_total_bonus_spins type is:*******" + newline + getClass().getName()): null

2019-08-10 23:46:42 - [TEST_STEP][PASSED] - M4_total_bonus_spins_int = M4_total_bonus_spins_int: null

2019-08-10 23:46:42 - [TEST_STEP][PASSED] - M4_total_bonus_spins = Integer.toString(M4_total_bonus_spins_int): null

2019-08-10 23:46:42 - [TEST_STEP][PASSED] - M4_total_bonus_spins = M4_total_bonus_spins: null

2019-08-10 23:46:42 - [TEST_STEP][PASSED] - println("M4_total_bonus_spins is:" + M4_total_bonus_spins): null

2019-08-10 23:46:42 - [TEST_STEP][PASSED] - M4_spin_bonus_data = bonus_data: null

2019-08-10 23:46:42 - [TEST_STEP][PASSED] - M4_spin_features_triggered = result_M4_spin: null

2019-08-10 23:46:42 - [TEST_STEP][PASSED] - wild = []: null

2019-08-10 23:46:42 - [TEST_STEP][PASSED] - wild[0] = "WILD_Expanding": null

2019-08-10 23:46:42 - [TEST_STEP][PASSED] - wild[1] = "WILD_Normal": null

2019-08-10 23:46:42 - [TEST_STEP][PASSED] - wild[2] = "WILD_Double": null

2019-08-10 23:46:42 - [TEST_STEP][PASSED] - wild[3] = "WILD_ExtraFG": null

2019-08-10 23:46:42 - [TEST_STEP][PASSED] - wild[4] = "WILD_Triple": null

2019-08-10 23:46:42 - [TEST_STEP][PASSED] - wildList = Arrays.asList(wild): null

2019-08-10 23:46:42 - [TEST_STEP][PASSED] - wildList = wildList: null

2019-08-10 23:46:42 - [TEST_STEP][PASSED] - free_spin_reel_counter = []: null

2019-08-10 23:46:42 - [TEST_STEP][PASSED] - free_spin_reel_counter[0] = 0: null

2019-08-10 23:46:42 - [TEST_STEP][PASSED] - free_spin_reel_counter[1] = 0: null

2019-08-10 23:46:42 - [TEST_STEP][PASSED] - free_spin_reel_counter[2] = 0: null

2019-08-10 23:46:42 - [TEST_STEP][PASSED] - M4_spin_reels = reels: null

2019-08-10 23:46:42 - [TEST_STEP][PASSED] - for ([i = 0, i &lt; M4_spin_reels.size(), (i++)]): null

2019-08-10 23:46:42 - [TEST_STEP][PASSED] - symbols = symbols: null

2019-08-10 23:46:42 - [TEST_STEP][PASSED] - for ([j = 0, j &lt; symbols.size(), (j++)]): null

2019-08-10 23:46:42 - [TEST_STEP][PASSED] - symbol = symbol: null

2019-08-10 23:46:42 - [TEST_STEP][PASSED] - println(symbol): null

2019-08-10 23:46:42 - [TEST_STEP][PASSED] - if (i == 2 &amp;&amp; wildList.indexOf(symbol) != -1): null

2019-08-10 23:46:42 - [TEST_STEP][PASSED] - if (i == 3 &amp;&amp; wildList.indexOf(symbol) != -1): null

2019-08-10 23:46:42 - [TEST_STEP][PASSED] - if (i == 4 &amp;&amp; wildList.indexOf(symbol) != -1): null

2019-08-10 23:46:42 - [TEST_STEP][PASSED] - symbol = symbol: null

2019-08-10 23:46:42 - [TEST_STEP][PASSED] - println(symbol): null

2019-08-10 23:46:42 - [TEST_STEP][PASSED] - if (i == 2 &amp;&amp; wildList.indexOf(symbol) != -1): null

2019-08-10 23:46:42 - [TEST_STEP][PASSED] - if (i == 3 &amp;&amp; wildList.indexOf(symbol) != -1): null

2019-08-10 23:46:42 - [TEST_STEP][PASSED] - if (i == 4 &amp;&amp; wildList.indexOf(symbol) != -1): null

2019-08-10 23:46:42 - [TEST_STEP][PASSED] - symbol = symbol: null

2019-08-10 23:46:42 - [TEST_STEP][PASSED] - println(symbol): null

2019-08-10 23:46:42 - [TEST_STEP][PASSED] - if (i == 2 &amp;&amp; wildList.indexOf(symbol) != -1): null

2019-08-10 23:46:42 - [TEST_STEP][PASSED] - if (i == 3 &amp;&amp; wildList.indexOf(symbol) != -1): null

2019-08-10 23:46:42 - [TEST_STEP][PASSED] - if (i == 4 &amp;&amp; wildList.indexOf(symbol) != -1): null

2019-08-10 23:46:42 - [TEST_STEP][PASSED] - symbols = symbols: null

2019-08-10 23:46:42 - [TEST_STEP][PASSED] - for ([j = 0, j &lt; symbols.size(), (j++)]): null

2019-08-10 23:46:42 - [TEST_STEP][PASSED] - symbol = symbol: null

2019-08-10 23:46:42 - [TEST_STEP][PASSED] - println(symbol): null

2019-08-10 23:46:42 - [TEST_STEP][PASSED] - if (i == 2 &amp;&amp; wildList.indexOf(symbol) != -1): null

2019-08-10 23:46:42 - [TEST_STEP][PASSED] - if (i == 3 &amp;&amp; wildList.indexOf(symbol) != -1): null

2019-08-10 23:46:42 - [TEST_STEP][PASSED] - if (i == 4 &amp;&amp; wildList.indexOf(symbol) != -1): null

2019-08-10 23:46:42 - [TEST_STEP][PASSED] - symbol = symbol: null

2019-08-10 23:46:42 - [TEST_STEP][PASSED] - println(symbol): null

2019-08-10 23:46:42 - [TEST_STEP][PASSED] - if (i == 2 &amp;&amp; wildList.indexOf(symbol) != -1): null

2019-08-10 23:46:42 - [TEST_STEP][PASSED] - if (i == 3 &amp;&amp; wildList.indexOf(symbol) != -1): null

2019-08-10 23:46:42 - [TEST_STEP][PASSED] - if (i == 4 &amp;&amp; wildList.indexOf(symbol) != -1): null

2019-08-10 23:46:42 - [TEST_STEP][PASSED] - symbol = symbol: null

2019-08-10 23:46:42 - [TEST_STEP][PASSED] - println(symbol): null

2019-08-10 23:46:42 - [TEST_STEP][PASSED] - if (i == 2 &amp;&amp; wildList.indexOf(symbol) != -1): null

2019-08-10 23:46:42 - [TEST_STEP][PASSED] - if (i == 3 &amp;&amp; wildList.indexOf(symbol) != -1): null

2019-08-10 23:46:42 - [TEST_STEP][PASSED] - if (i == 4 &amp;&amp; wildList.indexOf(symbol) != -1): null

2019-08-10 23:46:42 - [TEST_STEP][PASSED] - symbols = symbols: null

2019-08-10 23:46:42 - [TEST_STEP][PASSED] - for ([j = 0, j &lt; symbols.size(), (j++)]): null

2019-08-10 23:46:42 - [TEST_STEP][PASSED] - symbol = symbol: null

2019-08-10 23:46:42 - [TEST_STEP][PASSED] - println(symbol): null

2019-08-10 23:46:42 - [TEST_STEP][PASSED] - if (i == 2 &amp;&amp; wildList.indexOf(symbol) != -1): null

2019-08-10 23:46:42 - [TEST_STEP][PASSED] - if (i == 3 &amp;&amp; wildList.indexOf(symbol) != -1): null

2019-08-10 23:46:42 - [TEST_STEP][PASSED] - if (i == 4 &amp;&amp; wildList.indexOf(symbol) != -1): null

2019-08-10 23:46:42 - [TEST_STEP][PASSED] - symbol = symbol: null

2019-08-10 23:46:42 - [TEST_STEP][PASSED] - println(symbol): null

2019-08-10 23:46:42 - [TEST_STEP][PASSED] - if (i == 2 &amp;&amp; wildList.indexOf(symbol) != -1): null

2019-08-10 23:46:42 - [TEST_STEP][PASSED] - if (i == 3 &amp;&amp; wildList.indexOf(symbol) != -1): null

2019-08-10 23:46:42 - [TEST_STEP][PASSED] - if (i == 4 &amp;&amp; wildList.indexOf(symbol) != -1): null

2019-08-10 23:46:42 - [TEST_STEP][PASSED] - symbol = symbol: null

2019-08-10 23:46:42 - [TEST_STEP][PASSED] - println(symbol): null

2019-08-10 23:46:42 - [TEST_STEP][PASSED] - if (i == 2 &amp;&amp; wildList.indexOf(symbol) != -1): null

2019-08-10 23:46:42 - [TEST_STEP][PASSED] - if (i == 3 &amp;&amp; wildList.indexOf(symbol) != -1): null

2019-08-10 23:46:42 - [TEST_STEP][PASSED] - if (i == 4 &amp;&amp; wildList.indexOf(symbol) != -1): null

2019-08-10 23:46:42 - [TEST_STEP][PASSED] - symbols = symbols: null

2019-08-10 23:46:42 - [TEST_STEP][PASSED] - for ([j = 0, j &lt; symbols.size(), (j++)]): null

2019-08-10 23:46:42 - [TEST_STEP][PASSED] - symbol = symbol: null

2019-08-10 23:46:42 - [TEST_STEP][PASSED] - println(symbol): null

2019-08-10 23:46:42 - [TEST_STEP][PASSED] - if (i == 2 &amp;&amp; wildList.indexOf(symbol) != -1): null

2019-08-10 23:46:42 - [TEST_STEP][PASSED] - if (i == 3 &amp;&amp; wildList.indexOf(symbol) != -1): null

2019-08-10 23:46:42 - [TEST_STEP][PASSED] - println("wild found on reel 4, adding counter by 1"): null

2019-08-10 23:46:42 - [TEST_STEP][PASSED] - free_spin_reel_counter[1] = free_spin_reel_counter[1] + 1: null

2019-08-10 23:46:42 - [TEST_STEP][PASSED] - if (i == 4 &amp;&amp; wildList.indexOf(symbol) != -1): null

2019-08-10 23:46:42 - [TEST_STEP][PASSED] - symbol = symbol: null

2019-08-10 23:46:42 - [TEST_STEP][PASSED] - println(symbol): null

2019-08-10 23:46:42 - [TEST_STEP][PASSED] - if (i == 2 &amp;&amp; wildList.indexOf(symbol) != -1): null

2019-08-10 23:46:42 - [TEST_STEP][PASSED] - if (i == 3 &amp;&amp; wildList.indexOf(symbol) != -1): null

2019-08-10 23:46:42 - [TEST_STEP][PASSED] - if (i == 4 &amp;&amp; wildList.indexOf(symbol) != -1): null

2019-08-10 23:46:42 - [TEST_STEP][PASSED] - symbol = symbol: null

2019-08-10 23:46:42 - [TEST_STEP][PASSED] - println(symbol): null

2019-08-10 23:46:42 - [TEST_STEP][PASSED] - if (i == 2 &amp;&amp; wildList.indexOf(symbol) != -1): null

2019-08-10 23:46:42 - [TEST_STEP][PASSED] - if (i == 3 &amp;&amp; wildList.indexOf(symbol) != -1): null

2019-08-10 23:46:42 - [TEST_STEP][PASSED] - if (i == 4 &amp;&amp; wildList.indexOf(symbol) != -1): null

2019-08-10 23:46:42 - [TEST_STEP][PASSED] - symbols = symbols: null

2019-08-10 23:46:42 - [TEST_STEP][PASSED] - for ([j = 0, j &lt; symbols.size(), (j++)]): null

2019-08-10 23:46:42 - [TEST_STEP][PASSED] - symbol = symbol: null

2019-08-10 23:46:42 - [TEST_STEP][PASSED] - println(symbol): null

2019-08-10 23:46:42 - [TEST_STEP][PASSED] - if (i == 2 &amp;&amp; wildList.indexOf(symbol) != -1): null

2019-08-10 23:46:42 - [TEST_STEP][PASSED] - if (i == 3 &amp;&amp; wildList.indexOf(symbol) != -1): null

2019-08-10 23:46:42 - [TEST_STEP][PASSED] - if (i == 4 &amp;&amp; wildList.indexOf(symbol) != -1): null

2019-08-10 23:46:42 - [TEST_STEP][PASSED] - symbol = symbol: null

2019-08-10 23:46:42 - [TEST_STEP][PASSED] - println(symbol): null

2019-08-10 23:46:42 - [TEST_STEP][PASSED] - if (i == 2 &amp;&amp; wildList.indexOf(symbol) != -1): null

2019-08-10 23:46:42 - [TEST_STEP][PASSED] - if (i == 3 &amp;&amp; wildList.indexOf(symbol) != -1): null

2019-08-10 23:46:42 - [TEST_STEP][PASSED] - if (i == 4 &amp;&amp; wildList.indexOf(symbol) != -1): null

2019-08-10 23:46:42 - [TEST_STEP][PASSED] - symbol = symbol: null

2019-08-10 23:46:42 - [TEST_STEP][PASSED] - println(symbol): null

2019-08-10 23:46:42 - [TEST_STEP][PASSED] - if (i == 2 &amp;&amp; wildList.indexOf(symbol) != -1): null

2019-08-10 23:46:42 - [TEST_STEP][PASSED] - if (i == 3 &amp;&amp; wildList.indexOf(symbol) != -1): null

2019-08-10 23:46:42 - [TEST_STEP][PASSED] - if (i == 4 &amp;&amp; wildList.indexOf(symbol) != -1): null

2019-08-10 23:46:42 - [TEST_STEP][PASSED] - free_spin_reel_counter = free_spin_reel_counter: null

2019-08-10 23:46:42 - [TEST_STEP][PASSED] - println("reel 3 wild found: " + free_spin_reel_counter[0]): null

2019-08-10 23:46:43 - [TEST_STEP][PASSED] - println("reel 4 wild found: " + free_spin_reel_counter[1]): null

2019-08-10 23:46:43 - [TEST_STEP][PASSED] - println("reel 5 wild found: " + free_spin_reel_counter[2]): null

2019-08-10 23:46:43 - [TEST_STEP][PASSED] - M4_spin_reels = M4_spin_reels: null

2019-08-10 23:46:43 - [TEST_STEP][PASSED] - M4_spin_reels_symbols = symbol: null

2019-08-10 23:46:43 - [TEST_STEP][PASSED] - M4_spin_reels_symbols = M4_spin_reels_symbols: null

2019-08-10 23:46:43 - [TEST_STEP][PASSED] - M4_spin_reel_wins = reel_wins: null

2019-08-10 23:46:43 - [TEST_STEP][PASSED] - M4_spin_reel_wins = M4_spin_reel_wins: null

2019-08-10 23:46:43 - [TEST_STEP][PASSED] - println("GlobalVariable.M4_spin_reel_wins is: " + M4_spin_reel_wins): null

2019-08-10 23:46:43 - [TEST_STEP][PASSED] - M4_spin_total_bonus_win_this_round = total_bonus_win_this_round: null

2019-08-10 23:46:43 - [TEST_STEP][PASSED] - M4_spin_total_bonus_win_this_round = M4_spin_total_bonus_win_this_round: null

2019-08-10 23:46:43 - [TEST_STEP][PASSED] - println("GlobalVariable.M4_spin_total_bonus_win_this_round is: " + M4_spin_total_bonus_win_this_round): null

2019-08-10 23:46:43 - [MESSAGE][PASSED] - Verify response successfully

2019-08-10 23:46:43 - [MESSAGE][PASSED] - Send request and verify the response successfully

2019-08-10 23:46:43 - [TEST_STEP][PASSED] - if (M4_total_bonus_spins_int != 0 &amp;&amp; M4_spin_reels_symbols[2].contains("WILD_ExtraFG") || M4_spin_reels_symbols[3].contains("WILD_ExtraFG")): null

2019-08-10 23:46:43 - [TEST_STEP][PASSED] - free_spin_reel_counter = free_spin_reel_counter: null

2019-08-10 23:46:43 - [TEST_STEP][PASSED] - M4_spin_reels_symbols = M4_spin_reels_symbols: null

2019-08-10 23:46:43 - [TEST_STEP][PASSED] - M4_total_bonus_spins = M4_total_bonus_spins: null

2019-08-10 23:46:43 - [TEST_STEP][PASSED] - spin_result = sendRequestAndVerify(findTestObject("RGS(M4)/1_M4_spin", ["M4_login_user_id":M4_login_user_id, "rgs_session_token":rgs_session_token, "partner":Partner])): Send request and verify the response successfully

2019-08-10 23:46:44 - [TEST_CASE][PASSED] - Start Test Case : Verification: Verification accomplished successfully

2019-08-10 23:46:44 - [TEST_STEP][PASSED] - request = getInstance().getCurrentRequest(): null

2019-08-10 23:46:44 - [TEST_STEP][PASSED] - response = getInstance().getCurrentResponse(): null

2019-08-10 23:46:44 - [TEST_STEP][PASSED] - verifyResponseStatusCode(response, 200): Verify response status code successfully

2019-08-10 23:46:44 - [MESSAGE][PASSED] - Verify response status code successfully

2019-08-10 23:46:44 - [TEST_STEP][PASSED] - getStatusCode()).isEqualTo(200): null

2019-08-10 23:46:44 - [TEST_STEP][PASSED] - newline = System.getProperty("line.separator"): null

2019-08-10 23:46:44 - [TEST_STEP][PASSED] - M4_spin = new groovy.json.JsonSlurper(): null

2019-08-10 23:46:44 - [TEST_STEP][PASSED] - result_M4_spin = M4_spin.parseText(response.getResponseBodyContent()): null

2019-08-10 23:46:44 - [TEST_STEP][PASSED] - M4_spin_current_balance = current_balance: null

2019-08-10 23:46:44 - [TEST_STEP][PASSED] - M4_spin_current_balance = M4_spin_current_balance: null

2019-08-10 23:46:44 - [TEST_STEP][PASSED] - M4_spin_transaction_id = causality: null

2019-08-10 23:46:44 - [TEST_STEP][PASSED] - M4_spin_transaction_id = M4_spin_transaction_id: null

2019-08-10 23:46:44 - [TEST_STEP][PASSED] - M4_spin_round_id = round_id: null

2019-08-10 23:46:44 - [TEST_STEP][PASSED] - M4_spin_round_id = M4_spin_round_id: null

2019-08-10 23:46:44 - [TEST_STEP][PASSED] - M4_spin_line_wins = line_wins: null

2019-08-10 23:46:44 - [TEST_STEP][PASSED] - M4_spin_line_wins = M4_spin_line_wins: null

2019-08-10 23:46:44 - [TEST_STEP][PASSED] - M4_total_bonus_spins_int = total_bonus_spins: null

2019-08-10 23:46:44 - [TEST_STEP][PASSED] - println("******M4_total_bonus_spins type is:*******" + newline + getClass().getName()): null

2019-08-10 23:46:44 - [TEST_STEP][PASSED] - M4_total_bonus_spins_int = M4_total_bonus_spins_int: null

2019-08-10 23:46:44 - [TEST_STEP][PASSED] - M4_total_bonus_spins = Integer.toString(M4_total_bonus_spins_int): null

2019-08-10 23:46:44 - [TEST_STEP][PASSED] - M4_total_bonus_spins = M4_total_bonus_spins: null

2019-08-10 23:46:44 - [TEST_STEP][PASSED] - println("M4_total_bonus_spins is:" + M4_total_bonus_spins): null

2019-08-10 23:46:44 - [TEST_STEP][PASSED] - M4_spin_bonus_data = bonus_data: null

2019-08-10 23:46:44 - [TEST_STEP][PASSED] - M4_spin_features_triggered = result_M4_spin: null

2019-08-10 23:46:44 - [TEST_STEP][PASSED] - wild = []: null

2019-08-10 23:46:44 - [TEST_STEP][PASSED] - wild[0] = "WILD_Expanding": null

2019-08-10 23:46:44 - [TEST_STEP][PASSED] - wild[1] = "WILD_Normal": null

2019-08-10 23:46:44 - [TEST_STEP][PASSED] - wild[2] = "WILD_Double": null

2019-08-10 23:46:44 - [TEST_STEP][PASSED] - wild[3] = "WILD_ExtraFG": null

2019-08-10 23:46:44 - [TEST_STEP][PASSED] - wild[4] = "WILD_Triple": null

2019-08-10 23:46:44 - [TEST_STEP][PASSED] - wildList = Arrays.asList(wild): null

2019-08-10 23:46:44 - [TEST_STEP][PASSED] - wildList = wildList: null

2019-08-10 23:46:44 - [TEST_STEP][PASSED] - free_spin_reel_counter = []: null

2019-08-10 23:46:44 - [TEST_STEP][PASSED] - free_spin_reel_counter[0] = 0: null

2019-08-10 23:46:44 - [TEST_STEP][PASSED] - free_spin_reel_counter[1] = 0: null

2019-08-10 23:46:44 - [TEST_STEP][PASSED] - free_spin_reel_counter[2] = 0: null

2019-08-10 23:46:44 - [TEST_STEP][PASSED] - M4_spin_reels = reels: null

2019-08-10 23:46:44 - [TEST_STEP][PASSED] - for ([i = 0, i &lt; M4_spin_reels.size(), (i++)]): null

2019-08-10 23:46:44 - [TEST_STEP][PASSED] - symbols = symbols: null

2019-08-10 23:46:44 - [TEST_STEP][PASSED] - for ([j = 0, j &lt; symbols.size(), (j++)]): null

2019-08-10 23:46:44 - [TEST_STEP][PASSED] - symbol = symbol: null

2019-08-10 23:46:44 - [TEST_STEP][PASSED] - println(symbol): null

2019-08-10 23:46:44 - [TEST_STEP][PASSED] - if (i == 2 &amp;&amp; wildList.indexOf(symbol) != -1): null

2019-08-10 23:46:44 - [TEST_STEP][PASSED] - if (i == 3 &amp;&amp; wildList.indexOf(symbol) != -1): null

2019-08-10 23:46:44 - [TEST_STEP][PASSED] - if (i == 4 &amp;&amp; wildList.indexOf(symbol) != -1): null

2019-08-10 23:46:44 - [TEST_STEP][PASSED] - symbol = symbol: null

2019-08-10 23:46:44 - [TEST_STEP][PASSED] - println(symbol): null

2019-08-10 23:46:44 - [TEST_STEP][PASSED] - if (i == 2 &amp;&amp; wildList.indexOf(symbol) != -1): null

2019-08-10 23:46:44 - [TEST_STEP][PASSED] - if (i == 3 &amp;&amp; wildList.indexOf(symbol) != -1): null

2019-08-10 23:46:44 - [TEST_STEP][PASSED] - if (i == 4 &amp;&amp; wildList.indexOf(symbol) != -1): null

2019-08-10 23:46:44 - [TEST_STEP][PASSED] - symbol = symbol: null

2019-08-10 23:46:44 - [TEST_STEP][PASSED] - println(symbol): null

2019-08-10 23:46:44 - [TEST_STEP][PASSED] - if (i == 2 &amp;&amp; wildList.indexOf(symbol) != -1): null

2019-08-10 23:46:44 - [TEST_STEP][PASSED] - if (i == 3 &amp;&amp; wildList.indexOf(symbol) != -1): null

2019-08-10 23:46:44 - [TEST_STEP][PASSED] - if (i == 4 &amp;&amp; wildList.indexOf(symbol) != -1): null

2019-08-10 23:46:44 - [TEST_STEP][PASSED] - symbols = symbols: null

2019-08-10 23:46:44 - [TEST_STEP][PASSED] - for ([j = 0, j &lt; symbols.size(), (j++)]): null

2019-08-10 23:46:44 - [TEST_STEP][PASSED] - symbol = symbol: null

2019-08-10 23:46:44 - [TEST_STEP][PASSED] - println(symbol): null

2019-08-10 23:46:44 - [TEST_STEP][PASSED] - if (i == 2 &amp;&amp; wildList.indexOf(symbol) != -1): null

2019-08-10 23:46:44 - [TEST_STEP][PASSED] - if (i == 3 &amp;&amp; wildList.indexOf(symbol) != -1): null

2019-08-10 23:46:44 - [TEST_STEP][PASSED] - if (i == 4 &amp;&amp; wildList.indexOf(symbol) != -1): null

2019-08-10 23:46:44 - [TEST_STEP][PASSED] - symbol = symbol: null

2019-08-10 23:46:44 - [TEST_STEP][PASSED] - println(symbol): null

2019-08-10 23:46:44 - [TEST_STEP][PASSED] - if (i == 2 &amp;&amp; wildList.indexOf(symbol) != -1): null

2019-08-10 23:46:44 - [TEST_STEP][PASSED] - if (i == 3 &amp;&amp; wildList.indexOf(symbol) != -1): null

2019-08-10 23:46:44 - [TEST_STEP][PASSED] - if (i == 4 &amp;&amp; wildList.indexOf(symbol) != -1): null

2019-08-10 23:46:44 - [TEST_STEP][PASSED] - symbol = symbol: null

2019-08-10 23:46:44 - [TEST_STEP][PASSED] - println(symbol): null

2019-08-10 23:46:44 - [TEST_STEP][PASSED] - if (i == 2 &amp;&amp; wildList.indexOf(symbol) != -1): null

2019-08-10 23:46:44 - [TEST_STEP][PASSED] - if (i == 3 &amp;&amp; wildList.indexOf(symbol) != -1): null

2019-08-10 23:46:44 - [TEST_STEP][PASSED] - if (i == 4 &amp;&amp; wildList.indexOf(symbol) != -1): null

2019-08-10 23:46:44 - [TEST_STEP][PASSED] - symbols = symbols: null

2019-08-10 23:46:44 - [TEST_STEP][PASSED] - for ([j = 0, j &lt; symbols.size(), (j++)]): null

2019-08-10 23:46:44 - [TEST_STEP][PASSED] - symbol = symbol: null

2019-08-10 23:46:44 - [TEST_STEP][PASSED] - println(symbol): null

2019-08-10 23:46:44 - [TEST_STEP][PASSED] - if (i == 2 &amp;&amp; wildList.indexOf(symbol) != -1): null

2019-08-10 23:46:44 - [TEST_STEP][PASSED] - if (i == 3 &amp;&amp; wildList.indexOf(symbol) != -1): null

2019-08-10 23:46:44 - [TEST_STEP][PASSED] - if (i == 4 &amp;&amp; wildList.indexOf(symbol) != -1): null

2019-08-10 23:46:44 - [TEST_STEP][PASSED] - symbol = symbol: null

2019-08-10 23:46:44 - [TEST_STEP][PASSED] - println(symbol): null

2019-08-10 23:46:44 - [TEST_STEP][PASSED] - if (i == 2 &amp;&amp; wildList.indexOf(symbol) != -1): null

2019-08-10 23:46:44 - [TEST_STEP][PASSED] - if (i == 3 &amp;&amp; wildList.indexOf(symbol) != -1): null

2019-08-10 23:46:44 - [TEST_STEP][PASSED] - if (i == 4 &amp;&amp; wildList.indexOf(symbol) != -1): null

2019-08-10 23:46:44 - [TEST_STEP][PASSED] - symbol = symbol: null

2019-08-10 23:46:44 - [TEST_STEP][PASSED] - println(symbol): null

2019-08-10 23:46:44 - [TEST_STEP][PASSED] - if (i == 2 &amp;&amp; wildList.indexOf(symbol) != -1): null

2019-08-10 23:46:44 - [TEST_STEP][PASSED] - if (i == 3 &amp;&amp; wildList.indexOf(symbol) != -1): null

2019-08-10 23:46:44 - [TEST_STEP][PASSED] - if (i == 4 &amp;&amp; wildList.indexOf(symbol) != -1): null

2019-08-10 23:46:44 - [TEST_STEP][PASSED] - symbols = symbols: null

2019-08-10 23:46:44 - [TEST_STEP][PASSED] - for ([j = 0, j &lt; symbols.size(), (j++)]): null

2019-08-10 23:46:44 - [TEST_STEP][PASSED] - symbol = symbol: null

2019-08-10 23:46:44 - [TEST_STEP][PASSED] - println(symbol): null

2019-08-10 23:46:44 - [TEST_STEP][PASSED] - if (i == 2 &amp;&amp; wildList.indexOf(symbol) != -1): null

2019-08-10 23:46:44 - [TEST_STEP][PASSED] - if (i == 3 &amp;&amp; wildList.indexOf(symbol) != -1): null

2019-08-10 23:46:44 - [TEST_STEP][PASSED] - if (i == 4 &amp;&amp; wildList.indexOf(symbol) != -1): null

2019-08-10 23:46:44 - [TEST_STEP][PASSED] - symbol = symbol: null

2019-08-10 23:46:44 - [TEST_STEP][PASSED] - println(symbol): null

2019-08-10 23:46:44 - [TEST_STEP][PASSED] - if (i == 2 &amp;&amp; wildList.indexOf(symbol) != -1): null

2019-08-10 23:46:44 - [TEST_STEP][PASSED] - if (i == 3 &amp;&amp; wildList.indexOf(symbol) != -1): null

2019-08-10 23:46:44 - [TEST_STEP][PASSED] - if (i == 4 &amp;&amp; wildList.indexOf(symbol) != -1): null

2019-08-10 23:46:44 - [TEST_STEP][PASSED] - symbol = symbol: null

2019-08-10 23:46:44 - [TEST_STEP][PASSED] - println(symbol): null

2019-08-10 23:46:44 - [TEST_STEP][PASSED] - if (i == 2 &amp;&amp; wildList.indexOf(symbol) != -1): null

2019-08-10 23:46:44 - [TEST_STEP][PASSED] - if (i == 3 &amp;&amp; wildList.indexOf(symbol) != -1): null

2019-08-10 23:46:44 - [TEST_STEP][PASSED] - if (i == 4 &amp;&amp; wildList.indexOf(symbol) != -1): null

2019-08-10 23:46:44 - [TEST_STEP][PASSED] - symbols = symbols: null

2019-08-10 23:46:44 - [TEST_STEP][PASSED] - for ([j = 0, j &lt; symbols.size(), (j++)]): null

2019-08-10 23:46:44 - [TEST_STEP][PASSED] - symbol = symbol: null

2019-08-10 23:46:44 - [TEST_STEP][PASSED] - println(symbol): null

2019-08-10 23:46:44 - [TEST_STEP][PASSED] - if (i == 2 &amp;&amp; wildList.indexOf(symbol) != -1): null

2019-08-10 23:46:44 - [TEST_STEP][PASSED] - if (i == 3 &amp;&amp; wildList.indexOf(symbol) != -1): null

2019-08-10 23:46:44 - [TEST_STEP][PASSED] - if (i == 4 &amp;&amp; wildList.indexOf(symbol) != -1): null

2019-08-10 23:46:44 - [TEST_STEP][PASSED] - symbol = symbol: null

2019-08-10 23:46:44 - [TEST_STEP][PASSED] - println(symbol): null

2019-08-10 23:46:44 - [TEST_STEP][PASSED] - if (i == 2 &amp;&amp; wildList.indexOf(symbol) != -1): null

2019-08-10 23:46:44 - [TEST_STEP][PASSED] - if (i == 3 &amp;&amp; wildList.indexOf(symbol) != -1): null

2019-08-10 23:46:44 - [TEST_STEP][PASSED] - if (i == 4 &amp;&amp; wildList.indexOf(symbol) != -1): null

2019-08-10 23:46:44 - [TEST_STEP][PASSED] - symbol = symbol: null

2019-08-10 23:46:44 - [TEST_STEP][PASSED] - println(symbol): null

2019-08-10 23:46:44 - [TEST_STEP][PASSED] - if (i == 2 &amp;&amp; wildList.indexOf(symbol) != -1): null

2019-08-10 23:46:44 - [TEST_STEP][PASSED] - if (i == 3 &amp;&amp; wildList.indexOf(symbol) != -1): null

2019-08-10 23:46:44 - [TEST_STEP][PASSED] - if (i == 4 &amp;&amp; wildList.indexOf(symbol) != -1): null

2019-08-10 23:46:44 - [TEST_STEP][PASSED] - free_spin_reel_counter = free_spin_reel_counter: null

2019-08-10 23:46:44 - [TEST_STEP][PASSED] - println("reel 3 wild found: " + free_spin_reel_counter[0]): null

2019-08-10 23:46:44 - [TEST_STEP][PASSED] - println("reel 4 wild found: " + free_spin_reel_counter[1]): null

2019-08-10 23:46:44 - [TEST_STEP][PASSED] - println("reel 5 wild found: " + free_spin_reel_counter[2]): null

2019-08-10 23:46:44 - [TEST_STEP][PASSED] - M4_spin_reels = M4_spin_reels: null

2019-08-10 23:46:44 - [TEST_STEP][PASSED] - M4_spin_reels_symbols = symbol: null

2019-08-10 23:46:44 - [TEST_STEP][PASSED] - M4_spin_reels_symbols = M4_spin_reels_symbols: null

2019-08-10 23:46:44 - [TEST_STEP][PASSED] - M4_spin_reel_wins = reel_wins: null

2019-08-10 23:46:44 - [TEST_STEP][PASSED] - M4_spin_reel_wins = M4_spin_reel_wins: null

2019-08-10 23:46:44 - [TEST_STEP][PASSED] - println("GlobalVariable.M4_spin_reel_wins is: " + M4_spin_reel_wins): null

2019-08-10 23:46:44 - [TEST_STEP][PASSED] - M4_spin_total_bonus_win_this_round = total_bonus_win_this_round: null

2019-08-10 23:46:44 - [TEST_STEP][PASSED] - M4_spin_total_bonus_win_this_round = M4_spin_total_bonus_win_this_round: null

2019-08-10 23:46:44 - [TEST_STEP][PASSED] - println("GlobalVariable.M4_spin_total_bonus_win_this_round is: " + M4_spin_total_bonus_win_this_round): null

2019-08-10 23:46:44 - [MESSAGE][PASSED] - Verify response successfully

2019-08-10 23:46:44 - [MESSAGE][PASSED] - Send request and verify the response successfully

2019-08-10 23:46:44 - [TEST_STEP][PASSED] - if (M4_total_bonus_spins_int != 0 &amp;&amp; M4_spin_reels_symbols[2].contains("WILD_ExtraFG") || M4_spin_reels_symbols[3].contains("WILD_ExtraFG")): null

2019-08-10 23:46:44 - [TEST_STEP][PASSED] - free_spin_reel_counter = free_spin_reel_counter: null

2019-08-10 23:46:44 - [TEST_STEP][PASSED] - M4_spin_reels_symbols = M4_spin_reels_symbols: null

2019-08-10 23:46:44 - [TEST_STEP][PASSED] - M4_total_bonus_spins = M4_total_bonus_spins: null

2019-08-10 23:46:44 - [TEST_STEP][PASSED] - spin_result = sendRequestAndVerify(findTestObject("RGS(M4)/1_M4_spin", ["M4_login_user_id":M4_login_user_id, "rgs_session_token":rgs_session_token, "partner":Partner])): Send request and verify the response successfully

2019-08-10 23:46:44 - [TEST_CASE][PASSED] - Start Test Case : Verification: Verification accomplished successfully

2019-08-10 23:46:44 - [TEST_STEP][PASSED] - request = getInstance().getCurrentRequest(): null

2019-08-10 23:46:44 - [TEST_STEP][PASSED] - response = getInstance().getCurrentResponse(): null

2019-08-10 23:46:44 - [TEST_STEP][PASSED] - verifyResponseStatusCode(response, 200): Verify response status code successfully

2019-08-10 23:46:44 - [MESSAGE][PASSED] - Verify response status code successfully

2019-08-10 23:46:44 - [TEST_STEP][PASSED] - getStatusCode()).isEqualTo(200): null

2019-08-10 23:46:44 - [TEST_STEP][PASSED] - newline = System.getProperty("line.separator"): null

2019-08-10 23:46:44 - [TEST_STEP][PASSED] - M4_spin = new groovy.json.JsonSlurper(): null

2019-08-10 23:46:44 - [TEST_STEP][PASSED] - result_M4_spin = M4_spin.parseText(response.getResponseBodyContent()): null

2019-08-10 23:46:44 - [TEST_STEP][PASSED] - M4_spin_current_balance = current_balance: null

2019-08-10 23:46:44 - [TEST_STEP][PASSED] - M4_spin_current_balance = M4_spin_current_balance: null

2019-08-10 23:46:44 - [TEST_STEP][PASSED] - M4_spin_transaction_id = causality: null

2019-08-10 23:46:44 - [TEST_STEP][PASSED] - M4_spin_transaction_id = M4_spin_transaction_id: null

2019-08-10 23:46:44 - [TEST_STEP][PASSED] - M4_spin_round_id = round_id: null

2019-08-10 23:46:44 - [TEST_STEP][PASSED] - M4_spin_round_id = M4_spin_round_id: null

2019-08-10 23:46:44 - [TEST_STEP][PASSED] - M4_spin_line_wins = line_wins: null

2019-08-10 23:46:44 - [TEST_STEP][PASSED] - M4_spin_line_wins = M4_spin_line_wins: null

2019-08-10 23:46:44 - [TEST_STEP][PASSED] - M4_total_bonus_spins_int = total_bonus_spins: null

2019-08-10 23:46:44 - [TEST_STEP][PASSED] - println("******M4_total_bonus_spins type is:*******" + newline + getClass().getName()): null

2019-08-10 23:46:44 - [TEST_STEP][PASSED] - M4_total_bonus_spins_int = M4_total_bonus_spins_int: null

2019-08-10 23:46:44 - [TEST_STEP][PASSED] - M4_total_bonus_spins = Integer.toString(M4_total_bonus_spins_int): null

2019-08-10 23:46:44 - [TEST_STEP][PASSED] - M4_total_bonus_spins = M4_total_bonus_spins: null

2019-08-10 23:46:44 - [TEST_STEP][PASSED] - println("M4_total_bonus_spins is:" + M4_total_bonus_spins): null

2019-08-10 23:46:44 - [TEST_STEP][PASSED] - M4_spin_bonus_data = bonus_data: null

2019-08-10 23:46:44 - [TEST_STEP][PASSED] - M4_spin_features_triggered = result_M4_spin: null

2019-08-10 23:46:44 - [TEST_STEP][PASSED] - wild = []: null

2019-08-10 23:46:44 - [TEST_STEP][PASSED] - wild[0] = "WILD_Expanding": null

2019-08-10 23:46:44 - [TEST_STEP][PASSED] - wild[1] = "WILD_Normal": null

2019-08-10 23:46:44 - [TEST_STEP][PASSED] - wild[2] = "WILD_Double": null

2019-08-10 23:46:44 - [TEST_STEP][PASSED] - wild[3] = "WILD_ExtraFG": null

2019-08-10 23:46:44 - [TEST_STEP][PASSED] - wild[4] = "WILD_Triple": null

2019-08-10 23:46:44 - [TEST_STEP][PASSED] - wildList = Arrays.asList(wild): null

2019-08-10 23:46:44 - [TEST_STEP][PASSED] - wildList = wildList: null

2019-08-10 23:46:44 - [TEST_STEP][PASSED] - free_spin_reel_counter = []: null

2019-08-10 23:46:44 - [TEST_STEP][PASSED] - free_spin_reel_counter[0] = 0: null

2019-08-10 23:46:44 - [TEST_STEP][PASSED] - free_spin_reel_counter[1] = 0: null

2019-08-10 23:46:44 - [TEST_STEP][PASSED] - free_spin_reel_counter[2] = 0: null

2019-08-10 23:46:44 - [TEST_STEP][PASSED] - M4_spin_reels = reels: null

2019-08-10 23:46:44 - [TEST_STEP][PASSED] - for ([i = 0, i &lt; M4_spin_reels.size(), (i++)]): null

2019-08-10 23:46:44 - [TEST_STEP][PASSED] - symbols = symbols: null

2019-08-10 23:46:44 - [TEST_STEP][PASSED] - for ([j = 0, j &lt; symbols.size(), (j++)]): null

2019-08-10 23:46:44 - [TEST_STEP][PASSED] - symbol = symbol: null

2019-08-10 23:46:44 - [TEST_STEP][PASSED] - println(symbol): null

2019-08-10 23:46:44 - [TEST_STEP][PASSED] - if (i == 2 &amp;&amp; wildList.indexOf(symbol) != -1): null

2019-08-10 23:46:44 - [TEST_STEP][PASSED] - if (i == 3 &amp;&amp; wildList.indexOf(symbol) != -1): null

2019-08-10 23:46:44 - [TEST_STEP][PASSED] - if (i == 4 &amp;&amp; wildList.indexOf(symbol) != -1): null

2019-08-10 23:46:44 - [TEST_STEP][PASSED] - symbol = symbol: null

2019-08-10 23:46:44 - [TEST_STEP][PASSED] - println(symbol): null

2019-08-10 23:46:44 - [TEST_STEP][PASSED] - if (i == 2 &amp;&amp; wildList.indexOf(symbol) != -1): null

2019-08-10 23:46:44 - [TEST_STEP][PASSED] - if (i == 3 &amp;&amp; wildList.indexOf(symbol) != -1): null

2019-08-10 23:46:44 - [TEST_STEP][PASSED] - if (i == 4 &amp;&amp; wildList.indexOf(symbol) != -1): null

2019-08-10 23:46:44 - [TEST_STEP][PASSED] - symbol = symbol: null

2019-08-10 23:46:44 - [TEST_STEP][PASSED] - println(symbol): null

2019-08-10 23:46:44 - [TEST_STEP][PASSED] - if (i == 2 &amp;&amp; wildList.indexOf(symbol) != -1): null

2019-08-10 23:46:44 - [TEST_STEP][PASSED] - if (i == 3 &amp;&amp; wildList.indexOf(symbol) != -1): null

2019-08-10 23:46:44 - [TEST_STEP][PASSED] - if (i == 4 &amp;&amp; wildList.indexOf(symbol) != -1): null

2019-08-10 23:46:44 - [TEST_STEP][PASSED] - symbols = symbols: null

2019-08-10 23:46:44 - [TEST_STEP][PASSED] - for ([j = 0, j &lt; symbols.size(), (j++)]): null

2019-08-10 23:46:44 - [TEST_STEP][PASSED] - symbol = symbol: null

2019-08-10 23:46:44 - [TEST_STEP][PASSED] - println(symbol): null

2019-08-10 23:46:44 - [TEST_STEP][PASSED] - if (i == 2 &amp;&amp; wildList.indexOf(symbol) != -1): null

2019-08-10 23:46:44 - [TEST_STEP][PASSED] - if (i == 3 &amp;&amp; wildList.indexOf(symbol) != -1): null

2019-08-10 23:46:44 - [TEST_STEP][PASSED] - if (i == 4 &amp;&amp; wildList.indexOf(symbol) != -1): null

2019-08-10 23:46:44 - [TEST_STEP][PASSED] - symbol = symbol: null

2019-08-10 23:46:44 - [TEST_STEP][PASSED] - println(symbol): null

2019-08-10 23:46:44 - [TEST_STEP][PASSED] - if (i == 2 &amp;&amp; wildList.indexOf(symbol) != -1): null

2019-08-10 23:46:44 - [TEST_STEP][PASSED] - if (i == 3 &amp;&amp; wildList.indexOf(symbol) != -1): null

2019-08-10 23:46:44 - [TEST_STEP][PASSED] - if (i == 4 &amp;&amp; wildList.indexOf(symbol) != -1): null

2019-08-10 23:46:44 - [TEST_STEP][PASSED] - symbol = symbol: null

2019-08-10 23:46:44 - [TEST_STEP][PASSED] - println(symbol): null

2019-08-10 23:46:44 - [TEST_STEP][PASSED] - if (i == 2 &amp;&amp; wildList.indexOf(symbol) != -1): null

2019-08-10 23:46:44 - [TEST_STEP][PASSED] - if (i == 3 &amp;&amp; wildList.indexOf(symbol) != -1): null

2019-08-10 23:46:44 - [TEST_STEP][PASSED] - if (i == 4 &amp;&amp; wildList.indexOf(symbol) != -1): null

2019-08-10 23:46:44 - [TEST_STEP][PASSED] - symbols = symbols: null

2019-08-10 23:46:44 - [TEST_STEP][PASSED] - for ([j = 0, j &lt; symbols.size(), (j++)]): null

2019-08-10 23:46:44 - [TEST_STEP][PASSED] - symbol = symbol: null

2019-08-10 23:46:44 - [TEST_STEP][PASSED] - println(symbol): null

2019-08-10 23:46:44 - [TEST_STEP][PASSED] - if (i == 2 &amp;&amp; wildList.indexOf(symbol) != -1): null

2019-08-10 23:46:44 - [TEST_STEP][PASSED] - if (i == 3 &amp;&amp; wildList.indexOf(symbol) != -1): null

2019-08-10 23:46:44 - [TEST_STEP][PASSED] - if (i == 4 &amp;&amp; wildList.indexOf(symbol) != -1): null

2019-08-10 23:46:44 - [TEST_STEP][PASSED] - symbol = symbol: null

2019-08-10 23:46:44 - [TEST_STEP][PASSED] - println(symbol): null

2019-08-10 23:46:44 - [TEST_STEP][PASSED] - if (i == 2 &amp;&amp; wildList.indexOf(symbol) != -1): null

2019-08-10 23:46:44 - [TEST_STEP][PASSED] - if (i == 3 &amp;&amp; wildList.indexOf(symbol) != -1): null

2019-08-10 23:46:44 - [TEST_STEP][PASSED] - if (i == 4 &amp;&amp; wildList.indexOf(symbol) != -1): null

2019-08-10 23:46:44 - [TEST_STEP][PASSED] - symbol = symbol: null

2019-08-10 23:46:44 - [TEST_STEP][PASSED] - println(symbol): null

2019-08-10 23:46:44 - [TEST_STEP][PASSED] - if (i == 2 &amp;&amp; wildList.indexOf(symbol) != -1): null

2019-08-10 23:46:44 - [TEST_STEP][PASSED] - if (i == 3 &amp;&amp; wildList.indexOf(symbol) != -1): null

2019-08-10 23:46:44 - [TEST_STEP][PASSED] - if (i == 4 &amp;&amp; wildList.indexOf(symbol) != -1): null

2019-08-10 23:46:44 - [TEST_STEP][PASSED] - symbols = symbols: null

2019-08-10 23:46:44 - [TEST_STEP][PASSED] - for ([j = 0, j &lt; symbols.size(), (j++)]): null

2019-08-10 23:46:44 - [TEST_STEP][PASSED] - symbol = symbol: null

2019-08-10 23:46:44 - [TEST_STEP][PASSED] - println(symbol): null

2019-08-10 23:46:44 - [TEST_STEP][PASSED] - if (i == 2 &amp;&amp; wildList.indexOf(symbol) != -1): null

2019-08-10 23:46:44 - [TEST_STEP][PASSED] - if (i == 3 &amp;&amp; wildList.indexOf(symbol) != -1): null

2019-08-10 23:46:44 - [TEST_STEP][PASSED] - if (i == 4 &amp;&amp; wildList.indexOf(symbol) != -1): null

2019-08-10 23:46:44 - [TEST_STEP][PASSED] - symbol = symbol: null

2019-08-10 23:46:44 - [TEST_STEP][PASSED] - println(symbol): null

2019-08-10 23:46:44 - [TEST_STEP][PASSED] - if (i == 2 &amp;&amp; wildList.indexOf(symbol) != -1): null

2019-08-10 23:46:44 - [TEST_STEP][PASSED] - if (i == 3 &amp;&amp; wildList.indexOf(symbol) != -1): null

2019-08-10 23:46:44 - [TEST_STEP][PASSED] - if (i == 4 &amp;&amp; wildList.indexOf(symbol) != -1): null

2019-08-10 23:46:44 - [TEST_STEP][PASSED] - symbol = symbol: null

2019-08-10 23:46:44 - [TEST_STEP][PASSED] - println(symbol): null

2019-08-10 23:46:44 - [TEST_STEP][PASSED] - if (i == 2 &amp;&amp; wildList.indexOf(symbol) != -1): null

2019-08-10 23:46:44 - [TEST_STEP][PASSED] - if (i == 3 &amp;&amp; wildList.indexOf(symbol) != -1): null

2019-08-10 23:46:44 - [TEST_STEP][PASSED] - if (i == 4 &amp;&amp; wildList.indexOf(symbol) != -1): null

2019-08-10 23:46:44 - [TEST_STEP][PASSED] - symbols = symbols: null

2019-08-10 23:46:44 - [TEST_STEP][PASSED] - for ([j = 0, j &lt; symbols.size(), (j++)]): null

2019-08-10 23:46:44 - [TEST_STEP][PASSED] - symbol = symbol: null

2019-08-10 23:46:44 - [TEST_STEP][PASSED] - println(symbol): null

2019-08-10 23:46:44 - [TEST_STEP][PASSED] - if (i == 2 &amp;&amp; wildList.indexOf(symbol) != -1): null

2019-08-10 23:46:44 - [TEST_STEP][PASSED] - if (i == 3 &amp;&amp; wildList.indexOf(symbol) != -1): null

2019-08-10 23:46:44 - [TEST_STEP][PASSED] - if (i == 4 &amp;&amp; wildList.indexOf(symbol) != -1): null

2019-08-10 23:46:44 - [TEST_STEP][PASSED] - symbol = symbol: null

2019-08-10 23:46:44 - [TEST_STEP][PASSED] - println(symbol): null

2019-08-10 23:46:44 - [TEST_STEP][PASSED] - if (i == 2 &amp;&amp; wildList.indexOf(symbol) != -1): null

2019-08-10 23:46:44 - [TEST_STEP][PASSED] - if (i == 3 &amp;&amp; wildList.indexOf(symbol) != -1): null

2019-08-10 23:46:44 - [TEST_STEP][PASSED] - if (i == 4 &amp;&amp; wildList.indexOf(symbol) != -1): null

2019-08-10 23:46:44 - [TEST_STEP][PASSED] - symbol = symbol: null

2019-08-10 23:46:44 - [TEST_STEP][PASSED] - println(symbol): null

2019-08-10 23:46:44 - [TEST_STEP][PASSED] - if (i == 2 &amp;&amp; wildList.indexOf(symbol) != -1): null

2019-08-10 23:46:44 - [TEST_STEP][PASSED] - if (i == 3 &amp;&amp; wildList.indexOf(symbol) != -1): null

2019-08-10 23:46:44 - [TEST_STEP][PASSED] - if (i == 4 &amp;&amp; wildList.indexOf(symbol) != -1): null

2019-08-10 23:46:44 - [TEST_STEP][PASSED] - free_spin_reel_counter = free_spin_reel_counter: null

2019-08-10 23:46:44 - [TEST_STEP][PASSED] - println("reel 3 wild found: " + free_spin_reel_counter[0]): null

2019-08-10 23:46:44 - [TEST_STEP][PASSED] - println("reel 4 wild found: " + free_spin_reel_counter[1]): null

2019-08-10 23:46:44 - [TEST_STEP][PASSED] - println("reel 5 wild found: " + free_spin_reel_counter[2]): null

2019-08-10 23:46:44 - [TEST_STEP][PASSED] - M4_spin_reels = M4_spin_reels: null

2019-08-10 23:46:44 - [TEST_STEP][PASSED] - M4_spin_reels_symbols = symbol: null

2019-08-10 23:46:44 - [TEST_STEP][PASSED] - M4_spin_reels_symbols = M4_spin_reels_symbols: null

2019-08-10 23:46:44 - [TEST_STEP][PASSED] - M4_spin_reel_wins = reel_wins: null

2019-08-10 23:46:44 - [TEST_STEP][PASSED] - M4_spin_reel_wins = M4_spin_reel_wins: null

2019-08-10 23:46:44 - [TEST_STEP][PASSED] - println("GlobalVariable.M4_spin_reel_wins is: " + M4_spin_reel_wins): null

2019-08-10 23:46:44 - [TEST_STEP][PASSED] - M4_spin_total_bonus_win_this_round = total_bonus_win_this_round: null

2019-08-10 23:46:44 - [TEST_STEP][PASSED] - M4_spin_total_bonus_win_this_round = M4_spin_total_bonus_win_this_round: null

2019-08-10 23:46:44 - [TEST_STEP][PASSED] - println("GlobalVariable.M4_spin_total_bonus_win_this_round is: " + M4_spin_total_bonus_win_this_round): null

2019-08-10 23:46:44 - [MESSAGE][PASSED] - Verify response successfully

2019-08-10 23:46:44 - [MESSAGE][PASSED] - Send request and verify the response successfully

2019-08-10 23:46:44 - [TEST_STEP][PASSED] - if (M4_total_bonus_spins_int != 0 &amp;&amp; M4_spin_reels_symbols[2].contains("WILD_ExtraFG") || M4_spin_reels_symbols[3].contains("WILD_ExtraFG")): null

2019-08-10 23:46:44 - [TEST_STEP][PASSED] - free_spin_reel_counter = free_spin_reel_counter: null

2019-08-10 23:46:44 - [TEST_STEP][PASSED] - M4_spin_reels_symbols = M4_spin_reels_symbols: null

2019-08-10 23:46:44 - [TEST_STEP][PASSED] - M4_total_bonus_spins = M4_total_bonus_spins: null

2019-08-10 23:46:44 - [TEST_STEP][PASSED] - spin_result = sendRequestAndVerify(findTestObject("RGS(M4)/1_M4_spin", ["M4_login_user_id":M4_login_user_id, "rgs_session_token":rgs_session_token, "partner":Partner])): Send request and verify the response successfully

2019-08-10 23:46:45 - [TEST_CASE][PASSED] - Start Test Case : Verification: Verification accomplished successfully

2019-08-10 23:46:45 - [TEST_STEP][PASSED] - request = getInstance().getCurrentRequest(): null

2019-08-10 23:46:45 - [TEST_STEP][PASSED] - response = getInstance().getCurrentResponse(): null

2019-08-10 23:46:45 - [TEST_STEP][PASSED] - verifyResponseStatusCode(response, 200): Verify response status code successfully

2019-08-10 23:46:45 - [MESSAGE][PASSED] - Verify response status code successfully

2019-08-10 23:46:45 - [TEST_STEP][PASSED] - getStatusCode()).isEqualTo(200): null

2019-08-10 23:46:45 - [TEST_STEP][PASSED] - newline = System.getProperty("line.separator"): null

2019-08-10 23:46:45 - [TEST_STEP][PASSED] - M4_spin = new groovy.json.JsonSlurper(): null

2019-08-10 23:46:45 - [TEST_STEP][PASSED] - result_M4_spin = M4_spin.parseText(response.getResponseBodyContent()): null

2019-08-10 23:46:45 - [TEST_STEP][PASSED] - M4_spin_current_balance = current_balance: null

2019-08-10 23:46:45 - [TEST_STEP][PASSED] - M4_spin_current_balance = M4_spin_current_balance: null

2019-08-10 23:46:45 - [TEST_STEP][PASSED] - M4_spin_transaction_id = causality: null

2019-08-10 23:46:45 - [TEST_STEP][PASSED] - M4_spin_transaction_id = M4_spin_transaction_id: null

2019-08-10 23:46:45 - [TEST_STEP][PASSED] - M4_spin_round_id = round_id: null

2019-08-10 23:46:45 - [TEST_STEP][PASSED] - M4_spin_round_id = M4_spin_round_id: null

2019-08-10 23:46:45 - [TEST_STEP][PASSED] - M4_spin_line_wins = line_wins: null

2019-08-10 23:46:45 - [TEST_STEP][PASSED] - M4_spin_line_wins = M4_spin_line_wins: null

2019-08-10 23:46:49 - [TEST_STEP][PASSED] - M4_total_bonus_spins_int = total_bonus_spins: null

2019-08-10 23:46:49 - [TEST_STEP][PASSED] - println("******M4_total_bonus_spins type is:*******" + newline + getClass().getName()): null

2019-08-10 23:46:49 - [TEST_STEP][PASSED] - M4_total_bonus_spins_int = M4_total_bonus_spins_int: null

2019-08-10 23:46:49 - [TEST_STEP][PASSED] - M4_total_bonus_spins = Integer.toString(M4_total_bonus_spins_int): null

2019-08-10 23:46:49 - [TEST_STEP][PASSED] - M4_total_bonus_spins = M4_total_bonus_spins: null

2019-08-10 23:46:49 - [TEST_STEP][PASSED] - println("M4_total_bonus_spins is:" + M4_total_bonus_spins): null

2019-08-10 23:46:49 - [TEST_STEP][PASSED] - M4_spin_bonus_data = bonus_data: null

2019-08-10 23:46:49 - [TEST_STEP][PASSED] - M4_spin_features_triggered = result_M4_spin: null

2019-08-10 23:46:49 - [TEST_STEP][PASSED] - wild = []: null

2019-08-10 23:46:49 - [TEST_STEP][PASSED] - wild[0] = "WILD_Expanding": null

2019-08-10 23:46:49 - [TEST_STEP][PASSED] - wild[1] = "WILD_Normal": null

2019-08-10 23:46:49 - [TEST_STEP][PASSED] - wild[2] = "WILD_Double": null

2019-08-10 23:46:49 - [TEST_STEP][PASSED] - wild[3] = "WILD_ExtraFG": null

2019-08-10 23:46:49 - [TEST_STEP][PASSED] - wild[4] = "WILD_Triple": null

2019-08-10 23:46:49 - [TEST_STEP][PASSED] - wildList = Arrays.asList(wild): null

2019-08-10 23:46:49 - [TEST_STEP][PASSED] - wildList = wildList: null

2019-08-10 23:46:49 - [TEST_STEP][PASSED] - free_spin_reel_counter = []: null

2019-08-10 23:46:49 - [TEST_STEP][PASSED] - free_spin_reel_counter[0] = 0: null

2019-08-10 23:46:49 - [TEST_STEP][PASSED] - free_spin_reel_counter[1] = 0: null

2019-08-10 23:46:49 - [TEST_STEP][PASSED] - free_spin_reel_counter[2] = 0: null

2019-08-10 23:46:49 - [TEST_STEP][PASSED] - M4_spin_reels = reels: null

2019-08-10 23:46:49 - [TEST_STEP][PASSED] - for ([i = 0, i &lt; M4_spin_reels.size(), (i++)]): null

2019-08-10 23:46:49 - [TEST_STEP][PASSED] - symbols = symbols: null

2019-08-10 23:46:49 - [TEST_STEP][PASSED] - for ([j = 0, j &lt; symbols.size(), (j++)]): null

2019-08-10 23:46:49 - [TEST_STEP][PASSED] - symbol = symbol: null

2019-08-10 23:46:49 - [TEST_STEP][PASSED] - println(symbol): null

2019-08-10 23:46:49 - [TEST_STEP][PASSED] - if (i == 2 &amp;&amp; wildList.indexOf(symbol) != -1): null

2019-08-10 23:46:49 - [TEST_STEP][PASSED] - if (i == 3 &amp;&amp; wildList.indexOf(symbol) != -1): null

2019-08-10 23:46:49 - [TEST_STEP][PASSED] - if (i == 4 &amp;&amp; wildList.indexOf(symbol) != -1): null

2019-08-10 23:46:49 - [TEST_STEP][PASSED] - symbol = symbol: null

2019-08-10 23:46:49 - [TEST_STEP][PASSED] - println(symbol): null

2019-08-10 23:46:49 - [TEST_STEP][PASSED] - if (i == 2 &amp;&amp; wildList.indexOf(symbol) != -1): null

2019-08-10 23:46:49 - [TEST_STEP][PASSED] - if (i == 3 &amp;&amp; wildList.indexOf(symbol) != -1): null

2019-08-10 23:46:49 - [TEST_STEP][PASSED] - if (i == 4 &amp;&amp; wildList.indexOf(symbol) != -1): null

2019-08-10 23:46:49 - [TEST_STEP][PASSED] - symbol = symbol: null

2019-08-10 23:46:49 - [TEST_STEP][PASSED] - println(symbol): null

2019-08-10 23:46:49 - [TEST_STEP][PASSED] - if (i == 2 &amp;&amp; wildList.indexOf(symbol) != -1): null

2019-08-10 23:46:49 - [TEST_STEP][PASSED] - if (i == 3 &amp;&amp; wildList.indexOf(symbol) != -1): null

2019-08-10 23:46:49 - [TEST_STEP][PASSED] - if (i == 4 &amp;&amp; wildList.indexOf(symbol) != -1): null

2019-08-10 23:46:49 - [TEST_STEP][PASSED] - symbols = symbols: null

2019-08-10 23:46:49 - [TEST_STEP][PASSED] - for ([j = 0, j &lt; symbols.size(), (j++)]): null

2019-08-10 23:46:49 - [TEST_STEP][PASSED] - symbol = symbol: null

2019-08-10 23:46:49 - [TEST_STEP][PASSED] - println(symbol): null

2019-08-10 23:46:49 - [TEST_STEP][PASSED] - if (i == 2 &amp;&amp; wildList.indexOf(symbol) != -1): null

2019-08-10 23:46:49 - [TEST_STEP][PASSED] - if (i == 3 &amp;&amp; wildList.indexOf(symbol) != -1): null

2019-08-10 23:46:49 - [TEST_STEP][PASSED] - if (i == 4 &amp;&amp; wildList.indexOf(symbol) != -1): null

2019-08-10 23:46:49 - [TEST_STEP][PASSED] - symbol = symbol: null

2019-08-10 23:46:49 - [TEST_STEP][PASSED] - println(symbol): null

2019-08-10 23:46:49 - [TEST_STEP][PASSED] - if (i == 2 &amp;&amp; wildList.indexOf(symbol) != -1): null

2019-08-10 23:46:49 - [TEST_STEP][PASSED] - if (i == 3 &amp;&amp; wildList.indexOf(symbol) != -1): null

2019-08-10 23:46:49 - [TEST_STEP][PASSED] - if (i == 4 &amp;&amp; wildList.indexOf(symbol) != -1): null

2019-08-10 23:46:49 - [TEST_STEP][PASSED] - symbol = symbol: null

2019-08-10 23:46:49 - [TEST_STEP][PASSED] - println(symbol): null

2019-08-10 23:46:49 - [TEST_STEP][PASSED] - if (i == 2 &amp;&amp; wildList.indexOf(symbol) != -1): null

2019-08-10 23:46:49 - [TEST_STEP][PASSED] - if (i == 3 &amp;&amp; wildList.indexOf(symbol) != -1): null

2019-08-10 23:46:49 - [TEST_STEP][PASSED] - if (i == 4 &amp;&amp; wildList.indexOf(symbol) != -1): null

2019-08-10 23:46:49 - [TEST_STEP][PASSED] - symbols = symbols: null

2019-08-10 23:46:49 - [TEST_STEP][PASSED] - for ([j = 0, j &lt; symbols.size(), (j++)]): null

2019-08-10 23:46:49 - [TEST_STEP][PASSED] - symbol = symbol: null

2019-08-10 23:46:49 - [TEST_STEP][PASSED] - println(symbol): null

2019-08-10 23:46:49 - [TEST_STEP][PASSED] - if (i == 2 &amp;&amp; wildList.indexOf(symbol) != -1): null

2019-08-10 23:46:49 - [TEST_STEP][PASSED] - if (i == 3 &amp;&amp; wildList.indexOf(symbol) != -1): null

2019-08-10 23:46:49 - [TEST_STEP][PASSED] - if (i == 4 &amp;&amp; wildList.indexOf(symbol) != -1): null

2019-08-10 23:46:49 - [TEST_STEP][PASSED] - symbol = symbol: null

2019-08-10 23:46:49 - [TEST_STEP][PASSED] - println(symbol): null

2019-08-10 23:46:49 - [TEST_STEP][PASSED] - if (i == 2 &amp;&amp; wildList.indexOf(symbol) != -1): null

2019-08-10 23:46:49 - [TEST_STEP][PASSED] - if (i == 3 &amp;&amp; wildList.indexOf(symbol) != -1): null

2019-08-10 23:46:49 - [TEST_STEP][PASSED] - if (i == 4 &amp;&amp; wildList.indexOf(symbol) != -1): null

2019-08-10 23:46:49 - [TEST_STEP][PASSED] - symbol = symbol: null

2019-08-10 23:46:49 - [TEST_STEP][PASSED] - println(symbol): null

2019-08-10 23:46:49 - [TEST_STEP][PASSED] - if (i == 2 &amp;&amp; wildList.indexOf(symbol) != -1): null

2019-08-10 23:46:49 - [TEST_STEP][PASSED] - println("wild found on reel 3, adding counter by 1"): null

2019-08-10 23:46:49 - [TEST_STEP][PASSED] - free_spin_reel_counter[0] = free_spin_reel_counter[0] + 1: null

2019-08-10 23:46:49 - [TEST_STEP][PASSED] - if (i == 3 &amp;&amp; wildList.indexOf(symbol) != -1): null

2019-08-10 23:46:49 - [TEST_STEP][PASSED] - if (i == 4 &amp;&amp; wildList.indexOf(symbol) != -1): null

2019-08-10 23:46:49 - [TEST_STEP][PASSED] - symbols = symbols: null

2019-08-10 23:46:49 - [TEST_STEP][PASSED] - for ([j = 0, j &lt; symbols.size(), (j++)]): null

2019-08-10 23:46:49 - [TEST_STEP][PASSED] - symbol = symbol: null

2019-08-10 23:46:49 - [TEST_STEP][PASSED] - println(symbol): null

2019-08-10 23:46:49 - [TEST_STEP][PASSED] - if (i == 2 &amp;&amp; wildList.indexOf(symbol) != -1): null

2019-08-10 23:46:49 - [TEST_STEP][PASSED] - if (i == 3 &amp;&amp; wildList.indexOf(symbol) != -1): null

2019-08-10 23:46:49 - [TEST_STEP][PASSED] - if (i == 4 &amp;&amp; wildList.indexOf(symbol) != -1): null

2019-08-10 23:46:49 - [TEST_STEP][PASSED] - symbol = symbol: null

2019-08-10 23:46:49 - [TEST_STEP][PASSED] - println(symbol): null

2019-08-10 23:46:49 - [TEST_STEP][PASSED] - if (i == 2 &amp;&amp; wildList.indexOf(symbol) != -1): null

2019-08-10 23:46:49 - [TEST_STEP][PASSED] - if (i == 3 &amp;&amp; wildList.indexOf(symbol) != -1): null

2019-08-10 23:46:49 - [TEST_STEP][PASSED] - if (i == 4 &amp;&amp; wildList.indexOf(symbol) != -1): null

2019-08-10 23:46:49 - [TEST_STEP][PASSED] - symbol = symbol: null

2019-08-10 23:46:49 - [TEST_STEP][PASSED] - println(symbol): null

2019-08-10 23:46:49 - [TEST_STEP][PASSED] - if (i == 2 &amp;&amp; wildList.indexOf(symbol) != -1): null

2019-08-10 23:46:49 - [TEST_STEP][PASSED] - if (i == 3 &amp;&amp; wildList.indexOf(symbol) != -1): null

2019-08-10 23:46:49 - [TEST_STEP][PASSED] - if (i == 4 &amp;&amp; wildList.indexOf(symbol) != -1): null

2019-08-10 23:46:49 - [TEST_STEP][PASSED] - symbols = symbols: null

2019-08-10 23:46:49 - [TEST_STEP][PASSED] - for ([j = 0, j &lt; symbols.size(), (j++)]): null

2019-08-10 23:46:49 - [TEST_STEP][PASSED] - symbol = symbol: null

2019-08-10 23:46:49 - [TEST_STEP][PASSED] - println(symbol): null

2019-08-10 23:46:49 - [TEST_STEP][PASSED] - if (i == 2 &amp;&amp; wildList.indexOf(symbol) != -1): null

2019-08-10 23:46:49 - [TEST_STEP][PASSED] - if (i == 3 &amp;&amp; wildList.indexOf(symbol) != -1): null

2019-08-10 23:46:49 - [TEST_STEP][PASSED] - if (i == 4 &amp;&amp; wildList.indexOf(symbol) != -1): null

2019-08-10 23:46:49 - [TEST_STEP][PASSED] - symbol = symbol: null

2019-08-10 23:46:49 - [TEST_STEP][PASSED] - println(symbol): null

2019-08-10 23:46:49 - [TEST_STEP][PASSED] - if (i == 2 &amp;&amp; wildList.indexOf(symbol) != -1): null

2019-08-10 23:46:49 - [TEST_STEP][PASSED] - if (i == 3 &amp;&amp; wildList.indexOf(symbol) != -1): null

2019-08-10 23:46:49 - [TEST_STEP][PASSED] - if (i == 4 &amp;&amp; wildList.indexOf(symbol) != -1): null

2019-08-10 23:46:49 - [TEST_STEP][PASSED] - symbol = symbol: null

2019-08-10 23:46:49 - [TEST_STEP][PASSED] - println(symbol): null

2019-08-10 23:46:49 - [TEST_STEP][PASSED] - if (i == 2 &amp;&amp; wildList.indexOf(symbol) != -1): null

2019-08-10 23:46:49 - [TEST_STEP][PASSED] - if (i == 3 &amp;&amp; wildList.indexOf(symbol) != -1): null

2019-08-10 23:46:49 - [TEST_STEP][PASSED] - if (i == 4 &amp;&amp; wildList.indexOf(symbol) != -1): null

2019-08-10 23:46:49 - [TEST_STEP][PASSED] - free_spin_reel_counter = free_spin_reel_counter: null

2019-08-10 23:46:49 - [TEST_STEP][PASSED] - println("reel 3 wild found: " + free_spin_reel_counter[0]): null

2019-08-10 23:46:49 - [TEST_STEP][PASSED] - println("reel 4 wild found: " + free_spin_reel_counter[1]): null

2019-08-10 23:46:49 - [TEST_STEP][PASSED] - println("reel 5 wild found: " + free_spin_reel_counter[2]): null

2019-08-10 23:46:49 - [TEST_STEP][PASSED] - M4_spin_reels = M4_spin_reels: null

2019-08-10 23:46:49 - [TEST_STEP][PASSED] - M4_spin_reels_symbols = symbol: null

2019-08-10 23:46:49 - [TEST_STEP][PASSED] - M4_spin_reels_symbols = M4_spin_reels_symbols: null

2019-08-10 23:46:49 - [TEST_STEP][PASSED] - M4_spin_reel_wins = reel_wins: null

2019-08-10 23:46:49 - [TEST_STEP][PASSED] - M4_spin_reel_wins = M4_spin_reel_wins: null

2019-08-10 23:46:49 - [TEST_STEP][PASSED] - println("GlobalVariable.M4_spin_reel_wins is: " + M4_spin_reel_wins): null

2019-08-10 23:46:49 - [TEST_STEP][PASSED] - M4_spin_total_bonus_win_this_round = total_bonus_win_this_round: null

2019-08-10 23:46:49 - [TEST_STEP][PASSED] - M4_spin_total_bonus_win_this_round = M4_spin_total_bonus_win_this_round: null

2019-08-10 23:46:49 - [TEST_STEP][PASSED] - println("GlobalVariable.M4_spin_total_bonus_win_this_round is: " + M4_spin_total_bonus_win_this_round): null

2019-08-10 23:46:49 - [MESSAGE][PASSED] - Verify response successfully

2019-08-10 23:46:49 - [MESSAGE][PASSED] - Send request and verify the response successfully

2019-08-10 23:46:49 - [TEST_STEP][PASSED] - if (M4_total_bonus_spins_int != 0 &amp;&amp; M4_spin_reels_symbols[2].contains("WILD_ExtraFG") || M4_spin_reels_symbols[3].contains("WILD_ExtraFG")): null

2019-08-10 23:46:49 - [TEST_STEP][PASSED] - free_spin_reel_counter = free_spin_reel_counter: null

2019-08-10 23:46:49 - [TEST_STEP][PASSED] - M4_spin_reels_symbols = M4_spin_reels_symbols: null

2019-08-10 23:46:49 - [TEST_STEP][PASSED] - M4_total_bonus_spins = M4_total_bonus_spins: null

2019-08-10 23:46:49 - [TEST_STEP][PASSED] - spin_result = sendRequestAndVerify(findTestObject("RGS(M4)/1_M4_spin", ["M4_login_user_id":M4_login_user_id, "rgs_session_token":rgs_session_token, "partner":Partner])): Send request and verify the response successfully

2019-08-10 23:46:50 - [TEST_CASE][PASSED] - Start Test Case : Verification: Verification accomplished successfully

2019-08-10 23:46:50 - [TEST_STEP][PASSED] - request = getInstance().getCurrentRequest(): null

2019-08-10 23:46:50 - [TEST_STEP][PASSED] - response = getInstance().getCurrentResponse(): null

2019-08-10 23:46:50 - [TEST_STEP][PASSED] - verifyResponseStatusCode(response, 200): Verify response status code successfully

2019-08-10 23:46:50 - [MESSAGE][PASSED] - Verify response status code successfully

2019-08-10 23:46:50 - [TEST_STEP][PASSED] - getStatusCode()).isEqualTo(200): null

2019-08-10 23:46:50 - [TEST_STEP][PASSED] - newline = System.getProperty("line.separator"): null

2019-08-10 23:46:50 - [TEST_STEP][PASSED] - M4_spin = new groovy.json.JsonSlurper(): null

2019-08-10 23:46:50 - [TEST_STEP][PASSED] - result_M4_spin = M4_spin.parseText(response.getResponseBodyContent()): null

2019-08-10 23:46:50 - [TEST_STEP][PASSED] - M4_spin_current_balance = current_balance: null

2019-08-10 23:46:50 - [TEST_STEP][PASSED] - M4_spin_current_balance = M4_spin_current_balance: null

2019-08-10 23:46:50 - [TEST_STEP][PASSED] - M4_spin_transaction_id = causality: null

2019-08-10 23:46:50 - [TEST_STEP][PASSED] - M4_spin_transaction_id = M4_spin_transaction_id: null

2019-08-10 23:46:50 - [TEST_STEP][PASSED] - M4_spin_round_id = round_id: null

2019-08-10 23:46:50 - [TEST_STEP][PASSED] - M4_spin_round_id = M4_spin_round_id: null

2019-08-10 23:46:50 - [TEST_STEP][PASSED] - M4_spin_line_wins = line_wins: null

2019-08-10 23:46:50 - [TEST_STEP][PASSED] - M4_spin_line_wins = M4_spin_line_wins: null

2019-08-10 23:46:50 - [TEST_STEP][PASSED] - M4_total_bonus_spins_int = total_bonus_spins: null

2019-08-10 23:46:50 - [TEST_STEP][PASSED] - println("******M4_total_bonus_spins type is:*******" + newline + getClass().getName()): null

2019-08-10 23:46:50 - [TEST_STEP][PASSED] - M4_total_bonus_spins_int = M4_total_bonus_spins_int: null

2019-08-10 23:46:50 - [TEST_STEP][PASSED] - M4_total_bonus_spins = Integer.toString(M4_total_bonus_spins_int): null

2019-08-10 23:46:50 - [TEST_STEP][PASSED] - M4_total_bonus_spins = M4_total_bonus_spins: null

2019-08-10 23:46:50 - [TEST_STEP][PASSED] - println("M4_total_bonus_spins is:" + M4_total_bonus_spins): null

2019-08-10 23:46:50 - [TEST_STEP][PASSED] - M4_spin_bonus_data = bonus_data: null

2019-08-10 23:46:50 - [TEST_STEP][PASSED] - M4_spin_features_triggered = result_M4_spin: null

2019-08-10 23:46:50 - [TEST_STEP][PASSED] - wild = []: null

2019-08-10 23:46:50 - [TEST_STEP][PASSED] - wild[0] = "WILD_Expanding": null

2019-08-10 23:46:50 - [TEST_STEP][PASSED] - wild[1] = "WILD_Normal": null

2019-08-10 23:46:50 - [TEST_STEP][PASSED] - wild[2] = "WILD_Double": null

2019-08-10 23:46:50 - [TEST_STEP][PASSED] - wild[3] = "WILD_ExtraFG": null

2019-08-10 23:46:50 - [TEST_STEP][PASSED] - wild[4] = "WILD_Triple": null

2019-08-10 23:46:50 - [TEST_STEP][PASSED] - wildList = Arrays.asList(wild): null

2019-08-10 23:46:50 - [TEST_STEP][PASSED] - wildList = wildList: null

2019-08-10 23:46:50 - [TEST_STEP][PASSED] - free_spin_reel_counter = []: null

2019-08-10 23:46:50 - [TEST_STEP][PASSED] - free_spin_reel_counter[0] = 0: null

2019-08-10 23:46:50 - [TEST_STEP][PASSED] - free_spin_reel_counter[1] = 0: null

2019-08-10 23:46:50 - [TEST_STEP][PASSED] - free_spin_reel_counter[2] = 0: null

2019-08-10 23:46:50 - [TEST_STEP][PASSED] - M4_spin_reels = reels: null

2019-08-10 23:46:50 - [TEST_STEP][PASSED] - for ([i = 0, i &lt; M4_spin_reels.size(), (i++)]): null

2019-08-10 23:46:50 - [TEST_STEP][PASSED] - symbols = symbols: null

2019-08-10 23:46:50 - [TEST_STEP][PASSED] - for ([j = 0, j &lt; symbols.size(), (j++)]): null

2019-08-10 23:46:50 - [TEST_STEP][PASSED] - symbol = symbol: null

2019-08-10 23:46:50 - [TEST_STEP][PASSED] - println(symbol): null

2019-08-10 23:46:50 - [TEST_STEP][PASSED] - if (i == 2 &amp;&amp; wildList.indexOf(symbol) != -1): null

2019-08-10 23:46:50 - [TEST_STEP][PASSED] - if (i == 3 &amp;&amp; wildList.indexOf(symbol) != -1): null

2019-08-10 23:46:50 - [TEST_STEP][PASSED] - if (i == 4 &amp;&amp; wildList.indexOf(symbol) != -1): null

2019-08-10 23:46:50 - [TEST_STEP][PASSED] - symbol = symbol: null

2019-08-10 23:46:50 - [TEST_STEP][PASSED] - println(symbol): null

2019-08-10 23:46:50 - [TEST_STEP][PASSED] - if (i == 2 &amp;&amp; wildList.indexOf(symbol) != -1): null

2019-08-10 23:46:50 - [TEST_STEP][PASSED] - if (i == 3 &amp;&amp; wildList.indexOf(symbol) != -1): null

2019-08-10 23:46:50 - [TEST_STEP][PASSED] - if (i == 4 &amp;&amp; wildList.indexOf(symbol) != -1): null

2019-08-10 23:46:50 - [TEST_STEP][PASSED] - symbol = symbol: null

2019-08-10 23:46:50 - [TEST_STEP][PASSED] - println(symbol): null

2019-08-10 23:46:50 - [TEST_STEP][PASSED] - if (i == 2 &amp;&amp; wildList.indexOf(symbol) != -1): null

2019-08-10 23:46:50 - [TEST_STEP][PASSED] - if (i == 3 &amp;&amp; wildList.indexOf(symbol) != -1): null

2019-08-10 23:46:50 - [TEST_STEP][PASSED] - if (i == 4 &amp;&amp; wildList.indexOf(symbol) != -1): null

2019-08-10 23:46:50 - [TEST_STEP][PASSED] - symbols = symbols: null

2019-08-10 23:46:50 - [TEST_STEP][PASSED] - for ([j = 0, j &lt; symbols.size(), (j++)]): null

2019-08-10 23:46:50 - [TEST_STEP][PASSED] - symbol = symbol: null

2019-08-10 23:46:50 - [TEST_STEP][PASSED] - println(symbol): null

2019-08-10 23:46:50 - [TEST_STEP][PASSED] - if (i == 2 &amp;&amp; wildList.indexOf(symbol) != -1): null

2019-08-10 23:46:50 - [TEST_STEP][PASSED] - if (i == 3 &amp;&amp; wildList.indexOf(symbol) != -1): null

2019-08-10 23:46:50 - [TEST_STEP][PASSED] - if (i == 4 &amp;&amp; wildList.indexOf(symbol) != -1): null

2019-08-10 23:46:50 - [TEST_STEP][PASSED] - symbol = symbol: null

2019-08-10 23:46:50 - [TEST_STEP][PASSED] - println(symbol): null

2019-08-10 23:46:50 - [TEST_STEP][PASSED] - if (i == 2 &amp;&amp; wildList.indexOf(symbol) != -1): null

2019-08-10 23:46:50 - [TEST_STEP][PASSED] - if (i == 3 &amp;&amp; wildList.indexOf(symbol) != -1): null

2019-08-10 23:46:50 - [TEST_STEP][PASSED] - if (i == 4 &amp;&amp; wildList.indexOf(symbol) != -1): null

2019-08-10 23:46:50 - [TEST_STEP][PASSED] - symbol = symbol: null

2019-08-10 23:46:50 - [TEST_STEP][PASSED] - println(symbol): null

2019-08-10 23:46:50 - [TEST_STEP][PASSED] - if (i == 2 &amp;&amp; wildList.indexOf(symbol) != -1): null

2019-08-10 23:46:50 - [TEST_STEP][PASSED] - if (i == 3 &amp;&amp; wildList.indexOf(symbol) != -1): null

2019-08-10 23:46:50 - [TEST_STEP][PASSED] - if (i == 4 &amp;&amp; wildList.indexOf(symbol) != -1): null

2019-08-10 23:46:50 - [TEST_STEP][PASSED] - symbols = symbols: null

2019-08-10 23:46:50 - [TEST_STEP][PASSED] - for ([j = 0, j &lt; symbols.size(), (j++)]): null

2019-08-10 23:46:50 - [TEST_STEP][PASSED] - symbol = symbol: null

2019-08-10 23:46:50 - [TEST_STEP][PASSED] - println(symbol): null

2019-08-10 23:46:50 - [TEST_STEP][PASSED] - if (i == 2 &amp;&amp; wildList.indexOf(symbol) != -1): null

2019-08-10 23:46:50 - [TEST_STEP][PASSED] - if (i == 3 &amp;&amp; wildList.indexOf(symbol) != -1): null

2019-08-10 23:46:50 - [TEST_STEP][PASSED] - if (i == 4 &amp;&amp; wildList.indexOf(symbol) != -1): null

2019-08-10 23:46:50 - [TEST_STEP][PASSED] - symbol = symbol: null

2019-08-10 23:46:50 - [TEST_STEP][PASSED] - println(symbol): null

2019-08-10 23:46:50 - [TEST_STEP][PASSED] - if (i == 2 &amp;&amp; wildList.indexOf(symbol) != -1): null

2019-08-10 23:46:50 - [TEST_STEP][PASSED] - if (i == 3 &amp;&amp; wildList.indexOf(symbol) != -1): null

2019-08-10 23:46:50 - [TEST_STEP][PASSED] - if (i == 4 &amp;&amp; wildList.indexOf(symbol) != -1): null

2019-08-10 23:46:50 - [TEST_STEP][PASSED] - symbol = symbol: null

2019-08-10 23:46:50 - [TEST_STEP][PASSED] - println(symbol): null

2019-08-10 23:46:50 - [TEST_STEP][PASSED] - if (i == 2 &amp;&amp; wildList.indexOf(symbol) != -1): null

2019-08-10 23:46:50 - [TEST_STEP][PASSED] - if (i == 3 &amp;&amp; wildList.indexOf(symbol) != -1): null

2019-08-10 23:46:50 - [TEST_STEP][PASSED] - if (i == 4 &amp;&amp; wildList.indexOf(symbol) != -1): null

2019-08-10 23:46:50 - [TEST_STEP][PASSED] - symbols = symbols: null

2019-08-10 23:46:50 - [TEST_STEP][PASSED] - for ([j = 0, j &lt; symbols.size(), (j++)]): null

2019-08-10 23:46:50 - [TEST_STEP][PASSED] - symbol = symbol: null

2019-08-10 23:46:50 - [TEST_STEP][PASSED] - println(symbol): null

2019-08-10 23:46:50 - [TEST_STEP][PASSED] - if (i == 2 &amp;&amp; wildList.indexOf(symbol) != -1): null

2019-08-10 23:46:50 - [TEST_STEP][PASSED] - if (i == 3 &amp;&amp; wildList.indexOf(symbol) != -1): null

2019-08-10 23:46:50 - [TEST_STEP][PASSED] - if (i == 4 &amp;&amp; wildList.indexOf(symbol) != -1): null

2019-08-10 23:46:50 - [TEST_STEP][PASSED] - symbol = symbol: null

2019-08-10 23:46:50 - [TEST_STEP][PASSED] - println(symbol): null

2019-08-10 23:46:50 - [TEST_STEP][PASSED] - if (i == 2 &amp;&amp; wildList.indexOf(symbol) != -1): null

2019-08-10 23:46:50 - [TEST_STEP][PASSED] - if (i == 3 &amp;&amp; wildList.indexOf(symbol) != -1): null

2019-08-10 23:46:50 - [TEST_STEP][PASSED] - if (i == 4 &amp;&amp; wildList.indexOf(symbol) != -1): null

2019-08-10 23:46:50 - [TEST_STEP][PASSED] - symbol = symbol: null

2019-08-10 23:46:50 - [TEST_STEP][PASSED] - println(symbol): null

2019-08-10 23:46:50 - [TEST_STEP][PASSED] - if (i == 2 &amp;&amp; wildList.indexOf(symbol) != -1): null

2019-08-10 23:46:50 - [TEST_STEP][PASSED] - if (i == 3 &amp;&amp; wildList.indexOf(symbol) != -1): null

2019-08-10 23:46:50 - [TEST_STEP][PASSED] - if (i == 4 &amp;&amp; wildList.indexOf(symbol) != -1): null

2019-08-10 23:46:50 - [TEST_STEP][PASSED] - symbols = symbols: null

2019-08-10 23:46:50 - [TEST_STEP][PASSED] - for ([j = 0, j &lt; symbols.size(), (j++)]): null

2019-08-10 23:46:50 - [TEST_STEP][PASSED] - symbol = symbol: null

2019-08-10 23:46:50 - [TEST_STEP][PASSED] - println(symbol): null

2019-08-10 23:46:50 - [TEST_STEP][PASSED] - if (i == 2 &amp;&amp; wildList.indexOf(symbol) != -1): null

2019-08-10 23:46:50 - [TEST_STEP][PASSED] - if (i == 3 &amp;&amp; wildList.indexOf(symbol) != -1): null

2019-08-10 23:46:50 - [TEST_STEP][PASSED] - if (i == 4 &amp;&amp; wildList.indexOf(symbol) != -1): null

2019-08-10 23:46:50 - [TEST_STEP][PASSED] - symbol = symbol: null

2019-08-10 23:46:50 - [TEST_STEP][PASSED] - println(symbol): null

2019-08-10 23:46:50 - [TEST_STEP][PASSED] - if (i == 2 &amp;&amp; wildList.indexOf(symbol) != -1): null

2019-08-10 23:46:50 - [TEST_STEP][PASSED] - if (i == 3 &amp;&amp; wildList.indexOf(symbol) != -1): null

2019-08-10 23:46:50 - [TEST_STEP][PASSED] - if (i == 4 &amp;&amp; wildList.indexOf(symbol) != -1): null

2019-08-10 23:46:50 - [TEST_STEP][PASSED] - symbol = symbol: null

2019-08-10 23:46:50 - [TEST_STEP][PASSED] - println(symbol): null

2019-08-10 23:46:50 - [TEST_STEP][PASSED] - if (i == 2 &amp;&amp; wildList.indexOf(symbol) != -1): null

2019-08-10 23:46:50 - [TEST_STEP][PASSED] - if (i == 3 &amp;&amp; wildList.indexOf(symbol) != -1): null

2019-08-10 23:46:50 - [TEST_STEP][PASSED] - if (i == 4 &amp;&amp; wildList.indexOf(symbol) != -1): null

2019-08-10 23:46:50 - [TEST_STEP][PASSED] - free_spin_reel_counter = free_spin_reel_counter: null

2019-08-10 23:46:50 - [TEST_STEP][PASSED] - println("reel 3 wild found: " + free_spin_reel_counter[0]): null

2019-08-10 23:46:50 - [TEST_STEP][PASSED] - println("reel 4 wild found: " + free_spin_reel_counter[1]): null

2019-08-10 23:46:50 - [TEST_STEP][PASSED] - println("reel 5 wild found: " + free_spin_reel_counter[2]): null

2019-08-10 23:46:50 - [TEST_STEP][PASSED] - M4_spin_reels = M4_spin_reels: null

2019-08-10 23:46:50 - [TEST_STEP][PASSED] - M4_spin_reels_symbols = symbol: null

2019-08-10 23:46:50 - [TEST_STEP][PASSED] - M4_spin_reels_symbols = M4_spin_reels_symbols: null

2019-08-10 23:46:50 - [TEST_STEP][PASSED] - M4_spin_reel_wins = reel_wins: null

2019-08-10 23:46:50 - [TEST_STEP][PASSED] - M4_spin_reel_wins = M4_spin_reel_wins: null

2019-08-10 23:46:50 - [TEST_STEP][PASSED] - println("GlobalVariable.M4_spin_reel_wins is: " + M4_spin_reel_wins): null

2019-08-10 23:46:50 - [TEST_STEP][PASSED] - M4_spin_total_bonus_win_this_round = total_bonus_win_this_round: null

2019-08-10 23:46:50 - [TEST_STEP][PASSED] - M4_spin_total_bonus_win_this_round = M4_spin_total_bonus_win_this_round: null

2019-08-10 23:46:50 - [TEST_STEP][PASSED] - println("GlobalVariable.M4_spin_total_bonus_win_this_round is: " + M4_spin_total_bonus_win_this_round): null

2019-08-10 23:46:50 - [MESSAGE][PASSED] - Verify response successfully

2019-08-10 23:46:50 - [MESSAGE][PASSED] - Send request and verify the response successfully

2019-08-10 23:46:50 - [TEST_STEP][PASSED] - if (M4_total_bonus_spins_int != 0 &amp;&amp; M4_spin_reels_symbols[2].contains("WILD_ExtraFG") || M4_spin_reels_symbols[3].contains("WILD_ExtraFG")): null

2019-08-10 23:46:50 - [TEST_STEP][PASSED] - free_spin_reel_counter = free_spin_reel_counter: null

2019-08-10 23:46:50 - [TEST_STEP][PASSED] - M4_spin_reels_symbols = M4_spin_reels_symbols: null

2019-08-10 23:46:50 - [TEST_STEP][PASSED] - M4_total_bonus_spins = M4_total_bonus_spins: null

2019-08-10 23:46:50 - [TEST_STEP][PASSED] - spin_result = sendRequestAndVerify(findTestObject("RGS(M4)/1_M4_spin", ["M4_login_user_id":M4_login_user_id, "rgs_session_token":rgs_session_token, "partner":Partner])): Send request and verify the response successfully

2019-08-10 23:46:50 - [TEST_CASE][PASSED] - Start Test Case : Verification: Verification accomplished successfully

2019-08-10 23:46:50 - [TEST_STEP][PASSED] - request = getInstance().getCurrentRequest(): null

2019-08-10 23:46:50 - [TEST_STEP][PASSED] - response = getInstance().getCurrentResponse(): null

2019-08-10 23:46:50 - [TEST_STEP][PASSED] - verifyResponseStatusCode(response, 200): Verify response status code successfully

2019-08-10 23:46:50 - [MESSAGE][PASSED] - Verify response status code successfully

2019-08-10 23:46:50 - [TEST_STEP][PASSED] - getStatusCode()).isEqualTo(200): null

2019-08-10 23:46:50 - [TEST_STEP][PASSED] - newline = System.getProperty("line.separator"): null

2019-08-10 23:46:50 - [TEST_STEP][PASSED] - M4_spin = new groovy.json.JsonSlurper(): null

2019-08-10 23:46:50 - [TEST_STEP][PASSED] - result_M4_spin = M4_spin.parseText(response.getResponseBodyContent()): null

2019-08-10 23:46:50 - [TEST_STEP][PASSED] - M4_spin_current_balance = current_balance: null

2019-08-10 23:46:50 - [TEST_STEP][PASSED] - M4_spin_current_balance = M4_spin_current_balance: null

2019-08-10 23:46:50 - [TEST_STEP][PASSED] - M4_spin_transaction_id = causality: null

2019-08-10 23:46:50 - [TEST_STEP][PASSED] - M4_spin_transaction_id = M4_spin_transaction_id: null

2019-08-10 23:46:50 - [TEST_STEP][PASSED] - M4_spin_round_id = round_id: null

2019-08-10 23:46:50 - [TEST_STEP][PASSED] - M4_spin_round_id = M4_spin_round_id: null

2019-08-10 23:46:50 - [TEST_STEP][PASSED] - M4_spin_line_wins = line_wins: null

2019-08-10 23:46:50 - [TEST_STEP][PASSED] - M4_spin_line_wins = M4_spin_line_wins: null

2019-08-10 23:46:50 - [TEST_STEP][PASSED] - M4_total_bonus_spins_int = total_bonus_spins: null

2019-08-10 23:46:50 - [TEST_STEP][PASSED] - println("******M4_total_bonus_spins type is:*******" + newline + getClass().getName()): null

2019-08-10 23:46:50 - [TEST_STEP][PASSED] - M4_total_bonus_spins_int = M4_total_bonus_spins_int: null

2019-08-10 23:46:50 - [TEST_STEP][PASSED] - M4_total_bonus_spins = Integer.toString(M4_total_bonus_spins_int): null

2019-08-10 23:46:50 - [TEST_STEP][PASSED] - M4_total_bonus_spins = M4_total_bonus_spins: null

2019-08-10 23:46:50 - [TEST_STEP][PASSED] - println("M4_total_bonus_spins is:" + M4_total_bonus_spins): null

2019-08-10 23:46:50 - [TEST_STEP][PASSED] - M4_spin_bonus_data = bonus_data: null

2019-08-10 23:46:50 - [TEST_STEP][PASSED] - M4_spin_features_triggered = result_M4_spin: null

2019-08-10 23:46:50 - [TEST_STEP][PASSED] - wild = []: null

2019-08-10 23:46:50 - [TEST_STEP][PASSED] - wild[0] = "WILD_Expanding": null

2019-08-10 23:46:50 - [TEST_STEP][PASSED] - wild[1] = "WILD_Normal": null

2019-08-10 23:46:50 - [TEST_STEP][PASSED] - wild[2] = "WILD_Double": null

2019-08-10 23:46:50 - [TEST_STEP][PASSED] - wild[3] = "WILD_ExtraFG": null

2019-08-10 23:46:50 - [TEST_STEP][PASSED] - wild[4] = "WILD_Triple": null

2019-08-10 23:46:50 - [TEST_STEP][PASSED] - wildList = Arrays.asList(wild): null

2019-08-10 23:46:50 - [TEST_STEP][PASSED] - wildList = wildList: null

2019-08-10 23:46:50 - [TEST_STEP][PASSED] - free_spin_reel_counter = []: null

2019-08-10 23:46:50 - [TEST_STEP][PASSED] - free_spin_reel_counter[0] = 0: null

2019-08-10 23:46:50 - [TEST_STEP][PASSED] - free_spin_reel_counter[1] = 0: null

2019-08-10 23:46:50 - [TEST_STEP][PASSED] - free_spin_reel_counter[2] = 0: null

2019-08-10 23:46:50 - [TEST_STEP][PASSED] - M4_spin_reels = reels: null

2019-08-10 23:46:50 - [TEST_STEP][PASSED] - for ([i = 0, i &lt; M4_spin_reels.size(), (i++)]): null

2019-08-10 23:46:50 - [TEST_STEP][PASSED] - symbols = symbols: null

2019-08-10 23:46:50 - [TEST_STEP][PASSED] - for ([j = 0, j &lt; symbols.size(), (j++)]): null

2019-08-10 23:46:50 - [TEST_STEP][PASSED] - symbol = symbol: null

2019-08-10 23:46:50 - [TEST_STEP][PASSED] - println(symbol): null

2019-08-10 23:46:50 - [TEST_STEP][PASSED] - if (i == 2 &amp;&amp; wildList.indexOf(symbol) != -1): null

2019-08-10 23:46:50 - [TEST_STEP][PASSED] - if (i == 3 &amp;&amp; wildList.indexOf(symbol) != -1): null

2019-08-10 23:46:50 - [TEST_STEP][PASSED] - if (i == 4 &amp;&amp; wildList.indexOf(symbol) != -1): null

2019-08-10 23:46:50 - [TEST_STEP][PASSED] - symbol = symbol: null

2019-08-10 23:46:50 - [TEST_STEP][PASSED] - println(symbol): null

2019-08-10 23:46:50 - [TEST_STEP][PASSED] - if (i == 2 &amp;&amp; wildList.indexOf(symbol) != -1): null

2019-08-10 23:46:50 - [TEST_STEP][PASSED] - if (i == 3 &amp;&amp; wildList.indexOf(symbol) != -1): null

2019-08-10 23:46:50 - [TEST_STEP][PASSED] - if (i == 4 &amp;&amp; wildList.indexOf(symbol) != -1): null

2019-08-10 23:46:50 - [TEST_STEP][PASSED] - symbol = symbol: null

2019-08-10 23:46:50 - [TEST_STEP][PASSED] - println(symbol): null

2019-08-10 23:46:50 - [TEST_STEP][PASSED] - if (i == 2 &amp;&amp; wildList.indexOf(symbol) != -1): null

2019-08-10 23:46:50 - [TEST_STEP][PASSED] - if (i == 3 &amp;&amp; wildList.indexOf(symbol) != -1): null

2019-08-10 23:46:50 - [TEST_STEP][PASSED] - if (i == 4 &amp;&amp; wildList.indexOf(symbol) != -1): null

2019-08-10 23:46:50 - [TEST_STEP][PASSED] - symbols = symbols: null

2019-08-10 23:46:50 - [TEST_STEP][PASSED] - for ([j = 0, j &lt; symbols.size(), (j++)]): null

2019-08-10 23:46:50 - [TEST_STEP][PASSED] - symbol = symbol: null

2019-08-10 23:46:50 - [TEST_STEP][PASSED] - println(symbol): null

2019-08-10 23:46:50 - [TEST_STEP][PASSED] - if (i == 2 &amp;&amp; wildList.indexOf(symbol) != -1): null

2019-08-10 23:46:54 - [TEST_STEP][PASSED] - if (i == 3 &amp;&amp; wildList.indexOf(symbol) != -1): null

2019-08-10 23:46:54 - [TEST_STEP][PASSED] - if (i == 4 &amp;&amp; wildList.indexOf(symbol) != -1): null

2019-08-10 23:46:54 - [TEST_STEP][PASSED] - symbol = symbol: null

2019-08-10 23:46:54 - [TEST_STEP][PASSED] - println(symbol): null

2019-08-10 23:46:54 - [TEST_STEP][PASSED] - if (i == 2 &amp;&amp; wildList.indexOf(symbol) != -1): null

2019-08-10 23:46:54 - [TEST_STEP][PASSED] - if (i == 3 &amp;&amp; wildList.indexOf(symbol) != -1): null

2019-08-10 23:46:54 - [TEST_STEP][PASSED] - if (i == 4 &amp;&amp; wildList.indexOf(symbol) != -1): null

2019-08-10 23:46:54 - [TEST_STEP][PASSED] - symbol = symbol: null

2019-08-10 23:46:54 - [TEST_STEP][PASSED] - println(symbol): null

2019-08-10 23:46:54 - [TEST_STEP][PASSED] - if (i == 2 &amp;&amp; wildList.indexOf(symbol) != -1): null

2019-08-10 23:47:00 - [TEST_STEP][PASSED] - if (i == 3 &amp;&amp; wildList.indexOf(symbol) != -1): null

2019-08-10 23:47:00 - [TEST_STEP][PASSED] - if (i == 4 &amp;&amp; wildList.indexOf(symbol) != -1): null

2019-08-10 23:47:00 - [TEST_STEP][PASSED] - symbols = symbols: null

2019-08-10 23:47:00 - [TEST_STEP][PASSED] - for ([j = 0, j &lt; symbols.size(), (j++)]): null

2019-08-10 23:47:00 - [TEST_STEP][PASSED] - symbol = symbol: null

2019-08-10 23:47:00 - [TEST_STEP][PASSED] - println(symbol): null

2019-08-10 23:47:05 - [TEST_STEP][PASSED] - if (i == 2 &amp;&amp; wildList.indexOf(symbol) != -1): null

2019-08-10 23:47:05 - [TEST_STEP][PASSED] - if (i == 3 &amp;&amp; wildList.indexOf(symbol) != -1): null

2019-08-10 23:47:05 - [TEST_STEP][PASSED] - if (i == 4 &amp;&amp; wildList.indexOf(symbol) != -1): null

2019-08-10 23:47:05 - [TEST_STEP][PASSED] - symbol = symbol: null

2019-08-10 23:47:05 - [TEST_STEP][PASSED] - println(symbol): null

2019-08-10 23:47:05 - [TEST_STEP][PASSED] - if (i == 2 &amp;&amp; wildList.indexOf(symbol) != -1): null

2019-08-10 23:47:05 - [TEST_STEP][PASSED] - if (i == 3 &amp;&amp; wildList.indexOf(symbol) != -1): null

2019-08-10 23:47:05 - [TEST_STEP][PASSED] - if (i == 4 &amp;&amp; wildList.indexOf(symbol) != -1): null

2019-08-10 23:47:05 - [TEST_STEP][PASSED] - symbol = symbol: null

2019-08-10 23:47:05 - [TEST_STEP][PASSED] - println(symbol): null

2019-08-10 23:47:05 - [TEST_STEP][PASSED] - if (i == 2 &amp;&amp; wildList.indexOf(symbol) != -1): null

2019-08-10 23:47:05 - [TEST_STEP][PASSED] - if (i == 3 &amp;&amp; wildList.indexOf(symbol) != -1): null

2019-08-10 23:47:05 - [TEST_STEP][PASSED] - if (i == 4 &amp;&amp; wildList.indexOf(symbol) != -1): null

2019-08-10 23:47:05 - [TEST_STEP][PASSED] - symbols = symbols: null

2019-08-10 23:47:05 - [TEST_STEP][PASSED] - for ([j = 0, j &lt; symbols.size(), (j++)]): null

2019-08-10 23:47:05 - [TEST_STEP][PASSED] - symbol = symbol: null

2019-08-10 23:47:05 - [TEST_STEP][PASSED] - println(symbol): null

2019-08-10 23:47:05 - [TEST_STEP][PASSED] - if (i == 2 &amp;&amp; wildList.indexOf(symbol) != -1): null

2019-08-10 23:47:05 - [TEST_STEP][PASSED] - if (i == 3 &amp;&amp; wildList.indexOf(symbol) != -1): null

2019-08-10 23:47:05 - [TEST_STEP][PASSED] - if (i == 4 &amp;&amp; wildList.indexOf(symbol) != -1): null

2019-08-10 23:47:05 - [TEST_STEP][PASSED] - symbol = symbol: null

2019-08-10 23:47:05 - [TEST_STEP][PASSED] - println(symbol): null

2019-08-10 23:47:05 - [TEST_STEP][PASSED] - if (i == 2 &amp;&amp; wildList.indexOf(symbol) != -1): null

2019-08-10 23:47:05 - [TEST_STEP][PASSED] - if (i == 3 &amp;&amp; wildList.indexOf(symbol) != -1): null

2019-08-10 23:47:05 - [TEST_STEP][PASSED] - if (i == 4 &amp;&amp; wildList.indexOf(symbol) != -1): null

2019-08-10 23:47:05 - [TEST_STEP][PASSED] - symbol = symbol: null

2019-08-10 23:47:05 - [TEST_STEP][PASSED] - println(symbol): null

2019-08-10 23:47:05 - [TEST_STEP][PASSED] - if (i == 2 &amp;&amp; wildList.indexOf(symbol) != -1): null

2019-08-10 23:47:05 - [TEST_STEP][PASSED] - if (i == 3 &amp;&amp; wildList.indexOf(symbol) != -1): null

2019-08-10 23:47:05 - [TEST_STEP][PASSED] - if (i == 4 &amp;&amp; wildList.indexOf(symbol) != -1): null

2019-08-10 23:47:05 - [TEST_STEP][PASSED] - symbols = symbols: null

2019-08-10 23:47:05 - [TEST_STEP][PASSED] - for ([j = 0, j &lt; symbols.size(), (j++)]): null

2019-08-10 23:47:05 - [TEST_STEP][PASSED] - symbol = symbol: null

2019-08-10 23:47:05 - [TEST_STEP][PASSED] - println(symbol): null

2019-08-10 23:47:05 - [TEST_STEP][PASSED] - if (i == 2 &amp;&amp; wildList.indexOf(symbol) != -1): null

2019-08-10 23:47:05 - [TEST_STEP][PASSED] - if (i == 3 &amp;&amp; wildList.indexOf(symbol) != -1): null

2019-08-10 23:47:05 - [TEST_STEP][PASSED] - if (i == 4 &amp;&amp; wildList.indexOf(symbol) != -1): null

2019-08-10 23:47:05 - [TEST_STEP][PASSED] - symbol = symbol: null

2019-08-10 23:47:05 - [TEST_STEP][PASSED] - println(symbol): null

2019-08-10 23:47:05 - [TEST_STEP][PASSED] - if (i == 2 &amp;&amp; wildList.indexOf(symbol) != -1): null

2019-08-10 23:47:05 - [TEST_STEP][PASSED] - if (i == 3 &amp;&amp; wildList.indexOf(symbol) != -1): null

2019-08-10 23:47:05 - [TEST_STEP][PASSED] - if (i == 4 &amp;&amp; wildList.indexOf(symbol) != -1): null

2019-08-10 23:47:05 - [TEST_STEP][PASSED] - symbol = symbol: null

2019-08-10 23:47:05 - [TEST_STEP][PASSED] - println(symbol): null

2019-08-10 23:47:05 - [TEST_STEP][PASSED] - if (i == 2 &amp;&amp; wildList.indexOf(symbol) != -1): null

2019-08-10 23:47:05 - [TEST_STEP][PASSED] - if (i == 3 &amp;&amp; wildList.indexOf(symbol) != -1): null

2019-08-10 23:47:05 - [TEST_STEP][PASSED] - if (i == 4 &amp;&amp; wildList.indexOf(symbol) != -1): null

2019-08-10 23:47:05 - [TEST_STEP][PASSED] - free_spin_reel_counter = free_spin_reel_counter: null

2019-08-10 23:47:05 - [TEST_STEP][PASSED] - println("reel 3 wild found: " + free_spin_reel_counter[0]): null

2019-08-10 23:47:05 - [TEST_STEP][PASSED] - println("reel 4 wild found: " + free_spin_reel_counter[1]): null

2019-08-10 23:47:05 - [TEST_STEP][PASSED] - println("reel 5 wild found: " + free_spin_reel_counter[2]): null

2019-08-10 23:47:05 - [TEST_STEP][PASSED] - M4_spin_reels = M4_spin_reels: null

2019-08-10 23:47:05 - [TEST_STEP][PASSED] - M4_spin_reels_symbols = symbol: null

2019-08-10 23:47:05 - [TEST_STEP][PASSED] - M4_spin_reels_symbols = M4_spin_reels_symbols: null

2019-08-10 23:47:05 - [TEST_STEP][PASSED] - M4_spin_reel_wins = reel_wins: null

2019-08-10 23:47:05 - [TEST_STEP][PASSED] - M4_spin_reel_wins = M4_spin_reel_wins: null

2019-08-10 23:47:05 - [TEST_STEP][PASSED] - println("GlobalVariable.M4_spin_reel_wins is: " + M4_spin_reel_wins): null

2019-08-10 23:47:05 - [TEST_STEP][PASSED] - M4_spin_total_bonus_win_this_round = total_bonus_win_this_round: null

2019-08-10 23:47:05 - [TEST_STEP][PASSED] - M4_spin_total_bonus_win_this_round = M4_spin_total_bonus_win_this_round: null

2019-08-10 23:47:05 - [TEST_STEP][PASSED] - println("GlobalVariable.M4_spin_total_bonus_win_this_round is: " + M4_spin_total_bonus_win_this_round): null

2019-08-10 23:47:05 - [MESSAGE][PASSED] - Verify response successfully

2019-08-10 23:47:05 - [MESSAGE][PASSED] - Send request and verify the response successfully

2019-08-10 23:47:05 - [TEST_STEP][PASSED] - if (M4_total_bonus_spins_int != 0 &amp;&amp; M4_spin_reels_symbols[2].contains("WILD_ExtraFG") || M4_spin_reels_symbols[3].contains("WILD_ExtraFG")): null

2019-08-10 23:47:05 - [TEST_STEP][PASSED] - free_spin_reel_counter = free_spin_reel_counter: null

2019-08-10 23:47:05 - [TEST_STEP][PASSED] - M4_spin_reels_symbols = M4_spin_reels_symbols: null

2019-08-10 23:47:05 - [TEST_STEP][PASSED] - M4_total_bonus_spins = M4_total_bonus_spins: null

2019-08-10 23:47:05 - [TEST_STEP][PASSED] - spin_result = sendRequestAndVerify(findTestObject("RGS(M4)/1_M4_spin", ["M4_login_user_id":M4_login_user_id, "rgs_session_token":rgs_session_token, "partner":Partner])): Send request and verify the response successfully

2019-08-10 23:47:06 - [TEST_CASE][PASSED] - Start Test Case : Verification: Verification accomplished successfully

2019-08-10 23:47:06 - [TEST_STEP][PASSED] - request = getInstance().getCurrentRequest(): null

2019-08-10 23:47:06 - [TEST_STEP][PASSED] - response = getInstance().getCurrentResponse(): null

2019-08-10 23:47:06 - [TEST_STEP][PASSED] - verifyResponseStatusCode(response, 200): Verify response status code successfully

2019-08-10 23:47:06 - [MESSAGE][PASSED] - Verify response status code successfully

2019-08-10 23:47:06 - [TEST_STEP][PASSED] - getStatusCode()).isEqualTo(200): null

2019-08-10 23:47:06 - [TEST_STEP][PASSED] - newline = System.getProperty("line.separator"): null

2019-08-10 23:47:06 - [TEST_STEP][PASSED] - M4_spin = new groovy.json.JsonSlurper(): null

2019-08-10 23:47:06 - [TEST_STEP][PASSED] - result_M4_spin = M4_spin.parseText(response.getResponseBodyContent()): null

2019-08-10 23:47:06 - [TEST_STEP][PASSED] - M4_spin_current_balance = current_balance: null

2019-08-10 23:47:06 - [TEST_STEP][PASSED] - M4_spin_current_balance = M4_spin_current_balance: null

2019-08-10 23:47:06 - [TEST_STEP][PASSED] - M4_spin_transaction_id = causality: null

2019-08-10 23:47:06 - [TEST_STEP][PASSED] - M4_spin_transaction_id = M4_spin_transaction_id: null

2019-08-10 23:47:06 - [TEST_STEP][PASSED] - M4_spin_round_id = round_id: null

2019-08-10 23:47:06 - [TEST_STEP][PASSED] - M4_spin_round_id = M4_spin_round_id: null

2019-08-10 23:47:06 - [TEST_STEP][PASSED] - M4_spin_line_wins = line_wins: null

2019-08-10 23:47:06 - [TEST_STEP][PASSED] - M4_spin_line_wins = M4_spin_line_wins: null

2019-08-10 23:47:06 - [TEST_STEP][PASSED] - M4_total_bonus_spins_int = total_bonus_spins: null

2019-08-10 23:47:06 - [TEST_STEP][PASSED] - println("******M4_total_bonus_spins type is:*******" + newline + getClass().getName()): null

2019-08-10 23:47:06 - [TEST_STEP][PASSED] - M4_total_bonus_spins_int = M4_total_bonus_spins_int: null

2019-08-10 23:47:06 - [TEST_STEP][PASSED] - M4_total_bonus_spins = Integer.toString(M4_total_bonus_spins_int): null

2019-08-10 23:47:06 - [TEST_STEP][PASSED] - M4_total_bonus_spins = M4_total_bonus_spins: null

2019-08-10 23:47:06 - [TEST_STEP][PASSED] - println("M4_total_bonus_spins is:" + M4_total_bonus_spins): null

2019-08-10 23:47:06 - [TEST_STEP][PASSED] - M4_spin_bonus_data = bonus_data: null

2019-08-10 23:47:06 - [TEST_STEP][PASSED] - M4_spin_features_triggered = result_M4_spin: null

2019-08-10 23:47:06 - [TEST_STEP][PASSED] - wild = []: null

2019-08-10 23:47:06 - [TEST_STEP][PASSED] - wild[0] = "WILD_Expanding": null

2019-08-10 23:47:06 - [TEST_STEP][PASSED] - wild[1] = "WILD_Normal": null

2019-08-10 23:47:06 - [TEST_STEP][PASSED] - wild[2] = "WILD_Double": null

2019-08-10 23:47:06 - [TEST_STEP][PASSED] - wild[3] = "WILD_ExtraFG": null

2019-08-10 23:47:06 - [TEST_STEP][PASSED] - wild[4] = "WILD_Triple": null

2019-08-10 23:47:06 - [TEST_STEP][PASSED] - wildList = Arrays.asList(wild): null

2019-08-10 23:47:06 - [TEST_STEP][PASSED] - wildList = wildList: null

2019-08-10 23:47:06 - [TEST_STEP][PASSED] - free_spin_reel_counter = []: null

2019-08-10 23:47:06 - [TEST_STEP][PASSED] - free_spin_reel_counter[0] = 0: null

2019-08-10 23:47:06 - [TEST_STEP][PASSED] - free_spin_reel_counter[1] = 0: null

2019-08-10 23:47:06 - [TEST_STEP][PASSED] - free_spin_reel_counter[2] = 0: null

2019-08-10 23:47:06 - [TEST_STEP][PASSED] - M4_spin_reels = reels: null

2019-08-10 23:47:06 - [TEST_STEP][PASSED] - for ([i = 0, i &lt; M4_spin_reels.size(), (i++)]): null

2019-08-10 23:47:06 - [TEST_STEP][PASSED] - symbols = symbols: null

2019-08-10 23:47:06 - [TEST_STEP][PASSED] - for ([j = 0, j &lt; symbols.size(), (j++)]): null

2019-08-10 23:47:06 - [TEST_STEP][PASSED] - symbol = symbol: null

2019-08-10 23:47:06 - [TEST_STEP][PASSED] - println(symbol): null

2019-08-10 23:47:06 - [TEST_STEP][PASSED] - if (i == 2 &amp;&amp; wildList.indexOf(symbol) != -1): null

2019-08-10 23:47:06 - [TEST_STEP][PASSED] - if (i == 3 &amp;&amp; wildList.indexOf(symbol) != -1): null

2019-08-10 23:47:06 - [TEST_STEP][PASSED] - if (i == 4 &amp;&amp; wildList.indexOf(symbol) != -1): null

2019-08-10 23:47:06 - [TEST_STEP][PASSED] - symbol = symbol: null

2019-08-10 23:47:06 - [TEST_STEP][PASSED] - println(symbol): null

2019-08-10 23:47:06 - [TEST_STEP][PASSED] - if (i == 2 &amp;&amp; wildList.indexOf(symbol) != -1): null

2019-08-10 23:47:06 - [TEST_STEP][PASSED] - if (i == 3 &amp;&amp; wildList.indexOf(symbol) != -1): null

2019-08-10 23:47:06 - [TEST_STEP][PASSED] - if (i == 4 &amp;&amp; wildList.indexOf(symbol) != -1): null

2019-08-10 23:47:06 - [TEST_STEP][PASSED] - symbol = symbol: null

2019-08-10 23:47:06 - [TEST_STEP][PASSED] - println(symbol): null

2019-08-10 23:47:06 - [TEST_STEP][PASSED] - if (i == 2 &amp;&amp; wildList.indexOf(symbol) != -1): null

2019-08-10 23:47:06 - [TEST_STEP][PASSED] - if (i == 3 &amp;&amp; wildList.indexOf(symbol) != -1): null

2019-08-10 23:47:06 - [TEST_STEP][PASSED] - if (i == 4 &amp;&amp; wildList.indexOf(symbol) != -1): null

2019-08-10 23:47:06 - [TEST_STEP][PASSED] - symbols = symbols: null

2019-08-10 23:47:06 - [TEST_STEP][PASSED] - for ([j = 0, j &lt; symbols.size(), (j++)]): null

2019-08-10 23:47:06 - [TEST_STEP][PASSED] - symbol = symbol: null

2019-08-10 23:47:06 - [TEST_STEP][PASSED] - println(symbol): null

2019-08-10 23:47:06 - [TEST_STEP][PASSED] - if (i == 2 &amp;&amp; wildList.indexOf(symbol) != -1): null

2019-08-10 23:47:06 - [TEST_STEP][PASSED] - if (i == 3 &amp;&amp; wildList.indexOf(symbol) != -1): null

2019-08-10 23:47:06 - [TEST_STEP][PASSED] - if (i == 4 &amp;&amp; wildList.indexOf(symbol) != -1): null

2019-08-10 23:47:06 - [TEST_STEP][PASSED] - symbol = symbol: null

2019-08-10 23:47:06 - [TEST_STEP][PASSED] - println(symbol): null

2019-08-10 23:47:06 - [TEST_STEP][PASSED] - if (i == 2 &amp;&amp; wildList.indexOf(symbol) != -1): null

2019-08-10 23:47:06 - [TEST_STEP][PASSED] - if (i == 3 &amp;&amp; wildList.indexOf(symbol) != -1): null

2019-08-10 23:47:06 - [TEST_STEP][PASSED] - if (i == 4 &amp;&amp; wildList.indexOf(symbol) != -1): null

2019-08-10 23:47:06 - [TEST_STEP][PASSED] - symbol = symbol: null

2019-08-10 23:47:06 - [TEST_STEP][PASSED] - println(symbol): null

2019-08-10 23:47:06 - [TEST_STEP][PASSED] - if (i == 2 &amp;&amp; wildList.indexOf(symbol) != -1): null

2019-08-10 23:47:06 - [TEST_STEP][PASSED] - if (i == 3 &amp;&amp; wildList.indexOf(symbol) != -1): null

2019-08-10 23:47:06 - [TEST_STEP][PASSED] - if (i == 4 &amp;&amp; wildList.indexOf(symbol) != -1): null

2019-08-10 23:47:06 - [TEST_STEP][PASSED] - symbols = symbols: null

2019-08-10 23:47:06 - [TEST_STEP][PASSED] - for ([j = 0, j &lt; symbols.size(), (j++)]): null

2019-08-10 23:47:06 - [TEST_STEP][PASSED] - symbol = symbol: null

2019-08-10 23:47:06 - [TEST_STEP][PASSED] - println(symbol): null

2019-08-10 23:47:06 - [TEST_STEP][PASSED] - if (i == 2 &amp;&amp; wildList.indexOf(symbol) != -1): null

2019-08-10 23:47:06 - [TEST_STEP][PASSED] - if (i == 3 &amp;&amp; wildList.indexOf(symbol) != -1): null

2019-08-10 23:47:06 - [TEST_STEP][PASSED] - if (i == 4 &amp;&amp; wildList.indexOf(symbol) != -1): null

2019-08-10 23:47:06 - [TEST_STEP][PASSED] - symbol = symbol: null

2019-08-10 23:47:06 - [TEST_STEP][PASSED] - println(symbol): null

2019-08-10 23:47:06 - [TEST_STEP][PASSED] - if (i == 2 &amp;&amp; wildList.indexOf(symbol) != -1): null

2019-08-10 23:47:06 - [TEST_STEP][PASSED] - if (i == 3 &amp;&amp; wildList.indexOf(symbol) != -1): null

2019-08-10 23:47:06 - [TEST_STEP][PASSED] - if (i == 4 &amp;&amp; wildList.indexOf(symbol) != -1): null

2019-08-10 23:47:06 - [TEST_STEP][PASSED] - symbol = symbol: null

2019-08-10 23:47:06 - [TEST_STEP][PASSED] - println(symbol): null

2019-08-10 23:47:06 - [TEST_STEP][PASSED] - if (i == 2 &amp;&amp; wildList.indexOf(symbol) != -1): null

2019-08-10 23:47:06 - [TEST_STEP][PASSED] - if (i == 3 &amp;&amp; wildList.indexOf(symbol) != -1): null

2019-08-10 23:47:06 - [TEST_STEP][PASSED] - if (i == 4 &amp;&amp; wildList.indexOf(symbol) != -1): null

2019-08-10 23:47:06 - [TEST_STEP][PASSED] - symbols = symbols: null

2019-08-10 23:47:06 - [TEST_STEP][PASSED] - for ([j = 0, j &lt; symbols.size(), (j++)]): null

2019-08-10 23:47:06 - [TEST_STEP][PASSED] - symbol = symbol: null

2019-08-10 23:47:06 - [TEST_STEP][PASSED] - println(symbol): null

2019-08-10 23:47:06 - [TEST_STEP][PASSED] - if (i == 2 &amp;&amp; wildList.indexOf(symbol) != -1): null

2019-08-10 23:47:06 - [TEST_STEP][PASSED] - if (i == 3 &amp;&amp; wildList.indexOf(symbol) != -1): null

2019-08-10 23:47:06 - [TEST_STEP][PASSED] - if (i == 4 &amp;&amp; wildList.indexOf(symbol) != -1): null

2019-08-10 23:47:06 - [TEST_STEP][PASSED] - symbol = symbol: null

2019-08-10 23:47:06 - [TEST_STEP][PASSED] - println(symbol): null

2019-08-10 23:47:06 - [TEST_STEP][PASSED] - if (i == 2 &amp;&amp; wildList.indexOf(symbol) != -1): null

2019-08-10 23:47:06 - [TEST_STEP][PASSED] - if (i == 3 &amp;&amp; wildList.indexOf(symbol) != -1): null

2019-08-10 23:47:06 - [TEST_STEP][PASSED] - if (i == 4 &amp;&amp; wildList.indexOf(symbol) != -1): null

2019-08-10 23:47:06 - [TEST_STEP][PASSED] - symbol = symbol: null

2019-08-10 23:47:06 - [TEST_STEP][PASSED] - println(symbol): null

2019-08-10 23:47:06 - [TEST_STEP][PASSED] - if (i == 2 &amp;&amp; wildList.indexOf(symbol) != -1): null

2019-08-10 23:47:06 - [TEST_STEP][PASSED] - if (i == 3 &amp;&amp; wildList.indexOf(symbol) != -1): null

2019-08-10 23:47:06 - [TEST_STEP][PASSED] - if (i == 4 &amp;&amp; wildList.indexOf(symbol) != -1): null

2019-08-10 23:47:06 - [TEST_STEP][PASSED] - symbols = symbols: null

2019-08-10 23:47:06 - [TEST_STEP][PASSED] - for ([j = 0, j &lt; symbols.size(), (j++)]): null

2019-08-10 23:47:06 - [TEST_STEP][PASSED] - symbol = symbol: null

2019-08-10 23:47:06 - [TEST_STEP][PASSED] - println(symbol): null

2019-08-10 23:47:06 - [TEST_STEP][PASSED] - if (i == 2 &amp;&amp; wildList.indexOf(symbol) != -1): null

2019-08-10 23:47:06 - [TEST_STEP][PASSED] - if (i == 3 &amp;&amp; wildList.indexOf(symbol) != -1): null

2019-08-10 23:47:06 - [TEST_STEP][PASSED] - if (i == 4 &amp;&amp; wildList.indexOf(symbol) != -1): null

2019-08-10 23:47:06 - [TEST_STEP][PASSED] - symbol = symbol: null

2019-08-10 23:47:06 - [TEST_STEP][PASSED] - println(symbol): null

2019-08-10 23:47:06 - [TEST_STEP][PASSED] - if (i == 2 &amp;&amp; wildList.indexOf(symbol) != -1): null

2019-08-10 23:47:06 - [TEST_STEP][PASSED] - if (i == 3 &amp;&amp; wildList.indexOf(symbol) != -1): null

2019-08-10 23:47:06 - [TEST_STEP][PASSED] - if (i == 4 &amp;&amp; wildList.indexOf(symbol) != -1): null

2019-08-10 23:47:06 - [TEST_STEP][PASSED] - println("wild found on reel 5, adding counter by 1"): null

2019-08-10 23:47:06 - [TEST_STEP][PASSED] - free_spin_reel_counter[2] = free_spin_reel_counter[2] + 1: null

2019-08-10 23:47:06 - [TEST_STEP][PASSED] - symbol = symbol: null

2019-08-10 23:47:06 - [TEST_STEP][PASSED] - println(symbol): null

2019-08-10 23:47:06 - [TEST_STEP][PASSED] - if (i == 2 &amp;&amp; wildList.indexOf(symbol) != -1): null

2019-08-10 23:47:06 - [TEST_STEP][PASSED] - if (i == 3 &amp;&amp; wildList.indexOf(symbol) != -1): null

2019-08-10 23:47:06 - [TEST_STEP][PASSED] - if (i == 4 &amp;&amp; wildList.indexOf(symbol) != -1): null

2019-08-10 23:47:06 - [TEST_STEP][PASSED] - free_spin_reel_counter = free_spin_reel_counter: null

2019-08-10 23:47:06 - [TEST_STEP][PASSED] - println("reel 3 wild found: " + free_spin_reel_counter[0]): null

2019-08-10 23:47:06 - [TEST_STEP][PASSED] - println("reel 4 wild found: " + free_spin_reel_counter[1]): null

2019-08-10 23:47:06 - [TEST_STEP][PASSED] - println("reel 5 wild found: " + free_spin_reel_counter[2]): null

2019-08-10 23:47:06 - [TEST_STEP][PASSED] - M4_spin_reels = M4_spin_reels: null

2019-08-10 23:47:06 - [TEST_STEP][PASSED] - M4_spin_reels_symbols = symbol: null

2019-08-10 23:47:06 - [TEST_STEP][PASSED] - M4_spin_reels_symbols = M4_spin_reels_symbols: null

2019-08-10 23:47:06 - [TEST_STEP][PASSED] - M4_spin_reel_wins = reel_wins: null

2019-08-10 23:47:06 - [TEST_STEP][PASSED] - M4_spin_reel_wins = M4_spin_reel_wins: null

2019-08-10 23:47:06 - [TEST_STEP][PASSED] - println("GlobalVariable.M4_spin_reel_wins is: " + M4_spin_reel_wins): null

2019-08-10 23:47:06 - [TEST_STEP][PASSED] - M4_spin_total_bonus_win_this_round = total_bonus_win_this_round: null

2019-08-10 23:47:06 - [TEST_STEP][PASSED] - M4_spin_total_bonus_win_this_round = M4_spin_total_bonus_win_this_round: null

2019-08-10 23:47:06 - [TEST_STEP][PASSED] - println("GlobalVariable.M4_spin_total_bonus_win_this_round is: " + M4_spin_total_bonus_win_this_round): null

2019-08-10 23:47:06 - [MESSAGE][PASSED] - Verify response successfully

2019-08-10 23:47:06 - [MESSAGE][PASSED] - Send request and verify the response successfully

2019-08-10 23:47:06 - [TEST_STEP][PASSED] - if (M4_total_bonus_spins_int != 0 &amp;&amp; M4_spin_reels_symbols[2].contains("WILD_ExtraFG") || M4_spin_reels_symbols[3].contains("WILD_ExtraFG")): null

2019-08-10 23:47:06 - [TEST_STEP][PASSED] - free_spin_reel_counter = free_spin_reel_counter: null

2019-08-10 23:47:06 - [TEST_STEP][PASSED] - M4_spin_reels_symbols = M4_spin_reels_symbols: null

2019-08-10 23:47:06 - [TEST_STEP][PASSED] - M4_total_bonus_spins = M4_total_bonus_spins: null

2019-08-10 23:47:06 - [TEST_STEP][PASSED] - spin_result = sendRequestAndVerify(findTestObject("RGS(M4)/1_M4_spin", ["M4_login_user_id":M4_login_user_id, "rgs_session_token":rgs_session_token, "partner":Partner])): Send request and verify the response successfully

2019-08-10 23:47:06 - [TEST_CASE][PASSED] - Start Test Case : Verification: Verification accomplished successfully

2019-08-10 23:47:06 - [TEST_STEP][PASSED] - request = getInstance().getCurrentRequest(): null

2019-08-10 23:47:06 - [TEST_STEP][PASSED] - response = getInstance().getCurrentResponse(): null

2019-08-10 23:47:06 - [TEST_STEP][PASSED] - verifyResponseStatusCode(response, 200): Verify response status code successfully

2019-08-10 23:47:06 - [MESSAGE][PASSED] - Verify response status code successfully

2019-08-10 23:47:06 - [TEST_STEP][PASSED] - getStatusCode()).isEqualTo(200): null

2019-08-10 23:47:06 - [TEST_STEP][PASSED] - newline = System.getProperty("line.separator"): null

2019-08-10 23:47:06 - [TEST_STEP][PASSED] - M4_spin = new groovy.json.JsonSlurper(): null

2019-08-10 23:47:06 - [TEST_STEP][PASSED] - result_M4_spin = M4_spin.parseText(response.getResponseBodyContent()): null

2019-08-10 23:47:06 - [TEST_STEP][PASSED] - M4_spin_current_balance = current_balance: null

2019-08-10 23:47:06 - [TEST_STEP][PASSED] - M4_spin_current_balance = M4_spin_current_balance: null

2019-08-10 23:47:06 - [TEST_STEP][PASSED] - M4_spin_transaction_id = causality: null

2019-08-10 23:47:06 - [TEST_STEP][PASSED] - M4_spin_transaction_id = M4_spin_transaction_id: null

2019-08-10 23:47:06 - [TEST_STEP][PASSED] - M4_spin_round_id = round_id: null

2019-08-10 23:47:06 - [TEST_STEP][PASSED] - M4_spin_round_id = M4_spin_round_id: null

2019-08-10 23:47:06 - [TEST_STEP][PASSED] - M4_spin_line_wins = line_wins: null

2019-08-10 23:47:06 - [TEST_STEP][PASSED] - M4_spin_line_wins = M4_spin_line_wins: null

2019-08-10 23:47:06 - [TEST_STEP][PASSED] - M4_total_bonus_spins_int = total_bonus_spins: null

2019-08-10 23:47:06 - [TEST_STEP][PASSED] - println("******M4_total_bonus_spins type is:*******" + newline + getClass().getName()): null

2019-08-10 23:47:06 - [TEST_STEP][PASSED] - M4_total_bonus_spins_int = M4_total_bonus_spins_int: null

2019-08-10 23:47:06 - [TEST_STEP][PASSED] - M4_total_bonus_spins = Integer.toString(M4_total_bonus_spins_int): null

2019-08-10 23:47:06 - [TEST_STEP][PASSED] - M4_total_bonus_spins = M4_total_bonus_spins: null

2019-08-10 23:47:06 - [TEST_STEP][PASSED] - println("M4_total_bonus_spins is:" + M4_total_bonus_spins): null

2019-08-10 23:47:06 - [TEST_STEP][PASSED] - M4_spin_bonus_data = bonus_data: null

2019-08-10 23:47:06 - [TEST_STEP][PASSED] - M4_spin_features_triggered = result_M4_spin: null

2019-08-10 23:47:06 - [TEST_STEP][PASSED] - wild = []: null

2019-08-10 23:47:06 - [TEST_STEP][PASSED] - wild[0] = "WILD_Expanding": null

2019-08-10 23:47:06 - [TEST_STEP][PASSED] - wild[1] = "WILD_Normal": null

2019-08-10 23:47:06 - [TEST_STEP][PASSED] - wild[2] = "WILD_Double": null

2019-08-10 23:47:06 - [TEST_STEP][PASSED] - wild[3] = "WILD_ExtraFG": null

2019-08-10 23:47:06 - [TEST_STEP][PASSED] - wild[4] = "WILD_Triple": null

2019-08-10 23:47:06 - [TEST_STEP][PASSED] - wildList = Arrays.asList(wild): null

2019-08-10 23:47:06 - [TEST_STEP][PASSED] - wildList = wildList: null

2019-08-10 23:47:06 - [TEST_STEP][PASSED] - free_spin_reel_counter = []: null

2019-08-10 23:47:06 - [TEST_STEP][PASSED] - free_spin_reel_counter[0] = 0: null

2019-08-10 23:47:06 - [TEST_STEP][PASSED] - free_spin_reel_counter[1] = 0: null

2019-08-10 23:47:06 - [TEST_STEP][PASSED] - free_spin_reel_counter[2] = 0: null

2019-08-10 23:47:06 - [TEST_STEP][PASSED] - M4_spin_reels = reels: null

2019-08-10 23:47:06 - [TEST_STEP][PASSED] - for ([i = 0, i &lt; M4_spin_reels.size(), (i++)]): null

2019-08-10 23:47:06 - [TEST_STEP][PASSED] - symbols = symbols: null

2019-08-10 23:47:06 - [TEST_STEP][PASSED] - for ([j = 0, j &lt; symbols.size(), (j++)]): null

2019-08-10 23:47:06 - [TEST_STEP][PASSED] - symbol = symbol: null

2019-08-10 23:47:06 - [TEST_STEP][PASSED] - println(symbol): null

2019-08-10 23:47:06 - [TEST_STEP][PASSED] - if (i == 2 &amp;&amp; wildList.indexOf(symbol) != -1): null

2019-08-10 23:47:06 - [TEST_STEP][PASSED] - if (i == 3 &amp;&amp; wildList.indexOf(symbol) != -1): null

2019-08-10 23:47:06 - [TEST_STEP][PASSED] - if (i == 4 &amp;&amp; wildList.indexOf(symbol) != -1): null

2019-08-10 23:47:06 - [TEST_STEP][PASSED] - symbol = symbol: null

2019-08-10 23:47:06 - [TEST_STEP][PASSED] - println(symbol): null

2019-08-10 23:47:06 - [TEST_STEP][PASSED] - if (i == 2 &amp;&amp; wildList.indexOf(symbol) != -1): null

2019-08-10 23:47:06 - [TEST_STEP][PASSED] - if (i == 3 &amp;&amp; wildList.indexOf(symbol) != -1): null

2019-08-10 23:47:06 - [TEST_STEP][PASSED] - if (i == 4 &amp;&amp; wildList.indexOf(symbol) != -1): null

2019-08-10 23:47:06 - [TEST_STEP][PASSED] - symbol = symbol: null

2019-08-10 23:47:06 - [TEST_STEP][PASSED] - println(symbol): null

2019-08-10 23:47:06 - [TEST_STEP][PASSED] - if (i == 2 &amp;&amp; wildList.indexOf(symbol) != -1): null

2019-08-10 23:47:06 - [TEST_STEP][PASSED] - if (i == 3 &amp;&amp; wildList.indexOf(symbol) != -1): null

2019-08-10 23:47:06 - [TEST_STEP][PASSED] - if (i == 4 &amp;&amp; wildList.indexOf(symbol) != -1): null

2019-08-10 23:47:06 - [TEST_STEP][PASSED] - symbols = symbols: null

2019-08-10 23:47:06 - [TEST_STEP][PASSED] - for ([j = 0, j &lt; symbols.size(), (j++)]): null

2019-08-10 23:47:06 - [TEST_STEP][PASSED] - symbol = symbol: null

2019-08-10 23:47:06 - [TEST_STEP][PASSED] - println(symbol): null

2019-08-10 23:47:06 - [TEST_STEP][PASSED] - if (i == 2 &amp;&amp; wildList.indexOf(symbol) != -1): null

2019-08-10 23:47:06 - [TEST_STEP][PASSED] - if (i == 3 &amp;&amp; wildList.indexOf(symbol) != -1): null

2019-08-10 23:47:06 - [TEST_STEP][PASSED] - if (i == 4 &amp;&amp; wildList.indexOf(symbol) != -1): null

2019-08-10 23:47:06 - [TEST_STEP][PASSED] - symbol = symbol: null

2019-08-10 23:47:06 - [TEST_STEP][PASSED] - println(symbol): null

2019-08-10 23:47:06 - [TEST_STEP][PASSED] - if (i == 2 &amp;&amp; wildList.indexOf(symbol) != -1): null

2019-08-10 23:47:06 - [TEST_STEP][PASSED] - if (i == 3 &amp;&amp; wildList.indexOf(symbol) != -1): null

2019-08-10 23:47:06 - [TEST_STEP][PASSED] - if (i == 4 &amp;&amp; wildList.indexOf(symbol) != -1): null

2019-08-10 23:47:06 - [TEST_STEP][PASSED] - symbol = symbol: null

2019-08-10 23:47:06 - [TEST_STEP][PASSED] - println(symbol): null

2019-08-10 23:47:06 - [TEST_STEP][PASSED] - if (i == 2 &amp;&amp; wildList.indexOf(symbol) != -1): null

2019-08-10 23:47:06 - [TEST_STEP][PASSED] - if (i == 3 &amp;&amp; wildList.indexOf(symbol) != -1): null

2019-08-10 23:47:06 - [TEST_STEP][PASSED] - if (i == 4 &amp;&amp; wildList.indexOf(symbol) != -1): null

2019-08-10 23:47:06 - [TEST_STEP][PASSED] - symbols = symbols: null

2019-08-10 23:47:06 - [TEST_STEP][PASSED] - for ([j = 0, j &lt; symbols.size(), (j++)]): null

2019-08-10 23:47:06 - [TEST_STEP][PASSED] - symbol = symbol: null

2019-08-10 23:47:06 - [TEST_STEP][PASSED] - println(symbol): null

2019-08-10 23:47:06 - [TEST_STEP][PASSED] - if (i == 2 &amp;&amp; wildList.indexOf(symbol) != -1): null

2019-08-10 23:47:06 - [TEST_STEP][PASSED] - println("wild found on reel 3, adding counter by 1"): null

2019-08-10 23:47:06 - [TEST_STEP][PASSED] - free_spin_reel_counter[0] = free_spin_reel_counter[0] + 1: null

2019-08-10 23:47:06 - [TEST_STEP][PASSED] - if (i == 3 &amp;&amp; wildList.indexOf(symbol) != -1): null

2019-08-10 23:47:06 - [TEST_STEP][PASSED] - if (i == 4 &amp;&amp; wildList.indexOf(symbol) != -1): null

2019-08-10 23:47:06 - [TEST_STEP][PASSED] - symbol = symbol: null

2019-08-10 23:47:06 - [TEST_STEP][PASSED] - println(symbol): null

2019-08-10 23:47:06 - [TEST_STEP][PASSED] - if (i == 2 &amp;&amp; wildList.indexOf(symbol) != -1): null

2019-08-10 23:47:06 - [TEST_STEP][PASSED] - if (i == 3 &amp;&amp; wildList.indexOf(symbol) != -1): null

2019-08-10 23:47:06 - [TEST_STEP][PASSED] - if (i == 4 &amp;&amp; wildList.indexOf(symbol) != -1): null

2019-08-10 23:47:06 - [TEST_STEP][PASSED] - symbol = symbol: null

2019-08-10 23:47:06 - [TEST_STEP][PASSED] - println(symbol): null

2019-08-10 23:47:06 - [TEST_STEP][PASSED] - if (i == 2 &amp;&amp; wildList.indexOf(symbol) != -1): null

2019-08-10 23:47:06 - [TEST_STEP][PASSED] - if (i == 3 &amp;&amp; wildList.indexOf(symbol) != -1): null

2019-08-10 23:47:06 - [TEST_STEP][PASSED] - if (i == 4 &amp;&amp; wildList.indexOf(symbol) != -1): null

2019-08-10 23:47:06 - [TEST_STEP][PASSED] - symbols = symbols: null

2019-08-10 23:47:06 - [TEST_STEP][PASSED] - for ([j = 0, j &lt; symbols.size(), (j++)]): null

2019-08-10 23:47:06 - [TEST_STEP][PASSED] - symbol = symbol: null

2019-08-10 23:47:06 - [TEST_STEP][PASSED] - println(symbol): null

2019-08-10 23:47:06 - [TEST_STEP][PASSED] - if (i == 2 &amp;&amp; wildList.indexOf(symbol) != -1): null

2019-08-10 23:47:06 - [TEST_STEP][PASSED] - if (i == 3 &amp;&amp; wildList.indexOf(symbol) != -1): null

2019-08-10 23:47:06 - [TEST_STEP][PASSED] - if (i == 4 &amp;&amp; wildList.indexOf(symbol) != -1): null

2019-08-10 23:47:06 - [TEST_STEP][PASSED] - symbol = symbol: null

2019-08-10 23:47:06 - [TEST_STEP][PASSED] - println(symbol): null

2019-08-10 23:47:06 - [TEST_STEP][PASSED] - if (i == 2 &amp;&amp; wildList.indexOf(symbol) != -1): null

2019-08-10 23:47:06 - [TEST_STEP][PASSED] - if (i == 3 &amp;&amp; wildList.indexOf(symbol) != -1): null

2019-08-10 23:47:06 - [TEST_STEP][PASSED] - println("wild found on reel 4, adding counter by 1"): null

2019-08-10 23:47:06 - [TEST_STEP][PASSED] - free_spin_reel_counter[1] = free_spin_reel_counter[1] + 1: null

2019-08-10 23:47:06 - [TEST_STEP][PASSED] - if (i == 4 &amp;&amp; wildList.indexOf(symbol) != -1): null

2019-08-10 23:47:06 - [TEST_STEP][PASSED] - symbol = symbol: null

2019-08-10 23:47:06 - [TEST_STEP][PASSED] - println(symbol): null

2019-08-10 23:47:06 - [TEST_STEP][PASSED] - if (i == 2 &amp;&amp; wildList.indexOf(symbol) != -1): null

2019-08-10 23:47:06 - [TEST_STEP][PASSED] - if (i == 3 &amp;&amp; wildList.indexOf(symbol) != -1): null

2019-08-10 23:47:06 - [TEST_STEP][PASSED] - if (i == 4 &amp;&amp; wildList.indexOf(symbol) != -1): null

2019-08-10 23:47:06 - [TEST_STEP][PASSED] - symbols = symbols: null

2019-08-10 23:47:06 - [TEST_STEP][PASSED] - for ([j = 0, j &lt; symbols.size(), (j++)]): null

2019-08-10 23:47:06 - [TEST_STEP][PASSED] - symbol = symbol: null

2019-08-10 23:47:06 - [TEST_STEP][PASSED] - println(symbol): null

2019-08-10 23:47:06 - [TEST_STEP][PASSED] - if (i == 2 &amp;&amp; wildList.indexOf(symbol) != -1): null

2019-08-10 23:47:06 - [TEST_STEP][PASSED] - if (i == 3 &amp;&amp; wildList.indexOf(symbol) != -1): null

2019-08-10 23:47:06 - [TEST_STEP][PASSED] - if (i == 4 &amp;&amp; wildList.indexOf(symbol) != -1): null

2019-08-10 23:47:06 - [TEST_STEP][PASSED] - symbol = symbol: null

2019-08-10 23:47:06 - [TEST_STEP][PASSED] - println(symbol): null

2019-08-10 23:47:06 - [TEST_STEP][PASSED] - if (i == 2 &amp;&amp; wildList.indexOf(symbol) != -1): null

2019-08-10 23:47:06 - [TEST_STEP][PASSED] - if (i == 3 &amp;&amp; wildList.indexOf(symbol) != -1): null

2019-08-10 23:47:06 - [TEST_STEP][PASSED] - if (i == 4 &amp;&amp; wildList.indexOf(symbol) != -1): null

2019-08-10 23:47:06 - [TEST_STEP][PASSED] - symbol = symbol: null

2019-08-10 23:47:06 - [TEST_STEP][PASSED] - println(symbol): null

2019-08-10 23:47:06 - [TEST_STEP][PASSED] - if (i == 2 &amp;&amp; wildList.indexOf(symbol) != -1): null

2019-08-10 23:47:06 - [TEST_STEP][PASSED] - if (i == 3 &amp;&amp; wildList.indexOf(symbol) != -1): null

2019-08-10 23:47:06 - [TEST_STEP][PASSED] - if (i == 4 &amp;&amp; wildList.indexOf(symbol) != -1): null

2019-08-10 23:47:06 - [TEST_STEP][PASSED] - free_spin_reel_counter = free_spin_reel_counter: null

2019-08-10 23:47:06 - [TEST_STEP][PASSED] - println("reel 3 wild found: " + free_spin_reel_counter[0]): null

2019-08-10 23:47:06 - [TEST_STEP][PASSED] - println("reel 4 wild found: " + free_spin_reel_counter[1]): null

2019-08-10 23:47:06 - [TEST_STEP][PASSED] - println("reel 5 wild found: " + free_spin_reel_counter[2]): null

2019-08-10 23:47:06 - [TEST_STEP][PASSED] - M4_spin_reels = M4_spin_reels: null

2019-08-10 23:47:06 - [TEST_STEP][PASSED] - M4_spin_reels_symbols = symbol: null

2019-08-10 23:47:06 - [TEST_STEP][PASSED] - M4_spin_reels_symbols = M4_spin_reels_symbols: null

2019-08-10 23:47:06 - [TEST_STEP][PASSED] - M4_spin_reel_wins = reel_wins: null

2019-08-10 23:47:06 - [TEST_STEP][PASSED] - M4_spin_reel_wins = M4_spin_reel_wins: null

2019-08-10 23:47:06 - [TEST_STEP][PASSED] - println("GlobalVariable.M4_spin_reel_wins is: " + M4_spin_reel_wins): null

2019-08-10 23:47:06 - [TEST_STEP][PASSED] - M4_spin_total_bonus_win_this_round = total_bonus_win_this_round: null

2019-08-10 23:47:06 - [TEST_STEP][PASSED] - M4_spin_total_bonus_win_this_round = M4_spin_total_bonus_win_this_round: null

2019-08-10 23:47:06 - [TEST_STEP][PASSED] - println("GlobalVariable.M4_spin_total_bonus_win_this_round is: " + M4_spin_total_bonus_win_this_round): null

2019-08-10 23:47:06 - [MESSAGE][PASSED] - Verify response successfully

2019-08-10 23:47:06 - [MESSAGE][PASSED] - Send request and verify the response successfully

2019-08-10 23:47:06 - [TEST_STEP][PASSED] - if (M4_total_bonus_spins_int != 0 &amp;&amp; M4_spin_reels_symbols[2].contains("WILD_ExtraFG") || M4_spin_reels_symbols[3].contains("WILD_ExtraFG")): null

2019-08-10 23:47:06 - [TEST_STEP][PASSED] - free_spin_reel_counter = free_spin_reel_counter: null

2019-08-10 23:47:06 - [TEST_STEP][PASSED] - M4_spin_reels_symbols = M4_spin_reels_symbols: null

2019-08-10 23:47:06 - [TEST_STEP][PASSED] - M4_total_bonus_spins = M4_total_bonus_spins: null

2019-08-10 23:47:06 - [TEST_STEP][PASSED] - spin_result = sendRequestAndVerify(findTestObject("RGS(M4)/1_M4_spin", ["M4_login_user_id":M4_login_user_id, "rgs_session_token":rgs_session_token, "partner":Partner])): Send request and verify the response successfully

2019-08-10 23:47:06 - [TEST_CASE][PASSED] - Start Test Case : Verification: Verification accomplished successfully

2019-08-10 23:47:07 - [TEST_STEP][PASSED] - request = getInstance().getCurrentRequest(): null

2019-08-10 23:47:07 - [TEST_STEP][PASSED] - response = getInstance().getCurrentResponse(): null

2019-08-10 23:47:07 - [TEST_STEP][PASSED] - verifyResponseStatusCode(response, 200): Verify response status code successfully

2019-08-10 23:47:07 - [MESSAGE][PASSED] - Verify response status code successfully

2019-08-10 23:47:07 - [TEST_STEP][PASSED] - getStatusCode()).isEqualTo(200): null

2019-08-10 23:47:07 - [TEST_STEP][PASSED] - newline = System.getProperty("line.separator"): null

2019-08-10 23:47:07 - [TEST_STEP][PASSED] - M4_spin = new groovy.json.JsonSlurper(): null

2019-08-10 23:47:07 - [TEST_STEP][PASSED] - result_M4_spin = M4_spin.parseText(response.getResponseBodyContent()): null

2019-08-10 23:47:07 - [TEST_STEP][PASSED] - M4_spin_current_balance = current_balance: null

2019-08-10 23:47:07 - [TEST_STEP][PASSED] - M4_spin_current_balance = M4_spin_current_balance: null

2019-08-10 23:47:07 - [TEST_STEP][PASSED] - M4_spin_transaction_id = causality: null

2019-08-10 23:47:07 - [TEST_STEP][PASSED] - M4_spin_transaction_id = M4_spin_transaction_id: null

2019-08-10 23:47:07 - [TEST_STEP][PASSED] - M4_spin_round_id = round_id: null

2019-08-10 23:47:07 - [TEST_STEP][PASSED] - M4_spin_round_id = M4_spin_round_id: null

2019-08-10 23:47:07 - [TEST_STEP][PASSED] - M4_spin_line_wins = line_wins: null

2019-08-10 23:47:07 - [TEST_STEP][PASSED] - M4_spin_line_wins = M4_spin_line_wins: null

2019-08-10 23:47:07 - [TEST_STEP][PASSED] - M4_total_bonus_spins_int = total_bonus_spins: null

2019-08-10 23:47:07 - [TEST_STEP][PASSED] - println("******M4_total_bonus_spins type is:*******" + newline + getClass().getName()): null

2019-08-10 23:47:07 - [TEST_STEP][PASSED] - M4_total_bonus_spins_int = M4_total_bonus_spins_int: null

2019-08-10 23:47:07 - [TEST_STEP][PASSED] - M4_total_bonus_spins = Integer.toString(M4_total_bonus_spins_int): null

2019-08-10 23:47:07 - [TEST_STEP][PASSED] - M4_total_bonus_spins = M4_total_bonus_spins: null

2019-08-10 23:47:07 - [TEST_STEP][PASSED] - println("M4_total_bonus_spins is:" + M4_total_bonus_spins): null

2019-08-10 23:47:07 - [TEST_STEP][PASSED] - M4_spin_bonus_data = bonus_data: null

2019-08-10 23:47:07 - [TEST_STEP][PASSED] - M4_spin_features_triggered = result_M4_spin: null

2019-08-10 23:47:07 - [TEST_STEP][PASSED] - wild = []: null

2019-08-10 23:47:07 - [TEST_STEP][PASSED] - wild[0] = "WILD_Expanding": null

2019-08-10 23:47:07 - [TEST_STEP][PASSED] - wild[1] = "WILD_Normal": null

2019-08-10 23:47:07 - [TEST_STEP][PASSED] - wild[2] = "WILD_Double": null

2019-08-10 23:47:07 - [TEST_STEP][PASSED] - wild[3] = "WILD_ExtraFG": null

2019-08-10 23:47:07 - [TEST_STEP][PASSED] - wild[4] = "WILD_Triple": null

2019-08-10 23:47:07 - [TEST_STEP][PASSED] - wildList = Arrays.asList(wild): null

2019-08-10 23:47:07 - [TEST_STEP][PASSED] - wildList = wildList: null

2019-08-10 23:47:07 - [TEST_STEP][PASSED] - free_spin_reel_counter = []: null

2019-08-10 23:47:07 - [TEST_STEP][PASSED] - free_spin_reel_counter[0] = 0: null

2019-08-10 23:47:07 - [TEST_STEP][PASSED] - free_spin_reel_counter[1] = 0: null

2019-08-10 23:47:07 - [TEST_STEP][PASSED] - free_spin_reel_counter[2] = 0: null

2019-08-10 23:47:07 - [TEST_STEP][PASSED] - M4_spin_reels = reels: null

2019-08-10 23:47:07 - [TEST_STEP][PASSED] - for ([i = 0, i &lt; M4_spin_reels.size(), (i++)]): null

2019-08-10 23:47:07 - [TEST_STEP][PASSED] - symbols = symbols: null

2019-08-10 23:47:07 - [TEST_STEP][PASSED] - for ([j = 0, j &lt; symbols.size(), (j++)]): null

2019-08-10 23:47:07 - [TEST_STEP][PASSED] - symbol = symbol: null

2019-08-10 23:47:07 - [TEST_STEP][PASSED] - println(symbol): null

2019-08-10 23:47:07 - [TEST_STEP][PASSED] - if (i == 2 &amp;&amp; wildList.indexOf(symbol) != -1): null

2019-08-10 23:47:07 - [TEST_STEP][PASSED] - if (i == 3 &amp;&amp; wildList.indexOf(symbol) != -1): null

2019-08-10 23:47:07 - [TEST_STEP][PASSED] - if (i == 4 &amp;&amp; wildList.indexOf(symbol) != -1): null

2019-08-10 23:47:07 - [TEST_STEP][PASSED] - symbol = symbol: null

2019-08-10 23:47:07 - [TEST_STEP][PASSED] - println(symbol): null

2019-08-10 23:47:07 - [TEST_STEP][PASSED] - if (i == 2 &amp;&amp; wildList.indexOf(symbol) != -1): null

2019-08-10 23:47:07 - [TEST_STEP][PASSED] - if (i == 3 &amp;&amp; wildList.indexOf(symbol) != -1): null

2019-08-10 23:47:07 - [TEST_STEP][PASSED] - if (i == 4 &amp;&amp; wildList.indexOf(symbol) != -1): null

2019-08-10 23:47:07 - [TEST_STEP][PASSED] - symbol = symbol: null

2019-08-10 23:47:07 - [TEST_STEP][PASSED] - println(symbol): null

2019-08-10 23:47:07 - [TEST_STEP][PASSED] - if (i == 2 &amp;&amp; wildList.indexOf(symbol) != -1): null

2019-08-10 23:47:07 - [TEST_STEP][PASSED] - if (i == 3 &amp;&amp; wildList.indexOf(symbol) != -1): null

2019-08-10 23:47:07 - [TEST_STEP][PASSED] - if (i == 4 &amp;&amp; wildList.indexOf(symbol) != -1): null

2019-08-10 23:47:07 - [TEST_STEP][PASSED] - symbols = symbols: null

2019-08-10 23:47:07 - [TEST_STEP][PASSED] - for ([j = 0, j &lt; symbols.size(), (j++)]): null

2019-08-10 23:47:07 - [TEST_STEP][PASSED] - symbol = symbol: null

2019-08-10 23:47:07 - [TEST_STEP][PASSED] - println(symbol): null

2019-08-10 23:47:07 - [TEST_STEP][PASSED] - if (i == 2 &amp;&amp; wildList.indexOf(symbol) != -1): null

2019-08-10 23:47:07 - [TEST_STEP][PASSED] - if (i == 3 &amp;&amp; wildList.indexOf(symbol) != -1): null

2019-08-10 23:47:07 - [TEST_STEP][PASSED] - if (i == 4 &amp;&amp; wildList.indexOf(symbol) != -1): null

2019-08-10 23:47:07 - [TEST_STEP][PASSED] - symbol = symbol: null

2019-08-10 23:47:07 - [TEST_STEP][PASSED] - println(symbol): null

2019-08-10 23:47:07 - [TEST_STEP][PASSED] - if (i == 2 &amp;&amp; wildList.indexOf(symbol) != -1): null

2019-08-10 23:47:07 - [TEST_STEP][PASSED] - if (i == 3 &amp;&amp; wildList.indexOf(symbol) != -1): null

2019-08-10 23:47:07 - [TEST_STEP][PASSED] - if (i == 4 &amp;&amp; wildList.indexOf(symbol) != -1): null

2019-08-10 23:47:07 - [TEST_STEP][PASSED] - symbol = symbol: null

2019-08-10 23:47:07 - [TEST_STEP][PASSED] - println(symbol): null

2019-08-10 23:47:07 - [TEST_STEP][PASSED] - if (i == 2 &amp;&amp; wildList.indexOf(symbol) != -1): null

2019-08-10 23:47:07 - [TEST_STEP][PASSED] - if (i == 3 &amp;&amp; wildList.indexOf(symbol) != -1): null

2019-08-10 23:47:07 - [TEST_STEP][PASSED] - if (i == 4 &amp;&amp; wildList.indexOf(symbol) != -1): null

2019-08-10 23:47:07 - [TEST_STEP][PASSED] - symbols = symbols: null

2019-08-10 23:47:07 - [TEST_STEP][PASSED] - for ([j = 0, j &lt; symbols.size(), (j++)]): null

2019-08-10 23:47:07 - [TEST_STEP][PASSED] - symbol = symbol: null

2019-08-10 23:47:07 - [TEST_STEP][PASSED] - println(symbol): null

2019-08-10 23:47:07 - [TEST_STEP][PASSED] - if (i == 2 &amp;&amp; wildList.indexOf(symbol) != -1): null

2019-08-10 23:47:07 - [TEST_STEP][PASSED] - if (i == 3 &amp;&amp; wildList.indexOf(symbol) != -1): null

2019-08-10 23:47:07 - [TEST_STEP][PASSED] - if (i == 4 &amp;&amp; wildList.indexOf(symbol) != -1): null

2019-08-10 23:47:07 - [TEST_STEP][PASSED] - symbol = symbol: null

2019-08-10 23:47:07 - [TEST_STEP][PASSED] - println(symbol): null

2019-08-10 23:47:07 - [TEST_STEP][PASSED] - if (i == 2 &amp;&amp; wildList.indexOf(symbol) != -1): null

2019-08-10 23:47:07 - [TEST_STEP][PASSED] - if (i == 3 &amp;&amp; wildList.indexOf(symbol) != -1): null

2019-08-10 23:47:07 - [TEST_STEP][PASSED] - if (i == 4 &amp;&amp; wildList.indexOf(symbol) != -1): null

2019-08-10 23:47:07 - [TEST_STEP][PASSED] - symbol = symbol: null

2019-08-10 23:47:07 - [TEST_STEP][PASSED] - println(symbol): null

2019-08-10 23:47:07 - [TEST_STEP][PASSED] - if (i == 2 &amp;&amp; wildList.indexOf(symbol) != -1): null

2019-08-10 23:47:07 - [TEST_STEP][PASSED] - println("wild found on reel 3, adding counter by 1"): null

2019-08-10 23:47:07 - [TEST_STEP][PASSED] - free_spin_reel_counter[0] = free_spin_reel_counter[0] + 1: null

2019-08-10 23:47:07 - [TEST_STEP][PASSED] - if (i == 3 &amp;&amp; wildList.indexOf(symbol) != -1): null

2019-08-10 23:47:07 - [TEST_STEP][PASSED] - if (i == 4 &amp;&amp; wildList.indexOf(symbol) != -1): null

2019-08-10 23:47:07 - [TEST_STEP][PASSED] - symbols = symbols: null

2019-08-10 23:47:07 - [TEST_STEP][PASSED] - for ([j = 0, j &lt; symbols.size(), (j++)]): null

2019-08-10 23:47:07 - [TEST_STEP][PASSED] - symbol = symbol: null

2019-08-10 23:47:07 - [TEST_STEP][PASSED] - println(symbol): null

2019-08-10 23:47:07 - [TEST_STEP][PASSED] - if (i == 2 &amp;&amp; wildList.indexOf(symbol) != -1): null

2019-08-10 23:47:07 - [TEST_STEP][PASSED] - if (i == 3 &amp;&amp; wildList.indexOf(symbol) != -1): null

2019-08-10 23:47:07 - [TEST_STEP][PASSED] - if (i == 4 &amp;&amp; wildList.indexOf(symbol) != -1): null

2019-08-10 23:47:07 - [TEST_STEP][PASSED] - symbol = symbol: null

2019-08-10 23:47:07 - [TEST_STEP][PASSED] - println(symbol): null

2019-08-10 23:47:07 - [TEST_STEP][PASSED] - if (i == 2 &amp;&amp; wildList.indexOf(symbol) != -1): null

2019-08-10 23:47:07 - [TEST_STEP][PASSED] - if (i == 3 &amp;&amp; wildList.indexOf(symbol) != -1): null

2019-08-10 23:47:07 - [TEST_STEP][PASSED] - if (i == 4 &amp;&amp; wildList.indexOf(symbol) != -1): null

2019-08-10 23:47:07 - [TEST_STEP][PASSED] - symbol = symbol: null

2019-08-10 23:47:07 - [TEST_STEP][PASSED] - println(symbol): null

2019-08-10 23:47:07 - [TEST_STEP][PASSED] - if (i == 2 &amp;&amp; wildList.indexOf(symbol) != -1): null

2019-08-10 23:47:07 - [TEST_STEP][PASSED] - if (i == 3 &amp;&amp; wildList.indexOf(symbol) != -1): null

2019-08-10 23:47:07 - [TEST_STEP][PASSED] - if (i == 4 &amp;&amp; wildList.indexOf(symbol) != -1): null

2019-08-10 23:47:07 - [TEST_STEP][PASSED] - symbols = symbols: null

2019-08-10 23:47:07 - [TEST_STEP][PASSED] - for ([j = 0, j &lt; symbols.size(), (j++)]): null

2019-08-10 23:47:07 - [TEST_STEP][PASSED] - symbol = symbol: null

2019-08-10 23:47:07 - [TEST_STEP][PASSED] - println(symbol): null

2019-08-10 23:47:07 - [TEST_STEP][PASSED] - if (i == 2 &amp;&amp; wildList.indexOf(symbol) != -1): null

2019-08-10 23:47:07 - [TEST_STEP][PASSED] - if (i == 3 &amp;&amp; wildList.indexOf(symbol) != -1): null

2019-08-10 23:47:07 - [TEST_STEP][PASSED] - if (i == 4 &amp;&amp; wildList.indexOf(symbol) != -1): null

2019-08-10 23:47:07 - [TEST_STEP][PASSED] - symbol = symbol: null

2019-08-10 23:47:07 - [TEST_STEP][PASSED] - println(symbol): null

2019-08-10 23:47:07 - [TEST_STEP][PASSED] - if (i == 2 &amp;&amp; wildList.indexOf(symbol) != -1): null

2019-08-10 23:47:07 - [TEST_STEP][PASSED] - if (i == 3 &amp;&amp; wildList.indexOf(symbol) != -1): null

2019-08-10 23:47:07 - [TEST_STEP][PASSED] - if (i == 4 &amp;&amp; wildList.indexOf(symbol) != -1): null

2019-08-10 23:47:07 - [TEST_STEP][PASSED] - symbol = symbol: null

2019-08-10 23:47:07 - [TEST_STEP][PASSED] - println(symbol): null

2019-08-10 23:47:07 - [TEST_STEP][PASSED] - if (i == 2 &amp;&amp; wildList.indexOf(symbol) != -1): null

2019-08-10 23:47:07 - [TEST_STEP][PASSED] - if (i == 3 &amp;&amp; wildList.indexOf(symbol) != -1): null

2019-08-10 23:47:07 - [TEST_STEP][PASSED] - if (i == 4 &amp;&amp; wildList.indexOf(symbol) != -1): null

2019-08-10 23:47:07 - [TEST_STEP][PASSED] - free_spin_reel_counter = free_spin_reel_counter: null

2019-08-10 23:47:07 - [TEST_STEP][PASSED] - println("reel 3 wild found: " + free_spin_reel_counter[0]): null

2019-08-10 23:47:07 - [TEST_STEP][PASSED] - println("reel 4 wild found: " + free_spin_reel_counter[1]): null

2019-08-10 23:47:07 - [TEST_STEP][PASSED] - println("reel 5 wild found: " + free_spin_reel_counter[2]): null

2019-08-10 23:47:07 - [TEST_STEP][PASSED] - M4_spin_reels = M4_spin_reels: null

2019-08-10 23:47:07 - [TEST_STEP][PASSED] - M4_spin_reels_symbols = symbol: null

2019-08-10 23:47:07 - [TEST_STEP][PASSED] - M4_spin_reels_symbols = M4_spin_reels_symbols: null

2019-08-10 23:47:07 - [TEST_STEP][PASSED] - M4_spin_reel_wins = reel_wins: null

2019-08-10 23:47:07 - [TEST_STEP][PASSED] - M4_spin_reel_wins = M4_spin_reel_wins: null

2019-08-10 23:47:07 - [TEST_STEP][PASSED] - println("GlobalVariable.M4_spin_reel_wins is: " + M4_spin_reel_wins): null

2019-08-10 23:47:07 - [TEST_STEP][PASSED] - M4_spin_total_bonus_win_this_round = total_bonus_win_this_round: null

2019-08-10 23:47:07 - [TEST_STEP][PASSED] - M4_spin_total_bonus_win_this_round = M4_spin_total_bonus_win_this_round: null

2019-08-10 23:47:07 - [TEST_STEP][PASSED] - println("GlobalVariable.M4_spin_total_bonus_win_this_round is: " + M4_spin_total_bonus_win_this_round): null

2019-08-10 23:47:07 - [MESSAGE][PASSED] - Verify response successfully

2019-08-10 23:47:07 - [MESSAGE][PASSED] - Send request and verify the response successfully

2019-08-10 23:47:07 - [TEST_STEP][PASSED] - if (M4_total_bonus_spins_int != 0 &amp;&amp; M4_spin_reels_symbols[2].contains("WILD_ExtraFG") || M4_spin_reels_symbols[3].contains("WILD_ExtraFG")): null

2019-08-10 23:47:07 - [TEST_STEP][PASSED] - free_spin_reel_counter = free_spin_reel_counter: null

2019-08-10 23:47:07 - [TEST_STEP][PASSED] - M4_spin_reels_symbols = M4_spin_reels_symbols: null

2019-08-10 23:47:07 - [TEST_STEP][PASSED] - M4_total_bonus_spins = M4_total_bonus_spins: null

2019-08-10 23:47:07 - [TEST_STEP][PASSED] - spin_result = sendRequestAndVerify(findTestObject("RGS(M4)/1_M4_spin", ["M4_login_user_id":M4_login_user_id, "rgs_session_token":rgs_session_token, "partner":Partner])): Send request and verify the response successfully

2019-08-10 23:47:07 - [TEST_CASE][PASSED] - Start Test Case : Verification: Verification accomplished successfully

2019-08-10 23:47:07 - [TEST_STEP][PASSED] - request = getInstance().getCurrentRequest(): null

2019-08-10 23:47:07 - [TEST_STEP][PASSED] - response = getInstance().getCurrentResponse(): null

2019-08-10 23:47:07 - [TEST_STEP][PASSED] - verifyResponseStatusCode(response, 200): Verify response status code successfully

2019-08-10 23:47:07 - [MESSAGE][PASSED] - Verify response status code successfully

2019-08-10 23:47:07 - [TEST_STEP][PASSED] - getStatusCode()).isEqualTo(200): null

2019-08-10 23:47:07 - [TEST_STEP][PASSED] - newline = System.getProperty("line.separator"): null

2019-08-10 23:47:07 - [TEST_STEP][PASSED] - M4_spin = new groovy.json.JsonSlurper(): null

2019-08-10 23:47:07 - [TEST_STEP][PASSED] - result_M4_spin = M4_spin.parseText(response.getResponseBodyContent()): null

2019-08-10 23:47:07 - [TEST_STEP][PASSED] - M4_spin_current_balance = current_balance: null

2019-08-10 23:47:07 - [TEST_STEP][PASSED] - M4_spin_current_balance = M4_spin_current_balance: null

2019-08-10 23:47:07 - [TEST_STEP][PASSED] - M4_spin_transaction_id = causality: null

2019-08-10 23:47:07 - [TEST_STEP][PASSED] - M4_spin_transaction_id = M4_spin_transaction_id: null

2019-08-10 23:47:07 - [TEST_STEP][PASSED] - M4_spin_round_id = round_id: null

2019-08-10 23:47:07 - [TEST_STEP][PASSED] - M4_spin_round_id = M4_spin_round_id: null

2019-08-10 23:47:07 - [TEST_STEP][PASSED] - M4_spin_line_wins = line_wins: null

2019-08-10 23:47:07 - [TEST_STEP][PASSED] - M4_spin_line_wins = M4_spin_line_wins: null

2019-08-10 23:47:07 - [TEST_STEP][PASSED] - M4_total_bonus_spins_int = total_bonus_spins: null

2019-08-10 23:47:07 - [TEST_STEP][PASSED] - println("******M4_total_bonus_spins type is:*******" + newline + getClass().getName()): null

2019-08-10 23:47:07 - [TEST_STEP][PASSED] - M4_total_bonus_spins_int = M4_total_bonus_spins_int: null

2019-08-10 23:47:07 - [TEST_STEP][PASSED] - M4_total_bonus_spins = Integer.toString(M4_total_bonus_spins_int): null

2019-08-10 23:47:07 - [TEST_STEP][PASSED] - M4_total_bonus_spins = M4_total_bonus_spins: null

2019-08-10 23:47:07 - [TEST_STEP][PASSED] - println("M4_total_bonus_spins is:" + M4_total_bonus_spins): null

2019-08-10 23:47:07 - [TEST_STEP][PASSED] - M4_spin_bonus_data = bonus_data: null

2019-08-10 23:47:07 - [TEST_STEP][PASSED] - M4_spin_features_triggered = result_M4_spin: null

2019-08-10 23:47:07 - [TEST_STEP][PASSED] - wild = []: null

2019-08-10 23:47:07 - [TEST_STEP][PASSED] - wild[0] = "WILD_Expanding": null

2019-08-10 23:47:07 - [TEST_STEP][PASSED] - wild[1] = "WILD_Normal": null

2019-08-10 23:47:07 - [TEST_STEP][PASSED] - wild[2] = "WILD_Double": null

2019-08-10 23:47:07 - [TEST_STEP][PASSED] - wild[3] = "WILD_ExtraFG": null

2019-08-10 23:47:07 - [TEST_STEP][PASSED] - wild[4] = "WILD_Triple": null

2019-08-10 23:47:07 - [TEST_STEP][PASSED] - wildList = Arrays.asList(wild): null

2019-08-10 23:47:07 - [TEST_STEP][PASSED] - wildList = wildList: null

2019-08-10 23:47:07 - [TEST_STEP][PASSED] - free_spin_reel_counter = []: null

2019-08-10 23:47:07 - [TEST_STEP][PASSED] - free_spin_reel_counter[0] = 0: null

2019-08-10 23:47:07 - [TEST_STEP][PASSED] - free_spin_reel_counter[1] = 0: null

2019-08-10 23:47:07 - [TEST_STEP][PASSED] - free_spin_reel_counter[2] = 0: null

2019-08-10 23:47:07 - [TEST_STEP][PASSED] - M4_spin_reels = reels: null

2019-08-10 23:47:07 - [TEST_STEP][PASSED] - for ([i = 0, i &lt; M4_spin_reels.size(), (i++)]): null

2019-08-10 23:47:07 - [TEST_STEP][PASSED] - symbols = symbols: null

2019-08-10 23:47:07 - [TEST_STEP][PASSED] - for ([j = 0, j &lt; symbols.size(), (j++)]): null

2019-08-10 23:47:07 - [TEST_STEP][PASSED] - symbol = symbol: null

2019-08-10 23:47:07 - [TEST_STEP][PASSED] - println(symbol): null

2019-08-10 23:47:07 - [TEST_STEP][PASSED] - if (i == 2 &amp;&amp; wildList.indexOf(symbol) != -1): null

2019-08-10 23:47:07 - [TEST_STEP][PASSED] - if (i == 3 &amp;&amp; wildList.indexOf(symbol) != -1): null

2019-08-10 23:47:07 - [TEST_STEP][PASSED] - if (i == 4 &amp;&amp; wildList.indexOf(symbol) != -1): null

2019-08-10 23:47:07 - [TEST_STEP][PASSED] - symbol = symbol: null

2019-08-10 23:47:07 - [TEST_STEP][PASSED] - println(symbol): null

2019-08-10 23:47:07 - [TEST_STEP][PASSED] - if (i == 2 &amp;&amp; wildList.indexOf(symbol) != -1): null

2019-08-10 23:47:07 - [TEST_STEP][PASSED] - if (i == 3 &amp;&amp; wildList.indexOf(symbol) != -1): null

2019-08-10 23:47:07 - [TEST_STEP][PASSED] - if (i == 4 &amp;&amp; wildList.indexOf(symbol) != -1): null

2019-08-10 23:47:07 - [TEST_STEP][PASSED] - symbol = symbol: null

2019-08-10 23:47:07 - [TEST_STEP][PASSED] - println(symbol): null

2019-08-10 23:47:07 - [TEST_STEP][PASSED] - if (i == 2 &amp;&amp; wildList.indexOf(symbol) != -1): null

2019-08-10 23:47:07 - [TEST_STEP][PASSED] - if (i == 3 &amp;&amp; wildList.indexOf(symbol) != -1): null

2019-08-10 23:47:07 - [TEST_STEP][PASSED] - if (i == 4 &amp;&amp; wildList.indexOf(symbol) != -1): null

2019-08-10 23:47:07 - [TEST_STEP][PASSED] - symbols = symbols: null

2019-08-10 23:47:07 - [TEST_STEP][PASSED] - for ([j = 0, j &lt; symbols.size(), (j++)]): null

2019-08-10 23:47:07 - [TEST_STEP][PASSED] - symbol = symbol: null

2019-08-10 23:47:07 - [TEST_STEP][PASSED] - println(symbol): null

2019-08-10 23:47:07 - [TEST_STEP][PASSED] - if (i == 2 &amp;&amp; wildList.indexOf(symbol) != -1): null

2019-08-10 23:47:07 - [TEST_STEP][PASSED] - if (i == 3 &amp;&amp; wildList.indexOf(symbol) != -1): null

2019-08-10 23:47:07 - [TEST_STEP][PASSED] - if (i == 4 &amp;&amp; wildList.indexOf(symbol) != -1): null

2019-08-10 23:47:07 - [TEST_STEP][PASSED] - symbol = symbol: null

2019-08-10 23:47:07 - [TEST_STEP][PASSED] - println(symbol): null

2019-08-10 23:47:07 - [TEST_STEP][PASSED] - if (i == 2 &amp;&amp; wildList.indexOf(symbol) != -1): null

2019-08-10 23:47:07 - [TEST_STEP][PASSED] - if (i == 3 &amp;&amp; wildList.indexOf(symbol) != -1): null

2019-08-10 23:47:07 - [TEST_STEP][PASSED] - if (i == 4 &amp;&amp; wildList.indexOf(symbol) != -1): null

2019-08-10 23:47:07 - [TEST_STEP][PASSED] - symbol = symbol: null

2019-08-10 23:47:07 - [TEST_STEP][PASSED] - println(symbol): null

2019-08-10 23:47:07 - [TEST_STEP][PASSED] - if (i == 2 &amp;&amp; wildList.indexOf(symbol) != -1): null

2019-08-10 23:47:07 - [TEST_STEP][PASSED] - if (i == 3 &amp;&amp; wildList.indexOf(symbol) != -1): null

2019-08-10 23:47:07 - [TEST_STEP][PASSED] - if (i == 4 &amp;&amp; wildList.indexOf(symbol) != -1): null

2019-08-10 23:47:07 - [TEST_STEP][PASSED] - symbols = symbols: null

2019-08-10 23:47:07 - [TEST_STEP][PASSED] - for ([j = 0, j &lt; symbols.size(), (j++)]): null

2019-08-10 23:47:07 - [TEST_STEP][PASSED] - symbol = symbol: null

2019-08-10 23:47:07 - [TEST_STEP][PASSED] - println(symbol): null

2019-08-10 23:47:07 - [TEST_STEP][PASSED] - if (i == 2 &amp;&amp; wildList.indexOf(symbol) != -1): null

2019-08-10 23:47:07 - [TEST_STEP][PASSED] - if (i == 3 &amp;&amp; wildList.indexOf(symbol) != -1): null

2019-08-10 23:47:07 - [TEST_STEP][PASSED] - if (i == 4 &amp;&amp; wildList.indexOf(symbol) != -1): null

2019-08-10 23:47:07 - [TEST_STEP][PASSED] - symbol = symbol: null

2019-08-10 23:47:07 - [TEST_STEP][PASSED] - println(symbol): null

2019-08-10 23:47:07 - [TEST_STEP][PASSED] - if (i == 2 &amp;&amp; wildList.indexOf(symbol) != -1): null

2019-08-10 23:47:07 - [TEST_STEP][PASSED] - println("wild found on reel 3, adding counter by 1"): null

2019-08-10 23:47:07 - [TEST_STEP][PASSED] - free_spin_reel_counter[0] = free_spin_reel_counter[0] + 1: null

2019-08-10 23:47:07 - [TEST_STEP][PASSED] - if (i == 3 &amp;&amp; wildList.indexOf(symbol) != -1): null

2019-08-10 23:47:07 - [TEST_STEP][PASSED] - if (i == 4 &amp;&amp; wildList.indexOf(symbol) != -1): null

2019-08-10 23:47:07 - [TEST_STEP][PASSED] - symbol = symbol: null

2019-08-10 23:47:07 - [TEST_STEP][PASSED] - println(symbol): null

2019-08-10 23:47:07 - [TEST_STEP][PASSED] - if (i == 2 &amp;&amp; wildList.indexOf(symbol) != -1): null

2019-08-10 23:47:07 - [TEST_STEP][PASSED] - if (i == 3 &amp;&amp; wildList.indexOf(symbol) != -1): null

2019-08-10 23:47:07 - [TEST_STEP][PASSED] - if (i == 4 &amp;&amp; wildList.indexOf(symbol) != -1): null

2019-08-10 23:47:07 - [TEST_STEP][PASSED] - symbols = symbols: null

2019-08-10 23:47:07 - [TEST_STEP][PASSED] - for ([j = 0, j &lt; symbols.size(), (j++)]): null

2019-08-10 23:47:07 - [TEST_STEP][PASSED] - symbol = symbol: null

2019-08-10 23:47:07 - [TEST_STEP][PASSED] - println(symbol): null

2019-08-10 23:47:07 - [TEST_STEP][PASSED] - if (i == 2 &amp;&amp; wildList.indexOf(symbol) != -1): null

2019-08-10 23:47:07 - [TEST_STEP][PASSED] - if (i == 3 &amp;&amp; wildList.indexOf(symbol) != -1): null

2019-08-10 23:47:07 - [TEST_STEP][PASSED] - if (i == 4 &amp;&amp; wildList.indexOf(symbol) != -1): null

2019-08-10 23:47:07 - [TEST_STEP][PASSED] - symbol = symbol: null

2019-08-10 23:47:07 - [TEST_STEP][PASSED] - println(symbol): null

2019-08-10 23:47:07 - [TEST_STEP][PASSED] - if (i == 2 &amp;&amp; wildList.indexOf(symbol) != -1): null

2019-08-10 23:47:07 - [TEST_STEP][PASSED] - if (i == 3 &amp;&amp; wildList.indexOf(symbol) != -1): null

2019-08-10 23:47:07 - [TEST_STEP][PASSED] - if (i == 4 &amp;&amp; wildList.indexOf(symbol) != -1): null

2019-08-10 23:47:07 - [TEST_STEP][PASSED] - symbol = symbol: null

2019-08-10 23:47:07 - [TEST_STEP][PASSED] - println(symbol): null

2019-08-10 23:47:07 - [TEST_STEP][PASSED] - if (i == 2 &amp;&amp; wildList.indexOf(symbol) != -1): null

2019-08-10 23:47:07 - [TEST_STEP][PASSED] - if (i == 3 &amp;&amp; wildList.indexOf(symbol) != -1): null

2019-08-10 23:47:07 - [TEST_STEP][PASSED] - if (i == 4 &amp;&amp; wildList.indexOf(symbol) != -1): null

2019-08-10 23:47:07 - [TEST_STEP][PASSED] - symbols = symbols: null

2019-08-10 23:47:07 - [TEST_STEP][PASSED] - for ([j = 0, j &lt; symbols.size(), (j++)]): null

2019-08-10 23:47:07 - [TEST_STEP][PASSED] - symbol = symbol: null

2019-08-10 23:47:07 - [TEST_STEP][PASSED] - println(symbol): null

2019-08-10 23:47:07 - [TEST_STEP][PASSED] - if (i == 2 &amp;&amp; wildList.indexOf(symbol) != -1): null

2019-08-10 23:47:07 - [TEST_STEP][PASSED] - if (i == 3 &amp;&amp; wildList.indexOf(symbol) != -1): null

2019-08-10 23:47:07 - [TEST_STEP][PASSED] - if (i == 4 &amp;&amp; wildList.indexOf(symbol) != -1): null

2019-08-10 23:47:07 - [TEST_STEP][PASSED] - symbol = symbol: null

2019-08-10 23:47:07 - [TEST_STEP][PASSED] - println(symbol): null

2019-08-10 23:47:07 - [TEST_STEP][PASSED] - if (i == 2 &amp;&amp; wildList.indexOf(symbol) != -1): null

2019-08-10 23:47:07 - [TEST_STEP][PASSED] - if (i == 3 &amp;&amp; wildList.indexOf(symbol) != -1): null

2019-08-10 23:47:07 - [TEST_STEP][PASSED] - if (i == 4 &amp;&amp; wildList.indexOf(symbol) != -1): null

2019-08-10 23:47:07 - [TEST_STEP][PASSED] - symbol = symbol: null

2019-08-10 23:47:07 - [TEST_STEP][PASSED] - println(symbol): null

2019-08-10 23:47:07 - [TEST_STEP][PASSED] - if (i == 2 &amp;&amp; wildList.indexOf(symbol) != -1): null

2019-08-10 23:47:07 - [TEST_STEP][PASSED] - if (i == 3 &amp;&amp; wildList.indexOf(symbol) != -1): null

2019-08-10 23:47:07 - [TEST_STEP][PASSED] - if (i == 4 &amp;&amp; wildList.indexOf(symbol) != -1): null

2019-08-10 23:47:07 - [TEST_STEP][PASSED] - free_spin_reel_counter = free_spin_reel_counter: null

2019-08-10 23:47:07 - [TEST_STEP][PASSED] - println("reel 3 wild found: " + free_spin_reel_counter[0]): null

2019-08-10 23:47:07 - [TEST_STEP][PASSED] - println("reel 4 wild found: " + free_spin_reel_counter[1]): null

2019-08-10 23:47:07 - [TEST_STEP][PASSED] - println("reel 5 wild found: " + free_spin_reel_counter[2]): null

2019-08-10 23:47:07 - [TEST_STEP][PASSED] - M4_spin_reels = M4_spin_reels: null

2019-08-10 23:47:07 - [TEST_STEP][PASSED] - M4_spin_reels_symbols = symbol: null

2019-08-10 23:47:07 - [TEST_STEP][PASSED] - M4_spin_reels_symbols = M4_spin_reels_symbols: null

2019-08-10 23:47:07 - [TEST_STEP][PASSED] - M4_spin_reel_wins = reel_wins: null

2019-08-10 23:47:07 - [TEST_STEP][PASSED] - M4_spin_reel_wins = M4_spin_reel_wins: null

2019-08-10 23:47:07 - [TEST_STEP][PASSED] - println("GlobalVariable.M4_spin_reel_wins is: " + M4_spin_reel_wins): null

2019-08-10 23:47:07 - [TEST_STEP][PASSED] - M4_spin_total_bonus_win_this_round = total_bonus_win_this_round: null

2019-08-10 23:47:07 - [TEST_STEP][PASSED] - M4_spin_total_bonus_win_this_round = M4_spin_total_bonus_win_this_round: null

2019-08-10 23:47:07 - [TEST_STEP][PASSED] - println("GlobalVariable.M4_spin_total_bonus_win_this_round is: " + M4_spin_total_bonus_win_this_round): null

2019-08-10 23:47:07 - [MESSAGE][PASSED] - Verify response successfully

2019-08-10 23:47:07 - [MESSAGE][PASSED] - Send request and verify the response successfully

2019-08-10 23:47:08 - [TEST_STEP][PASSED] - if (M4_total_bonus_spins_int != 0 &amp;&amp; M4_spin_reels_symbols[2].contains("WILD_ExtraFG") || M4_spin_reels_symbols[3].contains("WILD_ExtraFG")): null

2019-08-10 23:47:08 - [TEST_STEP][PASSED] - free_spin_reel_counter = free_spin_reel_counter: null

2019-08-10 23:47:08 - [TEST_STEP][PASSED] - M4_spin_reels_symbols = M4_spin_reels_symbols: null

2019-08-10 23:47:08 - [TEST_STEP][PASSED] - M4_total_bonus_spins = M4_total_bonus_spins: null

2019-08-10 23:47:08 - [TEST_STEP][PASSED] - spin_result = sendRequestAndVerify(findTestObject("RGS(M4)/1_M4_spin", ["M4_login_user_id":M4_login_user_id, "rgs_session_token":rgs_session_token, "partner":Partner])): Send request and verify the response successfully

2019-08-10 23:47:09 - [TEST_CASE][PASSED] - Start Test Case : Verification: Verification accomplished successfully

2019-08-10 23:47:09 - [TEST_STEP][PASSED] - request = getInstance().getCurrentRequest(): null

2019-08-10 23:47:09 - [TEST_STEP][PASSED] - response = getInstance().getCurrentResponse(): null

2019-08-10 23:47:09 - [TEST_STEP][PASSED] - verifyResponseStatusCode(response, 200): Verify response status code successfully

2019-08-10 23:47:09 - [MESSAGE][PASSED] - Verify response status code successfully

2019-08-10 23:47:09 - [TEST_STEP][PASSED] - getStatusCode()).isEqualTo(200): null

2019-08-10 23:47:09 - [TEST_STEP][PASSED] - newline = System.getProperty("line.separator"): null

2019-08-10 23:47:09 - [TEST_STEP][PASSED] - M4_spin = new groovy.json.JsonSlurper(): null

2019-08-10 23:47:09 - [TEST_STEP][PASSED] - result_M4_spin = M4_spin.parseText(response.getResponseBodyContent()): null

2019-08-10 23:47:09 - [TEST_STEP][PASSED] - M4_spin_current_balance = current_balance: null

2019-08-10 23:47:09 - [TEST_STEP][PASSED] - M4_spin_current_balance = M4_spin_current_balance: null

2019-08-10 23:47:09 - [TEST_STEP][PASSED] - M4_spin_transaction_id = causality: null

2019-08-10 23:47:09 - [TEST_STEP][PASSED] - M4_spin_transaction_id = M4_spin_transaction_id: null

2019-08-10 23:47:09 - [TEST_STEP][PASSED] - M4_spin_round_id = round_id: null

2019-08-10 23:47:09 - [TEST_STEP][PASSED] - M4_spin_round_id = M4_spin_round_id: null

2019-08-10 23:47:09 - [TEST_STEP][PASSED] - M4_spin_line_wins = line_wins: null

2019-08-10 23:47:09 - [TEST_STEP][PASSED] - M4_spin_line_wins = M4_spin_line_wins: null

2019-08-10 23:47:09 - [TEST_STEP][PASSED] - M4_total_bonus_spins_int = total_bonus_spins: null

2019-08-10 23:47:09 - [TEST_STEP][PASSED] - println("******M4_total_bonus_spins type is:*******" + newline + getClass().getName()): null

2019-08-10 23:47:09 - [TEST_STEP][PASSED] - M4_total_bonus_spins_int = M4_total_bonus_spins_int: null

2019-08-10 23:47:09 - [TEST_STEP][PASSED] - M4_total_bonus_spins = Integer.toString(M4_total_bonus_spins_int): null

2019-08-10 23:47:09 - [TEST_STEP][PASSED] - M4_total_bonus_spins = M4_total_bonus_spins: null

2019-08-10 23:47:09 - [TEST_STEP][PASSED] - println("M4_total_bonus_spins is:" + M4_total_bonus_spins): null

2019-08-10 23:47:09 - [TEST_STEP][PASSED] - M4_spin_bonus_data = bonus_data: null

2019-08-10 23:47:09 - [TEST_STEP][PASSED] - M4_spin_features_triggered = result_M4_spin: null

2019-08-10 23:47:09 - [TEST_STEP][PASSED] - wild = []: null

2019-08-10 23:47:09 - [TEST_STEP][PASSED] - wild[0] = "WILD_Expanding": null

2019-08-10 23:47:09 - [TEST_STEP][PASSED] - wild[1] = "WILD_Normal": null

2019-08-10 23:47:09 - [TEST_STEP][PASSED] - wild[2] = "WILD_Double": null

2019-08-10 23:47:09 - [TEST_STEP][PASSED] - wild[3] = "WILD_ExtraFG": null

2019-08-10 23:47:09 - [TEST_STEP][PASSED] - wild[4] = "WILD_Triple": null

2019-08-10 23:47:09 - [TEST_STEP][PASSED] - wildList = Arrays.asList(wild): null

2019-08-10 23:47:09 - [TEST_STEP][PASSED] - wildList = wildList: null

2019-08-10 23:47:09 - [TEST_STEP][PASSED] - free_spin_reel_counter = []: null

2019-08-10 23:47:09 - [TEST_STEP][PASSED] - free_spin_reel_counter[0] = 0: null

2019-08-10 23:47:09 - [TEST_STEP][PASSED] - free_spin_reel_counter[1] = 0: null

2019-08-10 23:47:09 - [TEST_STEP][PASSED] - free_spin_reel_counter[2] = 0: null

2019-08-10 23:47:09 - [TEST_STEP][PASSED] - M4_spin_reels = reels: null

2019-08-10 23:47:09 - [TEST_STEP][PASSED] - for ([i = 0, i &lt; M4_spin_reels.size(), (i++)]): null

2019-08-10 23:47:09 - [TEST_STEP][PASSED] - symbols = symbols: null

2019-08-10 23:47:09 - [TEST_STEP][PASSED] - for ([j = 0, j &lt; symbols.size(), (j++)]): null

2019-08-10 23:47:09 - [TEST_STEP][PASSED] - symbol = symbol: null

2019-08-10 23:47:09 - [TEST_STEP][PASSED] - println(symbol): null

2019-08-10 23:47:09 - [TEST_STEP][PASSED] - if (i == 2 &amp;&amp; wildList.indexOf(symbol) != -1): null

2019-08-10 23:47:09 - [TEST_STEP][PASSED] - if (i == 3 &amp;&amp; wildList.indexOf(symbol) != -1): null

2019-08-10 23:47:09 - [TEST_STEP][PASSED] - if (i == 4 &amp;&amp; wildList.indexOf(symbol) != -1): null

2019-08-10 23:47:09 - [TEST_STEP][PASSED] - symbol = symbol: null

2019-08-10 23:47:09 - [TEST_STEP][PASSED] - println(symbol): null

2019-08-10 23:47:09 - [TEST_STEP][PASSED] - if (i == 2 &amp;&amp; wildList.indexOf(symbol) != -1): null

2019-08-10 23:47:09 - [TEST_STEP][PASSED] - if (i == 3 &amp;&amp; wildList.indexOf(symbol) != -1): null

2019-08-10 23:47:09 - [TEST_STEP][PASSED] - if (i == 4 &amp;&amp; wildList.indexOf(symbol) != -1): null

2019-08-10 23:47:09 - [TEST_STEP][PASSED] - symbol = symbol: null

2019-08-10 23:47:09 - [TEST_STEP][PASSED] - println(symbol): null

2019-08-10 23:47:09 - [TEST_STEP][PASSED] - if (i == 2 &amp;&amp; wildList.indexOf(symbol) != -1): null

2019-08-10 23:47:09 - [TEST_STEP][PASSED] - if (i == 3 &amp;&amp; wildList.indexOf(symbol) != -1): null

2019-08-10 23:47:09 - [TEST_STEP][PASSED] - if (i == 4 &amp;&amp; wildList.indexOf(symbol) != -1): null

2019-08-10 23:47:09 - [TEST_STEP][PASSED] - symbols = symbols: null

2019-08-10 23:47:09 - [TEST_STEP][PASSED] - for ([j = 0, j &lt; symbols.size(), (j++)]): null

2019-08-10 23:47:09 - [TEST_STEP][PASSED] - symbol = symbol: null

2019-08-10 23:47:09 - [TEST_STEP][PASSED] - println(symbol): null

2019-08-10 23:47:09 - [TEST_STEP][PASSED] - if (i == 2 &amp;&amp; wildList.indexOf(symbol) != -1): null

2019-08-10 23:47:09 - [TEST_STEP][PASSED] - if (i == 3 &amp;&amp; wildList.indexOf(symbol) != -1): null

2019-08-10 23:47:09 - [TEST_STEP][PASSED] - if (i == 4 &amp;&amp; wildList.indexOf(symbol) != -1): null

2019-08-10 23:47:09 - [TEST_STEP][PASSED] - symbol = symbol: null

2019-08-10 23:47:09 - [TEST_STEP][PASSED] - println(symbol): null

2019-08-10 23:47:09 - [TEST_STEP][PASSED] - if (i == 2 &amp;&amp; wildList.indexOf(symbol) != -1): null

2019-08-10 23:47:09 - [TEST_STEP][PASSED] - if (i == 3 &amp;&amp; wildList.indexOf(symbol) != -1): null

2019-08-10 23:47:09 - [TEST_STEP][PASSED] - if (i == 4 &amp;&amp; wildList.indexOf(symbol) != -1): null

2019-08-10 23:47:09 - [TEST_STEP][PASSED] - symbol = symbol: null

2019-08-10 23:47:09 - [TEST_STEP][PASSED] - println(symbol): null

2019-08-10 23:47:09 - [TEST_STEP][PASSED] - if (i == 2 &amp;&amp; wildList.indexOf(symbol) != -1): null

2019-08-10 23:47:09 - [TEST_STEP][PASSED] - if (i == 3 &amp;&amp; wildList.indexOf(symbol) != -1): null

2019-08-10 23:47:09 - [TEST_STEP][PASSED] - if (i == 4 &amp;&amp; wildList.indexOf(symbol) != -1): null

2019-08-10 23:47:09 - [TEST_STEP][PASSED] - symbols = symbols: null

2019-08-10 23:47:09 - [TEST_STEP][PASSED] - for ([j = 0, j &lt; symbols.size(), (j++)]): null

2019-08-10 23:47:09 - [TEST_STEP][PASSED] - symbol = symbol: null

2019-08-10 23:47:09 - [TEST_STEP][PASSED] - println(symbol): null

2019-08-10 23:47:09 - [TEST_STEP][PASSED] - if (i == 2 &amp;&amp; wildList.indexOf(symbol) != -1): null

2019-08-10 23:47:09 - [TEST_STEP][PASSED] - if (i == 3 &amp;&amp; wildList.indexOf(symbol) != -1): null

2019-08-10 23:47:09 - [TEST_STEP][PASSED] - if (i == 4 &amp;&amp; wildList.indexOf(symbol) != -1): null

2019-08-10 23:47:09 - [TEST_STEP][PASSED] - symbol = symbol: null

2019-08-10 23:47:09 - [TEST_STEP][PASSED] - println(symbol): null

2019-08-10 23:47:09 - [TEST_STEP][PASSED] - if (i == 2 &amp;&amp; wildList.indexOf(symbol) != -1): null

2019-08-10 23:47:09 - [TEST_STEP][PASSED] - if (i == 3 &amp;&amp; wildList.indexOf(symbol) != -1): null

2019-08-10 23:47:09 - [TEST_STEP][PASSED] - if (i == 4 &amp;&amp; wildList.indexOf(symbol) != -1): null

2019-08-10 23:47:09 - [TEST_STEP][PASSED] - symbol = symbol: null

2019-08-10 23:47:09 - [TEST_STEP][PASSED] - println(symbol): null

2019-08-10 23:47:09 - [TEST_STEP][PASSED] - if (i == 2 &amp;&amp; wildList.indexOf(symbol) != -1): null

2019-08-10 23:47:09 - [TEST_STEP][PASSED] - if (i == 3 &amp;&amp; wildList.indexOf(symbol) != -1): null

2019-08-10 23:47:09 - [TEST_STEP][PASSED] - if (i == 4 &amp;&amp; wildList.indexOf(symbol) != -1): null

2019-08-10 23:47:09 - [TEST_STEP][PASSED] - symbols = symbols: null

2019-08-10 23:47:09 - [TEST_STEP][PASSED] - for ([j = 0, j &lt; symbols.size(), (j++)]): null

2019-08-10 23:47:09 - [TEST_STEP][PASSED] - symbol = symbol: null

2019-08-10 23:47:09 - [TEST_STEP][PASSED] - println(symbol): null

2019-08-10 23:47:09 - [TEST_STEP][PASSED] - if (i == 2 &amp;&amp; wildList.indexOf(symbol) != -1): null

2019-08-10 23:47:09 - [TEST_STEP][PASSED] - if (i == 3 &amp;&amp; wildList.indexOf(symbol) != -1): null

2019-08-10 23:47:09 - [TEST_STEP][PASSED] - if (i == 4 &amp;&amp; wildList.indexOf(symbol) != -1): null

2019-08-10 23:47:09 - [TEST_STEP][PASSED] - symbol = symbol: null

2019-08-10 23:47:09 - [TEST_STEP][PASSED] - println(symbol): null

2019-08-10 23:47:09 - [TEST_STEP][PASSED] - if (i == 2 &amp;&amp; wildList.indexOf(symbol) != -1): null

2019-08-10 23:47:09 - [TEST_STEP][PASSED] - if (i == 3 &amp;&amp; wildList.indexOf(symbol) != -1): null

2019-08-10 23:47:09 - [TEST_STEP][PASSED] - if (i == 4 &amp;&amp; wildList.indexOf(symbol) != -1): null

2019-08-10 23:47:09 - [TEST_STEP][PASSED] - symbol = symbol: null

2019-08-10 23:47:09 - [TEST_STEP][PASSED] - println(symbol): null

2019-08-10 23:47:09 - [TEST_STEP][PASSED] - if (i == 2 &amp;&amp; wildList.indexOf(symbol) != -1): null

2019-08-10 23:47:09 - [TEST_STEP][PASSED] - if (i == 3 &amp;&amp; wildList.indexOf(symbol) != -1): null

2019-08-10 23:47:09 - [TEST_STEP][PASSED] - if (i == 4 &amp;&amp; wildList.indexOf(symbol) != -1): null

2019-08-10 23:47:09 - [TEST_STEP][PASSED] - symbols = symbols: null

2019-08-10 23:47:09 - [TEST_STEP][PASSED] - for ([j = 0, j &lt; symbols.size(), (j++)]): null

2019-08-10 23:47:09 - [TEST_STEP][PASSED] - symbol = symbol: null

2019-08-10 23:47:09 - [TEST_STEP][PASSED] - println(symbol): null

2019-08-10 23:47:09 - [TEST_STEP][PASSED] - if (i == 2 &amp;&amp; wildList.indexOf(symbol) != -1): null

2019-08-10 23:47:09 - [TEST_STEP][PASSED] - if (i == 3 &amp;&amp; wildList.indexOf(symbol) != -1): null

2019-08-10 23:47:09 - [TEST_STEP][PASSED] - if (i == 4 &amp;&amp; wildList.indexOf(symbol) != -1): null

2019-08-10 23:47:09 - [TEST_STEP][PASSED] - symbol = symbol: null

2019-08-10 23:47:09 - [TEST_STEP][PASSED] - println(symbol): null

2019-08-10 23:47:09 - [TEST_STEP][PASSED] - if (i == 2 &amp;&amp; wildList.indexOf(symbol) != -1): null

2019-08-10 23:47:09 - [TEST_STEP][PASSED] - if (i == 3 &amp;&amp; wildList.indexOf(symbol) != -1): null

2019-08-10 23:47:09 - [TEST_STEP][PASSED] - if (i == 4 &amp;&amp; wildList.indexOf(symbol) != -1): null

2019-08-10 23:47:09 - [TEST_STEP][PASSED] - println("wild found on reel 5, adding counter by 1"): null

2019-08-10 23:47:09 - [TEST_STEP][PASSED] - free_spin_reel_counter[2] = free_spin_reel_counter[2] + 1: null

2019-08-10 23:47:09 - [TEST_STEP][PASSED] - symbol = symbol: null

2019-08-10 23:47:09 - [TEST_STEP][PASSED] - println(symbol): null

2019-08-10 23:47:09 - [TEST_STEP][PASSED] - if (i == 2 &amp;&amp; wildList.indexOf(symbol) != -1): null

2019-08-10 23:47:09 - [TEST_STEP][PASSED] - if (i == 3 &amp;&amp; wildList.indexOf(symbol) != -1): null

2019-08-10 23:47:09 - [TEST_STEP][PASSED] - if (i == 4 &amp;&amp; wildList.indexOf(symbol) != -1): null

2019-08-10 23:47:09 - [TEST_STEP][PASSED] - free_spin_reel_counter = free_spin_reel_counter: null

2019-08-10 23:47:09 - [TEST_STEP][PASSED] - println("reel 3 wild found: " + free_spin_reel_counter[0]): null

2019-08-10 23:47:09 - [TEST_STEP][PASSED] - println("reel 4 wild found: " + free_spin_reel_counter[1]): null

2019-08-10 23:47:09 - [TEST_STEP][PASSED] - println("reel 5 wild found: " + free_spin_reel_counter[2]): null

2019-08-10 23:47:09 - [TEST_STEP][PASSED] - M4_spin_reels = M4_spin_reels: null

2019-08-10 23:47:09 - [TEST_STEP][PASSED] - M4_spin_reels_symbols = symbol: null

2019-08-10 23:47:09 - [TEST_STEP][PASSED] - M4_spin_reels_symbols = M4_spin_reels_symbols: null

2019-08-10 23:47:09 - [TEST_STEP][PASSED] - M4_spin_reel_wins = reel_wins: null

2019-08-10 23:47:09 - [TEST_STEP][PASSED] - M4_spin_reel_wins = M4_spin_reel_wins: null

2019-08-10 23:47:09 - [TEST_STEP][PASSED] - println("GlobalVariable.M4_spin_reel_wins is: " + M4_spin_reel_wins): null

2019-08-10 23:47:09 - [TEST_STEP][PASSED] - M4_spin_total_bonus_win_this_round = total_bonus_win_this_round: null

2019-08-10 23:47:09 - [TEST_STEP][PASSED] - M4_spin_total_bonus_win_this_round = M4_spin_total_bonus_win_this_round: null

2019-08-10 23:47:09 - [TEST_STEP][PASSED] - println("GlobalVariable.M4_spin_total_bonus_win_this_round is: " + M4_spin_total_bonus_win_this_round): null

2019-08-10 23:47:09 - [MESSAGE][PASSED] - Verify response successfully

2019-08-10 23:47:09 - [MESSAGE][PASSED] - Send request and verify the response successfully

2019-08-10 23:47:09 - [TEST_STEP][PASSED] - if (M4_total_bonus_spins_int != 0 &amp;&amp; M4_spin_reels_symbols[2].contains("WILD_ExtraFG") || M4_spin_reels_symbols[3].contains("WILD_ExtraFG")): null

2019-08-10 23:47:09 - [TEST_STEP][PASSED] - free_spin_reel_counter = free_spin_reel_counter: null

2019-08-10 23:47:09 - [TEST_STEP][PASSED] - M4_spin_reels_symbols = M4_spin_reels_symbols: null

2019-08-10 23:47:09 - [TEST_STEP][PASSED] - M4_total_bonus_spins = M4_total_bonus_spins: null

2019-08-10 23:47:09 - [TEST_STEP][PASSED] - spin_result = sendRequestAndVerify(findTestObject("RGS(M4)/1_M4_spin", ["M4_login_user_id":M4_login_user_id, "rgs_session_token":rgs_session_token, "partner":Partner])): Send request and verify the response successfully

2019-08-10 23:47:09 - [TEST_CASE][PASSED] - Start Test Case : Verification: Verification accomplished successfully

2019-08-10 23:47:09 - [TEST_STEP][PASSED] - request = getInstance().getCurrentRequest(): null

2019-08-10 23:47:09 - [TEST_STEP][PASSED] - response = getInstance().getCurrentResponse(): null

2019-08-10 23:47:09 - [TEST_STEP][PASSED] - verifyResponseStatusCode(response, 200): Verify response status code successfully

2019-08-10 23:47:09 - [MESSAGE][PASSED] - Verify response status code successfully

2019-08-10 23:47:09 - [TEST_STEP][PASSED] - getStatusCode()).isEqualTo(200): null

2019-08-10 23:47:09 - [TEST_STEP][PASSED] - newline = System.getProperty("line.separator"): null

2019-08-10 23:47:09 - [TEST_STEP][PASSED] - M4_spin = new groovy.json.JsonSlurper(): null

2019-08-10 23:47:09 - [TEST_STEP][PASSED] - result_M4_spin = M4_spin.parseText(response.getResponseBodyContent()): null

2019-08-10 23:47:09 - [TEST_STEP][PASSED] - M4_spin_current_balance = current_balance: null

2019-08-10 23:47:09 - [TEST_STEP][PASSED] - M4_spin_current_balance = M4_spin_current_balance: null

2019-08-10 23:47:09 - [TEST_STEP][PASSED] - M4_spin_transaction_id = causality: null

2019-08-10 23:47:09 - [TEST_STEP][PASSED] - M4_spin_transaction_id = M4_spin_transaction_id: null

2019-08-10 23:47:09 - [TEST_STEP][PASSED] - M4_spin_round_id = round_id: null

2019-08-10 23:47:09 - [TEST_STEP][PASSED] - M4_spin_round_id = M4_spin_round_id: null

2019-08-10 23:47:09 - [TEST_STEP][PASSED] - M4_spin_line_wins = line_wins: null

2019-08-10 23:47:09 - [TEST_STEP][PASSED] - M4_spin_line_wins = M4_spin_line_wins: null

2019-08-10 23:47:09 - [TEST_STEP][PASSED] - M4_total_bonus_spins_int = total_bonus_spins: null

2019-08-10 23:47:09 - [TEST_STEP][PASSED] - println("******M4_total_bonus_spins type is:*******" + newline + getClass().getName()): null

2019-08-10 23:47:09 - [TEST_STEP][PASSED] - M4_total_bonus_spins_int = M4_total_bonus_spins_int: null

2019-08-10 23:47:09 - [TEST_STEP][PASSED] - M4_total_bonus_spins = Integer.toString(M4_total_bonus_spins_int): null

2019-08-10 23:47:09 - [TEST_STEP][PASSED] - M4_total_bonus_spins = M4_total_bonus_spins: null

2019-08-10 23:47:09 - [TEST_STEP][PASSED] - println("M4_total_bonus_spins is:" + M4_total_bonus_spins): null

2019-08-10 23:47:09 - [TEST_STEP][PASSED] - M4_spin_bonus_data = bonus_data: null

2019-08-10 23:47:09 - [TEST_STEP][PASSED] - M4_spin_features_triggered = result_M4_spin: null

2019-08-10 23:47:09 - [TEST_STEP][PASSED] - wild = []: null

2019-08-10 23:47:09 - [TEST_STEP][PASSED] - wild[0] = "WILD_Expanding": null

2019-08-10 23:47:09 - [TEST_STEP][PASSED] - wild[1] = "WILD_Normal": null

2019-08-10 23:47:09 - [TEST_STEP][PASSED] - wild[2] = "WILD_Double": null

2019-08-10 23:47:09 - [TEST_STEP][PASSED] - wild[3] = "WILD_ExtraFG": null

2019-08-10 23:47:09 - [TEST_STEP][PASSED] - wild[4] = "WILD_Triple": null

2019-08-10 23:47:09 - [TEST_STEP][PASSED] - wildList = Arrays.asList(wild): null

2019-08-10 23:47:09 - [TEST_STEP][PASSED] - wildList = wildList: null

2019-08-10 23:47:09 - [TEST_STEP][PASSED] - free_spin_reel_counter = []: null

2019-08-10 23:47:09 - [TEST_STEP][PASSED] - free_spin_reel_counter[0] = 0: null

2019-08-10 23:47:09 - [TEST_STEP][PASSED] - free_spin_reel_counter[1] = 0: null

2019-08-10 23:47:09 - [TEST_STEP][PASSED] - free_spin_reel_counter[2] = 0: null

2019-08-10 23:47:09 - [TEST_STEP][PASSED] - M4_spin_reels = reels: null

2019-08-10 23:47:09 - [TEST_STEP][PASSED] - for ([i = 0, i &lt; M4_spin_reels.size(), (i++)]): null

2019-08-10 23:47:09 - [TEST_STEP][PASSED] - symbols = symbols: null

2019-08-10 23:47:09 - [TEST_STEP][PASSED] - for ([j = 0, j &lt; symbols.size(), (j++)]): null

2019-08-10 23:47:09 - [TEST_STEP][PASSED] - symbol = symbol: null

2019-08-10 23:47:09 - [TEST_STEP][PASSED] - println(symbol): null

2019-08-10 23:47:09 - [TEST_STEP][PASSED] - if (i == 2 &amp;&amp; wildList.indexOf(symbol) != -1): null

2019-08-10 23:47:09 - [TEST_STEP][PASSED] - if (i == 3 &amp;&amp; wildList.indexOf(symbol) != -1): null

2019-08-10 23:47:09 - [TEST_STEP][PASSED] - if (i == 4 &amp;&amp; wildList.indexOf(symbol) != -1): null

2019-08-10 23:47:09 - [TEST_STEP][PASSED] - symbol = symbol: null

2019-08-10 23:47:09 - [TEST_STEP][PASSED] - println(symbol): null

2019-08-10 23:47:09 - [TEST_STEP][PASSED] - if (i == 2 &amp;&amp; wildList.indexOf(symbol) != -1): null

2019-08-10 23:47:09 - [TEST_STEP][PASSED] - if (i == 3 &amp;&amp; wildList.indexOf(symbol) != -1): null

2019-08-10 23:47:09 - [TEST_STEP][PASSED] - if (i == 4 &amp;&amp; wildList.indexOf(symbol) != -1): null

2019-08-10 23:47:09 - [TEST_STEP][PASSED] - symbol = symbol: null

2019-08-10 23:47:09 - [TEST_STEP][PASSED] - println(symbol): null

2019-08-10 23:47:09 - [TEST_STEP][PASSED] - if (i == 2 &amp;&amp; wildList.indexOf(symbol) != -1): null

2019-08-10 23:47:09 - [TEST_STEP][PASSED] - if (i == 3 &amp;&amp; wildList.indexOf(symbol) != -1): null

2019-08-10 23:47:09 - [TEST_STEP][PASSED] - if (i == 4 &amp;&amp; wildList.indexOf(symbol) != -1): null

2019-08-10 23:47:09 - [TEST_STEP][PASSED] - symbols = symbols: null

2019-08-10 23:47:09 - [TEST_STEP][PASSED] - for ([j = 0, j &lt; symbols.size(), (j++)]): null

2019-08-10 23:47:09 - [TEST_STEP][PASSED] - symbol = symbol: null

2019-08-10 23:47:09 - [TEST_STEP][PASSED] - println(symbol): null

2019-08-10 23:47:09 - [TEST_STEP][PASSED] - if (i == 2 &amp;&amp; wildList.indexOf(symbol) != -1): null

2019-08-10 23:47:09 - [TEST_STEP][PASSED] - if (i == 3 &amp;&amp; wildList.indexOf(symbol) != -1): null

2019-08-10 23:47:09 - [TEST_STEP][PASSED] - if (i == 4 &amp;&amp; wildList.indexOf(symbol) != -1): null

2019-08-10 23:47:09 - [TEST_STEP][PASSED] - symbol = symbol: null

2019-08-10 23:47:09 - [TEST_STEP][PASSED] - println(symbol): null

2019-08-10 23:47:09 - [TEST_STEP][PASSED] - if (i == 2 &amp;&amp; wildList.indexOf(symbol) != -1): null

2019-08-10 23:47:09 - [TEST_STEP][PASSED] - if (i == 3 &amp;&amp; wildList.indexOf(symbol) != -1): null

2019-08-10 23:47:09 - [TEST_STEP][PASSED] - if (i == 4 &amp;&amp; wildList.indexOf(symbol) != -1): null

2019-08-10 23:47:09 - [TEST_STEP][PASSED] - symbol = symbol: null

2019-08-10 23:47:09 - [TEST_STEP][PASSED] - println(symbol): null

2019-08-10 23:47:09 - [TEST_STEP][PASSED] - if (i == 2 &amp;&amp; wildList.indexOf(symbol) != -1): null

2019-08-10 23:47:09 - [TEST_STEP][PASSED] - if (i == 3 &amp;&amp; wildList.indexOf(symbol) != -1): null

2019-08-10 23:47:09 - [TEST_STEP][PASSED] - if (i == 4 &amp;&amp; wildList.indexOf(symbol) != -1): null

2019-08-10 23:47:09 - [TEST_STEP][PASSED] - symbols = symbols: null

2019-08-10 23:47:09 - [TEST_STEP][PASSED] - for ([j = 0, j &lt; symbols.size(), (j++)]): null

2019-08-10 23:47:09 - [TEST_STEP][PASSED] - symbol = symbol: null

2019-08-10 23:47:09 - [TEST_STEP][PASSED] - println(symbol): null

2019-08-10 23:47:09 - [TEST_STEP][PASSED] - if (i == 2 &amp;&amp; wildList.indexOf(symbol) != -1): null

2019-08-10 23:47:09 - [TEST_STEP][PASSED] - if (i == 3 &amp;&amp; wildList.indexOf(symbol) != -1): null

2019-08-10 23:47:09 - [TEST_STEP][PASSED] - if (i == 4 &amp;&amp; wildList.indexOf(symbol) != -1): null

2019-08-10 23:47:09 - [TEST_STEP][PASSED] - symbol = symbol: null

2019-08-10 23:47:09 - [TEST_STEP][PASSED] - println(symbol): null

2019-08-10 23:47:09 - [TEST_STEP][PASSED] - if (i == 2 &amp;&amp; wildList.indexOf(symbol) != -1): null

2019-08-10 23:47:09 - [TEST_STEP][PASSED] - if (i == 3 &amp;&amp; wildList.indexOf(symbol) != -1): null

2019-08-10 23:47:09 - [TEST_STEP][PASSED] - if (i == 4 &amp;&amp; wildList.indexOf(symbol) != -1): null

2019-08-10 23:47:09 - [TEST_STEP][PASSED] - symbol = symbol: null

2019-08-10 23:47:09 - [TEST_STEP][PASSED] - println(symbol): null

2019-08-10 23:47:09 - [TEST_STEP][PASSED] - if (i == 2 &amp;&amp; wildList.indexOf(symbol) != -1): null

2019-08-10 23:47:09 - [TEST_STEP][PASSED] - if (i == 3 &amp;&amp; wildList.indexOf(symbol) != -1): null

2019-08-10 23:47:09 - [TEST_STEP][PASSED] - if (i == 4 &amp;&amp; wildList.indexOf(symbol) != -1): null

2019-08-10 23:47:09 - [TEST_STEP][PASSED] - symbols = symbols: null

2019-08-10 23:47:09 - [TEST_STEP][PASSED] - for ([j = 0, j &lt; symbols.size(), (j++)]): null

2019-08-10 23:47:09 - [TEST_STEP][PASSED] - symbol = symbol: null

2019-08-10 23:47:09 - [TEST_STEP][PASSED] - println(symbol): null

2019-08-10 23:47:09 - [TEST_STEP][PASSED] - if (i == 2 &amp;&amp; wildList.indexOf(symbol) != -1): null

2019-08-10 23:47:09 - [TEST_STEP][PASSED] - if (i == 3 &amp;&amp; wildList.indexOf(symbol) != -1): null

2019-08-10 23:47:09 - [TEST_STEP][PASSED] - if (i == 4 &amp;&amp; wildList.indexOf(symbol) != -1): null

2019-08-10 23:47:09 - [TEST_STEP][PASSED] - symbol = symbol: null

2019-08-10 23:47:09 - [TEST_STEP][PASSED] - println(symbol): null

2019-08-10 23:47:09 - [TEST_STEP][PASSED] - if (i == 2 &amp;&amp; wildList.indexOf(symbol) != -1): null

2019-08-10 23:47:09 - [TEST_STEP][PASSED] - if (i == 3 &amp;&amp; wildList.indexOf(symbol) != -1): null

2019-08-10 23:47:09 - [TEST_STEP][PASSED] - if (i == 4 &amp;&amp; wildList.indexOf(symbol) != -1): null

2019-08-10 23:47:09 - [TEST_STEP][PASSED] - symbol = symbol: null

2019-08-10 23:47:09 - [TEST_STEP][PASSED] - println(symbol): null

2019-08-10 23:47:09 - [TEST_STEP][PASSED] - if (i == 2 &amp;&amp; wildList.indexOf(symbol) != -1): null

2019-08-10 23:47:09 - [TEST_STEP][PASSED] - if (i == 3 &amp;&amp; wildList.indexOf(symbol) != -1): null

2019-08-10 23:47:09 - [TEST_STEP][PASSED] - if (i == 4 &amp;&amp; wildList.indexOf(symbol) != -1): null

2019-08-10 23:47:09 - [TEST_STEP][PASSED] - symbols = symbols: null

2019-08-10 23:47:09 - [TEST_STEP][PASSED] - for ([j = 0, j &lt; symbols.size(), (j++)]): null

2019-08-10 23:47:09 - [TEST_STEP][PASSED] - symbol = symbol: null

2019-08-10 23:47:09 - [TEST_STEP][PASSED] - println(symbol): null

2019-08-10 23:47:09 - [TEST_STEP][PASSED] - if (i == 2 &amp;&amp; wildList.indexOf(symbol) != -1): null

2019-08-10 23:47:09 - [TEST_STEP][PASSED] - if (i == 3 &amp;&amp; wildList.indexOf(symbol) != -1): null

2019-08-10 23:47:09 - [TEST_STEP][PASSED] - if (i == 4 &amp;&amp; wildList.indexOf(symbol) != -1): null

2019-08-10 23:47:09 - [TEST_STEP][PASSED] - symbol = symbol: null

2019-08-10 23:47:09 - [TEST_STEP][PASSED] - println(symbol): null

2019-08-10 23:47:09 - [TEST_STEP][PASSED] - if (i == 2 &amp;&amp; wildList.indexOf(symbol) != -1): null

2019-08-10 23:47:09 - [TEST_STEP][PASSED] - if (i == 3 &amp;&amp; wildList.indexOf(symbol) != -1): null

2019-08-10 23:47:09 - [TEST_STEP][PASSED] - if (i == 4 &amp;&amp; wildList.indexOf(symbol) != -1): null

2019-08-10 23:47:09 - [TEST_STEP][PASSED] - symbol = symbol: null

2019-08-10 23:47:09 - [TEST_STEP][PASSED] - println(symbol): null

2019-08-10 23:47:09 - [TEST_STEP][PASSED] - if (i == 2 &amp;&amp; wildList.indexOf(symbol) != -1): null

2019-08-10 23:47:09 - [TEST_STEP][PASSED] - if (i == 3 &amp;&amp; wildList.indexOf(symbol) != -1): null

2019-08-10 23:47:09 - [TEST_STEP][PASSED] - if (i == 4 &amp;&amp; wildList.indexOf(symbol) != -1): null

2019-08-10 23:47:09 - [TEST_STEP][PASSED] - free_spin_reel_counter = free_spin_reel_counter: null

2019-08-10 23:47:09 - [TEST_STEP][PASSED] - println("reel 3 wild found: " + free_spin_reel_counter[0]): null

2019-08-10 23:47:09 - [TEST_STEP][PASSED] - println("reel 4 wild found: " + free_spin_reel_counter[1]): null

2019-08-10 23:47:09 - [TEST_STEP][PASSED] - println("reel 5 wild found: " + free_spin_reel_counter[2]): null

2019-08-10 23:47:09 - [TEST_STEP][PASSED] - M4_spin_reels = M4_spin_reels: null

2019-08-10 23:47:09 - [TEST_STEP][PASSED] - M4_spin_reels_symbols = symbol: null

2019-08-10 23:47:09 - [TEST_STEP][PASSED] - M4_spin_reels_symbols = M4_spin_reels_symbols: null

2019-08-10 23:47:09 - [TEST_STEP][PASSED] - M4_spin_reel_wins = reel_wins: null

2019-08-10 23:47:09 - [TEST_STEP][PASSED] - M4_spin_reel_wins = M4_spin_reel_wins: null

2019-08-10 23:47:09 - [TEST_STEP][PASSED] - println("GlobalVariable.M4_spin_reel_wins is: " + M4_spin_reel_wins): null

2019-08-10 23:47:09 - [TEST_STEP][PASSED] - M4_spin_total_bonus_win_this_round = total_bonus_win_this_round: null

2019-08-10 23:47:09 - [TEST_STEP][PASSED] - M4_spin_total_bonus_win_this_round = M4_spin_total_bonus_win_this_round: null

2019-08-10 23:47:09 - [TEST_STEP][PASSED] - println("GlobalVariable.M4_spin_total_bonus_win_this_round is: " + M4_spin_total_bonus_win_this_round): null

2019-08-10 23:47:09 - [MESSAGE][PASSED] - Verify response successfully

2019-08-10 23:47:09 - [MESSAGE][PASSED] - Send request and verify the response successfully

2019-08-10 23:47:09 - [TEST_STEP][PASSED] - if (M4_total_bonus_spins_int != 0 &amp;&amp; M4_spin_reels_symbols[2].contains("WILD_ExtraFG") || M4_spin_reels_symbols[3].contains("WILD_ExtraFG")): null

2019-08-10 23:47:09 - [TEST_STEP][PASSED] - free_spin_reel_counter = free_spin_reel_counter: null

2019-08-10 23:47:09 - [TEST_STEP][PASSED] - M4_spin_reels_symbols = M4_spin_reels_symbols: null

2019-08-10 23:47:09 - [TEST_STEP][PASSED] - M4_total_bonus_spins = M4_total_bonus_spins: null

2019-08-10 23:47:09 - [TEST_STEP][PASSED] - spin_result = sendRequestAndVerify(findTestObject("RGS(M4)/1_M4_spin", ["M4_login_user_id":M4_login_user_id, "rgs_session_token":rgs_session_token, "partner":Partner])): Send request and verify the response successfully

2019-08-10 23:47:09 - [TEST_CASE][PASSED] - Start Test Case : Verification: Verification accomplished successfully

2019-08-10 23:47:09 - [TEST_STEP][PASSED] - request = getInstance().getCurrentRequest(): null

2019-08-10 23:47:10 - [TEST_STEP][PASSED] - response = getInstance().getCurrentResponse(): null

2019-08-10 23:47:10 - [TEST_STEP][PASSED] - verifyResponseStatusCode(response, 200): Verify response status code successfully

2019-08-10 23:47:10 - [MESSAGE][PASSED] - Verify response status code successfully

2019-08-10 23:47:10 - [TEST_STEP][PASSED] - getStatusCode()).isEqualTo(200): null

2019-08-10 23:47:10 - [TEST_STEP][PASSED] - newline = System.getProperty("line.separator"): null

2019-08-10 23:47:10 - [TEST_STEP][PASSED] - M4_spin = new groovy.json.JsonSlurper(): null

2019-08-10 23:47:10 - [TEST_STEP][PASSED] - result_M4_spin = M4_spin.parseText(response.getResponseBodyContent()): null

2019-08-10 23:47:10 - [TEST_STEP][PASSED] - M4_spin_current_balance = current_balance: null

2019-08-10 23:47:10 - [TEST_STEP][PASSED] - M4_spin_current_balance = M4_spin_current_balance: null

2019-08-10 23:47:10 - [TEST_STEP][PASSED] - M4_spin_transaction_id = causality: null

2019-08-10 23:47:10 - [TEST_STEP][PASSED] - M4_spin_transaction_id = M4_spin_transaction_id: null

2019-08-10 23:47:10 - [TEST_STEP][PASSED] - M4_spin_round_id = round_id: null

2019-08-10 23:47:10 - [TEST_STEP][PASSED] - M4_spin_round_id = M4_spin_round_id: null

2019-08-10 23:47:10 - [TEST_STEP][PASSED] - M4_spin_line_wins = line_wins: null

2019-08-10 23:47:10 - [TEST_STEP][PASSED] - M4_spin_line_wins = M4_spin_line_wins: null

2019-08-10 23:47:10 - [TEST_STEP][PASSED] - M4_total_bonus_spins_int = total_bonus_spins: null

2019-08-10 23:47:10 - [TEST_STEP][PASSED] - println("******M4_total_bonus_spins type is:*******" + newline + getClass().getName()): null

2019-08-10 23:47:10 - [TEST_STEP][PASSED] - M4_total_bonus_spins_int = M4_total_bonus_spins_int: null

2019-08-10 23:47:10 - [TEST_STEP][PASSED] - M4_total_bonus_spins = Integer.toString(M4_total_bonus_spins_int): null

2019-08-10 23:47:10 - [TEST_STEP][PASSED] - M4_total_bonus_spins = M4_total_bonus_spins: null

2019-08-10 23:47:10 - [TEST_STEP][PASSED] - println("M4_total_bonus_spins is:" + M4_total_bonus_spins): null

2019-08-10 23:47:10 - [TEST_STEP][PASSED] - M4_spin_bonus_data = bonus_data: null

2019-08-10 23:47:10 - [TEST_STEP][PASSED] - M4_spin_features_triggered = result_M4_spin: null

2019-08-10 23:47:10 - [TEST_STEP][PASSED] - wild = []: null

2019-08-10 23:47:10 - [TEST_STEP][PASSED] - wild[0] = "WILD_Expanding": null

2019-08-10 23:47:10 - [TEST_STEP][PASSED] - wild[1] = "WILD_Normal": null

2019-08-10 23:47:14 - [TEST_STEP][PASSED] - wild[2] = "WILD_Double": null

2019-08-10 23:47:14 - [TEST_STEP][PASSED] - wild[3] = "WILD_ExtraFG": null

2019-08-10 23:47:14 - [TEST_STEP][PASSED] - wild[4] = "WILD_Triple": null

2019-08-10 23:47:14 - [TEST_STEP][PASSED] - wildList = Arrays.asList(wild): null

2019-08-10 23:47:14 - [TEST_STEP][PASSED] - wildList = wildList: null

2019-08-10 23:47:14 - [TEST_STEP][PASSED] - free_spin_reel_counter = []: null

2019-08-10 23:47:14 - [TEST_STEP][PASSED] - free_spin_reel_counter[0] = 0: null

2019-08-10 23:47:14 - [TEST_STEP][PASSED] - free_spin_reel_counter[1] = 0: null

2019-08-10 23:47:14 - [TEST_STEP][PASSED] - free_spin_reel_counter[2] = 0: null

2019-08-10 23:47:14 - [TEST_STEP][PASSED] - M4_spin_reels = reels: null

2019-08-10 23:47:14 - [TEST_STEP][PASSED] - for ([i = 0, i &lt; M4_spin_reels.size(), (i++)]): null

2019-08-10 23:47:19 - [TEST_STEP][PASSED] - symbols = symbols: null

2019-08-10 23:47:19 - [TEST_STEP][PASSED] - for ([j = 0, j &lt; symbols.size(), (j++)]): null

2019-08-10 23:47:19 - [TEST_STEP][PASSED] - symbol = symbol: null

2019-08-10 23:47:19 - [TEST_STEP][PASSED] - println(symbol): null

2019-08-10 23:47:19 - [TEST_STEP][PASSED] - if (i == 2 &amp;&amp; wildList.indexOf(symbol) != -1): null

2019-08-10 23:47:19 - [TEST_STEP][PASSED] - if (i == 3 &amp;&amp; wildList.indexOf(symbol) != -1): null

2019-08-10 23:47:24 - [TEST_STEP][PASSED] - if (i == 4 &amp;&amp; wildList.indexOf(symbol) != -1): null

2019-08-10 23:47:24 - [TEST_STEP][PASSED] - symbol = symbol: null

2019-08-10 23:47:24 - [TEST_STEP][PASSED] - println(symbol): null

2019-08-10 23:47:24 - [TEST_STEP][PASSED] - if (i == 2 &amp;&amp; wildList.indexOf(symbol) != -1): null

2019-08-10 23:47:24 - [TEST_STEP][PASSED] - if (i == 3 &amp;&amp; wildList.indexOf(symbol) != -1): null

2019-08-10 23:47:24 - [TEST_STEP][PASSED] - if (i == 4 &amp;&amp; wildList.indexOf(symbol) != -1): null

2019-08-10 23:47:24 - [TEST_STEP][PASSED] - symbol = symbol: null

2019-08-10 23:47:24 - [TEST_STEP][PASSED] - println(symbol): null

2019-08-10 23:47:24 - [TEST_STEP][PASSED] - if (i == 2 &amp;&amp; wildList.indexOf(symbol) != -1): null

2019-08-10 23:47:24 - [TEST_STEP][PASSED] - if (i == 3 &amp;&amp; wildList.indexOf(symbol) != -1): null

2019-08-10 23:47:24 - [TEST_STEP][PASSED] - if (i == 4 &amp;&amp; wildList.indexOf(symbol) != -1): null

2019-08-10 23:47:25 - [TEST_STEP][PASSED] - symbols = symbols: null

2019-08-10 23:47:25 - [TEST_STEP][PASSED] - for ([j = 0, j &lt; symbols.size(), (j++)]): null

2019-08-10 23:47:25 - [TEST_STEP][PASSED] - symbol = symbol: null

2019-08-10 23:47:25 - [TEST_STEP][PASSED] - println(symbol): null

2019-08-10 23:47:25 - [TEST_STEP][PASSED] - if (i == 2 &amp;&amp; wildList.indexOf(symbol) != -1): null

2019-08-10 23:47:25 - [TEST_STEP][PASSED] - if (i == 3 &amp;&amp; wildList.indexOf(symbol) != -1): null

2019-08-10 23:47:25 - [TEST_STEP][PASSED] - if (i == 4 &amp;&amp; wildList.indexOf(symbol) != -1): null

2019-08-10 23:47:25 - [TEST_STEP][PASSED] - symbol = symbol: null

2019-08-10 23:47:25 - [TEST_STEP][PASSED] - println(symbol): null

2019-08-10 23:47:25 - [TEST_STEP][PASSED] - if (i == 2 &amp;&amp; wildList.indexOf(symbol) != -1): null

2019-08-10 23:47:25 - [TEST_STEP][PASSED] - if (i == 3 &amp;&amp; wildList.indexOf(symbol) != -1): null

2019-08-10 23:47:25 - [TEST_STEP][PASSED] - if (i == 4 &amp;&amp; wildList.indexOf(symbol) != -1): null

2019-08-10 23:47:25 - [TEST_STEP][PASSED] - symbol = symbol: null

2019-08-10 23:47:25 - [TEST_STEP][PASSED] - println(symbol): null

2019-08-10 23:47:25 - [TEST_STEP][PASSED] - if (i == 2 &amp;&amp; wildList.indexOf(symbol) != -1): null

2019-08-10 23:47:25 - [TEST_STEP][PASSED] - if (i == 3 &amp;&amp; wildList.indexOf(symbol) != -1): null

2019-08-10 23:47:25 - [TEST_STEP][PASSED] - if (i == 4 &amp;&amp; wildList.indexOf(symbol) != -1): null

2019-08-10 23:47:25 - [TEST_STEP][PASSED] - symbols = symbols: null

2019-08-10 23:47:25 - [TEST_STEP][PASSED] - for ([j = 0, j &lt; symbols.size(), (j++)]): null

2019-08-10 23:47:25 - [TEST_STEP][PASSED] - symbol = symbol: null

2019-08-10 23:47:25 - [TEST_STEP][PASSED] - println(symbol): null

2019-08-10 23:47:25 - [TEST_STEP][PASSED] - if (i == 2 &amp;&amp; wildList.indexOf(symbol) != -1): null

2019-08-10 23:47:25 - [TEST_STEP][PASSED] - if (i == 3 &amp;&amp; wildList.indexOf(symbol) != -1): null

2019-08-10 23:47:25 - [TEST_STEP][PASSED] - if (i == 4 &amp;&amp; wildList.indexOf(symbol) != -1): null

2019-08-10 23:47:25 - [TEST_STEP][PASSED] - symbol = symbol: null

2019-08-10 23:47:25 - [TEST_STEP][PASSED] - println(symbol): null

2019-08-10 23:47:25 - [TEST_STEP][PASSED] - if (i == 2 &amp;&amp; wildList.indexOf(symbol) != -1): null

2019-08-10 23:47:25 - [TEST_STEP][PASSED] - if (i == 3 &amp;&amp; wildList.indexOf(symbol) != -1): null

2019-08-10 23:47:25 - [TEST_STEP][PASSED] - if (i == 4 &amp;&amp; wildList.indexOf(symbol) != -1): null

2019-08-10 23:47:25 - [TEST_STEP][PASSED] - symbol = symbol: null

2019-08-10 23:47:25 - [TEST_STEP][PASSED] - println(symbol): null

2019-08-10 23:47:25 - [TEST_STEP][PASSED] - if (i == 2 &amp;&amp; wildList.indexOf(symbol) != -1): null

2019-08-10 23:47:25 - [TEST_STEP][PASSED] - if (i == 3 &amp;&amp; wildList.indexOf(symbol) != -1): null

2019-08-10 23:47:25 - [TEST_STEP][PASSED] - if (i == 4 &amp;&amp; wildList.indexOf(symbol) != -1): null

2019-08-10 23:47:25 - [TEST_STEP][PASSED] - symbols = symbols: null

2019-08-10 23:47:25 - [TEST_STEP][PASSED] - for ([j = 0, j &lt; symbols.size(), (j++)]): null

2019-08-10 23:47:25 - [TEST_STEP][PASSED] - symbol = symbol: null

2019-08-10 23:47:25 - [TEST_STEP][PASSED] - println(symbol): null

2019-08-10 23:47:25 - [TEST_STEP][PASSED] - if (i == 2 &amp;&amp; wildList.indexOf(symbol) != -1): null

2019-08-10 23:47:25 - [TEST_STEP][PASSED] - if (i == 3 &amp;&amp; wildList.indexOf(symbol) != -1): null

2019-08-10 23:47:25 - [TEST_STEP][PASSED] - if (i == 4 &amp;&amp; wildList.indexOf(symbol) != -1): null

2019-08-10 23:47:25 - [TEST_STEP][PASSED] - symbol = symbol: null

2019-08-10 23:47:25 - [TEST_STEP][PASSED] - println(symbol): null

2019-08-10 23:47:25 - [TEST_STEP][PASSED] - if (i == 2 &amp;&amp; wildList.indexOf(symbol) != -1): null

2019-08-10 23:47:25 - [TEST_STEP][PASSED] - if (i == 3 &amp;&amp; wildList.indexOf(symbol) != -1): null

2019-08-10 23:47:25 - [TEST_STEP][PASSED] - if (i == 4 &amp;&amp; wildList.indexOf(symbol) != -1): null

2019-08-10 23:47:25 - [TEST_STEP][PASSED] - symbol = symbol: null

2019-08-10 23:47:25 - [TEST_STEP][PASSED] - println(symbol): null

2019-08-10 23:47:25 - [TEST_STEP][PASSED] - if (i == 2 &amp;&amp; wildList.indexOf(symbol) != -1): null

2019-08-10 23:47:25 - [TEST_STEP][PASSED] - if (i == 3 &amp;&amp; wildList.indexOf(symbol) != -1): null

2019-08-10 23:47:25 - [TEST_STEP][PASSED] - if (i == 4 &amp;&amp; wildList.indexOf(symbol) != -1): null

2019-08-10 23:47:25 - [TEST_STEP][PASSED] - symbols = symbols: null

2019-08-10 23:47:25 - [TEST_STEP][PASSED] - for ([j = 0, j &lt; symbols.size(), (j++)]): null

2019-08-10 23:47:25 - [TEST_STEP][PASSED] - symbol = symbol: null

2019-08-10 23:47:25 - [TEST_STEP][PASSED] - println(symbol): null

2019-08-10 23:47:25 - [TEST_STEP][PASSED] - if (i == 2 &amp;&amp; wildList.indexOf(symbol) != -1): null

2019-08-10 23:47:25 - [TEST_STEP][PASSED] - if (i == 3 &amp;&amp; wildList.indexOf(symbol) != -1): null

2019-08-10 23:47:25 - [TEST_STEP][PASSED] - if (i == 4 &amp;&amp; wildList.indexOf(symbol) != -1): null

2019-08-10 23:47:25 - [TEST_STEP][PASSED] - symbol = symbol: null

2019-08-10 23:47:25 - [TEST_STEP][PASSED] - println(symbol): null

2019-08-10 23:47:25 - [TEST_STEP][PASSED] - if (i == 2 &amp;&amp; wildList.indexOf(symbol) != -1): null

2019-08-10 23:47:25 - [TEST_STEP][PASSED] - if (i == 3 &amp;&amp; wildList.indexOf(symbol) != -1): null

2019-08-10 23:47:25 - [TEST_STEP][PASSED] - if (i == 4 &amp;&amp; wildList.indexOf(symbol) != -1): null

2019-08-10 23:47:25 - [TEST_STEP][PASSED] - symbol = symbol: null

2019-08-10 23:47:25 - [TEST_STEP][PASSED] - println(symbol): null

2019-08-10 23:47:25 - [TEST_STEP][PASSED] - if (i == 2 &amp;&amp; wildList.indexOf(symbol) != -1): null

2019-08-10 23:47:25 - [TEST_STEP][PASSED] - if (i == 3 &amp;&amp; wildList.indexOf(symbol) != -1): null

2019-08-10 23:47:25 - [TEST_STEP][PASSED] - if (i == 4 &amp;&amp; wildList.indexOf(symbol) != -1): null

2019-08-10 23:47:25 - [TEST_STEP][PASSED] - free_spin_reel_counter = free_spin_reel_counter: null

2019-08-10 23:47:25 - [TEST_STEP][PASSED] - println("reel 3 wild found: " + free_spin_reel_counter[0]): null

2019-08-10 23:47:25 - [TEST_STEP][PASSED] - println("reel 4 wild found: " + free_spin_reel_counter[1]): null

2019-08-10 23:47:25 - [TEST_STEP][PASSED] - println("reel 5 wild found: " + free_spin_reel_counter[2]): null

2019-08-10 23:47:25 - [TEST_STEP][PASSED] - M4_spin_reels = M4_spin_reels: null

2019-08-10 23:47:25 - [TEST_STEP][PASSED] - M4_spin_reels_symbols = symbol: null

2019-08-10 23:47:25 - [TEST_STEP][PASSED] - M4_spin_reels_symbols = M4_spin_reels_symbols: null

2019-08-10 23:47:25 - [TEST_STEP][PASSED] - M4_spin_reel_wins = reel_wins: null

2019-08-10 23:47:25 - [TEST_STEP][PASSED] - M4_spin_reel_wins = M4_spin_reel_wins: null

2019-08-10 23:47:25 - [TEST_STEP][PASSED] - println("GlobalVariable.M4_spin_reel_wins is: " + M4_spin_reel_wins): null

2019-08-10 23:47:25 - [TEST_STEP][PASSED] - M4_spin_total_bonus_win_this_round = total_bonus_win_this_round: null

2019-08-10 23:47:25 - [TEST_STEP][PASSED] - M4_spin_total_bonus_win_this_round = M4_spin_total_bonus_win_this_round: null

2019-08-10 23:47:25 - [TEST_STEP][PASSED] - println("GlobalVariable.M4_spin_total_bonus_win_this_round is: " + M4_spin_total_bonus_win_this_round): null

2019-08-10 23:47:25 - [MESSAGE][PASSED] - Verify response successfully

2019-08-10 23:47:25 - [MESSAGE][PASSED] - Send request and verify the response successfully

2019-08-10 23:47:25 - [TEST_STEP][PASSED] - if (M4_total_bonus_spins_int != 0 &amp;&amp; M4_spin_reels_symbols[2].contains("WILD_ExtraFG") || M4_spin_reels_symbols[3].contains("WILD_ExtraFG")): null

2019-08-10 23:47:25 - [TEST_STEP][PASSED] - free_spin_reel_counter = free_spin_reel_counter: null

2019-08-10 23:47:25 - [TEST_STEP][PASSED] - M4_spin_reels_symbols = M4_spin_reels_symbols: null

2019-08-10 23:47:25 - [TEST_STEP][PASSED] - M4_total_bonus_spins = M4_total_bonus_spins: null

2019-08-10 23:47:25 - [TEST_STEP][PASSED] - spin_result = sendRequestAndVerify(findTestObject("RGS(M4)/1_M4_spin", ["M4_login_user_id":M4_login_user_id, "rgs_session_token":rgs_session_token, "partner":Partner])): Send request and verify the response successfully

2019-08-10 23:47:25 - [TEST_CASE][PASSED] - Start Test Case : Verification: Verification accomplished successfully

2019-08-10 23:47:25 - [TEST_STEP][PASSED] - request = getInstance().getCurrentRequest(): null

2019-08-10 23:47:26 - [TEST_STEP][PASSED] - response = getInstance().getCurrentResponse(): null

2019-08-10 23:47:26 - [TEST_STEP][PASSED] - verifyResponseStatusCode(response, 200): Verify response status code successfully

2019-08-10 23:47:26 - [MESSAGE][PASSED] - Verify response status code successfully

2019-08-10 23:47:26 - [TEST_STEP][PASSED] - getStatusCode()).isEqualTo(200): null

2019-08-10 23:47:26 - [TEST_STEP][PASSED] - newline = System.getProperty("line.separator"): null

2019-08-10 23:47:26 - [TEST_STEP][PASSED] - M4_spin = new groovy.json.JsonSlurper(): null

2019-08-10 23:47:26 - [TEST_STEP][PASSED] - result_M4_spin = M4_spin.parseText(response.getResponseBodyContent()): null

2019-08-10 23:47:26 - [TEST_STEP][PASSED] - M4_spin_current_balance = current_balance: null

2019-08-10 23:47:26 - [TEST_STEP][PASSED] - M4_spin_current_balance = M4_spin_current_balance: null

2019-08-10 23:47:26 - [TEST_STEP][PASSED] - M4_spin_transaction_id = causality: null

2019-08-10 23:47:26 - [TEST_STEP][PASSED] - M4_spin_transaction_id = M4_spin_transaction_id: null

2019-08-10 23:47:26 - [TEST_STEP][PASSED] - M4_spin_round_id = round_id: null

2019-08-10 23:47:26 - [TEST_STEP][PASSED] - M4_spin_round_id = M4_spin_round_id: null

2019-08-10 23:47:26 - [TEST_STEP][PASSED] - M4_spin_line_wins = line_wins: null

2019-08-10 23:47:26 - [TEST_STEP][PASSED] - M4_spin_line_wins = M4_spin_line_wins: null

2019-08-10 23:47:26 - [TEST_STEP][PASSED] - M4_total_bonus_spins_int = total_bonus_spins: null

2019-08-10 23:47:26 - [TEST_STEP][PASSED] - println("******M4_total_bonus_spins type is:*******" + newline + getClass().getName()): null

2019-08-10 23:47:26 - [TEST_STEP][PASSED] - M4_total_bonus_spins_int = M4_total_bonus_spins_int: null

2019-08-10 23:47:26 - [TEST_STEP][PASSED] - M4_total_bonus_spins = Integer.toString(M4_total_bonus_spins_int): null

2019-08-10 23:47:26 - [TEST_STEP][PASSED] - M4_total_bonus_spins = M4_total_bonus_spins: null

2019-08-10 23:47:26 - [TEST_STEP][PASSED] - println("M4_total_bonus_spins is:" + M4_total_bonus_spins): null

2019-08-10 23:47:26 - [TEST_STEP][PASSED] - M4_spin_bonus_data = bonus_data: null

2019-08-10 23:47:26 - [TEST_STEP][PASSED] - M4_spin_features_triggered = result_M4_spin: null

2019-08-10 23:47:26 - [TEST_STEP][PASSED] - wild = []: null

2019-08-10 23:47:26 - [TEST_STEP][PASSED] - wild[0] = "WILD_Expanding": null

2019-08-10 23:47:26 - [TEST_STEP][PASSED] - wild[1] = "WILD_Normal": null

2019-08-10 23:47:26 - [TEST_STEP][PASSED] - wild[2] = "WILD_Double": null

2019-08-10 23:47:26 - [TEST_STEP][PASSED] - wild[3] = "WILD_ExtraFG": null

2019-08-10 23:47:26 - [TEST_STEP][PASSED] - wild[4] = "WILD_Triple": null

2019-08-10 23:47:26 - [TEST_STEP][PASSED] - wildList = Arrays.asList(wild): null

2019-08-10 23:47:26 - [TEST_STEP][PASSED] - wildList = wildList: null

2019-08-10 23:47:26 - [TEST_STEP][PASSED] - free_spin_reel_counter = []: null

2019-08-10 23:47:26 - [TEST_STEP][PASSED] - free_spin_reel_counter[0] = 0: null

2019-08-10 23:47:26 - [TEST_STEP][PASSED] - free_spin_reel_counter[1] = 0: null

2019-08-10 23:47:26 - [TEST_STEP][PASSED] - free_spin_reel_counter[2] = 0: null

2019-08-10 23:47:26 - [TEST_STEP][PASSED] - M4_spin_reels = reels: null

2019-08-10 23:47:26 - [TEST_STEP][PASSED] - for ([i = 0, i &lt; M4_spin_reels.size(), (i++)]): null

2019-08-10 23:47:26 - [TEST_STEP][PASSED] - symbols = symbols: null

2019-08-10 23:47:26 - [TEST_STEP][PASSED] - for ([j = 0, j &lt; symbols.size(), (j++)]): null

2019-08-10 23:47:26 - [TEST_STEP][PASSED] - symbol = symbol: null

2019-08-10 23:47:26 - [TEST_STEP][PASSED] - println(symbol): null

2019-08-10 23:47:26 - [TEST_STEP][PASSED] - if (i == 2 &amp;&amp; wildList.indexOf(symbol) != -1): null

2019-08-10 23:47:26 - [TEST_STEP][PASSED] - if (i == 3 &amp;&amp; wildList.indexOf(symbol) != -1): null

2019-08-10 23:47:26 - [TEST_STEP][PASSED] - if (i == 4 &amp;&amp; wildList.indexOf(symbol) != -1): null

2019-08-10 23:47:26 - [TEST_STEP][PASSED] - symbol = symbol: null

2019-08-10 23:47:26 - [TEST_STEP][PASSED] - println(symbol): null

2019-08-10 23:47:26 - [TEST_STEP][PASSED] - if (i == 2 &amp;&amp; wildList.indexOf(symbol) != -1): null

2019-08-10 23:47:26 - [TEST_STEP][PASSED] - if (i == 3 &amp;&amp; wildList.indexOf(symbol) != -1): null

2019-08-10 23:47:26 - [TEST_STEP][PASSED] - if (i == 4 &amp;&amp; wildList.indexOf(symbol) != -1): null

2019-08-10 23:47:26 - [TEST_STEP][PASSED] - symbol = symbol: null

2019-08-10 23:47:26 - [TEST_STEP][PASSED] - println(symbol): null

2019-08-10 23:47:26 - [TEST_STEP][PASSED] - if (i == 2 &amp;&amp; wildList.indexOf(symbol) != -1): null

2019-08-10 23:47:26 - [TEST_STEP][PASSED] - if (i == 3 &amp;&amp; wildList.indexOf(symbol) != -1): null

2019-08-10 23:47:26 - [TEST_STEP][PASSED] - if (i == 4 &amp;&amp; wildList.indexOf(symbol) != -1): null

2019-08-10 23:47:26 - [TEST_STEP][PASSED] - symbols = symbols: null

2019-08-10 23:47:26 - [TEST_STEP][PASSED] - for ([j = 0, j &lt; symbols.size(), (j++)]): null

2019-08-10 23:47:26 - [TEST_STEP][PASSED] - symbol = symbol: null

2019-08-10 23:47:26 - [TEST_STEP][PASSED] - println(symbol): null

2019-08-10 23:47:26 - [TEST_STEP][PASSED] - if (i == 2 &amp;&amp; wildList.indexOf(symbol) != -1): null

2019-08-10 23:47:26 - [TEST_STEP][PASSED] - if (i == 3 &amp;&amp; wildList.indexOf(symbol) != -1): null

2019-08-10 23:47:26 - [TEST_STEP][PASSED] - if (i == 4 &amp;&amp; wildList.indexOf(symbol) != -1): null

2019-08-10 23:47:26 - [TEST_STEP][PASSED] - symbol = symbol: null

2019-08-10 23:47:26 - [TEST_STEP][PASSED] - println(symbol): null

2019-08-10 23:47:26 - [TEST_STEP][PASSED] - if (i == 2 &amp;&amp; wildList.indexOf(symbol) != -1): null

2019-08-10 23:47:26 - [TEST_STEP][PASSED] - if (i == 3 &amp;&amp; wildList.indexOf(symbol) != -1): null

2019-08-10 23:47:26 - [TEST_STEP][PASSED] - if (i == 4 &amp;&amp; wildList.indexOf(symbol) != -1): null

2019-08-10 23:47:26 - [TEST_STEP][PASSED] - symbol = symbol: null

2019-08-10 23:47:26 - [TEST_STEP][PASSED] - println(symbol): null

2019-08-10 23:47:26 - [TEST_STEP][PASSED] - if (i == 2 &amp;&amp; wildList.indexOf(symbol) != -1): null

2019-08-10 23:47:26 - [TEST_STEP][PASSED] - if (i == 3 &amp;&amp; wildList.indexOf(symbol) != -1): null

2019-08-10 23:47:26 - [TEST_STEP][PASSED] - if (i == 4 &amp;&amp; wildList.indexOf(symbol) != -1): null

2019-08-10 23:47:26 - [TEST_STEP][PASSED] - symbols = symbols: null

2019-08-10 23:47:26 - [TEST_STEP][PASSED] - for ([j = 0, j &lt; symbols.size(), (j++)]): null

2019-08-10 23:47:26 - [TEST_STEP][PASSED] - symbol = symbol: null

2019-08-10 23:47:26 - [TEST_STEP][PASSED] - println(symbol): null

2019-08-10 23:47:26 - [TEST_STEP][PASSED] - if (i == 2 &amp;&amp; wildList.indexOf(symbol) != -1): null

2019-08-10 23:47:26 - [TEST_STEP][PASSED] - if (i == 3 &amp;&amp; wildList.indexOf(symbol) != -1): null

2019-08-10 23:47:26 - [TEST_STEP][PASSED] - if (i == 4 &amp;&amp; wildList.indexOf(symbol) != -1): null

2019-08-10 23:47:26 - [TEST_STEP][PASSED] - symbol = symbol: null

2019-08-10 23:47:26 - [TEST_STEP][PASSED] - println(symbol): null

2019-08-10 23:47:26 - [TEST_STEP][PASSED] - if (i == 2 &amp;&amp; wildList.indexOf(symbol) != -1): null

2019-08-10 23:47:26 - [TEST_STEP][PASSED] - if (i == 3 &amp;&amp; wildList.indexOf(symbol) != -1): null

2019-08-10 23:47:26 - [TEST_STEP][PASSED] - if (i == 4 &amp;&amp; wildList.indexOf(symbol) != -1): null

2019-08-10 23:47:26 - [TEST_STEP][PASSED] - symbol = symbol: null

2019-08-10 23:47:26 - [TEST_STEP][PASSED] - println(symbol): null

2019-08-10 23:47:26 - [TEST_STEP][PASSED] - if (i == 2 &amp;&amp; wildList.indexOf(symbol) != -1): null

2019-08-10 23:47:26 - [TEST_STEP][PASSED] - if (i == 3 &amp;&amp; wildList.indexOf(symbol) != -1): null

2019-08-10 23:47:26 - [TEST_STEP][PASSED] - if (i == 4 &amp;&amp; wildList.indexOf(symbol) != -1): null

2019-08-10 23:47:26 - [TEST_STEP][PASSED] - symbols = symbols: null

2019-08-10 23:47:26 - [TEST_STEP][PASSED] - for ([j = 0, j &lt; symbols.size(), (j++)]): null

2019-08-10 23:47:26 - [TEST_STEP][PASSED] - symbol = symbol: null

2019-08-10 23:47:26 - [TEST_STEP][PASSED] - println(symbol): null

2019-08-10 23:47:26 - [TEST_STEP][PASSED] - if (i == 2 &amp;&amp; wildList.indexOf(symbol) != -1): null

2019-08-10 23:47:26 - [TEST_STEP][PASSED] - if (i == 3 &amp;&amp; wildList.indexOf(symbol) != -1): null

2019-08-10 23:47:26 - [TEST_STEP][PASSED] - if (i == 4 &amp;&amp; wildList.indexOf(symbol) != -1): null

2019-08-10 23:47:26 - [TEST_STEP][PASSED] - symbol = symbol: null

2019-08-10 23:47:26 - [TEST_STEP][PASSED] - println(symbol): null

2019-08-10 23:47:26 - [TEST_STEP][PASSED] - if (i == 2 &amp;&amp; wildList.indexOf(symbol) != -1): null

2019-08-10 23:47:26 - [TEST_STEP][PASSED] - if (i == 3 &amp;&amp; wildList.indexOf(symbol) != -1): null

2019-08-10 23:47:26 - [TEST_STEP][PASSED] - if (i == 4 &amp;&amp; wildList.indexOf(symbol) != -1): null

2019-08-10 23:47:26 - [TEST_STEP][PASSED] - symbol = symbol: null

2019-08-10 23:47:26 - [TEST_STEP][PASSED] - println(symbol): null

2019-08-10 23:47:26 - [TEST_STEP][PASSED] - if (i == 2 &amp;&amp; wildList.indexOf(symbol) != -1): null

2019-08-10 23:47:26 - [TEST_STEP][PASSED] - if (i == 3 &amp;&amp; wildList.indexOf(symbol) != -1): null

2019-08-10 23:47:26 - [TEST_STEP][PASSED] - if (i == 4 &amp;&amp; wildList.indexOf(symbol) != -1): null

2019-08-10 23:47:26 - [TEST_STEP][PASSED] - symbols = symbols: null

2019-08-10 23:47:26 - [TEST_STEP][PASSED] - for ([j = 0, j &lt; symbols.size(), (j++)]): null

2019-08-10 23:47:26 - [TEST_STEP][PASSED] - symbol = symbol: null

2019-08-10 23:47:26 - [TEST_STEP][PASSED] - println(symbol): null

2019-08-10 23:47:26 - [TEST_STEP][PASSED] - if (i == 2 &amp;&amp; wildList.indexOf(symbol) != -1): null

2019-08-10 23:47:26 - [TEST_STEP][PASSED] - if (i == 3 &amp;&amp; wildList.indexOf(symbol) != -1): null

2019-08-10 23:47:26 - [TEST_STEP][PASSED] - if (i == 4 &amp;&amp; wildList.indexOf(symbol) != -1): null

2019-08-10 23:47:26 - [TEST_STEP][PASSED] - symbol = symbol: null

2019-08-10 23:47:26 - [TEST_STEP][PASSED] - println(symbol): null

2019-08-10 23:47:26 - [TEST_STEP][PASSED] - if (i == 2 &amp;&amp; wildList.indexOf(symbol) != -1): null

2019-08-10 23:47:26 - [TEST_STEP][PASSED] - if (i == 3 &amp;&amp; wildList.indexOf(symbol) != -1): null

2019-08-10 23:47:26 - [TEST_STEP][PASSED] - if (i == 4 &amp;&amp; wildList.indexOf(symbol) != -1): null

2019-08-10 23:47:26 - [TEST_STEP][PASSED] - symbol = symbol: null

2019-08-10 23:47:26 - [TEST_STEP][PASSED] - println(symbol): null

2019-08-10 23:47:26 - [TEST_STEP][PASSED] - if (i == 2 &amp;&amp; wildList.indexOf(symbol) != -1): null

2019-08-10 23:47:26 - [TEST_STEP][PASSED] - if (i == 3 &amp;&amp; wildList.indexOf(symbol) != -1): null

2019-08-10 23:47:26 - [TEST_STEP][PASSED] - if (i == 4 &amp;&amp; wildList.indexOf(symbol) != -1): null

2019-08-10 23:47:26 - [TEST_STEP][PASSED] - free_spin_reel_counter = free_spin_reel_counter: null

2019-08-10 23:47:26 - [TEST_STEP][PASSED] - println("reel 3 wild found: " + free_spin_reel_counter[0]): null

2019-08-10 23:47:26 - [TEST_STEP][PASSED] - println("reel 4 wild found: " + free_spin_reel_counter[1]): null

2019-08-10 23:47:26 - [TEST_STEP][PASSED] - println("reel 5 wild found: " + free_spin_reel_counter[2]): null

2019-08-10 23:47:26 - [TEST_STEP][PASSED] - M4_spin_reels = M4_spin_reels: null

2019-08-10 23:47:26 - [TEST_STEP][PASSED] - M4_spin_reels_symbols = symbol: null

2019-08-10 23:47:26 - [TEST_STEP][PASSED] - M4_spin_reels_symbols = M4_spin_reels_symbols: null

2019-08-10 23:47:26 - [TEST_STEP][PASSED] - M4_spin_reel_wins = reel_wins: null

2019-08-10 23:47:26 - [TEST_STEP][PASSED] - M4_spin_reel_wins = M4_spin_reel_wins: null

2019-08-10 23:47:26 - [TEST_STEP][PASSED] - println("GlobalVariable.M4_spin_reel_wins is: " + M4_spin_reel_wins): null

2019-08-10 23:47:26 - [TEST_STEP][PASSED] - M4_spin_total_bonus_win_this_round = total_bonus_win_this_round: null

2019-08-10 23:47:26 - [TEST_STEP][PASSED] - M4_spin_total_bonus_win_this_round = M4_spin_total_bonus_win_this_round: null

2019-08-10 23:47:26 - [TEST_STEP][PASSED] - println("GlobalVariable.M4_spin_total_bonus_win_this_round is: " + M4_spin_total_bonus_win_this_round): null

2019-08-10 23:47:26 - [MESSAGE][PASSED] - Verify response successfully

2019-08-10 23:47:26 - [MESSAGE][PASSED] - Send request and verify the response successfully

2019-08-10 23:47:26 - [TEST_STEP][PASSED] - if (M4_total_bonus_spins_int != 0 &amp;&amp; M4_spin_reels_symbols[2].contains("WILD_ExtraFG") || M4_spin_reels_symbols[3].contains("WILD_ExtraFG")): null

2019-08-10 23:47:26 - [TEST_STEP][PASSED] - free_spin_reel_counter = free_spin_reel_counter: null

2019-08-10 23:47:26 - [TEST_STEP][PASSED] - M4_spin_reels_symbols = M4_spin_reels_symbols: null

2019-08-10 23:47:26 - [TEST_STEP][PASSED] - M4_total_bonus_spins = M4_total_bonus_spins: null

2019-08-10 23:47:26 - [TEST_STEP][PASSED] - spin_result = sendRequestAndVerify(findTestObject("RGS(M4)/1_M4_spin", ["M4_login_user_id":M4_login_user_id, "rgs_session_token":rgs_session_token, "partner":Partner])): Send request and verify the response successfully

2019-08-10 23:47:26 - [TEST_CASE][PASSED] - Start Test Case : Verification: Verification accomplished successfully

2019-08-10 23:47:26 - [TEST_STEP][PASSED] - request = getInstance().getCurrentRequest(): null

2019-08-10 23:47:26 - [TEST_STEP][PASSED] - response = getInstance().getCurrentResponse(): null

2019-08-10 23:47:26 - [TEST_STEP][PASSED] - verifyResponseStatusCode(response, 200): Verify response status code successfully

2019-08-10 23:47:26 - [MESSAGE][PASSED] - Verify response status code successfully

2019-08-10 23:47:26 - [TEST_STEP][PASSED] - getStatusCode()).isEqualTo(200): null

2019-08-10 23:47:26 - [TEST_STEP][PASSED] - newline = System.getProperty("line.separator"): null

2019-08-10 23:47:26 - [TEST_STEP][PASSED] - M4_spin = new groovy.json.JsonSlurper(): null

2019-08-10 23:47:26 - [TEST_STEP][PASSED] - result_M4_spin = M4_spin.parseText(response.getResponseBodyContent()): null

2019-08-10 23:47:26 - [TEST_STEP][PASSED] - M4_spin_current_balance = current_balance: null

2019-08-10 23:47:26 - [TEST_STEP][PASSED] - M4_spin_current_balance = M4_spin_current_balance: null

2019-08-10 23:47:26 - [TEST_STEP][PASSED] - M4_spin_transaction_id = causality: null

2019-08-10 23:47:26 - [TEST_STEP][PASSED] - M4_spin_transaction_id = M4_spin_transaction_id: null

2019-08-10 23:47:26 - [TEST_STEP][PASSED] - M4_spin_round_id = round_id: null

2019-08-10 23:47:26 - [TEST_STEP][PASSED] - M4_spin_round_id = M4_spin_round_id: null

2019-08-10 23:47:26 - [TEST_STEP][PASSED] - M4_spin_line_wins = line_wins: null

2019-08-10 23:47:26 - [TEST_STEP][PASSED] - M4_spin_line_wins = M4_spin_line_wins: null

2019-08-10 23:47:26 - [TEST_STEP][PASSED] - M4_total_bonus_spins_int = total_bonus_spins: null

2019-08-10 23:47:26 - [TEST_STEP][PASSED] - println("******M4_total_bonus_spins type is:*******" + newline + getClass().getName()): null

2019-08-10 23:47:26 - [TEST_STEP][PASSED] - M4_total_bonus_spins_int = M4_total_bonus_spins_int: null

2019-08-10 23:47:26 - [TEST_STEP][PASSED] - M4_total_bonus_spins = Integer.toString(M4_total_bonus_spins_int): null

2019-08-10 23:47:26 - [TEST_STEP][PASSED] - M4_total_bonus_spins = M4_total_bonus_spins: null

2019-08-10 23:47:26 - [TEST_STEP][PASSED] - println("M4_total_bonus_spins is:" + M4_total_bonus_spins): null

2019-08-10 23:47:26 - [TEST_STEP][PASSED] - M4_spin_bonus_data = bonus_data: null

2019-08-10 23:47:26 - [TEST_STEP][PASSED] - M4_spin_features_triggered = result_M4_spin: null

2019-08-10 23:47:26 - [TEST_STEP][PASSED] - wild = []: null

2019-08-10 23:47:26 - [TEST_STEP][PASSED] - wild[0] = "WILD_Expanding": null

2019-08-10 23:47:26 - [TEST_STEP][PASSED] - wild[1] = "WILD_Normal": null

2019-08-10 23:47:26 - [TEST_STEP][PASSED] - wild[2] = "WILD_Double": null

2019-08-10 23:47:26 - [TEST_STEP][PASSED] - wild[3] = "WILD_ExtraFG": null

2019-08-10 23:47:26 - [TEST_STEP][PASSED] - wild[4] = "WILD_Triple": null

2019-08-10 23:47:26 - [TEST_STEP][PASSED] - wildList = Arrays.asList(wild): null

2019-08-10 23:47:26 - [TEST_STEP][PASSED] - wildList = wildList: null

2019-08-10 23:47:26 - [TEST_STEP][PASSED] - free_spin_reel_counter = []: null

2019-08-10 23:47:26 - [TEST_STEP][PASSED] - free_spin_reel_counter[0] = 0: null

2019-08-10 23:47:26 - [TEST_STEP][PASSED] - free_spin_reel_counter[1] = 0: null

2019-08-10 23:47:26 - [TEST_STEP][PASSED] - free_spin_reel_counter[2] = 0: null

2019-08-10 23:47:26 - [TEST_STEP][PASSED] - M4_spin_reels = reels: null

2019-08-10 23:47:26 - [TEST_STEP][PASSED] - for ([i = 0, i &lt; M4_spin_reels.size(), (i++)]): null

2019-08-10 23:47:26 - [TEST_STEP][PASSED] - symbols = symbols: null

2019-08-10 23:47:26 - [TEST_STEP][PASSED] - for ([j = 0, j &lt; symbols.size(), (j++)]): null

2019-08-10 23:47:26 - [TEST_STEP][PASSED] - symbol = symbol: null

2019-08-10 23:47:26 - [TEST_STEP][PASSED] - println(symbol): null

2019-08-10 23:47:26 - [TEST_STEP][PASSED] - if (i == 2 &amp;&amp; wildList.indexOf(symbol) != -1): null

2019-08-10 23:47:26 - [TEST_STEP][PASSED] - if (i == 3 &amp;&amp; wildList.indexOf(symbol) != -1): null

2019-08-10 23:47:26 - [TEST_STEP][PASSED] - if (i == 4 &amp;&amp; wildList.indexOf(symbol) != -1): null

2019-08-10 23:47:26 - [TEST_STEP][PASSED] - symbol = symbol: null

2019-08-10 23:47:26 - [TEST_STEP][PASSED] - println(symbol): null

2019-08-10 23:47:26 - [TEST_STEP][PASSED] - if (i == 2 &amp;&amp; wildList.indexOf(symbol) != -1): null

2019-08-10 23:47:26 - [TEST_STEP][PASSED] - if (i == 3 &amp;&amp; wildList.indexOf(symbol) != -1): null

2019-08-10 23:47:26 - [TEST_STEP][PASSED] - if (i == 4 &amp;&amp; wildList.indexOf(symbol) != -1): null

2019-08-10 23:47:26 - [TEST_STEP][PASSED] - symbol = symbol: null

2019-08-10 23:47:26 - [TEST_STEP][PASSED] - println(symbol): null

2019-08-10 23:47:26 - [TEST_STEP][PASSED] - if (i == 2 &amp;&amp; wildList.indexOf(symbol) != -1): null

2019-08-10 23:47:26 - [TEST_STEP][PASSED] - if (i == 3 &amp;&amp; wildList.indexOf(symbol) != -1): null

2019-08-10 23:47:26 - [TEST_STEP][PASSED] - if (i == 4 &amp;&amp; wildList.indexOf(symbol) != -1): null

2019-08-10 23:47:26 - [TEST_STEP][PASSED] - symbols = symbols: null

2019-08-10 23:47:26 - [TEST_STEP][PASSED] - for ([j = 0, j &lt; symbols.size(), (j++)]): null

2019-08-10 23:47:26 - [TEST_STEP][PASSED] - symbol = symbol: null

2019-08-10 23:47:26 - [TEST_STEP][PASSED] - println(symbol): null

2019-08-10 23:47:26 - [TEST_STEP][PASSED] - if (i == 2 &amp;&amp; wildList.indexOf(symbol) != -1): null

2019-08-10 23:47:26 - [TEST_STEP][PASSED] - if (i == 3 &amp;&amp; wildList.indexOf(symbol) != -1): null

2019-08-10 23:47:26 - [TEST_STEP][PASSED] - if (i == 4 &amp;&amp; wildList.indexOf(symbol) != -1): null

2019-08-10 23:47:26 - [TEST_STEP][PASSED] - symbol = symbol: null

2019-08-10 23:47:26 - [TEST_STEP][PASSED] - println(symbol): null

2019-08-10 23:47:26 - [TEST_STEP][PASSED] - if (i == 2 &amp;&amp; wildList.indexOf(symbol) != -1): null

2019-08-10 23:47:26 - [TEST_STEP][PASSED] - if (i == 3 &amp;&amp; wildList.indexOf(symbol) != -1): null

2019-08-10 23:47:26 - [TEST_STEP][PASSED] - if (i == 4 &amp;&amp; wildList.indexOf(symbol) != -1): null

2019-08-10 23:47:26 - [TEST_STEP][PASSED] - symbol = symbol: null

2019-08-10 23:47:26 - [TEST_STEP][PASSED] - println(symbol): null

2019-08-10 23:47:26 - [TEST_STEP][PASSED] - if (i == 2 &amp;&amp; wildList.indexOf(symbol) != -1): null

2019-08-10 23:47:26 - [TEST_STEP][PASSED] - if (i == 3 &amp;&amp; wildList.indexOf(symbol) != -1): null

2019-08-10 23:47:26 - [TEST_STEP][PASSED] - if (i == 4 &amp;&amp; wildList.indexOf(symbol) != -1): null

2019-08-10 23:47:26 - [TEST_STEP][PASSED] - symbols = symbols: null

2019-08-10 23:47:26 - [TEST_STEP][PASSED] - for ([j = 0, j &lt; symbols.size(), (j++)]): null

2019-08-10 23:47:26 - [TEST_STEP][PASSED] - symbol = symbol: null

2019-08-10 23:47:26 - [TEST_STEP][PASSED] - println(symbol): null

2019-08-10 23:47:26 - [TEST_STEP][PASSED] - if (i == 2 &amp;&amp; wildList.indexOf(symbol) != -1): null

2019-08-10 23:47:26 - [TEST_STEP][PASSED] - if (i == 3 &amp;&amp; wildList.indexOf(symbol) != -1): null

2019-08-10 23:47:26 - [TEST_STEP][PASSED] - if (i == 4 &amp;&amp; wildList.indexOf(symbol) != -1): null

2019-08-10 23:47:26 - [TEST_STEP][PASSED] - symbol = symbol: null

2019-08-10 23:47:26 - [TEST_STEP][PASSED] - println(symbol): null

2019-08-10 23:47:26 - [TEST_STEP][PASSED] - if (i == 2 &amp;&amp; wildList.indexOf(symbol) != -1): null

2019-08-10 23:47:26 - [TEST_STEP][PASSED] - if (i == 3 &amp;&amp; wildList.indexOf(symbol) != -1): null

2019-08-10 23:47:26 - [TEST_STEP][PASSED] - if (i == 4 &amp;&amp; wildList.indexOf(symbol) != -1): null

2019-08-10 23:47:26 - [TEST_STEP][PASSED] - symbol = symbol: null

2019-08-10 23:47:26 - [TEST_STEP][PASSED] - println(symbol): null

2019-08-10 23:47:26 - [TEST_STEP][PASSED] - if (i == 2 &amp;&amp; wildList.indexOf(symbol) != -1): null

2019-08-10 23:47:26 - [TEST_STEP][PASSED] - println("wild found on reel 3, adding counter by 1"): null

2019-08-10 23:47:26 - [TEST_STEP][PASSED] - free_spin_reel_counter[0] = free_spin_reel_counter[0] + 1: null

2019-08-10 23:47:26 - [TEST_STEP][PASSED] - if (i == 3 &amp;&amp; wildList.indexOf(symbol) != -1): null

2019-08-10 23:47:26 - [TEST_STEP][PASSED] - if (i == 4 &amp;&amp; wildList.indexOf(symbol) != -1): null

2019-08-10 23:47:26 - [TEST_STEP][PASSED] - symbols = symbols: null

2019-08-10 23:47:26 - [TEST_STEP][PASSED] - for ([j = 0, j &lt; symbols.size(), (j++)]): null

2019-08-10 23:47:26 - [TEST_STEP][PASSED] - symbol = symbol: null

2019-08-10 23:47:26 - [TEST_STEP][PASSED] - println(symbol): null

2019-08-10 23:47:26 - [TEST_STEP][PASSED] - if (i == 2 &amp;&amp; wildList.indexOf(symbol) != -1): null

2019-08-10 23:47:26 - [TEST_STEP][PASSED] - if (i == 3 &amp;&amp; wildList.indexOf(symbol) != -1): null

2019-08-10 23:47:26 - [TEST_STEP][PASSED] - if (i == 4 &amp;&amp; wildList.indexOf(symbol) != -1): null

2019-08-10 23:47:26 - [TEST_STEP][PASSED] - symbol = symbol: null

2019-08-10 23:47:26 - [TEST_STEP][PASSED] - println(symbol): null

2019-08-10 23:47:26 - [TEST_STEP][PASSED] - if (i == 2 &amp;&amp; wildList.indexOf(symbol) != -1): null

2019-08-10 23:47:26 - [TEST_STEP][PASSED] - if (i == 3 &amp;&amp; wildList.indexOf(symbol) != -1): null

2019-08-10 23:47:26 - [TEST_STEP][PASSED] - if (i == 4 &amp;&amp; wildList.indexOf(symbol) != -1): null

2019-08-10 23:47:26 - [TEST_STEP][PASSED] - symbol = symbol: null

2019-08-10 23:47:26 - [TEST_STEP][PASSED] - println(symbol): null

2019-08-10 23:47:26 - [TEST_STEP][PASSED] - if (i == 2 &amp;&amp; wildList.indexOf(symbol) != -1): null

2019-08-10 23:47:26 - [TEST_STEP][PASSED] - if (i == 3 &amp;&amp; wildList.indexOf(symbol) != -1): null

2019-08-10 23:47:26 - [TEST_STEP][PASSED] - if (i == 4 &amp;&amp; wildList.indexOf(symbol) != -1): null

2019-08-10 23:47:26 - [TEST_STEP][PASSED] - symbols = symbols: null

2019-08-10 23:47:26 - [TEST_STEP][PASSED] - for ([j = 0, j &lt; symbols.size(), (j++)]): null

2019-08-10 23:47:26 - [TEST_STEP][PASSED] - symbol = symbol: null

2019-08-10 23:47:26 - [TEST_STEP][PASSED] - println(symbol): null

2019-08-10 23:47:26 - [TEST_STEP][PASSED] - if (i == 2 &amp;&amp; wildList.indexOf(symbol) != -1): null

2019-08-10 23:47:26 - [TEST_STEP][PASSED] - if (i == 3 &amp;&amp; wildList.indexOf(symbol) != -1): null

2019-08-10 23:47:26 - [TEST_STEP][PASSED] - if (i == 4 &amp;&amp; wildList.indexOf(symbol) != -1): null

2019-08-10 23:47:26 - [TEST_STEP][PASSED] - symbol = symbol: null

2019-08-10 23:47:26 - [TEST_STEP][PASSED] - println(symbol): null

2019-08-10 23:47:26 - [TEST_STEP][PASSED] - if (i == 2 &amp;&amp; wildList.indexOf(symbol) != -1): null

2019-08-10 23:47:26 - [TEST_STEP][PASSED] - if (i == 3 &amp;&amp; wildList.indexOf(symbol) != -1): null

2019-08-10 23:47:26 - [TEST_STEP][PASSED] - if (i == 4 &amp;&amp; wildList.indexOf(symbol) != -1): null

2019-08-10 23:47:26 - [TEST_STEP][PASSED] - symbol = symbol: null

2019-08-10 23:47:26 - [TEST_STEP][PASSED] - println(symbol): null

2019-08-10 23:47:26 - [TEST_STEP][PASSED] - if (i == 2 &amp;&amp; wildList.indexOf(symbol) != -1): null

2019-08-10 23:47:26 - [TEST_STEP][PASSED] - if (i == 3 &amp;&amp; wildList.indexOf(symbol) != -1): null

2019-08-10 23:47:26 - [TEST_STEP][PASSED] - if (i == 4 &amp;&amp; wildList.indexOf(symbol) != -1): null

2019-08-10 23:47:26 - [TEST_STEP][PASSED] - free_spin_reel_counter = free_spin_reel_counter: null

2019-08-10 23:47:26 - [TEST_STEP][PASSED] - println("reel 3 wild found: " + free_spin_reel_counter[0]): null

2019-08-10 23:47:26 - [TEST_STEP][PASSED] - println("reel 4 wild found: " + free_spin_reel_counter[1]): null

2019-08-10 23:47:26 - [TEST_STEP][PASSED] - println("reel 5 wild found: " + free_spin_reel_counter[2]): null

2019-08-10 23:47:26 - [TEST_STEP][PASSED] - M4_spin_reels = M4_spin_reels: null

2019-08-10 23:47:26 - [TEST_STEP][PASSED] - M4_spin_reels_symbols = symbol: null

2019-08-10 23:47:26 - [TEST_STEP][PASSED] - M4_spin_reels_symbols = M4_spin_reels_symbols: null

2019-08-10 23:47:26 - [TEST_STEP][PASSED] - M4_spin_reel_wins = reel_wins: null

2019-08-10 23:47:26 - [TEST_STEP][PASSED] - M4_spin_reel_wins = M4_spin_reel_wins: null

2019-08-10 23:47:26 - [TEST_STEP][PASSED] - println("GlobalVariable.M4_spin_reel_wins is: " + M4_spin_reel_wins): null

2019-08-10 23:47:26 - [TEST_STEP][PASSED] - M4_spin_total_bonus_win_this_round = total_bonus_win_this_round: null

2019-08-10 23:47:26 - [TEST_STEP][PASSED] - M4_spin_total_bonus_win_this_round = M4_spin_total_bonus_win_this_round: null

2019-08-10 23:47:26 - [TEST_STEP][PASSED] - println("GlobalVariable.M4_spin_total_bonus_win_this_round is: " + M4_spin_total_bonus_win_this_round): null

2019-08-10 23:47:26 - [MESSAGE][PASSED] - Verify response successfully

2019-08-10 23:47:26 - [MESSAGE][PASSED] - Send request and verify the response successfully

2019-08-10 23:47:26 - [TEST_STEP][PASSED] - if (M4_total_bonus_spins_int != 0 &amp;&amp; M4_spin_reels_symbols[2].contains("WILD_ExtraFG") || M4_spin_reels_symbols[3].contains("WILD_ExtraFG")): null

2019-08-10 23:47:26 - [TEST_STEP][PASSED] - free_spin_reel_counter = free_spin_reel_counter: null

2019-08-10 23:47:26 - [TEST_STEP][PASSED] - M4_spin_reels_symbols = M4_spin_reels_symbols: null

2019-08-10 23:47:26 - [TEST_STEP][PASSED] - M4_total_bonus_spins = M4_total_bonus_spins: null

2019-08-10 23:47:26 - [TEST_STEP][PASSED] - spin_result = sendRequestAndVerify(findTestObject("RGS(M4)/1_M4_spin", ["M4_login_user_id":M4_login_user_id, "rgs_session_token":rgs_session_token, "partner":Partner])): Send request and verify the response successfully

2019-08-10 23:47:27 - [TEST_CASE][PASSED] - Start Test Case : Verification: Verification accomplished successfully

2019-08-10 23:47:27 - [TEST_STEP][PASSED] - request = getInstance().getCurrentRequest(): null

2019-08-10 23:47:27 - [TEST_STEP][PASSED] - response = getInstance().getCurrentResponse(): null

2019-08-10 23:47:27 - [TEST_STEP][PASSED] - verifyResponseStatusCode(response, 200): Verify response status code successfully

2019-08-10 23:47:27 - [MESSAGE][PASSED] - Verify response status code successfully

2019-08-10 23:47:27 - [TEST_STEP][PASSED] - getStatusCode()).isEqualTo(200): null

2019-08-10 23:47:27 - [TEST_STEP][PASSED] - newline = System.getProperty("line.separator"): null

2019-08-10 23:47:27 - [TEST_STEP][PASSED] - M4_spin = new groovy.json.JsonSlurper(): null

2019-08-10 23:47:27 - [TEST_STEP][PASSED] - result_M4_spin = M4_spin.parseText(response.getResponseBodyContent()): null

2019-08-10 23:47:27 - [TEST_STEP][PASSED] - M4_spin_current_balance = current_balance: null

2019-08-10 23:47:27 - [TEST_STEP][PASSED] - M4_spin_current_balance = M4_spin_current_balance: null

2019-08-10 23:47:27 - [TEST_STEP][PASSED] - M4_spin_transaction_id = causality: null

2019-08-10 23:47:27 - [TEST_STEP][PASSED] - M4_spin_transaction_id = M4_spin_transaction_id: null

2019-08-10 23:47:27 - [TEST_STEP][PASSED] - M4_spin_round_id = round_id: null

2019-08-10 23:47:27 - [TEST_STEP][PASSED] - M4_spin_round_id = M4_spin_round_id: null

2019-08-10 23:47:27 - [TEST_STEP][PASSED] - M4_spin_line_wins = line_wins: null

2019-08-10 23:47:27 - [TEST_STEP][PASSED] - M4_spin_line_wins = M4_spin_line_wins: null

2019-08-10 23:47:27 - [TEST_STEP][PASSED] - M4_total_bonus_spins_int = total_bonus_spins: null

2019-08-10 23:47:27 - [TEST_STEP][PASSED] - println("******M4_total_bonus_spins type is:*******" + newline + getClass().getName()): null

2019-08-10 23:47:27 - [TEST_STEP][PASSED] - M4_total_bonus_spins_int = M4_total_bonus_spins_int: null

2019-08-10 23:47:27 - [TEST_STEP][PASSED] - M4_total_bonus_spins = Integer.toString(M4_total_bonus_spins_int): null

2019-08-10 23:47:27 - [TEST_STEP][PASSED] - M4_total_bonus_spins = M4_total_bonus_spins: null

2019-08-10 23:47:27 - [TEST_STEP][PASSED] - println("M4_total_bonus_spins is:" + M4_total_bonus_spins): null

2019-08-10 23:47:27 - [TEST_STEP][PASSED] - M4_spin_bonus_data = bonus_data: null

2019-08-10 23:47:27 - [TEST_STEP][PASSED] - M4_spin_features_triggered = result_M4_spin: null

2019-08-10 23:47:27 - [TEST_STEP][PASSED] - wild = []: null

2019-08-10 23:47:27 - [TEST_STEP][PASSED] - wild[0] = "WILD_Expanding": null

2019-08-10 23:47:27 - [TEST_STEP][PASSED] - wild[1] = "WILD_Normal": null

2019-08-10 23:47:27 - [TEST_STEP][PASSED] - wild[2] = "WILD_Double": null

2019-08-10 23:47:27 - [TEST_STEP][PASSED] - wild[3] = "WILD_ExtraFG": null

2019-08-10 23:47:27 - [TEST_STEP][PASSED] - wild[4] = "WILD_Triple": null

2019-08-10 23:47:27 - [TEST_STEP][PASSED] - wildList = Arrays.asList(wild): null

2019-08-10 23:47:27 - [TEST_STEP][PASSED] - wildList = wildList: null

2019-08-10 23:47:27 - [TEST_STEP][PASSED] - free_spin_reel_counter = []: null

2019-08-10 23:47:27 - [TEST_STEP][PASSED] - free_spin_reel_counter[0] = 0: null

2019-08-10 23:47:27 - [TEST_STEP][PASSED] - free_spin_reel_counter[1] = 0: null

2019-08-10 23:47:27 - [TEST_STEP][PASSED] - free_spin_reel_counter[2] = 0: null

2019-08-10 23:47:27 - [TEST_STEP][PASSED] - M4_spin_reels = reels: null

2019-08-10 23:47:27 - [TEST_STEP][PASSED] - for ([i = 0, i &lt; M4_spin_reels.size(), (i++)]): null

2019-08-10 23:47:27 - [TEST_STEP][PASSED] - symbols = symbols: null

2019-08-10 23:47:27 - [TEST_STEP][PASSED] - for ([j = 0, j &lt; symbols.size(), (j++)]): null

2019-08-10 23:47:27 - [TEST_STEP][PASSED] - symbol = symbol: null

2019-08-10 23:47:27 - [TEST_STEP][PASSED] - println(symbol): null

2019-08-10 23:47:27 - [TEST_STEP][PASSED] - if (i == 2 &amp;&amp; wildList.indexOf(symbol) != -1): null

2019-08-10 23:47:27 - [TEST_STEP][PASSED] - if (i == 3 &amp;&amp; wildList.indexOf(symbol) != -1): null

2019-08-10 23:47:27 - [TEST_STEP][PASSED] - if (i == 4 &amp;&amp; wildList.indexOf(symbol) != -1): null

2019-08-10 23:47:27 - [TEST_STEP][PASSED] - symbol = symbol: null

2019-08-10 23:47:27 - [TEST_STEP][PASSED] - println(symbol): null

2019-08-10 23:47:27 - [TEST_STEP][PASSED] - if (i == 2 &amp;&amp; wildList.indexOf(symbol) != -1): null

2019-08-10 23:47:27 - [TEST_STEP][PASSED] - if (i == 3 &amp;&amp; wildList.indexOf(symbol) != -1): null

2019-08-10 23:47:27 - [TEST_STEP][PASSED] - if (i == 4 &amp;&amp; wildList.indexOf(symbol) != -1): null

2019-08-10 23:47:27 - [TEST_STEP][PASSED] - symbol = symbol: null

2019-08-10 23:47:27 - [TEST_STEP][PASSED] - println(symbol): null

2019-08-10 23:47:27 - [TEST_STEP][PASSED] - if (i == 2 &amp;&amp; wildList.indexOf(symbol) != -1): null

2019-08-10 23:47:27 - [TEST_STEP][PASSED] - if (i == 3 &amp;&amp; wildList.indexOf(symbol) != -1): null

2019-08-10 23:47:27 - [TEST_STEP][PASSED] - if (i == 4 &amp;&amp; wildList.indexOf(symbol) != -1): null

2019-08-10 23:47:27 - [TEST_STEP][PASSED] - symbols = symbols: null

2019-08-10 23:47:27 - [TEST_STEP][PASSED] - for ([j = 0, j &lt; symbols.size(), (j++)]): null

2019-08-10 23:47:27 - [TEST_STEP][PASSED] - symbol = symbol: null

2019-08-10 23:47:27 - [TEST_STEP][PASSED] - println(symbol): null

2019-08-10 23:47:27 - [TEST_STEP][PASSED] - if (i == 2 &amp;&amp; wildList.indexOf(symbol) != -1): null

2019-08-10 23:47:27 - [TEST_STEP][PASSED] - if (i == 3 &amp;&amp; wildList.indexOf(symbol) != -1): null

2019-08-10 23:47:27 - [TEST_STEP][PASSED] - if (i == 4 &amp;&amp; wildList.indexOf(symbol) != -1): null

2019-08-10 23:47:27 - [TEST_STEP][PASSED] - symbol = symbol: null

2019-08-10 23:47:27 - [TEST_STEP][PASSED] - println(symbol): null

2019-08-10 23:47:27 - [TEST_STEP][PASSED] - if (i == 2 &amp;&amp; wildList.indexOf(symbol) != -1): null

2019-08-10 23:47:27 - [TEST_STEP][PASSED] - if (i == 3 &amp;&amp; wildList.indexOf(symbol) != -1): null

2019-08-10 23:47:27 - [TEST_STEP][PASSED] - if (i == 4 &amp;&amp; wildList.indexOf(symbol) != -1): null

2019-08-10 23:47:27 - [TEST_STEP][PASSED] - symbol = symbol: null

2019-08-10 23:47:27 - [TEST_STEP][PASSED] - println(symbol): null

2019-08-10 23:47:27 - [TEST_STEP][PASSED] - if (i == 2 &amp;&amp; wildList.indexOf(symbol) != -1): null

2019-08-10 23:47:27 - [TEST_STEP][PASSED] - if (i == 3 &amp;&amp; wildList.indexOf(symbol) != -1): null

2019-08-10 23:47:27 - [TEST_STEP][PASSED] - if (i == 4 &amp;&amp; wildList.indexOf(symbol) != -1): null

2019-08-10 23:47:27 - [TEST_STEP][PASSED] - symbols = symbols: null

2019-08-10 23:47:27 - [TEST_STEP][PASSED] - for ([j = 0, j &lt; symbols.size(), (j++)]): null

2019-08-10 23:47:27 - [TEST_STEP][PASSED] - symbol = symbol: null

2019-08-10 23:47:27 - [TEST_STEP][PASSED] - println(symbol): null

2019-08-10 23:47:27 - [TEST_STEP][PASSED] - if (i == 2 &amp;&amp; wildList.indexOf(symbol) != -1): null

2019-08-10 23:47:27 - [TEST_STEP][PASSED] - if (i == 3 &amp;&amp; wildList.indexOf(symbol) != -1): null

2019-08-10 23:47:27 - [TEST_STEP][PASSED] - if (i == 4 &amp;&amp; wildList.indexOf(symbol) != -1): null

2019-08-10 23:47:27 - [TEST_STEP][PASSED] - symbol = symbol: null

2019-08-10 23:47:27 - [TEST_STEP][PASSED] - println(symbol): null

2019-08-10 23:47:27 - [TEST_STEP][PASSED] - if (i == 2 &amp;&amp; wildList.indexOf(symbol) != -1): null

2019-08-10 23:47:27 - [TEST_STEP][PASSED] - if (i == 3 &amp;&amp; wildList.indexOf(symbol) != -1): null

2019-08-10 23:47:27 - [TEST_STEP][PASSED] - if (i == 4 &amp;&amp; wildList.indexOf(symbol) != -1): null

2019-08-10 23:47:27 - [TEST_STEP][PASSED] - symbol = symbol: null

2019-08-10 23:47:27 - [TEST_STEP][PASSED] - println(symbol): null

2019-08-10 23:47:27 - [TEST_STEP][PASSED] - if (i == 2 &amp;&amp; wildList.indexOf(symbol) != -1): null

2019-08-10 23:47:27 - [TEST_STEP][PASSED] - if (i == 3 &amp;&amp; wildList.indexOf(symbol) != -1): null

2019-08-10 23:47:27 - [TEST_STEP][PASSED] - if (i == 4 &amp;&amp; wildList.indexOf(symbol) != -1): null

2019-08-10 23:47:27 - [TEST_STEP][PASSED] - symbols = symbols: null

2019-08-10 23:47:27 - [TEST_STEP][PASSED] - for ([j = 0, j &lt; symbols.size(), (j++)]): null

2019-08-10 23:47:27 - [TEST_STEP][PASSED] - symbol = symbol: null

2019-08-10 23:47:27 - [TEST_STEP][PASSED] - println(symbol): null

2019-08-10 23:47:27 - [TEST_STEP][PASSED] - if (i == 2 &amp;&amp; wildList.indexOf(symbol) != -1): null

2019-08-10 23:47:27 - [TEST_STEP][PASSED] - if (i == 3 &amp;&amp; wildList.indexOf(symbol) != -1): null

2019-08-10 23:47:27 - [TEST_STEP][PASSED] - if (i == 4 &amp;&amp; wildList.indexOf(symbol) != -1): null

2019-08-10 23:47:27 - [TEST_STEP][PASSED] - symbol = symbol: null

2019-08-10 23:47:27 - [TEST_STEP][PASSED] - println(symbol): null

2019-08-10 23:47:27 - [TEST_STEP][PASSED] - if (i == 2 &amp;&amp; wildList.indexOf(symbol) != -1): null

2019-08-10 23:47:27 - [TEST_STEP][PASSED] - if (i == 3 &amp;&amp; wildList.indexOf(symbol) != -1): null

2019-08-10 23:47:27 - [TEST_STEP][PASSED] - if (i == 4 &amp;&amp; wildList.indexOf(symbol) != -1): null

2019-08-10 23:47:27 - [TEST_STEP][PASSED] - symbol = symbol: null

2019-08-10 23:47:27 - [TEST_STEP][PASSED] - println(symbol): null

2019-08-10 23:47:27 - [TEST_STEP][PASSED] - if (i == 2 &amp;&amp; wildList.indexOf(symbol) != -1): null

2019-08-10 23:47:27 - [TEST_STEP][PASSED] - if (i == 3 &amp;&amp; wildList.indexOf(symbol) != -1): null

2019-08-10 23:47:27 - [TEST_STEP][PASSED] - if (i == 4 &amp;&amp; wildList.indexOf(symbol) != -1): null

2019-08-10 23:47:27 - [TEST_STEP][PASSED] - symbols = symbols: null

2019-08-10 23:47:27 - [TEST_STEP][PASSED] - for ([j = 0, j &lt; symbols.size(), (j++)]): null

2019-08-10 23:47:27 - [TEST_STEP][PASSED] - symbol = symbol: null

2019-08-10 23:47:27 - [TEST_STEP][PASSED] - println(symbol): null

2019-08-10 23:47:27 - [TEST_STEP][PASSED] - if (i == 2 &amp;&amp; wildList.indexOf(symbol) != -1): null

2019-08-10 23:47:27 - [TEST_STEP][PASSED] - if (i == 3 &amp;&amp; wildList.indexOf(symbol) != -1): null

2019-08-10 23:47:27 - [TEST_STEP][PASSED] - if (i == 4 &amp;&amp; wildList.indexOf(symbol) != -1): null

2019-08-10 23:47:27 - [TEST_STEP][PASSED] - symbol = symbol: null

2019-08-10 23:47:27 - [TEST_STEP][PASSED] - println(symbol): null

2019-08-10 23:47:27 - [TEST_STEP][PASSED] - if (i == 2 &amp;&amp; wildList.indexOf(symbol) != -1): null

2019-08-10 23:47:27 - [TEST_STEP][PASSED] - if (i == 3 &amp;&amp; wildList.indexOf(symbol) != -1): null

2019-08-10 23:47:27 - [TEST_STEP][PASSED] - if (i == 4 &amp;&amp; wildList.indexOf(symbol) != -1): null

2019-08-10 23:47:27 - [TEST_STEP][PASSED] - symbol = symbol: null

2019-08-10 23:47:27 - [TEST_STEP][PASSED] - println(symbol): null

2019-08-10 23:47:27 - [TEST_STEP][PASSED] - if (i == 2 &amp;&amp; wildList.indexOf(symbol) != -1): null

2019-08-10 23:47:27 - [TEST_STEP][PASSED] - if (i == 3 &amp;&amp; wildList.indexOf(symbol) != -1): null

2019-08-10 23:47:27 - [TEST_STEP][PASSED] - if (i == 4 &amp;&amp; wildList.indexOf(symbol) != -1): null

2019-08-10 23:47:27 - [TEST_STEP][PASSED] - free_spin_reel_counter = free_spin_reel_counter: null

2019-08-10 23:47:27 - [TEST_STEP][PASSED] - println("reel 3 wild found: " + free_spin_reel_counter[0]): null

2019-08-10 23:47:27 - [TEST_STEP][PASSED] - println("reel 4 wild found: " + free_spin_reel_counter[1]): null

2019-08-10 23:47:27 - [TEST_STEP][PASSED] - println("reel 5 wild found: " + free_spin_reel_counter[2]): null

2019-08-10 23:47:27 - [TEST_STEP][PASSED] - M4_spin_reels = M4_spin_reels: null

2019-08-10 23:47:27 - [TEST_STEP][PASSED] - M4_spin_reels_symbols = symbol: null

2019-08-10 23:47:27 - [TEST_STEP][PASSED] - M4_spin_reels_symbols = M4_spin_reels_symbols: null

2019-08-10 23:47:27 - [TEST_STEP][PASSED] - M4_spin_reel_wins = reel_wins: null

2019-08-10 23:47:27 - [TEST_STEP][PASSED] - M4_spin_reel_wins = M4_spin_reel_wins: null

2019-08-10 23:47:27 - [TEST_STEP][PASSED] - println("GlobalVariable.M4_spin_reel_wins is: " + M4_spin_reel_wins): null

2019-08-10 23:47:27 - [TEST_STEP][PASSED] - M4_spin_total_bonus_win_this_round = total_bonus_win_this_round: null

2019-08-10 23:47:27 - [TEST_STEP][PASSED] - M4_spin_total_bonus_win_this_round = M4_spin_total_bonus_win_this_round: null

2019-08-10 23:47:27 - [TEST_STEP][PASSED] - println("GlobalVariable.M4_spin_total_bonus_win_this_round is: " + M4_spin_total_bonus_win_this_round): null

2019-08-10 23:47:27 - [MESSAGE][PASSED] - Verify response successfully

2019-08-10 23:47:27 - [MESSAGE][PASSED] - Send request and verify the response successfully

2019-08-10 23:47:27 - [TEST_STEP][PASSED] - if (M4_total_bonus_spins_int != 0 &amp;&amp; M4_spin_reels_symbols[2].contains("WILD_ExtraFG") || M4_spin_reels_symbols[3].contains("WILD_ExtraFG")): null

2019-08-10 23:47:27 - [TEST_STEP][PASSED] - free_spin_reel_counter = free_spin_reel_counter: null

2019-08-10 23:47:27 - [TEST_STEP][PASSED] - M4_spin_reels_symbols = M4_spin_reels_symbols: null

2019-08-10 23:47:27 - [TEST_STEP][PASSED] - M4_total_bonus_spins = M4_total_bonus_spins: null

2019-08-10 23:47:27 - [TEST_STEP][PASSED] - spin_result = sendRequestAndVerify(findTestObject("RGS(M4)/1_M4_spin", ["M4_login_user_id":M4_login_user_id, "rgs_session_token":rgs_session_token, "partner":Partner])): Send request and verify the response successfully

2019-08-10 23:47:27 - [TEST_CASE][PASSED] - Start Test Case : Verification: Verification accomplished successfully

2019-08-10 23:47:27 - [TEST_STEP][PASSED] - request = getInstance().getCurrentRequest(): null

2019-08-10 23:47:27 - [TEST_STEP][PASSED] - response = getInstance().getCurrentResponse(): null

2019-08-10 23:47:27 - [TEST_STEP][PASSED] - verifyResponseStatusCode(response, 200): Verify response status code successfully

2019-08-10 23:47:27 - [MESSAGE][PASSED] - Verify response status code successfully

2019-08-10 23:47:27 - [TEST_STEP][PASSED] - getStatusCode()).isEqualTo(200): null

2019-08-10 23:47:27 - [TEST_STEP][PASSED] - newline = System.getProperty("line.separator"): null

2019-08-10 23:47:27 - [TEST_STEP][PASSED] - M4_spin = new groovy.json.JsonSlurper(): null

2019-08-10 23:47:27 - [TEST_STEP][PASSED] - result_M4_spin = M4_spin.parseText(response.getResponseBodyContent()): null

2019-08-10 23:47:27 - [TEST_STEP][PASSED] - M4_spin_current_balance = current_balance: null

2019-08-10 23:47:27 - [TEST_STEP][PASSED] - M4_spin_current_balance = M4_spin_current_balance: null

2019-08-10 23:47:27 - [TEST_STEP][PASSED] - M4_spin_transaction_id = causality: null

2019-08-10 23:47:27 - [TEST_STEP][PASSED] - M4_spin_transaction_id = M4_spin_transaction_id: null

2019-08-10 23:47:27 - [TEST_STEP][PASSED] - M4_spin_round_id = round_id: null

2019-08-10 23:47:27 - [TEST_STEP][PASSED] - M4_spin_round_id = M4_spin_round_id: null

2019-08-10 23:47:27 - [TEST_STEP][PASSED] - M4_spin_line_wins = line_wins: null

2019-08-10 23:47:27 - [TEST_STEP][PASSED] - M4_spin_line_wins = M4_spin_line_wins: null

2019-08-10 23:47:27 - [TEST_STEP][PASSED] - M4_total_bonus_spins_int = total_bonus_spins: null

2019-08-10 23:47:27 - [TEST_STEP][PASSED] - println("******M4_total_bonus_spins type is:*******" + newline + getClass().getName()): null

2019-08-10 23:47:27 - [TEST_STEP][PASSED] - M4_total_bonus_spins_int = M4_total_bonus_spins_int: null

2019-08-10 23:47:27 - [TEST_STEP][PASSED] - M4_total_bonus_spins = Integer.toString(M4_total_bonus_spins_int): null

2019-08-10 23:47:27 - [TEST_STEP][PASSED] - M4_total_bonus_spins = M4_total_bonus_spins: null

2019-08-10 23:47:27 - [TEST_STEP][PASSED] - println("M4_total_bonus_spins is:" + M4_total_bonus_spins): null

2019-08-10 23:47:27 - [TEST_STEP][PASSED] - M4_spin_bonus_data = bonus_data: null

2019-08-10 23:47:27 - [TEST_STEP][PASSED] - M4_spin_features_triggered = result_M4_spin: null

2019-08-10 23:47:27 - [TEST_STEP][PASSED] - wild = []: null

2019-08-10 23:47:27 - [TEST_STEP][PASSED] - wild[0] = "WILD_Expanding": null

2019-08-10 23:47:27 - [TEST_STEP][PASSED] - wild[1] = "WILD_Normal": null

2019-08-10 23:47:27 - [TEST_STEP][PASSED] - wild[2] = "WILD_Double": null

2019-08-10 23:47:27 - [TEST_STEP][PASSED] - wild[3] = "WILD_ExtraFG": null

2019-08-10 23:47:27 - [TEST_STEP][PASSED] - wild[4] = "WILD_Triple": null

2019-08-10 23:47:27 - [TEST_STEP][PASSED] - wildList = Arrays.asList(wild): null

2019-08-10 23:47:27 - [TEST_STEP][PASSED] - wildList = wildList: null

2019-08-10 23:47:27 - [TEST_STEP][PASSED] - free_spin_reel_counter = []: null

2019-08-10 23:47:27 - [TEST_STEP][PASSED] - free_spin_reel_counter[0] = 0: null

2019-08-10 23:47:27 - [TEST_STEP][PASSED] - free_spin_reel_counter[1] = 0: null

2019-08-10 23:47:27 - [TEST_STEP][PASSED] - free_spin_reel_counter[2] = 0: null

2019-08-10 23:47:27 - [TEST_STEP][PASSED] - M4_spin_reels = reels: null

2019-08-10 23:47:27 - [TEST_STEP][PASSED] - for ([i = 0, i &lt; M4_spin_reels.size(), (i++)]): null

2019-08-10 23:47:27 - [TEST_STEP][PASSED] - symbols = symbols: null

2019-08-10 23:47:27 - [TEST_STEP][PASSED] - for ([j = 0, j &lt; symbols.size(), (j++)]): null

2019-08-10 23:47:27 - [TEST_STEP][PASSED] - symbol = symbol: null

2019-08-10 23:47:27 - [TEST_STEP][PASSED] - println(symbol): null

2019-08-10 23:47:27 - [TEST_STEP][PASSED] - if (i == 2 &amp;&amp; wildList.indexOf(symbol) != -1): null

2019-08-10 23:47:27 - [TEST_STEP][PASSED] - if (i == 3 &amp;&amp; wildList.indexOf(symbol) != -1): null

2019-08-10 23:47:27 - [TEST_STEP][PASSED] - if (i == 4 &amp;&amp; wildList.indexOf(symbol) != -1): null

2019-08-10 23:47:27 - [TEST_STEP][PASSED] - symbol = symbol: null

2019-08-10 23:47:27 - [TEST_STEP][PASSED] - println(symbol): null

2019-08-10 23:47:27 - [TEST_STEP][PASSED] - if (i == 2 &amp;&amp; wildList.indexOf(symbol) != -1): null

2019-08-10 23:47:27 - [TEST_STEP][PASSED] - if (i == 3 &amp;&amp; wildList.indexOf(symbol) != -1): null

2019-08-10 23:47:27 - [TEST_STEP][PASSED] - if (i == 4 &amp;&amp; wildList.indexOf(symbol) != -1): null

2019-08-10 23:47:27 - [TEST_STEP][PASSED] - symbol = symbol: null

2019-08-10 23:47:27 - [TEST_STEP][PASSED] - println(symbol): null

2019-08-10 23:47:27 - [TEST_STEP][PASSED] - if (i == 2 &amp;&amp; wildList.indexOf(symbol) != -1): null

2019-08-10 23:47:27 - [TEST_STEP][PASSED] - if (i == 3 &amp;&amp; wildList.indexOf(symbol) != -1): null

2019-08-10 23:47:27 - [TEST_STEP][PASSED] - if (i == 4 &amp;&amp; wildList.indexOf(symbol) != -1): null

2019-08-10 23:47:27 - [TEST_STEP][PASSED] - symbols = symbols: null

2019-08-10 23:47:27 - [TEST_STEP][PASSED] - for ([j = 0, j &lt; symbols.size(), (j++)]): null

2019-08-10 23:47:27 - [TEST_STEP][PASSED] - symbol = symbol: null

2019-08-10 23:47:27 - [TEST_STEP][PASSED] - println(symbol): null

2019-08-10 23:47:27 - [TEST_STEP][PASSED] - if (i == 2 &amp;&amp; wildList.indexOf(symbol) != -1): null

2019-08-10 23:47:27 - [TEST_STEP][PASSED] - if (i == 3 &amp;&amp; wildList.indexOf(symbol) != -1): null

2019-08-10 23:47:27 - [TEST_STEP][PASSED] - if (i == 4 &amp;&amp; wildList.indexOf(symbol) != -1): null

2019-08-10 23:47:27 - [TEST_STEP][PASSED] - symbol = symbol: null

2019-08-10 23:47:27 - [TEST_STEP][PASSED] - println(symbol): null

2019-08-10 23:47:27 - [TEST_STEP][PASSED] - if (i == 2 &amp;&amp; wildList.indexOf(symbol) != -1): null

2019-08-10 23:47:27 - [TEST_STEP][PASSED] - if (i == 3 &amp;&amp; wildList.indexOf(symbol) != -1): null

2019-08-10 23:47:27 - [TEST_STEP][PASSED] - if (i == 4 &amp;&amp; wildList.indexOf(symbol) != -1): null

2019-08-10 23:47:27 - [TEST_STEP][PASSED] - symbol = symbol: null

2019-08-10 23:47:27 - [TEST_STEP][PASSED] - println(symbol): null

2019-08-10 23:47:27 - [TEST_STEP][PASSED] - if (i == 2 &amp;&amp; wildList.indexOf(symbol) != -1): null

2019-08-10 23:47:27 - [TEST_STEP][PASSED] - if (i == 3 &amp;&amp; wildList.indexOf(symbol) != -1): null

2019-08-10 23:47:27 - [TEST_STEP][PASSED] - if (i == 4 &amp;&amp; wildList.indexOf(symbol) != -1): null

2019-08-10 23:47:27 - [TEST_STEP][PASSED] - symbols = symbols: null

2019-08-10 23:47:27 - [TEST_STEP][PASSED] - for ([j = 0, j &lt; symbols.size(), (j++)]): null

2019-08-10 23:47:27 - [TEST_STEP][PASSED] - symbol = symbol: null

2019-08-10 23:47:27 - [TEST_STEP][PASSED] - println(symbol): null

2019-08-10 23:47:27 - [TEST_STEP][PASSED] - if (i == 2 &amp;&amp; wildList.indexOf(symbol) != -1): null

2019-08-10 23:47:27 - [TEST_STEP][PASSED] - if (i == 3 &amp;&amp; wildList.indexOf(symbol) != -1): null

2019-08-10 23:47:27 - [TEST_STEP][PASSED] - if (i == 4 &amp;&amp; wildList.indexOf(symbol) != -1): null

2019-08-10 23:47:27 - [TEST_STEP][PASSED] - symbol = symbol: null

2019-08-10 23:47:27 - [TEST_STEP][PASSED] - println(symbol): null

2019-08-10 23:47:27 - [TEST_STEP][PASSED] - if (i == 2 &amp;&amp; wildList.indexOf(symbol) != -1): null

2019-08-10 23:47:27 - [TEST_STEP][PASSED] - if (i == 3 &amp;&amp; wildList.indexOf(symbol) != -1): null

2019-08-10 23:47:27 - [TEST_STEP][PASSED] - if (i == 4 &amp;&amp; wildList.indexOf(symbol) != -1): null

2019-08-10 23:47:27 - [TEST_STEP][PASSED] - symbol = symbol: null

2019-08-10 23:47:27 - [TEST_STEP][PASSED] - println(symbol): null

2019-08-10 23:47:27 - [TEST_STEP][PASSED] - if (i == 2 &amp;&amp; wildList.indexOf(symbol) != -1): null

2019-08-10 23:47:27 - [TEST_STEP][PASSED] - if (i == 3 &amp;&amp; wildList.indexOf(symbol) != -1): null

2019-08-10 23:47:27 - [TEST_STEP][PASSED] - if (i == 4 &amp;&amp; wildList.indexOf(symbol) != -1): null

2019-08-10 23:47:27 - [TEST_STEP][PASSED] - symbols = symbols: null

2019-08-10 23:47:27 - [TEST_STEP][PASSED] - for ([j = 0, j &lt; symbols.size(), (j++)]): null

2019-08-10 23:47:27 - [TEST_STEP][PASSED] - symbol = symbol: null

2019-08-10 23:47:27 - [TEST_STEP][PASSED] - println(symbol): null

2019-08-10 23:47:27 - [TEST_STEP][PASSED] - if (i == 2 &amp;&amp; wildList.indexOf(symbol) != -1): null

2019-08-10 23:47:27 - [TEST_STEP][PASSED] - if (i == 3 &amp;&amp; wildList.indexOf(symbol) != -1): null

2019-08-10 23:47:27 - [TEST_STEP][PASSED] - if (i == 4 &amp;&amp; wildList.indexOf(symbol) != -1): null

2019-08-10 23:47:27 - [TEST_STEP][PASSED] - symbol = symbol: null

2019-08-10 23:47:27 - [TEST_STEP][PASSED] - println(symbol): null

2019-08-10 23:47:27 - [TEST_STEP][PASSED] - if (i == 2 &amp;&amp; wildList.indexOf(symbol) != -1): null

2019-08-10 23:47:27 - [TEST_STEP][PASSED] - if (i == 3 &amp;&amp; wildList.indexOf(symbol) != -1): null

2019-08-10 23:47:27 - [TEST_STEP][PASSED] - if (i == 4 &amp;&amp; wildList.indexOf(symbol) != -1): null

2019-08-10 23:47:27 - [TEST_STEP][PASSED] - symbol = symbol: null

2019-08-10 23:47:27 - [TEST_STEP][PASSED] - println(symbol): null

2019-08-10 23:47:27 - [TEST_STEP][PASSED] - if (i == 2 &amp;&amp; wildList.indexOf(symbol) != -1): null

2019-08-10 23:47:27 - [TEST_STEP][PASSED] - if (i == 3 &amp;&amp; wildList.indexOf(symbol) != -1): null

2019-08-10 23:47:27 - [TEST_STEP][PASSED] - if (i == 4 &amp;&amp; wildList.indexOf(symbol) != -1): null

2019-08-10 23:47:27 - [TEST_STEP][PASSED] - symbols = symbols: null

2019-08-10 23:47:27 - [TEST_STEP][PASSED] - for ([j = 0, j &lt; symbols.size(), (j++)]): null

2019-08-10 23:47:27 - [TEST_STEP][PASSED] - symbol = symbol: null

2019-08-10 23:47:27 - [TEST_STEP][PASSED] - println(symbol): null

2019-08-10 23:47:27 - [TEST_STEP][PASSED] - if (i == 2 &amp;&amp; wildList.indexOf(symbol) != -1): null

2019-08-10 23:47:27 - [TEST_STEP][PASSED] - if (i == 3 &amp;&amp; wildList.indexOf(symbol) != -1): null

2019-08-10 23:47:27 - [TEST_STEP][PASSED] - if (i == 4 &amp;&amp; wildList.indexOf(symbol) != -1): null

2019-08-10 23:47:27 - [TEST_STEP][PASSED] - symbol = symbol: null

2019-08-10 23:47:27 - [TEST_STEP][PASSED] - println(symbol): null

2019-08-10 23:47:27 - [TEST_STEP][PASSED] - if (i == 2 &amp;&amp; wildList.indexOf(symbol) != -1): null

2019-08-10 23:47:28 - [TEST_STEP][PASSED] - if (i == 3 &amp;&amp; wildList.indexOf(symbol) != -1): null

2019-08-10 23:47:28 - [TEST_STEP][PASSED] - if (i == 4 &amp;&amp; wildList.indexOf(symbol) != -1): null

2019-08-10 23:47:28 - [TEST_STEP][PASSED] - symbol = symbol: null

2019-08-10 23:47:28 - [TEST_STEP][PASSED] - println(symbol): null

2019-08-10 23:47:28 - [TEST_STEP][PASSED] - if (i == 2 &amp;&amp; wildList.indexOf(symbol) != -1): null

2019-08-10 23:47:28 - [TEST_STEP][PASSED] - if (i == 3 &amp;&amp; wildList.indexOf(symbol) != -1): null

2019-08-10 23:47:28 - [TEST_STEP][PASSED] - if (i == 4 &amp;&amp; wildList.indexOf(symbol) != -1): null

2019-08-10 23:47:28 - [TEST_STEP][PASSED] - free_spin_reel_counter = free_spin_reel_counter: null

2019-08-10 23:47:28 - [TEST_STEP][PASSED] - println("reel 3 wild found: " + free_spin_reel_counter[0]): null

2019-08-10 23:47:28 - [TEST_STEP][PASSED] - println("reel 4 wild found: " + free_spin_reel_counter[1]): null

2019-08-10 23:47:28 - [TEST_STEP][PASSED] - println("reel 5 wild found: " + free_spin_reel_counter[2]): null

2019-08-10 23:47:28 - [TEST_STEP][PASSED] - M4_spin_reels = M4_spin_reels: null

2019-08-10 23:47:28 - [TEST_STEP][PASSED] - M4_spin_reels_symbols = symbol: null

2019-08-10 23:47:28 - [TEST_STEP][PASSED] - M4_spin_reels_symbols = M4_spin_reels_symbols: null

2019-08-10 23:47:28 - [TEST_STEP][PASSED] - M4_spin_reel_wins = reel_wins: null

2019-08-10 23:47:28 - [TEST_STEP][PASSED] - M4_spin_reel_wins = M4_spin_reel_wins: null

2019-08-10 23:47:28 - [TEST_STEP][PASSED] - println("GlobalVariable.M4_spin_reel_wins is: " + M4_spin_reel_wins): null

2019-08-10 23:47:28 - [TEST_STEP][PASSED] - M4_spin_total_bonus_win_this_round = total_bonus_win_this_round: null

2019-08-10 23:47:28 - [TEST_STEP][PASSED] - M4_spin_total_bonus_win_this_round = M4_spin_total_bonus_win_this_round: null

2019-08-10 23:47:28 - [TEST_STEP][PASSED] - println("GlobalVariable.M4_spin_total_bonus_win_this_round is: " + M4_spin_total_bonus_win_this_round): null

2019-08-10 23:47:28 - [MESSAGE][PASSED] - Verify response successfully

2019-08-10 23:47:28 - [MESSAGE][PASSED] - Send request and verify the response successfully

2019-08-10 23:47:28 - [TEST_STEP][PASSED] - if (M4_total_bonus_spins_int != 0 &amp;&amp; M4_spin_reels_symbols[2].contains("WILD_ExtraFG") || M4_spin_reels_symbols[3].contains("WILD_ExtraFG")): null

2019-08-10 23:47:28 - [TEST_STEP][PASSED] - free_spin_reel_counter = free_spin_reel_counter: null

2019-08-10 23:47:28 - [TEST_STEP][PASSED] - M4_spin_reels_symbols = M4_spin_reels_symbols: null

2019-08-10 23:47:28 - [TEST_STEP][PASSED] - M4_total_bonus_spins = M4_total_bonus_spins: null

2019-08-10 23:47:28 - [TEST_STEP][PASSED] - spin_result = sendRequestAndVerify(findTestObject("RGS(M4)/1_M4_spin", ["M4_login_user_id":M4_login_user_id, "rgs_session_token":rgs_session_token, "partner":Partner])): Send request and verify the response successfully

2019-08-10 23:47:28 - [TEST_CASE][PASSED] - Start Test Case : Verification: Verification accomplished successfully

2019-08-10 23:47:28 - [TEST_STEP][PASSED] - request = getInstance().getCurrentRequest(): null

2019-08-10 23:47:28 - [TEST_STEP][PASSED] - response = getInstance().getCurrentResponse(): null

2019-08-10 23:47:28 - [TEST_STEP][PASSED] - verifyResponseStatusCode(response, 200): Verify response status code successfully

2019-08-10 23:47:28 - [MESSAGE][PASSED] - Verify response status code successfully

2019-08-10 23:47:28 - [TEST_STEP][PASSED] - getStatusCode()).isEqualTo(200): null

2019-08-10 23:47:28 - [TEST_STEP][PASSED] - newline = System.getProperty("line.separator"): null

2019-08-10 23:47:28 - [TEST_STEP][PASSED] - M4_spin = new groovy.json.JsonSlurper(): null

2019-08-10 23:47:28 - [TEST_STEP][PASSED] - result_M4_spin = M4_spin.parseText(response.getResponseBodyContent()): null

2019-08-10 23:47:28 - [TEST_STEP][PASSED] - M4_spin_current_balance = current_balance: null

2019-08-10 23:47:28 - [TEST_STEP][PASSED] - M4_spin_current_balance = M4_spin_current_balance: null

2019-08-10 23:47:28 - [TEST_STEP][PASSED] - M4_spin_transaction_id = causality: null

2019-08-10 23:47:28 - [TEST_STEP][PASSED] - M4_spin_transaction_id = M4_spin_transaction_id: null

2019-08-10 23:47:28 - [TEST_STEP][PASSED] - M4_spin_round_id = round_id: null

2019-08-10 23:47:28 - [TEST_STEP][PASSED] - M4_spin_round_id = M4_spin_round_id: null

2019-08-10 23:47:28 - [TEST_STEP][PASSED] - M4_spin_line_wins = line_wins: null

2019-08-10 23:47:28 - [TEST_STEP][PASSED] - M4_spin_line_wins = M4_spin_line_wins: null

2019-08-10 23:47:28 - [TEST_STEP][PASSED] - M4_total_bonus_spins_int = total_bonus_spins: null

2019-08-10 23:47:28 - [TEST_STEP][PASSED] - println("******M4_total_bonus_spins type is:*******" + newline + getClass().getName()): null

2019-08-10 23:47:28 - [TEST_STEP][PASSED] - M4_total_bonus_spins_int = M4_total_bonus_spins_int: null

2019-08-10 23:47:28 - [TEST_STEP][PASSED] - M4_total_bonus_spins = Integer.toString(M4_total_bonus_spins_int): null

2019-08-10 23:47:28 - [TEST_STEP][PASSED] - M4_total_bonus_spins = M4_total_bonus_spins: null

2019-08-10 23:47:28 - [TEST_STEP][PASSED] - println("M4_total_bonus_spins is:" + M4_total_bonus_spins): null

2019-08-10 23:47:28 - [TEST_STEP][PASSED] - M4_spin_bonus_data = bonus_data: null

2019-08-10 23:47:28 - [TEST_STEP][PASSED] - M4_spin_features_triggered = result_M4_spin: null

2019-08-10 23:47:28 - [TEST_STEP][PASSED] - wild = []: null

2019-08-10 23:47:28 - [TEST_STEP][PASSED] - wild[0] = "WILD_Expanding": null

2019-08-10 23:47:28 - [TEST_STEP][PASSED] - wild[1] = "WILD_Normal": null

2019-08-10 23:47:28 - [TEST_STEP][PASSED] - wild[2] = "WILD_Double": null

2019-08-10 23:47:28 - [TEST_STEP][PASSED] - wild[3] = "WILD_ExtraFG": null

2019-08-10 23:47:28 - [TEST_STEP][PASSED] - wild[4] = "WILD_Triple": null

2019-08-10 23:47:28 - [TEST_STEP][PASSED] - wildList = Arrays.asList(wild): null

2019-08-10 23:47:28 - [TEST_STEP][PASSED] - wildList = wildList: null

2019-08-10 23:47:28 - [TEST_STEP][PASSED] - free_spin_reel_counter = []: null

2019-08-10 23:47:28 - [TEST_STEP][PASSED] - free_spin_reel_counter[0] = 0: null

2019-08-10 23:47:28 - [TEST_STEP][PASSED] - free_spin_reel_counter[1] = 0: null

2019-08-10 23:47:28 - [TEST_STEP][PASSED] - free_spin_reel_counter[2] = 0: null

2019-08-10 23:47:28 - [TEST_STEP][PASSED] - M4_spin_reels = reels: null

2019-08-10 23:47:28 - [TEST_STEP][PASSED] - for ([i = 0, i &lt; M4_spin_reels.size(), (i++)]): null

2019-08-10 23:47:28 - [TEST_STEP][PASSED] - symbols = symbols: null

2019-08-10 23:47:28 - [TEST_STEP][PASSED] - for ([j = 0, j &lt; symbols.size(), (j++)]): null

2019-08-10 23:47:28 - [TEST_STEP][PASSED] - symbol = symbol: null

2019-08-10 23:47:28 - [TEST_STEP][PASSED] - println(symbol): null

2019-08-10 23:47:28 - [TEST_STEP][PASSED] - if (i == 2 &amp;&amp; wildList.indexOf(symbol) != -1): null

2019-08-10 23:47:28 - [TEST_STEP][PASSED] - if (i == 3 &amp;&amp; wildList.indexOf(symbol) != -1): null

2019-08-10 23:47:28 - [TEST_STEP][PASSED] - if (i == 4 &amp;&amp; wildList.indexOf(symbol) != -1): null

2019-08-10 23:47:28 - [TEST_STEP][PASSED] - symbol = symbol: null

2019-08-10 23:47:28 - [TEST_STEP][PASSED] - println(symbol): null

2019-08-10 23:47:28 - [TEST_STEP][PASSED] - if (i == 2 &amp;&amp; wildList.indexOf(symbol) != -1): null

2019-08-10 23:47:28 - [TEST_STEP][PASSED] - if (i == 3 &amp;&amp; wildList.indexOf(symbol) != -1): null

2019-08-10 23:47:28 - [TEST_STEP][PASSED] - if (i == 4 &amp;&amp; wildList.indexOf(symbol) != -1): null

2019-08-10 23:47:28 - [TEST_STEP][PASSED] - symbol = symbol: null

2019-08-10 23:47:28 - [TEST_STEP][PASSED] - println(symbol): null

2019-08-10 23:47:28 - [TEST_STEP][PASSED] - if (i == 2 &amp;&amp; wildList.indexOf(symbol) != -1): null

2019-08-10 23:47:28 - [TEST_STEP][PASSED] - if (i == 3 &amp;&amp; wildList.indexOf(symbol) != -1): null

2019-08-10 23:47:28 - [TEST_STEP][PASSED] - if (i == 4 &amp;&amp; wildList.indexOf(symbol) != -1): null

2019-08-10 23:47:28 - [TEST_STEP][PASSED] - symbols = symbols: null

2019-08-10 23:47:28 - [TEST_STEP][PASSED] - for ([j = 0, j &lt; symbols.size(), (j++)]): null

2019-08-10 23:47:28 - [TEST_STEP][PASSED] - symbol = symbol: null

2019-08-10 23:47:28 - [TEST_STEP][PASSED] - println(symbol): null

2019-08-10 23:47:28 - [TEST_STEP][PASSED] - if (i == 2 &amp;&amp; wildList.indexOf(symbol) != -1): null

2019-08-10 23:47:28 - [TEST_STEP][PASSED] - if (i == 3 &amp;&amp; wildList.indexOf(symbol) != -1): null

2019-08-10 23:47:28 - [TEST_STEP][PASSED] - if (i == 4 &amp;&amp; wildList.indexOf(symbol) != -1): null

2019-08-10 23:47:28 - [TEST_STEP][PASSED] - symbol = symbol: null

2019-08-10 23:47:28 - [TEST_STEP][PASSED] - println(symbol): null

2019-08-10 23:47:28 - [TEST_STEP][PASSED] - if (i == 2 &amp;&amp; wildList.indexOf(symbol) != -1): null

2019-08-10 23:47:28 - [TEST_STEP][PASSED] - if (i == 3 &amp;&amp; wildList.indexOf(symbol) != -1): null

2019-08-10 23:47:28 - [TEST_STEP][PASSED] - if (i == 4 &amp;&amp; wildList.indexOf(symbol) != -1): null

2019-08-10 23:47:28 - [TEST_STEP][PASSED] - symbol = symbol: null

2019-08-10 23:47:28 - [TEST_STEP][PASSED] - println(symbol): null

2019-08-10 23:47:28 - [TEST_STEP][PASSED] - if (i == 2 &amp;&amp; wildList.indexOf(symbol) != -1): null

2019-08-10 23:47:28 - [TEST_STEP][PASSED] - if (i == 3 &amp;&amp; wildList.indexOf(symbol) != -1): null

2019-08-10 23:47:28 - [TEST_STEP][PASSED] - if (i == 4 &amp;&amp; wildList.indexOf(symbol) != -1): null

2019-08-10 23:47:28 - [TEST_STEP][PASSED] - symbols = symbols: null

2019-08-10 23:47:28 - [TEST_STEP][PASSED] - for ([j = 0, j &lt; symbols.size(), (j++)]): null

2019-08-10 23:47:28 - [TEST_STEP][PASSED] - symbol = symbol: null

2019-08-10 23:47:28 - [TEST_STEP][PASSED] - println(symbol): null

2019-08-10 23:47:28 - [TEST_STEP][PASSED] - if (i == 2 &amp;&amp; wildList.indexOf(symbol) != -1): null

2019-08-10 23:47:28 - [TEST_STEP][PASSED] - if (i == 3 &amp;&amp; wildList.indexOf(symbol) != -1): null

2019-08-10 23:47:28 - [TEST_STEP][PASSED] - if (i == 4 &amp;&amp; wildList.indexOf(symbol) != -1): null

2019-08-10 23:47:28 - [TEST_STEP][PASSED] - symbol = symbol: null

2019-08-10 23:47:28 - [TEST_STEP][PASSED] - println(symbol): null

2019-08-10 23:47:28 - [TEST_STEP][PASSED] - if (i == 2 &amp;&amp; wildList.indexOf(symbol) != -1): null

2019-08-10 23:47:28 - [TEST_STEP][PASSED] - if (i == 3 &amp;&amp; wildList.indexOf(symbol) != -1): null

2019-08-10 23:47:28 - [TEST_STEP][PASSED] - if (i == 4 &amp;&amp; wildList.indexOf(symbol) != -1): null

2019-08-10 23:47:28 - [TEST_STEP][PASSED] - symbol = symbol: null

2019-08-10 23:47:28 - [TEST_STEP][PASSED] - println(symbol): null

2019-08-10 23:47:28 - [TEST_STEP][PASSED] - if (i == 2 &amp;&amp; wildList.indexOf(symbol) != -1): null

2019-08-10 23:47:28 - [TEST_STEP][PASSED] - if (i == 3 &amp;&amp; wildList.indexOf(symbol) != -1): null

2019-08-10 23:47:28 - [TEST_STEP][PASSED] - if (i == 4 &amp;&amp; wildList.indexOf(symbol) != -1): null

2019-08-10 23:47:28 - [TEST_STEP][PASSED] - symbols = symbols: null

2019-08-10 23:47:28 - [TEST_STEP][PASSED] - for ([j = 0, j &lt; symbols.size(), (j++)]): null

2019-08-10 23:47:28 - [TEST_STEP][PASSED] - symbol = symbol: null

2019-08-10 23:47:28 - [TEST_STEP][PASSED] - println(symbol): null

2019-08-10 23:47:28 - [TEST_STEP][PASSED] - if (i == 2 &amp;&amp; wildList.indexOf(symbol) != -1): null

2019-08-10 23:47:28 - [TEST_STEP][PASSED] - if (i == 3 &amp;&amp; wildList.indexOf(symbol) != -1): null

2019-08-10 23:47:28 - [TEST_STEP][PASSED] - if (i == 4 &amp;&amp; wildList.indexOf(symbol) != -1): null

2019-08-10 23:47:28 - [TEST_STEP][PASSED] - symbol = symbol: null

2019-08-10 23:47:28 - [TEST_STEP][PASSED] - println(symbol): null

2019-08-10 23:47:28 - [TEST_STEP][PASSED] - if (i == 2 &amp;&amp; wildList.indexOf(symbol) != -1): null

2019-08-10 23:47:28 - [TEST_STEP][PASSED] - if (i == 3 &amp;&amp; wildList.indexOf(symbol) != -1): null

2019-08-10 23:47:28 - [TEST_STEP][PASSED] - if (i == 4 &amp;&amp; wildList.indexOf(symbol) != -1): null

2019-08-10 23:47:28 - [TEST_STEP][PASSED] - symbol = symbol: null

2019-08-10 23:47:28 - [TEST_STEP][PASSED] - println(symbol): null

2019-08-10 23:47:28 - [TEST_STEP][PASSED] - if (i == 2 &amp;&amp; wildList.indexOf(symbol) != -1): null

2019-08-10 23:47:28 - [TEST_STEP][PASSED] - if (i == 3 &amp;&amp; wildList.indexOf(symbol) != -1): null

2019-08-10 23:47:28 - [TEST_STEP][PASSED] - if (i == 4 &amp;&amp; wildList.indexOf(symbol) != -1): null

2019-08-10 23:47:28 - [TEST_STEP][PASSED] - symbols = symbols: null

2019-08-10 23:47:28 - [TEST_STEP][PASSED] - for ([j = 0, j &lt; symbols.size(), (j++)]): null

2019-08-10 23:47:28 - [TEST_STEP][PASSED] - symbol = symbol: null

2019-08-10 23:47:28 - [TEST_STEP][PASSED] - println(symbol): null

2019-08-10 23:47:28 - [TEST_STEP][PASSED] - if (i == 2 &amp;&amp; wildList.indexOf(symbol) != -1): null

2019-08-10 23:47:28 - [TEST_STEP][PASSED] - if (i == 3 &amp;&amp; wildList.indexOf(symbol) != -1): null

2019-08-10 23:47:28 - [TEST_STEP][PASSED] - if (i == 4 &amp;&amp; wildList.indexOf(symbol) != -1): null

2019-08-10 23:47:28 - [TEST_STEP][PASSED] - symbol = symbol: null

2019-08-10 23:47:28 - [TEST_STEP][PASSED] - println(symbol): null

2019-08-10 23:47:28 - [TEST_STEP][PASSED] - if (i == 2 &amp;&amp; wildList.indexOf(symbol) != -1): null

2019-08-10 23:47:28 - [TEST_STEP][PASSED] - if (i == 3 &amp;&amp; wildList.indexOf(symbol) != -1): null

2019-08-10 23:47:28 - [TEST_STEP][PASSED] - if (i == 4 &amp;&amp; wildList.indexOf(symbol) != -1): null

2019-08-10 23:47:28 - [TEST_STEP][PASSED] - symbol = symbol: null

2019-08-10 23:47:28 - [TEST_STEP][PASSED] - println(symbol): null

2019-08-10 23:47:28 - [TEST_STEP][PASSED] - if (i == 2 &amp;&amp; wildList.indexOf(symbol) != -1): null

2019-08-10 23:47:28 - [TEST_STEP][PASSED] - if (i == 3 &amp;&amp; wildList.indexOf(symbol) != -1): null

2019-08-10 23:47:28 - [TEST_STEP][PASSED] - if (i == 4 &amp;&amp; wildList.indexOf(symbol) != -1): null

2019-08-10 23:47:28 - [TEST_STEP][PASSED] - free_spin_reel_counter = free_spin_reel_counter: null

2019-08-10 23:47:28 - [TEST_STEP][PASSED] - println("reel 3 wild found: " + free_spin_reel_counter[0]): null

2019-08-10 23:47:28 - [TEST_STEP][PASSED] - println("reel 4 wild found: " + free_spin_reel_counter[1]): null

2019-08-10 23:47:28 - [TEST_STEP][PASSED] - println("reel 5 wild found: " + free_spin_reel_counter[2]): null

2019-08-10 23:47:28 - [TEST_STEP][PASSED] - M4_spin_reels = M4_spin_reels: null

2019-08-10 23:47:28 - [TEST_STEP][PASSED] - M4_spin_reels_symbols = symbol: null

2019-08-10 23:47:28 - [TEST_STEP][PASSED] - M4_spin_reels_symbols = M4_spin_reels_symbols: null

2019-08-10 23:47:28 - [TEST_STEP][PASSED] - M4_spin_reel_wins = reel_wins: null

2019-08-10 23:47:28 - [TEST_STEP][PASSED] - M4_spin_reel_wins = M4_spin_reel_wins: null

2019-08-10 23:47:28 - [TEST_STEP][PASSED] - println("GlobalVariable.M4_spin_reel_wins is: " + M4_spin_reel_wins): null

2019-08-10 23:47:28 - [TEST_STEP][PASSED] - M4_spin_total_bonus_win_this_round = total_bonus_win_this_round: null

2019-08-10 23:47:28 - [TEST_STEP][PASSED] - M4_spin_total_bonus_win_this_round = M4_spin_total_bonus_win_this_round: null

2019-08-10 23:47:28 - [TEST_STEP][PASSED] - println("GlobalVariable.M4_spin_total_bonus_win_this_round is: " + M4_spin_total_bonus_win_this_round): null

2019-08-10 23:47:28 - [MESSAGE][PASSED] - Verify response successfully

2019-08-10 23:47:28 - [MESSAGE][PASSED] - Send request and verify the response successfully

2019-08-10 23:47:28 - [TEST_STEP][PASSED] - if (M4_total_bonus_spins_int != 0 &amp;&amp; M4_spin_reels_symbols[2].contains("WILD_ExtraFG") || M4_spin_reels_symbols[3].contains("WILD_ExtraFG")): null

2019-08-10 23:47:28 - [TEST_STEP][PASSED] - free_spin_reel_counter = free_spin_reel_counter: null

2019-08-10 23:47:28 - [TEST_STEP][PASSED] - M4_spin_reels_symbols = M4_spin_reels_symbols: null

2019-08-10 23:47:28 - [TEST_STEP][PASSED] - M4_total_bonus_spins = M4_total_bonus_spins: null

2019-08-10 23:47:28 - [TEST_STEP][PASSED] - spin_result = sendRequestAndVerify(findTestObject("RGS(M4)/1_M4_spin", ["M4_login_user_id":M4_login_user_id, "rgs_session_token":rgs_session_token, "partner":Partner])): Send request and verify the response successfully

2019-08-10 23:47:29 - [TEST_CASE][PASSED] - Start Test Case : Verification: Verification accomplished successfully

2019-08-10 23:47:29 - [TEST_STEP][PASSED] - request = getInstance().getCurrentRequest(): null

2019-08-10 23:47:29 - [TEST_STEP][PASSED] - response = getInstance().getCurrentResponse(): null

2019-08-10 23:47:29 - [TEST_STEP][PASSED] - verifyResponseStatusCode(response, 200): Verify response status code successfully

2019-08-10 23:47:29 - [MESSAGE][PASSED] - Verify response status code successfully

2019-08-10 23:47:29 - [TEST_STEP][PASSED] - getStatusCode()).isEqualTo(200): null

2019-08-10 23:47:29 - [TEST_STEP][PASSED] - newline = System.getProperty("line.separator"): null

2019-08-10 23:47:29 - [TEST_STEP][PASSED] - M4_spin = new groovy.json.JsonSlurper(): null

2019-08-10 23:47:29 - [TEST_STEP][PASSED] - result_M4_spin = M4_spin.parseText(response.getResponseBodyContent()): null

2019-08-10 23:47:29 - [TEST_STEP][PASSED] - M4_spin_current_balance = current_balance: null

2019-08-10 23:47:29 - [TEST_STEP][PASSED] - M4_spin_current_balance = M4_spin_current_balance: null

2019-08-10 23:47:29 - [TEST_STEP][PASSED] - M4_spin_transaction_id = causality: null

2019-08-10 23:47:29 - [TEST_STEP][PASSED] - M4_spin_transaction_id = M4_spin_transaction_id: null

2019-08-10 23:47:29 - [TEST_STEP][PASSED] - M4_spin_round_id = round_id: null

2019-08-10 23:47:29 - [TEST_STEP][PASSED] - M4_spin_round_id = M4_spin_round_id: null

2019-08-10 23:47:29 - [TEST_STEP][PASSED] - M4_spin_line_wins = line_wins: null

2019-08-10 23:47:29 - [TEST_STEP][PASSED] - M4_spin_line_wins = M4_spin_line_wins: null

2019-08-10 23:47:29 - [TEST_STEP][PASSED] - M4_total_bonus_spins_int = total_bonus_spins: null

2019-08-10 23:47:29 - [TEST_STEP][PASSED] - println("******M4_total_bonus_spins type is:*******" + newline + getClass().getName()): null

2019-08-10 23:47:29 - [TEST_STEP][PASSED] - M4_total_bonus_spins_int = M4_total_bonus_spins_int: null

2019-08-10 23:47:29 - [TEST_STEP][PASSED] - M4_total_bonus_spins = Integer.toString(M4_total_bonus_spins_int): null

2019-08-10 23:47:29 - [TEST_STEP][PASSED] - M4_total_bonus_spins = M4_total_bonus_spins: null

2019-08-10 23:47:29 - [TEST_STEP][PASSED] - println("M4_total_bonus_spins is:" + M4_total_bonus_spins): null

2019-08-10 23:47:29 - [TEST_STEP][PASSED] - M4_spin_bonus_data = bonus_data: null

2019-08-10 23:47:29 - [TEST_STEP][PASSED] - M4_spin_features_triggered = result_M4_spin: null

2019-08-10 23:47:29 - [TEST_STEP][PASSED] - wild = []: null

2019-08-10 23:47:29 - [TEST_STEP][PASSED] - wild[0] = "WILD_Expanding": null

2019-08-10 23:47:29 - [TEST_STEP][PASSED] - wild[1] = "WILD_Normal": null

2019-08-10 23:47:29 - [TEST_STEP][PASSED] - wild[2] = "WILD_Double": null

2019-08-10 23:47:29 - [TEST_STEP][PASSED] - wild[3] = "WILD_ExtraFG": null

2019-08-10 23:47:29 - [TEST_STEP][PASSED] - wild[4] = "WILD_Triple": null

2019-08-10 23:47:29 - [TEST_STEP][PASSED] - wildList = Arrays.asList(wild): null

2019-08-10 23:47:29 - [TEST_STEP][PASSED] - wildList = wildList: null

2019-08-10 23:47:29 - [TEST_STEP][PASSED] - free_spin_reel_counter = []: null

2019-08-10 23:47:29 - [TEST_STEP][PASSED] - free_spin_reel_counter[0] = 0: null

2019-08-10 23:47:29 - [TEST_STEP][PASSED] - free_spin_reel_counter[1] = 0: null

2019-08-10 23:47:29 - [TEST_STEP][PASSED] - free_spin_reel_counter[2] = 0: null

2019-08-10 23:47:29 - [TEST_STEP][PASSED] - M4_spin_reels = reels: null

2019-08-10 23:47:29 - [TEST_STEP][PASSED] - for ([i = 0, i &lt; M4_spin_reels.size(), (i++)]): null

2019-08-10 23:47:29 - [TEST_STEP][PASSED] - symbols = symbols: null

2019-08-10 23:47:29 - [TEST_STEP][PASSED] - for ([j = 0, j &lt; symbols.size(), (j++)]): null

2019-08-10 23:47:29 - [TEST_STEP][PASSED] - symbol = symbol: null

2019-08-10 23:47:29 - [TEST_STEP][PASSED] - println(symbol): null

2019-08-10 23:47:29 - [TEST_STEP][PASSED] - if (i == 2 &amp;&amp; wildList.indexOf(symbol) != -1): null

2019-08-10 23:47:29 - [TEST_STEP][PASSED] - if (i == 3 &amp;&amp; wildList.indexOf(symbol) != -1): null

2019-08-10 23:47:29 - [TEST_STEP][PASSED] - if (i == 4 &amp;&amp; wildList.indexOf(symbol) != -1): null

2019-08-10 23:47:29 - [TEST_STEP][PASSED] - symbol = symbol: null

2019-08-10 23:47:29 - [TEST_STEP][PASSED] - println(symbol): null

2019-08-10 23:47:29 - [TEST_STEP][PASSED] - if (i == 2 &amp;&amp; wildList.indexOf(symbol) != -1): null

2019-08-10 23:47:29 - [TEST_STEP][PASSED] - if (i == 3 &amp;&amp; wildList.indexOf(symbol) != -1): null

2019-08-10 23:47:29 - [TEST_STEP][PASSED] - if (i == 4 &amp;&amp; wildList.indexOf(symbol) != -1): null

2019-08-10 23:47:29 - [TEST_STEP][PASSED] - symbol = symbol: null

2019-08-10 23:47:29 - [TEST_STEP][PASSED] - println(symbol): null

2019-08-10 23:47:29 - [TEST_STEP][PASSED] - if (i == 2 &amp;&amp; wildList.indexOf(symbol) != -1): null

2019-08-10 23:47:29 - [TEST_STEP][PASSED] - if (i == 3 &amp;&amp; wildList.indexOf(symbol) != -1): null

2019-08-10 23:47:29 - [TEST_STEP][PASSED] - if (i == 4 &amp;&amp; wildList.indexOf(symbol) != -1): null

2019-08-10 23:47:29 - [TEST_STEP][PASSED] - symbols = symbols: null

2019-08-10 23:47:29 - [TEST_STEP][PASSED] - for ([j = 0, j &lt; symbols.size(), (j++)]): null

2019-08-10 23:47:29 - [TEST_STEP][PASSED] - symbol = symbol: null

2019-08-10 23:47:29 - [TEST_STEP][PASSED] - println(symbol): null

2019-08-10 23:47:29 - [TEST_STEP][PASSED] - if (i == 2 &amp;&amp; wildList.indexOf(symbol) != -1): null

2019-08-10 23:47:29 - [TEST_STEP][PASSED] - if (i == 3 &amp;&amp; wildList.indexOf(symbol) != -1): null

2019-08-10 23:47:29 - [TEST_STEP][PASSED] - if (i == 4 &amp;&amp; wildList.indexOf(symbol) != -1): null

2019-08-10 23:47:29 - [TEST_STEP][PASSED] - symbol = symbol: null

2019-08-10 23:47:29 - [TEST_STEP][PASSED] - println(symbol): null

2019-08-10 23:47:29 - [TEST_STEP][PASSED] - if (i == 2 &amp;&amp; wildList.indexOf(symbol) != -1): null

2019-08-10 23:47:29 - [TEST_STEP][PASSED] - if (i == 3 &amp;&amp; wildList.indexOf(symbol) != -1): null

2019-08-10 23:47:29 - [TEST_STEP][PASSED] - if (i == 4 &amp;&amp; wildList.indexOf(symbol) != -1): null

2019-08-10 23:47:29 - [TEST_STEP][PASSED] - symbol = symbol: null

2019-08-10 23:47:29 - [TEST_STEP][PASSED] - println(symbol): null

2019-08-10 23:47:29 - [TEST_STEP][PASSED] - if (i == 2 &amp;&amp; wildList.indexOf(symbol) != -1): null

2019-08-10 23:47:29 - [TEST_STEP][PASSED] - if (i == 3 &amp;&amp; wildList.indexOf(symbol) != -1): null

2019-08-10 23:47:29 - [TEST_STEP][PASSED] - if (i == 4 &amp;&amp; wildList.indexOf(symbol) != -1): null

2019-08-10 23:47:29 - [TEST_STEP][PASSED] - symbols = symbols: null

2019-08-10 23:47:29 - [TEST_STEP][PASSED] - for ([j = 0, j &lt; symbols.size(), (j++)]): null

2019-08-10 23:47:29 - [TEST_STEP][PASSED] - symbol = symbol: null

2019-08-10 23:47:29 - [TEST_STEP][PASSED] - println(symbol): null

2019-08-10 23:47:29 - [TEST_STEP][PASSED] - if (i == 2 &amp;&amp; wildList.indexOf(symbol) != -1): null

2019-08-10 23:47:29 - [TEST_STEP][PASSED] - if (i == 3 &amp;&amp; wildList.indexOf(symbol) != -1): null

2019-08-10 23:47:29 - [TEST_STEP][PASSED] - if (i == 4 &amp;&amp; wildList.indexOf(symbol) != -1): null

2019-08-10 23:47:29 - [TEST_STEP][PASSED] - symbol = symbol: null

2019-08-10 23:47:29 - [TEST_STEP][PASSED] - println(symbol): null

2019-08-10 23:47:29 - [TEST_STEP][PASSED] - if (i == 2 &amp;&amp; wildList.indexOf(symbol) != -1): null

2019-08-10 23:47:29 - [TEST_STEP][PASSED] - if (i == 3 &amp;&amp; wildList.indexOf(symbol) != -1): null

2019-08-10 23:47:29 - [TEST_STEP][PASSED] - if (i == 4 &amp;&amp; wildList.indexOf(symbol) != -1): null

2019-08-10 23:47:29 - [TEST_STEP][PASSED] - symbol = symbol: null

2019-08-10 23:47:29 - [TEST_STEP][PASSED] - println(symbol): null

2019-08-10 23:47:29 - [TEST_STEP][PASSED] - if (i == 2 &amp;&amp; wildList.indexOf(symbol) != -1): null

2019-08-10 23:47:29 - [TEST_STEP][PASSED] - if (i == 3 &amp;&amp; wildList.indexOf(symbol) != -1): null

2019-08-10 23:47:29 - [TEST_STEP][PASSED] - if (i == 4 &amp;&amp; wildList.indexOf(symbol) != -1): null

2019-08-10 23:47:29 - [TEST_STEP][PASSED] - symbols = symbols: null

2019-08-10 23:47:29 - [TEST_STEP][PASSED] - for ([j = 0, j &lt; symbols.size(), (j++)]): null

2019-08-10 23:47:29 - [TEST_STEP][PASSED] - symbol = symbol: null

2019-08-10 23:47:29 - [TEST_STEP][PASSED] - println(symbol): null

2019-08-10 23:47:29 - [TEST_STEP][PASSED] - if (i == 2 &amp;&amp; wildList.indexOf(symbol) != -1): null

2019-08-10 23:47:29 - [TEST_STEP][PASSED] - if (i == 3 &amp;&amp; wildList.indexOf(symbol) != -1): null

2019-08-10 23:47:29 - [TEST_STEP][PASSED] - if (i == 4 &amp;&amp; wildList.indexOf(symbol) != -1): null

2019-08-10 23:47:29 - [TEST_STEP][PASSED] - symbol = symbol: null

2019-08-10 23:47:29 - [TEST_STEP][PASSED] - println(symbol): null

2019-08-10 23:47:29 - [TEST_STEP][PASSED] - if (i == 2 &amp;&amp; wildList.indexOf(symbol) != -1): null

2019-08-10 23:47:29 - [TEST_STEP][PASSED] - if (i == 3 &amp;&amp; wildList.indexOf(symbol) != -1): null

2019-08-10 23:47:29 - [TEST_STEP][PASSED] - if (i == 4 &amp;&amp; wildList.indexOf(symbol) != -1): null

2019-08-10 23:47:29 - [TEST_STEP][PASSED] - symbol = symbol: null

2019-08-10 23:47:29 - [TEST_STEP][PASSED] - println(symbol): null

2019-08-10 23:47:29 - [TEST_STEP][PASSED] - if (i == 2 &amp;&amp; wildList.indexOf(symbol) != -1): null

2019-08-10 23:47:29 - [TEST_STEP][PASSED] - if (i == 3 &amp;&amp; wildList.indexOf(symbol) != -1): null

2019-08-10 23:47:29 - [TEST_STEP][PASSED] - if (i == 4 &amp;&amp; wildList.indexOf(symbol) != -1): null

2019-08-10 23:47:29 - [TEST_STEP][PASSED] - symbols = symbols: null

2019-08-10 23:47:29 - [TEST_STEP][PASSED] - for ([j = 0, j &lt; symbols.size(), (j++)]): null

2019-08-10 23:47:29 - [TEST_STEP][PASSED] - symbol = symbol: null

2019-08-10 23:47:29 - [TEST_STEP][PASSED] - println(symbol): null

2019-08-10 23:47:29 - [TEST_STEP][PASSED] - if (i == 2 &amp;&amp; wildList.indexOf(symbol) != -1): null

2019-08-10 23:47:29 - [TEST_STEP][PASSED] - if (i == 3 &amp;&amp; wildList.indexOf(symbol) != -1): null

2019-08-10 23:47:29 - [TEST_STEP][PASSED] - if (i == 4 &amp;&amp; wildList.indexOf(symbol) != -1): null

2019-08-10 23:47:29 - [TEST_STEP][PASSED] - symbol = symbol: null

2019-08-10 23:47:29 - [TEST_STEP][PASSED] - println(symbol): null

2019-08-10 23:47:29 - [TEST_STEP][PASSED] - if (i == 2 &amp;&amp; wildList.indexOf(symbol) != -1): null

2019-08-10 23:47:29 - [TEST_STEP][PASSED] - if (i == 3 &amp;&amp; wildList.indexOf(symbol) != -1): null

2019-08-10 23:47:29 - [TEST_STEP][PASSED] - if (i == 4 &amp;&amp; wildList.indexOf(symbol) != -1): null

2019-08-10 23:47:29 - [TEST_STEP][PASSED] - symbol = symbol: null

2019-08-10 23:47:29 - [TEST_STEP][PASSED] - println(symbol): null

2019-08-10 23:47:29 - [TEST_STEP][PASSED] - if (i == 2 &amp;&amp; wildList.indexOf(symbol) != -1): null

2019-08-10 23:47:29 - [TEST_STEP][PASSED] - if (i == 3 &amp;&amp; wildList.indexOf(symbol) != -1): null

2019-08-10 23:47:29 - [TEST_STEP][PASSED] - if (i == 4 &amp;&amp; wildList.indexOf(symbol) != -1): null

2019-08-10 23:47:29 - [TEST_STEP][PASSED] - free_spin_reel_counter = free_spin_reel_counter: null

2019-08-10 23:47:29 - [TEST_STEP][PASSED] - println("reel 3 wild found: " + free_spin_reel_counter[0]): null

2019-08-10 23:47:29 - [TEST_STEP][PASSED] - println("reel 4 wild found: " + free_spin_reel_counter[1]): null

2019-08-10 23:47:29 - [TEST_STEP][PASSED] - println("reel 5 wild found: " + free_spin_reel_counter[2]): null

2019-08-10 23:47:29 - [TEST_STEP][PASSED] - M4_spin_reels = M4_spin_reels: null

2019-08-10 23:47:29 - [TEST_STEP][PASSED] - M4_spin_reels_symbols = symbol: null

2019-08-10 23:47:29 - [TEST_STEP][PASSED] - M4_spin_reels_symbols = M4_spin_reels_symbols: null

2019-08-10 23:47:29 - [TEST_STEP][PASSED] - M4_spin_reel_wins = reel_wins: null

2019-08-10 23:47:29 - [TEST_STEP][PASSED] - M4_spin_reel_wins = M4_spin_reel_wins: null

2019-08-10 23:47:29 - [TEST_STEP][PASSED] - println("GlobalVariable.M4_spin_reel_wins is: " + M4_spin_reel_wins): null

2019-08-10 23:47:29 - [TEST_STEP][PASSED] - M4_spin_total_bonus_win_this_round = total_bonus_win_this_round: null

2019-08-10 23:47:29 - [TEST_STEP][PASSED] - M4_spin_total_bonus_win_this_round = M4_spin_total_bonus_win_this_round: null

2019-08-10 23:47:29 - [TEST_STEP][PASSED] - println("GlobalVariable.M4_spin_total_bonus_win_this_round is: " + M4_spin_total_bonus_win_this_round): null

2019-08-10 23:47:29 - [MESSAGE][PASSED] - Verify response successfully

2019-08-10 23:47:29 - [MESSAGE][PASSED] - Send request and verify the response successfully

2019-08-10 23:47:29 - [TEST_STEP][PASSED] - if (M4_total_bonus_spins_int != 0 &amp;&amp; M4_spin_reels_symbols[2].contains("WILD_ExtraFG") || M4_spin_reels_symbols[3].contains("WILD_ExtraFG")): null

2019-08-10 23:47:29 - [TEST_STEP][PASSED] - free_spin_reel_counter = free_spin_reel_counter: null

2019-08-10 23:47:29 - [TEST_STEP][PASSED] - M4_spin_reels_symbols = M4_spin_reels_symbols: null

2019-08-10 23:47:29 - [TEST_STEP][PASSED] - M4_total_bonus_spins = M4_total_bonus_spins: null

2019-08-10 23:47:29 - [TEST_STEP][PASSED] - spin_result = sendRequestAndVerify(findTestObject("RGS(M4)/1_M4_spin", ["M4_login_user_id":M4_login_user_id, "rgs_session_token":rgs_session_token, "partner":Partner])): Send request and verify the response successfully

2019-08-10 23:47:29 - [TEST_CASE][PASSED] - Start Test Case : Verification: Verification accomplished successfully

2019-08-10 23:47:29 - [TEST_STEP][PASSED] - request = getInstance().getCurrentRequest(): null

2019-08-10 23:47:29 - [TEST_STEP][PASSED] - response = getInstance().getCurrentResponse(): null

2019-08-10 23:47:29 - [TEST_STEP][PASSED] - verifyResponseStatusCode(response, 200): Verify response status code successfully

2019-08-10 23:47:29 - [MESSAGE][PASSED] - Verify response status code successfully

2019-08-10 23:47:29 - [TEST_STEP][PASSED] - getStatusCode()).isEqualTo(200): null

2019-08-10 23:47:29 - [TEST_STEP][PASSED] - newline = System.getProperty("line.separator"): null

2019-08-10 23:47:33 - [TEST_STEP][PASSED] - M4_spin = new groovy.json.JsonSlurper(): null

2019-08-10 23:47:33 - [TEST_STEP][PASSED] - result_M4_spin = M4_spin.parseText(response.getResponseBodyContent()): null

2019-08-10 23:47:33 - [TEST_STEP][PASSED] - M4_spin_current_balance = current_balance: null

2019-08-10 23:47:33 - [TEST_STEP][PASSED] - M4_spin_current_balance = M4_spin_current_balance: null

2019-08-10 23:47:33 - [TEST_STEP][PASSED] - M4_spin_transaction_id = causality: null

2019-08-10 23:47:33 - [TEST_STEP][PASSED] - M4_spin_transaction_id = M4_spin_transaction_id: null

2019-08-10 23:47:33 - [TEST_STEP][PASSED] - M4_spin_round_id = round_id: null

2019-08-10 23:47:33 - [TEST_STEP][PASSED] - M4_spin_round_id = M4_spin_round_id: null

2019-08-10 23:47:33 - [TEST_STEP][PASSED] - M4_spin_line_wins = line_wins: null

2019-08-10 23:47:33 - [TEST_STEP][PASSED] - M4_spin_line_wins = M4_spin_line_wins: null

2019-08-10 23:47:34 - [TEST_STEP][PASSED] - M4_total_bonus_spins_int = total_bonus_spins: null

2019-08-10 23:47:34 - [TEST_STEP][PASSED] - println("******M4_total_bonus_spins type is:*******" + newline + getClass().getName()): null

2019-08-10 23:47:34 - [TEST_STEP][PASSED] - M4_total_bonus_spins_int = M4_total_bonus_spins_int: null

2019-08-10 23:47:34 - [TEST_STEP][PASSED] - M4_total_bonus_spins = Integer.toString(M4_total_bonus_spins_int): null

2019-08-10 23:47:34 - [TEST_STEP][PASSED] - M4_total_bonus_spins = M4_total_bonus_spins: null

2019-08-10 23:47:34 - [TEST_STEP][PASSED] - println("M4_total_bonus_spins is:" + M4_total_bonus_spins): null

2019-08-10 23:47:34 - [TEST_STEP][PASSED] - M4_spin_bonus_data = bonus_data: null

2019-08-10 23:47:34 - [TEST_STEP][PASSED] - M4_spin_features_triggered = result_M4_spin: null

2019-08-10 23:47:34 - [TEST_STEP][PASSED] - wild = []: null

2019-08-10 23:47:34 - [TEST_STEP][PASSED] - wild[0] = "WILD_Expanding": null

2019-08-10 23:47:34 - [TEST_STEP][PASSED] - wild[1] = "WILD_Normal": null

2019-08-10 23:47:34 - [TEST_STEP][PASSED] - wild[2] = "WILD_Double": null

2019-08-10 23:47:34 - [TEST_STEP][PASSED] - wild[3] = "WILD_ExtraFG": null

2019-08-10 23:47:34 - [TEST_STEP][PASSED] - wild[4] = "WILD_Triple": null

2019-08-10 23:47:34 - [TEST_STEP][PASSED] - wildList = Arrays.asList(wild): null

2019-08-10 23:47:34 - [TEST_STEP][PASSED] - wildList = wildList: null

2019-08-10 23:47:34 - [TEST_STEP][PASSED] - free_spin_reel_counter = []: null

2019-08-10 23:47:34 - [TEST_STEP][PASSED] - free_spin_reel_counter[0] = 0: null

2019-08-10 23:47:34 - [TEST_STEP][PASSED] - free_spin_reel_counter[1] = 0: null

2019-08-10 23:47:34 - [TEST_STEP][PASSED] - free_spin_reel_counter[2] = 0: null

2019-08-10 23:47:34 - [TEST_STEP][PASSED] - M4_spin_reels = reels: null

2019-08-10 23:47:34 - [TEST_STEP][PASSED] - for ([i = 0, i &lt; M4_spin_reels.size(), (i++)]): null

2019-08-10 23:47:34 - [TEST_STEP][PASSED] - symbols = symbols: null

2019-08-10 23:47:34 - [TEST_STEP][PASSED] - for ([j = 0, j &lt; symbols.size(), (j++)]): null

2019-08-10 23:47:34 - [TEST_STEP][PASSED] - symbol = symbol: null

2019-08-10 23:47:34 - [TEST_STEP][PASSED] - println(symbol): null

2019-08-10 23:47:34 - [TEST_STEP][PASSED] - if (i == 2 &amp;&amp; wildList.indexOf(symbol) != -1): null

2019-08-10 23:47:34 - [TEST_STEP][PASSED] - if (i == 3 &amp;&amp; wildList.indexOf(symbol) != -1): null

2019-08-10 23:47:34 - [TEST_STEP][PASSED] - if (i == 4 &amp;&amp; wildList.indexOf(symbol) != -1): null

2019-08-10 23:47:34 - [TEST_STEP][PASSED] - symbol = symbol: null

2019-08-10 23:47:34 - [TEST_STEP][PASSED] - println(symbol): null

2019-08-10 23:47:34 - [TEST_STEP][PASSED] - if (i == 2 &amp;&amp; wildList.indexOf(symbol) != -1): null

2019-08-10 23:47:34 - [TEST_STEP][PASSED] - if (i == 3 &amp;&amp; wildList.indexOf(symbol) != -1): null

2019-08-10 23:47:34 - [TEST_STEP][PASSED] - if (i == 4 &amp;&amp; wildList.indexOf(symbol) != -1): null

2019-08-10 23:47:34 - [TEST_STEP][PASSED] - symbol = symbol: null

2019-08-10 23:47:34 - [TEST_STEP][PASSED] - println(symbol): null

2019-08-10 23:47:34 - [TEST_STEP][PASSED] - if (i == 2 &amp;&amp; wildList.indexOf(symbol) != -1): null

2019-08-10 23:47:34 - [TEST_STEP][PASSED] - if (i == 3 &amp;&amp; wildList.indexOf(symbol) != -1): null

2019-08-10 23:47:34 - [TEST_STEP][PASSED] - if (i == 4 &amp;&amp; wildList.indexOf(symbol) != -1): null

2019-08-10 23:47:34 - [TEST_STEP][PASSED] - symbols = symbols: null

2019-08-10 23:47:34 - [TEST_STEP][PASSED] - for ([j = 0, j &lt; symbols.size(), (j++)]): null

2019-08-10 23:47:34 - [TEST_STEP][PASSED] - symbol = symbol: null

2019-08-10 23:47:34 - [TEST_STEP][PASSED] - println(symbol): null

2019-08-10 23:47:34 - [TEST_STEP][PASSED] - if (i == 2 &amp;&amp; wildList.indexOf(symbol) != -1): null

2019-08-10 23:47:34 - [TEST_STEP][PASSED] - if (i == 3 &amp;&amp; wildList.indexOf(symbol) != -1): null

2019-08-10 23:47:34 - [TEST_STEP][PASSED] - if (i == 4 &amp;&amp; wildList.indexOf(symbol) != -1): null

2019-08-10 23:47:34 - [TEST_STEP][PASSED] - symbol = symbol: null

2019-08-10 23:47:34 - [TEST_STEP][PASSED] - println(symbol): null

2019-08-10 23:47:34 - [TEST_STEP][PASSED] - if (i == 2 &amp;&amp; wildList.indexOf(symbol) != -1): null

2019-08-10 23:47:34 - [TEST_STEP][PASSED] - if (i == 3 &amp;&amp; wildList.indexOf(symbol) != -1): null

2019-08-10 23:47:34 - [TEST_STEP][PASSED] - if (i == 4 &amp;&amp; wildList.indexOf(symbol) != -1): null

2019-08-10 23:47:34 - [TEST_STEP][PASSED] - symbol = symbol: null

2019-08-10 23:47:34 - [TEST_STEP][PASSED] - println(symbol): null

2019-08-10 23:47:34 - [TEST_STEP][PASSED] - if (i == 2 &amp;&amp; wildList.indexOf(symbol) != -1): null

2019-08-10 23:47:34 - [TEST_STEP][PASSED] - if (i == 3 &amp;&amp; wildList.indexOf(symbol) != -1): null

2019-08-10 23:47:34 - [TEST_STEP][PASSED] - if (i == 4 &amp;&amp; wildList.indexOf(symbol) != -1): null

2019-08-10 23:47:34 - [TEST_STEP][PASSED] - symbols = symbols: null

2019-08-10 23:47:34 - [TEST_STEP][PASSED] - for ([j = 0, j &lt; symbols.size(), (j++)]): null

2019-08-10 23:47:34 - [TEST_STEP][PASSED] - symbol = symbol: null

2019-08-10 23:47:34 - [TEST_STEP][PASSED] - println(symbol): null

2019-08-10 23:47:34 - [TEST_STEP][PASSED] - if (i == 2 &amp;&amp; wildList.indexOf(symbol) != -1): null

2019-08-10 23:47:34 - [TEST_STEP][PASSED] - if (i == 3 &amp;&amp; wildList.indexOf(symbol) != -1): null

2019-08-10 23:47:34 - [TEST_STEP][PASSED] - if (i == 4 &amp;&amp; wildList.indexOf(symbol) != -1): null

2019-08-10 23:47:34 - [TEST_STEP][PASSED] - symbol = symbol: null

2019-08-10 23:47:34 - [TEST_STEP][PASSED] - println(symbol): null

2019-08-10 23:47:34 - [TEST_STEP][PASSED] - if (i == 2 &amp;&amp; wildList.indexOf(symbol) != -1): null

2019-08-10 23:47:34 - [TEST_STEP][PASSED] - if (i == 3 &amp;&amp; wildList.indexOf(symbol) != -1): null

2019-08-10 23:47:34 - [TEST_STEP][PASSED] - if (i == 4 &amp;&amp; wildList.indexOf(symbol) != -1): null

2019-08-10 23:47:34 - [TEST_STEP][PASSED] - symbol = symbol: null

2019-08-10 23:47:34 - [TEST_STEP][PASSED] - println(symbol): null

2019-08-10 23:47:34 - [TEST_STEP][PASSED] - if (i == 2 &amp;&amp; wildList.indexOf(symbol) != -1): null

2019-08-10 23:47:34 - [TEST_STEP][PASSED] - if (i == 3 &amp;&amp; wildList.indexOf(symbol) != -1): null

2019-08-10 23:47:34 - [TEST_STEP][PASSED] - if (i == 4 &amp;&amp; wildList.indexOf(symbol) != -1): null

2019-08-10 23:47:34 - [TEST_STEP][PASSED] - symbols = symbols: null

2019-08-10 23:47:34 - [TEST_STEP][PASSED] - for ([j = 0, j &lt; symbols.size(), (j++)]): null

2019-08-10 23:47:34 - [TEST_STEP][PASSED] - symbol = symbol: null

2019-08-10 23:47:34 - [TEST_STEP][PASSED] - println(symbol): null

2019-08-10 23:47:34 - [TEST_STEP][PASSED] - if (i == 2 &amp;&amp; wildList.indexOf(symbol) != -1): null

2019-08-10 23:47:34 - [TEST_STEP][PASSED] - if (i == 3 &amp;&amp; wildList.indexOf(symbol) != -1): null

2019-08-10 23:47:34 - [TEST_STEP][PASSED] - if (i == 4 &amp;&amp; wildList.indexOf(symbol) != -1): null

2019-08-10 23:47:34 - [TEST_STEP][PASSED] - symbol = symbol: null

2019-08-10 23:47:34 - [TEST_STEP][PASSED] - println(symbol): null

2019-08-10 23:47:34 - [TEST_STEP][PASSED] - if (i == 2 &amp;&amp; wildList.indexOf(symbol) != -1): null

2019-08-10 23:47:34 - [TEST_STEP][PASSED] - if (i == 3 &amp;&amp; wildList.indexOf(symbol) != -1): null

2019-08-10 23:47:34 - [TEST_STEP][PASSED] - if (i == 4 &amp;&amp; wildList.indexOf(symbol) != -1): null

2019-08-10 23:47:34 - [TEST_STEP][PASSED] - symbol = symbol: null

2019-08-10 23:47:34 - [TEST_STEP][PASSED] - println(symbol): null

2019-08-10 23:47:34 - [TEST_STEP][PASSED] - if (i == 2 &amp;&amp; wildList.indexOf(symbol) != -1): null

2019-08-10 23:47:34 - [TEST_STEP][PASSED] - if (i == 3 &amp;&amp; wildList.indexOf(symbol) != -1): null

2019-08-10 23:47:34 - [TEST_STEP][PASSED] - if (i == 4 &amp;&amp; wildList.indexOf(symbol) != -1): null

2019-08-10 23:47:34 - [TEST_STEP][PASSED] - symbols = symbols: null

2019-08-10 23:47:34 - [TEST_STEP][PASSED] - for ([j = 0, j &lt; symbols.size(), (j++)]): null

2019-08-10 23:47:34 - [TEST_STEP][PASSED] - symbol = symbol: null

2019-08-10 23:47:34 - [TEST_STEP][PASSED] - println(symbol): null

2019-08-10 23:47:34 - [TEST_STEP][PASSED] - if (i == 2 &amp;&amp; wildList.indexOf(symbol) != -1): null

2019-08-10 23:47:34 - [TEST_STEP][PASSED] - if (i == 3 &amp;&amp; wildList.indexOf(symbol) != -1): null

2019-08-10 23:47:34 - [TEST_STEP][PASSED] - if (i == 4 &amp;&amp; wildList.indexOf(symbol) != -1): null

2019-08-10 23:47:34 - [TEST_STEP][PASSED] - symbol = symbol: null

2019-08-10 23:47:34 - [TEST_STEP][PASSED] - println(symbol): null

2019-08-10 23:47:34 - [TEST_STEP][PASSED] - if (i == 2 &amp;&amp; wildList.indexOf(symbol) != -1): null

2019-08-10 23:47:34 - [TEST_STEP][PASSED] - if (i == 3 &amp;&amp; wildList.indexOf(symbol) != -1): null

2019-08-10 23:47:34 - [TEST_STEP][PASSED] - if (i == 4 &amp;&amp; wildList.indexOf(symbol) != -1): null

2019-08-10 23:47:34 - [TEST_STEP][PASSED] - symbol = symbol: null

2019-08-10 23:47:34 - [TEST_STEP][PASSED] - println(symbol): null

2019-08-10 23:47:34 - [TEST_STEP][PASSED] - if (i == 2 &amp;&amp; wildList.indexOf(symbol) != -1): null

2019-08-10 23:47:34 - [TEST_STEP][PASSED] - if (i == 3 &amp;&amp; wildList.indexOf(symbol) != -1): null

2019-08-10 23:47:34 - [TEST_STEP][PASSED] - if (i == 4 &amp;&amp; wildList.indexOf(symbol) != -1): null

2019-08-10 23:47:34 - [TEST_STEP][PASSED] - free_spin_reel_counter = free_spin_reel_counter: null

2019-08-10 23:47:34 - [TEST_STEP][PASSED] - println("reel 3 wild found: " + free_spin_reel_counter[0]): null

2019-08-10 23:47:34 - [TEST_STEP][PASSED] - println("reel 4 wild found: " + free_spin_reel_counter[1]): null

2019-08-10 23:47:34 - [TEST_STEP][PASSED] - println("reel 5 wild found: " + free_spin_reel_counter[2]): null

2019-08-10 23:47:34 - [TEST_STEP][PASSED] - M4_spin_reels = M4_spin_reels: null

2019-08-10 23:47:34 - [TEST_STEP][PASSED] - M4_spin_reels_symbols = symbol: null

2019-08-10 23:47:34 - [TEST_STEP][PASSED] - M4_spin_reels_symbols = M4_spin_reels_symbols: null

2019-08-10 23:47:34 - [TEST_STEP][PASSED] - M4_spin_reel_wins = reel_wins: null

2019-08-10 23:47:34 - [TEST_STEP][PASSED] - M4_spin_reel_wins = M4_spin_reel_wins: null

2019-08-10 23:47:34 - [TEST_STEP][PASSED] - println("GlobalVariable.M4_spin_reel_wins is: " + M4_spin_reel_wins): null

2019-08-10 23:47:34 - [TEST_STEP][PASSED] - M4_spin_total_bonus_win_this_round = total_bonus_win_this_round: null

2019-08-10 23:47:34 - [TEST_STEP][PASSED] - M4_spin_total_bonus_win_this_round = M4_spin_total_bonus_win_this_round: null

2019-08-10 23:47:34 - [TEST_STEP][PASSED] - println("GlobalVariable.M4_spin_total_bonus_win_this_round is: " + M4_spin_total_bonus_win_this_round): null

2019-08-10 23:47:34 - [MESSAGE][PASSED] - Verify response successfully

2019-08-10 23:47:34 - [MESSAGE][PASSED] - Send request and verify the response successfully

2019-08-10 23:47:34 - [TEST_STEP][PASSED] - if (M4_total_bonus_spins_int != 0 &amp;&amp; M4_spin_reels_symbols[2].contains("WILD_ExtraFG") || M4_spin_reels_symbols[3].contains("WILD_ExtraFG")): null

2019-08-10 23:47:34 - [TEST_STEP][PASSED] - free_spin_reel_counter = free_spin_reel_counter: null

2019-08-10 23:47:34 - [TEST_STEP][PASSED] - M4_spin_reels_symbols = M4_spin_reels_symbols: null

2019-08-10 23:47:34 - [TEST_STEP][PASSED] - M4_total_bonus_spins = M4_total_bonus_spins: null

2019-08-10 23:47:34 - [TEST_STEP][PASSED] - spin_result = sendRequestAndVerify(findTestObject("RGS(M4)/1_M4_spin", ["M4_login_user_id":M4_login_user_id, "rgs_session_token":rgs_session_token, "partner":Partner])): Send request and verify the response successfully

2019-08-10 23:47:34 - [TEST_CASE][PASSED] - Start Test Case : Verification: Verification accomplished successfully

2019-08-10 23:47:34 - [TEST_STEP][PASSED] - request = getInstance().getCurrentRequest(): null

2019-08-10 23:47:34 - [TEST_STEP][PASSED] - response = getInstance().getCurrentResponse(): null

2019-08-10 23:47:34 - [TEST_STEP][PASSED] - verifyResponseStatusCode(response, 200): Verify response status code successfully

2019-08-10 23:47:34 - [MESSAGE][PASSED] - Verify response status code successfully

2019-08-10 23:47:34 - [TEST_STEP][PASSED] - getStatusCode()).isEqualTo(200): null

2019-08-10 23:47:34 - [TEST_STEP][PASSED] - newline = System.getProperty("line.separator"): null

2019-08-10 23:47:34 - [TEST_STEP][PASSED] - M4_spin = new groovy.json.JsonSlurper(): null

2019-08-10 23:47:34 - [TEST_STEP][PASSED] - result_M4_spin = M4_spin.parseText(response.getResponseBodyContent()): null

2019-08-10 23:47:34 - [TEST_STEP][PASSED] - M4_spin_current_balance = current_balance: null

2019-08-10 23:47:34 - [TEST_STEP][PASSED] - M4_spin_current_balance = M4_spin_current_balance: null

2019-08-10 23:47:34 - [TEST_STEP][PASSED] - M4_spin_transaction_id = causality: null

2019-08-10 23:47:34 - [TEST_STEP][PASSED] - M4_spin_transaction_id = M4_spin_transaction_id: null

2019-08-10 23:47:34 - [TEST_STEP][PASSED] - M4_spin_round_id = round_id: null

2019-08-10 23:47:34 - [TEST_STEP][PASSED] - M4_spin_round_id = M4_spin_round_id: null

2019-08-10 23:47:34 - [TEST_STEP][PASSED] - M4_spin_line_wins = line_wins: null

2019-08-10 23:47:34 - [TEST_STEP][PASSED] - M4_spin_line_wins = M4_spin_line_wins: null

2019-08-10 23:47:34 - [TEST_STEP][PASSED] - M4_total_bonus_spins_int = total_bonus_spins: null

2019-08-10 23:47:34 - [TEST_STEP][PASSED] - println("******M4_total_bonus_spins type is:*******" + newline + getClass().getName()): null

2019-08-10 23:47:34 - [TEST_STEP][PASSED] - M4_total_bonus_spins_int = M4_total_bonus_spins_int: null

2019-08-10 23:47:34 - [TEST_STEP][PASSED] - M4_total_bonus_spins = Integer.toString(M4_total_bonus_spins_int): null

2019-08-10 23:47:34 - [TEST_STEP][PASSED] - M4_total_bonus_spins = M4_total_bonus_spins: null

2019-08-10 23:47:34 - [TEST_STEP][PASSED] - println("M4_total_bonus_spins is:" + M4_total_bonus_spins): null

2019-08-10 23:47:34 - [TEST_STEP][PASSED] - M4_spin_bonus_data = bonus_data: null

2019-08-10 23:47:34 - [TEST_STEP][PASSED] - M4_spin_features_triggered = result_M4_spin: null

2019-08-10 23:47:34 - [TEST_STEP][PASSED] - wild = []: null

2019-08-10 23:47:34 - [TEST_STEP][PASSED] - wild[0] = "WILD_Expanding": null

2019-08-10 23:47:34 - [TEST_STEP][PASSED] - wild[1] = "WILD_Normal": null

2019-08-10 23:47:34 - [TEST_STEP][PASSED] - wild[2] = "WILD_Double": null

2019-08-10 23:47:34 - [TEST_STEP][PASSED] - wild[3] = "WILD_ExtraFG": null

2019-08-10 23:47:34 - [TEST_STEP][PASSED] - wild[4] = "WILD_Triple": null

2019-08-10 23:47:34 - [TEST_STEP][PASSED] - wildList = Arrays.asList(wild): null

2019-08-10 23:47:34 - [TEST_STEP][PASSED] - wildList = wildList: null

2019-08-10 23:47:34 - [TEST_STEP][PASSED] - free_spin_reel_counter = []: null

2019-08-10 23:47:34 - [TEST_STEP][PASSED] - free_spin_reel_counter[0] = 0: null

2019-08-10 23:47:34 - [TEST_STEP][PASSED] - free_spin_reel_counter[1] = 0: null

2019-08-10 23:47:34 - [TEST_STEP][PASSED] - free_spin_reel_counter[2] = 0: null

2019-08-10 23:47:34 - [TEST_STEP][PASSED] - M4_spin_reels = reels: null

2019-08-10 23:47:34 - [TEST_STEP][PASSED] - for ([i = 0, i &lt; M4_spin_reels.size(), (i++)]): null

2019-08-10 23:47:34 - [TEST_STEP][PASSED] - symbols = symbols: null

2019-08-10 23:47:34 - [TEST_STEP][PASSED] - for ([j = 0, j &lt; symbols.size(), (j++)]): null

2019-08-10 23:47:34 - [TEST_STEP][PASSED] - symbol = symbol: null

2019-08-10 23:47:34 - [TEST_STEP][PASSED] - println(symbol): null

2019-08-10 23:47:34 - [TEST_STEP][PASSED] - if (i == 2 &amp;&amp; wildList.indexOf(symbol) != -1): null

2019-08-10 23:47:34 - [TEST_STEP][PASSED] - if (i == 3 &amp;&amp; wildList.indexOf(symbol) != -1): null

2019-08-10 23:47:34 - [TEST_STEP][PASSED] - if (i == 4 &amp;&amp; wildList.indexOf(symbol) != -1): null

2019-08-10 23:47:34 - [TEST_STEP][PASSED] - symbol = symbol: null

2019-08-10 23:47:34 - [TEST_STEP][PASSED] - println(symbol): null

2019-08-10 23:47:34 - [TEST_STEP][PASSED] - if (i == 2 &amp;&amp; wildList.indexOf(symbol) != -1): null

2019-08-10 23:47:34 - [TEST_STEP][PASSED] - if (i == 3 &amp;&amp; wildList.indexOf(symbol) != -1): null

2019-08-10 23:47:34 - [TEST_STEP][PASSED] - if (i == 4 &amp;&amp; wildList.indexOf(symbol) != -1): null

2019-08-10 23:47:34 - [TEST_STEP][PASSED] - symbol = symbol: null

2019-08-10 23:47:34 - [TEST_STEP][PASSED] - println(symbol): null

2019-08-10 23:47:34 - [TEST_STEP][PASSED] - if (i == 2 &amp;&amp; wildList.indexOf(symbol) != -1): null

2019-08-10 23:47:34 - [TEST_STEP][PASSED] - if (i == 3 &amp;&amp; wildList.indexOf(symbol) != -1): null

2019-08-10 23:47:34 - [TEST_STEP][PASSED] - if (i == 4 &amp;&amp; wildList.indexOf(symbol) != -1): null

2019-08-10 23:47:34 - [TEST_STEP][PASSED] - symbols = symbols: null

2019-08-10 23:47:34 - [TEST_STEP][PASSED] - for ([j = 0, j &lt; symbols.size(), (j++)]): null

2019-08-10 23:47:34 - [TEST_STEP][PASSED] - symbol = symbol: null

2019-08-10 23:47:34 - [TEST_STEP][PASSED] - println(symbol): null

2019-08-10 23:47:34 - [TEST_STEP][PASSED] - if (i == 2 &amp;&amp; wildList.indexOf(symbol) != -1): null

2019-08-10 23:47:34 - [TEST_STEP][PASSED] - if (i == 3 &amp;&amp; wildList.indexOf(symbol) != -1): null

2019-08-10 23:47:34 - [TEST_STEP][PASSED] - if (i == 4 &amp;&amp; wildList.indexOf(symbol) != -1): null

2019-08-10 23:47:34 - [TEST_STEP][PASSED] - symbol = symbol: null

2019-08-10 23:47:34 - [TEST_STEP][PASSED] - println(symbol): null

2019-08-10 23:47:34 - [TEST_STEP][PASSED] - if (i == 2 &amp;&amp; wildList.indexOf(symbol) != -1): null

2019-08-10 23:47:34 - [TEST_STEP][PASSED] - if (i == 3 &amp;&amp; wildList.indexOf(symbol) != -1): null

2019-08-10 23:47:34 - [TEST_STEP][PASSED] - if (i == 4 &amp;&amp; wildList.indexOf(symbol) != -1): null

2019-08-10 23:47:34 - [TEST_STEP][PASSED] - symbol = symbol: null

2019-08-10 23:47:34 - [TEST_STEP][PASSED] - println(symbol): null

2019-08-10 23:47:34 - [TEST_STEP][PASSED] - if (i == 2 &amp;&amp; wildList.indexOf(symbol) != -1): null

2019-08-10 23:47:34 - [TEST_STEP][PASSED] - if (i == 3 &amp;&amp; wildList.indexOf(symbol) != -1): null

2019-08-10 23:47:34 - [TEST_STEP][PASSED] - if (i == 4 &amp;&amp; wildList.indexOf(symbol) != -1): null

2019-08-10 23:47:34 - [TEST_STEP][PASSED] - symbols = symbols: null

2019-08-10 23:47:34 - [TEST_STEP][PASSED] - for ([j = 0, j &lt; symbols.size(), (j++)]): null

2019-08-10 23:47:34 - [TEST_STEP][PASSED] - symbol = symbol: null

2019-08-10 23:47:34 - [TEST_STEP][PASSED] - println(symbol): null

2019-08-10 23:47:34 - [TEST_STEP][PASSED] - if (i == 2 &amp;&amp; wildList.indexOf(symbol) != -1): null

2019-08-10 23:47:34 - [TEST_STEP][PASSED] - println("wild found on reel 3, adding counter by 1"): null

2019-08-10 23:47:34 - [TEST_STEP][PASSED] - free_spin_reel_counter[0] = free_spin_reel_counter[0] + 1: null

2019-08-10 23:47:34 - [TEST_STEP][PASSED] - if (i == 3 &amp;&amp; wildList.indexOf(symbol) != -1): null

2019-08-10 23:47:34 - [TEST_STEP][PASSED] - if (i == 4 &amp;&amp; wildList.indexOf(symbol) != -1): null

2019-08-10 23:47:34 - [TEST_STEP][PASSED] - symbol = symbol: null

2019-08-10 23:47:34 - [TEST_STEP][PASSED] - println(symbol): null

2019-08-10 23:47:34 - [TEST_STEP][PASSED] - if (i == 2 &amp;&amp; wildList.indexOf(symbol) != -1): null

2019-08-10 23:47:34 - [TEST_STEP][PASSED] - if (i == 3 &amp;&amp; wildList.indexOf(symbol) != -1): null

2019-08-10 23:47:34 - [TEST_STEP][PASSED] - if (i == 4 &amp;&amp; wildList.indexOf(symbol) != -1): null

2019-08-10 23:47:34 - [TEST_STEP][PASSED] - symbol = symbol: null

2019-08-10 23:47:34 - [TEST_STEP][PASSED] - println(symbol): null

2019-08-10 23:47:34 - [TEST_STEP][PASSED] - if (i == 2 &amp;&amp; wildList.indexOf(symbol) != -1): null

2019-08-10 23:47:34 - [TEST_STEP][PASSED] - if (i == 3 &amp;&amp; wildList.indexOf(symbol) != -1): null

2019-08-10 23:47:34 - [TEST_STEP][PASSED] - if (i == 4 &amp;&amp; wildList.indexOf(symbol) != -1): null

2019-08-10 23:47:34 - [TEST_STEP][PASSED] - symbols = symbols: null

2019-08-10 23:47:34 - [TEST_STEP][PASSED] - for ([j = 0, j &lt; symbols.size(), (j++)]): null

2019-08-10 23:47:34 - [TEST_STEP][PASSED] - symbol = symbol: null

2019-08-10 23:47:34 - [TEST_STEP][PASSED] - println(symbol): null

2019-08-10 23:47:34 - [TEST_STEP][PASSED] - if (i == 2 &amp;&amp; wildList.indexOf(symbol) != -1): null

2019-08-10 23:47:34 - [TEST_STEP][PASSED] - if (i == 3 &amp;&amp; wildList.indexOf(symbol) != -1): null

2019-08-10 23:47:34 - [TEST_STEP][PASSED] - if (i == 4 &amp;&amp; wildList.indexOf(symbol) != -1): null

2019-08-10 23:47:34 - [TEST_STEP][PASSED] - symbol = symbol: null

2019-08-10 23:47:34 - [TEST_STEP][PASSED] - println(symbol): null

2019-08-10 23:47:34 - [TEST_STEP][PASSED] - if (i == 2 &amp;&amp; wildList.indexOf(symbol) != -1): null

2019-08-10 23:47:34 - [TEST_STEP][PASSED] - if (i == 3 &amp;&amp; wildList.indexOf(symbol) != -1): null

2019-08-10 23:47:34 - [TEST_STEP][PASSED] - if (i == 4 &amp;&amp; wildList.indexOf(symbol) != -1): null

2019-08-10 23:47:34 - [TEST_STEP][PASSED] - symbol = symbol: null

2019-08-10 23:47:34 - [TEST_STEP][PASSED] - println(symbol): null

2019-08-10 23:47:34 - [TEST_STEP][PASSED] - if (i == 2 &amp;&amp; wildList.indexOf(symbol) != -1): null

2019-08-10 23:47:34 - [TEST_STEP][PASSED] - if (i == 3 &amp;&amp; wildList.indexOf(symbol) != -1): null

2019-08-10 23:47:34 - [TEST_STEP][PASSED] - if (i == 4 &amp;&amp; wildList.indexOf(symbol) != -1): null

2019-08-10 23:47:34 - [TEST_STEP][PASSED] - symbols = symbols: null

2019-08-10 23:47:34 - [TEST_STEP][PASSED] - for ([j = 0, j &lt; symbols.size(), (j++)]): null

2019-08-10 23:47:34 - [TEST_STEP][PASSED] - symbol = symbol: null

2019-08-10 23:47:34 - [TEST_STEP][PASSED] - println(symbol): null

2019-08-10 23:47:34 - [TEST_STEP][PASSED] - if (i == 2 &amp;&amp; wildList.indexOf(symbol) != -1): null

2019-08-10 23:47:34 - [TEST_STEP][PASSED] - if (i == 3 &amp;&amp; wildList.indexOf(symbol) != -1): null

2019-08-10 23:47:34 - [TEST_STEP][PASSED] - if (i == 4 &amp;&amp; wildList.indexOf(symbol) != -1): null

2019-08-10 23:47:34 - [TEST_STEP][PASSED] - symbol = symbol: null

2019-08-10 23:47:34 - [TEST_STEP][PASSED] - println(symbol): null

2019-08-10 23:47:34 - [TEST_STEP][PASSED] - if (i == 2 &amp;&amp; wildList.indexOf(symbol) != -1): null

2019-08-10 23:47:34 - [TEST_STEP][PASSED] - if (i == 3 &amp;&amp; wildList.indexOf(symbol) != -1): null

2019-08-10 23:47:34 - [TEST_STEP][PASSED] - if (i == 4 &amp;&amp; wildList.indexOf(symbol) != -1): null

2019-08-10 23:47:34 - [TEST_STEP][PASSED] - symbol = symbol: null

2019-08-10 23:47:34 - [TEST_STEP][PASSED] - println(symbol): null

2019-08-10 23:47:34 - [TEST_STEP][PASSED] - if (i == 2 &amp;&amp; wildList.indexOf(symbol) != -1): null

2019-08-10 23:47:34 - [TEST_STEP][PASSED] - if (i == 3 &amp;&amp; wildList.indexOf(symbol) != -1): null

2019-08-10 23:47:34 - [TEST_STEP][PASSED] - if (i == 4 &amp;&amp; wildList.indexOf(symbol) != -1): null

2019-08-10 23:47:34 - [TEST_STEP][PASSED] - free_spin_reel_counter = free_spin_reel_counter: null

2019-08-10 23:47:34 - [TEST_STEP][PASSED] - println("reel 3 wild found: " + free_spin_reel_counter[0]): null

2019-08-10 23:47:34 - [TEST_STEP][PASSED] - println("reel 4 wild found: " + free_spin_reel_counter[1]): null

2019-08-10 23:47:34 - [TEST_STEP][PASSED] - println("reel 5 wild found: " + free_spin_reel_counter[2]): null

2019-08-10 23:47:34 - [TEST_STEP][PASSED] - M4_spin_reels = M4_spin_reels: null

2019-08-10 23:47:34 - [TEST_STEP][PASSED] - M4_spin_reels_symbols = symbol: null

2019-08-10 23:47:34 - [TEST_STEP][PASSED] - M4_spin_reels_symbols = M4_spin_reels_symbols: null

2019-08-10 23:47:34 - [TEST_STEP][PASSED] - M4_spin_reel_wins = reel_wins: null

2019-08-10 23:47:34 - [TEST_STEP][PASSED] - M4_spin_reel_wins = M4_spin_reel_wins: null

2019-08-10 23:47:34 - [TEST_STEP][PASSED] - println("GlobalVariable.M4_spin_reel_wins is: " + M4_spin_reel_wins): null

2019-08-10 23:47:34 - [TEST_STEP][PASSED] - M4_spin_total_bonus_win_this_round = total_bonus_win_this_round: null

2019-08-10 23:47:34 - [TEST_STEP][PASSED] - M4_spin_total_bonus_win_this_round = M4_spin_total_bonus_win_this_round: null

2019-08-10 23:47:34 - [TEST_STEP][PASSED] - println("GlobalVariable.M4_spin_total_bonus_win_this_round is: " + M4_spin_total_bonus_win_this_round): null

2019-08-10 23:47:34 - [MESSAGE][PASSED] - Verify response successfully

2019-08-10 23:47:34 - [MESSAGE][PASSED] - Send request and verify the response successfully

2019-08-10 23:47:34 - [TEST_STEP][PASSED] - if (M4_total_bonus_spins_int != 0 &amp;&amp; M4_spin_reels_symbols[2].contains("WILD_ExtraFG") || M4_spin_reels_symbols[3].contains("WILD_ExtraFG")): null

2019-08-10 23:47:34 - [TEST_STEP][PASSED] - free_spin_reel_counter = free_spin_reel_counter: null

2019-08-10 23:47:34 - [TEST_STEP][PASSED] - M4_spin_reels_symbols = M4_spin_reels_symbols: null

2019-08-10 23:47:34 - [TEST_STEP][PASSED] - M4_total_bonus_spins = M4_total_bonus_spins: null

2019-08-10 23:47:34 - [TEST_STEP][PASSED] - spin_result = sendRequestAndVerify(findTestObject("RGS(M4)/1_M4_spin", ["M4_login_user_id":M4_login_user_id, "rgs_session_token":rgs_session_token, "partner":Partner])): Send request and verify the response successfully

2019-08-10 23:47:35 - [TEST_CASE][PASSED] - Start Test Case : Verification: Verification accomplished successfully

2019-08-10 23:47:35 - [TEST_STEP][PASSED] - request = getInstance().getCurrentRequest(): null

2019-08-10 23:47:35 - [TEST_STEP][PASSED] - response = getInstance().getCurrentResponse(): null

2019-08-10 23:47:35 - [TEST_STEP][PASSED] - verifyResponseStatusCode(response, 200): Verify response status code successfully

2019-08-10 23:47:35 - [MESSAGE][PASSED] - Verify response status code successfully

2019-08-10 23:47:35 - [TEST_STEP][PASSED] - getStatusCode()).isEqualTo(200): null

2019-08-10 23:47:35 - [TEST_STEP][PASSED] - newline = System.getProperty("line.separator"): null

2019-08-10 23:47:35 - [TEST_STEP][PASSED] - M4_spin = new groovy.json.JsonSlurper(): null

2019-08-10 23:47:35 - [TEST_STEP][PASSED] - result_M4_spin = M4_spin.parseText(response.getResponseBodyContent()): null

2019-08-10 23:47:35 - [TEST_STEP][PASSED] - M4_spin_current_balance = current_balance: null

2019-08-10 23:47:35 - [TEST_STEP][PASSED] - M4_spin_current_balance = M4_spin_current_balance: null

2019-08-10 23:47:35 - [TEST_STEP][PASSED] - M4_spin_transaction_id = causality: null

2019-08-10 23:47:35 - [TEST_STEP][PASSED] - M4_spin_transaction_id = M4_spin_transaction_id: null

2019-08-10 23:47:35 - [TEST_STEP][PASSED] - M4_spin_round_id = round_id: null

2019-08-10 23:47:35 - [TEST_STEP][PASSED] - M4_spin_round_id = M4_spin_round_id: null

2019-08-10 23:47:35 - [TEST_STEP][PASSED] - M4_spin_line_wins = line_wins: null

2019-08-10 23:47:35 - [TEST_STEP][PASSED] - M4_spin_line_wins = M4_spin_line_wins: null

2019-08-10 23:47:35 - [TEST_STEP][PASSED] - M4_total_bonus_spins_int = total_bonus_spins: null

2019-08-10 23:47:35 - [TEST_STEP][PASSED] - println("******M4_total_bonus_spins type is:*******" + newline + getClass().getName()): null

2019-08-10 23:47:35 - [TEST_STEP][PASSED] - M4_total_bonus_spins_int = M4_total_bonus_spins_int: null

2019-08-10 23:47:35 - [TEST_STEP][PASSED] - M4_total_bonus_spins = Integer.toString(M4_total_bonus_spins_int): null

2019-08-10 23:47:35 - [TEST_STEP][PASSED] - M4_total_bonus_spins = M4_total_bonus_spins: null

2019-08-10 23:47:35 - [TEST_STEP][PASSED] - println("M4_total_bonus_spins is:" + M4_total_bonus_spins): null

2019-08-10 23:47:35 - [TEST_STEP][PASSED] - M4_spin_bonus_data = bonus_data: null

2019-08-10 23:47:35 - [TEST_STEP][PASSED] - M4_spin_features_triggered = result_M4_spin: null

2019-08-10 23:47:35 - [TEST_STEP][PASSED] - wild = []: null

2019-08-10 23:47:35 - [TEST_STEP][PASSED] - wild[0] = "WILD_Expanding": null

2019-08-10 23:47:35 - [TEST_STEP][PASSED] - wild[1] = "WILD_Normal": null

2019-08-10 23:47:35 - [TEST_STEP][PASSED] - wild[2] = "WILD_Double": null

2019-08-10 23:47:35 - [TEST_STEP][PASSED] - wild[3] = "WILD_ExtraFG": null

2019-08-10 23:47:35 - [TEST_STEP][PASSED] - wild[4] = "WILD_Triple": null

2019-08-10 23:47:35 - [TEST_STEP][PASSED] - wildList = Arrays.asList(wild): null

2019-08-10 23:47:35 - [TEST_STEP][PASSED] - wildList = wildList: null

2019-08-10 23:47:35 - [TEST_STEP][PASSED] - free_spin_reel_counter = []: null

2019-08-10 23:47:35 - [TEST_STEP][PASSED] - free_spin_reel_counter[0] = 0: null

2019-08-10 23:47:35 - [TEST_STEP][PASSED] - free_spin_reel_counter[1] = 0: null

2019-08-10 23:47:35 - [TEST_STEP][PASSED] - free_spin_reel_counter[2] = 0: null

2019-08-10 23:47:35 - [TEST_STEP][PASSED] - M4_spin_reels = reels: null

2019-08-10 23:47:35 - [TEST_STEP][PASSED] - for ([i = 0, i &lt; M4_spin_reels.size(), (i++)]): null

2019-08-10 23:47:35 - [TEST_STEP][PASSED] - symbols = symbols: null

2019-08-10 23:47:35 - [TEST_STEP][PASSED] - for ([j = 0, j &lt; symbols.size(), (j++)]): null

2019-08-10 23:47:35 - [TEST_STEP][PASSED] - symbol = symbol: null

2019-08-10 23:47:35 - [TEST_STEP][PASSED] - println(symbol): null

2019-08-10 23:47:35 - [TEST_STEP][PASSED] - if (i == 2 &amp;&amp; wildList.indexOf(symbol) != -1): null

2019-08-10 23:47:35 - [TEST_STEP][PASSED] - if (i == 3 &amp;&amp; wildList.indexOf(symbol) != -1): null

2019-08-10 23:47:35 - [TEST_STEP][PASSED] - if (i == 4 &amp;&amp; wildList.indexOf(symbol) != -1): null

2019-08-10 23:47:35 - [TEST_STEP][PASSED] - symbol = symbol: null

2019-08-10 23:47:35 - [TEST_STEP][PASSED] - println(symbol): null

2019-08-10 23:47:35 - [TEST_STEP][PASSED] - if (i == 2 &amp;&amp; wildList.indexOf(symbol) != -1): null

2019-08-10 23:47:35 - [TEST_STEP][PASSED] - if (i == 3 &amp;&amp; wildList.indexOf(symbol) != -1): null

2019-08-10 23:47:35 - [TEST_STEP][PASSED] - if (i == 4 &amp;&amp; wildList.indexOf(symbol) != -1): null

2019-08-10 23:47:39 - [TEST_STEP][PASSED] - symbol = symbol: null

2019-08-10 23:47:39 - [TEST_STEP][PASSED] - println(symbol): null

2019-08-10 23:47:39 - [TEST_STEP][PASSED] - if (i == 2 &amp;&amp; wildList.indexOf(symbol) != -1): null

2019-08-10 23:47:39 - [TEST_STEP][PASSED] - if (i == 3 &amp;&amp; wildList.indexOf(symbol) != -1): null

2019-08-10 23:47:39 - [TEST_STEP][PASSED] - if (i == 4 &amp;&amp; wildList.indexOf(symbol) != -1): null

2019-08-10 23:47:39 - [TEST_STEP][PASSED] - symbols = symbols: null

2019-08-10 23:47:39 - [TEST_STEP][PASSED] - for ([j = 0, j &lt; symbols.size(), (j++)]): null

2019-08-10 23:47:39 - [TEST_STEP][PASSED] - symbol = symbol: null

2019-08-10 23:47:39 - [TEST_STEP][PASSED] - println(symbol): null

2019-08-10 23:47:39 - [TEST_STEP][PASSED] - if (i == 2 &amp;&amp; wildList.indexOf(symbol) != -1): null

2019-08-10 23:47:40 - [TEST_STEP][PASSED] - if (i == 3 &amp;&amp; wildList.indexOf(symbol) != -1): null

2019-08-10 23:47:40 - [TEST_STEP][PASSED] - if (i == 4 &amp;&amp; wildList.indexOf(symbol) != -1): null

2019-08-10 23:47:40 - [TEST_STEP][PASSED] - symbol = symbol: null

2019-08-10 23:47:40 - [TEST_STEP][PASSED] - println(symbol): null

2019-08-10 23:47:40 - [TEST_STEP][PASSED] - if (i == 2 &amp;&amp; wildList.indexOf(symbol) != -1): null

2019-08-10 23:47:40 - [TEST_STEP][PASSED] - if (i == 3 &amp;&amp; wildList.indexOf(symbol) != -1): null

2019-08-10 23:47:40 - [TEST_STEP][PASSED] - if (i == 4 &amp;&amp; wildList.indexOf(symbol) != -1): null

2019-08-10 23:47:40 - [TEST_STEP][PASSED] - symbol = symbol: null

2019-08-10 23:47:40 - [TEST_STEP][PASSED] - println(symbol): null

2019-08-10 23:47:40 - [TEST_STEP][PASSED] - if (i == 2 &amp;&amp; wildList.indexOf(symbol) != -1): null

2019-08-10 23:47:40 - [TEST_STEP][PASSED] - if (i == 3 &amp;&amp; wildList.indexOf(symbol) != -1): null

2019-08-10 23:47:40 - [TEST_STEP][PASSED] - if (i == 4 &amp;&amp; wildList.indexOf(symbol) != -1): null

2019-08-10 23:47:40 - [TEST_STEP][PASSED] - symbols = symbols: null

2019-08-10 23:47:40 - [TEST_STEP][PASSED] - for ([j = 0, j &lt; symbols.size(), (j++)]): null

2019-08-10 23:47:40 - [TEST_STEP][PASSED] - symbol = symbol: null

2019-08-10 23:47:40 - [TEST_STEP][PASSED] - println(symbol): null

2019-08-10 23:47:40 - [TEST_STEP][PASSED] - if (i == 2 &amp;&amp; wildList.indexOf(symbol) != -1): null

2019-08-10 23:47:40 - [TEST_STEP][PASSED] - println("wild found on reel 3, adding counter by 1"): null

2019-08-10 23:47:40 - [TEST_STEP][PASSED] - free_spin_reel_counter[0] = free_spin_reel_counter[0] + 1: null

2019-08-10 23:47:40 - [TEST_STEP][PASSED] - if (i == 3 &amp;&amp; wildList.indexOf(symbol) != -1): null

2019-08-10 23:47:40 - [TEST_STEP][PASSED] - if (i == 4 &amp;&amp; wildList.indexOf(symbol) != -1): null

2019-08-10 23:47:40 - [TEST_STEP][PASSED] - symbol = symbol: null

2019-08-10 23:47:40 - [TEST_STEP][PASSED] - println(symbol): null

2019-08-10 23:47:40 - [TEST_STEP][PASSED] - if (i == 2 &amp;&amp; wildList.indexOf(symbol) != -1): null

2019-08-10 23:47:40 - [TEST_STEP][PASSED] - if (i == 3 &amp;&amp; wildList.indexOf(symbol) != -1): null

2019-08-10 23:47:40 - [TEST_STEP][PASSED] - if (i == 4 &amp;&amp; wildList.indexOf(symbol) != -1): null

2019-08-10 23:47:40 - [TEST_STEP][PASSED] - symbol = symbol: null

2019-08-10 23:47:40 - [TEST_STEP][PASSED] - println(symbol): null

2019-08-10 23:47:40 - [TEST_STEP][PASSED] - if (i == 2 &amp;&amp; wildList.indexOf(symbol) != -1): null

2019-08-10 23:47:40 - [TEST_STEP][PASSED] - if (i == 3 &amp;&amp; wildList.indexOf(symbol) != -1): null

2019-08-10 23:47:40 - [TEST_STEP][PASSED] - if (i == 4 &amp;&amp; wildList.indexOf(symbol) != -1): null

2019-08-10 23:47:40 - [TEST_STEP][PASSED] - symbols = symbols: null

2019-08-10 23:47:40 - [TEST_STEP][PASSED] - for ([j = 0, j &lt; symbols.size(), (j++)]): null

2019-08-10 23:47:40 - [TEST_STEP][PASSED] - symbol = symbol: null

2019-08-10 23:47:40 - [TEST_STEP][PASSED] - println(symbol): null

2019-08-10 23:47:40 - [TEST_STEP][PASSED] - if (i == 2 &amp;&amp; wildList.indexOf(symbol) != -1): null

2019-08-10 23:47:40 - [TEST_STEP][PASSED] - if (i == 3 &amp;&amp; wildList.indexOf(symbol) != -1): null

2019-08-10 23:47:40 - [TEST_STEP][PASSED] - if (i == 4 &amp;&amp; wildList.indexOf(symbol) != -1): null

2019-08-10 23:47:40 - [TEST_STEP][PASSED] - symbol = symbol: null

2019-08-10 23:47:40 - [TEST_STEP][PASSED] - println(symbol): null

2019-08-10 23:47:40 - [TEST_STEP][PASSED] - if (i == 2 &amp;&amp; wildList.indexOf(symbol) != -1): null

2019-08-10 23:47:40 - [TEST_STEP][PASSED] - if (i == 3 &amp;&amp; wildList.indexOf(symbol) != -1): null

2019-08-10 23:47:40 - [TEST_STEP][PASSED] - if (i == 4 &amp;&amp; wildList.indexOf(symbol) != -1): null

2019-08-10 23:47:40 - [TEST_STEP][PASSED] - symbol = symbol: null

2019-08-10 23:47:40 - [TEST_STEP][PASSED] - println(symbol): null

2019-08-10 23:47:40 - [TEST_STEP][PASSED] - if (i == 2 &amp;&amp; wildList.indexOf(symbol) != -1): null

2019-08-10 23:47:40 - [TEST_STEP][PASSED] - if (i == 3 &amp;&amp; wildList.indexOf(symbol) != -1): null

2019-08-10 23:47:40 - [TEST_STEP][PASSED] - if (i == 4 &amp;&amp; wildList.indexOf(symbol) != -1): null

2019-08-10 23:47:40 - [TEST_STEP][PASSED] - symbols = symbols: null

2019-08-10 23:47:40 - [TEST_STEP][PASSED] - for ([j = 0, j &lt; symbols.size(), (j++)]): null

2019-08-10 23:47:40 - [TEST_STEP][PASSED] - symbol = symbol: null

2019-08-10 23:47:40 - [TEST_STEP][PASSED] - println(symbol): null

2019-08-10 23:47:40 - [TEST_STEP][PASSED] - if (i == 2 &amp;&amp; wildList.indexOf(symbol) != -1): null

2019-08-10 23:47:40 - [TEST_STEP][PASSED] - if (i == 3 &amp;&amp; wildList.indexOf(symbol) != -1): null

2019-08-10 23:47:40 - [TEST_STEP][PASSED] - if (i == 4 &amp;&amp; wildList.indexOf(symbol) != -1): null

2019-08-10 23:47:40 - [TEST_STEP][PASSED] - symbol = symbol: null

2019-08-10 23:47:40 - [TEST_STEP][PASSED] - println(symbol): null

2019-08-10 23:47:40 - [TEST_STEP][PASSED] - if (i == 2 &amp;&amp; wildList.indexOf(symbol) != -1): null

2019-08-10 23:47:40 - [TEST_STEP][PASSED] - if (i == 3 &amp;&amp; wildList.indexOf(symbol) != -1): null

2019-08-10 23:47:40 - [TEST_STEP][PASSED] - if (i == 4 &amp;&amp; wildList.indexOf(symbol) != -1): null

2019-08-10 23:47:40 - [TEST_STEP][PASSED] - symbol = symbol: null

2019-08-10 23:47:40 - [TEST_STEP][PASSED] - println(symbol): null

2019-08-10 23:47:40 - [TEST_STEP][PASSED] - if (i == 2 &amp;&amp; wildList.indexOf(symbol) != -1): null

2019-08-10 23:47:40 - [TEST_STEP][PASSED] - if (i == 3 &amp;&amp; wildList.indexOf(symbol) != -1): null

2019-08-10 23:47:40 - [TEST_STEP][PASSED] - if (i == 4 &amp;&amp; wildList.indexOf(symbol) != -1): null

2019-08-10 23:47:40 - [TEST_STEP][PASSED] - free_spin_reel_counter = free_spin_reel_counter: null

2019-08-10 23:47:40 - [TEST_STEP][PASSED] - println("reel 3 wild found: " + free_spin_reel_counter[0]): null

2019-08-10 23:47:40 - [TEST_STEP][PASSED] - println("reel 4 wild found: " + free_spin_reel_counter[1]): null

2019-08-10 23:47:40 - [TEST_STEP][PASSED] - println("reel 5 wild found: " + free_spin_reel_counter[2]): null

2019-08-10 23:47:40 - [TEST_STEP][PASSED] - M4_spin_reels = M4_spin_reels: null

2019-08-10 23:47:40 - [TEST_STEP][PASSED] - M4_spin_reels_symbols = symbol: null

2019-08-10 23:47:40 - [TEST_STEP][PASSED] - M4_spin_reels_symbols = M4_spin_reels_symbols: null

2019-08-10 23:47:40 - [TEST_STEP][PASSED] - M4_spin_reel_wins = reel_wins: null

2019-08-10 23:47:40 - [TEST_STEP][PASSED] - M4_spin_reel_wins = M4_spin_reel_wins: null

2019-08-10 23:47:40 - [TEST_STEP][PASSED] - println("GlobalVariable.M4_spin_reel_wins is: " + M4_spin_reel_wins): null

2019-08-10 23:47:40 - [TEST_STEP][PASSED] - M4_spin_total_bonus_win_this_round = total_bonus_win_this_round: null

2019-08-10 23:47:40 - [TEST_STEP][PASSED] - M4_spin_total_bonus_win_this_round = M4_spin_total_bonus_win_this_round: null

2019-08-10 23:47:40 - [TEST_STEP][PASSED] - println("GlobalVariable.M4_spin_total_bonus_win_this_round is: " + M4_spin_total_bonus_win_this_round): null

2019-08-10 23:47:40 - [MESSAGE][PASSED] - Verify response successfully

2019-08-10 23:47:40 - [MESSAGE][PASSED] - Send request and verify the response successfully

2019-08-10 23:47:40 - [TEST_STEP][PASSED] - if (M4_total_bonus_spins_int != 0 &amp;&amp; M4_spin_reels_symbols[2].contains("WILD_ExtraFG") || M4_spin_reels_symbols[3].contains("WILD_ExtraFG")): null

2019-08-10 23:47:40 - [TEST_STEP][PASSED] - free_spin_reel_counter = free_spin_reel_counter: null

2019-08-10 23:47:40 - [TEST_STEP][PASSED] - M4_spin_reels_symbols = M4_spin_reels_symbols: null

2019-08-10 23:47:40 - [TEST_STEP][PASSED] - M4_total_bonus_spins = M4_total_bonus_spins: null

2019-08-10 23:47:40 - [TEST_STEP][PASSED] - spin_result = sendRequestAndVerify(findTestObject("RGS(M4)/1_M4_spin", ["M4_login_user_id":M4_login_user_id, "rgs_session_token":rgs_session_token, "partner":Partner])): Send request and verify the response successfully

2019-08-10 23:47:40 - [TEST_CASE][PASSED] - Start Test Case : Verification: Verification accomplished successfully

2019-08-10 23:47:40 - [TEST_STEP][PASSED] - request = getInstance().getCurrentRequest(): null

2019-08-10 23:47:40 - [TEST_STEP][PASSED] - response = getInstance().getCurrentResponse(): null

2019-08-10 23:47:40 - [TEST_STEP][PASSED] - verifyResponseStatusCode(response, 200): Verify response status code successfully

2019-08-10 23:47:40 - [MESSAGE][PASSED] - Verify response status code successfully

2019-08-10 23:47:40 - [TEST_STEP][PASSED] - getStatusCode()).isEqualTo(200): null

2019-08-10 23:47:40 - [TEST_STEP][PASSED] - newline = System.getProperty("line.separator"): null

2019-08-10 23:47:40 - [TEST_STEP][PASSED] - M4_spin = new groovy.json.JsonSlurper(): null

2019-08-10 23:47:40 - [TEST_STEP][PASSED] - result_M4_spin = M4_spin.parseText(response.getResponseBodyContent()): null

2019-08-10 23:47:40 - [TEST_STEP][PASSED] - M4_spin_current_balance = current_balance: null

2019-08-10 23:47:40 - [TEST_STEP][PASSED] - M4_spin_current_balance = M4_spin_current_balance: null

2019-08-10 23:47:40 - [TEST_STEP][PASSED] - M4_spin_transaction_id = causality: null

2019-08-10 23:47:40 - [TEST_STEP][PASSED] - M4_spin_transaction_id = M4_spin_transaction_id: null

2019-08-10 23:47:40 - [TEST_STEP][PASSED] - M4_spin_round_id = round_id: null

2019-08-10 23:47:40 - [TEST_STEP][PASSED] - M4_spin_round_id = M4_spin_round_id: null

2019-08-10 23:47:40 - [TEST_STEP][PASSED] - M4_spin_line_wins = line_wins: null

2019-08-10 23:47:40 - [TEST_STEP][PASSED] - M4_spin_line_wins = M4_spin_line_wins: null

2019-08-10 23:47:40 - [TEST_STEP][PASSED] - M4_total_bonus_spins_int = total_bonus_spins: null

2019-08-10 23:47:40 - [TEST_STEP][PASSED] - println("******M4_total_bonus_spins type is:*******" + newline + getClass().getName()): null

2019-08-10 23:47:40 - [TEST_STEP][PASSED] - M4_total_bonus_spins_int = M4_total_bonus_spins_int: null

2019-08-10 23:47:40 - [TEST_STEP][PASSED] - M4_total_bonus_spins = Integer.toString(M4_total_bonus_spins_int): null

2019-08-10 23:47:40 - [TEST_STEP][PASSED] - M4_total_bonus_spins = M4_total_bonus_spins: null

2019-08-10 23:47:40 - [TEST_STEP][PASSED] - println("M4_total_bonus_spins is:" + M4_total_bonus_spins): null

2019-08-10 23:47:40 - [TEST_STEP][PASSED] - M4_spin_bonus_data = bonus_data: null

2019-08-10 23:47:40 - [TEST_STEP][PASSED] - M4_spin_features_triggered = result_M4_spin: null

2019-08-10 23:47:40 - [TEST_STEP][PASSED] - wild = []: null

2019-08-10 23:47:40 - [TEST_STEP][PASSED] - wild[0] = "WILD_Expanding": null

2019-08-10 23:47:40 - [TEST_STEP][PASSED] - wild[1] = "WILD_Normal": null

2019-08-10 23:47:40 - [TEST_STEP][PASSED] - wild[2] = "WILD_Double": null

2019-08-10 23:47:40 - [TEST_STEP][PASSED] - wild[3] = "WILD_ExtraFG": null

2019-08-10 23:47:40 - [TEST_STEP][PASSED] - wild[4] = "WILD_Triple": null

2019-08-10 23:47:40 - [TEST_STEP][PASSED] - wildList = Arrays.asList(wild): null

2019-08-10 23:47:40 - [TEST_STEP][PASSED] - wildList = wildList: null

2019-08-10 23:47:40 - [TEST_STEP][PASSED] - free_spin_reel_counter = []: null

2019-08-10 23:47:40 - [TEST_STEP][PASSED] - free_spin_reel_counter[0] = 0: null

2019-08-10 23:47:40 - [TEST_STEP][PASSED] - free_spin_reel_counter[1] = 0: null

2019-08-10 23:47:40 - [TEST_STEP][PASSED] - free_spin_reel_counter[2] = 0: null

2019-08-10 23:47:40 - [TEST_STEP][PASSED] - M4_spin_reels = reels: null

2019-08-10 23:47:40 - [TEST_STEP][PASSED] - for ([i = 0, i &lt; M4_spin_reels.size(), (i++)]): null

2019-08-10 23:47:40 - [TEST_STEP][PASSED] - symbols = symbols: null

2019-08-10 23:47:40 - [TEST_STEP][PASSED] - for ([j = 0, j &lt; symbols.size(), (j++)]): null

2019-08-10 23:47:40 - [TEST_STEP][PASSED] - symbol = symbol: null

2019-08-10 23:47:40 - [TEST_STEP][PASSED] - println(symbol): null

2019-08-10 23:47:40 - [TEST_STEP][PASSED] - if (i == 2 &amp;&amp; wildList.indexOf(symbol) != -1): null

2019-08-10 23:47:40 - [TEST_STEP][PASSED] - if (i == 3 &amp;&amp; wildList.indexOf(symbol) != -1): null

2019-08-10 23:47:40 - [TEST_STEP][PASSED] - if (i == 4 &amp;&amp; wildList.indexOf(symbol) != -1): null

2019-08-10 23:47:40 - [TEST_STEP][PASSED] - symbol = symbol: null

2019-08-10 23:47:40 - [TEST_STEP][PASSED] - println(symbol): null

2019-08-10 23:47:40 - [TEST_STEP][PASSED] - if (i == 2 &amp;&amp; wildList.indexOf(symbol) != -1): null

2019-08-10 23:47:40 - [TEST_STEP][PASSED] - if (i == 3 &amp;&amp; wildList.indexOf(symbol) != -1): null

2019-08-10 23:47:40 - [TEST_STEP][PASSED] - if (i == 4 &amp;&amp; wildList.indexOf(symbol) != -1): null

2019-08-10 23:47:40 - [TEST_STEP][PASSED] - symbol = symbol: null

2019-08-10 23:47:40 - [TEST_STEP][PASSED] - println(symbol): null

2019-08-10 23:47:40 - [TEST_STEP][PASSED] - if (i == 2 &amp;&amp; wildList.indexOf(symbol) != -1): null

2019-08-10 23:47:40 - [TEST_STEP][PASSED] - if (i == 3 &amp;&amp; wildList.indexOf(symbol) != -1): null

2019-08-10 23:47:40 - [TEST_STEP][PASSED] - if (i == 4 &amp;&amp; wildList.indexOf(symbol) != -1): null

2019-08-10 23:47:40 - [TEST_STEP][PASSED] - symbols = symbols: null

2019-08-10 23:47:40 - [TEST_STEP][PASSED] - for ([j = 0, j &lt; symbols.size(), (j++)]): null

2019-08-10 23:47:40 - [TEST_STEP][PASSED] - symbol = symbol: null

2019-08-10 23:47:40 - [TEST_STEP][PASSED] - println(symbol): null

2019-08-10 23:47:40 - [TEST_STEP][PASSED] - if (i == 2 &amp;&amp; wildList.indexOf(symbol) != -1): null

2019-08-10 23:47:40 - [TEST_STEP][PASSED] - if (i == 3 &amp;&amp; wildList.indexOf(symbol) != -1): null

2019-08-10 23:47:40 - [TEST_STEP][PASSED] - if (i == 4 &amp;&amp; wildList.indexOf(symbol) != -1): null

2019-08-10 23:47:40 - [TEST_STEP][PASSED] - symbol = symbol: null

2019-08-10 23:47:40 - [TEST_STEP][PASSED] - println(symbol): null

2019-08-10 23:47:40 - [TEST_STEP][PASSED] - if (i == 2 &amp;&amp; wildList.indexOf(symbol) != -1): null

2019-08-10 23:47:40 - [TEST_STEP][PASSED] - if (i == 3 &amp;&amp; wildList.indexOf(symbol) != -1): null

2019-08-10 23:47:40 - [TEST_STEP][PASSED] - if (i == 4 &amp;&amp; wildList.indexOf(symbol) != -1): null

2019-08-10 23:47:40 - [TEST_STEP][PASSED] - symbol = symbol: null

2019-08-10 23:47:40 - [TEST_STEP][PASSED] - println(symbol): null

2019-08-10 23:47:40 - [TEST_STEP][PASSED] - if (i == 2 &amp;&amp; wildList.indexOf(symbol) != -1): null

2019-08-10 23:47:40 - [TEST_STEP][PASSED] - if (i == 3 &amp;&amp; wildList.indexOf(symbol) != -1): null

2019-08-10 23:47:40 - [TEST_STEP][PASSED] - if (i == 4 &amp;&amp; wildList.indexOf(symbol) != -1): null

2019-08-10 23:47:40 - [TEST_STEP][PASSED] - symbols = symbols: null

2019-08-10 23:47:40 - [TEST_STEP][PASSED] - for ([j = 0, j &lt; symbols.size(), (j++)]): null

2019-08-10 23:47:40 - [TEST_STEP][PASSED] - symbol = symbol: null

2019-08-10 23:47:40 - [TEST_STEP][PASSED] - println(symbol): null

2019-08-10 23:47:40 - [TEST_STEP][PASSED] - if (i == 2 &amp;&amp; wildList.indexOf(symbol) != -1): null

2019-08-10 23:47:40 - [TEST_STEP][PASSED] - if (i == 3 &amp;&amp; wildList.indexOf(symbol) != -1): null

2019-08-10 23:47:40 - [TEST_STEP][PASSED] - if (i == 4 &amp;&amp; wildList.indexOf(symbol) != -1): null

2019-08-10 23:47:40 - [TEST_STEP][PASSED] - symbol = symbol: null

2019-08-10 23:47:40 - [TEST_STEP][PASSED] - println(symbol): null

2019-08-10 23:47:40 - [TEST_STEP][PASSED] - if (i == 2 &amp;&amp; wildList.indexOf(symbol) != -1): null

2019-08-10 23:47:40 - [TEST_STEP][PASSED] - if (i == 3 &amp;&amp; wildList.indexOf(symbol) != -1): null

2019-08-10 23:47:40 - [TEST_STEP][PASSED] - if (i == 4 &amp;&amp; wildList.indexOf(symbol) != -1): null

2019-08-10 23:47:40 - [TEST_STEP][PASSED] - symbol = symbol: null

2019-08-10 23:47:40 - [TEST_STEP][PASSED] - println(symbol): null

2019-08-10 23:47:40 - [TEST_STEP][PASSED] - if (i == 2 &amp;&amp; wildList.indexOf(symbol) != -1): null

2019-08-10 23:47:40 - [TEST_STEP][PASSED] - if (i == 3 &amp;&amp; wildList.indexOf(symbol) != -1): null

2019-08-10 23:47:40 - [TEST_STEP][PASSED] - if (i == 4 &amp;&amp; wildList.indexOf(symbol) != -1): null

2019-08-10 23:47:40 - [TEST_STEP][PASSED] - symbols = symbols: null

2019-08-10 23:47:40 - [TEST_STEP][PASSED] - for ([j = 0, j &lt; symbols.size(), (j++)]): null

2019-08-10 23:47:40 - [TEST_STEP][PASSED] - symbol = symbol: null

2019-08-10 23:47:40 - [TEST_STEP][PASSED] - println(symbol): null

2019-08-10 23:47:40 - [TEST_STEP][PASSED] - if (i == 2 &amp;&amp; wildList.indexOf(symbol) != -1): null

2019-08-10 23:47:40 - [TEST_STEP][PASSED] - if (i == 3 &amp;&amp; wildList.indexOf(symbol) != -1): null

2019-08-10 23:47:40 - [TEST_STEP][PASSED] - if (i == 4 &amp;&amp; wildList.indexOf(symbol) != -1): null

2019-08-10 23:47:40 - [TEST_STEP][PASSED] - symbol = symbol: null

2019-08-10 23:47:40 - [TEST_STEP][PASSED] - println(symbol): null

2019-08-10 23:47:40 - [TEST_STEP][PASSED] - if (i == 2 &amp;&amp; wildList.indexOf(symbol) != -1): null

2019-08-10 23:47:40 - [TEST_STEP][PASSED] - if (i == 3 &amp;&amp; wildList.indexOf(symbol) != -1): null

2019-08-10 23:47:40 - [TEST_STEP][PASSED] - if (i == 4 &amp;&amp; wildList.indexOf(symbol) != -1): null

2019-08-10 23:47:40 - [TEST_STEP][PASSED] - symbol = symbol: null

2019-08-10 23:47:40 - [TEST_STEP][PASSED] - println(symbol): null

2019-08-10 23:47:40 - [TEST_STEP][PASSED] - if (i == 2 &amp;&amp; wildList.indexOf(symbol) != -1): null

2019-08-10 23:47:40 - [TEST_STEP][PASSED] - if (i == 3 &amp;&amp; wildList.indexOf(symbol) != -1): null

2019-08-10 23:47:40 - [TEST_STEP][PASSED] - if (i == 4 &amp;&amp; wildList.indexOf(symbol) != -1): null

2019-08-10 23:47:40 - [TEST_STEP][PASSED] - symbols = symbols: null

2019-08-10 23:47:40 - [TEST_STEP][PASSED] - for ([j = 0, j &lt; symbols.size(), (j++)]): null

2019-08-10 23:47:40 - [TEST_STEP][PASSED] - symbol = symbol: null

2019-08-10 23:47:40 - [TEST_STEP][PASSED] - println(symbol): null

2019-08-10 23:47:40 - [TEST_STEP][PASSED] - if (i == 2 &amp;&amp; wildList.indexOf(symbol) != -1): null

2019-08-10 23:47:40 - [TEST_STEP][PASSED] - if (i == 3 &amp;&amp; wildList.indexOf(symbol) != -1): null

2019-08-10 23:47:40 - [TEST_STEP][PASSED] - if (i == 4 &amp;&amp; wildList.indexOf(symbol) != -1): null

2019-08-10 23:47:40 - [TEST_STEP][PASSED] - symbol = symbol: null

2019-08-10 23:47:40 - [TEST_STEP][PASSED] - println(symbol): null

2019-08-10 23:47:40 - [TEST_STEP][PASSED] - if (i == 2 &amp;&amp; wildList.indexOf(symbol) != -1): null

2019-08-10 23:47:40 - [TEST_STEP][PASSED] - if (i == 3 &amp;&amp; wildList.indexOf(symbol) != -1): null

2019-08-10 23:47:40 - [TEST_STEP][PASSED] - if (i == 4 &amp;&amp; wildList.indexOf(symbol) != -1): null

2019-08-10 23:47:40 - [TEST_STEP][PASSED] - symbol = symbol: null

2019-08-10 23:47:40 - [TEST_STEP][PASSED] - println(symbol): null

2019-08-10 23:47:40 - [TEST_STEP][PASSED] - if (i == 2 &amp;&amp; wildList.indexOf(symbol) != -1): null

2019-08-10 23:47:40 - [TEST_STEP][PASSED] - if (i == 3 &amp;&amp; wildList.indexOf(symbol) != -1): null

2019-08-10 23:47:40 - [TEST_STEP][PASSED] - if (i == 4 &amp;&amp; wildList.indexOf(symbol) != -1): null

2019-08-10 23:47:40 - [TEST_STEP][PASSED] - free_spin_reel_counter = free_spin_reel_counter: null

2019-08-10 23:47:40 - [TEST_STEP][PASSED] - println("reel 3 wild found: " + free_spin_reel_counter[0]): null

2019-08-10 23:47:40 - [TEST_STEP][PASSED] - println("reel 4 wild found: " + free_spin_reel_counter[1]): null

2019-08-10 23:47:40 - [TEST_STEP][PASSED] - println("reel 5 wild found: " + free_spin_reel_counter[2]): null

2019-08-10 23:47:40 - [TEST_STEP][PASSED] - M4_spin_reels = M4_spin_reels: null

2019-08-10 23:47:40 - [TEST_STEP][PASSED] - M4_spin_reels_symbols = symbol: null

2019-08-10 23:47:40 - [TEST_STEP][PASSED] - M4_spin_reels_symbols = M4_spin_reels_symbols: null

2019-08-10 23:47:40 - [TEST_STEP][PASSED] - M4_spin_reel_wins = reel_wins: null

2019-08-10 23:47:40 - [TEST_STEP][PASSED] - M4_spin_reel_wins = M4_spin_reel_wins: null

2019-08-10 23:47:40 - [TEST_STEP][PASSED] - println("GlobalVariable.M4_spin_reel_wins is: " + M4_spin_reel_wins): null

2019-08-10 23:47:40 - [TEST_STEP][PASSED] - M4_spin_total_bonus_win_this_round = total_bonus_win_this_round: null

2019-08-10 23:47:40 - [TEST_STEP][PASSED] - M4_spin_total_bonus_win_this_round = M4_spin_total_bonus_win_this_round: null

2019-08-10 23:47:40 - [TEST_STEP][PASSED] - println("GlobalVariable.M4_spin_total_bonus_win_this_round is: " + M4_spin_total_bonus_win_this_round): null

2019-08-10 23:47:40 - [MESSAGE][PASSED] - Verify response successfully

2019-08-10 23:47:40 - [MESSAGE][PASSED] - Send request and verify the response successfully

2019-08-10 23:47:40 - [TEST_STEP][PASSED] - if (M4_total_bonus_spins_int != 0 &amp;&amp; M4_spin_reels_symbols[2].contains("WILD_ExtraFG") || M4_spin_reels_symbols[3].contains("WILD_ExtraFG")): null

2019-08-10 23:47:40 - [TEST_STEP][PASSED] - free_spin_reel_counter = free_spin_reel_counter: null

2019-08-10 23:47:40 - [TEST_STEP][PASSED] - M4_spin_reels_symbols = M4_spin_reels_symbols: null

2019-08-10 23:47:40 - [TEST_STEP][PASSED] - M4_total_bonus_spins = M4_total_bonus_spins: null

2019-08-10 23:47:40 - [TEST_STEP][PASSED] - spin_result = sendRequestAndVerify(findTestObject("RGS(M4)/1_M4_spin", ["M4_login_user_id":M4_login_user_id, "rgs_session_token":rgs_session_token, "partner":Partner])): Send request and verify the response successfully

2019-08-10 23:47:41 - [TEST_CASE][PASSED] - Start Test Case : Verification: Verification accomplished successfully

2019-08-10 23:47:41 - [TEST_STEP][PASSED] - request = getInstance().getCurrentRequest(): null

2019-08-10 23:47:41 - [TEST_STEP][PASSED] - response = getInstance().getCurrentResponse(): null

2019-08-10 23:47:41 - [TEST_STEP][PASSED] - verifyResponseStatusCode(response, 200): Verify response status code successfully

2019-08-10 23:47:41 - [MESSAGE][PASSED] - Verify response status code successfully

2019-08-10 23:47:41 - [TEST_STEP][PASSED] - getStatusCode()).isEqualTo(200): null

2019-08-10 23:47:41 - [TEST_STEP][PASSED] - newline = System.getProperty("line.separator"): null

2019-08-10 23:47:41 - [TEST_STEP][PASSED] - M4_spin = new groovy.json.JsonSlurper(): null

2019-08-10 23:47:41 - [TEST_STEP][PASSED] - result_M4_spin = M4_spin.parseText(response.getResponseBodyContent()): null

2019-08-10 23:47:41 - [TEST_STEP][PASSED] - M4_spin_current_balance = current_balance: null

2019-08-10 23:47:41 - [TEST_STEP][PASSED] - M4_spin_current_balance = M4_spin_current_balance: null

2019-08-10 23:47:41 - [TEST_STEP][PASSED] - M4_spin_transaction_id = causality: null

2019-08-10 23:47:41 - [TEST_STEP][PASSED] - M4_spin_transaction_id = M4_spin_transaction_id: null

2019-08-10 23:47:41 - [TEST_STEP][PASSED] - M4_spin_round_id = round_id: null

2019-08-10 23:47:41 - [TEST_STEP][PASSED] - M4_spin_round_id = M4_spin_round_id: null

2019-08-10 23:47:41 - [TEST_STEP][PASSED] - M4_spin_line_wins = line_wins: null

2019-08-10 23:47:41 - [TEST_STEP][PASSED] - M4_spin_line_wins = M4_spin_line_wins: null

2019-08-10 23:47:41 - [TEST_STEP][PASSED] - M4_total_bonus_spins_int = total_bonus_spins: null

2019-08-10 23:47:41 - [TEST_STEP][PASSED] - println("******M4_total_bonus_spins type is:*******" + newline + getClass().getName()): null

2019-08-10 23:47:41 - [TEST_STEP][PASSED] - M4_total_bonus_spins_int = M4_total_bonus_spins_int: null

2019-08-10 23:47:41 - [TEST_STEP][PASSED] - M4_total_bonus_spins = Integer.toString(M4_total_bonus_spins_int): null

2019-08-10 23:47:41 - [TEST_STEP][PASSED] - M4_total_bonus_spins = M4_total_bonus_spins: null

2019-08-10 23:47:41 - [TEST_STEP][PASSED] - println("M4_total_bonus_spins is:" + M4_total_bonus_spins): null

2019-08-10 23:47:41 - [TEST_STEP][PASSED] - M4_spin_bonus_data = bonus_data: null

2019-08-10 23:47:41 - [TEST_STEP][PASSED] - M4_spin_features_triggered = result_M4_spin: null

2019-08-10 23:47:41 - [TEST_STEP][PASSED] - wild = []: null

2019-08-10 23:47:41 - [TEST_STEP][PASSED] - wild[0] = "WILD_Expanding": null

2019-08-10 23:47:41 - [TEST_STEP][PASSED] - wild[1] = "WILD_Normal": null

2019-08-10 23:47:41 - [TEST_STEP][PASSED] - wild[2] = "WILD_Double": null

2019-08-10 23:47:41 - [TEST_STEP][PASSED] - wild[3] = "WILD_ExtraFG": null

2019-08-10 23:47:41 - [TEST_STEP][PASSED] - wild[4] = "WILD_Triple": null

2019-08-10 23:47:41 - [TEST_STEP][PASSED] - wildList = Arrays.asList(wild): null

2019-08-10 23:47:41 - [TEST_STEP][PASSED] - wildList = wildList: null

2019-08-10 23:47:41 - [TEST_STEP][PASSED] - free_spin_reel_counter = []: null

2019-08-10 23:47:41 - [TEST_STEP][PASSED] - free_spin_reel_counter[0] = 0: null

2019-08-10 23:47:41 - [TEST_STEP][PASSED] - free_spin_reel_counter[1] = 0: null

2019-08-10 23:47:41 - [TEST_STEP][PASSED] - free_spin_reel_counter[2] = 0: null

2019-08-10 23:47:41 - [TEST_STEP][PASSED] - M4_spin_reels = reels: null

2019-08-10 23:47:41 - [TEST_STEP][PASSED] - for ([i = 0, i &lt; M4_spin_reels.size(), (i++)]): null

2019-08-10 23:47:41 - [TEST_STEP][PASSED] - symbols = symbols: null

2019-08-10 23:47:41 - [TEST_STEP][PASSED] - for ([j = 0, j &lt; symbols.size(), (j++)]): null

2019-08-10 23:47:41 - [TEST_STEP][PASSED] - symbol = symbol: null

2019-08-10 23:47:41 - [TEST_STEP][PASSED] - println(symbol): null

2019-08-10 23:47:41 - [TEST_STEP][PASSED] - if (i == 2 &amp;&amp; wildList.indexOf(symbol) != -1): null

2019-08-10 23:47:41 - [TEST_STEP][PASSED] - if (i == 3 &amp;&amp; wildList.indexOf(symbol) != -1): null

2019-08-10 23:47:41 - [TEST_STEP][PASSED] - if (i == 4 &amp;&amp; wildList.indexOf(symbol) != -1): null

2019-08-10 23:47:41 - [TEST_STEP][PASSED] - symbol = symbol: null

2019-08-10 23:47:41 - [TEST_STEP][PASSED] - println(symbol): null

2019-08-10 23:47:41 - [TEST_STEP][PASSED] - if (i == 2 &amp;&amp; wildList.indexOf(symbol) != -1): null

2019-08-10 23:47:41 - [TEST_STEP][PASSED] - if (i == 3 &amp;&amp; wildList.indexOf(symbol) != -1): null

2019-08-10 23:47:41 - [TEST_STEP][PASSED] - if (i == 4 &amp;&amp; wildList.indexOf(symbol) != -1): null

2019-08-10 23:47:41 - [TEST_STEP][PASSED] - symbol = symbol: null

2019-08-10 23:47:41 - [TEST_STEP][PASSED] - println(symbol): null

2019-08-10 23:47:41 - [TEST_STEP][PASSED] - if (i == 2 &amp;&amp; wildList.indexOf(symbol) != -1): null

2019-08-10 23:47:41 - [TEST_STEP][PASSED] - if (i == 3 &amp;&amp; wildList.indexOf(symbol) != -1): null

2019-08-10 23:47:41 - [TEST_STEP][PASSED] - if (i == 4 &amp;&amp; wildList.indexOf(symbol) != -1): null

2019-08-10 23:47:41 - [TEST_STEP][PASSED] - symbols = symbols: null

2019-08-10 23:47:41 - [TEST_STEP][PASSED] - for ([j = 0, j &lt; symbols.size(), (j++)]): null

2019-08-10 23:47:41 - [TEST_STEP][PASSED] - symbol = symbol: null

2019-08-10 23:47:41 - [TEST_STEP][PASSED] - println(symbol): null

2019-08-10 23:47:41 - [TEST_STEP][PASSED] - if (i == 2 &amp;&amp; wildList.indexOf(symbol) != -1): null

2019-08-10 23:47:41 - [TEST_STEP][PASSED] - if (i == 3 &amp;&amp; wildList.indexOf(symbol) != -1): null

2019-08-10 23:47:41 - [TEST_STEP][PASSED] - if (i == 4 &amp;&amp; wildList.indexOf(symbol) != -1): null

2019-08-10 23:47:41 - [TEST_STEP][PASSED] - symbol = symbol: null

2019-08-10 23:47:41 - [TEST_STEP][PASSED] - println(symbol): null

2019-08-10 23:47:41 - [TEST_STEP][PASSED] - if (i == 2 &amp;&amp; wildList.indexOf(symbol) != -1): null

2019-08-10 23:47:41 - [TEST_STEP][PASSED] - if (i == 3 &amp;&amp; wildList.indexOf(symbol) != -1): null

2019-08-10 23:47:41 - [TEST_STEP][PASSED] - if (i == 4 &amp;&amp; wildList.indexOf(symbol) != -1): null

2019-08-10 23:47:41 - [TEST_STEP][PASSED] - symbol = symbol: null

2019-08-10 23:47:41 - [TEST_STEP][PASSED] - println(symbol): null

2019-08-10 23:47:41 - [TEST_STEP][PASSED] - if (i == 2 &amp;&amp; wildList.indexOf(symbol) != -1): null

2019-08-10 23:47:41 - [TEST_STEP][PASSED] - if (i == 3 &amp;&amp; wildList.indexOf(symbol) != -1): null

2019-08-10 23:47:41 - [TEST_STEP][PASSED] - if (i == 4 &amp;&amp; wildList.indexOf(symbol) != -1): null

2019-08-10 23:47:41 - [TEST_STEP][PASSED] - symbols = symbols: null

2019-08-10 23:47:41 - [TEST_STEP][PASSED] - for ([j = 0, j &lt; symbols.size(), (j++)]): null

2019-08-10 23:47:41 - [TEST_STEP][PASSED] - symbol = symbol: null

2019-08-10 23:47:41 - [TEST_STEP][PASSED] - println(symbol): null

2019-08-10 23:47:41 - [TEST_STEP][PASSED] - if (i == 2 &amp;&amp; wildList.indexOf(symbol) != -1): null

2019-08-10 23:47:41 - [TEST_STEP][PASSED] - println("wild found on reel 3, adding counter by 1"): null

2019-08-10 23:47:41 - [TEST_STEP][PASSED] - free_spin_reel_counter[0] = free_spin_reel_counter[0] + 1: null

2019-08-10 23:47:41 - [TEST_STEP][PASSED] - if (i == 3 &amp;&amp; wildList.indexOf(symbol) != -1): null

2019-08-10 23:47:41 - [TEST_STEP][PASSED] - if (i == 4 &amp;&amp; wildList.indexOf(symbol) != -1): null

2019-08-10 23:47:41 - [TEST_STEP][PASSED] - symbol = symbol: null

2019-08-10 23:47:41 - [TEST_STEP][PASSED] - println(symbol): null

2019-08-10 23:47:41 - [TEST_STEP][PASSED] - if (i == 2 &amp;&amp; wildList.indexOf(symbol) != -1): null

2019-08-10 23:47:41 - [TEST_STEP][PASSED] - if (i == 3 &amp;&amp; wildList.indexOf(symbol) != -1): null

2019-08-10 23:47:41 - [TEST_STEP][PASSED] - if (i == 4 &amp;&amp; wildList.indexOf(symbol) != -1): null

2019-08-10 23:47:41 - [TEST_STEP][PASSED] - symbol = symbol: null

2019-08-10 23:47:41 - [TEST_STEP][PASSED] - println(symbol): null

2019-08-10 23:47:41 - [TEST_STEP][PASSED] - if (i == 2 &amp;&amp; wildList.indexOf(symbol) != -1): null

2019-08-10 23:47:41 - [TEST_STEP][PASSED] - if (i == 3 &amp;&amp; wildList.indexOf(symbol) != -1): null

2019-08-10 23:47:41 - [TEST_STEP][PASSED] - if (i == 4 &amp;&amp; wildList.indexOf(symbol) != -1): null

2019-08-10 23:47:41 - [TEST_STEP][PASSED] - symbols = symbols: null

2019-08-10 23:47:41 - [TEST_STEP][PASSED] - for ([j = 0, j &lt; symbols.size(), (j++)]): null

2019-08-10 23:47:45 - [TEST_STEP][PASSED] - symbol = symbol: null

2019-08-10 23:47:45 - [TEST_STEP][PASSED] - println(symbol): null

2019-08-10 23:47:45 - [TEST_STEP][PASSED] - if (i == 2 &amp;&amp; wildList.indexOf(symbol) != -1): null

2019-08-10 23:47:45 - [TEST_STEP][PASSED] - if (i == 3 &amp;&amp; wildList.indexOf(symbol) != -1): null

2019-08-10 23:47:45 - [TEST_STEP][PASSED] - if (i == 4 &amp;&amp; wildList.indexOf(symbol) != -1): null

2019-08-10 23:47:45 - [TEST_STEP][PASSED] - symbol = symbol: null

2019-08-10 23:47:45 - [TEST_STEP][PASSED] - println(symbol): null

2019-08-10 23:47:45 - [TEST_STEP][PASSED] - if (i == 2 &amp;&amp; wildList.indexOf(symbol) != -1): null

2019-08-10 23:47:45 - [TEST_STEP][PASSED] - if (i == 3 &amp;&amp; wildList.indexOf(symbol) != -1): null

2019-08-10 23:47:45 - [TEST_STEP][PASSED] - if (i == 4 &amp;&amp; wildList.indexOf(symbol) != -1): null

2019-08-10 23:47:46 - [TEST_STEP][PASSED] - symbol = symbol: null

2019-08-10 23:47:46 - [TEST_STEP][PASSED] - println(symbol): null

2019-08-10 23:47:46 - [TEST_STEP][PASSED] - if (i == 2 &amp;&amp; wildList.indexOf(symbol) != -1): null

2019-08-10 23:47:46 - [TEST_STEP][PASSED] - if (i == 3 &amp;&amp; wildList.indexOf(symbol) != -1): null

2019-08-10 23:47:46 - [TEST_STEP][PASSED] - if (i == 4 &amp;&amp; wildList.indexOf(symbol) != -1): null

2019-08-10 23:47:46 - [TEST_STEP][PASSED] - symbols = symbols: null

2019-08-10 23:47:46 - [TEST_STEP][PASSED] - for ([j = 0, j &lt; symbols.size(), (j++)]): null

2019-08-10 23:47:46 - [TEST_STEP][PASSED] - symbol = symbol: null

2019-08-10 23:47:46 - [TEST_STEP][PASSED] - println(symbol): null

2019-08-10 23:47:46 - [TEST_STEP][PASSED] - if (i == 2 &amp;&amp; wildList.indexOf(symbol) != -1): null

2019-08-10 23:47:46 - [TEST_STEP][PASSED] - if (i == 3 &amp;&amp; wildList.indexOf(symbol) != -1): null

2019-08-10 23:47:46 - [TEST_STEP][PASSED] - if (i == 4 &amp;&amp; wildList.indexOf(symbol) != -1): null

2019-08-10 23:47:46 - [TEST_STEP][PASSED] - symbol = symbol: null

2019-08-10 23:47:46 - [TEST_STEP][PASSED] - println(symbol): null

2019-08-10 23:47:46 - [TEST_STEP][PASSED] - if (i == 2 &amp;&amp; wildList.indexOf(symbol) != -1): null

2019-08-10 23:47:46 - [TEST_STEP][PASSED] - if (i == 3 &amp;&amp; wildList.indexOf(symbol) != -1): null

2019-08-10 23:47:46 - [TEST_STEP][PASSED] - if (i == 4 &amp;&amp; wildList.indexOf(symbol) != -1): null

2019-08-10 23:47:46 - [TEST_STEP][PASSED] - symbol = symbol: null

2019-08-10 23:47:46 - [TEST_STEP][PASSED] - println(symbol): null

2019-08-10 23:47:46 - [TEST_STEP][PASSED] - if (i == 2 &amp;&amp; wildList.indexOf(symbol) != -1): null

2019-08-10 23:47:46 - [TEST_STEP][PASSED] - if (i == 3 &amp;&amp; wildList.indexOf(symbol) != -1): null

2019-08-10 23:47:46 - [TEST_STEP][PASSED] - if (i == 4 &amp;&amp; wildList.indexOf(symbol) != -1): null

2019-08-10 23:47:46 - [TEST_STEP][PASSED] - free_spin_reel_counter = free_spin_reel_counter: null

2019-08-10 23:47:46 - [TEST_STEP][PASSED] - println("reel 3 wild found: " + free_spin_reel_counter[0]): null

2019-08-10 23:47:46 - [TEST_STEP][PASSED] - println("reel 4 wild found: " + free_spin_reel_counter[1]): null

2019-08-10 23:47:46 - [TEST_STEP][PASSED] - println("reel 5 wild found: " + free_spin_reel_counter[2]): null

2019-08-10 23:47:46 - [TEST_STEP][PASSED] - M4_spin_reels = M4_spin_reels: null

2019-08-10 23:47:46 - [TEST_STEP][PASSED] - M4_spin_reels_symbols = symbol: null

2019-08-10 23:47:46 - [TEST_STEP][PASSED] - M4_spin_reels_symbols = M4_spin_reels_symbols: null

2019-08-10 23:47:46 - [TEST_STEP][PASSED] - M4_spin_reel_wins = reel_wins: null

2019-08-10 23:47:46 - [TEST_STEP][PASSED] - M4_spin_reel_wins = M4_spin_reel_wins: null

2019-08-10 23:47:46 - [TEST_STEP][PASSED] - println("GlobalVariable.M4_spin_reel_wins is: " + M4_spin_reel_wins): null

2019-08-10 23:47:46 - [TEST_STEP][PASSED] - M4_spin_total_bonus_win_this_round = total_bonus_win_this_round: null

2019-08-10 23:47:46 - [TEST_STEP][PASSED] - M4_spin_total_bonus_win_this_round = M4_spin_total_bonus_win_this_round: null

2019-08-10 23:47:46 - [TEST_STEP][PASSED] - println("GlobalVariable.M4_spin_total_bonus_win_this_round is: " + M4_spin_total_bonus_win_this_round): null

2019-08-10 23:47:46 - [MESSAGE][PASSED] - Verify response successfully

2019-08-10 23:47:46 - [MESSAGE][PASSED] - Send request and verify the response successfully

2019-08-10 23:47:46 - [TEST_STEP][PASSED] - if (M4_total_bonus_spins_int != 0 &amp;&amp; M4_spin_reels_symbols[2].contains("WILD_ExtraFG") || M4_spin_reels_symbols[3].contains("WILD_ExtraFG")): null

2019-08-10 23:47:46 - [TEST_STEP][PASSED] - free_spin_reel_counter = free_spin_reel_counter: null

2019-08-10 23:47:46 - [TEST_STEP][PASSED] - M4_spin_reels_symbols = M4_spin_reels_symbols: null

2019-08-10 23:47:46 - [TEST_STEP][PASSED] - M4_total_bonus_spins = M4_total_bonus_spins: null

2019-08-10 23:47:46 - [TEST_STEP][PASSED] - spin_result = sendRequestAndVerify(findTestObject("RGS(M4)/1_M4_spin", ["M4_login_user_id":M4_login_user_id, "rgs_session_token":rgs_session_token, "partner":Partner])): Send request and verify the response successfully

2019-08-10 23:47:46 - [TEST_CASE][PASSED] - Start Test Case : Verification: Verification accomplished successfully

2019-08-10 23:47:46 - [TEST_STEP][PASSED] - request = getInstance().getCurrentRequest(): null

2019-08-10 23:47:46 - [TEST_STEP][PASSED] - response = getInstance().getCurrentResponse(): null

2019-08-10 23:47:46 - [TEST_STEP][PASSED] - verifyResponseStatusCode(response, 200): Verify response status code successfully

2019-08-10 23:47:46 - [MESSAGE][PASSED] - Verify response status code successfully

2019-08-10 23:47:46 - [TEST_STEP][PASSED] - getStatusCode()).isEqualTo(200): null

2019-08-10 23:47:46 - [TEST_STEP][PASSED] - newline = System.getProperty("line.separator"): null

2019-08-10 23:47:46 - [TEST_STEP][PASSED] - M4_spin = new groovy.json.JsonSlurper(): null

2019-08-10 23:47:46 - [TEST_STEP][PASSED] - result_M4_spin = M4_spin.parseText(response.getResponseBodyContent()): null

2019-08-10 23:47:46 - [TEST_STEP][PASSED] - M4_spin_current_balance = current_balance: null

2019-08-10 23:47:46 - [TEST_STEP][PASSED] - M4_spin_current_balance = M4_spin_current_balance: null

2019-08-10 23:47:46 - [TEST_STEP][PASSED] - M4_spin_transaction_id = causality: null

2019-08-10 23:47:46 - [TEST_STEP][PASSED] - M4_spin_transaction_id = M4_spin_transaction_id: null

2019-08-10 23:47:46 - [TEST_STEP][PASSED] - M4_spin_round_id = round_id: null

2019-08-10 23:47:46 - [TEST_STEP][PASSED] - M4_spin_round_id = M4_spin_round_id: null

2019-08-10 23:47:46 - [TEST_STEP][PASSED] - M4_spin_line_wins = line_wins: null

2019-08-10 23:47:46 - [TEST_STEP][PASSED] - M4_spin_line_wins = M4_spin_line_wins: null

2019-08-10 23:47:46 - [TEST_STEP][PASSED] - M4_total_bonus_spins_int = total_bonus_spins: null

2019-08-10 23:47:46 - [TEST_STEP][PASSED] - println("******M4_total_bonus_spins type is:*******" + newline + getClass().getName()): null

2019-08-10 23:47:46 - [TEST_STEP][PASSED] - M4_total_bonus_spins_int = M4_total_bonus_spins_int: null

2019-08-10 23:47:46 - [TEST_STEP][PASSED] - M4_total_bonus_spins = Integer.toString(M4_total_bonus_spins_int): null

2019-08-10 23:47:46 - [TEST_STEP][PASSED] - M4_total_bonus_spins = M4_total_bonus_spins: null

2019-08-10 23:47:46 - [TEST_STEP][PASSED] - println("M4_total_bonus_spins is:" + M4_total_bonus_spins): null

2019-08-10 23:47:46 - [TEST_STEP][PASSED] - M4_spin_bonus_data = bonus_data: null

2019-08-10 23:47:46 - [TEST_STEP][PASSED] - M4_spin_features_triggered = result_M4_spin: null

2019-08-10 23:47:46 - [TEST_STEP][PASSED] - wild = []: null

2019-08-10 23:47:46 - [TEST_STEP][PASSED] - wild[0] = "WILD_Expanding": null

2019-08-10 23:47:46 - [TEST_STEP][PASSED] - wild[1] = "WILD_Normal": null

2019-08-10 23:47:46 - [TEST_STEP][PASSED] - wild[2] = "WILD_Double": null

2019-08-10 23:47:46 - [TEST_STEP][PASSED] - wild[3] = "WILD_ExtraFG": null

2019-08-10 23:47:46 - [TEST_STEP][PASSED] - wild[4] = "WILD_Triple": null

2019-08-10 23:47:46 - [TEST_STEP][PASSED] - wildList = Arrays.asList(wild): null

2019-08-10 23:47:46 - [TEST_STEP][PASSED] - wildList = wildList: null

2019-08-10 23:47:46 - [TEST_STEP][PASSED] - free_spin_reel_counter = []: null

2019-08-10 23:47:46 - [TEST_STEP][PASSED] - free_spin_reel_counter[0] = 0: null

2019-08-10 23:47:46 - [TEST_STEP][PASSED] - free_spin_reel_counter[1] = 0: null

2019-08-10 23:47:46 - [TEST_STEP][PASSED] - free_spin_reel_counter[2] = 0: null

2019-08-10 23:47:46 - [TEST_STEP][PASSED] - M4_spin_reels = reels: null

2019-08-10 23:47:46 - [TEST_STEP][PASSED] - for ([i = 0, i &lt; M4_spin_reels.size(), (i++)]): null

2019-08-10 23:47:46 - [TEST_STEP][PASSED] - symbols = symbols: null

2019-08-10 23:47:46 - [TEST_STEP][PASSED] - for ([j = 0, j &lt; symbols.size(), (j++)]): null

2019-08-10 23:47:46 - [TEST_STEP][PASSED] - symbol = symbol: null

2019-08-10 23:47:46 - [TEST_STEP][PASSED] - println(symbol): null

2019-08-10 23:47:46 - [TEST_STEP][PASSED] - if (i == 2 &amp;&amp; wildList.indexOf(symbol) != -1): null

2019-08-10 23:47:46 - [TEST_STEP][PASSED] - if (i == 3 &amp;&amp; wildList.indexOf(symbol) != -1): null

2019-08-10 23:47:46 - [TEST_STEP][PASSED] - if (i == 4 &amp;&amp; wildList.indexOf(symbol) != -1): null

2019-08-10 23:47:46 - [TEST_STEP][PASSED] - symbol = symbol: null

2019-08-10 23:47:46 - [TEST_STEP][PASSED] - println(symbol): null

2019-08-10 23:47:46 - [TEST_STEP][PASSED] - if (i == 2 &amp;&amp; wildList.indexOf(symbol) != -1): null

2019-08-10 23:47:46 - [TEST_STEP][PASSED] - if (i == 3 &amp;&amp; wildList.indexOf(symbol) != -1): null

2019-08-10 23:47:46 - [TEST_STEP][PASSED] - if (i == 4 &amp;&amp; wildList.indexOf(symbol) != -1): null

2019-08-10 23:47:46 - [TEST_STEP][PASSED] - symbol = symbol: null

2019-08-10 23:47:46 - [TEST_STEP][PASSED] - println(symbol): null

2019-08-10 23:47:46 - [TEST_STEP][PASSED] - if (i == 2 &amp;&amp; wildList.indexOf(symbol) != -1): null

2019-08-10 23:47:46 - [TEST_STEP][PASSED] - if (i == 3 &amp;&amp; wildList.indexOf(symbol) != -1): null

2019-08-10 23:47:46 - [TEST_STEP][PASSED] - if (i == 4 &amp;&amp; wildList.indexOf(symbol) != -1): null

2019-08-10 23:47:46 - [TEST_STEP][PASSED] - symbols = symbols: null

2019-08-10 23:47:46 - [TEST_STEP][PASSED] - for ([j = 0, j &lt; symbols.size(), (j++)]): null

2019-08-10 23:47:46 - [TEST_STEP][PASSED] - symbol = symbol: null

2019-08-10 23:47:46 - [TEST_STEP][PASSED] - println(symbol): null

2019-08-10 23:47:46 - [TEST_STEP][PASSED] - if (i == 2 &amp;&amp; wildList.indexOf(symbol) != -1): null

2019-08-10 23:47:46 - [TEST_STEP][PASSED] - if (i == 3 &amp;&amp; wildList.indexOf(symbol) != -1): null

2019-08-10 23:47:46 - [TEST_STEP][PASSED] - if (i == 4 &amp;&amp; wildList.indexOf(symbol) != -1): null

2019-08-10 23:47:46 - [TEST_STEP][PASSED] - symbol = symbol: null

2019-08-10 23:47:46 - [TEST_STEP][PASSED] - println(symbol): null

2019-08-10 23:47:46 - [TEST_STEP][PASSED] - if (i == 2 &amp;&amp; wildList.indexOf(symbol) != -1): null

2019-08-10 23:47:46 - [TEST_STEP][PASSED] - if (i == 3 &amp;&amp; wildList.indexOf(symbol) != -1): null

2019-08-10 23:47:46 - [TEST_STEP][PASSED] - if (i == 4 &amp;&amp; wildList.indexOf(symbol) != -1): null

2019-08-10 23:47:46 - [TEST_STEP][PASSED] - symbol = symbol: null

2019-08-10 23:47:46 - [TEST_STEP][PASSED] - println(symbol): null

2019-08-10 23:47:46 - [TEST_STEP][PASSED] - if (i == 2 &amp;&amp; wildList.indexOf(symbol) != -1): null

2019-08-10 23:47:46 - [TEST_STEP][PASSED] - if (i == 3 &amp;&amp; wildList.indexOf(symbol) != -1): null

2019-08-10 23:47:46 - [TEST_STEP][PASSED] - if (i == 4 &amp;&amp; wildList.indexOf(symbol) != -1): null

2019-08-10 23:47:46 - [TEST_STEP][PASSED] - symbols = symbols: null

2019-08-10 23:47:46 - [TEST_STEP][PASSED] - for ([j = 0, j &lt; symbols.size(), (j++)]): null

2019-08-10 23:47:46 - [TEST_STEP][PASSED] - symbol = symbol: null

2019-08-10 23:47:46 - [TEST_STEP][PASSED] - println(symbol): null

2019-08-10 23:47:46 - [TEST_STEP][PASSED] - if (i == 2 &amp;&amp; wildList.indexOf(symbol) != -1): null

2019-08-10 23:47:46 - [TEST_STEP][PASSED] - println("wild found on reel 3, adding counter by 1"): null

2019-08-10 23:47:46 - [TEST_STEP][PASSED] - free_spin_reel_counter[0] = free_spin_reel_counter[0] + 1: null

2019-08-10 23:47:46 - [TEST_STEP][PASSED] - if (i == 3 &amp;&amp; wildList.indexOf(symbol) != -1): null

2019-08-10 23:47:46 - [TEST_STEP][PASSED] - if (i == 4 &amp;&amp; wildList.indexOf(symbol) != -1): null

2019-08-10 23:47:46 - [TEST_STEP][PASSED] - symbol = symbol: null

2019-08-10 23:47:46 - [TEST_STEP][PASSED] - println(symbol): null

2019-08-10 23:47:46 - [TEST_STEP][PASSED] - if (i == 2 &amp;&amp; wildList.indexOf(symbol) != -1): null

2019-08-10 23:47:46 - [TEST_STEP][PASSED] - if (i == 3 &amp;&amp; wildList.indexOf(symbol) != -1): null

2019-08-10 23:47:46 - [TEST_STEP][PASSED] - if (i == 4 &amp;&amp; wildList.indexOf(symbol) != -1): null

2019-08-10 23:47:46 - [TEST_STEP][PASSED] - symbol = symbol: null

2019-08-10 23:47:46 - [TEST_STEP][PASSED] - println(symbol): null

2019-08-10 23:47:46 - [TEST_STEP][PASSED] - if (i == 2 &amp;&amp; wildList.indexOf(symbol) != -1): null

2019-08-10 23:47:46 - [TEST_STEP][PASSED] - if (i == 3 &amp;&amp; wildList.indexOf(symbol) != -1): null

2019-08-10 23:47:46 - [TEST_STEP][PASSED] - if (i == 4 &amp;&amp; wildList.indexOf(symbol) != -1): null

2019-08-10 23:47:46 - [TEST_STEP][PASSED] - symbols = symbols: null

2019-08-10 23:47:46 - [TEST_STEP][PASSED] - for ([j = 0, j &lt; symbols.size(), (j++)]): null

2019-08-10 23:47:46 - [TEST_STEP][PASSED] - symbol = symbol: null

2019-08-10 23:47:46 - [TEST_STEP][PASSED] - println(symbol): null

2019-08-10 23:47:46 - [TEST_STEP][PASSED] - if (i == 2 &amp;&amp; wildList.indexOf(symbol) != -1): null

2019-08-10 23:47:46 - [TEST_STEP][PASSED] - if (i == 3 &amp;&amp; wildList.indexOf(symbol) != -1): null

2019-08-10 23:47:46 - [TEST_STEP][PASSED] - if (i == 4 &amp;&amp; wildList.indexOf(symbol) != -1): null

2019-08-10 23:47:46 - [TEST_STEP][PASSED] - symbol = symbol: null

2019-08-10 23:47:46 - [TEST_STEP][PASSED] - println(symbol): null

2019-08-10 23:47:46 - [TEST_STEP][PASSED] - if (i == 2 &amp;&amp; wildList.indexOf(symbol) != -1): null

2019-08-10 23:47:46 - [TEST_STEP][PASSED] - if (i == 3 &amp;&amp; wildList.indexOf(symbol) != -1): null

2019-08-10 23:47:46 - [TEST_STEP][PASSED] - if (i == 4 &amp;&amp; wildList.indexOf(symbol) != -1): null

2019-08-10 23:47:46 - [TEST_STEP][PASSED] - symbol = symbol: null

2019-08-10 23:47:46 - [TEST_STEP][PASSED] - println(symbol): null

2019-08-10 23:47:46 - [TEST_STEP][PASSED] - if (i == 2 &amp;&amp; wildList.indexOf(symbol) != -1): null

2019-08-10 23:47:46 - [TEST_STEP][PASSED] - if (i == 3 &amp;&amp; wildList.indexOf(symbol) != -1): null

2019-08-10 23:47:46 - [TEST_STEP][PASSED] - if (i == 4 &amp;&amp; wildList.indexOf(symbol) != -1): null

2019-08-10 23:47:46 - [TEST_STEP][PASSED] - symbols = symbols: null

2019-08-10 23:47:46 - [TEST_STEP][PASSED] - for ([j = 0, j &lt; symbols.size(), (j++)]): null

2019-08-10 23:47:46 - [TEST_STEP][PASSED] - symbol = symbol: null

2019-08-10 23:47:46 - [TEST_STEP][PASSED] - println(symbol): null

2019-08-10 23:47:46 - [TEST_STEP][PASSED] - if (i == 2 &amp;&amp; wildList.indexOf(symbol) != -1): null

2019-08-10 23:47:46 - [TEST_STEP][PASSED] - if (i == 3 &amp;&amp; wildList.indexOf(symbol) != -1): null

2019-08-10 23:47:46 - [TEST_STEP][PASSED] - if (i == 4 &amp;&amp; wildList.indexOf(symbol) != -1): null

2019-08-10 23:47:46 - [TEST_STEP][PASSED] - symbol = symbol: null

2019-08-10 23:47:46 - [TEST_STEP][PASSED] - println(symbol): null

2019-08-10 23:47:46 - [TEST_STEP][PASSED] - if (i == 2 &amp;&amp; wildList.indexOf(symbol) != -1): null

2019-08-10 23:47:46 - [TEST_STEP][PASSED] - if (i == 3 &amp;&amp; wildList.indexOf(symbol) != -1): null

2019-08-10 23:47:46 - [TEST_STEP][PASSED] - if (i == 4 &amp;&amp; wildList.indexOf(symbol) != -1): null

2019-08-10 23:47:46 - [TEST_STEP][PASSED] - symbol = symbol: null

2019-08-10 23:47:46 - [TEST_STEP][PASSED] - println(symbol): null

2019-08-10 23:47:46 - [TEST_STEP][PASSED] - if (i == 2 &amp;&amp; wildList.indexOf(symbol) != -1): null

2019-08-10 23:47:46 - [TEST_STEP][PASSED] - if (i == 3 &amp;&amp; wildList.indexOf(symbol) != -1): null

2019-08-10 23:47:46 - [TEST_STEP][PASSED] - if (i == 4 &amp;&amp; wildList.indexOf(symbol) != -1): null

2019-08-10 23:47:46 - [TEST_STEP][PASSED] - free_spin_reel_counter = free_spin_reel_counter: null

2019-08-10 23:47:46 - [TEST_STEP][PASSED] - println("reel 3 wild found: " + free_spin_reel_counter[0]): null

2019-08-10 23:47:46 - [TEST_STEP][PASSED] - println("reel 4 wild found: " + free_spin_reel_counter[1]): null

2019-08-10 23:47:46 - [TEST_STEP][PASSED] - println("reel 5 wild found: " + free_spin_reel_counter[2]): null

2019-08-10 23:47:46 - [TEST_STEP][PASSED] - M4_spin_reels = M4_spin_reels: null

2019-08-10 23:47:46 - [TEST_STEP][PASSED] - M4_spin_reels_symbols = symbol: null

2019-08-10 23:47:46 - [TEST_STEP][PASSED] - M4_spin_reels_symbols = M4_spin_reels_symbols: null

2019-08-10 23:47:46 - [TEST_STEP][PASSED] - M4_spin_reel_wins = reel_wins: null

2019-08-10 23:47:46 - [TEST_STEP][PASSED] - M4_spin_reel_wins = M4_spin_reel_wins: null

2019-08-10 23:47:46 - [TEST_STEP][PASSED] - println("GlobalVariable.M4_spin_reel_wins is: " + M4_spin_reel_wins): null

2019-08-10 23:47:46 - [TEST_STEP][PASSED] - M4_spin_total_bonus_win_this_round = total_bonus_win_this_round: null

2019-08-10 23:47:46 - [TEST_STEP][PASSED] - M4_spin_total_bonus_win_this_round = M4_spin_total_bonus_win_this_round: null

2019-08-10 23:47:46 - [TEST_STEP][PASSED] - println("GlobalVariable.M4_spin_total_bonus_win_this_round is: " + M4_spin_total_bonus_win_this_round): null

2019-08-10 23:47:46 - [MESSAGE][PASSED] - Verify response successfully

2019-08-10 23:47:46 - [MESSAGE][PASSED] - Send request and verify the response successfully

2019-08-10 23:47:46 - [TEST_STEP][PASSED] - if (M4_total_bonus_spins_int != 0 &amp;&amp; M4_spin_reels_symbols[2].contains("WILD_ExtraFG") || M4_spin_reels_symbols[3].contains("WILD_ExtraFG")): null

2019-08-10 23:47:46 - [TEST_STEP][PASSED] - free_spin_reel_counter = free_spin_reel_counter: null

2019-08-10 23:47:46 - [TEST_STEP][PASSED] - M4_spin_reels_symbols = M4_spin_reels_symbols: null

2019-08-10 23:47:46 - [TEST_STEP][PASSED] - M4_total_bonus_spins = M4_total_bonus_spins: null

2019-08-10 23:47:46 - [TEST_STEP][PASSED] - spin_result = sendRequestAndVerify(findTestObject("RGS(M4)/1_M4_spin", ["M4_login_user_id":M4_login_user_id, "rgs_session_token":rgs_session_token, "partner":Partner])): Send request and verify the response successfully

2019-08-10 23:47:47 - [TEST_CASE][PASSED] - Start Test Case : Verification: Verification accomplished successfully

2019-08-10 23:47:47 - [TEST_STEP][PASSED] - request = getInstance().getCurrentRequest(): null

2019-08-10 23:47:47 - [TEST_STEP][PASSED] - response = getInstance().getCurrentResponse(): null

2019-08-10 23:47:47 - [TEST_STEP][PASSED] - verifyResponseStatusCode(response, 200): Verify response status code successfully

2019-08-10 23:47:47 - [MESSAGE][PASSED] - Verify response status code successfully

2019-08-10 23:47:47 - [TEST_STEP][PASSED] - getStatusCode()).isEqualTo(200): null

2019-08-10 23:47:47 - [TEST_STEP][PASSED] - newline = System.getProperty("line.separator"): null

2019-08-10 23:47:47 - [TEST_STEP][PASSED] - M4_spin = new groovy.json.JsonSlurper(): null

2019-08-10 23:47:47 - [TEST_STEP][PASSED] - result_M4_spin = M4_spin.parseText(response.getResponseBodyContent()): null

2019-08-10 23:47:47 - [TEST_STEP][PASSED] - M4_spin_current_balance = current_balance: null

2019-08-10 23:47:47 - [TEST_STEP][PASSED] - M4_spin_current_balance = M4_spin_current_balance: null

2019-08-10 23:47:47 - [TEST_STEP][PASSED] - M4_spin_transaction_id = causality: null

2019-08-10 23:47:47 - [TEST_STEP][PASSED] - M4_spin_transaction_id = M4_spin_transaction_id: null

2019-08-10 23:47:47 - [TEST_STEP][PASSED] - M4_spin_round_id = round_id: null

2019-08-10 23:47:47 - [TEST_STEP][PASSED] - M4_spin_round_id = M4_spin_round_id: null

2019-08-10 23:47:47 - [TEST_STEP][PASSED] - M4_spin_line_wins = line_wins: null

2019-08-10 23:47:47 - [TEST_STEP][PASSED] - M4_spin_line_wins = M4_spin_line_wins: null

2019-08-10 23:47:47 - [TEST_STEP][PASSED] - M4_total_bonus_spins_int = total_bonus_spins: null

2019-08-10 23:47:47 - [TEST_STEP][PASSED] - println("******M4_total_bonus_spins type is:*******" + newline + getClass().getName()): null

2019-08-10 23:47:47 - [TEST_STEP][PASSED] - M4_total_bonus_spins_int = M4_total_bonus_spins_int: null

2019-08-10 23:47:47 - [TEST_STEP][PASSED] - M4_total_bonus_spins = Integer.toString(M4_total_bonus_spins_int): null

2019-08-10 23:47:47 - [TEST_STEP][PASSED] - M4_total_bonus_spins = M4_total_bonus_spins: null

2019-08-10 23:47:47 - [TEST_STEP][PASSED] - println("M4_total_bonus_spins is:" + M4_total_bonus_spins): null

2019-08-10 23:47:47 - [TEST_STEP][PASSED] - M4_spin_bonus_data = bonus_data: null

2019-08-10 23:47:47 - [TEST_STEP][PASSED] - M4_spin_features_triggered = result_M4_spin: null

2019-08-10 23:47:47 - [TEST_STEP][PASSED] - wild = []: null

2019-08-10 23:47:47 - [TEST_STEP][PASSED] - wild[0] = "WILD_Expanding": null

2019-08-10 23:47:47 - [TEST_STEP][PASSED] - wild[1] = "WILD_Normal": null

2019-08-10 23:47:47 - [TEST_STEP][PASSED] - wild[2] = "WILD_Double": null

2019-08-10 23:47:47 - [TEST_STEP][PASSED] - wild[3] = "WILD_ExtraFG": null

2019-08-10 23:47:47 - [TEST_STEP][PASSED] - wild[4] = "WILD_Triple": null

2019-08-10 23:47:47 - [TEST_STEP][PASSED] - wildList = Arrays.asList(wild): null

2019-08-10 23:47:47 - [TEST_STEP][PASSED] - wildList = wildList: null

2019-08-10 23:47:47 - [TEST_STEP][PASSED] - free_spin_reel_counter = []: null

2019-08-10 23:47:47 - [TEST_STEP][PASSED] - free_spin_reel_counter[0] = 0: null

2019-08-10 23:47:47 - [TEST_STEP][PASSED] - free_spin_reel_counter[1] = 0: null

2019-08-10 23:47:47 - [TEST_STEP][PASSED] - free_spin_reel_counter[2] = 0: null

2019-08-10 23:47:47 - [TEST_STEP][PASSED] - M4_spin_reels = reels: null

2019-08-10 23:47:47 - [TEST_STEP][PASSED] - for ([i = 0, i &lt; M4_spin_reels.size(), (i++)]): null

2019-08-10 23:47:47 - [TEST_STEP][PASSED] - symbols = symbols: null

2019-08-10 23:47:47 - [TEST_STEP][PASSED] - for ([j = 0, j &lt; symbols.size(), (j++)]): null

2019-08-10 23:47:47 - [TEST_STEP][PASSED] - symbol = symbol: null

2019-08-10 23:47:47 - [TEST_STEP][PASSED] - println(symbol): null

2019-08-10 23:47:47 - [TEST_STEP][PASSED] - if (i == 2 &amp;&amp; wildList.indexOf(symbol) != -1): null

2019-08-10 23:47:47 - [TEST_STEP][PASSED] - if (i == 3 &amp;&amp; wildList.indexOf(symbol) != -1): null

2019-08-10 23:47:47 - [TEST_STEP][PASSED] - if (i == 4 &amp;&amp; wildList.indexOf(symbol) != -1): null

2019-08-10 23:47:47 - [TEST_STEP][PASSED] - symbol = symbol: null

2019-08-10 23:47:47 - [TEST_STEP][PASSED] - println(symbol): null

2019-08-10 23:47:47 - [TEST_STEP][PASSED] - if (i == 2 &amp;&amp; wildList.indexOf(symbol) != -1): null

2019-08-10 23:47:47 - [TEST_STEP][PASSED] - if (i == 3 &amp;&amp; wildList.indexOf(symbol) != -1): null

2019-08-10 23:47:47 - [TEST_STEP][PASSED] - if (i == 4 &amp;&amp; wildList.indexOf(symbol) != -1): null

2019-08-10 23:47:47 - [TEST_STEP][PASSED] - symbol = symbol: null

2019-08-10 23:47:47 - [TEST_STEP][PASSED] - println(symbol): null

2019-08-10 23:47:47 - [TEST_STEP][PASSED] - if (i == 2 &amp;&amp; wildList.indexOf(symbol) != -1): null

2019-08-10 23:47:47 - [TEST_STEP][PASSED] - if (i == 3 &amp;&amp; wildList.indexOf(symbol) != -1): null

2019-08-10 23:47:47 - [TEST_STEP][PASSED] - if (i == 4 &amp;&amp; wildList.indexOf(symbol) != -1): null

2019-08-10 23:47:47 - [TEST_STEP][PASSED] - symbols = symbols: null

2019-08-10 23:47:47 - [TEST_STEP][PASSED] - for ([j = 0, j &lt; symbols.size(), (j++)]): null

2019-08-10 23:47:47 - [TEST_STEP][PASSED] - symbol = symbol: null

2019-08-10 23:47:47 - [TEST_STEP][PASSED] - println(symbol): null

2019-08-10 23:47:47 - [TEST_STEP][PASSED] - if (i == 2 &amp;&amp; wildList.indexOf(symbol) != -1): null

2019-08-10 23:47:47 - [TEST_STEP][PASSED] - if (i == 3 &amp;&amp; wildList.indexOf(symbol) != -1): null

2019-08-10 23:47:47 - [TEST_STEP][PASSED] - if (i == 4 &amp;&amp; wildList.indexOf(symbol) != -1): null

2019-08-10 23:47:47 - [TEST_STEP][PASSED] - symbol = symbol: null

2019-08-10 23:47:47 - [TEST_STEP][PASSED] - println(symbol): null

2019-08-10 23:47:47 - [TEST_STEP][PASSED] - if (i == 2 &amp;&amp; wildList.indexOf(symbol) != -1): null

2019-08-10 23:47:47 - [TEST_STEP][PASSED] - if (i == 3 &amp;&amp; wildList.indexOf(symbol) != -1): null

2019-08-10 23:47:47 - [TEST_STEP][PASSED] - if (i == 4 &amp;&amp; wildList.indexOf(symbol) != -1): null

2019-08-10 23:47:47 - [TEST_STEP][PASSED] - symbol = symbol: null

2019-08-10 23:47:47 - [TEST_STEP][PASSED] - println(symbol): null

2019-08-10 23:47:47 - [TEST_STEP][PASSED] - if (i == 2 &amp;&amp; wildList.indexOf(symbol) != -1): null

2019-08-10 23:47:47 - [TEST_STEP][PASSED] - if (i == 3 &amp;&amp; wildList.indexOf(symbol) != -1): null

2019-08-10 23:47:47 - [TEST_STEP][PASSED] - if (i == 4 &amp;&amp; wildList.indexOf(symbol) != -1): null

2019-08-10 23:47:47 - [TEST_STEP][PASSED] - symbols = symbols: null

2019-08-10 23:47:47 - [TEST_STEP][PASSED] - for ([j = 0, j &lt; symbols.size(), (j++)]): null

2019-08-10 23:47:47 - [TEST_STEP][PASSED] - symbol = symbol: null

2019-08-10 23:47:47 - [TEST_STEP][PASSED] - println(symbol): null

2019-08-10 23:47:47 - [TEST_STEP][PASSED] - if (i == 2 &amp;&amp; wildList.indexOf(symbol) != -1): null

2019-08-10 23:47:47 - [TEST_STEP][PASSED] - if (i == 3 &amp;&amp; wildList.indexOf(symbol) != -1): null

2019-08-10 23:47:47 - [TEST_STEP][PASSED] - if (i == 4 &amp;&amp; wildList.indexOf(symbol) != -1): null

2019-08-10 23:47:47 - [TEST_STEP][PASSED] - symbol = symbol: null

2019-08-10 23:47:47 - [TEST_STEP][PASSED] - println(symbol): null

2019-08-10 23:47:47 - [TEST_STEP][PASSED] - if (i == 2 &amp;&amp; wildList.indexOf(symbol) != -1): null

2019-08-10 23:47:47 - [TEST_STEP][PASSED] - if (i == 3 &amp;&amp; wildList.indexOf(symbol) != -1): null

2019-08-10 23:47:47 - [TEST_STEP][PASSED] - if (i == 4 &amp;&amp; wildList.indexOf(symbol) != -1): null

2019-08-10 23:47:47 - [TEST_STEP][PASSED] - symbol = symbol: null

2019-08-10 23:47:47 - [TEST_STEP][PASSED] - println(symbol): null

2019-08-10 23:47:47 - [TEST_STEP][PASSED] - if (i == 2 &amp;&amp; wildList.indexOf(symbol) != -1): null

2019-08-10 23:47:47 - [TEST_STEP][PASSED] - if (i == 3 &amp;&amp; wildList.indexOf(symbol) != -1): null

2019-08-10 23:47:47 - [TEST_STEP][PASSED] - if (i == 4 &amp;&amp; wildList.indexOf(symbol) != -1): null

2019-08-10 23:47:47 - [TEST_STEP][PASSED] - symbols = symbols: null

2019-08-10 23:47:47 - [TEST_STEP][PASSED] - for ([j = 0, j &lt; symbols.size(), (j++)]): null

2019-08-10 23:47:47 - [TEST_STEP][PASSED] - symbol = symbol: null

2019-08-10 23:47:47 - [TEST_STEP][PASSED] - println(symbol): null

2019-08-10 23:47:47 - [TEST_STEP][PASSED] - if (i == 2 &amp;&amp; wildList.indexOf(symbol) != -1): null

2019-08-10 23:47:47 - [TEST_STEP][PASSED] - if (i == 3 &amp;&amp; wildList.indexOf(symbol) != -1): null

2019-08-10 23:47:47 - [TEST_STEP][PASSED] - if (i == 4 &amp;&amp; wildList.indexOf(symbol) != -1): null

2019-08-10 23:47:47 - [TEST_STEP][PASSED] - symbol = symbol: null

2019-08-10 23:47:47 - [TEST_STEP][PASSED] - println(symbol): null

2019-08-10 23:47:47 - [TEST_STEP][PASSED] - if (i == 2 &amp;&amp; wildList.indexOf(symbol) != -1): null

2019-08-10 23:47:47 - [TEST_STEP][PASSED] - if (i == 3 &amp;&amp; wildList.indexOf(symbol) != -1): null

2019-08-10 23:47:47 - [TEST_STEP][PASSED] - if (i == 4 &amp;&amp; wildList.indexOf(symbol) != -1): null

2019-08-10 23:47:47 - [TEST_STEP][PASSED] - symbol = symbol: null

2019-08-10 23:47:47 - [TEST_STEP][PASSED] - println(symbol): null

2019-08-10 23:47:47 - [TEST_STEP][PASSED] - if (i == 2 &amp;&amp; wildList.indexOf(symbol) != -1): null

2019-08-10 23:47:47 - [TEST_STEP][PASSED] - if (i == 3 &amp;&amp; wildList.indexOf(symbol) != -1): null

2019-08-10 23:47:47 - [TEST_STEP][PASSED] - if (i == 4 &amp;&amp; wildList.indexOf(symbol) != -1): null

2019-08-10 23:47:47 - [TEST_STEP][PASSED] - symbols = symbols: null

2019-08-10 23:47:47 - [TEST_STEP][PASSED] - for ([j = 0, j &lt; symbols.size(), (j++)]): null

2019-08-10 23:47:47 - [TEST_STEP][PASSED] - symbol = symbol: null

2019-08-10 23:47:47 - [TEST_STEP][PASSED] - println(symbol): null

2019-08-10 23:47:47 - [TEST_STEP][PASSED] - if (i == 2 &amp;&amp; wildList.indexOf(symbol) != -1): null

2019-08-10 23:47:47 - [TEST_STEP][PASSED] - if (i == 3 &amp;&amp; wildList.indexOf(symbol) != -1): null

2019-08-10 23:47:47 - [TEST_STEP][PASSED] - if (i == 4 &amp;&amp; wildList.indexOf(symbol) != -1): null

2019-08-10 23:47:47 - [TEST_STEP][PASSED] - symbol = symbol: null

2019-08-10 23:47:47 - [TEST_STEP][PASSED] - println(symbol): null

2019-08-10 23:47:47 - [TEST_STEP][PASSED] - if (i == 2 &amp;&amp; wildList.indexOf(symbol) != -1): null

2019-08-10 23:47:47 - [TEST_STEP][PASSED] - if (i == 3 &amp;&amp; wildList.indexOf(symbol) != -1): null

2019-08-10 23:47:47 - [TEST_STEP][PASSED] - if (i == 4 &amp;&amp; wildList.indexOf(symbol) != -1): null

2019-08-10 23:47:47 - [TEST_STEP][PASSED] - symbol = symbol: null

2019-08-10 23:47:47 - [TEST_STEP][PASSED] - println(symbol): null

2019-08-10 23:47:47 - [TEST_STEP][PASSED] - if (i == 2 &amp;&amp; wildList.indexOf(symbol) != -1): null

2019-08-10 23:47:47 - [TEST_STEP][PASSED] - if (i == 3 &amp;&amp; wildList.indexOf(symbol) != -1): null

2019-08-10 23:47:47 - [TEST_STEP][PASSED] - if (i == 4 &amp;&amp; wildList.indexOf(symbol) != -1): null

2019-08-10 23:47:47 - [TEST_STEP][PASSED] - free_spin_reel_counter = free_spin_reel_counter: null

2019-08-10 23:47:47 - [TEST_STEP][PASSED] - println("reel 3 wild found: " + free_spin_reel_counter[0]): null

2019-08-10 23:47:47 - [TEST_STEP][PASSED] - println("reel 4 wild found: " + free_spin_reel_counter[1]): null

2019-08-10 23:47:47 - [TEST_STEP][PASSED] - println("reel 5 wild found: " + free_spin_reel_counter[2]): null

2019-08-10 23:47:47 - [TEST_STEP][PASSED] - M4_spin_reels = M4_spin_reels: null

2019-08-10 23:47:47 - [TEST_STEP][PASSED] - M4_spin_reels_symbols = symbol: null

2019-08-10 23:47:47 - [TEST_STEP][PASSED] - M4_spin_reels_symbols = M4_spin_reels_symbols: null

2019-08-10 23:47:47 - [TEST_STEP][PASSED] - M4_spin_reel_wins = reel_wins: null

2019-08-10 23:47:47 - [TEST_STEP][PASSED] - M4_spin_reel_wins = M4_spin_reel_wins: null

2019-08-10 23:47:47 - [TEST_STEP][PASSED] - println("GlobalVariable.M4_spin_reel_wins is: " + M4_spin_reel_wins): null

2019-08-10 23:47:51 - [TEST_STEP][PASSED] - M4_spin_total_bonus_win_this_round = total_bonus_win_this_round: null

2019-08-10 23:47:51 - [TEST_STEP][PASSED] - M4_spin_total_bonus_win_this_round = M4_spin_total_bonus_win_this_round: null

2019-08-10 23:47:51 - [TEST_STEP][PASSED] - println("GlobalVariable.M4_spin_total_bonus_win_this_round is: " + M4_spin_total_bonus_win_this_round): null

2019-08-10 23:47:51 - [MESSAGE][PASSED] - Verify response successfully

2019-08-10 23:47:51 - [MESSAGE][PASSED] - Send request and verify the response successfully

2019-08-10 23:47:51 - [TEST_STEP][PASSED] - if (M4_total_bonus_spins_int != 0 &amp;&amp; M4_spin_reels_symbols[2].contains("WILD_ExtraFG") || M4_spin_reels_symbols[3].contains("WILD_ExtraFG")): null

2019-08-10 23:47:51 - [TEST_STEP][PASSED] - free_spin_reel_counter = free_spin_reel_counter: null

2019-08-10 23:47:51 - [TEST_STEP][PASSED] - M4_spin_reels_symbols = M4_spin_reels_symbols: null

2019-08-10 23:47:51 - [TEST_STEP][PASSED] - M4_total_bonus_spins = M4_total_bonus_spins: null

2019-08-10 23:47:56 - [TEST_STEP][PASSED] - spin_result = sendRequestAndVerify(findTestObject("RGS(M4)/1_M4_spin", ["M4_login_user_id":M4_login_user_id, "rgs_session_token":rgs_session_token, "partner":Partner])): Send request and verify the response successfully

2019-08-10 23:47:57 - [TEST_CASE][PASSED] - Start Test Case : Verification: Verification accomplished successfully

2019-08-10 23:47:57 - [TEST_STEP][PASSED] - request = getInstance().getCurrentRequest(): null

2019-08-10 23:47:57 - [TEST_STEP][PASSED] - response = getInstance().getCurrentResponse(): null

2019-08-10 23:47:57 - [TEST_STEP][PASSED] - verifyResponseStatusCode(response, 200): Verify response status code successfully

2019-08-10 23:47:57 - [MESSAGE][PASSED] - Verify response status code successfully

2019-08-10 23:47:57 - [TEST_STEP][PASSED] - getStatusCode()).isEqualTo(200): null

2019-08-10 23:48:01 - [TEST_STEP][PASSED] - newline = System.getProperty("line.separator"): null

2019-08-10 23:48:01 - [TEST_STEP][PASSED] - M4_spin = new groovy.json.JsonSlurper(): null

2019-08-10 23:48:01 - [TEST_STEP][PASSED] - result_M4_spin = M4_spin.parseText(response.getResponseBodyContent()): null

2019-08-10 23:48:01 - [TEST_STEP][PASSED] - M4_spin_current_balance = current_balance: null

2019-08-10 23:48:01 - [TEST_STEP][PASSED] - M4_spin_current_balance = M4_spin_current_balance: null

2019-08-10 23:48:01 - [TEST_STEP][PASSED] - M4_spin_transaction_id = causality: null

2019-08-10 23:48:01 - [TEST_STEP][PASSED] - M4_spin_transaction_id = M4_spin_transaction_id: null

2019-08-10 23:48:01 - [TEST_STEP][PASSED] - M4_spin_round_id = round_id: null

2019-08-10 23:48:01 - [TEST_STEP][PASSED] - M4_spin_round_id = M4_spin_round_id: null

2019-08-10 23:48:01 - [TEST_STEP][PASSED] - M4_spin_line_wins = line_wins: null

2019-08-10 23:48:01 - [TEST_STEP][PASSED] - M4_spin_line_wins = M4_spin_line_wins: null

2019-08-10 23:48:01 - [TEST_STEP][PASSED] - M4_total_bonus_spins_int = total_bonus_spins: null

2019-08-10 23:48:01 - [TEST_STEP][PASSED] - println("******M4_total_bonus_spins type is:*******" + newline + getClass().getName()): null

2019-08-10 23:48:01 - [TEST_STEP][PASSED] - M4_total_bonus_spins_int = M4_total_bonus_spins_int: null

2019-08-10 23:48:01 - [TEST_STEP][PASSED] - M4_total_bonus_spins = Integer.toString(M4_total_bonus_spins_int): null

2019-08-10 23:48:01 - [TEST_STEP][PASSED] - M4_total_bonus_spins = M4_total_bonus_spins: null

2019-08-10 23:48:01 - [TEST_STEP][PASSED] - println("M4_total_bonus_spins is:" + M4_total_bonus_spins): null

2019-08-10 23:48:01 - [TEST_STEP][PASSED] - M4_spin_bonus_data = bonus_data: null

2019-08-10 23:48:01 - [TEST_STEP][PASSED] - M4_spin_features_triggered = result_M4_spin: null

2019-08-10 23:48:01 - [TEST_STEP][PASSED] - wild = []: null

2019-08-10 23:48:01 - [TEST_STEP][PASSED] - wild[0] = "WILD_Expanding": null

2019-08-10 23:48:01 - [TEST_STEP][PASSED] - wild[1] = "WILD_Normal": null

2019-08-10 23:48:01 - [TEST_STEP][PASSED] - wild[2] = "WILD_Double": null

2019-08-10 23:48:01 - [TEST_STEP][PASSED] - wild[3] = "WILD_ExtraFG": null

2019-08-10 23:48:01 - [TEST_STEP][PASSED] - wild[4] = "WILD_Triple": null

2019-08-10 23:48:01 - [TEST_STEP][PASSED] - wildList = Arrays.asList(wild): null

2019-08-10 23:48:01 - [TEST_STEP][PASSED] - wildList = wildList: null

2019-08-10 23:48:01 - [TEST_STEP][PASSED] - free_spin_reel_counter = []: null

2019-08-10 23:48:01 - [TEST_STEP][PASSED] - free_spin_reel_counter[0] = 0: null

2019-08-10 23:48:01 - [TEST_STEP][PASSED] - free_spin_reel_counter[1] = 0: null

2019-08-10 23:48:01 - [TEST_STEP][PASSED] - free_spin_reel_counter[2] = 0: null

2019-08-10 23:48:01 - [TEST_STEP][PASSED] - M4_spin_reels = reels: null

2019-08-10 23:48:01 - [TEST_STEP][PASSED] - for ([i = 0, i &lt; M4_spin_reels.size(), (i++)]): null

2019-08-10 23:48:01 - [TEST_STEP][PASSED] - symbols = symbols: null

2019-08-10 23:48:01 - [TEST_STEP][PASSED] - for ([j = 0, j &lt; symbols.size(), (j++)]): null

2019-08-10 23:48:01 - [TEST_STEP][PASSED] - symbol = symbol: null

2019-08-10 23:48:01 - [TEST_STEP][PASSED] - println(symbol): null

2019-08-10 23:48:01 - [TEST_STEP][PASSED] - if (i == 2 &amp;&amp; wildList.indexOf(symbol) != -1): null

2019-08-10 23:48:01 - [TEST_STEP][PASSED] - if (i == 3 &amp;&amp; wildList.indexOf(symbol) != -1): null

2019-08-10 23:48:01 - [TEST_STEP][PASSED] - if (i == 4 &amp;&amp; wildList.indexOf(symbol) != -1): null

2019-08-10 23:48:01 - [TEST_STEP][PASSED] - symbol = symbol: null

2019-08-10 23:48:01 - [TEST_STEP][PASSED] - println(symbol): null

2019-08-10 23:48:01 - [TEST_STEP][PASSED] - if (i == 2 &amp;&amp; wildList.indexOf(symbol) != -1): null

2019-08-10 23:48:01 - [TEST_STEP][PASSED] - if (i == 3 &amp;&amp; wildList.indexOf(symbol) != -1): null

2019-08-10 23:48:01 - [TEST_STEP][PASSED] - if (i == 4 &amp;&amp; wildList.indexOf(symbol) != -1): null

2019-08-10 23:48:01 - [TEST_STEP][PASSED] - symbol = symbol: null

2019-08-10 23:48:01 - [TEST_STEP][PASSED] - println(symbol): null

2019-08-10 23:48:01 - [TEST_STEP][PASSED] - if (i == 2 &amp;&amp; wildList.indexOf(symbol) != -1): null

2019-08-10 23:48:01 - [TEST_STEP][PASSED] - if (i == 3 &amp;&amp; wildList.indexOf(symbol) != -1): null

2019-08-10 23:48:01 - [TEST_STEP][PASSED] - if (i == 4 &amp;&amp; wildList.indexOf(symbol) != -1): null

2019-08-10 23:48:01 - [TEST_STEP][PASSED] - symbols = symbols: null

2019-08-10 23:48:01 - [TEST_STEP][PASSED] - for ([j = 0, j &lt; symbols.size(), (j++)]): null

2019-08-10 23:48:01 - [TEST_STEP][PASSED] - symbol = symbol: null

2019-08-10 23:48:01 - [TEST_STEP][PASSED] - println(symbol): null

2019-08-10 23:48:01 - [TEST_STEP][PASSED] - if (i == 2 &amp;&amp; wildList.indexOf(symbol) != -1): null

2019-08-10 23:48:01 - [TEST_STEP][PASSED] - if (i == 3 &amp;&amp; wildList.indexOf(symbol) != -1): null

2019-08-10 23:48:01 - [TEST_STEP][PASSED] - if (i == 4 &amp;&amp; wildList.indexOf(symbol) != -1): null

2019-08-10 23:48:01 - [TEST_STEP][PASSED] - symbol = symbol: null

2019-08-10 23:48:01 - [TEST_STEP][PASSED] - println(symbol): null

2019-08-10 23:48:01 - [TEST_STEP][PASSED] - if (i == 2 &amp;&amp; wildList.indexOf(symbol) != -1): null

2019-08-10 23:48:01 - [TEST_STEP][PASSED] - if (i == 3 &amp;&amp; wildList.indexOf(symbol) != -1): null

2019-08-10 23:48:01 - [TEST_STEP][PASSED] - if (i == 4 &amp;&amp; wildList.indexOf(symbol) != -1): null

2019-08-10 23:48:01 - [TEST_STEP][PASSED] - symbol = symbol: null

2019-08-10 23:48:01 - [TEST_STEP][PASSED] - println(symbol): null

2019-08-10 23:48:01 - [TEST_STEP][PASSED] - if (i == 2 &amp;&amp; wildList.indexOf(symbol) != -1): null

2019-08-10 23:48:01 - [TEST_STEP][PASSED] - if (i == 3 &amp;&amp; wildList.indexOf(symbol) != -1): null

2019-08-10 23:48:01 - [TEST_STEP][PASSED] - if (i == 4 &amp;&amp; wildList.indexOf(symbol) != -1): null

2019-08-10 23:48:01 - [TEST_STEP][PASSED] - symbols = symbols: null

2019-08-10 23:48:01 - [TEST_STEP][PASSED] - for ([j = 0, j &lt; symbols.size(), (j++)]): null

2019-08-10 23:48:01 - [TEST_STEP][PASSED] - symbol = symbol: null

2019-08-10 23:48:01 - [TEST_STEP][PASSED] - println(symbol): null

2019-08-10 23:48:01 - [TEST_STEP][PASSED] - if (i == 2 &amp;&amp; wildList.indexOf(symbol) != -1): null

2019-08-10 23:48:01 - [TEST_STEP][PASSED] - if (i == 3 &amp;&amp; wildList.indexOf(symbol) != -1): null

2019-08-10 23:48:01 - [TEST_STEP][PASSED] - if (i == 4 &amp;&amp; wildList.indexOf(symbol) != -1): null

2019-08-10 23:48:01 - [TEST_STEP][PASSED] - symbol = symbol: null

2019-08-10 23:48:01 - [TEST_STEP][PASSED] - println(symbol): null

2019-08-10 23:48:01 - [TEST_STEP][PASSED] - if (i == 2 &amp;&amp; wildList.indexOf(symbol) != -1): null

2019-08-10 23:48:01 - [TEST_STEP][PASSED] - if (i == 3 &amp;&amp; wildList.indexOf(symbol) != -1): null

2019-08-10 23:48:01 - [TEST_STEP][PASSED] - if (i == 4 &amp;&amp; wildList.indexOf(symbol) != -1): null

2019-08-10 23:48:01 - [TEST_STEP][PASSED] - symbol = symbol: null

2019-08-10 23:48:01 - [TEST_STEP][PASSED] - println(symbol): null

2019-08-10 23:48:01 - [TEST_STEP][PASSED] - if (i == 2 &amp;&amp; wildList.indexOf(symbol) != -1): null

2019-08-10 23:48:01 - [TEST_STEP][PASSED] - if (i == 3 &amp;&amp; wildList.indexOf(symbol) != -1): null

2019-08-10 23:48:01 - [TEST_STEP][PASSED] - if (i == 4 &amp;&amp; wildList.indexOf(symbol) != -1): null

2019-08-10 23:48:01 - [TEST_STEP][PASSED] - symbols = symbols: null

2019-08-10 23:48:01 - [TEST_STEP][PASSED] - for ([j = 0, j &lt; symbols.size(), (j++)]): null

2019-08-10 23:48:01 - [TEST_STEP][PASSED] - symbol = symbol: null

2019-08-10 23:48:01 - [TEST_STEP][PASSED] - println(symbol): null

2019-08-10 23:48:01 - [TEST_STEP][PASSED] - if (i == 2 &amp;&amp; wildList.indexOf(symbol) != -1): null

2019-08-10 23:48:01 - [TEST_STEP][PASSED] - if (i == 3 &amp;&amp; wildList.indexOf(symbol) != -1): null

2019-08-10 23:48:01 - [TEST_STEP][PASSED] - if (i == 4 &amp;&amp; wildList.indexOf(symbol) != -1): null

2019-08-10 23:48:01 - [TEST_STEP][PASSED] - symbol = symbol: null

2019-08-10 23:48:01 - [TEST_STEP][PASSED] - println(symbol): null

2019-08-10 23:48:01 - [TEST_STEP][PASSED] - if (i == 2 &amp;&amp; wildList.indexOf(symbol) != -1): null

2019-08-10 23:48:01 - [TEST_STEP][PASSED] - if (i == 3 &amp;&amp; wildList.indexOf(symbol) != -1): null

2019-08-10 23:48:01 - [TEST_STEP][PASSED] - if (i == 4 &amp;&amp; wildList.indexOf(symbol) != -1): null

2019-08-10 23:48:01 - [TEST_STEP][PASSED] - symbol = symbol: null

2019-08-10 23:48:01 - [TEST_STEP][PASSED] - println(symbol): null

2019-08-10 23:48:01 - [TEST_STEP][PASSED] - if (i == 2 &amp;&amp; wildList.indexOf(symbol) != -1): null

2019-08-10 23:48:01 - [TEST_STEP][PASSED] - if (i == 3 &amp;&amp; wildList.indexOf(symbol) != -1): null

2019-08-10 23:48:01 - [TEST_STEP][PASSED] - if (i == 4 &amp;&amp; wildList.indexOf(symbol) != -1): null

2019-08-10 23:48:01 - [TEST_STEP][PASSED] - symbols = symbols: null

2019-08-10 23:48:01 - [TEST_STEP][PASSED] - for ([j = 0, j &lt; symbols.size(), (j++)]): null

2019-08-10 23:48:01 - [TEST_STEP][PASSED] - symbol = symbol: null

2019-08-10 23:48:01 - [TEST_STEP][PASSED] - println(symbol): null

2019-08-10 23:48:01 - [TEST_STEP][PASSED] - if (i == 2 &amp;&amp; wildList.indexOf(symbol) != -1): null

2019-08-10 23:48:01 - [TEST_STEP][PASSED] - if (i == 3 &amp;&amp; wildList.indexOf(symbol) != -1): null

2019-08-10 23:48:01 - [TEST_STEP][PASSED] - if (i == 4 &amp;&amp; wildList.indexOf(symbol) != -1): null

2019-08-10 23:48:01 - [TEST_STEP][PASSED] - symbol = symbol: null

2019-08-10 23:48:01 - [TEST_STEP][PASSED] - println(symbol): null

2019-08-10 23:48:01 - [TEST_STEP][PASSED] - if (i == 2 &amp;&amp; wildList.indexOf(symbol) != -1): null

2019-08-10 23:48:01 - [TEST_STEP][PASSED] - if (i == 3 &amp;&amp; wildList.indexOf(symbol) != -1): null

2019-08-10 23:48:01 - [TEST_STEP][PASSED] - if (i == 4 &amp;&amp; wildList.indexOf(symbol) != -1): null

2019-08-10 23:48:01 - [TEST_STEP][PASSED] - symbol = symbol: null

2019-08-10 23:48:01 - [TEST_STEP][PASSED] - println(symbol): null

2019-08-10 23:48:01 - [TEST_STEP][PASSED] - if (i == 2 &amp;&amp; wildList.indexOf(symbol) != -1): null

2019-08-10 23:48:01 - [TEST_STEP][PASSED] - if (i == 3 &amp;&amp; wildList.indexOf(symbol) != -1): null

2019-08-10 23:48:01 - [TEST_STEP][PASSED] - if (i == 4 &amp;&amp; wildList.indexOf(symbol) != -1): null

2019-08-10 23:48:01 - [TEST_STEP][PASSED] - free_spin_reel_counter = free_spin_reel_counter: null

2019-08-10 23:48:01 - [TEST_STEP][PASSED] - println("reel 3 wild found: " + free_spin_reel_counter[0]): null

2019-08-10 23:48:01 - [TEST_STEP][PASSED] - println("reel 4 wild found: " + free_spin_reel_counter[1]): null

2019-08-10 23:48:01 - [TEST_STEP][PASSED] - println("reel 5 wild found: " + free_spin_reel_counter[2]): null

2019-08-10 23:48:01 - [TEST_STEP][PASSED] - M4_spin_reels = M4_spin_reels: null

2019-08-10 23:48:01 - [TEST_STEP][PASSED] - M4_spin_reels_symbols = symbol: null

2019-08-10 23:48:01 - [TEST_STEP][PASSED] - M4_spin_reels_symbols = M4_spin_reels_symbols: null

2019-08-10 23:48:01 - [TEST_STEP][PASSED] - M4_spin_reel_wins = reel_wins: null

2019-08-10 23:48:01 - [TEST_STEP][PASSED] - M4_spin_reel_wins = M4_spin_reel_wins: null

2019-08-10 23:48:01 - [TEST_STEP][PASSED] - println("GlobalVariable.M4_spin_reel_wins is: " + M4_spin_reel_wins): null

2019-08-10 23:48:01 - [TEST_STEP][PASSED] - M4_spin_total_bonus_win_this_round = total_bonus_win_this_round: null

2019-08-10 23:48:01 - [TEST_STEP][PASSED] - M4_spin_total_bonus_win_this_round = M4_spin_total_bonus_win_this_round: null

2019-08-10 23:48:01 - [TEST_STEP][PASSED] - println("GlobalVariable.M4_spin_total_bonus_win_this_round is: " + M4_spin_total_bonus_win_this_round): null

2019-08-10 23:48:01 - [MESSAGE][PASSED] - Verify response successfully

2019-08-10 23:48:01 - [MESSAGE][PASSED] - Send request and verify the response successfully

2019-08-10 23:48:01 - [TEST_STEP][PASSED] - if (M4_total_bonus_spins_int != 0 &amp;&amp; M4_spin_reels_symbols[2].contains("WILD_ExtraFG") || M4_spin_reels_symbols[3].contains("WILD_ExtraFG")): null

2019-08-10 23:48:01 - [TEST_STEP][PASSED] - free_spin_reel_counter = free_spin_reel_counter: null

2019-08-10 23:48:01 - [TEST_STEP][PASSED] - M4_spin_reels_symbols = M4_spin_reels_symbols: null

2019-08-10 23:48:01 - [TEST_STEP][PASSED] - M4_total_bonus_spins = M4_total_bonus_spins: null

2019-08-10 23:48:01 - [TEST_STEP][PASSED] - spin_result = sendRequestAndVerify(findTestObject("RGS(M4)/1_M4_spin", ["M4_login_user_id":M4_login_user_id, "rgs_session_token":rgs_session_token, "partner":Partner])): Send request and verify the response successfully

2019-08-10 23:48:02 - [TEST_CASE][PASSED] - Start Test Case : Verification: Verification accomplished successfully

2019-08-10 23:48:02 - [TEST_STEP][PASSED] - request = getInstance().getCurrentRequest(): null

2019-08-10 23:48:02 - [TEST_STEP][PASSED] - response = getInstance().getCurrentResponse(): null

2019-08-10 23:48:02 - [TEST_STEP][PASSED] - verifyResponseStatusCode(response, 200): Verify response status code successfully

2019-08-10 23:48:02 - [MESSAGE][PASSED] - Verify response status code successfully

2019-08-10 23:48:02 - [TEST_STEP][PASSED] - getStatusCode()).isEqualTo(200): null

2019-08-10 23:48:02 - [TEST_STEP][PASSED] - newline = System.getProperty("line.separator"): null

2019-08-10 23:48:02 - [TEST_STEP][PASSED] - M4_spin = new groovy.json.JsonSlurper(): null

2019-08-10 23:48:02 - [TEST_STEP][PASSED] - result_M4_spin = M4_spin.parseText(response.getResponseBodyContent()): null

2019-08-10 23:48:02 - [TEST_STEP][PASSED] - M4_spin_current_balance = current_balance: null

2019-08-10 23:48:02 - [TEST_STEP][PASSED] - M4_spin_current_balance = M4_spin_current_balance: null

2019-08-10 23:48:02 - [TEST_STEP][PASSED] - M4_spin_transaction_id = causality: null

2019-08-10 23:48:02 - [TEST_STEP][PASSED] - M4_spin_transaction_id = M4_spin_transaction_id: null

2019-08-10 23:48:02 - [TEST_STEP][PASSED] - M4_spin_round_id = round_id: null

2019-08-10 23:48:02 - [TEST_STEP][PASSED] - M4_spin_round_id = M4_spin_round_id: null

2019-08-10 23:48:02 - [TEST_STEP][PASSED] - M4_spin_line_wins = line_wins: null

2019-08-10 23:48:02 - [TEST_STEP][PASSED] - M4_spin_line_wins = M4_spin_line_wins: null

2019-08-10 23:48:02 - [TEST_STEP][PASSED] - M4_total_bonus_spins_int = total_bonus_spins: null

2019-08-10 23:48:02 - [TEST_STEP][PASSED] - println("******M4_total_bonus_spins type is:*******" + newline + getClass().getName()): null

2019-08-10 23:48:02 - [TEST_STEP][PASSED] - M4_total_bonus_spins_int = M4_total_bonus_spins_int: null

2019-08-10 23:48:02 - [TEST_STEP][PASSED] - M4_total_bonus_spins = Integer.toString(M4_total_bonus_spins_int): null

2019-08-10 23:48:02 - [TEST_STEP][PASSED] - M4_total_bonus_spins = M4_total_bonus_spins: null

2019-08-10 23:48:02 - [TEST_STEP][PASSED] - println("M4_total_bonus_spins is:" + M4_total_bonus_spins): null

2019-08-10 23:48:02 - [TEST_STEP][PASSED] - M4_spin_bonus_data = bonus_data: null

2019-08-10 23:48:02 - [TEST_STEP][PASSED] - M4_spin_features_triggered = result_M4_spin: null

2019-08-10 23:48:02 - [TEST_STEP][PASSED] - wild = []: null

2019-08-10 23:48:02 - [TEST_STEP][PASSED] - wild[0] = "WILD_Expanding": null

2019-08-10 23:48:02 - [TEST_STEP][PASSED] - wild[1] = "WILD_Normal": null

2019-08-10 23:48:02 - [TEST_STEP][PASSED] - wild[2] = "WILD_Double": null

2019-08-10 23:48:02 - [TEST_STEP][PASSED] - wild[3] = "WILD_ExtraFG": null

2019-08-10 23:48:02 - [TEST_STEP][PASSED] - wild[4] = "WILD_Triple": null

2019-08-10 23:48:02 - [TEST_STEP][PASSED] - wildList = Arrays.asList(wild): null

2019-08-10 23:48:02 - [TEST_STEP][PASSED] - wildList = wildList: null

2019-08-10 23:48:02 - [TEST_STEP][PASSED] - free_spin_reel_counter = []: null

2019-08-10 23:48:02 - [TEST_STEP][PASSED] - free_spin_reel_counter[0] = 0: null

2019-08-10 23:48:02 - [TEST_STEP][PASSED] - free_spin_reel_counter[1] = 0: null

2019-08-10 23:48:02 - [TEST_STEP][PASSED] - free_spin_reel_counter[2] = 0: null

2019-08-10 23:48:02 - [TEST_STEP][PASSED] - M4_spin_reels = reels: null

2019-08-10 23:48:02 - [TEST_STEP][PASSED] - for ([i = 0, i &lt; M4_spin_reels.size(), (i++)]): null

2019-08-10 23:48:02 - [TEST_STEP][PASSED] - symbols = symbols: null

2019-08-10 23:48:02 - [TEST_STEP][PASSED] - for ([j = 0, j &lt; symbols.size(), (j++)]): null

2019-08-10 23:48:02 - [TEST_STEP][PASSED] - symbol = symbol: null

2019-08-10 23:48:02 - [TEST_STEP][PASSED] - println(symbol): null

2019-08-10 23:48:02 - [TEST_STEP][PASSED] - if (i == 2 &amp;&amp; wildList.indexOf(symbol) != -1): null

2019-08-10 23:48:02 - [TEST_STEP][PASSED] - if (i == 3 &amp;&amp; wildList.indexOf(symbol) != -1): null

2019-08-10 23:48:02 - [TEST_STEP][PASSED] - if (i == 4 &amp;&amp; wildList.indexOf(symbol) != -1): null

2019-08-10 23:48:02 - [TEST_STEP][PASSED] - symbol = symbol: null

2019-08-10 23:48:02 - [TEST_STEP][PASSED] - println(symbol): null

2019-08-10 23:48:02 - [TEST_STEP][PASSED] - if (i == 2 &amp;&amp; wildList.indexOf(symbol) != -1): null

2019-08-10 23:48:02 - [TEST_STEP][PASSED] - if (i == 3 &amp;&amp; wildList.indexOf(symbol) != -1): null

2019-08-10 23:48:02 - [TEST_STEP][PASSED] - if (i == 4 &amp;&amp; wildList.indexOf(symbol) != -1): null

2019-08-10 23:48:02 - [TEST_STEP][PASSED] - symbol = symbol: null

2019-08-10 23:48:02 - [TEST_STEP][PASSED] - println(symbol): null

2019-08-10 23:48:02 - [TEST_STEP][PASSED] - if (i == 2 &amp;&amp; wildList.indexOf(symbol) != -1): null

2019-08-10 23:48:02 - [TEST_STEP][PASSED] - if (i == 3 &amp;&amp; wildList.indexOf(symbol) != -1): null

2019-08-10 23:48:02 - [TEST_STEP][PASSED] - if (i == 4 &amp;&amp; wildList.indexOf(symbol) != -1): null

2019-08-10 23:48:02 - [TEST_STEP][PASSED] - symbols = symbols: null

2019-08-10 23:48:02 - [TEST_STEP][PASSED] - for ([j = 0, j &lt; symbols.size(), (j++)]): null

2019-08-10 23:48:02 - [TEST_STEP][PASSED] - symbol = symbol: null

2019-08-10 23:48:02 - [TEST_STEP][PASSED] - println(symbol): null

2019-08-10 23:48:02 - [TEST_STEP][PASSED] - if (i == 2 &amp;&amp; wildList.indexOf(symbol) != -1): null

2019-08-10 23:48:02 - [TEST_STEP][PASSED] - if (i == 3 &amp;&amp; wildList.indexOf(symbol) != -1): null

2019-08-10 23:48:02 - [TEST_STEP][PASSED] - if (i == 4 &amp;&amp; wildList.indexOf(symbol) != -1): null

2019-08-10 23:48:02 - [TEST_STEP][PASSED] - symbol = symbol: null

2019-08-10 23:48:02 - [TEST_STEP][PASSED] - println(symbol): null

2019-08-10 23:48:02 - [TEST_STEP][PASSED] - if (i == 2 &amp;&amp; wildList.indexOf(symbol) != -1): null

2019-08-10 23:48:02 - [TEST_STEP][PASSED] - if (i == 3 &amp;&amp; wildList.indexOf(symbol) != -1): null

2019-08-10 23:48:02 - [TEST_STEP][PASSED] - if (i == 4 &amp;&amp; wildList.indexOf(symbol) != -1): null

2019-08-10 23:48:02 - [TEST_STEP][PASSED] - symbol = symbol: null

2019-08-10 23:48:02 - [TEST_STEP][PASSED] - println(symbol): null

2019-08-10 23:48:02 - [TEST_STEP][PASSED] - if (i == 2 &amp;&amp; wildList.indexOf(symbol) != -1): null

2019-08-10 23:48:02 - [TEST_STEP][PASSED] - if (i == 3 &amp;&amp; wildList.indexOf(symbol) != -1): null

2019-08-10 23:48:02 - [TEST_STEP][PASSED] - if (i == 4 &amp;&amp; wildList.indexOf(symbol) != -1): null

2019-08-10 23:48:02 - [TEST_STEP][PASSED] - symbols = symbols: null

2019-08-10 23:48:02 - [TEST_STEP][PASSED] - for ([j = 0, j &lt; symbols.size(), (j++)]): null

2019-08-10 23:48:02 - [TEST_STEP][PASSED] - symbol = symbol: null

2019-08-10 23:48:02 - [TEST_STEP][PASSED] - println(symbol): null

2019-08-10 23:48:02 - [TEST_STEP][PASSED] - if (i == 2 &amp;&amp; wildList.indexOf(symbol) != -1): null

2019-08-10 23:48:02 - [TEST_STEP][PASSED] - if (i == 3 &amp;&amp; wildList.indexOf(symbol) != -1): null

2019-08-10 23:48:02 - [TEST_STEP][PASSED] - if (i == 4 &amp;&amp; wildList.indexOf(symbol) != -1): null

2019-08-10 23:48:02 - [TEST_STEP][PASSED] - symbol = symbol: null

2019-08-10 23:48:02 - [TEST_STEP][PASSED] - println(symbol): null

2019-08-10 23:48:02 - [TEST_STEP][PASSED] - if (i == 2 &amp;&amp; wildList.indexOf(symbol) != -1): null

2019-08-10 23:48:02 - [TEST_STEP][PASSED] - if (i == 3 &amp;&amp; wildList.indexOf(symbol) != -1): null

2019-08-10 23:48:02 - [TEST_STEP][PASSED] - if (i == 4 &amp;&amp; wildList.indexOf(symbol) != -1): null

2019-08-10 23:48:02 - [TEST_STEP][PASSED] - symbol = symbol: null

2019-08-10 23:48:02 - [TEST_STEP][PASSED] - println(symbol): null

2019-08-10 23:48:02 - [TEST_STEP][PASSED] - if (i == 2 &amp;&amp; wildList.indexOf(symbol) != -1): null

2019-08-10 23:48:02 - [TEST_STEP][PASSED] - if (i == 3 &amp;&amp; wildList.indexOf(symbol) != -1): null

2019-08-10 23:48:02 - [TEST_STEP][PASSED] - if (i == 4 &amp;&amp; wildList.indexOf(symbol) != -1): null

2019-08-10 23:48:02 - [TEST_STEP][PASSED] - symbols = symbols: null

2019-08-10 23:48:02 - [TEST_STEP][PASSED] - for ([j = 0, j &lt; symbols.size(), (j++)]): null

2019-08-10 23:48:02 - [TEST_STEP][PASSED] - symbol = symbol: null

2019-08-10 23:48:02 - [TEST_STEP][PASSED] - println(symbol): null

2019-08-10 23:48:02 - [TEST_STEP][PASSED] - if (i == 2 &amp;&amp; wildList.indexOf(symbol) != -1): null

2019-08-10 23:48:02 - [TEST_STEP][PASSED] - if (i == 3 &amp;&amp; wildList.indexOf(symbol) != -1): null

2019-08-10 23:48:02 - [TEST_STEP][PASSED] - if (i == 4 &amp;&amp; wildList.indexOf(symbol) != -1): null

2019-08-10 23:48:02 - [TEST_STEP][PASSED] - symbol = symbol: null

2019-08-10 23:48:02 - [TEST_STEP][PASSED] - println(symbol): null

2019-08-10 23:48:02 - [TEST_STEP][PASSED] - if (i == 2 &amp;&amp; wildList.indexOf(symbol) != -1): null

2019-08-10 23:48:02 - [TEST_STEP][PASSED] - if (i == 3 &amp;&amp; wildList.indexOf(symbol) != -1): null

2019-08-10 23:48:02 - [TEST_STEP][PASSED] - if (i == 4 &amp;&amp; wildList.indexOf(symbol) != -1): null

2019-08-10 23:48:02 - [TEST_STEP][PASSED] - symbol = symbol: null

2019-08-10 23:48:02 - [TEST_STEP][PASSED] - println(symbol): null

2019-08-10 23:48:02 - [TEST_STEP][PASSED] - if (i == 2 &amp;&amp; wildList.indexOf(symbol) != -1): null

2019-08-10 23:48:02 - [TEST_STEP][PASSED] - if (i == 3 &amp;&amp; wildList.indexOf(symbol) != -1): null

2019-08-10 23:48:02 - [TEST_STEP][PASSED] - if (i == 4 &amp;&amp; wildList.indexOf(symbol) != -1): null

2019-08-10 23:48:02 - [TEST_STEP][PASSED] - symbols = symbols: null

2019-08-10 23:48:02 - [TEST_STEP][PASSED] - for ([j = 0, j &lt; symbols.size(), (j++)]): null

2019-08-10 23:48:02 - [TEST_STEP][PASSED] - symbol = symbol: null

2019-08-10 23:48:02 - [TEST_STEP][PASSED] - println(symbol): null

2019-08-10 23:48:02 - [TEST_STEP][PASSED] - if (i == 2 &amp;&amp; wildList.indexOf(symbol) != -1): null

2019-08-10 23:48:02 - [TEST_STEP][PASSED] - if (i == 3 &amp;&amp; wildList.indexOf(symbol) != -1): null

2019-08-10 23:48:02 - [TEST_STEP][PASSED] - if (i == 4 &amp;&amp; wildList.indexOf(symbol) != -1): null

2019-08-10 23:48:02 - [TEST_STEP][PASSED] - symbol = symbol: null

2019-08-10 23:48:02 - [TEST_STEP][PASSED] - println(symbol): null

2019-08-10 23:48:02 - [TEST_STEP][PASSED] - if (i == 2 &amp;&amp; wildList.indexOf(symbol) != -1): null

2019-08-10 23:48:02 - [TEST_STEP][PASSED] - if (i == 3 &amp;&amp; wildList.indexOf(symbol) != -1): null

2019-08-10 23:48:02 - [TEST_STEP][PASSED] - if (i == 4 &amp;&amp; wildList.indexOf(symbol) != -1): null

2019-08-10 23:48:02 - [TEST_STEP][PASSED] - symbol = symbol: null

2019-08-10 23:48:02 - [TEST_STEP][PASSED] - println(symbol): null

2019-08-10 23:48:02 - [TEST_STEP][PASSED] - if (i == 2 &amp;&amp; wildList.indexOf(symbol) != -1): null

2019-08-10 23:48:02 - [TEST_STEP][PASSED] - if (i == 3 &amp;&amp; wildList.indexOf(symbol) != -1): null

2019-08-10 23:48:02 - [TEST_STEP][PASSED] - if (i == 4 &amp;&amp; wildList.indexOf(symbol) != -1): null

2019-08-10 23:48:02 - [TEST_STEP][PASSED] - free_spin_reel_counter = free_spin_reel_counter: null

2019-08-10 23:48:02 - [TEST_STEP][PASSED] - println("reel 3 wild found: " + free_spin_reel_counter[0]): null

2019-08-10 23:48:02 - [TEST_STEP][PASSED] - println("reel 4 wild found: " + free_spin_reel_counter[1]): null

2019-08-10 23:48:02 - [TEST_STEP][PASSED] - println("reel 5 wild found: " + free_spin_reel_counter[2]): null

2019-08-10 23:48:02 - [TEST_STEP][PASSED] - M4_spin_reels = M4_spin_reels: null

2019-08-10 23:48:02 - [TEST_STEP][PASSED] - M4_spin_reels_symbols = symbol: null

2019-08-10 23:48:02 - [TEST_STEP][PASSED] - M4_spin_reels_symbols = M4_spin_reels_symbols: null

2019-08-10 23:48:02 - [TEST_STEP][PASSED] - M4_spin_reel_wins = reel_wins: null

2019-08-10 23:48:02 - [TEST_STEP][PASSED] - M4_spin_reel_wins = M4_spin_reel_wins: null

2019-08-10 23:48:02 - [TEST_STEP][PASSED] - println("GlobalVariable.M4_spin_reel_wins is: " + M4_spin_reel_wins): null

2019-08-10 23:48:02 - [TEST_STEP][PASSED] - M4_spin_total_bonus_win_this_round = total_bonus_win_this_round: null

2019-08-10 23:48:02 - [TEST_STEP][PASSED] - M4_spin_total_bonus_win_this_round = M4_spin_total_bonus_win_this_round: null

2019-08-10 23:48:02 - [TEST_STEP][PASSED] - println("GlobalVariable.M4_spin_total_bonus_win_this_round is: " + M4_spin_total_bonus_win_this_round): null

2019-08-10 23:48:02 - [MESSAGE][PASSED] - Verify response successfully

2019-08-10 23:48:02 - [MESSAGE][PASSED] - Send request and verify the response successfully

2019-08-10 23:48:02 - [TEST_STEP][PASSED] - if (M4_total_bonus_spins_int != 0 &amp;&amp; M4_spin_reels_symbols[2].contains("WILD_ExtraFG") || M4_spin_reels_symbols[3].contains("WILD_ExtraFG")): null

2019-08-10 23:48:02 - [TEST_STEP][PASSED] - free_spin_reel_counter = free_spin_reel_counter: null

2019-08-10 23:48:02 - [TEST_STEP][PASSED] - M4_spin_reels_symbols = M4_spin_reels_symbols: null

2019-08-10 23:48:02 - [TEST_STEP][PASSED] - M4_total_bonus_spins = M4_total_bonus_spins: null

2019-08-10 23:48:02 - [TEST_STEP][PASSED] - spin_result = sendRequestAndVerify(findTestObject("RGS(M4)/1_M4_spin", ["M4_login_user_id":M4_login_user_id, "rgs_session_token":rgs_session_token, "partner":Partner])): Send request and verify the response successfully

2019-08-10 23:48:02 - [TEST_CASE][PASSED] - Start Test Case : Verification: Verification accomplished successfully

2019-08-10 23:48:03 - [TEST_STEP][PASSED] - request = getInstance().getCurrentRequest(): null

2019-08-10 23:48:03 - [TEST_STEP][PASSED] - response = getInstance().getCurrentResponse(): null

2019-08-10 23:48:03 - [TEST_STEP][PASSED] - verifyResponseStatusCode(response, 200): Verify response status code successfully

2019-08-10 23:48:03 - [MESSAGE][PASSED] - Verify response status code successfully

2019-08-10 23:48:03 - [TEST_STEP][PASSED] - getStatusCode()).isEqualTo(200): null

2019-08-10 23:48:03 - [TEST_STEP][PASSED] - newline = System.getProperty("line.separator"): null

2019-08-10 23:48:03 - [TEST_STEP][PASSED] - M4_spin = new groovy.json.JsonSlurper(): null

2019-08-10 23:48:03 - [TEST_STEP][PASSED] - result_M4_spin = M4_spin.parseText(response.getResponseBodyContent()): null

2019-08-10 23:48:03 - [TEST_STEP][PASSED] - M4_spin_current_balance = current_balance: null

2019-08-10 23:48:03 - [TEST_STEP][PASSED] - M4_spin_current_balance = M4_spin_current_balance: null

2019-08-10 23:48:03 - [TEST_STEP][PASSED] - M4_spin_transaction_id = causality: null

2019-08-10 23:48:03 - [TEST_STEP][PASSED] - M4_spin_transaction_id = M4_spin_transaction_id: null

2019-08-10 23:48:03 - [TEST_STEP][PASSED] - M4_spin_round_id = round_id: null

2019-08-10 23:48:03 - [TEST_STEP][PASSED] - M4_spin_round_id = M4_spin_round_id: null

2019-08-10 23:48:03 - [TEST_STEP][PASSED] - M4_spin_line_wins = line_wins: null

2019-08-10 23:48:03 - [TEST_STEP][PASSED] - M4_spin_line_wins = M4_spin_line_wins: null

2019-08-10 23:48:03 - [TEST_STEP][PASSED] - M4_total_bonus_spins_int = total_bonus_spins: null

2019-08-10 23:48:03 - [TEST_STEP][PASSED] - println("******M4_total_bonus_spins type is:*******" + newline + getClass().getName()): null

2019-08-10 23:48:03 - [TEST_STEP][PASSED] - M4_total_bonus_spins_int = M4_total_bonus_spins_int: null

2019-08-10 23:48:03 - [TEST_STEP][PASSED] - M4_total_bonus_spins = Integer.toString(M4_total_bonus_spins_int): null

2019-08-10 23:48:03 - [TEST_STEP][PASSED] - M4_total_bonus_spins = M4_total_bonus_spins: null

2019-08-10 23:48:03 - [TEST_STEP][PASSED] - println("M4_total_bonus_spins is:" + M4_total_bonus_spins): null

2019-08-10 23:48:03 - [TEST_STEP][PASSED] - M4_spin_bonus_data = bonus_data: null

2019-08-10 23:48:03 - [TEST_STEP][PASSED] - M4_spin_features_triggered = result_M4_spin: null

2019-08-10 23:48:03 - [TEST_STEP][PASSED] - wild = []: null

2019-08-10 23:48:03 - [TEST_STEP][PASSED] - wild[0] = "WILD_Expanding": null

2019-08-10 23:48:03 - [TEST_STEP][PASSED] - wild[1] = "WILD_Normal": null

2019-08-10 23:48:03 - [TEST_STEP][PASSED] - wild[2] = "WILD_Double": null

2019-08-10 23:48:03 - [TEST_STEP][PASSED] - wild[3] = "WILD_ExtraFG": null

2019-08-10 23:48:03 - [TEST_STEP][PASSED] - wild[4] = "WILD_Triple": null

2019-08-10 23:48:03 - [TEST_STEP][PASSED] - wildList = Arrays.asList(wild): null

2019-08-10 23:48:03 - [TEST_STEP][PASSED] - wildList = wildList: null

2019-08-10 23:48:03 - [TEST_STEP][PASSED] - free_spin_reel_counter = []: null

2019-08-10 23:48:03 - [TEST_STEP][PASSED] - free_spin_reel_counter[0] = 0: null

2019-08-10 23:48:03 - [TEST_STEP][PASSED] - free_spin_reel_counter[1] = 0: null

2019-08-10 23:48:03 - [TEST_STEP][PASSED] - free_spin_reel_counter[2] = 0: null

2019-08-10 23:48:03 - [TEST_STEP][PASSED] - M4_spin_reels = reels: null

2019-08-10 23:48:03 - [TEST_STEP][PASSED] - for ([i = 0, i &lt; M4_spin_reels.size(), (i++)]): null

2019-08-10 23:48:03 - [TEST_STEP][PASSED] - symbols = symbols: null

2019-08-10 23:48:03 - [TEST_STEP][PASSED] - for ([j = 0, j &lt; symbols.size(), (j++)]): null

2019-08-10 23:48:03 - [TEST_STEP][PASSED] - symbol = symbol: null

2019-08-10 23:48:03 - [TEST_STEP][PASSED] - println(symbol): null

2019-08-10 23:48:03 - [TEST_STEP][PASSED] - if (i == 2 &amp;&amp; wildList.indexOf(symbol) != -1): null

2019-08-10 23:48:03 - [TEST_STEP][PASSED] - if (i == 3 &amp;&amp; wildList.indexOf(symbol) != -1): null

2019-08-10 23:48:03 - [TEST_STEP][PASSED] - if (i == 4 &amp;&amp; wildList.indexOf(symbol) != -1): null

2019-08-10 23:48:03 - [TEST_STEP][PASSED] - symbol = symbol: null

2019-08-10 23:48:03 - [TEST_STEP][PASSED] - println(symbol): null

2019-08-10 23:48:03 - [TEST_STEP][PASSED] - if (i == 2 &amp;&amp; wildList.indexOf(symbol) != -1): null

2019-08-10 23:48:03 - [TEST_STEP][PASSED] - if (i == 3 &amp;&amp; wildList.indexOf(symbol) != -1): null

2019-08-10 23:48:03 - [TEST_STEP][PASSED] - if (i == 4 &amp;&amp; wildList.indexOf(symbol) != -1): null

2019-08-10 23:48:03 - [TEST_STEP][PASSED] - symbol = symbol: null

2019-08-10 23:48:03 - [TEST_STEP][PASSED] - println(symbol): null

2019-08-10 23:48:03 - [TEST_STEP][PASSED] - if (i == 2 &amp;&amp; wildList.indexOf(symbol) != -1): null

2019-08-10 23:48:03 - [TEST_STEP][PASSED] - if (i == 3 &amp;&amp; wildList.indexOf(symbol) != -1): null

2019-08-10 23:48:03 - [TEST_STEP][PASSED] - if (i == 4 &amp;&amp; wildList.indexOf(symbol) != -1): null

2019-08-10 23:48:03 - [TEST_STEP][PASSED] - symbols = symbols: null

2019-08-10 23:48:03 - [TEST_STEP][PASSED] - for ([j = 0, j &lt; symbols.size(), (j++)]): null

2019-08-10 23:48:03 - [TEST_STEP][PASSED] - symbol = symbol: null

2019-08-10 23:48:03 - [TEST_STEP][PASSED] - println(symbol): null

2019-08-10 23:48:03 - [TEST_STEP][PASSED] - if (i == 2 &amp;&amp; wildList.indexOf(symbol) != -1): null

2019-08-10 23:48:03 - [TEST_STEP][PASSED] - if (i == 3 &amp;&amp; wildList.indexOf(symbol) != -1): null

2019-08-10 23:48:03 - [TEST_STEP][PASSED] - if (i == 4 &amp;&amp; wildList.indexOf(symbol) != -1): null

2019-08-10 23:48:03 - [TEST_STEP][PASSED] - symbol = symbol: null

2019-08-10 23:48:03 - [TEST_STEP][PASSED] - println(symbol): null

2019-08-10 23:48:03 - [TEST_STEP][PASSED] - if (i == 2 &amp;&amp; wildList.indexOf(symbol) != -1): null

2019-08-10 23:48:03 - [TEST_STEP][PASSED] - if (i == 3 &amp;&amp; wildList.indexOf(symbol) != -1): null

2019-08-10 23:48:03 - [TEST_STEP][PASSED] - if (i == 4 &amp;&amp; wildList.indexOf(symbol) != -1): null

2019-08-10 23:48:03 - [TEST_STEP][PASSED] - symbol = symbol: null

2019-08-10 23:48:03 - [TEST_STEP][PASSED] - println(symbol): null

2019-08-10 23:48:03 - [TEST_STEP][PASSED] - if (i == 2 &amp;&amp; wildList.indexOf(symbol) != -1): null

2019-08-10 23:48:03 - [TEST_STEP][PASSED] - if (i == 3 &amp;&amp; wildList.indexOf(symbol) != -1): null

2019-08-10 23:48:03 - [TEST_STEP][PASSED] - if (i == 4 &amp;&amp; wildList.indexOf(symbol) != -1): null

2019-08-10 23:48:03 - [TEST_STEP][PASSED] - symbols = symbols: null

2019-08-10 23:48:03 - [TEST_STEP][PASSED] - for ([j = 0, j &lt; symbols.size(), (j++)]): null

2019-08-10 23:48:03 - [TEST_STEP][PASSED] - symbol = symbol: null

2019-08-10 23:48:03 - [TEST_STEP][PASSED] - println(symbol): null

2019-08-10 23:48:03 - [TEST_STEP][PASSED] - if (i == 2 &amp;&amp; wildList.indexOf(symbol) != -1): null

2019-08-10 23:48:03 - [TEST_STEP][PASSED] - if (i == 3 &amp;&amp; wildList.indexOf(symbol) != -1): null

2019-08-10 23:48:03 - [TEST_STEP][PASSED] - if (i == 4 &amp;&amp; wildList.indexOf(symbol) != -1): null

2019-08-10 23:48:03 - [TEST_STEP][PASSED] - symbol = symbol: null

2019-08-10 23:48:03 - [TEST_STEP][PASSED] - println(symbol): null

2019-08-10 23:48:03 - [TEST_STEP][PASSED] - if (i == 2 &amp;&amp; wildList.indexOf(symbol) != -1): null

2019-08-10 23:48:03 - [TEST_STEP][PASSED] - if (i == 3 &amp;&amp; wildList.indexOf(symbol) != -1): null

2019-08-10 23:48:03 - [TEST_STEP][PASSED] - if (i == 4 &amp;&amp; wildList.indexOf(symbol) != -1): null

2019-08-10 23:48:03 - [TEST_STEP][PASSED] - symbol = symbol: null

2019-08-10 23:48:03 - [TEST_STEP][PASSED] - println(symbol): null

2019-08-10 23:48:03 - [TEST_STEP][PASSED] - if (i == 2 &amp;&amp; wildList.indexOf(symbol) != -1): null

2019-08-10 23:48:03 - [TEST_STEP][PASSED] - if (i == 3 &amp;&amp; wildList.indexOf(symbol) != -1): null

2019-08-10 23:48:03 - [TEST_STEP][PASSED] - if (i == 4 &amp;&amp; wildList.indexOf(symbol) != -1): null

2019-08-10 23:48:03 - [TEST_STEP][PASSED] - symbols = symbols: null

2019-08-10 23:48:03 - [TEST_STEP][PASSED] - for ([j = 0, j &lt; symbols.size(), (j++)]): null

2019-08-10 23:48:03 - [TEST_STEP][PASSED] - symbol = symbol: null

2019-08-10 23:48:03 - [TEST_STEP][PASSED] - println(symbol): null

2019-08-10 23:48:03 - [TEST_STEP][PASSED] - if (i == 2 &amp;&amp; wildList.indexOf(symbol) != -1): null

2019-08-10 23:48:03 - [TEST_STEP][PASSED] - if (i == 3 &amp;&amp; wildList.indexOf(symbol) != -1): null

2019-08-10 23:48:03 - [TEST_STEP][PASSED] - if (i == 4 &amp;&amp; wildList.indexOf(symbol) != -1): null

2019-08-10 23:48:03 - [TEST_STEP][PASSED] - symbol = symbol: null

2019-08-10 23:48:03 - [TEST_STEP][PASSED] - println(symbol): null

2019-08-10 23:48:03 - [TEST_STEP][PASSED] - if (i == 2 &amp;&amp; wildList.indexOf(symbol) != -1): null

2019-08-10 23:48:03 - [TEST_STEP][PASSED] - if (i == 3 &amp;&amp; wildList.indexOf(symbol) != -1): null

2019-08-10 23:48:03 - [TEST_STEP][PASSED] - if (i == 4 &amp;&amp; wildList.indexOf(symbol) != -1): null

2019-08-10 23:48:03 - [TEST_STEP][PASSED] - symbol = symbol: null

2019-08-10 23:48:03 - [TEST_STEP][PASSED] - println(symbol): null

2019-08-10 23:48:03 - [TEST_STEP][PASSED] - if (i == 2 &amp;&amp; wildList.indexOf(symbol) != -1): null

2019-08-10 23:48:03 - [TEST_STEP][PASSED] - if (i == 3 &amp;&amp; wildList.indexOf(symbol) != -1): null

2019-08-10 23:48:03 - [TEST_STEP][PASSED] - if (i == 4 &amp;&amp; wildList.indexOf(symbol) != -1): null

2019-08-10 23:48:03 - [TEST_STEP][PASSED] - symbols = symbols: null

2019-08-10 23:48:03 - [TEST_STEP][PASSED] - for ([j = 0, j &lt; symbols.size(), (j++)]): null

2019-08-10 23:48:03 - [TEST_STEP][PASSED] - symbol = symbol: null

2019-08-10 23:48:03 - [TEST_STEP][PASSED] - println(symbol): null

2019-08-10 23:48:03 - [TEST_STEP][PASSED] - if (i == 2 &amp;&amp; wildList.indexOf(symbol) != -1): null

2019-08-10 23:48:03 - [TEST_STEP][PASSED] - if (i == 3 &amp;&amp; wildList.indexOf(symbol) != -1): null

2019-08-10 23:48:03 - [TEST_STEP][PASSED] - if (i == 4 &amp;&amp; wildList.indexOf(symbol) != -1): null

2019-08-10 23:48:03 - [TEST_STEP][PASSED] - symbol = symbol: null

2019-08-10 23:48:03 - [TEST_STEP][PASSED] - println(symbol): null

2019-08-10 23:48:03 - [TEST_STEP][PASSED] - if (i == 2 &amp;&amp; wildList.indexOf(symbol) != -1): null

2019-08-10 23:48:03 - [TEST_STEP][PASSED] - if (i == 3 &amp;&amp; wildList.indexOf(symbol) != -1): null

2019-08-10 23:48:03 - [TEST_STEP][PASSED] - if (i == 4 &amp;&amp; wildList.indexOf(symbol) != -1): null

2019-08-10 23:48:03 - [TEST_STEP][PASSED] - symbol = symbol: null

2019-08-10 23:48:03 - [TEST_STEP][PASSED] - println(symbol): null

2019-08-10 23:48:03 - [TEST_STEP][PASSED] - if (i == 2 &amp;&amp; wildList.indexOf(symbol) != -1): null

2019-08-10 23:48:03 - [TEST_STEP][PASSED] - if (i == 3 &amp;&amp; wildList.indexOf(symbol) != -1): null

2019-08-10 23:48:03 - [TEST_STEP][PASSED] - if (i == 4 &amp;&amp; wildList.indexOf(symbol) != -1): null

2019-08-10 23:48:03 - [TEST_STEP][PASSED] - free_spin_reel_counter = free_spin_reel_counter: null

2019-08-10 23:48:03 - [TEST_STEP][PASSED] - println("reel 3 wild found: " + free_spin_reel_counter[0]): null

2019-08-10 23:48:03 - [TEST_STEP][PASSED] - println("reel 4 wild found: " + free_spin_reel_counter[1]): null

2019-08-10 23:48:03 - [TEST_STEP][PASSED] - println("reel 5 wild found: " + free_spin_reel_counter[2]): null

2019-08-10 23:48:03 - [TEST_STEP][PASSED] - M4_spin_reels = M4_spin_reels: null

2019-08-10 23:48:03 - [TEST_STEP][PASSED] - M4_spin_reels_symbols = symbol: null

2019-08-10 23:48:03 - [TEST_STEP][PASSED] - M4_spin_reels_symbols = M4_spin_reels_symbols: null

2019-08-10 23:48:03 - [TEST_STEP][PASSED] - M4_spin_reel_wins = reel_wins: null

2019-08-10 23:48:03 - [TEST_STEP][PASSED] - M4_spin_reel_wins = M4_spin_reel_wins: null

2019-08-10 23:48:03 - [TEST_STEP][PASSED] - println("GlobalVariable.M4_spin_reel_wins is: " + M4_spin_reel_wins): null

2019-08-10 23:48:03 - [TEST_STEP][PASSED] - M4_spin_total_bonus_win_this_round = total_bonus_win_this_round: null

2019-08-10 23:48:03 - [TEST_STEP][PASSED] - M4_spin_total_bonus_win_this_round = M4_spin_total_bonus_win_this_round: null

2019-08-10 23:48:03 - [TEST_STEP][PASSED] - println("GlobalVariable.M4_spin_total_bonus_win_this_round is: " + M4_spin_total_bonus_win_this_round): null

2019-08-10 23:48:03 - [MESSAGE][PASSED] - Verify response successfully

2019-08-10 23:48:03 - [MESSAGE][PASSED] - Send request and verify the response successfully

2019-08-10 23:48:03 - [TEST_STEP][PASSED] - if (M4_total_bonus_spins_int != 0 &amp;&amp; M4_spin_reels_symbols[2].contains("WILD_ExtraFG") || M4_spin_reels_symbols[3].contains("WILD_ExtraFG")): null

2019-08-10 23:48:03 - [TEST_STEP][PASSED] - free_spin_reel_counter = free_spin_reel_counter: null

2019-08-10 23:48:03 - [TEST_STEP][PASSED] - M4_spin_reels_symbols = M4_spin_reels_symbols: null

2019-08-10 23:48:03 - [TEST_STEP][PASSED] - M4_total_bonus_spins = M4_total_bonus_spins: null

2019-08-10 23:48:03 - [TEST_STEP][PASSED] - spin_result = sendRequestAndVerify(findTestObject("RGS(M4)/1_M4_spin", ["M4_login_user_id":M4_login_user_id, "rgs_session_token":rgs_session_token, "partner":Partner])): Send request and verify the response successfully

2019-08-10 23:48:03 - [TEST_CASE][PASSED] - Start Test Case : Verification: Verification accomplished successfully

2019-08-10 23:48:03 - [TEST_STEP][PASSED] - request = getInstance().getCurrentRequest(): null

2019-08-10 23:48:03 - [TEST_STEP][PASSED] - response = getInstance().getCurrentResponse(): null

2019-08-10 23:48:03 - [TEST_STEP][PASSED] - verifyResponseStatusCode(response, 200): Verify response status code successfully

2019-08-10 23:48:03 - [MESSAGE][PASSED] - Verify response status code successfully

2019-08-10 23:48:03 - [TEST_STEP][PASSED] - getStatusCode()).isEqualTo(200): null

2019-08-10 23:48:03 - [TEST_STEP][PASSED] - newline = System.getProperty("line.separator"): null

2019-08-10 23:48:03 - [TEST_STEP][PASSED] - M4_spin = new groovy.json.JsonSlurper(): null

2019-08-10 23:48:03 - [TEST_STEP][PASSED] - result_M4_spin = M4_spin.parseText(response.getResponseBodyContent()): null

2019-08-10 23:48:03 - [TEST_STEP][PASSED] - M4_spin_current_balance = current_balance: null

2019-08-10 23:48:03 - [TEST_STEP][PASSED] - M4_spin_current_balance = M4_spin_current_balance: null

2019-08-10 23:48:03 - [TEST_STEP][PASSED] - M4_spin_transaction_id = causality: null

2019-08-10 23:48:03 - [TEST_STEP][PASSED] - M4_spin_transaction_id = M4_spin_transaction_id: null

2019-08-10 23:48:03 - [TEST_STEP][PASSED] - M4_spin_round_id = round_id: null

2019-08-10 23:48:03 - [TEST_STEP][PASSED] - M4_spin_round_id = M4_spin_round_id: null

2019-08-10 23:48:03 - [TEST_STEP][PASSED] - M4_spin_line_wins = line_wins: null

2019-08-10 23:48:03 - [TEST_STEP][PASSED] - M4_spin_line_wins = M4_spin_line_wins: null

2019-08-10 23:48:03 - [TEST_STEP][PASSED] - M4_total_bonus_spins_int = total_bonus_spins: null

2019-08-10 23:48:03 - [TEST_STEP][PASSED] - println("******M4_total_bonus_spins type is:*******" + newline + getClass().getName()): null

2019-08-10 23:48:03 - [TEST_STEP][PASSED] - M4_total_bonus_spins_int = M4_total_bonus_spins_int: null

2019-08-10 23:48:03 - [TEST_STEP][PASSED] - M4_total_bonus_spins = Integer.toString(M4_total_bonus_spins_int): null

2019-08-10 23:48:03 - [TEST_STEP][PASSED] - M4_total_bonus_spins = M4_total_bonus_spins: null

2019-08-10 23:48:03 - [TEST_STEP][PASSED] - println("M4_total_bonus_spins is:" + M4_total_bonus_spins): null

2019-08-10 23:48:03 - [TEST_STEP][PASSED] - M4_spin_bonus_data = bonus_data: null

2019-08-10 23:48:03 - [TEST_STEP][PASSED] - M4_spin_features_triggered = result_M4_spin: null

2019-08-10 23:48:03 - [TEST_STEP][PASSED] - wild = []: null

2019-08-10 23:48:03 - [TEST_STEP][PASSED] - wild[0] = "WILD_Expanding": null

2019-08-10 23:48:03 - [TEST_STEP][PASSED] - wild[1] = "WILD_Normal": null

2019-08-10 23:48:03 - [TEST_STEP][PASSED] - wild[2] = "WILD_Double": null

2019-08-10 23:48:03 - [TEST_STEP][PASSED] - wild[3] = "WILD_ExtraFG": null

2019-08-10 23:48:03 - [TEST_STEP][PASSED] - wild[4] = "WILD_Triple": null

2019-08-10 23:48:03 - [TEST_STEP][PASSED] - wildList = Arrays.asList(wild): null

2019-08-10 23:48:03 - [TEST_STEP][PASSED] - wildList = wildList: null

2019-08-10 23:48:03 - [TEST_STEP][PASSED] - free_spin_reel_counter = []: null

2019-08-10 23:48:03 - [TEST_STEP][PASSED] - free_spin_reel_counter[0] = 0: null

2019-08-10 23:48:03 - [TEST_STEP][PASSED] - free_spin_reel_counter[1] = 0: null

2019-08-10 23:48:03 - [TEST_STEP][PASSED] - free_spin_reel_counter[2] = 0: null

2019-08-10 23:48:03 - [TEST_STEP][PASSED] - M4_spin_reels = reels: null

2019-08-10 23:48:03 - [TEST_STEP][PASSED] - for ([i = 0, i &lt; M4_spin_reels.size(), (i++)]): null

2019-08-10 23:48:03 - [TEST_STEP][PASSED] - symbols = symbols: null

2019-08-10 23:48:03 - [TEST_STEP][PASSED] - for ([j = 0, j &lt; symbols.size(), (j++)]): null

2019-08-10 23:48:03 - [TEST_STEP][PASSED] - symbol = symbol: null

2019-08-10 23:48:03 - [TEST_STEP][PASSED] - println(symbol): null

2019-08-10 23:48:03 - [TEST_STEP][PASSED] - if (i == 2 &amp;&amp; wildList.indexOf(symbol) != -1): null

2019-08-10 23:48:03 - [TEST_STEP][PASSED] - if (i == 3 &amp;&amp; wildList.indexOf(symbol) != -1): null

2019-08-10 23:48:03 - [TEST_STEP][PASSED] - if (i == 4 &amp;&amp; wildList.indexOf(symbol) != -1): null

2019-08-10 23:48:03 - [TEST_STEP][PASSED] - symbol = symbol: null

2019-08-10 23:48:03 - [TEST_STEP][PASSED] - println(symbol): null

2019-08-10 23:48:03 - [TEST_STEP][PASSED] - if (i == 2 &amp;&amp; wildList.indexOf(symbol) != -1): null

2019-08-10 23:48:03 - [TEST_STEP][PASSED] - if (i == 3 &amp;&amp; wildList.indexOf(symbol) != -1): null

2019-08-10 23:48:03 - [TEST_STEP][PASSED] - if (i == 4 &amp;&amp; wildList.indexOf(symbol) != -1): null

2019-08-10 23:48:03 - [TEST_STEP][PASSED] - symbol = symbol: null

2019-08-10 23:48:03 - [TEST_STEP][PASSED] - println(symbol): null

2019-08-10 23:48:03 - [TEST_STEP][PASSED] - if (i == 2 &amp;&amp; wildList.indexOf(symbol) != -1): null

2019-08-10 23:48:03 - [TEST_STEP][PASSED] - if (i == 3 &amp;&amp; wildList.indexOf(symbol) != -1): null

2019-08-10 23:48:03 - [TEST_STEP][PASSED] - if (i == 4 &amp;&amp; wildList.indexOf(symbol) != -1): null

2019-08-10 23:48:03 - [TEST_STEP][PASSED] - symbols = symbols: null

2019-08-10 23:48:03 - [TEST_STEP][PASSED] - for ([j = 0, j &lt; symbols.size(), (j++)]): null

2019-08-10 23:48:03 - [TEST_STEP][PASSED] - symbol = symbol: null

2019-08-10 23:48:03 - [TEST_STEP][PASSED] - println(symbol): null

2019-08-10 23:48:03 - [TEST_STEP][PASSED] - if (i == 2 &amp;&amp; wildList.indexOf(symbol) != -1): null

2019-08-10 23:48:03 - [TEST_STEP][PASSED] - if (i == 3 &amp;&amp; wildList.indexOf(symbol) != -1): null

2019-08-10 23:48:03 - [TEST_STEP][PASSED] - if (i == 4 &amp;&amp; wildList.indexOf(symbol) != -1): null

2019-08-10 23:48:03 - [TEST_STEP][PASSED] - symbol = symbol: null

2019-08-10 23:48:03 - [TEST_STEP][PASSED] - println(symbol): null

2019-08-10 23:48:03 - [TEST_STEP][PASSED] - if (i == 2 &amp;&amp; wildList.indexOf(symbol) != -1): null

2019-08-10 23:48:03 - [TEST_STEP][PASSED] - if (i == 3 &amp;&amp; wildList.indexOf(symbol) != -1): null

2019-08-10 23:48:03 - [TEST_STEP][PASSED] - if (i == 4 &amp;&amp; wildList.indexOf(symbol) != -1): null

2019-08-10 23:48:03 - [TEST_STEP][PASSED] - symbol = symbol: null

2019-08-10 23:48:03 - [TEST_STEP][PASSED] - println(symbol): null

2019-08-10 23:48:03 - [TEST_STEP][PASSED] - if (i == 2 &amp;&amp; wildList.indexOf(symbol) != -1): null

2019-08-10 23:48:03 - [TEST_STEP][PASSED] - if (i == 3 &amp;&amp; wildList.indexOf(symbol) != -1): null

2019-08-10 23:48:03 - [TEST_STEP][PASSED] - if (i == 4 &amp;&amp; wildList.indexOf(symbol) != -1): null

2019-08-10 23:48:03 - [TEST_STEP][PASSED] - symbols = symbols: null

2019-08-10 23:48:03 - [TEST_STEP][PASSED] - for ([j = 0, j &lt; symbols.size(), (j++)]): null

2019-08-10 23:48:03 - [TEST_STEP][PASSED] - symbol = symbol: null

2019-08-10 23:48:03 - [TEST_STEP][PASSED] - println(symbol): null

2019-08-10 23:48:03 - [TEST_STEP][PASSED] - if (i == 2 &amp;&amp; wildList.indexOf(symbol) != -1): null

2019-08-10 23:48:03 - [TEST_STEP][PASSED] - if (i == 3 &amp;&amp; wildList.indexOf(symbol) != -1): null

2019-08-10 23:48:03 - [TEST_STEP][PASSED] - if (i == 4 &amp;&amp; wildList.indexOf(symbol) != -1): null

2019-08-10 23:48:03 - [TEST_STEP][PASSED] - symbol = symbol: null

2019-08-10 23:48:03 - [TEST_STEP][PASSED] - println(symbol): null

2019-08-10 23:48:03 - [TEST_STEP][PASSED] - if (i == 2 &amp;&amp; wildList.indexOf(symbol) != -1): null

2019-08-10 23:48:03 - [TEST_STEP][PASSED] - if (i == 3 &amp;&amp; wildList.indexOf(symbol) != -1): null

2019-08-10 23:48:03 - [TEST_STEP][PASSED] - if (i == 4 &amp;&amp; wildList.indexOf(symbol) != -1): null

2019-08-10 23:48:03 - [TEST_STEP][PASSED] - symbol = symbol: null

2019-08-10 23:48:03 - [TEST_STEP][PASSED] - println(symbol): null

2019-08-10 23:48:03 - [TEST_STEP][PASSED] - if (i == 2 &amp;&amp; wildList.indexOf(symbol) != -1): null

2019-08-10 23:48:03 - [TEST_STEP][PASSED] - println("wild found on reel 3, adding counter by 1"): null

2019-08-10 23:48:03 - [TEST_STEP][PASSED] - free_spin_reel_counter[0] = free_spin_reel_counter[0] + 1: null

2019-08-10 23:48:03 - [TEST_STEP][PASSED] - if (i == 3 &amp;&amp; wildList.indexOf(symbol) != -1): null

2019-08-10 23:48:03 - [TEST_STEP][PASSED] - if (i == 4 &amp;&amp; wildList.indexOf(symbol) != -1): null

2019-08-10 23:48:03 - [TEST_STEP][PASSED] - symbols = symbols: null

2019-08-10 23:48:03 - [TEST_STEP][PASSED] - for ([j = 0, j &lt; symbols.size(), (j++)]): null

2019-08-10 23:48:03 - [TEST_STEP][PASSED] - symbol = symbol: null

2019-08-10 23:48:03 - [TEST_STEP][PASSED] - println(symbol): null

2019-08-10 23:48:03 - [TEST_STEP][PASSED] - if (i == 2 &amp;&amp; wildList.indexOf(symbol) != -1): null

2019-08-10 23:48:03 - [TEST_STEP][PASSED] - if (i == 3 &amp;&amp; wildList.indexOf(symbol) != -1): null

2019-08-10 23:48:03 - [TEST_STEP][PASSED] - println("wild found on reel 4, adding counter by 1"): null

2019-08-10 23:48:03 - [TEST_STEP][PASSED] - free_spin_reel_counter[1] = free_spin_reel_counter[1] + 1: null

2019-08-10 23:48:03 - [TEST_STEP][PASSED] - if (i == 4 &amp;&amp; wildList.indexOf(symbol) != -1): null

2019-08-10 23:48:03 - [TEST_STEP][PASSED] - symbol = symbol: null

2019-08-10 23:48:03 - [TEST_STEP][PASSED] - println(symbol): null

2019-08-10 23:48:03 - [TEST_STEP][PASSED] - if (i == 2 &amp;&amp; wildList.indexOf(symbol) != -1): null

2019-08-10 23:48:03 - [TEST_STEP][PASSED] - if (i == 3 &amp;&amp; wildList.indexOf(symbol) != -1): null

2019-08-10 23:48:03 - [TEST_STEP][PASSED] - if (i == 4 &amp;&amp; wildList.indexOf(symbol) != -1): null

2019-08-10 23:48:03 - [TEST_STEP][PASSED] - symbol = symbol: null

2019-08-10 23:48:03 - [TEST_STEP][PASSED] - println(symbol): null

2019-08-10 23:48:03 - [TEST_STEP][PASSED] - if (i == 2 &amp;&amp; wildList.indexOf(symbol) != -1): null

2019-08-10 23:48:03 - [TEST_STEP][PASSED] - if (i == 3 &amp;&amp; wildList.indexOf(symbol) != -1): null

2019-08-10 23:48:03 - [TEST_STEP][PASSED] - if (i == 4 &amp;&amp; wildList.indexOf(symbol) != -1): null

2019-08-10 23:48:03 - [TEST_STEP][PASSED] - symbols = symbols: null

2019-08-10 23:48:03 - [TEST_STEP][PASSED] - for ([j = 0, j &lt; symbols.size(), (j++)]): null

2019-08-10 23:48:03 - [TEST_STEP][PASSED] - symbol = symbol: null

2019-08-10 23:48:03 - [TEST_STEP][PASSED] - println(symbol): null

2019-08-10 23:48:03 - [TEST_STEP][PASSED] - if (i == 2 &amp;&amp; wildList.indexOf(symbol) != -1): null

2019-08-10 23:48:03 - [TEST_STEP][PASSED] - if (i == 3 &amp;&amp; wildList.indexOf(symbol) != -1): null

2019-08-10 23:48:03 - [TEST_STEP][PASSED] - if (i == 4 &amp;&amp; wildList.indexOf(symbol) != -1): null

2019-08-10 23:48:03 - [TEST_STEP][PASSED] - symbol = symbol: null

2019-08-10 23:48:03 - [TEST_STEP][PASSED] - println(symbol): null

2019-08-10 23:48:03 - [TEST_STEP][PASSED] - if (i == 2 &amp;&amp; wildList.indexOf(symbol) != -1): null

2019-08-10 23:48:03 - [TEST_STEP][PASSED] - if (i == 3 &amp;&amp; wildList.indexOf(symbol) != -1): null

2019-08-10 23:48:03 - [TEST_STEP][PASSED] - if (i == 4 &amp;&amp; wildList.indexOf(symbol) != -1): null

2019-08-10 23:48:03 - [TEST_STEP][PASSED] - symbol = symbol: null

2019-08-10 23:48:03 - [TEST_STEP][PASSED] - println(symbol): null

2019-08-10 23:48:03 - [TEST_STEP][PASSED] - if (i == 2 &amp;&amp; wildList.indexOf(symbol) != -1): null

2019-08-10 23:48:03 - [TEST_STEP][PASSED] - if (i == 3 &amp;&amp; wildList.indexOf(symbol) != -1): null

2019-08-10 23:48:03 - [TEST_STEP][PASSED] - if (i == 4 &amp;&amp; wildList.indexOf(symbol) != -1): null

2019-08-10 23:48:03 - [TEST_STEP][PASSED] - free_spin_reel_counter = free_spin_reel_counter: null

2019-08-10 23:48:03 - [TEST_STEP][PASSED] - println("reel 3 wild found: " + free_spin_reel_counter[0]): null

2019-08-10 23:48:03 - [TEST_STEP][PASSED] - println("reel 4 wild found: " + free_spin_reel_counter[1]): null

2019-08-10 23:48:03 - [TEST_STEP][PASSED] - println("reel 5 wild found: " + free_spin_reel_counter[2]): null

2019-08-10 23:48:03 - [TEST_STEP][PASSED] - M4_spin_reels = M4_spin_reels: null

2019-08-10 23:48:03 - [TEST_STEP][PASSED] - M4_spin_reels_symbols = symbol: null

2019-08-10 23:48:03 - [TEST_STEP][PASSED] - M4_spin_reels_symbols = M4_spin_reels_symbols: null

2019-08-10 23:48:03 - [TEST_STEP][PASSED] - M4_spin_reel_wins = reel_wins: null

2019-08-10 23:48:03 - [TEST_STEP][PASSED] - M4_spin_reel_wins = M4_spin_reel_wins: null

2019-08-10 23:48:03 - [TEST_STEP][PASSED] - println("GlobalVariable.M4_spin_reel_wins is: " + M4_spin_reel_wins): null

2019-08-10 23:48:03 - [TEST_STEP][PASSED] - M4_spin_total_bonus_win_this_round = total_bonus_win_this_round: null

2019-08-10 23:48:03 - [TEST_STEP][PASSED] - M4_spin_total_bonus_win_this_round = M4_spin_total_bonus_win_this_round: null

2019-08-10 23:48:03 - [TEST_STEP][PASSED] - println("GlobalVariable.M4_spin_total_bonus_win_this_round is: " + M4_spin_total_bonus_win_this_round): null

2019-08-10 23:48:03 - [MESSAGE][PASSED] - Verify response successfully

2019-08-10 23:48:03 - [MESSAGE][PASSED] - Send request and verify the response successfully

2019-08-10 23:48:03 - [TEST_STEP][PASSED] - if (M4_total_bonus_spins_int != 0 &amp;&amp; M4_spin_reels_symbols[2].contains("WILD_ExtraFG") || M4_spin_reels_symbols[3].contains("WILD_ExtraFG")): null

2019-08-10 23:48:03 - [TEST_STEP][PASSED] - free_spin_reel_counter = free_spin_reel_counter: null

2019-08-10 23:48:03 - [TEST_STEP][PASSED] - M4_spin_reels_symbols = M4_spin_reels_symbols: null

2019-08-10 23:48:03 - [TEST_STEP][PASSED] - M4_total_bonus_spins = M4_total_bonus_spins: null

2019-08-10 23:48:03 - [TEST_STEP][PASSED] - spin_result = sendRequestAndVerify(findTestObject("RGS(M4)/1_M4_spin", ["M4_login_user_id":M4_login_user_id, "rgs_session_token":rgs_session_token, "partner":Partner])): Send request and verify the response successfully

2019-08-10 23:48:03 - [TEST_CASE][PASSED] - Start Test Case : Verification: Verification accomplished successfully

2019-08-10 23:48:03 - [TEST_STEP][PASSED] - request = getInstance().getCurrentRequest(): null

2019-08-10 23:48:04 - [TEST_STEP][PASSED] - response = getInstance().getCurrentResponse(): null

2019-08-10 23:48:04 - [TEST_STEP][PASSED] - verifyResponseStatusCode(response, 200): Verify response status code successfully

2019-08-10 23:48:04 - [MESSAGE][PASSED] - Verify response status code successfully

2019-08-10 23:48:04 - [TEST_STEP][PASSED] - getStatusCode()).isEqualTo(200): null

2019-08-10 23:48:04 - [TEST_STEP][PASSED] - newline = System.getProperty("line.separator"): null

2019-08-10 23:48:04 - [TEST_STEP][PASSED] - M4_spin = new groovy.json.JsonSlurper(): null

2019-08-10 23:48:04 - [TEST_STEP][PASSED] - result_M4_spin = M4_spin.parseText(response.getResponseBodyContent()): null

2019-08-10 23:48:04 - [TEST_STEP][PASSED] - M4_spin_current_balance = current_balance: null

2019-08-10 23:48:04 - [TEST_STEP][PASSED] - M4_spin_current_balance = M4_spin_current_balance: null

2019-08-10 23:48:04 - [TEST_STEP][PASSED] - M4_spin_transaction_id = causality: null

2019-08-10 23:48:04 - [TEST_STEP][PASSED] - M4_spin_transaction_id = M4_spin_transaction_id: null

2019-08-10 23:48:04 - [TEST_STEP][PASSED] - M4_spin_round_id = round_id: null

2019-08-10 23:48:04 - [TEST_STEP][PASSED] - M4_spin_round_id = M4_spin_round_id: null

2019-08-10 23:48:04 - [TEST_STEP][PASSED] - M4_spin_line_wins = line_wins: null

2019-08-10 23:48:04 - [TEST_STEP][PASSED] - M4_spin_line_wins = M4_spin_line_wins: null

2019-08-10 23:48:04 - [TEST_STEP][PASSED] - M4_total_bonus_spins_int = total_bonus_spins: null

2019-08-10 23:48:04 - [TEST_STEP][PASSED] - println("******M4_total_bonus_spins type is:*******" + newline + getClass().getName()): null

2019-08-10 23:48:04 - [TEST_STEP][PASSED] - M4_total_bonus_spins_int = M4_total_bonus_spins_int: null

2019-08-10 23:48:04 - [TEST_STEP][PASSED] - M4_total_bonus_spins = Integer.toString(M4_total_bonus_spins_int): null

2019-08-10 23:48:04 - [TEST_STEP][PASSED] - M4_total_bonus_spins = M4_total_bonus_spins: null

2019-08-10 23:48:04 - [TEST_STEP][PASSED] - println("M4_total_bonus_spins is:" + M4_total_bonus_spins): null

2019-08-10 23:48:04 - [TEST_STEP][PASSED] - M4_spin_bonus_data = bonus_data: null

2019-08-10 23:48:04 - [TEST_STEP][PASSED] - M4_spin_features_triggered = result_M4_spin: null

2019-08-10 23:48:04 - [TEST_STEP][PASSED] - wild = []: null

2019-08-10 23:48:04 - [TEST_STEP][PASSED] - wild[0] = "WILD_Expanding": null

2019-08-10 23:48:04 - [TEST_STEP][PASSED] - wild[1] = "WILD_Normal": null

2019-08-10 23:48:04 - [TEST_STEP][PASSED] - wild[2] = "WILD_Double": null

2019-08-10 23:48:04 - [TEST_STEP][PASSED] - wild[3] = "WILD_ExtraFG": null

2019-08-10 23:48:04 - [TEST_STEP][PASSED] - wild[4] = "WILD_Triple": null

2019-08-10 23:48:04 - [TEST_STEP][PASSED] - wildList = Arrays.asList(wild): null

2019-08-10 23:48:04 - [TEST_STEP][PASSED] - wildList = wildList: null

2019-08-10 23:48:04 - [TEST_STEP][PASSED] - free_spin_reel_counter = []: null

2019-08-10 23:48:04 - [TEST_STEP][PASSED] - free_spin_reel_counter[0] = 0: null

2019-08-10 23:48:04 - [TEST_STEP][PASSED] - free_spin_reel_counter[1] = 0: null

2019-08-10 23:48:04 - [TEST_STEP][PASSED] - free_spin_reel_counter[2] = 0: null

2019-08-10 23:48:04 - [TEST_STEP][PASSED] - M4_spin_reels = reels: null

2019-08-10 23:48:04 - [TEST_STEP][PASSED] - for ([i = 0, i &lt; M4_spin_reels.size(), (i++)]): null

2019-08-10 23:48:04 - [TEST_STEP][PASSED] - symbols = symbols: null

2019-08-10 23:48:04 - [TEST_STEP][PASSED] - for ([j = 0, j &lt; symbols.size(), (j++)]): null

2019-08-10 23:48:04 - [TEST_STEP][PASSED] - symbol = symbol: null

2019-08-10 23:48:04 - [TEST_STEP][PASSED] - println(symbol): null

2019-08-10 23:48:04 - [TEST_STEP][PASSED] - if (i == 2 &amp;&amp; wildList.indexOf(symbol) != -1): null

2019-08-10 23:48:04 - [TEST_STEP][PASSED] - if (i == 3 &amp;&amp; wildList.indexOf(symbol) != -1): null

2019-08-10 23:48:04 - [TEST_STEP][PASSED] - if (i == 4 &amp;&amp; wildList.indexOf(symbol) != -1): null

2019-08-10 23:48:04 - [TEST_STEP][PASSED] - symbol = symbol: null

2019-08-10 23:48:04 - [TEST_STEP][PASSED] - println(symbol): null

2019-08-10 23:48:04 - [TEST_STEP][PASSED] - if (i == 2 &amp;&amp; wildList.indexOf(symbol) != -1): null

2019-08-10 23:48:04 - [TEST_STEP][PASSED] - if (i == 3 &amp;&amp; wildList.indexOf(symbol) != -1): null

2019-08-10 23:48:04 - [TEST_STEP][PASSED] - if (i == 4 &amp;&amp; wildList.indexOf(symbol) != -1): null

2019-08-10 23:48:04 - [TEST_STEP][PASSED] - symbol = symbol: null

2019-08-10 23:48:04 - [TEST_STEP][PASSED] - println(symbol): null

2019-08-10 23:48:04 - [TEST_STEP][PASSED] - if (i == 2 &amp;&amp; wildList.indexOf(symbol) != -1): null

2019-08-10 23:48:04 - [TEST_STEP][PASSED] - if (i == 3 &amp;&amp; wildList.indexOf(symbol) != -1): null

2019-08-10 23:48:04 - [TEST_STEP][PASSED] - if (i == 4 &amp;&amp; wildList.indexOf(symbol) != -1): null

2019-08-10 23:48:04 - [TEST_STEP][PASSED] - symbols = symbols: null

2019-08-10 23:48:04 - [TEST_STEP][PASSED] - for ([j = 0, j &lt; symbols.size(), (j++)]): null

2019-08-10 23:48:04 - [TEST_STEP][PASSED] - symbol = symbol: null

2019-08-10 23:48:04 - [TEST_STEP][PASSED] - println(symbol): null

2019-08-10 23:48:04 - [TEST_STEP][PASSED] - if (i == 2 &amp;&amp; wildList.indexOf(symbol) != -1): null

2019-08-10 23:48:04 - [TEST_STEP][PASSED] - if (i == 3 &amp;&amp; wildList.indexOf(symbol) != -1): null

2019-08-10 23:48:04 - [TEST_STEP][PASSED] - if (i == 4 &amp;&amp; wildList.indexOf(symbol) != -1): null

2019-08-10 23:48:04 - [TEST_STEP][PASSED] - symbol = symbol: null

2019-08-10 23:48:04 - [TEST_STEP][PASSED] - println(symbol): null

2019-08-10 23:48:04 - [TEST_STEP][PASSED] - if (i == 2 &amp;&amp; wildList.indexOf(symbol) != -1): null

2019-08-10 23:48:04 - [TEST_STEP][PASSED] - if (i == 3 &amp;&amp; wildList.indexOf(symbol) != -1): null

2019-08-10 23:48:04 - [TEST_STEP][PASSED] - if (i == 4 &amp;&amp; wildList.indexOf(symbol) != -1): null

2019-08-10 23:48:04 - [TEST_STEP][PASSED] - symbol = symbol: null

2019-08-10 23:48:04 - [TEST_STEP][PASSED] - println(symbol): null

2019-08-10 23:48:04 - [TEST_STEP][PASSED] - if (i == 2 &amp;&amp; wildList.indexOf(symbol) != -1): null

2019-08-10 23:48:04 - [TEST_STEP][PASSED] - if (i == 3 &amp;&amp; wildList.indexOf(symbol) != -1): null

2019-08-10 23:48:04 - [TEST_STEP][PASSED] - if (i == 4 &amp;&amp; wildList.indexOf(symbol) != -1): null

2019-08-10 23:48:04 - [TEST_STEP][PASSED] - symbols = symbols: null

2019-08-10 23:48:04 - [TEST_STEP][PASSED] - for ([j = 0, j &lt; symbols.size(), (j++)]): null

2019-08-10 23:48:04 - [TEST_STEP][PASSED] - symbol = symbol: null

2019-08-10 23:48:04 - [TEST_STEP][PASSED] - println(symbol): null

2019-08-10 23:48:05 - [TEST_STEP][PASSED] - if (i == 2 &amp;&amp; wildList.indexOf(symbol) != -1): null

2019-08-10 23:48:05 - [TEST_STEP][PASSED] - if (i == 3 &amp;&amp; wildList.indexOf(symbol) != -1): null

2019-08-10 23:48:05 - [TEST_STEP][PASSED] - if (i == 4 &amp;&amp; wildList.indexOf(symbol) != -1): null

2019-08-10 23:48:05 - [TEST_STEP][PASSED] - symbol = symbol: null

2019-08-10 23:48:05 - [TEST_STEP][PASSED] - println(symbol): null

2019-08-10 23:48:05 - [TEST_STEP][PASSED] - if (i == 2 &amp;&amp; wildList.indexOf(symbol) != -1): null

2019-08-10 23:48:05 - [TEST_STEP][PASSED] - if (i == 3 &amp;&amp; wildList.indexOf(symbol) != -1): null

2019-08-10 23:48:05 - [TEST_STEP][PASSED] - if (i == 4 &amp;&amp; wildList.indexOf(symbol) != -1): null

2019-08-10 23:48:05 - [TEST_STEP][PASSED] - symbol = symbol: null

2019-08-10 23:48:05 - [TEST_STEP][PASSED] - println(symbol): null

2019-08-10 23:48:05 - [TEST_STEP][PASSED] - if (i == 2 &amp;&amp; wildList.indexOf(symbol) != -1): null

2019-08-10 23:48:05 - [TEST_STEP][PASSED] - if (i == 3 &amp;&amp; wildList.indexOf(symbol) != -1): null

2019-08-10 23:48:05 - [TEST_STEP][PASSED] - if (i == 4 &amp;&amp; wildList.indexOf(symbol) != -1): null

2019-08-10 23:48:05 - [TEST_STEP][PASSED] - symbols = symbols: null

2019-08-10 23:48:05 - [TEST_STEP][PASSED] - for ([j = 0, j &lt; symbols.size(), (j++)]): null

2019-08-10 23:48:05 - [TEST_STEP][PASSED] - symbol = symbol: null

2019-08-10 23:48:05 - [TEST_STEP][PASSED] - println(symbol): null

2019-08-10 23:48:05 - [TEST_STEP][PASSED] - if (i == 2 &amp;&amp; wildList.indexOf(symbol) != -1): null

2019-08-10 23:48:05 - [TEST_STEP][PASSED] - if (i == 3 &amp;&amp; wildList.indexOf(symbol) != -1): null

2019-08-10 23:48:05 - [TEST_STEP][PASSED] - if (i == 4 &amp;&amp; wildList.indexOf(symbol) != -1): null

2019-08-10 23:48:05 - [TEST_STEP][PASSED] - symbol = symbol: null

2019-08-10 23:48:05 - [TEST_STEP][PASSED] - println(symbol): null

2019-08-10 23:48:05 - [TEST_STEP][PASSED] - if (i == 2 &amp;&amp; wildList.indexOf(symbol) != -1): null

2019-08-10 23:48:05 - [TEST_STEP][PASSED] - if (i == 3 &amp;&amp; wildList.indexOf(symbol) != -1): null

2019-08-10 23:48:05 - [TEST_STEP][PASSED] - if (i == 4 &amp;&amp; wildList.indexOf(symbol) != -1): null

2019-08-10 23:48:05 - [TEST_STEP][PASSED] - symbol = symbol: null

2019-08-10 23:48:05 - [TEST_STEP][PASSED] - println(symbol): null

2019-08-10 23:48:05 - [TEST_STEP][PASSED] - if (i == 2 &amp;&amp; wildList.indexOf(symbol) != -1): null

2019-08-10 23:48:05 - [TEST_STEP][PASSED] - if (i == 3 &amp;&amp; wildList.indexOf(symbol) != -1): null

2019-08-10 23:48:05 - [TEST_STEP][PASSED] - if (i == 4 &amp;&amp; wildList.indexOf(symbol) != -1): null

2019-08-10 23:48:05 - [TEST_STEP][PASSED] - symbols = symbols: null

2019-08-10 23:48:05 - [TEST_STEP][PASSED] - for ([j = 0, j &lt; symbols.size(), (j++)]): null

2019-08-10 23:48:05 - [TEST_STEP][PASSED] - symbol = symbol: null

2019-08-10 23:48:05 - [TEST_STEP][PASSED] - println(symbol): null

2019-08-10 23:48:05 - [TEST_STEP][PASSED] - if (i == 2 &amp;&amp; wildList.indexOf(symbol) != -1): null

2019-08-10 23:48:05 - [TEST_STEP][PASSED] - if (i == 3 &amp;&amp; wildList.indexOf(symbol) != -1): null

2019-08-10 23:48:05 - [TEST_STEP][PASSED] - if (i == 4 &amp;&amp; wildList.indexOf(symbol) != -1): null

2019-08-10 23:48:05 - [TEST_STEP][PASSED] - symbol = symbol: null

2019-08-10 23:48:05 - [TEST_STEP][PASSED] - println(symbol): null

2019-08-10 23:48:05 - [TEST_STEP][PASSED] - if (i == 2 &amp;&amp; wildList.indexOf(symbol) != -1): null

2019-08-10 23:48:05 - [TEST_STEP][PASSED] - if (i == 3 &amp;&amp; wildList.indexOf(symbol) != -1): null

2019-08-10 23:48:05 - [TEST_STEP][PASSED] - if (i == 4 &amp;&amp; wildList.indexOf(symbol) != -1): null

2019-08-10 23:48:05 - [TEST_STEP][PASSED] - println("wild found on reel 5, adding counter by 1"): null

2019-08-10 23:48:05 - [TEST_STEP][PASSED] - free_spin_reel_counter[2] = free_spin_reel_counter[2] + 1: null

2019-08-10 23:48:05 - [TEST_STEP][PASSED] - symbol = symbol: null

2019-08-10 23:48:05 - [TEST_STEP][PASSED] - println(symbol): null

2019-08-10 23:48:05 - [TEST_STEP][PASSED] - if (i == 2 &amp;&amp; wildList.indexOf(symbol) != -1): null

2019-08-10 23:48:05 - [TEST_STEP][PASSED] - if (i == 3 &amp;&amp; wildList.indexOf(symbol) != -1): null

2019-08-10 23:48:05 - [TEST_STEP][PASSED] - if (i == 4 &amp;&amp; wildList.indexOf(symbol) != -1): null

2019-08-10 23:48:05 - [TEST_STEP][PASSED] - free_spin_reel_counter = free_spin_reel_counter: null

2019-08-10 23:48:05 - [TEST_STEP][PASSED] - println("reel 3 wild found: " + free_spin_reel_counter[0]): null

2019-08-10 23:48:05 - [TEST_STEP][PASSED] - println("reel 4 wild found: " + free_spin_reel_counter[1]): null

2019-08-10 23:48:05 - [TEST_STEP][PASSED] - println("reel 5 wild found: " + free_spin_reel_counter[2]): null

2019-08-10 23:48:05 - [TEST_STEP][PASSED] - M4_spin_reels = M4_spin_reels: null

2019-08-10 23:48:05 - [TEST_STEP][PASSED] - M4_spin_reels_symbols = symbol: null

2019-08-10 23:48:05 - [TEST_STEP][PASSED] - M4_spin_reels_symbols = M4_spin_reels_symbols: null

2019-08-10 23:48:05 - [TEST_STEP][PASSED] - M4_spin_reel_wins = reel_wins: null

2019-08-10 23:48:05 - [TEST_STEP][PASSED] - M4_spin_reel_wins = M4_spin_reel_wins: null

2019-08-10 23:48:05 - [TEST_STEP][PASSED] - println("GlobalVariable.M4_spin_reel_wins is: " + M4_spin_reel_wins): null

2019-08-10 23:48:05 - [TEST_STEP][PASSED] - M4_spin_total_bonus_win_this_round = total_bonus_win_this_round: null

2019-08-10 23:48:05 - [TEST_STEP][PASSED] - M4_spin_total_bonus_win_this_round = M4_spin_total_bonus_win_this_round: null

2019-08-10 23:48:05 - [TEST_STEP][PASSED] - println("GlobalVariable.M4_spin_total_bonus_win_this_round is: " + M4_spin_total_bonus_win_this_round): null

2019-08-10 23:48:05 - [MESSAGE][PASSED] - Verify response successfully

2019-08-10 23:48:05 - [MESSAGE][PASSED] - Send request and verify the response successfully

2019-08-10 23:48:05 - [TEST_STEP][PASSED] - if (M4_total_bonus_spins_int != 0 &amp;&amp; M4_spin_reels_symbols[2].contains("WILD_ExtraFG") || M4_spin_reels_symbols[3].contains("WILD_ExtraFG")): null

2019-08-10 23:48:05 - [TEST_STEP][PASSED] - free_spin_reel_counter = free_spin_reel_counter: null

2019-08-10 23:48:05 - [TEST_STEP][PASSED] - M4_spin_reels_symbols = M4_spin_reels_symbols: null

2019-08-10 23:48:05 - [TEST_STEP][PASSED] - M4_total_bonus_spins = M4_total_bonus_spins: null

2019-08-10 23:48:05 - [TEST_STEP][PASSED] - spin_result = sendRequestAndVerify(findTestObject("RGS(M4)/1_M4_spin", ["M4_login_user_id":M4_login_user_id, "rgs_session_token":rgs_session_token, "partner":Partner])): Send request and verify the response successfully

2019-08-10 23:48:05 - [TEST_CASE][PASSED] - Start Test Case : Verification: Verification accomplished successfully

2019-08-10 23:48:05 - [TEST_STEP][PASSED] - request = getInstance().getCurrentRequest(): null

2019-08-10 23:48:05 - [TEST_STEP][PASSED] - response = getInstance().getCurrentResponse(): null

2019-08-10 23:48:05 - [TEST_STEP][PASSED] - verifyResponseStatusCode(response, 200): Verify response status code successfully

2019-08-10 23:48:05 - [MESSAGE][PASSED] - Verify response status code successfully

2019-08-10 23:48:05 - [TEST_STEP][PASSED] - getStatusCode()).isEqualTo(200): null

2019-08-10 23:48:05 - [TEST_STEP][PASSED] - newline = System.getProperty("line.separator"): null

2019-08-10 23:48:05 - [TEST_STEP][PASSED] - M4_spin = new groovy.json.JsonSlurper(): null

2019-08-10 23:48:05 - [TEST_STEP][PASSED] - result_M4_spin = M4_spin.parseText(response.getResponseBodyContent()): null

2019-08-10 23:48:05 - [TEST_STEP][PASSED] - M4_spin_current_balance = current_balance: null

2019-08-10 23:48:05 - [TEST_STEP][PASSED] - M4_spin_current_balance = M4_spin_current_balance: null

2019-08-10 23:48:05 - [TEST_STEP][PASSED] - M4_spin_transaction_id = causality: null

2019-08-10 23:48:05 - [TEST_STEP][PASSED] - M4_spin_transaction_id = M4_spin_transaction_id: null

2019-08-10 23:48:05 - [TEST_STEP][PASSED] - M4_spin_round_id = round_id: null

2019-08-10 23:48:05 - [TEST_STEP][PASSED] - M4_spin_round_id = M4_spin_round_id: null

2019-08-10 23:48:05 - [TEST_STEP][PASSED] - M4_spin_line_wins = line_wins: null

2019-08-10 23:48:05 - [TEST_STEP][PASSED] - M4_spin_line_wins = M4_spin_line_wins: null

2019-08-10 23:48:05 - [TEST_STEP][PASSED] - M4_total_bonus_spins_int = total_bonus_spins: null

2019-08-10 23:48:05 - [TEST_STEP][PASSED] - println("******M4_total_bonus_spins type is:*******" + newline + getClass().getName()): null

2019-08-10 23:48:05 - [TEST_STEP][PASSED] - M4_total_bonus_spins_int = M4_total_bonus_spins_int: null

2019-08-10 23:48:05 - [TEST_STEP][PASSED] - M4_total_bonus_spins = Integer.toString(M4_total_bonus_spins_int): null

2019-08-10 23:48:05 - [TEST_STEP][PASSED] - M4_total_bonus_spins = M4_total_bonus_spins: null

2019-08-10 23:48:05 - [TEST_STEP][PASSED] - println("M4_total_bonus_spins is:" + M4_total_bonus_spins): null

2019-08-10 23:48:05 - [TEST_STEP][PASSED] - M4_spin_bonus_data = bonus_data: null

2019-08-10 23:48:05 - [TEST_STEP][PASSED] - M4_spin_features_triggered = result_M4_spin: null

2019-08-10 23:48:05 - [TEST_STEP][PASSED] - wild = []: null

2019-08-10 23:48:05 - [TEST_STEP][PASSED] - wild[0] = "WILD_Expanding": null

2019-08-10 23:48:05 - [TEST_STEP][PASSED] - wild[1] = "WILD_Normal": null

2019-08-10 23:48:05 - [TEST_STEP][PASSED] - wild[2] = "WILD_Double": null

2019-08-10 23:48:05 - [TEST_STEP][PASSED] - wild[3] = "WILD_ExtraFG": null

2019-08-10 23:48:05 - [TEST_STEP][PASSED] - wild[4] = "WILD_Triple": null

2019-08-10 23:48:05 - [TEST_STEP][PASSED] - wildList = Arrays.asList(wild): null

2019-08-10 23:48:05 - [TEST_STEP][PASSED] - wildList = wildList: null

2019-08-10 23:48:05 - [TEST_STEP][PASSED] - free_spin_reel_counter = []: null

2019-08-10 23:48:05 - [TEST_STEP][PASSED] - free_spin_reel_counter[0] = 0: null

2019-08-10 23:48:05 - [TEST_STEP][PASSED] - free_spin_reel_counter[1] = 0: null

2019-08-10 23:48:05 - [TEST_STEP][PASSED] - free_spin_reel_counter[2] = 0: null

2019-08-10 23:48:05 - [TEST_STEP][PASSED] - M4_spin_reels = reels: null

2019-08-10 23:48:05 - [TEST_STEP][PASSED] - for ([i = 0, i &lt; M4_spin_reels.size(), (i++)]): null

2019-08-10 23:48:05 - [TEST_STEP][PASSED] - symbols = symbols: null

2019-08-10 23:48:05 - [TEST_STEP][PASSED] - for ([j = 0, j &lt; symbols.size(), (j++)]): null

2019-08-10 23:48:05 - [TEST_STEP][PASSED] - symbol = symbol: null

2019-08-10 23:48:05 - [TEST_STEP][PASSED] - println(symbol): null

2019-08-10 23:48:05 - [TEST_STEP][PASSED] - if (i == 2 &amp;&amp; wildList.indexOf(symbol) != -1): null

2019-08-10 23:48:05 - [TEST_STEP][PASSED] - if (i == 3 &amp;&amp; wildList.indexOf(symbol) != -1): null

2019-08-10 23:48:05 - [TEST_STEP][PASSED] - if (i == 4 &amp;&amp; wildList.indexOf(symbol) != -1): null

2019-08-10 23:48:05 - [TEST_STEP][PASSED] - symbol = symbol: null

2019-08-10 23:48:05 - [TEST_STEP][PASSED] - println(symbol): null

2019-08-10 23:48:05 - [TEST_STEP][PASSED] - if (i == 2 &amp;&amp; wildList.indexOf(symbol) != -1): null

2019-08-10 23:48:05 - [TEST_STEP][PASSED] - if (i == 3 &amp;&amp; wildList.indexOf(symbol) != -1): null

2019-08-10 23:48:05 - [TEST_STEP][PASSED] - if (i == 4 &amp;&amp; wildList.indexOf(symbol) != -1): null

2019-08-10 23:48:05 - [TEST_STEP][PASSED] - symbol = symbol: null

2019-08-10 23:48:05 - [TEST_STEP][PASSED] - println(symbol): null

2019-08-10 23:48:05 - [TEST_STEP][PASSED] - if (i == 2 &amp;&amp; wildList.indexOf(symbol) != -1): null

2019-08-10 23:48:05 - [TEST_STEP][PASSED] - if (i == 3 &amp;&amp; wildList.indexOf(symbol) != -1): null

2019-08-10 23:48:05 - [TEST_STEP][PASSED] - if (i == 4 &amp;&amp; wildList.indexOf(symbol) != -1): null

2019-08-10 23:48:05 - [TEST_STEP][PASSED] - symbols = symbols: null

2019-08-10 23:48:05 - [TEST_STEP][PASSED] - for ([j = 0, j &lt; symbols.size(), (j++)]): null

2019-08-10 23:48:05 - [TEST_STEP][PASSED] - symbol = symbol: null

2019-08-10 23:48:05 - [TEST_STEP][PASSED] - println(symbol): null

2019-08-10 23:48:05 - [TEST_STEP][PASSED] - if (i == 2 &amp;&amp; wildList.indexOf(symbol) != -1): null

2019-08-10 23:48:05 - [TEST_STEP][PASSED] - if (i == 3 &amp;&amp; wildList.indexOf(symbol) != -1): null

2019-08-10 23:48:05 - [TEST_STEP][PASSED] - if (i == 4 &amp;&amp; wildList.indexOf(symbol) != -1): null

2019-08-10 23:48:05 - [TEST_STEP][PASSED] - symbol = symbol: null

2019-08-10 23:48:05 - [TEST_STEP][PASSED] - println(symbol): null

2019-08-10 23:48:05 - [TEST_STEP][PASSED] - if (i == 2 &amp;&amp; wildList.indexOf(symbol) != -1): null

2019-08-10 23:48:05 - [TEST_STEP][PASSED] - if (i == 3 &amp;&amp; wildList.indexOf(symbol) != -1): null

2019-08-10 23:48:05 - [TEST_STEP][PASSED] - if (i == 4 &amp;&amp; wildList.indexOf(symbol) != -1): null

2019-08-10 23:48:05 - [TEST_STEP][PASSED] - symbol = symbol: null

2019-08-10 23:48:05 - [TEST_STEP][PASSED] - println(symbol): null

2019-08-10 23:48:05 - [TEST_STEP][PASSED] - if (i == 2 &amp;&amp; wildList.indexOf(symbol) != -1): null

2019-08-10 23:48:05 - [TEST_STEP][PASSED] - if (i == 3 &amp;&amp; wildList.indexOf(symbol) != -1): null

2019-08-10 23:48:05 - [TEST_STEP][PASSED] - if (i == 4 &amp;&amp; wildList.indexOf(symbol) != -1): null

2019-08-10 23:48:05 - [TEST_STEP][PASSED] - symbols = symbols: null

2019-08-10 23:48:05 - [TEST_STEP][PASSED] - for ([j = 0, j &lt; symbols.size(), (j++)]): null

2019-08-10 23:48:05 - [TEST_STEP][PASSED] - symbol = symbol: null

2019-08-10 23:48:05 - [TEST_STEP][PASSED] - println(symbol): null

2019-08-10 23:48:05 - [TEST_STEP][PASSED] - if (i == 2 &amp;&amp; wildList.indexOf(symbol) != -1): null

2019-08-10 23:48:05 - [TEST_STEP][PASSED] - if (i == 3 &amp;&amp; wildList.indexOf(symbol) != -1): null

2019-08-10 23:48:05 - [TEST_STEP][PASSED] - if (i == 4 &amp;&amp; wildList.indexOf(symbol) != -1): null

2019-08-10 23:48:05 - [TEST_STEP][PASSED] - symbol = symbol: null

2019-08-10 23:48:05 - [TEST_STEP][PASSED] - println(symbol): null

2019-08-10 23:48:05 - [TEST_STEP][PASSED] - if (i == 2 &amp;&amp; wildList.indexOf(symbol) != -1): null

2019-08-10 23:48:05 - [TEST_STEP][PASSED] - if (i == 3 &amp;&amp; wildList.indexOf(symbol) != -1): null

2019-08-10 23:48:05 - [TEST_STEP][PASSED] - if (i == 4 &amp;&amp; wildList.indexOf(symbol) != -1): null

2019-08-10 23:48:05 - [TEST_STEP][PASSED] - symbol = symbol: null

2019-08-10 23:48:05 - [TEST_STEP][PASSED] - println(symbol): null

2019-08-10 23:48:05 - [TEST_STEP][PASSED] - if (i == 2 &amp;&amp; wildList.indexOf(symbol) != -1): null

2019-08-10 23:48:05 - [TEST_STEP][PASSED] - if (i == 3 &amp;&amp; wildList.indexOf(symbol) != -1): null

2019-08-10 23:48:05 - [TEST_STEP][PASSED] - if (i == 4 &amp;&amp; wildList.indexOf(symbol) != -1): null

2019-08-10 23:48:05 - [TEST_STEP][PASSED] - symbols = symbols: null

2019-08-10 23:48:05 - [TEST_STEP][PASSED] - for ([j = 0, j &lt; symbols.size(), (j++)]): null

2019-08-10 23:48:05 - [TEST_STEP][PASSED] - symbol = symbol: null

2019-08-10 23:48:05 - [TEST_STEP][PASSED] - println(symbol): null

2019-08-10 23:48:05 - [TEST_STEP][PASSED] - if (i == 2 &amp;&amp; wildList.indexOf(symbol) != -1): null

2019-08-10 23:48:05 - [TEST_STEP][PASSED] - if (i == 3 &amp;&amp; wildList.indexOf(symbol) != -1): null

2019-08-10 23:48:05 - [TEST_STEP][PASSED] - if (i == 4 &amp;&amp; wildList.indexOf(symbol) != -1): null

2019-08-10 23:48:05 - [TEST_STEP][PASSED] - symbol = symbol: null

2019-08-10 23:48:05 - [TEST_STEP][PASSED] - println(symbol): null

2019-08-10 23:48:05 - [TEST_STEP][PASSED] - if (i == 2 &amp;&amp; wildList.indexOf(symbol) != -1): null

2019-08-10 23:48:05 - [TEST_STEP][PASSED] - if (i == 3 &amp;&amp; wildList.indexOf(symbol) != -1): null

2019-08-10 23:48:05 - [TEST_STEP][PASSED] - if (i == 4 &amp;&amp; wildList.indexOf(symbol) != -1): null

2019-08-10 23:48:05 - [TEST_STEP][PASSED] - symbol = symbol: null

2019-08-10 23:48:05 - [TEST_STEP][PASSED] - println(symbol): null

2019-08-10 23:48:05 - [TEST_STEP][PASSED] - if (i == 2 &amp;&amp; wildList.indexOf(symbol) != -1): null

2019-08-10 23:48:05 - [TEST_STEP][PASSED] - if (i == 3 &amp;&amp; wildList.indexOf(symbol) != -1): null

2019-08-10 23:48:05 - [TEST_STEP][PASSED] - if (i == 4 &amp;&amp; wildList.indexOf(symbol) != -1): null

2019-08-10 23:48:05 - [TEST_STEP][PASSED] - symbols = symbols: null

2019-08-10 23:48:05 - [TEST_STEP][PASSED] - for ([j = 0, j &lt; symbols.size(), (j++)]): null

2019-08-10 23:48:05 - [TEST_STEP][PASSED] - symbol = symbol: null

2019-08-10 23:48:05 - [TEST_STEP][PASSED] - println(symbol): null

2019-08-10 23:48:05 - [TEST_STEP][PASSED] - if (i == 2 &amp;&amp; wildList.indexOf(symbol) != -1): null

2019-08-10 23:48:05 - [TEST_STEP][PASSED] - if (i == 3 &amp;&amp; wildList.indexOf(symbol) != -1): null

2019-08-10 23:48:05 - [TEST_STEP][PASSED] - if (i == 4 &amp;&amp; wildList.indexOf(symbol) != -1): null

2019-08-10 23:48:05 - [TEST_STEP][PASSED] - symbol = symbol: null

2019-08-10 23:48:05 - [TEST_STEP][PASSED] - println(symbol): null

2019-08-10 23:48:05 - [TEST_STEP][PASSED] - if (i == 2 &amp;&amp; wildList.indexOf(symbol) != -1): null

2019-08-10 23:48:05 - [TEST_STEP][PASSED] - if (i == 3 &amp;&amp; wildList.indexOf(symbol) != -1): null

2019-08-10 23:48:05 - [TEST_STEP][PASSED] - if (i == 4 &amp;&amp; wildList.indexOf(symbol) != -1): null

2019-08-10 23:48:05 - [TEST_STEP][PASSED] - symbol = symbol: null

2019-08-10 23:48:05 - [TEST_STEP][PASSED] - println(symbol): null

2019-08-10 23:48:05 - [TEST_STEP][PASSED] - if (i == 2 &amp;&amp; wildList.indexOf(symbol) != -1): null

2019-08-10 23:48:05 - [TEST_STEP][PASSED] - if (i == 3 &amp;&amp; wildList.indexOf(symbol) != -1): null

2019-08-10 23:48:05 - [TEST_STEP][PASSED] - if (i == 4 &amp;&amp; wildList.indexOf(symbol) != -1): null

2019-08-10 23:48:05 - [TEST_STEP][PASSED] - println("wild found on reel 5, adding counter by 1"): null

2019-08-10 23:48:05 - [TEST_STEP][PASSED] - free_spin_reel_counter[2] = free_spin_reel_counter[2] + 1: null

2019-08-10 23:48:05 - [TEST_STEP][PASSED] - free_spin_reel_counter = free_spin_reel_counter: null

2019-08-10 23:48:05 - [TEST_STEP][PASSED] - println("reel 3 wild found: " + free_spin_reel_counter[0]): null

2019-08-10 23:48:05 - [TEST_STEP][PASSED] - println("reel 4 wild found: " + free_spin_reel_counter[1]): null

2019-08-10 23:48:05 - [TEST_STEP][PASSED] - println("reel 5 wild found: " + free_spin_reel_counter[2]): null

2019-08-10 23:48:05 - [TEST_STEP][PASSED] - M4_spin_reels = M4_spin_reels: null

2019-08-10 23:48:05 - [TEST_STEP][PASSED] - M4_spin_reels_symbols = symbol: null

2019-08-10 23:48:05 - [TEST_STEP][PASSED] - M4_spin_reels_symbols = M4_spin_reels_symbols: null

2019-08-10 23:48:05 - [TEST_STEP][PASSED] - M4_spin_reel_wins = reel_wins: null

2019-08-10 23:48:05 - [TEST_STEP][PASSED] - M4_spin_reel_wins = M4_spin_reel_wins: null

2019-08-10 23:48:05 - [TEST_STEP][PASSED] - println("GlobalVariable.M4_spin_reel_wins is: " + M4_spin_reel_wins): null

2019-08-10 23:48:05 - [TEST_STEP][PASSED] - M4_spin_total_bonus_win_this_round = total_bonus_win_this_round: null

2019-08-10 23:48:05 - [TEST_STEP][PASSED] - M4_spin_total_bonus_win_this_round = M4_spin_total_bonus_win_this_round: null

2019-08-10 23:48:05 - [TEST_STEP][PASSED] - println("GlobalVariable.M4_spin_total_bonus_win_this_round is: " + M4_spin_total_bonus_win_this_round): null

2019-08-10 23:48:05 - [MESSAGE][PASSED] - Verify response successfully

2019-08-10 23:48:05 - [MESSAGE][PASSED] - Send request and verify the response successfully

2019-08-10 23:48:05 - [TEST_STEP][PASSED] - if (M4_total_bonus_spins_int != 0 &amp;&amp; M4_spin_reels_symbols[2].contains("WILD_ExtraFG") || M4_spin_reels_symbols[3].contains("WILD_ExtraFG")): null

2019-08-10 23:48:05 - [TEST_STEP][PASSED] - free_spin_reel_counter = free_spin_reel_counter: null

2019-08-10 23:48:05 - [TEST_STEP][PASSED] - M4_spin_reels_symbols = M4_spin_reels_symbols: null

2019-08-10 23:48:05 - [TEST_STEP][PASSED] - M4_total_bonus_spins = M4_total_bonus_spins: null

2019-08-10 23:48:05 - [TEST_STEP][PASSED] - spin_result = sendRequestAndVerify(findTestObject("RGS(M4)/1_M4_spin", ["M4_login_user_id":M4_login_user_id, "rgs_session_token":rgs_session_token, "partner":Partner])): Send request and verify the response successfully

2019-08-10 23:48:06 - [TEST_CASE][PASSED] - Start Test Case : Verification: Verification accomplished successfully

2019-08-10 23:48:06 - [TEST_STEP][PASSED] - request = getInstance().getCurrentRequest(): null

2019-08-10 23:48:06 - [TEST_STEP][PASSED] - response = getInstance().getCurrentResponse(): null

2019-08-10 23:48:06 - [TEST_STEP][PASSED] - verifyResponseStatusCode(response, 200): Verify response status code successfully

2019-08-10 23:48:06 - [MESSAGE][PASSED] - Verify response status code successfully

2019-08-10 23:48:06 - [TEST_STEP][PASSED] - getStatusCode()).isEqualTo(200): null

2019-08-10 23:48:06 - [TEST_STEP][PASSED] - newline = System.getProperty("line.separator"): null

2019-08-10 23:48:06 - [TEST_STEP][PASSED] - M4_spin = new groovy.json.JsonSlurper(): null

2019-08-10 23:48:06 - [TEST_STEP][PASSED] - result_M4_spin = M4_spin.parseText(response.getResponseBodyContent()): null

2019-08-10 23:48:06 - [TEST_STEP][PASSED] - M4_spin_current_balance = current_balance: null

2019-08-10 23:48:06 - [TEST_STEP][PASSED] - M4_spin_current_balance = M4_spin_current_balance: null

2019-08-10 23:48:06 - [TEST_STEP][PASSED] - M4_spin_transaction_id = causality: null

2019-08-10 23:48:06 - [TEST_STEP][PASSED] - M4_spin_transaction_id = M4_spin_transaction_id: null

2019-08-10 23:48:06 - [TEST_STEP][PASSED] - M4_spin_round_id = round_id: null

2019-08-10 23:48:06 - [TEST_STEP][PASSED] - M4_spin_round_id = M4_spin_round_id: null

2019-08-10 23:48:06 - [TEST_STEP][PASSED] - M4_spin_line_wins = line_wins: null

2019-08-10 23:48:06 - [TEST_STEP][PASSED] - M4_spin_line_wins = M4_spin_line_wins: null

2019-08-10 23:48:06 - [TEST_STEP][PASSED] - M4_total_bonus_spins_int = total_bonus_spins: null

2019-08-10 23:48:06 - [TEST_STEP][PASSED] - println("******M4_total_bonus_spins type is:*******" + newline + getClass().getName()): null

2019-08-10 23:48:06 - [TEST_STEP][PASSED] - M4_total_bonus_spins_int = M4_total_bonus_spins_int: null

2019-08-10 23:48:06 - [TEST_STEP][PASSED] - M4_total_bonus_spins = Integer.toString(M4_total_bonus_spins_int): null

2019-08-10 23:48:06 - [TEST_STEP][PASSED] - M4_total_bonus_spins = M4_total_bonus_spins: null

2019-08-10 23:48:06 - [TEST_STEP][PASSED] - println("M4_total_bonus_spins is:" + M4_total_bonus_spins): null

2019-08-10 23:48:06 - [TEST_STEP][PASSED] - M4_spin_bonus_data = bonus_data: null

2019-08-10 23:48:06 - [TEST_STEP][PASSED] - M4_spin_features_triggered = result_M4_spin: null

2019-08-10 23:48:06 - [TEST_STEP][PASSED] - wild = []: null

2019-08-10 23:48:06 - [TEST_STEP][PASSED] - wild[0] = "WILD_Expanding": null

2019-08-10 23:48:06 - [TEST_STEP][PASSED] - wild[1] = "WILD_Normal": null

2019-08-10 23:48:06 - [TEST_STEP][PASSED] - wild[2] = "WILD_Double": null

2019-08-10 23:48:06 - [TEST_STEP][PASSED] - wild[3] = "WILD_ExtraFG": null

2019-08-10 23:48:06 - [TEST_STEP][PASSED] - wild[4] = "WILD_Triple": null

2019-08-10 23:48:06 - [TEST_STEP][PASSED] - wildList = Arrays.asList(wild): null

2019-08-10 23:48:06 - [TEST_STEP][PASSED] - wildList = wildList: null

2019-08-10 23:48:06 - [TEST_STEP][PASSED] - free_spin_reel_counter = []: null

2019-08-10 23:48:06 - [TEST_STEP][PASSED] - free_spin_reel_counter[0] = 0: null

2019-08-10 23:48:06 - [TEST_STEP][PASSED] - free_spin_reel_counter[1] = 0: null

2019-08-10 23:48:06 - [TEST_STEP][PASSED] - free_spin_reel_counter[2] = 0: null

2019-08-10 23:48:06 - [TEST_STEP][PASSED] - M4_spin_reels = reels: null

2019-08-10 23:48:06 - [TEST_STEP][PASSED] - for ([i = 0, i &lt; M4_spin_reels.size(), (i++)]): null

2019-08-10 23:48:06 - [TEST_STEP][PASSED] - symbols = symbols: null

2019-08-10 23:48:06 - [TEST_STEP][PASSED] - for ([j = 0, j &lt; symbols.size(), (j++)]): null

2019-08-10 23:48:06 - [TEST_STEP][PASSED] - symbol = symbol: null

2019-08-10 23:48:06 - [TEST_STEP][PASSED] - println(symbol): null

2019-08-10 23:48:06 - [TEST_STEP][PASSED] - if (i == 2 &amp;&amp; wildList.indexOf(symbol) != -1): null

2019-08-10 23:48:06 - [TEST_STEP][PASSED] - if (i == 3 &amp;&amp; wildList.indexOf(symbol) != -1): null

2019-08-10 23:48:06 - [TEST_STEP][PASSED] - if (i == 4 &amp;&amp; wildList.indexOf(symbol) != -1): null

2019-08-10 23:48:06 - [TEST_STEP][PASSED] - symbol = symbol: null

2019-08-10 23:48:06 - [TEST_STEP][PASSED] - println(symbol): null

2019-08-10 23:48:06 - [TEST_STEP][PASSED] - if (i == 2 &amp;&amp; wildList.indexOf(symbol) != -1): null

2019-08-10 23:48:06 - [TEST_STEP][PASSED] - if (i == 3 &amp;&amp; wildList.indexOf(symbol) != -1): null

2019-08-10 23:48:06 - [TEST_STEP][PASSED] - if (i == 4 &amp;&amp; wildList.indexOf(symbol) != -1): null

2019-08-10 23:48:06 - [TEST_STEP][PASSED] - symbol = symbol: null

2019-08-10 23:48:06 - [TEST_STEP][PASSED] - println(symbol): null

2019-08-10 23:48:06 - [TEST_STEP][PASSED] - if (i == 2 &amp;&amp; wildList.indexOf(symbol) != -1): null

2019-08-10 23:48:06 - [TEST_STEP][PASSED] - if (i == 3 &amp;&amp; wildList.indexOf(symbol) != -1): null

2019-08-10 23:48:06 - [TEST_STEP][PASSED] - if (i == 4 &amp;&amp; wildList.indexOf(symbol) != -1): null

2019-08-10 23:48:06 - [TEST_STEP][PASSED] - symbols = symbols: null

2019-08-10 23:48:06 - [TEST_STEP][PASSED] - for ([j = 0, j &lt; symbols.size(), (j++)]): null

2019-08-10 23:48:06 - [TEST_STEP][PASSED] - symbol = symbol: null

2019-08-10 23:48:06 - [TEST_STEP][PASSED] - println(symbol): null

2019-08-10 23:48:06 - [TEST_STEP][PASSED] - if (i == 2 &amp;&amp; wildList.indexOf(symbol) != -1): null

2019-08-10 23:48:06 - [TEST_STEP][PASSED] - if (i == 3 &amp;&amp; wildList.indexOf(symbol) != -1): null

2019-08-10 23:48:06 - [TEST_STEP][PASSED] - if (i == 4 &amp;&amp; wildList.indexOf(symbol) != -1): null

2019-08-10 23:48:06 - [TEST_STEP][PASSED] - symbol = symbol: null

2019-08-10 23:48:06 - [TEST_STEP][PASSED] - println(symbol): null

2019-08-10 23:48:06 - [TEST_STEP][PASSED] - if (i == 2 &amp;&amp; wildList.indexOf(symbol) != -1): null

2019-08-10 23:48:06 - [TEST_STEP][PASSED] - if (i == 3 &amp;&amp; wildList.indexOf(symbol) != -1): null

2019-08-10 23:48:06 - [TEST_STEP][PASSED] - if (i == 4 &amp;&amp; wildList.indexOf(symbol) != -1): null

2019-08-10 23:48:06 - [TEST_STEP][PASSED] - symbol = symbol: null

2019-08-10 23:48:06 - [TEST_STEP][PASSED] - println(symbol): null

2019-08-10 23:48:06 - [TEST_STEP][PASSED] - if (i == 2 &amp;&amp; wildList.indexOf(symbol) != -1): null

2019-08-10 23:48:06 - [TEST_STEP][PASSED] - if (i == 3 &amp;&amp; wildList.indexOf(symbol) != -1): null

2019-08-10 23:48:06 - [TEST_STEP][PASSED] - if (i == 4 &amp;&amp; wildList.indexOf(symbol) != -1): null

2019-08-10 23:48:06 - [TEST_STEP][PASSED] - symbols = symbols: null

2019-08-10 23:48:06 - [TEST_STEP][PASSED] - for ([j = 0, j &lt; symbols.size(), (j++)]): null

2019-08-10 23:48:06 - [TEST_STEP][PASSED] - symbol = symbol: null

2019-08-10 23:48:06 - [TEST_STEP][PASSED] - println(symbol): null

2019-08-10 23:48:06 - [TEST_STEP][PASSED] - if (i == 2 &amp;&amp; wildList.indexOf(symbol) != -1): null

2019-08-10 23:48:06 - [TEST_STEP][PASSED] - if (i == 3 &amp;&amp; wildList.indexOf(symbol) != -1): null

2019-08-10 23:48:06 - [TEST_STEP][PASSED] - if (i == 4 &amp;&amp; wildList.indexOf(symbol) != -1): null

2019-08-10 23:48:06 - [TEST_STEP][PASSED] - symbol = symbol: null

2019-08-10 23:48:06 - [TEST_STEP][PASSED] - println(symbol): null

2019-08-10 23:48:06 - [TEST_STEP][PASSED] - if (i == 2 &amp;&amp; wildList.indexOf(symbol) != -1): null

2019-08-10 23:48:06 - [TEST_STEP][PASSED] - if (i == 3 &amp;&amp; wildList.indexOf(symbol) != -1): null

2019-08-10 23:48:06 - [TEST_STEP][PASSED] - if (i == 4 &amp;&amp; wildList.indexOf(symbol) != -1): null

2019-08-10 23:48:06 - [TEST_STEP][PASSED] - symbol = symbol: null

2019-08-10 23:48:06 - [TEST_STEP][PASSED] - println(symbol): null

2019-08-10 23:48:06 - [TEST_STEP][PASSED] - if (i == 2 &amp;&amp; wildList.indexOf(symbol) != -1): null

2019-08-10 23:48:06 - [TEST_STEP][PASSED] - if (i == 3 &amp;&amp; wildList.indexOf(symbol) != -1): null

2019-08-10 23:48:06 - [TEST_STEP][PASSED] - if (i == 4 &amp;&amp; wildList.indexOf(symbol) != -1): null

2019-08-10 23:48:06 - [TEST_STEP][PASSED] - symbols = symbols: null

2019-08-10 23:48:06 - [TEST_STEP][PASSED] - for ([j = 0, j &lt; symbols.size(), (j++)]): null

2019-08-10 23:48:06 - [TEST_STEP][PASSED] - symbol = symbol: null

2019-08-10 23:48:06 - [TEST_STEP][PASSED] - println(symbol): null

2019-08-10 23:48:06 - [TEST_STEP][PASSED] - if (i == 2 &amp;&amp; wildList.indexOf(symbol) != -1): null

2019-08-10 23:48:06 - [TEST_STEP][PASSED] - if (i == 3 &amp;&amp; wildList.indexOf(symbol) != -1): null

2019-08-10 23:48:06 - [TEST_STEP][PASSED] - if (i == 4 &amp;&amp; wildList.indexOf(symbol) != -1): null

2019-08-10 23:48:06 - [TEST_STEP][PASSED] - symbol = symbol: null

2019-08-10 23:48:06 - [TEST_STEP][PASSED] - println(symbol): null

2019-08-10 23:48:06 - [TEST_STEP][PASSED] - if (i == 2 &amp;&amp; wildList.indexOf(symbol) != -1): null

2019-08-10 23:48:06 - [TEST_STEP][PASSED] - if (i == 3 &amp;&amp; wildList.indexOf(symbol) != -1): null

2019-08-10 23:48:06 - [TEST_STEP][PASSED] - if (i == 4 &amp;&amp; wildList.indexOf(symbol) != -1): null

2019-08-10 23:48:06 - [TEST_STEP][PASSED] - symbol = symbol: null

2019-08-10 23:48:06 - [TEST_STEP][PASSED] - println(symbol): null

2019-08-10 23:48:06 - [TEST_STEP][PASSED] - if (i == 2 &amp;&amp; wildList.indexOf(symbol) != -1): null

2019-08-10 23:48:06 - [TEST_STEP][PASSED] - if (i == 3 &amp;&amp; wildList.indexOf(symbol) != -1): null

2019-08-10 23:48:06 - [TEST_STEP][PASSED] - if (i == 4 &amp;&amp; wildList.indexOf(symbol) != -1): null

2019-08-10 23:48:10 - [TEST_STEP][PASSED] - symbols = symbols: null

2019-08-10 23:48:10 - [TEST_STEP][PASSED] - for ([j = 0, j &lt; symbols.size(), (j++)]): null

2019-08-10 23:48:10 - [TEST_STEP][PASSED] - symbol = symbol: null

2019-08-10 23:48:10 - [TEST_STEP][PASSED] - println(symbol): null

2019-08-10 23:48:10 - [TEST_STEP][PASSED] - if (i == 2 &amp;&amp; wildList.indexOf(symbol) != -1): null

2019-08-10 23:48:10 - [TEST_STEP][PASSED] - if (i == 3 &amp;&amp; wildList.indexOf(symbol) != -1): null

2019-08-10 23:48:10 - [TEST_STEP][PASSED] - if (i == 4 &amp;&amp; wildList.indexOf(symbol) != -1): null

2019-08-10 23:48:10 - [TEST_STEP][PASSED] - symbol = symbol: null

2019-08-10 23:48:10 - [TEST_STEP][PASSED] - println(symbol): null

2019-08-10 23:48:10 - [TEST_STEP][PASSED] - if (i == 2 &amp;&amp; wildList.indexOf(symbol) != -1): null

2019-08-10 23:48:10 - [TEST_STEP][PASSED] - if (i == 3 &amp;&amp; wildList.indexOf(symbol) != -1): null

2019-08-10 23:48:11 - [TEST_STEP][PASSED] - if (i == 4 &amp;&amp; wildList.indexOf(symbol) != -1): null

2019-08-10 23:48:11 - [TEST_STEP][PASSED] - symbol = symbol: null

2019-08-10 23:48:11 - [TEST_STEP][PASSED] - println(symbol): null

2019-08-10 23:48:11 - [TEST_STEP][PASSED] - if (i == 2 &amp;&amp; wildList.indexOf(symbol) != -1): null

2019-08-10 23:48:11 - [TEST_STEP][PASSED] - if (i == 3 &amp;&amp; wildList.indexOf(symbol) != -1): null

2019-08-10 23:48:11 - [TEST_STEP][PASSED] - if (i == 4 &amp;&amp; wildList.indexOf(symbol) != -1): null

2019-08-10 23:48:11 - [TEST_STEP][PASSED] - free_spin_reel_counter = free_spin_reel_counter: null

2019-08-10 23:48:11 - [TEST_STEP][PASSED] - println("reel 3 wild found: " + free_spin_reel_counter[0]): null

2019-08-10 23:48:11 - [TEST_STEP][PASSED] - println("reel 4 wild found: " + free_spin_reel_counter[1]): null

2019-08-10 23:48:11 - [TEST_STEP][PASSED] - println("reel 5 wild found: " + free_spin_reel_counter[2]): null

2019-08-10 23:48:11 - [TEST_STEP][PASSED] - M4_spin_reels = M4_spin_reels: null

2019-08-10 23:48:11 - [TEST_STEP][PASSED] - M4_spin_reels_symbols = symbol: null

2019-08-10 23:48:11 - [TEST_STEP][PASSED] - M4_spin_reels_symbols = M4_spin_reels_symbols: null

2019-08-10 23:48:11 - [TEST_STEP][PASSED] - M4_spin_reel_wins = reel_wins: null

2019-08-10 23:48:11 - [TEST_STEP][PASSED] - M4_spin_reel_wins = M4_spin_reel_wins: null

2019-08-10 23:48:11 - [TEST_STEP][PASSED] - println("GlobalVariable.M4_spin_reel_wins is: " + M4_spin_reel_wins): null

2019-08-10 23:48:11 - [TEST_STEP][PASSED] - M4_spin_total_bonus_win_this_round = total_bonus_win_this_round: null

2019-08-10 23:48:11 - [TEST_STEP][PASSED] - M4_spin_total_bonus_win_this_round = M4_spin_total_bonus_win_this_round: null

2019-08-10 23:48:11 - [TEST_STEP][PASSED] - println("GlobalVariable.M4_spin_total_bonus_win_this_round is: " + M4_spin_total_bonus_win_this_round): null

2019-08-10 23:48:11 - [MESSAGE][PASSED] - Verify response successfully

2019-08-10 23:48:11 - [MESSAGE][PASSED] - Send request and verify the response successfully

2019-08-10 23:48:11 - [TEST_STEP][PASSED] - if (M4_total_bonus_spins_int != 0 &amp;&amp; M4_spin_reels_symbols[2].contains("WILD_ExtraFG") || M4_spin_reels_symbols[3].contains("WILD_ExtraFG")): null

2019-08-10 23:48:11 - [TEST_STEP][PASSED] - free_spin_reel_counter = free_spin_reel_counter: null

2019-08-10 23:48:11 - [TEST_STEP][PASSED] - M4_spin_reels_symbols = M4_spin_reels_symbols: null

2019-08-10 23:48:11 - [TEST_STEP][PASSED] - M4_total_bonus_spins = M4_total_bonus_spins: null

2019-08-10 23:48:11 - [TEST_STEP][PASSED] - spin_result = sendRequestAndVerify(findTestObject("RGS(M4)/1_M4_spin", ["M4_login_user_id":M4_login_user_id, "rgs_session_token":rgs_session_token, "partner":Partner])): Send request and verify the response successfully

2019-08-10 23:48:12 - [TEST_CASE][PASSED] - Start Test Case : Verification: Verification accomplished successfully

2019-08-10 23:48:12 - [TEST_STEP][PASSED] - request = getInstance().getCurrentRequest(): null

2019-08-10 23:48:12 - [TEST_STEP][PASSED] - response = getInstance().getCurrentResponse(): null

2019-08-10 23:48:12 - [TEST_STEP][PASSED] - verifyResponseStatusCode(response, 200): Verify response status code successfully

2019-08-10 23:48:12 - [MESSAGE][PASSED] - Verify response status code successfully

2019-08-10 23:48:12 - [TEST_STEP][PASSED] - getStatusCode()).isEqualTo(200): null

2019-08-10 23:48:12 - [TEST_STEP][PASSED] - newline = System.getProperty("line.separator"): null

2019-08-10 23:48:12 - [TEST_STEP][PASSED] - M4_spin = new groovy.json.JsonSlurper(): null

2019-08-10 23:48:12 - [TEST_STEP][PASSED] - result_M4_spin = M4_spin.parseText(response.getResponseBodyContent()): null

2019-08-10 23:48:12 - [TEST_STEP][PASSED] - M4_spin_current_balance = current_balance: null

2019-08-10 23:48:12 - [TEST_STEP][PASSED] - M4_spin_current_balance = M4_spin_current_balance: null

2019-08-10 23:48:12 - [TEST_STEP][PASSED] - M4_spin_transaction_id = causality: null

2019-08-10 23:48:12 - [TEST_STEP][PASSED] - M4_spin_transaction_id = M4_spin_transaction_id: null

2019-08-10 23:48:12 - [TEST_STEP][PASSED] - M4_spin_round_id = round_id: null

2019-08-10 23:48:12 - [TEST_STEP][PASSED] - M4_spin_round_id = M4_spin_round_id: null

2019-08-10 23:48:12 - [TEST_STEP][PASSED] - M4_spin_line_wins = line_wins: null

2019-08-10 23:48:12 - [TEST_STEP][PASSED] - M4_spin_line_wins = M4_spin_line_wins: null

2019-08-10 23:48:12 - [TEST_STEP][PASSED] - M4_total_bonus_spins_int = total_bonus_spins: null

2019-08-10 23:48:12 - [TEST_STEP][PASSED] - println("******M4_total_bonus_spins type is:*******" + newline + getClass().getName()): null

2019-08-10 23:48:12 - [TEST_STEP][PASSED] - M4_total_bonus_spins_int = M4_total_bonus_spins_int: null

2019-08-10 23:48:12 - [TEST_STEP][PASSED] - M4_total_bonus_spins = Integer.toString(M4_total_bonus_spins_int): null

2019-08-10 23:48:12 - [TEST_STEP][PASSED] - M4_total_bonus_spins = M4_total_bonus_spins: null

2019-08-10 23:48:12 - [TEST_STEP][PASSED] - println("M4_total_bonus_spins is:" + M4_total_bonus_spins): null

2019-08-10 23:48:12 - [TEST_STEP][PASSED] - M4_spin_bonus_data = bonus_data: null

2019-08-10 23:48:12 - [TEST_STEP][PASSED] - M4_spin_features_triggered = result_M4_spin: null

2019-08-10 23:48:12 - [TEST_STEP][PASSED] - wild = []: null

2019-08-10 23:48:12 - [TEST_STEP][PASSED] - wild[0] = "WILD_Expanding": null

2019-08-10 23:48:12 - [TEST_STEP][PASSED] - wild[1] = "WILD_Normal": null

2019-08-10 23:48:12 - [TEST_STEP][PASSED] - wild[2] = "WILD_Double": null

2019-08-10 23:48:12 - [TEST_STEP][PASSED] - wild[3] = "WILD_ExtraFG": null

2019-08-10 23:48:12 - [TEST_STEP][PASSED] - wild[4] = "WILD_Triple": null

2019-08-10 23:48:12 - [TEST_STEP][PASSED] - wildList = Arrays.asList(wild): null

2019-08-10 23:48:12 - [TEST_STEP][PASSED] - wildList = wildList: null

2019-08-10 23:48:12 - [TEST_STEP][PASSED] - free_spin_reel_counter = []: null

2019-08-10 23:48:12 - [TEST_STEP][PASSED] - free_spin_reel_counter[0] = 0: null

2019-08-10 23:48:12 - [TEST_STEP][PASSED] - free_spin_reel_counter[1] = 0: null

2019-08-10 23:48:12 - [TEST_STEP][PASSED] - free_spin_reel_counter[2] = 0: null

2019-08-10 23:48:12 - [TEST_STEP][PASSED] - M4_spin_reels = reels: null

2019-08-10 23:48:12 - [TEST_STEP][PASSED] - for ([i = 0, i &lt; M4_spin_reels.size(), (i++)]): null

2019-08-10 23:48:12 - [TEST_STEP][PASSED] - symbols = symbols: null

2019-08-10 23:48:12 - [TEST_STEP][PASSED] - for ([j = 0, j &lt; symbols.size(), (j++)]): null

2019-08-10 23:48:12 - [TEST_STEP][PASSED] - symbol = symbol: null

2019-08-10 23:48:12 - [TEST_STEP][PASSED] - println(symbol): null

2019-08-10 23:48:12 - [TEST_STEP][PASSED] - if (i == 2 &amp;&amp; wildList.indexOf(symbol) != -1): null

2019-08-10 23:48:12 - [TEST_STEP][PASSED] - if (i == 3 &amp;&amp; wildList.indexOf(symbol) != -1): null

2019-08-10 23:48:12 - [TEST_STEP][PASSED] - if (i == 4 &amp;&amp; wildList.indexOf(symbol) != -1): null

2019-08-10 23:48:12 - [TEST_STEP][PASSED] - symbol = symbol: null

2019-08-10 23:48:12 - [TEST_STEP][PASSED] - println(symbol): null

2019-08-10 23:48:12 - [TEST_STEP][PASSED] - if (i == 2 &amp;&amp; wildList.indexOf(symbol) != -1): null

2019-08-10 23:48:12 - [TEST_STEP][PASSED] - if (i == 3 &amp;&amp; wildList.indexOf(symbol) != -1): null

2019-08-10 23:48:12 - [TEST_STEP][PASSED] - if (i == 4 &amp;&amp; wildList.indexOf(symbol) != -1): null

2019-08-10 23:48:12 - [TEST_STEP][PASSED] - symbol = symbol: null

2019-08-10 23:48:12 - [TEST_STEP][PASSED] - println(symbol): null

2019-08-10 23:48:12 - [TEST_STEP][PASSED] - if (i == 2 &amp;&amp; wildList.indexOf(symbol) != -1): null

2019-08-10 23:48:12 - [TEST_STEP][PASSED] - if (i == 3 &amp;&amp; wildList.indexOf(symbol) != -1): null

2019-08-10 23:48:12 - [TEST_STEP][PASSED] - if (i == 4 &amp;&amp; wildList.indexOf(symbol) != -1): null

2019-08-10 23:48:12 - [TEST_STEP][PASSED] - symbols = symbols: null

2019-08-10 23:48:12 - [TEST_STEP][PASSED] - for ([j = 0, j &lt; symbols.size(), (j++)]): null

2019-08-10 23:48:12 - [TEST_STEP][PASSED] - symbol = symbol: null

2019-08-10 23:48:12 - [TEST_STEP][PASSED] - println(symbol): null

2019-08-10 23:48:12 - [TEST_STEP][PASSED] - if (i == 2 &amp;&amp; wildList.indexOf(symbol) != -1): null

2019-08-10 23:48:12 - [TEST_STEP][PASSED] - if (i == 3 &amp;&amp; wildList.indexOf(symbol) != -1): null

2019-08-10 23:48:12 - [TEST_STEP][PASSED] - if (i == 4 &amp;&amp; wildList.indexOf(symbol) != -1): null

2019-08-10 23:48:12 - [TEST_STEP][PASSED] - symbol = symbol: null

2019-08-10 23:48:12 - [TEST_STEP][PASSED] - println(symbol): null

2019-08-10 23:48:12 - [TEST_STEP][PASSED] - if (i == 2 &amp;&amp; wildList.indexOf(symbol) != -1): null

2019-08-10 23:48:12 - [TEST_STEP][PASSED] - if (i == 3 &amp;&amp; wildList.indexOf(symbol) != -1): null

2019-08-10 23:48:12 - [TEST_STEP][PASSED] - if (i == 4 &amp;&amp; wildList.indexOf(symbol) != -1): null

2019-08-10 23:48:12 - [TEST_STEP][PASSED] - symbol = symbol: null

2019-08-10 23:48:12 - [TEST_STEP][PASSED] - println(symbol): null

2019-08-10 23:48:12 - [TEST_STEP][PASSED] - if (i == 2 &amp;&amp; wildList.indexOf(symbol) != -1): null

2019-08-10 23:48:12 - [TEST_STEP][PASSED] - if (i == 3 &amp;&amp; wildList.indexOf(symbol) != -1): null

2019-08-10 23:48:12 - [TEST_STEP][PASSED] - if (i == 4 &amp;&amp; wildList.indexOf(symbol) != -1): null

2019-08-10 23:48:12 - [TEST_STEP][PASSED] - symbols = symbols: null

2019-08-10 23:48:12 - [TEST_STEP][PASSED] - for ([j = 0, j &lt; symbols.size(), (j++)]): null

2019-08-10 23:48:12 - [TEST_STEP][PASSED] - symbol = symbol: null

2019-08-10 23:48:12 - [TEST_STEP][PASSED] - println(symbol): null

2019-08-10 23:48:12 - [TEST_STEP][PASSED] - if (i == 2 &amp;&amp; wildList.indexOf(symbol) != -1): null

2019-08-10 23:48:12 - [TEST_STEP][PASSED] - if (i == 3 &amp;&amp; wildList.indexOf(symbol) != -1): null

2019-08-10 23:48:12 - [TEST_STEP][PASSED] - if (i == 4 &amp;&amp; wildList.indexOf(symbol) != -1): null

2019-08-10 23:48:12 - [TEST_STEP][PASSED] - symbol = symbol: null

2019-08-10 23:48:12 - [TEST_STEP][PASSED] - println(symbol): null

2019-08-10 23:48:12 - [TEST_STEP][PASSED] - if (i == 2 &amp;&amp; wildList.indexOf(symbol) != -1): null

2019-08-10 23:48:12 - [TEST_STEP][PASSED] - if (i == 3 &amp;&amp; wildList.indexOf(symbol) != -1): null

2019-08-10 23:48:12 - [TEST_STEP][PASSED] - if (i == 4 &amp;&amp; wildList.indexOf(symbol) != -1): null

2019-08-10 23:48:12 - [TEST_STEP][PASSED] - symbol = symbol: null

2019-08-10 23:48:12 - [TEST_STEP][PASSED] - println(symbol): null

2019-08-10 23:48:12 - [TEST_STEP][PASSED] - if (i == 2 &amp;&amp; wildList.indexOf(symbol) != -1): null

2019-08-10 23:48:12 - [TEST_STEP][PASSED] - if (i == 3 &amp;&amp; wildList.indexOf(symbol) != -1): null

2019-08-10 23:48:12 - [TEST_STEP][PASSED] - if (i == 4 &amp;&amp; wildList.indexOf(symbol) != -1): null

2019-08-10 23:48:12 - [TEST_STEP][PASSED] - symbols = symbols: null

2019-08-10 23:48:12 - [TEST_STEP][PASSED] - for ([j = 0, j &lt; symbols.size(), (j++)]): null

2019-08-10 23:48:12 - [TEST_STEP][PASSED] - symbol = symbol: null

2019-08-10 23:48:12 - [TEST_STEP][PASSED] - println(symbol): null

2019-08-10 23:48:12 - [TEST_STEP][PASSED] - if (i == 2 &amp;&amp; wildList.indexOf(symbol) != -1): null

2019-08-10 23:48:12 - [TEST_STEP][PASSED] - if (i == 3 &amp;&amp; wildList.indexOf(symbol) != -1): null

2019-08-10 23:48:12 - [TEST_STEP][PASSED] - if (i == 4 &amp;&amp; wildList.indexOf(symbol) != -1): null

2019-08-10 23:48:12 - [TEST_STEP][PASSED] - symbol = symbol: null

2019-08-10 23:48:12 - [TEST_STEP][PASSED] - println(symbol): null

2019-08-10 23:48:12 - [TEST_STEP][PASSED] - if (i == 2 &amp;&amp; wildList.indexOf(symbol) != -1): null

2019-08-10 23:48:12 - [TEST_STEP][PASSED] - if (i == 3 &amp;&amp; wildList.indexOf(symbol) != -1): null

2019-08-10 23:48:12 - [TEST_STEP][PASSED] - if (i == 4 &amp;&amp; wildList.indexOf(symbol) != -1): null

2019-08-10 23:48:12 - [TEST_STEP][PASSED] - symbol = symbol: null

2019-08-10 23:48:12 - [TEST_STEP][PASSED] - println(symbol): null

2019-08-10 23:48:12 - [TEST_STEP][PASSED] - if (i == 2 &amp;&amp; wildList.indexOf(symbol) != -1): null

2019-08-10 23:48:12 - [TEST_STEP][PASSED] - if (i == 3 &amp;&amp; wildList.indexOf(symbol) != -1): null

2019-08-10 23:48:12 - [TEST_STEP][PASSED] - if (i == 4 &amp;&amp; wildList.indexOf(symbol) != -1): null

2019-08-10 23:48:12 - [TEST_STEP][PASSED] - symbols = symbols: null

2019-08-10 23:48:12 - [TEST_STEP][PASSED] - for ([j = 0, j &lt; symbols.size(), (j++)]): null

2019-08-10 23:48:12 - [TEST_STEP][PASSED] - symbol = symbol: null

2019-08-10 23:48:12 - [TEST_STEP][PASSED] - println(symbol): null

2019-08-10 23:48:12 - [TEST_STEP][PASSED] - if (i == 2 &amp;&amp; wildList.indexOf(symbol) != -1): null

2019-08-10 23:48:12 - [TEST_STEP][PASSED] - if (i == 3 &amp;&amp; wildList.indexOf(symbol) != -1): null

2019-08-10 23:48:12 - [TEST_STEP][PASSED] - if (i == 4 &amp;&amp; wildList.indexOf(symbol) != -1): null

2019-08-10 23:48:12 - [TEST_STEP][PASSED] - symbol = symbol: null

2019-08-10 23:48:12 - [TEST_STEP][PASSED] - println(symbol): null

2019-08-10 23:48:12 - [TEST_STEP][PASSED] - if (i == 2 &amp;&amp; wildList.indexOf(symbol) != -1): null

2019-08-10 23:48:12 - [TEST_STEP][PASSED] - if (i == 3 &amp;&amp; wildList.indexOf(symbol) != -1): null

2019-08-10 23:48:12 - [TEST_STEP][PASSED] - if (i == 4 &amp;&amp; wildList.indexOf(symbol) != -1): null

2019-08-10 23:48:12 - [TEST_STEP][PASSED] - symbol = symbol: null

2019-08-10 23:48:12 - [TEST_STEP][PASSED] - println(symbol): null

2019-08-10 23:48:12 - [TEST_STEP][PASSED] - if (i == 2 &amp;&amp; wildList.indexOf(symbol) != -1): null

2019-08-10 23:48:12 - [TEST_STEP][PASSED] - if (i == 3 &amp;&amp; wildList.indexOf(symbol) != -1): null

2019-08-10 23:48:12 - [TEST_STEP][PASSED] - if (i == 4 &amp;&amp; wildList.indexOf(symbol) != -1): null

2019-08-10 23:48:12 - [TEST_STEP][PASSED] - free_spin_reel_counter = free_spin_reel_counter: null

2019-08-10 23:48:12 - [TEST_STEP][PASSED] - println("reel 3 wild found: " + free_spin_reel_counter[0]): null

2019-08-10 23:48:12 - [TEST_STEP][PASSED] - println("reel 4 wild found: " + free_spin_reel_counter[1]): null

2019-08-10 23:48:12 - [TEST_STEP][PASSED] - println("reel 5 wild found: " + free_spin_reel_counter[2]): null

2019-08-10 23:48:12 - [TEST_STEP][PASSED] - M4_spin_reels = M4_spin_reels: null

2019-08-10 23:48:12 - [TEST_STEP][PASSED] - M4_spin_reels_symbols = symbol: null

2019-08-10 23:48:12 - [TEST_STEP][PASSED] - M4_spin_reels_symbols = M4_spin_reels_symbols: null

2019-08-10 23:48:12 - [TEST_STEP][PASSED] - M4_spin_reel_wins = reel_wins: null

2019-08-10 23:48:12 - [TEST_STEP][PASSED] - M4_spin_reel_wins = M4_spin_reel_wins: null

2019-08-10 23:48:12 - [TEST_STEP][PASSED] - println("GlobalVariable.M4_spin_reel_wins is: " + M4_spin_reel_wins): null

2019-08-10 23:48:12 - [TEST_STEP][PASSED] - M4_spin_total_bonus_win_this_round = total_bonus_win_this_round: null

2019-08-10 23:48:12 - [TEST_STEP][PASSED] - M4_spin_total_bonus_win_this_round = M4_spin_total_bonus_win_this_round: null

2019-08-10 23:48:12 - [TEST_STEP][PASSED] - println("GlobalVariable.M4_spin_total_bonus_win_this_round is: " + M4_spin_total_bonus_win_this_round): null

2019-08-10 23:48:12 - [MESSAGE][PASSED] - Verify response successfully

2019-08-10 23:48:12 - [MESSAGE][PASSED] - Send request and verify the response successfully

2019-08-10 23:48:12 - [TEST_STEP][PASSED] - if (M4_total_bonus_spins_int != 0 &amp;&amp; M4_spin_reels_symbols[2].contains("WILD_ExtraFG") || M4_spin_reels_symbols[3].contains("WILD_ExtraFG")): null

2019-08-10 23:48:12 - [TEST_STEP][PASSED] - free_spin_reel_counter = free_spin_reel_counter: null

2019-08-10 23:48:12 - [TEST_STEP][PASSED] - M4_spin_reels_symbols = M4_spin_reels_symbols: null

2019-08-10 23:48:12 - [TEST_STEP][PASSED] - M4_total_bonus_spins = M4_total_bonus_spins: null

2019-08-10 23:48:12 - [TEST_STEP][PASSED] - spin_result = sendRequestAndVerify(findTestObject("RGS(M4)/1_M4_spin", ["M4_login_user_id":M4_login_user_id, "rgs_session_token":rgs_session_token, "partner":Partner])): Send request and verify the response successfully

2019-08-10 23:48:12 - [TEST_CASE][PASSED] - Start Test Case : Verification: Verification accomplished successfully

2019-08-10 23:48:12 - [TEST_STEP][PASSED] - request = getInstance().getCurrentRequest(): null

2019-08-10 23:48:12 - [TEST_STEP][PASSED] - response = getInstance().getCurrentResponse(): null

2019-08-10 23:48:12 - [TEST_STEP][PASSED] - verifyResponseStatusCode(response, 200): Verify response status code successfully

2019-08-10 23:48:12 - [MESSAGE][PASSED] - Verify response status code successfully

2019-08-10 23:48:12 - [TEST_STEP][PASSED] - getStatusCode()).isEqualTo(200): null

2019-08-10 23:48:12 - [TEST_STEP][PASSED] - newline = System.getProperty("line.separator"): null

2019-08-10 23:48:12 - [TEST_STEP][PASSED] - M4_spin = new groovy.json.JsonSlurper(): null

2019-08-10 23:48:12 - [TEST_STEP][PASSED] - result_M4_spin = M4_spin.parseText(response.getResponseBodyContent()): null

2019-08-10 23:48:12 - [TEST_STEP][PASSED] - M4_spin_current_balance = current_balance: null

2019-08-10 23:48:12 - [TEST_STEP][PASSED] - M4_spin_current_balance = M4_spin_current_balance: null

2019-08-10 23:48:12 - [TEST_STEP][PASSED] - M4_spin_transaction_id = causality: null

2019-08-10 23:48:12 - [TEST_STEP][PASSED] - M4_spin_transaction_id = M4_spin_transaction_id: null

2019-08-10 23:48:12 - [TEST_STEP][PASSED] - M4_spin_round_id = round_id: null

2019-08-10 23:48:12 - [TEST_STEP][PASSED] - M4_spin_round_id = M4_spin_round_id: null

2019-08-10 23:48:12 - [TEST_STEP][PASSED] - M4_spin_line_wins = line_wins: null

2019-08-10 23:48:12 - [TEST_STEP][PASSED] - M4_spin_line_wins = M4_spin_line_wins: null

2019-08-10 23:48:12 - [TEST_STEP][PASSED] - M4_total_bonus_spins_int = total_bonus_spins: null

2019-08-10 23:48:12 - [TEST_STEP][PASSED] - println("******M4_total_bonus_spins type is:*******" + newline + getClass().getName()): null

2019-08-10 23:48:12 - [TEST_STEP][PASSED] - M4_total_bonus_spins_int = M4_total_bonus_spins_int: null

2019-08-10 23:48:12 - [TEST_STEP][PASSED] - M4_total_bonus_spins = Integer.toString(M4_total_bonus_spins_int): null

2019-08-10 23:48:12 - [TEST_STEP][PASSED] - M4_total_bonus_spins = M4_total_bonus_spins: null

2019-08-10 23:48:12 - [TEST_STEP][PASSED] - println("M4_total_bonus_spins is:" + M4_total_bonus_spins): null

2019-08-10 23:48:12 - [TEST_STEP][PASSED] - M4_spin_bonus_data = bonus_data: null

2019-08-10 23:48:12 - [TEST_STEP][PASSED] - M4_spin_features_triggered = result_M4_spin: null

2019-08-10 23:48:12 - [TEST_STEP][PASSED] - wild = []: null

2019-08-10 23:48:12 - [TEST_STEP][PASSED] - wild[0] = "WILD_Expanding": null

2019-08-10 23:48:12 - [TEST_STEP][PASSED] - wild[1] = "WILD_Normal": null

2019-08-10 23:48:12 - [TEST_STEP][PASSED] - wild[2] = "WILD_Double": null

2019-08-10 23:48:12 - [TEST_STEP][PASSED] - wild[3] = "WILD_ExtraFG": null

2019-08-10 23:48:12 - [TEST_STEP][PASSED] - wild[4] = "WILD_Triple": null

2019-08-10 23:48:12 - [TEST_STEP][PASSED] - wildList = Arrays.asList(wild): null

2019-08-10 23:48:12 - [TEST_STEP][PASSED] - wildList = wildList: null

2019-08-10 23:48:12 - [TEST_STEP][PASSED] - free_spin_reel_counter = []: null

2019-08-10 23:48:12 - [TEST_STEP][PASSED] - free_spin_reel_counter[0] = 0: null

2019-08-10 23:48:12 - [TEST_STEP][PASSED] - free_spin_reel_counter[1] = 0: null

2019-08-10 23:48:12 - [TEST_STEP][PASSED] - free_spin_reel_counter[2] = 0: null

2019-08-10 23:48:12 - [TEST_STEP][PASSED] - M4_spin_reels = reels: null

2019-08-10 23:48:12 - [TEST_STEP][PASSED] - for ([i = 0, i &lt; M4_spin_reels.size(), (i++)]): null

2019-08-10 23:48:12 - [TEST_STEP][PASSED] - symbols = symbols: null

2019-08-10 23:48:12 - [TEST_STEP][PASSED] - for ([j = 0, j &lt; symbols.size(), (j++)]): null

2019-08-10 23:48:12 - [TEST_STEP][PASSED] - symbol = symbol: null

2019-08-10 23:48:12 - [TEST_STEP][PASSED] - println(symbol): null

2019-08-10 23:48:12 - [TEST_STEP][PASSED] - if (i == 2 &amp;&amp; wildList.indexOf(symbol) != -1): null

2019-08-10 23:48:12 - [TEST_STEP][PASSED] - if (i == 3 &amp;&amp; wildList.indexOf(symbol) != -1): null

2019-08-10 23:48:12 - [TEST_STEP][PASSED] - if (i == 4 &amp;&amp; wildList.indexOf(symbol) != -1): null

2019-08-10 23:48:12 - [TEST_STEP][PASSED] - symbol = symbol: null

2019-08-10 23:48:12 - [TEST_STEP][PASSED] - println(symbol): null

2019-08-10 23:48:12 - [TEST_STEP][PASSED] - if (i == 2 &amp;&amp; wildList.indexOf(symbol) != -1): null

2019-08-10 23:48:12 - [TEST_STEP][PASSED] - if (i == 3 &amp;&amp; wildList.indexOf(symbol) != -1): null

2019-08-10 23:48:12 - [TEST_STEP][PASSED] - if (i == 4 &amp;&amp; wildList.indexOf(symbol) != -1): null

2019-08-10 23:48:12 - [TEST_STEP][PASSED] - symbol = symbol: null

2019-08-10 23:48:12 - [TEST_STEP][PASSED] - println(symbol): null

2019-08-10 23:48:12 - [TEST_STEP][PASSED] - if (i == 2 &amp;&amp; wildList.indexOf(symbol) != -1): null

2019-08-10 23:48:12 - [TEST_STEP][PASSED] - if (i == 3 &amp;&amp; wildList.indexOf(symbol) != -1): null

2019-08-10 23:48:12 - [TEST_STEP][PASSED] - if (i == 4 &amp;&amp; wildList.indexOf(symbol) != -1): null

2019-08-10 23:48:12 - [TEST_STEP][PASSED] - symbols = symbols: null

2019-08-10 23:48:12 - [TEST_STEP][PASSED] - for ([j = 0, j &lt; symbols.size(), (j++)]): null

2019-08-10 23:48:12 - [TEST_STEP][PASSED] - symbol = symbol: null

2019-08-10 23:48:12 - [TEST_STEP][PASSED] - println(symbol): null

2019-08-10 23:48:12 - [TEST_STEP][PASSED] - if (i == 2 &amp;&amp; wildList.indexOf(symbol) != -1): null

2019-08-10 23:48:12 - [TEST_STEP][PASSED] - if (i == 3 &amp;&amp; wildList.indexOf(symbol) != -1): null

2019-08-10 23:48:12 - [TEST_STEP][PASSED] - if (i == 4 &amp;&amp; wildList.indexOf(symbol) != -1): null

2019-08-10 23:48:12 - [TEST_STEP][PASSED] - symbol = symbol: null

2019-08-10 23:48:12 - [TEST_STEP][PASSED] - println(symbol): null

2019-08-10 23:48:12 - [TEST_STEP][PASSED] - if (i == 2 &amp;&amp; wildList.indexOf(symbol) != -1): null

2019-08-10 23:48:12 - [TEST_STEP][PASSED] - if (i == 3 &amp;&amp; wildList.indexOf(symbol) != -1): null

2019-08-10 23:48:12 - [TEST_STEP][PASSED] - if (i == 4 &amp;&amp; wildList.indexOf(symbol) != -1): null

2019-08-10 23:48:12 - [TEST_STEP][PASSED] - symbol = symbol: null

2019-08-10 23:48:12 - [TEST_STEP][PASSED] - println(symbol): null

2019-08-10 23:48:12 - [TEST_STEP][PASSED] - if (i == 2 &amp;&amp; wildList.indexOf(symbol) != -1): null

2019-08-10 23:48:12 - [TEST_STEP][PASSED] - if (i == 3 &amp;&amp; wildList.indexOf(symbol) != -1): null

2019-08-10 23:48:12 - [TEST_STEP][PASSED] - if (i == 4 &amp;&amp; wildList.indexOf(symbol) != -1): null

2019-08-10 23:48:12 - [TEST_STEP][PASSED] - symbols = symbols: null

2019-08-10 23:48:12 - [TEST_STEP][PASSED] - for ([j = 0, j &lt; symbols.size(), (j++)]): null

2019-08-10 23:48:12 - [TEST_STEP][PASSED] - symbol = symbol: null

2019-08-10 23:48:12 - [TEST_STEP][PASSED] - println(symbol): null

2019-08-10 23:48:12 - [TEST_STEP][PASSED] - if (i == 2 &amp;&amp; wildList.indexOf(symbol) != -1): null

2019-08-10 23:48:12 - [TEST_STEP][PASSED] - if (i == 3 &amp;&amp; wildList.indexOf(symbol) != -1): null

2019-08-10 23:48:12 - [TEST_STEP][PASSED] - if (i == 4 &amp;&amp; wildList.indexOf(symbol) != -1): null

2019-08-10 23:48:12 - [TEST_STEP][PASSED] - symbol = symbol: null

2019-08-10 23:48:12 - [TEST_STEP][PASSED] - println(symbol): null

2019-08-10 23:48:12 - [TEST_STEP][PASSED] - if (i == 2 &amp;&amp; wildList.indexOf(symbol) != -1): null

2019-08-10 23:48:12 - [TEST_STEP][PASSED] - if (i == 3 &amp;&amp; wildList.indexOf(symbol) != -1): null

2019-08-10 23:48:12 - [TEST_STEP][PASSED] - if (i == 4 &amp;&amp; wildList.indexOf(symbol) != -1): null

2019-08-10 23:48:12 - [TEST_STEP][PASSED] - symbol = symbol: null

2019-08-10 23:48:12 - [TEST_STEP][PASSED] - println(symbol): null

2019-08-10 23:48:12 - [TEST_STEP][PASSED] - if (i == 2 &amp;&amp; wildList.indexOf(symbol) != -1): null

2019-08-10 23:48:12 - [TEST_STEP][PASSED] - if (i == 3 &amp;&amp; wildList.indexOf(symbol) != -1): null

2019-08-10 23:48:12 - [TEST_STEP][PASSED] - if (i == 4 &amp;&amp; wildList.indexOf(symbol) != -1): null

2019-08-10 23:48:12 - [TEST_STEP][PASSED] - symbols = symbols: null

2019-08-10 23:48:12 - [TEST_STEP][PASSED] - for ([j = 0, j &lt; symbols.size(), (j++)]): null

2019-08-10 23:48:12 - [TEST_STEP][PASSED] - symbol = symbol: null

2019-08-10 23:48:12 - [TEST_STEP][PASSED] - println(symbol): null

2019-08-10 23:48:12 - [TEST_STEP][PASSED] - if (i == 2 &amp;&amp; wildList.indexOf(symbol) != -1): null

2019-08-10 23:48:12 - [TEST_STEP][PASSED] - if (i == 3 &amp;&amp; wildList.indexOf(symbol) != -1): null

2019-08-10 23:48:12 - [TEST_STEP][PASSED] - println("wild found on reel 4, adding counter by 1"): null

2019-08-10 23:48:12 - [TEST_STEP][PASSED] - free_spin_reel_counter[1] = free_spin_reel_counter[1] + 1: null

2019-08-10 23:48:12 - [TEST_STEP][PASSED] - if (i == 4 &amp;&amp; wildList.indexOf(symbol) != -1): null

2019-08-10 23:48:12 - [TEST_STEP][PASSED] - symbol = symbol: null

2019-08-10 23:48:12 - [TEST_STEP][PASSED] - println(symbol): null

2019-08-10 23:48:12 - [TEST_STEP][PASSED] - if (i == 2 &amp;&amp; wildList.indexOf(symbol) != -1): null

2019-08-10 23:48:12 - [TEST_STEP][PASSED] - if (i == 3 &amp;&amp; wildList.indexOf(symbol) != -1): null

2019-08-10 23:48:12 - [TEST_STEP][PASSED] - if (i == 4 &amp;&amp; wildList.indexOf(symbol) != -1): null

2019-08-10 23:48:12 - [TEST_STEP][PASSED] - symbol = symbol: null

2019-08-10 23:48:12 - [TEST_STEP][PASSED] - println(symbol): null

2019-08-10 23:48:12 - [TEST_STEP][PASSED] - if (i == 2 &amp;&amp; wildList.indexOf(symbol) != -1): null

2019-08-10 23:48:12 - [TEST_STEP][PASSED] - if (i == 3 &amp;&amp; wildList.indexOf(symbol) != -1): null

2019-08-10 23:48:12 - [TEST_STEP][PASSED] - if (i == 4 &amp;&amp; wildList.indexOf(symbol) != -1): null

2019-08-10 23:48:12 - [TEST_STEP][PASSED] - symbols = symbols: null

2019-08-10 23:48:12 - [TEST_STEP][PASSED] - for ([j = 0, j &lt; symbols.size(), (j++)]): null

2019-08-10 23:48:12 - [TEST_STEP][PASSED] - symbol = symbol: null

2019-08-10 23:48:12 - [TEST_STEP][PASSED] - println(symbol): null

2019-08-10 23:48:12 - [TEST_STEP][PASSED] - if (i == 2 &amp;&amp; wildList.indexOf(symbol) != -1): null

2019-08-10 23:48:12 - [TEST_STEP][PASSED] - if (i == 3 &amp;&amp; wildList.indexOf(symbol) != -1): null

2019-08-10 23:48:12 - [TEST_STEP][PASSED] - if (i == 4 &amp;&amp; wildList.indexOf(symbol) != -1): null

2019-08-10 23:48:12 - [TEST_STEP][PASSED] - symbol = symbol: null

2019-08-10 23:48:12 - [TEST_STEP][PASSED] - println(symbol): null

2019-08-10 23:48:12 - [TEST_STEP][PASSED] - if (i == 2 &amp;&amp; wildList.indexOf(symbol) != -1): null

2019-08-10 23:48:12 - [TEST_STEP][PASSED] - if (i == 3 &amp;&amp; wildList.indexOf(symbol) != -1): null

2019-08-10 23:48:12 - [TEST_STEP][PASSED] - if (i == 4 &amp;&amp; wildList.indexOf(symbol) != -1): null

2019-08-10 23:48:12 - [TEST_STEP][PASSED] - symbol = symbol: null

2019-08-10 23:48:12 - [TEST_STEP][PASSED] - println(symbol): null

2019-08-10 23:48:12 - [TEST_STEP][PASSED] - if (i == 2 &amp;&amp; wildList.indexOf(symbol) != -1): null

2019-08-10 23:48:12 - [TEST_STEP][PASSED] - if (i == 3 &amp;&amp; wildList.indexOf(symbol) != -1): null

2019-08-10 23:48:12 - [TEST_STEP][PASSED] - if (i == 4 &amp;&amp; wildList.indexOf(symbol) != -1): null

2019-08-10 23:48:12 - [TEST_STEP][PASSED] - free_spin_reel_counter = free_spin_reel_counter: null

2019-08-10 23:48:12 - [TEST_STEP][PASSED] - println("reel 3 wild found: " + free_spin_reel_counter[0]): null

2019-08-10 23:48:12 - [TEST_STEP][PASSED] - println("reel 4 wild found: " + free_spin_reel_counter[1]): null

2019-08-10 23:48:12 - [TEST_STEP][PASSED] - println("reel 5 wild found: " + free_spin_reel_counter[2]): null

2019-08-10 23:48:12 - [TEST_STEP][PASSED] - M4_spin_reels = M4_spin_reels: null

2019-08-10 23:48:12 - [TEST_STEP][PASSED] - M4_spin_reels_symbols = symbol: null

2019-08-10 23:48:12 - [TEST_STEP][PASSED] - M4_spin_reels_symbols = M4_spin_reels_symbols: null

2019-08-10 23:48:12 - [TEST_STEP][PASSED] - M4_spin_reel_wins = reel_wins: null

2019-08-10 23:48:12 - [TEST_STEP][PASSED] - M4_spin_reel_wins = M4_spin_reel_wins: null

2019-08-10 23:48:12 - [TEST_STEP][PASSED] - println("GlobalVariable.M4_spin_reel_wins is: " + M4_spin_reel_wins): null

2019-08-10 23:48:12 - [TEST_STEP][PASSED] - M4_spin_total_bonus_win_this_round = total_bonus_win_this_round: null

2019-08-10 23:48:12 - [TEST_STEP][PASSED] - M4_spin_total_bonus_win_this_round = M4_spin_total_bonus_win_this_round: null

2019-08-10 23:48:12 - [TEST_STEP][PASSED] - println("GlobalVariable.M4_spin_total_bonus_win_this_round is: " + M4_spin_total_bonus_win_this_round): null

2019-08-10 23:48:12 - [MESSAGE][PASSED] - Verify response successfully

2019-08-10 23:48:12 - [MESSAGE][PASSED] - Send request and verify the response successfully

2019-08-10 23:48:12 - [TEST_STEP][PASSED] - if (M4_total_bonus_spins_int != 0 &amp;&amp; M4_spin_reels_symbols[2].contains("WILD_ExtraFG") || M4_spin_reels_symbols[3].contains("WILD_ExtraFG")): null

2019-08-10 23:48:12 - [TEST_STEP][PASSED] - free_spin_reel_counter = free_spin_reel_counter: null

2019-08-10 23:48:12 - [TEST_STEP][PASSED] - M4_spin_reels_symbols = M4_spin_reels_symbols: null

2019-08-10 23:48:12 - [TEST_STEP][PASSED] - M4_total_bonus_spins = M4_total_bonus_spins: null

2019-08-10 23:48:12 - [TEST_STEP][PASSED] - spin_result = sendRequestAndVerify(findTestObject("RGS(M4)/1_M4_spin", ["M4_login_user_id":M4_login_user_id, "rgs_session_token":rgs_session_token, "partner":Partner])): Send request and verify the response successfully

2019-08-10 23:48:12 - [TEST_CASE][PASSED] - Start Test Case : Verification: Verification accomplished successfully

2019-08-10 23:48:12 - [TEST_STEP][PASSED] - request = getInstance().getCurrentRequest(): null

2019-08-10 23:48:12 - [TEST_STEP][PASSED] - response = getInstance().getCurrentResponse(): null

2019-08-10 23:48:12 - [TEST_STEP][PASSED] - verifyResponseStatusCode(response, 200): Verify response status code successfully

2019-08-10 23:48:12 - [MESSAGE][PASSED] - Verify response status code successfully

2019-08-10 23:48:12 - [TEST_STEP][PASSED] - getStatusCode()).isEqualTo(200): null

2019-08-10 23:48:16 - [TEST_STEP][PASSED] - newline = System.getProperty("line.separator"): null

2019-08-10 23:48:16 - [TEST_STEP][PASSED] - M4_spin = new groovy.json.JsonSlurper(): null

2019-08-10 23:48:16 - [TEST_STEP][PASSED] - result_M4_spin = M4_spin.parseText(response.getResponseBodyContent()): null

2019-08-10 23:48:16 - [TEST_STEP][PASSED] - M4_spin_current_balance = current_balance: null

2019-08-10 23:48:16 - [TEST_STEP][PASSED] - M4_spin_current_balance = M4_spin_current_balance: null

2019-08-10 23:48:16 - [TEST_STEP][PASSED] - M4_spin_transaction_id = causality: null

2019-08-10 23:48:16 - [TEST_STEP][PASSED] - M4_spin_transaction_id = M4_spin_transaction_id: null

2019-08-10 23:48:16 - [TEST_STEP][PASSED] - M4_spin_round_id = round_id: null

2019-08-10 23:48:16 - [TEST_STEP][PASSED] - M4_spin_round_id = M4_spin_round_id: null

2019-08-10 23:48:16 - [TEST_STEP][PASSED] - M4_spin_line_wins = line_wins: null

2019-08-10 23:48:22 - [TEST_STEP][PASSED] - M4_spin_line_wins = M4_spin_line_wins: null

2019-08-10 23:48:22 - [TEST_STEP][PASSED] - M4_total_bonus_spins_int = total_bonus_spins: null

2019-08-10 23:48:22 - [TEST_STEP][PASSED] - println("******M4_total_bonus_spins type is:*******" + newline + getClass().getName()): null

2019-08-10 23:48:22 - [TEST_STEP][PASSED] - M4_total_bonus_spins_int = M4_total_bonus_spins_int: null

2019-08-10 23:48:22 - [TEST_STEP][PASSED] - M4_total_bonus_spins = Integer.toString(M4_total_bonus_spins_int): null

2019-08-10 23:48:27 - [TEST_STEP][PASSED] - M4_total_bonus_spins = M4_total_bonus_spins: null

2019-08-10 23:48:27 - [TEST_STEP][PASSED] - println("M4_total_bonus_spins is:" + M4_total_bonus_spins): null

2019-08-10 23:48:27 - [TEST_STEP][PASSED] - M4_spin_bonus_data = bonus_data: null

2019-08-10 23:48:27 - [TEST_STEP][PASSED] - M4_spin_features_triggered = result_M4_spin: null

2019-08-10 23:48:27 - [TEST_STEP][PASSED] - wild = []: null

2019-08-10 23:48:27 - [TEST_STEP][PASSED] - wild[0] = "WILD_Expanding": null

2019-08-10 23:48:27 - [TEST_STEP][PASSED] - wild[1] = "WILD_Normal": null

2019-08-10 23:48:27 - [TEST_STEP][PASSED] - wild[2] = "WILD_Double": null

2019-08-10 23:48:27 - [TEST_STEP][PASSED] - wild[3] = "WILD_ExtraFG": null

2019-08-10 23:48:27 - [TEST_STEP][PASSED] - wild[4] = "WILD_Triple": null

2019-08-10 23:48:27 - [TEST_STEP][PASSED] - wildList = Arrays.asList(wild): null

2019-08-10 23:48:27 - [TEST_STEP][PASSED] - wildList = wildList: null

2019-08-10 23:48:27 - [TEST_STEP][PASSED] - free_spin_reel_counter = []: null

2019-08-10 23:48:27 - [TEST_STEP][PASSED] - free_spin_reel_counter[0] = 0: null

2019-08-10 23:48:27 - [TEST_STEP][PASSED] - free_spin_reel_counter[1] = 0: null

2019-08-10 23:48:27 - [TEST_STEP][PASSED] - free_spin_reel_counter[2] = 0: null

2019-08-10 23:48:27 - [TEST_STEP][PASSED] - M4_spin_reels = reels: null

2019-08-10 23:48:27 - [TEST_STEP][PASSED] - for ([i = 0, i &lt; M4_spin_reels.size(), (i++)]): null

2019-08-10 23:48:27 - [TEST_STEP][PASSED] - symbols = symbols: null

2019-08-10 23:48:27 - [TEST_STEP][PASSED] - for ([j = 0, j &lt; symbols.size(), (j++)]): null

2019-08-10 23:48:27 - [TEST_STEP][PASSED] - symbol = symbol: null

2019-08-10 23:48:27 - [TEST_STEP][PASSED] - println(symbol): null

2019-08-10 23:48:27 - [TEST_STEP][PASSED] - if (i == 2 &amp;&amp; wildList.indexOf(symbol) != -1): null

2019-08-10 23:48:27 - [TEST_STEP][PASSED] - if (i == 3 &amp;&amp; wildList.indexOf(symbol) != -1): null

2019-08-10 23:48:27 - [TEST_STEP][PASSED] - if (i == 4 &amp;&amp; wildList.indexOf(symbol) != -1): null

2019-08-10 23:48:27 - [TEST_STEP][PASSED] - symbol = symbol: null

2019-08-10 23:48:27 - [TEST_STEP][PASSED] - println(symbol): null

2019-08-10 23:48:27 - [TEST_STEP][PASSED] - if (i == 2 &amp;&amp; wildList.indexOf(symbol) != -1): null

2019-08-10 23:48:27 - [TEST_STEP][PASSED] - if (i == 3 &amp;&amp; wildList.indexOf(symbol) != -1): null

2019-08-10 23:48:27 - [TEST_STEP][PASSED] - if (i == 4 &amp;&amp; wildList.indexOf(symbol) != -1): null

2019-08-10 23:48:27 - [TEST_STEP][PASSED] - symbol = symbol: null

2019-08-10 23:48:27 - [TEST_STEP][PASSED] - println(symbol): null

2019-08-10 23:48:27 - [TEST_STEP][PASSED] - if (i == 2 &amp;&amp; wildList.indexOf(symbol) != -1): null

2019-08-10 23:48:27 - [TEST_STEP][PASSED] - if (i == 3 &amp;&amp; wildList.indexOf(symbol) != -1): null

2019-08-10 23:48:27 - [TEST_STEP][PASSED] - if (i == 4 &amp;&amp; wildList.indexOf(symbol) != -1): null

2019-08-10 23:48:27 - [TEST_STEP][PASSED] - symbols = symbols: null

2019-08-10 23:48:27 - [TEST_STEP][PASSED] - for ([j = 0, j &lt; symbols.size(), (j++)]): null

2019-08-10 23:48:27 - [TEST_STEP][PASSED] - symbol = symbol: null

2019-08-10 23:48:27 - [TEST_STEP][PASSED] - println(symbol): null

2019-08-10 23:48:27 - [TEST_STEP][PASSED] - if (i == 2 &amp;&amp; wildList.indexOf(symbol) != -1): null

2019-08-10 23:48:27 - [TEST_STEP][PASSED] - if (i == 3 &amp;&amp; wildList.indexOf(symbol) != -1): null

2019-08-10 23:48:27 - [TEST_STEP][PASSED] - if (i == 4 &amp;&amp; wildList.indexOf(symbol) != -1): null

2019-08-10 23:48:27 - [TEST_STEP][PASSED] - symbol = symbol: null

2019-08-10 23:48:27 - [TEST_STEP][PASSED] - println(symbol): null

2019-08-10 23:48:27 - [TEST_STEP][PASSED] - if (i == 2 &amp;&amp; wildList.indexOf(symbol) != -1): null

2019-08-10 23:48:27 - [TEST_STEP][PASSED] - if (i == 3 &amp;&amp; wildList.indexOf(symbol) != -1): null

2019-08-10 23:48:27 - [TEST_STEP][PASSED] - if (i == 4 &amp;&amp; wildList.indexOf(symbol) != -1): null

2019-08-10 23:48:27 - [TEST_STEP][PASSED] - symbol = symbol: null

2019-08-10 23:48:27 - [TEST_STEP][PASSED] - println(symbol): null

2019-08-10 23:48:27 - [TEST_STEP][PASSED] - if (i == 2 &amp;&amp; wildList.indexOf(symbol) != -1): null

2019-08-10 23:48:27 - [TEST_STEP][PASSED] - if (i == 3 &amp;&amp; wildList.indexOf(symbol) != -1): null

2019-08-10 23:48:27 - [TEST_STEP][PASSED] - if (i == 4 &amp;&amp; wildList.indexOf(symbol) != -1): null

2019-08-10 23:48:27 - [TEST_STEP][PASSED] - symbols = symbols: null

2019-08-10 23:48:27 - [TEST_STEP][PASSED] - for ([j = 0, j &lt; symbols.size(), (j++)]): null

2019-08-10 23:48:27 - [TEST_STEP][PASSED] - symbol = symbol: null

2019-08-10 23:48:27 - [TEST_STEP][PASSED] - println(symbol): null

2019-08-10 23:48:27 - [TEST_STEP][PASSED] - if (i == 2 &amp;&amp; wildList.indexOf(symbol) != -1): null

2019-08-10 23:48:27 - [TEST_STEP][PASSED] - if (i == 3 &amp;&amp; wildList.indexOf(symbol) != -1): null

2019-08-10 23:48:27 - [TEST_STEP][PASSED] - if (i == 4 &amp;&amp; wildList.indexOf(symbol) != -1): null

2019-08-10 23:48:27 - [TEST_STEP][PASSED] - symbol = symbol: null

2019-08-10 23:48:27 - [TEST_STEP][PASSED] - println(symbol): null

2019-08-10 23:48:27 - [TEST_STEP][PASSED] - if (i == 2 &amp;&amp; wildList.indexOf(symbol) != -1): null

2019-08-10 23:48:27 - [TEST_STEP][PASSED] - if (i == 3 &amp;&amp; wildList.indexOf(symbol) != -1): null

2019-08-10 23:48:27 - [TEST_STEP][PASSED] - if (i == 4 &amp;&amp; wildList.indexOf(symbol) != -1): null

2019-08-10 23:48:27 - [TEST_STEP][PASSED] - symbol = symbol: null

2019-08-10 23:48:27 - [TEST_STEP][PASSED] - println(symbol): null

2019-08-10 23:48:27 - [TEST_STEP][PASSED] - if (i == 2 &amp;&amp; wildList.indexOf(symbol) != -1): null

2019-08-10 23:48:27 - [TEST_STEP][PASSED] - if (i == 3 &amp;&amp; wildList.indexOf(symbol) != -1): null

2019-08-10 23:48:27 - [TEST_STEP][PASSED] - if (i == 4 &amp;&amp; wildList.indexOf(symbol) != -1): null

2019-08-10 23:48:27 - [TEST_STEP][PASSED] - symbols = symbols: null

2019-08-10 23:48:27 - [TEST_STEP][PASSED] - for ([j = 0, j &lt; symbols.size(), (j++)]): null

2019-08-10 23:48:27 - [TEST_STEP][PASSED] - symbol = symbol: null

2019-08-10 23:48:27 - [TEST_STEP][PASSED] - println(symbol): null

2019-08-10 23:48:27 - [TEST_STEP][PASSED] - if (i == 2 &amp;&amp; wildList.indexOf(symbol) != -1): null

2019-08-10 23:48:27 - [TEST_STEP][PASSED] - if (i == 3 &amp;&amp; wildList.indexOf(symbol) != -1): null

2019-08-10 23:48:27 - [TEST_STEP][PASSED] - if (i == 4 &amp;&amp; wildList.indexOf(symbol) != -1): null

2019-08-10 23:48:27 - [TEST_STEP][PASSED] - symbol = symbol: null

2019-08-10 23:48:27 - [TEST_STEP][PASSED] - println(symbol): null

2019-08-10 23:48:27 - [TEST_STEP][PASSED] - if (i == 2 &amp;&amp; wildList.indexOf(symbol) != -1): null

2019-08-10 23:48:27 - [TEST_STEP][PASSED] - if (i == 3 &amp;&amp; wildList.indexOf(symbol) != -1): null

2019-08-10 23:48:27 - [TEST_STEP][PASSED] - if (i == 4 &amp;&amp; wildList.indexOf(symbol) != -1): null

2019-08-10 23:48:27 - [TEST_STEP][PASSED] - symbol = symbol: null

2019-08-10 23:48:27 - [TEST_STEP][PASSED] - println(symbol): null

2019-08-10 23:48:27 - [TEST_STEP][PASSED] - if (i == 2 &amp;&amp; wildList.indexOf(symbol) != -1): null

2019-08-10 23:48:27 - [TEST_STEP][PASSED] - if (i == 3 &amp;&amp; wildList.indexOf(symbol) != -1): null

2019-08-10 23:48:27 - [TEST_STEP][PASSED] - if (i == 4 &amp;&amp; wildList.indexOf(symbol) != -1): null

2019-08-10 23:48:27 - [TEST_STEP][PASSED] - symbols = symbols: null

2019-08-10 23:48:27 - [TEST_STEP][PASSED] - for ([j = 0, j &lt; symbols.size(), (j++)]): null

2019-08-10 23:48:27 - [TEST_STEP][PASSED] - symbol = symbol: null

2019-08-10 23:48:27 - [TEST_STEP][PASSED] - println(symbol): null

2019-08-10 23:48:27 - [TEST_STEP][PASSED] - if (i == 2 &amp;&amp; wildList.indexOf(symbol) != -1): null

2019-08-10 23:48:27 - [TEST_STEP][PASSED] - if (i == 3 &amp;&amp; wildList.indexOf(symbol) != -1): null

2019-08-10 23:48:27 - [TEST_STEP][PASSED] - if (i == 4 &amp;&amp; wildList.indexOf(symbol) != -1): null

2019-08-10 23:48:27 - [TEST_STEP][PASSED] - symbol = symbol: null

2019-08-10 23:48:27 - [TEST_STEP][PASSED] - println(symbol): null

2019-08-10 23:48:27 - [TEST_STEP][PASSED] - if (i == 2 &amp;&amp; wildList.indexOf(symbol) != -1): null

2019-08-10 23:48:27 - [TEST_STEP][PASSED] - if (i == 3 &amp;&amp; wildList.indexOf(symbol) != -1): null

2019-08-10 23:48:27 - [TEST_STEP][PASSED] - if (i == 4 &amp;&amp; wildList.indexOf(symbol) != -1): null

2019-08-10 23:48:27 - [TEST_STEP][PASSED] - symbol = symbol: null

2019-08-10 23:48:27 - [TEST_STEP][PASSED] - println(symbol): null

2019-08-10 23:48:27 - [TEST_STEP][PASSED] - if (i == 2 &amp;&amp; wildList.indexOf(symbol) != -1): null

2019-08-10 23:48:27 - [TEST_STEP][PASSED] - if (i == 3 &amp;&amp; wildList.indexOf(symbol) != -1): null

2019-08-10 23:48:27 - [TEST_STEP][PASSED] - if (i == 4 &amp;&amp; wildList.indexOf(symbol) != -1): null

2019-08-10 23:48:27 - [TEST_STEP][PASSED] - free_spin_reel_counter = free_spin_reel_counter: null

2019-08-10 23:48:27 - [TEST_STEP][PASSED] - println("reel 3 wild found: " + free_spin_reel_counter[0]): null

2019-08-10 23:48:27 - [TEST_STEP][PASSED] - println("reel 4 wild found: " + free_spin_reel_counter[1]): null

2019-08-10 23:48:27 - [TEST_STEP][PASSED] - println("reel 5 wild found: " + free_spin_reel_counter[2]): null

2019-08-10 23:48:27 - [TEST_STEP][PASSED] - M4_spin_reels = M4_spin_reels: null

2019-08-10 23:48:27 - [TEST_STEP][PASSED] - M4_spin_reels_symbols = symbol: null

2019-08-10 23:48:27 - [TEST_STEP][PASSED] - M4_spin_reels_symbols = M4_spin_reels_symbols: null

2019-08-10 23:48:27 - [TEST_STEP][PASSED] - M4_spin_reel_wins = reel_wins: null

2019-08-10 23:48:27 - [TEST_STEP][PASSED] - M4_spin_reel_wins = M4_spin_reel_wins: null

2019-08-10 23:48:27 - [TEST_STEP][PASSED] - println("GlobalVariable.M4_spin_reel_wins is: " + M4_spin_reel_wins): null

2019-08-10 23:48:27 - [TEST_STEP][PASSED] - M4_spin_total_bonus_win_this_round = total_bonus_win_this_round: null

2019-08-10 23:48:27 - [TEST_STEP][PASSED] - M4_spin_total_bonus_win_this_round = M4_spin_total_bonus_win_this_round: null

2019-08-10 23:48:27 - [TEST_STEP][PASSED] - println("GlobalVariable.M4_spin_total_bonus_win_this_round is: " + M4_spin_total_bonus_win_this_round): null

2019-08-10 23:48:27 - [MESSAGE][PASSED] - Verify response successfully

2019-08-10 23:48:27 - [MESSAGE][PASSED] - Send request and verify the response successfully

2019-08-10 23:48:27 - [TEST_STEP][PASSED] - if (M4_total_bonus_spins_int != 0 &amp;&amp; M4_spin_reels_symbols[2].contains("WILD_ExtraFG") || M4_spin_reels_symbols[3].contains("WILD_ExtraFG")): null

2019-08-10 23:48:27 - [TEST_STEP][PASSED] - free_spin_reel_counter = free_spin_reel_counter: null

2019-08-10 23:48:27 - [TEST_STEP][PASSED] - M4_spin_reels_symbols = M4_spin_reels_symbols: null

2019-08-10 23:48:27 - [TEST_STEP][PASSED] - M4_total_bonus_spins = M4_total_bonus_spins: null

2019-08-10 23:48:27 - [TEST_STEP][PASSED] - spin_result = sendRequestAndVerify(findTestObject("RGS(M4)/1_M4_spin", ["M4_login_user_id":M4_login_user_id, "rgs_session_token":rgs_session_token, "partner":Partner])): Send request and verify the response successfully

2019-08-10 23:48:29 - [TEST_CASE][PASSED] - Start Test Case : Verification: Verification accomplished successfully

2019-08-10 23:48:29 - [TEST_STEP][PASSED] - request = getInstance().getCurrentRequest(): null

2019-08-10 23:48:29 - [TEST_STEP][PASSED] - response = getInstance().getCurrentResponse(): null

2019-08-10 23:48:29 - [TEST_STEP][PASSED] - verifyResponseStatusCode(response, 200): Verify response status code successfully

2019-08-10 23:48:29 - [MESSAGE][PASSED] - Verify response status code successfully

2019-08-10 23:48:29 - [TEST_STEP][PASSED] - getStatusCode()).isEqualTo(200): null

2019-08-10 23:48:29 - [TEST_STEP][PASSED] - newline = System.getProperty("line.separator"): null

2019-08-10 23:48:29 - [TEST_STEP][PASSED] - M4_spin = new groovy.json.JsonSlurper(): null

2019-08-10 23:48:29 - [TEST_STEP][PASSED] - result_M4_spin = M4_spin.parseText(response.getResponseBodyContent()): null

2019-08-10 23:48:29 - [TEST_STEP][PASSED] - M4_spin_current_balance = current_balance: null

2019-08-10 23:48:29 - [TEST_STEP][PASSED] - M4_spin_current_balance = M4_spin_current_balance: null

2019-08-10 23:48:29 - [TEST_STEP][PASSED] - M4_spin_transaction_id = causality: null

2019-08-10 23:48:29 - [TEST_STEP][PASSED] - M4_spin_transaction_id = M4_spin_transaction_id: null

2019-08-10 23:48:29 - [TEST_STEP][PASSED] - M4_spin_round_id = round_id: null

2019-08-10 23:48:29 - [TEST_STEP][PASSED] - M4_spin_round_id = M4_spin_round_id: null

2019-08-10 23:48:29 - [TEST_STEP][PASSED] - M4_spin_line_wins = line_wins: null

2019-08-10 23:48:29 - [TEST_STEP][PASSED] - M4_spin_line_wins = M4_spin_line_wins: null

2019-08-10 23:48:29 - [TEST_STEP][PASSED] - M4_total_bonus_spins_int = total_bonus_spins: null

2019-08-10 23:48:29 - [TEST_STEP][PASSED] - println("******M4_total_bonus_spins type is:*******" + newline + getClass().getName()): null

2019-08-10 23:48:29 - [TEST_STEP][PASSED] - M4_total_bonus_spins_int = M4_total_bonus_spins_int: null

2019-08-10 23:48:29 - [TEST_STEP][PASSED] - M4_total_bonus_spins = Integer.toString(M4_total_bonus_spins_int): null

2019-08-10 23:48:29 - [TEST_STEP][PASSED] - M4_total_bonus_spins = M4_total_bonus_spins: null

2019-08-10 23:48:29 - [TEST_STEP][PASSED] - println("M4_total_bonus_spins is:" + M4_total_bonus_spins): null

2019-08-10 23:48:29 - [TEST_STEP][PASSED] - M4_spin_bonus_data = bonus_data: null

2019-08-10 23:48:29 - [TEST_STEP][PASSED] - M4_spin_features_triggered = result_M4_spin: null

2019-08-10 23:48:29 - [TEST_STEP][PASSED] - wild = []: null

2019-08-10 23:48:29 - [TEST_STEP][PASSED] - wild[0] = "WILD_Expanding": null

2019-08-10 23:48:29 - [TEST_STEP][PASSED] - wild[1] = "WILD_Normal": null

2019-08-10 23:48:29 - [TEST_STEP][PASSED] - wild[2] = "WILD_Double": null

2019-08-10 23:48:29 - [TEST_STEP][PASSED] - wild[3] = "WILD_ExtraFG": null

2019-08-10 23:48:29 - [TEST_STEP][PASSED] - wild[4] = "WILD_Triple": null

2019-08-10 23:48:29 - [TEST_STEP][PASSED] - wildList = Arrays.asList(wild): null

2019-08-10 23:48:29 - [TEST_STEP][PASSED] - wildList = wildList: null

2019-08-10 23:48:29 - [TEST_STEP][PASSED] - free_spin_reel_counter = []: null

2019-08-10 23:48:29 - [TEST_STEP][PASSED] - free_spin_reel_counter[0] = 0: null

2019-08-10 23:48:29 - [TEST_STEP][PASSED] - free_spin_reel_counter[1] = 0: null

2019-08-10 23:48:29 - [TEST_STEP][PASSED] - free_spin_reel_counter[2] = 0: null

2019-08-10 23:48:29 - [TEST_STEP][PASSED] - M4_spin_reels = reels: null

2019-08-10 23:48:29 - [TEST_STEP][PASSED] - for ([i = 0, i &lt; M4_spin_reels.size(), (i++)]): null

2019-08-10 23:48:29 - [TEST_STEP][PASSED] - symbols = symbols: null

2019-08-10 23:48:29 - [TEST_STEP][PASSED] - for ([j = 0, j &lt; symbols.size(), (j++)]): null

2019-08-10 23:48:29 - [TEST_STEP][PASSED] - symbol = symbol: null

2019-08-10 23:48:29 - [TEST_STEP][PASSED] - println(symbol): null

2019-08-10 23:48:29 - [TEST_STEP][PASSED] - if (i == 2 &amp;&amp; wildList.indexOf(symbol) != -1): null

2019-08-10 23:48:29 - [TEST_STEP][PASSED] - if (i == 3 &amp;&amp; wildList.indexOf(symbol) != -1): null

2019-08-10 23:48:29 - [TEST_STEP][PASSED] - if (i == 4 &amp;&amp; wildList.indexOf(symbol) != -1): null

2019-08-10 23:48:29 - [TEST_STEP][PASSED] - symbol = symbol: null

2019-08-10 23:48:29 - [TEST_STEP][PASSED] - println(symbol): null

2019-08-10 23:48:29 - [TEST_STEP][PASSED] - if (i == 2 &amp;&amp; wildList.indexOf(symbol) != -1): null

2019-08-10 23:48:29 - [TEST_STEP][PASSED] - if (i == 3 &amp;&amp; wildList.indexOf(symbol) != -1): null

2019-08-10 23:48:29 - [TEST_STEP][PASSED] - if (i == 4 &amp;&amp; wildList.indexOf(symbol) != -1): null

2019-08-10 23:48:29 - [TEST_STEP][PASSED] - symbol = symbol: null

2019-08-10 23:48:29 - [TEST_STEP][PASSED] - println(symbol): null

2019-08-10 23:48:29 - [TEST_STEP][PASSED] - if (i == 2 &amp;&amp; wildList.indexOf(symbol) != -1): null

2019-08-10 23:48:29 - [TEST_STEP][PASSED] - if (i == 3 &amp;&amp; wildList.indexOf(symbol) != -1): null

2019-08-10 23:48:29 - [TEST_STEP][PASSED] - if (i == 4 &amp;&amp; wildList.indexOf(symbol) != -1): null

2019-08-10 23:48:29 - [TEST_STEP][PASSED] - symbols = symbols: null

2019-08-10 23:48:29 - [TEST_STEP][PASSED] - for ([j = 0, j &lt; symbols.size(), (j++)]): null

2019-08-10 23:48:29 - [TEST_STEP][PASSED] - symbol = symbol: null

2019-08-10 23:48:29 - [TEST_STEP][PASSED] - println(symbol): null

2019-08-10 23:48:29 - [TEST_STEP][PASSED] - if (i == 2 &amp;&amp; wildList.indexOf(symbol) != -1): null

2019-08-10 23:48:29 - [TEST_STEP][PASSED] - if (i == 3 &amp;&amp; wildList.indexOf(symbol) != -1): null

2019-08-10 23:48:29 - [TEST_STEP][PASSED] - if (i == 4 &amp;&amp; wildList.indexOf(symbol) != -1): null

2019-08-10 23:48:29 - [TEST_STEP][PASSED] - symbol = symbol: null

2019-08-10 23:48:29 - [TEST_STEP][PASSED] - println(symbol): null

2019-08-10 23:48:29 - [TEST_STEP][PASSED] - if (i == 2 &amp;&amp; wildList.indexOf(symbol) != -1): null

2019-08-10 23:48:29 - [TEST_STEP][PASSED] - if (i == 3 &amp;&amp; wildList.indexOf(symbol) != -1): null

2019-08-10 23:48:29 - [TEST_STEP][PASSED] - if (i == 4 &amp;&amp; wildList.indexOf(symbol) != -1): null

2019-08-10 23:48:29 - [TEST_STEP][PASSED] - symbol = symbol: null

2019-08-10 23:48:29 - [TEST_STEP][PASSED] - println(symbol): null

2019-08-10 23:48:29 - [TEST_STEP][PASSED] - if (i == 2 &amp;&amp; wildList.indexOf(symbol) != -1): null

2019-08-10 23:48:29 - [TEST_STEP][PASSED] - if (i == 3 &amp;&amp; wildList.indexOf(symbol) != -1): null

2019-08-10 23:48:29 - [TEST_STEP][PASSED] - if (i == 4 &amp;&amp; wildList.indexOf(symbol) != -1): null

2019-08-10 23:48:29 - [TEST_STEP][PASSED] - symbols = symbols: null

2019-08-10 23:48:29 - [TEST_STEP][PASSED] - for ([j = 0, j &lt; symbols.size(), (j++)]): null

2019-08-10 23:48:29 - [TEST_STEP][PASSED] - symbol = symbol: null

2019-08-10 23:48:29 - [TEST_STEP][PASSED] - println(symbol): null

2019-08-10 23:48:29 - [TEST_STEP][PASSED] - if (i == 2 &amp;&amp; wildList.indexOf(symbol) != -1): null

2019-08-10 23:48:29 - [TEST_STEP][PASSED] - if (i == 3 &amp;&amp; wildList.indexOf(symbol) != -1): null

2019-08-10 23:48:29 - [TEST_STEP][PASSED] - if (i == 4 &amp;&amp; wildList.indexOf(symbol) != -1): null

2019-08-10 23:48:29 - [TEST_STEP][PASSED] - symbol = symbol: null

2019-08-10 23:48:29 - [TEST_STEP][PASSED] - println(symbol): null

2019-08-10 23:48:29 - [TEST_STEP][PASSED] - if (i == 2 &amp;&amp; wildList.indexOf(symbol) != -1): null

2019-08-10 23:48:29 - [TEST_STEP][PASSED] - if (i == 3 &amp;&amp; wildList.indexOf(symbol) != -1): null

2019-08-10 23:48:29 - [TEST_STEP][PASSED] - if (i == 4 &amp;&amp; wildList.indexOf(symbol) != -1): null

2019-08-10 23:48:29 - [TEST_STEP][PASSED] - symbol = symbol: null

2019-08-10 23:48:29 - [TEST_STEP][PASSED] - println(symbol): null

2019-08-10 23:48:29 - [TEST_STEP][PASSED] - if (i == 2 &amp;&amp; wildList.indexOf(symbol) != -1): null

2019-08-10 23:48:29 - [TEST_STEP][PASSED] - if (i == 3 &amp;&amp; wildList.indexOf(symbol) != -1): null

2019-08-10 23:48:29 - [TEST_STEP][PASSED] - if (i == 4 &amp;&amp; wildList.indexOf(symbol) != -1): null

2019-08-10 23:48:29 - [TEST_STEP][PASSED] - symbols = symbols: null

2019-08-10 23:48:29 - [TEST_STEP][PASSED] - for ([j = 0, j &lt; symbols.size(), (j++)]): null

2019-08-10 23:48:29 - [TEST_STEP][PASSED] - symbol = symbol: null

2019-08-10 23:48:29 - [TEST_STEP][PASSED] - println(symbol): null

2019-08-10 23:48:29 - [TEST_STEP][PASSED] - if (i == 2 &amp;&amp; wildList.indexOf(symbol) != -1): null

2019-08-10 23:48:29 - [TEST_STEP][PASSED] - if (i == 3 &amp;&amp; wildList.indexOf(symbol) != -1): null

2019-08-10 23:48:29 - [TEST_STEP][PASSED] - println("wild found on reel 4, adding counter by 1"): null

2019-08-10 23:48:29 - [TEST_STEP][PASSED] - free_spin_reel_counter[1] = free_spin_reel_counter[1] + 1: null

2019-08-10 23:48:29 - [TEST_STEP][PASSED] - if (i == 4 &amp;&amp; wildList.indexOf(symbol) != -1): null

2019-08-10 23:48:29 - [TEST_STEP][PASSED] - symbol = symbol: null

2019-08-10 23:48:29 - [TEST_STEP][PASSED] - println(symbol): null

2019-08-10 23:48:29 - [TEST_STEP][PASSED] - if (i == 2 &amp;&amp; wildList.indexOf(symbol) != -1): null

2019-08-10 23:48:29 - [TEST_STEP][PASSED] - if (i == 3 &amp;&amp; wildList.indexOf(symbol) != -1): null

2019-08-10 23:48:29 - [TEST_STEP][PASSED] - if (i == 4 &amp;&amp; wildList.indexOf(symbol) != -1): null

2019-08-10 23:48:29 - [TEST_STEP][PASSED] - symbol = symbol: null

2019-08-10 23:48:29 - [TEST_STEP][PASSED] - println(symbol): null

2019-08-10 23:48:29 - [TEST_STEP][PASSED] - if (i == 2 &amp;&amp; wildList.indexOf(symbol) != -1): null

2019-08-10 23:48:29 - [TEST_STEP][PASSED] - if (i == 3 &amp;&amp; wildList.indexOf(symbol) != -1): null

2019-08-10 23:48:29 - [TEST_STEP][PASSED] - if (i == 4 &amp;&amp; wildList.indexOf(symbol) != -1): null

2019-08-10 23:48:29 - [TEST_STEP][PASSED] - symbols = symbols: null

2019-08-10 23:48:29 - [TEST_STEP][PASSED] - for ([j = 0, j &lt; symbols.size(), (j++)]): null

2019-08-10 23:48:29 - [TEST_STEP][PASSED] - symbol = symbol: null

2019-08-10 23:48:29 - [TEST_STEP][PASSED] - println(symbol): null

2019-08-10 23:48:29 - [TEST_STEP][PASSED] - if (i == 2 &amp;&amp; wildList.indexOf(symbol) != -1): null

2019-08-10 23:48:29 - [TEST_STEP][PASSED] - if (i == 3 &amp;&amp; wildList.indexOf(symbol) != -1): null

2019-08-10 23:48:29 - [TEST_STEP][PASSED] - if (i == 4 &amp;&amp; wildList.indexOf(symbol) != -1): null

2019-08-10 23:48:29 - [TEST_STEP][PASSED] - symbol = symbol: null

2019-08-10 23:48:29 - [TEST_STEP][PASSED] - println(symbol): null

2019-08-10 23:48:29 - [TEST_STEP][PASSED] - if (i == 2 &amp;&amp; wildList.indexOf(symbol) != -1): null

2019-08-10 23:48:29 - [TEST_STEP][PASSED] - if (i == 3 &amp;&amp; wildList.indexOf(symbol) != -1): null

2019-08-10 23:48:29 - [TEST_STEP][PASSED] - if (i == 4 &amp;&amp; wildList.indexOf(symbol) != -1): null

2019-08-10 23:48:29 - [TEST_STEP][PASSED] - symbol = symbol: null

2019-08-10 23:48:29 - [TEST_STEP][PASSED] - println(symbol): null

2019-08-10 23:48:29 - [TEST_STEP][PASSED] - if (i == 2 &amp;&amp; wildList.indexOf(symbol) != -1): null

2019-08-10 23:48:29 - [TEST_STEP][PASSED] - if (i == 3 &amp;&amp; wildList.indexOf(symbol) != -1): null

2019-08-10 23:48:29 - [TEST_STEP][PASSED] - if (i == 4 &amp;&amp; wildList.indexOf(symbol) != -1): null

2019-08-10 23:48:29 - [TEST_STEP][PASSED] - free_spin_reel_counter = free_spin_reel_counter: null

2019-08-10 23:48:29 - [TEST_STEP][PASSED] - println("reel 3 wild found: " + free_spin_reel_counter[0]): null

2019-08-10 23:48:29 - [TEST_STEP][PASSED] - println("reel 4 wild found: " + free_spin_reel_counter[1]): null

2019-08-10 23:48:29 - [TEST_STEP][PASSED] - println("reel 5 wild found: " + free_spin_reel_counter[2]): null

2019-08-10 23:48:29 - [TEST_STEP][PASSED] - M4_spin_reels = M4_spin_reels: null

2019-08-10 23:48:29 - [TEST_STEP][PASSED] - M4_spin_reels_symbols = symbol: null

2019-08-10 23:48:29 - [TEST_STEP][PASSED] - M4_spin_reels_symbols = M4_spin_reels_symbols: null

2019-08-10 23:48:29 - [TEST_STEP][PASSED] - M4_spin_reel_wins = reel_wins: null

2019-08-10 23:48:29 - [TEST_STEP][PASSED] - M4_spin_reel_wins = M4_spin_reel_wins: null

2019-08-10 23:48:29 - [TEST_STEP][PASSED] - println("GlobalVariable.M4_spin_reel_wins is: " + M4_spin_reel_wins): null

2019-08-10 23:48:29 - [TEST_STEP][PASSED] - M4_spin_total_bonus_win_this_round = total_bonus_win_this_round: null

2019-08-10 23:48:29 - [TEST_STEP][PASSED] - M4_spin_total_bonus_win_this_round = M4_spin_total_bonus_win_this_round: null

2019-08-10 23:48:29 - [TEST_STEP][PASSED] - println("GlobalVariable.M4_spin_total_bonus_win_this_round is: " + M4_spin_total_bonus_win_this_round): null

2019-08-10 23:48:29 - [MESSAGE][PASSED] - Verify response successfully

2019-08-10 23:48:29 - [MESSAGE][PASSED] - Send request and verify the response successfully

2019-08-10 23:48:29 - [TEST_STEP][PASSED] - if (M4_total_bonus_spins_int != 0 &amp;&amp; M4_spin_reels_symbols[2].contains("WILD_ExtraFG") || M4_spin_reels_symbols[3].contains("WILD_ExtraFG")): null

2019-08-10 23:48:29 - [TEST_STEP][PASSED] - free_spin_reel_counter = free_spin_reel_counter: null

2019-08-10 23:48:29 - [TEST_STEP][PASSED] - M4_spin_reels_symbols = M4_spin_reels_symbols: null

2019-08-10 23:48:29 - [TEST_STEP][PASSED] - M4_total_bonus_spins = M4_total_bonus_spins: null

2019-08-10 23:48:29 - [TEST_STEP][PASSED] - spin_result = sendRequestAndVerify(findTestObject("RGS(M4)/1_M4_spin", ["M4_login_user_id":M4_login_user_id, "rgs_session_token":rgs_session_token, "partner":Partner])): Send request and verify the response successfully

2019-08-10 23:48:29 - [TEST_CASE][PASSED] - Start Test Case : Verification: Verification accomplished successfully

2019-08-10 23:48:29 - [TEST_STEP][PASSED] - request = getInstance().getCurrentRequest(): null

2019-08-10 23:48:29 - [TEST_STEP][PASSED] - response = getInstance().getCurrentResponse(): null

2019-08-10 23:48:29 - [TEST_STEP][PASSED] - verifyResponseStatusCode(response, 200): Verify response status code successfully

2019-08-10 23:48:29 - [MESSAGE][PASSED] - Verify response status code successfully

2019-08-10 23:48:29 - [TEST_STEP][PASSED] - getStatusCode()).isEqualTo(200): null

2019-08-10 23:48:29 - [TEST_STEP][PASSED] - newline = System.getProperty("line.separator"): null

2019-08-10 23:48:29 - [TEST_STEP][PASSED] - M4_spin = new groovy.json.JsonSlurper(): null

2019-08-10 23:48:29 - [TEST_STEP][PASSED] - result_M4_spin = M4_spin.parseText(response.getResponseBodyContent()): null

2019-08-10 23:48:29 - [TEST_STEP][PASSED] - M4_spin_current_balance = current_balance: null

2019-08-10 23:48:29 - [TEST_STEP][PASSED] - M4_spin_current_balance = M4_spin_current_balance: null

2019-08-10 23:48:29 - [TEST_STEP][PASSED] - M4_spin_transaction_id = causality: null

2019-08-10 23:48:29 - [TEST_STEP][PASSED] - M4_spin_transaction_id = M4_spin_transaction_id: null

2019-08-10 23:48:29 - [TEST_STEP][PASSED] - M4_spin_round_id = round_id: null

2019-08-10 23:48:29 - [TEST_STEP][PASSED] - M4_spin_round_id = M4_spin_round_id: null

2019-08-10 23:48:29 - [TEST_STEP][PASSED] - M4_spin_line_wins = line_wins: null

2019-08-10 23:48:29 - [TEST_STEP][PASSED] - M4_spin_line_wins = M4_spin_line_wins: null

2019-08-10 23:48:29 - [TEST_STEP][PASSED] - M4_total_bonus_spins_int = total_bonus_spins: null

2019-08-10 23:48:29 - [TEST_STEP][PASSED] - println("******M4_total_bonus_spins type is:*******" + newline + getClass().getName()): null

2019-08-10 23:48:29 - [TEST_STEP][PASSED] - M4_total_bonus_spins_int = M4_total_bonus_spins_int: null

2019-08-10 23:48:29 - [TEST_STEP][PASSED] - M4_total_bonus_spins = Integer.toString(M4_total_bonus_spins_int): null

2019-08-10 23:48:29 - [TEST_STEP][PASSED] - M4_total_bonus_spins = M4_total_bonus_spins: null

2019-08-10 23:48:29 - [TEST_STEP][PASSED] - println("M4_total_bonus_spins is:" + M4_total_bonus_spins): null

2019-08-10 23:48:29 - [TEST_STEP][PASSED] - M4_spin_bonus_data = bonus_data: null

2019-08-10 23:48:29 - [TEST_STEP][PASSED] - M4_spin_features_triggered = result_M4_spin: null

2019-08-10 23:48:29 - [TEST_STEP][PASSED] - wild = []: null

2019-08-10 23:48:29 - [TEST_STEP][PASSED] - wild[0] = "WILD_Expanding": null

2019-08-10 23:48:29 - [TEST_STEP][PASSED] - wild[1] = "WILD_Normal": null

2019-08-10 23:48:29 - [TEST_STEP][PASSED] - wild[2] = "WILD_Double": null

2019-08-10 23:48:29 - [TEST_STEP][PASSED] - wild[3] = "WILD_ExtraFG": null

2019-08-10 23:48:29 - [TEST_STEP][PASSED] - wild[4] = "WILD_Triple": null

2019-08-10 23:48:29 - [TEST_STEP][PASSED] - wildList = Arrays.asList(wild): null

2019-08-10 23:48:29 - [TEST_STEP][PASSED] - wildList = wildList: null

2019-08-10 23:48:29 - [TEST_STEP][PASSED] - free_spin_reel_counter = []: null

2019-08-10 23:48:29 - [TEST_STEP][PASSED] - free_spin_reel_counter[0] = 0: null

2019-08-10 23:48:29 - [TEST_STEP][PASSED] - free_spin_reel_counter[1] = 0: null

2019-08-10 23:48:29 - [TEST_STEP][PASSED] - free_spin_reel_counter[2] = 0: null

2019-08-10 23:48:29 - [TEST_STEP][PASSED] - M4_spin_reels = reels: null

2019-08-10 23:48:29 - [TEST_STEP][PASSED] - for ([i = 0, i &lt; M4_spin_reels.size(), (i++)]): null

2019-08-10 23:48:29 - [TEST_STEP][PASSED] - symbols = symbols: null

2019-08-10 23:48:29 - [TEST_STEP][PASSED] - for ([j = 0, j &lt; symbols.size(), (j++)]): null

2019-08-10 23:48:29 - [TEST_STEP][PASSED] - symbol = symbol: null

2019-08-10 23:48:29 - [TEST_STEP][PASSED] - println(symbol): null

2019-08-10 23:48:29 - [TEST_STEP][PASSED] - if (i == 2 &amp;&amp; wildList.indexOf(symbol) != -1): null

2019-08-10 23:48:29 - [TEST_STEP][PASSED] - if (i == 3 &amp;&amp; wildList.indexOf(symbol) != -1): null

2019-08-10 23:48:29 - [TEST_STEP][PASSED] - if (i == 4 &amp;&amp; wildList.indexOf(symbol) != -1): null

2019-08-10 23:48:29 - [TEST_STEP][PASSED] - symbol = symbol: null

2019-08-10 23:48:29 - [TEST_STEP][PASSED] - println(symbol): null

2019-08-10 23:48:29 - [TEST_STEP][PASSED] - if (i == 2 &amp;&amp; wildList.indexOf(symbol) != -1): null

2019-08-10 23:48:29 - [TEST_STEP][PASSED] - if (i == 3 &amp;&amp; wildList.indexOf(symbol) != -1): null

2019-08-10 23:48:29 - [TEST_STEP][PASSED] - if (i == 4 &amp;&amp; wildList.indexOf(symbol) != -1): null

2019-08-10 23:48:29 - [TEST_STEP][PASSED] - symbol = symbol: null

2019-08-10 23:48:29 - [TEST_STEP][PASSED] - println(symbol): null

2019-08-10 23:48:29 - [TEST_STEP][PASSED] - if (i == 2 &amp;&amp; wildList.indexOf(symbol) != -1): null

2019-08-10 23:48:29 - [TEST_STEP][PASSED] - if (i == 3 &amp;&amp; wildList.indexOf(symbol) != -1): null

2019-08-10 23:48:29 - [TEST_STEP][PASSED] - if (i == 4 &amp;&amp; wildList.indexOf(symbol) != -1): null

2019-08-10 23:48:29 - [TEST_STEP][PASSED] - symbols = symbols: null

2019-08-10 23:48:29 - [TEST_STEP][PASSED] - for ([j = 0, j &lt; symbols.size(), (j++)]): null

2019-08-10 23:48:29 - [TEST_STEP][PASSED] - symbol = symbol: null

2019-08-10 23:48:29 - [TEST_STEP][PASSED] - println(symbol): null

2019-08-10 23:48:29 - [TEST_STEP][PASSED] - if (i == 2 &amp;&amp; wildList.indexOf(symbol) != -1): null

2019-08-10 23:48:29 - [TEST_STEP][PASSED] - if (i == 3 &amp;&amp; wildList.indexOf(symbol) != -1): null

2019-08-10 23:48:29 - [TEST_STEP][PASSED] - if (i == 4 &amp;&amp; wildList.indexOf(symbol) != -1): null

2019-08-10 23:48:29 - [TEST_STEP][PASSED] - symbol = symbol: null

2019-08-10 23:48:29 - [TEST_STEP][PASSED] - println(symbol): null

2019-08-10 23:48:29 - [TEST_STEP][PASSED] - if (i == 2 &amp;&amp; wildList.indexOf(symbol) != -1): null

2019-08-10 23:48:29 - [TEST_STEP][PASSED] - if (i == 3 &amp;&amp; wildList.indexOf(symbol) != -1): null

2019-08-10 23:48:29 - [TEST_STEP][PASSED] - if (i == 4 &amp;&amp; wildList.indexOf(symbol) != -1): null

2019-08-10 23:48:29 - [TEST_STEP][PASSED] - symbol = symbol: null

2019-08-10 23:48:29 - [TEST_STEP][PASSED] - println(symbol): null

2019-08-10 23:48:29 - [TEST_STEP][PASSED] - if (i == 2 &amp;&amp; wildList.indexOf(symbol) != -1): null

2019-08-10 23:48:29 - [TEST_STEP][PASSED] - if (i == 3 &amp;&amp; wildList.indexOf(symbol) != -1): null

2019-08-10 23:48:29 - [TEST_STEP][PASSED] - if (i == 4 &amp;&amp; wildList.indexOf(symbol) != -1): null

2019-08-10 23:48:29 - [TEST_STEP][PASSED] - symbols = symbols: null

2019-08-10 23:48:29 - [TEST_STEP][PASSED] - for ([j = 0, j &lt; symbols.size(), (j++)]): null

2019-08-10 23:48:29 - [TEST_STEP][PASSED] - symbol = symbol: null

2019-08-10 23:48:29 - [TEST_STEP][PASSED] - println(symbol): null

2019-08-10 23:48:29 - [TEST_STEP][PASSED] - if (i == 2 &amp;&amp; wildList.indexOf(symbol) != -1): null

2019-08-10 23:48:29 - [TEST_STEP][PASSED] - if (i == 3 &amp;&amp; wildList.indexOf(symbol) != -1): null

2019-08-10 23:48:29 - [TEST_STEP][PASSED] - if (i == 4 &amp;&amp; wildList.indexOf(symbol) != -1): null

2019-08-10 23:48:29 - [TEST_STEP][PASSED] - symbol = symbol: null

2019-08-10 23:48:29 - [TEST_STEP][PASSED] - println(symbol): null

2019-08-10 23:48:29 - [TEST_STEP][PASSED] - if (i == 2 &amp;&amp; wildList.indexOf(symbol) != -1): null

2019-08-10 23:48:29 - [TEST_STEP][PASSED] - if (i == 3 &amp;&amp; wildList.indexOf(symbol) != -1): null

2019-08-10 23:48:29 - [TEST_STEP][PASSED] - if (i == 4 &amp;&amp; wildList.indexOf(symbol) != -1): null

2019-08-10 23:48:29 - [TEST_STEP][PASSED] - symbol = symbol: null

2019-08-10 23:48:29 - [TEST_STEP][PASSED] - println(symbol): null

2019-08-10 23:48:29 - [TEST_STEP][PASSED] - if (i == 2 &amp;&amp; wildList.indexOf(symbol) != -1): null

2019-08-10 23:48:29 - [TEST_STEP][PASSED] - if (i == 3 &amp;&amp; wildList.indexOf(symbol) != -1): null

2019-08-10 23:48:29 - [TEST_STEP][PASSED] - if (i == 4 &amp;&amp; wildList.indexOf(symbol) != -1): null

2019-08-10 23:48:29 - [TEST_STEP][PASSED] - symbols = symbols: null

2019-08-10 23:48:29 - [TEST_STEP][PASSED] - for ([j = 0, j &lt; symbols.size(), (j++)]): null

2019-08-10 23:48:29 - [TEST_STEP][PASSED] - symbol = symbol: null

2019-08-10 23:48:29 - [TEST_STEP][PASSED] - println(symbol): null

2019-08-10 23:48:29 - [TEST_STEP][PASSED] - if (i == 2 &amp;&amp; wildList.indexOf(symbol) != -1): null

2019-08-10 23:48:29 - [TEST_STEP][PASSED] - if (i == 3 &amp;&amp; wildList.indexOf(symbol) != -1): null

2019-08-10 23:48:29 - [TEST_STEP][PASSED] - if (i == 4 &amp;&amp; wildList.indexOf(symbol) != -1): null

2019-08-10 23:48:29 - [TEST_STEP][PASSED] - symbol = symbol: null

2019-08-10 23:48:29 - [TEST_STEP][PASSED] - println(symbol): null

2019-08-10 23:48:29 - [TEST_STEP][PASSED] - if (i == 2 &amp;&amp; wildList.indexOf(symbol) != -1): null

2019-08-10 23:48:29 - [TEST_STEP][PASSED] - if (i == 3 &amp;&amp; wildList.indexOf(symbol) != -1): null

2019-08-10 23:48:29 - [TEST_STEP][PASSED] - if (i == 4 &amp;&amp; wildList.indexOf(symbol) != -1): null

2019-08-10 23:48:29 - [TEST_STEP][PASSED] - symbol = symbol: null

2019-08-10 23:48:29 - [TEST_STEP][PASSED] - println(symbol): null

2019-08-10 23:48:29 - [TEST_STEP][PASSED] - if (i == 2 &amp;&amp; wildList.indexOf(symbol) != -1): null

2019-08-10 23:48:29 - [TEST_STEP][PASSED] - if (i == 3 &amp;&amp; wildList.indexOf(symbol) != -1): null

2019-08-10 23:48:29 - [TEST_STEP][PASSED] - if (i == 4 &amp;&amp; wildList.indexOf(symbol) != -1): null

2019-08-10 23:48:29 - [TEST_STEP][PASSED] - symbols = symbols: null

2019-08-10 23:48:29 - [TEST_STEP][PASSED] - for ([j = 0, j &lt; symbols.size(), (j++)]): null

2019-08-10 23:48:29 - [TEST_STEP][PASSED] - symbol = symbol: null

2019-08-10 23:48:29 - [TEST_STEP][PASSED] - println(symbol): null

2019-08-10 23:48:29 - [TEST_STEP][PASSED] - if (i == 2 &amp;&amp; wildList.indexOf(symbol) != -1): null

2019-08-10 23:48:29 - [TEST_STEP][PASSED] - if (i == 3 &amp;&amp; wildList.indexOf(symbol) != -1): null

2019-08-10 23:48:29 - [TEST_STEP][PASSED] - if (i == 4 &amp;&amp; wildList.indexOf(symbol) != -1): null

2019-08-10 23:48:29 - [TEST_STEP][PASSED] - symbol = symbol: null

2019-08-10 23:48:29 - [TEST_STEP][PASSED] - println(symbol): null

2019-08-10 23:48:29 - [TEST_STEP][PASSED] - if (i == 2 &amp;&amp; wildList.indexOf(symbol) != -1): null

2019-08-10 23:48:29 - [TEST_STEP][PASSED] - if (i == 3 &amp;&amp; wildList.indexOf(symbol) != -1): null

2019-08-10 23:48:29 - [TEST_STEP][PASSED] - if (i == 4 &amp;&amp; wildList.indexOf(symbol) != -1): null

2019-08-10 23:48:29 - [TEST_STEP][PASSED] - symbol = symbol: null

2019-08-10 23:48:29 - [TEST_STEP][PASSED] - println(symbol): null

2019-08-10 23:48:29 - [TEST_STEP][PASSED] - if (i == 2 &amp;&amp; wildList.indexOf(symbol) != -1): null

2019-08-10 23:48:29 - [TEST_STEP][PASSED] - if (i == 3 &amp;&amp; wildList.indexOf(symbol) != -1): null

2019-08-10 23:48:29 - [TEST_STEP][PASSED] - if (i == 4 &amp;&amp; wildList.indexOf(symbol) != -1): null

2019-08-10 23:48:29 - [TEST_STEP][PASSED] - free_spin_reel_counter = free_spin_reel_counter: null

2019-08-10 23:48:29 - [TEST_STEP][PASSED] - println("reel 3 wild found: " + free_spin_reel_counter[0]): null

2019-08-10 23:48:29 - [TEST_STEP][PASSED] - println("reel 4 wild found: " + free_spin_reel_counter[1]): null

2019-08-10 23:48:29 - [TEST_STEP][PASSED] - println("reel 5 wild found: " + free_spin_reel_counter[2]): null

2019-08-10 23:48:29 - [TEST_STEP][PASSED] - M4_spin_reels = M4_spin_reels: null

2019-08-10 23:48:29 - [TEST_STEP][PASSED] - M4_spin_reels_symbols = symbol: null

2019-08-10 23:48:29 - [TEST_STEP][PASSED] - M4_spin_reels_symbols = M4_spin_reels_symbols: null

2019-08-10 23:48:29 - [TEST_STEP][PASSED] - M4_spin_reel_wins = reel_wins: null

2019-08-10 23:48:29 - [TEST_STEP][PASSED] - M4_spin_reel_wins = M4_spin_reel_wins: null

2019-08-10 23:48:29 - [TEST_STEP][PASSED] - println("GlobalVariable.M4_spin_reel_wins is: " + M4_spin_reel_wins): null

2019-08-10 23:48:29 - [TEST_STEP][PASSED] - M4_spin_total_bonus_win_this_round = total_bonus_win_this_round: null

2019-08-10 23:48:29 - [TEST_STEP][PASSED] - M4_spin_total_bonus_win_this_round = M4_spin_total_bonus_win_this_round: null

2019-08-10 23:48:29 - [TEST_STEP][PASSED] - println("GlobalVariable.M4_spin_total_bonus_win_this_round is: " + M4_spin_total_bonus_win_this_round): null

2019-08-10 23:48:29 - [MESSAGE][PASSED] - Verify response successfully

2019-08-10 23:48:29 - [MESSAGE][PASSED] - Send request and verify the response successfully

2019-08-10 23:48:29 - [TEST_STEP][PASSED] - if (M4_total_bonus_spins_int != 0 &amp;&amp; M4_spin_reels_symbols[2].contains("WILD_ExtraFG") || M4_spin_reels_symbols[3].contains("WILD_ExtraFG")): null

2019-08-10 23:48:29 - [TEST_STEP][PASSED] - free_spin_reel_counter = free_spin_reel_counter: null

2019-08-10 23:48:29 - [TEST_STEP][PASSED] - M4_spin_reels_symbols = M4_spin_reels_symbols: null

2019-08-10 23:48:29 - [TEST_STEP][PASSED] - M4_total_bonus_spins = M4_total_bonus_spins: null

2019-08-10 23:48:29 - [TEST_STEP][PASSED] - spin_result = sendRequestAndVerify(findTestObject("RGS(M4)/1_M4_spin", ["M4_login_user_id":M4_login_user_id, "rgs_session_token":rgs_session_token, "partner":Partner])): Send request and verify the response successfully

2019-08-10 23:48:29 - [TEST_CASE][PASSED] - Start Test Case : Verification: Verification accomplished successfully

2019-08-10 23:48:29 - [TEST_STEP][PASSED] - request = getInstance().getCurrentRequest(): null

2019-08-10 23:48:29 - [TEST_STEP][PASSED] - response = getInstance().getCurrentResponse(): null

2019-08-10 23:48:29 - [TEST_STEP][PASSED] - verifyResponseStatusCode(response, 200): Verify response status code successfully

2019-08-10 23:48:29 - [MESSAGE][PASSED] - Verify response status code successfully

2019-08-10 23:48:29 - [TEST_STEP][PASSED] - getStatusCode()).isEqualTo(200): null

2019-08-10 23:48:29 - [TEST_STEP][PASSED] - newline = System.getProperty("line.separator"): null

2019-08-10 23:48:29 - [TEST_STEP][PASSED] - M4_spin = new groovy.json.JsonSlurper(): null

2019-08-10 23:48:29 - [TEST_STEP][PASSED] - result_M4_spin = M4_spin.parseText(response.getResponseBodyContent()): null

2019-08-10 23:48:29 - [TEST_STEP][PASSED] - M4_spin_current_balance = current_balance: null

2019-08-10 23:48:29 - [TEST_STEP][PASSED] - M4_spin_current_balance = M4_spin_current_balance: null

2019-08-10 23:48:29 - [TEST_STEP][PASSED] - M4_spin_transaction_id = causality: null

2019-08-10 23:48:29 - [TEST_STEP][PASSED] - M4_spin_transaction_id = M4_spin_transaction_id: null

2019-08-10 23:48:29 - [TEST_STEP][PASSED] - M4_spin_round_id = round_id: null

2019-08-10 23:48:29 - [TEST_STEP][PASSED] - M4_spin_round_id = M4_spin_round_id: null

2019-08-10 23:48:29 - [TEST_STEP][PASSED] - M4_spin_line_wins = line_wins: null

2019-08-10 23:48:29 - [TEST_STEP][PASSED] - M4_spin_line_wins = M4_spin_line_wins: null

2019-08-10 23:48:29 - [TEST_STEP][PASSED] - M4_total_bonus_spins_int = total_bonus_spins: null

2019-08-10 23:48:29 - [TEST_STEP][PASSED] - println("******M4_total_bonus_spins type is:*******" + newline + getClass().getName()): null

2019-08-10 23:48:29 - [TEST_STEP][PASSED] - M4_total_bonus_spins_int = M4_total_bonus_spins_int: null

2019-08-10 23:48:29 - [TEST_STEP][PASSED] - M4_total_bonus_spins = Integer.toString(M4_total_bonus_spins_int): null

2019-08-10 23:48:29 - [TEST_STEP][PASSED] - M4_total_bonus_spins = M4_total_bonus_spins: null

2019-08-10 23:48:29 - [TEST_STEP][PASSED] - println("M4_total_bonus_spins is:" + M4_total_bonus_spins): null

2019-08-10 23:48:29 - [TEST_STEP][PASSED] - M4_spin_bonus_data = bonus_data: null

2019-08-10 23:48:29 - [TEST_STEP][PASSED] - M4_spin_features_triggered = result_M4_spin: null

2019-08-10 23:48:29 - [TEST_STEP][PASSED] - wild = []: null

2019-08-10 23:48:29 - [TEST_STEP][PASSED] - wild[0] = "WILD_Expanding": null

2019-08-10 23:48:29 - [TEST_STEP][PASSED] - wild[1] = "WILD_Normal": null

2019-08-10 23:48:29 - [TEST_STEP][PASSED] - wild[2] = "WILD_Double": null

2019-08-10 23:48:29 - [TEST_STEP][PASSED] - wild[3] = "WILD_ExtraFG": null

2019-08-10 23:48:29 - [TEST_STEP][PASSED] - wild[4] = "WILD_Triple": null

2019-08-10 23:48:29 - [TEST_STEP][PASSED] - wildList = Arrays.asList(wild): null

2019-08-10 23:48:29 - [TEST_STEP][PASSED] - wildList = wildList: null

2019-08-10 23:48:29 - [TEST_STEP][PASSED] - free_spin_reel_counter = []: null

2019-08-10 23:48:29 - [TEST_STEP][PASSED] - free_spin_reel_counter[0] = 0: null

2019-08-10 23:48:29 - [TEST_STEP][PASSED] - free_spin_reel_counter[1] = 0: null

2019-08-10 23:48:29 - [TEST_STEP][PASSED] - free_spin_reel_counter[2] = 0: null

2019-08-10 23:48:29 - [TEST_STEP][PASSED] - M4_spin_reels = reels: null

2019-08-10 23:48:29 - [TEST_STEP][PASSED] - for ([i = 0, i &lt; M4_spin_reels.size(), (i++)]): null

2019-08-10 23:48:29 - [TEST_STEP][PASSED] - symbols = symbols: null

2019-08-10 23:48:29 - [TEST_STEP][PASSED] - for ([j = 0, j &lt; symbols.size(), (j++)]): null

2019-08-10 23:48:29 - [TEST_STEP][PASSED] - symbol = symbol: null

2019-08-10 23:48:29 - [TEST_STEP][PASSED] - println(symbol): null

2019-08-10 23:48:29 - [TEST_STEP][PASSED] - if (i == 2 &amp;&amp; wildList.indexOf(symbol) != -1): null

2019-08-10 23:48:29 - [TEST_STEP][PASSED] - if (i == 3 &amp;&amp; wildList.indexOf(symbol) != -1): null

2019-08-10 23:48:29 - [TEST_STEP][PASSED] - if (i == 4 &amp;&amp; wildList.indexOf(symbol) != -1): null

2019-08-10 23:48:29 - [TEST_STEP][PASSED] - symbol = symbol: null

2019-08-10 23:48:29 - [TEST_STEP][PASSED] - println(symbol): null

2019-08-10 23:48:29 - [TEST_STEP][PASSED] - if (i == 2 &amp;&amp; wildList.indexOf(symbol) != -1): null

2019-08-10 23:48:29 - [TEST_STEP][PASSED] - if (i == 3 &amp;&amp; wildList.indexOf(symbol) != -1): null

2019-08-10 23:48:29 - [TEST_STEP][PASSED] - if (i == 4 &amp;&amp; wildList.indexOf(symbol) != -1): null

2019-08-10 23:48:29 - [TEST_STEP][PASSED] - symbol = symbol: null

2019-08-10 23:48:29 - [TEST_STEP][PASSED] - println(symbol): null

2019-08-10 23:48:29 - [TEST_STEP][PASSED] - if (i == 2 &amp;&amp; wildList.indexOf(symbol) != -1): null

2019-08-10 23:48:29 - [TEST_STEP][PASSED] - if (i == 3 &amp;&amp; wildList.indexOf(symbol) != -1): null

2019-08-10 23:48:29 - [TEST_STEP][PASSED] - if (i == 4 &amp;&amp; wildList.indexOf(symbol) != -1): null

2019-08-10 23:48:29 - [TEST_STEP][PASSED] - symbols = symbols: null

2019-08-10 23:48:29 - [TEST_STEP][PASSED] - for ([j = 0, j &lt; symbols.size(), (j++)]): null

2019-08-10 23:48:29 - [TEST_STEP][PASSED] - symbol = symbol: null

2019-08-10 23:48:29 - [TEST_STEP][PASSED] - println(symbol): null

2019-08-10 23:48:29 - [TEST_STEP][PASSED] - if (i == 2 &amp;&amp; wildList.indexOf(symbol) != -1): null

2019-08-10 23:48:29 - [TEST_STEP][PASSED] - if (i == 3 &amp;&amp; wildList.indexOf(symbol) != -1): null

2019-08-10 23:48:29 - [TEST_STEP][PASSED] - if (i == 4 &amp;&amp; wildList.indexOf(symbol) != -1): null

2019-08-10 23:48:29 - [TEST_STEP][PASSED] - symbol = symbol: null

2019-08-10 23:48:29 - [TEST_STEP][PASSED] - println(symbol): null

2019-08-10 23:48:29 - [TEST_STEP][PASSED] - if (i == 2 &amp;&amp; wildList.indexOf(symbol) != -1): null

2019-08-10 23:48:29 - [TEST_STEP][PASSED] - if (i == 3 &amp;&amp; wildList.indexOf(symbol) != -1): null

2019-08-10 23:48:29 - [TEST_STEP][PASSED] - if (i == 4 &amp;&amp; wildList.indexOf(symbol) != -1): null

2019-08-10 23:48:29 - [TEST_STEP][PASSED] - symbol = symbol: null

2019-08-10 23:48:29 - [TEST_STEP][PASSED] - println(symbol): null

2019-08-10 23:48:29 - [TEST_STEP][PASSED] - if (i == 2 &amp;&amp; wildList.indexOf(symbol) != -1): null

2019-08-10 23:48:29 - [TEST_STEP][PASSED] - if (i == 3 &amp;&amp; wildList.indexOf(symbol) != -1): null

2019-08-10 23:48:29 - [TEST_STEP][PASSED] - if (i == 4 &amp;&amp; wildList.indexOf(symbol) != -1): null

2019-08-10 23:48:29 - [TEST_STEP][PASSED] - symbols = symbols: null

2019-08-10 23:48:29 - [TEST_STEP][PASSED] - for ([j = 0, j &lt; symbols.size(), (j++)]): null

2019-08-10 23:48:29 - [TEST_STEP][PASSED] - symbol = symbol: null

2019-08-10 23:48:29 - [TEST_STEP][PASSED] - println(symbol): null

2019-08-10 23:48:29 - [TEST_STEP][PASSED] - if (i == 2 &amp;&amp; wildList.indexOf(symbol) != -1): null

2019-08-10 23:48:29 - [TEST_STEP][PASSED] - if (i == 3 &amp;&amp; wildList.indexOf(symbol) != -1): null

2019-08-10 23:48:29 - [TEST_STEP][PASSED] - if (i == 4 &amp;&amp; wildList.indexOf(symbol) != -1): null

2019-08-10 23:48:29 - [TEST_STEP][PASSED] - symbol = symbol: null

2019-08-10 23:48:29 - [TEST_STEP][PASSED] - println(symbol): null

2019-08-10 23:48:29 - [TEST_STEP][PASSED] - if (i == 2 &amp;&amp; wildList.indexOf(symbol) != -1): null

2019-08-10 23:48:29 - [TEST_STEP][PASSED] - if (i == 3 &amp;&amp; wildList.indexOf(symbol) != -1): null

2019-08-10 23:48:29 - [TEST_STEP][PASSED] - if (i == 4 &amp;&amp; wildList.indexOf(symbol) != -1): null

2019-08-10 23:48:29 - [TEST_STEP][PASSED] - symbol = symbol: null

2019-08-10 23:48:29 - [TEST_STEP][PASSED] - println(symbol): null

2019-08-10 23:48:29 - [TEST_STEP][PASSED] - if (i == 2 &amp;&amp; wildList.indexOf(symbol) != -1): null

2019-08-10 23:48:29 - [TEST_STEP][PASSED] - if (i == 3 &amp;&amp; wildList.indexOf(symbol) != -1): null

2019-08-10 23:48:29 - [TEST_STEP][PASSED] - if (i == 4 &amp;&amp; wildList.indexOf(symbol) != -1): null

2019-08-10 23:48:29 - [TEST_STEP][PASSED] - symbols = symbols: null

2019-08-10 23:48:29 - [TEST_STEP][PASSED] - for ([j = 0, j &lt; symbols.size(), (j++)]): null

2019-08-10 23:48:29 - [TEST_STEP][PASSED] - symbol = symbol: null

2019-08-10 23:48:29 - [TEST_STEP][PASSED] - println(symbol): null

2019-08-10 23:48:29 - [TEST_STEP][PASSED] - if (i == 2 &amp;&amp; wildList.indexOf(symbol) != -1): null

2019-08-10 23:48:29 - [TEST_STEP][PASSED] - if (i == 3 &amp;&amp; wildList.indexOf(symbol) != -1): null

2019-08-10 23:48:29 - [TEST_STEP][PASSED] - if (i == 4 &amp;&amp; wildList.indexOf(symbol) != -1): null

2019-08-10 23:48:29 - [TEST_STEP][PASSED] - symbol = symbol: null

2019-08-10 23:48:29 - [TEST_STEP][PASSED] - println(symbol): null

2019-08-10 23:48:29 - [TEST_STEP][PASSED] - if (i == 2 &amp;&amp; wildList.indexOf(symbol) != -1): null

2019-08-10 23:48:29 - [TEST_STEP][PASSED] - if (i == 3 &amp;&amp; wildList.indexOf(symbol) != -1): null

2019-08-10 23:48:29 - [TEST_STEP][PASSED] - if (i == 4 &amp;&amp; wildList.indexOf(symbol) != -1): null

2019-08-10 23:48:29 - [TEST_STEP][PASSED] - symbol = symbol: null

2019-08-10 23:48:29 - [TEST_STEP][PASSED] - println(symbol): null

2019-08-10 23:48:30 - [TEST_STEP][PASSED] - if (i == 2 &amp;&amp; wildList.indexOf(symbol) != -1): null

2019-08-10 23:48:30 - [TEST_STEP][PASSED] - if (i == 3 &amp;&amp; wildList.indexOf(symbol) != -1): null

2019-08-10 23:48:30 - [TEST_STEP][PASSED] - if (i == 4 &amp;&amp; wildList.indexOf(symbol) != -1): null

2019-08-10 23:48:30 - [TEST_STEP][PASSED] - symbols = symbols: null

2019-08-10 23:48:30 - [TEST_STEP][PASSED] - for ([j = 0, j &lt; symbols.size(), (j++)]): null

2019-08-10 23:48:30 - [TEST_STEP][PASSED] - symbol = symbol: null

2019-08-10 23:48:30 - [TEST_STEP][PASSED] - println(symbol): null

2019-08-10 23:48:30 - [TEST_STEP][PASSED] - if (i == 2 &amp;&amp; wildList.indexOf(symbol) != -1): null

2019-08-10 23:48:30 - [TEST_STEP][PASSED] - if (i == 3 &amp;&amp; wildList.indexOf(symbol) != -1): null

2019-08-10 23:48:30 - [TEST_STEP][PASSED] - if (i == 4 &amp;&amp; wildList.indexOf(symbol) != -1): null

2019-08-10 23:48:30 - [TEST_STEP][PASSED] - symbol = symbol: null

2019-08-10 23:48:30 - [TEST_STEP][PASSED] - println(symbol): null

2019-08-10 23:48:30 - [TEST_STEP][PASSED] - if (i == 2 &amp;&amp; wildList.indexOf(symbol) != -1): null

2019-08-10 23:48:30 - [TEST_STEP][PASSED] - if (i == 3 &amp;&amp; wildList.indexOf(symbol) != -1): null

2019-08-10 23:48:30 - [TEST_STEP][PASSED] - if (i == 4 &amp;&amp; wildList.indexOf(symbol) != -1): null

2019-08-10 23:48:30 - [TEST_STEP][PASSED] - symbol = symbol: null

2019-08-10 23:48:30 - [TEST_STEP][PASSED] - println(symbol): null

2019-08-10 23:48:30 - [TEST_STEP][PASSED] - if (i == 2 &amp;&amp; wildList.indexOf(symbol) != -1): null

2019-08-10 23:48:30 - [TEST_STEP][PASSED] - if (i == 3 &amp;&amp; wildList.indexOf(symbol) != -1): null

2019-08-10 23:48:30 - [TEST_STEP][PASSED] - if (i == 4 &amp;&amp; wildList.indexOf(symbol) != -1): null

2019-08-10 23:48:30 - [TEST_STEP][PASSED] - free_spin_reel_counter = free_spin_reel_counter: null

2019-08-10 23:48:30 - [TEST_STEP][PASSED] - println("reel 3 wild found: " + free_spin_reel_counter[0]): null

2019-08-10 23:48:30 - [TEST_STEP][PASSED] - println("reel 4 wild found: " + free_spin_reel_counter[1]): null

2019-08-10 23:48:30 - [TEST_STEP][PASSED] - println("reel 5 wild found: " + free_spin_reel_counter[2]): null

2019-08-10 23:48:30 - [TEST_STEP][PASSED] - M4_spin_reels = M4_spin_reels: null

2019-08-10 23:48:30 - [TEST_STEP][PASSED] - M4_spin_reels_symbols = symbol: null

2019-08-10 23:48:30 - [TEST_STEP][PASSED] - M4_spin_reels_symbols = M4_spin_reels_symbols: null

2019-08-10 23:48:30 - [TEST_STEP][PASSED] - M4_spin_reel_wins = reel_wins: null

2019-08-10 23:48:30 - [TEST_STEP][PASSED] - M4_spin_reel_wins = M4_spin_reel_wins: null

2019-08-10 23:48:30 - [TEST_STEP][PASSED] - println("GlobalVariable.M4_spin_reel_wins is: " + M4_spin_reel_wins): null

2019-08-10 23:48:30 - [TEST_STEP][PASSED] - M4_spin_total_bonus_win_this_round = total_bonus_win_this_round: null

2019-08-10 23:48:30 - [TEST_STEP][PASSED] - M4_spin_total_bonus_win_this_round = M4_spin_total_bonus_win_this_round: null

2019-08-10 23:48:30 - [TEST_STEP][PASSED] - println("GlobalVariable.M4_spin_total_bonus_win_this_round is: " + M4_spin_total_bonus_win_this_round): null

2019-08-10 23:48:30 - [MESSAGE][PASSED] - Verify response successfully

2019-08-10 23:48:30 - [MESSAGE][PASSED] - Send request and verify the response successfully

2019-08-10 23:48:30 - [TEST_STEP][PASSED] - if (M4_total_bonus_spins_int != 0 &amp;&amp; M4_spin_reels_symbols[2].contains("WILD_ExtraFG") || M4_spin_reels_symbols[3].contains("WILD_ExtraFG")): null

2019-08-10 23:48:30 - [TEST_STEP][PASSED] - free_spin_reel_counter = free_spin_reel_counter: null

2019-08-10 23:48:30 - [TEST_STEP][PASSED] - M4_spin_reels_symbols = M4_spin_reels_symbols: null

2019-08-10 23:48:30 - [TEST_STEP][PASSED] - M4_total_bonus_spins = M4_total_bonus_spins: null

2019-08-10 23:48:30 - [TEST_STEP][PASSED] - spin_result = sendRequestAndVerify(findTestObject("RGS(M4)/1_M4_spin", ["M4_login_user_id":M4_login_user_id, "rgs_session_token":rgs_session_token, "partner":Partner])): Send request and verify the response successfully

2019-08-10 23:48:30 - [TEST_CASE][PASSED] - Start Test Case : Verification: Verification accomplished successfully

2019-08-10 23:48:30 - [TEST_STEP][PASSED] - request = getInstance().getCurrentRequest(): null

2019-08-10 23:48:30 - [TEST_STEP][PASSED] - response = getInstance().getCurrentResponse(): null

2019-08-10 23:48:30 - [TEST_STEP][PASSED] - verifyResponseStatusCode(response, 200): Verify response status code successfully

2019-08-10 23:48:30 - [MESSAGE][PASSED] - Verify response status code successfully

2019-08-10 23:48:30 - [TEST_STEP][PASSED] - getStatusCode()).isEqualTo(200): null

2019-08-10 23:48:30 - [TEST_STEP][PASSED] - newline = System.getProperty("line.separator"): null

2019-08-10 23:48:30 - [TEST_STEP][PASSED] - M4_spin = new groovy.json.JsonSlurper(): null

2019-08-10 23:48:30 - [TEST_STEP][PASSED] - result_M4_spin = M4_spin.parseText(response.getResponseBodyContent()): null

2019-08-10 23:48:30 - [TEST_STEP][PASSED] - M4_spin_current_balance = current_balance: null

2019-08-10 23:48:30 - [TEST_STEP][PASSED] - M4_spin_current_balance = M4_spin_current_balance: null

2019-08-10 23:48:30 - [TEST_STEP][PASSED] - M4_spin_transaction_id = causality: null

2019-08-10 23:48:30 - [TEST_STEP][PASSED] - M4_spin_transaction_id = M4_spin_transaction_id: null

2019-08-10 23:48:30 - [TEST_STEP][PASSED] - M4_spin_round_id = round_id: null

2019-08-10 23:48:30 - [TEST_STEP][PASSED] - M4_spin_round_id = M4_spin_round_id: null

2019-08-10 23:48:30 - [TEST_STEP][PASSED] - M4_spin_line_wins = line_wins: null

2019-08-10 23:48:30 - [TEST_STEP][PASSED] - M4_spin_line_wins = M4_spin_line_wins: null

2019-08-10 23:48:30 - [TEST_STEP][PASSED] - M4_total_bonus_spins_int = total_bonus_spins: null

2019-08-10 23:48:30 - [TEST_STEP][PASSED] - println("******M4_total_bonus_spins type is:*******" + newline + getClass().getName()): null

2019-08-10 23:48:30 - [TEST_STEP][PASSED] - M4_total_bonus_spins_int = M4_total_bonus_spins_int: null

2019-08-10 23:48:30 - [TEST_STEP][PASSED] - M4_total_bonus_spins = Integer.toString(M4_total_bonus_spins_int): null

2019-08-10 23:48:30 - [TEST_STEP][PASSED] - M4_total_bonus_spins = M4_total_bonus_spins: null

2019-08-10 23:48:30 - [TEST_STEP][PASSED] - println("M4_total_bonus_spins is:" + M4_total_bonus_spins): null

2019-08-10 23:48:30 - [TEST_STEP][PASSED] - M4_spin_bonus_data = bonus_data: null

2019-08-10 23:48:30 - [TEST_STEP][PASSED] - M4_spin_features_triggered = result_M4_spin: null

2019-08-10 23:48:30 - [TEST_STEP][PASSED] - wild = []: null

2019-08-10 23:48:30 - [TEST_STEP][PASSED] - wild[0] = "WILD_Expanding": null

2019-08-10 23:48:30 - [TEST_STEP][PASSED] - wild[1] = "WILD_Normal": null

2019-08-10 23:48:30 - [TEST_STEP][PASSED] - wild[2] = "WILD_Double": null

2019-08-10 23:48:30 - [TEST_STEP][PASSED] - wild[3] = "WILD_ExtraFG": null

2019-08-10 23:48:30 - [TEST_STEP][PASSED] - wild[4] = "WILD_Triple": null

2019-08-10 23:48:30 - [TEST_STEP][PASSED] - wildList = Arrays.asList(wild): null

2019-08-10 23:48:30 - [TEST_STEP][PASSED] - wildList = wildList: null

2019-08-10 23:48:30 - [TEST_STEP][PASSED] - free_spin_reel_counter = []: null

2019-08-10 23:48:30 - [TEST_STEP][PASSED] - free_spin_reel_counter[0] = 0: null

2019-08-10 23:48:30 - [TEST_STEP][PASSED] - free_spin_reel_counter[1] = 0: null

2019-08-10 23:48:30 - [TEST_STEP][PASSED] - free_spin_reel_counter[2] = 0: null

2019-08-10 23:48:30 - [TEST_STEP][PASSED] - M4_spin_reels = reels: null

2019-08-10 23:48:30 - [TEST_STEP][PASSED] - for ([i = 0, i &lt; M4_spin_reels.size(), (i++)]): null

2019-08-10 23:48:30 - [TEST_STEP][PASSED] - symbols = symbols: null

2019-08-10 23:48:30 - [TEST_STEP][PASSED] - for ([j = 0, j &lt; symbols.size(), (j++)]): null

2019-08-10 23:48:30 - [TEST_STEP][PASSED] - symbol = symbol: null

2019-08-10 23:48:30 - [TEST_STEP][PASSED] - println(symbol): null

2019-08-10 23:48:30 - [TEST_STEP][PASSED] - if (i == 2 &amp;&amp; wildList.indexOf(symbol) != -1): null

2019-08-10 23:48:30 - [TEST_STEP][PASSED] - if (i == 3 &amp;&amp; wildList.indexOf(symbol) != -1): null

2019-08-10 23:48:30 - [TEST_STEP][PASSED] - if (i == 4 &amp;&amp; wildList.indexOf(symbol) != -1): null

2019-08-10 23:48:30 - [TEST_STEP][PASSED] - symbol = symbol: null

2019-08-10 23:48:30 - [TEST_STEP][PASSED] - println(symbol): null

2019-08-10 23:48:30 - [TEST_STEP][PASSED] - if (i == 2 &amp;&amp; wildList.indexOf(symbol) != -1): null

2019-08-10 23:48:30 - [TEST_STEP][PASSED] - if (i == 3 &amp;&amp; wildList.indexOf(symbol) != -1): null

2019-08-10 23:48:30 - [TEST_STEP][PASSED] - if (i == 4 &amp;&amp; wildList.indexOf(symbol) != -1): null

2019-08-10 23:48:30 - [TEST_STEP][PASSED] - symbol = symbol: null

2019-08-10 23:48:30 - [TEST_STEP][PASSED] - println(symbol): null

2019-08-10 23:48:30 - [TEST_STEP][PASSED] - if (i == 2 &amp;&amp; wildList.indexOf(symbol) != -1): null

2019-08-10 23:48:30 - [TEST_STEP][PASSED] - if (i == 3 &amp;&amp; wildList.indexOf(symbol) != -1): null

2019-08-10 23:48:30 - [TEST_STEP][PASSED] - if (i == 4 &amp;&amp; wildList.indexOf(symbol) != -1): null

2019-08-10 23:48:30 - [TEST_STEP][PASSED] - symbols = symbols: null

2019-08-10 23:48:30 - [TEST_STEP][PASSED] - for ([j = 0, j &lt; symbols.size(), (j++)]): null

2019-08-10 23:48:30 - [TEST_STEP][PASSED] - symbol = symbol: null

2019-08-10 23:48:30 - [TEST_STEP][PASSED] - println(symbol): null

2019-08-10 23:48:30 - [TEST_STEP][PASSED] - if (i == 2 &amp;&amp; wildList.indexOf(symbol) != -1): null

2019-08-10 23:48:30 - [TEST_STEP][PASSED] - if (i == 3 &amp;&amp; wildList.indexOf(symbol) != -1): null

2019-08-10 23:48:30 - [TEST_STEP][PASSED] - if (i == 4 &amp;&amp; wildList.indexOf(symbol) != -1): null

2019-08-10 23:48:30 - [TEST_STEP][PASSED] - symbol = symbol: null

2019-08-10 23:48:30 - [TEST_STEP][PASSED] - println(symbol): null

2019-08-10 23:48:30 - [TEST_STEP][PASSED] - if (i == 2 &amp;&amp; wildList.indexOf(symbol) != -1): null

2019-08-10 23:48:30 - [TEST_STEP][PASSED] - if (i == 3 &amp;&amp; wildList.indexOf(symbol) != -1): null

2019-08-10 23:48:30 - [TEST_STEP][PASSED] - if (i == 4 &amp;&amp; wildList.indexOf(symbol) != -1): null

2019-08-10 23:48:30 - [TEST_STEP][PASSED] - symbol = symbol: null

2019-08-10 23:48:30 - [TEST_STEP][PASSED] - println(symbol): null

2019-08-10 23:48:30 - [TEST_STEP][PASSED] - if (i == 2 &amp;&amp; wildList.indexOf(symbol) != -1): null

2019-08-10 23:48:30 - [TEST_STEP][PASSED] - if (i == 3 &amp;&amp; wildList.indexOf(symbol) != -1): null

2019-08-10 23:48:30 - [TEST_STEP][PASSED] - if (i == 4 &amp;&amp; wildList.indexOf(symbol) != -1): null

2019-08-10 23:48:30 - [TEST_STEP][PASSED] - symbols = symbols: null

2019-08-10 23:48:30 - [TEST_STEP][PASSED] - for ([j = 0, j &lt; symbols.size(), (j++)]): null

2019-08-10 23:48:30 - [TEST_STEP][PASSED] - symbol = symbol: null

2019-08-10 23:48:30 - [TEST_STEP][PASSED] - println(symbol): null

2019-08-10 23:48:30 - [TEST_STEP][PASSED] - if (i == 2 &amp;&amp; wildList.indexOf(symbol) != -1): null

2019-08-10 23:48:30 - [TEST_STEP][PASSED] - if (i == 3 &amp;&amp; wildList.indexOf(symbol) != -1): null

2019-08-10 23:48:30 - [TEST_STEP][PASSED] - if (i == 4 &amp;&amp; wildList.indexOf(symbol) != -1): null

2019-08-10 23:48:30 - [TEST_STEP][PASSED] - symbol = symbol: null

2019-08-10 23:48:30 - [TEST_STEP][PASSED] - println(symbol): null

2019-08-10 23:48:30 - [TEST_STEP][PASSED] - if (i == 2 &amp;&amp; wildList.indexOf(symbol) != -1): null

2019-08-10 23:48:30 - [TEST_STEP][PASSED] - if (i == 3 &amp;&amp; wildList.indexOf(symbol) != -1): null

2019-08-10 23:48:30 - [TEST_STEP][PASSED] - if (i == 4 &amp;&amp; wildList.indexOf(symbol) != -1): null

2019-08-10 23:48:30 - [TEST_STEP][PASSED] - symbol = symbol: null

2019-08-10 23:48:30 - [TEST_STEP][PASSED] - println(symbol): null

2019-08-10 23:48:30 - [TEST_STEP][PASSED] - if (i == 2 &amp;&amp; wildList.indexOf(symbol) != -1): null

2019-08-10 23:48:30 - [TEST_STEP][PASSED] - if (i == 3 &amp;&amp; wildList.indexOf(symbol) != -1): null

2019-08-10 23:48:30 - [TEST_STEP][PASSED] - if (i == 4 &amp;&amp; wildList.indexOf(symbol) != -1): null

2019-08-10 23:48:30 - [TEST_STEP][PASSED] - symbols = symbols: null

2019-08-10 23:48:30 - [TEST_STEP][PASSED] - for ([j = 0, j &lt; symbols.size(), (j++)]): null

2019-08-10 23:48:30 - [TEST_STEP][PASSED] - symbol = symbol: null

2019-08-10 23:48:30 - [TEST_STEP][PASSED] - println(symbol): null

2019-08-10 23:48:30 - [TEST_STEP][PASSED] - if (i == 2 &amp;&amp; wildList.indexOf(symbol) != -1): null

2019-08-10 23:48:31 - [TEST_STEP][PASSED] - if (i == 3 &amp;&amp; wildList.indexOf(symbol) != -1): null

2019-08-10 23:48:31 - [TEST_STEP][PASSED] - if (i == 4 &amp;&amp; wildList.indexOf(symbol) != -1): null

2019-08-10 23:48:31 - [TEST_STEP][PASSED] - symbol = symbol: null

2019-08-10 23:48:31 - [TEST_STEP][PASSED] - println(symbol): null

2019-08-10 23:48:31 - [TEST_STEP][PASSED] - if (i == 2 &amp;&amp; wildList.indexOf(symbol) != -1): null

2019-08-10 23:48:31 - [TEST_STEP][PASSED] - if (i == 3 &amp;&amp; wildList.indexOf(symbol) != -1): null

2019-08-10 23:48:31 - [TEST_STEP][PASSED] - if (i == 4 &amp;&amp; wildList.indexOf(symbol) != -1): null

2019-08-10 23:48:31 - [TEST_STEP][PASSED] - symbol = symbol: null

2019-08-10 23:48:31 - [TEST_STEP][PASSED] - println(symbol): null

2019-08-10 23:48:31 - [TEST_STEP][PASSED] - if (i == 2 &amp;&amp; wildList.indexOf(symbol) != -1): null

2019-08-10 23:48:31 - [TEST_STEP][PASSED] - if (i == 3 &amp;&amp; wildList.indexOf(symbol) != -1): null

2019-08-10 23:48:31 - [TEST_STEP][PASSED] - if (i == 4 &amp;&amp; wildList.indexOf(symbol) != -1): null

2019-08-10 23:48:31 - [TEST_STEP][PASSED] - symbols = symbols: null

2019-08-10 23:48:31 - [TEST_STEP][PASSED] - for ([j = 0, j &lt; symbols.size(), (j++)]): null

2019-08-10 23:48:31 - [TEST_STEP][PASSED] - symbol = symbol: null

2019-08-10 23:48:31 - [TEST_STEP][PASSED] - println(symbol): null

2019-08-10 23:48:31 - [TEST_STEP][PASSED] - if (i == 2 &amp;&amp; wildList.indexOf(symbol) != -1): null

2019-08-10 23:48:31 - [TEST_STEP][PASSED] - if (i == 3 &amp;&amp; wildList.indexOf(symbol) != -1): null

2019-08-10 23:48:31 - [TEST_STEP][PASSED] - if (i == 4 &amp;&amp; wildList.indexOf(symbol) != -1): null

2019-08-10 23:48:31 - [TEST_STEP][PASSED] - symbol = symbol: null

2019-08-10 23:48:31 - [TEST_STEP][PASSED] - println(symbol): null

2019-08-10 23:48:31 - [TEST_STEP][PASSED] - if (i == 2 &amp;&amp; wildList.indexOf(symbol) != -1): null

2019-08-10 23:48:31 - [TEST_STEP][PASSED] - if (i == 3 &amp;&amp; wildList.indexOf(symbol) != -1): null

2019-08-10 23:48:31 - [TEST_STEP][PASSED] - if (i == 4 &amp;&amp; wildList.indexOf(symbol) != -1): null

2019-08-10 23:48:31 - [TEST_STEP][PASSED] - symbol = symbol: null

2019-08-10 23:48:31 - [TEST_STEP][PASSED] - println(symbol): null

2019-08-10 23:48:31 - [TEST_STEP][PASSED] - if (i == 2 &amp;&amp; wildList.indexOf(symbol) != -1): null

2019-08-10 23:48:31 - [TEST_STEP][PASSED] - if (i == 3 &amp;&amp; wildList.indexOf(symbol) != -1): null

2019-08-10 23:48:31 - [TEST_STEP][PASSED] - if (i == 4 &amp;&amp; wildList.indexOf(symbol) != -1): null

2019-08-10 23:48:31 - [TEST_STEP][PASSED] - free_spin_reel_counter = free_spin_reel_counter: null

2019-08-10 23:48:31 - [TEST_STEP][PASSED] - println("reel 3 wild found: " + free_spin_reel_counter[0]): null

2019-08-10 23:48:31 - [TEST_STEP][PASSED] - println("reel 4 wild found: " + free_spin_reel_counter[1]): null

2019-08-10 23:48:31 - [TEST_STEP][PASSED] - println("reel 5 wild found: " + free_spin_reel_counter[2]): null

2019-08-10 23:48:31 - [TEST_STEP][PASSED] - M4_spin_reels = M4_spin_reels: null

2019-08-10 23:48:31 - [TEST_STEP][PASSED] - M4_spin_reels_symbols = symbol: null

2019-08-10 23:48:31 - [TEST_STEP][PASSED] - M4_spin_reels_symbols = M4_spin_reels_symbols: null

2019-08-10 23:48:31 - [TEST_STEP][PASSED] - M4_spin_reel_wins = reel_wins: null

2019-08-10 23:48:31 - [TEST_STEP][PASSED] - M4_spin_reel_wins = M4_spin_reel_wins: null

2019-08-10 23:48:31 - [TEST_STEP][PASSED] - println("GlobalVariable.M4_spin_reel_wins is: " + M4_spin_reel_wins): null

2019-08-10 23:48:31 - [TEST_STEP][PASSED] - M4_spin_total_bonus_win_this_round = total_bonus_win_this_round: null

2019-08-10 23:48:31 - [TEST_STEP][PASSED] - M4_spin_total_bonus_win_this_round = M4_spin_total_bonus_win_this_round: null

2019-08-10 23:48:31 - [TEST_STEP][PASSED] - println("GlobalVariable.M4_spin_total_bonus_win_this_round is: " + M4_spin_total_bonus_win_this_round): null

2019-08-10 23:48:31 - [MESSAGE][PASSED] - Verify response successfully

2019-08-10 23:48:31 - [MESSAGE][PASSED] - Send request and verify the response successfully

2019-08-10 23:48:31 - [TEST_STEP][PASSED] - if (M4_total_bonus_spins_int != 0 &amp;&amp; M4_spin_reels_symbols[2].contains("WILD_ExtraFG") || M4_spin_reels_symbols[3].contains("WILD_ExtraFG")): null

2019-08-10 23:48:31 - [TEST_STEP][PASSED] - free_spin_reel_counter = free_spin_reel_counter: null

2019-08-10 23:48:31 - [TEST_STEP][PASSED] - M4_spin_reels_symbols = M4_spin_reels_symbols: null

2019-08-10 23:48:31 - [TEST_STEP][PASSED] - M4_total_bonus_spins = M4_total_bonus_spins: null

2019-08-10 23:48:31 - [TEST_STEP][PASSED] - spin_result = sendRequestAndVerify(findTestObject("RGS(M4)/1_M4_spin", ["M4_login_user_id":M4_login_user_id, "rgs_session_token":rgs_session_token, "partner":Partner])): Send request and verify the response successfully

2019-08-10 23:48:31 - [TEST_CASE][PASSED] - Start Test Case : Verification: Verification accomplished successfully

2019-08-10 23:48:31 - [TEST_STEP][PASSED] - request = getInstance().getCurrentRequest(): null

2019-08-10 23:48:31 - [TEST_STEP][PASSED] - response = getInstance().getCurrentResponse(): null

2019-08-10 23:48:31 - [TEST_STEP][PASSED] - verifyResponseStatusCode(response, 200): Verify response status code successfully

2019-08-10 23:48:31 - [MESSAGE][PASSED] - Verify response status code successfully

2019-08-10 23:48:31 - [TEST_STEP][PASSED] - getStatusCode()).isEqualTo(200): null

2019-08-10 23:48:31 - [TEST_STEP][PASSED] - newline = System.getProperty("line.separator"): null

2019-08-10 23:48:31 - [TEST_STEP][PASSED] - M4_spin = new groovy.json.JsonSlurper(): null

2019-08-10 23:48:31 - [TEST_STEP][PASSED] - result_M4_spin = M4_spin.parseText(response.getResponseBodyContent()): null

2019-08-10 23:48:31 - [TEST_STEP][PASSED] - M4_spin_current_balance = current_balance: null

2019-08-10 23:48:31 - [TEST_STEP][PASSED] - M4_spin_current_balance = M4_spin_current_balance: null

2019-08-10 23:48:31 - [TEST_STEP][PASSED] - M4_spin_transaction_id = causality: null

2019-08-10 23:48:31 - [TEST_STEP][PASSED] - M4_spin_transaction_id = M4_spin_transaction_id: null

2019-08-10 23:48:31 - [TEST_STEP][PASSED] - M4_spin_round_id = round_id: null

2019-08-10 23:48:31 - [TEST_STEP][PASSED] - M4_spin_round_id = M4_spin_round_id: null

2019-08-10 23:48:31 - [TEST_STEP][PASSED] - M4_spin_line_wins = line_wins: null

2019-08-10 23:48:31 - [TEST_STEP][PASSED] - M4_spin_line_wins = M4_spin_line_wins: null

2019-08-10 23:48:31 - [TEST_STEP][PASSED] - M4_total_bonus_spins_int = total_bonus_spins: null

2019-08-10 23:48:31 - [TEST_STEP][PASSED] - println("******M4_total_bonus_spins type is:*******" + newline + getClass().getName()): null

2019-08-10 23:48:31 - [TEST_STEP][PASSED] - M4_total_bonus_spins_int = M4_total_bonus_spins_int: null

2019-08-10 23:48:31 - [TEST_STEP][PASSED] - M4_total_bonus_spins = Integer.toString(M4_total_bonus_spins_int): null

2019-08-10 23:48:31 - [TEST_STEP][PASSED] - M4_total_bonus_spins = M4_total_bonus_spins: null

2019-08-10 23:48:31 - [TEST_STEP][PASSED] - println("M4_total_bonus_spins is:" + M4_total_bonus_spins): null

2019-08-10 23:48:31 - [TEST_STEP][PASSED] - M4_spin_bonus_data = bonus_data: null

2019-08-10 23:48:31 - [TEST_STEP][PASSED] - M4_spin_features_triggered = result_M4_spin: null

2019-08-10 23:48:31 - [TEST_STEP][PASSED] - wild = []: null

2019-08-10 23:48:31 - [TEST_STEP][PASSED] - wild[0] = "WILD_Expanding": null

2019-08-10 23:48:31 - [TEST_STEP][PASSED] - wild[1] = "WILD_Normal": null

2019-08-10 23:48:31 - [TEST_STEP][PASSED] - wild[2] = "WILD_Double": null

2019-08-10 23:48:31 - [TEST_STEP][PASSED] - wild[3] = "WILD_ExtraFG": null

2019-08-10 23:48:31 - [TEST_STEP][PASSED] - wild[4] = "WILD_Triple": null

2019-08-10 23:48:31 - [TEST_STEP][PASSED] - wildList = Arrays.asList(wild): null

2019-08-10 23:48:31 - [TEST_STEP][PASSED] - wildList = wildList: null

2019-08-10 23:48:31 - [TEST_STEP][PASSED] - free_spin_reel_counter = []: null

2019-08-10 23:48:31 - [TEST_STEP][PASSED] - free_spin_reel_counter[0] = 0: null

2019-08-10 23:48:31 - [TEST_STEP][PASSED] - free_spin_reel_counter[1] = 0: null

2019-08-10 23:48:31 - [TEST_STEP][PASSED] - free_spin_reel_counter[2] = 0: null

2019-08-10 23:48:31 - [TEST_STEP][PASSED] - M4_spin_reels = reels: null

2019-08-10 23:48:31 - [TEST_STEP][PASSED] - for ([i = 0, i &lt; M4_spin_reels.size(), (i++)]): null

2019-08-10 23:48:31 - [TEST_STEP][PASSED] - symbols = symbols: null

2019-08-10 23:48:31 - [TEST_STEP][PASSED] - for ([j = 0, j &lt; symbols.size(), (j++)]): null

2019-08-10 23:48:31 - [TEST_STEP][PASSED] - symbol = symbol: null

2019-08-10 23:48:31 - [TEST_STEP][PASSED] - println(symbol): null

2019-08-10 23:48:31 - [TEST_STEP][PASSED] - if (i == 2 &amp;&amp; wildList.indexOf(symbol) != -1): null

2019-08-10 23:48:31 - [TEST_STEP][PASSED] - if (i == 3 &amp;&amp; wildList.indexOf(symbol) != -1): null

2019-08-10 23:48:31 - [TEST_STEP][PASSED] - if (i == 4 &amp;&amp; wildList.indexOf(symbol) != -1): null

2019-08-10 23:48:31 - [TEST_STEP][PASSED] - symbol = symbol: null

2019-08-10 23:48:31 - [TEST_STEP][PASSED] - println(symbol): null

2019-08-10 23:48:31 - [TEST_STEP][PASSED] - if (i == 2 &amp;&amp; wildList.indexOf(symbol) != -1): null

2019-08-10 23:48:31 - [TEST_STEP][PASSED] - if (i == 3 &amp;&amp; wildList.indexOf(symbol) != -1): null

2019-08-10 23:48:31 - [TEST_STEP][PASSED] - if (i == 4 &amp;&amp; wildList.indexOf(symbol) != -1): null

2019-08-10 23:48:31 - [TEST_STEP][PASSED] - symbol = symbol: null

2019-08-10 23:48:31 - [TEST_STEP][PASSED] - println(symbol): null

2019-08-10 23:48:31 - [TEST_STEP][PASSED] - if (i == 2 &amp;&amp; wildList.indexOf(symbol) != -1): null

2019-08-10 23:48:31 - [TEST_STEP][PASSED] - if (i == 3 &amp;&amp; wildList.indexOf(symbol) != -1): null

2019-08-10 23:48:31 - [TEST_STEP][PASSED] - if (i == 4 &amp;&amp; wildList.indexOf(symbol) != -1): null

2019-08-10 23:48:31 - [TEST_STEP][PASSED] - symbols = symbols: null

2019-08-10 23:48:31 - [TEST_STEP][PASSED] - for ([j = 0, j &lt; symbols.size(), (j++)]): null

2019-08-10 23:48:31 - [TEST_STEP][PASSED] - symbol = symbol: null

2019-08-10 23:48:31 - [TEST_STEP][PASSED] - println(symbol): null

2019-08-10 23:48:31 - [TEST_STEP][PASSED] - if (i == 2 &amp;&amp; wildList.indexOf(symbol) != -1): null

2019-08-10 23:48:31 - [TEST_STEP][PASSED] - if (i == 3 &amp;&amp; wildList.indexOf(symbol) != -1): null

2019-08-10 23:48:31 - [TEST_STEP][PASSED] - if (i == 4 &amp;&amp; wildList.indexOf(symbol) != -1): null

2019-08-10 23:48:31 - [TEST_STEP][PASSED] - symbol = symbol: null

2019-08-10 23:48:31 - [TEST_STEP][PASSED] - println(symbol): null

2019-08-10 23:48:31 - [TEST_STEP][PASSED] - if (i == 2 &amp;&amp; wildList.indexOf(symbol) != -1): null

2019-08-10 23:48:31 - [TEST_STEP][PASSED] - if (i == 3 &amp;&amp; wildList.indexOf(symbol) != -1): null

2019-08-10 23:48:31 - [TEST_STEP][PASSED] - if (i == 4 &amp;&amp; wildList.indexOf(symbol) != -1): null

2019-08-10 23:48:31 - [TEST_STEP][PASSED] - symbol = symbol: null

2019-08-10 23:48:31 - [TEST_STEP][PASSED] - println(symbol): null

2019-08-10 23:48:31 - [TEST_STEP][PASSED] - if (i == 2 &amp;&amp; wildList.indexOf(symbol) != -1): null

2019-08-10 23:48:31 - [TEST_STEP][PASSED] - if (i == 3 &amp;&amp; wildList.indexOf(symbol) != -1): null

2019-08-10 23:48:31 - [TEST_STEP][PASSED] - if (i == 4 &amp;&amp; wildList.indexOf(symbol) != -1): null

2019-08-10 23:48:31 - [TEST_STEP][PASSED] - symbols = symbols: null

2019-08-10 23:48:31 - [TEST_STEP][PASSED] - for ([j = 0, j &lt; symbols.size(), (j++)]): null

2019-08-10 23:48:31 - [TEST_STEP][PASSED] - symbol = symbol: null

2019-08-10 23:48:31 - [TEST_STEP][PASSED] - println(symbol): null

2019-08-10 23:48:31 - [TEST_STEP][PASSED] - if (i == 2 &amp;&amp; wildList.indexOf(symbol) != -1): null

2019-08-10 23:48:31 - [TEST_STEP][PASSED] - if (i == 3 &amp;&amp; wildList.indexOf(symbol) != -1): null

2019-08-10 23:48:31 - [TEST_STEP][PASSED] - if (i == 4 &amp;&amp; wildList.indexOf(symbol) != -1): null

2019-08-10 23:48:31 - [TEST_STEP][PASSED] - symbol = symbol: null

2019-08-10 23:48:31 - [TEST_STEP][PASSED] - println(symbol): null

2019-08-10 23:48:31 - [TEST_STEP][PASSED] - if (i == 2 &amp;&amp; wildList.indexOf(symbol) != -1): null

2019-08-10 23:48:31 - [TEST_STEP][PASSED] - if (i == 3 &amp;&amp; wildList.indexOf(symbol) != -1): null

2019-08-10 23:48:31 - [TEST_STEP][PASSED] - if (i == 4 &amp;&amp; wildList.indexOf(symbol) != -1): null

2019-08-10 23:48:31 - [TEST_STEP][PASSED] - symbol = symbol: null

2019-08-10 23:48:31 - [TEST_STEP][PASSED] - println(symbol): null

2019-08-10 23:48:31 - [TEST_STEP][PASSED] - if (i == 2 &amp;&amp; wildList.indexOf(symbol) != -1): null

2019-08-10 23:48:31 - [TEST_STEP][PASSED] - if (i == 3 &amp;&amp; wildList.indexOf(symbol) != -1): null

2019-08-10 23:48:31 - [TEST_STEP][PASSED] - if (i == 4 &amp;&amp; wildList.indexOf(symbol) != -1): null

2019-08-10 23:48:31 - [TEST_STEP][PASSED] - symbols = symbols: null

2019-08-10 23:48:31 - [TEST_STEP][PASSED] - for ([j = 0, j &lt; symbols.size(), (j++)]): null

2019-08-10 23:48:31 - [TEST_STEP][PASSED] - symbol = symbol: null

2019-08-10 23:48:31 - [TEST_STEP][PASSED] - println(symbol): null

2019-08-10 23:48:31 - [TEST_STEP][PASSED] - if (i == 2 &amp;&amp; wildList.indexOf(symbol) != -1): null

2019-08-10 23:48:31 - [TEST_STEP][PASSED] - if (i == 3 &amp;&amp; wildList.indexOf(symbol) != -1): null

2019-08-10 23:48:31 - [TEST_STEP][PASSED] - if (i == 4 &amp;&amp; wildList.indexOf(symbol) != -1): null

2019-08-10 23:48:31 - [TEST_STEP][PASSED] - symbol = symbol: null

2019-08-10 23:48:31 - [TEST_STEP][PASSED] - println(symbol): null

2019-08-10 23:48:31 - [TEST_STEP][PASSED] - if (i == 2 &amp;&amp; wildList.indexOf(symbol) != -1): null

2019-08-10 23:48:31 - [TEST_STEP][PASSED] - if (i == 3 &amp;&amp; wildList.indexOf(symbol) != -1): null

2019-08-10 23:48:31 - [TEST_STEP][PASSED] - if (i == 4 &amp;&amp; wildList.indexOf(symbol) != -1): null

2019-08-10 23:48:31 - [TEST_STEP][PASSED] - symbol = symbol: null

2019-08-10 23:48:31 - [TEST_STEP][PASSED] - println(symbol): null

2019-08-10 23:48:31 - [TEST_STEP][PASSED] - if (i == 2 &amp;&amp; wildList.indexOf(symbol) != -1): null

2019-08-10 23:48:31 - [TEST_STEP][PASSED] - if (i == 3 &amp;&amp; wildList.indexOf(symbol) != -1): null

2019-08-10 23:48:31 - [TEST_STEP][PASSED] - if (i == 4 &amp;&amp; wildList.indexOf(symbol) != -1): null

2019-08-10 23:48:31 - [TEST_STEP][PASSED] - symbols = symbols: null

2019-08-10 23:48:31 - [TEST_STEP][PASSED] - for ([j = 0, j &lt; symbols.size(), (j++)]): null

2019-08-10 23:48:31 - [TEST_STEP][PASSED] - symbol = symbol: null

2019-08-10 23:48:31 - [TEST_STEP][PASSED] - println(symbol): null

2019-08-10 23:48:31 - [TEST_STEP][PASSED] - if (i == 2 &amp;&amp; wildList.indexOf(symbol) != -1): null

2019-08-10 23:48:31 - [TEST_STEP][PASSED] - if (i == 3 &amp;&amp; wildList.indexOf(symbol) != -1): null

2019-08-10 23:48:31 - [TEST_STEP][PASSED] - if (i == 4 &amp;&amp; wildList.indexOf(symbol) != -1): null

2019-08-10 23:48:31 - [TEST_STEP][PASSED] - println("wild found on reel 5, adding counter by 1"): null

2019-08-10 23:48:31 - [TEST_STEP][PASSED] - free_spin_reel_counter[2] = free_spin_reel_counter[2] + 1: null

2019-08-10 23:48:31 - [TEST_STEP][PASSED] - symbol = symbol: null

2019-08-10 23:48:31 - [TEST_STEP][PASSED] - println(symbol): null

2019-08-10 23:48:31 - [TEST_STEP][PASSED] - if (i == 2 &amp;&amp; wildList.indexOf(symbol) != -1): null

2019-08-10 23:48:31 - [TEST_STEP][PASSED] - if (i == 3 &amp;&amp; wildList.indexOf(symbol) != -1): null

2019-08-10 23:48:31 - [TEST_STEP][PASSED] - if (i == 4 &amp;&amp; wildList.indexOf(symbol) != -1): null

2019-08-10 23:48:31 - [TEST_STEP][PASSED] - symbol = symbol: null

2019-08-10 23:48:31 - [TEST_STEP][PASSED] - println(symbol): null

2019-08-10 23:48:31 - [TEST_STEP][PASSED] - if (i == 2 &amp;&amp; wildList.indexOf(symbol) != -1): null

2019-08-10 23:48:31 - [TEST_STEP][PASSED] - if (i == 3 &amp;&amp; wildList.indexOf(symbol) != -1): null

2019-08-10 23:48:31 - [TEST_STEP][PASSED] - if (i == 4 &amp;&amp; wildList.indexOf(symbol) != -1): null

2019-08-10 23:48:31 - [TEST_STEP][PASSED] - free_spin_reel_counter = free_spin_reel_counter: null

2019-08-10 23:48:31 - [TEST_STEP][PASSED] - println("reel 3 wild found: " + free_spin_reel_counter[0]): null

2019-08-10 23:48:31 - [TEST_STEP][PASSED] - println("reel 4 wild found: " + free_spin_reel_counter[1]): null

2019-08-10 23:48:31 - [TEST_STEP][PASSED] - println("reel 5 wild found: " + free_spin_reel_counter[2]): null

2019-08-10 23:48:31 - [TEST_STEP][PASSED] - M4_spin_reels = M4_spin_reels: null

2019-08-10 23:48:31 - [TEST_STEP][PASSED] - M4_spin_reels_symbols = symbol: null

2019-08-10 23:48:31 - [TEST_STEP][PASSED] - M4_spin_reels_symbols = M4_spin_reels_symbols: null

2019-08-10 23:48:31 - [TEST_STEP][PASSED] - M4_spin_reel_wins = reel_wins: null

2019-08-10 23:48:31 - [TEST_STEP][PASSED] - M4_spin_reel_wins = M4_spin_reel_wins: null

2019-08-10 23:48:31 - [TEST_STEP][PASSED] - println("GlobalVariable.M4_spin_reel_wins is: " + M4_spin_reel_wins): null

2019-08-10 23:48:31 - [TEST_STEP][PASSED] - M4_spin_total_bonus_win_this_round = total_bonus_win_this_round: null

2019-08-10 23:48:31 - [TEST_STEP][PASSED] - M4_spin_total_bonus_win_this_round = M4_spin_total_bonus_win_this_round: null

2019-08-10 23:48:31 - [TEST_STEP][PASSED] - println("GlobalVariable.M4_spin_total_bonus_win_this_round is: " + M4_spin_total_bonus_win_this_round): null

2019-08-10 23:48:31 - [MESSAGE][PASSED] - Verify response successfully

2019-08-10 23:48:31 - [MESSAGE][PASSED] - Send request and verify the response successfully

2019-08-10 23:48:31 - [TEST_STEP][PASSED] - if (M4_total_bonus_spins_int != 0 &amp;&amp; M4_spin_reels_symbols[2].contains("WILD_ExtraFG") || M4_spin_reels_symbols[3].contains("WILD_ExtraFG")): null

2019-08-10 23:48:31 - [TEST_STEP][PASSED] - free_spin_reel_counter = free_spin_reel_counter: null

2019-08-10 23:48:31 - [TEST_STEP][PASSED] - M4_spin_reels_symbols = M4_spin_reels_symbols: null

2019-08-10 23:48:31 - [TEST_STEP][PASSED] - M4_total_bonus_spins = M4_total_bonus_spins: null

2019-08-10 23:48:31 - [TEST_STEP][PASSED] - spin_result = sendRequestAndVerify(findTestObject("RGS(M4)/1_M4_spin", ["M4_login_user_id":M4_login_user_id, "rgs_session_token":rgs_session_token, "partner":Partner])): Send request and verify the response successfully

2019-08-10 23:48:32 - [TEST_CASE][PASSED] - Start Test Case : Verification: Verification accomplished successfully

2019-08-10 23:48:32 - [TEST_STEP][PASSED] - request = getInstance().getCurrentRequest(): null

2019-08-10 23:48:32 - [TEST_STEP][PASSED] - response = getInstance().getCurrentResponse(): null

2019-08-10 23:48:32 - [TEST_STEP][PASSED] - verifyResponseStatusCode(response, 200): Verify response status code successfully

2019-08-10 23:48:32 - [MESSAGE][PASSED] - Verify response status code successfully

2019-08-10 23:48:32 - [TEST_STEP][PASSED] - getStatusCode()).isEqualTo(200): null

2019-08-10 23:48:32 - [TEST_STEP][PASSED] - newline = System.getProperty("line.separator"): null

2019-08-10 23:48:32 - [TEST_STEP][PASSED] - M4_spin = new groovy.json.JsonSlurper(): null

2019-08-10 23:48:32 - [TEST_STEP][PASSED] - result_M4_spin = M4_spin.parseText(response.getResponseBodyContent()): null

2019-08-10 23:48:32 - [TEST_STEP][PASSED] - M4_spin_current_balance = current_balance: null

2019-08-10 23:48:32 - [TEST_STEP][PASSED] - M4_spin_current_balance = M4_spin_current_balance: null

2019-08-10 23:48:32 - [TEST_STEP][PASSED] - M4_spin_transaction_id = causality: null

2019-08-10 23:48:32 - [TEST_STEP][PASSED] - M4_spin_transaction_id = M4_spin_transaction_id: null

2019-08-10 23:48:32 - [TEST_STEP][PASSED] - M4_spin_round_id = round_id: null

2019-08-10 23:48:32 - [TEST_STEP][PASSED] - M4_spin_round_id = M4_spin_round_id: null

2019-08-10 23:48:32 - [TEST_STEP][PASSED] - M4_spin_line_wins = line_wins: null

2019-08-10 23:48:32 - [TEST_STEP][PASSED] - M4_spin_line_wins = M4_spin_line_wins: null

2019-08-10 23:48:32 - [TEST_STEP][PASSED] - M4_total_bonus_spins_int = total_bonus_spins: null

2019-08-10 23:48:32 - [TEST_STEP][PASSED] - println("******M4_total_bonus_spins type is:*******" + newline + getClass().getName()): null

2019-08-10 23:48:32 - [TEST_STEP][PASSED] - M4_total_bonus_spins_int = M4_total_bonus_spins_int: null

2019-08-10 23:48:32 - [TEST_STEP][PASSED] - M4_total_bonus_spins = Integer.toString(M4_total_bonus_spins_int): null

2019-08-10 23:48:32 - [TEST_STEP][PASSED] - M4_total_bonus_spins = M4_total_bonus_spins: null

2019-08-10 23:48:32 - [TEST_STEP][PASSED] - println("M4_total_bonus_spins is:" + M4_total_bonus_spins): null

2019-08-10 23:48:32 - [TEST_STEP][PASSED] - M4_spin_bonus_data = bonus_data: null

2019-08-10 23:48:32 - [TEST_STEP][PASSED] - M4_spin_features_triggered = result_M4_spin: null

2019-08-10 23:48:32 - [TEST_STEP][PASSED] - wild = []: null

2019-08-10 23:48:32 - [TEST_STEP][PASSED] - wild[0] = "WILD_Expanding": null

2019-08-10 23:48:32 - [TEST_STEP][PASSED] - wild[1] = "WILD_Normal": null

2019-08-10 23:48:32 - [TEST_STEP][PASSED] - wild[2] = "WILD_Double": null

2019-08-10 23:48:32 - [TEST_STEP][PASSED] - wild[3] = "WILD_ExtraFG": null

2019-08-10 23:48:32 - [TEST_STEP][PASSED] - wild[4] = "WILD_Triple": null

2019-08-10 23:48:32 - [TEST_STEP][PASSED] - wildList = Arrays.asList(wild): null

2019-08-10 23:48:32 - [TEST_STEP][PASSED] - wildList = wildList: null

2019-08-10 23:48:32 - [TEST_STEP][PASSED] - free_spin_reel_counter = []: null

2019-08-10 23:48:32 - [TEST_STEP][PASSED] - free_spin_reel_counter[0] = 0: null

2019-08-10 23:48:32 - [TEST_STEP][PASSED] - free_spin_reel_counter[1] = 0: null

2019-08-10 23:48:32 - [TEST_STEP][PASSED] - free_spin_reel_counter[2] = 0: null

2019-08-10 23:48:32 - [TEST_STEP][PASSED] - M4_spin_reels = reels: null

2019-08-10 23:48:32 - [TEST_STEP][PASSED] - for ([i = 0, i &lt; M4_spin_reels.size(), (i++)]): null

2019-08-10 23:48:32 - [TEST_STEP][PASSED] - symbols = symbols: null

2019-08-10 23:48:32 - [TEST_STEP][PASSED] - for ([j = 0, j &lt; symbols.size(), (j++)]): null

2019-08-10 23:48:32 - [TEST_STEP][PASSED] - symbol = symbol: null

2019-08-10 23:48:32 - [TEST_STEP][PASSED] - println(symbol): null

2019-08-10 23:48:32 - [TEST_STEP][PASSED] - if (i == 2 &amp;&amp; wildList.indexOf(symbol) != -1): null

2019-08-10 23:48:32 - [TEST_STEP][PASSED] - if (i == 3 &amp;&amp; wildList.indexOf(symbol) != -1): null

2019-08-10 23:48:32 - [TEST_STEP][PASSED] - if (i == 4 &amp;&amp; wildList.indexOf(symbol) != -1): null

2019-08-10 23:48:32 - [TEST_STEP][PASSED] - symbol = symbol: null

2019-08-10 23:48:32 - [TEST_STEP][PASSED] - println(symbol): null

2019-08-10 23:48:32 - [TEST_STEP][PASSED] - if (i == 2 &amp;&amp; wildList.indexOf(symbol) != -1): null

2019-08-10 23:48:32 - [TEST_STEP][PASSED] - if (i == 3 &amp;&amp; wildList.indexOf(symbol) != -1): null

2019-08-10 23:48:32 - [TEST_STEP][PASSED] - if (i == 4 &amp;&amp; wildList.indexOf(symbol) != -1): null

2019-08-10 23:48:32 - [TEST_STEP][PASSED] - symbol = symbol: null

2019-08-10 23:48:32 - [TEST_STEP][PASSED] - println(symbol): null

2019-08-10 23:48:32 - [TEST_STEP][PASSED] - if (i == 2 &amp;&amp; wildList.indexOf(symbol) != -1): null

2019-08-10 23:48:32 - [TEST_STEP][PASSED] - if (i == 3 &amp;&amp; wildList.indexOf(symbol) != -1): null

2019-08-10 23:48:32 - [TEST_STEP][PASSED] - if (i == 4 &amp;&amp; wildList.indexOf(symbol) != -1): null

2019-08-10 23:48:32 - [TEST_STEP][PASSED] - symbols = symbols: null

2019-08-10 23:48:32 - [TEST_STEP][PASSED] - for ([j = 0, j &lt; symbols.size(), (j++)]): null

2019-08-10 23:48:32 - [TEST_STEP][PASSED] - symbol = symbol: null

2019-08-10 23:48:32 - [TEST_STEP][PASSED] - println(symbol): null

2019-08-10 23:48:32 - [TEST_STEP][PASSED] - if (i == 2 &amp;&amp; wildList.indexOf(symbol) != -1): null

2019-08-10 23:48:32 - [TEST_STEP][PASSED] - if (i == 3 &amp;&amp; wildList.indexOf(symbol) != -1): null

2019-08-10 23:48:32 - [TEST_STEP][PASSED] - if (i == 4 &amp;&amp; wildList.indexOf(symbol) != -1): null

2019-08-10 23:48:32 - [TEST_STEP][PASSED] - symbol = symbol: null

2019-08-10 23:48:32 - [TEST_STEP][PASSED] - println(symbol): null

2019-08-10 23:48:32 - [TEST_STEP][PASSED] - if (i == 2 &amp;&amp; wildList.indexOf(symbol) != -1): null

2019-08-10 23:48:32 - [TEST_STEP][PASSED] - if (i == 3 &amp;&amp; wildList.indexOf(symbol) != -1): null

2019-08-10 23:48:32 - [TEST_STEP][PASSED] - if (i == 4 &amp;&amp; wildList.indexOf(symbol) != -1): null

2019-08-10 23:48:32 - [TEST_STEP][PASSED] - symbol = symbol: null

2019-08-10 23:48:32 - [TEST_STEP][PASSED] - println(symbol): null

2019-08-10 23:48:32 - [TEST_STEP][PASSED] - if (i == 2 &amp;&amp; wildList.indexOf(symbol) != -1): null

2019-08-10 23:48:32 - [TEST_STEP][PASSED] - if (i == 3 &amp;&amp; wildList.indexOf(symbol) != -1): null

2019-08-10 23:48:32 - [TEST_STEP][PASSED] - if (i == 4 &amp;&amp; wildList.indexOf(symbol) != -1): null

2019-08-10 23:48:32 - [TEST_STEP][PASSED] - symbols = symbols: null

2019-08-10 23:48:32 - [TEST_STEP][PASSED] - for ([j = 0, j &lt; symbols.size(), (j++)]): null

2019-08-10 23:48:32 - [TEST_STEP][PASSED] - symbol = symbol: null

2019-08-10 23:48:32 - [TEST_STEP][PASSED] - println(symbol): null

2019-08-10 23:48:32 - [TEST_STEP][PASSED] - if (i == 2 &amp;&amp; wildList.indexOf(symbol) != -1): null

2019-08-10 23:48:32 - [TEST_STEP][PASSED] - if (i == 3 &amp;&amp; wildList.indexOf(symbol) != -1): null

2019-08-10 23:48:32 - [TEST_STEP][PASSED] - if (i == 4 &amp;&amp; wildList.indexOf(symbol) != -1): null

2019-08-10 23:48:32 - [TEST_STEP][PASSED] - symbol = symbol: null

2019-08-10 23:48:32 - [TEST_STEP][PASSED] - println(symbol): null

2019-08-10 23:48:32 - [TEST_STEP][PASSED] - if (i == 2 &amp;&amp; wildList.indexOf(symbol) != -1): null

2019-08-10 23:48:32 - [TEST_STEP][PASSED] - if (i == 3 &amp;&amp; wildList.indexOf(symbol) != -1): null

2019-08-10 23:48:32 - [TEST_STEP][PASSED] - if (i == 4 &amp;&amp; wildList.indexOf(symbol) != -1): null

2019-08-10 23:48:32 - [TEST_STEP][PASSED] - symbol = symbol: null

2019-08-10 23:48:32 - [TEST_STEP][PASSED] - println(symbol): null

2019-08-10 23:48:32 - [TEST_STEP][PASSED] - if (i == 2 &amp;&amp; wildList.indexOf(symbol) != -1): null

2019-08-10 23:48:32 - [TEST_STEP][PASSED] - if (i == 3 &amp;&amp; wildList.indexOf(symbol) != -1): null

2019-08-10 23:48:32 - [TEST_STEP][PASSED] - if (i == 4 &amp;&amp; wildList.indexOf(symbol) != -1): null

2019-08-10 23:48:32 - [TEST_STEP][PASSED] - symbols = symbols: null

2019-08-10 23:48:32 - [TEST_STEP][PASSED] - for ([j = 0, j &lt; symbols.size(), (j++)]): null

2019-08-10 23:48:32 - [TEST_STEP][PASSED] - symbol = symbol: null

2019-08-10 23:48:32 - [TEST_STEP][PASSED] - println(symbol): null

2019-08-10 23:48:32 - [TEST_STEP][PASSED] - if (i == 2 &amp;&amp; wildList.indexOf(symbol) != -1): null

2019-08-10 23:48:32 - [TEST_STEP][PASSED] - if (i == 3 &amp;&amp; wildList.indexOf(symbol) != -1): null

2019-08-10 23:48:32 - [TEST_STEP][PASSED] - if (i == 4 &amp;&amp; wildList.indexOf(symbol) != -1): null

2019-08-10 23:48:32 - [TEST_STEP][PASSED] - symbol = symbol: null

2019-08-10 23:48:32 - [TEST_STEP][PASSED] - println(symbol): null

2019-08-10 23:48:32 - [TEST_STEP][PASSED] - if (i == 2 &amp;&amp; wildList.indexOf(symbol) != -1): null

2019-08-10 23:48:32 - [TEST_STEP][PASSED] - if (i == 3 &amp;&amp; wildList.indexOf(symbol) != -1): null

2019-08-10 23:48:32 - [TEST_STEP][PASSED] - if (i == 4 &amp;&amp; wildList.indexOf(symbol) != -1): null

2019-08-10 23:48:32 - [TEST_STEP][PASSED] - symbol = symbol: null

2019-08-10 23:48:32 - [TEST_STEP][PASSED] - println(symbol): null

2019-08-10 23:48:32 - [TEST_STEP][PASSED] - if (i == 2 &amp;&amp; wildList.indexOf(symbol) != -1): null

2019-08-10 23:48:32 - [TEST_STEP][PASSED] - if (i == 3 &amp;&amp; wildList.indexOf(symbol) != -1): null

2019-08-10 23:48:32 - [TEST_STEP][PASSED] - if (i == 4 &amp;&amp; wildList.indexOf(symbol) != -1): null

2019-08-10 23:48:32 - [TEST_STEP][PASSED] - symbols = symbols: null

2019-08-10 23:48:32 - [TEST_STEP][PASSED] - for ([j = 0, j &lt; symbols.size(), (j++)]): null

2019-08-10 23:48:32 - [TEST_STEP][PASSED] - symbol = symbol: null

2019-08-10 23:48:32 - [TEST_STEP][PASSED] - println(symbol): null

2019-08-10 23:48:32 - [TEST_STEP][PASSED] - if (i == 2 &amp;&amp; wildList.indexOf(symbol) != -1): null

2019-08-10 23:48:32 - [TEST_STEP][PASSED] - if (i == 3 &amp;&amp; wildList.indexOf(symbol) != -1): null

2019-08-10 23:48:32 - [TEST_STEP][PASSED] - if (i == 4 &amp;&amp; wildList.indexOf(symbol) != -1): null

2019-08-10 23:48:32 - [TEST_STEP][PASSED] - symbol = symbol: null

2019-08-10 23:48:32 - [TEST_STEP][PASSED] - println(symbol): null

2019-08-10 23:48:32 - [TEST_STEP][PASSED] - if (i == 2 &amp;&amp; wildList.indexOf(symbol) != -1): null

2019-08-10 23:48:32 - [TEST_STEP][PASSED] - if (i == 3 &amp;&amp; wildList.indexOf(symbol) != -1): null

2019-08-10 23:48:32 - [TEST_STEP][PASSED] - if (i == 4 &amp;&amp; wildList.indexOf(symbol) != -1): null

2019-08-10 23:48:32 - [TEST_STEP][PASSED] - symbol = symbol: null

2019-08-10 23:48:32 - [TEST_STEP][PASSED] - println(symbol): null

2019-08-10 23:48:32 - [TEST_STEP][PASSED] - if (i == 2 &amp;&amp; wildList.indexOf(symbol) != -1): null

2019-08-10 23:48:32 - [TEST_STEP][PASSED] - if (i == 3 &amp;&amp; wildList.indexOf(symbol) != -1): null

2019-08-10 23:48:32 - [TEST_STEP][PASSED] - if (i == 4 &amp;&amp; wildList.indexOf(symbol) != -1): null

2019-08-10 23:48:32 - [TEST_STEP][PASSED] - free_spin_reel_counter = free_spin_reel_counter: null

2019-08-10 23:48:32 - [TEST_STEP][PASSED] - println("reel 3 wild found: " + free_spin_reel_counter[0]): null

2019-08-10 23:48:32 - [TEST_STEP][PASSED] - println("reel 4 wild found: " + free_spin_reel_counter[1]): null

2019-08-10 23:48:36 - [TEST_STEP][PASSED] - println("reel 5 wild found: " + free_spin_reel_counter[2]): null

2019-08-10 23:48:36 - [TEST_STEP][PASSED] - M4_spin_reels = M4_spin_reels: null

2019-08-10 23:48:36 - [TEST_STEP][PASSED] - M4_spin_reels_symbols = symbol: null

2019-08-10 23:48:36 - [TEST_STEP][PASSED] - M4_spin_reels_symbols = M4_spin_reels_symbols: null

2019-08-10 23:48:36 - [TEST_STEP][PASSED] - M4_spin_reel_wins = reel_wins: null

2019-08-10 23:48:36 - [TEST_STEP][PASSED] - M4_spin_reel_wins = M4_spin_reel_wins: null

2019-08-10 23:48:36 - [TEST_STEP][PASSED] - println("GlobalVariable.M4_spin_reel_wins is: " + M4_spin_reel_wins): null

2019-08-10 23:48:36 - [TEST_STEP][PASSED] - M4_spin_total_bonus_win_this_round = total_bonus_win_this_round: null

2019-08-10 23:48:36 - [TEST_STEP][PASSED] - M4_spin_total_bonus_win_this_round = M4_spin_total_bonus_win_this_round: null

2019-08-10 23:48:36 - [TEST_STEP][PASSED] - println("GlobalVariable.M4_spin_total_bonus_win_this_round is: " + M4_spin_total_bonus_win_this_round): null

2019-08-10 23:48:41 - [MESSAGE][PASSED] - Verify response successfully

2019-08-10 23:48:41 - [MESSAGE][PASSED] - Send request and verify the response successfully

2019-08-10 23:48:41 - [TEST_STEP][PASSED] - if (M4_total_bonus_spins_int != 0 &amp;&amp; M4_spin_reels_symbols[2].contains("WILD_ExtraFG") || M4_spin_reels_symbols[3].contains("WILD_ExtraFG")): null

2019-08-10 23:48:41 - [TEST_STEP][PASSED] - free_spin_reel_counter = free_spin_reel_counter: null

2019-08-10 23:48:47 - [TEST_STEP][PASSED] - M4_spin_reels_symbols = M4_spin_reels_symbols: null

2019-08-10 23:48:47 - [TEST_STEP][PASSED] - M4_total_bonus_spins = M4_total_bonus_spins: null

2019-08-10 23:48:47 - [TEST_STEP][PASSED] - spin_result = sendRequestAndVerify(findTestObject("RGS(M4)/1_M4_spin", ["M4_login_user_id":M4_login_user_id, "rgs_session_token":rgs_session_token, "partner":Partner])): Send request and verify the response successfully

2019-08-10 23:48:47 - [TEST_CASE][PASSED] - Start Test Case : Verification: Verification accomplished successfully

2019-08-10 23:48:47 - [TEST_STEP][PASSED] - request = getInstance().getCurrentRequest(): null

2019-08-10 23:48:47 - [TEST_STEP][PASSED] - response = getInstance().getCurrentResponse(): null

2019-08-10 23:48:47 - [TEST_STEP][PASSED] - verifyResponseStatusCode(response, 200): Verify response status code successfully

2019-08-10 23:48:47 - [MESSAGE][PASSED] - Verify response status code successfully

2019-08-10 23:48:47 - [TEST_STEP][PASSED] - getStatusCode()).isEqualTo(200): null

2019-08-10 23:48:47 - [TEST_STEP][PASSED] - newline = System.getProperty("line.separator"): null

2019-08-10 23:48:47 - [TEST_STEP][PASSED] - M4_spin = new groovy.json.JsonSlurper(): null

2019-08-10 23:48:47 - [TEST_STEP][PASSED] - result_M4_spin = M4_spin.parseText(response.getResponseBodyContent()): null

2019-08-10 23:48:47 - [TEST_STEP][PASSED] - M4_spin_current_balance = current_balance: null

2019-08-10 23:48:47 - [TEST_STEP][PASSED] - M4_spin_current_balance = M4_spin_current_balance: null

2019-08-10 23:48:47 - [TEST_STEP][PASSED] - M4_spin_transaction_id = causality: null

2019-08-10 23:48:47 - [TEST_STEP][PASSED] - M4_spin_transaction_id = M4_spin_transaction_id: null

2019-08-10 23:48:47 - [TEST_STEP][PASSED] - M4_spin_round_id = round_id: null

2019-08-10 23:48:47 - [TEST_STEP][PASSED] - M4_spin_round_id = M4_spin_round_id: null

2019-08-10 23:48:47 - [TEST_STEP][PASSED] - M4_spin_line_wins = line_wins: null

2019-08-10 23:48:47 - [TEST_STEP][PASSED] - M4_spin_line_wins = M4_spin_line_wins: null

2019-08-10 23:48:47 - [TEST_STEP][PASSED] - M4_total_bonus_spins_int = total_bonus_spins: null

2019-08-10 23:48:47 - [TEST_STEP][PASSED] - println("******M4_total_bonus_spins type is:*******" + newline + getClass().getName()): null

2019-08-10 23:48:47 - [TEST_STEP][PASSED] - M4_total_bonus_spins_int = M4_total_bonus_spins_int: null

2019-08-10 23:48:47 - [TEST_STEP][PASSED] - M4_total_bonus_spins = Integer.toString(M4_total_bonus_spins_int): null

2019-08-10 23:48:47 - [TEST_STEP][PASSED] - M4_total_bonus_spins = M4_total_bonus_spins: null

2019-08-10 23:48:47 - [TEST_STEP][PASSED] - println("M4_total_bonus_spins is:" + M4_total_bonus_spins): null

2019-08-10 23:48:47 - [TEST_STEP][PASSED] - M4_spin_bonus_data = bonus_data: null

2019-08-10 23:48:47 - [TEST_STEP][PASSED] - M4_spin_features_triggered = result_M4_spin: null

2019-08-10 23:48:47 - [TEST_STEP][PASSED] - wild = []: null

2019-08-10 23:48:47 - [TEST_STEP][PASSED] - wild[0] = "WILD_Expanding": null

2019-08-10 23:48:47 - [TEST_STEP][PASSED] - wild[1] = "WILD_Normal": null

2019-08-10 23:48:47 - [TEST_STEP][PASSED] - wild[2] = "WILD_Double": null

2019-08-10 23:48:47 - [TEST_STEP][PASSED] - wild[3] = "WILD_ExtraFG": null

2019-08-10 23:48:47 - [TEST_STEP][PASSED] - wild[4] = "WILD_Triple": null

2019-08-10 23:48:47 - [TEST_STEP][PASSED] - wildList = Arrays.asList(wild): null

2019-08-10 23:48:47 - [TEST_STEP][PASSED] - wildList = wildList: null

2019-08-10 23:48:47 - [TEST_STEP][PASSED] - free_spin_reel_counter = []: null

2019-08-10 23:48:47 - [TEST_STEP][PASSED] - free_spin_reel_counter[0] = 0: null

2019-08-10 23:48:47 - [TEST_STEP][PASSED] - free_spin_reel_counter[1] = 0: null

2019-08-10 23:48:47 - [TEST_STEP][PASSED] - free_spin_reel_counter[2] = 0: null

2019-08-10 23:48:47 - [TEST_STEP][PASSED] - M4_spin_reels = reels: null

2019-08-10 23:48:47 - [TEST_STEP][PASSED] - for ([i = 0, i &lt; M4_spin_reels.size(), (i++)]): null

2019-08-10 23:48:47 - [TEST_STEP][PASSED] - symbols = symbols: null

2019-08-10 23:48:47 - [TEST_STEP][PASSED] - for ([j = 0, j &lt; symbols.size(), (j++)]): null

2019-08-10 23:48:47 - [TEST_STEP][PASSED] - symbol = symbol: null

2019-08-10 23:48:47 - [TEST_STEP][PASSED] - println(symbol): null

2019-08-10 23:48:47 - [TEST_STEP][PASSED] - if (i == 2 &amp;&amp; wildList.indexOf(symbol) != -1): null

2019-08-10 23:48:47 - [TEST_STEP][PASSED] - if (i == 3 &amp;&amp; wildList.indexOf(symbol) != -1): null

2019-08-10 23:48:47 - [TEST_STEP][PASSED] - if (i == 4 &amp;&amp; wildList.indexOf(symbol) != -1): null

2019-08-10 23:48:47 - [TEST_STEP][PASSED] - symbol = symbol: null

2019-08-10 23:48:47 - [TEST_STEP][PASSED] - println(symbol): null

2019-08-10 23:48:47 - [TEST_STEP][PASSED] - if (i == 2 &amp;&amp; wildList.indexOf(symbol) != -1): null

2019-08-10 23:48:47 - [TEST_STEP][PASSED] - if (i == 3 &amp;&amp; wildList.indexOf(symbol) != -1): null

2019-08-10 23:48:47 - [TEST_STEP][PASSED] - if (i == 4 &amp;&amp; wildList.indexOf(symbol) != -1): null

2019-08-10 23:48:47 - [TEST_STEP][PASSED] - symbol = symbol: null

2019-08-10 23:48:47 - [TEST_STEP][PASSED] - println(symbol): null

2019-08-10 23:48:47 - [TEST_STEP][PASSED] - if (i == 2 &amp;&amp; wildList.indexOf(symbol) != -1): null

2019-08-10 23:48:47 - [TEST_STEP][PASSED] - if (i == 3 &amp;&amp; wildList.indexOf(symbol) != -1): null

2019-08-10 23:48:47 - [TEST_STEP][PASSED] - if (i == 4 &amp;&amp; wildList.indexOf(symbol) != -1): null

2019-08-10 23:48:47 - [TEST_STEP][PASSED] - symbols = symbols: null

2019-08-10 23:48:47 - [TEST_STEP][PASSED] - for ([j = 0, j &lt; symbols.size(), (j++)]): null

2019-08-10 23:48:47 - [TEST_STEP][PASSED] - symbol = symbol: null

2019-08-10 23:48:47 - [TEST_STEP][PASSED] - println(symbol): null

2019-08-10 23:48:47 - [TEST_STEP][PASSED] - if (i == 2 &amp;&amp; wildList.indexOf(symbol) != -1): null

2019-08-10 23:48:47 - [TEST_STEP][PASSED] - if (i == 3 &amp;&amp; wildList.indexOf(symbol) != -1): null

2019-08-10 23:48:47 - [TEST_STEP][PASSED] - if (i == 4 &amp;&amp; wildList.indexOf(symbol) != -1): null

2019-08-10 23:48:47 - [TEST_STEP][PASSED] - symbol = symbol: null

2019-08-10 23:48:47 - [TEST_STEP][PASSED] - println(symbol): null

2019-08-10 23:48:47 - [TEST_STEP][PASSED] - if (i == 2 &amp;&amp; wildList.indexOf(symbol) != -1): null

2019-08-10 23:48:47 - [TEST_STEP][PASSED] - if (i == 3 &amp;&amp; wildList.indexOf(symbol) != -1): null

2019-08-10 23:48:47 - [TEST_STEP][PASSED] - if (i == 4 &amp;&amp; wildList.indexOf(symbol) != -1): null

2019-08-10 23:48:47 - [TEST_STEP][PASSED] - symbol = symbol: null

2019-08-10 23:48:47 - [TEST_STEP][PASSED] - println(symbol): null

2019-08-10 23:48:47 - [TEST_STEP][PASSED] - if (i == 2 &amp;&amp; wildList.indexOf(symbol) != -1): null

2019-08-10 23:48:47 - [TEST_STEP][PASSED] - if (i == 3 &amp;&amp; wildList.indexOf(symbol) != -1): null

2019-08-10 23:48:47 - [TEST_STEP][PASSED] - if (i == 4 &amp;&amp; wildList.indexOf(symbol) != -1): null

2019-08-10 23:48:47 - [TEST_STEP][PASSED] - symbols = symbols: null

2019-08-10 23:48:47 - [TEST_STEP][PASSED] - for ([j = 0, j &lt; symbols.size(), (j++)]): null

2019-08-10 23:48:47 - [TEST_STEP][PASSED] - symbol = symbol: null

2019-08-10 23:48:47 - [TEST_STEP][PASSED] - println(symbol): null

2019-08-10 23:48:47 - [TEST_STEP][PASSED] - if (i == 2 &amp;&amp; wildList.indexOf(symbol) != -1): null

2019-08-10 23:48:47 - [TEST_STEP][PASSED] - if (i == 3 &amp;&amp; wildList.indexOf(symbol) != -1): null

2019-08-10 23:48:47 - [TEST_STEP][PASSED] - if (i == 4 &amp;&amp; wildList.indexOf(symbol) != -1): null

2019-08-10 23:48:47 - [TEST_STEP][PASSED] - symbol = symbol: null

2019-08-10 23:48:47 - [TEST_STEP][PASSED] - println(symbol): null

2019-08-10 23:48:47 - [TEST_STEP][PASSED] - if (i == 2 &amp;&amp; wildList.indexOf(symbol) != -1): null

2019-08-10 23:48:47 - [TEST_STEP][PASSED] - if (i == 3 &amp;&amp; wildList.indexOf(symbol) != -1): null

2019-08-10 23:48:47 - [TEST_STEP][PASSED] - if (i == 4 &amp;&amp; wildList.indexOf(symbol) != -1): null

2019-08-10 23:48:47 - [TEST_STEP][PASSED] - symbol = symbol: null

2019-08-10 23:48:47 - [TEST_STEP][PASSED] - println(symbol): null

2019-08-10 23:48:47 - [TEST_STEP][PASSED] - if (i == 2 &amp;&amp; wildList.indexOf(symbol) != -1): null

2019-08-10 23:48:47 - [TEST_STEP][PASSED] - if (i == 3 &amp;&amp; wildList.indexOf(symbol) != -1): null

2019-08-10 23:48:47 - [TEST_STEP][PASSED] - if (i == 4 &amp;&amp; wildList.indexOf(symbol) != -1): null

2019-08-10 23:48:47 - [TEST_STEP][PASSED] - symbols = symbols: null

2019-08-10 23:48:47 - [TEST_STEP][PASSED] - for ([j = 0, j &lt; symbols.size(), (j++)]): null

2019-08-10 23:48:47 - [TEST_STEP][PASSED] - symbol = symbol: null

2019-08-10 23:48:47 - [TEST_STEP][PASSED] - println(symbol): null

2019-08-10 23:48:47 - [TEST_STEP][PASSED] - if (i == 2 &amp;&amp; wildList.indexOf(symbol) != -1): null

2019-08-10 23:48:47 - [TEST_STEP][PASSED] - if (i == 3 &amp;&amp; wildList.indexOf(symbol) != -1): null

2019-08-10 23:48:47 - [TEST_STEP][PASSED] - println("wild found on reel 4, adding counter by 1"): null

2019-08-10 23:48:47 - [TEST_STEP][PASSED] - free_spin_reel_counter[1] = free_spin_reel_counter[1] + 1: null

2019-08-10 23:48:47 - [TEST_STEP][PASSED] - if (i == 4 &amp;&amp; wildList.indexOf(symbol) != -1): null

2019-08-10 23:48:47 - [TEST_STEP][PASSED] - symbol = symbol: null

2019-08-10 23:48:47 - [TEST_STEP][PASSED] - println(symbol): null

2019-08-10 23:48:47 - [TEST_STEP][PASSED] - if (i == 2 &amp;&amp; wildList.indexOf(symbol) != -1): null

2019-08-10 23:48:47 - [TEST_STEP][PASSED] - if (i == 3 &amp;&amp; wildList.indexOf(symbol) != -1): null

2019-08-10 23:48:47 - [TEST_STEP][PASSED] - if (i == 4 &amp;&amp; wildList.indexOf(symbol) != -1): null

2019-08-10 23:48:47 - [TEST_STEP][PASSED] - symbol = symbol: null

2019-08-10 23:48:47 - [TEST_STEP][PASSED] - println(symbol): null

2019-08-10 23:48:47 - [TEST_STEP][PASSED] - if (i == 2 &amp;&amp; wildList.indexOf(symbol) != -1): null

2019-08-10 23:48:47 - [TEST_STEP][PASSED] - if (i == 3 &amp;&amp; wildList.indexOf(symbol) != -1): null

2019-08-10 23:48:47 - [TEST_STEP][PASSED] - if (i == 4 &amp;&amp; wildList.indexOf(symbol) != -1): null

2019-08-10 23:48:47 - [TEST_STEP][PASSED] - symbols = symbols: null

2019-08-10 23:48:47 - [TEST_STEP][PASSED] - for ([j = 0, j &lt; symbols.size(), (j++)]): null

2019-08-10 23:48:47 - [TEST_STEP][PASSED] - symbol = symbol: null

2019-08-10 23:48:47 - [TEST_STEP][PASSED] - println(symbol): null

2019-08-10 23:48:47 - [TEST_STEP][PASSED] - if (i == 2 &amp;&amp; wildList.indexOf(symbol) != -1): null

2019-08-10 23:48:47 - [TEST_STEP][PASSED] - if (i == 3 &amp;&amp; wildList.indexOf(symbol) != -1): null

2019-08-10 23:48:47 - [TEST_STEP][PASSED] - if (i == 4 &amp;&amp; wildList.indexOf(symbol) != -1): null

2019-08-10 23:48:47 - [TEST_STEP][PASSED] - symbol = symbol: null

2019-08-10 23:48:47 - [TEST_STEP][PASSED] - println(symbol): null

2019-08-10 23:48:47 - [TEST_STEP][PASSED] - if (i == 2 &amp;&amp; wildList.indexOf(symbol) != -1): null

2019-08-10 23:48:47 - [TEST_STEP][PASSED] - if (i == 3 &amp;&amp; wildList.indexOf(symbol) != -1): null

2019-08-10 23:48:47 - [TEST_STEP][PASSED] - if (i == 4 &amp;&amp; wildList.indexOf(symbol) != -1): null

2019-08-10 23:48:47 - [TEST_STEP][PASSED] - symbol = symbol: null

2019-08-10 23:48:47 - [TEST_STEP][PASSED] - println(symbol): null

2019-08-10 23:48:47 - [TEST_STEP][PASSED] - if (i == 2 &amp;&amp; wildList.indexOf(symbol) != -1): null

2019-08-10 23:48:47 - [TEST_STEP][PASSED] - if (i == 3 &amp;&amp; wildList.indexOf(symbol) != -1): null

2019-08-10 23:48:47 - [TEST_STEP][PASSED] - if (i == 4 &amp;&amp; wildList.indexOf(symbol) != -1): null

2019-08-10 23:48:47 - [TEST_STEP][PASSED] - free_spin_reel_counter = free_spin_reel_counter: null

2019-08-10 23:48:47 - [TEST_STEP][PASSED] - println("reel 3 wild found: " + free_spin_reel_counter[0]): null

2019-08-10 23:48:47 - [TEST_STEP][PASSED] - println("reel 4 wild found: " + free_spin_reel_counter[1]): null

2019-08-10 23:48:47 - [TEST_STEP][PASSED] - println("reel 5 wild found: " + free_spin_reel_counter[2]): null

2019-08-10 23:48:47 - [TEST_STEP][PASSED] - M4_spin_reels = M4_spin_reels: null

2019-08-10 23:48:47 - [TEST_STEP][PASSED] - M4_spin_reels_symbols = symbol: null

2019-08-10 23:48:47 - [TEST_STEP][PASSED] - M4_spin_reels_symbols = M4_spin_reels_symbols: null

2019-08-10 23:48:47 - [TEST_STEP][PASSED] - M4_spin_reel_wins = reel_wins: null

2019-08-10 23:48:47 - [TEST_STEP][PASSED] - M4_spin_reel_wins = M4_spin_reel_wins: null

2019-08-10 23:48:47 - [TEST_STEP][PASSED] - println("GlobalVariable.M4_spin_reel_wins is: " + M4_spin_reel_wins): null

2019-08-10 23:48:47 - [TEST_STEP][PASSED] - M4_spin_total_bonus_win_this_round = total_bonus_win_this_round: null

2019-08-10 23:48:47 - [TEST_STEP][PASSED] - M4_spin_total_bonus_win_this_round = M4_spin_total_bonus_win_this_round: null

2019-08-10 23:48:47 - [TEST_STEP][PASSED] - println("GlobalVariable.M4_spin_total_bonus_win_this_round is: " + M4_spin_total_bonus_win_this_round): null

2019-08-10 23:48:47 - [MESSAGE][PASSED] - Verify response successfully

2019-08-10 23:48:47 - [MESSAGE][PASSED] - Send request and verify the response successfully

2019-08-10 23:48:47 - [TEST_STEP][PASSED] - if (M4_total_bonus_spins_int != 0 &amp;&amp; M4_spin_reels_symbols[2].contains("WILD_ExtraFG") || M4_spin_reels_symbols[3].contains("WILD_ExtraFG")): null

2019-08-10 23:48:47 - [TEST_STEP][PASSED] - free_spin_reel_counter = free_spin_reel_counter: null

2019-08-10 23:48:47 - [TEST_STEP][PASSED] - M4_spin_reels_symbols = M4_spin_reels_symbols: null

2019-08-10 23:48:47 - [TEST_STEP][PASSED] - M4_total_bonus_spins = M4_total_bonus_spins: null

2019-08-10 23:48:47 - [TEST_STEP][PASSED] - spin_result = sendRequestAndVerify(findTestObject("RGS(M4)/1_M4_spin", ["M4_login_user_id":M4_login_user_id, "rgs_session_token":rgs_session_token, "partner":Partner])): Send request and verify the response successfully

2019-08-10 23:48:47 - [TEST_CASE][PASSED] - Start Test Case : Verification: Verification accomplished successfully

2019-08-10 23:48:48 - [TEST_STEP][PASSED] - request = getInstance().getCurrentRequest(): null

2019-08-10 23:48:48 - [TEST_STEP][PASSED] - response = getInstance().getCurrentResponse(): null

2019-08-10 23:48:48 - [TEST_STEP][PASSED] - verifyResponseStatusCode(response, 200): Verify response status code successfully

2019-08-10 23:48:48 - [MESSAGE][PASSED] - Verify response status code successfully

2019-08-10 23:48:48 - [TEST_STEP][PASSED] - getStatusCode()).isEqualTo(200): null

2019-08-10 23:48:48 - [TEST_STEP][PASSED] - newline = System.getProperty("line.separator"): null

2019-08-10 23:48:48 - [TEST_STEP][PASSED] - M4_spin = new groovy.json.JsonSlurper(): null

2019-08-10 23:48:48 - [TEST_STEP][PASSED] - result_M4_spin = M4_spin.parseText(response.getResponseBodyContent()): null

2019-08-10 23:48:48 - [TEST_STEP][PASSED] - M4_spin_current_balance = current_balance: null

2019-08-10 23:48:48 - [TEST_STEP][PASSED] - M4_spin_current_balance = M4_spin_current_balance: null

2019-08-10 23:48:48 - [TEST_STEP][PASSED] - M4_spin_transaction_id = causality: null

2019-08-10 23:48:48 - [TEST_STEP][PASSED] - M4_spin_transaction_id = M4_spin_transaction_id: null

2019-08-10 23:48:48 - [TEST_STEP][PASSED] - M4_spin_round_id = round_id: null

2019-08-10 23:48:48 - [TEST_STEP][PASSED] - M4_spin_round_id = M4_spin_round_id: null

2019-08-10 23:48:48 - [TEST_STEP][PASSED] - M4_spin_line_wins = line_wins: null

2019-08-10 23:48:48 - [TEST_STEP][PASSED] - M4_spin_line_wins = M4_spin_line_wins: null

2019-08-10 23:48:48 - [TEST_STEP][PASSED] - M4_total_bonus_spins_int = total_bonus_spins: null

2019-08-10 23:48:48 - [TEST_STEP][PASSED] - println("******M4_total_bonus_spins type is:*******" + newline + getClass().getName()): null

2019-08-10 23:48:48 - [TEST_STEP][PASSED] - M4_total_bonus_spins_int = M4_total_bonus_spins_int: null

2019-08-10 23:48:48 - [TEST_STEP][PASSED] - M4_total_bonus_spins = Integer.toString(M4_total_bonus_spins_int): null

2019-08-10 23:48:48 - [TEST_STEP][PASSED] - M4_total_bonus_spins = M4_total_bonus_spins: null

2019-08-10 23:48:48 - [TEST_STEP][PASSED] - println("M4_total_bonus_spins is:" + M4_total_bonus_spins): null

2019-08-10 23:48:48 - [TEST_STEP][PASSED] - M4_spin_bonus_data = bonus_data: null

2019-08-10 23:48:48 - [TEST_STEP][PASSED] - M4_spin_features_triggered = result_M4_spin: null

2019-08-10 23:48:48 - [TEST_STEP][PASSED] - wild = []: null

2019-08-10 23:48:48 - [TEST_STEP][PASSED] - wild[0] = "WILD_Expanding": null

2019-08-10 23:48:48 - [TEST_STEP][PASSED] - wild[1] = "WILD_Normal": null

2019-08-10 23:48:48 - [TEST_STEP][PASSED] - wild[2] = "WILD_Double": null

2019-08-10 23:48:48 - [TEST_STEP][PASSED] - wild[3] = "WILD_ExtraFG": null

2019-08-10 23:48:48 - [TEST_STEP][PASSED] - wild[4] = "WILD_Triple": null

2019-08-10 23:48:48 - [TEST_STEP][PASSED] - wildList = Arrays.asList(wild): null

2019-08-10 23:48:48 - [TEST_STEP][PASSED] - wildList = wildList: null

2019-08-10 23:48:48 - [TEST_STEP][PASSED] - free_spin_reel_counter = []: null

2019-08-10 23:48:48 - [TEST_STEP][PASSED] - free_spin_reel_counter[0] = 0: null

2019-08-10 23:48:48 - [TEST_STEP][PASSED] - free_spin_reel_counter[1] = 0: null

2019-08-10 23:48:48 - [TEST_STEP][PASSED] - free_spin_reel_counter[2] = 0: null

2019-08-10 23:48:48 - [TEST_STEP][PASSED] - M4_spin_reels = reels: null

2019-08-10 23:48:48 - [TEST_STEP][PASSED] - for ([i = 0, i &lt; M4_spin_reels.size(), (i++)]): null

2019-08-10 23:48:48 - [TEST_STEP][PASSED] - symbols = symbols: null

2019-08-10 23:48:48 - [TEST_STEP][PASSED] - for ([j = 0, j &lt; symbols.size(), (j++)]): null

2019-08-10 23:48:48 - [TEST_STEP][PASSED] - symbol = symbol: null

2019-08-10 23:48:48 - [TEST_STEP][PASSED] - println(symbol): null

2019-08-10 23:48:48 - [TEST_STEP][PASSED] - if (i == 2 &amp;&amp; wildList.indexOf(symbol) != -1): null

2019-08-10 23:48:48 - [TEST_STEP][PASSED] - if (i == 3 &amp;&amp; wildList.indexOf(symbol) != -1): null

2019-08-10 23:48:48 - [TEST_STEP][PASSED] - if (i == 4 &amp;&amp; wildList.indexOf(symbol) != -1): null

2019-08-10 23:48:48 - [TEST_STEP][PASSED] - symbol = symbol: null

2019-08-10 23:48:48 - [TEST_STEP][PASSED] - println(symbol): null

2019-08-10 23:48:48 - [TEST_STEP][PASSED] - if (i == 2 &amp;&amp; wildList.indexOf(symbol) != -1): null

2019-08-10 23:48:48 - [TEST_STEP][PASSED] - if (i == 3 &amp;&amp; wildList.indexOf(symbol) != -1): null

2019-08-10 23:48:48 - [TEST_STEP][PASSED] - if (i == 4 &amp;&amp; wildList.indexOf(symbol) != -1): null

2019-08-10 23:48:48 - [TEST_STEP][PASSED] - symbol = symbol: null

2019-08-10 23:48:48 - [TEST_STEP][PASSED] - println(symbol): null

2019-08-10 23:48:48 - [TEST_STEP][PASSED] - if (i == 2 &amp;&amp; wildList.indexOf(symbol) != -1): null

2019-08-10 23:48:48 - [TEST_STEP][PASSED] - if (i == 3 &amp;&amp; wildList.indexOf(symbol) != -1): null

2019-08-10 23:48:48 - [TEST_STEP][PASSED] - if (i == 4 &amp;&amp; wildList.indexOf(symbol) != -1): null

2019-08-10 23:48:48 - [TEST_STEP][PASSED] - symbols = symbols: null

2019-08-10 23:48:48 - [TEST_STEP][PASSED] - for ([j = 0, j &lt; symbols.size(), (j++)]): null

2019-08-10 23:48:48 - [TEST_STEP][PASSED] - symbol = symbol: null

2019-08-10 23:48:48 - [TEST_STEP][PASSED] - println(symbol): null

2019-08-10 23:48:48 - [TEST_STEP][PASSED] - if (i == 2 &amp;&amp; wildList.indexOf(symbol) != -1): null

2019-08-10 23:48:48 - [TEST_STEP][PASSED] - if (i == 3 &amp;&amp; wildList.indexOf(symbol) != -1): null

2019-08-10 23:48:48 - [TEST_STEP][PASSED] - if (i == 4 &amp;&amp; wildList.indexOf(symbol) != -1): null

2019-08-10 23:48:48 - [TEST_STEP][PASSED] - symbol = symbol: null

2019-08-10 23:48:48 - [TEST_STEP][PASSED] - println(symbol): null

2019-08-10 23:48:48 - [TEST_STEP][PASSED] - if (i == 2 &amp;&amp; wildList.indexOf(symbol) != -1): null

2019-08-10 23:48:48 - [TEST_STEP][PASSED] - if (i == 3 &amp;&amp; wildList.indexOf(symbol) != -1): null

2019-08-10 23:48:48 - [TEST_STEP][PASSED] - if (i == 4 &amp;&amp; wildList.indexOf(symbol) != -1): null

2019-08-10 23:48:48 - [TEST_STEP][PASSED] - symbol = symbol: null

2019-08-10 23:48:48 - [TEST_STEP][PASSED] - println(symbol): null

2019-08-10 23:48:48 - [TEST_STEP][PASSED] - if (i == 2 &amp;&amp; wildList.indexOf(symbol) != -1): null

2019-08-10 23:48:48 - [TEST_STEP][PASSED] - if (i == 3 &amp;&amp; wildList.indexOf(symbol) != -1): null

2019-08-10 23:48:48 - [TEST_STEP][PASSED] - if (i == 4 &amp;&amp; wildList.indexOf(symbol) != -1): null

2019-08-10 23:48:48 - [TEST_STEP][PASSED] - symbols = symbols: null

2019-08-10 23:48:48 - [TEST_STEP][PASSED] - for ([j = 0, j &lt; symbols.size(), (j++)]): null

2019-08-10 23:48:48 - [TEST_STEP][PASSED] - symbol = symbol: null

2019-08-10 23:48:48 - [TEST_STEP][PASSED] - println(symbol): null

2019-08-10 23:48:48 - [TEST_STEP][PASSED] - if (i == 2 &amp;&amp; wildList.indexOf(symbol) != -1): null

2019-08-10 23:48:48 - [TEST_STEP][PASSED] - if (i == 3 &amp;&amp; wildList.indexOf(symbol) != -1): null

2019-08-10 23:48:48 - [TEST_STEP][PASSED] - if (i == 4 &amp;&amp; wildList.indexOf(symbol) != -1): null

2019-08-10 23:48:48 - [TEST_STEP][PASSED] - symbol = symbol: null

2019-08-10 23:48:48 - [TEST_STEP][PASSED] - println(symbol): null

2019-08-10 23:48:48 - [TEST_STEP][PASSED] - if (i == 2 &amp;&amp; wildList.indexOf(symbol) != -1): null

2019-08-10 23:48:48 - [TEST_STEP][PASSED] - if (i == 3 &amp;&amp; wildList.indexOf(symbol) != -1): null

2019-08-10 23:48:48 - [TEST_STEP][PASSED] - if (i == 4 &amp;&amp; wildList.indexOf(symbol) != -1): null

2019-08-10 23:48:48 - [TEST_STEP][PASSED] - symbol = symbol: null

2019-08-10 23:48:48 - [TEST_STEP][PASSED] - println(symbol): null

2019-08-10 23:48:48 - [TEST_STEP][PASSED] - if (i == 2 &amp;&amp; wildList.indexOf(symbol) != -1): null

2019-08-10 23:48:48 - [TEST_STEP][PASSED] - if (i == 3 &amp;&amp; wildList.indexOf(symbol) != -1): null

2019-08-10 23:48:48 - [TEST_STEP][PASSED] - if (i == 4 &amp;&amp; wildList.indexOf(symbol) != -1): null

2019-08-10 23:48:48 - [TEST_STEP][PASSED] - symbols = symbols: null

2019-08-10 23:48:48 - [TEST_STEP][PASSED] - for ([j = 0, j &lt; symbols.size(), (j++)]): null

2019-08-10 23:48:48 - [TEST_STEP][PASSED] - symbol = symbol: null

2019-08-10 23:48:48 - [TEST_STEP][PASSED] - println(symbol): null

2019-08-10 23:48:48 - [TEST_STEP][PASSED] - if (i == 2 &amp;&amp; wildList.indexOf(symbol) != -1): null

2019-08-10 23:48:48 - [TEST_STEP][PASSED] - if (i == 3 &amp;&amp; wildList.indexOf(symbol) != -1): null

2019-08-10 23:48:48 - [TEST_STEP][PASSED] - if (i == 4 &amp;&amp; wildList.indexOf(symbol) != -1): null

2019-08-10 23:48:48 - [TEST_STEP][PASSED] - symbol = symbol: null

2019-08-10 23:48:48 - [TEST_STEP][PASSED] - println(symbol): null

2019-08-10 23:48:48 - [TEST_STEP][PASSED] - if (i == 2 &amp;&amp; wildList.indexOf(symbol) != -1): null

2019-08-10 23:48:48 - [TEST_STEP][PASSED] - if (i == 3 &amp;&amp; wildList.indexOf(symbol) != -1): null

2019-08-10 23:48:48 - [TEST_STEP][PASSED] - if (i == 4 &amp;&amp; wildList.indexOf(symbol) != -1): null

2019-08-10 23:48:48 - [TEST_STEP][PASSED] - symbol = symbol: null

2019-08-10 23:48:48 - [TEST_STEP][PASSED] - println(symbol): null

2019-08-10 23:48:48 - [TEST_STEP][PASSED] - if (i == 2 &amp;&amp; wildList.indexOf(symbol) != -1): null

2019-08-10 23:48:48 - [TEST_STEP][PASSED] - if (i == 3 &amp;&amp; wildList.indexOf(symbol) != -1): null

2019-08-10 23:48:48 - [TEST_STEP][PASSED] - println("wild found on reel 4, adding counter by 1"): null

2019-08-10 23:48:48 - [TEST_STEP][PASSED] - free_spin_reel_counter[1] = free_spin_reel_counter[1] + 1: null

2019-08-10 23:48:48 - [TEST_STEP][PASSED] - if (i == 4 &amp;&amp; wildList.indexOf(symbol) != -1): null

2019-08-10 23:48:48 - [TEST_STEP][PASSED] - symbols = symbols: null

2019-08-10 23:48:48 - [TEST_STEP][PASSED] - for ([j = 0, j &lt; symbols.size(), (j++)]): null

2019-08-10 23:48:48 - [TEST_STEP][PASSED] - symbol = symbol: null

2019-08-10 23:48:48 - [TEST_STEP][PASSED] - println(symbol): null

2019-08-10 23:48:48 - [TEST_STEP][PASSED] - if (i == 2 &amp;&amp; wildList.indexOf(symbol) != -1): null

2019-08-10 23:48:48 - [TEST_STEP][PASSED] - if (i == 3 &amp;&amp; wildList.indexOf(symbol) != -1): null

2019-08-10 23:48:48 - [TEST_STEP][PASSED] - if (i == 4 &amp;&amp; wildList.indexOf(symbol) != -1): null

2019-08-10 23:48:48 - [TEST_STEP][PASSED] - symbol = symbol: null

2019-08-10 23:48:48 - [TEST_STEP][PASSED] - println(symbol): null

2019-08-10 23:48:48 - [TEST_STEP][PASSED] - if (i == 2 &amp;&amp; wildList.indexOf(symbol) != -1): null

2019-08-10 23:48:48 - [TEST_STEP][PASSED] - if (i == 3 &amp;&amp; wildList.indexOf(symbol) != -1): null

2019-08-10 23:48:48 - [TEST_STEP][PASSED] - if (i == 4 &amp;&amp; wildList.indexOf(symbol) != -1): null

2019-08-10 23:48:48 - [TEST_STEP][PASSED] - symbol = symbol: null

2019-08-10 23:48:48 - [TEST_STEP][PASSED] - println(symbol): null

2019-08-10 23:48:48 - [TEST_STEP][PASSED] - if (i == 2 &amp;&amp; wildList.indexOf(symbol) != -1): null

2019-08-10 23:48:48 - [TEST_STEP][PASSED] - if (i == 3 &amp;&amp; wildList.indexOf(symbol) != -1): null

2019-08-10 23:48:48 - [TEST_STEP][PASSED] - if (i == 4 &amp;&amp; wildList.indexOf(symbol) != -1): null

2019-08-10 23:48:48 - [TEST_STEP][PASSED] - free_spin_reel_counter = free_spin_reel_counter: null

2019-08-10 23:48:48 - [TEST_STEP][PASSED] - println("reel 3 wild found: " + free_spin_reel_counter[0]): null

2019-08-10 23:48:48 - [TEST_STEP][PASSED] - println("reel 4 wild found: " + free_spin_reel_counter[1]): null

2019-08-10 23:48:48 - [TEST_STEP][PASSED] - println("reel 5 wild found: " + free_spin_reel_counter[2]): null

2019-08-10 23:48:48 - [TEST_STEP][PASSED] - M4_spin_reels = M4_spin_reels: null

2019-08-10 23:48:48 - [TEST_STEP][PASSED] - M4_spin_reels_symbols = symbol: null

2019-08-10 23:48:48 - [TEST_STEP][PASSED] - M4_spin_reels_symbols = M4_spin_reels_symbols: null

2019-08-10 23:48:48 - [TEST_STEP][PASSED] - M4_spin_reel_wins = reel_wins: null

2019-08-10 23:48:48 - [TEST_STEP][PASSED] - M4_spin_reel_wins = M4_spin_reel_wins: null

2019-08-10 23:48:48 - [TEST_STEP][PASSED] - println("GlobalVariable.M4_spin_reel_wins is: " + M4_spin_reel_wins): null

2019-08-10 23:48:48 - [TEST_STEP][PASSED] - M4_spin_total_bonus_win_this_round = total_bonus_win_this_round: null

2019-08-10 23:48:48 - [TEST_STEP][PASSED] - M4_spin_total_bonus_win_this_round = M4_spin_total_bonus_win_this_round: null

2019-08-10 23:48:48 - [TEST_STEP][PASSED] - println("GlobalVariable.M4_spin_total_bonus_win_this_round is: " + M4_spin_total_bonus_win_this_round): null

2019-08-10 23:48:48 - [MESSAGE][PASSED] - Verify response successfully

2019-08-10 23:48:48 - [MESSAGE][PASSED] - Send request and verify the response successfully

2019-08-10 23:48:48 - [TEST_STEP][PASSED] - if (M4_total_bonus_spins_int != 0 &amp;&amp; M4_spin_reels_symbols[2].contains("WILD_ExtraFG") || M4_spin_reels_symbols[3].contains("WILD_ExtraFG")): null

2019-08-10 23:48:48 - [TEST_STEP][PASSED] - free_spin_reel_counter = free_spin_reel_counter: null

2019-08-10 23:48:48 - [TEST_STEP][PASSED] - M4_spin_reels_symbols = M4_spin_reels_symbols: null

2019-08-10 23:48:48 - [TEST_STEP][PASSED] - M4_total_bonus_spins = M4_total_bonus_spins: null

2019-08-10 23:48:48 - [TEST_STEP][PASSED] - spin_result = sendRequestAndVerify(findTestObject("RGS(M4)/1_M4_spin", ["M4_login_user_id":M4_login_user_id, "rgs_session_token":rgs_session_token, "partner":Partner])): Send request and verify the response successfully

2019-08-10 23:48:48 - [TEST_CASE][PASSED] - Start Test Case : Verification: Verification accomplished successfully

2019-08-10 23:48:48 - [TEST_STEP][PASSED] - request = getInstance().getCurrentRequest(): null

2019-08-10 23:48:48 - [TEST_STEP][PASSED] - response = getInstance().getCurrentResponse(): null

2019-08-10 23:48:48 - [TEST_STEP][PASSED] - verifyResponseStatusCode(response, 200): Verify response status code successfully

2019-08-10 23:48:48 - [MESSAGE][PASSED] - Verify response status code successfully

2019-08-10 23:48:48 - [TEST_STEP][PASSED] - getStatusCode()).isEqualTo(200): null

2019-08-10 23:48:48 - [TEST_STEP][PASSED] - newline = System.getProperty("line.separator"): null

2019-08-10 23:48:48 - [TEST_STEP][PASSED] - M4_spin = new groovy.json.JsonSlurper(): null

2019-08-10 23:48:48 - [TEST_STEP][PASSED] - result_M4_spin = M4_spin.parseText(response.getResponseBodyContent()): null

2019-08-10 23:48:48 - [TEST_STEP][PASSED] - M4_spin_current_balance = current_balance: null

2019-08-10 23:48:48 - [TEST_STEP][PASSED] - M4_spin_current_balance = M4_spin_current_balance: null

2019-08-10 23:48:48 - [TEST_STEP][PASSED] - M4_spin_transaction_id = causality: null

2019-08-10 23:48:48 - [TEST_STEP][PASSED] - M4_spin_transaction_id = M4_spin_transaction_id: null

2019-08-10 23:48:48 - [TEST_STEP][PASSED] - M4_spin_round_id = round_id: null

2019-08-10 23:48:48 - [TEST_STEP][PASSED] - M4_spin_round_id = M4_spin_round_id: null

2019-08-10 23:48:48 - [TEST_STEP][PASSED] - M4_spin_line_wins = line_wins: null

2019-08-10 23:48:48 - [TEST_STEP][PASSED] - M4_spin_line_wins = M4_spin_line_wins: null

2019-08-10 23:48:48 - [TEST_STEP][PASSED] - M4_total_bonus_spins_int = total_bonus_spins: null

2019-08-10 23:48:48 - [TEST_STEP][PASSED] - println("******M4_total_bonus_spins type is:*******" + newline + getClass().getName()): null

2019-08-10 23:48:48 - [TEST_STEP][PASSED] - M4_total_bonus_spins_int = M4_total_bonus_spins_int: null

2019-08-10 23:48:48 - [TEST_STEP][PASSED] - M4_total_bonus_spins = Integer.toString(M4_total_bonus_spins_int): null

2019-08-10 23:48:48 - [TEST_STEP][PASSED] - M4_total_bonus_spins = M4_total_bonus_spins: null

2019-08-10 23:48:48 - [TEST_STEP][PASSED] - println("M4_total_bonus_spins is:" + M4_total_bonus_spins): null

2019-08-10 23:48:48 - [TEST_STEP][PASSED] - M4_spin_bonus_data = bonus_data: null

2019-08-10 23:48:48 - [TEST_STEP][PASSED] - M4_spin_features_triggered = result_M4_spin: null

2019-08-10 23:48:48 - [TEST_STEP][PASSED] - wild = []: null

2019-08-10 23:48:48 - [TEST_STEP][PASSED] - wild[0] = "WILD_Expanding": null

2019-08-10 23:48:48 - [TEST_STEP][PASSED] - wild[1] = "WILD_Normal": null

2019-08-10 23:48:48 - [TEST_STEP][PASSED] - wild[2] = "WILD_Double": null

2019-08-10 23:48:48 - [TEST_STEP][PASSED] - wild[3] = "WILD_ExtraFG": null

2019-08-10 23:48:48 - [TEST_STEP][PASSED] - wild[4] = "WILD_Triple": null

2019-08-10 23:48:48 - [TEST_STEP][PASSED] - wildList = Arrays.asList(wild): null

2019-08-10 23:48:48 - [TEST_STEP][PASSED] - wildList = wildList: null

2019-08-10 23:48:48 - [TEST_STEP][PASSED] - free_spin_reel_counter = []: null

2019-08-10 23:48:48 - [TEST_STEP][PASSED] - free_spin_reel_counter[0] = 0: null

2019-08-10 23:48:48 - [TEST_STEP][PASSED] - free_spin_reel_counter[1] = 0: null

2019-08-10 23:48:48 - [TEST_STEP][PASSED] - free_spin_reel_counter[2] = 0: null

2019-08-10 23:48:48 - [TEST_STEP][PASSED] - M4_spin_reels = reels: null

2019-08-10 23:48:48 - [TEST_STEP][PASSED] - for ([i = 0, i &lt; M4_spin_reels.size(), (i++)]): null

2019-08-10 23:48:48 - [TEST_STEP][PASSED] - symbols = symbols: null

2019-08-10 23:48:48 - [TEST_STEP][PASSED] - for ([j = 0, j &lt; symbols.size(), (j++)]): null

2019-08-10 23:48:48 - [TEST_STEP][PASSED] - symbol = symbol: null

2019-08-10 23:48:48 - [TEST_STEP][PASSED] - println(symbol): null

2019-08-10 23:48:48 - [TEST_STEP][PASSED] - if (i == 2 &amp;&amp; wildList.indexOf(symbol) != -1): null

2019-08-10 23:48:48 - [TEST_STEP][PASSED] - if (i == 3 &amp;&amp; wildList.indexOf(symbol) != -1): null

2019-08-10 23:48:48 - [TEST_STEP][PASSED] - if (i == 4 &amp;&amp; wildList.indexOf(symbol) != -1): null

2019-08-10 23:48:48 - [TEST_STEP][PASSED] - symbol = symbol: null

2019-08-10 23:48:48 - [TEST_STEP][PASSED] - println(symbol): null

2019-08-10 23:48:48 - [TEST_STEP][PASSED] - if (i == 2 &amp;&amp; wildList.indexOf(symbol) != -1): null

2019-08-10 23:48:48 - [TEST_STEP][PASSED] - if (i == 3 &amp;&amp; wildList.indexOf(symbol) != -1): null

2019-08-10 23:48:48 - [TEST_STEP][PASSED] - if (i == 4 &amp;&amp; wildList.indexOf(symbol) != -1): null

2019-08-10 23:48:48 - [TEST_STEP][PASSED] - symbol = symbol: null

2019-08-10 23:48:48 - [TEST_STEP][PASSED] - println(symbol): null

2019-08-10 23:48:48 - [TEST_STEP][PASSED] - if (i == 2 &amp;&amp; wildList.indexOf(symbol) != -1): null

2019-08-10 23:48:48 - [TEST_STEP][PASSED] - if (i == 3 &amp;&amp; wildList.indexOf(symbol) != -1): null

2019-08-10 23:48:48 - [TEST_STEP][PASSED] - if (i == 4 &amp;&amp; wildList.indexOf(symbol) != -1): null

2019-08-10 23:48:48 - [TEST_STEP][PASSED] - symbols = symbols: null

2019-08-10 23:48:48 - [TEST_STEP][PASSED] - for ([j = 0, j &lt; symbols.size(), (j++)]): null

2019-08-10 23:48:48 - [TEST_STEP][PASSED] - symbol = symbol: null

2019-08-10 23:48:48 - [TEST_STEP][PASSED] - println(symbol): null

2019-08-10 23:48:48 - [TEST_STEP][PASSED] - if (i == 2 &amp;&amp; wildList.indexOf(symbol) != -1): null

2019-08-10 23:48:48 - [TEST_STEP][PASSED] - if (i == 3 &amp;&amp; wildList.indexOf(symbol) != -1): null

2019-08-10 23:48:48 - [TEST_STEP][PASSED] - if (i == 4 &amp;&amp; wildList.indexOf(symbol) != -1): null

2019-08-10 23:48:48 - [TEST_STEP][PASSED] - symbol = symbol: null

2019-08-10 23:48:48 - [TEST_STEP][PASSED] - println(symbol): null

2019-08-10 23:48:48 - [TEST_STEP][PASSED] - if (i == 2 &amp;&amp; wildList.indexOf(symbol) != -1): null

2019-08-10 23:48:48 - [TEST_STEP][PASSED] - if (i == 3 &amp;&amp; wildList.indexOf(symbol) != -1): null

2019-08-10 23:48:48 - [TEST_STEP][PASSED] - if (i == 4 &amp;&amp; wildList.indexOf(symbol) != -1): null

2019-08-10 23:48:48 - [TEST_STEP][PASSED] - symbol = symbol: null

2019-08-10 23:48:48 - [TEST_STEP][PASSED] - println(symbol): null

2019-08-10 23:48:48 - [TEST_STEP][PASSED] - if (i == 2 &amp;&amp; wildList.indexOf(symbol) != -1): null

2019-08-10 23:48:48 - [TEST_STEP][PASSED] - if (i == 3 &amp;&amp; wildList.indexOf(symbol) != -1): null

2019-08-10 23:48:48 - [TEST_STEP][PASSED] - if (i == 4 &amp;&amp; wildList.indexOf(symbol) != -1): null

2019-08-10 23:48:48 - [TEST_STEP][PASSED] - symbols = symbols: null

2019-08-10 23:48:48 - [TEST_STEP][PASSED] - for ([j = 0, j &lt; symbols.size(), (j++)]): null

2019-08-10 23:48:48 - [TEST_STEP][PASSED] - symbol = symbol: null

2019-08-10 23:48:48 - [TEST_STEP][PASSED] - println(symbol): null

2019-08-10 23:48:48 - [TEST_STEP][PASSED] - if (i == 2 &amp;&amp; wildList.indexOf(symbol) != -1): null

2019-08-10 23:48:48 - [TEST_STEP][PASSED] - if (i == 3 &amp;&amp; wildList.indexOf(symbol) != -1): null

2019-08-10 23:48:48 - [TEST_STEP][PASSED] - if (i == 4 &amp;&amp; wildList.indexOf(symbol) != -1): null

2019-08-10 23:48:48 - [TEST_STEP][PASSED] - symbol = symbol: null

2019-08-10 23:48:48 - [TEST_STEP][PASSED] - println(symbol): null

2019-08-10 23:48:48 - [TEST_STEP][PASSED] - if (i == 2 &amp;&amp; wildList.indexOf(symbol) != -1): null

2019-08-10 23:48:48 - [TEST_STEP][PASSED] - if (i == 3 &amp;&amp; wildList.indexOf(symbol) != -1): null

2019-08-10 23:48:48 - [TEST_STEP][PASSED] - if (i == 4 &amp;&amp; wildList.indexOf(symbol) != -1): null

2019-08-10 23:48:48 - [TEST_STEP][PASSED] - symbol = symbol: null

2019-08-10 23:48:48 - [TEST_STEP][PASSED] - println(symbol): null

2019-08-10 23:48:48 - [TEST_STEP][PASSED] - if (i == 2 &amp;&amp; wildList.indexOf(symbol) != -1): null

2019-08-10 23:48:48 - [TEST_STEP][PASSED] - println("wild found on reel 3, adding counter by 1"): null

2019-08-10 23:48:48 - [TEST_STEP][PASSED] - free_spin_reel_counter[0] = free_spin_reel_counter[0] + 1: null

2019-08-10 23:48:48 - [TEST_STEP][PASSED] - if (i == 3 &amp;&amp; wildList.indexOf(symbol) != -1): null

2019-08-10 23:48:48 - [TEST_STEP][PASSED] - if (i == 4 &amp;&amp; wildList.indexOf(symbol) != -1): null

2019-08-10 23:48:48 - [TEST_STEP][PASSED] - symbols = symbols: null

2019-08-10 23:48:48 - [TEST_STEP][PASSED] - for ([j = 0, j &lt; symbols.size(), (j++)]): null

2019-08-10 23:48:48 - [TEST_STEP][PASSED] - symbol = symbol: null

2019-08-10 23:48:48 - [TEST_STEP][PASSED] - println(symbol): null

2019-08-10 23:48:48 - [TEST_STEP][PASSED] - if (i == 2 &amp;&amp; wildList.indexOf(symbol) != -1): null

2019-08-10 23:48:48 - [TEST_STEP][PASSED] - if (i == 3 &amp;&amp; wildList.indexOf(symbol) != -1): null

2019-08-10 23:48:48 - [TEST_STEP][PASSED] - println("wild found on reel 4, adding counter by 1"): null

2019-08-10 23:48:48 - [TEST_STEP][PASSED] - free_spin_reel_counter[1] = free_spin_reel_counter[1] + 1: null

2019-08-10 23:48:48 - [TEST_STEP][PASSED] - if (i == 4 &amp;&amp; wildList.indexOf(symbol) != -1): null

2019-08-10 23:48:48 - [TEST_STEP][PASSED] - symbol = symbol: null

2019-08-10 23:48:48 - [TEST_STEP][PASSED] - println(symbol): null

2019-08-10 23:48:48 - [TEST_STEP][PASSED] - if (i == 2 &amp;&amp; wildList.indexOf(symbol) != -1): null

2019-08-10 23:48:48 - [TEST_STEP][PASSED] - if (i == 3 &amp;&amp; wildList.indexOf(symbol) != -1): null

2019-08-10 23:48:48 - [TEST_STEP][PASSED] - if (i == 4 &amp;&amp; wildList.indexOf(symbol) != -1): null

2019-08-10 23:48:48 - [TEST_STEP][PASSED] - symbol = symbol: null

2019-08-10 23:48:48 - [TEST_STEP][PASSED] - println(symbol): null

2019-08-10 23:48:48 - [TEST_STEP][PASSED] - if (i == 2 &amp;&amp; wildList.indexOf(symbol) != -1): null

2019-08-10 23:48:48 - [TEST_STEP][PASSED] - if (i == 3 &amp;&amp; wildList.indexOf(symbol) != -1): null

2019-08-10 23:48:48 - [TEST_STEP][PASSED] - if (i == 4 &amp;&amp; wildList.indexOf(symbol) != -1): null

2019-08-10 23:48:48 - [TEST_STEP][PASSED] - symbols = symbols: null

2019-08-10 23:48:48 - [TEST_STEP][PASSED] - for ([j = 0, j &lt; symbols.size(), (j++)]): null

2019-08-10 23:48:48 - [TEST_STEP][PASSED] - symbol = symbol: null

2019-08-10 23:48:48 - [TEST_STEP][PASSED] - println(symbol): null

2019-08-10 23:48:48 - [TEST_STEP][PASSED] - if (i == 2 &amp;&amp; wildList.indexOf(symbol) != -1): null

2019-08-10 23:48:48 - [TEST_STEP][PASSED] - if (i == 3 &amp;&amp; wildList.indexOf(symbol) != -1): null

2019-08-10 23:48:48 - [TEST_STEP][PASSED] - if (i == 4 &amp;&amp; wildList.indexOf(symbol) != -1): null

2019-08-10 23:48:48 - [TEST_STEP][PASSED] - symbol = symbol: null

2019-08-10 23:48:48 - [TEST_STEP][PASSED] - println(symbol): null

2019-08-10 23:48:48 - [TEST_STEP][PASSED] - if (i == 2 &amp;&amp; wildList.indexOf(symbol) != -1): null

2019-08-10 23:48:48 - [TEST_STEP][PASSED] - if (i == 3 &amp;&amp; wildList.indexOf(symbol) != -1): null

2019-08-10 23:48:48 - [TEST_STEP][PASSED] - if (i == 4 &amp;&amp; wildList.indexOf(symbol) != -1): null

2019-08-10 23:48:48 - [TEST_STEP][PASSED] - symbol = symbol: null

2019-08-10 23:48:48 - [TEST_STEP][PASSED] - println(symbol): null

2019-08-10 23:48:48 - [TEST_STEP][PASSED] - if (i == 2 &amp;&amp; wildList.indexOf(symbol) != -1): null

2019-08-10 23:48:48 - [TEST_STEP][PASSED] - if (i == 3 &amp;&amp; wildList.indexOf(symbol) != -1): null

2019-08-10 23:48:48 - [TEST_STEP][PASSED] - if (i == 4 &amp;&amp; wildList.indexOf(symbol) != -1): null

2019-08-10 23:48:48 - [TEST_STEP][PASSED] - free_spin_reel_counter = free_spin_reel_counter: null

2019-08-10 23:48:48 - [TEST_STEP][PASSED] - println("reel 3 wild found: " + free_spin_reel_counter[0]): null

2019-08-10 23:48:48 - [TEST_STEP][PASSED] - println("reel 4 wild found: " + free_spin_reel_counter[1]): null

2019-08-10 23:48:48 - [TEST_STEP][PASSED] - println("reel 5 wild found: " + free_spin_reel_counter[2]): null

2019-08-10 23:48:48 - [TEST_STEP][PASSED] - M4_spin_reels = M4_spin_reels: null

2019-08-10 23:48:48 - [TEST_STEP][PASSED] - M4_spin_reels_symbols = symbol: null

2019-08-10 23:48:48 - [TEST_STEP][PASSED] - M4_spin_reels_symbols = M4_spin_reels_symbols: null

2019-08-10 23:48:48 - [TEST_STEP][PASSED] - M4_spin_reel_wins = reel_wins: null

2019-08-10 23:48:48 - [TEST_STEP][PASSED] - M4_spin_reel_wins = M4_spin_reel_wins: null

2019-08-10 23:48:48 - [TEST_STEP][PASSED] - println("GlobalVariable.M4_spin_reel_wins is: " + M4_spin_reel_wins): null

2019-08-10 23:48:48 - [TEST_STEP][PASSED] - M4_spin_total_bonus_win_this_round = total_bonus_win_this_round: null

2019-08-10 23:48:48 - [TEST_STEP][PASSED] - M4_spin_total_bonus_win_this_round = M4_spin_total_bonus_win_this_round: null

2019-08-10 23:48:48 - [TEST_STEP][PASSED] - println("GlobalVariable.M4_spin_total_bonus_win_this_round is: " + M4_spin_total_bonus_win_this_round): null

2019-08-10 23:48:48 - [MESSAGE][PASSED] - Verify response successfully

2019-08-10 23:48:48 - [MESSAGE][PASSED] - Send request and verify the response successfully

2019-08-10 23:48:48 - [TEST_STEP][PASSED] - if (M4_total_bonus_spins_int != 0 &amp;&amp; M4_spin_reels_symbols[2].contains("WILD_ExtraFG") || M4_spin_reels_symbols[3].contains("WILD_ExtraFG")): null

2019-08-10 23:48:48 - [TEST_STEP][PASSED] - free_spin_reel_counter = free_spin_reel_counter: null

2019-08-10 23:48:48 - [TEST_STEP][PASSED] - M4_spin_reels_symbols = M4_spin_reels_symbols: null

2019-08-10 23:48:48 - [TEST_STEP][PASSED] - M4_total_bonus_spins = M4_total_bonus_spins: null

2019-08-10 23:48:48 - [TEST_STEP][PASSED] - spin_result = sendRequestAndVerify(findTestObject("RGS(M4)/1_M4_spin", ["M4_login_user_id":M4_login_user_id, "rgs_session_token":rgs_session_token, "partner":Partner])): Send request and verify the response successfully

2019-08-10 23:48:48 - [TEST_CASE][PASSED] - Start Test Case : Verification: Verification accomplished successfully

2019-08-10 23:48:48 - [TEST_STEP][PASSED] - request = getInstance().getCurrentRequest(): null

2019-08-10 23:48:48 - [TEST_STEP][PASSED] - response = getInstance().getCurrentResponse(): null

2019-08-10 23:48:48 - [TEST_STEP][PASSED] - verifyResponseStatusCode(response, 200): Verify response status code successfully

2019-08-10 23:48:48 - [MESSAGE][PASSED] - Verify response status code successfully

2019-08-10 23:48:48 - [TEST_STEP][PASSED] - getStatusCode()).isEqualTo(200): null

2019-08-10 23:48:48 - [TEST_STEP][PASSED] - newline = System.getProperty("line.separator"): null

2019-08-10 23:48:48 - [TEST_STEP][PASSED] - M4_spin = new groovy.json.JsonSlurper(): null

2019-08-10 23:48:48 - [TEST_STEP][PASSED] - result_M4_spin = M4_spin.parseText(response.getResponseBodyContent()): null

2019-08-10 23:48:48 - [TEST_STEP][PASSED] - M4_spin_current_balance = current_balance: null

2019-08-10 23:48:48 - [TEST_STEP][PASSED] - M4_spin_current_balance = M4_spin_current_balance: null

2019-08-10 23:48:48 - [TEST_STEP][PASSED] - M4_spin_transaction_id = causality: null

2019-08-10 23:48:48 - [TEST_STEP][PASSED] - M4_spin_transaction_id = M4_spin_transaction_id: null

2019-08-10 23:48:48 - [TEST_STEP][PASSED] - M4_spin_round_id = round_id: null

2019-08-10 23:48:48 - [TEST_STEP][PASSED] - M4_spin_round_id = M4_spin_round_id: null

2019-08-10 23:48:48 - [TEST_STEP][PASSED] - M4_spin_line_wins = line_wins: null

2019-08-10 23:48:48 - [TEST_STEP][PASSED] - M4_spin_line_wins = M4_spin_line_wins: null

2019-08-10 23:48:48 - [TEST_STEP][PASSED] - M4_total_bonus_spins_int = total_bonus_spins: null

2019-08-10 23:48:48 - [TEST_STEP][PASSED] - println("******M4_total_bonus_spins type is:*******" + newline + getClass().getName()): null

2019-08-10 23:48:48 - [TEST_STEP][PASSED] - M4_total_bonus_spins_int = M4_total_bonus_spins_int: null

2019-08-10 23:48:48 - [TEST_STEP][PASSED] - M4_total_bonus_spins = Integer.toString(M4_total_bonus_spins_int): null

2019-08-10 23:48:48 - [TEST_STEP][PASSED] - M4_total_bonus_spins = M4_total_bonus_spins: null

2019-08-10 23:48:48 - [TEST_STEP][PASSED] - println("M4_total_bonus_spins is:" + M4_total_bonus_spins): null

2019-08-10 23:48:48 - [TEST_STEP][PASSED] - M4_spin_bonus_data = bonus_data: null

2019-08-10 23:48:48 - [TEST_STEP][PASSED] - M4_spin_features_triggered = result_M4_spin: null

2019-08-10 23:48:48 - [TEST_STEP][PASSED] - wild = []: null

2019-08-10 23:48:48 - [TEST_STEP][PASSED] - wild[0] = "WILD_Expanding": null

2019-08-10 23:48:48 - [TEST_STEP][PASSED] - wild[1] = "WILD_Normal": null

2019-08-10 23:48:48 - [TEST_STEP][PASSED] - wild[2] = "WILD_Double": null

2019-08-10 23:48:48 - [TEST_STEP][PASSED] - wild[3] = "WILD_ExtraFG": null

2019-08-10 23:48:48 - [TEST_STEP][PASSED] - wild[4] = "WILD_Triple": null

2019-08-10 23:48:48 - [TEST_STEP][PASSED] - wildList = Arrays.asList(wild): null

2019-08-10 23:48:48 - [TEST_STEP][PASSED] - wildList = wildList: null

2019-08-10 23:48:48 - [TEST_STEP][PASSED] - free_spin_reel_counter = []: null

2019-08-10 23:48:48 - [TEST_STEP][PASSED] - free_spin_reel_counter[0] = 0: null

2019-08-10 23:48:48 - [TEST_STEP][PASSED] - free_spin_reel_counter[1] = 0: null

2019-08-10 23:48:48 - [TEST_STEP][PASSED] - free_spin_reel_counter[2] = 0: null

2019-08-10 23:48:48 - [TEST_STEP][PASSED] - M4_spin_reels = reels: null

2019-08-10 23:48:48 - [TEST_STEP][PASSED] - for ([i = 0, i &lt; M4_spin_reels.size(), (i++)]): null

2019-08-10 23:48:48 - [TEST_STEP][PASSED] - symbols = symbols: null

2019-08-10 23:48:48 - [TEST_STEP][PASSED] - for ([j = 0, j &lt; symbols.size(), (j++)]): null

2019-08-10 23:48:48 - [TEST_STEP][PASSED] - symbol = symbol: null

2019-08-10 23:48:48 - [TEST_STEP][PASSED] - println(symbol): null

2019-08-10 23:48:48 - [TEST_STEP][PASSED] - if (i == 2 &amp;&amp; wildList.indexOf(symbol) != -1): null

2019-08-10 23:48:48 - [TEST_STEP][PASSED] - if (i == 3 &amp;&amp; wildList.indexOf(symbol) != -1): null

2019-08-10 23:48:48 - [TEST_STEP][PASSED] - if (i == 4 &amp;&amp; wildList.indexOf(symbol) != -1): null

2019-08-10 23:48:48 - [TEST_STEP][PASSED] - symbol = symbol: null

2019-08-10 23:48:48 - [TEST_STEP][PASSED] - println(symbol): null

2019-08-10 23:48:48 - [TEST_STEP][PASSED] - if (i == 2 &amp;&amp; wildList.indexOf(symbol) != -1): null

2019-08-10 23:48:48 - [TEST_STEP][PASSED] - if (i == 3 &amp;&amp; wildList.indexOf(symbol) != -1): null

2019-08-10 23:48:48 - [TEST_STEP][PASSED] - if (i == 4 &amp;&amp; wildList.indexOf(symbol) != -1): null

2019-08-10 23:48:48 - [TEST_STEP][PASSED] - symbol = symbol: null

2019-08-10 23:48:48 - [TEST_STEP][PASSED] - println(symbol): null

2019-08-10 23:48:48 - [TEST_STEP][PASSED] - if (i == 2 &amp;&amp; wildList.indexOf(symbol) != -1): null

2019-08-10 23:48:48 - [TEST_STEP][PASSED] - if (i == 3 &amp;&amp; wildList.indexOf(symbol) != -1): null

2019-08-10 23:48:48 - [TEST_STEP][PASSED] - if (i == 4 &amp;&amp; wildList.indexOf(symbol) != -1): null

2019-08-10 23:48:48 - [TEST_STEP][PASSED] - symbols = symbols: null

2019-08-10 23:48:48 - [TEST_STEP][PASSED] - for ([j = 0, j &lt; symbols.size(), (j++)]): null

2019-08-10 23:48:48 - [TEST_STEP][PASSED] - symbol = symbol: null

2019-08-10 23:48:48 - [TEST_STEP][PASSED] - println(symbol): null

2019-08-10 23:48:48 - [TEST_STEP][PASSED] - if (i == 2 &amp;&amp; wildList.indexOf(symbol) != -1): null

2019-08-10 23:48:48 - [TEST_STEP][PASSED] - if (i == 3 &amp;&amp; wildList.indexOf(symbol) != -1): null

2019-08-10 23:48:48 - [TEST_STEP][PASSED] - if (i == 4 &amp;&amp; wildList.indexOf(symbol) != -1): null

2019-08-10 23:48:48 - [TEST_STEP][PASSED] - symbol = symbol: null

2019-08-10 23:48:48 - [TEST_STEP][PASSED] - println(symbol): null

2019-08-10 23:48:48 - [TEST_STEP][PASSED] - if (i == 2 &amp;&amp; wildList.indexOf(symbol) != -1): null

2019-08-10 23:48:48 - [TEST_STEP][PASSED] - if (i == 3 &amp;&amp; wildList.indexOf(symbol) != -1): null

2019-08-10 23:48:48 - [TEST_STEP][PASSED] - if (i == 4 &amp;&amp; wildList.indexOf(symbol) != -1): null

2019-08-10 23:48:48 - [TEST_STEP][PASSED] - symbol = symbol: null

2019-08-10 23:48:48 - [TEST_STEP][PASSED] - println(symbol): null

2019-08-10 23:48:48 - [TEST_STEP][PASSED] - if (i == 2 &amp;&amp; wildList.indexOf(symbol) != -1): null

2019-08-10 23:48:48 - [TEST_STEP][PASSED] - if (i == 3 &amp;&amp; wildList.indexOf(symbol) != -1): null

2019-08-10 23:48:48 - [TEST_STEP][PASSED] - if (i == 4 &amp;&amp; wildList.indexOf(symbol) != -1): null

2019-08-10 23:48:48 - [TEST_STEP][PASSED] - symbols = symbols: null

2019-08-10 23:48:48 - [TEST_STEP][PASSED] - for ([j = 0, j &lt; symbols.size(), (j++)]): null

2019-08-10 23:48:48 - [TEST_STEP][PASSED] - symbol = symbol: null

2019-08-10 23:48:48 - [TEST_STEP][PASSED] - println(symbol): null

2019-08-10 23:48:48 - [TEST_STEP][PASSED] - if (i == 2 &amp;&amp; wildList.indexOf(symbol) != -1): null

2019-08-10 23:48:48 - [TEST_STEP][PASSED] - if (i == 3 &amp;&amp; wildList.indexOf(symbol) != -1): null

2019-08-10 23:48:48 - [TEST_STEP][PASSED] - if (i == 4 &amp;&amp; wildList.indexOf(symbol) != -1): null

2019-08-10 23:48:48 - [TEST_STEP][PASSED] - symbol = symbol: null

2019-08-10 23:48:48 - [TEST_STEP][PASSED] - println(symbol): null

2019-08-10 23:48:48 - [TEST_STEP][PASSED] - if (i == 2 &amp;&amp; wildList.indexOf(symbol) != -1): null

2019-08-10 23:48:48 - [TEST_STEP][PASSED] - println("wild found on reel 3, adding counter by 1"): null

2019-08-10 23:48:48 - [TEST_STEP][PASSED] - free_spin_reel_counter[0] = free_spin_reel_counter[0] + 1: null

2019-08-10 23:48:48 - [TEST_STEP][PASSED] - if (i == 3 &amp;&amp; wildList.indexOf(symbol) != -1): null

2019-08-10 23:48:48 - [TEST_STEP][PASSED] - if (i == 4 &amp;&amp; wildList.indexOf(symbol) != -1): null

2019-08-10 23:48:48 - [TEST_STEP][PASSED] - symbol = symbol: null

2019-08-10 23:48:48 - [TEST_STEP][PASSED] - println(symbol): null

2019-08-10 23:48:48 - [TEST_STEP][PASSED] - if (i == 2 &amp;&amp; wildList.indexOf(symbol) != -1): null

2019-08-10 23:48:48 - [TEST_STEP][PASSED] - if (i == 3 &amp;&amp; wildList.indexOf(symbol) != -1): null

2019-08-10 23:48:48 - [TEST_STEP][PASSED] - if (i == 4 &amp;&amp; wildList.indexOf(symbol) != -1): null

2019-08-10 23:48:48 - [TEST_STEP][PASSED] - symbols = symbols: null

2019-08-10 23:48:48 - [TEST_STEP][PASSED] - for ([j = 0, j &lt; symbols.size(), (j++)]): null

2019-08-10 23:48:48 - [TEST_STEP][PASSED] - symbol = symbol: null

2019-08-10 23:48:48 - [TEST_STEP][PASSED] - println(symbol): null

2019-08-10 23:48:48 - [TEST_STEP][PASSED] - if (i == 2 &amp;&amp; wildList.indexOf(symbol) != -1): null

2019-08-10 23:48:48 - [TEST_STEP][PASSED] - if (i == 3 &amp;&amp; wildList.indexOf(symbol) != -1): null

2019-08-10 23:48:48 - [TEST_STEP][PASSED] - if (i == 4 &amp;&amp; wildList.indexOf(symbol) != -1): null

2019-08-10 23:48:48 - [TEST_STEP][PASSED] - symbol = symbol: null

2019-08-10 23:48:48 - [TEST_STEP][PASSED] - println(symbol): null

2019-08-10 23:48:48 - [TEST_STEP][PASSED] - if (i == 2 &amp;&amp; wildList.indexOf(symbol) != -1): null

2019-08-10 23:48:48 - [TEST_STEP][PASSED] - if (i == 3 &amp;&amp; wildList.indexOf(symbol) != -1): null

2019-08-10 23:48:48 - [TEST_STEP][PASSED] - if (i == 4 &amp;&amp; wildList.indexOf(symbol) != -1): null

2019-08-10 23:48:48 - [TEST_STEP][PASSED] - symbol = symbol: null

2019-08-10 23:48:48 - [TEST_STEP][PASSED] - println(symbol): null

2019-08-10 23:48:48 - [TEST_STEP][PASSED] - if (i == 2 &amp;&amp; wildList.indexOf(symbol) != -1): null

2019-08-10 23:48:48 - [TEST_STEP][PASSED] - if (i == 3 &amp;&amp; wildList.indexOf(symbol) != -1): null

2019-08-10 23:48:48 - [TEST_STEP][PASSED] - if (i == 4 &amp;&amp; wildList.indexOf(symbol) != -1): null

2019-08-10 23:48:48 - [TEST_STEP][PASSED] - symbols = symbols: null

2019-08-10 23:48:48 - [TEST_STEP][PASSED] - for ([j = 0, j &lt; symbols.size(), (j++)]): null

2019-08-10 23:48:48 - [TEST_STEP][PASSED] - symbol = symbol: null

2019-08-10 23:48:48 - [TEST_STEP][PASSED] - println(symbol): null

2019-08-10 23:48:48 - [TEST_STEP][PASSED] - if (i == 2 &amp;&amp; wildList.indexOf(symbol) != -1): null

2019-08-10 23:48:48 - [TEST_STEP][PASSED] - if (i == 3 &amp;&amp; wildList.indexOf(symbol) != -1): null

2019-08-10 23:48:48 - [TEST_STEP][PASSED] - if (i == 4 &amp;&amp; wildList.indexOf(symbol) != -1): null

2019-08-10 23:48:48 - [TEST_STEP][PASSED] - symbol = symbol: null

2019-08-10 23:48:48 - [TEST_STEP][PASSED] - println(symbol): null

2019-08-10 23:48:48 - [TEST_STEP][PASSED] - if (i == 2 &amp;&amp; wildList.indexOf(symbol) != -1): null

2019-08-10 23:48:48 - [TEST_STEP][PASSED] - if (i == 3 &amp;&amp; wildList.indexOf(symbol) != -1): null

2019-08-10 23:48:48 - [TEST_STEP][PASSED] - if (i == 4 &amp;&amp; wildList.indexOf(symbol) != -1): null

2019-08-10 23:48:48 - [TEST_STEP][PASSED] - symbol = symbol: null

2019-08-10 23:48:48 - [TEST_STEP][PASSED] - println(symbol): null

2019-08-10 23:48:48 - [TEST_STEP][PASSED] - if (i == 2 &amp;&amp; wildList.indexOf(symbol) != -1): null

2019-08-10 23:48:48 - [TEST_STEP][PASSED] - if (i == 3 &amp;&amp; wildList.indexOf(symbol) != -1): null

2019-08-10 23:48:48 - [TEST_STEP][PASSED] - if (i == 4 &amp;&amp; wildList.indexOf(symbol) != -1): null

2019-08-10 23:48:48 - [TEST_STEP][PASSED] - free_spin_reel_counter = free_spin_reel_counter: null

2019-08-10 23:48:48 - [TEST_STEP][PASSED] - println("reel 3 wild found: " + free_spin_reel_counter[0]): null

2019-08-10 23:48:48 - [TEST_STEP][PASSED] - println("reel 4 wild found: " + free_spin_reel_counter[1]): null

2019-08-10 23:48:48 - [TEST_STEP][PASSED] - println("reel 5 wild found: " + free_spin_reel_counter[2]): null

2019-08-10 23:48:48 - [TEST_STEP][PASSED] - M4_spin_reels = M4_spin_reels: null

2019-08-10 23:48:48 - [TEST_STEP][PASSED] - M4_spin_reels_symbols = symbol: null

2019-08-10 23:48:48 - [TEST_STEP][PASSED] - M4_spin_reels_symbols = M4_spin_reels_symbols: null

2019-08-10 23:48:48 - [TEST_STEP][PASSED] - M4_spin_reel_wins = reel_wins: null

2019-08-10 23:48:48 - [TEST_STEP][PASSED] - M4_spin_reel_wins = M4_spin_reel_wins: null

2019-08-10 23:48:48 - [TEST_STEP][PASSED] - println("GlobalVariable.M4_spin_reel_wins is: " + M4_spin_reel_wins): null

2019-08-10 23:48:48 - [TEST_STEP][PASSED] - M4_spin_total_bonus_win_this_round = total_bonus_win_this_round: null

2019-08-10 23:48:48 - [TEST_STEP][PASSED] - M4_spin_total_bonus_win_this_round = M4_spin_total_bonus_win_this_round: null

2019-08-10 23:48:48 - [TEST_STEP][PASSED] - println("GlobalVariable.M4_spin_total_bonus_win_this_round is: " + M4_spin_total_bonus_win_this_round): null

2019-08-10 23:48:48 - [MESSAGE][PASSED] - Verify response successfully

2019-08-10 23:48:48 - [MESSAGE][PASSED] - Send request and verify the response successfully

2019-08-10 23:48:48 - [TEST_STEP][PASSED] - if (M4_total_bonus_spins_int != 0 &amp;&amp; M4_spin_reels_symbols[2].contains("WILD_ExtraFG") || M4_spin_reels_symbols[3].contains("WILD_ExtraFG")): null

2019-08-10 23:48:48 - [TEST_STEP][PASSED] - free_spin_reel_counter = free_spin_reel_counter: null

2019-08-10 23:48:48 - [TEST_STEP][PASSED] - M4_spin_reels_symbols = M4_spin_reels_symbols: null

2019-08-10 23:48:48 - [TEST_STEP][PASSED] - M4_total_bonus_spins = M4_total_bonus_spins: null

2019-08-10 23:48:48 - [TEST_STEP][PASSED] - spin_result = sendRequestAndVerify(findTestObject("RGS(M4)/1_M4_spin", ["M4_login_user_id":M4_login_user_id, "rgs_session_token":rgs_session_token, "partner":Partner])): Send request and verify the response successfully

2019-08-10 23:48:49 - [TEST_CASE][PASSED] - Start Test Case : Verification: Verification accomplished successfully

2019-08-10 23:48:49 - [TEST_STEP][PASSED] - request = getInstance().getCurrentRequest(): null

2019-08-10 23:48:49 - [TEST_STEP][PASSED] - response = getInstance().getCurrentResponse(): null

2019-08-10 23:48:49 - [TEST_STEP][PASSED] - verifyResponseStatusCode(response, 200): Verify response status code successfully

2019-08-10 23:48:49 - [MESSAGE][PASSED] - Verify response status code successfully

2019-08-10 23:48:49 - [TEST_STEP][PASSED] - getStatusCode()).isEqualTo(200): null

2019-08-10 23:48:49 - [TEST_STEP][PASSED] - newline = System.getProperty("line.separator"): null

2019-08-10 23:48:49 - [TEST_STEP][PASSED] - M4_spin = new groovy.json.JsonSlurper(): null

2019-08-10 23:48:49 - [TEST_STEP][PASSED] - result_M4_spin = M4_spin.parseText(response.getResponseBodyContent()): null

2019-08-10 23:48:49 - [TEST_STEP][PASSED] - M4_spin_current_balance = current_balance: null

2019-08-10 23:48:49 - [TEST_STEP][PASSED] - M4_spin_current_balance = M4_spin_current_balance: null

2019-08-10 23:48:49 - [TEST_STEP][PASSED] - M4_spin_transaction_id = causality: null

2019-08-10 23:48:49 - [TEST_STEP][PASSED] - M4_spin_transaction_id = M4_spin_transaction_id: null

2019-08-10 23:48:49 - [TEST_STEP][PASSED] - M4_spin_round_id = round_id: null

2019-08-10 23:48:49 - [TEST_STEP][PASSED] - M4_spin_round_id = M4_spin_round_id: null

2019-08-10 23:48:49 - [TEST_STEP][PASSED] - M4_spin_line_wins = line_wins: null

2019-08-10 23:48:49 - [TEST_STEP][PASSED] - M4_spin_line_wins = M4_spin_line_wins: null

2019-08-10 23:48:49 - [TEST_STEP][PASSED] - M4_total_bonus_spins_int = total_bonus_spins: null

2019-08-10 23:48:49 - [TEST_STEP][PASSED] - println("******M4_total_bonus_spins type is:*******" + newline + getClass().getName()): null

2019-08-10 23:48:49 - [TEST_STEP][PASSED] - M4_total_bonus_spins_int = M4_total_bonus_spins_int: null

2019-08-10 23:48:49 - [TEST_STEP][PASSED] - M4_total_bonus_spins = Integer.toString(M4_total_bonus_spins_int): null

2019-08-10 23:48:49 - [TEST_STEP][PASSED] - M4_total_bonus_spins = M4_total_bonus_spins: null

2019-08-10 23:48:49 - [TEST_STEP][PASSED] - println("M4_total_bonus_spins is:" + M4_total_bonus_spins): null

2019-08-10 23:48:49 - [TEST_STEP][PASSED] - M4_spin_bonus_data = bonus_data: null

2019-08-10 23:48:49 - [TEST_STEP][PASSED] - M4_spin_features_triggered = result_M4_spin: null

2019-08-10 23:48:49 - [TEST_STEP][PASSED] - wild = []: null

2019-08-10 23:48:49 - [TEST_STEP][PASSED] - wild[0] = "WILD_Expanding": null

2019-08-10 23:48:49 - [TEST_STEP][PASSED] - wild[1] = "WILD_Normal": null

2019-08-10 23:48:49 - [TEST_STEP][PASSED] - wild[2] = "WILD_Double": null

2019-08-10 23:48:49 - [TEST_STEP][PASSED] - wild[3] = "WILD_ExtraFG": null

2019-08-10 23:48:49 - [TEST_STEP][PASSED] - wild[4] = "WILD_Triple": null

2019-08-10 23:48:49 - [TEST_STEP][PASSED] - wildList = Arrays.asList(wild): null

2019-08-10 23:48:49 - [TEST_STEP][PASSED] - wildList = wildList: null

2019-08-10 23:48:49 - [TEST_STEP][PASSED] - free_spin_reel_counter = []: null

2019-08-10 23:48:49 - [TEST_STEP][PASSED] - free_spin_reel_counter[0] = 0: null

2019-08-10 23:48:49 - [TEST_STEP][PASSED] - free_spin_reel_counter[1] = 0: null

2019-08-10 23:48:49 - [TEST_STEP][PASSED] - free_spin_reel_counter[2] = 0: null

2019-08-10 23:48:49 - [TEST_STEP][PASSED] - M4_spin_reels = reels: null

2019-08-10 23:48:49 - [TEST_STEP][PASSED] - for ([i = 0, i &lt; M4_spin_reels.size(), (i++)]): null

2019-08-10 23:48:49 - [TEST_STEP][PASSED] - symbols = symbols: null

2019-08-10 23:48:49 - [TEST_STEP][PASSED] - for ([j = 0, j &lt; symbols.size(), (j++)]): null

2019-08-10 23:48:49 - [TEST_STEP][PASSED] - symbol = symbol: null

2019-08-10 23:48:49 - [TEST_STEP][PASSED] - println(symbol): null

2019-08-10 23:48:49 - [TEST_STEP][PASSED] - if (i == 2 &amp;&amp; wildList.indexOf(symbol) != -1): null

2019-08-10 23:48:49 - [TEST_STEP][PASSED] - if (i == 3 &amp;&amp; wildList.indexOf(symbol) != -1): null

2019-08-10 23:48:49 - [TEST_STEP][PASSED] - if (i == 4 &amp;&amp; wildList.indexOf(symbol) != -1): null

2019-08-10 23:48:49 - [TEST_STEP][PASSED] - symbol = symbol: null

2019-08-10 23:48:49 - [TEST_STEP][PASSED] - println(symbol): null

2019-08-10 23:48:49 - [TEST_STEP][PASSED] - if (i == 2 &amp;&amp; wildList.indexOf(symbol) != -1): null

2019-08-10 23:48:49 - [TEST_STEP][PASSED] - if (i == 3 &amp;&amp; wildList.indexOf(symbol) != -1): null

2019-08-10 23:48:49 - [TEST_STEP][PASSED] - if (i == 4 &amp;&amp; wildList.indexOf(symbol) != -1): null

2019-08-10 23:48:49 - [TEST_STEP][PASSED] - symbol = symbol: null

2019-08-10 23:48:49 - [TEST_STEP][PASSED] - println(symbol): null

2019-08-10 23:48:49 - [TEST_STEP][PASSED] - if (i == 2 &amp;&amp; wildList.indexOf(symbol) != -1): null

2019-08-10 23:48:49 - [TEST_STEP][PASSED] - if (i == 3 &amp;&amp; wildList.indexOf(symbol) != -1): null

2019-08-10 23:48:49 - [TEST_STEP][PASSED] - if (i == 4 &amp;&amp; wildList.indexOf(symbol) != -1): null

2019-08-10 23:48:49 - [TEST_STEP][PASSED] - symbols = symbols: null

2019-08-10 23:48:49 - [TEST_STEP][PASSED] - for ([j = 0, j &lt; symbols.size(), (j++)]): null

2019-08-10 23:48:49 - [TEST_STEP][PASSED] - symbol = symbol: null

2019-08-10 23:48:49 - [TEST_STEP][PASSED] - println(symbol): null

2019-08-10 23:48:49 - [TEST_STEP][PASSED] - if (i == 2 &amp;&amp; wildList.indexOf(symbol) != -1): null

2019-08-10 23:48:49 - [TEST_STEP][PASSED] - if (i == 3 &amp;&amp; wildList.indexOf(symbol) != -1): null

2019-08-10 23:48:49 - [TEST_STEP][PASSED] - if (i == 4 &amp;&amp; wildList.indexOf(symbol) != -1): null

2019-08-10 23:48:50 - [TEST_STEP][PASSED] - symbol = symbol: null

2019-08-10 23:48:50 - [TEST_STEP][PASSED] - println(symbol): null

2019-08-10 23:48:50 - [TEST_STEP][PASSED] - if (i == 2 &amp;&amp; wildList.indexOf(symbol) != -1): null

2019-08-10 23:48:50 - [TEST_STEP][PASSED] - if (i == 3 &amp;&amp; wildList.indexOf(symbol) != -1): null

2019-08-10 23:48:50 - [TEST_STEP][PASSED] - if (i == 4 &amp;&amp; wildList.indexOf(symbol) != -1): null

2019-08-10 23:48:50 - [TEST_STEP][PASSED] - symbol = symbol: null

2019-08-10 23:48:50 - [TEST_STEP][PASSED] - println(symbol): null

2019-08-10 23:48:50 - [TEST_STEP][PASSED] - if (i == 2 &amp;&amp; wildList.indexOf(symbol) != -1): null

2019-08-10 23:48:50 - [TEST_STEP][PASSED] - if (i == 3 &amp;&amp; wildList.indexOf(symbol) != -1): null

2019-08-10 23:48:50 - [TEST_STEP][PASSED] - if (i == 4 &amp;&amp; wildList.indexOf(symbol) != -1): null

2019-08-10 23:48:50 - [TEST_STEP][PASSED] - symbols = symbols: null

2019-08-10 23:48:50 - [TEST_STEP][PASSED] - for ([j = 0, j &lt; symbols.size(), (j++)]): null

2019-08-10 23:48:50 - [TEST_STEP][PASSED] - symbol = symbol: null

2019-08-10 23:48:50 - [TEST_STEP][PASSED] - println(symbol): null

2019-08-10 23:48:50 - [TEST_STEP][PASSED] - if (i == 2 &amp;&amp; wildList.indexOf(symbol) != -1): null

2019-08-10 23:48:50 - [TEST_STEP][PASSED] - if (i == 3 &amp;&amp; wildList.indexOf(symbol) != -1): null

2019-08-10 23:48:50 - [TEST_STEP][PASSED] - if (i == 4 &amp;&amp; wildList.indexOf(symbol) != -1): null

2019-08-10 23:48:50 - [TEST_STEP][PASSED] - symbol = symbol: null

2019-08-10 23:48:50 - [TEST_STEP][PASSED] - println(symbol): null

2019-08-10 23:48:50 - [TEST_STEP][PASSED] - if (i == 2 &amp;&amp; wildList.indexOf(symbol) != -1): null

2019-08-10 23:48:50 - [TEST_STEP][PASSED] - if (i == 3 &amp;&amp; wildList.indexOf(symbol) != -1): null

2019-08-10 23:48:50 - [TEST_STEP][PASSED] - if (i == 4 &amp;&amp; wildList.indexOf(symbol) != -1): null

2019-08-10 23:48:50 - [TEST_STEP][PASSED] - symbol = symbol: null

2019-08-10 23:48:50 - [TEST_STEP][PASSED] - println(symbol): null

2019-08-10 23:48:50 - [TEST_STEP][PASSED] - if (i == 2 &amp;&amp; wildList.indexOf(symbol) != -1): null

2019-08-10 23:48:50 - [TEST_STEP][PASSED] - if (i == 3 &amp;&amp; wildList.indexOf(symbol) != -1): null

2019-08-10 23:48:50 - [TEST_STEP][PASSED] - if (i == 4 &amp;&amp; wildList.indexOf(symbol) != -1): null

2019-08-10 23:48:50 - [TEST_STEP][PASSED] - symbols = symbols: null

2019-08-10 23:48:50 - [TEST_STEP][PASSED] - for ([j = 0, j &lt; symbols.size(), (j++)]): null

2019-08-10 23:48:50 - [TEST_STEP][PASSED] - symbol = symbol: null

2019-08-10 23:48:50 - [TEST_STEP][PASSED] - println(symbol): null

2019-08-10 23:48:50 - [TEST_STEP][PASSED] - if (i == 2 &amp;&amp; wildList.indexOf(symbol) != -1): null

2019-08-10 23:48:50 - [TEST_STEP][PASSED] - if (i == 3 &amp;&amp; wildList.indexOf(symbol) != -1): null

2019-08-10 23:48:50 - [TEST_STEP][PASSED] - if (i == 4 &amp;&amp; wildList.indexOf(symbol) != -1): null

2019-08-10 23:48:50 - [TEST_STEP][PASSED] - symbol = symbol: null

2019-08-10 23:48:50 - [TEST_STEP][PASSED] - println(symbol): null

2019-08-10 23:48:50 - [TEST_STEP][PASSED] - if (i == 2 &amp;&amp; wildList.indexOf(symbol) != -1): null

2019-08-10 23:48:50 - [TEST_STEP][PASSED] - if (i == 3 &amp;&amp; wildList.indexOf(symbol) != -1): null

2019-08-10 23:48:50 - [TEST_STEP][PASSED] - if (i == 4 &amp;&amp; wildList.indexOf(symbol) != -1): null

2019-08-10 23:48:50 - [TEST_STEP][PASSED] - symbol = symbol: null

2019-08-10 23:48:50 - [TEST_STEP][PASSED] - println(symbol): null

2019-08-10 23:48:50 - [TEST_STEP][PASSED] - if (i == 2 &amp;&amp; wildList.indexOf(symbol) != -1): null

2019-08-10 23:48:50 - [TEST_STEP][PASSED] - if (i == 3 &amp;&amp; wildList.indexOf(symbol) != -1): null

2019-08-10 23:48:50 - [TEST_STEP][PASSED] - if (i == 4 &amp;&amp; wildList.indexOf(symbol) != -1): null

2019-08-10 23:48:50 - [TEST_STEP][PASSED] - symbols = symbols: null

2019-08-10 23:48:50 - [TEST_STEP][PASSED] - for ([j = 0, j &lt; symbols.size(), (j++)]): null

2019-08-10 23:48:50 - [TEST_STEP][PASSED] - symbol = symbol: null

2019-08-10 23:48:50 - [TEST_STEP][PASSED] - println(symbol): null

2019-08-10 23:48:50 - [TEST_STEP][PASSED] - if (i == 2 &amp;&amp; wildList.indexOf(symbol) != -1): null

2019-08-10 23:48:50 - [TEST_STEP][PASSED] - if (i == 3 &amp;&amp; wildList.indexOf(symbol) != -1): null

2019-08-10 23:48:50 - [TEST_STEP][PASSED] - if (i == 4 &amp;&amp; wildList.indexOf(symbol) != -1): null

2019-08-10 23:48:50 - [TEST_STEP][PASSED] - symbol = symbol: null

2019-08-10 23:48:50 - [TEST_STEP][PASSED] - println(symbol): null

2019-08-10 23:48:50 - [TEST_STEP][PASSED] - if (i == 2 &amp;&amp; wildList.indexOf(symbol) != -1): null

2019-08-10 23:48:50 - [TEST_STEP][PASSED] - if (i == 3 &amp;&amp; wildList.indexOf(symbol) != -1): null

2019-08-10 23:48:50 - [TEST_STEP][PASSED] - if (i == 4 &amp;&amp; wildList.indexOf(symbol) != -1): null

2019-08-10 23:48:50 - [TEST_STEP][PASSED] - symbol = symbol: null

2019-08-10 23:48:50 - [TEST_STEP][PASSED] - println(symbol): null

2019-08-10 23:48:50 - [TEST_STEP][PASSED] - if (i == 2 &amp;&amp; wildList.indexOf(symbol) != -1): null

2019-08-10 23:48:50 - [TEST_STEP][PASSED] - if (i == 3 &amp;&amp; wildList.indexOf(symbol) != -1): null

2019-08-10 23:48:50 - [TEST_STEP][PASSED] - if (i == 4 &amp;&amp; wildList.indexOf(symbol) != -1): null

2019-08-10 23:48:50 - [TEST_STEP][PASSED] - free_spin_reel_counter = free_spin_reel_counter: null

2019-08-10 23:48:50 - [TEST_STEP][PASSED] - println("reel 3 wild found: " + free_spin_reel_counter[0]): null

2019-08-10 23:48:50 - [TEST_STEP][PASSED] - println("reel 4 wild found: " + free_spin_reel_counter[1]): null

2019-08-10 23:48:50 - [TEST_STEP][PASSED] - println("reel 5 wild found: " + free_spin_reel_counter[2]): null

2019-08-10 23:48:50 - [TEST_STEP][PASSED] - M4_spin_reels = M4_spin_reels: null

2019-08-10 23:48:50 - [TEST_STEP][PASSED] - M4_spin_reels_symbols = symbol: null

2019-08-10 23:48:50 - [TEST_STEP][PASSED] - M4_spin_reels_symbols = M4_spin_reels_symbols: null

2019-08-10 23:48:50 - [TEST_STEP][PASSED] - M4_spin_reel_wins = reel_wins: null

2019-08-10 23:48:50 - [TEST_STEP][PASSED] - M4_spin_reel_wins = M4_spin_reel_wins: null

2019-08-10 23:48:50 - [TEST_STEP][PASSED] - println("GlobalVariable.M4_spin_reel_wins is: " + M4_spin_reel_wins): null

2019-08-10 23:48:50 - [TEST_STEP][PASSED] - M4_spin_total_bonus_win_this_round = total_bonus_win_this_round: null

2019-08-10 23:48:50 - [TEST_STEP][PASSED] - M4_spin_total_bonus_win_this_round = M4_spin_total_bonus_win_this_round: null

2019-08-10 23:48:50 - [TEST_STEP][PASSED] - println("GlobalVariable.M4_spin_total_bonus_win_this_round is: " + M4_spin_total_bonus_win_this_round): null

2019-08-10 23:48:50 - [MESSAGE][PASSED] - Verify response successfully

2019-08-10 23:48:50 - [MESSAGE][PASSED] - Send request and verify the response successfully

2019-08-10 23:48:50 - [TEST_STEP][PASSED] - if (M4_total_bonus_spins_int != 0 &amp;&amp; M4_spin_reels_symbols[2].contains("WILD_ExtraFG") || M4_spin_reels_symbols[3].contains("WILD_ExtraFG")): null

2019-08-10 23:48:50 - [TEST_STEP][PASSED] - free_spin_reel_counter = free_spin_reel_counter: null

2019-08-10 23:48:50 - [TEST_STEP][PASSED] - M4_spin_reels_symbols = M4_spin_reels_symbols: null

2019-08-10 23:48:50 - [TEST_STEP][PASSED] - M4_total_bonus_spins = M4_total_bonus_spins: null

2019-08-10 23:48:50 - [TEST_STEP][PASSED] - spin_result = sendRequestAndVerify(findTestObject("RGS(M4)/1_M4_spin", ["M4_login_user_id":M4_login_user_id, "rgs_session_token":rgs_session_token, "partner":Partner])): Send request and verify the response successfully

2019-08-10 23:48:51 - [TEST_CASE][PASSED] - Start Test Case : Verification: Verification accomplished successfully

2019-08-10 23:48:51 - [TEST_STEP][PASSED] - request = getInstance().getCurrentRequest(): null

2019-08-10 23:48:51 - [TEST_STEP][PASSED] - response = getInstance().getCurrentResponse(): null

2019-08-10 23:48:51 - [TEST_STEP][PASSED] - verifyResponseStatusCode(response, 200): Verify response status code successfully

2019-08-10 23:48:51 - [MESSAGE][PASSED] - Verify response status code successfully

2019-08-10 23:48:51 - [TEST_STEP][PASSED] - getStatusCode()).isEqualTo(200): null

2019-08-10 23:48:51 - [TEST_STEP][PASSED] - newline = System.getProperty("line.separator"): null

2019-08-10 23:48:51 - [TEST_STEP][PASSED] - M4_spin = new groovy.json.JsonSlurper(): null

2019-08-10 23:48:51 - [TEST_STEP][PASSED] - result_M4_spin = M4_spin.parseText(response.getResponseBodyContent()): null

2019-08-10 23:48:51 - [TEST_STEP][PASSED] - M4_spin_current_balance = current_balance: null

2019-08-10 23:48:51 - [TEST_STEP][PASSED] - M4_spin_current_balance = M4_spin_current_balance: null

2019-08-10 23:48:51 - [TEST_STEP][PASSED] - M4_spin_transaction_id = causality: null

2019-08-10 23:48:51 - [TEST_STEP][PASSED] - M4_spin_transaction_id = M4_spin_transaction_id: null

2019-08-10 23:48:51 - [TEST_STEP][PASSED] - M4_spin_round_id = round_id: null

2019-08-10 23:48:51 - [TEST_STEP][PASSED] - M4_spin_round_id = M4_spin_round_id: null

2019-08-10 23:48:51 - [TEST_STEP][PASSED] - M4_spin_line_wins = line_wins: null

2019-08-10 23:48:51 - [TEST_STEP][PASSED] - M4_spin_line_wins = M4_spin_line_wins: null

2019-08-10 23:48:51 - [TEST_STEP][PASSED] - M4_total_bonus_spins_int = total_bonus_spins: null

2019-08-10 23:48:51 - [TEST_STEP][PASSED] - println("******M4_total_bonus_spins type is:*******" + newline + getClass().getName()): null

2019-08-10 23:48:51 - [TEST_STEP][PASSED] - M4_total_bonus_spins_int = M4_total_bonus_spins_int: null

2019-08-10 23:48:51 - [TEST_STEP][PASSED] - M4_total_bonus_spins = Integer.toString(M4_total_bonus_spins_int): null

2019-08-10 23:48:51 - [TEST_STEP][PASSED] - M4_total_bonus_spins = M4_total_bonus_spins: null

2019-08-10 23:48:51 - [TEST_STEP][PASSED] - println("M4_total_bonus_spins is:" + M4_total_bonus_spins): null

2019-08-10 23:48:51 - [TEST_STEP][PASSED] - M4_spin_bonus_data = bonus_data: null

2019-08-10 23:48:51 - [TEST_STEP][PASSED] - M4_spin_features_triggered = result_M4_spin: null

2019-08-10 23:48:51 - [TEST_STEP][PASSED] - wild = []: null

2019-08-10 23:48:51 - [TEST_STEP][PASSED] - wild[0] = "WILD_Expanding": null

2019-08-10 23:48:51 - [TEST_STEP][PASSED] - wild[1] = "WILD_Normal": null

2019-08-10 23:48:51 - [TEST_STEP][PASSED] - wild[2] = "WILD_Double": null

2019-08-10 23:48:51 - [TEST_STEP][PASSED] - wild[3] = "WILD_ExtraFG": null

2019-08-10 23:48:51 - [TEST_STEP][PASSED] - wild[4] = "WILD_Triple": null

2019-08-10 23:48:51 - [TEST_STEP][PASSED] - wildList = Arrays.asList(wild): null

2019-08-10 23:48:51 - [TEST_STEP][PASSED] - wildList = wildList: null

2019-08-10 23:48:51 - [TEST_STEP][PASSED] - free_spin_reel_counter = []: null

2019-08-10 23:48:51 - [TEST_STEP][PASSED] - free_spin_reel_counter[0] = 0: null

2019-08-10 23:48:51 - [TEST_STEP][PASSED] - free_spin_reel_counter[1] = 0: null

2019-08-10 23:48:51 - [TEST_STEP][PASSED] - free_spin_reel_counter[2] = 0: null

2019-08-10 23:48:51 - [TEST_STEP][PASSED] - M4_spin_reels = reels: null

2019-08-10 23:48:51 - [TEST_STEP][PASSED] - for ([i = 0, i &lt; M4_spin_reels.size(), (i++)]): null

2019-08-10 23:48:51 - [TEST_STEP][PASSED] - symbols = symbols: null

2019-08-10 23:48:51 - [TEST_STEP][PASSED] - for ([j = 0, j &lt; symbols.size(), (j++)]): null

2019-08-10 23:48:51 - [TEST_STEP][PASSED] - symbol = symbol: null

2019-08-10 23:48:51 - [TEST_STEP][PASSED] - println(symbol): null

2019-08-10 23:48:51 - [TEST_STEP][PASSED] - if (i == 2 &amp;&amp; wildList.indexOf(symbol) != -1): null

2019-08-10 23:48:51 - [TEST_STEP][PASSED] - if (i == 3 &amp;&amp; wildList.indexOf(symbol) != -1): null

2019-08-10 23:48:51 - [TEST_STEP][PASSED] - if (i == 4 &amp;&amp; wildList.indexOf(symbol) != -1): null

2019-08-10 23:48:51 - [TEST_STEP][PASSED] - symbol = symbol: null

2019-08-10 23:48:51 - [TEST_STEP][PASSED] - println(symbol): null

2019-08-10 23:48:51 - [TEST_STEP][PASSED] - if (i == 2 &amp;&amp; wildList.indexOf(symbol) != -1): null

2019-08-10 23:48:51 - [TEST_STEP][PASSED] - if (i == 3 &amp;&amp; wildList.indexOf(symbol) != -1): null

2019-08-10 23:48:51 - [TEST_STEP][PASSED] - if (i == 4 &amp;&amp; wildList.indexOf(symbol) != -1): null

2019-08-10 23:48:51 - [TEST_STEP][PASSED] - symbol = symbol: null

2019-08-10 23:48:51 - [TEST_STEP][PASSED] - println(symbol): null

2019-08-10 23:48:51 - [TEST_STEP][PASSED] - if (i == 2 &amp;&amp; wildList.indexOf(symbol) != -1): null

2019-08-10 23:48:51 - [TEST_STEP][PASSED] - if (i == 3 &amp;&amp; wildList.indexOf(symbol) != -1): null

2019-08-10 23:48:51 - [TEST_STEP][PASSED] - if (i == 4 &amp;&amp; wildList.indexOf(symbol) != -1): null

2019-08-10 23:48:51 - [TEST_STEP][PASSED] - symbols = symbols: null

2019-08-10 23:48:51 - [TEST_STEP][PASSED] - for ([j = 0, j &lt; symbols.size(), (j++)]): null

2019-08-10 23:48:51 - [TEST_STEP][PASSED] - symbol = symbol: null

2019-08-10 23:48:51 - [TEST_STEP][PASSED] - println(symbol): null

2019-08-10 23:48:51 - [TEST_STEP][PASSED] - if (i == 2 &amp;&amp; wildList.indexOf(symbol) != -1): null

2019-08-10 23:48:51 - [TEST_STEP][PASSED] - if (i == 3 &amp;&amp; wildList.indexOf(symbol) != -1): null

2019-08-10 23:48:51 - [TEST_STEP][PASSED] - if (i == 4 &amp;&amp; wildList.indexOf(symbol) != -1): null

2019-08-10 23:48:51 - [TEST_STEP][PASSED] - symbol = symbol: null

2019-08-10 23:48:51 - [TEST_STEP][PASSED] - println(symbol): null

2019-08-10 23:48:51 - [TEST_STEP][PASSED] - if (i == 2 &amp;&amp; wildList.indexOf(symbol) != -1): null

2019-08-10 23:48:51 - [TEST_STEP][PASSED] - if (i == 3 &amp;&amp; wildList.indexOf(symbol) != -1): null

2019-08-10 23:48:51 - [TEST_STEP][PASSED] - if (i == 4 &amp;&amp; wildList.indexOf(symbol) != -1): null

2019-08-10 23:48:51 - [TEST_STEP][PASSED] - symbol = symbol: null

2019-08-10 23:48:51 - [TEST_STEP][PASSED] - println(symbol): null

2019-08-10 23:48:51 - [TEST_STEP][PASSED] - if (i == 2 &amp;&amp; wildList.indexOf(symbol) != -1): null

2019-08-10 23:48:51 - [TEST_STEP][PASSED] - if (i == 3 &amp;&amp; wildList.indexOf(symbol) != -1): null

2019-08-10 23:48:51 - [TEST_STEP][PASSED] - if (i == 4 &amp;&amp; wildList.indexOf(symbol) != -1): null

2019-08-10 23:48:51 - [TEST_STEP][PASSED] - symbols = symbols: null

2019-08-10 23:48:51 - [TEST_STEP][PASSED] - for ([j = 0, j &lt; symbols.size(), (j++)]): null

2019-08-10 23:48:51 - [TEST_STEP][PASSED] - symbol = symbol: null

2019-08-10 23:48:51 - [TEST_STEP][PASSED] - println(symbol): null

2019-08-10 23:48:51 - [TEST_STEP][PASSED] - if (i == 2 &amp;&amp; wildList.indexOf(symbol) != -1): null

2019-08-10 23:48:51 - [TEST_STEP][PASSED] - if (i == 3 &amp;&amp; wildList.indexOf(symbol) != -1): null

2019-08-10 23:48:51 - [TEST_STEP][PASSED] - if (i == 4 &amp;&amp; wildList.indexOf(symbol) != -1): null

2019-08-10 23:48:51 - [TEST_STEP][PASSED] - symbol = symbol: null

2019-08-10 23:48:51 - [TEST_STEP][PASSED] - println(symbol): null

2019-08-10 23:48:51 - [TEST_STEP][PASSED] - if (i == 2 &amp;&amp; wildList.indexOf(symbol) != -1): null

2019-08-10 23:48:51 - [TEST_STEP][PASSED] - if (i == 3 &amp;&amp; wildList.indexOf(symbol) != -1): null

2019-08-10 23:48:51 - [TEST_STEP][PASSED] - if (i == 4 &amp;&amp; wildList.indexOf(symbol) != -1): null

2019-08-10 23:48:51 - [TEST_STEP][PASSED] - symbol = symbol: null

2019-08-10 23:48:51 - [TEST_STEP][PASSED] - println(symbol): null

2019-08-10 23:48:51 - [TEST_STEP][PASSED] - if (i == 2 &amp;&amp; wildList.indexOf(symbol) != -1): null

2019-08-10 23:48:51 - [TEST_STEP][PASSED] - if (i == 3 &amp;&amp; wildList.indexOf(symbol) != -1): null

2019-08-10 23:48:51 - [TEST_STEP][PASSED] - if (i == 4 &amp;&amp; wildList.indexOf(symbol) != -1): null

2019-08-10 23:48:51 - [TEST_STEP][PASSED] - symbols = symbols: null

2019-08-10 23:48:51 - [TEST_STEP][PASSED] - for ([j = 0, j &lt; symbols.size(), (j++)]): null

2019-08-10 23:48:51 - [TEST_STEP][PASSED] - symbol = symbol: null

2019-08-10 23:48:51 - [TEST_STEP][PASSED] - println(symbol): null

2019-08-10 23:48:51 - [TEST_STEP][PASSED] - if (i == 2 &amp;&amp; wildList.indexOf(symbol) != -1): null

2019-08-10 23:48:51 - [TEST_STEP][PASSED] - if (i == 3 &amp;&amp; wildList.indexOf(symbol) != -1): null

2019-08-10 23:48:51 - [TEST_STEP][PASSED] - println("wild found on reel 4, adding counter by 1"): null

2019-08-10 23:48:51 - [TEST_STEP][PASSED] - free_spin_reel_counter[1] = free_spin_reel_counter[1] + 1: null

2019-08-10 23:48:51 - [TEST_STEP][PASSED] - if (i == 4 &amp;&amp; wildList.indexOf(symbol) != -1): null

2019-08-10 23:48:51 - [TEST_STEP][PASSED] - symbol = symbol: null

2019-08-10 23:48:51 - [TEST_STEP][PASSED] - println(symbol): null

2019-08-10 23:48:51 - [TEST_STEP][PASSED] - if (i == 2 &amp;&amp; wildList.indexOf(symbol) != -1): null

2019-08-10 23:48:51 - [TEST_STEP][PASSED] - if (i == 3 &amp;&amp; wildList.indexOf(symbol) != -1): null

2019-08-10 23:48:51 - [TEST_STEP][PASSED] - if (i == 4 &amp;&amp; wildList.indexOf(symbol) != -1): null

2019-08-10 23:48:51 - [TEST_STEP][PASSED] - symbol = symbol: null

2019-08-10 23:48:51 - [TEST_STEP][PASSED] - println(symbol): null

2019-08-10 23:48:51 - [TEST_STEP][PASSED] - if (i == 2 &amp;&amp; wildList.indexOf(symbol) != -1): null

2019-08-10 23:48:51 - [TEST_STEP][PASSED] - if (i == 3 &amp;&amp; wildList.indexOf(symbol) != -1): null

2019-08-10 23:48:51 - [TEST_STEP][PASSED] - if (i == 4 &amp;&amp; wildList.indexOf(symbol) != -1): null

2019-08-10 23:48:51 - [TEST_STEP][PASSED] - symbols = symbols: null

2019-08-10 23:48:51 - [TEST_STEP][PASSED] - for ([j = 0, j &lt; symbols.size(), (j++)]): null

2019-08-10 23:48:51 - [TEST_STEP][PASSED] - symbol = symbol: null

2019-08-10 23:48:51 - [TEST_STEP][PASSED] - println(symbol): null

2019-08-10 23:48:51 - [TEST_STEP][PASSED] - if (i == 2 &amp;&amp; wildList.indexOf(symbol) != -1): null

2019-08-10 23:48:51 - [TEST_STEP][PASSED] - if (i == 3 &amp;&amp; wildList.indexOf(symbol) != -1): null

2019-08-10 23:48:51 - [TEST_STEP][PASSED] - if (i == 4 &amp;&amp; wildList.indexOf(symbol) != -1): null

2019-08-10 23:48:51 - [TEST_STEP][PASSED] - symbol = symbol: null

2019-08-10 23:48:51 - [TEST_STEP][PASSED] - println(symbol): null

2019-08-10 23:48:51 - [TEST_STEP][PASSED] - if (i == 2 &amp;&amp; wildList.indexOf(symbol) != -1): null

2019-08-10 23:48:51 - [TEST_STEP][PASSED] - if (i == 3 &amp;&amp; wildList.indexOf(symbol) != -1): null

2019-08-10 23:48:51 - [TEST_STEP][PASSED] - if (i == 4 &amp;&amp; wildList.indexOf(symbol) != -1): null

2019-08-10 23:48:51 - [TEST_STEP][PASSED] - symbol = symbol: null

2019-08-10 23:48:51 - [TEST_STEP][PASSED] - println(symbol): null

2019-08-10 23:48:51 - [TEST_STEP][PASSED] - if (i == 2 &amp;&amp; wildList.indexOf(symbol) != -1): null

2019-08-10 23:48:51 - [TEST_STEP][PASSED] - if (i == 3 &amp;&amp; wildList.indexOf(symbol) != -1): null

2019-08-10 23:48:51 - [TEST_STEP][PASSED] - if (i == 4 &amp;&amp; wildList.indexOf(symbol) != -1): null

2019-08-10 23:48:51 - [TEST_STEP][PASSED] - free_spin_reel_counter = free_spin_reel_counter: null

2019-08-10 23:48:51 - [TEST_STEP][PASSED] - println("reel 3 wild found: " + free_spin_reel_counter[0]): null

2019-08-10 23:48:51 - [TEST_STEP][PASSED] - println("reel 4 wild found: " + free_spin_reel_counter[1]): null

2019-08-10 23:48:51 - [TEST_STEP][PASSED] - println("reel 5 wild found: " + free_spin_reel_counter[2]): null

2019-08-10 23:48:51 - [TEST_STEP][PASSED] - M4_spin_reels = M4_spin_reels: null

2019-08-10 23:48:51 - [TEST_STEP][PASSED] - M4_spin_reels_symbols = symbol: null

2019-08-10 23:48:51 - [TEST_STEP][PASSED] - M4_spin_reels_symbols = M4_spin_reels_symbols: null

2019-08-10 23:48:51 - [TEST_STEP][PASSED] - M4_spin_reel_wins = reel_wins: null

2019-08-10 23:48:51 - [TEST_STEP][PASSED] - M4_spin_reel_wins = M4_spin_reel_wins: null

2019-08-10 23:48:51 - [TEST_STEP][PASSED] - println("GlobalVariable.M4_spin_reel_wins is: " + M4_spin_reel_wins): null

2019-08-10 23:48:51 - [TEST_STEP][PASSED] - M4_spin_total_bonus_win_this_round = total_bonus_win_this_round: null

2019-08-10 23:48:51 - [TEST_STEP][PASSED] - M4_spin_total_bonus_win_this_round = M4_spin_total_bonus_win_this_round: null

2019-08-10 23:48:51 - [TEST_STEP][PASSED] - println("GlobalVariable.M4_spin_total_bonus_win_this_round is: " + M4_spin_total_bonus_win_this_round): null

2019-08-10 23:48:51 - [MESSAGE][PASSED] - Verify response successfully

2019-08-10 23:48:51 - [MESSAGE][PASSED] - Send request and verify the response successfully

2019-08-10 23:48:51 - [TEST_STEP][PASSED] - if (M4_total_bonus_spins_int != 0 &amp;&amp; M4_spin_reels_symbols[2].contains("WILD_ExtraFG") || M4_spin_reels_symbols[3].contains("WILD_ExtraFG")): null

2019-08-10 23:48:51 - [TEST_STEP][PASSED] - free_spin_reel_counter = free_spin_reel_counter: null

2019-08-10 23:48:51 - [TEST_STEP][PASSED] - M4_spin_reels_symbols = M4_spin_reels_symbols: null

2019-08-10 23:48:51 - [TEST_STEP][PASSED] - M4_total_bonus_spins = M4_total_bonus_spins: null

2019-08-10 23:48:51 - [TEST_STEP][PASSED] - spin_result = sendRequestAndVerify(findTestObject("RGS(M4)/1_M4_spin", ["M4_login_user_id":M4_login_user_id, "rgs_session_token":rgs_session_token, "partner":Partner])): Send request and verify the response successfully

2019-08-10 23:48:51 - [TEST_CASE][PASSED] - Start Test Case : Verification: Verification accomplished successfully

2019-08-10 23:48:51 - [TEST_STEP][PASSED] - request = getInstance().getCurrentRequest(): null

2019-08-10 23:48:51 - [TEST_STEP][PASSED] - response = getInstance().getCurrentResponse(): null

2019-08-10 23:48:51 - [TEST_STEP][PASSED] - verifyResponseStatusCode(response, 200): Verify response status code successfully

2019-08-10 23:48:51 - [MESSAGE][PASSED] - Verify response status code successfully

2019-08-10 23:48:51 - [TEST_STEP][PASSED] - getStatusCode()).isEqualTo(200): null

2019-08-10 23:48:51 - [TEST_STEP][PASSED] - newline = System.getProperty("line.separator"): null

2019-08-10 23:48:51 - [TEST_STEP][PASSED] - M4_spin = new groovy.json.JsonSlurper(): null

2019-08-10 23:48:51 - [TEST_STEP][PASSED] - result_M4_spin = M4_spin.parseText(response.getResponseBodyContent()): null

2019-08-10 23:48:51 - [TEST_STEP][PASSED] - M4_spin_current_balance = current_balance: null

2019-08-10 23:48:51 - [TEST_STEP][PASSED] - M4_spin_current_balance = M4_spin_current_balance: null

2019-08-10 23:48:51 - [TEST_STEP][PASSED] - M4_spin_transaction_id = causality: null

2019-08-10 23:48:51 - [TEST_STEP][PASSED] - M4_spin_transaction_id = M4_spin_transaction_id: null

2019-08-10 23:48:51 - [TEST_STEP][PASSED] - M4_spin_round_id = round_id: null

2019-08-10 23:48:51 - [TEST_STEP][PASSED] - M4_spin_round_id = M4_spin_round_id: null

2019-08-10 23:48:51 - [TEST_STEP][PASSED] - M4_spin_line_wins = line_wins: null

2019-08-10 23:48:51 - [TEST_STEP][PASSED] - M4_spin_line_wins = M4_spin_line_wins: null

2019-08-10 23:48:51 - [TEST_STEP][PASSED] - M4_total_bonus_spins_int = total_bonus_spins: null

2019-08-10 23:48:51 - [TEST_STEP][PASSED] - println("******M4_total_bonus_spins type is:*******" + newline + getClass().getName()): null

2019-08-10 23:48:51 - [TEST_STEP][PASSED] - M4_total_bonus_spins_int = M4_total_bonus_spins_int: null

2019-08-10 23:48:51 - [TEST_STEP][PASSED] - M4_total_bonus_spins = Integer.toString(M4_total_bonus_spins_int): null

2019-08-10 23:48:51 - [TEST_STEP][PASSED] - M4_total_bonus_spins = M4_total_bonus_spins: null

2019-08-10 23:48:51 - [TEST_STEP][PASSED] - println("M4_total_bonus_spins is:" + M4_total_bonus_spins): null

2019-08-10 23:48:51 - [TEST_STEP][PASSED] - M4_spin_bonus_data = bonus_data: null

2019-08-10 23:48:51 - [TEST_STEP][PASSED] - M4_spin_features_triggered = result_M4_spin: null

2019-08-10 23:48:51 - [TEST_STEP][PASSED] - wild = []: null

2019-08-10 23:48:51 - [TEST_STEP][PASSED] - wild[0] = "WILD_Expanding": null

2019-08-10 23:48:51 - [TEST_STEP][PASSED] - wild[1] = "WILD_Normal": null

2019-08-10 23:48:51 - [TEST_STEP][PASSED] - wild[2] = "WILD_Double": null

2019-08-10 23:48:51 - [TEST_STEP][PASSED] - wild[3] = "WILD_ExtraFG": null

2019-08-10 23:48:51 - [TEST_STEP][PASSED] - wild[4] = "WILD_Triple": null

2019-08-10 23:48:51 - [TEST_STEP][PASSED] - wildList = Arrays.asList(wild): null

2019-08-10 23:48:51 - [TEST_STEP][PASSED] - wildList = wildList: null

2019-08-10 23:48:51 - [TEST_STEP][PASSED] - free_spin_reel_counter = []: null

2019-08-10 23:48:51 - [TEST_STEP][PASSED] - free_spin_reel_counter[0] = 0: null

2019-08-10 23:48:51 - [TEST_STEP][PASSED] - free_spin_reel_counter[1] = 0: null

2019-08-10 23:48:51 - [TEST_STEP][PASSED] - free_spin_reel_counter[2] = 0: null

2019-08-10 23:48:51 - [TEST_STEP][PASSED] - M4_spin_reels = reels: null

2019-08-10 23:48:51 - [TEST_STEP][PASSED] - for ([i = 0, i &lt; M4_spin_reels.size(), (i++)]): null

2019-08-10 23:48:51 - [TEST_STEP][PASSED] - symbols = symbols: null

2019-08-10 23:48:51 - [TEST_STEP][PASSED] - for ([j = 0, j &lt; symbols.size(), (j++)]): null

2019-08-10 23:48:51 - [TEST_STEP][PASSED] - symbol = symbol: null

2019-08-10 23:48:51 - [TEST_STEP][PASSED] - println(symbol): null

2019-08-10 23:48:51 - [TEST_STEP][PASSED] - if (i == 2 &amp;&amp; wildList.indexOf(symbol) != -1): null

2019-08-10 23:48:51 - [TEST_STEP][PASSED] - if (i == 3 &amp;&amp; wildList.indexOf(symbol) != -1): null

2019-08-10 23:48:51 - [TEST_STEP][PASSED] - if (i == 4 &amp;&amp; wildList.indexOf(symbol) != -1): null

2019-08-10 23:48:51 - [TEST_STEP][PASSED] - symbol = symbol: null

2019-08-10 23:48:51 - [TEST_STEP][PASSED] - println(symbol): null

2019-08-10 23:48:51 - [TEST_STEP][PASSED] - if (i == 2 &amp;&amp; wildList.indexOf(symbol) != -1): null

2019-08-10 23:48:51 - [TEST_STEP][PASSED] - if (i == 3 &amp;&amp; wildList.indexOf(symbol) != -1): null

2019-08-10 23:48:51 - [TEST_STEP][PASSED] - if (i == 4 &amp;&amp; wildList.indexOf(symbol) != -1): null

2019-08-10 23:48:51 - [TEST_STEP][PASSED] - symbol = symbol: null

2019-08-10 23:48:51 - [TEST_STEP][PASSED] - println(symbol): null

2019-08-10 23:48:51 - [TEST_STEP][PASSED] - if (i == 2 &amp;&amp; wildList.indexOf(symbol) != -1): null

2019-08-10 23:48:51 - [TEST_STEP][PASSED] - if (i == 3 &amp;&amp; wildList.indexOf(symbol) != -1): null

2019-08-10 23:48:51 - [TEST_STEP][PASSED] - if (i == 4 &amp;&amp; wildList.indexOf(symbol) != -1): null

2019-08-10 23:48:51 - [TEST_STEP][PASSED] - symbols = symbols: null

2019-08-10 23:48:51 - [TEST_STEP][PASSED] - for ([j = 0, j &lt; symbols.size(), (j++)]): null

2019-08-10 23:48:51 - [TEST_STEP][PASSED] - symbol = symbol: null

2019-08-10 23:48:51 - [TEST_STEP][PASSED] - println(symbol): null

2019-08-10 23:48:51 - [TEST_STEP][PASSED] - if (i == 2 &amp;&amp; wildList.indexOf(symbol) != -1): null

2019-08-10 23:48:51 - [TEST_STEP][PASSED] - if (i == 3 &amp;&amp; wildList.indexOf(symbol) != -1): null

2019-08-10 23:48:51 - [TEST_STEP][PASSED] - if (i == 4 &amp;&amp; wildList.indexOf(symbol) != -1): null

2019-08-10 23:48:51 - [TEST_STEP][PASSED] - symbol = symbol: null

2019-08-10 23:48:51 - [TEST_STEP][PASSED] - println(symbol): null

2019-08-10 23:48:51 - [TEST_STEP][PASSED] - if (i == 2 &amp;&amp; wildList.indexOf(symbol) != -1): null

2019-08-10 23:48:51 - [TEST_STEP][PASSED] - if (i == 3 &amp;&amp; wildList.indexOf(symbol) != -1): null

2019-08-10 23:48:51 - [TEST_STEP][PASSED] - if (i == 4 &amp;&amp; wildList.indexOf(symbol) != -1): null

2019-08-10 23:48:51 - [TEST_STEP][PASSED] - symbol = symbol: null

2019-08-10 23:48:51 - [TEST_STEP][PASSED] - println(symbol): null

2019-08-10 23:48:51 - [TEST_STEP][PASSED] - if (i == 2 &amp;&amp; wildList.indexOf(symbol) != -1): null

2019-08-10 23:48:51 - [TEST_STEP][PASSED] - if (i == 3 &amp;&amp; wildList.indexOf(symbol) != -1): null

2019-08-10 23:48:51 - [TEST_STEP][PASSED] - if (i == 4 &amp;&amp; wildList.indexOf(symbol) != -1): null

2019-08-10 23:48:51 - [TEST_STEP][PASSED] - symbols = symbols: null

2019-08-10 23:48:51 - [TEST_STEP][PASSED] - for ([j = 0, j &lt; symbols.size(), (j++)]): null

2019-08-10 23:48:51 - [TEST_STEP][PASSED] - symbol = symbol: null

2019-08-10 23:48:51 - [TEST_STEP][PASSED] - println(symbol): null

2019-08-10 23:48:51 - [TEST_STEP][PASSED] - if (i == 2 &amp;&amp; wildList.indexOf(symbol) != -1): null

2019-08-10 23:48:51 - [TEST_STEP][PASSED] - if (i == 3 &amp;&amp; wildList.indexOf(symbol) != -1): null

2019-08-10 23:48:51 - [TEST_STEP][PASSED] - if (i == 4 &amp;&amp; wildList.indexOf(symbol) != -1): null

2019-08-10 23:48:51 - [TEST_STEP][PASSED] - symbol = symbol: null

2019-08-10 23:48:51 - [TEST_STEP][PASSED] - println(symbol): null

2019-08-10 23:48:51 - [TEST_STEP][PASSED] - if (i == 2 &amp;&amp; wildList.indexOf(symbol) != -1): null

2019-08-10 23:48:51 - [TEST_STEP][PASSED] - if (i == 3 &amp;&amp; wildList.indexOf(symbol) != -1): null

2019-08-10 23:48:51 - [TEST_STEP][PASSED] - if (i == 4 &amp;&amp; wildList.indexOf(symbol) != -1): null

2019-08-10 23:48:51 - [TEST_STEP][PASSED] - symbol = symbol: null

2019-08-10 23:48:51 - [TEST_STEP][PASSED] - println(symbol): null

2019-08-10 23:48:51 - [TEST_STEP][PASSED] - if (i == 2 &amp;&amp; wildList.indexOf(symbol) != -1): null

2019-08-10 23:48:51 - [TEST_STEP][PASSED] - if (i == 3 &amp;&amp; wildList.indexOf(symbol) != -1): null

2019-08-10 23:48:51 - [TEST_STEP][PASSED] - if (i == 4 &amp;&amp; wildList.indexOf(symbol) != -1): null

2019-08-10 23:48:51 - [TEST_STEP][PASSED] - symbols = symbols: null

2019-08-10 23:48:51 - [TEST_STEP][PASSED] - for ([j = 0, j &lt; symbols.size(), (j++)]): null

2019-08-10 23:48:51 - [TEST_STEP][PASSED] - symbol = symbol: null

2019-08-10 23:48:51 - [TEST_STEP][PASSED] - println(symbol): null

2019-08-10 23:48:51 - [TEST_STEP][PASSED] - if (i == 2 &amp;&amp; wildList.indexOf(symbol) != -1): null

2019-08-10 23:48:51 - [TEST_STEP][PASSED] - if (i == 3 &amp;&amp; wildList.indexOf(symbol) != -1): null

2019-08-10 23:48:56 - [TEST_STEP][PASSED] - if (i == 4 &amp;&amp; wildList.indexOf(symbol) != -1): null

2019-08-10 23:48:56 - [TEST_STEP][PASSED] - symbol = symbol: null

2019-08-10 23:48:56 - [TEST_STEP][PASSED] - println(symbol): null

2019-08-10 23:48:56 - [TEST_STEP][PASSED] - if (i == 2 &amp;&amp; wildList.indexOf(symbol) != -1): null

2019-08-10 23:48:56 - [TEST_STEP][PASSED] - if (i == 3 &amp;&amp; wildList.indexOf(symbol) != -1): null

2019-08-10 23:48:56 - [TEST_STEP][PASSED] - if (i == 4 &amp;&amp; wildList.indexOf(symbol) != -1): null

2019-08-10 23:48:56 - [TEST_STEP][PASSED] - symbol = symbol: null

2019-08-10 23:48:56 - [TEST_STEP][PASSED] - println(symbol): null

2019-08-10 23:48:56 - [TEST_STEP][PASSED] - if (i == 2 &amp;&amp; wildList.indexOf(symbol) != -1): null

2019-08-10 23:48:56 - [TEST_STEP][PASSED] - if (i == 3 &amp;&amp; wildList.indexOf(symbol) != -1): null

2019-08-10 23:48:57 - [TEST_STEP][PASSED] - if (i == 4 &amp;&amp; wildList.indexOf(symbol) != -1): null

2019-08-10 23:48:57 - [TEST_STEP][PASSED] - symbols = symbols: null

2019-08-10 23:48:57 - [TEST_STEP][PASSED] - for ([j = 0, j &lt; symbols.size(), (j++)]): null

2019-08-10 23:48:57 - [TEST_STEP][PASSED] - symbol = symbol: null

2019-08-10 23:48:57 - [TEST_STEP][PASSED] - println(symbol): null

2019-08-10 23:48:57 - [TEST_STEP][PASSED] - if (i == 2 &amp;&amp; wildList.indexOf(symbol) != -1): null

2019-08-10 23:48:57 - [TEST_STEP][PASSED] - if (i == 3 &amp;&amp; wildList.indexOf(symbol) != -1): null

2019-08-10 23:48:57 - [TEST_STEP][PASSED] - if (i == 4 &amp;&amp; wildList.indexOf(symbol) != -1): null

2019-08-10 23:48:57 - [TEST_STEP][PASSED] - symbol = symbol: null

2019-08-10 23:48:57 - [TEST_STEP][PASSED] - println(symbol): null

2019-08-10 23:48:57 - [TEST_STEP][PASSED] - if (i == 2 &amp;&amp; wildList.indexOf(symbol) != -1): null

2019-08-10 23:48:57 - [TEST_STEP][PASSED] - if (i == 3 &amp;&amp; wildList.indexOf(symbol) != -1): null

2019-08-10 23:48:57 - [TEST_STEP][PASSED] - if (i == 4 &amp;&amp; wildList.indexOf(symbol) != -1): null

2019-08-10 23:48:57 - [TEST_STEP][PASSED] - symbol = symbol: null

2019-08-10 23:48:57 - [TEST_STEP][PASSED] - println(symbol): null

2019-08-10 23:48:57 - [TEST_STEP][PASSED] - if (i == 2 &amp;&amp; wildList.indexOf(symbol) != -1): null

2019-08-10 23:48:57 - [TEST_STEP][PASSED] - if (i == 3 &amp;&amp; wildList.indexOf(symbol) != -1): null

2019-08-10 23:48:57 - [TEST_STEP][PASSED] - if (i == 4 &amp;&amp; wildList.indexOf(symbol) != -1): null

2019-08-10 23:48:57 - [TEST_STEP][PASSED] - free_spin_reel_counter = free_spin_reel_counter: null

2019-08-10 23:48:57 - [TEST_STEP][PASSED] - println("reel 3 wild found: " + free_spin_reel_counter[0]): null

2019-08-10 23:48:57 - [TEST_STEP][PASSED] - println("reel 4 wild found: " + free_spin_reel_counter[1]): null

2019-08-10 23:48:57 - [TEST_STEP][PASSED] - println("reel 5 wild found: " + free_spin_reel_counter[2]): null

2019-08-10 23:48:57 - [TEST_STEP][PASSED] - M4_spin_reels = M4_spin_reels: null

2019-08-10 23:48:57 - [TEST_STEP][PASSED] - M4_spin_reels_symbols = symbol: null

2019-08-10 23:48:57 - [TEST_STEP][PASSED] - M4_spin_reels_symbols = M4_spin_reels_symbols: null

2019-08-10 23:48:57 - [TEST_STEP][PASSED] - M4_spin_reel_wins = reel_wins: null

2019-08-10 23:48:57 - [TEST_STEP][PASSED] - M4_spin_reel_wins = M4_spin_reel_wins: null

2019-08-10 23:48:57 - [TEST_STEP][PASSED] - println("GlobalVariable.M4_spin_reel_wins is: " + M4_spin_reel_wins): null

2019-08-10 23:48:57 - [TEST_STEP][PASSED] - M4_spin_total_bonus_win_this_round = total_bonus_win_this_round: null

2019-08-10 23:48:57 - [TEST_STEP][PASSED] - M4_spin_total_bonus_win_this_round = M4_spin_total_bonus_win_this_round: null

2019-08-10 23:48:57 - [TEST_STEP][PASSED] - println("GlobalVariable.M4_spin_total_bonus_win_this_round is: " + M4_spin_total_bonus_win_this_round): null

2019-08-10 23:48:57 - [MESSAGE][PASSED] - Verify response successfully

2019-08-10 23:48:57 - [MESSAGE][PASSED] - Send request and verify the response successfully

2019-08-10 23:48:57 - [TEST_STEP][PASSED] - if (M4_total_bonus_spins_int != 0 &amp;&amp; M4_spin_reels_symbols[2].contains("WILD_ExtraFG") || M4_spin_reels_symbols[3].contains("WILD_ExtraFG")): null

2019-08-10 23:48:57 - [TEST_STEP][PASSED] - free_spin_reel_counter = free_spin_reel_counter: null

2019-08-10 23:48:57 - [TEST_STEP][PASSED] - M4_spin_reels_symbols = M4_spin_reels_symbols: null

2019-08-10 23:48:57 - [TEST_STEP][PASSED] - M4_total_bonus_spins = M4_total_bonus_spins: null

2019-08-10 23:48:57 - [TEST_STEP][PASSED] - spin_result = sendRequestAndVerify(findTestObject("RGS(M4)/1_M4_spin", ["M4_login_user_id":M4_login_user_id, "rgs_session_token":rgs_session_token, "partner":Partner])): Send request and verify the response successfully

2019-08-10 23:48:57 - [TEST_CASE][PASSED] - Start Test Case : Verification: Verification accomplished successfully

2019-08-10 23:48:57 - [TEST_STEP][PASSED] - request = getInstance().getCurrentRequest(): null

2019-08-10 23:48:57 - [TEST_STEP][PASSED] - response = getInstance().getCurrentResponse(): null

2019-08-10 23:48:57 - [TEST_STEP][PASSED] - verifyResponseStatusCode(response, 200): Verify response status code successfully

2019-08-10 23:48:57 - [MESSAGE][PASSED] - Verify response status code successfully

2019-08-10 23:48:57 - [TEST_STEP][PASSED] - getStatusCode()).isEqualTo(200): null

2019-08-10 23:48:57 - [TEST_STEP][PASSED] - newline = System.getProperty("line.separator"): null

2019-08-10 23:48:57 - [TEST_STEP][PASSED] - M4_spin = new groovy.json.JsonSlurper(): null

2019-08-10 23:48:57 - [TEST_STEP][PASSED] - result_M4_spin = M4_spin.parseText(response.getResponseBodyContent()): null

2019-08-10 23:48:57 - [TEST_STEP][PASSED] - M4_spin_current_balance = current_balance: null

2019-08-10 23:48:57 - [TEST_STEP][PASSED] - M4_spin_current_balance = M4_spin_current_balance: null

2019-08-10 23:48:57 - [TEST_STEP][PASSED] - M4_spin_transaction_id = causality: null

2019-08-10 23:48:57 - [TEST_STEP][PASSED] - M4_spin_transaction_id = M4_spin_transaction_id: null

2019-08-10 23:48:57 - [TEST_STEP][PASSED] - M4_spin_round_id = round_id: null

2019-08-10 23:48:57 - [TEST_STEP][PASSED] - M4_spin_round_id = M4_spin_round_id: null

2019-08-10 23:48:57 - [TEST_STEP][PASSED] - M4_spin_line_wins = line_wins: null

2019-08-10 23:48:57 - [TEST_STEP][PASSED] - M4_spin_line_wins = M4_spin_line_wins: null

2019-08-10 23:48:57 - [TEST_STEP][PASSED] - M4_total_bonus_spins_int = total_bonus_spins: null

2019-08-10 23:48:57 - [TEST_STEP][PASSED] - println("******M4_total_bonus_spins type is:*******" + newline + getClass().getName()): null

2019-08-10 23:48:57 - [TEST_STEP][PASSED] - M4_total_bonus_spins_int = M4_total_bonus_spins_int: null

2019-08-10 23:48:57 - [TEST_STEP][PASSED] - M4_total_bonus_spins = Integer.toString(M4_total_bonus_spins_int): null

2019-08-10 23:48:57 - [TEST_STEP][PASSED] - M4_total_bonus_spins = M4_total_bonus_spins: null

2019-08-10 23:48:57 - [TEST_STEP][PASSED] - println("M4_total_bonus_spins is:" + M4_total_bonus_spins): null

2019-08-10 23:48:57 - [TEST_STEP][PASSED] - M4_spin_bonus_data = bonus_data: null

2019-08-10 23:48:57 - [TEST_STEP][PASSED] - M4_spin_features_triggered = result_M4_spin: null

2019-08-10 23:48:57 - [TEST_STEP][PASSED] - wild = []: null

2019-08-10 23:48:57 - [TEST_STEP][PASSED] - wild[0] = "WILD_Expanding": null

2019-08-10 23:48:57 - [TEST_STEP][PASSED] - wild[1] = "WILD_Normal": null

2019-08-10 23:48:57 - [TEST_STEP][PASSED] - wild[2] = "WILD_Double": null

2019-08-10 23:48:57 - [TEST_STEP][PASSED] - wild[3] = "WILD_ExtraFG": null

2019-08-10 23:48:57 - [TEST_STEP][PASSED] - wild[4] = "WILD_Triple": null

2019-08-10 23:48:57 - [TEST_STEP][PASSED] - wildList = Arrays.asList(wild): null

2019-08-10 23:48:57 - [TEST_STEP][PASSED] - wildList = wildList: null

2019-08-10 23:48:57 - [TEST_STEP][PASSED] - free_spin_reel_counter = []: null

2019-08-10 23:48:57 - [TEST_STEP][PASSED] - free_spin_reel_counter[0] = 0: null

2019-08-10 23:48:57 - [TEST_STEP][PASSED] - free_spin_reel_counter[1] = 0: null

2019-08-10 23:48:57 - [TEST_STEP][PASSED] - free_spin_reel_counter[2] = 0: null

2019-08-10 23:48:57 - [TEST_STEP][PASSED] - M4_spin_reels = reels: null

2019-08-10 23:48:57 - [TEST_STEP][PASSED] - for ([i = 0, i &lt; M4_spin_reels.size(), (i++)]): null

2019-08-10 23:48:57 - [TEST_STEP][PASSED] - symbols = symbols: null

2019-08-10 23:48:57 - [TEST_STEP][PASSED] - for ([j = 0, j &lt; symbols.size(), (j++)]): null

2019-08-10 23:48:57 - [TEST_STEP][PASSED] - symbol = symbol: null

2019-08-10 23:48:57 - [TEST_STEP][PASSED] - println(symbol): null

2019-08-10 23:48:57 - [TEST_STEP][PASSED] - if (i == 2 &amp;&amp; wildList.indexOf(symbol) != -1): null

2019-08-10 23:48:57 - [TEST_STEP][PASSED] - if (i == 3 &amp;&amp; wildList.indexOf(symbol) != -1): null

2019-08-10 23:48:57 - [TEST_STEP][PASSED] - if (i == 4 &amp;&amp; wildList.indexOf(symbol) != -1): null

2019-08-10 23:48:57 - [TEST_STEP][PASSED] - symbol = symbol: null

2019-08-10 23:48:57 - [TEST_STEP][PASSED] - println(symbol): null

2019-08-10 23:48:57 - [TEST_STEP][PASSED] - if (i == 2 &amp;&amp; wildList.indexOf(symbol) != -1): null

2019-08-10 23:48:57 - [TEST_STEP][PASSED] - if (i == 3 &amp;&amp; wildList.indexOf(symbol) != -1): null

2019-08-10 23:48:57 - [TEST_STEP][PASSED] - if (i == 4 &amp;&amp; wildList.indexOf(symbol) != -1): null

2019-08-10 23:48:57 - [TEST_STEP][PASSED] - symbol = symbol: null

2019-08-10 23:48:57 - [TEST_STEP][PASSED] - println(symbol): null

2019-08-10 23:48:57 - [TEST_STEP][PASSED] - if (i == 2 &amp;&amp; wildList.indexOf(symbol) != -1): null

2019-08-10 23:48:57 - [TEST_STEP][PASSED] - if (i == 3 &amp;&amp; wildList.indexOf(symbol) != -1): null

2019-08-10 23:48:57 - [TEST_STEP][PASSED] - if (i == 4 &amp;&amp; wildList.indexOf(symbol) != -1): null

2019-08-10 23:48:57 - [TEST_STEP][PASSED] - symbols = symbols: null

2019-08-10 23:48:57 - [TEST_STEP][PASSED] - for ([j = 0, j &lt; symbols.size(), (j++)]): null

2019-08-10 23:48:57 - [TEST_STEP][PASSED] - symbol = symbol: null

2019-08-10 23:48:57 - [TEST_STEP][PASSED] - println(symbol): null

2019-08-10 23:48:57 - [TEST_STEP][PASSED] - if (i == 2 &amp;&amp; wildList.indexOf(symbol) != -1): null

2019-08-10 23:48:57 - [TEST_STEP][PASSED] - if (i == 3 &amp;&amp; wildList.indexOf(symbol) != -1): null

2019-08-10 23:48:57 - [TEST_STEP][PASSED] - if (i == 4 &amp;&amp; wildList.indexOf(symbol) != -1): null

2019-08-10 23:48:57 - [TEST_STEP][PASSED] - symbol = symbol: null

2019-08-10 23:48:57 - [TEST_STEP][PASSED] - println(symbol): null

2019-08-10 23:48:57 - [TEST_STEP][PASSED] - if (i == 2 &amp;&amp; wildList.indexOf(symbol) != -1): null

2019-08-10 23:48:57 - [TEST_STEP][PASSED] - if (i == 3 &amp;&amp; wildList.indexOf(symbol) != -1): null

2019-08-10 23:48:57 - [TEST_STEP][PASSED] - if (i == 4 &amp;&amp; wildList.indexOf(symbol) != -1): null

2019-08-10 23:48:57 - [TEST_STEP][PASSED] - symbol = symbol: null

2019-08-10 23:48:57 - [TEST_STEP][PASSED] - println(symbol): null

2019-08-10 23:48:57 - [TEST_STEP][PASSED] - if (i == 2 &amp;&amp; wildList.indexOf(symbol) != -1): null

2019-08-10 23:48:57 - [TEST_STEP][PASSED] - if (i == 3 &amp;&amp; wildList.indexOf(symbol) != -1): null

2019-08-10 23:48:57 - [TEST_STEP][PASSED] - if (i == 4 &amp;&amp; wildList.indexOf(symbol) != -1): null

2019-08-10 23:48:57 - [TEST_STEP][PASSED] - symbols = symbols: null

2019-08-10 23:48:57 - [TEST_STEP][PASSED] - for ([j = 0, j &lt; symbols.size(), (j++)]): null

2019-08-10 23:48:57 - [TEST_STEP][PASSED] - symbol = symbol: null

2019-08-10 23:48:57 - [TEST_STEP][PASSED] - println(symbol): null

2019-08-10 23:48:57 - [TEST_STEP][PASSED] - if (i == 2 &amp;&amp; wildList.indexOf(symbol) != -1): null

2019-08-10 23:48:57 - [TEST_STEP][PASSED] - if (i == 3 &amp;&amp; wildList.indexOf(symbol) != -1): null

2019-08-10 23:48:57 - [TEST_STEP][PASSED] - if (i == 4 &amp;&amp; wildList.indexOf(symbol) != -1): null

2019-08-10 23:48:57 - [TEST_STEP][PASSED] - symbol = symbol: null

2019-08-10 23:48:57 - [TEST_STEP][PASSED] - println(symbol): null

2019-08-10 23:48:57 - [TEST_STEP][PASSED] - if (i == 2 &amp;&amp; wildList.indexOf(symbol) != -1): null

2019-08-10 23:48:57 - [TEST_STEP][PASSED] - println("wild found on reel 3, adding counter by 1"): null

2019-08-10 23:48:57 - [TEST_STEP][PASSED] - free_spin_reel_counter[0] = free_spin_reel_counter[0] + 1: null

2019-08-10 23:48:57 - [TEST_STEP][PASSED] - if (i == 3 &amp;&amp; wildList.indexOf(symbol) != -1): null

2019-08-10 23:48:57 - [TEST_STEP][PASSED] - if (i == 4 &amp;&amp; wildList.indexOf(symbol) != -1): null

2019-08-10 23:48:57 - [TEST_STEP][PASSED] - symbol = symbol: null

2019-08-10 23:48:57 - [TEST_STEP][PASSED] - println(symbol): null

2019-08-10 23:48:57 - [TEST_STEP][PASSED] - if (i == 2 &amp;&amp; wildList.indexOf(symbol) != -1): null

2019-08-10 23:48:57 - [TEST_STEP][PASSED] - if (i == 3 &amp;&amp; wildList.indexOf(symbol) != -1): null

2019-08-10 23:48:57 - [TEST_STEP][PASSED] - if (i == 4 &amp;&amp; wildList.indexOf(symbol) != -1): null

2019-08-10 23:48:57 - [TEST_STEP][PASSED] - symbols = symbols: null

2019-08-10 23:48:57 - [TEST_STEP][PASSED] - for ([j = 0, j &lt; symbols.size(), (j++)]): null

2019-08-10 23:48:57 - [TEST_STEP][PASSED] - symbol = symbol: null

2019-08-10 23:48:57 - [TEST_STEP][PASSED] - println(symbol): null

2019-08-10 23:48:57 - [TEST_STEP][PASSED] - if (i == 2 &amp;&amp; wildList.indexOf(symbol) != -1): null

2019-08-10 23:48:57 - [TEST_STEP][PASSED] - if (i == 3 &amp;&amp; wildList.indexOf(symbol) != -1): null

2019-08-10 23:48:57 - [TEST_STEP][PASSED] - if (i == 4 &amp;&amp; wildList.indexOf(symbol) != -1): null

2019-08-10 23:48:57 - [TEST_STEP][PASSED] - symbol = symbol: null

2019-08-10 23:48:57 - [TEST_STEP][PASSED] - println(symbol): null

2019-08-10 23:48:57 - [TEST_STEP][PASSED] - if (i == 2 &amp;&amp; wildList.indexOf(symbol) != -1): null

2019-08-10 23:48:57 - [TEST_STEP][PASSED] - if (i == 3 &amp;&amp; wildList.indexOf(symbol) != -1): null

2019-08-10 23:48:57 - [TEST_STEP][PASSED] - if (i == 4 &amp;&amp; wildList.indexOf(symbol) != -1): null

2019-08-10 23:48:57 - [TEST_STEP][PASSED] - symbol = symbol: null

2019-08-10 23:48:57 - [TEST_STEP][PASSED] - println(symbol): null

2019-08-10 23:48:57 - [TEST_STEP][PASSED] - if (i == 2 &amp;&amp; wildList.indexOf(symbol) != -1): null

2019-08-10 23:48:57 - [TEST_STEP][PASSED] - if (i == 3 &amp;&amp; wildList.indexOf(symbol) != -1): null

2019-08-10 23:48:57 - [TEST_STEP][PASSED] - if (i == 4 &amp;&amp; wildList.indexOf(symbol) != -1): null

2019-08-10 23:48:57 - [TEST_STEP][PASSED] - symbols = symbols: null

2019-08-10 23:48:57 - [TEST_STEP][PASSED] - for ([j = 0, j &lt; symbols.size(), (j++)]): null

2019-08-10 23:48:57 - [TEST_STEP][PASSED] - symbol = symbol: null

2019-08-10 23:48:57 - [TEST_STEP][PASSED] - println(symbol): null

2019-08-10 23:48:57 - [TEST_STEP][PASSED] - if (i == 2 &amp;&amp; wildList.indexOf(symbol) != -1): null

2019-08-10 23:48:57 - [TEST_STEP][PASSED] - if (i == 3 &amp;&amp; wildList.indexOf(symbol) != -1): null

2019-08-10 23:48:57 - [TEST_STEP][PASSED] - if (i == 4 &amp;&amp; wildList.indexOf(symbol) != -1): null

2019-08-10 23:48:57 - [TEST_STEP][PASSED] - symbol = symbol: null

2019-08-10 23:48:57 - [TEST_STEP][PASSED] - println(symbol): null

2019-08-10 23:48:57 - [TEST_STEP][PASSED] - if (i == 2 &amp;&amp; wildList.indexOf(symbol) != -1): null

2019-08-10 23:48:57 - [TEST_STEP][PASSED] - if (i == 3 &amp;&amp; wildList.indexOf(symbol) != -1): null

2019-08-10 23:48:57 - [TEST_STEP][PASSED] - if (i == 4 &amp;&amp; wildList.indexOf(symbol) != -1): null

2019-08-10 23:48:57 - [TEST_STEP][PASSED] - symbol = symbol: null

2019-08-10 23:48:57 - [TEST_STEP][PASSED] - println(symbol): null

2019-08-10 23:48:57 - [TEST_STEP][PASSED] - if (i == 2 &amp;&amp; wildList.indexOf(symbol) != -1): null

2019-08-10 23:48:57 - [TEST_STEP][PASSED] - if (i == 3 &amp;&amp; wildList.indexOf(symbol) != -1): null

2019-08-10 23:48:57 - [TEST_STEP][PASSED] - if (i == 4 &amp;&amp; wildList.indexOf(symbol) != -1): null

2019-08-10 23:48:57 - [TEST_STEP][PASSED] - free_spin_reel_counter = free_spin_reel_counter: null

2019-08-10 23:48:57 - [TEST_STEP][PASSED] - println("reel 3 wild found: " + free_spin_reel_counter[0]): null

2019-08-10 23:48:57 - [TEST_STEP][PASSED] - println("reel 4 wild found: " + free_spin_reel_counter[1]): null

2019-08-10 23:48:57 - [TEST_STEP][PASSED] - println("reel 5 wild found: " + free_spin_reel_counter[2]): null

2019-08-10 23:48:57 - [TEST_STEP][PASSED] - M4_spin_reels = M4_spin_reels: null

2019-08-10 23:48:57 - [TEST_STEP][PASSED] - M4_spin_reels_symbols = symbol: null

2019-08-10 23:48:57 - [TEST_STEP][PASSED] - M4_spin_reels_symbols = M4_spin_reels_symbols: null

2019-08-10 23:48:57 - [TEST_STEP][PASSED] - M4_spin_reel_wins = reel_wins: null

2019-08-10 23:48:57 - [TEST_STEP][PASSED] - M4_spin_reel_wins = M4_spin_reel_wins: null

2019-08-10 23:48:57 - [TEST_STEP][PASSED] - println("GlobalVariable.M4_spin_reel_wins is: " + M4_spin_reel_wins): null

2019-08-10 23:48:57 - [TEST_STEP][PASSED] - M4_spin_total_bonus_win_this_round = total_bonus_win_this_round: null

2019-08-10 23:48:57 - [TEST_STEP][PASSED] - M4_spin_total_bonus_win_this_round = M4_spin_total_bonus_win_this_round: null

2019-08-10 23:48:57 - [TEST_STEP][PASSED] - println("GlobalVariable.M4_spin_total_bonus_win_this_round is: " + M4_spin_total_bonus_win_this_round): null

2019-08-10 23:48:57 - [MESSAGE][PASSED] - Verify response successfully

2019-08-10 23:48:57 - [MESSAGE][PASSED] - Send request and verify the response successfully

2019-08-10 23:48:57 - [TEST_STEP][PASSED] - if (M4_total_bonus_spins_int != 0 &amp;&amp; M4_spin_reels_symbols[2].contains("WILD_ExtraFG") || M4_spin_reels_symbols[3].contains("WILD_ExtraFG")): null

2019-08-10 23:48:57 - [TEST_STEP][PASSED] - free_spin_reel_counter = free_spin_reel_counter: null

2019-08-10 23:48:57 - [TEST_STEP][PASSED] - M4_spin_reels_symbols = M4_spin_reels_symbols: null

2019-08-10 23:48:57 - [TEST_STEP][PASSED] - M4_total_bonus_spins = M4_total_bonus_spins: null

2019-08-10 23:48:57 - [TEST_STEP][PASSED] - spin_result = sendRequestAndVerify(findTestObject("RGS(M4)/1_M4_spin", ["M4_login_user_id":M4_login_user_id, "rgs_session_token":rgs_session_token, "partner":Partner])): Send request and verify the response successfully

2019-08-10 23:48:57 - [TEST_CASE][PASSED] - Start Test Case : Verification: Verification accomplished successfully

2019-08-10 23:48:58 - [TEST_STEP][PASSED] - request = getInstance().getCurrentRequest(): null

2019-08-10 23:48:58 - [TEST_STEP][PASSED] - response = getInstance().getCurrentResponse(): null

2019-08-10 23:48:58 - [TEST_STEP][PASSED] - verifyResponseStatusCode(response, 200): Verify response status code successfully

2019-08-10 23:48:58 - [MESSAGE][PASSED] - Verify response status code successfully

2019-08-10 23:48:58 - [TEST_STEP][PASSED] - getStatusCode()).isEqualTo(200): null

2019-08-10 23:48:58 - [TEST_STEP][PASSED] - newline = System.getProperty("line.separator"): null

2019-08-10 23:48:58 - [TEST_STEP][PASSED] - M4_spin = new groovy.json.JsonSlurper(): null

2019-08-10 23:48:58 - [TEST_STEP][PASSED] - result_M4_spin = M4_spin.parseText(response.getResponseBodyContent()): null

2019-08-10 23:48:58 - [TEST_STEP][PASSED] - M4_spin_current_balance = current_balance: null

2019-08-10 23:48:58 - [TEST_STEP][PASSED] - M4_spin_current_balance = M4_spin_current_balance: null

2019-08-10 23:48:58 - [TEST_STEP][PASSED] - M4_spin_transaction_id = causality: null

2019-08-10 23:48:58 - [TEST_STEP][PASSED] - M4_spin_transaction_id = M4_spin_transaction_id: null

2019-08-10 23:48:58 - [TEST_STEP][PASSED] - M4_spin_round_id = round_id: null

2019-08-10 23:48:58 - [TEST_STEP][PASSED] - M4_spin_round_id = M4_spin_round_id: null

2019-08-10 23:48:58 - [TEST_STEP][PASSED] - M4_spin_line_wins = line_wins: null

2019-08-10 23:48:58 - [TEST_STEP][PASSED] - M4_spin_line_wins = M4_spin_line_wins: null

2019-08-10 23:48:58 - [TEST_STEP][PASSED] - M4_total_bonus_spins_int = total_bonus_spins: null

2019-08-10 23:48:58 - [TEST_STEP][PASSED] - println("******M4_total_bonus_spins type is:*******" + newline + getClass().getName()): null

2019-08-10 23:48:58 - [TEST_STEP][PASSED] - M4_total_bonus_spins_int = M4_total_bonus_spins_int: null

2019-08-10 23:48:58 - [TEST_STEP][PASSED] - M4_total_bonus_spins = Integer.toString(M4_total_bonus_spins_int): null

2019-08-10 23:48:58 - [TEST_STEP][PASSED] - M4_total_bonus_spins = M4_total_bonus_spins: null

2019-08-10 23:48:58 - [TEST_STEP][PASSED] - println("M4_total_bonus_spins is:" + M4_total_bonus_spins): null

2019-08-10 23:48:58 - [TEST_STEP][PASSED] - M4_spin_bonus_data = bonus_data: null

2019-08-10 23:48:58 - [TEST_STEP][PASSED] - M4_spin_features_triggered = result_M4_spin: null

2019-08-10 23:48:58 - [TEST_STEP][PASSED] - wild = []: null

2019-08-10 23:48:58 - [TEST_STEP][PASSED] - wild[0] = "WILD_Expanding": null

2019-08-10 23:48:58 - [TEST_STEP][PASSED] - wild[1] = "WILD_Normal": null

2019-08-10 23:48:58 - [TEST_STEP][PASSED] - wild[2] = "WILD_Double": null

2019-08-10 23:48:58 - [TEST_STEP][PASSED] - wild[3] = "WILD_ExtraFG": null

2019-08-10 23:48:58 - [TEST_STEP][PASSED] - wild[4] = "WILD_Triple": null

2019-08-10 23:48:58 - [TEST_STEP][PASSED] - wildList = Arrays.asList(wild): null

2019-08-10 23:48:58 - [TEST_STEP][PASSED] - wildList = wildList: null

2019-08-10 23:48:58 - [TEST_STEP][PASSED] - free_spin_reel_counter = []: null

2019-08-10 23:48:58 - [TEST_STEP][PASSED] - free_spin_reel_counter[0] = 0: null

2019-08-10 23:48:58 - [TEST_STEP][PASSED] - free_spin_reel_counter[1] = 0: null

2019-08-10 23:48:58 - [TEST_STEP][PASSED] - free_spin_reel_counter[2] = 0: null

2019-08-10 23:48:58 - [TEST_STEP][PASSED] - M4_spin_reels = reels: null

2019-08-10 23:48:58 - [TEST_STEP][PASSED] - for ([i = 0, i &lt; M4_spin_reels.size(), (i++)]): null

2019-08-10 23:48:58 - [TEST_STEP][PASSED] - symbols = symbols: null

2019-08-10 23:48:58 - [TEST_STEP][PASSED] - for ([j = 0, j &lt; symbols.size(), (j++)]): null

2019-08-10 23:48:58 - [TEST_STEP][PASSED] - symbol = symbol: null

2019-08-10 23:48:58 - [TEST_STEP][PASSED] - println(symbol): null

2019-08-10 23:48:58 - [TEST_STEP][PASSED] - if (i == 2 &amp;&amp; wildList.indexOf(symbol) != -1): null

2019-08-10 23:48:58 - [TEST_STEP][PASSED] - if (i == 3 &amp;&amp; wildList.indexOf(symbol) != -1): null

2019-08-10 23:48:58 - [TEST_STEP][PASSED] - if (i == 4 &amp;&amp; wildList.indexOf(symbol) != -1): null

2019-08-10 23:48:58 - [TEST_STEP][PASSED] - symbol = symbol: null

2019-08-10 23:48:58 - [TEST_STEP][PASSED] - println(symbol): null

2019-08-10 23:48:58 - [TEST_STEP][PASSED] - if (i == 2 &amp;&amp; wildList.indexOf(symbol) != -1): null

2019-08-10 23:48:58 - [TEST_STEP][PASSED] - if (i == 3 &amp;&amp; wildList.indexOf(symbol) != -1): null

2019-08-10 23:48:58 - [TEST_STEP][PASSED] - if (i == 4 &amp;&amp; wildList.indexOf(symbol) != -1): null

2019-08-10 23:48:58 - [TEST_STEP][PASSED] - symbol = symbol: null

2019-08-10 23:48:58 - [TEST_STEP][PASSED] - println(symbol): null

2019-08-10 23:48:58 - [TEST_STEP][PASSED] - if (i == 2 &amp;&amp; wildList.indexOf(symbol) != -1): null

2019-08-10 23:48:58 - [TEST_STEP][PASSED] - if (i == 3 &amp;&amp; wildList.indexOf(symbol) != -1): null

2019-08-10 23:48:58 - [TEST_STEP][PASSED] - if (i == 4 &amp;&amp; wildList.indexOf(symbol) != -1): null

2019-08-10 23:48:58 - [TEST_STEP][PASSED] - symbols = symbols: null

2019-08-10 23:48:58 - [TEST_STEP][PASSED] - for ([j = 0, j &lt; symbols.size(), (j++)]): null

2019-08-10 23:48:58 - [TEST_STEP][PASSED] - symbol = symbol: null

2019-08-10 23:48:58 - [TEST_STEP][PASSED] - println(symbol): null

2019-08-10 23:48:58 - [TEST_STEP][PASSED] - if (i == 2 &amp;&amp; wildList.indexOf(symbol) != -1): null

2019-08-10 23:48:58 - [TEST_STEP][PASSED] - if (i == 3 &amp;&amp; wildList.indexOf(symbol) != -1): null

2019-08-10 23:48:58 - [TEST_STEP][PASSED] - if (i == 4 &amp;&amp; wildList.indexOf(symbol) != -1): null

2019-08-10 23:48:58 - [TEST_STEP][PASSED] - symbol = symbol: null

2019-08-10 23:48:58 - [TEST_STEP][PASSED] - println(symbol): null

2019-08-10 23:48:58 - [TEST_STEP][PASSED] - if (i == 2 &amp;&amp; wildList.indexOf(symbol) != -1): null

2019-08-10 23:48:58 - [TEST_STEP][PASSED] - if (i == 3 &amp;&amp; wildList.indexOf(symbol) != -1): null

2019-08-10 23:48:58 - [TEST_STEP][PASSED] - if (i == 4 &amp;&amp; wildList.indexOf(symbol) != -1): null

2019-08-10 23:48:58 - [TEST_STEP][PASSED] - symbol = symbol: null

2019-08-10 23:48:58 - [TEST_STEP][PASSED] - println(symbol): null

2019-08-10 23:48:58 - [TEST_STEP][PASSED] - if (i == 2 &amp;&amp; wildList.indexOf(symbol) != -1): null

2019-08-10 23:48:58 - [TEST_STEP][PASSED] - if (i == 3 &amp;&amp; wildList.indexOf(symbol) != -1): null

2019-08-10 23:48:58 - [TEST_STEP][PASSED] - if (i == 4 &amp;&amp; wildList.indexOf(symbol) != -1): null

2019-08-10 23:48:58 - [TEST_STEP][PASSED] - symbols = symbols: null

2019-08-10 23:48:58 - [TEST_STEP][PASSED] - for ([j = 0, j &lt; symbols.size(), (j++)]): null

2019-08-10 23:48:58 - [TEST_STEP][PASSED] - symbol = symbol: null

2019-08-10 23:48:58 - [TEST_STEP][PASSED] - println(symbol): null

2019-08-10 23:48:58 - [TEST_STEP][PASSED] - if (i == 2 &amp;&amp; wildList.indexOf(symbol) != -1): null

2019-08-10 23:48:58 - [TEST_STEP][PASSED] - if (i == 3 &amp;&amp; wildList.indexOf(symbol) != -1): null

2019-08-10 23:48:58 - [TEST_STEP][PASSED] - if (i == 4 &amp;&amp; wildList.indexOf(symbol) != -1): null

2019-08-10 23:48:58 - [TEST_STEP][PASSED] - symbol = symbol: null

2019-08-10 23:48:58 - [TEST_STEP][PASSED] - println(symbol): null

2019-08-10 23:48:58 - [TEST_STEP][PASSED] - if (i == 2 &amp;&amp; wildList.indexOf(symbol) != -1): null

2019-08-10 23:48:58 - [TEST_STEP][PASSED] - println("wild found on reel 3, adding counter by 1"): null

2019-08-10 23:48:58 - [TEST_STEP][PASSED] - free_spin_reel_counter[0] = free_spin_reel_counter[0] + 1: null

2019-08-10 23:48:58 - [TEST_STEP][PASSED] - if (i == 3 &amp;&amp; wildList.indexOf(symbol) != -1): null

2019-08-10 23:48:58 - [TEST_STEP][PASSED] - if (i == 4 &amp;&amp; wildList.indexOf(symbol) != -1): null

2019-08-10 23:48:58 - [TEST_STEP][PASSED] - symbol = symbol: null

2019-08-10 23:48:58 - [TEST_STEP][PASSED] - println(symbol): null

2019-08-10 23:48:58 - [TEST_STEP][PASSED] - if (i == 2 &amp;&amp; wildList.indexOf(symbol) != -1): null

2019-08-10 23:48:58 - [TEST_STEP][PASSED] - if (i == 3 &amp;&amp; wildList.indexOf(symbol) != -1): null

2019-08-10 23:48:58 - [TEST_STEP][PASSED] - if (i == 4 &amp;&amp; wildList.indexOf(symbol) != -1): null

2019-08-10 23:48:58 - [TEST_STEP][PASSED] - symbols = symbols: null

2019-08-10 23:48:58 - [TEST_STEP][PASSED] - for ([j = 0, j &lt; symbols.size(), (j++)]): null

2019-08-10 23:48:58 - [TEST_STEP][PASSED] - symbol = symbol: null

2019-08-10 23:48:58 - [TEST_STEP][PASSED] - println(symbol): null

2019-08-10 23:48:58 - [TEST_STEP][PASSED] - if (i == 2 &amp;&amp; wildList.indexOf(symbol) != -1): null

2019-08-10 23:48:58 - [TEST_STEP][PASSED] - if (i == 3 &amp;&amp; wildList.indexOf(symbol) != -1): null

2019-08-10 23:48:58 - [TEST_STEP][PASSED] - if (i == 4 &amp;&amp; wildList.indexOf(symbol) != -1): null

2019-08-10 23:48:58 - [TEST_STEP][PASSED] - symbol = symbol: null

2019-08-10 23:48:58 - [TEST_STEP][PASSED] - println(symbol): null

2019-08-10 23:48:58 - [TEST_STEP][PASSED] - if (i == 2 &amp;&amp; wildList.indexOf(symbol) != -1): null

2019-08-10 23:48:58 - [TEST_STEP][PASSED] - if (i == 3 &amp;&amp; wildList.indexOf(symbol) != -1): null

2019-08-10 23:48:58 - [TEST_STEP][PASSED] - if (i == 4 &amp;&amp; wildList.indexOf(symbol) != -1): null

2019-08-10 23:48:58 - [TEST_STEP][PASSED] - symbol = symbol: null

2019-08-10 23:48:58 - [TEST_STEP][PASSED] - println(symbol): null

2019-08-10 23:48:58 - [TEST_STEP][PASSED] - if (i == 2 &amp;&amp; wildList.indexOf(symbol) != -1): null

2019-08-10 23:48:58 - [TEST_STEP][PASSED] - if (i == 3 &amp;&amp; wildList.indexOf(symbol) != -1): null

2019-08-10 23:48:58 - [TEST_STEP][PASSED] - if (i == 4 &amp;&amp; wildList.indexOf(symbol) != -1): null

2019-08-10 23:48:58 - [TEST_STEP][PASSED] - symbols = symbols: null

2019-08-10 23:48:58 - [TEST_STEP][PASSED] - for ([j = 0, j &lt; symbols.size(), (j++)]): null

2019-08-10 23:48:58 - [TEST_STEP][PASSED] - symbol = symbol: null

2019-08-10 23:48:58 - [TEST_STEP][PASSED] - println(symbol): null

2019-08-10 23:48:58 - [TEST_STEP][PASSED] - if (i == 2 &amp;&amp; wildList.indexOf(symbol) != -1): null

2019-08-10 23:48:58 - [TEST_STEP][PASSED] - if (i == 3 &amp;&amp; wildList.indexOf(symbol) != -1): null

2019-08-10 23:48:58 - [TEST_STEP][PASSED] - if (i == 4 &amp;&amp; wildList.indexOf(symbol) != -1): null

2019-08-10 23:48:58 - [TEST_STEP][PASSED] - symbol = symbol: null

2019-08-10 23:48:58 - [TEST_STEP][PASSED] - println(symbol): null

2019-08-10 23:48:58 - [TEST_STEP][PASSED] - if (i == 2 &amp;&amp; wildList.indexOf(symbol) != -1): null

2019-08-10 23:48:58 - [TEST_STEP][PASSED] - if (i == 3 &amp;&amp; wildList.indexOf(symbol) != -1): null

2019-08-10 23:48:58 - [TEST_STEP][PASSED] - if (i == 4 &amp;&amp; wildList.indexOf(symbol) != -1): null

2019-08-10 23:48:58 - [TEST_STEP][PASSED] - symbol = symbol: null

2019-08-10 23:48:58 - [TEST_STEP][PASSED] - println(symbol): null

2019-08-10 23:48:58 - [TEST_STEP][PASSED] - if (i == 2 &amp;&amp; wildList.indexOf(symbol) != -1): null

2019-08-10 23:48:58 - [TEST_STEP][PASSED] - if (i == 3 &amp;&amp; wildList.indexOf(symbol) != -1): null

2019-08-10 23:48:58 - [TEST_STEP][PASSED] - if (i == 4 &amp;&amp; wildList.indexOf(symbol) != -1): null

2019-08-10 23:48:58 - [TEST_STEP][PASSED] - free_spin_reel_counter = free_spin_reel_counter: null

2019-08-10 23:48:58 - [TEST_STEP][PASSED] - println("reel 3 wild found: " + free_spin_reel_counter[0]): null

2019-08-10 23:48:58 - [TEST_STEP][PASSED] - println("reel 4 wild found: " + free_spin_reel_counter[1]): null

2019-08-10 23:48:58 - [TEST_STEP][PASSED] - println("reel 5 wild found: " + free_spin_reel_counter[2]): null

2019-08-10 23:48:58 - [TEST_STEP][PASSED] - M4_spin_reels = M4_spin_reels: null

2019-08-10 23:48:58 - [TEST_STEP][PASSED] - M4_spin_reels_symbols = symbol: null

2019-08-10 23:48:58 - [TEST_STEP][PASSED] - M4_spin_reels_symbols = M4_spin_reels_symbols: null

2019-08-10 23:48:58 - [TEST_STEP][PASSED] - M4_spin_reel_wins = reel_wins: null

2019-08-10 23:48:58 - [TEST_STEP][PASSED] - M4_spin_reel_wins = M4_spin_reel_wins: null

2019-08-10 23:48:58 - [TEST_STEP][PASSED] - println("GlobalVariable.M4_spin_reel_wins is: " + M4_spin_reel_wins): null

2019-08-10 23:48:58 - [TEST_STEP][PASSED] - M4_spin_total_bonus_win_this_round = total_bonus_win_this_round: null

2019-08-10 23:48:58 - [TEST_STEP][PASSED] - M4_spin_total_bonus_win_this_round = M4_spin_total_bonus_win_this_round: null

2019-08-10 23:49:02 - [TEST_STEP][PASSED] - println("GlobalVariable.M4_spin_total_bonus_win_this_round is: " + M4_spin_total_bonus_win_this_round): null

2019-08-10 23:49:02 - [MESSAGE][PASSED] - Verify response successfully

2019-08-10 23:49:02 - [MESSAGE][PASSED] - Send request and verify the response successfully

2019-08-10 23:49:02 - [TEST_STEP][PASSED] - if (M4_total_bonus_spins_int != 0 &amp;&amp; M4_spin_reels_symbols[2].contains("WILD_ExtraFG") || M4_spin_reels_symbols[3].contains("WILD_ExtraFG")): null

2019-08-10 23:49:02 - [TEST_STEP][PASSED] - free_spin_reel_counter = free_spin_reel_counter: null

2019-08-10 23:49:02 - [TEST_STEP][PASSED] - M4_spin_reels_symbols = M4_spin_reels_symbols: null

2019-08-10 23:49:02 - [TEST_STEP][PASSED] - M4_total_bonus_spins = M4_total_bonus_spins: null

2019-08-10 23:49:02 - [TEST_STEP][PASSED] - spin_result = sendRequestAndVerify(findTestObject("RGS(M4)/1_M4_spin", ["M4_login_user_id":M4_login_user_id, "rgs_session_token":rgs_session_token, "partner":Partner])): Send request and verify the response successfully

2019-08-10 23:49:03 - [TEST_CASE][PASSED] - Start Test Case : Verification: Verification accomplished successfully

2019-08-10 23:49:03 - [TEST_STEP][PASSED] - request = getInstance().getCurrentRequest(): null

2019-08-10 23:49:03 - [TEST_STEP][PASSED] - response = getInstance().getCurrentResponse(): null

2019-08-10 23:49:03 - [TEST_STEP][PASSED] - verifyResponseStatusCode(response, 200): Verify response status code successfully

2019-08-10 23:49:03 - [MESSAGE][PASSED] - Verify response status code successfully

2019-08-10 23:49:03 - [TEST_STEP][PASSED] - getStatusCode()).isEqualTo(200): null

2019-08-10 23:49:03 - [TEST_STEP][PASSED] - newline = System.getProperty("line.separator"): null

2019-08-10 23:49:03 - [TEST_STEP][PASSED] - M4_spin = new groovy.json.JsonSlurper(): null

2019-08-10 23:49:03 - [TEST_STEP][PASSED] - result_M4_spin = M4_spin.parseText(response.getResponseBodyContent()): null

2019-08-10 23:49:03 - [TEST_STEP][PASSED] - M4_spin_current_balance = current_balance: null

2019-08-10 23:49:03 - [TEST_STEP][PASSED] - M4_spin_current_balance = M4_spin_current_balance: null

2019-08-10 23:49:03 - [TEST_STEP][PASSED] - M4_spin_transaction_id = causality: null

2019-08-10 23:49:03 - [TEST_STEP][PASSED] - M4_spin_transaction_id = M4_spin_transaction_id: null

2019-08-10 23:49:03 - [TEST_STEP][PASSED] - M4_spin_round_id = round_id: null

2019-08-10 23:49:03 - [TEST_STEP][PASSED] - M4_spin_round_id = M4_spin_round_id: null

2019-08-10 23:49:03 - [TEST_STEP][PASSED] - M4_spin_line_wins = line_wins: null

2019-08-10 23:49:03 - [TEST_STEP][PASSED] - M4_spin_line_wins = M4_spin_line_wins: null

2019-08-10 23:49:03 - [TEST_STEP][PASSED] - M4_total_bonus_spins_int = total_bonus_spins: null

2019-08-10 23:49:03 - [TEST_STEP][PASSED] - println("******M4_total_bonus_spins type is:*******" + newline + getClass().getName()): null

2019-08-10 23:49:03 - [TEST_STEP][PASSED] - M4_total_bonus_spins_int = M4_total_bonus_spins_int: null

2019-08-10 23:49:03 - [TEST_STEP][PASSED] - M4_total_bonus_spins = Integer.toString(M4_total_bonus_spins_int): null

2019-08-10 23:49:03 - [TEST_STEP][PASSED] - M4_total_bonus_spins = M4_total_bonus_spins: null

2019-08-10 23:49:03 - [TEST_STEP][PASSED] - println("M4_total_bonus_spins is:" + M4_total_bonus_spins): null

2019-08-10 23:49:03 - [TEST_STEP][PASSED] - M4_spin_bonus_data = bonus_data: null

2019-08-10 23:49:03 - [TEST_STEP][PASSED] - M4_spin_features_triggered = result_M4_spin: null

2019-08-10 23:49:03 - [TEST_STEP][PASSED] - wild = []: null

2019-08-10 23:49:03 - [TEST_STEP][PASSED] - wild[0] = "WILD_Expanding": null

2019-08-10 23:49:03 - [TEST_STEP][PASSED] - wild[1] = "WILD_Normal": null

2019-08-10 23:49:03 - [TEST_STEP][PASSED] - wild[2] = "WILD_Double": null

2019-08-10 23:49:03 - [TEST_STEP][PASSED] - wild[3] = "WILD_ExtraFG": null

2019-08-10 23:49:03 - [TEST_STEP][PASSED] - wild[4] = "WILD_Triple": null

2019-08-10 23:49:03 - [TEST_STEP][PASSED] - wildList = Arrays.asList(wild): null

2019-08-10 23:49:03 - [TEST_STEP][PASSED] - wildList = wildList: null

2019-08-10 23:49:03 - [TEST_STEP][PASSED] - free_spin_reel_counter = []: null

2019-08-10 23:49:03 - [TEST_STEP][PASSED] - free_spin_reel_counter[0] = 0: null

2019-08-10 23:49:03 - [TEST_STEP][PASSED] - free_spin_reel_counter[1] = 0: null

2019-08-10 23:49:03 - [TEST_STEP][PASSED] - free_spin_reel_counter[2] = 0: null

2019-08-10 23:49:03 - [TEST_STEP][PASSED] - M4_spin_reels = reels: null

2019-08-10 23:49:03 - [TEST_STEP][PASSED] - for ([i = 0, i &lt; M4_spin_reels.size(), (i++)]): null

2019-08-10 23:49:03 - [TEST_STEP][PASSED] - symbols = symbols: null

2019-08-10 23:49:03 - [TEST_STEP][PASSED] - for ([j = 0, j &lt; symbols.size(), (j++)]): null

2019-08-10 23:49:03 - [TEST_STEP][PASSED] - symbol = symbol: null

2019-08-10 23:49:03 - [TEST_STEP][PASSED] - println(symbol): null

2019-08-10 23:49:03 - [TEST_STEP][PASSED] - if (i == 2 &amp;&amp; wildList.indexOf(symbol) != -1): null

2019-08-10 23:49:03 - [TEST_STEP][PASSED] - if (i == 3 &amp;&amp; wildList.indexOf(symbol) != -1): null

2019-08-10 23:49:03 - [TEST_STEP][PASSED] - if (i == 4 &amp;&amp; wildList.indexOf(symbol) != -1): null

2019-08-10 23:49:03 - [TEST_STEP][PASSED] - symbol = symbol: null

2019-08-10 23:49:03 - [TEST_STEP][PASSED] - println(symbol): null

2019-08-10 23:49:03 - [TEST_STEP][PASSED] - if (i == 2 &amp;&amp; wildList.indexOf(symbol) != -1): null

2019-08-10 23:49:03 - [TEST_STEP][PASSED] - if (i == 3 &amp;&amp; wildList.indexOf(symbol) != -1): null

2019-08-10 23:49:03 - [TEST_STEP][PASSED] - if (i == 4 &amp;&amp; wildList.indexOf(symbol) != -1): null

2019-08-10 23:49:03 - [TEST_STEP][PASSED] - symbol = symbol: null

2019-08-10 23:49:03 - [TEST_STEP][PASSED] - println(symbol): null

2019-08-10 23:49:03 - [TEST_STEP][PASSED] - if (i == 2 &amp;&amp; wildList.indexOf(symbol) != -1): null

2019-08-10 23:49:03 - [TEST_STEP][PASSED] - if (i == 3 &amp;&amp; wildList.indexOf(symbol) != -1): null

2019-08-10 23:49:03 - [TEST_STEP][PASSED] - if (i == 4 &amp;&amp; wildList.indexOf(symbol) != -1): null

2019-08-10 23:49:03 - [TEST_STEP][PASSED] - symbols = symbols: null

2019-08-10 23:49:03 - [TEST_STEP][PASSED] - for ([j = 0, j &lt; symbols.size(), (j++)]): null

2019-08-10 23:49:03 - [TEST_STEP][PASSED] - symbol = symbol: null

2019-08-10 23:49:03 - [TEST_STEP][PASSED] - println(symbol): null

2019-08-10 23:49:03 - [TEST_STEP][PASSED] - if (i == 2 &amp;&amp; wildList.indexOf(symbol) != -1): null

2019-08-10 23:49:03 - [TEST_STEP][PASSED] - if (i == 3 &amp;&amp; wildList.indexOf(symbol) != -1): null

2019-08-10 23:49:03 - [TEST_STEP][PASSED] - if (i == 4 &amp;&amp; wildList.indexOf(symbol) != -1): null

2019-08-10 23:49:03 - [TEST_STEP][PASSED] - symbol = symbol: null

2019-08-10 23:49:03 - [TEST_STEP][PASSED] - println(symbol): null

2019-08-10 23:49:03 - [TEST_STEP][PASSED] - if (i == 2 &amp;&amp; wildList.indexOf(symbol) != -1): null

2019-08-10 23:49:03 - [TEST_STEP][PASSED] - if (i == 3 &amp;&amp; wildList.indexOf(symbol) != -1): null

2019-08-10 23:49:03 - [TEST_STEP][PASSED] - if (i == 4 &amp;&amp; wildList.indexOf(symbol) != -1): null

2019-08-10 23:49:03 - [TEST_STEP][PASSED] - symbol = symbol: null

2019-08-10 23:49:03 - [TEST_STEP][PASSED] - println(symbol): null

2019-08-10 23:49:03 - [TEST_STEP][PASSED] - if (i == 2 &amp;&amp; wildList.indexOf(symbol) != -1): null

2019-08-10 23:49:03 - [TEST_STEP][PASSED] - if (i == 3 &amp;&amp; wildList.indexOf(symbol) != -1): null

2019-08-10 23:49:03 - [TEST_STEP][PASSED] - if (i == 4 &amp;&amp; wildList.indexOf(symbol) != -1): null

2019-08-10 23:49:03 - [TEST_STEP][PASSED] - symbols = symbols: null

2019-08-10 23:49:03 - [TEST_STEP][PASSED] - for ([j = 0, j &lt; symbols.size(), (j++)]): null

2019-08-10 23:49:03 - [TEST_STEP][PASSED] - symbol = symbol: null

2019-08-10 23:49:03 - [TEST_STEP][PASSED] - println(symbol): null

2019-08-10 23:49:03 - [TEST_STEP][PASSED] - if (i == 2 &amp;&amp; wildList.indexOf(symbol) != -1): null

2019-08-10 23:49:03 - [TEST_STEP][PASSED] - if (i == 3 &amp;&amp; wildList.indexOf(symbol) != -1): null

2019-08-10 23:49:03 - [TEST_STEP][PASSED] - if (i == 4 &amp;&amp; wildList.indexOf(symbol) != -1): null

2019-08-10 23:49:03 - [TEST_STEP][PASSED] - symbol = symbol: null

2019-08-10 23:49:03 - [TEST_STEP][PASSED] - println(symbol): null

2019-08-10 23:49:03 - [TEST_STEP][PASSED] - if (i == 2 &amp;&amp; wildList.indexOf(symbol) != -1): null

2019-08-10 23:49:03 - [TEST_STEP][PASSED] - if (i == 3 &amp;&amp; wildList.indexOf(symbol) != -1): null

2019-08-10 23:49:03 - [TEST_STEP][PASSED] - if (i == 4 &amp;&amp; wildList.indexOf(symbol) != -1): null

2019-08-10 23:49:03 - [TEST_STEP][PASSED] - symbol = symbol: null

2019-08-10 23:49:03 - [TEST_STEP][PASSED] - println(symbol): null

2019-08-10 23:49:03 - [TEST_STEP][PASSED] - if (i == 2 &amp;&amp; wildList.indexOf(symbol) != -1): null

2019-08-10 23:49:03 - [TEST_STEP][PASSED] - println("wild found on reel 3, adding counter by 1"): null

2019-08-10 23:49:03 - [TEST_STEP][PASSED] - free_spin_reel_counter[0] = free_spin_reel_counter[0] + 1: null

2019-08-10 23:49:03 - [TEST_STEP][PASSED] - if (i == 3 &amp;&amp; wildList.indexOf(symbol) != -1): null

2019-08-10 23:49:03 - [TEST_STEP][PASSED] - if (i == 4 &amp;&amp; wildList.indexOf(symbol) != -1): null

2019-08-10 23:49:03 - [TEST_STEP][PASSED] - symbols = symbols: null

2019-08-10 23:49:03 - [TEST_STEP][PASSED] - for ([j = 0, j &lt; symbols.size(), (j++)]): null

2019-08-10 23:49:03 - [TEST_STEP][PASSED] - symbol = symbol: null

2019-08-10 23:49:03 - [TEST_STEP][PASSED] - println(symbol): null

2019-08-10 23:49:03 - [TEST_STEP][PASSED] - if (i == 2 &amp;&amp; wildList.indexOf(symbol) != -1): null

2019-08-10 23:49:03 - [TEST_STEP][PASSED] - if (i == 3 &amp;&amp; wildList.indexOf(symbol) != -1): null

2019-08-10 23:49:03 - [TEST_STEP][PASSED] - if (i == 4 &amp;&amp; wildList.indexOf(symbol) != -1): null

2019-08-10 23:49:03 - [TEST_STEP][PASSED] - symbol = symbol: null

2019-08-10 23:49:03 - [TEST_STEP][PASSED] - println(symbol): null

2019-08-10 23:49:03 - [TEST_STEP][PASSED] - if (i == 2 &amp;&amp; wildList.indexOf(symbol) != -1): null

2019-08-10 23:49:03 - [TEST_STEP][PASSED] - if (i == 3 &amp;&amp; wildList.indexOf(symbol) != -1): null

2019-08-10 23:49:03 - [TEST_STEP][PASSED] - if (i == 4 &amp;&amp; wildList.indexOf(symbol) != -1): null

2019-08-10 23:49:03 - [TEST_STEP][PASSED] - symbol = symbol: null

2019-08-10 23:49:03 - [TEST_STEP][PASSED] - println(symbol): null

2019-08-10 23:49:03 - [TEST_STEP][PASSED] - if (i == 2 &amp;&amp; wildList.indexOf(symbol) != -1): null

2019-08-10 23:49:03 - [TEST_STEP][PASSED] - if (i == 3 &amp;&amp; wildList.indexOf(symbol) != -1): null

2019-08-10 23:49:03 - [TEST_STEP][PASSED] - if (i == 4 &amp;&amp; wildList.indexOf(symbol) != -1): null

2019-08-10 23:49:03 - [TEST_STEP][PASSED] - symbols = symbols: null

2019-08-10 23:49:03 - [TEST_STEP][PASSED] - for ([j = 0, j &lt; symbols.size(), (j++)]): null

2019-08-10 23:49:03 - [TEST_STEP][PASSED] - symbol = symbol: null

2019-08-10 23:49:03 - [TEST_STEP][PASSED] - println(symbol): null

2019-08-10 23:49:03 - [TEST_STEP][PASSED] - if (i == 2 &amp;&amp; wildList.indexOf(symbol) != -1): null

2019-08-10 23:49:03 - [TEST_STEP][PASSED] - if (i == 3 &amp;&amp; wildList.indexOf(symbol) != -1): null

2019-08-10 23:49:03 - [TEST_STEP][PASSED] - if (i == 4 &amp;&amp; wildList.indexOf(symbol) != -1): null

2019-08-10 23:49:03 - [TEST_STEP][PASSED] - symbol = symbol: null

2019-08-10 23:49:03 - [TEST_STEP][PASSED] - println(symbol): null

2019-08-10 23:49:03 - [TEST_STEP][PASSED] - if (i == 2 &amp;&amp; wildList.indexOf(symbol) != -1): null

2019-08-10 23:49:03 - [TEST_STEP][PASSED] - if (i == 3 &amp;&amp; wildList.indexOf(symbol) != -1): null

2019-08-10 23:49:03 - [TEST_STEP][PASSED] - if (i == 4 &amp;&amp; wildList.indexOf(symbol) != -1): null

2019-08-10 23:49:03 - [TEST_STEP][PASSED] - symbol = symbol: null

2019-08-10 23:49:03 - [TEST_STEP][PASSED] - println(symbol): null

2019-08-10 23:49:03 - [TEST_STEP][PASSED] - if (i == 2 &amp;&amp; wildList.indexOf(symbol) != -1): null

2019-08-10 23:49:03 - [TEST_STEP][PASSED] - if (i == 3 &amp;&amp; wildList.indexOf(symbol) != -1): null

2019-08-10 23:49:03 - [TEST_STEP][PASSED] - if (i == 4 &amp;&amp; wildList.indexOf(symbol) != -1): null

2019-08-10 23:49:03 - [TEST_STEP][PASSED] - free_spin_reel_counter = free_spin_reel_counter: null

2019-08-10 23:49:03 - [TEST_STEP][PASSED] - println("reel 3 wild found: " + free_spin_reel_counter[0]): null

2019-08-10 23:49:03 - [TEST_STEP][PASSED] - println("reel 4 wild found: " + free_spin_reel_counter[1]): null

2019-08-10 23:49:03 - [TEST_STEP][PASSED] - println("reel 5 wild found: " + free_spin_reel_counter[2]): null

2019-08-10 23:49:03 - [TEST_STEP][PASSED] - M4_spin_reels = M4_spin_reels: null

2019-08-10 23:49:03 - [TEST_STEP][PASSED] - M4_spin_reels_symbols = symbol: null

2019-08-10 23:49:03 - [TEST_STEP][PASSED] - M4_spin_reels_symbols = M4_spin_reels_symbols: null

2019-08-10 23:49:03 - [TEST_STEP][PASSED] - M4_spin_reel_wins = reel_wins: null

2019-08-10 23:49:03 - [TEST_STEP][PASSED] - M4_spin_reel_wins = M4_spin_reel_wins: null

2019-08-10 23:49:03 - [TEST_STEP][PASSED] - println("GlobalVariable.M4_spin_reel_wins is: " + M4_spin_reel_wins): null

2019-08-10 23:49:03 - [TEST_STEP][PASSED] - M4_spin_total_bonus_win_this_round = total_bonus_win_this_round: null

2019-08-10 23:49:03 - [TEST_STEP][PASSED] - M4_spin_total_bonus_win_this_round = M4_spin_total_bonus_win_this_round: null

2019-08-10 23:49:03 - [TEST_STEP][PASSED] - println("GlobalVariable.M4_spin_total_bonus_win_this_round is: " + M4_spin_total_bonus_win_this_round): null

2019-08-10 23:49:03 - [MESSAGE][PASSED] - Verify response successfully

2019-08-10 23:49:03 - [MESSAGE][PASSED] - Send request and verify the response successfully

2019-08-10 23:49:03 - [TEST_STEP][PASSED] - if (M4_total_bonus_spins_int != 0 &amp;&amp; M4_spin_reels_symbols[2].contains("WILD_ExtraFG") || M4_spin_reels_symbols[3].contains("WILD_ExtraFG")): null

2019-08-10 23:49:03 - [TEST_STEP][PASSED] - free_spin_reel_counter = free_spin_reel_counter: null

2019-08-10 23:49:03 - [TEST_STEP][PASSED] - M4_spin_reels_symbols = M4_spin_reels_symbols: null

2019-08-10 23:49:03 - [TEST_STEP][PASSED] - M4_total_bonus_spins = M4_total_bonus_spins: null

2019-08-10 23:49:03 - [TEST_STEP][PASSED] - spin_result = sendRequestAndVerify(findTestObject("RGS(M4)/1_M4_spin", ["M4_login_user_id":M4_login_user_id, "rgs_session_token":rgs_session_token, "partner":Partner])): Send request and verify the response successfully

2019-08-10 23:49:04 - [TEST_CASE][PASSED] - Start Test Case : Verification: Verification accomplished successfully

2019-08-10 23:49:04 - [TEST_STEP][PASSED] - request = getInstance().getCurrentRequest(): null

2019-08-10 23:49:04 - [TEST_STEP][PASSED] - response = getInstance().getCurrentResponse(): null

2019-08-10 23:49:04 - [TEST_STEP][PASSED] - verifyResponseStatusCode(response, 200): Verify response status code successfully

2019-08-10 23:49:04 - [MESSAGE][PASSED] - Verify response status code successfully

2019-08-10 23:49:04 - [TEST_STEP][PASSED] - getStatusCode()).isEqualTo(200): null

2019-08-10 23:49:04 - [TEST_STEP][PASSED] - newline = System.getProperty("line.separator"): null

2019-08-10 23:49:04 - [TEST_STEP][PASSED] - M4_spin = new groovy.json.JsonSlurper(): null

2019-08-10 23:49:04 - [TEST_STEP][PASSED] - result_M4_spin = M4_spin.parseText(response.getResponseBodyContent()): null

2019-08-10 23:49:04 - [TEST_STEP][PASSED] - M4_spin_current_balance = current_balance: null

2019-08-10 23:49:04 - [TEST_STEP][PASSED] - M4_spin_current_balance = M4_spin_current_balance: null

2019-08-10 23:49:04 - [TEST_STEP][PASSED] - M4_spin_transaction_id = causality: null

2019-08-10 23:49:04 - [TEST_STEP][PASSED] - M4_spin_transaction_id = M4_spin_transaction_id: null

2019-08-10 23:49:04 - [TEST_STEP][PASSED] - M4_spin_round_id = round_id: null

2019-08-10 23:49:04 - [TEST_STEP][PASSED] - M4_spin_round_id = M4_spin_round_id: null

2019-08-10 23:49:04 - [TEST_STEP][PASSED] - M4_spin_line_wins = line_wins: null

2019-08-10 23:49:04 - [TEST_STEP][PASSED] - M4_spin_line_wins = M4_spin_line_wins: null

2019-08-10 23:49:04 - [TEST_STEP][PASSED] - M4_total_bonus_spins_int = total_bonus_spins: null

2019-08-10 23:49:04 - [TEST_STEP][PASSED] - println("******M4_total_bonus_spins type is:*******" + newline + getClass().getName()): null

2019-08-10 23:49:04 - [TEST_STEP][PASSED] - M4_total_bonus_spins_int = M4_total_bonus_spins_int: null

2019-08-10 23:49:04 - [TEST_STEP][PASSED] - M4_total_bonus_spins = Integer.toString(M4_total_bonus_spins_int): null

2019-08-10 23:49:04 - [TEST_STEP][PASSED] - M4_total_bonus_spins = M4_total_bonus_spins: null

2019-08-10 23:49:04 - [TEST_STEP][PASSED] - println("M4_total_bonus_spins is:" + M4_total_bonus_spins): null

2019-08-10 23:49:04 - [TEST_STEP][PASSED] - M4_spin_bonus_data = bonus_data: null

2019-08-10 23:49:04 - [TEST_STEP][PASSED] - M4_spin_features_triggered = result_M4_spin: null

2019-08-10 23:49:04 - [TEST_STEP][PASSED] - wild = []: null

2019-08-10 23:49:04 - [TEST_STEP][PASSED] - wild[0] = "WILD_Expanding": null

2019-08-10 23:49:04 - [TEST_STEP][PASSED] - wild[1] = "WILD_Normal": null

2019-08-10 23:49:04 - [TEST_STEP][PASSED] - wild[2] = "WILD_Double": null

2019-08-10 23:49:04 - [TEST_STEP][PASSED] - wild[3] = "WILD_ExtraFG": null

2019-08-10 23:49:04 - [TEST_STEP][PASSED] - wild[4] = "WILD_Triple": null

2019-08-10 23:49:04 - [TEST_STEP][PASSED] - wildList = Arrays.asList(wild): null

2019-08-10 23:49:04 - [TEST_STEP][PASSED] - wildList = wildList: null

2019-08-10 23:49:04 - [TEST_STEP][PASSED] - free_spin_reel_counter = []: null

2019-08-10 23:49:04 - [TEST_STEP][PASSED] - free_spin_reel_counter[0] = 0: null

2019-08-10 23:49:04 - [TEST_STEP][PASSED] - free_spin_reel_counter[1] = 0: null

2019-08-10 23:49:04 - [TEST_STEP][PASSED] - free_spin_reel_counter[2] = 0: null

2019-08-10 23:49:04 - [TEST_STEP][PASSED] - M4_spin_reels = reels: null

2019-08-10 23:49:04 - [TEST_STEP][PASSED] - for ([i = 0, i &lt; M4_spin_reels.size(), (i++)]): null

2019-08-10 23:49:04 - [TEST_STEP][PASSED] - symbols = symbols: null

2019-08-10 23:49:04 - [TEST_STEP][PASSED] - for ([j = 0, j &lt; symbols.size(), (j++)]): null

2019-08-10 23:49:04 - [TEST_STEP][PASSED] - symbol = symbol: null

2019-08-10 23:49:04 - [TEST_STEP][PASSED] - println(symbol): null

2019-08-10 23:49:04 - [TEST_STEP][PASSED] - if (i == 2 &amp;&amp; wildList.indexOf(symbol) != -1): null

2019-08-10 23:49:04 - [TEST_STEP][PASSED] - if (i == 3 &amp;&amp; wildList.indexOf(symbol) != -1): null

2019-08-10 23:49:04 - [TEST_STEP][PASSED] - if (i == 4 &amp;&amp; wildList.indexOf(symbol) != -1): null

2019-08-10 23:49:04 - [TEST_STEP][PASSED] - symbol = symbol: null

2019-08-10 23:49:04 - [TEST_STEP][PASSED] - println(symbol): null

2019-08-10 23:49:04 - [TEST_STEP][PASSED] - if (i == 2 &amp;&amp; wildList.indexOf(symbol) != -1): null

2019-08-10 23:49:04 - [TEST_STEP][PASSED] - if (i == 3 &amp;&amp; wildList.indexOf(symbol) != -1): null

2019-08-10 23:49:04 - [TEST_STEP][PASSED] - if (i == 4 &amp;&amp; wildList.indexOf(symbol) != -1): null

2019-08-10 23:49:04 - [TEST_STEP][PASSED] - symbol = symbol: null

2019-08-10 23:49:04 - [TEST_STEP][PASSED] - println(symbol): null

2019-08-10 23:49:04 - [TEST_STEP][PASSED] - if (i == 2 &amp;&amp; wildList.indexOf(symbol) != -1): null

2019-08-10 23:49:04 - [TEST_STEP][PASSED] - if (i == 3 &amp;&amp; wildList.indexOf(symbol) != -1): null

2019-08-10 23:49:04 - [TEST_STEP][PASSED] - if (i == 4 &amp;&amp; wildList.indexOf(symbol) != -1): null

2019-08-10 23:49:04 - [TEST_STEP][PASSED] - symbols = symbols: null

2019-08-10 23:49:04 - [TEST_STEP][PASSED] - for ([j = 0, j &lt; symbols.size(), (j++)]): null

2019-08-10 23:49:04 - [TEST_STEP][PASSED] - symbol = symbol: null

2019-08-10 23:49:04 - [TEST_STEP][PASSED] - println(symbol): null

2019-08-10 23:49:04 - [TEST_STEP][PASSED] - if (i == 2 &amp;&amp; wildList.indexOf(symbol) != -1): null

2019-08-10 23:49:04 - [TEST_STEP][PASSED] - if (i == 3 &amp;&amp; wildList.indexOf(symbol) != -1): null

2019-08-10 23:49:04 - [TEST_STEP][PASSED] - if (i == 4 &amp;&amp; wildList.indexOf(symbol) != -1): null

2019-08-10 23:49:04 - [TEST_STEP][PASSED] - symbol = symbol: null

2019-08-10 23:49:04 - [TEST_STEP][PASSED] - println(symbol): null

2019-08-10 23:49:04 - [TEST_STEP][PASSED] - if (i == 2 &amp;&amp; wildList.indexOf(symbol) != -1): null

2019-08-10 23:49:04 - [TEST_STEP][PASSED] - if (i == 3 &amp;&amp; wildList.indexOf(symbol) != -1): null

2019-08-10 23:49:04 - [TEST_STEP][PASSED] - if (i == 4 &amp;&amp; wildList.indexOf(symbol) != -1): null

2019-08-10 23:49:04 - [TEST_STEP][PASSED] - symbol = symbol: null

2019-08-10 23:49:04 - [TEST_STEP][PASSED] - println(symbol): null

2019-08-10 23:49:04 - [TEST_STEP][PASSED] - if (i == 2 &amp;&amp; wildList.indexOf(symbol) != -1): null

2019-08-10 23:49:04 - [TEST_STEP][PASSED] - if (i == 3 &amp;&amp; wildList.indexOf(symbol) != -1): null

2019-08-10 23:49:04 - [TEST_STEP][PASSED] - if (i == 4 &amp;&amp; wildList.indexOf(symbol) != -1): null

2019-08-10 23:49:04 - [TEST_STEP][PASSED] - symbols = symbols: null

2019-08-10 23:49:04 - [TEST_STEP][PASSED] - for ([j = 0, j &lt; symbols.size(), (j++)]): null

2019-08-10 23:49:04 - [TEST_STEP][PASSED] - symbol = symbol: null

2019-08-10 23:49:04 - [TEST_STEP][PASSED] - println(symbol): null

2019-08-10 23:49:04 - [TEST_STEP][PASSED] - if (i == 2 &amp;&amp; wildList.indexOf(symbol) != -1): null

2019-08-10 23:49:04 - [TEST_STEP][PASSED] - if (i == 3 &amp;&amp; wildList.indexOf(symbol) != -1): null

2019-08-10 23:49:04 - [TEST_STEP][PASSED] - if (i == 4 &amp;&amp; wildList.indexOf(symbol) != -1): null

2019-08-10 23:49:04 - [TEST_STEP][PASSED] - symbol = symbol: null

2019-08-10 23:49:04 - [TEST_STEP][PASSED] - println(symbol): null

2019-08-10 23:49:04 - [TEST_STEP][PASSED] - if (i == 2 &amp;&amp; wildList.indexOf(symbol) != -1): null

2019-08-10 23:49:04 - [TEST_STEP][PASSED] - if (i == 3 &amp;&amp; wildList.indexOf(symbol) != -1): null

2019-08-10 23:49:04 - [TEST_STEP][PASSED] - if (i == 4 &amp;&amp; wildList.indexOf(symbol) != -1): null

2019-08-10 23:49:04 - [TEST_STEP][PASSED] - symbol = symbol: null

2019-08-10 23:49:04 - [TEST_STEP][PASSED] - println(symbol): null

2019-08-10 23:49:04 - [TEST_STEP][PASSED] - if (i == 2 &amp;&amp; wildList.indexOf(symbol) != -1): null

2019-08-10 23:49:04 - [TEST_STEP][PASSED] - if (i == 3 &amp;&amp; wildList.indexOf(symbol) != -1): null

2019-08-10 23:49:04 - [TEST_STEP][PASSED] - if (i == 4 &amp;&amp; wildList.indexOf(symbol) != -1): null

2019-08-10 23:49:04 - [TEST_STEP][PASSED] - symbols = symbols: null

2019-08-10 23:49:04 - [TEST_STEP][PASSED] - for ([j = 0, j &lt; symbols.size(), (j++)]): null

2019-08-10 23:49:04 - [TEST_STEP][PASSED] - symbol = symbol: null

2019-08-10 23:49:04 - [TEST_STEP][PASSED] - println(symbol): null

2019-08-10 23:49:04 - [TEST_STEP][PASSED] - if (i == 2 &amp;&amp; wildList.indexOf(symbol) != -1): null

2019-08-10 23:49:04 - [TEST_STEP][PASSED] - if (i == 3 &amp;&amp; wildList.indexOf(symbol) != -1): null

2019-08-10 23:49:04 - [TEST_STEP][PASSED] - if (i == 4 &amp;&amp; wildList.indexOf(symbol) != -1): null

2019-08-10 23:49:04 - [TEST_STEP][PASSED] - symbol = symbol: null

2019-08-10 23:49:04 - [TEST_STEP][PASSED] - println(symbol): null

2019-08-10 23:49:04 - [TEST_STEP][PASSED] - if (i == 2 &amp;&amp; wildList.indexOf(symbol) != -1): null

2019-08-10 23:49:04 - [TEST_STEP][PASSED] - if (i == 3 &amp;&amp; wildList.indexOf(symbol) != -1): null

2019-08-10 23:49:04 - [TEST_STEP][PASSED] - if (i == 4 &amp;&amp; wildList.indexOf(symbol) != -1): null

2019-08-10 23:49:04 - [TEST_STEP][PASSED] - symbol = symbol: null

2019-08-10 23:49:04 - [TEST_STEP][PASSED] - println(symbol): null

2019-08-10 23:49:04 - [TEST_STEP][PASSED] - if (i == 2 &amp;&amp; wildList.indexOf(symbol) != -1): null

2019-08-10 23:49:04 - [TEST_STEP][PASSED] - if (i == 3 &amp;&amp; wildList.indexOf(symbol) != -1): null

2019-08-10 23:49:04 - [TEST_STEP][PASSED] - if (i == 4 &amp;&amp; wildList.indexOf(symbol) != -1): null

2019-08-10 23:49:04 - [TEST_STEP][PASSED] - symbols = symbols: null

2019-08-10 23:49:04 - [TEST_STEP][PASSED] - for ([j = 0, j &lt; symbols.size(), (j++)]): null

2019-08-10 23:49:04 - [TEST_STEP][PASSED] - symbol = symbol: null

2019-08-10 23:49:04 - [TEST_STEP][PASSED] - println(symbol): null

2019-08-10 23:49:04 - [TEST_STEP][PASSED] - if (i == 2 &amp;&amp; wildList.indexOf(symbol) != -1): null

2019-08-10 23:49:04 - [TEST_STEP][PASSED] - if (i == 3 &amp;&amp; wildList.indexOf(symbol) != -1): null

2019-08-10 23:49:04 - [TEST_STEP][PASSED] - if (i == 4 &amp;&amp; wildList.indexOf(symbol) != -1): null

2019-08-10 23:49:04 - [TEST_STEP][PASSED] - symbol = symbol: null

2019-08-10 23:49:04 - [TEST_STEP][PASSED] - println(symbol): null

2019-08-10 23:49:04 - [TEST_STEP][PASSED] - if (i == 2 &amp;&amp; wildList.indexOf(symbol) != -1): null

2019-08-10 23:49:04 - [TEST_STEP][PASSED] - if (i == 3 &amp;&amp; wildList.indexOf(symbol) != -1): null

2019-08-10 23:49:04 - [TEST_STEP][PASSED] - if (i == 4 &amp;&amp; wildList.indexOf(symbol) != -1): null

2019-08-10 23:49:04 - [TEST_STEP][PASSED] - symbol = symbol: null

2019-08-10 23:49:04 - [TEST_STEP][PASSED] - println(symbol): null

2019-08-10 23:49:04 - [TEST_STEP][PASSED] - if (i == 2 &amp;&amp; wildList.indexOf(symbol) != -1): null

2019-08-10 23:49:04 - [TEST_STEP][PASSED] - if (i == 3 &amp;&amp; wildList.indexOf(symbol) != -1): null

2019-08-10 23:49:04 - [TEST_STEP][PASSED] - if (i == 4 &amp;&amp; wildList.indexOf(symbol) != -1): null

2019-08-10 23:49:04 - [TEST_STEP][PASSED] - free_spin_reel_counter = free_spin_reel_counter: null

2019-08-10 23:49:04 - [TEST_STEP][PASSED] - println("reel 3 wild found: " + free_spin_reel_counter[0]): null

2019-08-10 23:49:04 - [TEST_STEP][PASSED] - println("reel 4 wild found: " + free_spin_reel_counter[1]): null

2019-08-10 23:49:04 - [TEST_STEP][PASSED] - println("reel 5 wild found: " + free_spin_reel_counter[2]): null

2019-08-10 23:49:04 - [TEST_STEP][PASSED] - M4_spin_reels = M4_spin_reels: null

2019-08-10 23:49:04 - [TEST_STEP][PASSED] - M4_spin_reels_symbols = symbol: null

2019-08-10 23:49:04 - [TEST_STEP][PASSED] - M4_spin_reels_symbols = M4_spin_reels_symbols: null

2019-08-10 23:49:04 - [TEST_STEP][PASSED] - M4_spin_reel_wins = reel_wins: null

2019-08-10 23:49:04 - [TEST_STEP][PASSED] - M4_spin_reel_wins = M4_spin_reel_wins: null

2019-08-10 23:49:04 - [TEST_STEP][PASSED] - println("GlobalVariable.M4_spin_reel_wins is: " + M4_spin_reel_wins): null

2019-08-10 23:49:04 - [TEST_STEP][PASSED] - M4_spin_total_bonus_win_this_round = total_bonus_win_this_round: null

2019-08-10 23:49:04 - [TEST_STEP][PASSED] - M4_spin_total_bonus_win_this_round = M4_spin_total_bonus_win_this_round: null

2019-08-10 23:49:04 - [TEST_STEP][PASSED] - println("GlobalVariable.M4_spin_total_bonus_win_this_round is: " + M4_spin_total_bonus_win_this_round): null

2019-08-10 23:49:04 - [MESSAGE][PASSED] - Verify response successfully

2019-08-10 23:49:04 - [MESSAGE][PASSED] - Send request and verify the response successfully

2019-08-10 23:49:04 - [TEST_STEP][PASSED] - if (M4_total_bonus_spins_int != 0 &amp;&amp; M4_spin_reels_symbols[2].contains("WILD_ExtraFG") || M4_spin_reels_symbols[3].contains("WILD_ExtraFG")): null

2019-08-10 23:49:04 - [TEST_STEP][PASSED] - free_spin_reel_counter = free_spin_reel_counter: null

2019-08-10 23:49:04 - [TEST_STEP][PASSED] - M4_spin_reels_symbols = M4_spin_reels_symbols: null

2019-08-10 23:49:04 - [TEST_STEP][PASSED] - M4_total_bonus_spins = M4_total_bonus_spins: null

2019-08-10 23:49:04 - [TEST_STEP][PASSED] - spin_result = sendRequestAndVerify(findTestObject("RGS(M4)/1_M4_spin", ["M4_login_user_id":M4_login_user_id, "rgs_session_token":rgs_session_token, "partner":Partner])): Send request and verify the response successfully

2019-08-10 23:49:04 - [TEST_CASE][PASSED] - Start Test Case : Verification: Verification accomplished successfully

2019-08-10 23:49:04 - [TEST_STEP][PASSED] - request = getInstance().getCurrentRequest(): null

2019-08-10 23:49:04 - [TEST_STEP][PASSED] - response = getInstance().getCurrentResponse(): null

2019-08-10 23:49:04 - [TEST_STEP][PASSED] - verifyResponseStatusCode(response, 200): Verify response status code successfully

2019-08-10 23:49:04 - [MESSAGE][PASSED] - Verify response status code successfully

2019-08-10 23:49:04 - [TEST_STEP][PASSED] - getStatusCode()).isEqualTo(200): null

2019-08-10 23:49:04 - [TEST_STEP][PASSED] - newline = System.getProperty("line.separator"): null

2019-08-10 23:49:04 - [TEST_STEP][PASSED] - M4_spin = new groovy.json.JsonSlurper(): null

2019-08-10 23:49:04 - [TEST_STEP][PASSED] - result_M4_spin = M4_spin.parseText(response.getResponseBodyContent()): null

2019-08-10 23:49:04 - [TEST_STEP][PASSED] - M4_spin_current_balance = current_balance: null

2019-08-10 23:49:04 - [TEST_STEP][PASSED] - M4_spin_current_balance = M4_spin_current_balance: null

2019-08-10 23:49:04 - [TEST_STEP][PASSED] - M4_spin_transaction_id = causality: null

2019-08-10 23:49:04 - [TEST_STEP][PASSED] - M4_spin_transaction_id = M4_spin_transaction_id: null

2019-08-10 23:49:04 - [TEST_STEP][PASSED] - M4_spin_round_id = round_id: null

2019-08-10 23:49:04 - [TEST_STEP][PASSED] - M4_spin_round_id = M4_spin_round_id: null

2019-08-10 23:49:04 - [TEST_STEP][PASSED] - M4_spin_line_wins = line_wins: null

2019-08-10 23:49:04 - [TEST_STEP][PASSED] - M4_spin_line_wins = M4_spin_line_wins: null

2019-08-10 23:49:04 - [TEST_STEP][PASSED] - M4_total_bonus_spins_int = total_bonus_spins: null

2019-08-10 23:49:04 - [TEST_STEP][PASSED] - println("******M4_total_bonus_spins type is:*******" + newline + getClass().getName()): null

2019-08-10 23:49:04 - [TEST_STEP][PASSED] - M4_total_bonus_spins_int = M4_total_bonus_spins_int: null

2019-08-10 23:49:04 - [TEST_STEP][PASSED] - M4_total_bonus_spins = Integer.toString(M4_total_bonus_spins_int): null

2019-08-10 23:49:04 - [TEST_STEP][PASSED] - M4_total_bonus_spins = M4_total_bonus_spins: null

2019-08-10 23:49:04 - [TEST_STEP][PASSED] - println("M4_total_bonus_spins is:" + M4_total_bonus_spins): null

2019-08-10 23:49:04 - [TEST_STEP][PASSED] - M4_spin_bonus_data = bonus_data: null

2019-08-10 23:49:04 - [TEST_STEP][PASSED] - M4_spin_features_triggered = result_M4_spin: null

2019-08-10 23:49:04 - [TEST_STEP][PASSED] - wild = []: null

2019-08-10 23:49:04 - [TEST_STEP][PASSED] - wild[0] = "WILD_Expanding": null

2019-08-10 23:49:04 - [TEST_STEP][PASSED] - wild[1] = "WILD_Normal": null

2019-08-10 23:49:04 - [TEST_STEP][PASSED] - wild[2] = "WILD_Double": null

2019-08-10 23:49:04 - [TEST_STEP][PASSED] - wild[3] = "WILD_ExtraFG": null

2019-08-10 23:49:04 - [TEST_STEP][PASSED] - wild[4] = "WILD_Triple": null

2019-08-10 23:49:04 - [TEST_STEP][PASSED] - wildList = Arrays.asList(wild): null

2019-08-10 23:49:04 - [TEST_STEP][PASSED] - wildList = wildList: null

2019-08-10 23:49:04 - [TEST_STEP][PASSED] - free_spin_reel_counter = []: null

2019-08-10 23:49:04 - [TEST_STEP][PASSED] - free_spin_reel_counter[0] = 0: null

2019-08-10 23:49:09 - [TEST_STEP][PASSED] - free_spin_reel_counter[1] = 0: null

2019-08-10 23:49:09 - [TEST_STEP][PASSED] - free_spin_reel_counter[2] = 0: null

2019-08-10 23:49:09 - [TEST_STEP][PASSED] - M4_spin_reels = reels: null

2019-08-10 23:49:09 - [TEST_STEP][PASSED] - for ([i = 0, i &lt; M4_spin_reels.size(), (i++)]): null

2019-08-10 23:49:09 - [TEST_STEP][PASSED] - symbols = symbols: null

2019-08-10 23:49:09 - [TEST_STEP][PASSED] - for ([j = 0, j &lt; symbols.size(), (j++)]): null

2019-08-10 23:49:09 - [TEST_STEP][PASSED] - symbol = symbol: null

2019-08-10 23:49:09 - [TEST_STEP][PASSED] - println(symbol): null

2019-08-10 23:49:09 - [TEST_STEP][PASSED] - if (i == 2 &amp;&amp; wildList.indexOf(symbol) != -1): null

2019-08-10 23:49:09 - [TEST_STEP][PASSED] - if (i == 3 &amp;&amp; wildList.indexOf(symbol) != -1): null

2019-08-10 23:49:09 - [TEST_STEP][PASSED] - if (i == 4 &amp;&amp; wildList.indexOf(symbol) != -1): null

2019-08-10 23:49:10 - [TEST_STEP][PASSED] - symbol = symbol: null

2019-08-10 23:49:10 - [TEST_STEP][PASSED] - println(symbol): null

2019-08-10 23:49:10 - [TEST_STEP][PASSED] - if (i == 2 &amp;&amp; wildList.indexOf(symbol) != -1): null

2019-08-10 23:49:10 - [TEST_STEP][PASSED] - if (i == 3 &amp;&amp; wildList.indexOf(symbol) != -1): null

2019-08-10 23:49:10 - [TEST_STEP][PASSED] - if (i == 4 &amp;&amp; wildList.indexOf(symbol) != -1): null

2019-08-10 23:49:10 - [TEST_STEP][PASSED] - symbol = symbol: null

2019-08-10 23:49:10 - [TEST_STEP][PASSED] - println(symbol): null

2019-08-10 23:49:10 - [TEST_STEP][PASSED] - if (i == 2 &amp;&amp; wildList.indexOf(symbol) != -1): null

2019-08-10 23:49:10 - [TEST_STEP][PASSED] - if (i == 3 &amp;&amp; wildList.indexOf(symbol) != -1): null

2019-08-10 23:49:10 - [TEST_STEP][PASSED] - if (i == 4 &amp;&amp; wildList.indexOf(symbol) != -1): null

2019-08-10 23:49:10 - [TEST_STEP][PASSED] - symbols = symbols: null

2019-08-10 23:49:10 - [TEST_STEP][PASSED] - for ([j = 0, j &lt; symbols.size(), (j++)]): null

2019-08-10 23:49:10 - [TEST_STEP][PASSED] - symbol = symbol: null

2019-08-10 23:49:10 - [TEST_STEP][PASSED] - println(symbol): null

2019-08-10 23:49:10 - [TEST_STEP][PASSED] - if (i == 2 &amp;&amp; wildList.indexOf(symbol) != -1): null

2019-08-10 23:49:10 - [TEST_STEP][PASSED] - if (i == 3 &amp;&amp; wildList.indexOf(symbol) != -1): null

2019-08-10 23:49:10 - [TEST_STEP][PASSED] - if (i == 4 &amp;&amp; wildList.indexOf(symbol) != -1): null

2019-08-10 23:49:10 - [TEST_STEP][PASSED] - symbol = symbol: null

2019-08-10 23:49:10 - [TEST_STEP][PASSED] - println(symbol): null

2019-08-10 23:49:10 - [TEST_STEP][PASSED] - if (i == 2 &amp;&amp; wildList.indexOf(symbol) != -1): null

2019-08-10 23:49:10 - [TEST_STEP][PASSED] - if (i == 3 &amp;&amp; wildList.indexOf(symbol) != -1): null

2019-08-10 23:49:10 - [TEST_STEP][PASSED] - if (i == 4 &amp;&amp; wildList.indexOf(symbol) != -1): null

2019-08-10 23:49:10 - [TEST_STEP][PASSED] - symbol = symbol: null

2019-08-10 23:49:10 - [TEST_STEP][PASSED] - println(symbol): null

2019-08-10 23:49:10 - [TEST_STEP][PASSED] - if (i == 2 &amp;&amp; wildList.indexOf(symbol) != -1): null

2019-08-10 23:49:10 - [TEST_STEP][PASSED] - if (i == 3 &amp;&amp; wildList.indexOf(symbol) != -1): null

2019-08-10 23:49:10 - [TEST_STEP][PASSED] - if (i == 4 &amp;&amp; wildList.indexOf(symbol) != -1): null

2019-08-10 23:49:10 - [TEST_STEP][PASSED] - symbols = symbols: null

2019-08-10 23:49:10 - [TEST_STEP][PASSED] - for ([j = 0, j &lt; symbols.size(), (j++)]): null

2019-08-10 23:49:10 - [TEST_STEP][PASSED] - symbol = symbol: null

2019-08-10 23:49:10 - [TEST_STEP][PASSED] - println(symbol): null

2019-08-10 23:49:10 - [TEST_STEP][PASSED] - if (i == 2 &amp;&amp; wildList.indexOf(symbol) != -1): null

2019-08-10 23:49:10 - [TEST_STEP][PASSED] - if (i == 3 &amp;&amp; wildList.indexOf(symbol) != -1): null

2019-08-10 23:49:10 - [TEST_STEP][PASSED] - if (i == 4 &amp;&amp; wildList.indexOf(symbol) != -1): null

2019-08-10 23:49:10 - [TEST_STEP][PASSED] - symbol = symbol: null

2019-08-10 23:49:10 - [TEST_STEP][PASSED] - println(symbol): null

2019-08-10 23:49:10 - [TEST_STEP][PASSED] - if (i == 2 &amp;&amp; wildList.indexOf(symbol) != -1): null

2019-08-10 23:49:10 - [TEST_STEP][PASSED] - if (i == 3 &amp;&amp; wildList.indexOf(symbol) != -1): null

2019-08-10 23:49:10 - [TEST_STEP][PASSED] - if (i == 4 &amp;&amp; wildList.indexOf(symbol) != -1): null

2019-08-10 23:49:10 - [TEST_STEP][PASSED] - symbol = symbol: null

2019-08-10 23:49:10 - [TEST_STEP][PASSED] - println(symbol): null

2019-08-10 23:49:10 - [TEST_STEP][PASSED] - if (i == 2 &amp;&amp; wildList.indexOf(symbol) != -1): null

2019-08-10 23:49:10 - [TEST_STEP][PASSED] - if (i == 3 &amp;&amp; wildList.indexOf(symbol) != -1): null

2019-08-10 23:49:10 - [TEST_STEP][PASSED] - if (i == 4 &amp;&amp; wildList.indexOf(symbol) != -1): null

2019-08-10 23:49:10 - [TEST_STEP][PASSED] - symbols = symbols: null

2019-08-10 23:49:10 - [TEST_STEP][PASSED] - for ([j = 0, j &lt; symbols.size(), (j++)]): null

2019-08-10 23:49:10 - [TEST_STEP][PASSED] - symbol = symbol: null

2019-08-10 23:49:10 - [TEST_STEP][PASSED] - println(symbol): null

2019-08-10 23:49:10 - [TEST_STEP][PASSED] - if (i == 2 &amp;&amp; wildList.indexOf(symbol) != -1): null

2019-08-10 23:49:10 - [TEST_STEP][PASSED] - if (i == 3 &amp;&amp; wildList.indexOf(symbol) != -1): null

2019-08-10 23:49:10 - [TEST_STEP][PASSED] - if (i == 4 &amp;&amp; wildList.indexOf(symbol) != -1): null

2019-08-10 23:49:10 - [TEST_STEP][PASSED] - symbol = symbol: null

2019-08-10 23:49:10 - [TEST_STEP][PASSED] - println(symbol): null

2019-08-10 23:49:10 - [TEST_STEP][PASSED] - if (i == 2 &amp;&amp; wildList.indexOf(symbol) != -1): null

2019-08-10 23:49:10 - [TEST_STEP][PASSED] - if (i == 3 &amp;&amp; wildList.indexOf(symbol) != -1): null

2019-08-10 23:49:10 - [TEST_STEP][PASSED] - if (i == 4 &amp;&amp; wildList.indexOf(symbol) != -1): null

2019-08-10 23:49:10 - [TEST_STEP][PASSED] - symbol = symbol: null

2019-08-10 23:49:10 - [TEST_STEP][PASSED] - println(symbol): null

2019-08-10 23:49:10 - [TEST_STEP][PASSED] - if (i == 2 &amp;&amp; wildList.indexOf(symbol) != -1): null

2019-08-10 23:49:10 - [TEST_STEP][PASSED] - if (i == 3 &amp;&amp; wildList.indexOf(symbol) != -1): null

2019-08-10 23:49:10 - [TEST_STEP][PASSED] - if (i == 4 &amp;&amp; wildList.indexOf(symbol) != -1): null

2019-08-10 23:49:10 - [TEST_STEP][PASSED] - symbols = symbols: null

2019-08-10 23:49:10 - [TEST_STEP][PASSED] - for ([j = 0, j &lt; symbols.size(), (j++)]): null

2019-08-10 23:49:10 - [TEST_STEP][PASSED] - symbol = symbol: null

2019-08-10 23:49:10 - [TEST_STEP][PASSED] - println(symbol): null

2019-08-10 23:49:10 - [TEST_STEP][PASSED] - if (i == 2 &amp;&amp; wildList.indexOf(symbol) != -1): null

2019-08-10 23:49:10 - [TEST_STEP][PASSED] - if (i == 3 &amp;&amp; wildList.indexOf(symbol) != -1): null

2019-08-10 23:49:10 - [TEST_STEP][PASSED] - if (i == 4 &amp;&amp; wildList.indexOf(symbol) != -1): null

2019-08-10 23:49:10 - [TEST_STEP][PASSED] - symbol = symbol: null

2019-08-10 23:49:10 - [TEST_STEP][PASSED] - println(symbol): null

2019-08-10 23:49:10 - [TEST_STEP][PASSED] - if (i == 2 &amp;&amp; wildList.indexOf(symbol) != -1): null

2019-08-10 23:49:10 - [TEST_STEP][PASSED] - if (i == 3 &amp;&amp; wildList.indexOf(symbol) != -1): null

2019-08-10 23:49:10 - [TEST_STEP][PASSED] - if (i == 4 &amp;&amp; wildList.indexOf(symbol) != -1): null

2019-08-10 23:49:10 - [TEST_STEP][PASSED] - println("wild found on reel 5, adding counter by 1"): null

2019-08-10 23:49:10 - [TEST_STEP][PASSED] - free_spin_reel_counter[2] = free_spin_reel_counter[2] + 1: null

2019-08-10 23:49:10 - [TEST_STEP][PASSED] - symbol = symbol: null

2019-08-10 23:49:10 - [TEST_STEP][PASSED] - println(symbol): null

2019-08-10 23:49:10 - [TEST_STEP][PASSED] - if (i == 2 &amp;&amp; wildList.indexOf(symbol) != -1): null

2019-08-10 23:49:10 - [TEST_STEP][PASSED] - if (i == 3 &amp;&amp; wildList.indexOf(symbol) != -1): null

2019-08-10 23:49:10 - [TEST_STEP][PASSED] - if (i == 4 &amp;&amp; wildList.indexOf(symbol) != -1): null

2019-08-10 23:49:10 - [TEST_STEP][PASSED] - free_spin_reel_counter = free_spin_reel_counter: null

2019-08-10 23:49:10 - [TEST_STEP][PASSED] - println("reel 3 wild found: " + free_spin_reel_counter[0]): null

2019-08-10 23:49:10 - [TEST_STEP][PASSED] - println("reel 4 wild found: " + free_spin_reel_counter[1]): null

2019-08-10 23:49:10 - [TEST_STEP][PASSED] - println("reel 5 wild found: " + free_spin_reel_counter[2]): null

2019-08-10 23:49:10 - [TEST_STEP][PASSED] - M4_spin_reels = M4_spin_reels: null

2019-08-10 23:49:10 - [TEST_STEP][PASSED] - M4_spin_reels_symbols = symbol: null

2019-08-10 23:49:10 - [TEST_STEP][PASSED] - M4_spin_reels_symbols = M4_spin_reels_symbols: null

2019-08-10 23:49:10 - [TEST_STEP][PASSED] - M4_spin_reel_wins = reel_wins: null

2019-08-10 23:49:10 - [TEST_STEP][PASSED] - M4_spin_reel_wins = M4_spin_reel_wins: null

2019-08-10 23:49:10 - [TEST_STEP][PASSED] - println("GlobalVariable.M4_spin_reel_wins is: " + M4_spin_reel_wins): null

2019-08-10 23:49:10 - [TEST_STEP][PASSED] - M4_spin_total_bonus_win_this_round = total_bonus_win_this_round: null

2019-08-10 23:49:10 - [TEST_STEP][PASSED] - M4_spin_total_bonus_win_this_round = M4_spin_total_bonus_win_this_round: null

2019-08-10 23:49:10 - [TEST_STEP][PASSED] - println("GlobalVariable.M4_spin_total_bonus_win_this_round is: " + M4_spin_total_bonus_win_this_round): null

2019-08-10 23:49:10 - [MESSAGE][PASSED] - Verify response successfully

2019-08-10 23:49:10 - [MESSAGE][PASSED] - Send request and verify the response successfully

2019-08-10 23:49:10 - [TEST_STEP][PASSED] - if (M4_total_bonus_spins_int != 0 &amp;&amp; M4_spin_reels_symbols[2].contains("WILD_ExtraFG") || M4_spin_reels_symbols[3].contains("WILD_ExtraFG")): null

2019-08-10 23:49:10 - [TEST_STEP][PASSED] - free_spin_reel_counter = free_spin_reel_counter: null

2019-08-10 23:49:10 - [TEST_STEP][PASSED] - M4_spin_reels_symbols = M4_spin_reels_symbols: null

2019-08-10 23:49:10 - [TEST_STEP][PASSED] - M4_total_bonus_spins = M4_total_bonus_spins: null

2019-08-10 23:49:10 - [TEST_STEP][PASSED] - spin_result = sendRequestAndVerify(findTestObject("RGS(M4)/1_M4_spin", ["M4_login_user_id":M4_login_user_id, "rgs_session_token":rgs_session_token, "partner":Partner])): Send request and verify the response successfully

2019-08-10 23:49:10 - [TEST_CASE][PASSED] - Start Test Case : Verification: Verification accomplished successfully

2019-08-10 23:49:10 - [TEST_STEP][PASSED] - request = getInstance().getCurrentRequest(): null

2019-08-10 23:49:10 - [TEST_STEP][PASSED] - response = getInstance().getCurrentResponse(): null

2019-08-10 23:49:10 - [TEST_STEP][PASSED] - verifyResponseStatusCode(response, 200): Verify response status code successfully

2019-08-10 23:49:10 - [MESSAGE][PASSED] - Verify response status code successfully

2019-08-10 23:49:10 - [TEST_STEP][PASSED] - getStatusCode()).isEqualTo(200): null

2019-08-10 23:49:10 - [TEST_STEP][PASSED] - newline = System.getProperty("line.separator"): null

2019-08-10 23:49:10 - [TEST_STEP][PASSED] - M4_spin = new groovy.json.JsonSlurper(): null

2019-08-10 23:49:10 - [TEST_STEP][PASSED] - result_M4_spin = M4_spin.parseText(response.getResponseBodyContent()): null

2019-08-10 23:49:10 - [TEST_STEP][PASSED] - M4_spin_current_balance = current_balance: null

2019-08-10 23:49:10 - [TEST_STEP][PASSED] - M4_spin_current_balance = M4_spin_current_balance: null

2019-08-10 23:49:10 - [TEST_STEP][PASSED] - M4_spin_transaction_id = causality: null

2019-08-10 23:49:10 - [TEST_STEP][PASSED] - M4_spin_transaction_id = M4_spin_transaction_id: null

2019-08-10 23:49:10 - [TEST_STEP][PASSED] - M4_spin_round_id = round_id: null

2019-08-10 23:49:10 - [TEST_STEP][PASSED] - M4_spin_round_id = M4_spin_round_id: null

2019-08-10 23:49:10 - [TEST_STEP][PASSED] - M4_spin_line_wins = line_wins: null

2019-08-10 23:49:10 - [TEST_STEP][PASSED] - M4_spin_line_wins = M4_spin_line_wins: null

2019-08-10 23:49:10 - [TEST_STEP][PASSED] - M4_total_bonus_spins_int = total_bonus_spins: null

2019-08-10 23:49:10 - [TEST_STEP][PASSED] - println("******M4_total_bonus_spins type is:*******" + newline + getClass().getName()): null

2019-08-10 23:49:10 - [TEST_STEP][PASSED] - M4_total_bonus_spins_int = M4_total_bonus_spins_int: null

2019-08-10 23:49:10 - [TEST_STEP][PASSED] - M4_total_bonus_spins = Integer.toString(M4_total_bonus_spins_int): null

2019-08-10 23:49:10 - [TEST_STEP][PASSED] - M4_total_bonus_spins = M4_total_bonus_spins: null

2019-08-10 23:49:10 - [TEST_STEP][PASSED] - println("M4_total_bonus_spins is:" + M4_total_bonus_spins): null

2019-08-10 23:49:10 - [TEST_STEP][PASSED] - M4_spin_bonus_data = bonus_data: null

2019-08-10 23:49:10 - [TEST_STEP][PASSED] - M4_spin_features_triggered = result_M4_spin: null

2019-08-10 23:49:10 - [TEST_STEP][PASSED] - wild = []: null

2019-08-10 23:49:10 - [TEST_STEP][PASSED] - wild[0] = "WILD_Expanding": null

2019-08-10 23:49:10 - [TEST_STEP][PASSED] - wild[1] = "WILD_Normal": null

2019-08-10 23:49:10 - [TEST_STEP][PASSED] - wild[2] = "WILD_Double": null

2019-08-10 23:49:10 - [TEST_STEP][PASSED] - wild[3] = "WILD_ExtraFG": null

2019-08-10 23:49:10 - [TEST_STEP][PASSED] - wild[4] = "WILD_Triple": null

2019-08-10 23:49:10 - [TEST_STEP][PASSED] - wildList = Arrays.asList(wild): null

2019-08-10 23:49:10 - [TEST_STEP][PASSED] - wildList = wildList: null

2019-08-10 23:49:10 - [TEST_STEP][PASSED] - free_spin_reel_counter = []: null

2019-08-10 23:49:10 - [TEST_STEP][PASSED] - free_spin_reel_counter[0] = 0: null

2019-08-10 23:49:10 - [TEST_STEP][PASSED] - free_spin_reel_counter[1] = 0: null

2019-08-10 23:49:10 - [TEST_STEP][PASSED] - free_spin_reel_counter[2] = 0: null

2019-08-10 23:49:10 - [TEST_STEP][PASSED] - M4_spin_reels = reels: null

2019-08-10 23:49:10 - [TEST_STEP][PASSED] - for ([i = 0, i &lt; M4_spin_reels.size(), (i++)]): null

2019-08-10 23:49:10 - [TEST_STEP][PASSED] - symbols = symbols: null

2019-08-10 23:49:10 - [TEST_STEP][PASSED] - for ([j = 0, j &lt; symbols.size(), (j++)]): null

2019-08-10 23:49:10 - [TEST_STEP][PASSED] - symbol = symbol: null

2019-08-10 23:49:10 - [TEST_STEP][PASSED] - println(symbol): null

2019-08-10 23:49:10 - [TEST_STEP][PASSED] - if (i == 2 &amp;&amp; wildList.indexOf(symbol) != -1): null

2019-08-10 23:49:10 - [TEST_STEP][PASSED] - if (i == 3 &amp;&amp; wildList.indexOf(symbol) != -1): null

2019-08-10 23:49:10 - [TEST_STEP][PASSED] - if (i == 4 &amp;&amp; wildList.indexOf(symbol) != -1): null

2019-08-10 23:49:10 - [TEST_STEP][PASSED] - symbol = symbol: null

2019-08-10 23:49:10 - [TEST_STEP][PASSED] - println(symbol): null

2019-08-10 23:49:10 - [TEST_STEP][PASSED] - if (i == 2 &amp;&amp; wildList.indexOf(symbol) != -1): null

2019-08-10 23:49:10 - [TEST_STEP][PASSED] - if (i == 3 &amp;&amp; wildList.indexOf(symbol) != -1): null

2019-08-10 23:49:10 - [TEST_STEP][PASSED] - if (i == 4 &amp;&amp; wildList.indexOf(symbol) != -1): null

2019-08-10 23:49:10 - [TEST_STEP][PASSED] - symbol = symbol: null

2019-08-10 23:49:10 - [TEST_STEP][PASSED] - println(symbol): null

2019-08-10 23:49:10 - [TEST_STEP][PASSED] - if (i == 2 &amp;&amp; wildList.indexOf(symbol) != -1): null

2019-08-10 23:49:10 - [TEST_STEP][PASSED] - if (i == 3 &amp;&amp; wildList.indexOf(symbol) != -1): null

2019-08-10 23:49:10 - [TEST_STEP][PASSED] - if (i == 4 &amp;&amp; wildList.indexOf(symbol) != -1): null

2019-08-10 23:49:10 - [TEST_STEP][PASSED] - symbols = symbols: null

2019-08-10 23:49:10 - [TEST_STEP][PASSED] - for ([j = 0, j &lt; symbols.size(), (j++)]): null

2019-08-10 23:49:10 - [TEST_STEP][PASSED] - symbol = symbol: null

2019-08-10 23:49:10 - [TEST_STEP][PASSED] - println(symbol): null

2019-08-10 23:49:10 - [TEST_STEP][PASSED] - if (i == 2 &amp;&amp; wildList.indexOf(symbol) != -1): null

2019-08-10 23:49:10 - [TEST_STEP][PASSED] - if (i == 3 &amp;&amp; wildList.indexOf(symbol) != -1): null

2019-08-10 23:49:10 - [TEST_STEP][PASSED] - if (i == 4 &amp;&amp; wildList.indexOf(symbol) != -1): null

2019-08-10 23:49:10 - [TEST_STEP][PASSED] - symbol = symbol: null

2019-08-10 23:49:10 - [TEST_STEP][PASSED] - println(symbol): null

2019-08-10 23:49:10 - [TEST_STEP][PASSED] - if (i == 2 &amp;&amp; wildList.indexOf(symbol) != -1): null

2019-08-10 23:49:10 - [TEST_STEP][PASSED] - if (i == 3 &amp;&amp; wildList.indexOf(symbol) != -1): null

2019-08-10 23:49:10 - [TEST_STEP][PASSED] - if (i == 4 &amp;&amp; wildList.indexOf(symbol) != -1): null

2019-08-10 23:49:10 - [TEST_STEP][PASSED] - symbol = symbol: null

2019-08-10 23:49:10 - [TEST_STEP][PASSED] - println(symbol): null

2019-08-10 23:49:10 - [TEST_STEP][PASSED] - if (i == 2 &amp;&amp; wildList.indexOf(symbol) != -1): null

2019-08-10 23:49:10 - [TEST_STEP][PASSED] - if (i == 3 &amp;&amp; wildList.indexOf(symbol) != -1): null

2019-08-10 23:49:10 - [TEST_STEP][PASSED] - if (i == 4 &amp;&amp; wildList.indexOf(symbol) != -1): null

2019-08-10 23:49:10 - [TEST_STEP][PASSED] - symbols = symbols: null

2019-08-10 23:49:10 - [TEST_STEP][PASSED] - for ([j = 0, j &lt; symbols.size(), (j++)]): null

2019-08-10 23:49:10 - [TEST_STEP][PASSED] - symbol = symbol: null

2019-08-10 23:49:10 - [TEST_STEP][PASSED] - println(symbol): null

2019-08-10 23:49:10 - [TEST_STEP][PASSED] - if (i == 2 &amp;&amp; wildList.indexOf(symbol) != -1): null

2019-08-10 23:49:10 - [TEST_STEP][PASSED] - if (i == 3 &amp;&amp; wildList.indexOf(symbol) != -1): null

2019-08-10 23:49:10 - [TEST_STEP][PASSED] - if (i == 4 &amp;&amp; wildList.indexOf(symbol) != -1): null

2019-08-10 23:49:10 - [TEST_STEP][PASSED] - symbol = symbol: null

2019-08-10 23:49:10 - [TEST_STEP][PASSED] - println(symbol): null

2019-08-10 23:49:10 - [TEST_STEP][PASSED] - if (i == 2 &amp;&amp; wildList.indexOf(symbol) != -1): null

2019-08-10 23:49:10 - [TEST_STEP][PASSED] - if (i == 3 &amp;&amp; wildList.indexOf(symbol) != -1): null

2019-08-10 23:49:10 - [TEST_STEP][PASSED] - if (i == 4 &amp;&amp; wildList.indexOf(symbol) != -1): null

2019-08-10 23:49:10 - [TEST_STEP][PASSED] - symbol = symbol: null

2019-08-10 23:49:10 - [TEST_STEP][PASSED] - println(symbol): null

2019-08-10 23:49:10 - [TEST_STEP][PASSED] - if (i == 2 &amp;&amp; wildList.indexOf(symbol) != -1): null

2019-08-10 23:49:10 - [TEST_STEP][PASSED] - if (i == 3 &amp;&amp; wildList.indexOf(symbol) != -1): null

2019-08-10 23:49:10 - [TEST_STEP][PASSED] - if (i == 4 &amp;&amp; wildList.indexOf(symbol) != -1): null

2019-08-10 23:49:10 - [TEST_STEP][PASSED] - symbols = symbols: null

2019-08-10 23:49:10 - [TEST_STEP][PASSED] - for ([j = 0, j &lt; symbols.size(), (j++)]): null

2019-08-10 23:49:10 - [TEST_STEP][PASSED] - symbol = symbol: null

2019-08-10 23:49:10 - [TEST_STEP][PASSED] - println(symbol): null

2019-08-10 23:49:10 - [TEST_STEP][PASSED] - if (i == 2 &amp;&amp; wildList.indexOf(symbol) != -1): null

2019-08-10 23:49:10 - [TEST_STEP][PASSED] - if (i == 3 &amp;&amp; wildList.indexOf(symbol) != -1): null

2019-08-10 23:49:10 - [TEST_STEP][PASSED] - if (i == 4 &amp;&amp; wildList.indexOf(symbol) != -1): null

2019-08-10 23:49:10 - [TEST_STEP][PASSED] - symbol = symbol: null

2019-08-10 23:49:10 - [TEST_STEP][PASSED] - println(symbol): null

2019-08-10 23:49:10 - [TEST_STEP][PASSED] - if (i == 2 &amp;&amp; wildList.indexOf(symbol) != -1): null

2019-08-10 23:49:10 - [TEST_STEP][PASSED] - if (i == 3 &amp;&amp; wildList.indexOf(symbol) != -1): null

2019-08-10 23:49:10 - [TEST_STEP][PASSED] - if (i == 4 &amp;&amp; wildList.indexOf(symbol) != -1): null

2019-08-10 23:49:10 - [TEST_STEP][PASSED] - symbol = symbol: null

2019-08-10 23:49:10 - [TEST_STEP][PASSED] - println(symbol): null

2019-08-10 23:49:10 - [TEST_STEP][PASSED] - if (i == 2 &amp;&amp; wildList.indexOf(symbol) != -1): null

2019-08-10 23:49:10 - [TEST_STEP][PASSED] - if (i == 3 &amp;&amp; wildList.indexOf(symbol) != -1): null

2019-08-10 23:49:10 - [TEST_STEP][PASSED] - if (i == 4 &amp;&amp; wildList.indexOf(symbol) != -1): null

2019-08-10 23:49:10 - [TEST_STEP][PASSED] - symbols = symbols: null

2019-08-10 23:49:10 - [TEST_STEP][PASSED] - for ([j = 0, j &lt; symbols.size(), (j++)]): null

2019-08-10 23:49:10 - [TEST_STEP][PASSED] - symbol = symbol: null

2019-08-10 23:49:10 - [TEST_STEP][PASSED] - println(symbol): null

2019-08-10 23:49:10 - [TEST_STEP][PASSED] - if (i == 2 &amp;&amp; wildList.indexOf(symbol) != -1): null

2019-08-10 23:49:10 - [TEST_STEP][PASSED] - if (i == 3 &amp;&amp; wildList.indexOf(symbol) != -1): null

2019-08-10 23:49:10 - [TEST_STEP][PASSED] - if (i == 4 &amp;&amp; wildList.indexOf(symbol) != -1): null

2019-08-10 23:49:10 - [TEST_STEP][PASSED] - symbol = symbol: null

2019-08-10 23:49:10 - [TEST_STEP][PASSED] - println(symbol): null

2019-08-10 23:49:10 - [TEST_STEP][PASSED] - if (i == 2 &amp;&amp; wildList.indexOf(symbol) != -1): null

2019-08-10 23:49:10 - [TEST_STEP][PASSED] - if (i == 3 &amp;&amp; wildList.indexOf(symbol) != -1): null

2019-08-10 23:49:10 - [TEST_STEP][PASSED] - if (i == 4 &amp;&amp; wildList.indexOf(symbol) != -1): null

2019-08-10 23:49:10 - [TEST_STEP][PASSED] - symbol = symbol: null

2019-08-10 23:49:10 - [TEST_STEP][PASSED] - println(symbol): null

2019-08-10 23:49:10 - [TEST_STEP][PASSED] - if (i == 2 &amp;&amp; wildList.indexOf(symbol) != -1): null

2019-08-10 23:49:10 - [TEST_STEP][PASSED] - if (i == 3 &amp;&amp; wildList.indexOf(symbol) != -1): null

2019-08-10 23:49:10 - [TEST_STEP][PASSED] - if (i == 4 &amp;&amp; wildList.indexOf(symbol) != -1): null

2019-08-10 23:49:10 - [TEST_STEP][PASSED] - free_spin_reel_counter = free_spin_reel_counter: null

2019-08-10 23:49:10 - [TEST_STEP][PASSED] - println("reel 3 wild found: " + free_spin_reel_counter[0]): null

2019-08-10 23:49:10 - [TEST_STEP][PASSED] - println("reel 4 wild found: " + free_spin_reel_counter[1]): null

2019-08-10 23:49:10 - [TEST_STEP][PASSED] - println("reel 5 wild found: " + free_spin_reel_counter[2]): null

2019-08-10 23:49:10 - [TEST_STEP][PASSED] - M4_spin_reels = M4_spin_reels: null

2019-08-10 23:49:10 - [TEST_STEP][PASSED] - M4_spin_reels_symbols = symbol: null

2019-08-10 23:49:10 - [TEST_STEP][PASSED] - M4_spin_reels_symbols = M4_spin_reels_symbols: null

2019-08-10 23:49:10 - [TEST_STEP][PASSED] - M4_spin_reel_wins = reel_wins: null

2019-08-10 23:49:10 - [TEST_STEP][PASSED] - M4_spin_reel_wins = M4_spin_reel_wins: null

2019-08-10 23:49:10 - [TEST_STEP][PASSED] - println("GlobalVariable.M4_spin_reel_wins is: " + M4_spin_reel_wins): null

2019-08-10 23:49:10 - [TEST_STEP][PASSED] - M4_spin_total_bonus_win_this_round = total_bonus_win_this_round: null

2019-08-10 23:49:10 - [TEST_STEP][PASSED] - M4_spin_total_bonus_win_this_round = M4_spin_total_bonus_win_this_round: null

2019-08-10 23:49:10 - [TEST_STEP][PASSED] - println("GlobalVariable.M4_spin_total_bonus_win_this_round is: " + M4_spin_total_bonus_win_this_round): null

2019-08-10 23:49:10 - [MESSAGE][PASSED] - Verify response successfully

2019-08-10 23:49:10 - [MESSAGE][PASSED] - Send request and verify the response successfully

2019-08-10 23:49:10 - [TEST_STEP][PASSED] - if (M4_total_bonus_spins_int != 0 &amp;&amp; M4_spin_reels_symbols[2].contains("WILD_ExtraFG") || M4_spin_reels_symbols[3].contains("WILD_ExtraFG")): null

2019-08-10 23:49:10 - [TEST_STEP][PASSED] - free_spin_reel_counter = free_spin_reel_counter: null

2019-08-10 23:49:10 - [TEST_STEP][PASSED] - M4_spin_reels_symbols = M4_spin_reels_symbols: null

2019-08-10 23:49:10 - [TEST_STEP][PASSED] - M4_total_bonus_spins = M4_total_bonus_spins: null

2019-08-10 23:49:10 - [TEST_STEP][PASSED] - spin_result = sendRequestAndVerify(findTestObject("RGS(M4)/1_M4_spin", ["M4_login_user_id":M4_login_user_id, "rgs_session_token":rgs_session_token, "partner":Partner])): Send request and verify the response successfully

2019-08-10 23:49:11 - [TEST_CASE][PASSED] - Start Test Case : Verification: Verification accomplished successfully

2019-08-10 23:49:11 - [TEST_STEP][PASSED] - request = getInstance().getCurrentRequest(): null

2019-08-10 23:49:11 - [TEST_STEP][PASSED] - response = getInstance().getCurrentResponse(): null

2019-08-10 23:49:11 - [TEST_STEP][PASSED] - verifyResponseStatusCode(response, 200): Verify response status code successfully

2019-08-10 23:49:11 - [MESSAGE][PASSED] - Verify response status code successfully

2019-08-10 23:49:11 - [TEST_STEP][PASSED] - getStatusCode()).isEqualTo(200): null

2019-08-10 23:49:11 - [TEST_STEP][PASSED] - newline = System.getProperty("line.separator"): null

2019-08-10 23:49:11 - [TEST_STEP][PASSED] - M4_spin = new groovy.json.JsonSlurper(): null

2019-08-10 23:49:11 - [TEST_STEP][PASSED] - result_M4_spin = M4_spin.parseText(response.getResponseBodyContent()): null

2019-08-10 23:49:11 - [TEST_STEP][PASSED] - M4_spin_current_balance = current_balance: null

2019-08-10 23:49:11 - [TEST_STEP][PASSED] - M4_spin_current_balance = M4_spin_current_balance: null

2019-08-10 23:49:11 - [TEST_STEP][PASSED] - M4_spin_transaction_id = causality: null

2019-08-10 23:49:11 - [TEST_STEP][PASSED] - M4_spin_transaction_id = M4_spin_transaction_id: null

2019-08-10 23:49:11 - [TEST_STEP][PASSED] - M4_spin_round_id = round_id: null

2019-08-10 23:49:11 - [TEST_STEP][PASSED] - M4_spin_round_id = M4_spin_round_id: null

2019-08-10 23:49:11 - [TEST_STEP][PASSED] - M4_spin_line_wins = line_wins: null

2019-08-10 23:49:11 - [TEST_STEP][PASSED] - M4_spin_line_wins = M4_spin_line_wins: null

2019-08-10 23:49:11 - [TEST_STEP][PASSED] - M4_total_bonus_spins_int = total_bonus_spins: null

2019-08-10 23:49:11 - [TEST_STEP][PASSED] - println("******M4_total_bonus_spins type is:*******" + newline + getClass().getName()): null

2019-08-10 23:49:11 - [TEST_STEP][PASSED] - M4_total_bonus_spins_int = M4_total_bonus_spins_int: null

2019-08-10 23:49:11 - [TEST_STEP][PASSED] - M4_total_bonus_spins = Integer.toString(M4_total_bonus_spins_int): null

2019-08-10 23:49:11 - [TEST_STEP][PASSED] - M4_total_bonus_spins = M4_total_bonus_spins: null

2019-08-10 23:49:11 - [TEST_STEP][PASSED] - println("M4_total_bonus_spins is:" + M4_total_bonus_spins): null

2019-08-10 23:49:11 - [TEST_STEP][PASSED] - M4_spin_bonus_data = bonus_data: null

2019-08-10 23:49:11 - [TEST_STEP][PASSED] - M4_spin_features_triggered = result_M4_spin: null

2019-08-10 23:49:11 - [TEST_STEP][PASSED] - wild = []: null

2019-08-10 23:49:11 - [TEST_STEP][PASSED] - wild[0] = "WILD_Expanding": null

2019-08-10 23:49:11 - [TEST_STEP][PASSED] - wild[1] = "WILD_Normal": null

2019-08-10 23:49:11 - [TEST_STEP][PASSED] - wild[2] = "WILD_Double": null

2019-08-10 23:49:11 - [TEST_STEP][PASSED] - wild[3] = "WILD_ExtraFG": null

2019-08-10 23:49:11 - [TEST_STEP][PASSED] - wild[4] = "WILD_Triple": null

2019-08-10 23:49:11 - [TEST_STEP][PASSED] - wildList = Arrays.asList(wild): null

2019-08-10 23:49:11 - [TEST_STEP][PASSED] - wildList = wildList: null

2019-08-10 23:49:11 - [TEST_STEP][PASSED] - free_spin_reel_counter = []: null

2019-08-10 23:49:11 - [TEST_STEP][PASSED] - free_spin_reel_counter[0] = 0: null

2019-08-10 23:49:11 - [TEST_STEP][PASSED] - free_spin_reel_counter[1] = 0: null

2019-08-10 23:49:11 - [TEST_STEP][PASSED] - free_spin_reel_counter[2] = 0: null

2019-08-10 23:49:11 - [TEST_STEP][PASSED] - M4_spin_reels = reels: null

2019-08-10 23:49:11 - [TEST_STEP][PASSED] - for ([i = 0, i &lt; M4_spin_reels.size(), (i++)]): null

2019-08-10 23:49:11 - [TEST_STEP][PASSED] - symbols = symbols: null

2019-08-10 23:49:11 - [TEST_STEP][PASSED] - for ([j = 0, j &lt; symbols.size(), (j++)]): null

2019-08-10 23:49:11 - [TEST_STEP][PASSED] - symbol = symbol: null

2019-08-10 23:49:11 - [TEST_STEP][PASSED] - println(symbol): null

2019-08-10 23:49:11 - [TEST_STEP][PASSED] - if (i == 2 &amp;&amp; wildList.indexOf(symbol) != -1): null

2019-08-10 23:49:11 - [TEST_STEP][PASSED] - if (i == 3 &amp;&amp; wildList.indexOf(symbol) != -1): null

2019-08-10 23:49:11 - [TEST_STEP][PASSED] - if (i == 4 &amp;&amp; wildList.indexOf(symbol) != -1): null

2019-08-10 23:49:11 - [TEST_STEP][PASSED] - symbol = symbol: null

2019-08-10 23:49:11 - [TEST_STEP][PASSED] - println(symbol): null

2019-08-10 23:49:11 - [TEST_STEP][PASSED] - if (i == 2 &amp;&amp; wildList.indexOf(symbol) != -1): null

2019-08-10 23:49:11 - [TEST_STEP][PASSED] - if (i == 3 &amp;&amp; wildList.indexOf(symbol) != -1): null

2019-08-10 23:49:11 - [TEST_STEP][PASSED] - if (i == 4 &amp;&amp; wildList.indexOf(symbol) != -1): null

2019-08-10 23:49:11 - [TEST_STEP][PASSED] - symbol = symbol: null

2019-08-10 23:49:11 - [TEST_STEP][PASSED] - println(symbol): null

2019-08-10 23:49:11 - [TEST_STEP][PASSED] - if (i == 2 &amp;&amp; wildList.indexOf(symbol) != -1): null

2019-08-10 23:49:11 - [TEST_STEP][PASSED] - if (i == 3 &amp;&amp; wildList.indexOf(symbol) != -1): null

2019-08-10 23:49:11 - [TEST_STEP][PASSED] - if (i == 4 &amp;&amp; wildList.indexOf(symbol) != -1): null

2019-08-10 23:49:11 - [TEST_STEP][PASSED] - symbols = symbols: null

2019-08-10 23:49:11 - [TEST_STEP][PASSED] - for ([j = 0, j &lt; symbols.size(), (j++)]): null

2019-08-10 23:49:11 - [TEST_STEP][PASSED] - symbol = symbol: null

2019-08-10 23:49:11 - [TEST_STEP][PASSED] - println(symbol): null

2019-08-10 23:49:11 - [TEST_STEP][PASSED] - if (i == 2 &amp;&amp; wildList.indexOf(symbol) != -1): null

2019-08-10 23:49:11 - [TEST_STEP][PASSED] - if (i == 3 &amp;&amp; wildList.indexOf(symbol) != -1): null

2019-08-10 23:49:11 - [TEST_STEP][PASSED] - if (i == 4 &amp;&amp; wildList.indexOf(symbol) != -1): null

2019-08-10 23:49:11 - [TEST_STEP][PASSED] - symbol = symbol: null

2019-08-10 23:49:11 - [TEST_STEP][PASSED] - println(symbol): null

2019-08-10 23:49:11 - [TEST_STEP][PASSED] - if (i == 2 &amp;&amp; wildList.indexOf(symbol) != -1): null

2019-08-10 23:49:11 - [TEST_STEP][PASSED] - if (i == 3 &amp;&amp; wildList.indexOf(symbol) != -1): null

2019-08-10 23:49:11 - [TEST_STEP][PASSED] - if (i == 4 &amp;&amp; wildList.indexOf(symbol) != -1): null

2019-08-10 23:49:11 - [TEST_STEP][PASSED] - symbol = symbol: null

2019-08-10 23:49:11 - [TEST_STEP][PASSED] - println(symbol): null

2019-08-10 23:49:11 - [TEST_STEP][PASSED] - if (i == 2 &amp;&amp; wildList.indexOf(symbol) != -1): null

2019-08-10 23:49:11 - [TEST_STEP][PASSED] - if (i == 3 &amp;&amp; wildList.indexOf(symbol) != -1): null

2019-08-10 23:49:11 - [TEST_STEP][PASSED] - if (i == 4 &amp;&amp; wildList.indexOf(symbol) != -1): null

2019-08-10 23:49:11 - [TEST_STEP][PASSED] - symbols = symbols: null

2019-08-10 23:49:11 - [TEST_STEP][PASSED] - for ([j = 0, j &lt; symbols.size(), (j++)]): null

2019-08-10 23:49:11 - [TEST_STEP][PASSED] - symbol = symbol: null

2019-08-10 23:49:11 - [TEST_STEP][PASSED] - println(symbol): null

2019-08-10 23:49:11 - [TEST_STEP][PASSED] - if (i == 2 &amp;&amp; wildList.indexOf(symbol) != -1): null

2019-08-10 23:49:11 - [TEST_STEP][PASSED] - if (i == 3 &amp;&amp; wildList.indexOf(symbol) != -1): null

2019-08-10 23:49:15 - [TEST_STEP][PASSED] - if (i == 4 &amp;&amp; wildList.indexOf(symbol) != -1): null

2019-08-10 23:49:15 - [TEST_STEP][PASSED] - symbol = symbol: null

2019-08-10 23:49:15 - [TEST_STEP][PASSED] - println(symbol): null

2019-08-10 23:49:15 - [TEST_STEP][PASSED] - if (i == 2 &amp;&amp; wildList.indexOf(symbol) != -1): null

2019-08-10 23:49:15 - [TEST_STEP][PASSED] - if (i == 3 &amp;&amp; wildList.indexOf(symbol) != -1): null

2019-08-10 23:49:15 - [TEST_STEP][PASSED] - if (i == 4 &amp;&amp; wildList.indexOf(symbol) != -1): null

2019-08-10 23:49:15 - [TEST_STEP][PASSED] - symbol = symbol: null

2019-08-10 23:49:15 - [TEST_STEP][PASSED] - println(symbol): null

2019-08-10 23:49:15 - [TEST_STEP][PASSED] - if (i == 2 &amp;&amp; wildList.indexOf(symbol) != -1): null

2019-08-10 23:49:15 - [TEST_STEP][PASSED] - println("wild found on reel 3, adding counter by 1"): null

2019-08-10 23:49:15 - [TEST_STEP][PASSED] - free_spin_reel_counter[0] = free_spin_reel_counter[0] + 1: null

2019-08-10 23:49:20 - [TEST_STEP][PASSED] - if (i == 3 &amp;&amp; wildList.indexOf(symbol) != -1): null

2019-08-10 23:49:20 - [TEST_STEP][PASSED] - if (i == 4 &amp;&amp; wildList.indexOf(symbol) != -1): null

2019-08-10 23:49:20 - [TEST_STEP][PASSED] - symbols = symbols: null

2019-08-10 23:49:20 - [TEST_STEP][PASSED] - for ([j = 0, j &lt; symbols.size(), (j++)]): null

2019-08-10 23:49:20 - [TEST_STEP][PASSED] - symbol = symbol: null

2019-08-10 23:49:26 - [TEST_STEP][PASSED] - println(symbol): null

2019-08-10 23:49:26 - [TEST_STEP][PASSED] - if (i == 2 &amp;&amp; wildList.indexOf(symbol) != -1): null

2019-08-10 23:49:26 - [TEST_STEP][PASSED] - if (i == 3 &amp;&amp; wildList.indexOf(symbol) != -1): null

2019-08-10 23:49:26 - [TEST_STEP][PASSED] - if (i == 4 &amp;&amp; wildList.indexOf(symbol) != -1): null

2019-08-10 23:49:26 - [TEST_STEP][PASSED] - symbol = symbol: null

2019-08-10 23:49:26 - [TEST_STEP][PASSED] - println(symbol): null

2019-08-10 23:49:26 - [TEST_STEP][PASSED] - if (i == 2 &amp;&amp; wildList.indexOf(symbol) != -1): null

2019-08-10 23:49:26 - [TEST_STEP][PASSED] - if (i == 3 &amp;&amp; wildList.indexOf(symbol) != -1): null

2019-08-10 23:49:26 - [TEST_STEP][PASSED] - if (i == 4 &amp;&amp; wildList.indexOf(symbol) != -1): null

2019-08-10 23:49:26 - [TEST_STEP][PASSED] - symbol = symbol: null

2019-08-10 23:49:26 - [TEST_STEP][PASSED] - println(symbol): null

2019-08-10 23:49:26 - [TEST_STEP][PASSED] - if (i == 2 &amp;&amp; wildList.indexOf(symbol) != -1): null

2019-08-10 23:49:26 - [TEST_STEP][PASSED] - if (i == 3 &amp;&amp; wildList.indexOf(symbol) != -1): null

2019-08-10 23:49:26 - [TEST_STEP][PASSED] - if (i == 4 &amp;&amp; wildList.indexOf(symbol) != -1): null

2019-08-10 23:49:26 - [TEST_STEP][PASSED] - symbols = symbols: null

2019-08-10 23:49:26 - [TEST_STEP][PASSED] - for ([j = 0, j &lt; symbols.size(), (j++)]): null

2019-08-10 23:49:26 - [TEST_STEP][PASSED] - symbol = symbol: null

2019-08-10 23:49:26 - [TEST_STEP][PASSED] - println(symbol): null

2019-08-10 23:49:26 - [TEST_STEP][PASSED] - if (i == 2 &amp;&amp; wildList.indexOf(symbol) != -1): null

2019-08-10 23:49:26 - [TEST_STEP][PASSED] - if (i == 3 &amp;&amp; wildList.indexOf(symbol) != -1): null

2019-08-10 23:49:26 - [TEST_STEP][PASSED] - if (i == 4 &amp;&amp; wildList.indexOf(symbol) != -1): null

2019-08-10 23:49:26 - [TEST_STEP][PASSED] - symbol = symbol: null

2019-08-10 23:49:26 - [TEST_STEP][PASSED] - println(symbol): null

2019-08-10 23:49:26 - [TEST_STEP][PASSED] - if (i == 2 &amp;&amp; wildList.indexOf(symbol) != -1): null

2019-08-10 23:49:26 - [TEST_STEP][PASSED] - if (i == 3 &amp;&amp; wildList.indexOf(symbol) != -1): null

2019-08-10 23:49:26 - [TEST_STEP][PASSED] - if (i == 4 &amp;&amp; wildList.indexOf(symbol) != -1): null

2019-08-10 23:49:26 - [TEST_STEP][PASSED] - symbol = symbol: null

2019-08-10 23:49:26 - [TEST_STEP][PASSED] - println(symbol): null

2019-08-10 23:49:26 - [TEST_STEP][PASSED] - if (i == 2 &amp;&amp; wildList.indexOf(symbol) != -1): null

2019-08-10 23:49:26 - [TEST_STEP][PASSED] - if (i == 3 &amp;&amp; wildList.indexOf(symbol) != -1): null

2019-08-10 23:49:26 - [TEST_STEP][PASSED] - if (i == 4 &amp;&amp; wildList.indexOf(symbol) != -1): null

2019-08-10 23:49:26 - [TEST_STEP][PASSED] - free_spin_reel_counter = free_spin_reel_counter: null

2019-08-10 23:49:26 - [TEST_STEP][PASSED] - println("reel 3 wild found: " + free_spin_reel_counter[0]): null

2019-08-10 23:49:26 - [TEST_STEP][PASSED] - println("reel 4 wild found: " + free_spin_reel_counter[1]): null

2019-08-10 23:49:26 - [TEST_STEP][PASSED] - println("reel 5 wild found: " + free_spin_reel_counter[2]): null

2019-08-10 23:49:26 - [TEST_STEP][PASSED] - M4_spin_reels = M4_spin_reels: null

2019-08-10 23:49:26 - [TEST_STEP][PASSED] - M4_spin_reels_symbols = symbol: null

2019-08-10 23:49:26 - [TEST_STEP][PASSED] - M4_spin_reels_symbols = M4_spin_reels_symbols: null

2019-08-10 23:49:26 - [TEST_STEP][PASSED] - M4_spin_reel_wins = reel_wins: null

2019-08-10 23:49:26 - [TEST_STEP][PASSED] - M4_spin_reel_wins = M4_spin_reel_wins: null

2019-08-10 23:49:26 - [TEST_STEP][PASSED] - println("GlobalVariable.M4_spin_reel_wins is: " + M4_spin_reel_wins): null

2019-08-10 23:49:26 - [TEST_STEP][PASSED] - M4_spin_total_bonus_win_this_round = total_bonus_win_this_round: null

2019-08-10 23:49:26 - [TEST_STEP][PASSED] - M4_spin_total_bonus_win_this_round = M4_spin_total_bonus_win_this_round: null

2019-08-10 23:49:26 - [TEST_STEP][PASSED] - println("GlobalVariable.M4_spin_total_bonus_win_this_round is: " + M4_spin_total_bonus_win_this_round): null

2019-08-10 23:49:26 - [MESSAGE][PASSED] - Verify response successfully

2019-08-10 23:49:26 - [MESSAGE][PASSED] - Send request and verify the response successfully

2019-08-10 23:49:26 - [TEST_STEP][PASSED] - if (M4_total_bonus_spins_int != 0 &amp;&amp; M4_spin_reels_symbols[2].contains("WILD_ExtraFG") || M4_spin_reels_symbols[3].contains("WILD_ExtraFG")): null

2019-08-10 23:49:26 - [TEST_STEP][PASSED] - free_spin_reel_counter = free_spin_reel_counter: null

2019-08-10 23:49:26 - [TEST_STEP][PASSED] - M4_spin_reels_symbols = M4_spin_reels_symbols: null

2019-08-10 23:49:26 - [TEST_STEP][PASSED] - M4_total_bonus_spins = M4_total_bonus_spins: null

2019-08-10 23:49:26 - [TEST_STEP][PASSED] - spin_result = sendRequestAndVerify(findTestObject("RGS(M4)/1_M4_spin", ["M4_login_user_id":M4_login_user_id, "rgs_session_token":rgs_session_token, "partner":Partner])): Send request and verify the response successfully

2019-08-10 23:49:26 - [TEST_CASE][PASSED] - Start Test Case : Verification: Verification accomplished successfully

2019-08-10 23:49:26 - [TEST_STEP][PASSED] - request = getInstance().getCurrentRequest(): null

2019-08-10 23:49:27 - [TEST_STEP][PASSED] - response = getInstance().getCurrentResponse(): null

2019-08-10 23:49:27 - [TEST_STEP][PASSED] - verifyResponseStatusCode(response, 200): Verify response status code successfully

2019-08-10 23:49:27 - [MESSAGE][PASSED] - Verify response status code successfully

2019-08-10 23:49:27 - [TEST_STEP][PASSED] - getStatusCode()).isEqualTo(200): null

2019-08-10 23:49:27 - [TEST_STEP][PASSED] - newline = System.getProperty("line.separator"): null

2019-08-10 23:49:27 - [TEST_STEP][PASSED] - M4_spin = new groovy.json.JsonSlurper(): null

2019-08-10 23:49:27 - [TEST_STEP][PASSED] - result_M4_spin = M4_spin.parseText(response.getResponseBodyContent()): null

2019-08-10 23:49:27 - [TEST_STEP][PASSED] - M4_spin_current_balance = current_balance: null

2019-08-10 23:49:27 - [TEST_STEP][PASSED] - M4_spin_current_balance = M4_spin_current_balance: null

2019-08-10 23:49:27 - [TEST_STEP][PASSED] - M4_spin_transaction_id = causality: null

2019-08-10 23:49:27 - [TEST_STEP][PASSED] - M4_spin_transaction_id = M4_spin_transaction_id: null

2019-08-10 23:49:27 - [TEST_STEP][PASSED] - M4_spin_round_id = round_id: null

2019-08-10 23:49:27 - [TEST_STEP][PASSED] - M4_spin_round_id = M4_spin_round_id: null

2019-08-10 23:49:27 - [TEST_STEP][PASSED] - M4_spin_line_wins = line_wins: null

2019-08-10 23:49:27 - [TEST_STEP][PASSED] - M4_spin_line_wins = M4_spin_line_wins: null

2019-08-10 23:49:27 - [TEST_STEP][PASSED] - M4_total_bonus_spins_int = total_bonus_spins: null

2019-08-10 23:49:27 - [TEST_STEP][PASSED] - println("******M4_total_bonus_spins type is:*******" + newline + getClass().getName()): null

2019-08-10 23:49:27 - [TEST_STEP][PASSED] - M4_total_bonus_spins_int = M4_total_bonus_spins_int: null

2019-08-10 23:49:27 - [TEST_STEP][PASSED] - M4_total_bonus_spins = Integer.toString(M4_total_bonus_spins_int): null

2019-08-10 23:49:27 - [TEST_STEP][PASSED] - M4_total_bonus_spins = M4_total_bonus_spins: null

2019-08-10 23:49:27 - [TEST_STEP][PASSED] - println("M4_total_bonus_spins is:" + M4_total_bonus_spins): null

2019-08-10 23:49:27 - [TEST_STEP][PASSED] - M4_spin_bonus_data = bonus_data: null

2019-08-10 23:49:27 - [TEST_STEP][PASSED] - M4_spin_features_triggered = result_M4_spin: null

2019-08-10 23:49:27 - [TEST_STEP][PASSED] - wild = []: null

2019-08-10 23:49:27 - [TEST_STEP][PASSED] - wild[0] = "WILD_Expanding": null

2019-08-10 23:49:27 - [TEST_STEP][PASSED] - wild[1] = "WILD_Normal": null

2019-08-10 23:49:27 - [TEST_STEP][PASSED] - wild[2] = "WILD_Double": null

2019-08-10 23:49:27 - [TEST_STEP][PASSED] - wild[3] = "WILD_ExtraFG": null

2019-08-10 23:49:27 - [TEST_STEP][PASSED] - wild[4] = "WILD_Triple": null

2019-08-10 23:49:27 - [TEST_STEP][PASSED] - wildList = Arrays.asList(wild): null

2019-08-10 23:49:27 - [TEST_STEP][PASSED] - wildList = wildList: null

2019-08-10 23:49:27 - [TEST_STEP][PASSED] - free_spin_reel_counter = []: null

2019-08-10 23:49:27 - [TEST_STEP][PASSED] - free_spin_reel_counter[0] = 0: null

2019-08-10 23:49:27 - [TEST_STEP][PASSED] - free_spin_reel_counter[1] = 0: null

2019-08-10 23:49:27 - [TEST_STEP][PASSED] - free_spin_reel_counter[2] = 0: null

2019-08-10 23:49:27 - [TEST_STEP][PASSED] - M4_spin_reels = reels: null

2019-08-10 23:49:27 - [TEST_STEP][PASSED] - for ([i = 0, i &lt; M4_spin_reels.size(), (i++)]): null

2019-08-10 23:49:27 - [TEST_STEP][PASSED] - symbols = symbols: null

2019-08-10 23:49:27 - [TEST_STEP][PASSED] - for ([j = 0, j &lt; symbols.size(), (j++)]): null

2019-08-10 23:49:27 - [TEST_STEP][PASSED] - symbol = symbol: null

2019-08-10 23:49:27 - [TEST_STEP][PASSED] - println(symbol): null

2019-08-10 23:49:27 - [TEST_STEP][PASSED] - if (i == 2 &amp;&amp; wildList.indexOf(symbol) != -1): null

2019-08-10 23:49:27 - [TEST_STEP][PASSED] - if (i == 3 &amp;&amp; wildList.indexOf(symbol) != -1): null

2019-08-10 23:49:27 - [TEST_STEP][PASSED] - if (i == 4 &amp;&amp; wildList.indexOf(symbol) != -1): null

2019-08-10 23:49:27 - [TEST_STEP][PASSED] - symbol = symbol: null

2019-08-10 23:49:27 - [TEST_STEP][PASSED] - println(symbol): null

2019-08-10 23:49:27 - [TEST_STEP][PASSED] - if (i == 2 &amp;&amp; wildList.indexOf(symbol) != -1): null

2019-08-10 23:49:27 - [TEST_STEP][PASSED] - if (i == 3 &amp;&amp; wildList.indexOf(symbol) != -1): null

2019-08-10 23:49:27 - [TEST_STEP][PASSED] - if (i == 4 &amp;&amp; wildList.indexOf(symbol) != -1): null

2019-08-10 23:49:27 - [TEST_STEP][PASSED] - symbol = symbol: null

2019-08-10 23:49:27 - [TEST_STEP][PASSED] - println(symbol): null

2019-08-10 23:49:27 - [TEST_STEP][PASSED] - if (i == 2 &amp;&amp; wildList.indexOf(symbol) != -1): null

2019-08-10 23:49:27 - [TEST_STEP][PASSED] - if (i == 3 &amp;&amp; wildList.indexOf(symbol) != -1): null

2019-08-10 23:49:27 - [TEST_STEP][PASSED] - if (i == 4 &amp;&amp; wildList.indexOf(symbol) != -1): null

2019-08-10 23:49:27 - [TEST_STEP][PASSED] - symbols = symbols: null

2019-08-10 23:49:27 - [TEST_STEP][PASSED] - for ([j = 0, j &lt; symbols.size(), (j++)]): null

2019-08-10 23:49:27 - [TEST_STEP][PASSED] - symbol = symbol: null

2019-08-10 23:49:27 - [TEST_STEP][PASSED] - println(symbol): null

2019-08-10 23:49:27 - [TEST_STEP][PASSED] - if (i == 2 &amp;&amp; wildList.indexOf(symbol) != -1): null

2019-08-10 23:49:27 - [TEST_STEP][PASSED] - if (i == 3 &amp;&amp; wildList.indexOf(symbol) != -1): null

2019-08-10 23:49:27 - [TEST_STEP][PASSED] - if (i == 4 &amp;&amp; wildList.indexOf(symbol) != -1): null

2019-08-10 23:49:27 - [TEST_STEP][PASSED] - symbol = symbol: null

2019-08-10 23:49:27 - [TEST_STEP][PASSED] - println(symbol): null

2019-08-10 23:49:27 - [TEST_STEP][PASSED] - if (i == 2 &amp;&amp; wildList.indexOf(symbol) != -1): null

2019-08-10 23:49:27 - [TEST_STEP][PASSED] - if (i == 3 &amp;&amp; wildList.indexOf(symbol) != -1): null

2019-08-10 23:49:27 - [TEST_STEP][PASSED] - if (i == 4 &amp;&amp; wildList.indexOf(symbol) != -1): null

2019-08-10 23:49:27 - [TEST_STEP][PASSED] - symbol = symbol: null

2019-08-10 23:49:27 - [TEST_STEP][PASSED] - println(symbol): null

2019-08-10 23:49:27 - [TEST_STEP][PASSED] - if (i == 2 &amp;&amp; wildList.indexOf(symbol) != -1): null

2019-08-10 23:49:27 - [TEST_STEP][PASSED] - if (i == 3 &amp;&amp; wildList.indexOf(symbol) != -1): null

2019-08-10 23:49:27 - [TEST_STEP][PASSED] - if (i == 4 &amp;&amp; wildList.indexOf(symbol) != -1): null

2019-08-10 23:49:27 - [TEST_STEP][PASSED] - symbols = symbols: null

2019-08-10 23:49:27 - [TEST_STEP][PASSED] - for ([j = 0, j &lt; symbols.size(), (j++)]): null

2019-08-10 23:49:27 - [TEST_STEP][PASSED] - symbol = symbol: null

2019-08-10 23:49:27 - [TEST_STEP][PASSED] - println(symbol): null

2019-08-10 23:49:27 - [TEST_STEP][PASSED] - if (i == 2 &amp;&amp; wildList.indexOf(symbol) != -1): null

2019-08-10 23:49:27 - [TEST_STEP][PASSED] - if (i == 3 &amp;&amp; wildList.indexOf(symbol) != -1): null

2019-08-10 23:49:27 - [TEST_STEP][PASSED] - if (i == 4 &amp;&amp; wildList.indexOf(symbol) != -1): null

2019-08-10 23:49:27 - [TEST_STEP][PASSED] - symbol = symbol: null

2019-08-10 23:49:27 - [TEST_STEP][PASSED] - println(symbol): null

2019-08-10 23:49:27 - [TEST_STEP][PASSED] - if (i == 2 &amp;&amp; wildList.indexOf(symbol) != -1): null

2019-08-10 23:49:27 - [TEST_STEP][PASSED] - if (i == 3 &amp;&amp; wildList.indexOf(symbol) != -1): null

2019-08-10 23:49:27 - [TEST_STEP][PASSED] - if (i == 4 &amp;&amp; wildList.indexOf(symbol) != -1): null

2019-08-10 23:49:27 - [TEST_STEP][PASSED] - symbol = symbol: null

2019-08-10 23:49:27 - [TEST_STEP][PASSED] - println(symbol): null

2019-08-10 23:49:27 - [TEST_STEP][PASSED] - if (i == 2 &amp;&amp; wildList.indexOf(symbol) != -1): null

2019-08-10 23:49:27 - [TEST_STEP][PASSED] - if (i == 3 &amp;&amp; wildList.indexOf(symbol) != -1): null

2019-08-10 23:49:27 - [TEST_STEP][PASSED] - if (i == 4 &amp;&amp; wildList.indexOf(symbol) != -1): null

2019-08-10 23:49:27 - [TEST_STEP][PASSED] - symbols = symbols: null

2019-08-10 23:49:27 - [TEST_STEP][PASSED] - for ([j = 0, j &lt; symbols.size(), (j++)]): null

2019-08-10 23:49:27 - [TEST_STEP][PASSED] - symbol = symbol: null

2019-08-10 23:49:27 - [TEST_STEP][PASSED] - println(symbol): null

2019-08-10 23:49:27 - [TEST_STEP][PASSED] - if (i == 2 &amp;&amp; wildList.indexOf(symbol) != -1): null

2019-08-10 23:49:27 - [TEST_STEP][PASSED] - if (i == 3 &amp;&amp; wildList.indexOf(symbol) != -1): null

2019-08-10 23:49:27 - [TEST_STEP][PASSED] - if (i == 4 &amp;&amp; wildList.indexOf(symbol) != -1): null

2019-08-10 23:49:27 - [TEST_STEP][PASSED] - symbol = symbol: null

2019-08-10 23:49:27 - [TEST_STEP][PASSED] - println(symbol): null

2019-08-10 23:49:27 - [TEST_STEP][PASSED] - if (i == 2 &amp;&amp; wildList.indexOf(symbol) != -1): null

2019-08-10 23:49:27 - [TEST_STEP][PASSED] - if (i == 3 &amp;&amp; wildList.indexOf(symbol) != -1): null

2019-08-10 23:49:27 - [TEST_STEP][PASSED] - if (i == 4 &amp;&amp; wildList.indexOf(symbol) != -1): null

2019-08-10 23:49:27 - [TEST_STEP][PASSED] - symbol = symbol: null

2019-08-10 23:49:27 - [TEST_STEP][PASSED] - println(symbol): null

2019-08-10 23:49:27 - [TEST_STEP][PASSED] - if (i == 2 &amp;&amp; wildList.indexOf(symbol) != -1): null

2019-08-10 23:49:27 - [TEST_STEP][PASSED] - if (i == 3 &amp;&amp; wildList.indexOf(symbol) != -1): null

2019-08-10 23:49:27 - [TEST_STEP][PASSED] - if (i == 4 &amp;&amp; wildList.indexOf(symbol) != -1): null

2019-08-10 23:49:27 - [TEST_STEP][PASSED] - symbols = symbols: null

2019-08-10 23:49:27 - [TEST_STEP][PASSED] - for ([j = 0, j &lt; symbols.size(), (j++)]): null

2019-08-10 23:49:27 - [TEST_STEP][PASSED] - symbol = symbol: null

2019-08-10 23:49:27 - [TEST_STEP][PASSED] - println(symbol): null

2019-08-10 23:49:27 - [TEST_STEP][PASSED] - if (i == 2 &amp;&amp; wildList.indexOf(symbol) != -1): null

2019-08-10 23:49:27 - [TEST_STEP][PASSED] - if (i == 3 &amp;&amp; wildList.indexOf(symbol) != -1): null

2019-08-10 23:49:27 - [TEST_STEP][PASSED] - if (i == 4 &amp;&amp; wildList.indexOf(symbol) != -1): null

2019-08-10 23:49:27 - [TEST_STEP][PASSED] - symbol = symbol: null

2019-08-10 23:49:27 - [TEST_STEP][PASSED] - println(symbol): null

2019-08-10 23:49:27 - [TEST_STEP][PASSED] - if (i == 2 &amp;&amp; wildList.indexOf(symbol) != -1): null

2019-08-10 23:49:27 - [TEST_STEP][PASSED] - if (i == 3 &amp;&amp; wildList.indexOf(symbol) != -1): null

2019-08-10 23:49:27 - [TEST_STEP][PASSED] - if (i == 4 &amp;&amp; wildList.indexOf(symbol) != -1): null

2019-08-10 23:49:27 - [TEST_STEP][PASSED] - symbol = symbol: null

2019-08-10 23:49:27 - [TEST_STEP][PASSED] - println(symbol): null

2019-08-10 23:49:27 - [TEST_STEP][PASSED] - if (i == 2 &amp;&amp; wildList.indexOf(symbol) != -1): null

2019-08-10 23:49:27 - [TEST_STEP][PASSED] - if (i == 3 &amp;&amp; wildList.indexOf(symbol) != -1): null

2019-08-10 23:49:27 - [TEST_STEP][PASSED] - if (i == 4 &amp;&amp; wildList.indexOf(symbol) != -1): null

2019-08-10 23:49:27 - [TEST_STEP][PASSED] - println("wild found on reel 5, adding counter by 1"): null

2019-08-10 23:49:27 - [TEST_STEP][PASSED] - free_spin_reel_counter[2] = free_spin_reel_counter[2] + 1: null

2019-08-10 23:49:27 - [TEST_STEP][PASSED] - free_spin_reel_counter = free_spin_reel_counter: null

2019-08-10 23:49:27 - [TEST_STEP][PASSED] - println("reel 3 wild found: " + free_spin_reel_counter[0]): null

2019-08-10 23:49:27 - [TEST_STEP][PASSED] - println("reel 4 wild found: " + free_spin_reel_counter[1]): null

2019-08-10 23:49:27 - [TEST_STEP][PASSED] - println("reel 5 wild found: " + free_spin_reel_counter[2]): null

2019-08-10 23:49:27 - [TEST_STEP][PASSED] - M4_spin_reels = M4_spin_reels: null

2019-08-10 23:49:27 - [TEST_STEP][PASSED] - M4_spin_reels_symbols = symbol: null

2019-08-10 23:49:27 - [TEST_STEP][PASSED] - M4_spin_reels_symbols = M4_spin_reels_symbols: null

2019-08-10 23:49:27 - [TEST_STEP][PASSED] - M4_spin_reel_wins = reel_wins: null

2019-08-10 23:49:27 - [TEST_STEP][PASSED] - M4_spin_reel_wins = M4_spin_reel_wins: null

2019-08-10 23:49:27 - [TEST_STEP][PASSED] - println("GlobalVariable.M4_spin_reel_wins is: " + M4_spin_reel_wins): null

2019-08-10 23:49:27 - [TEST_STEP][PASSED] - M4_spin_total_bonus_win_this_round = total_bonus_win_this_round: null

2019-08-10 23:49:27 - [TEST_STEP][PASSED] - M4_spin_total_bonus_win_this_round = M4_spin_total_bonus_win_this_round: null

2019-08-10 23:49:27 - [TEST_STEP][PASSED] - println("GlobalVariable.M4_spin_total_bonus_win_this_round is: " + M4_spin_total_bonus_win_this_round): null

2019-08-10 23:49:27 - [MESSAGE][PASSED] - Verify response successfully

2019-08-10 23:49:27 - [MESSAGE][PASSED] - Send request and verify the response successfully

2019-08-10 23:49:27 - [TEST_STEP][PASSED] - if (M4_total_bonus_spins_int != 0 &amp;&amp; M4_spin_reels_symbols[2].contains("WILD_ExtraFG") || M4_spin_reels_symbols[3].contains("WILD_ExtraFG")): null

2019-08-10 23:49:27 - [TEST_STEP][PASSED] - free_spin_reel_counter = free_spin_reel_counter: null

2019-08-10 23:49:27 - [TEST_STEP][PASSED] - M4_spin_reels_symbols = M4_spin_reels_symbols: null

2019-08-10 23:49:27 - [TEST_STEP][PASSED] - M4_total_bonus_spins = M4_total_bonus_spins: null

2019-08-10 23:49:27 - [TEST_STEP][PASSED] - spin_result = sendRequestAndVerify(findTestObject("RGS(M4)/1_M4_spin", ["M4_login_user_id":M4_login_user_id, "rgs_session_token":rgs_session_token, "partner":Partner])): Send request and verify the response successfully

2019-08-10 23:49:27 - [TEST_CASE][PASSED] - Start Test Case : Verification: Verification accomplished successfully

2019-08-10 23:49:27 - [TEST_STEP][PASSED] - request = getInstance().getCurrentRequest(): null

2019-08-10 23:49:27 - [TEST_STEP][PASSED] - response = getInstance().getCurrentResponse(): null

2019-08-10 23:49:27 - [TEST_STEP][PASSED] - verifyResponseStatusCode(response, 200): Verify response status code successfully

2019-08-10 23:49:27 - [MESSAGE][PASSED] - Verify response status code successfully

2019-08-10 23:49:27 - [TEST_STEP][PASSED] - getStatusCode()).isEqualTo(200): null

2019-08-10 23:49:27 - [TEST_STEP][PASSED] - newline = System.getProperty("line.separator"): null

2019-08-10 23:49:27 - [TEST_STEP][PASSED] - M4_spin = new groovy.json.JsonSlurper(): null

2019-08-10 23:49:27 - [TEST_STEP][PASSED] - result_M4_spin = M4_spin.parseText(response.getResponseBodyContent()): null

2019-08-10 23:49:27 - [TEST_STEP][PASSED] - M4_spin_current_balance = current_balance: null

2019-08-10 23:49:27 - [TEST_STEP][PASSED] - M4_spin_current_balance = M4_spin_current_balance: null

2019-08-10 23:49:27 - [TEST_STEP][PASSED] - M4_spin_transaction_id = causality: null

2019-08-10 23:49:27 - [TEST_STEP][PASSED] - M4_spin_transaction_id = M4_spin_transaction_id: null

2019-08-10 23:49:27 - [TEST_STEP][PASSED] - M4_spin_round_id = round_id: null

2019-08-10 23:49:27 - [TEST_STEP][PASSED] - M4_spin_round_id = M4_spin_round_id: null

2019-08-10 23:49:27 - [TEST_STEP][PASSED] - M4_spin_line_wins = line_wins: null

2019-08-10 23:49:27 - [TEST_STEP][PASSED] - M4_spin_line_wins = M4_spin_line_wins: null

2019-08-10 23:49:27 - [TEST_STEP][PASSED] - M4_total_bonus_spins_int = total_bonus_spins: null

2019-08-10 23:49:27 - [TEST_STEP][PASSED] - println("******M4_total_bonus_spins type is:*******" + newline + getClass().getName()): null

2019-08-10 23:49:27 - [TEST_STEP][PASSED] - M4_total_bonus_spins_int = M4_total_bonus_spins_int: null

2019-08-10 23:49:27 - [TEST_STEP][PASSED] - M4_total_bonus_spins = Integer.toString(M4_total_bonus_spins_int): null

2019-08-10 23:49:27 - [TEST_STEP][PASSED] - M4_total_bonus_spins = M4_total_bonus_spins: null

2019-08-10 23:49:27 - [TEST_STEP][PASSED] - println("M4_total_bonus_spins is:" + M4_total_bonus_spins): null

2019-08-10 23:49:27 - [TEST_STEP][PASSED] - M4_spin_bonus_data = bonus_data: null

2019-08-10 23:49:27 - [TEST_STEP][PASSED] - M4_spin_features_triggered = result_M4_spin: null

2019-08-10 23:49:27 - [TEST_STEP][PASSED] - wild = []: null

2019-08-10 23:49:27 - [TEST_STEP][PASSED] - wild[0] = "WILD_Expanding": null

2019-08-10 23:49:27 - [TEST_STEP][PASSED] - wild[1] = "WILD_Normal": null

2019-08-10 23:49:27 - [TEST_STEP][PASSED] - wild[2] = "WILD_Double": null

2019-08-10 23:49:27 - [TEST_STEP][PASSED] - wild[3] = "WILD_ExtraFG": null

2019-08-10 23:49:27 - [TEST_STEP][PASSED] - wild[4] = "WILD_Triple": null

2019-08-10 23:49:27 - [TEST_STEP][PASSED] - wildList = Arrays.asList(wild): null

2019-08-10 23:49:27 - [TEST_STEP][PASSED] - wildList = wildList: null

2019-08-10 23:49:27 - [TEST_STEP][PASSED] - free_spin_reel_counter = []: null

2019-08-10 23:49:27 - [TEST_STEP][PASSED] - free_spin_reel_counter[0] = 0: null

2019-08-10 23:49:27 - [TEST_STEP][PASSED] - free_spin_reel_counter[1] = 0: null

2019-08-10 23:49:27 - [TEST_STEP][PASSED] - free_spin_reel_counter[2] = 0: null

2019-08-10 23:49:27 - [TEST_STEP][PASSED] - M4_spin_reels = reels: null

2019-08-10 23:49:27 - [TEST_STEP][PASSED] - for ([i = 0, i &lt; M4_spin_reels.size(), (i++)]): null

2019-08-10 23:49:27 - [TEST_STEP][PASSED] - symbols = symbols: null

2019-08-10 23:49:27 - [TEST_STEP][PASSED] - for ([j = 0, j &lt; symbols.size(), (j++)]): null

2019-08-10 23:49:27 - [TEST_STEP][PASSED] - symbol = symbol: null

2019-08-10 23:49:27 - [TEST_STEP][PASSED] - println(symbol): null

2019-08-10 23:49:27 - [TEST_STEP][PASSED] - if (i == 2 &amp;&amp; wildList.indexOf(symbol) != -1): null

2019-08-10 23:49:27 - [TEST_STEP][PASSED] - if (i == 3 &amp;&amp; wildList.indexOf(symbol) != -1): null

2019-08-10 23:49:27 - [TEST_STEP][PASSED] - if (i == 4 &amp;&amp; wildList.indexOf(symbol) != -1): null

2019-08-10 23:49:27 - [TEST_STEP][PASSED] - symbol = symbol: null

2019-08-10 23:49:27 - [TEST_STEP][PASSED] - println(symbol): null

2019-08-10 23:49:27 - [TEST_STEP][PASSED] - if (i == 2 &amp;&amp; wildList.indexOf(symbol) != -1): null

2019-08-10 23:49:27 - [TEST_STEP][PASSED] - if (i == 3 &amp;&amp; wildList.indexOf(symbol) != -1): null

2019-08-10 23:49:27 - [TEST_STEP][PASSED] - if (i == 4 &amp;&amp; wildList.indexOf(symbol) != -1): null

2019-08-10 23:49:27 - [TEST_STEP][PASSED] - symbol = symbol: null

2019-08-10 23:49:27 - [TEST_STEP][PASSED] - println(symbol): null

2019-08-10 23:49:27 - [TEST_STEP][PASSED] - if (i == 2 &amp;&amp; wildList.indexOf(symbol) != -1): null

2019-08-10 23:49:27 - [TEST_STEP][PASSED] - if (i == 3 &amp;&amp; wildList.indexOf(symbol) != -1): null

2019-08-10 23:49:27 - [TEST_STEP][PASSED] - if (i == 4 &amp;&amp; wildList.indexOf(symbol) != -1): null

2019-08-10 23:49:27 - [TEST_STEP][PASSED] - symbols = symbols: null

2019-08-10 23:49:27 - [TEST_STEP][PASSED] - for ([j = 0, j &lt; symbols.size(), (j++)]): null

2019-08-10 23:49:27 - [TEST_STEP][PASSED] - symbol = symbol: null

2019-08-10 23:49:27 - [TEST_STEP][PASSED] - println(symbol): null

2019-08-10 23:49:27 - [TEST_STEP][PASSED] - if (i == 2 &amp;&amp; wildList.indexOf(symbol) != -1): null

2019-08-10 23:49:27 - [TEST_STEP][PASSED] - if (i == 3 &amp;&amp; wildList.indexOf(symbol) != -1): null

2019-08-10 23:49:27 - [TEST_STEP][PASSED] - if (i == 4 &amp;&amp; wildList.indexOf(symbol) != -1): null

2019-08-10 23:49:27 - [TEST_STEP][PASSED] - symbol = symbol: null

2019-08-10 23:49:27 - [TEST_STEP][PASSED] - println(symbol): null

2019-08-10 23:49:27 - [TEST_STEP][PASSED] - if (i == 2 &amp;&amp; wildList.indexOf(symbol) != -1): null

2019-08-10 23:49:27 - [TEST_STEP][PASSED] - if (i == 3 &amp;&amp; wildList.indexOf(symbol) != -1): null

2019-08-10 23:49:27 - [TEST_STEP][PASSED] - if (i == 4 &amp;&amp; wildList.indexOf(symbol) != -1): null

2019-08-10 23:49:27 - [TEST_STEP][PASSED] - symbol = symbol: null

2019-08-10 23:49:27 - [TEST_STEP][PASSED] - println(symbol): null

2019-08-10 23:49:27 - [TEST_STEP][PASSED] - if (i == 2 &amp;&amp; wildList.indexOf(symbol) != -1): null

2019-08-10 23:49:27 - [TEST_STEP][PASSED] - if (i == 3 &amp;&amp; wildList.indexOf(symbol) != -1): null

2019-08-10 23:49:27 - [TEST_STEP][PASSED] - if (i == 4 &amp;&amp; wildList.indexOf(symbol) != -1): null

2019-08-10 23:49:27 - [TEST_STEP][PASSED] - symbols = symbols: null

2019-08-10 23:49:27 - [TEST_STEP][PASSED] - for ([j = 0, j &lt; symbols.size(), (j++)]): null

2019-08-10 23:49:27 - [TEST_STEP][PASSED] - symbol = symbol: null

2019-08-10 23:49:27 - [TEST_STEP][PASSED] - println(symbol): null

2019-08-10 23:49:27 - [TEST_STEP][PASSED] - if (i == 2 &amp;&amp; wildList.indexOf(symbol) != -1): null

2019-08-10 23:49:27 - [TEST_STEP][PASSED] - if (i == 3 &amp;&amp; wildList.indexOf(symbol) != -1): null

2019-08-10 23:49:27 - [TEST_STEP][PASSED] - if (i == 4 &amp;&amp; wildList.indexOf(symbol) != -1): null

2019-08-10 23:49:27 - [TEST_STEP][PASSED] - symbol = symbol: null

2019-08-10 23:49:27 - [TEST_STEP][PASSED] - println(symbol): null

2019-08-10 23:49:27 - [TEST_STEP][PASSED] - if (i == 2 &amp;&amp; wildList.indexOf(symbol) != -1): null

2019-08-10 23:49:27 - [TEST_STEP][PASSED] - if (i == 3 &amp;&amp; wildList.indexOf(symbol) != -1): null

2019-08-10 23:49:27 - [TEST_STEP][PASSED] - if (i == 4 &amp;&amp; wildList.indexOf(symbol) != -1): null

2019-08-10 23:49:27 - [TEST_STEP][PASSED] - symbol = symbol: null

2019-08-10 23:49:27 - [TEST_STEP][PASSED] - println(symbol): null

2019-08-10 23:49:27 - [TEST_STEP][PASSED] - if (i == 2 &amp;&amp; wildList.indexOf(symbol) != -1): null

2019-08-10 23:49:27 - [TEST_STEP][PASSED] - if (i == 3 &amp;&amp; wildList.indexOf(symbol) != -1): null

2019-08-10 23:49:27 - [TEST_STEP][PASSED] - if (i == 4 &amp;&amp; wildList.indexOf(symbol) != -1): null

2019-08-10 23:49:27 - [TEST_STEP][PASSED] - symbols = symbols: null

2019-08-10 23:49:27 - [TEST_STEP][PASSED] - for ([j = 0, j &lt; symbols.size(), (j++)]): null

2019-08-10 23:49:27 - [TEST_STEP][PASSED] - symbol = symbol: null

2019-08-10 23:49:27 - [TEST_STEP][PASSED] - println(symbol): null

2019-08-10 23:49:27 - [TEST_STEP][PASSED] - if (i == 2 &amp;&amp; wildList.indexOf(symbol) != -1): null

2019-08-10 23:49:27 - [TEST_STEP][PASSED] - if (i == 3 &amp;&amp; wildList.indexOf(symbol) != -1): null

2019-08-10 23:49:27 - [TEST_STEP][PASSED] - if (i == 4 &amp;&amp; wildList.indexOf(symbol) != -1): null

2019-08-10 23:49:27 - [TEST_STEP][PASSED] - symbol = symbol: null

2019-08-10 23:49:27 - [TEST_STEP][PASSED] - println(symbol): null

2019-08-10 23:49:27 - [TEST_STEP][PASSED] - if (i == 2 &amp;&amp; wildList.indexOf(symbol) != -1): null

2019-08-10 23:49:27 - [TEST_STEP][PASSED] - if (i == 3 &amp;&amp; wildList.indexOf(symbol) != -1): null

2019-08-10 23:49:27 - [TEST_STEP][PASSED] - if (i == 4 &amp;&amp; wildList.indexOf(symbol) != -1): null

2019-08-10 23:49:27 - [TEST_STEP][PASSED] - symbol = symbol: null

2019-08-10 23:49:27 - [TEST_STEP][PASSED] - println(symbol): null

2019-08-10 23:49:27 - [TEST_STEP][PASSED] - if (i == 2 &amp;&amp; wildList.indexOf(symbol) != -1): null

2019-08-10 23:49:27 - [TEST_STEP][PASSED] - if (i == 3 &amp;&amp; wildList.indexOf(symbol) != -1): null

2019-08-10 23:49:27 - [TEST_STEP][PASSED] - if (i == 4 &amp;&amp; wildList.indexOf(symbol) != -1): null

2019-08-10 23:49:27 - [TEST_STEP][PASSED] - symbols = symbols: null

2019-08-10 23:49:27 - [TEST_STEP][PASSED] - for ([j = 0, j &lt; symbols.size(), (j++)]): null

2019-08-10 23:49:27 - [TEST_STEP][PASSED] - symbol = symbol: null

2019-08-10 23:49:27 - [TEST_STEP][PASSED] - println(symbol): null

2019-08-10 23:49:27 - [TEST_STEP][PASSED] - if (i == 2 &amp;&amp; wildList.indexOf(symbol) != -1): null

2019-08-10 23:49:27 - [TEST_STEP][PASSED] - if (i == 3 &amp;&amp; wildList.indexOf(symbol) != -1): null

2019-08-10 23:49:27 - [TEST_STEP][PASSED] - if (i == 4 &amp;&amp; wildList.indexOf(symbol) != -1): null

2019-08-10 23:49:27 - [TEST_STEP][PASSED] - symbol = symbol: null

2019-08-10 23:49:27 - [TEST_STEP][PASSED] - println(symbol): null

2019-08-10 23:49:27 - [TEST_STEP][PASSED] - if (i == 2 &amp;&amp; wildList.indexOf(symbol) != -1): null

2019-08-10 23:49:27 - [TEST_STEP][PASSED] - if (i == 3 &amp;&amp; wildList.indexOf(symbol) != -1): null

2019-08-10 23:49:27 - [TEST_STEP][PASSED] - if (i == 4 &amp;&amp; wildList.indexOf(symbol) != -1): null

2019-08-10 23:49:27 - [TEST_STEP][PASSED] - symbol = symbol: null

2019-08-10 23:49:27 - [TEST_STEP][PASSED] - println(symbol): null

2019-08-10 23:49:27 - [TEST_STEP][PASSED] - if (i == 2 &amp;&amp; wildList.indexOf(symbol) != -1): null

2019-08-10 23:49:27 - [TEST_STEP][PASSED] - if (i == 3 &amp;&amp; wildList.indexOf(symbol) != -1): null

2019-08-10 23:49:27 - [TEST_STEP][PASSED] - if (i == 4 &amp;&amp; wildList.indexOf(symbol) != -1): null

2019-08-10 23:49:27 - [TEST_STEP][PASSED] - free_spin_reel_counter = free_spin_reel_counter: null

2019-08-10 23:49:27 - [TEST_STEP][PASSED] - println("reel 3 wild found: " + free_spin_reel_counter[0]): null

2019-08-10 23:49:27 - [TEST_STEP][PASSED] - println("reel 4 wild found: " + free_spin_reel_counter[1]): null

2019-08-10 23:49:27 - [TEST_STEP][PASSED] - println("reel 5 wild found: " + free_spin_reel_counter[2]): null

2019-08-10 23:49:27 - [TEST_STEP][PASSED] - M4_spin_reels = M4_spin_reels: null

2019-08-10 23:49:27 - [TEST_STEP][PASSED] - M4_spin_reels_symbols = symbol: null

2019-08-10 23:49:27 - [TEST_STEP][PASSED] - M4_spin_reels_symbols = M4_spin_reels_symbols: null

2019-08-10 23:49:27 - [TEST_STEP][PASSED] - M4_spin_reel_wins = reel_wins: null

2019-08-10 23:49:27 - [TEST_STEP][PASSED] - M4_spin_reel_wins = M4_spin_reel_wins: null

2019-08-10 23:49:27 - [TEST_STEP][PASSED] - println("GlobalVariable.M4_spin_reel_wins is: " + M4_spin_reel_wins): null

2019-08-10 23:49:27 - [TEST_STEP][PASSED] - M4_spin_total_bonus_win_this_round = total_bonus_win_this_round: null

2019-08-10 23:49:27 - [TEST_STEP][PASSED] - M4_spin_total_bonus_win_this_round = M4_spin_total_bonus_win_this_round: null

2019-08-10 23:49:27 - [TEST_STEP][PASSED] - println("GlobalVariable.M4_spin_total_bonus_win_this_round is: " + M4_spin_total_bonus_win_this_round): null

2019-08-10 23:49:27 - [MESSAGE][PASSED] - Verify response successfully

2019-08-10 23:49:27 - [MESSAGE][PASSED] - Send request and verify the response successfully

2019-08-10 23:49:27 - [TEST_STEP][PASSED] - if (M4_total_bonus_spins_int != 0 &amp;&amp; M4_spin_reels_symbols[2].contains("WILD_ExtraFG") || M4_spin_reels_symbols[3].contains("WILD_ExtraFG")): null

2019-08-10 23:49:27 - [TEST_STEP][PASSED] - free_spin_reel_counter = free_spin_reel_counter: null

2019-08-10 23:49:27 - [TEST_STEP][PASSED] - M4_spin_reels_symbols = M4_spin_reels_symbols: null

2019-08-10 23:49:27 - [TEST_STEP][PASSED] - M4_total_bonus_spins = M4_total_bonus_spins: null

2019-08-10 23:49:27 - [TEST_STEP][PASSED] - spin_result = sendRequestAndVerify(findTestObject("RGS(M4)/1_M4_spin", ["M4_login_user_id":M4_login_user_id, "rgs_session_token":rgs_session_token, "partner":Partner])): Send request and verify the response successfully

2019-08-10 23:49:28 - [TEST_CASE][PASSED] - Start Test Case : Verification: Verification accomplished successfully

2019-08-10 23:49:28 - [TEST_STEP][PASSED] - request = getInstance().getCurrentRequest(): null

2019-08-10 23:49:28 - [TEST_STEP][PASSED] - response = getInstance().getCurrentResponse(): null

2019-08-10 23:49:28 - [TEST_STEP][PASSED] - verifyResponseStatusCode(response, 200): Verify response status code successfully

2019-08-10 23:49:28 - [MESSAGE][PASSED] - Verify response status code successfully

2019-08-10 23:49:28 - [TEST_STEP][PASSED] - getStatusCode()).isEqualTo(200): null

2019-08-10 23:49:28 - [TEST_STEP][PASSED] - newline = System.getProperty("line.separator"): null

2019-08-10 23:49:28 - [TEST_STEP][PASSED] - M4_spin = new groovy.json.JsonSlurper(): null

2019-08-10 23:49:28 - [TEST_STEP][PASSED] - result_M4_spin = M4_spin.parseText(response.getResponseBodyContent()): null

2019-08-10 23:49:28 - [TEST_STEP][PASSED] - M4_spin_current_balance = current_balance: null

2019-08-10 23:49:28 - [TEST_STEP][PASSED] - M4_spin_current_balance = M4_spin_current_balance: null

2019-08-10 23:49:28 - [TEST_STEP][PASSED] - M4_spin_transaction_id = causality: null

2019-08-10 23:49:28 - [TEST_STEP][PASSED] - M4_spin_transaction_id = M4_spin_transaction_id: null

2019-08-10 23:49:28 - [TEST_STEP][PASSED] - M4_spin_round_id = round_id: null

2019-08-10 23:49:28 - [TEST_STEP][PASSED] - M4_spin_round_id = M4_spin_round_id: null

2019-08-10 23:49:28 - [TEST_STEP][PASSED] - M4_spin_line_wins = line_wins: null

2019-08-10 23:49:28 - [TEST_STEP][PASSED] - M4_spin_line_wins = M4_spin_line_wins: null

2019-08-10 23:49:28 - [TEST_STEP][PASSED] - M4_total_bonus_spins_int = total_bonus_spins: null

2019-08-10 23:49:28 - [TEST_STEP][PASSED] - println("******M4_total_bonus_spins type is:*******" + newline + getClass().getName()): null

2019-08-10 23:49:28 - [TEST_STEP][PASSED] - M4_total_bonus_spins_int = M4_total_bonus_spins_int: null

2019-08-10 23:49:28 - [TEST_STEP][PASSED] - M4_total_bonus_spins = Integer.toString(M4_total_bonus_spins_int): null

2019-08-10 23:49:28 - [TEST_STEP][PASSED] - M4_total_bonus_spins = M4_total_bonus_spins: null

2019-08-10 23:49:28 - [TEST_STEP][PASSED] - println("M4_total_bonus_spins is:" + M4_total_bonus_spins): null

2019-08-10 23:49:28 - [TEST_STEP][PASSED] - M4_spin_bonus_data = bonus_data: null

2019-08-10 23:49:28 - [TEST_STEP][PASSED] - M4_spin_features_triggered = result_M4_spin: null

2019-08-10 23:49:28 - [TEST_STEP][PASSED] - wild = []: null

2019-08-10 23:49:28 - [TEST_STEP][PASSED] - wild[0] = "WILD_Expanding": null

2019-08-10 23:49:28 - [TEST_STEP][PASSED] - wild[1] = "WILD_Normal": null

2019-08-10 23:49:28 - [TEST_STEP][PASSED] - wild[2] = "WILD_Double": null

2019-08-10 23:49:28 - [TEST_STEP][PASSED] - wild[3] = "WILD_ExtraFG": null

2019-08-10 23:49:28 - [TEST_STEP][PASSED] - wild[4] = "WILD_Triple": null

2019-08-10 23:49:28 - [TEST_STEP][PASSED] - wildList = Arrays.asList(wild): null

2019-08-10 23:49:28 - [TEST_STEP][PASSED] - wildList = wildList: null

2019-08-10 23:49:28 - [TEST_STEP][PASSED] - free_spin_reel_counter = []: null

2019-08-10 23:49:28 - [TEST_STEP][PASSED] - free_spin_reel_counter[0] = 0: null

2019-08-10 23:49:28 - [TEST_STEP][PASSED] - free_spin_reel_counter[1] = 0: null

2019-08-10 23:49:28 - [TEST_STEP][PASSED] - free_spin_reel_counter[2] = 0: null

2019-08-10 23:49:28 - [TEST_STEP][PASSED] - M4_spin_reels = reels: null

2019-08-10 23:49:28 - [TEST_STEP][PASSED] - for ([i = 0, i &lt; M4_spin_reels.size(), (i++)]): null

2019-08-10 23:49:28 - [TEST_STEP][PASSED] - symbols = symbols: null

2019-08-10 23:49:28 - [TEST_STEP][PASSED] - for ([j = 0, j &lt; symbols.size(), (j++)]): null

2019-08-10 23:49:28 - [TEST_STEP][PASSED] - symbol = symbol: null

2019-08-10 23:49:28 - [TEST_STEP][PASSED] - println(symbol): null

2019-08-10 23:49:28 - [TEST_STEP][PASSED] - if (i == 2 &amp;&amp; wildList.indexOf(symbol) != -1): null

2019-08-10 23:49:28 - [TEST_STEP][PASSED] - if (i == 3 &amp;&amp; wildList.indexOf(symbol) != -1): null

2019-08-10 23:49:28 - [TEST_STEP][PASSED] - if (i == 4 &amp;&amp; wildList.indexOf(symbol) != -1): null

2019-08-10 23:49:28 - [TEST_STEP][PASSED] - symbol = symbol: null

2019-08-10 23:49:28 - [TEST_STEP][PASSED] - println(symbol): null

2019-08-10 23:49:28 - [TEST_STEP][PASSED] - if (i == 2 &amp;&amp; wildList.indexOf(symbol) != -1): null

2019-08-10 23:49:28 - [TEST_STEP][PASSED] - if (i == 3 &amp;&amp; wildList.indexOf(symbol) != -1): null

2019-08-10 23:49:28 - [TEST_STEP][PASSED] - if (i == 4 &amp;&amp; wildList.indexOf(symbol) != -1): null

2019-08-10 23:49:28 - [TEST_STEP][PASSED] - symbol = symbol: null

2019-08-10 23:49:28 - [TEST_STEP][PASSED] - println(symbol): null

2019-08-10 23:49:28 - [TEST_STEP][PASSED] - if (i == 2 &amp;&amp; wildList.indexOf(symbol) != -1): null

2019-08-10 23:49:28 - [TEST_STEP][PASSED] - if (i == 3 &amp;&amp; wildList.indexOf(symbol) != -1): null

2019-08-10 23:49:28 - [TEST_STEP][PASSED] - if (i == 4 &amp;&amp; wildList.indexOf(symbol) != -1): null

2019-08-10 23:49:28 - [TEST_STEP][PASSED] - symbols = symbols: null

2019-08-10 23:49:28 - [TEST_STEP][PASSED] - for ([j = 0, j &lt; symbols.size(), (j++)]): null

2019-08-10 23:49:28 - [TEST_STEP][PASSED] - symbol = symbol: null

2019-08-10 23:49:28 - [TEST_STEP][PASSED] - println(symbol): null

2019-08-10 23:49:28 - [TEST_STEP][PASSED] - if (i == 2 &amp;&amp; wildList.indexOf(symbol) != -1): null

2019-08-10 23:49:28 - [TEST_STEP][PASSED] - if (i == 3 &amp;&amp; wildList.indexOf(symbol) != -1): null

2019-08-10 23:49:28 - [TEST_STEP][PASSED] - if (i == 4 &amp;&amp; wildList.indexOf(symbol) != -1): null

2019-08-10 23:49:28 - [TEST_STEP][PASSED] - symbol = symbol: null

2019-08-10 23:49:28 - [TEST_STEP][PASSED] - println(symbol): null

2019-08-10 23:49:28 - [TEST_STEP][PASSED] - if (i == 2 &amp;&amp; wildList.indexOf(symbol) != -1): null

2019-08-10 23:49:28 - [TEST_STEP][PASSED] - if (i == 3 &amp;&amp; wildList.indexOf(symbol) != -1): null

2019-08-10 23:49:28 - [TEST_STEP][PASSED] - if (i == 4 &amp;&amp; wildList.indexOf(symbol) != -1): null

2019-08-10 23:49:28 - [TEST_STEP][PASSED] - symbol = symbol: null

2019-08-10 23:49:28 - [TEST_STEP][PASSED] - println(symbol): null

2019-08-10 23:49:28 - [TEST_STEP][PASSED] - if (i == 2 &amp;&amp; wildList.indexOf(symbol) != -1): null

2019-08-10 23:49:28 - [TEST_STEP][PASSED] - if (i == 3 &amp;&amp; wildList.indexOf(symbol) != -1): null

2019-08-10 23:49:28 - [TEST_STEP][PASSED] - if (i == 4 &amp;&amp; wildList.indexOf(symbol) != -1): null

2019-08-10 23:49:28 - [TEST_STEP][PASSED] - symbols = symbols: null

2019-08-10 23:49:28 - [TEST_STEP][PASSED] - for ([j = 0, j &lt; symbols.size(), (j++)]): null

2019-08-10 23:49:28 - [TEST_STEP][PASSED] - symbol = symbol: null

2019-08-10 23:49:28 - [TEST_STEP][PASSED] - println(symbol): null

2019-08-10 23:49:28 - [TEST_STEP][PASSED] - if (i == 2 &amp;&amp; wildList.indexOf(symbol) != -1): null

2019-08-10 23:49:28 - [TEST_STEP][PASSED] - println("wild found on reel 3, adding counter by 1"): null

2019-08-10 23:49:28 - [TEST_STEP][PASSED] - free_spin_reel_counter[0] = free_spin_reel_counter[0] + 1: null

2019-08-10 23:49:28 - [TEST_STEP][PASSED] - if (i == 3 &amp;&amp; wildList.indexOf(symbol) != -1): null

2019-08-10 23:49:28 - [TEST_STEP][PASSED] - if (i == 4 &amp;&amp; wildList.indexOf(symbol) != -1): null

2019-08-10 23:49:28 - [TEST_STEP][PASSED] - symbol = symbol: null

2019-08-10 23:49:28 - [TEST_STEP][PASSED] - println(symbol): null

2019-08-10 23:49:28 - [TEST_STEP][PASSED] - if (i == 2 &amp;&amp; wildList.indexOf(symbol) != -1): null

2019-08-10 23:49:28 - [TEST_STEP][PASSED] - if (i == 3 &amp;&amp; wildList.indexOf(symbol) != -1): null

2019-08-10 23:49:28 - [TEST_STEP][PASSED] - if (i == 4 &amp;&amp; wildList.indexOf(symbol) != -1): null

2019-08-10 23:49:28 - [TEST_STEP][PASSED] - symbol = symbol: null

2019-08-10 23:49:28 - [TEST_STEP][PASSED] - println(symbol): null

2019-08-10 23:49:28 - [TEST_STEP][PASSED] - if (i == 2 &amp;&amp; wildList.indexOf(symbol) != -1): null

2019-08-10 23:49:28 - [TEST_STEP][PASSED] - if (i == 3 &amp;&amp; wildList.indexOf(symbol) != -1): null

2019-08-10 23:49:28 - [TEST_STEP][PASSED] - if (i == 4 &amp;&amp; wildList.indexOf(symbol) != -1): null

2019-08-10 23:49:28 - [TEST_STEP][PASSED] - symbols = symbols: null

2019-08-10 23:49:28 - [TEST_STEP][PASSED] - for ([j = 0, j &lt; symbols.size(), (j++)]): null

2019-08-10 23:49:28 - [TEST_STEP][PASSED] - symbol = symbol: null

2019-08-10 23:49:28 - [TEST_STEP][PASSED] - println(symbol): null

2019-08-10 23:49:28 - [TEST_STEP][PASSED] - if (i == 2 &amp;&amp; wildList.indexOf(symbol) != -1): null

2019-08-10 23:49:28 - [TEST_STEP][PASSED] - if (i == 3 &amp;&amp; wildList.indexOf(symbol) != -1): null

2019-08-10 23:49:28 - [TEST_STEP][PASSED] - if (i == 4 &amp;&amp; wildList.indexOf(symbol) != -1): null

2019-08-10 23:49:28 - [TEST_STEP][PASSED] - symbol = symbol: null

2019-08-10 23:49:28 - [TEST_STEP][PASSED] - println(symbol): null

2019-08-10 23:49:28 - [TEST_STEP][PASSED] - if (i == 2 &amp;&amp; wildList.indexOf(symbol) != -1): null

2019-08-10 23:49:28 - [TEST_STEP][PASSED] - if (i == 3 &amp;&amp; wildList.indexOf(symbol) != -1): null

2019-08-10 23:49:28 - [TEST_STEP][PASSED] - if (i == 4 &amp;&amp; wildList.indexOf(symbol) != -1): null

2019-08-10 23:49:28 - [TEST_STEP][PASSED] - symbol = symbol: null

2019-08-10 23:49:28 - [TEST_STEP][PASSED] - println(symbol): null

2019-08-10 23:49:28 - [TEST_STEP][PASSED] - if (i == 2 &amp;&amp; wildList.indexOf(symbol) != -1): null

2019-08-10 23:49:28 - [TEST_STEP][PASSED] - if (i == 3 &amp;&amp; wildList.indexOf(symbol) != -1): null

2019-08-10 23:49:28 - [TEST_STEP][PASSED] - if (i == 4 &amp;&amp; wildList.indexOf(symbol) != -1): null

2019-08-10 23:49:28 - [TEST_STEP][PASSED] - symbols = symbols: null

2019-08-10 23:49:28 - [TEST_STEP][PASSED] - for ([j = 0, j &lt; symbols.size(), (j++)]): null

2019-08-10 23:49:28 - [TEST_STEP][PASSED] - symbol = symbol: null

2019-08-10 23:49:28 - [TEST_STEP][PASSED] - println(symbol): null

2019-08-10 23:49:28 - [TEST_STEP][PASSED] - if (i == 2 &amp;&amp; wildList.indexOf(symbol) != -1): null

2019-08-10 23:49:28 - [TEST_STEP][PASSED] - if (i == 3 &amp;&amp; wildList.indexOf(symbol) != -1): null

2019-08-10 23:49:28 - [TEST_STEP][PASSED] - if (i == 4 &amp;&amp; wildList.indexOf(symbol) != -1): null

2019-08-10 23:49:28 - [TEST_STEP][PASSED] - symbol = symbol: null

2019-08-10 23:49:28 - [TEST_STEP][PASSED] - println(symbol): null

2019-08-10 23:49:28 - [TEST_STEP][PASSED] - if (i == 2 &amp;&amp; wildList.indexOf(symbol) != -1): null

2019-08-10 23:49:28 - [TEST_STEP][PASSED] - if (i == 3 &amp;&amp; wildList.indexOf(symbol) != -1): null

2019-08-10 23:49:28 - [TEST_STEP][PASSED] - if (i == 4 &amp;&amp; wildList.indexOf(symbol) != -1): null

2019-08-10 23:49:28 - [TEST_STEP][PASSED] - symbol = symbol: null

2019-08-10 23:49:28 - [TEST_STEP][PASSED] - println(symbol): null

2019-08-10 23:49:28 - [TEST_STEP][PASSED] - if (i == 2 &amp;&amp; wildList.indexOf(symbol) != -1): null

2019-08-10 23:49:28 - [TEST_STEP][PASSED] - if (i == 3 &amp;&amp; wildList.indexOf(symbol) != -1): null

2019-08-10 23:49:28 - [TEST_STEP][PASSED] - if (i == 4 &amp;&amp; wildList.indexOf(symbol) != -1): null

2019-08-10 23:49:28 - [TEST_STEP][PASSED] - free_spin_reel_counter = free_spin_reel_counter: null

2019-08-10 23:49:28 - [TEST_STEP][PASSED] - println("reel 3 wild found: " + free_spin_reel_counter[0]): null

2019-08-10 23:49:28 - [TEST_STEP][PASSED] - println("reel 4 wild found: " + free_spin_reel_counter[1]): null

2019-08-10 23:49:28 - [TEST_STEP][PASSED] - println("reel 5 wild found: " + free_spin_reel_counter[2]): null

2019-08-10 23:49:28 - [TEST_STEP][PASSED] - M4_spin_reels = M4_spin_reels: null

2019-08-10 23:49:28 - [TEST_STEP][PASSED] - M4_spin_reels_symbols = symbol: null

2019-08-10 23:49:28 - [TEST_STEP][PASSED] - M4_spin_reels_symbols = M4_spin_reels_symbols: null

2019-08-10 23:49:28 - [TEST_STEP][PASSED] - M4_spin_reel_wins = reel_wins: null

2019-08-10 23:49:28 - [TEST_STEP][PASSED] - M4_spin_reel_wins = M4_spin_reel_wins: null

2019-08-10 23:49:28 - [TEST_STEP][PASSED] - println("GlobalVariable.M4_spin_reel_wins is: " + M4_spin_reel_wins): null

2019-08-10 23:49:28 - [TEST_STEP][PASSED] - M4_spin_total_bonus_win_this_round = total_bonus_win_this_round: null

2019-08-10 23:49:28 - [TEST_STEP][PASSED] - M4_spin_total_bonus_win_this_round = M4_spin_total_bonus_win_this_round: null

2019-08-10 23:49:28 - [TEST_STEP][PASSED] - println("GlobalVariable.M4_spin_total_bonus_win_this_round is: " + M4_spin_total_bonus_win_this_round): null

2019-08-10 23:49:28 - [MESSAGE][PASSED] - Verify response successfully

2019-08-10 23:49:28 - [MESSAGE][PASSED] - Send request and verify the response successfully

2019-08-10 23:49:28 - [TEST_STEP][PASSED] - if (M4_total_bonus_spins_int != 0 &amp;&amp; M4_spin_reels_symbols[2].contains("WILD_ExtraFG") || M4_spin_reels_symbols[3].contains("WILD_ExtraFG")): null

2019-08-10 23:49:28 - [TEST_STEP][PASSED] - free_spin_reel_counter = free_spin_reel_counter: null

2019-08-10 23:49:28 - [TEST_STEP][PASSED] - M4_spin_reels_symbols = M4_spin_reels_symbols: null

2019-08-10 23:49:28 - [TEST_STEP][PASSED] - M4_total_bonus_spins = M4_total_bonus_spins: null

2019-08-10 23:49:28 - [TEST_STEP][PASSED] - spin_result = sendRequestAndVerify(findTestObject("RGS(M4)/1_M4_spin", ["M4_login_user_id":M4_login_user_id, "rgs_session_token":rgs_session_token, "partner":Partner])): Send request and verify the response successfully

2019-08-10 23:49:28 - [TEST_CASE][PASSED] - Start Test Case : Verification: Verification accomplished successfully

2019-08-10 23:49:28 - [TEST_STEP][PASSED] - request = getInstance().getCurrentRequest(): null

2019-08-10 23:49:28 - [TEST_STEP][PASSED] - response = getInstance().getCurrentResponse(): null

2019-08-10 23:49:28 - [TEST_STEP][PASSED] - verifyResponseStatusCode(response, 200): Verify response status code successfully

2019-08-10 23:49:28 - [MESSAGE][PASSED] - Verify response status code successfully

2019-08-10 23:49:28 - [TEST_STEP][PASSED] - getStatusCode()).isEqualTo(200): null

2019-08-10 23:49:28 - [TEST_STEP][PASSED] - newline = System.getProperty("line.separator"): null

2019-08-10 23:49:28 - [TEST_STEP][PASSED] - M4_spin = new groovy.json.JsonSlurper(): null

2019-08-10 23:49:28 - [TEST_STEP][PASSED] - result_M4_spin = M4_spin.parseText(response.getResponseBodyContent()): null

2019-08-10 23:49:28 - [TEST_STEP][PASSED] - M4_spin_current_balance = current_balance: null

2019-08-10 23:49:28 - [TEST_STEP][PASSED] - M4_spin_current_balance = M4_spin_current_balance: null

2019-08-10 23:49:28 - [TEST_STEP][PASSED] - M4_spin_transaction_id = causality: null

2019-08-10 23:49:28 - [TEST_STEP][PASSED] - M4_spin_transaction_id = M4_spin_transaction_id: null

2019-08-10 23:49:28 - [TEST_STEP][PASSED] - M4_spin_round_id = round_id: null

2019-08-10 23:49:28 - [TEST_STEP][PASSED] - M4_spin_round_id = M4_spin_round_id: null

2019-08-10 23:49:28 - [TEST_STEP][PASSED] - M4_spin_line_wins = line_wins: null

2019-08-10 23:49:28 - [TEST_STEP][PASSED] - M4_spin_line_wins = M4_spin_line_wins: null

2019-08-10 23:49:28 - [TEST_STEP][PASSED] - M4_total_bonus_spins_int = total_bonus_spins: null

2019-08-10 23:49:28 - [TEST_STEP][PASSED] - println("******M4_total_bonus_spins type is:*******" + newline + getClass().getName()): null

2019-08-10 23:49:28 - [TEST_STEP][PASSED] - M4_total_bonus_spins_int = M4_total_bonus_spins_int: null

2019-08-10 23:49:28 - [TEST_STEP][PASSED] - M4_total_bonus_spins = Integer.toString(M4_total_bonus_spins_int): null

2019-08-10 23:49:28 - [TEST_STEP][PASSED] - M4_total_bonus_spins = M4_total_bonus_spins: null

2019-08-10 23:49:28 - [TEST_STEP][PASSED] - println("M4_total_bonus_spins is:" + M4_total_bonus_spins): null

2019-08-10 23:49:28 - [TEST_STEP][PASSED] - M4_spin_bonus_data = bonus_data: null

2019-08-10 23:49:28 - [TEST_STEP][PASSED] - M4_spin_features_triggered = result_M4_spin: null

2019-08-10 23:49:28 - [TEST_STEP][PASSED] - wild = []: null

2019-08-10 23:49:28 - [TEST_STEP][PASSED] - wild[0] = "WILD_Expanding": null

2019-08-10 23:49:28 - [TEST_STEP][PASSED] - wild[1] = "WILD_Normal": null

2019-08-10 23:49:28 - [TEST_STEP][PASSED] - wild[2] = "WILD_Double": null

2019-08-10 23:49:28 - [TEST_STEP][PASSED] - wild[3] = "WILD_ExtraFG": null

2019-08-10 23:49:28 - [TEST_STEP][PASSED] - wild[4] = "WILD_Triple": null

2019-08-10 23:49:28 - [TEST_STEP][PASSED] - wildList = Arrays.asList(wild): null

2019-08-10 23:49:28 - [TEST_STEP][PASSED] - wildList = wildList: null

2019-08-10 23:49:28 - [TEST_STEP][PASSED] - free_spin_reel_counter = []: null

2019-08-10 23:49:28 - [TEST_STEP][PASSED] - free_spin_reel_counter[0] = 0: null

2019-08-10 23:49:28 - [TEST_STEP][PASSED] - free_spin_reel_counter[1] = 0: null

2019-08-10 23:49:28 - [TEST_STEP][PASSED] - free_spin_reel_counter[2] = 0: null

2019-08-10 23:49:28 - [TEST_STEP][PASSED] - M4_spin_reels = reels: null

2019-08-10 23:49:28 - [TEST_STEP][PASSED] - for ([i = 0, i &lt; M4_spin_reels.size(), (i++)]): null

2019-08-10 23:49:28 - [TEST_STEP][PASSED] - symbols = symbols: null

2019-08-10 23:49:28 - [TEST_STEP][PASSED] - for ([j = 0, j &lt; symbols.size(), (j++)]): null

2019-08-10 23:49:28 - [TEST_STEP][PASSED] - symbol = symbol: null

2019-08-10 23:49:28 - [TEST_STEP][PASSED] - println(symbol): null

2019-08-10 23:49:28 - [TEST_STEP][PASSED] - if (i == 2 &amp;&amp; wildList.indexOf(symbol) != -1): null

2019-08-10 23:49:28 - [TEST_STEP][PASSED] - if (i == 3 &amp;&amp; wildList.indexOf(symbol) != -1): null

2019-08-10 23:49:28 - [TEST_STEP][PASSED] - if (i == 4 &amp;&amp; wildList.indexOf(symbol) != -1): null

2019-08-10 23:49:28 - [TEST_STEP][PASSED] - symbol = symbol: null

2019-08-10 23:49:28 - [TEST_STEP][PASSED] - println(symbol): null

2019-08-10 23:49:28 - [TEST_STEP][PASSED] - if (i == 2 &amp;&amp; wildList.indexOf(symbol) != -1): null

2019-08-10 23:49:28 - [TEST_STEP][PASSED] - if (i == 3 &amp;&amp; wildList.indexOf(symbol) != -1): null

2019-08-10 23:49:28 - [TEST_STEP][PASSED] - if (i == 4 &amp;&amp; wildList.indexOf(symbol) != -1): null

2019-08-10 23:49:28 - [TEST_STEP][PASSED] - symbol = symbol: null

2019-08-10 23:49:28 - [TEST_STEP][PASSED] - println(symbol): null

2019-08-10 23:49:28 - [TEST_STEP][PASSED] - if (i == 2 &amp;&amp; wildList.indexOf(symbol) != -1): null

2019-08-10 23:49:28 - [TEST_STEP][PASSED] - if (i == 3 &amp;&amp; wildList.indexOf(symbol) != -1): null

2019-08-10 23:49:28 - [TEST_STEP][PASSED] - if (i == 4 &amp;&amp; wildList.indexOf(symbol) != -1): null

2019-08-10 23:49:28 - [TEST_STEP][PASSED] - symbols = symbols: null

2019-08-10 23:49:28 - [TEST_STEP][PASSED] - for ([j = 0, j &lt; symbols.size(), (j++)]): null

2019-08-10 23:49:28 - [TEST_STEP][PASSED] - symbol = symbol: null

2019-08-10 23:49:28 - [TEST_STEP][PASSED] - println(symbol): null

2019-08-10 23:49:28 - [TEST_STEP][PASSED] - if (i == 2 &amp;&amp; wildList.indexOf(symbol) != -1): null

2019-08-10 23:49:28 - [TEST_STEP][PASSED] - if (i == 3 &amp;&amp; wildList.indexOf(symbol) != -1): null

2019-08-10 23:49:28 - [TEST_STEP][PASSED] - if (i == 4 &amp;&amp; wildList.indexOf(symbol) != -1): null

2019-08-10 23:49:28 - [TEST_STEP][PASSED] - symbol = symbol: null

2019-08-10 23:49:28 - [TEST_STEP][PASSED] - println(symbol): null

2019-08-10 23:49:28 - [TEST_STEP][PASSED] - if (i == 2 &amp;&amp; wildList.indexOf(symbol) != -1): null

2019-08-10 23:49:28 - [TEST_STEP][PASSED] - if (i == 3 &amp;&amp; wildList.indexOf(symbol) != -1): null

2019-08-10 23:49:28 - [TEST_STEP][PASSED] - if (i == 4 &amp;&amp; wildList.indexOf(symbol) != -1): null

2019-08-10 23:49:28 - [TEST_STEP][PASSED] - symbol = symbol: null

2019-08-10 23:49:28 - [TEST_STEP][PASSED] - println(symbol): null

2019-08-10 23:49:28 - [TEST_STEP][PASSED] - if (i == 2 &amp;&amp; wildList.indexOf(symbol) != -1): null

2019-08-10 23:49:28 - [TEST_STEP][PASSED] - if (i == 3 &amp;&amp; wildList.indexOf(symbol) != -1): null

2019-08-10 23:49:28 - [TEST_STEP][PASSED] - if (i == 4 &amp;&amp; wildList.indexOf(symbol) != -1): null

2019-08-10 23:49:28 - [TEST_STEP][PASSED] - symbols = symbols: null

2019-08-10 23:49:28 - [TEST_STEP][PASSED] - for ([j = 0, j &lt; symbols.size(), (j++)]): null

2019-08-10 23:49:28 - [TEST_STEP][PASSED] - symbol = symbol: null

2019-08-10 23:49:28 - [TEST_STEP][PASSED] - println(symbol): null

2019-08-10 23:49:28 - [TEST_STEP][PASSED] - if (i == 2 &amp;&amp; wildList.indexOf(symbol) != -1): null

2019-08-10 23:49:28 - [TEST_STEP][PASSED] - println("wild found on reel 3, adding counter by 1"): null

2019-08-10 23:49:28 - [TEST_STEP][PASSED] - free_spin_reel_counter[0] = free_spin_reel_counter[0] + 1: null

2019-08-10 23:49:28 - [TEST_STEP][PASSED] - if (i == 3 &amp;&amp; wildList.indexOf(symbol) != -1): null

2019-08-10 23:49:28 - [TEST_STEP][PASSED] - if (i == 4 &amp;&amp; wildList.indexOf(symbol) != -1): null

2019-08-10 23:49:28 - [TEST_STEP][PASSED] - symbol = symbol: null

2019-08-10 23:49:28 - [TEST_STEP][PASSED] - println(symbol): null

2019-08-10 23:49:28 - [TEST_STEP][PASSED] - if (i == 2 &amp;&amp; wildList.indexOf(symbol) != -1): null

2019-08-10 23:49:28 - [TEST_STEP][PASSED] - if (i == 3 &amp;&amp; wildList.indexOf(symbol) != -1): null

2019-08-10 23:49:28 - [TEST_STEP][PASSED] - if (i == 4 &amp;&amp; wildList.indexOf(symbol) != -1): null

2019-08-10 23:49:28 - [TEST_STEP][PASSED] - symbol = symbol: null

2019-08-10 23:49:28 - [TEST_STEP][PASSED] - println(symbol): null

2019-08-10 23:49:28 - [TEST_STEP][PASSED] - if (i == 2 &amp;&amp; wildList.indexOf(symbol) != -1): null

2019-08-10 23:49:28 - [TEST_STEP][PASSED] - if (i == 3 &amp;&amp; wildList.indexOf(symbol) != -1): null

2019-08-10 23:49:28 - [TEST_STEP][PASSED] - if (i == 4 &amp;&amp; wildList.indexOf(symbol) != -1): null

2019-08-10 23:49:28 - [TEST_STEP][PASSED] - symbols = symbols: null

2019-08-10 23:49:28 - [TEST_STEP][PASSED] - for ([j = 0, j &lt; symbols.size(), (j++)]): null

2019-08-10 23:49:28 - [TEST_STEP][PASSED] - symbol = symbol: null

2019-08-10 23:49:28 - [TEST_STEP][PASSED] - println(symbol): null

2019-08-10 23:49:28 - [TEST_STEP][PASSED] - if (i == 2 &amp;&amp; wildList.indexOf(symbol) != -1): null

2019-08-10 23:49:28 - [TEST_STEP][PASSED] - if (i == 3 &amp;&amp; wildList.indexOf(symbol) != -1): null

2019-08-10 23:49:28 - [TEST_STEP][PASSED] - if (i == 4 &amp;&amp; wildList.indexOf(symbol) != -1): null

2019-08-10 23:49:28 - [TEST_STEP][PASSED] - symbol = symbol: null

2019-08-10 23:49:28 - [TEST_STEP][PASSED] - println(symbol): null

2019-08-10 23:49:28 - [TEST_STEP][PASSED] - if (i == 2 &amp;&amp; wildList.indexOf(symbol) != -1): null

2019-08-10 23:49:28 - [TEST_STEP][PASSED] - if (i == 3 &amp;&amp; wildList.indexOf(symbol) != -1): null

2019-08-10 23:49:28 - [TEST_STEP][PASSED] - println("wild found on reel 4, adding counter by 1"): null

2019-08-10 23:49:28 - [TEST_STEP][PASSED] - free_spin_reel_counter[1] = free_spin_reel_counter[1] + 1: null

2019-08-10 23:49:28 - [TEST_STEP][PASSED] - if (i == 4 &amp;&amp; wildList.indexOf(symbol) != -1): null

2019-08-10 23:49:28 - [TEST_STEP][PASSED] - symbol = symbol: null

2019-08-10 23:49:28 - [TEST_STEP][PASSED] - println(symbol): null

2019-08-10 23:49:28 - [TEST_STEP][PASSED] - if (i == 2 &amp;&amp; wildList.indexOf(symbol) != -1): null

2019-08-10 23:49:28 - [TEST_STEP][PASSED] - if (i == 3 &amp;&amp; wildList.indexOf(symbol) != -1): null

2019-08-10 23:49:28 - [TEST_STEP][PASSED] - if (i == 4 &amp;&amp; wildList.indexOf(symbol) != -1): null

2019-08-10 23:49:28 - [TEST_STEP][PASSED] - symbols = symbols: null

2019-08-10 23:49:28 - [TEST_STEP][PASSED] - for ([j = 0, j &lt; symbols.size(), (j++)]): null

2019-08-10 23:49:28 - [TEST_STEP][PASSED] - symbol = symbol: null

2019-08-10 23:49:28 - [TEST_STEP][PASSED] - println(symbol): null

2019-08-10 23:49:28 - [TEST_STEP][PASSED] - if (i == 2 &amp;&amp; wildList.indexOf(symbol) != -1): null

2019-08-10 23:49:28 - [TEST_STEP][PASSED] - if (i == 3 &amp;&amp; wildList.indexOf(symbol) != -1): null

2019-08-10 23:49:28 - [TEST_STEP][PASSED] - if (i == 4 &amp;&amp; wildList.indexOf(symbol) != -1): null

2019-08-10 23:49:28 - [TEST_STEP][PASSED] - symbol = symbol: null

2019-08-10 23:49:28 - [TEST_STEP][PASSED] - println(symbol): null

2019-08-10 23:49:28 - [TEST_STEP][PASSED] - if (i == 2 &amp;&amp; wildList.indexOf(symbol) != -1): null

2019-08-10 23:49:28 - [TEST_STEP][PASSED] - if (i == 3 &amp;&amp; wildList.indexOf(symbol) != -1): null

2019-08-10 23:49:28 - [TEST_STEP][PASSED] - if (i == 4 &amp;&amp; wildList.indexOf(symbol) != -1): null

2019-08-10 23:49:28 - [TEST_STEP][PASSED] - symbol = symbol: null

2019-08-10 23:49:28 - [TEST_STEP][PASSED] - println(symbol): null

2019-08-10 23:49:28 - [TEST_STEP][PASSED] - if (i == 2 &amp;&amp; wildList.indexOf(symbol) != -1): null

2019-08-10 23:49:28 - [TEST_STEP][PASSED] - if (i == 3 &amp;&amp; wildList.indexOf(symbol) != -1): null

2019-08-10 23:49:28 - [TEST_STEP][PASSED] - if (i == 4 &amp;&amp; wildList.indexOf(symbol) != -1): null

2019-08-10 23:49:28 - [TEST_STEP][PASSED] - free_spin_reel_counter = free_spin_reel_counter: null

2019-08-10 23:49:28 - [TEST_STEP][PASSED] - println("reel 3 wild found: " + free_spin_reel_counter[0]): null

2019-08-10 23:49:28 - [TEST_STEP][PASSED] - println("reel 4 wild found: " + free_spin_reel_counter[1]): null

2019-08-10 23:49:28 - [TEST_STEP][PASSED] - println("reel 5 wild found: " + free_spin_reel_counter[2]): null

2019-08-10 23:49:28 - [TEST_STEP][PASSED] - M4_spin_reels = M4_spin_reels: null

2019-08-10 23:49:28 - [TEST_STEP][PASSED] - M4_spin_reels_symbols = symbol: null

2019-08-10 23:49:28 - [TEST_STEP][PASSED] - M4_spin_reels_symbols = M4_spin_reels_symbols: null

2019-08-10 23:49:28 - [TEST_STEP][PASSED] - M4_spin_reel_wins = reel_wins: null

2019-08-10 23:49:28 - [TEST_STEP][PASSED] - M4_spin_reel_wins = M4_spin_reel_wins: null

2019-08-10 23:49:28 - [TEST_STEP][PASSED] - println("GlobalVariable.M4_spin_reel_wins is: " + M4_spin_reel_wins): null

2019-08-10 23:49:28 - [TEST_STEP][PASSED] - M4_spin_total_bonus_win_this_round = total_bonus_win_this_round: null

2019-08-10 23:49:28 - [TEST_STEP][PASSED] - M4_spin_total_bonus_win_this_round = M4_spin_total_bonus_win_this_round: null

2019-08-10 23:49:28 - [TEST_STEP][PASSED] - println("GlobalVariable.M4_spin_total_bonus_win_this_round is: " + M4_spin_total_bonus_win_this_round): null

2019-08-10 23:49:28 - [MESSAGE][PASSED] - Verify response successfully

2019-08-10 23:49:28 - [MESSAGE][PASSED] - Send request and verify the response successfully

2019-08-10 23:49:28 - [TEST_STEP][PASSED] - if (M4_total_bonus_spins_int != 0 &amp;&amp; M4_spin_reels_symbols[2].contains("WILD_ExtraFG") || M4_spin_reels_symbols[3].contains("WILD_ExtraFG")): null

2019-08-10 23:49:28 - [TEST_STEP][PASSED] - free_spin_reel_counter = free_spin_reel_counter: null

2019-08-10 23:49:28 - [TEST_STEP][PASSED] - M4_spin_reels_symbols = M4_spin_reels_symbols: null

2019-08-10 23:49:28 - [TEST_STEP][PASSED] - M4_total_bonus_spins = M4_total_bonus_spins: null

2019-08-10 23:49:28 - [TEST_STEP][PASSED] - spin_result = sendRequestAndVerify(findTestObject("RGS(M4)/1_M4_spin", ["M4_login_user_id":M4_login_user_id, "rgs_session_token":rgs_session_token, "partner":Partner])): Send request and verify the response successfully

2019-08-10 23:49:30 - [TEST_CASE][PASSED] - Start Test Case : Verification: Verification accomplished successfully

2019-08-10 23:49:30 - [TEST_STEP][PASSED] - request = getInstance().getCurrentRequest(): null

2019-08-10 23:49:30 - [TEST_STEP][PASSED] - response = getInstance().getCurrentResponse(): null

2019-08-10 23:49:30 - [TEST_STEP][PASSED] - verifyResponseStatusCode(response, 200): Verify response status code successfully

2019-08-10 23:49:30 - [MESSAGE][PASSED] - Verify response status code successfully

2019-08-10 23:49:30 - [TEST_STEP][PASSED] - getStatusCode()).isEqualTo(200): null

2019-08-10 23:49:30 - [TEST_STEP][PASSED] - newline = System.getProperty("line.separator"): null

2019-08-10 23:49:30 - [TEST_STEP][PASSED] - M4_spin = new groovy.json.JsonSlurper(): null

2019-08-10 23:49:30 - [TEST_STEP][PASSED] - result_M4_spin = M4_spin.parseText(response.getResponseBodyContent()): null

2019-08-10 23:49:30 - [TEST_STEP][PASSED] - M4_spin_current_balance = current_balance: null

2019-08-10 23:49:30 - [TEST_STEP][PASSED] - M4_spin_current_balance = M4_spin_current_balance: null

2019-08-10 23:49:30 - [TEST_STEP][PASSED] - M4_spin_transaction_id = causality: null

2019-08-10 23:49:30 - [TEST_STEP][PASSED] - M4_spin_transaction_id = M4_spin_transaction_id: null

2019-08-10 23:49:30 - [TEST_STEP][PASSED] - M4_spin_round_id = round_id: null

2019-08-10 23:49:30 - [TEST_STEP][PASSED] - M4_spin_round_id = M4_spin_round_id: null

2019-08-10 23:49:30 - [TEST_STEP][PASSED] - M4_spin_line_wins = line_wins: null

2019-08-10 23:49:30 - [TEST_STEP][PASSED] - M4_spin_line_wins = M4_spin_line_wins: null

2019-08-10 23:49:30 - [TEST_STEP][PASSED] - M4_total_bonus_spins_int = total_bonus_spins: null

2019-08-10 23:49:30 - [TEST_STEP][PASSED] - println("******M4_total_bonus_spins type is:*******" + newline + getClass().getName()): null

2019-08-10 23:49:30 - [TEST_STEP][PASSED] - M4_total_bonus_spins_int = M4_total_bonus_spins_int: null

2019-08-10 23:49:30 - [TEST_STEP][PASSED] - M4_total_bonus_spins = Integer.toString(M4_total_bonus_spins_int): null

2019-08-10 23:49:30 - [TEST_STEP][PASSED] - M4_total_bonus_spins = M4_total_bonus_spins: null

2019-08-10 23:49:30 - [TEST_STEP][PASSED] - println("M4_total_bonus_spins is:" + M4_total_bonus_spins): null

2019-08-10 23:49:30 - [TEST_STEP][PASSED] - M4_spin_bonus_data = bonus_data: null

2019-08-10 23:49:30 - [TEST_STEP][PASSED] - M4_spin_features_triggered = result_M4_spin: null

2019-08-10 23:49:30 - [TEST_STEP][PASSED] - wild = []: null

2019-08-10 23:49:30 - [TEST_STEP][PASSED] - wild[0] = "WILD_Expanding": null

2019-08-10 23:49:30 - [TEST_STEP][PASSED] - wild[1] = "WILD_Normal": null

2019-08-10 23:49:30 - [TEST_STEP][PASSED] - wild[2] = "WILD_Double": null

2019-08-10 23:49:30 - [TEST_STEP][PASSED] - wild[3] = "WILD_ExtraFG": null

2019-08-10 23:49:30 - [TEST_STEP][PASSED] - wild[4] = "WILD_Triple": null

2019-08-10 23:49:30 - [TEST_STEP][PASSED] - wildList = Arrays.asList(wild): null

2019-08-10 23:49:30 - [TEST_STEP][PASSED] - wildList = wildList: null

2019-08-10 23:49:30 - [TEST_STEP][PASSED] - free_spin_reel_counter = []: null

2019-08-10 23:49:30 - [TEST_STEP][PASSED] - free_spin_reel_counter[0] = 0: null

2019-08-10 23:49:30 - [TEST_STEP][PASSED] - free_spin_reel_counter[1] = 0: null

2019-08-10 23:49:30 - [TEST_STEP][PASSED] - free_spin_reel_counter[2] = 0: null

2019-08-10 23:49:30 - [TEST_STEP][PASSED] - M4_spin_reels = reels: null

2019-08-10 23:49:30 - [TEST_STEP][PASSED] - for ([i = 0, i &lt; M4_spin_reels.size(), (i++)]): null

2019-08-10 23:49:30 - [TEST_STEP][PASSED] - symbols = symbols: null

2019-08-10 23:49:30 - [TEST_STEP][PASSED] - for ([j = 0, j &lt; symbols.size(), (j++)]): null

2019-08-10 23:49:30 - [TEST_STEP][PASSED] - symbol = symbol: null

2019-08-10 23:49:30 - [TEST_STEP][PASSED] - println(symbol): null

2019-08-10 23:49:30 - [TEST_STEP][PASSED] - if (i == 2 &amp;&amp; wildList.indexOf(symbol) != -1): null

2019-08-10 23:49:30 - [TEST_STEP][PASSED] - if (i == 3 &amp;&amp; wildList.indexOf(symbol) != -1): null

2019-08-10 23:49:30 - [TEST_STEP][PASSED] - if (i == 4 &amp;&amp; wildList.indexOf(symbol) != -1): null

2019-08-10 23:49:30 - [TEST_STEP][PASSED] - symbol = symbol: null

2019-08-10 23:49:30 - [TEST_STEP][PASSED] - println(symbol): null

2019-08-10 23:49:30 - [TEST_STEP][PASSED] - if (i == 2 &amp;&amp; wildList.indexOf(symbol) != -1): null

2019-08-10 23:49:30 - [TEST_STEP][PASSED] - if (i == 3 &amp;&amp; wildList.indexOf(symbol) != -1): null

2019-08-10 23:49:30 - [TEST_STEP][PASSED] - if (i == 4 &amp;&amp; wildList.indexOf(symbol) != -1): null

2019-08-10 23:49:30 - [TEST_STEP][PASSED] - symbol = symbol: null

2019-08-10 23:49:30 - [TEST_STEP][PASSED] - println(symbol): null

2019-08-10 23:49:30 - [TEST_STEP][PASSED] - if (i == 2 &amp;&amp; wildList.indexOf(symbol) != -1): null

2019-08-10 23:49:30 - [TEST_STEP][PASSED] - if (i == 3 &amp;&amp; wildList.indexOf(symbol) != -1): null

2019-08-10 23:49:30 - [TEST_STEP][PASSED] - if (i == 4 &amp;&amp; wildList.indexOf(symbol) != -1): null

2019-08-10 23:49:30 - [TEST_STEP][PASSED] - symbols = symbols: null

2019-08-10 23:49:30 - [TEST_STEP][PASSED] - for ([j = 0, j &lt; symbols.size(), (j++)]): null

2019-08-10 23:49:30 - [TEST_STEP][PASSED] - symbol = symbol: null

2019-08-10 23:49:30 - [TEST_STEP][PASSED] - println(symbol): null

2019-08-10 23:49:30 - [TEST_STEP][PASSED] - if (i == 2 &amp;&amp; wildList.indexOf(symbol) != -1): null

2019-08-10 23:49:30 - [TEST_STEP][PASSED] - if (i == 3 &amp;&amp; wildList.indexOf(symbol) != -1): null

2019-08-10 23:49:30 - [TEST_STEP][PASSED] - if (i == 4 &amp;&amp; wildList.indexOf(symbol) != -1): null

2019-08-10 23:49:30 - [TEST_STEP][PASSED] - symbol = symbol: null

2019-08-10 23:49:30 - [TEST_STEP][PASSED] - println(symbol): null

2019-08-10 23:49:30 - [TEST_STEP][PASSED] - if (i == 2 &amp;&amp; wildList.indexOf(symbol) != -1): null

2019-08-10 23:49:30 - [TEST_STEP][PASSED] - if (i == 3 &amp;&amp; wildList.indexOf(symbol) != -1): null

2019-08-10 23:49:30 - [TEST_STEP][PASSED] - if (i == 4 &amp;&amp; wildList.indexOf(symbol) != -1): null

2019-08-10 23:49:30 - [TEST_STEP][PASSED] - symbol = symbol: null

2019-08-10 23:49:30 - [TEST_STEP][PASSED] - println(symbol): null

2019-08-10 23:49:30 - [TEST_STEP][PASSED] - if (i == 2 &amp;&amp; wildList.indexOf(symbol) != -1): null

2019-08-10 23:49:30 - [TEST_STEP][PASSED] - if (i == 3 &amp;&amp; wildList.indexOf(symbol) != -1): null

2019-08-10 23:49:30 - [TEST_STEP][PASSED] - if (i == 4 &amp;&amp; wildList.indexOf(symbol) != -1): null

2019-08-10 23:49:30 - [TEST_STEP][PASSED] - symbols = symbols: null

2019-08-10 23:49:30 - [TEST_STEP][PASSED] - for ([j = 0, j &lt; symbols.size(), (j++)]): null

2019-08-10 23:49:30 - [TEST_STEP][PASSED] - symbol = symbol: null

2019-08-10 23:49:30 - [TEST_STEP][PASSED] - println(symbol): null

2019-08-10 23:49:30 - [TEST_STEP][PASSED] - if (i == 2 &amp;&amp; wildList.indexOf(symbol) != -1): null

2019-08-10 23:49:30 - [TEST_STEP][PASSED] - if (i == 3 &amp;&amp; wildList.indexOf(symbol) != -1): null

2019-08-10 23:49:30 - [TEST_STEP][PASSED] - if (i == 4 &amp;&amp; wildList.indexOf(symbol) != -1): null

2019-08-10 23:49:30 - [TEST_STEP][PASSED] - symbol = symbol: null

2019-08-10 23:49:30 - [TEST_STEP][PASSED] - println(symbol): null

2019-08-10 23:49:30 - [TEST_STEP][PASSED] - if (i == 2 &amp;&amp; wildList.indexOf(symbol) != -1): null

2019-08-10 23:49:30 - [TEST_STEP][PASSED] - if (i == 3 &amp;&amp; wildList.indexOf(symbol) != -1): null

2019-08-10 23:49:30 - [TEST_STEP][PASSED] - if (i == 4 &amp;&amp; wildList.indexOf(symbol) != -1): null

2019-08-10 23:49:30 - [TEST_STEP][PASSED] - symbol = symbol: null

2019-08-10 23:49:30 - [TEST_STEP][PASSED] - println(symbol): null

2019-08-10 23:49:30 - [TEST_STEP][PASSED] - if (i == 2 &amp;&amp; wildList.indexOf(symbol) != -1): null

2019-08-10 23:49:30 - [TEST_STEP][PASSED] - if (i == 3 &amp;&amp; wildList.indexOf(symbol) != -1): null

2019-08-10 23:49:30 - [TEST_STEP][PASSED] - if (i == 4 &amp;&amp; wildList.indexOf(symbol) != -1): null

2019-08-10 23:49:30 - [TEST_STEP][PASSED] - symbols = symbols: null

2019-08-10 23:49:30 - [TEST_STEP][PASSED] - for ([j = 0, j &lt; symbols.size(), (j++)]): null

2019-08-10 23:49:30 - [TEST_STEP][PASSED] - symbol = symbol: null

2019-08-10 23:49:30 - [TEST_STEP][PASSED] - println(symbol): null

2019-08-10 23:49:30 - [TEST_STEP][PASSED] - if (i == 2 &amp;&amp; wildList.indexOf(symbol) != -1): null

2019-08-10 23:49:30 - [TEST_STEP][PASSED] - if (i == 3 &amp;&amp; wildList.indexOf(symbol) != -1): null

2019-08-10 23:49:30 - [TEST_STEP][PASSED] - if (i == 4 &amp;&amp; wildList.indexOf(symbol) != -1): null

2019-08-10 23:49:30 - [TEST_STEP][PASSED] - symbol = symbol: null

2019-08-10 23:49:30 - [TEST_STEP][PASSED] - println(symbol): null

2019-08-10 23:49:30 - [TEST_STEP][PASSED] - if (i == 2 &amp;&amp; wildList.indexOf(symbol) != -1): null

2019-08-10 23:49:30 - [TEST_STEP][PASSED] - if (i == 3 &amp;&amp; wildList.indexOf(symbol) != -1): null

2019-08-10 23:49:30 - [TEST_STEP][PASSED] - if (i == 4 &amp;&amp; wildList.indexOf(symbol) != -1): null

2019-08-10 23:49:30 - [TEST_STEP][PASSED] - symbol = symbol: null

2019-08-10 23:49:30 - [TEST_STEP][PASSED] - println(symbol): null

2019-08-10 23:49:30 - [TEST_STEP][PASSED] - if (i == 2 &amp;&amp; wildList.indexOf(symbol) != -1): null

2019-08-10 23:49:30 - [TEST_STEP][PASSED] - if (i == 3 &amp;&amp; wildList.indexOf(symbol) != -1): null

2019-08-10 23:49:30 - [TEST_STEP][PASSED] - println("wild found on reel 4, adding counter by 1"): null

2019-08-10 23:49:30 - [TEST_STEP][PASSED] - free_spin_reel_counter[1] = free_spin_reel_counter[1] + 1: null

2019-08-10 23:49:30 - [TEST_STEP][PASSED] - if (i == 4 &amp;&amp; wildList.indexOf(symbol) != -1): null

2019-08-10 23:49:30 - [TEST_STEP][PASSED] - symbols = symbols: null

2019-08-10 23:49:30 - [TEST_STEP][PASSED] - for ([j = 0, j &lt; symbols.size(), (j++)]): null

2019-08-10 23:49:30 - [TEST_STEP][PASSED] - symbol = symbol: null

2019-08-10 23:49:30 - [TEST_STEP][PASSED] - println(symbol): null

2019-08-10 23:49:30 - [TEST_STEP][PASSED] - if (i == 2 &amp;&amp; wildList.indexOf(symbol) != -1): null

2019-08-10 23:49:30 - [TEST_STEP][PASSED] - if (i == 3 &amp;&amp; wildList.indexOf(symbol) != -1): null

2019-08-10 23:49:30 - [TEST_STEP][PASSED] - if (i == 4 &amp;&amp; wildList.indexOf(symbol) != -1): null

2019-08-10 23:49:30 - [TEST_STEP][PASSED] - symbol = symbol: null

2019-08-10 23:49:30 - [TEST_STEP][PASSED] - println(symbol): null

2019-08-10 23:49:30 - [TEST_STEP][PASSED] - if (i == 2 &amp;&amp; wildList.indexOf(symbol) != -1): null

2019-08-10 23:49:30 - [TEST_STEP][PASSED] - if (i == 3 &amp;&amp; wildList.indexOf(symbol) != -1): null

2019-08-10 23:49:30 - [TEST_STEP][PASSED] - if (i == 4 &amp;&amp; wildList.indexOf(symbol) != -1): null

2019-08-10 23:49:30 - [TEST_STEP][PASSED] - symbol = symbol: null

2019-08-10 23:49:30 - [TEST_STEP][PASSED] - println(symbol): null

2019-08-10 23:49:30 - [TEST_STEP][PASSED] - if (i == 2 &amp;&amp; wildList.indexOf(symbol) != -1): null

2019-08-10 23:49:30 - [TEST_STEP][PASSED] - if (i == 3 &amp;&amp; wildList.indexOf(symbol) != -1): null

2019-08-10 23:49:30 - [TEST_STEP][PASSED] - if (i == 4 &amp;&amp; wildList.indexOf(symbol) != -1): null

2019-08-10 23:49:30 - [TEST_STEP][PASSED] - free_spin_reel_counter = free_spin_reel_counter: null

2019-08-10 23:49:30 - [TEST_STEP][PASSED] - println("reel 3 wild found: " + free_spin_reel_counter[0]): null

2019-08-10 23:49:30 - [TEST_STEP][PASSED] - println("reel 4 wild found: " + free_spin_reel_counter[1]): null

2019-08-10 23:49:30 - [TEST_STEP][PASSED] - println("reel 5 wild found: " + free_spin_reel_counter[2]): null

2019-08-10 23:49:30 - [TEST_STEP][PASSED] - M4_spin_reels = M4_spin_reels: null

2019-08-10 23:49:30 - [TEST_STEP][PASSED] - M4_spin_reels_symbols = symbol: null

2019-08-10 23:49:30 - [TEST_STEP][PASSED] - M4_spin_reels_symbols = M4_spin_reels_symbols: null

2019-08-10 23:49:30 - [TEST_STEP][PASSED] - M4_spin_reel_wins = reel_wins: null

2019-08-10 23:49:30 - [TEST_STEP][PASSED] - M4_spin_reel_wins = M4_spin_reel_wins: null

2019-08-10 23:49:30 - [TEST_STEP][PASSED] - println("GlobalVariable.M4_spin_reel_wins is: " + M4_spin_reel_wins): null

2019-08-10 23:49:30 - [TEST_STEP][PASSED] - M4_spin_total_bonus_win_this_round = total_bonus_win_this_round: null

2019-08-10 23:49:30 - [TEST_STEP][PASSED] - M4_spin_total_bonus_win_this_round = M4_spin_total_bonus_win_this_round: null

2019-08-10 23:49:30 - [TEST_STEP][PASSED] - println("GlobalVariable.M4_spin_total_bonus_win_this_round is: " + M4_spin_total_bonus_win_this_round): null

2019-08-10 23:49:30 - [MESSAGE][PASSED] - Verify response successfully

2019-08-10 23:49:30 - [MESSAGE][PASSED] - Send request and verify the response successfully

2019-08-10 23:49:30 - [TEST_STEP][PASSED] - if (M4_total_bonus_spins_int != 0 &amp;&amp; M4_spin_reels_symbols[2].contains("WILD_ExtraFG") || M4_spin_reels_symbols[3].contains("WILD_ExtraFG")): null

2019-08-10 23:49:30 - [TEST_STEP][PASSED] - free_spin_reel_counter = free_spin_reel_counter: null

2019-08-10 23:49:30 - [TEST_STEP][PASSED] - M4_spin_reels_symbols = M4_spin_reels_symbols: null

2019-08-10 23:49:30 - [TEST_STEP][PASSED] - M4_total_bonus_spins = M4_total_bonus_spins: null

2019-08-10 23:49:30 - [TEST_STEP][PASSED] - spin_result = sendRequestAndVerify(findTestObject("RGS(M4)/1_M4_spin", ["M4_login_user_id":M4_login_user_id, "rgs_session_token":rgs_session_token, "partner":Partner])): Send request and verify the response successfully

2019-08-10 23:49:31 - [TEST_CASE][PASSED] - Start Test Case : Verification: Verification accomplished successfully

2019-08-10 23:49:31 - [TEST_STEP][PASSED] - request = getInstance().getCurrentRequest(): null

2019-08-10 23:49:31 - [TEST_STEP][PASSED] - response = getInstance().getCurrentResponse(): null

2019-08-10 23:49:31 - [TEST_STEP][PASSED] - verifyResponseStatusCode(response, 200): Verify response status code successfully

2019-08-10 23:49:31 - [MESSAGE][PASSED] - Verify response status code successfully

2019-08-10 23:49:31 - [TEST_STEP][PASSED] - getStatusCode()).isEqualTo(200): null

2019-08-10 23:49:31 - [TEST_STEP][PASSED] - newline = System.getProperty("line.separator"): null

2019-08-10 23:49:31 - [TEST_STEP][PASSED] - M4_spin = new groovy.json.JsonSlurper(): null

2019-08-10 23:49:31 - [TEST_STEP][PASSED] - result_M4_spin = M4_spin.parseText(response.getResponseBodyContent()): null

2019-08-10 23:49:31 - [TEST_STEP][PASSED] - M4_spin_current_balance = current_balance: null

2019-08-10 23:49:31 - [TEST_STEP][PASSED] - M4_spin_current_balance = M4_spin_current_balance: null

2019-08-10 23:49:31 - [TEST_STEP][PASSED] - M4_spin_transaction_id = causality: null

2019-08-10 23:49:31 - [TEST_STEP][PASSED] - M4_spin_transaction_id = M4_spin_transaction_id: null

2019-08-10 23:49:31 - [TEST_STEP][PASSED] - M4_spin_round_id = round_id: null

2019-08-10 23:49:31 - [TEST_STEP][PASSED] - M4_spin_round_id = M4_spin_round_id: null

2019-08-10 23:49:31 - [TEST_STEP][PASSED] - M4_spin_line_wins = line_wins: null

2019-08-10 23:49:31 - [TEST_STEP][PASSED] - M4_spin_line_wins = M4_spin_line_wins: null

2019-08-10 23:49:31 - [TEST_STEP][PASSED] - M4_total_bonus_spins_int = total_bonus_spins: null

2019-08-10 23:49:31 - [TEST_STEP][PASSED] - println("******M4_total_bonus_spins type is:*******" + newline + getClass().getName()): null

2019-08-10 23:49:31 - [TEST_STEP][PASSED] - M4_total_bonus_spins_int = M4_total_bonus_spins_int: null

2019-08-10 23:49:31 - [TEST_STEP][PASSED] - M4_total_bonus_spins = Integer.toString(M4_total_bonus_spins_int): null

2019-08-10 23:49:31 - [TEST_STEP][PASSED] - M4_total_bonus_spins = M4_total_bonus_spins: null

2019-08-10 23:49:31 - [TEST_STEP][PASSED] - println("M4_total_bonus_spins is:" + M4_total_bonus_spins): null

2019-08-10 23:49:31 - [TEST_STEP][PASSED] - M4_spin_bonus_data = bonus_data: null

2019-08-10 23:49:31 - [TEST_STEP][PASSED] - M4_spin_features_triggered = result_M4_spin: null

2019-08-10 23:49:31 - [TEST_STEP][PASSED] - wild = []: null

2019-08-10 23:49:31 - [TEST_STEP][PASSED] - wild[0] = "WILD_Expanding": null

2019-08-10 23:49:31 - [TEST_STEP][PASSED] - wild[1] = "WILD_Normal": null

2019-08-10 23:49:31 - [TEST_STEP][PASSED] - wild[2] = "WILD_Double": null

2019-08-10 23:49:31 - [TEST_STEP][PASSED] - wild[3] = "WILD_ExtraFG": null

2019-08-10 23:49:31 - [TEST_STEP][PASSED] - wild[4] = "WILD_Triple": null

2019-08-10 23:49:31 - [TEST_STEP][PASSED] - wildList = Arrays.asList(wild): null

2019-08-10 23:49:31 - [TEST_STEP][PASSED] - wildList = wildList: null

2019-08-10 23:49:31 - [TEST_STEP][PASSED] - free_spin_reel_counter = []: null

2019-08-10 23:49:31 - [TEST_STEP][PASSED] - free_spin_reel_counter[0] = 0: null

2019-08-10 23:49:31 - [TEST_STEP][PASSED] - free_spin_reel_counter[1] = 0: null

2019-08-10 23:49:31 - [TEST_STEP][PASSED] - free_spin_reel_counter[2] = 0: null

2019-08-10 23:49:31 - [TEST_STEP][PASSED] - M4_spin_reels = reels: null

2019-08-10 23:49:31 - [TEST_STEP][PASSED] - for ([i = 0, i &lt; M4_spin_reels.size(), (i++)]): null

2019-08-10 23:49:31 - [TEST_STEP][PASSED] - symbols = symbols: null

2019-08-10 23:49:31 - [TEST_STEP][PASSED] - for ([j = 0, j &lt; symbols.size(), (j++)]): null

2019-08-10 23:49:31 - [TEST_STEP][PASSED] - symbol = symbol: null

2019-08-10 23:49:31 - [TEST_STEP][PASSED] - println(symbol): null

2019-08-10 23:49:31 - [TEST_STEP][PASSED] - if (i == 2 &amp;&amp; wildList.indexOf(symbol) != -1): null

2019-08-10 23:49:31 - [TEST_STEP][PASSED] - if (i == 3 &amp;&amp; wildList.indexOf(symbol) != -1): null

2019-08-10 23:49:31 - [TEST_STEP][PASSED] - if (i == 4 &amp;&amp; wildList.indexOf(symbol) != -1): null

2019-08-10 23:49:31 - [TEST_STEP][PASSED] - symbol = symbol: null

2019-08-10 23:49:31 - [TEST_STEP][PASSED] - println(symbol): null

2019-08-10 23:49:31 - [TEST_STEP][PASSED] - if (i == 2 &amp;&amp; wildList.indexOf(symbol) != -1): null

2019-08-10 23:49:31 - [TEST_STEP][PASSED] - if (i == 3 &amp;&amp; wildList.indexOf(symbol) != -1): null

2019-08-10 23:49:31 - [TEST_STEP][PASSED] - if (i == 4 &amp;&amp; wildList.indexOf(symbol) != -1): null

2019-08-10 23:49:31 - [TEST_STEP][PASSED] - symbol = symbol: null

2019-08-10 23:49:31 - [TEST_STEP][PASSED] - println(symbol): null

2019-08-10 23:49:31 - [TEST_STEP][PASSED] - if (i == 2 &amp;&amp; wildList.indexOf(symbol) != -1): null

2019-08-10 23:49:31 - [TEST_STEP][PASSED] - if (i == 3 &amp;&amp; wildList.indexOf(symbol) != -1): null

2019-08-10 23:49:31 - [TEST_STEP][PASSED] - if (i == 4 &amp;&amp; wildList.indexOf(symbol) != -1): null

2019-08-10 23:49:31 - [TEST_STEP][PASSED] - symbols = symbols: null

2019-08-10 23:49:31 - [TEST_STEP][PASSED] - for ([j = 0, j &lt; symbols.size(), (j++)]): null

2019-08-10 23:49:31 - [TEST_STEP][PASSED] - symbol = symbol: null

2019-08-10 23:49:31 - [TEST_STEP][PASSED] - println(symbol): null

2019-08-10 23:49:31 - [TEST_STEP][PASSED] - if (i == 2 &amp;&amp; wildList.indexOf(symbol) != -1): null

2019-08-10 23:49:31 - [TEST_STEP][PASSED] - if (i == 3 &amp;&amp; wildList.indexOf(symbol) != -1): null

2019-08-10 23:49:31 - [TEST_STEP][PASSED] - if (i == 4 &amp;&amp; wildList.indexOf(symbol) != -1): null

2019-08-10 23:49:31 - [TEST_STEP][PASSED] - symbol = symbol: null

2019-08-10 23:49:31 - [TEST_STEP][PASSED] - println(symbol): null

2019-08-10 23:49:31 - [TEST_STEP][PASSED] - if (i == 2 &amp;&amp; wildList.indexOf(symbol) != -1): null

2019-08-10 23:49:31 - [TEST_STEP][PASSED] - if (i == 3 &amp;&amp; wildList.indexOf(symbol) != -1): null

2019-08-10 23:49:31 - [TEST_STEP][PASSED] - if (i == 4 &amp;&amp; wildList.indexOf(symbol) != -1): null

2019-08-10 23:49:31 - [TEST_STEP][PASSED] - symbol = symbol: null

2019-08-10 23:49:31 - [TEST_STEP][PASSED] - println(symbol): null

2019-08-10 23:49:31 - [TEST_STEP][PASSED] - if (i == 2 &amp;&amp; wildList.indexOf(symbol) != -1): null

2019-08-10 23:49:31 - [TEST_STEP][PASSED] - if (i == 3 &amp;&amp; wildList.indexOf(symbol) != -1): null

2019-08-10 23:49:31 - [TEST_STEP][PASSED] - if (i == 4 &amp;&amp; wildList.indexOf(symbol) != -1): null

2019-08-10 23:49:31 - [TEST_STEP][PASSED] - symbols = symbols: null

2019-08-10 23:49:31 - [TEST_STEP][PASSED] - for ([j = 0, j &lt; symbols.size(), (j++)]): null

2019-08-10 23:49:31 - [TEST_STEP][PASSED] - symbol = symbol: null

2019-08-10 23:49:31 - [TEST_STEP][PASSED] - println(symbol): null

2019-08-10 23:49:31 - [TEST_STEP][PASSED] - if (i == 2 &amp;&amp; wildList.indexOf(symbol) != -1): null

2019-08-10 23:49:31 - [TEST_STEP][PASSED] - if (i == 3 &amp;&amp; wildList.indexOf(symbol) != -1): null

2019-08-10 23:49:31 - [TEST_STEP][PASSED] - if (i == 4 &amp;&amp; wildList.indexOf(symbol) != -1): null

2019-08-10 23:49:31 - [TEST_STEP][PASSED] - symbol = symbol: null

2019-08-10 23:49:31 - [TEST_STEP][PASSED] - println(symbol): null

2019-08-10 23:49:31 - [TEST_STEP][PASSED] - if (i == 2 &amp;&amp; wildList.indexOf(symbol) != -1): null

2019-08-10 23:49:31 - [TEST_STEP][PASSED] - if (i == 3 &amp;&amp; wildList.indexOf(symbol) != -1): null

2019-08-10 23:49:31 - [TEST_STEP][PASSED] - if (i == 4 &amp;&amp; wildList.indexOf(symbol) != -1): null

2019-08-10 23:49:31 - [TEST_STEP][PASSED] - symbol = symbol: null

2019-08-10 23:49:31 - [TEST_STEP][PASSED] - println(symbol): null

2019-08-10 23:49:31 - [TEST_STEP][PASSED] - if (i == 2 &amp;&amp; wildList.indexOf(symbol) != -1): null

2019-08-10 23:49:31 - [TEST_STEP][PASSED] - if (i == 3 &amp;&amp; wildList.indexOf(symbol) != -1): null

2019-08-10 23:49:31 - [TEST_STEP][PASSED] - if (i == 4 &amp;&amp; wildList.indexOf(symbol) != -1): null

2019-08-10 23:49:31 - [TEST_STEP][PASSED] - symbols = symbols: null

2019-08-10 23:49:31 - [TEST_STEP][PASSED] - for ([j = 0, j &lt; symbols.size(), (j++)]): null

2019-08-10 23:49:31 - [TEST_STEP][PASSED] - symbol = symbol: null

2019-08-10 23:49:31 - [TEST_STEP][PASSED] - println(symbol): null

2019-08-10 23:49:31 - [TEST_STEP][PASSED] - if (i == 2 &amp;&amp; wildList.indexOf(symbol) != -1): null

2019-08-10 23:49:31 - [TEST_STEP][PASSED] - if (i == 3 &amp;&amp; wildList.indexOf(symbol) != -1): null

2019-08-10 23:49:31 - [TEST_STEP][PASSED] - if (i == 4 &amp;&amp; wildList.indexOf(symbol) != -1): null

2019-08-10 23:49:31 - [TEST_STEP][PASSED] - symbol = symbol: null

2019-08-10 23:49:31 - [TEST_STEP][PASSED] - println(symbol): null

2019-08-10 23:49:31 - [TEST_STEP][PASSED] - if (i == 2 &amp;&amp; wildList.indexOf(symbol) != -1): null

2019-08-10 23:49:31 - [TEST_STEP][PASSED] - if (i == 3 &amp;&amp; wildList.indexOf(symbol) != -1): null

2019-08-10 23:49:31 - [TEST_STEP][PASSED] - if (i == 4 &amp;&amp; wildList.indexOf(symbol) != -1): null

2019-08-10 23:49:31 - [TEST_STEP][PASSED] - symbol = symbol: null

2019-08-10 23:49:31 - [TEST_STEP][PASSED] - println(symbol): null

2019-08-10 23:49:31 - [TEST_STEP][PASSED] - if (i == 2 &amp;&amp; wildList.indexOf(symbol) != -1): null

2019-08-10 23:49:31 - [TEST_STEP][PASSED] - if (i == 3 &amp;&amp; wildList.indexOf(symbol) != -1): null

2019-08-10 23:49:31 - [TEST_STEP][PASSED] - if (i == 4 &amp;&amp; wildList.indexOf(symbol) != -1): null

2019-08-10 23:49:31 - [TEST_STEP][PASSED] - symbols = symbols: null

2019-08-10 23:49:31 - [TEST_STEP][PASSED] - for ([j = 0, j &lt; symbols.size(), (j++)]): null

2019-08-10 23:49:31 - [TEST_STEP][PASSED] - symbol = symbol: null

2019-08-10 23:49:31 - [TEST_STEP][PASSED] - println(symbol): null

2019-08-10 23:49:31 - [TEST_STEP][PASSED] - if (i == 2 &amp;&amp; wildList.indexOf(symbol) != -1): null

2019-08-10 23:49:31 - [TEST_STEP][PASSED] - if (i == 3 &amp;&amp; wildList.indexOf(symbol) != -1): null

2019-08-10 23:49:31 - [TEST_STEP][PASSED] - if (i == 4 &amp;&amp; wildList.indexOf(symbol) != -1): null

2019-08-10 23:49:31 - [TEST_STEP][PASSED] - symbol = symbol: null

2019-08-10 23:49:31 - [TEST_STEP][PASSED] - println(symbol): null

2019-08-10 23:49:31 - [TEST_STEP][PASSED] - if (i == 2 &amp;&amp; wildList.indexOf(symbol) != -1): null

2019-08-10 23:49:31 - [TEST_STEP][PASSED] - if (i == 3 &amp;&amp; wildList.indexOf(symbol) != -1): null

2019-08-10 23:49:31 - [TEST_STEP][PASSED] - if (i == 4 &amp;&amp; wildList.indexOf(symbol) != -1): null

2019-08-10 23:49:31 - [TEST_STEP][PASSED] - symbol = symbol: null

2019-08-10 23:49:31 - [TEST_STEP][PASSED] - println(symbol): null

2019-08-10 23:49:31 - [TEST_STEP][PASSED] - if (i == 2 &amp;&amp; wildList.indexOf(symbol) != -1): null

2019-08-10 23:49:31 - [TEST_STEP][PASSED] - if (i == 3 &amp;&amp; wildList.indexOf(symbol) != -1): null

2019-08-10 23:49:31 - [TEST_STEP][PASSED] - if (i == 4 &amp;&amp; wildList.indexOf(symbol) != -1): null

2019-08-10 23:49:31 - [TEST_STEP][PASSED] - free_spin_reel_counter = free_spin_reel_counter: null

2019-08-10 23:49:31 - [TEST_STEP][PASSED] - println("reel 3 wild found: " + free_spin_reel_counter[0]): null

2019-08-10 23:49:31 - [TEST_STEP][PASSED] - println("reel 4 wild found: " + free_spin_reel_counter[1]): null

2019-08-10 23:49:31 - [TEST_STEP][PASSED] - println("reel 5 wild found: " + free_spin_reel_counter[2]): null

2019-08-10 23:49:31 - [TEST_STEP][PASSED] - M4_spin_reels = M4_spin_reels: null

2019-08-10 23:49:31 - [TEST_STEP][PASSED] - M4_spin_reels_symbols = symbol: null

2019-08-10 23:49:31 - [TEST_STEP][PASSED] - M4_spin_reels_symbols = M4_spin_reels_symbols: null

2019-08-10 23:49:31 - [TEST_STEP][PASSED] - M4_spin_reel_wins = reel_wins: null

2019-08-10 23:49:31 - [TEST_STEP][PASSED] - M4_spin_reel_wins = M4_spin_reel_wins: null

2019-08-10 23:49:31 - [TEST_STEP][PASSED] - println("GlobalVariable.M4_spin_reel_wins is: " + M4_spin_reel_wins): null

2019-08-10 23:49:31 - [TEST_STEP][PASSED] - M4_spin_total_bonus_win_this_round = total_bonus_win_this_round: null

2019-08-10 23:49:31 - [TEST_STEP][PASSED] - M4_spin_total_bonus_win_this_round = M4_spin_total_bonus_win_this_round: null

2019-08-10 23:49:31 - [TEST_STEP][PASSED] - println("GlobalVariable.M4_spin_total_bonus_win_this_round is: " + M4_spin_total_bonus_win_this_round): null

2019-08-10 23:49:31 - [MESSAGE][PASSED] - Verify response successfully

2019-08-10 23:49:31 - [MESSAGE][PASSED] - Send request and verify the response successfully

2019-08-10 23:49:31 - [TEST_STEP][PASSED] - if (M4_total_bonus_spins_int != 0 &amp;&amp; M4_spin_reels_symbols[2].contains("WILD_ExtraFG") || M4_spin_reels_symbols[3].contains("WILD_ExtraFG")): null

2019-08-10 23:49:31 - [TEST_STEP][PASSED] - free_spin_reel_counter = free_spin_reel_counter: null

2019-08-10 23:49:31 - [TEST_STEP][PASSED] - M4_spin_reels_symbols = M4_spin_reels_symbols: null

2019-08-10 23:49:31 - [TEST_STEP][PASSED] - M4_total_bonus_spins = M4_total_bonus_spins: null

2019-08-10 23:49:31 - [TEST_STEP][PASSED] - spin_result = sendRequestAndVerify(findTestObject("RGS(M4)/1_M4_spin", ["M4_login_user_id":M4_login_user_id, "rgs_session_token":rgs_session_token, "partner":Partner])): Send request and verify the response successfully

2019-08-10 23:49:31 - [TEST_CASE][PASSED] - Start Test Case : Verification: Verification accomplished successfully

2019-08-10 23:49:31 - [TEST_STEP][PASSED] - request = getInstance().getCurrentRequest(): null

2019-08-10 23:49:31 - [TEST_STEP][PASSED] - response = getInstance().getCurrentResponse(): null

2019-08-10 23:49:31 - [TEST_STEP][PASSED] - verifyResponseStatusCode(response, 200): Verify response status code successfully

2019-08-10 23:49:31 - [MESSAGE][PASSED] - Verify response status code successfully

2019-08-10 23:49:31 - [TEST_STEP][PASSED] - getStatusCode()).isEqualTo(200): null

2019-08-10 23:49:31 - [TEST_STEP][PASSED] - newline = System.getProperty("line.separator"): null

2019-08-10 23:49:31 - [TEST_STEP][PASSED] - M4_spin = new groovy.json.JsonSlurper(): null

2019-08-10 23:49:31 - [TEST_STEP][PASSED] - result_M4_spin = M4_spin.parseText(response.getResponseBodyContent()): null

2019-08-10 23:49:31 - [TEST_STEP][PASSED] - M4_spin_current_balance = current_balance: null

2019-08-10 23:49:31 - [TEST_STEP][PASSED] - M4_spin_current_balance = M4_spin_current_balance: null

2019-08-10 23:49:31 - [TEST_STEP][PASSED] - M4_spin_transaction_id = causality: null

2019-08-10 23:49:31 - [TEST_STEP][PASSED] - M4_spin_transaction_id = M4_spin_transaction_id: null

2019-08-10 23:49:31 - [TEST_STEP][PASSED] - M4_spin_round_id = round_id: null

2019-08-10 23:49:31 - [TEST_STEP][PASSED] - M4_spin_round_id = M4_spin_round_id: null

2019-08-10 23:49:31 - [TEST_STEP][PASSED] - M4_spin_line_wins = line_wins: null

2019-08-10 23:49:31 - [TEST_STEP][PASSED] - M4_spin_line_wins = M4_spin_line_wins: null

2019-08-10 23:49:31 - [TEST_STEP][PASSED] - M4_total_bonus_spins_int = total_bonus_spins: null

2019-08-10 23:49:31 - [TEST_STEP][PASSED] - println("******M4_total_bonus_spins type is:*******" + newline + getClass().getName()): null

2019-08-10 23:49:31 - [TEST_STEP][PASSED] - M4_total_bonus_spins_int = M4_total_bonus_spins_int: null

2019-08-10 23:49:31 - [TEST_STEP][PASSED] - M4_total_bonus_spins = Integer.toString(M4_total_bonus_spins_int): null

2019-08-10 23:49:31 - [TEST_STEP][PASSED] - M4_total_bonus_spins = M4_total_bonus_spins: null

2019-08-10 23:49:31 - [TEST_STEP][PASSED] - println("M4_total_bonus_spins is:" + M4_total_bonus_spins): null

2019-08-10 23:49:31 - [TEST_STEP][PASSED] - M4_spin_bonus_data = bonus_data: null

2019-08-10 23:49:31 - [TEST_STEP][PASSED] - M4_spin_features_triggered = result_M4_spin: null

2019-08-10 23:49:31 - [TEST_STEP][PASSED] - wild = []: null

2019-08-10 23:49:31 - [TEST_STEP][PASSED] - wild[0] = "WILD_Expanding": null

2019-08-10 23:49:31 - [TEST_STEP][PASSED] - wild[1] = "WILD_Normal": null

2019-08-10 23:49:31 - [TEST_STEP][PASSED] - wild[2] = "WILD_Double": null

2019-08-10 23:49:31 - [TEST_STEP][PASSED] - wild[3] = "WILD_ExtraFG": null

2019-08-10 23:49:31 - [TEST_STEP][PASSED] - wild[4] = "WILD_Triple": null

2019-08-10 23:49:31 - [TEST_STEP][PASSED] - wildList = Arrays.asList(wild): null

2019-08-10 23:49:31 - [TEST_STEP][PASSED] - wildList = wildList: null

2019-08-10 23:49:31 - [TEST_STEP][PASSED] - free_spin_reel_counter = []: null

2019-08-10 23:49:31 - [TEST_STEP][PASSED] - free_spin_reel_counter[0] = 0: null

2019-08-10 23:49:31 - [TEST_STEP][PASSED] - free_spin_reel_counter[1] = 0: null

2019-08-10 23:49:31 - [TEST_STEP][PASSED] - free_spin_reel_counter[2] = 0: null

2019-08-10 23:49:31 - [TEST_STEP][PASSED] - M4_spin_reels = reels: null

2019-08-10 23:49:31 - [TEST_STEP][PASSED] - for ([i = 0, i &lt; M4_spin_reels.size(), (i++)]): null

2019-08-10 23:49:31 - [TEST_STEP][PASSED] - symbols = symbols: null

2019-08-10 23:49:31 - [TEST_STEP][PASSED] - for ([j = 0, j &lt; symbols.size(), (j++)]): null

2019-08-10 23:49:31 - [TEST_STEP][PASSED] - symbol = symbol: null

2019-08-10 23:49:31 - [TEST_STEP][PASSED] - println(symbol): null

2019-08-10 23:49:31 - [TEST_STEP][PASSED] - if (i == 2 &amp;&amp; wildList.indexOf(symbol) != -1): null

2019-08-10 23:49:31 - [TEST_STEP][PASSED] - if (i == 3 &amp;&amp; wildList.indexOf(symbol) != -1): null

2019-08-10 23:49:31 - [TEST_STEP][PASSED] - if (i == 4 &amp;&amp; wildList.indexOf(symbol) != -1): null

2019-08-10 23:49:31 - [TEST_STEP][PASSED] - symbol = symbol: null

2019-08-10 23:49:31 - [TEST_STEP][PASSED] - println(symbol): null

2019-08-10 23:49:36 - [TEST_STEP][PASSED] - if (i == 2 &amp;&amp; wildList.indexOf(symbol) != -1): null

2019-08-10 23:49:36 - [TEST_STEP][PASSED] - if (i == 3 &amp;&amp; wildList.indexOf(symbol) != -1): null

2019-08-10 23:49:36 - [TEST_STEP][PASSED] - if (i == 4 &amp;&amp; wildList.indexOf(symbol) != -1): null

2019-08-10 23:49:36 - [TEST_STEP][PASSED] - symbol = symbol: null

2019-08-10 23:49:36 - [TEST_STEP][PASSED] - println(symbol): null

2019-08-10 23:49:36 - [TEST_STEP][PASSED] - if (i == 2 &amp;&amp; wildList.indexOf(symbol) != -1): null

2019-08-10 23:49:36 - [TEST_STEP][PASSED] - if (i == 3 &amp;&amp; wildList.indexOf(symbol) != -1): null

2019-08-10 23:49:36 - [TEST_STEP][PASSED] - if (i == 4 &amp;&amp; wildList.indexOf(symbol) != -1): null

2019-08-10 23:49:36 - [TEST_STEP][PASSED] - symbols = symbols: null

2019-08-10 23:49:37 - [TEST_STEP][PASSED] - for ([j = 0, j &lt; symbols.size(), (j++)]): null

2019-08-10 23:49:37 - [TEST_STEP][PASSED] - symbol = symbol: null

2019-08-10 23:49:37 - [TEST_STEP][PASSED] - println(symbol): null

2019-08-10 23:49:37 - [TEST_STEP][PASSED] - if (i == 2 &amp;&amp; wildList.indexOf(symbol) != -1): null

2019-08-10 23:49:37 - [TEST_STEP][PASSED] - if (i == 3 &amp;&amp; wildList.indexOf(symbol) != -1): null

2019-08-10 23:49:37 - [TEST_STEP][PASSED] - if (i == 4 &amp;&amp; wildList.indexOf(symbol) != -1): null

2019-08-10 23:49:37 - [TEST_STEP][PASSED] - symbol = symbol: null

2019-08-10 23:49:37 - [TEST_STEP][PASSED] - println(symbol): null

2019-08-10 23:49:37 - [TEST_STEP][PASSED] - if (i == 2 &amp;&amp; wildList.indexOf(symbol) != -1): null

2019-08-10 23:49:37 - [TEST_STEP][PASSED] - if (i == 3 &amp;&amp; wildList.indexOf(symbol) != -1): null

2019-08-10 23:49:37 - [TEST_STEP][PASSED] - if (i == 4 &amp;&amp; wildList.indexOf(symbol) != -1): null

2019-08-10 23:49:37 - [TEST_STEP][PASSED] - symbol = symbol: null

2019-08-10 23:49:37 - [TEST_STEP][PASSED] - println(symbol): null

2019-08-10 23:49:37 - [TEST_STEP][PASSED] - if (i == 2 &amp;&amp; wildList.indexOf(symbol) != -1): null

2019-08-10 23:49:37 - [TEST_STEP][PASSED] - if (i == 3 &amp;&amp; wildList.indexOf(symbol) != -1): null

2019-08-10 23:49:37 - [TEST_STEP][PASSED] - if (i == 4 &amp;&amp; wildList.indexOf(symbol) != -1): null

2019-08-10 23:49:37 - [TEST_STEP][PASSED] - symbols = symbols: null

2019-08-10 23:49:37 - [TEST_STEP][PASSED] - for ([j = 0, j &lt; symbols.size(), (j++)]): null

2019-08-10 23:49:37 - [TEST_STEP][PASSED] - symbol = symbol: null

2019-08-10 23:49:37 - [TEST_STEP][PASSED] - println(symbol): null

2019-08-10 23:49:37 - [TEST_STEP][PASSED] - if (i == 2 &amp;&amp; wildList.indexOf(symbol) != -1): null

2019-08-10 23:49:37 - [TEST_STEP][PASSED] - if (i == 3 &amp;&amp; wildList.indexOf(symbol) != -1): null

2019-08-10 23:49:37 - [TEST_STEP][PASSED] - if (i == 4 &amp;&amp; wildList.indexOf(symbol) != -1): null

2019-08-10 23:49:37 - [TEST_STEP][PASSED] - symbol = symbol: null

2019-08-10 23:49:37 - [TEST_STEP][PASSED] - println(symbol): null

2019-08-10 23:49:37 - [TEST_STEP][PASSED] - if (i == 2 &amp;&amp; wildList.indexOf(symbol) != -1): null

2019-08-10 23:49:37 - [TEST_STEP][PASSED] - if (i == 3 &amp;&amp; wildList.indexOf(symbol) != -1): null

2019-08-10 23:49:37 - [TEST_STEP][PASSED] - if (i == 4 &amp;&amp; wildList.indexOf(symbol) != -1): null

2019-08-10 23:49:37 - [TEST_STEP][PASSED] - symbol = symbol: null

2019-08-10 23:49:37 - [TEST_STEP][PASSED] - println(symbol): null

2019-08-10 23:49:37 - [TEST_STEP][PASSED] - if (i == 2 &amp;&amp; wildList.indexOf(symbol) != -1): null

2019-08-10 23:49:37 - [TEST_STEP][PASSED] - if (i == 3 &amp;&amp; wildList.indexOf(symbol) != -1): null

2019-08-10 23:49:37 - [TEST_STEP][PASSED] - if (i == 4 &amp;&amp; wildList.indexOf(symbol) != -1): null

2019-08-10 23:49:37 - [TEST_STEP][PASSED] - symbols = symbols: null

2019-08-10 23:49:37 - [TEST_STEP][PASSED] - for ([j = 0, j &lt; symbols.size(), (j++)]): null

2019-08-10 23:49:37 - [TEST_STEP][PASSED] - symbol = symbol: null

2019-08-10 23:49:37 - [TEST_STEP][PASSED] - println(symbol): null

2019-08-10 23:49:37 - [TEST_STEP][PASSED] - if (i == 2 &amp;&amp; wildList.indexOf(symbol) != -1): null

2019-08-10 23:49:37 - [TEST_STEP][PASSED] - if (i == 3 &amp;&amp; wildList.indexOf(symbol) != -1): null

2019-08-10 23:49:37 - [TEST_STEP][PASSED] - if (i == 4 &amp;&amp; wildList.indexOf(symbol) != -1): null

2019-08-10 23:49:37 - [TEST_STEP][PASSED] - symbol = symbol: null

2019-08-10 23:49:37 - [TEST_STEP][PASSED] - println(symbol): null

2019-08-10 23:49:37 - [TEST_STEP][PASSED] - if (i == 2 &amp;&amp; wildList.indexOf(symbol) != -1): null

2019-08-10 23:49:37 - [TEST_STEP][PASSED] - if (i == 3 &amp;&amp; wildList.indexOf(symbol) != -1): null

2019-08-10 23:49:37 - [TEST_STEP][PASSED] - println("wild found on reel 4, adding counter by 1"): null

2019-08-10 23:49:37 - [TEST_STEP][PASSED] - free_spin_reel_counter[1] = free_spin_reel_counter[1] + 1: null

2019-08-10 23:49:37 - [TEST_STEP][PASSED] - if (i == 4 &amp;&amp; wildList.indexOf(symbol) != -1): null

2019-08-10 23:49:37 - [TEST_STEP][PASSED] - symbol = symbol: null

2019-08-10 23:49:37 - [TEST_STEP][PASSED] - println(symbol): null

2019-08-10 23:49:37 - [TEST_STEP][PASSED] - if (i == 2 &amp;&amp; wildList.indexOf(symbol) != -1): null

2019-08-10 23:49:37 - [TEST_STEP][PASSED] - if (i == 3 &amp;&amp; wildList.indexOf(symbol) != -1): null

2019-08-10 23:49:37 - [TEST_STEP][PASSED] - if (i == 4 &amp;&amp; wildList.indexOf(symbol) != -1): null

2019-08-10 23:49:37 - [TEST_STEP][PASSED] - symbols = symbols: null

2019-08-10 23:49:37 - [TEST_STEP][PASSED] - for ([j = 0, j &lt; symbols.size(), (j++)]): null

2019-08-10 23:49:37 - [TEST_STEP][PASSED] - symbol = symbol: null

2019-08-10 23:49:37 - [TEST_STEP][PASSED] - println(symbol): null

2019-08-10 23:49:37 - [TEST_STEP][PASSED] - if (i == 2 &amp;&amp; wildList.indexOf(symbol) != -1): null

2019-08-10 23:49:37 - [TEST_STEP][PASSED] - if (i == 3 &amp;&amp; wildList.indexOf(symbol) != -1): null

2019-08-10 23:49:37 - [TEST_STEP][PASSED] - if (i == 4 &amp;&amp; wildList.indexOf(symbol) != -1): null

2019-08-10 23:49:37 - [TEST_STEP][PASSED] - symbol = symbol: null

2019-08-10 23:49:37 - [TEST_STEP][PASSED] - println(symbol): null

2019-08-10 23:49:37 - [TEST_STEP][PASSED] - if (i == 2 &amp;&amp; wildList.indexOf(symbol) != -1): null

2019-08-10 23:49:37 - [TEST_STEP][PASSED] - if (i == 3 &amp;&amp; wildList.indexOf(symbol) != -1): null

2019-08-10 23:49:37 - [TEST_STEP][PASSED] - if (i == 4 &amp;&amp; wildList.indexOf(symbol) != -1): null

2019-08-10 23:49:37 - [TEST_STEP][PASSED] - symbol = symbol: null

2019-08-10 23:49:37 - [TEST_STEP][PASSED] - println(symbol): null

2019-08-10 23:49:37 - [TEST_STEP][PASSED] - if (i == 2 &amp;&amp; wildList.indexOf(symbol) != -1): null

2019-08-10 23:49:37 - [TEST_STEP][PASSED] - if (i == 3 &amp;&amp; wildList.indexOf(symbol) != -1): null

2019-08-10 23:49:37 - [TEST_STEP][PASSED] - if (i == 4 &amp;&amp; wildList.indexOf(symbol) != -1): null

2019-08-10 23:49:37 - [TEST_STEP][PASSED] - free_spin_reel_counter = free_spin_reel_counter: null

2019-08-10 23:49:37 - [TEST_STEP][PASSED] - println("reel 3 wild found: " + free_spin_reel_counter[0]): null

2019-08-10 23:49:37 - [TEST_STEP][PASSED] - println("reel 4 wild found: " + free_spin_reel_counter[1]): null

2019-08-10 23:49:37 - [TEST_STEP][PASSED] - println("reel 5 wild found: " + free_spin_reel_counter[2]): null

2019-08-10 23:49:37 - [TEST_STEP][PASSED] - M4_spin_reels = M4_spin_reels: null

2019-08-10 23:49:37 - [TEST_STEP][PASSED] - M4_spin_reels_symbols = symbol: null

2019-08-10 23:49:37 - [TEST_STEP][PASSED] - M4_spin_reels_symbols = M4_spin_reels_symbols: null

2019-08-10 23:49:37 - [TEST_STEP][PASSED] - M4_spin_reel_wins = reel_wins: null

2019-08-10 23:49:37 - [TEST_STEP][PASSED] - M4_spin_reel_wins = M4_spin_reel_wins: null

2019-08-10 23:49:37 - [TEST_STEP][PASSED] - println("GlobalVariable.M4_spin_reel_wins is: " + M4_spin_reel_wins): null

2019-08-10 23:49:37 - [TEST_STEP][PASSED] - M4_spin_total_bonus_win_this_round = total_bonus_win_this_round: null

2019-08-10 23:49:37 - [TEST_STEP][PASSED] - M4_spin_total_bonus_win_this_round = M4_spin_total_bonus_win_this_round: null

2019-08-10 23:49:37 - [TEST_STEP][PASSED] - println("GlobalVariable.M4_spin_total_bonus_win_this_round is: " + M4_spin_total_bonus_win_this_round): null

2019-08-10 23:49:37 - [MESSAGE][PASSED] - Verify response successfully

2019-08-10 23:49:37 - [MESSAGE][PASSED] - Send request and verify the response successfully

2019-08-10 23:49:37 - [TEST_STEP][PASSED] - if (M4_total_bonus_spins_int != 0 &amp;&amp; M4_spin_reels_symbols[2].contains("WILD_ExtraFG") || M4_spin_reels_symbols[3].contains("WILD_ExtraFG")): null

2019-08-10 23:49:37 - [TEST_STEP][PASSED] - free_spin_reel_counter = free_spin_reel_counter: null

2019-08-10 23:49:37 - [TEST_STEP][PASSED] - M4_spin_reels_symbols = M4_spin_reels_symbols: null

2019-08-10 23:49:37 - [TEST_STEP][PASSED] - M4_total_bonus_spins = M4_total_bonus_spins: null

2019-08-10 23:49:37 - [TEST_STEP][PASSED] - spin_result = sendRequestAndVerify(findTestObject("RGS(M4)/1_M4_spin", ["M4_login_user_id":M4_login_user_id, "rgs_session_token":rgs_session_token, "partner":Partner])): Send request and verify the response successfully

2019-08-10 23:49:38 - [TEST_CASE][PASSED] - Start Test Case : Verification: Verification accomplished successfully

2019-08-10 23:49:38 - [TEST_STEP][PASSED] - request = getInstance().getCurrentRequest(): null

2019-08-10 23:49:38 - [TEST_STEP][PASSED] - response = getInstance().getCurrentResponse(): null

2019-08-10 23:49:38 - [TEST_STEP][PASSED] - verifyResponseStatusCode(response, 200): Verify response status code successfully

2019-08-10 23:49:38 - [MESSAGE][PASSED] - Verify response status code successfully

2019-08-10 23:49:38 - [TEST_STEP][PASSED] - getStatusCode()).isEqualTo(200): null

2019-08-10 23:49:38 - [TEST_STEP][PASSED] - newline = System.getProperty("line.separator"): null

2019-08-10 23:49:38 - [TEST_STEP][PASSED] - M4_spin = new groovy.json.JsonSlurper(): null

2019-08-10 23:49:38 - [TEST_STEP][PASSED] - result_M4_spin = M4_spin.parseText(response.getResponseBodyContent()): null

2019-08-10 23:49:38 - [TEST_STEP][PASSED] - M4_spin_current_balance = current_balance: null

2019-08-10 23:49:38 - [TEST_STEP][PASSED] - M4_spin_current_balance = M4_spin_current_balance: null

2019-08-10 23:49:38 - [TEST_STEP][PASSED] - M4_spin_transaction_id = causality: null

2019-08-10 23:49:38 - [TEST_STEP][PASSED] - M4_spin_transaction_id = M4_spin_transaction_id: null

2019-08-10 23:49:38 - [TEST_STEP][PASSED] - M4_spin_round_id = round_id: null

2019-08-10 23:49:38 - [TEST_STEP][PASSED] - M4_spin_round_id = M4_spin_round_id: null

2019-08-10 23:49:38 - [TEST_STEP][PASSED] - M4_spin_line_wins = line_wins: null

2019-08-10 23:49:38 - [TEST_STEP][PASSED] - M4_spin_line_wins = M4_spin_line_wins: null

2019-08-10 23:49:38 - [TEST_STEP][PASSED] - M4_total_bonus_spins_int = total_bonus_spins: null

2019-08-10 23:49:38 - [TEST_STEP][PASSED] - println("******M4_total_bonus_spins type is:*******" + newline + getClass().getName()): null

2019-08-10 23:49:38 - [TEST_STEP][PASSED] - M4_total_bonus_spins_int = M4_total_bonus_spins_int: null

2019-08-10 23:49:38 - [TEST_STEP][PASSED] - M4_total_bonus_spins = Integer.toString(M4_total_bonus_spins_int): null

2019-08-10 23:49:38 - [TEST_STEP][PASSED] - M4_total_bonus_spins = M4_total_bonus_spins: null

2019-08-10 23:49:38 - [TEST_STEP][PASSED] - println("M4_total_bonus_spins is:" + M4_total_bonus_spins): null

2019-08-10 23:49:38 - [TEST_STEP][PASSED] - M4_spin_bonus_data = bonus_data: null

2019-08-10 23:49:38 - [TEST_STEP][PASSED] - M4_spin_features_triggered = result_M4_spin: null

2019-08-10 23:49:38 - [TEST_STEP][PASSED] - wild = []: null

2019-08-10 23:49:38 - [TEST_STEP][PASSED] - wild[0] = "WILD_Expanding": null

2019-08-10 23:49:38 - [TEST_STEP][PASSED] - wild[1] = "WILD_Normal": null

2019-08-10 23:49:38 - [TEST_STEP][PASSED] - wild[2] = "WILD_Double": null

2019-08-10 23:49:38 - [TEST_STEP][PASSED] - wild[3] = "WILD_ExtraFG": null

2019-08-10 23:49:38 - [TEST_STEP][PASSED] - wild[4] = "WILD_Triple": null

2019-08-10 23:49:38 - [TEST_STEP][PASSED] - wildList = Arrays.asList(wild): null

2019-08-10 23:49:38 - [TEST_STEP][PASSED] - wildList = wildList: null

2019-08-10 23:49:38 - [TEST_STEP][PASSED] - free_spin_reel_counter = []: null

2019-08-10 23:49:38 - [TEST_STEP][PASSED] - free_spin_reel_counter[0] = 0: null

2019-08-10 23:49:38 - [TEST_STEP][PASSED] - free_spin_reel_counter[1] = 0: null

2019-08-10 23:49:38 - [TEST_STEP][PASSED] - free_spin_reel_counter[2] = 0: null

2019-08-10 23:49:38 - [TEST_STEP][PASSED] - M4_spin_reels = reels: null

2019-08-10 23:49:38 - [TEST_STEP][PASSED] - for ([i = 0, i &lt; M4_spin_reels.size(), (i++)]): null

2019-08-10 23:49:38 - [TEST_STEP][PASSED] - symbols = symbols: null

2019-08-10 23:49:38 - [TEST_STEP][PASSED] - for ([j = 0, j &lt; symbols.size(), (j++)]): null

2019-08-10 23:49:38 - [TEST_STEP][PASSED] - symbol = symbol: null

2019-08-10 23:49:38 - [TEST_STEP][PASSED] - println(symbol): null

2019-08-10 23:49:38 - [TEST_STEP][PASSED] - if (i == 2 &amp;&amp; wildList.indexOf(symbol) != -1): null

2019-08-10 23:49:38 - [TEST_STEP][PASSED] - if (i == 3 &amp;&amp; wildList.indexOf(symbol) != -1): null

2019-08-10 23:49:38 - [TEST_STEP][PASSED] - if (i == 4 &amp;&amp; wildList.indexOf(symbol) != -1): null

2019-08-10 23:49:38 - [TEST_STEP][PASSED] - symbol = symbol: null

2019-08-10 23:49:38 - [TEST_STEP][PASSED] - println(symbol): null

2019-08-10 23:49:38 - [TEST_STEP][PASSED] - if (i == 2 &amp;&amp; wildList.indexOf(symbol) != -1): null

2019-08-10 23:49:38 - [TEST_STEP][PASSED] - if (i == 3 &amp;&amp; wildList.indexOf(symbol) != -1): null

2019-08-10 23:49:38 - [TEST_STEP][PASSED] - if (i == 4 &amp;&amp; wildList.indexOf(symbol) != -1): null

2019-08-10 23:49:38 - [TEST_STEP][PASSED] - symbol = symbol: null

2019-08-10 23:49:38 - [TEST_STEP][PASSED] - println(symbol): null

2019-08-10 23:49:38 - [TEST_STEP][PASSED] - if (i == 2 &amp;&amp; wildList.indexOf(symbol) != -1): null

2019-08-10 23:49:38 - [TEST_STEP][PASSED] - if (i == 3 &amp;&amp; wildList.indexOf(symbol) != -1): null

2019-08-10 23:49:38 - [TEST_STEP][PASSED] - if (i == 4 &amp;&amp; wildList.indexOf(symbol) != -1): null

2019-08-10 23:49:38 - [TEST_STEP][PASSED] - symbols = symbols: null

2019-08-10 23:49:38 - [TEST_STEP][PASSED] - for ([j = 0, j &lt; symbols.size(), (j++)]): null

2019-08-10 23:49:38 - [TEST_STEP][PASSED] - symbol = symbol: null

2019-08-10 23:49:38 - [TEST_STEP][PASSED] - println(symbol): null

2019-08-10 23:49:38 - [TEST_STEP][PASSED] - if (i == 2 &amp;&amp; wildList.indexOf(symbol) != -1): null

2019-08-10 23:49:38 - [TEST_STEP][PASSED] - if (i == 3 &amp;&amp; wildList.indexOf(symbol) != -1): null

2019-08-10 23:49:38 - [TEST_STEP][PASSED] - if (i == 4 &amp;&amp; wildList.indexOf(symbol) != -1): null

2019-08-10 23:49:38 - [TEST_STEP][PASSED] - symbol = symbol: null

2019-08-10 23:49:38 - [TEST_STEP][PASSED] - println(symbol): null

2019-08-10 23:49:38 - [TEST_STEP][PASSED] - if (i == 2 &amp;&amp; wildList.indexOf(symbol) != -1): null

2019-08-10 23:49:38 - [TEST_STEP][PASSED] - if (i == 3 &amp;&amp; wildList.indexOf(symbol) != -1): null

2019-08-10 23:49:38 - [TEST_STEP][PASSED] - if (i == 4 &amp;&amp; wildList.indexOf(symbol) != -1): null

2019-08-10 23:49:38 - [TEST_STEP][PASSED] - symbol = symbol: null

2019-08-10 23:49:38 - [TEST_STEP][PASSED] - println(symbol): null

2019-08-10 23:49:38 - [TEST_STEP][PASSED] - if (i == 2 &amp;&amp; wildList.indexOf(symbol) != -1): null

2019-08-10 23:49:38 - [TEST_STEP][PASSED] - if (i == 3 &amp;&amp; wildList.indexOf(symbol) != -1): null

2019-08-10 23:49:38 - [TEST_STEP][PASSED] - if (i == 4 &amp;&amp; wildList.indexOf(symbol) != -1): null

2019-08-10 23:49:38 - [TEST_STEP][PASSED] - symbols = symbols: null

2019-08-10 23:49:38 - [TEST_STEP][PASSED] - for ([j = 0, j &lt; symbols.size(), (j++)]): null

2019-08-10 23:49:38 - [TEST_STEP][PASSED] - symbol = symbol: null

2019-08-10 23:49:38 - [TEST_STEP][PASSED] - println(symbol): null

2019-08-10 23:49:38 - [TEST_STEP][PASSED] - if (i == 2 &amp;&amp; wildList.indexOf(symbol) != -1): null

2019-08-10 23:49:38 - [TEST_STEP][PASSED] - if (i == 3 &amp;&amp; wildList.indexOf(symbol) != -1): null

2019-08-10 23:49:38 - [TEST_STEP][PASSED] - if (i == 4 &amp;&amp; wildList.indexOf(symbol) != -1): null

2019-08-10 23:49:38 - [TEST_STEP][PASSED] - symbol = symbol: null

2019-08-10 23:49:38 - [TEST_STEP][PASSED] - println(symbol): null

2019-08-10 23:49:38 - [TEST_STEP][PASSED] - if (i == 2 &amp;&amp; wildList.indexOf(symbol) != -1): null

2019-08-10 23:49:38 - [TEST_STEP][PASSED] - if (i == 3 &amp;&amp; wildList.indexOf(symbol) != -1): null

2019-08-10 23:49:38 - [TEST_STEP][PASSED] - if (i == 4 &amp;&amp; wildList.indexOf(symbol) != -1): null

2019-08-10 23:49:38 - [TEST_STEP][PASSED] - symbol = symbol: null

2019-08-10 23:49:38 - [TEST_STEP][PASSED] - println(symbol): null

2019-08-10 23:49:38 - [TEST_STEP][PASSED] - if (i == 2 &amp;&amp; wildList.indexOf(symbol) != -1): null

2019-08-10 23:49:38 - [TEST_STEP][PASSED] - if (i == 3 &amp;&amp; wildList.indexOf(symbol) != -1): null

2019-08-10 23:49:38 - [TEST_STEP][PASSED] - if (i == 4 &amp;&amp; wildList.indexOf(symbol) != -1): null

2019-08-10 23:49:38 - [TEST_STEP][PASSED] - symbols = symbols: null

2019-08-10 23:49:38 - [TEST_STEP][PASSED] - for ([j = 0, j &lt; symbols.size(), (j++)]): null

2019-08-10 23:49:38 - [TEST_STEP][PASSED] - symbol = symbol: null

2019-08-10 23:49:38 - [TEST_STEP][PASSED] - println(symbol): null

2019-08-10 23:49:38 - [TEST_STEP][PASSED] - if (i == 2 &amp;&amp; wildList.indexOf(symbol) != -1): null

2019-08-10 23:49:38 - [TEST_STEP][PASSED] - if (i == 3 &amp;&amp; wildList.indexOf(symbol) != -1): null

2019-08-10 23:49:38 - [TEST_STEP][PASSED] - if (i == 4 &amp;&amp; wildList.indexOf(symbol) != -1): null

2019-08-10 23:49:38 - [TEST_STEP][PASSED] - symbol = symbol: null

2019-08-10 23:49:38 - [TEST_STEP][PASSED] - println(symbol): null

2019-08-10 23:49:38 - [TEST_STEP][PASSED] - if (i == 2 &amp;&amp; wildList.indexOf(symbol) != -1): null

2019-08-10 23:49:38 - [TEST_STEP][PASSED] - if (i == 3 &amp;&amp; wildList.indexOf(symbol) != -1): null

2019-08-10 23:49:38 - [TEST_STEP][PASSED] - if (i == 4 &amp;&amp; wildList.indexOf(symbol) != -1): null

2019-08-10 23:49:38 - [TEST_STEP][PASSED] - symbol = symbol: null

2019-08-10 23:49:38 - [TEST_STEP][PASSED] - println(symbol): null

2019-08-10 23:49:38 - [TEST_STEP][PASSED] - if (i == 2 &amp;&amp; wildList.indexOf(symbol) != -1): null

2019-08-10 23:49:38 - [TEST_STEP][PASSED] - if (i == 3 &amp;&amp; wildList.indexOf(symbol) != -1): null

2019-08-10 23:49:38 - [TEST_STEP][PASSED] - if (i == 4 &amp;&amp; wildList.indexOf(symbol) != -1): null

2019-08-10 23:49:38 - [TEST_STEP][PASSED] - symbols = symbols: null

2019-08-10 23:49:38 - [TEST_STEP][PASSED] - for ([j = 0, j &lt; symbols.size(), (j++)]): null

2019-08-10 23:49:38 - [TEST_STEP][PASSED] - symbol = symbol: null

2019-08-10 23:49:38 - [TEST_STEP][PASSED] - println(symbol): null

2019-08-10 23:49:38 - [TEST_STEP][PASSED] - if (i == 2 &amp;&amp; wildList.indexOf(symbol) != -1): null

2019-08-10 23:49:38 - [TEST_STEP][PASSED] - if (i == 3 &amp;&amp; wildList.indexOf(symbol) != -1): null

2019-08-10 23:49:38 - [TEST_STEP][PASSED] - if (i == 4 &amp;&amp; wildList.indexOf(symbol) != -1): null

2019-08-10 23:49:38 - [TEST_STEP][PASSED] - symbol = symbol: null

2019-08-10 23:49:38 - [TEST_STEP][PASSED] - println(symbol): null

2019-08-10 23:49:38 - [TEST_STEP][PASSED] - if (i == 2 &amp;&amp; wildList.indexOf(symbol) != -1): null

2019-08-10 23:49:38 - [TEST_STEP][PASSED] - if (i == 3 &amp;&amp; wildList.indexOf(symbol) != -1): null

2019-08-10 23:49:38 - [TEST_STEP][PASSED] - if (i == 4 &amp;&amp; wildList.indexOf(symbol) != -1): null

2019-08-10 23:49:38 - [TEST_STEP][PASSED] - symbol = symbol: null

2019-08-10 23:49:38 - [TEST_STEP][PASSED] - println(symbol): null

2019-08-10 23:49:38 - [TEST_STEP][PASSED] - if (i == 2 &amp;&amp; wildList.indexOf(symbol) != -1): null

2019-08-10 23:49:38 - [TEST_STEP][PASSED] - if (i == 3 &amp;&amp; wildList.indexOf(symbol) != -1): null

2019-08-10 23:49:38 - [TEST_STEP][PASSED] - if (i == 4 &amp;&amp; wildList.indexOf(symbol) != -1): null

2019-08-10 23:49:38 - [TEST_STEP][PASSED] - free_spin_reel_counter = free_spin_reel_counter: null

2019-08-10 23:49:38 - [TEST_STEP][PASSED] - println("reel 3 wild found: " + free_spin_reel_counter[0]): null

2019-08-10 23:49:38 - [TEST_STEP][PASSED] - println("reel 4 wild found: " + free_spin_reel_counter[1]): null

2019-08-10 23:49:38 - [TEST_STEP][PASSED] - println("reel 5 wild found: " + free_spin_reel_counter[2]): null

2019-08-10 23:49:38 - [TEST_STEP][PASSED] - M4_spin_reels = M4_spin_reels: null

2019-08-10 23:49:38 - [TEST_STEP][PASSED] - M4_spin_reels_symbols = symbol: null

2019-08-10 23:49:38 - [TEST_STEP][PASSED] - M4_spin_reels_symbols = M4_spin_reels_symbols: null

2019-08-10 23:49:38 - [TEST_STEP][PASSED] - M4_spin_reel_wins = reel_wins: null

2019-08-10 23:49:38 - [TEST_STEP][PASSED] - M4_spin_reel_wins = M4_spin_reel_wins: null

2019-08-10 23:49:38 - [TEST_STEP][PASSED] - println("GlobalVariable.M4_spin_reel_wins is: " + M4_spin_reel_wins): null

2019-08-10 23:49:38 - [TEST_STEP][PASSED] - M4_spin_total_bonus_win_this_round = total_bonus_win_this_round: null

2019-08-10 23:49:38 - [TEST_STEP][PASSED] - M4_spin_total_bonus_win_this_round = M4_spin_total_bonus_win_this_round: null

2019-08-10 23:49:38 - [TEST_STEP][PASSED] - println("GlobalVariable.M4_spin_total_bonus_win_this_round is: " + M4_spin_total_bonus_win_this_round): null

2019-08-10 23:49:38 - [MESSAGE][PASSED] - Verify response successfully

2019-08-10 23:49:38 - [MESSAGE][PASSED] - Send request and verify the response successfully

2019-08-10 23:49:38 - [TEST_STEP][PASSED] - if (M4_total_bonus_spins_int != 0 &amp;&amp; M4_spin_reels_symbols[2].contains("WILD_ExtraFG") || M4_spin_reels_symbols[3].contains("WILD_ExtraFG")): null

2019-08-10 23:49:38 - [TEST_STEP][PASSED] - free_spin_reel_counter = free_spin_reel_counter: null

2019-08-10 23:49:38 - [TEST_STEP][PASSED] - M4_spin_reels_symbols = M4_spin_reels_symbols: null

2019-08-10 23:49:38 - [TEST_STEP][PASSED] - M4_total_bonus_spins = M4_total_bonus_spins: null

2019-08-10 23:49:38 - [TEST_STEP][PASSED] - spin_result = sendRequestAndVerify(findTestObject("RGS(M4)/1_M4_spin", ["M4_login_user_id":M4_login_user_id, "rgs_session_token":rgs_session_token, "partner":Partner])): Send request and verify the response successfully

2019-08-10 23:49:38 - [TEST_CASE][PASSED] - Start Test Case : Verification: Verification accomplished successfully

2019-08-10 23:49:38 - [TEST_STEP][PASSED] - request = getInstance().getCurrentRequest(): null

2019-08-10 23:49:38 - [TEST_STEP][PASSED] - response = getInstance().getCurrentResponse(): null

2019-08-10 23:49:38 - [TEST_STEP][PASSED] - verifyResponseStatusCode(response, 200): Verify response status code successfully

2019-08-10 23:49:38 - [MESSAGE][PASSED] - Verify response status code successfully

2019-08-10 23:49:38 - [TEST_STEP][PASSED] - getStatusCode()).isEqualTo(200): null

2019-08-10 23:49:38 - [TEST_STEP][PASSED] - newline = System.getProperty("line.separator"): null

2019-08-10 23:49:38 - [TEST_STEP][PASSED] - M4_spin = new groovy.json.JsonSlurper(): null

2019-08-10 23:49:38 - [TEST_STEP][PASSED] - result_M4_spin = M4_spin.parseText(response.getResponseBodyContent()): null

2019-08-10 23:49:38 - [TEST_STEP][PASSED] - M4_spin_current_balance = current_balance: null

2019-08-10 23:49:38 - [TEST_STEP][PASSED] - M4_spin_current_balance = M4_spin_current_balance: null

2019-08-10 23:49:38 - [TEST_STEP][PASSED] - M4_spin_transaction_id = causality: null

2019-08-10 23:49:38 - [TEST_STEP][PASSED] - M4_spin_transaction_id = M4_spin_transaction_id: null

2019-08-10 23:49:38 - [TEST_STEP][PASSED] - M4_spin_round_id = round_id: null

2019-08-10 23:49:38 - [TEST_STEP][PASSED] - M4_spin_round_id = M4_spin_round_id: null

2019-08-10 23:49:38 - [TEST_STEP][PASSED] - M4_spin_line_wins = line_wins: null

2019-08-10 23:49:38 - [TEST_STEP][PASSED] - M4_spin_line_wins = M4_spin_line_wins: null

2019-08-10 23:49:38 - [TEST_STEP][PASSED] - M4_total_bonus_spins_int = total_bonus_spins: null

2019-08-10 23:49:38 - [TEST_STEP][PASSED] - println("******M4_total_bonus_spins type is:*******" + newline + getClass().getName()): null

2019-08-10 23:49:38 - [TEST_STEP][PASSED] - M4_total_bonus_spins_int = M4_total_bonus_spins_int: null

2019-08-10 23:49:38 - [TEST_STEP][PASSED] - M4_total_bonus_spins = Integer.toString(M4_total_bonus_spins_int): null

2019-08-10 23:49:38 - [TEST_STEP][PASSED] - M4_total_bonus_spins = M4_total_bonus_spins: null

2019-08-10 23:49:38 - [TEST_STEP][PASSED] - println("M4_total_bonus_spins is:" + M4_total_bonus_spins): null

2019-08-10 23:49:38 - [TEST_STEP][PASSED] - M4_spin_bonus_data = bonus_data: null

2019-08-10 23:49:38 - [TEST_STEP][PASSED] - M4_spin_features_triggered = result_M4_spin: null

2019-08-10 23:49:38 - [TEST_STEP][PASSED] - wild = []: null

2019-08-10 23:49:38 - [TEST_STEP][PASSED] - wild[0] = "WILD_Expanding": null

2019-08-10 23:49:38 - [TEST_STEP][PASSED] - wild[1] = "WILD_Normal": null

2019-08-10 23:49:38 - [TEST_STEP][PASSED] - wild[2] = "WILD_Double": null

2019-08-10 23:49:38 - [TEST_STEP][PASSED] - wild[3] = "WILD_ExtraFG": null

2019-08-10 23:49:38 - [TEST_STEP][PASSED] - wild[4] = "WILD_Triple": null

2019-08-10 23:49:38 - [TEST_STEP][PASSED] - wildList = Arrays.asList(wild): null

2019-08-10 23:49:38 - [TEST_STEP][PASSED] - wildList = wildList: null

2019-08-10 23:49:38 - [TEST_STEP][PASSED] - free_spin_reel_counter = []: null

2019-08-10 23:49:38 - [TEST_STEP][PASSED] - free_spin_reel_counter[0] = 0: null

2019-08-10 23:49:38 - [TEST_STEP][PASSED] - free_spin_reel_counter[1] = 0: null

2019-08-10 23:49:38 - [TEST_STEP][PASSED] - free_spin_reel_counter[2] = 0: null

2019-08-10 23:49:38 - [TEST_STEP][PASSED] - M4_spin_reels = reels: null

2019-08-10 23:49:38 - [TEST_STEP][PASSED] - for ([i = 0, i &lt; M4_spin_reels.size(), (i++)]): null

2019-08-10 23:49:38 - [TEST_STEP][PASSED] - symbols = symbols: null

2019-08-10 23:49:38 - [TEST_STEP][PASSED] - for ([j = 0, j &lt; symbols.size(), (j++)]): null

2019-08-10 23:49:38 - [TEST_STEP][PASSED] - symbol = symbol: null

2019-08-10 23:49:38 - [TEST_STEP][PASSED] - println(symbol): null

2019-08-10 23:49:38 - [TEST_STEP][PASSED] - if (i == 2 &amp;&amp; wildList.indexOf(symbol) != -1): null

2019-08-10 23:49:38 - [TEST_STEP][PASSED] - if (i == 3 &amp;&amp; wildList.indexOf(symbol) != -1): null

2019-08-10 23:49:38 - [TEST_STEP][PASSED] - if (i == 4 &amp;&amp; wildList.indexOf(symbol) != -1): null

2019-08-10 23:49:38 - [TEST_STEP][PASSED] - symbol = symbol: null

2019-08-10 23:49:38 - [TEST_STEP][PASSED] - println(symbol): null

2019-08-10 23:49:38 - [TEST_STEP][PASSED] - if (i == 2 &amp;&amp; wildList.indexOf(symbol) != -1): null

2019-08-10 23:49:38 - [TEST_STEP][PASSED] - if (i == 3 &amp;&amp; wildList.indexOf(symbol) != -1): null

2019-08-10 23:49:38 - [TEST_STEP][PASSED] - if (i == 4 &amp;&amp; wildList.indexOf(symbol) != -1): null

2019-08-10 23:49:38 - [TEST_STEP][PASSED] - symbol = symbol: null

2019-08-10 23:49:38 - [TEST_STEP][PASSED] - println(symbol): null

2019-08-10 23:49:38 - [TEST_STEP][PASSED] - if (i == 2 &amp;&amp; wildList.indexOf(symbol) != -1): null

2019-08-10 23:49:38 - [TEST_STEP][PASSED] - if (i == 3 &amp;&amp; wildList.indexOf(symbol) != -1): null

2019-08-10 23:49:38 - [TEST_STEP][PASSED] - if (i == 4 &amp;&amp; wildList.indexOf(symbol) != -1): null

2019-08-10 23:49:38 - [TEST_STEP][PASSED] - symbols = symbols: null

2019-08-10 23:49:38 - [TEST_STEP][PASSED] - for ([j = 0, j &lt; symbols.size(), (j++)]): null

2019-08-10 23:49:38 - [TEST_STEP][PASSED] - symbol = symbol: null

2019-08-10 23:49:38 - [TEST_STEP][PASSED] - println(symbol): null

2019-08-10 23:49:38 - [TEST_STEP][PASSED] - if (i == 2 &amp;&amp; wildList.indexOf(symbol) != -1): null

2019-08-10 23:49:38 - [TEST_STEP][PASSED] - if (i == 3 &amp;&amp; wildList.indexOf(symbol) != -1): null

2019-08-10 23:49:38 - [TEST_STEP][PASSED] - if (i == 4 &amp;&amp; wildList.indexOf(symbol) != -1): null

2019-08-10 23:49:38 - [TEST_STEP][PASSED] - symbol = symbol: null

2019-08-10 23:49:38 - [TEST_STEP][PASSED] - println(symbol): null

2019-08-10 23:49:38 - [TEST_STEP][PASSED] - if (i == 2 &amp;&amp; wildList.indexOf(symbol) != -1): null

2019-08-10 23:49:38 - [TEST_STEP][PASSED] - if (i == 3 &amp;&amp; wildList.indexOf(symbol) != -1): null

2019-08-10 23:49:38 - [TEST_STEP][PASSED] - if (i == 4 &amp;&amp; wildList.indexOf(symbol) != -1): null

2019-08-10 23:49:38 - [TEST_STEP][PASSED] - symbol = symbol: null

2019-08-10 23:49:38 - [TEST_STEP][PASSED] - println(symbol): null

2019-08-10 23:49:38 - [TEST_STEP][PASSED] - if (i == 2 &amp;&amp; wildList.indexOf(symbol) != -1): null

2019-08-10 23:49:38 - [TEST_STEP][PASSED] - if (i == 3 &amp;&amp; wildList.indexOf(symbol) != -1): null

2019-08-10 23:49:38 - [TEST_STEP][PASSED] - if (i == 4 &amp;&amp; wildList.indexOf(symbol) != -1): null

2019-08-10 23:49:38 - [TEST_STEP][PASSED] - symbols = symbols: null

2019-08-10 23:49:38 - [TEST_STEP][PASSED] - for ([j = 0, j &lt; symbols.size(), (j++)]): null

2019-08-10 23:49:38 - [TEST_STEP][PASSED] - symbol = symbol: null

2019-08-10 23:49:38 - [TEST_STEP][PASSED] - println(symbol): null

2019-08-10 23:49:38 - [TEST_STEP][PASSED] - if (i == 2 &amp;&amp; wildList.indexOf(symbol) != -1): null

2019-08-10 23:49:38 - [TEST_STEP][PASSED] - if (i == 3 &amp;&amp; wildList.indexOf(symbol) != -1): null

2019-08-10 23:49:38 - [TEST_STEP][PASSED] - if (i == 4 &amp;&amp; wildList.indexOf(symbol) != -1): null

2019-08-10 23:49:38 - [TEST_STEP][PASSED] - symbol = symbol: null

2019-08-10 23:49:38 - [TEST_STEP][PASSED] - println(symbol): null

2019-08-10 23:49:38 - [TEST_STEP][PASSED] - if (i == 2 &amp;&amp; wildList.indexOf(symbol) != -1): null

2019-08-10 23:49:38 - [TEST_STEP][PASSED] - println("wild found on reel 3, adding counter by 1"): null

2019-08-10 23:49:38 - [TEST_STEP][PASSED] - free_spin_reel_counter[0] = free_spin_reel_counter[0] + 1: null

2019-08-10 23:49:38 - [TEST_STEP][PASSED] - if (i == 3 &amp;&amp; wildList.indexOf(symbol) != -1): null

2019-08-10 23:49:38 - [TEST_STEP][PASSED] - if (i == 4 &amp;&amp; wildList.indexOf(symbol) != -1): null

2019-08-10 23:49:38 - [TEST_STEP][PASSED] - symbol = symbol: null

2019-08-10 23:49:38 - [TEST_STEP][PASSED] - println(symbol): null

2019-08-10 23:49:38 - [TEST_STEP][PASSED] - if (i == 2 &amp;&amp; wildList.indexOf(symbol) != -1): null

2019-08-10 23:49:38 - [TEST_STEP][PASSED] - if (i == 3 &amp;&amp; wildList.indexOf(symbol) != -1): null

2019-08-10 23:49:43 - [TEST_STEP][PASSED] - if (i == 4 &amp;&amp; wildList.indexOf(symbol) != -1): null

2019-08-10 23:49:43 - [TEST_STEP][PASSED] - symbols = symbols: null

2019-08-10 23:49:43 - [TEST_STEP][PASSED] - for ([j = 0, j &lt; symbols.size(), (j++)]): null

2019-08-10 23:49:43 - [TEST_STEP][PASSED] - symbol = symbol: null

2019-08-10 23:49:43 - [TEST_STEP][PASSED] - println(symbol): null

2019-08-10 23:49:43 - [TEST_STEP][PASSED] - if (i == 2 &amp;&amp; wildList.indexOf(symbol) != -1): null

2019-08-10 23:49:43 - [TEST_STEP][PASSED] - if (i == 3 &amp;&amp; wildList.indexOf(symbol) != -1): null

2019-08-10 23:49:43 - [TEST_STEP][PASSED] - if (i == 4 &amp;&amp; wildList.indexOf(symbol) != -1): null

2019-08-10 23:49:43 - [TEST_STEP][PASSED] - symbol = symbol: null

2019-08-10 23:49:43 - [TEST_STEP][PASSED] - println(symbol): null

2019-08-10 23:49:48 - [TEST_STEP][PASSED] - if (i == 2 &amp;&amp; wildList.indexOf(symbol) != -1): null

2019-08-10 23:49:48 - [TEST_STEP][PASSED] - if (i == 3 &amp;&amp; wildList.indexOf(symbol) != -1): null

2019-08-10 23:49:48 - [TEST_STEP][PASSED] - if (i == 4 &amp;&amp; wildList.indexOf(symbol) != -1): null

2019-08-10 23:49:48 - [TEST_STEP][PASSED] - symbol = symbol: null

2019-08-10 23:49:48 - [TEST_STEP][PASSED] - println(symbol): null

2019-08-10 23:49:53 - [TEST_STEP][PASSED] - if (i == 2 &amp;&amp; wildList.indexOf(symbol) != -1): null

2019-08-10 23:49:53 - [TEST_STEP][PASSED] - if (i == 3 &amp;&amp; wildList.indexOf(symbol) != -1): null

2019-08-10 23:49:53 - [TEST_STEP][PASSED] - if (i == 4 &amp;&amp; wildList.indexOf(symbol) != -1): null

2019-08-10 23:49:53 - [TEST_STEP][PASSED] - symbols = symbols: null

2019-08-10 23:49:53 - [TEST_STEP][PASSED] - for ([j = 0, j &lt; symbols.size(), (j++)]): null

2019-08-10 23:49:53 - [TEST_STEP][PASSED] - symbol = symbol: null

2019-08-10 23:49:53 - [TEST_STEP][PASSED] - println(symbol): null

2019-08-10 23:49:53 - [TEST_STEP][PASSED] - if (i == 2 &amp;&amp; wildList.indexOf(symbol) != -1): null

2019-08-10 23:49:53 - [TEST_STEP][PASSED] - if (i == 3 &amp;&amp; wildList.indexOf(symbol) != -1): null

2019-08-10 23:49:53 - [TEST_STEP][PASSED] - if (i == 4 &amp;&amp; wildList.indexOf(symbol) != -1): null

2019-08-10 23:49:53 - [TEST_STEP][PASSED] - symbol = symbol: null

2019-08-10 23:49:53 - [TEST_STEP][PASSED] - println(symbol): null

2019-08-10 23:49:53 - [TEST_STEP][PASSED] - if (i == 2 &amp;&amp; wildList.indexOf(symbol) != -1): null

2019-08-10 23:49:53 - [TEST_STEP][PASSED] - if (i == 3 &amp;&amp; wildList.indexOf(symbol) != -1): null

2019-08-10 23:49:53 - [TEST_STEP][PASSED] - if (i == 4 &amp;&amp; wildList.indexOf(symbol) != -1): null

2019-08-10 23:49:53 - [TEST_STEP][PASSED] - symbol = symbol: null

2019-08-10 23:49:53 - [TEST_STEP][PASSED] - println(symbol): null

2019-08-10 23:49:53 - [TEST_STEP][PASSED] - if (i == 2 &amp;&amp; wildList.indexOf(symbol) != -1): null

2019-08-10 23:49:53 - [TEST_STEP][PASSED] - if (i == 3 &amp;&amp; wildList.indexOf(symbol) != -1): null

2019-08-10 23:49:53 - [TEST_STEP][PASSED] - if (i == 4 &amp;&amp; wildList.indexOf(symbol) != -1): null

2019-08-10 23:49:53 - [TEST_STEP][PASSED] - free_spin_reel_counter = free_spin_reel_counter: null

2019-08-10 23:49:53 - [TEST_STEP][PASSED] - println("reel 3 wild found: " + free_spin_reel_counter[0]): null

2019-08-10 23:49:53 - [TEST_STEP][PASSED] - println("reel 4 wild found: " + free_spin_reel_counter[1]): null

2019-08-10 23:49:53 - [TEST_STEP][PASSED] - println("reel 5 wild found: " + free_spin_reel_counter[2]): null

2019-08-10 23:49:53 - [TEST_STEP][PASSED] - M4_spin_reels = M4_spin_reels: null

2019-08-10 23:49:53 - [TEST_STEP][PASSED] - M4_spin_reels_symbols = symbol: null

2019-08-10 23:49:53 - [TEST_STEP][PASSED] - M4_spin_reels_symbols = M4_spin_reels_symbols: null

2019-08-10 23:49:53 - [TEST_STEP][PASSED] - M4_spin_reel_wins = reel_wins: null

2019-08-10 23:49:53 - [TEST_STEP][PASSED] - M4_spin_reel_wins = M4_spin_reel_wins: null

2019-08-10 23:49:53 - [TEST_STEP][PASSED] - println("GlobalVariable.M4_spin_reel_wins is: " + M4_spin_reel_wins): null

2019-08-10 23:49:53 - [TEST_STEP][PASSED] - M4_spin_total_bonus_win_this_round = total_bonus_win_this_round: null

2019-08-10 23:49:53 - [TEST_STEP][PASSED] - M4_spin_total_bonus_win_this_round = M4_spin_total_bonus_win_this_round: null

2019-08-10 23:49:53 - [TEST_STEP][PASSED] - println("GlobalVariable.M4_spin_total_bonus_win_this_round is: " + M4_spin_total_bonus_win_this_round): null

2019-08-10 23:49:53 - [MESSAGE][PASSED] - Verify response successfully

2019-08-10 23:49:53 - [MESSAGE][PASSED] - Send request and verify the response successfully

2019-08-10 23:49:53 - [TEST_STEP][PASSED] - if (M4_total_bonus_spins_int != 0 &amp;&amp; M4_spin_reels_symbols[2].contains("WILD_ExtraFG") || M4_spin_reels_symbols[3].contains("WILD_ExtraFG")): null

2019-08-10 23:49:53 - [TEST_STEP][PASSED] - free_spin_reel_counter = free_spin_reel_counter: null

2019-08-10 23:49:53 - [TEST_STEP][PASSED] - M4_spin_reels_symbols = M4_spin_reels_symbols: null

2019-08-10 23:49:53 - [TEST_STEP][PASSED] - M4_total_bonus_spins = M4_total_bonus_spins: null

2019-08-10 23:49:53 - [TEST_STEP][PASSED] - spin_result = sendRequestAndVerify(findTestObject("RGS(M4)/1_M4_spin", ["M4_login_user_id":M4_login_user_id, "rgs_session_token":rgs_session_token, "partner":Partner])): Send request and verify the response successfully

2019-08-10 23:49:54 - [TEST_CASE][PASSED] - Start Test Case : Verification: Verification accomplished successfully

2019-08-10 23:49:54 - [TEST_STEP][PASSED] - request = getInstance().getCurrentRequest(): null

2019-08-10 23:49:54 - [TEST_STEP][PASSED] - response = getInstance().getCurrentResponse(): null

2019-08-10 23:49:54 - [TEST_STEP][PASSED] - verifyResponseStatusCode(response, 200): Verify response status code successfully

2019-08-10 23:49:54 - [MESSAGE][PASSED] - Verify response status code successfully

2019-08-10 23:49:54 - [TEST_STEP][PASSED] - getStatusCode()).isEqualTo(200): null

2019-08-10 23:49:54 - [TEST_STEP][PASSED] - newline = System.getProperty("line.separator"): null

2019-08-10 23:49:54 - [TEST_STEP][PASSED] - M4_spin = new groovy.json.JsonSlurper(): null

2019-08-10 23:49:54 - [TEST_STEP][PASSED] - result_M4_spin = M4_spin.parseText(response.getResponseBodyContent()): null

2019-08-10 23:49:54 - [TEST_STEP][PASSED] - M4_spin_current_balance = current_balance: null

2019-08-10 23:49:54 - [TEST_STEP][PASSED] - M4_spin_current_balance = M4_spin_current_balance: null

2019-08-10 23:49:54 - [TEST_STEP][PASSED] - M4_spin_transaction_id = causality: null

2019-08-10 23:49:54 - [TEST_STEP][PASSED] - M4_spin_transaction_id = M4_spin_transaction_id: null

2019-08-10 23:49:54 - [TEST_STEP][PASSED] - M4_spin_round_id = round_id: null

2019-08-10 23:49:54 - [TEST_STEP][PASSED] - M4_spin_round_id = M4_spin_round_id: null

2019-08-10 23:49:54 - [TEST_STEP][PASSED] - M4_spin_line_wins = line_wins: null

2019-08-10 23:49:54 - [TEST_STEP][PASSED] - M4_spin_line_wins = M4_spin_line_wins: null

2019-08-10 23:49:54 - [TEST_STEP][PASSED] - M4_total_bonus_spins_int = total_bonus_spins: null

2019-08-10 23:49:54 - [TEST_STEP][PASSED] - println("******M4_total_bonus_spins type is:*******" + newline + getClass().getName()): null

2019-08-10 23:49:54 - [TEST_STEP][PASSED] - M4_total_bonus_spins_int = M4_total_bonus_spins_int: null

2019-08-10 23:49:54 - [TEST_STEP][PASSED] - M4_total_bonus_spins = Integer.toString(M4_total_bonus_spins_int): null

2019-08-10 23:49:54 - [TEST_STEP][PASSED] - M4_total_bonus_spins = M4_total_bonus_spins: null

2019-08-10 23:49:54 - [TEST_STEP][PASSED] - println("M4_total_bonus_spins is:" + M4_total_bonus_spins): null

2019-08-10 23:49:54 - [TEST_STEP][PASSED] - M4_spin_bonus_data = bonus_data: null

2019-08-10 23:49:54 - [TEST_STEP][PASSED] - M4_spin_features_triggered = result_M4_spin: null

2019-08-10 23:49:54 - [TEST_STEP][PASSED] - wild = []: null

2019-08-10 23:49:54 - [TEST_STEP][PASSED] - wild[0] = "WILD_Expanding": null

2019-08-10 23:49:54 - [TEST_STEP][PASSED] - wild[1] = "WILD_Normal": null

2019-08-10 23:49:54 - [TEST_STEP][PASSED] - wild[2] = "WILD_Double": null

2019-08-10 23:49:54 - [TEST_STEP][PASSED] - wild[3] = "WILD_ExtraFG": null

2019-08-10 23:49:54 - [TEST_STEP][PASSED] - wild[4] = "WILD_Triple": null

2019-08-10 23:49:54 - [TEST_STEP][PASSED] - wildList = Arrays.asList(wild): null

2019-08-10 23:49:54 - [TEST_STEP][PASSED] - wildList = wildList: null

2019-08-10 23:49:54 - [TEST_STEP][PASSED] - free_spin_reel_counter = []: null

2019-08-10 23:49:54 - [TEST_STEP][PASSED] - free_spin_reel_counter[0] = 0: null

2019-08-10 23:49:54 - [TEST_STEP][PASSED] - free_spin_reel_counter[1] = 0: null

2019-08-10 23:49:54 - [TEST_STEP][PASSED] - free_spin_reel_counter[2] = 0: null

2019-08-10 23:49:54 - [TEST_STEP][PASSED] - M4_spin_reels = reels: null

2019-08-10 23:49:54 - [TEST_STEP][PASSED] - for ([i = 0, i &lt; M4_spin_reels.size(), (i++)]): null

2019-08-10 23:49:54 - [TEST_STEP][PASSED] - symbols = symbols: null

2019-08-10 23:49:54 - [TEST_STEP][PASSED] - for ([j = 0, j &lt; symbols.size(), (j++)]): null

2019-08-10 23:49:54 - [TEST_STEP][PASSED] - symbol = symbol: null

2019-08-10 23:49:54 - [TEST_STEP][PASSED] - println(symbol): null

2019-08-10 23:49:54 - [TEST_STEP][PASSED] - if (i == 2 &amp;&amp; wildList.indexOf(symbol) != -1): null

2019-08-10 23:49:54 - [TEST_STEP][PASSED] - if (i == 3 &amp;&amp; wildList.indexOf(symbol) != -1): null

2019-08-10 23:49:54 - [TEST_STEP][PASSED] - if (i == 4 &amp;&amp; wildList.indexOf(symbol) != -1): null

2019-08-10 23:49:54 - [TEST_STEP][PASSED] - symbol = symbol: null

2019-08-10 23:49:54 - [TEST_STEP][PASSED] - println(symbol): null

2019-08-10 23:49:54 - [TEST_STEP][PASSED] - if (i == 2 &amp;&amp; wildList.indexOf(symbol) != -1): null

2019-08-10 23:49:54 - [TEST_STEP][PASSED] - if (i == 3 &amp;&amp; wildList.indexOf(symbol) != -1): null

2019-08-10 23:49:54 - [TEST_STEP][PASSED] - if (i == 4 &amp;&amp; wildList.indexOf(symbol) != -1): null

2019-08-10 23:49:54 - [TEST_STEP][PASSED] - symbol = symbol: null

2019-08-10 23:49:54 - [TEST_STEP][PASSED] - println(symbol): null

2019-08-10 23:49:54 - [TEST_STEP][PASSED] - if (i == 2 &amp;&amp; wildList.indexOf(symbol) != -1): null

2019-08-10 23:49:54 - [TEST_STEP][PASSED] - if (i == 3 &amp;&amp; wildList.indexOf(symbol) != -1): null

2019-08-10 23:49:54 - [TEST_STEP][PASSED] - if (i == 4 &amp;&amp; wildList.indexOf(symbol) != -1): null

2019-08-10 23:49:54 - [TEST_STEP][PASSED] - symbols = symbols: null

2019-08-10 23:49:54 - [TEST_STEP][PASSED] - for ([j = 0, j &lt; symbols.size(), (j++)]): null

2019-08-10 23:49:54 - [TEST_STEP][PASSED] - symbol = symbol: null

2019-08-10 23:49:54 - [TEST_STEP][PASSED] - println(symbol): null

2019-08-10 23:49:54 - [TEST_STEP][PASSED] - if (i == 2 &amp;&amp; wildList.indexOf(symbol) != -1): null

2019-08-10 23:49:54 - [TEST_STEP][PASSED] - if (i == 3 &amp;&amp; wildList.indexOf(symbol) != -1): null

2019-08-10 23:49:54 - [TEST_STEP][PASSED] - if (i == 4 &amp;&amp; wildList.indexOf(symbol) != -1): null

2019-08-10 23:49:54 - [TEST_STEP][PASSED] - symbol = symbol: null

2019-08-10 23:49:54 - [TEST_STEP][PASSED] - println(symbol): null

2019-08-10 23:49:54 - [TEST_STEP][PASSED] - if (i == 2 &amp;&amp; wildList.indexOf(symbol) != -1): null

2019-08-10 23:49:54 - [TEST_STEP][PASSED] - if (i == 3 &amp;&amp; wildList.indexOf(symbol) != -1): null

2019-08-10 23:49:54 - [TEST_STEP][PASSED] - if (i == 4 &amp;&amp; wildList.indexOf(symbol) != -1): null

2019-08-10 23:49:54 - [TEST_STEP][PASSED] - symbol = symbol: null

2019-08-10 23:49:54 - [TEST_STEP][PASSED] - println(symbol): null

2019-08-10 23:49:54 - [TEST_STEP][PASSED] - if (i == 2 &amp;&amp; wildList.indexOf(symbol) != -1): null

2019-08-10 23:49:54 - [TEST_STEP][PASSED] - if (i == 3 &amp;&amp; wildList.indexOf(symbol) != -1): null

2019-08-10 23:49:54 - [TEST_STEP][PASSED] - if (i == 4 &amp;&amp; wildList.indexOf(symbol) != -1): null

2019-08-10 23:49:54 - [TEST_STEP][PASSED] - symbols = symbols: null

2019-08-10 23:49:54 - [TEST_STEP][PASSED] - for ([j = 0, j &lt; symbols.size(), (j++)]): null

2019-08-10 23:49:54 - [TEST_STEP][PASSED] - symbol = symbol: null

2019-08-10 23:49:54 - [TEST_STEP][PASSED] - println(symbol): null

2019-08-10 23:49:54 - [TEST_STEP][PASSED] - if (i == 2 &amp;&amp; wildList.indexOf(symbol) != -1): null

2019-08-10 23:49:54 - [TEST_STEP][PASSED] - if (i == 3 &amp;&amp; wildList.indexOf(symbol) != -1): null

2019-08-10 23:49:54 - [TEST_STEP][PASSED] - if (i == 4 &amp;&amp; wildList.indexOf(symbol) != -1): null

2019-08-10 23:49:54 - [TEST_STEP][PASSED] - symbol = symbol: null

2019-08-10 23:49:54 - [TEST_STEP][PASSED] - println(symbol): null

2019-08-10 23:49:54 - [TEST_STEP][PASSED] - if (i == 2 &amp;&amp; wildList.indexOf(symbol) != -1): null

2019-08-10 23:49:54 - [TEST_STEP][PASSED] - if (i == 3 &amp;&amp; wildList.indexOf(symbol) != -1): null

2019-08-10 23:49:54 - [TEST_STEP][PASSED] - if (i == 4 &amp;&amp; wildList.indexOf(symbol) != -1): null

2019-08-10 23:49:54 - [TEST_STEP][PASSED] - symbol = symbol: null

2019-08-10 23:49:54 - [TEST_STEP][PASSED] - println(symbol): null

2019-08-10 23:49:54 - [TEST_STEP][PASSED] - if (i == 2 &amp;&amp; wildList.indexOf(symbol) != -1): null

2019-08-10 23:49:54 - [TEST_STEP][PASSED] - println("wild found on reel 3, adding counter by 1"): null

2019-08-10 23:49:54 - [TEST_STEP][PASSED] - free_spin_reel_counter[0] = free_spin_reel_counter[0] + 1: null

2019-08-10 23:49:54 - [TEST_STEP][PASSED] - if (i == 3 &amp;&amp; wildList.indexOf(symbol) != -1): null

2019-08-10 23:49:54 - [TEST_STEP][PASSED] - if (i == 4 &amp;&amp; wildList.indexOf(symbol) != -1): null

2019-08-10 23:49:54 - [TEST_STEP][PASSED] - symbols = symbols: null

2019-08-10 23:49:54 - [TEST_STEP][PASSED] - for ([j = 0, j &lt; symbols.size(), (j++)]): null

2019-08-10 23:49:54 - [TEST_STEP][PASSED] - symbol = symbol: null

2019-08-10 23:49:54 - [TEST_STEP][PASSED] - println(symbol): null

2019-08-10 23:49:54 - [TEST_STEP][PASSED] - if (i == 2 &amp;&amp; wildList.indexOf(symbol) != -1): null

2019-08-10 23:49:54 - [TEST_STEP][PASSED] - if (i == 3 &amp;&amp; wildList.indexOf(symbol) != -1): null

2019-08-10 23:49:54 - [TEST_STEP][PASSED] - if (i == 4 &amp;&amp; wildList.indexOf(symbol) != -1): null

2019-08-10 23:49:54 - [TEST_STEP][PASSED] - symbol = symbol: null

2019-08-10 23:49:54 - [TEST_STEP][PASSED] - println(symbol): null

2019-08-10 23:49:54 - [TEST_STEP][PASSED] - if (i == 2 &amp;&amp; wildList.indexOf(symbol) != -1): null

2019-08-10 23:49:54 - [TEST_STEP][PASSED] - if (i == 3 &amp;&amp; wildList.indexOf(symbol) != -1): null

2019-08-10 23:49:54 - [TEST_STEP][PASSED] - if (i == 4 &amp;&amp; wildList.indexOf(symbol) != -1): null

2019-08-10 23:49:54 - [TEST_STEP][PASSED] - symbol = symbol: null

2019-08-10 23:49:54 - [TEST_STEP][PASSED] - println(symbol): null

2019-08-10 23:49:54 - [TEST_STEP][PASSED] - if (i == 2 &amp;&amp; wildList.indexOf(symbol) != -1): null

2019-08-10 23:49:54 - [TEST_STEP][PASSED] - if (i == 3 &amp;&amp; wildList.indexOf(symbol) != -1): null

2019-08-10 23:49:54 - [TEST_STEP][PASSED] - if (i == 4 &amp;&amp; wildList.indexOf(symbol) != -1): null

2019-08-10 23:49:54 - [TEST_STEP][PASSED] - symbols = symbols: null

2019-08-10 23:49:54 - [TEST_STEP][PASSED] - for ([j = 0, j &lt; symbols.size(), (j++)]): null

2019-08-10 23:49:54 - [TEST_STEP][PASSED] - symbol = symbol: null

2019-08-10 23:49:54 - [TEST_STEP][PASSED] - println(symbol): null

2019-08-10 23:49:54 - [TEST_STEP][PASSED] - if (i == 2 &amp;&amp; wildList.indexOf(symbol) != -1): null

2019-08-10 23:49:54 - [TEST_STEP][PASSED] - if (i == 3 &amp;&amp; wildList.indexOf(symbol) != -1): null

2019-08-10 23:49:54 - [TEST_STEP][PASSED] - if (i == 4 &amp;&amp; wildList.indexOf(symbol) != -1): null

2019-08-10 23:49:54 - [TEST_STEP][PASSED] - symbol = symbol: null

2019-08-10 23:49:54 - [TEST_STEP][PASSED] - println(symbol): null

2019-08-10 23:49:54 - [TEST_STEP][PASSED] - if (i == 2 &amp;&amp; wildList.indexOf(symbol) != -1): null

2019-08-10 23:49:54 - [TEST_STEP][PASSED] - if (i == 3 &amp;&amp; wildList.indexOf(symbol) != -1): null

2019-08-10 23:49:54 - [TEST_STEP][PASSED] - if (i == 4 &amp;&amp; wildList.indexOf(symbol) != -1): null

2019-08-10 23:49:54 - [TEST_STEP][PASSED] - symbol = symbol: null

2019-08-10 23:49:54 - [TEST_STEP][PASSED] - println(symbol): null

2019-08-10 23:49:54 - [TEST_STEP][PASSED] - if (i == 2 &amp;&amp; wildList.indexOf(symbol) != -1): null

2019-08-10 23:49:54 - [TEST_STEP][PASSED] - if (i == 3 &amp;&amp; wildList.indexOf(symbol) != -1): null

2019-08-10 23:49:54 - [TEST_STEP][PASSED] - if (i == 4 &amp;&amp; wildList.indexOf(symbol) != -1): null

2019-08-10 23:49:54 - [TEST_STEP][PASSED] - free_spin_reel_counter = free_spin_reel_counter: null

2019-08-10 23:49:54 - [TEST_STEP][PASSED] - println("reel 3 wild found: " + free_spin_reel_counter[0]): null

2019-08-10 23:49:54 - [TEST_STEP][PASSED] - println("reel 4 wild found: " + free_spin_reel_counter[1]): null

2019-08-10 23:49:54 - [TEST_STEP][PASSED] - println("reel 5 wild found: " + free_spin_reel_counter[2]): null

2019-08-10 23:49:54 - [TEST_STEP][PASSED] - M4_spin_reels = M4_spin_reels: null

2019-08-10 23:49:54 - [TEST_STEP][PASSED] - M4_spin_reels_symbols = symbol: null

2019-08-10 23:49:54 - [TEST_STEP][PASSED] - M4_spin_reels_symbols = M4_spin_reels_symbols: null

2019-08-10 23:49:54 - [TEST_STEP][PASSED] - M4_spin_reel_wins = reel_wins: null

2019-08-10 23:49:54 - [TEST_STEP][PASSED] - M4_spin_reel_wins = M4_spin_reel_wins: null

2019-08-10 23:49:54 - [TEST_STEP][PASSED] - println("GlobalVariable.M4_spin_reel_wins is: " + M4_spin_reel_wins): null

2019-08-10 23:49:54 - [TEST_STEP][PASSED] - M4_spin_total_bonus_win_this_round = total_bonus_win_this_round: null

2019-08-10 23:49:54 - [TEST_STEP][PASSED] - M4_spin_total_bonus_win_this_round = M4_spin_total_bonus_win_this_round: null

2019-08-10 23:49:54 - [TEST_STEP][PASSED] - println("GlobalVariable.M4_spin_total_bonus_win_this_round is: " + M4_spin_total_bonus_win_this_round): null

2019-08-10 23:49:54 - [MESSAGE][PASSED] - Verify response successfully

2019-08-10 23:49:54 - [MESSAGE][PASSED] - Send request and verify the response successfully

2019-08-10 23:49:54 - [TEST_STEP][PASSED] - if (M4_total_bonus_spins_int != 0 &amp;&amp; M4_spin_reels_symbols[2].contains("WILD_ExtraFG") || M4_spin_reels_symbols[3].contains("WILD_ExtraFG")): null

2019-08-10 23:49:54 - [TEST_STEP][PASSED] - free_spin_reel_counter = free_spin_reel_counter: null

2019-08-10 23:49:54 - [TEST_STEP][PASSED] - M4_spin_reels_symbols = M4_spin_reels_symbols: null

2019-08-10 23:49:54 - [TEST_STEP][PASSED] - M4_total_bonus_spins = M4_total_bonus_spins: null

2019-08-10 23:49:54 - [TEST_STEP][PASSED] - spin_result = sendRequestAndVerify(findTestObject("RGS(M4)/1_M4_spin", ["M4_login_user_id":M4_login_user_id, "rgs_session_token":rgs_session_token, "partner":Partner])): Send request and verify the response successfully

2019-08-10 23:49:55 - [TEST_CASE][PASSED] - Start Test Case : Verification: Verification accomplished successfully

2019-08-10 23:49:55 - [TEST_STEP][PASSED] - request = getInstance().getCurrentRequest(): null

2019-08-10 23:49:55 - [TEST_STEP][PASSED] - response = getInstance().getCurrentResponse(): null

2019-08-10 23:49:55 - [TEST_STEP][PASSED] - verifyResponseStatusCode(response, 200): Verify response status code successfully

2019-08-10 23:49:55 - [MESSAGE][PASSED] - Verify response status code successfully

2019-08-10 23:49:55 - [TEST_STEP][PASSED] - getStatusCode()).isEqualTo(200): null

2019-08-10 23:49:55 - [TEST_STEP][PASSED] - newline = System.getProperty("line.separator"): null

2019-08-10 23:49:55 - [TEST_STEP][PASSED] - M4_spin = new groovy.json.JsonSlurper(): null

2019-08-10 23:49:55 - [TEST_STEP][PASSED] - result_M4_spin = M4_spin.parseText(response.getResponseBodyContent()): null

2019-08-10 23:49:55 - [TEST_STEP][PASSED] - M4_spin_current_balance = current_balance: null

2019-08-10 23:49:55 - [TEST_STEP][PASSED] - M4_spin_current_balance = M4_spin_current_balance: null

2019-08-10 23:49:55 - [TEST_STEP][PASSED] - M4_spin_transaction_id = causality: null

2019-08-10 23:49:55 - [TEST_STEP][PASSED] - M4_spin_transaction_id = M4_spin_transaction_id: null

2019-08-10 23:49:55 - [TEST_STEP][PASSED] - M4_spin_round_id = round_id: null

2019-08-10 23:49:55 - [TEST_STEP][PASSED] - M4_spin_round_id = M4_spin_round_id: null

2019-08-10 23:49:55 - [TEST_STEP][PASSED] - M4_spin_line_wins = line_wins: null

2019-08-10 23:49:55 - [TEST_STEP][PASSED] - M4_spin_line_wins = M4_spin_line_wins: null

2019-08-10 23:49:55 - [TEST_STEP][PASSED] - M4_total_bonus_spins_int = total_bonus_spins: null

2019-08-10 23:49:55 - [TEST_STEP][PASSED] - println("******M4_total_bonus_spins type is:*******" + newline + getClass().getName()): null

2019-08-10 23:49:55 - [TEST_STEP][PASSED] - M4_total_bonus_spins_int = M4_total_bonus_spins_int: null

2019-08-10 23:49:55 - [TEST_STEP][PASSED] - M4_total_bonus_spins = Integer.toString(M4_total_bonus_spins_int): null

2019-08-10 23:49:55 - [TEST_STEP][PASSED] - M4_total_bonus_spins = M4_total_bonus_spins: null

2019-08-10 23:49:55 - [TEST_STEP][PASSED] - println("M4_total_bonus_spins is:" + M4_total_bonus_spins): null

2019-08-10 23:49:55 - [TEST_STEP][PASSED] - M4_spin_bonus_data = bonus_data: null

2019-08-10 23:49:55 - [TEST_STEP][PASSED] - M4_spin_features_triggered = result_M4_spin: null

2019-08-10 23:49:55 - [TEST_STEP][PASSED] - wild = []: null

2019-08-10 23:49:55 - [TEST_STEP][PASSED] - wild[0] = "WILD_Expanding": null

2019-08-10 23:49:55 - [TEST_STEP][PASSED] - wild[1] = "WILD_Normal": null

2019-08-10 23:49:55 - [TEST_STEP][PASSED] - wild[2] = "WILD_Double": null

2019-08-10 23:49:55 - [TEST_STEP][PASSED] - wild[3] = "WILD_ExtraFG": null

2019-08-10 23:49:55 - [TEST_STEP][PASSED] - wild[4] = "WILD_Triple": null

2019-08-10 23:49:55 - [TEST_STEP][PASSED] - wildList = Arrays.asList(wild): null

2019-08-10 23:49:55 - [TEST_STEP][PASSED] - wildList = wildList: null

2019-08-10 23:49:55 - [TEST_STEP][PASSED] - free_spin_reel_counter = []: null

2019-08-10 23:49:55 - [TEST_STEP][PASSED] - free_spin_reel_counter[0] = 0: null

2019-08-10 23:49:55 - [TEST_STEP][PASSED] - free_spin_reel_counter[1] = 0: null

2019-08-10 23:49:55 - [TEST_STEP][PASSED] - free_spin_reel_counter[2] = 0: null

2019-08-10 23:49:55 - [TEST_STEP][PASSED] - M4_spin_reels = reels: null

2019-08-10 23:49:55 - [TEST_STEP][PASSED] - for ([i = 0, i &lt; M4_spin_reels.size(), (i++)]): null

2019-08-10 23:49:55 - [TEST_STEP][PASSED] - symbols = symbols: null

2019-08-10 23:49:55 - [TEST_STEP][PASSED] - for ([j = 0, j &lt; symbols.size(), (j++)]): null

2019-08-10 23:49:55 - [TEST_STEP][PASSED] - symbol = symbol: null

2019-08-10 23:49:55 - [TEST_STEP][PASSED] - println(symbol): null

2019-08-10 23:49:55 - [TEST_STEP][PASSED] - if (i == 2 &amp;&amp; wildList.indexOf(symbol) != -1): null

2019-08-10 23:49:55 - [TEST_STEP][PASSED] - if (i == 3 &amp;&amp; wildList.indexOf(symbol) != -1): null

2019-08-10 23:49:55 - [TEST_STEP][PASSED] - if (i == 4 &amp;&amp; wildList.indexOf(symbol) != -1): null

2019-08-10 23:49:55 - [TEST_STEP][PASSED] - symbol = symbol: null

2019-08-10 23:49:55 - [TEST_STEP][PASSED] - println(symbol): null

2019-08-10 23:49:55 - [TEST_STEP][PASSED] - if (i == 2 &amp;&amp; wildList.indexOf(symbol) != -1): null

2019-08-10 23:49:55 - [TEST_STEP][PASSED] - if (i == 3 &amp;&amp; wildList.indexOf(symbol) != -1): null

2019-08-10 23:49:55 - [TEST_STEP][PASSED] - if (i == 4 &amp;&amp; wildList.indexOf(symbol) != -1): null

2019-08-10 23:49:55 - [TEST_STEP][PASSED] - symbol = symbol: null

2019-08-10 23:49:55 - [TEST_STEP][PASSED] - println(symbol): null

2019-08-10 23:49:55 - [TEST_STEP][PASSED] - if (i == 2 &amp;&amp; wildList.indexOf(symbol) != -1): null

2019-08-10 23:49:55 - [TEST_STEP][PASSED] - if (i == 3 &amp;&amp; wildList.indexOf(symbol) != -1): null

2019-08-10 23:49:55 - [TEST_STEP][PASSED] - if (i == 4 &amp;&amp; wildList.indexOf(symbol) != -1): null

2019-08-10 23:49:55 - [TEST_STEP][PASSED] - symbols = symbols: null

2019-08-10 23:49:55 - [TEST_STEP][PASSED] - for ([j = 0, j &lt; symbols.size(), (j++)]): null

2019-08-10 23:49:55 - [TEST_STEP][PASSED] - symbol = symbol: null

2019-08-10 23:49:55 - [TEST_STEP][PASSED] - println(symbol): null

2019-08-10 23:49:55 - [TEST_STEP][PASSED] - if (i == 2 &amp;&amp; wildList.indexOf(symbol) != -1): null

2019-08-10 23:49:55 - [TEST_STEP][PASSED] - if (i == 3 &amp;&amp; wildList.indexOf(symbol) != -1): null

2019-08-10 23:49:55 - [TEST_STEP][PASSED] - if (i == 4 &amp;&amp; wildList.indexOf(symbol) != -1): null

2019-08-10 23:49:55 - [TEST_STEP][PASSED] - symbol = symbol: null

2019-08-10 23:49:55 - [TEST_STEP][PASSED] - println(symbol): null

2019-08-10 23:49:55 - [TEST_STEP][PASSED] - if (i == 2 &amp;&amp; wildList.indexOf(symbol) != -1): null

2019-08-10 23:49:55 - [TEST_STEP][PASSED] - if (i == 3 &amp;&amp; wildList.indexOf(symbol) != -1): null

2019-08-10 23:49:55 - [TEST_STEP][PASSED] - if (i == 4 &amp;&amp; wildList.indexOf(symbol) != -1): null

2019-08-10 23:49:55 - [TEST_STEP][PASSED] - symbol = symbol: null

2019-08-10 23:49:55 - [TEST_STEP][PASSED] - println(symbol): null

2019-08-10 23:49:55 - [TEST_STEP][PASSED] - if (i == 2 &amp;&amp; wildList.indexOf(symbol) != -1): null

2019-08-10 23:49:55 - [TEST_STEP][PASSED] - if (i == 3 &amp;&amp; wildList.indexOf(symbol) != -1): null

2019-08-10 23:49:55 - [TEST_STEP][PASSED] - if (i == 4 &amp;&amp; wildList.indexOf(symbol) != -1): null

2019-08-10 23:49:55 - [TEST_STEP][PASSED] - symbols = symbols: null

2019-08-10 23:49:55 - [TEST_STEP][PASSED] - for ([j = 0, j &lt; symbols.size(), (j++)]): null

2019-08-10 23:49:55 - [TEST_STEP][PASSED] - symbol = symbol: null

2019-08-10 23:49:55 - [TEST_STEP][PASSED] - println(symbol): null

2019-08-10 23:49:55 - [TEST_STEP][PASSED] - if (i == 2 &amp;&amp; wildList.indexOf(symbol) != -1): null

2019-08-10 23:49:55 - [TEST_STEP][PASSED] - if (i == 3 &amp;&amp; wildList.indexOf(symbol) != -1): null

2019-08-10 23:49:55 - [TEST_STEP][PASSED] - if (i == 4 &amp;&amp; wildList.indexOf(symbol) != -1): null

2019-08-10 23:49:55 - [TEST_STEP][PASSED] - symbol = symbol: null

2019-08-10 23:49:55 - [TEST_STEP][PASSED] - println(symbol): null

2019-08-10 23:49:55 - [TEST_STEP][PASSED] - if (i == 2 &amp;&amp; wildList.indexOf(symbol) != -1): null

2019-08-10 23:49:55 - [TEST_STEP][PASSED] - if (i == 3 &amp;&amp; wildList.indexOf(symbol) != -1): null

2019-08-10 23:49:55 - [TEST_STEP][PASSED] - if (i == 4 &amp;&amp; wildList.indexOf(symbol) != -1): null

2019-08-10 23:49:55 - [TEST_STEP][PASSED] - symbol = symbol: null

2019-08-10 23:49:55 - [TEST_STEP][PASSED] - println(symbol): null

2019-08-10 23:49:55 - [TEST_STEP][PASSED] - if (i == 2 &amp;&amp; wildList.indexOf(symbol) != -1): null

2019-08-10 23:49:55 - [TEST_STEP][PASSED] - if (i == 3 &amp;&amp; wildList.indexOf(symbol) != -1): null

2019-08-10 23:49:55 - [TEST_STEP][PASSED] - if (i == 4 &amp;&amp; wildList.indexOf(symbol) != -1): null

2019-08-10 23:49:55 - [TEST_STEP][PASSED] - symbols = symbols: null

2019-08-10 23:49:55 - [TEST_STEP][PASSED] - for ([j = 0, j &lt; symbols.size(), (j++)]): null

2019-08-10 23:49:55 - [TEST_STEP][PASSED] - symbol = symbol: null

2019-08-10 23:49:55 - [TEST_STEP][PASSED] - println(symbol): null

2019-08-10 23:49:55 - [TEST_STEP][PASSED] - if (i == 2 &amp;&amp; wildList.indexOf(symbol) != -1): null

2019-08-10 23:49:55 - [TEST_STEP][PASSED] - if (i == 3 &amp;&amp; wildList.indexOf(symbol) != -1): null

2019-08-10 23:49:55 - [TEST_STEP][PASSED] - println("wild found on reel 4, adding counter by 1"): null

2019-08-10 23:49:55 - [TEST_STEP][PASSED] - free_spin_reel_counter[1] = free_spin_reel_counter[1] + 1: null

2019-08-10 23:49:55 - [TEST_STEP][PASSED] - if (i == 4 &amp;&amp; wildList.indexOf(symbol) != -1): null

2019-08-10 23:49:55 - [TEST_STEP][PASSED] - symbol = symbol: null

2019-08-10 23:49:55 - [TEST_STEP][PASSED] - println(symbol): null

2019-08-10 23:49:55 - [TEST_STEP][PASSED] - if (i == 2 &amp;&amp; wildList.indexOf(symbol) != -1): null

2019-08-10 23:49:55 - [TEST_STEP][PASSED] - if (i == 3 &amp;&amp; wildList.indexOf(symbol) != -1): null

2019-08-10 23:49:55 - [TEST_STEP][PASSED] - if (i == 4 &amp;&amp; wildList.indexOf(symbol) != -1): null

2019-08-10 23:49:55 - [TEST_STEP][PASSED] - symbol = symbol: null

2019-08-10 23:49:55 - [TEST_STEP][PASSED] - println(symbol): null

2019-08-10 23:49:55 - [TEST_STEP][PASSED] - if (i == 2 &amp;&amp; wildList.indexOf(symbol) != -1): null

2019-08-10 23:49:55 - [TEST_STEP][PASSED] - if (i == 3 &amp;&amp; wildList.indexOf(symbol) != -1): null

2019-08-10 23:49:55 - [TEST_STEP][PASSED] - if (i == 4 &amp;&amp; wildList.indexOf(symbol) != -1): null

2019-08-10 23:49:55 - [TEST_STEP][PASSED] - symbols = symbols: null

2019-08-10 23:49:55 - [TEST_STEP][PASSED] - for ([j = 0, j &lt; symbols.size(), (j++)]): null

2019-08-10 23:49:55 - [TEST_STEP][PASSED] - symbol = symbol: null

2019-08-10 23:49:55 - [TEST_STEP][PASSED] - println(symbol): null

2019-08-10 23:49:55 - [TEST_STEP][PASSED] - if (i == 2 &amp;&amp; wildList.indexOf(symbol) != -1): null

2019-08-10 23:49:55 - [TEST_STEP][PASSED] - if (i == 3 &amp;&amp; wildList.indexOf(symbol) != -1): null

2019-08-10 23:49:55 - [TEST_STEP][PASSED] - if (i == 4 &amp;&amp; wildList.indexOf(symbol) != -1): null

2019-08-10 23:49:55 - [TEST_STEP][PASSED] - symbol = symbol: null

2019-08-10 23:49:55 - [TEST_STEP][PASSED] - println(symbol): null

2019-08-10 23:49:55 - [TEST_STEP][PASSED] - if (i == 2 &amp;&amp; wildList.indexOf(symbol) != -1): null

2019-08-10 23:49:55 - [TEST_STEP][PASSED] - if (i == 3 &amp;&amp; wildList.indexOf(symbol) != -1): null

2019-08-10 23:49:55 - [TEST_STEP][PASSED] - if (i == 4 &amp;&amp; wildList.indexOf(symbol) != -1): null

2019-08-10 23:49:55 - [TEST_STEP][PASSED] - symbol = symbol: null

2019-08-10 23:49:55 - [TEST_STEP][PASSED] - println(symbol): null

2019-08-10 23:49:55 - [TEST_STEP][PASSED] - if (i == 2 &amp;&amp; wildList.indexOf(symbol) != -1): null

2019-08-10 23:49:55 - [TEST_STEP][PASSED] - if (i == 3 &amp;&amp; wildList.indexOf(symbol) != -1): null

2019-08-10 23:49:55 - [TEST_STEP][PASSED] - if (i == 4 &amp;&amp; wildList.indexOf(symbol) != -1): null

2019-08-10 23:49:55 - [TEST_STEP][PASSED] - free_spin_reel_counter = free_spin_reel_counter: null

2019-08-10 23:49:55 - [TEST_STEP][PASSED] - println("reel 3 wild found: " + free_spin_reel_counter[0]): null

2019-08-10 23:49:55 - [TEST_STEP][PASSED] - println("reel 4 wild found: " + free_spin_reel_counter[1]): null

2019-08-10 23:49:55 - [TEST_STEP][PASSED] - println("reel 5 wild found: " + free_spin_reel_counter[2]): null

2019-08-10 23:49:55 - [TEST_STEP][PASSED] - M4_spin_reels = M4_spin_reels: null

2019-08-10 23:49:55 - [TEST_STEP][PASSED] - M4_spin_reels_symbols = symbol: null

2019-08-10 23:49:55 - [TEST_STEP][PASSED] - M4_spin_reels_symbols = M4_spin_reels_symbols: null

2019-08-10 23:49:55 - [TEST_STEP][PASSED] - M4_spin_reel_wins = reel_wins: null

2019-08-10 23:49:55 - [TEST_STEP][PASSED] - M4_spin_reel_wins = M4_spin_reel_wins: null

2019-08-10 23:49:55 - [TEST_STEP][PASSED] - println("GlobalVariable.M4_spin_reel_wins is: " + M4_spin_reel_wins): null

2019-08-10 23:49:55 - [TEST_STEP][PASSED] - M4_spin_total_bonus_win_this_round = total_bonus_win_this_round: null

2019-08-10 23:49:55 - [TEST_STEP][PASSED] - M4_spin_total_bonus_win_this_round = M4_spin_total_bonus_win_this_round: null

2019-08-10 23:49:55 - [TEST_STEP][PASSED] - println("GlobalVariable.M4_spin_total_bonus_win_this_round is: " + M4_spin_total_bonus_win_this_round): null

2019-08-10 23:49:55 - [MESSAGE][PASSED] - Verify response successfully

2019-08-10 23:49:55 - [MESSAGE][PASSED] - Send request and verify the response successfully

2019-08-10 23:49:55 - [TEST_STEP][PASSED] - if (M4_total_bonus_spins_int != 0 &amp;&amp; M4_spin_reels_symbols[2].contains("WILD_ExtraFG") || M4_spin_reels_symbols[3].contains("WILD_ExtraFG")): null

2019-08-10 23:49:55 - [TEST_STEP][PASSED] - free_spin_reel_counter = free_spin_reel_counter: null

2019-08-10 23:49:55 - [TEST_STEP][PASSED] - M4_spin_reels_symbols = M4_spin_reels_symbols: null

2019-08-10 23:49:55 - [TEST_STEP][PASSED] - M4_total_bonus_spins = M4_total_bonus_spins: null

2019-08-10 23:49:55 - [TEST_STEP][PASSED] - spin_result = sendRequestAndVerify(findTestObject("RGS(M4)/1_M4_spin", ["M4_login_user_id":M4_login_user_id, "rgs_session_token":rgs_session_token, "partner":Partner])): Send request and verify the response successfully

2019-08-10 23:49:55 - [TEST_CASE][PASSED] - Start Test Case : Verification: Verification accomplished successfully

2019-08-10 23:49:55 - [TEST_STEP][PASSED] - request = getInstance().getCurrentRequest(): null

2019-08-10 23:49:55 - [TEST_STEP][PASSED] - response = getInstance().getCurrentResponse(): null

2019-08-10 23:49:55 - [TEST_STEP][PASSED] - verifyResponseStatusCode(response, 200): Verify response status code successfully

2019-08-10 23:49:55 - [MESSAGE][PASSED] - Verify response status code successfully

2019-08-10 23:49:55 - [TEST_STEP][PASSED] - getStatusCode()).isEqualTo(200): null

2019-08-10 23:49:55 - [TEST_STEP][PASSED] - newline = System.getProperty("line.separator"): null

2019-08-10 23:49:55 - [TEST_STEP][PASSED] - M4_spin = new groovy.json.JsonSlurper(): null

2019-08-10 23:49:55 - [TEST_STEP][PASSED] - result_M4_spin = M4_spin.parseText(response.getResponseBodyContent()): null

2019-08-10 23:49:55 - [TEST_STEP][PASSED] - M4_spin_current_balance = current_balance: null

2019-08-10 23:49:55 - [TEST_STEP][PASSED] - M4_spin_current_balance = M4_spin_current_balance: null

2019-08-10 23:49:55 - [TEST_STEP][PASSED] - M4_spin_transaction_id = causality: null

2019-08-10 23:49:55 - [TEST_STEP][PASSED] - M4_spin_transaction_id = M4_spin_transaction_id: null

2019-08-10 23:49:55 - [TEST_STEP][PASSED] - M4_spin_round_id = round_id: null

2019-08-10 23:49:55 - [TEST_STEP][PASSED] - M4_spin_round_id = M4_spin_round_id: null

2019-08-10 23:49:55 - [TEST_STEP][PASSED] - M4_spin_line_wins = line_wins: null

2019-08-10 23:49:55 - [TEST_STEP][PASSED] - M4_spin_line_wins = M4_spin_line_wins: null

2019-08-10 23:49:55 - [TEST_STEP][PASSED] - M4_total_bonus_spins_int = total_bonus_spins: null

2019-08-10 23:49:55 - [TEST_STEP][PASSED] - println("******M4_total_bonus_spins type is:*******" + newline + getClass().getName()): null

2019-08-10 23:49:55 - [TEST_STEP][PASSED] - M4_total_bonus_spins_int = M4_total_bonus_spins_int: null

2019-08-10 23:49:55 - [TEST_STEP][PASSED] - M4_total_bonus_spins = Integer.toString(M4_total_bonus_spins_int): null

2019-08-10 23:49:55 - [TEST_STEP][PASSED] - M4_total_bonus_spins = M4_total_bonus_spins: null

2019-08-10 23:49:55 - [TEST_STEP][PASSED] - println("M4_total_bonus_spins is:" + M4_total_bonus_spins): null

2019-08-10 23:49:55 - [TEST_STEP][PASSED] - M4_spin_bonus_data = bonus_data: null

2019-08-10 23:49:55 - [TEST_STEP][PASSED] - M4_spin_features_triggered = result_M4_spin: null

2019-08-10 23:49:55 - [TEST_STEP][PASSED] - wild = []: null

2019-08-10 23:49:55 - [TEST_STEP][PASSED] - wild[0] = "WILD_Expanding": null

2019-08-10 23:49:55 - [TEST_STEP][PASSED] - wild[1] = "WILD_Normal": null

2019-08-10 23:49:55 - [TEST_STEP][PASSED] - wild[2] = "WILD_Double": null

2019-08-10 23:49:55 - [TEST_STEP][PASSED] - wild[3] = "WILD_ExtraFG": null

2019-08-10 23:49:55 - [TEST_STEP][PASSED] - wild[4] = "WILD_Triple": null

2019-08-10 23:49:55 - [TEST_STEP][PASSED] - wildList = Arrays.asList(wild): null

2019-08-10 23:49:55 - [TEST_STEP][PASSED] - wildList = wildList: null

2019-08-10 23:49:55 - [TEST_STEP][PASSED] - free_spin_reel_counter = []: null

2019-08-10 23:49:55 - [TEST_STEP][PASSED] - free_spin_reel_counter[0] = 0: null

2019-08-10 23:49:55 - [TEST_STEP][PASSED] - free_spin_reel_counter[1] = 0: null

2019-08-10 23:49:55 - [TEST_STEP][PASSED] - free_spin_reel_counter[2] = 0: null

2019-08-10 23:49:55 - [TEST_STEP][PASSED] - M4_spin_reels = reels: null

2019-08-10 23:49:55 - [TEST_STEP][PASSED] - for ([i = 0, i &lt; M4_spin_reels.size(), (i++)]): null

2019-08-10 23:49:55 - [TEST_STEP][PASSED] - symbols = symbols: null

2019-08-10 23:49:55 - [TEST_STEP][PASSED] - for ([j = 0, j &lt; symbols.size(), (j++)]): null

2019-08-10 23:49:55 - [TEST_STEP][PASSED] - symbol = symbol: null

2019-08-10 23:49:55 - [TEST_STEP][PASSED] - println(symbol): null

2019-08-10 23:49:55 - [TEST_STEP][PASSED] - if (i == 2 &amp;&amp; wildList.indexOf(symbol) != -1): null

2019-08-10 23:49:55 - [TEST_STEP][PASSED] - if (i == 3 &amp;&amp; wildList.indexOf(symbol) != -1): null

2019-08-10 23:49:55 - [TEST_STEP][PASSED] - if (i == 4 &amp;&amp; wildList.indexOf(symbol) != -1): null

2019-08-10 23:49:55 - [TEST_STEP][PASSED] - symbol = symbol: null

2019-08-10 23:49:55 - [TEST_STEP][PASSED] - println(symbol): null

2019-08-10 23:49:55 - [TEST_STEP][PASSED] - if (i == 2 &amp;&amp; wildList.indexOf(symbol) != -1): null

2019-08-10 23:49:55 - [TEST_STEP][PASSED] - if (i == 3 &amp;&amp; wildList.indexOf(symbol) != -1): null

2019-08-10 23:49:55 - [TEST_STEP][PASSED] - if (i == 4 &amp;&amp; wildList.indexOf(symbol) != -1): null

2019-08-10 23:49:55 - [TEST_STEP][PASSED] - symbol = symbol: null

2019-08-10 23:49:55 - [TEST_STEP][PASSED] - println(symbol): null

2019-08-10 23:49:55 - [TEST_STEP][PASSED] - if (i == 2 &amp;&amp; wildList.indexOf(symbol) != -1): null

2019-08-10 23:49:55 - [TEST_STEP][PASSED] - if (i == 3 &amp;&amp; wildList.indexOf(symbol) != -1): null

2019-08-10 23:49:55 - [TEST_STEP][PASSED] - if (i == 4 &amp;&amp; wildList.indexOf(symbol) != -1): null

2019-08-10 23:49:55 - [TEST_STEP][PASSED] - symbols = symbols: null

2019-08-10 23:49:55 - [TEST_STEP][PASSED] - for ([j = 0, j &lt; symbols.size(), (j++)]): null

2019-08-10 23:49:55 - [TEST_STEP][PASSED] - symbol = symbol: null

2019-08-10 23:49:55 - [TEST_STEP][PASSED] - println(symbol): null

2019-08-10 23:49:55 - [TEST_STEP][PASSED] - if (i == 2 &amp;&amp; wildList.indexOf(symbol) != -1): null

2019-08-10 23:49:55 - [TEST_STEP][PASSED] - if (i == 3 &amp;&amp; wildList.indexOf(symbol) != -1): null

2019-08-10 23:49:55 - [TEST_STEP][PASSED] - if (i == 4 &amp;&amp; wildList.indexOf(symbol) != -1): null

2019-08-10 23:49:55 - [TEST_STEP][PASSED] - symbol = symbol: null

2019-08-10 23:49:55 - [TEST_STEP][PASSED] - println(symbol): null

2019-08-10 23:49:55 - [TEST_STEP][PASSED] - if (i == 2 &amp;&amp; wildList.indexOf(symbol) != -1): null

2019-08-10 23:49:55 - [TEST_STEP][PASSED] - if (i == 3 &amp;&amp; wildList.indexOf(symbol) != -1): null

2019-08-10 23:49:55 - [TEST_STEP][PASSED] - if (i == 4 &amp;&amp; wildList.indexOf(symbol) != -1): null

2019-08-10 23:49:55 - [TEST_STEP][PASSED] - symbol = symbol: null

2019-08-10 23:49:55 - [TEST_STEP][PASSED] - println(symbol): null

2019-08-10 23:49:55 - [TEST_STEP][PASSED] - if (i == 2 &amp;&amp; wildList.indexOf(symbol) != -1): null

2019-08-10 23:49:55 - [TEST_STEP][PASSED] - if (i == 3 &amp;&amp; wildList.indexOf(symbol) != -1): null

2019-08-10 23:49:55 - [TEST_STEP][PASSED] - if (i == 4 &amp;&amp; wildList.indexOf(symbol) != -1): null

2019-08-10 23:49:55 - [TEST_STEP][PASSED] - symbols = symbols: null

2019-08-10 23:49:55 - [TEST_STEP][PASSED] - for ([j = 0, j &lt; symbols.size(), (j++)]): null

2019-08-10 23:49:55 - [TEST_STEP][PASSED] - symbol = symbol: null

2019-08-10 23:49:55 - [TEST_STEP][PASSED] - println(symbol): null

2019-08-10 23:49:55 - [TEST_STEP][PASSED] - if (i == 2 &amp;&amp; wildList.indexOf(symbol) != -1): null

2019-08-10 23:49:55 - [TEST_STEP][PASSED] - if (i == 3 &amp;&amp; wildList.indexOf(symbol) != -1): null

2019-08-10 23:49:55 - [TEST_STEP][PASSED] - if (i == 4 &amp;&amp; wildList.indexOf(symbol) != -1): null

2019-08-10 23:49:55 - [TEST_STEP][PASSED] - symbol = symbol: null

2019-08-10 23:49:55 - [TEST_STEP][PASSED] - println(symbol): null

2019-08-10 23:49:55 - [TEST_STEP][PASSED] - if (i == 2 &amp;&amp; wildList.indexOf(symbol) != -1): null

2019-08-10 23:49:55 - [TEST_STEP][PASSED] - if (i == 3 &amp;&amp; wildList.indexOf(symbol) != -1): null

2019-08-10 23:49:55 - [TEST_STEP][PASSED] - if (i == 4 &amp;&amp; wildList.indexOf(symbol) != -1): null

2019-08-10 23:49:55 - [TEST_STEP][PASSED] - symbol = symbol: null

2019-08-10 23:49:55 - [TEST_STEP][PASSED] - println(symbol): null

2019-08-10 23:49:55 - [TEST_STEP][PASSED] - if (i == 2 &amp;&amp; wildList.indexOf(symbol) != -1): null

2019-08-10 23:49:55 - [TEST_STEP][PASSED] - if (i == 3 &amp;&amp; wildList.indexOf(symbol) != -1): null

2019-08-10 23:49:55 - [TEST_STEP][PASSED] - if (i == 4 &amp;&amp; wildList.indexOf(symbol) != -1): null

2019-08-10 23:49:55 - [TEST_STEP][PASSED] - symbols = symbols: null

2019-08-10 23:49:55 - [TEST_STEP][PASSED] - for ([j = 0, j &lt; symbols.size(), (j++)]): null

2019-08-10 23:49:55 - [TEST_STEP][PASSED] - symbol = symbol: null

2019-08-10 23:49:55 - [TEST_STEP][PASSED] - println(symbol): null

2019-08-10 23:49:55 - [TEST_STEP][PASSED] - if (i == 2 &amp;&amp; wildList.indexOf(symbol) != -1): null

2019-08-10 23:49:55 - [TEST_STEP][PASSED] - if (i == 3 &amp;&amp; wildList.indexOf(symbol) != -1): null

2019-08-10 23:49:55 - [TEST_STEP][PASSED] - if (i == 4 &amp;&amp; wildList.indexOf(symbol) != -1): null

2019-08-10 23:49:55 - [TEST_STEP][PASSED] - symbol = symbol: null

2019-08-10 23:49:55 - [TEST_STEP][PASSED] - println(symbol): null

2019-08-10 23:49:55 - [TEST_STEP][PASSED] - if (i == 2 &amp;&amp; wildList.indexOf(symbol) != -1): null

2019-08-10 23:49:55 - [TEST_STEP][PASSED] - if (i == 3 &amp;&amp; wildList.indexOf(symbol) != -1): null

2019-08-10 23:49:55 - [TEST_STEP][PASSED] - if (i == 4 &amp;&amp; wildList.indexOf(symbol) != -1): null

2019-08-10 23:49:55 - [TEST_STEP][PASSED] - symbol = symbol: null

2019-08-10 23:49:55 - [TEST_STEP][PASSED] - println(symbol): null

2019-08-10 23:49:55 - [TEST_STEP][PASSED] - if (i == 2 &amp;&amp; wildList.indexOf(symbol) != -1): null

2019-08-10 23:49:55 - [TEST_STEP][PASSED] - if (i == 3 &amp;&amp; wildList.indexOf(symbol) != -1): null

2019-08-10 23:49:55 - [TEST_STEP][PASSED] - println("wild found on reel 4, adding counter by 1"): null

2019-08-10 23:49:55 - [TEST_STEP][PASSED] - free_spin_reel_counter[1] = free_spin_reel_counter[1] + 1: null

2019-08-10 23:49:55 - [TEST_STEP][PASSED] - if (i == 4 &amp;&amp; wildList.indexOf(symbol) != -1): null

2019-08-10 23:49:55 - [TEST_STEP][PASSED] - symbols = symbols: null

2019-08-10 23:49:55 - [TEST_STEP][PASSED] - for ([j = 0, j &lt; symbols.size(), (j++)]): null

2019-08-10 23:49:55 - [TEST_STEP][PASSED] - symbol = symbol: null

2019-08-10 23:49:55 - [TEST_STEP][PASSED] - println(symbol): null

2019-08-10 23:49:55 - [TEST_STEP][PASSED] - if (i == 2 &amp;&amp; wildList.indexOf(symbol) != -1): null

2019-08-10 23:49:55 - [TEST_STEP][PASSED] - if (i == 3 &amp;&amp; wildList.indexOf(symbol) != -1): null

2019-08-10 23:49:55 - [TEST_STEP][PASSED] - if (i == 4 &amp;&amp; wildList.indexOf(symbol) != -1): null

2019-08-10 23:49:55 - [TEST_STEP][PASSED] - symbol = symbol: null

2019-08-10 23:49:55 - [TEST_STEP][PASSED] - println(symbol): null

2019-08-10 23:49:55 - [TEST_STEP][PASSED] - if (i == 2 &amp;&amp; wildList.indexOf(symbol) != -1): null

2019-08-10 23:49:55 - [TEST_STEP][PASSED] - if (i == 3 &amp;&amp; wildList.indexOf(symbol) != -1): null

2019-08-10 23:49:55 - [TEST_STEP][PASSED] - if (i == 4 &amp;&amp; wildList.indexOf(symbol) != -1): null

2019-08-10 23:49:55 - [TEST_STEP][PASSED] - symbol = symbol: null

2019-08-10 23:49:55 - [TEST_STEP][PASSED] - println(symbol): null

2019-08-10 23:49:55 - [TEST_STEP][PASSED] - if (i == 2 &amp;&amp; wildList.indexOf(symbol) != -1): null

2019-08-10 23:49:55 - [TEST_STEP][PASSED] - if (i == 3 &amp;&amp; wildList.indexOf(symbol) != -1): null

2019-08-10 23:49:55 - [TEST_STEP][PASSED] - if (i == 4 &amp;&amp; wildList.indexOf(symbol) != -1): null

2019-08-10 23:49:55 - [TEST_STEP][PASSED] - free_spin_reel_counter = free_spin_reel_counter: null

2019-08-10 23:49:55 - [TEST_STEP][PASSED] - println("reel 3 wild found: " + free_spin_reel_counter[0]): null

2019-08-10 23:49:55 - [TEST_STEP][PASSED] - println("reel 4 wild found: " + free_spin_reel_counter[1]): null

2019-08-10 23:49:55 - [TEST_STEP][PASSED] - println("reel 5 wild found: " + free_spin_reel_counter[2]): null

2019-08-10 23:49:55 - [TEST_STEP][PASSED] - M4_spin_reels = M4_spin_reels: null

2019-08-10 23:49:55 - [TEST_STEP][PASSED] - M4_spin_reels_symbols = symbol: null

2019-08-10 23:49:55 - [TEST_STEP][PASSED] - M4_spin_reels_symbols = M4_spin_reels_symbols: null

2019-08-10 23:49:55 - [TEST_STEP][PASSED] - M4_spin_reel_wins = reel_wins: null

2019-08-10 23:49:55 - [TEST_STEP][PASSED] - M4_spin_reel_wins = M4_spin_reel_wins: null

2019-08-10 23:49:55 - [TEST_STEP][PASSED] - println("GlobalVariable.M4_spin_reel_wins is: " + M4_spin_reel_wins): null

2019-08-10 23:49:55 - [TEST_STEP][PASSED] - M4_spin_total_bonus_win_this_round = total_bonus_win_this_round: null

2019-08-10 23:49:55 - [TEST_STEP][PASSED] - M4_spin_total_bonus_win_this_round = M4_spin_total_bonus_win_this_round: null

2019-08-10 23:49:55 - [TEST_STEP][PASSED] - println("GlobalVariable.M4_spin_total_bonus_win_this_round is: " + M4_spin_total_bonus_win_this_round): null

2019-08-10 23:49:55 - [MESSAGE][PASSED] - Verify response successfully

2019-08-10 23:49:55 - [MESSAGE][PASSED] - Send request and verify the response successfully

2019-08-10 23:49:55 - [TEST_STEP][PASSED] - if (M4_total_bonus_spins_int != 0 &amp;&amp; M4_spin_reels_symbols[2].contains("WILD_ExtraFG") || M4_spin_reels_symbols[3].contains("WILD_ExtraFG")): null

2019-08-10 23:49:55 - [TEST_STEP][PASSED] - free_spin_reel_counter = free_spin_reel_counter: null

2019-08-10 23:49:55 - [TEST_STEP][PASSED] - M4_spin_reels_symbols = M4_spin_reels_symbols: null

2019-08-10 23:49:55 - [TEST_STEP][PASSED] - M4_total_bonus_spins = M4_total_bonus_spins: null

2019-08-10 23:49:55 - [TEST_STEP][PASSED] - spin_result = sendRequestAndVerify(findTestObject("RGS(M4)/1_M4_spin", ["M4_login_user_id":M4_login_user_id, "rgs_session_token":rgs_session_token, "partner":Partner])): Send request and verify the response successfully

2019-08-10 23:49:56 - [TEST_CASE][PASSED] - Start Test Case : Verification: Verification accomplished successfully

2019-08-10 23:49:56 - [TEST_STEP][PASSED] - request = getInstance().getCurrentRequest(): null

2019-08-10 23:49:56 - [TEST_STEP][PASSED] - response = getInstance().getCurrentResponse(): null

2019-08-10 23:49:56 - [TEST_STEP][PASSED] - verifyResponseStatusCode(response, 200): Verify response status code successfully

2019-08-10 23:49:56 - [MESSAGE][PASSED] - Verify response status code successfully

2019-08-10 23:49:56 - [TEST_STEP][PASSED] - getStatusCode()).isEqualTo(200): null

2019-08-10 23:49:56 - [TEST_STEP][PASSED] - newline = System.getProperty("line.separator"): null

2019-08-10 23:49:56 - [TEST_STEP][PASSED] - M4_spin = new groovy.json.JsonSlurper(): null

2019-08-10 23:49:56 - [TEST_STEP][PASSED] - result_M4_spin = M4_spin.parseText(response.getResponseBodyContent()): null

2019-08-10 23:49:56 - [TEST_STEP][PASSED] - M4_spin_current_balance = current_balance: null

2019-08-10 23:49:56 - [TEST_STEP][PASSED] - M4_spin_current_balance = M4_spin_current_balance: null

2019-08-10 23:49:56 - [TEST_STEP][PASSED] - M4_spin_transaction_id = causality: null

2019-08-10 23:49:56 - [TEST_STEP][PASSED] - M4_spin_transaction_id = M4_spin_transaction_id: null

2019-08-10 23:49:56 - [TEST_STEP][PASSED] - M4_spin_round_id = round_id: null

2019-08-10 23:49:56 - [TEST_STEP][PASSED] - M4_spin_round_id = M4_spin_round_id: null

2019-08-10 23:49:56 - [TEST_STEP][PASSED] - M4_spin_line_wins = line_wins: null

2019-08-10 23:49:56 - [TEST_STEP][PASSED] - M4_spin_line_wins = M4_spin_line_wins: null

2019-08-10 23:49:56 - [TEST_STEP][PASSED] - M4_total_bonus_spins_int = total_bonus_spins: null

2019-08-10 23:49:56 - [TEST_STEP][PASSED] - println("******M4_total_bonus_spins type is:*******" + newline + getClass().getName()): null

2019-08-10 23:49:56 - [TEST_STEP][PASSED] - M4_total_bonus_spins_int = M4_total_bonus_spins_int: null

2019-08-10 23:49:56 - [TEST_STEP][PASSED] - M4_total_bonus_spins = Integer.toString(M4_total_bonus_spins_int): null

2019-08-10 23:49:56 - [TEST_STEP][PASSED] - M4_total_bonus_spins = M4_total_bonus_spins: null

2019-08-10 23:49:56 - [TEST_STEP][PASSED] - println("M4_total_bonus_spins is:" + M4_total_bonus_spins): null

2019-08-10 23:49:56 - [TEST_STEP][PASSED] - M4_spin_bonus_data = bonus_data: null

2019-08-10 23:49:56 - [TEST_STEP][PASSED] - M4_spin_features_triggered = result_M4_spin: null

2019-08-10 23:49:56 - [TEST_STEP][PASSED] - wild = []: null

2019-08-10 23:49:56 - [TEST_STEP][PASSED] - wild[0] = "WILD_Expanding": null

2019-08-10 23:49:56 - [TEST_STEP][PASSED] - wild[1] = "WILD_Normal": null

2019-08-10 23:49:56 - [TEST_STEP][PASSED] - wild[2] = "WILD_Double": null

2019-08-10 23:49:56 - [TEST_STEP][PASSED] - wild[3] = "WILD_ExtraFG": null

2019-08-10 23:49:56 - [TEST_STEP][PASSED] - wild[4] = "WILD_Triple": null

2019-08-10 23:49:56 - [TEST_STEP][PASSED] - wildList = Arrays.asList(wild): null

2019-08-10 23:49:56 - [TEST_STEP][PASSED] - wildList = wildList: null

2019-08-10 23:49:56 - [TEST_STEP][PASSED] - free_spin_reel_counter = []: null

2019-08-10 23:49:56 - [TEST_STEP][PASSED] - free_spin_reel_counter[0] = 0: null

2019-08-10 23:49:56 - [TEST_STEP][PASSED] - free_spin_reel_counter[1] = 0: null

2019-08-10 23:49:56 - [TEST_STEP][PASSED] - free_spin_reel_counter[2] = 0: null

2019-08-10 23:49:56 - [TEST_STEP][PASSED] - M4_spin_reels = reels: null

2019-08-10 23:49:56 - [TEST_STEP][PASSED] - for ([i = 0, i &lt; M4_spin_reels.size(), (i++)]): null

2019-08-10 23:49:56 - [TEST_STEP][PASSED] - symbols = symbols: null

2019-08-10 23:49:56 - [TEST_STEP][PASSED] - for ([j = 0, j &lt; symbols.size(), (j++)]): null

2019-08-10 23:49:56 - [TEST_STEP][PASSED] - symbol = symbol: null

2019-08-10 23:49:56 - [TEST_STEP][PASSED] - println(symbol): null

2019-08-10 23:49:56 - [TEST_STEP][PASSED] - if (i == 2 &amp;&amp; wildList.indexOf(symbol) != -1): null

2019-08-10 23:49:56 - [TEST_STEP][PASSED] - if (i == 3 &amp;&amp; wildList.indexOf(symbol) != -1): null

2019-08-10 23:49:56 - [TEST_STEP][PASSED] - if (i == 4 &amp;&amp; wildList.indexOf(symbol) != -1): null

2019-08-10 23:49:56 - [TEST_STEP][PASSED] - symbol = symbol: null

2019-08-10 23:49:56 - [TEST_STEP][PASSED] - println(symbol): null

2019-08-10 23:49:56 - [TEST_STEP][PASSED] - if (i == 2 &amp;&amp; wildList.indexOf(symbol) != -1): null

2019-08-10 23:49:56 - [TEST_STEP][PASSED] - if (i == 3 &amp;&amp; wildList.indexOf(symbol) != -1): null

2019-08-10 23:49:56 - [TEST_STEP][PASSED] - if (i == 4 &amp;&amp; wildList.indexOf(symbol) != -1): null

2019-08-10 23:49:56 - [TEST_STEP][PASSED] - symbol = symbol: null

2019-08-10 23:49:56 - [TEST_STEP][PASSED] - println(symbol): null

2019-08-10 23:49:56 - [TEST_STEP][PASSED] - if (i == 2 &amp;&amp; wildList.indexOf(symbol) != -1): null

2019-08-10 23:49:56 - [TEST_STEP][PASSED] - if (i == 3 &amp;&amp; wildList.indexOf(symbol) != -1): null

2019-08-10 23:49:56 - [TEST_STEP][PASSED] - if (i == 4 &amp;&amp; wildList.indexOf(symbol) != -1): null

2019-08-10 23:49:56 - [TEST_STEP][PASSED] - symbols = symbols: null

2019-08-10 23:49:56 - [TEST_STEP][PASSED] - for ([j = 0, j &lt; symbols.size(), (j++)]): null

2019-08-10 23:49:56 - [TEST_STEP][PASSED] - symbol = symbol: null

2019-08-10 23:49:56 - [TEST_STEP][PASSED] - println(symbol): null

2019-08-10 23:49:56 - [TEST_STEP][PASSED] - if (i == 2 &amp;&amp; wildList.indexOf(symbol) != -1): null

2019-08-10 23:49:56 - [TEST_STEP][PASSED] - if (i == 3 &amp;&amp; wildList.indexOf(symbol) != -1): null

2019-08-10 23:49:56 - [TEST_STEP][PASSED] - if (i == 4 &amp;&amp; wildList.indexOf(symbol) != -1): null

2019-08-10 23:49:56 - [TEST_STEP][PASSED] - symbol = symbol: null

2019-08-10 23:49:56 - [TEST_STEP][PASSED] - println(symbol): null

2019-08-10 23:49:56 - [TEST_STEP][PASSED] - if (i == 2 &amp;&amp; wildList.indexOf(symbol) != -1): null

2019-08-10 23:49:56 - [TEST_STEP][PASSED] - if (i == 3 &amp;&amp; wildList.indexOf(symbol) != -1): null

2019-08-10 23:49:56 - [TEST_STEP][PASSED] - if (i == 4 &amp;&amp; wildList.indexOf(symbol) != -1): null

2019-08-10 23:49:56 - [TEST_STEP][PASSED] - symbol = symbol: null

2019-08-10 23:49:56 - [TEST_STEP][PASSED] - println(symbol): null

2019-08-10 23:49:56 - [TEST_STEP][PASSED] - if (i == 2 &amp;&amp; wildList.indexOf(symbol) != -1): null

2019-08-10 23:49:56 - [TEST_STEP][PASSED] - if (i == 3 &amp;&amp; wildList.indexOf(symbol) != -1): null

2019-08-10 23:49:56 - [TEST_STEP][PASSED] - if (i == 4 &amp;&amp; wildList.indexOf(symbol) != -1): null

2019-08-10 23:49:56 - [TEST_STEP][PASSED] - symbols = symbols: null

2019-08-10 23:49:56 - [TEST_STEP][PASSED] - for ([j = 0, j &lt; symbols.size(), (j++)]): null

2019-08-10 23:49:56 - [TEST_STEP][PASSED] - symbol = symbol: null

2019-08-10 23:49:56 - [TEST_STEP][PASSED] - println(symbol): null

2019-08-10 23:49:56 - [TEST_STEP][PASSED] - if (i == 2 &amp;&amp; wildList.indexOf(symbol) != -1): null

2019-08-10 23:49:56 - [TEST_STEP][PASSED] - if (i == 3 &amp;&amp; wildList.indexOf(symbol) != -1): null

2019-08-10 23:49:56 - [TEST_STEP][PASSED] - if (i == 4 &amp;&amp; wildList.indexOf(symbol) != -1): null

2019-08-10 23:49:56 - [TEST_STEP][PASSED] - symbol = symbol: null

2019-08-10 23:49:56 - [TEST_STEP][PASSED] - println(symbol): null

2019-08-10 23:49:56 - [TEST_STEP][PASSED] - if (i == 2 &amp;&amp; wildList.indexOf(symbol) != -1): null

2019-08-10 23:49:56 - [TEST_STEP][PASSED] - println("wild found on reel 3, adding counter by 1"): null

2019-08-10 23:49:56 - [TEST_STEP][PASSED] - free_spin_reel_counter[0] = free_spin_reel_counter[0] + 1: null

2019-08-10 23:49:56 - [TEST_STEP][PASSED] - if (i == 3 &amp;&amp; wildList.indexOf(symbol) != -1): null

2019-08-10 23:49:56 - [TEST_STEP][PASSED] - if (i == 4 &amp;&amp; wildList.indexOf(symbol) != -1): null

2019-08-10 23:49:56 - [TEST_STEP][PASSED] - symbol = symbol: null

2019-08-10 23:49:56 - [TEST_STEP][PASSED] - println(symbol): null

2019-08-10 23:49:56 - [TEST_STEP][PASSED] - if (i == 2 &amp;&amp; wildList.indexOf(symbol) != -1): null

2019-08-10 23:49:56 - [TEST_STEP][PASSED] - if (i == 3 &amp;&amp; wildList.indexOf(symbol) != -1): null

2019-08-10 23:49:56 - [TEST_STEP][PASSED] - if (i == 4 &amp;&amp; wildList.indexOf(symbol) != -1): null

2019-08-10 23:49:56 - [TEST_STEP][PASSED] - symbols = symbols: null

2019-08-10 23:49:56 - [TEST_STEP][PASSED] - for ([j = 0, j &lt; symbols.size(), (j++)]): null

2019-08-10 23:49:56 - [TEST_STEP][PASSED] - symbol = symbol: null

2019-08-10 23:49:56 - [TEST_STEP][PASSED] - println(symbol): null

2019-08-10 23:49:56 - [TEST_STEP][PASSED] - if (i == 2 &amp;&amp; wildList.indexOf(symbol) != -1): null

2019-08-10 23:49:56 - [TEST_STEP][PASSED] - if (i == 3 &amp;&amp; wildList.indexOf(symbol) != -1): null

2019-08-10 23:49:56 - [TEST_STEP][PASSED] - if (i == 4 &amp;&amp; wildList.indexOf(symbol) != -1): null

2019-08-10 23:49:56 - [TEST_STEP][PASSED] - symbol = symbol: null

2019-08-10 23:49:56 - [TEST_STEP][PASSED] - println(symbol): null

2019-08-10 23:49:56 - [TEST_STEP][PASSED] - if (i == 2 &amp;&amp; wildList.indexOf(symbol) != -1): null

2019-08-10 23:49:56 - [TEST_STEP][PASSED] - if (i == 3 &amp;&amp; wildList.indexOf(symbol) != -1): null

2019-08-10 23:49:56 - [TEST_STEP][PASSED] - if (i == 4 &amp;&amp; wildList.indexOf(symbol) != -1): null

2019-08-10 23:49:56 - [TEST_STEP][PASSED] - symbol = symbol: null

2019-08-10 23:49:56 - [TEST_STEP][PASSED] - println(symbol): null

2019-08-10 23:49:56 - [TEST_STEP][PASSED] - if (i == 2 &amp;&amp; wildList.indexOf(symbol) != -1): null

2019-08-10 23:49:56 - [TEST_STEP][PASSED] - if (i == 3 &amp;&amp; wildList.indexOf(symbol) != -1): null

2019-08-10 23:49:56 - [TEST_STEP][PASSED] - println("wild found on reel 4, adding counter by 1"): null

2019-08-10 23:49:56 - [TEST_STEP][PASSED] - free_spin_reel_counter[1] = free_spin_reel_counter[1] + 1: null

2019-08-10 23:49:56 - [TEST_STEP][PASSED] - if (i == 4 &amp;&amp; wildList.indexOf(symbol) != -1): null

2019-08-10 23:49:56 - [TEST_STEP][PASSED] - symbols = symbols: null

2019-08-10 23:49:56 - [TEST_STEP][PASSED] - for ([j = 0, j &lt; symbols.size(), (j++)]): null

2019-08-10 23:49:56 - [TEST_STEP][PASSED] - symbol = symbol: null

2019-08-10 23:49:56 - [TEST_STEP][PASSED] - println(symbol): null

2019-08-10 23:49:56 - [TEST_STEP][PASSED] - if (i == 2 &amp;&amp; wildList.indexOf(symbol) != -1): null

2019-08-10 23:49:56 - [TEST_STEP][PASSED] - if (i == 3 &amp;&amp; wildList.indexOf(symbol) != -1): null

2019-08-10 23:49:56 - [TEST_STEP][PASSED] - if (i == 4 &amp;&amp; wildList.indexOf(symbol) != -1): null

2019-08-10 23:49:56 - [TEST_STEP][PASSED] - symbol = symbol: null

2019-08-10 23:49:56 - [TEST_STEP][PASSED] - println(symbol): null

2019-08-10 23:49:56 - [TEST_STEP][PASSED] - if (i == 2 &amp;&amp; wildList.indexOf(symbol) != -1): null

2019-08-10 23:49:56 - [TEST_STEP][PASSED] - if (i == 3 &amp;&amp; wildList.indexOf(symbol) != -1): null

2019-08-10 23:49:56 - [TEST_STEP][PASSED] - if (i == 4 &amp;&amp; wildList.indexOf(symbol) != -1): null

2019-08-10 23:49:56 - [TEST_STEP][PASSED] - symbol = symbol: null

2019-08-10 23:49:56 - [TEST_STEP][PASSED] - println(symbol): null

2019-08-10 23:49:56 - [TEST_STEP][PASSED] - if (i == 2 &amp;&amp; wildList.indexOf(symbol) != -1): null

2019-08-10 23:49:56 - [TEST_STEP][PASSED] - if (i == 3 &amp;&amp; wildList.indexOf(symbol) != -1): null

2019-08-10 23:49:56 - [TEST_STEP][PASSED] - if (i == 4 &amp;&amp; wildList.indexOf(symbol) != -1): null

2019-08-10 23:49:56 - [TEST_STEP][PASSED] - free_spin_reel_counter = free_spin_reel_counter: null

2019-08-10 23:49:56 - [TEST_STEP][PASSED] - println("reel 3 wild found: " + free_spin_reel_counter[0]): null

2019-08-10 23:49:56 - [TEST_STEP][PASSED] - println("reel 4 wild found: " + free_spin_reel_counter[1]): null

2019-08-10 23:49:56 - [TEST_STEP][PASSED] - println("reel 5 wild found: " + free_spin_reel_counter[2]): null

2019-08-10 23:49:56 - [TEST_STEP][PASSED] - M4_spin_reels = M4_spin_reels: null

2019-08-10 23:49:56 - [TEST_STEP][PASSED] - M4_spin_reels_symbols = symbol: null

2019-08-10 23:49:56 - [TEST_STEP][PASSED] - M4_spin_reels_symbols = M4_spin_reels_symbols: null

2019-08-10 23:49:56 - [TEST_STEP][PASSED] - M4_spin_reel_wins = reel_wins: null

2019-08-10 23:49:56 - [TEST_STEP][PASSED] - M4_spin_reel_wins = M4_spin_reel_wins: null

2019-08-10 23:49:56 - [TEST_STEP][PASSED] - println("GlobalVariable.M4_spin_reel_wins is: " + M4_spin_reel_wins): null

2019-08-10 23:49:56 - [TEST_STEP][PASSED] - M4_spin_total_bonus_win_this_round = total_bonus_win_this_round: null

2019-08-10 23:49:56 - [TEST_STEP][PASSED] - M4_spin_total_bonus_win_this_round = M4_spin_total_bonus_win_this_round: null

2019-08-10 23:49:56 - [TEST_STEP][PASSED] - println("GlobalVariable.M4_spin_total_bonus_win_this_round is: " + M4_spin_total_bonus_win_this_round): null

2019-08-10 23:49:56 - [MESSAGE][PASSED] - Verify response successfully

2019-08-10 23:49:56 - [MESSAGE][PASSED] - Send request and verify the response successfully

2019-08-10 23:49:56 - [TEST_STEP][PASSED] - if (M4_total_bonus_spins_int != 0 &amp;&amp; M4_spin_reels_symbols[2].contains("WILD_ExtraFG") || M4_spin_reels_symbols[3].contains("WILD_ExtraFG")): null

2019-08-10 23:49:56 - [TEST_STEP][PASSED] - free_spin_reel_counter = free_spin_reel_counter: null

2019-08-10 23:49:56 - [TEST_STEP][PASSED] - M4_spin_reels_symbols = M4_spin_reels_symbols: null

2019-08-10 23:49:56 - [TEST_STEP][PASSED] - M4_total_bonus_spins = M4_total_bonus_spins: null

2019-08-10 23:49:56 - [TEST_STEP][PASSED] - spin_result = sendRequestAndVerify(findTestObject("RGS(M4)/1_M4_spin", ["M4_login_user_id":M4_login_user_id, "rgs_session_token":rgs_session_token, "partner":Partner])): Send request and verify the response successfully

2019-08-10 23:49:56 - [TEST_CASE][PASSED] - Start Test Case : Verification: Verification accomplished successfully

2019-08-10 23:49:56 - [TEST_STEP][PASSED] - request = getInstance().getCurrentRequest(): null

2019-08-10 23:49:56 - [TEST_STEP][PASSED] - response = getInstance().getCurrentResponse(): null

2019-08-10 23:49:56 - [TEST_STEP][PASSED] - verifyResponseStatusCode(response, 200): Verify response status code successfully

2019-08-10 23:49:56 - [MESSAGE][PASSED] - Verify response status code successfully

2019-08-10 23:49:56 - [TEST_STEP][PASSED] - getStatusCode()).isEqualTo(200): null

2019-08-10 23:49:56 - [TEST_STEP][PASSED] - newline = System.getProperty("line.separator"): null

2019-08-10 23:49:56 - [TEST_STEP][PASSED] - M4_spin = new groovy.json.JsonSlurper(): null

2019-08-10 23:49:56 - [TEST_STEP][PASSED] - result_M4_spin = M4_spin.parseText(response.getResponseBodyContent()): null

2019-08-10 23:49:56 - [TEST_STEP][PASSED] - M4_spin_current_balance = current_balance: null

2019-08-10 23:49:56 - [TEST_STEP][PASSED] - M4_spin_current_balance = M4_spin_current_balance: null

2019-08-10 23:49:56 - [TEST_STEP][PASSED] - M4_spin_transaction_id = causality: null

2019-08-10 23:49:56 - [TEST_STEP][PASSED] - M4_spin_transaction_id = M4_spin_transaction_id: null

2019-08-10 23:49:56 - [TEST_STEP][PASSED] - M4_spin_round_id = round_id: null

2019-08-10 23:49:56 - [TEST_STEP][PASSED] - M4_spin_round_id = M4_spin_round_id: null

2019-08-10 23:49:56 - [TEST_STEP][PASSED] - M4_spin_line_wins = line_wins: null

2019-08-10 23:49:56 - [TEST_STEP][PASSED] - M4_spin_line_wins = M4_spin_line_wins: null

2019-08-10 23:49:56 - [TEST_STEP][PASSED] - M4_total_bonus_spins_int = total_bonus_spins: null

2019-08-10 23:49:56 - [TEST_STEP][PASSED] - println("******M4_total_bonus_spins type is:*******" + newline + getClass().getName()): null

2019-08-10 23:49:56 - [TEST_STEP][PASSED] - M4_total_bonus_spins_int = M4_total_bonus_spins_int: null

2019-08-10 23:49:56 - [TEST_STEP][PASSED] - M4_total_bonus_spins = Integer.toString(M4_total_bonus_spins_int): null

2019-08-10 23:49:56 - [TEST_STEP][PASSED] - M4_total_bonus_spins = M4_total_bonus_spins: null

2019-08-10 23:49:56 - [TEST_STEP][PASSED] - println("M4_total_bonus_spins is:" + M4_total_bonus_spins): null

2019-08-10 23:49:58 - [TEST_STEP][PASSED] - M4_spin_bonus_data = bonus_data: null

2019-08-10 23:49:58 - [TEST_STEP][PASSED] - M4_spin_features_triggered = result_M4_spin: null

2019-08-10 23:49:58 - [TEST_STEP][PASSED] - wild = []: null

2019-08-10 23:49:58 - [TEST_STEP][PASSED] - wild[0] = "WILD_Expanding": null

2019-08-10 23:49:58 - [TEST_STEP][PASSED] - wild[1] = "WILD_Normal": null

2019-08-10 23:49:58 - [TEST_STEP][PASSED] - wild[2] = "WILD_Double": null

2019-08-10 23:49:58 - [TEST_STEP][PASSED] - wild[3] = "WILD_ExtraFG": null

2019-08-10 23:49:58 - [TEST_STEP][PASSED] - wild[4] = "WILD_Triple": null

2019-08-10 23:49:58 - [TEST_STEP][PASSED] - wildList = Arrays.asList(wild): null

2019-08-10 23:49:58 - [TEST_STEP][PASSED] - wildList = wildList: null

2019-08-10 23:49:58 - [TEST_STEP][PASSED] - free_spin_reel_counter = []: null

2019-08-10 23:49:58 - [TEST_STEP][PASSED] - free_spin_reel_counter[0] = 0: null

2019-08-10 23:49:58 - [TEST_STEP][PASSED] - free_spin_reel_counter[1] = 0: null

2019-08-10 23:49:58 - [TEST_STEP][PASSED] - free_spin_reel_counter[2] = 0: null

2019-08-10 23:49:58 - [TEST_STEP][PASSED] - M4_spin_reels = reels: null

2019-08-10 23:49:58 - [TEST_STEP][PASSED] - for ([i = 0, i &lt; M4_spin_reels.size(), (i++)]): null

2019-08-10 23:49:58 - [TEST_STEP][PASSED] - symbols = symbols: null

2019-08-10 23:49:58 - [TEST_STEP][PASSED] - for ([j = 0, j &lt; symbols.size(), (j++)]): null

2019-08-10 23:49:58 - [TEST_STEP][PASSED] - symbol = symbol: null

2019-08-10 23:49:58 - [TEST_STEP][PASSED] - println(symbol): null

2019-08-10 23:49:58 - [TEST_STEP][PASSED] - if (i == 2 &amp;&amp; wildList.indexOf(symbol) != -1): null

2019-08-10 23:49:58 - [TEST_STEP][PASSED] - if (i == 3 &amp;&amp; wildList.indexOf(symbol) != -1): null

2019-08-10 23:49:58 - [TEST_STEP][PASSED] - if (i == 4 &amp;&amp; wildList.indexOf(symbol) != -1): null

2019-08-10 23:49:58 - [TEST_STEP][PASSED] - symbol = symbol: null

2019-08-10 23:49:58 - [TEST_STEP][PASSED] - println(symbol): null

2019-08-10 23:49:58 - [TEST_STEP][PASSED] - if (i == 2 &amp;&amp; wildList.indexOf(symbol) != -1): null

2019-08-10 23:49:58 - [TEST_STEP][PASSED] - if (i == 3 &amp;&amp; wildList.indexOf(symbol) != -1): null

2019-08-10 23:49:58 - [TEST_STEP][PASSED] - if (i == 4 &amp;&amp; wildList.indexOf(symbol) != -1): null

2019-08-10 23:49:58 - [TEST_STEP][PASSED] - symbol = symbol: null

2019-08-10 23:49:58 - [TEST_STEP][PASSED] - println(symbol): null

2019-08-10 23:49:58 - [TEST_STEP][PASSED] - if (i == 2 &amp;&amp; wildList.indexOf(symbol) != -1): null

2019-08-10 23:49:58 - [TEST_STEP][PASSED] - if (i == 3 &amp;&amp; wildList.indexOf(symbol) != -1): null

2019-08-10 23:49:58 - [TEST_STEP][PASSED] - if (i == 4 &amp;&amp; wildList.indexOf(symbol) != -1): null

2019-08-10 23:49:58 - [TEST_STEP][PASSED] - symbols = symbols: null

2019-08-10 23:49:58 - [TEST_STEP][PASSED] - for ([j = 0, j &lt; symbols.size(), (j++)]): null

2019-08-10 23:49:58 - [TEST_STEP][PASSED] - symbol = symbol: null

2019-08-10 23:49:58 - [TEST_STEP][PASSED] - println(symbol): null

2019-08-10 23:49:58 - [TEST_STEP][PASSED] - if (i == 2 &amp;&amp; wildList.indexOf(symbol) != -1): null

2019-08-10 23:49:58 - [TEST_STEP][PASSED] - if (i == 3 &amp;&amp; wildList.indexOf(symbol) != -1): null

2019-08-10 23:49:58 - [TEST_STEP][PASSED] - if (i == 4 &amp;&amp; wildList.indexOf(symbol) != -1): null

2019-08-10 23:49:58 - [TEST_STEP][PASSED] - symbol = symbol: null

2019-08-10 23:49:58 - [TEST_STEP][PASSED] - println(symbol): null

2019-08-10 23:49:58 - [TEST_STEP][PASSED] - if (i == 2 &amp;&amp; wildList.indexOf(symbol) != -1): null

2019-08-10 23:49:58 - [TEST_STEP][PASSED] - if (i == 3 &amp;&amp; wildList.indexOf(symbol) != -1): null

2019-08-10 23:49:58 - [TEST_STEP][PASSED] - if (i == 4 &amp;&amp; wildList.indexOf(symbol) != -1): null

2019-08-10 23:49:58 - [TEST_STEP][PASSED] - symbol = symbol: null

2019-08-10 23:49:58 - [TEST_STEP][PASSED] - println(symbol): null

2019-08-10 23:49:58 - [TEST_STEP][PASSED] - if (i == 2 &amp;&amp; wildList.indexOf(symbol) != -1): null

2019-08-10 23:49:58 - [TEST_STEP][PASSED] - if (i == 3 &amp;&amp; wildList.indexOf(symbol) != -1): null

2019-08-10 23:49:58 - [TEST_STEP][PASSED] - if (i == 4 &amp;&amp; wildList.indexOf(symbol) != -1): null

2019-08-10 23:49:58 - [TEST_STEP][PASSED] - symbols = symbols: null

2019-08-10 23:49:58 - [TEST_STEP][PASSED] - for ([j = 0, j &lt; symbols.size(), (j++)]): null

2019-08-10 23:49:58 - [TEST_STEP][PASSED] - symbol = symbol: null

2019-08-10 23:49:58 - [TEST_STEP][PASSED] - println(symbol): null

2019-08-10 23:49:58 - [TEST_STEP][PASSED] - if (i == 2 &amp;&amp; wildList.indexOf(symbol) != -1): null

2019-08-10 23:49:58 - [TEST_STEP][PASSED] - if (i == 3 &amp;&amp; wildList.indexOf(symbol) != -1): null

2019-08-10 23:49:58 - [TEST_STEP][PASSED] - if (i == 4 &amp;&amp; wildList.indexOf(symbol) != -1): null

2019-08-10 23:49:58 - [TEST_STEP][PASSED] - symbol = symbol: null

2019-08-10 23:49:58 - [TEST_STEP][PASSED] - println(symbol): null

2019-08-10 23:49:58 - [TEST_STEP][PASSED] - if (i == 2 &amp;&amp; wildList.indexOf(symbol) != -1): null

2019-08-10 23:49:58 - [TEST_STEP][PASSED] - if (i == 3 &amp;&amp; wildList.indexOf(symbol) != -1): null

2019-08-10 23:49:58 - [TEST_STEP][PASSED] - if (i == 4 &amp;&amp; wildList.indexOf(symbol) != -1): null

2019-08-10 23:49:58 - [TEST_STEP][PASSED] - symbol = symbol: null

2019-08-10 23:49:58 - [TEST_STEP][PASSED] - println(symbol): null

2019-08-10 23:49:58 - [TEST_STEP][PASSED] - if (i == 2 &amp;&amp; wildList.indexOf(symbol) != -1): null

2019-08-10 23:49:58 - [TEST_STEP][PASSED] - if (i == 3 &amp;&amp; wildList.indexOf(symbol) != -1): null

2019-08-10 23:49:58 - [TEST_STEP][PASSED] - if (i == 4 &amp;&amp; wildList.indexOf(symbol) != -1): null

2019-08-10 23:49:58 - [TEST_STEP][PASSED] - symbols = symbols: null

2019-08-10 23:49:58 - [TEST_STEP][PASSED] - for ([j = 0, j &lt; symbols.size(), (j++)]): null

2019-08-10 23:49:58 - [TEST_STEP][PASSED] - symbol = symbol: null

2019-08-10 23:49:58 - [TEST_STEP][PASSED] - println(symbol): null

2019-08-10 23:49:58 - [TEST_STEP][PASSED] - if (i == 2 &amp;&amp; wildList.indexOf(symbol) != -1): null

2019-08-10 23:49:58 - [TEST_STEP][PASSED] - if (i == 3 &amp;&amp; wildList.indexOf(symbol) != -1): null

2019-08-10 23:49:58 - [TEST_STEP][PASSED] - if (i == 4 &amp;&amp; wildList.indexOf(symbol) != -1): null

2019-08-10 23:49:58 - [TEST_STEP][PASSED] - symbol = symbol: null

2019-08-10 23:49:58 - [TEST_STEP][PASSED] - println(symbol): null

2019-08-10 23:49:58 - [TEST_STEP][PASSED] - if (i == 2 &amp;&amp; wildList.indexOf(symbol) != -1): null

2019-08-10 23:49:58 - [TEST_STEP][PASSED] - if (i == 3 &amp;&amp; wildList.indexOf(symbol) != -1): null

2019-08-10 23:49:58 - [TEST_STEP][PASSED] - if (i == 4 &amp;&amp; wildList.indexOf(symbol) != -1): null

2019-08-10 23:49:58 - [TEST_STEP][PASSED] - symbol = symbol: null

2019-08-10 23:49:58 - [TEST_STEP][PASSED] - println(symbol): null

2019-08-10 23:49:58 - [TEST_STEP][PASSED] - if (i == 2 &amp;&amp; wildList.indexOf(symbol) != -1): null

2019-08-10 23:49:58 - [TEST_STEP][PASSED] - if (i == 3 &amp;&amp; wildList.indexOf(symbol) != -1): null

2019-08-10 23:49:58 - [TEST_STEP][PASSED] - if (i == 4 &amp;&amp; wildList.indexOf(symbol) != -1): null

2019-08-10 23:49:58 - [TEST_STEP][PASSED] - symbols = symbols: null

2019-08-10 23:49:58 - [TEST_STEP][PASSED] - for ([j = 0, j &lt; symbols.size(), (j++)]): null

2019-08-10 23:49:58 - [TEST_STEP][PASSED] - symbol = symbol: null

2019-08-10 23:49:58 - [TEST_STEP][PASSED] - println(symbol): null

2019-08-10 23:49:58 - [TEST_STEP][PASSED] - if (i == 2 &amp;&amp; wildList.indexOf(symbol) != -1): null

2019-08-10 23:49:58 - [TEST_STEP][PASSED] - if (i == 3 &amp;&amp; wildList.indexOf(symbol) != -1): null

2019-08-10 23:49:58 - [TEST_STEP][PASSED] - if (i == 4 &amp;&amp; wildList.indexOf(symbol) != -1): null

2019-08-10 23:49:58 - [TEST_STEP][PASSED] - symbol = symbol: null

2019-08-10 23:49:58 - [TEST_STEP][PASSED] - println(symbol): null

2019-08-10 23:49:58 - [TEST_STEP][PASSED] - if (i == 2 &amp;&amp; wildList.indexOf(symbol) != -1): null

2019-08-10 23:49:58 - [TEST_STEP][PASSED] - if (i == 3 &amp;&amp; wildList.indexOf(symbol) != -1): null

2019-08-10 23:49:58 - [TEST_STEP][PASSED] - if (i == 4 &amp;&amp; wildList.indexOf(symbol) != -1): null

2019-08-10 23:49:58 - [TEST_STEP][PASSED] - symbol = symbol: null

2019-08-10 23:49:58 - [TEST_STEP][PASSED] - println(symbol): null

2019-08-10 23:49:58 - [TEST_STEP][PASSED] - if (i == 2 &amp;&amp; wildList.indexOf(symbol) != -1): null

2019-08-10 23:49:58 - [TEST_STEP][PASSED] - if (i == 3 &amp;&amp; wildList.indexOf(symbol) != -1): null

2019-08-10 23:49:58 - [TEST_STEP][PASSED] - if (i == 4 &amp;&amp; wildList.indexOf(symbol) != -1): null

2019-08-10 23:49:58 - [TEST_STEP][PASSED] - free_spin_reel_counter = free_spin_reel_counter: null

2019-08-10 23:49:58 - [TEST_STEP][PASSED] - println("reel 3 wild found: " + free_spin_reel_counter[0]): null

2019-08-10 23:49:58 - [TEST_STEP][PASSED] - println("reel 4 wild found: " + free_spin_reel_counter[1]): null

2019-08-10 23:49:58 - [TEST_STEP][PASSED] - println("reel 5 wild found: " + free_spin_reel_counter[2]): null

2019-08-10 23:49:58 - [TEST_STEP][PASSED] - M4_spin_reels = M4_spin_reels: null

2019-08-10 23:49:58 - [TEST_STEP][PASSED] - M4_spin_reels_symbols = symbol: null

2019-08-10 23:49:58 - [TEST_STEP][PASSED] - M4_spin_reels_symbols = M4_spin_reels_symbols: null

2019-08-10 23:49:58 - [TEST_STEP][PASSED] - M4_spin_reel_wins = reel_wins: null

2019-08-10 23:49:58 - [TEST_STEP][PASSED] - M4_spin_reel_wins = M4_spin_reel_wins: null

2019-08-10 23:49:58 - [TEST_STEP][PASSED] - println("GlobalVariable.M4_spin_reel_wins is: " + M4_spin_reel_wins): null

2019-08-10 23:49:58 - [TEST_STEP][PASSED] - M4_spin_total_bonus_win_this_round = total_bonus_win_this_round: null

2019-08-10 23:49:58 - [TEST_STEP][PASSED] - M4_spin_total_bonus_win_this_round = M4_spin_total_bonus_win_this_round: null

2019-08-10 23:49:58 - [TEST_STEP][PASSED] - println("GlobalVariable.M4_spin_total_bonus_win_this_round is: " + M4_spin_total_bonus_win_this_round): null

2019-08-10 23:49:58 - [MESSAGE][PASSED] - Verify response successfully

2019-08-10 23:49:58 - [MESSAGE][PASSED] - Send request and verify the response successfully

2019-08-10 23:49:58 - [TEST_STEP][PASSED] - if (M4_total_bonus_spins_int != 0 &amp;&amp; M4_spin_reels_symbols[2].contains("WILD_ExtraFG") || M4_spin_reels_symbols[3].contains("WILD_ExtraFG")): null

2019-08-10 23:49:58 - [TEST_STEP][PASSED] - free_spin_reel_counter = free_spin_reel_counter: null

2019-08-10 23:49:58 - [TEST_STEP][PASSED] - M4_spin_reels_symbols = M4_spin_reels_symbols: null

2019-08-10 23:49:58 - [TEST_STEP][PASSED] - M4_total_bonus_spins = M4_total_bonus_spins: null

2019-08-10 23:49:58 - [TEST_STEP][PASSED] - spin_result = sendRequestAndVerify(findTestObject("RGS(M4)/1_M4_spin", ["M4_login_user_id":M4_login_user_id, "rgs_session_token":rgs_session_token, "partner":Partner])): Send request and verify the response successfully

2019-08-10 23:49:58 - [TEST_CASE][PASSED] - Start Test Case : Verification: Verification accomplished successfully

2019-08-10 23:49:58 - [TEST_STEP][PASSED] - request = getInstance().getCurrentRequest(): null

2019-08-10 23:49:58 - [TEST_STEP][PASSED] - response = getInstance().getCurrentResponse(): null

2019-08-10 23:49:58 - [TEST_STEP][PASSED] - verifyResponseStatusCode(response, 200): Verify response status code successfully

2019-08-10 23:49:58 - [MESSAGE][PASSED] - Verify response status code successfully

2019-08-10 23:49:58 - [TEST_STEP][PASSED] - getStatusCode()).isEqualTo(200): null

2019-08-10 23:49:58 - [TEST_STEP][PASSED] - newline = System.getProperty("line.separator"): null

2019-08-10 23:49:58 - [TEST_STEP][PASSED] - M4_spin = new groovy.json.JsonSlurper(): null

2019-08-10 23:49:58 - [TEST_STEP][PASSED] - result_M4_spin = M4_spin.parseText(response.getResponseBodyContent()): null

2019-08-10 23:49:58 - [TEST_STEP][PASSED] - M4_spin_current_balance = current_balance: null

2019-08-10 23:49:58 - [TEST_STEP][PASSED] - M4_spin_current_balance = M4_spin_current_balance: null

2019-08-10 23:49:58 - [TEST_STEP][PASSED] - M4_spin_transaction_id = causality: null

2019-08-10 23:49:58 - [TEST_STEP][PASSED] - M4_spin_transaction_id = M4_spin_transaction_id: null

2019-08-10 23:49:58 - [TEST_STEP][PASSED] - M4_spin_round_id = round_id: null

2019-08-10 23:49:58 - [TEST_STEP][PASSED] - M4_spin_round_id = M4_spin_round_id: null

2019-08-10 23:49:58 - [TEST_STEP][PASSED] - M4_spin_line_wins = line_wins: null

2019-08-10 23:49:58 - [TEST_STEP][PASSED] - M4_spin_line_wins = M4_spin_line_wins: null

2019-08-10 23:49:58 - [TEST_STEP][PASSED] - M4_total_bonus_spins_int = total_bonus_spins: null

2019-08-10 23:49:58 - [TEST_STEP][PASSED] - println("******M4_total_bonus_spins type is:*******" + newline + getClass().getName()): null

2019-08-10 23:49:58 - [TEST_STEP][PASSED] - M4_total_bonus_spins_int = M4_total_bonus_spins_int: null

2019-08-10 23:49:58 - [TEST_STEP][PASSED] - M4_total_bonus_spins = Integer.toString(M4_total_bonus_spins_int): null

2019-08-10 23:49:58 - [TEST_STEP][PASSED] - M4_total_bonus_spins = M4_total_bonus_spins: null

2019-08-10 23:49:58 - [TEST_STEP][PASSED] - println("M4_total_bonus_spins is:" + M4_total_bonus_spins): null

2019-08-10 23:49:58 - [TEST_STEP][PASSED] - M4_spin_bonus_data = bonus_data: null

2019-08-10 23:49:58 - [TEST_STEP][PASSED] - M4_spin_features_triggered = result_M4_spin: null

2019-08-10 23:49:58 - [TEST_STEP][PASSED] - wild = []: null

2019-08-10 23:49:58 - [TEST_STEP][PASSED] - wild[0] = "WILD_Expanding": null

2019-08-10 23:49:58 - [TEST_STEP][PASSED] - wild[1] = "WILD_Normal": null

2019-08-10 23:49:58 - [TEST_STEP][PASSED] - wild[2] = "WILD_Double": null

2019-08-10 23:49:58 - [TEST_STEP][PASSED] - wild[3] = "WILD_ExtraFG": null

2019-08-10 23:49:58 - [TEST_STEP][PASSED] - wild[4] = "WILD_Triple": null

2019-08-10 23:49:58 - [TEST_STEP][PASSED] - wildList = Arrays.asList(wild): null

2019-08-10 23:49:58 - [TEST_STEP][PASSED] - wildList = wildList: null

2019-08-10 23:49:58 - [TEST_STEP][PASSED] - free_spin_reel_counter = []: null

2019-08-10 23:49:58 - [TEST_STEP][PASSED] - free_spin_reel_counter[0] = 0: null

2019-08-10 23:49:58 - [TEST_STEP][PASSED] - free_spin_reel_counter[1] = 0: null

2019-08-10 23:49:58 - [TEST_STEP][PASSED] - free_spin_reel_counter[2] = 0: null

2019-08-10 23:49:58 - [TEST_STEP][PASSED] - M4_spin_reels = reels: null

2019-08-10 23:49:58 - [TEST_STEP][PASSED] - for ([i = 0, i &lt; M4_spin_reels.size(), (i++)]): null

2019-08-10 23:49:58 - [TEST_STEP][PASSED] - symbols = symbols: null

2019-08-10 23:49:58 - [TEST_STEP][PASSED] - for ([j = 0, j &lt; symbols.size(), (j++)]): null

2019-08-10 23:49:58 - [TEST_STEP][PASSED] - symbol = symbol: null

2019-08-10 23:49:58 - [TEST_STEP][PASSED] - println(symbol): null

2019-08-10 23:49:58 - [TEST_STEP][PASSED] - if (i == 2 &amp;&amp; wildList.indexOf(symbol) != -1): null

2019-08-10 23:49:58 - [TEST_STEP][PASSED] - if (i == 3 &amp;&amp; wildList.indexOf(symbol) != -1): null

2019-08-10 23:49:58 - [TEST_STEP][PASSED] - if (i == 4 &amp;&amp; wildList.indexOf(symbol) != -1): null

2019-08-10 23:49:58 - [TEST_STEP][PASSED] - symbol = symbol: null

2019-08-10 23:49:58 - [TEST_STEP][PASSED] - println(symbol): null

2019-08-10 23:49:58 - [TEST_STEP][PASSED] - if (i == 2 &amp;&amp; wildList.indexOf(symbol) != -1): null

2019-08-10 23:49:58 - [TEST_STEP][PASSED] - if (i == 3 &amp;&amp; wildList.indexOf(symbol) != -1): null

2019-08-10 23:49:58 - [TEST_STEP][PASSED] - if (i == 4 &amp;&amp; wildList.indexOf(symbol) != -1): null

2019-08-10 23:49:58 - [TEST_STEP][PASSED] - symbol = symbol: null

2019-08-10 23:49:58 - [TEST_STEP][PASSED] - println(symbol): null

2019-08-10 23:49:58 - [TEST_STEP][PASSED] - if (i == 2 &amp;&amp; wildList.indexOf(symbol) != -1): null

2019-08-10 23:49:58 - [TEST_STEP][PASSED] - if (i == 3 &amp;&amp; wildList.indexOf(symbol) != -1): null

2019-08-10 23:49:58 - [TEST_STEP][PASSED] - if (i == 4 &amp;&amp; wildList.indexOf(symbol) != -1): null

2019-08-10 23:49:58 - [TEST_STEP][PASSED] - symbols = symbols: null

2019-08-10 23:49:58 - [TEST_STEP][PASSED] - for ([j = 0, j &lt; symbols.size(), (j++)]): null

2019-08-10 23:49:58 - [TEST_STEP][PASSED] - symbol = symbol: null

2019-08-10 23:49:58 - [TEST_STEP][PASSED] - println(symbol): null

2019-08-10 23:49:58 - [TEST_STEP][PASSED] - if (i == 2 &amp;&amp; wildList.indexOf(symbol) != -1): null

2019-08-10 23:49:58 - [TEST_STEP][PASSED] - if (i == 3 &amp;&amp; wildList.indexOf(symbol) != -1): null

2019-08-10 23:49:58 - [TEST_STEP][PASSED] - if (i == 4 &amp;&amp; wildList.indexOf(symbol) != -1): null

2019-08-10 23:49:58 - [TEST_STEP][PASSED] - symbol = symbol: null

2019-08-10 23:49:58 - [TEST_STEP][PASSED] - println(symbol): null

2019-08-10 23:49:58 - [TEST_STEP][PASSED] - if (i == 2 &amp;&amp; wildList.indexOf(symbol) != -1): null

2019-08-10 23:49:58 - [TEST_STEP][PASSED] - if (i == 3 &amp;&amp; wildList.indexOf(symbol) != -1): null

2019-08-10 23:49:58 - [TEST_STEP][PASSED] - if (i == 4 &amp;&amp; wildList.indexOf(symbol) != -1): null

2019-08-10 23:49:58 - [TEST_STEP][PASSED] - symbol = symbol: null

2019-08-10 23:49:58 - [TEST_STEP][PASSED] - println(symbol): null

2019-08-10 23:49:58 - [TEST_STEP][PASSED] - if (i == 2 &amp;&amp; wildList.indexOf(symbol) != -1): null

2019-08-10 23:49:58 - [TEST_STEP][PASSED] - if (i == 3 &amp;&amp; wildList.indexOf(symbol) != -1): null

2019-08-10 23:49:58 - [TEST_STEP][PASSED] - if (i == 4 &amp;&amp; wildList.indexOf(symbol) != -1): null

2019-08-10 23:49:58 - [TEST_STEP][PASSED] - symbols = symbols: null

2019-08-10 23:49:58 - [TEST_STEP][PASSED] - for ([j = 0, j &lt; symbols.size(), (j++)]): null

2019-08-10 23:49:58 - [TEST_STEP][PASSED] - symbol = symbol: null

2019-08-10 23:49:58 - [TEST_STEP][PASSED] - println(symbol): null

2019-08-10 23:49:58 - [TEST_STEP][PASSED] - if (i == 2 &amp;&amp; wildList.indexOf(symbol) != -1): null

2019-08-10 23:49:58 - [TEST_STEP][PASSED] - if (i == 3 &amp;&amp; wildList.indexOf(symbol) != -1): null

2019-08-10 23:49:58 - [TEST_STEP][PASSED] - if (i == 4 &amp;&amp; wildList.indexOf(symbol) != -1): null

2019-08-10 23:49:58 - [TEST_STEP][PASSED] - symbol = symbol: null

2019-08-10 23:49:58 - [TEST_STEP][PASSED] - println(symbol): null

2019-08-10 23:49:58 - [TEST_STEP][PASSED] - if (i == 2 &amp;&amp; wildList.indexOf(symbol) != -1): null

2019-08-10 23:49:58 - [TEST_STEP][PASSED] - if (i == 3 &amp;&amp; wildList.indexOf(symbol) != -1): null

2019-08-10 23:49:58 - [TEST_STEP][PASSED] - if (i == 4 &amp;&amp; wildList.indexOf(symbol) != -1): null

2019-08-10 23:49:58 - [TEST_STEP][PASSED] - symbol = symbol: null

2019-08-10 23:49:58 - [TEST_STEP][PASSED] - println(symbol): null

2019-08-10 23:49:58 - [TEST_STEP][PASSED] - if (i == 2 &amp;&amp; wildList.indexOf(symbol) != -1): null

2019-08-10 23:49:58 - [TEST_STEP][PASSED] - if (i == 3 &amp;&amp; wildList.indexOf(symbol) != -1): null

2019-08-10 23:49:58 - [TEST_STEP][PASSED] - if (i == 4 &amp;&amp; wildList.indexOf(symbol) != -1): null

2019-08-10 23:49:58 - [TEST_STEP][PASSED] - symbols = symbols: null

2019-08-10 23:49:58 - [TEST_STEP][PASSED] - for ([j = 0, j &lt; symbols.size(), (j++)]): null

2019-08-10 23:49:58 - [TEST_STEP][PASSED] - symbol = symbol: null

2019-08-10 23:49:58 - [TEST_STEP][PASSED] - println(symbol): null

2019-08-10 23:49:58 - [TEST_STEP][PASSED] - if (i == 2 &amp;&amp; wildList.indexOf(symbol) != -1): null

2019-08-10 23:49:58 - [TEST_STEP][PASSED] - if (i == 3 &amp;&amp; wildList.indexOf(symbol) != -1): null

2019-08-10 23:49:58 - [TEST_STEP][PASSED] - if (i == 4 &amp;&amp; wildList.indexOf(symbol) != -1): null

2019-08-10 23:49:58 - [TEST_STEP][PASSED] - symbol = symbol: null

2019-08-10 23:49:58 - [TEST_STEP][PASSED] - println(symbol): null

2019-08-10 23:49:58 - [TEST_STEP][PASSED] - if (i == 2 &amp;&amp; wildList.indexOf(symbol) != -1): null

2019-08-10 23:49:58 - [TEST_STEP][PASSED] - if (i == 3 &amp;&amp; wildList.indexOf(symbol) != -1): null

2019-08-10 23:49:58 - [TEST_STEP][PASSED] - println("wild found on reel 4, adding counter by 1"): null

2019-08-10 23:49:58 - [TEST_STEP][PASSED] - free_spin_reel_counter[1] = free_spin_reel_counter[1] + 1: null

2019-08-10 23:49:58 - [TEST_STEP][PASSED] - if (i == 4 &amp;&amp; wildList.indexOf(symbol) != -1): null

2019-08-10 23:49:58 - [TEST_STEP][PASSED] - symbol = symbol: null

2019-08-10 23:49:58 - [TEST_STEP][PASSED] - println(symbol): null

2019-08-10 23:49:58 - [TEST_STEP][PASSED] - if (i == 2 &amp;&amp; wildList.indexOf(symbol) != -1): null

2019-08-10 23:49:58 - [TEST_STEP][PASSED] - if (i == 3 &amp;&amp; wildList.indexOf(symbol) != -1): null

2019-08-10 23:49:58 - [TEST_STEP][PASSED] - if (i == 4 &amp;&amp; wildList.indexOf(symbol) != -1): null

2019-08-10 23:49:58 - [TEST_STEP][PASSED] - symbols = symbols: null

2019-08-10 23:49:58 - [TEST_STEP][PASSED] - for ([j = 0, j &lt; symbols.size(), (j++)]): null

2019-08-10 23:49:58 - [TEST_STEP][PASSED] - symbol = symbol: null

2019-08-10 23:49:58 - [TEST_STEP][PASSED] - println(symbol): null

2019-08-10 23:49:58 - [TEST_STEP][PASSED] - if (i == 2 &amp;&amp; wildList.indexOf(symbol) != -1): null

2019-08-10 23:49:58 - [TEST_STEP][PASSED] - if (i == 3 &amp;&amp; wildList.indexOf(symbol) != -1): null

2019-08-10 23:49:58 - [TEST_STEP][PASSED] - if (i == 4 &amp;&amp; wildList.indexOf(symbol) != -1): null

2019-08-10 23:49:58 - [TEST_STEP][PASSED] - symbol = symbol: null

2019-08-10 23:49:58 - [TEST_STEP][PASSED] - println(symbol): null

2019-08-10 23:49:58 - [TEST_STEP][PASSED] - if (i == 2 &amp;&amp; wildList.indexOf(symbol) != -1): null

2019-08-10 23:49:58 - [TEST_STEP][PASSED] - if (i == 3 &amp;&amp; wildList.indexOf(symbol) != -1): null

2019-08-10 23:49:58 - [TEST_STEP][PASSED] - if (i == 4 &amp;&amp; wildList.indexOf(symbol) != -1): null

2019-08-10 23:49:58 - [TEST_STEP][PASSED] - symbol = symbol: null

2019-08-10 23:49:58 - [TEST_STEP][PASSED] - println(symbol): null

2019-08-10 23:49:58 - [TEST_STEP][PASSED] - if (i == 2 &amp;&amp; wildList.indexOf(symbol) != -1): null

2019-08-10 23:49:58 - [TEST_STEP][PASSED] - if (i == 3 &amp;&amp; wildList.indexOf(symbol) != -1): null

2019-08-10 23:49:58 - [TEST_STEP][PASSED] - if (i == 4 &amp;&amp; wildList.indexOf(symbol) != -1): null

2019-08-10 23:49:58 - [TEST_STEP][PASSED] - free_spin_reel_counter = free_spin_reel_counter: null

2019-08-10 23:49:58 - [TEST_STEP][PASSED] - println("reel 3 wild found: " + free_spin_reel_counter[0]): null

2019-08-10 23:49:58 - [TEST_STEP][PASSED] - println("reel 4 wild found: " + free_spin_reel_counter[1]): null

2019-08-10 23:49:58 - [TEST_STEP][PASSED] - println("reel 5 wild found: " + free_spin_reel_counter[2]): null

2019-08-10 23:49:58 - [TEST_STEP][PASSED] - M4_spin_reels = M4_spin_reels: null

2019-08-10 23:49:58 - [TEST_STEP][PASSED] - M4_spin_reels_symbols = symbol: null

2019-08-10 23:49:58 - [TEST_STEP][PASSED] - M4_spin_reels_symbols = M4_spin_reels_symbols: null

2019-08-10 23:49:58 - [TEST_STEP][PASSED] - M4_spin_reel_wins = reel_wins: null

2019-08-10 23:49:58 - [TEST_STEP][PASSED] - M4_spin_reel_wins = M4_spin_reel_wins: null

2019-08-10 23:49:58 - [TEST_STEP][PASSED] - println("GlobalVariable.M4_spin_reel_wins is: " + M4_spin_reel_wins): null

2019-08-10 23:49:58 - [TEST_STEP][PASSED] - M4_spin_total_bonus_win_this_round = total_bonus_win_this_round: null

2019-08-10 23:49:58 - [TEST_STEP][PASSED] - M4_spin_total_bonus_win_this_round = M4_spin_total_bonus_win_this_round: null

2019-08-10 23:49:58 - [TEST_STEP][PASSED] - println("GlobalVariable.M4_spin_total_bonus_win_this_round is: " + M4_spin_total_bonus_win_this_round): null

2019-08-10 23:49:58 - [MESSAGE][PASSED] - Verify response successfully

2019-08-10 23:49:58 - [MESSAGE][PASSED] - Send request and verify the response successfully

2019-08-10 23:49:58 - [TEST_STEP][PASSED] - if (M4_total_bonus_spins_int != 0 &amp;&amp; M4_spin_reels_symbols[2].contains("WILD_ExtraFG") || M4_spin_reels_symbols[3].contains("WILD_ExtraFG")): null

2019-08-10 23:49:58 - [TEST_STEP][PASSED] - free_spin_reel_counter = free_spin_reel_counter: null

2019-08-10 23:49:58 - [TEST_STEP][PASSED] - M4_spin_reels_symbols = M4_spin_reels_symbols: null

2019-08-10 23:49:58 - [TEST_STEP][PASSED] - M4_total_bonus_spins = M4_total_bonus_spins: null

2019-08-10 23:49:58 - [TEST_STEP][PASSED] - spin_result = sendRequestAndVerify(findTestObject("RGS(M4)/1_M4_spin", ["M4_login_user_id":M4_login_user_id, "rgs_session_token":rgs_session_token, "partner":Partner])): Send request and verify the response successfully

2019-08-10 23:49:59 - [TEST_CASE][PASSED] - Start Test Case : Verification: Verification accomplished successfully

2019-08-10 23:49:59 - [TEST_STEP][PASSED] - request = getInstance().getCurrentRequest(): null

2019-08-10 23:49:59 - [TEST_STEP][PASSED] - response = getInstance().getCurrentResponse(): null

2019-08-10 23:49:59 - [TEST_STEP][PASSED] - verifyResponseStatusCode(response, 200): Verify response status code successfully

2019-08-10 23:49:59 - [MESSAGE][PASSED] - Verify response status code successfully

2019-08-10 23:49:59 - [TEST_STEP][PASSED] - getStatusCode()).isEqualTo(200): null

2019-08-10 23:49:59 - [TEST_STEP][PASSED] - newline = System.getProperty("line.separator"): null

2019-08-10 23:49:59 - [TEST_STEP][PASSED] - M4_spin = new groovy.json.JsonSlurper(): null

2019-08-10 23:49:59 - [TEST_STEP][PASSED] - result_M4_spin = M4_spin.parseText(response.getResponseBodyContent()): null

2019-08-10 23:49:59 - [TEST_STEP][PASSED] - M4_spin_current_balance = current_balance: null

2019-08-10 23:49:59 - [TEST_STEP][PASSED] - M4_spin_current_balance = M4_spin_current_balance: null

2019-08-10 23:49:59 - [TEST_STEP][PASSED] - M4_spin_transaction_id = causality: null

2019-08-10 23:49:59 - [TEST_STEP][PASSED] - M4_spin_transaction_id = M4_spin_transaction_id: null

2019-08-10 23:49:59 - [TEST_STEP][PASSED] - M4_spin_round_id = round_id: null

2019-08-10 23:49:59 - [TEST_STEP][PASSED] - M4_spin_round_id = M4_spin_round_id: null

2019-08-10 23:49:59 - [TEST_STEP][PASSED] - M4_spin_line_wins = line_wins: null

2019-08-10 23:49:59 - [TEST_STEP][PASSED] - M4_spin_line_wins = M4_spin_line_wins: null

2019-08-10 23:49:59 - [TEST_STEP][PASSED] - M4_total_bonus_spins_int = total_bonus_spins: null

2019-08-10 23:49:59 - [TEST_STEP][PASSED] - println("******M4_total_bonus_spins type is:*******" + newline + getClass().getName()): null

2019-08-10 23:49:59 - [TEST_STEP][PASSED] - M4_total_bonus_spins_int = M4_total_bonus_spins_int: null

2019-08-10 23:49:59 - [TEST_STEP][PASSED] - M4_total_bonus_spins = Integer.toString(M4_total_bonus_spins_int): null

2019-08-10 23:49:59 - [TEST_STEP][PASSED] - M4_total_bonus_spins = M4_total_bonus_spins: null

2019-08-10 23:49:59 - [TEST_STEP][PASSED] - println("M4_total_bonus_spins is:" + M4_total_bonus_spins): null

2019-08-10 23:49:59 - [TEST_STEP][PASSED] - M4_spin_bonus_data = bonus_data: null

2019-08-10 23:49:59 - [TEST_STEP][PASSED] - M4_spin_features_triggered = result_M4_spin: null

2019-08-10 23:49:59 - [TEST_STEP][PASSED] - wild = []: null

2019-08-10 23:49:59 - [TEST_STEP][PASSED] - wild[0] = "WILD_Expanding": null

2019-08-10 23:49:59 - [TEST_STEP][PASSED] - wild[1] = "WILD_Normal": null

2019-08-10 23:49:59 - [TEST_STEP][PASSED] - wild[2] = "WILD_Double": null

2019-08-10 23:49:59 - [TEST_STEP][PASSED] - wild[3] = "WILD_ExtraFG": null

2019-08-10 23:49:59 - [TEST_STEP][PASSED] - wild[4] = "WILD_Triple": null

2019-08-10 23:49:59 - [TEST_STEP][PASSED] - wildList = Arrays.asList(wild): null

2019-08-10 23:49:59 - [TEST_STEP][PASSED] - wildList = wildList: null

2019-08-10 23:49:59 - [TEST_STEP][PASSED] - free_spin_reel_counter = []: null

2019-08-10 23:49:59 - [TEST_STEP][PASSED] - free_spin_reel_counter[0] = 0: null

2019-08-10 23:49:59 - [TEST_STEP][PASSED] - free_spin_reel_counter[1] = 0: null

2019-08-10 23:49:59 - [TEST_STEP][PASSED] - free_spin_reel_counter[2] = 0: null

2019-08-10 23:49:59 - [TEST_STEP][PASSED] - M4_spin_reels = reels: null

2019-08-10 23:49:59 - [TEST_STEP][PASSED] - for ([i = 0, i &lt; M4_spin_reels.size(), (i++)]): null

2019-08-10 23:49:59 - [TEST_STEP][PASSED] - symbols = symbols: null

2019-08-10 23:49:59 - [TEST_STEP][PASSED] - for ([j = 0, j &lt; symbols.size(), (j++)]): null

2019-08-10 23:49:59 - [TEST_STEP][PASSED] - symbol = symbol: null

2019-08-10 23:49:59 - [TEST_STEP][PASSED] - println(symbol): null

2019-08-10 23:49:59 - [TEST_STEP][PASSED] - if (i == 2 &amp;&amp; wildList.indexOf(symbol) != -1): null

2019-08-10 23:49:59 - [TEST_STEP][PASSED] - if (i == 3 &amp;&amp; wildList.indexOf(symbol) != -1): null

2019-08-10 23:49:59 - [TEST_STEP][PASSED] - if (i == 4 &amp;&amp; wildList.indexOf(symbol) != -1): null

2019-08-10 23:49:59 - [TEST_STEP][PASSED] - symbol = symbol: null

2019-08-10 23:49:59 - [TEST_STEP][PASSED] - println(symbol): null

2019-08-10 23:49:59 - [TEST_STEP][PASSED] - if (i == 2 &amp;&amp; wildList.indexOf(symbol) != -1): null

2019-08-10 23:49:59 - [TEST_STEP][PASSED] - if (i == 3 &amp;&amp; wildList.indexOf(symbol) != -1): null

2019-08-10 23:49:59 - [TEST_STEP][PASSED] - if (i == 4 &amp;&amp; wildList.indexOf(symbol) != -1): null

2019-08-10 23:49:59 - [TEST_STEP][PASSED] - symbol = symbol: null

2019-08-10 23:49:59 - [TEST_STEP][PASSED] - println(symbol): null

2019-08-10 23:49:59 - [TEST_STEP][PASSED] - if (i == 2 &amp;&amp; wildList.indexOf(symbol) != -1): null

2019-08-10 23:49:59 - [TEST_STEP][PASSED] - if (i == 3 &amp;&amp; wildList.indexOf(symbol) != -1): null

2019-08-10 23:49:59 - [TEST_STEP][PASSED] - if (i == 4 &amp;&amp; wildList.indexOf(symbol) != -1): null

2019-08-10 23:50:03 - [TEST_STEP][PASSED] - symbols = symbols: null

2019-08-10 23:50:03 - [TEST_STEP][PASSED] - for ([j = 0, j &lt; symbols.size(), (j++)]): null

2019-08-10 23:50:03 - [TEST_STEP][PASSED] - symbol = symbol: null

2019-08-10 23:50:03 - [TEST_STEP][PASSED] - println(symbol): null

2019-08-10 23:50:03 - [TEST_STEP][PASSED] - if (i == 2 &amp;&amp; wildList.indexOf(symbol) != -1): null

2019-08-10 23:50:03 - [TEST_STEP][PASSED] - if (i == 3 &amp;&amp; wildList.indexOf(symbol) != -1): null

2019-08-10 23:50:03 - [TEST_STEP][PASSED] - if (i == 4 &amp;&amp; wildList.indexOf(symbol) != -1): null

2019-08-10 23:50:03 - [TEST_STEP][PASSED] - symbol = symbol: null

2019-08-10 23:50:03 - [TEST_STEP][PASSED] - println(symbol): null

2019-08-10 23:50:03 - [TEST_STEP][PASSED] - if (i == 2 &amp;&amp; wildList.indexOf(symbol) != -1): null

2019-08-10 23:50:03 - [TEST_STEP][PASSED] - if (i == 3 &amp;&amp; wildList.indexOf(symbol) != -1): null

2019-08-10 23:50:09 - [TEST_STEP][PASSED] - if (i == 4 &amp;&amp; wildList.indexOf(symbol) != -1): null

2019-08-10 23:50:09 - [TEST_STEP][PASSED] - symbol = symbol: null

2019-08-10 23:50:09 - [TEST_STEP][PASSED] - println(symbol): null

2019-08-10 23:50:09 - [TEST_STEP][PASSED] - if (i == 2 &amp;&amp; wildList.indexOf(symbol) != -1): null

2019-08-10 23:50:09 - [TEST_STEP][PASSED] - if (i == 3 &amp;&amp; wildList.indexOf(symbol) != -1): null

2019-08-10 23:50:14 - [TEST_STEP][PASSED] - if (i == 4 &amp;&amp; wildList.indexOf(symbol) != -1): null

2019-08-10 23:50:14 - [TEST_STEP][PASSED] - symbols = symbols: null

2019-08-10 23:50:14 - [TEST_STEP][PASSED] - for ([j = 0, j &lt; symbols.size(), (j++)]): null

2019-08-10 23:50:14 - [TEST_STEP][PASSED] - symbol = symbol: null

2019-08-10 23:50:14 - [TEST_STEP][PASSED] - println(symbol): null

2019-08-10 23:50:14 - [TEST_STEP][PASSED] - if (i == 2 &amp;&amp; wildList.indexOf(symbol) != -1): null

2019-08-10 23:50:14 - [TEST_STEP][PASSED] - if (i == 3 &amp;&amp; wildList.indexOf(symbol) != -1): null

2019-08-10 23:50:14 - [TEST_STEP][PASSED] - if (i == 4 &amp;&amp; wildList.indexOf(symbol) != -1): null

2019-08-10 23:50:14 - [TEST_STEP][PASSED] - symbol = symbol: null

2019-08-10 23:50:14 - [TEST_STEP][PASSED] - println(symbol): null

2019-08-10 23:50:14 - [TEST_STEP][PASSED] - if (i == 2 &amp;&amp; wildList.indexOf(symbol) != -1): null

2019-08-10 23:50:15 - [TEST_STEP][PASSED] - if (i == 3 &amp;&amp; wildList.indexOf(symbol) != -1): null

2019-08-10 23:50:15 - [TEST_STEP][PASSED] - if (i == 4 &amp;&amp; wildList.indexOf(symbol) != -1): null

2019-08-10 23:50:15 - [TEST_STEP][PASSED] - symbol = symbol: null

2019-08-10 23:50:15 - [TEST_STEP][PASSED] - println(symbol): null

2019-08-10 23:50:15 - [TEST_STEP][PASSED] - if (i == 2 &amp;&amp; wildList.indexOf(symbol) != -1): null

2019-08-10 23:50:15 - [TEST_STEP][PASSED] - println("wild found on reel 3, adding counter by 1"): null

2019-08-10 23:50:15 - [TEST_STEP][PASSED] - free_spin_reel_counter[0] = free_spin_reel_counter[0] + 1: null

2019-08-10 23:50:15 - [TEST_STEP][PASSED] - if (i == 3 &amp;&amp; wildList.indexOf(symbol) != -1): null

2019-08-10 23:50:15 - [TEST_STEP][PASSED] - if (i == 4 &amp;&amp; wildList.indexOf(symbol) != -1): null

2019-08-10 23:50:15 - [TEST_STEP][PASSED] - symbols = symbols: null

2019-08-10 23:50:15 - [TEST_STEP][PASSED] - for ([j = 0, j &lt; symbols.size(), (j++)]): null

2019-08-10 23:50:15 - [TEST_STEP][PASSED] - symbol = symbol: null

2019-08-10 23:50:15 - [TEST_STEP][PASSED] - println(symbol): null

2019-08-10 23:50:15 - [TEST_STEP][PASSED] - if (i == 2 &amp;&amp; wildList.indexOf(symbol) != -1): null

2019-08-10 23:50:15 - [TEST_STEP][PASSED] - if (i == 3 &amp;&amp; wildList.indexOf(symbol) != -1): null

2019-08-10 23:50:15 - [TEST_STEP][PASSED] - if (i == 4 &amp;&amp; wildList.indexOf(symbol) != -1): null

2019-08-10 23:50:15 - [TEST_STEP][PASSED] - symbol = symbol: null

2019-08-10 23:50:15 - [TEST_STEP][PASSED] - println(symbol): null

2019-08-10 23:50:15 - [TEST_STEP][PASSED] - if (i == 2 &amp;&amp; wildList.indexOf(symbol) != -1): null

2019-08-10 23:50:15 - [TEST_STEP][PASSED] - if (i == 3 &amp;&amp; wildList.indexOf(symbol) != -1): null

2019-08-10 23:50:15 - [TEST_STEP][PASSED] - if (i == 4 &amp;&amp; wildList.indexOf(symbol) != -1): null

2019-08-10 23:50:15 - [TEST_STEP][PASSED] - symbol = symbol: null

2019-08-10 23:50:15 - [TEST_STEP][PASSED] - println(symbol): null

2019-08-10 23:50:15 - [TEST_STEP][PASSED] - if (i == 2 &amp;&amp; wildList.indexOf(symbol) != -1): null

2019-08-10 23:50:15 - [TEST_STEP][PASSED] - if (i == 3 &amp;&amp; wildList.indexOf(symbol) != -1): null

2019-08-10 23:50:15 - [TEST_STEP][PASSED] - if (i == 4 &amp;&amp; wildList.indexOf(symbol) != -1): null

2019-08-10 23:50:15 - [TEST_STEP][PASSED] - symbols = symbols: null

2019-08-10 23:50:15 - [TEST_STEP][PASSED] - for ([j = 0, j &lt; symbols.size(), (j++)]): null

2019-08-10 23:50:15 - [TEST_STEP][PASSED] - symbol = symbol: null

2019-08-10 23:50:15 - [TEST_STEP][PASSED] - println(symbol): null

2019-08-10 23:50:15 - [TEST_STEP][PASSED] - if (i == 2 &amp;&amp; wildList.indexOf(symbol) != -1): null

2019-08-10 23:50:15 - [TEST_STEP][PASSED] - if (i == 3 &amp;&amp; wildList.indexOf(symbol) != -1): null

2019-08-10 23:50:15 - [TEST_STEP][PASSED] - if (i == 4 &amp;&amp; wildList.indexOf(symbol) != -1): null

2019-08-10 23:50:15 - [TEST_STEP][PASSED] - symbol = symbol: null

2019-08-10 23:50:15 - [TEST_STEP][PASSED] - println(symbol): null

2019-08-10 23:50:15 - [TEST_STEP][PASSED] - if (i == 2 &amp;&amp; wildList.indexOf(symbol) != -1): null

2019-08-10 23:50:15 - [TEST_STEP][PASSED] - if (i == 3 &amp;&amp; wildList.indexOf(symbol) != -1): null

2019-08-10 23:50:15 - [TEST_STEP][PASSED] - if (i == 4 &amp;&amp; wildList.indexOf(symbol) != -1): null

2019-08-10 23:50:15 - [TEST_STEP][PASSED] - symbol = symbol: null

2019-08-10 23:50:15 - [TEST_STEP][PASSED] - println(symbol): null

2019-08-10 23:50:15 - [TEST_STEP][PASSED] - if (i == 2 &amp;&amp; wildList.indexOf(symbol) != -1): null

2019-08-10 23:50:15 - [TEST_STEP][PASSED] - if (i == 3 &amp;&amp; wildList.indexOf(symbol) != -1): null

2019-08-10 23:50:15 - [TEST_STEP][PASSED] - if (i == 4 &amp;&amp; wildList.indexOf(symbol) != -1): null

2019-08-10 23:50:15 - [TEST_STEP][PASSED] - free_spin_reel_counter = free_spin_reel_counter: null

2019-08-10 23:50:15 - [TEST_STEP][PASSED] - println("reel 3 wild found: " + free_spin_reel_counter[0]): null

2019-08-10 23:50:15 - [TEST_STEP][PASSED] - println("reel 4 wild found: " + free_spin_reel_counter[1]): null

2019-08-10 23:50:15 - [TEST_STEP][PASSED] - println("reel 5 wild found: " + free_spin_reel_counter[2]): null

2019-08-10 23:50:15 - [TEST_STEP][PASSED] - M4_spin_reels = M4_spin_reels: null

2019-08-10 23:50:15 - [TEST_STEP][PASSED] - M4_spin_reels_symbols = symbol: null

2019-08-10 23:50:15 - [TEST_STEP][PASSED] - M4_spin_reels_symbols = M4_spin_reels_symbols: null

2019-08-10 23:50:15 - [TEST_STEP][PASSED] - M4_spin_reel_wins = reel_wins: null

2019-08-10 23:50:15 - [TEST_STEP][PASSED] - M4_spin_reel_wins = M4_spin_reel_wins: null

2019-08-10 23:50:15 - [TEST_STEP][PASSED] - println("GlobalVariable.M4_spin_reel_wins is: " + M4_spin_reel_wins): null

2019-08-10 23:50:15 - [TEST_STEP][PASSED] - M4_spin_total_bonus_win_this_round = total_bonus_win_this_round: null

2019-08-10 23:50:15 - [TEST_STEP][PASSED] - M4_spin_total_bonus_win_this_round = M4_spin_total_bonus_win_this_round: null

2019-08-10 23:50:15 - [TEST_STEP][PASSED] - println("GlobalVariable.M4_spin_total_bonus_win_this_round is: " + M4_spin_total_bonus_win_this_round): null

2019-08-10 23:50:15 - [MESSAGE][PASSED] - Verify response successfully

2019-08-10 23:50:15 - [MESSAGE][PASSED] - Send request and verify the response successfully

2019-08-10 23:50:15 - [TEST_STEP][PASSED] - if (M4_total_bonus_spins_int != 0 &amp;&amp; M4_spin_reels_symbols[2].contains("WILD_ExtraFG") || M4_spin_reels_symbols[3].contains("WILD_ExtraFG")): null

2019-08-10 23:50:15 - [TEST_STEP][PASSED] - free_spin_reel_counter = free_spin_reel_counter: null

2019-08-10 23:50:15 - [TEST_STEP][PASSED] - M4_spin_reels_symbols = M4_spin_reels_symbols: null

2019-08-10 23:50:15 - [TEST_STEP][PASSED] - M4_total_bonus_spins = M4_total_bonus_spins: null

2019-08-10 23:50:15 - [TEST_STEP][PASSED] - spin_result = sendRequestAndVerify(findTestObject("RGS(M4)/1_M4_spin", ["M4_login_user_id":M4_login_user_id, "rgs_session_token":rgs_session_token, "partner":Partner])): Send request and verify the response successfully

2019-08-10 23:50:15 - [TEST_CASE][PASSED] - Start Test Case : Verification: Verification accomplished successfully

2019-08-10 23:50:15 - [TEST_STEP][PASSED] - request = getInstance().getCurrentRequest(): null

2019-08-10 23:50:15 - [TEST_STEP][PASSED] - response = getInstance().getCurrentResponse(): null

2019-08-10 23:50:15 - [TEST_STEP][PASSED] - verifyResponseStatusCode(response, 200): Verify response status code successfully

2019-08-10 23:50:15 - [MESSAGE][PASSED] - Verify response status code successfully

2019-08-10 23:50:15 - [TEST_STEP][PASSED] - getStatusCode()).isEqualTo(200): null

2019-08-10 23:50:15 - [TEST_STEP][PASSED] - newline = System.getProperty("line.separator"): null

2019-08-10 23:50:15 - [TEST_STEP][PASSED] - M4_spin = new groovy.json.JsonSlurper(): null

2019-08-10 23:50:15 - [TEST_STEP][PASSED] - result_M4_spin = M4_spin.parseText(response.getResponseBodyContent()): null

2019-08-10 23:50:15 - [TEST_STEP][PASSED] - M4_spin_current_balance = current_balance: null

2019-08-10 23:50:15 - [TEST_STEP][PASSED] - M4_spin_current_balance = M4_spin_current_balance: null

2019-08-10 23:50:15 - [TEST_STEP][PASSED] - M4_spin_transaction_id = causality: null

2019-08-10 23:50:15 - [TEST_STEP][PASSED] - M4_spin_transaction_id = M4_spin_transaction_id: null

2019-08-10 23:50:15 - [TEST_STEP][PASSED] - M4_spin_round_id = round_id: null

2019-08-10 23:50:15 - [TEST_STEP][PASSED] - M4_spin_round_id = M4_spin_round_id: null

2019-08-10 23:50:15 - [TEST_STEP][PASSED] - M4_spin_line_wins = line_wins: null

2019-08-10 23:50:15 - [TEST_STEP][PASSED] - M4_spin_line_wins = M4_spin_line_wins: null

2019-08-10 23:50:15 - [TEST_STEP][PASSED] - M4_total_bonus_spins_int = total_bonus_spins: null

2019-08-10 23:50:15 - [TEST_STEP][PASSED] - println("******M4_total_bonus_spins type is:*******" + newline + getClass().getName()): null

2019-08-10 23:50:15 - [TEST_STEP][PASSED] - M4_total_bonus_spins_int = M4_total_bonus_spins_int: null

2019-08-10 23:50:15 - [TEST_STEP][PASSED] - M4_total_bonus_spins = Integer.toString(M4_total_bonus_spins_int): null

2019-08-10 23:50:15 - [TEST_STEP][PASSED] - M4_total_bonus_spins = M4_total_bonus_spins: null

2019-08-10 23:50:15 - [TEST_STEP][PASSED] - println("M4_total_bonus_spins is:" + M4_total_bonus_spins): null

2019-08-10 23:50:15 - [TEST_STEP][PASSED] - M4_spin_bonus_data = bonus_data: null

2019-08-10 23:50:15 - [TEST_STEP][PASSED] - M4_spin_features_triggered = result_M4_spin: null

2019-08-10 23:50:15 - [TEST_STEP][PASSED] - wild = []: null

2019-08-10 23:50:15 - [TEST_STEP][PASSED] - wild[0] = "WILD_Expanding": null

2019-08-10 23:50:15 - [TEST_STEP][PASSED] - wild[1] = "WILD_Normal": null

2019-08-10 23:50:15 - [TEST_STEP][PASSED] - wild[2] = "WILD_Double": null

2019-08-10 23:50:15 - [TEST_STEP][PASSED] - wild[3] = "WILD_ExtraFG": null

2019-08-10 23:50:15 - [TEST_STEP][PASSED] - wild[4] = "WILD_Triple": null

2019-08-10 23:50:15 - [TEST_STEP][PASSED] - wildList = Arrays.asList(wild): null

2019-08-10 23:50:15 - [TEST_STEP][PASSED] - wildList = wildList: null

2019-08-10 23:50:15 - [TEST_STEP][PASSED] - free_spin_reel_counter = []: null

2019-08-10 23:50:15 - [TEST_STEP][PASSED] - free_spin_reel_counter[0] = 0: null

2019-08-10 23:50:15 - [TEST_STEP][PASSED] - free_spin_reel_counter[1] = 0: null

2019-08-10 23:50:15 - [TEST_STEP][PASSED] - free_spin_reel_counter[2] = 0: null

2019-08-10 23:50:15 - [TEST_STEP][PASSED] - M4_spin_reels = reels: null

2019-08-10 23:50:15 - [TEST_STEP][PASSED] - for ([i = 0, i &lt; M4_spin_reels.size(), (i++)]): null

2019-08-10 23:50:15 - [TEST_STEP][PASSED] - symbols = symbols: null

2019-08-10 23:50:15 - [TEST_STEP][PASSED] - for ([j = 0, j &lt; symbols.size(), (j++)]): null

2019-08-10 23:50:15 - [TEST_STEP][PASSED] - symbol = symbol: null

2019-08-10 23:50:15 - [TEST_STEP][PASSED] - println(symbol): null

2019-08-10 23:50:15 - [TEST_STEP][PASSED] - if (i == 2 &amp;&amp; wildList.indexOf(symbol) != -1): null

2019-08-10 23:50:15 - [TEST_STEP][PASSED] - if (i == 3 &amp;&amp; wildList.indexOf(symbol) != -1): null

2019-08-10 23:50:15 - [TEST_STEP][PASSED] - if (i == 4 &amp;&amp; wildList.indexOf(symbol) != -1): null

2019-08-10 23:50:15 - [TEST_STEP][PASSED] - symbol = symbol: null

2019-08-10 23:50:15 - [TEST_STEP][PASSED] - println(symbol): null

2019-08-10 23:50:15 - [TEST_STEP][PASSED] - if (i == 2 &amp;&amp; wildList.indexOf(symbol) != -1): null

2019-08-10 23:50:15 - [TEST_STEP][PASSED] - if (i == 3 &amp;&amp; wildList.indexOf(symbol) != -1): null

2019-08-10 23:50:15 - [TEST_STEP][PASSED] - if (i == 4 &amp;&amp; wildList.indexOf(symbol) != -1): null

2019-08-10 23:50:15 - [TEST_STEP][PASSED] - symbol = symbol: null

2019-08-10 23:50:15 - [TEST_STEP][PASSED] - println(symbol): null

2019-08-10 23:50:15 - [TEST_STEP][PASSED] - if (i == 2 &amp;&amp; wildList.indexOf(symbol) != -1): null

2019-08-10 23:50:15 - [TEST_STEP][PASSED] - if (i == 3 &amp;&amp; wildList.indexOf(symbol) != -1): null

2019-08-10 23:50:15 - [TEST_STEP][PASSED] - if (i == 4 &amp;&amp; wildList.indexOf(symbol) != -1): null

2019-08-10 23:50:15 - [TEST_STEP][PASSED] - symbols = symbols: null

2019-08-10 23:50:15 - [TEST_STEP][PASSED] - for ([j = 0, j &lt; symbols.size(), (j++)]): null

2019-08-10 23:50:15 - [TEST_STEP][PASSED] - symbol = symbol: null

2019-08-10 23:50:15 - [TEST_STEP][PASSED] - println(symbol): null

2019-08-10 23:50:15 - [TEST_STEP][PASSED] - if (i == 2 &amp;&amp; wildList.indexOf(symbol) != -1): null

2019-08-10 23:50:15 - [TEST_STEP][PASSED] - if (i == 3 &amp;&amp; wildList.indexOf(symbol) != -1): null

2019-08-10 23:50:15 - [TEST_STEP][PASSED] - if (i == 4 &amp;&amp; wildList.indexOf(symbol) != -1): null

2019-08-10 23:50:15 - [TEST_STEP][PASSED] - symbol = symbol: null

2019-08-10 23:50:15 - [TEST_STEP][PASSED] - println(symbol): null

2019-08-10 23:50:15 - [TEST_STEP][PASSED] - if (i == 2 &amp;&amp; wildList.indexOf(symbol) != -1): null

2019-08-10 23:50:15 - [TEST_STEP][PASSED] - if (i == 3 &amp;&amp; wildList.indexOf(symbol) != -1): null

2019-08-10 23:50:15 - [TEST_STEP][PASSED] - if (i == 4 &amp;&amp; wildList.indexOf(symbol) != -1): null

2019-08-10 23:50:15 - [TEST_STEP][PASSED] - symbol = symbol: null

2019-08-10 23:50:15 - [TEST_STEP][PASSED] - println(symbol): null

2019-08-10 23:50:15 - [TEST_STEP][PASSED] - if (i == 2 &amp;&amp; wildList.indexOf(symbol) != -1): null

2019-08-10 23:50:15 - [TEST_STEP][PASSED] - if (i == 3 &amp;&amp; wildList.indexOf(symbol) != -1): null

2019-08-10 23:50:15 - [TEST_STEP][PASSED] - if (i == 4 &amp;&amp; wildList.indexOf(symbol) != -1): null

2019-08-10 23:50:15 - [TEST_STEP][PASSED] - symbols = symbols: null

2019-08-10 23:50:15 - [TEST_STEP][PASSED] - for ([j = 0, j &lt; symbols.size(), (j++)]): null

2019-08-10 23:50:15 - [TEST_STEP][PASSED] - symbol = symbol: null

2019-08-10 23:50:15 - [TEST_STEP][PASSED] - println(symbol): null

2019-08-10 23:50:15 - [TEST_STEP][PASSED] - if (i == 2 &amp;&amp; wildList.indexOf(symbol) != -1): null

2019-08-10 23:50:15 - [TEST_STEP][PASSED] - println("wild found on reel 3, adding counter by 1"): null

2019-08-10 23:50:15 - [TEST_STEP][PASSED] - free_spin_reel_counter[0] = free_spin_reel_counter[0] + 1: null

2019-08-10 23:50:15 - [TEST_STEP][PASSED] - if (i == 3 &amp;&amp; wildList.indexOf(symbol) != -1): null

2019-08-10 23:50:15 - [TEST_STEP][PASSED] - if (i == 4 &amp;&amp; wildList.indexOf(symbol) != -1): null

2019-08-10 23:50:15 - [TEST_STEP][PASSED] - symbol = symbol: null

2019-08-10 23:50:15 - [TEST_STEP][PASSED] - println(symbol): null

2019-08-10 23:50:15 - [TEST_STEP][PASSED] - if (i == 2 &amp;&amp; wildList.indexOf(symbol) != -1): null

2019-08-10 23:50:15 - [TEST_STEP][PASSED] - if (i == 3 &amp;&amp; wildList.indexOf(symbol) != -1): null

2019-08-10 23:50:15 - [TEST_STEP][PASSED] - if (i == 4 &amp;&amp; wildList.indexOf(symbol) != -1): null

2019-08-10 23:50:15 - [TEST_STEP][PASSED] - symbol = symbol: null

2019-08-10 23:50:15 - [TEST_STEP][PASSED] - println(symbol): null

2019-08-10 23:50:15 - [TEST_STEP][PASSED] - if (i == 2 &amp;&amp; wildList.indexOf(symbol) != -1): null

2019-08-10 23:50:15 - [TEST_STEP][PASSED] - if (i == 3 &amp;&amp; wildList.indexOf(symbol) != -1): null

2019-08-10 23:50:15 - [TEST_STEP][PASSED] - if (i == 4 &amp;&amp; wildList.indexOf(symbol) != -1): null

2019-08-10 23:50:15 - [TEST_STEP][PASSED] - symbols = symbols: null

2019-08-10 23:50:15 - [TEST_STEP][PASSED] - for ([j = 0, j &lt; symbols.size(), (j++)]): null

2019-08-10 23:50:15 - [TEST_STEP][PASSED] - symbol = symbol: null

2019-08-10 23:50:15 - [TEST_STEP][PASSED] - println(symbol): null

2019-08-10 23:50:15 - [TEST_STEP][PASSED] - if (i == 2 &amp;&amp; wildList.indexOf(symbol) != -1): null

2019-08-10 23:50:15 - [TEST_STEP][PASSED] - if (i == 3 &amp;&amp; wildList.indexOf(symbol) != -1): null

2019-08-10 23:50:15 - [TEST_STEP][PASSED] - if (i == 4 &amp;&amp; wildList.indexOf(symbol) != -1): null

2019-08-10 23:50:15 - [TEST_STEP][PASSED] - symbol = symbol: null

2019-08-10 23:50:15 - [TEST_STEP][PASSED] - println(symbol): null

2019-08-10 23:50:15 - [TEST_STEP][PASSED] - if (i == 2 &amp;&amp; wildList.indexOf(symbol) != -1): null

2019-08-10 23:50:15 - [TEST_STEP][PASSED] - if (i == 3 &amp;&amp; wildList.indexOf(symbol) != -1): null

2019-08-10 23:50:15 - [TEST_STEP][PASSED] - if (i == 4 &amp;&amp; wildList.indexOf(symbol) != -1): null

2019-08-10 23:50:15 - [TEST_STEP][PASSED] - symbol = symbol: null

2019-08-10 23:50:15 - [TEST_STEP][PASSED] - println(symbol): null

2019-08-10 23:50:15 - [TEST_STEP][PASSED] - if (i == 2 &amp;&amp; wildList.indexOf(symbol) != -1): null

2019-08-10 23:50:15 - [TEST_STEP][PASSED] - if (i == 3 &amp;&amp; wildList.indexOf(symbol) != -1): null

2019-08-10 23:50:15 - [TEST_STEP][PASSED] - if (i == 4 &amp;&amp; wildList.indexOf(symbol) != -1): null

2019-08-10 23:50:15 - [TEST_STEP][PASSED] - symbols = symbols: null

2019-08-10 23:50:15 - [TEST_STEP][PASSED] - for ([j = 0, j &lt; symbols.size(), (j++)]): null

2019-08-10 23:50:15 - [TEST_STEP][PASSED] - symbol = symbol: null

2019-08-10 23:50:15 - [TEST_STEP][PASSED] - println(symbol): null

2019-08-10 23:50:15 - [TEST_STEP][PASSED] - if (i == 2 &amp;&amp; wildList.indexOf(symbol) != -1): null

2019-08-10 23:50:15 - [TEST_STEP][PASSED] - if (i == 3 &amp;&amp; wildList.indexOf(symbol) != -1): null

2019-08-10 23:50:15 - [TEST_STEP][PASSED] - if (i == 4 &amp;&amp; wildList.indexOf(symbol) != -1): null

2019-08-10 23:50:15 - [TEST_STEP][PASSED] - symbol = symbol: null

2019-08-10 23:50:15 - [TEST_STEP][PASSED] - println(symbol): null

2019-08-10 23:50:15 - [TEST_STEP][PASSED] - if (i == 2 &amp;&amp; wildList.indexOf(symbol) != -1): null

2019-08-10 23:50:15 - [TEST_STEP][PASSED] - if (i == 3 &amp;&amp; wildList.indexOf(symbol) != -1): null

2019-08-10 23:50:15 - [TEST_STEP][PASSED] - if (i == 4 &amp;&amp; wildList.indexOf(symbol) != -1): null

2019-08-10 23:50:15 - [TEST_STEP][PASSED] - symbol = symbol: null

2019-08-10 23:50:15 - [TEST_STEP][PASSED] - println(symbol): null

2019-08-10 23:50:15 - [TEST_STEP][PASSED] - if (i == 2 &amp;&amp; wildList.indexOf(symbol) != -1): null

2019-08-10 23:50:15 - [TEST_STEP][PASSED] - if (i == 3 &amp;&amp; wildList.indexOf(symbol) != -1): null

2019-08-10 23:50:15 - [TEST_STEP][PASSED] - if (i == 4 &amp;&amp; wildList.indexOf(symbol) != -1): null

2019-08-10 23:50:15 - [TEST_STEP][PASSED] - free_spin_reel_counter = free_spin_reel_counter: null

2019-08-10 23:50:15 - [TEST_STEP][PASSED] - println("reel 3 wild found: " + free_spin_reel_counter[0]): null

2019-08-10 23:50:15 - [TEST_STEP][PASSED] - println("reel 4 wild found: " + free_spin_reel_counter[1]): null

2019-08-10 23:50:15 - [TEST_STEP][PASSED] - println("reel 5 wild found: " + free_spin_reel_counter[2]): null

2019-08-10 23:50:15 - [TEST_STEP][PASSED] - M4_spin_reels = M4_spin_reels: null

2019-08-10 23:50:15 - [TEST_STEP][PASSED] - M4_spin_reels_symbols = symbol: null

2019-08-10 23:50:15 - [TEST_STEP][PASSED] - M4_spin_reels_symbols = M4_spin_reels_symbols: null

2019-08-10 23:50:15 - [TEST_STEP][PASSED] - M4_spin_reel_wins = reel_wins: null

2019-08-10 23:50:15 - [TEST_STEP][PASSED] - M4_spin_reel_wins = M4_spin_reel_wins: null

2019-08-10 23:50:15 - [TEST_STEP][PASSED] - println("GlobalVariable.M4_spin_reel_wins is: " + M4_spin_reel_wins): null

2019-08-10 23:50:15 - [TEST_STEP][PASSED] - M4_spin_total_bonus_win_this_round = total_bonus_win_this_round: null

2019-08-10 23:50:15 - [TEST_STEP][PASSED] - M4_spin_total_bonus_win_this_round = M4_spin_total_bonus_win_this_round: null

2019-08-10 23:50:15 - [TEST_STEP][PASSED] - println("GlobalVariable.M4_spin_total_bonus_win_this_round is: " + M4_spin_total_bonus_win_this_round): null

2019-08-10 23:50:15 - [MESSAGE][PASSED] - Verify response successfully

2019-08-10 23:50:15 - [MESSAGE][PASSED] - Send request and verify the response successfully

2019-08-10 23:50:15 - [TEST_STEP][PASSED] - if (M4_total_bonus_spins_int != 0 &amp;&amp; M4_spin_reels_symbols[2].contains("WILD_ExtraFG") || M4_spin_reels_symbols[3].contains("WILD_ExtraFG")): null

2019-08-10 23:50:15 - [TEST_STEP][PASSED] - free_spin_reel_counter = free_spin_reel_counter: null

2019-08-10 23:50:15 - [TEST_STEP][PASSED] - M4_spin_reels_symbols = M4_spin_reels_symbols: null

2019-08-10 23:50:15 - [TEST_STEP][PASSED] - M4_total_bonus_spins = M4_total_bonus_spins: null

2019-08-10 23:50:15 - [TEST_STEP][PASSED] - spin_result = sendRequestAndVerify(findTestObject("RGS(M4)/1_M4_spin", ["M4_login_user_id":M4_login_user_id, "rgs_session_token":rgs_session_token, "partner":Partner])): Send request and verify the response successfully

2019-08-10 23:50:15 - [TEST_CASE][PASSED] - Start Test Case : Verification: Verification accomplished successfully

2019-08-10 23:50:15 - [TEST_STEP][PASSED] - request = getInstance().getCurrentRequest(): null

2019-08-10 23:50:15 - [TEST_STEP][PASSED] - response = getInstance().getCurrentResponse(): null

2019-08-10 23:50:15 - [TEST_STEP][PASSED] - verifyResponseStatusCode(response, 200): Verify response status code successfully

2019-08-10 23:50:15 - [MESSAGE][PASSED] - Verify response status code successfully

2019-08-10 23:50:15 - [TEST_STEP][PASSED] - getStatusCode()).isEqualTo(200): null

2019-08-10 23:50:15 - [TEST_STEP][PASSED] - newline = System.getProperty("line.separator"): null

2019-08-10 23:50:15 - [TEST_STEP][PASSED] - M4_spin = new groovy.json.JsonSlurper(): null

2019-08-10 23:50:15 - [TEST_STEP][PASSED] - result_M4_spin = M4_spin.parseText(response.getResponseBodyContent()): null

2019-08-10 23:50:15 - [TEST_STEP][PASSED] - M4_spin_current_balance = current_balance: null

2019-08-10 23:50:15 - [TEST_STEP][PASSED] - M4_spin_current_balance = M4_spin_current_balance: null

2019-08-10 23:50:15 - [TEST_STEP][PASSED] - M4_spin_transaction_id = causality: null

2019-08-10 23:50:15 - [TEST_STEP][PASSED] - M4_spin_transaction_id = M4_spin_transaction_id: null

2019-08-10 23:50:15 - [TEST_STEP][PASSED] - M4_spin_round_id = round_id: null

2019-08-10 23:50:15 - [TEST_STEP][PASSED] - M4_spin_round_id = M4_spin_round_id: null

2019-08-10 23:50:15 - [TEST_STEP][PASSED] - M4_spin_line_wins = line_wins: null

2019-08-10 23:50:15 - [TEST_STEP][PASSED] - M4_spin_line_wins = M4_spin_line_wins: null

2019-08-10 23:50:15 - [TEST_STEP][PASSED] - M4_total_bonus_spins_int = total_bonus_spins: null

2019-08-10 23:50:15 - [TEST_STEP][PASSED] - println("******M4_total_bonus_spins type is:*******" + newline + getClass().getName()): null

2019-08-10 23:50:15 - [TEST_STEP][PASSED] - M4_total_bonus_spins_int = M4_total_bonus_spins_int: null

2019-08-10 23:50:15 - [TEST_STEP][PASSED] - M4_total_bonus_spins = Integer.toString(M4_total_bonus_spins_int): null

2019-08-10 23:50:15 - [TEST_STEP][PASSED] - M4_total_bonus_spins = M4_total_bonus_spins: null

2019-08-10 23:50:15 - [TEST_STEP][PASSED] - println("M4_total_bonus_spins is:" + M4_total_bonus_spins): null

2019-08-10 23:50:15 - [TEST_STEP][PASSED] - M4_spin_bonus_data = bonus_data: null

2019-08-10 23:50:15 - [TEST_STEP][PASSED] - M4_spin_features_triggered = result_M4_spin: null

2019-08-10 23:50:15 - [TEST_STEP][PASSED] - wild = []: null

2019-08-10 23:50:15 - [TEST_STEP][PASSED] - wild[0] = "WILD_Expanding": null

2019-08-10 23:50:15 - [TEST_STEP][PASSED] - wild[1] = "WILD_Normal": null

2019-08-10 23:50:15 - [TEST_STEP][PASSED] - wild[2] = "WILD_Double": null

2019-08-10 23:50:15 - [TEST_STEP][PASSED] - wild[3] = "WILD_ExtraFG": null

2019-08-10 23:50:15 - [TEST_STEP][PASSED] - wild[4] = "WILD_Triple": null

2019-08-10 23:50:15 - [TEST_STEP][PASSED] - wildList = Arrays.asList(wild): null

2019-08-10 23:50:15 - [TEST_STEP][PASSED] - wildList = wildList: null

2019-08-10 23:50:15 - [TEST_STEP][PASSED] - free_spin_reel_counter = []: null

2019-08-10 23:50:15 - [TEST_STEP][PASSED] - free_spin_reel_counter[0] = 0: null

2019-08-10 23:50:15 - [TEST_STEP][PASSED] - free_spin_reel_counter[1] = 0: null

2019-08-10 23:50:15 - [TEST_STEP][PASSED] - free_spin_reel_counter[2] = 0: null

2019-08-10 23:50:15 - [TEST_STEP][PASSED] - M4_spin_reels = reels: null

2019-08-10 23:50:15 - [TEST_STEP][PASSED] - for ([i = 0, i &lt; M4_spin_reels.size(), (i++)]): null

2019-08-10 23:50:15 - [TEST_STEP][PASSED] - symbols = symbols: null

2019-08-10 23:50:15 - [TEST_STEP][PASSED] - for ([j = 0, j &lt; symbols.size(), (j++)]): null

2019-08-10 23:50:15 - [TEST_STEP][PASSED] - symbol = symbol: null

2019-08-10 23:50:15 - [TEST_STEP][PASSED] - println(symbol): null

2019-08-10 23:50:15 - [TEST_STEP][PASSED] - if (i == 2 &amp;&amp; wildList.indexOf(symbol) != -1): null

2019-08-10 23:50:15 - [TEST_STEP][PASSED] - if (i == 3 &amp;&amp; wildList.indexOf(symbol) != -1): null

2019-08-10 23:50:15 - [TEST_STEP][PASSED] - if (i == 4 &amp;&amp; wildList.indexOf(symbol) != -1): null

2019-08-10 23:50:15 - [TEST_STEP][PASSED] - symbol = symbol: null

2019-08-10 23:50:15 - [TEST_STEP][PASSED] - println(symbol): null

2019-08-10 23:50:15 - [TEST_STEP][PASSED] - if (i == 2 &amp;&amp; wildList.indexOf(symbol) != -1): null

2019-08-10 23:50:15 - [TEST_STEP][PASSED] - if (i == 3 &amp;&amp; wildList.indexOf(symbol) != -1): null

2019-08-10 23:50:15 - [TEST_STEP][PASSED] - if (i == 4 &amp;&amp; wildList.indexOf(symbol) != -1): null

2019-08-10 23:50:15 - [TEST_STEP][PASSED] - symbol = symbol: null

2019-08-10 23:50:15 - [TEST_STEP][PASSED] - println(symbol): null

2019-08-10 23:50:15 - [TEST_STEP][PASSED] - if (i == 2 &amp;&amp; wildList.indexOf(symbol) != -1): null

2019-08-10 23:50:15 - [TEST_STEP][PASSED] - if (i == 3 &amp;&amp; wildList.indexOf(symbol) != -1): null

2019-08-10 23:50:15 - [TEST_STEP][PASSED] - if (i == 4 &amp;&amp; wildList.indexOf(symbol) != -1): null

2019-08-10 23:50:15 - [TEST_STEP][PASSED] - symbols = symbols: null

2019-08-10 23:50:15 - [TEST_STEP][PASSED] - for ([j = 0, j &lt; symbols.size(), (j++)]): null

2019-08-10 23:50:15 - [TEST_STEP][PASSED] - symbol = symbol: null

2019-08-10 23:50:15 - [TEST_STEP][PASSED] - println(symbol): null

2019-08-10 23:50:15 - [TEST_STEP][PASSED] - if (i == 2 &amp;&amp; wildList.indexOf(symbol) != -1): null

2019-08-10 23:50:15 - [TEST_STEP][PASSED] - if (i == 3 &amp;&amp; wildList.indexOf(symbol) != -1): null

2019-08-10 23:50:15 - [TEST_STEP][PASSED] - if (i == 4 &amp;&amp; wildList.indexOf(symbol) != -1): null

2019-08-10 23:50:15 - [TEST_STEP][PASSED] - symbol = symbol: null

2019-08-10 23:50:15 - [TEST_STEP][PASSED] - println(symbol): null

2019-08-10 23:50:15 - [TEST_STEP][PASSED] - if (i == 2 &amp;&amp; wildList.indexOf(symbol) != -1): null

2019-08-10 23:50:15 - [TEST_STEP][PASSED] - if (i == 3 &amp;&amp; wildList.indexOf(symbol) != -1): null

2019-08-10 23:50:15 - [TEST_STEP][PASSED] - if (i == 4 &amp;&amp; wildList.indexOf(symbol) != -1): null

2019-08-10 23:50:15 - [TEST_STEP][PASSED] - symbol = symbol: null

2019-08-10 23:50:15 - [TEST_STEP][PASSED] - println(symbol): null

2019-08-10 23:50:15 - [TEST_STEP][PASSED] - if (i == 2 &amp;&amp; wildList.indexOf(symbol) != -1): null

2019-08-10 23:50:15 - [TEST_STEP][PASSED] - if (i == 3 &amp;&amp; wildList.indexOf(symbol) != -1): null

2019-08-10 23:50:15 - [TEST_STEP][PASSED] - if (i == 4 &amp;&amp; wildList.indexOf(symbol) != -1): null

2019-08-10 23:50:15 - [TEST_STEP][PASSED] - symbols = symbols: null

2019-08-10 23:50:15 - [TEST_STEP][PASSED] - for ([j = 0, j &lt; symbols.size(), (j++)]): null

2019-08-10 23:50:15 - [TEST_STEP][PASSED] - symbol = symbol: null

2019-08-10 23:50:15 - [TEST_STEP][PASSED] - println(symbol): null

2019-08-10 23:50:15 - [TEST_STEP][PASSED] - if (i == 2 &amp;&amp; wildList.indexOf(symbol) != -1): null

2019-08-10 23:50:15 - [TEST_STEP][PASSED] - println("wild found on reel 3, adding counter by 1"): null

2019-08-10 23:50:15 - [TEST_STEP][PASSED] - free_spin_reel_counter[0] = free_spin_reel_counter[0] + 1: null

2019-08-10 23:50:15 - [TEST_STEP][PASSED] - if (i == 3 &amp;&amp; wildList.indexOf(symbol) != -1): null

2019-08-10 23:50:15 - [TEST_STEP][PASSED] - if (i == 4 &amp;&amp; wildList.indexOf(symbol) != -1): null

2019-08-10 23:50:15 - [TEST_STEP][PASSED] - symbol = symbol: null

2019-08-10 23:50:15 - [TEST_STEP][PASSED] - println(symbol): null

2019-08-10 23:50:15 - [TEST_STEP][PASSED] - if (i == 2 &amp;&amp; wildList.indexOf(symbol) != -1): null

2019-08-10 23:50:15 - [TEST_STEP][PASSED] - if (i == 3 &amp;&amp; wildList.indexOf(symbol) != -1): null

2019-08-10 23:50:15 - [TEST_STEP][PASSED] - if (i == 4 &amp;&amp; wildList.indexOf(symbol) != -1): null

2019-08-10 23:50:15 - [TEST_STEP][PASSED] - symbol = symbol: null

2019-08-10 23:50:15 - [TEST_STEP][PASSED] - println(symbol): null

2019-08-10 23:50:15 - [TEST_STEP][PASSED] - if (i == 2 &amp;&amp; wildList.indexOf(symbol) != -1): null

2019-08-10 23:50:15 - [TEST_STEP][PASSED] - if (i == 3 &amp;&amp; wildList.indexOf(symbol) != -1): null

2019-08-10 23:50:15 - [TEST_STEP][PASSED] - if (i == 4 &amp;&amp; wildList.indexOf(symbol) != -1): null

2019-08-10 23:50:15 - [TEST_STEP][PASSED] - symbols = symbols: null

2019-08-10 23:50:15 - [TEST_STEP][PASSED] - for ([j = 0, j &lt; symbols.size(), (j++)]): null

2019-08-10 23:50:15 - [TEST_STEP][PASSED] - symbol = symbol: null

2019-08-10 23:50:15 - [TEST_STEP][PASSED] - println(symbol): null

2019-08-10 23:50:15 - [TEST_STEP][PASSED] - if (i == 2 &amp;&amp; wildList.indexOf(symbol) != -1): null

2019-08-10 23:50:15 - [TEST_STEP][PASSED] - if (i == 3 &amp;&amp; wildList.indexOf(symbol) != -1): null

2019-08-10 23:50:15 - [TEST_STEP][PASSED] - if (i == 4 &amp;&amp; wildList.indexOf(symbol) != -1): null

2019-08-10 23:50:15 - [TEST_STEP][PASSED] - symbol = symbol: null

2019-08-10 23:50:15 - [TEST_STEP][PASSED] - println(symbol): null

2019-08-10 23:50:15 - [TEST_STEP][PASSED] - if (i == 2 &amp;&amp; wildList.indexOf(symbol) != -1): null

2019-08-10 23:50:15 - [TEST_STEP][PASSED] - if (i == 3 &amp;&amp; wildList.indexOf(symbol) != -1): null

2019-08-10 23:50:15 - [TEST_STEP][PASSED] - if (i == 4 &amp;&amp; wildList.indexOf(symbol) != -1): null

2019-08-10 23:50:15 - [TEST_STEP][PASSED] - symbol = symbol: null

2019-08-10 23:50:15 - [TEST_STEP][PASSED] - println(symbol): null

2019-08-10 23:50:15 - [TEST_STEP][PASSED] - if (i == 2 &amp;&amp; wildList.indexOf(symbol) != -1): null

2019-08-10 23:50:15 - [TEST_STEP][PASSED] - if (i == 3 &amp;&amp; wildList.indexOf(symbol) != -1): null

2019-08-10 23:50:15 - [TEST_STEP][PASSED] - if (i == 4 &amp;&amp; wildList.indexOf(symbol) != -1): null

2019-08-10 23:50:15 - [TEST_STEP][PASSED] - symbols = symbols: null

2019-08-10 23:50:15 - [TEST_STEP][PASSED] - for ([j = 0, j &lt; symbols.size(), (j++)]): null

2019-08-10 23:50:15 - [TEST_STEP][PASSED] - symbol = symbol: null

2019-08-10 23:50:15 - [TEST_STEP][PASSED] - println(symbol): null

2019-08-10 23:50:15 - [TEST_STEP][PASSED] - if (i == 2 &amp;&amp; wildList.indexOf(symbol) != -1): null

2019-08-10 23:50:15 - [TEST_STEP][PASSED] - if (i == 3 &amp;&amp; wildList.indexOf(symbol) != -1): null

2019-08-10 23:50:15 - [TEST_STEP][PASSED] - if (i == 4 &amp;&amp; wildList.indexOf(symbol) != -1): null

2019-08-10 23:50:15 - [TEST_STEP][PASSED] - symbol = symbol: null

2019-08-10 23:50:15 - [TEST_STEP][PASSED] - println(symbol): null

2019-08-10 23:50:15 - [TEST_STEP][PASSED] - if (i == 2 &amp;&amp; wildList.indexOf(symbol) != -1): null

2019-08-10 23:50:15 - [TEST_STEP][PASSED] - if (i == 3 &amp;&amp; wildList.indexOf(symbol) != -1): null

2019-08-10 23:50:15 - [TEST_STEP][PASSED] - if (i == 4 &amp;&amp; wildList.indexOf(symbol) != -1): null

2019-08-10 23:50:15 - [TEST_STEP][PASSED] - symbol = symbol: null

2019-08-10 23:50:15 - [TEST_STEP][PASSED] - println(symbol): null

2019-08-10 23:50:15 - [TEST_STEP][PASSED] - if (i == 2 &amp;&amp; wildList.indexOf(symbol) != -1): null

2019-08-10 23:50:15 - [TEST_STEP][PASSED] - if (i == 3 &amp;&amp; wildList.indexOf(symbol) != -1): null

2019-08-10 23:50:15 - [TEST_STEP][PASSED] - if (i == 4 &amp;&amp; wildList.indexOf(symbol) != -1): null

2019-08-10 23:50:15 - [TEST_STEP][PASSED] - free_spin_reel_counter = free_spin_reel_counter: null

2019-08-10 23:50:15 - [TEST_STEP][PASSED] - println("reel 3 wild found: " + free_spin_reel_counter[0]): null

2019-08-10 23:50:15 - [TEST_STEP][PASSED] - println("reel 4 wild found: " + free_spin_reel_counter[1]): null

2019-08-10 23:50:15 - [TEST_STEP][PASSED] - println("reel 5 wild found: " + free_spin_reel_counter[2]): null

2019-08-10 23:50:15 - [TEST_STEP][PASSED] - M4_spin_reels = M4_spin_reels: null

2019-08-10 23:50:15 - [TEST_STEP][PASSED] - M4_spin_reels_symbols = symbol: null

2019-08-10 23:50:15 - [TEST_STEP][PASSED] - M4_spin_reels_symbols = M4_spin_reels_symbols: null

2019-08-10 23:50:15 - [TEST_STEP][PASSED] - M4_spin_reel_wins = reel_wins: null

2019-08-10 23:50:15 - [TEST_STEP][PASSED] - M4_spin_reel_wins = M4_spin_reel_wins: null

2019-08-10 23:50:15 - [TEST_STEP][PASSED] - println("GlobalVariable.M4_spin_reel_wins is: " + M4_spin_reel_wins): null

2019-08-10 23:50:15 - [TEST_STEP][PASSED] - M4_spin_total_bonus_win_this_round = total_bonus_win_this_round: null

2019-08-10 23:50:15 - [TEST_STEP][PASSED] - M4_spin_total_bonus_win_this_round = M4_spin_total_bonus_win_this_round: null

2019-08-10 23:50:15 - [TEST_STEP][PASSED] - println("GlobalVariable.M4_spin_total_bonus_win_this_round is: " + M4_spin_total_bonus_win_this_round): null

2019-08-10 23:50:15 - [MESSAGE][PASSED] - Verify response successfully

2019-08-10 23:50:15 - [MESSAGE][PASSED] - Send request and verify the response successfully

2019-08-10 23:50:15 - [TEST_STEP][PASSED] - if (M4_total_bonus_spins_int != 0 &amp;&amp; M4_spin_reels_symbols[2].contains("WILD_ExtraFG") || M4_spin_reels_symbols[3].contains("WILD_ExtraFG")): null

2019-08-10 23:50:15 - [TEST_STEP][PASSED] - free_spin_reel_counter = free_spin_reel_counter: null

2019-08-10 23:50:15 - [TEST_STEP][PASSED] - M4_spin_reels_symbols = M4_spin_reels_symbols: null

2019-08-10 23:50:15 - [TEST_STEP][PASSED] - M4_total_bonus_spins = M4_total_bonus_spins: null

2019-08-10 23:50:15 - [TEST_STEP][PASSED] - spin_result = sendRequestAndVerify(findTestObject("RGS(M4)/1_M4_spin", ["M4_login_user_id":M4_login_user_id, "rgs_session_token":rgs_session_token, "partner":Partner])): Send request and verify the response successfully

2019-08-10 23:50:16 - [TEST_CASE][PASSED] - Start Test Case : Verification: Verification accomplished successfully

2019-08-10 23:50:16 - [TEST_STEP][PASSED] - request = getInstance().getCurrentRequest(): null

2019-08-10 23:50:16 - [TEST_STEP][PASSED] - response = getInstance().getCurrentResponse(): null

2019-08-10 23:50:16 - [TEST_STEP][PASSED] - verifyResponseStatusCode(response, 200): Verify response status code successfully

2019-08-10 23:50:16 - [MESSAGE][PASSED] - Verify response status code successfully

2019-08-10 23:50:16 - [TEST_STEP][PASSED] - getStatusCode()).isEqualTo(200): null

2019-08-10 23:50:16 - [TEST_STEP][PASSED] - newline = System.getProperty("line.separator"): null

2019-08-10 23:50:16 - [TEST_STEP][PASSED] - M4_spin = new groovy.json.JsonSlurper(): null

2019-08-10 23:50:16 - [TEST_STEP][PASSED] - result_M4_spin = M4_spin.parseText(response.getResponseBodyContent()): null

2019-08-10 23:50:16 - [TEST_STEP][PASSED] - M4_spin_current_balance = current_balance: null

2019-08-10 23:50:16 - [TEST_STEP][PASSED] - M4_spin_current_balance = M4_spin_current_balance: null

2019-08-10 23:50:16 - [TEST_STEP][PASSED] - M4_spin_transaction_id = causality: null

2019-08-10 23:50:16 - [TEST_STEP][PASSED] - M4_spin_transaction_id = M4_spin_transaction_id: null

2019-08-10 23:50:16 - [TEST_STEP][PASSED] - M4_spin_round_id = round_id: null

2019-08-10 23:50:16 - [TEST_STEP][PASSED] - M4_spin_round_id = M4_spin_round_id: null

2019-08-10 23:50:16 - [TEST_STEP][PASSED] - M4_spin_line_wins = line_wins: null

2019-08-10 23:50:16 - [TEST_STEP][PASSED] - M4_spin_line_wins = M4_spin_line_wins: null

2019-08-10 23:50:16 - [TEST_STEP][PASSED] - M4_total_bonus_spins_int = total_bonus_spins: null

2019-08-10 23:50:16 - [TEST_STEP][PASSED] - println("******M4_total_bonus_spins type is:*******" + newline + getClass().getName()): null

2019-08-10 23:50:16 - [TEST_STEP][PASSED] - M4_total_bonus_spins_int = M4_total_bonus_spins_int: null

2019-08-10 23:50:16 - [TEST_STEP][PASSED] - M4_total_bonus_spins = Integer.toString(M4_total_bonus_spins_int): null

2019-08-10 23:50:16 - [TEST_STEP][PASSED] - M4_total_bonus_spins = M4_total_bonus_spins: null

2019-08-10 23:50:16 - [TEST_STEP][PASSED] - println("M4_total_bonus_spins is:" + M4_total_bonus_spins): null

2019-08-10 23:50:16 - [TEST_STEP][PASSED] - M4_spin_bonus_data = bonus_data: null

2019-08-10 23:50:16 - [TEST_STEP][PASSED] - M4_spin_features_triggered = result_M4_spin: null

2019-08-10 23:50:16 - [TEST_STEP][PASSED] - wild = []: null

2019-08-10 23:50:16 - [TEST_STEP][PASSED] - wild[0] = "WILD_Expanding": null

2019-08-10 23:50:16 - [TEST_STEP][PASSED] - wild[1] = "WILD_Normal": null

2019-08-10 23:50:16 - [TEST_STEP][PASSED] - wild[2] = "WILD_Double": null

2019-08-10 23:50:16 - [TEST_STEP][PASSED] - wild[3] = "WILD_ExtraFG": null

2019-08-10 23:50:16 - [TEST_STEP][PASSED] - wild[4] = "WILD_Triple": null

2019-08-10 23:50:16 - [TEST_STEP][PASSED] - wildList = Arrays.asList(wild): null

2019-08-10 23:50:16 - [TEST_STEP][PASSED] - wildList = wildList: null

2019-08-10 23:50:16 - [TEST_STEP][PASSED] - free_spin_reel_counter = []: null

2019-08-10 23:50:16 - [TEST_STEP][PASSED] - free_spin_reel_counter[0] = 0: null

2019-08-10 23:50:16 - [TEST_STEP][PASSED] - free_spin_reel_counter[1] = 0: null

2019-08-10 23:50:16 - [TEST_STEP][PASSED] - free_spin_reel_counter[2] = 0: null

2019-08-10 23:50:16 - [TEST_STEP][PASSED] - M4_spin_reels = reels: null

2019-08-10 23:50:16 - [TEST_STEP][PASSED] - for ([i = 0, i &lt; M4_spin_reels.size(), (i++)]): null

2019-08-10 23:50:16 - [TEST_STEP][PASSED] - symbols = symbols: null

2019-08-10 23:50:16 - [TEST_STEP][PASSED] - for ([j = 0, j &lt; symbols.size(), (j++)]): null

2019-08-10 23:50:16 - [TEST_STEP][PASSED] - symbol = symbol: null

2019-08-10 23:50:16 - [TEST_STEP][PASSED] - println(symbol): null

2019-08-10 23:50:16 - [TEST_STEP][PASSED] - if (i == 2 &amp;&amp; wildList.indexOf(symbol) != -1): null

2019-08-10 23:50:16 - [TEST_STEP][PASSED] - if (i == 3 &amp;&amp; wildList.indexOf(symbol) != -1): null

2019-08-10 23:50:16 - [TEST_STEP][PASSED] - if (i == 4 &amp;&amp; wildList.indexOf(symbol) != -1): null

2019-08-10 23:50:16 - [TEST_STEP][PASSED] - symbol = symbol: null

2019-08-10 23:50:16 - [TEST_STEP][PASSED] - println(symbol): null

2019-08-10 23:50:16 - [TEST_STEP][PASSED] - if (i == 2 &amp;&amp; wildList.indexOf(symbol) != -1): null

2019-08-10 23:50:16 - [TEST_STEP][PASSED] - if (i == 3 &amp;&amp; wildList.indexOf(symbol) != -1): null

2019-08-10 23:50:16 - [TEST_STEP][PASSED] - if (i == 4 &amp;&amp; wildList.indexOf(symbol) != -1): null

2019-08-10 23:50:16 - [TEST_STEP][PASSED] - symbol = symbol: null

2019-08-10 23:50:16 - [TEST_STEP][PASSED] - println(symbol): null

2019-08-10 23:50:16 - [TEST_STEP][PASSED] - if (i == 2 &amp;&amp; wildList.indexOf(symbol) != -1): null

2019-08-10 23:50:16 - [TEST_STEP][PASSED] - if (i == 3 &amp;&amp; wildList.indexOf(symbol) != -1): null

2019-08-10 23:50:16 - [TEST_STEP][PASSED] - if (i == 4 &amp;&amp; wildList.indexOf(symbol) != -1): null

2019-08-10 23:50:16 - [TEST_STEP][PASSED] - symbols = symbols: null

2019-08-10 23:50:16 - [TEST_STEP][PASSED] - for ([j = 0, j &lt; symbols.size(), (j++)]): null

2019-08-10 23:50:16 - [TEST_STEP][PASSED] - symbol = symbol: null

2019-08-10 23:50:16 - [TEST_STEP][PASSED] - println(symbol): null

2019-08-10 23:50:16 - [TEST_STEP][PASSED] - if (i == 2 &amp;&amp; wildList.indexOf(symbol) != -1): null

2019-08-10 23:50:16 - [TEST_STEP][PASSED] - if (i == 3 &amp;&amp; wildList.indexOf(symbol) != -1): null

2019-08-10 23:50:16 - [TEST_STEP][PASSED] - if (i == 4 &amp;&amp; wildList.indexOf(symbol) != -1): null

2019-08-10 23:50:16 - [TEST_STEP][PASSED] - symbol = symbol: null

2019-08-10 23:50:16 - [TEST_STEP][PASSED] - println(symbol): null

2019-08-10 23:50:16 - [TEST_STEP][PASSED] - if (i == 2 &amp;&amp; wildList.indexOf(symbol) != -1): null

2019-08-10 23:50:16 - [TEST_STEP][PASSED] - if (i == 3 &amp;&amp; wildList.indexOf(symbol) != -1): null

2019-08-10 23:50:16 - [TEST_STEP][PASSED] - if (i == 4 &amp;&amp; wildList.indexOf(symbol) != -1): null

2019-08-10 23:50:16 - [TEST_STEP][PASSED] - symbol = symbol: null

2019-08-10 23:50:16 - [TEST_STEP][PASSED] - println(symbol): null

2019-08-10 23:50:16 - [TEST_STEP][PASSED] - if (i == 2 &amp;&amp; wildList.indexOf(symbol) != -1): null

2019-08-10 23:50:16 - [TEST_STEP][PASSED] - if (i == 3 &amp;&amp; wildList.indexOf(symbol) != -1): null

2019-08-10 23:50:16 - [TEST_STEP][PASSED] - if (i == 4 &amp;&amp; wildList.indexOf(symbol) != -1): null

2019-08-10 23:50:16 - [TEST_STEP][PASSED] - symbols = symbols: null

2019-08-10 23:50:16 - [TEST_STEP][PASSED] - for ([j = 0, j &lt; symbols.size(), (j++)]): null

2019-08-10 23:50:16 - [TEST_STEP][PASSED] - symbol = symbol: null

2019-08-10 23:50:16 - [TEST_STEP][PASSED] - println(symbol): null

2019-08-10 23:50:16 - [TEST_STEP][PASSED] - if (i == 2 &amp;&amp; wildList.indexOf(symbol) != -1): null

2019-08-10 23:50:16 - [TEST_STEP][PASSED] - if (i == 3 &amp;&amp; wildList.indexOf(symbol) != -1): null

2019-08-10 23:50:16 - [TEST_STEP][PASSED] - if (i == 4 &amp;&amp; wildList.indexOf(symbol) != -1): null

2019-08-10 23:50:16 - [TEST_STEP][PASSED] - symbol = symbol: null

2019-08-10 23:50:16 - [TEST_STEP][PASSED] - println(symbol): null

2019-08-10 23:50:16 - [TEST_STEP][PASSED] - if (i == 2 &amp;&amp; wildList.indexOf(symbol) != -1): null

2019-08-10 23:50:16 - [TEST_STEP][PASSED] - if (i == 3 &amp;&amp; wildList.indexOf(symbol) != -1): null

2019-08-10 23:50:16 - [TEST_STEP][PASSED] - if (i == 4 &amp;&amp; wildList.indexOf(symbol) != -1): null

2019-08-10 23:50:16 - [TEST_STEP][PASSED] - symbol = symbol: null

2019-08-10 23:50:16 - [TEST_STEP][PASSED] - println(symbol): null

2019-08-10 23:50:16 - [TEST_STEP][PASSED] - if (i == 2 &amp;&amp; wildList.indexOf(symbol) != -1): null

2019-08-10 23:50:16 - [TEST_STEP][PASSED] - println("wild found on reel 3, adding counter by 1"): null

2019-08-10 23:50:16 - [TEST_STEP][PASSED] - free_spin_reel_counter[0] = free_spin_reel_counter[0] + 1: null

2019-08-10 23:50:16 - [TEST_STEP][PASSED] - if (i == 3 &amp;&amp; wildList.indexOf(symbol) != -1): null

2019-08-10 23:50:16 - [TEST_STEP][PASSED] - if (i == 4 &amp;&amp; wildList.indexOf(symbol) != -1): null

2019-08-10 23:50:16 - [TEST_STEP][PASSED] - symbols = symbols: null

2019-08-10 23:50:16 - [TEST_STEP][PASSED] - for ([j = 0, j &lt; symbols.size(), (j++)]): null

2019-08-10 23:50:16 - [TEST_STEP][PASSED] - symbol = symbol: null

2019-08-10 23:50:16 - [TEST_STEP][PASSED] - println(symbol): null

2019-08-10 23:50:16 - [TEST_STEP][PASSED] - if (i == 2 &amp;&amp; wildList.indexOf(symbol) != -1): null

2019-08-10 23:50:16 - [TEST_STEP][PASSED] - if (i == 3 &amp;&amp; wildList.indexOf(symbol) != -1): null

2019-08-10 23:50:16 - [TEST_STEP][PASSED] - if (i == 4 &amp;&amp; wildList.indexOf(symbol) != -1): null

2019-08-10 23:50:16 - [TEST_STEP][PASSED] - symbol = symbol: null

2019-08-10 23:50:16 - [TEST_STEP][PASSED] - println(symbol): null

2019-08-10 23:50:16 - [TEST_STEP][PASSED] - if (i == 2 &amp;&amp; wildList.indexOf(symbol) != -1): null

2019-08-10 23:50:16 - [TEST_STEP][PASSED] - if (i == 3 &amp;&amp; wildList.indexOf(symbol) != -1): null

2019-08-10 23:50:16 - [TEST_STEP][PASSED] - if (i == 4 &amp;&amp; wildList.indexOf(symbol) != -1): null

2019-08-10 23:50:16 - [TEST_STEP][PASSED] - symbol = symbol: null

2019-08-10 23:50:16 - [TEST_STEP][PASSED] - println(symbol): null

2019-08-10 23:50:16 - [TEST_STEP][PASSED] - if (i == 2 &amp;&amp; wildList.indexOf(symbol) != -1): null

2019-08-10 23:50:16 - [TEST_STEP][PASSED] - if (i == 3 &amp;&amp; wildList.indexOf(symbol) != -1): null

2019-08-10 23:50:16 - [TEST_STEP][PASSED] - if (i == 4 &amp;&amp; wildList.indexOf(symbol) != -1): null

2019-08-10 23:50:16 - [TEST_STEP][PASSED] - symbols = symbols: null

2019-08-10 23:50:16 - [TEST_STEP][PASSED] - for ([j = 0, j &lt; symbols.size(), (j++)]): null

2019-08-10 23:50:16 - [TEST_STEP][PASSED] - symbol = symbol: null

2019-08-10 23:50:16 - [TEST_STEP][PASSED] - println(symbol): null

2019-08-10 23:50:16 - [TEST_STEP][PASSED] - if (i == 2 &amp;&amp; wildList.indexOf(symbol) != -1): null

2019-08-10 23:50:16 - [TEST_STEP][PASSED] - if (i == 3 &amp;&amp; wildList.indexOf(symbol) != -1): null

2019-08-10 23:50:16 - [TEST_STEP][PASSED] - if (i == 4 &amp;&amp; wildList.indexOf(symbol) != -1): null

2019-08-10 23:50:16 - [TEST_STEP][PASSED] - symbol = symbol: null

2019-08-10 23:50:16 - [TEST_STEP][PASSED] - println(symbol): null

2019-08-10 23:50:16 - [TEST_STEP][PASSED] - if (i == 2 &amp;&amp; wildList.indexOf(symbol) != -1): null

2019-08-10 23:50:16 - [TEST_STEP][PASSED] - if (i == 3 &amp;&amp; wildList.indexOf(symbol) != -1): null

2019-08-10 23:50:16 - [TEST_STEP][PASSED] - if (i == 4 &amp;&amp; wildList.indexOf(symbol) != -1): null

2019-08-10 23:50:16 - [TEST_STEP][PASSED] - symbol = symbol: null

2019-08-10 23:50:16 - [TEST_STEP][PASSED] - println(symbol): null

2019-08-10 23:50:16 - [TEST_STEP][PASSED] - if (i == 2 &amp;&amp; wildList.indexOf(symbol) != -1): null

2019-08-10 23:50:16 - [TEST_STEP][PASSED] - if (i == 3 &amp;&amp; wildList.indexOf(symbol) != -1): null

2019-08-10 23:50:16 - [TEST_STEP][PASSED] - if (i == 4 &amp;&amp; wildList.indexOf(symbol) != -1): null

2019-08-10 23:50:16 - [TEST_STEP][PASSED] - free_spin_reel_counter = free_spin_reel_counter: null

2019-08-10 23:50:16 - [TEST_STEP][PASSED] - println("reel 3 wild found: " + free_spin_reel_counter[0]): null

2019-08-10 23:50:16 - [TEST_STEP][PASSED] - println("reel 4 wild found: " + free_spin_reel_counter[1]): null

2019-08-10 23:50:16 - [TEST_STEP][PASSED] - println("reel 5 wild found: " + free_spin_reel_counter[2]): null

2019-08-10 23:50:16 - [TEST_STEP][PASSED] - M4_spin_reels = M4_spin_reels: null

2019-08-10 23:50:16 - [TEST_STEP][PASSED] - M4_spin_reels_symbols = symbol: null

2019-08-10 23:50:16 - [TEST_STEP][PASSED] - M4_spin_reels_symbols = M4_spin_reels_symbols: null

2019-08-10 23:50:16 - [TEST_STEP][PASSED] - M4_spin_reel_wins = reel_wins: null

2019-08-10 23:50:16 - [TEST_STEP][PASSED] - M4_spin_reel_wins = M4_spin_reel_wins: null

2019-08-10 23:50:16 - [TEST_STEP][PASSED] - println("GlobalVariable.M4_spin_reel_wins is: " + M4_spin_reel_wins): null

2019-08-10 23:50:16 - [TEST_STEP][PASSED] - M4_spin_total_bonus_win_this_round = total_bonus_win_this_round: null

2019-08-10 23:50:16 - [TEST_STEP][PASSED] - M4_spin_total_bonus_win_this_round = M4_spin_total_bonus_win_this_round: null

2019-08-10 23:50:16 - [TEST_STEP][PASSED] - println("GlobalVariable.M4_spin_total_bonus_win_this_round is: " + M4_spin_total_bonus_win_this_round): null

2019-08-10 23:50:16 - [MESSAGE][PASSED] - Verify response successfully

2019-08-10 23:50:16 - [MESSAGE][PASSED] - Send request and verify the response successfully

2019-08-10 23:50:16 - [TEST_STEP][PASSED] - if (M4_total_bonus_spins_int != 0 &amp;&amp; M4_spin_reels_symbols[2].contains("WILD_ExtraFG") || M4_spin_reels_symbols[3].contains("WILD_ExtraFG")): null

2019-08-10 23:50:16 - [TEST_STEP][PASSED] - free_spin_reel_counter = free_spin_reel_counter: null

2019-08-10 23:50:16 - [TEST_STEP][PASSED] - M4_spin_reels_symbols = M4_spin_reels_symbols: null

2019-08-10 23:50:16 - [TEST_STEP][PASSED] - M4_total_bonus_spins = M4_total_bonus_spins: null

2019-08-10 23:50:16 - [TEST_STEP][PASSED] - spin_result = sendRequestAndVerify(findTestObject("RGS(M4)/1_M4_spin", ["M4_login_user_id":M4_login_user_id, "rgs_session_token":rgs_session_token, "partner":Partner])): Send request and verify the response successfully

2019-08-10 23:50:16 - [TEST_CASE][PASSED] - Start Test Case : Verification: Verification accomplished successfully

2019-08-10 23:50:16 - [TEST_STEP][PASSED] - request = getInstance().getCurrentRequest(): null

2019-08-10 23:50:16 - [TEST_STEP][PASSED] - response = getInstance().getCurrentResponse(): null

2019-08-10 23:50:16 - [TEST_STEP][PASSED] - verifyResponseStatusCode(response, 200): Verify response status code successfully

2019-08-10 23:50:16 - [MESSAGE][PASSED] - Verify response status code successfully

2019-08-10 23:50:16 - [TEST_STEP][PASSED] - getStatusCode()).isEqualTo(200): null

2019-08-10 23:50:16 - [TEST_STEP][PASSED] - newline = System.getProperty("line.separator"): null

2019-08-10 23:50:16 - [TEST_STEP][PASSED] - M4_spin = new groovy.json.JsonSlurper(): null

2019-08-10 23:50:16 - [TEST_STEP][PASSED] - result_M4_spin = M4_spin.parseText(response.getResponseBodyContent()): null

2019-08-10 23:50:16 - [TEST_STEP][PASSED] - M4_spin_current_balance = current_balance: null

2019-08-10 23:50:16 - [TEST_STEP][PASSED] - M4_spin_current_balance = M4_spin_current_balance: null

2019-08-10 23:50:16 - [TEST_STEP][PASSED] - M4_spin_transaction_id = causality: null

2019-08-10 23:50:16 - [TEST_STEP][PASSED] - M4_spin_transaction_id = M4_spin_transaction_id: null

2019-08-10 23:50:16 - [TEST_STEP][PASSED] - M4_spin_round_id = round_id: null

2019-08-10 23:50:16 - [TEST_STEP][PASSED] - M4_spin_round_id = M4_spin_round_id: null

2019-08-10 23:50:16 - [TEST_STEP][PASSED] - M4_spin_line_wins = line_wins: null

2019-08-10 23:50:16 - [TEST_STEP][PASSED] - M4_spin_line_wins = M4_spin_line_wins: null

2019-08-10 23:50:16 - [TEST_STEP][PASSED] - M4_total_bonus_spins_int = total_bonus_spins: null

2019-08-10 23:50:16 - [TEST_STEP][PASSED] - println("******M4_total_bonus_spins type is:*******" + newline + getClass().getName()): null

2019-08-10 23:50:16 - [TEST_STEP][PASSED] - M4_total_bonus_spins_int = M4_total_bonus_spins_int: null

2019-08-10 23:50:16 - [TEST_STEP][PASSED] - M4_total_bonus_spins = Integer.toString(M4_total_bonus_spins_int): null

2019-08-10 23:50:16 - [TEST_STEP][PASSED] - M4_total_bonus_spins = M4_total_bonus_spins: null

2019-08-10 23:50:16 - [TEST_STEP][PASSED] - println("M4_total_bonus_spins is:" + M4_total_bonus_spins): null

2019-08-10 23:50:16 - [TEST_STEP][PASSED] - M4_spin_bonus_data = bonus_data: null

2019-08-10 23:50:16 - [TEST_STEP][PASSED] - M4_spin_features_triggered = result_M4_spin: null

2019-08-10 23:50:16 - [TEST_STEP][PASSED] - wild = []: null

2019-08-10 23:50:16 - [TEST_STEP][PASSED] - wild[0] = "WILD_Expanding": null

2019-08-10 23:50:16 - [TEST_STEP][PASSED] - wild[1] = "WILD_Normal": null

2019-08-10 23:50:16 - [TEST_STEP][PASSED] - wild[2] = "WILD_Double": null

2019-08-10 23:50:16 - [TEST_STEP][PASSED] - wild[3] = "WILD_ExtraFG": null

2019-08-10 23:50:16 - [TEST_STEP][PASSED] - wild[4] = "WILD_Triple": null

2019-08-10 23:50:16 - [TEST_STEP][PASSED] - wildList = Arrays.asList(wild): null

2019-08-10 23:50:16 - [TEST_STEP][PASSED] - wildList = wildList: null

2019-08-10 23:50:16 - [TEST_STEP][PASSED] - free_spin_reel_counter = []: null

2019-08-10 23:50:16 - [TEST_STEP][PASSED] - free_spin_reel_counter[0] = 0: null

2019-08-10 23:50:16 - [TEST_STEP][PASSED] - free_spin_reel_counter[1] = 0: null

2019-08-10 23:50:16 - [TEST_STEP][PASSED] - free_spin_reel_counter[2] = 0: null

2019-08-10 23:50:16 - [TEST_STEP][PASSED] - M4_spin_reels = reels: null

2019-08-10 23:50:16 - [TEST_STEP][PASSED] - for ([i = 0, i &lt; M4_spin_reels.size(), (i++)]): null

2019-08-10 23:50:16 - [TEST_STEP][PASSED] - symbols = symbols: null

2019-08-10 23:50:16 - [TEST_STEP][PASSED] - for ([j = 0, j &lt; symbols.size(), (j++)]): null

2019-08-10 23:50:16 - [TEST_STEP][PASSED] - symbol = symbol: null

2019-08-10 23:50:16 - [TEST_STEP][PASSED] - println(symbol): null

2019-08-10 23:50:16 - [TEST_STEP][PASSED] - if (i == 2 &amp;&amp; wildList.indexOf(symbol) != -1): null

2019-08-10 23:50:16 - [TEST_STEP][PASSED] - if (i == 3 &amp;&amp; wildList.indexOf(symbol) != -1): null

2019-08-10 23:50:16 - [TEST_STEP][PASSED] - if (i == 4 &amp;&amp; wildList.indexOf(symbol) != -1): null

2019-08-10 23:50:16 - [TEST_STEP][PASSED] - symbol = symbol: null

2019-08-10 23:50:16 - [TEST_STEP][PASSED] - println(symbol): null

2019-08-10 23:50:16 - [TEST_STEP][PASSED] - if (i == 2 &amp;&amp; wildList.indexOf(symbol) != -1): null

2019-08-10 23:50:16 - [TEST_STEP][PASSED] - if (i == 3 &amp;&amp; wildList.indexOf(symbol) != -1): null

2019-08-10 23:50:16 - [TEST_STEP][PASSED] - if (i == 4 &amp;&amp; wildList.indexOf(symbol) != -1): null

2019-08-10 23:50:16 - [TEST_STEP][PASSED] - symbol = symbol: null

2019-08-10 23:50:16 - [TEST_STEP][PASSED] - println(symbol): null

2019-08-10 23:50:16 - [TEST_STEP][PASSED] - if (i == 2 &amp;&amp; wildList.indexOf(symbol) != -1): null

2019-08-10 23:50:16 - [TEST_STEP][PASSED] - if (i == 3 &amp;&amp; wildList.indexOf(symbol) != -1): null

2019-08-10 23:50:16 - [TEST_STEP][PASSED] - if (i == 4 &amp;&amp; wildList.indexOf(symbol) != -1): null

2019-08-10 23:50:16 - [TEST_STEP][PASSED] - symbols = symbols: null

2019-08-10 23:50:16 - [TEST_STEP][PASSED] - for ([j = 0, j &lt; symbols.size(), (j++)]): null

2019-08-10 23:50:16 - [TEST_STEP][PASSED] - symbol = symbol: null

2019-08-10 23:50:16 - [TEST_STEP][PASSED] - println(symbol): null

2019-08-10 23:50:16 - [TEST_STEP][PASSED] - if (i == 2 &amp;&amp; wildList.indexOf(symbol) != -1): null

2019-08-10 23:50:16 - [TEST_STEP][PASSED] - if (i == 3 &amp;&amp; wildList.indexOf(symbol) != -1): null

2019-08-10 23:50:16 - [TEST_STEP][PASSED] - if (i == 4 &amp;&amp; wildList.indexOf(symbol) != -1): null

2019-08-10 23:50:16 - [TEST_STEP][PASSED] - symbol = symbol: null

2019-08-10 23:50:16 - [TEST_STEP][PASSED] - println(symbol): null

2019-08-10 23:50:16 - [TEST_STEP][PASSED] - if (i == 2 &amp;&amp; wildList.indexOf(symbol) != -1): null

2019-08-10 23:50:16 - [TEST_STEP][PASSED] - if (i == 3 &amp;&amp; wildList.indexOf(symbol) != -1): null

2019-08-10 23:50:16 - [TEST_STEP][PASSED] - if (i == 4 &amp;&amp; wildList.indexOf(symbol) != -1): null

2019-08-10 23:50:16 - [TEST_STEP][PASSED] - symbol = symbol: null

2019-08-10 23:50:16 - [TEST_STEP][PASSED] - println(symbol): null

2019-08-10 23:50:16 - [TEST_STEP][PASSED] - if (i == 2 &amp;&amp; wildList.indexOf(symbol) != -1): null

2019-08-10 23:50:16 - [TEST_STEP][PASSED] - if (i == 3 &amp;&amp; wildList.indexOf(symbol) != -1): null

2019-08-10 23:50:16 - [TEST_STEP][PASSED] - if (i == 4 &amp;&amp; wildList.indexOf(symbol) != -1): null

2019-08-10 23:50:16 - [TEST_STEP][PASSED] - symbols = symbols: null

2019-08-10 23:50:16 - [TEST_STEP][PASSED] - for ([j = 0, j &lt; symbols.size(), (j++)]): null

2019-08-10 23:50:16 - [TEST_STEP][PASSED] - symbol = symbol: null

2019-08-10 23:50:16 - [TEST_STEP][PASSED] - println(symbol): null

2019-08-10 23:50:16 - [TEST_STEP][PASSED] - if (i == 2 &amp;&amp; wildList.indexOf(symbol) != -1): null

2019-08-10 23:50:16 - [TEST_STEP][PASSED] - println("wild found on reel 3, adding counter by 1"): null

2019-08-10 23:50:16 - [TEST_STEP][PASSED] - free_spin_reel_counter[0] = free_spin_reel_counter[0] + 1: null

2019-08-10 23:50:16 - [TEST_STEP][PASSED] - if (i == 3 &amp;&amp; wildList.indexOf(symbol) != -1): null

2019-08-10 23:50:16 - [TEST_STEP][PASSED] - if (i == 4 &amp;&amp; wildList.indexOf(symbol) != -1): null

2019-08-10 23:50:16 - [TEST_STEP][PASSED] - symbol = symbol: null

2019-08-10 23:50:16 - [TEST_STEP][PASSED] - println(symbol): null

2019-08-10 23:50:16 - [TEST_STEP][PASSED] - if (i == 2 &amp;&amp; wildList.indexOf(symbol) != -1): null

2019-08-10 23:50:16 - [TEST_STEP][PASSED] - if (i == 3 &amp;&amp; wildList.indexOf(symbol) != -1): null

2019-08-10 23:50:16 - [TEST_STEP][PASSED] - if (i == 4 &amp;&amp; wildList.indexOf(symbol) != -1): null

2019-08-10 23:50:16 - [TEST_STEP][PASSED] - symbol = symbol: null

2019-08-10 23:50:16 - [TEST_STEP][PASSED] - println(symbol): null

2019-08-10 23:50:16 - [TEST_STEP][PASSED] - if (i == 2 &amp;&amp; wildList.indexOf(symbol) != -1): null

2019-08-10 23:50:16 - [TEST_STEP][PASSED] - if (i == 3 &amp;&amp; wildList.indexOf(symbol) != -1): null

2019-08-10 23:50:16 - [TEST_STEP][PASSED] - if (i == 4 &amp;&amp; wildList.indexOf(symbol) != -1): null

2019-08-10 23:50:16 - [TEST_STEP][PASSED] - symbols = symbols: null

2019-08-10 23:50:16 - [TEST_STEP][PASSED] - for ([j = 0, j &lt; symbols.size(), (j++)]): null

2019-08-10 23:50:16 - [TEST_STEP][PASSED] - symbol = symbol: null

2019-08-10 23:50:16 - [TEST_STEP][PASSED] - println(symbol): null

2019-08-10 23:50:16 - [TEST_STEP][PASSED] - if (i == 2 &amp;&amp; wildList.indexOf(symbol) != -1): null

2019-08-10 23:50:16 - [TEST_STEP][PASSED] - if (i == 3 &amp;&amp; wildList.indexOf(symbol) != -1): null

2019-08-10 23:50:16 - [TEST_STEP][PASSED] - if (i == 4 &amp;&amp; wildList.indexOf(symbol) != -1): null

2019-08-10 23:50:16 - [TEST_STEP][PASSED] - symbol = symbol: null

2019-08-10 23:50:16 - [TEST_STEP][PASSED] - println(symbol): null

2019-08-10 23:50:16 - [TEST_STEP][PASSED] - if (i == 2 &amp;&amp; wildList.indexOf(symbol) != -1): null

2019-08-10 23:50:16 - [TEST_STEP][PASSED] - if (i == 3 &amp;&amp; wildList.indexOf(symbol) != -1): null

2019-08-10 23:50:16 - [TEST_STEP][PASSED] - if (i == 4 &amp;&amp; wildList.indexOf(symbol) != -1): null

2019-08-10 23:50:16 - [TEST_STEP][PASSED] - symbol = symbol: null

2019-08-10 23:50:16 - [TEST_STEP][PASSED] - println(symbol): null

2019-08-10 23:50:16 - [TEST_STEP][PASSED] - if (i == 2 &amp;&amp; wildList.indexOf(symbol) != -1): null

2019-08-10 23:50:16 - [TEST_STEP][PASSED] - if (i == 3 &amp;&amp; wildList.indexOf(symbol) != -1): null

2019-08-10 23:50:16 - [TEST_STEP][PASSED] - if (i == 4 &amp;&amp; wildList.indexOf(symbol) != -1): null

2019-08-10 23:50:16 - [TEST_STEP][PASSED] - symbols = symbols: null

2019-08-10 23:50:16 - [TEST_STEP][PASSED] - for ([j = 0, j &lt; symbols.size(), (j++)]): null

2019-08-10 23:50:16 - [TEST_STEP][PASSED] - symbol = symbol: null

2019-08-10 23:50:16 - [TEST_STEP][PASSED] - println(symbol): null

2019-08-10 23:50:16 - [TEST_STEP][PASSED] - if (i == 2 &amp;&amp; wildList.indexOf(symbol) != -1): null

2019-08-10 23:50:16 - [TEST_STEP][PASSED] - if (i == 3 &amp;&amp; wildList.indexOf(symbol) != -1): null

2019-08-10 23:50:16 - [TEST_STEP][PASSED] - if (i == 4 &amp;&amp; wildList.indexOf(symbol) != -1): null

2019-08-10 23:50:16 - [TEST_STEP][PASSED] - symbol = symbol: null

2019-08-10 23:50:16 - [TEST_STEP][PASSED] - println(symbol): null

2019-08-10 23:50:16 - [TEST_STEP][PASSED] - if (i == 2 &amp;&amp; wildList.indexOf(symbol) != -1): null

2019-08-10 23:50:16 - [TEST_STEP][PASSED] - if (i == 3 &amp;&amp; wildList.indexOf(symbol) != -1): null

2019-08-10 23:50:16 - [TEST_STEP][PASSED] - if (i == 4 &amp;&amp; wildList.indexOf(symbol) != -1): null

2019-08-10 23:50:16 - [TEST_STEP][PASSED] - println("wild found on reel 5, adding counter by 1"): null

2019-08-10 23:50:16 - [TEST_STEP][PASSED] - free_spin_reel_counter[2] = free_spin_reel_counter[2] + 1: null

2019-08-10 23:50:16 - [TEST_STEP][PASSED] - symbol = symbol: null

2019-08-10 23:50:16 - [TEST_STEP][PASSED] - println(symbol): null

2019-08-10 23:50:16 - [TEST_STEP][PASSED] - if (i == 2 &amp;&amp; wildList.indexOf(symbol) != -1): null

2019-08-10 23:50:16 - [TEST_STEP][PASSED] - if (i == 3 &amp;&amp; wildList.indexOf(symbol) != -1): null

2019-08-10 23:50:16 - [TEST_STEP][PASSED] - if (i == 4 &amp;&amp; wildList.indexOf(symbol) != -1): null

2019-08-10 23:50:16 - [TEST_STEP][PASSED] - free_spin_reel_counter = free_spin_reel_counter: null

2019-08-10 23:50:16 - [TEST_STEP][PASSED] - println("reel 3 wild found: " + free_spin_reel_counter[0]): null

2019-08-10 23:50:16 - [TEST_STEP][PASSED] - println("reel 4 wild found: " + free_spin_reel_counter[1]): null

2019-08-10 23:50:16 - [TEST_STEP][PASSED] - println("reel 5 wild found: " + free_spin_reel_counter[2]): null

2019-08-10 23:50:16 - [TEST_STEP][PASSED] - M4_spin_reels = M4_spin_reels: null

2019-08-10 23:50:16 - [TEST_STEP][PASSED] - M4_spin_reels_symbols = symbol: null

2019-08-10 23:50:16 - [TEST_STEP][PASSED] - M4_spin_reels_symbols = M4_spin_reels_symbols: null

2019-08-10 23:50:16 - [TEST_STEP][PASSED] - M4_spin_reel_wins = reel_wins: null

2019-08-10 23:50:16 - [TEST_STEP][PASSED] - M4_spin_reel_wins = M4_spin_reel_wins: null

2019-08-10 23:50:19 - [TEST_STEP][PASSED] - println("GlobalVariable.M4_spin_reel_wins is: " + M4_spin_reel_wins): null

2019-08-10 23:50:19 - [TEST_STEP][PASSED] - M4_spin_total_bonus_win_this_round = total_bonus_win_this_round: null

2019-08-10 23:50:19 - [TEST_STEP][PASSED] - M4_spin_total_bonus_win_this_round = M4_spin_total_bonus_win_this_round: null

2019-08-10 23:50:19 - [TEST_STEP][PASSED] - println("GlobalVariable.M4_spin_total_bonus_win_this_round is: " + M4_spin_total_bonus_win_this_round): null

2019-08-10 23:50:19 - [MESSAGE][PASSED] - Verify response successfully

2019-08-10 23:50:19 - [MESSAGE][PASSED] - Send request and verify the response successfully

2019-08-10 23:50:19 - [TEST_STEP][PASSED] - if (M4_total_bonus_spins_int != 0 &amp;&amp; M4_spin_reels_symbols[2].contains("WILD_ExtraFG") || M4_spin_reels_symbols[3].contains("WILD_ExtraFG")): null

2019-08-10 23:50:19 - [TEST_STEP][PASSED] - free_spin_reel_counter = free_spin_reel_counter: null

2019-08-10 23:50:19 - [TEST_STEP][PASSED] - M4_spin_reels_symbols = M4_spin_reels_symbols: null

2019-08-10 23:50:19 - [TEST_STEP][PASSED] - M4_total_bonus_spins = M4_total_bonus_spins: null

2019-08-10 23:50:19 - [TEST_STEP][PASSED] - spin_result = sendRequestAndVerify(findTestObject("RGS(M4)/1_M4_spin", ["M4_login_user_id":M4_login_user_id, "rgs_session_token":rgs_session_token, "partner":Partner])): Send request and verify the response successfully

2019-08-10 23:50:19 - [TEST_CASE][PASSED] - Start Test Case : Verification: Verification accomplished successfully

2019-08-10 23:50:19 - [TEST_STEP][PASSED] - request = getInstance().getCurrentRequest(): null

2019-08-10 23:50:19 - [TEST_STEP][PASSED] - response = getInstance().getCurrentResponse(): null

2019-08-10 23:50:19 - [TEST_STEP][PASSED] - verifyResponseStatusCode(response, 200): Verify response status code successfully

2019-08-10 23:50:19 - [MESSAGE][PASSED] - Verify response status code successfully

2019-08-10 23:50:19 - [TEST_STEP][PASSED] - getStatusCode()).isEqualTo(200): null

2019-08-10 23:50:19 - [TEST_STEP][PASSED] - newline = System.getProperty("line.separator"): null

2019-08-10 23:50:19 - [TEST_STEP][PASSED] - M4_spin = new groovy.json.JsonSlurper(): null

2019-08-10 23:50:19 - [TEST_STEP][PASSED] - result_M4_spin = M4_spin.parseText(response.getResponseBodyContent()): null

2019-08-10 23:50:19 - [TEST_STEP][PASSED] - M4_spin_current_balance = current_balance: null

2019-08-10 23:50:19 - [TEST_STEP][PASSED] - M4_spin_current_balance = M4_spin_current_balance: null

2019-08-10 23:50:19 - [TEST_STEP][PASSED] - M4_spin_transaction_id = causality: null

2019-08-10 23:50:19 - [TEST_STEP][PASSED] - M4_spin_transaction_id = M4_spin_transaction_id: null

2019-08-10 23:50:19 - [TEST_STEP][PASSED] - M4_spin_round_id = round_id: null

2019-08-10 23:50:19 - [TEST_STEP][PASSED] - M4_spin_round_id = M4_spin_round_id: null

2019-08-10 23:50:19 - [TEST_STEP][PASSED] - M4_spin_line_wins = line_wins: null

2019-08-10 23:50:19 - [TEST_STEP][PASSED] - M4_spin_line_wins = M4_spin_line_wins: null

2019-08-10 23:50:19 - [TEST_STEP][PASSED] - M4_total_bonus_spins_int = total_bonus_spins: null

2019-08-10 23:50:19 - [TEST_STEP][PASSED] - println("******M4_total_bonus_spins type is:*******" + newline + getClass().getName()): null

2019-08-10 23:50:19 - [TEST_STEP][PASSED] - M4_total_bonus_spins_int = M4_total_bonus_spins_int: null

2019-08-10 23:50:19 - [TEST_STEP][PASSED] - M4_total_bonus_spins = Integer.toString(M4_total_bonus_spins_int): null

2019-08-10 23:50:19 - [TEST_STEP][PASSED] - M4_total_bonus_spins = M4_total_bonus_spins: null

2019-08-10 23:50:19 - [TEST_STEP][PASSED] - println("M4_total_bonus_spins is:" + M4_total_bonus_spins): null

2019-08-10 23:50:19 - [TEST_STEP][PASSED] - M4_spin_bonus_data = bonus_data: null

2019-08-10 23:50:19 - [TEST_STEP][PASSED] - M4_spin_features_triggered = result_M4_spin: null

2019-08-10 23:50:19 - [TEST_STEP][PASSED] - wild = []: null

2019-08-10 23:50:19 - [TEST_STEP][PASSED] - wild[0] = "WILD_Expanding": null

2019-08-10 23:50:19 - [TEST_STEP][PASSED] - wild[1] = "WILD_Normal": null

2019-08-10 23:50:19 - [TEST_STEP][PASSED] - wild[2] = "WILD_Double": null

2019-08-10 23:50:19 - [TEST_STEP][PASSED] - wild[3] = "WILD_ExtraFG": null

2019-08-10 23:50:19 - [TEST_STEP][PASSED] - wild[4] = "WILD_Triple": null

2019-08-10 23:50:19 - [TEST_STEP][PASSED] - wildList = Arrays.asList(wild): null

2019-08-10 23:50:19 - [TEST_STEP][PASSED] - wildList = wildList: null

2019-08-10 23:50:19 - [TEST_STEP][PASSED] - free_spin_reel_counter = []: null

2019-08-10 23:50:19 - [TEST_STEP][PASSED] - free_spin_reel_counter[0] = 0: null

2019-08-10 23:50:19 - [TEST_STEP][PASSED] - free_spin_reel_counter[1] = 0: null

2019-08-10 23:50:19 - [TEST_STEP][PASSED] - free_spin_reel_counter[2] = 0: null

2019-08-10 23:50:19 - [TEST_STEP][PASSED] - M4_spin_reels = reels: null

2019-08-10 23:50:19 - [TEST_STEP][PASSED] - for ([i = 0, i &lt; M4_spin_reels.size(), (i++)]): null

2019-08-10 23:50:19 - [TEST_STEP][PASSED] - symbols = symbols: null

2019-08-10 23:50:19 - [TEST_STEP][PASSED] - for ([j = 0, j &lt; symbols.size(), (j++)]): null

2019-08-10 23:50:19 - [TEST_STEP][PASSED] - symbol = symbol: null

2019-08-10 23:50:19 - [TEST_STEP][PASSED] - println(symbol): null

2019-08-10 23:50:19 - [TEST_STEP][PASSED] - if (i == 2 &amp;&amp; wildList.indexOf(symbol) != -1): null

2019-08-10 23:50:19 - [TEST_STEP][PASSED] - if (i == 3 &amp;&amp; wildList.indexOf(symbol) != -1): null

2019-08-10 23:50:19 - [TEST_STEP][PASSED] - if (i == 4 &amp;&amp; wildList.indexOf(symbol) != -1): null

2019-08-10 23:50:19 - [TEST_STEP][PASSED] - symbol = symbol: null

2019-08-10 23:50:19 - [TEST_STEP][PASSED] - println(symbol): null

2019-08-10 23:50:19 - [TEST_STEP][PASSED] - if (i == 2 &amp;&amp; wildList.indexOf(symbol) != -1): null

2019-08-10 23:50:19 - [TEST_STEP][PASSED] - if (i == 3 &amp;&amp; wildList.indexOf(symbol) != -1): null

2019-08-10 23:50:19 - [TEST_STEP][PASSED] - if (i == 4 &amp;&amp; wildList.indexOf(symbol) != -1): null

2019-08-10 23:50:19 - [TEST_STEP][PASSED] - symbol = symbol: null

2019-08-10 23:50:19 - [TEST_STEP][PASSED] - println(symbol): null

2019-08-10 23:50:19 - [TEST_STEP][PASSED] - if (i == 2 &amp;&amp; wildList.indexOf(symbol) != -1): null

2019-08-10 23:50:19 - [TEST_STEP][PASSED] - if (i == 3 &amp;&amp; wildList.indexOf(symbol) != -1): null

2019-08-10 23:50:19 - [TEST_STEP][PASSED] - if (i == 4 &amp;&amp; wildList.indexOf(symbol) != -1): null

2019-08-10 23:50:19 - [TEST_STEP][PASSED] - symbols = symbols: null

2019-08-10 23:50:19 - [TEST_STEP][PASSED] - for ([j = 0, j &lt; symbols.size(), (j++)]): null

2019-08-10 23:50:19 - [TEST_STEP][PASSED] - symbol = symbol: null

2019-08-10 23:50:19 - [TEST_STEP][PASSED] - println(symbol): null

2019-08-10 23:50:19 - [TEST_STEP][PASSED] - if (i == 2 &amp;&amp; wildList.indexOf(symbol) != -1): null

2019-08-10 23:50:19 - [TEST_STEP][PASSED] - if (i == 3 &amp;&amp; wildList.indexOf(symbol) != -1): null

2019-08-10 23:50:19 - [TEST_STEP][PASSED] - if (i == 4 &amp;&amp; wildList.indexOf(symbol) != -1): null

2019-08-10 23:50:19 - [TEST_STEP][PASSED] - symbol = symbol: null

2019-08-10 23:50:19 - [TEST_STEP][PASSED] - println(symbol): null

2019-08-10 23:50:19 - [TEST_STEP][PASSED] - if (i == 2 &amp;&amp; wildList.indexOf(symbol) != -1): null

2019-08-10 23:50:19 - [TEST_STEP][PASSED] - if (i == 3 &amp;&amp; wildList.indexOf(symbol) != -1): null

2019-08-10 23:50:19 - [TEST_STEP][PASSED] - if (i == 4 &amp;&amp; wildList.indexOf(symbol) != -1): null

2019-08-10 23:50:19 - [TEST_STEP][PASSED] - symbol = symbol: null

2019-08-10 23:50:19 - [TEST_STEP][PASSED] - println(symbol): null

2019-08-10 23:50:19 - [TEST_STEP][PASSED] - if (i == 2 &amp;&amp; wildList.indexOf(symbol) != -1): null

2019-08-10 23:50:19 - [TEST_STEP][PASSED] - if (i == 3 &amp;&amp; wildList.indexOf(symbol) != -1): null

2019-08-10 23:50:19 - [TEST_STEP][PASSED] - if (i == 4 &amp;&amp; wildList.indexOf(symbol) != -1): null

2019-08-10 23:50:19 - [TEST_STEP][PASSED] - symbols = symbols: null

2019-08-10 23:50:19 - [TEST_STEP][PASSED] - for ([j = 0, j &lt; symbols.size(), (j++)]): null

2019-08-10 23:50:19 - [TEST_STEP][PASSED] - symbol = symbol: null

2019-08-10 23:50:19 - [TEST_STEP][PASSED] - println(symbol): null

2019-08-10 23:50:19 - [TEST_STEP][PASSED] - if (i == 2 &amp;&amp; wildList.indexOf(symbol) != -1): null

2019-08-10 23:50:19 - [TEST_STEP][PASSED] - if (i == 3 &amp;&amp; wildList.indexOf(symbol) != -1): null

2019-08-10 23:50:19 - [TEST_STEP][PASSED] - if (i == 4 &amp;&amp; wildList.indexOf(symbol) != -1): null

2019-08-10 23:50:19 - [TEST_STEP][PASSED] - symbol = symbol: null

2019-08-10 23:50:19 - [TEST_STEP][PASSED] - println(symbol): null

2019-08-10 23:50:19 - [TEST_STEP][PASSED] - if (i == 2 &amp;&amp; wildList.indexOf(symbol) != -1): null

2019-08-10 23:50:19 - [TEST_STEP][PASSED] - if (i == 3 &amp;&amp; wildList.indexOf(symbol) != -1): null

2019-08-10 23:50:19 - [TEST_STEP][PASSED] - if (i == 4 &amp;&amp; wildList.indexOf(symbol) != -1): null

2019-08-10 23:50:19 - [TEST_STEP][PASSED] - symbol = symbol: null

2019-08-10 23:50:19 - [TEST_STEP][PASSED] - println(symbol): null

2019-08-10 23:50:19 - [TEST_STEP][PASSED] - if (i == 2 &amp;&amp; wildList.indexOf(symbol) != -1): null

2019-08-10 23:50:19 - [TEST_STEP][PASSED] - if (i == 3 &amp;&amp; wildList.indexOf(symbol) != -1): null

2019-08-10 23:50:19 - [TEST_STEP][PASSED] - if (i == 4 &amp;&amp; wildList.indexOf(symbol) != -1): null

2019-08-10 23:50:19 - [TEST_STEP][PASSED] - symbols = symbols: null

2019-08-10 23:50:19 - [TEST_STEP][PASSED] - for ([j = 0, j &lt; symbols.size(), (j++)]): null

2019-08-10 23:50:19 - [TEST_STEP][PASSED] - symbol = symbol: null

2019-08-10 23:50:19 - [TEST_STEP][PASSED] - println(symbol): null

2019-08-10 23:50:19 - [TEST_STEP][PASSED] - if (i == 2 &amp;&amp; wildList.indexOf(symbol) != -1): null

2019-08-10 23:50:19 - [TEST_STEP][PASSED] - if (i == 3 &amp;&amp; wildList.indexOf(symbol) != -1): null

2019-08-10 23:50:19 - [TEST_STEP][PASSED] - if (i == 4 &amp;&amp; wildList.indexOf(symbol) != -1): null

2019-08-10 23:50:19 - [TEST_STEP][PASSED] - symbol = symbol: null

2019-08-10 23:50:19 - [TEST_STEP][PASSED] - println(symbol): null

2019-08-10 23:50:19 - [TEST_STEP][PASSED] - if (i == 2 &amp;&amp; wildList.indexOf(symbol) != -1): null

2019-08-10 23:50:19 - [TEST_STEP][PASSED] - if (i == 3 &amp;&amp; wildList.indexOf(symbol) != -1): null

2019-08-10 23:50:19 - [TEST_STEP][PASSED] - if (i == 4 &amp;&amp; wildList.indexOf(symbol) != -1): null

2019-08-10 23:50:19 - [TEST_STEP][PASSED] - symbol = symbol: null

2019-08-10 23:50:19 - [TEST_STEP][PASSED] - println(symbol): null

2019-08-10 23:50:19 - [TEST_STEP][PASSED] - if (i == 2 &amp;&amp; wildList.indexOf(symbol) != -1): null

2019-08-10 23:50:19 - [TEST_STEP][PASSED] - if (i == 3 &amp;&amp; wildList.indexOf(symbol) != -1): null

2019-08-10 23:50:19 - [TEST_STEP][PASSED] - if (i == 4 &amp;&amp; wildList.indexOf(symbol) != -1): null

2019-08-10 23:50:19 - [TEST_STEP][PASSED] - symbols = symbols: null

2019-08-10 23:50:19 - [TEST_STEP][PASSED] - for ([j = 0, j &lt; symbols.size(), (j++)]): null

2019-08-10 23:50:19 - [TEST_STEP][PASSED] - symbol = symbol: null

2019-08-10 23:50:19 - [TEST_STEP][PASSED] - println(symbol): null

2019-08-10 23:50:19 - [TEST_STEP][PASSED] - if (i == 2 &amp;&amp; wildList.indexOf(symbol) != -1): null

2019-08-10 23:50:19 - [TEST_STEP][PASSED] - if (i == 3 &amp;&amp; wildList.indexOf(symbol) != -1): null

2019-08-10 23:50:19 - [TEST_STEP][PASSED] - if (i == 4 &amp;&amp; wildList.indexOf(symbol) != -1): null

2019-08-10 23:50:19 - [TEST_STEP][PASSED] - symbol = symbol: null

2019-08-10 23:50:19 - [TEST_STEP][PASSED] - println(symbol): null

2019-08-10 23:50:19 - [TEST_STEP][PASSED] - if (i == 2 &amp;&amp; wildList.indexOf(symbol) != -1): null

2019-08-10 23:50:19 - [TEST_STEP][PASSED] - if (i == 3 &amp;&amp; wildList.indexOf(symbol) != -1): null

2019-08-10 23:50:19 - [TEST_STEP][PASSED] - if (i == 4 &amp;&amp; wildList.indexOf(symbol) != -1): null

2019-08-10 23:50:19 - [TEST_STEP][PASSED] - symbol = symbol: null

2019-08-10 23:50:19 - [TEST_STEP][PASSED] - println(symbol): null

2019-08-10 23:50:19 - [TEST_STEP][PASSED] - if (i == 2 &amp;&amp; wildList.indexOf(symbol) != -1): null

2019-08-10 23:50:19 - [TEST_STEP][PASSED] - if (i == 3 &amp;&amp; wildList.indexOf(symbol) != -1): null

2019-08-10 23:50:19 - [TEST_STEP][PASSED] - if (i == 4 &amp;&amp; wildList.indexOf(symbol) != -1): null

2019-08-10 23:50:19 - [TEST_STEP][PASSED] - free_spin_reel_counter = free_spin_reel_counter: null

2019-08-10 23:50:19 - [TEST_STEP][PASSED] - println("reel 3 wild found: " + free_spin_reel_counter[0]): null

2019-08-10 23:50:19 - [TEST_STEP][PASSED] - println("reel 4 wild found: " + free_spin_reel_counter[1]): null

2019-08-10 23:50:19 - [TEST_STEP][PASSED] - println("reel 5 wild found: " + free_spin_reel_counter[2]): null

2019-08-10 23:50:19 - [TEST_STEP][PASSED] - M4_spin_reels = M4_spin_reels: null

2019-08-10 23:50:19 - [TEST_STEP][PASSED] - M4_spin_reels_symbols = symbol: null

2019-08-10 23:50:19 - [TEST_STEP][PASSED] - M4_spin_reels_symbols = M4_spin_reels_symbols: null

2019-08-10 23:50:19 - [TEST_STEP][PASSED] - M4_spin_reel_wins = reel_wins: null

2019-08-10 23:50:19 - [TEST_STEP][PASSED] - M4_spin_reel_wins = M4_spin_reel_wins: null

2019-08-10 23:50:19 - [TEST_STEP][PASSED] - println("GlobalVariable.M4_spin_reel_wins is: " + M4_spin_reel_wins): null

2019-08-10 23:50:19 - [TEST_STEP][PASSED] - M4_spin_total_bonus_win_this_round = total_bonus_win_this_round: null

2019-08-10 23:50:19 - [TEST_STEP][PASSED] - M4_spin_total_bonus_win_this_round = M4_spin_total_bonus_win_this_round: null

2019-08-10 23:50:19 - [TEST_STEP][PASSED] - println("GlobalVariable.M4_spin_total_bonus_win_this_round is: " + M4_spin_total_bonus_win_this_round): null

2019-08-10 23:50:19 - [MESSAGE][PASSED] - Verify response successfully

2019-08-10 23:50:19 - [MESSAGE][PASSED] - Send request and verify the response successfully

2019-08-10 23:50:19 - [TEST_STEP][PASSED] - if (M4_total_bonus_spins_int != 0 &amp;&amp; M4_spin_reels_symbols[2].contains("WILD_ExtraFG") || M4_spin_reels_symbols[3].contains("WILD_ExtraFG")): null

2019-08-10 23:50:19 - [TEST_STEP][PASSED] - free_spin_reel_counter = free_spin_reel_counter: null

2019-08-10 23:50:19 - [TEST_STEP][PASSED] - M4_spin_reels_symbols = M4_spin_reels_symbols: null

2019-08-10 23:50:19 - [TEST_STEP][PASSED] - M4_total_bonus_spins = M4_total_bonus_spins: null

2019-08-10 23:50:19 - [TEST_STEP][PASSED] - spin_result = sendRequestAndVerify(findTestObject("RGS(M4)/1_M4_spin", ["M4_login_user_id":M4_login_user_id, "rgs_session_token":rgs_session_token, "partner":Partner])): Send request and verify the response successfully

2019-08-10 23:50:20 - [TEST_CASE][PASSED] - Start Test Case : Verification: Verification accomplished successfully

2019-08-10 23:50:20 - [TEST_STEP][PASSED] - request = getInstance().getCurrentRequest(): null

2019-08-10 23:50:20 - [TEST_STEP][PASSED] - response = getInstance().getCurrentResponse(): null

2019-08-10 23:50:20 - [TEST_STEP][PASSED] - verifyResponseStatusCode(response, 200): Verify response status code successfully

2019-08-10 23:50:20 - [MESSAGE][PASSED] - Verify response status code successfully

2019-08-10 23:50:20 - [TEST_STEP][PASSED] - getStatusCode()).isEqualTo(200): null

2019-08-10 23:50:20 - [TEST_STEP][PASSED] - newline = System.getProperty("line.separator"): null

2019-08-10 23:50:20 - [TEST_STEP][PASSED] - M4_spin = new groovy.json.JsonSlurper(): null

2019-08-10 23:50:20 - [TEST_STEP][PASSED] - result_M4_spin = M4_spin.parseText(response.getResponseBodyContent()): null

2019-08-10 23:50:20 - [TEST_STEP][PASSED] - M4_spin_current_balance = current_balance: null

2019-08-10 23:50:20 - [TEST_STEP][PASSED] - M4_spin_current_balance = M4_spin_current_balance: null

2019-08-10 23:50:20 - [TEST_STEP][PASSED] - M4_spin_transaction_id = causality: null

2019-08-10 23:50:20 - [TEST_STEP][PASSED] - M4_spin_transaction_id = M4_spin_transaction_id: null

2019-08-10 23:50:20 - [TEST_STEP][PASSED] - M4_spin_round_id = round_id: null

2019-08-10 23:50:20 - [TEST_STEP][PASSED] - M4_spin_round_id = M4_spin_round_id: null

2019-08-10 23:50:20 - [TEST_STEP][PASSED] - M4_spin_line_wins = line_wins: null

2019-08-10 23:50:20 - [TEST_STEP][PASSED] - M4_spin_line_wins = M4_spin_line_wins: null

2019-08-10 23:50:20 - [TEST_STEP][PASSED] - M4_total_bonus_spins_int = total_bonus_spins: null

2019-08-10 23:50:20 - [TEST_STEP][PASSED] - println("******M4_total_bonus_spins type is:*******" + newline + getClass().getName()): null

2019-08-10 23:50:20 - [TEST_STEP][PASSED] - M4_total_bonus_spins_int = M4_total_bonus_spins_int: null

2019-08-10 23:50:20 - [TEST_STEP][PASSED] - M4_total_bonus_spins = Integer.toString(M4_total_bonus_spins_int): null

2019-08-10 23:50:20 - [TEST_STEP][PASSED] - M4_total_bonus_spins = M4_total_bonus_spins: null

2019-08-10 23:50:20 - [TEST_STEP][PASSED] - println("M4_total_bonus_spins is:" + M4_total_bonus_spins): null

2019-08-10 23:50:20 - [TEST_STEP][PASSED] - M4_spin_bonus_data = bonus_data: null

2019-08-10 23:50:20 - [TEST_STEP][PASSED] - M4_spin_features_triggered = result_M4_spin: null

2019-08-10 23:50:20 - [TEST_STEP][PASSED] - wild = []: null

2019-08-10 23:50:20 - [TEST_STEP][PASSED] - wild[0] = "WILD_Expanding": null

2019-08-10 23:50:20 - [TEST_STEP][PASSED] - wild[1] = "WILD_Normal": null

2019-08-10 23:50:20 - [TEST_STEP][PASSED] - wild[2] = "WILD_Double": null

2019-08-10 23:50:20 - [TEST_STEP][PASSED] - wild[3] = "WILD_ExtraFG": null

2019-08-10 23:50:20 - [TEST_STEP][PASSED] - wild[4] = "WILD_Triple": null

2019-08-10 23:50:20 - [TEST_STEP][PASSED] - wildList = Arrays.asList(wild): null

2019-08-10 23:50:20 - [TEST_STEP][PASSED] - wildList = wildList: null

2019-08-10 23:50:20 - [TEST_STEP][PASSED] - free_spin_reel_counter = []: null

2019-08-10 23:50:20 - [TEST_STEP][PASSED] - free_spin_reel_counter[0] = 0: null

2019-08-10 23:50:20 - [TEST_STEP][PASSED] - free_spin_reel_counter[1] = 0: null

2019-08-10 23:50:20 - [TEST_STEP][PASSED] - free_spin_reel_counter[2] = 0: null

2019-08-10 23:50:20 - [TEST_STEP][PASSED] - M4_spin_reels = reels: null

2019-08-10 23:50:20 - [TEST_STEP][PASSED] - for ([i = 0, i &lt; M4_spin_reels.size(), (i++)]): null

2019-08-10 23:50:20 - [TEST_STEP][PASSED] - symbols = symbols: null

2019-08-10 23:50:20 - [TEST_STEP][PASSED] - for ([j = 0, j &lt; symbols.size(), (j++)]): null

2019-08-10 23:50:20 - [TEST_STEP][PASSED] - symbol = symbol: null

2019-08-10 23:50:20 - [TEST_STEP][PASSED] - println(symbol): null

2019-08-10 23:50:20 - [TEST_STEP][PASSED] - if (i == 2 &amp;&amp; wildList.indexOf(symbol) != -1): null

2019-08-10 23:50:20 - [TEST_STEP][PASSED] - if (i == 3 &amp;&amp; wildList.indexOf(symbol) != -1): null

2019-08-10 23:50:20 - [TEST_STEP][PASSED] - if (i == 4 &amp;&amp; wildList.indexOf(symbol) != -1): null

2019-08-10 23:50:20 - [TEST_STEP][PASSED] - symbol = symbol: null

2019-08-10 23:50:20 - [TEST_STEP][PASSED] - println(symbol): null

2019-08-10 23:50:20 - [TEST_STEP][PASSED] - if (i == 2 &amp;&amp; wildList.indexOf(symbol) != -1): null

2019-08-10 23:50:20 - [TEST_STEP][PASSED] - if (i == 3 &amp;&amp; wildList.indexOf(symbol) != -1): null

2019-08-10 23:50:20 - [TEST_STEP][PASSED] - if (i == 4 &amp;&amp; wildList.indexOf(symbol) != -1): null

2019-08-10 23:50:20 - [TEST_STEP][PASSED] - symbol = symbol: null

2019-08-10 23:50:20 - [TEST_STEP][PASSED] - println(symbol): null

2019-08-10 23:50:20 - [TEST_STEP][PASSED] - if (i == 2 &amp;&amp; wildList.indexOf(symbol) != -1): null

2019-08-10 23:50:20 - [TEST_STEP][PASSED] - if (i == 3 &amp;&amp; wildList.indexOf(symbol) != -1): null

2019-08-10 23:50:20 - [TEST_STEP][PASSED] - if (i == 4 &amp;&amp; wildList.indexOf(symbol) != -1): null

2019-08-10 23:50:20 - [TEST_STEP][PASSED] - symbols = symbols: null

2019-08-10 23:50:20 - [TEST_STEP][PASSED] - for ([j = 0, j &lt; symbols.size(), (j++)]): null

2019-08-10 23:50:20 - [TEST_STEP][PASSED] - symbol = symbol: null

2019-08-10 23:50:20 - [TEST_STEP][PASSED] - println(symbol): null

2019-08-10 23:50:20 - [TEST_STEP][PASSED] - if (i == 2 &amp;&amp; wildList.indexOf(symbol) != -1): null

2019-08-10 23:50:20 - [TEST_STEP][PASSED] - if (i == 3 &amp;&amp; wildList.indexOf(symbol) != -1): null

2019-08-10 23:50:20 - [TEST_STEP][PASSED] - if (i == 4 &amp;&amp; wildList.indexOf(symbol) != -1): null

2019-08-10 23:50:20 - [TEST_STEP][PASSED] - symbol = symbol: null

2019-08-10 23:50:20 - [TEST_STEP][PASSED] - println(symbol): null

2019-08-10 23:50:20 - [TEST_STEP][PASSED] - if (i == 2 &amp;&amp; wildList.indexOf(symbol) != -1): null

2019-08-10 23:50:20 - [TEST_STEP][PASSED] - if (i == 3 &amp;&amp; wildList.indexOf(symbol) != -1): null

2019-08-10 23:50:20 - [TEST_STEP][PASSED] - if (i == 4 &amp;&amp; wildList.indexOf(symbol) != -1): null

2019-08-10 23:50:20 - [TEST_STEP][PASSED] - symbol = symbol: null

2019-08-10 23:50:20 - [TEST_STEP][PASSED] - println(symbol): null

2019-08-10 23:50:20 - [TEST_STEP][PASSED] - if (i == 2 &amp;&amp; wildList.indexOf(symbol) != -1): null

2019-08-10 23:50:20 - [TEST_STEP][PASSED] - if (i == 3 &amp;&amp; wildList.indexOf(symbol) != -1): null

2019-08-10 23:50:20 - [TEST_STEP][PASSED] - if (i == 4 &amp;&amp; wildList.indexOf(symbol) != -1): null

2019-08-10 23:50:20 - [TEST_STEP][PASSED] - symbols = symbols: null

2019-08-10 23:50:20 - [TEST_STEP][PASSED] - for ([j = 0, j &lt; symbols.size(), (j++)]): null

2019-08-10 23:50:20 - [TEST_STEP][PASSED] - symbol = symbol: null

2019-08-10 23:50:20 - [TEST_STEP][PASSED] - println(symbol): null

2019-08-10 23:50:20 - [TEST_STEP][PASSED] - if (i == 2 &amp;&amp; wildList.indexOf(symbol) != -1): null

2019-08-10 23:50:20 - [TEST_STEP][PASSED] - println("wild found on reel 3, adding counter by 1"): null

2019-08-10 23:50:20 - [TEST_STEP][PASSED] - free_spin_reel_counter[0] = free_spin_reel_counter[0] + 1: null

2019-08-10 23:50:20 - [TEST_STEP][PASSED] - if (i == 3 &amp;&amp; wildList.indexOf(symbol) != -1): null

2019-08-10 23:50:20 - [TEST_STEP][PASSED] - if (i == 4 &amp;&amp; wildList.indexOf(symbol) != -1): null

2019-08-10 23:50:20 - [TEST_STEP][PASSED] - symbol = symbol: null

2019-08-10 23:50:20 - [TEST_STEP][PASSED] - println(symbol): null

2019-08-10 23:50:20 - [TEST_STEP][PASSED] - if (i == 2 &amp;&amp; wildList.indexOf(symbol) != -1): null

2019-08-10 23:50:20 - [TEST_STEP][PASSED] - if (i == 3 &amp;&amp; wildList.indexOf(symbol) != -1): null

2019-08-10 23:50:20 - [TEST_STEP][PASSED] - if (i == 4 &amp;&amp; wildList.indexOf(symbol) != -1): null

2019-08-10 23:50:20 - [TEST_STEP][PASSED] - symbol = symbol: null

2019-08-10 23:50:20 - [TEST_STEP][PASSED] - println(symbol): null

2019-08-10 23:50:20 - [TEST_STEP][PASSED] - if (i == 2 &amp;&amp; wildList.indexOf(symbol) != -1): null

2019-08-10 23:50:20 - [TEST_STEP][PASSED] - if (i == 3 &amp;&amp; wildList.indexOf(symbol) != -1): null

2019-08-10 23:50:20 - [TEST_STEP][PASSED] - if (i == 4 &amp;&amp; wildList.indexOf(symbol) != -1): null

2019-08-10 23:50:20 - [TEST_STEP][PASSED] - symbols = symbols: null

2019-08-10 23:50:20 - [TEST_STEP][PASSED] - for ([j = 0, j &lt; symbols.size(), (j++)]): null

2019-08-10 23:50:20 - [TEST_STEP][PASSED] - symbol = symbol: null

2019-08-10 23:50:20 - [TEST_STEP][PASSED] - println(symbol): null

2019-08-10 23:50:20 - [TEST_STEP][PASSED] - if (i == 2 &amp;&amp; wildList.indexOf(symbol) != -1): null

2019-08-10 23:50:20 - [TEST_STEP][PASSED] - if (i == 3 &amp;&amp; wildList.indexOf(symbol) != -1): null

2019-08-10 23:50:20 - [TEST_STEP][PASSED] - if (i == 4 &amp;&amp; wildList.indexOf(symbol) != -1): null

2019-08-10 23:50:20 - [TEST_STEP][PASSED] - symbol = symbol: null

2019-08-10 23:50:20 - [TEST_STEP][PASSED] - println(symbol): null

2019-08-10 23:50:20 - [TEST_STEP][PASSED] - if (i == 2 &amp;&amp; wildList.indexOf(symbol) != -1): null

2019-08-10 23:50:20 - [TEST_STEP][PASSED] - if (i == 3 &amp;&amp; wildList.indexOf(symbol) != -1): null

2019-08-10 23:50:20 - [TEST_STEP][PASSED] - if (i == 4 &amp;&amp; wildList.indexOf(symbol) != -1): null

2019-08-10 23:50:20 - [TEST_STEP][PASSED] - symbol = symbol: null

2019-08-10 23:50:20 - [TEST_STEP][PASSED] - println(symbol): null

2019-08-10 23:50:20 - [TEST_STEP][PASSED] - if (i == 2 &amp;&amp; wildList.indexOf(symbol) != -1): null

2019-08-10 23:50:20 - [TEST_STEP][PASSED] - if (i == 3 &amp;&amp; wildList.indexOf(symbol) != -1): null

2019-08-10 23:50:20 - [TEST_STEP][PASSED] - if (i == 4 &amp;&amp; wildList.indexOf(symbol) != -1): null

2019-08-10 23:50:20 - [TEST_STEP][PASSED] - symbols = symbols: null

2019-08-10 23:50:20 - [TEST_STEP][PASSED] - for ([j = 0, j &lt; symbols.size(), (j++)]): null

2019-08-10 23:50:20 - [TEST_STEP][PASSED] - symbol = symbol: null

2019-08-10 23:50:20 - [TEST_STEP][PASSED] - println(symbol): null

2019-08-10 23:50:20 - [TEST_STEP][PASSED] - if (i == 2 &amp;&amp; wildList.indexOf(symbol) != -1): null

2019-08-10 23:50:20 - [TEST_STEP][PASSED] - if (i == 3 &amp;&amp; wildList.indexOf(symbol) != -1): null

2019-08-10 23:50:20 - [TEST_STEP][PASSED] - if (i == 4 &amp;&amp; wildList.indexOf(symbol) != -1): null

2019-08-10 23:50:20 - [TEST_STEP][PASSED] - println("wild found on reel 5, adding counter by 1"): null

2019-08-10 23:50:20 - [TEST_STEP][PASSED] - free_spin_reel_counter[2] = free_spin_reel_counter[2] + 1: null

2019-08-10 23:50:20 - [TEST_STEP][PASSED] - symbol = symbol: null

2019-08-10 23:50:20 - [TEST_STEP][PASSED] - println(symbol): null

2019-08-10 23:50:20 - [TEST_STEP][PASSED] - if (i == 2 &amp;&amp; wildList.indexOf(symbol) != -1): null

2019-08-10 23:50:20 - [TEST_STEP][PASSED] - if (i == 3 &amp;&amp; wildList.indexOf(symbol) != -1): null

2019-08-10 23:50:20 - [TEST_STEP][PASSED] - if (i == 4 &amp;&amp; wildList.indexOf(symbol) != -1): null

2019-08-10 23:50:20 - [TEST_STEP][PASSED] - symbol = symbol: null

2019-08-10 23:50:20 - [TEST_STEP][PASSED] - println(symbol): null

2019-08-10 23:50:20 - [TEST_STEP][PASSED] - if (i == 2 &amp;&amp; wildList.indexOf(symbol) != -1): null

2019-08-10 23:50:20 - [TEST_STEP][PASSED] - if (i == 3 &amp;&amp; wildList.indexOf(symbol) != -1): null

2019-08-10 23:50:20 - [TEST_STEP][PASSED] - if (i == 4 &amp;&amp; wildList.indexOf(symbol) != -1): null

2019-08-10 23:50:20 - [TEST_STEP][PASSED] - free_spin_reel_counter = free_spin_reel_counter: null

2019-08-10 23:50:20 - [TEST_STEP][PASSED] - println("reel 3 wild found: " + free_spin_reel_counter[0]): null

2019-08-10 23:50:20 - [TEST_STEP][PASSED] - println("reel 4 wild found: " + free_spin_reel_counter[1]): null

2019-08-10 23:50:20 - [TEST_STEP][PASSED] - println("reel 5 wild found: " + free_spin_reel_counter[2]): null

2019-08-10 23:50:20 - [TEST_STEP][PASSED] - M4_spin_reels = M4_spin_reels: null

2019-08-10 23:50:20 - [TEST_STEP][PASSED] - M4_spin_reels_symbols = symbol: null

2019-08-10 23:50:20 - [TEST_STEP][PASSED] - M4_spin_reels_symbols = M4_spin_reels_symbols: null

2019-08-10 23:50:20 - [TEST_STEP][PASSED] - M4_spin_reel_wins = reel_wins: null

2019-08-10 23:50:20 - [TEST_STEP][PASSED] - M4_spin_reel_wins = M4_spin_reel_wins: null

2019-08-10 23:50:20 - [TEST_STEP][PASSED] - println("GlobalVariable.M4_spin_reel_wins is: " + M4_spin_reel_wins): null

2019-08-10 23:50:20 - [TEST_STEP][PASSED] - M4_spin_total_bonus_win_this_round = total_bonus_win_this_round: null

2019-08-10 23:50:20 - [TEST_STEP][PASSED] - M4_spin_total_bonus_win_this_round = M4_spin_total_bonus_win_this_round: null

2019-08-10 23:50:20 - [TEST_STEP][PASSED] - println("GlobalVariable.M4_spin_total_bonus_win_this_round is: " + M4_spin_total_bonus_win_this_round): null

2019-08-10 23:50:20 - [MESSAGE][PASSED] - Verify response successfully

2019-08-10 23:50:20 - [MESSAGE][PASSED] - Send request and verify the response successfully

2019-08-10 23:50:20 - [TEST_STEP][PASSED] - if (M4_total_bonus_spins_int != 0 &amp;&amp; M4_spin_reels_symbols[2].contains("WILD_ExtraFG") || M4_spin_reels_symbols[3].contains("WILD_ExtraFG")): null

2019-08-10 23:50:20 - [TEST_STEP][PASSED] - free_spin_reel_counter = free_spin_reel_counter: null

2019-08-10 23:50:20 - [TEST_STEP][PASSED] - M4_spin_reels_symbols = M4_spin_reels_symbols: null

2019-08-10 23:50:20 - [TEST_STEP][PASSED] - M4_total_bonus_spins = M4_total_bonus_spins: null

2019-08-10 23:50:20 - [TEST_STEP][PASSED] - spin_result = sendRequestAndVerify(findTestObject("RGS(M4)/1_M4_spin", ["M4_login_user_id":M4_login_user_id, "rgs_session_token":rgs_session_token, "partner":Partner])): Send request and verify the response successfully

2019-08-10 23:50:20 - [TEST_CASE][PASSED] - Start Test Case : Verification: Verification accomplished successfully

2019-08-10 23:50:20 - [TEST_STEP][PASSED] - request = getInstance().getCurrentRequest(): null

2019-08-10 23:50:20 - [TEST_STEP][PASSED] - response = getInstance().getCurrentResponse(): null

2019-08-10 23:50:20 - [TEST_STEP][PASSED] - verifyResponseStatusCode(response, 200): Verify response status code successfully

2019-08-10 23:50:20 - [MESSAGE][PASSED] - Verify response status code successfully

2019-08-10 23:50:20 - [TEST_STEP][PASSED] - getStatusCode()).isEqualTo(200): null

2019-08-10 23:50:20 - [TEST_STEP][PASSED] - newline = System.getProperty("line.separator"): null

2019-08-10 23:50:20 - [TEST_STEP][PASSED] - M4_spin = new groovy.json.JsonSlurper(): null

2019-08-10 23:50:20 - [TEST_STEP][PASSED] - result_M4_spin = M4_spin.parseText(response.getResponseBodyContent()): null

2019-08-10 23:50:20 - [TEST_STEP][PASSED] - M4_spin_current_balance = current_balance: null

2019-08-10 23:50:20 - [TEST_STEP][PASSED] - M4_spin_current_balance = M4_spin_current_balance: null

2019-08-10 23:50:20 - [TEST_STEP][PASSED] - M4_spin_transaction_id = causality: null

2019-08-10 23:50:20 - [TEST_STEP][PASSED] - M4_spin_transaction_id = M4_spin_transaction_id: null

2019-08-10 23:50:20 - [TEST_STEP][PASSED] - M4_spin_round_id = round_id: null

2019-08-10 23:50:20 - [TEST_STEP][PASSED] - M4_spin_round_id = M4_spin_round_id: null

2019-08-10 23:50:20 - [TEST_STEP][PASSED] - M4_spin_line_wins = line_wins: null

2019-08-10 23:50:20 - [TEST_STEP][PASSED] - M4_spin_line_wins = M4_spin_line_wins: null

2019-08-10 23:50:20 - [TEST_STEP][PASSED] - M4_total_bonus_spins_int = total_bonus_spins: null

2019-08-10 23:50:20 - [TEST_STEP][PASSED] - println("******M4_total_bonus_spins type is:*******" + newline + getClass().getName()): null

2019-08-10 23:50:20 - [TEST_STEP][PASSED] - M4_total_bonus_spins_int = M4_total_bonus_spins_int: null

2019-08-10 23:50:24 - [TEST_STEP][PASSED] - M4_total_bonus_spins = Integer.toString(M4_total_bonus_spins_int): null

2019-08-10 23:50:24 - [TEST_STEP][PASSED] - M4_total_bonus_spins = M4_total_bonus_spins: null

2019-08-10 23:50:24 - [TEST_STEP][PASSED] - println("M4_total_bonus_spins is:" + M4_total_bonus_spins): null

2019-08-10 23:50:24 - [TEST_STEP][PASSED] - M4_spin_bonus_data = bonus_data: null

2019-08-10 23:50:24 - [TEST_STEP][PASSED] - M4_spin_features_triggered = result_M4_spin: null

2019-08-10 23:50:24 - [TEST_STEP][PASSED] - wild = []: null

2019-08-10 23:50:24 - [TEST_STEP][PASSED] - wild[0] = "WILD_Expanding": null

2019-08-10 23:50:24 - [TEST_STEP][PASSED] - wild[1] = "WILD_Normal": null

2019-08-10 23:50:24 - [TEST_STEP][PASSED] - wild[2] = "WILD_Double": null

2019-08-10 23:50:24 - [TEST_STEP][PASSED] - wild[3] = "WILD_ExtraFG": null

2019-08-10 23:50:30 - [TEST_STEP][PASSED] - wild[4] = "WILD_Triple": null

2019-08-10 23:50:30 - [TEST_STEP][PASSED] - wildList = Arrays.asList(wild): null

2019-08-10 23:50:30 - [TEST_STEP][PASSED] - wildList = wildList: null

2019-08-10 23:50:30 - [TEST_STEP][PASSED] - free_spin_reel_counter = []: null

2019-08-10 23:50:30 - [TEST_STEP][PASSED] - free_spin_reel_counter[0] = 0: null

2019-08-10 23:50:30 - [TEST_STEP][PASSED] - free_spin_reel_counter[1] = 0: null

2019-08-10 23:50:35 - [TEST_STEP][PASSED] - free_spin_reel_counter[2] = 0: null

2019-08-10 23:50:35 - [TEST_STEP][PASSED] - M4_spin_reels = reels: null

2019-08-10 23:50:35 - [TEST_STEP][PASSED] - for ([i = 0, i &lt; M4_spin_reels.size(), (i++)]): null

2019-08-10 23:50:35 - [TEST_STEP][PASSED] - symbols = symbols: null

2019-08-10 23:50:35 - [TEST_STEP][PASSED] - for ([j = 0, j &lt; symbols.size(), (j++)]): null

2019-08-10 23:50:35 - [TEST_STEP][PASSED] - symbol = symbol: null

2019-08-10 23:50:35 - [TEST_STEP][PASSED] - println(symbol): null

2019-08-10 23:50:35 - [TEST_STEP][PASSED] - if (i == 2 &amp;&amp; wildList.indexOf(symbol) != -1): null

2019-08-10 23:50:35 - [TEST_STEP][PASSED] - if (i == 3 &amp;&amp; wildList.indexOf(symbol) != -1): null

2019-08-10 23:50:35 - [TEST_STEP][PASSED] - if (i == 4 &amp;&amp; wildList.indexOf(symbol) != -1): null

2019-08-10 23:50:35 - [TEST_STEP][PASSED] - symbol = symbol: null

2019-08-10 23:50:35 - [TEST_STEP][PASSED] - println(symbol): null

2019-08-10 23:50:35 - [TEST_STEP][PASSED] - if (i == 2 &amp;&amp; wildList.indexOf(symbol) != -1): null

2019-08-10 23:50:35 - [TEST_STEP][PASSED] - if (i == 3 &amp;&amp; wildList.indexOf(symbol) != -1): null

2019-08-10 23:50:35 - [TEST_STEP][PASSED] - if (i == 4 &amp;&amp; wildList.indexOf(symbol) != -1): null

2019-08-10 23:50:35 - [TEST_STEP][PASSED] - symbol = symbol: null

2019-08-10 23:50:35 - [TEST_STEP][PASSED] - println(symbol): null

2019-08-10 23:50:35 - [TEST_STEP][PASSED] - if (i == 2 &amp;&amp; wildList.indexOf(symbol) != -1): null

2019-08-10 23:50:35 - [TEST_STEP][PASSED] - if (i == 3 &amp;&amp; wildList.indexOf(symbol) != -1): null

2019-08-10 23:50:35 - [TEST_STEP][PASSED] - if (i == 4 &amp;&amp; wildList.indexOf(symbol) != -1): null

2019-08-10 23:50:35 - [TEST_STEP][PASSED] - symbols = symbols: null

2019-08-10 23:50:35 - [TEST_STEP][PASSED] - for ([j = 0, j &lt; symbols.size(), (j++)]): null

2019-08-10 23:50:35 - [TEST_STEP][PASSED] - symbol = symbol: null

2019-08-10 23:50:35 - [TEST_STEP][PASSED] - println(symbol): null

2019-08-10 23:50:35 - [TEST_STEP][PASSED] - if (i == 2 &amp;&amp; wildList.indexOf(symbol) != -1): null

2019-08-10 23:50:35 - [TEST_STEP][PASSED] - if (i == 3 &amp;&amp; wildList.indexOf(symbol) != -1): null

2019-08-10 23:50:35 - [TEST_STEP][PASSED] - if (i == 4 &amp;&amp; wildList.indexOf(symbol) != -1): null

2019-08-10 23:50:35 - [TEST_STEP][PASSED] - symbol = symbol: null

2019-08-10 23:50:35 - [TEST_STEP][PASSED] - println(symbol): null

2019-08-10 23:50:35 - [TEST_STEP][PASSED] - if (i == 2 &amp;&amp; wildList.indexOf(symbol) != -1): null

2019-08-10 23:50:35 - [TEST_STEP][PASSED] - if (i == 3 &amp;&amp; wildList.indexOf(symbol) != -1): null

2019-08-10 23:50:35 - [TEST_STEP][PASSED] - if (i == 4 &amp;&amp; wildList.indexOf(symbol) != -1): null

2019-08-10 23:50:35 - [TEST_STEP][PASSED] - symbol = symbol: null

2019-08-10 23:50:35 - [TEST_STEP][PASSED] - println(symbol): null

2019-08-10 23:50:35 - [TEST_STEP][PASSED] - if (i == 2 &amp;&amp; wildList.indexOf(symbol) != -1): null

2019-08-10 23:50:35 - [TEST_STEP][PASSED] - if (i == 3 &amp;&amp; wildList.indexOf(symbol) != -1): null

2019-08-10 23:50:35 - [TEST_STEP][PASSED] - if (i == 4 &amp;&amp; wildList.indexOf(symbol) != -1): null

2019-08-10 23:50:35 - [TEST_STEP][PASSED] - symbols = symbols: null

2019-08-10 23:50:35 - [TEST_STEP][PASSED] - for ([j = 0, j &lt; symbols.size(), (j++)]): null

2019-08-10 23:50:35 - [TEST_STEP][PASSED] - symbol = symbol: null

2019-08-10 23:50:35 - [TEST_STEP][PASSED] - println(symbol): null

2019-08-10 23:50:35 - [TEST_STEP][PASSED] - if (i == 2 &amp;&amp; wildList.indexOf(symbol) != -1): null

2019-08-10 23:50:35 - [TEST_STEP][PASSED] - if (i == 3 &amp;&amp; wildList.indexOf(symbol) != -1): null

2019-08-10 23:50:35 - [TEST_STEP][PASSED] - if (i == 4 &amp;&amp; wildList.indexOf(symbol) != -1): null

2019-08-10 23:50:35 - [TEST_STEP][PASSED] - symbol = symbol: null

2019-08-10 23:50:35 - [TEST_STEP][PASSED] - println(symbol): null

2019-08-10 23:50:35 - [TEST_STEP][PASSED] - if (i == 2 &amp;&amp; wildList.indexOf(symbol) != -1): null

2019-08-10 23:50:35 - [TEST_STEP][PASSED] - if (i == 3 &amp;&amp; wildList.indexOf(symbol) != -1): null

2019-08-10 23:50:35 - [TEST_STEP][PASSED] - if (i == 4 &amp;&amp; wildList.indexOf(symbol) != -1): null

2019-08-10 23:50:35 - [TEST_STEP][PASSED] - symbol = symbol: null

2019-08-10 23:50:35 - [TEST_STEP][PASSED] - println(symbol): null

2019-08-10 23:50:35 - [TEST_STEP][PASSED] - if (i == 2 &amp;&amp; wildList.indexOf(symbol) != -1): null

2019-08-10 23:50:35 - [TEST_STEP][PASSED] - println("wild found on reel 3, adding counter by 1"): null

2019-08-10 23:50:35 - [TEST_STEP][PASSED] - free_spin_reel_counter[0] = free_spin_reel_counter[0] + 1: null

2019-08-10 23:50:35 - [TEST_STEP][PASSED] - if (i == 3 &amp;&amp; wildList.indexOf(symbol) != -1): null

2019-08-10 23:50:35 - [TEST_STEP][PASSED] - if (i == 4 &amp;&amp; wildList.indexOf(symbol) != -1): null

2019-08-10 23:50:35 - [TEST_STEP][PASSED] - symbols = symbols: null

2019-08-10 23:50:35 - [TEST_STEP][PASSED] - for ([j = 0, j &lt; symbols.size(), (j++)]): null

2019-08-10 23:50:35 - [TEST_STEP][PASSED] - symbol = symbol: null

2019-08-10 23:50:35 - [TEST_STEP][PASSED] - println(symbol): null

2019-08-10 23:50:35 - [TEST_STEP][PASSED] - if (i == 2 &amp;&amp; wildList.indexOf(symbol) != -1): null

2019-08-10 23:50:35 - [TEST_STEP][PASSED] - if (i == 3 &amp;&amp; wildList.indexOf(symbol) != -1): null

2019-08-10 23:50:35 - [TEST_STEP][PASSED] - if (i == 4 &amp;&amp; wildList.indexOf(symbol) != -1): null

2019-08-10 23:50:35 - [TEST_STEP][PASSED] - symbol = symbol: null

2019-08-10 23:50:35 - [TEST_STEP][PASSED] - println(symbol): null

2019-08-10 23:50:35 - [TEST_STEP][PASSED] - if (i == 2 &amp;&amp; wildList.indexOf(symbol) != -1): null

2019-08-10 23:50:35 - [TEST_STEP][PASSED] - if (i == 3 &amp;&amp; wildList.indexOf(symbol) != -1): null

2019-08-10 23:50:35 - [TEST_STEP][PASSED] - if (i == 4 &amp;&amp; wildList.indexOf(symbol) != -1): null

2019-08-10 23:50:35 - [TEST_STEP][PASSED] - symbol = symbol: null

2019-08-10 23:50:35 - [TEST_STEP][PASSED] - println(symbol): null

2019-08-10 23:50:35 - [TEST_STEP][PASSED] - if (i == 2 &amp;&amp; wildList.indexOf(symbol) != -1): null

2019-08-10 23:50:35 - [TEST_STEP][PASSED] - if (i == 3 &amp;&amp; wildList.indexOf(symbol) != -1): null

2019-08-10 23:50:35 - [TEST_STEP][PASSED] - if (i == 4 &amp;&amp; wildList.indexOf(symbol) != -1): null

2019-08-10 23:50:35 - [TEST_STEP][PASSED] - symbols = symbols: null

2019-08-10 23:50:35 - [TEST_STEP][PASSED] - for ([j = 0, j &lt; symbols.size(), (j++)]): null

2019-08-10 23:50:35 - [TEST_STEP][PASSED] - symbol = symbol: null

2019-08-10 23:50:35 - [TEST_STEP][PASSED] - println(symbol): null

2019-08-10 23:50:35 - [TEST_STEP][PASSED] - if (i == 2 &amp;&amp; wildList.indexOf(symbol) != -1): null

2019-08-10 23:50:35 - [TEST_STEP][PASSED] - if (i == 3 &amp;&amp; wildList.indexOf(symbol) != -1): null

2019-08-10 23:50:35 - [TEST_STEP][PASSED] - if (i == 4 &amp;&amp; wildList.indexOf(symbol) != -1): null

2019-08-10 23:50:35 - [TEST_STEP][PASSED] - symbol = symbol: null

2019-08-10 23:50:35 - [TEST_STEP][PASSED] - println(symbol): null

2019-08-10 23:50:35 - [TEST_STEP][PASSED] - if (i == 2 &amp;&amp; wildList.indexOf(symbol) != -1): null

2019-08-10 23:50:35 - [TEST_STEP][PASSED] - if (i == 3 &amp;&amp; wildList.indexOf(symbol) != -1): null

2019-08-10 23:50:35 - [TEST_STEP][PASSED] - if (i == 4 &amp;&amp; wildList.indexOf(symbol) != -1): null

2019-08-10 23:50:35 - [TEST_STEP][PASSED] - symbol = symbol: null

2019-08-10 23:50:35 - [TEST_STEP][PASSED] - println(symbol): null

2019-08-10 23:50:35 - [TEST_STEP][PASSED] - if (i == 2 &amp;&amp; wildList.indexOf(symbol) != -1): null

2019-08-10 23:50:35 - [TEST_STEP][PASSED] - if (i == 3 &amp;&amp; wildList.indexOf(symbol) != -1): null

2019-08-10 23:50:35 - [TEST_STEP][PASSED] - if (i == 4 &amp;&amp; wildList.indexOf(symbol) != -1): null

2019-08-10 23:50:35 - [TEST_STEP][PASSED] - println("wild found on reel 5, adding counter by 1"): null

2019-08-10 23:50:35 - [TEST_STEP][PASSED] - free_spin_reel_counter[2] = free_spin_reel_counter[2] + 1: null

2019-08-10 23:50:35 - [TEST_STEP][PASSED] - free_spin_reel_counter = free_spin_reel_counter: null

2019-08-10 23:50:35 - [TEST_STEP][PASSED] - println("reel 3 wild found: " + free_spin_reel_counter[0]): null

2019-08-10 23:50:35 - [TEST_STEP][PASSED] - println("reel 4 wild found: " + free_spin_reel_counter[1]): null

2019-08-10 23:50:35 - [TEST_STEP][PASSED] - println("reel 5 wild found: " + free_spin_reel_counter[2]): null

2019-08-10 23:50:35 - [TEST_STEP][PASSED] - M4_spin_reels = M4_spin_reels: null

2019-08-10 23:50:35 - [TEST_STEP][PASSED] - M4_spin_reels_symbols = symbol: null

2019-08-10 23:50:35 - [TEST_STEP][PASSED] - M4_spin_reels_symbols = M4_spin_reels_symbols: null

2019-08-10 23:50:35 - [TEST_STEP][PASSED] - M4_spin_reel_wins = reel_wins: null

2019-08-10 23:50:35 - [TEST_STEP][PASSED] - M4_spin_reel_wins = M4_spin_reel_wins: null

2019-08-10 23:50:35 - [TEST_STEP][PASSED] - println("GlobalVariable.M4_spin_reel_wins is: " + M4_spin_reel_wins): null

2019-08-10 23:50:35 - [TEST_STEP][PASSED] - M4_spin_total_bonus_win_this_round = total_bonus_win_this_round: null

2019-08-10 23:50:35 - [TEST_STEP][PASSED] - M4_spin_total_bonus_win_this_round = M4_spin_total_bonus_win_this_round: null

2019-08-10 23:50:35 - [TEST_STEP][PASSED] - println("GlobalVariable.M4_spin_total_bonus_win_this_round is: " + M4_spin_total_bonus_win_this_round): null

2019-08-10 23:50:35 - [MESSAGE][PASSED] - Verify response successfully

2019-08-10 23:50:35 - [MESSAGE][PASSED] - Send request and verify the response successfully

2019-08-10 23:50:35 - [TEST_STEP][PASSED] - if (M4_total_bonus_spins_int != 0 &amp;&amp; M4_spin_reels_symbols[2].contains("WILD_ExtraFG") || M4_spin_reels_symbols[3].contains("WILD_ExtraFG")): null

2019-08-10 23:50:35 - [TEST_STEP][PASSED] - free_spin_reel_counter = free_spin_reel_counter: null

2019-08-10 23:50:35 - [TEST_STEP][PASSED] - M4_spin_reels_symbols = M4_spin_reels_symbols: null

2019-08-10 23:50:35 - [TEST_STEP][PASSED] - M4_total_bonus_spins = M4_total_bonus_spins: null

2019-08-10 23:50:35 - [TEST_STEP][PASSED] - spin_result = sendRequestAndVerify(findTestObject("RGS(M4)/1_M4_spin", ["M4_login_user_id":M4_login_user_id, "rgs_session_token":rgs_session_token, "partner":Partner])): Send request and verify the response successfully

2019-08-10 23:50:36 - [TEST_CASE][PASSED] - Start Test Case : Verification: Verification accomplished successfully

2019-08-10 23:50:36 - [TEST_STEP][PASSED] - request = getInstance().getCurrentRequest(): null

2019-08-10 23:50:36 - [TEST_STEP][PASSED] - response = getInstance().getCurrentResponse(): null

2019-08-10 23:50:36 - [TEST_STEP][PASSED] - verifyResponseStatusCode(response, 200): Verify response status code successfully

2019-08-10 23:50:36 - [MESSAGE][PASSED] - Verify response status code successfully

2019-08-10 23:50:36 - [TEST_STEP][PASSED] - getStatusCode()).isEqualTo(200): null

2019-08-10 23:50:36 - [TEST_STEP][PASSED] - newline = System.getProperty("line.separator"): null

2019-08-10 23:50:36 - [TEST_STEP][PASSED] - M4_spin = new groovy.json.JsonSlurper(): null

2019-08-10 23:50:36 - [TEST_STEP][PASSED] - result_M4_spin = M4_spin.parseText(response.getResponseBodyContent()): null

2019-08-10 23:50:36 - [TEST_STEP][PASSED] - M4_spin_current_balance = current_balance: null

2019-08-10 23:50:36 - [TEST_STEP][PASSED] - M4_spin_current_balance = M4_spin_current_balance: null

2019-08-10 23:50:36 - [TEST_STEP][PASSED] - M4_spin_transaction_id = causality: null

2019-08-10 23:50:36 - [TEST_STEP][PASSED] - M4_spin_transaction_id = M4_spin_transaction_id: null

2019-08-10 23:50:36 - [TEST_STEP][PASSED] - M4_spin_round_id = round_id: null

2019-08-10 23:50:36 - [TEST_STEP][PASSED] - M4_spin_round_id = M4_spin_round_id: null

2019-08-10 23:50:36 - [TEST_STEP][PASSED] - M4_spin_line_wins = line_wins: null

2019-08-10 23:50:36 - [TEST_STEP][PASSED] - M4_spin_line_wins = M4_spin_line_wins: null

2019-08-10 23:50:36 - [TEST_STEP][PASSED] - M4_total_bonus_spins_int = total_bonus_spins: null

2019-08-10 23:50:36 - [TEST_STEP][PASSED] - println("******M4_total_bonus_spins type is:*******" + newline + getClass().getName()): null

2019-08-10 23:50:36 - [TEST_STEP][PASSED] - M4_total_bonus_spins_int = M4_total_bonus_spins_int: null

2019-08-10 23:50:36 - [TEST_STEP][PASSED] - M4_total_bonus_spins = Integer.toString(M4_total_bonus_spins_int): null

2019-08-10 23:50:36 - [TEST_STEP][PASSED] - M4_total_bonus_spins = M4_total_bonus_spins: null

2019-08-10 23:50:36 - [TEST_STEP][PASSED] - println("M4_total_bonus_spins is:" + M4_total_bonus_spins): null

2019-08-10 23:50:36 - [TEST_STEP][PASSED] - M4_spin_bonus_data = bonus_data: null

2019-08-10 23:50:36 - [TEST_STEP][PASSED] - M4_spin_features_triggered = result_M4_spin: null

2019-08-10 23:50:36 - [TEST_STEP][PASSED] - wild = []: null

2019-08-10 23:50:36 - [TEST_STEP][PASSED] - wild[0] = "WILD_Expanding": null

2019-08-10 23:50:36 - [TEST_STEP][PASSED] - wild[1] = "WILD_Normal": null

2019-08-10 23:50:36 - [TEST_STEP][PASSED] - wild[2] = "WILD_Double": null

2019-08-10 23:50:36 - [TEST_STEP][PASSED] - wild[3] = "WILD_ExtraFG": null

2019-08-10 23:50:36 - [TEST_STEP][PASSED] - wild[4] = "WILD_Triple": null

2019-08-10 23:50:36 - [TEST_STEP][PASSED] - wildList = Arrays.asList(wild): null

2019-08-10 23:50:36 - [TEST_STEP][PASSED] - wildList = wildList: null

2019-08-10 23:50:36 - [TEST_STEP][PASSED] - free_spin_reel_counter = []: null

2019-08-10 23:50:36 - [TEST_STEP][PASSED] - free_spin_reel_counter[0] = 0: null

2019-08-10 23:50:36 - [TEST_STEP][PASSED] - free_spin_reel_counter[1] = 0: null

2019-08-10 23:50:36 - [TEST_STEP][PASSED] - free_spin_reel_counter[2] = 0: null

2019-08-10 23:50:36 - [TEST_STEP][PASSED] - M4_spin_reels = reels: null

2019-08-10 23:50:36 - [TEST_STEP][PASSED] - for ([i = 0, i &lt; M4_spin_reels.size(), (i++)]): null

2019-08-10 23:50:36 - [TEST_STEP][PASSED] - symbols = symbols: null

2019-08-10 23:50:36 - [TEST_STEP][PASSED] - for ([j = 0, j &lt; symbols.size(), (j++)]): null

2019-08-10 23:50:36 - [TEST_STEP][PASSED] - symbol = symbol: null

2019-08-10 23:50:36 - [TEST_STEP][PASSED] - println(symbol): null

2019-08-10 23:50:36 - [TEST_STEP][PASSED] - if (i == 2 &amp;&amp; wildList.indexOf(symbol) != -1): null

2019-08-10 23:50:36 - [TEST_STEP][PASSED] - if (i == 3 &amp;&amp; wildList.indexOf(symbol) != -1): null

2019-08-10 23:50:36 - [TEST_STEP][PASSED] - if (i == 4 &amp;&amp; wildList.indexOf(symbol) != -1): null

2019-08-10 23:50:36 - [TEST_STEP][PASSED] - symbol = symbol: null

2019-08-10 23:50:36 - [TEST_STEP][PASSED] - println(symbol): null

2019-08-10 23:50:36 - [TEST_STEP][PASSED] - if (i == 2 &amp;&amp; wildList.indexOf(symbol) != -1): null

2019-08-10 23:50:36 - [TEST_STEP][PASSED] - if (i == 3 &amp;&amp; wildList.indexOf(symbol) != -1): null

2019-08-10 23:50:36 - [TEST_STEP][PASSED] - if (i == 4 &amp;&amp; wildList.indexOf(symbol) != -1): null

2019-08-10 23:50:36 - [TEST_STEP][PASSED] - symbol = symbol: null

2019-08-10 23:50:36 - [TEST_STEP][PASSED] - println(symbol): null

2019-08-10 23:50:36 - [TEST_STEP][PASSED] - if (i == 2 &amp;&amp; wildList.indexOf(symbol) != -1): null

2019-08-10 23:50:36 - [TEST_STEP][PASSED] - if (i == 3 &amp;&amp; wildList.indexOf(symbol) != -1): null

2019-08-10 23:50:36 - [TEST_STEP][PASSED] - if (i == 4 &amp;&amp; wildList.indexOf(symbol) != -1): null

2019-08-10 23:50:36 - [TEST_STEP][PASSED] - symbols = symbols: null

2019-08-10 23:50:36 - [TEST_STEP][PASSED] - for ([j = 0, j &lt; symbols.size(), (j++)]): null

2019-08-10 23:50:36 - [TEST_STEP][PASSED] - symbol = symbol: null

2019-08-10 23:50:36 - [TEST_STEP][PASSED] - println(symbol): null

2019-08-10 23:50:36 - [TEST_STEP][PASSED] - if (i == 2 &amp;&amp; wildList.indexOf(symbol) != -1): null

2019-08-10 23:50:36 - [TEST_STEP][PASSED] - if (i == 3 &amp;&amp; wildList.indexOf(symbol) != -1): null

2019-08-10 23:50:36 - [TEST_STEP][PASSED] - if (i == 4 &amp;&amp; wildList.indexOf(symbol) != -1): null

2019-08-10 23:50:36 - [TEST_STEP][PASSED] - symbol = symbol: null

2019-08-10 23:50:36 - [TEST_STEP][PASSED] - println(symbol): null

2019-08-10 23:50:36 - [TEST_STEP][PASSED] - if (i == 2 &amp;&amp; wildList.indexOf(symbol) != -1): null

2019-08-10 23:50:36 - [TEST_STEP][PASSED] - if (i == 3 &amp;&amp; wildList.indexOf(symbol) != -1): null

2019-08-10 23:50:36 - [TEST_STEP][PASSED] - if (i == 4 &amp;&amp; wildList.indexOf(symbol) != -1): null

2019-08-10 23:50:36 - [TEST_STEP][PASSED] - symbol = symbol: null

2019-08-10 23:50:36 - [TEST_STEP][PASSED] - println(symbol): null

2019-08-10 23:50:36 - [TEST_STEP][PASSED] - if (i == 2 &amp;&amp; wildList.indexOf(symbol) != -1): null

2019-08-10 23:50:36 - [TEST_STEP][PASSED] - if (i == 3 &amp;&amp; wildList.indexOf(symbol) != -1): null

2019-08-10 23:50:36 - [TEST_STEP][PASSED] - if (i == 4 &amp;&amp; wildList.indexOf(symbol) != -1): null

2019-08-10 23:50:36 - [TEST_STEP][PASSED] - symbols = symbols: null

2019-08-10 23:50:36 - [TEST_STEP][PASSED] - for ([j = 0, j &lt; symbols.size(), (j++)]): null

2019-08-10 23:50:36 - [TEST_STEP][PASSED] - symbol = symbol: null

2019-08-10 23:50:36 - [TEST_STEP][PASSED] - println(symbol): null

2019-08-10 23:50:36 - [TEST_STEP][PASSED] - if (i == 2 &amp;&amp; wildList.indexOf(symbol) != -1): null

2019-08-10 23:50:36 - [TEST_STEP][PASSED] - if (i == 3 &amp;&amp; wildList.indexOf(symbol) != -1): null

2019-08-10 23:50:36 - [TEST_STEP][PASSED] - if (i == 4 &amp;&amp; wildList.indexOf(symbol) != -1): null

2019-08-10 23:50:36 - [TEST_STEP][PASSED] - symbol = symbol: null

2019-08-10 23:50:36 - [TEST_STEP][PASSED] - println(symbol): null

2019-08-10 23:50:36 - [TEST_STEP][PASSED] - if (i == 2 &amp;&amp; wildList.indexOf(symbol) != -1): null

2019-08-10 23:50:36 - [TEST_STEP][PASSED] - if (i == 3 &amp;&amp; wildList.indexOf(symbol) != -1): null

2019-08-10 23:50:36 - [TEST_STEP][PASSED] - if (i == 4 &amp;&amp; wildList.indexOf(symbol) != -1): null

2019-08-10 23:50:36 - [TEST_STEP][PASSED] - symbol = symbol: null

2019-08-10 23:50:36 - [TEST_STEP][PASSED] - println(symbol): null

2019-08-10 23:50:36 - [TEST_STEP][PASSED] - if (i == 2 &amp;&amp; wildList.indexOf(symbol) != -1): null

2019-08-10 23:50:36 - [TEST_STEP][PASSED] - if (i == 3 &amp;&amp; wildList.indexOf(symbol) != -1): null

2019-08-10 23:50:36 - [TEST_STEP][PASSED] - if (i == 4 &amp;&amp; wildList.indexOf(symbol) != -1): null

2019-08-10 23:50:36 - [TEST_STEP][PASSED] - symbols = symbols: null

2019-08-10 23:50:36 - [TEST_STEP][PASSED] - for ([j = 0, j &lt; symbols.size(), (j++)]): null

2019-08-10 23:50:36 - [TEST_STEP][PASSED] - symbol = symbol: null

2019-08-10 23:50:36 - [TEST_STEP][PASSED] - println(symbol): null

2019-08-10 23:50:36 - [TEST_STEP][PASSED] - if (i == 2 &amp;&amp; wildList.indexOf(symbol) != -1): null

2019-08-10 23:50:36 - [TEST_STEP][PASSED] - if (i == 3 &amp;&amp; wildList.indexOf(symbol) != -1): null

2019-08-10 23:50:36 - [TEST_STEP][PASSED] - if (i == 4 &amp;&amp; wildList.indexOf(symbol) != -1): null

2019-08-10 23:50:36 - [TEST_STEP][PASSED] - symbol = symbol: null

2019-08-10 23:50:36 - [TEST_STEP][PASSED] - println(symbol): null

2019-08-10 23:50:36 - [TEST_STEP][PASSED] - if (i == 2 &amp;&amp; wildList.indexOf(symbol) != -1): null

2019-08-10 23:50:36 - [TEST_STEP][PASSED] - if (i == 3 &amp;&amp; wildList.indexOf(symbol) != -1): null

2019-08-10 23:50:36 - [TEST_STEP][PASSED] - if (i == 4 &amp;&amp; wildList.indexOf(symbol) != -1): null

2019-08-10 23:50:36 - [TEST_STEP][PASSED] - symbol = symbol: null

2019-08-10 23:50:36 - [TEST_STEP][PASSED] - println(symbol): null

2019-08-10 23:50:36 - [TEST_STEP][PASSED] - if (i == 2 &amp;&amp; wildList.indexOf(symbol) != -1): null

2019-08-10 23:50:36 - [TEST_STEP][PASSED] - if (i == 3 &amp;&amp; wildList.indexOf(symbol) != -1): null

2019-08-10 23:50:36 - [TEST_STEP][PASSED] - if (i == 4 &amp;&amp; wildList.indexOf(symbol) != -1): null

2019-08-10 23:50:36 - [TEST_STEP][PASSED] - symbols = symbols: null

2019-08-10 23:50:36 - [TEST_STEP][PASSED] - for ([j = 0, j &lt; symbols.size(), (j++)]): null

2019-08-10 23:50:36 - [TEST_STEP][PASSED] - symbol = symbol: null

2019-08-10 23:50:36 - [TEST_STEP][PASSED] - println(symbol): null

2019-08-10 23:50:36 - [TEST_STEP][PASSED] - if (i == 2 &amp;&amp; wildList.indexOf(symbol) != -1): null

2019-08-10 23:50:36 - [TEST_STEP][PASSED] - if (i == 3 &amp;&amp; wildList.indexOf(symbol) != -1): null

2019-08-10 23:50:36 - [TEST_STEP][PASSED] - if (i == 4 &amp;&amp; wildList.indexOf(symbol) != -1): null

2019-08-10 23:50:36 - [TEST_STEP][PASSED] - symbol = symbol: null

2019-08-10 23:50:36 - [TEST_STEP][PASSED] - println(symbol): null

2019-08-10 23:50:36 - [TEST_STEP][PASSED] - if (i == 2 &amp;&amp; wildList.indexOf(symbol) != -1): null

2019-08-10 23:50:36 - [TEST_STEP][PASSED] - if (i == 3 &amp;&amp; wildList.indexOf(symbol) != -1): null

2019-08-10 23:50:36 - [TEST_STEP][PASSED] - if (i == 4 &amp;&amp; wildList.indexOf(symbol) != -1): null

2019-08-10 23:50:36 - [TEST_STEP][PASSED] - symbol = symbol: null

2019-08-10 23:50:36 - [TEST_STEP][PASSED] - println(symbol): null

2019-08-10 23:50:36 - [TEST_STEP][PASSED] - if (i == 2 &amp;&amp; wildList.indexOf(symbol) != -1): null

2019-08-10 23:50:36 - [TEST_STEP][PASSED] - if (i == 3 &amp;&amp; wildList.indexOf(symbol) != -1): null

2019-08-10 23:50:36 - [TEST_STEP][PASSED] - if (i == 4 &amp;&amp; wildList.indexOf(symbol) != -1): null

2019-08-10 23:50:36 - [TEST_STEP][PASSED] - free_spin_reel_counter = free_spin_reel_counter: null

2019-08-10 23:50:36 - [TEST_STEP][PASSED] - println("reel 3 wild found: " + free_spin_reel_counter[0]): null

2019-08-10 23:50:36 - [TEST_STEP][PASSED] - println("reel 4 wild found: " + free_spin_reel_counter[1]): null

2019-08-10 23:50:36 - [TEST_STEP][PASSED] - println("reel 5 wild found: " + free_spin_reel_counter[2]): null

2019-08-10 23:50:36 - [TEST_STEP][PASSED] - M4_spin_reels = M4_spin_reels: null

2019-08-10 23:50:36 - [TEST_STEP][PASSED] - M4_spin_reels_symbols = symbol: null

2019-08-10 23:50:36 - [TEST_STEP][PASSED] - M4_spin_reels_symbols = M4_spin_reels_symbols: null

2019-08-10 23:50:36 - [TEST_STEP][PASSED] - M4_spin_reel_wins = reel_wins: null

2019-08-10 23:50:36 - [TEST_STEP][PASSED] - M4_spin_reel_wins = M4_spin_reel_wins: null

2019-08-10 23:50:36 - [TEST_STEP][PASSED] - println("GlobalVariable.M4_spin_reel_wins is: " + M4_spin_reel_wins): null

2019-08-10 23:50:36 - [TEST_STEP][PASSED] - M4_spin_total_bonus_win_this_round = total_bonus_win_this_round: null

2019-08-10 23:50:36 - [TEST_STEP][PASSED] - M4_spin_total_bonus_win_this_round = M4_spin_total_bonus_win_this_round: null

2019-08-10 23:50:36 - [TEST_STEP][PASSED] - println("GlobalVariable.M4_spin_total_bonus_win_this_round is: " + M4_spin_total_bonus_win_this_round): null

2019-08-10 23:50:36 - [MESSAGE][PASSED] - Verify response successfully

2019-08-10 23:50:36 - [MESSAGE][PASSED] - Send request and verify the response successfully

2019-08-10 23:50:36 - [TEST_STEP][PASSED] - if (M4_total_bonus_spins_int != 0 &amp;&amp; M4_spin_reels_symbols[2].contains("WILD_ExtraFG") || M4_spin_reels_symbols[3].contains("WILD_ExtraFG")): null

2019-08-10 23:50:36 - [TEST_STEP][PASSED] - free_spin_reel_counter = free_spin_reel_counter: null

2019-08-10 23:50:36 - [TEST_STEP][PASSED] - M4_spin_reels_symbols = M4_spin_reels_symbols: null

2019-08-10 23:50:36 - [TEST_STEP][PASSED] - M4_total_bonus_spins = M4_total_bonus_spins: null

2019-08-10 23:50:36 - [TEST_STEP][PASSED] - spin_result = sendRequestAndVerify(findTestObject("RGS(M4)/1_M4_spin", ["M4_login_user_id":M4_login_user_id, "rgs_session_token":rgs_session_token, "partner":Partner])): Send request and verify the response successfully

2019-08-10 23:50:36 - [TEST_CASE][PASSED] - Start Test Case : Verification: Verification accomplished successfully

2019-08-10 23:50:36 - [TEST_STEP][PASSED] - request = getInstance().getCurrentRequest(): null

2019-08-10 23:50:36 - [TEST_STEP][PASSED] - response = getInstance().getCurrentResponse(): null

2019-08-10 23:50:36 - [TEST_STEP][PASSED] - verifyResponseStatusCode(response, 200): Verify response status code successfully

2019-08-10 23:50:36 - [MESSAGE][PASSED] - Verify response status code successfully

2019-08-10 23:50:36 - [TEST_STEP][PASSED] - getStatusCode()).isEqualTo(200): null

2019-08-10 23:50:36 - [TEST_STEP][PASSED] - newline = System.getProperty("line.separator"): null

2019-08-10 23:50:36 - [TEST_STEP][PASSED] - M4_spin = new groovy.json.JsonSlurper(): null

2019-08-10 23:50:36 - [TEST_STEP][PASSED] - result_M4_spin = M4_spin.parseText(response.getResponseBodyContent()): null

2019-08-10 23:50:36 - [TEST_STEP][PASSED] - M4_spin_current_balance = current_balance: null

2019-08-10 23:50:36 - [TEST_STEP][PASSED] - M4_spin_current_balance = M4_spin_current_balance: null

2019-08-10 23:50:36 - [TEST_STEP][PASSED] - M4_spin_transaction_id = causality: null

2019-08-10 23:50:36 - [TEST_STEP][PASSED] - M4_spin_transaction_id = M4_spin_transaction_id: null

2019-08-10 23:50:36 - [TEST_STEP][PASSED] - M4_spin_round_id = round_id: null

2019-08-10 23:50:36 - [TEST_STEP][PASSED] - M4_spin_round_id = M4_spin_round_id: null

2019-08-10 23:50:36 - [TEST_STEP][PASSED] - M4_spin_line_wins = line_wins: null

2019-08-10 23:50:36 - [TEST_STEP][PASSED] - M4_spin_line_wins = M4_spin_line_wins: null

2019-08-10 23:50:36 - [TEST_STEP][PASSED] - M4_total_bonus_spins_int = total_bonus_spins: null

2019-08-10 23:50:36 - [TEST_STEP][PASSED] - println("******M4_total_bonus_spins type is:*******" + newline + getClass().getName()): null

2019-08-10 23:50:36 - [TEST_STEP][PASSED] - M4_total_bonus_spins_int = M4_total_bonus_spins_int: null

2019-08-10 23:50:36 - [TEST_STEP][PASSED] - M4_total_bonus_spins = Integer.toString(M4_total_bonus_spins_int): null

2019-08-10 23:50:36 - [TEST_STEP][PASSED] - M4_total_bonus_spins = M4_total_bonus_spins: null

2019-08-10 23:50:36 - [TEST_STEP][PASSED] - println("M4_total_bonus_spins is:" + M4_total_bonus_spins): null

2019-08-10 23:50:36 - [TEST_STEP][PASSED] - M4_spin_bonus_data = bonus_data: null

2019-08-10 23:50:36 - [TEST_STEP][PASSED] - M4_spin_features_triggered = result_M4_spin: null

2019-08-10 23:50:36 - [TEST_STEP][PASSED] - wild = []: null

2019-08-10 23:50:36 - [TEST_STEP][PASSED] - wild[0] = "WILD_Expanding": null

2019-08-10 23:50:36 - [TEST_STEP][PASSED] - wild[1] = "WILD_Normal": null

2019-08-10 23:50:36 - [TEST_STEP][PASSED] - wild[2] = "WILD_Double": null

2019-08-10 23:50:36 - [TEST_STEP][PASSED] - wild[3] = "WILD_ExtraFG": null

2019-08-10 23:50:36 - [TEST_STEP][PASSED] - wild[4] = "WILD_Triple": null

2019-08-10 23:50:36 - [TEST_STEP][PASSED] - wildList = Arrays.asList(wild): null

2019-08-10 23:50:36 - [TEST_STEP][PASSED] - wildList = wildList: null

2019-08-10 23:50:36 - [TEST_STEP][PASSED] - free_spin_reel_counter = []: null

2019-08-10 23:50:36 - [TEST_STEP][PASSED] - free_spin_reel_counter[0] = 0: null

2019-08-10 23:50:36 - [TEST_STEP][PASSED] - free_spin_reel_counter[1] = 0: null

2019-08-10 23:50:36 - [TEST_STEP][PASSED] - free_spin_reel_counter[2] = 0: null

2019-08-10 23:50:36 - [TEST_STEP][PASSED] - M4_spin_reels = reels: null

2019-08-10 23:50:36 - [TEST_STEP][PASSED] - for ([i = 0, i &lt; M4_spin_reels.size(), (i++)]): null

2019-08-10 23:50:36 - [TEST_STEP][PASSED] - symbols = symbols: null

2019-08-10 23:50:36 - [TEST_STEP][PASSED] - for ([j = 0, j &lt; symbols.size(), (j++)]): null

2019-08-10 23:50:36 - [TEST_STEP][PASSED] - symbol = symbol: null

2019-08-10 23:50:36 - [TEST_STEP][PASSED] - println(symbol): null

2019-08-10 23:50:36 - [TEST_STEP][PASSED] - if (i == 2 &amp;&amp; wildList.indexOf(symbol) != -1): null

2019-08-10 23:50:36 - [TEST_STEP][PASSED] - if (i == 3 &amp;&amp; wildList.indexOf(symbol) != -1): null

2019-08-10 23:50:36 - [TEST_STEP][PASSED] - if (i == 4 &amp;&amp; wildList.indexOf(symbol) != -1): null

2019-08-10 23:50:36 - [TEST_STEP][PASSED] - symbol = symbol: null

2019-08-10 23:50:36 - [TEST_STEP][PASSED] - println(symbol): null

2019-08-10 23:50:36 - [TEST_STEP][PASSED] - if (i == 2 &amp;&amp; wildList.indexOf(symbol) != -1): null

2019-08-10 23:50:36 - [TEST_STEP][PASSED] - if (i == 3 &amp;&amp; wildList.indexOf(symbol) != -1): null

2019-08-10 23:50:36 - [TEST_STEP][PASSED] - if (i == 4 &amp;&amp; wildList.indexOf(symbol) != -1): null

2019-08-10 23:50:36 - [TEST_STEP][PASSED] - symbol = symbol: null

2019-08-10 23:50:36 - [TEST_STEP][PASSED] - println(symbol): null

2019-08-10 23:50:36 - [TEST_STEP][PASSED] - if (i == 2 &amp;&amp; wildList.indexOf(symbol) != -1): null

2019-08-10 23:50:36 - [TEST_STEP][PASSED] - if (i == 3 &amp;&amp; wildList.indexOf(symbol) != -1): null

2019-08-10 23:50:36 - [TEST_STEP][PASSED] - if (i == 4 &amp;&amp; wildList.indexOf(symbol) != -1): null

2019-08-10 23:50:36 - [TEST_STEP][PASSED] - symbols = symbols: null

2019-08-10 23:50:36 - [TEST_STEP][PASSED] - for ([j = 0, j &lt; symbols.size(), (j++)]): null

2019-08-10 23:50:36 - [TEST_STEP][PASSED] - symbol = symbol: null

2019-08-10 23:50:36 - [TEST_STEP][PASSED] - println(symbol): null

2019-08-10 23:50:36 - [TEST_STEP][PASSED] - if (i == 2 &amp;&amp; wildList.indexOf(symbol) != -1): null

2019-08-10 23:50:36 - [TEST_STEP][PASSED] - if (i == 3 &amp;&amp; wildList.indexOf(symbol) != -1): null

2019-08-10 23:50:36 - [TEST_STEP][PASSED] - if (i == 4 &amp;&amp; wildList.indexOf(symbol) != -1): null

2019-08-10 23:50:36 - [TEST_STEP][PASSED] - symbol = symbol: null

2019-08-10 23:50:36 - [TEST_STEP][PASSED] - println(symbol): null

2019-08-10 23:50:36 - [TEST_STEP][PASSED] - if (i == 2 &amp;&amp; wildList.indexOf(symbol) != -1): null

2019-08-10 23:50:36 - [TEST_STEP][PASSED] - if (i == 3 &amp;&amp; wildList.indexOf(symbol) != -1): null

2019-08-10 23:50:36 - [TEST_STEP][PASSED] - if (i == 4 &amp;&amp; wildList.indexOf(symbol) != -1): null

2019-08-10 23:50:36 - [TEST_STEP][PASSED] - symbol = symbol: null

2019-08-10 23:50:36 - [TEST_STEP][PASSED] - println(symbol): null

2019-08-10 23:50:36 - [TEST_STEP][PASSED] - if (i == 2 &amp;&amp; wildList.indexOf(symbol) != -1): null

2019-08-10 23:50:36 - [TEST_STEP][PASSED] - if (i == 3 &amp;&amp; wildList.indexOf(symbol) != -1): null

2019-08-10 23:50:36 - [TEST_STEP][PASSED] - if (i == 4 &amp;&amp; wildList.indexOf(symbol) != -1): null

2019-08-10 23:50:36 - [TEST_STEP][PASSED] - symbols = symbols: null

2019-08-10 23:50:36 - [TEST_STEP][PASSED] - for ([j = 0, j &lt; symbols.size(), (j++)]): null

2019-08-10 23:50:36 - [TEST_STEP][PASSED] - symbol = symbol: null

2019-08-10 23:50:36 - [TEST_STEP][PASSED] - println(symbol): null

2019-08-10 23:50:36 - [TEST_STEP][PASSED] - if (i == 2 &amp;&amp; wildList.indexOf(symbol) != -1): null

2019-08-10 23:50:36 - [TEST_STEP][PASSED] - if (i == 3 &amp;&amp; wildList.indexOf(symbol) != -1): null

2019-08-10 23:50:36 - [TEST_STEP][PASSED] - if (i == 4 &amp;&amp; wildList.indexOf(symbol) != -1): null

2019-08-10 23:50:36 - [TEST_STEP][PASSED] - symbol = symbol: null

2019-08-10 23:50:36 - [TEST_STEP][PASSED] - println(symbol): null

2019-08-10 23:50:36 - [TEST_STEP][PASSED] - if (i == 2 &amp;&amp; wildList.indexOf(symbol) != -1): null

2019-08-10 23:50:36 - [TEST_STEP][PASSED] - if (i == 3 &amp;&amp; wildList.indexOf(symbol) != -1): null

2019-08-10 23:50:36 - [TEST_STEP][PASSED] - if (i == 4 &amp;&amp; wildList.indexOf(symbol) != -1): null

2019-08-10 23:50:36 - [TEST_STEP][PASSED] - symbol = symbol: null

2019-08-10 23:50:36 - [TEST_STEP][PASSED] - println(symbol): null

2019-08-10 23:50:36 - [TEST_STEP][PASSED] - if (i == 2 &amp;&amp; wildList.indexOf(symbol) != -1): null

2019-08-10 23:50:36 - [TEST_STEP][PASSED] - if (i == 3 &amp;&amp; wildList.indexOf(symbol) != -1): null

2019-08-10 23:50:36 - [TEST_STEP][PASSED] - if (i == 4 &amp;&amp; wildList.indexOf(symbol) != -1): null

2019-08-10 23:50:36 - [TEST_STEP][PASSED] - symbols = symbols: null

2019-08-10 23:50:36 - [TEST_STEP][PASSED] - for ([j = 0, j &lt; symbols.size(), (j++)]): null

2019-08-10 23:50:36 - [TEST_STEP][PASSED] - symbol = symbol: null

2019-08-10 23:50:36 - [TEST_STEP][PASSED] - println(symbol): null

2019-08-10 23:50:36 - [TEST_STEP][PASSED] - if (i == 2 &amp;&amp; wildList.indexOf(symbol) != -1): null

2019-08-10 23:50:36 - [TEST_STEP][PASSED] - if (i == 3 &amp;&amp; wildList.indexOf(symbol) != -1): null

2019-08-10 23:50:36 - [TEST_STEP][PASSED] - if (i == 4 &amp;&amp; wildList.indexOf(symbol) != -1): null

2019-08-10 23:50:36 - [TEST_STEP][PASSED] - symbol = symbol: null

2019-08-10 23:50:36 - [TEST_STEP][PASSED] - println(symbol): null

2019-08-10 23:50:36 - [TEST_STEP][PASSED] - if (i == 2 &amp;&amp; wildList.indexOf(symbol) != -1): null

2019-08-10 23:50:36 - [TEST_STEP][PASSED] - if (i == 3 &amp;&amp; wildList.indexOf(symbol) != -1): null

2019-08-10 23:50:36 - [TEST_STEP][PASSED] - if (i == 4 &amp;&amp; wildList.indexOf(symbol) != -1): null

2019-08-10 23:50:36 - [TEST_STEP][PASSED] - symbol = symbol: null

2019-08-10 23:50:36 - [TEST_STEP][PASSED] - println(symbol): null

2019-08-10 23:50:36 - [TEST_STEP][PASSED] - if (i == 2 &amp;&amp; wildList.indexOf(symbol) != -1): null

2019-08-10 23:50:36 - [TEST_STEP][PASSED] - if (i == 3 &amp;&amp; wildList.indexOf(symbol) != -1): null

2019-08-10 23:50:36 - [TEST_STEP][PASSED] - if (i == 4 &amp;&amp; wildList.indexOf(symbol) != -1): null

2019-08-10 23:50:36 - [TEST_STEP][PASSED] - symbols = symbols: null

2019-08-10 23:50:36 - [TEST_STEP][PASSED] - for ([j = 0, j &lt; symbols.size(), (j++)]): null

2019-08-10 23:50:36 - [TEST_STEP][PASSED] - symbol = symbol: null

2019-08-10 23:50:36 - [TEST_STEP][PASSED] - println(symbol): null

2019-08-10 23:50:36 - [TEST_STEP][PASSED] - if (i == 2 &amp;&amp; wildList.indexOf(symbol) != -1): null

2019-08-10 23:50:36 - [TEST_STEP][PASSED] - if (i == 3 &amp;&amp; wildList.indexOf(symbol) != -1): null

2019-08-10 23:50:36 - [TEST_STEP][PASSED] - if (i == 4 &amp;&amp; wildList.indexOf(symbol) != -1): null

2019-08-10 23:50:36 - [TEST_STEP][PASSED] - symbol = symbol: null

2019-08-10 23:50:36 - [TEST_STEP][PASSED] - println(symbol): null

2019-08-10 23:50:36 - [TEST_STEP][PASSED] - if (i == 2 &amp;&amp; wildList.indexOf(symbol) != -1): null

2019-08-10 23:50:36 - [TEST_STEP][PASSED] - if (i == 3 &amp;&amp; wildList.indexOf(symbol) != -1): null

2019-08-10 23:50:36 - [TEST_STEP][PASSED] - if (i == 4 &amp;&amp; wildList.indexOf(symbol) != -1): null

2019-08-10 23:50:36 - [TEST_STEP][PASSED] - symbol = symbol: null

2019-08-10 23:50:36 - [TEST_STEP][PASSED] - println(symbol): null

2019-08-10 23:50:36 - [TEST_STEP][PASSED] - if (i == 2 &amp;&amp; wildList.indexOf(symbol) != -1): null

2019-08-10 23:50:36 - [TEST_STEP][PASSED] - if (i == 3 &amp;&amp; wildList.indexOf(symbol) != -1): null

2019-08-10 23:50:36 - [TEST_STEP][PASSED] - if (i == 4 &amp;&amp; wildList.indexOf(symbol) != -1): null

2019-08-10 23:50:36 - [TEST_STEP][PASSED] - free_spin_reel_counter = free_spin_reel_counter: null

2019-08-10 23:50:36 - [TEST_STEP][PASSED] - println("reel 3 wild found: " + free_spin_reel_counter[0]): null

2019-08-10 23:50:36 - [TEST_STEP][PASSED] - println("reel 4 wild found: " + free_spin_reel_counter[1]): null

2019-08-10 23:50:36 - [TEST_STEP][PASSED] - println("reel 5 wild found: " + free_spin_reel_counter[2]): null

2019-08-10 23:50:36 - [TEST_STEP][PASSED] - M4_spin_reels = M4_spin_reels: null

2019-08-10 23:50:36 - [TEST_STEP][PASSED] - M4_spin_reels_symbols = symbol: null

2019-08-10 23:50:36 - [TEST_STEP][PASSED] - M4_spin_reels_symbols = M4_spin_reels_symbols: null

2019-08-10 23:50:36 - [TEST_STEP][PASSED] - M4_spin_reel_wins = reel_wins: null

2019-08-10 23:50:36 - [TEST_STEP][PASSED] - M4_spin_reel_wins = M4_spin_reel_wins: null

2019-08-10 23:50:36 - [TEST_STEP][PASSED] - println("GlobalVariable.M4_spin_reel_wins is: " + M4_spin_reel_wins): null

2019-08-10 23:50:36 - [TEST_STEP][PASSED] - M4_spin_total_bonus_win_this_round = total_bonus_win_this_round: null

2019-08-10 23:50:36 - [TEST_STEP][PASSED] - M4_spin_total_bonus_win_this_round = M4_spin_total_bonus_win_this_round: null

2019-08-10 23:50:36 - [TEST_STEP][PASSED] - println("GlobalVariable.M4_spin_total_bonus_win_this_round is: " + M4_spin_total_bonus_win_this_round): null

2019-08-10 23:50:36 - [MESSAGE][PASSED] - Verify response successfully

2019-08-10 23:50:36 - [MESSAGE][PASSED] - Send request and verify the response successfully

2019-08-10 23:50:36 - [TEST_STEP][PASSED] - if (M4_total_bonus_spins_int != 0 &amp;&amp; M4_spin_reels_symbols[2].contains("WILD_ExtraFG") || M4_spin_reels_symbols[3].contains("WILD_ExtraFG")): null

2019-08-10 23:50:36 - [TEST_STEP][PASSED] - free_spin_reel_counter = free_spin_reel_counter: null

2019-08-10 23:50:36 - [TEST_STEP][PASSED] - M4_spin_reels_symbols = M4_spin_reels_symbols: null

2019-08-10 23:50:36 - [TEST_STEP][PASSED] - M4_total_bonus_spins = M4_total_bonus_spins: null

2019-08-10 23:50:36 - [TEST_STEP][PASSED] - spin_result = sendRequestAndVerify(findTestObject("RGS(M4)/1_M4_spin", ["M4_login_user_id":M4_login_user_id, "rgs_session_token":rgs_session_token, "partner":Partner])): Send request and verify the response successfully

2019-08-10 23:50:37 - [TEST_CASE][PASSED] - Start Test Case : Verification: Verification accomplished successfully

2019-08-10 23:50:37 - [TEST_STEP][PASSED] - request = getInstance().getCurrentRequest(): null

2019-08-10 23:50:37 - [TEST_STEP][PASSED] - response = getInstance().getCurrentResponse(): null

2019-08-10 23:50:37 - [TEST_STEP][PASSED] - verifyResponseStatusCode(response, 200): Verify response status code successfully

2019-08-10 23:50:37 - [MESSAGE][PASSED] - Verify response status code successfully

2019-08-10 23:50:37 - [TEST_STEP][PASSED] - getStatusCode()).isEqualTo(200): null

2019-08-10 23:50:37 - [TEST_STEP][PASSED] - newline = System.getProperty("line.separator"): null

2019-08-10 23:50:37 - [TEST_STEP][PASSED] - M4_spin = new groovy.json.JsonSlurper(): null

2019-08-10 23:50:37 - [TEST_STEP][PASSED] - result_M4_spin = M4_spin.parseText(response.getResponseBodyContent()): null

2019-08-10 23:50:37 - [TEST_STEP][PASSED] - M4_spin_current_balance = current_balance: null

2019-08-10 23:50:37 - [TEST_STEP][PASSED] - M4_spin_current_balance = M4_spin_current_balance: null

2019-08-10 23:50:37 - [TEST_STEP][PASSED] - M4_spin_transaction_id = causality: null

2019-08-10 23:50:37 - [TEST_STEP][PASSED] - M4_spin_transaction_id = M4_spin_transaction_id: null

2019-08-10 23:50:37 - [TEST_STEP][PASSED] - M4_spin_round_id = round_id: null

2019-08-10 23:50:37 - [TEST_STEP][PASSED] - M4_spin_round_id = M4_spin_round_id: null

2019-08-10 23:50:37 - [TEST_STEP][PASSED] - M4_spin_line_wins = line_wins: null

2019-08-10 23:50:37 - [TEST_STEP][PASSED] - M4_spin_line_wins = M4_spin_line_wins: null

2019-08-10 23:50:37 - [TEST_STEP][PASSED] - M4_total_bonus_spins_int = total_bonus_spins: null

2019-08-10 23:50:37 - [TEST_STEP][PASSED] - println("******M4_total_bonus_spins type is:*******" + newline + getClass().getName()): null

2019-08-10 23:50:37 - [TEST_STEP][PASSED] - M4_total_bonus_spins_int = M4_total_bonus_spins_int: null

2019-08-10 23:50:37 - [TEST_STEP][PASSED] - M4_total_bonus_spins = Integer.toString(M4_total_bonus_spins_int): null

2019-08-10 23:50:37 - [TEST_STEP][PASSED] - M4_total_bonus_spins = M4_total_bonus_spins: null

2019-08-10 23:50:37 - [TEST_STEP][PASSED] - println("M4_total_bonus_spins is:" + M4_total_bonus_spins): null

2019-08-10 23:50:37 - [TEST_STEP][PASSED] - M4_spin_bonus_data = bonus_data: null

2019-08-10 23:50:37 - [TEST_STEP][PASSED] - M4_spin_features_triggered = result_M4_spin: null

2019-08-10 23:50:37 - [TEST_STEP][PASSED] - wild = []: null

2019-08-10 23:50:37 - [TEST_STEP][PASSED] - wild[0] = "WILD_Expanding": null

2019-08-10 23:50:37 - [TEST_STEP][PASSED] - wild[1] = "WILD_Normal": null

2019-08-10 23:50:37 - [TEST_STEP][PASSED] - wild[2] = "WILD_Double": null

2019-08-10 23:50:37 - [TEST_STEP][PASSED] - wild[3] = "WILD_ExtraFG": null

2019-08-10 23:50:37 - [TEST_STEP][PASSED] - wild[4] = "WILD_Triple": null

2019-08-10 23:50:37 - [TEST_STEP][PASSED] - wildList = Arrays.asList(wild): null

2019-08-10 23:50:37 - [TEST_STEP][PASSED] - wildList = wildList: null

2019-08-10 23:50:37 - [TEST_STEP][PASSED] - free_spin_reel_counter = []: null

2019-08-10 23:50:37 - [TEST_STEP][PASSED] - free_spin_reel_counter[0] = 0: null

2019-08-10 23:50:37 - [TEST_STEP][PASSED] - free_spin_reel_counter[1] = 0: null

2019-08-10 23:50:37 - [TEST_STEP][PASSED] - free_spin_reel_counter[2] = 0: null

2019-08-10 23:50:37 - [TEST_STEP][PASSED] - M4_spin_reels = reels: null

2019-08-10 23:50:37 - [TEST_STEP][PASSED] - for ([i = 0, i &lt; M4_spin_reels.size(), (i++)]): null

2019-08-10 23:50:37 - [TEST_STEP][PASSED] - symbols = symbols: null

2019-08-10 23:50:37 - [TEST_STEP][PASSED] - for ([j = 0, j &lt; symbols.size(), (j++)]): null

2019-08-10 23:50:37 - [TEST_STEP][PASSED] - symbol = symbol: null

2019-08-10 23:50:37 - [TEST_STEP][PASSED] - println(symbol): null

2019-08-10 23:50:37 - [TEST_STEP][PASSED] - if (i == 2 &amp;&amp; wildList.indexOf(symbol) != -1): null

2019-08-10 23:50:37 - [TEST_STEP][PASSED] - if (i == 3 &amp;&amp; wildList.indexOf(symbol) != -1): null

2019-08-10 23:50:37 - [TEST_STEP][PASSED] - if (i == 4 &amp;&amp; wildList.indexOf(symbol) != -1): null

2019-08-10 23:50:37 - [TEST_STEP][PASSED] - symbol = symbol: null

2019-08-10 23:50:37 - [TEST_STEP][PASSED] - println(symbol): null

2019-08-10 23:50:37 - [TEST_STEP][PASSED] - if (i == 2 &amp;&amp; wildList.indexOf(symbol) != -1): null

2019-08-10 23:50:37 - [TEST_STEP][PASSED] - if (i == 3 &amp;&amp; wildList.indexOf(symbol) != -1): null

2019-08-10 23:50:37 - [TEST_STEP][PASSED] - if (i == 4 &amp;&amp; wildList.indexOf(symbol) != -1): null

2019-08-10 23:50:37 - [TEST_STEP][PASSED] - symbol = symbol: null

2019-08-10 23:50:37 - [TEST_STEP][PASSED] - println(symbol): null

2019-08-10 23:50:37 - [TEST_STEP][PASSED] - if (i == 2 &amp;&amp; wildList.indexOf(symbol) != -1): null

2019-08-10 23:50:37 - [TEST_STEP][PASSED] - if (i == 3 &amp;&amp; wildList.indexOf(symbol) != -1): null

2019-08-10 23:50:37 - [TEST_STEP][PASSED] - if (i == 4 &amp;&amp; wildList.indexOf(symbol) != -1): null

2019-08-10 23:50:37 - [TEST_STEP][PASSED] - symbols = symbols: null

2019-08-10 23:50:37 - [TEST_STEP][PASSED] - for ([j = 0, j &lt; symbols.size(), (j++)]): null

2019-08-10 23:50:37 - [TEST_STEP][PASSED] - symbol = symbol: null

2019-08-10 23:50:37 - [TEST_STEP][PASSED] - println(symbol): null

2019-08-10 23:50:37 - [TEST_STEP][PASSED] - if (i == 2 &amp;&amp; wildList.indexOf(symbol) != -1): null

2019-08-10 23:50:37 - [TEST_STEP][PASSED] - if (i == 3 &amp;&amp; wildList.indexOf(symbol) != -1): null

2019-08-10 23:50:37 - [TEST_STEP][PASSED] - if (i == 4 &amp;&amp; wildList.indexOf(symbol) != -1): null

2019-08-10 23:50:37 - [TEST_STEP][PASSED] - symbol = symbol: null

2019-08-10 23:50:37 - [TEST_STEP][PASSED] - println(symbol): null

2019-08-10 23:50:37 - [TEST_STEP][PASSED] - if (i == 2 &amp;&amp; wildList.indexOf(symbol) != -1): null

2019-08-10 23:50:37 - [TEST_STEP][PASSED] - if (i == 3 &amp;&amp; wildList.indexOf(symbol) != -1): null

2019-08-10 23:50:37 - [TEST_STEP][PASSED] - if (i == 4 &amp;&amp; wildList.indexOf(symbol) != -1): null

2019-08-10 23:50:37 - [TEST_STEP][PASSED] - symbol = symbol: null

2019-08-10 23:50:37 - [TEST_STEP][PASSED] - println(symbol): null

2019-08-10 23:50:37 - [TEST_STEP][PASSED] - if (i == 2 &amp;&amp; wildList.indexOf(symbol) != -1): null

2019-08-10 23:50:37 - [TEST_STEP][PASSED] - if (i == 3 &amp;&amp; wildList.indexOf(symbol) != -1): null

2019-08-10 23:50:37 - [TEST_STEP][PASSED] - if (i == 4 &amp;&amp; wildList.indexOf(symbol) != -1): null

2019-08-10 23:50:37 - [TEST_STEP][PASSED] - symbols = symbols: null

2019-08-10 23:50:37 - [TEST_STEP][PASSED] - for ([j = 0, j &lt; symbols.size(), (j++)]): null

2019-08-10 23:50:37 - [TEST_STEP][PASSED] - symbol = symbol: null

2019-08-10 23:50:37 - [TEST_STEP][PASSED] - println(symbol): null

2019-08-10 23:50:37 - [TEST_STEP][PASSED] - if (i == 2 &amp;&amp; wildList.indexOf(symbol) != -1): null

2019-08-10 23:50:37 - [TEST_STEP][PASSED] - if (i == 3 &amp;&amp; wildList.indexOf(symbol) != -1): null

2019-08-10 23:50:37 - [TEST_STEP][PASSED] - if (i == 4 &amp;&amp; wildList.indexOf(symbol) != -1): null

2019-08-10 23:50:37 - [TEST_STEP][PASSED] - symbol = symbol: null

2019-08-10 23:50:37 - [TEST_STEP][PASSED] - println(symbol): null

2019-08-10 23:50:37 - [TEST_STEP][PASSED] - if (i == 2 &amp;&amp; wildList.indexOf(symbol) != -1): null

2019-08-10 23:50:37 - [TEST_STEP][PASSED] - if (i == 3 &amp;&amp; wildList.indexOf(symbol) != -1): null

2019-08-10 23:50:37 - [TEST_STEP][PASSED] - if (i == 4 &amp;&amp; wildList.indexOf(symbol) != -1): null

2019-08-10 23:50:37 - [TEST_STEP][PASSED] - symbol = symbol: null

2019-08-10 23:50:37 - [TEST_STEP][PASSED] - println(symbol): null

2019-08-10 23:50:37 - [TEST_STEP][PASSED] - if (i == 2 &amp;&amp; wildList.indexOf(symbol) != -1): null

2019-08-10 23:50:37 - [TEST_STEP][PASSED] - if (i == 3 &amp;&amp; wildList.indexOf(symbol) != -1): null

2019-08-10 23:50:37 - [TEST_STEP][PASSED] - if (i == 4 &amp;&amp; wildList.indexOf(symbol) != -1): null

2019-08-10 23:50:37 - [TEST_STEP][PASSED] - symbols = symbols: null

2019-08-10 23:50:37 - [TEST_STEP][PASSED] - for ([j = 0, j &lt; symbols.size(), (j++)]): null

2019-08-10 23:50:37 - [TEST_STEP][PASSED] - symbol = symbol: null

2019-08-10 23:50:37 - [TEST_STEP][PASSED] - println(symbol): null

2019-08-10 23:50:37 - [TEST_STEP][PASSED] - if (i == 2 &amp;&amp; wildList.indexOf(symbol) != -1): null

2019-08-10 23:50:37 - [TEST_STEP][PASSED] - if (i == 3 &amp;&amp; wildList.indexOf(symbol) != -1): null

2019-08-10 23:50:37 - [TEST_STEP][PASSED] - if (i == 4 &amp;&amp; wildList.indexOf(symbol) != -1): null

2019-08-10 23:50:37 - [TEST_STEP][PASSED] - symbol = symbol: null

2019-08-10 23:50:37 - [TEST_STEP][PASSED] - println(symbol): null

2019-08-10 23:50:37 - [TEST_STEP][PASSED] - if (i == 2 &amp;&amp; wildList.indexOf(symbol) != -1): null

2019-08-10 23:50:37 - [TEST_STEP][PASSED] - if (i == 3 &amp;&amp; wildList.indexOf(symbol) != -1): null

2019-08-10 23:50:37 - [TEST_STEP][PASSED] - println("wild found on reel 4, adding counter by 1"): null

2019-08-10 23:50:37 - [TEST_STEP][PASSED] - free_spin_reel_counter[1] = free_spin_reel_counter[1] + 1: null

2019-08-10 23:50:37 - [TEST_STEP][PASSED] - if (i == 4 &amp;&amp; wildList.indexOf(symbol) != -1): null

2019-08-10 23:50:37 - [TEST_STEP][PASSED] - symbol = symbol: null

2019-08-10 23:50:37 - [TEST_STEP][PASSED] - println(symbol): null

2019-08-10 23:50:37 - [TEST_STEP][PASSED] - if (i == 2 &amp;&amp; wildList.indexOf(symbol) != -1): null

2019-08-10 23:50:37 - [TEST_STEP][PASSED] - if (i == 3 &amp;&amp; wildList.indexOf(symbol) != -1): null

2019-08-10 23:50:37 - [TEST_STEP][PASSED] - if (i == 4 &amp;&amp; wildList.indexOf(symbol) != -1): null

2019-08-10 23:50:37 - [TEST_STEP][PASSED] - symbols = symbols: null

2019-08-10 23:50:37 - [TEST_STEP][PASSED] - for ([j = 0, j &lt; symbols.size(), (j++)]): null

2019-08-10 23:50:37 - [TEST_STEP][PASSED] - symbol = symbol: null

2019-08-10 23:50:37 - [TEST_STEP][PASSED] - println(symbol): null

2019-08-10 23:50:37 - [TEST_STEP][PASSED] - if (i == 2 &amp;&amp; wildList.indexOf(symbol) != -1): null

2019-08-10 23:50:37 - [TEST_STEP][PASSED] - if (i == 3 &amp;&amp; wildList.indexOf(symbol) != -1): null

2019-08-10 23:50:37 - [TEST_STEP][PASSED] - if (i == 4 &amp;&amp; wildList.indexOf(symbol) != -1): null

2019-08-10 23:50:37 - [TEST_STEP][PASSED] - symbol = symbol: null

2019-08-10 23:50:37 - [TEST_STEP][PASSED] - println(symbol): null

2019-08-10 23:50:37 - [TEST_STEP][PASSED] - if (i == 2 &amp;&amp; wildList.indexOf(symbol) != -1): null

2019-08-10 23:50:37 - [TEST_STEP][PASSED] - if (i == 3 &amp;&amp; wildList.indexOf(symbol) != -1): null

2019-08-10 23:50:37 - [TEST_STEP][PASSED] - if (i == 4 &amp;&amp; wildList.indexOf(symbol) != -1): null

2019-08-10 23:50:37 - [TEST_STEP][PASSED] - symbol = symbol: null

2019-08-10 23:50:37 - [TEST_STEP][PASSED] - println(symbol): null

2019-08-10 23:50:37 - [TEST_STEP][PASSED] - if (i == 2 &amp;&amp; wildList.indexOf(symbol) != -1): null

2019-08-10 23:50:37 - [TEST_STEP][PASSED] - if (i == 3 &amp;&amp; wildList.indexOf(symbol) != -1): null

2019-08-10 23:50:37 - [TEST_STEP][PASSED] - if (i == 4 &amp;&amp; wildList.indexOf(symbol) != -1): null

2019-08-10 23:50:37 - [TEST_STEP][PASSED] - free_spin_reel_counter = free_spin_reel_counter: null

2019-08-10 23:50:37 - [TEST_STEP][PASSED] - println("reel 3 wild found: " + free_spin_reel_counter[0]): null

2019-08-10 23:50:37 - [TEST_STEP][PASSED] - println("reel 4 wild found: " + free_spin_reel_counter[1]): null

2019-08-10 23:50:37 - [TEST_STEP][PASSED] - println("reel 5 wild found: " + free_spin_reel_counter[2]): null

2019-08-10 23:50:37 - [TEST_STEP][PASSED] - M4_spin_reels = M4_spin_reels: null

2019-08-10 23:50:37 - [TEST_STEP][PASSED] - M4_spin_reels_symbols = symbol: null

2019-08-10 23:50:37 - [TEST_STEP][PASSED] - M4_spin_reels_symbols = M4_spin_reels_symbols: null

2019-08-10 23:50:37 - [TEST_STEP][PASSED] - M4_spin_reel_wins = reel_wins: null

2019-08-10 23:50:37 - [TEST_STEP][PASSED] - M4_spin_reel_wins = M4_spin_reel_wins: null

2019-08-10 23:50:37 - [TEST_STEP][PASSED] - println("GlobalVariable.M4_spin_reel_wins is: " + M4_spin_reel_wins): null

2019-08-10 23:50:37 - [TEST_STEP][PASSED] - M4_spin_total_bonus_win_this_round = total_bonus_win_this_round: null

2019-08-10 23:50:37 - [TEST_STEP][PASSED] - M4_spin_total_bonus_win_this_round = M4_spin_total_bonus_win_this_round: null

2019-08-10 23:50:37 - [TEST_STEP][PASSED] - println("GlobalVariable.M4_spin_total_bonus_win_this_round is: " + M4_spin_total_bonus_win_this_round): null

2019-08-10 23:50:37 - [MESSAGE][PASSED] - Verify response successfully

2019-08-10 23:50:37 - [MESSAGE][PASSED] - Send request and verify the response successfully

2019-08-10 23:50:37 - [TEST_STEP][PASSED] - if (M4_total_bonus_spins_int != 0 &amp;&amp; M4_spin_reels_symbols[2].contains("WILD_ExtraFG") || M4_spin_reels_symbols[3].contains("WILD_ExtraFG")): null

2019-08-10 23:50:37 - [TEST_STEP][PASSED] - free_spin_reel_counter = free_spin_reel_counter: null

2019-08-10 23:50:37 - [TEST_STEP][PASSED] - M4_spin_reels_symbols = M4_spin_reels_symbols: null

2019-08-10 23:50:37 - [TEST_STEP][PASSED] - M4_total_bonus_spins = M4_total_bonus_spins: null

2019-08-10 23:50:37 - [TEST_STEP][PASSED] - spin_result = sendRequestAndVerify(findTestObject("RGS(M4)/1_M4_spin", ["M4_login_user_id":M4_login_user_id, "rgs_session_token":rgs_session_token, "partner":Partner])): Send request and verify the response successfully

2019-08-10 23:50:37 - [TEST_CASE][PASSED] - Start Test Case : Verification: Verification accomplished successfully

2019-08-10 23:50:37 - [TEST_STEP][PASSED] - request = getInstance().getCurrentRequest(): null

2019-08-10 23:50:37 - [TEST_STEP][PASSED] - response = getInstance().getCurrentResponse(): null

2019-08-10 23:50:37 - [TEST_STEP][PASSED] - verifyResponseStatusCode(response, 200): Verify response status code successfully

2019-08-10 23:50:37 - [MESSAGE][PASSED] - Verify response status code successfully

2019-08-10 23:50:37 - [TEST_STEP][PASSED] - getStatusCode()).isEqualTo(200): null

2019-08-10 23:50:37 - [TEST_STEP][PASSED] - newline = System.getProperty("line.separator"): null

2019-08-10 23:50:37 - [TEST_STEP][PASSED] - M4_spin = new groovy.json.JsonSlurper(): null

2019-08-10 23:50:37 - [TEST_STEP][PASSED] - result_M4_spin = M4_spin.parseText(response.getResponseBodyContent()): null

2019-08-10 23:50:37 - [TEST_STEP][PASSED] - M4_spin_current_balance = current_balance: null

2019-08-10 23:50:37 - [TEST_STEP][PASSED] - M4_spin_current_balance = M4_spin_current_balance: null

2019-08-10 23:50:37 - [TEST_STEP][PASSED] - M4_spin_transaction_id = causality: null

2019-08-10 23:50:37 - [TEST_STEP][PASSED] - M4_spin_transaction_id = M4_spin_transaction_id: null

2019-08-10 23:50:37 - [TEST_STEP][PASSED] - M4_spin_round_id = round_id: null

2019-08-10 23:50:37 - [TEST_STEP][PASSED] - M4_spin_round_id = M4_spin_round_id: null

2019-08-10 23:50:37 - [TEST_STEP][PASSED] - M4_spin_line_wins = line_wins: null

2019-08-10 23:50:37 - [TEST_STEP][PASSED] - M4_spin_line_wins = M4_spin_line_wins: null

2019-08-10 23:50:37 - [TEST_STEP][PASSED] - M4_total_bonus_spins_int = total_bonus_spins: null

2019-08-10 23:50:37 - [TEST_STEP][PASSED] - println("******M4_total_bonus_spins type is:*******" + newline + getClass().getName()): null

2019-08-10 23:50:37 - [TEST_STEP][PASSED] - M4_total_bonus_spins_int = M4_total_bonus_spins_int: null

2019-08-10 23:50:37 - [TEST_STEP][PASSED] - M4_total_bonus_spins = Integer.toString(M4_total_bonus_spins_int): null

2019-08-10 23:50:37 - [TEST_STEP][PASSED] - M4_total_bonus_spins = M4_total_bonus_spins: null

2019-08-10 23:50:37 - [TEST_STEP][PASSED] - println("M4_total_bonus_spins is:" + M4_total_bonus_spins): null

2019-08-10 23:50:37 - [TEST_STEP][PASSED] - M4_spin_bonus_data = bonus_data: null

2019-08-10 23:50:37 - [TEST_STEP][PASSED] - M4_spin_features_triggered = result_M4_spin: null

2019-08-10 23:50:37 - [TEST_STEP][PASSED] - wild = []: null

2019-08-10 23:50:37 - [TEST_STEP][PASSED] - wild[0] = "WILD_Expanding": null

2019-08-10 23:50:37 - [TEST_STEP][PASSED] - wild[1] = "WILD_Normal": null

2019-08-10 23:50:37 - [TEST_STEP][PASSED] - wild[2] = "WILD_Double": null

2019-08-10 23:50:37 - [TEST_STEP][PASSED] - wild[3] = "WILD_ExtraFG": null

2019-08-10 23:50:37 - [TEST_STEP][PASSED] - wild[4] = "WILD_Triple": null

2019-08-10 23:50:37 - [TEST_STEP][PASSED] - wildList = Arrays.asList(wild): null

2019-08-10 23:50:37 - [TEST_STEP][PASSED] - wildList = wildList: null

2019-08-10 23:50:37 - [TEST_STEP][PASSED] - free_spin_reel_counter = []: null

2019-08-10 23:50:37 - [TEST_STEP][PASSED] - free_spin_reel_counter[0] = 0: null

2019-08-10 23:50:37 - [TEST_STEP][PASSED] - free_spin_reel_counter[1] = 0: null

2019-08-10 23:50:37 - [TEST_STEP][PASSED] - free_spin_reel_counter[2] = 0: null

2019-08-10 23:50:37 - [TEST_STEP][PASSED] - M4_spin_reels = reels: null

2019-08-10 23:50:37 - [TEST_STEP][PASSED] - for ([i = 0, i &lt; M4_spin_reels.size(), (i++)]): null

2019-08-10 23:50:37 - [TEST_STEP][PASSED] - symbols = symbols: null

2019-08-10 23:50:37 - [TEST_STEP][PASSED] - for ([j = 0, j &lt; symbols.size(), (j++)]): null

2019-08-10 23:50:37 - [TEST_STEP][PASSED] - symbol = symbol: null

2019-08-10 23:50:37 - [TEST_STEP][PASSED] - println(symbol): null

2019-08-10 23:50:37 - [TEST_STEP][PASSED] - if (i == 2 &amp;&amp; wildList.indexOf(symbol) != -1): null

2019-08-10 23:50:37 - [TEST_STEP][PASSED] - if (i == 3 &amp;&amp; wildList.indexOf(symbol) != -1): null

2019-08-10 23:50:37 - [TEST_STEP][PASSED] - if (i == 4 &amp;&amp; wildList.indexOf(symbol) != -1): null

2019-08-10 23:50:37 - [TEST_STEP][PASSED] - symbol = symbol: null

2019-08-10 23:50:37 - [TEST_STEP][PASSED] - println(symbol): null

2019-08-10 23:50:37 - [TEST_STEP][PASSED] - if (i == 2 &amp;&amp; wildList.indexOf(symbol) != -1): null

2019-08-10 23:50:37 - [TEST_STEP][PASSED] - if (i == 3 &amp;&amp; wildList.indexOf(symbol) != -1): null

2019-08-10 23:50:37 - [TEST_STEP][PASSED] - if (i == 4 &amp;&amp; wildList.indexOf(symbol) != -1): null

2019-08-10 23:50:37 - [TEST_STEP][PASSED] - symbol = symbol: null

2019-08-10 23:50:37 - [TEST_STEP][PASSED] - println(symbol): null

2019-08-10 23:50:37 - [TEST_STEP][PASSED] - if (i == 2 &amp;&amp; wildList.indexOf(symbol) != -1): null

2019-08-10 23:50:37 - [TEST_STEP][PASSED] - if (i == 3 &amp;&amp; wildList.indexOf(symbol) != -1): null

2019-08-10 23:50:37 - [TEST_STEP][PASSED] - if (i == 4 &amp;&amp; wildList.indexOf(symbol) != -1): null

2019-08-10 23:50:37 - [TEST_STEP][PASSED] - symbols = symbols: null

2019-08-10 23:50:37 - [TEST_STEP][PASSED] - for ([j = 0, j &lt; symbols.size(), (j++)]): null

2019-08-10 23:50:37 - [TEST_STEP][PASSED] - symbol = symbol: null

2019-08-10 23:50:37 - [TEST_STEP][PASSED] - println(symbol): null

2019-08-10 23:50:37 - [TEST_STEP][PASSED] - if (i == 2 &amp;&amp; wildList.indexOf(symbol) != -1): null

2019-08-10 23:50:37 - [TEST_STEP][PASSED] - if (i == 3 &amp;&amp; wildList.indexOf(symbol) != -1): null

2019-08-10 23:50:37 - [TEST_STEP][PASSED] - if (i == 4 &amp;&amp; wildList.indexOf(symbol) != -1): null

2019-08-10 23:50:37 - [TEST_STEP][PASSED] - symbol = symbol: null

2019-08-10 23:50:37 - [TEST_STEP][PASSED] - println(symbol): null

2019-08-10 23:50:37 - [TEST_STEP][PASSED] - if (i == 2 &amp;&amp; wildList.indexOf(symbol) != -1): null

2019-08-10 23:50:37 - [TEST_STEP][PASSED] - if (i == 3 &amp;&amp; wildList.indexOf(symbol) != -1): null

2019-08-10 23:50:37 - [TEST_STEP][PASSED] - if (i == 4 &amp;&amp; wildList.indexOf(symbol) != -1): null

2019-08-10 23:50:37 - [TEST_STEP][PASSED] - symbol = symbol: null

2019-08-10 23:50:37 - [TEST_STEP][PASSED] - println(symbol): null

2019-08-10 23:50:37 - [TEST_STEP][PASSED] - if (i == 2 &amp;&amp; wildList.indexOf(symbol) != -1): null

2019-08-10 23:50:37 - [TEST_STEP][PASSED] - if (i == 3 &amp;&amp; wildList.indexOf(symbol) != -1): null

2019-08-10 23:50:37 - [TEST_STEP][PASSED] - if (i == 4 &amp;&amp; wildList.indexOf(symbol) != -1): null

2019-08-10 23:50:37 - [TEST_STEP][PASSED] - symbols = symbols: null

2019-08-10 23:50:37 - [TEST_STEP][PASSED] - for ([j = 0, j &lt; symbols.size(), (j++)]): null

2019-08-10 23:50:37 - [TEST_STEP][PASSED] - symbol = symbol: null

2019-08-10 23:50:37 - [TEST_STEP][PASSED] - println(symbol): null

2019-08-10 23:50:37 - [TEST_STEP][PASSED] - if (i == 2 &amp;&amp; wildList.indexOf(symbol) != -1): null

2019-08-10 23:50:37 - [TEST_STEP][PASSED] - if (i == 3 &amp;&amp; wildList.indexOf(symbol) != -1): null

2019-08-10 23:50:37 - [TEST_STEP][PASSED] - if (i == 4 &amp;&amp; wildList.indexOf(symbol) != -1): null

2019-08-10 23:50:37 - [TEST_STEP][PASSED] - symbol = symbol: null

2019-08-10 23:50:37 - [TEST_STEP][PASSED] - println(symbol): null

2019-08-10 23:50:37 - [TEST_STEP][PASSED] - if (i == 2 &amp;&amp; wildList.indexOf(symbol) != -1): null

2019-08-10 23:50:37 - [TEST_STEP][PASSED] - println("wild found on reel 3, adding counter by 1"): null

2019-08-10 23:50:37 - [TEST_STEP][PASSED] - free_spin_reel_counter[0] = free_spin_reel_counter[0] + 1: null

2019-08-10 23:50:37 - [TEST_STEP][PASSED] - if (i == 3 &amp;&amp; wildList.indexOf(symbol) != -1): null

2019-08-10 23:50:37 - [TEST_STEP][PASSED] - if (i == 4 &amp;&amp; wildList.indexOf(symbol) != -1): null

2019-08-10 23:50:37 - [TEST_STEP][PASSED] - symbol = symbol: null

2019-08-10 23:50:37 - [TEST_STEP][PASSED] - println(symbol): null

2019-08-10 23:50:37 - [TEST_STEP][PASSED] - if (i == 2 &amp;&amp; wildList.indexOf(symbol) != -1): null

2019-08-10 23:50:37 - [TEST_STEP][PASSED] - if (i == 3 &amp;&amp; wildList.indexOf(symbol) != -1): null

2019-08-10 23:50:37 - [TEST_STEP][PASSED] - if (i == 4 &amp;&amp; wildList.indexOf(symbol) != -1): null

2019-08-10 23:50:37 - [TEST_STEP][PASSED] - symbols = symbols: null

2019-08-10 23:50:37 - [TEST_STEP][PASSED] - for ([j = 0, j &lt; symbols.size(), (j++)]): null

2019-08-10 23:50:37 - [TEST_STEP][PASSED] - symbol = symbol: null

2019-08-10 23:50:37 - [TEST_STEP][PASSED] - println(symbol): null

2019-08-10 23:50:37 - [TEST_STEP][PASSED] - if (i == 2 &amp;&amp; wildList.indexOf(symbol) != -1): null

2019-08-10 23:50:37 - [TEST_STEP][PASSED] - if (i == 3 &amp;&amp; wildList.indexOf(symbol) != -1): null

2019-08-10 23:50:37 - [TEST_STEP][PASSED] - if (i == 4 &amp;&amp; wildList.indexOf(symbol) != -1): null

2019-08-10 23:50:37 - [TEST_STEP][PASSED] - symbol = symbol: null

2019-08-10 23:50:37 - [TEST_STEP][PASSED] - println(symbol): null

2019-08-10 23:50:37 - [TEST_STEP][PASSED] - if (i == 2 &amp;&amp; wildList.indexOf(symbol) != -1): null

2019-08-10 23:50:37 - [TEST_STEP][PASSED] - if (i == 3 &amp;&amp; wildList.indexOf(symbol) != -1): null

2019-08-10 23:50:37 - [TEST_STEP][PASSED] - if (i == 4 &amp;&amp; wildList.indexOf(symbol) != -1): null

2019-08-10 23:50:37 - [TEST_STEP][PASSED] - symbol = symbol: null

2019-08-10 23:50:41 - [TEST_STEP][PASSED] - println(symbol): null

2019-08-10 23:50:41 - [TEST_STEP][PASSED] - if (i == 2 &amp;&amp; wildList.indexOf(symbol) != -1): null

2019-08-10 23:50:41 - [TEST_STEP][PASSED] - if (i == 3 &amp;&amp; wildList.indexOf(symbol) != -1): null

2019-08-10 23:50:41 - [TEST_STEP][PASSED] - if (i == 4 &amp;&amp; wildList.indexOf(symbol) != -1): null

2019-08-10 23:50:41 - [TEST_STEP][PASSED] - symbols = symbols: null

2019-08-10 23:50:41 - [TEST_STEP][PASSED] - for ([j = 0, j &lt; symbols.size(), (j++)]): null

2019-08-10 23:50:41 - [TEST_STEP][PASSED] - symbol = symbol: null

2019-08-10 23:50:41 - [TEST_STEP][PASSED] - println(symbol): null

2019-08-10 23:50:41 - [TEST_STEP][PASSED] - if (i == 2 &amp;&amp; wildList.indexOf(symbol) != -1): null

2019-08-10 23:50:41 - [TEST_STEP][PASSED] - if (i == 3 &amp;&amp; wildList.indexOf(symbol) != -1): null

2019-08-10 23:50:41 - [TEST_STEP][PASSED] - if (i == 4 &amp;&amp; wildList.indexOf(symbol) != -1): null

2019-08-10 23:50:41 - [TEST_STEP][PASSED] - symbol = symbol: null

2019-08-10 23:50:41 - [TEST_STEP][PASSED] - println(symbol): null

2019-08-10 23:50:41 - [TEST_STEP][PASSED] - if (i == 2 &amp;&amp; wildList.indexOf(symbol) != -1): null

2019-08-10 23:50:41 - [TEST_STEP][PASSED] - if (i == 3 &amp;&amp; wildList.indexOf(symbol) != -1): null

2019-08-10 23:50:41 - [TEST_STEP][PASSED] - if (i == 4 &amp;&amp; wildList.indexOf(symbol) != -1): null

2019-08-10 23:50:41 - [TEST_STEP][PASSED] - symbol = symbol: null

2019-08-10 23:50:41 - [TEST_STEP][PASSED] - println(symbol): null

2019-08-10 23:50:41 - [TEST_STEP][PASSED] - if (i == 2 &amp;&amp; wildList.indexOf(symbol) != -1): null

2019-08-10 23:50:41 - [TEST_STEP][PASSED] - if (i == 3 &amp;&amp; wildList.indexOf(symbol) != -1): null

2019-08-10 23:50:41 - [TEST_STEP][PASSED] - if (i == 4 &amp;&amp; wildList.indexOf(symbol) != -1): null

2019-08-10 23:50:41 - [TEST_STEP][PASSED] - free_spin_reel_counter = free_spin_reel_counter: null

2019-08-10 23:50:41 - [TEST_STEP][PASSED] - println("reel 3 wild found: " + free_spin_reel_counter[0]): null

2019-08-10 23:50:41 - [TEST_STEP][PASSED] - println("reel 4 wild found: " + free_spin_reel_counter[1]): null

2019-08-10 23:50:41 - [TEST_STEP][PASSED] - println("reel 5 wild found: " + free_spin_reel_counter[2]): null

2019-08-10 23:50:41 - [TEST_STEP][PASSED] - M4_spin_reels = M4_spin_reels: null

2019-08-10 23:50:41 - [TEST_STEP][PASSED] - M4_spin_reels_symbols = symbol: null

2019-08-10 23:50:41 - [TEST_STEP][PASSED] - M4_spin_reels_symbols = M4_spin_reels_symbols: null

2019-08-10 23:50:41 - [TEST_STEP][PASSED] - M4_spin_reel_wins = reel_wins: null

2019-08-10 23:50:41 - [TEST_STEP][PASSED] - M4_spin_reel_wins = M4_spin_reel_wins: null

2019-08-10 23:50:41 - [TEST_STEP][PASSED] - println("GlobalVariable.M4_spin_reel_wins is: " + M4_spin_reel_wins): null

2019-08-10 23:50:41 - [TEST_STEP][PASSED] - M4_spin_total_bonus_win_this_round = total_bonus_win_this_round: null

2019-08-10 23:50:41 - [TEST_STEP][PASSED] - M4_spin_total_bonus_win_this_round = M4_spin_total_bonus_win_this_round: null

2019-08-10 23:50:41 - [TEST_STEP][PASSED] - println("GlobalVariable.M4_spin_total_bonus_win_this_round is: " + M4_spin_total_bonus_win_this_round): null

2019-08-10 23:50:41 - [MESSAGE][PASSED] - Verify response successfully

2019-08-10 23:50:41 - [MESSAGE][PASSED] - Send request and verify the response successfully

2019-08-10 23:50:41 - [TEST_STEP][PASSED] - if (M4_total_bonus_spins_int != 0 &amp;&amp; M4_spin_reels_symbols[2].contains("WILD_ExtraFG") || M4_spin_reels_symbols[3].contains("WILD_ExtraFG")): null

2019-08-10 23:50:41 - [TEST_STEP][PASSED] - free_spin_reel_counter = free_spin_reel_counter: null

2019-08-10 23:50:41 - [TEST_STEP][PASSED] - M4_spin_reels_symbols = M4_spin_reels_symbols: null

2019-08-10 23:50:41 - [TEST_STEP][PASSED] - M4_total_bonus_spins = M4_total_bonus_spins: null

2019-08-10 23:50:41 - [TEST_STEP][PASSED] - spin_result = sendRequestAndVerify(findTestObject("RGS(M4)/1_M4_spin", ["M4_login_user_id":M4_login_user_id, "rgs_session_token":rgs_session_token, "partner":Partner])): Send request and verify the response successfully

2019-08-10 23:50:41 - [TEST_CASE][PASSED] - Start Test Case : Verification: Verification accomplished successfully

2019-08-10 23:50:42 - [TEST_STEP][PASSED] - request = getInstance().getCurrentRequest(): null

2019-08-10 23:50:42 - [TEST_STEP][PASSED] - response = getInstance().getCurrentResponse(): null

2019-08-10 23:50:42 - [TEST_STEP][PASSED] - verifyResponseStatusCode(response, 200): Verify response status code successfully

2019-08-10 23:50:42 - [MESSAGE][PASSED] - Verify response status code successfully

2019-08-10 23:50:42 - [TEST_STEP][PASSED] - getStatusCode()).isEqualTo(200): null

2019-08-10 23:50:42 - [TEST_STEP][PASSED] - newline = System.getProperty("line.separator"): null

2019-08-10 23:50:42 - [TEST_STEP][PASSED] - M4_spin = new groovy.json.JsonSlurper(): null

2019-08-10 23:50:42 - [TEST_STEP][PASSED] - result_M4_spin = M4_spin.parseText(response.getResponseBodyContent()): null

2019-08-10 23:50:42 - [TEST_STEP][PASSED] - M4_spin_current_balance = current_balance: null

2019-08-10 23:50:42 - [TEST_STEP][PASSED] - M4_spin_current_balance = M4_spin_current_balance: null

2019-08-10 23:50:42 - [TEST_STEP][PASSED] - M4_spin_transaction_id = causality: null

2019-08-10 23:50:42 - [TEST_STEP][PASSED] - M4_spin_transaction_id = M4_spin_transaction_id: null

2019-08-10 23:50:42 - [TEST_STEP][PASSED] - M4_spin_round_id = round_id: null

2019-08-10 23:50:42 - [TEST_STEP][PASSED] - M4_spin_round_id = M4_spin_round_id: null

2019-08-10 23:50:42 - [TEST_STEP][PASSED] - M4_spin_line_wins = line_wins: null

2019-08-10 23:50:42 - [TEST_STEP][PASSED] - M4_spin_line_wins = M4_spin_line_wins: null

2019-08-10 23:50:42 - [TEST_STEP][PASSED] - M4_total_bonus_spins_int = total_bonus_spins: null

2019-08-10 23:50:42 - [TEST_STEP][PASSED] - println("******M4_total_bonus_spins type is:*******" + newline + getClass().getName()): null

2019-08-10 23:50:42 - [TEST_STEP][PASSED] - M4_total_bonus_spins_int = M4_total_bonus_spins_int: null

2019-08-10 23:50:42 - [TEST_STEP][PASSED] - M4_total_bonus_spins = Integer.toString(M4_total_bonus_spins_int): null

2019-08-10 23:50:42 - [TEST_STEP][PASSED] - M4_total_bonus_spins = M4_total_bonus_spins: null

2019-08-10 23:50:42 - [TEST_STEP][PASSED] - println("M4_total_bonus_spins is:" + M4_total_bonus_spins): null

2019-08-10 23:50:42 - [TEST_STEP][PASSED] - M4_spin_bonus_data = bonus_data: null

2019-08-10 23:50:42 - [TEST_STEP][PASSED] - M4_spin_features_triggered = result_M4_spin: null

2019-08-10 23:50:42 - [TEST_STEP][PASSED] - wild = []: null

2019-08-10 23:50:42 - [TEST_STEP][PASSED] - wild[0] = "WILD_Expanding": null

2019-08-10 23:50:42 - [TEST_STEP][PASSED] - wild[1] = "WILD_Normal": null

2019-08-10 23:50:42 - [TEST_STEP][PASSED] - wild[2] = "WILD_Double": null

2019-08-10 23:50:42 - [TEST_STEP][PASSED] - wild[3] = "WILD_ExtraFG": null

2019-08-10 23:50:42 - [TEST_STEP][PASSED] - wild[4] = "WILD_Triple": null

2019-08-10 23:50:42 - [TEST_STEP][PASSED] - wildList = Arrays.asList(wild): null

2019-08-10 23:50:42 - [TEST_STEP][PASSED] - wildList = wildList: null

2019-08-10 23:50:42 - [TEST_STEP][PASSED] - free_spin_reel_counter = []: null

2019-08-10 23:50:42 - [TEST_STEP][PASSED] - free_spin_reel_counter[0] = 0: null

2019-08-10 23:50:42 - [TEST_STEP][PASSED] - free_spin_reel_counter[1] = 0: null

2019-08-10 23:50:42 - [TEST_STEP][PASSED] - free_spin_reel_counter[2] = 0: null

2019-08-10 23:50:42 - [TEST_STEP][PASSED] - M4_spin_reels = reels: null

2019-08-10 23:50:42 - [TEST_STEP][PASSED] - for ([i = 0, i &lt; M4_spin_reels.size(), (i++)]): null

2019-08-10 23:50:42 - [TEST_STEP][PASSED] - symbols = symbols: null

2019-08-10 23:50:42 - [TEST_STEP][PASSED] - for ([j = 0, j &lt; symbols.size(), (j++)]): null

2019-08-10 23:50:42 - [TEST_STEP][PASSED] - symbol = symbol: null

2019-08-10 23:50:42 - [TEST_STEP][PASSED] - println(symbol): null

2019-08-10 23:50:42 - [TEST_STEP][PASSED] - if (i == 2 &amp;&amp; wildList.indexOf(symbol) != -1): null

2019-08-10 23:50:42 - [TEST_STEP][PASSED] - if (i == 3 &amp;&amp; wildList.indexOf(symbol) != -1): null

2019-08-10 23:50:42 - [TEST_STEP][PASSED] - if (i == 4 &amp;&amp; wildList.indexOf(symbol) != -1): null

2019-08-10 23:50:42 - [TEST_STEP][PASSED] - symbol = symbol: null

2019-08-10 23:50:42 - [TEST_STEP][PASSED] - println(symbol): null

2019-08-10 23:50:42 - [TEST_STEP][PASSED] - if (i == 2 &amp;&amp; wildList.indexOf(symbol) != -1): null

2019-08-10 23:50:42 - [TEST_STEP][PASSED] - if (i == 3 &amp;&amp; wildList.indexOf(symbol) != -1): null

2019-08-10 23:50:42 - [TEST_STEP][PASSED] - if (i == 4 &amp;&amp; wildList.indexOf(symbol) != -1): null

2019-08-10 23:50:42 - [TEST_STEP][PASSED] - symbol = symbol: null

2019-08-10 23:50:42 - [TEST_STEP][PASSED] - println(symbol): null

2019-08-10 23:50:42 - [TEST_STEP][PASSED] - if (i == 2 &amp;&amp; wildList.indexOf(symbol) != -1): null

2019-08-10 23:50:42 - [TEST_STEP][PASSED] - if (i == 3 &amp;&amp; wildList.indexOf(symbol) != -1): null

2019-08-10 23:50:42 - [TEST_STEP][PASSED] - if (i == 4 &amp;&amp; wildList.indexOf(symbol) != -1): null

2019-08-10 23:50:42 - [TEST_STEP][PASSED] - symbols = symbols: null

2019-08-10 23:50:42 - [TEST_STEP][PASSED] - for ([j = 0, j &lt; symbols.size(), (j++)]): null

2019-08-10 23:50:42 - [TEST_STEP][PASSED] - symbol = symbol: null

2019-08-10 23:50:42 - [TEST_STEP][PASSED] - println(symbol): null

2019-08-10 23:50:42 - [TEST_STEP][PASSED] - if (i == 2 &amp;&amp; wildList.indexOf(symbol) != -1): null

2019-08-10 23:50:42 - [TEST_STEP][PASSED] - if (i == 3 &amp;&amp; wildList.indexOf(symbol) != -1): null

2019-08-10 23:50:42 - [TEST_STEP][PASSED] - if (i == 4 &amp;&amp; wildList.indexOf(symbol) != -1): null

2019-08-10 23:50:42 - [TEST_STEP][PASSED] - symbol = symbol: null

2019-08-10 23:50:42 - [TEST_STEP][PASSED] - println(symbol): null

2019-08-10 23:50:42 - [TEST_STEP][PASSED] - if (i == 2 &amp;&amp; wildList.indexOf(symbol) != -1): null

2019-08-10 23:50:42 - [TEST_STEP][PASSED] - if (i == 3 &amp;&amp; wildList.indexOf(symbol) != -1): null

2019-08-10 23:50:42 - [TEST_STEP][PASSED] - if (i == 4 &amp;&amp; wildList.indexOf(symbol) != -1): null

2019-08-10 23:50:42 - [TEST_STEP][PASSED] - symbol = symbol: null

2019-08-10 23:50:42 - [TEST_STEP][PASSED] - println(symbol): null

2019-08-10 23:50:42 - [TEST_STEP][PASSED] - if (i == 2 &amp;&amp; wildList.indexOf(symbol) != -1): null

2019-08-10 23:50:42 - [TEST_STEP][PASSED] - if (i == 3 &amp;&amp; wildList.indexOf(symbol) != -1): null

2019-08-10 23:50:42 - [TEST_STEP][PASSED] - if (i == 4 &amp;&amp; wildList.indexOf(symbol) != -1): null

2019-08-10 23:50:42 - [TEST_STEP][PASSED] - symbols = symbols: null

2019-08-10 23:50:42 - [TEST_STEP][PASSED] - for ([j = 0, j &lt; symbols.size(), (j++)]): null

2019-08-10 23:50:42 - [TEST_STEP][PASSED] - symbol = symbol: null

2019-08-10 23:50:42 - [TEST_STEP][PASSED] - println(symbol): null

2019-08-10 23:50:42 - [TEST_STEP][PASSED] - if (i == 2 &amp;&amp; wildList.indexOf(symbol) != -1): null

2019-08-10 23:50:42 - [TEST_STEP][PASSED] - if (i == 3 &amp;&amp; wildList.indexOf(symbol) != -1): null

2019-08-10 23:50:42 - [TEST_STEP][PASSED] - if (i == 4 &amp;&amp; wildList.indexOf(symbol) != -1): null

2019-08-10 23:50:42 - [TEST_STEP][PASSED] - symbol = symbol: null

2019-08-10 23:50:42 - [TEST_STEP][PASSED] - println(symbol): null

2019-08-10 23:50:42 - [TEST_STEP][PASSED] - if (i == 2 &amp;&amp; wildList.indexOf(symbol) != -1): null

2019-08-10 23:50:42 - [TEST_STEP][PASSED] - if (i == 3 &amp;&amp; wildList.indexOf(symbol) != -1): null

2019-08-10 23:50:42 - [TEST_STEP][PASSED] - if (i == 4 &amp;&amp; wildList.indexOf(symbol) != -1): null

2019-08-10 23:50:42 - [TEST_STEP][PASSED] - symbol = symbol: null

2019-08-10 23:50:42 - [TEST_STEP][PASSED] - println(symbol): null

2019-08-10 23:50:42 - [TEST_STEP][PASSED] - if (i == 2 &amp;&amp; wildList.indexOf(symbol) != -1): null

2019-08-10 23:50:42 - [TEST_STEP][PASSED] - if (i == 3 &amp;&amp; wildList.indexOf(symbol) != -1): null

2019-08-10 23:50:42 - [TEST_STEP][PASSED] - if (i == 4 &amp;&amp; wildList.indexOf(symbol) != -1): null

2019-08-10 23:50:42 - [TEST_STEP][PASSED] - symbols = symbols: null

2019-08-10 23:50:42 - [TEST_STEP][PASSED] - for ([j = 0, j &lt; symbols.size(), (j++)]): null

2019-08-10 23:50:42 - [TEST_STEP][PASSED] - symbol = symbol: null

2019-08-10 23:50:42 - [TEST_STEP][PASSED] - println(symbol): null

2019-08-10 23:50:42 - [TEST_STEP][PASSED] - if (i == 2 &amp;&amp; wildList.indexOf(symbol) != -1): null

2019-08-10 23:50:42 - [TEST_STEP][PASSED] - if (i == 3 &amp;&amp; wildList.indexOf(symbol) != -1): null

2019-08-10 23:50:42 - [TEST_STEP][PASSED] - if (i == 4 &amp;&amp; wildList.indexOf(symbol) != -1): null

2019-08-10 23:50:42 - [TEST_STEP][PASSED] - symbol = symbol: null

2019-08-10 23:50:42 - [TEST_STEP][PASSED] - println(symbol): null

2019-08-10 23:50:42 - [TEST_STEP][PASSED] - if (i == 2 &amp;&amp; wildList.indexOf(symbol) != -1): null

2019-08-10 23:50:42 - [TEST_STEP][PASSED] - if (i == 3 &amp;&amp; wildList.indexOf(symbol) != -1): null

2019-08-10 23:50:42 - [TEST_STEP][PASSED] - if (i == 4 &amp;&amp; wildList.indexOf(symbol) != -1): null

2019-08-10 23:50:42 - [TEST_STEP][PASSED] - symbol = symbol: null

2019-08-10 23:50:42 - [TEST_STEP][PASSED] - println(symbol): null

2019-08-10 23:50:42 - [TEST_STEP][PASSED] - if (i == 2 &amp;&amp; wildList.indexOf(symbol) != -1): null

2019-08-10 23:50:42 - [TEST_STEP][PASSED] - if (i == 3 &amp;&amp; wildList.indexOf(symbol) != -1): null

2019-08-10 23:50:42 - [TEST_STEP][PASSED] - if (i == 4 &amp;&amp; wildList.indexOf(symbol) != -1): null

2019-08-10 23:50:42 - [TEST_STEP][PASSED] - symbols = symbols: null

2019-08-10 23:50:42 - [TEST_STEP][PASSED] - for ([j = 0, j &lt; symbols.size(), (j++)]): null

2019-08-10 23:50:42 - [TEST_STEP][PASSED] - symbol = symbol: null

2019-08-10 23:50:42 - [TEST_STEP][PASSED] - println(symbol): null

2019-08-10 23:50:42 - [TEST_STEP][PASSED] - if (i == 2 &amp;&amp; wildList.indexOf(symbol) != -1): null

2019-08-10 23:50:42 - [TEST_STEP][PASSED] - if (i == 3 &amp;&amp; wildList.indexOf(symbol) != -1): null

2019-08-10 23:50:42 - [TEST_STEP][PASSED] - if (i == 4 &amp;&amp; wildList.indexOf(symbol) != -1): null

2019-08-10 23:50:42 - [TEST_STEP][PASSED] - symbol = symbol: null

2019-08-10 23:50:42 - [TEST_STEP][PASSED] - println(symbol): null

2019-08-10 23:50:42 - [TEST_STEP][PASSED] - if (i == 2 &amp;&amp; wildList.indexOf(symbol) != -1): null

2019-08-10 23:50:42 - [TEST_STEP][PASSED] - if (i == 3 &amp;&amp; wildList.indexOf(symbol) != -1): null

2019-08-10 23:50:42 - [TEST_STEP][PASSED] - if (i == 4 &amp;&amp; wildList.indexOf(symbol) != -1): null

2019-08-10 23:50:42 - [TEST_STEP][PASSED] - symbol = symbol: null

2019-08-10 23:50:42 - [TEST_STEP][PASSED] - println(symbol): null

2019-08-10 23:50:42 - [TEST_STEP][PASSED] - if (i == 2 &amp;&amp; wildList.indexOf(symbol) != -1): null

2019-08-10 23:50:42 - [TEST_STEP][PASSED] - if (i == 3 &amp;&amp; wildList.indexOf(symbol) != -1): null

2019-08-10 23:50:42 - [TEST_STEP][PASSED] - if (i == 4 &amp;&amp; wildList.indexOf(symbol) != -1): null

2019-08-10 23:50:42 - [TEST_STEP][PASSED] - free_spin_reel_counter = free_spin_reel_counter: null

2019-08-10 23:50:42 - [TEST_STEP][PASSED] - println("reel 3 wild found: " + free_spin_reel_counter[0]): null

2019-08-10 23:50:42 - [TEST_STEP][PASSED] - println("reel 4 wild found: " + free_spin_reel_counter[1]): null

2019-08-10 23:50:42 - [TEST_STEP][PASSED] - println("reel 5 wild found: " + free_spin_reel_counter[2]): null

2019-08-10 23:50:42 - [TEST_STEP][PASSED] - M4_spin_reels = M4_spin_reels: null

2019-08-10 23:50:42 - [TEST_STEP][PASSED] - M4_spin_reels_symbols = symbol: null

2019-08-10 23:50:42 - [TEST_STEP][PASSED] - M4_spin_reels_symbols = M4_spin_reels_symbols: null

2019-08-10 23:50:42 - [TEST_STEP][PASSED] - M4_spin_reel_wins = reel_wins: null

2019-08-10 23:50:42 - [TEST_STEP][PASSED] - M4_spin_reel_wins = M4_spin_reel_wins: null

2019-08-10 23:50:42 - [TEST_STEP][PASSED] - println("GlobalVariable.M4_spin_reel_wins is: " + M4_spin_reel_wins): null

2019-08-10 23:50:42 - [TEST_STEP][PASSED] - M4_spin_total_bonus_win_this_round = total_bonus_win_this_round: null

2019-08-10 23:50:42 - [TEST_STEP][PASSED] - M4_spin_total_bonus_win_this_round = M4_spin_total_bonus_win_this_round: null

2019-08-10 23:50:42 - [TEST_STEP][PASSED] - println("GlobalVariable.M4_spin_total_bonus_win_this_round is: " + M4_spin_total_bonus_win_this_round): null

2019-08-10 23:50:42 - [MESSAGE][PASSED] - Verify response successfully

2019-08-10 23:50:42 - [MESSAGE][PASSED] - Send request and verify the response successfully

2019-08-10 23:50:42 - [TEST_STEP][PASSED] - if (M4_total_bonus_spins_int != 0 &amp;&amp; M4_spin_reels_symbols[2].contains("WILD_ExtraFG") || M4_spin_reels_symbols[3].contains("WILD_ExtraFG")): null

2019-08-10 23:50:42 - [TEST_STEP][PASSED] - free_spin_reel_counter = free_spin_reel_counter: null

2019-08-10 23:50:42 - [TEST_STEP][PASSED] - M4_spin_reels_symbols = M4_spin_reels_symbols: null

2019-08-10 23:50:42 - [TEST_STEP][PASSED] - M4_total_bonus_spins = M4_total_bonus_spins: null

2019-08-10 23:50:42 - [TEST_STEP][PASSED] - spin_result = sendRequestAndVerify(findTestObject("RGS(M4)/1_M4_spin", ["M4_login_user_id":M4_login_user_id, "rgs_session_token":rgs_session_token, "partner":Partner])): Send request and verify the response successfully

2019-08-10 23:50:42 - [TEST_CASE][PASSED] - Start Test Case : Verification: Verification accomplished successfully

2019-08-10 23:50:42 - [TEST_STEP][PASSED] - request = getInstance().getCurrentRequest(): null

2019-08-10 23:50:42 - [TEST_STEP][PASSED] - response = getInstance().getCurrentResponse(): null

2019-08-10 23:50:42 - [TEST_STEP][PASSED] - verifyResponseStatusCode(response, 200): Verify response status code successfully

2019-08-10 23:50:42 - [MESSAGE][PASSED] - Verify response status code successfully

2019-08-10 23:50:42 - [TEST_STEP][PASSED] - getStatusCode()).isEqualTo(200): null

2019-08-10 23:50:42 - [TEST_STEP][PASSED] - newline = System.getProperty("line.separator"): null

2019-08-10 23:50:42 - [TEST_STEP][PASSED] - M4_spin = new groovy.json.JsonSlurper(): null

2019-08-10 23:50:42 - [TEST_STEP][PASSED] - result_M4_spin = M4_spin.parseText(response.getResponseBodyContent()): null

2019-08-10 23:50:42 - [TEST_STEP][PASSED] - M4_spin_current_balance = current_balance: null

2019-08-10 23:50:42 - [TEST_STEP][PASSED] - M4_spin_current_balance = M4_spin_current_balance: null

2019-08-10 23:50:42 - [TEST_STEP][PASSED] - M4_spin_transaction_id = causality: null

2019-08-10 23:50:42 - [TEST_STEP][PASSED] - M4_spin_transaction_id = M4_spin_transaction_id: null

2019-08-10 23:50:42 - [TEST_STEP][PASSED] - M4_spin_round_id = round_id: null

2019-08-10 23:50:42 - [TEST_STEP][PASSED] - M4_spin_round_id = M4_spin_round_id: null

2019-08-10 23:50:42 - [TEST_STEP][PASSED] - M4_spin_line_wins = line_wins: null

2019-08-10 23:50:42 - [TEST_STEP][PASSED] - M4_spin_line_wins = M4_spin_line_wins: null

2019-08-10 23:50:42 - [TEST_STEP][PASSED] - M4_total_bonus_spins_int = total_bonus_spins: null

2019-08-10 23:50:42 - [TEST_STEP][PASSED] - println("******M4_total_bonus_spins type is:*******" + newline + getClass().getName()): null

2019-08-10 23:50:42 - [TEST_STEP][PASSED] - M4_total_bonus_spins_int = M4_total_bonus_spins_int: null

2019-08-10 23:50:42 - [TEST_STEP][PASSED] - M4_total_bonus_spins = Integer.toString(M4_total_bonus_spins_int): null

2019-08-10 23:50:42 - [TEST_STEP][PASSED] - M4_total_bonus_spins = M4_total_bonus_spins: null

2019-08-10 23:50:42 - [TEST_STEP][PASSED] - println("M4_total_bonus_spins is:" + M4_total_bonus_spins): null

2019-08-10 23:50:42 - [TEST_STEP][PASSED] - M4_spin_bonus_data = bonus_data: null

2019-08-10 23:50:42 - [TEST_STEP][PASSED] - M4_spin_features_triggered = result_M4_spin: null

2019-08-10 23:50:42 - [TEST_STEP][PASSED] - wild = []: null

2019-08-10 23:50:42 - [TEST_STEP][PASSED] - wild[0] = "WILD_Expanding": null

2019-08-10 23:50:42 - [TEST_STEP][PASSED] - wild[1] = "WILD_Normal": null

2019-08-10 23:50:42 - [TEST_STEP][PASSED] - wild[2] = "WILD_Double": null

2019-08-10 23:50:42 - [TEST_STEP][PASSED] - wild[3] = "WILD_ExtraFG": null

2019-08-10 23:50:42 - [TEST_STEP][PASSED] - wild[4] = "WILD_Triple": null

2019-08-10 23:50:42 - [TEST_STEP][PASSED] - wildList = Arrays.asList(wild): null

2019-08-10 23:50:42 - [TEST_STEP][PASSED] - wildList = wildList: null

2019-08-10 23:50:42 - [TEST_STEP][PASSED] - free_spin_reel_counter = []: null

2019-08-10 23:50:42 - [TEST_STEP][PASSED] - free_spin_reel_counter[0] = 0: null

2019-08-10 23:50:42 - [TEST_STEP][PASSED] - free_spin_reel_counter[1] = 0: null

2019-08-10 23:50:42 - [TEST_STEP][PASSED] - free_spin_reel_counter[2] = 0: null

2019-08-10 23:50:42 - [TEST_STEP][PASSED] - M4_spin_reels = reels: null

2019-08-10 23:50:42 - [TEST_STEP][PASSED] - for ([i = 0, i &lt; M4_spin_reels.size(), (i++)]): null

2019-08-10 23:50:42 - [TEST_STEP][PASSED] - symbols = symbols: null

2019-08-10 23:50:42 - [TEST_STEP][PASSED] - for ([j = 0, j &lt; symbols.size(), (j++)]): null

2019-08-10 23:50:42 - [TEST_STEP][PASSED] - symbol = symbol: null

2019-08-10 23:50:42 - [TEST_STEP][PASSED] - println(symbol): null

2019-08-10 23:50:42 - [TEST_STEP][PASSED] - if (i == 2 &amp;&amp; wildList.indexOf(symbol) != -1): null

2019-08-10 23:50:42 - [TEST_STEP][PASSED] - if (i == 3 &amp;&amp; wildList.indexOf(symbol) != -1): null

2019-08-10 23:50:42 - [TEST_STEP][PASSED] - if (i == 4 &amp;&amp; wildList.indexOf(symbol) != -1): null

2019-08-10 23:50:42 - [TEST_STEP][PASSED] - symbol = symbol: null

2019-08-10 23:50:42 - [TEST_STEP][PASSED] - println(symbol): null

2019-08-10 23:50:42 - [TEST_STEP][PASSED] - if (i == 2 &amp;&amp; wildList.indexOf(symbol) != -1): null

2019-08-10 23:50:42 - [TEST_STEP][PASSED] - if (i == 3 &amp;&amp; wildList.indexOf(symbol) != -1): null

2019-08-10 23:50:42 - [TEST_STEP][PASSED] - if (i == 4 &amp;&amp; wildList.indexOf(symbol) != -1): null

2019-08-10 23:50:42 - [TEST_STEP][PASSED] - symbol = symbol: null

2019-08-10 23:50:42 - [TEST_STEP][PASSED] - println(symbol): null

2019-08-10 23:50:42 - [TEST_STEP][PASSED] - if (i == 2 &amp;&amp; wildList.indexOf(symbol) != -1): null

2019-08-10 23:50:42 - [TEST_STEP][PASSED] - if (i == 3 &amp;&amp; wildList.indexOf(symbol) != -1): null

2019-08-10 23:50:42 - [TEST_STEP][PASSED] - if (i == 4 &amp;&amp; wildList.indexOf(symbol) != -1): null

2019-08-10 23:50:42 - [TEST_STEP][PASSED] - symbols = symbols: null

2019-08-10 23:50:42 - [TEST_STEP][PASSED] - for ([j = 0, j &lt; symbols.size(), (j++)]): null

2019-08-10 23:50:42 - [TEST_STEP][PASSED] - symbol = symbol: null

2019-08-10 23:50:42 - [TEST_STEP][PASSED] - println(symbol): null

2019-08-10 23:50:42 - [TEST_STEP][PASSED] - if (i == 2 &amp;&amp; wildList.indexOf(symbol) != -1): null

2019-08-10 23:50:42 - [TEST_STEP][PASSED] - if (i == 3 &amp;&amp; wildList.indexOf(symbol) != -1): null

2019-08-10 23:50:42 - [TEST_STEP][PASSED] - if (i == 4 &amp;&amp; wildList.indexOf(symbol) != -1): null

2019-08-10 23:50:42 - [TEST_STEP][PASSED] - symbol = symbol: null

2019-08-10 23:50:42 - [TEST_STEP][PASSED] - println(symbol): null

2019-08-10 23:50:42 - [TEST_STEP][PASSED] - if (i == 2 &amp;&amp; wildList.indexOf(symbol) != -1): null

2019-08-10 23:50:42 - [TEST_STEP][PASSED] - if (i == 3 &amp;&amp; wildList.indexOf(symbol) != -1): null

2019-08-10 23:50:42 - [TEST_STEP][PASSED] - if (i == 4 &amp;&amp; wildList.indexOf(symbol) != -1): null

2019-08-10 23:50:42 - [TEST_STEP][PASSED] - symbol = symbol: null

2019-08-10 23:50:42 - [TEST_STEP][PASSED] - println(symbol): null

2019-08-10 23:50:42 - [TEST_STEP][PASSED] - if (i == 2 &amp;&amp; wildList.indexOf(symbol) != -1): null

2019-08-10 23:50:42 - [TEST_STEP][PASSED] - if (i == 3 &amp;&amp; wildList.indexOf(symbol) != -1): null

2019-08-10 23:50:42 - [TEST_STEP][PASSED] - if (i == 4 &amp;&amp; wildList.indexOf(symbol) != -1): null

2019-08-10 23:50:42 - [TEST_STEP][PASSED] - symbols = symbols: null

2019-08-10 23:50:42 - [TEST_STEP][PASSED] - for ([j = 0, j &lt; symbols.size(), (j++)]): null

2019-08-10 23:50:42 - [TEST_STEP][PASSED] - symbol = symbol: null

2019-08-10 23:50:42 - [TEST_STEP][PASSED] - println(symbol): null

2019-08-10 23:50:42 - [TEST_STEP][PASSED] - if (i == 2 &amp;&amp; wildList.indexOf(symbol) != -1): null

2019-08-10 23:50:42 - [TEST_STEP][PASSED] - if (i == 3 &amp;&amp; wildList.indexOf(symbol) != -1): null

2019-08-10 23:50:42 - [TEST_STEP][PASSED] - if (i == 4 &amp;&amp; wildList.indexOf(symbol) != -1): null

2019-08-10 23:50:42 - [TEST_STEP][PASSED] - symbol = symbol: null

2019-08-10 23:50:42 - [TEST_STEP][PASSED] - println(symbol): null

2019-08-10 23:50:42 - [TEST_STEP][PASSED] - if (i == 2 &amp;&amp; wildList.indexOf(symbol) != -1): null

2019-08-10 23:50:42 - [TEST_STEP][PASSED] - if (i == 3 &amp;&amp; wildList.indexOf(symbol) != -1): null

2019-08-10 23:50:42 - [TEST_STEP][PASSED] - if (i == 4 &amp;&amp; wildList.indexOf(symbol) != -1): null

2019-08-10 23:50:42 - [TEST_STEP][PASSED] - symbol = symbol: null

2019-08-10 23:50:42 - [TEST_STEP][PASSED] - println(symbol): null

2019-08-10 23:50:42 - [TEST_STEP][PASSED] - if (i == 2 &amp;&amp; wildList.indexOf(symbol) != -1): null

2019-08-10 23:50:42 - [TEST_STEP][PASSED] - if (i == 3 &amp;&amp; wildList.indexOf(symbol) != -1): null

2019-08-10 23:50:42 - [TEST_STEP][PASSED] - if (i == 4 &amp;&amp; wildList.indexOf(symbol) != -1): null

2019-08-10 23:50:42 - [TEST_STEP][PASSED] - symbols = symbols: null

2019-08-10 23:50:42 - [TEST_STEP][PASSED] - for ([j = 0, j &lt; symbols.size(), (j++)]): null

2019-08-10 23:50:42 - [TEST_STEP][PASSED] - symbol = symbol: null

2019-08-10 23:50:42 - [TEST_STEP][PASSED] - println(symbol): null

2019-08-10 23:50:42 - [TEST_STEP][PASSED] - if (i == 2 &amp;&amp; wildList.indexOf(symbol) != -1): null

2019-08-10 23:50:42 - [TEST_STEP][PASSED] - if (i == 3 &amp;&amp; wildList.indexOf(symbol) != -1): null

2019-08-10 23:50:42 - [TEST_STEP][PASSED] - if (i == 4 &amp;&amp; wildList.indexOf(symbol) != -1): null

2019-08-10 23:50:42 - [TEST_STEP][PASSED] - symbol = symbol: null

2019-08-10 23:50:42 - [TEST_STEP][PASSED] - println(symbol): null

2019-08-10 23:50:42 - [TEST_STEP][PASSED] - if (i == 2 &amp;&amp; wildList.indexOf(symbol) != -1): null

2019-08-10 23:50:42 - [TEST_STEP][PASSED] - if (i == 3 &amp;&amp; wildList.indexOf(symbol) != -1): null

2019-08-10 23:50:42 - [TEST_STEP][PASSED] - if (i == 4 &amp;&amp; wildList.indexOf(symbol) != -1): null

2019-08-10 23:50:42 - [TEST_STEP][PASSED] - symbol = symbol: null

2019-08-10 23:50:42 - [TEST_STEP][PASSED] - println(symbol): null

2019-08-10 23:50:42 - [TEST_STEP][PASSED] - if (i == 2 &amp;&amp; wildList.indexOf(symbol) != -1): null

2019-08-10 23:50:42 - [TEST_STEP][PASSED] - if (i == 3 &amp;&amp; wildList.indexOf(symbol) != -1): null

2019-08-10 23:50:42 - [TEST_STEP][PASSED] - if (i == 4 &amp;&amp; wildList.indexOf(symbol) != -1): null

2019-08-10 23:50:42 - [TEST_STEP][PASSED] - symbols = symbols: null

2019-08-10 23:50:42 - [TEST_STEP][PASSED] - for ([j = 0, j &lt; symbols.size(), (j++)]): null

2019-08-10 23:50:42 - [TEST_STEP][PASSED] - symbol = symbol: null

2019-08-10 23:50:42 - [TEST_STEP][PASSED] - println(symbol): null

2019-08-10 23:50:42 - [TEST_STEP][PASSED] - if (i == 2 &amp;&amp; wildList.indexOf(symbol) != -1): null

2019-08-10 23:50:42 - [TEST_STEP][PASSED] - if (i == 3 &amp;&amp; wildList.indexOf(symbol) != -1): null

2019-08-10 23:50:42 - [TEST_STEP][PASSED] - if (i == 4 &amp;&amp; wildList.indexOf(symbol) != -1): null

2019-08-10 23:50:42 - [TEST_STEP][PASSED] - symbol = symbol: null

2019-08-10 23:50:42 - [TEST_STEP][PASSED] - println(symbol): null

2019-08-10 23:50:42 - [TEST_STEP][PASSED] - if (i == 2 &amp;&amp; wildList.indexOf(symbol) != -1): null

2019-08-10 23:50:42 - [TEST_STEP][PASSED] - if (i == 3 &amp;&amp; wildList.indexOf(symbol) != -1): null

2019-08-10 23:50:42 - [TEST_STEP][PASSED] - if (i == 4 &amp;&amp; wildList.indexOf(symbol) != -1): null

2019-08-10 23:50:42 - [TEST_STEP][PASSED] - symbol = symbol: null

2019-08-10 23:50:42 - [TEST_STEP][PASSED] - println(symbol): null

2019-08-10 23:50:42 - [TEST_STEP][PASSED] - if (i == 2 &amp;&amp; wildList.indexOf(symbol) != -1): null

2019-08-10 23:50:42 - [TEST_STEP][PASSED] - if (i == 3 &amp;&amp; wildList.indexOf(symbol) != -1): null

2019-08-10 23:50:42 - [TEST_STEP][PASSED] - if (i == 4 &amp;&amp; wildList.indexOf(symbol) != -1): null

2019-08-10 23:50:42 - [TEST_STEP][PASSED] - free_spin_reel_counter = free_spin_reel_counter: null

2019-08-10 23:50:42 - [TEST_STEP][PASSED] - println("reel 3 wild found: " + free_spin_reel_counter[0]): null

2019-08-10 23:50:42 - [TEST_STEP][PASSED] - println("reel 4 wild found: " + free_spin_reel_counter[1]): null

2019-08-10 23:50:42 - [TEST_STEP][PASSED] - println("reel 5 wild found: " + free_spin_reel_counter[2]): null

2019-08-10 23:50:42 - [TEST_STEP][PASSED] - M4_spin_reels = M4_spin_reels: null

2019-08-10 23:50:42 - [TEST_STEP][PASSED] - M4_spin_reels_symbols = symbol: null

2019-08-10 23:50:42 - [TEST_STEP][PASSED] - M4_spin_reels_symbols = M4_spin_reels_symbols: null

2019-08-10 23:50:42 - [TEST_STEP][PASSED] - M4_spin_reel_wins = reel_wins: null

2019-08-10 23:50:42 - [TEST_STEP][PASSED] - M4_spin_reel_wins = M4_spin_reel_wins: null

2019-08-10 23:50:42 - [TEST_STEP][PASSED] - println("GlobalVariable.M4_spin_reel_wins is: " + M4_spin_reel_wins): null

2019-08-10 23:50:42 - [TEST_STEP][PASSED] - M4_spin_total_bonus_win_this_round = total_bonus_win_this_round: null

2019-08-10 23:50:42 - [TEST_STEP][PASSED] - M4_spin_total_bonus_win_this_round = M4_spin_total_bonus_win_this_round: null

2019-08-10 23:50:42 - [TEST_STEP][PASSED] - println("GlobalVariable.M4_spin_total_bonus_win_this_round is: " + M4_spin_total_bonus_win_this_round): null

2019-08-10 23:50:46 - [MESSAGE][PASSED] - Verify response successfully

2019-08-10 23:50:46 - [MESSAGE][PASSED] - Send request and verify the response successfully

2019-08-10 23:50:46 - [TEST_STEP][PASSED] - if (M4_total_bonus_spins_int != 0 &amp;&amp; M4_spin_reels_symbols[2].contains("WILD_ExtraFG") || M4_spin_reels_symbols[3].contains("WILD_ExtraFG")): null

2019-08-10 23:50:46 - [TEST_STEP][PASSED] - free_spin_reel_counter = free_spin_reel_counter: null

2019-08-10 23:50:46 - [TEST_STEP][PASSED] - M4_spin_reels_symbols = M4_spin_reels_symbols: null

2019-08-10 23:50:46 - [TEST_STEP][PASSED] - M4_total_bonus_spins = M4_total_bonus_spins: null

2019-08-10 23:50:46 - [TEST_STEP][PASSED] - spin_result = sendRequestAndVerify(findTestObject("RGS(M4)/1_M4_spin", ["M4_login_user_id":M4_login_user_id, "rgs_session_token":rgs_session_token, "partner":Partner])): Send request and verify the response successfully

2019-08-10 23:50:47 - [TEST_CASE][PASSED] - Start Test Case : Verification: Verification accomplished successfully

2019-08-10 23:50:47 - [TEST_STEP][PASSED] - request = getInstance().getCurrentRequest(): null

2019-08-10 23:50:47 - [TEST_STEP][PASSED] - response = getInstance().getCurrentResponse(): null

2019-08-10 23:50:49 - [TEST_STEP][PASSED] - verifyResponseStatusCode(response, 200): Verify response status code successfully

2019-08-10 23:50:49 - [MESSAGE][PASSED] - Verify response status code successfully

2019-08-10 23:50:49 - [TEST_STEP][PASSED] - getStatusCode()).isEqualTo(200): null

2019-08-10 23:50:49 - [TEST_STEP][PASSED] - newline = System.getProperty("line.separator"): null

2019-08-10 23:50:49 - [TEST_STEP][PASSED] - M4_spin = new groovy.json.JsonSlurper(): null

2019-08-10 23:50:49 - [TEST_STEP][PASSED] - result_M4_spin = M4_spin.parseText(response.getResponseBodyContent()): null

2019-08-10 23:50:49 - [TEST_STEP][PASSED] - M4_spin_current_balance = current_balance: null

2019-08-10 23:50:49 - [TEST_STEP][PASSED] - M4_spin_current_balance = M4_spin_current_balance: null

2019-08-10 23:50:49 - [TEST_STEP][PASSED] - M4_spin_transaction_id = causality: null

2019-08-10 23:50:49 - [TEST_STEP][PASSED] - M4_spin_transaction_id = M4_spin_transaction_id: null

2019-08-10 23:50:49 - [TEST_STEP][PASSED] - M4_spin_round_id = round_id: null

2019-08-10 23:50:49 - [TEST_STEP][PASSED] - M4_spin_round_id = M4_spin_round_id: null

2019-08-10 23:50:49 - [TEST_STEP][PASSED] - M4_spin_line_wins = line_wins: null

2019-08-10 23:50:49 - [TEST_STEP][PASSED] - M4_spin_line_wins = M4_spin_line_wins: null

2019-08-10 23:50:49 - [TEST_STEP][PASSED] - M4_total_bonus_spins_int = total_bonus_spins: null

2019-08-10 23:50:49 - [TEST_STEP][PASSED] - println("******M4_total_bonus_spins type is:*******" + newline + getClass().getName()): null

2019-08-10 23:50:49 - [TEST_STEP][PASSED] - M4_total_bonus_spins_int = M4_total_bonus_spins_int: null

2019-08-10 23:50:49 - [TEST_STEP][PASSED] - M4_total_bonus_spins = Integer.toString(M4_total_bonus_spins_int): null

2019-08-10 23:50:49 - [TEST_STEP][PASSED] - M4_total_bonus_spins = M4_total_bonus_spins: null

2019-08-10 23:50:49 - [TEST_STEP][PASSED] - println("M4_total_bonus_spins is:" + M4_total_bonus_spins): null

2019-08-10 23:50:49 - [TEST_STEP][PASSED] - M4_spin_bonus_data = bonus_data: null

2019-08-10 23:50:49 - [TEST_STEP][PASSED] - M4_spin_features_triggered = result_M4_spin: null

2019-08-10 23:50:49 - [TEST_STEP][PASSED] - wild = []: null

2019-08-10 23:50:49 - [TEST_STEP][PASSED] - wild[0] = "WILD_Expanding": null

2019-08-10 23:50:49 - [TEST_STEP][PASSED] - wild[1] = "WILD_Normal": null

2019-08-10 23:50:49 - [TEST_STEP][PASSED] - wild[2] = "WILD_Double": null

2019-08-10 23:50:49 - [TEST_STEP][PASSED] - wild[3] = "WILD_ExtraFG": null

2019-08-10 23:50:49 - [TEST_STEP][PASSED] - wild[4] = "WILD_Triple": null

2019-08-10 23:50:49 - [TEST_STEP][PASSED] - wildList = Arrays.asList(wild): null

2019-08-10 23:50:49 - [TEST_STEP][PASSED] - wildList = wildList: null

2019-08-10 23:50:49 - [TEST_STEP][PASSED] - free_spin_reel_counter = []: null

2019-08-10 23:50:49 - [TEST_STEP][PASSED] - free_spin_reel_counter[0] = 0: null

2019-08-10 23:50:49 - [TEST_STEP][PASSED] - free_spin_reel_counter[1] = 0: null

2019-08-10 23:50:49 - [TEST_STEP][PASSED] - free_spin_reel_counter[2] = 0: null

2019-08-10 23:50:49 - [TEST_STEP][PASSED] - M4_spin_reels = reels: null

2019-08-10 23:50:49 - [TEST_STEP][PASSED] - for ([i = 0, i &lt; M4_spin_reels.size(), (i++)]): null

2019-08-10 23:50:49 - [TEST_STEP][PASSED] - symbols = symbols: null

2019-08-10 23:50:49 - [TEST_STEP][PASSED] - for ([j = 0, j &lt; symbols.size(), (j++)]): null

2019-08-10 23:50:49 - [TEST_STEP][PASSED] - symbol = symbol: null

2019-08-10 23:50:49 - [TEST_STEP][PASSED] - println(symbol): null

2019-08-10 23:50:49 - [TEST_STEP][PASSED] - if (i == 2 &amp;&amp; wildList.indexOf(symbol) != -1): null

2019-08-10 23:50:49 - [TEST_STEP][PASSED] - if (i == 3 &amp;&amp; wildList.indexOf(symbol) != -1): null

2019-08-10 23:50:49 - [TEST_STEP][PASSED] - if (i == 4 &amp;&amp; wildList.indexOf(symbol) != -1): null

2019-08-10 23:50:49 - [TEST_STEP][PASSED] - symbol = symbol: null

2019-08-10 23:50:49 - [TEST_STEP][PASSED] - println(symbol): null

2019-08-10 23:50:49 - [TEST_STEP][PASSED] - if (i == 2 &amp;&amp; wildList.indexOf(symbol) != -1): null

2019-08-10 23:50:49 - [TEST_STEP][PASSED] - if (i == 3 &amp;&amp; wildList.indexOf(symbol) != -1): null

2019-08-10 23:50:49 - [TEST_STEP][PASSED] - if (i == 4 &amp;&amp; wildList.indexOf(symbol) != -1): null

2019-08-10 23:50:49 - [TEST_STEP][PASSED] - symbol = symbol: null

2019-08-10 23:50:49 - [TEST_STEP][PASSED] - println(symbol): null

2019-08-10 23:50:49 - [TEST_STEP][PASSED] - if (i == 2 &amp;&amp; wildList.indexOf(symbol) != -1): null

2019-08-10 23:50:49 - [TEST_STEP][PASSED] - if (i == 3 &amp;&amp; wildList.indexOf(symbol) != -1): null

2019-08-10 23:50:49 - [TEST_STEP][PASSED] - if (i == 4 &amp;&amp; wildList.indexOf(symbol) != -1): null

2019-08-10 23:50:49 - [TEST_STEP][PASSED] - symbols = symbols: null

2019-08-10 23:50:49 - [TEST_STEP][PASSED] - for ([j = 0, j &lt; symbols.size(), (j++)]): null

2019-08-10 23:50:49 - [TEST_STEP][PASSED] - symbol = symbol: null

2019-08-10 23:50:49 - [TEST_STEP][PASSED] - println(symbol): null

2019-08-10 23:50:49 - [TEST_STEP][PASSED] - if (i == 2 &amp;&amp; wildList.indexOf(symbol) != -1): null

2019-08-10 23:50:49 - [TEST_STEP][PASSED] - if (i == 3 &amp;&amp; wildList.indexOf(symbol) != -1): null

2019-08-10 23:50:49 - [TEST_STEP][PASSED] - if (i == 4 &amp;&amp; wildList.indexOf(symbol) != -1): null

2019-08-10 23:50:49 - [TEST_STEP][PASSED] - symbol = symbol: null

2019-08-10 23:50:49 - [TEST_STEP][PASSED] - println(symbol): null

2019-08-10 23:50:49 - [TEST_STEP][PASSED] - if (i == 2 &amp;&amp; wildList.indexOf(symbol) != -1): null

2019-08-10 23:50:49 - [TEST_STEP][PASSED] - if (i == 3 &amp;&amp; wildList.indexOf(symbol) != -1): null

2019-08-10 23:50:49 - [TEST_STEP][PASSED] - if (i == 4 &amp;&amp; wildList.indexOf(symbol) != -1): null

2019-08-10 23:50:49 - [TEST_STEP][PASSED] - symbol = symbol: null

2019-08-10 23:50:49 - [TEST_STEP][PASSED] - println(symbol): null

2019-08-10 23:50:49 - [TEST_STEP][PASSED] - if (i == 2 &amp;&amp; wildList.indexOf(symbol) != -1): null

2019-08-10 23:50:49 - [TEST_STEP][PASSED] - if (i == 3 &amp;&amp; wildList.indexOf(symbol) != -1): null

2019-08-10 23:50:49 - [TEST_STEP][PASSED] - if (i == 4 &amp;&amp; wildList.indexOf(symbol) != -1): null

2019-08-10 23:50:49 - [TEST_STEP][PASSED] - symbols = symbols: null

2019-08-10 23:50:49 - [TEST_STEP][PASSED] - for ([j = 0, j &lt; symbols.size(), (j++)]): null

2019-08-10 23:50:49 - [TEST_STEP][PASSED] - symbol = symbol: null

2019-08-10 23:50:49 - [TEST_STEP][PASSED] - println(symbol): null

2019-08-10 23:50:49 - [TEST_STEP][PASSED] - if (i == 2 &amp;&amp; wildList.indexOf(symbol) != -1): null

2019-08-10 23:50:49 - [TEST_STEP][PASSED] - if (i == 3 &amp;&amp; wildList.indexOf(symbol) != -1): null

2019-08-10 23:50:49 - [TEST_STEP][PASSED] - if (i == 4 &amp;&amp; wildList.indexOf(symbol) != -1): null

2019-08-10 23:50:49 - [TEST_STEP][PASSED] - symbol = symbol: null

2019-08-10 23:50:49 - [TEST_STEP][PASSED] - println(symbol): null

2019-08-10 23:50:49 - [TEST_STEP][PASSED] - if (i == 2 &amp;&amp; wildList.indexOf(symbol) != -1): null

2019-08-10 23:50:49 - [TEST_STEP][PASSED] - if (i == 3 &amp;&amp; wildList.indexOf(symbol) != -1): null

2019-08-10 23:50:49 - [TEST_STEP][PASSED] - if (i == 4 &amp;&amp; wildList.indexOf(symbol) != -1): null

2019-08-10 23:50:49 - [TEST_STEP][PASSED] - symbol = symbol: null

2019-08-10 23:50:49 - [TEST_STEP][PASSED] - println(symbol): null

2019-08-10 23:50:49 - [TEST_STEP][PASSED] - if (i == 2 &amp;&amp; wildList.indexOf(symbol) != -1): null

2019-08-10 23:50:49 - [TEST_STEP][PASSED] - if (i == 3 &amp;&amp; wildList.indexOf(symbol) != -1): null

2019-08-10 23:50:49 - [TEST_STEP][PASSED] - if (i == 4 &amp;&amp; wildList.indexOf(symbol) != -1): null

2019-08-10 23:50:49 - [TEST_STEP][PASSED] - symbols = symbols: null

2019-08-10 23:50:49 - [TEST_STEP][PASSED] - for ([j = 0, j &lt; symbols.size(), (j++)]): null

2019-08-10 23:50:49 - [TEST_STEP][PASSED] - symbol = symbol: null

2019-08-10 23:50:49 - [TEST_STEP][PASSED] - println(symbol): null

2019-08-10 23:50:49 - [TEST_STEP][PASSED] - if (i == 2 &amp;&amp; wildList.indexOf(symbol) != -1): null

2019-08-10 23:50:49 - [TEST_STEP][PASSED] - if (i == 3 &amp;&amp; wildList.indexOf(symbol) != -1): null

2019-08-10 23:50:49 - [TEST_STEP][PASSED] - if (i == 4 &amp;&amp; wildList.indexOf(symbol) != -1): null

2019-08-10 23:50:49 - [TEST_STEP][PASSED] - symbol = symbol: null

2019-08-10 23:50:49 - [TEST_STEP][PASSED] - println(symbol): null

2019-08-10 23:50:49 - [TEST_STEP][PASSED] - if (i == 2 &amp;&amp; wildList.indexOf(symbol) != -1): null

2019-08-10 23:50:49 - [TEST_STEP][PASSED] - if (i == 3 &amp;&amp; wildList.indexOf(symbol) != -1): null

2019-08-10 23:50:49 - [TEST_STEP][PASSED] - println("wild found on reel 4, adding counter by 1"): null

2019-08-10 23:50:49 - [TEST_STEP][PASSED] - free_spin_reel_counter[1] = free_spin_reel_counter[1] + 1: null

2019-08-10 23:50:49 - [TEST_STEP][PASSED] - if (i == 4 &amp;&amp; wildList.indexOf(symbol) != -1): null

2019-08-10 23:50:49 - [TEST_STEP][PASSED] - symbol = symbol: null

2019-08-10 23:50:49 - [TEST_STEP][PASSED] - println(symbol): null

2019-08-10 23:50:49 - [TEST_STEP][PASSED] - if (i == 2 &amp;&amp; wildList.indexOf(symbol) != -1): null

2019-08-10 23:50:49 - [TEST_STEP][PASSED] - if (i == 3 &amp;&amp; wildList.indexOf(symbol) != -1): null

2019-08-10 23:50:49 - [TEST_STEP][PASSED] - if (i == 4 &amp;&amp; wildList.indexOf(symbol) != -1): null

2019-08-10 23:50:49 - [TEST_STEP][PASSED] - symbols = symbols: null

2019-08-10 23:50:49 - [TEST_STEP][PASSED] - for ([j = 0, j &lt; symbols.size(), (j++)]): null

2019-08-10 23:50:49 - [TEST_STEP][PASSED] - symbol = symbol: null

2019-08-10 23:50:49 - [TEST_STEP][PASSED] - println(symbol): null

2019-08-10 23:50:49 - [TEST_STEP][PASSED] - if (i == 2 &amp;&amp; wildList.indexOf(symbol) != -1): null

2019-08-10 23:50:49 - [TEST_STEP][PASSED] - if (i == 3 &amp;&amp; wildList.indexOf(symbol) != -1): null

2019-08-10 23:50:49 - [TEST_STEP][PASSED] - if (i == 4 &amp;&amp; wildList.indexOf(symbol) != -1): null

2019-08-10 23:50:49 - [TEST_STEP][PASSED] - symbol = symbol: null

2019-08-10 23:50:49 - [TEST_STEP][PASSED] - println(symbol): null

2019-08-10 23:50:49 - [TEST_STEP][PASSED] - if (i == 2 &amp;&amp; wildList.indexOf(symbol) != -1): null

2019-08-10 23:50:49 - [TEST_STEP][PASSED] - if (i == 3 &amp;&amp; wildList.indexOf(symbol) != -1): null

2019-08-10 23:50:49 - [TEST_STEP][PASSED] - if (i == 4 &amp;&amp; wildList.indexOf(symbol) != -1): null

2019-08-10 23:50:49 - [TEST_STEP][PASSED] - symbol = symbol: null

2019-08-10 23:50:49 - [TEST_STEP][PASSED] - println(symbol): null

2019-08-10 23:50:49 - [TEST_STEP][PASSED] - if (i == 2 &amp;&amp; wildList.indexOf(symbol) != -1): null

2019-08-10 23:50:49 - [TEST_STEP][PASSED] - if (i == 3 &amp;&amp; wildList.indexOf(symbol) != -1): null

2019-08-10 23:50:49 - [TEST_STEP][PASSED] - if (i == 4 &amp;&amp; wildList.indexOf(symbol) != -1): null

2019-08-10 23:50:49 - [TEST_STEP][PASSED] - free_spin_reel_counter = free_spin_reel_counter: null

2019-08-10 23:50:49 - [TEST_STEP][PASSED] - println("reel 3 wild found: " + free_spin_reel_counter[0]): null

2019-08-10 23:50:49 - [TEST_STEP][PASSED] - println("reel 4 wild found: " + free_spin_reel_counter[1]): null

2019-08-10 23:50:49 - [TEST_STEP][PASSED] - println("reel 5 wild found: " + free_spin_reel_counter[2]): null

2019-08-10 23:50:49 - [TEST_STEP][PASSED] - M4_spin_reels = M4_spin_reels: null

2019-08-10 23:50:49 - [TEST_STEP][PASSED] - M4_spin_reels_symbols = symbol: null

2019-08-10 23:50:49 - [TEST_STEP][PASSED] - M4_spin_reels_symbols = M4_spin_reels_symbols: null

2019-08-10 23:50:49 - [TEST_STEP][PASSED] - M4_spin_reel_wins = reel_wins: null

2019-08-10 23:50:49 - [TEST_STEP][PASSED] - M4_spin_reel_wins = M4_spin_reel_wins: null

2019-08-10 23:50:49 - [TEST_STEP][PASSED] - println("GlobalVariable.M4_spin_reel_wins is: " + M4_spin_reel_wins): null

2019-08-10 23:50:49 - [TEST_STEP][PASSED] - M4_spin_total_bonus_win_this_round = total_bonus_win_this_round: null

2019-08-10 23:50:49 - [TEST_STEP][PASSED] - M4_spin_total_bonus_win_this_round = M4_spin_total_bonus_win_this_round: null

2019-08-10 23:50:49 - [TEST_STEP][PASSED] - println("GlobalVariable.M4_spin_total_bonus_win_this_round is: " + M4_spin_total_bonus_win_this_round): null

2019-08-10 23:50:49 - [MESSAGE][PASSED] - Verify response successfully

2019-08-10 23:50:49 - [MESSAGE][PASSED] - Send request and verify the response successfully

2019-08-10 23:50:49 - [TEST_STEP][PASSED] - if (M4_total_bonus_spins_int != 0 &amp;&amp; M4_spin_reels_symbols[2].contains("WILD_ExtraFG") || M4_spin_reels_symbols[3].contains("WILD_ExtraFG")): null

2019-08-10 23:50:49 - [TEST_STEP][PASSED] - free_spin_reel_counter = free_spin_reel_counter: null

2019-08-10 23:50:49 - [TEST_STEP][PASSED] - M4_spin_reels_symbols = M4_spin_reels_symbols: null

2019-08-10 23:50:49 - [TEST_STEP][PASSED] - M4_total_bonus_spins = M4_total_bonus_spins: null

2019-08-10 23:50:49 - [TEST_STEP][PASSED] - spin_result = sendRequestAndVerify(findTestObject("RGS(M4)/1_M4_spin", ["M4_login_user_id":M4_login_user_id, "rgs_session_token":rgs_session_token, "partner":Partner])): Send request and verify the response successfully

2019-08-10 23:50:49 - [TEST_CASE][PASSED] - Start Test Case : Verification: Verification accomplished successfully

2019-08-10 23:50:49 - [TEST_STEP][PASSED] - request = getInstance().getCurrentRequest(): null

2019-08-10 23:50:49 - [TEST_STEP][PASSED] - response = getInstance().getCurrentResponse(): null

2019-08-10 23:50:49 - [TEST_STEP][PASSED] - verifyResponseStatusCode(response, 200): Verify response status code successfully

2019-08-10 23:50:49 - [MESSAGE][PASSED] - Verify response status code successfully

2019-08-10 23:50:49 - [TEST_STEP][PASSED] - getStatusCode()).isEqualTo(200): null

2019-08-10 23:50:49 - [TEST_STEP][PASSED] - newline = System.getProperty("line.separator"): null

2019-08-10 23:50:49 - [TEST_STEP][PASSED] - M4_spin = new groovy.json.JsonSlurper(): null

2019-08-10 23:50:49 - [TEST_STEP][PASSED] - result_M4_spin = M4_spin.parseText(response.getResponseBodyContent()): null

2019-08-10 23:50:49 - [TEST_STEP][PASSED] - M4_spin_current_balance = current_balance: null

2019-08-10 23:50:49 - [TEST_STEP][PASSED] - M4_spin_current_balance = M4_spin_current_balance: null

2019-08-10 23:50:49 - [TEST_STEP][PASSED] - M4_spin_transaction_id = causality: null

2019-08-10 23:50:49 - [TEST_STEP][PASSED] - M4_spin_transaction_id = M4_spin_transaction_id: null

2019-08-10 23:50:49 - [TEST_STEP][PASSED] - M4_spin_round_id = round_id: null

2019-08-10 23:50:49 - [TEST_STEP][PASSED] - M4_spin_round_id = M4_spin_round_id: null

2019-08-10 23:50:49 - [TEST_STEP][PASSED] - M4_spin_line_wins = line_wins: null

2019-08-10 23:50:49 - [TEST_STEP][PASSED] - M4_spin_line_wins = M4_spin_line_wins: null

2019-08-10 23:50:49 - [TEST_STEP][PASSED] - M4_total_bonus_spins_int = total_bonus_spins: null

2019-08-10 23:50:49 - [TEST_STEP][PASSED] - println("******M4_total_bonus_spins type is:*******" + newline + getClass().getName()): null

2019-08-10 23:50:49 - [TEST_STEP][PASSED] - M4_total_bonus_spins_int = M4_total_bonus_spins_int: null

2019-08-10 23:50:49 - [TEST_STEP][PASSED] - M4_total_bonus_spins = Integer.toString(M4_total_bonus_spins_int): null

2019-08-10 23:50:49 - [TEST_STEP][PASSED] - M4_total_bonus_spins = M4_total_bonus_spins: null

2019-08-10 23:50:49 - [TEST_STEP][PASSED] - println("M4_total_bonus_spins is:" + M4_total_bonus_spins): null

2019-08-10 23:50:49 - [TEST_STEP][PASSED] - M4_spin_bonus_data = bonus_data: null

2019-08-10 23:50:49 - [TEST_STEP][PASSED] - M4_spin_features_triggered = result_M4_spin: null

2019-08-10 23:50:49 - [TEST_STEP][PASSED] - wild = []: null

2019-08-10 23:50:49 - [TEST_STEP][PASSED] - wild[0] = "WILD_Expanding": null

2019-08-10 23:50:49 - [TEST_STEP][PASSED] - wild[1] = "WILD_Normal": null

2019-08-10 23:50:49 - [TEST_STEP][PASSED] - wild[2] = "WILD_Double": null

2019-08-10 23:50:49 - [TEST_STEP][PASSED] - wild[3] = "WILD_ExtraFG": null

2019-08-10 23:50:49 - [TEST_STEP][PASSED] - wild[4] = "WILD_Triple": null

2019-08-10 23:50:49 - [TEST_STEP][PASSED] - wildList = Arrays.asList(wild): null

2019-08-10 23:50:49 - [TEST_STEP][PASSED] - wildList = wildList: null

2019-08-10 23:50:49 - [TEST_STEP][PASSED] - free_spin_reel_counter = []: null

2019-08-10 23:50:49 - [TEST_STEP][PASSED] - free_spin_reel_counter[0] = 0: null

2019-08-10 23:50:49 - [TEST_STEP][PASSED] - free_spin_reel_counter[1] = 0: null

2019-08-10 23:50:49 - [TEST_STEP][PASSED] - free_spin_reel_counter[2] = 0: null

2019-08-10 23:50:49 - [TEST_STEP][PASSED] - M4_spin_reels = reels: null

2019-08-10 23:50:49 - [TEST_STEP][PASSED] - for ([i = 0, i &lt; M4_spin_reels.size(), (i++)]): null

2019-08-10 23:50:49 - [TEST_STEP][PASSED] - symbols = symbols: null

2019-08-10 23:50:49 - [TEST_STEP][PASSED] - for ([j = 0, j &lt; symbols.size(), (j++)]): null

2019-08-10 23:50:49 - [TEST_STEP][PASSED] - symbol = symbol: null

2019-08-10 23:50:49 - [TEST_STEP][PASSED] - println(symbol): null

2019-08-10 23:50:49 - [TEST_STEP][PASSED] - if (i == 2 &amp;&amp; wildList.indexOf(symbol) != -1): null

2019-08-10 23:50:49 - [TEST_STEP][PASSED] - if (i == 3 &amp;&amp; wildList.indexOf(symbol) != -1): null

2019-08-10 23:50:49 - [TEST_STEP][PASSED] - if (i == 4 &amp;&amp; wildList.indexOf(symbol) != -1): null

2019-08-10 23:50:49 - [TEST_STEP][PASSED] - symbol = symbol: null

2019-08-10 23:50:49 - [TEST_STEP][PASSED] - println(symbol): null

2019-08-10 23:50:49 - [TEST_STEP][PASSED] - if (i == 2 &amp;&amp; wildList.indexOf(symbol) != -1): null

2019-08-10 23:50:49 - [TEST_STEP][PASSED] - if (i == 3 &amp;&amp; wildList.indexOf(symbol) != -1): null

2019-08-10 23:50:49 - [TEST_STEP][PASSED] - if (i == 4 &amp;&amp; wildList.indexOf(symbol) != -1): null

2019-08-10 23:50:49 - [TEST_STEP][PASSED] - symbol = symbol: null

2019-08-10 23:50:49 - [TEST_STEP][PASSED] - println(symbol): null

2019-08-10 23:50:49 - [TEST_STEP][PASSED] - if (i == 2 &amp;&amp; wildList.indexOf(symbol) != -1): null

2019-08-10 23:50:49 - [TEST_STEP][PASSED] - if (i == 3 &amp;&amp; wildList.indexOf(symbol) != -1): null

2019-08-10 23:50:49 - [TEST_STEP][PASSED] - if (i == 4 &amp;&amp; wildList.indexOf(symbol) != -1): null

2019-08-10 23:50:49 - [TEST_STEP][PASSED] - symbols = symbols: null

2019-08-10 23:50:49 - [TEST_STEP][PASSED] - for ([j = 0, j &lt; symbols.size(), (j++)]): null

2019-08-10 23:50:49 - [TEST_STEP][PASSED] - symbol = symbol: null

2019-08-10 23:50:49 - [TEST_STEP][PASSED] - println(symbol): null

2019-08-10 23:50:49 - [TEST_STEP][PASSED] - if (i == 2 &amp;&amp; wildList.indexOf(symbol) != -1): null

2019-08-10 23:50:49 - [TEST_STEP][PASSED] - if (i == 3 &amp;&amp; wildList.indexOf(symbol) != -1): null

2019-08-10 23:50:49 - [TEST_STEP][PASSED] - if (i == 4 &amp;&amp; wildList.indexOf(symbol) != -1): null

2019-08-10 23:50:49 - [TEST_STEP][PASSED] - symbol = symbol: null

2019-08-10 23:50:49 - [TEST_STEP][PASSED] - println(symbol): null

2019-08-10 23:50:49 - [TEST_STEP][PASSED] - if (i == 2 &amp;&amp; wildList.indexOf(symbol) != -1): null

2019-08-10 23:50:49 - [TEST_STEP][PASSED] - if (i == 3 &amp;&amp; wildList.indexOf(symbol) != -1): null

2019-08-10 23:50:49 - [TEST_STEP][PASSED] - if (i == 4 &amp;&amp; wildList.indexOf(symbol) != -1): null

2019-08-10 23:50:49 - [TEST_STEP][PASSED] - symbol = symbol: null

2019-08-10 23:50:49 - [TEST_STEP][PASSED] - println(symbol): null

2019-08-10 23:50:49 - [TEST_STEP][PASSED] - if (i == 2 &amp;&amp; wildList.indexOf(symbol) != -1): null

2019-08-10 23:50:49 - [TEST_STEP][PASSED] - if (i == 3 &amp;&amp; wildList.indexOf(symbol) != -1): null

2019-08-10 23:50:49 - [TEST_STEP][PASSED] - if (i == 4 &amp;&amp; wildList.indexOf(symbol) != -1): null

2019-08-10 23:50:49 - [TEST_STEP][PASSED] - symbols = symbols: null

2019-08-10 23:50:49 - [TEST_STEP][PASSED] - for ([j = 0, j &lt; symbols.size(), (j++)]): null

2019-08-10 23:50:49 - [TEST_STEP][PASSED] - symbol = symbol: null

2019-08-10 23:50:49 - [TEST_STEP][PASSED] - println(symbol): null

2019-08-10 23:50:49 - [TEST_STEP][PASSED] - if (i == 2 &amp;&amp; wildList.indexOf(symbol) != -1): null

2019-08-10 23:50:49 - [TEST_STEP][PASSED] - if (i == 3 &amp;&amp; wildList.indexOf(symbol) != -1): null

2019-08-10 23:50:49 - [TEST_STEP][PASSED] - if (i == 4 &amp;&amp; wildList.indexOf(symbol) != -1): null

2019-08-10 23:50:49 - [TEST_STEP][PASSED] - symbol = symbol: null

2019-08-10 23:50:49 - [TEST_STEP][PASSED] - println(symbol): null

2019-08-10 23:50:49 - [TEST_STEP][PASSED] - if (i == 2 &amp;&amp; wildList.indexOf(symbol) != -1): null

2019-08-10 23:50:49 - [TEST_STEP][PASSED] - if (i == 3 &amp;&amp; wildList.indexOf(symbol) != -1): null

2019-08-10 23:50:49 - [TEST_STEP][PASSED] - if (i == 4 &amp;&amp; wildList.indexOf(symbol) != -1): null

2019-08-10 23:50:49 - [TEST_STEP][PASSED] - symbol = symbol: null

2019-08-10 23:50:49 - [TEST_STEP][PASSED] - println(symbol): null

2019-08-10 23:50:49 - [TEST_STEP][PASSED] - if (i == 2 &amp;&amp; wildList.indexOf(symbol) != -1): null

2019-08-10 23:50:49 - [TEST_STEP][PASSED] - println("wild found on reel 3, adding counter by 1"): null

2019-08-10 23:50:49 - [TEST_STEP][PASSED] - free_spin_reel_counter[0] = free_spin_reel_counter[0] + 1: null

2019-08-10 23:50:49 - [TEST_STEP][PASSED] - if (i == 3 &amp;&amp; wildList.indexOf(symbol) != -1): null

2019-08-10 23:50:49 - [TEST_STEP][PASSED] - if (i == 4 &amp;&amp; wildList.indexOf(symbol) != -1): null

2019-08-10 23:50:49 - [TEST_STEP][PASSED] - symbols = symbols: null

2019-08-10 23:50:49 - [TEST_STEP][PASSED] - for ([j = 0, j &lt; symbols.size(), (j++)]): null

2019-08-10 23:50:49 - [TEST_STEP][PASSED] - symbol = symbol: null

2019-08-10 23:50:49 - [TEST_STEP][PASSED] - println(symbol): null

2019-08-10 23:50:49 - [TEST_STEP][PASSED] - if (i == 2 &amp;&amp; wildList.indexOf(symbol) != -1): null

2019-08-10 23:50:49 - [TEST_STEP][PASSED] - if (i == 3 &amp;&amp; wildList.indexOf(symbol) != -1): null

2019-08-10 23:50:49 - [TEST_STEP][PASSED] - if (i == 4 &amp;&amp; wildList.indexOf(symbol) != -1): null

2019-08-10 23:50:49 - [TEST_STEP][PASSED] - symbol = symbol: null

2019-08-10 23:50:49 - [TEST_STEP][PASSED] - println(symbol): null

2019-08-10 23:50:49 - [TEST_STEP][PASSED] - if (i == 2 &amp;&amp; wildList.indexOf(symbol) != -1): null

2019-08-10 23:50:49 - [TEST_STEP][PASSED] - if (i == 3 &amp;&amp; wildList.indexOf(symbol) != -1): null

2019-08-10 23:50:49 - [TEST_STEP][PASSED] - if (i == 4 &amp;&amp; wildList.indexOf(symbol) != -1): null

2019-08-10 23:50:49 - [TEST_STEP][PASSED] - symbol = symbol: null

2019-08-10 23:50:49 - [TEST_STEP][PASSED] - println(symbol): null

2019-08-10 23:50:49 - [TEST_STEP][PASSED] - if (i == 2 &amp;&amp; wildList.indexOf(symbol) != -1): null

2019-08-10 23:50:49 - [TEST_STEP][PASSED] - if (i == 3 &amp;&amp; wildList.indexOf(symbol) != -1): null

2019-08-10 23:50:49 - [TEST_STEP][PASSED] - if (i == 4 &amp;&amp; wildList.indexOf(symbol) != -1): null

2019-08-10 23:50:49 - [TEST_STEP][PASSED] - symbols = symbols: null

2019-08-10 23:50:49 - [TEST_STEP][PASSED] - for ([j = 0, j &lt; symbols.size(), (j++)]): null

2019-08-10 23:50:49 - [TEST_STEP][PASSED] - symbol = symbol: null

2019-08-10 23:50:49 - [TEST_STEP][PASSED] - println(symbol): null

2019-08-10 23:50:49 - [TEST_STEP][PASSED] - if (i == 2 &amp;&amp; wildList.indexOf(symbol) != -1): null

2019-08-10 23:50:49 - [TEST_STEP][PASSED] - if (i == 3 &amp;&amp; wildList.indexOf(symbol) != -1): null

2019-08-10 23:50:49 - [TEST_STEP][PASSED] - if (i == 4 &amp;&amp; wildList.indexOf(symbol) != -1): null

2019-08-10 23:50:49 - [TEST_STEP][PASSED] - symbol = symbol: null

2019-08-10 23:50:49 - [TEST_STEP][PASSED] - println(symbol): null

2019-08-10 23:50:49 - [TEST_STEP][PASSED] - if (i == 2 &amp;&amp; wildList.indexOf(symbol) != -1): null

2019-08-10 23:50:49 - [TEST_STEP][PASSED] - if (i == 3 &amp;&amp; wildList.indexOf(symbol) != -1): null

2019-08-10 23:50:49 - [TEST_STEP][PASSED] - if (i == 4 &amp;&amp; wildList.indexOf(symbol) != -1): null

2019-08-10 23:50:49 - [TEST_STEP][PASSED] - symbol = symbol: null

2019-08-10 23:50:49 - [TEST_STEP][PASSED] - println(symbol): null

2019-08-10 23:50:49 - [TEST_STEP][PASSED] - if (i == 2 &amp;&amp; wildList.indexOf(symbol) != -1): null

2019-08-10 23:50:49 - [TEST_STEP][PASSED] - if (i == 3 &amp;&amp; wildList.indexOf(symbol) != -1): null

2019-08-10 23:50:49 - [TEST_STEP][PASSED] - if (i == 4 &amp;&amp; wildList.indexOf(symbol) != -1): null

2019-08-10 23:50:49 - [TEST_STEP][PASSED] - free_spin_reel_counter = free_spin_reel_counter: null

2019-08-10 23:50:49 - [TEST_STEP][PASSED] - println("reel 3 wild found: " + free_spin_reel_counter[0]): null

2019-08-10 23:50:49 - [TEST_STEP][PASSED] - println("reel 4 wild found: " + free_spin_reel_counter[1]): null

2019-08-10 23:50:49 - [TEST_STEP][PASSED] - println("reel 5 wild found: " + free_spin_reel_counter[2]): null

2019-08-10 23:50:49 - [TEST_STEP][PASSED] - M4_spin_reels = M4_spin_reels: null

2019-08-10 23:50:49 - [TEST_STEP][PASSED] - M4_spin_reels_symbols = symbol: null

2019-08-10 23:50:49 - [TEST_STEP][PASSED] - M4_spin_reels_symbols = M4_spin_reels_symbols: null

2019-08-10 23:50:49 - [TEST_STEP][PASSED] - M4_spin_reel_wins = reel_wins: null

2019-08-10 23:50:49 - [TEST_STEP][PASSED] - M4_spin_reel_wins = M4_spin_reel_wins: null

2019-08-10 23:50:49 - [TEST_STEP][PASSED] - println("GlobalVariable.M4_spin_reel_wins is: " + M4_spin_reel_wins): null

2019-08-10 23:50:49 - [TEST_STEP][PASSED] - M4_spin_total_bonus_win_this_round = total_bonus_win_this_round: null

2019-08-10 23:50:49 - [TEST_STEP][PASSED] - M4_spin_total_bonus_win_this_round = M4_spin_total_bonus_win_this_round: null

2019-08-10 23:50:49 - [TEST_STEP][PASSED] - println("GlobalVariable.M4_spin_total_bonus_win_this_round is: " + M4_spin_total_bonus_win_this_round): null

2019-08-10 23:50:49 - [MESSAGE][PASSED] - Verify response successfully

2019-08-10 23:50:49 - [MESSAGE][PASSED] - Send request and verify the response successfully

2019-08-10 23:50:49 - [TEST_STEP][PASSED] - if (M4_total_bonus_spins_int != 0 &amp;&amp; M4_spin_reels_symbols[2].contains("WILD_ExtraFG") || M4_spin_reels_symbols[3].contains("WILD_ExtraFG")): null

2019-08-10 23:50:49 - [TEST_STEP][PASSED] - free_spin_reel_counter = free_spin_reel_counter: null

2019-08-10 23:50:49 - [TEST_STEP][PASSED] - M4_spin_reels_symbols = M4_spin_reels_symbols: null

2019-08-10 23:50:49 - [TEST_STEP][PASSED] - M4_total_bonus_spins = M4_total_bonus_spins: null

2019-08-10 23:50:49 - [TEST_STEP][PASSED] - spin_result = sendRequestAndVerify(findTestObject("RGS(M4)/1_M4_spin", ["M4_login_user_id":M4_login_user_id, "rgs_session_token":rgs_session_token, "partner":Partner])): Send request and verify the response successfully

2019-08-10 23:50:49 - [TEST_CASE][PASSED] - Start Test Case : Verification: Verification accomplished successfully

2019-08-10 23:50:50 - [TEST_STEP][PASSED] - request = getInstance().getCurrentRequest(): null

2019-08-10 23:50:50 - [TEST_STEP][PASSED] - response = getInstance().getCurrentResponse(): null

2019-08-10 23:50:50 - [TEST_STEP][PASSED] - verifyResponseStatusCode(response, 200): Verify response status code successfully

2019-08-10 23:50:50 - [MESSAGE][PASSED] - Verify response status code successfully

2019-08-10 23:50:50 - [TEST_STEP][PASSED] - getStatusCode()).isEqualTo(200): null

2019-08-10 23:50:50 - [TEST_STEP][PASSED] - newline = System.getProperty("line.separator"): null

2019-08-10 23:50:50 - [TEST_STEP][PASSED] - M4_spin = new groovy.json.JsonSlurper(): null

2019-08-10 23:50:50 - [TEST_STEP][PASSED] - result_M4_spin = M4_spin.parseText(response.getResponseBodyContent()): null

2019-08-10 23:50:50 - [TEST_STEP][PASSED] - M4_spin_current_balance = current_balance: null

2019-08-10 23:50:50 - [TEST_STEP][PASSED] - M4_spin_current_balance = M4_spin_current_balance: null

2019-08-10 23:50:50 - [TEST_STEP][PASSED] - M4_spin_transaction_id = causality: null

2019-08-10 23:50:50 - [TEST_STEP][PASSED] - M4_spin_transaction_id = M4_spin_transaction_id: null

2019-08-10 23:50:50 - [TEST_STEP][PASSED] - M4_spin_round_id = round_id: null

2019-08-10 23:50:50 - [TEST_STEP][PASSED] - M4_spin_round_id = M4_spin_round_id: null

2019-08-10 23:50:50 - [TEST_STEP][PASSED] - M4_spin_line_wins = line_wins: null

2019-08-10 23:50:50 - [TEST_STEP][PASSED] - M4_spin_line_wins = M4_spin_line_wins: null

2019-08-10 23:50:50 - [TEST_STEP][PASSED] - M4_total_bonus_spins_int = total_bonus_spins: null

2019-08-10 23:50:50 - [TEST_STEP][PASSED] - println("******M4_total_bonus_spins type is:*******" + newline + getClass().getName()): null

2019-08-10 23:50:50 - [TEST_STEP][PASSED] - M4_total_bonus_spins_int = M4_total_bonus_spins_int: null

2019-08-10 23:50:50 - [TEST_STEP][PASSED] - M4_total_bonus_spins = Integer.toString(M4_total_bonus_spins_int): null

2019-08-10 23:50:50 - [TEST_STEP][PASSED] - M4_total_bonus_spins = M4_total_bonus_spins: null

2019-08-10 23:50:50 - [TEST_STEP][PASSED] - println("M4_total_bonus_spins is:" + M4_total_bonus_spins): null

2019-08-10 23:50:50 - [TEST_STEP][PASSED] - M4_spin_bonus_data = bonus_data: null

2019-08-10 23:50:50 - [TEST_STEP][PASSED] - M4_spin_features_triggered = result_M4_spin: null

2019-08-10 23:50:50 - [TEST_STEP][PASSED] - wild = []: null

2019-08-10 23:50:50 - [TEST_STEP][PASSED] - wild[0] = "WILD_Expanding": null

2019-08-10 23:50:50 - [TEST_STEP][PASSED] - wild[1] = "WILD_Normal": null

2019-08-10 23:50:50 - [TEST_STEP][PASSED] - wild[2] = "WILD_Double": null

2019-08-10 23:50:50 - [TEST_STEP][PASSED] - wild[3] = "WILD_ExtraFG": null

2019-08-10 23:50:50 - [TEST_STEP][PASSED] - wild[4] = "WILD_Triple": null

2019-08-10 23:50:50 - [TEST_STEP][PASSED] - wildList = Arrays.asList(wild): null

2019-08-10 23:50:50 - [TEST_STEP][PASSED] - wildList = wildList: null

2019-08-10 23:50:50 - [TEST_STEP][PASSED] - free_spin_reel_counter = []: null

2019-08-10 23:50:54 - [TEST_STEP][PASSED] - free_spin_reel_counter[0] = 0: null

2019-08-10 23:50:54 - [TEST_STEP][PASSED] - free_spin_reel_counter[1] = 0: null

2019-08-10 23:50:54 - [TEST_STEP][PASSED] - free_spin_reel_counter[2] = 0: null

2019-08-10 23:50:54 - [TEST_STEP][PASSED] - M4_spin_reels = reels: null

2019-08-10 23:50:54 - [TEST_STEP][PASSED] - for ([i = 0, i &lt; M4_spin_reels.size(), (i++)]): null

2019-08-10 23:50:54 - [TEST_STEP][PASSED] - symbols = symbols: null

2019-08-10 23:50:54 - [TEST_STEP][PASSED] - for ([j = 0, j &lt; symbols.size(), (j++)]): null

2019-08-10 23:50:54 - [TEST_STEP][PASSED] - symbol = symbol: null

2019-08-10 23:50:54 - [TEST_STEP][PASSED] - println(symbol): null

2019-08-10 23:50:54 - [TEST_STEP][PASSED] - if (i == 2 &amp;&amp; wildList.indexOf(symbol) != -1): null

2019-08-10 23:50:54 - [TEST_STEP][PASSED] - if (i == 3 &amp;&amp; wildList.indexOf(symbol) != -1): null

2019-08-10 23:50:59 - [TEST_STEP][PASSED] - if (i == 4 &amp;&amp; wildList.indexOf(symbol) != -1): null

2019-08-10 23:50:59 - [TEST_STEP][PASSED] - symbol = symbol: null

2019-08-10 23:50:59 - [TEST_STEP][PASSED] - println(symbol): null

2019-08-10 23:50:59 - [TEST_STEP][PASSED] - if (i == 2 &amp;&amp; wildList.indexOf(symbol) != -1): null

2019-08-10 23:50:59 - [TEST_STEP][PASSED] - if (i == 3 &amp;&amp; wildList.indexOf(symbol) != -1): null

2019-08-10 23:50:59 - [TEST_STEP][PASSED] - if (i == 4 &amp;&amp; wildList.indexOf(symbol) != -1): null

2019-08-10 23:51:05 - [TEST_STEP][PASSED] - symbol = symbol: null

2019-08-10 23:51:05 - [TEST_STEP][PASSED] - println(symbol): null

2019-08-10 23:51:05 - [TEST_STEP][PASSED] - if (i == 2 &amp;&amp; wildList.indexOf(symbol) != -1): null

2019-08-10 23:51:05 - [TEST_STEP][PASSED] - if (i == 3 &amp;&amp; wildList.indexOf(symbol) != -1): null

2019-08-10 23:51:05 - [TEST_STEP][PASSED] - if (i == 4 &amp;&amp; wildList.indexOf(symbol) != -1): null

2019-08-10 23:51:05 - [TEST_STEP][PASSED] - symbols = symbols: null

2019-08-10 23:51:05 - [TEST_STEP][PASSED] - for ([j = 0, j &lt; symbols.size(), (j++)]): null

2019-08-10 23:51:05 - [TEST_STEP][PASSED] - symbol = symbol: null

2019-08-10 23:51:05 - [TEST_STEP][PASSED] - println(symbol): null

2019-08-10 23:51:05 - [TEST_STEP][PASSED] - if (i == 2 &amp;&amp; wildList.indexOf(symbol) != -1): null

2019-08-10 23:51:05 - [TEST_STEP][PASSED] - if (i == 3 &amp;&amp; wildList.indexOf(symbol) != -1): null

2019-08-10 23:51:05 - [TEST_STEP][PASSED] - if (i == 4 &amp;&amp; wildList.indexOf(symbol) != -1): null

2019-08-10 23:51:05 - [TEST_STEP][PASSED] - symbol = symbol: null

2019-08-10 23:51:05 - [TEST_STEP][PASSED] - println(symbol): null

2019-08-10 23:51:05 - [TEST_STEP][PASSED] - if (i == 2 &amp;&amp; wildList.indexOf(symbol) != -1): null

2019-08-10 23:51:05 - [TEST_STEP][PASSED] - if (i == 3 &amp;&amp; wildList.indexOf(symbol) != -1): null

2019-08-10 23:51:05 - [TEST_STEP][PASSED] - if (i == 4 &amp;&amp; wildList.indexOf(symbol) != -1): null

2019-08-10 23:51:05 - [TEST_STEP][PASSED] - symbol = symbol: null

2019-08-10 23:51:05 - [TEST_STEP][PASSED] - println(symbol): null

2019-08-10 23:51:05 - [TEST_STEP][PASSED] - if (i == 2 &amp;&amp; wildList.indexOf(symbol) != -1): null

2019-08-10 23:51:05 - [TEST_STEP][PASSED] - if (i == 3 &amp;&amp; wildList.indexOf(symbol) != -1): null

2019-08-10 23:51:05 - [TEST_STEP][PASSED] - if (i == 4 &amp;&amp; wildList.indexOf(symbol) != -1): null

2019-08-10 23:51:05 - [TEST_STEP][PASSED] - symbols = symbols: null

2019-08-10 23:51:05 - [TEST_STEP][PASSED] - for ([j = 0, j &lt; symbols.size(), (j++)]): null

2019-08-10 23:51:05 - [TEST_STEP][PASSED] - symbol = symbol: null

2019-08-10 23:51:05 - [TEST_STEP][PASSED] - println(symbol): null

2019-08-10 23:51:05 - [TEST_STEP][PASSED] - if (i == 2 &amp;&amp; wildList.indexOf(symbol) != -1): null

2019-08-10 23:51:05 - [TEST_STEP][PASSED] - if (i == 3 &amp;&amp; wildList.indexOf(symbol) != -1): null

2019-08-10 23:51:05 - [TEST_STEP][PASSED] - if (i == 4 &amp;&amp; wildList.indexOf(symbol) != -1): null

2019-08-10 23:51:05 - [TEST_STEP][PASSED] - symbol = symbol: null

2019-08-10 23:51:05 - [TEST_STEP][PASSED] - println(symbol): null

2019-08-10 23:51:05 - [TEST_STEP][PASSED] - if (i == 2 &amp;&amp; wildList.indexOf(symbol) != -1): null

2019-08-10 23:51:05 - [TEST_STEP][PASSED] - if (i == 3 &amp;&amp; wildList.indexOf(symbol) != -1): null

2019-08-10 23:51:05 - [TEST_STEP][PASSED] - if (i == 4 &amp;&amp; wildList.indexOf(symbol) != -1): null

2019-08-10 23:51:05 - [TEST_STEP][PASSED] - symbol = symbol: null

2019-08-10 23:51:05 - [TEST_STEP][PASSED] - println(symbol): null

2019-08-10 23:51:05 - [TEST_STEP][PASSED] - if (i == 2 &amp;&amp; wildList.indexOf(symbol) != -1): null

2019-08-10 23:51:05 - [TEST_STEP][PASSED] - if (i == 3 &amp;&amp; wildList.indexOf(symbol) != -1): null

2019-08-10 23:51:05 - [TEST_STEP][PASSED] - if (i == 4 &amp;&amp; wildList.indexOf(symbol) != -1): null

2019-08-10 23:51:05 - [TEST_STEP][PASSED] - symbols = symbols: null

2019-08-10 23:51:05 - [TEST_STEP][PASSED] - for ([j = 0, j &lt; symbols.size(), (j++)]): null

2019-08-10 23:51:05 - [TEST_STEP][PASSED] - symbol = symbol: null

2019-08-10 23:51:05 - [TEST_STEP][PASSED] - println(symbol): null

2019-08-10 23:51:05 - [TEST_STEP][PASSED] - if (i == 2 &amp;&amp; wildList.indexOf(symbol) != -1): null

2019-08-10 23:51:05 - [TEST_STEP][PASSED] - if (i == 3 &amp;&amp; wildList.indexOf(symbol) != -1): null

2019-08-10 23:51:05 - [TEST_STEP][PASSED] - if (i == 4 &amp;&amp; wildList.indexOf(symbol) != -1): null

2019-08-10 23:51:05 - [TEST_STEP][PASSED] - symbol = symbol: null

2019-08-10 23:51:05 - [TEST_STEP][PASSED] - println(symbol): null

2019-08-10 23:51:05 - [TEST_STEP][PASSED] - if (i == 2 &amp;&amp; wildList.indexOf(symbol) != -1): null

2019-08-10 23:51:05 - [TEST_STEP][PASSED] - if (i == 3 &amp;&amp; wildList.indexOf(symbol) != -1): null

2019-08-10 23:51:05 - [TEST_STEP][PASSED] - if (i == 4 &amp;&amp; wildList.indexOf(symbol) != -1): null

2019-08-10 23:51:05 - [TEST_STEP][PASSED] - symbol = symbol: null

2019-08-10 23:51:05 - [TEST_STEP][PASSED] - println(symbol): null

2019-08-10 23:51:05 - [TEST_STEP][PASSED] - if (i == 2 &amp;&amp; wildList.indexOf(symbol) != -1): null

2019-08-10 23:51:05 - [TEST_STEP][PASSED] - if (i == 3 &amp;&amp; wildList.indexOf(symbol) != -1): null

2019-08-10 23:51:05 - [TEST_STEP][PASSED] - if (i == 4 &amp;&amp; wildList.indexOf(symbol) != -1): null

2019-08-10 23:51:05 - [TEST_STEP][PASSED] - symbols = symbols: null

2019-08-10 23:51:05 - [TEST_STEP][PASSED] - for ([j = 0, j &lt; symbols.size(), (j++)]): null

2019-08-10 23:51:05 - [TEST_STEP][PASSED] - symbol = symbol: null

2019-08-10 23:51:05 - [TEST_STEP][PASSED] - println(symbol): null

2019-08-10 23:51:05 - [TEST_STEP][PASSED] - if (i == 2 &amp;&amp; wildList.indexOf(symbol) != -1): null

2019-08-10 23:51:05 - [TEST_STEP][PASSED] - if (i == 3 &amp;&amp; wildList.indexOf(symbol) != -1): null

2019-08-10 23:51:05 - [TEST_STEP][PASSED] - if (i == 4 &amp;&amp; wildList.indexOf(symbol) != -1): null

2019-08-10 23:51:05 - [TEST_STEP][PASSED] - symbol = symbol: null

2019-08-10 23:51:05 - [TEST_STEP][PASSED] - println(symbol): null

2019-08-10 23:51:05 - [TEST_STEP][PASSED] - if (i == 2 &amp;&amp; wildList.indexOf(symbol) != -1): null

2019-08-10 23:51:05 - [TEST_STEP][PASSED] - if (i == 3 &amp;&amp; wildList.indexOf(symbol) != -1): null

2019-08-10 23:51:05 - [TEST_STEP][PASSED] - if (i == 4 &amp;&amp; wildList.indexOf(symbol) != -1): null

2019-08-10 23:51:05 - [TEST_STEP][PASSED] - symbol = symbol: null

2019-08-10 23:51:05 - [TEST_STEP][PASSED] - println(symbol): null

2019-08-10 23:51:05 - [TEST_STEP][PASSED] - if (i == 2 &amp;&amp; wildList.indexOf(symbol) != -1): null

2019-08-10 23:51:05 - [TEST_STEP][PASSED] - if (i == 3 &amp;&amp; wildList.indexOf(symbol) != -1): null

2019-08-10 23:51:05 - [TEST_STEP][PASSED] - if (i == 4 &amp;&amp; wildList.indexOf(symbol) != -1): null

2019-08-10 23:51:05 - [TEST_STEP][PASSED] - free_spin_reel_counter = free_spin_reel_counter: null

2019-08-10 23:51:05 - [TEST_STEP][PASSED] - println("reel 3 wild found: " + free_spin_reel_counter[0]): null

2019-08-10 23:51:05 - [TEST_STEP][PASSED] - println("reel 4 wild found: " + free_spin_reel_counter[1]): null

2019-08-10 23:51:05 - [TEST_STEP][PASSED] - println("reel 5 wild found: " + free_spin_reel_counter[2]): null

2019-08-10 23:51:05 - [TEST_STEP][PASSED] - M4_spin_reels = M4_spin_reels: null

2019-08-10 23:51:05 - [TEST_STEP][PASSED] - M4_spin_reels_symbols = symbol: null

2019-08-10 23:51:05 - [TEST_STEP][PASSED] - M4_spin_reels_symbols = M4_spin_reels_symbols: null

2019-08-10 23:51:05 - [TEST_STEP][PASSED] - M4_spin_reel_wins = reel_wins: null

2019-08-10 23:51:05 - [TEST_STEP][PASSED] - M4_spin_reel_wins = M4_spin_reel_wins: null

2019-08-10 23:51:05 - [TEST_STEP][PASSED] - println("GlobalVariable.M4_spin_reel_wins is: " + M4_spin_reel_wins): null

2019-08-10 23:51:05 - [TEST_STEP][PASSED] - M4_spin_total_bonus_win_this_round = total_bonus_win_this_round: null

2019-08-10 23:51:05 - [TEST_STEP][PASSED] - M4_spin_total_bonus_win_this_round = M4_spin_total_bonus_win_this_round: null

2019-08-10 23:51:05 - [TEST_STEP][PASSED] - println("GlobalVariable.M4_spin_total_bonus_win_this_round is: " + M4_spin_total_bonus_win_this_round): null

2019-08-10 23:51:05 - [MESSAGE][PASSED] - Verify response successfully

2019-08-10 23:51:05 - [MESSAGE][PASSED] - Send request and verify the response successfully

2019-08-10 23:51:05 - [TEST_STEP][PASSED] - if (M4_total_bonus_spins_int != 0 &amp;&amp; M4_spin_reels_symbols[2].contains("WILD_ExtraFG") || M4_spin_reels_symbols[3].contains("WILD_ExtraFG")): null

2019-08-10 23:51:05 - [TEST_STEP][PASSED] - free_spin_reel_counter = free_spin_reel_counter: null

2019-08-10 23:51:05 - [TEST_STEP][PASSED] - M4_spin_reels_symbols = M4_spin_reels_symbols: null

2019-08-10 23:51:05 - [TEST_STEP][PASSED] - M4_total_bonus_spins = M4_total_bonus_spins: null

2019-08-10 23:51:05 - [TEST_STEP][PASSED] - spin_result = sendRequestAndVerify(findTestObject("RGS(M4)/1_M4_spin", ["M4_login_user_id":M4_login_user_id, "rgs_session_token":rgs_session_token, "partner":Partner])): Send request and verify the response successfully

2019-08-10 23:51:05 - [TEST_CASE][PASSED] - Start Test Case : Verification: Verification accomplished successfully

2019-08-10 23:51:05 - [TEST_STEP][PASSED] - request = getInstance().getCurrentRequest(): null

2019-08-10 23:51:05 - [TEST_STEP][PASSED] - response = getInstance().getCurrentResponse(): null

2019-08-10 23:51:05 - [TEST_STEP][PASSED] - verifyResponseStatusCode(response, 200): Verify response status code successfully

2019-08-10 23:51:05 - [MESSAGE][PASSED] - Verify response status code successfully

2019-08-10 23:51:05 - [TEST_STEP][PASSED] - getStatusCode()).isEqualTo(200): null

2019-08-10 23:51:05 - [TEST_STEP][PASSED] - newline = System.getProperty("line.separator"): null

2019-08-10 23:51:05 - [TEST_STEP][PASSED] - M4_spin = new groovy.json.JsonSlurper(): null

2019-08-10 23:51:05 - [TEST_STEP][PASSED] - result_M4_spin = M4_spin.parseText(response.getResponseBodyContent()): null

2019-08-10 23:51:05 - [TEST_STEP][PASSED] - M4_spin_current_balance = current_balance: null

2019-08-10 23:51:05 - [TEST_STEP][PASSED] - M4_spin_current_balance = M4_spin_current_balance: null

2019-08-10 23:51:05 - [TEST_STEP][PASSED] - M4_spin_transaction_id = causality: null

2019-08-10 23:51:05 - [TEST_STEP][PASSED] - M4_spin_transaction_id = M4_spin_transaction_id: null

2019-08-10 23:51:05 - [TEST_STEP][PASSED] - M4_spin_round_id = round_id: null

2019-08-10 23:51:05 - [TEST_STEP][PASSED] - M4_spin_round_id = M4_spin_round_id: null

2019-08-10 23:51:05 - [TEST_STEP][PASSED] - M4_spin_line_wins = line_wins: null

2019-08-10 23:51:05 - [TEST_STEP][PASSED] - M4_spin_line_wins = M4_spin_line_wins: null

2019-08-10 23:51:05 - [TEST_STEP][PASSED] - M4_total_bonus_spins_int = total_bonus_spins: null

2019-08-10 23:51:05 - [TEST_STEP][PASSED] - println("******M4_total_bonus_spins type is:*******" + newline + getClass().getName()): null

2019-08-10 23:51:05 - [TEST_STEP][PASSED] - M4_total_bonus_spins_int = M4_total_bonus_spins_int: null

2019-08-10 23:51:05 - [TEST_STEP][PASSED] - M4_total_bonus_spins = Integer.toString(M4_total_bonus_spins_int): null

2019-08-10 23:51:05 - [TEST_STEP][PASSED] - M4_total_bonus_spins = M4_total_bonus_spins: null

2019-08-10 23:51:05 - [TEST_STEP][PASSED] - println("M4_total_bonus_spins is:" + M4_total_bonus_spins): null

2019-08-10 23:51:05 - [TEST_STEP][PASSED] - M4_spin_bonus_data = bonus_data: null

2019-08-10 23:51:05 - [TEST_STEP][PASSED] - M4_spin_features_triggered = result_M4_spin: null

2019-08-10 23:51:05 - [TEST_STEP][PASSED] - wild = []: null

2019-08-10 23:51:05 - [TEST_STEP][PASSED] - wild[0] = "WILD_Expanding": null

2019-08-10 23:51:05 - [TEST_STEP][PASSED] - wild[1] = "WILD_Normal": null

2019-08-10 23:51:05 - [TEST_STEP][PASSED] - wild[2] = "WILD_Double": null

2019-08-10 23:51:05 - [TEST_STEP][PASSED] - wild[3] = "WILD_ExtraFG": null

2019-08-10 23:51:05 - [TEST_STEP][PASSED] - wild[4] = "WILD_Triple": null

2019-08-10 23:51:05 - [TEST_STEP][PASSED] - wildList = Arrays.asList(wild): null

2019-08-10 23:51:05 - [TEST_STEP][PASSED] - wildList = wildList: null

2019-08-10 23:51:05 - [TEST_STEP][PASSED] - free_spin_reel_counter = []: null

2019-08-10 23:51:05 - [TEST_STEP][PASSED] - free_spin_reel_counter[0] = 0: null

2019-08-10 23:51:05 - [TEST_STEP][PASSED] - free_spin_reel_counter[1] = 0: null

2019-08-10 23:51:05 - [TEST_STEP][PASSED] - free_spin_reel_counter[2] = 0: null

2019-08-10 23:51:05 - [TEST_STEP][PASSED] - M4_spin_reels = reels: null

2019-08-10 23:51:05 - [TEST_STEP][PASSED] - for ([i = 0, i &lt; M4_spin_reels.size(), (i++)]): null

2019-08-10 23:51:05 - [TEST_STEP][PASSED] - symbols = symbols: null

2019-08-10 23:51:05 - [TEST_STEP][PASSED] - for ([j = 0, j &lt; symbols.size(), (j++)]): null

2019-08-10 23:51:05 - [TEST_STEP][PASSED] - symbol = symbol: null

2019-08-10 23:51:05 - [TEST_STEP][PASSED] - println(symbol): null

2019-08-10 23:51:05 - [TEST_STEP][PASSED] - if (i == 2 &amp;&amp; wildList.indexOf(symbol) != -1): null

2019-08-10 23:51:05 - [TEST_STEP][PASSED] - if (i == 3 &amp;&amp; wildList.indexOf(symbol) != -1): null

2019-08-10 23:51:05 - [TEST_STEP][PASSED] - if (i == 4 &amp;&amp; wildList.indexOf(symbol) != -1): null

2019-08-10 23:51:05 - [TEST_STEP][PASSED] - symbol = symbol: null

2019-08-10 23:51:05 - [TEST_STEP][PASSED] - println(symbol): null

2019-08-10 23:51:05 - [TEST_STEP][PASSED] - if (i == 2 &amp;&amp; wildList.indexOf(symbol) != -1): null

2019-08-10 23:51:05 - [TEST_STEP][PASSED] - if (i == 3 &amp;&amp; wildList.indexOf(symbol) != -1): null

2019-08-10 23:51:05 - [TEST_STEP][PASSED] - if (i == 4 &amp;&amp; wildList.indexOf(symbol) != -1): null

2019-08-10 23:51:05 - [TEST_STEP][PASSED] - symbol = symbol: null

2019-08-10 23:51:05 - [TEST_STEP][PASSED] - println(symbol): null

2019-08-10 23:51:05 - [TEST_STEP][PASSED] - if (i == 2 &amp;&amp; wildList.indexOf(symbol) != -1): null

2019-08-10 23:51:05 - [TEST_STEP][PASSED] - if (i == 3 &amp;&amp; wildList.indexOf(symbol) != -1): null

2019-08-10 23:51:05 - [TEST_STEP][PASSED] - if (i == 4 &amp;&amp; wildList.indexOf(symbol) != -1): null

2019-08-10 23:51:05 - [TEST_STEP][PASSED] - symbols = symbols: null

2019-08-10 23:51:05 - [TEST_STEP][PASSED] - for ([j = 0, j &lt; symbols.size(), (j++)]): null

2019-08-10 23:51:05 - [TEST_STEP][PASSED] - symbol = symbol: null

2019-08-10 23:51:05 - [TEST_STEP][PASSED] - println(symbol): null

2019-08-10 23:51:05 - [TEST_STEP][PASSED] - if (i == 2 &amp;&amp; wildList.indexOf(symbol) != -1): null

2019-08-10 23:51:05 - [TEST_STEP][PASSED] - if (i == 3 &amp;&amp; wildList.indexOf(symbol) != -1): null

2019-08-10 23:51:05 - [TEST_STEP][PASSED] - if (i == 4 &amp;&amp; wildList.indexOf(symbol) != -1): null

2019-08-10 23:51:05 - [TEST_STEP][PASSED] - symbol = symbol: null

2019-08-10 23:51:05 - [TEST_STEP][PASSED] - println(symbol): null

2019-08-10 23:51:05 - [TEST_STEP][PASSED] - if (i == 2 &amp;&amp; wildList.indexOf(symbol) != -1): null

2019-08-10 23:51:05 - [TEST_STEP][PASSED] - if (i == 3 &amp;&amp; wildList.indexOf(symbol) != -1): null

2019-08-10 23:51:05 - [TEST_STEP][PASSED] - if (i == 4 &amp;&amp; wildList.indexOf(symbol) != -1): null

2019-08-10 23:51:05 - [TEST_STEP][PASSED] - symbol = symbol: null

2019-08-10 23:51:05 - [TEST_STEP][PASSED] - println(symbol): null

2019-08-10 23:51:05 - [TEST_STEP][PASSED] - if (i == 2 &amp;&amp; wildList.indexOf(symbol) != -1): null

2019-08-10 23:51:05 - [TEST_STEP][PASSED] - if (i == 3 &amp;&amp; wildList.indexOf(symbol) != -1): null

2019-08-10 23:51:05 - [TEST_STEP][PASSED] - if (i == 4 &amp;&amp; wildList.indexOf(symbol) != -1): null

2019-08-10 23:51:05 - [TEST_STEP][PASSED] - symbols = symbols: null

2019-08-10 23:51:05 - [TEST_STEP][PASSED] - for ([j = 0, j &lt; symbols.size(), (j++)]): null

2019-08-10 23:51:05 - [TEST_STEP][PASSED] - symbol = symbol: null

2019-08-10 23:51:05 - [TEST_STEP][PASSED] - println(symbol): null

2019-08-10 23:51:05 - [TEST_STEP][PASSED] - if (i == 2 &amp;&amp; wildList.indexOf(symbol) != -1): null

2019-08-10 23:51:05 - [TEST_STEP][PASSED] - if (i == 3 &amp;&amp; wildList.indexOf(symbol) != -1): null

2019-08-10 23:51:05 - [TEST_STEP][PASSED] - if (i == 4 &amp;&amp; wildList.indexOf(symbol) != -1): null

2019-08-10 23:51:05 - [TEST_STEP][PASSED] - symbol = symbol: null

2019-08-10 23:51:05 - [TEST_STEP][PASSED] - println(symbol): null

2019-08-10 23:51:05 - [TEST_STEP][PASSED] - if (i == 2 &amp;&amp; wildList.indexOf(symbol) != -1): null

2019-08-10 23:51:05 - [TEST_STEP][PASSED] - println("wild found on reel 3, adding counter by 1"): null

2019-08-10 23:51:05 - [TEST_STEP][PASSED] - free_spin_reel_counter[0] = free_spin_reel_counter[0] + 1: null

2019-08-10 23:51:05 - [TEST_STEP][PASSED] - if (i == 3 &amp;&amp; wildList.indexOf(symbol) != -1): null

2019-08-10 23:51:05 - [TEST_STEP][PASSED] - if (i == 4 &amp;&amp; wildList.indexOf(symbol) != -1): null

2019-08-10 23:51:05 - [TEST_STEP][PASSED] - symbol = symbol: null

2019-08-10 23:51:05 - [TEST_STEP][PASSED] - println(symbol): null

2019-08-10 23:51:05 - [TEST_STEP][PASSED] - if (i == 2 &amp;&amp; wildList.indexOf(symbol) != -1): null

2019-08-10 23:51:05 - [TEST_STEP][PASSED] - if (i == 3 &amp;&amp; wildList.indexOf(symbol) != -1): null

2019-08-10 23:51:05 - [TEST_STEP][PASSED] - if (i == 4 &amp;&amp; wildList.indexOf(symbol) != -1): null

2019-08-10 23:51:05 - [TEST_STEP][PASSED] - symbols = symbols: null

2019-08-10 23:51:05 - [TEST_STEP][PASSED] - for ([j = 0, j &lt; symbols.size(), (j++)]): null

2019-08-10 23:51:05 - [TEST_STEP][PASSED] - symbol = symbol: null

2019-08-10 23:51:05 - [TEST_STEP][PASSED] - println(symbol): null

2019-08-10 23:51:05 - [TEST_STEP][PASSED] - if (i == 2 &amp;&amp; wildList.indexOf(symbol) != -1): null

2019-08-10 23:51:05 - [TEST_STEP][PASSED] - if (i == 3 &amp;&amp; wildList.indexOf(symbol) != -1): null

2019-08-10 23:51:05 - [TEST_STEP][PASSED] - if (i == 4 &amp;&amp; wildList.indexOf(symbol) != -1): null

2019-08-10 23:51:05 - [TEST_STEP][PASSED] - symbol = symbol: null

2019-08-10 23:51:05 - [TEST_STEP][PASSED] - println(symbol): null

2019-08-10 23:51:05 - [TEST_STEP][PASSED] - if (i == 2 &amp;&amp; wildList.indexOf(symbol) != -1): null

2019-08-10 23:51:05 - [TEST_STEP][PASSED] - if (i == 3 &amp;&amp; wildList.indexOf(symbol) != -1): null

2019-08-10 23:51:05 - [TEST_STEP][PASSED] - if (i == 4 &amp;&amp; wildList.indexOf(symbol) != -1): null

2019-08-10 23:51:05 - [TEST_STEP][PASSED] - symbol = symbol: null

2019-08-10 23:51:05 - [TEST_STEP][PASSED] - println(symbol): null

2019-08-10 23:51:05 - [TEST_STEP][PASSED] - if (i == 2 &amp;&amp; wildList.indexOf(symbol) != -1): null

2019-08-10 23:51:05 - [TEST_STEP][PASSED] - if (i == 3 &amp;&amp; wildList.indexOf(symbol) != -1): null

2019-08-10 23:51:05 - [TEST_STEP][PASSED] - if (i == 4 &amp;&amp; wildList.indexOf(symbol) != -1): null

2019-08-10 23:51:05 - [TEST_STEP][PASSED] - symbols = symbols: null

2019-08-10 23:51:05 - [TEST_STEP][PASSED] - for ([j = 0, j &lt; symbols.size(), (j++)]): null

2019-08-10 23:51:05 - [TEST_STEP][PASSED] - symbol = symbol: null

2019-08-10 23:51:05 - [TEST_STEP][PASSED] - println(symbol): null

2019-08-10 23:51:05 - [TEST_STEP][PASSED] - if (i == 2 &amp;&amp; wildList.indexOf(symbol) != -1): null

2019-08-10 23:51:05 - [TEST_STEP][PASSED] - if (i == 3 &amp;&amp; wildList.indexOf(symbol) != -1): null

2019-08-10 23:51:05 - [TEST_STEP][PASSED] - if (i == 4 &amp;&amp; wildList.indexOf(symbol) != -1): null

2019-08-10 23:51:05 - [TEST_STEP][PASSED] - symbol = symbol: null

2019-08-10 23:51:05 - [TEST_STEP][PASSED] - println(symbol): null

2019-08-10 23:51:05 - [TEST_STEP][PASSED] - if (i == 2 &amp;&amp; wildList.indexOf(symbol) != -1): null

2019-08-10 23:51:05 - [TEST_STEP][PASSED] - if (i == 3 &amp;&amp; wildList.indexOf(symbol) != -1): null

2019-08-10 23:51:05 - [TEST_STEP][PASSED] - if (i == 4 &amp;&amp; wildList.indexOf(symbol) != -1): null

2019-08-10 23:51:05 - [TEST_STEP][PASSED] - symbol = symbol: null

2019-08-10 23:51:05 - [TEST_STEP][PASSED] - println(symbol): null

2019-08-10 23:51:05 - [TEST_STEP][PASSED] - if (i == 2 &amp;&amp; wildList.indexOf(symbol) != -1): null

2019-08-10 23:51:05 - [TEST_STEP][PASSED] - if (i == 3 &amp;&amp; wildList.indexOf(symbol) != -1): null

2019-08-10 23:51:05 - [TEST_STEP][PASSED] - if (i == 4 &amp;&amp; wildList.indexOf(symbol) != -1): null

2019-08-10 23:51:05 - [TEST_STEP][PASSED] - free_spin_reel_counter = free_spin_reel_counter: null

2019-08-10 23:51:05 - [TEST_STEP][PASSED] - println("reel 3 wild found: " + free_spin_reel_counter[0]): null

2019-08-10 23:51:05 - [TEST_STEP][PASSED] - println("reel 4 wild found: " + free_spin_reel_counter[1]): null

2019-08-10 23:51:05 - [TEST_STEP][PASSED] - println("reel 5 wild found: " + free_spin_reel_counter[2]): null

2019-08-10 23:51:05 - [TEST_STEP][PASSED] - M4_spin_reels = M4_spin_reels: null

2019-08-10 23:51:05 - [TEST_STEP][PASSED] - M4_spin_reels_symbols = symbol: null

2019-08-10 23:51:05 - [TEST_STEP][PASSED] - M4_spin_reels_symbols = M4_spin_reels_symbols: null

2019-08-10 23:51:05 - [TEST_STEP][PASSED] - M4_spin_reel_wins = reel_wins: null

2019-08-10 23:51:05 - [TEST_STEP][PASSED] - M4_spin_reel_wins = M4_spin_reel_wins: null

2019-08-10 23:51:05 - [TEST_STEP][PASSED] - println("GlobalVariable.M4_spin_reel_wins is: " + M4_spin_reel_wins): null

2019-08-10 23:51:05 - [TEST_STEP][PASSED] - M4_spin_total_bonus_win_this_round = total_bonus_win_this_round: null

2019-08-10 23:51:05 - [TEST_STEP][PASSED] - M4_spin_total_bonus_win_this_round = M4_spin_total_bonus_win_this_round: null

2019-08-10 23:51:05 - [TEST_STEP][PASSED] - println("GlobalVariable.M4_spin_total_bonus_win_this_round is: " + M4_spin_total_bonus_win_this_round): null

2019-08-10 23:51:05 - [MESSAGE][PASSED] - Verify response successfully

2019-08-10 23:51:05 - [MESSAGE][PASSED] - Send request and verify the response successfully

2019-08-10 23:51:05 - [TEST_STEP][PASSED] - if (M4_total_bonus_spins_int != 0 &amp;&amp; M4_spin_reels_symbols[2].contains("WILD_ExtraFG") || M4_spin_reels_symbols[3].contains("WILD_ExtraFG")): null

2019-08-10 23:51:05 - [TEST_STEP][PASSED] - free_spin_reel_counter = free_spin_reel_counter: null

2019-08-10 23:51:05 - [TEST_STEP][PASSED] - M4_spin_reels_symbols = M4_spin_reels_symbols: null

2019-08-10 23:51:05 - [TEST_STEP][PASSED] - M4_total_bonus_spins = M4_total_bonus_spins: null

2019-08-10 23:51:05 - [TEST_STEP][PASSED] - spin_result = sendRequestAndVerify(findTestObject("RGS(M4)/1_M4_spin", ["M4_login_user_id":M4_login_user_id, "rgs_session_token":rgs_session_token, "partner":Partner])): Send request and verify the response successfully

2019-08-10 23:51:05 - [TEST_CASE][PASSED] - Start Test Case : Verification: Verification accomplished successfully

2019-08-10 23:51:05 - [TEST_STEP][PASSED] - request = getInstance().getCurrentRequest(): null

2019-08-10 23:51:06 - [TEST_STEP][PASSED] - response = getInstance().getCurrentResponse(): null

2019-08-10 23:51:06 - [TEST_STEP][PASSED] - verifyResponseStatusCode(response, 200): Verify response status code successfully

2019-08-10 23:51:06 - [MESSAGE][PASSED] - Verify response status code successfully

2019-08-10 23:51:06 - [TEST_STEP][PASSED] - getStatusCode()).isEqualTo(200): null

2019-08-10 23:51:06 - [TEST_STEP][PASSED] - newline = System.getProperty("line.separator"): null

2019-08-10 23:51:06 - [TEST_STEP][PASSED] - M4_spin = new groovy.json.JsonSlurper(): null

2019-08-10 23:51:06 - [TEST_STEP][PASSED] - result_M4_spin = M4_spin.parseText(response.getResponseBodyContent()): null

2019-08-10 23:51:06 - [TEST_STEP][PASSED] - M4_spin_current_balance = current_balance: null

2019-08-10 23:51:06 - [TEST_STEP][PASSED] - M4_spin_current_balance = M4_spin_current_balance: null

2019-08-10 23:51:06 - [TEST_STEP][PASSED] - M4_spin_transaction_id = causality: null

2019-08-10 23:51:06 - [TEST_STEP][PASSED] - M4_spin_transaction_id = M4_spin_transaction_id: null

2019-08-10 23:51:06 - [TEST_STEP][PASSED] - M4_spin_round_id = round_id: null

2019-08-10 23:51:06 - [TEST_STEP][PASSED] - M4_spin_round_id = M4_spin_round_id: null

2019-08-10 23:51:06 - [TEST_STEP][PASSED] - M4_spin_line_wins = line_wins: null

2019-08-10 23:51:06 - [TEST_STEP][PASSED] - M4_spin_line_wins = M4_spin_line_wins: null

2019-08-10 23:51:06 - [TEST_STEP][PASSED] - M4_total_bonus_spins_int = total_bonus_spins: null

2019-08-10 23:51:06 - [TEST_STEP][PASSED] - println("******M4_total_bonus_spins type is:*******" + newline + getClass().getName()): null

2019-08-10 23:51:06 - [TEST_STEP][PASSED] - M4_total_bonus_spins_int = M4_total_bonus_spins_int: null

2019-08-10 23:51:06 - [TEST_STEP][PASSED] - M4_total_bonus_spins = Integer.toString(M4_total_bonus_spins_int): null

2019-08-10 23:51:06 - [TEST_STEP][PASSED] - M4_total_bonus_spins = M4_total_bonus_spins: null

2019-08-10 23:51:06 - [TEST_STEP][PASSED] - println("M4_total_bonus_spins is:" + M4_total_bonus_spins): null

2019-08-10 23:51:06 - [TEST_STEP][PASSED] - M4_spin_bonus_data = bonus_data: null

2019-08-10 23:51:06 - [TEST_STEP][PASSED] - M4_spin_features_triggered = result_M4_spin: null

2019-08-10 23:51:06 - [TEST_STEP][PASSED] - wild = []: null

2019-08-10 23:51:06 - [TEST_STEP][PASSED] - wild[0] = "WILD_Expanding": null

2019-08-10 23:51:06 - [TEST_STEP][PASSED] - wild[1] = "WILD_Normal": null

2019-08-10 23:51:06 - [TEST_STEP][PASSED] - wild[2] = "WILD_Double": null

2019-08-10 23:51:06 - [TEST_STEP][PASSED] - wild[3] = "WILD_ExtraFG": null

2019-08-10 23:51:06 - [TEST_STEP][PASSED] - wild[4] = "WILD_Triple": null

2019-08-10 23:51:06 - [TEST_STEP][PASSED] - wildList = Arrays.asList(wild): null

2019-08-10 23:51:06 - [TEST_STEP][PASSED] - wildList = wildList: null

2019-08-10 23:51:06 - [TEST_STEP][PASSED] - free_spin_reel_counter = []: null

2019-08-10 23:51:06 - [TEST_STEP][PASSED] - free_spin_reel_counter[0] = 0: null

2019-08-10 23:51:06 - [TEST_STEP][PASSED] - free_spin_reel_counter[1] = 0: null

2019-08-10 23:51:06 - [TEST_STEP][PASSED] - free_spin_reel_counter[2] = 0: null

2019-08-10 23:51:06 - [TEST_STEP][PASSED] - M4_spin_reels = reels: null

2019-08-10 23:51:06 - [TEST_STEP][PASSED] - for ([i = 0, i &lt; M4_spin_reels.size(), (i++)]): null

2019-08-10 23:51:06 - [TEST_STEP][PASSED] - symbols = symbols: null

2019-08-10 23:51:06 - [TEST_STEP][PASSED] - for ([j = 0, j &lt; symbols.size(), (j++)]): null

2019-08-10 23:51:06 - [TEST_STEP][PASSED] - symbol = symbol: null

2019-08-10 23:51:06 - [TEST_STEP][PASSED] - println(symbol): null

2019-08-10 23:51:06 - [TEST_STEP][PASSED] - if (i == 2 &amp;&amp; wildList.indexOf(symbol) != -1): null

2019-08-10 23:51:06 - [TEST_STEP][PASSED] - if (i == 3 &amp;&amp; wildList.indexOf(symbol) != -1): null

2019-08-10 23:51:06 - [TEST_STEP][PASSED] - if (i == 4 &amp;&amp; wildList.indexOf(symbol) != -1): null

2019-08-10 23:51:06 - [TEST_STEP][PASSED] - symbol = symbol: null

2019-08-10 23:51:06 - [TEST_STEP][PASSED] - println(symbol): null

2019-08-10 23:51:06 - [TEST_STEP][PASSED] - if (i == 2 &amp;&amp; wildList.indexOf(symbol) != -1): null

2019-08-10 23:51:06 - [TEST_STEP][PASSED] - if (i == 3 &amp;&amp; wildList.indexOf(symbol) != -1): null

2019-08-10 23:51:06 - [TEST_STEP][PASSED] - if (i == 4 &amp;&amp; wildList.indexOf(symbol) != -1): null

2019-08-10 23:51:06 - [TEST_STEP][PASSED] - symbol = symbol: null

2019-08-10 23:51:06 - [TEST_STEP][PASSED] - println(symbol): null

2019-08-10 23:51:06 - [TEST_STEP][PASSED] - if (i == 2 &amp;&amp; wildList.indexOf(symbol) != -1): null

2019-08-10 23:51:06 - [TEST_STEP][PASSED] - if (i == 3 &amp;&amp; wildList.indexOf(symbol) != -1): null

2019-08-10 23:51:06 - [TEST_STEP][PASSED] - if (i == 4 &amp;&amp; wildList.indexOf(symbol) != -1): null

2019-08-10 23:51:06 - [TEST_STEP][PASSED] - symbols = symbols: null

2019-08-10 23:51:06 - [TEST_STEP][PASSED] - for ([j = 0, j &lt; symbols.size(), (j++)]): null

2019-08-10 23:51:06 - [TEST_STEP][PASSED] - symbol = symbol: null

2019-08-10 23:51:06 - [TEST_STEP][PASSED] - println(symbol): null

2019-08-10 23:51:06 - [TEST_STEP][PASSED] - if (i == 2 &amp;&amp; wildList.indexOf(symbol) != -1): null

2019-08-10 23:51:06 - [TEST_STEP][PASSED] - if (i == 3 &amp;&amp; wildList.indexOf(symbol) != -1): null

2019-08-10 23:51:06 - [TEST_STEP][PASSED] - if (i == 4 &amp;&amp; wildList.indexOf(symbol) != -1): null

2019-08-10 23:51:06 - [TEST_STEP][PASSED] - symbol = symbol: null

2019-08-10 23:51:06 - [TEST_STEP][PASSED] - println(symbol): null

2019-08-10 23:51:06 - [TEST_STEP][PASSED] - if (i == 2 &amp;&amp; wildList.indexOf(symbol) != -1): null

2019-08-10 23:51:06 - [TEST_STEP][PASSED] - if (i == 3 &amp;&amp; wildList.indexOf(symbol) != -1): null

2019-08-10 23:51:06 - [TEST_STEP][PASSED] - if (i == 4 &amp;&amp; wildList.indexOf(symbol) != -1): null

2019-08-10 23:51:06 - [TEST_STEP][PASSED] - symbol = symbol: null

2019-08-10 23:51:06 - [TEST_STEP][PASSED] - println(symbol): null

2019-08-10 23:51:06 - [TEST_STEP][PASSED] - if (i == 2 &amp;&amp; wildList.indexOf(symbol) != -1): null

2019-08-10 23:51:06 - [TEST_STEP][PASSED] - if (i == 3 &amp;&amp; wildList.indexOf(symbol) != -1): null

2019-08-10 23:51:06 - [TEST_STEP][PASSED] - if (i == 4 &amp;&amp; wildList.indexOf(symbol) != -1): null

2019-08-10 23:51:06 - [TEST_STEP][PASSED] - symbols = symbols: null

2019-08-10 23:51:06 - [TEST_STEP][PASSED] - for ([j = 0, j &lt; symbols.size(), (j++)]): null

2019-08-10 23:51:06 - [TEST_STEP][PASSED] - symbol = symbol: null

2019-08-10 23:51:06 - [TEST_STEP][PASSED] - println(symbol): null

2019-08-10 23:51:06 - [TEST_STEP][PASSED] - if (i == 2 &amp;&amp; wildList.indexOf(symbol) != -1): null

2019-08-10 23:51:06 - [TEST_STEP][PASSED] - if (i == 3 &amp;&amp; wildList.indexOf(symbol) != -1): null

2019-08-10 23:51:06 - [TEST_STEP][PASSED] - if (i == 4 &amp;&amp; wildList.indexOf(symbol) != -1): null

2019-08-10 23:51:06 - [TEST_STEP][PASSED] - symbol = symbol: null

2019-08-10 23:51:06 - [TEST_STEP][PASSED] - println(symbol): null

2019-08-10 23:51:06 - [TEST_STEP][PASSED] - if (i == 2 &amp;&amp; wildList.indexOf(symbol) != -1): null

2019-08-10 23:51:06 - [TEST_STEP][PASSED] - if (i == 3 &amp;&amp; wildList.indexOf(symbol) != -1): null

2019-08-10 23:51:06 - [TEST_STEP][PASSED] - if (i == 4 &amp;&amp; wildList.indexOf(symbol) != -1): null

2019-08-10 23:51:06 - [TEST_STEP][PASSED] - symbol = symbol: null

2019-08-10 23:51:06 - [TEST_STEP][PASSED] - println(symbol): null

2019-08-10 23:51:06 - [TEST_STEP][PASSED] - if (i == 2 &amp;&amp; wildList.indexOf(symbol) != -1): null

2019-08-10 23:51:06 - [TEST_STEP][PASSED] - if (i == 3 &amp;&amp; wildList.indexOf(symbol) != -1): null

2019-08-10 23:51:06 - [TEST_STEP][PASSED] - if (i == 4 &amp;&amp; wildList.indexOf(symbol) != -1): null

2019-08-10 23:51:06 - [TEST_STEP][PASSED] - symbols = symbols: null

2019-08-10 23:51:06 - [TEST_STEP][PASSED] - for ([j = 0, j &lt; symbols.size(), (j++)]): null

2019-08-10 23:51:06 - [TEST_STEP][PASSED] - symbol = symbol: null

2019-08-10 23:51:06 - [TEST_STEP][PASSED] - println(symbol): null

2019-08-10 23:51:06 - [TEST_STEP][PASSED] - if (i == 2 &amp;&amp; wildList.indexOf(symbol) != -1): null

2019-08-10 23:51:06 - [TEST_STEP][PASSED] - if (i == 3 &amp;&amp; wildList.indexOf(symbol) != -1): null

2019-08-10 23:51:06 - [TEST_STEP][PASSED] - if (i == 4 &amp;&amp; wildList.indexOf(symbol) != -1): null

2019-08-10 23:51:06 - [TEST_STEP][PASSED] - symbol = symbol: null

2019-08-10 23:51:06 - [TEST_STEP][PASSED] - println(symbol): null

2019-08-10 23:51:06 - [TEST_STEP][PASSED] - if (i == 2 &amp;&amp; wildList.indexOf(symbol) != -1): null

2019-08-10 23:51:06 - [TEST_STEP][PASSED] - if (i == 3 &amp;&amp; wildList.indexOf(symbol) != -1): null

2019-08-10 23:51:06 - [TEST_STEP][PASSED] - if (i == 4 &amp;&amp; wildList.indexOf(symbol) != -1): null

2019-08-10 23:51:06 - [TEST_STEP][PASSED] - symbol = symbol: null

2019-08-10 23:51:06 - [TEST_STEP][PASSED] - println(symbol): null

2019-08-10 23:51:06 - [TEST_STEP][PASSED] - if (i == 2 &amp;&amp; wildList.indexOf(symbol) != -1): null

2019-08-10 23:51:06 - [TEST_STEP][PASSED] - if (i == 3 &amp;&amp; wildList.indexOf(symbol) != -1): null

2019-08-10 23:51:06 - [TEST_STEP][PASSED] - if (i == 4 &amp;&amp; wildList.indexOf(symbol) != -1): null

2019-08-10 23:51:06 - [TEST_STEP][PASSED] - symbols = symbols: null

2019-08-10 23:51:06 - [TEST_STEP][PASSED] - for ([j = 0, j &lt; symbols.size(), (j++)]): null

2019-08-10 23:51:06 - [TEST_STEP][PASSED] - symbol = symbol: null

2019-08-10 23:51:06 - [TEST_STEP][PASSED] - println(symbol): null

2019-08-10 23:51:06 - [TEST_STEP][PASSED] - if (i == 2 &amp;&amp; wildList.indexOf(symbol) != -1): null

2019-08-10 23:51:06 - [TEST_STEP][PASSED] - if (i == 3 &amp;&amp; wildList.indexOf(symbol) != -1): null

2019-08-10 23:51:06 - [TEST_STEP][PASSED] - if (i == 4 &amp;&amp; wildList.indexOf(symbol) != -1): null

2019-08-10 23:51:06 - [TEST_STEP][PASSED] - println("wild found on reel 5, adding counter by 1"): null

2019-08-10 23:51:06 - [TEST_STEP][PASSED] - free_spin_reel_counter[2] = free_spin_reel_counter[2] + 1: null

2019-08-10 23:51:06 - [TEST_STEP][PASSED] - symbol = symbol: null

2019-08-10 23:51:06 - [TEST_STEP][PASSED] - println(symbol): null

2019-08-10 23:51:06 - [TEST_STEP][PASSED] - if (i == 2 &amp;&amp; wildList.indexOf(symbol) != -1): null

2019-08-10 23:51:06 - [TEST_STEP][PASSED] - if (i == 3 &amp;&amp; wildList.indexOf(symbol) != -1): null

2019-08-10 23:51:06 - [TEST_STEP][PASSED] - if (i == 4 &amp;&amp; wildList.indexOf(symbol) != -1): null

2019-08-10 23:51:06 - [TEST_STEP][PASSED] - symbol = symbol: null

2019-08-10 23:51:06 - [TEST_STEP][PASSED] - println(symbol): null

2019-08-10 23:51:06 - [TEST_STEP][PASSED] - if (i == 2 &amp;&amp; wildList.indexOf(symbol) != -1): null

2019-08-10 23:51:06 - [TEST_STEP][PASSED] - if (i == 3 &amp;&amp; wildList.indexOf(symbol) != -1): null

2019-08-10 23:51:06 - [TEST_STEP][PASSED] - if (i == 4 &amp;&amp; wildList.indexOf(symbol) != -1): null

2019-08-10 23:51:06 - [TEST_STEP][PASSED] - free_spin_reel_counter = free_spin_reel_counter: null

2019-08-10 23:51:06 - [TEST_STEP][PASSED] - println("reel 3 wild found: " + free_spin_reel_counter[0]): null

2019-08-10 23:51:06 - [TEST_STEP][PASSED] - println("reel 4 wild found: " + free_spin_reel_counter[1]): null

2019-08-10 23:51:06 - [TEST_STEP][PASSED] - println("reel 5 wild found: " + free_spin_reel_counter[2]): null

2019-08-10 23:51:06 - [TEST_STEP][PASSED] - M4_spin_reels = M4_spin_reels: null

2019-08-10 23:51:06 - [TEST_STEP][PASSED] - M4_spin_reels_symbols = symbol: null

2019-08-10 23:51:06 - [TEST_STEP][PASSED] - M4_spin_reels_symbols = M4_spin_reels_symbols: null

2019-08-10 23:51:06 - [TEST_STEP][PASSED] - M4_spin_reel_wins = reel_wins: null

2019-08-10 23:51:06 - [TEST_STEP][PASSED] - M4_spin_reel_wins = M4_spin_reel_wins: null

2019-08-10 23:51:06 - [TEST_STEP][PASSED] - println("GlobalVariable.M4_spin_reel_wins is: " + M4_spin_reel_wins): null

2019-08-10 23:51:06 - [TEST_STEP][PASSED] - M4_spin_total_bonus_win_this_round = total_bonus_win_this_round: null

2019-08-10 23:51:06 - [TEST_STEP][PASSED] - M4_spin_total_bonus_win_this_round = M4_spin_total_bonus_win_this_round: null

2019-08-10 23:51:06 - [TEST_STEP][PASSED] - println("GlobalVariable.M4_spin_total_bonus_win_this_round is: " + M4_spin_total_bonus_win_this_round): null

2019-08-10 23:51:06 - [MESSAGE][PASSED] - Verify response successfully

2019-08-10 23:51:06 - [MESSAGE][PASSED] - Send request and verify the response successfully

2019-08-10 23:51:06 - [TEST_STEP][PASSED] - if (M4_total_bonus_spins_int != 0 &amp;&amp; M4_spin_reels_symbols[2].contains("WILD_ExtraFG") || M4_spin_reels_symbols[3].contains("WILD_ExtraFG")): null

2019-08-10 23:51:06 - [TEST_STEP][PASSED] - free_spin_reel_counter = free_spin_reel_counter: null

2019-08-10 23:51:06 - [TEST_STEP][PASSED] - M4_spin_reels_symbols = M4_spin_reels_symbols: null

2019-08-10 23:51:06 - [TEST_STEP][PASSED] - M4_total_bonus_spins = M4_total_bonus_spins: null

2019-08-10 23:51:06 - [TEST_STEP][PASSED] - spin_result = sendRequestAndVerify(findTestObject("RGS(M4)/1_M4_spin", ["M4_login_user_id":M4_login_user_id, "rgs_session_token":rgs_session_token, "partner":Partner])): Send request and verify the response successfully

2019-08-10 23:51:06 - [TEST_CASE][PASSED] - Start Test Case : Verification: Verification accomplished successfully

2019-08-10 23:51:06 - [TEST_STEP][PASSED] - request = getInstance().getCurrentRequest(): null

2019-08-10 23:51:06 - [TEST_STEP][PASSED] - response = getInstance().getCurrentResponse(): null

2019-08-10 23:51:06 - [TEST_STEP][PASSED] - verifyResponseStatusCode(response, 200): Verify response status code successfully

2019-08-10 23:51:06 - [MESSAGE][PASSED] - Verify response status code successfully

2019-08-10 23:51:06 - [TEST_STEP][PASSED] - getStatusCode()).isEqualTo(200): null

2019-08-10 23:51:06 - [TEST_STEP][PASSED] - newline = System.getProperty("line.separator"): null

2019-08-10 23:51:06 - [TEST_STEP][PASSED] - M4_spin = new groovy.json.JsonSlurper(): null

2019-08-10 23:51:06 - [TEST_STEP][PASSED] - result_M4_spin = M4_spin.parseText(response.getResponseBodyContent()): null

2019-08-10 23:51:06 - [TEST_STEP][PASSED] - M4_spin_current_balance = current_balance: null

2019-08-10 23:51:06 - [TEST_STEP][PASSED] - M4_spin_current_balance = M4_spin_current_balance: null

2019-08-10 23:51:06 - [TEST_STEP][PASSED] - M4_spin_transaction_id = causality: null

2019-08-10 23:51:06 - [TEST_STEP][PASSED] - M4_spin_transaction_id = M4_spin_transaction_id: null

2019-08-10 23:51:06 - [TEST_STEP][PASSED] - M4_spin_round_id = round_id: null

2019-08-10 23:51:06 - [TEST_STEP][PASSED] - M4_spin_round_id = M4_spin_round_id: null

2019-08-10 23:51:06 - [TEST_STEP][PASSED] - M4_spin_line_wins = line_wins: null

2019-08-10 23:51:06 - [TEST_STEP][PASSED] - M4_spin_line_wins = M4_spin_line_wins: null

2019-08-10 23:51:06 - [TEST_STEP][PASSED] - M4_total_bonus_spins_int = total_bonus_spins: null

2019-08-10 23:51:06 - [TEST_STEP][PASSED] - println("******M4_total_bonus_spins type is:*******" + newline + getClass().getName()): null

2019-08-10 23:51:06 - [TEST_STEP][PASSED] - M4_total_bonus_spins_int = M4_total_bonus_spins_int: null

2019-08-10 23:51:06 - [TEST_STEP][PASSED] - M4_total_bonus_spins = Integer.toString(M4_total_bonus_spins_int): null

2019-08-10 23:51:06 - [TEST_STEP][PASSED] - M4_total_bonus_spins = M4_total_bonus_spins: null

2019-08-10 23:51:06 - [TEST_STEP][PASSED] - println("M4_total_bonus_spins is:" + M4_total_bonus_spins): null

2019-08-10 23:51:06 - [TEST_STEP][PASSED] - M4_spin_bonus_data = bonus_data: null

2019-08-10 23:51:06 - [TEST_STEP][PASSED] - M4_spin_features_triggered = result_M4_spin: null

2019-08-10 23:51:06 - [TEST_STEP][PASSED] - wild = []: null

2019-08-10 23:51:06 - [TEST_STEP][PASSED] - wild[0] = "WILD_Expanding": null

2019-08-10 23:51:06 - [TEST_STEP][PASSED] - wild[1] = "WILD_Normal": null

2019-08-10 23:51:06 - [TEST_STEP][PASSED] - wild[2] = "WILD_Double": null

2019-08-10 23:51:06 - [TEST_STEP][PASSED] - wild[3] = "WILD_ExtraFG": null

2019-08-10 23:51:06 - [TEST_STEP][PASSED] - wild[4] = "WILD_Triple": null

2019-08-10 23:51:06 - [TEST_STEP][PASSED] - wildList = Arrays.asList(wild): null

2019-08-10 23:51:06 - [TEST_STEP][PASSED] - wildList = wildList: null

2019-08-10 23:51:06 - [TEST_STEP][PASSED] - free_spin_reel_counter = []: null

2019-08-10 23:51:06 - [TEST_STEP][PASSED] - free_spin_reel_counter[0] = 0: null

2019-08-10 23:51:06 - [TEST_STEP][PASSED] - free_spin_reel_counter[1] = 0: null

2019-08-10 23:51:06 - [TEST_STEP][PASSED] - free_spin_reel_counter[2] = 0: null

2019-08-10 23:51:06 - [TEST_STEP][PASSED] - M4_spin_reels = reels: null

2019-08-10 23:51:06 - [TEST_STEP][PASSED] - for ([i = 0, i &lt; M4_spin_reels.size(), (i++)]): null

2019-08-10 23:51:06 - [TEST_STEP][PASSED] - symbols = symbols: null

2019-08-10 23:51:06 - [TEST_STEP][PASSED] - for ([j = 0, j &lt; symbols.size(), (j++)]): null

2019-08-10 23:51:06 - [TEST_STEP][PASSED] - symbol = symbol: null

2019-08-10 23:51:06 - [TEST_STEP][PASSED] - println(symbol): null

2019-08-10 23:51:06 - [TEST_STEP][PASSED] - if (i == 2 &amp;&amp; wildList.indexOf(symbol) != -1): null

2019-08-10 23:51:06 - [TEST_STEP][PASSED] - if (i == 3 &amp;&amp; wildList.indexOf(symbol) != -1): null

2019-08-10 23:51:06 - [TEST_STEP][PASSED] - if (i == 4 &amp;&amp; wildList.indexOf(symbol) != -1): null

2019-08-10 23:51:06 - [TEST_STEP][PASSED] - symbol = symbol: null

2019-08-10 23:51:06 - [TEST_STEP][PASSED] - println(symbol): null

2019-08-10 23:51:06 - [TEST_STEP][PASSED] - if (i == 2 &amp;&amp; wildList.indexOf(symbol) != -1): null

2019-08-10 23:51:06 - [TEST_STEP][PASSED] - if (i == 3 &amp;&amp; wildList.indexOf(symbol) != -1): null

2019-08-10 23:51:06 - [TEST_STEP][PASSED] - if (i == 4 &amp;&amp; wildList.indexOf(symbol) != -1): null

2019-08-10 23:51:06 - [TEST_STEP][PASSED] - symbol = symbol: null

2019-08-10 23:51:06 - [TEST_STEP][PASSED] - println(symbol): null

2019-08-10 23:51:06 - [TEST_STEP][PASSED] - if (i == 2 &amp;&amp; wildList.indexOf(symbol) != -1): null

2019-08-10 23:51:06 - [TEST_STEP][PASSED] - if (i == 3 &amp;&amp; wildList.indexOf(symbol) != -1): null

2019-08-10 23:51:06 - [TEST_STEP][PASSED] - if (i == 4 &amp;&amp; wildList.indexOf(symbol) != -1): null

2019-08-10 23:51:06 - [TEST_STEP][PASSED] - symbols = symbols: null

2019-08-10 23:51:06 - [TEST_STEP][PASSED] - for ([j = 0, j &lt; symbols.size(), (j++)]): null

2019-08-10 23:51:06 - [TEST_STEP][PASSED] - symbol = symbol: null

2019-08-10 23:51:06 - [TEST_STEP][PASSED] - println(symbol): null

2019-08-10 23:51:06 - [TEST_STEP][PASSED] - if (i == 2 &amp;&amp; wildList.indexOf(symbol) != -1): null

2019-08-10 23:51:06 - [TEST_STEP][PASSED] - if (i == 3 &amp;&amp; wildList.indexOf(symbol) != -1): null

2019-08-10 23:51:06 - [TEST_STEP][PASSED] - if (i == 4 &amp;&amp; wildList.indexOf(symbol) != -1): null

2019-08-10 23:51:06 - [TEST_STEP][PASSED] - symbol = symbol: null

2019-08-10 23:51:06 - [TEST_STEP][PASSED] - println(symbol): null

2019-08-10 23:51:06 - [TEST_STEP][PASSED] - if (i == 2 &amp;&amp; wildList.indexOf(symbol) != -1): null

2019-08-10 23:51:06 - [TEST_STEP][PASSED] - if (i == 3 &amp;&amp; wildList.indexOf(symbol) != -1): null

2019-08-10 23:51:06 - [TEST_STEP][PASSED] - if (i == 4 &amp;&amp; wildList.indexOf(symbol) != -1): null

2019-08-10 23:51:06 - [TEST_STEP][PASSED] - symbol = symbol: null

2019-08-10 23:51:06 - [TEST_STEP][PASSED] - println(symbol): null

2019-08-10 23:51:06 - [TEST_STEP][PASSED] - if (i == 2 &amp;&amp; wildList.indexOf(symbol) != -1): null

2019-08-10 23:51:06 - [TEST_STEP][PASSED] - if (i == 3 &amp;&amp; wildList.indexOf(symbol) != -1): null

2019-08-10 23:51:06 - [TEST_STEP][PASSED] - if (i == 4 &amp;&amp; wildList.indexOf(symbol) != -1): null

2019-08-10 23:51:06 - [TEST_STEP][PASSED] - symbols = symbols: null

2019-08-10 23:51:06 - [TEST_STEP][PASSED] - for ([j = 0, j &lt; symbols.size(), (j++)]): null

2019-08-10 23:51:06 - [TEST_STEP][PASSED] - symbol = symbol: null

2019-08-10 23:51:06 - [TEST_STEP][PASSED] - println(symbol): null

2019-08-10 23:51:06 - [TEST_STEP][PASSED] - if (i == 2 &amp;&amp; wildList.indexOf(symbol) != -1): null

2019-08-10 23:51:06 - [TEST_STEP][PASSED] - if (i == 3 &amp;&amp; wildList.indexOf(symbol) != -1): null

2019-08-10 23:51:06 - [TEST_STEP][PASSED] - if (i == 4 &amp;&amp; wildList.indexOf(symbol) != -1): null

2019-08-10 23:51:06 - [TEST_STEP][PASSED] - symbol = symbol: null

2019-08-10 23:51:06 - [TEST_STEP][PASSED] - println(symbol): null

2019-08-10 23:51:06 - [TEST_STEP][PASSED] - if (i == 2 &amp;&amp; wildList.indexOf(symbol) != -1): null

2019-08-10 23:51:06 - [TEST_STEP][PASSED] - if (i == 3 &amp;&amp; wildList.indexOf(symbol) != -1): null

2019-08-10 23:51:06 - [TEST_STEP][PASSED] - if (i == 4 &amp;&amp; wildList.indexOf(symbol) != -1): null

2019-08-10 23:51:06 - [TEST_STEP][PASSED] - symbol = symbol: null

2019-08-10 23:51:06 - [TEST_STEP][PASSED] - println(symbol): null

2019-08-10 23:51:06 - [TEST_STEP][PASSED] - if (i == 2 &amp;&amp; wildList.indexOf(symbol) != -1): null

2019-08-10 23:51:06 - [TEST_STEP][PASSED] - if (i == 3 &amp;&amp; wildList.indexOf(symbol) != -1): null

2019-08-10 23:51:06 - [TEST_STEP][PASSED] - if (i == 4 &amp;&amp; wildList.indexOf(symbol) != -1): null

2019-08-10 23:51:06 - [TEST_STEP][PASSED] - symbols = symbols: null

2019-08-10 23:51:06 - [TEST_STEP][PASSED] - for ([j = 0, j &lt; symbols.size(), (j++)]): null

2019-08-10 23:51:06 - [TEST_STEP][PASSED] - symbol = symbol: null

2019-08-10 23:51:06 - [TEST_STEP][PASSED] - println(symbol): null

2019-08-10 23:51:06 - [TEST_STEP][PASSED] - if (i == 2 &amp;&amp; wildList.indexOf(symbol) != -1): null

2019-08-10 23:51:06 - [TEST_STEP][PASSED] - if (i == 3 &amp;&amp; wildList.indexOf(symbol) != -1): null

2019-08-10 23:51:06 - [TEST_STEP][PASSED] - if (i == 4 &amp;&amp; wildList.indexOf(symbol) != -1): null

2019-08-10 23:51:06 - [TEST_STEP][PASSED] - symbol = symbol: null

2019-08-10 23:51:06 - [TEST_STEP][PASSED] - println(symbol): null

2019-08-10 23:51:06 - [TEST_STEP][PASSED] - if (i == 2 &amp;&amp; wildList.indexOf(symbol) != -1): null

2019-08-10 23:51:06 - [TEST_STEP][PASSED] - if (i == 3 &amp;&amp; wildList.indexOf(symbol) != -1): null

2019-08-10 23:51:06 - [TEST_STEP][PASSED] - if (i == 4 &amp;&amp; wildList.indexOf(symbol) != -1): null

2019-08-10 23:51:06 - [TEST_STEP][PASSED] - symbol = symbol: null

2019-08-10 23:51:06 - [TEST_STEP][PASSED] - println(symbol): null

2019-08-10 23:51:06 - [TEST_STEP][PASSED] - if (i == 2 &amp;&amp; wildList.indexOf(symbol) != -1): null

2019-08-10 23:51:06 - [TEST_STEP][PASSED] - if (i == 3 &amp;&amp; wildList.indexOf(symbol) != -1): null

2019-08-10 23:51:06 - [TEST_STEP][PASSED] - if (i == 4 &amp;&amp; wildList.indexOf(symbol) != -1): null

2019-08-10 23:51:06 - [TEST_STEP][PASSED] - symbols = symbols: null

2019-08-10 23:51:06 - [TEST_STEP][PASSED] - for ([j = 0, j &lt; symbols.size(), (j++)]): null

2019-08-10 23:51:06 - [TEST_STEP][PASSED] - symbol = symbol: null

2019-08-10 23:51:06 - [TEST_STEP][PASSED] - println(symbol): null

2019-08-10 23:51:06 - [TEST_STEP][PASSED] - if (i == 2 &amp;&amp; wildList.indexOf(symbol) != -1): null

2019-08-10 23:51:06 - [TEST_STEP][PASSED] - if (i == 3 &amp;&amp; wildList.indexOf(symbol) != -1): null

2019-08-10 23:51:06 - [TEST_STEP][PASSED] - if (i == 4 &amp;&amp; wildList.indexOf(symbol) != -1): null

2019-08-10 23:51:06 - [TEST_STEP][PASSED] - symbol = symbol: null

2019-08-10 23:51:06 - [TEST_STEP][PASSED] - println(symbol): null

2019-08-10 23:51:06 - [TEST_STEP][PASSED] - if (i == 2 &amp;&amp; wildList.indexOf(symbol) != -1): null

2019-08-10 23:51:06 - [TEST_STEP][PASSED] - if (i == 3 &amp;&amp; wildList.indexOf(symbol) != -1): null

2019-08-10 23:51:06 - [TEST_STEP][PASSED] - if (i == 4 &amp;&amp; wildList.indexOf(symbol) != -1): null

2019-08-10 23:51:06 - [TEST_STEP][PASSED] - symbol = symbol: null

2019-08-10 23:51:06 - [TEST_STEP][PASSED] - println(symbol): null

2019-08-10 23:51:06 - [TEST_STEP][PASSED] - if (i == 2 &amp;&amp; wildList.indexOf(symbol) != -1): null

2019-08-10 23:51:06 - [TEST_STEP][PASSED] - if (i == 3 &amp;&amp; wildList.indexOf(symbol) != -1): null

2019-08-10 23:51:06 - [TEST_STEP][PASSED] - if (i == 4 &amp;&amp; wildList.indexOf(symbol) != -1): null

2019-08-10 23:51:06 - [TEST_STEP][PASSED] - free_spin_reel_counter = free_spin_reel_counter: null

2019-08-10 23:51:06 - [TEST_STEP][PASSED] - println("reel 3 wild found: " + free_spin_reel_counter[0]): null

2019-08-10 23:51:06 - [TEST_STEP][PASSED] - println("reel 4 wild found: " + free_spin_reel_counter[1]): null

2019-08-10 23:51:06 - [TEST_STEP][PASSED] - println("reel 5 wild found: " + free_spin_reel_counter[2]): null

2019-08-10 23:51:06 - [TEST_STEP][PASSED] - M4_spin_reels = M4_spin_reels: null

2019-08-10 23:51:06 - [TEST_STEP][PASSED] - M4_spin_reels_symbols = symbol: null

2019-08-10 23:51:06 - [TEST_STEP][PASSED] - M4_spin_reels_symbols = M4_spin_reels_symbols: null

2019-08-10 23:51:06 - [TEST_STEP][PASSED] - M4_spin_reel_wins = reel_wins: null

2019-08-10 23:51:06 - [TEST_STEP][PASSED] - M4_spin_reel_wins = M4_spin_reel_wins: null

2019-08-10 23:51:06 - [TEST_STEP][PASSED] - println("GlobalVariable.M4_spin_reel_wins is: " + M4_spin_reel_wins): null

2019-08-10 23:51:06 - [TEST_STEP][PASSED] - M4_spin_total_bonus_win_this_round = total_bonus_win_this_round: null

2019-08-10 23:51:06 - [TEST_STEP][PASSED] - M4_spin_total_bonus_win_this_round = M4_spin_total_bonus_win_this_round: null

2019-08-10 23:51:06 - [TEST_STEP][PASSED] - println("GlobalVariable.M4_spin_total_bonus_win_this_round is: " + M4_spin_total_bonus_win_this_round): null

2019-08-10 23:51:06 - [MESSAGE][PASSED] - Verify response successfully

2019-08-10 23:51:06 - [MESSAGE][PASSED] - Send request and verify the response successfully

2019-08-10 23:51:06 - [TEST_STEP][PASSED] - if (M4_total_bonus_spins_int != 0 &amp;&amp; M4_spin_reels_symbols[2].contains("WILD_ExtraFG") || M4_spin_reels_symbols[3].contains("WILD_ExtraFG")): null

2019-08-10 23:51:06 - [TEST_STEP][PASSED] - free_spin_reel_counter = free_spin_reel_counter: null

2019-08-10 23:51:06 - [TEST_STEP][PASSED] - M4_spin_reels_symbols = M4_spin_reels_symbols: null

2019-08-10 23:51:06 - [TEST_STEP][PASSED] - M4_total_bonus_spins = M4_total_bonus_spins: null

2019-08-10 23:51:06 - [TEST_STEP][PASSED] - spin_result = sendRequestAndVerify(findTestObject("RGS(M4)/1_M4_spin", ["M4_login_user_id":M4_login_user_id, "rgs_session_token":rgs_session_token, "partner":Partner])): Send request and verify the response successfully

2019-08-10 23:51:06 - [TEST_CASE][PASSED] - Start Test Case : Verification: Verification accomplished successfully

2019-08-10 23:51:06 - [TEST_STEP][PASSED] - request = getInstance().getCurrentRequest(): null

2019-08-10 23:51:07 - [TEST_STEP][PASSED] - response = getInstance().getCurrentResponse(): null

2019-08-10 23:51:07 - [TEST_STEP][PASSED] - verifyResponseStatusCode(response, 200): Verify response status code successfully

2019-08-10 23:51:07 - [MESSAGE][PASSED] - Verify response status code successfully

2019-08-10 23:51:07 - [TEST_STEP][PASSED] - getStatusCode()).isEqualTo(200): null

2019-08-10 23:51:07 - [TEST_STEP][PASSED] - newline = System.getProperty("line.separator"): null

2019-08-10 23:51:07 - [TEST_STEP][PASSED] - M4_spin = new groovy.json.JsonSlurper(): null

2019-08-10 23:51:07 - [TEST_STEP][PASSED] - result_M4_spin = M4_spin.parseText(response.getResponseBodyContent()): null

2019-08-10 23:51:07 - [TEST_STEP][PASSED] - M4_spin_current_balance = current_balance: null

2019-08-10 23:51:07 - [TEST_STEP][PASSED] - M4_spin_current_balance = M4_spin_current_balance: null

2019-08-10 23:51:07 - [TEST_STEP][PASSED] - M4_spin_transaction_id = causality: null

2019-08-10 23:51:07 - [TEST_STEP][PASSED] - M4_spin_transaction_id = M4_spin_transaction_id: null

2019-08-10 23:51:07 - [TEST_STEP][PASSED] - M4_spin_round_id = round_id: null

2019-08-10 23:51:07 - [TEST_STEP][PASSED] - M4_spin_round_id = M4_spin_round_id: null

2019-08-10 23:51:07 - [TEST_STEP][PASSED] - M4_spin_line_wins = line_wins: null

2019-08-10 23:51:07 - [TEST_STEP][PASSED] - M4_spin_line_wins = M4_spin_line_wins: null

2019-08-10 23:51:07 - [TEST_STEP][PASSED] - M4_total_bonus_spins_int = total_bonus_spins: null

2019-08-10 23:51:07 - [TEST_STEP][PASSED] - println("******M4_total_bonus_spins type is:*******" + newline + getClass().getName()): null

2019-08-10 23:51:07 - [TEST_STEP][PASSED] - M4_total_bonus_spins_int = M4_total_bonus_spins_int: null

2019-08-10 23:51:07 - [TEST_STEP][PASSED] - M4_total_bonus_spins = Integer.toString(M4_total_bonus_spins_int): null

2019-08-10 23:51:07 - [TEST_STEP][PASSED] - M4_total_bonus_spins = M4_total_bonus_spins: null

2019-08-10 23:51:07 - [TEST_STEP][PASSED] - println("M4_total_bonus_spins is:" + M4_total_bonus_spins): null

2019-08-10 23:51:07 - [TEST_STEP][PASSED] - M4_spin_bonus_data = bonus_data: null

2019-08-10 23:51:07 - [TEST_STEP][PASSED] - M4_spin_features_triggered = result_M4_spin: null

2019-08-10 23:51:07 - [TEST_STEP][PASSED] - wild = []: null

2019-08-10 23:51:07 - [TEST_STEP][PASSED] - wild[0] = "WILD_Expanding": null

2019-08-10 23:51:07 - [TEST_STEP][PASSED] - wild[1] = "WILD_Normal": null

2019-08-10 23:51:07 - [TEST_STEP][PASSED] - wild[2] = "WILD_Double": null

2019-08-10 23:51:07 - [TEST_STEP][PASSED] - wild[3] = "WILD_ExtraFG": null

2019-08-10 23:51:07 - [TEST_STEP][PASSED] - wild[4] = "WILD_Triple": null

2019-08-10 23:51:07 - [TEST_STEP][PASSED] - wildList = Arrays.asList(wild): null

2019-08-10 23:51:07 - [TEST_STEP][PASSED] - wildList = wildList: null

2019-08-10 23:51:07 - [TEST_STEP][PASSED] - free_spin_reel_counter = []: null

2019-08-10 23:51:07 - [TEST_STEP][PASSED] - free_spin_reel_counter[0] = 0: null

2019-08-10 23:51:07 - [TEST_STEP][PASSED] - free_spin_reel_counter[1] = 0: null

2019-08-10 23:51:07 - [TEST_STEP][PASSED] - free_spin_reel_counter[2] = 0: null

2019-08-10 23:51:07 - [TEST_STEP][PASSED] - M4_spin_reels = reels: null

2019-08-10 23:51:07 - [TEST_STEP][PASSED] - for ([i = 0, i &lt; M4_spin_reels.size(), (i++)]): null

2019-08-10 23:51:07 - [TEST_STEP][PASSED] - symbols = symbols: null

2019-08-10 23:51:07 - [TEST_STEP][PASSED] - for ([j = 0, j &lt; symbols.size(), (j++)]): null

2019-08-10 23:51:07 - [TEST_STEP][PASSED] - symbol = symbol: null

2019-08-10 23:51:07 - [TEST_STEP][PASSED] - println(symbol): null

2019-08-10 23:51:07 - [TEST_STEP][PASSED] - if (i == 2 &amp;&amp; wildList.indexOf(symbol) != -1): null

2019-08-10 23:51:07 - [TEST_STEP][PASSED] - if (i == 3 &amp;&amp; wildList.indexOf(symbol) != -1): null

2019-08-10 23:51:07 - [TEST_STEP][PASSED] - if (i == 4 &amp;&amp; wildList.indexOf(symbol) != -1): null

2019-08-10 23:51:07 - [TEST_STEP][PASSED] - symbol = symbol: null

2019-08-10 23:51:07 - [TEST_STEP][PASSED] - println(symbol): null

2019-08-10 23:51:07 - [TEST_STEP][PASSED] - if (i == 2 &amp;&amp; wildList.indexOf(symbol) != -1): null

2019-08-10 23:51:07 - [TEST_STEP][PASSED] - if (i == 3 &amp;&amp; wildList.indexOf(symbol) != -1): null

2019-08-10 23:51:07 - [TEST_STEP][PASSED] - if (i == 4 &amp;&amp; wildList.indexOf(symbol) != -1): null

2019-08-10 23:51:07 - [TEST_STEP][PASSED] - symbol = symbol: null

2019-08-10 23:51:07 - [TEST_STEP][PASSED] - println(symbol): null

2019-08-10 23:51:07 - [TEST_STEP][PASSED] - if (i == 2 &amp;&amp; wildList.indexOf(symbol) != -1): null

2019-08-10 23:51:07 - [TEST_STEP][PASSED] - if (i == 3 &amp;&amp; wildList.indexOf(symbol) != -1): null

2019-08-10 23:51:07 - [TEST_STEP][PASSED] - if (i == 4 &amp;&amp; wildList.indexOf(symbol) != -1): null

2019-08-10 23:51:07 - [TEST_STEP][PASSED] - symbols = symbols: null

2019-08-10 23:51:07 - [TEST_STEP][PASSED] - for ([j = 0, j &lt; symbols.size(), (j++)]): null

2019-08-10 23:51:07 - [TEST_STEP][PASSED] - symbol = symbol: null

2019-08-10 23:51:07 - [TEST_STEP][PASSED] - println(symbol): null

2019-08-10 23:51:07 - [TEST_STEP][PASSED] - if (i == 2 &amp;&amp; wildList.indexOf(symbol) != -1): null

2019-08-10 23:51:07 - [TEST_STEP][PASSED] - if (i == 3 &amp;&amp; wildList.indexOf(symbol) != -1): null

2019-08-10 23:51:07 - [TEST_STEP][PASSED] - if (i == 4 &amp;&amp; wildList.indexOf(symbol) != -1): null

2019-08-10 23:51:07 - [TEST_STEP][PASSED] - symbol = symbol: null

2019-08-10 23:51:07 - [TEST_STEP][PASSED] - println(symbol): null

2019-08-10 23:51:07 - [TEST_STEP][PASSED] - if (i == 2 &amp;&amp; wildList.indexOf(symbol) != -1): null

2019-08-10 23:51:07 - [TEST_STEP][PASSED] - if (i == 3 &amp;&amp; wildList.indexOf(symbol) != -1): null

2019-08-10 23:51:07 - [TEST_STEP][PASSED] - if (i == 4 &amp;&amp; wildList.indexOf(symbol) != -1): null

2019-08-10 23:51:07 - [TEST_STEP][PASSED] - symbol = symbol: null

2019-08-10 23:51:07 - [TEST_STEP][PASSED] - println(symbol): null

2019-08-10 23:51:07 - [TEST_STEP][PASSED] - if (i == 2 &amp;&amp; wildList.indexOf(symbol) != -1): null

2019-08-10 23:51:07 - [TEST_STEP][PASSED] - if (i == 3 &amp;&amp; wildList.indexOf(symbol) != -1): null

2019-08-10 23:51:07 - [TEST_STEP][PASSED] - if (i == 4 &amp;&amp; wildList.indexOf(symbol) != -1): null

2019-08-10 23:51:07 - [TEST_STEP][PASSED] - symbols = symbols: null

2019-08-10 23:51:07 - [TEST_STEP][PASSED] - for ([j = 0, j &lt; symbols.size(), (j++)]): null

2019-08-10 23:51:07 - [TEST_STEP][PASSED] - symbol = symbol: null

2019-08-10 23:51:07 - [TEST_STEP][PASSED] - println(symbol): null

2019-08-10 23:51:07 - [TEST_STEP][PASSED] - if (i == 2 &amp;&amp; wildList.indexOf(symbol) != -1): null

2019-08-10 23:51:07 - [TEST_STEP][PASSED] - if (i == 3 &amp;&amp; wildList.indexOf(symbol) != -1): null

2019-08-10 23:51:07 - [TEST_STEP][PASSED] - if (i == 4 &amp;&amp; wildList.indexOf(symbol) != -1): null

2019-08-10 23:51:07 - [TEST_STEP][PASSED] - symbol = symbol: null

2019-08-10 23:51:07 - [TEST_STEP][PASSED] - println(symbol): null

2019-08-10 23:51:07 - [TEST_STEP][PASSED] - if (i == 2 &amp;&amp; wildList.indexOf(symbol) != -1): null

2019-08-10 23:51:07 - [TEST_STEP][PASSED] - if (i == 3 &amp;&amp; wildList.indexOf(symbol) != -1): null

2019-08-10 23:51:07 - [TEST_STEP][PASSED] - if (i == 4 &amp;&amp; wildList.indexOf(symbol) != -1): null

2019-08-10 23:51:07 - [TEST_STEP][PASSED] - symbol = symbol: null

2019-08-10 23:51:07 - [TEST_STEP][PASSED] - println(symbol): null

2019-08-10 23:51:07 - [TEST_STEP][PASSED] - if (i == 2 &amp;&amp; wildList.indexOf(symbol) != -1): null

2019-08-10 23:51:07 - [TEST_STEP][PASSED] - if (i == 3 &amp;&amp; wildList.indexOf(symbol) != -1): null

2019-08-10 23:51:07 - [TEST_STEP][PASSED] - if (i == 4 &amp;&amp; wildList.indexOf(symbol) != -1): null

2019-08-10 23:51:07 - [TEST_STEP][PASSED] - symbols = symbols: null

2019-08-10 23:51:07 - [TEST_STEP][PASSED] - for ([j = 0, j &lt; symbols.size(), (j++)]): null

2019-08-10 23:51:07 - [TEST_STEP][PASSED] - symbol = symbol: null

2019-08-10 23:51:07 - [TEST_STEP][PASSED] - println(symbol): null

2019-08-10 23:51:07 - [TEST_STEP][PASSED] - if (i == 2 &amp;&amp; wildList.indexOf(symbol) != -1): null

2019-08-10 23:51:07 - [TEST_STEP][PASSED] - if (i == 3 &amp;&amp; wildList.indexOf(symbol) != -1): null

2019-08-10 23:51:07 - [TEST_STEP][PASSED] - println("wild found on reel 4, adding counter by 1"): null

2019-08-10 23:51:07 - [TEST_STEP][PASSED] - free_spin_reel_counter[1] = free_spin_reel_counter[1] + 1: null

2019-08-10 23:51:07 - [TEST_STEP][PASSED] - if (i == 4 &amp;&amp; wildList.indexOf(symbol) != -1): null

2019-08-10 23:51:07 - [TEST_STEP][PASSED] - symbol = symbol: null

2019-08-10 23:51:07 - [TEST_STEP][PASSED] - println(symbol): null

2019-08-10 23:51:07 - [TEST_STEP][PASSED] - if (i == 2 &amp;&amp; wildList.indexOf(symbol) != -1): null

2019-08-10 23:51:07 - [TEST_STEP][PASSED] - if (i == 3 &amp;&amp; wildList.indexOf(symbol) != -1): null

2019-08-10 23:51:07 - [TEST_STEP][PASSED] - if (i == 4 &amp;&amp; wildList.indexOf(symbol) != -1): null

2019-08-10 23:51:07 - [TEST_STEP][PASSED] - symbol = symbol: null

2019-08-10 23:51:07 - [TEST_STEP][PASSED] - println(symbol): null

2019-08-10 23:51:07 - [TEST_STEP][PASSED] - if (i == 2 &amp;&amp; wildList.indexOf(symbol) != -1): null

2019-08-10 23:51:07 - [TEST_STEP][PASSED] - if (i == 3 &amp;&amp; wildList.indexOf(symbol) != -1): null

2019-08-10 23:51:07 - [TEST_STEP][PASSED] - if (i == 4 &amp;&amp; wildList.indexOf(symbol) != -1): null

2019-08-10 23:51:07 - [TEST_STEP][PASSED] - symbols = symbols: null

2019-08-10 23:51:07 - [TEST_STEP][PASSED] - for ([j = 0, j &lt; symbols.size(), (j++)]): null

2019-08-10 23:51:07 - [TEST_STEP][PASSED] - symbol = symbol: null

2019-08-10 23:51:07 - [TEST_STEP][PASSED] - println(symbol): null

2019-08-10 23:51:07 - [TEST_STEP][PASSED] - if (i == 2 &amp;&amp; wildList.indexOf(symbol) != -1): null

2019-08-10 23:51:07 - [TEST_STEP][PASSED] - if (i == 3 &amp;&amp; wildList.indexOf(symbol) != -1): null

2019-08-10 23:51:07 - [TEST_STEP][PASSED] - if (i == 4 &amp;&amp; wildList.indexOf(symbol) != -1): null

2019-08-10 23:51:07 - [TEST_STEP][PASSED] - symbol = symbol: null

2019-08-10 23:51:07 - [TEST_STEP][PASSED] - println(symbol): null

2019-08-10 23:51:07 - [TEST_STEP][PASSED] - if (i == 2 &amp;&amp; wildList.indexOf(symbol) != -1): null

2019-08-10 23:51:07 - [TEST_STEP][PASSED] - if (i == 3 &amp;&amp; wildList.indexOf(symbol) != -1): null

2019-08-10 23:51:07 - [TEST_STEP][PASSED] - if (i == 4 &amp;&amp; wildList.indexOf(symbol) != -1): null

2019-08-10 23:51:16 - [TEST_STEP][PASSED] - symbol = symbol: null

2019-08-10 23:51:16 - [TEST_STEP][PASSED] - println(symbol): null

2019-08-10 23:51:16 - [TEST_STEP][PASSED] - if (i == 2 &amp;&amp; wildList.indexOf(symbol) != -1): null

2019-08-10 23:51:16 - [TEST_STEP][PASSED] - if (i == 3 &amp;&amp; wildList.indexOf(symbol) != -1): null

2019-08-10 23:51:16 - [TEST_STEP][PASSED] - if (i == 4 &amp;&amp; wildList.indexOf(symbol) != -1): null

2019-08-10 23:51:16 - [TEST_STEP][PASSED] - println("wild found on reel 5, adding counter by 1"): null

2019-08-10 23:51:21 - [TEST_STEP][PASSED] - free_spin_reel_counter[2] = free_spin_reel_counter[2] + 1: null

2019-08-10 23:51:21 - [TEST_STEP][PASSED] - free_spin_reel_counter = free_spin_reel_counter: null

2019-08-10 23:51:21 - [TEST_STEP][PASSED] - println("reel 3 wild found: " + free_spin_reel_counter[0]): null

2019-08-10 23:51:21 - [TEST_STEP][PASSED] - println("reel 4 wild found: " + free_spin_reel_counter[1]): null

2019-08-10 23:51:21 - [TEST_STEP][PASSED] - println("reel 5 wild found: " + free_spin_reel_counter[2]): null

2019-08-10 23:51:21 - [TEST_STEP][PASSED] - M4_spin_reels = M4_spin_reels: null

2019-08-10 23:51:21 - [TEST_STEP][PASSED] - M4_spin_reels_symbols = symbol: null

2019-08-10 23:51:21 - [TEST_STEP][PASSED] - M4_spin_reels_symbols = M4_spin_reels_symbols: null

2019-08-10 23:51:21 - [TEST_STEP][PASSED] - M4_spin_reel_wins = reel_wins: null

2019-08-10 23:51:21 - [TEST_STEP][PASSED] - M4_spin_reel_wins = M4_spin_reel_wins: null

2019-08-10 23:51:21 - [TEST_STEP][PASSED] - println("GlobalVariable.M4_spin_reel_wins is: " + M4_spin_reel_wins): null

2019-08-10 23:51:21 - [TEST_STEP][PASSED] - M4_spin_total_bonus_win_this_round = total_bonus_win_this_round: null

2019-08-10 23:51:21 - [TEST_STEP][PASSED] - M4_spin_total_bonus_win_this_round = M4_spin_total_bonus_win_this_round: null

2019-08-10 23:51:21 - [TEST_STEP][PASSED] - println("GlobalVariable.M4_spin_total_bonus_win_this_round is: " + M4_spin_total_bonus_win_this_round): null

2019-08-10 23:51:21 - [MESSAGE][PASSED] - Verify response successfully

2019-08-10 23:51:21 - [MESSAGE][PASSED] - Send request and verify the response successfully

2019-08-10 23:51:21 - [TEST_STEP][PASSED] - if (M4_total_bonus_spins_int != 0 &amp;&amp; M4_spin_reels_symbols[2].contains("WILD_ExtraFG") || M4_spin_reels_symbols[3].contains("WILD_ExtraFG")): null

2019-08-10 23:51:21 - [TEST_STEP][PASSED] - free_spin_reel_counter = free_spin_reel_counter: null

2019-08-10 23:51:21 - [TEST_STEP][PASSED] - M4_spin_reels_symbols = M4_spin_reels_symbols: null

2019-08-10 23:51:21 - [TEST_STEP][PASSED] - M4_total_bonus_spins = M4_total_bonus_spins: null

2019-08-10 23:51:21 - [TEST_STEP][PASSED] - spin_result = sendRequestAndVerify(findTestObject("RGS(M4)/1_M4_spin", ["M4_login_user_id":M4_login_user_id, "rgs_session_token":rgs_session_token, "partner":Partner])): Send request and verify the response successfully

2019-08-10 23:51:21 - [TEST_CASE][PASSED] - Start Test Case : Verification: Verification accomplished successfully

2019-08-10 23:51:22 - [TEST_STEP][PASSED] - request = getInstance().getCurrentRequest(): null

2019-08-10 23:51:22 - [TEST_STEP][PASSED] - response = getInstance().getCurrentResponse(): null

2019-08-10 23:51:22 - [TEST_STEP][PASSED] - verifyResponseStatusCode(response, 200): Verify response status code successfully

2019-08-10 23:51:22 - [MESSAGE][PASSED] - Verify response status code successfully

2019-08-10 23:51:22 - [TEST_STEP][PASSED] - getStatusCode()).isEqualTo(200): null

2019-08-10 23:51:22 - [TEST_STEP][PASSED] - newline = System.getProperty("line.separator"): null

2019-08-10 23:51:22 - [TEST_STEP][PASSED] - M4_spin = new groovy.json.JsonSlurper(): null

2019-08-10 23:51:22 - [TEST_STEP][PASSED] - result_M4_spin = M4_spin.parseText(response.getResponseBodyContent()): null

2019-08-10 23:51:22 - [TEST_STEP][PASSED] - M4_spin_current_balance = current_balance: null

2019-08-10 23:51:22 - [TEST_STEP][PASSED] - M4_spin_current_balance = M4_spin_current_balance: null

2019-08-10 23:51:22 - [TEST_STEP][PASSED] - M4_spin_transaction_id = causality: null

2019-08-10 23:51:22 - [TEST_STEP][PASSED] - M4_spin_transaction_id = M4_spin_transaction_id: null

2019-08-10 23:51:22 - [TEST_STEP][PASSED] - M4_spin_round_id = round_id: null

2019-08-10 23:51:22 - [TEST_STEP][PASSED] - M4_spin_round_id = M4_spin_round_id: null

2019-08-10 23:51:22 - [TEST_STEP][PASSED] - M4_spin_line_wins = line_wins: null

2019-08-10 23:51:22 - [TEST_STEP][PASSED] - M4_spin_line_wins = M4_spin_line_wins: null

2019-08-10 23:51:22 - [TEST_STEP][PASSED] - M4_total_bonus_spins_int = total_bonus_spins: null

2019-08-10 23:51:22 - [TEST_STEP][PASSED] - println("******M4_total_bonus_spins type is:*******" + newline + getClass().getName()): null

2019-08-10 23:51:22 - [TEST_STEP][PASSED] - M4_total_bonus_spins_int = M4_total_bonus_spins_int: null

2019-08-10 23:51:22 - [TEST_STEP][PASSED] - M4_total_bonus_spins = Integer.toString(M4_total_bonus_spins_int): null

2019-08-10 23:51:22 - [TEST_STEP][PASSED] - M4_total_bonus_spins = M4_total_bonus_spins: null

2019-08-10 23:51:22 - [TEST_STEP][PASSED] - println("M4_total_bonus_spins is:" + M4_total_bonus_spins): null

2019-08-10 23:51:22 - [TEST_STEP][PASSED] - M4_spin_bonus_data = bonus_data: null

2019-08-10 23:51:22 - [TEST_STEP][PASSED] - M4_spin_features_triggered = result_M4_spin: null

2019-08-10 23:51:22 - [TEST_STEP][PASSED] - wild = []: null

2019-08-10 23:51:22 - [TEST_STEP][PASSED] - wild[0] = "WILD_Expanding": null

2019-08-10 23:51:22 - [TEST_STEP][PASSED] - wild[1] = "WILD_Normal": null

2019-08-10 23:51:22 - [TEST_STEP][PASSED] - wild[2] = "WILD_Double": null

2019-08-10 23:51:22 - [TEST_STEP][PASSED] - wild[3] = "WILD_ExtraFG": null

2019-08-10 23:51:22 - [TEST_STEP][PASSED] - wild[4] = "WILD_Triple": null

2019-08-10 23:51:22 - [TEST_STEP][PASSED] - wildList = Arrays.asList(wild): null

2019-08-10 23:51:22 - [TEST_STEP][PASSED] - wildList = wildList: null

2019-08-10 23:51:22 - [TEST_STEP][PASSED] - free_spin_reel_counter = []: null

2019-08-10 23:51:22 - [TEST_STEP][PASSED] - free_spin_reel_counter[0] = 0: null

2019-08-10 23:51:22 - [TEST_STEP][PASSED] - free_spin_reel_counter[1] = 0: null

2019-08-10 23:51:22 - [TEST_STEP][PASSED] - free_spin_reel_counter[2] = 0: null

2019-08-10 23:51:22 - [TEST_STEP][PASSED] - M4_spin_reels = reels: null

2019-08-10 23:51:22 - [TEST_STEP][PASSED] - for ([i = 0, i &lt; M4_spin_reels.size(), (i++)]): null

2019-08-10 23:51:22 - [TEST_STEP][PASSED] - symbols = symbols: null

2019-08-10 23:51:22 - [TEST_STEP][PASSED] - for ([j = 0, j &lt; symbols.size(), (j++)]): null

2019-08-10 23:51:22 - [TEST_STEP][PASSED] - symbol = symbol: null

2019-08-10 23:51:22 - [TEST_STEP][PASSED] - println(symbol): null

2019-08-10 23:51:22 - [TEST_STEP][PASSED] - if (i == 2 &amp;&amp; wildList.indexOf(symbol) != -1): null

2019-08-10 23:51:22 - [TEST_STEP][PASSED] - if (i == 3 &amp;&amp; wildList.indexOf(symbol) != -1): null

2019-08-10 23:51:22 - [TEST_STEP][PASSED] - if (i == 4 &amp;&amp; wildList.indexOf(symbol) != -1): null

2019-08-10 23:51:22 - [TEST_STEP][PASSED] - symbol = symbol: null

2019-08-10 23:51:22 - [TEST_STEP][PASSED] - println(symbol): null

2019-08-10 23:51:22 - [TEST_STEP][PASSED] - if (i == 2 &amp;&amp; wildList.indexOf(symbol) != -1): null

2019-08-10 23:51:22 - [TEST_STEP][PASSED] - if (i == 3 &amp;&amp; wildList.indexOf(symbol) != -1): null

2019-08-10 23:51:22 - [TEST_STEP][PASSED] - if (i == 4 &amp;&amp; wildList.indexOf(symbol) != -1): null

2019-08-10 23:51:22 - [TEST_STEP][PASSED] - symbol = symbol: null

2019-08-10 23:51:22 - [TEST_STEP][PASSED] - println(symbol): null

2019-08-10 23:51:22 - [TEST_STEP][PASSED] - if (i == 2 &amp;&amp; wildList.indexOf(symbol) != -1): null

2019-08-10 23:51:22 - [TEST_STEP][PASSED] - if (i == 3 &amp;&amp; wildList.indexOf(symbol) != -1): null

2019-08-10 23:51:22 - [TEST_STEP][PASSED] - if (i == 4 &amp;&amp; wildList.indexOf(symbol) != -1): null

2019-08-10 23:51:22 - [TEST_STEP][PASSED] - symbols = symbols: null

2019-08-10 23:51:22 - [TEST_STEP][PASSED] - for ([j = 0, j &lt; symbols.size(), (j++)]): null

2019-08-10 23:51:22 - [TEST_STEP][PASSED] - symbol = symbol: null

2019-08-10 23:51:22 - [TEST_STEP][PASSED] - println(symbol): null

2019-08-10 23:51:22 - [TEST_STEP][PASSED] - if (i == 2 &amp;&amp; wildList.indexOf(symbol) != -1): null

2019-08-10 23:51:22 - [TEST_STEP][PASSED] - if (i == 3 &amp;&amp; wildList.indexOf(symbol) != -1): null

2019-08-10 23:51:22 - [TEST_STEP][PASSED] - if (i == 4 &amp;&amp; wildList.indexOf(symbol) != -1): null

2019-08-10 23:51:22 - [TEST_STEP][PASSED] - symbol = symbol: null

2019-08-10 23:51:22 - [TEST_STEP][PASSED] - println(symbol): null

2019-08-10 23:51:22 - [TEST_STEP][PASSED] - if (i == 2 &amp;&amp; wildList.indexOf(symbol) != -1): null

2019-08-10 23:51:22 - [TEST_STEP][PASSED] - if (i == 3 &amp;&amp; wildList.indexOf(symbol) != -1): null

2019-08-10 23:51:22 - [TEST_STEP][PASSED] - if (i == 4 &amp;&amp; wildList.indexOf(symbol) != -1): null

2019-08-10 23:51:22 - [TEST_STEP][PASSED] - symbol = symbol: null

2019-08-10 23:51:22 - [TEST_STEP][PASSED] - println(symbol): null

2019-08-10 23:51:22 - [TEST_STEP][PASSED] - if (i == 2 &amp;&amp; wildList.indexOf(symbol) != -1): null

2019-08-10 23:51:22 - [TEST_STEP][PASSED] - if (i == 3 &amp;&amp; wildList.indexOf(symbol) != -1): null

2019-08-10 23:51:22 - [TEST_STEP][PASSED] - if (i == 4 &amp;&amp; wildList.indexOf(symbol) != -1): null

2019-08-10 23:51:22 - [TEST_STEP][PASSED] - symbols = symbols: null

2019-08-10 23:51:22 - [TEST_STEP][PASSED] - for ([j = 0, j &lt; symbols.size(), (j++)]): null

2019-08-10 23:51:22 - [TEST_STEP][PASSED] - symbol = symbol: null

2019-08-10 23:51:22 - [TEST_STEP][PASSED] - println(symbol): null

2019-08-10 23:51:22 - [TEST_STEP][PASSED] - if (i == 2 &amp;&amp; wildList.indexOf(symbol) != -1): null

2019-08-10 23:51:22 - [TEST_STEP][PASSED] - if (i == 3 &amp;&amp; wildList.indexOf(symbol) != -1): null

2019-08-10 23:51:22 - [TEST_STEP][PASSED] - if (i == 4 &amp;&amp; wildList.indexOf(symbol) != -1): null

2019-08-10 23:51:22 - [TEST_STEP][PASSED] - symbol = symbol: null

2019-08-10 23:51:22 - [TEST_STEP][PASSED] - println(symbol): null

2019-08-10 23:51:22 - [TEST_STEP][PASSED] - if (i == 2 &amp;&amp; wildList.indexOf(symbol) != -1): null

2019-08-10 23:51:22 - [TEST_STEP][PASSED] - if (i == 3 &amp;&amp; wildList.indexOf(symbol) != -1): null

2019-08-10 23:51:22 - [TEST_STEP][PASSED] - if (i == 4 &amp;&amp; wildList.indexOf(symbol) != -1): null

2019-08-10 23:51:22 - [TEST_STEP][PASSED] - symbol = symbol: null

2019-08-10 23:51:22 - [TEST_STEP][PASSED] - println(symbol): null

2019-08-10 23:51:22 - [TEST_STEP][PASSED] - if (i == 2 &amp;&amp; wildList.indexOf(symbol) != -1): null

2019-08-10 23:51:22 - [TEST_STEP][PASSED] - if (i == 3 &amp;&amp; wildList.indexOf(symbol) != -1): null

2019-08-10 23:51:22 - [TEST_STEP][PASSED] - if (i == 4 &amp;&amp; wildList.indexOf(symbol) != -1): null

2019-08-10 23:51:22 - [TEST_STEP][PASSED] - symbols = symbols: null

2019-08-10 23:51:22 - [TEST_STEP][PASSED] - for ([j = 0, j &lt; symbols.size(), (j++)]): null

2019-08-10 23:51:22 - [TEST_STEP][PASSED] - symbol = symbol: null

2019-08-10 23:51:22 - [TEST_STEP][PASSED] - println(symbol): null

2019-08-10 23:51:22 - [TEST_STEP][PASSED] - if (i == 2 &amp;&amp; wildList.indexOf(symbol) != -1): null

2019-08-10 23:51:22 - [TEST_STEP][PASSED] - if (i == 3 &amp;&amp; wildList.indexOf(symbol) != -1): null

2019-08-10 23:51:22 - [TEST_STEP][PASSED] - if (i == 4 &amp;&amp; wildList.indexOf(symbol) != -1): null

2019-08-10 23:51:22 - [TEST_STEP][PASSED] - symbol = symbol: null

2019-08-10 23:51:22 - [TEST_STEP][PASSED] - println(symbol): null

2019-08-10 23:51:22 - [TEST_STEP][PASSED] - if (i == 2 &amp;&amp; wildList.indexOf(symbol) != -1): null

2019-08-10 23:51:22 - [TEST_STEP][PASSED] - if (i == 3 &amp;&amp; wildList.indexOf(symbol) != -1): null

2019-08-10 23:51:22 - [TEST_STEP][PASSED] - println("wild found on reel 4, adding counter by 1"): null

2019-08-10 23:51:22 - [TEST_STEP][PASSED] - free_spin_reel_counter[1] = free_spin_reel_counter[1] + 1: null

2019-08-10 23:51:22 - [TEST_STEP][PASSED] - if (i == 4 &amp;&amp; wildList.indexOf(symbol) != -1): null

2019-08-10 23:51:22 - [TEST_STEP][PASSED] - symbol = symbol: null

2019-08-10 23:51:22 - [TEST_STEP][PASSED] - println(symbol): null

2019-08-10 23:51:22 - [TEST_STEP][PASSED] - if (i == 2 &amp;&amp; wildList.indexOf(symbol) != -1): null

2019-08-10 23:51:22 - [TEST_STEP][PASSED] - if (i == 3 &amp;&amp; wildList.indexOf(symbol) != -1): null

2019-08-10 23:51:22 - [TEST_STEP][PASSED] - if (i == 4 &amp;&amp; wildList.indexOf(symbol) != -1): null

2019-08-10 23:51:22 - [TEST_STEP][PASSED] - symbols = symbols: null

2019-08-10 23:51:22 - [TEST_STEP][PASSED] - for ([j = 0, j &lt; symbols.size(), (j++)]): null

2019-08-10 23:51:22 - [TEST_STEP][PASSED] - symbol = symbol: null

2019-08-10 23:51:22 - [TEST_STEP][PASSED] - println(symbol): null

2019-08-10 23:51:22 - [TEST_STEP][PASSED] - if (i == 2 &amp;&amp; wildList.indexOf(symbol) != -1): null

2019-08-10 23:51:22 - [TEST_STEP][PASSED] - if (i == 3 &amp;&amp; wildList.indexOf(symbol) != -1): null

2019-08-10 23:51:22 - [TEST_STEP][PASSED] - if (i == 4 &amp;&amp; wildList.indexOf(symbol) != -1): null

2019-08-10 23:51:22 - [TEST_STEP][PASSED] - symbol = symbol: null

2019-08-10 23:51:22 - [TEST_STEP][PASSED] - println(symbol): null

2019-08-10 23:51:22 - [TEST_STEP][PASSED] - if (i == 2 &amp;&amp; wildList.indexOf(symbol) != -1): null

2019-08-10 23:51:22 - [TEST_STEP][PASSED] - if (i == 3 &amp;&amp; wildList.indexOf(symbol) != -1): null

2019-08-10 23:51:22 - [TEST_STEP][PASSED] - if (i == 4 &amp;&amp; wildList.indexOf(symbol) != -1): null

2019-08-10 23:51:22 - [TEST_STEP][PASSED] - symbol = symbol: null

2019-08-10 23:51:22 - [TEST_STEP][PASSED] - println(symbol): null

2019-08-10 23:51:22 - [TEST_STEP][PASSED] - if (i == 2 &amp;&amp; wildList.indexOf(symbol) != -1): null

2019-08-10 23:51:22 - [TEST_STEP][PASSED] - if (i == 3 &amp;&amp; wildList.indexOf(symbol) != -1): null

2019-08-10 23:51:22 - [TEST_STEP][PASSED] - if (i == 4 &amp;&amp; wildList.indexOf(symbol) != -1): null

2019-08-10 23:51:22 - [TEST_STEP][PASSED] - free_spin_reel_counter = free_spin_reel_counter: null

2019-08-10 23:51:22 - [TEST_STEP][PASSED] - println("reel 3 wild found: " + free_spin_reel_counter[0]): null

2019-08-10 23:51:22 - [TEST_STEP][PASSED] - println("reel 4 wild found: " + free_spin_reel_counter[1]): null

2019-08-10 23:51:22 - [TEST_STEP][PASSED] - println("reel 5 wild found: " + free_spin_reel_counter[2]): null

2019-08-10 23:51:22 - [TEST_STEP][PASSED] - M4_spin_reels = M4_spin_reels: null

2019-08-10 23:51:22 - [TEST_STEP][PASSED] - M4_spin_reels_symbols = symbol: null

2019-08-10 23:51:22 - [TEST_STEP][PASSED] - M4_spin_reels_symbols = M4_spin_reels_symbols: null

2019-08-10 23:51:22 - [TEST_STEP][PASSED] - M4_spin_reel_wins = reel_wins: null

2019-08-10 23:51:22 - [TEST_STEP][PASSED] - M4_spin_reel_wins = M4_spin_reel_wins: null

2019-08-10 23:51:22 - [TEST_STEP][PASSED] - println("GlobalVariable.M4_spin_reel_wins is: " + M4_spin_reel_wins): null

2019-08-10 23:51:22 - [TEST_STEP][PASSED] - M4_spin_total_bonus_win_this_round = total_bonus_win_this_round: null

2019-08-10 23:51:22 - [TEST_STEP][PASSED] - M4_spin_total_bonus_win_this_round = M4_spin_total_bonus_win_this_round: null

2019-08-10 23:51:22 - [TEST_STEP][PASSED] - println("GlobalVariable.M4_spin_total_bonus_win_this_round is: " + M4_spin_total_bonus_win_this_round): null

2019-08-10 23:51:22 - [MESSAGE][PASSED] - Verify response successfully

2019-08-10 23:51:22 - [MESSAGE][PASSED] - Send request and verify the response successfully

2019-08-10 23:51:22 - [TEST_STEP][PASSED] - if (M4_total_bonus_spins_int != 0 &amp;&amp; M4_spin_reels_symbols[2].contains("WILD_ExtraFG") || M4_spin_reels_symbols[3].contains("WILD_ExtraFG")): null

2019-08-10 23:51:22 - [TEST_STEP][PASSED] - free_spin_reel_counter = free_spin_reel_counter: null

2019-08-10 23:51:22 - [TEST_STEP][PASSED] - M4_spin_reels_symbols = M4_spin_reels_symbols: null

2019-08-10 23:51:22 - [TEST_STEP][PASSED] - M4_total_bonus_spins = M4_total_bonus_spins: null

2019-08-10 23:51:22 - [TEST_STEP][PASSED] - spin_result = sendRequestAndVerify(findTestObject("RGS(M4)/1_M4_spin", ["M4_login_user_id":M4_login_user_id, "rgs_session_token":rgs_session_token, "partner":Partner])): Send request and verify the response successfully

2019-08-10 23:51:22 - [TEST_CASE][PASSED] - Start Test Case : Verification: Verification accomplished successfully

2019-08-10 23:51:22 - [TEST_STEP][PASSED] - request = getInstance().getCurrentRequest(): null

2019-08-10 23:51:22 - [TEST_STEP][PASSED] - response = getInstance().getCurrentResponse(): null

2019-08-10 23:51:22 - [TEST_STEP][PASSED] - verifyResponseStatusCode(response, 200): Verify response status code successfully

2019-08-10 23:51:22 - [MESSAGE][PASSED] - Verify response status code successfully

2019-08-10 23:51:22 - [TEST_STEP][PASSED] - getStatusCode()).isEqualTo(200): null

2019-08-10 23:51:22 - [TEST_STEP][PASSED] - newline = System.getProperty("line.separator"): null

2019-08-10 23:51:22 - [TEST_STEP][PASSED] - M4_spin = new groovy.json.JsonSlurper(): null

2019-08-10 23:51:22 - [TEST_STEP][PASSED] - result_M4_spin = M4_spin.parseText(response.getResponseBodyContent()): null

2019-08-10 23:51:22 - [TEST_STEP][PASSED] - M4_spin_current_balance = current_balance: null

2019-08-10 23:51:22 - [TEST_STEP][PASSED] - M4_spin_current_balance = M4_spin_current_balance: null

2019-08-10 23:51:22 - [TEST_STEP][PASSED] - M4_spin_transaction_id = causality: null

2019-08-10 23:51:22 - [TEST_STEP][PASSED] - M4_spin_transaction_id = M4_spin_transaction_id: null

2019-08-10 23:51:22 - [TEST_STEP][PASSED] - M4_spin_round_id = round_id: null

2019-08-10 23:51:22 - [TEST_STEP][PASSED] - M4_spin_round_id = M4_spin_round_id: null

2019-08-10 23:51:22 - [TEST_STEP][PASSED] - M4_spin_line_wins = line_wins: null

2019-08-10 23:51:22 - [TEST_STEP][PASSED] - M4_spin_line_wins = M4_spin_line_wins: null

2019-08-10 23:51:22 - [TEST_STEP][PASSED] - M4_total_bonus_spins_int = total_bonus_spins: null

2019-08-10 23:51:22 - [TEST_STEP][PASSED] - println("******M4_total_bonus_spins type is:*******" + newline + getClass().getName()): null

2019-08-10 23:51:22 - [TEST_STEP][PASSED] - M4_total_bonus_spins_int = M4_total_bonus_spins_int: null

2019-08-10 23:51:22 - [TEST_STEP][PASSED] - M4_total_bonus_spins = Integer.toString(M4_total_bonus_spins_int): null

2019-08-10 23:51:22 - [TEST_STEP][PASSED] - M4_total_bonus_spins = M4_total_bonus_spins: null

2019-08-10 23:51:22 - [TEST_STEP][PASSED] - println("M4_total_bonus_spins is:" + M4_total_bonus_spins): null

2019-08-10 23:51:22 - [TEST_STEP][PASSED] - M4_spin_bonus_data = bonus_data: null

2019-08-10 23:51:22 - [TEST_STEP][PASSED] - M4_spin_features_triggered = result_M4_spin: null

2019-08-10 23:51:22 - [TEST_STEP][PASSED] - wild = []: null

2019-08-10 23:51:22 - [TEST_STEP][PASSED] - wild[0] = "WILD_Expanding": null

2019-08-10 23:51:22 - [TEST_STEP][PASSED] - wild[1] = "WILD_Normal": null

2019-08-10 23:51:22 - [TEST_STEP][PASSED] - wild[2] = "WILD_Double": null

2019-08-10 23:51:22 - [TEST_STEP][PASSED] - wild[3] = "WILD_ExtraFG": null

2019-08-10 23:51:22 - [TEST_STEP][PASSED] - wild[4] = "WILD_Triple": null

2019-08-10 23:51:22 - [TEST_STEP][PASSED] - wildList = Arrays.asList(wild): null

2019-08-10 23:51:22 - [TEST_STEP][PASSED] - wildList = wildList: null

2019-08-10 23:51:22 - [TEST_STEP][PASSED] - free_spin_reel_counter = []: null

2019-08-10 23:51:22 - [TEST_STEP][PASSED] - free_spin_reel_counter[0] = 0: null

2019-08-10 23:51:22 - [TEST_STEP][PASSED] - free_spin_reel_counter[1] = 0: null

2019-08-10 23:51:22 - [TEST_STEP][PASSED] - free_spin_reel_counter[2] = 0: null

2019-08-10 23:51:22 - [TEST_STEP][PASSED] - M4_spin_reels = reels: null

2019-08-10 23:51:22 - [TEST_STEP][PASSED] - for ([i = 0, i &lt; M4_spin_reels.size(), (i++)]): null

2019-08-10 23:51:22 - [TEST_STEP][PASSED] - symbols = symbols: null

2019-08-10 23:51:22 - [TEST_STEP][PASSED] - for ([j = 0, j &lt; symbols.size(), (j++)]): null

2019-08-10 23:51:22 - [TEST_STEP][PASSED] - symbol = symbol: null

2019-08-10 23:51:22 - [TEST_STEP][PASSED] - println(symbol): null

2019-08-10 23:51:22 - [TEST_STEP][PASSED] - if (i == 2 &amp;&amp; wildList.indexOf(symbol) != -1): null

2019-08-10 23:51:22 - [TEST_STEP][PASSED] - if (i == 3 &amp;&amp; wildList.indexOf(symbol) != -1): null

2019-08-10 23:51:22 - [TEST_STEP][PASSED] - if (i == 4 &amp;&amp; wildList.indexOf(symbol) != -1): null

2019-08-10 23:51:22 - [TEST_STEP][PASSED] - symbol = symbol: null

2019-08-10 23:51:22 - [TEST_STEP][PASSED] - println(symbol): null

2019-08-10 23:51:22 - [TEST_STEP][PASSED] - if (i == 2 &amp;&amp; wildList.indexOf(symbol) != -1): null

2019-08-10 23:51:22 - [TEST_STEP][PASSED] - if (i == 3 &amp;&amp; wildList.indexOf(symbol) != -1): null

2019-08-10 23:51:22 - [TEST_STEP][PASSED] - if (i == 4 &amp;&amp; wildList.indexOf(symbol) != -1): null

2019-08-10 23:51:22 - [TEST_STEP][PASSED] - symbol = symbol: null

2019-08-10 23:51:22 - [TEST_STEP][PASSED] - println(symbol): null

2019-08-10 23:51:22 - [TEST_STEP][PASSED] - if (i == 2 &amp;&amp; wildList.indexOf(symbol) != -1): null

2019-08-10 23:51:22 - [TEST_STEP][PASSED] - if (i == 3 &amp;&amp; wildList.indexOf(symbol) != -1): null

2019-08-10 23:51:22 - [TEST_STEP][PASSED] - if (i == 4 &amp;&amp; wildList.indexOf(symbol) != -1): null

2019-08-10 23:51:22 - [TEST_STEP][PASSED] - symbols = symbols: null

2019-08-10 23:51:22 - [TEST_STEP][PASSED] - for ([j = 0, j &lt; symbols.size(), (j++)]): null

2019-08-10 23:51:22 - [TEST_STEP][PASSED] - symbol = symbol: null

2019-08-10 23:51:22 - [TEST_STEP][PASSED] - println(symbol): null

2019-08-10 23:51:22 - [TEST_STEP][PASSED] - if (i == 2 &amp;&amp; wildList.indexOf(symbol) != -1): null

2019-08-10 23:51:22 - [TEST_STEP][PASSED] - if (i == 3 &amp;&amp; wildList.indexOf(symbol) != -1): null

2019-08-10 23:51:22 - [TEST_STEP][PASSED] - if (i == 4 &amp;&amp; wildList.indexOf(symbol) != -1): null

2019-08-10 23:51:22 - [TEST_STEP][PASSED] - symbol = symbol: null

2019-08-10 23:51:22 - [TEST_STEP][PASSED] - println(symbol): null

2019-08-10 23:51:22 - [TEST_STEP][PASSED] - if (i == 2 &amp;&amp; wildList.indexOf(symbol) != -1): null

2019-08-10 23:51:22 - [TEST_STEP][PASSED] - if (i == 3 &amp;&amp; wildList.indexOf(symbol) != -1): null

2019-08-10 23:51:22 - [TEST_STEP][PASSED] - if (i == 4 &amp;&amp; wildList.indexOf(symbol) != -1): null

2019-08-10 23:51:22 - [TEST_STEP][PASSED] - symbol = symbol: null

2019-08-10 23:51:22 - [TEST_STEP][PASSED] - println(symbol): null

2019-08-10 23:51:22 - [TEST_STEP][PASSED] - if (i == 2 &amp;&amp; wildList.indexOf(symbol) != -1): null

2019-08-10 23:51:22 - [TEST_STEP][PASSED] - if (i == 3 &amp;&amp; wildList.indexOf(symbol) != -1): null

2019-08-10 23:51:22 - [TEST_STEP][PASSED] - if (i == 4 &amp;&amp; wildList.indexOf(symbol) != -1): null

2019-08-10 23:51:22 - [TEST_STEP][PASSED] - symbols = symbols: null

2019-08-10 23:51:22 - [TEST_STEP][PASSED] - for ([j = 0, j &lt; symbols.size(), (j++)]): null

2019-08-10 23:51:22 - [TEST_STEP][PASSED] - symbol = symbol: null

2019-08-10 23:51:22 - [TEST_STEP][PASSED] - println(symbol): null

2019-08-10 23:51:22 - [TEST_STEP][PASSED] - if (i == 2 &amp;&amp; wildList.indexOf(symbol) != -1): null

2019-08-10 23:51:22 - [TEST_STEP][PASSED] - if (i == 3 &amp;&amp; wildList.indexOf(symbol) != -1): null

2019-08-10 23:51:22 - [TEST_STEP][PASSED] - if (i == 4 &amp;&amp; wildList.indexOf(symbol) != -1): null

2019-08-10 23:51:22 - [TEST_STEP][PASSED] - symbol = symbol: null

2019-08-10 23:51:22 - [TEST_STEP][PASSED] - println(symbol): null

2019-08-10 23:51:22 - [TEST_STEP][PASSED] - if (i == 2 &amp;&amp; wildList.indexOf(symbol) != -1): null

2019-08-10 23:51:22 - [TEST_STEP][PASSED] - if (i == 3 &amp;&amp; wildList.indexOf(symbol) != -1): null

2019-08-10 23:51:22 - [TEST_STEP][PASSED] - if (i == 4 &amp;&amp; wildList.indexOf(symbol) != -1): null

2019-08-10 23:51:22 - [TEST_STEP][PASSED] - symbol = symbol: null

2019-08-10 23:51:22 - [TEST_STEP][PASSED] - println(symbol): null

2019-08-10 23:51:22 - [TEST_STEP][PASSED] - if (i == 2 &amp;&amp; wildList.indexOf(symbol) != -1): null

2019-08-10 23:51:22 - [TEST_STEP][PASSED] - if (i == 3 &amp;&amp; wildList.indexOf(symbol) != -1): null

2019-08-10 23:51:22 - [TEST_STEP][PASSED] - if (i == 4 &amp;&amp; wildList.indexOf(symbol) != -1): null

2019-08-10 23:51:22 - [TEST_STEP][PASSED] - symbols = symbols: null

2019-08-10 23:51:22 - [TEST_STEP][PASSED] - for ([j = 0, j &lt; symbols.size(), (j++)]): null

2019-08-10 23:51:22 - [TEST_STEP][PASSED] - symbol = symbol: null

2019-08-10 23:51:22 - [TEST_STEP][PASSED] - println(symbol): null

2019-08-10 23:51:22 - [TEST_STEP][PASSED] - if (i == 2 &amp;&amp; wildList.indexOf(symbol) != -1): null

2019-08-10 23:51:22 - [TEST_STEP][PASSED] - if (i == 3 &amp;&amp; wildList.indexOf(symbol) != -1): null

2019-08-10 23:51:22 - [TEST_STEP][PASSED] - if (i == 4 &amp;&amp; wildList.indexOf(symbol) != -1): null

2019-08-10 23:51:22 - [TEST_STEP][PASSED] - symbol = symbol: null

2019-08-10 23:51:22 - [TEST_STEP][PASSED] - println(symbol): null

2019-08-10 23:51:22 - [TEST_STEP][PASSED] - if (i == 2 &amp;&amp; wildList.indexOf(symbol) != -1): null

2019-08-10 23:51:22 - [TEST_STEP][PASSED] - if (i == 3 &amp;&amp; wildList.indexOf(symbol) != -1): null

2019-08-10 23:51:22 - [TEST_STEP][PASSED] - if (i == 4 &amp;&amp; wildList.indexOf(symbol) != -1): null

2019-08-10 23:51:22 - [TEST_STEP][PASSED] - symbol = symbol: null

2019-08-10 23:51:22 - [TEST_STEP][PASSED] - println(symbol): null

2019-08-10 23:51:22 - [TEST_STEP][PASSED] - if (i == 2 &amp;&amp; wildList.indexOf(symbol) != -1): null

2019-08-10 23:51:22 - [TEST_STEP][PASSED] - if (i == 3 &amp;&amp; wildList.indexOf(symbol) != -1): null

2019-08-10 23:51:22 - [TEST_STEP][PASSED] - if (i == 4 &amp;&amp; wildList.indexOf(symbol) != -1): null

2019-08-10 23:51:22 - [TEST_STEP][PASSED] - symbols = symbols: null

2019-08-10 23:51:22 - [TEST_STEP][PASSED] - for ([j = 0, j &lt; symbols.size(), (j++)]): null

2019-08-10 23:51:22 - [TEST_STEP][PASSED] - symbol = symbol: null

2019-08-10 23:51:22 - [TEST_STEP][PASSED] - println(symbol): null

2019-08-10 23:51:22 - [TEST_STEP][PASSED] - if (i == 2 &amp;&amp; wildList.indexOf(symbol) != -1): null

2019-08-10 23:51:22 - [TEST_STEP][PASSED] - if (i == 3 &amp;&amp; wildList.indexOf(symbol) != -1): null

2019-08-10 23:51:22 - [TEST_STEP][PASSED] - if (i == 4 &amp;&amp; wildList.indexOf(symbol) != -1): null

2019-08-10 23:51:22 - [TEST_STEP][PASSED] - symbol = symbol: null

2019-08-10 23:51:22 - [TEST_STEP][PASSED] - println(symbol): null

2019-08-10 23:51:22 - [TEST_STEP][PASSED] - if (i == 2 &amp;&amp; wildList.indexOf(symbol) != -1): null

2019-08-10 23:51:22 - [TEST_STEP][PASSED] - if (i == 3 &amp;&amp; wildList.indexOf(symbol) != -1): null

2019-08-10 23:51:22 - [TEST_STEP][PASSED] - if (i == 4 &amp;&amp; wildList.indexOf(symbol) != -1): null

2019-08-10 23:51:22 - [TEST_STEP][PASSED] - symbol = symbol: null

2019-08-10 23:51:22 - [TEST_STEP][PASSED] - println(symbol): null

2019-08-10 23:51:22 - [TEST_STEP][PASSED] - if (i == 2 &amp;&amp; wildList.indexOf(symbol) != -1): null

2019-08-10 23:51:22 - [TEST_STEP][PASSED] - if (i == 3 &amp;&amp; wildList.indexOf(symbol) != -1): null

2019-08-10 23:51:22 - [TEST_STEP][PASSED] - if (i == 4 &amp;&amp; wildList.indexOf(symbol) != -1): null

2019-08-10 23:51:22 - [TEST_STEP][PASSED] - free_spin_reel_counter = free_spin_reel_counter: null

2019-08-10 23:51:22 - [TEST_STEP][PASSED] - println("reel 3 wild found: " + free_spin_reel_counter[0]): null

2019-08-10 23:51:22 - [TEST_STEP][PASSED] - println("reel 4 wild found: " + free_spin_reel_counter[1]): null

2019-08-10 23:51:22 - [TEST_STEP][PASSED] - println("reel 5 wild found: " + free_spin_reel_counter[2]): null

2019-08-10 23:51:22 - [TEST_STEP][PASSED] - M4_spin_reels = M4_spin_reels: null

2019-08-10 23:51:22 - [TEST_STEP][PASSED] - M4_spin_reels_symbols = symbol: null

2019-08-10 23:51:22 - [TEST_STEP][PASSED] - M4_spin_reels_symbols = M4_spin_reels_symbols: null

2019-08-10 23:51:22 - [TEST_STEP][PASSED] - M4_spin_reel_wins = reel_wins: null

2019-08-10 23:51:22 - [TEST_STEP][PASSED] - M4_spin_reel_wins = M4_spin_reel_wins: null

2019-08-10 23:51:22 - [TEST_STEP][PASSED] - println("GlobalVariable.M4_spin_reel_wins is: " + M4_spin_reel_wins): null

2019-08-10 23:51:22 - [TEST_STEP][PASSED] - M4_spin_total_bonus_win_this_round = total_bonus_win_this_round: null

2019-08-10 23:51:22 - [TEST_STEP][PASSED] - M4_spin_total_bonus_win_this_round = M4_spin_total_bonus_win_this_round: null

2019-08-10 23:51:22 - [TEST_STEP][PASSED] - println("GlobalVariable.M4_spin_total_bonus_win_this_round is: " + M4_spin_total_bonus_win_this_round): null

2019-08-10 23:51:22 - [MESSAGE][PASSED] - Verify response successfully

2019-08-10 23:51:22 - [MESSAGE][PASSED] - Send request and verify the response successfully

2019-08-10 23:51:22 - [TEST_STEP][PASSED] - if (M4_total_bonus_spins_int != 0 &amp;&amp; M4_spin_reels_symbols[2].contains("WILD_ExtraFG") || M4_spin_reels_symbols[3].contains("WILD_ExtraFG")): null

2019-08-10 23:51:22 - [TEST_STEP][PASSED] - free_spin_reel_counter = free_spin_reel_counter: null

2019-08-10 23:51:22 - [TEST_STEP][PASSED] - M4_spin_reels_symbols = M4_spin_reels_symbols: null

2019-08-10 23:51:22 - [TEST_STEP][PASSED] - M4_total_bonus_spins = M4_total_bonus_spins: null

2019-08-10 23:51:22 - [TEST_STEP][PASSED] - spin_result = sendRequestAndVerify(findTestObject("RGS(M4)/1_M4_spin", ["M4_login_user_id":M4_login_user_id, "rgs_session_token":rgs_session_token, "partner":Partner])): Send request and verify the response successfully

2019-08-10 23:51:22 - [TEST_CASE][PASSED] - Start Test Case : Verification: Verification accomplished successfully

2019-08-10 23:51:22 - [TEST_STEP][PASSED] - request = getInstance().getCurrentRequest(): null

2019-08-10 23:51:22 - [TEST_STEP][PASSED] - response = getInstance().getCurrentResponse(): null

2019-08-10 23:51:22 - [TEST_STEP][PASSED] - verifyResponseStatusCode(response, 200): Verify response status code successfully

2019-08-10 23:51:22 - [MESSAGE][PASSED] - Verify response status code successfully

2019-08-10 23:51:22 - [TEST_STEP][PASSED] - getStatusCode()).isEqualTo(200): null

2019-08-10 23:51:22 - [TEST_STEP][PASSED] - newline = System.getProperty("line.separator"): null

2019-08-10 23:51:22 - [TEST_STEP][PASSED] - M4_spin = new groovy.json.JsonSlurper(): null

2019-08-10 23:51:22 - [TEST_STEP][PASSED] - result_M4_spin = M4_spin.parseText(response.getResponseBodyContent()): null

2019-08-10 23:51:22 - [TEST_STEP][PASSED] - M4_spin_current_balance = current_balance: null

2019-08-10 23:51:22 - [TEST_STEP][PASSED] - M4_spin_current_balance = M4_spin_current_balance: null

2019-08-10 23:51:22 - [TEST_STEP][PASSED] - M4_spin_transaction_id = causality: null

2019-08-10 23:51:22 - [TEST_STEP][PASSED] - M4_spin_transaction_id = M4_spin_transaction_id: null

2019-08-10 23:51:22 - [TEST_STEP][PASSED] - M4_spin_round_id = round_id: null

2019-08-10 23:51:22 - [TEST_STEP][PASSED] - M4_spin_round_id = M4_spin_round_id: null

2019-08-10 23:51:22 - [TEST_STEP][PASSED] - M4_spin_line_wins = line_wins: null

2019-08-10 23:51:22 - [TEST_STEP][PASSED] - M4_spin_line_wins = M4_spin_line_wins: null

2019-08-10 23:51:22 - [TEST_STEP][PASSED] - M4_total_bonus_spins_int = total_bonus_spins: null

2019-08-10 23:51:22 - [TEST_STEP][PASSED] - println("******M4_total_bonus_spins type is:*******" + newline + getClass().getName()): null

2019-08-10 23:51:22 - [TEST_STEP][PASSED] - M4_total_bonus_spins_int = M4_total_bonus_spins_int: null

2019-08-10 23:51:22 - [TEST_STEP][PASSED] - M4_total_bonus_spins = Integer.toString(M4_total_bonus_spins_int): null

2019-08-10 23:51:22 - [TEST_STEP][PASSED] - M4_total_bonus_spins = M4_total_bonus_spins: null

2019-08-10 23:51:22 - [TEST_STEP][PASSED] - println("M4_total_bonus_spins is:" + M4_total_bonus_spins): null

2019-08-10 23:51:22 - [TEST_STEP][PASSED] - M4_spin_bonus_data = bonus_data: null

2019-08-10 23:51:22 - [TEST_STEP][PASSED] - M4_spin_features_triggered = result_M4_spin: null

2019-08-10 23:51:22 - [TEST_STEP][PASSED] - wild = []: null

2019-08-10 23:51:22 - [TEST_STEP][PASSED] - wild[0] = "WILD_Expanding": null

2019-08-10 23:51:22 - [TEST_STEP][PASSED] - wild[1] = "WILD_Normal": null

2019-08-10 23:51:22 - [TEST_STEP][PASSED] - wild[2] = "WILD_Double": null

2019-08-10 23:51:22 - [TEST_STEP][PASSED] - wild[3] = "WILD_ExtraFG": null

2019-08-10 23:51:22 - [TEST_STEP][PASSED] - wild[4] = "WILD_Triple": null

2019-08-10 23:51:22 - [TEST_STEP][PASSED] - wildList = Arrays.asList(wild): null

2019-08-10 23:51:22 - [TEST_STEP][PASSED] - wildList = wildList: null

2019-08-10 23:51:22 - [TEST_STEP][PASSED] - free_spin_reel_counter = []: null

2019-08-10 23:51:22 - [TEST_STEP][PASSED] - free_spin_reel_counter[0] = 0: null

2019-08-10 23:51:22 - [TEST_STEP][PASSED] - free_spin_reel_counter[1] = 0: null

2019-08-10 23:51:22 - [TEST_STEP][PASSED] - free_spin_reel_counter[2] = 0: null

2019-08-10 23:51:22 - [TEST_STEP][PASSED] - M4_spin_reels = reels: null

2019-08-10 23:51:22 - [TEST_STEP][PASSED] - for ([i = 0, i &lt; M4_spin_reels.size(), (i++)]): null

2019-08-10 23:51:22 - [TEST_STEP][PASSED] - symbols = symbols: null

2019-08-10 23:51:22 - [TEST_STEP][PASSED] - for ([j = 0, j &lt; symbols.size(), (j++)]): null

2019-08-10 23:51:22 - [TEST_STEP][PASSED] - symbol = symbol: null

2019-08-10 23:51:22 - [TEST_STEP][PASSED] - println(symbol): null

2019-08-10 23:51:22 - [TEST_STEP][PASSED] - if (i == 2 &amp;&amp; wildList.indexOf(symbol) != -1): null

2019-08-10 23:51:22 - [TEST_STEP][PASSED] - if (i == 3 &amp;&amp; wildList.indexOf(symbol) != -1): null

2019-08-10 23:51:22 - [TEST_STEP][PASSED] - if (i == 4 &amp;&amp; wildList.indexOf(symbol) != -1): null

2019-08-10 23:51:22 - [TEST_STEP][PASSED] - symbol = symbol: null

2019-08-10 23:51:22 - [TEST_STEP][PASSED] - println(symbol): null

2019-08-10 23:51:22 - [TEST_STEP][PASSED] - if (i == 2 &amp;&amp; wildList.indexOf(symbol) != -1): null

2019-08-10 23:51:22 - [TEST_STEP][PASSED] - if (i == 3 &amp;&amp; wildList.indexOf(symbol) != -1): null

2019-08-10 23:51:22 - [TEST_STEP][PASSED] - if (i == 4 &amp;&amp; wildList.indexOf(symbol) != -1): null

2019-08-10 23:51:22 - [TEST_STEP][PASSED] - symbol = symbol: null

2019-08-10 23:51:22 - [TEST_STEP][PASSED] - println(symbol): null

2019-08-10 23:51:22 - [TEST_STEP][PASSED] - if (i == 2 &amp;&amp; wildList.indexOf(symbol) != -1): null

2019-08-10 23:51:22 - [TEST_STEP][PASSED] - if (i == 3 &amp;&amp; wildList.indexOf(symbol) != -1): null

2019-08-10 23:51:22 - [TEST_STEP][PASSED] - if (i == 4 &amp;&amp; wildList.indexOf(symbol) != -1): null

2019-08-10 23:51:22 - [TEST_STEP][PASSED] - symbols = symbols: null

2019-08-10 23:51:22 - [TEST_STEP][PASSED] - for ([j = 0, j &lt; symbols.size(), (j++)]): null

2019-08-10 23:51:22 - [TEST_STEP][PASSED] - symbol = symbol: null

2019-08-10 23:51:22 - [TEST_STEP][PASSED] - println(symbol): null

2019-08-10 23:51:22 - [TEST_STEP][PASSED] - if (i == 2 &amp;&amp; wildList.indexOf(symbol) != -1): null

2019-08-10 23:51:22 - [TEST_STEP][PASSED] - if (i == 3 &amp;&amp; wildList.indexOf(symbol) != -1): null

2019-08-10 23:51:22 - [TEST_STEP][PASSED] - if (i == 4 &amp;&amp; wildList.indexOf(symbol) != -1): null

2019-08-10 23:51:22 - [TEST_STEP][PASSED] - symbol = symbol: null

2019-08-10 23:51:22 - [TEST_STEP][PASSED] - println(symbol): null

2019-08-10 23:51:22 - [TEST_STEP][PASSED] - if (i == 2 &amp;&amp; wildList.indexOf(symbol) != -1): null

2019-08-10 23:51:22 - [TEST_STEP][PASSED] - if (i == 3 &amp;&amp; wildList.indexOf(symbol) != -1): null

2019-08-10 23:51:22 - [TEST_STEP][PASSED] - if (i == 4 &amp;&amp; wildList.indexOf(symbol) != -1): null

2019-08-10 23:51:22 - [TEST_STEP][PASSED] - symbol = symbol: null

2019-08-10 23:51:22 - [TEST_STEP][PASSED] - println(symbol): null

2019-08-10 23:51:22 - [TEST_STEP][PASSED] - if (i == 2 &amp;&amp; wildList.indexOf(symbol) != -1): null

2019-08-10 23:51:22 - [TEST_STEP][PASSED] - if (i == 3 &amp;&amp; wildList.indexOf(symbol) != -1): null

2019-08-10 23:51:22 - [TEST_STEP][PASSED] - if (i == 4 &amp;&amp; wildList.indexOf(symbol) != -1): null

2019-08-10 23:51:22 - [TEST_STEP][PASSED] - symbols = symbols: null

2019-08-10 23:51:22 - [TEST_STEP][PASSED] - for ([j = 0, j &lt; symbols.size(), (j++)]): null

2019-08-10 23:51:22 - [TEST_STEP][PASSED] - symbol = symbol: null

2019-08-10 23:51:22 - [TEST_STEP][PASSED] - println(symbol): null

2019-08-10 23:51:22 - [TEST_STEP][PASSED] - if (i == 2 &amp;&amp; wildList.indexOf(symbol) != -1): null

2019-08-10 23:51:22 - [TEST_STEP][PASSED] - if (i == 3 &amp;&amp; wildList.indexOf(symbol) != -1): null

2019-08-10 23:51:22 - [TEST_STEP][PASSED] - if (i == 4 &amp;&amp; wildList.indexOf(symbol) != -1): null

2019-08-10 23:51:22 - [TEST_STEP][PASSED] - symbol = symbol: null

2019-08-10 23:51:22 - [TEST_STEP][PASSED] - println(symbol): null

2019-08-10 23:51:22 - [TEST_STEP][PASSED] - if (i == 2 &amp;&amp; wildList.indexOf(symbol) != -1): null

2019-08-10 23:51:22 - [TEST_STEP][PASSED] - println("wild found on reel 3, adding counter by 1"): null

2019-08-10 23:51:22 - [TEST_STEP][PASSED] - free_spin_reel_counter[0] = free_spin_reel_counter[0] + 1: null

2019-08-10 23:51:22 - [TEST_STEP][PASSED] - if (i == 3 &amp;&amp; wildList.indexOf(symbol) != -1): null

2019-08-10 23:51:22 - [TEST_STEP][PASSED] - if (i == 4 &amp;&amp; wildList.indexOf(symbol) != -1): null

2019-08-10 23:51:22 - [TEST_STEP][PASSED] - symbol = symbol: null

2019-08-10 23:51:22 - [TEST_STEP][PASSED] - println(symbol): null

2019-08-10 23:51:22 - [TEST_STEP][PASSED] - if (i == 2 &amp;&amp; wildList.indexOf(symbol) != -1): null

2019-08-10 23:51:22 - [TEST_STEP][PASSED] - if (i == 3 &amp;&amp; wildList.indexOf(symbol) != -1): null

2019-08-10 23:51:22 - [TEST_STEP][PASSED] - if (i == 4 &amp;&amp; wildList.indexOf(symbol) != -1): null

2019-08-10 23:51:22 - [TEST_STEP][PASSED] - symbols = symbols: null

2019-08-10 23:51:22 - [TEST_STEP][PASSED] - for ([j = 0, j &lt; symbols.size(), (j++)]): null

2019-08-10 23:51:22 - [TEST_STEP][PASSED] - symbol = symbol: null

2019-08-10 23:51:22 - [TEST_STEP][PASSED] - println(symbol): null

2019-08-10 23:51:22 - [TEST_STEP][PASSED] - if (i == 2 &amp;&amp; wildList.indexOf(symbol) != -1): null

2019-08-10 23:51:22 - [TEST_STEP][PASSED] - if (i == 3 &amp;&amp; wildList.indexOf(symbol) != -1): null

2019-08-10 23:51:22 - [TEST_STEP][PASSED] - if (i == 4 &amp;&amp; wildList.indexOf(symbol) != -1): null

2019-08-10 23:51:22 - [TEST_STEP][PASSED] - symbol = symbol: null

2019-08-10 23:51:22 - [TEST_STEP][PASSED] - println(symbol): null

2019-08-10 23:51:22 - [TEST_STEP][PASSED] - if (i == 2 &amp;&amp; wildList.indexOf(symbol) != -1): null

2019-08-10 23:51:22 - [TEST_STEP][PASSED] - if (i == 3 &amp;&amp; wildList.indexOf(symbol) != -1): null

2019-08-10 23:51:22 - [TEST_STEP][PASSED] - if (i == 4 &amp;&amp; wildList.indexOf(symbol) != -1): null

2019-08-10 23:51:22 - [TEST_STEP][PASSED] - symbol = symbol: null

2019-08-10 23:51:22 - [TEST_STEP][PASSED] - println(symbol): null

2019-08-10 23:51:22 - [TEST_STEP][PASSED] - if (i == 2 &amp;&amp; wildList.indexOf(symbol) != -1): null

2019-08-10 23:51:22 - [TEST_STEP][PASSED] - if (i == 3 &amp;&amp; wildList.indexOf(symbol) != -1): null

2019-08-10 23:51:22 - [TEST_STEP][PASSED] - if (i == 4 &amp;&amp; wildList.indexOf(symbol) != -1): null

2019-08-10 23:51:22 - [TEST_STEP][PASSED] - symbols = symbols: null

2019-08-10 23:51:22 - [TEST_STEP][PASSED] - for ([j = 0, j &lt; symbols.size(), (j++)]): null

2019-08-10 23:51:22 - [TEST_STEP][PASSED] - symbol = symbol: null

2019-08-10 23:51:22 - [TEST_STEP][PASSED] - println(symbol): null

2019-08-10 23:51:22 - [TEST_STEP][PASSED] - if (i == 2 &amp;&amp; wildList.indexOf(symbol) != -1): null

2019-08-10 23:51:22 - [TEST_STEP][PASSED] - if (i == 3 &amp;&amp; wildList.indexOf(symbol) != -1): null

2019-08-10 23:51:22 - [TEST_STEP][PASSED] - if (i == 4 &amp;&amp; wildList.indexOf(symbol) != -1): null

2019-08-10 23:51:22 - [TEST_STEP][PASSED] - symbol = symbol: null

2019-08-10 23:51:22 - [TEST_STEP][PASSED] - println(symbol): null

2019-08-10 23:51:22 - [TEST_STEP][PASSED] - if (i == 2 &amp;&amp; wildList.indexOf(symbol) != -1): null

2019-08-10 23:51:22 - [TEST_STEP][PASSED] - if (i == 3 &amp;&amp; wildList.indexOf(symbol) != -1): null

2019-08-10 23:51:22 - [TEST_STEP][PASSED] - if (i == 4 &amp;&amp; wildList.indexOf(symbol) != -1): null

2019-08-10 23:51:22 - [TEST_STEP][PASSED] - symbol = symbol: null

2019-08-10 23:51:22 - [TEST_STEP][PASSED] - println(symbol): null

2019-08-10 23:51:22 - [TEST_STEP][PASSED] - if (i == 2 &amp;&amp; wildList.indexOf(symbol) != -1): null

2019-08-10 23:51:22 - [TEST_STEP][PASSED] - if (i == 3 &amp;&amp; wildList.indexOf(symbol) != -1): null

2019-08-10 23:51:22 - [TEST_STEP][PASSED] - if (i == 4 &amp;&amp; wildList.indexOf(symbol) != -1): null

2019-08-10 23:51:22 - [TEST_STEP][PASSED] - free_spin_reel_counter = free_spin_reel_counter: null

2019-08-10 23:51:22 - [TEST_STEP][PASSED] - println("reel 3 wild found: " + free_spin_reel_counter[0]): null

2019-08-10 23:51:22 - [TEST_STEP][PASSED] - println("reel 4 wild found: " + free_spin_reel_counter[1]): null

2019-08-10 23:51:22 - [TEST_STEP][PASSED] - println("reel 5 wild found: " + free_spin_reel_counter[2]): null

2019-08-10 23:51:22 - [TEST_STEP][PASSED] - M4_spin_reels = M4_spin_reels: null

2019-08-10 23:51:22 - [TEST_STEP][PASSED] - M4_spin_reels_symbols = symbol: null

2019-08-10 23:51:22 - [TEST_STEP][PASSED] - M4_spin_reels_symbols = M4_spin_reels_symbols: null

2019-08-10 23:51:22 - [TEST_STEP][PASSED] - M4_spin_reel_wins = reel_wins: null

2019-08-10 23:51:22 - [TEST_STEP][PASSED] - M4_spin_reel_wins = M4_spin_reel_wins: null

2019-08-10 23:51:22 - [TEST_STEP][PASSED] - println("GlobalVariable.M4_spin_reel_wins is: " + M4_spin_reel_wins): null

2019-08-10 23:51:22 - [TEST_STEP][PASSED] - M4_spin_total_bonus_win_this_round = total_bonus_win_this_round: null

2019-08-10 23:51:22 - [TEST_STEP][PASSED] - M4_spin_total_bonus_win_this_round = M4_spin_total_bonus_win_this_round: null

2019-08-10 23:51:22 - [TEST_STEP][PASSED] - println("GlobalVariable.M4_spin_total_bonus_win_this_round is: " + M4_spin_total_bonus_win_this_round): null

2019-08-10 23:51:22 - [MESSAGE][PASSED] - Verify response successfully

2019-08-10 23:51:22 - [MESSAGE][PASSED] - Send request and verify the response successfully

2019-08-10 23:51:22 - [TEST_STEP][PASSED] - if (M4_total_bonus_spins_int != 0 &amp;&amp; M4_spin_reels_symbols[2].contains("WILD_ExtraFG") || M4_spin_reels_symbols[3].contains("WILD_ExtraFG")): null

2019-08-10 23:51:22 - [TEST_STEP][PASSED] - free_spin_reel_counter = free_spin_reel_counter: null

2019-08-10 23:51:22 - [TEST_STEP][PASSED] - M4_spin_reels_symbols = M4_spin_reels_symbols: null

2019-08-10 23:51:22 - [TEST_STEP][PASSED] - M4_total_bonus_spins = M4_total_bonus_spins: null

2019-08-10 23:51:22 - [TEST_STEP][PASSED] - spin_result = sendRequestAndVerify(findTestObject("RGS(M4)/1_M4_spin", ["M4_login_user_id":M4_login_user_id, "rgs_session_token":rgs_session_token, "partner":Partner])): Send request and verify the response successfully

2019-08-10 23:51:23 - [TEST_CASE][PASSED] - Start Test Case : Verification: Verification accomplished successfully

2019-08-10 23:51:23 - [TEST_STEP][PASSED] - request = getInstance().getCurrentRequest(): null

2019-08-10 23:51:23 - [TEST_STEP][PASSED] - response = getInstance().getCurrentResponse(): null

2019-08-10 23:51:23 - [TEST_STEP][PASSED] - verifyResponseStatusCode(response, 200): Verify response status code successfully

2019-08-10 23:51:23 - [MESSAGE][PASSED] - Verify response status code successfully

2019-08-10 23:51:23 - [TEST_STEP][PASSED] - getStatusCode()).isEqualTo(200): null

2019-08-10 23:51:23 - [TEST_STEP][PASSED] - newline = System.getProperty("line.separator"): null

2019-08-10 23:51:23 - [TEST_STEP][PASSED] - M4_spin = new groovy.json.JsonSlurper(): null

2019-08-10 23:51:23 - [TEST_STEP][PASSED] - result_M4_spin = M4_spin.parseText(response.getResponseBodyContent()): null

2019-08-10 23:51:23 - [TEST_STEP][PASSED] - M4_spin_current_balance = current_balance: null

2019-08-10 23:51:23 - [TEST_STEP][PASSED] - M4_spin_current_balance = M4_spin_current_balance: null

2019-08-10 23:51:23 - [TEST_STEP][PASSED] - M4_spin_transaction_id = causality: null

2019-08-10 23:51:23 - [TEST_STEP][PASSED] - M4_spin_transaction_id = M4_spin_transaction_id: null

2019-08-10 23:51:23 - [TEST_STEP][PASSED] - M4_spin_round_id = round_id: null

2019-08-10 23:51:23 - [TEST_STEP][PASSED] - M4_spin_round_id = M4_spin_round_id: null

2019-08-10 23:51:23 - [TEST_STEP][PASSED] - M4_spin_line_wins = line_wins: null

2019-08-10 23:51:23 - [TEST_STEP][PASSED] - M4_spin_line_wins = M4_spin_line_wins: null

2019-08-10 23:51:23 - [TEST_STEP][PASSED] - M4_total_bonus_spins_int = total_bonus_spins: null

2019-08-10 23:51:23 - [TEST_STEP][PASSED] - println("******M4_total_bonus_spins type is:*******" + newline + getClass().getName()): null

2019-08-10 23:51:23 - [TEST_STEP][PASSED] - M4_total_bonus_spins_int = M4_total_bonus_spins_int: null

2019-08-10 23:51:23 - [TEST_STEP][PASSED] - M4_total_bonus_spins = Integer.toString(M4_total_bonus_spins_int): null

2019-08-10 23:51:23 - [TEST_STEP][PASSED] - M4_total_bonus_spins = M4_total_bonus_spins: null

2019-08-10 23:51:23 - [TEST_STEP][PASSED] - println("M4_total_bonus_spins is:" + M4_total_bonus_spins): null

2019-08-10 23:51:23 - [TEST_STEP][PASSED] - M4_spin_bonus_data = bonus_data: null

2019-08-10 23:51:23 - [TEST_STEP][PASSED] - M4_spin_features_triggered = result_M4_spin: null

2019-08-10 23:51:23 - [TEST_STEP][PASSED] - wild = []: null

2019-08-10 23:51:23 - [TEST_STEP][PASSED] - wild[0] = "WILD_Expanding": null

2019-08-10 23:51:23 - [TEST_STEP][PASSED] - wild[1] = "WILD_Normal": null

2019-08-10 23:51:23 - [TEST_STEP][PASSED] - wild[2] = "WILD_Double": null

2019-08-10 23:51:23 - [TEST_STEP][PASSED] - wild[3] = "WILD_ExtraFG": null

2019-08-10 23:51:23 - [TEST_STEP][PASSED] - wild[4] = "WILD_Triple": null

2019-08-10 23:51:23 - [TEST_STEP][PASSED] - wildList = Arrays.asList(wild): null

2019-08-10 23:51:23 - [TEST_STEP][PASSED] - wildList = wildList: null

2019-08-10 23:51:23 - [TEST_STEP][PASSED] - free_spin_reel_counter = []: null

2019-08-10 23:51:23 - [TEST_STEP][PASSED] - free_spin_reel_counter[0] = 0: null

2019-08-10 23:51:23 - [TEST_STEP][PASSED] - free_spin_reel_counter[1] = 0: null

2019-08-10 23:51:23 - [TEST_STEP][PASSED] - free_spin_reel_counter[2] = 0: null

2019-08-10 23:51:23 - [TEST_STEP][PASSED] - M4_spin_reels = reels: null

2019-08-10 23:51:23 - [TEST_STEP][PASSED] - for ([i = 0, i &lt; M4_spin_reels.size(), (i++)]): null

2019-08-10 23:51:23 - [TEST_STEP][PASSED] - symbols = symbols: null

2019-08-10 23:51:23 - [TEST_STEP][PASSED] - for ([j = 0, j &lt; symbols.size(), (j++)]): null

2019-08-10 23:51:23 - [TEST_STEP][PASSED] - symbol = symbol: null

2019-08-10 23:51:23 - [TEST_STEP][PASSED] - println(symbol): null

2019-08-10 23:51:23 - [TEST_STEP][PASSED] - if (i == 2 &amp;&amp; wildList.indexOf(symbol) != -1): null

2019-08-10 23:51:23 - [TEST_STEP][PASSED] - if (i == 3 &amp;&amp; wildList.indexOf(symbol) != -1): null

2019-08-10 23:51:23 - [TEST_STEP][PASSED] - if (i == 4 &amp;&amp; wildList.indexOf(symbol) != -1): null

2019-08-10 23:51:23 - [TEST_STEP][PASSED] - symbol = symbol: null

2019-08-10 23:51:23 - [TEST_STEP][PASSED] - println(symbol): null

2019-08-10 23:51:23 - [TEST_STEP][PASSED] - if (i == 2 &amp;&amp; wildList.indexOf(symbol) != -1): null

2019-08-10 23:51:23 - [TEST_STEP][PASSED] - if (i == 3 &amp;&amp; wildList.indexOf(symbol) != -1): null

2019-08-10 23:51:23 - [TEST_STEP][PASSED] - if (i == 4 &amp;&amp; wildList.indexOf(symbol) != -1): null

2019-08-10 23:51:23 - [TEST_STEP][PASSED] - symbol = symbol: null

2019-08-10 23:51:23 - [TEST_STEP][PASSED] - println(symbol): null

2019-08-10 23:51:23 - [TEST_STEP][PASSED] - if (i == 2 &amp;&amp; wildList.indexOf(symbol) != -1): null

2019-08-10 23:51:23 - [TEST_STEP][PASSED] - if (i == 3 &amp;&amp; wildList.indexOf(symbol) != -1): null

2019-08-10 23:51:23 - [TEST_STEP][PASSED] - if (i == 4 &amp;&amp; wildList.indexOf(symbol) != -1): null

2019-08-10 23:51:23 - [TEST_STEP][PASSED] - symbols = symbols: null

2019-08-10 23:51:23 - [TEST_STEP][PASSED] - for ([j = 0, j &lt; symbols.size(), (j++)]): null

2019-08-10 23:51:23 - [TEST_STEP][PASSED] - symbol = symbol: null

2019-08-10 23:51:23 - [TEST_STEP][PASSED] - println(symbol): null

2019-08-10 23:51:23 - [TEST_STEP][PASSED] - if (i == 2 &amp;&amp; wildList.indexOf(symbol) != -1): null

2019-08-10 23:51:23 - [TEST_STEP][PASSED] - if (i == 3 &amp;&amp; wildList.indexOf(symbol) != -1): null

2019-08-10 23:51:23 - [TEST_STEP][PASSED] - if (i == 4 &amp;&amp; wildList.indexOf(symbol) != -1): null

2019-08-10 23:51:23 - [TEST_STEP][PASSED] - symbol = symbol: null

2019-08-10 23:51:23 - [TEST_STEP][PASSED] - println(symbol): null

2019-08-10 23:51:23 - [TEST_STEP][PASSED] - if (i == 2 &amp;&amp; wildList.indexOf(symbol) != -1): null

2019-08-10 23:51:23 - [TEST_STEP][PASSED] - if (i == 3 &amp;&amp; wildList.indexOf(symbol) != -1): null

2019-08-10 23:51:23 - [TEST_STEP][PASSED] - if (i == 4 &amp;&amp; wildList.indexOf(symbol) != -1): null

2019-08-10 23:51:23 - [TEST_STEP][PASSED] - symbol = symbol: null

2019-08-10 23:51:23 - [TEST_STEP][PASSED] - println(symbol): null

2019-08-10 23:51:23 - [TEST_STEP][PASSED] - if (i == 2 &amp;&amp; wildList.indexOf(symbol) != -1): null

2019-08-10 23:51:23 - [TEST_STEP][PASSED] - if (i == 3 &amp;&amp; wildList.indexOf(symbol) != -1): null

2019-08-10 23:51:23 - [TEST_STEP][PASSED] - if (i == 4 &amp;&amp; wildList.indexOf(symbol) != -1): null

2019-08-10 23:51:23 - [TEST_STEP][PASSED] - symbols = symbols: null

2019-08-10 23:51:23 - [TEST_STEP][PASSED] - for ([j = 0, j &lt; symbols.size(), (j++)]): null

2019-08-10 23:51:23 - [TEST_STEP][PASSED] - symbol = symbol: null

2019-08-10 23:51:23 - [TEST_STEP][PASSED] - println(symbol): null

2019-08-10 23:51:23 - [TEST_STEP][PASSED] - if (i == 2 &amp;&amp; wildList.indexOf(symbol) != -1): null

2019-08-10 23:51:23 - [TEST_STEP][PASSED] - if (i == 3 &amp;&amp; wildList.indexOf(symbol) != -1): null

2019-08-10 23:51:23 - [TEST_STEP][PASSED] - if (i == 4 &amp;&amp; wildList.indexOf(symbol) != -1): null

2019-08-10 23:51:23 - [TEST_STEP][PASSED] - symbol = symbol: null

2019-08-10 23:51:23 - [TEST_STEP][PASSED] - println(symbol): null

2019-08-10 23:51:23 - [TEST_STEP][PASSED] - if (i == 2 &amp;&amp; wildList.indexOf(symbol) != -1): null

2019-08-10 23:51:23 - [TEST_STEP][PASSED] - if (i == 3 &amp;&amp; wildList.indexOf(symbol) != -1): null

2019-08-10 23:51:23 - [TEST_STEP][PASSED] - if (i == 4 &amp;&amp; wildList.indexOf(symbol) != -1): null

2019-08-10 23:51:23 - [TEST_STEP][PASSED] - symbol = symbol: null

2019-08-10 23:51:23 - [TEST_STEP][PASSED] - println(symbol): null

2019-08-10 23:51:23 - [TEST_STEP][PASSED] - if (i == 2 &amp;&amp; wildList.indexOf(symbol) != -1): null

2019-08-10 23:51:23 - [TEST_STEP][PASSED] - if (i == 3 &amp;&amp; wildList.indexOf(symbol) != -1): null

2019-08-10 23:51:23 - [TEST_STEP][PASSED] - if (i == 4 &amp;&amp; wildList.indexOf(symbol) != -1): null

2019-08-10 23:51:23 - [TEST_STEP][PASSED] - symbols = symbols: null

2019-08-10 23:51:23 - [TEST_STEP][PASSED] - for ([j = 0, j &lt; symbols.size(), (j++)]): null

2019-08-10 23:51:23 - [TEST_STEP][PASSED] - symbol = symbol: null

2019-08-10 23:51:23 - [TEST_STEP][PASSED] - println(symbol): null

2019-08-10 23:51:23 - [TEST_STEP][PASSED] - if (i == 2 &amp;&amp; wildList.indexOf(symbol) != -1): null

2019-08-10 23:51:23 - [TEST_STEP][PASSED] - if (i == 3 &amp;&amp; wildList.indexOf(symbol) != -1): null

2019-08-10 23:51:23 - [TEST_STEP][PASSED] - if (i == 4 &amp;&amp; wildList.indexOf(symbol) != -1): null

2019-08-10 23:51:23 - [TEST_STEP][PASSED] - symbol = symbol: null

2019-08-10 23:51:23 - [TEST_STEP][PASSED] - println(symbol): null

2019-08-10 23:51:23 - [TEST_STEP][PASSED] - if (i == 2 &amp;&amp; wildList.indexOf(symbol) != -1): null

2019-08-10 23:51:23 - [TEST_STEP][PASSED] - if (i == 3 &amp;&amp; wildList.indexOf(symbol) != -1): null

2019-08-10 23:51:23 - [TEST_STEP][PASSED] - if (i == 4 &amp;&amp; wildList.indexOf(symbol) != -1): null

2019-08-10 23:51:23 - [TEST_STEP][PASSED] - symbol = symbol: null

2019-08-10 23:51:23 - [TEST_STEP][PASSED] - println(symbol): null

2019-08-10 23:51:23 - [TEST_STEP][PASSED] - if (i == 2 &amp;&amp; wildList.indexOf(symbol) != -1): null

2019-08-10 23:51:23 - [TEST_STEP][PASSED] - if (i == 3 &amp;&amp; wildList.indexOf(symbol) != -1): null

2019-08-10 23:51:23 - [TEST_STEP][PASSED] - if (i == 4 &amp;&amp; wildList.indexOf(symbol) != -1): null

2019-08-10 23:51:23 - [TEST_STEP][PASSED] - symbols = symbols: null

2019-08-10 23:51:23 - [TEST_STEP][PASSED] - for ([j = 0, j &lt; symbols.size(), (j++)]): null

2019-08-10 23:51:23 - [TEST_STEP][PASSED] - symbol = symbol: null

2019-08-10 23:51:23 - [TEST_STEP][PASSED] - println(symbol): null

2019-08-10 23:51:23 - [TEST_STEP][PASSED] - if (i == 2 &amp;&amp; wildList.indexOf(symbol) != -1): null

2019-08-10 23:51:23 - [TEST_STEP][PASSED] - if (i == 3 &amp;&amp; wildList.indexOf(symbol) != -1): null

2019-08-10 23:51:23 - [TEST_STEP][PASSED] - if (i == 4 &amp;&amp; wildList.indexOf(symbol) != -1): null

2019-08-10 23:51:23 - [TEST_STEP][PASSED] - symbol = symbol: null

2019-08-10 23:51:23 - [TEST_STEP][PASSED] - println(symbol): null

2019-08-10 23:51:23 - [TEST_STEP][PASSED] - if (i == 2 &amp;&amp; wildList.indexOf(symbol) != -1): null

2019-08-10 23:51:23 - [TEST_STEP][PASSED] - if (i == 3 &amp;&amp; wildList.indexOf(symbol) != -1): null

2019-08-10 23:51:23 - [TEST_STEP][PASSED] - if (i == 4 &amp;&amp; wildList.indexOf(symbol) != -1): null

2019-08-10 23:51:23 - [TEST_STEP][PASSED] - symbol = symbol: null

2019-08-10 23:51:23 - [TEST_STEP][PASSED] - println(symbol): null

2019-08-10 23:51:23 - [TEST_STEP][PASSED] - if (i == 2 &amp;&amp; wildList.indexOf(symbol) != -1): null

2019-08-10 23:51:23 - [TEST_STEP][PASSED] - if (i == 3 &amp;&amp; wildList.indexOf(symbol) != -1): null

2019-08-10 23:51:23 - [TEST_STEP][PASSED] - if (i == 4 &amp;&amp; wildList.indexOf(symbol) != -1): null

2019-08-10 23:51:23 - [TEST_STEP][PASSED] - free_spin_reel_counter = free_spin_reel_counter: null

2019-08-10 23:51:23 - [TEST_STEP][PASSED] - println("reel 3 wild found: " + free_spin_reel_counter[0]): null

2019-08-10 23:51:23 - [TEST_STEP][PASSED] - println("reel 4 wild found: " + free_spin_reel_counter[1]): null

2019-08-10 23:51:23 - [TEST_STEP][PASSED] - println("reel 5 wild found: " + free_spin_reel_counter[2]): null

2019-08-10 23:51:23 - [TEST_STEP][PASSED] - M4_spin_reels = M4_spin_reels: null

2019-08-10 23:51:23 - [TEST_STEP][PASSED] - M4_spin_reels_symbols = symbol: null

2019-08-10 23:51:23 - [TEST_STEP][PASSED] - M4_spin_reels_symbols = M4_spin_reels_symbols: null

2019-08-10 23:51:23 - [TEST_STEP][PASSED] - M4_spin_reel_wins = reel_wins: null

2019-08-10 23:51:23 - [TEST_STEP][PASSED] - M4_spin_reel_wins = M4_spin_reel_wins: null

2019-08-10 23:51:23 - [TEST_STEP][PASSED] - println("GlobalVariable.M4_spin_reel_wins is: " + M4_spin_reel_wins): null

2019-08-10 23:51:23 - [TEST_STEP][PASSED] - M4_spin_total_bonus_win_this_round = total_bonus_win_this_round: null

2019-08-10 23:51:23 - [TEST_STEP][PASSED] - M4_spin_total_bonus_win_this_round = M4_spin_total_bonus_win_this_round: null

2019-08-10 23:51:23 - [TEST_STEP][PASSED] - println("GlobalVariable.M4_spin_total_bonus_win_this_round is: " + M4_spin_total_bonus_win_this_round): null

2019-08-10 23:51:23 - [MESSAGE][PASSED] - Verify response successfully

2019-08-10 23:51:23 - [MESSAGE][PASSED] - Send request and verify the response successfully

2019-08-10 23:51:23 - [TEST_STEP][PASSED] - if (M4_total_bonus_spins_int != 0 &amp;&amp; M4_spin_reels_symbols[2].contains("WILD_ExtraFG") || M4_spin_reels_symbols[3].contains("WILD_ExtraFG")): null

2019-08-10 23:51:23 - [TEST_STEP][PASSED] - free_spin_reel_counter = free_spin_reel_counter: null

2019-08-10 23:51:23 - [TEST_STEP][PASSED] - M4_spin_reels_symbols = M4_spin_reels_symbols: null

2019-08-10 23:51:23 - [TEST_STEP][PASSED] - M4_total_bonus_spins = M4_total_bonus_spins: null

2019-08-10 23:51:23 - [TEST_STEP][PASSED] - spin_result = sendRequestAndVerify(findTestObject("RGS(M4)/1_M4_spin", ["M4_login_user_id":M4_login_user_id, "rgs_session_token":rgs_session_token, "partner":Partner])): Send request and verify the response successfully

2019-08-10 23:51:23 - [TEST_CASE][PASSED] - Start Test Case : Verification: Verification accomplished successfully

2019-08-10 23:51:23 - [TEST_STEP][PASSED] - request = getInstance().getCurrentRequest(): null

2019-08-10 23:51:23 - [TEST_STEP][PASSED] - response = getInstance().getCurrentResponse(): null

2019-08-10 23:51:23 - [TEST_STEP][PASSED] - verifyResponseStatusCode(response, 200): Verify response status code successfully

2019-08-10 23:51:23 - [MESSAGE][PASSED] - Verify response status code successfully

2019-08-10 23:51:23 - [TEST_STEP][PASSED] - getStatusCode()).isEqualTo(200): null

2019-08-10 23:51:23 - [TEST_STEP][PASSED] - newline = System.getProperty("line.separator"): null

2019-08-10 23:51:23 - [TEST_STEP][PASSED] - M4_spin = new groovy.json.JsonSlurper(): null

2019-08-10 23:51:23 - [TEST_STEP][PASSED] - result_M4_spin = M4_spin.parseText(response.getResponseBodyContent()): null

2019-08-10 23:51:23 - [TEST_STEP][PASSED] - M4_spin_current_balance = current_balance: null

2019-08-10 23:51:23 - [TEST_STEP][PASSED] - M4_spin_current_balance = M4_spin_current_balance: null

2019-08-10 23:51:23 - [TEST_STEP][PASSED] - M4_spin_transaction_id = causality: null

2019-08-10 23:51:23 - [TEST_STEP][PASSED] - M4_spin_transaction_id = M4_spin_transaction_id: null

2019-08-10 23:51:23 - [TEST_STEP][PASSED] - M4_spin_round_id = round_id: null

2019-08-10 23:51:23 - [TEST_STEP][PASSED] - M4_spin_round_id = M4_spin_round_id: null

2019-08-10 23:51:23 - [TEST_STEP][PASSED] - M4_spin_line_wins = line_wins: null

2019-08-10 23:51:23 - [TEST_STEP][PASSED] - M4_spin_line_wins = M4_spin_line_wins: null

2019-08-10 23:51:23 - [TEST_STEP][PASSED] - M4_total_bonus_spins_int = total_bonus_spins: null

2019-08-10 23:51:23 - [TEST_STEP][PASSED] - println("******M4_total_bonus_spins type is:*******" + newline + getClass().getName()): null

2019-08-10 23:51:23 - [TEST_STEP][PASSED] - M4_total_bonus_spins_int = M4_total_bonus_spins_int: null

2019-08-10 23:51:23 - [TEST_STEP][PASSED] - M4_total_bonus_spins = Integer.toString(M4_total_bonus_spins_int): null

2019-08-10 23:51:23 - [TEST_STEP][PASSED] - M4_total_bonus_spins = M4_total_bonus_spins: null

2019-08-10 23:51:23 - [TEST_STEP][PASSED] - println("M4_total_bonus_spins is:" + M4_total_bonus_spins): null

2019-08-10 23:51:23 - [TEST_STEP][PASSED] - M4_spin_bonus_data = bonus_data: null

2019-08-10 23:51:23 - [TEST_STEP][PASSED] - M4_spin_features_triggered = result_M4_spin: null

2019-08-10 23:51:23 - [TEST_STEP][PASSED] - wild = []: null

2019-08-10 23:51:23 - [TEST_STEP][PASSED] - wild[0] = "WILD_Expanding": null

2019-08-10 23:51:23 - [TEST_STEP][PASSED] - wild[1] = "WILD_Normal": null

2019-08-10 23:51:23 - [TEST_STEP][PASSED] - wild[2] = "WILD_Double": null

2019-08-10 23:51:23 - [TEST_STEP][PASSED] - wild[3] = "WILD_ExtraFG": null

2019-08-10 23:51:23 - [TEST_STEP][PASSED] - wild[4] = "WILD_Triple": null

2019-08-10 23:51:23 - [TEST_STEP][PASSED] - wildList = Arrays.asList(wild): null

2019-08-10 23:51:23 - [TEST_STEP][PASSED] - wildList = wildList: null

2019-08-10 23:51:23 - [TEST_STEP][PASSED] - free_spin_reel_counter = []: null

2019-08-10 23:51:23 - [TEST_STEP][PASSED] - free_spin_reel_counter[0] = 0: null

2019-08-10 23:51:23 - [TEST_STEP][PASSED] - free_spin_reel_counter[1] = 0: null

2019-08-10 23:51:23 - [TEST_STEP][PASSED] - free_spin_reel_counter[2] = 0: null

2019-08-10 23:51:23 - [TEST_STEP][PASSED] - M4_spin_reels = reels: null

2019-08-10 23:51:23 - [TEST_STEP][PASSED] - for ([i = 0, i &lt; M4_spin_reels.size(), (i++)]): null

2019-08-10 23:51:23 - [TEST_STEP][PASSED] - symbols = symbols: null

2019-08-10 23:51:23 - [TEST_STEP][PASSED] - for ([j = 0, j &lt; symbols.size(), (j++)]): null

2019-08-10 23:51:23 - [TEST_STEP][PASSED] - symbol = symbol: null

2019-08-10 23:51:23 - [TEST_STEP][PASSED] - println(symbol): null

2019-08-10 23:51:23 - [TEST_STEP][PASSED] - if (i == 2 &amp;&amp; wildList.indexOf(symbol) != -1): null

2019-08-10 23:51:23 - [TEST_STEP][PASSED] - if (i == 3 &amp;&amp; wildList.indexOf(symbol) != -1): null

2019-08-10 23:51:23 - [TEST_STEP][PASSED] - if (i == 4 &amp;&amp; wildList.indexOf(symbol) != -1): null

2019-08-10 23:51:23 - [TEST_STEP][PASSED] - symbol = symbol: null

2019-08-10 23:51:23 - [TEST_STEP][PASSED] - println(symbol): null

2019-08-10 23:51:23 - [TEST_STEP][PASSED] - if (i == 2 &amp;&amp; wildList.indexOf(symbol) != -1): null

2019-08-10 23:51:26 - [TEST_STEP][PASSED] - if (i == 3 &amp;&amp; wildList.indexOf(symbol) != -1): null

2019-08-10 23:51:26 - [TEST_STEP][PASSED] - if (i == 4 &amp;&amp; wildList.indexOf(symbol) != -1): null

2019-08-10 23:51:26 - [TEST_STEP][PASSED] - symbol = symbol: null

2019-08-10 23:51:26 - [TEST_STEP][PASSED] - println(symbol): null

2019-08-10 23:51:26 - [TEST_STEP][PASSED] - if (i == 2 &amp;&amp; wildList.indexOf(symbol) != -1): null

2019-08-10 23:51:26 - [TEST_STEP][PASSED] - if (i == 3 &amp;&amp; wildList.indexOf(symbol) != -1): null

2019-08-10 23:51:26 - [TEST_STEP][PASSED] - if (i == 4 &amp;&amp; wildList.indexOf(symbol) != -1): null

2019-08-10 23:51:26 - [TEST_STEP][PASSED] - symbols = symbols: null

2019-08-10 23:51:26 - [TEST_STEP][PASSED] - for ([j = 0, j &lt; symbols.size(), (j++)]): null

2019-08-10 23:51:26 - [TEST_STEP][PASSED] - symbol = symbol: null

2019-08-10 23:51:26 - [TEST_STEP][PASSED] - println(symbol): null

2019-08-10 23:51:26 - [TEST_STEP][PASSED] - if (i == 2 &amp;&amp; wildList.indexOf(symbol) != -1): null

2019-08-10 23:51:26 - [TEST_STEP][PASSED] - if (i == 3 &amp;&amp; wildList.indexOf(symbol) != -1): null

2019-08-10 23:51:26 - [TEST_STEP][PASSED] - if (i == 4 &amp;&amp; wildList.indexOf(symbol) != -1): null

2019-08-10 23:51:26 - [TEST_STEP][PASSED] - symbol = symbol: null

2019-08-10 23:51:26 - [TEST_STEP][PASSED] - println(symbol): null

2019-08-10 23:51:26 - [TEST_STEP][PASSED] - if (i == 2 &amp;&amp; wildList.indexOf(symbol) != -1): null

2019-08-10 23:51:26 - [TEST_STEP][PASSED] - if (i == 3 &amp;&amp; wildList.indexOf(symbol) != -1): null

2019-08-10 23:51:26 - [TEST_STEP][PASSED] - if (i == 4 &amp;&amp; wildList.indexOf(symbol) != -1): null

2019-08-10 23:51:26 - [TEST_STEP][PASSED] - symbol = symbol: null

2019-08-10 23:51:26 - [TEST_STEP][PASSED] - println(symbol): null

2019-08-10 23:51:26 - [TEST_STEP][PASSED] - if (i == 2 &amp;&amp; wildList.indexOf(symbol) != -1): null

2019-08-10 23:51:26 - [TEST_STEP][PASSED] - if (i == 3 &amp;&amp; wildList.indexOf(symbol) != -1): null

2019-08-10 23:51:26 - [TEST_STEP][PASSED] - if (i == 4 &amp;&amp; wildList.indexOf(symbol) != -1): null

2019-08-10 23:51:26 - [TEST_STEP][PASSED] - symbols = symbols: null

2019-08-10 23:51:26 - [TEST_STEP][PASSED] - for ([j = 0, j &lt; symbols.size(), (j++)]): null

2019-08-10 23:51:26 - [TEST_STEP][PASSED] - symbol = symbol: null

2019-08-10 23:51:26 - [TEST_STEP][PASSED] - println(symbol): null

2019-08-10 23:51:26 - [TEST_STEP][PASSED] - if (i == 2 &amp;&amp; wildList.indexOf(symbol) != -1): null

2019-08-10 23:51:26 - [TEST_STEP][PASSED] - if (i == 3 &amp;&amp; wildList.indexOf(symbol) != -1): null

2019-08-10 23:51:26 - [TEST_STEP][PASSED] - if (i == 4 &amp;&amp; wildList.indexOf(symbol) != -1): null

2019-08-10 23:51:26 - [TEST_STEP][PASSED] - symbol = symbol: null

2019-08-10 23:51:26 - [TEST_STEP][PASSED] - println(symbol): null

2019-08-10 23:51:26 - [TEST_STEP][PASSED] - if (i == 2 &amp;&amp; wildList.indexOf(symbol) != -1): null

2019-08-10 23:51:26 - [TEST_STEP][PASSED] - if (i == 3 &amp;&amp; wildList.indexOf(symbol) != -1): null

2019-08-10 23:51:26 - [TEST_STEP][PASSED] - if (i == 4 &amp;&amp; wildList.indexOf(symbol) != -1): null

2019-08-10 23:51:26 - [TEST_STEP][PASSED] - symbol = symbol: null

2019-08-10 23:51:26 - [TEST_STEP][PASSED] - println(symbol): null

2019-08-10 23:51:26 - [TEST_STEP][PASSED] - if (i == 2 &amp;&amp; wildList.indexOf(symbol) != -1): null

2019-08-10 23:51:26 - [TEST_STEP][PASSED] - if (i == 3 &amp;&amp; wildList.indexOf(symbol) != -1): null

2019-08-10 23:51:26 - [TEST_STEP][PASSED] - if (i == 4 &amp;&amp; wildList.indexOf(symbol) != -1): null

2019-08-10 23:51:26 - [TEST_STEP][PASSED] - symbols = symbols: null

2019-08-10 23:51:26 - [TEST_STEP][PASSED] - for ([j = 0, j &lt; symbols.size(), (j++)]): null

2019-08-10 23:51:26 - [TEST_STEP][PASSED] - symbol = symbol: null

2019-08-10 23:51:26 - [TEST_STEP][PASSED] - println(symbol): null

2019-08-10 23:51:26 - [TEST_STEP][PASSED] - if (i == 2 &amp;&amp; wildList.indexOf(symbol) != -1): null

2019-08-10 23:51:26 - [TEST_STEP][PASSED] - if (i == 3 &amp;&amp; wildList.indexOf(symbol) != -1): null

2019-08-10 23:51:26 - [TEST_STEP][PASSED] - if (i == 4 &amp;&amp; wildList.indexOf(symbol) != -1): null

2019-08-10 23:51:26 - [TEST_STEP][PASSED] - symbol = symbol: null

2019-08-10 23:51:26 - [TEST_STEP][PASSED] - println(symbol): null

2019-08-10 23:51:26 - [TEST_STEP][PASSED] - if (i == 2 &amp;&amp; wildList.indexOf(symbol) != -1): null

2019-08-10 23:51:26 - [TEST_STEP][PASSED] - if (i == 3 &amp;&amp; wildList.indexOf(symbol) != -1): null

2019-08-10 23:51:26 - [TEST_STEP][PASSED] - if (i == 4 &amp;&amp; wildList.indexOf(symbol) != -1): null

2019-08-10 23:51:26 - [TEST_STEP][PASSED] - symbol = symbol: null

2019-08-10 23:51:26 - [TEST_STEP][PASSED] - println(symbol): null

2019-08-10 23:51:26 - [TEST_STEP][PASSED] - if (i == 2 &amp;&amp; wildList.indexOf(symbol) != -1): null

2019-08-10 23:51:26 - [TEST_STEP][PASSED] - if (i == 3 &amp;&amp; wildList.indexOf(symbol) != -1): null

2019-08-10 23:51:26 - [TEST_STEP][PASSED] - if (i == 4 &amp;&amp; wildList.indexOf(symbol) != -1): null

2019-08-10 23:51:26 - [TEST_STEP][PASSED] - symbols = symbols: null

2019-08-10 23:51:26 - [TEST_STEP][PASSED] - for ([j = 0, j &lt; symbols.size(), (j++)]): null

2019-08-10 23:51:26 - [TEST_STEP][PASSED] - symbol = symbol: null

2019-08-10 23:51:26 - [TEST_STEP][PASSED] - println(symbol): null

2019-08-10 23:51:26 - [TEST_STEP][PASSED] - if (i == 2 &amp;&amp; wildList.indexOf(symbol) != -1): null

2019-08-10 23:51:26 - [TEST_STEP][PASSED] - if (i == 3 &amp;&amp; wildList.indexOf(symbol) != -1): null

2019-08-10 23:51:26 - [TEST_STEP][PASSED] - if (i == 4 &amp;&amp; wildList.indexOf(symbol) != -1): null

2019-08-10 23:51:26 - [TEST_STEP][PASSED] - symbol = symbol: null

2019-08-10 23:51:26 - [TEST_STEP][PASSED] - println(symbol): null

2019-08-10 23:51:26 - [TEST_STEP][PASSED] - if (i == 2 &amp;&amp; wildList.indexOf(symbol) != -1): null

2019-08-10 23:51:26 - [TEST_STEP][PASSED] - if (i == 3 &amp;&amp; wildList.indexOf(symbol) != -1): null

2019-08-10 23:51:26 - [TEST_STEP][PASSED] - if (i == 4 &amp;&amp; wildList.indexOf(symbol) != -1): null

2019-08-10 23:51:26 - [TEST_STEP][PASSED] - symbol = symbol: null

2019-08-10 23:51:26 - [TEST_STEP][PASSED] - println(symbol): null

2019-08-10 23:51:26 - [TEST_STEP][PASSED] - if (i == 2 &amp;&amp; wildList.indexOf(symbol) != -1): null

2019-08-10 23:51:26 - [TEST_STEP][PASSED] - if (i == 3 &amp;&amp; wildList.indexOf(symbol) != -1): null

2019-08-10 23:51:26 - [TEST_STEP][PASSED] - if (i == 4 &amp;&amp; wildList.indexOf(symbol) != -1): null

2019-08-10 23:51:26 - [TEST_STEP][PASSED] - println("wild found on reel 5, adding counter by 1"): null

2019-08-10 23:51:26 - [TEST_STEP][PASSED] - free_spin_reel_counter[2] = free_spin_reel_counter[2] + 1: null

2019-08-10 23:51:26 - [TEST_STEP][PASSED] - free_spin_reel_counter = free_spin_reel_counter: null

2019-08-10 23:51:26 - [TEST_STEP][PASSED] - println("reel 3 wild found: " + free_spin_reel_counter[0]): null

2019-08-10 23:51:26 - [TEST_STEP][PASSED] - println("reel 4 wild found: " + free_spin_reel_counter[1]): null

2019-08-10 23:51:26 - [TEST_STEP][PASSED] - println("reel 5 wild found: " + free_spin_reel_counter[2]): null

2019-08-10 23:51:26 - [TEST_STEP][PASSED] - M4_spin_reels = M4_spin_reels: null

2019-08-10 23:51:26 - [TEST_STEP][PASSED] - M4_spin_reels_symbols = symbol: null

2019-08-10 23:51:26 - [TEST_STEP][PASSED] - M4_spin_reels_symbols = M4_spin_reels_symbols: null

2019-08-10 23:51:26 - [TEST_STEP][PASSED] - M4_spin_reel_wins = reel_wins: null

2019-08-10 23:51:26 - [TEST_STEP][PASSED] - M4_spin_reel_wins = M4_spin_reel_wins: null

2019-08-10 23:51:26 - [TEST_STEP][PASSED] - println("GlobalVariable.M4_spin_reel_wins is: " + M4_spin_reel_wins): null

2019-08-10 23:51:26 - [TEST_STEP][PASSED] - M4_spin_total_bonus_win_this_round = total_bonus_win_this_round: null

2019-08-10 23:51:26 - [TEST_STEP][PASSED] - M4_spin_total_bonus_win_this_round = M4_spin_total_bonus_win_this_round: null

2019-08-10 23:51:26 - [TEST_STEP][PASSED] - println("GlobalVariable.M4_spin_total_bonus_win_this_round is: " + M4_spin_total_bonus_win_this_round): null

2019-08-10 23:51:26 - [MESSAGE][PASSED] - Verify response successfully

2019-08-10 23:51:26 - [MESSAGE][PASSED] - Send request and verify the response successfully

2019-08-10 23:51:26 - [TEST_STEP][PASSED] - if (M4_total_bonus_spins_int != 0 &amp;&amp; M4_spin_reels_symbols[2].contains("WILD_ExtraFG") || M4_spin_reels_symbols[3].contains("WILD_ExtraFG")): null

2019-08-10 23:51:26 - [TEST_STEP][PASSED] - free_spin_reel_counter = free_spin_reel_counter: null

2019-08-10 23:51:26 - [TEST_STEP][PASSED] - M4_spin_reels_symbols = M4_spin_reels_symbols: null

2019-08-10 23:51:26 - [TEST_STEP][PASSED] - M4_total_bonus_spins = M4_total_bonus_spins: null

2019-08-10 23:51:26 - [TEST_STEP][PASSED] - spin_result = sendRequestAndVerify(findTestObject("RGS(M4)/1_M4_spin", ["M4_login_user_id":M4_login_user_id, "rgs_session_token":rgs_session_token, "partner":Partner])): Send request and verify the response successfully

2019-08-10 23:51:27 - [TEST_CASE][PASSED] - Start Test Case : Verification: Verification accomplished successfully

2019-08-10 23:51:27 - [TEST_STEP][PASSED] - request = getInstance().getCurrentRequest(): null

2019-08-10 23:51:27 - [TEST_STEP][PASSED] - response = getInstance().getCurrentResponse(): null

2019-08-10 23:51:27 - [TEST_STEP][PASSED] - verifyResponseStatusCode(response, 200): Verify response status code successfully

2019-08-10 23:51:27 - [MESSAGE][PASSED] - Verify response status code successfully

2019-08-10 23:51:27 - [TEST_STEP][PASSED] - getStatusCode()).isEqualTo(200): null

2019-08-10 23:51:27 - [TEST_STEP][PASSED] - newline = System.getProperty("line.separator"): null

2019-08-10 23:51:27 - [TEST_STEP][PASSED] - M4_spin = new groovy.json.JsonSlurper(): null

2019-08-10 23:51:27 - [TEST_STEP][PASSED] - result_M4_spin = M4_spin.parseText(response.getResponseBodyContent()): null

2019-08-10 23:51:27 - [TEST_STEP][PASSED] - M4_spin_current_balance = current_balance: null

2019-08-10 23:51:27 - [TEST_STEP][PASSED] - M4_spin_current_balance = M4_spin_current_balance: null

2019-08-10 23:51:27 - [TEST_STEP][PASSED] - M4_spin_transaction_id = causality: null

2019-08-10 23:51:27 - [TEST_STEP][PASSED] - M4_spin_transaction_id = M4_spin_transaction_id: null

2019-08-10 23:51:27 - [TEST_STEP][PASSED] - M4_spin_round_id = round_id: null

2019-08-10 23:51:27 - [TEST_STEP][PASSED] - M4_spin_round_id = M4_spin_round_id: null

2019-08-10 23:51:27 - [TEST_STEP][PASSED] - M4_spin_line_wins = line_wins: null

2019-08-10 23:51:27 - [TEST_STEP][PASSED] - M4_spin_line_wins = M4_spin_line_wins: null

2019-08-10 23:51:27 - [TEST_STEP][PASSED] - M4_total_bonus_spins_int = total_bonus_spins: null

2019-08-10 23:51:27 - [TEST_STEP][PASSED] - println("******M4_total_bonus_spins type is:*******" + newline + getClass().getName()): null

2019-08-10 23:51:27 - [TEST_STEP][PASSED] - M4_total_bonus_spins_int = M4_total_bonus_spins_int: null

2019-08-10 23:51:27 - [TEST_STEP][PASSED] - M4_total_bonus_spins = Integer.toString(M4_total_bonus_spins_int): null

2019-08-10 23:51:27 - [TEST_STEP][PASSED] - M4_total_bonus_spins = M4_total_bonus_spins: null

2019-08-10 23:51:27 - [TEST_STEP][PASSED] - println("M4_total_bonus_spins is:" + M4_total_bonus_spins): null

2019-08-10 23:51:27 - [TEST_STEP][PASSED] - M4_spin_bonus_data = bonus_data: null

2019-08-10 23:51:27 - [TEST_STEP][PASSED] - M4_spin_features_triggered = result_M4_spin: null

2019-08-10 23:51:27 - [TEST_STEP][PASSED] - wild = []: null

2019-08-10 23:51:27 - [TEST_STEP][PASSED] - wild[0] = "WILD_Expanding": null

2019-08-10 23:51:27 - [TEST_STEP][PASSED] - wild[1] = "WILD_Normal": null

2019-08-10 23:51:27 - [TEST_STEP][PASSED] - wild[2] = "WILD_Double": null

2019-08-10 23:51:27 - [TEST_STEP][PASSED] - wild[3] = "WILD_ExtraFG": null

2019-08-10 23:51:27 - [TEST_STEP][PASSED] - wild[4] = "WILD_Triple": null

2019-08-10 23:51:27 - [TEST_STEP][PASSED] - wildList = Arrays.asList(wild): null

2019-08-10 23:51:27 - [TEST_STEP][PASSED] - wildList = wildList: null

2019-08-10 23:51:27 - [TEST_STEP][PASSED] - free_spin_reel_counter = []: null

2019-08-10 23:51:27 - [TEST_STEP][PASSED] - free_spin_reel_counter[0] = 0: null

2019-08-10 23:51:27 - [TEST_STEP][PASSED] - free_spin_reel_counter[1] = 0: null

2019-08-10 23:51:27 - [TEST_STEP][PASSED] - free_spin_reel_counter[2] = 0: null

2019-08-10 23:51:27 - [TEST_STEP][PASSED] - M4_spin_reels = reels: null

2019-08-10 23:51:27 - [TEST_STEP][PASSED] - for ([i = 0, i &lt; M4_spin_reels.size(), (i++)]): null

2019-08-10 23:51:27 - [TEST_STEP][PASSED] - symbols = symbols: null

2019-08-10 23:51:27 - [TEST_STEP][PASSED] - for ([j = 0, j &lt; symbols.size(), (j++)]): null

2019-08-10 23:51:27 - [TEST_STEP][PASSED] - symbol = symbol: null

2019-08-10 23:51:27 - [TEST_STEP][PASSED] - println(symbol): null

2019-08-10 23:51:27 - [TEST_STEP][PASSED] - if (i == 2 &amp;&amp; wildList.indexOf(symbol) != -1): null

2019-08-10 23:51:27 - [TEST_STEP][PASSED] - if (i == 3 &amp;&amp; wildList.indexOf(symbol) != -1): null

2019-08-10 23:51:27 - [TEST_STEP][PASSED] - if (i == 4 &amp;&amp; wildList.indexOf(symbol) != -1): null

2019-08-10 23:51:27 - [TEST_STEP][PASSED] - symbol = symbol: null

2019-08-10 23:51:27 - [TEST_STEP][PASSED] - println(symbol): null

2019-08-10 23:51:27 - [TEST_STEP][PASSED] - if (i == 2 &amp;&amp; wildList.indexOf(symbol) != -1): null

2019-08-10 23:51:27 - [TEST_STEP][PASSED] - if (i == 3 &amp;&amp; wildList.indexOf(symbol) != -1): null

2019-08-10 23:51:27 - [TEST_STEP][PASSED] - if (i == 4 &amp;&amp; wildList.indexOf(symbol) != -1): null

2019-08-10 23:51:27 - [TEST_STEP][PASSED] - symbol = symbol: null

2019-08-10 23:51:27 - [TEST_STEP][PASSED] - println(symbol): null

2019-08-10 23:51:27 - [TEST_STEP][PASSED] - if (i == 2 &amp;&amp; wildList.indexOf(symbol) != -1): null

2019-08-10 23:51:27 - [TEST_STEP][PASSED] - if (i == 3 &amp;&amp; wildList.indexOf(symbol) != -1): null

2019-08-10 23:51:27 - [TEST_STEP][PASSED] - if (i == 4 &amp;&amp; wildList.indexOf(symbol) != -1): null

2019-08-10 23:51:27 - [TEST_STEP][PASSED] - symbols = symbols: null

2019-08-10 23:51:27 - [TEST_STEP][PASSED] - for ([j = 0, j &lt; symbols.size(), (j++)]): null

2019-08-10 23:51:27 - [TEST_STEP][PASSED] - symbol = symbol: null

2019-08-10 23:51:27 - [TEST_STEP][PASSED] - println(symbol): null

2019-08-10 23:51:27 - [TEST_STEP][PASSED] - if (i == 2 &amp;&amp; wildList.indexOf(symbol) != -1): null

2019-08-10 23:51:27 - [TEST_STEP][PASSED] - if (i == 3 &amp;&amp; wildList.indexOf(symbol) != -1): null

2019-08-10 23:51:27 - [TEST_STEP][PASSED] - if (i == 4 &amp;&amp; wildList.indexOf(symbol) != -1): null

2019-08-10 23:51:27 - [TEST_STEP][PASSED] - symbol = symbol: null

2019-08-10 23:51:27 - [TEST_STEP][PASSED] - println(symbol): null

2019-08-10 23:51:27 - [TEST_STEP][PASSED] - if (i == 2 &amp;&amp; wildList.indexOf(symbol) != -1): null

2019-08-10 23:51:27 - [TEST_STEP][PASSED] - if (i == 3 &amp;&amp; wildList.indexOf(symbol) != -1): null

2019-08-10 23:51:27 - [TEST_STEP][PASSED] - if (i == 4 &amp;&amp; wildList.indexOf(symbol) != -1): null

2019-08-10 23:51:27 - [TEST_STEP][PASSED] - symbol = symbol: null

2019-08-10 23:51:27 - [TEST_STEP][PASSED] - println(symbol): null

2019-08-10 23:51:27 - [TEST_STEP][PASSED] - if (i == 2 &amp;&amp; wildList.indexOf(symbol) != -1): null

2019-08-10 23:51:27 - [TEST_STEP][PASSED] - if (i == 3 &amp;&amp; wildList.indexOf(symbol) != -1): null

2019-08-10 23:51:27 - [TEST_STEP][PASSED] - if (i == 4 &amp;&amp; wildList.indexOf(symbol) != -1): null

2019-08-10 23:51:27 - [TEST_STEP][PASSED] - symbols = symbols: null

2019-08-10 23:51:27 - [TEST_STEP][PASSED] - for ([j = 0, j &lt; symbols.size(), (j++)]): null

2019-08-10 23:51:27 - [TEST_STEP][PASSED] - symbol = symbol: null

2019-08-10 23:51:27 - [TEST_STEP][PASSED] - println(symbol): null

2019-08-10 23:51:27 - [TEST_STEP][PASSED] - if (i == 2 &amp;&amp; wildList.indexOf(symbol) != -1): null

2019-08-10 23:51:27 - [TEST_STEP][PASSED] - if (i == 3 &amp;&amp; wildList.indexOf(symbol) != -1): null

2019-08-10 23:51:27 - [TEST_STEP][PASSED] - if (i == 4 &amp;&amp; wildList.indexOf(symbol) != -1): null

2019-08-10 23:51:27 - [TEST_STEP][PASSED] - symbol = symbol: null

2019-08-10 23:51:27 - [TEST_STEP][PASSED] - println(symbol): null

2019-08-10 23:51:27 - [TEST_STEP][PASSED] - if (i == 2 &amp;&amp; wildList.indexOf(symbol) != -1): null

2019-08-10 23:51:27 - [TEST_STEP][PASSED] - println("wild found on reel 3, adding counter by 1"): null

2019-08-10 23:51:27 - [TEST_STEP][PASSED] - free_spin_reel_counter[0] = free_spin_reel_counter[0] + 1: null

2019-08-10 23:51:27 - [TEST_STEP][PASSED] - if (i == 3 &amp;&amp; wildList.indexOf(symbol) != -1): null

2019-08-10 23:51:27 - [TEST_STEP][PASSED] - if (i == 4 &amp;&amp; wildList.indexOf(symbol) != -1): null

2019-08-10 23:51:27 - [TEST_STEP][PASSED] - symbol = symbol: null

2019-08-10 23:51:27 - [TEST_STEP][PASSED] - println(symbol): null

2019-08-10 23:51:27 - [TEST_STEP][PASSED] - if (i == 2 &amp;&amp; wildList.indexOf(symbol) != -1): null

2019-08-10 23:51:27 - [TEST_STEP][PASSED] - if (i == 3 &amp;&amp; wildList.indexOf(symbol) != -1): null

2019-08-10 23:51:27 - [TEST_STEP][PASSED] - if (i == 4 &amp;&amp; wildList.indexOf(symbol) != -1): null

2019-08-10 23:51:27 - [TEST_STEP][PASSED] - symbols = symbols: null

2019-08-10 23:51:27 - [TEST_STEP][PASSED] - for ([j = 0, j &lt; symbols.size(), (j++)]): null

2019-08-10 23:51:27 - [TEST_STEP][PASSED] - symbol = symbol: null

2019-08-10 23:51:27 - [TEST_STEP][PASSED] - println(symbol): null

2019-08-10 23:51:27 - [TEST_STEP][PASSED] - if (i == 2 &amp;&amp; wildList.indexOf(symbol) != -1): null

2019-08-10 23:51:27 - [TEST_STEP][PASSED] - if (i == 3 &amp;&amp; wildList.indexOf(symbol) != -1): null

2019-08-10 23:51:27 - [TEST_STEP][PASSED] - if (i == 4 &amp;&amp; wildList.indexOf(symbol) != -1): null

2019-08-10 23:51:27 - [TEST_STEP][PASSED] - symbol = symbol: null

2019-08-10 23:51:27 - [TEST_STEP][PASSED] - println(symbol): null

2019-08-10 23:51:27 - [TEST_STEP][PASSED] - if (i == 2 &amp;&amp; wildList.indexOf(symbol) != -1): null

2019-08-10 23:51:27 - [TEST_STEP][PASSED] - if (i == 3 &amp;&amp; wildList.indexOf(symbol) != -1): null

2019-08-10 23:51:27 - [TEST_STEP][PASSED] - if (i == 4 &amp;&amp; wildList.indexOf(symbol) != -1): null

2019-08-10 23:51:27 - [TEST_STEP][PASSED] - symbol = symbol: null

2019-08-10 23:51:27 - [TEST_STEP][PASSED] - println(symbol): null

2019-08-10 23:51:27 - [TEST_STEP][PASSED] - if (i == 2 &amp;&amp; wildList.indexOf(symbol) != -1): null

2019-08-10 23:51:27 - [TEST_STEP][PASSED] - if (i == 3 &amp;&amp; wildList.indexOf(symbol) != -1): null

2019-08-10 23:51:27 - [TEST_STEP][PASSED] - if (i == 4 &amp;&amp; wildList.indexOf(symbol) != -1): null

2019-08-10 23:51:27 - [TEST_STEP][PASSED] - symbols = symbols: null

2019-08-10 23:51:27 - [TEST_STEP][PASSED] - for ([j = 0, j &lt; symbols.size(), (j++)]): null

2019-08-10 23:51:27 - [TEST_STEP][PASSED] - symbol = symbol: null

2019-08-10 23:51:27 - [TEST_STEP][PASSED] - println(symbol): null

2019-08-10 23:51:27 - [TEST_STEP][PASSED] - if (i == 2 &amp;&amp; wildList.indexOf(symbol) != -1): null

2019-08-10 23:51:27 - [TEST_STEP][PASSED] - if (i == 3 &amp;&amp; wildList.indexOf(symbol) != -1): null

2019-08-10 23:51:27 - [TEST_STEP][PASSED] - if (i == 4 &amp;&amp; wildList.indexOf(symbol) != -1): null

2019-08-10 23:51:27 - [TEST_STEP][PASSED] - symbol = symbol: null

2019-08-10 23:51:27 - [TEST_STEP][PASSED] - println(symbol): null

2019-08-10 23:51:27 - [TEST_STEP][PASSED] - if (i == 2 &amp;&amp; wildList.indexOf(symbol) != -1): null

2019-08-10 23:51:27 - [TEST_STEP][PASSED] - if (i == 3 &amp;&amp; wildList.indexOf(symbol) != -1): null

2019-08-10 23:51:27 - [TEST_STEP][PASSED] - if (i == 4 &amp;&amp; wildList.indexOf(symbol) != -1): null

2019-08-10 23:51:27 - [TEST_STEP][PASSED] - symbol = symbol: null

2019-08-10 23:51:27 - [TEST_STEP][PASSED] - println(symbol): null

2019-08-10 23:51:27 - [TEST_STEP][PASSED] - if (i == 2 &amp;&amp; wildList.indexOf(symbol) != -1): null

2019-08-10 23:51:27 - [TEST_STEP][PASSED] - if (i == 3 &amp;&amp; wildList.indexOf(symbol) != -1): null

2019-08-10 23:51:27 - [TEST_STEP][PASSED] - if (i == 4 &amp;&amp; wildList.indexOf(symbol) != -1): null

2019-08-10 23:51:27 - [TEST_STEP][PASSED] - free_spin_reel_counter = free_spin_reel_counter: null

2019-08-10 23:51:27 - [TEST_STEP][PASSED] - println("reel 3 wild found: " + free_spin_reel_counter[0]): null

2019-08-10 23:51:27 - [TEST_STEP][PASSED] - println("reel 4 wild found: " + free_spin_reel_counter[1]): null

2019-08-10 23:51:27 - [TEST_STEP][PASSED] - println("reel 5 wild found: " + free_spin_reel_counter[2]): null

2019-08-10 23:51:27 - [TEST_STEP][PASSED] - M4_spin_reels = M4_spin_reels: null

2019-08-10 23:51:27 - [TEST_STEP][PASSED] - M4_spin_reels_symbols = symbol: null

2019-08-10 23:51:27 - [TEST_STEP][PASSED] - M4_spin_reels_symbols = M4_spin_reels_symbols: null

2019-08-10 23:51:27 - [TEST_STEP][PASSED] - M4_spin_reel_wins = reel_wins: null

2019-08-10 23:51:27 - [TEST_STEP][PASSED] - M4_spin_reel_wins = M4_spin_reel_wins: null

2019-08-10 23:51:27 - [TEST_STEP][PASSED] - println("GlobalVariable.M4_spin_reel_wins is: " + M4_spin_reel_wins): null

2019-08-10 23:51:27 - [TEST_STEP][PASSED] - M4_spin_total_bonus_win_this_round = total_bonus_win_this_round: null

2019-08-10 23:51:27 - [TEST_STEP][PASSED] - M4_spin_total_bonus_win_this_round = M4_spin_total_bonus_win_this_round: null

2019-08-10 23:51:27 - [TEST_STEP][PASSED] - println("GlobalVariable.M4_spin_total_bonus_win_this_round is: " + M4_spin_total_bonus_win_this_round): null

2019-08-10 23:51:27 - [MESSAGE][PASSED] - Verify response successfully

2019-08-10 23:51:27 - [MESSAGE][PASSED] - Send request and verify the response successfully

2019-08-10 23:51:27 - [TEST_STEP][PASSED] - if (M4_total_bonus_spins_int != 0 &amp;&amp; M4_spin_reels_symbols[2].contains("WILD_ExtraFG") || M4_spin_reels_symbols[3].contains("WILD_ExtraFG")): null

2019-08-10 23:51:27 - [TEST_STEP][PASSED] - free_spin_reel_counter = free_spin_reel_counter: null

2019-08-10 23:51:27 - [TEST_STEP][PASSED] - M4_spin_reels_symbols = M4_spin_reels_symbols: null

2019-08-10 23:51:27 - [TEST_STEP][PASSED] - M4_total_bonus_spins = M4_total_bonus_spins: null

2019-08-10 23:51:27 - [TEST_STEP][PASSED] - spin_result = sendRequestAndVerify(findTestObject("RGS(M4)/1_M4_spin", ["M4_login_user_id":M4_login_user_id, "rgs_session_token":rgs_session_token, "partner":Partner])): Send request and verify the response successfully

2019-08-10 23:51:27 - [TEST_CASE][PASSED] - Start Test Case : Verification: Verification accomplished successfully

2019-08-10 23:51:27 - [TEST_STEP][PASSED] - request = getInstance().getCurrentRequest(): null

2019-08-10 23:51:27 - [TEST_STEP][PASSED] - response = getInstance().getCurrentResponse(): null

2019-08-10 23:51:27 - [TEST_STEP][PASSED] - verifyResponseStatusCode(response, 200): Verify response status code successfully

2019-08-10 23:51:27 - [MESSAGE][PASSED] - Verify response status code successfully

2019-08-10 23:51:27 - [TEST_STEP][PASSED] - getStatusCode()).isEqualTo(200): null

2019-08-10 23:51:27 - [TEST_STEP][PASSED] - newline = System.getProperty("line.separator"): null

2019-08-10 23:51:27 - [TEST_STEP][PASSED] - M4_spin = new groovy.json.JsonSlurper(): null

2019-08-10 23:51:27 - [TEST_STEP][PASSED] - result_M4_spin = M4_spin.parseText(response.getResponseBodyContent()): null

2019-08-10 23:51:27 - [TEST_STEP][PASSED] - M4_spin_current_balance = current_balance: null

2019-08-10 23:51:27 - [TEST_STEP][PASSED] - M4_spin_current_balance = M4_spin_current_balance: null

2019-08-10 23:51:27 - [TEST_STEP][PASSED] - M4_spin_transaction_id = causality: null

2019-08-10 23:51:27 - [TEST_STEP][PASSED] - M4_spin_transaction_id = M4_spin_transaction_id: null

2019-08-10 23:51:27 - [TEST_STEP][PASSED] - M4_spin_round_id = round_id: null

2019-08-10 23:51:27 - [TEST_STEP][PASSED] - M4_spin_round_id = M4_spin_round_id: null

2019-08-10 23:51:27 - [TEST_STEP][PASSED] - M4_spin_line_wins = line_wins: null

2019-08-10 23:51:27 - [TEST_STEP][PASSED] - M4_spin_line_wins = M4_spin_line_wins: null

2019-08-10 23:51:27 - [TEST_STEP][PASSED] - M4_total_bonus_spins_int = total_bonus_spins: null

2019-08-10 23:51:27 - [TEST_STEP][PASSED] - println("******M4_total_bonus_spins type is:*******" + newline + getClass().getName()): null

2019-08-10 23:51:27 - [TEST_STEP][PASSED] - M4_total_bonus_spins_int = M4_total_bonus_spins_int: null

2019-08-10 23:51:27 - [TEST_STEP][PASSED] - M4_total_bonus_spins = Integer.toString(M4_total_bonus_spins_int): null

2019-08-10 23:51:27 - [TEST_STEP][PASSED] - M4_total_bonus_spins = M4_total_bonus_spins: null

2019-08-10 23:51:27 - [TEST_STEP][PASSED] - println("M4_total_bonus_spins is:" + M4_total_bonus_spins): null

2019-08-10 23:51:27 - [TEST_STEP][PASSED] - M4_spin_bonus_data = bonus_data: null

2019-08-10 23:51:27 - [TEST_STEP][PASSED] - M4_spin_features_triggered = result_M4_spin: null

2019-08-10 23:51:27 - [TEST_STEP][PASSED] - wild = []: null

2019-08-10 23:51:27 - [TEST_STEP][PASSED] - wild[0] = "WILD_Expanding": null

2019-08-10 23:51:27 - [TEST_STEP][PASSED] - wild[1] = "WILD_Normal": null

2019-08-10 23:51:27 - [TEST_STEP][PASSED] - wild[2] = "WILD_Double": null

2019-08-10 23:51:27 - [TEST_STEP][PASSED] - wild[3] = "WILD_ExtraFG": null

2019-08-10 23:51:27 - [TEST_STEP][PASSED] - wild[4] = "WILD_Triple": null

2019-08-10 23:51:27 - [TEST_STEP][PASSED] - wildList = Arrays.asList(wild): null

2019-08-10 23:51:27 - [TEST_STEP][PASSED] - wildList = wildList: null

2019-08-10 23:51:27 - [TEST_STEP][PASSED] - free_spin_reel_counter = []: null

2019-08-10 23:51:27 - [TEST_STEP][PASSED] - free_spin_reel_counter[0] = 0: null

2019-08-10 23:51:27 - [TEST_STEP][PASSED] - free_spin_reel_counter[1] = 0: null

2019-08-10 23:51:27 - [TEST_STEP][PASSED] - free_spin_reel_counter[2] = 0: null

2019-08-10 23:51:27 - [TEST_STEP][PASSED] - M4_spin_reels = reels: null

2019-08-10 23:51:27 - [TEST_STEP][PASSED] - for ([i = 0, i &lt; M4_spin_reels.size(), (i++)]): null

2019-08-10 23:51:27 - [TEST_STEP][PASSED] - symbols = symbols: null

2019-08-10 23:51:27 - [TEST_STEP][PASSED] - for ([j = 0, j &lt; symbols.size(), (j++)]): null

2019-08-10 23:51:27 - [TEST_STEP][PASSED] - symbol = symbol: null

2019-08-10 23:51:27 - [TEST_STEP][PASSED] - println(symbol): null

2019-08-10 23:51:27 - [TEST_STEP][PASSED] - if (i == 2 &amp;&amp; wildList.indexOf(symbol) != -1): null

2019-08-10 23:51:27 - [TEST_STEP][PASSED] - if (i == 3 &amp;&amp; wildList.indexOf(symbol) != -1): null

2019-08-10 23:51:27 - [TEST_STEP][PASSED] - if (i == 4 &amp;&amp; wildList.indexOf(symbol) != -1): null

2019-08-10 23:51:27 - [TEST_STEP][PASSED] - symbol = symbol: null

2019-08-10 23:51:27 - [TEST_STEP][PASSED] - println(symbol): null

2019-08-10 23:51:27 - [TEST_STEP][PASSED] - if (i == 2 &amp;&amp; wildList.indexOf(symbol) != -1): null

2019-08-10 23:51:27 - [TEST_STEP][PASSED] - if (i == 3 &amp;&amp; wildList.indexOf(symbol) != -1): null

2019-08-10 23:51:27 - [TEST_STEP][PASSED] - if (i == 4 &amp;&amp; wildList.indexOf(symbol) != -1): null

2019-08-10 23:51:27 - [TEST_STEP][PASSED] - symbol = symbol: null

2019-08-10 23:51:27 - [TEST_STEP][PASSED] - println(symbol): null

2019-08-10 23:51:27 - [TEST_STEP][PASSED] - if (i == 2 &amp;&amp; wildList.indexOf(symbol) != -1): null

2019-08-10 23:51:27 - [TEST_STEP][PASSED] - if (i == 3 &amp;&amp; wildList.indexOf(symbol) != -1): null

2019-08-10 23:51:27 - [TEST_STEP][PASSED] - if (i == 4 &amp;&amp; wildList.indexOf(symbol) != -1): null

2019-08-10 23:51:27 - [TEST_STEP][PASSED] - symbols = symbols: null

2019-08-10 23:51:27 - [TEST_STEP][PASSED] - for ([j = 0, j &lt; symbols.size(), (j++)]): null

2019-08-10 23:51:27 - [TEST_STEP][PASSED] - symbol = symbol: null

2019-08-10 23:51:27 - [TEST_STEP][PASSED] - println(symbol): null

2019-08-10 23:51:27 - [TEST_STEP][PASSED] - if (i == 2 &amp;&amp; wildList.indexOf(symbol) != -1): null

2019-08-10 23:51:27 - [TEST_STEP][PASSED] - if (i == 3 &amp;&amp; wildList.indexOf(symbol) != -1): null

2019-08-10 23:51:27 - [TEST_STEP][PASSED] - if (i == 4 &amp;&amp; wildList.indexOf(symbol) != -1): null

2019-08-10 23:51:27 - [TEST_STEP][PASSED] - symbol = symbol: null

2019-08-10 23:51:27 - [TEST_STEP][PASSED] - println(symbol): null

2019-08-10 23:51:27 - [TEST_STEP][PASSED] - if (i == 2 &amp;&amp; wildList.indexOf(symbol) != -1): null

2019-08-10 23:51:27 - [TEST_STEP][PASSED] - if (i == 3 &amp;&amp; wildList.indexOf(symbol) != -1): null

2019-08-10 23:51:27 - [TEST_STEP][PASSED] - if (i == 4 &amp;&amp; wildList.indexOf(symbol) != -1): null

2019-08-10 23:51:27 - [TEST_STEP][PASSED] - symbol = symbol: null

2019-08-10 23:51:27 - [TEST_STEP][PASSED] - println(symbol): null

2019-08-10 23:51:27 - [TEST_STEP][PASSED] - if (i == 2 &amp;&amp; wildList.indexOf(symbol) != -1): null

2019-08-10 23:51:27 - [TEST_STEP][PASSED] - if (i == 3 &amp;&amp; wildList.indexOf(symbol) != -1): null

2019-08-10 23:51:27 - [TEST_STEP][PASSED] - if (i == 4 &amp;&amp; wildList.indexOf(symbol) != -1): null

2019-08-10 23:51:27 - [TEST_STEP][PASSED] - symbols = symbols: null

2019-08-10 23:51:27 - [TEST_STEP][PASSED] - for ([j = 0, j &lt; symbols.size(), (j++)]): null

2019-08-10 23:51:27 - [TEST_STEP][PASSED] - symbol = symbol: null

2019-08-10 23:51:27 - [TEST_STEP][PASSED] - println(symbol): null

2019-08-10 23:51:27 - [TEST_STEP][PASSED] - if (i == 2 &amp;&amp; wildList.indexOf(symbol) != -1): null

2019-08-10 23:51:27 - [TEST_STEP][PASSED] - if (i == 3 &amp;&amp; wildList.indexOf(symbol) != -1): null

2019-08-10 23:51:31 - [TEST_STEP][PASSED] - if (i == 4 &amp;&amp; wildList.indexOf(symbol) != -1): null

2019-08-10 23:51:31 - [TEST_STEP][PASSED] - symbol = symbol: null

2019-08-10 23:51:31 - [TEST_STEP][PASSED] - println(symbol): null

2019-08-10 23:51:31 - [TEST_STEP][PASSED] - if (i == 2 &amp;&amp; wildList.indexOf(symbol) != -1): null

2019-08-10 23:51:31 - [TEST_STEP][PASSED] - if (i == 3 &amp;&amp; wildList.indexOf(symbol) != -1): null

2019-08-10 23:51:31 - [TEST_STEP][PASSED] - if (i == 4 &amp;&amp; wildList.indexOf(symbol) != -1): null

2019-08-10 23:51:31 - [TEST_STEP][PASSED] - symbol = symbol: null

2019-08-10 23:51:31 - [TEST_STEP][PASSED] - println(symbol): null

2019-08-10 23:51:31 - [TEST_STEP][PASSED] - if (i == 2 &amp;&amp; wildList.indexOf(symbol) != -1): null

2019-08-10 23:51:31 - [TEST_STEP][PASSED] - if (i == 3 &amp;&amp; wildList.indexOf(symbol) != -1): null

2019-08-10 23:51:31 - [TEST_STEP][PASSED] - if (i == 4 &amp;&amp; wildList.indexOf(symbol) != -1): null

2019-08-10 23:51:34 - [TEST_STEP][PASSED] - symbols = symbols: null

2019-08-10 23:51:34 - [TEST_STEP][PASSED] - for ([j = 0, j &lt; symbols.size(), (j++)]): null

2019-08-10 23:51:34 - [TEST_STEP][PASSED] - symbol = symbol: null

2019-08-10 23:51:34 - [TEST_STEP][PASSED] - println(symbol): null

2019-08-10 23:51:34 - [TEST_STEP][PASSED] - if (i == 2 &amp;&amp; wildList.indexOf(symbol) != -1): null

2019-08-10 23:51:34 - [TEST_STEP][PASSED] - if (i == 3 &amp;&amp; wildList.indexOf(symbol) != -1): null

2019-08-10 23:51:34 - [TEST_STEP][PASSED] - println("wild found on reel 4, adding counter by 1"): null

2019-08-10 23:51:34 - [TEST_STEP][PASSED] - free_spin_reel_counter[1] = free_spin_reel_counter[1] + 1: null

2019-08-10 23:51:34 - [TEST_STEP][PASSED] - if (i == 4 &amp;&amp; wildList.indexOf(symbol) != -1): null

2019-08-10 23:51:34 - [TEST_STEP][PASSED] - symbol = symbol: null

2019-08-10 23:51:34 - [TEST_STEP][PASSED] - println(symbol): null

2019-08-10 23:51:34 - [TEST_STEP][PASSED] - if (i == 2 &amp;&amp; wildList.indexOf(symbol) != -1): null

2019-08-10 23:51:34 - [TEST_STEP][PASSED] - if (i == 3 &amp;&amp; wildList.indexOf(symbol) != -1): null

2019-08-10 23:51:34 - [TEST_STEP][PASSED] - if (i == 4 &amp;&amp; wildList.indexOf(symbol) != -1): null

2019-08-10 23:51:34 - [TEST_STEP][PASSED] - symbol = symbol: null

2019-08-10 23:51:34 - [TEST_STEP][PASSED] - println(symbol): null

2019-08-10 23:51:34 - [TEST_STEP][PASSED] - if (i == 2 &amp;&amp; wildList.indexOf(symbol) != -1): null

2019-08-10 23:51:34 - [TEST_STEP][PASSED] - if (i == 3 &amp;&amp; wildList.indexOf(symbol) != -1): null

2019-08-10 23:51:34 - [TEST_STEP][PASSED] - if (i == 4 &amp;&amp; wildList.indexOf(symbol) != -1): null

2019-08-10 23:51:34 - [TEST_STEP][PASSED] - symbols = symbols: null

2019-08-10 23:51:34 - [TEST_STEP][PASSED] - for ([j = 0, j &lt; symbols.size(), (j++)]): null

2019-08-10 23:51:34 - [TEST_STEP][PASSED] - symbol = symbol: null

2019-08-10 23:51:34 - [TEST_STEP][PASSED] - println(symbol): null

2019-08-10 23:51:34 - [TEST_STEP][PASSED] - if (i == 2 &amp;&amp; wildList.indexOf(symbol) != -1): null

2019-08-10 23:51:34 - [TEST_STEP][PASSED] - if (i == 3 &amp;&amp; wildList.indexOf(symbol) != -1): null

2019-08-10 23:51:34 - [TEST_STEP][PASSED] - if (i == 4 &amp;&amp; wildList.indexOf(symbol) != -1): null

2019-08-10 23:51:34 - [TEST_STEP][PASSED] - println("wild found on reel 5, adding counter by 1"): null

2019-08-10 23:51:34 - [TEST_STEP][PASSED] - free_spin_reel_counter[2] = free_spin_reel_counter[2] + 1: null

2019-08-10 23:51:34 - [TEST_STEP][PASSED] - symbol = symbol: null

2019-08-10 23:51:34 - [TEST_STEP][PASSED] - println(symbol): null

2019-08-10 23:51:34 - [TEST_STEP][PASSED] - if (i == 2 &amp;&amp; wildList.indexOf(symbol) != -1): null

2019-08-10 23:51:34 - [TEST_STEP][PASSED] - if (i == 3 &amp;&amp; wildList.indexOf(symbol) != -1): null

2019-08-10 23:51:34 - [TEST_STEP][PASSED] - if (i == 4 &amp;&amp; wildList.indexOf(symbol) != -1): null

2019-08-10 23:51:34 - [TEST_STEP][PASSED] - symbol = symbol: null

2019-08-10 23:51:34 - [TEST_STEP][PASSED] - println(symbol): null

2019-08-10 23:51:34 - [TEST_STEP][PASSED] - if (i == 2 &amp;&amp; wildList.indexOf(symbol) != -1): null

2019-08-10 23:51:34 - [TEST_STEP][PASSED] - if (i == 3 &amp;&amp; wildList.indexOf(symbol) != -1): null

2019-08-10 23:51:34 - [TEST_STEP][PASSED] - if (i == 4 &amp;&amp; wildList.indexOf(symbol) != -1): null

2019-08-10 23:51:34 - [TEST_STEP][PASSED] - free_spin_reel_counter = free_spin_reel_counter: null

2019-08-10 23:51:34 - [TEST_STEP][PASSED] - println("reel 3 wild found: " + free_spin_reel_counter[0]): null

2019-08-10 23:51:34 - [TEST_STEP][PASSED] - println("reel 4 wild found: " + free_spin_reel_counter[1]): null

2019-08-10 23:51:34 - [TEST_STEP][PASSED] - println("reel 5 wild found: " + free_spin_reel_counter[2]): null

2019-08-10 23:51:34 - [TEST_STEP][PASSED] - M4_spin_reels = M4_spin_reels: null

2019-08-10 23:51:34 - [TEST_STEP][PASSED] - M4_spin_reels_symbols = symbol: null

2019-08-10 23:51:34 - [TEST_STEP][PASSED] - M4_spin_reels_symbols = M4_spin_reels_symbols: null

2019-08-10 23:51:34 - [TEST_STEP][PASSED] - M4_spin_reel_wins = reel_wins: null

2019-08-10 23:51:34 - [TEST_STEP][PASSED] - M4_spin_reel_wins = M4_spin_reel_wins: null

2019-08-10 23:51:34 - [TEST_STEP][PASSED] - println("GlobalVariable.M4_spin_reel_wins is: " + M4_spin_reel_wins): null

2019-08-10 23:51:34 - [TEST_STEP][PASSED] - M4_spin_total_bonus_win_this_round = total_bonus_win_this_round: null

2019-08-10 23:51:34 - [TEST_STEP][PASSED] - M4_spin_total_bonus_win_this_round = M4_spin_total_bonus_win_this_round: null

2019-08-10 23:51:34 - [TEST_STEP][PASSED] - println("GlobalVariable.M4_spin_total_bonus_win_this_round is: " + M4_spin_total_bonus_win_this_round): null

2019-08-10 23:51:34 - [MESSAGE][PASSED] - Verify response successfully

2019-08-10 23:51:34 - [MESSAGE][PASSED] - Send request and verify the response successfully

2019-08-10 23:51:34 - [TEST_STEP][PASSED] - if (M4_total_bonus_spins_int != 0 &amp;&amp; M4_spin_reels_symbols[2].contains("WILD_ExtraFG") || M4_spin_reels_symbols[3].contains("WILD_ExtraFG")): null

2019-08-10 23:51:34 - [TEST_STEP][PASSED] - free_spin_reel_counter = free_spin_reel_counter: null

2019-08-10 23:51:34 - [TEST_STEP][PASSED] - M4_spin_reels_symbols = M4_spin_reels_symbols: null

2019-08-10 23:51:34 - [TEST_STEP][PASSED] - M4_total_bonus_spins = M4_total_bonus_spins: null

2019-08-10 23:51:34 - [TEST_STEP][PASSED] - spin_result = sendRequestAndVerify(findTestObject("RGS(M4)/1_M4_spin", ["M4_login_user_id":M4_login_user_id, "rgs_session_token":rgs_session_token, "partner":Partner])): Send request and verify the response successfully

2019-08-10 23:51:34 - [TEST_CASE][PASSED] - Start Test Case : Verification: Verification accomplished successfully

2019-08-10 23:51:34 - [TEST_STEP][PASSED] - request = getInstance().getCurrentRequest(): null

2019-08-10 23:51:34 - [TEST_STEP][PASSED] - response = getInstance().getCurrentResponse(): null

2019-08-10 23:51:34 - [TEST_STEP][PASSED] - verifyResponseStatusCode(response, 200): Verify response status code successfully

2019-08-10 23:51:34 - [MESSAGE][PASSED] - Verify response status code successfully

2019-08-10 23:51:34 - [TEST_STEP][PASSED] - getStatusCode()).isEqualTo(200): null

2019-08-10 23:51:34 - [TEST_STEP][PASSED] - newline = System.getProperty("line.separator"): null

2019-08-10 23:51:34 - [TEST_STEP][PASSED] - M4_spin = new groovy.json.JsonSlurper(): null

2019-08-10 23:51:34 - [TEST_STEP][PASSED] - result_M4_spin = M4_spin.parseText(response.getResponseBodyContent()): null

2019-08-10 23:51:34 - [TEST_STEP][PASSED] - M4_spin_current_balance = current_balance: null

2019-08-10 23:51:34 - [TEST_STEP][PASSED] - M4_spin_current_balance = M4_spin_current_balance: null

2019-08-10 23:51:34 - [TEST_STEP][PASSED] - M4_spin_transaction_id = causality: null

2019-08-10 23:51:34 - [TEST_STEP][PASSED] - M4_spin_transaction_id = M4_spin_transaction_id: null

2019-08-10 23:51:34 - [TEST_STEP][PASSED] - M4_spin_round_id = round_id: null

2019-08-10 23:51:34 - [TEST_STEP][PASSED] - M4_spin_round_id = M4_spin_round_id: null

2019-08-10 23:51:34 - [TEST_STEP][PASSED] - M4_spin_line_wins = line_wins: null

2019-08-10 23:51:34 - [TEST_STEP][PASSED] - M4_spin_line_wins = M4_spin_line_wins: null

2019-08-10 23:51:34 - [TEST_STEP][PASSED] - M4_total_bonus_spins_int = total_bonus_spins: null

2019-08-10 23:51:34 - [TEST_STEP][PASSED] - println("******M4_total_bonus_spins type is:*******" + newline + getClass().getName()): null

2019-08-10 23:51:34 - [TEST_STEP][PASSED] - M4_total_bonus_spins_int = M4_total_bonus_spins_int: null

2019-08-10 23:51:34 - [TEST_STEP][PASSED] - M4_total_bonus_spins = Integer.toString(M4_total_bonus_spins_int): null

2019-08-10 23:51:34 - [TEST_STEP][PASSED] - M4_total_bonus_spins = M4_total_bonus_spins: null

2019-08-10 23:51:34 - [TEST_STEP][PASSED] - println("M4_total_bonus_spins is:" + M4_total_bonus_spins): null

2019-08-10 23:51:34 - [TEST_STEP][PASSED] - M4_spin_bonus_data = bonus_data: null

2019-08-10 23:51:34 - [TEST_STEP][PASSED] - M4_spin_features_triggered = result_M4_spin: null

2019-08-10 23:51:34 - [TEST_STEP][PASSED] - wild = []: null

2019-08-10 23:51:34 - [TEST_STEP][PASSED] - wild[0] = "WILD_Expanding": null

2019-08-10 23:51:34 - [TEST_STEP][PASSED] - wild[1] = "WILD_Normal": null

2019-08-10 23:51:34 - [TEST_STEP][PASSED] - wild[2] = "WILD_Double": null

2019-08-10 23:51:34 - [TEST_STEP][PASSED] - wild[3] = "WILD_ExtraFG": null

2019-08-10 23:51:34 - [TEST_STEP][PASSED] - wild[4] = "WILD_Triple": null

2019-08-10 23:51:34 - [TEST_STEP][PASSED] - wildList = Arrays.asList(wild): null

2019-08-10 23:51:34 - [TEST_STEP][PASSED] - wildList = wildList: null

2019-08-10 23:51:34 - [TEST_STEP][PASSED] - free_spin_reel_counter = []: null

2019-08-10 23:51:34 - [TEST_STEP][PASSED] - free_spin_reel_counter[0] = 0: null

2019-08-10 23:51:34 - [TEST_STEP][PASSED] - free_spin_reel_counter[1] = 0: null

2019-08-10 23:51:34 - [TEST_STEP][PASSED] - free_spin_reel_counter[2] = 0: null

2019-08-10 23:51:34 - [TEST_STEP][PASSED] - M4_spin_reels = reels: null

2019-08-10 23:51:34 - [TEST_STEP][PASSED] - for ([i = 0, i &lt; M4_spin_reels.size(), (i++)]): null

2019-08-10 23:51:34 - [TEST_STEP][PASSED] - symbols = symbols: null

2019-08-10 23:51:34 - [TEST_STEP][PASSED] - for ([j = 0, j &lt; symbols.size(), (j++)]): null

2019-08-10 23:51:34 - [TEST_STEP][PASSED] - symbol = symbol: null

2019-08-10 23:51:34 - [TEST_STEP][PASSED] - println(symbol): null

2019-08-10 23:51:34 - [TEST_STEP][PASSED] - if (i == 2 &amp;&amp; wildList.indexOf(symbol) != -1): null

2019-08-10 23:51:34 - [TEST_STEP][PASSED] - if (i == 3 &amp;&amp; wildList.indexOf(symbol) != -1): null

2019-08-10 23:51:34 - [TEST_STEP][PASSED] - if (i == 4 &amp;&amp; wildList.indexOf(symbol) != -1): null

2019-08-10 23:51:34 - [TEST_STEP][PASSED] - symbol = symbol: null

2019-08-10 23:51:34 - [TEST_STEP][PASSED] - println(symbol): null

2019-08-10 23:51:34 - [TEST_STEP][PASSED] - if (i == 2 &amp;&amp; wildList.indexOf(symbol) != -1): null

2019-08-10 23:51:34 - [TEST_STEP][PASSED] - if (i == 3 &amp;&amp; wildList.indexOf(symbol) != -1): null

2019-08-10 23:51:34 - [TEST_STEP][PASSED] - if (i == 4 &amp;&amp; wildList.indexOf(symbol) != -1): null

2019-08-10 23:51:34 - [TEST_STEP][PASSED] - symbol = symbol: null

2019-08-10 23:51:34 - [TEST_STEP][PASSED] - println(symbol): null

2019-08-10 23:51:34 - [TEST_STEP][PASSED] - if (i == 2 &amp;&amp; wildList.indexOf(symbol) != -1): null

2019-08-10 23:51:34 - [TEST_STEP][PASSED] - if (i == 3 &amp;&amp; wildList.indexOf(symbol) != -1): null

2019-08-10 23:51:34 - [TEST_STEP][PASSED] - if (i == 4 &amp;&amp; wildList.indexOf(symbol) != -1): null

2019-08-10 23:51:34 - [TEST_STEP][PASSED] - symbols = symbols: null

2019-08-10 23:51:34 - [TEST_STEP][PASSED] - for ([j = 0, j &lt; symbols.size(), (j++)]): null

2019-08-10 23:51:34 - [TEST_STEP][PASSED] - symbol = symbol: null

2019-08-10 23:51:34 - [TEST_STEP][PASSED] - println(symbol): null

2019-08-10 23:51:34 - [TEST_STEP][PASSED] - if (i == 2 &amp;&amp; wildList.indexOf(symbol) != -1): null

2019-08-10 23:51:34 - [TEST_STEP][PASSED] - if (i == 3 &amp;&amp; wildList.indexOf(symbol) != -1): null

2019-08-10 23:51:34 - [TEST_STEP][PASSED] - if (i == 4 &amp;&amp; wildList.indexOf(symbol) != -1): null

2019-08-10 23:51:34 - [TEST_STEP][PASSED] - symbol = symbol: null

2019-08-10 23:51:34 - [TEST_STEP][PASSED] - println(symbol): null

2019-08-10 23:51:34 - [TEST_STEP][PASSED] - if (i == 2 &amp;&amp; wildList.indexOf(symbol) != -1): null

2019-08-10 23:51:34 - [TEST_STEP][PASSED] - if (i == 3 &amp;&amp; wildList.indexOf(symbol) != -1): null

2019-08-10 23:51:34 - [TEST_STEP][PASSED] - if (i == 4 &amp;&amp; wildList.indexOf(symbol) != -1): null

2019-08-10 23:51:34 - [TEST_STEP][PASSED] - symbol = symbol: null

2019-08-10 23:51:34 - [TEST_STEP][PASSED] - println(symbol): null

2019-08-10 23:51:34 - [TEST_STEP][PASSED] - if (i == 2 &amp;&amp; wildList.indexOf(symbol) != -1): null

2019-08-10 23:51:34 - [TEST_STEP][PASSED] - if (i == 3 &amp;&amp; wildList.indexOf(symbol) != -1): null

2019-08-10 23:51:34 - [TEST_STEP][PASSED] - if (i == 4 &amp;&amp; wildList.indexOf(symbol) != -1): null

2019-08-10 23:51:34 - [TEST_STEP][PASSED] - symbols = symbols: null

2019-08-10 23:51:34 - [TEST_STEP][PASSED] - for ([j = 0, j &lt; symbols.size(), (j++)]): null

2019-08-10 23:51:34 - [TEST_STEP][PASSED] - symbol = symbol: null

2019-08-10 23:51:34 - [TEST_STEP][PASSED] - println(symbol): null

2019-08-10 23:51:34 - [TEST_STEP][PASSED] - if (i == 2 &amp;&amp; wildList.indexOf(symbol) != -1): null

2019-08-10 23:51:34 - [TEST_STEP][PASSED] - if (i == 3 &amp;&amp; wildList.indexOf(symbol) != -1): null

2019-08-10 23:51:34 - [TEST_STEP][PASSED] - if (i == 4 &amp;&amp; wildList.indexOf(symbol) != -1): null

2019-08-10 23:51:34 - [TEST_STEP][PASSED] - symbol = symbol: null

2019-08-10 23:51:34 - [TEST_STEP][PASSED] - println(symbol): null

2019-08-10 23:51:34 - [TEST_STEP][PASSED] - if (i == 2 &amp;&amp; wildList.indexOf(symbol) != -1): null

2019-08-10 23:51:34 - [TEST_STEP][PASSED] - if (i == 3 &amp;&amp; wildList.indexOf(symbol) != -1): null

2019-08-10 23:51:34 - [TEST_STEP][PASSED] - if (i == 4 &amp;&amp; wildList.indexOf(symbol) != -1): null

2019-08-10 23:51:34 - [TEST_STEP][PASSED] - symbol = symbol: null

2019-08-10 23:51:34 - [TEST_STEP][PASSED] - println(symbol): null

2019-08-10 23:51:34 - [TEST_STEP][PASSED] - if (i == 2 &amp;&amp; wildList.indexOf(symbol) != -1): null

2019-08-10 23:51:34 - [TEST_STEP][PASSED] - if (i == 3 &amp;&amp; wildList.indexOf(symbol) != -1): null

2019-08-10 23:51:34 - [TEST_STEP][PASSED] - if (i == 4 &amp;&amp; wildList.indexOf(symbol) != -1): null

2019-08-10 23:51:34 - [TEST_STEP][PASSED] - symbols = symbols: null

2019-08-10 23:51:34 - [TEST_STEP][PASSED] - for ([j = 0, j &lt; symbols.size(), (j++)]): null

2019-08-10 23:51:34 - [TEST_STEP][PASSED] - symbol = symbol: null

2019-08-10 23:51:34 - [TEST_STEP][PASSED] - println(symbol): null

2019-08-10 23:51:34 - [TEST_STEP][PASSED] - if (i == 2 &amp;&amp; wildList.indexOf(symbol) != -1): null

2019-08-10 23:51:34 - [TEST_STEP][PASSED] - if (i == 3 &amp;&amp; wildList.indexOf(symbol) != -1): null

2019-08-10 23:51:34 - [TEST_STEP][PASSED] - if (i == 4 &amp;&amp; wildList.indexOf(symbol) != -1): null

2019-08-10 23:51:34 - [TEST_STEP][PASSED] - symbol = symbol: null

2019-08-10 23:51:34 - [TEST_STEP][PASSED] - println(symbol): null

2019-08-10 23:51:34 - [TEST_STEP][PASSED] - if (i == 2 &amp;&amp; wildList.indexOf(symbol) != -1): null

2019-08-10 23:51:34 - [TEST_STEP][PASSED] - if (i == 3 &amp;&amp; wildList.indexOf(symbol) != -1): null

2019-08-10 23:51:34 - [TEST_STEP][PASSED] - if (i == 4 &amp;&amp; wildList.indexOf(symbol) != -1): null

2019-08-10 23:51:34 - [TEST_STEP][PASSED] - symbol = symbol: null

2019-08-10 23:51:34 - [TEST_STEP][PASSED] - println(symbol): null

2019-08-10 23:51:34 - [TEST_STEP][PASSED] - if (i == 2 &amp;&amp; wildList.indexOf(symbol) != -1): null

2019-08-10 23:51:34 - [TEST_STEP][PASSED] - if (i == 3 &amp;&amp; wildList.indexOf(symbol) != -1): null

2019-08-10 23:51:34 - [TEST_STEP][PASSED] - if (i == 4 &amp;&amp; wildList.indexOf(symbol) != -1): null

2019-08-10 23:51:34 - [TEST_STEP][PASSED] - symbols = symbols: null

2019-08-10 23:51:34 - [TEST_STEP][PASSED] - for ([j = 0, j &lt; symbols.size(), (j++)]): null

2019-08-10 23:51:34 - [TEST_STEP][PASSED] - symbol = symbol: null

2019-08-10 23:51:34 - [TEST_STEP][PASSED] - println(symbol): null

2019-08-10 23:51:34 - [TEST_STEP][PASSED] - if (i == 2 &amp;&amp; wildList.indexOf(symbol) != -1): null

2019-08-10 23:51:34 - [TEST_STEP][PASSED] - if (i == 3 &amp;&amp; wildList.indexOf(symbol) != -1): null

2019-08-10 23:51:34 - [TEST_STEP][PASSED] - if (i == 4 &amp;&amp; wildList.indexOf(symbol) != -1): null

2019-08-10 23:51:34 - [TEST_STEP][PASSED] - symbol = symbol: null

2019-08-10 23:51:34 - [TEST_STEP][PASSED] - println(symbol): null

2019-08-10 23:51:34 - [TEST_STEP][PASSED] - if (i == 2 &amp;&amp; wildList.indexOf(symbol) != -1): null

2019-08-10 23:51:34 - [TEST_STEP][PASSED] - if (i == 3 &amp;&amp; wildList.indexOf(symbol) != -1): null

2019-08-10 23:51:34 - [TEST_STEP][PASSED] - if (i == 4 &amp;&amp; wildList.indexOf(symbol) != -1): null

2019-08-10 23:51:34 - [TEST_STEP][PASSED] - symbol = symbol: null

2019-08-10 23:51:34 - [TEST_STEP][PASSED] - println(symbol): null

2019-08-10 23:51:34 - [TEST_STEP][PASSED] - if (i == 2 &amp;&amp; wildList.indexOf(symbol) != -1): null

2019-08-10 23:51:34 - [TEST_STEP][PASSED] - if (i == 3 &amp;&amp; wildList.indexOf(symbol) != -1): null

2019-08-10 23:51:34 - [TEST_STEP][PASSED] - if (i == 4 &amp;&amp; wildList.indexOf(symbol) != -1): null

2019-08-10 23:51:34 - [TEST_STEP][PASSED] - free_spin_reel_counter = free_spin_reel_counter: null

2019-08-10 23:51:34 - [TEST_STEP][PASSED] - println("reel 3 wild found: " + free_spin_reel_counter[0]): null

2019-08-10 23:51:34 - [TEST_STEP][PASSED] - println("reel 4 wild found: " + free_spin_reel_counter[1]): null

2019-08-10 23:51:34 - [TEST_STEP][PASSED] - println("reel 5 wild found: " + free_spin_reel_counter[2]): null

2019-08-10 23:51:34 - [TEST_STEP][PASSED] - M4_spin_reels = M4_spin_reels: null

2019-08-10 23:51:34 - [TEST_STEP][PASSED] - M4_spin_reels_symbols = symbol: null

2019-08-10 23:51:34 - [TEST_STEP][PASSED] - M4_spin_reels_symbols = M4_spin_reels_symbols: null

2019-08-10 23:51:34 - [TEST_STEP][PASSED] - M4_spin_reel_wins = reel_wins: null

2019-08-10 23:51:34 - [TEST_STEP][PASSED] - M4_spin_reel_wins = M4_spin_reel_wins: null

2019-08-10 23:51:34 - [TEST_STEP][PASSED] - println("GlobalVariable.M4_spin_reel_wins is: " + M4_spin_reel_wins): null

2019-08-10 23:51:34 - [TEST_STEP][PASSED] - M4_spin_total_bonus_win_this_round = total_bonus_win_this_round: null

2019-08-10 23:51:34 - [TEST_STEP][PASSED] - M4_spin_total_bonus_win_this_round = M4_spin_total_bonus_win_this_round: null

2019-08-10 23:51:34 - [TEST_STEP][PASSED] - println("GlobalVariable.M4_spin_total_bonus_win_this_round is: " + M4_spin_total_bonus_win_this_round): null

2019-08-10 23:51:34 - [MESSAGE][PASSED] - Verify response successfully

2019-08-10 23:51:34 - [MESSAGE][PASSED] - Send request and verify the response successfully

2019-08-10 23:51:34 - [TEST_STEP][PASSED] - if (M4_total_bonus_spins_int != 0 &amp;&amp; M4_spin_reels_symbols[2].contains("WILD_ExtraFG") || M4_spin_reels_symbols[3].contains("WILD_ExtraFG")): null

2019-08-10 23:51:34 - [TEST_STEP][PASSED] - free_spin_reel_counter = free_spin_reel_counter: null

2019-08-10 23:51:34 - [TEST_STEP][PASSED] - M4_spin_reels_symbols = M4_spin_reels_symbols: null

2019-08-10 23:51:34 - [TEST_STEP][PASSED] - M4_total_bonus_spins = M4_total_bonus_spins: null

2019-08-10 23:51:34 - [TEST_STEP][PASSED] - spin_result = sendRequestAndVerify(findTestObject("RGS(M4)/1_M4_spin", ["M4_login_user_id":M4_login_user_id, "rgs_session_token":rgs_session_token, "partner":Partner])): Send request and verify the response successfully

2019-08-10 23:51:35 - [TEST_CASE][PASSED] - Start Test Case : Verification: Verification accomplished successfully

2019-08-10 23:51:35 - [TEST_STEP][PASSED] - request = getInstance().getCurrentRequest(): null

2019-08-10 23:51:35 - [TEST_STEP][PASSED] - response = getInstance().getCurrentResponse(): null

2019-08-10 23:51:35 - [TEST_STEP][PASSED] - verifyResponseStatusCode(response, 200): Verify response status code successfully

2019-08-10 23:51:35 - [MESSAGE][PASSED] - Verify response status code successfully

2019-08-10 23:51:35 - [TEST_STEP][PASSED] - getStatusCode()).isEqualTo(200): null

2019-08-10 23:51:35 - [TEST_STEP][PASSED] - newline = System.getProperty("line.separator"): null

2019-08-10 23:51:35 - [TEST_STEP][PASSED] - M4_spin = new groovy.json.JsonSlurper(): null

2019-08-10 23:51:35 - [TEST_STEP][PASSED] - result_M4_spin = M4_spin.parseText(response.getResponseBodyContent()): null

2019-08-10 23:51:35 - [TEST_STEP][PASSED] - M4_spin_current_balance = current_balance: null

2019-08-10 23:51:35 - [TEST_STEP][PASSED] - M4_spin_current_balance = M4_spin_current_balance: null

2019-08-10 23:51:35 - [TEST_STEP][PASSED] - M4_spin_transaction_id = causality: null

2019-08-10 23:51:35 - [TEST_STEP][PASSED] - M4_spin_transaction_id = M4_spin_transaction_id: null

2019-08-10 23:51:35 - [TEST_STEP][PASSED] - M4_spin_round_id = round_id: null

2019-08-10 23:51:35 - [TEST_STEP][PASSED] - M4_spin_round_id = M4_spin_round_id: null

2019-08-10 23:51:35 - [TEST_STEP][PASSED] - M4_spin_line_wins = line_wins: null

2019-08-10 23:51:35 - [TEST_STEP][PASSED] - M4_spin_line_wins = M4_spin_line_wins: null

2019-08-10 23:51:35 - [TEST_STEP][PASSED] - M4_total_bonus_spins_int = total_bonus_spins: null

2019-08-10 23:51:35 - [TEST_STEP][PASSED] - println("******M4_total_bonus_spins type is:*******" + newline + getClass().getName()): null

2019-08-10 23:51:35 - [TEST_STEP][PASSED] - M4_total_bonus_spins_int = M4_total_bonus_spins_int: null

2019-08-10 23:51:35 - [TEST_STEP][PASSED] - M4_total_bonus_spins = Integer.toString(M4_total_bonus_spins_int): null

2019-08-10 23:51:35 - [TEST_STEP][PASSED] - M4_total_bonus_spins = M4_total_bonus_spins: null

2019-08-10 23:51:35 - [TEST_STEP][PASSED] - println("M4_total_bonus_spins is:" + M4_total_bonus_spins): null

2019-08-10 23:51:35 - [TEST_STEP][PASSED] - M4_spin_bonus_data = bonus_data: null

2019-08-10 23:51:35 - [TEST_STEP][PASSED] - M4_spin_features_triggered = result_M4_spin: null

2019-08-10 23:51:35 - [TEST_STEP][PASSED] - wild = []: null

2019-08-10 23:51:35 - [TEST_STEP][PASSED] - wild[0] = "WILD_Expanding": null

2019-08-10 23:51:35 - [TEST_STEP][PASSED] - wild[1] = "WILD_Normal": null

2019-08-10 23:51:35 - [TEST_STEP][PASSED] - wild[2] = "WILD_Double": null

2019-08-10 23:51:35 - [TEST_STEP][PASSED] - wild[3] = "WILD_ExtraFG": null

2019-08-10 23:51:35 - [TEST_STEP][PASSED] - wild[4] = "WILD_Triple": null

2019-08-10 23:51:35 - [TEST_STEP][PASSED] - wildList = Arrays.asList(wild): null

2019-08-10 23:51:35 - [TEST_STEP][PASSED] - wildList = wildList: null

2019-08-10 23:51:35 - [TEST_STEP][PASSED] - free_spin_reel_counter = []: null

2019-08-10 23:51:35 - [TEST_STEP][PASSED] - free_spin_reel_counter[0] = 0: null

2019-08-10 23:51:35 - [TEST_STEP][PASSED] - free_spin_reel_counter[1] = 0: null

2019-08-10 23:51:35 - [TEST_STEP][PASSED] - free_spin_reel_counter[2] = 0: null

2019-08-10 23:51:35 - [TEST_STEP][PASSED] - M4_spin_reels = reels: null

2019-08-10 23:51:35 - [TEST_STEP][PASSED] - for ([i = 0, i &lt; M4_spin_reels.size(), (i++)]): null

2019-08-10 23:51:35 - [TEST_STEP][PASSED] - symbols = symbols: null

2019-08-10 23:51:35 - [TEST_STEP][PASSED] - for ([j = 0, j &lt; symbols.size(), (j++)]): null

2019-08-10 23:51:35 - [TEST_STEP][PASSED] - symbol = symbol: null

2019-08-10 23:51:35 - [TEST_STEP][PASSED] - println(symbol): null

2019-08-10 23:51:35 - [TEST_STEP][PASSED] - if (i == 2 &amp;&amp; wildList.indexOf(symbol) != -1): null

2019-08-10 23:51:35 - [TEST_STEP][PASSED] - if (i == 3 &amp;&amp; wildList.indexOf(symbol) != -1): null

2019-08-10 23:51:35 - [TEST_STEP][PASSED] - if (i == 4 &amp;&amp; wildList.indexOf(symbol) != -1): null

2019-08-10 23:51:35 - [TEST_STEP][PASSED] - symbol = symbol: null

2019-08-10 23:51:35 - [TEST_STEP][PASSED] - println(symbol): null

2019-08-10 23:51:35 - [TEST_STEP][PASSED] - if (i == 2 &amp;&amp; wildList.indexOf(symbol) != -1): null

2019-08-10 23:51:35 - [TEST_STEP][PASSED] - if (i == 3 &amp;&amp; wildList.indexOf(symbol) != -1): null

2019-08-10 23:51:35 - [TEST_STEP][PASSED] - if (i == 4 &amp;&amp; wildList.indexOf(symbol) != -1): null

2019-08-10 23:51:35 - [TEST_STEP][PASSED] - symbol = symbol: null

2019-08-10 23:51:35 - [TEST_STEP][PASSED] - println(symbol): null

2019-08-10 23:51:35 - [TEST_STEP][PASSED] - if (i == 2 &amp;&amp; wildList.indexOf(symbol) != -1): null

2019-08-10 23:51:35 - [TEST_STEP][PASSED] - if (i == 3 &amp;&amp; wildList.indexOf(symbol) != -1): null

2019-08-10 23:51:35 - [TEST_STEP][PASSED] - if (i == 4 &amp;&amp; wildList.indexOf(symbol) != -1): null

2019-08-10 23:51:35 - [TEST_STEP][PASSED] - symbols = symbols: null

2019-08-10 23:51:35 - [TEST_STEP][PASSED] - for ([j = 0, j &lt; symbols.size(), (j++)]): null

2019-08-10 23:51:35 - [TEST_STEP][PASSED] - symbol = symbol: null

2019-08-10 23:51:35 - [TEST_STEP][PASSED] - println(symbol): null

2019-08-10 23:51:35 - [TEST_STEP][PASSED] - if (i == 2 &amp;&amp; wildList.indexOf(symbol) != -1): null

2019-08-10 23:51:35 - [TEST_STEP][PASSED] - if (i == 3 &amp;&amp; wildList.indexOf(symbol) != -1): null

2019-08-10 23:51:35 - [TEST_STEP][PASSED] - if (i == 4 &amp;&amp; wildList.indexOf(symbol) != -1): null

2019-08-10 23:51:35 - [TEST_STEP][PASSED] - symbol = symbol: null

2019-08-10 23:51:35 - [TEST_STEP][PASSED] - println(symbol): null

2019-08-10 23:51:35 - [TEST_STEP][PASSED] - if (i == 2 &amp;&amp; wildList.indexOf(symbol) != -1): null

2019-08-10 23:51:35 - [TEST_STEP][PASSED] - if (i == 3 &amp;&amp; wildList.indexOf(symbol) != -1): null

2019-08-10 23:51:35 - [TEST_STEP][PASSED] - if (i == 4 &amp;&amp; wildList.indexOf(symbol) != -1): null

2019-08-10 23:51:35 - [TEST_STEP][PASSED] - symbol = symbol: null

2019-08-10 23:51:35 - [TEST_STEP][PASSED] - println(symbol): null

2019-08-10 23:51:35 - [TEST_STEP][PASSED] - if (i == 2 &amp;&amp; wildList.indexOf(symbol) != -1): null

2019-08-10 23:51:35 - [TEST_STEP][PASSED] - if (i == 3 &amp;&amp; wildList.indexOf(symbol) != -1): null

2019-08-10 23:51:35 - [TEST_STEP][PASSED] - if (i == 4 &amp;&amp; wildList.indexOf(symbol) != -1): null

2019-08-10 23:51:35 - [TEST_STEP][PASSED] - symbols = symbols: null

2019-08-10 23:51:35 - [TEST_STEP][PASSED] - for ([j = 0, j &lt; symbols.size(), (j++)]): null

2019-08-10 23:51:35 - [TEST_STEP][PASSED] - symbol = symbol: null

2019-08-10 23:51:35 - [TEST_STEP][PASSED] - println(symbol): null

2019-08-10 23:51:35 - [TEST_STEP][PASSED] - if (i == 2 &amp;&amp; wildList.indexOf(symbol) != -1): null

2019-08-10 23:51:35 - [TEST_STEP][PASSED] - if (i == 3 &amp;&amp; wildList.indexOf(symbol) != -1): null

2019-08-10 23:51:35 - [TEST_STEP][PASSED] - if (i == 4 &amp;&amp; wildList.indexOf(symbol) != -1): null

2019-08-10 23:51:35 - [TEST_STEP][PASSED] - symbol = symbol: null

2019-08-10 23:51:35 - [TEST_STEP][PASSED] - println(symbol): null

2019-08-10 23:51:35 - [TEST_STEP][PASSED] - if (i == 2 &amp;&amp; wildList.indexOf(symbol) != -1): null

2019-08-10 23:51:35 - [TEST_STEP][PASSED] - if (i == 3 &amp;&amp; wildList.indexOf(symbol) != -1): null

2019-08-10 23:51:35 - [TEST_STEP][PASSED] - if (i == 4 &amp;&amp; wildList.indexOf(symbol) != -1): null

2019-08-10 23:51:35 - [TEST_STEP][PASSED] - symbol = symbol: null

2019-08-10 23:51:35 - [TEST_STEP][PASSED] - println(symbol): null

2019-08-10 23:51:35 - [TEST_STEP][PASSED] - if (i == 2 &amp;&amp; wildList.indexOf(symbol) != -1): null

2019-08-10 23:51:35 - [TEST_STEP][PASSED] - if (i == 3 &amp;&amp; wildList.indexOf(symbol) != -1): null

2019-08-10 23:51:35 - [TEST_STEP][PASSED] - if (i == 4 &amp;&amp; wildList.indexOf(symbol) != -1): null

2019-08-10 23:51:35 - [TEST_STEP][PASSED] - symbols = symbols: null

2019-08-10 23:51:35 - [TEST_STEP][PASSED] - for ([j = 0, j &lt; symbols.size(), (j++)]): null

2019-08-10 23:51:35 - [TEST_STEP][PASSED] - symbol = symbol: null

2019-08-10 23:51:35 - [TEST_STEP][PASSED] - println(symbol): null

2019-08-10 23:51:35 - [TEST_STEP][PASSED] - if (i == 2 &amp;&amp; wildList.indexOf(symbol) != -1): null

2019-08-10 23:51:35 - [TEST_STEP][PASSED] - if (i == 3 &amp;&amp; wildList.indexOf(symbol) != -1): null

2019-08-10 23:51:35 - [TEST_STEP][PASSED] - if (i == 4 &amp;&amp; wildList.indexOf(symbol) != -1): null

2019-08-10 23:51:35 - [TEST_STEP][PASSED] - symbol = symbol: null

2019-08-10 23:51:35 - [TEST_STEP][PASSED] - println(symbol): null

2019-08-10 23:51:35 - [TEST_STEP][PASSED] - if (i == 2 &amp;&amp; wildList.indexOf(symbol) != -1): null

2019-08-10 23:51:35 - [TEST_STEP][PASSED] - if (i == 3 &amp;&amp; wildList.indexOf(symbol) != -1): null

2019-08-10 23:51:35 - [TEST_STEP][PASSED] - println("wild found on reel 4, adding counter by 1"): null

2019-08-10 23:51:35 - [TEST_STEP][PASSED] - free_spin_reel_counter[1] = free_spin_reel_counter[1] + 1: null

2019-08-10 23:51:35 - [TEST_STEP][PASSED] - if (i == 4 &amp;&amp; wildList.indexOf(symbol) != -1): null

2019-08-10 23:51:35 - [TEST_STEP][PASSED] - symbol = symbol: null

2019-08-10 23:51:35 - [TEST_STEP][PASSED] - println(symbol): null

2019-08-10 23:51:35 - [TEST_STEP][PASSED] - if (i == 2 &amp;&amp; wildList.indexOf(symbol) != -1): null

2019-08-10 23:51:35 - [TEST_STEP][PASSED] - if (i == 3 &amp;&amp; wildList.indexOf(symbol) != -1): null

2019-08-10 23:51:35 - [TEST_STEP][PASSED] - if (i == 4 &amp;&amp; wildList.indexOf(symbol) != -1): null

2019-08-10 23:51:35 - [TEST_STEP][PASSED] - symbols = symbols: null

2019-08-10 23:51:35 - [TEST_STEP][PASSED] - for ([j = 0, j &lt; symbols.size(), (j++)]): null

2019-08-10 23:51:35 - [TEST_STEP][PASSED] - symbol = symbol: null

2019-08-10 23:51:35 - [TEST_STEP][PASSED] - println(symbol): null

2019-08-10 23:51:35 - [TEST_STEP][PASSED] - if (i == 2 &amp;&amp; wildList.indexOf(symbol) != -1): null

2019-08-10 23:51:35 - [TEST_STEP][PASSED] - if (i == 3 &amp;&amp; wildList.indexOf(symbol) != -1): null

2019-08-10 23:51:35 - [TEST_STEP][PASSED] - if (i == 4 &amp;&amp; wildList.indexOf(symbol) != -1): null

2019-08-10 23:51:35 - [TEST_STEP][PASSED] - symbol = symbol: null

2019-08-10 23:51:35 - [TEST_STEP][PASSED] - println(symbol): null

2019-08-10 23:51:35 - [TEST_STEP][PASSED] - if (i == 2 &amp;&amp; wildList.indexOf(symbol) != -1): null

2019-08-10 23:51:35 - [TEST_STEP][PASSED] - if (i == 3 &amp;&amp; wildList.indexOf(symbol) != -1): null

2019-08-10 23:51:39 - [TEST_STEP][PASSED] - if (i == 4 &amp;&amp; wildList.indexOf(symbol) != -1): null

2019-08-10 23:51:39 - [TEST_STEP][PASSED] - symbol = symbol: null

2019-08-10 23:51:39 - [TEST_STEP][PASSED] - println(symbol): null

2019-08-10 23:51:39 - [TEST_STEP][PASSED] - if (i == 2 &amp;&amp; wildList.indexOf(symbol) != -1): null

2019-08-10 23:51:39 - [TEST_STEP][PASSED] - if (i == 3 &amp;&amp; wildList.indexOf(symbol) != -1): null

2019-08-10 23:51:39 - [TEST_STEP][PASSED] - if (i == 4 &amp;&amp; wildList.indexOf(symbol) != -1): null

2019-08-10 23:51:39 - [TEST_STEP][PASSED] - free_spin_reel_counter = free_spin_reel_counter: null

2019-08-10 23:51:39 - [TEST_STEP][PASSED] - println("reel 3 wild found: " + free_spin_reel_counter[0]): null

2019-08-10 23:51:39 - [TEST_STEP][PASSED] - println("reel 4 wild found: " + free_spin_reel_counter[1]): null

2019-08-10 23:51:42 - [TEST_STEP][PASSED] - println("reel 5 wild found: " + free_spin_reel_counter[2]): null

2019-08-10 23:51:42 - [TEST_STEP][PASSED] - M4_spin_reels = M4_spin_reels: null

2019-08-10 23:51:42 - [TEST_STEP][PASSED] - M4_spin_reels_symbols = symbol: null

2019-08-10 23:51:42 - [TEST_STEP][PASSED] - M4_spin_reels_symbols = M4_spin_reels_symbols: null

2019-08-10 23:51:42 - [TEST_STEP][PASSED] - M4_spin_reel_wins = reel_wins: null

2019-08-10 23:51:42 - [TEST_STEP][PASSED] - M4_spin_reel_wins = M4_spin_reel_wins: null

2019-08-10 23:51:42 - [TEST_STEP][PASSED] - println("GlobalVariable.M4_spin_reel_wins is: " + M4_spin_reel_wins): null

2019-08-10 23:51:42 - [TEST_STEP][PASSED] - M4_spin_total_bonus_win_this_round = total_bonus_win_this_round: null

2019-08-10 23:51:42 - [TEST_STEP][PASSED] - M4_spin_total_bonus_win_this_round = M4_spin_total_bonus_win_this_round: null

2019-08-10 23:51:42 - [TEST_STEP][PASSED] - println("GlobalVariable.M4_spin_total_bonus_win_this_round is: " + M4_spin_total_bonus_win_this_round): null

2019-08-10 23:51:42 - [MESSAGE][PASSED] - Verify response successfully

2019-08-10 23:51:42 - [MESSAGE][PASSED] - Send request and verify the response successfully

2019-08-10 23:51:42 - [TEST_STEP][PASSED] - if (M4_total_bonus_spins_int != 0 &amp;&amp; M4_spin_reels_symbols[2].contains("WILD_ExtraFG") || M4_spin_reels_symbols[3].contains("WILD_ExtraFG")): null

2019-08-10 23:51:42 - [TEST_STEP][PASSED] - free_spin_reel_counter = free_spin_reel_counter: null

2019-08-10 23:51:42 - [TEST_STEP][PASSED] - M4_spin_reels_symbols = M4_spin_reels_symbols: null

2019-08-10 23:51:42 - [TEST_STEP][PASSED] - M4_total_bonus_spins = M4_total_bonus_spins: null

2019-08-10 23:51:42 - [TEST_STEP][PASSED] - spin_result = sendRequestAndVerify(findTestObject("RGS(M4)/1_M4_spin", ["M4_login_user_id":M4_login_user_id, "rgs_session_token":rgs_session_token, "partner":Partner])): Send request and verify the response successfully

2019-08-10 23:51:42 - [TEST_CASE][PASSED] - Start Test Case : Verification: Verification accomplished successfully

2019-08-10 23:51:42 - [TEST_STEP][PASSED] - request = getInstance().getCurrentRequest(): null

2019-08-10 23:51:43 - [TEST_STEP][PASSED] - response = getInstance().getCurrentResponse(): null

2019-08-10 23:51:43 - [TEST_STEP][PASSED] - verifyResponseStatusCode(response, 200): Verify response status code successfully

2019-08-10 23:51:43 - [MESSAGE][PASSED] - Verify response status code successfully

2019-08-10 23:51:43 - [TEST_STEP][PASSED] - getStatusCode()).isEqualTo(200): null

2019-08-10 23:51:43 - [TEST_STEP][PASSED] - newline = System.getProperty("line.separator"): null

2019-08-10 23:51:43 - [TEST_STEP][PASSED] - M4_spin = new groovy.json.JsonSlurper(): null

2019-08-10 23:51:43 - [TEST_STEP][PASSED] - result_M4_spin = M4_spin.parseText(response.getResponseBodyContent()): null

2019-08-10 23:51:43 - [TEST_STEP][PASSED] - M4_spin_current_balance = current_balance: null

2019-08-10 23:51:43 - [TEST_STEP][PASSED] - M4_spin_current_balance = M4_spin_current_balance: null

2019-08-10 23:51:43 - [TEST_STEP][PASSED] - M4_spin_transaction_id = causality: null

2019-08-10 23:51:43 - [TEST_STEP][PASSED] - M4_spin_transaction_id = M4_spin_transaction_id: null

2019-08-10 23:51:43 - [TEST_STEP][PASSED] - M4_spin_round_id = round_id: null

2019-08-10 23:51:43 - [TEST_STEP][PASSED] - M4_spin_round_id = M4_spin_round_id: null

2019-08-10 23:51:43 - [TEST_STEP][PASSED] - M4_spin_line_wins = line_wins: null

2019-08-10 23:51:43 - [TEST_STEP][PASSED] - M4_spin_line_wins = M4_spin_line_wins: null

2019-08-10 23:51:43 - [TEST_STEP][PASSED] - M4_total_bonus_spins_int = total_bonus_spins: null

2019-08-10 23:51:43 - [TEST_STEP][PASSED] - println("******M4_total_bonus_spins type is:*******" + newline + getClass().getName()): null

2019-08-10 23:51:43 - [TEST_STEP][PASSED] - M4_total_bonus_spins_int = M4_total_bonus_spins_int: null

2019-08-10 23:51:43 - [TEST_STEP][PASSED] - M4_total_bonus_spins = Integer.toString(M4_total_bonus_spins_int): null

2019-08-10 23:51:43 - [TEST_STEP][PASSED] - M4_total_bonus_spins = M4_total_bonus_spins: null

2019-08-10 23:51:43 - [TEST_STEP][PASSED] - println("M4_total_bonus_spins is:" + M4_total_bonus_spins): null

2019-08-10 23:51:43 - [TEST_STEP][PASSED] - M4_spin_bonus_data = bonus_data: null

2019-08-10 23:51:43 - [TEST_STEP][PASSED] - M4_spin_features_triggered = result_M4_spin: null

2019-08-10 23:51:43 - [TEST_STEP][PASSED] - wild = []: null

2019-08-10 23:51:43 - [TEST_STEP][PASSED] - wild[0] = "WILD_Expanding": null

2019-08-10 23:51:43 - [TEST_STEP][PASSED] - wild[1] = "WILD_Normal": null

2019-08-10 23:51:43 - [TEST_STEP][PASSED] - wild[2] = "WILD_Double": null

2019-08-10 23:51:43 - [TEST_STEP][PASSED] - wild[3] = "WILD_ExtraFG": null

2019-08-10 23:51:43 - [TEST_STEP][PASSED] - wild[4] = "WILD_Triple": null

2019-08-10 23:51:43 - [TEST_STEP][PASSED] - wildList = Arrays.asList(wild): null

2019-08-10 23:51:43 - [TEST_STEP][PASSED] - wildList = wildList: null

2019-08-10 23:51:43 - [TEST_STEP][PASSED] - free_spin_reel_counter = []: null

2019-08-10 23:51:43 - [TEST_STEP][PASSED] - free_spin_reel_counter[0] = 0: null

2019-08-10 23:51:43 - [TEST_STEP][PASSED] - free_spin_reel_counter[1] = 0: null

2019-08-10 23:51:43 - [TEST_STEP][PASSED] - free_spin_reel_counter[2] = 0: null

2019-08-10 23:51:43 - [TEST_STEP][PASSED] - M4_spin_reels = reels: null

2019-08-10 23:51:43 - [TEST_STEP][PASSED] - for ([i = 0, i &lt; M4_spin_reels.size(), (i++)]): null

2019-08-10 23:51:43 - [TEST_STEP][PASSED] - symbols = symbols: null

2019-08-10 23:51:43 - [TEST_STEP][PASSED] - for ([j = 0, j &lt; symbols.size(), (j++)]): null

2019-08-10 23:51:43 - [TEST_STEP][PASSED] - symbol = symbol: null

2019-08-10 23:51:43 - [TEST_STEP][PASSED] - println(symbol): null

2019-08-10 23:51:43 - [TEST_STEP][PASSED] - if (i == 2 &amp;&amp; wildList.indexOf(symbol) != -1): null

2019-08-10 23:51:43 - [TEST_STEP][PASSED] - if (i == 3 &amp;&amp; wildList.indexOf(symbol) != -1): null

2019-08-10 23:51:43 - [TEST_STEP][PASSED] - if (i == 4 &amp;&amp; wildList.indexOf(symbol) != -1): null

2019-08-10 23:51:43 - [TEST_STEP][PASSED] - symbol = symbol: null

2019-08-10 23:51:43 - [TEST_STEP][PASSED] - println(symbol): null

2019-08-10 23:51:43 - [TEST_STEP][PASSED] - if (i == 2 &amp;&amp; wildList.indexOf(symbol) != -1): null

2019-08-10 23:51:43 - [TEST_STEP][PASSED] - if (i == 3 &amp;&amp; wildList.indexOf(symbol) != -1): null

2019-08-10 23:51:43 - [TEST_STEP][PASSED] - if (i == 4 &amp;&amp; wildList.indexOf(symbol) != -1): null

2019-08-10 23:51:43 - [TEST_STEP][PASSED] - symbol = symbol: null

2019-08-10 23:51:43 - [TEST_STEP][PASSED] - println(symbol): null

2019-08-10 23:51:43 - [TEST_STEP][PASSED] - if (i == 2 &amp;&amp; wildList.indexOf(symbol) != -1): null

2019-08-10 23:51:43 - [TEST_STEP][PASSED] - if (i == 3 &amp;&amp; wildList.indexOf(symbol) != -1): null

2019-08-10 23:51:43 - [TEST_STEP][PASSED] - if (i == 4 &amp;&amp; wildList.indexOf(symbol) != -1): null

2019-08-10 23:51:43 - [TEST_STEP][PASSED] - symbols = symbols: null

2019-08-10 23:51:43 - [TEST_STEP][PASSED] - for ([j = 0, j &lt; symbols.size(), (j++)]): null

2019-08-10 23:51:43 - [TEST_STEP][PASSED] - symbol = symbol: null

2019-08-10 23:51:43 - [TEST_STEP][PASSED] - println(symbol): null

2019-08-10 23:51:43 - [TEST_STEP][PASSED] - if (i == 2 &amp;&amp; wildList.indexOf(symbol) != -1): null

2019-08-10 23:51:43 - [TEST_STEP][PASSED] - if (i == 3 &amp;&amp; wildList.indexOf(symbol) != -1): null

2019-08-10 23:51:43 - [TEST_STEP][PASSED] - if (i == 4 &amp;&amp; wildList.indexOf(symbol) != -1): null

2019-08-10 23:51:43 - [TEST_STEP][PASSED] - symbol = symbol: null

2019-08-10 23:51:43 - [TEST_STEP][PASSED] - println(symbol): null

2019-08-10 23:51:43 - [TEST_STEP][PASSED] - if (i == 2 &amp;&amp; wildList.indexOf(symbol) != -1): null

2019-08-10 23:51:43 - [TEST_STEP][PASSED] - if (i == 3 &amp;&amp; wildList.indexOf(symbol) != -1): null

2019-08-10 23:51:43 - [TEST_STEP][PASSED] - if (i == 4 &amp;&amp; wildList.indexOf(symbol) != -1): null

2019-08-10 23:51:43 - [TEST_STEP][PASSED] - symbol = symbol: null

2019-08-10 23:51:43 - [TEST_STEP][PASSED] - println(symbol): null

2019-08-10 23:51:43 - [TEST_STEP][PASSED] - if (i == 2 &amp;&amp; wildList.indexOf(symbol) != -1): null

2019-08-10 23:51:43 - [TEST_STEP][PASSED] - if (i == 3 &amp;&amp; wildList.indexOf(symbol) != -1): null

2019-08-10 23:51:43 - [TEST_STEP][PASSED] - if (i == 4 &amp;&amp; wildList.indexOf(symbol) != -1): null

2019-08-10 23:51:43 - [TEST_STEP][PASSED] - symbols = symbols: null

2019-08-10 23:51:43 - [TEST_STEP][PASSED] - for ([j = 0, j &lt; symbols.size(), (j++)]): null

2019-08-10 23:51:43 - [TEST_STEP][PASSED] - symbol = symbol: null

2019-08-10 23:51:43 - [TEST_STEP][PASSED] - println(symbol): null

2019-08-10 23:51:43 - [TEST_STEP][PASSED] - if (i == 2 &amp;&amp; wildList.indexOf(symbol) != -1): null

2019-08-10 23:51:43 - [TEST_STEP][PASSED] - if (i == 3 &amp;&amp; wildList.indexOf(symbol) != -1): null

2019-08-10 23:51:43 - [TEST_STEP][PASSED] - if (i == 4 &amp;&amp; wildList.indexOf(symbol) != -1): null

2019-08-10 23:51:43 - [TEST_STEP][PASSED] - symbol = symbol: null

2019-08-10 23:51:43 - [TEST_STEP][PASSED] - println(symbol): null

2019-08-10 23:51:43 - [TEST_STEP][PASSED] - if (i == 2 &amp;&amp; wildList.indexOf(symbol) != -1): null

2019-08-10 23:51:43 - [TEST_STEP][PASSED] - if (i == 3 &amp;&amp; wildList.indexOf(symbol) != -1): null

2019-08-10 23:51:43 - [TEST_STEP][PASSED] - if (i == 4 &amp;&amp; wildList.indexOf(symbol) != -1): null

2019-08-10 23:51:43 - [TEST_STEP][PASSED] - symbol = symbol: null

2019-08-10 23:51:43 - [TEST_STEP][PASSED] - println(symbol): null

2019-08-10 23:51:43 - [TEST_STEP][PASSED] - if (i == 2 &amp;&amp; wildList.indexOf(symbol) != -1): null

2019-08-10 23:51:43 - [TEST_STEP][PASSED] - if (i == 3 &amp;&amp; wildList.indexOf(symbol) != -1): null

2019-08-10 23:51:43 - [TEST_STEP][PASSED] - if (i == 4 &amp;&amp; wildList.indexOf(symbol) != -1): null

2019-08-10 23:51:43 - [TEST_STEP][PASSED] - symbols = symbols: null

2019-08-10 23:51:43 - [TEST_STEP][PASSED] - for ([j = 0, j &lt; symbols.size(), (j++)]): null

2019-08-10 23:51:43 - [TEST_STEP][PASSED] - symbol = symbol: null

2019-08-10 23:51:43 - [TEST_STEP][PASSED] - println(symbol): null

2019-08-10 23:51:43 - [TEST_STEP][PASSED] - if (i == 2 &amp;&amp; wildList.indexOf(symbol) != -1): null

2019-08-10 23:51:43 - [TEST_STEP][PASSED] - if (i == 3 &amp;&amp; wildList.indexOf(symbol) != -1): null

2019-08-10 23:51:43 - [TEST_STEP][PASSED] - if (i == 4 &amp;&amp; wildList.indexOf(symbol) != -1): null

2019-08-10 23:51:43 - [TEST_STEP][PASSED] - symbol = symbol: null

2019-08-10 23:51:43 - [TEST_STEP][PASSED] - println(symbol): null

2019-08-10 23:51:43 - [TEST_STEP][PASSED] - if (i == 2 &amp;&amp; wildList.indexOf(symbol) != -1): null

2019-08-10 23:51:43 - [TEST_STEP][PASSED] - if (i == 3 &amp;&amp; wildList.indexOf(symbol) != -1): null

2019-08-10 23:51:43 - [TEST_STEP][PASSED] - if (i == 4 &amp;&amp; wildList.indexOf(symbol) != -1): null

2019-08-10 23:51:43 - [TEST_STEP][PASSED] - symbol = symbol: null

2019-08-10 23:51:43 - [TEST_STEP][PASSED] - println(symbol): null

2019-08-10 23:51:43 - [TEST_STEP][PASSED] - if (i == 2 &amp;&amp; wildList.indexOf(symbol) != -1): null

2019-08-10 23:51:43 - [TEST_STEP][PASSED] - if (i == 3 &amp;&amp; wildList.indexOf(symbol) != -1): null

2019-08-10 23:51:43 - [TEST_STEP][PASSED] - if (i == 4 &amp;&amp; wildList.indexOf(symbol) != -1): null

2019-08-10 23:51:43 - [TEST_STEP][PASSED] - symbols = symbols: null

2019-08-10 23:51:43 - [TEST_STEP][PASSED] - for ([j = 0, j &lt; symbols.size(), (j++)]): null

2019-08-10 23:51:43 - [TEST_STEP][PASSED] - symbol = symbol: null

2019-08-10 23:51:43 - [TEST_STEP][PASSED] - println(symbol): null

2019-08-10 23:51:43 - [TEST_STEP][PASSED] - if (i == 2 &amp;&amp; wildList.indexOf(symbol) != -1): null

2019-08-10 23:51:43 - [TEST_STEP][PASSED] - if (i == 3 &amp;&amp; wildList.indexOf(symbol) != -1): null

2019-08-10 23:51:43 - [TEST_STEP][PASSED] - if (i == 4 &amp;&amp; wildList.indexOf(symbol) != -1): null

2019-08-10 23:51:43 - [TEST_STEP][PASSED] - symbol = symbol: null

2019-08-10 23:51:43 - [TEST_STEP][PASSED] - println(symbol): null

2019-08-10 23:51:43 - [TEST_STEP][PASSED] - if (i == 2 &amp;&amp; wildList.indexOf(symbol) != -1): null

2019-08-10 23:51:43 - [TEST_STEP][PASSED] - if (i == 3 &amp;&amp; wildList.indexOf(symbol) != -1): null

2019-08-10 23:51:43 - [TEST_STEP][PASSED] - if (i == 4 &amp;&amp; wildList.indexOf(symbol) != -1): null

2019-08-10 23:51:43 - [TEST_STEP][PASSED] - symbol = symbol: null

2019-08-10 23:51:43 - [TEST_STEP][PASSED] - println(symbol): null

2019-08-10 23:51:43 - [TEST_STEP][PASSED] - if (i == 2 &amp;&amp; wildList.indexOf(symbol) != -1): null

2019-08-10 23:51:43 - [TEST_STEP][PASSED] - if (i == 3 &amp;&amp; wildList.indexOf(symbol) != -1): null

2019-08-10 23:51:43 - [TEST_STEP][PASSED] - if (i == 4 &amp;&amp; wildList.indexOf(symbol) != -1): null

2019-08-10 23:51:43 - [TEST_STEP][PASSED] - free_spin_reel_counter = free_spin_reel_counter: null

2019-08-10 23:51:43 - [TEST_STEP][PASSED] - println("reel 3 wild found: " + free_spin_reel_counter[0]): null

2019-08-10 23:51:43 - [TEST_STEP][PASSED] - println("reel 4 wild found: " + free_spin_reel_counter[1]): null

2019-08-10 23:51:43 - [TEST_STEP][PASSED] - println("reel 5 wild found: " + free_spin_reel_counter[2]): null

2019-08-10 23:51:43 - [TEST_STEP][PASSED] - M4_spin_reels = M4_spin_reels: null

2019-08-10 23:51:43 - [TEST_STEP][PASSED] - M4_spin_reels_symbols = symbol: null

2019-08-10 23:51:43 - [TEST_STEP][PASSED] - M4_spin_reels_symbols = M4_spin_reels_symbols: null

2019-08-10 23:51:43 - [TEST_STEP][PASSED] - M4_spin_reel_wins = reel_wins: null

2019-08-10 23:51:43 - [TEST_STEP][PASSED] - M4_spin_reel_wins = M4_spin_reel_wins: null

2019-08-10 23:51:43 - [TEST_STEP][PASSED] - println("GlobalVariable.M4_spin_reel_wins is: " + M4_spin_reel_wins): null

2019-08-10 23:51:43 - [TEST_STEP][PASSED] - M4_spin_total_bonus_win_this_round = total_bonus_win_this_round: null

2019-08-10 23:51:43 - [TEST_STEP][PASSED] - M4_spin_total_bonus_win_this_round = M4_spin_total_bonus_win_this_round: null

2019-08-10 23:51:43 - [TEST_STEP][PASSED] - println("GlobalVariable.M4_spin_total_bonus_win_this_round is: " + M4_spin_total_bonus_win_this_round): null

2019-08-10 23:51:43 - [MESSAGE][PASSED] - Verify response successfully

2019-08-10 23:51:43 - [MESSAGE][PASSED] - Send request and verify the response successfully

2019-08-10 23:51:43 - [TEST_STEP][PASSED] - if (M4_total_bonus_spins_int != 0 &amp;&amp; M4_spin_reels_symbols[2].contains("WILD_ExtraFG") || M4_spin_reels_symbols[3].contains("WILD_ExtraFG")): null

2019-08-10 23:51:43 - [TEST_STEP][PASSED] - free_spin_reel_counter = free_spin_reel_counter: null

2019-08-10 23:51:43 - [TEST_STEP][PASSED] - M4_spin_reels_symbols = M4_spin_reels_symbols: null

2019-08-10 23:51:43 - [TEST_STEP][PASSED] - M4_total_bonus_spins = M4_total_bonus_spins: null

2019-08-10 23:51:43 - [TEST_STEP][PASSED] - spin_result = sendRequestAndVerify(findTestObject("RGS(M4)/1_M4_spin", ["M4_login_user_id":M4_login_user_id, "rgs_session_token":rgs_session_token, "partner":Partner])): Send request and verify the response successfully

2019-08-10 23:51:43 - [TEST_CASE][PASSED] - Start Test Case : Verification: Verification accomplished successfully

2019-08-10 23:51:43 - [TEST_STEP][PASSED] - request = getInstance().getCurrentRequest(): null

2019-08-10 23:51:43 - [TEST_STEP][PASSED] - response = getInstance().getCurrentResponse(): null

2019-08-10 23:51:43 - [TEST_STEP][PASSED] - verifyResponseStatusCode(response, 200): Verify response status code successfully

2019-08-10 23:51:43 - [MESSAGE][PASSED] - Verify response status code successfully

2019-08-10 23:51:43 - [TEST_STEP][PASSED] - getStatusCode()).isEqualTo(200): null

2019-08-10 23:51:43 - [TEST_STEP][PASSED] - newline = System.getProperty("line.separator"): null

2019-08-10 23:51:43 - [TEST_STEP][PASSED] - M4_spin = new groovy.json.JsonSlurper(): null

2019-08-10 23:51:43 - [TEST_STEP][PASSED] - result_M4_spin = M4_spin.parseText(response.getResponseBodyContent()): null

2019-08-10 23:51:43 - [TEST_STEP][PASSED] - M4_spin_current_balance = current_balance: null

2019-08-10 23:51:43 - [TEST_STEP][PASSED] - M4_spin_current_balance = M4_spin_current_balance: null

2019-08-10 23:51:43 - [TEST_STEP][PASSED] - M4_spin_transaction_id = causality: null

2019-08-10 23:51:43 - [TEST_STEP][PASSED] - M4_spin_transaction_id = M4_spin_transaction_id: null

2019-08-10 23:51:43 - [TEST_STEP][PASSED] - M4_spin_round_id = round_id: null

2019-08-10 23:51:43 - [TEST_STEP][PASSED] - M4_spin_round_id = M4_spin_round_id: null

2019-08-10 23:51:43 - [TEST_STEP][PASSED] - M4_spin_line_wins = line_wins: null

2019-08-10 23:51:43 - [TEST_STEP][PASSED] - M4_spin_line_wins = M4_spin_line_wins: null

2019-08-10 23:51:43 - [TEST_STEP][PASSED] - M4_total_bonus_spins_int = total_bonus_spins: null

2019-08-10 23:51:43 - [TEST_STEP][PASSED] - println("******M4_total_bonus_spins type is:*******" + newline + getClass().getName()): null

2019-08-10 23:51:43 - [TEST_STEP][PASSED] - M4_total_bonus_spins_int = M4_total_bonus_spins_int: null

2019-08-10 23:51:43 - [TEST_STEP][PASSED] - M4_total_bonus_spins = Integer.toString(M4_total_bonus_spins_int): null

2019-08-10 23:51:43 - [TEST_STEP][PASSED] - M4_total_bonus_spins = M4_total_bonus_spins: null

2019-08-10 23:51:43 - [TEST_STEP][PASSED] - println("M4_total_bonus_spins is:" + M4_total_bonus_spins): null

2019-08-10 23:51:43 - [TEST_STEP][PASSED] - M4_spin_bonus_data = bonus_data: null

2019-08-10 23:51:43 - [TEST_STEP][PASSED] - M4_spin_features_triggered = result_M4_spin: null

2019-08-10 23:51:43 - [TEST_STEP][PASSED] - wild = []: null

2019-08-10 23:51:43 - [TEST_STEP][PASSED] - wild[0] = "WILD_Expanding": null

2019-08-10 23:51:43 - [TEST_STEP][PASSED] - wild[1] = "WILD_Normal": null

2019-08-10 23:51:43 - [TEST_STEP][PASSED] - wild[2] = "WILD_Double": null

2019-08-10 23:51:43 - [TEST_STEP][PASSED] - wild[3] = "WILD_ExtraFG": null

2019-08-10 23:51:43 - [TEST_STEP][PASSED] - wild[4] = "WILD_Triple": null

2019-08-10 23:51:43 - [TEST_STEP][PASSED] - wildList = Arrays.asList(wild): null

2019-08-10 23:51:43 - [TEST_STEP][PASSED] - wildList = wildList: null

2019-08-10 23:51:43 - [TEST_STEP][PASSED] - free_spin_reel_counter = []: null

2019-08-10 23:51:43 - [TEST_STEP][PASSED] - free_spin_reel_counter[0] = 0: null

2019-08-10 23:51:43 - [TEST_STEP][PASSED] - free_spin_reel_counter[1] = 0: null

2019-08-10 23:51:43 - [TEST_STEP][PASSED] - free_spin_reel_counter[2] = 0: null

2019-08-10 23:51:43 - [TEST_STEP][PASSED] - M4_spin_reels = reels: null

2019-08-10 23:51:43 - [TEST_STEP][PASSED] - for ([i = 0, i &lt; M4_spin_reels.size(), (i++)]): null

2019-08-10 23:51:43 - [TEST_STEP][PASSED] - symbols = symbols: null

2019-08-10 23:51:43 - [TEST_STEP][PASSED] - for ([j = 0, j &lt; symbols.size(), (j++)]): null

2019-08-10 23:51:43 - [TEST_STEP][PASSED] - symbol = symbol: null

2019-08-10 23:51:43 - [TEST_STEP][PASSED] - println(symbol): null

2019-08-10 23:51:43 - [TEST_STEP][PASSED] - if (i == 2 &amp;&amp; wildList.indexOf(symbol) != -1): null

2019-08-10 23:51:43 - [TEST_STEP][PASSED] - if (i == 3 &amp;&amp; wildList.indexOf(symbol) != -1): null

2019-08-10 23:51:43 - [TEST_STEP][PASSED] - if (i == 4 &amp;&amp; wildList.indexOf(symbol) != -1): null

2019-08-10 23:51:43 - [TEST_STEP][PASSED] - symbol = symbol: null

2019-08-10 23:51:43 - [TEST_STEP][PASSED] - println(symbol): null

2019-08-10 23:51:43 - [TEST_STEP][PASSED] - if (i == 2 &amp;&amp; wildList.indexOf(symbol) != -1): null

2019-08-10 23:51:43 - [TEST_STEP][PASSED] - if (i == 3 &amp;&amp; wildList.indexOf(symbol) != -1): null

2019-08-10 23:51:43 - [TEST_STEP][PASSED] - if (i == 4 &amp;&amp; wildList.indexOf(symbol) != -1): null

2019-08-10 23:51:43 - [TEST_STEP][PASSED] - symbol = symbol: null

2019-08-10 23:51:43 - [TEST_STEP][PASSED] - println(symbol): null

2019-08-10 23:51:43 - [TEST_STEP][PASSED] - if (i == 2 &amp;&amp; wildList.indexOf(symbol) != -1): null

2019-08-10 23:51:43 - [TEST_STEP][PASSED] - if (i == 3 &amp;&amp; wildList.indexOf(symbol) != -1): null

2019-08-10 23:51:43 - [TEST_STEP][PASSED] - if (i == 4 &amp;&amp; wildList.indexOf(symbol) != -1): null

2019-08-10 23:51:43 - [TEST_STEP][PASSED] - symbols = symbols: null

2019-08-10 23:51:43 - [TEST_STEP][PASSED] - for ([j = 0, j &lt; symbols.size(), (j++)]): null

2019-08-10 23:51:43 - [TEST_STEP][PASSED] - symbol = symbol: null

2019-08-10 23:51:43 - [TEST_STEP][PASSED] - println(symbol): null

2019-08-10 23:51:43 - [TEST_STEP][PASSED] - if (i == 2 &amp;&amp; wildList.indexOf(symbol) != -1): null

2019-08-10 23:51:43 - [TEST_STEP][PASSED] - if (i == 3 &amp;&amp; wildList.indexOf(symbol) != -1): null

2019-08-10 23:51:43 - [TEST_STEP][PASSED] - if (i == 4 &amp;&amp; wildList.indexOf(symbol) != -1): null

2019-08-10 23:51:43 - [TEST_STEP][PASSED] - symbol = symbol: null

2019-08-10 23:51:43 - [TEST_STEP][PASSED] - println(symbol): null

2019-08-10 23:51:43 - [TEST_STEP][PASSED] - if (i == 2 &amp;&amp; wildList.indexOf(symbol) != -1): null

2019-08-10 23:51:43 - [TEST_STEP][PASSED] - if (i == 3 &amp;&amp; wildList.indexOf(symbol) != -1): null

2019-08-10 23:51:43 - [TEST_STEP][PASSED] - if (i == 4 &amp;&amp; wildList.indexOf(symbol) != -1): null

2019-08-10 23:51:43 - [TEST_STEP][PASSED] - symbol = symbol: null

2019-08-10 23:51:43 - [TEST_STEP][PASSED] - println(symbol): null

2019-08-10 23:51:43 - [TEST_STEP][PASSED] - if (i == 2 &amp;&amp; wildList.indexOf(symbol) != -1): null

2019-08-10 23:51:43 - [TEST_STEP][PASSED] - if (i == 3 &amp;&amp; wildList.indexOf(symbol) != -1): null

2019-08-10 23:51:43 - [TEST_STEP][PASSED] - if (i == 4 &amp;&amp; wildList.indexOf(symbol) != -1): null

2019-08-10 23:51:43 - [TEST_STEP][PASSED] - symbols = symbols: null

2019-08-10 23:51:43 - [TEST_STEP][PASSED] - for ([j = 0, j &lt; symbols.size(), (j++)]): null

2019-08-10 23:51:43 - [TEST_STEP][PASSED] - symbol = symbol: null

2019-08-10 23:51:43 - [TEST_STEP][PASSED] - println(symbol): null

2019-08-10 23:51:43 - [TEST_STEP][PASSED] - if (i == 2 &amp;&amp; wildList.indexOf(symbol) != -1): null

2019-08-10 23:51:43 - [TEST_STEP][PASSED] - if (i == 3 &amp;&amp; wildList.indexOf(symbol) != -1): null

2019-08-10 23:51:43 - [TEST_STEP][PASSED] - if (i == 4 &amp;&amp; wildList.indexOf(symbol) != -1): null

2019-08-10 23:51:43 - [TEST_STEP][PASSED] - symbol = symbol: null

2019-08-10 23:51:43 - [TEST_STEP][PASSED] - println(symbol): null

2019-08-10 23:51:43 - [TEST_STEP][PASSED] - if (i == 2 &amp;&amp; wildList.indexOf(symbol) != -1): null

2019-08-10 23:51:43 - [TEST_STEP][PASSED] - if (i == 3 &amp;&amp; wildList.indexOf(symbol) != -1): null

2019-08-10 23:51:43 - [TEST_STEP][PASSED] - if (i == 4 &amp;&amp; wildList.indexOf(symbol) != -1): null

2019-08-10 23:51:43 - [TEST_STEP][PASSED] - symbol = symbol: null

2019-08-10 23:51:43 - [TEST_STEP][PASSED] - println(symbol): null

2019-08-10 23:51:43 - [TEST_STEP][PASSED] - if (i == 2 &amp;&amp; wildList.indexOf(symbol) != -1): null

2019-08-10 23:51:43 - [TEST_STEP][PASSED] - if (i == 3 &amp;&amp; wildList.indexOf(symbol) != -1): null

2019-08-10 23:51:43 - [TEST_STEP][PASSED] - if (i == 4 &amp;&amp; wildList.indexOf(symbol) != -1): null

2019-08-10 23:51:43 - [TEST_STEP][PASSED] - symbols = symbols: null

2019-08-10 23:51:43 - [TEST_STEP][PASSED] - for ([j = 0, j &lt; symbols.size(), (j++)]): null

2019-08-10 23:51:43 - [TEST_STEP][PASSED] - symbol = symbol: null

2019-08-10 23:51:43 - [TEST_STEP][PASSED] - println(symbol): null

2019-08-10 23:51:43 - [TEST_STEP][PASSED] - if (i == 2 &amp;&amp; wildList.indexOf(symbol) != -1): null

2019-08-10 23:51:43 - [TEST_STEP][PASSED] - if (i == 3 &amp;&amp; wildList.indexOf(symbol) != -1): null

2019-08-10 23:51:43 - [TEST_STEP][PASSED] - if (i == 4 &amp;&amp; wildList.indexOf(symbol) != -1): null

2019-08-10 23:51:43 - [TEST_STEP][PASSED] - symbol = symbol: null

2019-08-10 23:51:43 - [TEST_STEP][PASSED] - println(symbol): null

2019-08-10 23:51:43 - [TEST_STEP][PASSED] - if (i == 2 &amp;&amp; wildList.indexOf(symbol) != -1): null

2019-08-10 23:51:43 - [TEST_STEP][PASSED] - if (i == 3 &amp;&amp; wildList.indexOf(symbol) != -1): null

2019-08-10 23:51:43 - [TEST_STEP][PASSED] - if (i == 4 &amp;&amp; wildList.indexOf(symbol) != -1): null

2019-08-10 23:51:43 - [TEST_STEP][PASSED] - symbol = symbol: null

2019-08-10 23:51:43 - [TEST_STEP][PASSED] - println(symbol): null

2019-08-10 23:51:43 - [TEST_STEP][PASSED] - if (i == 2 &amp;&amp; wildList.indexOf(symbol) != -1): null

2019-08-10 23:51:43 - [TEST_STEP][PASSED] - if (i == 3 &amp;&amp; wildList.indexOf(symbol) != -1): null

2019-08-10 23:51:43 - [TEST_STEP][PASSED] - if (i == 4 &amp;&amp; wildList.indexOf(symbol) != -1): null

2019-08-10 23:51:43 - [TEST_STEP][PASSED] - symbols = symbols: null

2019-08-10 23:51:43 - [TEST_STEP][PASSED] - for ([j = 0, j &lt; symbols.size(), (j++)]): null

2019-08-10 23:51:43 - [TEST_STEP][PASSED] - symbol = symbol: null

2019-08-10 23:51:43 - [TEST_STEP][PASSED] - println(symbol): null

2019-08-10 23:51:43 - [TEST_STEP][PASSED] - if (i == 2 &amp;&amp; wildList.indexOf(symbol) != -1): null

2019-08-10 23:51:43 - [TEST_STEP][PASSED] - if (i == 3 &amp;&amp; wildList.indexOf(symbol) != -1): null

2019-08-10 23:51:43 - [TEST_STEP][PASSED] - if (i == 4 &amp;&amp; wildList.indexOf(symbol) != -1): null

2019-08-10 23:51:43 - [TEST_STEP][PASSED] - symbol = symbol: null

2019-08-10 23:51:43 - [TEST_STEP][PASSED] - println(symbol): null

2019-08-10 23:51:43 - [TEST_STEP][PASSED] - if (i == 2 &amp;&amp; wildList.indexOf(symbol) != -1): null

2019-08-10 23:51:43 - [TEST_STEP][PASSED] - if (i == 3 &amp;&amp; wildList.indexOf(symbol) != -1): null

2019-08-10 23:51:43 - [TEST_STEP][PASSED] - if (i == 4 &amp;&amp; wildList.indexOf(symbol) != -1): null

2019-08-10 23:51:43 - [TEST_STEP][PASSED] - symbol = symbol: null

2019-08-10 23:51:43 - [TEST_STEP][PASSED] - println(symbol): null

2019-08-10 23:51:43 - [TEST_STEP][PASSED] - if (i == 2 &amp;&amp; wildList.indexOf(symbol) != -1): null

2019-08-10 23:51:43 - [TEST_STEP][PASSED] - if (i == 3 &amp;&amp; wildList.indexOf(symbol) != -1): null

2019-08-10 23:51:43 - [TEST_STEP][PASSED] - if (i == 4 &amp;&amp; wildList.indexOf(symbol) != -1): null

2019-08-10 23:51:43 - [TEST_STEP][PASSED] - free_spin_reel_counter = free_spin_reel_counter: null

2019-08-10 23:51:43 - [TEST_STEP][PASSED] - println("reel 3 wild found: " + free_spin_reel_counter[0]): null

2019-08-10 23:51:43 - [TEST_STEP][PASSED] - println("reel 4 wild found: " + free_spin_reel_counter[1]): null

2019-08-10 23:51:43 - [TEST_STEP][PASSED] - println("reel 5 wild found: " + free_spin_reel_counter[2]): null

2019-08-10 23:51:43 - [TEST_STEP][PASSED] - M4_spin_reels = M4_spin_reels: null

2019-08-10 23:51:43 - [TEST_STEP][PASSED] - M4_spin_reels_symbols = symbol: null

2019-08-10 23:51:43 - [TEST_STEP][PASSED] - M4_spin_reels_symbols = M4_spin_reels_symbols: null

2019-08-10 23:51:43 - [TEST_STEP][PASSED] - M4_spin_reel_wins = reel_wins: null

2019-08-10 23:51:43 - [TEST_STEP][PASSED] - M4_spin_reel_wins = M4_spin_reel_wins: null

2019-08-10 23:51:43 - [TEST_STEP][PASSED] - println("GlobalVariable.M4_spin_reel_wins is: " + M4_spin_reel_wins): null

2019-08-10 23:51:43 - [TEST_STEP][PASSED] - M4_spin_total_bonus_win_this_round = total_bonus_win_this_round: null

2019-08-10 23:51:43 - [TEST_STEP][PASSED] - M4_spin_total_bonus_win_this_round = M4_spin_total_bonus_win_this_round: null

2019-08-10 23:51:43 - [TEST_STEP][PASSED] - println("GlobalVariable.M4_spin_total_bonus_win_this_round is: " + M4_spin_total_bonus_win_this_round): null

2019-08-10 23:51:43 - [MESSAGE][PASSED] - Verify response successfully

2019-08-10 23:51:43 - [MESSAGE][PASSED] - Send request and verify the response successfully

2019-08-10 23:51:43 - [TEST_STEP][PASSED] - if (M4_total_bonus_spins_int != 0 &amp;&amp; M4_spin_reels_symbols[2].contains("WILD_ExtraFG") || M4_spin_reels_symbols[3].contains("WILD_ExtraFG")): null

2019-08-10 23:51:43 - [TEST_STEP][PASSED] - free_spin_reel_counter = free_spin_reel_counter: null

2019-08-10 23:51:43 - [TEST_STEP][PASSED] - M4_spin_reels_symbols = M4_spin_reels_symbols: null

2019-08-10 23:51:43 - [TEST_STEP][PASSED] - M4_total_bonus_spins = M4_total_bonus_spins: null

2019-08-10 23:51:43 - [TEST_STEP][PASSED] - spin_result = sendRequestAndVerify(findTestObject("RGS(M4)/1_M4_spin", ["M4_login_user_id":M4_login_user_id, "rgs_session_token":rgs_session_token, "partner":Partner])): Send request and verify the response successfully

2019-08-10 23:51:43 - [TEST_CASE][PASSED] - Start Test Case : Verification: Verification accomplished successfully

2019-08-10 23:51:43 - [TEST_STEP][PASSED] - request = getInstance().getCurrentRequest(): null

2019-08-10 23:51:43 - [TEST_STEP][PASSED] - response = getInstance().getCurrentResponse(): null

2019-08-10 23:51:43 - [TEST_STEP][PASSED] - verifyResponseStatusCode(response, 200): Verify response status code successfully

2019-08-10 23:51:43 - [MESSAGE][PASSED] - Verify response status code successfully

2019-08-10 23:51:43 - [TEST_STEP][PASSED] - getStatusCode()).isEqualTo(200): null

2019-08-10 23:51:43 - [TEST_STEP][PASSED] - newline = System.getProperty("line.separator"): null

2019-08-10 23:51:43 - [TEST_STEP][PASSED] - M4_spin = new groovy.json.JsonSlurper(): null

2019-08-10 23:51:43 - [TEST_STEP][PASSED] - result_M4_spin = M4_spin.parseText(response.getResponseBodyContent()): null

2019-08-10 23:51:43 - [TEST_STEP][PASSED] - M4_spin_current_balance = current_balance: null

2019-08-10 23:51:43 - [TEST_STEP][PASSED] - M4_spin_current_balance = M4_spin_current_balance: null

2019-08-10 23:51:43 - [TEST_STEP][PASSED] - M4_spin_transaction_id = causality: null

2019-08-10 23:51:43 - [TEST_STEP][PASSED] - M4_spin_transaction_id = M4_spin_transaction_id: null

2019-08-10 23:51:43 - [TEST_STEP][PASSED] - M4_spin_round_id = round_id: null

2019-08-10 23:51:43 - [TEST_STEP][PASSED] - M4_spin_round_id = M4_spin_round_id: null

2019-08-10 23:51:43 - [TEST_STEP][PASSED] - M4_spin_line_wins = line_wins: null

2019-08-10 23:51:43 - [TEST_STEP][PASSED] - M4_spin_line_wins = M4_spin_line_wins: null

2019-08-10 23:51:43 - [TEST_STEP][PASSED] - M4_total_bonus_spins_int = total_bonus_spins: null

2019-08-10 23:51:47 - [TEST_STEP][PASSED] - println("******M4_total_bonus_spins type is:*******" + newline + getClass().getName()): null

2019-08-10 23:51:47 - [TEST_STEP][PASSED] - M4_total_bonus_spins_int = M4_total_bonus_spins_int: null

2019-08-10 23:51:47 - [TEST_STEP][PASSED] - M4_total_bonus_spins = Integer.toString(M4_total_bonus_spins_int): null

2019-08-10 23:51:47 - [TEST_STEP][PASSED] - M4_total_bonus_spins = M4_total_bonus_spins: null

2019-08-10 23:51:47 - [TEST_STEP][PASSED] - println("M4_total_bonus_spins is:" + M4_total_bonus_spins): null

2019-08-10 23:51:47 - [TEST_STEP][PASSED] - M4_spin_bonus_data = bonus_data: null

2019-08-10 23:51:47 - [TEST_STEP][PASSED] - M4_spin_features_triggered = result_M4_spin: null

2019-08-10 23:51:47 - [TEST_STEP][PASSED] - wild = []: null

2019-08-10 23:51:47 - [TEST_STEP][PASSED] - wild[0] = "WILD_Expanding": null

2019-08-10 23:51:47 - [TEST_STEP][PASSED] - wild[1] = "WILD_Normal": null

2019-08-10 23:51:50 - [TEST_STEP][PASSED] - wild[2] = "WILD_Double": null

2019-08-10 23:51:50 - [TEST_STEP][PASSED] - wild[3] = "WILD_ExtraFG": null

2019-08-10 23:51:50 - [TEST_STEP][PASSED] - wild[4] = "WILD_Triple": null

2019-08-10 23:51:50 - [TEST_STEP][PASSED] - wildList = Arrays.asList(wild): null

2019-08-10 23:51:50 - [TEST_STEP][PASSED] - wildList = wildList: null

2019-08-10 23:51:50 - [TEST_STEP][PASSED] - free_spin_reel_counter = []: null

2019-08-10 23:51:50 - [TEST_STEP][PASSED] - free_spin_reel_counter[0] = 0: null

2019-08-10 23:51:50 - [TEST_STEP][PASSED] - free_spin_reel_counter[1] = 0: null

2019-08-10 23:51:50 - [TEST_STEP][PASSED] - free_spin_reel_counter[2] = 0: null

2019-08-10 23:51:50 - [TEST_STEP][PASSED] - M4_spin_reels = reels: null

2019-08-10 23:51:50 - [TEST_STEP][PASSED] - for ([i = 0, i &lt; M4_spin_reels.size(), (i++)]): null

2019-08-10 23:51:50 - [TEST_STEP][PASSED] - symbols = symbols: null

2019-08-10 23:51:50 - [TEST_STEP][PASSED] - for ([j = 0, j &lt; symbols.size(), (j++)]): null

2019-08-10 23:51:50 - [TEST_STEP][PASSED] - symbol = symbol: null

2019-08-10 23:51:50 - [TEST_STEP][PASSED] - println(symbol): null

2019-08-10 23:51:50 - [TEST_STEP][PASSED] - if (i == 2 &amp;&amp; wildList.indexOf(symbol) != -1): null

2019-08-10 23:51:50 - [TEST_STEP][PASSED] - if (i == 3 &amp;&amp; wildList.indexOf(symbol) != -1): null

2019-08-10 23:51:50 - [TEST_STEP][PASSED] - if (i == 4 &amp;&amp; wildList.indexOf(symbol) != -1): null

2019-08-10 23:51:50 - [TEST_STEP][PASSED] - symbol = symbol: null

2019-08-10 23:51:50 - [TEST_STEP][PASSED] - println(symbol): null

2019-08-10 23:51:50 - [TEST_STEP][PASSED] - if (i == 2 &amp;&amp; wildList.indexOf(symbol) != -1): null

2019-08-10 23:51:50 - [TEST_STEP][PASSED] - if (i == 3 &amp;&amp; wildList.indexOf(symbol) != -1): null

2019-08-10 23:51:50 - [TEST_STEP][PASSED] - if (i == 4 &amp;&amp; wildList.indexOf(symbol) != -1): null

2019-08-10 23:51:50 - [TEST_STEP][PASSED] - symbol = symbol: null

2019-08-10 23:51:50 - [TEST_STEP][PASSED] - println(symbol): null

2019-08-10 23:51:50 - [TEST_STEP][PASSED] - if (i == 2 &amp;&amp; wildList.indexOf(symbol) != -1): null

2019-08-10 23:51:50 - [TEST_STEP][PASSED] - if (i == 3 &amp;&amp; wildList.indexOf(symbol) != -1): null

2019-08-10 23:51:50 - [TEST_STEP][PASSED] - if (i == 4 &amp;&amp; wildList.indexOf(symbol) != -1): null

2019-08-10 23:51:50 - [TEST_STEP][PASSED] - symbols = symbols: null

2019-08-10 23:51:50 - [TEST_STEP][PASSED] - for ([j = 0, j &lt; symbols.size(), (j++)]): null

2019-08-10 23:51:50 - [TEST_STEP][PASSED] - symbol = symbol: null

2019-08-10 23:51:50 - [TEST_STEP][PASSED] - println(symbol): null

2019-08-10 23:51:50 - [TEST_STEP][PASSED] - if (i == 2 &amp;&amp; wildList.indexOf(symbol) != -1): null

2019-08-10 23:51:50 - [TEST_STEP][PASSED] - if (i == 3 &amp;&amp; wildList.indexOf(symbol) != -1): null

2019-08-10 23:51:50 - [TEST_STEP][PASSED] - if (i == 4 &amp;&amp; wildList.indexOf(symbol) != -1): null

2019-08-10 23:51:50 - [TEST_STEP][PASSED] - symbol = symbol: null

2019-08-10 23:51:50 - [TEST_STEP][PASSED] - println(symbol): null

2019-08-10 23:51:50 - [TEST_STEP][PASSED] - if (i == 2 &amp;&amp; wildList.indexOf(symbol) != -1): null

2019-08-10 23:51:50 - [TEST_STEP][PASSED] - if (i == 3 &amp;&amp; wildList.indexOf(symbol) != -1): null

2019-08-10 23:51:50 - [TEST_STEP][PASSED] - if (i == 4 &amp;&amp; wildList.indexOf(symbol) != -1): null

2019-08-10 23:51:50 - [TEST_STEP][PASSED] - symbol = symbol: null

2019-08-10 23:51:50 - [TEST_STEP][PASSED] - println(symbol): null

2019-08-10 23:51:50 - [TEST_STEP][PASSED] - if (i == 2 &amp;&amp; wildList.indexOf(symbol) != -1): null

2019-08-10 23:51:50 - [TEST_STEP][PASSED] - if (i == 3 &amp;&amp; wildList.indexOf(symbol) != -1): null

2019-08-10 23:51:50 - [TEST_STEP][PASSED] - if (i == 4 &amp;&amp; wildList.indexOf(symbol) != -1): null

2019-08-10 23:51:50 - [TEST_STEP][PASSED] - symbols = symbols: null

2019-08-10 23:51:50 - [TEST_STEP][PASSED] - for ([j = 0, j &lt; symbols.size(), (j++)]): null

2019-08-10 23:51:50 - [TEST_STEP][PASSED] - symbol = symbol: null

2019-08-10 23:51:50 - [TEST_STEP][PASSED] - println(symbol): null

2019-08-10 23:51:50 - [TEST_STEP][PASSED] - if (i == 2 &amp;&amp; wildList.indexOf(symbol) != -1): null

2019-08-10 23:51:50 - [TEST_STEP][PASSED] - if (i == 3 &amp;&amp; wildList.indexOf(symbol) != -1): null

2019-08-10 23:51:50 - [TEST_STEP][PASSED] - if (i == 4 &amp;&amp; wildList.indexOf(symbol) != -1): null

2019-08-10 23:51:50 - [TEST_STEP][PASSED] - symbol = symbol: null

2019-08-10 23:51:50 - [TEST_STEP][PASSED] - println(symbol): null

2019-08-10 23:51:50 - [TEST_STEP][PASSED] - if (i == 2 &amp;&amp; wildList.indexOf(symbol) != -1): null

2019-08-10 23:51:50 - [TEST_STEP][PASSED] - if (i == 3 &amp;&amp; wildList.indexOf(symbol) != -1): null

2019-08-10 23:51:50 - [TEST_STEP][PASSED] - if (i == 4 &amp;&amp; wildList.indexOf(symbol) != -1): null

2019-08-10 23:51:50 - [TEST_STEP][PASSED] - symbol = symbol: null

2019-08-10 23:51:50 - [TEST_STEP][PASSED] - println(symbol): null

2019-08-10 23:51:50 - [TEST_STEP][PASSED] - if (i == 2 &amp;&amp; wildList.indexOf(symbol) != -1): null

2019-08-10 23:51:50 - [TEST_STEP][PASSED] - if (i == 3 &amp;&amp; wildList.indexOf(symbol) != -1): null

2019-08-10 23:51:50 - [TEST_STEP][PASSED] - if (i == 4 &amp;&amp; wildList.indexOf(symbol) != -1): null

2019-08-10 23:51:50 - [TEST_STEP][PASSED] - symbols = symbols: null

2019-08-10 23:51:50 - [TEST_STEP][PASSED] - for ([j = 0, j &lt; symbols.size(), (j++)]): null

2019-08-10 23:51:50 - [TEST_STEP][PASSED] - symbol = symbol: null

2019-08-10 23:51:50 - [TEST_STEP][PASSED] - println(symbol): null

2019-08-10 23:51:50 - [TEST_STEP][PASSED] - if (i == 2 &amp;&amp; wildList.indexOf(symbol) != -1): null

2019-08-10 23:51:50 - [TEST_STEP][PASSED] - if (i == 3 &amp;&amp; wildList.indexOf(symbol) != -1): null

2019-08-10 23:51:50 - [TEST_STEP][PASSED] - if (i == 4 &amp;&amp; wildList.indexOf(symbol) != -1): null

2019-08-10 23:51:50 - [TEST_STEP][PASSED] - symbol = symbol: null

2019-08-10 23:51:50 - [TEST_STEP][PASSED] - println(symbol): null

2019-08-10 23:51:50 - [TEST_STEP][PASSED] - if (i == 2 &amp;&amp; wildList.indexOf(symbol) != -1): null

2019-08-10 23:51:50 - [TEST_STEP][PASSED] - if (i == 3 &amp;&amp; wildList.indexOf(symbol) != -1): null

2019-08-10 23:51:50 - [TEST_STEP][PASSED] - if (i == 4 &amp;&amp; wildList.indexOf(symbol) != -1): null

2019-08-10 23:51:50 - [TEST_STEP][PASSED] - symbol = symbol: null

2019-08-10 23:51:50 - [TEST_STEP][PASSED] - println(symbol): null

2019-08-10 23:51:50 - [TEST_STEP][PASSED] - if (i == 2 &amp;&amp; wildList.indexOf(symbol) != -1): null

2019-08-10 23:51:50 - [TEST_STEP][PASSED] - if (i == 3 &amp;&amp; wildList.indexOf(symbol) != -1): null

2019-08-10 23:51:50 - [TEST_STEP][PASSED] - if (i == 4 &amp;&amp; wildList.indexOf(symbol) != -1): null

2019-08-10 23:51:50 - [TEST_STEP][PASSED] - symbols = symbols: null

2019-08-10 23:51:50 - [TEST_STEP][PASSED] - for ([j = 0, j &lt; symbols.size(), (j++)]): null

2019-08-10 23:51:50 - [TEST_STEP][PASSED] - symbol = symbol: null

2019-08-10 23:51:50 - [TEST_STEP][PASSED] - println(symbol): null

2019-08-10 23:51:50 - [TEST_STEP][PASSED] - if (i == 2 &amp;&amp; wildList.indexOf(symbol) != -1): null

2019-08-10 23:51:50 - [TEST_STEP][PASSED] - if (i == 3 &amp;&amp; wildList.indexOf(symbol) != -1): null

2019-08-10 23:51:50 - [TEST_STEP][PASSED] - if (i == 4 &amp;&amp; wildList.indexOf(symbol) != -1): null

2019-08-10 23:51:50 - [TEST_STEP][PASSED] - symbol = symbol: null

2019-08-10 23:51:50 - [TEST_STEP][PASSED] - println(symbol): null

2019-08-10 23:51:50 - [TEST_STEP][PASSED] - if (i == 2 &amp;&amp; wildList.indexOf(symbol) != -1): null

2019-08-10 23:51:50 - [TEST_STEP][PASSED] - if (i == 3 &amp;&amp; wildList.indexOf(symbol) != -1): null

2019-08-10 23:51:50 - [TEST_STEP][PASSED] - if (i == 4 &amp;&amp; wildList.indexOf(symbol) != -1): null

2019-08-10 23:51:50 - [TEST_STEP][PASSED] - symbol = symbol: null

2019-08-10 23:51:50 - [TEST_STEP][PASSED] - println(symbol): null

2019-08-10 23:51:50 - [TEST_STEP][PASSED] - if (i == 2 &amp;&amp; wildList.indexOf(symbol) != -1): null

2019-08-10 23:51:50 - [TEST_STEP][PASSED] - if (i == 3 &amp;&amp; wildList.indexOf(symbol) != -1): null

2019-08-10 23:51:50 - [TEST_STEP][PASSED] - if (i == 4 &amp;&amp; wildList.indexOf(symbol) != -1): null

2019-08-10 23:51:50 - [TEST_STEP][PASSED] - free_spin_reel_counter = free_spin_reel_counter: null

2019-08-10 23:51:50 - [TEST_STEP][PASSED] - println("reel 3 wild found: " + free_spin_reel_counter[0]): null

2019-08-10 23:51:50 - [TEST_STEP][PASSED] - println("reel 4 wild found: " + free_spin_reel_counter[1]): null

2019-08-10 23:51:50 - [TEST_STEP][PASSED] - println("reel 5 wild found: " + free_spin_reel_counter[2]): null

2019-08-10 23:51:50 - [TEST_STEP][PASSED] - M4_spin_reels = M4_spin_reels: null

2019-08-10 23:51:50 - [TEST_STEP][PASSED] - M4_spin_reels_symbols = symbol: null

2019-08-10 23:51:50 - [TEST_STEP][PASSED] - M4_spin_reels_symbols = M4_spin_reels_symbols: null

2019-08-10 23:51:50 - [TEST_STEP][PASSED] - M4_spin_reel_wins = reel_wins: null

2019-08-10 23:51:50 - [TEST_STEP][PASSED] - M4_spin_reel_wins = M4_spin_reel_wins: null

2019-08-10 23:51:50 - [TEST_STEP][PASSED] - println("GlobalVariable.M4_spin_reel_wins is: " + M4_spin_reel_wins): null

2019-08-10 23:51:50 - [TEST_STEP][PASSED] - M4_spin_total_bonus_win_this_round = total_bonus_win_this_round: null

2019-08-10 23:51:50 - [TEST_STEP][PASSED] - M4_spin_total_bonus_win_this_round = M4_spin_total_bonus_win_this_round: null

2019-08-10 23:51:50 - [TEST_STEP][PASSED] - println("GlobalVariable.M4_spin_total_bonus_win_this_round is: " + M4_spin_total_bonus_win_this_round): null

2019-08-10 23:51:50 - [MESSAGE][PASSED] - Verify response successfully

2019-08-10 23:51:50 - [MESSAGE][PASSED] - Send request and verify the response successfully

2019-08-10 23:51:50 - [TEST_STEP][PASSED] - if (M4_total_bonus_spins_int != 0 &amp;&amp; M4_spin_reels_symbols[2].contains("WILD_ExtraFG") || M4_spin_reels_symbols[3].contains("WILD_ExtraFG")): null

2019-08-10 23:51:50 - [TEST_STEP][PASSED] - free_spin_reel_counter = free_spin_reel_counter: null

2019-08-10 23:51:50 - [TEST_STEP][PASSED] - M4_spin_reels_symbols = M4_spin_reels_symbols: null

2019-08-10 23:51:50 - [TEST_STEP][PASSED] - M4_total_bonus_spins = M4_total_bonus_spins: null

2019-08-10 23:51:50 - [TEST_STEP][PASSED] - spin_result = sendRequestAndVerify(findTestObject("RGS(M4)/1_M4_spin", ["M4_login_user_id":M4_login_user_id, "rgs_session_token":rgs_session_token, "partner":Partner])): Send request and verify the response successfully

2019-08-10 23:51:50 - [TEST_CASE][PASSED] - Start Test Case : Verification: Verification accomplished successfully

2019-08-10 23:51:50 - [TEST_STEP][PASSED] - request = getInstance().getCurrentRequest(): null

2019-08-10 23:51:50 - [TEST_STEP][PASSED] - response = getInstance().getCurrentResponse(): null

2019-08-10 23:51:50 - [TEST_STEP][PASSED] - verifyResponseStatusCode(response, 200): Verify response status code successfully

2019-08-10 23:51:50 - [MESSAGE][PASSED] - Verify response status code successfully

2019-08-10 23:51:50 - [TEST_STEP][PASSED] - getStatusCode()).isEqualTo(200): null

2019-08-10 23:51:50 - [TEST_STEP][PASSED] - newline = System.getProperty("line.separator"): null

2019-08-10 23:51:50 - [TEST_STEP][PASSED] - M4_spin = new groovy.json.JsonSlurper(): null

2019-08-10 23:51:50 - [TEST_STEP][PASSED] - result_M4_spin = M4_spin.parseText(response.getResponseBodyContent()): null

2019-08-10 23:51:50 - [TEST_STEP][PASSED] - M4_spin_current_balance = current_balance: null

2019-08-10 23:51:50 - [TEST_STEP][PASSED] - M4_spin_current_balance = M4_spin_current_balance: null

2019-08-10 23:51:50 - [TEST_STEP][PASSED] - M4_spin_transaction_id = causality: null

2019-08-10 23:51:50 - [TEST_STEP][PASSED] - M4_spin_transaction_id = M4_spin_transaction_id: null

2019-08-10 23:51:50 - [TEST_STEP][PASSED] - M4_spin_round_id = round_id: null

2019-08-10 23:51:50 - [TEST_STEP][PASSED] - M4_spin_round_id = M4_spin_round_id: null

2019-08-10 23:51:50 - [TEST_STEP][PASSED] - M4_spin_line_wins = line_wins: null

2019-08-10 23:51:50 - [TEST_STEP][PASSED] - M4_spin_line_wins = M4_spin_line_wins: null

2019-08-10 23:51:50 - [TEST_STEP][PASSED] - M4_total_bonus_spins_int = total_bonus_spins: null

2019-08-10 23:51:50 - [TEST_STEP][PASSED] - println("******M4_total_bonus_spins type is:*******" + newline + getClass().getName()): null

2019-08-10 23:51:50 - [TEST_STEP][PASSED] - M4_total_bonus_spins_int = M4_total_bonus_spins_int: null

2019-08-10 23:51:50 - [TEST_STEP][PASSED] - M4_total_bonus_spins = Integer.toString(M4_total_bonus_spins_int): null

2019-08-10 23:51:50 - [TEST_STEP][PASSED] - M4_total_bonus_spins = M4_total_bonus_spins: null

2019-08-10 23:51:50 - [TEST_STEP][PASSED] - println("M4_total_bonus_spins is:" + M4_total_bonus_spins): null

2019-08-10 23:51:50 - [TEST_STEP][PASSED] - M4_spin_bonus_data = bonus_data: null

2019-08-10 23:51:50 - [TEST_STEP][PASSED] - M4_spin_features_triggered = result_M4_spin: null

2019-08-10 23:51:50 - [TEST_STEP][PASSED] - wild = []: null

2019-08-10 23:51:50 - [TEST_STEP][PASSED] - wild[0] = "WILD_Expanding": null

2019-08-10 23:51:50 - [TEST_STEP][PASSED] - wild[1] = "WILD_Normal": null

2019-08-10 23:51:50 - [TEST_STEP][PASSED] - wild[2] = "WILD_Double": null

2019-08-10 23:51:50 - [TEST_STEP][PASSED] - wild[3] = "WILD_ExtraFG": null

2019-08-10 23:51:50 - [TEST_STEP][PASSED] - wild[4] = "WILD_Triple": null

2019-08-10 23:51:50 - [TEST_STEP][PASSED] - wildList = Arrays.asList(wild): null

2019-08-10 23:51:50 - [TEST_STEP][PASSED] - wildList = wildList: null

2019-08-10 23:51:50 - [TEST_STEP][PASSED] - free_spin_reel_counter = []: null

2019-08-10 23:51:50 - [TEST_STEP][PASSED] - free_spin_reel_counter[0] = 0: null

2019-08-10 23:51:50 - [TEST_STEP][PASSED] - free_spin_reel_counter[1] = 0: null

2019-08-10 23:51:50 - [TEST_STEP][PASSED] - free_spin_reel_counter[2] = 0: null

2019-08-10 23:51:50 - [TEST_STEP][PASSED] - M4_spin_reels = reels: null

2019-08-10 23:51:50 - [TEST_STEP][PASSED] - for ([i = 0, i &lt; M4_spin_reels.size(), (i++)]): null

2019-08-10 23:51:50 - [TEST_STEP][PASSED] - symbols = symbols: null

2019-08-10 23:51:50 - [TEST_STEP][PASSED] - for ([j = 0, j &lt; symbols.size(), (j++)]): null

2019-08-10 23:51:50 - [TEST_STEP][PASSED] - symbol = symbol: null

2019-08-10 23:51:50 - [TEST_STEP][PASSED] - println(symbol): null

2019-08-10 23:51:50 - [TEST_STEP][PASSED] - if (i == 2 &amp;&amp; wildList.indexOf(symbol) != -1): null

2019-08-10 23:51:50 - [TEST_STEP][PASSED] - if (i == 3 &amp;&amp; wildList.indexOf(symbol) != -1): null

2019-08-10 23:51:50 - [TEST_STEP][PASSED] - if (i == 4 &amp;&amp; wildList.indexOf(symbol) != -1): null

2019-08-10 23:51:50 - [TEST_STEP][PASSED] - symbol = symbol: null

2019-08-10 23:51:50 - [TEST_STEP][PASSED] - println(symbol): null

2019-08-10 23:51:50 - [TEST_STEP][PASSED] - if (i == 2 &amp;&amp; wildList.indexOf(symbol) != -1): null

2019-08-10 23:51:50 - [TEST_STEP][PASSED] - if (i == 3 &amp;&amp; wildList.indexOf(symbol) != -1): null

2019-08-10 23:51:50 - [TEST_STEP][PASSED] - if (i == 4 &amp;&amp; wildList.indexOf(symbol) != -1): null

2019-08-10 23:51:50 - [TEST_STEP][PASSED] - symbol = symbol: null

2019-08-10 23:51:50 - [TEST_STEP][PASSED] - println(symbol): null

2019-08-10 23:51:50 - [TEST_STEP][PASSED] - if (i == 2 &amp;&amp; wildList.indexOf(symbol) != -1): null

2019-08-10 23:51:50 - [TEST_STEP][PASSED] - if (i == 3 &amp;&amp; wildList.indexOf(symbol) != -1): null

2019-08-10 23:51:50 - [TEST_STEP][PASSED] - if (i == 4 &amp;&amp; wildList.indexOf(symbol) != -1): null

2019-08-10 23:51:50 - [TEST_STEP][PASSED] - symbols = symbols: null

2019-08-10 23:51:50 - [TEST_STEP][PASSED] - for ([j = 0, j &lt; symbols.size(), (j++)]): null

2019-08-10 23:51:50 - [TEST_STEP][PASSED] - symbol = symbol: null

2019-08-10 23:51:50 - [TEST_STEP][PASSED] - println(symbol): null

2019-08-10 23:51:50 - [TEST_STEP][PASSED] - if (i == 2 &amp;&amp; wildList.indexOf(symbol) != -1): null

2019-08-10 23:51:50 - [TEST_STEP][PASSED] - if (i == 3 &amp;&amp; wildList.indexOf(symbol) != -1): null

2019-08-10 23:51:50 - [TEST_STEP][PASSED] - if (i == 4 &amp;&amp; wildList.indexOf(symbol) != -1): null

2019-08-10 23:51:50 - [TEST_STEP][PASSED] - symbol = symbol: null

2019-08-10 23:51:50 - [TEST_STEP][PASSED] - println(symbol): null

2019-08-10 23:51:50 - [TEST_STEP][PASSED] - if (i == 2 &amp;&amp; wildList.indexOf(symbol) != -1): null

2019-08-10 23:51:50 - [TEST_STEP][PASSED] - if (i == 3 &amp;&amp; wildList.indexOf(symbol) != -1): null

2019-08-10 23:51:50 - [TEST_STEP][PASSED] - if (i == 4 &amp;&amp; wildList.indexOf(symbol) != -1): null

2019-08-10 23:51:50 - [TEST_STEP][PASSED] - symbol = symbol: null

2019-08-10 23:51:50 - [TEST_STEP][PASSED] - println(symbol): null

2019-08-10 23:51:50 - [TEST_STEP][PASSED] - if (i == 2 &amp;&amp; wildList.indexOf(symbol) != -1): null

2019-08-10 23:51:50 - [TEST_STEP][PASSED] - if (i == 3 &amp;&amp; wildList.indexOf(symbol) != -1): null

2019-08-10 23:51:50 - [TEST_STEP][PASSED] - if (i == 4 &amp;&amp; wildList.indexOf(symbol) != -1): null

2019-08-10 23:51:50 - [TEST_STEP][PASSED] - symbols = symbols: null

2019-08-10 23:51:50 - [TEST_STEP][PASSED] - for ([j = 0, j &lt; symbols.size(), (j++)]): null

2019-08-10 23:51:50 - [TEST_STEP][PASSED] - symbol = symbol: null

2019-08-10 23:51:50 - [TEST_STEP][PASSED] - println(symbol): null

2019-08-10 23:51:50 - [TEST_STEP][PASSED] - if (i == 2 &amp;&amp; wildList.indexOf(symbol) != -1): null

2019-08-10 23:51:50 - [TEST_STEP][PASSED] - if (i == 3 &amp;&amp; wildList.indexOf(symbol) != -1): null

2019-08-10 23:51:50 - [TEST_STEP][PASSED] - if (i == 4 &amp;&amp; wildList.indexOf(symbol) != -1): null

2019-08-10 23:51:50 - [TEST_STEP][PASSED] - symbol = symbol: null

2019-08-10 23:51:50 - [TEST_STEP][PASSED] - println(symbol): null

2019-08-10 23:51:50 - [TEST_STEP][PASSED] - if (i == 2 &amp;&amp; wildList.indexOf(symbol) != -1): null

2019-08-10 23:51:50 - [TEST_STEP][PASSED] - if (i == 3 &amp;&amp; wildList.indexOf(symbol) != -1): null

2019-08-10 23:51:50 - [TEST_STEP][PASSED] - if (i == 4 &amp;&amp; wildList.indexOf(symbol) != -1): null

2019-08-10 23:51:50 - [TEST_STEP][PASSED] - symbol = symbol: null

2019-08-10 23:51:50 - [TEST_STEP][PASSED] - println(symbol): null

2019-08-10 23:51:50 - [TEST_STEP][PASSED] - if (i == 2 &amp;&amp; wildList.indexOf(symbol) != -1): null

2019-08-10 23:51:50 - [TEST_STEP][PASSED] - println("wild found on reel 3, adding counter by 1"): null

2019-08-10 23:51:50 - [TEST_STEP][PASSED] - free_spin_reel_counter[0] = free_spin_reel_counter[0] + 1: null

2019-08-10 23:51:50 - [TEST_STEP][PASSED] - if (i == 3 &amp;&amp; wildList.indexOf(symbol) != -1): null

2019-08-10 23:51:50 - [TEST_STEP][PASSED] - if (i == 4 &amp;&amp; wildList.indexOf(symbol) != -1): null

2019-08-10 23:51:50 - [TEST_STEP][PASSED] - symbols = symbols: null

2019-08-10 23:51:50 - [TEST_STEP][PASSED] - for ([j = 0, j &lt; symbols.size(), (j++)]): null

2019-08-10 23:51:50 - [TEST_STEP][PASSED] - symbol = symbol: null

2019-08-10 23:51:50 - [TEST_STEP][PASSED] - println(symbol): null

2019-08-10 23:51:50 - [TEST_STEP][PASSED] - if (i == 2 &amp;&amp; wildList.indexOf(symbol) != -1): null

2019-08-10 23:51:50 - [TEST_STEP][PASSED] - if (i == 3 &amp;&amp; wildList.indexOf(symbol) != -1): null

2019-08-10 23:51:50 - [TEST_STEP][PASSED] - if (i == 4 &amp;&amp; wildList.indexOf(symbol) != -1): null

2019-08-10 23:51:50 - [TEST_STEP][PASSED] - symbol = symbol: null

2019-08-10 23:51:50 - [TEST_STEP][PASSED] - println(symbol): null

2019-08-10 23:51:50 - [TEST_STEP][PASSED] - if (i == 2 &amp;&amp; wildList.indexOf(symbol) != -1): null

2019-08-10 23:51:50 - [TEST_STEP][PASSED] - if (i == 3 &amp;&amp; wildList.indexOf(symbol) != -1): null

2019-08-10 23:51:50 - [TEST_STEP][PASSED] - if (i == 4 &amp;&amp; wildList.indexOf(symbol) != -1): null

2019-08-10 23:51:50 - [TEST_STEP][PASSED] - symbol = symbol: null

2019-08-10 23:51:50 - [TEST_STEP][PASSED] - println(symbol): null

2019-08-10 23:51:50 - [TEST_STEP][PASSED] - if (i == 2 &amp;&amp; wildList.indexOf(symbol) != -1): null

2019-08-10 23:51:50 - [TEST_STEP][PASSED] - if (i == 3 &amp;&amp; wildList.indexOf(symbol) != -1): null

2019-08-10 23:51:50 - [TEST_STEP][PASSED] - if (i == 4 &amp;&amp; wildList.indexOf(symbol) != -1): null

2019-08-10 23:51:50 - [TEST_STEP][PASSED] - symbols = symbols: null

2019-08-10 23:51:50 - [TEST_STEP][PASSED] - for ([j = 0, j &lt; symbols.size(), (j++)]): null

2019-08-10 23:51:50 - [TEST_STEP][PASSED] - symbol = symbol: null

2019-08-10 23:51:50 - [TEST_STEP][PASSED] - println(symbol): null

2019-08-10 23:51:50 - [TEST_STEP][PASSED] - if (i == 2 &amp;&amp; wildList.indexOf(symbol) != -1): null

2019-08-10 23:51:50 - [TEST_STEP][PASSED] - if (i == 3 &amp;&amp; wildList.indexOf(symbol) != -1): null

2019-08-10 23:51:50 - [TEST_STEP][PASSED] - if (i == 4 &amp;&amp; wildList.indexOf(symbol) != -1): null

2019-08-10 23:51:50 - [TEST_STEP][PASSED] - symbol = symbol: null

2019-08-10 23:51:50 - [TEST_STEP][PASSED] - println(symbol): null

2019-08-10 23:51:50 - [TEST_STEP][PASSED] - if (i == 2 &amp;&amp; wildList.indexOf(symbol) != -1): null

2019-08-10 23:51:50 - [TEST_STEP][PASSED] - if (i == 3 &amp;&amp; wildList.indexOf(symbol) != -1): null

2019-08-10 23:51:50 - [TEST_STEP][PASSED] - if (i == 4 &amp;&amp; wildList.indexOf(symbol) != -1): null

2019-08-10 23:51:50 - [TEST_STEP][PASSED] - symbol = symbol: null

2019-08-10 23:51:50 - [TEST_STEP][PASSED] - println(symbol): null

2019-08-10 23:51:50 - [TEST_STEP][PASSED] - if (i == 2 &amp;&amp; wildList.indexOf(symbol) != -1): null

2019-08-10 23:51:50 - [TEST_STEP][PASSED] - if (i == 3 &amp;&amp; wildList.indexOf(symbol) != -1): null

2019-08-10 23:51:50 - [TEST_STEP][PASSED] - if (i == 4 &amp;&amp; wildList.indexOf(symbol) != -1): null

2019-08-10 23:51:50 - [TEST_STEP][PASSED] - free_spin_reel_counter = free_spin_reel_counter: null

2019-08-10 23:51:50 - [TEST_STEP][PASSED] - println("reel 3 wild found: " + free_spin_reel_counter[0]): null

2019-08-10 23:51:50 - [TEST_STEP][PASSED] - println("reel 4 wild found: " + free_spin_reel_counter[1]): null

2019-08-10 23:51:50 - [TEST_STEP][PASSED] - println("reel 5 wild found: " + free_spin_reel_counter[2]): null

2019-08-10 23:51:50 - [TEST_STEP][PASSED] - M4_spin_reels = M4_spin_reels: null

2019-08-10 23:51:50 - [TEST_STEP][PASSED] - M4_spin_reels_symbols = symbol: null

2019-08-10 23:51:50 - [TEST_STEP][PASSED] - M4_spin_reels_symbols = M4_spin_reels_symbols: null

2019-08-10 23:51:50 - [TEST_STEP][PASSED] - M4_spin_reel_wins = reel_wins: null

2019-08-10 23:51:50 - [TEST_STEP][PASSED] - M4_spin_reel_wins = M4_spin_reel_wins: null

2019-08-10 23:51:50 - [TEST_STEP][PASSED] - println("GlobalVariable.M4_spin_reel_wins is: " + M4_spin_reel_wins): null

2019-08-10 23:51:50 - [TEST_STEP][PASSED] - M4_spin_total_bonus_win_this_round = total_bonus_win_this_round: null

2019-08-10 23:51:50 - [TEST_STEP][PASSED] - M4_spin_total_bonus_win_this_round = M4_spin_total_bonus_win_this_round: null

2019-08-10 23:51:50 - [TEST_STEP][PASSED] - println("GlobalVariable.M4_spin_total_bonus_win_this_round is: " + M4_spin_total_bonus_win_this_round): null

2019-08-10 23:51:50 - [MESSAGE][PASSED] - Verify response successfully

2019-08-10 23:51:50 - [MESSAGE][PASSED] - Send request and verify the response successfully

2019-08-10 23:51:50 - [TEST_STEP][PASSED] - if (M4_total_bonus_spins_int != 0 &amp;&amp; M4_spin_reels_symbols[2].contains("WILD_ExtraFG") || M4_spin_reels_symbols[3].contains("WILD_ExtraFG")): null

2019-08-10 23:51:50 - [TEST_STEP][PASSED] - free_spin_reel_counter = free_spin_reel_counter: null

2019-08-10 23:51:50 - [TEST_STEP][PASSED] - M4_spin_reels_symbols = M4_spin_reels_symbols: null

2019-08-10 23:51:50 - [TEST_STEP][PASSED] - M4_total_bonus_spins = M4_total_bonus_spins: null

2019-08-10 23:51:50 - [TEST_STEP][PASSED] - spin_result = sendRequestAndVerify(findTestObject("RGS(M4)/1_M4_spin", ["M4_login_user_id":M4_login_user_id, "rgs_session_token":rgs_session_token, "partner":Partner])): Send request and verify the response successfully

2019-08-10 23:51:50 - [TEST_CASE][PASSED] - Start Test Case : Verification: Verification accomplished successfully

2019-08-10 23:51:51 - [TEST_STEP][PASSED] - request = getInstance().getCurrentRequest(): null

2019-08-10 23:51:51 - [TEST_STEP][PASSED] - response = getInstance().getCurrentResponse(): null

2019-08-10 23:51:51 - [TEST_STEP][PASSED] - verifyResponseStatusCode(response, 200): Verify response status code successfully

2019-08-10 23:51:51 - [MESSAGE][PASSED] - Verify response status code successfully

2019-08-10 23:51:51 - [TEST_STEP][PASSED] - getStatusCode()).isEqualTo(200): null

2019-08-10 23:51:51 - [TEST_STEP][PASSED] - newline = System.getProperty("line.separator"): null

2019-08-10 23:51:51 - [TEST_STEP][PASSED] - M4_spin = new groovy.json.JsonSlurper(): null

2019-08-10 23:51:51 - [TEST_STEP][PASSED] - result_M4_spin = M4_spin.parseText(response.getResponseBodyContent()): null

2019-08-10 23:51:51 - [TEST_STEP][PASSED] - M4_spin_current_balance = current_balance: null

2019-08-10 23:51:51 - [TEST_STEP][PASSED] - M4_spin_current_balance = M4_spin_current_balance: null

2019-08-10 23:51:51 - [TEST_STEP][PASSED] - M4_spin_transaction_id = causality: null

2019-08-10 23:51:51 - [TEST_STEP][PASSED] - M4_spin_transaction_id = M4_spin_transaction_id: null

2019-08-10 23:51:51 - [TEST_STEP][PASSED] - M4_spin_round_id = round_id: null

2019-08-10 23:51:51 - [TEST_STEP][PASSED] - M4_spin_round_id = M4_spin_round_id: null

2019-08-10 23:51:51 - [TEST_STEP][PASSED] - M4_spin_line_wins = line_wins: null

2019-08-10 23:51:51 - [TEST_STEP][PASSED] - M4_spin_line_wins = M4_spin_line_wins: null

2019-08-10 23:51:51 - [TEST_STEP][PASSED] - M4_total_bonus_spins_int = total_bonus_spins: null

2019-08-10 23:51:51 - [TEST_STEP][PASSED] - println("******M4_total_bonus_spins type is:*******" + newline + getClass().getName()): null

2019-08-10 23:51:51 - [TEST_STEP][PASSED] - M4_total_bonus_spins_int = M4_total_bonus_spins_int: null

2019-08-10 23:51:51 - [TEST_STEP][PASSED] - M4_total_bonus_spins = Integer.toString(M4_total_bonus_spins_int): null

2019-08-10 23:51:51 - [TEST_STEP][PASSED] - M4_total_bonus_spins = M4_total_bonus_spins: null

2019-08-10 23:51:51 - [TEST_STEP][PASSED] - println("M4_total_bonus_spins is:" + M4_total_bonus_spins): null

2019-08-10 23:51:51 - [TEST_STEP][PASSED] - M4_spin_bonus_data = bonus_data: null

2019-08-10 23:51:51 - [TEST_STEP][PASSED] - M4_spin_features_triggered = result_M4_spin: null

2019-08-10 23:51:51 - [TEST_STEP][PASSED] - wild = []: null

2019-08-10 23:51:51 - [TEST_STEP][PASSED] - wild[0] = "WILD_Expanding": null

2019-08-10 23:51:51 - [TEST_STEP][PASSED] - wild[1] = "WILD_Normal": null

2019-08-10 23:51:51 - [TEST_STEP][PASSED] - wild[2] = "WILD_Double": null

2019-08-10 23:51:51 - [TEST_STEP][PASSED] - wild[3] = "WILD_ExtraFG": null

2019-08-10 23:51:51 - [TEST_STEP][PASSED] - wild[4] = "WILD_Triple": null

2019-08-10 23:51:51 - [TEST_STEP][PASSED] - wildList = Arrays.asList(wild): null

2019-08-10 23:51:51 - [TEST_STEP][PASSED] - wildList = wildList: null

2019-08-10 23:51:51 - [TEST_STEP][PASSED] - free_spin_reel_counter = []: null

2019-08-10 23:51:51 - [TEST_STEP][PASSED] - free_spin_reel_counter[0] = 0: null

2019-08-10 23:51:51 - [TEST_STEP][PASSED] - free_spin_reel_counter[1] = 0: null

2019-08-10 23:51:51 - [TEST_STEP][PASSED] - free_spin_reel_counter[2] = 0: null

2019-08-10 23:51:51 - [TEST_STEP][PASSED] - M4_spin_reels = reels: null

2019-08-10 23:51:51 - [TEST_STEP][PASSED] - for ([i = 0, i &lt; M4_spin_reels.size(), (i++)]): null

2019-08-10 23:51:51 - [TEST_STEP][PASSED] - symbols = symbols: null

2019-08-10 23:51:51 - [TEST_STEP][PASSED] - for ([j = 0, j &lt; symbols.size(), (j++)]): null

2019-08-10 23:51:51 - [TEST_STEP][PASSED] - symbol = symbol: null

2019-08-10 23:51:51 - [TEST_STEP][PASSED] - println(symbol): null

2019-08-10 23:51:51 - [TEST_STEP][PASSED] - if (i == 2 &amp;&amp; wildList.indexOf(symbol) != -1): null

2019-08-10 23:51:51 - [TEST_STEP][PASSED] - if (i == 3 &amp;&amp; wildList.indexOf(symbol) != -1): null

2019-08-10 23:51:51 - [TEST_STEP][PASSED] - if (i == 4 &amp;&amp; wildList.indexOf(symbol) != -1): null

2019-08-10 23:51:51 - [TEST_STEP][PASSED] - symbol = symbol: null

2019-08-10 23:51:51 - [TEST_STEP][PASSED] - println(symbol): null

2019-08-10 23:51:51 - [TEST_STEP][PASSED] - if (i == 2 &amp;&amp; wildList.indexOf(symbol) != -1): null

2019-08-10 23:51:51 - [TEST_STEP][PASSED] - if (i == 3 &amp;&amp; wildList.indexOf(symbol) != -1): null

2019-08-10 23:51:51 - [TEST_STEP][PASSED] - if (i == 4 &amp;&amp; wildList.indexOf(symbol) != -1): null

2019-08-10 23:51:51 - [TEST_STEP][PASSED] - symbol = symbol: null

2019-08-10 23:51:51 - [TEST_STEP][PASSED] - println(symbol): null

2019-08-10 23:51:51 - [TEST_STEP][PASSED] - if (i == 2 &amp;&amp; wildList.indexOf(symbol) != -1): null

2019-08-10 23:51:51 - [TEST_STEP][PASSED] - if (i == 3 &amp;&amp; wildList.indexOf(symbol) != -1): null

2019-08-10 23:51:51 - [TEST_STEP][PASSED] - if (i == 4 &amp;&amp; wildList.indexOf(symbol) != -1): null

2019-08-10 23:51:51 - [TEST_STEP][PASSED] - symbols = symbols: null

2019-08-10 23:51:51 - [TEST_STEP][PASSED] - for ([j = 0, j &lt; symbols.size(), (j++)]): null

2019-08-10 23:51:51 - [TEST_STEP][PASSED] - symbol = symbol: null

2019-08-10 23:51:51 - [TEST_STEP][PASSED] - println(symbol): null

2019-08-10 23:51:51 - [TEST_STEP][PASSED] - if (i == 2 &amp;&amp; wildList.indexOf(symbol) != -1): null

2019-08-10 23:51:51 - [TEST_STEP][PASSED] - if (i == 3 &amp;&amp; wildList.indexOf(symbol) != -1): null

2019-08-10 23:51:51 - [TEST_STEP][PASSED] - if (i == 4 &amp;&amp; wildList.indexOf(symbol) != -1): null

2019-08-10 23:51:55 - [TEST_STEP][PASSED] - symbol = symbol: null

2019-08-10 23:51:55 - [TEST_STEP][PASSED] - println(symbol): null

2019-08-10 23:51:55 - [TEST_STEP][PASSED] - if (i == 2 &amp;&amp; wildList.indexOf(symbol) != -1): null

2019-08-10 23:51:55 - [TEST_STEP][PASSED] - if (i == 3 &amp;&amp; wildList.indexOf(symbol) != -1): null

2019-08-10 23:51:55 - [TEST_STEP][PASSED] - if (i == 4 &amp;&amp; wildList.indexOf(symbol) != -1): null

2019-08-10 23:51:55 - [TEST_STEP][PASSED] - symbol = symbol: null

2019-08-10 23:51:55 - [TEST_STEP][PASSED] - println(symbol): null

2019-08-10 23:51:55 - [TEST_STEP][PASSED] - if (i == 2 &amp;&amp; wildList.indexOf(symbol) != -1): null

2019-08-10 23:51:55 - [TEST_STEP][PASSED] - if (i == 3 &amp;&amp; wildList.indexOf(symbol) != -1): null

2019-08-10 23:51:55 - [TEST_STEP][PASSED] - if (i == 4 &amp;&amp; wildList.indexOf(symbol) != -1): null

2019-08-10 23:52:00 - [TEST_STEP][PASSED] - symbols = symbols: null

2019-08-10 23:52:00 - [TEST_STEP][PASSED] - for ([j = 0, j &lt; symbols.size(), (j++)]): null

2019-08-10 23:52:00 - [TEST_STEP][PASSED] - symbol = symbol: null

2019-08-10 23:52:00 - [TEST_STEP][PASSED] - println(symbol): null

2019-08-10 23:52:00 - [TEST_STEP][PASSED] - if (i == 2 &amp;&amp; wildList.indexOf(symbol) != -1): null

2019-08-10 23:52:05 - [TEST_STEP][PASSED] - if (i == 3 &amp;&amp; wildList.indexOf(symbol) != -1): null

2019-08-10 23:52:05 - [TEST_STEP][PASSED] - if (i == 4 &amp;&amp; wildList.indexOf(symbol) != -1): null

2019-08-10 23:52:05 - [TEST_STEP][PASSED] - symbol = symbol: null

2019-08-10 23:52:05 - [TEST_STEP][PASSED] - println(symbol): null

2019-08-10 23:52:05 - [TEST_STEP][PASSED] - if (i == 2 &amp;&amp; wildList.indexOf(symbol) != -1): null

2019-08-10 23:52:05 - [TEST_STEP][PASSED] - if (i == 3 &amp;&amp; wildList.indexOf(symbol) != -1): null

2019-08-10 23:52:05 - [TEST_STEP][PASSED] - if (i == 4 &amp;&amp; wildList.indexOf(symbol) != -1): null

2019-08-10 23:52:05 - [TEST_STEP][PASSED] - symbol = symbol: null

2019-08-10 23:52:05 - [TEST_STEP][PASSED] - println(symbol): null

2019-08-10 23:52:05 - [TEST_STEP][PASSED] - if (i == 2 &amp;&amp; wildList.indexOf(symbol) != -1): null

2019-08-10 23:52:05 - [TEST_STEP][PASSED] - if (i == 3 &amp;&amp; wildList.indexOf(symbol) != -1): null

2019-08-10 23:52:05 - [TEST_STEP][PASSED] - if (i == 4 &amp;&amp; wildList.indexOf(symbol) != -1): null

2019-08-10 23:52:05 - [TEST_STEP][PASSED] - symbols = symbols: null

2019-08-10 23:52:05 - [TEST_STEP][PASSED] - for ([j = 0, j &lt; symbols.size(), (j++)]): null

2019-08-10 23:52:05 - [TEST_STEP][PASSED] - symbol = symbol: null

2019-08-10 23:52:05 - [TEST_STEP][PASSED] - println(symbol): null

2019-08-10 23:52:05 - [TEST_STEP][PASSED] - if (i == 2 &amp;&amp; wildList.indexOf(symbol) != -1): null

2019-08-10 23:52:05 - [TEST_STEP][PASSED] - if (i == 3 &amp;&amp; wildList.indexOf(symbol) != -1): null

2019-08-10 23:52:05 - [TEST_STEP][PASSED] - if (i == 4 &amp;&amp; wildList.indexOf(symbol) != -1): null

2019-08-10 23:52:05 - [TEST_STEP][PASSED] - symbol = symbol: null

2019-08-10 23:52:05 - [TEST_STEP][PASSED] - println(symbol): null

2019-08-10 23:52:05 - [TEST_STEP][PASSED] - if (i == 2 &amp;&amp; wildList.indexOf(symbol) != -1): null

2019-08-10 23:52:05 - [TEST_STEP][PASSED] - if (i == 3 &amp;&amp; wildList.indexOf(symbol) != -1): null

2019-08-10 23:52:05 - [TEST_STEP][PASSED] - if (i == 4 &amp;&amp; wildList.indexOf(symbol) != -1): null

2019-08-10 23:52:05 - [TEST_STEP][PASSED] - symbol = symbol: null

2019-08-10 23:52:05 - [TEST_STEP][PASSED] - println(symbol): null

2019-08-10 23:52:05 - [TEST_STEP][PASSED] - if (i == 2 &amp;&amp; wildList.indexOf(symbol) != -1): null

2019-08-10 23:52:05 - [TEST_STEP][PASSED] - if (i == 3 &amp;&amp; wildList.indexOf(symbol) != -1): null

2019-08-10 23:52:05 - [TEST_STEP][PASSED] - if (i == 4 &amp;&amp; wildList.indexOf(symbol) != -1): null

2019-08-10 23:52:05 - [TEST_STEP][PASSED] - symbols = symbols: null

2019-08-10 23:52:05 - [TEST_STEP][PASSED] - for ([j = 0, j &lt; symbols.size(), (j++)]): null

2019-08-10 23:52:05 - [TEST_STEP][PASSED] - symbol = symbol: null

2019-08-10 23:52:05 - [TEST_STEP][PASSED] - println(symbol): null

2019-08-10 23:52:05 - [TEST_STEP][PASSED] - if (i == 2 &amp;&amp; wildList.indexOf(symbol) != -1): null

2019-08-10 23:52:05 - [TEST_STEP][PASSED] - if (i == 3 &amp;&amp; wildList.indexOf(symbol) != -1): null

2019-08-10 23:52:05 - [TEST_STEP][PASSED] - if (i == 4 &amp;&amp; wildList.indexOf(symbol) != -1): null

2019-08-10 23:52:05 - [TEST_STEP][PASSED] - symbol = symbol: null

2019-08-10 23:52:05 - [TEST_STEP][PASSED] - println(symbol): null

2019-08-10 23:52:05 - [TEST_STEP][PASSED] - if (i == 2 &amp;&amp; wildList.indexOf(symbol) != -1): null

2019-08-10 23:52:05 - [TEST_STEP][PASSED] - if (i == 3 &amp;&amp; wildList.indexOf(symbol) != -1): null

2019-08-10 23:52:05 - [TEST_STEP][PASSED] - if (i == 4 &amp;&amp; wildList.indexOf(symbol) != -1): null

2019-08-10 23:52:05 - [TEST_STEP][PASSED] - symbol = symbol: null

2019-08-10 23:52:05 - [TEST_STEP][PASSED] - println(symbol): null

2019-08-10 23:52:05 - [TEST_STEP][PASSED] - if (i == 2 &amp;&amp; wildList.indexOf(symbol) != -1): null

2019-08-10 23:52:05 - [TEST_STEP][PASSED] - if (i == 3 &amp;&amp; wildList.indexOf(symbol) != -1): null

2019-08-10 23:52:05 - [TEST_STEP][PASSED] - if (i == 4 &amp;&amp; wildList.indexOf(symbol) != -1): null

2019-08-10 23:52:05 - [TEST_STEP][PASSED] - free_spin_reel_counter = free_spin_reel_counter: null

2019-08-10 23:52:05 - [TEST_STEP][PASSED] - println("reel 3 wild found: " + free_spin_reel_counter[0]): null

2019-08-10 23:52:05 - [TEST_STEP][PASSED] - println("reel 4 wild found: " + free_spin_reel_counter[1]): null

2019-08-10 23:52:05 - [TEST_STEP][PASSED] - println("reel 5 wild found: " + free_spin_reel_counter[2]): null

2019-08-10 23:52:05 - [TEST_STEP][PASSED] - M4_spin_reels = M4_spin_reels: null

2019-08-10 23:52:05 - [TEST_STEP][PASSED] - M4_spin_reels_symbols = symbol: null

2019-08-10 23:52:05 - [TEST_STEP][PASSED] - M4_spin_reels_symbols = M4_spin_reels_symbols: null

2019-08-10 23:52:05 - [TEST_STEP][PASSED] - M4_spin_reel_wins = reel_wins: null

2019-08-10 23:52:05 - [TEST_STEP][PASSED] - M4_spin_reel_wins = M4_spin_reel_wins: null

2019-08-10 23:52:05 - [TEST_STEP][PASSED] - println("GlobalVariable.M4_spin_reel_wins is: " + M4_spin_reel_wins): null

2019-08-10 23:52:05 - [TEST_STEP][PASSED] - M4_spin_total_bonus_win_this_round = total_bonus_win_this_round: null

2019-08-10 23:52:05 - [TEST_STEP][PASSED] - M4_spin_total_bonus_win_this_round = M4_spin_total_bonus_win_this_round: null

2019-08-10 23:52:05 - [TEST_STEP][PASSED] - println("GlobalVariable.M4_spin_total_bonus_win_this_round is: " + M4_spin_total_bonus_win_this_round): null

2019-08-10 23:52:05 - [MESSAGE][PASSED] - Verify response successfully

2019-08-10 23:52:05 - [MESSAGE][PASSED] - Send request and verify the response successfully

2019-08-10 23:52:05 - [TEST_STEP][PASSED] - if (M4_total_bonus_spins_int != 0 &amp;&amp; M4_spin_reels_symbols[2].contains("WILD_ExtraFG") || M4_spin_reels_symbols[3].contains("WILD_ExtraFG")): null

2019-08-10 23:52:05 - [TEST_STEP][PASSED] - free_spin_reel_counter = free_spin_reel_counter: null

2019-08-10 23:52:05 - [TEST_STEP][PASSED] - M4_spin_reels_symbols = M4_spin_reels_symbols: null

2019-08-10 23:52:05 - [TEST_STEP][PASSED] - M4_total_bonus_spins = M4_total_bonus_spins: null

2019-08-10 23:52:05 - [TEST_STEP][PASSED] - spin_result = sendRequestAndVerify(findTestObject("RGS(M4)/1_M4_spin", ["M4_login_user_id":M4_login_user_id, "rgs_session_token":rgs_session_token, "partner":Partner])): Send request and verify the response successfully

2019-08-10 23:52:06 - [TEST_CASE][PASSED] - Start Test Case : Verification: Verification accomplished successfully

2019-08-10 23:52:06 - [TEST_STEP][PASSED] - request = getInstance().getCurrentRequest(): null

2019-08-10 23:52:06 - [TEST_STEP][PASSED] - response = getInstance().getCurrentResponse(): null

2019-08-10 23:52:06 - [TEST_STEP][PASSED] - verifyResponseStatusCode(response, 200): Verify response status code successfully

2019-08-10 23:52:06 - [MESSAGE][PASSED] - Verify response status code successfully

2019-08-10 23:52:06 - [TEST_STEP][PASSED] - getStatusCode()).isEqualTo(200): null

2019-08-10 23:52:06 - [TEST_STEP][PASSED] - newline = System.getProperty("line.separator"): null

2019-08-10 23:52:06 - [TEST_STEP][PASSED] - M4_spin = new groovy.json.JsonSlurper(): null

2019-08-10 23:52:06 - [TEST_STEP][PASSED] - result_M4_spin = M4_spin.parseText(response.getResponseBodyContent()): null

2019-08-10 23:52:06 - [TEST_STEP][PASSED] - M4_spin_current_balance = current_balance: null

2019-08-10 23:52:06 - [TEST_STEP][PASSED] - M4_spin_current_balance = M4_spin_current_balance: null

2019-08-10 23:52:06 - [TEST_STEP][PASSED] - M4_spin_transaction_id = causality: null

2019-08-10 23:52:06 - [TEST_STEP][PASSED] - M4_spin_transaction_id = M4_spin_transaction_id: null

2019-08-10 23:52:06 - [TEST_STEP][PASSED] - M4_spin_round_id = round_id: null

2019-08-10 23:52:06 - [TEST_STEP][PASSED] - M4_spin_round_id = M4_spin_round_id: null

2019-08-10 23:52:06 - [TEST_STEP][PASSED] - M4_spin_line_wins = line_wins: null

2019-08-10 23:52:06 - [TEST_STEP][PASSED] - M4_spin_line_wins = M4_spin_line_wins: null

2019-08-10 23:52:06 - [TEST_STEP][PASSED] - M4_total_bonus_spins_int = total_bonus_spins: null

2019-08-10 23:52:06 - [TEST_STEP][PASSED] - println("******M4_total_bonus_spins type is:*******" + newline + getClass().getName()): null

2019-08-10 23:52:06 - [TEST_STEP][PASSED] - M4_total_bonus_spins_int = M4_total_bonus_spins_int: null

2019-08-10 23:52:06 - [TEST_STEP][PASSED] - M4_total_bonus_spins = Integer.toString(M4_total_bonus_spins_int): null

2019-08-10 23:52:06 - [TEST_STEP][PASSED] - M4_total_bonus_spins = M4_total_bonus_spins: null

2019-08-10 23:52:06 - [TEST_STEP][PASSED] - println("M4_total_bonus_spins is:" + M4_total_bonus_spins): null

2019-08-10 23:52:06 - [TEST_STEP][PASSED] - M4_spin_bonus_data = bonus_data: null

2019-08-10 23:52:06 - [TEST_STEP][PASSED] - M4_spin_features_triggered = result_M4_spin: null

2019-08-10 23:52:06 - [TEST_STEP][PASSED] - wild = []: null

2019-08-10 23:52:06 - [TEST_STEP][PASSED] - wild[0] = "WILD_Expanding": null

2019-08-10 23:52:06 - [TEST_STEP][PASSED] - wild[1] = "WILD_Normal": null

2019-08-10 23:52:06 - [TEST_STEP][PASSED] - wild[2] = "WILD_Double": null

2019-08-10 23:52:06 - [TEST_STEP][PASSED] - wild[3] = "WILD_ExtraFG": null

2019-08-10 23:52:06 - [TEST_STEP][PASSED] - wild[4] = "WILD_Triple": null

2019-08-10 23:52:06 - [TEST_STEP][PASSED] - wildList = Arrays.asList(wild): null

2019-08-10 23:52:06 - [TEST_STEP][PASSED] - wildList = wildList: null

2019-08-10 23:52:06 - [TEST_STEP][PASSED] - free_spin_reel_counter = []: null

2019-08-10 23:52:06 - [TEST_STEP][PASSED] - free_spin_reel_counter[0] = 0: null

2019-08-10 23:52:06 - [TEST_STEP][PASSED] - free_spin_reel_counter[1] = 0: null

2019-08-10 23:52:06 - [TEST_STEP][PASSED] - free_spin_reel_counter[2] = 0: null

2019-08-10 23:52:06 - [TEST_STEP][PASSED] - M4_spin_reels = reels: null

2019-08-10 23:52:06 - [TEST_STEP][PASSED] - for ([i = 0, i &lt; M4_spin_reels.size(), (i++)]): null

2019-08-10 23:52:06 - [TEST_STEP][PASSED] - symbols = symbols: null

2019-08-10 23:52:06 - [TEST_STEP][PASSED] - for ([j = 0, j &lt; symbols.size(), (j++)]): null

2019-08-10 23:52:06 - [TEST_STEP][PASSED] - symbol = symbol: null

2019-08-10 23:52:06 - [TEST_STEP][PASSED] - println(symbol): null

2019-08-10 23:52:06 - [TEST_STEP][PASSED] - if (i == 2 &amp;&amp; wildList.indexOf(symbol) != -1): null

2019-08-10 23:52:06 - [TEST_STEP][PASSED] - if (i == 3 &amp;&amp; wildList.indexOf(symbol) != -1): null

2019-08-10 23:52:06 - [TEST_STEP][PASSED] - if (i == 4 &amp;&amp; wildList.indexOf(symbol) != -1): null

2019-08-10 23:52:06 - [TEST_STEP][PASSED] - symbol = symbol: null

2019-08-10 23:52:06 - [TEST_STEP][PASSED] - println(symbol): null

2019-08-10 23:52:06 - [TEST_STEP][PASSED] - if (i == 2 &amp;&amp; wildList.indexOf(symbol) != -1): null

2019-08-10 23:52:06 - [TEST_STEP][PASSED] - if (i == 3 &amp;&amp; wildList.indexOf(symbol) != -1): null

2019-08-10 23:52:06 - [TEST_STEP][PASSED] - if (i == 4 &amp;&amp; wildList.indexOf(symbol) != -1): null

2019-08-10 23:52:06 - [TEST_STEP][PASSED] - symbol = symbol: null

2019-08-10 23:52:06 - [TEST_STEP][PASSED] - println(symbol): null

2019-08-10 23:52:06 - [TEST_STEP][PASSED] - if (i == 2 &amp;&amp; wildList.indexOf(symbol) != -1): null

2019-08-10 23:52:06 - [TEST_STEP][PASSED] - if (i == 3 &amp;&amp; wildList.indexOf(symbol) != -1): null

2019-08-10 23:52:06 - [TEST_STEP][PASSED] - if (i == 4 &amp;&amp; wildList.indexOf(symbol) != -1): null

2019-08-10 23:52:06 - [TEST_STEP][PASSED] - symbols = symbols: null

2019-08-10 23:52:06 - [TEST_STEP][PASSED] - for ([j = 0, j &lt; symbols.size(), (j++)]): null

2019-08-10 23:52:06 - [TEST_STEP][PASSED] - symbol = symbol: null

2019-08-10 23:52:06 - [TEST_STEP][PASSED] - println(symbol): null

2019-08-10 23:52:06 - [TEST_STEP][PASSED] - if (i == 2 &amp;&amp; wildList.indexOf(symbol) != -1): null

2019-08-10 23:52:06 - [TEST_STEP][PASSED] - if (i == 3 &amp;&amp; wildList.indexOf(symbol) != -1): null

2019-08-10 23:52:06 - [TEST_STEP][PASSED] - if (i == 4 &amp;&amp; wildList.indexOf(symbol) != -1): null

2019-08-10 23:52:06 - [TEST_STEP][PASSED] - symbol = symbol: null

2019-08-10 23:52:06 - [TEST_STEP][PASSED] - println(symbol): null

2019-08-10 23:52:06 - [TEST_STEP][PASSED] - if (i == 2 &amp;&amp; wildList.indexOf(symbol) != -1): null

2019-08-10 23:52:06 - [TEST_STEP][PASSED] - if (i == 3 &amp;&amp; wildList.indexOf(symbol) != -1): null

2019-08-10 23:52:06 - [TEST_STEP][PASSED] - if (i == 4 &amp;&amp; wildList.indexOf(symbol) != -1): null

2019-08-10 23:52:06 - [TEST_STEP][PASSED] - symbol = symbol: null

2019-08-10 23:52:06 - [TEST_STEP][PASSED] - println(symbol): null

2019-08-10 23:52:06 - [TEST_STEP][PASSED] - if (i == 2 &amp;&amp; wildList.indexOf(symbol) != -1): null

2019-08-10 23:52:06 - [TEST_STEP][PASSED] - if (i == 3 &amp;&amp; wildList.indexOf(symbol) != -1): null

2019-08-10 23:52:06 - [TEST_STEP][PASSED] - if (i == 4 &amp;&amp; wildList.indexOf(symbol) != -1): null

2019-08-10 23:52:06 - [TEST_STEP][PASSED] - symbols = symbols: null

2019-08-10 23:52:06 - [TEST_STEP][PASSED] - for ([j = 0, j &lt; symbols.size(), (j++)]): null

2019-08-10 23:52:06 - [TEST_STEP][PASSED] - symbol = symbol: null

2019-08-10 23:52:06 - [TEST_STEP][PASSED] - println(symbol): null

2019-08-10 23:52:06 - [TEST_STEP][PASSED] - if (i == 2 &amp;&amp; wildList.indexOf(symbol) != -1): null

2019-08-10 23:52:06 - [TEST_STEP][PASSED] - if (i == 3 &amp;&amp; wildList.indexOf(symbol) != -1): null

2019-08-10 23:52:06 - [TEST_STEP][PASSED] - if (i == 4 &amp;&amp; wildList.indexOf(symbol) != -1): null

2019-08-10 23:52:06 - [TEST_STEP][PASSED] - symbol = symbol: null

2019-08-10 23:52:06 - [TEST_STEP][PASSED] - println(symbol): null

2019-08-10 23:52:06 - [TEST_STEP][PASSED] - if (i == 2 &amp;&amp; wildList.indexOf(symbol) != -1): null

2019-08-10 23:52:06 - [TEST_STEP][PASSED] - if (i == 3 &amp;&amp; wildList.indexOf(symbol) != -1): null

2019-08-10 23:52:06 - [TEST_STEP][PASSED] - if (i == 4 &amp;&amp; wildList.indexOf(symbol) != -1): null

2019-08-10 23:52:06 - [TEST_STEP][PASSED] - symbol = symbol: null

2019-08-10 23:52:06 - [TEST_STEP][PASSED] - println(symbol): null

2019-08-10 23:52:06 - [TEST_STEP][PASSED] - if (i == 2 &amp;&amp; wildList.indexOf(symbol) != -1): null

2019-08-10 23:52:06 - [TEST_STEP][PASSED] - if (i == 3 &amp;&amp; wildList.indexOf(symbol) != -1): null

2019-08-10 23:52:06 - [TEST_STEP][PASSED] - if (i == 4 &amp;&amp; wildList.indexOf(symbol) != -1): null

2019-08-10 23:52:06 - [TEST_STEP][PASSED] - symbols = symbols: null

2019-08-10 23:52:06 - [TEST_STEP][PASSED] - for ([j = 0, j &lt; symbols.size(), (j++)]): null

2019-08-10 23:52:06 - [TEST_STEP][PASSED] - symbol = symbol: null

2019-08-10 23:52:06 - [TEST_STEP][PASSED] - println(symbol): null

2019-08-10 23:52:06 - [TEST_STEP][PASSED] - if (i == 2 &amp;&amp; wildList.indexOf(symbol) != -1): null

2019-08-10 23:52:06 - [TEST_STEP][PASSED] - if (i == 3 &amp;&amp; wildList.indexOf(symbol) != -1): null

2019-08-10 23:52:06 - [TEST_STEP][PASSED] - if (i == 4 &amp;&amp; wildList.indexOf(symbol) != -1): null

2019-08-10 23:52:06 - [TEST_STEP][PASSED] - symbol = symbol: null

2019-08-10 23:52:06 - [TEST_STEP][PASSED] - println(symbol): null

2019-08-10 23:52:06 - [TEST_STEP][PASSED] - if (i == 2 &amp;&amp; wildList.indexOf(symbol) != -1): null

2019-08-10 23:52:06 - [TEST_STEP][PASSED] - if (i == 3 &amp;&amp; wildList.indexOf(symbol) != -1): null

2019-08-10 23:52:06 - [TEST_STEP][PASSED] - if (i == 4 &amp;&amp; wildList.indexOf(symbol) != -1): null

2019-08-10 23:52:06 - [TEST_STEP][PASSED] - symbol = symbol: null

2019-08-10 23:52:06 - [TEST_STEP][PASSED] - println(symbol): null

2019-08-10 23:52:06 - [TEST_STEP][PASSED] - if (i == 2 &amp;&amp; wildList.indexOf(symbol) != -1): null

2019-08-10 23:52:06 - [TEST_STEP][PASSED] - if (i == 3 &amp;&amp; wildList.indexOf(symbol) != -1): null

2019-08-10 23:52:06 - [TEST_STEP][PASSED] - if (i == 4 &amp;&amp; wildList.indexOf(symbol) != -1): null

2019-08-10 23:52:06 - [TEST_STEP][PASSED] - symbols = symbols: null

2019-08-10 23:52:06 - [TEST_STEP][PASSED] - for ([j = 0, j &lt; symbols.size(), (j++)]): null

2019-08-10 23:52:06 - [TEST_STEP][PASSED] - symbol = symbol: null

2019-08-10 23:52:06 - [TEST_STEP][PASSED] - println(symbol): null

2019-08-10 23:52:06 - [TEST_STEP][PASSED] - if (i == 2 &amp;&amp; wildList.indexOf(symbol) != -1): null

2019-08-10 23:52:06 - [TEST_STEP][PASSED] - if (i == 3 &amp;&amp; wildList.indexOf(symbol) != -1): null

2019-08-10 23:52:06 - [TEST_STEP][PASSED] - if (i == 4 &amp;&amp; wildList.indexOf(symbol) != -1): null

2019-08-10 23:52:06 - [TEST_STEP][PASSED] - symbol = symbol: null

2019-08-10 23:52:06 - [TEST_STEP][PASSED] - println(symbol): null

2019-08-10 23:52:06 - [TEST_STEP][PASSED] - if (i == 2 &amp;&amp; wildList.indexOf(symbol) != -1): null

2019-08-10 23:52:06 - [TEST_STEP][PASSED] - if (i == 3 &amp;&amp; wildList.indexOf(symbol) != -1): null

2019-08-10 23:52:06 - [TEST_STEP][PASSED] - if (i == 4 &amp;&amp; wildList.indexOf(symbol) != -1): null

2019-08-10 23:52:06 - [TEST_STEP][PASSED] - symbol = symbol: null

2019-08-10 23:52:06 - [TEST_STEP][PASSED] - println(symbol): null

2019-08-10 23:52:06 - [TEST_STEP][PASSED] - if (i == 2 &amp;&amp; wildList.indexOf(symbol) != -1): null

2019-08-10 23:52:06 - [TEST_STEP][PASSED] - if (i == 3 &amp;&amp; wildList.indexOf(symbol) != -1): null

2019-08-10 23:52:06 - [TEST_STEP][PASSED] - if (i == 4 &amp;&amp; wildList.indexOf(symbol) != -1): null

2019-08-10 23:52:06 - [TEST_STEP][PASSED] - free_spin_reel_counter = free_spin_reel_counter: null

2019-08-10 23:52:06 - [TEST_STEP][PASSED] - println("reel 3 wild found: " + free_spin_reel_counter[0]): null

2019-08-10 23:52:06 - [TEST_STEP][PASSED] - println("reel 4 wild found: " + free_spin_reel_counter[1]): null

2019-08-10 23:52:06 - [TEST_STEP][PASSED] - println("reel 5 wild found: " + free_spin_reel_counter[2]): null

2019-08-10 23:52:06 - [TEST_STEP][PASSED] - M4_spin_reels = M4_spin_reels: null

2019-08-10 23:52:06 - [TEST_STEP][PASSED] - M4_spin_reels_symbols = symbol: null

2019-08-10 23:52:06 - [TEST_STEP][PASSED] - M4_spin_reels_symbols = M4_spin_reels_symbols: null

2019-08-10 23:52:06 - [TEST_STEP][PASSED] - M4_spin_reel_wins = reel_wins: null

2019-08-10 23:52:06 - [TEST_STEP][PASSED] - M4_spin_reel_wins = M4_spin_reel_wins: null

2019-08-10 23:52:06 - [TEST_STEP][PASSED] - println("GlobalVariable.M4_spin_reel_wins is: " + M4_spin_reel_wins): null

2019-08-10 23:52:06 - [TEST_STEP][PASSED] - M4_spin_total_bonus_win_this_round = total_bonus_win_this_round: null

2019-08-10 23:52:06 - [TEST_STEP][PASSED] - M4_spin_total_bonus_win_this_round = M4_spin_total_bonus_win_this_round: null

2019-08-10 23:52:06 - [TEST_STEP][PASSED] - println("GlobalVariable.M4_spin_total_bonus_win_this_round is: " + M4_spin_total_bonus_win_this_round): null

2019-08-10 23:52:06 - [MESSAGE][PASSED] - Verify response successfully

2019-08-10 23:52:06 - [MESSAGE][PASSED] - Send request and verify the response successfully

2019-08-10 23:52:06 - [TEST_STEP][PASSED] - if (M4_total_bonus_spins_int != 0 &amp;&amp; M4_spin_reels_symbols[2].contains("WILD_ExtraFG") || M4_spin_reels_symbols[3].contains("WILD_ExtraFG")): null

2019-08-10 23:52:06 - [TEST_STEP][PASSED] - free_spin_reel_counter = free_spin_reel_counter: null

2019-08-10 23:52:06 - [TEST_STEP][PASSED] - M4_spin_reels_symbols = M4_spin_reels_symbols: null

2019-08-10 23:52:06 - [TEST_STEP][PASSED] - M4_total_bonus_spins = M4_total_bonus_spins: null

2019-08-10 23:52:06 - [TEST_STEP][PASSED] - spin_result = sendRequestAndVerify(findTestObject("RGS(M4)/1_M4_spin", ["M4_login_user_id":M4_login_user_id, "rgs_session_token":rgs_session_token, "partner":Partner])): Send request and verify the response successfully

2019-08-10 23:52:06 - [TEST_CASE][PASSED] - Start Test Case : Verification: Verification accomplished successfully

2019-08-10 23:52:06 - [TEST_STEP][PASSED] - request = getInstance().getCurrentRequest(): null

2019-08-10 23:52:06 - [TEST_STEP][PASSED] - response = getInstance().getCurrentResponse(): null

2019-08-10 23:52:06 - [TEST_STEP][PASSED] - verifyResponseStatusCode(response, 200): Verify response status code successfully

2019-08-10 23:52:06 - [MESSAGE][PASSED] - Verify response status code successfully

2019-08-10 23:52:06 - [TEST_STEP][PASSED] - getStatusCode()).isEqualTo(200): null

2019-08-10 23:52:06 - [TEST_STEP][PASSED] - newline = System.getProperty("line.separator"): null

2019-08-10 23:52:06 - [TEST_STEP][PASSED] - M4_spin = new groovy.json.JsonSlurper(): null

2019-08-10 23:52:06 - [TEST_STEP][PASSED] - result_M4_spin = M4_spin.parseText(response.getResponseBodyContent()): null

2019-08-10 23:52:06 - [TEST_STEP][PASSED] - M4_spin_current_balance = current_balance: null

2019-08-10 23:52:06 - [TEST_STEP][PASSED] - M4_spin_current_balance = M4_spin_current_balance: null

2019-08-10 23:52:06 - [TEST_STEP][PASSED] - M4_spin_transaction_id = causality: null

2019-08-10 23:52:06 - [TEST_STEP][PASSED] - M4_spin_transaction_id = M4_spin_transaction_id: null

2019-08-10 23:52:06 - [TEST_STEP][PASSED] - M4_spin_round_id = round_id: null

2019-08-10 23:52:06 - [TEST_STEP][PASSED] - M4_spin_round_id = M4_spin_round_id: null

2019-08-10 23:52:06 - [TEST_STEP][PASSED] - M4_spin_line_wins = line_wins: null

2019-08-10 23:52:06 - [TEST_STEP][PASSED] - M4_spin_line_wins = M4_spin_line_wins: null

2019-08-10 23:52:06 - [TEST_STEP][PASSED] - M4_total_bonus_spins_int = total_bonus_spins: null

2019-08-10 23:52:06 - [TEST_STEP][PASSED] - println("******M4_total_bonus_spins type is:*******" + newline + getClass().getName()): null

2019-08-10 23:52:06 - [TEST_STEP][PASSED] - M4_total_bonus_spins_int = M4_total_bonus_spins_int: null

2019-08-10 23:52:06 - [TEST_STEP][PASSED] - M4_total_bonus_spins = Integer.toString(M4_total_bonus_spins_int): null

2019-08-10 23:52:06 - [TEST_STEP][PASSED] - M4_total_bonus_spins = M4_total_bonus_spins: null

2019-08-10 23:52:06 - [TEST_STEP][PASSED] - println("M4_total_bonus_spins is:" + M4_total_bonus_spins): null

2019-08-10 23:52:06 - [TEST_STEP][PASSED] - M4_spin_bonus_data = bonus_data: null

2019-08-10 23:52:06 - [TEST_STEP][PASSED] - M4_spin_features_triggered = result_M4_spin: null

2019-08-10 23:52:06 - [TEST_STEP][PASSED] - wild = []: null

2019-08-10 23:52:06 - [TEST_STEP][PASSED] - wild[0] = "WILD_Expanding": null

2019-08-10 23:52:06 - [TEST_STEP][PASSED] - wild[1] = "WILD_Normal": null

2019-08-10 23:52:06 - [TEST_STEP][PASSED] - wild[2] = "WILD_Double": null

2019-08-10 23:52:06 - [TEST_STEP][PASSED] - wild[3] = "WILD_ExtraFG": null

2019-08-10 23:52:06 - [TEST_STEP][PASSED] - wild[4] = "WILD_Triple": null

2019-08-10 23:52:06 - [TEST_STEP][PASSED] - wildList = Arrays.asList(wild): null

2019-08-10 23:52:06 - [TEST_STEP][PASSED] - wildList = wildList: null

2019-08-10 23:52:06 - [TEST_STEP][PASSED] - free_spin_reel_counter = []: null

2019-08-10 23:52:06 - [TEST_STEP][PASSED] - free_spin_reel_counter[0] = 0: null

2019-08-10 23:52:06 - [TEST_STEP][PASSED] - free_spin_reel_counter[1] = 0: null

2019-08-10 23:52:06 - [TEST_STEP][PASSED] - free_spin_reel_counter[2] = 0: null

2019-08-10 23:52:06 - [TEST_STEP][PASSED] - M4_spin_reels = reels: null

2019-08-10 23:52:06 - [TEST_STEP][PASSED] - for ([i = 0, i &lt; M4_spin_reels.size(), (i++)]): null

2019-08-10 23:52:06 - [TEST_STEP][PASSED] - symbols = symbols: null

2019-08-10 23:52:06 - [TEST_STEP][PASSED] - for ([j = 0, j &lt; symbols.size(), (j++)]): null

2019-08-10 23:52:06 - [TEST_STEP][PASSED] - symbol = symbol: null

2019-08-10 23:52:06 - [TEST_STEP][PASSED] - println(symbol): null

2019-08-10 23:52:06 - [TEST_STEP][PASSED] - if (i == 2 &amp;&amp; wildList.indexOf(symbol) != -1): null

2019-08-10 23:52:06 - [TEST_STEP][PASSED] - if (i == 3 &amp;&amp; wildList.indexOf(symbol) != -1): null

2019-08-10 23:52:06 - [TEST_STEP][PASSED] - if (i == 4 &amp;&amp; wildList.indexOf(symbol) != -1): null

2019-08-10 23:52:06 - [TEST_STEP][PASSED] - symbol = symbol: null

2019-08-10 23:52:06 - [TEST_STEP][PASSED] - println(symbol): null

2019-08-10 23:52:06 - [TEST_STEP][PASSED] - if (i == 2 &amp;&amp; wildList.indexOf(symbol) != -1): null

2019-08-10 23:52:06 - [TEST_STEP][PASSED] - if (i == 3 &amp;&amp; wildList.indexOf(symbol) != -1): null

2019-08-10 23:52:06 - [TEST_STEP][PASSED] - if (i == 4 &amp;&amp; wildList.indexOf(symbol) != -1): null

2019-08-10 23:52:06 - [TEST_STEP][PASSED] - symbol = symbol: null

2019-08-10 23:52:06 - [TEST_STEP][PASSED] - println(symbol): null

2019-08-10 23:52:06 - [TEST_STEP][PASSED] - if (i == 2 &amp;&amp; wildList.indexOf(symbol) != -1): null

2019-08-10 23:52:06 - [TEST_STEP][PASSED] - if (i == 3 &amp;&amp; wildList.indexOf(symbol) != -1): null

2019-08-10 23:52:06 - [TEST_STEP][PASSED] - if (i == 4 &amp;&amp; wildList.indexOf(symbol) != -1): null

2019-08-10 23:52:06 - [TEST_STEP][PASSED] - symbols = symbols: null

2019-08-10 23:52:06 - [TEST_STEP][PASSED] - for ([j = 0, j &lt; symbols.size(), (j++)]): null

2019-08-10 23:52:06 - [TEST_STEP][PASSED] - symbol = symbol: null

2019-08-10 23:52:06 - [TEST_STEP][PASSED] - println(symbol): null

2019-08-10 23:52:06 - [TEST_STEP][PASSED] - if (i == 2 &amp;&amp; wildList.indexOf(symbol) != -1): null

2019-08-10 23:52:06 - [TEST_STEP][PASSED] - if (i == 3 &amp;&amp; wildList.indexOf(symbol) != -1): null

2019-08-10 23:52:06 - [TEST_STEP][PASSED] - if (i == 4 &amp;&amp; wildList.indexOf(symbol) != -1): null

2019-08-10 23:52:06 - [TEST_STEP][PASSED] - symbol = symbol: null

2019-08-10 23:52:06 - [TEST_STEP][PASSED] - println(symbol): null

2019-08-10 23:52:06 - [TEST_STEP][PASSED] - if (i == 2 &amp;&amp; wildList.indexOf(symbol) != -1): null

2019-08-10 23:52:06 - [TEST_STEP][PASSED] - if (i == 3 &amp;&amp; wildList.indexOf(symbol) != -1): null

2019-08-10 23:52:06 - [TEST_STEP][PASSED] - if (i == 4 &amp;&amp; wildList.indexOf(symbol) != -1): null

2019-08-10 23:52:06 - [TEST_STEP][PASSED] - symbol = symbol: null

2019-08-10 23:52:06 - [TEST_STEP][PASSED] - println(symbol): null

2019-08-10 23:52:06 - [TEST_STEP][PASSED] - if (i == 2 &amp;&amp; wildList.indexOf(symbol) != -1): null

2019-08-10 23:52:06 - [TEST_STEP][PASSED] - if (i == 3 &amp;&amp; wildList.indexOf(symbol) != -1): null

2019-08-10 23:52:06 - [TEST_STEP][PASSED] - if (i == 4 &amp;&amp; wildList.indexOf(symbol) != -1): null

2019-08-10 23:52:06 - [TEST_STEP][PASSED] - symbols = symbols: null

2019-08-10 23:52:06 - [TEST_STEP][PASSED] - for ([j = 0, j &lt; symbols.size(), (j++)]): null

2019-08-10 23:52:06 - [TEST_STEP][PASSED] - symbol = symbol: null

2019-08-10 23:52:06 - [TEST_STEP][PASSED] - println(symbol): null

2019-08-10 23:52:06 - [TEST_STEP][PASSED] - if (i == 2 &amp;&amp; wildList.indexOf(symbol) != -1): null

2019-08-10 23:52:06 - [TEST_STEP][PASSED] - if (i == 3 &amp;&amp; wildList.indexOf(symbol) != -1): null

2019-08-10 23:52:06 - [TEST_STEP][PASSED] - if (i == 4 &amp;&amp; wildList.indexOf(symbol) != -1): null

2019-08-10 23:52:06 - [TEST_STEP][PASSED] - symbol = symbol: null

2019-08-10 23:52:06 - [TEST_STEP][PASSED] - println(symbol): null

2019-08-10 23:52:06 - [TEST_STEP][PASSED] - if (i == 2 &amp;&amp; wildList.indexOf(symbol) != -1): null

2019-08-10 23:52:06 - [TEST_STEP][PASSED] - if (i == 3 &amp;&amp; wildList.indexOf(symbol) != -1): null

2019-08-10 23:52:06 - [TEST_STEP][PASSED] - if (i == 4 &amp;&amp; wildList.indexOf(symbol) != -1): null

2019-08-10 23:52:06 - [TEST_STEP][PASSED] - symbol = symbol: null

2019-08-10 23:52:06 - [TEST_STEP][PASSED] - println(symbol): null

2019-08-10 23:52:06 - [TEST_STEP][PASSED] - if (i == 2 &amp;&amp; wildList.indexOf(symbol) != -1): null

2019-08-10 23:52:06 - [TEST_STEP][PASSED] - println("wild found on reel 3, adding counter by 1"): null

2019-08-10 23:52:06 - [TEST_STEP][PASSED] - free_spin_reel_counter[0] = free_spin_reel_counter[0] + 1: null

2019-08-10 23:52:06 - [TEST_STEP][PASSED] - if (i == 3 &amp;&amp; wildList.indexOf(symbol) != -1): null

2019-08-10 23:52:06 - [TEST_STEP][PASSED] - if (i == 4 &amp;&amp; wildList.indexOf(symbol) != -1): null

2019-08-10 23:52:06 - [TEST_STEP][PASSED] - symbols = symbols: null

2019-08-10 23:52:06 - [TEST_STEP][PASSED] - for ([j = 0, j &lt; symbols.size(), (j++)]): null

2019-08-10 23:52:06 - [TEST_STEP][PASSED] - symbol = symbol: null

2019-08-10 23:52:06 - [TEST_STEP][PASSED] - println(symbol): null

2019-08-10 23:52:06 - [TEST_STEP][PASSED] - if (i == 2 &amp;&amp; wildList.indexOf(symbol) != -1): null

2019-08-10 23:52:06 - [TEST_STEP][PASSED] - if (i == 3 &amp;&amp; wildList.indexOf(symbol) != -1): null

2019-08-10 23:52:06 - [TEST_STEP][PASSED] - if (i == 4 &amp;&amp; wildList.indexOf(symbol) != -1): null

2019-08-10 23:52:06 - [TEST_STEP][PASSED] - symbol = symbol: null

2019-08-10 23:52:06 - [TEST_STEP][PASSED] - println(symbol): null

2019-08-10 23:52:06 - [TEST_STEP][PASSED] - if (i == 2 &amp;&amp; wildList.indexOf(symbol) != -1): null

2019-08-10 23:52:06 - [TEST_STEP][PASSED] - if (i == 3 &amp;&amp; wildList.indexOf(symbol) != -1): null

2019-08-10 23:52:06 - [TEST_STEP][PASSED] - println("wild found on reel 4, adding counter by 1"): null

2019-08-10 23:52:06 - [TEST_STEP][PASSED] - free_spin_reel_counter[1] = free_spin_reel_counter[1] + 1: null

2019-08-10 23:52:06 - [TEST_STEP][PASSED] - if (i == 4 &amp;&amp; wildList.indexOf(symbol) != -1): null

2019-08-10 23:52:06 - [TEST_STEP][PASSED] - symbol = symbol: null

2019-08-10 23:52:06 - [TEST_STEP][PASSED] - println(symbol): null

2019-08-10 23:52:06 - [TEST_STEP][PASSED] - if (i == 2 &amp;&amp; wildList.indexOf(symbol) != -1): null

2019-08-10 23:52:06 - [TEST_STEP][PASSED] - if (i == 3 &amp;&amp; wildList.indexOf(symbol) != -1): null

2019-08-10 23:52:06 - [TEST_STEP][PASSED] - if (i == 4 &amp;&amp; wildList.indexOf(symbol) != -1): null

2019-08-10 23:52:06 - [TEST_STEP][PASSED] - symbols = symbols: null

2019-08-10 23:52:06 - [TEST_STEP][PASSED] - for ([j = 0, j &lt; symbols.size(), (j++)]): null

2019-08-10 23:52:06 - [TEST_STEP][PASSED] - symbol = symbol: null

2019-08-10 23:52:06 - [TEST_STEP][PASSED] - println(symbol): null

2019-08-10 23:52:06 - [TEST_STEP][PASSED] - if (i == 2 &amp;&amp; wildList.indexOf(symbol) != -1): null

2019-08-10 23:52:06 - [TEST_STEP][PASSED] - if (i == 3 &amp;&amp; wildList.indexOf(symbol) != -1): null

2019-08-10 23:52:06 - [TEST_STEP][PASSED] - if (i == 4 &amp;&amp; wildList.indexOf(symbol) != -1): null

2019-08-10 23:52:06 - [TEST_STEP][PASSED] - symbol = symbol: null

2019-08-10 23:52:06 - [TEST_STEP][PASSED] - println(symbol): null

2019-08-10 23:52:06 - [TEST_STEP][PASSED] - if (i == 2 &amp;&amp; wildList.indexOf(symbol) != -1): null

2019-08-10 23:52:06 - [TEST_STEP][PASSED] - if (i == 3 &amp;&amp; wildList.indexOf(symbol) != -1): null

2019-08-10 23:52:06 - [TEST_STEP][PASSED] - if (i == 4 &amp;&amp; wildList.indexOf(symbol) != -1): null

2019-08-10 23:52:06 - [TEST_STEP][PASSED] - symbol = symbol: null

2019-08-10 23:52:06 - [TEST_STEP][PASSED] - println(symbol): null

2019-08-10 23:52:06 - [TEST_STEP][PASSED] - if (i == 2 &amp;&amp; wildList.indexOf(symbol) != -1): null

2019-08-10 23:52:06 - [TEST_STEP][PASSED] - if (i == 3 &amp;&amp; wildList.indexOf(symbol) != -1): null

2019-08-10 23:52:06 - [TEST_STEP][PASSED] - if (i == 4 &amp;&amp; wildList.indexOf(symbol) != -1): null

2019-08-10 23:52:06 - [TEST_STEP][PASSED] - free_spin_reel_counter = free_spin_reel_counter: null

2019-08-10 23:52:06 - [TEST_STEP][PASSED] - println("reel 3 wild found: " + free_spin_reel_counter[0]): null

2019-08-10 23:52:06 - [TEST_STEP][PASSED] - println("reel 4 wild found: " + free_spin_reel_counter[1]): null

2019-08-10 23:52:06 - [TEST_STEP][PASSED] - println("reel 5 wild found: " + free_spin_reel_counter[2]): null

2019-08-10 23:52:06 - [TEST_STEP][PASSED] - M4_spin_reels = M4_spin_reels: null

2019-08-10 23:52:06 - [TEST_STEP][PASSED] - M4_spin_reels_symbols = symbol: null

2019-08-10 23:52:06 - [TEST_STEP][PASSED] - M4_spin_reels_symbols = M4_spin_reels_symbols: null

2019-08-10 23:52:06 - [TEST_STEP][PASSED] - M4_spin_reel_wins = reel_wins: null

2019-08-10 23:52:06 - [TEST_STEP][PASSED] - M4_spin_reel_wins = M4_spin_reel_wins: null

2019-08-10 23:52:06 - [TEST_STEP][PASSED] - println("GlobalVariable.M4_spin_reel_wins is: " + M4_spin_reel_wins): null

2019-08-10 23:52:06 - [TEST_STEP][PASSED] - M4_spin_total_bonus_win_this_round = total_bonus_win_this_round: null

2019-08-10 23:52:06 - [TEST_STEP][PASSED] - M4_spin_total_bonus_win_this_round = M4_spin_total_bonus_win_this_round: null

2019-08-10 23:52:06 - [TEST_STEP][PASSED] - println("GlobalVariable.M4_spin_total_bonus_win_this_round is: " + M4_spin_total_bonus_win_this_round): null

2019-08-10 23:52:06 - [MESSAGE][PASSED] - Verify response successfully

2019-08-10 23:52:06 - [MESSAGE][PASSED] - Send request and verify the response successfully

2019-08-10 23:52:06 - [TEST_STEP][PASSED] - if (M4_total_bonus_spins_int != 0 &amp;&amp; M4_spin_reels_symbols[2].contains("WILD_ExtraFG") || M4_spin_reels_symbols[3].contains("WILD_ExtraFG")): null

2019-08-10 23:52:06 - [TEST_STEP][PASSED] - free_spin_reel_counter = free_spin_reel_counter: null

2019-08-10 23:52:06 - [TEST_STEP][PASSED] - M4_spin_reels_symbols = M4_spin_reels_symbols: null

2019-08-10 23:52:06 - [TEST_STEP][PASSED] - M4_total_bonus_spins = M4_total_bonus_spins: null

2019-08-10 23:52:06 - [TEST_STEP][PASSED] - spin_result = sendRequestAndVerify(findTestObject("RGS(M4)/1_M4_spin", ["M4_login_user_id":M4_login_user_id, "rgs_session_token":rgs_session_token, "partner":Partner])): Send request and verify the response successfully

2019-08-10 23:52:07 - [TEST_CASE][PASSED] - Start Test Case : Verification: Verification accomplished successfully

2019-08-10 23:52:07 - [TEST_STEP][PASSED] - request = getInstance().getCurrentRequest(): null

2019-08-10 23:52:07 - [TEST_STEP][PASSED] - response = getInstance().getCurrentResponse(): null

2019-08-10 23:52:07 - [TEST_STEP][PASSED] - verifyResponseStatusCode(response, 200): Verify response status code successfully

2019-08-10 23:52:07 - [MESSAGE][PASSED] - Verify response status code successfully

2019-08-10 23:52:07 - [TEST_STEP][PASSED] - getStatusCode()).isEqualTo(200): null

2019-08-10 23:52:07 - [TEST_STEP][PASSED] - newline = System.getProperty("line.separator"): null

2019-08-10 23:52:07 - [TEST_STEP][PASSED] - M4_spin = new groovy.json.JsonSlurper(): null

2019-08-10 23:52:07 - [TEST_STEP][PASSED] - result_M4_spin = M4_spin.parseText(response.getResponseBodyContent()): null

2019-08-10 23:52:07 - [TEST_STEP][PASSED] - M4_spin_current_balance = current_balance: null

2019-08-10 23:52:07 - [TEST_STEP][PASSED] - M4_spin_current_balance = M4_spin_current_balance: null

2019-08-10 23:52:07 - [TEST_STEP][PASSED] - M4_spin_transaction_id = causality: null

2019-08-10 23:52:07 - [TEST_STEP][PASSED] - M4_spin_transaction_id = M4_spin_transaction_id: null

2019-08-10 23:52:07 - [TEST_STEP][PASSED] - M4_spin_round_id = round_id: null

2019-08-10 23:52:07 - [TEST_STEP][PASSED] - M4_spin_round_id = M4_spin_round_id: null

2019-08-10 23:52:07 - [TEST_STEP][PASSED] - M4_spin_line_wins = line_wins: null

2019-08-10 23:52:07 - [TEST_STEP][PASSED] - M4_spin_line_wins = M4_spin_line_wins: null

2019-08-10 23:52:07 - [TEST_STEP][PASSED] - M4_total_bonus_spins_int = total_bonus_spins: null

2019-08-10 23:52:07 - [TEST_STEP][PASSED] - println("******M4_total_bonus_spins type is:*******" + newline + getClass().getName()): null

2019-08-10 23:52:07 - [TEST_STEP][PASSED] - M4_total_bonus_spins_int = M4_total_bonus_spins_int: null

2019-08-10 23:52:07 - [TEST_STEP][PASSED] - M4_total_bonus_spins = Integer.toString(M4_total_bonus_spins_int): null

2019-08-10 23:52:07 - [TEST_STEP][PASSED] - M4_total_bonus_spins = M4_total_bonus_spins: null

2019-08-10 23:52:07 - [TEST_STEP][PASSED] - println("M4_total_bonus_spins is:" + M4_total_bonus_spins): null

2019-08-10 23:52:07 - [TEST_STEP][PASSED] - M4_spin_bonus_data = bonus_data: null

2019-08-10 23:52:07 - [TEST_STEP][PASSED] - M4_spin_features_triggered = result_M4_spin: null

2019-08-10 23:52:07 - [TEST_STEP][PASSED] - wild = []: null

2019-08-10 23:52:07 - [TEST_STEP][PASSED] - wild[0] = "WILD_Expanding": null

2019-08-10 23:52:07 - [TEST_STEP][PASSED] - wild[1] = "WILD_Normal": null

2019-08-10 23:52:07 - [TEST_STEP][PASSED] - wild[2] = "WILD_Double": null

2019-08-10 23:52:07 - [TEST_STEP][PASSED] - wild[3] = "WILD_ExtraFG": null

2019-08-10 23:52:07 - [TEST_STEP][PASSED] - wild[4] = "WILD_Triple": null

2019-08-10 23:52:07 - [TEST_STEP][PASSED] - wildList = Arrays.asList(wild): null

2019-08-10 23:52:07 - [TEST_STEP][PASSED] - wildList = wildList: null

2019-08-10 23:52:07 - [TEST_STEP][PASSED] - free_spin_reel_counter = []: null

2019-08-10 23:52:07 - [TEST_STEP][PASSED] - free_spin_reel_counter[0] = 0: null

2019-08-10 23:52:07 - [TEST_STEP][PASSED] - free_spin_reel_counter[1] = 0: null

2019-08-10 23:52:07 - [TEST_STEP][PASSED] - free_spin_reel_counter[2] = 0: null

2019-08-10 23:52:07 - [TEST_STEP][PASSED] - M4_spin_reels = reels: null

2019-08-10 23:52:07 - [TEST_STEP][PASSED] - for ([i = 0, i &lt; M4_spin_reels.size(), (i++)]): null

2019-08-10 23:52:07 - [TEST_STEP][PASSED] - symbols = symbols: null

2019-08-10 23:52:07 - [TEST_STEP][PASSED] - for ([j = 0, j &lt; symbols.size(), (j++)]): null

2019-08-10 23:52:07 - [TEST_STEP][PASSED] - symbol = symbol: null

2019-08-10 23:52:07 - [TEST_STEP][PASSED] - println(symbol): null

2019-08-10 23:52:07 - [TEST_STEP][PASSED] - if (i == 2 &amp;&amp; wildList.indexOf(symbol) != -1): null

2019-08-10 23:52:07 - [TEST_STEP][PASSED] - if (i == 3 &amp;&amp; wildList.indexOf(symbol) != -1): null

2019-08-10 23:52:07 - [TEST_STEP][PASSED] - if (i == 4 &amp;&amp; wildList.indexOf(symbol) != -1): null

2019-08-10 23:52:07 - [TEST_STEP][PASSED] - symbol = symbol: null

2019-08-10 23:52:07 - [TEST_STEP][PASSED] - println(symbol): null

2019-08-10 23:52:07 - [TEST_STEP][PASSED] - if (i == 2 &amp;&amp; wildList.indexOf(symbol) != -1): null

2019-08-10 23:52:07 - [TEST_STEP][PASSED] - if (i == 3 &amp;&amp; wildList.indexOf(symbol) != -1): null

2019-08-10 23:52:07 - [TEST_STEP][PASSED] - if (i == 4 &amp;&amp; wildList.indexOf(symbol) != -1): null

2019-08-10 23:52:07 - [TEST_STEP][PASSED] - symbol = symbol: null

2019-08-10 23:52:07 - [TEST_STEP][PASSED] - println(symbol): null

2019-08-10 23:52:07 - [TEST_STEP][PASSED] - if (i == 2 &amp;&amp; wildList.indexOf(symbol) != -1): null

2019-08-10 23:52:07 - [TEST_STEP][PASSED] - if (i == 3 &amp;&amp; wildList.indexOf(symbol) != -1): null

2019-08-10 23:52:07 - [TEST_STEP][PASSED] - if (i == 4 &amp;&amp; wildList.indexOf(symbol) != -1): null

2019-08-10 23:52:07 - [TEST_STEP][PASSED] - symbols = symbols: null

2019-08-10 23:52:07 - [TEST_STEP][PASSED] - for ([j = 0, j &lt; symbols.size(), (j++)]): null

2019-08-10 23:52:07 - [TEST_STEP][PASSED] - symbol = symbol: null

2019-08-10 23:52:07 - [TEST_STEP][PASSED] - println(symbol): null

2019-08-10 23:52:07 - [TEST_STEP][PASSED] - if (i == 2 &amp;&amp; wildList.indexOf(symbol) != -1): null

2019-08-10 23:52:07 - [TEST_STEP][PASSED] - if (i == 3 &amp;&amp; wildList.indexOf(symbol) != -1): null

2019-08-10 23:52:07 - [TEST_STEP][PASSED] - if (i == 4 &amp;&amp; wildList.indexOf(symbol) != -1): null

2019-08-10 23:52:07 - [TEST_STEP][PASSED] - symbol = symbol: null

2019-08-10 23:52:07 - [TEST_STEP][PASSED] - println(symbol): null

2019-08-10 23:52:07 - [TEST_STEP][PASSED] - if (i == 2 &amp;&amp; wildList.indexOf(symbol) != -1): null

2019-08-10 23:52:07 - [TEST_STEP][PASSED] - if (i == 3 &amp;&amp; wildList.indexOf(symbol) != -1): null

2019-08-10 23:52:07 - [TEST_STEP][PASSED] - if (i == 4 &amp;&amp; wildList.indexOf(symbol) != -1): null

2019-08-10 23:52:07 - [TEST_STEP][PASSED] - symbol = symbol: null

2019-08-10 23:52:07 - [TEST_STEP][PASSED] - println(symbol): null

2019-08-10 23:52:07 - [TEST_STEP][PASSED] - if (i == 2 &amp;&amp; wildList.indexOf(symbol) != -1): null

2019-08-10 23:52:07 - [TEST_STEP][PASSED] - if (i == 3 &amp;&amp; wildList.indexOf(symbol) != -1): null

2019-08-10 23:52:07 - [TEST_STEP][PASSED] - if (i == 4 &amp;&amp; wildList.indexOf(symbol) != -1): null

2019-08-10 23:52:07 - [TEST_STEP][PASSED] - symbols = symbols: null

2019-08-10 23:52:07 - [TEST_STEP][PASSED] - for ([j = 0, j &lt; symbols.size(), (j++)]): null

2019-08-10 23:52:07 - [TEST_STEP][PASSED] - symbol = symbol: null

2019-08-10 23:52:07 - [TEST_STEP][PASSED] - println(symbol): null

2019-08-10 23:52:07 - [TEST_STEP][PASSED] - if (i == 2 &amp;&amp; wildList.indexOf(symbol) != -1): null

2019-08-10 23:52:07 - [TEST_STEP][PASSED] - if (i == 3 &amp;&amp; wildList.indexOf(symbol) != -1): null

2019-08-10 23:52:07 - [TEST_STEP][PASSED] - if (i == 4 &amp;&amp; wildList.indexOf(symbol) != -1): null

2019-08-10 23:52:07 - [TEST_STEP][PASSED] - symbol = symbol: null

2019-08-10 23:52:07 - [TEST_STEP][PASSED] - println(symbol): null

2019-08-10 23:52:07 - [TEST_STEP][PASSED] - if (i == 2 &amp;&amp; wildList.indexOf(symbol) != -1): null

2019-08-10 23:52:07 - [TEST_STEP][PASSED] - if (i == 3 &amp;&amp; wildList.indexOf(symbol) != -1): null

2019-08-10 23:52:07 - [TEST_STEP][PASSED] - if (i == 4 &amp;&amp; wildList.indexOf(symbol) != -1): null

2019-08-10 23:52:07 - [TEST_STEP][PASSED] - symbol = symbol: null

2019-08-10 23:52:07 - [TEST_STEP][PASSED] - println(symbol): null

2019-08-10 23:52:07 - [TEST_STEP][PASSED] - if (i == 2 &amp;&amp; wildList.indexOf(symbol) != -1): null

2019-08-10 23:52:07 - [TEST_STEP][PASSED] - if (i == 3 &amp;&amp; wildList.indexOf(symbol) != -1): null

2019-08-10 23:52:07 - [TEST_STEP][PASSED] - if (i == 4 &amp;&amp; wildList.indexOf(symbol) != -1): null

2019-08-10 23:52:07 - [TEST_STEP][PASSED] - symbols = symbols: null

2019-08-10 23:52:07 - [TEST_STEP][PASSED] - for ([j = 0, j &lt; symbols.size(), (j++)]): null

2019-08-10 23:52:07 - [TEST_STEP][PASSED] - symbol = symbol: null

2019-08-10 23:52:07 - [TEST_STEP][PASSED] - println(symbol): null

2019-08-10 23:52:07 - [TEST_STEP][PASSED] - if (i == 2 &amp;&amp; wildList.indexOf(symbol) != -1): null

2019-08-10 23:52:07 - [TEST_STEP][PASSED] - if (i == 3 &amp;&amp; wildList.indexOf(symbol) != -1): null

2019-08-10 23:52:07 - [TEST_STEP][PASSED] - if (i == 4 &amp;&amp; wildList.indexOf(symbol) != -1): null

2019-08-10 23:52:07 - [TEST_STEP][PASSED] - symbol = symbol: null

2019-08-10 23:52:07 - [TEST_STEP][PASSED] - println(symbol): null

2019-08-10 23:52:07 - [TEST_STEP][PASSED] - if (i == 2 &amp;&amp; wildList.indexOf(symbol) != -1): null

2019-08-10 23:52:07 - [TEST_STEP][PASSED] - if (i == 3 &amp;&amp; wildList.indexOf(symbol) != -1): null

2019-08-10 23:52:07 - [TEST_STEP][PASSED] - if (i == 4 &amp;&amp; wildList.indexOf(symbol) != -1): null

2019-08-10 23:52:07 - [TEST_STEP][PASSED] - symbol = symbol: null

2019-08-10 23:52:07 - [TEST_STEP][PASSED] - println(symbol): null

2019-08-10 23:52:07 - [TEST_STEP][PASSED] - if (i == 2 &amp;&amp; wildList.indexOf(symbol) != -1): null

2019-08-10 23:52:07 - [TEST_STEP][PASSED] - if (i == 3 &amp;&amp; wildList.indexOf(symbol) != -1): null

2019-08-10 23:52:07 - [TEST_STEP][PASSED] - if (i == 4 &amp;&amp; wildList.indexOf(symbol) != -1): null

2019-08-10 23:52:07 - [TEST_STEP][PASSED] - symbols = symbols: null

2019-08-10 23:52:07 - [TEST_STEP][PASSED] - for ([j = 0, j &lt; symbols.size(), (j++)]): null

2019-08-10 23:52:07 - [TEST_STEP][PASSED] - symbol = symbol: null

2019-08-10 23:52:07 - [TEST_STEP][PASSED] - println(symbol): null

2019-08-10 23:52:07 - [TEST_STEP][PASSED] - if (i == 2 &amp;&amp; wildList.indexOf(symbol) != -1): null

2019-08-10 23:52:07 - [TEST_STEP][PASSED] - if (i == 3 &amp;&amp; wildList.indexOf(symbol) != -1): null

2019-08-10 23:52:07 - [TEST_STEP][PASSED] - if (i == 4 &amp;&amp; wildList.indexOf(symbol) != -1): null

2019-08-10 23:52:07 - [TEST_STEP][PASSED] - symbol = symbol: null

2019-08-10 23:52:07 - [TEST_STEP][PASSED] - println(symbol): null

2019-08-10 23:52:07 - [TEST_STEP][PASSED] - if (i == 2 &amp;&amp; wildList.indexOf(symbol) != -1): null

2019-08-10 23:52:07 - [TEST_STEP][PASSED] - if (i == 3 &amp;&amp; wildList.indexOf(symbol) != -1): null

2019-08-10 23:52:07 - [TEST_STEP][PASSED] - if (i == 4 &amp;&amp; wildList.indexOf(symbol) != -1): null

2019-08-10 23:52:07 - [TEST_STEP][PASSED] - symbol = symbol: null

2019-08-10 23:52:07 - [TEST_STEP][PASSED] - println(symbol): null

2019-08-10 23:52:07 - [TEST_STEP][PASSED] - if (i == 2 &amp;&amp; wildList.indexOf(symbol) != -1): null

2019-08-10 23:52:07 - [TEST_STEP][PASSED] - if (i == 3 &amp;&amp; wildList.indexOf(symbol) != -1): null

2019-08-10 23:52:07 - [TEST_STEP][PASSED] - if (i == 4 &amp;&amp; wildList.indexOf(symbol) != -1): null

2019-08-10 23:52:07 - [TEST_STEP][PASSED] - free_spin_reel_counter = free_spin_reel_counter: null

2019-08-10 23:52:07 - [TEST_STEP][PASSED] - println("reel 3 wild found: " + free_spin_reel_counter[0]): null

2019-08-10 23:52:07 - [TEST_STEP][PASSED] - println("reel 4 wild found: " + free_spin_reel_counter[1]): null

2019-08-10 23:52:07 - [TEST_STEP][PASSED] - println("reel 5 wild found: " + free_spin_reel_counter[2]): null

2019-08-10 23:52:07 - [TEST_STEP][PASSED] - M4_spin_reels = M4_spin_reels: null

2019-08-10 23:52:07 - [TEST_STEP][PASSED] - M4_spin_reels_symbols = symbol: null

2019-08-10 23:52:07 - [TEST_STEP][PASSED] - M4_spin_reels_symbols = M4_spin_reels_symbols: null

2019-08-10 23:52:07 - [TEST_STEP][PASSED] - M4_spin_reel_wins = reel_wins: null

2019-08-10 23:52:07 - [TEST_STEP][PASSED] - M4_spin_reel_wins = M4_spin_reel_wins: null

2019-08-10 23:52:07 - [TEST_STEP][PASSED] - println("GlobalVariable.M4_spin_reel_wins is: " + M4_spin_reel_wins): null

2019-08-10 23:52:07 - [TEST_STEP][PASSED] - M4_spin_total_bonus_win_this_round = total_bonus_win_this_round: null

2019-08-10 23:52:07 - [TEST_STEP][PASSED] - M4_spin_total_bonus_win_this_round = M4_spin_total_bonus_win_this_round: null

2019-08-10 23:52:07 - [TEST_STEP][PASSED] - println("GlobalVariable.M4_spin_total_bonus_win_this_round is: " + M4_spin_total_bonus_win_this_round): null

2019-08-10 23:52:07 - [MESSAGE][PASSED] - Verify response successfully

2019-08-10 23:52:07 - [MESSAGE][PASSED] - Send request and verify the response successfully

2019-08-10 23:52:07 - [TEST_STEP][PASSED] - if (M4_total_bonus_spins_int != 0 &amp;&amp; M4_spin_reels_symbols[2].contains("WILD_ExtraFG") || M4_spin_reels_symbols[3].contains("WILD_ExtraFG")): null

2019-08-10 23:52:07 - [TEST_STEP][PASSED] - free_spin_reel_counter = free_spin_reel_counter: null

2019-08-10 23:52:07 - [TEST_STEP][PASSED] - M4_spin_reels_symbols = M4_spin_reels_symbols: null

2019-08-10 23:52:07 - [TEST_STEP][PASSED] - M4_total_bonus_spins = M4_total_bonus_spins: null

2019-08-10 23:52:07 - [TEST_STEP][PASSED] - spin_result = sendRequestAndVerify(findTestObject("RGS(M4)/1_M4_spin", ["M4_login_user_id":M4_login_user_id, "rgs_session_token":rgs_session_token, "partner":Partner])): Send request and verify the response successfully

2019-08-10 23:52:08 - [TEST_CASE][PASSED] - Start Test Case : Verification: Verification accomplished successfully

2019-08-10 23:52:08 - [TEST_STEP][PASSED] - request = getInstance().getCurrentRequest(): null

2019-08-10 23:52:08 - [TEST_STEP][PASSED] - response = getInstance().getCurrentResponse(): null

2019-08-10 23:52:08 - [TEST_STEP][PASSED] - verifyResponseStatusCode(response, 200): Verify response status code successfully

2019-08-10 23:52:08 - [MESSAGE][PASSED] - Verify response status code successfully

2019-08-10 23:52:08 - [TEST_STEP][PASSED] - getStatusCode()).isEqualTo(200): null

2019-08-10 23:52:08 - [TEST_STEP][PASSED] - newline = System.getProperty("line.separator"): null

2019-08-10 23:52:08 - [TEST_STEP][PASSED] - M4_spin = new groovy.json.JsonSlurper(): null

2019-08-10 23:52:08 - [TEST_STEP][PASSED] - result_M4_spin = M4_spin.parseText(response.getResponseBodyContent()): null

2019-08-10 23:52:08 - [TEST_STEP][PASSED] - M4_spin_current_balance = current_balance: null

2019-08-10 23:52:08 - [TEST_STEP][PASSED] - M4_spin_current_balance = M4_spin_current_balance: null

2019-08-10 23:52:08 - [TEST_STEP][PASSED] - M4_spin_transaction_id = causality: null

2019-08-10 23:52:08 - [TEST_STEP][PASSED] - M4_spin_transaction_id = M4_spin_transaction_id: null

2019-08-10 23:52:08 - [TEST_STEP][PASSED] - M4_spin_round_id = round_id: null

2019-08-10 23:52:08 - [TEST_STEP][PASSED] - M4_spin_round_id = M4_spin_round_id: null

2019-08-10 23:52:08 - [TEST_STEP][PASSED] - M4_spin_line_wins = line_wins: null

2019-08-10 23:52:08 - [TEST_STEP][PASSED] - M4_spin_line_wins = M4_spin_line_wins: null

2019-08-10 23:52:08 - [TEST_STEP][PASSED] - M4_total_bonus_spins_int = total_bonus_spins: null

2019-08-10 23:52:08 - [TEST_STEP][PASSED] - println("******M4_total_bonus_spins type is:*******" + newline + getClass().getName()): null

2019-08-10 23:52:08 - [TEST_STEP][PASSED] - M4_total_bonus_spins_int = M4_total_bonus_spins_int: null

2019-08-10 23:52:08 - [TEST_STEP][PASSED] - M4_total_bonus_spins = Integer.toString(M4_total_bonus_spins_int): null

2019-08-10 23:52:08 - [TEST_STEP][PASSED] - M4_total_bonus_spins = M4_total_bonus_spins: null

2019-08-10 23:52:08 - [TEST_STEP][PASSED] - println("M4_total_bonus_spins is:" + M4_total_bonus_spins): null

2019-08-10 23:52:08 - [TEST_STEP][PASSED] - M4_spin_bonus_data = bonus_data: null

2019-08-10 23:52:08 - [TEST_STEP][PASSED] - M4_spin_features_triggered = result_M4_spin: null

2019-08-10 23:52:08 - [TEST_STEP][PASSED] - wild = []: null

2019-08-10 23:52:08 - [TEST_STEP][PASSED] - wild[0] = "WILD_Expanding": null

2019-08-10 23:52:08 - [TEST_STEP][PASSED] - wild[1] = "WILD_Normal": null

2019-08-10 23:52:08 - [TEST_STEP][PASSED] - wild[2] = "WILD_Double": null

2019-08-10 23:52:08 - [TEST_STEP][PASSED] - wild[3] = "WILD_ExtraFG": null

2019-08-10 23:52:08 - [TEST_STEP][PASSED] - wild[4] = "WILD_Triple": null

2019-08-10 23:52:08 - [TEST_STEP][PASSED] - wildList = Arrays.asList(wild): null

2019-08-10 23:52:08 - [TEST_STEP][PASSED] - wildList = wildList: null

2019-08-10 23:52:08 - [TEST_STEP][PASSED] - free_spin_reel_counter = []: null

2019-08-10 23:52:08 - [TEST_STEP][PASSED] - free_spin_reel_counter[0] = 0: null

2019-08-10 23:52:08 - [TEST_STEP][PASSED] - free_spin_reel_counter[1] = 0: null

2019-08-10 23:52:08 - [TEST_STEP][PASSED] - free_spin_reel_counter[2] = 0: null

2019-08-10 23:52:08 - [TEST_STEP][PASSED] - M4_spin_reels = reels: null

2019-08-10 23:52:08 - [TEST_STEP][PASSED] - for ([i = 0, i &lt; M4_spin_reels.size(), (i++)]): null

2019-08-10 23:52:08 - [TEST_STEP][PASSED] - symbols = symbols: null

2019-08-10 23:52:08 - [TEST_STEP][PASSED] - for ([j = 0, j &lt; symbols.size(), (j++)]): null

2019-08-10 23:52:08 - [TEST_STEP][PASSED] - symbol = symbol: null

2019-08-10 23:52:08 - [TEST_STEP][PASSED] - println(symbol): null

2019-08-10 23:52:08 - [TEST_STEP][PASSED] - if (i == 2 &amp;&amp; wildList.indexOf(symbol) != -1): null

2019-08-10 23:52:08 - [TEST_STEP][PASSED] - if (i == 3 &amp;&amp; wildList.indexOf(symbol) != -1): null

2019-08-10 23:52:08 - [TEST_STEP][PASSED] - if (i == 4 &amp;&amp; wildList.indexOf(symbol) != -1): null

2019-08-10 23:52:08 - [TEST_STEP][PASSED] - symbol = symbol: null

2019-08-10 23:52:08 - [TEST_STEP][PASSED] - println(symbol): null

2019-08-10 23:52:08 - [TEST_STEP][PASSED] - if (i == 2 &amp;&amp; wildList.indexOf(symbol) != -1): null

2019-08-10 23:52:08 - [TEST_STEP][PASSED] - if (i == 3 &amp;&amp; wildList.indexOf(symbol) != -1): null

2019-08-10 23:52:08 - [TEST_STEP][PASSED] - if (i == 4 &amp;&amp; wildList.indexOf(symbol) != -1): null

2019-08-10 23:52:08 - [TEST_STEP][PASSED] - symbol = symbol: null

2019-08-10 23:52:08 - [TEST_STEP][PASSED] - println(symbol): null

2019-08-10 23:52:08 - [TEST_STEP][PASSED] - if (i == 2 &amp;&amp; wildList.indexOf(symbol) != -1): null

2019-08-10 23:52:08 - [TEST_STEP][PASSED] - if (i == 3 &amp;&amp; wildList.indexOf(symbol) != -1): null

2019-08-10 23:52:08 - [TEST_STEP][PASSED] - if (i == 4 &amp;&amp; wildList.indexOf(symbol) != -1): null

2019-08-10 23:52:08 - [TEST_STEP][PASSED] - symbols = symbols: null

2019-08-10 23:52:08 - [TEST_STEP][PASSED] - for ([j = 0, j &lt; symbols.size(), (j++)]): null

2019-08-10 23:52:08 - [TEST_STEP][PASSED] - symbol = symbol: null

2019-08-10 23:52:08 - [TEST_STEP][PASSED] - println(symbol): null

2019-08-10 23:52:08 - [TEST_STEP][PASSED] - if (i == 2 &amp;&amp; wildList.indexOf(symbol) != -1): null

2019-08-10 23:52:08 - [TEST_STEP][PASSED] - if (i == 3 &amp;&amp; wildList.indexOf(symbol) != -1): null

2019-08-10 23:52:08 - [TEST_STEP][PASSED] - if (i == 4 &amp;&amp; wildList.indexOf(symbol) != -1): null

2019-08-10 23:52:08 - [TEST_STEP][PASSED] - symbol = symbol: null

2019-08-10 23:52:08 - [TEST_STEP][PASSED] - println(symbol): null

2019-08-10 23:52:08 - [TEST_STEP][PASSED] - if (i == 2 &amp;&amp; wildList.indexOf(symbol) != -1): null

2019-08-10 23:52:08 - [TEST_STEP][PASSED] - if (i == 3 &amp;&amp; wildList.indexOf(symbol) != -1): null

2019-08-10 23:52:08 - [TEST_STEP][PASSED] - if (i == 4 &amp;&amp; wildList.indexOf(symbol) != -1): null

2019-08-10 23:52:08 - [TEST_STEP][PASSED] - symbol = symbol: null

2019-08-10 23:52:08 - [TEST_STEP][PASSED] - println(symbol): null

2019-08-10 23:52:08 - [TEST_STEP][PASSED] - if (i == 2 &amp;&amp; wildList.indexOf(symbol) != -1): null

2019-08-10 23:52:08 - [TEST_STEP][PASSED] - if (i == 3 &amp;&amp; wildList.indexOf(symbol) != -1): null

2019-08-10 23:52:08 - [TEST_STEP][PASSED] - if (i == 4 &amp;&amp; wildList.indexOf(symbol) != -1): null

2019-08-10 23:52:08 - [TEST_STEP][PASSED] - symbols = symbols: null

2019-08-10 23:52:08 - [TEST_STEP][PASSED] - for ([j = 0, j &lt; symbols.size(), (j++)]): null

2019-08-10 23:52:08 - [TEST_STEP][PASSED] - symbol = symbol: null

2019-08-10 23:52:08 - [TEST_STEP][PASSED] - println(symbol): null

2019-08-10 23:52:08 - [TEST_STEP][PASSED] - if (i == 2 &amp;&amp; wildList.indexOf(symbol) != -1): null

2019-08-10 23:52:08 - [TEST_STEP][PASSED] - if (i == 3 &amp;&amp; wildList.indexOf(symbol) != -1): null

2019-08-10 23:52:08 - [TEST_STEP][PASSED] - if (i == 4 &amp;&amp; wildList.indexOf(symbol) != -1): null

2019-08-10 23:52:08 - [TEST_STEP][PASSED] - symbol = symbol: null

2019-08-10 23:52:08 - [TEST_STEP][PASSED] - println(symbol): null

2019-08-10 23:52:08 - [TEST_STEP][PASSED] - if (i == 2 &amp;&amp; wildList.indexOf(symbol) != -1): null

2019-08-10 23:52:08 - [TEST_STEP][PASSED] - if (i == 3 &amp;&amp; wildList.indexOf(symbol) != -1): null

2019-08-10 23:52:08 - [TEST_STEP][PASSED] - if (i == 4 &amp;&amp; wildList.indexOf(symbol) != -1): null

2019-08-10 23:52:08 - [TEST_STEP][PASSED] - symbol = symbol: null

2019-08-10 23:52:08 - [TEST_STEP][PASSED] - println(symbol): null

2019-08-10 23:52:08 - [TEST_STEP][PASSED] - if (i == 2 &amp;&amp; wildList.indexOf(symbol) != -1): null

2019-08-10 23:52:08 - [TEST_STEP][PASSED] - println("wild found on reel 3, adding counter by 1"): null

2019-08-10 23:52:08 - [TEST_STEP][PASSED] - free_spin_reel_counter[0] = free_spin_reel_counter[0] + 1: null

2019-08-10 23:52:08 - [TEST_STEP][PASSED] - if (i == 3 &amp;&amp; wildList.indexOf(symbol) != -1): null

2019-08-10 23:52:08 - [TEST_STEP][PASSED] - if (i == 4 &amp;&amp; wildList.indexOf(symbol) != -1): null

2019-08-10 23:52:08 - [TEST_STEP][PASSED] - symbols = symbols: null

2019-08-10 23:52:08 - [TEST_STEP][PASSED] - for ([j = 0, j &lt; symbols.size(), (j++)]): null

2019-08-10 23:52:08 - [TEST_STEP][PASSED] - symbol = symbol: null

2019-08-10 23:52:08 - [TEST_STEP][PASSED] - println(symbol): null

2019-08-10 23:52:08 - [TEST_STEP][PASSED] - if (i == 2 &amp;&amp; wildList.indexOf(symbol) != -1): null

2019-08-10 23:52:08 - [TEST_STEP][PASSED] - if (i == 3 &amp;&amp; wildList.indexOf(symbol) != -1): null

2019-08-10 23:52:08 - [TEST_STEP][PASSED] - if (i == 4 &amp;&amp; wildList.indexOf(symbol) != -1): null

2019-08-10 23:52:08 - [TEST_STEP][PASSED] - symbol = symbol: null

2019-08-10 23:52:08 - [TEST_STEP][PASSED] - println(symbol): null

2019-08-10 23:52:08 - [TEST_STEP][PASSED] - if (i == 2 &amp;&amp; wildList.indexOf(symbol) != -1): null

2019-08-10 23:52:08 - [TEST_STEP][PASSED] - if (i == 3 &amp;&amp; wildList.indexOf(symbol) != -1): null

2019-08-10 23:52:08 - [TEST_STEP][PASSED] - if (i == 4 &amp;&amp; wildList.indexOf(symbol) != -1): null

2019-08-10 23:52:08 - [TEST_STEP][PASSED] - symbol = symbol: null

2019-08-10 23:52:08 - [TEST_STEP][PASSED] - println(symbol): null

2019-08-10 23:52:08 - [TEST_STEP][PASSED] - if (i == 2 &amp;&amp; wildList.indexOf(symbol) != -1): null

2019-08-10 23:52:08 - [TEST_STEP][PASSED] - if (i == 3 &amp;&amp; wildList.indexOf(symbol) != -1): null

2019-08-10 23:52:08 - [TEST_STEP][PASSED] - if (i == 4 &amp;&amp; wildList.indexOf(symbol) != -1): null

2019-08-10 23:52:08 - [TEST_STEP][PASSED] - symbols = symbols: null

2019-08-10 23:52:08 - [TEST_STEP][PASSED] - for ([j = 0, j &lt; symbols.size(), (j++)]): null

2019-08-10 23:52:08 - [TEST_STEP][PASSED] - symbol = symbol: null

2019-08-10 23:52:08 - [TEST_STEP][PASSED] - println(symbol): null

2019-08-10 23:52:08 - [TEST_STEP][PASSED] - if (i == 2 &amp;&amp; wildList.indexOf(symbol) != -1): null

2019-08-10 23:52:08 - [TEST_STEP][PASSED] - if (i == 3 &amp;&amp; wildList.indexOf(symbol) != -1): null

2019-08-10 23:52:08 - [TEST_STEP][PASSED] - if (i == 4 &amp;&amp; wildList.indexOf(symbol) != -1): null

2019-08-10 23:52:08 - [TEST_STEP][PASSED] - symbol = symbol: null

2019-08-10 23:52:08 - [TEST_STEP][PASSED] - println(symbol): null

2019-08-10 23:52:08 - [TEST_STEP][PASSED] - if (i == 2 &amp;&amp; wildList.indexOf(symbol) != -1): null

2019-08-10 23:52:08 - [TEST_STEP][PASSED] - if (i == 3 &amp;&amp; wildList.indexOf(symbol) != -1): null

2019-08-10 23:52:08 - [TEST_STEP][PASSED] - if (i == 4 &amp;&amp; wildList.indexOf(symbol) != -1): null

2019-08-10 23:52:08 - [TEST_STEP][PASSED] - symbol = symbol: null

2019-08-10 23:52:08 - [TEST_STEP][PASSED] - println(symbol): null

2019-08-10 23:52:08 - [TEST_STEP][PASSED] - if (i == 2 &amp;&amp; wildList.indexOf(symbol) != -1): null

2019-08-10 23:52:08 - [TEST_STEP][PASSED] - if (i == 3 &amp;&amp; wildList.indexOf(symbol) != -1): null

2019-08-10 23:52:08 - [TEST_STEP][PASSED] - if (i == 4 &amp;&amp; wildList.indexOf(symbol) != -1): null

2019-08-10 23:52:08 - [TEST_STEP][PASSED] - free_spin_reel_counter = free_spin_reel_counter: null

2019-08-10 23:52:08 - [TEST_STEP][PASSED] - println("reel 3 wild found: " + free_spin_reel_counter[0]): null

2019-08-10 23:52:08 - [TEST_STEP][PASSED] - println("reel 4 wild found: " + free_spin_reel_counter[1]): null

2019-08-10 23:52:08 - [TEST_STEP][PASSED] - println("reel 5 wild found: " + free_spin_reel_counter[2]): null

2019-08-10 23:52:08 - [TEST_STEP][PASSED] - M4_spin_reels = M4_spin_reels: null

2019-08-10 23:52:08 - [TEST_STEP][PASSED] - M4_spin_reels_symbols = symbol: null

2019-08-10 23:52:08 - [TEST_STEP][PASSED] - M4_spin_reels_symbols = M4_spin_reels_symbols: null

2019-08-10 23:52:08 - [TEST_STEP][PASSED] - M4_spin_reel_wins = reel_wins: null

2019-08-10 23:52:08 - [TEST_STEP][PASSED] - M4_spin_reel_wins = M4_spin_reel_wins: null

2019-08-10 23:52:08 - [TEST_STEP][PASSED] - println("GlobalVariable.M4_spin_reel_wins is: " + M4_spin_reel_wins): null

2019-08-10 23:52:08 - [TEST_STEP][PASSED] - M4_spin_total_bonus_win_this_round = total_bonus_win_this_round: null

2019-08-10 23:52:08 - [TEST_STEP][PASSED] - M4_spin_total_bonus_win_this_round = M4_spin_total_bonus_win_this_round: null

2019-08-10 23:52:08 - [TEST_STEP][PASSED] - println("GlobalVariable.M4_spin_total_bonus_win_this_round is: " + M4_spin_total_bonus_win_this_round): null

2019-08-10 23:52:08 - [MESSAGE][PASSED] - Verify response successfully

2019-08-10 23:52:08 - [MESSAGE][PASSED] - Send request and verify the response successfully

2019-08-10 23:52:08 - [TEST_STEP][PASSED] - if (M4_total_bonus_spins_int != 0 &amp;&amp; M4_spin_reels_symbols[2].contains("WILD_ExtraFG") || M4_spin_reels_symbols[3].contains("WILD_ExtraFG")): null

2019-08-10 23:52:08 - [TEST_STEP][PASSED] - free_spin_reel_counter = free_spin_reel_counter: null

2019-08-10 23:52:08 - [TEST_STEP][PASSED] - M4_spin_reels_symbols = M4_spin_reels_symbols: null

2019-08-10 23:52:08 - [TEST_STEP][PASSED] - M4_total_bonus_spins = M4_total_bonus_spins: null

2019-08-10 23:52:08 - [TEST_STEP][PASSED] - spin_result = sendRequestAndVerify(findTestObject("RGS(M4)/1_M4_spin", ["M4_login_user_id":M4_login_user_id, "rgs_session_token":rgs_session_token, "partner":Partner])): Send request and verify the response successfully

2019-08-10 23:52:14 - [TEST_CASE][PASSED] - Start Test Case : Verification: Verification accomplished successfully

2019-08-10 23:52:14 - [TEST_STEP][PASSED] - request = getInstance().getCurrentRequest(): null

2019-08-10 23:52:14 - [TEST_STEP][PASSED] - response = getInstance().getCurrentResponse(): null

2019-08-10 23:52:14 - [TEST_STEP][PASSED] - verifyResponseStatusCode(response, 200): Verify response status code successfully

2019-08-10 23:52:14 - [MESSAGE][PASSED] - Verify response status code successfully

2019-08-10 23:52:14 - [TEST_STEP][PASSED] - getStatusCode()).isEqualTo(200): null

2019-08-10 23:52:14 - [TEST_STEP][PASSED] - newline = System.getProperty("line.separator"): null

2019-08-10 23:52:14 - [TEST_STEP][PASSED] - M4_spin = new groovy.json.JsonSlurper(): null

2019-08-10 23:52:14 - [TEST_STEP][PASSED] - result_M4_spin = M4_spin.parseText(response.getResponseBodyContent()): null

2019-08-10 23:52:14 - [TEST_STEP][PASSED] - M4_spin_current_balance = current_balance: null

2019-08-10 23:52:14 - [TEST_STEP][PASSED] - M4_spin_current_balance = M4_spin_current_balance: null

2019-08-10 23:52:14 - [TEST_STEP][PASSED] - M4_spin_transaction_id = causality: null

2019-08-10 23:52:14 - [TEST_STEP][PASSED] - M4_spin_transaction_id = M4_spin_transaction_id: null

2019-08-10 23:52:14 - [TEST_STEP][PASSED] - M4_spin_round_id = round_id: null

2019-08-10 23:52:14 - [TEST_STEP][PASSED] - M4_spin_round_id = M4_spin_round_id: null

2019-08-10 23:52:14 - [TEST_STEP][PASSED] - M4_spin_line_wins = line_wins: null

2019-08-10 23:52:14 - [TEST_STEP][PASSED] - M4_spin_line_wins = M4_spin_line_wins: null

2019-08-10 23:52:14 - [TEST_STEP][PASSED] - M4_total_bonus_spins_int = total_bonus_spins: null

2019-08-10 23:52:14 - [TEST_STEP][PASSED] - println("******M4_total_bonus_spins type is:*******" + newline + getClass().getName()): null

2019-08-10 23:52:14 - [TEST_STEP][PASSED] - M4_total_bonus_spins_int = M4_total_bonus_spins_int: null

2019-08-10 23:52:14 - [TEST_STEP][PASSED] - M4_total_bonus_spins = Integer.toString(M4_total_bonus_spins_int): null

2019-08-10 23:52:14 - [TEST_STEP][PASSED] - M4_total_bonus_spins = M4_total_bonus_spins: null

2019-08-10 23:52:14 - [TEST_STEP][PASSED] - println("M4_total_bonus_spins is:" + M4_total_bonus_spins): null

2019-08-10 23:52:14 - [TEST_STEP][PASSED] - M4_spin_bonus_data = bonus_data: null

2019-08-10 23:52:14 - [TEST_STEP][PASSED] - M4_spin_features_triggered = result_M4_spin: null

2019-08-10 23:52:14 - [TEST_STEP][PASSED] - wild = []: null

2019-08-10 23:52:14 - [TEST_STEP][PASSED] - wild[0] = "WILD_Expanding": null

2019-08-10 23:52:14 - [TEST_STEP][PASSED] - wild[1] = "WILD_Normal": null

2019-08-10 23:52:14 - [TEST_STEP][PASSED] - wild[2] = "WILD_Double": null

2019-08-10 23:52:14 - [TEST_STEP][PASSED] - wild[3] = "WILD_ExtraFG": null

2019-08-10 23:52:14 - [TEST_STEP][PASSED] - wild[4] = "WILD_Triple": null

2019-08-10 23:52:14 - [TEST_STEP][PASSED] - wildList = Arrays.asList(wild): null

2019-08-10 23:52:14 - [TEST_STEP][PASSED] - wildList = wildList: null

2019-08-10 23:52:14 - [TEST_STEP][PASSED] - free_spin_reel_counter = []: null

2019-08-10 23:52:14 - [TEST_STEP][PASSED] - free_spin_reel_counter[0] = 0: null

2019-08-10 23:52:14 - [TEST_STEP][PASSED] - free_spin_reel_counter[1] = 0: null

2019-08-10 23:52:14 - [TEST_STEP][PASSED] - free_spin_reel_counter[2] = 0: null

2019-08-10 23:52:14 - [TEST_STEP][PASSED] - M4_spin_reels = reels: null

2019-08-10 23:52:14 - [TEST_STEP][PASSED] - for ([i = 0, i &lt; M4_spin_reels.size(), (i++)]): null

2019-08-10 23:52:14 - [TEST_STEP][PASSED] - symbols = symbols: null

2019-08-10 23:52:14 - [TEST_STEP][PASSED] - for ([j = 0, j &lt; symbols.size(), (j++)]): null

2019-08-10 23:52:14 - [TEST_STEP][PASSED] - symbol = symbol: null

2019-08-10 23:52:14 - [TEST_STEP][PASSED] - println(symbol): null

2019-08-10 23:52:14 - [TEST_STEP][PASSED] - if (i == 2 &amp;&amp; wildList.indexOf(symbol) != -1): null

2019-08-10 23:52:14 - [TEST_STEP][PASSED] - if (i == 3 &amp;&amp; wildList.indexOf(symbol) != -1): null

2019-08-10 23:52:14 - [TEST_STEP][PASSED] - if (i == 4 &amp;&amp; wildList.indexOf(symbol) != -1): null

2019-08-10 23:52:14 - [TEST_STEP][PASSED] - symbol = symbol: null

2019-08-10 23:52:14 - [TEST_STEP][PASSED] - println(symbol): null

2019-08-10 23:52:14 - [TEST_STEP][PASSED] - if (i == 2 &amp;&amp; wildList.indexOf(symbol) != -1): null

2019-08-10 23:52:14 - [TEST_STEP][PASSED] - if (i == 3 &amp;&amp; wildList.indexOf(symbol) != -1): null

2019-08-10 23:52:14 - [TEST_STEP][PASSED] - if (i == 4 &amp;&amp; wildList.indexOf(symbol) != -1): null

2019-08-10 23:52:14 - [TEST_STEP][PASSED] - symbol = symbol: null

2019-08-10 23:52:14 - [TEST_STEP][PASSED] - println(symbol): null

2019-08-10 23:52:14 - [TEST_STEP][PASSED] - if (i == 2 &amp;&amp; wildList.indexOf(symbol) != -1): null

2019-08-10 23:52:14 - [TEST_STEP][PASSED] - if (i == 3 &amp;&amp; wildList.indexOf(symbol) != -1): null

2019-08-10 23:52:14 - [TEST_STEP][PASSED] - if (i == 4 &amp;&amp; wildList.indexOf(symbol) != -1): null

2019-08-10 23:52:14 - [TEST_STEP][PASSED] - symbols = symbols: null

2019-08-10 23:52:14 - [TEST_STEP][PASSED] - for ([j = 0, j &lt; symbols.size(), (j++)]): null

2019-08-10 23:52:14 - [TEST_STEP][PASSED] - symbol = symbol: null

2019-08-10 23:52:14 - [TEST_STEP][PASSED] - println(symbol): null

2019-08-10 23:52:14 - [TEST_STEP][PASSED] - if (i == 2 &amp;&amp; wildList.indexOf(symbol) != -1): null

2019-08-10 23:52:14 - [TEST_STEP][PASSED] - if (i == 3 &amp;&amp; wildList.indexOf(symbol) != -1): null

2019-08-10 23:52:14 - [TEST_STEP][PASSED] - if (i == 4 &amp;&amp; wildList.indexOf(symbol) != -1): null

2019-08-10 23:52:14 - [TEST_STEP][PASSED] - symbol = symbol: null

2019-08-10 23:52:14 - [TEST_STEP][PASSED] - println(symbol): null

2019-08-10 23:52:14 - [TEST_STEP][PASSED] - if (i == 2 &amp;&amp; wildList.indexOf(symbol) != -1): null

2019-08-10 23:52:14 - [TEST_STEP][PASSED] - if (i == 3 &amp;&amp; wildList.indexOf(symbol) != -1): null

2019-08-10 23:52:14 - [TEST_STEP][PASSED] - if (i == 4 &amp;&amp; wildList.indexOf(symbol) != -1): null

2019-08-10 23:52:14 - [TEST_STEP][PASSED] - symbol = symbol: null

2019-08-10 23:52:14 - [TEST_STEP][PASSED] - println(symbol): null

2019-08-10 23:52:14 - [TEST_STEP][PASSED] - if (i == 2 &amp;&amp; wildList.indexOf(symbol) != -1): null

2019-08-10 23:52:14 - [TEST_STEP][PASSED] - if (i == 3 &amp;&amp; wildList.indexOf(symbol) != -1): null

2019-08-10 23:52:14 - [TEST_STEP][PASSED] - if (i == 4 &amp;&amp; wildList.indexOf(symbol) != -1): null

2019-08-10 23:52:14 - [TEST_STEP][PASSED] - symbols = symbols: null

2019-08-10 23:52:14 - [TEST_STEP][PASSED] - for ([j = 0, j &lt; symbols.size(), (j++)]): null

2019-08-10 23:52:14 - [TEST_STEP][PASSED] - symbol = symbol: null

2019-08-10 23:52:14 - [TEST_STEP][PASSED] - println(symbol): null

2019-08-10 23:52:14 - [TEST_STEP][PASSED] - if (i == 2 &amp;&amp; wildList.indexOf(symbol) != -1): null

2019-08-10 23:52:14 - [TEST_STEP][PASSED] - println("wild found on reel 3, adding counter by 1"): null

2019-08-10 23:52:14 - [TEST_STEP][PASSED] - free_spin_reel_counter[0] = free_spin_reel_counter[0] + 1: null

2019-08-10 23:52:14 - [TEST_STEP][PASSED] - if (i == 3 &amp;&amp; wildList.indexOf(symbol) != -1): null

2019-08-10 23:52:14 - [TEST_STEP][PASSED] - if (i == 4 &amp;&amp; wildList.indexOf(symbol) != -1): null

2019-08-10 23:52:14 - [TEST_STEP][PASSED] - symbol = symbol: null

2019-08-10 23:52:14 - [TEST_STEP][PASSED] - println(symbol): null

2019-08-10 23:52:14 - [TEST_STEP][PASSED] - if (i == 2 &amp;&amp; wildList.indexOf(symbol) != -1): null

2019-08-10 23:52:14 - [TEST_STEP][PASSED] - if (i == 3 &amp;&amp; wildList.indexOf(symbol) != -1): null

2019-08-10 23:52:14 - [TEST_STEP][PASSED] - if (i == 4 &amp;&amp; wildList.indexOf(symbol) != -1): null

2019-08-10 23:52:14 - [TEST_STEP][PASSED] - symbol = symbol: null

2019-08-10 23:52:14 - [TEST_STEP][PASSED] - println(symbol): null

2019-08-10 23:52:14 - [TEST_STEP][PASSED] - if (i == 2 &amp;&amp; wildList.indexOf(symbol) != -1): null

2019-08-10 23:52:14 - [TEST_STEP][PASSED] - if (i == 3 &amp;&amp; wildList.indexOf(symbol) != -1): null

2019-08-10 23:52:14 - [TEST_STEP][PASSED] - if (i == 4 &amp;&amp; wildList.indexOf(symbol) != -1): null

2019-08-10 23:52:14 - [TEST_STEP][PASSED] - symbols = symbols: null

2019-08-10 23:52:14 - [TEST_STEP][PASSED] - for ([j = 0, j &lt; symbols.size(), (j++)]): null

2019-08-10 23:52:14 - [TEST_STEP][PASSED] - symbol = symbol: null

2019-08-10 23:52:14 - [TEST_STEP][PASSED] - println(symbol): null

2019-08-10 23:52:14 - [TEST_STEP][PASSED] - if (i == 2 &amp;&amp; wildList.indexOf(symbol) != -1): null

2019-08-10 23:52:14 - [TEST_STEP][PASSED] - if (i == 3 &amp;&amp; wildList.indexOf(symbol) != -1): null

2019-08-10 23:52:14 - [TEST_STEP][PASSED] - if (i == 4 &amp;&amp; wildList.indexOf(symbol) != -1): null

2019-08-10 23:52:14 - [TEST_STEP][PASSED] - symbol = symbol: null

2019-08-10 23:52:14 - [TEST_STEP][PASSED] - println(symbol): null

2019-08-10 23:52:14 - [TEST_STEP][PASSED] - if (i == 2 &amp;&amp; wildList.indexOf(symbol) != -1): null

2019-08-10 23:52:14 - [TEST_STEP][PASSED] - if (i == 3 &amp;&amp; wildList.indexOf(symbol) != -1): null

2019-08-10 23:52:14 - [TEST_STEP][PASSED] - if (i == 4 &amp;&amp; wildList.indexOf(symbol) != -1): null

2019-08-10 23:52:14 - [TEST_STEP][PASSED] - symbol = symbol: null

2019-08-10 23:52:14 - [TEST_STEP][PASSED] - println(symbol): null

2019-08-10 23:52:14 - [TEST_STEP][PASSED] - if (i == 2 &amp;&amp; wildList.indexOf(symbol) != -1): null

2019-08-10 23:52:14 - [TEST_STEP][PASSED] - if (i == 3 &amp;&amp; wildList.indexOf(symbol) != -1): null

2019-08-10 23:52:14 - [TEST_STEP][PASSED] - if (i == 4 &amp;&amp; wildList.indexOf(symbol) != -1): null

2019-08-10 23:52:14 - [TEST_STEP][PASSED] - symbols = symbols: null

2019-08-10 23:52:14 - [TEST_STEP][PASSED] - for ([j = 0, j &lt; symbols.size(), (j++)]): null

2019-08-10 23:52:14 - [TEST_STEP][PASSED] - symbol = symbol: null

2019-08-10 23:52:14 - [TEST_STEP][PASSED] - println(symbol): null

2019-08-10 23:52:14 - [TEST_STEP][PASSED] - if (i == 2 &amp;&amp; wildList.indexOf(symbol) != -1): null

2019-08-10 23:52:14 - [TEST_STEP][PASSED] - if (i == 3 &amp;&amp; wildList.indexOf(symbol) != -1): null

2019-08-10 23:52:14 - [TEST_STEP][PASSED] - if (i == 4 &amp;&amp; wildList.indexOf(symbol) != -1): null

2019-08-10 23:52:14 - [TEST_STEP][PASSED] - symbol = symbol: null

2019-08-10 23:52:14 - [TEST_STEP][PASSED] - println(symbol): null

2019-08-10 23:52:14 - [TEST_STEP][PASSED] - if (i == 2 &amp;&amp; wildList.indexOf(symbol) != -1): null

2019-08-10 23:52:14 - [TEST_STEP][PASSED] - if (i == 3 &amp;&amp; wildList.indexOf(symbol) != -1): null

2019-08-10 23:52:14 - [TEST_STEP][PASSED] - if (i == 4 &amp;&amp; wildList.indexOf(symbol) != -1): null

2019-08-10 23:52:14 - [TEST_STEP][PASSED] - symbol = symbol: null

2019-08-10 23:52:14 - [TEST_STEP][PASSED] - println(symbol): null

2019-08-10 23:52:14 - [TEST_STEP][PASSED] - if (i == 2 &amp;&amp; wildList.indexOf(symbol) != -1): null

2019-08-10 23:52:14 - [TEST_STEP][PASSED] - if (i == 3 &amp;&amp; wildList.indexOf(symbol) != -1): null

2019-08-10 23:52:14 - [TEST_STEP][PASSED] - if (i == 4 &amp;&amp; wildList.indexOf(symbol) != -1): null

2019-08-10 23:52:14 - [TEST_STEP][PASSED] - free_spin_reel_counter = free_spin_reel_counter: null

2019-08-10 23:52:14 - [TEST_STEP][PASSED] - println("reel 3 wild found: " + free_spin_reel_counter[0]): null

2019-08-10 23:52:14 - [TEST_STEP][PASSED] - println("reel 4 wild found: " + free_spin_reel_counter[1]): null

2019-08-10 23:52:14 - [TEST_STEP][PASSED] - println("reel 5 wild found: " + free_spin_reel_counter[2]): null

2019-08-10 23:52:14 - [TEST_STEP][PASSED] - M4_spin_reels = M4_spin_reels: null

2019-08-10 23:52:14 - [TEST_STEP][PASSED] - M4_spin_reels_symbols = symbol: null

2019-08-10 23:52:14 - [TEST_STEP][PASSED] - M4_spin_reels_symbols = M4_spin_reels_symbols: null

2019-08-10 23:52:14 - [TEST_STEP][PASSED] - M4_spin_reel_wins = reel_wins: null

2019-08-10 23:52:14 - [TEST_STEP][PASSED] - M4_spin_reel_wins = M4_spin_reel_wins: null

2019-08-10 23:52:14 - [TEST_STEP][PASSED] - println("GlobalVariable.M4_spin_reel_wins is: " + M4_spin_reel_wins): null

2019-08-10 23:52:14 - [TEST_STEP][PASSED] - M4_spin_total_bonus_win_this_round = total_bonus_win_this_round: null

2019-08-10 23:52:14 - [TEST_STEP][PASSED] - M4_spin_total_bonus_win_this_round = M4_spin_total_bonus_win_this_round: null

2019-08-10 23:52:14 - [TEST_STEP][PASSED] - println("GlobalVariable.M4_spin_total_bonus_win_this_round is: " + M4_spin_total_bonus_win_this_round): null

2019-08-10 23:52:14 - [MESSAGE][PASSED] - Verify response successfully

2019-08-10 23:52:14 - [MESSAGE][PASSED] - Send request and verify the response successfully

2019-08-10 23:52:14 - [TEST_STEP][PASSED] - if (M4_total_bonus_spins_int != 0 &amp;&amp; M4_spin_reels_symbols[2].contains("WILD_ExtraFG") || M4_spin_reels_symbols[3].contains("WILD_ExtraFG")): null

2019-08-10 23:52:14 - [TEST_STEP][PASSED] - free_spin_reel_counter = free_spin_reel_counter: null

2019-08-10 23:52:14 - [TEST_STEP][PASSED] - M4_spin_reels_symbols = M4_spin_reels_symbols: null

2019-08-10 23:52:14 - [TEST_STEP][PASSED] - M4_total_bonus_spins = M4_total_bonus_spins: null

2019-08-10 23:52:14 - [TEST_STEP][PASSED] - spin_result = sendRequestAndVerify(findTestObject("RGS(M4)/1_M4_spin", ["M4_login_user_id":M4_login_user_id, "rgs_session_token":rgs_session_token, "partner":Partner])): Send request and verify the response successfully

2019-08-10 23:52:14 - [TEST_CASE][PASSED] - Start Test Case : Verification: Verification accomplished successfully

2019-08-10 23:52:14 - [TEST_STEP][PASSED] - request = getInstance().getCurrentRequest(): null

2019-08-10 23:52:14 - [TEST_STEP][PASSED] - response = getInstance().getCurrentResponse(): null

2019-08-10 23:52:14 - [TEST_STEP][PASSED] - verifyResponseStatusCode(response, 200): Verify response status code successfully

2019-08-10 23:52:14 - [MESSAGE][PASSED] - Verify response status code successfully

2019-08-10 23:52:14 - [TEST_STEP][PASSED] - getStatusCode()).isEqualTo(200): null

2019-08-10 23:52:14 - [TEST_STEP][PASSED] - newline = System.getProperty("line.separator"): null

2019-08-10 23:52:14 - [TEST_STEP][PASSED] - M4_spin = new groovy.json.JsonSlurper(): null

2019-08-10 23:52:14 - [TEST_STEP][PASSED] - result_M4_spin = M4_spin.parseText(response.getResponseBodyContent()): null

2019-08-10 23:52:14 - [TEST_STEP][PASSED] - M4_spin_current_balance = current_balance: null

2019-08-10 23:52:14 - [TEST_STEP][PASSED] - M4_spin_current_balance = M4_spin_current_balance: null

2019-08-10 23:52:14 - [TEST_STEP][PASSED] - M4_spin_transaction_id = causality: null

2019-08-10 23:52:14 - [TEST_STEP][PASSED] - M4_spin_transaction_id = M4_spin_transaction_id: null

2019-08-10 23:52:14 - [TEST_STEP][PASSED] - M4_spin_round_id = round_id: null

2019-08-10 23:52:14 - [TEST_STEP][PASSED] - M4_spin_round_id = M4_spin_round_id: null

2019-08-10 23:52:14 - [TEST_STEP][PASSED] - M4_spin_line_wins = line_wins: null

2019-08-10 23:52:14 - [TEST_STEP][PASSED] - M4_spin_line_wins = M4_spin_line_wins: null

2019-08-10 23:52:14 - [TEST_STEP][PASSED] - M4_total_bonus_spins_int = total_bonus_spins: null

2019-08-10 23:52:14 - [TEST_STEP][PASSED] - println("******M4_total_bonus_spins type is:*******" + newline + getClass().getName()): null

2019-08-10 23:52:14 - [TEST_STEP][PASSED] - M4_total_bonus_spins_int = M4_total_bonus_spins_int: null

2019-08-10 23:52:14 - [TEST_STEP][PASSED] - M4_total_bonus_spins = Integer.toString(M4_total_bonus_spins_int): null

2019-08-10 23:52:14 - [TEST_STEP][PASSED] - M4_total_bonus_spins = M4_total_bonus_spins: null

2019-08-10 23:52:14 - [TEST_STEP][PASSED] - println("M4_total_bonus_spins is:" + M4_total_bonus_spins): null

2019-08-10 23:52:14 - [TEST_STEP][PASSED] - M4_spin_bonus_data = bonus_data: null

2019-08-10 23:52:14 - [TEST_STEP][PASSED] - M4_spin_features_triggered = result_M4_spin: null

2019-08-10 23:52:14 - [TEST_STEP][PASSED] - wild = []: null

2019-08-10 23:52:14 - [TEST_STEP][PASSED] - wild[0] = "WILD_Expanding": null

2019-08-10 23:52:14 - [TEST_STEP][PASSED] - wild[1] = "WILD_Normal": null

2019-08-10 23:52:14 - [TEST_STEP][PASSED] - wild[2] = "WILD_Double": null

2019-08-10 23:52:14 - [TEST_STEP][PASSED] - wild[3] = "WILD_ExtraFG": null

2019-08-10 23:52:14 - [TEST_STEP][PASSED] - wild[4] = "WILD_Triple": null

2019-08-10 23:52:14 - [TEST_STEP][PASSED] - wildList = Arrays.asList(wild): null

2019-08-10 23:52:14 - [TEST_STEP][PASSED] - wildList = wildList: null

2019-08-10 23:52:14 - [TEST_STEP][PASSED] - free_spin_reel_counter = []: null

2019-08-10 23:52:14 - [TEST_STEP][PASSED] - free_spin_reel_counter[0] = 0: null

2019-08-10 23:52:14 - [TEST_STEP][PASSED] - free_spin_reel_counter[1] = 0: null

2019-08-10 23:52:14 - [TEST_STEP][PASSED] - free_spin_reel_counter[2] = 0: null

2019-08-10 23:52:14 - [TEST_STEP][PASSED] - M4_spin_reels = reels: null

2019-08-10 23:52:14 - [TEST_STEP][PASSED] - for ([i = 0, i &lt; M4_spin_reels.size(), (i++)]): null

2019-08-10 23:52:14 - [TEST_STEP][PASSED] - symbols = symbols: null

2019-08-10 23:52:14 - [TEST_STEP][PASSED] - for ([j = 0, j &lt; symbols.size(), (j++)]): null

2019-08-10 23:52:14 - [TEST_STEP][PASSED] - symbol = symbol: null

2019-08-10 23:52:14 - [TEST_STEP][PASSED] - println(symbol): null

2019-08-10 23:52:14 - [TEST_STEP][PASSED] - if (i == 2 &amp;&amp; wildList.indexOf(symbol) != -1): null

2019-08-10 23:52:14 - [TEST_STEP][PASSED] - if (i == 3 &amp;&amp; wildList.indexOf(symbol) != -1): null

2019-08-10 23:52:14 - [TEST_STEP][PASSED] - if (i == 4 &amp;&amp; wildList.indexOf(symbol) != -1): null

2019-08-10 23:52:14 - [TEST_STEP][PASSED] - symbol = symbol: null

2019-08-10 23:52:14 - [TEST_STEP][PASSED] - println(symbol): null

2019-08-10 23:52:14 - [TEST_STEP][PASSED] - if (i == 2 &amp;&amp; wildList.indexOf(symbol) != -1): null

2019-08-10 23:52:14 - [TEST_STEP][PASSED] - if (i == 3 &amp;&amp; wildList.indexOf(symbol) != -1): null

2019-08-10 23:52:14 - [TEST_STEP][PASSED] - if (i == 4 &amp;&amp; wildList.indexOf(symbol) != -1): null

2019-08-10 23:52:14 - [TEST_STEP][PASSED] - symbol = symbol: null

2019-08-10 23:52:14 - [TEST_STEP][PASSED] - println(symbol): null

2019-08-10 23:52:14 - [TEST_STEP][PASSED] - if (i == 2 &amp;&amp; wildList.indexOf(symbol) != -1): null

2019-08-10 23:52:14 - [TEST_STEP][PASSED] - if (i == 3 &amp;&amp; wildList.indexOf(symbol) != -1): null

2019-08-10 23:52:14 - [TEST_STEP][PASSED] - if (i == 4 &amp;&amp; wildList.indexOf(symbol) != -1): null

2019-08-10 23:52:14 - [TEST_STEP][PASSED] - symbols = symbols: null

2019-08-10 23:52:14 - [TEST_STEP][PASSED] - for ([j = 0, j &lt; symbols.size(), (j++)]): null

2019-08-10 23:52:14 - [TEST_STEP][PASSED] - symbol = symbol: null

2019-08-10 23:52:14 - [TEST_STEP][PASSED] - println(symbol): null

2019-08-10 23:52:14 - [TEST_STEP][PASSED] - if (i == 2 &amp;&amp; wildList.indexOf(symbol) != -1): null

2019-08-10 23:52:14 - [TEST_STEP][PASSED] - if (i == 3 &amp;&amp; wildList.indexOf(symbol) != -1): null

2019-08-10 23:52:14 - [TEST_STEP][PASSED] - if (i == 4 &amp;&amp; wildList.indexOf(symbol) != -1): null

2019-08-10 23:52:14 - [TEST_STEP][PASSED] - symbol = symbol: null

2019-08-10 23:52:14 - [TEST_STEP][PASSED] - println(symbol): null

2019-08-10 23:52:14 - [TEST_STEP][PASSED] - if (i == 2 &amp;&amp; wildList.indexOf(symbol) != -1): null

2019-08-10 23:52:14 - [TEST_STEP][PASSED] - if (i == 3 &amp;&amp; wildList.indexOf(symbol) != -1): null

2019-08-10 23:52:14 - [TEST_STEP][PASSED] - if (i == 4 &amp;&amp; wildList.indexOf(symbol) != -1): null

2019-08-10 23:52:14 - [TEST_STEP][PASSED] - symbol = symbol: null

2019-08-10 23:52:14 - [TEST_STEP][PASSED] - println(symbol): null

2019-08-10 23:52:14 - [TEST_STEP][PASSED] - if (i == 2 &amp;&amp; wildList.indexOf(symbol) != -1): null

2019-08-10 23:52:14 - [TEST_STEP][PASSED] - if (i == 3 &amp;&amp; wildList.indexOf(symbol) != -1): null

2019-08-10 23:52:14 - [TEST_STEP][PASSED] - if (i == 4 &amp;&amp; wildList.indexOf(symbol) != -1): null

2019-08-10 23:52:14 - [TEST_STEP][PASSED] - symbols = symbols: null

2019-08-10 23:52:14 - [TEST_STEP][PASSED] - for ([j = 0, j &lt; symbols.size(), (j++)]): null

2019-08-10 23:52:14 - [TEST_STEP][PASSED] - symbol = symbol: null

2019-08-10 23:52:14 - [TEST_STEP][PASSED] - println(symbol): null

2019-08-10 23:52:14 - [TEST_STEP][PASSED] - if (i == 2 &amp;&amp; wildList.indexOf(symbol) != -1): null

2019-08-10 23:52:14 - [TEST_STEP][PASSED] - if (i == 3 &amp;&amp; wildList.indexOf(symbol) != -1): null

2019-08-10 23:52:14 - [TEST_STEP][PASSED] - if (i == 4 &amp;&amp; wildList.indexOf(symbol) != -1): null

2019-08-10 23:52:14 - [TEST_STEP][PASSED] - symbol = symbol: null

2019-08-10 23:52:14 - [TEST_STEP][PASSED] - println(symbol): null

2019-08-10 23:52:14 - [TEST_STEP][PASSED] - if (i == 2 &amp;&amp; wildList.indexOf(symbol) != -1): null

2019-08-10 23:52:14 - [TEST_STEP][PASSED] - if (i == 3 &amp;&amp; wildList.indexOf(symbol) != -1): null

2019-08-10 23:52:14 - [TEST_STEP][PASSED] - if (i == 4 &amp;&amp; wildList.indexOf(symbol) != -1): null

2019-08-10 23:52:14 - [TEST_STEP][PASSED] - symbol = symbol: null

2019-08-10 23:52:14 - [TEST_STEP][PASSED] - println(symbol): null

2019-08-10 23:52:14 - [TEST_STEP][PASSED] - if (i == 2 &amp;&amp; wildList.indexOf(symbol) != -1): null

2019-08-10 23:52:14 - [TEST_STEP][PASSED] - if (i == 3 &amp;&amp; wildList.indexOf(symbol) != -1): null

2019-08-10 23:52:14 - [TEST_STEP][PASSED] - if (i == 4 &amp;&amp; wildList.indexOf(symbol) != -1): null

2019-08-10 23:52:14 - [TEST_STEP][PASSED] - symbols = symbols: null

2019-08-10 23:52:14 - [TEST_STEP][PASSED] - for ([j = 0, j &lt; symbols.size(), (j++)]): null

2019-08-10 23:52:14 - [TEST_STEP][PASSED] - symbol = symbol: null

2019-08-10 23:52:14 - [TEST_STEP][PASSED] - println(symbol): null

2019-08-10 23:52:14 - [TEST_STEP][PASSED] - if (i == 2 &amp;&amp; wildList.indexOf(symbol) != -1): null

2019-08-10 23:52:14 - [TEST_STEP][PASSED] - if (i == 3 &amp;&amp; wildList.indexOf(symbol) != -1): null

2019-08-10 23:52:14 - [TEST_STEP][PASSED] - if (i == 4 &amp;&amp; wildList.indexOf(symbol) != -1): null

2019-08-10 23:52:14 - [TEST_STEP][PASSED] - symbol = symbol: null

2019-08-10 23:52:14 - [TEST_STEP][PASSED] - println(symbol): null

2019-08-10 23:52:14 - [TEST_STEP][PASSED] - if (i == 2 &amp;&amp; wildList.indexOf(symbol) != -1): null

2019-08-10 23:52:14 - [TEST_STEP][PASSED] - if (i == 3 &amp;&amp; wildList.indexOf(symbol) != -1): null

2019-08-10 23:52:14 - [TEST_STEP][PASSED] - if (i == 4 &amp;&amp; wildList.indexOf(symbol) != -1): null

2019-08-10 23:52:14 - [TEST_STEP][PASSED] - symbol = symbol: null

2019-08-10 23:52:14 - [TEST_STEP][PASSED] - println(symbol): null

2019-08-10 23:52:14 - [TEST_STEP][PASSED] - if (i == 2 &amp;&amp; wildList.indexOf(symbol) != -1): null

2019-08-10 23:52:14 - [TEST_STEP][PASSED] - if (i == 3 &amp;&amp; wildList.indexOf(symbol) != -1): null

2019-08-10 23:52:14 - [TEST_STEP][PASSED] - if (i == 4 &amp;&amp; wildList.indexOf(symbol) != -1): null

2019-08-10 23:52:14 - [TEST_STEP][PASSED] - symbols = symbols: null

2019-08-10 23:52:14 - [TEST_STEP][PASSED] - for ([j = 0, j &lt; symbols.size(), (j++)]): null

2019-08-10 23:52:14 - [TEST_STEP][PASSED] - symbol = symbol: null

2019-08-10 23:52:14 - [TEST_STEP][PASSED] - println(symbol): null

2019-08-10 23:52:14 - [TEST_STEP][PASSED] - if (i == 2 &amp;&amp; wildList.indexOf(symbol) != -1): null

2019-08-10 23:52:14 - [TEST_STEP][PASSED] - if (i == 3 &amp;&amp; wildList.indexOf(symbol) != -1): null

2019-08-10 23:52:14 - [TEST_STEP][PASSED] - if (i == 4 &amp;&amp; wildList.indexOf(symbol) != -1): null

2019-08-10 23:52:14 - [TEST_STEP][PASSED] - symbol = symbol: null

2019-08-10 23:52:14 - [TEST_STEP][PASSED] - println(symbol): null

2019-08-10 23:52:14 - [TEST_STEP][PASSED] - if (i == 2 &amp;&amp; wildList.indexOf(symbol) != -1): null

2019-08-10 23:52:14 - [TEST_STEP][PASSED] - if (i == 3 &amp;&amp; wildList.indexOf(symbol) != -1): null

2019-08-10 23:52:14 - [TEST_STEP][PASSED] - if (i == 4 &amp;&amp; wildList.indexOf(symbol) != -1): null

2019-08-10 23:52:14 - [TEST_STEP][PASSED] - symbol = symbol: null

2019-08-10 23:52:14 - [TEST_STEP][PASSED] - println(symbol): null

2019-08-10 23:52:14 - [TEST_STEP][PASSED] - if (i == 2 &amp;&amp; wildList.indexOf(symbol) != -1): null

2019-08-10 23:52:14 - [TEST_STEP][PASSED] - if (i == 3 &amp;&amp; wildList.indexOf(symbol) != -1): null

2019-08-10 23:52:14 - [TEST_STEP][PASSED] - if (i == 4 &amp;&amp; wildList.indexOf(symbol) != -1): null

2019-08-10 23:52:14 - [TEST_STEP][PASSED] - free_spin_reel_counter = free_spin_reel_counter: null

2019-08-10 23:52:14 - [TEST_STEP][PASSED] - println("reel 3 wild found: " + free_spin_reel_counter[0]): null

2019-08-10 23:52:14 - [TEST_STEP][PASSED] - println("reel 4 wild found: " + free_spin_reel_counter[1]): null

2019-08-10 23:52:14 - [TEST_STEP][PASSED] - println("reel 5 wild found: " + free_spin_reel_counter[2]): null

2019-08-10 23:52:14 - [TEST_STEP][PASSED] - M4_spin_reels = M4_spin_reels: null

2019-08-10 23:52:14 - [TEST_STEP][PASSED] - M4_spin_reels_symbols = symbol: null

2019-08-10 23:52:14 - [TEST_STEP][PASSED] - M4_spin_reels_symbols = M4_spin_reels_symbols: null

2019-08-10 23:52:14 - [TEST_STEP][PASSED] - M4_spin_reel_wins = reel_wins: null

2019-08-10 23:52:14 - [TEST_STEP][PASSED] - M4_spin_reel_wins = M4_spin_reel_wins: null

2019-08-10 23:52:14 - [TEST_STEP][PASSED] - println("GlobalVariable.M4_spin_reel_wins is: " + M4_spin_reel_wins): null

2019-08-10 23:52:14 - [TEST_STEP][PASSED] - M4_spin_total_bonus_win_this_round = total_bonus_win_this_round: null

2019-08-10 23:52:14 - [TEST_STEP][PASSED] - M4_spin_total_bonus_win_this_round = M4_spin_total_bonus_win_this_round: null

2019-08-10 23:52:14 - [TEST_STEP][PASSED] - println("GlobalVariable.M4_spin_total_bonus_win_this_round is: " + M4_spin_total_bonus_win_this_round): null

2019-08-10 23:52:14 - [MESSAGE][PASSED] - Verify response successfully

2019-08-10 23:52:14 - [MESSAGE][PASSED] - Send request and verify the response successfully

2019-08-10 23:52:14 - [TEST_STEP][PASSED] - if (M4_total_bonus_spins_int != 0 &amp;&amp; M4_spin_reels_symbols[2].contains("WILD_ExtraFG") || M4_spin_reels_symbols[3].contains("WILD_ExtraFG")): null

2019-08-10 23:52:14 - [TEST_STEP][PASSED] - free_spin_reel_counter = free_spin_reel_counter: null

2019-08-10 23:52:14 - [TEST_STEP][PASSED] - M4_spin_reels_symbols = M4_spin_reels_symbols: null

2019-08-10 23:52:14 - [TEST_STEP][PASSED] - M4_total_bonus_spins = M4_total_bonus_spins: null

2019-08-10 23:52:14 - [TEST_STEP][PASSED] - spin_result = sendRequestAndVerify(findTestObject("RGS(M4)/1_M4_spin", ["M4_login_user_id":M4_login_user_id, "rgs_session_token":rgs_session_token, "partner":Partner])): Send request and verify the response successfully

2019-08-10 23:52:15 - [TEST_CASE][PASSED] - Start Test Case : Verification: Verification accomplished successfully

2019-08-10 23:52:15 - [TEST_STEP][PASSED] - request = getInstance().getCurrentRequest(): null

2019-08-10 23:52:15 - [TEST_STEP][PASSED] - response = getInstance().getCurrentResponse(): null

2019-08-10 23:52:15 - [TEST_STEP][PASSED] - verifyResponseStatusCode(response, 200): Verify response status code successfully

2019-08-10 23:52:15 - [MESSAGE][PASSED] - Verify response status code successfully

2019-08-10 23:52:15 - [TEST_STEP][PASSED] - getStatusCode()).isEqualTo(200): null

2019-08-10 23:52:15 - [TEST_STEP][PASSED] - newline = System.getProperty("line.separator"): null

2019-08-10 23:52:15 - [TEST_STEP][PASSED] - M4_spin = new groovy.json.JsonSlurper(): null

2019-08-10 23:52:15 - [TEST_STEP][PASSED] - result_M4_spin = M4_spin.parseText(response.getResponseBodyContent()): null

2019-08-10 23:52:15 - [TEST_STEP][PASSED] - M4_spin_current_balance = current_balance: null

2019-08-10 23:52:15 - [TEST_STEP][PASSED] - M4_spin_current_balance = M4_spin_current_balance: null

2019-08-10 23:52:15 - [TEST_STEP][PASSED] - M4_spin_transaction_id = causality: null

2019-08-10 23:52:15 - [TEST_STEP][PASSED] - M4_spin_transaction_id = M4_spin_transaction_id: null

2019-08-10 23:52:15 - [TEST_STEP][PASSED] - M4_spin_round_id = round_id: null

2019-08-10 23:52:15 - [TEST_STEP][PASSED] - M4_spin_round_id = M4_spin_round_id: null

2019-08-10 23:52:15 - [TEST_STEP][PASSED] - M4_spin_line_wins = line_wins: null

2019-08-10 23:52:15 - [TEST_STEP][PASSED] - M4_spin_line_wins = M4_spin_line_wins: null

2019-08-10 23:52:15 - [TEST_STEP][PASSED] - M4_total_bonus_spins_int = total_bonus_spins: null

2019-08-10 23:52:15 - [TEST_STEP][PASSED] - println("******M4_total_bonus_spins type is:*******" + newline + getClass().getName()): null

2019-08-10 23:52:15 - [TEST_STEP][PASSED] - M4_total_bonus_spins_int = M4_total_bonus_spins_int: null

2019-08-10 23:52:15 - [TEST_STEP][PASSED] - M4_total_bonus_spins = Integer.toString(M4_total_bonus_spins_int): null

2019-08-10 23:52:15 - [TEST_STEP][PASSED] - M4_total_bonus_spins = M4_total_bonus_spins: null

2019-08-10 23:52:15 - [TEST_STEP][PASSED] - println("M4_total_bonus_spins is:" + M4_total_bonus_spins): null

2019-08-10 23:52:15 - [TEST_STEP][PASSED] - M4_spin_bonus_data = bonus_data: null

2019-08-10 23:52:15 - [TEST_STEP][PASSED] - M4_spin_features_triggered = result_M4_spin: null

2019-08-10 23:52:15 - [TEST_STEP][PASSED] - wild = []: null

2019-08-10 23:52:15 - [TEST_STEP][PASSED] - wild[0] = "WILD_Expanding": null

2019-08-10 23:52:15 - [TEST_STEP][PASSED] - wild[1] = "WILD_Normal": null

2019-08-10 23:52:15 - [TEST_STEP][PASSED] - wild[2] = "WILD_Double": null

2019-08-10 23:52:15 - [TEST_STEP][PASSED] - wild[3] = "WILD_ExtraFG": null

2019-08-10 23:52:15 - [TEST_STEP][PASSED] - wild[4] = "WILD_Triple": null

2019-08-10 23:52:15 - [TEST_STEP][PASSED] - wildList = Arrays.asList(wild): null

2019-08-10 23:52:15 - [TEST_STEP][PASSED] - wildList = wildList: null

2019-08-10 23:52:15 - [TEST_STEP][PASSED] - free_spin_reel_counter = []: null

2019-08-10 23:52:18 - [TEST_STEP][PASSED] - free_spin_reel_counter[0] = 0: null

2019-08-10 23:52:18 - [TEST_STEP][PASSED] - free_spin_reel_counter[1] = 0: null

2019-08-10 23:52:18 - [TEST_STEP][PASSED] - free_spin_reel_counter[2] = 0: null

2019-08-10 23:52:18 - [TEST_STEP][PASSED] - M4_spin_reels = reels: null

2019-08-10 23:52:18 - [TEST_STEP][PASSED] - for ([i = 0, i &lt; M4_spin_reels.size(), (i++)]): null

2019-08-10 23:52:18 - [TEST_STEP][PASSED] - symbols = symbols: null

2019-08-10 23:52:18 - [TEST_STEP][PASSED] - for ([j = 0, j &lt; symbols.size(), (j++)]): null

2019-08-10 23:52:18 - [TEST_STEP][PASSED] - symbol = symbol: null

2019-08-10 23:52:18 - [TEST_STEP][PASSED] - println(symbol): null

2019-08-10 23:52:18 - [TEST_STEP][PASSED] - if (i == 2 &amp;&amp; wildList.indexOf(symbol) != -1): null

2019-08-10 23:52:18 - [TEST_STEP][PASSED] - if (i == 3 &amp;&amp; wildList.indexOf(symbol) != -1): null

2019-08-10 23:52:18 - [TEST_STEP][PASSED] - if (i == 4 &amp;&amp; wildList.indexOf(symbol) != -1): null

2019-08-10 23:52:21 - [TEST_STEP][PASSED] - symbol = symbol: null

2019-08-10 23:52:21 - [TEST_STEP][PASSED] - println(symbol): null

2019-08-10 23:52:21 - [TEST_STEP][PASSED] - if (i == 2 &amp;&amp; wildList.indexOf(symbol) != -1): null

2019-08-10 23:52:21 - [TEST_STEP][PASSED] - if (i == 3 &amp;&amp; wildList.indexOf(symbol) != -1): null

2019-08-10 23:52:21 - [TEST_STEP][PASSED] - if (i == 4 &amp;&amp; wildList.indexOf(symbol) != -1): null

2019-08-10 23:52:21 - [TEST_STEP][PASSED] - symbol = symbol: null

2019-08-10 23:52:21 - [TEST_STEP][PASSED] - println(symbol): null

2019-08-10 23:52:21 - [TEST_STEP][PASSED] - if (i == 2 &amp;&amp; wildList.indexOf(symbol) != -1): null

2019-08-10 23:52:21 - [TEST_STEP][PASSED] - if (i == 3 &amp;&amp; wildList.indexOf(symbol) != -1): null

2019-08-10 23:52:21 - [TEST_STEP][PASSED] - if (i == 4 &amp;&amp; wildList.indexOf(symbol) != -1): null

2019-08-10 23:52:21 - [TEST_STEP][PASSED] - symbols = symbols: null

2019-08-10 23:52:21 - [TEST_STEP][PASSED] - for ([j = 0, j &lt; symbols.size(), (j++)]): null

2019-08-10 23:52:21 - [TEST_STEP][PASSED] - symbol = symbol: null

2019-08-10 23:52:21 - [TEST_STEP][PASSED] - println(symbol): null

2019-08-10 23:52:21 - [TEST_STEP][PASSED] - if (i == 2 &amp;&amp; wildList.indexOf(symbol) != -1): null

2019-08-10 23:52:21 - [TEST_STEP][PASSED] - if (i == 3 &amp;&amp; wildList.indexOf(symbol) != -1): null

2019-08-10 23:52:21 - [TEST_STEP][PASSED] - if (i == 4 &amp;&amp; wildList.indexOf(symbol) != -1): null

2019-08-10 23:52:21 - [TEST_STEP][PASSED] - symbol = symbol: null

2019-08-10 23:52:21 - [TEST_STEP][PASSED] - println(symbol): null

2019-08-10 23:52:21 - [TEST_STEP][PASSED] - if (i == 2 &amp;&amp; wildList.indexOf(symbol) != -1): null

2019-08-10 23:52:21 - [TEST_STEP][PASSED] - if (i == 3 &amp;&amp; wildList.indexOf(symbol) != -1): null

2019-08-10 23:52:21 - [TEST_STEP][PASSED] - if (i == 4 &amp;&amp; wildList.indexOf(symbol) != -1): null

2019-08-10 23:52:21 - [TEST_STEP][PASSED] - symbol = symbol: null

2019-08-10 23:52:21 - [TEST_STEP][PASSED] - println(symbol): null

2019-08-10 23:52:21 - [TEST_STEP][PASSED] - if (i == 2 &amp;&amp; wildList.indexOf(symbol) != -1): null

2019-08-10 23:52:21 - [TEST_STEP][PASSED] - if (i == 3 &amp;&amp; wildList.indexOf(symbol) != -1): null

2019-08-10 23:52:21 - [TEST_STEP][PASSED] - if (i == 4 &amp;&amp; wildList.indexOf(symbol) != -1): null

2019-08-10 23:52:21 - [TEST_STEP][PASSED] - symbols = symbols: null

2019-08-10 23:52:21 - [TEST_STEP][PASSED] - for ([j = 0, j &lt; symbols.size(), (j++)]): null

2019-08-10 23:52:21 - [TEST_STEP][PASSED] - symbol = symbol: null

2019-08-10 23:52:21 - [TEST_STEP][PASSED] - println(symbol): null

2019-08-10 23:52:21 - [TEST_STEP][PASSED] - if (i == 2 &amp;&amp; wildList.indexOf(symbol) != -1): null

2019-08-10 23:52:21 - [TEST_STEP][PASSED] - if (i == 3 &amp;&amp; wildList.indexOf(symbol) != -1): null

2019-08-10 23:52:21 - [TEST_STEP][PASSED] - if (i == 4 &amp;&amp; wildList.indexOf(symbol) != -1): null

2019-08-10 23:52:21 - [TEST_STEP][PASSED] - symbol = symbol: null

2019-08-10 23:52:21 - [TEST_STEP][PASSED] - println(symbol): null

2019-08-10 23:52:21 - [TEST_STEP][PASSED] - if (i == 2 &amp;&amp; wildList.indexOf(symbol) != -1): null

2019-08-10 23:52:21 - [TEST_STEP][PASSED] - if (i == 3 &amp;&amp; wildList.indexOf(symbol) != -1): null

2019-08-10 23:52:21 - [TEST_STEP][PASSED] - if (i == 4 &amp;&amp; wildList.indexOf(symbol) != -1): null

2019-08-10 23:52:21 - [TEST_STEP][PASSED] - symbol = symbol: null

2019-08-10 23:52:21 - [TEST_STEP][PASSED] - println(symbol): null

2019-08-10 23:52:21 - [TEST_STEP][PASSED] - if (i == 2 &amp;&amp; wildList.indexOf(symbol) != -1): null

2019-08-10 23:52:21 - [TEST_STEP][PASSED] - if (i == 3 &amp;&amp; wildList.indexOf(symbol) != -1): null

2019-08-10 23:52:21 - [TEST_STEP][PASSED] - if (i == 4 &amp;&amp; wildList.indexOf(symbol) != -1): null

2019-08-10 23:52:21 - [TEST_STEP][PASSED] - symbols = symbols: null

2019-08-10 23:52:21 - [TEST_STEP][PASSED] - for ([j = 0, j &lt; symbols.size(), (j++)]): null

2019-08-10 23:52:21 - [TEST_STEP][PASSED] - symbol = symbol: null

2019-08-10 23:52:21 - [TEST_STEP][PASSED] - println(symbol): null

2019-08-10 23:52:21 - [TEST_STEP][PASSED] - if (i == 2 &amp;&amp; wildList.indexOf(symbol) != -1): null

2019-08-10 23:52:21 - [TEST_STEP][PASSED] - if (i == 3 &amp;&amp; wildList.indexOf(symbol) != -1): null

2019-08-10 23:52:21 - [TEST_STEP][PASSED] - if (i == 4 &amp;&amp; wildList.indexOf(symbol) != -1): null

2019-08-10 23:52:21 - [TEST_STEP][PASSED] - symbol = symbol: null

2019-08-10 23:52:21 - [TEST_STEP][PASSED] - println(symbol): null

2019-08-10 23:52:21 - [TEST_STEP][PASSED] - if (i == 2 &amp;&amp; wildList.indexOf(symbol) != -1): null

2019-08-10 23:52:21 - [TEST_STEP][PASSED] - if (i == 3 &amp;&amp; wildList.indexOf(symbol) != -1): null

2019-08-10 23:52:21 - [TEST_STEP][PASSED] - if (i == 4 &amp;&amp; wildList.indexOf(symbol) != -1): null

2019-08-10 23:52:21 - [TEST_STEP][PASSED] - symbol = symbol: null

2019-08-10 23:52:21 - [TEST_STEP][PASSED] - println(symbol): null

2019-08-10 23:52:21 - [TEST_STEP][PASSED] - if (i == 2 &amp;&amp; wildList.indexOf(symbol) != -1): null

2019-08-10 23:52:21 - [TEST_STEP][PASSED] - if (i == 3 &amp;&amp; wildList.indexOf(symbol) != -1): null

2019-08-10 23:52:21 - [TEST_STEP][PASSED] - println("wild found on reel 4, adding counter by 1"): null

2019-08-10 23:52:21 - [TEST_STEP][PASSED] - free_spin_reel_counter[1] = free_spin_reel_counter[1] + 1: null

2019-08-10 23:52:21 - [TEST_STEP][PASSED] - if (i == 4 &amp;&amp; wildList.indexOf(symbol) != -1): null

2019-08-10 23:52:21 - [TEST_STEP][PASSED] - symbols = symbols: null

2019-08-10 23:52:21 - [TEST_STEP][PASSED] - for ([j = 0, j &lt; symbols.size(), (j++)]): null

2019-08-10 23:52:21 - [TEST_STEP][PASSED] - symbol = symbol: null

2019-08-10 23:52:21 - [TEST_STEP][PASSED] - println(symbol): null

2019-08-10 23:52:21 - [TEST_STEP][PASSED] - if (i == 2 &amp;&amp; wildList.indexOf(symbol) != -1): null

2019-08-10 23:52:21 - [TEST_STEP][PASSED] - if (i == 3 &amp;&amp; wildList.indexOf(symbol) != -1): null

2019-08-10 23:52:21 - [TEST_STEP][PASSED] - if (i == 4 &amp;&amp; wildList.indexOf(symbol) != -1): null

2019-08-10 23:52:21 - [TEST_STEP][PASSED] - symbol = symbol: null

2019-08-10 23:52:21 - [TEST_STEP][PASSED] - println(symbol): null

2019-08-10 23:52:21 - [TEST_STEP][PASSED] - if (i == 2 &amp;&amp; wildList.indexOf(symbol) != -1): null

2019-08-10 23:52:21 - [TEST_STEP][PASSED] - if (i == 3 &amp;&amp; wildList.indexOf(symbol) != -1): null

2019-08-10 23:52:21 - [TEST_STEP][PASSED] - if (i == 4 &amp;&amp; wildList.indexOf(symbol) != -1): null

2019-08-10 23:52:21 - [TEST_STEP][PASSED] - symbol = symbol: null

2019-08-10 23:52:21 - [TEST_STEP][PASSED] - println(symbol): null

2019-08-10 23:52:21 - [TEST_STEP][PASSED] - if (i == 2 &amp;&amp; wildList.indexOf(symbol) != -1): null

2019-08-10 23:52:21 - [TEST_STEP][PASSED] - if (i == 3 &amp;&amp; wildList.indexOf(symbol) != -1): null

2019-08-10 23:52:21 - [TEST_STEP][PASSED] - if (i == 4 &amp;&amp; wildList.indexOf(symbol) != -1): null

2019-08-10 23:52:21 - [TEST_STEP][PASSED] - free_spin_reel_counter = free_spin_reel_counter: null

2019-08-10 23:52:21 - [TEST_STEP][PASSED] - println("reel 3 wild found: " + free_spin_reel_counter[0]): null

2019-08-10 23:52:21 - [TEST_STEP][PASSED] - println("reel 4 wild found: " + free_spin_reel_counter[1]): null

2019-08-10 23:52:21 - [TEST_STEP][PASSED] - println("reel 5 wild found: " + free_spin_reel_counter[2]): null

2019-08-10 23:52:21 - [TEST_STEP][PASSED] - M4_spin_reels = M4_spin_reels: null

2019-08-10 23:52:21 - [TEST_STEP][PASSED] - M4_spin_reels_symbols = symbol: null

2019-08-10 23:52:21 - [TEST_STEP][PASSED] - M4_spin_reels_symbols = M4_spin_reels_symbols: null

2019-08-10 23:52:21 - [TEST_STEP][PASSED] - M4_spin_reel_wins = reel_wins: null

2019-08-10 23:52:21 - [TEST_STEP][PASSED] - M4_spin_reel_wins = M4_spin_reel_wins: null

2019-08-10 23:52:21 - [TEST_STEP][PASSED] - println("GlobalVariable.M4_spin_reel_wins is: " + M4_spin_reel_wins): null

2019-08-10 23:52:21 - [TEST_STEP][PASSED] - M4_spin_total_bonus_win_this_round = total_bonus_win_this_round: null

2019-08-10 23:52:21 - [TEST_STEP][PASSED] - M4_spin_total_bonus_win_this_round = M4_spin_total_bonus_win_this_round: null

2019-08-10 23:52:21 - [TEST_STEP][PASSED] - println("GlobalVariable.M4_spin_total_bonus_win_this_round is: " + M4_spin_total_bonus_win_this_round): null

2019-08-10 23:52:21 - [MESSAGE][PASSED] - Verify response successfully

2019-08-10 23:52:21 - [MESSAGE][PASSED] - Send request and verify the response successfully

2019-08-10 23:52:21 - [TEST_STEP][PASSED] - if (M4_total_bonus_spins_int != 0 &amp;&amp; M4_spin_reels_symbols[2].contains("WILD_ExtraFG") || M4_spin_reels_symbols[3].contains("WILD_ExtraFG")): null

2019-08-10 23:52:21 - [TEST_STEP][PASSED] - free_spin_reel_counter = free_spin_reel_counter: null

2019-08-10 23:52:21 - [TEST_STEP][PASSED] - M4_spin_reels_symbols = M4_spin_reels_symbols: null

2019-08-10 23:52:21 - [TEST_STEP][PASSED] - M4_total_bonus_spins = M4_total_bonus_spins: null

2019-08-10 23:52:21 - [TEST_STEP][PASSED] - spin_result = sendRequestAndVerify(findTestObject("RGS(M4)/1_M4_spin", ["M4_login_user_id":M4_login_user_id, "rgs_session_token":rgs_session_token, "partner":Partner])): Send request and verify the response successfully

2019-08-10 23:52:21 - [TEST_CASE][PASSED] - Start Test Case : Verification: Verification accomplished successfully

2019-08-10 23:52:21 - [TEST_STEP][PASSED] - request = getInstance().getCurrentRequest(): null

2019-08-10 23:52:21 - [TEST_STEP][PASSED] - response = getInstance().getCurrentResponse(): null

2019-08-10 23:52:21 - [TEST_STEP][PASSED] - verifyResponseStatusCode(response, 200): Verify response status code successfully

2019-08-10 23:52:21 - [MESSAGE][PASSED] - Verify response status code successfully

2019-08-10 23:52:21 - [TEST_STEP][PASSED] - getStatusCode()).isEqualTo(200): null

2019-08-10 23:52:21 - [TEST_STEP][PASSED] - newline = System.getProperty("line.separator"): null

2019-08-10 23:52:21 - [TEST_STEP][PASSED] - M4_spin = new groovy.json.JsonSlurper(): null

2019-08-10 23:52:21 - [TEST_STEP][PASSED] - result_M4_spin = M4_spin.parseText(response.getResponseBodyContent()): null

2019-08-10 23:52:21 - [TEST_STEP][PASSED] - M4_spin_current_balance = current_balance: null

2019-08-10 23:52:21 - [TEST_STEP][PASSED] - M4_spin_current_balance = M4_spin_current_balance: null

2019-08-10 23:52:21 - [TEST_STEP][PASSED] - M4_spin_transaction_id = causality: null

2019-08-10 23:52:21 - [TEST_STEP][PASSED] - M4_spin_transaction_id = M4_spin_transaction_id: null

2019-08-10 23:52:21 - [TEST_STEP][PASSED] - M4_spin_round_id = round_id: null

2019-08-10 23:52:21 - [TEST_STEP][PASSED] - M4_spin_round_id = M4_spin_round_id: null

2019-08-10 23:52:21 - [TEST_STEP][PASSED] - M4_spin_line_wins = line_wins: null

2019-08-10 23:52:21 - [TEST_STEP][PASSED] - M4_spin_line_wins = M4_spin_line_wins: null

2019-08-10 23:52:21 - [TEST_STEP][PASSED] - M4_total_bonus_spins_int = total_bonus_spins: null

2019-08-10 23:52:21 - [TEST_STEP][PASSED] - println("******M4_total_bonus_spins type is:*******" + newline + getClass().getName()): null

2019-08-10 23:52:21 - [TEST_STEP][PASSED] - M4_total_bonus_spins_int = M4_total_bonus_spins_int: null

2019-08-10 23:52:21 - [TEST_STEP][PASSED] - M4_total_bonus_spins = Integer.toString(M4_total_bonus_spins_int): null

2019-08-10 23:52:21 - [TEST_STEP][PASSED] - M4_total_bonus_spins = M4_total_bonus_spins: null

2019-08-10 23:52:21 - [TEST_STEP][PASSED] - println("M4_total_bonus_spins is:" + M4_total_bonus_spins): null

2019-08-10 23:52:21 - [TEST_STEP][PASSED] - M4_spin_bonus_data = bonus_data: null

2019-08-10 23:52:21 - [TEST_STEP][PASSED] - M4_spin_features_triggered = result_M4_spin: null

2019-08-10 23:52:21 - [TEST_STEP][PASSED] - wild = []: null

2019-08-10 23:52:21 - [TEST_STEP][PASSED] - wild[0] = "WILD_Expanding": null

2019-08-10 23:52:21 - [TEST_STEP][PASSED] - wild[1] = "WILD_Normal": null

2019-08-10 23:52:21 - [TEST_STEP][PASSED] - wild[2] = "WILD_Double": null

2019-08-10 23:52:21 - [TEST_STEP][PASSED] - wild[3] = "WILD_ExtraFG": null

2019-08-10 23:52:21 - [TEST_STEP][PASSED] - wild[4] = "WILD_Triple": null

2019-08-10 23:52:21 - [TEST_STEP][PASSED] - wildList = Arrays.asList(wild): null

2019-08-10 23:52:21 - [TEST_STEP][PASSED] - wildList = wildList: null

2019-08-10 23:52:21 - [TEST_STEP][PASSED] - free_spin_reel_counter = []: null

2019-08-10 23:52:21 - [TEST_STEP][PASSED] - free_spin_reel_counter[0] = 0: null

2019-08-10 23:52:21 - [TEST_STEP][PASSED] - free_spin_reel_counter[1] = 0: null

2019-08-10 23:52:21 - [TEST_STEP][PASSED] - free_spin_reel_counter[2] = 0: null

2019-08-10 23:52:21 - [TEST_STEP][PASSED] - M4_spin_reels = reels: null

2019-08-10 23:52:21 - [TEST_STEP][PASSED] - for ([i = 0, i &lt; M4_spin_reels.size(), (i++)]): null

2019-08-10 23:52:21 - [TEST_STEP][PASSED] - symbols = symbols: null

2019-08-10 23:52:21 - [TEST_STEP][PASSED] - for ([j = 0, j &lt; symbols.size(), (j++)]): null

2019-08-10 23:52:21 - [TEST_STEP][PASSED] - symbol = symbol: null

2019-08-10 23:52:21 - [TEST_STEP][PASSED] - println(symbol): null

2019-08-10 23:52:21 - [TEST_STEP][PASSED] - if (i == 2 &amp;&amp; wildList.indexOf(symbol) != -1): null

2019-08-10 23:52:21 - [TEST_STEP][PASSED] - if (i == 3 &amp;&amp; wildList.indexOf(symbol) != -1): null

2019-08-10 23:52:21 - [TEST_STEP][PASSED] - if (i == 4 &amp;&amp; wildList.indexOf(symbol) != -1): null

2019-08-10 23:52:21 - [TEST_STEP][PASSED] - symbol = symbol: null

2019-08-10 23:52:21 - [TEST_STEP][PASSED] - println(symbol): null

2019-08-10 23:52:21 - [TEST_STEP][PASSED] - if (i == 2 &amp;&amp; wildList.indexOf(symbol) != -1): null

2019-08-10 23:52:21 - [TEST_STEP][PASSED] - if (i == 3 &amp;&amp; wildList.indexOf(symbol) != -1): null

2019-08-10 23:52:21 - [TEST_STEP][PASSED] - if (i == 4 &amp;&amp; wildList.indexOf(symbol) != -1): null

2019-08-10 23:52:21 - [TEST_STEP][PASSED] - symbol = symbol: null

2019-08-10 23:52:21 - [TEST_STEP][PASSED] - println(symbol): null

2019-08-10 23:52:21 - [TEST_STEP][PASSED] - if (i == 2 &amp;&amp; wildList.indexOf(symbol) != -1): null

2019-08-10 23:52:21 - [TEST_STEP][PASSED] - if (i == 3 &amp;&amp; wildList.indexOf(symbol) != -1): null

2019-08-10 23:52:21 - [TEST_STEP][PASSED] - if (i == 4 &amp;&amp; wildList.indexOf(symbol) != -1): null

2019-08-10 23:52:21 - [TEST_STEP][PASSED] - symbols = symbols: null

2019-08-10 23:52:21 - [TEST_STEP][PASSED] - for ([j = 0, j &lt; symbols.size(), (j++)]): null

2019-08-10 23:52:21 - [TEST_STEP][PASSED] - symbol = symbol: null

2019-08-10 23:52:21 - [TEST_STEP][PASSED] - println(symbol): null

2019-08-10 23:52:21 - [TEST_STEP][PASSED] - if (i == 2 &amp;&amp; wildList.indexOf(symbol) != -1): null

2019-08-10 23:52:21 - [TEST_STEP][PASSED] - if (i == 3 &amp;&amp; wildList.indexOf(symbol) != -1): null

2019-08-10 23:52:21 - [TEST_STEP][PASSED] - if (i == 4 &amp;&amp; wildList.indexOf(symbol) != -1): null

2019-08-10 23:52:21 - [TEST_STEP][PASSED] - symbol = symbol: null

2019-08-10 23:52:21 - [TEST_STEP][PASSED] - println(symbol): null

2019-08-10 23:52:21 - [TEST_STEP][PASSED] - if (i == 2 &amp;&amp; wildList.indexOf(symbol) != -1): null

2019-08-10 23:52:21 - [TEST_STEP][PASSED] - if (i == 3 &amp;&amp; wildList.indexOf(symbol) != -1): null

2019-08-10 23:52:21 - [TEST_STEP][PASSED] - if (i == 4 &amp;&amp; wildList.indexOf(symbol) != -1): null

2019-08-10 23:52:21 - [TEST_STEP][PASSED] - symbol = symbol: null

2019-08-10 23:52:21 - [TEST_STEP][PASSED] - println(symbol): null

2019-08-10 23:52:21 - [TEST_STEP][PASSED] - if (i == 2 &amp;&amp; wildList.indexOf(symbol) != -1): null

2019-08-10 23:52:21 - [TEST_STEP][PASSED] - if (i == 3 &amp;&amp; wildList.indexOf(symbol) != -1): null

2019-08-10 23:52:21 - [TEST_STEP][PASSED] - if (i == 4 &amp;&amp; wildList.indexOf(symbol) != -1): null

2019-08-10 23:52:21 - [TEST_STEP][PASSED] - symbols = symbols: null

2019-08-10 23:52:21 - [TEST_STEP][PASSED] - for ([j = 0, j &lt; symbols.size(), (j++)]): null

2019-08-10 23:52:21 - [TEST_STEP][PASSED] - symbol = symbol: null

2019-08-10 23:52:21 - [TEST_STEP][PASSED] - println(symbol): null

2019-08-10 23:52:21 - [TEST_STEP][PASSED] - if (i == 2 &amp;&amp; wildList.indexOf(symbol) != -1): null

2019-08-10 23:52:21 - [TEST_STEP][PASSED] - if (i == 3 &amp;&amp; wildList.indexOf(symbol) != -1): null

2019-08-10 23:52:21 - [TEST_STEP][PASSED] - if (i == 4 &amp;&amp; wildList.indexOf(symbol) != -1): null

2019-08-10 23:52:21 - [TEST_STEP][PASSED] - symbol = symbol: null

2019-08-10 23:52:21 - [TEST_STEP][PASSED] - println(symbol): null

2019-08-10 23:52:21 - [TEST_STEP][PASSED] - if (i == 2 &amp;&amp; wildList.indexOf(symbol) != -1): null

2019-08-10 23:52:21 - [TEST_STEP][PASSED] - if (i == 3 &amp;&amp; wildList.indexOf(symbol) != -1): null

2019-08-10 23:52:21 - [TEST_STEP][PASSED] - if (i == 4 &amp;&amp; wildList.indexOf(symbol) != -1): null

2019-08-10 23:52:21 - [TEST_STEP][PASSED] - symbol = symbol: null

2019-08-10 23:52:21 - [TEST_STEP][PASSED] - println(symbol): null

2019-08-10 23:52:21 - [TEST_STEP][PASSED] - if (i == 2 &amp;&amp; wildList.indexOf(symbol) != -1): null

2019-08-10 23:52:21 - [TEST_STEP][PASSED] - if (i == 3 &amp;&amp; wildList.indexOf(symbol) != -1): null

2019-08-10 23:52:21 - [TEST_STEP][PASSED] - if (i == 4 &amp;&amp; wildList.indexOf(symbol) != -1): null

2019-08-10 23:52:21 - [TEST_STEP][PASSED] - symbols = symbols: null

2019-08-10 23:52:21 - [TEST_STEP][PASSED] - for ([j = 0, j &lt; symbols.size(), (j++)]): null

2019-08-10 23:52:21 - [TEST_STEP][PASSED] - symbol = symbol: null

2019-08-10 23:52:21 - [TEST_STEP][PASSED] - println(symbol): null

2019-08-10 23:52:21 - [TEST_STEP][PASSED] - if (i == 2 &amp;&amp; wildList.indexOf(symbol) != -1): null

2019-08-10 23:52:21 - [TEST_STEP][PASSED] - if (i == 3 &amp;&amp; wildList.indexOf(symbol) != -1): null

2019-08-10 23:52:21 - [TEST_STEP][PASSED] - if (i == 4 &amp;&amp; wildList.indexOf(symbol) != -1): null

2019-08-10 23:52:21 - [TEST_STEP][PASSED] - symbol = symbol: null

2019-08-10 23:52:21 - [TEST_STEP][PASSED] - println(symbol): null

2019-08-10 23:52:21 - [TEST_STEP][PASSED] - if (i == 2 &amp;&amp; wildList.indexOf(symbol) != -1): null

2019-08-10 23:52:21 - [TEST_STEP][PASSED] - if (i == 3 &amp;&amp; wildList.indexOf(symbol) != -1): null

2019-08-10 23:52:21 - [TEST_STEP][PASSED] - if (i == 4 &amp;&amp; wildList.indexOf(symbol) != -1): null

2019-08-10 23:52:21 - [TEST_STEP][PASSED] - symbol = symbol: null

2019-08-10 23:52:21 - [TEST_STEP][PASSED] - println(symbol): null

2019-08-10 23:52:21 - [TEST_STEP][PASSED] - if (i == 2 &amp;&amp; wildList.indexOf(symbol) != -1): null

2019-08-10 23:52:21 - [TEST_STEP][PASSED] - if (i == 3 &amp;&amp; wildList.indexOf(symbol) != -1): null

2019-08-10 23:52:21 - [TEST_STEP][PASSED] - if (i == 4 &amp;&amp; wildList.indexOf(symbol) != -1): null

2019-08-10 23:52:21 - [TEST_STEP][PASSED] - symbols = symbols: null

2019-08-10 23:52:21 - [TEST_STEP][PASSED] - for ([j = 0, j &lt; symbols.size(), (j++)]): null

2019-08-10 23:52:21 - [TEST_STEP][PASSED] - symbol = symbol: null

2019-08-10 23:52:21 - [TEST_STEP][PASSED] - println(symbol): null

2019-08-10 23:52:21 - [TEST_STEP][PASSED] - if (i == 2 &amp;&amp; wildList.indexOf(symbol) != -1): null

2019-08-10 23:52:21 - [TEST_STEP][PASSED] - if (i == 3 &amp;&amp; wildList.indexOf(symbol) != -1): null

2019-08-10 23:52:21 - [TEST_STEP][PASSED] - if (i == 4 &amp;&amp; wildList.indexOf(symbol) != -1): null

2019-08-10 23:52:21 - [TEST_STEP][PASSED] - symbol = symbol: null

2019-08-10 23:52:21 - [TEST_STEP][PASSED] - println(symbol): null

2019-08-10 23:52:21 - [TEST_STEP][PASSED] - if (i == 2 &amp;&amp; wildList.indexOf(symbol) != -1): null

2019-08-10 23:52:21 - [TEST_STEP][PASSED] - if (i == 3 &amp;&amp; wildList.indexOf(symbol) != -1): null

2019-08-10 23:52:21 - [TEST_STEP][PASSED] - if (i == 4 &amp;&amp; wildList.indexOf(symbol) != -1): null

2019-08-10 23:52:21 - [TEST_STEP][PASSED] - symbol = symbol: null

2019-08-10 23:52:21 - [TEST_STEP][PASSED] - println(symbol): null

2019-08-10 23:52:21 - [TEST_STEP][PASSED] - if (i == 2 &amp;&amp; wildList.indexOf(symbol) != -1): null

2019-08-10 23:52:21 - [TEST_STEP][PASSED] - if (i == 3 &amp;&amp; wildList.indexOf(symbol) != -1): null

2019-08-10 23:52:21 - [TEST_STEP][PASSED] - if (i == 4 &amp;&amp; wildList.indexOf(symbol) != -1): null

2019-08-10 23:52:21 - [TEST_STEP][PASSED] - free_spin_reel_counter = free_spin_reel_counter: null

2019-08-10 23:52:21 - [TEST_STEP][PASSED] - println("reel 3 wild found: " + free_spin_reel_counter[0]): null

2019-08-10 23:52:21 - [TEST_STEP][PASSED] - println("reel 4 wild found: " + free_spin_reel_counter[1]): null

2019-08-10 23:52:21 - [TEST_STEP][PASSED] - println("reel 5 wild found: " + free_spin_reel_counter[2]): null

2019-08-10 23:52:21 - [TEST_STEP][PASSED] - M4_spin_reels = M4_spin_reels: null

2019-08-10 23:52:21 - [TEST_STEP][PASSED] - M4_spin_reels_symbols = symbol: null

2019-08-10 23:52:21 - [TEST_STEP][PASSED] - M4_spin_reels_symbols = M4_spin_reels_symbols: null

2019-08-10 23:52:21 - [TEST_STEP][PASSED] - M4_spin_reel_wins = reel_wins: null

2019-08-10 23:52:21 - [TEST_STEP][PASSED] - M4_spin_reel_wins = M4_spin_reel_wins: null

2019-08-10 23:52:21 - [TEST_STEP][PASSED] - println("GlobalVariable.M4_spin_reel_wins is: " + M4_spin_reel_wins): null

2019-08-10 23:52:21 - [TEST_STEP][PASSED] - M4_spin_total_bonus_win_this_round = total_bonus_win_this_round: null

2019-08-10 23:52:21 - [TEST_STEP][PASSED] - M4_spin_total_bonus_win_this_round = M4_spin_total_bonus_win_this_round: null

2019-08-10 23:52:21 - [TEST_STEP][PASSED] - println("GlobalVariable.M4_spin_total_bonus_win_this_round is: " + M4_spin_total_bonus_win_this_round): null

2019-08-10 23:52:21 - [MESSAGE][PASSED] - Verify response successfully

2019-08-10 23:52:21 - [MESSAGE][PASSED] - Send request and verify the response successfully

2019-08-10 23:52:21 - [TEST_STEP][PASSED] - if (M4_total_bonus_spins_int != 0 &amp;&amp; M4_spin_reels_symbols[2].contains("WILD_ExtraFG") || M4_spin_reels_symbols[3].contains("WILD_ExtraFG")): null

2019-08-10 23:52:21 - [TEST_STEP][PASSED] - free_spin_reel_counter = free_spin_reel_counter: null

2019-08-10 23:52:21 - [TEST_STEP][PASSED] - M4_spin_reels_symbols = M4_spin_reels_symbols: null

2019-08-10 23:52:21 - [TEST_STEP][PASSED] - M4_total_bonus_spins = M4_total_bonus_spins: null

2019-08-10 23:52:21 - [TEST_STEP][PASSED] - spin_result = sendRequestAndVerify(findTestObject("RGS(M4)/1_M4_spin", ["M4_login_user_id":M4_login_user_id, "rgs_session_token":rgs_session_token, "partner":Partner])): Send request and verify the response successfully

2019-08-10 23:52:22 - [TEST_CASE][PASSED] - Start Test Case : Verification: Verification accomplished successfully

2019-08-10 23:52:22 - [TEST_STEP][PASSED] - request = getInstance().getCurrentRequest(): null

2019-08-10 23:52:22 - [TEST_STEP][PASSED] - response = getInstance().getCurrentResponse(): null

2019-08-10 23:52:22 - [TEST_STEP][PASSED] - verifyResponseStatusCode(response, 200): Verify response status code successfully

2019-08-10 23:52:22 - [MESSAGE][PASSED] - Verify response status code successfully

2019-08-10 23:52:22 - [TEST_STEP][PASSED] - getStatusCode()).isEqualTo(200): null

2019-08-10 23:52:22 - [TEST_STEP][PASSED] - newline = System.getProperty("line.separator"): null

2019-08-10 23:52:22 - [TEST_STEP][PASSED] - M4_spin = new groovy.json.JsonSlurper(): null

2019-08-10 23:52:22 - [TEST_STEP][PASSED] - result_M4_spin = M4_spin.parseText(response.getResponseBodyContent()): null

2019-08-10 23:52:22 - [TEST_STEP][PASSED] - M4_spin_current_balance = current_balance: null

2019-08-10 23:52:22 - [TEST_STEP][PASSED] - M4_spin_current_balance = M4_spin_current_balance: null

2019-08-10 23:52:22 - [TEST_STEP][PASSED] - M4_spin_transaction_id = causality: null

2019-08-10 23:52:22 - [TEST_STEP][PASSED] - M4_spin_transaction_id = M4_spin_transaction_id: null

2019-08-10 23:52:22 - [TEST_STEP][PASSED] - M4_spin_round_id = round_id: null

2019-08-10 23:52:22 - [TEST_STEP][PASSED] - M4_spin_round_id = M4_spin_round_id: null

2019-08-10 23:52:22 - [TEST_STEP][PASSED] - M4_spin_line_wins = line_wins: null

2019-08-10 23:52:22 - [TEST_STEP][PASSED] - M4_spin_line_wins = M4_spin_line_wins: null

2019-08-10 23:52:22 - [TEST_STEP][PASSED] - M4_total_bonus_spins_int = total_bonus_spins: null

2019-08-10 23:52:22 - [TEST_STEP][PASSED] - println("******M4_total_bonus_spins type is:*******" + newline + getClass().getName()): null

2019-08-10 23:52:22 - [TEST_STEP][PASSED] - M4_total_bonus_spins_int = M4_total_bonus_spins_int: null

2019-08-10 23:52:22 - [TEST_STEP][PASSED] - M4_total_bonus_spins = Integer.toString(M4_total_bonus_spins_int): null

2019-08-10 23:52:22 - [TEST_STEP][PASSED] - M4_total_bonus_spins = M4_total_bonus_spins: null

2019-08-10 23:52:22 - [TEST_STEP][PASSED] - println("M4_total_bonus_spins is:" + M4_total_bonus_spins): null

2019-08-10 23:52:22 - [TEST_STEP][PASSED] - M4_spin_bonus_data = bonus_data: null

2019-08-10 23:52:22 - [TEST_STEP][PASSED] - M4_spin_features_triggered = result_M4_spin: null

2019-08-10 23:52:22 - [TEST_STEP][PASSED] - wild = []: null

2019-08-10 23:52:22 - [TEST_STEP][PASSED] - wild[0] = "WILD_Expanding": null

2019-08-10 23:52:22 - [TEST_STEP][PASSED] - wild[1] = "WILD_Normal": null

2019-08-10 23:52:22 - [TEST_STEP][PASSED] - wild[2] = "WILD_Double": null

2019-08-10 23:52:22 - [TEST_STEP][PASSED] - wild[3] = "WILD_ExtraFG": null

2019-08-10 23:52:22 - [TEST_STEP][PASSED] - wild[4] = "WILD_Triple": null

2019-08-10 23:52:22 - [TEST_STEP][PASSED] - wildList = Arrays.asList(wild): null

2019-08-10 23:52:22 - [TEST_STEP][PASSED] - wildList = wildList: null

2019-08-10 23:52:22 - [TEST_STEP][PASSED] - free_spin_reel_counter = []: null

2019-08-10 23:52:22 - [TEST_STEP][PASSED] - free_spin_reel_counter[0] = 0: null

2019-08-10 23:52:22 - [TEST_STEP][PASSED] - free_spin_reel_counter[1] = 0: null

2019-08-10 23:52:22 - [TEST_STEP][PASSED] - free_spin_reel_counter[2] = 0: null

2019-08-10 23:52:22 - [TEST_STEP][PASSED] - M4_spin_reels = reels: null

2019-08-10 23:52:22 - [TEST_STEP][PASSED] - for ([i = 0, i &lt; M4_spin_reels.size(), (i++)]): null

2019-08-10 23:52:22 - [TEST_STEP][PASSED] - symbols = symbols: null

2019-08-10 23:52:22 - [TEST_STEP][PASSED] - for ([j = 0, j &lt; symbols.size(), (j++)]): null

2019-08-10 23:52:22 - [TEST_STEP][PASSED] - symbol = symbol: null

2019-08-10 23:52:22 - [TEST_STEP][PASSED] - println(symbol): null

2019-08-10 23:52:22 - [TEST_STEP][PASSED] - if (i == 2 &amp;&amp; wildList.indexOf(symbol) != -1): null

2019-08-10 23:52:22 - [TEST_STEP][PASSED] - if (i == 3 &amp;&amp; wildList.indexOf(symbol) != -1): null

2019-08-10 23:52:22 - [TEST_STEP][PASSED] - if (i == 4 &amp;&amp; wildList.indexOf(symbol) != -1): null

2019-08-10 23:52:22 - [TEST_STEP][PASSED] - symbol = symbol: null

2019-08-10 23:52:22 - [TEST_STEP][PASSED] - println(symbol): null

2019-08-10 23:52:22 - [TEST_STEP][PASSED] - if (i == 2 &amp;&amp; wildList.indexOf(symbol) != -1): null

2019-08-10 23:52:22 - [TEST_STEP][PASSED] - if (i == 3 &amp;&amp; wildList.indexOf(symbol) != -1): null

2019-08-10 23:52:22 - [TEST_STEP][PASSED] - if (i == 4 &amp;&amp; wildList.indexOf(symbol) != -1): null

2019-08-10 23:52:22 - [TEST_STEP][PASSED] - symbol = symbol: null

2019-08-10 23:52:22 - [TEST_STEP][PASSED] - println(symbol): null

2019-08-10 23:52:22 - [TEST_STEP][PASSED] - if (i == 2 &amp;&amp; wildList.indexOf(symbol) != -1): null

2019-08-10 23:52:22 - [TEST_STEP][PASSED] - if (i == 3 &amp;&amp; wildList.indexOf(symbol) != -1): null

2019-08-10 23:52:22 - [TEST_STEP][PASSED] - if (i == 4 &amp;&amp; wildList.indexOf(symbol) != -1): null

2019-08-10 23:52:22 - [TEST_STEP][PASSED] - symbols = symbols: null

2019-08-10 23:52:22 - [TEST_STEP][PASSED] - for ([j = 0, j &lt; symbols.size(), (j++)]): null

2019-08-10 23:52:22 - [TEST_STEP][PASSED] - symbol = symbol: null

2019-08-10 23:52:22 - [TEST_STEP][PASSED] - println(symbol): null

2019-08-10 23:52:22 - [TEST_STEP][PASSED] - if (i == 2 &amp;&amp; wildList.indexOf(symbol) != -1): null

2019-08-10 23:52:22 - [TEST_STEP][PASSED] - if (i == 3 &amp;&amp; wildList.indexOf(symbol) != -1): null

2019-08-10 23:52:22 - [TEST_STEP][PASSED] - if (i == 4 &amp;&amp; wildList.indexOf(symbol) != -1): null

2019-08-10 23:52:22 - [TEST_STEP][PASSED] - symbol = symbol: null

2019-08-10 23:52:22 - [TEST_STEP][PASSED] - println(symbol): null

2019-08-10 23:52:22 - [TEST_STEP][PASSED] - if (i == 2 &amp;&amp; wildList.indexOf(symbol) != -1): null

2019-08-10 23:52:22 - [TEST_STEP][PASSED] - if (i == 3 &amp;&amp; wildList.indexOf(symbol) != -1): null

2019-08-10 23:52:22 - [TEST_STEP][PASSED] - if (i == 4 &amp;&amp; wildList.indexOf(symbol) != -1): null

2019-08-10 23:52:22 - [TEST_STEP][PASSED] - symbol = symbol: null

2019-08-10 23:52:22 - [TEST_STEP][PASSED] - println(symbol): null

2019-08-10 23:52:22 - [TEST_STEP][PASSED] - if (i == 2 &amp;&amp; wildList.indexOf(symbol) != -1): null

2019-08-10 23:52:22 - [TEST_STEP][PASSED] - if (i == 3 &amp;&amp; wildList.indexOf(symbol) != -1): null

2019-08-10 23:52:22 - [TEST_STEP][PASSED] - if (i == 4 &amp;&amp; wildList.indexOf(symbol) != -1): null

2019-08-10 23:52:22 - [TEST_STEP][PASSED] - symbols = symbols: null

2019-08-10 23:52:22 - [TEST_STEP][PASSED] - for ([j = 0, j &lt; symbols.size(), (j++)]): null

2019-08-10 23:52:22 - [TEST_STEP][PASSED] - symbol = symbol: null

2019-08-10 23:52:22 - [TEST_STEP][PASSED] - println(symbol): null

2019-08-10 23:52:22 - [TEST_STEP][PASSED] - if (i == 2 &amp;&amp; wildList.indexOf(symbol) != -1): null

2019-08-10 23:52:22 - [TEST_STEP][PASSED] - if (i == 3 &amp;&amp; wildList.indexOf(symbol) != -1): null

2019-08-10 23:52:26 - [TEST_STEP][PASSED] - if (i == 4 &amp;&amp; wildList.indexOf(symbol) != -1): null

2019-08-10 23:52:26 - [TEST_STEP][PASSED] - symbol = symbol: null

2019-08-10 23:52:26 - [TEST_STEP][PASSED] - println(symbol): null

2019-08-10 23:52:26 - [TEST_STEP][PASSED] - if (i == 2 &amp;&amp; wildList.indexOf(symbol) != -1): null

2019-08-10 23:52:26 - [TEST_STEP][PASSED] - if (i == 3 &amp;&amp; wildList.indexOf(symbol) != -1): null

2019-08-10 23:52:26 - [TEST_STEP][PASSED] - if (i == 4 &amp;&amp; wildList.indexOf(symbol) != -1): null

2019-08-10 23:52:26 - [TEST_STEP][PASSED] - symbol = symbol: null

2019-08-10 23:52:26 - [TEST_STEP][PASSED] - println(symbol): null

2019-08-10 23:52:26 - [TEST_STEP][PASSED] - if (i == 2 &amp;&amp; wildList.indexOf(symbol) != -1): null

2019-08-10 23:52:26 - [TEST_STEP][PASSED] - if (i == 3 &amp;&amp; wildList.indexOf(symbol) != -1): null

2019-08-10 23:52:31 - [TEST_STEP][PASSED] - if (i == 4 &amp;&amp; wildList.indexOf(symbol) != -1): null

2019-08-10 23:52:31 - [TEST_STEP][PASSED] - symbols = symbols: null

2019-08-10 23:52:31 - [TEST_STEP][PASSED] - for ([j = 0, j &lt; symbols.size(), (j++)]): null

2019-08-10 23:52:31 - [TEST_STEP][PASSED] - symbol = symbol: null

2019-08-10 23:52:31 - [TEST_STEP][PASSED] - println(symbol): null

2019-08-10 23:52:37 - [TEST_STEP][PASSED] - if (i == 2 &amp;&amp; wildList.indexOf(symbol) != -1): null

2019-08-10 23:52:37 - [TEST_STEP][PASSED] - if (i == 3 &amp;&amp; wildList.indexOf(symbol) != -1): null

2019-08-10 23:52:37 - [TEST_STEP][PASSED] - if (i == 4 &amp;&amp; wildList.indexOf(symbol) != -1): null

2019-08-10 23:52:37 - [TEST_STEP][PASSED] - symbol = symbol: null

2019-08-10 23:52:37 - [TEST_STEP][PASSED] - println(symbol): null

2019-08-10 23:52:37 - [TEST_STEP][PASSED] - if (i == 2 &amp;&amp; wildList.indexOf(symbol) != -1): null

2019-08-10 23:52:37 - [TEST_STEP][PASSED] - if (i == 3 &amp;&amp; wildList.indexOf(symbol) != -1): null

2019-08-10 23:52:37 - [TEST_STEP][PASSED] - if (i == 4 &amp;&amp; wildList.indexOf(symbol) != -1): null

2019-08-10 23:52:37 - [TEST_STEP][PASSED] - symbol = symbol: null

2019-08-10 23:52:37 - [TEST_STEP][PASSED] - println(symbol): null

2019-08-10 23:52:37 - [TEST_STEP][PASSED] - if (i == 2 &amp;&amp; wildList.indexOf(symbol) != -1): null

2019-08-10 23:52:37 - [TEST_STEP][PASSED] - if (i == 3 &amp;&amp; wildList.indexOf(symbol) != -1): null

2019-08-10 23:52:37 - [TEST_STEP][PASSED] - if (i == 4 &amp;&amp; wildList.indexOf(symbol) != -1): null

2019-08-10 23:52:37 - [TEST_STEP][PASSED] - symbols = symbols: null

2019-08-10 23:52:37 - [TEST_STEP][PASSED] - for ([j = 0, j &lt; symbols.size(), (j++)]): null

2019-08-10 23:52:37 - [TEST_STEP][PASSED] - symbol = symbol: null

2019-08-10 23:52:37 - [TEST_STEP][PASSED] - println(symbol): null

2019-08-10 23:52:37 - [TEST_STEP][PASSED] - if (i == 2 &amp;&amp; wildList.indexOf(symbol) != -1): null

2019-08-10 23:52:37 - [TEST_STEP][PASSED] - if (i == 3 &amp;&amp; wildList.indexOf(symbol) != -1): null

2019-08-10 23:52:37 - [TEST_STEP][PASSED] - if (i == 4 &amp;&amp; wildList.indexOf(symbol) != -1): null

2019-08-10 23:52:37 - [TEST_STEP][PASSED] - symbol = symbol: null

2019-08-10 23:52:37 - [TEST_STEP][PASSED] - println(symbol): null

2019-08-10 23:52:37 - [TEST_STEP][PASSED] - if (i == 2 &amp;&amp; wildList.indexOf(symbol) != -1): null

2019-08-10 23:52:37 - [TEST_STEP][PASSED] - if (i == 3 &amp;&amp; wildList.indexOf(symbol) != -1): null

2019-08-10 23:52:37 - [TEST_STEP][PASSED] - if (i == 4 &amp;&amp; wildList.indexOf(symbol) != -1): null

2019-08-10 23:52:37 - [TEST_STEP][PASSED] - symbol = symbol: null

2019-08-10 23:52:37 - [TEST_STEP][PASSED] - println(symbol): null

2019-08-10 23:52:37 - [TEST_STEP][PASSED] - if (i == 2 &amp;&amp; wildList.indexOf(symbol) != -1): null

2019-08-10 23:52:37 - [TEST_STEP][PASSED] - if (i == 3 &amp;&amp; wildList.indexOf(symbol) != -1): null

2019-08-10 23:52:37 - [TEST_STEP][PASSED] - if (i == 4 &amp;&amp; wildList.indexOf(symbol) != -1): null

2019-08-10 23:52:37 - [TEST_STEP][PASSED] - free_spin_reel_counter = free_spin_reel_counter: null

2019-08-10 23:52:37 - [TEST_STEP][PASSED] - println("reel 3 wild found: " + free_spin_reel_counter[0]): null

2019-08-10 23:52:37 - [TEST_STEP][PASSED] - println("reel 4 wild found: " + free_spin_reel_counter[1]): null

2019-08-10 23:52:37 - [TEST_STEP][PASSED] - println("reel 5 wild found: " + free_spin_reel_counter[2]): null

2019-08-10 23:52:37 - [TEST_STEP][PASSED] - M4_spin_reels = M4_spin_reels: null

2019-08-10 23:52:37 - [TEST_STEP][PASSED] - M4_spin_reels_symbols = symbol: null

2019-08-10 23:52:37 - [TEST_STEP][PASSED] - M4_spin_reels_symbols = M4_spin_reels_symbols: null

2019-08-10 23:52:37 - [TEST_STEP][PASSED] - M4_spin_reel_wins = reel_wins: null

2019-08-10 23:52:37 - [TEST_STEP][PASSED] - M4_spin_reel_wins = M4_spin_reel_wins: null

2019-08-10 23:52:37 - [TEST_STEP][PASSED] - println("GlobalVariable.M4_spin_reel_wins is: " + M4_spin_reel_wins): null

2019-08-10 23:52:37 - [TEST_STEP][PASSED] - M4_spin_total_bonus_win_this_round = total_bonus_win_this_round: null

2019-08-10 23:52:37 - [TEST_STEP][PASSED] - M4_spin_total_bonus_win_this_round = M4_spin_total_bonus_win_this_round: null

2019-08-10 23:52:37 - [TEST_STEP][PASSED] - println("GlobalVariable.M4_spin_total_bonus_win_this_round is: " + M4_spin_total_bonus_win_this_round): null

2019-08-10 23:52:37 - [MESSAGE][PASSED] - Verify response successfully

2019-08-10 23:52:37 - [MESSAGE][PASSED] - Send request and verify the response successfully

2019-08-10 23:52:37 - [TEST_STEP][PASSED] - if (M4_total_bonus_spins_int != 0 &amp;&amp; M4_spin_reels_symbols[2].contains("WILD_ExtraFG") || M4_spin_reels_symbols[3].contains("WILD_ExtraFG")): null

2019-08-10 23:52:37 - [TEST_STEP][PASSED] - free_spin_reel_counter = free_spin_reel_counter: null

2019-08-10 23:52:37 - [TEST_STEP][PASSED] - M4_spin_reels_symbols = M4_spin_reels_symbols: null

2019-08-10 23:52:37 - [TEST_STEP][PASSED] - M4_total_bonus_spins = M4_total_bonus_spins: null

2019-08-10 23:52:37 - [TEST_STEP][PASSED] - spin_result = sendRequestAndVerify(findTestObject("RGS(M4)/1_M4_spin", ["M4_login_user_id":M4_login_user_id, "rgs_session_token":rgs_session_token, "partner":Partner])): Send request and verify the response successfully

2019-08-10 23:52:37 - [TEST_CASE][PASSED] - Start Test Case : Verification: Verification accomplished successfully

2019-08-10 23:52:37 - [TEST_STEP][PASSED] - request = getInstance().getCurrentRequest(): null

2019-08-10 23:52:37 - [TEST_STEP][PASSED] - response = getInstance().getCurrentResponse(): null

2019-08-10 23:52:37 - [TEST_STEP][PASSED] - verifyResponseStatusCode(response, 200): Verify response status code successfully

2019-08-10 23:52:37 - [MESSAGE][PASSED] - Verify response status code successfully

2019-08-10 23:52:37 - [TEST_STEP][PASSED] - getStatusCode()).isEqualTo(200): null

2019-08-10 23:52:37 - [TEST_STEP][PASSED] - newline = System.getProperty("line.separator"): null

2019-08-10 23:52:37 - [TEST_STEP][PASSED] - M4_spin = new groovy.json.JsonSlurper(): null

2019-08-10 23:52:37 - [TEST_STEP][PASSED] - result_M4_spin = M4_spin.parseText(response.getResponseBodyContent()): null

2019-08-10 23:52:37 - [TEST_STEP][PASSED] - M4_spin_current_balance = current_balance: null

2019-08-10 23:52:37 - [TEST_STEP][PASSED] - M4_spin_current_balance = M4_spin_current_balance: null

2019-08-10 23:52:37 - [TEST_STEP][PASSED] - M4_spin_transaction_id = causality: null

2019-08-10 23:52:37 - [TEST_STEP][PASSED] - M4_spin_transaction_id = M4_spin_transaction_id: null

2019-08-10 23:52:37 - [TEST_STEP][PASSED] - M4_spin_round_id = round_id: null

2019-08-10 23:52:37 - [TEST_STEP][PASSED] - M4_spin_round_id = M4_spin_round_id: null

2019-08-10 23:52:37 - [TEST_STEP][PASSED] - M4_spin_line_wins = line_wins: null

2019-08-10 23:52:37 - [TEST_STEP][PASSED] - M4_spin_line_wins = M4_spin_line_wins: null

2019-08-10 23:52:37 - [TEST_STEP][PASSED] - M4_total_bonus_spins_int = total_bonus_spins: null

2019-08-10 23:52:37 - [TEST_STEP][PASSED] - println("******M4_total_bonus_spins type is:*******" + newline + getClass().getName()): null

2019-08-10 23:52:37 - [TEST_STEP][PASSED] - M4_total_bonus_spins_int = M4_total_bonus_spins_int: null

2019-08-10 23:52:37 - [TEST_STEP][PASSED] - M4_total_bonus_spins = Integer.toString(M4_total_bonus_spins_int): null

2019-08-10 23:52:37 - [TEST_STEP][PASSED] - M4_total_bonus_spins = M4_total_bonus_spins: null

2019-08-10 23:52:37 - [TEST_STEP][PASSED] - println("M4_total_bonus_spins is:" + M4_total_bonus_spins): null

2019-08-10 23:52:37 - [TEST_STEP][PASSED] - M4_spin_bonus_data = bonus_data: null

2019-08-10 23:52:37 - [TEST_STEP][PASSED] - M4_spin_features_triggered = result_M4_spin: null

2019-08-10 23:52:37 - [TEST_STEP][PASSED] - wild = []: null

2019-08-10 23:52:37 - [TEST_STEP][PASSED] - wild[0] = "WILD_Expanding": null

2019-08-10 23:52:37 - [TEST_STEP][PASSED] - wild[1] = "WILD_Normal": null

2019-08-10 23:52:37 - [TEST_STEP][PASSED] - wild[2] = "WILD_Double": null

2019-08-10 23:52:37 - [TEST_STEP][PASSED] - wild[3] = "WILD_ExtraFG": null

2019-08-10 23:52:37 - [TEST_STEP][PASSED] - wild[4] = "WILD_Triple": null

2019-08-10 23:52:37 - [TEST_STEP][PASSED] - wildList = Arrays.asList(wild): null

2019-08-10 23:52:37 - [TEST_STEP][PASSED] - wildList = wildList: null

2019-08-10 23:52:37 - [TEST_STEP][PASSED] - free_spin_reel_counter = []: null

2019-08-10 23:52:37 - [TEST_STEP][PASSED] - free_spin_reel_counter[0] = 0: null

2019-08-10 23:52:37 - [TEST_STEP][PASSED] - free_spin_reel_counter[1] = 0: null

2019-08-10 23:52:37 - [TEST_STEP][PASSED] - free_spin_reel_counter[2] = 0: null

2019-08-10 23:52:37 - [TEST_STEP][PASSED] - M4_spin_reels = reels: null

2019-08-10 23:52:37 - [TEST_STEP][PASSED] - for ([i = 0, i &lt; M4_spin_reels.size(), (i++)]): null

2019-08-10 23:52:37 - [TEST_STEP][PASSED] - symbols = symbols: null

2019-08-10 23:52:37 - [TEST_STEP][PASSED] - for ([j = 0, j &lt; symbols.size(), (j++)]): null

2019-08-10 23:52:37 - [TEST_STEP][PASSED] - symbol = symbol: null

2019-08-10 23:52:37 - [TEST_STEP][PASSED] - println(symbol): null

2019-08-10 23:52:37 - [TEST_STEP][PASSED] - if (i == 2 &amp;&amp; wildList.indexOf(symbol) != -1): null

2019-08-10 23:52:37 - [TEST_STEP][PASSED] - if (i == 3 &amp;&amp; wildList.indexOf(symbol) != -1): null

2019-08-10 23:52:37 - [TEST_STEP][PASSED] - if (i == 4 &amp;&amp; wildList.indexOf(symbol) != -1): null

2019-08-10 23:52:37 - [TEST_STEP][PASSED] - symbol = symbol: null

2019-08-10 23:52:37 - [TEST_STEP][PASSED] - println(symbol): null

2019-08-10 23:52:37 - [TEST_STEP][PASSED] - if (i == 2 &amp;&amp; wildList.indexOf(symbol) != -1): null

2019-08-10 23:52:37 - [TEST_STEP][PASSED] - if (i == 3 &amp;&amp; wildList.indexOf(symbol) != -1): null

2019-08-10 23:52:37 - [TEST_STEP][PASSED] - if (i == 4 &amp;&amp; wildList.indexOf(symbol) != -1): null

2019-08-10 23:52:37 - [TEST_STEP][PASSED] - symbol = symbol: null

2019-08-10 23:52:37 - [TEST_STEP][PASSED] - println(symbol): null

2019-08-10 23:52:37 - [TEST_STEP][PASSED] - if (i == 2 &amp;&amp; wildList.indexOf(symbol) != -1): null

2019-08-10 23:52:37 - [TEST_STEP][PASSED] - if (i == 3 &amp;&amp; wildList.indexOf(symbol) != -1): null

2019-08-10 23:52:37 - [TEST_STEP][PASSED] - if (i == 4 &amp;&amp; wildList.indexOf(symbol) != -1): null

2019-08-10 23:52:37 - [TEST_STEP][PASSED] - symbols = symbols: null

2019-08-10 23:52:37 - [TEST_STEP][PASSED] - for ([j = 0, j &lt; symbols.size(), (j++)]): null

2019-08-10 23:52:37 - [TEST_STEP][PASSED] - symbol = symbol: null

2019-08-10 23:52:37 - [TEST_STEP][PASSED] - println(symbol): null

2019-08-10 23:52:37 - [TEST_STEP][PASSED] - if (i == 2 &amp;&amp; wildList.indexOf(symbol) != -1): null

2019-08-10 23:52:37 - [TEST_STEP][PASSED] - if (i == 3 &amp;&amp; wildList.indexOf(symbol) != -1): null

2019-08-10 23:52:37 - [TEST_STEP][PASSED] - if (i == 4 &amp;&amp; wildList.indexOf(symbol) != -1): null

2019-08-10 23:52:37 - [TEST_STEP][PASSED] - symbol = symbol: null

2019-08-10 23:52:37 - [TEST_STEP][PASSED] - println(symbol): null

2019-08-10 23:52:37 - [TEST_STEP][PASSED] - if (i == 2 &amp;&amp; wildList.indexOf(symbol) != -1): null

2019-08-10 23:52:37 - [TEST_STEP][PASSED] - if (i == 3 &amp;&amp; wildList.indexOf(symbol) != -1): null

2019-08-10 23:52:37 - [TEST_STEP][PASSED] - if (i == 4 &amp;&amp; wildList.indexOf(symbol) != -1): null

2019-08-10 23:52:37 - [TEST_STEP][PASSED] - symbol = symbol: null

2019-08-10 23:52:37 - [TEST_STEP][PASSED] - println(symbol): null

2019-08-10 23:52:37 - [TEST_STEP][PASSED] - if (i == 2 &amp;&amp; wildList.indexOf(symbol) != -1): null

2019-08-10 23:52:37 - [TEST_STEP][PASSED] - if (i == 3 &amp;&amp; wildList.indexOf(symbol) != -1): null

2019-08-10 23:52:37 - [TEST_STEP][PASSED] - if (i == 4 &amp;&amp; wildList.indexOf(symbol) != -1): null

2019-08-10 23:52:37 - [TEST_STEP][PASSED] - symbols = symbols: null

2019-08-10 23:52:37 - [TEST_STEP][PASSED] - for ([j = 0, j &lt; symbols.size(), (j++)]): null

2019-08-10 23:52:37 - [TEST_STEP][PASSED] - symbol = symbol: null

2019-08-10 23:52:37 - [TEST_STEP][PASSED] - println(symbol): null

2019-08-10 23:52:37 - [TEST_STEP][PASSED] - if (i == 2 &amp;&amp; wildList.indexOf(symbol) != -1): null

2019-08-10 23:52:37 - [TEST_STEP][PASSED] - if (i == 3 &amp;&amp; wildList.indexOf(symbol) != -1): null

2019-08-10 23:52:37 - [TEST_STEP][PASSED] - if (i == 4 &amp;&amp; wildList.indexOf(symbol) != -1): null

2019-08-10 23:52:37 - [TEST_STEP][PASSED] - symbol = symbol: null

2019-08-10 23:52:37 - [TEST_STEP][PASSED] - println(symbol): null

2019-08-10 23:52:37 - [TEST_STEP][PASSED] - if (i == 2 &amp;&amp; wildList.indexOf(symbol) != -1): null

2019-08-10 23:52:37 - [TEST_STEP][PASSED] - if (i == 3 &amp;&amp; wildList.indexOf(symbol) != -1): null

2019-08-10 23:52:37 - [TEST_STEP][PASSED] - if (i == 4 &amp;&amp; wildList.indexOf(symbol) != -1): null

2019-08-10 23:52:37 - [TEST_STEP][PASSED] - symbol = symbol: null

2019-08-10 23:52:37 - [TEST_STEP][PASSED] - println(symbol): null

2019-08-10 23:52:37 - [TEST_STEP][PASSED] - if (i == 2 &amp;&amp; wildList.indexOf(symbol) != -1): null

2019-08-10 23:52:37 - [TEST_STEP][PASSED] - println("wild found on reel 3, adding counter by 1"): null

2019-08-10 23:52:37 - [TEST_STEP][PASSED] - free_spin_reel_counter[0] = free_spin_reel_counter[0] + 1: null

2019-08-10 23:52:37 - [TEST_STEP][PASSED] - if (i == 3 &amp;&amp; wildList.indexOf(symbol) != -1): null

2019-08-10 23:52:37 - [TEST_STEP][PASSED] - if (i == 4 &amp;&amp; wildList.indexOf(symbol) != -1): null

2019-08-10 23:52:37 - [TEST_STEP][PASSED] - symbols = symbols: null

2019-08-10 23:52:37 - [TEST_STEP][PASSED] - for ([j = 0, j &lt; symbols.size(), (j++)]): null

2019-08-10 23:52:37 - [TEST_STEP][PASSED] - symbol = symbol: null

2019-08-10 23:52:37 - [TEST_STEP][PASSED] - println(symbol): null

2019-08-10 23:52:37 - [TEST_STEP][PASSED] - if (i == 2 &amp;&amp; wildList.indexOf(symbol) != -1): null

2019-08-10 23:52:37 - [TEST_STEP][PASSED] - if (i == 3 &amp;&amp; wildList.indexOf(symbol) != -1): null

2019-08-10 23:52:37 - [TEST_STEP][PASSED] - if (i == 4 &amp;&amp; wildList.indexOf(symbol) != -1): null

2019-08-10 23:52:37 - [TEST_STEP][PASSED] - symbol = symbol: null

2019-08-10 23:52:37 - [TEST_STEP][PASSED] - println(symbol): null

2019-08-10 23:52:37 - [TEST_STEP][PASSED] - if (i == 2 &amp;&amp; wildList.indexOf(symbol) != -1): null

2019-08-10 23:52:37 - [TEST_STEP][PASSED] - if (i == 3 &amp;&amp; wildList.indexOf(symbol) != -1): null

2019-08-10 23:52:37 - [TEST_STEP][PASSED] - if (i == 4 &amp;&amp; wildList.indexOf(symbol) != -1): null

2019-08-10 23:52:37 - [TEST_STEP][PASSED] - symbol = symbol: null

2019-08-10 23:52:37 - [TEST_STEP][PASSED] - println(symbol): null

2019-08-10 23:52:37 - [TEST_STEP][PASSED] - if (i == 2 &amp;&amp; wildList.indexOf(symbol) != -1): null

2019-08-10 23:52:37 - [TEST_STEP][PASSED] - if (i == 3 &amp;&amp; wildList.indexOf(symbol) != -1): null

2019-08-10 23:52:37 - [TEST_STEP][PASSED] - if (i == 4 &amp;&amp; wildList.indexOf(symbol) != -1): null

2019-08-10 23:52:37 - [TEST_STEP][PASSED] - symbols = symbols: null

2019-08-10 23:52:37 - [TEST_STEP][PASSED] - for ([j = 0, j &lt; symbols.size(), (j++)]): null

2019-08-10 23:52:37 - [TEST_STEP][PASSED] - symbol = symbol: null

2019-08-10 23:52:37 - [TEST_STEP][PASSED] - println(symbol): null

2019-08-10 23:52:37 - [TEST_STEP][PASSED] - if (i == 2 &amp;&amp; wildList.indexOf(symbol) != -1): null

2019-08-10 23:52:37 - [TEST_STEP][PASSED] - if (i == 3 &amp;&amp; wildList.indexOf(symbol) != -1): null

2019-08-10 23:52:37 - [TEST_STEP][PASSED] - if (i == 4 &amp;&amp; wildList.indexOf(symbol) != -1): null

2019-08-10 23:52:37 - [TEST_STEP][PASSED] - symbol = symbol: null

2019-08-10 23:52:37 - [TEST_STEP][PASSED] - println(symbol): null

2019-08-10 23:52:37 - [TEST_STEP][PASSED] - if (i == 2 &amp;&amp; wildList.indexOf(symbol) != -1): null

2019-08-10 23:52:37 - [TEST_STEP][PASSED] - if (i == 3 &amp;&amp; wildList.indexOf(symbol) != -1): null

2019-08-10 23:52:37 - [TEST_STEP][PASSED] - if (i == 4 &amp;&amp; wildList.indexOf(symbol) != -1): null

2019-08-10 23:52:37 - [TEST_STEP][PASSED] - symbol = symbol: null

2019-08-10 23:52:37 - [TEST_STEP][PASSED] - println(symbol): null

2019-08-10 23:52:37 - [TEST_STEP][PASSED] - if (i == 2 &amp;&amp; wildList.indexOf(symbol) != -1): null

2019-08-10 23:52:37 - [TEST_STEP][PASSED] - if (i == 3 &amp;&amp; wildList.indexOf(symbol) != -1): null

2019-08-10 23:52:37 - [TEST_STEP][PASSED] - if (i == 4 &amp;&amp; wildList.indexOf(symbol) != -1): null

2019-08-10 23:52:37 - [TEST_STEP][PASSED] - free_spin_reel_counter = free_spin_reel_counter: null

2019-08-10 23:52:37 - [TEST_STEP][PASSED] - println("reel 3 wild found: " + free_spin_reel_counter[0]): null

2019-08-10 23:52:37 - [TEST_STEP][PASSED] - println("reel 4 wild found: " + free_spin_reel_counter[1]): null

2019-08-10 23:52:37 - [TEST_STEP][PASSED] - println("reel 5 wild found: " + free_spin_reel_counter[2]): null

2019-08-10 23:52:37 - [TEST_STEP][PASSED] - M4_spin_reels = M4_spin_reels: null

2019-08-10 23:52:37 - [TEST_STEP][PASSED] - M4_spin_reels_symbols = symbol: null

2019-08-10 23:52:37 - [TEST_STEP][PASSED] - M4_spin_reels_symbols = M4_spin_reels_symbols: null

2019-08-10 23:52:37 - [TEST_STEP][PASSED] - M4_spin_reel_wins = reel_wins: null

2019-08-10 23:52:37 - [TEST_STEP][PASSED] - M4_spin_reel_wins = M4_spin_reel_wins: null

2019-08-10 23:52:37 - [TEST_STEP][PASSED] - println("GlobalVariable.M4_spin_reel_wins is: " + M4_spin_reel_wins): null

2019-08-10 23:52:37 - [TEST_STEP][PASSED] - M4_spin_total_bonus_win_this_round = total_bonus_win_this_round: null

2019-08-10 23:52:37 - [TEST_STEP][PASSED] - M4_spin_total_bonus_win_this_round = M4_spin_total_bonus_win_this_round: null

2019-08-10 23:52:37 - [TEST_STEP][PASSED] - println("GlobalVariable.M4_spin_total_bonus_win_this_round is: " + M4_spin_total_bonus_win_this_round): null

2019-08-10 23:52:37 - [MESSAGE][PASSED] - Verify response successfully

2019-08-10 23:52:37 - [MESSAGE][PASSED] - Send request and verify the response successfully

2019-08-10 23:52:37 - [TEST_STEP][PASSED] - if (M4_total_bonus_spins_int != 0 &amp;&amp; M4_spin_reels_symbols[2].contains("WILD_ExtraFG") || M4_spin_reels_symbols[3].contains("WILD_ExtraFG")): null

2019-08-10 23:52:37 - [TEST_STEP][PASSED] - free_spin_reel_counter = free_spin_reel_counter: null

2019-08-10 23:52:37 - [TEST_STEP][PASSED] - M4_spin_reels_symbols = M4_spin_reels_symbols: null

2019-08-10 23:52:37 - [TEST_STEP][PASSED] - M4_total_bonus_spins = M4_total_bonus_spins: null

2019-08-10 23:52:37 - [TEST_STEP][PASSED] - spin_result = sendRequestAndVerify(findTestObject("RGS(M4)/1_M4_spin", ["M4_login_user_id":M4_login_user_id, "rgs_session_token":rgs_session_token, "partner":Partner])): Send request and verify the response successfully

2019-08-10 23:52:37 - [TEST_CASE][PASSED] - Start Test Case : Verification: Verification accomplished successfully

2019-08-10 23:52:37 - [TEST_STEP][PASSED] - request = getInstance().getCurrentRequest(): null

2019-08-10 23:52:37 - [TEST_STEP][PASSED] - response = getInstance().getCurrentResponse(): null

2019-08-10 23:52:37 - [TEST_STEP][PASSED] - verifyResponseStatusCode(response, 200): Verify response status code successfully

2019-08-10 23:52:37 - [MESSAGE][PASSED] - Verify response status code successfully

2019-08-10 23:52:37 - [TEST_STEP][PASSED] - getStatusCode()).isEqualTo(200): null

2019-08-10 23:52:37 - [TEST_STEP][PASSED] - newline = System.getProperty("line.separator"): null

2019-08-10 23:52:37 - [TEST_STEP][PASSED] - M4_spin = new groovy.json.JsonSlurper(): null

2019-08-10 23:52:37 - [TEST_STEP][PASSED] - result_M4_spin = M4_spin.parseText(response.getResponseBodyContent()): null

2019-08-10 23:52:37 - [TEST_STEP][PASSED] - M4_spin_current_balance = current_balance: null

2019-08-10 23:52:37 - [TEST_STEP][PASSED] - M4_spin_current_balance = M4_spin_current_balance: null

2019-08-10 23:52:37 - [TEST_STEP][PASSED] - M4_spin_transaction_id = causality: null

2019-08-10 23:52:37 - [TEST_STEP][PASSED] - M4_spin_transaction_id = M4_spin_transaction_id: null

2019-08-10 23:52:37 - [TEST_STEP][PASSED] - M4_spin_round_id = round_id: null

2019-08-10 23:52:37 - [TEST_STEP][PASSED] - M4_spin_round_id = M4_spin_round_id: null

2019-08-10 23:52:37 - [TEST_STEP][PASSED] - M4_spin_line_wins = line_wins: null

2019-08-10 23:52:37 - [TEST_STEP][PASSED] - M4_spin_line_wins = M4_spin_line_wins: null

2019-08-10 23:52:37 - [TEST_STEP][PASSED] - M4_total_bonus_spins_int = total_bonus_spins: null

2019-08-10 23:52:37 - [TEST_STEP][PASSED] - println("******M4_total_bonus_spins type is:*******" + newline + getClass().getName()): null

2019-08-10 23:52:37 - [TEST_STEP][PASSED] - M4_total_bonus_spins_int = M4_total_bonus_spins_int: null

2019-08-10 23:52:37 - [TEST_STEP][PASSED] - M4_total_bonus_spins = Integer.toString(M4_total_bonus_spins_int): null

2019-08-10 23:52:37 - [TEST_STEP][PASSED] - M4_total_bonus_spins = M4_total_bonus_spins: null

2019-08-10 23:52:37 - [TEST_STEP][PASSED] - println("M4_total_bonus_spins is:" + M4_total_bonus_spins): null

2019-08-10 23:52:37 - [TEST_STEP][PASSED] - M4_spin_bonus_data = bonus_data: null

2019-08-10 23:52:37 - [TEST_STEP][PASSED] - M4_spin_features_triggered = result_M4_spin: null

2019-08-10 23:52:37 - [TEST_STEP][PASSED] - wild = []: null

2019-08-10 23:52:37 - [TEST_STEP][PASSED] - wild[0] = "WILD_Expanding": null

2019-08-10 23:52:37 - [TEST_STEP][PASSED] - wild[1] = "WILD_Normal": null

2019-08-10 23:52:37 - [TEST_STEP][PASSED] - wild[2] = "WILD_Double": null

2019-08-10 23:52:37 - [TEST_STEP][PASSED] - wild[3] = "WILD_ExtraFG": null

2019-08-10 23:52:37 - [TEST_STEP][PASSED] - wild[4] = "WILD_Triple": null

2019-08-10 23:52:37 - [TEST_STEP][PASSED] - wildList = Arrays.asList(wild): null

2019-08-10 23:52:37 - [TEST_STEP][PASSED] - wildList = wildList: null

2019-08-10 23:52:37 - [TEST_STEP][PASSED] - free_spin_reel_counter = []: null

2019-08-10 23:52:37 - [TEST_STEP][PASSED] - free_spin_reel_counter[0] = 0: null

2019-08-10 23:52:37 - [TEST_STEP][PASSED] - free_spin_reel_counter[1] = 0: null

2019-08-10 23:52:37 - [TEST_STEP][PASSED] - free_spin_reel_counter[2] = 0: null

2019-08-10 23:52:37 - [TEST_STEP][PASSED] - M4_spin_reels = reels: null

2019-08-10 23:52:37 - [TEST_STEP][PASSED] - for ([i = 0, i &lt; M4_spin_reels.size(), (i++)]): null

2019-08-10 23:52:37 - [TEST_STEP][PASSED] - symbols = symbols: null

2019-08-10 23:52:37 - [TEST_STEP][PASSED] - for ([j = 0, j &lt; symbols.size(), (j++)]): null

2019-08-10 23:52:37 - [TEST_STEP][PASSED] - symbol = symbol: null

2019-08-10 23:52:37 - [TEST_STEP][PASSED] - println(symbol): null

2019-08-10 23:52:37 - [TEST_STEP][PASSED] - if (i == 2 &amp;&amp; wildList.indexOf(symbol) != -1): null

2019-08-10 23:52:37 - [TEST_STEP][PASSED] - if (i == 3 &amp;&amp; wildList.indexOf(symbol) != -1): null

2019-08-10 23:52:37 - [TEST_STEP][PASSED] - if (i == 4 &amp;&amp; wildList.indexOf(symbol) != -1): null

2019-08-10 23:52:37 - [TEST_STEP][PASSED] - symbol = symbol: null

2019-08-10 23:52:37 - [TEST_STEP][PASSED] - println(symbol): null

2019-08-10 23:52:37 - [TEST_STEP][PASSED] - if (i == 2 &amp;&amp; wildList.indexOf(symbol) != -1): null

2019-08-10 23:52:37 - [TEST_STEP][PASSED] - if (i == 3 &amp;&amp; wildList.indexOf(symbol) != -1): null

2019-08-10 23:52:37 - [TEST_STEP][PASSED] - if (i == 4 &amp;&amp; wildList.indexOf(symbol) != -1): null

2019-08-10 23:52:37 - [TEST_STEP][PASSED] - symbol = symbol: null

2019-08-10 23:52:37 - [TEST_STEP][PASSED] - println(symbol): null

2019-08-10 23:52:37 - [TEST_STEP][PASSED] - if (i == 2 &amp;&amp; wildList.indexOf(symbol) != -1): null

2019-08-10 23:52:37 - [TEST_STEP][PASSED] - if (i == 3 &amp;&amp; wildList.indexOf(symbol) != -1): null

2019-08-10 23:52:37 - [TEST_STEP][PASSED] - if (i == 4 &amp;&amp; wildList.indexOf(symbol) != -1): null

2019-08-10 23:52:37 - [TEST_STEP][PASSED] - symbols = symbols: null

2019-08-10 23:52:37 - [TEST_STEP][PASSED] - for ([j = 0, j &lt; symbols.size(), (j++)]): null

2019-08-10 23:52:37 - [TEST_STEP][PASSED] - symbol = symbol: null

2019-08-10 23:52:37 - [TEST_STEP][PASSED] - println(symbol): null

2019-08-10 23:52:37 - [TEST_STEP][PASSED] - if (i == 2 &amp;&amp; wildList.indexOf(symbol) != -1): null

2019-08-10 23:52:37 - [TEST_STEP][PASSED] - if (i == 3 &amp;&amp; wildList.indexOf(symbol) != -1): null

2019-08-10 23:52:37 - [TEST_STEP][PASSED] - if (i == 4 &amp;&amp; wildList.indexOf(symbol) != -1): null

2019-08-10 23:52:37 - [TEST_STEP][PASSED] - symbol = symbol: null

2019-08-10 23:52:37 - [TEST_STEP][PASSED] - println(symbol): null

2019-08-10 23:52:37 - [TEST_STEP][PASSED] - if (i == 2 &amp;&amp; wildList.indexOf(symbol) != -1): null

2019-08-10 23:52:37 - [TEST_STEP][PASSED] - if (i == 3 &amp;&amp; wildList.indexOf(symbol) != -1): null

2019-08-10 23:52:37 - [TEST_STEP][PASSED] - if (i == 4 &amp;&amp; wildList.indexOf(symbol) != -1): null

2019-08-10 23:52:37 - [TEST_STEP][PASSED] - symbol = symbol: null

2019-08-10 23:52:37 - [TEST_STEP][PASSED] - println(symbol): null

2019-08-10 23:52:37 - [TEST_STEP][PASSED] - if (i == 2 &amp;&amp; wildList.indexOf(symbol) != -1): null

2019-08-10 23:52:37 - [TEST_STEP][PASSED] - if (i == 3 &amp;&amp; wildList.indexOf(symbol) != -1): null

2019-08-10 23:52:37 - [TEST_STEP][PASSED] - if (i == 4 &amp;&amp; wildList.indexOf(symbol) != -1): null

2019-08-10 23:52:37 - [TEST_STEP][PASSED] - symbols = symbols: null

2019-08-10 23:52:37 - [TEST_STEP][PASSED] - for ([j = 0, j &lt; symbols.size(), (j++)]): null

2019-08-10 23:52:37 - [TEST_STEP][PASSED] - symbol = symbol: null

2019-08-10 23:52:37 - [TEST_STEP][PASSED] - println(symbol): null

2019-08-10 23:52:37 - [TEST_STEP][PASSED] - if (i == 2 &amp;&amp; wildList.indexOf(symbol) != -1): null

2019-08-10 23:52:37 - [TEST_STEP][PASSED] - if (i == 3 &amp;&amp; wildList.indexOf(symbol) != -1): null

2019-08-10 23:52:37 - [TEST_STEP][PASSED] - if (i == 4 &amp;&amp; wildList.indexOf(symbol) != -1): null

2019-08-10 23:52:37 - [TEST_STEP][PASSED] - symbol = symbol: null

2019-08-10 23:52:37 - [TEST_STEP][PASSED] - println(symbol): null

2019-08-10 23:52:37 - [TEST_STEP][PASSED] - if (i == 2 &amp;&amp; wildList.indexOf(symbol) != -1): null

2019-08-10 23:52:37 - [TEST_STEP][PASSED] - if (i == 3 &amp;&amp; wildList.indexOf(symbol) != -1): null

2019-08-10 23:52:37 - [TEST_STEP][PASSED] - if (i == 4 &amp;&amp; wildList.indexOf(symbol) != -1): null

2019-08-10 23:52:37 - [TEST_STEP][PASSED] - symbol = symbol: null

2019-08-10 23:52:37 - [TEST_STEP][PASSED] - println(symbol): null

2019-08-10 23:52:37 - [TEST_STEP][PASSED] - if (i == 2 &amp;&amp; wildList.indexOf(symbol) != -1): null

2019-08-10 23:52:37 - [TEST_STEP][PASSED] - println("wild found on reel 3, adding counter by 1"): null

2019-08-10 23:52:37 - [TEST_STEP][PASSED] - free_spin_reel_counter[0] = free_spin_reel_counter[0] + 1: null

2019-08-10 23:52:37 - [TEST_STEP][PASSED] - if (i == 3 &amp;&amp; wildList.indexOf(symbol) != -1): null

2019-08-10 23:52:37 - [TEST_STEP][PASSED] - if (i == 4 &amp;&amp; wildList.indexOf(symbol) != -1): null

2019-08-10 23:52:37 - [TEST_STEP][PASSED] - symbols = symbols: null

2019-08-10 23:52:37 - [TEST_STEP][PASSED] - for ([j = 0, j &lt; symbols.size(), (j++)]): null

2019-08-10 23:52:37 - [TEST_STEP][PASSED] - symbol = symbol: null

2019-08-10 23:52:37 - [TEST_STEP][PASSED] - println(symbol): null

2019-08-10 23:52:37 - [TEST_STEP][PASSED] - if (i == 2 &amp;&amp; wildList.indexOf(symbol) != -1): null

2019-08-10 23:52:37 - [TEST_STEP][PASSED] - if (i == 3 &amp;&amp; wildList.indexOf(symbol) != -1): null

2019-08-10 23:52:37 - [TEST_STEP][PASSED] - println("wild found on reel 4, adding counter by 1"): null

2019-08-10 23:52:37 - [TEST_STEP][PASSED] - free_spin_reel_counter[1] = free_spin_reel_counter[1] + 1: null

2019-08-10 23:52:37 - [TEST_STEP][PASSED] - if (i == 4 &amp;&amp; wildList.indexOf(symbol) != -1): null

2019-08-10 23:52:37 - [TEST_STEP][PASSED] - symbol = symbol: null

2019-08-10 23:52:37 - [TEST_STEP][PASSED] - println(symbol): null

2019-08-10 23:52:37 - [TEST_STEP][PASSED] - if (i == 2 &amp;&amp; wildList.indexOf(symbol) != -1): null

2019-08-10 23:52:37 - [TEST_STEP][PASSED] - if (i == 3 &amp;&amp; wildList.indexOf(symbol) != -1): null

2019-08-10 23:52:37 - [TEST_STEP][PASSED] - if (i == 4 &amp;&amp; wildList.indexOf(symbol) != -1): null

2019-08-10 23:52:37 - [TEST_STEP][PASSED] - symbol = symbol: null

2019-08-10 23:52:37 - [TEST_STEP][PASSED] - println(symbol): null

2019-08-10 23:52:37 - [TEST_STEP][PASSED] - if (i == 2 &amp;&amp; wildList.indexOf(symbol) != -1): null

2019-08-10 23:52:37 - [TEST_STEP][PASSED] - if (i == 3 &amp;&amp; wildList.indexOf(symbol) != -1): null

2019-08-10 23:52:37 - [TEST_STEP][PASSED] - if (i == 4 &amp;&amp; wildList.indexOf(symbol) != -1): null

2019-08-10 23:52:37 - [TEST_STEP][PASSED] - symbols = symbols: null

2019-08-10 23:52:37 - [TEST_STEP][PASSED] - for ([j = 0, j &lt; symbols.size(), (j++)]): null

2019-08-10 23:52:37 - [TEST_STEP][PASSED] - symbol = symbol: null

2019-08-10 23:52:37 - [TEST_STEP][PASSED] - println(symbol): null

2019-08-10 23:52:37 - [TEST_STEP][PASSED] - if (i == 2 &amp;&amp; wildList.indexOf(symbol) != -1): null

2019-08-10 23:52:37 - [TEST_STEP][PASSED] - if (i == 3 &amp;&amp; wildList.indexOf(symbol) != -1): null

2019-08-10 23:52:37 - [TEST_STEP][PASSED] - if (i == 4 &amp;&amp; wildList.indexOf(symbol) != -1): null

2019-08-10 23:52:37 - [TEST_STEP][PASSED] - symbol = symbol: null

2019-08-10 23:52:37 - [TEST_STEP][PASSED] - println(symbol): null

2019-08-10 23:52:37 - [TEST_STEP][PASSED] - if (i == 2 &amp;&amp; wildList.indexOf(symbol) != -1): null

2019-08-10 23:52:37 - [TEST_STEP][PASSED] - if (i == 3 &amp;&amp; wildList.indexOf(symbol) != -1): null

2019-08-10 23:52:37 - [TEST_STEP][PASSED] - if (i == 4 &amp;&amp; wildList.indexOf(symbol) != -1): null

2019-08-10 23:52:37 - [TEST_STEP][PASSED] - symbol = symbol: null

2019-08-10 23:52:37 - [TEST_STEP][PASSED] - println(symbol): null

2019-08-10 23:52:37 - [TEST_STEP][PASSED] - if (i == 2 &amp;&amp; wildList.indexOf(symbol) != -1): null

2019-08-10 23:52:37 - [TEST_STEP][PASSED] - if (i == 3 &amp;&amp; wildList.indexOf(symbol) != -1): null

2019-08-10 23:52:37 - [TEST_STEP][PASSED] - if (i == 4 &amp;&amp; wildList.indexOf(symbol) != -1): null

2019-08-10 23:52:37 - [TEST_STEP][PASSED] - free_spin_reel_counter = free_spin_reel_counter: null

2019-08-10 23:52:37 - [TEST_STEP][PASSED] - println("reel 3 wild found: " + free_spin_reel_counter[0]): null

2019-08-10 23:52:37 - [TEST_STEP][PASSED] - println("reel 4 wild found: " + free_spin_reel_counter[1]): null

2019-08-10 23:52:37 - [TEST_STEP][PASSED] - println("reel 5 wild found: " + free_spin_reel_counter[2]): null

2019-08-10 23:52:37 - [TEST_STEP][PASSED] - M4_spin_reels = M4_spin_reels: null

2019-08-10 23:52:37 - [TEST_STEP][PASSED] - M4_spin_reels_symbols = symbol: null

2019-08-10 23:52:37 - [TEST_STEP][PASSED] - M4_spin_reels_symbols = M4_spin_reels_symbols: null

2019-08-10 23:52:37 - [TEST_STEP][PASSED] - M4_spin_reel_wins = reel_wins: null

2019-08-10 23:52:37 - [TEST_STEP][PASSED] - M4_spin_reel_wins = M4_spin_reel_wins: null

2019-08-10 23:52:37 - [TEST_STEP][PASSED] - println("GlobalVariable.M4_spin_reel_wins is: " + M4_spin_reel_wins): null

2019-08-10 23:52:37 - [TEST_STEP][PASSED] - M4_spin_total_bonus_win_this_round = total_bonus_win_this_round: null

2019-08-10 23:52:37 - [TEST_STEP][PASSED] - M4_spin_total_bonus_win_this_round = M4_spin_total_bonus_win_this_round: null

2019-08-10 23:52:37 - [TEST_STEP][PASSED] - println("GlobalVariable.M4_spin_total_bonus_win_this_round is: " + M4_spin_total_bonus_win_this_round): null

2019-08-10 23:52:37 - [MESSAGE][PASSED] - Verify response successfully

2019-08-10 23:52:37 - [MESSAGE][PASSED] - Send request and verify the response successfully

2019-08-10 23:52:37 - [TEST_STEP][PASSED] - if (M4_total_bonus_spins_int != 0 &amp;&amp; M4_spin_reels_symbols[2].contains("WILD_ExtraFG") || M4_spin_reels_symbols[3].contains("WILD_ExtraFG")): null

2019-08-10 23:52:37 - [TEST_STEP][PASSED] - free_spin_reel_counter = free_spin_reel_counter: null

2019-08-10 23:52:37 - [TEST_STEP][PASSED] - M4_spin_reels_symbols = M4_spin_reels_symbols: null

2019-08-10 23:52:37 - [TEST_STEP][PASSED] - M4_total_bonus_spins = M4_total_bonus_spins: null

2019-08-10 23:52:37 - [TEST_STEP][PASSED] - spin_result = sendRequestAndVerify(findTestObject("RGS(M4)/1_M4_spin", ["M4_login_user_id":M4_login_user_id, "rgs_session_token":rgs_session_token, "partner":Partner])): Send request and verify the response successfully

2019-08-10 23:52:38 - [TEST_CASE][PASSED] - Start Test Case : Verification: Verification accomplished successfully

2019-08-10 23:52:38 - [TEST_STEP][PASSED] - request = getInstance().getCurrentRequest(): null

2019-08-10 23:52:38 - [TEST_STEP][PASSED] - response = getInstance().getCurrentResponse(): null

2019-08-10 23:52:38 - [TEST_STEP][PASSED] - verifyResponseStatusCode(response, 200): Verify response status code successfully

2019-08-10 23:52:38 - [MESSAGE][PASSED] - Verify response status code successfully

2019-08-10 23:52:38 - [TEST_STEP][PASSED] - getStatusCode()).isEqualTo(200): null

2019-08-10 23:52:38 - [TEST_STEP][PASSED] - newline = System.getProperty("line.separator"): null

2019-08-10 23:52:38 - [TEST_STEP][PASSED] - M4_spin = new groovy.json.JsonSlurper(): null

2019-08-10 23:52:38 - [TEST_STEP][PASSED] - result_M4_spin = M4_spin.parseText(response.getResponseBodyContent()): null

2019-08-10 23:52:38 - [TEST_STEP][PASSED] - M4_spin_current_balance = current_balance: null

2019-08-10 23:52:38 - [TEST_STEP][PASSED] - M4_spin_current_balance = M4_spin_current_balance: null

2019-08-10 23:52:38 - [TEST_STEP][PASSED] - M4_spin_transaction_id = causality: null

2019-08-10 23:52:38 - [TEST_STEP][PASSED] - M4_spin_transaction_id = M4_spin_transaction_id: null

2019-08-10 23:52:38 - [TEST_STEP][PASSED] - M4_spin_round_id = round_id: null

2019-08-10 23:52:38 - [TEST_STEP][PASSED] - M4_spin_round_id = M4_spin_round_id: null

2019-08-10 23:52:38 - [TEST_STEP][PASSED] - M4_spin_line_wins = line_wins: null

2019-08-10 23:52:38 - [TEST_STEP][PASSED] - M4_spin_line_wins = M4_spin_line_wins: null

2019-08-10 23:52:38 - [TEST_STEP][PASSED] - M4_total_bonus_spins_int = total_bonus_spins: null

2019-08-10 23:52:38 - [TEST_STEP][PASSED] - println("******M4_total_bonus_spins type is:*******" + newline + getClass().getName()): null

2019-08-10 23:52:38 - [TEST_STEP][PASSED] - M4_total_bonus_spins_int = M4_total_bonus_spins_int: null

2019-08-10 23:52:38 - [TEST_STEP][PASSED] - M4_total_bonus_spins = Integer.toString(M4_total_bonus_spins_int): null

2019-08-10 23:52:38 - [TEST_STEP][PASSED] - M4_total_bonus_spins = M4_total_bonus_spins: null

2019-08-10 23:52:38 - [TEST_STEP][PASSED] - println("M4_total_bonus_spins is:" + M4_total_bonus_spins): null

2019-08-10 23:52:38 - [TEST_STEP][PASSED] - M4_spin_bonus_data = bonus_data: null

2019-08-10 23:52:38 - [TEST_STEP][PASSED] - M4_spin_features_triggered = result_M4_spin: null

2019-08-10 23:52:38 - [TEST_STEP][PASSED] - wild = []: null

2019-08-10 23:52:38 - [TEST_STEP][PASSED] - wild[0] = "WILD_Expanding": null

2019-08-10 23:52:38 - [TEST_STEP][PASSED] - wild[1] = "WILD_Normal": null

2019-08-10 23:52:38 - [TEST_STEP][PASSED] - wild[2] = "WILD_Double": null

2019-08-10 23:52:38 - [TEST_STEP][PASSED] - wild[3] = "WILD_ExtraFG": null

2019-08-10 23:52:38 - [TEST_STEP][PASSED] - wild[4] = "WILD_Triple": null

2019-08-10 23:52:38 - [TEST_STEP][PASSED] - wildList = Arrays.asList(wild): null

2019-08-10 23:52:38 - [TEST_STEP][PASSED] - wildList = wildList: null

2019-08-10 23:52:38 - [TEST_STEP][PASSED] - free_spin_reel_counter = []: null

2019-08-10 23:52:38 - [TEST_STEP][PASSED] - free_spin_reel_counter[0] = 0: null

2019-08-10 23:52:38 - [TEST_STEP][PASSED] - free_spin_reel_counter[1] = 0: null

2019-08-10 23:52:38 - [TEST_STEP][PASSED] - free_spin_reel_counter[2] = 0: null

2019-08-10 23:52:38 - [TEST_STEP][PASSED] - M4_spin_reels = reels: null

2019-08-10 23:52:38 - [TEST_STEP][PASSED] - for ([i = 0, i &lt; M4_spin_reels.size(), (i++)]): null

2019-08-10 23:52:38 - [TEST_STEP][PASSED] - symbols = symbols: null

2019-08-10 23:52:38 - [TEST_STEP][PASSED] - for ([j = 0, j &lt; symbols.size(), (j++)]): null

2019-08-10 23:52:38 - [TEST_STEP][PASSED] - symbol = symbol: null

2019-08-10 23:52:38 - [TEST_STEP][PASSED] - println(symbol): null

2019-08-10 23:52:38 - [TEST_STEP][PASSED] - if (i == 2 &amp;&amp; wildList.indexOf(symbol) != -1): null

2019-08-10 23:52:38 - [TEST_STEP][PASSED] - if (i == 3 &amp;&amp; wildList.indexOf(symbol) != -1): null

2019-08-10 23:52:38 - [TEST_STEP][PASSED] - if (i == 4 &amp;&amp; wildList.indexOf(symbol) != -1): null

2019-08-10 23:52:38 - [TEST_STEP][PASSED] - symbol = symbol: null

2019-08-10 23:52:38 - [TEST_STEP][PASSED] - println(symbol): null

2019-08-10 23:52:38 - [TEST_STEP][PASSED] - if (i == 2 &amp;&amp; wildList.indexOf(symbol) != -1): null

2019-08-10 23:52:38 - [TEST_STEP][PASSED] - if (i == 3 &amp;&amp; wildList.indexOf(symbol) != -1): null

2019-08-10 23:52:38 - [TEST_STEP][PASSED] - if (i == 4 &amp;&amp; wildList.indexOf(symbol) != -1): null

2019-08-10 23:52:38 - [TEST_STEP][PASSED] - symbol = symbol: null

2019-08-10 23:52:38 - [TEST_STEP][PASSED] - println(symbol): null

2019-08-10 23:52:38 - [TEST_STEP][PASSED] - if (i == 2 &amp;&amp; wildList.indexOf(symbol) != -1): null

2019-08-10 23:52:38 - [TEST_STEP][PASSED] - if (i == 3 &amp;&amp; wildList.indexOf(symbol) != -1): null

2019-08-10 23:52:38 - [TEST_STEP][PASSED] - if (i == 4 &amp;&amp; wildList.indexOf(symbol) != -1): null

2019-08-10 23:52:38 - [TEST_STEP][PASSED] - symbols = symbols: null

2019-08-10 23:52:38 - [TEST_STEP][PASSED] - for ([j = 0, j &lt; symbols.size(), (j++)]): null

2019-08-10 23:52:38 - [TEST_STEP][PASSED] - symbol = symbol: null

2019-08-10 23:52:38 - [TEST_STEP][PASSED] - println(symbol): null

2019-08-10 23:52:38 - [TEST_STEP][PASSED] - if (i == 2 &amp;&amp; wildList.indexOf(symbol) != -1): null

2019-08-10 23:52:38 - [TEST_STEP][PASSED] - if (i == 3 &amp;&amp; wildList.indexOf(symbol) != -1): null

2019-08-10 23:52:38 - [TEST_STEP][PASSED] - if (i == 4 &amp;&amp; wildList.indexOf(symbol) != -1): null

2019-08-10 23:52:38 - [TEST_STEP][PASSED] - symbol = symbol: null

2019-08-10 23:52:38 - [TEST_STEP][PASSED] - println(symbol): null

2019-08-10 23:52:38 - [TEST_STEP][PASSED] - if (i == 2 &amp;&amp; wildList.indexOf(symbol) != -1): null

2019-08-10 23:52:38 - [TEST_STEP][PASSED] - if (i == 3 &amp;&amp; wildList.indexOf(symbol) != -1): null

2019-08-10 23:52:38 - [TEST_STEP][PASSED] - if (i == 4 &amp;&amp; wildList.indexOf(symbol) != -1): null

2019-08-10 23:52:38 - [TEST_STEP][PASSED] - symbol = symbol: null

2019-08-10 23:52:38 - [TEST_STEP][PASSED] - println(symbol): null

2019-08-10 23:52:38 - [TEST_STEP][PASSED] - if (i == 2 &amp;&amp; wildList.indexOf(symbol) != -1): null

2019-08-10 23:52:38 - [TEST_STEP][PASSED] - if (i == 3 &amp;&amp; wildList.indexOf(symbol) != -1): null

2019-08-10 23:52:38 - [TEST_STEP][PASSED] - if (i == 4 &amp;&amp; wildList.indexOf(symbol) != -1): null

2019-08-10 23:52:38 - [TEST_STEP][PASSED] - symbols = symbols: null

2019-08-10 23:52:38 - [TEST_STEP][PASSED] - for ([j = 0, j &lt; symbols.size(), (j++)]): null

2019-08-10 23:52:38 - [TEST_STEP][PASSED] - symbol = symbol: null

2019-08-10 23:52:38 - [TEST_STEP][PASSED] - println(symbol): null

2019-08-10 23:52:38 - [TEST_STEP][PASSED] - if (i == 2 &amp;&amp; wildList.indexOf(symbol) != -1): null

2019-08-10 23:52:38 - [TEST_STEP][PASSED] - if (i == 3 &amp;&amp; wildList.indexOf(symbol) != -1): null

2019-08-10 23:52:38 - [TEST_STEP][PASSED] - if (i == 4 &amp;&amp; wildList.indexOf(symbol) != -1): null

2019-08-10 23:52:38 - [TEST_STEP][PASSED] - symbol = symbol: null

2019-08-10 23:52:38 - [TEST_STEP][PASSED] - println(symbol): null

2019-08-10 23:52:38 - [TEST_STEP][PASSED] - if (i == 2 &amp;&amp; wildList.indexOf(symbol) != -1): null

2019-08-10 23:52:38 - [TEST_STEP][PASSED] - if (i == 3 &amp;&amp; wildList.indexOf(symbol) != -1): null

2019-08-10 23:52:38 - [TEST_STEP][PASSED] - if (i == 4 &amp;&amp; wildList.indexOf(symbol) != -1): null

2019-08-10 23:52:38 - [TEST_STEP][PASSED] - symbol = symbol: null

2019-08-10 23:52:38 - [TEST_STEP][PASSED] - println(symbol): null

2019-08-10 23:52:38 - [TEST_STEP][PASSED] - if (i == 2 &amp;&amp; wildList.indexOf(symbol) != -1): null

2019-08-10 23:52:38 - [TEST_STEP][PASSED] - if (i == 3 &amp;&amp; wildList.indexOf(symbol) != -1): null

2019-08-10 23:52:38 - [TEST_STEP][PASSED] - if (i == 4 &amp;&amp; wildList.indexOf(symbol) != -1): null

2019-08-10 23:52:38 - [TEST_STEP][PASSED] - symbols = symbols: null

2019-08-10 23:52:38 - [TEST_STEP][PASSED] - for ([j = 0, j &lt; symbols.size(), (j++)]): null

2019-08-10 23:52:38 - [TEST_STEP][PASSED] - symbol = symbol: null

2019-08-10 23:52:38 - [TEST_STEP][PASSED] - println(symbol): null

2019-08-10 23:52:38 - [TEST_STEP][PASSED] - if (i == 2 &amp;&amp; wildList.indexOf(symbol) != -1): null

2019-08-10 23:52:38 - [TEST_STEP][PASSED] - if (i == 3 &amp;&amp; wildList.indexOf(symbol) != -1): null

2019-08-10 23:52:38 - [TEST_STEP][PASSED] - if (i == 4 &amp;&amp; wildList.indexOf(symbol) != -1): null

2019-08-10 23:52:38 - [TEST_STEP][PASSED] - symbol = symbol: null

2019-08-10 23:52:38 - [TEST_STEP][PASSED] - println(symbol): null

2019-08-10 23:52:38 - [TEST_STEP][PASSED] - if (i == 2 &amp;&amp; wildList.indexOf(symbol) != -1): null

2019-08-10 23:52:38 - [TEST_STEP][PASSED] - if (i == 3 &amp;&amp; wildList.indexOf(symbol) != -1): null

2019-08-10 23:52:38 - [TEST_STEP][PASSED] - if (i == 4 &amp;&amp; wildList.indexOf(symbol) != -1): null

2019-08-10 23:52:38 - [TEST_STEP][PASSED] - symbol = symbol: null

2019-08-10 23:52:38 - [TEST_STEP][PASSED] - println(symbol): null

2019-08-10 23:52:38 - [TEST_STEP][PASSED] - if (i == 2 &amp;&amp; wildList.indexOf(symbol) != -1): null

2019-08-10 23:52:38 - [TEST_STEP][PASSED] - if (i == 3 &amp;&amp; wildList.indexOf(symbol) != -1): null

2019-08-10 23:52:38 - [TEST_STEP][PASSED] - if (i == 4 &amp;&amp; wildList.indexOf(symbol) != -1): null

2019-08-10 23:52:38 - [TEST_STEP][PASSED] - symbols = symbols: null

2019-08-10 23:52:38 - [TEST_STEP][PASSED] - for ([j = 0, j &lt; symbols.size(), (j++)]): null

2019-08-10 23:52:38 - [TEST_STEP][PASSED] - symbol = symbol: null

2019-08-10 23:52:38 - [TEST_STEP][PASSED] - println(symbol): null

2019-08-10 23:52:38 - [TEST_STEP][PASSED] - if (i == 2 &amp;&amp; wildList.indexOf(symbol) != -1): null

2019-08-10 23:52:38 - [TEST_STEP][PASSED] - if (i == 3 &amp;&amp; wildList.indexOf(symbol) != -1): null

2019-08-10 23:52:38 - [TEST_STEP][PASSED] - if (i == 4 &amp;&amp; wildList.indexOf(symbol) != -1): null

2019-08-10 23:52:38 - [TEST_STEP][PASSED] - symbol = symbol: null

2019-08-10 23:52:38 - [TEST_STEP][PASSED] - println(symbol): null

2019-08-10 23:52:38 - [TEST_STEP][PASSED] - if (i == 2 &amp;&amp; wildList.indexOf(symbol) != -1): null

2019-08-10 23:52:38 - [TEST_STEP][PASSED] - if (i == 3 &amp;&amp; wildList.indexOf(symbol) != -1): null

2019-08-10 23:52:38 - [TEST_STEP][PASSED] - if (i == 4 &amp;&amp; wildList.indexOf(symbol) != -1): null

2019-08-10 23:52:38 - [TEST_STEP][PASSED] - symbol = symbol: null

2019-08-10 23:52:38 - [TEST_STEP][PASSED] - println(symbol): null

2019-08-10 23:52:38 - [TEST_STEP][PASSED] - if (i == 2 &amp;&amp; wildList.indexOf(symbol) != -1): null

2019-08-10 23:52:38 - [TEST_STEP][PASSED] - if (i == 3 &amp;&amp; wildList.indexOf(symbol) != -1): null

2019-08-10 23:52:38 - [TEST_STEP][PASSED] - if (i == 4 &amp;&amp; wildList.indexOf(symbol) != -1): null

2019-08-10 23:52:38 - [TEST_STEP][PASSED] - free_spin_reel_counter = free_spin_reel_counter: null

2019-08-10 23:52:38 - [TEST_STEP][PASSED] - println("reel 3 wild found: " + free_spin_reel_counter[0]): null

2019-08-10 23:52:38 - [TEST_STEP][PASSED] - println("reel 4 wild found: " + free_spin_reel_counter[1]): null

2019-08-10 23:52:38 - [TEST_STEP][PASSED] - println("reel 5 wild found: " + free_spin_reel_counter[2]): null

2019-08-10 23:52:38 - [TEST_STEP][PASSED] - M4_spin_reels = M4_spin_reels: null

2019-08-10 23:52:38 - [TEST_STEP][PASSED] - M4_spin_reels_symbols = symbol: null

2019-08-10 23:52:38 - [TEST_STEP][PASSED] - M4_spin_reels_symbols = M4_spin_reels_symbols: null

2019-08-10 23:52:38 - [TEST_STEP][PASSED] - M4_spin_reel_wins = reel_wins: null

2019-08-10 23:52:38 - [TEST_STEP][PASSED] - M4_spin_reel_wins = M4_spin_reel_wins: null

2019-08-10 23:52:38 - [TEST_STEP][PASSED] - println("GlobalVariable.M4_spin_reel_wins is: " + M4_spin_reel_wins): null

2019-08-10 23:52:38 - [TEST_STEP][PASSED] - M4_spin_total_bonus_win_this_round = total_bonus_win_this_round: null

2019-08-10 23:52:38 - [TEST_STEP][PASSED] - M4_spin_total_bonus_win_this_round = M4_spin_total_bonus_win_this_round: null

2019-08-10 23:52:38 - [TEST_STEP][PASSED] - println("GlobalVariable.M4_spin_total_bonus_win_this_round is: " + M4_spin_total_bonus_win_this_round): null

2019-08-10 23:52:38 - [MESSAGE][PASSED] - Verify response successfully

2019-08-10 23:52:38 - [MESSAGE][PASSED] - Send request and verify the response successfully

2019-08-10 23:52:38 - [TEST_STEP][PASSED] - if (M4_total_bonus_spins_int != 0 &amp;&amp; M4_spin_reels_symbols[2].contains("WILD_ExtraFG") || M4_spin_reels_symbols[3].contains("WILD_ExtraFG")): null

2019-08-10 23:52:38 - [TEST_STEP][PASSED] - free_spin_reel_counter = free_spin_reel_counter: null

2019-08-10 23:52:38 - [TEST_STEP][PASSED] - M4_spin_reels_symbols = M4_spin_reels_symbols: null

2019-08-10 23:52:38 - [TEST_STEP][PASSED] - M4_total_bonus_spins = M4_total_bonus_spins: null

2019-08-10 23:52:38 - [TEST_STEP][PASSED] - spin_result = sendRequestAndVerify(findTestObject("RGS(M4)/1_M4_spin", ["M4_login_user_id":M4_login_user_id, "rgs_session_token":rgs_session_token, "partner":Partner])): Send request and verify the response successfully

2019-08-10 23:52:38 - [TEST_CASE][PASSED] - Start Test Case : Verification: Verification accomplished successfully

2019-08-10 23:52:38 - [TEST_STEP][PASSED] - request = getInstance().getCurrentRequest(): null

2019-08-10 23:52:38 - [TEST_STEP][PASSED] - response = getInstance().getCurrentResponse(): null

2019-08-10 23:52:38 - [TEST_STEP][PASSED] - verifyResponseStatusCode(response, 200): Verify response status code successfully

2019-08-10 23:52:38 - [MESSAGE][PASSED] - Verify response status code successfully

2019-08-10 23:52:38 - [TEST_STEP][PASSED] - getStatusCode()).isEqualTo(200): null

2019-08-10 23:52:38 - [TEST_STEP][PASSED] - newline = System.getProperty("line.separator"): null

2019-08-10 23:52:38 - [TEST_STEP][PASSED] - M4_spin = new groovy.json.JsonSlurper(): null

2019-08-10 23:52:38 - [TEST_STEP][PASSED] - result_M4_spin = M4_spin.parseText(response.getResponseBodyContent()): null

2019-08-10 23:52:38 - [TEST_STEP][PASSED] - M4_spin_current_balance = current_balance: null

2019-08-10 23:52:38 - [TEST_STEP][PASSED] - M4_spin_current_balance = M4_spin_current_balance: null

2019-08-10 23:52:38 - [TEST_STEP][PASSED] - M4_spin_transaction_id = causality: null

2019-08-10 23:52:38 - [TEST_STEP][PASSED] - M4_spin_transaction_id = M4_spin_transaction_id: null

2019-08-10 23:52:38 - [TEST_STEP][PASSED] - M4_spin_round_id = round_id: null

2019-08-10 23:52:38 - [TEST_STEP][PASSED] - M4_spin_round_id = M4_spin_round_id: null

2019-08-10 23:52:38 - [TEST_STEP][PASSED] - M4_spin_line_wins = line_wins: null

2019-08-10 23:52:38 - [TEST_STEP][PASSED] - M4_spin_line_wins = M4_spin_line_wins: null

2019-08-10 23:52:38 - [TEST_STEP][PASSED] - M4_total_bonus_spins_int = total_bonus_spins: null

2019-08-10 23:52:38 - [TEST_STEP][PASSED] - println("******M4_total_bonus_spins type is:*******" + newline + getClass().getName()): null

2019-08-10 23:52:38 - [TEST_STEP][PASSED] - M4_total_bonus_spins_int = M4_total_bonus_spins_int: null

2019-08-10 23:52:38 - [TEST_STEP][PASSED] - M4_total_bonus_spins = Integer.toString(M4_total_bonus_spins_int): null

2019-08-10 23:52:38 - [TEST_STEP][PASSED] - M4_total_bonus_spins = M4_total_bonus_spins: null

2019-08-10 23:52:38 - [TEST_STEP][PASSED] - println("M4_total_bonus_spins is:" + M4_total_bonus_spins): null

2019-08-10 23:52:38 - [TEST_STEP][PASSED] - M4_spin_bonus_data = bonus_data: null

2019-08-10 23:52:38 - [TEST_STEP][PASSED] - M4_spin_features_triggered = result_M4_spin: null

2019-08-10 23:52:38 - [TEST_STEP][PASSED] - wild = []: null

2019-08-10 23:52:38 - [TEST_STEP][PASSED] - wild[0] = "WILD_Expanding": null

2019-08-10 23:52:38 - [TEST_STEP][PASSED] - wild[1] = "WILD_Normal": null

2019-08-10 23:52:38 - [TEST_STEP][PASSED] - wild[2] = "WILD_Double": null

2019-08-10 23:52:38 - [TEST_STEP][PASSED] - wild[3] = "WILD_ExtraFG": null

2019-08-10 23:52:38 - [TEST_STEP][PASSED] - wild[4] = "WILD_Triple": null

2019-08-10 23:52:38 - [TEST_STEP][PASSED] - wildList = Arrays.asList(wild): null

2019-08-10 23:52:38 - [TEST_STEP][PASSED] - wildList = wildList: null

2019-08-10 23:52:38 - [TEST_STEP][PASSED] - free_spin_reel_counter = []: null

2019-08-10 23:52:38 - [TEST_STEP][PASSED] - free_spin_reel_counter[0] = 0: null

2019-08-10 23:52:38 - [TEST_STEP][PASSED] - free_spin_reel_counter[1] = 0: null

2019-08-10 23:52:38 - [TEST_STEP][PASSED] - free_spin_reel_counter[2] = 0: null

2019-08-10 23:52:38 - [TEST_STEP][PASSED] - M4_spin_reels = reels: null

2019-08-10 23:52:38 - [TEST_STEP][PASSED] - for ([i = 0, i &lt; M4_spin_reels.size(), (i++)]): null

2019-08-10 23:52:38 - [TEST_STEP][PASSED] - symbols = symbols: null

2019-08-10 23:52:38 - [TEST_STEP][PASSED] - for ([j = 0, j &lt; symbols.size(), (j++)]): null

2019-08-10 23:52:38 - [TEST_STEP][PASSED] - symbol = symbol: null

2019-08-10 23:52:38 - [TEST_STEP][PASSED] - println(symbol): null

2019-08-10 23:52:38 - [TEST_STEP][PASSED] - if (i == 2 &amp;&amp; wildList.indexOf(symbol) != -1): null

2019-08-10 23:52:38 - [TEST_STEP][PASSED] - if (i == 3 &amp;&amp; wildList.indexOf(symbol) != -1): null

2019-08-10 23:52:38 - [TEST_STEP][PASSED] - if (i == 4 &amp;&amp; wildList.indexOf(symbol) != -1): null

2019-08-10 23:52:38 - [TEST_STEP][PASSED] - symbol = symbol: null

2019-08-10 23:52:38 - [TEST_STEP][PASSED] - println(symbol): null

2019-08-10 23:52:38 - [TEST_STEP][PASSED] - if (i == 2 &amp;&amp; wildList.indexOf(symbol) != -1): null

2019-08-10 23:52:38 - [TEST_STEP][PASSED] - if (i == 3 &amp;&amp; wildList.indexOf(symbol) != -1): null

2019-08-10 23:52:38 - [TEST_STEP][PASSED] - if (i == 4 &amp;&amp; wildList.indexOf(symbol) != -1): null

2019-08-10 23:52:38 - [TEST_STEP][PASSED] - symbol = symbol: null

2019-08-10 23:52:38 - [TEST_STEP][PASSED] - println(symbol): null

2019-08-10 23:52:38 - [TEST_STEP][PASSED] - if (i == 2 &amp;&amp; wildList.indexOf(symbol) != -1): null

2019-08-10 23:52:38 - [TEST_STEP][PASSED] - if (i == 3 &amp;&amp; wildList.indexOf(symbol) != -1): null

2019-08-10 23:52:38 - [TEST_STEP][PASSED] - if (i == 4 &amp;&amp; wildList.indexOf(symbol) != -1): null

2019-08-10 23:52:38 - [TEST_STEP][PASSED] - symbols = symbols: null

2019-08-10 23:52:38 - [TEST_STEP][PASSED] - for ([j = 0, j &lt; symbols.size(), (j++)]): null

2019-08-10 23:52:38 - [TEST_STEP][PASSED] - symbol = symbol: null

2019-08-10 23:52:38 - [TEST_STEP][PASSED] - println(symbol): null

2019-08-10 23:52:38 - [TEST_STEP][PASSED] - if (i == 2 &amp;&amp; wildList.indexOf(symbol) != -1): null

2019-08-10 23:52:38 - [TEST_STEP][PASSED] - if (i == 3 &amp;&amp; wildList.indexOf(symbol) != -1): null

2019-08-10 23:52:38 - [TEST_STEP][PASSED] - if (i == 4 &amp;&amp; wildList.indexOf(symbol) != -1): null

2019-08-10 23:52:38 - [TEST_STEP][PASSED] - symbol = symbol: null

2019-08-10 23:52:38 - [TEST_STEP][PASSED] - println(symbol): null

2019-08-10 23:52:38 - [TEST_STEP][PASSED] - if (i == 2 &amp;&amp; wildList.indexOf(symbol) != -1): null

2019-08-10 23:52:38 - [TEST_STEP][PASSED] - if (i == 3 &amp;&amp; wildList.indexOf(symbol) != -1): null

2019-08-10 23:52:38 - [TEST_STEP][PASSED] - if (i == 4 &amp;&amp; wildList.indexOf(symbol) != -1): null

2019-08-10 23:52:38 - [TEST_STEP][PASSED] - symbol = symbol: null

2019-08-10 23:52:38 - [TEST_STEP][PASSED] - println(symbol): null

2019-08-10 23:52:38 - [TEST_STEP][PASSED] - if (i == 2 &amp;&amp; wildList.indexOf(symbol) != -1): null

2019-08-10 23:52:38 - [TEST_STEP][PASSED] - if (i == 3 &amp;&amp; wildList.indexOf(symbol) != -1): null

2019-08-10 23:52:38 - [TEST_STEP][PASSED] - if (i == 4 &amp;&amp; wildList.indexOf(symbol) != -1): null

2019-08-10 23:52:38 - [TEST_STEP][PASSED] - symbols = symbols: null

2019-08-10 23:52:38 - [TEST_STEP][PASSED] - for ([j = 0, j &lt; symbols.size(), (j++)]): null

2019-08-10 23:52:38 - [TEST_STEP][PASSED] - symbol = symbol: null

2019-08-10 23:52:38 - [TEST_STEP][PASSED] - println(symbol): null

2019-08-10 23:52:38 - [TEST_STEP][PASSED] - if (i == 2 &amp;&amp; wildList.indexOf(symbol) != -1): null

2019-08-10 23:52:38 - [TEST_STEP][PASSED] - if (i == 3 &amp;&amp; wildList.indexOf(symbol) != -1): null

2019-08-10 23:52:38 - [TEST_STEP][PASSED] - if (i == 4 &amp;&amp; wildList.indexOf(symbol) != -1): null

2019-08-10 23:52:38 - [TEST_STEP][PASSED] - symbol = symbol: null

2019-08-10 23:52:38 - [TEST_STEP][PASSED] - println(symbol): null

2019-08-10 23:52:38 - [TEST_STEP][PASSED] - if (i == 2 &amp;&amp; wildList.indexOf(symbol) != -1): null

2019-08-10 23:52:38 - [TEST_STEP][PASSED] - if (i == 3 &amp;&amp; wildList.indexOf(symbol) != -1): null

2019-08-10 23:52:38 - [TEST_STEP][PASSED] - if (i == 4 &amp;&amp; wildList.indexOf(symbol) != -1): null

2019-08-10 23:52:38 - [TEST_STEP][PASSED] - symbol = symbol: null

2019-08-10 23:52:38 - [TEST_STEP][PASSED] - println(symbol): null

2019-08-10 23:52:38 - [TEST_STEP][PASSED] - if (i == 2 &amp;&amp; wildList.indexOf(symbol) != -1): null

2019-08-10 23:52:38 - [TEST_STEP][PASSED] - if (i == 3 &amp;&amp; wildList.indexOf(symbol) != -1): null

2019-08-10 23:52:38 - [TEST_STEP][PASSED] - if (i == 4 &amp;&amp; wildList.indexOf(symbol) != -1): null

2019-08-10 23:52:38 - [TEST_STEP][PASSED] - symbols = symbols: null

2019-08-10 23:52:38 - [TEST_STEP][PASSED] - for ([j = 0, j &lt; symbols.size(), (j++)]): null

2019-08-10 23:52:38 - [TEST_STEP][PASSED] - symbol = symbol: null

2019-08-10 23:52:38 - [TEST_STEP][PASSED] - println(symbol): null

2019-08-10 23:52:38 - [TEST_STEP][PASSED] - if (i == 2 &amp;&amp; wildList.indexOf(symbol) != -1): null

2019-08-10 23:52:38 - [TEST_STEP][PASSED] - if (i == 3 &amp;&amp; wildList.indexOf(symbol) != -1): null

2019-08-10 23:52:38 - [TEST_STEP][PASSED] - if (i == 4 &amp;&amp; wildList.indexOf(symbol) != -1): null

2019-08-10 23:52:38 - [TEST_STEP][PASSED] - symbol = symbol: null

2019-08-10 23:52:38 - [TEST_STEP][PASSED] - println(symbol): null

2019-08-10 23:52:38 - [TEST_STEP][PASSED] - if (i == 2 &amp;&amp; wildList.indexOf(symbol) != -1): null

2019-08-10 23:52:38 - [TEST_STEP][PASSED] - if (i == 3 &amp;&amp; wildList.indexOf(symbol) != -1): null

2019-08-10 23:52:38 - [TEST_STEP][PASSED] - if (i == 4 &amp;&amp; wildList.indexOf(symbol) != -1): null

2019-08-10 23:52:38 - [TEST_STEP][PASSED] - symbol = symbol: null

2019-08-10 23:52:38 - [TEST_STEP][PASSED] - println(symbol): null

2019-08-10 23:52:38 - [TEST_STEP][PASSED] - if (i == 2 &amp;&amp; wildList.indexOf(symbol) != -1): null

2019-08-10 23:52:38 - [TEST_STEP][PASSED] - if (i == 3 &amp;&amp; wildList.indexOf(symbol) != -1): null

2019-08-10 23:52:38 - [TEST_STEP][PASSED] - if (i == 4 &amp;&amp; wildList.indexOf(symbol) != -1): null

2019-08-10 23:52:38 - [TEST_STEP][PASSED] - symbols = symbols: null

2019-08-10 23:52:38 - [TEST_STEP][PASSED] - for ([j = 0, j &lt; symbols.size(), (j++)]): null

2019-08-10 23:52:38 - [TEST_STEP][PASSED] - symbol = symbol: null

2019-08-10 23:52:38 - [TEST_STEP][PASSED] - println(symbol): null

2019-08-10 23:52:38 - [TEST_STEP][PASSED] - if (i == 2 &amp;&amp; wildList.indexOf(symbol) != -1): null

2019-08-10 23:52:38 - [TEST_STEP][PASSED] - if (i == 3 &amp;&amp; wildList.indexOf(symbol) != -1): null

2019-08-10 23:52:38 - [TEST_STEP][PASSED] - if (i == 4 &amp;&amp; wildList.indexOf(symbol) != -1): null

2019-08-10 23:52:38 - [TEST_STEP][PASSED] - symbol = symbol: null

2019-08-10 23:52:38 - [TEST_STEP][PASSED] - println(symbol): null

2019-08-10 23:52:38 - [TEST_STEP][PASSED] - if (i == 2 &amp;&amp; wildList.indexOf(symbol) != -1): null

2019-08-10 23:52:38 - [TEST_STEP][PASSED] - if (i == 3 &amp;&amp; wildList.indexOf(symbol) != -1): null

2019-08-10 23:52:38 - [TEST_STEP][PASSED] - if (i == 4 &amp;&amp; wildList.indexOf(symbol) != -1): null

2019-08-10 23:52:38 - [TEST_STEP][PASSED] - symbol = symbol: null

2019-08-10 23:52:38 - [TEST_STEP][PASSED] - println(symbol): null

2019-08-10 23:52:38 - [TEST_STEP][PASSED] - if (i == 2 &amp;&amp; wildList.indexOf(symbol) != -1): null

2019-08-10 23:52:38 - [TEST_STEP][PASSED] - if (i == 3 &amp;&amp; wildList.indexOf(symbol) != -1): null

2019-08-10 23:52:38 - [TEST_STEP][PASSED] - if (i == 4 &amp;&amp; wildList.indexOf(symbol) != -1): null

2019-08-10 23:52:38 - [TEST_STEP][PASSED] - free_spin_reel_counter = free_spin_reel_counter: null

2019-08-10 23:52:38 - [TEST_STEP][PASSED] - println("reel 3 wild found: " + free_spin_reel_counter[0]): null

2019-08-10 23:52:38 - [TEST_STEP][PASSED] - println("reel 4 wild found: " + free_spin_reel_counter[1]): null

2019-08-10 23:52:38 - [TEST_STEP][PASSED] - println("reel 5 wild found: " + free_spin_reel_counter[2]): null

2019-08-10 23:52:38 - [TEST_STEP][PASSED] - M4_spin_reels = M4_spin_reels: null

2019-08-10 23:52:38 - [TEST_STEP][PASSED] - M4_spin_reels_symbols = symbol: null

2019-08-10 23:52:38 - [TEST_STEP][PASSED] - M4_spin_reels_symbols = M4_spin_reels_symbols: null

2019-08-10 23:52:38 - [TEST_STEP][PASSED] - M4_spin_reel_wins = reel_wins: null

2019-08-10 23:52:38 - [TEST_STEP][PASSED] - M4_spin_reel_wins = M4_spin_reel_wins: null

2019-08-10 23:52:38 - [TEST_STEP][PASSED] - println("GlobalVariable.M4_spin_reel_wins is: " + M4_spin_reel_wins): null

2019-08-10 23:52:38 - [TEST_STEP][PASSED] - M4_spin_total_bonus_win_this_round = total_bonus_win_this_round: null

2019-08-10 23:52:38 - [TEST_STEP][PASSED] - M4_spin_total_bonus_win_this_round = M4_spin_total_bonus_win_this_round: null

2019-08-10 23:52:38 - [TEST_STEP][PASSED] - println("GlobalVariable.M4_spin_total_bonus_win_this_round is: " + M4_spin_total_bonus_win_this_round): null

2019-08-10 23:52:38 - [MESSAGE][PASSED] - Verify response successfully

2019-08-10 23:52:38 - [MESSAGE][PASSED] - Send request and verify the response successfully

2019-08-10 23:52:38 - [TEST_STEP][PASSED] - if (M4_total_bonus_spins_int != 0 &amp;&amp; M4_spin_reels_symbols[2].contains("WILD_ExtraFG") || M4_spin_reels_symbols[3].contains("WILD_ExtraFG")): null

2019-08-10 23:52:38 - [TEST_STEP][PASSED] - free_spin_reel_counter = free_spin_reel_counter: null

2019-08-10 23:52:38 - [TEST_STEP][PASSED] - M4_spin_reels_symbols = M4_spin_reels_symbols: null

2019-08-10 23:52:38 - [TEST_STEP][PASSED] - M4_total_bonus_spins = M4_total_bonus_spins: null

2019-08-10 23:52:38 - [TEST_STEP][PASSED] - spin_result = sendRequestAndVerify(findTestObject("RGS(M4)/1_M4_spin", ["M4_login_user_id":M4_login_user_id, "rgs_session_token":rgs_session_token, "partner":Partner])): Send request and verify the response successfully

2019-08-10 23:52:39 - [TEST_CASE][PASSED] - Start Test Case : Verification: Verification accomplished successfully

2019-08-10 23:52:39 - [TEST_STEP][PASSED] - request = getInstance().getCurrentRequest(): null

2019-08-10 23:52:39 - [TEST_STEP][PASSED] - response = getInstance().getCurrentResponse(): null

2019-08-10 23:52:39 - [TEST_STEP][PASSED] - verifyResponseStatusCode(response, 200): Verify response status code successfully

2019-08-10 23:52:39 - [MESSAGE][PASSED] - Verify response status code successfully

2019-08-10 23:52:39 - [TEST_STEP][PASSED] - getStatusCode()).isEqualTo(200): null

2019-08-10 23:52:39 - [TEST_STEP][PASSED] - newline = System.getProperty("line.separator"): null

2019-08-10 23:52:39 - [TEST_STEP][PASSED] - M4_spin = new groovy.json.JsonSlurper(): null

2019-08-10 23:52:39 - [TEST_STEP][PASSED] - result_M4_spin = M4_spin.parseText(response.getResponseBodyContent()): null

2019-08-10 23:52:39 - [TEST_STEP][PASSED] - M4_spin_current_balance = current_balance: null

2019-08-10 23:52:39 - [TEST_STEP][PASSED] - M4_spin_current_balance = M4_spin_current_balance: null

2019-08-10 23:52:39 - [TEST_STEP][PASSED] - M4_spin_transaction_id = causality: null

2019-08-10 23:52:39 - [TEST_STEP][PASSED] - M4_spin_transaction_id = M4_spin_transaction_id: null

2019-08-10 23:52:39 - [TEST_STEP][PASSED] - M4_spin_round_id = round_id: null

2019-08-10 23:52:39 - [TEST_STEP][PASSED] - M4_spin_round_id = M4_spin_round_id: null

2019-08-10 23:52:39 - [TEST_STEP][PASSED] - M4_spin_line_wins = line_wins: null

2019-08-10 23:52:39 - [TEST_STEP][PASSED] - M4_spin_line_wins = M4_spin_line_wins: null

2019-08-10 23:52:43 - [TEST_STEP][PASSED] - M4_total_bonus_spins_int = total_bonus_spins: null

2019-08-10 23:52:48 - [TEST_STEP][PASSED] - println("******M4_total_bonus_spins type is:*******" + newline + getClass().getName()): null

2019-08-10 23:52:48 - [TEST_STEP][PASSED] - M4_total_bonus_spins_int = M4_total_bonus_spins_int: null

2019-08-10 23:52:48 - [TEST_STEP][PASSED] - M4_total_bonus_spins = Integer.toString(M4_total_bonus_spins_int): null

2019-08-10 23:52:48 - [TEST_STEP][PASSED] - M4_total_bonus_spins = M4_total_bonus_spins: null

2019-08-10 23:52:48 - [TEST_STEP][PASSED] - println("M4_total_bonus_spins is:" + M4_total_bonus_spins): null

2019-08-10 23:52:53 - [TEST_STEP][PASSED] - M4_spin_bonus_data = bonus_data: null

2019-08-10 23:52:53 - [TEST_STEP][PASSED] - M4_spin_features_triggered = result_M4_spin: null

2019-08-10 23:52:53 - [TEST_STEP][PASSED] - wild = []: null

2019-08-10 23:52:53 - [TEST_STEP][PASSED] - wild[0] = "WILD_Expanding": null

2019-08-10 23:52:53 - [TEST_STEP][PASSED] - wild[1] = "WILD_Normal": null

2019-08-10 23:52:53 - [TEST_STEP][PASSED] - wild[2] = "WILD_Double": null

2019-08-10 23:52:53 - [TEST_STEP][PASSED] - wild[3] = "WILD_ExtraFG": null

2019-08-10 23:52:53 - [TEST_STEP][PASSED] - wild[4] = "WILD_Triple": null

2019-08-10 23:52:53 - [TEST_STEP][PASSED] - wildList = Arrays.asList(wild): null

2019-08-10 23:52:53 - [TEST_STEP][PASSED] - wildList = wildList: null

2019-08-10 23:52:53 - [TEST_STEP][PASSED] - free_spin_reel_counter = []: null

2019-08-10 23:52:54 - [TEST_STEP][PASSED] - free_spin_reel_counter[0] = 0: null

2019-08-10 23:52:54 - [TEST_STEP][PASSED] - free_spin_reel_counter[1] = 0: null

2019-08-10 23:52:54 - [TEST_STEP][PASSED] - free_spin_reel_counter[2] = 0: null

2019-08-10 23:52:54 - [TEST_STEP][PASSED] - M4_spin_reels = reels: null

2019-08-10 23:52:54 - [TEST_STEP][PASSED] - for ([i = 0, i &lt; M4_spin_reels.size(), (i++)]): null

2019-08-10 23:52:54 - [TEST_STEP][PASSED] - symbols = symbols: null

2019-08-10 23:52:54 - [TEST_STEP][PASSED] - for ([j = 0, j &lt; symbols.size(), (j++)]): null

2019-08-10 23:52:54 - [TEST_STEP][PASSED] - symbol = symbol: null

2019-08-10 23:52:54 - [TEST_STEP][PASSED] - println(symbol): null

2019-08-10 23:52:54 - [TEST_STEP][PASSED] - if (i == 2 &amp;&amp; wildList.indexOf(symbol) != -1): null

2019-08-10 23:52:54 - [TEST_STEP][PASSED] - if (i == 3 &amp;&amp; wildList.indexOf(symbol) != -1): null

2019-08-10 23:52:54 - [TEST_STEP][PASSED] - if (i == 4 &amp;&amp; wildList.indexOf(symbol) != -1): null

2019-08-10 23:52:54 - [TEST_STEP][PASSED] - symbol = symbol: null

2019-08-10 23:52:54 - [TEST_STEP][PASSED] - println(symbol): null

2019-08-10 23:52:54 - [TEST_STEP][PASSED] - if (i == 2 &amp;&amp; wildList.indexOf(symbol) != -1): null

2019-08-10 23:52:54 - [TEST_STEP][PASSED] - if (i == 3 &amp;&amp; wildList.indexOf(symbol) != -1): null

2019-08-10 23:52:54 - [TEST_STEP][PASSED] - if (i == 4 &amp;&amp; wildList.indexOf(symbol) != -1): null

2019-08-10 23:52:54 - [TEST_STEP][PASSED] - symbol = symbol: null

2019-08-10 23:52:54 - [TEST_STEP][PASSED] - println(symbol): null

2019-08-10 23:52:54 - [TEST_STEP][PASSED] - if (i == 2 &amp;&amp; wildList.indexOf(symbol) != -1): null

2019-08-10 23:52:54 - [TEST_STEP][PASSED] - if (i == 3 &amp;&amp; wildList.indexOf(symbol) != -1): null

2019-08-10 23:52:54 - [TEST_STEP][PASSED] - if (i == 4 &amp;&amp; wildList.indexOf(symbol) != -1): null

2019-08-10 23:52:54 - [TEST_STEP][PASSED] - symbols = symbols: null

2019-08-10 23:52:54 - [TEST_STEP][PASSED] - for ([j = 0, j &lt; symbols.size(), (j++)]): null

2019-08-10 23:52:54 - [TEST_STEP][PASSED] - symbol = symbol: null

2019-08-10 23:52:54 - [TEST_STEP][PASSED] - println(symbol): null

2019-08-10 23:52:54 - [TEST_STEP][PASSED] - if (i == 2 &amp;&amp; wildList.indexOf(symbol) != -1): null

2019-08-10 23:52:54 - [TEST_STEP][PASSED] - if (i == 3 &amp;&amp; wildList.indexOf(symbol) != -1): null

2019-08-10 23:52:54 - [TEST_STEP][PASSED] - if (i == 4 &amp;&amp; wildList.indexOf(symbol) != -1): null

2019-08-10 23:52:54 - [TEST_STEP][PASSED] - symbol = symbol: null

2019-08-10 23:52:54 - [TEST_STEP][PASSED] - println(symbol): null

2019-08-10 23:52:54 - [TEST_STEP][PASSED] - if (i == 2 &amp;&amp; wildList.indexOf(symbol) != -1): null

2019-08-10 23:52:54 - [TEST_STEP][PASSED] - if (i == 3 &amp;&amp; wildList.indexOf(symbol) != -1): null

2019-08-10 23:52:54 - [TEST_STEP][PASSED] - if (i == 4 &amp;&amp; wildList.indexOf(symbol) != -1): null

2019-08-10 23:52:54 - [TEST_STEP][PASSED] - symbol = symbol: null

2019-08-10 23:52:54 - [TEST_STEP][PASSED] - println(symbol): null

2019-08-10 23:52:54 - [TEST_STEP][PASSED] - if (i == 2 &amp;&amp; wildList.indexOf(symbol) != -1): null

2019-08-10 23:52:54 - [TEST_STEP][PASSED] - if (i == 3 &amp;&amp; wildList.indexOf(symbol) != -1): null

2019-08-10 23:52:54 - [TEST_STEP][PASSED] - if (i == 4 &amp;&amp; wildList.indexOf(symbol) != -1): null

2019-08-10 23:52:54 - [TEST_STEP][PASSED] - symbols = symbols: null

2019-08-10 23:52:54 - [TEST_STEP][PASSED] - for ([j = 0, j &lt; symbols.size(), (j++)]): null

2019-08-10 23:52:54 - [TEST_STEP][PASSED] - symbol = symbol: null

2019-08-10 23:52:54 - [TEST_STEP][PASSED] - println(symbol): null

2019-08-10 23:52:54 - [TEST_STEP][PASSED] - if (i == 2 &amp;&amp; wildList.indexOf(symbol) != -1): null

2019-08-10 23:52:54 - [TEST_STEP][PASSED] - if (i == 3 &amp;&amp; wildList.indexOf(symbol) != -1): null

2019-08-10 23:52:54 - [TEST_STEP][PASSED] - if (i == 4 &amp;&amp; wildList.indexOf(symbol) != -1): null

2019-08-10 23:52:54 - [TEST_STEP][PASSED] - symbol = symbol: null

2019-08-10 23:52:54 - [TEST_STEP][PASSED] - println(symbol): null

2019-08-10 23:52:54 - [TEST_STEP][PASSED] - if (i == 2 &amp;&amp; wildList.indexOf(symbol) != -1): null

2019-08-10 23:52:54 - [TEST_STEP][PASSED] - if (i == 3 &amp;&amp; wildList.indexOf(symbol) != -1): null

2019-08-10 23:52:54 - [TEST_STEP][PASSED] - if (i == 4 &amp;&amp; wildList.indexOf(symbol) != -1): null

2019-08-10 23:52:54 - [TEST_STEP][PASSED] - symbol = symbol: null

2019-08-10 23:52:54 - [TEST_STEP][PASSED] - println(symbol): null

2019-08-10 23:52:54 - [TEST_STEP][PASSED] - if (i == 2 &amp;&amp; wildList.indexOf(symbol) != -1): null

2019-08-10 23:52:54 - [TEST_STEP][PASSED] - if (i == 3 &amp;&amp; wildList.indexOf(symbol) != -1): null

2019-08-10 23:52:54 - [TEST_STEP][PASSED] - if (i == 4 &amp;&amp; wildList.indexOf(symbol) != -1): null

2019-08-10 23:52:54 - [TEST_STEP][PASSED] - symbols = symbols: null

2019-08-10 23:52:54 - [TEST_STEP][PASSED] - for ([j = 0, j &lt; symbols.size(), (j++)]): null

2019-08-10 23:52:54 - [TEST_STEP][PASSED] - symbol = symbol: null

2019-08-10 23:52:54 - [TEST_STEP][PASSED] - println(symbol): null

2019-08-10 23:52:54 - [TEST_STEP][PASSED] - if (i == 2 &amp;&amp; wildList.indexOf(symbol) != -1): null

2019-08-10 23:52:54 - [TEST_STEP][PASSED] - if (i == 3 &amp;&amp; wildList.indexOf(symbol) != -1): null

2019-08-10 23:52:54 - [TEST_STEP][PASSED] - if (i == 4 &amp;&amp; wildList.indexOf(symbol) != -1): null

2019-08-10 23:52:54 - [TEST_STEP][PASSED] - symbol = symbol: null

2019-08-10 23:52:54 - [TEST_STEP][PASSED] - println(symbol): null

2019-08-10 23:52:54 - [TEST_STEP][PASSED] - if (i == 2 &amp;&amp; wildList.indexOf(symbol) != -1): null

2019-08-10 23:52:54 - [TEST_STEP][PASSED] - if (i == 3 &amp;&amp; wildList.indexOf(symbol) != -1): null

2019-08-10 23:52:54 - [TEST_STEP][PASSED] - if (i == 4 &amp;&amp; wildList.indexOf(symbol) != -1): null

2019-08-10 23:52:54 - [TEST_STEP][PASSED] - symbol = symbol: null

2019-08-10 23:52:54 - [TEST_STEP][PASSED] - println(symbol): null

2019-08-10 23:52:54 - [TEST_STEP][PASSED] - if (i == 2 &amp;&amp; wildList.indexOf(symbol) != -1): null

2019-08-10 23:52:54 - [TEST_STEP][PASSED] - if (i == 3 &amp;&amp; wildList.indexOf(symbol) != -1): null

2019-08-10 23:52:54 - [TEST_STEP][PASSED] - if (i == 4 &amp;&amp; wildList.indexOf(symbol) != -1): null

2019-08-10 23:52:54 - [TEST_STEP][PASSED] - symbols = symbols: null

2019-08-10 23:52:54 - [TEST_STEP][PASSED] - for ([j = 0, j &lt; symbols.size(), (j++)]): null

2019-08-10 23:52:54 - [TEST_STEP][PASSED] - symbol = symbol: null

2019-08-10 23:52:54 - [TEST_STEP][PASSED] - println(symbol): null

2019-08-10 23:52:54 - [TEST_STEP][PASSED] - if (i == 2 &amp;&amp; wildList.indexOf(symbol) != -1): null

2019-08-10 23:52:54 - [TEST_STEP][PASSED] - if (i == 3 &amp;&amp; wildList.indexOf(symbol) != -1): null

2019-08-10 23:52:54 - [TEST_STEP][PASSED] - if (i == 4 &amp;&amp; wildList.indexOf(symbol) != -1): null

2019-08-10 23:52:54 - [TEST_STEP][PASSED] - symbol = symbol: null

2019-08-10 23:52:54 - [TEST_STEP][PASSED] - println(symbol): null

2019-08-10 23:52:54 - [TEST_STEP][PASSED] - if (i == 2 &amp;&amp; wildList.indexOf(symbol) != -1): null

2019-08-10 23:52:54 - [TEST_STEP][PASSED] - if (i == 3 &amp;&amp; wildList.indexOf(symbol) != -1): null

2019-08-10 23:52:54 - [TEST_STEP][PASSED] - if (i == 4 &amp;&amp; wildList.indexOf(symbol) != -1): null

2019-08-10 23:52:54 - [TEST_STEP][PASSED] - symbol = symbol: null

2019-08-10 23:52:54 - [TEST_STEP][PASSED] - println(symbol): null

2019-08-10 23:52:54 - [TEST_STEP][PASSED] - if (i == 2 &amp;&amp; wildList.indexOf(symbol) != -1): null

2019-08-10 23:52:54 - [TEST_STEP][PASSED] - if (i == 3 &amp;&amp; wildList.indexOf(symbol) != -1): null

2019-08-10 23:52:54 - [TEST_STEP][PASSED] - if (i == 4 &amp;&amp; wildList.indexOf(symbol) != -1): null

2019-08-10 23:52:54 - [TEST_STEP][PASSED] - free_spin_reel_counter = free_spin_reel_counter: null

2019-08-10 23:52:54 - [TEST_STEP][PASSED] - println("reel 3 wild found: " + free_spin_reel_counter[0]): null

2019-08-10 23:52:54 - [TEST_STEP][PASSED] - println("reel 4 wild found: " + free_spin_reel_counter[1]): null

2019-08-10 23:52:54 - [TEST_STEP][PASSED] - println("reel 5 wild found: " + free_spin_reel_counter[2]): null

2019-08-10 23:52:54 - [TEST_STEP][PASSED] - M4_spin_reels = M4_spin_reels: null

2019-08-10 23:52:54 - [TEST_STEP][PASSED] - M4_spin_reels_symbols = symbol: null

2019-08-10 23:52:54 - [TEST_STEP][PASSED] - M4_spin_reels_symbols = M4_spin_reels_symbols: null

2019-08-10 23:52:54 - [TEST_STEP][PASSED] - M4_spin_reel_wins = reel_wins: null

2019-08-10 23:52:54 - [TEST_STEP][PASSED] - M4_spin_reel_wins = M4_spin_reel_wins: null

2019-08-10 23:52:54 - [TEST_STEP][PASSED] - println("GlobalVariable.M4_spin_reel_wins is: " + M4_spin_reel_wins): null

2019-08-10 23:52:54 - [TEST_STEP][PASSED] - M4_spin_total_bonus_win_this_round = total_bonus_win_this_round: null

2019-08-10 23:52:54 - [TEST_STEP][PASSED] - M4_spin_total_bonus_win_this_round = M4_spin_total_bonus_win_this_round: null

2019-08-10 23:52:54 - [TEST_STEP][PASSED] - println("GlobalVariable.M4_spin_total_bonus_win_this_round is: " + M4_spin_total_bonus_win_this_round): null

2019-08-10 23:52:54 - [MESSAGE][PASSED] - Verify response successfully

2019-08-10 23:52:54 - [MESSAGE][PASSED] - Send request and verify the response successfully

2019-08-10 23:52:54 - [TEST_STEP][PASSED] - if (M4_total_bonus_spins_int != 0 &amp;&amp; M4_spin_reels_symbols[2].contains("WILD_ExtraFG") || M4_spin_reels_symbols[3].contains("WILD_ExtraFG")): null

2019-08-10 23:52:54 - [TEST_STEP][PASSED] - free_spin_reel_counter = free_spin_reel_counter: null

2019-08-10 23:52:54 - [TEST_STEP][PASSED] - M4_spin_reels_symbols = M4_spin_reels_symbols: null

2019-08-10 23:52:54 - [TEST_STEP][PASSED] - M4_total_bonus_spins = M4_total_bonus_spins: null

2019-08-10 23:52:54 - [TEST_STEP][PASSED] - spin_result = sendRequestAndVerify(findTestObject("RGS(M4)/1_M4_spin", ["M4_login_user_id":M4_login_user_id, "rgs_session_token":rgs_session_token, "partner":Partner])): Send request and verify the response successfully

2019-08-10 23:52:55 - [TEST_CASE][PASSED] - Start Test Case : Verification: Verification accomplished successfully

2019-08-10 23:52:55 - [TEST_STEP][PASSED] - request = getInstance().getCurrentRequest(): null

2019-08-10 23:52:55 - [TEST_STEP][PASSED] - response = getInstance().getCurrentResponse(): null

2019-08-10 23:52:55 - [TEST_STEP][PASSED] - verifyResponseStatusCode(response, 200): Verify response status code successfully

2019-08-10 23:52:55 - [MESSAGE][PASSED] - Verify response status code successfully

2019-08-10 23:52:55 - [TEST_STEP][PASSED] - getStatusCode()).isEqualTo(200): null

2019-08-10 23:52:55 - [TEST_STEP][PASSED] - newline = System.getProperty("line.separator"): null

2019-08-10 23:52:55 - [TEST_STEP][PASSED] - M4_spin = new groovy.json.JsonSlurper(): null

2019-08-10 23:52:55 - [TEST_STEP][PASSED] - result_M4_spin = M4_spin.parseText(response.getResponseBodyContent()): null

2019-08-10 23:52:55 - [TEST_STEP][PASSED] - M4_spin_current_balance = current_balance: null

2019-08-10 23:52:55 - [TEST_STEP][PASSED] - M4_spin_current_balance = M4_spin_current_balance: null

2019-08-10 23:52:55 - [TEST_STEP][PASSED] - M4_spin_transaction_id = causality: null

2019-08-10 23:52:55 - [TEST_STEP][PASSED] - M4_spin_transaction_id = M4_spin_transaction_id: null

2019-08-10 23:52:55 - [TEST_STEP][PASSED] - M4_spin_round_id = round_id: null

2019-08-10 23:52:55 - [TEST_STEP][PASSED] - M4_spin_round_id = M4_spin_round_id: null

2019-08-10 23:52:55 - [TEST_STEP][PASSED] - M4_spin_line_wins = line_wins: null

2019-08-10 23:52:55 - [TEST_STEP][PASSED] - M4_spin_line_wins = M4_spin_line_wins: null

2019-08-10 23:52:55 - [TEST_STEP][PASSED] - M4_total_bonus_spins_int = total_bonus_spins: null

2019-08-10 23:52:55 - [TEST_STEP][PASSED] - println("******M4_total_bonus_spins type is:*******" + newline + getClass().getName()): null

2019-08-10 23:52:55 - [TEST_STEP][PASSED] - M4_total_bonus_spins_int = M4_total_bonus_spins_int: null

2019-08-10 23:52:55 - [TEST_STEP][PASSED] - M4_total_bonus_spins = Integer.toString(M4_total_bonus_spins_int): null

2019-08-10 23:52:55 - [TEST_STEP][PASSED] - M4_total_bonus_spins = M4_total_bonus_spins: null

2019-08-10 23:52:55 - [TEST_STEP][PASSED] - println("M4_total_bonus_spins is:" + M4_total_bonus_spins): null

2019-08-10 23:52:55 - [TEST_STEP][PASSED] - M4_spin_bonus_data = bonus_data: null

2019-08-10 23:52:55 - [TEST_STEP][PASSED] - M4_spin_features_triggered = result_M4_spin: null

2019-08-10 23:52:55 - [TEST_STEP][PASSED] - wild = []: null

2019-08-10 23:52:55 - [TEST_STEP][PASSED] - wild[0] = "WILD_Expanding": null

2019-08-10 23:52:55 - [TEST_STEP][PASSED] - wild[1] = "WILD_Normal": null

2019-08-10 23:52:55 - [TEST_STEP][PASSED] - wild[2] = "WILD_Double": null

2019-08-10 23:52:55 - [TEST_STEP][PASSED] - wild[3] = "WILD_ExtraFG": null

2019-08-10 23:52:55 - [TEST_STEP][PASSED] - wild[4] = "WILD_Triple": null

2019-08-10 23:52:55 - [TEST_STEP][PASSED] - wildList = Arrays.asList(wild): null

2019-08-10 23:52:55 - [TEST_STEP][PASSED] - wildList = wildList: null

2019-08-10 23:52:55 - [TEST_STEP][PASSED] - free_spin_reel_counter = []: null

2019-08-10 23:52:55 - [TEST_STEP][PASSED] - free_spin_reel_counter[0] = 0: null

2019-08-10 23:52:55 - [TEST_STEP][PASSED] - free_spin_reel_counter[1] = 0: null

2019-08-10 23:52:55 - [TEST_STEP][PASSED] - free_spin_reel_counter[2] = 0: null

2019-08-10 23:52:55 - [TEST_STEP][PASSED] - M4_spin_reels = reels: null

2019-08-10 23:52:55 - [TEST_STEP][PASSED] - for ([i = 0, i &lt; M4_spin_reels.size(), (i++)]): null

2019-08-10 23:52:55 - [TEST_STEP][PASSED] - symbols = symbols: null

2019-08-10 23:52:55 - [TEST_STEP][PASSED] - for ([j = 0, j &lt; symbols.size(), (j++)]): null

2019-08-10 23:52:55 - [TEST_STEP][PASSED] - symbol = symbol: null

2019-08-10 23:52:55 - [TEST_STEP][PASSED] - println(symbol): null

2019-08-10 23:52:55 - [TEST_STEP][PASSED] - if (i == 2 &amp;&amp; wildList.indexOf(symbol) != -1): null

2019-08-10 23:52:55 - [TEST_STEP][PASSED] - if (i == 3 &amp;&amp; wildList.indexOf(symbol) != -1): null

2019-08-10 23:52:55 - [TEST_STEP][PASSED] - if (i == 4 &amp;&amp; wildList.indexOf(symbol) != -1): null

2019-08-10 23:52:55 - [TEST_STEP][PASSED] - symbol = symbol: null

2019-08-10 23:52:55 - [TEST_STEP][PASSED] - println(symbol): null

2019-08-10 23:52:55 - [TEST_STEP][PASSED] - if (i == 2 &amp;&amp; wildList.indexOf(symbol) != -1): null

2019-08-10 23:52:55 - [TEST_STEP][PASSED] - if (i == 3 &amp;&amp; wildList.indexOf(symbol) != -1): null

2019-08-10 23:52:55 - [TEST_STEP][PASSED] - if (i == 4 &amp;&amp; wildList.indexOf(symbol) != -1): null

2019-08-10 23:52:55 - [TEST_STEP][PASSED] - symbol = symbol: null

2019-08-10 23:52:55 - [TEST_STEP][PASSED] - println(symbol): null

2019-08-10 23:52:55 - [TEST_STEP][PASSED] - if (i == 2 &amp;&amp; wildList.indexOf(symbol) != -1): null

2019-08-10 23:52:55 - [TEST_STEP][PASSED] - if (i == 3 &amp;&amp; wildList.indexOf(symbol) != -1): null

2019-08-10 23:52:55 - [TEST_STEP][PASSED] - if (i == 4 &amp;&amp; wildList.indexOf(symbol) != -1): null

2019-08-10 23:52:55 - [TEST_STEP][PASSED] - symbols = symbols: null

2019-08-10 23:52:55 - [TEST_STEP][PASSED] - for ([j = 0, j &lt; symbols.size(), (j++)]): null

2019-08-10 23:52:55 - [TEST_STEP][PASSED] - symbol = symbol: null

2019-08-10 23:52:55 - [TEST_STEP][PASSED] - println(symbol): null

2019-08-10 23:52:55 - [TEST_STEP][PASSED] - if (i == 2 &amp;&amp; wildList.indexOf(symbol) != -1): null

2019-08-10 23:52:55 - [TEST_STEP][PASSED] - if (i == 3 &amp;&amp; wildList.indexOf(symbol) != -1): null

2019-08-10 23:52:55 - [TEST_STEP][PASSED] - if (i == 4 &amp;&amp; wildList.indexOf(symbol) != -1): null

2019-08-10 23:52:55 - [TEST_STEP][PASSED] - symbol = symbol: null

2019-08-10 23:52:55 - [TEST_STEP][PASSED] - println(symbol): null

2019-08-10 23:52:55 - [TEST_STEP][PASSED] - if (i == 2 &amp;&amp; wildList.indexOf(symbol) != -1): null

2019-08-10 23:52:55 - [TEST_STEP][PASSED] - if (i == 3 &amp;&amp; wildList.indexOf(symbol) != -1): null

2019-08-10 23:52:55 - [TEST_STEP][PASSED] - if (i == 4 &amp;&amp; wildList.indexOf(symbol) != -1): null

2019-08-10 23:52:55 - [TEST_STEP][PASSED] - symbol = symbol: null

2019-08-10 23:52:55 - [TEST_STEP][PASSED] - println(symbol): null

2019-08-10 23:52:55 - [TEST_STEP][PASSED] - if (i == 2 &amp;&amp; wildList.indexOf(symbol) != -1): null

2019-08-10 23:52:55 - [TEST_STEP][PASSED] - if (i == 3 &amp;&amp; wildList.indexOf(symbol) != -1): null

2019-08-10 23:52:55 - [TEST_STEP][PASSED] - if (i == 4 &amp;&amp; wildList.indexOf(symbol) != -1): null

2019-08-10 23:52:55 - [TEST_STEP][PASSED] - symbols = symbols: null

2019-08-10 23:52:55 - [TEST_STEP][PASSED] - for ([j = 0, j &lt; symbols.size(), (j++)]): null

2019-08-10 23:52:55 - [TEST_STEP][PASSED] - symbol = symbol: null

2019-08-10 23:52:55 - [TEST_STEP][PASSED] - println(symbol): null

2019-08-10 23:52:55 - [TEST_STEP][PASSED] - if (i == 2 &amp;&amp; wildList.indexOf(symbol) != -1): null

2019-08-10 23:52:55 - [TEST_STEP][PASSED] - if (i == 3 &amp;&amp; wildList.indexOf(symbol) != -1): null

2019-08-10 23:52:55 - [TEST_STEP][PASSED] - if (i == 4 &amp;&amp; wildList.indexOf(symbol) != -1): null

2019-08-10 23:52:55 - [TEST_STEP][PASSED] - symbol = symbol: null

2019-08-10 23:52:55 - [TEST_STEP][PASSED] - println(symbol): null

2019-08-10 23:52:55 - [TEST_STEP][PASSED] - if (i == 2 &amp;&amp; wildList.indexOf(symbol) != -1): null

2019-08-10 23:52:55 - [TEST_STEP][PASSED] - if (i == 3 &amp;&amp; wildList.indexOf(symbol) != -1): null

2019-08-10 23:52:55 - [TEST_STEP][PASSED] - if (i == 4 &amp;&amp; wildList.indexOf(symbol) != -1): null

2019-08-10 23:52:55 - [TEST_STEP][PASSED] - symbol = symbol: null

2019-08-10 23:52:55 - [TEST_STEP][PASSED] - println(symbol): null

2019-08-10 23:52:55 - [TEST_STEP][PASSED] - if (i == 2 &amp;&amp; wildList.indexOf(symbol) != -1): null

2019-08-10 23:52:55 - [TEST_STEP][PASSED] - if (i == 3 &amp;&amp; wildList.indexOf(symbol) != -1): null

2019-08-10 23:52:55 - [TEST_STEP][PASSED] - if (i == 4 &amp;&amp; wildList.indexOf(symbol) != -1): null

2019-08-10 23:52:55 - [TEST_STEP][PASSED] - symbols = symbols: null

2019-08-10 23:52:55 - [TEST_STEP][PASSED] - for ([j = 0, j &lt; symbols.size(), (j++)]): null

2019-08-10 23:52:55 - [TEST_STEP][PASSED] - symbol = symbol: null

2019-08-10 23:52:55 - [TEST_STEP][PASSED] - println(symbol): null

2019-08-10 23:52:55 - [TEST_STEP][PASSED] - if (i == 2 &amp;&amp; wildList.indexOf(symbol) != -1): null

2019-08-10 23:52:55 - [TEST_STEP][PASSED] - if (i == 3 &amp;&amp; wildList.indexOf(symbol) != -1): null

2019-08-10 23:52:55 - [TEST_STEP][PASSED] - if (i == 4 &amp;&amp; wildList.indexOf(symbol) != -1): null

2019-08-10 23:52:55 - [TEST_STEP][PASSED] - symbol = symbol: null

2019-08-10 23:52:55 - [TEST_STEP][PASSED] - println(symbol): null

2019-08-10 23:52:55 - [TEST_STEP][PASSED] - if (i == 2 &amp;&amp; wildList.indexOf(symbol) != -1): null

2019-08-10 23:52:55 - [TEST_STEP][PASSED] - if (i == 3 &amp;&amp; wildList.indexOf(symbol) != -1): null

2019-08-10 23:52:55 - [TEST_STEP][PASSED] - if (i == 4 &amp;&amp; wildList.indexOf(symbol) != -1): null

2019-08-10 23:52:55 - [TEST_STEP][PASSED] - symbol = symbol: null

2019-08-10 23:52:55 - [TEST_STEP][PASSED] - println(symbol): null

2019-08-10 23:52:55 - [TEST_STEP][PASSED] - if (i == 2 &amp;&amp; wildList.indexOf(symbol) != -1): null

2019-08-10 23:52:55 - [TEST_STEP][PASSED] - if (i == 3 &amp;&amp; wildList.indexOf(symbol) != -1): null

2019-08-10 23:52:55 - [TEST_STEP][PASSED] - if (i == 4 &amp;&amp; wildList.indexOf(symbol) != -1): null

2019-08-10 23:52:55 - [TEST_STEP][PASSED] - symbols = symbols: null

2019-08-10 23:52:55 - [TEST_STEP][PASSED] - for ([j = 0, j &lt; symbols.size(), (j++)]): null

2019-08-10 23:52:55 - [TEST_STEP][PASSED] - symbol = symbol: null

2019-08-10 23:52:55 - [TEST_STEP][PASSED] - println(symbol): null

2019-08-10 23:52:55 - [TEST_STEP][PASSED] - if (i == 2 &amp;&amp; wildList.indexOf(symbol) != -1): null

2019-08-10 23:52:55 - [TEST_STEP][PASSED] - if (i == 3 &amp;&amp; wildList.indexOf(symbol) != -1): null

2019-08-10 23:52:55 - [TEST_STEP][PASSED] - if (i == 4 &amp;&amp; wildList.indexOf(symbol) != -1): null

2019-08-10 23:52:55 - [TEST_STEP][PASSED] - symbol = symbol: null

2019-08-10 23:52:55 - [TEST_STEP][PASSED] - println(symbol): null

2019-08-10 23:52:55 - [TEST_STEP][PASSED] - if (i == 2 &amp;&amp; wildList.indexOf(symbol) != -1): null

2019-08-10 23:52:55 - [TEST_STEP][PASSED] - if (i == 3 &amp;&amp; wildList.indexOf(symbol) != -1): null

2019-08-10 23:52:55 - [TEST_STEP][PASSED] - if (i == 4 &amp;&amp; wildList.indexOf(symbol) != -1): null

2019-08-10 23:52:55 - [TEST_STEP][PASSED] - symbol = symbol: null

2019-08-10 23:52:55 - [TEST_STEP][PASSED] - println(symbol): null

2019-08-10 23:52:55 - [TEST_STEP][PASSED] - if (i == 2 &amp;&amp; wildList.indexOf(symbol) != -1): null

2019-08-10 23:52:55 - [TEST_STEP][PASSED] - if (i == 3 &amp;&amp; wildList.indexOf(symbol) != -1): null

2019-08-10 23:52:55 - [TEST_STEP][PASSED] - if (i == 4 &amp;&amp; wildList.indexOf(symbol) != -1): null

2019-08-10 23:52:55 - [TEST_STEP][PASSED] - free_spin_reel_counter = free_spin_reel_counter: null

2019-08-10 23:52:55 - [TEST_STEP][PASSED] - println("reel 3 wild found: " + free_spin_reel_counter[0]): null

2019-08-10 23:52:55 - [TEST_STEP][PASSED] - println("reel 4 wild found: " + free_spin_reel_counter[1]): null

2019-08-10 23:52:55 - [TEST_STEP][PASSED] - println("reel 5 wild found: " + free_spin_reel_counter[2]): null

2019-08-10 23:52:55 - [TEST_STEP][PASSED] - M4_spin_reels = M4_spin_reels: null

2019-08-10 23:52:55 - [TEST_STEP][PASSED] - M4_spin_reels_symbols = symbol: null

2019-08-10 23:52:55 - [TEST_STEP][PASSED] - M4_spin_reels_symbols = M4_spin_reels_symbols: null

2019-08-10 23:52:55 - [TEST_STEP][PASSED] - M4_spin_reel_wins = reel_wins: null

2019-08-10 23:52:55 - [TEST_STEP][PASSED] - M4_spin_reel_wins = M4_spin_reel_wins: null

2019-08-10 23:52:55 - [TEST_STEP][PASSED] - println("GlobalVariable.M4_spin_reel_wins is: " + M4_spin_reel_wins): null

2019-08-10 23:52:55 - [TEST_STEP][PASSED] - M4_spin_total_bonus_win_this_round = total_bonus_win_this_round: null

2019-08-10 23:52:55 - [TEST_STEP][PASSED] - M4_spin_total_bonus_win_this_round = M4_spin_total_bonus_win_this_round: null

2019-08-10 23:52:55 - [TEST_STEP][PASSED] - println("GlobalVariable.M4_spin_total_bonus_win_this_round is: " + M4_spin_total_bonus_win_this_round): null

2019-08-10 23:52:55 - [MESSAGE][PASSED] - Verify response successfully

2019-08-10 23:52:55 - [MESSAGE][PASSED] - Send request and verify the response successfully

2019-08-10 23:52:55 - [TEST_STEP][PASSED] - if (M4_total_bonus_spins_int != 0 &amp;&amp; M4_spin_reels_symbols[2].contains("WILD_ExtraFG") || M4_spin_reels_symbols[3].contains("WILD_ExtraFG")): null

2019-08-10 23:52:55 - [TEST_STEP][PASSED] - free_spin_reel_counter = free_spin_reel_counter: null

2019-08-10 23:52:55 - [TEST_STEP][PASSED] - M4_spin_reels_symbols = M4_spin_reels_symbols: null

2019-08-10 23:52:55 - [TEST_STEP][PASSED] - M4_total_bonus_spins = M4_total_bonus_spins: null

2019-08-10 23:52:55 - [TEST_STEP][PASSED] - spin_result = sendRequestAndVerify(findTestObject("RGS(M4)/1_M4_spin", ["M4_login_user_id":M4_login_user_id, "rgs_session_token":rgs_session_token, "partner":Partner])): Send request and verify the response successfully

2019-08-10 23:52:55 - [TEST_CASE][PASSED] - Start Test Case : Verification: Verification accomplished successfully

2019-08-10 23:52:55 - [TEST_STEP][PASSED] - request = getInstance().getCurrentRequest(): null

2019-08-10 23:52:55 - [TEST_STEP][PASSED] - response = getInstance().getCurrentResponse(): null

2019-08-10 23:52:55 - [TEST_STEP][PASSED] - verifyResponseStatusCode(response, 200): Verify response status code successfully

2019-08-10 23:52:55 - [MESSAGE][PASSED] - Verify response status code successfully

2019-08-10 23:52:55 - [TEST_STEP][PASSED] - getStatusCode()).isEqualTo(200): null

2019-08-10 23:52:55 - [TEST_STEP][PASSED] - newline = System.getProperty("line.separator"): null

2019-08-10 23:52:55 - [TEST_STEP][PASSED] - M4_spin = new groovy.json.JsonSlurper(): null

2019-08-10 23:52:55 - [TEST_STEP][PASSED] - result_M4_spin = M4_spin.parseText(response.getResponseBodyContent()): null

2019-08-10 23:52:55 - [TEST_STEP][PASSED] - M4_spin_current_balance = current_balance: null

2019-08-10 23:52:55 - [TEST_STEP][PASSED] - M4_spin_current_balance = M4_spin_current_balance: null

2019-08-10 23:52:55 - [TEST_STEP][PASSED] - M4_spin_transaction_id = causality: null

2019-08-10 23:52:55 - [TEST_STEP][PASSED] - M4_spin_transaction_id = M4_spin_transaction_id: null

2019-08-10 23:52:55 - [TEST_STEP][PASSED] - M4_spin_round_id = round_id: null

2019-08-10 23:52:55 - [TEST_STEP][PASSED] - M4_spin_round_id = M4_spin_round_id: null

2019-08-10 23:52:55 - [TEST_STEP][PASSED] - M4_spin_line_wins = line_wins: null

2019-08-10 23:52:55 - [TEST_STEP][PASSED] - M4_spin_line_wins = M4_spin_line_wins: null

2019-08-10 23:52:55 - [TEST_STEP][PASSED] - M4_total_bonus_spins_int = total_bonus_spins: null

2019-08-10 23:52:55 - [TEST_STEP][PASSED] - println("******M4_total_bonus_spins type is:*******" + newline + getClass().getName()): null

2019-08-10 23:52:55 - [TEST_STEP][PASSED] - M4_total_bonus_spins_int = M4_total_bonus_spins_int: null

2019-08-10 23:52:55 - [TEST_STEP][PASSED] - M4_total_bonus_spins = Integer.toString(M4_total_bonus_spins_int): null

2019-08-10 23:52:55 - [TEST_STEP][PASSED] - M4_total_bonus_spins = M4_total_bonus_spins: null

2019-08-10 23:52:55 - [TEST_STEP][PASSED] - println("M4_total_bonus_spins is:" + M4_total_bonus_spins): null

2019-08-10 23:52:55 - [TEST_STEP][PASSED] - M4_spin_bonus_data = bonus_data: null

2019-08-10 23:52:55 - [TEST_STEP][PASSED] - M4_spin_features_triggered = result_M4_spin: null

2019-08-10 23:52:55 - [TEST_STEP][PASSED] - wild = []: null

2019-08-10 23:52:55 - [TEST_STEP][PASSED] - wild[0] = "WILD_Expanding": null

2019-08-10 23:52:55 - [TEST_STEP][PASSED] - wild[1] = "WILD_Normal": null

2019-08-10 23:52:55 - [TEST_STEP][PASSED] - wild[2] = "WILD_Double": null

2019-08-10 23:52:55 - [TEST_STEP][PASSED] - wild[3] = "WILD_ExtraFG": null

2019-08-10 23:52:55 - [TEST_STEP][PASSED] - wild[4] = "WILD_Triple": null

2019-08-10 23:52:55 - [TEST_STEP][PASSED] - wildList = Arrays.asList(wild): null

2019-08-10 23:52:55 - [TEST_STEP][PASSED] - wildList = wildList: null

2019-08-10 23:52:55 - [TEST_STEP][PASSED] - free_spin_reel_counter = []: null

2019-08-10 23:52:55 - [TEST_STEP][PASSED] - free_spin_reel_counter[0] = 0: null

2019-08-10 23:52:55 - [TEST_STEP][PASSED] - free_spin_reel_counter[1] = 0: null

2019-08-10 23:52:55 - [TEST_STEP][PASSED] - free_spin_reel_counter[2] = 0: null

2019-08-10 23:52:55 - [TEST_STEP][PASSED] - M4_spin_reels = reels: null

2019-08-10 23:52:55 - [TEST_STEP][PASSED] - for ([i = 0, i &lt; M4_spin_reels.size(), (i++)]): null

2019-08-10 23:52:55 - [TEST_STEP][PASSED] - symbols = symbols: null

2019-08-10 23:52:55 - [TEST_STEP][PASSED] - for ([j = 0, j &lt; symbols.size(), (j++)]): null

2019-08-10 23:52:55 - [TEST_STEP][PASSED] - symbol = symbol: null

2019-08-10 23:52:55 - [TEST_STEP][PASSED] - println(symbol): null

2019-08-10 23:52:55 - [TEST_STEP][PASSED] - if (i == 2 &amp;&amp; wildList.indexOf(symbol) != -1): null

2019-08-10 23:52:55 - [TEST_STEP][PASSED] - if (i == 3 &amp;&amp; wildList.indexOf(symbol) != -1): null

2019-08-10 23:52:55 - [TEST_STEP][PASSED] - if (i == 4 &amp;&amp; wildList.indexOf(symbol) != -1): null

2019-08-10 23:52:55 - [TEST_STEP][PASSED] - symbol = symbol: null

2019-08-10 23:52:55 - [TEST_STEP][PASSED] - println(symbol): null

2019-08-10 23:52:55 - [TEST_STEP][PASSED] - if (i == 2 &amp;&amp; wildList.indexOf(symbol) != -1): null

2019-08-10 23:52:55 - [TEST_STEP][PASSED] - if (i == 3 &amp;&amp; wildList.indexOf(symbol) != -1): null

2019-08-10 23:52:55 - [TEST_STEP][PASSED] - if (i == 4 &amp;&amp; wildList.indexOf(symbol) != -1): null

2019-08-10 23:52:55 - [TEST_STEP][PASSED] - symbol = symbol: null

2019-08-10 23:52:55 - [TEST_STEP][PASSED] - println(symbol): null

2019-08-10 23:52:55 - [TEST_STEP][PASSED] - if (i == 2 &amp;&amp; wildList.indexOf(symbol) != -1): null

2019-08-10 23:52:55 - [TEST_STEP][PASSED] - if (i == 3 &amp;&amp; wildList.indexOf(symbol) != -1): null

2019-08-10 23:52:55 - [TEST_STEP][PASSED] - if (i == 4 &amp;&amp; wildList.indexOf(symbol) != -1): null

2019-08-10 23:52:55 - [TEST_STEP][PASSED] - symbols = symbols: null

2019-08-10 23:52:55 - [TEST_STEP][PASSED] - for ([j = 0, j &lt; symbols.size(), (j++)]): null

2019-08-10 23:52:55 - [TEST_STEP][PASSED] - symbol = symbol: null

2019-08-10 23:52:55 - [TEST_STEP][PASSED] - println(symbol): null

2019-08-10 23:52:55 - [TEST_STEP][PASSED] - if (i == 2 &amp;&amp; wildList.indexOf(symbol) != -1): null

2019-08-10 23:52:55 - [TEST_STEP][PASSED] - if (i == 3 &amp;&amp; wildList.indexOf(symbol) != -1): null

2019-08-10 23:52:55 - [TEST_STEP][PASSED] - if (i == 4 &amp;&amp; wildList.indexOf(symbol) != -1): null

2019-08-10 23:52:55 - [TEST_STEP][PASSED] - symbol = symbol: null

2019-08-10 23:52:55 - [TEST_STEP][PASSED] - println(symbol): null

2019-08-10 23:52:55 - [TEST_STEP][PASSED] - if (i == 2 &amp;&amp; wildList.indexOf(symbol) != -1): null

2019-08-10 23:52:55 - [TEST_STEP][PASSED] - if (i == 3 &amp;&amp; wildList.indexOf(symbol) != -1): null

2019-08-10 23:52:55 - [TEST_STEP][PASSED] - if (i == 4 &amp;&amp; wildList.indexOf(symbol) != -1): null

2019-08-10 23:52:55 - [TEST_STEP][PASSED] - symbol = symbol: null

2019-08-10 23:52:55 - [TEST_STEP][PASSED] - println(symbol): null

2019-08-10 23:52:55 - [TEST_STEP][PASSED] - if (i == 2 &amp;&amp; wildList.indexOf(symbol) != -1): null

2019-08-10 23:52:55 - [TEST_STEP][PASSED] - if (i == 3 &amp;&amp; wildList.indexOf(symbol) != -1): null

2019-08-10 23:52:55 - [TEST_STEP][PASSED] - if (i == 4 &amp;&amp; wildList.indexOf(symbol) != -1): null

2019-08-10 23:52:55 - [TEST_STEP][PASSED] - symbols = symbols: null

2019-08-10 23:52:55 - [TEST_STEP][PASSED] - for ([j = 0, j &lt; symbols.size(), (j++)]): null

2019-08-10 23:52:55 - [TEST_STEP][PASSED] - symbol = symbol: null

2019-08-10 23:52:55 - [TEST_STEP][PASSED] - println(symbol): null

2019-08-10 23:52:55 - [TEST_STEP][PASSED] - if (i == 2 &amp;&amp; wildList.indexOf(symbol) != -1): null

2019-08-10 23:52:55 - [TEST_STEP][PASSED] - if (i == 3 &amp;&amp; wildList.indexOf(symbol) != -1): null

2019-08-10 23:52:55 - [TEST_STEP][PASSED] - if (i == 4 &amp;&amp; wildList.indexOf(symbol) != -1): null

2019-08-10 23:52:55 - [TEST_STEP][PASSED] - symbol = symbol: null

2019-08-10 23:52:55 - [TEST_STEP][PASSED] - println(symbol): null

2019-08-10 23:52:55 - [TEST_STEP][PASSED] - if (i == 2 &amp;&amp; wildList.indexOf(symbol) != -1): null

2019-08-10 23:52:55 - [TEST_STEP][PASSED] - if (i == 3 &amp;&amp; wildList.indexOf(symbol) != -1): null

2019-08-10 23:52:55 - [TEST_STEP][PASSED] - if (i == 4 &amp;&amp; wildList.indexOf(symbol) != -1): null

2019-08-10 23:52:55 - [TEST_STEP][PASSED] - symbol = symbol: null

2019-08-10 23:52:55 - [TEST_STEP][PASSED] - println(symbol): null

2019-08-10 23:52:55 - [TEST_STEP][PASSED] - if (i == 2 &amp;&amp; wildList.indexOf(symbol) != -1): null

2019-08-10 23:52:55 - [TEST_STEP][PASSED] - if (i == 3 &amp;&amp; wildList.indexOf(symbol) != -1): null

2019-08-10 23:52:55 - [TEST_STEP][PASSED] - if (i == 4 &amp;&amp; wildList.indexOf(symbol) != -1): null

2019-08-10 23:52:55 - [TEST_STEP][PASSED] - symbols = symbols: null

2019-08-10 23:52:55 - [TEST_STEP][PASSED] - for ([j = 0, j &lt; symbols.size(), (j++)]): null

2019-08-10 23:52:55 - [TEST_STEP][PASSED] - symbol = symbol: null

2019-08-10 23:52:55 - [TEST_STEP][PASSED] - println(symbol): null

2019-08-10 23:52:55 - [TEST_STEP][PASSED] - if (i == 2 &amp;&amp; wildList.indexOf(symbol) != -1): null

2019-08-10 23:52:55 - [TEST_STEP][PASSED] - if (i == 3 &amp;&amp; wildList.indexOf(symbol) != -1): null

2019-08-10 23:52:55 - [TEST_STEP][PASSED] - if (i == 4 &amp;&amp; wildList.indexOf(symbol) != -1): null

2019-08-10 23:52:55 - [TEST_STEP][PASSED] - symbol = symbol: null

2019-08-10 23:52:55 - [TEST_STEP][PASSED] - println(symbol): null

2019-08-10 23:52:55 - [TEST_STEP][PASSED] - if (i == 2 &amp;&amp; wildList.indexOf(symbol) != -1): null

2019-08-10 23:52:55 - [TEST_STEP][PASSED] - if (i == 3 &amp;&amp; wildList.indexOf(symbol) != -1): null

2019-08-10 23:52:55 - [TEST_STEP][PASSED] - if (i == 4 &amp;&amp; wildList.indexOf(symbol) != -1): null

2019-08-10 23:52:55 - [TEST_STEP][PASSED] - symbol = symbol: null

2019-08-10 23:52:55 - [TEST_STEP][PASSED] - println(symbol): null

2019-08-10 23:52:55 - [TEST_STEP][PASSED] - if (i == 2 &amp;&amp; wildList.indexOf(symbol) != -1): null

2019-08-10 23:52:55 - [TEST_STEP][PASSED] - if (i == 3 &amp;&amp; wildList.indexOf(symbol) != -1): null

2019-08-10 23:52:55 - [TEST_STEP][PASSED] - println("wild found on reel 4, adding counter by 1"): null

2019-08-10 23:52:55 - [TEST_STEP][PASSED] - free_spin_reel_counter[1] = free_spin_reel_counter[1] + 1: null

2019-08-10 23:52:55 - [TEST_STEP][PASSED] - if (i == 4 &amp;&amp; wildList.indexOf(symbol) != -1): null

2019-08-10 23:52:55 - [TEST_STEP][PASSED] - symbols = symbols: null

2019-08-10 23:52:55 - [TEST_STEP][PASSED] - for ([j = 0, j &lt; symbols.size(), (j++)]): null

2019-08-10 23:52:55 - [TEST_STEP][PASSED] - symbol = symbol: null

2019-08-10 23:52:55 - [TEST_STEP][PASSED] - println(symbol): null

2019-08-10 23:52:55 - [TEST_STEP][PASSED] - if (i == 2 &amp;&amp; wildList.indexOf(symbol) != -1): null

2019-08-10 23:52:55 - [TEST_STEP][PASSED] - if (i == 3 &amp;&amp; wildList.indexOf(symbol) != -1): null

2019-08-10 23:52:55 - [TEST_STEP][PASSED] - if (i == 4 &amp;&amp; wildList.indexOf(symbol) != -1): null

2019-08-10 23:52:55 - [TEST_STEP][PASSED] - symbol = symbol: null

2019-08-10 23:52:55 - [TEST_STEP][PASSED] - println(symbol): null

2019-08-10 23:52:55 - [TEST_STEP][PASSED] - if (i == 2 &amp;&amp; wildList.indexOf(symbol) != -1): null

2019-08-10 23:52:55 - [TEST_STEP][PASSED] - if (i == 3 &amp;&amp; wildList.indexOf(symbol) != -1): null

2019-08-10 23:52:55 - [TEST_STEP][PASSED] - if (i == 4 &amp;&amp; wildList.indexOf(symbol) != -1): null

2019-08-10 23:52:55 - [TEST_STEP][PASSED] - symbol = symbol: null

2019-08-10 23:52:55 - [TEST_STEP][PASSED] - println(symbol): null

2019-08-10 23:52:55 - [TEST_STEP][PASSED] - if (i == 2 &amp;&amp; wildList.indexOf(symbol) != -1): null

2019-08-10 23:52:55 - [TEST_STEP][PASSED] - if (i == 3 &amp;&amp; wildList.indexOf(symbol) != -1): null

2019-08-10 23:52:55 - [TEST_STEP][PASSED] - if (i == 4 &amp;&amp; wildList.indexOf(symbol) != -1): null

2019-08-10 23:52:55 - [TEST_STEP][PASSED] - free_spin_reel_counter = free_spin_reel_counter: null

2019-08-10 23:52:55 - [TEST_STEP][PASSED] - println("reel 3 wild found: " + free_spin_reel_counter[0]): null

2019-08-10 23:52:55 - [TEST_STEP][PASSED] - println("reel 4 wild found: " + free_spin_reel_counter[1]): null

2019-08-10 23:52:55 - [TEST_STEP][PASSED] - println("reel 5 wild found: " + free_spin_reel_counter[2]): null

2019-08-10 23:52:55 - [TEST_STEP][PASSED] - M4_spin_reels = M4_spin_reels: null

2019-08-10 23:52:55 - [TEST_STEP][PASSED] - M4_spin_reels_symbols = symbol: null

2019-08-10 23:52:55 - [TEST_STEP][PASSED] - M4_spin_reels_symbols = M4_spin_reels_symbols: null

2019-08-10 23:52:55 - [TEST_STEP][PASSED] - M4_spin_reel_wins = reel_wins: null

2019-08-10 23:52:55 - [TEST_STEP][PASSED] - M4_spin_reel_wins = M4_spin_reel_wins: null

2019-08-10 23:52:55 - [TEST_STEP][PASSED] - println("GlobalVariable.M4_spin_reel_wins is: " + M4_spin_reel_wins): null

2019-08-10 23:52:55 - [TEST_STEP][PASSED] - M4_spin_total_bonus_win_this_round = total_bonus_win_this_round: null

2019-08-10 23:52:55 - [TEST_STEP][PASSED] - M4_spin_total_bonus_win_this_round = M4_spin_total_bonus_win_this_round: null

2019-08-10 23:52:55 - [TEST_STEP][PASSED] - println("GlobalVariable.M4_spin_total_bonus_win_this_round is: " + M4_spin_total_bonus_win_this_round): null

2019-08-10 23:52:55 - [MESSAGE][PASSED] - Verify response successfully

2019-08-10 23:52:55 - [MESSAGE][PASSED] - Send request and verify the response successfully

2019-08-10 23:52:55 - [TEST_STEP][PASSED] - if (M4_total_bonus_spins_int != 0 &amp;&amp; M4_spin_reels_symbols[2].contains("WILD_ExtraFG") || M4_spin_reels_symbols[3].contains("WILD_ExtraFG")): null

2019-08-10 23:52:55 - [TEST_STEP][PASSED] - free_spin_reel_counter = free_spin_reel_counter: null

2019-08-10 23:52:55 - [TEST_STEP][PASSED] - M4_spin_reels_symbols = M4_spin_reels_symbols: null

2019-08-10 23:52:55 - [TEST_STEP][PASSED] - M4_total_bonus_spins = M4_total_bonus_spins: null

2019-08-10 23:52:55 - [TEST_STEP][PASSED] - spin_result = sendRequestAndVerify(findTestObject("RGS(M4)/1_M4_spin", ["M4_login_user_id":M4_login_user_id, "rgs_session_token":rgs_session_token, "partner":Partner])): Send request and verify the response successfully

2019-08-10 23:52:56 - [TEST_CASE][PASSED] - Start Test Case : Verification: Verification accomplished successfully

2019-08-10 23:52:56 - [TEST_STEP][PASSED] - request = getInstance().getCurrentRequest(): null

2019-08-10 23:52:56 - [TEST_STEP][PASSED] - response = getInstance().getCurrentResponse(): null

2019-08-10 23:52:56 - [TEST_STEP][PASSED] - verifyResponseStatusCode(response, 200): Verify response status code successfully

2019-08-10 23:52:56 - [MESSAGE][PASSED] - Verify response status code successfully

2019-08-10 23:52:56 - [TEST_STEP][PASSED] - getStatusCode()).isEqualTo(200): null

2019-08-10 23:52:56 - [TEST_STEP][PASSED] - newline = System.getProperty("line.separator"): null

2019-08-10 23:52:56 - [TEST_STEP][PASSED] - M4_spin = new groovy.json.JsonSlurper(): null

2019-08-10 23:52:56 - [TEST_STEP][PASSED] - result_M4_spin = M4_spin.parseText(response.getResponseBodyContent()): null

2019-08-10 23:52:56 - [TEST_STEP][PASSED] - M4_spin_current_balance = current_balance: null

2019-08-10 23:52:56 - [TEST_STEP][PASSED] - M4_spin_current_balance = M4_spin_current_balance: null

2019-08-10 23:52:56 - [TEST_STEP][PASSED] - M4_spin_transaction_id = causality: null

2019-08-10 23:52:56 - [TEST_STEP][PASSED] - M4_spin_transaction_id = M4_spin_transaction_id: null

2019-08-10 23:52:56 - [TEST_STEP][PASSED] - M4_spin_round_id = round_id: null

2019-08-10 23:52:56 - [TEST_STEP][PASSED] - M4_spin_round_id = M4_spin_round_id: null

2019-08-10 23:52:56 - [TEST_STEP][PASSED] - M4_spin_line_wins = line_wins: null

2019-08-10 23:52:56 - [TEST_STEP][PASSED] - M4_spin_line_wins = M4_spin_line_wins: null

2019-08-10 23:52:56 - [TEST_STEP][PASSED] - M4_total_bonus_spins_int = total_bonus_spins: null

2019-08-10 23:52:56 - [TEST_STEP][PASSED] - println("******M4_total_bonus_spins type is:*******" + newline + getClass().getName()): null

2019-08-10 23:52:56 - [TEST_STEP][PASSED] - M4_total_bonus_spins_int = M4_total_bonus_spins_int: null

2019-08-10 23:52:56 - [TEST_STEP][PASSED] - M4_total_bonus_spins = Integer.toString(M4_total_bonus_spins_int): null

2019-08-10 23:52:56 - [TEST_STEP][PASSED] - M4_total_bonus_spins = M4_total_bonus_spins: null

2019-08-10 23:52:56 - [TEST_STEP][PASSED] - println("M4_total_bonus_spins is:" + M4_total_bonus_spins): null

2019-08-10 23:52:56 - [TEST_STEP][PASSED] - M4_spin_bonus_data = bonus_data: null

2019-08-10 23:52:56 - [TEST_STEP][PASSED] - M4_spin_features_triggered = result_M4_spin: null

2019-08-10 23:52:56 - [TEST_STEP][PASSED] - wild = []: null

2019-08-10 23:52:56 - [TEST_STEP][PASSED] - wild[0] = "WILD_Expanding": null

2019-08-10 23:52:56 - [TEST_STEP][PASSED] - wild[1] = "WILD_Normal": null

2019-08-10 23:52:56 - [TEST_STEP][PASSED] - wild[2] = "WILD_Double": null

2019-08-10 23:52:56 - [TEST_STEP][PASSED] - wild[3] = "WILD_ExtraFG": null

2019-08-10 23:52:56 - [TEST_STEP][PASSED] - wild[4] = "WILD_Triple": null

2019-08-10 23:52:56 - [TEST_STEP][PASSED] - wildList = Arrays.asList(wild): null

2019-08-10 23:52:56 - [TEST_STEP][PASSED] - wildList = wildList: null

2019-08-10 23:52:56 - [TEST_STEP][PASSED] - free_spin_reel_counter = []: null

2019-08-10 23:52:56 - [TEST_STEP][PASSED] - free_spin_reel_counter[0] = 0: null

2019-08-10 23:52:56 - [TEST_STEP][PASSED] - free_spin_reel_counter[1] = 0: null

2019-08-10 23:52:56 - [TEST_STEP][PASSED] - free_spin_reel_counter[2] = 0: null

2019-08-10 23:52:56 - [TEST_STEP][PASSED] - M4_spin_reels = reels: null

2019-08-10 23:52:56 - [TEST_STEP][PASSED] - for ([i = 0, i &lt; M4_spin_reels.size(), (i++)]): null

2019-08-10 23:52:56 - [TEST_STEP][PASSED] - symbols = symbols: null

2019-08-10 23:52:56 - [TEST_STEP][PASSED] - for ([j = 0, j &lt; symbols.size(), (j++)]): null

2019-08-10 23:52:56 - [TEST_STEP][PASSED] - symbol = symbol: null

2019-08-10 23:52:56 - [TEST_STEP][PASSED] - println(symbol): null

2019-08-10 23:52:56 - [TEST_STEP][PASSED] - if (i == 2 &amp;&amp; wildList.indexOf(symbol) != -1): null

2019-08-10 23:52:56 - [TEST_STEP][PASSED] - if (i == 3 &amp;&amp; wildList.indexOf(symbol) != -1): null

2019-08-10 23:52:56 - [TEST_STEP][PASSED] - if (i == 4 &amp;&amp; wildList.indexOf(symbol) != -1): null

2019-08-10 23:52:56 - [TEST_STEP][PASSED] - symbol = symbol: null

2019-08-10 23:52:56 - [TEST_STEP][PASSED] - println(symbol): null

2019-08-10 23:52:56 - [TEST_STEP][PASSED] - if (i == 2 &amp;&amp; wildList.indexOf(symbol) != -1): null

2019-08-10 23:52:56 - [TEST_STEP][PASSED] - if (i == 3 &amp;&amp; wildList.indexOf(symbol) != -1): null

2019-08-10 23:52:56 - [TEST_STEP][PASSED] - if (i == 4 &amp;&amp; wildList.indexOf(symbol) != -1): null

2019-08-10 23:52:56 - [TEST_STEP][PASSED] - symbol = symbol: null

2019-08-10 23:52:56 - [TEST_STEP][PASSED] - println(symbol): null

2019-08-10 23:52:56 - [TEST_STEP][PASSED] - if (i == 2 &amp;&amp; wildList.indexOf(symbol) != -1): null

2019-08-10 23:52:56 - [TEST_STEP][PASSED] - if (i == 3 &amp;&amp; wildList.indexOf(symbol) != -1): null

2019-08-10 23:52:56 - [TEST_STEP][PASSED] - if (i == 4 &amp;&amp; wildList.indexOf(symbol) != -1): null

2019-08-10 23:52:56 - [TEST_STEP][PASSED] - symbols = symbols: null

2019-08-10 23:52:56 - [TEST_STEP][PASSED] - for ([j = 0, j &lt; symbols.size(), (j++)]): null

2019-08-10 23:52:56 - [TEST_STEP][PASSED] - symbol = symbol: null

2019-08-10 23:52:56 - [TEST_STEP][PASSED] - println(symbol): null

2019-08-10 23:52:56 - [TEST_STEP][PASSED] - if (i == 2 &amp;&amp; wildList.indexOf(symbol) != -1): null

2019-08-10 23:52:56 - [TEST_STEP][PASSED] - if (i == 3 &amp;&amp; wildList.indexOf(symbol) != -1): null

2019-08-10 23:52:56 - [TEST_STEP][PASSED] - if (i == 4 &amp;&amp; wildList.indexOf(symbol) != -1): null

2019-08-10 23:52:56 - [TEST_STEP][PASSED] - symbol = symbol: null

2019-08-10 23:52:56 - [TEST_STEP][PASSED] - println(symbol): null

2019-08-10 23:52:56 - [TEST_STEP][PASSED] - if (i == 2 &amp;&amp; wildList.indexOf(symbol) != -1): null

2019-08-10 23:52:56 - [TEST_STEP][PASSED] - if (i == 3 &amp;&amp; wildList.indexOf(symbol) != -1): null

2019-08-10 23:52:56 - [TEST_STEP][PASSED] - if (i == 4 &amp;&amp; wildList.indexOf(symbol) != -1): null

2019-08-10 23:52:56 - [TEST_STEP][PASSED] - symbol = symbol: null

2019-08-10 23:52:56 - [TEST_STEP][PASSED] - println(symbol): null

2019-08-10 23:52:56 - [TEST_STEP][PASSED] - if (i == 2 &amp;&amp; wildList.indexOf(symbol) != -1): null

2019-08-10 23:52:56 - [TEST_STEP][PASSED] - if (i == 3 &amp;&amp; wildList.indexOf(symbol) != -1): null

2019-08-10 23:52:56 - [TEST_STEP][PASSED] - if (i == 4 &amp;&amp; wildList.indexOf(symbol) != -1): null

2019-08-10 23:52:56 - [TEST_STEP][PASSED] - symbols = symbols: null

2019-08-10 23:52:56 - [TEST_STEP][PASSED] - for ([j = 0, j &lt; symbols.size(), (j++)]): null

2019-08-10 23:52:56 - [TEST_STEP][PASSED] - symbol = symbol: null

2019-08-10 23:52:56 - [TEST_STEP][PASSED] - println(symbol): null

2019-08-10 23:52:56 - [TEST_STEP][PASSED] - if (i == 2 &amp;&amp; wildList.indexOf(symbol) != -1): null

2019-08-10 23:52:56 - [TEST_STEP][PASSED] - if (i == 3 &amp;&amp; wildList.indexOf(symbol) != -1): null

2019-08-10 23:52:56 - [TEST_STEP][PASSED] - if (i == 4 &amp;&amp; wildList.indexOf(symbol) != -1): null

2019-08-10 23:52:56 - [TEST_STEP][PASSED] - symbol = symbol: null

2019-08-10 23:52:56 - [TEST_STEP][PASSED] - println(symbol): null

2019-08-10 23:52:56 - [TEST_STEP][PASSED] - if (i == 2 &amp;&amp; wildList.indexOf(symbol) != -1): null

2019-08-10 23:52:56 - [TEST_STEP][PASSED] - if (i == 3 &amp;&amp; wildList.indexOf(symbol) != -1): null

2019-08-10 23:52:56 - [TEST_STEP][PASSED] - if (i == 4 &amp;&amp; wildList.indexOf(symbol) != -1): null

2019-08-10 23:52:56 - [TEST_STEP][PASSED] - symbol = symbol: null

2019-08-10 23:52:56 - [TEST_STEP][PASSED] - println(symbol): null

2019-08-10 23:52:56 - [TEST_STEP][PASSED] - if (i == 2 &amp;&amp; wildList.indexOf(symbol) != -1): null

2019-08-10 23:52:56 - [TEST_STEP][PASSED] - if (i == 3 &amp;&amp; wildList.indexOf(symbol) != -1): null

2019-08-10 23:52:56 - [TEST_STEP][PASSED] - if (i == 4 &amp;&amp; wildList.indexOf(symbol) != -1): null

2019-08-10 23:52:56 - [TEST_STEP][PASSED] - symbols = symbols: null

2019-08-10 23:52:56 - [TEST_STEP][PASSED] - for ([j = 0, j &lt; symbols.size(), (j++)]): null

2019-08-10 23:52:56 - [TEST_STEP][PASSED] - symbol = symbol: null

2019-08-10 23:52:56 - [TEST_STEP][PASSED] - println(symbol): null

2019-08-10 23:52:56 - [TEST_STEP][PASSED] - if (i == 2 &amp;&amp; wildList.indexOf(symbol) != -1): null

2019-08-10 23:52:56 - [TEST_STEP][PASSED] - if (i == 3 &amp;&amp; wildList.indexOf(symbol) != -1): null

2019-08-10 23:52:56 - [TEST_STEP][PASSED] - if (i == 4 &amp;&amp; wildList.indexOf(symbol) != -1): null

2019-08-10 23:52:56 - [TEST_STEP][PASSED] - symbol = symbol: null

2019-08-10 23:52:56 - [TEST_STEP][PASSED] - println(symbol): null

2019-08-10 23:52:56 - [TEST_STEP][PASSED] - if (i == 2 &amp;&amp; wildList.indexOf(symbol) != -1): null

2019-08-10 23:52:56 - [TEST_STEP][PASSED] - if (i == 3 &amp;&amp; wildList.indexOf(symbol) != -1): null

2019-08-10 23:52:56 - [TEST_STEP][PASSED] - if (i == 4 &amp;&amp; wildList.indexOf(symbol) != -1): null

2019-08-10 23:52:56 - [TEST_STEP][PASSED] - symbol = symbol: null

2019-08-10 23:52:56 - [TEST_STEP][PASSED] - println(symbol): null

2019-08-10 23:52:56 - [TEST_STEP][PASSED] - if (i == 2 &amp;&amp; wildList.indexOf(symbol) != -1): null

2019-08-10 23:52:56 - [TEST_STEP][PASSED] - if (i == 3 &amp;&amp; wildList.indexOf(symbol) != -1): null

2019-08-10 23:52:56 - [TEST_STEP][PASSED] - if (i == 4 &amp;&amp; wildList.indexOf(symbol) != -1): null

2019-08-10 23:52:56 - [TEST_STEP][PASSED] - symbols = symbols: null

2019-08-10 23:52:56 - [TEST_STEP][PASSED] - for ([j = 0, j &lt; symbols.size(), (j++)]): null

2019-08-10 23:52:56 - [TEST_STEP][PASSED] - symbol = symbol: null

2019-08-10 23:52:56 - [TEST_STEP][PASSED] - println(symbol): null

2019-08-10 23:52:56 - [TEST_STEP][PASSED] - if (i == 2 &amp;&amp; wildList.indexOf(symbol) != -1): null

2019-08-10 23:52:56 - [TEST_STEP][PASSED] - if (i == 3 &amp;&amp; wildList.indexOf(symbol) != -1): null

2019-08-10 23:52:56 - [TEST_STEP][PASSED] - if (i == 4 &amp;&amp; wildList.indexOf(symbol) != -1): null

2019-08-10 23:52:56 - [TEST_STEP][PASSED] - symbol = symbol: null

2019-08-10 23:52:56 - [TEST_STEP][PASSED] - println(symbol): null

2019-08-10 23:52:56 - [TEST_STEP][PASSED] - if (i == 2 &amp;&amp; wildList.indexOf(symbol) != -1): null

2019-08-10 23:52:56 - [TEST_STEP][PASSED] - if (i == 3 &amp;&amp; wildList.indexOf(symbol) != -1): null

2019-08-10 23:52:56 - [TEST_STEP][PASSED] - if (i == 4 &amp;&amp; wildList.indexOf(symbol) != -1): null

2019-08-10 23:52:56 - [TEST_STEP][PASSED] - symbol = symbol: null

2019-08-10 23:52:56 - [TEST_STEP][PASSED] - println(symbol): null

2019-08-10 23:52:56 - [TEST_STEP][PASSED] - if (i == 2 &amp;&amp; wildList.indexOf(symbol) != -1): null

2019-08-10 23:52:56 - [TEST_STEP][PASSED] - if (i == 3 &amp;&amp; wildList.indexOf(symbol) != -1): null

2019-08-10 23:52:56 - [TEST_STEP][PASSED] - if (i == 4 &amp;&amp; wildList.indexOf(symbol) != -1): null

2019-08-10 23:52:56 - [TEST_STEP][PASSED] - free_spin_reel_counter = free_spin_reel_counter: null

2019-08-10 23:52:56 - [TEST_STEP][PASSED] - println("reel 3 wild found: " + free_spin_reel_counter[0]): null

2019-08-10 23:52:56 - [TEST_STEP][PASSED] - println("reel 4 wild found: " + free_spin_reel_counter[1]): null

2019-08-10 23:52:56 - [TEST_STEP][PASSED] - println("reel 5 wild found: " + free_spin_reel_counter[2]): null

2019-08-10 23:52:56 - [TEST_STEP][PASSED] - M4_spin_reels = M4_spin_reels: null

2019-08-10 23:52:56 - [TEST_STEP][PASSED] - M4_spin_reels_symbols = symbol: null

2019-08-10 23:52:56 - [TEST_STEP][PASSED] - M4_spin_reels_symbols = M4_spin_reels_symbols: null

2019-08-10 23:52:56 - [TEST_STEP][PASSED] - M4_spin_reel_wins = reel_wins: null

2019-08-10 23:52:56 - [TEST_STEP][PASSED] - M4_spin_reel_wins = M4_spin_reel_wins: null

2019-08-10 23:52:56 - [TEST_STEP][PASSED] - println("GlobalVariable.M4_spin_reel_wins is: " + M4_spin_reel_wins): null

2019-08-10 23:52:56 - [TEST_STEP][PASSED] - M4_spin_total_bonus_win_this_round = total_bonus_win_this_round: null

2019-08-10 23:52:56 - [TEST_STEP][PASSED] - M4_spin_total_bonus_win_this_round = M4_spin_total_bonus_win_this_round: null

2019-08-10 23:52:56 - [TEST_STEP][PASSED] - println("GlobalVariable.M4_spin_total_bonus_win_this_round is: " + M4_spin_total_bonus_win_this_round): null

2019-08-10 23:52:56 - [MESSAGE][PASSED] - Verify response successfully

2019-08-10 23:52:56 - [MESSAGE][PASSED] - Send request and verify the response successfully

2019-08-10 23:52:56 - [TEST_STEP][PASSED] - if (M4_total_bonus_spins_int != 0 &amp;&amp; M4_spin_reels_symbols[2].contains("WILD_ExtraFG") || M4_spin_reels_symbols[3].contains("WILD_ExtraFG")): null

2019-08-10 23:52:56 - [TEST_STEP][PASSED] - free_spin_reel_counter = free_spin_reel_counter: null

2019-08-10 23:52:56 - [TEST_STEP][PASSED] - M4_spin_reels_symbols = M4_spin_reels_symbols: null

2019-08-10 23:52:56 - [TEST_STEP][PASSED] - M4_total_bonus_spins = M4_total_bonus_spins: null

2019-08-10 23:52:56 - [TEST_STEP][PASSED] - spin_result = sendRequestAndVerify(findTestObject("RGS(M4)/1_M4_spin", ["M4_login_user_id":M4_login_user_id, "rgs_session_token":rgs_session_token, "partner":Partner])): Send request and verify the response successfully

2019-08-10 23:52:57 - [TEST_CASE][PASSED] - Start Test Case : Verification: Verification accomplished successfully

2019-08-10 23:52:57 - [TEST_STEP][PASSED] - request = getInstance().getCurrentRequest(): null

2019-08-10 23:52:57 - [TEST_STEP][PASSED] - response = getInstance().getCurrentResponse(): null

2019-08-10 23:52:57 - [TEST_STEP][PASSED] - verifyResponseStatusCode(response, 200): Verify response status code successfully

2019-08-10 23:52:57 - [MESSAGE][PASSED] - Verify response status code successfully

2019-08-10 23:52:57 - [TEST_STEP][PASSED] - getStatusCode()).isEqualTo(200): null

2019-08-10 23:52:57 - [TEST_STEP][PASSED] - newline = System.getProperty("line.separator"): null

2019-08-10 23:52:57 - [TEST_STEP][PASSED] - M4_spin = new groovy.json.JsonSlurper(): null

2019-08-10 23:52:57 - [TEST_STEP][PASSED] - result_M4_spin = M4_spin.parseText(response.getResponseBodyContent()): null

2019-08-10 23:52:57 - [TEST_STEP][PASSED] - M4_spin_current_balance = current_balance: null

2019-08-10 23:52:57 - [TEST_STEP][PASSED] - M4_spin_current_balance = M4_spin_current_balance: null

2019-08-10 23:52:57 - [TEST_STEP][PASSED] - M4_spin_transaction_id = causality: null

2019-08-10 23:52:57 - [TEST_STEP][PASSED] - M4_spin_transaction_id = M4_spin_transaction_id: null

2019-08-10 23:52:57 - [TEST_STEP][PASSED] - M4_spin_round_id = round_id: null

2019-08-10 23:52:57 - [TEST_STEP][PASSED] - M4_spin_round_id = M4_spin_round_id: null

2019-08-10 23:52:57 - [TEST_STEP][PASSED] - M4_spin_line_wins = line_wins: null

2019-08-10 23:52:57 - [TEST_STEP][PASSED] - M4_spin_line_wins = M4_spin_line_wins: null

2019-08-10 23:52:57 - [TEST_STEP][PASSED] - M4_total_bonus_spins_int = total_bonus_spins: null

2019-08-10 23:52:57 - [TEST_STEP][PASSED] - println("******M4_total_bonus_spins type is:*******" + newline + getClass().getName()): null

2019-08-10 23:52:57 - [TEST_STEP][PASSED] - M4_total_bonus_spins_int = M4_total_bonus_spins_int: null

2019-08-10 23:52:57 - [TEST_STEP][PASSED] - M4_total_bonus_spins = Integer.toString(M4_total_bonus_spins_int): null

2019-08-10 23:52:57 - [TEST_STEP][PASSED] - M4_total_bonus_spins = M4_total_bonus_spins: null

2019-08-10 23:52:57 - [TEST_STEP][PASSED] - println("M4_total_bonus_spins is:" + M4_total_bonus_spins): null

2019-08-10 23:52:57 - [TEST_STEP][PASSED] - M4_spin_bonus_data = bonus_data: null

2019-08-10 23:52:57 - [TEST_STEP][PASSED] - M4_spin_features_triggered = result_M4_spin: null

2019-08-10 23:52:57 - [TEST_STEP][PASSED] - wild = []: null

2019-08-10 23:52:57 - [TEST_STEP][PASSED] - wild[0] = "WILD_Expanding": null

2019-08-10 23:52:57 - [TEST_STEP][PASSED] - wild[1] = "WILD_Normal": null

2019-08-10 23:52:57 - [TEST_STEP][PASSED] - wild[2] = "WILD_Double": null

2019-08-10 23:52:57 - [TEST_STEP][PASSED] - wild[3] = "WILD_ExtraFG": null

2019-08-10 23:52:57 - [TEST_STEP][PASSED] - wild[4] = "WILD_Triple": null

2019-08-10 23:52:57 - [TEST_STEP][PASSED] - wildList = Arrays.asList(wild): null

2019-08-10 23:52:57 - [TEST_STEP][PASSED] - wildList = wildList: null

2019-08-10 23:52:57 - [TEST_STEP][PASSED] - free_spin_reel_counter = []: null

2019-08-10 23:52:57 - [TEST_STEP][PASSED] - free_spin_reel_counter[0] = 0: null

2019-08-10 23:52:57 - [TEST_STEP][PASSED] - free_spin_reel_counter[1] = 0: null

2019-08-10 23:52:57 - [TEST_STEP][PASSED] - free_spin_reel_counter[2] = 0: null

2019-08-10 23:52:57 - [TEST_STEP][PASSED] - M4_spin_reels = reels: null

2019-08-10 23:52:57 - [TEST_STEP][PASSED] - for ([i = 0, i &lt; M4_spin_reels.size(), (i++)]): null

2019-08-10 23:52:57 - [TEST_STEP][PASSED] - symbols = symbols: null

2019-08-10 23:52:57 - [TEST_STEP][PASSED] - for ([j = 0, j &lt; symbols.size(), (j++)]): null

2019-08-10 23:52:57 - [TEST_STEP][PASSED] - symbol = symbol: null

2019-08-10 23:52:57 - [TEST_STEP][PASSED] - println(symbol): null

2019-08-10 23:52:57 - [TEST_STEP][PASSED] - if (i == 2 &amp;&amp; wildList.indexOf(symbol) != -1): null

2019-08-10 23:52:57 - [TEST_STEP][PASSED] - if (i == 3 &amp;&amp; wildList.indexOf(symbol) != -1): null

2019-08-10 23:52:57 - [TEST_STEP][PASSED] - if (i == 4 &amp;&amp; wildList.indexOf(symbol) != -1): null

2019-08-10 23:52:57 - [TEST_STEP][PASSED] - symbol = symbol: null

2019-08-10 23:52:57 - [TEST_STEP][PASSED] - println(symbol): null

2019-08-10 23:52:57 - [TEST_STEP][PASSED] - if (i == 2 &amp;&amp; wildList.indexOf(symbol) != -1): null

2019-08-10 23:52:57 - [TEST_STEP][PASSED] - if (i == 3 &amp;&amp; wildList.indexOf(symbol) != -1): null

2019-08-10 23:52:57 - [TEST_STEP][PASSED] - if (i == 4 &amp;&amp; wildList.indexOf(symbol) != -1): null

2019-08-10 23:52:57 - [TEST_STEP][PASSED] - symbol = symbol: null

2019-08-10 23:52:57 - [TEST_STEP][PASSED] - println(symbol): null

2019-08-10 23:52:57 - [TEST_STEP][PASSED] - if (i == 2 &amp;&amp; wildList.indexOf(symbol) != -1): null

2019-08-10 23:52:57 - [TEST_STEP][PASSED] - if (i == 3 &amp;&amp; wildList.indexOf(symbol) != -1): null

2019-08-10 23:52:57 - [TEST_STEP][PASSED] - if (i == 4 &amp;&amp; wildList.indexOf(symbol) != -1): null

2019-08-10 23:52:57 - [TEST_STEP][PASSED] - symbols = symbols: null

2019-08-10 23:52:57 - [TEST_STEP][PASSED] - for ([j = 0, j &lt; symbols.size(), (j++)]): null

2019-08-10 23:52:57 - [TEST_STEP][PASSED] - symbol = symbol: null

2019-08-10 23:52:57 - [TEST_STEP][PASSED] - println(symbol): null

2019-08-10 23:52:57 - [TEST_STEP][PASSED] - if (i == 2 &amp;&amp; wildList.indexOf(symbol) != -1): null

2019-08-10 23:52:57 - [TEST_STEP][PASSED] - if (i == 3 &amp;&amp; wildList.indexOf(symbol) != -1): null

2019-08-10 23:52:57 - [TEST_STEP][PASSED] - if (i == 4 &amp;&amp; wildList.indexOf(symbol) != -1): null

2019-08-10 23:52:57 - [TEST_STEP][PASSED] - symbol = symbol: null

2019-08-10 23:52:57 - [TEST_STEP][PASSED] - println(symbol): null

2019-08-10 23:52:57 - [TEST_STEP][PASSED] - if (i == 2 &amp;&amp; wildList.indexOf(symbol) != -1): null

2019-08-10 23:52:57 - [TEST_STEP][PASSED] - if (i == 3 &amp;&amp; wildList.indexOf(symbol) != -1): null

2019-08-10 23:52:57 - [TEST_STEP][PASSED] - if (i == 4 &amp;&amp; wildList.indexOf(symbol) != -1): null

2019-08-10 23:52:57 - [TEST_STEP][PASSED] - symbol = symbol: null

2019-08-10 23:52:57 - [TEST_STEP][PASSED] - println(symbol): null

2019-08-10 23:52:57 - [TEST_STEP][PASSED] - if (i == 2 &amp;&amp; wildList.indexOf(symbol) != -1): null

2019-08-10 23:52:57 - [TEST_STEP][PASSED] - if (i == 3 &amp;&amp; wildList.indexOf(symbol) != -1): null

2019-08-10 23:52:57 - [TEST_STEP][PASSED] - if (i == 4 &amp;&amp; wildList.indexOf(symbol) != -1): null

2019-08-10 23:52:57 - [TEST_STEP][PASSED] - symbols = symbols: null

2019-08-10 23:52:57 - [TEST_STEP][PASSED] - for ([j = 0, j &lt; symbols.size(), (j++)]): null

2019-08-10 23:52:57 - [TEST_STEP][PASSED] - symbol = symbol: null

2019-08-10 23:52:57 - [TEST_STEP][PASSED] - println(symbol): null

2019-08-10 23:52:57 - [TEST_STEP][PASSED] - if (i == 2 &amp;&amp; wildList.indexOf(symbol) != -1): null

2019-08-10 23:52:57 - [TEST_STEP][PASSED] - if (i == 3 &amp;&amp; wildList.indexOf(symbol) != -1): null

2019-08-10 23:52:57 - [TEST_STEP][PASSED] - if (i == 4 &amp;&amp; wildList.indexOf(symbol) != -1): null

2019-08-10 23:52:57 - [TEST_STEP][PASSED] - symbol = symbol: null

2019-08-10 23:52:57 - [TEST_STEP][PASSED] - println(symbol): null

2019-08-10 23:52:57 - [TEST_STEP][PASSED] - if (i == 2 &amp;&amp; wildList.indexOf(symbol) != -1): null

2019-08-10 23:52:57 - [TEST_STEP][PASSED] - if (i == 3 &amp;&amp; wildList.indexOf(symbol) != -1): null

2019-08-10 23:52:57 - [TEST_STEP][PASSED] - if (i == 4 &amp;&amp; wildList.indexOf(symbol) != -1): null

2019-08-10 23:52:57 - [TEST_STEP][PASSED] - symbol = symbol: null

2019-08-10 23:52:57 - [TEST_STEP][PASSED] - println(symbol): null

2019-08-10 23:52:57 - [TEST_STEP][PASSED] - if (i == 2 &amp;&amp; wildList.indexOf(symbol) != -1): null

2019-08-10 23:52:57 - [TEST_STEP][PASSED] - if (i == 3 &amp;&amp; wildList.indexOf(symbol) != -1): null

2019-08-10 23:52:57 - [TEST_STEP][PASSED] - if (i == 4 &amp;&amp; wildList.indexOf(symbol) != -1): null

2019-08-10 23:52:57 - [TEST_STEP][PASSED] - symbols = symbols: null

2019-08-10 23:52:57 - [TEST_STEP][PASSED] - for ([j = 0, j &lt; symbols.size(), (j++)]): null

2019-08-10 23:52:57 - [TEST_STEP][PASSED] - symbol = symbol: null

2019-08-10 23:52:57 - [TEST_STEP][PASSED] - println(symbol): null

2019-08-10 23:52:57 - [TEST_STEP][PASSED] - if (i == 2 &amp;&amp; wildList.indexOf(symbol) != -1): null

2019-08-10 23:52:57 - [TEST_STEP][PASSED] - if (i == 3 &amp;&amp; wildList.indexOf(symbol) != -1): null

2019-08-10 23:53:00 - [TEST_STEP][PASSED] - if (i == 4 &amp;&amp; wildList.indexOf(symbol) != -1): null

2019-08-10 23:53:05 - [TEST_STEP][PASSED] - symbol = symbol: null

2019-08-10 23:53:05 - [TEST_STEP][PASSED] - println(symbol): null

2019-08-10 23:53:05 - [TEST_STEP][PASSED] - if (i == 2 &amp;&amp; wildList.indexOf(symbol) != -1): null

2019-08-10 23:53:05 - [TEST_STEP][PASSED] - if (i == 3 &amp;&amp; wildList.indexOf(symbol) != -1): null

2019-08-10 23:53:05 - [TEST_STEP][PASSED] - println("wild found on reel 4, adding counter by 1"): null

2019-08-10 23:53:10 - [TEST_STEP][PASSED] - free_spin_reel_counter[1] = free_spin_reel_counter[1] + 1: null

2019-08-10 23:53:10 - [TEST_STEP][PASSED] - if (i == 4 &amp;&amp; wildList.indexOf(symbol) != -1): null

2019-08-10 23:53:10 - [TEST_STEP][PASSED] - symbol = symbol: null

2019-08-10 23:53:10 - [TEST_STEP][PASSED] - println(symbol): null

2019-08-10 23:53:10 - [TEST_STEP][PASSED] - if (i == 2 &amp;&amp; wildList.indexOf(symbol) != -1): null

2019-08-10 23:53:10 - [TEST_STEP][PASSED] - if (i == 3 &amp;&amp; wildList.indexOf(symbol) != -1): null

2019-08-10 23:53:10 - [TEST_STEP][PASSED] - if (i == 4 &amp;&amp; wildList.indexOf(symbol) != -1): null

2019-08-10 23:53:10 - [TEST_STEP][PASSED] - symbols = symbols: null

2019-08-10 23:53:10 - [TEST_STEP][PASSED] - for ([j = 0, j &lt; symbols.size(), (j++)]): null

2019-08-10 23:53:10 - [TEST_STEP][PASSED] - symbol = symbol: null

2019-08-10 23:53:10 - [TEST_STEP][PASSED] - println(symbol): null

2019-08-10 23:53:10 - [TEST_STEP][PASSED] - if (i == 2 &amp;&amp; wildList.indexOf(symbol) != -1): null

2019-08-10 23:53:10 - [TEST_STEP][PASSED] - if (i == 3 &amp;&amp; wildList.indexOf(symbol) != -1): null

2019-08-10 23:53:10 - [TEST_STEP][PASSED] - if (i == 4 &amp;&amp; wildList.indexOf(symbol) != -1): null

2019-08-10 23:53:10 - [TEST_STEP][PASSED] - symbol = symbol: null

2019-08-10 23:53:10 - [TEST_STEP][PASSED] - println(symbol): null

2019-08-10 23:53:10 - [TEST_STEP][PASSED] - if (i == 2 &amp;&amp; wildList.indexOf(symbol) != -1): null

2019-08-10 23:53:10 - [TEST_STEP][PASSED] - if (i == 3 &amp;&amp; wildList.indexOf(symbol) != -1): null

2019-08-10 23:53:10 - [TEST_STEP][PASSED] - if (i == 4 &amp;&amp; wildList.indexOf(symbol) != -1): null

2019-08-10 23:53:10 - [TEST_STEP][PASSED] - symbol = symbol: null

2019-08-10 23:53:10 - [TEST_STEP][PASSED] - println(symbol): null

2019-08-10 23:53:10 - [TEST_STEP][PASSED] - if (i == 2 &amp;&amp; wildList.indexOf(symbol) != -1): null

2019-08-10 23:53:10 - [TEST_STEP][PASSED] - if (i == 3 &amp;&amp; wildList.indexOf(symbol) != -1): null

2019-08-10 23:53:10 - [TEST_STEP][PASSED] - if (i == 4 &amp;&amp; wildList.indexOf(symbol) != -1): null

2019-08-10 23:53:10 - [TEST_STEP][PASSED] - free_spin_reel_counter = free_spin_reel_counter: null

2019-08-10 23:53:10 - [TEST_STEP][PASSED] - println("reel 3 wild found: " + free_spin_reel_counter[0]): null

2019-08-10 23:53:10 - [TEST_STEP][PASSED] - println("reel 4 wild found: " + free_spin_reel_counter[1]): null

2019-08-10 23:53:10 - [TEST_STEP][PASSED] - println("reel 5 wild found: " + free_spin_reel_counter[2]): null

2019-08-10 23:53:10 - [TEST_STEP][PASSED] - M4_spin_reels = M4_spin_reels: null

2019-08-10 23:53:10 - [TEST_STEP][PASSED] - M4_spin_reels_symbols = symbol: null

2019-08-10 23:53:10 - [TEST_STEP][PASSED] - M4_spin_reels_symbols = M4_spin_reels_symbols: null

2019-08-10 23:53:10 - [TEST_STEP][PASSED] - M4_spin_reel_wins = reel_wins: null

2019-08-10 23:53:10 - [TEST_STEP][PASSED] - M4_spin_reel_wins = M4_spin_reel_wins: null

2019-08-10 23:53:10 - [TEST_STEP][PASSED] - println("GlobalVariable.M4_spin_reel_wins is: " + M4_spin_reel_wins): null

2019-08-10 23:53:10 - [TEST_STEP][PASSED] - M4_spin_total_bonus_win_this_round = total_bonus_win_this_round: null

2019-08-10 23:53:10 - [TEST_STEP][PASSED] - M4_spin_total_bonus_win_this_round = M4_spin_total_bonus_win_this_round: null

2019-08-10 23:53:10 - [TEST_STEP][PASSED] - println("GlobalVariable.M4_spin_total_bonus_win_this_round is: " + M4_spin_total_bonus_win_this_round): null

2019-08-10 23:53:10 - [MESSAGE][PASSED] - Verify response successfully

2019-08-10 23:53:10 - [MESSAGE][PASSED] - Send request and verify the response successfully

2019-08-10 23:53:10 - [TEST_STEP][PASSED] - if (M4_total_bonus_spins_int != 0 &amp;&amp; M4_spin_reels_symbols[2].contains("WILD_ExtraFG") || M4_spin_reels_symbols[3].contains("WILD_ExtraFG")): null

2019-08-10 23:53:10 - [TEST_STEP][PASSED] - free_spin_reel_counter = free_spin_reel_counter: null

2019-08-10 23:53:10 - [TEST_STEP][PASSED] - M4_spin_reels_symbols = M4_spin_reels_symbols: null

2019-08-10 23:53:10 - [TEST_STEP][PASSED] - M4_total_bonus_spins = M4_total_bonus_spins: null

2019-08-10 23:53:10 - [TEST_STEP][PASSED] - spin_result = sendRequestAndVerify(findTestObject("RGS(M4)/1_M4_spin", ["M4_login_user_id":M4_login_user_id, "rgs_session_token":rgs_session_token, "partner":Partner])): Send request and verify the response successfully

2019-08-10 23:53:11 - [TEST_CASE][PASSED] - Start Test Case : Verification: Verification accomplished successfully

2019-08-10 23:53:11 - [TEST_STEP][PASSED] - request = getInstance().getCurrentRequest(): null

2019-08-10 23:53:11 - [TEST_STEP][PASSED] - response = getInstance().getCurrentResponse(): null

2019-08-10 23:53:11 - [TEST_STEP][PASSED] - verifyResponseStatusCode(response, 200): Verify response status code successfully

2019-08-10 23:53:11 - [MESSAGE][PASSED] - Verify response status code successfully

2019-08-10 23:53:11 - [TEST_STEP][PASSED] - getStatusCode()).isEqualTo(200): null

2019-08-10 23:53:11 - [TEST_STEP][PASSED] - newline = System.getProperty("line.separator"): null

2019-08-10 23:53:11 - [TEST_STEP][PASSED] - M4_spin = new groovy.json.JsonSlurper(): null

2019-08-10 23:53:11 - [TEST_STEP][PASSED] - result_M4_spin = M4_spin.parseText(response.getResponseBodyContent()): null

2019-08-10 23:53:11 - [TEST_STEP][PASSED] - M4_spin_current_balance = current_balance: null

2019-08-10 23:53:11 - [TEST_STEP][PASSED] - M4_spin_current_balance = M4_spin_current_balance: null

2019-08-10 23:53:11 - [TEST_STEP][PASSED] - M4_spin_transaction_id = causality: null

2019-08-10 23:53:11 - [TEST_STEP][PASSED] - M4_spin_transaction_id = M4_spin_transaction_id: null

2019-08-10 23:53:11 - [TEST_STEP][PASSED] - M4_spin_round_id = round_id: null

2019-08-10 23:53:11 - [TEST_STEP][PASSED] - M4_spin_round_id = M4_spin_round_id: null

2019-08-10 23:53:11 - [TEST_STEP][PASSED] - M4_spin_line_wins = line_wins: null

2019-08-10 23:53:11 - [TEST_STEP][PASSED] - M4_spin_line_wins = M4_spin_line_wins: null

2019-08-10 23:53:11 - [TEST_STEP][PASSED] - M4_total_bonus_spins_int = total_bonus_spins: null

2019-08-10 23:53:11 - [TEST_STEP][PASSED] - println("******M4_total_bonus_spins type is:*******" + newline + getClass().getName()): null

2019-08-10 23:53:11 - [TEST_STEP][PASSED] - M4_total_bonus_spins_int = M4_total_bonus_spins_int: null

2019-08-10 23:53:11 - [TEST_STEP][PASSED] - M4_total_bonus_spins = Integer.toString(M4_total_bonus_spins_int): null

2019-08-10 23:53:11 - [TEST_STEP][PASSED] - M4_total_bonus_spins = M4_total_bonus_spins: null

2019-08-10 23:53:11 - [TEST_STEP][PASSED] - println("M4_total_bonus_spins is:" + M4_total_bonus_spins): null

2019-08-10 23:53:11 - [TEST_STEP][PASSED] - M4_spin_bonus_data = bonus_data: null

2019-08-10 23:53:11 - [TEST_STEP][PASSED] - M4_spin_features_triggered = result_M4_spin: null

2019-08-10 23:53:11 - [TEST_STEP][PASSED] - wild = []: null

2019-08-10 23:53:11 - [TEST_STEP][PASSED] - wild[0] = "WILD_Expanding": null

2019-08-10 23:53:11 - [TEST_STEP][PASSED] - wild[1] = "WILD_Normal": null

2019-08-10 23:53:11 - [TEST_STEP][PASSED] - wild[2] = "WILD_Double": null

2019-08-10 23:53:11 - [TEST_STEP][PASSED] - wild[3] = "WILD_ExtraFG": null

2019-08-10 23:53:11 - [TEST_STEP][PASSED] - wild[4] = "WILD_Triple": null

2019-08-10 23:53:11 - [TEST_STEP][PASSED] - wildList = Arrays.asList(wild): null

2019-08-10 23:53:11 - [TEST_STEP][PASSED] - wildList = wildList: null

2019-08-10 23:53:11 - [TEST_STEP][PASSED] - free_spin_reel_counter = []: null

2019-08-10 23:53:11 - [TEST_STEP][PASSED] - free_spin_reel_counter[0] = 0: null

2019-08-10 23:53:11 - [TEST_STEP][PASSED] - free_spin_reel_counter[1] = 0: null

2019-08-10 23:53:11 - [TEST_STEP][PASSED] - free_spin_reel_counter[2] = 0: null

2019-08-10 23:53:11 - [TEST_STEP][PASSED] - M4_spin_reels = reels: null

2019-08-10 23:53:11 - [TEST_STEP][PASSED] - for ([i = 0, i &lt; M4_spin_reels.size(), (i++)]): null

2019-08-10 23:53:11 - [TEST_STEP][PASSED] - symbols = symbols: null

2019-08-10 23:53:11 - [TEST_STEP][PASSED] - for ([j = 0, j &lt; symbols.size(), (j++)]): null

2019-08-10 23:53:11 - [TEST_STEP][PASSED] - symbol = symbol: null

2019-08-10 23:53:11 - [TEST_STEP][PASSED] - println(symbol): null

2019-08-10 23:53:11 - [TEST_STEP][PASSED] - if (i == 2 &amp;&amp; wildList.indexOf(symbol) != -1): null

2019-08-10 23:53:11 - [TEST_STEP][PASSED] - if (i == 3 &amp;&amp; wildList.indexOf(symbol) != -1): null

2019-08-10 23:53:11 - [TEST_STEP][PASSED] - if (i == 4 &amp;&amp; wildList.indexOf(symbol) != -1): null

2019-08-10 23:53:11 - [TEST_STEP][PASSED] - symbol = symbol: null

2019-08-10 23:53:11 - [TEST_STEP][PASSED] - println(symbol): null

2019-08-10 23:53:11 - [TEST_STEP][PASSED] - if (i == 2 &amp;&amp; wildList.indexOf(symbol) != -1): null

2019-08-10 23:53:11 - [TEST_STEP][PASSED] - if (i == 3 &amp;&amp; wildList.indexOf(symbol) != -1): null

2019-08-10 23:53:11 - [TEST_STEP][PASSED] - if (i == 4 &amp;&amp; wildList.indexOf(symbol) != -1): null

2019-08-10 23:53:11 - [TEST_STEP][PASSED] - symbol = symbol: null

2019-08-10 23:53:11 - [TEST_STEP][PASSED] - println(symbol): null

2019-08-10 23:53:11 - [TEST_STEP][PASSED] - if (i == 2 &amp;&amp; wildList.indexOf(symbol) != -1): null

2019-08-10 23:53:11 - [TEST_STEP][PASSED] - if (i == 3 &amp;&amp; wildList.indexOf(symbol) != -1): null

2019-08-10 23:53:11 - [TEST_STEP][PASSED] - if (i == 4 &amp;&amp; wildList.indexOf(symbol) != -1): null

2019-08-10 23:53:11 - [TEST_STEP][PASSED] - symbols = symbols: null

2019-08-10 23:53:11 - [TEST_STEP][PASSED] - for ([j = 0, j &lt; symbols.size(), (j++)]): null

2019-08-10 23:53:11 - [TEST_STEP][PASSED] - symbol = symbol: null

2019-08-10 23:53:11 - [TEST_STEP][PASSED] - println(symbol): null

2019-08-10 23:53:11 - [TEST_STEP][PASSED] - if (i == 2 &amp;&amp; wildList.indexOf(symbol) != -1): null

2019-08-10 23:53:11 - [TEST_STEP][PASSED] - if (i == 3 &amp;&amp; wildList.indexOf(symbol) != -1): null

2019-08-10 23:53:11 - [TEST_STEP][PASSED] - if (i == 4 &amp;&amp; wildList.indexOf(symbol) != -1): null

2019-08-10 23:53:11 - [TEST_STEP][PASSED] - symbol = symbol: null

2019-08-10 23:53:11 - [TEST_STEP][PASSED] - println(symbol): null

2019-08-10 23:53:11 - [TEST_STEP][PASSED] - if (i == 2 &amp;&amp; wildList.indexOf(symbol) != -1): null

2019-08-10 23:53:11 - [TEST_STEP][PASSED] - if (i == 3 &amp;&amp; wildList.indexOf(symbol) != -1): null

2019-08-10 23:53:11 - [TEST_STEP][PASSED] - if (i == 4 &amp;&amp; wildList.indexOf(symbol) != -1): null

2019-08-10 23:53:11 - [TEST_STEP][PASSED] - symbol = symbol: null

2019-08-10 23:53:11 - [TEST_STEP][PASSED] - println(symbol): null

2019-08-10 23:53:11 - [TEST_STEP][PASSED] - if (i == 2 &amp;&amp; wildList.indexOf(symbol) != -1): null

2019-08-10 23:53:11 - [TEST_STEP][PASSED] - if (i == 3 &amp;&amp; wildList.indexOf(symbol) != -1): null

2019-08-10 23:53:11 - [TEST_STEP][PASSED] - if (i == 4 &amp;&amp; wildList.indexOf(symbol) != -1): null

2019-08-10 23:53:11 - [TEST_STEP][PASSED] - symbols = symbols: null

2019-08-10 23:53:11 - [TEST_STEP][PASSED] - for ([j = 0, j &lt; symbols.size(), (j++)]): null

2019-08-10 23:53:11 - [TEST_STEP][PASSED] - symbol = symbol: null

2019-08-10 23:53:11 - [TEST_STEP][PASSED] - println(symbol): null

2019-08-10 23:53:11 - [TEST_STEP][PASSED] - if (i == 2 &amp;&amp; wildList.indexOf(symbol) != -1): null

2019-08-10 23:53:11 - [TEST_STEP][PASSED] - if (i == 3 &amp;&amp; wildList.indexOf(symbol) != -1): null

2019-08-10 23:53:11 - [TEST_STEP][PASSED] - if (i == 4 &amp;&amp; wildList.indexOf(symbol) != -1): null

2019-08-10 23:53:11 - [TEST_STEP][PASSED] - symbol = symbol: null

2019-08-10 23:53:11 - [TEST_STEP][PASSED] - println(symbol): null

2019-08-10 23:53:11 - [TEST_STEP][PASSED] - if (i == 2 &amp;&amp; wildList.indexOf(symbol) != -1): null

2019-08-10 23:53:11 - [TEST_STEP][PASSED] - if (i == 3 &amp;&amp; wildList.indexOf(symbol) != -1): null

2019-08-10 23:53:11 - [TEST_STEP][PASSED] - if (i == 4 &amp;&amp; wildList.indexOf(symbol) != -1): null

2019-08-10 23:53:11 - [TEST_STEP][PASSED] - symbol = symbol: null

2019-08-10 23:53:11 - [TEST_STEP][PASSED] - println(symbol): null

2019-08-10 23:53:11 - [TEST_STEP][PASSED] - if (i == 2 &amp;&amp; wildList.indexOf(symbol) != -1): null

2019-08-10 23:53:11 - [TEST_STEP][PASSED] - if (i == 3 &amp;&amp; wildList.indexOf(symbol) != -1): null

2019-08-10 23:53:11 - [TEST_STEP][PASSED] - if (i == 4 &amp;&amp; wildList.indexOf(symbol) != -1): null

2019-08-10 23:53:11 - [TEST_STEP][PASSED] - symbols = symbols: null

2019-08-10 23:53:11 - [TEST_STEP][PASSED] - for ([j = 0, j &lt; symbols.size(), (j++)]): null

2019-08-10 23:53:11 - [TEST_STEP][PASSED] - symbol = symbol: null

2019-08-10 23:53:11 - [TEST_STEP][PASSED] - println(symbol): null

2019-08-10 23:53:11 - [TEST_STEP][PASSED] - if (i == 2 &amp;&amp; wildList.indexOf(symbol) != -1): null

2019-08-10 23:53:11 - [TEST_STEP][PASSED] - if (i == 3 &amp;&amp; wildList.indexOf(symbol) != -1): null

2019-08-10 23:53:11 - [TEST_STEP][PASSED] - if (i == 4 &amp;&amp; wildList.indexOf(symbol) != -1): null

2019-08-10 23:53:11 - [TEST_STEP][PASSED] - symbol = symbol: null

2019-08-10 23:53:11 - [TEST_STEP][PASSED] - println(symbol): null

2019-08-10 23:53:11 - [TEST_STEP][PASSED] - if (i == 2 &amp;&amp; wildList.indexOf(symbol) != -1): null

2019-08-10 23:53:11 - [TEST_STEP][PASSED] - if (i == 3 &amp;&amp; wildList.indexOf(symbol) != -1): null

2019-08-10 23:53:11 - [TEST_STEP][PASSED] - if (i == 4 &amp;&amp; wildList.indexOf(symbol) != -1): null

2019-08-10 23:53:11 - [TEST_STEP][PASSED] - symbol = symbol: null

2019-08-10 23:53:11 - [TEST_STEP][PASSED] - println(symbol): null

2019-08-10 23:53:11 - [TEST_STEP][PASSED] - if (i == 2 &amp;&amp; wildList.indexOf(symbol) != -1): null

2019-08-10 23:53:11 - [TEST_STEP][PASSED] - if (i == 3 &amp;&amp; wildList.indexOf(symbol) != -1): null

2019-08-10 23:53:11 - [TEST_STEP][PASSED] - if (i == 4 &amp;&amp; wildList.indexOf(symbol) != -1): null

2019-08-10 23:53:11 - [TEST_STEP][PASSED] - symbols = symbols: null

2019-08-10 23:53:11 - [TEST_STEP][PASSED] - for ([j = 0, j &lt; symbols.size(), (j++)]): null

2019-08-10 23:53:11 - [TEST_STEP][PASSED] - symbol = symbol: null

2019-08-10 23:53:11 - [TEST_STEP][PASSED] - println(symbol): null

2019-08-10 23:53:11 - [TEST_STEP][PASSED] - if (i == 2 &amp;&amp; wildList.indexOf(symbol) != -1): null

2019-08-10 23:53:11 - [TEST_STEP][PASSED] - if (i == 3 &amp;&amp; wildList.indexOf(symbol) != -1): null

2019-08-10 23:53:11 - [TEST_STEP][PASSED] - if (i == 4 &amp;&amp; wildList.indexOf(symbol) != -1): null

2019-08-10 23:53:11 - [TEST_STEP][PASSED] - symbol = symbol: null

2019-08-10 23:53:11 - [TEST_STEP][PASSED] - println(symbol): null

2019-08-10 23:53:11 - [TEST_STEP][PASSED] - if (i == 2 &amp;&amp; wildList.indexOf(symbol) != -1): null

2019-08-10 23:53:11 - [TEST_STEP][PASSED] - if (i == 3 &amp;&amp; wildList.indexOf(symbol) != -1): null

2019-08-10 23:53:11 - [TEST_STEP][PASSED] - if (i == 4 &amp;&amp; wildList.indexOf(symbol) != -1): null

2019-08-10 23:53:11 - [TEST_STEP][PASSED] - symbol = symbol: null

2019-08-10 23:53:11 - [TEST_STEP][PASSED] - println(symbol): null

2019-08-10 23:53:11 - [TEST_STEP][PASSED] - if (i == 2 &amp;&amp; wildList.indexOf(symbol) != -1): null

2019-08-10 23:53:11 - [TEST_STEP][PASSED] - if (i == 3 &amp;&amp; wildList.indexOf(symbol) != -1): null

2019-08-10 23:53:11 - [TEST_STEP][PASSED] - if (i == 4 &amp;&amp; wildList.indexOf(symbol) != -1): null

2019-08-10 23:53:11 - [TEST_STEP][PASSED] - free_spin_reel_counter = free_spin_reel_counter: null

2019-08-10 23:53:11 - [TEST_STEP][PASSED] - println("reel 3 wild found: " + free_spin_reel_counter[0]): null

2019-08-10 23:53:11 - [TEST_STEP][PASSED] - println("reel 4 wild found: " + free_spin_reel_counter[1]): null

2019-08-10 23:53:11 - [TEST_STEP][PASSED] - println("reel 5 wild found: " + free_spin_reel_counter[2]): null

2019-08-10 23:53:11 - [TEST_STEP][PASSED] - M4_spin_reels = M4_spin_reels: null

2019-08-10 23:53:11 - [TEST_STEP][PASSED] - M4_spin_reels_symbols = symbol: null

2019-08-10 23:53:11 - [TEST_STEP][PASSED] - M4_spin_reels_symbols = M4_spin_reels_symbols: null

2019-08-10 23:53:11 - [TEST_STEP][PASSED] - M4_spin_reel_wins = reel_wins: null

2019-08-10 23:53:11 - [TEST_STEP][PASSED] - M4_spin_reel_wins = M4_spin_reel_wins: null

2019-08-10 23:53:11 - [TEST_STEP][PASSED] - println("GlobalVariable.M4_spin_reel_wins is: " + M4_spin_reel_wins): null

2019-08-10 23:53:11 - [TEST_STEP][PASSED] - M4_spin_total_bonus_win_this_round = total_bonus_win_this_round: null

2019-08-10 23:53:11 - [TEST_STEP][PASSED] - M4_spin_total_bonus_win_this_round = M4_spin_total_bonus_win_this_round: null

2019-08-10 23:53:11 - [TEST_STEP][PASSED] - println("GlobalVariable.M4_spin_total_bonus_win_this_round is: " + M4_spin_total_bonus_win_this_round): null

2019-08-10 23:53:11 - [MESSAGE][PASSED] - Verify response successfully

2019-08-10 23:53:11 - [MESSAGE][PASSED] - Send request and verify the response successfully

2019-08-10 23:53:11 - [TEST_STEP][PASSED] - if (M4_total_bonus_spins_int != 0 &amp;&amp; M4_spin_reels_symbols[2].contains("WILD_ExtraFG") || M4_spin_reels_symbols[3].contains("WILD_ExtraFG")): null

2019-08-10 23:53:11 - [TEST_STEP][PASSED] - free_spin_reel_counter = free_spin_reel_counter: null

2019-08-10 23:53:11 - [TEST_STEP][PASSED] - M4_spin_reels_symbols = M4_spin_reels_symbols: null

2019-08-10 23:53:11 - [TEST_STEP][PASSED] - M4_total_bonus_spins = M4_total_bonus_spins: null

2019-08-10 23:53:11 - [TEST_STEP][PASSED] - spin_result = sendRequestAndVerify(findTestObject("RGS(M4)/1_M4_spin", ["M4_login_user_id":M4_login_user_id, "rgs_session_token":rgs_session_token, "partner":Partner])): Send request and verify the response successfully

2019-08-10 23:53:12 - [TEST_CASE][PASSED] - Start Test Case : Verification: Verification accomplished successfully

2019-08-10 23:53:12 - [TEST_STEP][PASSED] - request = getInstance().getCurrentRequest(): null

2019-08-10 23:53:12 - [TEST_STEP][PASSED] - response = getInstance().getCurrentResponse(): null

2019-08-10 23:53:12 - [TEST_STEP][PASSED] - verifyResponseStatusCode(response, 200): Verify response status code successfully

2019-08-10 23:53:12 - [MESSAGE][PASSED] - Verify response status code successfully

2019-08-10 23:53:12 - [TEST_STEP][PASSED] - getStatusCode()).isEqualTo(200): null

2019-08-10 23:53:12 - [TEST_STEP][PASSED] - newline = System.getProperty("line.separator"): null

2019-08-10 23:53:12 - [TEST_STEP][PASSED] - M4_spin = new groovy.json.JsonSlurper(): null

2019-08-10 23:53:12 - [TEST_STEP][PASSED] - result_M4_spin = M4_spin.parseText(response.getResponseBodyContent()): null

2019-08-10 23:53:12 - [TEST_STEP][PASSED] - M4_spin_current_balance = current_balance: null

2019-08-10 23:53:12 - [TEST_STEP][PASSED] - M4_spin_current_balance = M4_spin_current_balance: null

2019-08-10 23:53:12 - [TEST_STEP][PASSED] - M4_spin_transaction_id = causality: null

2019-08-10 23:53:12 - [TEST_STEP][PASSED] - M4_spin_transaction_id = M4_spin_transaction_id: null

2019-08-10 23:53:12 - [TEST_STEP][PASSED] - M4_spin_round_id = round_id: null

2019-08-10 23:53:12 - [TEST_STEP][PASSED] - M4_spin_round_id = M4_spin_round_id: null

2019-08-10 23:53:12 - [TEST_STEP][PASSED] - M4_spin_line_wins = line_wins: null

2019-08-10 23:53:12 - [TEST_STEP][PASSED] - M4_spin_line_wins = M4_spin_line_wins: null

2019-08-10 23:53:12 - [TEST_STEP][PASSED] - M4_total_bonus_spins_int = total_bonus_spins: null

2019-08-10 23:53:12 - [TEST_STEP][PASSED] - println("******M4_total_bonus_spins type is:*******" + newline + getClass().getName()): null

2019-08-10 23:53:12 - [TEST_STEP][PASSED] - M4_total_bonus_spins_int = M4_total_bonus_spins_int: null

2019-08-10 23:53:12 - [TEST_STEP][PASSED] - M4_total_bonus_spins = Integer.toString(M4_total_bonus_spins_int): null

2019-08-10 23:53:12 - [TEST_STEP][PASSED] - M4_total_bonus_spins = M4_total_bonus_spins: null

2019-08-10 23:53:12 - [TEST_STEP][PASSED] - println("M4_total_bonus_spins is:" + M4_total_bonus_spins): null

2019-08-10 23:53:12 - [TEST_STEP][PASSED] - M4_spin_bonus_data = bonus_data: null

2019-08-10 23:53:12 - [TEST_STEP][PASSED] - M4_spin_features_triggered = result_M4_spin: null

2019-08-10 23:53:12 - [TEST_STEP][PASSED] - wild = []: null

2019-08-10 23:53:12 - [TEST_STEP][PASSED] - wild[0] = "WILD_Expanding": null

2019-08-10 23:53:12 - [TEST_STEP][PASSED] - wild[1] = "WILD_Normal": null

2019-08-10 23:53:12 - [TEST_STEP][PASSED] - wild[2] = "WILD_Double": null

2019-08-10 23:53:12 - [TEST_STEP][PASSED] - wild[3] = "WILD_ExtraFG": null

2019-08-10 23:53:12 - [TEST_STEP][PASSED] - wild[4] = "WILD_Triple": null

2019-08-10 23:53:12 - [TEST_STEP][PASSED] - wildList = Arrays.asList(wild): null

2019-08-10 23:53:12 - [TEST_STEP][PASSED] - wildList = wildList: null

2019-08-10 23:53:12 - [TEST_STEP][PASSED] - free_spin_reel_counter = []: null

2019-08-10 23:53:12 - [TEST_STEP][PASSED] - free_spin_reel_counter[0] = 0: null

2019-08-10 23:53:12 - [TEST_STEP][PASSED] - free_spin_reel_counter[1] = 0: null

2019-08-10 23:53:12 - [TEST_STEP][PASSED] - free_spin_reel_counter[2] = 0: null

2019-08-10 23:53:12 - [TEST_STEP][PASSED] - M4_spin_reels = reels: null

2019-08-10 23:53:12 - [TEST_STEP][PASSED] - for ([i = 0, i &lt; M4_spin_reels.size(), (i++)]): null

2019-08-10 23:53:12 - [TEST_STEP][PASSED] - symbols = symbols: null

2019-08-10 23:53:12 - [TEST_STEP][PASSED] - for ([j = 0, j &lt; symbols.size(), (j++)]): null

2019-08-10 23:53:12 - [TEST_STEP][PASSED] - symbol = symbol: null

2019-08-10 23:53:12 - [TEST_STEP][PASSED] - println(symbol): null

2019-08-10 23:53:12 - [TEST_STEP][PASSED] - if (i == 2 &amp;&amp; wildList.indexOf(symbol) != -1): null

2019-08-10 23:53:12 - [TEST_STEP][PASSED] - if (i == 3 &amp;&amp; wildList.indexOf(symbol) != -1): null

2019-08-10 23:53:12 - [TEST_STEP][PASSED] - if (i == 4 &amp;&amp; wildList.indexOf(symbol) != -1): null

2019-08-10 23:53:12 - [TEST_STEP][PASSED] - symbol = symbol: null

2019-08-10 23:53:12 - [TEST_STEP][PASSED] - println(symbol): null

2019-08-10 23:53:12 - [TEST_STEP][PASSED] - if (i == 2 &amp;&amp; wildList.indexOf(symbol) != -1): null

2019-08-10 23:53:12 - [TEST_STEP][PASSED] - if (i == 3 &amp;&amp; wildList.indexOf(symbol) != -1): null

2019-08-10 23:53:12 - [TEST_STEP][PASSED] - if (i == 4 &amp;&amp; wildList.indexOf(symbol) != -1): null

2019-08-10 23:53:12 - [TEST_STEP][PASSED] - symbol = symbol: null

2019-08-10 23:53:12 - [TEST_STEP][PASSED] - println(symbol): null

2019-08-10 23:53:12 - [TEST_STEP][PASSED] - if (i == 2 &amp;&amp; wildList.indexOf(symbol) != -1): null

2019-08-10 23:53:12 - [TEST_STEP][PASSED] - if (i == 3 &amp;&amp; wildList.indexOf(symbol) != -1): null

2019-08-10 23:53:12 - [TEST_STEP][PASSED] - if (i == 4 &amp;&amp; wildList.indexOf(symbol) != -1): null

2019-08-10 23:53:12 - [TEST_STEP][PASSED] - symbols = symbols: null

2019-08-10 23:53:12 - [TEST_STEP][PASSED] - for ([j = 0, j &lt; symbols.size(), (j++)]): null

2019-08-10 23:53:12 - [TEST_STEP][PASSED] - symbol = symbol: null

2019-08-10 23:53:12 - [TEST_STEP][PASSED] - println(symbol): null

2019-08-10 23:53:12 - [TEST_STEP][PASSED] - if (i == 2 &amp;&amp; wildList.indexOf(symbol) != -1): null

2019-08-10 23:53:12 - [TEST_STEP][PASSED] - if (i == 3 &amp;&amp; wildList.indexOf(symbol) != -1): null

2019-08-10 23:53:12 - [TEST_STEP][PASSED] - if (i == 4 &amp;&amp; wildList.indexOf(symbol) != -1): null

2019-08-10 23:53:12 - [TEST_STEP][PASSED] - symbol = symbol: null

2019-08-10 23:53:12 - [TEST_STEP][PASSED] - println(symbol): null

2019-08-10 23:53:12 - [TEST_STEP][PASSED] - if (i == 2 &amp;&amp; wildList.indexOf(symbol) != -1): null

2019-08-10 23:53:12 - [TEST_STEP][PASSED] - if (i == 3 &amp;&amp; wildList.indexOf(symbol) != -1): null

2019-08-10 23:53:12 - [TEST_STEP][PASSED] - if (i == 4 &amp;&amp; wildList.indexOf(symbol) != -1): null

2019-08-10 23:53:12 - [TEST_STEP][PASSED] - symbol = symbol: null

2019-08-10 23:53:12 - [TEST_STEP][PASSED] - println(symbol): null

2019-08-10 23:53:12 - [TEST_STEP][PASSED] - if (i == 2 &amp;&amp; wildList.indexOf(symbol) != -1): null

2019-08-10 23:53:12 - [TEST_STEP][PASSED] - if (i == 3 &amp;&amp; wildList.indexOf(symbol) != -1): null

2019-08-10 23:53:12 - [TEST_STEP][PASSED] - if (i == 4 &amp;&amp; wildList.indexOf(symbol) != -1): null

2019-08-10 23:53:12 - [TEST_STEP][PASSED] - symbols = symbols: null

2019-08-10 23:53:12 - [TEST_STEP][PASSED] - for ([j = 0, j &lt; symbols.size(), (j++)]): null

2019-08-10 23:53:12 - [TEST_STEP][PASSED] - symbol = symbol: null

2019-08-10 23:53:12 - [TEST_STEP][PASSED] - println(symbol): null

2019-08-10 23:53:12 - [TEST_STEP][PASSED] - if (i == 2 &amp;&amp; wildList.indexOf(symbol) != -1): null

2019-08-10 23:53:12 - [TEST_STEP][PASSED] - if (i == 3 &amp;&amp; wildList.indexOf(symbol) != -1): null

2019-08-10 23:53:12 - [TEST_STEP][PASSED] - if (i == 4 &amp;&amp; wildList.indexOf(symbol) != -1): null

2019-08-10 23:53:12 - [TEST_STEP][PASSED] - symbol = symbol: null

2019-08-10 23:53:12 - [TEST_STEP][PASSED] - println(symbol): null

2019-08-10 23:53:12 - [TEST_STEP][PASSED] - if (i == 2 &amp;&amp; wildList.indexOf(symbol) != -1): null

2019-08-10 23:53:12 - [TEST_STEP][PASSED] - if (i == 3 &amp;&amp; wildList.indexOf(symbol) != -1): null

2019-08-10 23:53:12 - [TEST_STEP][PASSED] - if (i == 4 &amp;&amp; wildList.indexOf(symbol) != -1): null

2019-08-10 23:53:12 - [TEST_STEP][PASSED] - symbol = symbol: null

2019-08-10 23:53:12 - [TEST_STEP][PASSED] - println(symbol): null

2019-08-10 23:53:12 - [TEST_STEP][PASSED] - if (i == 2 &amp;&amp; wildList.indexOf(symbol) != -1): null

2019-08-10 23:53:12 - [TEST_STEP][PASSED] - println("wild found on reel 3, adding counter by 1"): null

2019-08-10 23:53:12 - [TEST_STEP][PASSED] - free_spin_reel_counter[0] = free_spin_reel_counter[0] + 1: null

2019-08-10 23:53:12 - [TEST_STEP][PASSED] - if (i == 3 &amp;&amp; wildList.indexOf(symbol) != -1): null

2019-08-10 23:53:12 - [TEST_STEP][PASSED] - if (i == 4 &amp;&amp; wildList.indexOf(symbol) != -1): null

2019-08-10 23:53:12 - [TEST_STEP][PASSED] - symbols = symbols: null

2019-08-10 23:53:12 - [TEST_STEP][PASSED] - for ([j = 0, j &lt; symbols.size(), (j++)]): null

2019-08-10 23:53:12 - [TEST_STEP][PASSED] - symbol = symbol: null

2019-08-10 23:53:12 - [TEST_STEP][PASSED] - println(symbol): null

2019-08-10 23:53:12 - [TEST_STEP][PASSED] - if (i == 2 &amp;&amp; wildList.indexOf(symbol) != -1): null

2019-08-10 23:53:12 - [TEST_STEP][PASSED] - if (i == 3 &amp;&amp; wildList.indexOf(symbol) != -1): null

2019-08-10 23:53:12 - [TEST_STEP][PASSED] - if (i == 4 &amp;&amp; wildList.indexOf(symbol) != -1): null

2019-08-10 23:53:12 - [TEST_STEP][PASSED] - symbol = symbol: null

2019-08-10 23:53:12 - [TEST_STEP][PASSED] - println(symbol): null

2019-08-10 23:53:12 - [TEST_STEP][PASSED] - if (i == 2 &amp;&amp; wildList.indexOf(symbol) != -1): null

2019-08-10 23:53:12 - [TEST_STEP][PASSED] - if (i == 3 &amp;&amp; wildList.indexOf(symbol) != -1): null

2019-08-10 23:53:12 - [TEST_STEP][PASSED] - if (i == 4 &amp;&amp; wildList.indexOf(symbol) != -1): null

2019-08-10 23:53:12 - [TEST_STEP][PASSED] - symbol = symbol: null

2019-08-10 23:53:12 - [TEST_STEP][PASSED] - println(symbol): null

2019-08-10 23:53:12 - [TEST_STEP][PASSED] - if (i == 2 &amp;&amp; wildList.indexOf(symbol) != -1): null

2019-08-10 23:53:12 - [TEST_STEP][PASSED] - if (i == 3 &amp;&amp; wildList.indexOf(symbol) != -1): null

2019-08-10 23:53:12 - [TEST_STEP][PASSED] - println("wild found on reel 4, adding counter by 1"): null

2019-08-10 23:53:12 - [TEST_STEP][PASSED] - free_spin_reel_counter[1] = free_spin_reel_counter[1] + 1: null

2019-08-10 23:53:12 - [TEST_STEP][PASSED] - if (i == 4 &amp;&amp; wildList.indexOf(symbol) != -1): null

2019-08-10 23:53:12 - [TEST_STEP][PASSED] - symbols = symbols: null

2019-08-10 23:53:12 - [TEST_STEP][PASSED] - for ([j = 0, j &lt; symbols.size(), (j++)]): null

2019-08-10 23:53:12 - [TEST_STEP][PASSED] - symbol = symbol: null

2019-08-10 23:53:12 - [TEST_STEP][PASSED] - println(symbol): null

2019-08-10 23:53:12 - [TEST_STEP][PASSED] - if (i == 2 &amp;&amp; wildList.indexOf(symbol) != -1): null

2019-08-10 23:53:12 - [TEST_STEP][PASSED] - if (i == 3 &amp;&amp; wildList.indexOf(symbol) != -1): null

2019-08-10 23:53:12 - [TEST_STEP][PASSED] - if (i == 4 &amp;&amp; wildList.indexOf(symbol) != -1): null

2019-08-10 23:53:12 - [TEST_STEP][PASSED] - println("wild found on reel 5, adding counter by 1"): null

2019-08-10 23:53:12 - [TEST_STEP][PASSED] - free_spin_reel_counter[2] = free_spin_reel_counter[2] + 1: null

2019-08-10 23:53:12 - [TEST_STEP][PASSED] - symbol = symbol: null

2019-08-10 23:53:12 - [TEST_STEP][PASSED] - println(symbol): null

2019-08-10 23:53:12 - [TEST_STEP][PASSED] - if (i == 2 &amp;&amp; wildList.indexOf(symbol) != -1): null

2019-08-10 23:53:12 - [TEST_STEP][PASSED] - if (i == 3 &amp;&amp; wildList.indexOf(symbol) != -1): null

2019-08-10 23:53:12 - [TEST_STEP][PASSED] - if (i == 4 &amp;&amp; wildList.indexOf(symbol) != -1): null

2019-08-10 23:53:12 - [TEST_STEP][PASSED] - symbol = symbol: null

2019-08-10 23:53:12 - [TEST_STEP][PASSED] - println(symbol): null

2019-08-10 23:53:12 - [TEST_STEP][PASSED] - if (i == 2 &amp;&amp; wildList.indexOf(symbol) != -1): null

2019-08-10 23:53:12 - [TEST_STEP][PASSED] - if (i == 3 &amp;&amp; wildList.indexOf(symbol) != -1): null

2019-08-10 23:53:12 - [TEST_STEP][PASSED] - if (i == 4 &amp;&amp; wildList.indexOf(symbol) != -1): null

2019-08-10 23:53:12 - [TEST_STEP][PASSED] - free_spin_reel_counter = free_spin_reel_counter: null

2019-08-10 23:53:12 - [TEST_STEP][PASSED] - println("reel 3 wild found: " + free_spin_reel_counter[0]): null

2019-08-10 23:53:12 - [TEST_STEP][PASSED] - println("reel 4 wild found: " + free_spin_reel_counter[1]): null

2019-08-10 23:53:12 - [TEST_STEP][PASSED] - println("reel 5 wild found: " + free_spin_reel_counter[2]): null

2019-08-10 23:53:12 - [TEST_STEP][PASSED] - M4_spin_reels = M4_spin_reels: null

2019-08-10 23:53:12 - [TEST_STEP][PASSED] - M4_spin_reels_symbols = symbol: null

2019-08-10 23:53:12 - [TEST_STEP][PASSED] - M4_spin_reels_symbols = M4_spin_reels_symbols: null

2019-08-10 23:53:12 - [TEST_STEP][PASSED] - M4_spin_reel_wins = reel_wins: null

2019-08-10 23:53:12 - [TEST_STEP][PASSED] - M4_spin_reel_wins = M4_spin_reel_wins: null

2019-08-10 23:53:12 - [TEST_STEP][PASSED] - println("GlobalVariable.M4_spin_reel_wins is: " + M4_spin_reel_wins): null

2019-08-10 23:53:12 - [TEST_STEP][PASSED] - M4_spin_total_bonus_win_this_round = total_bonus_win_this_round: null

2019-08-10 23:53:12 - [TEST_STEP][PASSED] - M4_spin_total_bonus_win_this_round = M4_spin_total_bonus_win_this_round: null

2019-08-10 23:53:12 - [TEST_STEP][PASSED] - println("GlobalVariable.M4_spin_total_bonus_win_this_round is: " + M4_spin_total_bonus_win_this_round): null

2019-08-10 23:53:12 - [MESSAGE][PASSED] - Verify response successfully

2019-08-10 23:53:12 - [MESSAGE][PASSED] - Send request and verify the response successfully

2019-08-10 23:53:12 - [TEST_STEP][PASSED] - if (M4_total_bonus_spins_int != 0 &amp;&amp; M4_spin_reels_symbols[2].contains("WILD_ExtraFG") || M4_spin_reels_symbols[3].contains("WILD_ExtraFG")): null

2019-08-10 23:53:12 - [TEST_STEP][PASSED] - break: null

2019-08-10 23:53:12 - [TEST_STEP][PASSED] - sendRequestAndVerify(findTestObject("RGS(M4)/1_Round_detail", ["partner":Partner, "M4_spin_round_id":M4_spin_round_id])): Send request and verify the response successfully

2019-08-10 23:53:13 - [TEST_CASE][PASSED] - Start Test Case : Verification: Verification accomplished successfully

2019-08-10 23:53:13 - [TEST_STEP][PASSED] - request = getInstance().getCurrentRequest(): null

2019-08-10 23:53:13 - [TEST_STEP][PASSED] - response = getInstance().getCurrentResponse(): null

2019-08-10 23:53:13 - [TEST_STEP][PASSED] - verifyResponseStatusCode(response, 200): Verify response status code successfully

2019-08-10 23:53:13 - [MESSAGE][PASSED] - Verify response status code successfully

2019-08-10 23:53:13 - [TEST_STEP][PASSED] - getStatusCode()).isEqualTo(200): null

2019-08-10 23:53:13 - [TEST_STEP][PASSED] - newline = System.getProperty("line.separator"): null

2019-08-10 23:53:13 - [TEST_STEP][PASSED] - M4_round = new groovy.json.JsonSlurper(): null

2019-08-10 23:53:13 - [TEST_STEP][PASSED] - M4_round_detail = M4_round.parseText(response.getResponseBodyContent()): null

2019-08-10 23:53:13 - [TEST_STEP][PASSED] - M4_round_object = M4_round_detail: null

2019-08-10 23:53:13 - [TEST_STEP][PASSED] - M4_round_object = M4_round_object: null

2019-08-10 23:53:13 - [TEST_STEP][PASSED] - M4_round_transaction_type = transaction_type: null

2019-08-10 23:53:13 - [TEST_STEP][PASSED] - M4_round_transaction_type = M4_round_transaction_type: null

2019-08-10 23:53:13 - [TEST_STEP][PASSED] - M4_round_player_id = player_id: null

2019-08-10 23:53:13 - [TEST_STEP][PASSED] - M4_round_player_id = M4_round_player_id: null

2019-08-10 23:53:13 - [TEST_STEP][PASSED] - M4_round_booster_type = booster_type: null

2019-08-10 23:53:13 - [TEST_STEP][PASSED] - M4_round_booster_type = M4_round_booster_type: null

2019-08-10 23:53:13 - [TEST_STEP][PASSED] - M4_round_currency = currency: null

2019-08-10 23:53:13 - [TEST_STEP][PASSED] - M4_round_currency = M4_round_currency: null

2019-08-10 23:53:13 - [TEST_STEP][PASSED] - M4_round_id = round_id: null

2019-08-10 23:53:13 - [TEST_STEP][PASSED] - M4_round_id = M4_round_id: null

2019-08-10 23:53:13 - [TEST_STEP][PASSED] - M4_round_transaction_id = transaction_id: null

2019-08-10 23:53:13 - [TEST_STEP][PASSED] - M4_round_transaction_id = M4_round_transaction_id: null

2019-08-10 23:53:13 - [TEST_STEP][PASSED] - M4_round_transaction_time = transaction_time: null

2019-08-10 23:53:13 - [TEST_STEP][PASSED] - M4_round_transaction_time = M4_round_transaction_time: null

2019-08-10 23:53:13 - [TEST_STEP][PASSED] - M4_round_total_win = total_win: null

2019-08-10 23:53:13 - [TEST_STEP][PASSED] - M4_round_total_win = M4_round_total_win: null

2019-08-10 23:53:13 - [TEST_STEP][PASSED] - M4_round_balance_long = balance: null

2019-08-10 23:53:13 - [TEST_STEP][PASSED] - M4_round_balance = Long.toString(M4_round_balance_long): null

2019-08-10 23:53:13 - [TEST_STEP][PASSED] - M4_round_balance = M4_round_balance: null

2019-08-10 23:53:13 - [TEST_STEP][PASSED] - M4_round_total_bet = total_bet: null

2019-08-10 23:53:13 - [TEST_STEP][PASSED] - M4_round_total_bet = M4_round_total_bet: null

2019-08-10 23:53:13 - [TEST_STEP][PASSED] - M4_round_bet_value = bet_value: null

2019-08-10 23:53:13 - [TEST_STEP][PASSED] - M4_round_bet_value = M4_round_bet_value: null

2019-08-10 23:53:13 - [TEST_STEP][PASSED] - M4_round_line = line: null

2019-08-10 23:53:13 - [TEST_STEP][PASSED] - M4_round_line = M4_round_line: null

2019-08-10 23:53:13 - [TEST_STEP][PASSED] - M4_round_reels1 = reels[0]: null

2019-08-10 23:53:13 - [TEST_STEP][PASSED] - M4_round_reels1 = M4_round_reels1: null

2019-08-10 23:53:13 - [TEST_STEP][PASSED] - M4_round_reels2 = reels[1]: null

2019-08-10 23:53:13 - [TEST_STEP][PASSED] - M4_round_reels2 = M4_round_reels2: null

2019-08-10 23:53:13 - [TEST_STEP][PASSED] - M4_round_reels3 = reels[2]: null

2019-08-10 23:53:13 - [TEST_STEP][PASSED] - M4_round_reels3 = M4_round_reels3: null

2019-08-10 23:53:13 - [TEST_STEP][PASSED] - M4_round_reels4 = reels[3]: null

2019-08-10 23:53:13 - [TEST_STEP][PASSED] - M4_round_reels4 = M4_round_reels4: null

2019-08-10 23:53:13 - [TEST_STEP][PASSED] - M4_round_reels5 = reels[4]: null

2019-08-10 23:53:13 - [TEST_STEP][PASSED] - M4_round_reels5 = M4_round_reels5: null

2019-08-10 23:53:13 - [TEST_STEP][PASSED] - M4_round_F_reels1 = reels[0]: null

2019-08-10 23:53:13 - [TEST_STEP][PASSED] - M4_round_F_reels1 = M4_round_F_reels1: null

2019-08-10 23:53:13 - [TEST_STEP][PASSED] - M4_round_F_reels2 = reels[1]: null

2019-08-10 23:53:13 - [TEST_STEP][PASSED] - M4_round_F_reels2 = M4_round_F_reels2: null

2019-08-10 23:53:13 - [TEST_STEP][PASSED] - M4_round_F_reels3 = reels[2]: null

2019-08-10 23:53:13 - [TEST_STEP][PASSED] - M4_round_F_reels3 = M4_round_F_reels3: null

2019-08-10 23:53:13 - [TEST_STEP][PASSED] - M4_round_F_reels4 = reels[3]: null

2019-08-10 23:53:13 - [TEST_STEP][PASSED] - M4_round_F_reels4 = M4_round_F_reels4: null

2019-08-10 23:53:13 - [TEST_STEP][PASSED] - M4_round_F_reels5 = reels[4]: null

2019-08-10 23:53:13 - [TEST_STEP][PASSED] - M4_round_F_reels5 = M4_round_F_reels5: null

2019-08-10 23:53:13 - [TEST_STEP][PASSED] - M4_round_reels0_symbols1 = symbols[0]: null

2019-08-10 23:53:13 - [TEST_STEP][PASSED] - M4_round_reels0_symbols1 = M4_round_reels0_symbols1: null

2019-08-10 23:53:13 - [TEST_STEP][PASSED] - M4_round_reels0_symbols2 = symbols[1]: null

2019-08-10 23:53:13 - [TEST_STEP][PASSED] - M4_round_reels0_symbols2 = M4_round_reels0_symbols2: null

2019-08-10 23:53:13 - [TEST_STEP][PASSED] - M4_round_reels0_symbols3 = symbols[2]: null

2019-08-10 23:53:13 - [TEST_STEP][PASSED] - M4_round_reels0_symbols3 = M4_round_reels0_symbols3: null

2019-08-10 23:53:13 - [TEST_STEP][PASSED] - M4_round_reels1_symbols1 = symbols[0]: null

2019-08-10 23:53:13 - [TEST_STEP][PASSED] - M4_round_reels1_symbols1 = M4_round_reels1_symbols1: null

2019-08-10 23:53:13 - [TEST_STEP][PASSED] - M4_round_reels1_symbols2 = symbols[1]: null

2019-08-10 23:53:13 - [TEST_STEP][PASSED] - M4_round_reels1_symbols2 = M4_round_reels1_symbols2: null

2019-08-10 23:53:13 - [TEST_STEP][PASSED] - M4_round_reels1_symbols3 = symbols[2]: null

2019-08-10 23:53:13 - [TEST_STEP][PASSED] - M4_round_reels1_symbols3 = M4_round_reels1_symbols3: null

2019-08-10 23:53:13 - [TEST_STEP][PASSED] - M4_round_reels1_symbols4 = symbols[3]: null

2019-08-10 23:53:13 - [TEST_STEP][PASSED] - M4_round_reels_symbols_all = symbol: null

2019-08-10 23:53:13 - [TEST_STEP][PASSED] - M4_round_reels_symbols_all = M4_round_reels_symbols_all: null

2019-08-10 23:53:13 - [TEST_STEP][PASSED] - M4_round_features_triggered = features_triggered: null

2019-08-10 23:53:13 - [TEST_STEP][PASSED] - M4_round_features_triggered = M4_round_features_triggered: null

2019-08-10 23:53:13 - [TEST_STEP][PASSED] - M4_round_features_complete = complete: null

2019-08-10 23:53:13 - [TEST_STEP][PASSED] - M4_round_features_complete = M4_round_features_complete: null

2019-08-10 23:53:13 - [TEST_STEP][PASSED] - M4_round_free_spins_left = free_spins_left: null

2019-08-10 23:53:13 - [TEST_STEP][PASSED] - M4_round_free_spins_left = M4_round_free_spins_left: null

2019-08-10 23:53:13 - [TEST_STEP][PASSED] - M4_round_total_free_spin_count = total_free_spin_count: null

2019-08-10 23:53:13 - [TEST_STEP][PASSED] - M4_round_total_free_spin_count = M4_round_total_free_spin_count: null

2019-08-10 23:53:13 - [TEST_STEP][PASSED] - M4_round_total_free_spin_win_amount = total_free_spin_win_amount: null

2019-08-10 23:53:13 - [TEST_STEP][PASSED] - M4_round_total_free_spin_win_amount = M4_round_total_free_spin_win_amount: null

2019-08-10 23:53:13 - [TEST_STEP][PASSED] - M4_round_subfeatures = subfeatures: null

2019-08-10 23:53:13 - [TEST_STEP][PASSED] - M4_round_subfeatures = M4_round_subfeatures: null

2019-08-10 23:53:13 - [TEST_STEP][PASSED] - M4_round_wild_multiplier = wild_multiplier: null

2019-08-10 23:53:13 - [TEST_STEP][PASSED] - M4_round_wild_multiplier = M4_round_wild_multiplier: null

2019-08-10 23:53:13 - [TEST_STEP][PASSED] - M4_round_wild_config = wild_config: null

2019-08-10 23:53:13 - [TEST_STEP][PASSED] - M4_round_wild_config = M4_round_wild_config: null

2019-08-10 23:53:13 - [TEST_STEP][PASSED] - M4_round_wild_config_index = index: null

2019-08-10 23:53:13 - [TEST_STEP][PASSED] - M4_round_original_reels = original_reels: null

2019-08-10 23:53:13 - [TEST_STEP][PASSED] - M4_round_original_reels = M4_round_original_reels: null

2019-08-10 23:53:13 - [TEST_STEP][PASSED] - M4_round_swapped_reels = swapped_reels: null

2019-08-10 23:53:13 - [TEST_STEP][PASSED] - M4_round_swapped_reels = M4_round_swapped_reels: null

2019-08-10 23:53:13 - [TEST_STEP][PASSED] - M4_round_free_spins_added = free_spins_added: null

2019-08-10 23:53:13 - [TEST_STEP][PASSED] - M4_round_spin_result_list = spin_results[0]: null

2019-08-10 23:53:13 - [TEST_STEP][PASSED] - M4_round_spin_result_list = M4_round_spin_result_list: null

2019-08-10 23:53:13 - [TEST_STEP][PASSED] - M4_round_feature_state = feature_state: null

2019-08-10 23:53:13 - [TEST_STEP][PASSED] - M4_round_feature_state = M4_round_feature_state: null

2019-08-10 23:53:13 - [TEST_STEP][PASSED] - M4_round_feature_state_all = feature_state: null

2019-08-10 23:53:13 - [TEST_STEP][PASSED] - M4_round_feature_state_all = M4_round_feature_state_all: null

2019-08-10 23:53:13 - [TEST_STEP][PASSED] - M4_round_features_type = type: null

2019-08-10 23:53:13 - [TEST_STEP][PASSED] - M4_round_features_type = M4_round_features_type: null

2019-08-10 23:53:13 - [TEST_STEP][PASSED] - M4_round_scatter_win = scatter_win: null

2019-08-10 23:53:13 - [TEST_STEP][PASSED] - M4_round_scatter_win = M4_round_scatter_win: null

2019-08-10 23:53:13 - [TEST_STEP][PASSED] - M4_round_spin_result1 = spin_results[1]: null

2019-08-10 23:53:13 - [TEST_STEP][PASSED] - M4_round_spin_result1 = M4_round_spin_result1: null

2019-08-10 23:53:13 - [MESSAGE][PASSED] - Verify response successfully

2019-08-10 23:53:13 - [MESSAGE][PASSED] - Send request and verify the response successfully

2019-08-10 23:53:13 - [TEST_STEP][PASSED] - M4_round_features_triggered = M4_round_features_triggered: null

2019-08-10 23:53:13 - [TEST_STEP][PASSED] - extraFreeSpinIndex = -1: null

2019-08-10 23:53:13 - [TEST_STEP][PASSED] - extraFreeSpinFeatureStateKeys = null: null

2019-08-10 23:53:13 - [TEST_STEP][PASSED] - for ([i = 0, i &lt; M4_round_features_triggered.size(), (i++)]): null

2019-08-10 23:53:13 - [TEST_STEP][PASSED] - if (type.equals("EXTRA_FREE_SPIN")): null

2019-08-10 23:53:13 - [TEST_STEP][PASSED] - if (type.equals("EXTRA_FREE_SPIN")): null

2019-08-10 23:53:13 - [TEST_STEP][PASSED] - if (type.equals("EXTRA_FREE_SPIN")): null

2019-08-10 23:53:13 - [TEST_STEP][PASSED] - extraFreeSpinIndex = i: null

2019-08-10 23:53:13 - [TEST_STEP][PASSED] - extraFreeSpinFeatureStateKeys = feature_state.keySet(): null

2019-08-10 23:53:13 - [TEST_STEP][PASSED] - println(extraFreeSpinIndex): null

2019-08-10 23:53:13 - [TEST_STEP][PASSED] - println(extraFreeSpinFeatureStateKeys): null

2019-08-10 23:53:13 - [TEST_STEP][PASSED] - listOfKeys = new java.util.ArrayList(extraFreeSpinFeatureStateKeys): null

2019-08-10 23:53:13 - [TEST_STEP][PASSED] - Collections.sort(listOfKeys): null

2019-08-10 23:53:13 - [TEST_STEP][PASSED] - Collections.sort(ExtraFG): null

2019-08-10 23:53:13 - [TEST_STEP][PASSED] - println("listOfKeys is:" + listOfKeys): null

2019-08-10 23:53:13 - [TEST_STEP][PASSED] - println("ExtraFG is:" + ExtraFG): null

2019-08-10 23:53:13 - [TEST_STEP][PASSED] - assert listOfKeys.equals(ExtraFG): null

2019-08-10 23:53:13 - [TEST_STEP][PASSED] - callTestCase(findTestCase("M4-Game/Super_Wild/backup/compare_values/3_specific_ExtraFG_verify_value_call_test_case"), ["Partner":Partner, "Userid":Userid, "Game_code":Game_code, "url_krug_gw":url_krug_gw, "secret_key":secret_key, "M4_recorder":M4_recorder]): Call Test Case 'Test Cases/M4-Game/Super_Wild/backup/compare_values/3_specific_ExtraFG_verify_value_call_test_case' successfully

2019-08-10 23:53:13 - [TEST_CASE][PASSED] - Test Cases/M4-Game/Super_Wild/backup/compare_values/3_specific_ExtraFG_verify_value_call_test_case: Test Cases/M4-Game/Super_Wild/backup/compare_values/3_specific_ExtraFG_verify_value_call_test_case

2019-08-10 23:53:14 - [TEST_STEP][PASSED] - sendRequestAndVerify(findTestObject("Wallet/Get_Session_Token", ["url_krug_gw":url_krug_gw, "partner":Partner, "secret_key":secret_key, "userid":Userid])): Send request and verify the response successfully

2019-08-10 23:53:14 - [TEST_CASE][PASSED] - Start Test Case : Verification: Verification accomplished successfully

2019-08-10 23:53:14 - [TEST_STEP][PASSED] - request = getInstance().getCurrentRequest(): null

2019-08-10 23:53:14 - [TEST_STEP][PASSED] - response = getInstance().getCurrentResponse(): null

2019-08-10 23:53:14 - [TEST_STEP][PASSED] - verifyResponseStatusCode(response, 200): Verify response status code successfully

2019-08-10 23:53:14 - [MESSAGE][PASSED] - Verify response status code successfully

2019-08-10 23:53:14 - [TEST_STEP][PASSED] - getStatusCode()).isEqualTo(200): null

2019-08-10 23:53:14 - [TEST_STEP][PASSED] - getResponseText()).contains("session_token"): null

2019-08-10 23:53:14 - [TEST_STEP][PASSED] - getsession = new groovy.json.JsonSlurper(): null

2019-08-10 23:53:14 - [TEST_STEP][PASSED] - result_getsession = getsession.parseText(response.getResponseBodyContent()): null

2019-08-10 23:53:14 - [TEST_STEP][PASSED] - session_token = session_token: null

2019-08-10 23:53:14 - [TEST_STEP][PASSED] - println("...value extracted is :" + session_token): null

2019-08-10 23:53:14 - [TEST_STEP][PASSED] - session_token = session_token: null

2019-08-10 23:53:14 - [TEST_STEP][PASSED] - println("GlobalVariable is :" + session_token): null

2019-08-10 23:53:14 - [TEST_STEP][PASSED] - internal_balance = internal_balance: null

2019-08-10 23:53:14 - [TEST_STEP][PASSED] - internal_balance = internal_balance: null

2019-08-10 23:53:14 - [MESSAGE][PASSED] - Verify response successfully

2019-08-10 23:53:14 - [MESSAGE][PASSED] - Send request and verify the response successfully

2019-08-10 23:53:14 - [TEST_STEP][PASSED] - M4_login = sendRequestAndVerify(findTestObject("RGS(M4)/M4_Login", ["partner":Partner, "game_code":Game_code, "session_token":session_token])): Send request and verify the response successfully

2019-08-10 23:53:14 - [TEST_CASE][PASSED] - Start Test Case : Verification: Verification accomplished successfully

2019-08-10 23:53:14 - [TEST_STEP][PASSED] - request = getInstance().getCurrentRequest(): null

2019-08-10 23:53:14 - [TEST_STEP][PASSED] - response = getInstance().getCurrentResponse(): null

2019-08-10 23:53:14 - [TEST_STEP][PASSED] - verifyResponseStatusCode(response, 200): Verify response status code successfully

2019-08-10 23:53:14 - [MESSAGE][PASSED] - Verify response status code successfully

2019-08-10 23:53:14 - [TEST_STEP][PASSED] - getStatusCode()).isEqualTo(200): null

2019-08-10 23:53:14 - [TEST_STEP][PASSED] - newline = System.getProperty("line.separator"): null

2019-08-10 23:53:14 - [TEST_STEP][PASSED] - M4_login = new groovy.json.JsonSlurper(): null

2019-08-10 23:53:14 - [TEST_STEP][PASSED] - result_M4_login = M4_login.parseText(response.getResponseBodyContent()): null

2019-08-10 23:53:14 - [TEST_STEP][PASSED] - M4_login_user_id = user_id: null

2019-08-10 23:53:14 - [TEST_STEP][PASSED] - println("playerid is: " + M4_login_user_id): null

2019-08-10 23:53:14 - [TEST_STEP][PASSED] - M4_login_user_id = M4_login_user_id: null

2019-08-10 23:53:14 - [MESSAGE][PASSED] - Verify response successfully

2019-08-10 23:53:14 - [MESSAGE][PASSED] - Send request and verify the response successfully

2019-08-10 23:53:14 - [TEST_STEP][PASSED] - M4_login_user_id = M4_login_user_id: null

2019-08-10 23:53:14 - [TEST_STEP][PASSED] - M4_init = sendRequestAndVerify(findTestObject("RGS(M4)/M4_init", ["partner":Partner, "M4_recorder":M4_recorder, "M4_login_user_id":M4_login_user_id])): Send request and verify the response successfully

2019-08-10 23:53:15 - [TEST_CASE][PASSED] - Start Test Case : Verification: Verification accomplished successfully

2019-08-10 23:53:15 - [TEST_STEP][PASSED] - request = getInstance().getCurrentRequest(): null

2019-08-10 23:53:15 - [TEST_STEP][PASSED] - response = getInstance().getCurrentResponse(): null

2019-08-10 23:53:15 - [TEST_STEP][PASSED] - verifyResponseStatusCode(response, 200): Verify response status code successfully

2019-08-10 23:53:15 - [MESSAGE][PASSED] - Verify response status code successfully

2019-08-10 23:53:15 - [TEST_STEP][PASSED] - getStatusCode()).isEqualTo(200): null

2019-08-10 23:53:15 - [TEST_STEP][PASSED] - newline = System.getProperty("line.separator"): null

2019-08-10 23:53:15 - [TEST_STEP][PASSED] - M4_init = new groovy.json.JsonSlurper(): null

2019-08-10 23:53:15 - [TEST_STEP][PASSED] - result_M4_init = M4_init.parseText(response.getResponseBodyContent()): null

2019-08-10 23:53:15 - [TEST_STEP][PASSED] - rgs_session_token = session_token: null

2019-08-10 23:53:15 - [TEST_STEP][PASSED] - rgs_session_token = rgs_session_token: null

2019-08-10 23:53:15 - [TEST_STEP][PASSED] - M4_init_balance = balance: null

2019-08-10 23:53:15 - [TEST_STEP][PASSED] - M4_init_balance = M4_init_balance: null

2019-08-10 23:53:15 - [TEST_STEP][PASSED] - game_code = genesis_id: null

2019-08-10 23:53:15 - [TEST_STEP][PASSED] - game_code = game_code: null

2019-08-10 23:53:15 - [TEST_STEP][PASSED] - M4_free_round = free_round: null

2019-08-10 23:53:15 - [TEST_STEP][PASSED] - M4_free_round = M4_free_round: null

2019-08-10 23:53:15 - [MESSAGE][PASSED] - Verify response successfully

2019-08-10 23:53:15 - [MESSAGE][PASSED] - Send request and verify the response successfully

2019-08-10 23:53:15 - [TEST_STEP][PASSED] - rgs_session_token = rgs_session_token: null

2019-08-10 23:53:15 - [TEST_STEP][PASSED] - sendRequestAndVerify(findTestObject("RGS(M4)/1_Round_detail", ["partner":Partner, "M4_spin_round_id":M4_spin_round_id])): Send request and verify the response successfully

2019-08-10 23:53:15 - [TEST_CASE][PASSED] - Start Test Case : Verification: Verification accomplished successfully

2019-08-10 23:53:15 - [TEST_STEP][PASSED] - request = getInstance().getCurrentRequest(): null

2019-08-10 23:53:15 - [TEST_STEP][PASSED] - response = getInstance().getCurrentResponse(): null

2019-08-10 23:53:15 - [TEST_STEP][PASSED] - verifyResponseStatusCode(response, 200): Verify response status code successfully

2019-08-10 23:53:15 - [MESSAGE][PASSED] - Verify response status code successfully

2019-08-10 23:53:15 - [TEST_STEP][PASSED] - getStatusCode()).isEqualTo(200): null

2019-08-10 23:53:15 - [TEST_STEP][PASSED] - newline = System.getProperty("line.separator"): null

2019-08-10 23:53:15 - [TEST_STEP][PASSED] - M4_round = new groovy.json.JsonSlurper(): null

2019-08-10 23:53:15 - [TEST_STEP][PASSED] - M4_round_detail = M4_round.parseText(response.getResponseBodyContent()): null

2019-08-10 23:53:15 - [TEST_STEP][PASSED] - M4_round_object = M4_round_detail: null

2019-08-10 23:53:15 - [TEST_STEP][PASSED] - M4_round_object = M4_round_object: null

2019-08-10 23:53:15 - [TEST_STEP][PASSED] - M4_round_transaction_type = transaction_type: null

2019-08-10 23:53:15 - [TEST_STEP][PASSED] - M4_round_transaction_type = M4_round_transaction_type: null

2019-08-10 23:53:15 - [TEST_STEP][PASSED] - M4_round_player_id = player_id: null

2019-08-10 23:53:15 - [TEST_STEP][PASSED] - M4_round_player_id = M4_round_player_id: null

2019-08-10 23:53:15 - [TEST_STEP][PASSED] - M4_round_booster_type = booster_type: null

2019-08-10 23:53:15 - [TEST_STEP][PASSED] - M4_round_booster_type = M4_round_booster_type: null

2019-08-10 23:53:15 - [TEST_STEP][PASSED] - M4_round_currency = currency: null

2019-08-10 23:53:15 - [TEST_STEP][PASSED] - M4_round_currency = M4_round_currency: null

2019-08-10 23:53:15 - [TEST_STEP][PASSED] - M4_round_id = round_id: null

2019-08-10 23:53:15 - [TEST_STEP][PASSED] - M4_round_id = M4_round_id: null

2019-08-10 23:53:15 - [TEST_STEP][PASSED] - M4_round_transaction_id = transaction_id: null

2019-08-10 23:53:15 - [TEST_STEP][PASSED] - M4_round_transaction_id = M4_round_transaction_id: null

2019-08-10 23:53:15 - [TEST_STEP][PASSED] - M4_round_transaction_time = transaction_time: null

2019-08-10 23:53:15 - [TEST_STEP][PASSED] - M4_round_transaction_time = M4_round_transaction_time: null

2019-08-10 23:53:15 - [TEST_STEP][PASSED] - M4_round_total_win = total_win: null

2019-08-10 23:53:15 - [TEST_STEP][PASSED] - M4_round_total_win = M4_round_total_win: null

2019-08-10 23:53:15 - [TEST_STEP][PASSED] - M4_round_balance_long = balance: null

2019-08-10 23:53:15 - [TEST_STEP][PASSED] - M4_round_balance = Long.toString(M4_round_balance_long): null

2019-08-10 23:53:15 - [TEST_STEP][PASSED] - M4_round_balance = M4_round_balance: null

2019-08-10 23:53:15 - [TEST_STEP][PASSED] - M4_round_total_bet = total_bet: null

2019-08-10 23:53:15 - [TEST_STEP][PASSED] - M4_round_total_bet = M4_round_total_bet: null

2019-08-10 23:53:15 - [TEST_STEP][PASSED] - M4_round_bet_value = bet_value: null

2019-08-10 23:53:15 - [TEST_STEP][PASSED] - M4_round_bet_value = M4_round_bet_value: null

2019-08-10 23:53:15 - [TEST_STEP][PASSED] - M4_round_line = line: null

2019-08-10 23:53:15 - [TEST_STEP][PASSED] - M4_round_line = M4_round_line: null

2019-08-10 23:53:15 - [TEST_STEP][PASSED] - M4_round_reels1 = reels[0]: null

2019-08-10 23:53:15 - [TEST_STEP][PASSED] - M4_round_reels1 = M4_round_reels1: null

2019-08-10 23:53:15 - [TEST_STEP][PASSED] - M4_round_reels2 = reels[1]: null

2019-08-10 23:53:15 - [TEST_STEP][PASSED] - M4_round_reels2 = M4_round_reels2: null

2019-08-10 23:53:15 - [TEST_STEP][PASSED] - M4_round_reels3 = reels[2]: null

2019-08-10 23:53:15 - [TEST_STEP][PASSED] - M4_round_reels3 = M4_round_reels3: null

2019-08-10 23:53:15 - [TEST_STEP][PASSED] - M4_round_reels4 = reels[3]: null

2019-08-10 23:53:15 - [TEST_STEP][PASSED] - M4_round_reels4 = M4_round_reels4: null

2019-08-10 23:53:15 - [TEST_STEP][PASSED] - M4_round_reels5 = reels[4]: null

2019-08-10 23:53:15 - [TEST_STEP][PASSED] - M4_round_reels5 = M4_round_reels5: null

2019-08-10 23:53:15 - [TEST_STEP][PASSED] - M4_round_F_reels1 = reels[0]: null

2019-08-10 23:53:15 - [TEST_STEP][PASSED] - M4_round_F_reels1 = M4_round_F_reels1: null

2019-08-10 23:53:15 - [TEST_STEP][PASSED] - M4_round_F_reels2 = reels[1]: null

2019-08-10 23:53:15 - [TEST_STEP][PASSED] - M4_round_F_reels2 = M4_round_F_reels2: null

2019-08-10 23:53:15 - [TEST_STEP][PASSED] - M4_round_F_reels3 = reels[2]: null

2019-08-10 23:53:15 - [TEST_STEP][PASSED] - M4_round_F_reels3 = M4_round_F_reels3: null

2019-08-10 23:53:15 - [TEST_STEP][PASSED] - M4_round_F_reels4 = reels[3]: null

2019-08-10 23:53:15 - [TEST_STEP][PASSED] - M4_round_F_reels4 = M4_round_F_reels4: null

2019-08-10 23:53:15 - [TEST_STEP][PASSED] - M4_round_F_reels5 = reels[4]: null

2019-08-10 23:53:15 - [TEST_STEP][PASSED] - M4_round_F_reels5 = M4_round_F_reels5: null

2019-08-10 23:53:15 - [TEST_STEP][PASSED] - M4_round_reels0_symbols1 = symbols[0]: null

2019-08-10 23:53:15 - [TEST_STEP][PASSED] - M4_round_reels0_symbols1 = M4_round_reels0_symbols1: null

2019-08-10 23:53:15 - [TEST_STEP][PASSED] - M4_round_reels0_symbols2 = symbols[1]: null

2019-08-10 23:53:15 - [TEST_STEP][PASSED] - M4_round_reels0_symbols2 = M4_round_reels0_symbols2: null

2019-08-10 23:53:15 - [TEST_STEP][PASSED] - M4_round_reels0_symbols3 = symbols[2]: null

2019-08-10 23:53:15 - [TEST_STEP][PASSED] - M4_round_reels0_symbols3 = M4_round_reels0_symbols3: null

2019-08-10 23:53:15 - [TEST_STEP][PASSED] - M4_round_reels1_symbols1 = symbols[0]: null

2019-08-10 23:53:15 - [TEST_STEP][PASSED] - M4_round_reels1_symbols1 = M4_round_reels1_symbols1: null

2019-08-10 23:53:15 - [TEST_STEP][PASSED] - M4_round_reels1_symbols2 = symbols[1]: null

2019-08-10 23:53:15 - [TEST_STEP][PASSED] - M4_round_reels1_symbols2 = M4_round_reels1_symbols2: null

2019-08-10 23:53:15 - [TEST_STEP][PASSED] - M4_round_reels1_symbols3 = symbols[2]: null

2019-08-10 23:53:15 - [TEST_STEP][PASSED] - M4_round_reels1_symbols3 = M4_round_reels1_symbols3: null

2019-08-10 23:53:15 - [TEST_STEP][PASSED] - M4_round_reels1_symbols4 = symbols[3]: null

2019-08-10 23:53:15 - [TEST_STEP][PASSED] - M4_round_reels_symbols_all = symbol: null

2019-08-10 23:53:15 - [TEST_STEP][PASSED] - M4_round_reels_symbols_all = M4_round_reels_symbols_all: null

2019-08-10 23:53:15 - [TEST_STEP][PASSED] - M4_round_features_triggered = features_triggered: null

2019-08-10 23:53:15 - [TEST_STEP][PASSED] - M4_round_features_triggered = M4_round_features_triggered: null

2019-08-10 23:53:15 - [TEST_STEP][PASSED] - M4_round_features_complete = complete: null

2019-08-10 23:53:15 - [TEST_STEP][PASSED] - M4_round_features_complete = M4_round_features_complete: null

2019-08-10 23:53:15 - [TEST_STEP][PASSED] - M4_round_free_spins_left = free_spins_left: null

2019-08-10 23:53:15 - [TEST_STEP][PASSED] - M4_round_free_spins_left = M4_round_free_spins_left: null

2019-08-10 23:53:15 - [TEST_STEP][PASSED] - M4_round_total_free_spin_count = total_free_spin_count: null

2019-08-10 23:53:15 - [TEST_STEP][PASSED] - M4_round_total_free_spin_count = M4_round_total_free_spin_count: null

2019-08-10 23:53:15 - [TEST_STEP][PASSED] - M4_round_total_free_spin_win_amount = total_free_spin_win_amount: null

2019-08-10 23:53:15 - [TEST_STEP][PASSED] - M4_round_total_free_spin_win_amount = M4_round_total_free_spin_win_amount: null

2019-08-10 23:53:15 - [TEST_STEP][PASSED] - M4_round_subfeatures = subfeatures: null

2019-08-10 23:53:15 - [TEST_STEP][PASSED] - M4_round_subfeatures = M4_round_subfeatures: null

2019-08-10 23:53:15 - [TEST_STEP][PASSED] - M4_round_wild_multiplier = wild_multiplier: null

2019-08-10 23:53:15 - [TEST_STEP][PASSED] - M4_round_wild_multiplier = M4_round_wild_multiplier: null

2019-08-10 23:53:15 - [TEST_STEP][PASSED] - M4_round_wild_config = wild_config: null

2019-08-10 23:53:15 - [TEST_STEP][PASSED] - M4_round_wild_config = M4_round_wild_config: null

2019-08-10 23:53:15 - [TEST_STEP][PASSED] - M4_round_wild_config_index = index: null

2019-08-10 23:53:15 - [TEST_STEP][PASSED] - M4_round_original_reels = original_reels: null

2019-08-10 23:53:15 - [TEST_STEP][PASSED] - M4_round_original_reels = M4_round_original_reels: null

2019-08-10 23:53:15 - [TEST_STEP][PASSED] - M4_round_swapped_reels = swapped_reels: null

2019-08-10 23:53:15 - [TEST_STEP][PASSED] - M4_round_swapped_reels = M4_round_swapped_reels: null

2019-08-10 23:53:15 - [TEST_STEP][PASSED] - M4_round_free_spins_added = free_spins_added: null

2019-08-10 23:53:15 - [TEST_STEP][PASSED] - M4_round_spin_result_list = spin_results[0]: null

2019-08-10 23:53:15 - [TEST_STEP][PASSED] - M4_round_spin_result_list = M4_round_spin_result_list: null

2019-08-10 23:53:15 - [TEST_STEP][PASSED] - M4_round_feature_state = feature_state: null

2019-08-10 23:53:15 - [TEST_STEP][PASSED] - M4_round_feature_state = M4_round_feature_state: null

2019-08-10 23:53:15 - [TEST_STEP][PASSED] - M4_round_feature_state_all = feature_state: null

2019-08-10 23:53:15 - [TEST_STEP][PASSED] - M4_round_feature_state_all = M4_round_feature_state_all: null

2019-08-10 23:53:15 - [TEST_STEP][PASSED] - M4_round_features_type = type: null

2019-08-10 23:53:15 - [TEST_STEP][PASSED] - M4_round_features_type = M4_round_features_type: null

2019-08-10 23:53:15 - [TEST_STEP][PASSED] - M4_round_scatter_win = scatter_win: null

2019-08-10 23:53:15 - [TEST_STEP][PASSED] - M4_round_scatter_win = M4_round_scatter_win: null

2019-08-10 23:53:15 - [TEST_STEP][PASSED] - M4_round_spin_result1 = spin_results[1]: null

2019-08-10 23:53:15 - [TEST_STEP][PASSED] - M4_round_spin_result1 = M4_round_spin_result1: null

2019-08-10 23:53:15 - [MESSAGE][PASSED] - Verify response successfully

2019-08-10 23:53:15 - [MESSAGE][PASSED] - Send request and verify the response successfully

2019-08-10 23:53:15 - [TEST_STEP][PASSED] - M4_round_features_triggered = M4_round_features_triggered: null

2019-08-10 23:53:15 - [TEST_STEP][PASSED] - extraFreeSpinIndex = -1: null

2019-08-10 23:53:15 - [TEST_STEP][PASSED] - extraFreeSpinFeatureStateKeys = null: null

2019-08-10 23:53:15 - [TEST_STEP][PASSED] - extraFreeSpinTypeAndComplete = false: null

2019-08-10 23:53:15 - [TEST_STEP][PASSED] - extraFreeSpinLeft = "": null

2019-08-10 23:53:15 - [TEST_STEP][PASSED] - extraFreeSpinAdded = "": null

2019-08-10 23:53:15 - [TEST_STEP][PASSED] - for ([i = 0, i &lt; M4_round_features_triggered.size(), (i++)]): null

2019-08-10 23:53:15 - [TEST_STEP][PASSED] - trigger = M4_round_features_triggered[i]: null

2019-08-10 23:53:15 - [TEST_STEP][PASSED] - if (type.equals("EXTRA_FREE_SPIN") &amp;&amp; complete == true): null

2019-08-10 23:53:15 - [TEST_STEP][PASSED] - trigger = M4_round_features_triggered[i]: null

2019-08-10 23:53:15 - [TEST_STEP][PASSED] - if (type.equals("EXTRA_FREE_SPIN") &amp;&amp; complete == true): null

2019-08-10 23:53:15 - [TEST_STEP][PASSED] - trigger = M4_round_features_triggered[i]: null

2019-08-10 23:53:15 - [TEST_STEP][PASSED] - if (type.equals("EXTRA_FREE_SPIN") &amp;&amp; complete == true): null

2019-08-10 23:53:15 - [TEST_STEP][PASSED] - extraFreeSpinTypeAndComplete = true: null

2019-08-10 23:53:15 - [TEST_STEP][PASSED] - extraFreeSpinIndex = i: null

2019-08-10 23:53:15 - [TEST_STEP][PASSED] - extraFreeSpinLeft = free_spins_left: null

2019-08-10 23:53:15 - [TEST_STEP][PASSED] - extraFreeSpinAdded = free_spins_added: null

2019-08-10 23:53:15 - [TEST_STEP][PASSED] - println(extraFreeSpinIndex): null

2019-08-10 23:53:15 - [TEST_STEP][PASSED] - freeSpinLeft = free_spins_left: null

2019-08-10 23:53:15 - [TEST_STEP][PASSED] - println("extraFreeSpinTypeAndComplete is:" + extraFreeSpinTypeAndComplete): null

2019-08-10 23:53:15 - [TEST_STEP][PASSED] - println("extraFreeSpinLeft is: " + extraFreeSpinLeft): null

2019-08-10 23:53:15 - [TEST_STEP][PASSED] - println("extraFreeSpinAdded is: " + extraFreeSpinAdded): null

2019-08-10 23:53:15 - [TEST_STEP][PASSED] - assert extraFreeSpinTypeAndComplete == true: null

2019-08-10 23:53:15 - [TEST_STEP][PASSED] - assert extraFreeSpinLeft &gt; freeSpinLeft: null

2019-08-10 23:53:17 - [TEST_STEP][PASSED] - assert extraFreeSpinAdded == extraFreeSpinLeft - freeSpinLeft: null

2019-08-10 23:53:23 - [MESSAGE][PASSED] - Call Test Case 'Test Cases/M4-Game/Super_Wild/backup/compare_values/3_specific_ExtraFG_verify_value_call_test_case' successfully</system-out>
            <system-err></system-err>
        </testcase>
        <system-out>2019-08-10 23:43:38 - [TEST_SUITE][PASSED] - superWild_3: Test Cases/M4-Game/Super_Wild/3_ExtraFG_CALL</system-out>
        <system-err></system-err>
    </testsuite>
</testsuites>
