<?xml version="1.0" encoding="UTF-8" standalone="yes"?>
<testsuites name="superWild_4" time="212" tests="1" failures="0" errors="0">
    <testsuite name="superWild_4" tests="1" failures="0" errors="0" time="212" timestamp="2019-08-10 23:54:37" hostname="eiralee - 172.20.10.2" id="Test Suites/superWild_4">
        <properties>
            <property name="deviceName" value=""/>
            <property name="devicePlatform" value=""/>
            <property name="logFolder" value="/Users/eiralee/EiraLi-Katalon_API/INT_env/Reports/superWild_4/20190810_235422"/>
            <property name="logFiles" value="/Users/eiralee/EiraLi-Katalon_API/INT_env/Reports/superWild_4/20190810_235422/execution0.log, /Users/eiralee/EiraLi-Katalon_API/INT_env/Reports/superWild_4/20190810_235422/execution1.log"/>
            <property name="attachments" value=""/>
            <property name="hostName" value="eiralee - 172.20.10.2"/>
            <property name="hostAddress" value="172.20.10.2"/>
            <property name="os" value="Mac OS X 64bit"/>
            <property name="katalonVersion" value="6.2.0.1"/>
        </properties>
        <testcase name="Test Cases/M4-Game/Super_Wild/4_Multiplier_CALL" classname="Test Cases/M4-Game/Super_Wild/4_Multiplier_CALL" status="PASSED">
            <system-out>2019-08-10 23:54:37 - [TEST_CASE][PASSED] - Test Cases/M4-Game/Super_Wild/4_Multiplier_CALL: Test Cases/M4-Game/Super_Wild/4_Multiplier_CALL

2019-08-10 23:54:38 - [TEST_STEP][PASSED] - Multiplier = new java.util.ArrayList(): null

2019-08-10 23:54:38 - [TEST_STEP][PASSED] - Multiplier.add("wild_multiplier"): null

2019-08-10 23:54:38 - [TEST_STEP][PASSED] - Multiplier.add("wild_config"): null

2019-08-10 23:54:38 - [TEST_STEP][PASSED] - wild_config = new java.util.ArrayList(): null

2019-08-10 23:54:38 - [TEST_STEP][PASSED] - wild_config.add("index"): null

2019-08-10 23:54:38 - [TEST_STEP][PASSED] - wild_config.add("value"): null

2019-08-10 23:54:38 - [TEST_STEP][PASSED] - sendRequestAndVerify(findTestObject("Wallet/Get_Session_Token", ["url_krug_gw":url_krug_gw, "partner":Partner, "secret_key":secret_key, "userid":Userid])): Send request and verify the response successfully

2019-08-10 23:54:39 - [TEST_CASE][PASSED] - Start Test Case : Verification: Verification accomplished successfully

2019-08-10 23:54:39 - [TEST_STEP][PASSED] - request = getInstance().getCurrentRequest(): null

2019-08-10 23:54:39 - [TEST_STEP][PASSED] - response = getInstance().getCurrentResponse(): null

2019-08-10 23:54:39 - [TEST_STEP][PASSED] - verifyResponseStatusCode(response, 200): Verify response status code successfully

2019-08-10 23:54:39 - [MESSAGE][PASSED] - Verify response status code successfully

2019-08-10 23:54:39 - [TEST_STEP][PASSED] - getStatusCode()).isEqualTo(200): null

2019-08-10 23:54:39 - [TEST_STEP][PASSED] - getResponseText()).contains("session_token"): null

2019-08-10 23:54:39 - [TEST_STEP][PASSED] - getsession = new groovy.json.JsonSlurper(): null

2019-08-10 23:54:39 - [TEST_STEP][PASSED] - result_getsession = getsession.parseText(response.getResponseBodyContent()): null

2019-08-10 23:54:39 - [TEST_STEP][PASSED] - session_token = session_token: null

2019-08-10 23:54:39 - [TEST_STEP][PASSED] - println("...value extracted is :" + session_token): null

2019-08-10 23:54:39 - [TEST_STEP][PASSED] - session_token = session_token: null

2019-08-10 23:54:41 - [TEST_STEP][PASSED] - println("GlobalVariable is :" + session_token): null

2019-08-10 23:54:41 - [TEST_STEP][PASSED] - internal_balance = internal_balance: null

2019-08-10 23:54:41 - [TEST_STEP][PASSED] - internal_balance = internal_balance: null

2019-08-10 23:54:41 - [MESSAGE][PASSED] - Verify response successfully

2019-08-10 23:54:41 - [MESSAGE][PASSED] - Send request and verify the response successfully

2019-08-10 23:54:41 - [TEST_STEP][PASSED] - M4_login = sendRequestAndVerify(findTestObject("RGS(M4)/M4_Login", ["partner":Partner, "game_code":Game_code, "session_token":session_token])): Send request and verify the response successfully

2019-08-10 23:54:42 - [TEST_CASE][PASSED] - Start Test Case : Verification: Verification accomplished successfully

2019-08-10 23:54:42 - [TEST_STEP][PASSED] - request = getInstance().getCurrentRequest(): null

2019-08-10 23:54:42 - [TEST_STEP][PASSED] - response = getInstance().getCurrentResponse(): null

2019-08-10 23:54:42 - [TEST_STEP][PASSED] - verifyResponseStatusCode(response, 200): Verify response status code successfully

2019-08-10 23:54:42 - [MESSAGE][PASSED] - Verify response status code successfully

2019-08-10 23:54:42 - [TEST_STEP][PASSED] - getStatusCode()).isEqualTo(200): null

2019-08-10 23:54:42 - [TEST_STEP][PASSED] - newline = System.getProperty("line.separator"): null

2019-08-10 23:54:42 - [TEST_STEP][PASSED] - M4_login = new groovy.json.JsonSlurper(): null

2019-08-10 23:54:42 - [TEST_STEP][PASSED] - result_M4_login = M4_login.parseText(response.getResponseBodyContent()): null

2019-08-10 23:54:42 - [TEST_STEP][PASSED] - M4_login_user_id = user_id: null

2019-08-10 23:54:42 - [TEST_STEP][PASSED] - println("playerid is: " + M4_login_user_id): null

2019-08-10 23:54:42 - [TEST_STEP][PASSED] - M4_login_user_id = M4_login_user_id: null

2019-08-10 23:54:42 - [MESSAGE][PASSED] - Verify response successfully

2019-08-10 23:54:42 - [MESSAGE][PASSED] - Send request and verify the response successfully

2019-08-10 23:54:42 - [TEST_STEP][PASSED] - M4_login_user_id = M4_login_user_id: null

2019-08-10 23:54:42 - [TEST_STEP][PASSED] - M4_init = sendRequestAndVerify(findTestObject("RGS(M4)/M4_init", ["partner":Partner, "M4_recorder":M4_recorder, "M4_login_user_id":M4_login_user_id])): Send request and verify the response successfully

2019-08-10 23:54:42 - [TEST_CASE][PASSED] - Start Test Case : Verification: Verification accomplished successfully

2019-08-10 23:54:42 - [TEST_STEP][PASSED] - request = getInstance().getCurrentRequest(): null

2019-08-10 23:54:42 - [TEST_STEP][PASSED] - response = getInstance().getCurrentResponse(): null

2019-08-10 23:54:42 - [TEST_STEP][PASSED] - verifyResponseStatusCode(response, 200): Verify response status code successfully

2019-08-10 23:54:42 - [MESSAGE][PASSED] - Verify response status code successfully

2019-08-10 23:54:42 - [TEST_STEP][PASSED] - getStatusCode()).isEqualTo(200): null

2019-08-10 23:54:42 - [TEST_STEP][PASSED] - newline = System.getProperty("line.separator"): null

2019-08-10 23:54:42 - [TEST_STEP][PASSED] - M4_init = new groovy.json.JsonSlurper(): null

2019-08-10 23:54:42 - [TEST_STEP][PASSED] - result_M4_init = M4_init.parseText(response.getResponseBodyContent()): null

2019-08-10 23:54:42 - [TEST_STEP][PASSED] - rgs_session_token = session_token: null

2019-08-10 23:54:42 - [TEST_STEP][PASSED] - rgs_session_token = rgs_session_token: null

2019-08-10 23:54:42 - [TEST_STEP][PASSED] - M4_init_balance = balance: null

2019-08-10 23:54:42 - [TEST_STEP][PASSED] - M4_init_balance = M4_init_balance: null

2019-08-10 23:54:42 - [TEST_STEP][PASSED] - game_code = genesis_id: null

2019-08-10 23:54:42 - [TEST_STEP][PASSED] - game_code = game_code: null

2019-08-10 23:54:42 - [TEST_STEP][PASSED] - M4_free_round = free_round: null

2019-08-10 23:54:42 - [TEST_STEP][PASSED] - M4_free_round = M4_free_round: null

2019-08-10 23:54:42 - [MESSAGE][PASSED] - Verify response successfully

2019-08-10 23:54:42 - [MESSAGE][PASSED] - Send request and verify the response successfully

2019-08-10 23:54:42 - [TEST_STEP][PASSED] - rgs_session_token = rgs_session_token: null

2019-08-10 23:54:42 - [TEST_STEP][PASSED] - for ([i = 0, i &lt;= 500, (i++)]): null

2019-08-10 23:54:42 - [TEST_STEP][PASSED] - free_spin_reel_counter = free_spin_reel_counter: null

2019-08-10 23:54:42 - [TEST_STEP][PASSED] - M4_spin_reels_symbols = M4_spin_reels_symbols: null

2019-08-10 23:54:42 - [TEST_STEP][PASSED] - M4_total_bonus_spins = M4_total_bonus_spins: null

2019-08-10 23:54:42 - [TEST_STEP][PASSED] - spin_result = sendRequestAndVerify(findTestObject("RGS(M4)/1_M4_spin", ["M4_login_user_id":M4_login_user_id, "rgs_session_token":rgs_session_token, "partner":Partner])): Send request and verify the response successfully

2019-08-10 23:54:43 - [TEST_CASE][PASSED] - Start Test Case : Verification: Verification accomplished successfully

2019-08-10 23:54:43 - [TEST_STEP][PASSED] - request = getInstance().getCurrentRequest(): null

2019-08-10 23:54:43 - [TEST_STEP][PASSED] - response = getInstance().getCurrentResponse(): null

2019-08-10 23:54:43 - [TEST_STEP][PASSED] - verifyResponseStatusCode(response, 200): Verify response status code successfully

2019-08-10 23:54:43 - [MESSAGE][PASSED] - Verify response status code successfully

2019-08-10 23:54:43 - [TEST_STEP][PASSED] - getStatusCode()).isEqualTo(200): null

2019-08-10 23:54:43 - [TEST_STEP][PASSED] - newline = System.getProperty("line.separator"): null

2019-08-10 23:54:43 - [TEST_STEP][PASSED] - M4_spin = new groovy.json.JsonSlurper(): null

2019-08-10 23:54:43 - [TEST_STEP][PASSED] - result_M4_spin = M4_spin.parseText(response.getResponseBodyContent()): null

2019-08-10 23:54:43 - [TEST_STEP][PASSED] - M4_spin_current_balance = current_balance: null

2019-08-10 23:54:43 - [TEST_STEP][PASSED] - M4_spin_current_balance = M4_spin_current_balance: null

2019-08-10 23:54:43 - [TEST_STEP][PASSED] - M4_spin_transaction_id = causality: null

2019-08-10 23:54:43 - [TEST_STEP][PASSED] - M4_spin_transaction_id = M4_spin_transaction_id: null

2019-08-10 23:54:43 - [TEST_STEP][PASSED] - M4_spin_round_id = round_id: null

2019-08-10 23:54:43 - [TEST_STEP][PASSED] - M4_spin_round_id = M4_spin_round_id: null

2019-08-10 23:54:43 - [TEST_STEP][PASSED] - M4_spin_line_wins = line_wins: null

2019-08-10 23:54:43 - [TEST_STEP][PASSED] - M4_spin_line_wins = M4_spin_line_wins: null

2019-08-10 23:54:43 - [TEST_STEP][PASSED] - M4_total_bonus_spins_int = total_bonus_spins: null

2019-08-10 23:54:43 - [TEST_STEP][PASSED] - println("******M4_total_bonus_spins type is:*******" + newline + getClass().getName()): null

2019-08-10 23:54:43 - [TEST_STEP][PASSED] - M4_total_bonus_spins_int = M4_total_bonus_spins_int: null

2019-08-10 23:54:43 - [TEST_STEP][PASSED] - M4_total_bonus_spins = Integer.toString(M4_total_bonus_spins_int): null

2019-08-10 23:54:43 - [TEST_STEP][PASSED] - M4_total_bonus_spins = M4_total_bonus_spins: null

2019-08-10 23:54:43 - [TEST_STEP][PASSED] - println("M4_total_bonus_spins is:" + M4_total_bonus_spins): null

2019-08-10 23:54:43 - [TEST_STEP][PASSED] - M4_spin_bonus_data = bonus_data: null

2019-08-10 23:54:43 - [TEST_STEP][PASSED] - M4_spin_features_triggered = result_M4_spin: null

2019-08-10 23:54:43 - [TEST_STEP][PASSED] - wild = []: null

2019-08-10 23:54:43 - [TEST_STEP][PASSED] - wild[0] = "WILD_Expanding": null

2019-08-10 23:54:43 - [TEST_STEP][PASSED] - wild[1] = "WILD_Normal": null

2019-08-10 23:54:43 - [TEST_STEP][PASSED] - wild[2] = "WILD_Double": null

2019-08-10 23:54:43 - [TEST_STEP][PASSED] - wild[3] = "WILD_ExtraFG": null

2019-08-10 23:54:43 - [TEST_STEP][PASSED] - wild[4] = "WILD_Triple": null

2019-08-10 23:54:43 - [TEST_STEP][PASSED] - wildList = Arrays.asList(wild): null

2019-08-10 23:54:43 - [TEST_STEP][PASSED] - wildList = wildList: null

2019-08-10 23:54:43 - [TEST_STEP][PASSED] - free_spin_reel_counter = []: null

2019-08-10 23:54:43 - [TEST_STEP][PASSED] - free_spin_reel_counter[0] = 0: null

2019-08-10 23:54:43 - [TEST_STEP][PASSED] - free_spin_reel_counter[1] = 0: null

2019-08-10 23:54:43 - [TEST_STEP][PASSED] - free_spin_reel_counter[2] = 0: null

2019-08-10 23:54:43 - [TEST_STEP][PASSED] - M4_spin_reels = reels: null

2019-08-10 23:54:43 - [TEST_STEP][PASSED] - for ([i = 0, i &lt; M4_spin_reels.size(), (i++)]): null

2019-08-10 23:54:43 - [TEST_STEP][PASSED] - symbols = symbols: null

2019-08-10 23:54:43 - [TEST_STEP][PASSED] - for ([j = 0, j &lt; symbols.size(), (j++)]): null

2019-08-10 23:54:43 - [TEST_STEP][PASSED] - symbol = symbol: null

2019-08-10 23:54:43 - [TEST_STEP][PASSED] - println(symbol): null

2019-08-10 23:54:43 - [TEST_STEP][PASSED] - if (i == 2 &amp;&amp; wildList.indexOf(symbol) != -1): null

2019-08-10 23:54:43 - [TEST_STEP][PASSED] - if (i == 3 &amp;&amp; wildList.indexOf(symbol) != -1): null

2019-08-10 23:54:43 - [TEST_STEP][PASSED] - if (i == 4 &amp;&amp; wildList.indexOf(symbol) != -1): null

2019-08-10 23:54:43 - [TEST_STEP][PASSED] - symbol = symbol: null

2019-08-10 23:54:43 - [TEST_STEP][PASSED] - println(symbol): null

2019-08-10 23:54:43 - [TEST_STEP][PASSED] - if (i == 2 &amp;&amp; wildList.indexOf(symbol) != -1): null

2019-08-10 23:54:43 - [TEST_STEP][PASSED] - if (i == 3 &amp;&amp; wildList.indexOf(symbol) != -1): null

2019-08-10 23:54:43 - [TEST_STEP][PASSED] - if (i == 4 &amp;&amp; wildList.indexOf(symbol) != -1): null

2019-08-10 23:54:43 - [TEST_STEP][PASSED] - symbol = symbol: null

2019-08-10 23:54:43 - [TEST_STEP][PASSED] - println(symbol): null

2019-08-10 23:54:43 - [TEST_STEP][PASSED] - if (i == 2 &amp;&amp; wildList.indexOf(symbol) != -1): null

2019-08-10 23:54:43 - [TEST_STEP][PASSED] - if (i == 3 &amp;&amp; wildList.indexOf(symbol) != -1): null

2019-08-10 23:54:43 - [TEST_STEP][PASSED] - if (i == 4 &amp;&amp; wildList.indexOf(symbol) != -1): null

2019-08-10 23:54:43 - [TEST_STEP][PASSED] - symbols = symbols: null

2019-08-10 23:54:43 - [TEST_STEP][PASSED] - for ([j = 0, j &lt; symbols.size(), (j++)]): null

2019-08-10 23:54:43 - [TEST_STEP][PASSED] - symbol = symbol: null

2019-08-10 23:54:43 - [TEST_STEP][PASSED] - println(symbol): null

2019-08-10 23:54:43 - [TEST_STEP][PASSED] - if (i == 2 &amp;&amp; wildList.indexOf(symbol) != -1): null

2019-08-10 23:54:43 - [TEST_STEP][PASSED] - if (i == 3 &amp;&amp; wildList.indexOf(symbol) != -1): null

2019-08-10 23:54:43 - [TEST_STEP][PASSED] - if (i == 4 &amp;&amp; wildList.indexOf(symbol) != -1): null

2019-08-10 23:54:43 - [TEST_STEP][PASSED] - symbol = symbol: null

2019-08-10 23:54:43 - [TEST_STEP][PASSED] - println(symbol): null

2019-08-10 23:54:43 - [TEST_STEP][PASSED] - if (i == 2 &amp;&amp; wildList.indexOf(symbol) != -1): null

2019-08-10 23:54:43 - [TEST_STEP][PASSED] - if (i == 3 &amp;&amp; wildList.indexOf(symbol) != -1): null

2019-08-10 23:54:43 - [TEST_STEP][PASSED] - if (i == 4 &amp;&amp; wildList.indexOf(symbol) != -1): null

2019-08-10 23:54:43 - [TEST_STEP][PASSED] - symbol = symbol: null

2019-08-10 23:54:43 - [TEST_STEP][PASSED] - println(symbol): null

2019-08-10 23:54:43 - [TEST_STEP][PASSED] - if (i == 2 &amp;&amp; wildList.indexOf(symbol) != -1): null

2019-08-10 23:54:43 - [TEST_STEP][PASSED] - if (i == 3 &amp;&amp; wildList.indexOf(symbol) != -1): null

2019-08-10 23:54:43 - [TEST_STEP][PASSED] - if (i == 4 &amp;&amp; wildList.indexOf(symbol) != -1): null

2019-08-10 23:54:43 - [TEST_STEP][PASSED] - symbols = symbols: null

2019-08-10 23:54:43 - [TEST_STEP][PASSED] - for ([j = 0, j &lt; symbols.size(), (j++)]): null

2019-08-10 23:54:43 - [TEST_STEP][PASSED] - symbol = symbol: null

2019-08-10 23:54:43 - [TEST_STEP][PASSED] - println(symbol): null

2019-08-10 23:54:43 - [TEST_STEP][PASSED] - if (i == 2 &amp;&amp; wildList.indexOf(symbol) != -1): null

2019-08-10 23:54:43 - [TEST_STEP][PASSED] - if (i == 3 &amp;&amp; wildList.indexOf(symbol) != -1): null

2019-08-10 23:54:43 - [TEST_STEP][PASSED] - if (i == 4 &amp;&amp; wildList.indexOf(symbol) != -1): null

2019-08-10 23:54:43 - [TEST_STEP][PASSED] - symbol = symbol: null

2019-08-10 23:54:43 - [TEST_STEP][PASSED] - println(symbol): null

2019-08-10 23:54:43 - [TEST_STEP][PASSED] - if (i == 2 &amp;&amp; wildList.indexOf(symbol) != -1): null

2019-08-10 23:54:43 - [TEST_STEP][PASSED] - if (i == 3 &amp;&amp; wildList.indexOf(symbol) != -1): null

2019-08-10 23:54:43 - [TEST_STEP][PASSED] - if (i == 4 &amp;&amp; wildList.indexOf(symbol) != -1): null

2019-08-10 23:54:43 - [TEST_STEP][PASSED] - symbol = symbol: null

2019-08-10 23:54:43 - [TEST_STEP][PASSED] - println(symbol): null

2019-08-10 23:54:43 - [TEST_STEP][PASSED] - if (i == 2 &amp;&amp; wildList.indexOf(symbol) != -1): null

2019-08-10 23:54:43 - [TEST_STEP][PASSED] - if (i == 3 &amp;&amp; wildList.indexOf(symbol) != -1): null

2019-08-10 23:54:43 - [TEST_STEP][PASSED] - if (i == 4 &amp;&amp; wildList.indexOf(symbol) != -1): null

2019-08-10 23:54:43 - [TEST_STEP][PASSED] - symbols = symbols: null

2019-08-10 23:54:43 - [TEST_STEP][PASSED] - for ([j = 0, j &lt; symbols.size(), (j++)]): null

2019-08-10 23:54:43 - [TEST_STEP][PASSED] - symbol = symbol: null

2019-08-10 23:54:43 - [TEST_STEP][PASSED] - println(symbol): null

2019-08-10 23:54:43 - [TEST_STEP][PASSED] - if (i == 2 &amp;&amp; wildList.indexOf(symbol) != -1): null

2019-08-10 23:54:43 - [TEST_STEP][PASSED] - if (i == 3 &amp;&amp; wildList.indexOf(symbol) != -1): null

2019-08-10 23:54:43 - [TEST_STEP][PASSED] - if (i == 4 &amp;&amp; wildList.indexOf(symbol) != -1): null

2019-08-10 23:54:43 - [TEST_STEP][PASSED] - symbol = symbol: null

2019-08-10 23:54:43 - [TEST_STEP][PASSED] - println(symbol): null

2019-08-10 23:54:43 - [TEST_STEP][PASSED] - if (i == 2 &amp;&amp; wildList.indexOf(symbol) != -1): null

2019-08-10 23:54:43 - [TEST_STEP][PASSED] - if (i == 3 &amp;&amp; wildList.indexOf(symbol) != -1): null

2019-08-10 23:54:43 - [TEST_STEP][PASSED] - if (i == 4 &amp;&amp; wildList.indexOf(symbol) != -1): null

2019-08-10 23:54:43 - [TEST_STEP][PASSED] - symbol = symbol: null

2019-08-10 23:54:43 - [TEST_STEP][PASSED] - println(symbol): null

2019-08-10 23:54:43 - [TEST_STEP][PASSED] - if (i == 2 &amp;&amp; wildList.indexOf(symbol) != -1): null

2019-08-10 23:54:43 - [TEST_STEP][PASSED] - if (i == 3 &amp;&amp; wildList.indexOf(symbol) != -1): null

2019-08-10 23:54:43 - [TEST_STEP][PASSED] - if (i == 4 &amp;&amp; wildList.indexOf(symbol) != -1): null

2019-08-10 23:54:43 - [TEST_STEP][PASSED] - symbols = symbols: null

2019-08-10 23:54:43 - [TEST_STEP][PASSED] - for ([j = 0, j &lt; symbols.size(), (j++)]): null

2019-08-10 23:54:43 - [TEST_STEP][PASSED] - symbol = symbol: null

2019-08-10 23:54:43 - [TEST_STEP][PASSED] - println(symbol): null

2019-08-10 23:54:43 - [TEST_STEP][PASSED] - if (i == 2 &amp;&amp; wildList.indexOf(symbol) != -1): null

2019-08-10 23:54:43 - [TEST_STEP][PASSED] - if (i == 3 &amp;&amp; wildList.indexOf(symbol) != -1): null

2019-08-10 23:54:43 - [TEST_STEP][PASSED] - if (i == 4 &amp;&amp; wildList.indexOf(symbol) != -1): null

2019-08-10 23:54:43 - [TEST_STEP][PASSED] - symbol = symbol: null

2019-08-10 23:54:43 - [TEST_STEP][PASSED] - println(symbol): null

2019-08-10 23:54:43 - [TEST_STEP][PASSED] - if (i == 2 &amp;&amp; wildList.indexOf(symbol) != -1): null

2019-08-10 23:54:43 - [TEST_STEP][PASSED] - if (i == 3 &amp;&amp; wildList.indexOf(symbol) != -1): null

2019-08-10 23:54:43 - [TEST_STEP][PASSED] - if (i == 4 &amp;&amp; wildList.indexOf(symbol) != -1): null

2019-08-10 23:54:43 - [TEST_STEP][PASSED] - symbol = symbol: null

2019-08-10 23:54:43 - [TEST_STEP][PASSED] - println(symbol): null

2019-08-10 23:54:43 - [TEST_STEP][PASSED] - if (i == 2 &amp;&amp; wildList.indexOf(symbol) != -1): null

2019-08-10 23:54:43 - [TEST_STEP][PASSED] - if (i == 3 &amp;&amp; wildList.indexOf(symbol) != -1): null

2019-08-10 23:54:43 - [TEST_STEP][PASSED] - if (i == 4 &amp;&amp; wildList.indexOf(symbol) != -1): null

2019-08-10 23:54:43 - [TEST_STEP][PASSED] - free_spin_reel_counter = free_spin_reel_counter: null

2019-08-10 23:54:43 - [TEST_STEP][PASSED] - println("reel 3 wild found: " + free_spin_reel_counter[0]): null

2019-08-10 23:54:43 - [TEST_STEP][PASSED] - println("reel 4 wild found: " + free_spin_reel_counter[1]): null

2019-08-10 23:54:43 - [TEST_STEP][PASSED] - println("reel 5 wild found: " + free_spin_reel_counter[2]): null

2019-08-10 23:54:43 - [TEST_STEP][PASSED] - M4_spin_reels = M4_spin_reels: null

2019-08-10 23:54:43 - [TEST_STEP][PASSED] - M4_spin_reels_symbols = symbol: null

2019-08-10 23:54:43 - [TEST_STEP][PASSED] - M4_spin_reels_symbols = M4_spin_reels_symbols: null

2019-08-10 23:54:43 - [TEST_STEP][PASSED] - M4_spin_reel_wins = reel_wins: null

2019-08-10 23:54:43 - [TEST_STEP][PASSED] - M4_spin_reel_wins = M4_spin_reel_wins: null

2019-08-10 23:54:43 - [TEST_STEP][PASSED] - println("GlobalVariable.M4_spin_reel_wins is: " + M4_spin_reel_wins): null

2019-08-10 23:54:43 - [TEST_STEP][PASSED] - M4_spin_total_bonus_win_this_round = total_bonus_win_this_round: null

2019-08-10 23:54:43 - [TEST_STEP][PASSED] - M4_spin_total_bonus_win_this_round = M4_spin_total_bonus_win_this_round: null

2019-08-10 23:54:43 - [TEST_STEP][PASSED] - println("GlobalVariable.M4_spin_total_bonus_win_this_round is: " + M4_spin_total_bonus_win_this_round): null

2019-08-10 23:54:43 - [MESSAGE][PASSED] - Verify response successfully

2019-08-10 23:54:43 - [MESSAGE][PASSED] - Send request and verify the response successfully

2019-08-10 23:54:43 - [TEST_STEP][PASSED] - if (M4_total_bonus_spins_int != 0 &amp;&amp; M4_spin_reels_symbols[2].contains("WILD_Double") || M4_spin_reels_symbols[4].contains("WILD_Triple")): null

2019-08-10 23:54:43 - [TEST_STEP][PASSED] - free_spin_reel_counter = free_spin_reel_counter: null

2019-08-10 23:54:43 - [TEST_STEP][PASSED] - M4_spin_reels_symbols = M4_spin_reels_symbols: null

2019-08-10 23:54:43 - [TEST_STEP][PASSED] - M4_total_bonus_spins = M4_total_bonus_spins: null

2019-08-10 23:54:43 - [TEST_STEP][PASSED] - spin_result = sendRequestAndVerify(findTestObject("RGS(M4)/1_M4_spin", ["M4_login_user_id":M4_login_user_id, "rgs_session_token":rgs_session_token, "partner":Partner])): Send request and verify the response successfully

2019-08-10 23:54:43 - [TEST_CASE][PASSED] - Start Test Case : Verification: Verification accomplished successfully

2019-08-10 23:54:43 - [TEST_STEP][PASSED] - request = getInstance().getCurrentRequest(): null

2019-08-10 23:54:43 - [TEST_STEP][PASSED] - response = getInstance().getCurrentResponse(): null

2019-08-10 23:54:43 - [TEST_STEP][PASSED] - verifyResponseStatusCode(response, 200): Verify response status code successfully

2019-08-10 23:54:43 - [MESSAGE][PASSED] - Verify response status code successfully

2019-08-10 23:54:43 - [TEST_STEP][PASSED] - getStatusCode()).isEqualTo(200): null

2019-08-10 23:54:43 - [TEST_STEP][PASSED] - newline = System.getProperty("line.separator"): null

2019-08-10 23:54:43 - [TEST_STEP][PASSED] - M4_spin = new groovy.json.JsonSlurper(): null

2019-08-10 23:54:43 - [TEST_STEP][PASSED] - result_M4_spin = M4_spin.parseText(response.getResponseBodyContent()): null

2019-08-10 23:54:43 - [TEST_STEP][PASSED] - M4_spin_current_balance = current_balance: null

2019-08-10 23:54:43 - [TEST_STEP][PASSED] - M4_spin_current_balance = M4_spin_current_balance: null

2019-08-10 23:54:43 - [TEST_STEP][PASSED] - M4_spin_transaction_id = causality: null

2019-08-10 23:54:43 - [TEST_STEP][PASSED] - M4_spin_transaction_id = M4_spin_transaction_id: null

2019-08-10 23:54:43 - [TEST_STEP][PASSED] - M4_spin_round_id = round_id: null

2019-08-10 23:54:43 - [TEST_STEP][PASSED] - M4_spin_round_id = M4_spin_round_id: null

2019-08-10 23:54:43 - [TEST_STEP][PASSED] - M4_spin_line_wins = line_wins: null

2019-08-10 23:54:43 - [TEST_STEP][PASSED] - M4_spin_line_wins = M4_spin_line_wins: null

2019-08-10 23:54:43 - [TEST_STEP][PASSED] - M4_total_bonus_spins_int = total_bonus_spins: null

2019-08-10 23:54:43 - [TEST_STEP][PASSED] - println("******M4_total_bonus_spins type is:*******" + newline + getClass().getName()): null

2019-08-10 23:54:43 - [TEST_STEP][PASSED] - M4_total_bonus_spins_int = M4_total_bonus_spins_int: null

2019-08-10 23:54:43 - [TEST_STEP][PASSED] - M4_total_bonus_spins = Integer.toString(M4_total_bonus_spins_int): null

2019-08-10 23:54:43 - [TEST_STEP][PASSED] - M4_total_bonus_spins = M4_total_bonus_spins: null

2019-08-10 23:54:43 - [TEST_STEP][PASSED] - println("M4_total_bonus_spins is:" + M4_total_bonus_spins): null

2019-08-10 23:54:43 - [TEST_STEP][PASSED] - M4_spin_bonus_data = bonus_data: null

2019-08-10 23:54:43 - [TEST_STEP][PASSED] - M4_spin_features_triggered = result_M4_spin: null

2019-08-10 23:54:43 - [TEST_STEP][PASSED] - wild = []: null

2019-08-10 23:54:43 - [TEST_STEP][PASSED] - wild[0] = "WILD_Expanding": null

2019-08-10 23:54:43 - [TEST_STEP][PASSED] - wild[1] = "WILD_Normal": null

2019-08-10 23:54:43 - [TEST_STEP][PASSED] - wild[2] = "WILD_Double": null

2019-08-10 23:54:43 - [TEST_STEP][PASSED] - wild[3] = "WILD_ExtraFG": null

2019-08-10 23:54:43 - [TEST_STEP][PASSED] - wild[4] = "WILD_Triple": null

2019-08-10 23:54:43 - [TEST_STEP][PASSED] - wildList = Arrays.asList(wild): null

2019-08-10 23:54:43 - [TEST_STEP][PASSED] - wildList = wildList: null

2019-08-10 23:54:43 - [TEST_STEP][PASSED] - free_spin_reel_counter = []: null

2019-08-10 23:54:43 - [TEST_STEP][PASSED] - free_spin_reel_counter[0] = 0: null

2019-08-10 23:54:43 - [TEST_STEP][PASSED] - free_spin_reel_counter[1] = 0: null

2019-08-10 23:54:43 - [TEST_STEP][PASSED] - free_spin_reel_counter[2] = 0: null

2019-08-10 23:54:43 - [TEST_STEP][PASSED] - M4_spin_reels = reels: null

2019-08-10 23:54:43 - [TEST_STEP][PASSED] - for ([i = 0, i &lt; M4_spin_reels.size(), (i++)]): null

2019-08-10 23:54:43 - [TEST_STEP][PASSED] - symbols = symbols: null

2019-08-10 23:54:43 - [TEST_STEP][PASSED] - for ([j = 0, j &lt; symbols.size(), (j++)]): null

2019-08-10 23:54:43 - [TEST_STEP][PASSED] - symbol = symbol: null

2019-08-10 23:54:43 - [TEST_STEP][PASSED] - println(symbol): null

2019-08-10 23:54:43 - [TEST_STEP][PASSED] - if (i == 2 &amp;&amp; wildList.indexOf(symbol) != -1): null

2019-08-10 23:54:43 - [TEST_STEP][PASSED] - if (i == 3 &amp;&amp; wildList.indexOf(symbol) != -1): null

2019-08-10 23:54:43 - [TEST_STEP][PASSED] - if (i == 4 &amp;&amp; wildList.indexOf(symbol) != -1): null

2019-08-10 23:54:43 - [TEST_STEP][PASSED] - symbol = symbol: null

2019-08-10 23:54:43 - [TEST_STEP][PASSED] - println(symbol): null

2019-08-10 23:54:43 - [TEST_STEP][PASSED] - if (i == 2 &amp;&amp; wildList.indexOf(symbol) != -1): null

2019-08-10 23:54:43 - [TEST_STEP][PASSED] - if (i == 3 &amp;&amp; wildList.indexOf(symbol) != -1): null

2019-08-10 23:54:43 - [TEST_STEP][PASSED] - if (i == 4 &amp;&amp; wildList.indexOf(symbol) != -1): null

2019-08-10 23:54:43 - [TEST_STEP][PASSED] - symbol = symbol: null

2019-08-10 23:54:43 - [TEST_STEP][PASSED] - println(symbol): null

2019-08-10 23:54:43 - [TEST_STEP][PASSED] - if (i == 2 &amp;&amp; wildList.indexOf(symbol) != -1): null

2019-08-10 23:54:43 - [TEST_STEP][PASSED] - if (i == 3 &amp;&amp; wildList.indexOf(symbol) != -1): null

2019-08-10 23:54:43 - [TEST_STEP][PASSED] - if (i == 4 &amp;&amp; wildList.indexOf(symbol) != -1): null

2019-08-10 23:54:43 - [TEST_STEP][PASSED] - symbols = symbols: null

2019-08-10 23:54:43 - [TEST_STEP][PASSED] - for ([j = 0, j &lt; symbols.size(), (j++)]): null

2019-08-10 23:54:43 - [TEST_STEP][PASSED] - symbol = symbol: null

2019-08-10 23:54:43 - [TEST_STEP][PASSED] - println(symbol): null

2019-08-10 23:54:43 - [TEST_STEP][PASSED] - if (i == 2 &amp;&amp; wildList.indexOf(symbol) != -1): null

2019-08-10 23:54:43 - [TEST_STEP][PASSED] - if (i == 3 &amp;&amp; wildList.indexOf(symbol) != -1): null

2019-08-10 23:54:43 - [TEST_STEP][PASSED] - if (i == 4 &amp;&amp; wildList.indexOf(symbol) != -1): null

2019-08-10 23:54:43 - [TEST_STEP][PASSED] - symbol = symbol: null

2019-08-10 23:54:43 - [TEST_STEP][PASSED] - println(symbol): null

2019-08-10 23:54:43 - [TEST_STEP][PASSED] - if (i == 2 &amp;&amp; wildList.indexOf(symbol) != -1): null

2019-08-10 23:54:43 - [TEST_STEP][PASSED] - if (i == 3 &amp;&amp; wildList.indexOf(symbol) != -1): null

2019-08-10 23:54:43 - [TEST_STEP][PASSED] - if (i == 4 &amp;&amp; wildList.indexOf(symbol) != -1): null

2019-08-10 23:54:43 - [TEST_STEP][PASSED] - symbol = symbol: null

2019-08-10 23:54:43 - [TEST_STEP][PASSED] - println(symbol): null

2019-08-10 23:54:43 - [TEST_STEP][PASSED] - if (i == 2 &amp;&amp; wildList.indexOf(symbol) != -1): null

2019-08-10 23:54:43 - [TEST_STEP][PASSED] - if (i == 3 &amp;&amp; wildList.indexOf(symbol) != -1): null

2019-08-10 23:54:43 - [TEST_STEP][PASSED] - if (i == 4 &amp;&amp; wildList.indexOf(symbol) != -1): null

2019-08-10 23:54:43 - [TEST_STEP][PASSED] - symbols = symbols: null

2019-08-10 23:54:43 - [TEST_STEP][PASSED] - for ([j = 0, j &lt; symbols.size(), (j++)]): null

2019-08-10 23:54:43 - [TEST_STEP][PASSED] - symbol = symbol: null

2019-08-10 23:54:43 - [TEST_STEP][PASSED] - println(symbol): null

2019-08-10 23:54:43 - [TEST_STEP][PASSED] - if (i == 2 &amp;&amp; wildList.indexOf(symbol) != -1): null

2019-08-10 23:54:43 - [TEST_STEP][PASSED] - println("wild found on reel 3, adding counter by 1"): null

2019-08-10 23:54:43 - [TEST_STEP][PASSED] - free_spin_reel_counter[0] = free_spin_reel_counter[0] + 1: null

2019-08-10 23:54:43 - [TEST_STEP][PASSED] - if (i == 3 &amp;&amp; wildList.indexOf(symbol) != -1): null

2019-08-10 23:54:43 - [TEST_STEP][PASSED] - if (i == 4 &amp;&amp; wildList.indexOf(symbol) != -1): null

2019-08-10 23:54:43 - [TEST_STEP][PASSED] - symbol = symbol: null

2019-08-10 23:54:43 - [TEST_STEP][PASSED] - println(symbol): null

2019-08-10 23:54:43 - [TEST_STEP][PASSED] - if (i == 2 &amp;&amp; wildList.indexOf(symbol) != -1): null

2019-08-10 23:54:43 - [TEST_STEP][PASSED] - if (i == 3 &amp;&amp; wildList.indexOf(symbol) != -1): null

2019-08-10 23:54:43 - [TEST_STEP][PASSED] - if (i == 4 &amp;&amp; wildList.indexOf(symbol) != -1): null

2019-08-10 23:54:43 - [TEST_STEP][PASSED] - symbol = symbol: null

2019-08-10 23:54:43 - [TEST_STEP][PASSED] - println(symbol): null

2019-08-10 23:54:43 - [TEST_STEP][PASSED] - if (i == 2 &amp;&amp; wildList.indexOf(symbol) != -1): null

2019-08-10 23:54:43 - [TEST_STEP][PASSED] - if (i == 3 &amp;&amp; wildList.indexOf(symbol) != -1): null

2019-08-10 23:54:43 - [TEST_STEP][PASSED] - if (i == 4 &amp;&amp; wildList.indexOf(symbol) != -1): null

2019-08-10 23:54:43 - [TEST_STEP][PASSED] - symbols = symbols: null

2019-08-10 23:54:43 - [TEST_STEP][PASSED] - for ([j = 0, j &lt; symbols.size(), (j++)]): null

2019-08-10 23:54:43 - [TEST_STEP][PASSED] - symbol = symbol: null

2019-08-10 23:54:43 - [TEST_STEP][PASSED] - println(symbol): null

2019-08-10 23:54:43 - [TEST_STEP][PASSED] - if (i == 2 &amp;&amp; wildList.indexOf(symbol) != -1): null

2019-08-10 23:54:43 - [TEST_STEP][PASSED] - if (i == 3 &amp;&amp; wildList.indexOf(symbol) != -1): null

2019-08-10 23:54:43 - [TEST_STEP][PASSED] - if (i == 4 &amp;&amp; wildList.indexOf(symbol) != -1): null

2019-08-10 23:54:43 - [TEST_STEP][PASSED] - symbol = symbol: null

2019-08-10 23:54:43 - [TEST_STEP][PASSED] - println(symbol): null

2019-08-10 23:54:43 - [TEST_STEP][PASSED] - if (i == 2 &amp;&amp; wildList.indexOf(symbol) != -1): null

2019-08-10 23:54:43 - [TEST_STEP][PASSED] - if (i == 3 &amp;&amp; wildList.indexOf(symbol) != -1): null

2019-08-10 23:54:43 - [TEST_STEP][PASSED] - if (i == 4 &amp;&amp; wildList.indexOf(symbol) != -1): null

2019-08-10 23:54:43 - [TEST_STEP][PASSED] - symbol = symbol: null

2019-08-10 23:54:43 - [TEST_STEP][PASSED] - println(symbol): null

2019-08-10 23:54:43 - [TEST_STEP][PASSED] - if (i == 2 &amp;&amp; wildList.indexOf(symbol) != -1): null

2019-08-10 23:54:43 - [TEST_STEP][PASSED] - if (i == 3 &amp;&amp; wildList.indexOf(symbol) != -1): null

2019-08-10 23:54:43 - [TEST_STEP][PASSED] - if (i == 4 &amp;&amp; wildList.indexOf(symbol) != -1): null

2019-08-10 23:54:43 - [TEST_STEP][PASSED] - symbols = symbols: null

2019-08-10 23:54:43 - [TEST_STEP][PASSED] - for ([j = 0, j &lt; symbols.size(), (j++)]): null

2019-08-10 23:54:43 - [TEST_STEP][PASSED] - symbol = symbol: null

2019-08-10 23:54:43 - [TEST_STEP][PASSED] - println(symbol): null

2019-08-10 23:54:43 - [TEST_STEP][PASSED] - if (i == 2 &amp;&amp; wildList.indexOf(symbol) != -1): null

2019-08-10 23:54:43 - [TEST_STEP][PASSED] - if (i == 3 &amp;&amp; wildList.indexOf(symbol) != -1): null

2019-08-10 23:54:43 - [TEST_STEP][PASSED] - if (i == 4 &amp;&amp; wildList.indexOf(symbol) != -1): null

2019-08-10 23:54:43 - [TEST_STEP][PASSED] - symbol = symbol: null

2019-08-10 23:54:43 - [TEST_STEP][PASSED] - println(symbol): null

2019-08-10 23:54:43 - [TEST_STEP][PASSED] - if (i == 2 &amp;&amp; wildList.indexOf(symbol) != -1): null

2019-08-10 23:54:43 - [TEST_STEP][PASSED] - if (i == 3 &amp;&amp; wildList.indexOf(symbol) != -1): null

2019-08-10 23:54:43 - [TEST_STEP][PASSED] - if (i == 4 &amp;&amp; wildList.indexOf(symbol) != -1): null

2019-08-10 23:54:43 - [TEST_STEP][PASSED] - symbol = symbol: null

2019-08-10 23:54:43 - [TEST_STEP][PASSED] - println(symbol): null

2019-08-10 23:54:43 - [TEST_STEP][PASSED] - if (i == 2 &amp;&amp; wildList.indexOf(symbol) != -1): null

2019-08-10 23:54:43 - [TEST_STEP][PASSED] - if (i == 3 &amp;&amp; wildList.indexOf(symbol) != -1): null

2019-08-10 23:54:43 - [TEST_STEP][PASSED] - if (i == 4 &amp;&amp; wildList.indexOf(symbol) != -1): null

2019-08-10 23:54:43 - [TEST_STEP][PASSED] - free_spin_reel_counter = free_spin_reel_counter: null

2019-08-10 23:54:43 - [TEST_STEP][PASSED] - println("reel 3 wild found: " + free_spin_reel_counter[0]): null

2019-08-10 23:54:44 - [TEST_STEP][PASSED] - println("reel 4 wild found: " + free_spin_reel_counter[1]): null

2019-08-10 23:54:44 - [TEST_STEP][PASSED] - println("reel 5 wild found: " + free_spin_reel_counter[2]): null

2019-08-10 23:54:44 - [TEST_STEP][PASSED] - M4_spin_reels = M4_spin_reels: null

2019-08-10 23:54:44 - [TEST_STEP][PASSED] - M4_spin_reels_symbols = symbol: null

2019-08-10 23:54:44 - [TEST_STEP][PASSED] - M4_spin_reels_symbols = M4_spin_reels_symbols: null

2019-08-10 23:54:44 - [TEST_STEP][PASSED] - M4_spin_reel_wins = reel_wins: null

2019-08-10 23:54:44 - [TEST_STEP][PASSED] - M4_spin_reel_wins = M4_spin_reel_wins: null

2019-08-10 23:54:44 - [TEST_STEP][PASSED] - println("GlobalVariable.M4_spin_reel_wins is: " + M4_spin_reel_wins): null

2019-08-10 23:54:44 - [TEST_STEP][PASSED] - M4_spin_total_bonus_win_this_round = total_bonus_win_this_round: null

2019-08-10 23:54:44 - [TEST_STEP][PASSED] - M4_spin_total_bonus_win_this_round = M4_spin_total_bonus_win_this_round: null

2019-08-10 23:54:44 - [TEST_STEP][PASSED] - println("GlobalVariable.M4_spin_total_bonus_win_this_round is: " + M4_spin_total_bonus_win_this_round): null

2019-08-10 23:54:44 - [MESSAGE][PASSED] - Verify response successfully

2019-08-10 23:54:44 - [MESSAGE][PASSED] - Send request and verify the response successfully

2019-08-10 23:54:44 - [TEST_STEP][PASSED] - if (M4_total_bonus_spins_int != 0 &amp;&amp; M4_spin_reels_symbols[2].contains("WILD_Double") || M4_spin_reels_symbols[4].contains("WILD_Triple")): null

2019-08-10 23:54:44 - [TEST_STEP][PASSED] - free_spin_reel_counter = free_spin_reel_counter: null

2019-08-10 23:54:44 - [TEST_STEP][PASSED] - M4_spin_reels_symbols = M4_spin_reels_symbols: null

2019-08-10 23:54:44 - [TEST_STEP][PASSED] - M4_total_bonus_spins = M4_total_bonus_spins: null

2019-08-10 23:54:44 - [TEST_STEP][PASSED] - spin_result = sendRequestAndVerify(findTestObject("RGS(M4)/1_M4_spin", ["M4_login_user_id":M4_login_user_id, "rgs_session_token":rgs_session_token, "partner":Partner])): Send request and verify the response successfully

2019-08-10 23:54:44 - [TEST_CASE][PASSED] - Start Test Case : Verification: Verification accomplished successfully

2019-08-10 23:54:44 - [TEST_STEP][PASSED] - request = getInstance().getCurrentRequest(): null

2019-08-10 23:54:44 - [TEST_STEP][PASSED] - response = getInstance().getCurrentResponse(): null

2019-08-10 23:54:44 - [TEST_STEP][PASSED] - verifyResponseStatusCode(response, 200): Verify response status code successfully

2019-08-10 23:54:44 - [MESSAGE][PASSED] - Verify response status code successfully

2019-08-10 23:54:44 - [TEST_STEP][PASSED] - getStatusCode()).isEqualTo(200): null

2019-08-10 23:54:44 - [TEST_STEP][PASSED] - newline = System.getProperty("line.separator"): null

2019-08-10 23:54:44 - [TEST_STEP][PASSED] - M4_spin = new groovy.json.JsonSlurper(): null

2019-08-10 23:54:44 - [TEST_STEP][PASSED] - result_M4_spin = M4_spin.parseText(response.getResponseBodyContent()): null

2019-08-10 23:54:44 - [TEST_STEP][PASSED] - M4_spin_current_balance = current_balance: null

2019-08-10 23:54:44 - [TEST_STEP][PASSED] - M4_spin_current_balance = M4_spin_current_balance: null

2019-08-10 23:54:44 - [TEST_STEP][PASSED] - M4_spin_transaction_id = causality: null

2019-08-10 23:54:44 - [TEST_STEP][PASSED] - M4_spin_transaction_id = M4_spin_transaction_id: null

2019-08-10 23:54:44 - [TEST_STEP][PASSED] - M4_spin_round_id = round_id: null

2019-08-10 23:54:44 - [TEST_STEP][PASSED] - M4_spin_round_id = M4_spin_round_id: null

2019-08-10 23:54:44 - [TEST_STEP][PASSED] - M4_spin_line_wins = line_wins: null

2019-08-10 23:54:44 - [TEST_STEP][PASSED] - M4_spin_line_wins = M4_spin_line_wins: null

2019-08-10 23:54:44 - [TEST_STEP][PASSED] - M4_total_bonus_spins_int = total_bonus_spins: null

2019-08-10 23:54:44 - [TEST_STEP][PASSED] - println("******M4_total_bonus_spins type is:*******" + newline + getClass().getName()): null

2019-08-10 23:54:44 - [TEST_STEP][PASSED] - M4_total_bonus_spins_int = M4_total_bonus_spins_int: null

2019-08-10 23:54:44 - [TEST_STEP][PASSED] - M4_total_bonus_spins = Integer.toString(M4_total_bonus_spins_int): null

2019-08-10 23:54:44 - [TEST_STEP][PASSED] - M4_total_bonus_spins = M4_total_bonus_spins: null

2019-08-10 23:54:44 - [TEST_STEP][PASSED] - println("M4_total_bonus_spins is:" + M4_total_bonus_spins): null

2019-08-10 23:54:44 - [TEST_STEP][PASSED] - M4_spin_bonus_data = bonus_data: null

2019-08-10 23:54:44 - [TEST_STEP][PASSED] - M4_spin_features_triggered = result_M4_spin: null

2019-08-10 23:54:44 - [TEST_STEP][PASSED] - wild = []: null

2019-08-10 23:54:44 - [TEST_STEP][PASSED] - wild[0] = "WILD_Expanding": null

2019-08-10 23:54:44 - [TEST_STEP][PASSED] - wild[1] = "WILD_Normal": null

2019-08-10 23:54:44 - [TEST_STEP][PASSED] - wild[2] = "WILD_Double": null

2019-08-10 23:54:44 - [TEST_STEP][PASSED] - wild[3] = "WILD_ExtraFG": null

2019-08-10 23:54:44 - [TEST_STEP][PASSED] - wild[4] = "WILD_Triple": null

2019-08-10 23:54:44 - [TEST_STEP][PASSED] - wildList = Arrays.asList(wild): null

2019-08-10 23:54:44 - [TEST_STEP][PASSED] - wildList = wildList: null

2019-08-10 23:54:44 - [TEST_STEP][PASSED] - free_spin_reel_counter = []: null

2019-08-10 23:54:44 - [TEST_STEP][PASSED] - free_spin_reel_counter[0] = 0: null

2019-08-10 23:54:44 - [TEST_STEP][PASSED] - free_spin_reel_counter[1] = 0: null

2019-08-10 23:54:44 - [TEST_STEP][PASSED] - free_spin_reel_counter[2] = 0: null

2019-08-10 23:54:44 - [TEST_STEP][PASSED] - M4_spin_reels = reels: null

2019-08-10 23:54:44 - [TEST_STEP][PASSED] - for ([i = 0, i &lt; M4_spin_reels.size(), (i++)]): null

2019-08-10 23:54:44 - [TEST_STEP][PASSED] - symbols = symbols: null

2019-08-10 23:54:44 - [TEST_STEP][PASSED] - for ([j = 0, j &lt; symbols.size(), (j++)]): null

2019-08-10 23:54:44 - [TEST_STEP][PASSED] - symbol = symbol: null

2019-08-10 23:54:44 - [TEST_STEP][PASSED] - println(symbol): null

2019-08-10 23:54:44 - [TEST_STEP][PASSED] - if (i == 2 &amp;&amp; wildList.indexOf(symbol) != -1): null

2019-08-10 23:54:44 - [TEST_STEP][PASSED] - if (i == 3 &amp;&amp; wildList.indexOf(symbol) != -1): null

2019-08-10 23:54:44 - [TEST_STEP][PASSED] - if (i == 4 &amp;&amp; wildList.indexOf(symbol) != -1): null

2019-08-10 23:54:44 - [TEST_STEP][PASSED] - symbol = symbol: null

2019-08-10 23:54:44 - [TEST_STEP][PASSED] - println(symbol): null

2019-08-10 23:54:44 - [TEST_STEP][PASSED] - if (i == 2 &amp;&amp; wildList.indexOf(symbol) != -1): null

2019-08-10 23:54:44 - [TEST_STEP][PASSED] - if (i == 3 &amp;&amp; wildList.indexOf(symbol) != -1): null

2019-08-10 23:54:44 - [TEST_STEP][PASSED] - if (i == 4 &amp;&amp; wildList.indexOf(symbol) != -1): null

2019-08-10 23:54:44 - [TEST_STEP][PASSED] - symbol = symbol: null

2019-08-10 23:54:44 - [TEST_STEP][PASSED] - println(symbol): null

2019-08-10 23:54:44 - [TEST_STEP][PASSED] - if (i == 2 &amp;&amp; wildList.indexOf(symbol) != -1): null

2019-08-10 23:54:44 - [TEST_STEP][PASSED] - if (i == 3 &amp;&amp; wildList.indexOf(symbol) != -1): null

2019-08-10 23:54:44 - [TEST_STEP][PASSED] - if (i == 4 &amp;&amp; wildList.indexOf(symbol) != -1): null

2019-08-10 23:54:44 - [TEST_STEP][PASSED] - symbols = symbols: null

2019-08-10 23:54:44 - [TEST_STEP][PASSED] - for ([j = 0, j &lt; symbols.size(), (j++)]): null

2019-08-10 23:54:44 - [TEST_STEP][PASSED] - symbol = symbol: null

2019-08-10 23:54:44 - [TEST_STEP][PASSED] - println(symbol): null

2019-08-10 23:54:44 - [TEST_STEP][PASSED] - if (i == 2 &amp;&amp; wildList.indexOf(symbol) != -1): null

2019-08-10 23:54:44 - [TEST_STEP][PASSED] - if (i == 3 &amp;&amp; wildList.indexOf(symbol) != -1): null

2019-08-10 23:54:44 - [TEST_STEP][PASSED] - if (i == 4 &amp;&amp; wildList.indexOf(symbol) != -1): null

2019-08-10 23:54:44 - [TEST_STEP][PASSED] - symbol = symbol: null

2019-08-10 23:54:44 - [TEST_STEP][PASSED] - println(symbol): null

2019-08-10 23:54:44 - [TEST_STEP][PASSED] - if (i == 2 &amp;&amp; wildList.indexOf(symbol) != -1): null

2019-08-10 23:54:44 - [TEST_STEP][PASSED] - if (i == 3 &amp;&amp; wildList.indexOf(symbol) != -1): null

2019-08-10 23:54:44 - [TEST_STEP][PASSED] - if (i == 4 &amp;&amp; wildList.indexOf(symbol) != -1): null

2019-08-10 23:54:44 - [TEST_STEP][PASSED] - symbol = symbol: null

2019-08-10 23:54:44 - [TEST_STEP][PASSED] - println(symbol): null

2019-08-10 23:54:44 - [TEST_STEP][PASSED] - if (i == 2 &amp;&amp; wildList.indexOf(symbol) != -1): null

2019-08-10 23:54:44 - [TEST_STEP][PASSED] - if (i == 3 &amp;&amp; wildList.indexOf(symbol) != -1): null

2019-08-10 23:54:44 - [TEST_STEP][PASSED] - if (i == 4 &amp;&amp; wildList.indexOf(symbol) != -1): null

2019-08-10 23:54:44 - [TEST_STEP][PASSED] - symbols = symbols: null

2019-08-10 23:54:44 - [TEST_STEP][PASSED] - for ([j = 0, j &lt; symbols.size(), (j++)]): null

2019-08-10 23:54:44 - [TEST_STEP][PASSED] - symbol = symbol: null

2019-08-10 23:54:44 - [TEST_STEP][PASSED] - println(symbol): null

2019-08-10 23:54:44 - [TEST_STEP][PASSED] - if (i == 2 &amp;&amp; wildList.indexOf(symbol) != -1): null

2019-08-10 23:54:44 - [TEST_STEP][PASSED] - if (i == 3 &amp;&amp; wildList.indexOf(symbol) != -1): null

2019-08-10 23:54:44 - [TEST_STEP][PASSED] - if (i == 4 &amp;&amp; wildList.indexOf(symbol) != -1): null

2019-08-10 23:54:44 - [TEST_STEP][PASSED] - symbol = symbol: null

2019-08-10 23:54:44 - [TEST_STEP][PASSED] - println(symbol): null

2019-08-10 23:54:44 - [TEST_STEP][PASSED] - if (i == 2 &amp;&amp; wildList.indexOf(symbol) != -1): null

2019-08-10 23:54:44 - [TEST_STEP][PASSED] - if (i == 3 &amp;&amp; wildList.indexOf(symbol) != -1): null

2019-08-10 23:54:44 - [TEST_STEP][PASSED] - if (i == 4 &amp;&amp; wildList.indexOf(symbol) != -1): null

2019-08-10 23:54:44 - [TEST_STEP][PASSED] - symbol = symbol: null

2019-08-10 23:54:44 - [TEST_STEP][PASSED] - println(symbol): null

2019-08-10 23:54:44 - [TEST_STEP][PASSED] - if (i == 2 &amp;&amp; wildList.indexOf(symbol) != -1): null

2019-08-10 23:54:44 - [TEST_STEP][PASSED] - if (i == 3 &amp;&amp; wildList.indexOf(symbol) != -1): null

2019-08-10 23:54:44 - [TEST_STEP][PASSED] - if (i == 4 &amp;&amp; wildList.indexOf(symbol) != -1): null

2019-08-10 23:54:44 - [TEST_STEP][PASSED] - symbols = symbols: null

2019-08-10 23:54:44 - [TEST_STEP][PASSED] - for ([j = 0, j &lt; symbols.size(), (j++)]): null

2019-08-10 23:54:44 - [TEST_STEP][PASSED] - symbol = symbol: null

2019-08-10 23:54:44 - [TEST_STEP][PASSED] - println(symbol): null

2019-08-10 23:54:44 - [TEST_STEP][PASSED] - if (i == 2 &amp;&amp; wildList.indexOf(symbol) != -1): null

2019-08-10 23:54:44 - [TEST_STEP][PASSED] - if (i == 3 &amp;&amp; wildList.indexOf(symbol) != -1): null

2019-08-10 23:54:44 - [TEST_STEP][PASSED] - if (i == 4 &amp;&amp; wildList.indexOf(symbol) != -1): null

2019-08-10 23:54:44 - [TEST_STEP][PASSED] - symbol = symbol: null

2019-08-10 23:54:44 - [TEST_STEP][PASSED] - println(symbol): null

2019-08-10 23:54:44 - [TEST_STEP][PASSED] - if (i == 2 &amp;&amp; wildList.indexOf(symbol) != -1): null

2019-08-10 23:54:44 - [TEST_STEP][PASSED] - if (i == 3 &amp;&amp; wildList.indexOf(symbol) != -1): null

2019-08-10 23:54:44 - [TEST_STEP][PASSED] - if (i == 4 &amp;&amp; wildList.indexOf(symbol) != -1): null

2019-08-10 23:54:44 - [TEST_STEP][PASSED] - symbol = symbol: null

2019-08-10 23:54:44 - [TEST_STEP][PASSED] - println(symbol): null

2019-08-10 23:54:44 - [TEST_STEP][PASSED] - if (i == 2 &amp;&amp; wildList.indexOf(symbol) != -1): null

2019-08-10 23:54:44 - [TEST_STEP][PASSED] - if (i == 3 &amp;&amp; wildList.indexOf(symbol) != -1): null

2019-08-10 23:54:44 - [TEST_STEP][PASSED] - if (i == 4 &amp;&amp; wildList.indexOf(symbol) != -1): null

2019-08-10 23:54:44 - [TEST_STEP][PASSED] - symbols = symbols: null

2019-08-10 23:54:44 - [TEST_STEP][PASSED] - for ([j = 0, j &lt; symbols.size(), (j++)]): null

2019-08-10 23:54:44 - [TEST_STEP][PASSED] - symbol = symbol: null

2019-08-10 23:54:44 - [TEST_STEP][PASSED] - println(symbol): null

2019-08-10 23:54:44 - [TEST_STEP][PASSED] - if (i == 2 &amp;&amp; wildList.indexOf(symbol) != -1): null

2019-08-10 23:54:44 - [TEST_STEP][PASSED] - if (i == 3 &amp;&amp; wildList.indexOf(symbol) != -1): null

2019-08-10 23:54:44 - [TEST_STEP][PASSED] - if (i == 4 &amp;&amp; wildList.indexOf(symbol) != -1): null

2019-08-10 23:54:44 - [TEST_STEP][PASSED] - symbol = symbol: null

2019-08-10 23:54:44 - [TEST_STEP][PASSED] - println(symbol): null

2019-08-10 23:54:44 - [TEST_STEP][PASSED] - if (i == 2 &amp;&amp; wildList.indexOf(symbol) != -1): null

2019-08-10 23:54:44 - [TEST_STEP][PASSED] - if (i == 3 &amp;&amp; wildList.indexOf(symbol) != -1): null

2019-08-10 23:54:44 - [TEST_STEP][PASSED] - if (i == 4 &amp;&amp; wildList.indexOf(symbol) != -1): null

2019-08-10 23:54:44 - [TEST_STEP][PASSED] - symbol = symbol: null

2019-08-10 23:54:44 - [TEST_STEP][PASSED] - println(symbol): null

2019-08-10 23:54:44 - [TEST_STEP][PASSED] - if (i == 2 &amp;&amp; wildList.indexOf(symbol) != -1): null

2019-08-10 23:54:44 - [TEST_STEP][PASSED] - if (i == 3 &amp;&amp; wildList.indexOf(symbol) != -1): null

2019-08-10 23:54:44 - [TEST_STEP][PASSED] - if (i == 4 &amp;&amp; wildList.indexOf(symbol) != -1): null

2019-08-10 23:54:44 - [TEST_STEP][PASSED] - free_spin_reel_counter = free_spin_reel_counter: null

2019-08-10 23:54:44 - [TEST_STEP][PASSED] - println("reel 3 wild found: " + free_spin_reel_counter[0]): null

2019-08-10 23:54:44 - [TEST_STEP][PASSED] - println("reel 4 wild found: " + free_spin_reel_counter[1]): null

2019-08-10 23:54:44 - [TEST_STEP][PASSED] - println("reel 5 wild found: " + free_spin_reel_counter[2]): null

2019-08-10 23:54:44 - [TEST_STEP][PASSED] - M4_spin_reels = M4_spin_reels: null

2019-08-10 23:54:44 - [TEST_STEP][PASSED] - M4_spin_reels_symbols = symbol: null

2019-08-10 23:54:44 - [TEST_STEP][PASSED] - M4_spin_reels_symbols = M4_spin_reels_symbols: null

2019-08-10 23:54:44 - [TEST_STEP][PASSED] - M4_spin_reel_wins = reel_wins: null

2019-08-10 23:54:44 - [TEST_STEP][PASSED] - M4_spin_reel_wins = M4_spin_reel_wins: null

2019-08-10 23:54:44 - [TEST_STEP][PASSED] - println("GlobalVariable.M4_spin_reel_wins is: " + M4_spin_reel_wins): null

2019-08-10 23:54:44 - [TEST_STEP][PASSED] - M4_spin_total_bonus_win_this_round = total_bonus_win_this_round: null

2019-08-10 23:54:44 - [TEST_STEP][PASSED] - M4_spin_total_bonus_win_this_round = M4_spin_total_bonus_win_this_round: null

2019-08-10 23:54:44 - [TEST_STEP][PASSED] - println("GlobalVariable.M4_spin_total_bonus_win_this_round is: " + M4_spin_total_bonus_win_this_round): null

2019-08-10 23:54:44 - [MESSAGE][PASSED] - Verify response successfully

2019-08-10 23:54:44 - [MESSAGE][PASSED] - Send request and verify the response successfully

2019-08-10 23:54:44 - [TEST_STEP][PASSED] - if (M4_total_bonus_spins_int != 0 &amp;&amp; M4_spin_reels_symbols[2].contains("WILD_Double") || M4_spin_reels_symbols[4].contains("WILD_Triple")): null

2019-08-10 23:54:44 - [TEST_STEP][PASSED] - free_spin_reel_counter = free_spin_reel_counter: null

2019-08-10 23:54:44 - [TEST_STEP][PASSED] - M4_spin_reels_symbols = M4_spin_reels_symbols: null

2019-08-10 23:54:44 - [TEST_STEP][PASSED] - M4_total_bonus_spins = M4_total_bonus_spins: null

2019-08-10 23:54:44 - [TEST_STEP][PASSED] - spin_result = sendRequestAndVerify(findTestObject("RGS(M4)/1_M4_spin", ["M4_login_user_id":M4_login_user_id, "rgs_session_token":rgs_session_token, "partner":Partner])): Send request and verify the response successfully

2019-08-10 23:54:44 - [TEST_CASE][PASSED] - Start Test Case : Verification: Verification accomplished successfully

2019-08-10 23:54:44 - [TEST_STEP][PASSED] - request = getInstance().getCurrentRequest(): null

2019-08-10 23:54:45 - [TEST_STEP][PASSED] - response = getInstance().getCurrentResponse(): null

2019-08-10 23:54:45 - [TEST_STEP][PASSED] - verifyResponseStatusCode(response, 200): Verify response status code successfully

2019-08-10 23:54:45 - [MESSAGE][PASSED] - Verify response status code successfully

2019-08-10 23:54:45 - [TEST_STEP][PASSED] - getStatusCode()).isEqualTo(200): null

2019-08-10 23:54:45 - [TEST_STEP][PASSED] - newline = System.getProperty("line.separator"): null

2019-08-10 23:54:45 - [TEST_STEP][PASSED] - M4_spin = new groovy.json.JsonSlurper(): null

2019-08-10 23:54:45 - [TEST_STEP][PASSED] - result_M4_spin = M4_spin.parseText(response.getResponseBodyContent()): null

2019-08-10 23:54:45 - [TEST_STEP][PASSED] - M4_spin_current_balance = current_balance: null

2019-08-10 23:54:45 - [TEST_STEP][PASSED] - M4_spin_current_balance = M4_spin_current_balance: null

2019-08-10 23:54:45 - [TEST_STEP][PASSED] - M4_spin_transaction_id = causality: null

2019-08-10 23:54:45 - [TEST_STEP][PASSED] - M4_spin_transaction_id = M4_spin_transaction_id: null

2019-08-10 23:54:45 - [TEST_STEP][PASSED] - M4_spin_round_id = round_id: null

2019-08-10 23:54:45 - [TEST_STEP][PASSED] - M4_spin_round_id = M4_spin_round_id: null

2019-08-10 23:54:45 - [TEST_STEP][PASSED] - M4_spin_line_wins = line_wins: null

2019-08-10 23:54:45 - [TEST_STEP][PASSED] - M4_spin_line_wins = M4_spin_line_wins: null

2019-08-10 23:54:45 - [TEST_STEP][PASSED] - M4_total_bonus_spins_int = total_bonus_spins: null

2019-08-10 23:54:45 - [TEST_STEP][PASSED] - println("******M4_total_bonus_spins type is:*******" + newline + getClass().getName()): null

2019-08-10 23:54:45 - [TEST_STEP][PASSED] - M4_total_bonus_spins_int = M4_total_bonus_spins_int: null

2019-08-10 23:54:45 - [TEST_STEP][PASSED] - M4_total_bonus_spins = Integer.toString(M4_total_bonus_spins_int): null

2019-08-10 23:54:45 - [TEST_STEP][PASSED] - M4_total_bonus_spins = M4_total_bonus_spins: null

2019-08-10 23:54:45 - [TEST_STEP][PASSED] - println("M4_total_bonus_spins is:" + M4_total_bonus_spins): null

2019-08-10 23:54:45 - [TEST_STEP][PASSED] - M4_spin_bonus_data = bonus_data: null

2019-08-10 23:54:45 - [TEST_STEP][PASSED] - M4_spin_features_triggered = result_M4_spin: null

2019-08-10 23:54:45 - [TEST_STEP][PASSED] - wild = []: null

2019-08-10 23:54:45 - [TEST_STEP][PASSED] - wild[0] = "WILD_Expanding": null

2019-08-10 23:54:45 - [TEST_STEP][PASSED] - wild[1] = "WILD_Normal": null

2019-08-10 23:54:45 - [TEST_STEP][PASSED] - wild[2] = "WILD_Double": null

2019-08-10 23:54:45 - [TEST_STEP][PASSED] - wild[3] = "WILD_ExtraFG": null

2019-08-10 23:54:45 - [TEST_STEP][PASSED] - wild[4] = "WILD_Triple": null

2019-08-10 23:54:45 - [TEST_STEP][PASSED] - wildList = Arrays.asList(wild): null

2019-08-10 23:54:45 - [TEST_STEP][PASSED] - wildList = wildList: null

2019-08-10 23:54:45 - [TEST_STEP][PASSED] - free_spin_reel_counter = []: null

2019-08-10 23:54:45 - [TEST_STEP][PASSED] - free_spin_reel_counter[0] = 0: null

2019-08-10 23:54:45 - [TEST_STEP][PASSED] - free_spin_reel_counter[1] = 0: null

2019-08-10 23:54:45 - [TEST_STEP][PASSED] - free_spin_reel_counter[2] = 0: null

2019-08-10 23:54:45 - [TEST_STEP][PASSED] - M4_spin_reels = reels: null

2019-08-10 23:54:45 - [TEST_STEP][PASSED] - for ([i = 0, i &lt; M4_spin_reels.size(), (i++)]): null

2019-08-10 23:54:45 - [TEST_STEP][PASSED] - symbols = symbols: null

2019-08-10 23:54:45 - [TEST_STEP][PASSED] - for ([j = 0, j &lt; symbols.size(), (j++)]): null

2019-08-10 23:54:45 - [TEST_STEP][PASSED] - symbol = symbol: null

2019-08-10 23:54:45 - [TEST_STEP][PASSED] - println(symbol): null

2019-08-10 23:54:45 - [TEST_STEP][PASSED] - if (i == 2 &amp;&amp; wildList.indexOf(symbol) != -1): null

2019-08-10 23:54:45 - [TEST_STEP][PASSED] - if (i == 3 &amp;&amp; wildList.indexOf(symbol) != -1): null

2019-08-10 23:54:45 - [TEST_STEP][PASSED] - if (i == 4 &amp;&amp; wildList.indexOf(symbol) != -1): null

2019-08-10 23:54:45 - [TEST_STEP][PASSED] - symbol = symbol: null

2019-08-10 23:54:45 - [TEST_STEP][PASSED] - println(symbol): null

2019-08-10 23:54:45 - [TEST_STEP][PASSED] - if (i == 2 &amp;&amp; wildList.indexOf(symbol) != -1): null

2019-08-10 23:54:45 - [TEST_STEP][PASSED] - if (i == 3 &amp;&amp; wildList.indexOf(symbol) != -1): null

2019-08-10 23:54:45 - [TEST_STEP][PASSED] - if (i == 4 &amp;&amp; wildList.indexOf(symbol) != -1): null

2019-08-10 23:54:45 - [TEST_STEP][PASSED] - symbol = symbol: null

2019-08-10 23:54:45 - [TEST_STEP][PASSED] - println(symbol): null

2019-08-10 23:54:45 - [TEST_STEP][PASSED] - if (i == 2 &amp;&amp; wildList.indexOf(symbol) != -1): null

2019-08-10 23:54:45 - [TEST_STEP][PASSED] - if (i == 3 &amp;&amp; wildList.indexOf(symbol) != -1): null

2019-08-10 23:54:45 - [TEST_STEP][PASSED] - if (i == 4 &amp;&amp; wildList.indexOf(symbol) != -1): null

2019-08-10 23:54:45 - [TEST_STEP][PASSED] - symbols = symbols: null

2019-08-10 23:54:45 - [TEST_STEP][PASSED] - for ([j = 0, j &lt; symbols.size(), (j++)]): null

2019-08-10 23:54:45 - [TEST_STEP][PASSED] - symbol = symbol: null

2019-08-10 23:54:45 - [TEST_STEP][PASSED] - println(symbol): null

2019-08-10 23:54:45 - [TEST_STEP][PASSED] - if (i == 2 &amp;&amp; wildList.indexOf(symbol) != -1): null

2019-08-10 23:54:45 - [TEST_STEP][PASSED] - if (i == 3 &amp;&amp; wildList.indexOf(symbol) != -1): null

2019-08-10 23:54:45 - [TEST_STEP][PASSED] - if (i == 4 &amp;&amp; wildList.indexOf(symbol) != -1): null

2019-08-10 23:54:45 - [TEST_STEP][PASSED] - symbol = symbol: null

2019-08-10 23:54:45 - [TEST_STEP][PASSED] - println(symbol): null

2019-08-10 23:54:45 - [TEST_STEP][PASSED] - if (i == 2 &amp;&amp; wildList.indexOf(symbol) != -1): null

2019-08-10 23:54:45 - [TEST_STEP][PASSED] - if (i == 3 &amp;&amp; wildList.indexOf(symbol) != -1): null

2019-08-10 23:54:45 - [TEST_STEP][PASSED] - if (i == 4 &amp;&amp; wildList.indexOf(symbol) != -1): null

2019-08-10 23:54:45 - [TEST_STEP][PASSED] - symbol = symbol: null

2019-08-10 23:54:45 - [TEST_STEP][PASSED] - println(symbol): null

2019-08-10 23:54:45 - [TEST_STEP][PASSED] - if (i == 2 &amp;&amp; wildList.indexOf(symbol) != -1): null

2019-08-10 23:54:45 - [TEST_STEP][PASSED] - if (i == 3 &amp;&amp; wildList.indexOf(symbol) != -1): null

2019-08-10 23:54:45 - [TEST_STEP][PASSED] - if (i == 4 &amp;&amp; wildList.indexOf(symbol) != -1): null

2019-08-10 23:54:45 - [TEST_STEP][PASSED] - symbols = symbols: null

2019-08-10 23:54:45 - [TEST_STEP][PASSED] - for ([j = 0, j &lt; symbols.size(), (j++)]): null

2019-08-10 23:54:45 - [TEST_STEP][PASSED] - symbol = symbol: null

2019-08-10 23:54:45 - [TEST_STEP][PASSED] - println(symbol): null

2019-08-10 23:54:45 - [TEST_STEP][PASSED] - if (i == 2 &amp;&amp; wildList.indexOf(symbol) != -1): null

2019-08-10 23:54:45 - [TEST_STEP][PASSED] - if (i == 3 &amp;&amp; wildList.indexOf(symbol) != -1): null

2019-08-10 23:54:45 - [TEST_STEP][PASSED] - if (i == 4 &amp;&amp; wildList.indexOf(symbol) != -1): null

2019-08-10 23:54:45 - [TEST_STEP][PASSED] - symbol = symbol: null

2019-08-10 23:54:45 - [TEST_STEP][PASSED] - println(symbol): null

2019-08-10 23:54:45 - [TEST_STEP][PASSED] - if (i == 2 &amp;&amp; wildList.indexOf(symbol) != -1): null

2019-08-10 23:54:45 - [TEST_STEP][PASSED] - if (i == 3 &amp;&amp; wildList.indexOf(symbol) != -1): null

2019-08-10 23:54:45 - [TEST_STEP][PASSED] - if (i == 4 &amp;&amp; wildList.indexOf(symbol) != -1): null

2019-08-10 23:54:45 - [TEST_STEP][PASSED] - symbol = symbol: null

2019-08-10 23:54:45 - [TEST_STEP][PASSED] - println(symbol): null

2019-08-10 23:54:45 - [TEST_STEP][PASSED] - if (i == 2 &amp;&amp; wildList.indexOf(symbol) != -1): null

2019-08-10 23:54:45 - [TEST_STEP][PASSED] - if (i == 3 &amp;&amp; wildList.indexOf(symbol) != -1): null

2019-08-10 23:54:45 - [TEST_STEP][PASSED] - if (i == 4 &amp;&amp; wildList.indexOf(symbol) != -1): null

2019-08-10 23:54:45 - [TEST_STEP][PASSED] - symbols = symbols: null

2019-08-10 23:54:45 - [TEST_STEP][PASSED] - for ([j = 0, j &lt; symbols.size(), (j++)]): null

2019-08-10 23:54:45 - [TEST_STEP][PASSED] - symbol = symbol: null

2019-08-10 23:54:45 - [TEST_STEP][PASSED] - println(symbol): null

2019-08-10 23:54:45 - [TEST_STEP][PASSED] - if (i == 2 &amp;&amp; wildList.indexOf(symbol) != -1): null

2019-08-10 23:54:45 - [TEST_STEP][PASSED] - if (i == 3 &amp;&amp; wildList.indexOf(symbol) != -1): null

2019-08-10 23:54:45 - [TEST_STEP][PASSED] - if (i == 4 &amp;&amp; wildList.indexOf(symbol) != -1): null

2019-08-10 23:54:45 - [TEST_STEP][PASSED] - symbol = symbol: null

2019-08-10 23:54:45 - [TEST_STEP][PASSED] - println(symbol): null

2019-08-10 23:54:45 - [TEST_STEP][PASSED] - if (i == 2 &amp;&amp; wildList.indexOf(symbol) != -1): null

2019-08-10 23:54:45 - [TEST_STEP][PASSED] - if (i == 3 &amp;&amp; wildList.indexOf(symbol) != -1): null

2019-08-10 23:54:45 - [TEST_STEP][PASSED] - if (i == 4 &amp;&amp; wildList.indexOf(symbol) != -1): null

2019-08-10 23:54:45 - [TEST_STEP][PASSED] - symbol = symbol: null

2019-08-10 23:54:45 - [TEST_STEP][PASSED] - println(symbol): null

2019-08-10 23:54:45 - [TEST_STEP][PASSED] - if (i == 2 &amp;&amp; wildList.indexOf(symbol) != -1): null

2019-08-10 23:54:45 - [TEST_STEP][PASSED] - if (i == 3 &amp;&amp; wildList.indexOf(symbol) != -1): null

2019-08-10 23:54:45 - [TEST_STEP][PASSED] - println("wild found on reel 4, adding counter by 1"): null

2019-08-10 23:54:45 - [TEST_STEP][PASSED] - free_spin_reel_counter[1] = free_spin_reel_counter[1] + 1: null

2019-08-10 23:54:45 - [TEST_STEP][PASSED] - if (i == 4 &amp;&amp; wildList.indexOf(symbol) != -1): null

2019-08-10 23:54:45 - [TEST_STEP][PASSED] - symbols = symbols: null

2019-08-10 23:54:45 - [TEST_STEP][PASSED] - for ([j = 0, j &lt; symbols.size(), (j++)]): null

2019-08-10 23:54:45 - [TEST_STEP][PASSED] - symbol = symbol: null

2019-08-10 23:54:45 - [TEST_STEP][PASSED] - println(symbol): null

2019-08-10 23:54:45 - [TEST_STEP][PASSED] - if (i == 2 &amp;&amp; wildList.indexOf(symbol) != -1): null

2019-08-10 23:54:45 - [TEST_STEP][PASSED] - if (i == 3 &amp;&amp; wildList.indexOf(symbol) != -1): null

2019-08-10 23:54:45 - [TEST_STEP][PASSED] - if (i == 4 &amp;&amp; wildList.indexOf(symbol) != -1): null

2019-08-10 23:54:45 - [TEST_STEP][PASSED] - symbol = symbol: null

2019-08-10 23:54:45 - [TEST_STEP][PASSED] - println(symbol): null

2019-08-10 23:54:45 - [TEST_STEP][PASSED] - if (i == 2 &amp;&amp; wildList.indexOf(symbol) != -1): null

2019-08-10 23:54:45 - [TEST_STEP][PASSED] - if (i == 3 &amp;&amp; wildList.indexOf(symbol) != -1): null

2019-08-10 23:54:45 - [TEST_STEP][PASSED] - if (i == 4 &amp;&amp; wildList.indexOf(symbol) != -1): null

2019-08-10 23:54:45 - [TEST_STEP][PASSED] - symbol = symbol: null

2019-08-10 23:54:45 - [TEST_STEP][PASSED] - println(symbol): null

2019-08-10 23:54:45 - [TEST_STEP][PASSED] - if (i == 2 &amp;&amp; wildList.indexOf(symbol) != -1): null

2019-08-10 23:54:45 - [TEST_STEP][PASSED] - if (i == 3 &amp;&amp; wildList.indexOf(symbol) != -1): null

2019-08-10 23:54:45 - [TEST_STEP][PASSED] - if (i == 4 &amp;&amp; wildList.indexOf(symbol) != -1): null

2019-08-10 23:54:45 - [TEST_STEP][PASSED] - free_spin_reel_counter = free_spin_reel_counter: null

2019-08-10 23:54:45 - [TEST_STEP][PASSED] - println("reel 3 wild found: " + free_spin_reel_counter[0]): null

2019-08-10 23:54:45 - [TEST_STEP][PASSED] - println("reel 4 wild found: " + free_spin_reel_counter[1]): null

2019-08-10 23:54:45 - [TEST_STEP][PASSED] - println("reel 5 wild found: " + free_spin_reel_counter[2]): null

2019-08-10 23:54:45 - [TEST_STEP][PASSED] - M4_spin_reels = M4_spin_reels: null

2019-08-10 23:54:45 - [TEST_STEP][PASSED] - M4_spin_reels_symbols = symbol: null

2019-08-10 23:54:45 - [TEST_STEP][PASSED] - M4_spin_reels_symbols = M4_spin_reels_symbols: null

2019-08-10 23:54:45 - [TEST_STEP][PASSED] - M4_spin_reel_wins = reel_wins: null

2019-08-10 23:54:45 - [TEST_STEP][PASSED] - M4_spin_reel_wins = M4_spin_reel_wins: null

2019-08-10 23:54:45 - [TEST_STEP][PASSED] - println("GlobalVariable.M4_spin_reel_wins is: " + M4_spin_reel_wins): null

2019-08-10 23:54:45 - [TEST_STEP][PASSED] - M4_spin_total_bonus_win_this_round = total_bonus_win_this_round: null

2019-08-10 23:54:45 - [TEST_STEP][PASSED] - M4_spin_total_bonus_win_this_round = M4_spin_total_bonus_win_this_round: null

2019-08-10 23:54:45 - [TEST_STEP][PASSED] - println("GlobalVariable.M4_spin_total_bonus_win_this_round is: " + M4_spin_total_bonus_win_this_round): null

2019-08-10 23:54:45 - [MESSAGE][PASSED] - Verify response successfully

2019-08-10 23:54:45 - [MESSAGE][PASSED] - Send request and verify the response successfully

2019-08-10 23:54:45 - [TEST_STEP][PASSED] - if (M4_total_bonus_spins_int != 0 &amp;&amp; M4_spin_reels_symbols[2].contains("WILD_Double") || M4_spin_reels_symbols[4].contains("WILD_Triple")): null

2019-08-10 23:54:45 - [TEST_STEP][PASSED] - free_spin_reel_counter = free_spin_reel_counter: null

2019-08-10 23:54:45 - [TEST_STEP][PASSED] - M4_spin_reels_symbols = M4_spin_reels_symbols: null

2019-08-10 23:54:45 - [TEST_STEP][PASSED] - M4_total_bonus_spins = M4_total_bonus_spins: null

2019-08-10 23:54:45 - [TEST_STEP][PASSED] - spin_result = sendRequestAndVerify(findTestObject("RGS(M4)/1_M4_spin", ["M4_login_user_id":M4_login_user_id, "rgs_session_token":rgs_session_token, "partner":Partner])): Send request and verify the response successfully

2019-08-10 23:54:45 - [TEST_CASE][PASSED] - Start Test Case : Verification: Verification accomplished successfully

2019-08-10 23:54:45 - [TEST_STEP][PASSED] - request = getInstance().getCurrentRequest(): null

2019-08-10 23:54:45 - [TEST_STEP][PASSED] - response = getInstance().getCurrentResponse(): null

2019-08-10 23:54:45 - [TEST_STEP][PASSED] - verifyResponseStatusCode(response, 200): Verify response status code successfully

2019-08-10 23:54:45 - [MESSAGE][PASSED] - Verify response status code successfully

2019-08-10 23:54:45 - [TEST_STEP][PASSED] - getStatusCode()).isEqualTo(200): null

2019-08-10 23:54:45 - [TEST_STEP][PASSED] - newline = System.getProperty("line.separator"): null

2019-08-10 23:54:45 - [TEST_STEP][PASSED] - M4_spin = new groovy.json.JsonSlurper(): null

2019-08-10 23:54:45 - [TEST_STEP][PASSED] - result_M4_spin = M4_spin.parseText(response.getResponseBodyContent()): null

2019-08-10 23:54:45 - [TEST_STEP][PASSED] - M4_spin_current_balance = current_balance: null

2019-08-10 23:54:45 - [TEST_STEP][PASSED] - M4_spin_current_balance = M4_spin_current_balance: null

2019-08-10 23:54:45 - [TEST_STEP][PASSED] - M4_spin_transaction_id = causality: null

2019-08-10 23:54:45 - [TEST_STEP][PASSED] - M4_spin_transaction_id = M4_spin_transaction_id: null

2019-08-10 23:54:45 - [TEST_STEP][PASSED] - M4_spin_round_id = round_id: null

2019-08-10 23:54:45 - [TEST_STEP][PASSED] - M4_spin_round_id = M4_spin_round_id: null

2019-08-10 23:54:45 - [TEST_STEP][PASSED] - M4_spin_line_wins = line_wins: null

2019-08-10 23:54:45 - [TEST_STEP][PASSED] - M4_spin_line_wins = M4_spin_line_wins: null

2019-08-10 23:54:45 - [TEST_STEP][PASSED] - M4_total_bonus_spins_int = total_bonus_spins: null

2019-08-10 23:54:45 - [TEST_STEP][PASSED] - println("******M4_total_bonus_spins type is:*******" + newline + getClass().getName()): null

2019-08-10 23:54:45 - [TEST_STEP][PASSED] - M4_total_bonus_spins_int = M4_total_bonus_spins_int: null

2019-08-10 23:54:45 - [TEST_STEP][PASSED] - M4_total_bonus_spins = Integer.toString(M4_total_bonus_spins_int): null

2019-08-10 23:54:45 - [TEST_STEP][PASSED] - M4_total_bonus_spins = M4_total_bonus_spins: null

2019-08-10 23:54:45 - [TEST_STEP][PASSED] - println("M4_total_bonus_spins is:" + M4_total_bonus_spins): null

2019-08-10 23:54:45 - [TEST_STEP][PASSED] - M4_spin_bonus_data = bonus_data: null

2019-08-10 23:54:45 - [TEST_STEP][PASSED] - M4_spin_features_triggered = result_M4_spin: null

2019-08-10 23:54:45 - [TEST_STEP][PASSED] - wild = []: null

2019-08-10 23:54:45 - [TEST_STEP][PASSED] - wild[0] = "WILD_Expanding": null

2019-08-10 23:54:45 - [TEST_STEP][PASSED] - wild[1] = "WILD_Normal": null

2019-08-10 23:54:45 - [TEST_STEP][PASSED] - wild[2] = "WILD_Double": null

2019-08-10 23:54:45 - [TEST_STEP][PASSED] - wild[3] = "WILD_ExtraFG": null

2019-08-10 23:54:45 - [TEST_STEP][PASSED] - wild[4] = "WILD_Triple": null

2019-08-10 23:54:45 - [TEST_STEP][PASSED] - wildList = Arrays.asList(wild): null

2019-08-10 23:54:45 - [TEST_STEP][PASSED] - wildList = wildList: null

2019-08-10 23:54:45 - [TEST_STEP][PASSED] - free_spin_reel_counter = []: null

2019-08-10 23:54:45 - [TEST_STEP][PASSED] - free_spin_reel_counter[0] = 0: null

2019-08-10 23:54:45 - [TEST_STEP][PASSED] - free_spin_reel_counter[1] = 0: null

2019-08-10 23:54:45 - [TEST_STEP][PASSED] - free_spin_reel_counter[2] = 0: null

2019-08-10 23:54:45 - [TEST_STEP][PASSED] - M4_spin_reels = reels: null

2019-08-10 23:54:45 - [TEST_STEP][PASSED] - for ([i = 0, i &lt; M4_spin_reels.size(), (i++)]): null

2019-08-10 23:54:45 - [TEST_STEP][PASSED] - symbols = symbols: null

2019-08-10 23:54:45 - [TEST_STEP][PASSED] - for ([j = 0, j &lt; symbols.size(), (j++)]): null

2019-08-10 23:54:45 - [TEST_STEP][PASSED] - symbol = symbol: null

2019-08-10 23:54:45 - [TEST_STEP][PASSED] - println(symbol): null

2019-08-10 23:54:45 - [TEST_STEP][PASSED] - if (i == 2 &amp;&amp; wildList.indexOf(symbol) != -1): null

2019-08-10 23:54:45 - [TEST_STEP][PASSED] - if (i == 3 &amp;&amp; wildList.indexOf(symbol) != -1): null

2019-08-10 23:54:45 - [TEST_STEP][PASSED] - if (i == 4 &amp;&amp; wildList.indexOf(symbol) != -1): null

2019-08-10 23:54:45 - [TEST_STEP][PASSED] - symbol = symbol: null

2019-08-10 23:54:45 - [TEST_STEP][PASSED] - println(symbol): null

2019-08-10 23:54:45 - [TEST_STEP][PASSED] - if (i == 2 &amp;&amp; wildList.indexOf(symbol) != -1): null

2019-08-10 23:54:45 - [TEST_STEP][PASSED] - if (i == 3 &amp;&amp; wildList.indexOf(symbol) != -1): null

2019-08-10 23:54:45 - [TEST_STEP][PASSED] - if (i == 4 &amp;&amp; wildList.indexOf(symbol) != -1): null

2019-08-10 23:54:45 - [TEST_STEP][PASSED] - symbol = symbol: null

2019-08-10 23:54:45 - [TEST_STEP][PASSED] - println(symbol): null

2019-08-10 23:54:45 - [TEST_STEP][PASSED] - if (i == 2 &amp;&amp; wildList.indexOf(symbol) != -1): null

2019-08-10 23:54:45 - [TEST_STEP][PASSED] - if (i == 3 &amp;&amp; wildList.indexOf(symbol) != -1): null

2019-08-10 23:54:45 - [TEST_STEP][PASSED] - if (i == 4 &amp;&amp; wildList.indexOf(symbol) != -1): null

2019-08-10 23:54:45 - [TEST_STEP][PASSED] - symbols = symbols: null

2019-08-10 23:54:45 - [TEST_STEP][PASSED] - for ([j = 0, j &lt; symbols.size(), (j++)]): null

2019-08-10 23:54:45 - [TEST_STEP][PASSED] - symbol = symbol: null

2019-08-10 23:54:45 - [TEST_STEP][PASSED] - println(symbol): null

2019-08-10 23:54:45 - [TEST_STEP][PASSED] - if (i == 2 &amp;&amp; wildList.indexOf(symbol) != -1): null

2019-08-10 23:54:45 - [TEST_STEP][PASSED] - if (i == 3 &amp;&amp; wildList.indexOf(symbol) != -1): null

2019-08-10 23:54:45 - [TEST_STEP][PASSED] - if (i == 4 &amp;&amp; wildList.indexOf(symbol) != -1): null

2019-08-10 23:54:45 - [TEST_STEP][PASSED] - symbol = symbol: null

2019-08-10 23:54:45 - [TEST_STEP][PASSED] - println(symbol): null

2019-08-10 23:54:45 - [TEST_STEP][PASSED] - if (i == 2 &amp;&amp; wildList.indexOf(symbol) != -1): null

2019-08-10 23:54:45 - [TEST_STEP][PASSED] - if (i == 3 &amp;&amp; wildList.indexOf(symbol) != -1): null

2019-08-10 23:54:45 - [TEST_STEP][PASSED] - if (i == 4 &amp;&amp; wildList.indexOf(symbol) != -1): null

2019-08-10 23:54:45 - [TEST_STEP][PASSED] - symbol = symbol: null

2019-08-10 23:54:45 - [TEST_STEP][PASSED] - println(symbol): null

2019-08-10 23:54:45 - [TEST_STEP][PASSED] - if (i == 2 &amp;&amp; wildList.indexOf(symbol) != -1): null

2019-08-10 23:54:45 - [TEST_STEP][PASSED] - if (i == 3 &amp;&amp; wildList.indexOf(symbol) != -1): null

2019-08-10 23:54:45 - [TEST_STEP][PASSED] - if (i == 4 &amp;&amp; wildList.indexOf(symbol) != -1): null

2019-08-10 23:54:45 - [TEST_STEP][PASSED] - symbols = symbols: null

2019-08-10 23:54:45 - [TEST_STEP][PASSED] - for ([j = 0, j &lt; symbols.size(), (j++)]): null

2019-08-10 23:54:45 - [TEST_STEP][PASSED] - symbol = symbol: null

2019-08-10 23:54:45 - [TEST_STEP][PASSED] - println(symbol): null

2019-08-10 23:54:45 - [TEST_STEP][PASSED] - if (i == 2 &amp;&amp; wildList.indexOf(symbol) != -1): null

2019-08-10 23:54:45 - [TEST_STEP][PASSED] - if (i == 3 &amp;&amp; wildList.indexOf(symbol) != -1): null

2019-08-10 23:54:45 - [TEST_STEP][PASSED] - if (i == 4 &amp;&amp; wildList.indexOf(symbol) != -1): null

2019-08-10 23:54:45 - [TEST_STEP][PASSED] - symbol = symbol: null

2019-08-10 23:54:45 - [TEST_STEP][PASSED] - println(symbol): null

2019-08-10 23:54:45 - [TEST_STEP][PASSED] - if (i == 2 &amp;&amp; wildList.indexOf(symbol) != -1): null

2019-08-10 23:54:45 - [TEST_STEP][PASSED] - if (i == 3 &amp;&amp; wildList.indexOf(symbol) != -1): null

2019-08-10 23:54:45 - [TEST_STEP][PASSED] - if (i == 4 &amp;&amp; wildList.indexOf(symbol) != -1): null

2019-08-10 23:54:45 - [TEST_STEP][PASSED] - symbol = symbol: null

2019-08-10 23:54:45 - [TEST_STEP][PASSED] - println(symbol): null

2019-08-10 23:54:45 - [TEST_STEP][PASSED] - if (i == 2 &amp;&amp; wildList.indexOf(symbol) != -1): null

2019-08-10 23:54:45 - [TEST_STEP][PASSED] - if (i == 3 &amp;&amp; wildList.indexOf(symbol) != -1): null

2019-08-10 23:54:45 - [TEST_STEP][PASSED] - if (i == 4 &amp;&amp; wildList.indexOf(symbol) != -1): null

2019-08-10 23:54:45 - [TEST_STEP][PASSED] - symbols = symbols: null

2019-08-10 23:54:45 - [TEST_STEP][PASSED] - for ([j = 0, j &lt; symbols.size(), (j++)]): null

2019-08-10 23:54:45 - [TEST_STEP][PASSED] - symbol = symbol: null

2019-08-10 23:54:45 - [TEST_STEP][PASSED] - println(symbol): null

2019-08-10 23:54:45 - [TEST_STEP][PASSED] - if (i == 2 &amp;&amp; wildList.indexOf(symbol) != -1): null

2019-08-10 23:54:45 - [TEST_STEP][PASSED] - if (i == 3 &amp;&amp; wildList.indexOf(symbol) != -1): null

2019-08-10 23:54:45 - [TEST_STEP][PASSED] - if (i == 4 &amp;&amp; wildList.indexOf(symbol) != -1): null

2019-08-10 23:54:45 - [TEST_STEP][PASSED] - symbol = symbol: null

2019-08-10 23:54:45 - [TEST_STEP][PASSED] - println(symbol): null

2019-08-10 23:54:45 - [TEST_STEP][PASSED] - if (i == 2 &amp;&amp; wildList.indexOf(symbol) != -1): null

2019-08-10 23:54:45 - [TEST_STEP][PASSED] - if (i == 3 &amp;&amp; wildList.indexOf(symbol) != -1): null

2019-08-10 23:54:45 - [TEST_STEP][PASSED] - println("wild found on reel 4, adding counter by 1"): null

2019-08-10 23:54:45 - [TEST_STEP][PASSED] - free_spin_reel_counter[1] = free_spin_reel_counter[1] + 1: null

2019-08-10 23:54:45 - [TEST_STEP][PASSED] - if (i == 4 &amp;&amp; wildList.indexOf(symbol) != -1): null

2019-08-10 23:54:45 - [TEST_STEP][PASSED] - symbol = symbol: null

2019-08-10 23:54:45 - [TEST_STEP][PASSED] - println(symbol): null

2019-08-10 23:54:45 - [TEST_STEP][PASSED] - if (i == 2 &amp;&amp; wildList.indexOf(symbol) != -1): null

2019-08-10 23:54:45 - [TEST_STEP][PASSED] - if (i == 3 &amp;&amp; wildList.indexOf(symbol) != -1): null

2019-08-10 23:54:45 - [TEST_STEP][PASSED] - if (i == 4 &amp;&amp; wildList.indexOf(symbol) != -1): null

2019-08-10 23:54:45 - [TEST_STEP][PASSED] - symbols = symbols: null

2019-08-10 23:54:45 - [TEST_STEP][PASSED] - for ([j = 0, j &lt; symbols.size(), (j++)]): null

2019-08-10 23:54:45 - [TEST_STEP][PASSED] - symbol = symbol: null

2019-08-10 23:54:45 - [TEST_STEP][PASSED] - println(symbol): null

2019-08-10 23:54:45 - [TEST_STEP][PASSED] - if (i == 2 &amp;&amp; wildList.indexOf(symbol) != -1): null

2019-08-10 23:54:45 - [TEST_STEP][PASSED] - if (i == 3 &amp;&amp; wildList.indexOf(symbol) != -1): null

2019-08-10 23:54:45 - [TEST_STEP][PASSED] - if (i == 4 &amp;&amp; wildList.indexOf(symbol) != -1): null

2019-08-10 23:54:45 - [TEST_STEP][PASSED] - symbol = symbol: null

2019-08-10 23:54:45 - [TEST_STEP][PASSED] - println(symbol): null

2019-08-10 23:54:45 - [TEST_STEP][PASSED] - if (i == 2 &amp;&amp; wildList.indexOf(symbol) != -1): null

2019-08-10 23:54:45 - [TEST_STEP][PASSED] - if (i == 3 &amp;&amp; wildList.indexOf(symbol) != -1): null

2019-08-10 23:54:45 - [TEST_STEP][PASSED] - if (i == 4 &amp;&amp; wildList.indexOf(symbol) != -1): null

2019-08-10 23:54:45 - [TEST_STEP][PASSED] - symbol = symbol: null

2019-08-10 23:54:45 - [TEST_STEP][PASSED] - println(symbol): null

2019-08-10 23:54:45 - [TEST_STEP][PASSED] - if (i == 2 &amp;&amp; wildList.indexOf(symbol) != -1): null

2019-08-10 23:54:45 - [TEST_STEP][PASSED] - if (i == 3 &amp;&amp; wildList.indexOf(symbol) != -1): null

2019-08-10 23:54:45 - [TEST_STEP][PASSED] - if (i == 4 &amp;&amp; wildList.indexOf(symbol) != -1): null

2019-08-10 23:54:45 - [TEST_STEP][PASSED] - free_spin_reel_counter = free_spin_reel_counter: null

2019-08-10 23:54:45 - [TEST_STEP][PASSED] - println("reel 3 wild found: " + free_spin_reel_counter[0]): null

2019-08-10 23:54:45 - [TEST_STEP][PASSED] - println("reel 4 wild found: " + free_spin_reel_counter[1]): null

2019-08-10 23:54:45 - [TEST_STEP][PASSED] - println("reel 5 wild found: " + free_spin_reel_counter[2]): null

2019-08-10 23:54:45 - [TEST_STEP][PASSED] - M4_spin_reels = M4_spin_reels: null

2019-08-10 23:54:45 - [TEST_STEP][PASSED] - M4_spin_reels_symbols = symbol: null

2019-08-10 23:54:45 - [TEST_STEP][PASSED] - M4_spin_reels_symbols = M4_spin_reels_symbols: null

2019-08-10 23:54:45 - [TEST_STEP][PASSED] - M4_spin_reel_wins = reel_wins: null

2019-08-10 23:54:45 - [TEST_STEP][PASSED] - M4_spin_reel_wins = M4_spin_reel_wins: null

2019-08-10 23:54:45 - [TEST_STEP][PASSED] - println("GlobalVariable.M4_spin_reel_wins is: " + M4_spin_reel_wins): null

2019-08-10 23:54:45 - [TEST_STEP][PASSED] - M4_spin_total_bonus_win_this_round = total_bonus_win_this_round: null

2019-08-10 23:54:45 - [TEST_STEP][PASSED] - M4_spin_total_bonus_win_this_round = M4_spin_total_bonus_win_this_round: null

2019-08-10 23:54:45 - [TEST_STEP][PASSED] - println("GlobalVariable.M4_spin_total_bonus_win_this_round is: " + M4_spin_total_bonus_win_this_round): null

2019-08-10 23:54:45 - [MESSAGE][PASSED] - Verify response successfully

2019-08-10 23:54:45 - [MESSAGE][PASSED] - Send request and verify the response successfully

2019-08-10 23:54:45 - [TEST_STEP][PASSED] - if (M4_total_bonus_spins_int != 0 &amp;&amp; M4_spin_reels_symbols[2].contains("WILD_Double") || M4_spin_reels_symbols[4].contains("WILD_Triple")): null

2019-08-10 23:54:45 - [TEST_STEP][PASSED] - free_spin_reel_counter = free_spin_reel_counter: null

2019-08-10 23:54:45 - [TEST_STEP][PASSED] - M4_spin_reels_symbols = M4_spin_reels_symbols: null

2019-08-10 23:54:45 - [TEST_STEP][PASSED] - M4_total_bonus_spins = M4_total_bonus_spins: null

2019-08-10 23:54:45 - [TEST_STEP][PASSED] - spin_result = sendRequestAndVerify(findTestObject("RGS(M4)/1_M4_spin", ["M4_login_user_id":M4_login_user_id, "rgs_session_token":rgs_session_token, "partner":Partner])): Send request and verify the response successfully

2019-08-10 23:54:46 - [TEST_CASE][PASSED] - Start Test Case : Verification: Verification accomplished successfully

2019-08-10 23:54:46 - [TEST_STEP][PASSED] - request = getInstance().getCurrentRequest(): null

2019-08-10 23:54:46 - [TEST_STEP][PASSED] - response = getInstance().getCurrentResponse(): null

2019-08-10 23:54:46 - [TEST_STEP][PASSED] - verifyResponseStatusCode(response, 200): Verify response status code successfully

2019-08-10 23:54:46 - [MESSAGE][PASSED] - Verify response status code successfully

2019-08-10 23:54:46 - [TEST_STEP][PASSED] - getStatusCode()).isEqualTo(200): null

2019-08-10 23:54:46 - [TEST_STEP][PASSED] - newline = System.getProperty("line.separator"): null

2019-08-10 23:54:46 - [TEST_STEP][PASSED] - M4_spin = new groovy.json.JsonSlurper(): null

2019-08-10 23:54:46 - [TEST_STEP][PASSED] - result_M4_spin = M4_spin.parseText(response.getResponseBodyContent()): null

2019-08-10 23:54:46 - [TEST_STEP][PASSED] - M4_spin_current_balance = current_balance: null

2019-08-10 23:54:46 - [TEST_STEP][PASSED] - M4_spin_current_balance = M4_spin_current_balance: null

2019-08-10 23:54:46 - [TEST_STEP][PASSED] - M4_spin_transaction_id = causality: null

2019-08-10 23:54:46 - [TEST_STEP][PASSED] - M4_spin_transaction_id = M4_spin_transaction_id: null

2019-08-10 23:54:46 - [TEST_STEP][PASSED] - M4_spin_round_id = round_id: null

2019-08-10 23:54:46 - [TEST_STEP][PASSED] - M4_spin_round_id = M4_spin_round_id: null

2019-08-10 23:54:46 - [TEST_STEP][PASSED] - M4_spin_line_wins = line_wins: null

2019-08-10 23:54:46 - [TEST_STEP][PASSED] - M4_spin_line_wins = M4_spin_line_wins: null

2019-08-10 23:54:46 - [TEST_STEP][PASSED] - M4_total_bonus_spins_int = total_bonus_spins: null

2019-08-10 23:54:46 - [TEST_STEP][PASSED] - println("******M4_total_bonus_spins type is:*******" + newline + getClass().getName()): null

2019-08-10 23:54:46 - [TEST_STEP][PASSED] - M4_total_bonus_spins_int = M4_total_bonus_spins_int: null

2019-08-10 23:54:46 - [TEST_STEP][PASSED] - M4_total_bonus_spins = Integer.toString(M4_total_bonus_spins_int): null

2019-08-10 23:54:46 - [TEST_STEP][PASSED] - M4_total_bonus_spins = M4_total_bonus_spins: null

2019-08-10 23:54:46 - [TEST_STEP][PASSED] - println("M4_total_bonus_spins is:" + M4_total_bonus_spins): null

2019-08-10 23:54:46 - [TEST_STEP][PASSED] - M4_spin_bonus_data = bonus_data: null

2019-08-10 23:54:46 - [TEST_STEP][PASSED] - M4_spin_features_triggered = result_M4_spin: null

2019-08-10 23:54:46 - [TEST_STEP][PASSED] - wild = []: null

2019-08-10 23:54:46 - [TEST_STEP][PASSED] - wild[0] = "WILD_Expanding": null

2019-08-10 23:54:46 - [TEST_STEP][PASSED] - wild[1] = "WILD_Normal": null

2019-08-10 23:54:46 - [TEST_STEP][PASSED] - wild[2] = "WILD_Double": null

2019-08-10 23:54:46 - [TEST_STEP][PASSED] - wild[3] = "WILD_ExtraFG": null

2019-08-10 23:54:46 - [TEST_STEP][PASSED] - wild[4] = "WILD_Triple": null

2019-08-10 23:54:46 - [TEST_STEP][PASSED] - wildList = Arrays.asList(wild): null

2019-08-10 23:54:46 - [TEST_STEP][PASSED] - wildList = wildList: null

2019-08-10 23:54:46 - [TEST_STEP][PASSED] - free_spin_reel_counter = []: null

2019-08-10 23:54:46 - [TEST_STEP][PASSED] - free_spin_reel_counter[0] = 0: null

2019-08-10 23:54:46 - [TEST_STEP][PASSED] - free_spin_reel_counter[1] = 0: null

2019-08-10 23:54:46 - [TEST_STEP][PASSED] - free_spin_reel_counter[2] = 0: null

2019-08-10 23:54:46 - [TEST_STEP][PASSED] - M4_spin_reels = reels: null

2019-08-10 23:54:46 - [TEST_STEP][PASSED] - for ([i = 0, i &lt; M4_spin_reels.size(), (i++)]): null

2019-08-10 23:54:46 - [TEST_STEP][PASSED] - symbols = symbols: null

2019-08-10 23:54:46 - [TEST_STEP][PASSED] - for ([j = 0, j &lt; symbols.size(), (j++)]): null

2019-08-10 23:54:46 - [TEST_STEP][PASSED] - symbol = symbol: null

2019-08-10 23:54:46 - [TEST_STEP][PASSED] - println(symbol): null

2019-08-10 23:54:46 - [TEST_STEP][PASSED] - if (i == 2 &amp;&amp; wildList.indexOf(symbol) != -1): null

2019-08-10 23:54:46 - [TEST_STEP][PASSED] - if (i == 3 &amp;&amp; wildList.indexOf(symbol) != -1): null

2019-08-10 23:54:46 - [TEST_STEP][PASSED] - if (i == 4 &amp;&amp; wildList.indexOf(symbol) != -1): null

2019-08-10 23:54:46 - [TEST_STEP][PASSED] - symbol = symbol: null

2019-08-10 23:54:46 - [TEST_STEP][PASSED] - println(symbol): null

2019-08-10 23:54:46 - [TEST_STEP][PASSED] - if (i == 2 &amp;&amp; wildList.indexOf(symbol) != -1): null

2019-08-10 23:54:46 - [TEST_STEP][PASSED] - if (i == 3 &amp;&amp; wildList.indexOf(symbol) != -1): null

2019-08-10 23:54:46 - [TEST_STEP][PASSED] - if (i == 4 &amp;&amp; wildList.indexOf(symbol) != -1): null

2019-08-10 23:54:46 - [TEST_STEP][PASSED] - symbol = symbol: null

2019-08-10 23:54:46 - [TEST_STEP][PASSED] - println(symbol): null

2019-08-10 23:54:46 - [TEST_STEP][PASSED] - if (i == 2 &amp;&amp; wildList.indexOf(symbol) != -1): null

2019-08-10 23:54:46 - [TEST_STEP][PASSED] - if (i == 3 &amp;&amp; wildList.indexOf(symbol) != -1): null

2019-08-10 23:54:46 - [TEST_STEP][PASSED] - if (i == 4 &amp;&amp; wildList.indexOf(symbol) != -1): null

2019-08-10 23:54:46 - [TEST_STEP][PASSED] - symbols = symbols: null

2019-08-10 23:54:46 - [TEST_STEP][PASSED] - for ([j = 0, j &lt; symbols.size(), (j++)]): null

2019-08-10 23:54:46 - [TEST_STEP][PASSED] - symbol = symbol: null

2019-08-10 23:54:46 - [TEST_STEP][PASSED] - println(symbol): null

2019-08-10 23:54:46 - [TEST_STEP][PASSED] - if (i == 2 &amp;&amp; wildList.indexOf(symbol) != -1): null

2019-08-10 23:54:46 - [TEST_STEP][PASSED] - if (i == 3 &amp;&amp; wildList.indexOf(symbol) != -1): null

2019-08-10 23:54:46 - [TEST_STEP][PASSED] - if (i == 4 &amp;&amp; wildList.indexOf(symbol) != -1): null

2019-08-10 23:54:46 - [TEST_STEP][PASSED] - symbol = symbol: null

2019-08-10 23:54:46 - [TEST_STEP][PASSED] - println(symbol): null

2019-08-10 23:54:46 - [TEST_STEP][PASSED] - if (i == 2 &amp;&amp; wildList.indexOf(symbol) != -1): null

2019-08-10 23:54:46 - [TEST_STEP][PASSED] - if (i == 3 &amp;&amp; wildList.indexOf(symbol) != -1): null

2019-08-10 23:54:46 - [TEST_STEP][PASSED] - if (i == 4 &amp;&amp; wildList.indexOf(symbol) != -1): null

2019-08-10 23:54:46 - [TEST_STEP][PASSED] - symbol = symbol: null

2019-08-10 23:54:46 - [TEST_STEP][PASSED] - println(symbol): null

2019-08-10 23:54:46 - [TEST_STEP][PASSED] - if (i == 2 &amp;&amp; wildList.indexOf(symbol) != -1): null

2019-08-10 23:54:46 - [TEST_STEP][PASSED] - if (i == 3 &amp;&amp; wildList.indexOf(symbol) != -1): null

2019-08-10 23:54:46 - [TEST_STEP][PASSED] - if (i == 4 &amp;&amp; wildList.indexOf(symbol) != -1): null

2019-08-10 23:54:46 - [TEST_STEP][PASSED] - symbols = symbols: null

2019-08-10 23:54:46 - [TEST_STEP][PASSED] - for ([j = 0, j &lt; symbols.size(), (j++)]): null

2019-08-10 23:54:46 - [TEST_STEP][PASSED] - symbol = symbol: null

2019-08-10 23:54:46 - [TEST_STEP][PASSED] - println(symbol): null

2019-08-10 23:54:46 - [TEST_STEP][PASSED] - if (i == 2 &amp;&amp; wildList.indexOf(symbol) != -1): null

2019-08-10 23:54:46 - [TEST_STEP][PASSED] - if (i == 3 &amp;&amp; wildList.indexOf(symbol) != -1): null

2019-08-10 23:54:46 - [TEST_STEP][PASSED] - if (i == 4 &amp;&amp; wildList.indexOf(symbol) != -1): null

2019-08-10 23:54:46 - [TEST_STEP][PASSED] - symbol = symbol: null

2019-08-10 23:54:46 - [TEST_STEP][PASSED] - println(symbol): null

2019-08-10 23:54:46 - [TEST_STEP][PASSED] - if (i == 2 &amp;&amp; wildList.indexOf(symbol) != -1): null

2019-08-10 23:54:46 - [TEST_STEP][PASSED] - if (i == 3 &amp;&amp; wildList.indexOf(symbol) != -1): null

2019-08-10 23:54:46 - [TEST_STEP][PASSED] - if (i == 4 &amp;&amp; wildList.indexOf(symbol) != -1): null

2019-08-10 23:54:46 - [TEST_STEP][PASSED] - symbol = symbol: null

2019-08-10 23:54:46 - [TEST_STEP][PASSED] - println(symbol): null

2019-08-10 23:54:46 - [TEST_STEP][PASSED] - if (i == 2 &amp;&amp; wildList.indexOf(symbol) != -1): null

2019-08-10 23:54:46 - [TEST_STEP][PASSED] - if (i == 3 &amp;&amp; wildList.indexOf(symbol) != -1): null

2019-08-10 23:54:46 - [TEST_STEP][PASSED] - if (i == 4 &amp;&amp; wildList.indexOf(symbol) != -1): null

2019-08-10 23:54:46 - [TEST_STEP][PASSED] - symbols = symbols: null

2019-08-10 23:54:46 - [TEST_STEP][PASSED] - for ([j = 0, j &lt; symbols.size(), (j++)]): null

2019-08-10 23:54:46 - [TEST_STEP][PASSED] - symbol = symbol: null

2019-08-10 23:54:46 - [TEST_STEP][PASSED] - println(symbol): null

2019-08-10 23:54:46 - [TEST_STEP][PASSED] - if (i == 2 &amp;&amp; wildList.indexOf(symbol) != -1): null

2019-08-10 23:54:46 - [TEST_STEP][PASSED] - if (i == 3 &amp;&amp; wildList.indexOf(symbol) != -1): null

2019-08-10 23:54:46 - [TEST_STEP][PASSED] - if (i == 4 &amp;&amp; wildList.indexOf(symbol) != -1): null

2019-08-10 23:54:46 - [TEST_STEP][PASSED] - symbol = symbol: null

2019-08-10 23:54:46 - [TEST_STEP][PASSED] - println(symbol): null

2019-08-10 23:54:46 - [TEST_STEP][PASSED] - if (i == 2 &amp;&amp; wildList.indexOf(symbol) != -1): null

2019-08-10 23:54:46 - [TEST_STEP][PASSED] - if (i == 3 &amp;&amp; wildList.indexOf(symbol) != -1): null

2019-08-10 23:54:46 - [TEST_STEP][PASSED] - if (i == 4 &amp;&amp; wildList.indexOf(symbol) != -1): null

2019-08-10 23:54:46 - [TEST_STEP][PASSED] - symbol = symbol: null

2019-08-10 23:54:46 - [TEST_STEP][PASSED] - println(symbol): null

2019-08-10 23:54:46 - [TEST_STEP][PASSED] - if (i == 2 &amp;&amp; wildList.indexOf(symbol) != -1): null

2019-08-10 23:54:46 - [TEST_STEP][PASSED] - if (i == 3 &amp;&amp; wildList.indexOf(symbol) != -1): null

2019-08-10 23:54:46 - [TEST_STEP][PASSED] - if (i == 4 &amp;&amp; wildList.indexOf(symbol) != -1): null

2019-08-10 23:54:46 - [TEST_STEP][PASSED] - symbols = symbols: null

2019-08-10 23:54:46 - [TEST_STEP][PASSED] - for ([j = 0, j &lt; symbols.size(), (j++)]): null

2019-08-10 23:54:46 - [TEST_STEP][PASSED] - symbol = symbol: null

2019-08-10 23:54:46 - [TEST_STEP][PASSED] - println(symbol): null

2019-08-10 23:54:46 - [TEST_STEP][PASSED] - if (i == 2 &amp;&amp; wildList.indexOf(symbol) != -1): null

2019-08-10 23:54:46 - [TEST_STEP][PASSED] - if (i == 3 &amp;&amp; wildList.indexOf(symbol) != -1): null

2019-08-10 23:54:46 - [TEST_STEP][PASSED] - if (i == 4 &amp;&amp; wildList.indexOf(symbol) != -1): null

2019-08-10 23:54:46 - [TEST_STEP][PASSED] - symbol = symbol: null

2019-08-10 23:54:46 - [TEST_STEP][PASSED] - println(symbol): null

2019-08-10 23:54:46 - [TEST_STEP][PASSED] - if (i == 2 &amp;&amp; wildList.indexOf(symbol) != -1): null

2019-08-10 23:54:46 - [TEST_STEP][PASSED] - if (i == 3 &amp;&amp; wildList.indexOf(symbol) != -1): null

2019-08-10 23:54:46 - [TEST_STEP][PASSED] - if (i == 4 &amp;&amp; wildList.indexOf(symbol) != -1): null

2019-08-10 23:54:46 - [TEST_STEP][PASSED] - symbol = symbol: null

2019-08-10 23:54:46 - [TEST_STEP][PASSED] - println(symbol): null

2019-08-10 23:54:46 - [TEST_STEP][PASSED] - if (i == 2 &amp;&amp; wildList.indexOf(symbol) != -1): null

2019-08-10 23:54:46 - [TEST_STEP][PASSED] - if (i == 3 &amp;&amp; wildList.indexOf(symbol) != -1): null

2019-08-10 23:54:46 - [TEST_STEP][PASSED] - if (i == 4 &amp;&amp; wildList.indexOf(symbol) != -1): null

2019-08-10 23:54:46 - [TEST_STEP][PASSED] - free_spin_reel_counter = free_spin_reel_counter: null

2019-08-10 23:54:46 - [TEST_STEP][PASSED] - println("reel 3 wild found: " + free_spin_reel_counter[0]): null

2019-08-10 23:54:46 - [TEST_STEP][PASSED] - println("reel 4 wild found: " + free_spin_reel_counter[1]): null

2019-08-10 23:54:46 - [TEST_STEP][PASSED] - println("reel 5 wild found: " + free_spin_reel_counter[2]): null

2019-08-10 23:54:46 - [TEST_STEP][PASSED] - M4_spin_reels = M4_spin_reels: null

2019-08-10 23:54:46 - [TEST_STEP][PASSED] - M4_spin_reels_symbols = symbol: null

2019-08-10 23:54:46 - [TEST_STEP][PASSED] - M4_spin_reels_symbols = M4_spin_reels_symbols: null

2019-08-10 23:54:46 - [TEST_STEP][PASSED] - M4_spin_reel_wins = reel_wins: null

2019-08-10 23:54:46 - [TEST_STEP][PASSED] - M4_spin_reel_wins = M4_spin_reel_wins: null

2019-08-10 23:54:46 - [TEST_STEP][PASSED] - println("GlobalVariable.M4_spin_reel_wins is: " + M4_spin_reel_wins): null

2019-08-10 23:54:46 - [TEST_STEP][PASSED] - M4_spin_total_bonus_win_this_round = total_bonus_win_this_round: null

2019-08-10 23:54:46 - [TEST_STEP][PASSED] - M4_spin_total_bonus_win_this_round = M4_spin_total_bonus_win_this_round: null

2019-08-10 23:54:46 - [TEST_STEP][PASSED] - println("GlobalVariable.M4_spin_total_bonus_win_this_round is: " + M4_spin_total_bonus_win_this_round): null

2019-08-10 23:54:46 - [MESSAGE][PASSED] - Verify response successfully

2019-08-10 23:54:46 - [MESSAGE][PASSED] - Send request and verify the response successfully

2019-08-10 23:54:46 - [TEST_STEP][PASSED] - if (M4_total_bonus_spins_int != 0 &amp;&amp; M4_spin_reels_symbols[2].contains("WILD_Double") || M4_spin_reels_symbols[4].contains("WILD_Triple")): null

2019-08-10 23:54:46 - [TEST_STEP][PASSED] - free_spin_reel_counter = free_spin_reel_counter: null

2019-08-10 23:54:46 - [TEST_STEP][PASSED] - M4_spin_reels_symbols = M4_spin_reels_symbols: null

2019-08-10 23:54:46 - [TEST_STEP][PASSED] - M4_total_bonus_spins = M4_total_bonus_spins: null

2019-08-10 23:54:46 - [TEST_STEP][PASSED] - spin_result = sendRequestAndVerify(findTestObject("RGS(M4)/1_M4_spin", ["M4_login_user_id":M4_login_user_id, "rgs_session_token":rgs_session_token, "partner":Partner])): Send request and verify the response successfully

2019-08-10 23:54:46 - [TEST_CASE][PASSED] - Start Test Case : Verification: Verification accomplished successfully

2019-08-10 23:54:46 - [TEST_STEP][PASSED] - request = getInstance().getCurrentRequest(): null

2019-08-10 23:54:46 - [TEST_STEP][PASSED] - response = getInstance().getCurrentResponse(): null

2019-08-10 23:54:46 - [TEST_STEP][PASSED] - verifyResponseStatusCode(response, 200): Verify response status code successfully

2019-08-10 23:54:46 - [MESSAGE][PASSED] - Verify response status code successfully

2019-08-10 23:54:46 - [TEST_STEP][PASSED] - getStatusCode()).isEqualTo(200): null

2019-08-10 23:54:46 - [TEST_STEP][PASSED] - newline = System.getProperty("line.separator"): null

2019-08-10 23:54:46 - [TEST_STEP][PASSED] - M4_spin = new groovy.json.JsonSlurper(): null

2019-08-10 23:54:46 - [TEST_STEP][PASSED] - result_M4_spin = M4_spin.parseText(response.getResponseBodyContent()): null

2019-08-10 23:54:46 - [TEST_STEP][PASSED] - M4_spin_current_balance = current_balance: null

2019-08-10 23:54:46 - [TEST_STEP][PASSED] - M4_spin_current_balance = M4_spin_current_balance: null

2019-08-10 23:54:46 - [TEST_STEP][PASSED] - M4_spin_transaction_id = causality: null

2019-08-10 23:54:46 - [TEST_STEP][PASSED] - M4_spin_transaction_id = M4_spin_transaction_id: null

2019-08-10 23:54:46 - [TEST_STEP][PASSED] - M4_spin_round_id = round_id: null

2019-08-10 23:54:46 - [TEST_STEP][PASSED] - M4_spin_round_id = M4_spin_round_id: null

2019-08-10 23:54:46 - [TEST_STEP][PASSED] - M4_spin_line_wins = line_wins: null

2019-08-10 23:54:46 - [TEST_STEP][PASSED] - M4_spin_line_wins = M4_spin_line_wins: null

2019-08-10 23:54:46 - [TEST_STEP][PASSED] - M4_total_bonus_spins_int = total_bonus_spins: null

2019-08-10 23:54:46 - [TEST_STEP][PASSED] - println("******M4_total_bonus_spins type is:*******" + newline + getClass().getName()): null

2019-08-10 23:54:46 - [TEST_STEP][PASSED] - M4_total_bonus_spins_int = M4_total_bonus_spins_int: null

2019-08-10 23:54:46 - [TEST_STEP][PASSED] - M4_total_bonus_spins = Integer.toString(M4_total_bonus_spins_int): null

2019-08-10 23:54:46 - [TEST_STEP][PASSED] - M4_total_bonus_spins = M4_total_bonus_spins: null

2019-08-10 23:54:46 - [TEST_STEP][PASSED] - println("M4_total_bonus_spins is:" + M4_total_bonus_spins): null

2019-08-10 23:54:46 - [TEST_STEP][PASSED] - M4_spin_bonus_data = bonus_data: null

2019-08-10 23:54:46 - [TEST_STEP][PASSED] - M4_spin_features_triggered = result_M4_spin: null

2019-08-10 23:54:46 - [TEST_STEP][PASSED] - wild = []: null

2019-08-10 23:54:46 - [TEST_STEP][PASSED] - wild[0] = "WILD_Expanding": null

2019-08-10 23:54:46 - [TEST_STEP][PASSED] - wild[1] = "WILD_Normal": null

2019-08-10 23:54:46 - [TEST_STEP][PASSED] - wild[2] = "WILD_Double": null

2019-08-10 23:54:46 - [TEST_STEP][PASSED] - wild[3] = "WILD_ExtraFG": null

2019-08-10 23:54:46 - [TEST_STEP][PASSED] - wild[4] = "WILD_Triple": null

2019-08-10 23:54:46 - [TEST_STEP][PASSED] - wildList = Arrays.asList(wild): null

2019-08-10 23:54:46 - [TEST_STEP][PASSED] - wildList = wildList: null

2019-08-10 23:54:46 - [TEST_STEP][PASSED] - free_spin_reel_counter = []: null

2019-08-10 23:54:46 - [TEST_STEP][PASSED] - free_spin_reel_counter[0] = 0: null

2019-08-10 23:54:46 - [TEST_STEP][PASSED] - free_spin_reel_counter[1] = 0: null

2019-08-10 23:54:46 - [TEST_STEP][PASSED] - free_spin_reel_counter[2] = 0: null

2019-08-10 23:54:46 - [TEST_STEP][PASSED] - M4_spin_reels = reels: null

2019-08-10 23:54:46 - [TEST_STEP][PASSED] - for ([i = 0, i &lt; M4_spin_reels.size(), (i++)]): null

2019-08-10 23:54:46 - [TEST_STEP][PASSED] - symbols = symbols: null

2019-08-10 23:54:46 - [TEST_STEP][PASSED] - for ([j = 0, j &lt; symbols.size(), (j++)]): null

2019-08-10 23:54:46 - [TEST_STEP][PASSED] - symbol = symbol: null

2019-08-10 23:54:46 - [TEST_STEP][PASSED] - println(symbol): null

2019-08-10 23:54:46 - [TEST_STEP][PASSED] - if (i == 2 &amp;&amp; wildList.indexOf(symbol) != -1): null

2019-08-10 23:54:46 - [TEST_STEP][PASSED] - if (i == 3 &amp;&amp; wildList.indexOf(symbol) != -1): null

2019-08-10 23:54:46 - [TEST_STEP][PASSED] - if (i == 4 &amp;&amp; wildList.indexOf(symbol) != -1): null

2019-08-10 23:54:46 - [TEST_STEP][PASSED] - symbol = symbol: null

2019-08-10 23:54:46 - [TEST_STEP][PASSED] - println(symbol): null

2019-08-10 23:54:46 - [TEST_STEP][PASSED] - if (i == 2 &amp;&amp; wildList.indexOf(symbol) != -1): null

2019-08-10 23:54:46 - [TEST_STEP][PASSED] - if (i == 3 &amp;&amp; wildList.indexOf(symbol) != -1): null

2019-08-10 23:54:46 - [TEST_STEP][PASSED] - if (i == 4 &amp;&amp; wildList.indexOf(symbol) != -1): null

2019-08-10 23:54:46 - [TEST_STEP][PASSED] - symbol = symbol: null

2019-08-10 23:54:46 - [TEST_STEP][PASSED] - println(symbol): null

2019-08-10 23:54:46 - [TEST_STEP][PASSED] - if (i == 2 &amp;&amp; wildList.indexOf(symbol) != -1): null

2019-08-10 23:54:46 - [TEST_STEP][PASSED] - if (i == 3 &amp;&amp; wildList.indexOf(symbol) != -1): null

2019-08-10 23:54:46 - [TEST_STEP][PASSED] - if (i == 4 &amp;&amp; wildList.indexOf(symbol) != -1): null

2019-08-10 23:54:46 - [TEST_STEP][PASSED] - symbols = symbols: null

2019-08-10 23:54:46 - [TEST_STEP][PASSED] - for ([j = 0, j &lt; symbols.size(), (j++)]): null

2019-08-10 23:54:46 - [TEST_STEP][PASSED] - symbol = symbol: null

2019-08-10 23:54:46 - [TEST_STEP][PASSED] - println(symbol): null

2019-08-10 23:54:46 - [TEST_STEP][PASSED] - if (i == 2 &amp;&amp; wildList.indexOf(symbol) != -1): null

2019-08-10 23:54:46 - [TEST_STEP][PASSED] - if (i == 3 &amp;&amp; wildList.indexOf(symbol) != -1): null

2019-08-10 23:54:46 - [TEST_STEP][PASSED] - if (i == 4 &amp;&amp; wildList.indexOf(symbol) != -1): null

2019-08-10 23:54:46 - [TEST_STEP][PASSED] - symbol = symbol: null

2019-08-10 23:54:46 - [TEST_STEP][PASSED] - println(symbol): null

2019-08-10 23:54:46 - [TEST_STEP][PASSED] - if (i == 2 &amp;&amp; wildList.indexOf(symbol) != -1): null

2019-08-10 23:54:46 - [TEST_STEP][PASSED] - if (i == 3 &amp;&amp; wildList.indexOf(symbol) != -1): null

2019-08-10 23:54:46 - [TEST_STEP][PASSED] - if (i == 4 &amp;&amp; wildList.indexOf(symbol) != -1): null

2019-08-10 23:54:46 - [TEST_STEP][PASSED] - symbol = symbol: null

2019-08-10 23:54:46 - [TEST_STEP][PASSED] - println(symbol): null

2019-08-10 23:54:46 - [TEST_STEP][PASSED] - if (i == 2 &amp;&amp; wildList.indexOf(symbol) != -1): null

2019-08-10 23:54:46 - [TEST_STEP][PASSED] - if (i == 3 &amp;&amp; wildList.indexOf(symbol) != -1): null

2019-08-10 23:54:46 - [TEST_STEP][PASSED] - if (i == 4 &amp;&amp; wildList.indexOf(symbol) != -1): null

2019-08-10 23:54:46 - [TEST_STEP][PASSED] - symbols = symbols: null

2019-08-10 23:54:46 - [TEST_STEP][PASSED] - for ([j = 0, j &lt; symbols.size(), (j++)]): null

2019-08-10 23:54:46 - [TEST_STEP][PASSED] - symbol = symbol: null

2019-08-10 23:54:51 - [TEST_STEP][PASSED] - println(symbol): null

2019-08-10 23:55:07 - [TEST_STEP][PASSED] - if (i == 2 &amp;&amp; wildList.indexOf(symbol) != -1): null

2019-08-10 23:55:07 - [TEST_STEP][PASSED] - if (i == 3 &amp;&amp; wildList.indexOf(symbol) != -1): null

2019-08-10 23:55:07 - [TEST_STEP][PASSED] - if (i == 4 &amp;&amp; wildList.indexOf(symbol) != -1): null

2019-08-10 23:55:07 - [TEST_STEP][PASSED] - symbol = symbol: null

2019-08-10 23:55:07 - [TEST_STEP][PASSED] - println(symbol): null

2019-08-10 23:55:12 - [TEST_STEP][PASSED] - if (i == 2 &amp;&amp; wildList.indexOf(symbol) != -1): null

2019-08-10 23:55:12 - [TEST_STEP][PASSED] - if (i == 3 &amp;&amp; wildList.indexOf(symbol) != -1): null

2019-08-10 23:55:12 - [TEST_STEP][PASSED] - if (i == 4 &amp;&amp; wildList.indexOf(symbol) != -1): null

2019-08-10 23:55:12 - [TEST_STEP][PASSED] - symbol = symbol: null

2019-08-10 23:55:12 - [TEST_STEP][PASSED] - println(symbol): null

2019-08-10 23:55:12 - [TEST_STEP][PASSED] - if (i == 2 &amp;&amp; wildList.indexOf(symbol) != -1): null

2019-08-10 23:55:12 - [TEST_STEP][PASSED] - if (i == 3 &amp;&amp; wildList.indexOf(symbol) != -1): null

2019-08-10 23:55:12 - [TEST_STEP][PASSED] - if (i == 4 &amp;&amp; wildList.indexOf(symbol) != -1): null

2019-08-10 23:55:12 - [TEST_STEP][PASSED] - symbols = symbols: null

2019-08-10 23:55:12 - [TEST_STEP][PASSED] - for ([j = 0, j &lt; symbols.size(), (j++)]): null

2019-08-10 23:55:12 - [TEST_STEP][PASSED] - symbol = symbol: null

2019-08-10 23:55:12 - [TEST_STEP][PASSED] - println(symbol): null

2019-08-10 23:55:12 - [TEST_STEP][PASSED] - if (i == 2 &amp;&amp; wildList.indexOf(symbol) != -1): null

2019-08-10 23:55:12 - [TEST_STEP][PASSED] - if (i == 3 &amp;&amp; wildList.indexOf(symbol) != -1): null

2019-08-10 23:55:12 - [TEST_STEP][PASSED] - if (i == 4 &amp;&amp; wildList.indexOf(symbol) != -1): null

2019-08-10 23:55:12 - [TEST_STEP][PASSED] - symbol = symbol: null

2019-08-10 23:55:12 - [TEST_STEP][PASSED] - println(symbol): null

2019-08-10 23:55:12 - [TEST_STEP][PASSED] - if (i == 2 &amp;&amp; wildList.indexOf(symbol) != -1): null

2019-08-10 23:55:12 - [TEST_STEP][PASSED] - if (i == 3 &amp;&amp; wildList.indexOf(symbol) != -1): null

2019-08-10 23:55:12 - [TEST_STEP][PASSED] - if (i == 4 &amp;&amp; wildList.indexOf(symbol) != -1): null

2019-08-10 23:55:12 - [TEST_STEP][PASSED] - symbol = symbol: null

2019-08-10 23:55:12 - [TEST_STEP][PASSED] - println(symbol): null

2019-08-10 23:55:12 - [TEST_STEP][PASSED] - if (i == 2 &amp;&amp; wildList.indexOf(symbol) != -1): null

2019-08-10 23:55:12 - [TEST_STEP][PASSED] - if (i == 3 &amp;&amp; wildList.indexOf(symbol) != -1): null

2019-08-10 23:55:12 - [TEST_STEP][PASSED] - if (i == 4 &amp;&amp; wildList.indexOf(symbol) != -1): null

2019-08-10 23:55:12 - [TEST_STEP][PASSED] - symbols = symbols: null

2019-08-10 23:55:12 - [TEST_STEP][PASSED] - for ([j = 0, j &lt; symbols.size(), (j++)]): null

2019-08-10 23:55:12 - [TEST_STEP][PASSED] - symbol = symbol: null

2019-08-10 23:55:12 - [TEST_STEP][PASSED] - println(symbol): null

2019-08-10 23:55:12 - [TEST_STEP][PASSED] - if (i == 2 &amp;&amp; wildList.indexOf(symbol) != -1): null

2019-08-10 23:55:12 - [TEST_STEP][PASSED] - if (i == 3 &amp;&amp; wildList.indexOf(symbol) != -1): null

2019-08-10 23:55:12 - [TEST_STEP][PASSED] - if (i == 4 &amp;&amp; wildList.indexOf(symbol) != -1): null

2019-08-10 23:55:12 - [TEST_STEP][PASSED] - symbol = symbol: null

2019-08-10 23:55:12 - [TEST_STEP][PASSED] - println(symbol): null

2019-08-10 23:55:12 - [TEST_STEP][PASSED] - if (i == 2 &amp;&amp; wildList.indexOf(symbol) != -1): null

2019-08-10 23:55:12 - [TEST_STEP][PASSED] - if (i == 3 &amp;&amp; wildList.indexOf(symbol) != -1): null

2019-08-10 23:55:12 - [TEST_STEP][PASSED] - if (i == 4 &amp;&amp; wildList.indexOf(symbol) != -1): null

2019-08-10 23:55:12 - [TEST_STEP][PASSED] - symbol = symbol: null

2019-08-10 23:55:12 - [TEST_STEP][PASSED] - println(symbol): null

2019-08-10 23:55:12 - [TEST_STEP][PASSED] - if (i == 2 &amp;&amp; wildList.indexOf(symbol) != -1): null

2019-08-10 23:55:12 - [TEST_STEP][PASSED] - if (i == 3 &amp;&amp; wildList.indexOf(symbol) != -1): null

2019-08-10 23:55:12 - [TEST_STEP][PASSED] - if (i == 4 &amp;&amp; wildList.indexOf(symbol) != -1): null

2019-08-10 23:55:12 - [TEST_STEP][PASSED] - free_spin_reel_counter = free_spin_reel_counter: null

2019-08-10 23:55:12 - [TEST_STEP][PASSED] - println("reel 3 wild found: " + free_spin_reel_counter[0]): null

2019-08-10 23:55:12 - [TEST_STEP][PASSED] - println("reel 4 wild found: " + free_spin_reel_counter[1]): null

2019-08-10 23:55:12 - [TEST_STEP][PASSED] - println("reel 5 wild found: " + free_spin_reel_counter[2]): null

2019-08-10 23:55:12 - [TEST_STEP][PASSED] - M4_spin_reels = M4_spin_reels: null

2019-08-10 23:55:12 - [TEST_STEP][PASSED] - M4_spin_reels_symbols = symbol: null

2019-08-10 23:55:12 - [TEST_STEP][PASSED] - M4_spin_reels_symbols = M4_spin_reels_symbols: null

2019-08-10 23:55:12 - [TEST_STEP][PASSED] - M4_spin_reel_wins = reel_wins: null

2019-08-10 23:55:12 - [TEST_STEP][PASSED] - M4_spin_reel_wins = M4_spin_reel_wins: null

2019-08-10 23:55:12 - [TEST_STEP][PASSED] - println("GlobalVariable.M4_spin_reel_wins is: " + M4_spin_reel_wins): null

2019-08-10 23:55:12 - [TEST_STEP][PASSED] - M4_spin_total_bonus_win_this_round = total_bonus_win_this_round: null

2019-08-10 23:55:12 - [TEST_STEP][PASSED] - M4_spin_total_bonus_win_this_round = M4_spin_total_bonus_win_this_round: null

2019-08-10 23:55:12 - [TEST_STEP][PASSED] - println("GlobalVariable.M4_spin_total_bonus_win_this_round is: " + M4_spin_total_bonus_win_this_round): null

2019-08-10 23:55:12 - [MESSAGE][PASSED] - Verify response successfully

2019-08-10 23:55:12 - [MESSAGE][PASSED] - Send request and verify the response successfully

2019-08-10 23:55:12 - [TEST_STEP][PASSED] - if (M4_total_bonus_spins_int != 0 &amp;&amp; M4_spin_reels_symbols[2].contains("WILD_Double") || M4_spin_reels_symbols[4].contains("WILD_Triple")): null

2019-08-10 23:55:12 - [TEST_STEP][PASSED] - free_spin_reel_counter = free_spin_reel_counter: null

2019-08-10 23:55:12 - [TEST_STEP][PASSED] - M4_spin_reels_symbols = M4_spin_reels_symbols: null

2019-08-10 23:55:12 - [TEST_STEP][PASSED] - M4_total_bonus_spins = M4_total_bonus_spins: null

2019-08-10 23:55:12 - [TEST_STEP][PASSED] - spin_result = sendRequestAndVerify(findTestObject("RGS(M4)/1_M4_spin", ["M4_login_user_id":M4_login_user_id, "rgs_session_token":rgs_session_token, "partner":Partner])): Send request and verify the response successfully

2019-08-10 23:55:13 - [TEST_CASE][PASSED] - Start Test Case : Verification: Verification accomplished successfully

2019-08-10 23:55:13 - [TEST_STEP][PASSED] - request = getInstance().getCurrentRequest(): null

2019-08-10 23:55:13 - [TEST_STEP][PASSED] - response = getInstance().getCurrentResponse(): null

2019-08-10 23:55:13 - [TEST_STEP][PASSED] - verifyResponseStatusCode(response, 200): Verify response status code successfully

2019-08-10 23:55:13 - [MESSAGE][PASSED] - Verify response status code successfully

2019-08-10 23:55:13 - [TEST_STEP][PASSED] - getStatusCode()).isEqualTo(200): null

2019-08-10 23:55:13 - [TEST_STEP][PASSED] - newline = System.getProperty("line.separator"): null

2019-08-10 23:55:13 - [TEST_STEP][PASSED] - M4_spin = new groovy.json.JsonSlurper(): null

2019-08-10 23:55:13 - [TEST_STEP][PASSED] - result_M4_spin = M4_spin.parseText(response.getResponseBodyContent()): null

2019-08-10 23:55:13 - [TEST_STEP][PASSED] - M4_spin_current_balance = current_balance: null

2019-08-10 23:55:13 - [TEST_STEP][PASSED] - M4_spin_current_balance = M4_spin_current_balance: null

2019-08-10 23:55:13 - [TEST_STEP][PASSED] - M4_spin_transaction_id = causality: null

2019-08-10 23:55:13 - [TEST_STEP][PASSED] - M4_spin_transaction_id = M4_spin_transaction_id: null

2019-08-10 23:55:13 - [TEST_STEP][PASSED] - M4_spin_round_id = round_id: null

2019-08-10 23:55:13 - [TEST_STEP][PASSED] - M4_spin_round_id = M4_spin_round_id: null

2019-08-10 23:55:13 - [TEST_STEP][PASSED] - M4_spin_line_wins = line_wins: null

2019-08-10 23:55:13 - [TEST_STEP][PASSED] - M4_spin_line_wins = M4_spin_line_wins: null

2019-08-10 23:55:13 - [TEST_STEP][PASSED] - M4_total_bonus_spins_int = total_bonus_spins: null

2019-08-10 23:55:13 - [TEST_STEP][PASSED] - println("******M4_total_bonus_spins type is:*******" + newline + getClass().getName()): null

2019-08-10 23:55:13 - [TEST_STEP][PASSED] - M4_total_bonus_spins_int = M4_total_bonus_spins_int: null

2019-08-10 23:55:13 - [TEST_STEP][PASSED] - M4_total_bonus_spins = Integer.toString(M4_total_bonus_spins_int): null

2019-08-10 23:55:13 - [TEST_STEP][PASSED] - M4_total_bonus_spins = M4_total_bonus_spins: null

2019-08-10 23:55:13 - [TEST_STEP][PASSED] - println("M4_total_bonus_spins is:" + M4_total_bonus_spins): null

2019-08-10 23:55:13 - [TEST_STEP][PASSED] - M4_spin_bonus_data = bonus_data: null

2019-08-10 23:55:13 - [TEST_STEP][PASSED] - M4_spin_features_triggered = result_M4_spin: null

2019-08-10 23:55:13 - [TEST_STEP][PASSED] - wild = []: null

2019-08-10 23:55:13 - [TEST_STEP][PASSED] - wild[0] = "WILD_Expanding": null

2019-08-10 23:55:13 - [TEST_STEP][PASSED] - wild[1] = "WILD_Normal": null

2019-08-10 23:55:13 - [TEST_STEP][PASSED] - wild[2] = "WILD_Double": null

2019-08-10 23:55:13 - [TEST_STEP][PASSED] - wild[3] = "WILD_ExtraFG": null

2019-08-10 23:55:13 - [TEST_STEP][PASSED] - wild[4] = "WILD_Triple": null

2019-08-10 23:55:13 - [TEST_STEP][PASSED] - wildList = Arrays.asList(wild): null

2019-08-10 23:55:13 - [TEST_STEP][PASSED] - wildList = wildList: null

2019-08-10 23:55:13 - [TEST_STEP][PASSED] - free_spin_reel_counter = []: null

2019-08-10 23:55:13 - [TEST_STEP][PASSED] - free_spin_reel_counter[0] = 0: null

2019-08-10 23:55:13 - [TEST_STEP][PASSED] - free_spin_reel_counter[1] = 0: null

2019-08-10 23:55:13 - [TEST_STEP][PASSED] - free_spin_reel_counter[2] = 0: null

2019-08-10 23:55:13 - [TEST_STEP][PASSED] - M4_spin_reels = reels: null

2019-08-10 23:55:13 - [TEST_STEP][PASSED] - for ([i = 0, i &lt; M4_spin_reels.size(), (i++)]): null

2019-08-10 23:55:13 - [TEST_STEP][PASSED] - symbols = symbols: null

2019-08-10 23:55:13 - [TEST_STEP][PASSED] - for ([j = 0, j &lt; symbols.size(), (j++)]): null

2019-08-10 23:55:13 - [TEST_STEP][PASSED] - symbol = symbol: null

2019-08-10 23:55:13 - [TEST_STEP][PASSED] - println(symbol): null

2019-08-10 23:55:13 - [TEST_STEP][PASSED] - if (i == 2 &amp;&amp; wildList.indexOf(symbol) != -1): null

2019-08-10 23:55:13 - [TEST_STEP][PASSED] - if (i == 3 &amp;&amp; wildList.indexOf(symbol) != -1): null

2019-08-10 23:55:13 - [TEST_STEP][PASSED] - if (i == 4 &amp;&amp; wildList.indexOf(symbol) != -1): null

2019-08-10 23:55:13 - [TEST_STEP][PASSED] - symbol = symbol: null

2019-08-10 23:55:13 - [TEST_STEP][PASSED] - println(symbol): null

2019-08-10 23:55:13 - [TEST_STEP][PASSED] - if (i == 2 &amp;&amp; wildList.indexOf(symbol) != -1): null

2019-08-10 23:55:13 - [TEST_STEP][PASSED] - if (i == 3 &amp;&amp; wildList.indexOf(symbol) != -1): null

2019-08-10 23:55:13 - [TEST_STEP][PASSED] - if (i == 4 &amp;&amp; wildList.indexOf(symbol) != -1): null

2019-08-10 23:55:13 - [TEST_STEP][PASSED] - symbol = symbol: null

2019-08-10 23:55:13 - [TEST_STEP][PASSED] - println(symbol): null

2019-08-10 23:55:13 - [TEST_STEP][PASSED] - if (i == 2 &amp;&amp; wildList.indexOf(symbol) != -1): null

2019-08-10 23:55:13 - [TEST_STEP][PASSED] - if (i == 3 &amp;&amp; wildList.indexOf(symbol) != -1): null

2019-08-10 23:55:13 - [TEST_STEP][PASSED] - if (i == 4 &amp;&amp; wildList.indexOf(symbol) != -1): null

2019-08-10 23:55:13 - [TEST_STEP][PASSED] - symbols = symbols: null

2019-08-10 23:55:13 - [TEST_STEP][PASSED] - for ([j = 0, j &lt; symbols.size(), (j++)]): null

2019-08-10 23:55:13 - [TEST_STEP][PASSED] - symbol = symbol: null

2019-08-10 23:55:13 - [TEST_STEP][PASSED] - println(symbol): null

2019-08-10 23:55:13 - [TEST_STEP][PASSED] - if (i == 2 &amp;&amp; wildList.indexOf(symbol) != -1): null

2019-08-10 23:55:13 - [TEST_STEP][PASSED] - if (i == 3 &amp;&amp; wildList.indexOf(symbol) != -1): null

2019-08-10 23:55:13 - [TEST_STEP][PASSED] - if (i == 4 &amp;&amp; wildList.indexOf(symbol) != -1): null

2019-08-10 23:55:13 - [TEST_STEP][PASSED] - symbol = symbol: null

2019-08-10 23:55:13 - [TEST_STEP][PASSED] - println(symbol): null

2019-08-10 23:55:13 - [TEST_STEP][PASSED] - if (i == 2 &amp;&amp; wildList.indexOf(symbol) != -1): null

2019-08-10 23:55:13 - [TEST_STEP][PASSED] - if (i == 3 &amp;&amp; wildList.indexOf(symbol) != -1): null

2019-08-10 23:55:13 - [TEST_STEP][PASSED] - if (i == 4 &amp;&amp; wildList.indexOf(symbol) != -1): null

2019-08-10 23:55:13 - [TEST_STEP][PASSED] - symbol = symbol: null

2019-08-10 23:55:13 - [TEST_STEP][PASSED] - println(symbol): null

2019-08-10 23:55:13 - [TEST_STEP][PASSED] - if (i == 2 &amp;&amp; wildList.indexOf(symbol) != -1): null

2019-08-10 23:55:13 - [TEST_STEP][PASSED] - if (i == 3 &amp;&amp; wildList.indexOf(symbol) != -1): null

2019-08-10 23:55:13 - [TEST_STEP][PASSED] - if (i == 4 &amp;&amp; wildList.indexOf(symbol) != -1): null

2019-08-10 23:55:13 - [TEST_STEP][PASSED] - symbols = symbols: null

2019-08-10 23:55:13 - [TEST_STEP][PASSED] - for ([j = 0, j &lt; symbols.size(), (j++)]): null

2019-08-10 23:55:13 - [TEST_STEP][PASSED] - symbol = symbol: null

2019-08-10 23:55:13 - [TEST_STEP][PASSED] - println(symbol): null

2019-08-10 23:55:13 - [TEST_STEP][PASSED] - if (i == 2 &amp;&amp; wildList.indexOf(symbol) != -1): null

2019-08-10 23:55:13 - [TEST_STEP][PASSED] - if (i == 3 &amp;&amp; wildList.indexOf(symbol) != -1): null

2019-08-10 23:55:13 - [TEST_STEP][PASSED] - if (i == 4 &amp;&amp; wildList.indexOf(symbol) != -1): null

2019-08-10 23:55:13 - [TEST_STEP][PASSED] - symbol = symbol: null

2019-08-10 23:55:13 - [TEST_STEP][PASSED] - println(symbol): null

2019-08-10 23:55:13 - [TEST_STEP][PASSED] - if (i == 2 &amp;&amp; wildList.indexOf(symbol) != -1): null

2019-08-10 23:55:13 - [TEST_STEP][PASSED] - if (i == 3 &amp;&amp; wildList.indexOf(symbol) != -1): null

2019-08-10 23:55:13 - [TEST_STEP][PASSED] - if (i == 4 &amp;&amp; wildList.indexOf(symbol) != -1): null

2019-08-10 23:55:13 - [TEST_STEP][PASSED] - symbol = symbol: null

2019-08-10 23:55:13 - [TEST_STEP][PASSED] - println(symbol): null

2019-08-10 23:55:13 - [TEST_STEP][PASSED] - if (i == 2 &amp;&amp; wildList.indexOf(symbol) != -1): null

2019-08-10 23:55:13 - [TEST_STEP][PASSED] - if (i == 3 &amp;&amp; wildList.indexOf(symbol) != -1): null

2019-08-10 23:55:13 - [TEST_STEP][PASSED] - if (i == 4 &amp;&amp; wildList.indexOf(symbol) != -1): null

2019-08-10 23:55:13 - [TEST_STEP][PASSED] - symbols = symbols: null

2019-08-10 23:55:13 - [TEST_STEP][PASSED] - for ([j = 0, j &lt; symbols.size(), (j++)]): null

2019-08-10 23:55:13 - [TEST_STEP][PASSED] - symbol = symbol: null

2019-08-10 23:55:13 - [TEST_STEP][PASSED] - println(symbol): null

2019-08-10 23:55:13 - [TEST_STEP][PASSED] - if (i == 2 &amp;&amp; wildList.indexOf(symbol) != -1): null

2019-08-10 23:55:13 - [TEST_STEP][PASSED] - if (i == 3 &amp;&amp; wildList.indexOf(symbol) != -1): null

2019-08-10 23:55:13 - [TEST_STEP][PASSED] - if (i == 4 &amp;&amp; wildList.indexOf(symbol) != -1): null

2019-08-10 23:55:13 - [TEST_STEP][PASSED] - symbol = symbol: null

2019-08-10 23:55:13 - [TEST_STEP][PASSED] - println(symbol): null

2019-08-10 23:55:13 - [TEST_STEP][PASSED] - if (i == 2 &amp;&amp; wildList.indexOf(symbol) != -1): null

2019-08-10 23:55:13 - [TEST_STEP][PASSED] - if (i == 3 &amp;&amp; wildList.indexOf(symbol) != -1): null

2019-08-10 23:55:13 - [TEST_STEP][PASSED] - if (i == 4 &amp;&amp; wildList.indexOf(symbol) != -1): null

2019-08-10 23:55:13 - [TEST_STEP][PASSED] - symbol = symbol: null

2019-08-10 23:55:13 - [TEST_STEP][PASSED] - println(symbol): null

2019-08-10 23:55:13 - [TEST_STEP][PASSED] - if (i == 2 &amp;&amp; wildList.indexOf(symbol) != -1): null

2019-08-10 23:55:13 - [TEST_STEP][PASSED] - if (i == 3 &amp;&amp; wildList.indexOf(symbol) != -1): null

2019-08-10 23:55:13 - [TEST_STEP][PASSED] - if (i == 4 &amp;&amp; wildList.indexOf(symbol) != -1): null

2019-08-10 23:55:13 - [TEST_STEP][PASSED] - symbols = symbols: null

2019-08-10 23:55:13 - [TEST_STEP][PASSED] - for ([j = 0, j &lt; symbols.size(), (j++)]): null

2019-08-10 23:55:13 - [TEST_STEP][PASSED] - symbol = symbol: null

2019-08-10 23:55:13 - [TEST_STEP][PASSED] - println(symbol): null

2019-08-10 23:55:13 - [TEST_STEP][PASSED] - if (i == 2 &amp;&amp; wildList.indexOf(symbol) != -1): null

2019-08-10 23:55:13 - [TEST_STEP][PASSED] - if (i == 3 &amp;&amp; wildList.indexOf(symbol) != -1): null

2019-08-10 23:55:13 - [TEST_STEP][PASSED] - if (i == 4 &amp;&amp; wildList.indexOf(symbol) != -1): null

2019-08-10 23:55:13 - [TEST_STEP][PASSED] - symbol = symbol: null

2019-08-10 23:55:13 - [TEST_STEP][PASSED] - println(symbol): null

2019-08-10 23:55:13 - [TEST_STEP][PASSED] - if (i == 2 &amp;&amp; wildList.indexOf(symbol) != -1): null

2019-08-10 23:55:13 - [TEST_STEP][PASSED] - if (i == 3 &amp;&amp; wildList.indexOf(symbol) != -1): null

2019-08-10 23:55:13 - [TEST_STEP][PASSED] - if (i == 4 &amp;&amp; wildList.indexOf(symbol) != -1): null

2019-08-10 23:55:13 - [TEST_STEP][PASSED] - symbol = symbol: null

2019-08-10 23:55:13 - [TEST_STEP][PASSED] - println(symbol): null

2019-08-10 23:55:13 - [TEST_STEP][PASSED] - if (i == 2 &amp;&amp; wildList.indexOf(symbol) != -1): null

2019-08-10 23:55:13 - [TEST_STEP][PASSED] - if (i == 3 &amp;&amp; wildList.indexOf(symbol) != -1): null

2019-08-10 23:55:13 - [TEST_STEP][PASSED] - if (i == 4 &amp;&amp; wildList.indexOf(symbol) != -1): null

2019-08-10 23:55:13 - [TEST_STEP][PASSED] - free_spin_reel_counter = free_spin_reel_counter: null

2019-08-10 23:55:13 - [TEST_STEP][PASSED] - println("reel 3 wild found: " + free_spin_reel_counter[0]): null

2019-08-10 23:55:13 - [TEST_STEP][PASSED] - println("reel 4 wild found: " + free_spin_reel_counter[1]): null

2019-08-10 23:55:13 - [TEST_STEP][PASSED] - println("reel 5 wild found: " + free_spin_reel_counter[2]): null

2019-08-10 23:55:13 - [TEST_STEP][PASSED] - M4_spin_reels = M4_spin_reels: null

2019-08-10 23:55:13 - [TEST_STEP][PASSED] - M4_spin_reels_symbols = symbol: null

2019-08-10 23:55:13 - [TEST_STEP][PASSED] - M4_spin_reels_symbols = M4_spin_reels_symbols: null

2019-08-10 23:55:13 - [TEST_STEP][PASSED] - M4_spin_reel_wins = reel_wins: null

2019-08-10 23:55:13 - [TEST_STEP][PASSED] - M4_spin_reel_wins = M4_spin_reel_wins: null

2019-08-10 23:55:13 - [TEST_STEP][PASSED] - println("GlobalVariable.M4_spin_reel_wins is: " + M4_spin_reel_wins): null

2019-08-10 23:55:13 - [TEST_STEP][PASSED] - M4_spin_total_bonus_win_this_round = total_bonus_win_this_round: null

2019-08-10 23:55:13 - [TEST_STEP][PASSED] - M4_spin_total_bonus_win_this_round = M4_spin_total_bonus_win_this_round: null

2019-08-10 23:55:13 - [TEST_STEP][PASSED] - println("GlobalVariable.M4_spin_total_bonus_win_this_round is: " + M4_spin_total_bonus_win_this_round): null

2019-08-10 23:55:13 - [MESSAGE][PASSED] - Verify response successfully

2019-08-10 23:55:13 - [MESSAGE][PASSED] - Send request and verify the response successfully

2019-08-10 23:55:13 - [TEST_STEP][PASSED] - if (M4_total_bonus_spins_int != 0 &amp;&amp; M4_spin_reels_symbols[2].contains("WILD_Double") || M4_spin_reels_symbols[4].contains("WILD_Triple")): null

2019-08-10 23:55:13 - [TEST_STEP][PASSED] - free_spin_reel_counter = free_spin_reel_counter: null

2019-08-10 23:55:13 - [TEST_STEP][PASSED] - M4_spin_reels_symbols = M4_spin_reels_symbols: null

2019-08-10 23:55:13 - [TEST_STEP][PASSED] - M4_total_bonus_spins = M4_total_bonus_spins: null

2019-08-10 23:55:13 - [TEST_STEP][PASSED] - spin_result = sendRequestAndVerify(findTestObject("RGS(M4)/1_M4_spin", ["M4_login_user_id":M4_login_user_id, "rgs_session_token":rgs_session_token, "partner":Partner])): Send request and verify the response successfully

2019-08-10 23:55:13 - [TEST_CASE][PASSED] - Start Test Case : Verification: Verification accomplished successfully

2019-08-10 23:55:13 - [TEST_STEP][PASSED] - request = getInstance().getCurrentRequest(): null

2019-08-10 23:55:13 - [TEST_STEP][PASSED] - response = getInstance().getCurrentResponse(): null

2019-08-10 23:55:13 - [TEST_STEP][PASSED] - verifyResponseStatusCode(response, 200): Verify response status code successfully

2019-08-10 23:55:13 - [MESSAGE][PASSED] - Verify response status code successfully

2019-08-10 23:55:13 - [TEST_STEP][PASSED] - getStatusCode()).isEqualTo(200): null

2019-08-10 23:55:13 - [TEST_STEP][PASSED] - newline = System.getProperty("line.separator"): null

2019-08-10 23:55:13 - [TEST_STEP][PASSED] - M4_spin = new groovy.json.JsonSlurper(): null

2019-08-10 23:55:13 - [TEST_STEP][PASSED] - result_M4_spin = M4_spin.parseText(response.getResponseBodyContent()): null

2019-08-10 23:55:13 - [TEST_STEP][PASSED] - M4_spin_current_balance = current_balance: null

2019-08-10 23:55:13 - [TEST_STEP][PASSED] - M4_spin_current_balance = M4_spin_current_balance: null

2019-08-10 23:55:13 - [TEST_STEP][PASSED] - M4_spin_transaction_id = causality: null

2019-08-10 23:55:13 - [TEST_STEP][PASSED] - M4_spin_transaction_id = M4_spin_transaction_id: null

2019-08-10 23:55:13 - [TEST_STEP][PASSED] - M4_spin_round_id = round_id: null

2019-08-10 23:55:13 - [TEST_STEP][PASSED] - M4_spin_round_id = M4_spin_round_id: null

2019-08-10 23:55:13 - [TEST_STEP][PASSED] - M4_spin_line_wins = line_wins: null

2019-08-10 23:55:13 - [TEST_STEP][PASSED] - M4_spin_line_wins = M4_spin_line_wins: null

2019-08-10 23:55:13 - [TEST_STEP][PASSED] - M4_total_bonus_spins_int = total_bonus_spins: null

2019-08-10 23:55:13 - [TEST_STEP][PASSED] - println("******M4_total_bonus_spins type is:*******" + newline + getClass().getName()): null

2019-08-10 23:55:13 - [TEST_STEP][PASSED] - M4_total_bonus_spins_int = M4_total_bonus_spins_int: null

2019-08-10 23:55:13 - [TEST_STEP][PASSED] - M4_total_bonus_spins = Integer.toString(M4_total_bonus_spins_int): null

2019-08-10 23:55:13 - [TEST_STEP][PASSED] - M4_total_bonus_spins = M4_total_bonus_spins: null

2019-08-10 23:55:13 - [TEST_STEP][PASSED] - println("M4_total_bonus_spins is:" + M4_total_bonus_spins): null

2019-08-10 23:55:13 - [TEST_STEP][PASSED] - M4_spin_bonus_data = bonus_data: null

2019-08-10 23:55:13 - [TEST_STEP][PASSED] - M4_spin_features_triggered = result_M4_spin: null

2019-08-10 23:55:13 - [TEST_STEP][PASSED] - wild = []: null

2019-08-10 23:55:13 - [TEST_STEP][PASSED] - wild[0] = "WILD_Expanding": null

2019-08-10 23:55:13 - [TEST_STEP][PASSED] - wild[1] = "WILD_Normal": null

2019-08-10 23:55:13 - [TEST_STEP][PASSED] - wild[2] = "WILD_Double": null

2019-08-10 23:55:13 - [TEST_STEP][PASSED] - wild[3] = "WILD_ExtraFG": null

2019-08-10 23:55:13 - [TEST_STEP][PASSED] - wild[4] = "WILD_Triple": null

2019-08-10 23:55:13 - [TEST_STEP][PASSED] - wildList = Arrays.asList(wild): null

2019-08-10 23:55:13 - [TEST_STEP][PASSED] - wildList = wildList: null

2019-08-10 23:55:13 - [TEST_STEP][PASSED] - free_spin_reel_counter = []: null

2019-08-10 23:55:13 - [TEST_STEP][PASSED] - free_spin_reel_counter[0] = 0: null

2019-08-10 23:55:13 - [TEST_STEP][PASSED] - free_spin_reel_counter[1] = 0: null

2019-08-10 23:55:13 - [TEST_STEP][PASSED] - free_spin_reel_counter[2] = 0: null

2019-08-10 23:55:13 - [TEST_STEP][PASSED] - M4_spin_reels = reels: null

2019-08-10 23:55:13 - [TEST_STEP][PASSED] - for ([i = 0, i &lt; M4_spin_reels.size(), (i++)]): null

2019-08-10 23:55:13 - [TEST_STEP][PASSED] - symbols = symbols: null

2019-08-10 23:55:13 - [TEST_STEP][PASSED] - for ([j = 0, j &lt; symbols.size(), (j++)]): null

2019-08-10 23:55:13 - [TEST_STEP][PASSED] - symbol = symbol: null

2019-08-10 23:55:13 - [TEST_STEP][PASSED] - println(symbol): null

2019-08-10 23:55:13 - [TEST_STEP][PASSED] - if (i == 2 &amp;&amp; wildList.indexOf(symbol) != -1): null

2019-08-10 23:55:13 - [TEST_STEP][PASSED] - if (i == 3 &amp;&amp; wildList.indexOf(symbol) != -1): null

2019-08-10 23:55:13 - [TEST_STEP][PASSED] - if (i == 4 &amp;&amp; wildList.indexOf(symbol) != -1): null

2019-08-10 23:55:13 - [TEST_STEP][PASSED] - symbol = symbol: null

2019-08-10 23:55:13 - [TEST_STEP][PASSED] - println(symbol): null

2019-08-10 23:55:13 - [TEST_STEP][PASSED] - if (i == 2 &amp;&amp; wildList.indexOf(symbol) != -1): null

2019-08-10 23:55:13 - [TEST_STEP][PASSED] - if (i == 3 &amp;&amp; wildList.indexOf(symbol) != -1): null

2019-08-10 23:55:13 - [TEST_STEP][PASSED] - if (i == 4 &amp;&amp; wildList.indexOf(symbol) != -1): null

2019-08-10 23:55:13 - [TEST_STEP][PASSED] - symbol = symbol: null

2019-08-10 23:55:13 - [TEST_STEP][PASSED] - println(symbol): null

2019-08-10 23:55:13 - [TEST_STEP][PASSED] - if (i == 2 &amp;&amp; wildList.indexOf(symbol) != -1): null

2019-08-10 23:55:13 - [TEST_STEP][PASSED] - if (i == 3 &amp;&amp; wildList.indexOf(symbol) != -1): null

2019-08-10 23:55:13 - [TEST_STEP][PASSED] - if (i == 4 &amp;&amp; wildList.indexOf(symbol) != -1): null

2019-08-10 23:55:13 - [TEST_STEP][PASSED] - symbols = symbols: null

2019-08-10 23:55:13 - [TEST_STEP][PASSED] - for ([j = 0, j &lt; symbols.size(), (j++)]): null

2019-08-10 23:55:13 - [TEST_STEP][PASSED] - symbol = symbol: null

2019-08-10 23:55:13 - [TEST_STEP][PASSED] - println(symbol): null

2019-08-10 23:55:13 - [TEST_STEP][PASSED] - if (i == 2 &amp;&amp; wildList.indexOf(symbol) != -1): null

2019-08-10 23:55:13 - [TEST_STEP][PASSED] - if (i == 3 &amp;&amp; wildList.indexOf(symbol) != -1): null

2019-08-10 23:55:13 - [TEST_STEP][PASSED] - if (i == 4 &amp;&amp; wildList.indexOf(symbol) != -1): null

2019-08-10 23:55:13 - [TEST_STEP][PASSED] - symbol = symbol: null

2019-08-10 23:55:13 - [TEST_STEP][PASSED] - println(symbol): null

2019-08-10 23:55:13 - [TEST_STEP][PASSED] - if (i == 2 &amp;&amp; wildList.indexOf(symbol) != -1): null

2019-08-10 23:55:13 - [TEST_STEP][PASSED] - if (i == 3 &amp;&amp; wildList.indexOf(symbol) != -1): null

2019-08-10 23:55:13 - [TEST_STEP][PASSED] - if (i == 4 &amp;&amp; wildList.indexOf(symbol) != -1): null

2019-08-10 23:55:13 - [TEST_STEP][PASSED] - symbol = symbol: null

2019-08-10 23:55:13 - [TEST_STEP][PASSED] - println(symbol): null

2019-08-10 23:55:13 - [TEST_STEP][PASSED] - if (i == 2 &amp;&amp; wildList.indexOf(symbol) != -1): null

2019-08-10 23:55:13 - [TEST_STEP][PASSED] - if (i == 3 &amp;&amp; wildList.indexOf(symbol) != -1): null

2019-08-10 23:55:13 - [TEST_STEP][PASSED] - if (i == 4 &amp;&amp; wildList.indexOf(symbol) != -1): null

2019-08-10 23:55:13 - [TEST_STEP][PASSED] - symbols = symbols: null

2019-08-10 23:55:13 - [TEST_STEP][PASSED] - for ([j = 0, j &lt; symbols.size(), (j++)]): null

2019-08-10 23:55:13 - [TEST_STEP][PASSED] - symbol = symbol: null

2019-08-10 23:55:13 - [TEST_STEP][PASSED] - println(symbol): null

2019-08-10 23:55:13 - [TEST_STEP][PASSED] - if (i == 2 &amp;&amp; wildList.indexOf(symbol) != -1): null

2019-08-10 23:55:13 - [TEST_STEP][PASSED] - if (i == 3 &amp;&amp; wildList.indexOf(symbol) != -1): null

2019-08-10 23:55:13 - [TEST_STEP][PASSED] - if (i == 4 &amp;&amp; wildList.indexOf(symbol) != -1): null

2019-08-10 23:55:13 - [TEST_STEP][PASSED] - symbol = symbol: null

2019-08-10 23:55:13 - [TEST_STEP][PASSED] - println(symbol): null

2019-08-10 23:55:13 - [TEST_STEP][PASSED] - if (i == 2 &amp;&amp; wildList.indexOf(symbol) != -1): null

2019-08-10 23:55:13 - [TEST_STEP][PASSED] - if (i == 3 &amp;&amp; wildList.indexOf(symbol) != -1): null

2019-08-10 23:55:13 - [TEST_STEP][PASSED] - if (i == 4 &amp;&amp; wildList.indexOf(symbol) != -1): null

2019-08-10 23:55:13 - [TEST_STEP][PASSED] - symbol = symbol: null

2019-08-10 23:55:13 - [TEST_STEP][PASSED] - println(symbol): null

2019-08-10 23:55:13 - [TEST_STEP][PASSED] - if (i == 2 &amp;&amp; wildList.indexOf(symbol) != -1): null

2019-08-10 23:55:13 - [TEST_STEP][PASSED] - if (i == 3 &amp;&amp; wildList.indexOf(symbol) != -1): null

2019-08-10 23:55:13 - [TEST_STEP][PASSED] - if (i == 4 &amp;&amp; wildList.indexOf(symbol) != -1): null

2019-08-10 23:55:13 - [TEST_STEP][PASSED] - symbols = symbols: null

2019-08-10 23:55:13 - [TEST_STEP][PASSED] - for ([j = 0, j &lt; symbols.size(), (j++)]): null

2019-08-10 23:55:13 - [TEST_STEP][PASSED] - symbol = symbol: null

2019-08-10 23:55:13 - [TEST_STEP][PASSED] - println(symbol): null

2019-08-10 23:55:13 - [TEST_STEP][PASSED] - if (i == 2 &amp;&amp; wildList.indexOf(symbol) != -1): null

2019-08-10 23:55:13 - [TEST_STEP][PASSED] - if (i == 3 &amp;&amp; wildList.indexOf(symbol) != -1): null

2019-08-10 23:55:13 - [TEST_STEP][PASSED] - if (i == 4 &amp;&amp; wildList.indexOf(symbol) != -1): null

2019-08-10 23:55:13 - [TEST_STEP][PASSED] - symbol = symbol: null

2019-08-10 23:55:13 - [TEST_STEP][PASSED] - println(symbol): null

2019-08-10 23:55:13 - [TEST_STEP][PASSED] - if (i == 2 &amp;&amp; wildList.indexOf(symbol) != -1): null

2019-08-10 23:55:13 - [TEST_STEP][PASSED] - if (i == 3 &amp;&amp; wildList.indexOf(symbol) != -1): null

2019-08-10 23:55:13 - [TEST_STEP][PASSED] - if (i == 4 &amp;&amp; wildList.indexOf(symbol) != -1): null

2019-08-10 23:55:13 - [TEST_STEP][PASSED] - symbol = symbol: null

2019-08-10 23:55:13 - [TEST_STEP][PASSED] - println(symbol): null

2019-08-10 23:55:13 - [TEST_STEP][PASSED] - if (i == 2 &amp;&amp; wildList.indexOf(symbol) != -1): null

2019-08-10 23:55:13 - [TEST_STEP][PASSED] - if (i == 3 &amp;&amp; wildList.indexOf(symbol) != -1): null

2019-08-10 23:55:13 - [TEST_STEP][PASSED] - if (i == 4 &amp;&amp; wildList.indexOf(symbol) != -1): null

2019-08-10 23:55:13 - [TEST_STEP][PASSED] - symbols = symbols: null

2019-08-10 23:55:13 - [TEST_STEP][PASSED] - for ([j = 0, j &lt; symbols.size(), (j++)]): null

2019-08-10 23:55:13 - [TEST_STEP][PASSED] - symbol = symbol: null

2019-08-10 23:55:13 - [TEST_STEP][PASSED] - println(symbol): null

2019-08-10 23:55:13 - [TEST_STEP][PASSED] - if (i == 2 &amp;&amp; wildList.indexOf(symbol) != -1): null

2019-08-10 23:55:13 - [TEST_STEP][PASSED] - if (i == 3 &amp;&amp; wildList.indexOf(symbol) != -1): null

2019-08-10 23:55:13 - [TEST_STEP][PASSED] - if (i == 4 &amp;&amp; wildList.indexOf(symbol) != -1): null

2019-08-10 23:55:13 - [TEST_STEP][PASSED] - symbol = symbol: null

2019-08-10 23:55:13 - [TEST_STEP][PASSED] - println(symbol): null

2019-08-10 23:55:13 - [TEST_STEP][PASSED] - if (i == 2 &amp;&amp; wildList.indexOf(symbol) != -1): null

2019-08-10 23:55:13 - [TEST_STEP][PASSED] - if (i == 3 &amp;&amp; wildList.indexOf(symbol) != -1): null

2019-08-10 23:55:13 - [TEST_STEP][PASSED] - if (i == 4 &amp;&amp; wildList.indexOf(symbol) != -1): null

2019-08-10 23:55:13 - [TEST_STEP][PASSED] - symbol = symbol: null

2019-08-10 23:55:13 - [TEST_STEP][PASSED] - println(symbol): null

2019-08-10 23:55:13 - [TEST_STEP][PASSED] - if (i == 2 &amp;&amp; wildList.indexOf(symbol) != -1): null

2019-08-10 23:55:18 - [TEST_STEP][PASSED] - if (i == 3 &amp;&amp; wildList.indexOf(symbol) != -1): null

2019-08-10 23:55:19 - [TEST_STEP][PASSED] - if (i == 4 &amp;&amp; wildList.indexOf(symbol) != -1): null

2019-08-10 23:55:19 - [TEST_STEP][PASSED] - free_spin_reel_counter = free_spin_reel_counter: null

2019-08-10 23:55:19 - [TEST_STEP][PASSED] - println("reel 3 wild found: " + free_spin_reel_counter[0]): null

2019-08-10 23:55:19 - [TEST_STEP][PASSED] - println("reel 4 wild found: " + free_spin_reel_counter[1]): null

2019-08-10 23:55:19 - [TEST_STEP][PASSED] - println("reel 5 wild found: " + free_spin_reel_counter[2]): null

2019-08-10 23:55:19 - [TEST_STEP][PASSED] - M4_spin_reels = M4_spin_reels: null

2019-08-10 23:55:19 - [TEST_STEP][PASSED] - M4_spin_reels_symbols = symbol: null

2019-08-10 23:55:19 - [TEST_STEP][PASSED] - M4_spin_reels_symbols = M4_spin_reels_symbols: null

2019-08-10 23:55:19 - [TEST_STEP][PASSED] - M4_spin_reel_wins = reel_wins: null

2019-08-10 23:55:19 - [TEST_STEP][PASSED] - M4_spin_reel_wins = M4_spin_reel_wins: null

2019-08-10 23:55:19 - [TEST_STEP][PASSED] - println("GlobalVariable.M4_spin_reel_wins is: " + M4_spin_reel_wins): null

2019-08-10 23:55:19 - [TEST_STEP][PASSED] - M4_spin_total_bonus_win_this_round = total_bonus_win_this_round: null

2019-08-10 23:55:19 - [TEST_STEP][PASSED] - M4_spin_total_bonus_win_this_round = M4_spin_total_bonus_win_this_round: null

2019-08-10 23:55:19 - [TEST_STEP][PASSED] - println("GlobalVariable.M4_spin_total_bonus_win_this_round is: " + M4_spin_total_bonus_win_this_round): null

2019-08-10 23:55:19 - [MESSAGE][PASSED] - Verify response successfully

2019-08-10 23:55:19 - [MESSAGE][PASSED] - Send request and verify the response successfully

2019-08-10 23:55:19 - [TEST_STEP][PASSED] - if (M4_total_bonus_spins_int != 0 &amp;&amp; M4_spin_reels_symbols[2].contains("WILD_Double") || M4_spin_reels_symbols[4].contains("WILD_Triple")): null

2019-08-10 23:55:19 - [TEST_STEP][PASSED] - free_spin_reel_counter = free_spin_reel_counter: null

2019-08-10 23:55:19 - [TEST_STEP][PASSED] - M4_spin_reels_symbols = M4_spin_reels_symbols: null

2019-08-10 23:55:19 - [TEST_STEP][PASSED] - M4_total_bonus_spins = M4_total_bonus_spins: null

2019-08-10 23:55:19 - [TEST_STEP][PASSED] - spin_result = sendRequestAndVerify(findTestObject("RGS(M4)/1_M4_spin", ["M4_login_user_id":M4_login_user_id, "rgs_session_token":rgs_session_token, "partner":Partner])): Send request and verify the response successfully

2019-08-10 23:55:19 - [TEST_CASE][PASSED] - Start Test Case : Verification: Verification accomplished successfully

2019-08-10 23:55:19 - [TEST_STEP][PASSED] - request = getInstance().getCurrentRequest(): null

2019-08-10 23:55:19 - [TEST_STEP][PASSED] - response = getInstance().getCurrentResponse(): null

2019-08-10 23:55:19 - [TEST_STEP][PASSED] - verifyResponseStatusCode(response, 200): Verify response status code successfully

2019-08-10 23:55:19 - [MESSAGE][PASSED] - Verify response status code successfully

2019-08-10 23:55:19 - [TEST_STEP][PASSED] - getStatusCode()).isEqualTo(200): null

2019-08-10 23:55:19 - [TEST_STEP][PASSED] - newline = System.getProperty("line.separator"): null

2019-08-10 23:55:19 - [TEST_STEP][PASSED] - M4_spin = new groovy.json.JsonSlurper(): null

2019-08-10 23:55:19 - [TEST_STEP][PASSED] - result_M4_spin = M4_spin.parseText(response.getResponseBodyContent()): null

2019-08-10 23:55:19 - [TEST_STEP][PASSED] - M4_spin_current_balance = current_balance: null

2019-08-10 23:55:19 - [TEST_STEP][PASSED] - M4_spin_current_balance = M4_spin_current_balance: null

2019-08-10 23:55:19 - [TEST_STEP][PASSED] - M4_spin_transaction_id = causality: null

2019-08-10 23:55:19 - [TEST_STEP][PASSED] - M4_spin_transaction_id = M4_spin_transaction_id: null

2019-08-10 23:55:19 - [TEST_STEP][PASSED] - M4_spin_round_id = round_id: null

2019-08-10 23:55:19 - [TEST_STEP][PASSED] - M4_spin_round_id = M4_spin_round_id: null

2019-08-10 23:55:19 - [TEST_STEP][PASSED] - M4_spin_line_wins = line_wins: null

2019-08-10 23:55:19 - [TEST_STEP][PASSED] - M4_spin_line_wins = M4_spin_line_wins: null

2019-08-10 23:55:19 - [TEST_STEP][PASSED] - M4_total_bonus_spins_int = total_bonus_spins: null

2019-08-10 23:55:19 - [TEST_STEP][PASSED] - println("******M4_total_bonus_spins type is:*******" + newline + getClass().getName()): null

2019-08-10 23:55:19 - [TEST_STEP][PASSED] - M4_total_bonus_spins_int = M4_total_bonus_spins_int: null

2019-08-10 23:55:19 - [TEST_STEP][PASSED] - M4_total_bonus_spins = Integer.toString(M4_total_bonus_spins_int): null

2019-08-10 23:55:19 - [TEST_STEP][PASSED] - M4_total_bonus_spins = M4_total_bonus_spins: null

2019-08-10 23:55:19 - [TEST_STEP][PASSED] - println("M4_total_bonus_spins is:" + M4_total_bonus_spins): null

2019-08-10 23:55:19 - [TEST_STEP][PASSED] - M4_spin_bonus_data = bonus_data: null

2019-08-10 23:55:19 - [TEST_STEP][PASSED] - M4_spin_features_triggered = result_M4_spin: null

2019-08-10 23:55:19 - [TEST_STEP][PASSED] - wild = []: null

2019-08-10 23:55:19 - [TEST_STEP][PASSED] - wild[0] = "WILD_Expanding": null

2019-08-10 23:55:19 - [TEST_STEP][PASSED] - wild[1] = "WILD_Normal": null

2019-08-10 23:55:19 - [TEST_STEP][PASSED] - wild[2] = "WILD_Double": null

2019-08-10 23:55:19 - [TEST_STEP][PASSED] - wild[3] = "WILD_ExtraFG": null

2019-08-10 23:55:19 - [TEST_STEP][PASSED] - wild[4] = "WILD_Triple": null

2019-08-10 23:55:19 - [TEST_STEP][PASSED] - wildList = Arrays.asList(wild): null

2019-08-10 23:55:19 - [TEST_STEP][PASSED] - wildList = wildList: null

2019-08-10 23:55:19 - [TEST_STEP][PASSED] - free_spin_reel_counter = []: null

2019-08-10 23:55:19 - [TEST_STEP][PASSED] - free_spin_reel_counter[0] = 0: null

2019-08-10 23:55:19 - [TEST_STEP][PASSED] - free_spin_reel_counter[1] = 0: null

2019-08-10 23:55:19 - [TEST_STEP][PASSED] - free_spin_reel_counter[2] = 0: null

2019-08-10 23:55:19 - [TEST_STEP][PASSED] - M4_spin_reels = reels: null

2019-08-10 23:55:19 - [TEST_STEP][PASSED] - for ([i = 0, i &lt; M4_spin_reels.size(), (i++)]): null

2019-08-10 23:55:19 - [TEST_STEP][PASSED] - symbols = symbols: null

2019-08-10 23:55:19 - [TEST_STEP][PASSED] - for ([j = 0, j &lt; symbols.size(), (j++)]): null

2019-08-10 23:55:19 - [TEST_STEP][PASSED] - symbol = symbol: null

2019-08-10 23:55:19 - [TEST_STEP][PASSED] - println(symbol): null

2019-08-10 23:55:19 - [TEST_STEP][PASSED] - if (i == 2 &amp;&amp; wildList.indexOf(symbol) != -1): null

2019-08-10 23:55:19 - [TEST_STEP][PASSED] - if (i == 3 &amp;&amp; wildList.indexOf(symbol) != -1): null

2019-08-10 23:55:19 - [TEST_STEP][PASSED] - if (i == 4 &amp;&amp; wildList.indexOf(symbol) != -1): null

2019-08-10 23:55:19 - [TEST_STEP][PASSED] - symbol = symbol: null

2019-08-10 23:55:19 - [TEST_STEP][PASSED] - println(symbol): null

2019-08-10 23:55:19 - [TEST_STEP][PASSED] - if (i == 2 &amp;&amp; wildList.indexOf(symbol) != -1): null

2019-08-10 23:55:19 - [TEST_STEP][PASSED] - if (i == 3 &amp;&amp; wildList.indexOf(symbol) != -1): null

2019-08-10 23:55:19 - [TEST_STEP][PASSED] - if (i == 4 &amp;&amp; wildList.indexOf(symbol) != -1): null

2019-08-10 23:55:19 - [TEST_STEP][PASSED] - symbol = symbol: null

2019-08-10 23:55:19 - [TEST_STEP][PASSED] - println(symbol): null

2019-08-10 23:55:19 - [TEST_STEP][PASSED] - if (i == 2 &amp;&amp; wildList.indexOf(symbol) != -1): null

2019-08-10 23:55:19 - [TEST_STEP][PASSED] - if (i == 3 &amp;&amp; wildList.indexOf(symbol) != -1): null

2019-08-10 23:55:19 - [TEST_STEP][PASSED] - if (i == 4 &amp;&amp; wildList.indexOf(symbol) != -1): null

2019-08-10 23:55:19 - [TEST_STEP][PASSED] - symbols = symbols: null

2019-08-10 23:55:19 - [TEST_STEP][PASSED] - for ([j = 0, j &lt; symbols.size(), (j++)]): null

2019-08-10 23:55:19 - [TEST_STEP][PASSED] - symbol = symbol: null

2019-08-10 23:55:19 - [TEST_STEP][PASSED] - println(symbol): null

2019-08-10 23:55:19 - [TEST_STEP][PASSED] - if (i == 2 &amp;&amp; wildList.indexOf(symbol) != -1): null

2019-08-10 23:55:19 - [TEST_STEP][PASSED] - if (i == 3 &amp;&amp; wildList.indexOf(symbol) != -1): null

2019-08-10 23:55:19 - [TEST_STEP][PASSED] - if (i == 4 &amp;&amp; wildList.indexOf(symbol) != -1): null

2019-08-10 23:55:19 - [TEST_STEP][PASSED] - symbol = symbol: null

2019-08-10 23:55:19 - [TEST_STEP][PASSED] - println(symbol): null

2019-08-10 23:55:19 - [TEST_STEP][PASSED] - if (i == 2 &amp;&amp; wildList.indexOf(symbol) != -1): null

2019-08-10 23:55:19 - [TEST_STEP][PASSED] - if (i == 3 &amp;&amp; wildList.indexOf(symbol) != -1): null

2019-08-10 23:55:19 - [TEST_STEP][PASSED] - if (i == 4 &amp;&amp; wildList.indexOf(symbol) != -1): null

2019-08-10 23:55:19 - [TEST_STEP][PASSED] - symbol = symbol: null

2019-08-10 23:55:19 - [TEST_STEP][PASSED] - println(symbol): null

2019-08-10 23:55:19 - [TEST_STEP][PASSED] - if (i == 2 &amp;&amp; wildList.indexOf(symbol) != -1): null

2019-08-10 23:55:19 - [TEST_STEP][PASSED] - if (i == 3 &amp;&amp; wildList.indexOf(symbol) != -1): null

2019-08-10 23:55:19 - [TEST_STEP][PASSED] - if (i == 4 &amp;&amp; wildList.indexOf(symbol) != -1): null

2019-08-10 23:55:19 - [TEST_STEP][PASSED] - symbols = symbols: null

2019-08-10 23:55:19 - [TEST_STEP][PASSED] - for ([j = 0, j &lt; symbols.size(), (j++)]): null

2019-08-10 23:55:19 - [TEST_STEP][PASSED] - symbol = symbol: null

2019-08-10 23:55:19 - [TEST_STEP][PASSED] - println(symbol): null

2019-08-10 23:55:19 - [TEST_STEP][PASSED] - if (i == 2 &amp;&amp; wildList.indexOf(symbol) != -1): null

2019-08-10 23:55:19 - [TEST_STEP][PASSED] - println("wild found on reel 3, adding counter by 1"): null

2019-08-10 23:55:19 - [TEST_STEP][PASSED] - free_spin_reel_counter[0] = free_spin_reel_counter[0] + 1: null

2019-08-10 23:55:19 - [TEST_STEP][PASSED] - if (i == 3 &amp;&amp; wildList.indexOf(symbol) != -1): null

2019-08-10 23:55:19 - [TEST_STEP][PASSED] - if (i == 4 &amp;&amp; wildList.indexOf(symbol) != -1): null

2019-08-10 23:55:19 - [TEST_STEP][PASSED] - symbol = symbol: null

2019-08-10 23:55:19 - [TEST_STEP][PASSED] - println(symbol): null

2019-08-10 23:55:19 - [TEST_STEP][PASSED] - if (i == 2 &amp;&amp; wildList.indexOf(symbol) != -1): null

2019-08-10 23:55:19 - [TEST_STEP][PASSED] - if (i == 3 &amp;&amp; wildList.indexOf(symbol) != -1): null

2019-08-10 23:55:19 - [TEST_STEP][PASSED] - if (i == 4 &amp;&amp; wildList.indexOf(symbol) != -1): null

2019-08-10 23:55:19 - [TEST_STEP][PASSED] - symbol = symbol: null

2019-08-10 23:55:19 - [TEST_STEP][PASSED] - println(symbol): null

2019-08-10 23:55:19 - [TEST_STEP][PASSED] - if (i == 2 &amp;&amp; wildList.indexOf(symbol) != -1): null

2019-08-10 23:55:19 - [TEST_STEP][PASSED] - if (i == 3 &amp;&amp; wildList.indexOf(symbol) != -1): null

2019-08-10 23:55:19 - [TEST_STEP][PASSED] - if (i == 4 &amp;&amp; wildList.indexOf(symbol) != -1): null

2019-08-10 23:55:19 - [TEST_STEP][PASSED] - symbols = symbols: null

2019-08-10 23:55:19 - [TEST_STEP][PASSED] - for ([j = 0, j &lt; symbols.size(), (j++)]): null

2019-08-10 23:55:19 - [TEST_STEP][PASSED] - symbol = symbol: null

2019-08-10 23:55:19 - [TEST_STEP][PASSED] - println(symbol): null

2019-08-10 23:55:19 - [TEST_STEP][PASSED] - if (i == 2 &amp;&amp; wildList.indexOf(symbol) != -1): null

2019-08-10 23:55:19 - [TEST_STEP][PASSED] - if (i == 3 &amp;&amp; wildList.indexOf(symbol) != -1): null

2019-08-10 23:55:19 - [TEST_STEP][PASSED] - if (i == 4 &amp;&amp; wildList.indexOf(symbol) != -1): null

2019-08-10 23:55:19 - [TEST_STEP][PASSED] - symbol = symbol: null

2019-08-10 23:55:19 - [TEST_STEP][PASSED] - println(symbol): null

2019-08-10 23:55:19 - [TEST_STEP][PASSED] - if (i == 2 &amp;&amp; wildList.indexOf(symbol) != -1): null

2019-08-10 23:55:19 - [TEST_STEP][PASSED] - if (i == 3 &amp;&amp; wildList.indexOf(symbol) != -1): null

2019-08-10 23:55:19 - [TEST_STEP][PASSED] - println("wild found on reel 4, adding counter by 1"): null

2019-08-10 23:55:19 - [TEST_STEP][PASSED] - free_spin_reel_counter[1] = free_spin_reel_counter[1] + 1: null

2019-08-10 23:55:19 - [TEST_STEP][PASSED] - if (i == 4 &amp;&amp; wildList.indexOf(symbol) != -1): null

2019-08-10 23:55:19 - [TEST_STEP][PASSED] - symbol = symbol: null

2019-08-10 23:55:19 - [TEST_STEP][PASSED] - println(symbol): null

2019-08-10 23:55:19 - [TEST_STEP][PASSED] - if (i == 2 &amp;&amp; wildList.indexOf(symbol) != -1): null

2019-08-10 23:55:19 - [TEST_STEP][PASSED] - if (i == 3 &amp;&amp; wildList.indexOf(symbol) != -1): null

2019-08-10 23:55:19 - [TEST_STEP][PASSED] - if (i == 4 &amp;&amp; wildList.indexOf(symbol) != -1): null

2019-08-10 23:55:19 - [TEST_STEP][PASSED] - symbols = symbols: null

2019-08-10 23:55:19 - [TEST_STEP][PASSED] - for ([j = 0, j &lt; symbols.size(), (j++)]): null

2019-08-10 23:55:19 - [TEST_STEP][PASSED] - symbol = symbol: null

2019-08-10 23:55:19 - [TEST_STEP][PASSED] - println(symbol): null

2019-08-10 23:55:19 - [TEST_STEP][PASSED] - if (i == 2 &amp;&amp; wildList.indexOf(symbol) != -1): null

2019-08-10 23:55:19 - [TEST_STEP][PASSED] - if (i == 3 &amp;&amp; wildList.indexOf(symbol) != -1): null

2019-08-10 23:55:19 - [TEST_STEP][PASSED] - if (i == 4 &amp;&amp; wildList.indexOf(symbol) != -1): null

2019-08-10 23:55:19 - [TEST_STEP][PASSED] - symbol = symbol: null

2019-08-10 23:55:19 - [TEST_STEP][PASSED] - println(symbol): null

2019-08-10 23:55:19 - [TEST_STEP][PASSED] - if (i == 2 &amp;&amp; wildList.indexOf(symbol) != -1): null

2019-08-10 23:55:19 - [TEST_STEP][PASSED] - if (i == 3 &amp;&amp; wildList.indexOf(symbol) != -1): null

2019-08-10 23:55:19 - [TEST_STEP][PASSED] - if (i == 4 &amp;&amp; wildList.indexOf(symbol) != -1): null

2019-08-10 23:55:19 - [TEST_STEP][PASSED] - symbol = symbol: null

2019-08-10 23:55:19 - [TEST_STEP][PASSED] - println(symbol): null

2019-08-10 23:55:19 - [TEST_STEP][PASSED] - if (i == 2 &amp;&amp; wildList.indexOf(symbol) != -1): null

2019-08-10 23:55:19 - [TEST_STEP][PASSED] - if (i == 3 &amp;&amp; wildList.indexOf(symbol) != -1): null

2019-08-10 23:55:19 - [TEST_STEP][PASSED] - if (i == 4 &amp;&amp; wildList.indexOf(symbol) != -1): null

2019-08-10 23:55:19 - [TEST_STEP][PASSED] - free_spin_reel_counter = free_spin_reel_counter: null

2019-08-10 23:55:19 - [TEST_STEP][PASSED] - println("reel 3 wild found: " + free_spin_reel_counter[0]): null

2019-08-10 23:55:19 - [TEST_STEP][PASSED] - println("reel 4 wild found: " + free_spin_reel_counter[1]): null

2019-08-10 23:55:19 - [TEST_STEP][PASSED] - println("reel 5 wild found: " + free_spin_reel_counter[2]): null

2019-08-10 23:55:19 - [TEST_STEP][PASSED] - M4_spin_reels = M4_spin_reels: null

2019-08-10 23:55:19 - [TEST_STEP][PASSED] - M4_spin_reels_symbols = symbol: null

2019-08-10 23:55:19 - [TEST_STEP][PASSED] - M4_spin_reels_symbols = M4_spin_reels_symbols: null

2019-08-10 23:55:19 - [TEST_STEP][PASSED] - M4_spin_reel_wins = reel_wins: null

2019-08-10 23:55:19 - [TEST_STEP][PASSED] - M4_spin_reel_wins = M4_spin_reel_wins: null

2019-08-10 23:55:19 - [TEST_STEP][PASSED] - println("GlobalVariable.M4_spin_reel_wins is: " + M4_spin_reel_wins): null

2019-08-10 23:55:19 - [TEST_STEP][PASSED] - M4_spin_total_bonus_win_this_round = total_bonus_win_this_round: null

2019-08-10 23:55:19 - [TEST_STEP][PASSED] - M4_spin_total_bonus_win_this_round = M4_spin_total_bonus_win_this_round: null

2019-08-10 23:55:19 - [TEST_STEP][PASSED] - println("GlobalVariable.M4_spin_total_bonus_win_this_round is: " + M4_spin_total_bonus_win_this_round): null

2019-08-10 23:55:19 - [MESSAGE][PASSED] - Verify response successfully

2019-08-10 23:55:19 - [MESSAGE][PASSED] - Send request and verify the response successfully

2019-08-10 23:55:19 - [TEST_STEP][PASSED] - if (M4_total_bonus_spins_int != 0 &amp;&amp; M4_spin_reels_symbols[2].contains("WILD_Double") || M4_spin_reels_symbols[4].contains("WILD_Triple")): null

2019-08-10 23:55:19 - [TEST_STEP][PASSED] - free_spin_reel_counter = free_spin_reel_counter: null

2019-08-10 23:55:19 - [TEST_STEP][PASSED] - M4_spin_reels_symbols = M4_spin_reels_symbols: null

2019-08-10 23:55:19 - [TEST_STEP][PASSED] - M4_total_bonus_spins = M4_total_bonus_spins: null

2019-08-10 23:55:19 - [TEST_STEP][PASSED] - spin_result = sendRequestAndVerify(findTestObject("RGS(M4)/1_M4_spin", ["M4_login_user_id":M4_login_user_id, "rgs_session_token":rgs_session_token, "partner":Partner])): Send request and verify the response successfully

2019-08-10 23:55:19 - [TEST_CASE][PASSED] - Start Test Case : Verification: Verification accomplished successfully

2019-08-10 23:55:19 - [TEST_STEP][PASSED] - request = getInstance().getCurrentRequest(): null

2019-08-10 23:55:19 - [TEST_STEP][PASSED] - response = getInstance().getCurrentResponse(): null

2019-08-10 23:55:19 - [TEST_STEP][PASSED] - verifyResponseStatusCode(response, 200): Verify response status code successfully

2019-08-10 23:55:19 - [MESSAGE][PASSED] - Verify response status code successfully

2019-08-10 23:55:19 - [TEST_STEP][PASSED] - getStatusCode()).isEqualTo(200): null

2019-08-10 23:55:19 - [TEST_STEP][PASSED] - newline = System.getProperty("line.separator"): null

2019-08-10 23:55:19 - [TEST_STEP][PASSED] - M4_spin = new groovy.json.JsonSlurper(): null

2019-08-10 23:55:19 - [TEST_STEP][PASSED] - result_M4_spin = M4_spin.parseText(response.getResponseBodyContent()): null

2019-08-10 23:55:19 - [TEST_STEP][PASSED] - M4_spin_current_balance = current_balance: null

2019-08-10 23:55:19 - [TEST_STEP][PASSED] - M4_spin_current_balance = M4_spin_current_balance: null

2019-08-10 23:55:19 - [TEST_STEP][PASSED] - M4_spin_transaction_id = causality: null

2019-08-10 23:55:19 - [TEST_STEP][PASSED] - M4_spin_transaction_id = M4_spin_transaction_id: null

2019-08-10 23:55:19 - [TEST_STEP][PASSED] - M4_spin_round_id = round_id: null

2019-08-10 23:55:19 - [TEST_STEP][PASSED] - M4_spin_round_id = M4_spin_round_id: null

2019-08-10 23:55:19 - [TEST_STEP][PASSED] - M4_spin_line_wins = line_wins: null

2019-08-10 23:55:19 - [TEST_STEP][PASSED] - M4_spin_line_wins = M4_spin_line_wins: null

2019-08-10 23:55:19 - [TEST_STEP][PASSED] - M4_total_bonus_spins_int = total_bonus_spins: null

2019-08-10 23:55:19 - [TEST_STEP][PASSED] - println("******M4_total_bonus_spins type is:*******" + newline + getClass().getName()): null

2019-08-10 23:55:19 - [TEST_STEP][PASSED] - M4_total_bonus_spins_int = M4_total_bonus_spins_int: null

2019-08-10 23:55:19 - [TEST_STEP][PASSED] - M4_total_bonus_spins = Integer.toString(M4_total_bonus_spins_int): null

2019-08-10 23:55:19 - [TEST_STEP][PASSED] - M4_total_bonus_spins = M4_total_bonus_spins: null

2019-08-10 23:55:19 - [TEST_STEP][PASSED] - println("M4_total_bonus_spins is:" + M4_total_bonus_spins): null

2019-08-10 23:55:19 - [TEST_STEP][PASSED] - M4_spin_bonus_data = bonus_data: null

2019-08-10 23:55:19 - [TEST_STEP][PASSED] - M4_spin_features_triggered = result_M4_spin: null

2019-08-10 23:55:19 - [TEST_STEP][PASSED] - wild = []: null

2019-08-10 23:55:19 - [TEST_STEP][PASSED] - wild[0] = "WILD_Expanding": null

2019-08-10 23:55:19 - [TEST_STEP][PASSED] - wild[1] = "WILD_Normal": null

2019-08-10 23:55:19 - [TEST_STEP][PASSED] - wild[2] = "WILD_Double": null

2019-08-10 23:55:19 - [TEST_STEP][PASSED] - wild[3] = "WILD_ExtraFG": null

2019-08-10 23:55:19 - [TEST_STEP][PASSED] - wild[4] = "WILD_Triple": null

2019-08-10 23:55:19 - [TEST_STEP][PASSED] - wildList = Arrays.asList(wild): null

2019-08-10 23:55:19 - [TEST_STEP][PASSED] - wildList = wildList: null

2019-08-10 23:55:19 - [TEST_STEP][PASSED] - free_spin_reel_counter = []: null

2019-08-10 23:55:19 - [TEST_STEP][PASSED] - free_spin_reel_counter[0] = 0: null

2019-08-10 23:55:19 - [TEST_STEP][PASSED] - free_spin_reel_counter[1] = 0: null

2019-08-10 23:55:19 - [TEST_STEP][PASSED] - free_spin_reel_counter[2] = 0: null

2019-08-10 23:55:19 - [TEST_STEP][PASSED] - M4_spin_reels = reels: null

2019-08-10 23:55:19 - [TEST_STEP][PASSED] - for ([i = 0, i &lt; M4_spin_reels.size(), (i++)]): null

2019-08-10 23:55:19 - [TEST_STEP][PASSED] - symbols = symbols: null

2019-08-10 23:55:19 - [TEST_STEP][PASSED] - for ([j = 0, j &lt; symbols.size(), (j++)]): null

2019-08-10 23:55:19 - [TEST_STEP][PASSED] - symbol = symbol: null

2019-08-10 23:55:19 - [TEST_STEP][PASSED] - println(symbol): null

2019-08-10 23:55:19 - [TEST_STEP][PASSED] - if (i == 2 &amp;&amp; wildList.indexOf(symbol) != -1): null

2019-08-10 23:55:19 - [TEST_STEP][PASSED] - if (i == 3 &amp;&amp; wildList.indexOf(symbol) != -1): null

2019-08-10 23:55:19 - [TEST_STEP][PASSED] - if (i == 4 &amp;&amp; wildList.indexOf(symbol) != -1): null

2019-08-10 23:55:19 - [TEST_STEP][PASSED] - symbol = symbol: null

2019-08-10 23:55:19 - [TEST_STEP][PASSED] - println(symbol): null

2019-08-10 23:55:19 - [TEST_STEP][PASSED] - if (i == 2 &amp;&amp; wildList.indexOf(symbol) != -1): null

2019-08-10 23:55:19 - [TEST_STEP][PASSED] - if (i == 3 &amp;&amp; wildList.indexOf(symbol) != -1): null

2019-08-10 23:55:19 - [TEST_STEP][PASSED] - if (i == 4 &amp;&amp; wildList.indexOf(symbol) != -1): null

2019-08-10 23:55:19 - [TEST_STEP][PASSED] - symbol = symbol: null

2019-08-10 23:55:19 - [TEST_STEP][PASSED] - println(symbol): null

2019-08-10 23:55:19 - [TEST_STEP][PASSED] - if (i == 2 &amp;&amp; wildList.indexOf(symbol) != -1): null

2019-08-10 23:55:19 - [TEST_STEP][PASSED] - if (i == 3 &amp;&amp; wildList.indexOf(symbol) != -1): null

2019-08-10 23:55:19 - [TEST_STEP][PASSED] - if (i == 4 &amp;&amp; wildList.indexOf(symbol) != -1): null

2019-08-10 23:55:19 - [TEST_STEP][PASSED] - symbols = symbols: null

2019-08-10 23:55:19 - [TEST_STEP][PASSED] - for ([j = 0, j &lt; symbols.size(), (j++)]): null

2019-08-10 23:55:19 - [TEST_STEP][PASSED] - symbol = symbol: null

2019-08-10 23:55:19 - [TEST_STEP][PASSED] - println(symbol): null

2019-08-10 23:55:19 - [TEST_STEP][PASSED] - if (i == 2 &amp;&amp; wildList.indexOf(symbol) != -1): null

2019-08-10 23:55:19 - [TEST_STEP][PASSED] - if (i == 3 &amp;&amp; wildList.indexOf(symbol) != -1): null

2019-08-10 23:55:19 - [TEST_STEP][PASSED] - if (i == 4 &amp;&amp; wildList.indexOf(symbol) != -1): null

2019-08-10 23:55:19 - [TEST_STEP][PASSED] - symbol = symbol: null

2019-08-10 23:55:19 - [TEST_STEP][PASSED] - println(symbol): null

2019-08-10 23:55:19 - [TEST_STEP][PASSED] - if (i == 2 &amp;&amp; wildList.indexOf(symbol) != -1): null

2019-08-10 23:55:19 - [TEST_STEP][PASSED] - if (i == 3 &amp;&amp; wildList.indexOf(symbol) != -1): null

2019-08-10 23:55:19 - [TEST_STEP][PASSED] - if (i == 4 &amp;&amp; wildList.indexOf(symbol) != -1): null

2019-08-10 23:55:19 - [TEST_STEP][PASSED] - symbol = symbol: null

2019-08-10 23:55:19 - [TEST_STEP][PASSED] - println(symbol): null

2019-08-10 23:55:19 - [TEST_STEP][PASSED] - if (i == 2 &amp;&amp; wildList.indexOf(symbol) != -1): null

2019-08-10 23:55:19 - [TEST_STEP][PASSED] - if (i == 3 &amp;&amp; wildList.indexOf(symbol) != -1): null

2019-08-10 23:55:19 - [TEST_STEP][PASSED] - if (i == 4 &amp;&amp; wildList.indexOf(symbol) != -1): null

2019-08-10 23:55:19 - [TEST_STEP][PASSED] - symbols = symbols: null

2019-08-10 23:55:19 - [TEST_STEP][PASSED] - for ([j = 0, j &lt; symbols.size(), (j++)]): null

2019-08-10 23:55:19 - [TEST_STEP][PASSED] - symbol = symbol: null

2019-08-10 23:55:20 - [TEST_STEP][PASSED] - println(symbol): null

2019-08-10 23:55:20 - [TEST_STEP][PASSED] - if (i == 2 &amp;&amp; wildList.indexOf(symbol) != -1): null

2019-08-10 23:55:20 - [TEST_STEP][PASSED] - if (i == 3 &amp;&amp; wildList.indexOf(symbol) != -1): null

2019-08-10 23:55:20 - [TEST_STEP][PASSED] - if (i == 4 &amp;&amp; wildList.indexOf(symbol) != -1): null

2019-08-10 23:55:20 - [TEST_STEP][PASSED] - symbol = symbol: null

2019-08-10 23:55:20 - [TEST_STEP][PASSED] - println(symbol): null

2019-08-10 23:55:20 - [TEST_STEP][PASSED] - if (i == 2 &amp;&amp; wildList.indexOf(symbol) != -1): null

2019-08-10 23:55:20 - [TEST_STEP][PASSED] - if (i == 3 &amp;&amp; wildList.indexOf(symbol) != -1): null

2019-08-10 23:55:20 - [TEST_STEP][PASSED] - if (i == 4 &amp;&amp; wildList.indexOf(symbol) != -1): null

2019-08-10 23:55:20 - [TEST_STEP][PASSED] - symbol = symbol: null

2019-08-10 23:55:20 - [TEST_STEP][PASSED] - println(symbol): null

2019-08-10 23:55:20 - [TEST_STEP][PASSED] - if (i == 2 &amp;&amp; wildList.indexOf(symbol) != -1): null

2019-08-10 23:55:20 - [TEST_STEP][PASSED] - if (i == 3 &amp;&amp; wildList.indexOf(symbol) != -1): null

2019-08-10 23:55:20 - [TEST_STEP][PASSED] - if (i == 4 &amp;&amp; wildList.indexOf(symbol) != -1): null

2019-08-10 23:55:20 - [TEST_STEP][PASSED] - symbols = symbols: null

2019-08-10 23:55:20 - [TEST_STEP][PASSED] - for ([j = 0, j &lt; symbols.size(), (j++)]): null

2019-08-10 23:55:20 - [TEST_STEP][PASSED] - symbol = symbol: null

2019-08-10 23:55:20 - [TEST_STEP][PASSED] - println(symbol): null

2019-08-10 23:55:20 - [TEST_STEP][PASSED] - if (i == 2 &amp;&amp; wildList.indexOf(symbol) != -1): null

2019-08-10 23:55:20 - [TEST_STEP][PASSED] - if (i == 3 &amp;&amp; wildList.indexOf(symbol) != -1): null

2019-08-10 23:55:20 - [TEST_STEP][PASSED] - if (i == 4 &amp;&amp; wildList.indexOf(symbol) != -1): null

2019-08-10 23:55:20 - [TEST_STEP][PASSED] - symbol = symbol: null

2019-08-10 23:55:20 - [TEST_STEP][PASSED] - println(symbol): null

2019-08-10 23:55:20 - [TEST_STEP][PASSED] - if (i == 2 &amp;&amp; wildList.indexOf(symbol) != -1): null

2019-08-10 23:55:20 - [TEST_STEP][PASSED] - if (i == 3 &amp;&amp; wildList.indexOf(symbol) != -1): null

2019-08-10 23:55:20 - [TEST_STEP][PASSED] - if (i == 4 &amp;&amp; wildList.indexOf(symbol) != -1): null

2019-08-10 23:55:20 - [TEST_STEP][PASSED] - symbol = symbol: null

2019-08-10 23:55:20 - [TEST_STEP][PASSED] - println(symbol): null

2019-08-10 23:55:20 - [TEST_STEP][PASSED] - if (i == 2 &amp;&amp; wildList.indexOf(symbol) != -1): null

2019-08-10 23:55:20 - [TEST_STEP][PASSED] - if (i == 3 &amp;&amp; wildList.indexOf(symbol) != -1): null

2019-08-10 23:55:20 - [TEST_STEP][PASSED] - if (i == 4 &amp;&amp; wildList.indexOf(symbol) != -1): null

2019-08-10 23:55:20 - [TEST_STEP][PASSED] - symbols = symbols: null

2019-08-10 23:55:20 - [TEST_STEP][PASSED] - for ([j = 0, j &lt; symbols.size(), (j++)]): null

2019-08-10 23:55:20 - [TEST_STEP][PASSED] - symbol = symbol: null

2019-08-10 23:55:20 - [TEST_STEP][PASSED] - println(symbol): null

2019-08-10 23:55:20 - [TEST_STEP][PASSED] - if (i == 2 &amp;&amp; wildList.indexOf(symbol) != -1): null

2019-08-10 23:55:20 - [TEST_STEP][PASSED] - if (i == 3 &amp;&amp; wildList.indexOf(symbol) != -1): null

2019-08-10 23:55:20 - [TEST_STEP][PASSED] - if (i == 4 &amp;&amp; wildList.indexOf(symbol) != -1): null

2019-08-10 23:55:20 - [TEST_STEP][PASSED] - symbol = symbol: null

2019-08-10 23:55:20 - [TEST_STEP][PASSED] - println(symbol): null

2019-08-10 23:55:20 - [TEST_STEP][PASSED] - if (i == 2 &amp;&amp; wildList.indexOf(symbol) != -1): null

2019-08-10 23:55:20 - [TEST_STEP][PASSED] - if (i == 3 &amp;&amp; wildList.indexOf(symbol) != -1): null

2019-08-10 23:55:20 - [TEST_STEP][PASSED] - if (i == 4 &amp;&amp; wildList.indexOf(symbol) != -1): null

2019-08-10 23:55:20 - [TEST_STEP][PASSED] - symbol = symbol: null

2019-08-10 23:55:20 - [TEST_STEP][PASSED] - println(symbol): null

2019-08-10 23:55:20 - [TEST_STEP][PASSED] - if (i == 2 &amp;&amp; wildList.indexOf(symbol) != -1): null

2019-08-10 23:55:20 - [TEST_STEP][PASSED] - if (i == 3 &amp;&amp; wildList.indexOf(symbol) != -1): null

2019-08-10 23:55:20 - [TEST_STEP][PASSED] - if (i == 4 &amp;&amp; wildList.indexOf(symbol) != -1): null

2019-08-10 23:55:20 - [TEST_STEP][PASSED] - free_spin_reel_counter = free_spin_reel_counter: null

2019-08-10 23:55:20 - [TEST_STEP][PASSED] - println("reel 3 wild found: " + free_spin_reel_counter[0]): null

2019-08-10 23:55:20 - [TEST_STEP][PASSED] - println("reel 4 wild found: " + free_spin_reel_counter[1]): null

2019-08-10 23:55:20 - [TEST_STEP][PASSED] - println("reel 5 wild found: " + free_spin_reel_counter[2]): null

2019-08-10 23:55:20 - [TEST_STEP][PASSED] - M4_spin_reels = M4_spin_reels: null

2019-08-10 23:55:20 - [TEST_STEP][PASSED] - M4_spin_reels_symbols = symbol: null

2019-08-10 23:55:20 - [TEST_STEP][PASSED] - M4_spin_reels_symbols = M4_spin_reels_symbols: null

2019-08-10 23:55:20 - [TEST_STEP][PASSED] - M4_spin_reel_wins = reel_wins: null

2019-08-10 23:55:20 - [TEST_STEP][PASSED] - M4_spin_reel_wins = M4_spin_reel_wins: null

2019-08-10 23:55:20 - [TEST_STEP][PASSED] - println("GlobalVariable.M4_spin_reel_wins is: " + M4_spin_reel_wins): null

2019-08-10 23:55:20 - [TEST_STEP][PASSED] - M4_spin_total_bonus_win_this_round = total_bonus_win_this_round: null

2019-08-10 23:55:20 - [TEST_STEP][PASSED] - M4_spin_total_bonus_win_this_round = M4_spin_total_bonus_win_this_round: null

2019-08-10 23:55:20 - [TEST_STEP][PASSED] - println("GlobalVariable.M4_spin_total_bonus_win_this_round is: " + M4_spin_total_bonus_win_this_round): null

2019-08-10 23:55:20 - [MESSAGE][PASSED] - Verify response successfully

2019-08-10 23:55:20 - [MESSAGE][PASSED] - Send request and verify the response successfully

2019-08-10 23:55:20 - [TEST_STEP][PASSED] - if (M4_total_bonus_spins_int != 0 &amp;&amp; M4_spin_reels_symbols[2].contains("WILD_Double") || M4_spin_reels_symbols[4].contains("WILD_Triple")): null

2019-08-10 23:55:20 - [TEST_STEP][PASSED] - free_spin_reel_counter = free_spin_reel_counter: null

2019-08-10 23:55:20 - [TEST_STEP][PASSED] - M4_spin_reels_symbols = M4_spin_reels_symbols: null

2019-08-10 23:55:20 - [TEST_STEP][PASSED] - M4_total_bonus_spins = M4_total_bonus_spins: null

2019-08-10 23:55:20 - [TEST_STEP][PASSED] - spin_result = sendRequestAndVerify(findTestObject("RGS(M4)/1_M4_spin", ["M4_login_user_id":M4_login_user_id, "rgs_session_token":rgs_session_token, "partner":Partner])): Send request and verify the response successfully

2019-08-10 23:55:20 - [TEST_CASE][PASSED] - Start Test Case : Verification: Verification accomplished successfully

2019-08-10 23:55:20 - [TEST_STEP][PASSED] - request = getInstance().getCurrentRequest(): null

2019-08-10 23:55:20 - [TEST_STEP][PASSED] - response = getInstance().getCurrentResponse(): null

2019-08-10 23:55:20 - [TEST_STEP][PASSED] - verifyResponseStatusCode(response, 200): Verify response status code successfully

2019-08-10 23:55:20 - [MESSAGE][PASSED] - Verify response status code successfully

2019-08-10 23:55:20 - [TEST_STEP][PASSED] - getStatusCode()).isEqualTo(200): null

2019-08-10 23:55:20 - [TEST_STEP][PASSED] - newline = System.getProperty("line.separator"): null

2019-08-10 23:55:20 - [TEST_STEP][PASSED] - M4_spin = new groovy.json.JsonSlurper(): null

2019-08-10 23:55:20 - [TEST_STEP][PASSED] - result_M4_spin = M4_spin.parseText(response.getResponseBodyContent()): null

2019-08-10 23:55:20 - [TEST_STEP][PASSED] - M4_spin_current_balance = current_balance: null

2019-08-10 23:55:20 - [TEST_STEP][PASSED] - M4_spin_current_balance = M4_spin_current_balance: null

2019-08-10 23:55:20 - [TEST_STEP][PASSED] - M4_spin_transaction_id = causality: null

2019-08-10 23:55:20 - [TEST_STEP][PASSED] - M4_spin_transaction_id = M4_spin_transaction_id: null

2019-08-10 23:55:20 - [TEST_STEP][PASSED] - M4_spin_round_id = round_id: null

2019-08-10 23:55:20 - [TEST_STEP][PASSED] - M4_spin_round_id = M4_spin_round_id: null

2019-08-10 23:55:20 - [TEST_STEP][PASSED] - M4_spin_line_wins = line_wins: null

2019-08-10 23:55:20 - [TEST_STEP][PASSED] - M4_spin_line_wins = M4_spin_line_wins: null

2019-08-10 23:55:20 - [TEST_STEP][PASSED] - M4_total_bonus_spins_int = total_bonus_spins: null

2019-08-10 23:55:20 - [TEST_STEP][PASSED] - println("******M4_total_bonus_spins type is:*******" + newline + getClass().getName()): null

2019-08-10 23:55:20 - [TEST_STEP][PASSED] - M4_total_bonus_spins_int = M4_total_bonus_spins_int: null

2019-08-10 23:55:20 - [TEST_STEP][PASSED] - M4_total_bonus_spins = Integer.toString(M4_total_bonus_spins_int): null

2019-08-10 23:55:20 - [TEST_STEP][PASSED] - M4_total_bonus_spins = M4_total_bonus_spins: null

2019-08-10 23:55:20 - [TEST_STEP][PASSED] - println("M4_total_bonus_spins is:" + M4_total_bonus_spins): null

2019-08-10 23:55:20 - [TEST_STEP][PASSED] - M4_spin_bonus_data = bonus_data: null

2019-08-10 23:55:20 - [TEST_STEP][PASSED] - M4_spin_features_triggered = result_M4_spin: null

2019-08-10 23:55:20 - [TEST_STEP][PASSED] - wild = []: null

2019-08-10 23:55:20 - [TEST_STEP][PASSED] - wild[0] = "WILD_Expanding": null

2019-08-10 23:55:20 - [TEST_STEP][PASSED] - wild[1] = "WILD_Normal": null

2019-08-10 23:55:20 - [TEST_STEP][PASSED] - wild[2] = "WILD_Double": null

2019-08-10 23:55:20 - [TEST_STEP][PASSED] - wild[3] = "WILD_ExtraFG": null

2019-08-10 23:55:20 - [TEST_STEP][PASSED] - wild[4] = "WILD_Triple": null

2019-08-10 23:55:20 - [TEST_STEP][PASSED] - wildList = Arrays.asList(wild): null

2019-08-10 23:55:20 - [TEST_STEP][PASSED] - wildList = wildList: null

2019-08-10 23:55:20 - [TEST_STEP][PASSED] - free_spin_reel_counter = []: null

2019-08-10 23:55:20 - [TEST_STEP][PASSED] - free_spin_reel_counter[0] = 0: null

2019-08-10 23:55:20 - [TEST_STEP][PASSED] - free_spin_reel_counter[1] = 0: null

2019-08-10 23:55:20 - [TEST_STEP][PASSED] - free_spin_reel_counter[2] = 0: null

2019-08-10 23:55:20 - [TEST_STEP][PASSED] - M4_spin_reels = reels: null

2019-08-10 23:55:20 - [TEST_STEP][PASSED] - for ([i = 0, i &lt; M4_spin_reels.size(), (i++)]): null

2019-08-10 23:55:20 - [TEST_STEP][PASSED] - symbols = symbols: null

2019-08-10 23:55:20 - [TEST_STEP][PASSED] - for ([j = 0, j &lt; symbols.size(), (j++)]): null

2019-08-10 23:55:20 - [TEST_STEP][PASSED] - symbol = symbol: null

2019-08-10 23:55:20 - [TEST_STEP][PASSED] - println(symbol): null

2019-08-10 23:55:20 - [TEST_STEP][PASSED] - if (i == 2 &amp;&amp; wildList.indexOf(symbol) != -1): null

2019-08-10 23:55:20 - [TEST_STEP][PASSED] - if (i == 3 &amp;&amp; wildList.indexOf(symbol) != -1): null

2019-08-10 23:55:20 - [TEST_STEP][PASSED] - if (i == 4 &amp;&amp; wildList.indexOf(symbol) != -1): null

2019-08-10 23:55:20 - [TEST_STEP][PASSED] - symbol = symbol: null

2019-08-10 23:55:20 - [TEST_STEP][PASSED] - println(symbol): null

2019-08-10 23:55:20 - [TEST_STEP][PASSED] - if (i == 2 &amp;&amp; wildList.indexOf(symbol) != -1): null

2019-08-10 23:55:20 - [TEST_STEP][PASSED] - if (i == 3 &amp;&amp; wildList.indexOf(symbol) != -1): null

2019-08-10 23:55:20 - [TEST_STEP][PASSED] - if (i == 4 &amp;&amp; wildList.indexOf(symbol) != -1): null

2019-08-10 23:55:23 - [TEST_STEP][PASSED] - symbol = symbol: null

2019-08-10 23:55:23 - [TEST_STEP][PASSED] - println(symbol): null

2019-08-10 23:55:23 - [TEST_STEP][PASSED] - if (i == 2 &amp;&amp; wildList.indexOf(symbol) != -1): null

2019-08-10 23:55:23 - [TEST_STEP][PASSED] - if (i == 3 &amp;&amp; wildList.indexOf(symbol) != -1): null

2019-08-10 23:55:23 - [TEST_STEP][PASSED] - if (i == 4 &amp;&amp; wildList.indexOf(symbol) != -1): null

2019-08-10 23:55:23 - [TEST_STEP][PASSED] - symbols = symbols: null

2019-08-10 23:55:23 - [TEST_STEP][PASSED] - for ([j = 0, j &lt; symbols.size(), (j++)]): null

2019-08-10 23:55:23 - [TEST_STEP][PASSED] - symbol = symbol: null

2019-08-10 23:55:23 - [TEST_STEP][PASSED] - println(symbol): null

2019-08-10 23:55:23 - [TEST_STEP][PASSED] - if (i == 2 &amp;&amp; wildList.indexOf(symbol) != -1): null

2019-08-10 23:55:23 - [TEST_STEP][PASSED] - if (i == 3 &amp;&amp; wildList.indexOf(symbol) != -1): null

2019-08-10 23:55:23 - [TEST_STEP][PASSED] - if (i == 4 &amp;&amp; wildList.indexOf(symbol) != -1): null

2019-08-10 23:55:23 - [TEST_STEP][PASSED] - symbol = symbol: null

2019-08-10 23:55:23 - [TEST_STEP][PASSED] - println(symbol): null

2019-08-10 23:55:23 - [TEST_STEP][PASSED] - if (i == 2 &amp;&amp; wildList.indexOf(symbol) != -1): null

2019-08-10 23:55:23 - [TEST_STEP][PASSED] - if (i == 3 &amp;&amp; wildList.indexOf(symbol) != -1): null

2019-08-10 23:55:23 - [TEST_STEP][PASSED] - if (i == 4 &amp;&amp; wildList.indexOf(symbol) != -1): null

2019-08-10 23:55:23 - [TEST_STEP][PASSED] - symbol = symbol: null

2019-08-10 23:55:23 - [TEST_STEP][PASSED] - println(symbol): null

2019-08-10 23:55:23 - [TEST_STEP][PASSED] - if (i == 2 &amp;&amp; wildList.indexOf(symbol) != -1): null

2019-08-10 23:55:23 - [TEST_STEP][PASSED] - if (i == 3 &amp;&amp; wildList.indexOf(symbol) != -1): null

2019-08-10 23:55:23 - [TEST_STEP][PASSED] - if (i == 4 &amp;&amp; wildList.indexOf(symbol) != -1): null

2019-08-10 23:55:23 - [TEST_STEP][PASSED] - symbols = symbols: null

2019-08-10 23:55:23 - [TEST_STEP][PASSED] - for ([j = 0, j &lt; symbols.size(), (j++)]): null

2019-08-10 23:55:23 - [TEST_STEP][PASSED] - symbol = symbol: null

2019-08-10 23:55:23 - [TEST_STEP][PASSED] - println(symbol): null

2019-08-10 23:55:23 - [TEST_STEP][PASSED] - if (i == 2 &amp;&amp; wildList.indexOf(symbol) != -1): null

2019-08-10 23:55:23 - [TEST_STEP][PASSED] - if (i == 3 &amp;&amp; wildList.indexOf(symbol) != -1): null

2019-08-10 23:55:23 - [TEST_STEP][PASSED] - if (i == 4 &amp;&amp; wildList.indexOf(symbol) != -1): null

2019-08-10 23:55:23 - [TEST_STEP][PASSED] - symbol = symbol: null

2019-08-10 23:55:23 - [TEST_STEP][PASSED] - println(symbol): null

2019-08-10 23:55:23 - [TEST_STEP][PASSED] - if (i == 2 &amp;&amp; wildList.indexOf(symbol) != -1): null

2019-08-10 23:55:23 - [TEST_STEP][PASSED] - if (i == 3 &amp;&amp; wildList.indexOf(symbol) != -1): null

2019-08-10 23:55:23 - [TEST_STEP][PASSED] - if (i == 4 &amp;&amp; wildList.indexOf(symbol) != -1): null

2019-08-10 23:55:23 - [TEST_STEP][PASSED] - symbol = symbol: null

2019-08-10 23:55:23 - [TEST_STEP][PASSED] - println(symbol): null

2019-08-10 23:55:23 - [TEST_STEP][PASSED] - if (i == 2 &amp;&amp; wildList.indexOf(symbol) != -1): null

2019-08-10 23:55:23 - [TEST_STEP][PASSED] - if (i == 3 &amp;&amp; wildList.indexOf(symbol) != -1): null

2019-08-10 23:55:23 - [TEST_STEP][PASSED] - if (i == 4 &amp;&amp; wildList.indexOf(symbol) != -1): null

2019-08-10 23:55:23 - [TEST_STEP][PASSED] - symbols = symbols: null

2019-08-10 23:55:23 - [TEST_STEP][PASSED] - for ([j = 0, j &lt; symbols.size(), (j++)]): null

2019-08-10 23:55:23 - [TEST_STEP][PASSED] - symbol = symbol: null

2019-08-10 23:55:23 - [TEST_STEP][PASSED] - println(symbol): null

2019-08-10 23:55:23 - [TEST_STEP][PASSED] - if (i == 2 &amp;&amp; wildList.indexOf(symbol) != -1): null

2019-08-10 23:55:23 - [TEST_STEP][PASSED] - if (i == 3 &amp;&amp; wildList.indexOf(symbol) != -1): null

2019-08-10 23:55:23 - [TEST_STEP][PASSED] - if (i == 4 &amp;&amp; wildList.indexOf(symbol) != -1): null

2019-08-10 23:55:23 - [TEST_STEP][PASSED] - symbol = symbol: null

2019-08-10 23:55:23 - [TEST_STEP][PASSED] - println(symbol): null

2019-08-10 23:55:23 - [TEST_STEP][PASSED] - if (i == 2 &amp;&amp; wildList.indexOf(symbol) != -1): null

2019-08-10 23:55:23 - [TEST_STEP][PASSED] - if (i == 3 &amp;&amp; wildList.indexOf(symbol) != -1): null

2019-08-10 23:55:23 - [TEST_STEP][PASSED] - if (i == 4 &amp;&amp; wildList.indexOf(symbol) != -1): null

2019-08-10 23:55:23 - [TEST_STEP][PASSED] - symbol = symbol: null

2019-08-10 23:55:23 - [TEST_STEP][PASSED] - println(symbol): null

2019-08-10 23:55:23 - [TEST_STEP][PASSED] - if (i == 2 &amp;&amp; wildList.indexOf(symbol) != -1): null

2019-08-10 23:55:23 - [TEST_STEP][PASSED] - if (i == 3 &amp;&amp; wildList.indexOf(symbol) != -1): null

2019-08-10 23:55:23 - [TEST_STEP][PASSED] - if (i == 4 &amp;&amp; wildList.indexOf(symbol) != -1): null

2019-08-10 23:55:23 - [TEST_STEP][PASSED] - symbols = symbols: null

2019-08-10 23:55:23 - [TEST_STEP][PASSED] - for ([j = 0, j &lt; symbols.size(), (j++)]): null

2019-08-10 23:55:23 - [TEST_STEP][PASSED] - symbol = symbol: null

2019-08-10 23:55:23 - [TEST_STEP][PASSED] - println(symbol): null

2019-08-10 23:55:23 - [TEST_STEP][PASSED] - if (i == 2 &amp;&amp; wildList.indexOf(symbol) != -1): null

2019-08-10 23:55:23 - [TEST_STEP][PASSED] - if (i == 3 &amp;&amp; wildList.indexOf(symbol) != -1): null

2019-08-10 23:55:23 - [TEST_STEP][PASSED] - if (i == 4 &amp;&amp; wildList.indexOf(symbol) != -1): null

2019-08-10 23:55:23 - [TEST_STEP][PASSED] - symbol = symbol: null

2019-08-10 23:55:23 - [TEST_STEP][PASSED] - println(symbol): null

2019-08-10 23:55:23 - [TEST_STEP][PASSED] - if (i == 2 &amp;&amp; wildList.indexOf(symbol) != -1): null

2019-08-10 23:55:23 - [TEST_STEP][PASSED] - if (i == 3 &amp;&amp; wildList.indexOf(symbol) != -1): null

2019-08-10 23:55:23 - [TEST_STEP][PASSED] - if (i == 4 &amp;&amp; wildList.indexOf(symbol) != -1): null

2019-08-10 23:55:23 - [TEST_STEP][PASSED] - symbol = symbol: null

2019-08-10 23:55:23 - [TEST_STEP][PASSED] - println(symbol): null

2019-08-10 23:55:23 - [TEST_STEP][PASSED] - if (i == 2 &amp;&amp; wildList.indexOf(symbol) != -1): null

2019-08-10 23:55:23 - [TEST_STEP][PASSED] - if (i == 3 &amp;&amp; wildList.indexOf(symbol) != -1): null

2019-08-10 23:55:23 - [TEST_STEP][PASSED] - if (i == 4 &amp;&amp; wildList.indexOf(symbol) != -1): null

2019-08-10 23:55:23 - [TEST_STEP][PASSED] - free_spin_reel_counter = free_spin_reel_counter: null

2019-08-10 23:55:23 - [TEST_STEP][PASSED] - println("reel 3 wild found: " + free_spin_reel_counter[0]): null

2019-08-10 23:55:23 - [TEST_STEP][PASSED] - println("reel 4 wild found: " + free_spin_reel_counter[1]): null

2019-08-10 23:55:23 - [TEST_STEP][PASSED] - println("reel 5 wild found: " + free_spin_reel_counter[2]): null

2019-08-10 23:55:23 - [TEST_STEP][PASSED] - M4_spin_reels = M4_spin_reels: null

2019-08-10 23:55:23 - [TEST_STEP][PASSED] - M4_spin_reels_symbols = symbol: null

2019-08-10 23:55:23 - [TEST_STEP][PASSED] - M4_spin_reels_symbols = M4_spin_reels_symbols: null

2019-08-10 23:55:23 - [TEST_STEP][PASSED] - M4_spin_reel_wins = reel_wins: null

2019-08-10 23:55:23 - [TEST_STEP][PASSED] - M4_spin_reel_wins = M4_spin_reel_wins: null

2019-08-10 23:55:23 - [TEST_STEP][PASSED] - println("GlobalVariable.M4_spin_reel_wins is: " + M4_spin_reel_wins): null

2019-08-10 23:55:23 - [TEST_STEP][PASSED] - M4_spin_total_bonus_win_this_round = total_bonus_win_this_round: null

2019-08-10 23:55:23 - [TEST_STEP][PASSED] - M4_spin_total_bonus_win_this_round = M4_spin_total_bonus_win_this_round: null

2019-08-10 23:55:23 - [TEST_STEP][PASSED] - println("GlobalVariable.M4_spin_total_bonus_win_this_round is: " + M4_spin_total_bonus_win_this_round): null

2019-08-10 23:55:23 - [MESSAGE][PASSED] - Verify response successfully

2019-08-10 23:55:23 - [MESSAGE][PASSED] - Send request and verify the response successfully

2019-08-10 23:55:23 - [TEST_STEP][PASSED] - if (M4_total_bonus_spins_int != 0 &amp;&amp; M4_spin_reels_symbols[2].contains("WILD_Double") || M4_spin_reels_symbols[4].contains("WILD_Triple")): null

2019-08-10 23:55:23 - [TEST_STEP][PASSED] - free_spin_reel_counter = free_spin_reel_counter: null

2019-08-10 23:55:23 - [TEST_STEP][PASSED] - M4_spin_reels_symbols = M4_spin_reels_symbols: null

2019-08-10 23:55:23 - [TEST_STEP][PASSED] - M4_total_bonus_spins = M4_total_bonus_spins: null

2019-08-10 23:55:23 - [TEST_STEP][PASSED] - spin_result = sendRequestAndVerify(findTestObject("RGS(M4)/1_M4_spin", ["M4_login_user_id":M4_login_user_id, "rgs_session_token":rgs_session_token, "partner":Partner])): Send request and verify the response successfully

2019-08-10 23:55:23 - [TEST_CASE][PASSED] - Start Test Case : Verification: Verification accomplished successfully

2019-08-10 23:55:23 - [TEST_STEP][PASSED] - request = getInstance().getCurrentRequest(): null

2019-08-10 23:55:23 - [TEST_STEP][PASSED] - response = getInstance().getCurrentResponse(): null

2019-08-10 23:55:23 - [TEST_STEP][PASSED] - verifyResponseStatusCode(response, 200): Verify response status code successfully

2019-08-10 23:55:23 - [MESSAGE][PASSED] - Verify response status code successfully

2019-08-10 23:55:23 - [TEST_STEP][PASSED] - getStatusCode()).isEqualTo(200): null

2019-08-10 23:55:23 - [TEST_STEP][PASSED] - newline = System.getProperty("line.separator"): null

2019-08-10 23:55:23 - [TEST_STEP][PASSED] - M4_spin = new groovy.json.JsonSlurper(): null

2019-08-10 23:55:23 - [TEST_STEP][PASSED] - result_M4_spin = M4_spin.parseText(response.getResponseBodyContent()): null

2019-08-10 23:55:23 - [TEST_STEP][PASSED] - M4_spin_current_balance = current_balance: null

2019-08-10 23:55:23 - [TEST_STEP][PASSED] - M4_spin_current_balance = M4_spin_current_balance: null

2019-08-10 23:55:23 - [TEST_STEP][PASSED] - M4_spin_transaction_id = causality: null

2019-08-10 23:55:23 - [TEST_STEP][PASSED] - M4_spin_transaction_id = M4_spin_transaction_id: null

2019-08-10 23:55:23 - [TEST_STEP][PASSED] - M4_spin_round_id = round_id: null

2019-08-10 23:55:23 - [TEST_STEP][PASSED] - M4_spin_round_id = M4_spin_round_id: null

2019-08-10 23:55:23 - [TEST_STEP][PASSED] - M4_spin_line_wins = line_wins: null

2019-08-10 23:55:23 - [TEST_STEP][PASSED] - M4_spin_line_wins = M4_spin_line_wins: null

2019-08-10 23:55:23 - [TEST_STEP][PASSED] - M4_total_bonus_spins_int = total_bonus_spins: null

2019-08-10 23:55:23 - [TEST_STEP][PASSED] - println("******M4_total_bonus_spins type is:*******" + newline + getClass().getName()): null

2019-08-10 23:55:23 - [TEST_STEP][PASSED] - M4_total_bonus_spins_int = M4_total_bonus_spins_int: null

2019-08-10 23:55:23 - [TEST_STEP][PASSED] - M4_total_bonus_spins = Integer.toString(M4_total_bonus_spins_int): null

2019-08-10 23:55:23 - [TEST_STEP][PASSED] - M4_total_bonus_spins = M4_total_bonus_spins: null

2019-08-10 23:55:23 - [TEST_STEP][PASSED] - println("M4_total_bonus_spins is:" + M4_total_bonus_spins): null

2019-08-10 23:55:23 - [TEST_STEP][PASSED] - M4_spin_bonus_data = bonus_data: null

2019-08-10 23:55:23 - [TEST_STEP][PASSED] - M4_spin_features_triggered = result_M4_spin: null

2019-08-10 23:55:23 - [TEST_STEP][PASSED] - wild = []: null

2019-08-10 23:55:23 - [TEST_STEP][PASSED] - wild[0] = "WILD_Expanding": null

2019-08-10 23:55:23 - [TEST_STEP][PASSED] - wild[1] = "WILD_Normal": null

2019-08-10 23:55:23 - [TEST_STEP][PASSED] - wild[2] = "WILD_Double": null

2019-08-10 23:55:23 - [TEST_STEP][PASSED] - wild[3] = "WILD_ExtraFG": null

2019-08-10 23:55:23 - [TEST_STEP][PASSED] - wild[4] = "WILD_Triple": null

2019-08-10 23:55:23 - [TEST_STEP][PASSED] - wildList = Arrays.asList(wild): null

2019-08-10 23:55:23 - [TEST_STEP][PASSED] - wildList = wildList: null

2019-08-10 23:55:23 - [TEST_STEP][PASSED] - free_spin_reel_counter = []: null

2019-08-10 23:55:23 - [TEST_STEP][PASSED] - free_spin_reel_counter[0] = 0: null

2019-08-10 23:55:23 - [TEST_STEP][PASSED] - free_spin_reel_counter[1] = 0: null

2019-08-10 23:55:23 - [TEST_STEP][PASSED] - free_spin_reel_counter[2] = 0: null

2019-08-10 23:55:23 - [TEST_STEP][PASSED] - M4_spin_reels = reels: null

2019-08-10 23:55:23 - [TEST_STEP][PASSED] - for ([i = 0, i &lt; M4_spin_reels.size(), (i++)]): null

2019-08-10 23:55:23 - [TEST_STEP][PASSED] - symbols = symbols: null

2019-08-10 23:55:23 - [TEST_STEP][PASSED] - for ([j = 0, j &lt; symbols.size(), (j++)]): null

2019-08-10 23:55:23 - [TEST_STEP][PASSED] - symbol = symbol: null

2019-08-10 23:55:23 - [TEST_STEP][PASSED] - println(symbol): null

2019-08-10 23:55:23 - [TEST_STEP][PASSED] - if (i == 2 &amp;&amp; wildList.indexOf(symbol) != -1): null

2019-08-10 23:55:23 - [TEST_STEP][PASSED] - if (i == 3 &amp;&amp; wildList.indexOf(symbol) != -1): null

2019-08-10 23:55:23 - [TEST_STEP][PASSED] - if (i == 4 &amp;&amp; wildList.indexOf(symbol) != -1): null

2019-08-10 23:55:23 - [TEST_STEP][PASSED] - symbol = symbol: null

2019-08-10 23:55:23 - [TEST_STEP][PASSED] - println(symbol): null

2019-08-10 23:55:23 - [TEST_STEP][PASSED] - if (i == 2 &amp;&amp; wildList.indexOf(symbol) != -1): null

2019-08-10 23:55:23 - [TEST_STEP][PASSED] - if (i == 3 &amp;&amp; wildList.indexOf(symbol) != -1): null

2019-08-10 23:55:23 - [TEST_STEP][PASSED] - if (i == 4 &amp;&amp; wildList.indexOf(symbol) != -1): null

2019-08-10 23:55:23 - [TEST_STEP][PASSED] - symbol = symbol: null

2019-08-10 23:55:23 - [TEST_STEP][PASSED] - println(symbol): null

2019-08-10 23:55:23 - [TEST_STEP][PASSED] - if (i == 2 &amp;&amp; wildList.indexOf(symbol) != -1): null

2019-08-10 23:55:23 - [TEST_STEP][PASSED] - if (i == 3 &amp;&amp; wildList.indexOf(symbol) != -1): null

2019-08-10 23:55:23 - [TEST_STEP][PASSED] - if (i == 4 &amp;&amp; wildList.indexOf(symbol) != -1): null

2019-08-10 23:55:23 - [TEST_STEP][PASSED] - symbols = symbols: null

2019-08-10 23:55:23 - [TEST_STEP][PASSED] - for ([j = 0, j &lt; symbols.size(), (j++)]): null

2019-08-10 23:55:23 - [TEST_STEP][PASSED] - symbol = symbol: null

2019-08-10 23:55:23 - [TEST_STEP][PASSED] - println(symbol): null

2019-08-10 23:55:23 - [TEST_STEP][PASSED] - if (i == 2 &amp;&amp; wildList.indexOf(symbol) != -1): null

2019-08-10 23:55:23 - [TEST_STEP][PASSED] - if (i == 3 &amp;&amp; wildList.indexOf(symbol) != -1): null

2019-08-10 23:55:23 - [TEST_STEP][PASSED] - if (i == 4 &amp;&amp; wildList.indexOf(symbol) != -1): null

2019-08-10 23:55:23 - [TEST_STEP][PASSED] - symbol = symbol: null

2019-08-10 23:55:23 - [TEST_STEP][PASSED] - println(symbol): null

2019-08-10 23:55:23 - [TEST_STEP][PASSED] - if (i == 2 &amp;&amp; wildList.indexOf(symbol) != -1): null

2019-08-10 23:55:23 - [TEST_STEP][PASSED] - if (i == 3 &amp;&amp; wildList.indexOf(symbol) != -1): null

2019-08-10 23:55:23 - [TEST_STEP][PASSED] - if (i == 4 &amp;&amp; wildList.indexOf(symbol) != -1): null

2019-08-10 23:55:23 - [TEST_STEP][PASSED] - symbol = symbol: null

2019-08-10 23:55:23 - [TEST_STEP][PASSED] - println(symbol): null

2019-08-10 23:55:23 - [TEST_STEP][PASSED] - if (i == 2 &amp;&amp; wildList.indexOf(symbol) != -1): null

2019-08-10 23:55:23 - [TEST_STEP][PASSED] - if (i == 3 &amp;&amp; wildList.indexOf(symbol) != -1): null

2019-08-10 23:55:23 - [TEST_STEP][PASSED] - if (i == 4 &amp;&amp; wildList.indexOf(symbol) != -1): null

2019-08-10 23:55:23 - [TEST_STEP][PASSED] - symbols = symbols: null

2019-08-10 23:55:23 - [TEST_STEP][PASSED] - for ([j = 0, j &lt; symbols.size(), (j++)]): null

2019-08-10 23:55:23 - [TEST_STEP][PASSED] - symbol = symbol: null

2019-08-10 23:55:23 - [TEST_STEP][PASSED] - println(symbol): null

2019-08-10 23:55:23 - [TEST_STEP][PASSED] - if (i == 2 &amp;&amp; wildList.indexOf(symbol) != -1): null

2019-08-10 23:55:23 - [TEST_STEP][PASSED] - if (i == 3 &amp;&amp; wildList.indexOf(symbol) != -1): null

2019-08-10 23:55:23 - [TEST_STEP][PASSED] - if (i == 4 &amp;&amp; wildList.indexOf(symbol) != -1): null

2019-08-10 23:55:23 - [TEST_STEP][PASSED] - symbol = symbol: null

2019-08-10 23:55:23 - [TEST_STEP][PASSED] - println(symbol): null

2019-08-10 23:55:23 - [TEST_STEP][PASSED] - if (i == 2 &amp;&amp; wildList.indexOf(symbol) != -1): null

2019-08-10 23:55:23 - [TEST_STEP][PASSED] - if (i == 3 &amp;&amp; wildList.indexOf(symbol) != -1): null

2019-08-10 23:55:23 - [TEST_STEP][PASSED] - if (i == 4 &amp;&amp; wildList.indexOf(symbol) != -1): null

2019-08-10 23:55:23 - [TEST_STEP][PASSED] - symbol = symbol: null

2019-08-10 23:55:23 - [TEST_STEP][PASSED] - println(symbol): null

2019-08-10 23:55:23 - [TEST_STEP][PASSED] - if (i == 2 &amp;&amp; wildList.indexOf(symbol) != -1): null

2019-08-10 23:55:23 - [TEST_STEP][PASSED] - if (i == 3 &amp;&amp; wildList.indexOf(symbol) != -1): null

2019-08-10 23:55:23 - [TEST_STEP][PASSED] - if (i == 4 &amp;&amp; wildList.indexOf(symbol) != -1): null

2019-08-10 23:55:23 - [TEST_STEP][PASSED] - symbols = symbols: null

2019-08-10 23:55:23 - [TEST_STEP][PASSED] - for ([j = 0, j &lt; symbols.size(), (j++)]): null

2019-08-10 23:55:23 - [TEST_STEP][PASSED] - symbol = symbol: null

2019-08-10 23:55:23 - [TEST_STEP][PASSED] - println(symbol): null

2019-08-10 23:55:23 - [TEST_STEP][PASSED] - if (i == 2 &amp;&amp; wildList.indexOf(symbol) != -1): null

2019-08-10 23:55:23 - [TEST_STEP][PASSED] - if (i == 3 &amp;&amp; wildList.indexOf(symbol) != -1): null

2019-08-10 23:55:23 - [TEST_STEP][PASSED] - if (i == 4 &amp;&amp; wildList.indexOf(symbol) != -1): null

2019-08-10 23:55:23 - [TEST_STEP][PASSED] - symbol = symbol: null

2019-08-10 23:55:23 - [TEST_STEP][PASSED] - println(symbol): null

2019-08-10 23:55:23 - [TEST_STEP][PASSED] - if (i == 2 &amp;&amp; wildList.indexOf(symbol) != -1): null

2019-08-10 23:55:23 - [TEST_STEP][PASSED] - if (i == 3 &amp;&amp; wildList.indexOf(symbol) != -1): null

2019-08-10 23:55:23 - [TEST_STEP][PASSED] - if (i == 4 &amp;&amp; wildList.indexOf(symbol) != -1): null

2019-08-10 23:55:23 - [TEST_STEP][PASSED] - symbol = symbol: null

2019-08-10 23:55:23 - [TEST_STEP][PASSED] - println(symbol): null

2019-08-10 23:55:23 - [TEST_STEP][PASSED] - if (i == 2 &amp;&amp; wildList.indexOf(symbol) != -1): null

2019-08-10 23:55:23 - [TEST_STEP][PASSED] - if (i == 3 &amp;&amp; wildList.indexOf(symbol) != -1): null

2019-08-10 23:55:23 - [TEST_STEP][PASSED] - println("wild found on reel 4, adding counter by 1"): null

2019-08-10 23:55:23 - [TEST_STEP][PASSED] - free_spin_reel_counter[1] = free_spin_reel_counter[1] + 1: null

2019-08-10 23:55:23 - [TEST_STEP][PASSED] - if (i == 4 &amp;&amp; wildList.indexOf(symbol) != -1): null

2019-08-10 23:55:23 - [TEST_STEP][PASSED] - symbols = symbols: null

2019-08-10 23:55:23 - [TEST_STEP][PASSED] - for ([j = 0, j &lt; symbols.size(), (j++)]): null

2019-08-10 23:55:23 - [TEST_STEP][PASSED] - symbol = symbol: null

2019-08-10 23:55:23 - [TEST_STEP][PASSED] - println(symbol): null

2019-08-10 23:55:23 - [TEST_STEP][PASSED] - if (i == 2 &amp;&amp; wildList.indexOf(symbol) != -1): null

2019-08-10 23:55:23 - [TEST_STEP][PASSED] - if (i == 3 &amp;&amp; wildList.indexOf(symbol) != -1): null

2019-08-10 23:55:23 - [TEST_STEP][PASSED] - if (i == 4 &amp;&amp; wildList.indexOf(symbol) != -1): null

2019-08-10 23:55:23 - [TEST_STEP][PASSED] - symbol = symbol: null

2019-08-10 23:55:23 - [TEST_STEP][PASSED] - println(symbol): null

2019-08-10 23:55:23 - [TEST_STEP][PASSED] - if (i == 2 &amp;&amp; wildList.indexOf(symbol) != -1): null

2019-08-10 23:55:23 - [TEST_STEP][PASSED] - if (i == 3 &amp;&amp; wildList.indexOf(symbol) != -1): null

2019-08-10 23:55:23 - [TEST_STEP][PASSED] - if (i == 4 &amp;&amp; wildList.indexOf(symbol) != -1): null

2019-08-10 23:55:23 - [TEST_STEP][PASSED] - symbol = symbol: null

2019-08-10 23:55:23 - [TEST_STEP][PASSED] - println(symbol): null

2019-08-10 23:55:23 - [TEST_STEP][PASSED] - if (i == 2 &amp;&amp; wildList.indexOf(symbol) != -1): null

2019-08-10 23:55:23 - [TEST_STEP][PASSED] - if (i == 3 &amp;&amp; wildList.indexOf(symbol) != -1): null

2019-08-10 23:55:23 - [TEST_STEP][PASSED] - if (i == 4 &amp;&amp; wildList.indexOf(symbol) != -1): null

2019-08-10 23:55:23 - [TEST_STEP][PASSED] - free_spin_reel_counter = free_spin_reel_counter: null

2019-08-10 23:55:23 - [TEST_STEP][PASSED] - println("reel 3 wild found: " + free_spin_reel_counter[0]): null

2019-08-10 23:55:23 - [TEST_STEP][PASSED] - println("reel 4 wild found: " + free_spin_reel_counter[1]): null

2019-08-10 23:55:23 - [TEST_STEP][PASSED] - println("reel 5 wild found: " + free_spin_reel_counter[2]): null

2019-08-10 23:55:23 - [TEST_STEP][PASSED] - M4_spin_reels = M4_spin_reels: null

2019-08-10 23:55:23 - [TEST_STEP][PASSED] - M4_spin_reels_symbols = symbol: null

2019-08-10 23:55:23 - [TEST_STEP][PASSED] - M4_spin_reels_symbols = M4_spin_reels_symbols: null

2019-08-10 23:55:23 - [TEST_STEP][PASSED] - M4_spin_reel_wins = reel_wins: null

2019-08-10 23:55:23 - [TEST_STEP][PASSED] - M4_spin_reel_wins = M4_spin_reel_wins: null

2019-08-10 23:55:23 - [TEST_STEP][PASSED] - println("GlobalVariable.M4_spin_reel_wins is: " + M4_spin_reel_wins): null

2019-08-10 23:55:23 - [TEST_STEP][PASSED] - M4_spin_total_bonus_win_this_round = total_bonus_win_this_round: null

2019-08-10 23:55:23 - [TEST_STEP][PASSED] - M4_spin_total_bonus_win_this_round = M4_spin_total_bonus_win_this_round: null

2019-08-10 23:55:23 - [TEST_STEP][PASSED] - println("GlobalVariable.M4_spin_total_bonus_win_this_round is: " + M4_spin_total_bonus_win_this_round): null

2019-08-10 23:55:23 - [MESSAGE][PASSED] - Verify response successfully

2019-08-10 23:55:23 - [MESSAGE][PASSED] - Send request and verify the response successfully

2019-08-10 23:55:23 - [TEST_STEP][PASSED] - if (M4_total_bonus_spins_int != 0 &amp;&amp; M4_spin_reels_symbols[2].contains("WILD_Double") || M4_spin_reels_symbols[4].contains("WILD_Triple")): null

2019-08-10 23:55:23 - [TEST_STEP][PASSED] - free_spin_reel_counter = free_spin_reel_counter: null

2019-08-10 23:55:23 - [TEST_STEP][PASSED] - M4_spin_reels_symbols = M4_spin_reels_symbols: null

2019-08-10 23:55:23 - [TEST_STEP][PASSED] - M4_total_bonus_spins = M4_total_bonus_spins: null

2019-08-10 23:55:23 - [TEST_STEP][PASSED] - spin_result = sendRequestAndVerify(findTestObject("RGS(M4)/1_M4_spin", ["M4_login_user_id":M4_login_user_id, "rgs_session_token":rgs_session_token, "partner":Partner])): Send request and verify the response successfully

2019-08-10 23:55:23 - [TEST_CASE][PASSED] - Start Test Case : Verification: Verification accomplished successfully

2019-08-10 23:55:23 - [TEST_STEP][PASSED] - request = getInstance().getCurrentRequest(): null

2019-08-10 23:55:24 - [TEST_STEP][PASSED] - response = getInstance().getCurrentResponse(): null

2019-08-10 23:55:24 - [TEST_STEP][PASSED] - verifyResponseStatusCode(response, 200): Verify response status code successfully

2019-08-10 23:55:24 - [MESSAGE][PASSED] - Verify response status code successfully

2019-08-10 23:55:24 - [TEST_STEP][PASSED] - getStatusCode()).isEqualTo(200): null

2019-08-10 23:55:24 - [TEST_STEP][PASSED] - newline = System.getProperty("line.separator"): null

2019-08-10 23:55:24 - [TEST_STEP][PASSED] - M4_spin = new groovy.json.JsonSlurper(): null

2019-08-10 23:55:24 - [TEST_STEP][PASSED] - result_M4_spin = M4_spin.parseText(response.getResponseBodyContent()): null

2019-08-10 23:55:24 - [TEST_STEP][PASSED] - M4_spin_current_balance = current_balance: null

2019-08-10 23:55:24 - [TEST_STEP][PASSED] - M4_spin_current_balance = M4_spin_current_balance: null

2019-08-10 23:55:24 - [TEST_STEP][PASSED] - M4_spin_transaction_id = causality: null

2019-08-10 23:55:24 - [TEST_STEP][PASSED] - M4_spin_transaction_id = M4_spin_transaction_id: null

2019-08-10 23:55:24 - [TEST_STEP][PASSED] - M4_spin_round_id = round_id: null

2019-08-10 23:55:24 - [TEST_STEP][PASSED] - M4_spin_round_id = M4_spin_round_id: null

2019-08-10 23:55:24 - [TEST_STEP][PASSED] - M4_spin_line_wins = line_wins: null

2019-08-10 23:55:24 - [TEST_STEP][PASSED] - M4_spin_line_wins = M4_spin_line_wins: null

2019-08-10 23:55:24 - [TEST_STEP][PASSED] - M4_total_bonus_spins_int = total_bonus_spins: null

2019-08-10 23:55:24 - [TEST_STEP][PASSED] - println("******M4_total_bonus_spins type is:*******" + newline + getClass().getName()): null

2019-08-10 23:55:24 - [TEST_STEP][PASSED] - M4_total_bonus_spins_int = M4_total_bonus_spins_int: null

2019-08-10 23:55:24 - [TEST_STEP][PASSED] - M4_total_bonus_spins = Integer.toString(M4_total_bonus_spins_int): null

2019-08-10 23:55:24 - [TEST_STEP][PASSED] - M4_total_bonus_spins = M4_total_bonus_spins: null

2019-08-10 23:55:24 - [TEST_STEP][PASSED] - println("M4_total_bonus_spins is:" + M4_total_bonus_spins): null

2019-08-10 23:55:24 - [TEST_STEP][PASSED] - M4_spin_bonus_data = bonus_data: null

2019-08-10 23:55:24 - [TEST_STEP][PASSED] - M4_spin_features_triggered = result_M4_spin: null

2019-08-10 23:55:24 - [TEST_STEP][PASSED] - wild = []: null

2019-08-10 23:55:24 - [TEST_STEP][PASSED] - wild[0] = "WILD_Expanding": null

2019-08-10 23:55:24 - [TEST_STEP][PASSED] - wild[1] = "WILD_Normal": null

2019-08-10 23:55:24 - [TEST_STEP][PASSED] - wild[2] = "WILD_Double": null

2019-08-10 23:55:24 - [TEST_STEP][PASSED] - wild[3] = "WILD_ExtraFG": null

2019-08-10 23:55:24 - [TEST_STEP][PASSED] - wild[4] = "WILD_Triple": null

2019-08-10 23:55:24 - [TEST_STEP][PASSED] - wildList = Arrays.asList(wild): null

2019-08-10 23:55:24 - [TEST_STEP][PASSED] - wildList = wildList: null

2019-08-10 23:55:24 - [TEST_STEP][PASSED] - free_spin_reel_counter = []: null

2019-08-10 23:55:24 - [TEST_STEP][PASSED] - free_spin_reel_counter[0] = 0: null

2019-08-10 23:55:24 - [TEST_STEP][PASSED] - free_spin_reel_counter[1] = 0: null

2019-08-10 23:55:24 - [TEST_STEP][PASSED] - free_spin_reel_counter[2] = 0: null

2019-08-10 23:55:24 - [TEST_STEP][PASSED] - M4_spin_reels = reels: null

2019-08-10 23:55:24 - [TEST_STEP][PASSED] - for ([i = 0, i &lt; M4_spin_reels.size(), (i++)]): null

2019-08-10 23:55:24 - [TEST_STEP][PASSED] - symbols = symbols: null

2019-08-10 23:55:24 - [TEST_STEP][PASSED] - for ([j = 0, j &lt; symbols.size(), (j++)]): null

2019-08-10 23:55:24 - [TEST_STEP][PASSED] - symbol = symbol: null

2019-08-10 23:55:24 - [TEST_STEP][PASSED] - println(symbol): null

2019-08-10 23:55:24 - [TEST_STEP][PASSED] - if (i == 2 &amp;&amp; wildList.indexOf(symbol) != -1): null

2019-08-10 23:55:24 - [TEST_STEP][PASSED] - if (i == 3 &amp;&amp; wildList.indexOf(symbol) != -1): null

2019-08-10 23:55:24 - [TEST_STEP][PASSED] - if (i == 4 &amp;&amp; wildList.indexOf(symbol) != -1): null

2019-08-10 23:55:24 - [TEST_STEP][PASSED] - symbol = symbol: null

2019-08-10 23:55:24 - [TEST_STEP][PASSED] - println(symbol): null

2019-08-10 23:55:24 - [TEST_STEP][PASSED] - if (i == 2 &amp;&amp; wildList.indexOf(symbol) != -1): null

2019-08-10 23:55:24 - [TEST_STEP][PASSED] - if (i == 3 &amp;&amp; wildList.indexOf(symbol) != -1): null

2019-08-10 23:55:24 - [TEST_STEP][PASSED] - if (i == 4 &amp;&amp; wildList.indexOf(symbol) != -1): null

2019-08-10 23:55:24 - [TEST_STEP][PASSED] - symbol = symbol: null

2019-08-10 23:55:24 - [TEST_STEP][PASSED] - println(symbol): null

2019-08-10 23:55:24 - [TEST_STEP][PASSED] - if (i == 2 &amp;&amp; wildList.indexOf(symbol) != -1): null

2019-08-10 23:55:24 - [TEST_STEP][PASSED] - if (i == 3 &amp;&amp; wildList.indexOf(symbol) != -1): null

2019-08-10 23:55:24 - [TEST_STEP][PASSED] - if (i == 4 &amp;&amp; wildList.indexOf(symbol) != -1): null

2019-08-10 23:55:24 - [TEST_STEP][PASSED] - symbols = symbols: null

2019-08-10 23:55:24 - [TEST_STEP][PASSED] - for ([j = 0, j &lt; symbols.size(), (j++)]): null

2019-08-10 23:55:24 - [TEST_STEP][PASSED] - symbol = symbol: null

2019-08-10 23:55:24 - [TEST_STEP][PASSED] - println(symbol): null

2019-08-10 23:55:24 - [TEST_STEP][PASSED] - if (i == 2 &amp;&amp; wildList.indexOf(symbol) != -1): null

2019-08-10 23:55:24 - [TEST_STEP][PASSED] - if (i == 3 &amp;&amp; wildList.indexOf(symbol) != -1): null

2019-08-10 23:55:24 - [TEST_STEP][PASSED] - if (i == 4 &amp;&amp; wildList.indexOf(symbol) != -1): null

2019-08-10 23:55:24 - [TEST_STEP][PASSED] - symbol = symbol: null

2019-08-10 23:55:24 - [TEST_STEP][PASSED] - println(symbol): null

2019-08-10 23:55:24 - [TEST_STEP][PASSED] - if (i == 2 &amp;&amp; wildList.indexOf(symbol) != -1): null

2019-08-10 23:55:24 - [TEST_STEP][PASSED] - if (i == 3 &amp;&amp; wildList.indexOf(symbol) != -1): null

2019-08-10 23:55:24 - [TEST_STEP][PASSED] - if (i == 4 &amp;&amp; wildList.indexOf(symbol) != -1): null

2019-08-10 23:55:24 - [TEST_STEP][PASSED] - symbol = symbol: null

2019-08-10 23:55:24 - [TEST_STEP][PASSED] - println(symbol): null

2019-08-10 23:55:24 - [TEST_STEP][PASSED] - if (i == 2 &amp;&amp; wildList.indexOf(symbol) != -1): null

2019-08-10 23:55:24 - [TEST_STEP][PASSED] - if (i == 3 &amp;&amp; wildList.indexOf(symbol) != -1): null

2019-08-10 23:55:24 - [TEST_STEP][PASSED] - if (i == 4 &amp;&amp; wildList.indexOf(symbol) != -1): null

2019-08-10 23:55:24 - [TEST_STEP][PASSED] - symbols = symbols: null

2019-08-10 23:55:24 - [TEST_STEP][PASSED] - for ([j = 0, j &lt; symbols.size(), (j++)]): null

2019-08-10 23:55:24 - [TEST_STEP][PASSED] - symbol = symbol: null

2019-08-10 23:55:24 - [TEST_STEP][PASSED] - println(symbol): null

2019-08-10 23:55:24 - [TEST_STEP][PASSED] - if (i == 2 &amp;&amp; wildList.indexOf(symbol) != -1): null

2019-08-10 23:55:24 - [TEST_STEP][PASSED] - if (i == 3 &amp;&amp; wildList.indexOf(symbol) != -1): null

2019-08-10 23:55:24 - [TEST_STEP][PASSED] - if (i == 4 &amp;&amp; wildList.indexOf(symbol) != -1): null

2019-08-10 23:55:24 - [TEST_STEP][PASSED] - symbol = symbol: null

2019-08-10 23:55:24 - [TEST_STEP][PASSED] - println(symbol): null

2019-08-10 23:55:24 - [TEST_STEP][PASSED] - if (i == 2 &amp;&amp; wildList.indexOf(symbol) != -1): null

2019-08-10 23:55:24 - [TEST_STEP][PASSED] - if (i == 3 &amp;&amp; wildList.indexOf(symbol) != -1): null

2019-08-10 23:55:24 - [TEST_STEP][PASSED] - if (i == 4 &amp;&amp; wildList.indexOf(symbol) != -1): null

2019-08-10 23:55:24 - [TEST_STEP][PASSED] - symbol = symbol: null

2019-08-10 23:55:24 - [TEST_STEP][PASSED] - println(symbol): null

2019-08-10 23:55:24 - [TEST_STEP][PASSED] - if (i == 2 &amp;&amp; wildList.indexOf(symbol) != -1): null

2019-08-10 23:55:24 - [TEST_STEP][PASSED] - if (i == 3 &amp;&amp; wildList.indexOf(symbol) != -1): null

2019-08-10 23:55:24 - [TEST_STEP][PASSED] - if (i == 4 &amp;&amp; wildList.indexOf(symbol) != -1): null

2019-08-10 23:55:24 - [TEST_STEP][PASSED] - symbols = symbols: null

2019-08-10 23:55:24 - [TEST_STEP][PASSED] - for ([j = 0, j &lt; symbols.size(), (j++)]): null

2019-08-10 23:55:24 - [TEST_STEP][PASSED] - symbol = symbol: null

2019-08-10 23:55:24 - [TEST_STEP][PASSED] - println(symbol): null

2019-08-10 23:55:24 - [TEST_STEP][PASSED] - if (i == 2 &amp;&amp; wildList.indexOf(symbol) != -1): null

2019-08-10 23:55:24 - [TEST_STEP][PASSED] - if (i == 3 &amp;&amp; wildList.indexOf(symbol) != -1): null

2019-08-10 23:55:24 - [TEST_STEP][PASSED] - if (i == 4 &amp;&amp; wildList.indexOf(symbol) != -1): null

2019-08-10 23:55:24 - [TEST_STEP][PASSED] - symbol = symbol: null

2019-08-10 23:55:24 - [TEST_STEP][PASSED] - println(symbol): null

2019-08-10 23:55:24 - [TEST_STEP][PASSED] - if (i == 2 &amp;&amp; wildList.indexOf(symbol) != -1): null

2019-08-10 23:55:24 - [TEST_STEP][PASSED] - if (i == 3 &amp;&amp; wildList.indexOf(symbol) != -1): null

2019-08-10 23:55:24 - [TEST_STEP][PASSED] - if (i == 4 &amp;&amp; wildList.indexOf(symbol) != -1): null

2019-08-10 23:55:24 - [TEST_STEP][PASSED] - symbol = symbol: null

2019-08-10 23:55:24 - [TEST_STEP][PASSED] - println(symbol): null

2019-08-10 23:55:24 - [TEST_STEP][PASSED] - if (i == 2 &amp;&amp; wildList.indexOf(symbol) != -1): null

2019-08-10 23:55:24 - [TEST_STEP][PASSED] - if (i == 3 &amp;&amp; wildList.indexOf(symbol) != -1): null

2019-08-10 23:55:24 - [TEST_STEP][PASSED] - if (i == 4 &amp;&amp; wildList.indexOf(symbol) != -1): null

2019-08-10 23:55:24 - [TEST_STEP][PASSED] - symbols = symbols: null

2019-08-10 23:55:24 - [TEST_STEP][PASSED] - for ([j = 0, j &lt; symbols.size(), (j++)]): null

2019-08-10 23:55:24 - [TEST_STEP][PASSED] - symbol = symbol: null

2019-08-10 23:55:24 - [TEST_STEP][PASSED] - println(symbol): null

2019-08-10 23:55:24 - [TEST_STEP][PASSED] - if (i == 2 &amp;&amp; wildList.indexOf(symbol) != -1): null

2019-08-10 23:55:24 - [TEST_STEP][PASSED] - if (i == 3 &amp;&amp; wildList.indexOf(symbol) != -1): null

2019-08-10 23:55:24 - [TEST_STEP][PASSED] - if (i == 4 &amp;&amp; wildList.indexOf(symbol) != -1): null

2019-08-10 23:55:24 - [TEST_STEP][PASSED] - symbol = symbol: null

2019-08-10 23:55:24 - [TEST_STEP][PASSED] - println(symbol): null

2019-08-10 23:55:24 - [TEST_STEP][PASSED] - if (i == 2 &amp;&amp; wildList.indexOf(symbol) != -1): null

2019-08-10 23:55:24 - [TEST_STEP][PASSED] - if (i == 3 &amp;&amp; wildList.indexOf(symbol) != -1): null

2019-08-10 23:55:24 - [TEST_STEP][PASSED] - if (i == 4 &amp;&amp; wildList.indexOf(symbol) != -1): null

2019-08-10 23:55:24 - [TEST_STEP][PASSED] - symbol = symbol: null

2019-08-10 23:55:24 - [TEST_STEP][PASSED] - println(symbol): null

2019-08-10 23:55:24 - [TEST_STEP][PASSED] - if (i == 2 &amp;&amp; wildList.indexOf(symbol) != -1): null

2019-08-10 23:55:24 - [TEST_STEP][PASSED] - if (i == 3 &amp;&amp; wildList.indexOf(symbol) != -1): null

2019-08-10 23:55:24 - [TEST_STEP][PASSED] - if (i == 4 &amp;&amp; wildList.indexOf(symbol) != -1): null

2019-08-10 23:55:27 - [TEST_STEP][PASSED] - free_spin_reel_counter = free_spin_reel_counter: null

2019-08-10 23:55:27 - [TEST_STEP][PASSED] - println("reel 3 wild found: " + free_spin_reel_counter[0]): null

2019-08-10 23:55:27 - [TEST_STEP][PASSED] - println("reel 4 wild found: " + free_spin_reel_counter[1]): null

2019-08-10 23:55:27 - [TEST_STEP][PASSED] - println("reel 5 wild found: " + free_spin_reel_counter[2]): null

2019-08-10 23:55:27 - [TEST_STEP][PASSED] - M4_spin_reels = M4_spin_reels: null

2019-08-10 23:55:27 - [TEST_STEP][PASSED] - M4_spin_reels_symbols = symbol: null

2019-08-10 23:55:27 - [TEST_STEP][PASSED] - M4_spin_reels_symbols = M4_spin_reels_symbols: null

2019-08-10 23:55:27 - [TEST_STEP][PASSED] - M4_spin_reel_wins = reel_wins: null

2019-08-10 23:55:27 - [TEST_STEP][PASSED] - M4_spin_reel_wins = M4_spin_reel_wins: null

2019-08-10 23:55:27 - [TEST_STEP][PASSED] - println("GlobalVariable.M4_spin_reel_wins is: " + M4_spin_reel_wins): null

2019-08-10 23:55:27 - [TEST_STEP][PASSED] - M4_spin_total_bonus_win_this_round = total_bonus_win_this_round: null

2019-08-10 23:55:27 - [TEST_STEP][PASSED] - M4_spin_total_bonus_win_this_round = M4_spin_total_bonus_win_this_round: null

2019-08-10 23:55:27 - [TEST_STEP][PASSED] - println("GlobalVariable.M4_spin_total_bonus_win_this_round is: " + M4_spin_total_bonus_win_this_round): null

2019-08-10 23:55:27 - [MESSAGE][PASSED] - Verify response successfully

2019-08-10 23:55:27 - [MESSAGE][PASSED] - Send request and verify the response successfully

2019-08-10 23:55:27 - [TEST_STEP][PASSED] - if (M4_total_bonus_spins_int != 0 &amp;&amp; M4_spin_reels_symbols[2].contains("WILD_Double") || M4_spin_reels_symbols[4].contains("WILD_Triple")): null

2019-08-10 23:55:27 - [TEST_STEP][PASSED] - free_spin_reel_counter = free_spin_reel_counter: null

2019-08-10 23:55:27 - [TEST_STEP][PASSED] - M4_spin_reels_symbols = M4_spin_reels_symbols: null

2019-08-10 23:55:27 - [TEST_STEP][PASSED] - M4_total_bonus_spins = M4_total_bonus_spins: null

2019-08-10 23:55:27 - [TEST_STEP][PASSED] - spin_result = sendRequestAndVerify(findTestObject("RGS(M4)/1_M4_spin", ["M4_login_user_id":M4_login_user_id, "rgs_session_token":rgs_session_token, "partner":Partner])): Send request and verify the response successfully

2019-08-10 23:55:27 - [TEST_CASE][PASSED] - Start Test Case : Verification: Verification accomplished successfully

2019-08-10 23:55:27 - [TEST_STEP][PASSED] - request = getInstance().getCurrentRequest(): null

2019-08-10 23:55:27 - [TEST_STEP][PASSED] - response = getInstance().getCurrentResponse(): null

2019-08-10 23:55:27 - [TEST_STEP][PASSED] - verifyResponseStatusCode(response, 200): Verify response status code successfully

2019-08-10 23:55:27 - [MESSAGE][PASSED] - Verify response status code successfully

2019-08-10 23:55:27 - [TEST_STEP][PASSED] - getStatusCode()).isEqualTo(200): null

2019-08-10 23:55:27 - [TEST_STEP][PASSED] - newline = System.getProperty("line.separator"): null

2019-08-10 23:55:27 - [TEST_STEP][PASSED] - M4_spin = new groovy.json.JsonSlurper(): null

2019-08-10 23:55:27 - [TEST_STEP][PASSED] - result_M4_spin = M4_spin.parseText(response.getResponseBodyContent()): null

2019-08-10 23:55:27 - [TEST_STEP][PASSED] - M4_spin_current_balance = current_balance: null

2019-08-10 23:55:27 - [TEST_STEP][PASSED] - M4_spin_current_balance = M4_spin_current_balance: null

2019-08-10 23:55:27 - [TEST_STEP][PASSED] - M4_spin_transaction_id = causality: null

2019-08-10 23:55:27 - [TEST_STEP][PASSED] - M4_spin_transaction_id = M4_spin_transaction_id: null

2019-08-10 23:55:27 - [TEST_STEP][PASSED] - M4_spin_round_id = round_id: null

2019-08-10 23:55:27 - [TEST_STEP][PASSED] - M4_spin_round_id = M4_spin_round_id: null

2019-08-10 23:55:27 - [TEST_STEP][PASSED] - M4_spin_line_wins = line_wins: null

2019-08-10 23:55:27 - [TEST_STEP][PASSED] - M4_spin_line_wins = M4_spin_line_wins: null

2019-08-10 23:55:27 - [TEST_STEP][PASSED] - M4_total_bonus_spins_int = total_bonus_spins: null

2019-08-10 23:55:27 - [TEST_STEP][PASSED] - println("******M4_total_bonus_spins type is:*******" + newline + getClass().getName()): null

2019-08-10 23:55:27 - [TEST_STEP][PASSED] - M4_total_bonus_spins_int = M4_total_bonus_spins_int: null

2019-08-10 23:55:27 - [TEST_STEP][PASSED] - M4_total_bonus_spins = Integer.toString(M4_total_bonus_spins_int): null

2019-08-10 23:55:27 - [TEST_STEP][PASSED] - M4_total_bonus_spins = M4_total_bonus_spins: null

2019-08-10 23:55:27 - [TEST_STEP][PASSED] - println("M4_total_bonus_spins is:" + M4_total_bonus_spins): null

2019-08-10 23:55:27 - [TEST_STEP][PASSED] - M4_spin_bonus_data = bonus_data: null

2019-08-10 23:55:27 - [TEST_STEP][PASSED] - M4_spin_features_triggered = result_M4_spin: null

2019-08-10 23:55:27 - [TEST_STEP][PASSED] - wild = []: null

2019-08-10 23:55:27 - [TEST_STEP][PASSED] - wild[0] = "WILD_Expanding": null

2019-08-10 23:55:27 - [TEST_STEP][PASSED] - wild[1] = "WILD_Normal": null

2019-08-10 23:55:27 - [TEST_STEP][PASSED] - wild[2] = "WILD_Double": null

2019-08-10 23:55:27 - [TEST_STEP][PASSED] - wild[3] = "WILD_ExtraFG": null

2019-08-10 23:55:27 - [TEST_STEP][PASSED] - wild[4] = "WILD_Triple": null

2019-08-10 23:55:27 - [TEST_STEP][PASSED] - wildList = Arrays.asList(wild): null

2019-08-10 23:55:27 - [TEST_STEP][PASSED] - wildList = wildList: null

2019-08-10 23:55:27 - [TEST_STEP][PASSED] - free_spin_reel_counter = []: null

2019-08-10 23:55:27 - [TEST_STEP][PASSED] - free_spin_reel_counter[0] = 0: null

2019-08-10 23:55:27 - [TEST_STEP][PASSED] - free_spin_reel_counter[1] = 0: null

2019-08-10 23:55:27 - [TEST_STEP][PASSED] - free_spin_reel_counter[2] = 0: null

2019-08-10 23:55:27 - [TEST_STEP][PASSED] - M4_spin_reels = reels: null

2019-08-10 23:55:27 - [TEST_STEP][PASSED] - for ([i = 0, i &lt; M4_spin_reels.size(), (i++)]): null

2019-08-10 23:55:27 - [TEST_STEP][PASSED] - symbols = symbols: null

2019-08-10 23:55:27 - [TEST_STEP][PASSED] - for ([j = 0, j &lt; symbols.size(), (j++)]): null

2019-08-10 23:55:27 - [TEST_STEP][PASSED] - symbol = symbol: null

2019-08-10 23:55:27 - [TEST_STEP][PASSED] - println(symbol): null

2019-08-10 23:55:27 - [TEST_STEP][PASSED] - if (i == 2 &amp;&amp; wildList.indexOf(symbol) != -1): null

2019-08-10 23:55:27 - [TEST_STEP][PASSED] - if (i == 3 &amp;&amp; wildList.indexOf(symbol) != -1): null

2019-08-10 23:55:27 - [TEST_STEP][PASSED] - if (i == 4 &amp;&amp; wildList.indexOf(symbol) != -1): null

2019-08-10 23:55:27 - [TEST_STEP][PASSED] - symbol = symbol: null

2019-08-10 23:55:27 - [TEST_STEP][PASSED] - println(symbol): null

2019-08-10 23:55:27 - [TEST_STEP][PASSED] - if (i == 2 &amp;&amp; wildList.indexOf(symbol) != -1): null

2019-08-10 23:55:27 - [TEST_STEP][PASSED] - if (i == 3 &amp;&amp; wildList.indexOf(symbol) != -1): null

2019-08-10 23:55:27 - [TEST_STEP][PASSED] - if (i == 4 &amp;&amp; wildList.indexOf(symbol) != -1): null

2019-08-10 23:55:27 - [TEST_STEP][PASSED] - symbol = symbol: null

2019-08-10 23:55:27 - [TEST_STEP][PASSED] - println(symbol): null

2019-08-10 23:55:27 - [TEST_STEP][PASSED] - if (i == 2 &amp;&amp; wildList.indexOf(symbol) != -1): null

2019-08-10 23:55:27 - [TEST_STEP][PASSED] - if (i == 3 &amp;&amp; wildList.indexOf(symbol) != -1): null

2019-08-10 23:55:27 - [TEST_STEP][PASSED] - if (i == 4 &amp;&amp; wildList.indexOf(symbol) != -1): null

2019-08-10 23:55:27 - [TEST_STEP][PASSED] - symbols = symbols: null

2019-08-10 23:55:27 - [TEST_STEP][PASSED] - for ([j = 0, j &lt; symbols.size(), (j++)]): null

2019-08-10 23:55:27 - [TEST_STEP][PASSED] - symbol = symbol: null

2019-08-10 23:55:27 - [TEST_STEP][PASSED] - println(symbol): null

2019-08-10 23:55:27 - [TEST_STEP][PASSED] - if (i == 2 &amp;&amp; wildList.indexOf(symbol) != -1): null

2019-08-10 23:55:27 - [TEST_STEP][PASSED] - if (i == 3 &amp;&amp; wildList.indexOf(symbol) != -1): null

2019-08-10 23:55:27 - [TEST_STEP][PASSED] - if (i == 4 &amp;&amp; wildList.indexOf(symbol) != -1): null

2019-08-10 23:55:27 - [TEST_STEP][PASSED] - symbol = symbol: null

2019-08-10 23:55:27 - [TEST_STEP][PASSED] - println(symbol): null

2019-08-10 23:55:27 - [TEST_STEP][PASSED] - if (i == 2 &amp;&amp; wildList.indexOf(symbol) != -1): null

2019-08-10 23:55:27 - [TEST_STEP][PASSED] - if (i == 3 &amp;&amp; wildList.indexOf(symbol) != -1): null

2019-08-10 23:55:27 - [TEST_STEP][PASSED] - if (i == 4 &amp;&amp; wildList.indexOf(symbol) != -1): null

2019-08-10 23:55:27 - [TEST_STEP][PASSED] - symbol = symbol: null

2019-08-10 23:55:27 - [TEST_STEP][PASSED] - println(symbol): null

2019-08-10 23:55:27 - [TEST_STEP][PASSED] - if (i == 2 &amp;&amp; wildList.indexOf(symbol) != -1): null

2019-08-10 23:55:27 - [TEST_STEP][PASSED] - if (i == 3 &amp;&amp; wildList.indexOf(symbol) != -1): null

2019-08-10 23:55:27 - [TEST_STEP][PASSED] - if (i == 4 &amp;&amp; wildList.indexOf(symbol) != -1): null

2019-08-10 23:55:27 - [TEST_STEP][PASSED] - symbols = symbols: null

2019-08-10 23:55:27 - [TEST_STEP][PASSED] - for ([j = 0, j &lt; symbols.size(), (j++)]): null

2019-08-10 23:55:27 - [TEST_STEP][PASSED] - symbol = symbol: null

2019-08-10 23:55:27 - [TEST_STEP][PASSED] - println(symbol): null

2019-08-10 23:55:27 - [TEST_STEP][PASSED] - if (i == 2 &amp;&amp; wildList.indexOf(symbol) != -1): null

2019-08-10 23:55:27 - [TEST_STEP][PASSED] - if (i == 3 &amp;&amp; wildList.indexOf(symbol) != -1): null

2019-08-10 23:55:27 - [TEST_STEP][PASSED] - if (i == 4 &amp;&amp; wildList.indexOf(symbol) != -1): null

2019-08-10 23:55:27 - [TEST_STEP][PASSED] - symbol = symbol: null

2019-08-10 23:55:27 - [TEST_STEP][PASSED] - println(symbol): null

2019-08-10 23:55:27 - [TEST_STEP][PASSED] - if (i == 2 &amp;&amp; wildList.indexOf(symbol) != -1): null

2019-08-10 23:55:27 - [TEST_STEP][PASSED] - if (i == 3 &amp;&amp; wildList.indexOf(symbol) != -1): null

2019-08-10 23:55:27 - [TEST_STEP][PASSED] - if (i == 4 &amp;&amp; wildList.indexOf(symbol) != -1): null

2019-08-10 23:55:27 - [TEST_STEP][PASSED] - symbol = symbol: null

2019-08-10 23:55:27 - [TEST_STEP][PASSED] - println(symbol): null

2019-08-10 23:55:27 - [TEST_STEP][PASSED] - if (i == 2 &amp;&amp; wildList.indexOf(symbol) != -1): null

2019-08-10 23:55:27 - [TEST_STEP][PASSED] - if (i == 3 &amp;&amp; wildList.indexOf(symbol) != -1): null

2019-08-10 23:55:27 - [TEST_STEP][PASSED] - if (i == 4 &amp;&amp; wildList.indexOf(symbol) != -1): null

2019-08-10 23:55:27 - [TEST_STEP][PASSED] - symbols = symbols: null

2019-08-10 23:55:27 - [TEST_STEP][PASSED] - for ([j = 0, j &lt; symbols.size(), (j++)]): null

2019-08-10 23:55:27 - [TEST_STEP][PASSED] - symbol = symbol: null

2019-08-10 23:55:27 - [TEST_STEP][PASSED] - println(symbol): null

2019-08-10 23:55:27 - [TEST_STEP][PASSED] - if (i == 2 &amp;&amp; wildList.indexOf(symbol) != -1): null

2019-08-10 23:55:27 - [TEST_STEP][PASSED] - if (i == 3 &amp;&amp; wildList.indexOf(symbol) != -1): null

2019-08-10 23:55:27 - [TEST_STEP][PASSED] - if (i == 4 &amp;&amp; wildList.indexOf(symbol) != -1): null

2019-08-10 23:55:27 - [TEST_STEP][PASSED] - symbol = symbol: null

2019-08-10 23:55:27 - [TEST_STEP][PASSED] - println(symbol): null

2019-08-10 23:55:27 - [TEST_STEP][PASSED] - if (i == 2 &amp;&amp; wildList.indexOf(symbol) != -1): null

2019-08-10 23:55:27 - [TEST_STEP][PASSED] - if (i == 3 &amp;&amp; wildList.indexOf(symbol) != -1): null

2019-08-10 23:55:27 - [TEST_STEP][PASSED] - if (i == 4 &amp;&amp; wildList.indexOf(symbol) != -1): null

2019-08-10 23:55:27 - [TEST_STEP][PASSED] - symbol = symbol: null

2019-08-10 23:55:27 - [TEST_STEP][PASSED] - println(symbol): null

2019-08-10 23:55:27 - [TEST_STEP][PASSED] - if (i == 2 &amp;&amp; wildList.indexOf(symbol) != -1): null

2019-08-10 23:55:27 - [TEST_STEP][PASSED] - if (i == 3 &amp;&amp; wildList.indexOf(symbol) != -1): null

2019-08-10 23:55:27 - [TEST_STEP][PASSED] - if (i == 4 &amp;&amp; wildList.indexOf(symbol) != -1): null

2019-08-10 23:55:27 - [TEST_STEP][PASSED] - symbols = symbols: null

2019-08-10 23:55:27 - [TEST_STEP][PASSED] - for ([j = 0, j &lt; symbols.size(), (j++)]): null

2019-08-10 23:55:27 - [TEST_STEP][PASSED] - symbol = symbol: null

2019-08-10 23:55:27 - [TEST_STEP][PASSED] - println(symbol): null

2019-08-10 23:55:27 - [TEST_STEP][PASSED] - if (i == 2 &amp;&amp; wildList.indexOf(symbol) != -1): null

2019-08-10 23:55:27 - [TEST_STEP][PASSED] - if (i == 3 &amp;&amp; wildList.indexOf(symbol) != -1): null

2019-08-10 23:55:27 - [TEST_STEP][PASSED] - if (i == 4 &amp;&amp; wildList.indexOf(symbol) != -1): null

2019-08-10 23:55:27 - [TEST_STEP][PASSED] - symbol = symbol: null

2019-08-10 23:55:27 - [TEST_STEP][PASSED] - println(symbol): null

2019-08-10 23:55:27 - [TEST_STEP][PASSED] - if (i == 2 &amp;&amp; wildList.indexOf(symbol) != -1): null

2019-08-10 23:55:27 - [TEST_STEP][PASSED] - if (i == 3 &amp;&amp; wildList.indexOf(symbol) != -1): null

2019-08-10 23:55:27 - [TEST_STEP][PASSED] - if (i == 4 &amp;&amp; wildList.indexOf(symbol) != -1): null

2019-08-10 23:55:27 - [TEST_STEP][PASSED] - symbol = symbol: null

2019-08-10 23:55:27 - [TEST_STEP][PASSED] - println(symbol): null

2019-08-10 23:55:27 - [TEST_STEP][PASSED] - if (i == 2 &amp;&amp; wildList.indexOf(symbol) != -1): null

2019-08-10 23:55:27 - [TEST_STEP][PASSED] - if (i == 3 &amp;&amp; wildList.indexOf(symbol) != -1): null

2019-08-10 23:55:27 - [TEST_STEP][PASSED] - if (i == 4 &amp;&amp; wildList.indexOf(symbol) != -1): null

2019-08-10 23:55:27 - [TEST_STEP][PASSED] - free_spin_reel_counter = free_spin_reel_counter: null

2019-08-10 23:55:27 - [TEST_STEP][PASSED] - println("reel 3 wild found: " + free_spin_reel_counter[0]): null

2019-08-10 23:55:27 - [TEST_STEP][PASSED] - println("reel 4 wild found: " + free_spin_reel_counter[1]): null

2019-08-10 23:55:27 - [TEST_STEP][PASSED] - println("reel 5 wild found: " + free_spin_reel_counter[2]): null

2019-08-10 23:55:27 - [TEST_STEP][PASSED] - M4_spin_reels = M4_spin_reels: null

2019-08-10 23:55:27 - [TEST_STEP][PASSED] - M4_spin_reels_symbols = symbol: null

2019-08-10 23:55:27 - [TEST_STEP][PASSED] - M4_spin_reels_symbols = M4_spin_reels_symbols: null

2019-08-10 23:55:27 - [TEST_STEP][PASSED] - M4_spin_reel_wins = reel_wins: null

2019-08-10 23:55:27 - [TEST_STEP][PASSED] - M4_spin_reel_wins = M4_spin_reel_wins: null

2019-08-10 23:55:27 - [TEST_STEP][PASSED] - println("GlobalVariable.M4_spin_reel_wins is: " + M4_spin_reel_wins): null

2019-08-10 23:55:27 - [TEST_STEP][PASSED] - M4_spin_total_bonus_win_this_round = total_bonus_win_this_round: null

2019-08-10 23:55:27 - [TEST_STEP][PASSED] - M4_spin_total_bonus_win_this_round = M4_spin_total_bonus_win_this_round: null

2019-08-10 23:55:27 - [TEST_STEP][PASSED] - println("GlobalVariable.M4_spin_total_bonus_win_this_round is: " + M4_spin_total_bonus_win_this_round): null

2019-08-10 23:55:27 - [MESSAGE][PASSED] - Verify response successfully

2019-08-10 23:55:27 - [MESSAGE][PASSED] - Send request and verify the response successfully

2019-08-10 23:55:27 - [TEST_STEP][PASSED] - if (M4_total_bonus_spins_int != 0 &amp;&amp; M4_spin_reels_symbols[2].contains("WILD_Double") || M4_spin_reels_symbols[4].contains("WILD_Triple")): null

2019-08-10 23:55:27 - [TEST_STEP][PASSED] - free_spin_reel_counter = free_spin_reel_counter: null

2019-08-10 23:55:27 - [TEST_STEP][PASSED] - M4_spin_reels_symbols = M4_spin_reels_symbols: null

2019-08-10 23:55:27 - [TEST_STEP][PASSED] - M4_total_bonus_spins = M4_total_bonus_spins: null

2019-08-10 23:55:27 - [TEST_STEP][PASSED] - spin_result = sendRequestAndVerify(findTestObject("RGS(M4)/1_M4_spin", ["M4_login_user_id":M4_login_user_id, "rgs_session_token":rgs_session_token, "partner":Partner])): Send request and verify the response successfully

2019-08-10 23:55:27 - [TEST_CASE][PASSED] - Start Test Case : Verification: Verification accomplished successfully

2019-08-10 23:55:27 - [TEST_STEP][PASSED] - request = getInstance().getCurrentRequest(): null

2019-08-10 23:55:28 - [TEST_STEP][PASSED] - response = getInstance().getCurrentResponse(): null

2019-08-10 23:55:28 - [TEST_STEP][PASSED] - verifyResponseStatusCode(response, 200): Verify response status code successfully

2019-08-10 23:55:28 - [MESSAGE][PASSED] - Verify response status code successfully

2019-08-10 23:55:28 - [TEST_STEP][PASSED] - getStatusCode()).isEqualTo(200): null

2019-08-10 23:55:28 - [TEST_STEP][PASSED] - newline = System.getProperty("line.separator"): null

2019-08-10 23:55:28 - [TEST_STEP][PASSED] - M4_spin = new groovy.json.JsonSlurper(): null

2019-08-10 23:55:28 - [TEST_STEP][PASSED] - result_M4_spin = M4_spin.parseText(response.getResponseBodyContent()): null

2019-08-10 23:55:28 - [TEST_STEP][PASSED] - M4_spin_current_balance = current_balance: null

2019-08-10 23:55:28 - [TEST_STEP][PASSED] - M4_spin_current_balance = M4_spin_current_balance: null

2019-08-10 23:55:28 - [TEST_STEP][PASSED] - M4_spin_transaction_id = causality: null

2019-08-10 23:55:28 - [TEST_STEP][PASSED] - M4_spin_transaction_id = M4_spin_transaction_id: null

2019-08-10 23:55:28 - [TEST_STEP][PASSED] - M4_spin_round_id = round_id: null

2019-08-10 23:55:28 - [TEST_STEP][PASSED] - M4_spin_round_id = M4_spin_round_id: null

2019-08-10 23:55:28 - [TEST_STEP][PASSED] - M4_spin_line_wins = line_wins: null

2019-08-10 23:55:28 - [TEST_STEP][PASSED] - M4_spin_line_wins = M4_spin_line_wins: null

2019-08-10 23:55:28 - [TEST_STEP][PASSED] - M4_total_bonus_spins_int = total_bonus_spins: null

2019-08-10 23:55:28 - [TEST_STEP][PASSED] - println("******M4_total_bonus_spins type is:*******" + newline + getClass().getName()): null

2019-08-10 23:55:28 - [TEST_STEP][PASSED] - M4_total_bonus_spins_int = M4_total_bonus_spins_int: null

2019-08-10 23:55:28 - [TEST_STEP][PASSED] - M4_total_bonus_spins = Integer.toString(M4_total_bonus_spins_int): null

2019-08-10 23:55:28 - [TEST_STEP][PASSED] - M4_total_bonus_spins = M4_total_bonus_spins: null

2019-08-10 23:55:28 - [TEST_STEP][PASSED] - println("M4_total_bonus_spins is:" + M4_total_bonus_spins): null

2019-08-10 23:55:28 - [TEST_STEP][PASSED] - M4_spin_bonus_data = bonus_data: null

2019-08-10 23:55:28 - [TEST_STEP][PASSED] - M4_spin_features_triggered = result_M4_spin: null

2019-08-10 23:55:28 - [TEST_STEP][PASSED] - wild = []: null

2019-08-10 23:55:28 - [TEST_STEP][PASSED] - wild[0] = "WILD_Expanding": null

2019-08-10 23:55:28 - [TEST_STEP][PASSED] - wild[1] = "WILD_Normal": null

2019-08-10 23:55:28 - [TEST_STEP][PASSED] - wild[2] = "WILD_Double": null

2019-08-10 23:55:28 - [TEST_STEP][PASSED] - wild[3] = "WILD_ExtraFG": null

2019-08-10 23:55:28 - [TEST_STEP][PASSED] - wild[4] = "WILD_Triple": null

2019-08-10 23:55:28 - [TEST_STEP][PASSED] - wildList = Arrays.asList(wild): null

2019-08-10 23:55:28 - [TEST_STEP][PASSED] - wildList = wildList: null

2019-08-10 23:55:28 - [TEST_STEP][PASSED] - free_spin_reel_counter = []: null

2019-08-10 23:55:28 - [TEST_STEP][PASSED] - free_spin_reel_counter[0] = 0: null

2019-08-10 23:55:28 - [TEST_STEP][PASSED] - free_spin_reel_counter[1] = 0: null

2019-08-10 23:55:28 - [TEST_STEP][PASSED] - free_spin_reel_counter[2] = 0: null

2019-08-10 23:55:28 - [TEST_STEP][PASSED] - M4_spin_reels = reels: null

2019-08-10 23:55:28 - [TEST_STEP][PASSED] - for ([i = 0, i &lt; M4_spin_reels.size(), (i++)]): null

2019-08-10 23:55:28 - [TEST_STEP][PASSED] - symbols = symbols: null

2019-08-10 23:55:28 - [TEST_STEP][PASSED] - for ([j = 0, j &lt; symbols.size(), (j++)]): null

2019-08-10 23:55:28 - [TEST_STEP][PASSED] - symbol = symbol: null

2019-08-10 23:55:28 - [TEST_STEP][PASSED] - println(symbol): null

2019-08-10 23:55:28 - [TEST_STEP][PASSED] - if (i == 2 &amp;&amp; wildList.indexOf(symbol) != -1): null

2019-08-10 23:55:28 - [TEST_STEP][PASSED] - if (i == 3 &amp;&amp; wildList.indexOf(symbol) != -1): null

2019-08-10 23:55:28 - [TEST_STEP][PASSED] - if (i == 4 &amp;&amp; wildList.indexOf(symbol) != -1): null

2019-08-10 23:55:28 - [TEST_STEP][PASSED] - symbol = symbol: null

2019-08-10 23:55:28 - [TEST_STEP][PASSED] - println(symbol): null

2019-08-10 23:55:28 - [TEST_STEP][PASSED] - if (i == 2 &amp;&amp; wildList.indexOf(symbol) != -1): null

2019-08-10 23:55:28 - [TEST_STEP][PASSED] - if (i == 3 &amp;&amp; wildList.indexOf(symbol) != -1): null

2019-08-10 23:55:28 - [TEST_STEP][PASSED] - if (i == 4 &amp;&amp; wildList.indexOf(symbol) != -1): null

2019-08-10 23:55:28 - [TEST_STEP][PASSED] - symbol = symbol: null

2019-08-10 23:55:28 - [TEST_STEP][PASSED] - println(symbol): null

2019-08-10 23:55:28 - [TEST_STEP][PASSED] - if (i == 2 &amp;&amp; wildList.indexOf(symbol) != -1): null

2019-08-10 23:55:28 - [TEST_STEP][PASSED] - if (i == 3 &amp;&amp; wildList.indexOf(symbol) != -1): null

2019-08-10 23:55:28 - [TEST_STEP][PASSED] - if (i == 4 &amp;&amp; wildList.indexOf(symbol) != -1): null

2019-08-10 23:55:28 - [TEST_STEP][PASSED] - symbols = symbols: null

2019-08-10 23:55:28 - [TEST_STEP][PASSED] - for ([j = 0, j &lt; symbols.size(), (j++)]): null

2019-08-10 23:55:28 - [TEST_STEP][PASSED] - symbol = symbol: null

2019-08-10 23:55:28 - [TEST_STEP][PASSED] - println(symbol): null

2019-08-10 23:55:28 - [TEST_STEP][PASSED] - if (i == 2 &amp;&amp; wildList.indexOf(symbol) != -1): null

2019-08-10 23:55:28 - [TEST_STEP][PASSED] - if (i == 3 &amp;&amp; wildList.indexOf(symbol) != -1): null

2019-08-10 23:55:28 - [TEST_STEP][PASSED] - if (i == 4 &amp;&amp; wildList.indexOf(symbol) != -1): null

2019-08-10 23:55:28 - [TEST_STEP][PASSED] - symbol = symbol: null

2019-08-10 23:55:28 - [TEST_STEP][PASSED] - println(symbol): null

2019-08-10 23:55:28 - [TEST_STEP][PASSED] - if (i == 2 &amp;&amp; wildList.indexOf(symbol) != -1): null

2019-08-10 23:55:28 - [TEST_STEP][PASSED] - if (i == 3 &amp;&amp; wildList.indexOf(symbol) != -1): null

2019-08-10 23:55:28 - [TEST_STEP][PASSED] - if (i == 4 &amp;&amp; wildList.indexOf(symbol) != -1): null

2019-08-10 23:55:28 - [TEST_STEP][PASSED] - symbol = symbol: null

2019-08-10 23:55:28 - [TEST_STEP][PASSED] - println(symbol): null

2019-08-10 23:55:28 - [TEST_STEP][PASSED] - if (i == 2 &amp;&amp; wildList.indexOf(symbol) != -1): null

2019-08-10 23:55:28 - [TEST_STEP][PASSED] - if (i == 3 &amp;&amp; wildList.indexOf(symbol) != -1): null

2019-08-10 23:55:28 - [TEST_STEP][PASSED] - if (i == 4 &amp;&amp; wildList.indexOf(symbol) != -1): null

2019-08-10 23:55:28 - [TEST_STEP][PASSED] - symbols = symbols: null

2019-08-10 23:55:28 - [TEST_STEP][PASSED] - for ([j = 0, j &lt; symbols.size(), (j++)]): null

2019-08-10 23:55:28 - [TEST_STEP][PASSED] - symbol = symbol: null

2019-08-10 23:55:28 - [TEST_STEP][PASSED] - println(symbol): null

2019-08-10 23:55:28 - [TEST_STEP][PASSED] - if (i == 2 &amp;&amp; wildList.indexOf(symbol) != -1): null

2019-08-10 23:55:28 - [TEST_STEP][PASSED] - if (i == 3 &amp;&amp; wildList.indexOf(symbol) != -1): null

2019-08-10 23:55:28 - [TEST_STEP][PASSED] - if (i == 4 &amp;&amp; wildList.indexOf(symbol) != -1): null

2019-08-10 23:55:28 - [TEST_STEP][PASSED] - symbol = symbol: null

2019-08-10 23:55:28 - [TEST_STEP][PASSED] - println(symbol): null

2019-08-10 23:55:28 - [TEST_STEP][PASSED] - if (i == 2 &amp;&amp; wildList.indexOf(symbol) != -1): null

2019-08-10 23:55:28 - [TEST_STEP][PASSED] - if (i == 3 &amp;&amp; wildList.indexOf(symbol) != -1): null

2019-08-10 23:55:28 - [TEST_STEP][PASSED] - if (i == 4 &amp;&amp; wildList.indexOf(symbol) != -1): null

2019-08-10 23:55:28 - [TEST_STEP][PASSED] - symbol = symbol: null

2019-08-10 23:55:28 - [TEST_STEP][PASSED] - println(symbol): null

2019-08-10 23:55:28 - [TEST_STEP][PASSED] - if (i == 2 &amp;&amp; wildList.indexOf(symbol) != -1): null

2019-08-10 23:55:28 - [TEST_STEP][PASSED] - if (i == 3 &amp;&amp; wildList.indexOf(symbol) != -1): null

2019-08-10 23:55:28 - [TEST_STEP][PASSED] - if (i == 4 &amp;&amp; wildList.indexOf(symbol) != -1): null

2019-08-10 23:55:28 - [TEST_STEP][PASSED] - symbols = symbols: null

2019-08-10 23:55:28 - [TEST_STEP][PASSED] - for ([j = 0, j &lt; symbols.size(), (j++)]): null

2019-08-10 23:55:28 - [TEST_STEP][PASSED] - symbol = symbol: null

2019-08-10 23:55:28 - [TEST_STEP][PASSED] - println(symbol): null

2019-08-10 23:55:28 - [TEST_STEP][PASSED] - if (i == 2 &amp;&amp; wildList.indexOf(symbol) != -1): null

2019-08-10 23:55:28 - [TEST_STEP][PASSED] - if (i == 3 &amp;&amp; wildList.indexOf(symbol) != -1): null

2019-08-10 23:55:28 - [TEST_STEP][PASSED] - println("wild found on reel 4, adding counter by 1"): null

2019-08-10 23:55:28 - [TEST_STEP][PASSED] - free_spin_reel_counter[1] = free_spin_reel_counter[1] + 1: null

2019-08-10 23:55:28 - [TEST_STEP][PASSED] - if (i == 4 &amp;&amp; wildList.indexOf(symbol) != -1): null

2019-08-10 23:55:28 - [TEST_STEP][PASSED] - symbol = symbol: null

2019-08-10 23:55:28 - [TEST_STEP][PASSED] - println(symbol): null

2019-08-10 23:55:28 - [TEST_STEP][PASSED] - if (i == 2 &amp;&amp; wildList.indexOf(symbol) != -1): null

2019-08-10 23:55:28 - [TEST_STEP][PASSED] - if (i == 3 &amp;&amp; wildList.indexOf(symbol) != -1): null

2019-08-10 23:55:28 - [TEST_STEP][PASSED] - if (i == 4 &amp;&amp; wildList.indexOf(symbol) != -1): null

2019-08-10 23:55:28 - [TEST_STEP][PASSED] - symbol = symbol: null

2019-08-10 23:55:28 - [TEST_STEP][PASSED] - println(symbol): null

2019-08-10 23:55:28 - [TEST_STEP][PASSED] - if (i == 2 &amp;&amp; wildList.indexOf(symbol) != -1): null

2019-08-10 23:55:28 - [TEST_STEP][PASSED] - if (i == 3 &amp;&amp; wildList.indexOf(symbol) != -1): null

2019-08-10 23:55:28 - [TEST_STEP][PASSED] - if (i == 4 &amp;&amp; wildList.indexOf(symbol) != -1): null

2019-08-10 23:55:28 - [TEST_STEP][PASSED] - symbols = symbols: null

2019-08-10 23:55:28 - [TEST_STEP][PASSED] - for ([j = 0, j &lt; symbols.size(), (j++)]): null

2019-08-10 23:55:28 - [TEST_STEP][PASSED] - symbol = symbol: null

2019-08-10 23:55:28 - [TEST_STEP][PASSED] - println(symbol): null

2019-08-10 23:55:28 - [TEST_STEP][PASSED] - if (i == 2 &amp;&amp; wildList.indexOf(symbol) != -1): null

2019-08-10 23:55:28 - [TEST_STEP][PASSED] - if (i == 3 &amp;&amp; wildList.indexOf(symbol) != -1): null

2019-08-10 23:55:28 - [TEST_STEP][PASSED] - if (i == 4 &amp;&amp; wildList.indexOf(symbol) != -1): null

2019-08-10 23:55:28 - [TEST_STEP][PASSED] - symbol = symbol: null

2019-08-10 23:55:28 - [TEST_STEP][PASSED] - println(symbol): null

2019-08-10 23:55:28 - [TEST_STEP][PASSED] - if (i == 2 &amp;&amp; wildList.indexOf(symbol) != -1): null

2019-08-10 23:55:28 - [TEST_STEP][PASSED] - if (i == 3 &amp;&amp; wildList.indexOf(symbol) != -1): null

2019-08-10 23:55:28 - [TEST_STEP][PASSED] - if (i == 4 &amp;&amp; wildList.indexOf(symbol) != -1): null

2019-08-10 23:55:28 - [TEST_STEP][PASSED] - symbol = symbol: null

2019-08-10 23:55:28 - [TEST_STEP][PASSED] - println(symbol): null

2019-08-10 23:55:28 - [TEST_STEP][PASSED] - if (i == 2 &amp;&amp; wildList.indexOf(symbol) != -1): null

2019-08-10 23:55:28 - [TEST_STEP][PASSED] - if (i == 3 &amp;&amp; wildList.indexOf(symbol) != -1): null

2019-08-10 23:55:28 - [TEST_STEP][PASSED] - if (i == 4 &amp;&amp; wildList.indexOf(symbol) != -1): null

2019-08-10 23:55:28 - [TEST_STEP][PASSED] - free_spin_reel_counter = free_spin_reel_counter: null

2019-08-10 23:55:28 - [TEST_STEP][PASSED] - println("reel 3 wild found: " + free_spin_reel_counter[0]): null

2019-08-10 23:55:28 - [TEST_STEP][PASSED] - println("reel 4 wild found: " + free_spin_reel_counter[1]): null

2019-08-10 23:55:28 - [TEST_STEP][PASSED] - println("reel 5 wild found: " + free_spin_reel_counter[2]): null

2019-08-10 23:55:28 - [TEST_STEP][PASSED] - M4_spin_reels = M4_spin_reels: null

2019-08-10 23:55:28 - [TEST_STEP][PASSED] - M4_spin_reels_symbols = symbol: null

2019-08-10 23:55:28 - [TEST_STEP][PASSED] - M4_spin_reels_symbols = M4_spin_reels_symbols: null

2019-08-10 23:55:28 - [TEST_STEP][PASSED] - M4_spin_reel_wins = reel_wins: null

2019-08-10 23:55:28 - [TEST_STEP][PASSED] - M4_spin_reel_wins = M4_spin_reel_wins: null

2019-08-10 23:55:28 - [TEST_STEP][PASSED] - println("GlobalVariable.M4_spin_reel_wins is: " + M4_spin_reel_wins): null

2019-08-10 23:55:28 - [TEST_STEP][PASSED] - M4_spin_total_bonus_win_this_round = total_bonus_win_this_round: null

2019-08-10 23:55:28 - [TEST_STEP][PASSED] - M4_spin_total_bonus_win_this_round = M4_spin_total_bonus_win_this_round: null

2019-08-10 23:55:28 - [TEST_STEP][PASSED] - println("GlobalVariable.M4_spin_total_bonus_win_this_round is: " + M4_spin_total_bonus_win_this_round): null

2019-08-10 23:55:28 - [MESSAGE][PASSED] - Verify response successfully

2019-08-10 23:55:28 - [MESSAGE][PASSED] - Send request and verify the response successfully

2019-08-10 23:55:28 - [TEST_STEP][PASSED] - if (M4_total_bonus_spins_int != 0 &amp;&amp; M4_spin_reels_symbols[2].contains("WILD_Double") || M4_spin_reels_symbols[4].contains("WILD_Triple")): null

2019-08-10 23:55:28 - [TEST_STEP][PASSED] - free_spin_reel_counter = free_spin_reel_counter: null

2019-08-10 23:55:28 - [TEST_STEP][PASSED] - M4_spin_reels_symbols = M4_spin_reels_symbols: null

2019-08-10 23:55:28 - [TEST_STEP][PASSED] - M4_total_bonus_spins = M4_total_bonus_spins: null

2019-08-10 23:55:28 - [TEST_STEP][PASSED] - spin_result = sendRequestAndVerify(findTestObject("RGS(M4)/1_M4_spin", ["M4_login_user_id":M4_login_user_id, "rgs_session_token":rgs_session_token, "partner":Partner])): Send request and verify the response successfully

2019-08-10 23:55:28 - [TEST_CASE][PASSED] - Start Test Case : Verification: Verification accomplished successfully

2019-08-10 23:55:28 - [TEST_STEP][PASSED] - request = getInstance().getCurrentRequest(): null

2019-08-10 23:55:28 - [TEST_STEP][PASSED] - response = getInstance().getCurrentResponse(): null

2019-08-10 23:55:28 - [TEST_STEP][PASSED] - verifyResponseStatusCode(response, 200): Verify response status code successfully

2019-08-10 23:55:28 - [MESSAGE][PASSED] - Verify response status code successfully

2019-08-10 23:55:28 - [TEST_STEP][PASSED] - getStatusCode()).isEqualTo(200): null

2019-08-10 23:55:28 - [TEST_STEP][PASSED] - newline = System.getProperty("line.separator"): null

2019-08-10 23:55:28 - [TEST_STEP][PASSED] - M4_spin = new groovy.json.JsonSlurper(): null

2019-08-10 23:55:28 - [TEST_STEP][PASSED] - result_M4_spin = M4_spin.parseText(response.getResponseBodyContent()): null

2019-08-10 23:55:28 - [TEST_STEP][PASSED] - M4_spin_current_balance = current_balance: null

2019-08-10 23:55:28 - [TEST_STEP][PASSED] - M4_spin_current_balance = M4_spin_current_balance: null

2019-08-10 23:55:28 - [TEST_STEP][PASSED] - M4_spin_transaction_id = causality: null

2019-08-10 23:55:28 - [TEST_STEP][PASSED] - M4_spin_transaction_id = M4_spin_transaction_id: null

2019-08-10 23:55:28 - [TEST_STEP][PASSED] - M4_spin_round_id = round_id: null

2019-08-10 23:55:28 - [TEST_STEP][PASSED] - M4_spin_round_id = M4_spin_round_id: null

2019-08-10 23:55:28 - [TEST_STEP][PASSED] - M4_spin_line_wins = line_wins: null

2019-08-10 23:55:28 - [TEST_STEP][PASSED] - M4_spin_line_wins = M4_spin_line_wins: null

2019-08-10 23:55:28 - [TEST_STEP][PASSED] - M4_total_bonus_spins_int = total_bonus_spins: null

2019-08-10 23:55:28 - [TEST_STEP][PASSED] - println("******M4_total_bonus_spins type is:*******" + newline + getClass().getName()): null

2019-08-10 23:55:28 - [TEST_STEP][PASSED] - M4_total_bonus_spins_int = M4_total_bonus_spins_int: null

2019-08-10 23:55:28 - [TEST_STEP][PASSED] - M4_total_bonus_spins = Integer.toString(M4_total_bonus_spins_int): null

2019-08-10 23:55:28 - [TEST_STEP][PASSED] - M4_total_bonus_spins = M4_total_bonus_spins: null

2019-08-10 23:55:28 - [TEST_STEP][PASSED] - println("M4_total_bonus_spins is:" + M4_total_bonus_spins): null

2019-08-10 23:55:28 - [TEST_STEP][PASSED] - M4_spin_bonus_data = bonus_data: null

2019-08-10 23:55:28 - [TEST_STEP][PASSED] - M4_spin_features_triggered = result_M4_spin: null

2019-08-10 23:55:28 - [TEST_STEP][PASSED] - wild = []: null

2019-08-10 23:55:28 - [TEST_STEP][PASSED] - wild[0] = "WILD_Expanding": null

2019-08-10 23:55:28 - [TEST_STEP][PASSED] - wild[1] = "WILD_Normal": null

2019-08-10 23:55:28 - [TEST_STEP][PASSED] - wild[2] = "WILD_Double": null

2019-08-10 23:55:28 - [TEST_STEP][PASSED] - wild[3] = "WILD_ExtraFG": null

2019-08-10 23:55:28 - [TEST_STEP][PASSED] - wild[4] = "WILD_Triple": null

2019-08-10 23:55:28 - [TEST_STEP][PASSED] - wildList = Arrays.asList(wild): null

2019-08-10 23:55:28 - [TEST_STEP][PASSED] - wildList = wildList: null

2019-08-10 23:55:28 - [TEST_STEP][PASSED] - free_spin_reel_counter = []: null

2019-08-10 23:55:28 - [TEST_STEP][PASSED] - free_spin_reel_counter[0] = 0: null

2019-08-10 23:55:28 - [TEST_STEP][PASSED] - free_spin_reel_counter[1] = 0: null

2019-08-10 23:55:28 - [TEST_STEP][PASSED] - free_spin_reel_counter[2] = 0: null

2019-08-10 23:55:28 - [TEST_STEP][PASSED] - M4_spin_reels = reels: null

2019-08-10 23:55:28 - [TEST_STEP][PASSED] - for ([i = 0, i &lt; M4_spin_reels.size(), (i++)]): null

2019-08-10 23:55:28 - [TEST_STEP][PASSED] - symbols = symbols: null

2019-08-10 23:55:28 - [TEST_STEP][PASSED] - for ([j = 0, j &lt; symbols.size(), (j++)]): null

2019-08-10 23:55:28 - [TEST_STEP][PASSED] - symbol = symbol: null

2019-08-10 23:55:28 - [TEST_STEP][PASSED] - println(symbol): null

2019-08-10 23:55:28 - [TEST_STEP][PASSED] - if (i == 2 &amp;&amp; wildList.indexOf(symbol) != -1): null

2019-08-10 23:55:28 - [TEST_STEP][PASSED] - if (i == 3 &amp;&amp; wildList.indexOf(symbol) != -1): null

2019-08-10 23:55:28 - [TEST_STEP][PASSED] - if (i == 4 &amp;&amp; wildList.indexOf(symbol) != -1): null

2019-08-10 23:55:28 - [TEST_STEP][PASSED] - symbol = symbol: null

2019-08-10 23:55:28 - [TEST_STEP][PASSED] - println(symbol): null

2019-08-10 23:55:28 - [TEST_STEP][PASSED] - if (i == 2 &amp;&amp; wildList.indexOf(symbol) != -1): null

2019-08-10 23:55:28 - [TEST_STEP][PASSED] - if (i == 3 &amp;&amp; wildList.indexOf(symbol) != -1): null

2019-08-10 23:55:28 - [TEST_STEP][PASSED] - if (i == 4 &amp;&amp; wildList.indexOf(symbol) != -1): null

2019-08-10 23:55:28 - [TEST_STEP][PASSED] - symbol = symbol: null

2019-08-10 23:55:28 - [TEST_STEP][PASSED] - println(symbol): null

2019-08-10 23:55:28 - [TEST_STEP][PASSED] - if (i == 2 &amp;&amp; wildList.indexOf(symbol) != -1): null

2019-08-10 23:55:28 - [TEST_STEP][PASSED] - if (i == 3 &amp;&amp; wildList.indexOf(symbol) != -1): null

2019-08-10 23:55:28 - [TEST_STEP][PASSED] - if (i == 4 &amp;&amp; wildList.indexOf(symbol) != -1): null

2019-08-10 23:55:28 - [TEST_STEP][PASSED] - symbols = symbols: null

2019-08-10 23:55:28 - [TEST_STEP][PASSED] - for ([j = 0, j &lt; symbols.size(), (j++)]): null

2019-08-10 23:55:28 - [TEST_STEP][PASSED] - symbol = symbol: null

2019-08-10 23:55:28 - [TEST_STEP][PASSED] - println(symbol): null

2019-08-10 23:55:28 - [TEST_STEP][PASSED] - if (i == 2 &amp;&amp; wildList.indexOf(symbol) != -1): null

2019-08-10 23:55:28 - [TEST_STEP][PASSED] - if (i == 3 &amp;&amp; wildList.indexOf(symbol) != -1): null

2019-08-10 23:55:28 - [TEST_STEP][PASSED] - if (i == 4 &amp;&amp; wildList.indexOf(symbol) != -1): null

2019-08-10 23:55:28 - [TEST_STEP][PASSED] - symbol = symbol: null

2019-08-10 23:55:28 - [TEST_STEP][PASSED] - println(symbol): null

2019-08-10 23:55:31 - [TEST_STEP][PASSED] - if (i == 2 &amp;&amp; wildList.indexOf(symbol) != -1): null

2019-08-10 23:55:31 - [TEST_STEP][PASSED] - if (i == 3 &amp;&amp; wildList.indexOf(symbol) != -1): null

2019-08-10 23:55:31 - [TEST_STEP][PASSED] - if (i == 4 &amp;&amp; wildList.indexOf(symbol) != -1): null

2019-08-10 23:55:31 - [TEST_STEP][PASSED] - symbol = symbol: null

2019-08-10 23:55:31 - [TEST_STEP][PASSED] - println(symbol): null

2019-08-10 23:55:31 - [TEST_STEP][PASSED] - if (i == 2 &amp;&amp; wildList.indexOf(symbol) != -1): null

2019-08-10 23:55:31 - [TEST_STEP][PASSED] - if (i == 3 &amp;&amp; wildList.indexOf(symbol) != -1): null

2019-08-10 23:55:31 - [TEST_STEP][PASSED] - if (i == 4 &amp;&amp; wildList.indexOf(symbol) != -1): null

2019-08-10 23:55:31 - [TEST_STEP][PASSED] - symbols = symbols: null

2019-08-10 23:55:31 - [TEST_STEP][PASSED] - for ([j = 0, j &lt; symbols.size(), (j++)]): null

2019-08-10 23:55:31 - [TEST_STEP][PASSED] - symbol = symbol: null

2019-08-10 23:55:31 - [TEST_STEP][PASSED] - println(symbol): null

2019-08-10 23:55:31 - [TEST_STEP][PASSED] - if (i == 2 &amp;&amp; wildList.indexOf(symbol) != -1): null

2019-08-10 23:55:31 - [TEST_STEP][PASSED] - if (i == 3 &amp;&amp; wildList.indexOf(symbol) != -1): null

2019-08-10 23:55:31 - [TEST_STEP][PASSED] - if (i == 4 &amp;&amp; wildList.indexOf(symbol) != -1): null

2019-08-10 23:55:31 - [TEST_STEP][PASSED] - symbol = symbol: null

2019-08-10 23:55:31 - [TEST_STEP][PASSED] - println(symbol): null

2019-08-10 23:55:31 - [TEST_STEP][PASSED] - if (i == 2 &amp;&amp; wildList.indexOf(symbol) != -1): null

2019-08-10 23:55:31 - [TEST_STEP][PASSED] - if (i == 3 &amp;&amp; wildList.indexOf(symbol) != -1): null

2019-08-10 23:55:31 - [TEST_STEP][PASSED] - if (i == 4 &amp;&amp; wildList.indexOf(symbol) != -1): null

2019-08-10 23:55:31 - [TEST_STEP][PASSED] - symbol = symbol: null

2019-08-10 23:55:31 - [TEST_STEP][PASSED] - println(symbol): null

2019-08-10 23:55:31 - [TEST_STEP][PASSED] - if (i == 2 &amp;&amp; wildList.indexOf(symbol) != -1): null

2019-08-10 23:55:31 - [TEST_STEP][PASSED] - if (i == 3 &amp;&amp; wildList.indexOf(symbol) != -1): null

2019-08-10 23:55:31 - [TEST_STEP][PASSED] - if (i == 4 &amp;&amp; wildList.indexOf(symbol) != -1): null

2019-08-10 23:55:31 - [TEST_STEP][PASSED] - symbols = symbols: null

2019-08-10 23:55:31 - [TEST_STEP][PASSED] - for ([j = 0, j &lt; symbols.size(), (j++)]): null

2019-08-10 23:55:31 - [TEST_STEP][PASSED] - symbol = symbol: null

2019-08-10 23:55:31 - [TEST_STEP][PASSED] - println(symbol): null

2019-08-10 23:55:31 - [TEST_STEP][PASSED] - if (i == 2 &amp;&amp; wildList.indexOf(symbol) != -1): null

2019-08-10 23:55:31 - [TEST_STEP][PASSED] - if (i == 3 &amp;&amp; wildList.indexOf(symbol) != -1): null

2019-08-10 23:55:31 - [TEST_STEP][PASSED] - if (i == 4 &amp;&amp; wildList.indexOf(symbol) != -1): null

2019-08-10 23:55:31 - [TEST_STEP][PASSED] - symbol = symbol: null

2019-08-10 23:55:31 - [TEST_STEP][PASSED] - println(symbol): null

2019-08-10 23:55:31 - [TEST_STEP][PASSED] - if (i == 2 &amp;&amp; wildList.indexOf(symbol) != -1): null

2019-08-10 23:55:31 - [TEST_STEP][PASSED] - if (i == 3 &amp;&amp; wildList.indexOf(symbol) != -1): null

2019-08-10 23:55:31 - [TEST_STEP][PASSED] - if (i == 4 &amp;&amp; wildList.indexOf(symbol) != -1): null

2019-08-10 23:55:31 - [TEST_STEP][PASSED] - symbol = symbol: null

2019-08-10 23:55:31 - [TEST_STEP][PASSED] - println(symbol): null

2019-08-10 23:55:31 - [TEST_STEP][PASSED] - if (i == 2 &amp;&amp; wildList.indexOf(symbol) != -1): null

2019-08-10 23:55:31 - [TEST_STEP][PASSED] - if (i == 3 &amp;&amp; wildList.indexOf(symbol) != -1): null

2019-08-10 23:55:31 - [TEST_STEP][PASSED] - println("wild found on reel 4, adding counter by 1"): null

2019-08-10 23:55:31 - [TEST_STEP][PASSED] - free_spin_reel_counter[1] = free_spin_reel_counter[1] + 1: null

2019-08-10 23:55:31 - [TEST_STEP][PASSED] - if (i == 4 &amp;&amp; wildList.indexOf(symbol) != -1): null

2019-08-10 23:55:31 - [TEST_STEP][PASSED] - symbols = symbols: null

2019-08-10 23:55:31 - [TEST_STEP][PASSED] - for ([j = 0, j &lt; symbols.size(), (j++)]): null

2019-08-10 23:55:31 - [TEST_STEP][PASSED] - symbol = symbol: null

2019-08-10 23:55:31 - [TEST_STEP][PASSED] - println(symbol): null

2019-08-10 23:55:31 - [TEST_STEP][PASSED] - if (i == 2 &amp;&amp; wildList.indexOf(symbol) != -1): null

2019-08-10 23:55:31 - [TEST_STEP][PASSED] - if (i == 3 &amp;&amp; wildList.indexOf(symbol) != -1): null

2019-08-10 23:55:31 - [TEST_STEP][PASSED] - if (i == 4 &amp;&amp; wildList.indexOf(symbol) != -1): null

2019-08-10 23:55:31 - [TEST_STEP][PASSED] - symbol = symbol: null

2019-08-10 23:55:31 - [TEST_STEP][PASSED] - println(symbol): null

2019-08-10 23:55:31 - [TEST_STEP][PASSED] - if (i == 2 &amp;&amp; wildList.indexOf(symbol) != -1): null

2019-08-10 23:55:31 - [TEST_STEP][PASSED] - if (i == 3 &amp;&amp; wildList.indexOf(symbol) != -1): null

2019-08-10 23:55:31 - [TEST_STEP][PASSED] - if (i == 4 &amp;&amp; wildList.indexOf(symbol) != -1): null

2019-08-10 23:55:31 - [TEST_STEP][PASSED] - symbol = symbol: null

2019-08-10 23:55:31 - [TEST_STEP][PASSED] - println(symbol): null

2019-08-10 23:55:31 - [TEST_STEP][PASSED] - if (i == 2 &amp;&amp; wildList.indexOf(symbol) != -1): null

2019-08-10 23:55:31 - [TEST_STEP][PASSED] - if (i == 3 &amp;&amp; wildList.indexOf(symbol) != -1): null

2019-08-10 23:55:31 - [TEST_STEP][PASSED] - if (i == 4 &amp;&amp; wildList.indexOf(symbol) != -1): null

2019-08-10 23:55:31 - [TEST_STEP][PASSED] - free_spin_reel_counter = free_spin_reel_counter: null

2019-08-10 23:55:31 - [TEST_STEP][PASSED] - println("reel 3 wild found: " + free_spin_reel_counter[0]): null

2019-08-10 23:55:31 - [TEST_STEP][PASSED] - println("reel 4 wild found: " + free_spin_reel_counter[1]): null

2019-08-10 23:55:31 - [TEST_STEP][PASSED] - println("reel 5 wild found: " + free_spin_reel_counter[2]): null

2019-08-10 23:55:31 - [TEST_STEP][PASSED] - M4_spin_reels = M4_spin_reels: null

2019-08-10 23:55:31 - [TEST_STEP][PASSED] - M4_spin_reels_symbols = symbol: null

2019-08-10 23:55:31 - [TEST_STEP][PASSED] - M4_spin_reels_symbols = M4_spin_reels_symbols: null

2019-08-10 23:55:31 - [TEST_STEP][PASSED] - M4_spin_reel_wins = reel_wins: null

2019-08-10 23:55:31 - [TEST_STEP][PASSED] - M4_spin_reel_wins = M4_spin_reel_wins: null

2019-08-10 23:55:31 - [TEST_STEP][PASSED] - println("GlobalVariable.M4_spin_reel_wins is: " + M4_spin_reel_wins): null

2019-08-10 23:55:31 - [TEST_STEP][PASSED] - M4_spin_total_bonus_win_this_round = total_bonus_win_this_round: null

2019-08-10 23:55:31 - [TEST_STEP][PASSED] - M4_spin_total_bonus_win_this_round = M4_spin_total_bonus_win_this_round: null

2019-08-10 23:55:31 - [TEST_STEP][PASSED] - println("GlobalVariable.M4_spin_total_bonus_win_this_round is: " + M4_spin_total_bonus_win_this_round): null

2019-08-10 23:55:31 - [MESSAGE][PASSED] - Verify response successfully

2019-08-10 23:55:31 - [MESSAGE][PASSED] - Send request and verify the response successfully

2019-08-10 23:55:31 - [TEST_STEP][PASSED] - if (M4_total_bonus_spins_int != 0 &amp;&amp; M4_spin_reels_symbols[2].contains("WILD_Double") || M4_spin_reels_symbols[4].contains("WILD_Triple")): null

2019-08-10 23:55:31 - [TEST_STEP][PASSED] - free_spin_reel_counter = free_spin_reel_counter: null

2019-08-10 23:55:31 - [TEST_STEP][PASSED] - M4_spin_reels_symbols = M4_spin_reels_symbols: null

2019-08-10 23:55:31 - [TEST_STEP][PASSED] - M4_total_bonus_spins = M4_total_bonus_spins: null

2019-08-10 23:55:31 - [TEST_STEP][PASSED] - spin_result = sendRequestAndVerify(findTestObject("RGS(M4)/1_M4_spin", ["M4_login_user_id":M4_login_user_id, "rgs_session_token":rgs_session_token, "partner":Partner])): Send request and verify the response successfully

2019-08-10 23:55:31 - [TEST_CASE][PASSED] - Start Test Case : Verification: Verification accomplished successfully

2019-08-10 23:55:31 - [TEST_STEP][PASSED] - request = getInstance().getCurrentRequest(): null

2019-08-10 23:55:31 - [TEST_STEP][PASSED] - response = getInstance().getCurrentResponse(): null

2019-08-10 23:55:31 - [TEST_STEP][PASSED] - verifyResponseStatusCode(response, 200): Verify response status code successfully

2019-08-10 23:55:31 - [MESSAGE][PASSED] - Verify response status code successfully

2019-08-10 23:55:31 - [TEST_STEP][PASSED] - getStatusCode()).isEqualTo(200): null

2019-08-10 23:55:31 - [TEST_STEP][PASSED] - newline = System.getProperty("line.separator"): null

2019-08-10 23:55:31 - [TEST_STEP][PASSED] - M4_spin = new groovy.json.JsonSlurper(): null

2019-08-10 23:55:31 - [TEST_STEP][PASSED] - result_M4_spin = M4_spin.parseText(response.getResponseBodyContent()): null

2019-08-10 23:55:31 - [TEST_STEP][PASSED] - M4_spin_current_balance = current_balance: null

2019-08-10 23:55:31 - [TEST_STEP][PASSED] - M4_spin_current_balance = M4_spin_current_balance: null

2019-08-10 23:55:31 - [TEST_STEP][PASSED] - M4_spin_transaction_id = causality: null

2019-08-10 23:55:31 - [TEST_STEP][PASSED] - M4_spin_transaction_id = M4_spin_transaction_id: null

2019-08-10 23:55:31 - [TEST_STEP][PASSED] - M4_spin_round_id = round_id: null

2019-08-10 23:55:31 - [TEST_STEP][PASSED] - M4_spin_round_id = M4_spin_round_id: null

2019-08-10 23:55:31 - [TEST_STEP][PASSED] - M4_spin_line_wins = line_wins: null

2019-08-10 23:55:31 - [TEST_STEP][PASSED] - M4_spin_line_wins = M4_spin_line_wins: null

2019-08-10 23:55:31 - [TEST_STEP][PASSED] - M4_total_bonus_spins_int = total_bonus_spins: null

2019-08-10 23:55:31 - [TEST_STEP][PASSED] - println("******M4_total_bonus_spins type is:*******" + newline + getClass().getName()): null

2019-08-10 23:55:31 - [TEST_STEP][PASSED] - M4_total_bonus_spins_int = M4_total_bonus_spins_int: null

2019-08-10 23:55:31 - [TEST_STEP][PASSED] - M4_total_bonus_spins = Integer.toString(M4_total_bonus_spins_int): null

2019-08-10 23:55:31 - [TEST_STEP][PASSED] - M4_total_bonus_spins = M4_total_bonus_spins: null

2019-08-10 23:55:31 - [TEST_STEP][PASSED] - println("M4_total_bonus_spins is:" + M4_total_bonus_spins): null

2019-08-10 23:55:31 - [TEST_STEP][PASSED] - M4_spin_bonus_data = bonus_data: null

2019-08-10 23:55:31 - [TEST_STEP][PASSED] - M4_spin_features_triggered = result_M4_spin: null

2019-08-10 23:55:31 - [TEST_STEP][PASSED] - wild = []: null

2019-08-10 23:55:31 - [TEST_STEP][PASSED] - wild[0] = "WILD_Expanding": null

2019-08-10 23:55:31 - [TEST_STEP][PASSED] - wild[1] = "WILD_Normal": null

2019-08-10 23:55:31 - [TEST_STEP][PASSED] - wild[2] = "WILD_Double": null

2019-08-10 23:55:31 - [TEST_STEP][PASSED] - wild[3] = "WILD_ExtraFG": null

2019-08-10 23:55:31 - [TEST_STEP][PASSED] - wild[4] = "WILD_Triple": null

2019-08-10 23:55:31 - [TEST_STEP][PASSED] - wildList = Arrays.asList(wild): null

2019-08-10 23:55:31 - [TEST_STEP][PASSED] - wildList = wildList: null

2019-08-10 23:55:31 - [TEST_STEP][PASSED] - free_spin_reel_counter = []: null

2019-08-10 23:55:31 - [TEST_STEP][PASSED] - free_spin_reel_counter[0] = 0: null

2019-08-10 23:55:31 - [TEST_STEP][PASSED] - free_spin_reel_counter[1] = 0: null

2019-08-10 23:55:31 - [TEST_STEP][PASSED] - free_spin_reel_counter[2] = 0: null

2019-08-10 23:55:31 - [TEST_STEP][PASSED] - M4_spin_reels = reels: null

2019-08-10 23:55:31 - [TEST_STEP][PASSED] - for ([i = 0, i &lt; M4_spin_reels.size(), (i++)]): null

2019-08-10 23:55:31 - [TEST_STEP][PASSED] - symbols = symbols: null

2019-08-10 23:55:31 - [TEST_STEP][PASSED] - for ([j = 0, j &lt; symbols.size(), (j++)]): null

2019-08-10 23:55:31 - [TEST_STEP][PASSED] - symbol = symbol: null

2019-08-10 23:55:31 - [TEST_STEP][PASSED] - println(symbol): null

2019-08-10 23:55:31 - [TEST_STEP][PASSED] - if (i == 2 &amp;&amp; wildList.indexOf(symbol) != -1): null

2019-08-10 23:55:31 - [TEST_STEP][PASSED] - if (i == 3 &amp;&amp; wildList.indexOf(symbol) != -1): null

2019-08-10 23:55:31 - [TEST_STEP][PASSED] - if (i == 4 &amp;&amp; wildList.indexOf(symbol) != -1): null

2019-08-10 23:55:31 - [TEST_STEP][PASSED] - symbol = symbol: null

2019-08-10 23:55:31 - [TEST_STEP][PASSED] - println(symbol): null

2019-08-10 23:55:31 - [TEST_STEP][PASSED] - if (i == 2 &amp;&amp; wildList.indexOf(symbol) != -1): null

2019-08-10 23:55:31 - [TEST_STEP][PASSED] - if (i == 3 &amp;&amp; wildList.indexOf(symbol) != -1): null

2019-08-10 23:55:31 - [TEST_STEP][PASSED] - if (i == 4 &amp;&amp; wildList.indexOf(symbol) != -1): null

2019-08-10 23:55:31 - [TEST_STEP][PASSED] - symbol = symbol: null

2019-08-10 23:55:31 - [TEST_STEP][PASSED] - println(symbol): null

2019-08-10 23:55:31 - [TEST_STEP][PASSED] - if (i == 2 &amp;&amp; wildList.indexOf(symbol) != -1): null

2019-08-10 23:55:31 - [TEST_STEP][PASSED] - if (i == 3 &amp;&amp; wildList.indexOf(symbol) != -1): null

2019-08-10 23:55:31 - [TEST_STEP][PASSED] - if (i == 4 &amp;&amp; wildList.indexOf(symbol) != -1): null

2019-08-10 23:55:31 - [TEST_STEP][PASSED] - symbols = symbols: null

2019-08-10 23:55:31 - [TEST_STEP][PASSED] - for ([j = 0, j &lt; symbols.size(), (j++)]): null

2019-08-10 23:55:31 - [TEST_STEP][PASSED] - symbol = symbol: null

2019-08-10 23:55:31 - [TEST_STEP][PASSED] - println(symbol): null

2019-08-10 23:55:31 - [TEST_STEP][PASSED] - if (i == 2 &amp;&amp; wildList.indexOf(symbol) != -1): null

2019-08-10 23:55:31 - [TEST_STEP][PASSED] - if (i == 3 &amp;&amp; wildList.indexOf(symbol) != -1): null

2019-08-10 23:55:31 - [TEST_STEP][PASSED] - if (i == 4 &amp;&amp; wildList.indexOf(symbol) != -1): null

2019-08-10 23:55:31 - [TEST_STEP][PASSED] - symbol = symbol: null

2019-08-10 23:55:31 - [TEST_STEP][PASSED] - println(symbol): null

2019-08-10 23:55:31 - [TEST_STEP][PASSED] - if (i == 2 &amp;&amp; wildList.indexOf(symbol) != -1): null

2019-08-10 23:55:31 - [TEST_STEP][PASSED] - if (i == 3 &amp;&amp; wildList.indexOf(symbol) != -1): null

2019-08-10 23:55:31 - [TEST_STEP][PASSED] - if (i == 4 &amp;&amp; wildList.indexOf(symbol) != -1): null

2019-08-10 23:55:31 - [TEST_STEP][PASSED] - symbol = symbol: null

2019-08-10 23:55:31 - [TEST_STEP][PASSED] - println(symbol): null

2019-08-10 23:55:31 - [TEST_STEP][PASSED] - if (i == 2 &amp;&amp; wildList.indexOf(symbol) != -1): null

2019-08-10 23:55:31 - [TEST_STEP][PASSED] - if (i == 3 &amp;&amp; wildList.indexOf(symbol) != -1): null

2019-08-10 23:55:31 - [TEST_STEP][PASSED] - if (i == 4 &amp;&amp; wildList.indexOf(symbol) != -1): null

2019-08-10 23:55:31 - [TEST_STEP][PASSED] - symbols = symbols: null

2019-08-10 23:55:31 - [TEST_STEP][PASSED] - for ([j = 0, j &lt; symbols.size(), (j++)]): null

2019-08-10 23:55:31 - [TEST_STEP][PASSED] - symbol = symbol: null

2019-08-10 23:55:31 - [TEST_STEP][PASSED] - println(symbol): null

2019-08-10 23:55:31 - [TEST_STEP][PASSED] - if (i == 2 &amp;&amp; wildList.indexOf(symbol) != -1): null

2019-08-10 23:55:31 - [TEST_STEP][PASSED] - if (i == 3 &amp;&amp; wildList.indexOf(symbol) != -1): null

2019-08-10 23:55:31 - [TEST_STEP][PASSED] - if (i == 4 &amp;&amp; wildList.indexOf(symbol) != -1): null

2019-08-10 23:55:31 - [TEST_STEP][PASSED] - symbol = symbol: null

2019-08-10 23:55:31 - [TEST_STEP][PASSED] - println(symbol): null

2019-08-10 23:55:31 - [TEST_STEP][PASSED] - if (i == 2 &amp;&amp; wildList.indexOf(symbol) != -1): null

2019-08-10 23:55:31 - [TEST_STEP][PASSED] - if (i == 3 &amp;&amp; wildList.indexOf(symbol) != -1): null

2019-08-10 23:55:31 - [TEST_STEP][PASSED] - if (i == 4 &amp;&amp; wildList.indexOf(symbol) != -1): null

2019-08-10 23:55:31 - [TEST_STEP][PASSED] - symbol = symbol: null

2019-08-10 23:55:31 - [TEST_STEP][PASSED] - println(symbol): null

2019-08-10 23:55:31 - [TEST_STEP][PASSED] - if (i == 2 &amp;&amp; wildList.indexOf(symbol) != -1): null

2019-08-10 23:55:31 - [TEST_STEP][PASSED] - if (i == 3 &amp;&amp; wildList.indexOf(symbol) != -1): null

2019-08-10 23:55:31 - [TEST_STEP][PASSED] - if (i == 4 &amp;&amp; wildList.indexOf(symbol) != -1): null

2019-08-10 23:55:31 - [TEST_STEP][PASSED] - symbols = symbols: null

2019-08-10 23:55:31 - [TEST_STEP][PASSED] - for ([j = 0, j &lt; symbols.size(), (j++)]): null

2019-08-10 23:55:31 - [TEST_STEP][PASSED] - symbol = symbol: null

2019-08-10 23:55:31 - [TEST_STEP][PASSED] - println(symbol): null

2019-08-10 23:55:31 - [TEST_STEP][PASSED] - if (i == 2 &amp;&amp; wildList.indexOf(symbol) != -1): null

2019-08-10 23:55:31 - [TEST_STEP][PASSED] - if (i == 3 &amp;&amp; wildList.indexOf(symbol) != -1): null

2019-08-10 23:55:31 - [TEST_STEP][PASSED] - if (i == 4 &amp;&amp; wildList.indexOf(symbol) != -1): null

2019-08-10 23:55:31 - [TEST_STEP][PASSED] - symbol = symbol: null

2019-08-10 23:55:31 - [TEST_STEP][PASSED] - println(symbol): null

2019-08-10 23:55:31 - [TEST_STEP][PASSED] - if (i == 2 &amp;&amp; wildList.indexOf(symbol) != -1): null

2019-08-10 23:55:31 - [TEST_STEP][PASSED] - if (i == 3 &amp;&amp; wildList.indexOf(symbol) != -1): null

2019-08-10 23:55:31 - [TEST_STEP][PASSED] - if (i == 4 &amp;&amp; wildList.indexOf(symbol) != -1): null

2019-08-10 23:55:31 - [TEST_STEP][PASSED] - symbol = symbol: null

2019-08-10 23:55:31 - [TEST_STEP][PASSED] - println(symbol): null

2019-08-10 23:55:31 - [TEST_STEP][PASSED] - if (i == 2 &amp;&amp; wildList.indexOf(symbol) != -1): null

2019-08-10 23:55:31 - [TEST_STEP][PASSED] - if (i == 3 &amp;&amp; wildList.indexOf(symbol) != -1): null

2019-08-10 23:55:31 - [TEST_STEP][PASSED] - if (i == 4 &amp;&amp; wildList.indexOf(symbol) != -1): null

2019-08-10 23:55:31 - [TEST_STEP][PASSED] - symbols = symbols: null

2019-08-10 23:55:31 - [TEST_STEP][PASSED] - for ([j = 0, j &lt; symbols.size(), (j++)]): null

2019-08-10 23:55:31 - [TEST_STEP][PASSED] - symbol = symbol: null

2019-08-10 23:55:31 - [TEST_STEP][PASSED] - println(symbol): null

2019-08-10 23:55:31 - [TEST_STEP][PASSED] - if (i == 2 &amp;&amp; wildList.indexOf(symbol) != -1): null

2019-08-10 23:55:31 - [TEST_STEP][PASSED] - if (i == 3 &amp;&amp; wildList.indexOf(symbol) != -1): null

2019-08-10 23:55:31 - [TEST_STEP][PASSED] - if (i == 4 &amp;&amp; wildList.indexOf(symbol) != -1): null

2019-08-10 23:55:31 - [TEST_STEP][PASSED] - symbol = symbol: null

2019-08-10 23:55:31 - [TEST_STEP][PASSED] - println(symbol): null

2019-08-10 23:55:31 - [TEST_STEP][PASSED] - if (i == 2 &amp;&amp; wildList.indexOf(symbol) != -1): null

2019-08-10 23:55:31 - [TEST_STEP][PASSED] - if (i == 3 &amp;&amp; wildList.indexOf(symbol) != -1): null

2019-08-10 23:55:31 - [TEST_STEP][PASSED] - if (i == 4 &amp;&amp; wildList.indexOf(symbol) != -1): null

2019-08-10 23:55:31 - [TEST_STEP][PASSED] - symbol = symbol: null

2019-08-10 23:55:31 - [TEST_STEP][PASSED] - println(symbol): null

2019-08-10 23:55:31 - [TEST_STEP][PASSED] - if (i == 2 &amp;&amp; wildList.indexOf(symbol) != -1): null

2019-08-10 23:55:31 - [TEST_STEP][PASSED] - if (i == 3 &amp;&amp; wildList.indexOf(symbol) != -1): null

2019-08-10 23:55:31 - [TEST_STEP][PASSED] - if (i == 4 &amp;&amp; wildList.indexOf(symbol) != -1): null

2019-08-10 23:55:31 - [TEST_STEP][PASSED] - free_spin_reel_counter = free_spin_reel_counter: null

2019-08-10 23:55:31 - [TEST_STEP][PASSED] - println("reel 3 wild found: " + free_spin_reel_counter[0]): null

2019-08-10 23:55:31 - [TEST_STEP][PASSED] - println("reel 4 wild found: " + free_spin_reel_counter[1]): null

2019-08-10 23:55:31 - [TEST_STEP][PASSED] - println("reel 5 wild found: " + free_spin_reel_counter[2]): null

2019-08-10 23:55:31 - [TEST_STEP][PASSED] - M4_spin_reels = M4_spin_reels: null

2019-08-10 23:55:31 - [TEST_STEP][PASSED] - M4_spin_reels_symbols = symbol: null

2019-08-10 23:55:31 - [TEST_STEP][PASSED] - M4_spin_reels_symbols = M4_spin_reels_symbols: null

2019-08-10 23:55:31 - [TEST_STEP][PASSED] - M4_spin_reel_wins = reel_wins: null

2019-08-10 23:55:31 - [TEST_STEP][PASSED] - M4_spin_reel_wins = M4_spin_reel_wins: null

2019-08-10 23:55:31 - [TEST_STEP][PASSED] - println("GlobalVariable.M4_spin_reel_wins is: " + M4_spin_reel_wins): null

2019-08-10 23:55:31 - [TEST_STEP][PASSED] - M4_spin_total_bonus_win_this_round = total_bonus_win_this_round: null

2019-08-10 23:55:31 - [TEST_STEP][PASSED] - M4_spin_total_bonus_win_this_round = M4_spin_total_bonus_win_this_round: null

2019-08-10 23:55:31 - [TEST_STEP][PASSED] - println("GlobalVariable.M4_spin_total_bonus_win_this_round is: " + M4_spin_total_bonus_win_this_round): null

2019-08-10 23:55:31 - [MESSAGE][PASSED] - Verify response successfully

2019-08-10 23:55:31 - [MESSAGE][PASSED] - Send request and verify the response successfully

2019-08-10 23:55:31 - [TEST_STEP][PASSED] - if (M4_total_bonus_spins_int != 0 &amp;&amp; M4_spin_reels_symbols[2].contains("WILD_Double") || M4_spin_reels_symbols[4].contains("WILD_Triple")): null

2019-08-10 23:55:31 - [TEST_STEP][PASSED] - free_spin_reel_counter = free_spin_reel_counter: null

2019-08-10 23:55:31 - [TEST_STEP][PASSED] - M4_spin_reels_symbols = M4_spin_reels_symbols: null

2019-08-10 23:55:31 - [TEST_STEP][PASSED] - M4_total_bonus_spins = M4_total_bonus_spins: null

2019-08-10 23:55:31 - [TEST_STEP][PASSED] - spin_result = sendRequestAndVerify(findTestObject("RGS(M4)/1_M4_spin", ["M4_login_user_id":M4_login_user_id, "rgs_session_token":rgs_session_token, "partner":Partner])): Send request and verify the response successfully

2019-08-10 23:55:32 - [TEST_CASE][PASSED] - Start Test Case : Verification: Verification accomplished successfully

2019-08-10 23:55:32 - [TEST_STEP][PASSED] - request = getInstance().getCurrentRequest(): null

2019-08-10 23:55:32 - [TEST_STEP][PASSED] - response = getInstance().getCurrentResponse(): null

2019-08-10 23:55:32 - [TEST_STEP][PASSED] - verifyResponseStatusCode(response, 200): Verify response status code successfully

2019-08-10 23:55:32 - [MESSAGE][PASSED] - Verify response status code successfully

2019-08-10 23:55:32 - [TEST_STEP][PASSED] - getStatusCode()).isEqualTo(200): null

2019-08-10 23:55:32 - [TEST_STEP][PASSED] - newline = System.getProperty("line.separator"): null

2019-08-10 23:55:32 - [TEST_STEP][PASSED] - M4_spin = new groovy.json.JsonSlurper(): null

2019-08-10 23:55:32 - [TEST_STEP][PASSED] - result_M4_spin = M4_spin.parseText(response.getResponseBodyContent()): null

2019-08-10 23:55:32 - [TEST_STEP][PASSED] - M4_spin_current_balance = current_balance: null

2019-08-10 23:55:32 - [TEST_STEP][PASSED] - M4_spin_current_balance = M4_spin_current_balance: null

2019-08-10 23:55:32 - [TEST_STEP][PASSED] - M4_spin_transaction_id = causality: null

2019-08-10 23:55:32 - [TEST_STEP][PASSED] - M4_spin_transaction_id = M4_spin_transaction_id: null

2019-08-10 23:55:32 - [TEST_STEP][PASSED] - M4_spin_round_id = round_id: null

2019-08-10 23:55:32 - [TEST_STEP][PASSED] - M4_spin_round_id = M4_spin_round_id: null

2019-08-10 23:55:32 - [TEST_STEP][PASSED] - M4_spin_line_wins = line_wins: null

2019-08-10 23:55:32 - [TEST_STEP][PASSED] - M4_spin_line_wins = M4_spin_line_wins: null

2019-08-10 23:55:32 - [TEST_STEP][PASSED] - M4_total_bonus_spins_int = total_bonus_spins: null

2019-08-10 23:55:32 - [TEST_STEP][PASSED] - println("******M4_total_bonus_spins type is:*******" + newline + getClass().getName()): null

2019-08-10 23:55:32 - [TEST_STEP][PASSED] - M4_total_bonus_spins_int = M4_total_bonus_spins_int: null

2019-08-10 23:55:32 - [TEST_STEP][PASSED] - M4_total_bonus_spins = Integer.toString(M4_total_bonus_spins_int): null

2019-08-10 23:55:32 - [TEST_STEP][PASSED] - M4_total_bonus_spins = M4_total_bonus_spins: null

2019-08-10 23:55:32 - [TEST_STEP][PASSED] - println("M4_total_bonus_spins is:" + M4_total_bonus_spins): null

2019-08-10 23:55:32 - [TEST_STEP][PASSED] - M4_spin_bonus_data = bonus_data: null

2019-08-10 23:55:32 - [TEST_STEP][PASSED] - M4_spin_features_triggered = result_M4_spin: null

2019-08-10 23:55:32 - [TEST_STEP][PASSED] - wild = []: null

2019-08-10 23:55:32 - [TEST_STEP][PASSED] - wild[0] = "WILD_Expanding": null

2019-08-10 23:55:32 - [TEST_STEP][PASSED] - wild[1] = "WILD_Normal": null

2019-08-10 23:55:32 - [TEST_STEP][PASSED] - wild[2] = "WILD_Double": null

2019-08-10 23:55:32 - [TEST_STEP][PASSED] - wild[3] = "WILD_ExtraFG": null

2019-08-10 23:55:32 - [TEST_STEP][PASSED] - wild[4] = "WILD_Triple": null

2019-08-10 23:55:32 - [TEST_STEP][PASSED] - wildList = Arrays.asList(wild): null

2019-08-10 23:55:32 - [TEST_STEP][PASSED] - wildList = wildList: null

2019-08-10 23:55:32 - [TEST_STEP][PASSED] - free_spin_reel_counter = []: null

2019-08-10 23:55:32 - [TEST_STEP][PASSED] - free_spin_reel_counter[0] = 0: null

2019-08-10 23:55:32 - [TEST_STEP][PASSED] - free_spin_reel_counter[1] = 0: null

2019-08-10 23:55:32 - [TEST_STEP][PASSED] - free_spin_reel_counter[2] = 0: null

2019-08-10 23:55:32 - [TEST_STEP][PASSED] - M4_spin_reels = reels: null

2019-08-10 23:55:32 - [TEST_STEP][PASSED] - for ([i = 0, i &lt; M4_spin_reels.size(), (i++)]): null

2019-08-10 23:55:32 - [TEST_STEP][PASSED] - symbols = symbols: null

2019-08-10 23:55:32 - [TEST_STEP][PASSED] - for ([j = 0, j &lt; symbols.size(), (j++)]): null

2019-08-10 23:55:32 - [TEST_STEP][PASSED] - symbol = symbol: null

2019-08-10 23:55:32 - [TEST_STEP][PASSED] - println(symbol): null

2019-08-10 23:55:32 - [TEST_STEP][PASSED] - if (i == 2 &amp;&amp; wildList.indexOf(symbol) != -1): null

2019-08-10 23:55:32 - [TEST_STEP][PASSED] - if (i == 3 &amp;&amp; wildList.indexOf(symbol) != -1): null

2019-08-10 23:55:32 - [TEST_STEP][PASSED] - if (i == 4 &amp;&amp; wildList.indexOf(symbol) != -1): null

2019-08-10 23:55:32 - [TEST_STEP][PASSED] - symbol = symbol: null

2019-08-10 23:55:32 - [TEST_STEP][PASSED] - println(symbol): null

2019-08-10 23:55:32 - [TEST_STEP][PASSED] - if (i == 2 &amp;&amp; wildList.indexOf(symbol) != -1): null

2019-08-10 23:55:32 - [TEST_STEP][PASSED] - if (i == 3 &amp;&amp; wildList.indexOf(symbol) != -1): null

2019-08-10 23:55:32 - [TEST_STEP][PASSED] - if (i == 4 &amp;&amp; wildList.indexOf(symbol) != -1): null

2019-08-10 23:55:32 - [TEST_STEP][PASSED] - symbol = symbol: null

2019-08-10 23:55:32 - [TEST_STEP][PASSED] - println(symbol): null

2019-08-10 23:55:32 - [TEST_STEP][PASSED] - if (i == 2 &amp;&amp; wildList.indexOf(symbol) != -1): null

2019-08-10 23:55:32 - [TEST_STEP][PASSED] - if (i == 3 &amp;&amp; wildList.indexOf(symbol) != -1): null

2019-08-10 23:55:32 - [TEST_STEP][PASSED] - if (i == 4 &amp;&amp; wildList.indexOf(symbol) != -1): null

2019-08-10 23:55:32 - [TEST_STEP][PASSED] - symbols = symbols: null

2019-08-10 23:55:32 - [TEST_STEP][PASSED] - for ([j = 0, j &lt; symbols.size(), (j++)]): null

2019-08-10 23:55:32 - [TEST_STEP][PASSED] - symbol = symbol: null

2019-08-10 23:55:32 - [TEST_STEP][PASSED] - println(symbol): null

2019-08-10 23:55:32 - [TEST_STEP][PASSED] - if (i == 2 &amp;&amp; wildList.indexOf(symbol) != -1): null

2019-08-10 23:55:32 - [TEST_STEP][PASSED] - if (i == 3 &amp;&amp; wildList.indexOf(symbol) != -1): null

2019-08-10 23:55:32 - [TEST_STEP][PASSED] - if (i == 4 &amp;&amp; wildList.indexOf(symbol) != -1): null

2019-08-10 23:55:32 - [TEST_STEP][PASSED] - symbol = symbol: null

2019-08-10 23:55:32 - [TEST_STEP][PASSED] - println(symbol): null

2019-08-10 23:55:32 - [TEST_STEP][PASSED] - if (i == 2 &amp;&amp; wildList.indexOf(symbol) != -1): null

2019-08-10 23:55:32 - [TEST_STEP][PASSED] - if (i == 3 &amp;&amp; wildList.indexOf(symbol) != -1): null

2019-08-10 23:55:32 - [TEST_STEP][PASSED] - if (i == 4 &amp;&amp; wildList.indexOf(symbol) != -1): null

2019-08-10 23:55:32 - [TEST_STEP][PASSED] - symbol = symbol: null

2019-08-10 23:55:32 - [TEST_STEP][PASSED] - println(symbol): null

2019-08-10 23:55:32 - [TEST_STEP][PASSED] - if (i == 2 &amp;&amp; wildList.indexOf(symbol) != -1): null

2019-08-10 23:55:32 - [TEST_STEP][PASSED] - if (i == 3 &amp;&amp; wildList.indexOf(symbol) != -1): null

2019-08-10 23:55:32 - [TEST_STEP][PASSED] - if (i == 4 &amp;&amp; wildList.indexOf(symbol) != -1): null

2019-08-10 23:55:32 - [TEST_STEP][PASSED] - symbols = symbols: null

2019-08-10 23:55:32 - [TEST_STEP][PASSED] - for ([j = 0, j &lt; symbols.size(), (j++)]): null

2019-08-10 23:55:32 - [TEST_STEP][PASSED] - symbol = symbol: null

2019-08-10 23:55:32 - [TEST_STEP][PASSED] - println(symbol): null

2019-08-10 23:55:32 - [TEST_STEP][PASSED] - if (i == 2 &amp;&amp; wildList.indexOf(symbol) != -1): null

2019-08-10 23:55:32 - [TEST_STEP][PASSED] - if (i == 3 &amp;&amp; wildList.indexOf(symbol) != -1): null

2019-08-10 23:55:32 - [TEST_STEP][PASSED] - if (i == 4 &amp;&amp; wildList.indexOf(symbol) != -1): null

2019-08-10 23:55:32 - [TEST_STEP][PASSED] - symbol = symbol: null

2019-08-10 23:55:32 - [TEST_STEP][PASSED] - println(symbol): null

2019-08-10 23:55:32 - [TEST_STEP][PASSED] - if (i == 2 &amp;&amp; wildList.indexOf(symbol) != -1): null

2019-08-10 23:55:32 - [TEST_STEP][PASSED] - if (i == 3 &amp;&amp; wildList.indexOf(symbol) != -1): null

2019-08-10 23:55:32 - [TEST_STEP][PASSED] - if (i == 4 &amp;&amp; wildList.indexOf(symbol) != -1): null

2019-08-10 23:55:32 - [TEST_STEP][PASSED] - symbol = symbol: null

2019-08-10 23:55:32 - [TEST_STEP][PASSED] - println(symbol): null

2019-08-10 23:55:32 - [TEST_STEP][PASSED] - if (i == 2 &amp;&amp; wildList.indexOf(symbol) != -1): null

2019-08-10 23:55:32 - [TEST_STEP][PASSED] - if (i == 3 &amp;&amp; wildList.indexOf(symbol) != -1): null

2019-08-10 23:55:32 - [TEST_STEP][PASSED] - if (i == 4 &amp;&amp; wildList.indexOf(symbol) != -1): null

2019-08-10 23:55:32 - [TEST_STEP][PASSED] - symbols = symbols: null

2019-08-10 23:55:32 - [TEST_STEP][PASSED] - for ([j = 0, j &lt; symbols.size(), (j++)]): null

2019-08-10 23:55:32 - [TEST_STEP][PASSED] - symbol = symbol: null

2019-08-10 23:55:32 - [TEST_STEP][PASSED] - println(symbol): null

2019-08-10 23:55:32 - [TEST_STEP][PASSED] - if (i == 2 &amp;&amp; wildList.indexOf(symbol) != -1): null

2019-08-10 23:55:32 - [TEST_STEP][PASSED] - if (i == 3 &amp;&amp; wildList.indexOf(symbol) != -1): null

2019-08-10 23:55:32 - [TEST_STEP][PASSED] - if (i == 4 &amp;&amp; wildList.indexOf(symbol) != -1): null

2019-08-10 23:55:32 - [TEST_STEP][PASSED] - symbol = symbol: null

2019-08-10 23:55:32 - [TEST_STEP][PASSED] - println(symbol): null

2019-08-10 23:55:32 - [TEST_STEP][PASSED] - if (i == 2 &amp;&amp; wildList.indexOf(symbol) != -1): null

2019-08-10 23:55:32 - [TEST_STEP][PASSED] - if (i == 3 &amp;&amp; wildList.indexOf(symbol) != -1): null

2019-08-10 23:55:32 - [TEST_STEP][PASSED] - if (i == 4 &amp;&amp; wildList.indexOf(symbol) != -1): null

2019-08-10 23:55:32 - [TEST_STEP][PASSED] - symbol = symbol: null

2019-08-10 23:55:32 - [TEST_STEP][PASSED] - println(symbol): null

2019-08-10 23:55:32 - [TEST_STEP][PASSED] - if (i == 2 &amp;&amp; wildList.indexOf(symbol) != -1): null

2019-08-10 23:55:32 - [TEST_STEP][PASSED] - if (i == 3 &amp;&amp; wildList.indexOf(symbol) != -1): null

2019-08-10 23:55:32 - [TEST_STEP][PASSED] - if (i == 4 &amp;&amp; wildList.indexOf(symbol) != -1): null

2019-08-10 23:55:32 - [TEST_STEP][PASSED] - symbols = symbols: null

2019-08-10 23:55:32 - [TEST_STEP][PASSED] - for ([j = 0, j &lt; symbols.size(), (j++)]): null

2019-08-10 23:55:32 - [TEST_STEP][PASSED] - symbol = symbol: null

2019-08-10 23:55:32 - [TEST_STEP][PASSED] - println(symbol): null

2019-08-10 23:55:32 - [TEST_STEP][PASSED] - if (i == 2 &amp;&amp; wildList.indexOf(symbol) != -1): null

2019-08-10 23:55:32 - [TEST_STEP][PASSED] - if (i == 3 &amp;&amp; wildList.indexOf(symbol) != -1): null

2019-08-10 23:55:32 - [TEST_STEP][PASSED] - if (i == 4 &amp;&amp; wildList.indexOf(symbol) != -1): null

2019-08-10 23:55:32 - [TEST_STEP][PASSED] - symbol = symbol: null

2019-08-10 23:55:32 - [TEST_STEP][PASSED] - println(symbol): null

2019-08-10 23:55:32 - [TEST_STEP][PASSED] - if (i == 2 &amp;&amp; wildList.indexOf(symbol) != -1): null

2019-08-10 23:55:32 - [TEST_STEP][PASSED] - if (i == 3 &amp;&amp; wildList.indexOf(symbol) != -1): null

2019-08-10 23:55:32 - [TEST_STEP][PASSED] - if (i == 4 &amp;&amp; wildList.indexOf(symbol) != -1): null

2019-08-10 23:55:32 - [TEST_STEP][PASSED] - symbol = symbol: null

2019-08-10 23:55:32 - [TEST_STEP][PASSED] - println(symbol): null

2019-08-10 23:55:32 - [TEST_STEP][PASSED] - if (i == 2 &amp;&amp; wildList.indexOf(symbol) != -1): null

2019-08-10 23:55:32 - [TEST_STEP][PASSED] - if (i == 3 &amp;&amp; wildList.indexOf(symbol) != -1): null

2019-08-10 23:55:32 - [TEST_STEP][PASSED] - if (i == 4 &amp;&amp; wildList.indexOf(symbol) != -1): null

2019-08-10 23:55:32 - [TEST_STEP][PASSED] - free_spin_reel_counter = free_spin_reel_counter: null

2019-08-10 23:55:32 - [TEST_STEP][PASSED] - println("reel 3 wild found: " + free_spin_reel_counter[0]): null

2019-08-10 23:55:32 - [TEST_STEP][PASSED] - println("reel 4 wild found: " + free_spin_reel_counter[1]): null

2019-08-10 23:55:32 - [TEST_STEP][PASSED] - println("reel 5 wild found: " + free_spin_reel_counter[2]): null

2019-08-10 23:55:32 - [TEST_STEP][PASSED] - M4_spin_reels = M4_spin_reels: null

2019-08-10 23:55:32 - [TEST_STEP][PASSED] - M4_spin_reels_symbols = symbol: null

2019-08-10 23:55:32 - [TEST_STEP][PASSED] - M4_spin_reels_symbols = M4_spin_reels_symbols: null

2019-08-10 23:55:32 - [TEST_STEP][PASSED] - M4_spin_reel_wins = reel_wins: null

2019-08-10 23:55:32 - [TEST_STEP][PASSED] - M4_spin_reel_wins = M4_spin_reel_wins: null

2019-08-10 23:55:32 - [TEST_STEP][PASSED] - println("GlobalVariable.M4_spin_reel_wins is: " + M4_spin_reel_wins): null

2019-08-10 23:55:32 - [TEST_STEP][PASSED] - M4_spin_total_bonus_win_this_round = total_bonus_win_this_round: null

2019-08-10 23:55:32 - [TEST_STEP][PASSED] - M4_spin_total_bonus_win_this_round = M4_spin_total_bonus_win_this_round: null

2019-08-10 23:55:32 - [TEST_STEP][PASSED] - println("GlobalVariable.M4_spin_total_bonus_win_this_round is: " + M4_spin_total_bonus_win_this_round): null

2019-08-10 23:55:32 - [MESSAGE][PASSED] - Verify response successfully

2019-08-10 23:55:32 - [MESSAGE][PASSED] - Send request and verify the response successfully

2019-08-10 23:55:32 - [TEST_STEP][PASSED] - if (M4_total_bonus_spins_int != 0 &amp;&amp; M4_spin_reels_symbols[2].contains("WILD_Double") || M4_spin_reels_symbols[4].contains("WILD_Triple")): null

2019-08-10 23:55:32 - [TEST_STEP][PASSED] - free_spin_reel_counter = free_spin_reel_counter: null

2019-08-10 23:55:32 - [TEST_STEP][PASSED] - M4_spin_reels_symbols = M4_spin_reels_symbols: null

2019-08-10 23:55:32 - [TEST_STEP][PASSED] - M4_total_bonus_spins = M4_total_bonus_spins: null

2019-08-10 23:55:32 - [TEST_STEP][PASSED] - spin_result = sendRequestAndVerify(findTestObject("RGS(M4)/1_M4_spin", ["M4_login_user_id":M4_login_user_id, "rgs_session_token":rgs_session_token, "partner":Partner])): Send request and verify the response successfully

2019-08-10 23:55:32 - [TEST_CASE][PASSED] - Start Test Case : Verification: Verification accomplished successfully

2019-08-10 23:55:32 - [TEST_STEP][PASSED] - request = getInstance().getCurrentRequest(): null

2019-08-10 23:55:32 - [TEST_STEP][PASSED] - response = getInstance().getCurrentResponse(): null

2019-08-10 23:55:32 - [TEST_STEP][PASSED] - verifyResponseStatusCode(response, 200): Verify response status code successfully

2019-08-10 23:55:35 - [MESSAGE][PASSED] - Verify response status code successfully

2019-08-10 23:55:35 - [TEST_STEP][PASSED] - getStatusCode()).isEqualTo(200): null

2019-08-10 23:55:35 - [TEST_STEP][PASSED] - newline = System.getProperty("line.separator"): null

2019-08-10 23:55:35 - [TEST_STEP][PASSED] - M4_spin = new groovy.json.JsonSlurper(): null

2019-08-10 23:55:35 - [TEST_STEP][PASSED] - result_M4_spin = M4_spin.parseText(response.getResponseBodyContent()): null

2019-08-10 23:55:35 - [TEST_STEP][PASSED] - M4_spin_current_balance = current_balance: null

2019-08-10 23:55:35 - [TEST_STEP][PASSED] - M4_spin_current_balance = M4_spin_current_balance: null

2019-08-10 23:55:35 - [TEST_STEP][PASSED] - M4_spin_transaction_id = causality: null

2019-08-10 23:55:35 - [TEST_STEP][PASSED] - M4_spin_transaction_id = M4_spin_transaction_id: null

2019-08-10 23:55:35 - [TEST_STEP][PASSED] - M4_spin_round_id = round_id: null

2019-08-10 23:55:35 - [TEST_STEP][PASSED] - M4_spin_round_id = M4_spin_round_id: null

2019-08-10 23:55:35 - [TEST_STEP][PASSED] - M4_spin_line_wins = line_wins: null

2019-08-10 23:55:35 - [TEST_STEP][PASSED] - M4_spin_line_wins = M4_spin_line_wins: null

2019-08-10 23:55:35 - [TEST_STEP][PASSED] - M4_total_bonus_spins_int = total_bonus_spins: null

2019-08-10 23:55:35 - [TEST_STEP][PASSED] - println("******M4_total_bonus_spins type is:*******" + newline + getClass().getName()): null

2019-08-10 23:55:35 - [TEST_STEP][PASSED] - M4_total_bonus_spins_int = M4_total_bonus_spins_int: null

2019-08-10 23:55:35 - [TEST_STEP][PASSED] - M4_total_bonus_spins = Integer.toString(M4_total_bonus_spins_int): null

2019-08-10 23:55:35 - [TEST_STEP][PASSED] - M4_total_bonus_spins = M4_total_bonus_spins: null

2019-08-10 23:55:35 - [TEST_STEP][PASSED] - println("M4_total_bonus_spins is:" + M4_total_bonus_spins): null

2019-08-10 23:55:35 - [TEST_STEP][PASSED] - M4_spin_bonus_data = bonus_data: null

2019-08-10 23:55:35 - [TEST_STEP][PASSED] - M4_spin_features_triggered = result_M4_spin: null

2019-08-10 23:55:35 - [TEST_STEP][PASSED] - wild = []: null

2019-08-10 23:55:35 - [TEST_STEP][PASSED] - wild[0] = "WILD_Expanding": null

2019-08-10 23:55:35 - [TEST_STEP][PASSED] - wild[1] = "WILD_Normal": null

2019-08-10 23:55:35 - [TEST_STEP][PASSED] - wild[2] = "WILD_Double": null

2019-08-10 23:55:35 - [TEST_STEP][PASSED] - wild[3] = "WILD_ExtraFG": null

2019-08-10 23:55:35 - [TEST_STEP][PASSED] - wild[4] = "WILD_Triple": null

2019-08-10 23:55:35 - [TEST_STEP][PASSED] - wildList = Arrays.asList(wild): null

2019-08-10 23:55:35 - [TEST_STEP][PASSED] - wildList = wildList: null

2019-08-10 23:55:35 - [TEST_STEP][PASSED] - free_spin_reel_counter = []: null

2019-08-10 23:55:35 - [TEST_STEP][PASSED] - free_spin_reel_counter[0] = 0: null

2019-08-10 23:55:35 - [TEST_STEP][PASSED] - free_spin_reel_counter[1] = 0: null

2019-08-10 23:55:35 - [TEST_STEP][PASSED] - free_spin_reel_counter[2] = 0: null

2019-08-10 23:55:35 - [TEST_STEP][PASSED] - M4_spin_reels = reels: null

2019-08-10 23:55:35 - [TEST_STEP][PASSED] - for ([i = 0, i &lt; M4_spin_reels.size(), (i++)]): null

2019-08-10 23:55:35 - [TEST_STEP][PASSED] - symbols = symbols: null

2019-08-10 23:55:35 - [TEST_STEP][PASSED] - for ([j = 0, j &lt; symbols.size(), (j++)]): null

2019-08-10 23:55:35 - [TEST_STEP][PASSED] - symbol = symbol: null

2019-08-10 23:55:35 - [TEST_STEP][PASSED] - println(symbol): null

2019-08-10 23:55:35 - [TEST_STEP][PASSED] - if (i == 2 &amp;&amp; wildList.indexOf(symbol) != -1): null

2019-08-10 23:55:35 - [TEST_STEP][PASSED] - if (i == 3 &amp;&amp; wildList.indexOf(symbol) != -1): null

2019-08-10 23:55:35 - [TEST_STEP][PASSED] - if (i == 4 &amp;&amp; wildList.indexOf(symbol) != -1): null

2019-08-10 23:55:35 - [TEST_STEP][PASSED] - symbol = symbol: null

2019-08-10 23:55:35 - [TEST_STEP][PASSED] - println(symbol): null

2019-08-10 23:55:35 - [TEST_STEP][PASSED] - if (i == 2 &amp;&amp; wildList.indexOf(symbol) != -1): null

2019-08-10 23:55:35 - [TEST_STEP][PASSED] - if (i == 3 &amp;&amp; wildList.indexOf(symbol) != -1): null

2019-08-10 23:55:35 - [TEST_STEP][PASSED] - if (i == 4 &amp;&amp; wildList.indexOf(symbol) != -1): null

2019-08-10 23:55:35 - [TEST_STEP][PASSED] - symbol = symbol: null

2019-08-10 23:55:35 - [TEST_STEP][PASSED] - println(symbol): null

2019-08-10 23:55:35 - [TEST_STEP][PASSED] - if (i == 2 &amp;&amp; wildList.indexOf(symbol) != -1): null

2019-08-10 23:55:35 - [TEST_STEP][PASSED] - if (i == 3 &amp;&amp; wildList.indexOf(symbol) != -1): null

2019-08-10 23:55:35 - [TEST_STEP][PASSED] - if (i == 4 &amp;&amp; wildList.indexOf(symbol) != -1): null

2019-08-10 23:55:35 - [TEST_STEP][PASSED] - symbols = symbols: null

2019-08-10 23:55:35 - [TEST_STEP][PASSED] - for ([j = 0, j &lt; symbols.size(), (j++)]): null

2019-08-10 23:55:35 - [TEST_STEP][PASSED] - symbol = symbol: null

2019-08-10 23:55:35 - [TEST_STEP][PASSED] - println(symbol): null

2019-08-10 23:55:35 - [TEST_STEP][PASSED] - if (i == 2 &amp;&amp; wildList.indexOf(symbol) != -1): null

2019-08-10 23:55:35 - [TEST_STEP][PASSED] - if (i == 3 &amp;&amp; wildList.indexOf(symbol) != -1): null

2019-08-10 23:55:35 - [TEST_STEP][PASSED] - if (i == 4 &amp;&amp; wildList.indexOf(symbol) != -1): null

2019-08-10 23:55:35 - [TEST_STEP][PASSED] - symbol = symbol: null

2019-08-10 23:55:35 - [TEST_STEP][PASSED] - println(symbol): null

2019-08-10 23:55:35 - [TEST_STEP][PASSED] - if (i == 2 &amp;&amp; wildList.indexOf(symbol) != -1): null

2019-08-10 23:55:35 - [TEST_STEP][PASSED] - if (i == 3 &amp;&amp; wildList.indexOf(symbol) != -1): null

2019-08-10 23:55:35 - [TEST_STEP][PASSED] - if (i == 4 &amp;&amp; wildList.indexOf(symbol) != -1): null

2019-08-10 23:55:35 - [TEST_STEP][PASSED] - symbol = symbol: null

2019-08-10 23:55:35 - [TEST_STEP][PASSED] - println(symbol): null

2019-08-10 23:55:35 - [TEST_STEP][PASSED] - if (i == 2 &amp;&amp; wildList.indexOf(symbol) != -1): null

2019-08-10 23:55:35 - [TEST_STEP][PASSED] - if (i == 3 &amp;&amp; wildList.indexOf(symbol) != -1): null

2019-08-10 23:55:35 - [TEST_STEP][PASSED] - if (i == 4 &amp;&amp; wildList.indexOf(symbol) != -1): null

2019-08-10 23:55:35 - [TEST_STEP][PASSED] - symbols = symbols: null

2019-08-10 23:55:35 - [TEST_STEP][PASSED] - for ([j = 0, j &lt; symbols.size(), (j++)]): null

2019-08-10 23:55:35 - [TEST_STEP][PASSED] - symbol = symbol: null

2019-08-10 23:55:35 - [TEST_STEP][PASSED] - println(symbol): null

2019-08-10 23:55:35 - [TEST_STEP][PASSED] - if (i == 2 &amp;&amp; wildList.indexOf(symbol) != -1): null

2019-08-10 23:55:35 - [TEST_STEP][PASSED] - if (i == 3 &amp;&amp; wildList.indexOf(symbol) != -1): null

2019-08-10 23:55:35 - [TEST_STEP][PASSED] - if (i == 4 &amp;&amp; wildList.indexOf(symbol) != -1): null

2019-08-10 23:55:35 - [TEST_STEP][PASSED] - symbol = symbol: null

2019-08-10 23:55:35 - [TEST_STEP][PASSED] - println(symbol): null

2019-08-10 23:55:35 - [TEST_STEP][PASSED] - if (i == 2 &amp;&amp; wildList.indexOf(symbol) != -1): null

2019-08-10 23:55:35 - [TEST_STEP][PASSED] - if (i == 3 &amp;&amp; wildList.indexOf(symbol) != -1): null

2019-08-10 23:55:35 - [TEST_STEP][PASSED] - if (i == 4 &amp;&amp; wildList.indexOf(symbol) != -1): null

2019-08-10 23:55:35 - [TEST_STEP][PASSED] - symbol = symbol: null

2019-08-10 23:55:35 - [TEST_STEP][PASSED] - println(symbol): null

2019-08-10 23:55:35 - [TEST_STEP][PASSED] - if (i == 2 &amp;&amp; wildList.indexOf(symbol) != -1): null

2019-08-10 23:55:35 - [TEST_STEP][PASSED] - if (i == 3 &amp;&amp; wildList.indexOf(symbol) != -1): null

2019-08-10 23:55:35 - [TEST_STEP][PASSED] - if (i == 4 &amp;&amp; wildList.indexOf(symbol) != -1): null

2019-08-10 23:55:35 - [TEST_STEP][PASSED] - symbols = symbols: null

2019-08-10 23:55:35 - [TEST_STEP][PASSED] - for ([j = 0, j &lt; symbols.size(), (j++)]): null

2019-08-10 23:55:35 - [TEST_STEP][PASSED] - symbol = symbol: null

2019-08-10 23:55:35 - [TEST_STEP][PASSED] - println(symbol): null

2019-08-10 23:55:35 - [TEST_STEP][PASSED] - if (i == 2 &amp;&amp; wildList.indexOf(symbol) != -1): null

2019-08-10 23:55:35 - [TEST_STEP][PASSED] - if (i == 3 &amp;&amp; wildList.indexOf(symbol) != -1): null

2019-08-10 23:55:35 - [TEST_STEP][PASSED] - if (i == 4 &amp;&amp; wildList.indexOf(symbol) != -1): null

2019-08-10 23:55:35 - [TEST_STEP][PASSED] - symbol = symbol: null

2019-08-10 23:55:35 - [TEST_STEP][PASSED] - println(symbol): null

2019-08-10 23:55:35 - [TEST_STEP][PASSED] - if (i == 2 &amp;&amp; wildList.indexOf(symbol) != -1): null

2019-08-10 23:55:35 - [TEST_STEP][PASSED] - if (i == 3 &amp;&amp; wildList.indexOf(symbol) != -1): null

2019-08-10 23:55:35 - [TEST_STEP][PASSED] - if (i == 4 &amp;&amp; wildList.indexOf(symbol) != -1): null

2019-08-10 23:55:35 - [TEST_STEP][PASSED] - symbol = symbol: null

2019-08-10 23:55:35 - [TEST_STEP][PASSED] - println(symbol): null

2019-08-10 23:55:35 - [TEST_STEP][PASSED] - if (i == 2 &amp;&amp; wildList.indexOf(symbol) != -1): null

2019-08-10 23:55:35 - [TEST_STEP][PASSED] - if (i == 3 &amp;&amp; wildList.indexOf(symbol) != -1): null

2019-08-10 23:55:35 - [TEST_STEP][PASSED] - println("wild found on reel 4, adding counter by 1"): null

2019-08-10 23:55:35 - [TEST_STEP][PASSED] - free_spin_reel_counter[1] = free_spin_reel_counter[1] + 1: null

2019-08-10 23:55:35 - [TEST_STEP][PASSED] - if (i == 4 &amp;&amp; wildList.indexOf(symbol) != -1): null

2019-08-10 23:55:35 - [TEST_STEP][PASSED] - symbols = symbols: null

2019-08-10 23:55:35 - [TEST_STEP][PASSED] - for ([j = 0, j &lt; symbols.size(), (j++)]): null

2019-08-10 23:55:35 - [TEST_STEP][PASSED] - symbol = symbol: null

2019-08-10 23:55:35 - [TEST_STEP][PASSED] - println(symbol): null

2019-08-10 23:55:35 - [TEST_STEP][PASSED] - if (i == 2 &amp;&amp; wildList.indexOf(symbol) != -1): null

2019-08-10 23:55:35 - [TEST_STEP][PASSED] - if (i == 3 &amp;&amp; wildList.indexOf(symbol) != -1): null

2019-08-10 23:55:35 - [TEST_STEP][PASSED] - if (i == 4 &amp;&amp; wildList.indexOf(symbol) != -1): null

2019-08-10 23:55:35 - [TEST_STEP][PASSED] - symbol = symbol: null

2019-08-10 23:55:35 - [TEST_STEP][PASSED] - println(symbol): null

2019-08-10 23:55:35 - [TEST_STEP][PASSED] - if (i == 2 &amp;&amp; wildList.indexOf(symbol) != -1): null

2019-08-10 23:55:35 - [TEST_STEP][PASSED] - if (i == 3 &amp;&amp; wildList.indexOf(symbol) != -1): null

2019-08-10 23:55:35 - [TEST_STEP][PASSED] - if (i == 4 &amp;&amp; wildList.indexOf(symbol) != -1): null

2019-08-10 23:55:35 - [TEST_STEP][PASSED] - symbol = symbol: null

2019-08-10 23:55:35 - [TEST_STEP][PASSED] - println(symbol): null

2019-08-10 23:55:35 - [TEST_STEP][PASSED] - if (i == 2 &amp;&amp; wildList.indexOf(symbol) != -1): null

2019-08-10 23:55:35 - [TEST_STEP][PASSED] - if (i == 3 &amp;&amp; wildList.indexOf(symbol) != -1): null

2019-08-10 23:55:35 - [TEST_STEP][PASSED] - if (i == 4 &amp;&amp; wildList.indexOf(symbol) != -1): null

2019-08-10 23:55:35 - [TEST_STEP][PASSED] - println("wild found on reel 5, adding counter by 1"): null

2019-08-10 23:55:35 - [TEST_STEP][PASSED] - free_spin_reel_counter[2] = free_spin_reel_counter[2] + 1: null

2019-08-10 23:55:35 - [TEST_STEP][PASSED] - free_spin_reel_counter = free_spin_reel_counter: null

2019-08-10 23:55:35 - [TEST_STEP][PASSED] - println("reel 3 wild found: " + free_spin_reel_counter[0]): null

2019-08-10 23:55:35 - [TEST_STEP][PASSED] - println("reel 4 wild found: " + free_spin_reel_counter[1]): null

2019-08-10 23:55:35 - [TEST_STEP][PASSED] - println("reel 5 wild found: " + free_spin_reel_counter[2]): null

2019-08-10 23:55:35 - [TEST_STEP][PASSED] - M4_spin_reels = M4_spin_reels: null

2019-08-10 23:55:35 - [TEST_STEP][PASSED] - M4_spin_reels_symbols = symbol: null

2019-08-10 23:55:35 - [TEST_STEP][PASSED] - M4_spin_reels_symbols = M4_spin_reels_symbols: null

2019-08-10 23:55:35 - [TEST_STEP][PASSED] - M4_spin_reel_wins = reel_wins: null

2019-08-10 23:55:35 - [TEST_STEP][PASSED] - M4_spin_reel_wins = M4_spin_reel_wins: null

2019-08-10 23:55:35 - [TEST_STEP][PASSED] - println("GlobalVariable.M4_spin_reel_wins is: " + M4_spin_reel_wins): null

2019-08-10 23:55:35 - [TEST_STEP][PASSED] - M4_spin_total_bonus_win_this_round = total_bonus_win_this_round: null

2019-08-10 23:55:35 - [TEST_STEP][PASSED] - M4_spin_total_bonus_win_this_round = M4_spin_total_bonus_win_this_round: null

2019-08-10 23:55:35 - [TEST_STEP][PASSED] - println("GlobalVariable.M4_spin_total_bonus_win_this_round is: " + M4_spin_total_bonus_win_this_round): null

2019-08-10 23:55:35 - [MESSAGE][PASSED] - Verify response successfully

2019-08-10 23:55:35 - [MESSAGE][PASSED] - Send request and verify the response successfully

2019-08-10 23:55:35 - [TEST_STEP][PASSED] - if (M4_total_bonus_spins_int != 0 &amp;&amp; M4_spin_reels_symbols[2].contains("WILD_Double") || M4_spin_reels_symbols[4].contains("WILD_Triple")): null

2019-08-10 23:55:35 - [TEST_STEP][PASSED] - free_spin_reel_counter = free_spin_reel_counter: null

2019-08-10 23:55:35 - [TEST_STEP][PASSED] - M4_spin_reels_symbols = M4_spin_reels_symbols: null

2019-08-10 23:55:35 - [TEST_STEP][PASSED] - M4_total_bonus_spins = M4_total_bonus_spins: null

2019-08-10 23:55:35 - [TEST_STEP][PASSED] - spin_result = sendRequestAndVerify(findTestObject("RGS(M4)/1_M4_spin", ["M4_login_user_id":M4_login_user_id, "rgs_session_token":rgs_session_token, "partner":Partner])): Send request and verify the response successfully

2019-08-10 23:55:35 - [TEST_CASE][PASSED] - Start Test Case : Verification: Verification accomplished successfully

2019-08-10 23:55:35 - [TEST_STEP][PASSED] - request = getInstance().getCurrentRequest(): null

2019-08-10 23:55:35 - [TEST_STEP][PASSED] - response = getInstance().getCurrentResponse(): null

2019-08-10 23:55:35 - [TEST_STEP][PASSED] - verifyResponseStatusCode(response, 200): Verify response status code successfully

2019-08-10 23:55:35 - [MESSAGE][PASSED] - Verify response status code successfully

2019-08-10 23:55:35 - [TEST_STEP][PASSED] - getStatusCode()).isEqualTo(200): null

2019-08-10 23:55:35 - [TEST_STEP][PASSED] - newline = System.getProperty("line.separator"): null

2019-08-10 23:55:35 - [TEST_STEP][PASSED] - M4_spin = new groovy.json.JsonSlurper(): null

2019-08-10 23:55:35 - [TEST_STEP][PASSED] - result_M4_spin = M4_spin.parseText(response.getResponseBodyContent()): null

2019-08-10 23:55:35 - [TEST_STEP][PASSED] - M4_spin_current_balance = current_balance: null

2019-08-10 23:55:35 - [TEST_STEP][PASSED] - M4_spin_current_balance = M4_spin_current_balance: null

2019-08-10 23:55:35 - [TEST_STEP][PASSED] - M4_spin_transaction_id = causality: null

2019-08-10 23:55:35 - [TEST_STEP][PASSED] - M4_spin_transaction_id = M4_spin_transaction_id: null

2019-08-10 23:55:35 - [TEST_STEP][PASSED] - M4_spin_round_id = round_id: null

2019-08-10 23:55:35 - [TEST_STEP][PASSED] - M4_spin_round_id = M4_spin_round_id: null

2019-08-10 23:55:35 - [TEST_STEP][PASSED] - M4_spin_line_wins = line_wins: null

2019-08-10 23:55:35 - [TEST_STEP][PASSED] - M4_spin_line_wins = M4_spin_line_wins: null

2019-08-10 23:55:35 - [TEST_STEP][PASSED] - M4_total_bonus_spins_int = total_bonus_spins: null

2019-08-10 23:55:35 - [TEST_STEP][PASSED] - println("******M4_total_bonus_spins type is:*******" + newline + getClass().getName()): null

2019-08-10 23:55:35 - [TEST_STEP][PASSED] - M4_total_bonus_spins_int = M4_total_bonus_spins_int: null

2019-08-10 23:55:35 - [TEST_STEP][PASSED] - M4_total_bonus_spins = Integer.toString(M4_total_bonus_spins_int): null

2019-08-10 23:55:35 - [TEST_STEP][PASSED] - M4_total_bonus_spins = M4_total_bonus_spins: null

2019-08-10 23:55:35 - [TEST_STEP][PASSED] - println("M4_total_bonus_spins is:" + M4_total_bonus_spins): null

2019-08-10 23:55:35 - [TEST_STEP][PASSED] - M4_spin_bonus_data = bonus_data: null

2019-08-10 23:55:35 - [TEST_STEP][PASSED] - M4_spin_features_triggered = result_M4_spin: null

2019-08-10 23:55:35 - [TEST_STEP][PASSED] - wild = []: null

2019-08-10 23:55:35 - [TEST_STEP][PASSED] - wild[0] = "WILD_Expanding": null

2019-08-10 23:55:35 - [TEST_STEP][PASSED] - wild[1] = "WILD_Normal": null

2019-08-10 23:55:35 - [TEST_STEP][PASSED] - wild[2] = "WILD_Double": null

2019-08-10 23:55:35 - [TEST_STEP][PASSED] - wild[3] = "WILD_ExtraFG": null

2019-08-10 23:55:35 - [TEST_STEP][PASSED] - wild[4] = "WILD_Triple": null

2019-08-10 23:55:35 - [TEST_STEP][PASSED] - wildList = Arrays.asList(wild): null

2019-08-10 23:55:35 - [TEST_STEP][PASSED] - wildList = wildList: null

2019-08-10 23:55:35 - [TEST_STEP][PASSED] - free_spin_reel_counter = []: null

2019-08-10 23:55:35 - [TEST_STEP][PASSED] - free_spin_reel_counter[0] = 0: null

2019-08-10 23:55:35 - [TEST_STEP][PASSED] - free_spin_reel_counter[1] = 0: null

2019-08-10 23:55:35 - [TEST_STEP][PASSED] - free_spin_reel_counter[2] = 0: null

2019-08-10 23:55:35 - [TEST_STEP][PASSED] - M4_spin_reels = reels: null

2019-08-10 23:55:35 - [TEST_STEP][PASSED] - for ([i = 0, i &lt; M4_spin_reels.size(), (i++)]): null

2019-08-10 23:55:35 - [TEST_STEP][PASSED] - symbols = symbols: null

2019-08-10 23:55:35 - [TEST_STEP][PASSED] - for ([j = 0, j &lt; symbols.size(), (j++)]): null

2019-08-10 23:55:35 - [TEST_STEP][PASSED] - symbol = symbol: null

2019-08-10 23:55:35 - [TEST_STEP][PASSED] - println(symbol): null

2019-08-10 23:55:35 - [TEST_STEP][PASSED] - if (i == 2 &amp;&amp; wildList.indexOf(symbol) != -1): null

2019-08-10 23:55:35 - [TEST_STEP][PASSED] - if (i == 3 &amp;&amp; wildList.indexOf(symbol) != -1): null

2019-08-10 23:55:35 - [TEST_STEP][PASSED] - if (i == 4 &amp;&amp; wildList.indexOf(symbol) != -1): null

2019-08-10 23:55:35 - [TEST_STEP][PASSED] - symbol = symbol: null

2019-08-10 23:55:35 - [TEST_STEP][PASSED] - println(symbol): null

2019-08-10 23:55:35 - [TEST_STEP][PASSED] - if (i == 2 &amp;&amp; wildList.indexOf(symbol) != -1): null

2019-08-10 23:55:35 - [TEST_STEP][PASSED] - if (i == 3 &amp;&amp; wildList.indexOf(symbol) != -1): null

2019-08-10 23:55:35 - [TEST_STEP][PASSED] - if (i == 4 &amp;&amp; wildList.indexOf(symbol) != -1): null

2019-08-10 23:55:35 - [TEST_STEP][PASSED] - symbol = symbol: null

2019-08-10 23:55:35 - [TEST_STEP][PASSED] - println(symbol): null

2019-08-10 23:55:35 - [TEST_STEP][PASSED] - if (i == 2 &amp;&amp; wildList.indexOf(symbol) != -1): null

2019-08-10 23:55:35 - [TEST_STEP][PASSED] - if (i == 3 &amp;&amp; wildList.indexOf(symbol) != -1): null

2019-08-10 23:55:35 - [TEST_STEP][PASSED] - if (i == 4 &amp;&amp; wildList.indexOf(symbol) != -1): null

2019-08-10 23:55:35 - [TEST_STEP][PASSED] - symbols = symbols: null

2019-08-10 23:55:35 - [TEST_STEP][PASSED] - for ([j = 0, j &lt; symbols.size(), (j++)]): null

2019-08-10 23:55:35 - [TEST_STEP][PASSED] - symbol = symbol: null

2019-08-10 23:55:35 - [TEST_STEP][PASSED] - println(symbol): null

2019-08-10 23:55:35 - [TEST_STEP][PASSED] - if (i == 2 &amp;&amp; wildList.indexOf(symbol) != -1): null

2019-08-10 23:55:35 - [TEST_STEP][PASSED] - if (i == 3 &amp;&amp; wildList.indexOf(symbol) != -1): null

2019-08-10 23:55:35 - [TEST_STEP][PASSED] - if (i == 4 &amp;&amp; wildList.indexOf(symbol) != -1): null

2019-08-10 23:55:35 - [TEST_STEP][PASSED] - symbol = symbol: null

2019-08-10 23:55:35 - [TEST_STEP][PASSED] - println(symbol): null

2019-08-10 23:55:35 - [TEST_STEP][PASSED] - if (i == 2 &amp;&amp; wildList.indexOf(symbol) != -1): null

2019-08-10 23:55:35 - [TEST_STEP][PASSED] - if (i == 3 &amp;&amp; wildList.indexOf(symbol) != -1): null

2019-08-10 23:55:35 - [TEST_STEP][PASSED] - if (i == 4 &amp;&amp; wildList.indexOf(symbol) != -1): null

2019-08-10 23:55:35 - [TEST_STEP][PASSED] - symbol = symbol: null

2019-08-10 23:55:35 - [TEST_STEP][PASSED] - println(symbol): null

2019-08-10 23:55:35 - [TEST_STEP][PASSED] - if (i == 2 &amp;&amp; wildList.indexOf(symbol) != -1): null

2019-08-10 23:55:35 - [TEST_STEP][PASSED] - if (i == 3 &amp;&amp; wildList.indexOf(symbol) != -1): null

2019-08-10 23:55:35 - [TEST_STEP][PASSED] - if (i == 4 &amp;&amp; wildList.indexOf(symbol) != -1): null

2019-08-10 23:55:35 - [TEST_STEP][PASSED] - symbols = symbols: null

2019-08-10 23:55:35 - [TEST_STEP][PASSED] - for ([j = 0, j &lt; symbols.size(), (j++)]): null

2019-08-10 23:55:35 - [TEST_STEP][PASSED] - symbol = symbol: null

2019-08-10 23:55:35 - [TEST_STEP][PASSED] - println(symbol): null

2019-08-10 23:55:35 - [TEST_STEP][PASSED] - if (i == 2 &amp;&amp; wildList.indexOf(symbol) != -1): null

2019-08-10 23:55:35 - [TEST_STEP][PASSED] - if (i == 3 &amp;&amp; wildList.indexOf(symbol) != -1): null

2019-08-10 23:55:35 - [TEST_STEP][PASSED] - if (i == 4 &amp;&amp; wildList.indexOf(symbol) != -1): null

2019-08-10 23:55:35 - [TEST_STEP][PASSED] - symbol = symbol: null

2019-08-10 23:55:35 - [TEST_STEP][PASSED] - println(symbol): null

2019-08-10 23:55:35 - [TEST_STEP][PASSED] - if (i == 2 &amp;&amp; wildList.indexOf(symbol) != -1): null

2019-08-10 23:55:35 - [TEST_STEP][PASSED] - println("wild found on reel 3, adding counter by 1"): null

2019-08-10 23:55:35 - [TEST_STEP][PASSED] - free_spin_reel_counter[0] = free_spin_reel_counter[0] + 1: null

2019-08-10 23:55:35 - [TEST_STEP][PASSED] - if (i == 3 &amp;&amp; wildList.indexOf(symbol) != -1): null

2019-08-10 23:55:35 - [TEST_STEP][PASSED] - if (i == 4 &amp;&amp; wildList.indexOf(symbol) != -1): null

2019-08-10 23:55:35 - [TEST_STEP][PASSED] - symbol = symbol: null

2019-08-10 23:55:35 - [TEST_STEP][PASSED] - println(symbol): null

2019-08-10 23:55:35 - [TEST_STEP][PASSED] - if (i == 2 &amp;&amp; wildList.indexOf(symbol) != -1): null

2019-08-10 23:55:35 - [TEST_STEP][PASSED] - if (i == 3 &amp;&amp; wildList.indexOf(symbol) != -1): null

2019-08-10 23:55:35 - [TEST_STEP][PASSED] - if (i == 4 &amp;&amp; wildList.indexOf(symbol) != -1): null

2019-08-10 23:55:35 - [TEST_STEP][PASSED] - symbols = symbols: null

2019-08-10 23:55:35 - [TEST_STEP][PASSED] - for ([j = 0, j &lt; symbols.size(), (j++)]): null

2019-08-10 23:55:35 - [TEST_STEP][PASSED] - symbol = symbol: null

2019-08-10 23:55:35 - [TEST_STEP][PASSED] - println(symbol): null

2019-08-10 23:55:35 - [TEST_STEP][PASSED] - if (i == 2 &amp;&amp; wildList.indexOf(symbol) != -1): null

2019-08-10 23:55:35 - [TEST_STEP][PASSED] - if (i == 3 &amp;&amp; wildList.indexOf(symbol) != -1): null

2019-08-10 23:55:35 - [TEST_STEP][PASSED] - if (i == 4 &amp;&amp; wildList.indexOf(symbol) != -1): null

2019-08-10 23:55:35 - [TEST_STEP][PASSED] - symbol = symbol: null

2019-08-10 23:55:35 - [TEST_STEP][PASSED] - println(symbol): null

2019-08-10 23:55:35 - [TEST_STEP][PASSED] - if (i == 2 &amp;&amp; wildList.indexOf(symbol) != -1): null

2019-08-10 23:55:35 - [TEST_STEP][PASSED] - if (i == 3 &amp;&amp; wildList.indexOf(symbol) != -1): null

2019-08-10 23:55:35 - [TEST_STEP][PASSED] - if (i == 4 &amp;&amp; wildList.indexOf(symbol) != -1): null

2019-08-10 23:55:35 - [TEST_STEP][PASSED] - symbol = symbol: null

2019-08-10 23:55:35 - [TEST_STEP][PASSED] - println(symbol): null

2019-08-10 23:55:35 - [TEST_STEP][PASSED] - if (i == 2 &amp;&amp; wildList.indexOf(symbol) != -1): null

2019-08-10 23:55:35 - [TEST_STEP][PASSED] - if (i == 3 &amp;&amp; wildList.indexOf(symbol) != -1): null

2019-08-10 23:55:35 - [TEST_STEP][PASSED] - if (i == 4 &amp;&amp; wildList.indexOf(symbol) != -1): null

2019-08-10 23:55:35 - [TEST_STEP][PASSED] - symbols = symbols: null

2019-08-10 23:55:35 - [TEST_STEP][PASSED] - for ([j = 0, j &lt; symbols.size(), (j++)]): null

2019-08-10 23:55:35 - [TEST_STEP][PASSED] - symbol = symbol: null

2019-08-10 23:55:35 - [TEST_STEP][PASSED] - println(symbol): null

2019-08-10 23:55:35 - [TEST_STEP][PASSED] - if (i == 2 &amp;&amp; wildList.indexOf(symbol) != -1): null

2019-08-10 23:55:35 - [TEST_STEP][PASSED] - if (i == 3 &amp;&amp; wildList.indexOf(symbol) != -1): null

2019-08-10 23:55:35 - [TEST_STEP][PASSED] - if (i == 4 &amp;&amp; wildList.indexOf(symbol) != -1): null

2019-08-10 23:55:35 - [TEST_STEP][PASSED] - symbol = symbol: null

2019-08-10 23:55:35 - [TEST_STEP][PASSED] - println(symbol): null

2019-08-10 23:55:35 - [TEST_STEP][PASSED] - if (i == 2 &amp;&amp; wildList.indexOf(symbol) != -1): null

2019-08-10 23:55:35 - [TEST_STEP][PASSED] - if (i == 3 &amp;&amp; wildList.indexOf(symbol) != -1): null

2019-08-10 23:55:35 - [TEST_STEP][PASSED] - if (i == 4 &amp;&amp; wildList.indexOf(symbol) != -1): null

2019-08-10 23:55:35 - [TEST_STEP][PASSED] - symbol = symbol: null

2019-08-10 23:55:35 - [TEST_STEP][PASSED] - println(symbol): null

2019-08-10 23:55:35 - [TEST_STEP][PASSED] - if (i == 2 &amp;&amp; wildList.indexOf(symbol) != -1): null

2019-08-10 23:55:35 - [TEST_STEP][PASSED] - if (i == 3 &amp;&amp; wildList.indexOf(symbol) != -1): null

2019-08-10 23:55:35 - [TEST_STEP][PASSED] - if (i == 4 &amp;&amp; wildList.indexOf(symbol) != -1): null

2019-08-10 23:55:35 - [TEST_STEP][PASSED] - free_spin_reel_counter = free_spin_reel_counter: null

2019-08-10 23:55:35 - [TEST_STEP][PASSED] - println("reel 3 wild found: " + free_spin_reel_counter[0]): null

2019-08-10 23:55:35 - [TEST_STEP][PASSED] - println("reel 4 wild found: " + free_spin_reel_counter[1]): null

2019-08-10 23:55:35 - [TEST_STEP][PASSED] - println("reel 5 wild found: " + free_spin_reel_counter[2]): null

2019-08-10 23:55:35 - [TEST_STEP][PASSED] - M4_spin_reels = M4_spin_reels: null

2019-08-10 23:55:35 - [TEST_STEP][PASSED] - M4_spin_reels_symbols = symbol: null

2019-08-10 23:55:35 - [TEST_STEP][PASSED] - M4_spin_reels_symbols = M4_spin_reels_symbols: null

2019-08-10 23:55:35 - [TEST_STEP][PASSED] - M4_spin_reel_wins = reel_wins: null

2019-08-10 23:55:35 - [TEST_STEP][PASSED] - M4_spin_reel_wins = M4_spin_reel_wins: null

2019-08-10 23:55:35 - [TEST_STEP][PASSED] - println("GlobalVariable.M4_spin_reel_wins is: " + M4_spin_reel_wins): null

2019-08-10 23:55:35 - [TEST_STEP][PASSED] - M4_spin_total_bonus_win_this_round = total_bonus_win_this_round: null

2019-08-10 23:55:35 - [TEST_STEP][PASSED] - M4_spin_total_bonus_win_this_round = M4_spin_total_bonus_win_this_round: null

2019-08-10 23:55:35 - [TEST_STEP][PASSED] - println("GlobalVariable.M4_spin_total_bonus_win_this_round is: " + M4_spin_total_bonus_win_this_round): null

2019-08-10 23:55:35 - [MESSAGE][PASSED] - Verify response successfully

2019-08-10 23:55:35 - [MESSAGE][PASSED] - Send request and verify the response successfully

2019-08-10 23:55:35 - [TEST_STEP][PASSED] - if (M4_total_bonus_spins_int != 0 &amp;&amp; M4_spin_reels_symbols[2].contains("WILD_Double") || M4_spin_reels_symbols[4].contains("WILD_Triple")): null

2019-08-10 23:55:35 - [TEST_STEP][PASSED] - free_spin_reel_counter = free_spin_reel_counter: null

2019-08-10 23:55:35 - [TEST_STEP][PASSED] - M4_spin_reels_symbols = M4_spin_reels_symbols: null

2019-08-10 23:55:35 - [TEST_STEP][PASSED] - M4_total_bonus_spins = M4_total_bonus_spins: null

2019-08-10 23:55:35 - [TEST_STEP][PASSED] - spin_result = sendRequestAndVerify(findTestObject("RGS(M4)/1_M4_spin", ["M4_login_user_id":M4_login_user_id, "rgs_session_token":rgs_session_token, "partner":Partner])): Send request and verify the response successfully

2019-08-10 23:55:36 - [TEST_CASE][PASSED] - Start Test Case : Verification: Verification accomplished successfully

2019-08-10 23:55:36 - [TEST_STEP][PASSED] - request = getInstance().getCurrentRequest(): null

2019-08-10 23:55:36 - [TEST_STEP][PASSED] - response = getInstance().getCurrentResponse(): null

2019-08-10 23:55:36 - [TEST_STEP][PASSED] - verifyResponseStatusCode(response, 200): Verify response status code successfully

2019-08-10 23:55:36 - [MESSAGE][PASSED] - Verify response status code successfully

2019-08-10 23:55:36 - [TEST_STEP][PASSED] - getStatusCode()).isEqualTo(200): null

2019-08-10 23:55:36 - [TEST_STEP][PASSED] - newline = System.getProperty("line.separator"): null

2019-08-10 23:55:36 - [TEST_STEP][PASSED] - M4_spin = new groovy.json.JsonSlurper(): null

2019-08-10 23:55:36 - [TEST_STEP][PASSED] - result_M4_spin = M4_spin.parseText(response.getResponseBodyContent()): null

2019-08-10 23:55:36 - [TEST_STEP][PASSED] - M4_spin_current_balance = current_balance: null

2019-08-10 23:55:36 - [TEST_STEP][PASSED] - M4_spin_current_balance = M4_spin_current_balance: null

2019-08-10 23:55:36 - [TEST_STEP][PASSED] - M4_spin_transaction_id = causality: null

2019-08-10 23:55:36 - [TEST_STEP][PASSED] - M4_spin_transaction_id = M4_spin_transaction_id: null

2019-08-10 23:55:36 - [TEST_STEP][PASSED] - M4_spin_round_id = round_id: null

2019-08-10 23:55:36 - [TEST_STEP][PASSED] - M4_spin_round_id = M4_spin_round_id: null

2019-08-10 23:55:36 - [TEST_STEP][PASSED] - M4_spin_line_wins = line_wins: null

2019-08-10 23:55:36 - [TEST_STEP][PASSED] - M4_spin_line_wins = M4_spin_line_wins: null

2019-08-10 23:55:36 - [TEST_STEP][PASSED] - M4_total_bonus_spins_int = total_bonus_spins: null

2019-08-10 23:55:36 - [TEST_STEP][PASSED] - println("******M4_total_bonus_spins type is:*******" + newline + getClass().getName()): null

2019-08-10 23:55:36 - [TEST_STEP][PASSED] - M4_total_bonus_spins_int = M4_total_bonus_spins_int: null

2019-08-10 23:55:36 - [TEST_STEP][PASSED] - M4_total_bonus_spins = Integer.toString(M4_total_bonus_spins_int): null

2019-08-10 23:55:36 - [TEST_STEP][PASSED] - M4_total_bonus_spins = M4_total_bonus_spins: null

2019-08-10 23:55:36 - [TEST_STEP][PASSED] - println("M4_total_bonus_spins is:" + M4_total_bonus_spins): null

2019-08-10 23:55:36 - [TEST_STEP][PASSED] - M4_spin_bonus_data = bonus_data: null

2019-08-10 23:55:36 - [TEST_STEP][PASSED] - M4_spin_features_triggered = result_M4_spin: null

2019-08-10 23:55:36 - [TEST_STEP][PASSED] - wild = []: null

2019-08-10 23:55:36 - [TEST_STEP][PASSED] - wild[0] = "WILD_Expanding": null

2019-08-10 23:55:36 - [TEST_STEP][PASSED] - wild[1] = "WILD_Normal": null

2019-08-10 23:55:36 - [TEST_STEP][PASSED] - wild[2] = "WILD_Double": null

2019-08-10 23:55:36 - [TEST_STEP][PASSED] - wild[3] = "WILD_ExtraFG": null

2019-08-10 23:55:36 - [TEST_STEP][PASSED] - wild[4] = "WILD_Triple": null

2019-08-10 23:55:36 - [TEST_STEP][PASSED] - wildList = Arrays.asList(wild): null

2019-08-10 23:55:36 - [TEST_STEP][PASSED] - wildList = wildList: null

2019-08-10 23:55:36 - [TEST_STEP][PASSED] - free_spin_reel_counter = []: null

2019-08-10 23:55:36 - [TEST_STEP][PASSED] - free_spin_reel_counter[0] = 0: null

2019-08-10 23:55:36 - [TEST_STEP][PASSED] - free_spin_reel_counter[1] = 0: null

2019-08-10 23:55:36 - [TEST_STEP][PASSED] - free_spin_reel_counter[2] = 0: null

2019-08-10 23:55:36 - [TEST_STEP][PASSED] - M4_spin_reels = reels: null

2019-08-10 23:55:36 - [TEST_STEP][PASSED] - for ([i = 0, i &lt; M4_spin_reels.size(), (i++)]): null

2019-08-10 23:55:36 - [TEST_STEP][PASSED] - symbols = symbols: null

2019-08-10 23:55:36 - [TEST_STEP][PASSED] - for ([j = 0, j &lt; symbols.size(), (j++)]): null

2019-08-10 23:55:36 - [TEST_STEP][PASSED] - symbol = symbol: null

2019-08-10 23:55:36 - [TEST_STEP][PASSED] - println(symbol): null

2019-08-10 23:55:36 - [TEST_STEP][PASSED] - if (i == 2 &amp;&amp; wildList.indexOf(symbol) != -1): null

2019-08-10 23:55:36 - [TEST_STEP][PASSED] - if (i == 3 &amp;&amp; wildList.indexOf(symbol) != -1): null

2019-08-10 23:55:36 - [TEST_STEP][PASSED] - if (i == 4 &amp;&amp; wildList.indexOf(symbol) != -1): null

2019-08-10 23:55:36 - [TEST_STEP][PASSED] - symbol = symbol: null

2019-08-10 23:55:36 - [TEST_STEP][PASSED] - println(symbol): null

2019-08-10 23:55:36 - [TEST_STEP][PASSED] - if (i == 2 &amp;&amp; wildList.indexOf(symbol) != -1): null

2019-08-10 23:55:36 - [TEST_STEP][PASSED] - if (i == 3 &amp;&amp; wildList.indexOf(symbol) != -1): null

2019-08-10 23:55:36 - [TEST_STEP][PASSED] - if (i == 4 &amp;&amp; wildList.indexOf(symbol) != -1): null

2019-08-10 23:55:36 - [TEST_STEP][PASSED] - symbol = symbol: null

2019-08-10 23:55:36 - [TEST_STEP][PASSED] - println(symbol): null

2019-08-10 23:55:36 - [TEST_STEP][PASSED] - if (i == 2 &amp;&amp; wildList.indexOf(symbol) != -1): null

2019-08-10 23:55:36 - [TEST_STEP][PASSED] - if (i == 3 &amp;&amp; wildList.indexOf(symbol) != -1): null

2019-08-10 23:55:36 - [TEST_STEP][PASSED] - if (i == 4 &amp;&amp; wildList.indexOf(symbol) != -1): null

2019-08-10 23:55:36 - [TEST_STEP][PASSED] - symbols = symbols: null

2019-08-10 23:55:36 - [TEST_STEP][PASSED] - for ([j = 0, j &lt; symbols.size(), (j++)]): null

2019-08-10 23:55:36 - [TEST_STEP][PASSED] - symbol = symbol: null

2019-08-10 23:55:36 - [TEST_STEP][PASSED] - println(symbol): null

2019-08-10 23:55:36 - [TEST_STEP][PASSED] - if (i == 2 &amp;&amp; wildList.indexOf(symbol) != -1): null

2019-08-10 23:55:36 - [TEST_STEP][PASSED] - if (i == 3 &amp;&amp; wildList.indexOf(symbol) != -1): null

2019-08-10 23:55:36 - [TEST_STEP][PASSED] - if (i == 4 &amp;&amp; wildList.indexOf(symbol) != -1): null

2019-08-10 23:55:36 - [TEST_STEP][PASSED] - symbol = symbol: null

2019-08-10 23:55:36 - [TEST_STEP][PASSED] - println(symbol): null

2019-08-10 23:55:36 - [TEST_STEP][PASSED] - if (i == 2 &amp;&amp; wildList.indexOf(symbol) != -1): null

2019-08-10 23:55:36 - [TEST_STEP][PASSED] - if (i == 3 &amp;&amp; wildList.indexOf(symbol) != -1): null

2019-08-10 23:55:36 - [TEST_STEP][PASSED] - if (i == 4 &amp;&amp; wildList.indexOf(symbol) != -1): null

2019-08-10 23:55:36 - [TEST_STEP][PASSED] - symbol = symbol: null

2019-08-10 23:55:36 - [TEST_STEP][PASSED] - println(symbol): null

2019-08-10 23:55:36 - [TEST_STEP][PASSED] - if (i == 2 &amp;&amp; wildList.indexOf(symbol) != -1): null

2019-08-10 23:55:36 - [TEST_STEP][PASSED] - if (i == 3 &amp;&amp; wildList.indexOf(symbol) != -1): null

2019-08-10 23:55:36 - [TEST_STEP][PASSED] - if (i == 4 &amp;&amp; wildList.indexOf(symbol) != -1): null

2019-08-10 23:55:36 - [TEST_STEP][PASSED] - symbols = symbols: null

2019-08-10 23:55:36 - [TEST_STEP][PASSED] - for ([j = 0, j &lt; symbols.size(), (j++)]): null

2019-08-10 23:55:36 - [TEST_STEP][PASSED] - symbol = symbol: null

2019-08-10 23:55:36 - [TEST_STEP][PASSED] - println(symbol): null

2019-08-10 23:55:36 - [TEST_STEP][PASSED] - if (i == 2 &amp;&amp; wildList.indexOf(symbol) != -1): null

2019-08-10 23:55:36 - [TEST_STEP][PASSED] - if (i == 3 &amp;&amp; wildList.indexOf(symbol) != -1): null

2019-08-10 23:55:36 - [TEST_STEP][PASSED] - if (i == 4 &amp;&amp; wildList.indexOf(symbol) != -1): null

2019-08-10 23:55:36 - [TEST_STEP][PASSED] - symbol = symbol: null

2019-08-10 23:55:36 - [TEST_STEP][PASSED] - println(symbol): null

2019-08-10 23:55:36 - [TEST_STEP][PASSED] - if (i == 2 &amp;&amp; wildList.indexOf(symbol) != -1): null

2019-08-10 23:55:36 - [TEST_STEP][PASSED] - if (i == 3 &amp;&amp; wildList.indexOf(symbol) != -1): null

2019-08-10 23:55:36 - [TEST_STEP][PASSED] - if (i == 4 &amp;&amp; wildList.indexOf(symbol) != -1): null

2019-08-10 23:55:36 - [TEST_STEP][PASSED] - symbol = symbol: null

2019-08-10 23:55:36 - [TEST_STEP][PASSED] - println(symbol): null

2019-08-10 23:55:36 - [TEST_STEP][PASSED] - if (i == 2 &amp;&amp; wildList.indexOf(symbol) != -1): null

2019-08-10 23:55:36 - [TEST_STEP][PASSED] - if (i == 3 &amp;&amp; wildList.indexOf(symbol) != -1): null

2019-08-10 23:55:36 - [TEST_STEP][PASSED] - if (i == 4 &amp;&amp; wildList.indexOf(symbol) != -1): null

2019-08-10 23:55:36 - [TEST_STEP][PASSED] - symbols = symbols: null

2019-08-10 23:55:36 - [TEST_STEP][PASSED] - for ([j = 0, j &lt; symbols.size(), (j++)]): null

2019-08-10 23:55:36 - [TEST_STEP][PASSED] - symbol = symbol: null

2019-08-10 23:55:36 - [TEST_STEP][PASSED] - println(symbol): null

2019-08-10 23:55:36 - [TEST_STEP][PASSED] - if (i == 2 &amp;&amp; wildList.indexOf(symbol) != -1): null

2019-08-10 23:55:39 - [TEST_STEP][PASSED] - if (i == 3 &amp;&amp; wildList.indexOf(symbol) != -1): null

2019-08-10 23:55:39 - [TEST_STEP][PASSED] - if (i == 4 &amp;&amp; wildList.indexOf(symbol) != -1): null

2019-08-10 23:55:39 - [TEST_STEP][PASSED] - symbol = symbol: null

2019-08-10 23:55:39 - [TEST_STEP][PASSED] - println(symbol): null

2019-08-10 23:55:39 - [TEST_STEP][PASSED] - if (i == 2 &amp;&amp; wildList.indexOf(symbol) != -1): null

2019-08-10 23:55:39 - [TEST_STEP][PASSED] - if (i == 3 &amp;&amp; wildList.indexOf(symbol) != -1): null

2019-08-10 23:55:39 - [TEST_STEP][PASSED] - if (i == 4 &amp;&amp; wildList.indexOf(symbol) != -1): null

2019-08-10 23:55:39 - [TEST_STEP][PASSED] - symbol = symbol: null

2019-08-10 23:55:39 - [TEST_STEP][PASSED] - println(symbol): null

2019-08-10 23:55:39 - [TEST_STEP][PASSED] - if (i == 2 &amp;&amp; wildList.indexOf(symbol) != -1): null

2019-08-10 23:55:39 - [TEST_STEP][PASSED] - if (i == 3 &amp;&amp; wildList.indexOf(symbol) != -1): null

2019-08-10 23:55:39 - [TEST_STEP][PASSED] - if (i == 4 &amp;&amp; wildList.indexOf(symbol) != -1): null

2019-08-10 23:55:39 - [TEST_STEP][PASSED] - symbols = symbols: null

2019-08-10 23:55:39 - [TEST_STEP][PASSED] - for ([j = 0, j &lt; symbols.size(), (j++)]): null

2019-08-10 23:55:39 - [TEST_STEP][PASSED] - symbol = symbol: null

2019-08-10 23:55:39 - [TEST_STEP][PASSED] - println(symbol): null

2019-08-10 23:55:39 - [TEST_STEP][PASSED] - if (i == 2 &amp;&amp; wildList.indexOf(symbol) != -1): null

2019-08-10 23:55:39 - [TEST_STEP][PASSED] - if (i == 3 &amp;&amp; wildList.indexOf(symbol) != -1): null

2019-08-10 23:55:39 - [TEST_STEP][PASSED] - if (i == 4 &amp;&amp; wildList.indexOf(symbol) != -1): null

2019-08-10 23:55:39 - [TEST_STEP][PASSED] - symbol = symbol: null

2019-08-10 23:55:39 - [TEST_STEP][PASSED] - println(symbol): null

2019-08-10 23:55:39 - [TEST_STEP][PASSED] - if (i == 2 &amp;&amp; wildList.indexOf(symbol) != -1): null

2019-08-10 23:55:39 - [TEST_STEP][PASSED] - if (i == 3 &amp;&amp; wildList.indexOf(symbol) != -1): null

2019-08-10 23:55:39 - [TEST_STEP][PASSED] - if (i == 4 &amp;&amp; wildList.indexOf(symbol) != -1): null

2019-08-10 23:55:39 - [TEST_STEP][PASSED] - symbol = symbol: null

2019-08-10 23:55:39 - [TEST_STEP][PASSED] - println(symbol): null

2019-08-10 23:55:39 - [TEST_STEP][PASSED] - if (i == 2 &amp;&amp; wildList.indexOf(symbol) != -1): null

2019-08-10 23:55:39 - [TEST_STEP][PASSED] - if (i == 3 &amp;&amp; wildList.indexOf(symbol) != -1): null

2019-08-10 23:55:39 - [TEST_STEP][PASSED] - if (i == 4 &amp;&amp; wildList.indexOf(symbol) != -1): null

2019-08-10 23:55:39 - [TEST_STEP][PASSED] - free_spin_reel_counter = free_spin_reel_counter: null

2019-08-10 23:55:39 - [TEST_STEP][PASSED] - println("reel 3 wild found: " + free_spin_reel_counter[0]): null

2019-08-10 23:55:39 - [TEST_STEP][PASSED] - println("reel 4 wild found: " + free_spin_reel_counter[1]): null

2019-08-10 23:55:39 - [TEST_STEP][PASSED] - println("reel 5 wild found: " + free_spin_reel_counter[2]): null

2019-08-10 23:55:39 - [TEST_STEP][PASSED] - M4_spin_reels = M4_spin_reels: null

2019-08-10 23:55:39 - [TEST_STEP][PASSED] - M4_spin_reels_symbols = symbol: null

2019-08-10 23:55:39 - [TEST_STEP][PASSED] - M4_spin_reels_symbols = M4_spin_reels_symbols: null

2019-08-10 23:55:39 - [TEST_STEP][PASSED] - M4_spin_reel_wins = reel_wins: null

2019-08-10 23:55:39 - [TEST_STEP][PASSED] - M4_spin_reel_wins = M4_spin_reel_wins: null

2019-08-10 23:55:39 - [TEST_STEP][PASSED] - println("GlobalVariable.M4_spin_reel_wins is: " + M4_spin_reel_wins): null

2019-08-10 23:55:39 - [TEST_STEP][PASSED] - M4_spin_total_bonus_win_this_round = total_bonus_win_this_round: null

2019-08-10 23:55:39 - [TEST_STEP][PASSED] - M4_spin_total_bonus_win_this_round = M4_spin_total_bonus_win_this_round: null

2019-08-10 23:55:39 - [TEST_STEP][PASSED] - println("GlobalVariable.M4_spin_total_bonus_win_this_round is: " + M4_spin_total_bonus_win_this_round): null

2019-08-10 23:55:39 - [MESSAGE][PASSED] - Verify response successfully

2019-08-10 23:55:39 - [MESSAGE][PASSED] - Send request and verify the response successfully

2019-08-10 23:55:39 - [TEST_STEP][PASSED] - if (M4_total_bonus_spins_int != 0 &amp;&amp; M4_spin_reels_symbols[2].contains("WILD_Double") || M4_spin_reels_symbols[4].contains("WILD_Triple")): null

2019-08-10 23:55:39 - [TEST_STEP][PASSED] - free_spin_reel_counter = free_spin_reel_counter: null

2019-08-10 23:55:39 - [TEST_STEP][PASSED] - M4_spin_reels_symbols = M4_spin_reels_symbols: null

2019-08-10 23:55:39 - [TEST_STEP][PASSED] - M4_total_bonus_spins = M4_total_bonus_spins: null

2019-08-10 23:55:39 - [TEST_STEP][PASSED] - spin_result = sendRequestAndVerify(findTestObject("RGS(M4)/1_M4_spin", ["M4_login_user_id":M4_login_user_id, "rgs_session_token":rgs_session_token, "partner":Partner])): Send request and verify the response successfully

2019-08-10 23:55:40 - [TEST_CASE][PASSED] - Start Test Case : Verification: Verification accomplished successfully

2019-08-10 23:55:40 - [TEST_STEP][PASSED] - request = getInstance().getCurrentRequest(): null

2019-08-10 23:55:40 - [TEST_STEP][PASSED] - response = getInstance().getCurrentResponse(): null

2019-08-10 23:55:40 - [TEST_STEP][PASSED] - verifyResponseStatusCode(response, 200): Verify response status code successfully

2019-08-10 23:55:40 - [MESSAGE][PASSED] - Verify response status code successfully

2019-08-10 23:55:40 - [TEST_STEP][PASSED] - getStatusCode()).isEqualTo(200): null

2019-08-10 23:55:40 - [TEST_STEP][PASSED] - newline = System.getProperty("line.separator"): null

2019-08-10 23:55:40 - [TEST_STEP][PASSED] - M4_spin = new groovy.json.JsonSlurper(): null

2019-08-10 23:55:40 - [TEST_STEP][PASSED] - result_M4_spin = M4_spin.parseText(response.getResponseBodyContent()): null

2019-08-10 23:55:40 - [TEST_STEP][PASSED] - M4_spin_current_balance = current_balance: null

2019-08-10 23:55:40 - [TEST_STEP][PASSED] - M4_spin_current_balance = M4_spin_current_balance: null

2019-08-10 23:55:40 - [TEST_STEP][PASSED] - M4_spin_transaction_id = causality: null

2019-08-10 23:55:40 - [TEST_STEP][PASSED] - M4_spin_transaction_id = M4_spin_transaction_id: null

2019-08-10 23:55:40 - [TEST_STEP][PASSED] - M4_spin_round_id = round_id: null

2019-08-10 23:55:40 - [TEST_STEP][PASSED] - M4_spin_round_id = M4_spin_round_id: null

2019-08-10 23:55:40 - [TEST_STEP][PASSED] - M4_spin_line_wins = line_wins: null

2019-08-10 23:55:40 - [TEST_STEP][PASSED] - M4_spin_line_wins = M4_spin_line_wins: null

2019-08-10 23:55:40 - [TEST_STEP][PASSED] - M4_total_bonus_spins_int = total_bonus_spins: null

2019-08-10 23:55:40 - [TEST_STEP][PASSED] - println("******M4_total_bonus_spins type is:*******" + newline + getClass().getName()): null

2019-08-10 23:55:40 - [TEST_STEP][PASSED] - M4_total_bonus_spins_int = M4_total_bonus_spins_int: null

2019-08-10 23:55:40 - [TEST_STEP][PASSED] - M4_total_bonus_spins = Integer.toString(M4_total_bonus_spins_int): null

2019-08-10 23:55:40 - [TEST_STEP][PASSED] - M4_total_bonus_spins = M4_total_bonus_spins: null

2019-08-10 23:55:40 - [TEST_STEP][PASSED] - println("M4_total_bonus_spins is:" + M4_total_bonus_spins): null

2019-08-10 23:55:40 - [TEST_STEP][PASSED] - M4_spin_bonus_data = bonus_data: null

2019-08-10 23:55:40 - [TEST_STEP][PASSED] - M4_spin_features_triggered = result_M4_spin: null

2019-08-10 23:55:40 - [TEST_STEP][PASSED] - wild = []: null

2019-08-10 23:55:40 - [TEST_STEP][PASSED] - wild[0] = "WILD_Expanding": null

2019-08-10 23:55:40 - [TEST_STEP][PASSED] - wild[1] = "WILD_Normal": null

2019-08-10 23:55:40 - [TEST_STEP][PASSED] - wild[2] = "WILD_Double": null

2019-08-10 23:55:40 - [TEST_STEP][PASSED] - wild[3] = "WILD_ExtraFG": null

2019-08-10 23:55:40 - [TEST_STEP][PASSED] - wild[4] = "WILD_Triple": null

2019-08-10 23:55:40 - [TEST_STEP][PASSED] - wildList = Arrays.asList(wild): null

2019-08-10 23:55:40 - [TEST_STEP][PASSED] - wildList = wildList: null

2019-08-10 23:55:40 - [TEST_STEP][PASSED] - free_spin_reel_counter = []: null

2019-08-10 23:55:40 - [TEST_STEP][PASSED] - free_spin_reel_counter[0] = 0: null

2019-08-10 23:55:40 - [TEST_STEP][PASSED] - free_spin_reel_counter[1] = 0: null

2019-08-10 23:55:40 - [TEST_STEP][PASSED] - free_spin_reel_counter[2] = 0: null

2019-08-10 23:55:40 - [TEST_STEP][PASSED] - M4_spin_reels = reels: null

2019-08-10 23:55:40 - [TEST_STEP][PASSED] - for ([i = 0, i &lt; M4_spin_reels.size(), (i++)]): null

2019-08-10 23:55:40 - [TEST_STEP][PASSED] - symbols = symbols: null

2019-08-10 23:55:40 - [TEST_STEP][PASSED] - for ([j = 0, j &lt; symbols.size(), (j++)]): null

2019-08-10 23:55:40 - [TEST_STEP][PASSED] - symbol = symbol: null

2019-08-10 23:55:40 - [TEST_STEP][PASSED] - println(symbol): null

2019-08-10 23:55:40 - [TEST_STEP][PASSED] - if (i == 2 &amp;&amp; wildList.indexOf(symbol) != -1): null

2019-08-10 23:55:40 - [TEST_STEP][PASSED] - if (i == 3 &amp;&amp; wildList.indexOf(symbol) != -1): null

2019-08-10 23:55:40 - [TEST_STEP][PASSED] - if (i == 4 &amp;&amp; wildList.indexOf(symbol) != -1): null

2019-08-10 23:55:40 - [TEST_STEP][PASSED] - symbol = symbol: null

2019-08-10 23:55:40 - [TEST_STEP][PASSED] - println(symbol): null

2019-08-10 23:55:40 - [TEST_STEP][PASSED] - if (i == 2 &amp;&amp; wildList.indexOf(symbol) != -1): null

2019-08-10 23:55:40 - [TEST_STEP][PASSED] - if (i == 3 &amp;&amp; wildList.indexOf(symbol) != -1): null

2019-08-10 23:55:40 - [TEST_STEP][PASSED] - if (i == 4 &amp;&amp; wildList.indexOf(symbol) != -1): null

2019-08-10 23:55:40 - [TEST_STEP][PASSED] - symbol = symbol: null

2019-08-10 23:55:40 - [TEST_STEP][PASSED] - println(symbol): null

2019-08-10 23:55:40 - [TEST_STEP][PASSED] - if (i == 2 &amp;&amp; wildList.indexOf(symbol) != -1): null

2019-08-10 23:55:40 - [TEST_STEP][PASSED] - if (i == 3 &amp;&amp; wildList.indexOf(symbol) != -1): null

2019-08-10 23:55:40 - [TEST_STEP][PASSED] - if (i == 4 &amp;&amp; wildList.indexOf(symbol) != -1): null

2019-08-10 23:55:40 - [TEST_STEP][PASSED] - symbols = symbols: null

2019-08-10 23:55:40 - [TEST_STEP][PASSED] - for ([j = 0, j &lt; symbols.size(), (j++)]): null

2019-08-10 23:55:40 - [TEST_STEP][PASSED] - symbol = symbol: null

2019-08-10 23:55:40 - [TEST_STEP][PASSED] - println(symbol): null

2019-08-10 23:55:40 - [TEST_STEP][PASSED] - if (i == 2 &amp;&amp; wildList.indexOf(symbol) != -1): null

2019-08-10 23:55:40 - [TEST_STEP][PASSED] - if (i == 3 &amp;&amp; wildList.indexOf(symbol) != -1): null

2019-08-10 23:55:40 - [TEST_STEP][PASSED] - if (i == 4 &amp;&amp; wildList.indexOf(symbol) != -1): null

2019-08-10 23:55:40 - [TEST_STEP][PASSED] - symbol = symbol: null

2019-08-10 23:55:40 - [TEST_STEP][PASSED] - println(symbol): null

2019-08-10 23:55:40 - [TEST_STEP][PASSED] - if (i == 2 &amp;&amp; wildList.indexOf(symbol) != -1): null

2019-08-10 23:55:40 - [TEST_STEP][PASSED] - if (i == 3 &amp;&amp; wildList.indexOf(symbol) != -1): null

2019-08-10 23:55:40 - [TEST_STEP][PASSED] - if (i == 4 &amp;&amp; wildList.indexOf(symbol) != -1): null

2019-08-10 23:55:40 - [TEST_STEP][PASSED] - symbol = symbol: null

2019-08-10 23:55:40 - [TEST_STEP][PASSED] - println(symbol): null

2019-08-10 23:55:40 - [TEST_STEP][PASSED] - if (i == 2 &amp;&amp; wildList.indexOf(symbol) != -1): null

2019-08-10 23:55:40 - [TEST_STEP][PASSED] - if (i == 3 &amp;&amp; wildList.indexOf(symbol) != -1): null

2019-08-10 23:55:40 - [TEST_STEP][PASSED] - if (i == 4 &amp;&amp; wildList.indexOf(symbol) != -1): null

2019-08-10 23:55:40 - [TEST_STEP][PASSED] - symbols = symbols: null

2019-08-10 23:55:40 - [TEST_STEP][PASSED] - for ([j = 0, j &lt; symbols.size(), (j++)]): null

2019-08-10 23:55:40 - [TEST_STEP][PASSED] - symbol = symbol: null

2019-08-10 23:55:40 - [TEST_STEP][PASSED] - println(symbol): null

2019-08-10 23:55:40 - [TEST_STEP][PASSED] - if (i == 2 &amp;&amp; wildList.indexOf(symbol) != -1): null

2019-08-10 23:55:40 - [TEST_STEP][PASSED] - if (i == 3 &amp;&amp; wildList.indexOf(symbol) != -1): null

2019-08-10 23:55:40 - [TEST_STEP][PASSED] - if (i == 4 &amp;&amp; wildList.indexOf(symbol) != -1): null

2019-08-10 23:55:40 - [TEST_STEP][PASSED] - symbol = symbol: null

2019-08-10 23:55:40 - [TEST_STEP][PASSED] - println(symbol): null

2019-08-10 23:55:40 - [TEST_STEP][PASSED] - if (i == 2 &amp;&amp; wildList.indexOf(symbol) != -1): null

2019-08-10 23:55:40 - [TEST_STEP][PASSED] - if (i == 3 &amp;&amp; wildList.indexOf(symbol) != -1): null

2019-08-10 23:55:40 - [TEST_STEP][PASSED] - if (i == 4 &amp;&amp; wildList.indexOf(symbol) != -1): null

2019-08-10 23:55:40 - [TEST_STEP][PASSED] - symbol = symbol: null

2019-08-10 23:55:40 - [TEST_STEP][PASSED] - println(symbol): null

2019-08-10 23:55:40 - [TEST_STEP][PASSED] - if (i == 2 &amp;&amp; wildList.indexOf(symbol) != -1): null

2019-08-10 23:55:40 - [TEST_STEP][PASSED] - if (i == 3 &amp;&amp; wildList.indexOf(symbol) != -1): null

2019-08-10 23:55:40 - [TEST_STEP][PASSED] - if (i == 4 &amp;&amp; wildList.indexOf(symbol) != -1): null

2019-08-10 23:55:40 - [TEST_STEP][PASSED] - symbols = symbols: null

2019-08-10 23:55:40 - [TEST_STEP][PASSED] - for ([j = 0, j &lt; symbols.size(), (j++)]): null

2019-08-10 23:55:40 - [TEST_STEP][PASSED] - symbol = symbol: null

2019-08-10 23:55:40 - [TEST_STEP][PASSED] - println(symbol): null

2019-08-10 23:55:40 - [TEST_STEP][PASSED] - if (i == 2 &amp;&amp; wildList.indexOf(symbol) != -1): null

2019-08-10 23:55:40 - [TEST_STEP][PASSED] - if (i == 3 &amp;&amp; wildList.indexOf(symbol) != -1): null

2019-08-10 23:55:40 - [TEST_STEP][PASSED] - if (i == 4 &amp;&amp; wildList.indexOf(symbol) != -1): null

2019-08-10 23:55:40 - [TEST_STEP][PASSED] - symbol = symbol: null

2019-08-10 23:55:40 - [TEST_STEP][PASSED] - println(symbol): null

2019-08-10 23:55:40 - [TEST_STEP][PASSED] - if (i == 2 &amp;&amp; wildList.indexOf(symbol) != -1): null

2019-08-10 23:55:40 - [TEST_STEP][PASSED] - if (i == 3 &amp;&amp; wildList.indexOf(symbol) != -1): null

2019-08-10 23:55:40 - [TEST_STEP][PASSED] - if (i == 4 &amp;&amp; wildList.indexOf(symbol) != -1): null

2019-08-10 23:55:40 - [TEST_STEP][PASSED] - symbol = symbol: null

2019-08-10 23:55:40 - [TEST_STEP][PASSED] - println(symbol): null

2019-08-10 23:55:40 - [TEST_STEP][PASSED] - if (i == 2 &amp;&amp; wildList.indexOf(symbol) != -1): null

2019-08-10 23:55:40 - [TEST_STEP][PASSED] - if (i == 3 &amp;&amp; wildList.indexOf(symbol) != -1): null

2019-08-10 23:55:40 - [TEST_STEP][PASSED] - if (i == 4 &amp;&amp; wildList.indexOf(symbol) != -1): null

2019-08-10 23:55:40 - [TEST_STEP][PASSED] - symbols = symbols: null

2019-08-10 23:55:40 - [TEST_STEP][PASSED] - for ([j = 0, j &lt; symbols.size(), (j++)]): null

2019-08-10 23:55:40 - [TEST_STEP][PASSED] - symbol = symbol: null

2019-08-10 23:55:40 - [TEST_STEP][PASSED] - println(symbol): null

2019-08-10 23:55:40 - [TEST_STEP][PASSED] - if (i == 2 &amp;&amp; wildList.indexOf(symbol) != -1): null

2019-08-10 23:55:40 - [TEST_STEP][PASSED] - if (i == 3 &amp;&amp; wildList.indexOf(symbol) != -1): null

2019-08-10 23:55:40 - [TEST_STEP][PASSED] - if (i == 4 &amp;&amp; wildList.indexOf(symbol) != -1): null

2019-08-10 23:55:40 - [TEST_STEP][PASSED] - symbol = symbol: null

2019-08-10 23:55:40 - [TEST_STEP][PASSED] - println(symbol): null

2019-08-10 23:55:40 - [TEST_STEP][PASSED] - if (i == 2 &amp;&amp; wildList.indexOf(symbol) != -1): null

2019-08-10 23:55:40 - [TEST_STEP][PASSED] - if (i == 3 &amp;&amp; wildList.indexOf(symbol) != -1): null

2019-08-10 23:55:40 - [TEST_STEP][PASSED] - if (i == 4 &amp;&amp; wildList.indexOf(symbol) != -1): null

2019-08-10 23:55:40 - [TEST_STEP][PASSED] - symbol = symbol: null

2019-08-10 23:55:40 - [TEST_STEP][PASSED] - println(symbol): null

2019-08-10 23:55:40 - [TEST_STEP][PASSED] - if (i == 2 &amp;&amp; wildList.indexOf(symbol) != -1): null

2019-08-10 23:55:40 - [TEST_STEP][PASSED] - if (i == 3 &amp;&amp; wildList.indexOf(symbol) != -1): null

2019-08-10 23:55:40 - [TEST_STEP][PASSED] - if (i == 4 &amp;&amp; wildList.indexOf(symbol) != -1): null

2019-08-10 23:55:40 - [TEST_STEP][PASSED] - free_spin_reel_counter = free_spin_reel_counter: null

2019-08-10 23:55:40 - [TEST_STEP][PASSED] - println("reel 3 wild found: " + free_spin_reel_counter[0]): null

2019-08-10 23:55:40 - [TEST_STEP][PASSED] - println("reel 4 wild found: " + free_spin_reel_counter[1]): null

2019-08-10 23:55:40 - [TEST_STEP][PASSED] - println("reel 5 wild found: " + free_spin_reel_counter[2]): null

2019-08-10 23:55:40 - [TEST_STEP][PASSED] - M4_spin_reels = M4_spin_reels: null

2019-08-10 23:55:40 - [TEST_STEP][PASSED] - M4_spin_reels_symbols = symbol: null

2019-08-10 23:55:40 - [TEST_STEP][PASSED] - M4_spin_reels_symbols = M4_spin_reels_symbols: null

2019-08-10 23:55:40 - [TEST_STEP][PASSED] - M4_spin_reel_wins = reel_wins: null

2019-08-10 23:55:40 - [TEST_STEP][PASSED] - M4_spin_reel_wins = M4_spin_reel_wins: null

2019-08-10 23:55:40 - [TEST_STEP][PASSED] - println("GlobalVariable.M4_spin_reel_wins is: " + M4_spin_reel_wins): null

2019-08-10 23:55:40 - [TEST_STEP][PASSED] - M4_spin_total_bonus_win_this_round = total_bonus_win_this_round: null

2019-08-10 23:55:40 - [TEST_STEP][PASSED] - M4_spin_total_bonus_win_this_round = M4_spin_total_bonus_win_this_round: null

2019-08-10 23:55:40 - [TEST_STEP][PASSED] - println("GlobalVariable.M4_spin_total_bonus_win_this_round is: " + M4_spin_total_bonus_win_this_round): null

2019-08-10 23:55:40 - [MESSAGE][PASSED] - Verify response successfully

2019-08-10 23:55:40 - [MESSAGE][PASSED] - Send request and verify the response successfully

2019-08-10 23:55:40 - [TEST_STEP][PASSED] - if (M4_total_bonus_spins_int != 0 &amp;&amp; M4_spin_reels_symbols[2].contains("WILD_Double") || M4_spin_reels_symbols[4].contains("WILD_Triple")): null

2019-08-10 23:55:40 - [TEST_STEP][PASSED] - free_spin_reel_counter = free_spin_reel_counter: null

2019-08-10 23:55:40 - [TEST_STEP][PASSED] - M4_spin_reels_symbols = M4_spin_reels_symbols: null

2019-08-10 23:55:40 - [TEST_STEP][PASSED] - M4_total_bonus_spins = M4_total_bonus_spins: null

2019-08-10 23:55:40 - [TEST_STEP][PASSED] - spin_result = sendRequestAndVerify(findTestObject("RGS(M4)/1_M4_spin", ["M4_login_user_id":M4_login_user_id, "rgs_session_token":rgs_session_token, "partner":Partner])): Send request and verify the response successfully

2019-08-10 23:55:40 - [TEST_CASE][PASSED] - Start Test Case : Verification: Verification accomplished successfully

2019-08-10 23:55:41 - [TEST_STEP][PASSED] - request = getInstance().getCurrentRequest(): null

2019-08-10 23:55:41 - [TEST_STEP][PASSED] - response = getInstance().getCurrentResponse(): null

2019-08-10 23:55:41 - [TEST_STEP][PASSED] - verifyResponseStatusCode(response, 200): Verify response status code successfully

2019-08-10 23:55:41 - [MESSAGE][PASSED] - Verify response status code successfully

2019-08-10 23:55:41 - [TEST_STEP][PASSED] - getStatusCode()).isEqualTo(200): null

2019-08-10 23:55:41 - [TEST_STEP][PASSED] - newline = System.getProperty("line.separator"): null

2019-08-10 23:55:41 - [TEST_STEP][PASSED] - M4_spin = new groovy.json.JsonSlurper(): null

2019-08-10 23:55:41 - [TEST_STEP][PASSED] - result_M4_spin = M4_spin.parseText(response.getResponseBodyContent()): null

2019-08-10 23:55:41 - [TEST_STEP][PASSED] - M4_spin_current_balance = current_balance: null

2019-08-10 23:55:41 - [TEST_STEP][PASSED] - M4_spin_current_balance = M4_spin_current_balance: null

2019-08-10 23:55:41 - [TEST_STEP][PASSED] - M4_spin_transaction_id = causality: null

2019-08-10 23:55:41 - [TEST_STEP][PASSED] - M4_spin_transaction_id = M4_spin_transaction_id: null

2019-08-10 23:55:41 - [TEST_STEP][PASSED] - M4_spin_round_id = round_id: null

2019-08-10 23:55:41 - [TEST_STEP][PASSED] - M4_spin_round_id = M4_spin_round_id: null

2019-08-10 23:55:41 - [TEST_STEP][PASSED] - M4_spin_line_wins = line_wins: null

2019-08-10 23:55:41 - [TEST_STEP][PASSED] - M4_spin_line_wins = M4_spin_line_wins: null

2019-08-10 23:55:41 - [TEST_STEP][PASSED] - M4_total_bonus_spins_int = total_bonus_spins: null

2019-08-10 23:55:41 - [TEST_STEP][PASSED] - println("******M4_total_bonus_spins type is:*******" + newline + getClass().getName()): null

2019-08-10 23:55:41 - [TEST_STEP][PASSED] - M4_total_bonus_spins_int = M4_total_bonus_spins_int: null

2019-08-10 23:55:41 - [TEST_STEP][PASSED] - M4_total_bonus_spins = Integer.toString(M4_total_bonus_spins_int): null

2019-08-10 23:55:41 - [TEST_STEP][PASSED] - M4_total_bonus_spins = M4_total_bonus_spins: null

2019-08-10 23:55:41 - [TEST_STEP][PASSED] - println("M4_total_bonus_spins is:" + M4_total_bonus_spins): null

2019-08-10 23:55:41 - [TEST_STEP][PASSED] - M4_spin_bonus_data = bonus_data: null

2019-08-10 23:55:41 - [TEST_STEP][PASSED] - M4_spin_features_triggered = result_M4_spin: null

2019-08-10 23:55:41 - [TEST_STEP][PASSED] - wild = []: null

2019-08-10 23:55:41 - [TEST_STEP][PASSED] - wild[0] = "WILD_Expanding": null

2019-08-10 23:55:41 - [TEST_STEP][PASSED] - wild[1] = "WILD_Normal": null

2019-08-10 23:55:41 - [TEST_STEP][PASSED] - wild[2] = "WILD_Double": null

2019-08-10 23:55:41 - [TEST_STEP][PASSED] - wild[3] = "WILD_ExtraFG": null

2019-08-10 23:55:41 - [TEST_STEP][PASSED] - wild[4] = "WILD_Triple": null

2019-08-10 23:55:41 - [TEST_STEP][PASSED] - wildList = Arrays.asList(wild): null

2019-08-10 23:55:41 - [TEST_STEP][PASSED] - wildList = wildList: null

2019-08-10 23:55:41 - [TEST_STEP][PASSED] - free_spin_reel_counter = []: null

2019-08-10 23:55:41 - [TEST_STEP][PASSED] - free_spin_reel_counter[0] = 0: null

2019-08-10 23:55:41 - [TEST_STEP][PASSED] - free_spin_reel_counter[1] = 0: null

2019-08-10 23:55:41 - [TEST_STEP][PASSED] - free_spin_reel_counter[2] = 0: null

2019-08-10 23:55:41 - [TEST_STEP][PASSED] - M4_spin_reels = reels: null

2019-08-10 23:55:41 - [TEST_STEP][PASSED] - for ([i = 0, i &lt; M4_spin_reels.size(), (i++)]): null

2019-08-10 23:55:41 - [TEST_STEP][PASSED] - symbols = symbols: null

2019-08-10 23:55:41 - [TEST_STEP][PASSED] - for ([j = 0, j &lt; symbols.size(), (j++)]): null

2019-08-10 23:55:41 - [TEST_STEP][PASSED] - symbol = symbol: null

2019-08-10 23:55:41 - [TEST_STEP][PASSED] - println(symbol): null

2019-08-10 23:55:41 - [TEST_STEP][PASSED] - if (i == 2 &amp;&amp; wildList.indexOf(symbol) != -1): null

2019-08-10 23:55:41 - [TEST_STEP][PASSED] - if (i == 3 &amp;&amp; wildList.indexOf(symbol) != -1): null

2019-08-10 23:55:41 - [TEST_STEP][PASSED] - if (i == 4 &amp;&amp; wildList.indexOf(symbol) != -1): null

2019-08-10 23:55:41 - [TEST_STEP][PASSED] - symbol = symbol: null

2019-08-10 23:55:41 - [TEST_STEP][PASSED] - println(symbol): null

2019-08-10 23:55:41 - [TEST_STEP][PASSED] - if (i == 2 &amp;&amp; wildList.indexOf(symbol) != -1): null

2019-08-10 23:55:41 - [TEST_STEP][PASSED] - if (i == 3 &amp;&amp; wildList.indexOf(symbol) != -1): null

2019-08-10 23:55:41 - [TEST_STEP][PASSED] - if (i == 4 &amp;&amp; wildList.indexOf(symbol) != -1): null

2019-08-10 23:55:41 - [TEST_STEP][PASSED] - symbol = symbol: null

2019-08-10 23:55:41 - [TEST_STEP][PASSED] - println(symbol): null

2019-08-10 23:55:41 - [TEST_STEP][PASSED] - if (i == 2 &amp;&amp; wildList.indexOf(symbol) != -1): null

2019-08-10 23:55:41 - [TEST_STEP][PASSED] - if (i == 3 &amp;&amp; wildList.indexOf(symbol) != -1): null

2019-08-10 23:55:41 - [TEST_STEP][PASSED] - if (i == 4 &amp;&amp; wildList.indexOf(symbol) != -1): null

2019-08-10 23:55:41 - [TEST_STEP][PASSED] - symbols = symbols: null

2019-08-10 23:55:41 - [TEST_STEP][PASSED] - for ([j = 0, j &lt; symbols.size(), (j++)]): null

2019-08-10 23:55:41 - [TEST_STEP][PASSED] - symbol = symbol: null

2019-08-10 23:55:41 - [TEST_STEP][PASSED] - println(symbol): null

2019-08-10 23:55:41 - [TEST_STEP][PASSED] - if (i == 2 &amp;&amp; wildList.indexOf(symbol) != -1): null

2019-08-10 23:55:41 - [TEST_STEP][PASSED] - if (i == 3 &amp;&amp; wildList.indexOf(symbol) != -1): null

2019-08-10 23:55:41 - [TEST_STEP][PASSED] - if (i == 4 &amp;&amp; wildList.indexOf(symbol) != -1): null

2019-08-10 23:55:41 - [TEST_STEP][PASSED] - symbol = symbol: null

2019-08-10 23:55:41 - [TEST_STEP][PASSED] - println(symbol): null

2019-08-10 23:55:41 - [TEST_STEP][PASSED] - if (i == 2 &amp;&amp; wildList.indexOf(symbol) != -1): null

2019-08-10 23:55:41 - [TEST_STEP][PASSED] - if (i == 3 &amp;&amp; wildList.indexOf(symbol) != -1): null

2019-08-10 23:55:41 - [TEST_STEP][PASSED] - if (i == 4 &amp;&amp; wildList.indexOf(symbol) != -1): null

2019-08-10 23:55:41 - [TEST_STEP][PASSED] - symbol = symbol: null

2019-08-10 23:55:41 - [TEST_STEP][PASSED] - println(symbol): null

2019-08-10 23:55:41 - [TEST_STEP][PASSED] - if (i == 2 &amp;&amp; wildList.indexOf(symbol) != -1): null

2019-08-10 23:55:41 - [TEST_STEP][PASSED] - if (i == 3 &amp;&amp; wildList.indexOf(symbol) != -1): null

2019-08-10 23:55:41 - [TEST_STEP][PASSED] - if (i == 4 &amp;&amp; wildList.indexOf(symbol) != -1): null

2019-08-10 23:55:41 - [TEST_STEP][PASSED] - symbols = symbols: null

2019-08-10 23:55:41 - [TEST_STEP][PASSED] - for ([j = 0, j &lt; symbols.size(), (j++)]): null

2019-08-10 23:55:41 - [TEST_STEP][PASSED] - symbol = symbol: null

2019-08-10 23:55:41 - [TEST_STEP][PASSED] - println(symbol): null

2019-08-10 23:55:41 - [TEST_STEP][PASSED] - if (i == 2 &amp;&amp; wildList.indexOf(symbol) != -1): null

2019-08-10 23:55:41 - [TEST_STEP][PASSED] - if (i == 3 &amp;&amp; wildList.indexOf(symbol) != -1): null

2019-08-10 23:55:41 - [TEST_STEP][PASSED] - if (i == 4 &amp;&amp; wildList.indexOf(symbol) != -1): null

2019-08-10 23:55:41 - [TEST_STEP][PASSED] - symbol = symbol: null

2019-08-10 23:55:41 - [TEST_STEP][PASSED] - println(symbol): null

2019-08-10 23:55:41 - [TEST_STEP][PASSED] - if (i == 2 &amp;&amp; wildList.indexOf(symbol) != -1): null

2019-08-10 23:55:41 - [TEST_STEP][PASSED] - if (i == 3 &amp;&amp; wildList.indexOf(symbol) != -1): null

2019-08-10 23:55:41 - [TEST_STEP][PASSED] - if (i == 4 &amp;&amp; wildList.indexOf(symbol) != -1): null

2019-08-10 23:55:41 - [TEST_STEP][PASSED] - symbol = symbol: null

2019-08-10 23:55:41 - [TEST_STEP][PASSED] - println(symbol): null

2019-08-10 23:55:41 - [TEST_STEP][PASSED] - if (i == 2 &amp;&amp; wildList.indexOf(symbol) != -1): null

2019-08-10 23:55:41 - [TEST_STEP][PASSED] - println("wild found on reel 3, adding counter by 1"): null

2019-08-10 23:55:41 - [TEST_STEP][PASSED] - free_spin_reel_counter[0] = free_spin_reel_counter[0] + 1: null

2019-08-10 23:55:41 - [TEST_STEP][PASSED] - if (i == 3 &amp;&amp; wildList.indexOf(symbol) != -1): null

2019-08-10 23:55:41 - [TEST_STEP][PASSED] - if (i == 4 &amp;&amp; wildList.indexOf(symbol) != -1): null

2019-08-10 23:55:41 - [TEST_STEP][PASSED] - symbols = symbols: null

2019-08-10 23:55:41 - [TEST_STEP][PASSED] - for ([j = 0, j &lt; symbols.size(), (j++)]): null

2019-08-10 23:55:41 - [TEST_STEP][PASSED] - symbol = symbol: null

2019-08-10 23:55:41 - [TEST_STEP][PASSED] - println(symbol): null

2019-08-10 23:55:41 - [TEST_STEP][PASSED] - if (i == 2 &amp;&amp; wildList.indexOf(symbol) != -1): null

2019-08-10 23:55:41 - [TEST_STEP][PASSED] - if (i == 3 &amp;&amp; wildList.indexOf(symbol) != -1): null

2019-08-10 23:55:41 - [TEST_STEP][PASSED] - if (i == 4 &amp;&amp; wildList.indexOf(symbol) != -1): null

2019-08-10 23:55:41 - [TEST_STEP][PASSED] - symbol = symbol: null

2019-08-10 23:55:41 - [TEST_STEP][PASSED] - println(symbol): null

2019-08-10 23:55:41 - [TEST_STEP][PASSED] - if (i == 2 &amp;&amp; wildList.indexOf(symbol) != -1): null

2019-08-10 23:55:41 - [TEST_STEP][PASSED] - if (i == 3 &amp;&amp; wildList.indexOf(symbol) != -1): null

2019-08-10 23:55:41 - [TEST_STEP][PASSED] - if (i == 4 &amp;&amp; wildList.indexOf(symbol) != -1): null

2019-08-10 23:55:41 - [TEST_STEP][PASSED] - symbol = symbol: null

2019-08-10 23:55:41 - [TEST_STEP][PASSED] - println(symbol): null

2019-08-10 23:55:41 - [TEST_STEP][PASSED] - if (i == 2 &amp;&amp; wildList.indexOf(symbol) != -1): null

2019-08-10 23:55:41 - [TEST_STEP][PASSED] - if (i == 3 &amp;&amp; wildList.indexOf(symbol) != -1): null

2019-08-10 23:55:41 - [TEST_STEP][PASSED] - if (i == 4 &amp;&amp; wildList.indexOf(symbol) != -1): null

2019-08-10 23:55:41 - [TEST_STEP][PASSED] - symbols = symbols: null

2019-08-10 23:55:41 - [TEST_STEP][PASSED] - for ([j = 0, j &lt; symbols.size(), (j++)]): null

2019-08-10 23:55:41 - [TEST_STEP][PASSED] - symbol = symbol: null

2019-08-10 23:55:41 - [TEST_STEP][PASSED] - println(symbol): null

2019-08-10 23:55:41 - [TEST_STEP][PASSED] - if (i == 2 &amp;&amp; wildList.indexOf(symbol) != -1): null

2019-08-10 23:55:41 - [TEST_STEP][PASSED] - if (i == 3 &amp;&amp; wildList.indexOf(symbol) != -1): null

2019-08-10 23:55:41 - [TEST_STEP][PASSED] - if (i == 4 &amp;&amp; wildList.indexOf(symbol) != -1): null

2019-08-10 23:55:41 - [TEST_STEP][PASSED] - symbol = symbol: null

2019-08-10 23:55:41 - [TEST_STEP][PASSED] - println(symbol): null

2019-08-10 23:55:41 - [TEST_STEP][PASSED] - if (i == 2 &amp;&amp; wildList.indexOf(symbol) != -1): null

2019-08-10 23:55:41 - [TEST_STEP][PASSED] - if (i == 3 &amp;&amp; wildList.indexOf(symbol) != -1): null

2019-08-10 23:55:41 - [TEST_STEP][PASSED] - if (i == 4 &amp;&amp; wildList.indexOf(symbol) != -1): null

2019-08-10 23:55:41 - [TEST_STEP][PASSED] - symbol = symbol: null

2019-08-10 23:55:41 - [TEST_STEP][PASSED] - println(symbol): null

2019-08-10 23:55:41 - [TEST_STEP][PASSED] - if (i == 2 &amp;&amp; wildList.indexOf(symbol) != -1): null

2019-08-10 23:55:41 - [TEST_STEP][PASSED] - if (i == 3 &amp;&amp; wildList.indexOf(symbol) != -1): null

2019-08-10 23:55:41 - [TEST_STEP][PASSED] - if (i == 4 &amp;&amp; wildList.indexOf(symbol) != -1): null

2019-08-10 23:55:41 - [TEST_STEP][PASSED] - free_spin_reel_counter = free_spin_reel_counter: null

2019-08-10 23:55:41 - [TEST_STEP][PASSED] - println("reel 3 wild found: " + free_spin_reel_counter[0]): null

2019-08-10 23:55:41 - [TEST_STEP][PASSED] - println("reel 4 wild found: " + free_spin_reel_counter[1]): null

2019-08-10 23:55:41 - [TEST_STEP][PASSED] - println("reel 5 wild found: " + free_spin_reel_counter[2]): null

2019-08-10 23:55:41 - [TEST_STEP][PASSED] - M4_spin_reels = M4_spin_reels: null

2019-08-10 23:55:41 - [TEST_STEP][PASSED] - M4_spin_reels_symbols = symbol: null

2019-08-10 23:55:41 - [TEST_STEP][PASSED] - M4_spin_reels_symbols = M4_spin_reels_symbols: null

2019-08-10 23:55:41 - [TEST_STEP][PASSED] - M4_spin_reel_wins = reel_wins: null

2019-08-10 23:55:41 - [TEST_STEP][PASSED] - M4_spin_reel_wins = M4_spin_reel_wins: null

2019-08-10 23:55:41 - [TEST_STEP][PASSED] - println("GlobalVariable.M4_spin_reel_wins is: " + M4_spin_reel_wins): null

2019-08-10 23:55:41 - [TEST_STEP][PASSED] - M4_spin_total_bonus_win_this_round = total_bonus_win_this_round: null

2019-08-10 23:55:41 - [TEST_STEP][PASSED] - M4_spin_total_bonus_win_this_round = M4_spin_total_bonus_win_this_round: null

2019-08-10 23:55:41 - [TEST_STEP][PASSED] - println("GlobalVariable.M4_spin_total_bonus_win_this_round is: " + M4_spin_total_bonus_win_this_round): null

2019-08-10 23:55:41 - [MESSAGE][PASSED] - Verify response successfully

2019-08-10 23:55:41 - [MESSAGE][PASSED] - Send request and verify the response successfully

2019-08-10 23:55:41 - [TEST_STEP][PASSED] - if (M4_total_bonus_spins_int != 0 &amp;&amp; M4_spin_reels_symbols[2].contains("WILD_Double") || M4_spin_reels_symbols[4].contains("WILD_Triple")): null

2019-08-10 23:55:41 - [TEST_STEP][PASSED] - free_spin_reel_counter = free_spin_reel_counter: null

2019-08-10 23:55:41 - [TEST_STEP][PASSED] - M4_spin_reels_symbols = M4_spin_reels_symbols: null

2019-08-10 23:55:41 - [TEST_STEP][PASSED] - M4_total_bonus_spins = M4_total_bonus_spins: null

2019-08-10 23:55:41 - [TEST_STEP][PASSED] - spin_result = sendRequestAndVerify(findTestObject("RGS(M4)/1_M4_spin", ["M4_login_user_id":M4_login_user_id, "rgs_session_token":rgs_session_token, "partner":Partner])): Send request and verify the response successfully

2019-08-10 23:55:41 - [TEST_CASE][PASSED] - Start Test Case : Verification: Verification accomplished successfully

2019-08-10 23:55:41 - [TEST_STEP][PASSED] - request = getInstance().getCurrentRequest(): null

2019-08-10 23:55:41 - [TEST_STEP][PASSED] - response = getInstance().getCurrentResponse(): null

2019-08-10 23:55:41 - [TEST_STEP][PASSED] - verifyResponseStatusCode(response, 200): Verify response status code successfully

2019-08-10 23:55:41 - [MESSAGE][PASSED] - Verify response status code successfully

2019-08-10 23:55:41 - [TEST_STEP][PASSED] - getStatusCode()).isEqualTo(200): null

2019-08-10 23:55:41 - [TEST_STEP][PASSED] - newline = System.getProperty("line.separator"): null

2019-08-10 23:55:41 - [TEST_STEP][PASSED] - M4_spin = new groovy.json.JsonSlurper(): null

2019-08-10 23:55:41 - [TEST_STEP][PASSED] - result_M4_spin = M4_spin.parseText(response.getResponseBodyContent()): null

2019-08-10 23:55:41 - [TEST_STEP][PASSED] - M4_spin_current_balance = current_balance: null

2019-08-10 23:55:41 - [TEST_STEP][PASSED] - M4_spin_current_balance = M4_spin_current_balance: null

2019-08-10 23:55:41 - [TEST_STEP][PASSED] - M4_spin_transaction_id = causality: null

2019-08-10 23:55:41 - [TEST_STEP][PASSED] - M4_spin_transaction_id = M4_spin_transaction_id: null

2019-08-10 23:55:41 - [TEST_STEP][PASSED] - M4_spin_round_id = round_id: null

2019-08-10 23:55:41 - [TEST_STEP][PASSED] - M4_spin_round_id = M4_spin_round_id: null

2019-08-10 23:55:41 - [TEST_STEP][PASSED] - M4_spin_line_wins = line_wins: null

2019-08-10 23:55:41 - [TEST_STEP][PASSED] - M4_spin_line_wins = M4_spin_line_wins: null

2019-08-10 23:55:41 - [TEST_STEP][PASSED] - M4_total_bonus_spins_int = total_bonus_spins: null

2019-08-10 23:55:41 - [TEST_STEP][PASSED] - println("******M4_total_bonus_spins type is:*******" + newline + getClass().getName()): null

2019-08-10 23:55:41 - [TEST_STEP][PASSED] - M4_total_bonus_spins_int = M4_total_bonus_spins_int: null

2019-08-10 23:55:41 - [TEST_STEP][PASSED] - M4_total_bonus_spins = Integer.toString(M4_total_bonus_spins_int): null

2019-08-10 23:55:41 - [TEST_STEP][PASSED] - M4_total_bonus_spins = M4_total_bonus_spins: null

2019-08-10 23:55:41 - [TEST_STEP][PASSED] - println("M4_total_bonus_spins is:" + M4_total_bonus_spins): null

2019-08-10 23:55:41 - [TEST_STEP][PASSED] - M4_spin_bonus_data = bonus_data: null

2019-08-10 23:55:41 - [TEST_STEP][PASSED] - M4_spin_features_triggered = result_M4_spin: null

2019-08-10 23:55:41 - [TEST_STEP][PASSED] - wild = []: null

2019-08-10 23:55:41 - [TEST_STEP][PASSED] - wild[0] = "WILD_Expanding": null

2019-08-10 23:55:41 - [TEST_STEP][PASSED] - wild[1] = "WILD_Normal": null

2019-08-10 23:55:41 - [TEST_STEP][PASSED] - wild[2] = "WILD_Double": null

2019-08-10 23:55:41 - [TEST_STEP][PASSED] - wild[3] = "WILD_ExtraFG": null

2019-08-10 23:55:41 - [TEST_STEP][PASSED] - wild[4] = "WILD_Triple": null

2019-08-10 23:55:41 - [TEST_STEP][PASSED] - wildList = Arrays.asList(wild): null

2019-08-10 23:55:41 - [TEST_STEP][PASSED] - wildList = wildList: null

2019-08-10 23:55:41 - [TEST_STEP][PASSED] - free_spin_reel_counter = []: null

2019-08-10 23:55:41 - [TEST_STEP][PASSED] - free_spin_reel_counter[0] = 0: null

2019-08-10 23:55:43 - [TEST_STEP][PASSED] - free_spin_reel_counter[1] = 0: null

2019-08-10 23:55:43 - [TEST_STEP][PASSED] - free_spin_reel_counter[2] = 0: null

2019-08-10 23:55:43 - [TEST_STEP][PASSED] - M4_spin_reels = reels: null

2019-08-10 23:55:43 - [TEST_STEP][PASSED] - for ([i = 0, i &lt; M4_spin_reels.size(), (i++)]): null

2019-08-10 23:55:43 - [TEST_STEP][PASSED] - symbols = symbols: null

2019-08-10 23:55:43 - [TEST_STEP][PASSED] - for ([j = 0, j &lt; symbols.size(), (j++)]): null

2019-08-10 23:55:43 - [TEST_STEP][PASSED] - symbol = symbol: null

2019-08-10 23:55:43 - [TEST_STEP][PASSED] - println(symbol): null

2019-08-10 23:55:43 - [TEST_STEP][PASSED] - if (i == 2 &amp;&amp; wildList.indexOf(symbol) != -1): null

2019-08-10 23:55:43 - [TEST_STEP][PASSED] - if (i == 3 &amp;&amp; wildList.indexOf(symbol) != -1): null

2019-08-10 23:55:43 - [TEST_STEP][PASSED] - if (i == 4 &amp;&amp; wildList.indexOf(symbol) != -1): null

2019-08-10 23:55:43 - [TEST_STEP][PASSED] - symbol = symbol: null

2019-08-10 23:55:43 - [TEST_STEP][PASSED] - println(symbol): null

2019-08-10 23:55:43 - [TEST_STEP][PASSED] - if (i == 2 &amp;&amp; wildList.indexOf(symbol) != -1): null

2019-08-10 23:55:43 - [TEST_STEP][PASSED] - if (i == 3 &amp;&amp; wildList.indexOf(symbol) != -1): null

2019-08-10 23:55:43 - [TEST_STEP][PASSED] - if (i == 4 &amp;&amp; wildList.indexOf(symbol) != -1): null

2019-08-10 23:55:43 - [TEST_STEP][PASSED] - symbol = symbol: null

2019-08-10 23:55:43 - [TEST_STEP][PASSED] - println(symbol): null

2019-08-10 23:55:43 - [TEST_STEP][PASSED] - if (i == 2 &amp;&amp; wildList.indexOf(symbol) != -1): null

2019-08-10 23:55:43 - [TEST_STEP][PASSED] - if (i == 3 &amp;&amp; wildList.indexOf(symbol) != -1): null

2019-08-10 23:55:43 - [TEST_STEP][PASSED] - if (i == 4 &amp;&amp; wildList.indexOf(symbol) != -1): null

2019-08-10 23:55:43 - [TEST_STEP][PASSED] - symbols = symbols: null

2019-08-10 23:55:43 - [TEST_STEP][PASSED] - for ([j = 0, j &lt; symbols.size(), (j++)]): null

2019-08-10 23:55:43 - [TEST_STEP][PASSED] - symbol = symbol: null

2019-08-10 23:55:43 - [TEST_STEP][PASSED] - println(symbol): null

2019-08-10 23:55:43 - [TEST_STEP][PASSED] - if (i == 2 &amp;&amp; wildList.indexOf(symbol) != -1): null

2019-08-10 23:55:43 - [TEST_STEP][PASSED] - if (i == 3 &amp;&amp; wildList.indexOf(symbol) != -1): null

2019-08-10 23:55:43 - [TEST_STEP][PASSED] - if (i == 4 &amp;&amp; wildList.indexOf(symbol) != -1): null

2019-08-10 23:55:43 - [TEST_STEP][PASSED] - symbol = symbol: null

2019-08-10 23:55:43 - [TEST_STEP][PASSED] - println(symbol): null

2019-08-10 23:55:43 - [TEST_STEP][PASSED] - if (i == 2 &amp;&amp; wildList.indexOf(symbol) != -1): null

2019-08-10 23:55:43 - [TEST_STEP][PASSED] - if (i == 3 &amp;&amp; wildList.indexOf(symbol) != -1): null

2019-08-10 23:55:43 - [TEST_STEP][PASSED] - if (i == 4 &amp;&amp; wildList.indexOf(symbol) != -1): null

2019-08-10 23:55:43 - [TEST_STEP][PASSED] - symbol = symbol: null

2019-08-10 23:55:43 - [TEST_STEP][PASSED] - println(symbol): null

2019-08-10 23:55:43 - [TEST_STEP][PASSED] - if (i == 2 &amp;&amp; wildList.indexOf(symbol) != -1): null

2019-08-10 23:55:43 - [TEST_STEP][PASSED] - if (i == 3 &amp;&amp; wildList.indexOf(symbol) != -1): null

2019-08-10 23:55:43 - [TEST_STEP][PASSED] - if (i == 4 &amp;&amp; wildList.indexOf(symbol) != -1): null

2019-08-10 23:55:43 - [TEST_STEP][PASSED] - symbols = symbols: null

2019-08-10 23:55:43 - [TEST_STEP][PASSED] - for ([j = 0, j &lt; symbols.size(), (j++)]): null

2019-08-10 23:55:43 - [TEST_STEP][PASSED] - symbol = symbol: null

2019-08-10 23:55:43 - [TEST_STEP][PASSED] - println(symbol): null

2019-08-10 23:55:43 - [TEST_STEP][PASSED] - if (i == 2 &amp;&amp; wildList.indexOf(symbol) != -1): null

2019-08-10 23:55:43 - [TEST_STEP][PASSED] - if (i == 3 &amp;&amp; wildList.indexOf(symbol) != -1): null

2019-08-10 23:55:43 - [TEST_STEP][PASSED] - if (i == 4 &amp;&amp; wildList.indexOf(symbol) != -1): null

2019-08-10 23:55:43 - [TEST_STEP][PASSED] - symbol = symbol: null

2019-08-10 23:55:43 - [TEST_STEP][PASSED] - println(symbol): null

2019-08-10 23:55:43 - [TEST_STEP][PASSED] - if (i == 2 &amp;&amp; wildList.indexOf(symbol) != -1): null

2019-08-10 23:55:43 - [TEST_STEP][PASSED] - if (i == 3 &amp;&amp; wildList.indexOf(symbol) != -1): null

2019-08-10 23:55:43 - [TEST_STEP][PASSED] - if (i == 4 &amp;&amp; wildList.indexOf(symbol) != -1): null

2019-08-10 23:55:43 - [TEST_STEP][PASSED] - symbol = symbol: null

2019-08-10 23:55:43 - [TEST_STEP][PASSED] - println(symbol): null

2019-08-10 23:55:43 - [TEST_STEP][PASSED] - if (i == 2 &amp;&amp; wildList.indexOf(symbol) != -1): null

2019-08-10 23:55:43 - [TEST_STEP][PASSED] - if (i == 3 &amp;&amp; wildList.indexOf(symbol) != -1): null

2019-08-10 23:55:43 - [TEST_STEP][PASSED] - if (i == 4 &amp;&amp; wildList.indexOf(symbol) != -1): null

2019-08-10 23:55:43 - [TEST_STEP][PASSED] - symbols = symbols: null

2019-08-10 23:55:43 - [TEST_STEP][PASSED] - for ([j = 0, j &lt; symbols.size(), (j++)]): null

2019-08-10 23:55:43 - [TEST_STEP][PASSED] - symbol = symbol: null

2019-08-10 23:55:43 - [TEST_STEP][PASSED] - println(symbol): null

2019-08-10 23:55:43 - [TEST_STEP][PASSED] - if (i == 2 &amp;&amp; wildList.indexOf(symbol) != -1): null

2019-08-10 23:55:43 - [TEST_STEP][PASSED] - if (i == 3 &amp;&amp; wildList.indexOf(symbol) != -1): null

2019-08-10 23:55:43 - [TEST_STEP][PASSED] - if (i == 4 &amp;&amp; wildList.indexOf(symbol) != -1): null

2019-08-10 23:55:43 - [TEST_STEP][PASSED] - symbol = symbol: null

2019-08-10 23:55:43 - [TEST_STEP][PASSED] - println(symbol): null

2019-08-10 23:55:43 - [TEST_STEP][PASSED] - if (i == 2 &amp;&amp; wildList.indexOf(symbol) != -1): null

2019-08-10 23:55:43 - [TEST_STEP][PASSED] - if (i == 3 &amp;&amp; wildList.indexOf(symbol) != -1): null

2019-08-10 23:55:43 - [TEST_STEP][PASSED] - if (i == 4 &amp;&amp; wildList.indexOf(symbol) != -1): null

2019-08-10 23:55:43 - [TEST_STEP][PASSED] - symbol = symbol: null

2019-08-10 23:55:43 - [TEST_STEP][PASSED] - println(symbol): null

2019-08-10 23:55:43 - [TEST_STEP][PASSED] - if (i == 2 &amp;&amp; wildList.indexOf(symbol) != -1): null

2019-08-10 23:55:43 - [TEST_STEP][PASSED] - if (i == 3 &amp;&amp; wildList.indexOf(symbol) != -1): null

2019-08-10 23:55:43 - [TEST_STEP][PASSED] - if (i == 4 &amp;&amp; wildList.indexOf(symbol) != -1): null

2019-08-10 23:55:43 - [TEST_STEP][PASSED] - symbols = symbols: null

2019-08-10 23:55:43 - [TEST_STEP][PASSED] - for ([j = 0, j &lt; symbols.size(), (j++)]): null

2019-08-10 23:55:43 - [TEST_STEP][PASSED] - symbol = symbol: null

2019-08-10 23:55:43 - [TEST_STEP][PASSED] - println(symbol): null

2019-08-10 23:55:43 - [TEST_STEP][PASSED] - if (i == 2 &amp;&amp; wildList.indexOf(symbol) != -1): null

2019-08-10 23:55:43 - [TEST_STEP][PASSED] - if (i == 3 &amp;&amp; wildList.indexOf(symbol) != -1): null

2019-08-10 23:55:43 - [TEST_STEP][PASSED] - if (i == 4 &amp;&amp; wildList.indexOf(symbol) != -1): null

2019-08-10 23:55:43 - [TEST_STEP][PASSED] - symbol = symbol: null

2019-08-10 23:55:43 - [TEST_STEP][PASSED] - println(symbol): null

2019-08-10 23:55:43 - [TEST_STEP][PASSED] - if (i == 2 &amp;&amp; wildList.indexOf(symbol) != -1): null

2019-08-10 23:55:43 - [TEST_STEP][PASSED] - if (i == 3 &amp;&amp; wildList.indexOf(symbol) != -1): null

2019-08-10 23:55:43 - [TEST_STEP][PASSED] - if (i == 4 &amp;&amp; wildList.indexOf(symbol) != -1): null

2019-08-10 23:55:43 - [TEST_STEP][PASSED] - symbol = symbol: null

2019-08-10 23:55:43 - [TEST_STEP][PASSED] - println(symbol): null

2019-08-10 23:55:43 - [TEST_STEP][PASSED] - if (i == 2 &amp;&amp; wildList.indexOf(symbol) != -1): null

2019-08-10 23:55:43 - [TEST_STEP][PASSED] - if (i == 3 &amp;&amp; wildList.indexOf(symbol) != -1): null

2019-08-10 23:55:43 - [TEST_STEP][PASSED] - if (i == 4 &amp;&amp; wildList.indexOf(symbol) != -1): null

2019-08-10 23:55:43 - [TEST_STEP][PASSED] - free_spin_reel_counter = free_spin_reel_counter: null

2019-08-10 23:55:43 - [TEST_STEP][PASSED] - println("reel 3 wild found: " + free_spin_reel_counter[0]): null

2019-08-10 23:55:43 - [TEST_STEP][PASSED] - println("reel 4 wild found: " + free_spin_reel_counter[1]): null

2019-08-10 23:55:43 - [TEST_STEP][PASSED] - println("reel 5 wild found: " + free_spin_reel_counter[2]): null

2019-08-10 23:55:43 - [TEST_STEP][PASSED] - M4_spin_reels = M4_spin_reels: null

2019-08-10 23:55:43 - [TEST_STEP][PASSED] - M4_spin_reels_symbols = symbol: null

2019-08-10 23:55:43 - [TEST_STEP][PASSED] - M4_spin_reels_symbols = M4_spin_reels_symbols: null

2019-08-10 23:55:43 - [TEST_STEP][PASSED] - M4_spin_reel_wins = reel_wins: null

2019-08-10 23:55:43 - [TEST_STEP][PASSED] - M4_spin_reel_wins = M4_spin_reel_wins: null

2019-08-10 23:55:43 - [TEST_STEP][PASSED] - println("GlobalVariable.M4_spin_reel_wins is: " + M4_spin_reel_wins): null

2019-08-10 23:55:43 - [TEST_STEP][PASSED] - M4_spin_total_bonus_win_this_round = total_bonus_win_this_round: null

2019-08-10 23:55:43 - [TEST_STEP][PASSED] - M4_spin_total_bonus_win_this_round = M4_spin_total_bonus_win_this_round: null

2019-08-10 23:55:43 - [TEST_STEP][PASSED] - println("GlobalVariable.M4_spin_total_bonus_win_this_round is: " + M4_spin_total_bonus_win_this_round): null

2019-08-10 23:55:43 - [MESSAGE][PASSED] - Verify response successfully

2019-08-10 23:55:43 - [MESSAGE][PASSED] - Send request and verify the response successfully

2019-08-10 23:55:43 - [TEST_STEP][PASSED] - if (M4_total_bonus_spins_int != 0 &amp;&amp; M4_spin_reels_symbols[2].contains("WILD_Double") || M4_spin_reels_symbols[4].contains("WILD_Triple")): null

2019-08-10 23:55:43 - [TEST_STEP][PASSED] - free_spin_reel_counter = free_spin_reel_counter: null

2019-08-10 23:55:43 - [TEST_STEP][PASSED] - M4_spin_reels_symbols = M4_spin_reels_symbols: null

2019-08-10 23:55:43 - [TEST_STEP][PASSED] - M4_total_bonus_spins = M4_total_bonus_spins: null

2019-08-10 23:55:43 - [TEST_STEP][PASSED] - spin_result = sendRequestAndVerify(findTestObject("RGS(M4)/1_M4_spin", ["M4_login_user_id":M4_login_user_id, "rgs_session_token":rgs_session_token, "partner":Partner])): Send request and verify the response successfully

2019-08-10 23:55:43 - [TEST_CASE][PASSED] - Start Test Case : Verification: Verification accomplished successfully

2019-08-10 23:55:43 - [TEST_STEP][PASSED] - request = getInstance().getCurrentRequest(): null

2019-08-10 23:55:43 - [TEST_STEP][PASSED] - response = getInstance().getCurrentResponse(): null

2019-08-10 23:55:43 - [TEST_STEP][PASSED] - verifyResponseStatusCode(response, 200): Verify response status code successfully

2019-08-10 23:55:43 - [MESSAGE][PASSED] - Verify response status code successfully

2019-08-10 23:55:43 - [TEST_STEP][PASSED] - getStatusCode()).isEqualTo(200): null

2019-08-10 23:55:43 - [TEST_STEP][PASSED] - newline = System.getProperty("line.separator"): null

2019-08-10 23:55:43 - [TEST_STEP][PASSED] - M4_spin = new groovy.json.JsonSlurper(): null

2019-08-10 23:55:43 - [TEST_STEP][PASSED] - result_M4_spin = M4_spin.parseText(response.getResponseBodyContent()): null

2019-08-10 23:55:43 - [TEST_STEP][PASSED] - M4_spin_current_balance = current_balance: null

2019-08-10 23:55:43 - [TEST_STEP][PASSED] - M4_spin_current_balance = M4_spin_current_balance: null

2019-08-10 23:55:43 - [TEST_STEP][PASSED] - M4_spin_transaction_id = causality: null

2019-08-10 23:55:43 - [TEST_STEP][PASSED] - M4_spin_transaction_id = M4_spin_transaction_id: null

2019-08-10 23:55:43 - [TEST_STEP][PASSED] - M4_spin_round_id = round_id: null

2019-08-10 23:55:43 - [TEST_STEP][PASSED] - M4_spin_round_id = M4_spin_round_id: null

2019-08-10 23:55:43 - [TEST_STEP][PASSED] - M4_spin_line_wins = line_wins: null

2019-08-10 23:55:43 - [TEST_STEP][PASSED] - M4_spin_line_wins = M4_spin_line_wins: null

2019-08-10 23:55:43 - [TEST_STEP][PASSED] - M4_total_bonus_spins_int = total_bonus_spins: null

2019-08-10 23:55:43 - [TEST_STEP][PASSED] - println("******M4_total_bonus_spins type is:*******" + newline + getClass().getName()): null

2019-08-10 23:55:43 - [TEST_STEP][PASSED] - M4_total_bonus_spins_int = M4_total_bonus_spins_int: null

2019-08-10 23:55:43 - [TEST_STEP][PASSED] - M4_total_bonus_spins = Integer.toString(M4_total_bonus_spins_int): null

2019-08-10 23:55:43 - [TEST_STEP][PASSED] - M4_total_bonus_spins = M4_total_bonus_spins: null

2019-08-10 23:55:43 - [TEST_STEP][PASSED] - println("M4_total_bonus_spins is:" + M4_total_bonus_spins): null

2019-08-10 23:55:43 - [TEST_STEP][PASSED] - M4_spin_bonus_data = bonus_data: null

2019-08-10 23:55:43 - [TEST_STEP][PASSED] - M4_spin_features_triggered = result_M4_spin: null

2019-08-10 23:55:43 - [TEST_STEP][PASSED] - wild = []: null

2019-08-10 23:55:43 - [TEST_STEP][PASSED] - wild[0] = "WILD_Expanding": null

2019-08-10 23:55:43 - [TEST_STEP][PASSED] - wild[1] = "WILD_Normal": null

2019-08-10 23:55:43 - [TEST_STEP][PASSED] - wild[2] = "WILD_Double": null

2019-08-10 23:55:43 - [TEST_STEP][PASSED] - wild[3] = "WILD_ExtraFG": null

2019-08-10 23:55:43 - [TEST_STEP][PASSED] - wild[4] = "WILD_Triple": null

2019-08-10 23:55:43 - [TEST_STEP][PASSED] - wildList = Arrays.asList(wild): null

2019-08-10 23:55:43 - [TEST_STEP][PASSED] - wildList = wildList: null

2019-08-10 23:55:43 - [TEST_STEP][PASSED] - free_spin_reel_counter = []: null

2019-08-10 23:55:43 - [TEST_STEP][PASSED] - free_spin_reel_counter[0] = 0: null

2019-08-10 23:55:43 - [TEST_STEP][PASSED] - free_spin_reel_counter[1] = 0: null

2019-08-10 23:55:43 - [TEST_STEP][PASSED] - free_spin_reel_counter[2] = 0: null

2019-08-10 23:55:43 - [TEST_STEP][PASSED] - M4_spin_reels = reels: null

2019-08-10 23:55:43 - [TEST_STEP][PASSED] - for ([i = 0, i &lt; M4_spin_reels.size(), (i++)]): null

2019-08-10 23:55:43 - [TEST_STEP][PASSED] - symbols = symbols: null

2019-08-10 23:55:43 - [TEST_STEP][PASSED] - for ([j = 0, j &lt; symbols.size(), (j++)]): null

2019-08-10 23:55:43 - [TEST_STEP][PASSED] - symbol = symbol: null

2019-08-10 23:55:43 - [TEST_STEP][PASSED] - println(symbol): null

2019-08-10 23:55:43 - [TEST_STEP][PASSED] - if (i == 2 &amp;&amp; wildList.indexOf(symbol) != -1): null

2019-08-10 23:55:43 - [TEST_STEP][PASSED] - if (i == 3 &amp;&amp; wildList.indexOf(symbol) != -1): null

2019-08-10 23:55:43 - [TEST_STEP][PASSED] - if (i == 4 &amp;&amp; wildList.indexOf(symbol) != -1): null

2019-08-10 23:55:43 - [TEST_STEP][PASSED] - symbol = symbol: null

2019-08-10 23:55:43 - [TEST_STEP][PASSED] - println(symbol): null

2019-08-10 23:55:43 - [TEST_STEP][PASSED] - if (i == 2 &amp;&amp; wildList.indexOf(symbol) != -1): null

2019-08-10 23:55:43 - [TEST_STEP][PASSED] - if (i == 3 &amp;&amp; wildList.indexOf(symbol) != -1): null

2019-08-10 23:55:43 - [TEST_STEP][PASSED] - if (i == 4 &amp;&amp; wildList.indexOf(symbol) != -1): null

2019-08-10 23:55:43 - [TEST_STEP][PASSED] - symbol = symbol: null

2019-08-10 23:55:43 - [TEST_STEP][PASSED] - println(symbol): null

2019-08-10 23:55:43 - [TEST_STEP][PASSED] - if (i == 2 &amp;&amp; wildList.indexOf(symbol) != -1): null

2019-08-10 23:55:43 - [TEST_STEP][PASSED] - if (i == 3 &amp;&amp; wildList.indexOf(symbol) != -1): null

2019-08-10 23:55:43 - [TEST_STEP][PASSED] - if (i == 4 &amp;&amp; wildList.indexOf(symbol) != -1): null

2019-08-10 23:55:43 - [TEST_STEP][PASSED] - symbols = symbols: null

2019-08-10 23:55:43 - [TEST_STEP][PASSED] - for ([j = 0, j &lt; symbols.size(), (j++)]): null

2019-08-10 23:55:43 - [TEST_STEP][PASSED] - symbol = symbol: null

2019-08-10 23:55:43 - [TEST_STEP][PASSED] - println(symbol): null

2019-08-10 23:55:43 - [TEST_STEP][PASSED] - if (i == 2 &amp;&amp; wildList.indexOf(symbol) != -1): null

2019-08-10 23:55:43 - [TEST_STEP][PASSED] - if (i == 3 &amp;&amp; wildList.indexOf(symbol) != -1): null

2019-08-10 23:55:43 - [TEST_STEP][PASSED] - if (i == 4 &amp;&amp; wildList.indexOf(symbol) != -1): null

2019-08-10 23:55:43 - [TEST_STEP][PASSED] - symbol = symbol: null

2019-08-10 23:55:43 - [TEST_STEP][PASSED] - println(symbol): null

2019-08-10 23:55:43 - [TEST_STEP][PASSED] - if (i == 2 &amp;&amp; wildList.indexOf(symbol) != -1): null

2019-08-10 23:55:43 - [TEST_STEP][PASSED] - if (i == 3 &amp;&amp; wildList.indexOf(symbol) != -1): null

2019-08-10 23:55:43 - [TEST_STEP][PASSED] - if (i == 4 &amp;&amp; wildList.indexOf(symbol) != -1): null

2019-08-10 23:55:43 - [TEST_STEP][PASSED] - symbol = symbol: null

2019-08-10 23:55:43 - [TEST_STEP][PASSED] - println(symbol): null

2019-08-10 23:55:43 - [TEST_STEP][PASSED] - if (i == 2 &amp;&amp; wildList.indexOf(symbol) != -1): null

2019-08-10 23:55:43 - [TEST_STEP][PASSED] - if (i == 3 &amp;&amp; wildList.indexOf(symbol) != -1): null

2019-08-10 23:55:43 - [TEST_STEP][PASSED] - if (i == 4 &amp;&amp; wildList.indexOf(symbol) != -1): null

2019-08-10 23:55:43 - [TEST_STEP][PASSED] - symbols = symbols: null

2019-08-10 23:55:43 - [TEST_STEP][PASSED] - for ([j = 0, j &lt; symbols.size(), (j++)]): null

2019-08-10 23:55:43 - [TEST_STEP][PASSED] - symbol = symbol: null

2019-08-10 23:55:43 - [TEST_STEP][PASSED] - println(symbol): null

2019-08-10 23:55:43 - [TEST_STEP][PASSED] - if (i == 2 &amp;&amp; wildList.indexOf(symbol) != -1): null

2019-08-10 23:55:43 - [TEST_STEP][PASSED] - if (i == 3 &amp;&amp; wildList.indexOf(symbol) != -1): null

2019-08-10 23:55:43 - [TEST_STEP][PASSED] - if (i == 4 &amp;&amp; wildList.indexOf(symbol) != -1): null

2019-08-10 23:55:43 - [TEST_STEP][PASSED] - symbol = symbol: null

2019-08-10 23:55:43 - [TEST_STEP][PASSED] - println(symbol): null

2019-08-10 23:55:43 - [TEST_STEP][PASSED] - if (i == 2 &amp;&amp; wildList.indexOf(symbol) != -1): null

2019-08-10 23:55:43 - [TEST_STEP][PASSED] - if (i == 3 &amp;&amp; wildList.indexOf(symbol) != -1): null

2019-08-10 23:55:43 - [TEST_STEP][PASSED] - if (i == 4 &amp;&amp; wildList.indexOf(symbol) != -1): null

2019-08-10 23:55:43 - [TEST_STEP][PASSED] - symbol = symbol: null

2019-08-10 23:55:43 - [TEST_STEP][PASSED] - println(symbol): null

2019-08-10 23:55:43 - [TEST_STEP][PASSED] - if (i == 2 &amp;&amp; wildList.indexOf(symbol) != -1): null

2019-08-10 23:55:43 - [TEST_STEP][PASSED] - if (i == 3 &amp;&amp; wildList.indexOf(symbol) != -1): null

2019-08-10 23:55:43 - [TEST_STEP][PASSED] - if (i == 4 &amp;&amp; wildList.indexOf(symbol) != -1): null

2019-08-10 23:55:43 - [TEST_STEP][PASSED] - symbols = symbols: null

2019-08-10 23:55:43 - [TEST_STEP][PASSED] - for ([j = 0, j &lt; symbols.size(), (j++)]): null

2019-08-10 23:55:43 - [TEST_STEP][PASSED] - symbol = symbol: null

2019-08-10 23:55:43 - [TEST_STEP][PASSED] - println(symbol): null

2019-08-10 23:55:43 - [TEST_STEP][PASSED] - if (i == 2 &amp;&amp; wildList.indexOf(symbol) != -1): null

2019-08-10 23:55:43 - [TEST_STEP][PASSED] - if (i == 3 &amp;&amp; wildList.indexOf(symbol) != -1): null

2019-08-10 23:55:43 - [TEST_STEP][PASSED] - if (i == 4 &amp;&amp; wildList.indexOf(symbol) != -1): null

2019-08-10 23:55:43 - [TEST_STEP][PASSED] - symbol = symbol: null

2019-08-10 23:55:43 - [TEST_STEP][PASSED] - println(symbol): null

2019-08-10 23:55:43 - [TEST_STEP][PASSED] - if (i == 2 &amp;&amp; wildList.indexOf(symbol) != -1): null

2019-08-10 23:55:43 - [TEST_STEP][PASSED] - if (i == 3 &amp;&amp; wildList.indexOf(symbol) != -1): null

2019-08-10 23:55:43 - [TEST_STEP][PASSED] - if (i == 4 &amp;&amp; wildList.indexOf(symbol) != -1): null

2019-08-10 23:55:43 - [TEST_STEP][PASSED] - symbol = symbol: null

2019-08-10 23:55:43 - [TEST_STEP][PASSED] - println(symbol): null

2019-08-10 23:55:43 - [TEST_STEP][PASSED] - if (i == 2 &amp;&amp; wildList.indexOf(symbol) != -1): null

2019-08-10 23:55:43 - [TEST_STEP][PASSED] - if (i == 3 &amp;&amp; wildList.indexOf(symbol) != -1): null

2019-08-10 23:55:43 - [TEST_STEP][PASSED] - if (i == 4 &amp;&amp; wildList.indexOf(symbol) != -1): null

2019-08-10 23:55:43 - [TEST_STEP][PASSED] - symbols = symbols: null

2019-08-10 23:55:43 - [TEST_STEP][PASSED] - for ([j = 0, j &lt; symbols.size(), (j++)]): null

2019-08-10 23:55:43 - [TEST_STEP][PASSED] - symbol = symbol: null

2019-08-10 23:55:43 - [TEST_STEP][PASSED] - println(symbol): null

2019-08-10 23:55:43 - [TEST_STEP][PASSED] - if (i == 2 &amp;&amp; wildList.indexOf(symbol) != -1): null

2019-08-10 23:55:43 - [TEST_STEP][PASSED] - if (i == 3 &amp;&amp; wildList.indexOf(symbol) != -1): null

2019-08-10 23:55:43 - [TEST_STEP][PASSED] - if (i == 4 &amp;&amp; wildList.indexOf(symbol) != -1): null

2019-08-10 23:55:43 - [TEST_STEP][PASSED] - symbol = symbol: null

2019-08-10 23:55:43 - [TEST_STEP][PASSED] - println(symbol): null

2019-08-10 23:55:43 - [TEST_STEP][PASSED] - if (i == 2 &amp;&amp; wildList.indexOf(symbol) != -1): null

2019-08-10 23:55:43 - [TEST_STEP][PASSED] - if (i == 3 &amp;&amp; wildList.indexOf(symbol) != -1): null

2019-08-10 23:55:43 - [TEST_STEP][PASSED] - if (i == 4 &amp;&amp; wildList.indexOf(symbol) != -1): null

2019-08-10 23:55:43 - [TEST_STEP][PASSED] - symbol = symbol: null

2019-08-10 23:55:43 - [TEST_STEP][PASSED] - println(symbol): null

2019-08-10 23:55:43 - [TEST_STEP][PASSED] - if (i == 2 &amp;&amp; wildList.indexOf(symbol) != -1): null

2019-08-10 23:55:43 - [TEST_STEP][PASSED] - if (i == 3 &amp;&amp; wildList.indexOf(symbol) != -1): null

2019-08-10 23:55:43 - [TEST_STEP][PASSED] - if (i == 4 &amp;&amp; wildList.indexOf(symbol) != -1): null

2019-08-10 23:55:43 - [TEST_STEP][PASSED] - free_spin_reel_counter = free_spin_reel_counter: null

2019-08-10 23:55:43 - [TEST_STEP][PASSED] - println("reel 3 wild found: " + free_spin_reel_counter[0]): null

2019-08-10 23:55:43 - [TEST_STEP][PASSED] - println("reel 4 wild found: " + free_spin_reel_counter[1]): null

2019-08-10 23:55:43 - [TEST_STEP][PASSED] - println("reel 5 wild found: " + free_spin_reel_counter[2]): null

2019-08-10 23:55:43 - [TEST_STEP][PASSED] - M4_spin_reels = M4_spin_reels: null

2019-08-10 23:55:43 - [TEST_STEP][PASSED] - M4_spin_reels_symbols = symbol: null

2019-08-10 23:55:43 - [TEST_STEP][PASSED] - M4_spin_reels_symbols = M4_spin_reels_symbols: null

2019-08-10 23:55:43 - [TEST_STEP][PASSED] - M4_spin_reel_wins = reel_wins: null

2019-08-10 23:55:43 - [TEST_STEP][PASSED] - M4_spin_reel_wins = M4_spin_reel_wins: null

2019-08-10 23:55:43 - [TEST_STEP][PASSED] - println("GlobalVariable.M4_spin_reel_wins is: " + M4_spin_reel_wins): null

2019-08-10 23:55:43 - [TEST_STEP][PASSED] - M4_spin_total_bonus_win_this_round = total_bonus_win_this_round: null

2019-08-10 23:55:43 - [TEST_STEP][PASSED] - M4_spin_total_bonus_win_this_round = M4_spin_total_bonus_win_this_round: null

2019-08-10 23:55:43 - [TEST_STEP][PASSED] - println("GlobalVariable.M4_spin_total_bonus_win_this_round is: " + M4_spin_total_bonus_win_this_round): null

2019-08-10 23:55:43 - [MESSAGE][PASSED] - Verify response successfully

2019-08-10 23:55:43 - [MESSAGE][PASSED] - Send request and verify the response successfully

2019-08-10 23:55:43 - [TEST_STEP][PASSED] - if (M4_total_bonus_spins_int != 0 &amp;&amp; M4_spin_reels_symbols[2].contains("WILD_Double") || M4_spin_reels_symbols[4].contains("WILD_Triple")): null

2019-08-10 23:55:43 - [TEST_STEP][PASSED] - free_spin_reel_counter = free_spin_reel_counter: null

2019-08-10 23:55:43 - [TEST_STEP][PASSED] - M4_spin_reels_symbols = M4_spin_reels_symbols: null

2019-08-10 23:55:43 - [TEST_STEP][PASSED] - M4_total_bonus_spins = M4_total_bonus_spins: null

2019-08-10 23:55:43 - [TEST_STEP][PASSED] - spin_result = sendRequestAndVerify(findTestObject("RGS(M4)/1_M4_spin", ["M4_login_user_id":M4_login_user_id, "rgs_session_token":rgs_session_token, "partner":Partner])): Send request and verify the response successfully

2019-08-10 23:55:44 - [TEST_CASE][PASSED] - Start Test Case : Verification: Verification accomplished successfully

2019-08-10 23:55:44 - [TEST_STEP][PASSED] - request = getInstance().getCurrentRequest(): null

2019-08-10 23:55:44 - [TEST_STEP][PASSED] - response = getInstance().getCurrentResponse(): null

2019-08-10 23:55:44 - [TEST_STEP][PASSED] - verifyResponseStatusCode(response, 200): Verify response status code successfully

2019-08-10 23:55:44 - [MESSAGE][PASSED] - Verify response status code successfully

2019-08-10 23:55:44 - [TEST_STEP][PASSED] - getStatusCode()).isEqualTo(200): null

2019-08-10 23:55:44 - [TEST_STEP][PASSED] - newline = System.getProperty("line.separator"): null

2019-08-10 23:55:44 - [TEST_STEP][PASSED] - M4_spin = new groovy.json.JsonSlurper(): null

2019-08-10 23:55:44 - [TEST_STEP][PASSED] - result_M4_spin = M4_spin.parseText(response.getResponseBodyContent()): null

2019-08-10 23:55:44 - [TEST_STEP][PASSED] - M4_spin_current_balance = current_balance: null

2019-08-10 23:55:44 - [TEST_STEP][PASSED] - M4_spin_current_balance = M4_spin_current_balance: null

2019-08-10 23:55:44 - [TEST_STEP][PASSED] - M4_spin_transaction_id = causality: null

2019-08-10 23:55:44 - [TEST_STEP][PASSED] - M4_spin_transaction_id = M4_spin_transaction_id: null

2019-08-10 23:55:44 - [TEST_STEP][PASSED] - M4_spin_round_id = round_id: null

2019-08-10 23:55:44 - [TEST_STEP][PASSED] - M4_spin_round_id = M4_spin_round_id: null

2019-08-10 23:55:44 - [TEST_STEP][PASSED] - M4_spin_line_wins = line_wins: null

2019-08-10 23:55:44 - [TEST_STEP][PASSED] - M4_spin_line_wins = M4_spin_line_wins: null

2019-08-10 23:55:44 - [TEST_STEP][PASSED] - M4_total_bonus_spins_int = total_bonus_spins: null

2019-08-10 23:55:44 - [TEST_STEP][PASSED] - println("******M4_total_bonus_spins type is:*******" + newline + getClass().getName()): null

2019-08-10 23:55:44 - [TEST_STEP][PASSED] - M4_total_bonus_spins_int = M4_total_bonus_spins_int: null

2019-08-10 23:55:44 - [TEST_STEP][PASSED] - M4_total_bonus_spins = Integer.toString(M4_total_bonus_spins_int): null

2019-08-10 23:55:44 - [TEST_STEP][PASSED] - M4_total_bonus_spins = M4_total_bonus_spins: null

2019-08-10 23:55:44 - [TEST_STEP][PASSED] - println("M4_total_bonus_spins is:" + M4_total_bonus_spins): null

2019-08-10 23:55:44 - [TEST_STEP][PASSED] - M4_spin_bonus_data = bonus_data: null

2019-08-10 23:55:44 - [TEST_STEP][PASSED] - M4_spin_features_triggered = result_M4_spin: null

2019-08-10 23:55:44 - [TEST_STEP][PASSED] - wild = []: null

2019-08-10 23:55:44 - [TEST_STEP][PASSED] - wild[0] = "WILD_Expanding": null

2019-08-10 23:55:44 - [TEST_STEP][PASSED] - wild[1] = "WILD_Normal": null

2019-08-10 23:55:44 - [TEST_STEP][PASSED] - wild[2] = "WILD_Double": null

2019-08-10 23:55:44 - [TEST_STEP][PASSED] - wild[3] = "WILD_ExtraFG": null

2019-08-10 23:55:44 - [TEST_STEP][PASSED] - wild[4] = "WILD_Triple": null

2019-08-10 23:55:44 - [TEST_STEP][PASSED] - wildList = Arrays.asList(wild): null

2019-08-10 23:55:44 - [TEST_STEP][PASSED] - wildList = wildList: null

2019-08-10 23:55:44 - [TEST_STEP][PASSED] - free_spin_reel_counter = []: null

2019-08-10 23:55:44 - [TEST_STEP][PASSED] - free_spin_reel_counter[0] = 0: null

2019-08-10 23:55:44 - [TEST_STEP][PASSED] - free_spin_reel_counter[1] = 0: null

2019-08-10 23:55:44 - [TEST_STEP][PASSED] - free_spin_reel_counter[2] = 0: null

2019-08-10 23:55:44 - [TEST_STEP][PASSED] - M4_spin_reels = reels: null

2019-08-10 23:55:44 - [TEST_STEP][PASSED] - for ([i = 0, i &lt; M4_spin_reels.size(), (i++)]): null

2019-08-10 23:55:44 - [TEST_STEP][PASSED] - symbols = symbols: null

2019-08-10 23:55:44 - [TEST_STEP][PASSED] - for ([j = 0, j &lt; symbols.size(), (j++)]): null

2019-08-10 23:55:44 - [TEST_STEP][PASSED] - symbol = symbol: null

2019-08-10 23:55:44 - [TEST_STEP][PASSED] - println(symbol): null

2019-08-10 23:55:44 - [TEST_STEP][PASSED] - if (i == 2 &amp;&amp; wildList.indexOf(symbol) != -1): null

2019-08-10 23:55:44 - [TEST_STEP][PASSED] - if (i == 3 &amp;&amp; wildList.indexOf(symbol) != -1): null

2019-08-10 23:55:44 - [TEST_STEP][PASSED] - if (i == 4 &amp;&amp; wildList.indexOf(symbol) != -1): null

2019-08-10 23:55:44 - [TEST_STEP][PASSED] - symbol = symbol: null

2019-08-10 23:55:44 - [TEST_STEP][PASSED] - println(symbol): null

2019-08-10 23:55:44 - [TEST_STEP][PASSED] - if (i == 2 &amp;&amp; wildList.indexOf(symbol) != -1): null

2019-08-10 23:55:44 - [TEST_STEP][PASSED] - if (i == 3 &amp;&amp; wildList.indexOf(symbol) != -1): null

2019-08-10 23:55:44 - [TEST_STEP][PASSED] - if (i == 4 &amp;&amp; wildList.indexOf(symbol) != -1): null

2019-08-10 23:55:44 - [TEST_STEP][PASSED] - symbol = symbol: null

2019-08-10 23:55:44 - [TEST_STEP][PASSED] - println(symbol): null

2019-08-10 23:55:44 - [TEST_STEP][PASSED] - if (i == 2 &amp;&amp; wildList.indexOf(symbol) != -1): null

2019-08-10 23:55:44 - [TEST_STEP][PASSED] - if (i == 3 &amp;&amp; wildList.indexOf(symbol) != -1): null

2019-08-10 23:55:44 - [TEST_STEP][PASSED] - if (i == 4 &amp;&amp; wildList.indexOf(symbol) != -1): null

2019-08-10 23:55:44 - [TEST_STEP][PASSED] - symbols = symbols: null

2019-08-10 23:55:44 - [TEST_STEP][PASSED] - for ([j = 0, j &lt; symbols.size(), (j++)]): null

2019-08-10 23:55:44 - [TEST_STEP][PASSED] - symbol = symbol: null

2019-08-10 23:55:44 - [TEST_STEP][PASSED] - println(symbol): null

2019-08-10 23:55:44 - [TEST_STEP][PASSED] - if (i == 2 &amp;&amp; wildList.indexOf(symbol) != -1): null

2019-08-10 23:55:44 - [TEST_STEP][PASSED] - if (i == 3 &amp;&amp; wildList.indexOf(symbol) != -1): null

2019-08-10 23:55:44 - [TEST_STEP][PASSED] - if (i == 4 &amp;&amp; wildList.indexOf(symbol) != -1): null

2019-08-10 23:55:44 - [TEST_STEP][PASSED] - symbol = symbol: null

2019-08-10 23:55:44 - [TEST_STEP][PASSED] - println(symbol): null

2019-08-10 23:55:44 - [TEST_STEP][PASSED] - if (i == 2 &amp;&amp; wildList.indexOf(symbol) != -1): null

2019-08-10 23:55:44 - [TEST_STEP][PASSED] - if (i == 3 &amp;&amp; wildList.indexOf(symbol) != -1): null

2019-08-10 23:55:44 - [TEST_STEP][PASSED] - if (i == 4 &amp;&amp; wildList.indexOf(symbol) != -1): null

2019-08-10 23:55:44 - [TEST_STEP][PASSED] - symbol = symbol: null

2019-08-10 23:55:44 - [TEST_STEP][PASSED] - println(symbol): null

2019-08-10 23:55:44 - [TEST_STEP][PASSED] - if (i == 2 &amp;&amp; wildList.indexOf(symbol) != -1): null

2019-08-10 23:55:44 - [TEST_STEP][PASSED] - if (i == 3 &amp;&amp; wildList.indexOf(symbol) != -1): null

2019-08-10 23:55:47 - [TEST_STEP][PASSED] - if (i == 4 &amp;&amp; wildList.indexOf(symbol) != -1): null

2019-08-10 23:55:47 - [TEST_STEP][PASSED] - symbols = symbols: null

2019-08-10 23:55:47 - [TEST_STEP][PASSED] - for ([j = 0, j &lt; symbols.size(), (j++)]): null

2019-08-10 23:55:47 - [TEST_STEP][PASSED] - symbol = symbol: null

2019-08-10 23:55:47 - [TEST_STEP][PASSED] - println(symbol): null

2019-08-10 23:55:47 - [TEST_STEP][PASSED] - if (i == 2 &amp;&amp; wildList.indexOf(symbol) != -1): null

2019-08-10 23:55:47 - [TEST_STEP][PASSED] - println("wild found on reel 3, adding counter by 1"): null

2019-08-10 23:55:47 - [TEST_STEP][PASSED] - free_spin_reel_counter[0] = free_spin_reel_counter[0] + 1: null

2019-08-10 23:55:47 - [TEST_STEP][PASSED] - if (i == 3 &amp;&amp; wildList.indexOf(symbol) != -1): null

2019-08-10 23:55:47 - [TEST_STEP][PASSED] - if (i == 4 &amp;&amp; wildList.indexOf(symbol) != -1): null

2019-08-10 23:55:47 - [TEST_STEP][PASSED] - symbol = symbol: null

2019-08-10 23:55:47 - [TEST_STEP][PASSED] - println(symbol): null

2019-08-10 23:55:47 - [TEST_STEP][PASSED] - if (i == 2 &amp;&amp; wildList.indexOf(symbol) != -1): null

2019-08-10 23:55:47 - [TEST_STEP][PASSED] - if (i == 3 &amp;&amp; wildList.indexOf(symbol) != -1): null

2019-08-10 23:55:47 - [TEST_STEP][PASSED] - if (i == 4 &amp;&amp; wildList.indexOf(symbol) != -1): null

2019-08-10 23:55:47 - [TEST_STEP][PASSED] - symbol = symbol: null

2019-08-10 23:55:47 - [TEST_STEP][PASSED] - println(symbol): null

2019-08-10 23:55:47 - [TEST_STEP][PASSED] - if (i == 2 &amp;&amp; wildList.indexOf(symbol) != -1): null

2019-08-10 23:55:47 - [TEST_STEP][PASSED] - if (i == 3 &amp;&amp; wildList.indexOf(symbol) != -1): null

2019-08-10 23:55:47 - [TEST_STEP][PASSED] - if (i == 4 &amp;&amp; wildList.indexOf(symbol) != -1): null

2019-08-10 23:55:47 - [TEST_STEP][PASSED] - symbols = symbols: null

2019-08-10 23:55:47 - [TEST_STEP][PASSED] - for ([j = 0, j &lt; symbols.size(), (j++)]): null

2019-08-10 23:55:47 - [TEST_STEP][PASSED] - symbol = symbol: null

2019-08-10 23:55:47 - [TEST_STEP][PASSED] - println(symbol): null

2019-08-10 23:55:47 - [TEST_STEP][PASSED] - if (i == 2 &amp;&amp; wildList.indexOf(symbol) != -1): null

2019-08-10 23:55:47 - [TEST_STEP][PASSED] - if (i == 3 &amp;&amp; wildList.indexOf(symbol) != -1): null

2019-08-10 23:55:47 - [TEST_STEP][PASSED] - if (i == 4 &amp;&amp; wildList.indexOf(symbol) != -1): null

2019-08-10 23:55:47 - [TEST_STEP][PASSED] - symbol = symbol: null

2019-08-10 23:55:47 - [TEST_STEP][PASSED] - println(symbol): null

2019-08-10 23:55:47 - [TEST_STEP][PASSED] - if (i == 2 &amp;&amp; wildList.indexOf(symbol) != -1): null

2019-08-10 23:55:47 - [TEST_STEP][PASSED] - if (i == 3 &amp;&amp; wildList.indexOf(symbol) != -1): null

2019-08-10 23:55:47 - [TEST_STEP][PASSED] - if (i == 4 &amp;&amp; wildList.indexOf(symbol) != -1): null

2019-08-10 23:55:47 - [TEST_STEP][PASSED] - symbol = symbol: null

2019-08-10 23:55:47 - [TEST_STEP][PASSED] - println(symbol): null

2019-08-10 23:55:47 - [TEST_STEP][PASSED] - if (i == 2 &amp;&amp; wildList.indexOf(symbol) != -1): null

2019-08-10 23:55:47 - [TEST_STEP][PASSED] - if (i == 3 &amp;&amp; wildList.indexOf(symbol) != -1): null

2019-08-10 23:55:47 - [TEST_STEP][PASSED] - if (i == 4 &amp;&amp; wildList.indexOf(symbol) != -1): null

2019-08-10 23:55:47 - [TEST_STEP][PASSED] - symbols = symbols: null

2019-08-10 23:55:47 - [TEST_STEP][PASSED] - for ([j = 0, j &lt; symbols.size(), (j++)]): null

2019-08-10 23:55:47 - [TEST_STEP][PASSED] - symbol = symbol: null

2019-08-10 23:55:47 - [TEST_STEP][PASSED] - println(symbol): null

2019-08-10 23:55:47 - [TEST_STEP][PASSED] - if (i == 2 &amp;&amp; wildList.indexOf(symbol) != -1): null

2019-08-10 23:55:47 - [TEST_STEP][PASSED] - if (i == 3 &amp;&amp; wildList.indexOf(symbol) != -1): null

2019-08-10 23:55:47 - [TEST_STEP][PASSED] - if (i == 4 &amp;&amp; wildList.indexOf(symbol) != -1): null

2019-08-10 23:55:47 - [TEST_STEP][PASSED] - symbol = symbol: null

2019-08-10 23:55:47 - [TEST_STEP][PASSED] - println(symbol): null

2019-08-10 23:55:47 - [TEST_STEP][PASSED] - if (i == 2 &amp;&amp; wildList.indexOf(symbol) != -1): null

2019-08-10 23:55:47 - [TEST_STEP][PASSED] - if (i == 3 &amp;&amp; wildList.indexOf(symbol) != -1): null

2019-08-10 23:55:47 - [TEST_STEP][PASSED] - if (i == 4 &amp;&amp; wildList.indexOf(symbol) != -1): null

2019-08-10 23:55:47 - [TEST_STEP][PASSED] - symbol = symbol: null

2019-08-10 23:55:47 - [TEST_STEP][PASSED] - println(symbol): null

2019-08-10 23:55:47 - [TEST_STEP][PASSED] - if (i == 2 &amp;&amp; wildList.indexOf(symbol) != -1): null

2019-08-10 23:55:47 - [TEST_STEP][PASSED] - if (i == 3 &amp;&amp; wildList.indexOf(symbol) != -1): null

2019-08-10 23:55:47 - [TEST_STEP][PASSED] - if (i == 4 &amp;&amp; wildList.indexOf(symbol) != -1): null

2019-08-10 23:55:47 - [TEST_STEP][PASSED] - free_spin_reel_counter = free_spin_reel_counter: null

2019-08-10 23:55:47 - [TEST_STEP][PASSED] - println("reel 3 wild found: " + free_spin_reel_counter[0]): null

2019-08-10 23:55:47 - [TEST_STEP][PASSED] - println("reel 4 wild found: " + free_spin_reel_counter[1]): null

2019-08-10 23:55:47 - [TEST_STEP][PASSED] - println("reel 5 wild found: " + free_spin_reel_counter[2]): null

2019-08-10 23:55:47 - [TEST_STEP][PASSED] - M4_spin_reels = M4_spin_reels: null

2019-08-10 23:55:47 - [TEST_STEP][PASSED] - M4_spin_reels_symbols = symbol: null

2019-08-10 23:55:47 - [TEST_STEP][PASSED] - M4_spin_reels_symbols = M4_spin_reels_symbols: null

2019-08-10 23:55:47 - [TEST_STEP][PASSED] - M4_spin_reel_wins = reel_wins: null

2019-08-10 23:55:47 - [TEST_STEP][PASSED] - M4_spin_reel_wins = M4_spin_reel_wins: null

2019-08-10 23:55:47 - [TEST_STEP][PASSED] - println("GlobalVariable.M4_spin_reel_wins is: " + M4_spin_reel_wins): null

2019-08-10 23:55:47 - [TEST_STEP][PASSED] - M4_spin_total_bonus_win_this_round = total_bonus_win_this_round: null

2019-08-10 23:55:47 - [TEST_STEP][PASSED] - M4_spin_total_bonus_win_this_round = M4_spin_total_bonus_win_this_round: null

2019-08-10 23:55:47 - [TEST_STEP][PASSED] - println("GlobalVariable.M4_spin_total_bonus_win_this_round is: " + M4_spin_total_bonus_win_this_round): null

2019-08-10 23:55:47 - [MESSAGE][PASSED] - Verify response successfully

2019-08-10 23:55:47 - [MESSAGE][PASSED] - Send request and verify the response successfully

2019-08-10 23:55:47 - [TEST_STEP][PASSED] - if (M4_total_bonus_spins_int != 0 &amp;&amp; M4_spin_reels_symbols[2].contains("WILD_Double") || M4_spin_reels_symbols[4].contains("WILD_Triple")): null

2019-08-10 23:55:47 - [TEST_STEP][PASSED] - free_spin_reel_counter = free_spin_reel_counter: null

2019-08-10 23:55:47 - [TEST_STEP][PASSED] - M4_spin_reels_symbols = M4_spin_reels_symbols: null

2019-08-10 23:55:47 - [TEST_STEP][PASSED] - M4_total_bonus_spins = M4_total_bonus_spins: null

2019-08-10 23:55:47 - [TEST_STEP][PASSED] - spin_result = sendRequestAndVerify(findTestObject("RGS(M4)/1_M4_spin", ["M4_login_user_id":M4_login_user_id, "rgs_session_token":rgs_session_token, "partner":Partner])): Send request and verify the response successfully

2019-08-10 23:55:48 - [TEST_CASE][PASSED] - Start Test Case : Verification: Verification accomplished successfully

2019-08-10 23:55:48 - [TEST_STEP][PASSED] - request = getInstance().getCurrentRequest(): null

2019-08-10 23:55:48 - [TEST_STEP][PASSED] - response = getInstance().getCurrentResponse(): null

2019-08-10 23:55:48 - [TEST_STEP][PASSED] - verifyResponseStatusCode(response, 200): Verify response status code successfully

2019-08-10 23:55:48 - [MESSAGE][PASSED] - Verify response status code successfully

2019-08-10 23:55:48 - [TEST_STEP][PASSED] - getStatusCode()).isEqualTo(200): null

2019-08-10 23:55:48 - [TEST_STEP][PASSED] - newline = System.getProperty("line.separator"): null

2019-08-10 23:55:48 - [TEST_STEP][PASSED] - M4_spin = new groovy.json.JsonSlurper(): null

2019-08-10 23:55:48 - [TEST_STEP][PASSED] - result_M4_spin = M4_spin.parseText(response.getResponseBodyContent()): null

2019-08-10 23:55:48 - [TEST_STEP][PASSED] - M4_spin_current_balance = current_balance: null

2019-08-10 23:55:48 - [TEST_STEP][PASSED] - M4_spin_current_balance = M4_spin_current_balance: null

2019-08-10 23:55:48 - [TEST_STEP][PASSED] - M4_spin_transaction_id = causality: null

2019-08-10 23:55:48 - [TEST_STEP][PASSED] - M4_spin_transaction_id = M4_spin_transaction_id: null

2019-08-10 23:55:48 - [TEST_STEP][PASSED] - M4_spin_round_id = round_id: null

2019-08-10 23:55:48 - [TEST_STEP][PASSED] - M4_spin_round_id = M4_spin_round_id: null

2019-08-10 23:55:48 - [TEST_STEP][PASSED] - M4_spin_line_wins = line_wins: null

2019-08-10 23:55:48 - [TEST_STEP][PASSED] - M4_spin_line_wins = M4_spin_line_wins: null

2019-08-10 23:55:48 - [TEST_STEP][PASSED] - M4_total_bonus_spins_int = total_bonus_spins: null

2019-08-10 23:55:48 - [TEST_STEP][PASSED] - println("******M4_total_bonus_spins type is:*******" + newline + getClass().getName()): null

2019-08-10 23:55:48 - [TEST_STEP][PASSED] - M4_total_bonus_spins_int = M4_total_bonus_spins_int: null

2019-08-10 23:55:48 - [TEST_STEP][PASSED] - M4_total_bonus_spins = Integer.toString(M4_total_bonus_spins_int): null

2019-08-10 23:55:48 - [TEST_STEP][PASSED] - M4_total_bonus_spins = M4_total_bonus_spins: null

2019-08-10 23:55:48 - [TEST_STEP][PASSED] - println("M4_total_bonus_spins is:" + M4_total_bonus_spins): null

2019-08-10 23:55:48 - [TEST_STEP][PASSED] - M4_spin_bonus_data = bonus_data: null

2019-08-10 23:55:48 - [TEST_STEP][PASSED] - M4_spin_features_triggered = result_M4_spin: null

2019-08-10 23:55:48 - [TEST_STEP][PASSED] - wild = []: null

2019-08-10 23:55:48 - [TEST_STEP][PASSED] - wild[0] = "WILD_Expanding": null

2019-08-10 23:55:48 - [TEST_STEP][PASSED] - wild[1] = "WILD_Normal": null

2019-08-10 23:55:48 - [TEST_STEP][PASSED] - wild[2] = "WILD_Double": null

2019-08-10 23:55:48 - [TEST_STEP][PASSED] - wild[3] = "WILD_ExtraFG": null

2019-08-10 23:55:48 - [TEST_STEP][PASSED] - wild[4] = "WILD_Triple": null

2019-08-10 23:55:48 - [TEST_STEP][PASSED] - wildList = Arrays.asList(wild): null

2019-08-10 23:55:48 - [TEST_STEP][PASSED] - wildList = wildList: null

2019-08-10 23:55:48 - [TEST_STEP][PASSED] - free_spin_reel_counter = []: null

2019-08-10 23:55:48 - [TEST_STEP][PASSED] - free_spin_reel_counter[0] = 0: null

2019-08-10 23:55:48 - [TEST_STEP][PASSED] - free_spin_reel_counter[1] = 0: null

2019-08-10 23:55:48 - [TEST_STEP][PASSED] - free_spin_reel_counter[2] = 0: null

2019-08-10 23:55:48 - [TEST_STEP][PASSED] - M4_spin_reels = reels: null

2019-08-10 23:55:48 - [TEST_STEP][PASSED] - for ([i = 0, i &lt; M4_spin_reels.size(), (i++)]): null

2019-08-10 23:55:48 - [TEST_STEP][PASSED] - symbols = symbols: null

2019-08-10 23:55:48 - [TEST_STEP][PASSED] - for ([j = 0, j &lt; symbols.size(), (j++)]): null

2019-08-10 23:55:48 - [TEST_STEP][PASSED] - symbol = symbol: null

2019-08-10 23:55:48 - [TEST_STEP][PASSED] - println(symbol): null

2019-08-10 23:55:48 - [TEST_STEP][PASSED] - if (i == 2 &amp;&amp; wildList.indexOf(symbol) != -1): null

2019-08-10 23:55:48 - [TEST_STEP][PASSED] - if (i == 3 &amp;&amp; wildList.indexOf(symbol) != -1): null

2019-08-10 23:55:48 - [TEST_STEP][PASSED] - if (i == 4 &amp;&amp; wildList.indexOf(symbol) != -1): null

2019-08-10 23:55:48 - [TEST_STEP][PASSED] - symbol = symbol: null

2019-08-10 23:55:48 - [TEST_STEP][PASSED] - println(symbol): null

2019-08-10 23:55:48 - [TEST_STEP][PASSED] - if (i == 2 &amp;&amp; wildList.indexOf(symbol) != -1): null

2019-08-10 23:55:48 - [TEST_STEP][PASSED] - if (i == 3 &amp;&amp; wildList.indexOf(symbol) != -1): null

2019-08-10 23:55:48 - [TEST_STEP][PASSED] - if (i == 4 &amp;&amp; wildList.indexOf(symbol) != -1): null

2019-08-10 23:55:48 - [TEST_STEP][PASSED] - symbol = symbol: null

2019-08-10 23:55:48 - [TEST_STEP][PASSED] - println(symbol): null

2019-08-10 23:55:48 - [TEST_STEP][PASSED] - if (i == 2 &amp;&amp; wildList.indexOf(symbol) != -1): null

2019-08-10 23:55:48 - [TEST_STEP][PASSED] - if (i == 3 &amp;&amp; wildList.indexOf(symbol) != -1): null

2019-08-10 23:55:48 - [TEST_STEP][PASSED] - if (i == 4 &amp;&amp; wildList.indexOf(symbol) != -1): null

2019-08-10 23:55:48 - [TEST_STEP][PASSED] - symbols = symbols: null

2019-08-10 23:55:48 - [TEST_STEP][PASSED] - for ([j = 0, j &lt; symbols.size(), (j++)]): null

2019-08-10 23:55:48 - [TEST_STEP][PASSED] - symbol = symbol: null

2019-08-10 23:55:48 - [TEST_STEP][PASSED] - println(symbol): null

2019-08-10 23:55:48 - [TEST_STEP][PASSED] - if (i == 2 &amp;&amp; wildList.indexOf(symbol) != -1): null

2019-08-10 23:55:48 - [TEST_STEP][PASSED] - if (i == 3 &amp;&amp; wildList.indexOf(symbol) != -1): null

2019-08-10 23:55:48 - [TEST_STEP][PASSED] - if (i == 4 &amp;&amp; wildList.indexOf(symbol) != -1): null

2019-08-10 23:55:48 - [TEST_STEP][PASSED] - symbol = symbol: null

2019-08-10 23:55:48 - [TEST_STEP][PASSED] - println(symbol): null

2019-08-10 23:55:48 - [TEST_STEP][PASSED] - if (i == 2 &amp;&amp; wildList.indexOf(symbol) != -1): null

2019-08-10 23:55:48 - [TEST_STEP][PASSED] - if (i == 3 &amp;&amp; wildList.indexOf(symbol) != -1): null

2019-08-10 23:55:48 - [TEST_STEP][PASSED] - if (i == 4 &amp;&amp; wildList.indexOf(symbol) != -1): null

2019-08-10 23:55:48 - [TEST_STEP][PASSED] - symbol = symbol: null

2019-08-10 23:55:48 - [TEST_STEP][PASSED] - println(symbol): null

2019-08-10 23:55:48 - [TEST_STEP][PASSED] - if (i == 2 &amp;&amp; wildList.indexOf(symbol) != -1): null

2019-08-10 23:55:48 - [TEST_STEP][PASSED] - if (i == 3 &amp;&amp; wildList.indexOf(symbol) != -1): null

2019-08-10 23:55:48 - [TEST_STEP][PASSED] - if (i == 4 &amp;&amp; wildList.indexOf(symbol) != -1): null

2019-08-10 23:55:48 - [TEST_STEP][PASSED] - symbols = symbols: null

2019-08-10 23:55:48 - [TEST_STEP][PASSED] - for ([j = 0, j &lt; symbols.size(), (j++)]): null

2019-08-10 23:55:48 - [TEST_STEP][PASSED] - symbol = symbol: null

2019-08-10 23:55:48 - [TEST_STEP][PASSED] - println(symbol): null

2019-08-10 23:55:48 - [TEST_STEP][PASSED] - if (i == 2 &amp;&amp; wildList.indexOf(symbol) != -1): null

2019-08-10 23:55:48 - [TEST_STEP][PASSED] - if (i == 3 &amp;&amp; wildList.indexOf(symbol) != -1): null

2019-08-10 23:55:48 - [TEST_STEP][PASSED] - if (i == 4 &amp;&amp; wildList.indexOf(symbol) != -1): null

2019-08-10 23:55:48 - [TEST_STEP][PASSED] - symbol = symbol: null

2019-08-10 23:55:48 - [TEST_STEP][PASSED] - println(symbol): null

2019-08-10 23:55:48 - [TEST_STEP][PASSED] - if (i == 2 &amp;&amp; wildList.indexOf(symbol) != -1): null

2019-08-10 23:55:48 - [TEST_STEP][PASSED] - if (i == 3 &amp;&amp; wildList.indexOf(symbol) != -1): null

2019-08-10 23:55:48 - [TEST_STEP][PASSED] - if (i == 4 &amp;&amp; wildList.indexOf(symbol) != -1): null

2019-08-10 23:55:48 - [TEST_STEP][PASSED] - symbol = symbol: null

2019-08-10 23:55:48 - [TEST_STEP][PASSED] - println(symbol): null

2019-08-10 23:55:48 - [TEST_STEP][PASSED] - if (i == 2 &amp;&amp; wildList.indexOf(symbol) != -1): null

2019-08-10 23:55:48 - [TEST_STEP][PASSED] - if (i == 3 &amp;&amp; wildList.indexOf(symbol) != -1): null

2019-08-10 23:55:48 - [TEST_STEP][PASSED] - if (i == 4 &amp;&amp; wildList.indexOf(symbol) != -1): null

2019-08-10 23:55:48 - [TEST_STEP][PASSED] - symbols = symbols: null

2019-08-10 23:55:48 - [TEST_STEP][PASSED] - for ([j = 0, j &lt; symbols.size(), (j++)]): null

2019-08-10 23:55:48 - [TEST_STEP][PASSED] - symbol = symbol: null

2019-08-10 23:55:48 - [TEST_STEP][PASSED] - println(symbol): null

2019-08-10 23:55:48 - [TEST_STEP][PASSED] - if (i == 2 &amp;&amp; wildList.indexOf(symbol) != -1): null

2019-08-10 23:55:48 - [TEST_STEP][PASSED] - if (i == 3 &amp;&amp; wildList.indexOf(symbol) != -1): null

2019-08-10 23:55:48 - [TEST_STEP][PASSED] - if (i == 4 &amp;&amp; wildList.indexOf(symbol) != -1): null

2019-08-10 23:55:48 - [TEST_STEP][PASSED] - symbol = symbol: null

2019-08-10 23:55:48 - [TEST_STEP][PASSED] - println(symbol): null

2019-08-10 23:55:48 - [TEST_STEP][PASSED] - if (i == 2 &amp;&amp; wildList.indexOf(symbol) != -1): null

2019-08-10 23:55:48 - [TEST_STEP][PASSED] - if (i == 3 &amp;&amp; wildList.indexOf(symbol) != -1): null

2019-08-10 23:55:48 - [TEST_STEP][PASSED] - if (i == 4 &amp;&amp; wildList.indexOf(symbol) != -1): null

2019-08-10 23:55:48 - [TEST_STEP][PASSED] - symbol = symbol: null

2019-08-10 23:55:48 - [TEST_STEP][PASSED] - println(symbol): null

2019-08-10 23:55:48 - [TEST_STEP][PASSED] - if (i == 2 &amp;&amp; wildList.indexOf(symbol) != -1): null

2019-08-10 23:55:48 - [TEST_STEP][PASSED] - if (i == 3 &amp;&amp; wildList.indexOf(symbol) != -1): null

2019-08-10 23:55:48 - [TEST_STEP][PASSED] - if (i == 4 &amp;&amp; wildList.indexOf(symbol) != -1): null

2019-08-10 23:55:48 - [TEST_STEP][PASSED] - symbols = symbols: null

2019-08-10 23:55:48 - [TEST_STEP][PASSED] - for ([j = 0, j &lt; symbols.size(), (j++)]): null

2019-08-10 23:55:48 - [TEST_STEP][PASSED] - symbol = symbol: null

2019-08-10 23:55:48 - [TEST_STEP][PASSED] - println(symbol): null

2019-08-10 23:55:48 - [TEST_STEP][PASSED] - if (i == 2 &amp;&amp; wildList.indexOf(symbol) != -1): null

2019-08-10 23:55:48 - [TEST_STEP][PASSED] - if (i == 3 &amp;&amp; wildList.indexOf(symbol) != -1): null

2019-08-10 23:55:48 - [TEST_STEP][PASSED] - if (i == 4 &amp;&amp; wildList.indexOf(symbol) != -1): null

2019-08-10 23:55:48 - [TEST_STEP][PASSED] - symbol = symbol: null

2019-08-10 23:55:48 - [TEST_STEP][PASSED] - println(symbol): null

2019-08-10 23:55:48 - [TEST_STEP][PASSED] - if (i == 2 &amp;&amp; wildList.indexOf(symbol) != -1): null

2019-08-10 23:55:48 - [TEST_STEP][PASSED] - if (i == 3 &amp;&amp; wildList.indexOf(symbol) != -1): null

2019-08-10 23:55:48 - [TEST_STEP][PASSED] - if (i == 4 &amp;&amp; wildList.indexOf(symbol) != -1): null

2019-08-10 23:55:48 - [TEST_STEP][PASSED] - symbol = symbol: null

2019-08-10 23:55:48 - [TEST_STEP][PASSED] - println(symbol): null

2019-08-10 23:55:48 - [TEST_STEP][PASSED] - if (i == 2 &amp;&amp; wildList.indexOf(symbol) != -1): null

2019-08-10 23:55:48 - [TEST_STEP][PASSED] - if (i == 3 &amp;&amp; wildList.indexOf(symbol) != -1): null

2019-08-10 23:55:48 - [TEST_STEP][PASSED] - if (i == 4 &amp;&amp; wildList.indexOf(symbol) != -1): null

2019-08-10 23:55:48 - [TEST_STEP][PASSED] - free_spin_reel_counter = free_spin_reel_counter: null

2019-08-10 23:55:48 - [TEST_STEP][PASSED] - println("reel 3 wild found: " + free_spin_reel_counter[0]): null

2019-08-10 23:55:48 - [TEST_STEP][PASSED] - println("reel 4 wild found: " + free_spin_reel_counter[1]): null

2019-08-10 23:55:48 - [TEST_STEP][PASSED] - println("reel 5 wild found: " + free_spin_reel_counter[2]): null

2019-08-10 23:55:48 - [TEST_STEP][PASSED] - M4_spin_reels = M4_spin_reels: null

2019-08-10 23:55:48 - [TEST_STEP][PASSED] - M4_spin_reels_symbols = symbol: null

2019-08-10 23:55:48 - [TEST_STEP][PASSED] - M4_spin_reels_symbols = M4_spin_reels_symbols: null

2019-08-10 23:55:48 - [TEST_STEP][PASSED] - M4_spin_reel_wins = reel_wins: null

2019-08-10 23:55:48 - [TEST_STEP][PASSED] - M4_spin_reel_wins = M4_spin_reel_wins: null

2019-08-10 23:55:48 - [TEST_STEP][PASSED] - println("GlobalVariable.M4_spin_reel_wins is: " + M4_spin_reel_wins): null

2019-08-10 23:55:48 - [TEST_STEP][PASSED] - M4_spin_total_bonus_win_this_round = total_bonus_win_this_round: null

2019-08-10 23:55:48 - [TEST_STEP][PASSED] - M4_spin_total_bonus_win_this_round = M4_spin_total_bonus_win_this_round: null

2019-08-10 23:55:48 - [TEST_STEP][PASSED] - println("GlobalVariable.M4_spin_total_bonus_win_this_round is: " + M4_spin_total_bonus_win_this_round): null

2019-08-10 23:55:48 - [MESSAGE][PASSED] - Verify response successfully

2019-08-10 23:55:48 - [MESSAGE][PASSED] - Send request and verify the response successfully

2019-08-10 23:55:48 - [TEST_STEP][PASSED] - if (M4_total_bonus_spins_int != 0 &amp;&amp; M4_spin_reels_symbols[2].contains("WILD_Double") || M4_spin_reels_symbols[4].contains("WILD_Triple")): null

2019-08-10 23:55:48 - [TEST_STEP][PASSED] - free_spin_reel_counter = free_spin_reel_counter: null

2019-08-10 23:55:48 - [TEST_STEP][PASSED] - M4_spin_reels_symbols = M4_spin_reels_symbols: null

2019-08-10 23:55:48 - [TEST_STEP][PASSED] - M4_total_bonus_spins = M4_total_bonus_spins: null

2019-08-10 23:55:48 - [TEST_STEP][PASSED] - spin_result = sendRequestAndVerify(findTestObject("RGS(M4)/1_M4_spin", ["M4_login_user_id":M4_login_user_id, "rgs_session_token":rgs_session_token, "partner":Partner])): Send request and verify the response successfully

2019-08-10 23:55:48 - [TEST_CASE][PASSED] - Start Test Case : Verification: Verification accomplished successfully

2019-08-10 23:55:48 - [TEST_STEP][PASSED] - request = getInstance().getCurrentRequest(): null

2019-08-10 23:55:48 - [TEST_STEP][PASSED] - response = getInstance().getCurrentResponse(): null

2019-08-10 23:55:48 - [TEST_STEP][PASSED] - verifyResponseStatusCode(response, 200): Verify response status code successfully

2019-08-10 23:55:48 - [MESSAGE][PASSED] - Verify response status code successfully

2019-08-10 23:55:48 - [TEST_STEP][PASSED] - getStatusCode()).isEqualTo(200): null

2019-08-10 23:55:48 - [TEST_STEP][PASSED] - newline = System.getProperty("line.separator"): null

2019-08-10 23:55:48 - [TEST_STEP][PASSED] - M4_spin = new groovy.json.JsonSlurper(): null

2019-08-10 23:55:48 - [TEST_STEP][PASSED] - result_M4_spin = M4_spin.parseText(response.getResponseBodyContent()): null

2019-08-10 23:55:48 - [TEST_STEP][PASSED] - M4_spin_current_balance = current_balance: null

2019-08-10 23:55:48 - [TEST_STEP][PASSED] - M4_spin_current_balance = M4_spin_current_balance: null

2019-08-10 23:55:48 - [TEST_STEP][PASSED] - M4_spin_transaction_id = causality: null

2019-08-10 23:55:48 - [TEST_STEP][PASSED] - M4_spin_transaction_id = M4_spin_transaction_id: null

2019-08-10 23:55:48 - [TEST_STEP][PASSED] - M4_spin_round_id = round_id: null

2019-08-10 23:55:48 - [TEST_STEP][PASSED] - M4_spin_round_id = M4_spin_round_id: null

2019-08-10 23:55:48 - [TEST_STEP][PASSED] - M4_spin_line_wins = line_wins: null

2019-08-10 23:55:48 - [TEST_STEP][PASSED] - M4_spin_line_wins = M4_spin_line_wins: null

2019-08-10 23:55:48 - [TEST_STEP][PASSED] - M4_total_bonus_spins_int = total_bonus_spins: null

2019-08-10 23:55:48 - [TEST_STEP][PASSED] - println("******M4_total_bonus_spins type is:*******" + newline + getClass().getName()): null

2019-08-10 23:55:48 - [TEST_STEP][PASSED] - M4_total_bonus_spins_int = M4_total_bonus_spins_int: null

2019-08-10 23:55:48 - [TEST_STEP][PASSED] - M4_total_bonus_spins = Integer.toString(M4_total_bonus_spins_int): null

2019-08-10 23:55:48 - [TEST_STEP][PASSED] - M4_total_bonus_spins = M4_total_bonus_spins: null

2019-08-10 23:55:48 - [TEST_STEP][PASSED] - println("M4_total_bonus_spins is:" + M4_total_bonus_spins): null

2019-08-10 23:55:48 - [TEST_STEP][PASSED] - M4_spin_bonus_data = bonus_data: null

2019-08-10 23:55:48 - [TEST_STEP][PASSED] - M4_spin_features_triggered = result_M4_spin: null

2019-08-10 23:55:48 - [TEST_STEP][PASSED] - wild = []: null

2019-08-10 23:55:48 - [TEST_STEP][PASSED] - wild[0] = "WILD_Expanding": null

2019-08-10 23:55:48 - [TEST_STEP][PASSED] - wild[1] = "WILD_Normal": null

2019-08-10 23:55:48 - [TEST_STEP][PASSED] - wild[2] = "WILD_Double": null

2019-08-10 23:55:48 - [TEST_STEP][PASSED] - wild[3] = "WILD_ExtraFG": null

2019-08-10 23:55:48 - [TEST_STEP][PASSED] - wild[4] = "WILD_Triple": null

2019-08-10 23:55:48 - [TEST_STEP][PASSED] - wildList = Arrays.asList(wild): null

2019-08-10 23:55:48 - [TEST_STEP][PASSED] - wildList = wildList: null

2019-08-10 23:55:48 - [TEST_STEP][PASSED] - free_spin_reel_counter = []: null

2019-08-10 23:55:48 - [TEST_STEP][PASSED] - free_spin_reel_counter[0] = 0: null

2019-08-10 23:55:48 - [TEST_STEP][PASSED] - free_spin_reel_counter[1] = 0: null

2019-08-10 23:55:48 - [TEST_STEP][PASSED] - free_spin_reel_counter[2] = 0: null

2019-08-10 23:55:48 - [TEST_STEP][PASSED] - M4_spin_reels = reels: null

2019-08-10 23:55:48 - [TEST_STEP][PASSED] - for ([i = 0, i &lt; M4_spin_reels.size(), (i++)]): null

2019-08-10 23:55:48 - [TEST_STEP][PASSED] - symbols = symbols: null

2019-08-10 23:55:48 - [TEST_STEP][PASSED] - for ([j = 0, j &lt; symbols.size(), (j++)]): null

2019-08-10 23:55:48 - [TEST_STEP][PASSED] - symbol = symbol: null

2019-08-10 23:55:48 - [TEST_STEP][PASSED] - println(symbol): null

2019-08-10 23:55:48 - [TEST_STEP][PASSED] - if (i == 2 &amp;&amp; wildList.indexOf(symbol) != -1): null

2019-08-10 23:55:48 - [TEST_STEP][PASSED] - if (i == 3 &amp;&amp; wildList.indexOf(symbol) != -1): null

2019-08-10 23:55:48 - [TEST_STEP][PASSED] - if (i == 4 &amp;&amp; wildList.indexOf(symbol) != -1): null

2019-08-10 23:55:48 - [TEST_STEP][PASSED] - symbol = symbol: null

2019-08-10 23:55:48 - [TEST_STEP][PASSED] - println(symbol): null

2019-08-10 23:55:48 - [TEST_STEP][PASSED] - if (i == 2 &amp;&amp; wildList.indexOf(symbol) != -1): null

2019-08-10 23:55:48 - [TEST_STEP][PASSED] - if (i == 3 &amp;&amp; wildList.indexOf(symbol) != -1): null

2019-08-10 23:55:48 - [TEST_STEP][PASSED] - if (i == 4 &amp;&amp; wildList.indexOf(symbol) != -1): null

2019-08-10 23:55:48 - [TEST_STEP][PASSED] - symbol = symbol: null

2019-08-10 23:55:48 - [TEST_STEP][PASSED] - println(symbol): null

2019-08-10 23:55:48 - [TEST_STEP][PASSED] - if (i == 2 &amp;&amp; wildList.indexOf(symbol) != -1): null

2019-08-10 23:55:48 - [TEST_STEP][PASSED] - if (i == 3 &amp;&amp; wildList.indexOf(symbol) != -1): null

2019-08-10 23:55:48 - [TEST_STEP][PASSED] - if (i == 4 &amp;&amp; wildList.indexOf(symbol) != -1): null

2019-08-10 23:55:48 - [TEST_STEP][PASSED] - symbols = symbols: null

2019-08-10 23:55:48 - [TEST_STEP][PASSED] - for ([j = 0, j &lt; symbols.size(), (j++)]): null

2019-08-10 23:55:48 - [TEST_STEP][PASSED] - symbol = symbol: null

2019-08-10 23:55:48 - [TEST_STEP][PASSED] - println(symbol): null

2019-08-10 23:55:48 - [TEST_STEP][PASSED] - if (i == 2 &amp;&amp; wildList.indexOf(symbol) != -1): null

2019-08-10 23:55:48 - [TEST_STEP][PASSED] - if (i == 3 &amp;&amp; wildList.indexOf(symbol) != -1): null

2019-08-10 23:55:48 - [TEST_STEP][PASSED] - if (i == 4 &amp;&amp; wildList.indexOf(symbol) != -1): null

2019-08-10 23:55:48 - [TEST_STEP][PASSED] - symbol = symbol: null

2019-08-10 23:55:48 - [TEST_STEP][PASSED] - println(symbol): null

2019-08-10 23:55:48 - [TEST_STEP][PASSED] - if (i == 2 &amp;&amp; wildList.indexOf(symbol) != -1): null

2019-08-10 23:55:48 - [TEST_STEP][PASSED] - if (i == 3 &amp;&amp; wildList.indexOf(symbol) != -1): null

2019-08-10 23:55:48 - [TEST_STEP][PASSED] - if (i == 4 &amp;&amp; wildList.indexOf(symbol) != -1): null

2019-08-10 23:55:48 - [TEST_STEP][PASSED] - symbol = symbol: null

2019-08-10 23:55:48 - [TEST_STEP][PASSED] - println(symbol): null

2019-08-10 23:55:48 - [TEST_STEP][PASSED] - if (i == 2 &amp;&amp; wildList.indexOf(symbol) != -1): null

2019-08-10 23:55:48 - [TEST_STEP][PASSED] - if (i == 3 &amp;&amp; wildList.indexOf(symbol) != -1): null

2019-08-10 23:55:48 - [TEST_STEP][PASSED] - if (i == 4 &amp;&amp; wildList.indexOf(symbol) != -1): null

2019-08-10 23:55:48 - [TEST_STEP][PASSED] - symbols = symbols: null

2019-08-10 23:55:48 - [TEST_STEP][PASSED] - for ([j = 0, j &lt; symbols.size(), (j++)]): null

2019-08-10 23:55:48 - [TEST_STEP][PASSED] - symbol = symbol: null

2019-08-10 23:55:48 - [TEST_STEP][PASSED] - println(symbol): null

2019-08-10 23:55:48 - [TEST_STEP][PASSED] - if (i == 2 &amp;&amp; wildList.indexOf(symbol) != -1): null

2019-08-10 23:55:48 - [TEST_STEP][PASSED] - if (i == 3 &amp;&amp; wildList.indexOf(symbol) != -1): null

2019-08-10 23:55:48 - [TEST_STEP][PASSED] - if (i == 4 &amp;&amp; wildList.indexOf(symbol) != -1): null

2019-08-10 23:55:48 - [TEST_STEP][PASSED] - symbol = symbol: null

2019-08-10 23:55:48 - [TEST_STEP][PASSED] - println(symbol): null

2019-08-10 23:55:48 - [TEST_STEP][PASSED] - if (i == 2 &amp;&amp; wildList.indexOf(symbol) != -1): null

2019-08-10 23:55:48 - [TEST_STEP][PASSED] - if (i == 3 &amp;&amp; wildList.indexOf(symbol) != -1): null

2019-08-10 23:55:48 - [TEST_STEP][PASSED] - if (i == 4 &amp;&amp; wildList.indexOf(symbol) != -1): null

2019-08-10 23:55:48 - [TEST_STEP][PASSED] - symbol = symbol: null

2019-08-10 23:55:48 - [TEST_STEP][PASSED] - println(symbol): null

2019-08-10 23:55:48 - [TEST_STEP][PASSED] - if (i == 2 &amp;&amp; wildList.indexOf(symbol) != -1): null

2019-08-10 23:55:48 - [TEST_STEP][PASSED] - if (i == 3 &amp;&amp; wildList.indexOf(symbol) != -1): null

2019-08-10 23:55:48 - [TEST_STEP][PASSED] - if (i == 4 &amp;&amp; wildList.indexOf(symbol) != -1): null

2019-08-10 23:55:48 - [TEST_STEP][PASSED] - symbols = symbols: null

2019-08-10 23:55:48 - [TEST_STEP][PASSED] - for ([j = 0, j &lt; symbols.size(), (j++)]): null

2019-08-10 23:55:48 - [TEST_STEP][PASSED] - symbol = symbol: null

2019-08-10 23:55:48 - [TEST_STEP][PASSED] - println(symbol): null

2019-08-10 23:55:48 - [TEST_STEP][PASSED] - if (i == 2 &amp;&amp; wildList.indexOf(symbol) != -1): null

2019-08-10 23:55:48 - [TEST_STEP][PASSED] - if (i == 3 &amp;&amp; wildList.indexOf(symbol) != -1): null

2019-08-10 23:55:48 - [TEST_STEP][PASSED] - if (i == 4 &amp;&amp; wildList.indexOf(symbol) != -1): null

2019-08-10 23:55:48 - [TEST_STEP][PASSED] - symbol = symbol: null

2019-08-10 23:55:48 - [TEST_STEP][PASSED] - println(symbol): null

2019-08-10 23:55:48 - [TEST_STEP][PASSED] - if (i == 2 &amp;&amp; wildList.indexOf(symbol) != -1): null

2019-08-10 23:55:48 - [TEST_STEP][PASSED] - if (i == 3 &amp;&amp; wildList.indexOf(symbol) != -1): null

2019-08-10 23:55:48 - [TEST_STEP][PASSED] - if (i == 4 &amp;&amp; wildList.indexOf(symbol) != -1): null

2019-08-10 23:55:48 - [TEST_STEP][PASSED] - symbol = symbol: null

2019-08-10 23:55:48 - [TEST_STEP][PASSED] - println(symbol): null

2019-08-10 23:55:48 - [TEST_STEP][PASSED] - if (i == 2 &amp;&amp; wildList.indexOf(symbol) != -1): null

2019-08-10 23:55:51 - [TEST_STEP][PASSED] - if (i == 3 &amp;&amp; wildList.indexOf(symbol) != -1): null

2019-08-10 23:55:51 - [TEST_STEP][PASSED] - if (i == 4 &amp;&amp; wildList.indexOf(symbol) != -1): null

2019-08-10 23:55:51 - [TEST_STEP][PASSED] - symbols = symbols: null

2019-08-10 23:55:51 - [TEST_STEP][PASSED] - for ([j = 0, j &lt; symbols.size(), (j++)]): null

2019-08-10 23:55:51 - [TEST_STEP][PASSED] - symbol = symbol: null

2019-08-10 23:55:51 - [TEST_STEP][PASSED] - println(symbol): null

2019-08-10 23:55:51 - [TEST_STEP][PASSED] - if (i == 2 &amp;&amp; wildList.indexOf(symbol) != -1): null

2019-08-10 23:55:51 - [TEST_STEP][PASSED] - if (i == 3 &amp;&amp; wildList.indexOf(symbol) != -1): null

2019-08-10 23:55:51 - [TEST_STEP][PASSED] - if (i == 4 &amp;&amp; wildList.indexOf(symbol) != -1): null

2019-08-10 23:55:51 - [TEST_STEP][PASSED] - symbol = symbol: null

2019-08-10 23:55:51 - [TEST_STEP][PASSED] - println(symbol): null

2019-08-10 23:55:51 - [TEST_STEP][PASSED] - if (i == 2 &amp;&amp; wildList.indexOf(symbol) != -1): null

2019-08-10 23:55:51 - [TEST_STEP][PASSED] - if (i == 3 &amp;&amp; wildList.indexOf(symbol) != -1): null

2019-08-10 23:55:51 - [TEST_STEP][PASSED] - if (i == 4 &amp;&amp; wildList.indexOf(symbol) != -1): null

2019-08-10 23:55:51 - [TEST_STEP][PASSED] - symbol = symbol: null

2019-08-10 23:55:51 - [TEST_STEP][PASSED] - println(symbol): null

2019-08-10 23:55:51 - [TEST_STEP][PASSED] - if (i == 2 &amp;&amp; wildList.indexOf(symbol) != -1): null

2019-08-10 23:55:51 - [TEST_STEP][PASSED] - if (i == 3 &amp;&amp; wildList.indexOf(symbol) != -1): null

2019-08-10 23:55:51 - [TEST_STEP][PASSED] - if (i == 4 &amp;&amp; wildList.indexOf(symbol) != -1): null

2019-08-10 23:55:51 - [TEST_STEP][PASSED] - free_spin_reel_counter = free_spin_reel_counter: null

2019-08-10 23:55:51 - [TEST_STEP][PASSED] - println("reel 3 wild found: " + free_spin_reel_counter[0]): null

2019-08-10 23:55:51 - [TEST_STEP][PASSED] - println("reel 4 wild found: " + free_spin_reel_counter[1]): null

2019-08-10 23:55:51 - [TEST_STEP][PASSED] - println("reel 5 wild found: " + free_spin_reel_counter[2]): null

2019-08-10 23:55:51 - [TEST_STEP][PASSED] - M4_spin_reels = M4_spin_reels: null

2019-08-10 23:55:51 - [TEST_STEP][PASSED] - M4_spin_reels_symbols = symbol: null

2019-08-10 23:55:51 - [TEST_STEP][PASSED] - M4_spin_reels_symbols = M4_spin_reels_symbols: null

2019-08-10 23:55:51 - [TEST_STEP][PASSED] - M4_spin_reel_wins = reel_wins: null

2019-08-10 23:55:51 - [TEST_STEP][PASSED] - M4_spin_reel_wins = M4_spin_reel_wins: null

2019-08-10 23:55:51 - [TEST_STEP][PASSED] - println("GlobalVariable.M4_spin_reel_wins is: " + M4_spin_reel_wins): null

2019-08-10 23:55:51 - [TEST_STEP][PASSED] - M4_spin_total_bonus_win_this_round = total_bonus_win_this_round: null

2019-08-10 23:55:51 - [TEST_STEP][PASSED] - M4_spin_total_bonus_win_this_round = M4_spin_total_bonus_win_this_round: null

2019-08-10 23:55:51 - [TEST_STEP][PASSED] - println("GlobalVariable.M4_spin_total_bonus_win_this_round is: " + M4_spin_total_bonus_win_this_round): null

2019-08-10 23:55:51 - [MESSAGE][PASSED] - Verify response successfully

2019-08-10 23:55:51 - [MESSAGE][PASSED] - Send request and verify the response successfully

2019-08-10 23:55:51 - [TEST_STEP][PASSED] - if (M4_total_bonus_spins_int != 0 &amp;&amp; M4_spin_reels_symbols[2].contains("WILD_Double") || M4_spin_reels_symbols[4].contains("WILD_Triple")): null

2019-08-10 23:55:51 - [TEST_STEP][PASSED] - free_spin_reel_counter = free_spin_reel_counter: null

2019-08-10 23:55:51 - [TEST_STEP][PASSED] - M4_spin_reels_symbols = M4_spin_reels_symbols: null

2019-08-10 23:55:51 - [TEST_STEP][PASSED] - M4_total_bonus_spins = M4_total_bonus_spins: null

2019-08-10 23:55:51 - [TEST_STEP][PASSED] - spin_result = sendRequestAndVerify(findTestObject("RGS(M4)/1_M4_spin", ["M4_login_user_id":M4_login_user_id, "rgs_session_token":rgs_session_token, "partner":Partner])): Send request and verify the response successfully

2019-08-10 23:55:52 - [TEST_CASE][PASSED] - Start Test Case : Verification: Verification accomplished successfully

2019-08-10 23:55:52 - [TEST_STEP][PASSED] - request = getInstance().getCurrentRequest(): null

2019-08-10 23:55:52 - [TEST_STEP][PASSED] - response = getInstance().getCurrentResponse(): null

2019-08-10 23:55:52 - [TEST_STEP][PASSED] - verifyResponseStatusCode(response, 200): Verify response status code successfully

2019-08-10 23:55:52 - [MESSAGE][PASSED] - Verify response status code successfully

2019-08-10 23:55:52 - [TEST_STEP][PASSED] - getStatusCode()).isEqualTo(200): null

2019-08-10 23:55:52 - [TEST_STEP][PASSED] - newline = System.getProperty("line.separator"): null

2019-08-10 23:55:52 - [TEST_STEP][PASSED] - M4_spin = new groovy.json.JsonSlurper(): null

2019-08-10 23:55:52 - [TEST_STEP][PASSED] - result_M4_spin = M4_spin.parseText(response.getResponseBodyContent()): null

2019-08-10 23:55:52 - [TEST_STEP][PASSED] - M4_spin_current_balance = current_balance: null

2019-08-10 23:55:52 - [TEST_STEP][PASSED] - M4_spin_current_balance = M4_spin_current_balance: null

2019-08-10 23:55:52 - [TEST_STEP][PASSED] - M4_spin_transaction_id = causality: null

2019-08-10 23:55:52 - [TEST_STEP][PASSED] - M4_spin_transaction_id = M4_spin_transaction_id: null

2019-08-10 23:55:52 - [TEST_STEP][PASSED] - M4_spin_round_id = round_id: null

2019-08-10 23:55:52 - [TEST_STEP][PASSED] - M4_spin_round_id = M4_spin_round_id: null

2019-08-10 23:55:52 - [TEST_STEP][PASSED] - M4_spin_line_wins = line_wins: null

2019-08-10 23:55:52 - [TEST_STEP][PASSED] - M4_spin_line_wins = M4_spin_line_wins: null

2019-08-10 23:55:52 - [TEST_STEP][PASSED] - M4_total_bonus_spins_int = total_bonus_spins: null

2019-08-10 23:55:52 - [TEST_STEP][PASSED] - println("******M4_total_bonus_spins type is:*******" + newline + getClass().getName()): null

2019-08-10 23:55:52 - [TEST_STEP][PASSED] - M4_total_bonus_spins_int = M4_total_bonus_spins_int: null

2019-08-10 23:55:52 - [TEST_STEP][PASSED] - M4_total_bonus_spins = Integer.toString(M4_total_bonus_spins_int): null

2019-08-10 23:55:52 - [TEST_STEP][PASSED] - M4_total_bonus_spins = M4_total_bonus_spins: null

2019-08-10 23:55:52 - [TEST_STEP][PASSED] - println("M4_total_bonus_spins is:" + M4_total_bonus_spins): null

2019-08-10 23:55:52 - [TEST_STEP][PASSED] - M4_spin_bonus_data = bonus_data: null

2019-08-10 23:55:52 - [TEST_STEP][PASSED] - M4_spin_features_triggered = result_M4_spin: null

2019-08-10 23:55:52 - [TEST_STEP][PASSED] - wild = []: null

2019-08-10 23:55:52 - [TEST_STEP][PASSED] - wild[0] = "WILD_Expanding": null

2019-08-10 23:55:52 - [TEST_STEP][PASSED] - wild[1] = "WILD_Normal": null

2019-08-10 23:55:52 - [TEST_STEP][PASSED] - wild[2] = "WILD_Double": null

2019-08-10 23:55:52 - [TEST_STEP][PASSED] - wild[3] = "WILD_ExtraFG": null

2019-08-10 23:55:52 - [TEST_STEP][PASSED] - wild[4] = "WILD_Triple": null

2019-08-10 23:55:52 - [TEST_STEP][PASSED] - wildList = Arrays.asList(wild): null

2019-08-10 23:55:52 - [TEST_STEP][PASSED] - wildList = wildList: null

2019-08-10 23:55:52 - [TEST_STEP][PASSED] - free_spin_reel_counter = []: null

2019-08-10 23:55:52 - [TEST_STEP][PASSED] - free_spin_reel_counter[0] = 0: null

2019-08-10 23:55:52 - [TEST_STEP][PASSED] - free_spin_reel_counter[1] = 0: null

2019-08-10 23:55:52 - [TEST_STEP][PASSED] - free_spin_reel_counter[2] = 0: null

2019-08-10 23:55:52 - [TEST_STEP][PASSED] - M4_spin_reels = reels: null

2019-08-10 23:55:52 - [TEST_STEP][PASSED] - for ([i = 0, i &lt; M4_spin_reels.size(), (i++)]): null

2019-08-10 23:55:52 - [TEST_STEP][PASSED] - symbols = symbols: null

2019-08-10 23:55:52 - [TEST_STEP][PASSED] - for ([j = 0, j &lt; symbols.size(), (j++)]): null

2019-08-10 23:55:52 - [TEST_STEP][PASSED] - symbol = symbol: null

2019-08-10 23:55:52 - [TEST_STEP][PASSED] - println(symbol): null

2019-08-10 23:55:52 - [TEST_STEP][PASSED] - if (i == 2 &amp;&amp; wildList.indexOf(symbol) != -1): null

2019-08-10 23:55:52 - [TEST_STEP][PASSED] - if (i == 3 &amp;&amp; wildList.indexOf(symbol) != -1): null

2019-08-10 23:55:52 - [TEST_STEP][PASSED] - if (i == 4 &amp;&amp; wildList.indexOf(symbol) != -1): null

2019-08-10 23:55:52 - [TEST_STEP][PASSED] - symbol = symbol: null

2019-08-10 23:55:52 - [TEST_STEP][PASSED] - println(symbol): null

2019-08-10 23:55:52 - [TEST_STEP][PASSED] - if (i == 2 &amp;&amp; wildList.indexOf(symbol) != -1): null

2019-08-10 23:55:52 - [TEST_STEP][PASSED] - if (i == 3 &amp;&amp; wildList.indexOf(symbol) != -1): null

2019-08-10 23:55:52 - [TEST_STEP][PASSED] - if (i == 4 &amp;&amp; wildList.indexOf(symbol) != -1): null

2019-08-10 23:55:52 - [TEST_STEP][PASSED] - symbol = symbol: null

2019-08-10 23:55:52 - [TEST_STEP][PASSED] - println(symbol): null

2019-08-10 23:55:52 - [TEST_STEP][PASSED] - if (i == 2 &amp;&amp; wildList.indexOf(symbol) != -1): null

2019-08-10 23:55:52 - [TEST_STEP][PASSED] - if (i == 3 &amp;&amp; wildList.indexOf(symbol) != -1): null

2019-08-10 23:55:52 - [TEST_STEP][PASSED] - if (i == 4 &amp;&amp; wildList.indexOf(symbol) != -1): null

2019-08-10 23:55:52 - [TEST_STEP][PASSED] - symbols = symbols: null

2019-08-10 23:55:52 - [TEST_STEP][PASSED] - for ([j = 0, j &lt; symbols.size(), (j++)]): null

2019-08-10 23:55:52 - [TEST_STEP][PASSED] - symbol = symbol: null

2019-08-10 23:55:52 - [TEST_STEP][PASSED] - println(symbol): null

2019-08-10 23:55:52 - [TEST_STEP][PASSED] - if (i == 2 &amp;&amp; wildList.indexOf(symbol) != -1): null

2019-08-10 23:55:52 - [TEST_STEP][PASSED] - if (i == 3 &amp;&amp; wildList.indexOf(symbol) != -1): null

2019-08-10 23:55:52 - [TEST_STEP][PASSED] - if (i == 4 &amp;&amp; wildList.indexOf(symbol) != -1): null

2019-08-10 23:55:52 - [TEST_STEP][PASSED] - symbol = symbol: null

2019-08-10 23:55:52 - [TEST_STEP][PASSED] - println(symbol): null

2019-08-10 23:55:52 - [TEST_STEP][PASSED] - if (i == 2 &amp;&amp; wildList.indexOf(symbol) != -1): null

2019-08-10 23:55:52 - [TEST_STEP][PASSED] - if (i == 3 &amp;&amp; wildList.indexOf(symbol) != -1): null

2019-08-10 23:55:52 - [TEST_STEP][PASSED] - if (i == 4 &amp;&amp; wildList.indexOf(symbol) != -1): null

2019-08-10 23:55:52 - [TEST_STEP][PASSED] - symbol = symbol: null

2019-08-10 23:55:52 - [TEST_STEP][PASSED] - println(symbol): null

2019-08-10 23:55:52 - [TEST_STEP][PASSED] - if (i == 2 &amp;&amp; wildList.indexOf(symbol) != -1): null

2019-08-10 23:55:52 - [TEST_STEP][PASSED] - if (i == 3 &amp;&amp; wildList.indexOf(symbol) != -1): null

2019-08-10 23:55:52 - [TEST_STEP][PASSED] - if (i == 4 &amp;&amp; wildList.indexOf(symbol) != -1): null

2019-08-10 23:55:52 - [TEST_STEP][PASSED] - symbols = symbols: null

2019-08-10 23:55:52 - [TEST_STEP][PASSED] - for ([j = 0, j &lt; symbols.size(), (j++)]): null

2019-08-10 23:55:52 - [TEST_STEP][PASSED] - symbol = symbol: null

2019-08-10 23:55:52 - [TEST_STEP][PASSED] - println(symbol): null

2019-08-10 23:55:52 - [TEST_STEP][PASSED] - if (i == 2 &amp;&amp; wildList.indexOf(symbol) != -1): null

2019-08-10 23:55:52 - [TEST_STEP][PASSED] - if (i == 3 &amp;&amp; wildList.indexOf(symbol) != -1): null

2019-08-10 23:55:52 - [TEST_STEP][PASSED] - if (i == 4 &amp;&amp; wildList.indexOf(symbol) != -1): null

2019-08-10 23:55:52 - [TEST_STEP][PASSED] - symbol = symbol: null

2019-08-10 23:55:52 - [TEST_STEP][PASSED] - println(symbol): null

2019-08-10 23:55:52 - [TEST_STEP][PASSED] - if (i == 2 &amp;&amp; wildList.indexOf(symbol) != -1): null

2019-08-10 23:55:52 - [TEST_STEP][PASSED] - if (i == 3 &amp;&amp; wildList.indexOf(symbol) != -1): null

2019-08-10 23:55:52 - [TEST_STEP][PASSED] - if (i == 4 &amp;&amp; wildList.indexOf(symbol) != -1): null

2019-08-10 23:55:52 - [TEST_STEP][PASSED] - symbol = symbol: null

2019-08-10 23:55:52 - [TEST_STEP][PASSED] - println(symbol): null

2019-08-10 23:55:52 - [TEST_STEP][PASSED] - if (i == 2 &amp;&amp; wildList.indexOf(symbol) != -1): null

2019-08-10 23:55:52 - [TEST_STEP][PASSED] - println("wild found on reel 3, adding counter by 1"): null

2019-08-10 23:55:52 - [TEST_STEP][PASSED] - free_spin_reel_counter[0] = free_spin_reel_counter[0] + 1: null

2019-08-10 23:55:52 - [TEST_STEP][PASSED] - if (i == 3 &amp;&amp; wildList.indexOf(symbol) != -1): null

2019-08-10 23:55:52 - [TEST_STEP][PASSED] - if (i == 4 &amp;&amp; wildList.indexOf(symbol) != -1): null

2019-08-10 23:55:52 - [TEST_STEP][PASSED] - symbols = symbols: null

2019-08-10 23:55:52 - [TEST_STEP][PASSED] - for ([j = 0, j &lt; symbols.size(), (j++)]): null

2019-08-10 23:55:52 - [TEST_STEP][PASSED] - symbol = symbol: null

2019-08-10 23:55:52 - [TEST_STEP][PASSED] - println(symbol): null

2019-08-10 23:55:52 - [TEST_STEP][PASSED] - if (i == 2 &amp;&amp; wildList.indexOf(symbol) != -1): null

2019-08-10 23:55:52 - [TEST_STEP][PASSED] - if (i == 3 &amp;&amp; wildList.indexOf(symbol) != -1): null

2019-08-10 23:55:52 - [TEST_STEP][PASSED] - if (i == 4 &amp;&amp; wildList.indexOf(symbol) != -1): null

2019-08-10 23:55:52 - [TEST_STEP][PASSED] - symbol = symbol: null

2019-08-10 23:55:52 - [TEST_STEP][PASSED] - println(symbol): null

2019-08-10 23:55:52 - [TEST_STEP][PASSED] - if (i == 2 &amp;&amp; wildList.indexOf(symbol) != -1): null

2019-08-10 23:55:52 - [TEST_STEP][PASSED] - if (i == 3 &amp;&amp; wildList.indexOf(symbol) != -1): null

2019-08-10 23:55:52 - [TEST_STEP][PASSED] - if (i == 4 &amp;&amp; wildList.indexOf(symbol) != -1): null

2019-08-10 23:55:52 - [TEST_STEP][PASSED] - symbol = symbol: null

2019-08-10 23:55:52 - [TEST_STEP][PASSED] - println(symbol): null

2019-08-10 23:55:52 - [TEST_STEP][PASSED] - if (i == 2 &amp;&amp; wildList.indexOf(symbol) != -1): null

2019-08-10 23:55:52 - [TEST_STEP][PASSED] - if (i == 3 &amp;&amp; wildList.indexOf(symbol) != -1): null

2019-08-10 23:55:52 - [TEST_STEP][PASSED] - if (i == 4 &amp;&amp; wildList.indexOf(symbol) != -1): null

2019-08-10 23:55:52 - [TEST_STEP][PASSED] - symbols = symbols: null

2019-08-10 23:55:52 - [TEST_STEP][PASSED] - for ([j = 0, j &lt; symbols.size(), (j++)]): null

2019-08-10 23:55:52 - [TEST_STEP][PASSED] - symbol = symbol: null

2019-08-10 23:55:52 - [TEST_STEP][PASSED] - println(symbol): null

2019-08-10 23:55:52 - [TEST_STEP][PASSED] - if (i == 2 &amp;&amp; wildList.indexOf(symbol) != -1): null

2019-08-10 23:55:52 - [TEST_STEP][PASSED] - if (i == 3 &amp;&amp; wildList.indexOf(symbol) != -1): null

2019-08-10 23:55:52 - [TEST_STEP][PASSED] - if (i == 4 &amp;&amp; wildList.indexOf(symbol) != -1): null

2019-08-10 23:55:52 - [TEST_STEP][PASSED] - symbol = symbol: null

2019-08-10 23:55:52 - [TEST_STEP][PASSED] - println(symbol): null

2019-08-10 23:55:52 - [TEST_STEP][PASSED] - if (i == 2 &amp;&amp; wildList.indexOf(symbol) != -1): null

2019-08-10 23:55:52 - [TEST_STEP][PASSED] - if (i == 3 &amp;&amp; wildList.indexOf(symbol) != -1): null

2019-08-10 23:55:52 - [TEST_STEP][PASSED] - if (i == 4 &amp;&amp; wildList.indexOf(symbol) != -1): null

2019-08-10 23:55:52 - [TEST_STEP][PASSED] - symbol = symbol: null

2019-08-10 23:55:52 - [TEST_STEP][PASSED] - println(symbol): null

2019-08-10 23:55:52 - [TEST_STEP][PASSED] - if (i == 2 &amp;&amp; wildList.indexOf(symbol) != -1): null

2019-08-10 23:55:52 - [TEST_STEP][PASSED] - if (i == 3 &amp;&amp; wildList.indexOf(symbol) != -1): null

2019-08-10 23:55:52 - [TEST_STEP][PASSED] - if (i == 4 &amp;&amp; wildList.indexOf(symbol) != -1): null

2019-08-10 23:55:52 - [TEST_STEP][PASSED] - free_spin_reel_counter = free_spin_reel_counter: null

2019-08-10 23:55:52 - [TEST_STEP][PASSED] - println("reel 3 wild found: " + free_spin_reel_counter[0]): null

2019-08-10 23:55:52 - [TEST_STEP][PASSED] - println("reel 4 wild found: " + free_spin_reel_counter[1]): null

2019-08-10 23:55:52 - [TEST_STEP][PASSED] - println("reel 5 wild found: " + free_spin_reel_counter[2]): null

2019-08-10 23:55:52 - [TEST_STEP][PASSED] - M4_spin_reels = M4_spin_reels: null

2019-08-10 23:55:52 - [TEST_STEP][PASSED] - M4_spin_reels_symbols = symbol: null

2019-08-10 23:55:52 - [TEST_STEP][PASSED] - M4_spin_reels_symbols = M4_spin_reels_symbols: null

2019-08-10 23:55:52 - [TEST_STEP][PASSED] - M4_spin_reel_wins = reel_wins: null

2019-08-10 23:55:52 - [TEST_STEP][PASSED] - M4_spin_reel_wins = M4_spin_reel_wins: null

2019-08-10 23:55:52 - [TEST_STEP][PASSED] - println("GlobalVariable.M4_spin_reel_wins is: " + M4_spin_reel_wins): null

2019-08-10 23:55:52 - [TEST_STEP][PASSED] - M4_spin_total_bonus_win_this_round = total_bonus_win_this_round: null

2019-08-10 23:55:52 - [TEST_STEP][PASSED] - M4_spin_total_bonus_win_this_round = M4_spin_total_bonus_win_this_round: null

2019-08-10 23:55:52 - [TEST_STEP][PASSED] - println("GlobalVariable.M4_spin_total_bonus_win_this_round is: " + M4_spin_total_bonus_win_this_round): null

2019-08-10 23:55:52 - [MESSAGE][PASSED] - Verify response successfully

2019-08-10 23:55:52 - [MESSAGE][PASSED] - Send request and verify the response successfully

2019-08-10 23:55:52 - [TEST_STEP][PASSED] - if (M4_total_bonus_spins_int != 0 &amp;&amp; M4_spin_reels_symbols[2].contains("WILD_Double") || M4_spin_reels_symbols[4].contains("WILD_Triple")): null

2019-08-10 23:55:52 - [TEST_STEP][PASSED] - free_spin_reel_counter = free_spin_reel_counter: null

2019-08-10 23:55:52 - [TEST_STEP][PASSED] - M4_spin_reels_symbols = M4_spin_reels_symbols: null

2019-08-10 23:55:52 - [TEST_STEP][PASSED] - M4_total_bonus_spins = M4_total_bonus_spins: null

2019-08-10 23:55:52 - [TEST_STEP][PASSED] - spin_result = sendRequestAndVerify(findTestObject("RGS(M4)/1_M4_spin", ["M4_login_user_id":M4_login_user_id, "rgs_session_token":rgs_session_token, "partner":Partner])): Send request and verify the response successfully

2019-08-10 23:55:52 - [TEST_CASE][PASSED] - Start Test Case : Verification: Verification accomplished successfully

2019-08-10 23:55:52 - [TEST_STEP][PASSED] - request = getInstance().getCurrentRequest(): null

2019-08-10 23:55:52 - [TEST_STEP][PASSED] - response = getInstance().getCurrentResponse(): null

2019-08-10 23:55:52 - [TEST_STEP][PASSED] - verifyResponseStatusCode(response, 200): Verify response status code successfully

2019-08-10 23:55:52 - [MESSAGE][PASSED] - Verify response status code successfully

2019-08-10 23:55:52 - [TEST_STEP][PASSED] - getStatusCode()).isEqualTo(200): null

2019-08-10 23:55:52 - [TEST_STEP][PASSED] - newline = System.getProperty("line.separator"): null

2019-08-10 23:55:52 - [TEST_STEP][PASSED] - M4_spin = new groovy.json.JsonSlurper(): null

2019-08-10 23:55:52 - [TEST_STEP][PASSED] - result_M4_spin = M4_spin.parseText(response.getResponseBodyContent()): null

2019-08-10 23:55:52 - [TEST_STEP][PASSED] - M4_spin_current_balance = current_balance: null

2019-08-10 23:55:52 - [TEST_STEP][PASSED] - M4_spin_current_balance = M4_spin_current_balance: null

2019-08-10 23:55:52 - [TEST_STEP][PASSED] - M4_spin_transaction_id = causality: null

2019-08-10 23:55:52 - [TEST_STEP][PASSED] - M4_spin_transaction_id = M4_spin_transaction_id: null

2019-08-10 23:55:52 - [TEST_STEP][PASSED] - M4_spin_round_id = round_id: null

2019-08-10 23:55:52 - [TEST_STEP][PASSED] - M4_spin_round_id = M4_spin_round_id: null

2019-08-10 23:55:52 - [TEST_STEP][PASSED] - M4_spin_line_wins = line_wins: null

2019-08-10 23:55:52 - [TEST_STEP][PASSED] - M4_spin_line_wins = M4_spin_line_wins: null

2019-08-10 23:55:52 - [TEST_STEP][PASSED] - M4_total_bonus_spins_int = total_bonus_spins: null

2019-08-10 23:55:52 - [TEST_STEP][PASSED] - println("******M4_total_bonus_spins type is:*******" + newline + getClass().getName()): null

2019-08-10 23:55:52 - [TEST_STEP][PASSED] - M4_total_bonus_spins_int = M4_total_bonus_spins_int: null

2019-08-10 23:55:52 - [TEST_STEP][PASSED] - M4_total_bonus_spins = Integer.toString(M4_total_bonus_spins_int): null

2019-08-10 23:55:52 - [TEST_STEP][PASSED] - M4_total_bonus_spins = M4_total_bonus_spins: null

2019-08-10 23:55:52 - [TEST_STEP][PASSED] - println("M4_total_bonus_spins is:" + M4_total_bonus_spins): null

2019-08-10 23:55:52 - [TEST_STEP][PASSED] - M4_spin_bonus_data = bonus_data: null

2019-08-10 23:55:52 - [TEST_STEP][PASSED] - M4_spin_features_triggered = result_M4_spin: null

2019-08-10 23:55:52 - [TEST_STEP][PASSED] - wild = []: null

2019-08-10 23:55:52 - [TEST_STEP][PASSED] - wild[0] = "WILD_Expanding": null

2019-08-10 23:55:52 - [TEST_STEP][PASSED] - wild[1] = "WILD_Normal": null

2019-08-10 23:55:52 - [TEST_STEP][PASSED] - wild[2] = "WILD_Double": null

2019-08-10 23:55:52 - [TEST_STEP][PASSED] - wild[3] = "WILD_ExtraFG": null

2019-08-10 23:55:52 - [TEST_STEP][PASSED] - wild[4] = "WILD_Triple": null

2019-08-10 23:55:52 - [TEST_STEP][PASSED] - wildList = Arrays.asList(wild): null

2019-08-10 23:55:52 - [TEST_STEP][PASSED] - wildList = wildList: null

2019-08-10 23:55:52 - [TEST_STEP][PASSED] - free_spin_reel_counter = []: null

2019-08-10 23:55:52 - [TEST_STEP][PASSED] - free_spin_reel_counter[0] = 0: null

2019-08-10 23:55:52 - [TEST_STEP][PASSED] - free_spin_reel_counter[1] = 0: null

2019-08-10 23:55:52 - [TEST_STEP][PASSED] - free_spin_reel_counter[2] = 0: null

2019-08-10 23:55:52 - [TEST_STEP][PASSED] - M4_spin_reels = reels: null

2019-08-10 23:55:52 - [TEST_STEP][PASSED] - for ([i = 0, i &lt; M4_spin_reels.size(), (i++)]): null

2019-08-10 23:55:52 - [TEST_STEP][PASSED] - symbols = symbols: null

2019-08-10 23:55:52 - [TEST_STEP][PASSED] - for ([j = 0, j &lt; symbols.size(), (j++)]): null

2019-08-10 23:55:52 - [TEST_STEP][PASSED] - symbol = symbol: null

2019-08-10 23:55:52 - [TEST_STEP][PASSED] - println(symbol): null

2019-08-10 23:55:52 - [TEST_STEP][PASSED] - if (i == 2 &amp;&amp; wildList.indexOf(symbol) != -1): null

2019-08-10 23:55:52 - [TEST_STEP][PASSED] - if (i == 3 &amp;&amp; wildList.indexOf(symbol) != -1): null

2019-08-10 23:55:52 - [TEST_STEP][PASSED] - if (i == 4 &amp;&amp; wildList.indexOf(symbol) != -1): null

2019-08-10 23:55:52 - [TEST_STEP][PASSED] - symbol = symbol: null

2019-08-10 23:55:52 - [TEST_STEP][PASSED] - println(symbol): null

2019-08-10 23:55:52 - [TEST_STEP][PASSED] - if (i == 2 &amp;&amp; wildList.indexOf(symbol) != -1): null

2019-08-10 23:55:52 - [TEST_STEP][PASSED] - if (i == 3 &amp;&amp; wildList.indexOf(symbol) != -1): null

2019-08-10 23:55:52 - [TEST_STEP][PASSED] - if (i == 4 &amp;&amp; wildList.indexOf(symbol) != -1): null

2019-08-10 23:55:52 - [TEST_STEP][PASSED] - symbol = symbol: null

2019-08-10 23:55:52 - [TEST_STEP][PASSED] - println(symbol): null

2019-08-10 23:55:52 - [TEST_STEP][PASSED] - if (i == 2 &amp;&amp; wildList.indexOf(symbol) != -1): null

2019-08-10 23:55:52 - [TEST_STEP][PASSED] - if (i == 3 &amp;&amp; wildList.indexOf(symbol) != -1): null

2019-08-10 23:55:52 - [TEST_STEP][PASSED] - if (i == 4 &amp;&amp; wildList.indexOf(symbol) != -1): null

2019-08-10 23:55:52 - [TEST_STEP][PASSED] - symbols = symbols: null

2019-08-10 23:55:52 - [TEST_STEP][PASSED] - for ([j = 0, j &lt; symbols.size(), (j++)]): null

2019-08-10 23:55:52 - [TEST_STEP][PASSED] - symbol = symbol: null

2019-08-10 23:55:52 - [TEST_STEP][PASSED] - println(symbol): null

2019-08-10 23:55:52 - [TEST_STEP][PASSED] - if (i == 2 &amp;&amp; wildList.indexOf(symbol) != -1): null

2019-08-10 23:55:52 - [TEST_STEP][PASSED] - if (i == 3 &amp;&amp; wildList.indexOf(symbol) != -1): null

2019-08-10 23:55:52 - [TEST_STEP][PASSED] - if (i == 4 &amp;&amp; wildList.indexOf(symbol) != -1): null

2019-08-10 23:55:52 - [TEST_STEP][PASSED] - symbol = symbol: null

2019-08-10 23:55:52 - [TEST_STEP][PASSED] - println(symbol): null

2019-08-10 23:55:52 - [TEST_STEP][PASSED] - if (i == 2 &amp;&amp; wildList.indexOf(symbol) != -1): null

2019-08-10 23:55:52 - [TEST_STEP][PASSED] - if (i == 3 &amp;&amp; wildList.indexOf(symbol) != -1): null

2019-08-10 23:55:52 - [TEST_STEP][PASSED] - if (i == 4 &amp;&amp; wildList.indexOf(symbol) != -1): null

2019-08-10 23:55:52 - [TEST_STEP][PASSED] - symbol = symbol: null

2019-08-10 23:55:52 - [TEST_STEP][PASSED] - println(symbol): null

2019-08-10 23:55:52 - [TEST_STEP][PASSED] - if (i == 2 &amp;&amp; wildList.indexOf(symbol) != -1): null

2019-08-10 23:55:52 - [TEST_STEP][PASSED] - if (i == 3 &amp;&amp; wildList.indexOf(symbol) != -1): null

2019-08-10 23:55:52 - [TEST_STEP][PASSED] - if (i == 4 &amp;&amp; wildList.indexOf(symbol) != -1): null

2019-08-10 23:55:52 - [TEST_STEP][PASSED] - symbols = symbols: null

2019-08-10 23:55:52 - [TEST_STEP][PASSED] - for ([j = 0, j &lt; symbols.size(), (j++)]): null

2019-08-10 23:55:52 - [TEST_STEP][PASSED] - symbol = symbol: null

2019-08-10 23:55:52 - [TEST_STEP][PASSED] - println(symbol): null

2019-08-10 23:55:52 - [TEST_STEP][PASSED] - if (i == 2 &amp;&amp; wildList.indexOf(symbol) != -1): null

2019-08-10 23:55:52 - [TEST_STEP][PASSED] - if (i == 3 &amp;&amp; wildList.indexOf(symbol) != -1): null

2019-08-10 23:55:52 - [TEST_STEP][PASSED] - if (i == 4 &amp;&amp; wildList.indexOf(symbol) != -1): null

2019-08-10 23:55:52 - [TEST_STEP][PASSED] - symbol = symbol: null

2019-08-10 23:55:52 - [TEST_STEP][PASSED] - println(symbol): null

2019-08-10 23:55:52 - [TEST_STEP][PASSED] - if (i == 2 &amp;&amp; wildList.indexOf(symbol) != -1): null

2019-08-10 23:55:52 - [TEST_STEP][PASSED] - if (i == 3 &amp;&amp; wildList.indexOf(symbol) != -1): null

2019-08-10 23:55:52 - [TEST_STEP][PASSED] - if (i == 4 &amp;&amp; wildList.indexOf(symbol) != -1): null

2019-08-10 23:55:52 - [TEST_STEP][PASSED] - symbol = symbol: null

2019-08-10 23:55:52 - [TEST_STEP][PASSED] - println(symbol): null

2019-08-10 23:55:52 - [TEST_STEP][PASSED] - if (i == 2 &amp;&amp; wildList.indexOf(symbol) != -1): null

2019-08-10 23:55:52 - [TEST_STEP][PASSED] - if (i == 3 &amp;&amp; wildList.indexOf(symbol) != -1): null

2019-08-10 23:55:52 - [TEST_STEP][PASSED] - if (i == 4 &amp;&amp; wildList.indexOf(symbol) != -1): null

2019-08-10 23:55:52 - [TEST_STEP][PASSED] - symbols = symbols: null

2019-08-10 23:55:52 - [TEST_STEP][PASSED] - for ([j = 0, j &lt; symbols.size(), (j++)]): null

2019-08-10 23:55:52 - [TEST_STEP][PASSED] - symbol = symbol: null

2019-08-10 23:55:52 - [TEST_STEP][PASSED] - println(symbol): null

2019-08-10 23:55:52 - [TEST_STEP][PASSED] - if (i == 2 &amp;&amp; wildList.indexOf(symbol) != -1): null

2019-08-10 23:55:52 - [TEST_STEP][PASSED] - if (i == 3 &amp;&amp; wildList.indexOf(symbol) != -1): null

2019-08-10 23:55:52 - [TEST_STEP][PASSED] - if (i == 4 &amp;&amp; wildList.indexOf(symbol) != -1): null

2019-08-10 23:55:52 - [TEST_STEP][PASSED] - symbol = symbol: null

2019-08-10 23:55:52 - [TEST_STEP][PASSED] - println(symbol): null

2019-08-10 23:55:52 - [TEST_STEP][PASSED] - if (i == 2 &amp;&amp; wildList.indexOf(symbol) != -1): null

2019-08-10 23:55:52 - [TEST_STEP][PASSED] - if (i == 3 &amp;&amp; wildList.indexOf(symbol) != -1): null

2019-08-10 23:55:52 - [TEST_STEP][PASSED] - if (i == 4 &amp;&amp; wildList.indexOf(symbol) != -1): null

2019-08-10 23:55:52 - [TEST_STEP][PASSED] - symbol = symbol: null

2019-08-10 23:55:52 - [TEST_STEP][PASSED] - println(symbol): null

2019-08-10 23:55:52 - [TEST_STEP][PASSED] - if (i == 2 &amp;&amp; wildList.indexOf(symbol) != -1): null

2019-08-10 23:55:52 - [TEST_STEP][PASSED] - if (i == 3 &amp;&amp; wildList.indexOf(symbol) != -1): null

2019-08-10 23:55:52 - [TEST_STEP][PASSED] - if (i == 4 &amp;&amp; wildList.indexOf(symbol) != -1): null

2019-08-10 23:55:52 - [TEST_STEP][PASSED] - symbols = symbols: null

2019-08-10 23:55:52 - [TEST_STEP][PASSED] - for ([j = 0, j &lt; symbols.size(), (j++)]): null

2019-08-10 23:55:52 - [TEST_STEP][PASSED] - symbol = symbol: null

2019-08-10 23:55:52 - [TEST_STEP][PASSED] - println(symbol): null

2019-08-10 23:55:52 - [TEST_STEP][PASSED] - if (i == 2 &amp;&amp; wildList.indexOf(symbol) != -1): null

2019-08-10 23:55:52 - [TEST_STEP][PASSED] - if (i == 3 &amp;&amp; wildList.indexOf(symbol) != -1): null

2019-08-10 23:55:52 - [TEST_STEP][PASSED] - if (i == 4 &amp;&amp; wildList.indexOf(symbol) != -1): null

2019-08-10 23:55:52 - [TEST_STEP][PASSED] - symbol = symbol: null

2019-08-10 23:55:52 - [TEST_STEP][PASSED] - println(symbol): null

2019-08-10 23:55:52 - [TEST_STEP][PASSED] - if (i == 2 &amp;&amp; wildList.indexOf(symbol) != -1): null

2019-08-10 23:55:52 - [TEST_STEP][PASSED] - if (i == 3 &amp;&amp; wildList.indexOf(symbol) != -1): null

2019-08-10 23:55:52 - [TEST_STEP][PASSED] - if (i == 4 &amp;&amp; wildList.indexOf(symbol) != -1): null

2019-08-10 23:55:52 - [TEST_STEP][PASSED] - symbol = symbol: null

2019-08-10 23:55:52 - [TEST_STEP][PASSED] - println(symbol): null

2019-08-10 23:55:52 - [TEST_STEP][PASSED] - if (i == 2 &amp;&amp; wildList.indexOf(symbol) != -1): null

2019-08-10 23:55:52 - [TEST_STEP][PASSED] - if (i == 3 &amp;&amp; wildList.indexOf(symbol) != -1): null

2019-08-10 23:55:52 - [TEST_STEP][PASSED] - if (i == 4 &amp;&amp; wildList.indexOf(symbol) != -1): null

2019-08-10 23:55:52 - [TEST_STEP][PASSED] - free_spin_reel_counter = free_spin_reel_counter: null

2019-08-10 23:55:52 - [TEST_STEP][PASSED] - println("reel 3 wild found: " + free_spin_reel_counter[0]): null

2019-08-10 23:55:52 - [TEST_STEP][PASSED] - println("reel 4 wild found: " + free_spin_reel_counter[1]): null

2019-08-10 23:55:52 - [TEST_STEP][PASSED] - println("reel 5 wild found: " + free_spin_reel_counter[2]): null

2019-08-10 23:55:52 - [TEST_STEP][PASSED] - M4_spin_reels = M4_spin_reels: null

2019-08-10 23:55:52 - [TEST_STEP][PASSED] - M4_spin_reels_symbols = symbol: null

2019-08-10 23:55:52 - [TEST_STEP][PASSED] - M4_spin_reels_symbols = M4_spin_reels_symbols: null

2019-08-10 23:55:52 - [TEST_STEP][PASSED] - M4_spin_reel_wins = reel_wins: null

2019-08-10 23:55:52 - [TEST_STEP][PASSED] - M4_spin_reel_wins = M4_spin_reel_wins: null

2019-08-10 23:55:52 - [TEST_STEP][PASSED] - println("GlobalVariable.M4_spin_reel_wins is: " + M4_spin_reel_wins): null

2019-08-10 23:55:52 - [TEST_STEP][PASSED] - M4_spin_total_bonus_win_this_round = total_bonus_win_this_round: null

2019-08-10 23:55:52 - [TEST_STEP][PASSED] - M4_spin_total_bonus_win_this_round = M4_spin_total_bonus_win_this_round: null

2019-08-10 23:55:52 - [TEST_STEP][PASSED] - println("GlobalVariable.M4_spin_total_bonus_win_this_round is: " + M4_spin_total_bonus_win_this_round): null

2019-08-10 23:55:56 - [MESSAGE][PASSED] - Verify response successfully

2019-08-10 23:55:56 - [MESSAGE][PASSED] - Send request and verify the response successfully

2019-08-10 23:55:56 - [TEST_STEP][PASSED] - if (M4_total_bonus_spins_int != 0 &amp;&amp; M4_spin_reels_symbols[2].contains("WILD_Double") || M4_spin_reels_symbols[4].contains("WILD_Triple")): null

2019-08-10 23:55:56 - [TEST_STEP][PASSED] - free_spin_reel_counter = free_spin_reel_counter: null

2019-08-10 23:55:56 - [TEST_STEP][PASSED] - M4_spin_reels_symbols = M4_spin_reels_symbols: null

2019-08-10 23:55:56 - [TEST_STEP][PASSED] - M4_total_bonus_spins = M4_total_bonus_spins: null

2019-08-10 23:55:56 - [TEST_STEP][PASSED] - spin_result = sendRequestAndVerify(findTestObject("RGS(M4)/1_M4_spin", ["M4_login_user_id":M4_login_user_id, "rgs_session_token":rgs_session_token, "partner":Partner])): Send request and verify the response successfully

2019-08-10 23:55:56 - [TEST_CASE][PASSED] - Start Test Case : Verification: Verification accomplished successfully

2019-08-10 23:55:56 - [TEST_STEP][PASSED] - request = getInstance().getCurrentRequest(): null

2019-08-10 23:55:56 - [TEST_STEP][PASSED] - response = getInstance().getCurrentResponse(): null

2019-08-10 23:55:56 - [TEST_STEP][PASSED] - verifyResponseStatusCode(response, 200): Verify response status code successfully

2019-08-10 23:55:56 - [MESSAGE][PASSED] - Verify response status code successfully

2019-08-10 23:55:56 - [TEST_STEP][PASSED] - getStatusCode()).isEqualTo(200): null

2019-08-10 23:55:56 - [TEST_STEP][PASSED] - newline = System.getProperty("line.separator"): null

2019-08-10 23:55:56 - [TEST_STEP][PASSED] - M4_spin = new groovy.json.JsonSlurper(): null

2019-08-10 23:55:56 - [TEST_STEP][PASSED] - result_M4_spin = M4_spin.parseText(response.getResponseBodyContent()): null

2019-08-10 23:55:56 - [TEST_STEP][PASSED] - M4_spin_current_balance = current_balance: null

2019-08-10 23:55:56 - [TEST_STEP][PASSED] - M4_spin_current_balance = M4_spin_current_balance: null

2019-08-10 23:55:56 - [TEST_STEP][PASSED] - M4_spin_transaction_id = causality: null

2019-08-10 23:55:56 - [TEST_STEP][PASSED] - M4_spin_transaction_id = M4_spin_transaction_id: null

2019-08-10 23:55:56 - [TEST_STEP][PASSED] - M4_spin_round_id = round_id: null

2019-08-10 23:55:56 - [TEST_STEP][PASSED] - M4_spin_round_id = M4_spin_round_id: null

2019-08-10 23:55:56 - [TEST_STEP][PASSED] - M4_spin_line_wins = line_wins: null

2019-08-10 23:55:56 - [TEST_STEP][PASSED] - M4_spin_line_wins = M4_spin_line_wins: null

2019-08-10 23:55:56 - [TEST_STEP][PASSED] - M4_total_bonus_spins_int = total_bonus_spins: null

2019-08-10 23:55:56 - [TEST_STEP][PASSED] - println("******M4_total_bonus_spins type is:*******" + newline + getClass().getName()): null

2019-08-10 23:55:56 - [TEST_STEP][PASSED] - M4_total_bonus_spins_int = M4_total_bonus_spins_int: null

2019-08-10 23:55:56 - [TEST_STEP][PASSED] - M4_total_bonus_spins = Integer.toString(M4_total_bonus_spins_int): null

2019-08-10 23:55:56 - [TEST_STEP][PASSED] - M4_total_bonus_spins = M4_total_bonus_spins: null

2019-08-10 23:55:56 - [TEST_STEP][PASSED] - println("M4_total_bonus_spins is:" + M4_total_bonus_spins): null

2019-08-10 23:55:56 - [TEST_STEP][PASSED] - M4_spin_bonus_data = bonus_data: null

2019-08-10 23:55:56 - [TEST_STEP][PASSED] - M4_spin_features_triggered = result_M4_spin: null

2019-08-10 23:55:56 - [TEST_STEP][PASSED] - wild = []: null

2019-08-10 23:55:56 - [TEST_STEP][PASSED] - wild[0] = "WILD_Expanding": null

2019-08-10 23:55:56 - [TEST_STEP][PASSED] - wild[1] = "WILD_Normal": null

2019-08-10 23:55:56 - [TEST_STEP][PASSED] - wild[2] = "WILD_Double": null

2019-08-10 23:55:56 - [TEST_STEP][PASSED] - wild[3] = "WILD_ExtraFG": null

2019-08-10 23:55:56 - [TEST_STEP][PASSED] - wild[4] = "WILD_Triple": null

2019-08-10 23:55:56 - [TEST_STEP][PASSED] - wildList = Arrays.asList(wild): null

2019-08-10 23:55:56 - [TEST_STEP][PASSED] - wildList = wildList: null

2019-08-10 23:55:56 - [TEST_STEP][PASSED] - free_spin_reel_counter = []: null

2019-08-10 23:55:56 - [TEST_STEP][PASSED] - free_spin_reel_counter[0] = 0: null

2019-08-10 23:55:56 - [TEST_STEP][PASSED] - free_spin_reel_counter[1] = 0: null

2019-08-10 23:55:56 - [TEST_STEP][PASSED] - free_spin_reel_counter[2] = 0: null

2019-08-10 23:55:56 - [TEST_STEP][PASSED] - M4_spin_reels = reels: null

2019-08-10 23:55:56 - [TEST_STEP][PASSED] - for ([i = 0, i &lt; M4_spin_reels.size(), (i++)]): null

2019-08-10 23:55:56 - [TEST_STEP][PASSED] - symbols = symbols: null

2019-08-10 23:55:56 - [TEST_STEP][PASSED] - for ([j = 0, j &lt; symbols.size(), (j++)]): null

2019-08-10 23:55:56 - [TEST_STEP][PASSED] - symbol = symbol: null

2019-08-10 23:55:56 - [TEST_STEP][PASSED] - println(symbol): null

2019-08-10 23:55:56 - [TEST_STEP][PASSED] - if (i == 2 &amp;&amp; wildList.indexOf(symbol) != -1): null

2019-08-10 23:55:56 - [TEST_STEP][PASSED] - if (i == 3 &amp;&amp; wildList.indexOf(symbol) != -1): null

2019-08-10 23:55:56 - [TEST_STEP][PASSED] - if (i == 4 &amp;&amp; wildList.indexOf(symbol) != -1): null

2019-08-10 23:55:56 - [TEST_STEP][PASSED] - symbol = symbol: null

2019-08-10 23:55:56 - [TEST_STEP][PASSED] - println(symbol): null

2019-08-10 23:55:56 - [TEST_STEP][PASSED] - if (i == 2 &amp;&amp; wildList.indexOf(symbol) != -1): null

2019-08-10 23:55:56 - [TEST_STEP][PASSED] - if (i == 3 &amp;&amp; wildList.indexOf(symbol) != -1): null

2019-08-10 23:55:56 - [TEST_STEP][PASSED] - if (i == 4 &amp;&amp; wildList.indexOf(symbol) != -1): null

2019-08-10 23:55:56 - [TEST_STEP][PASSED] - symbol = symbol: null

2019-08-10 23:55:56 - [TEST_STEP][PASSED] - println(symbol): null

2019-08-10 23:55:56 - [TEST_STEP][PASSED] - if (i == 2 &amp;&amp; wildList.indexOf(symbol) != -1): null

2019-08-10 23:55:56 - [TEST_STEP][PASSED] - if (i == 3 &amp;&amp; wildList.indexOf(symbol) != -1): null

2019-08-10 23:55:56 - [TEST_STEP][PASSED] - if (i == 4 &amp;&amp; wildList.indexOf(symbol) != -1): null

2019-08-10 23:55:56 - [TEST_STEP][PASSED] - symbols = symbols: null

2019-08-10 23:55:56 - [TEST_STEP][PASSED] - for ([j = 0, j &lt; symbols.size(), (j++)]): null

2019-08-10 23:55:56 - [TEST_STEP][PASSED] - symbol = symbol: null

2019-08-10 23:55:56 - [TEST_STEP][PASSED] - println(symbol): null

2019-08-10 23:55:56 - [TEST_STEP][PASSED] - if (i == 2 &amp;&amp; wildList.indexOf(symbol) != -1): null

2019-08-10 23:55:56 - [TEST_STEP][PASSED] - if (i == 3 &amp;&amp; wildList.indexOf(symbol) != -1): null

2019-08-10 23:55:56 - [TEST_STEP][PASSED] - if (i == 4 &amp;&amp; wildList.indexOf(symbol) != -1): null

2019-08-10 23:55:56 - [TEST_STEP][PASSED] - symbol = symbol: null

2019-08-10 23:55:56 - [TEST_STEP][PASSED] - println(symbol): null

2019-08-10 23:55:56 - [TEST_STEP][PASSED] - if (i == 2 &amp;&amp; wildList.indexOf(symbol) != -1): null

2019-08-10 23:55:56 - [TEST_STEP][PASSED] - if (i == 3 &amp;&amp; wildList.indexOf(symbol) != -1): null

2019-08-10 23:55:56 - [TEST_STEP][PASSED] - if (i == 4 &amp;&amp; wildList.indexOf(symbol) != -1): null

2019-08-10 23:55:56 - [TEST_STEP][PASSED] - symbol = symbol: null

2019-08-10 23:55:56 - [TEST_STEP][PASSED] - println(symbol): null

2019-08-10 23:55:56 - [TEST_STEP][PASSED] - if (i == 2 &amp;&amp; wildList.indexOf(symbol) != -1): null

2019-08-10 23:55:56 - [TEST_STEP][PASSED] - if (i == 3 &amp;&amp; wildList.indexOf(symbol) != -1): null

2019-08-10 23:55:56 - [TEST_STEP][PASSED] - if (i == 4 &amp;&amp; wildList.indexOf(symbol) != -1): null

2019-08-10 23:55:56 - [TEST_STEP][PASSED] - symbols = symbols: null

2019-08-10 23:55:56 - [TEST_STEP][PASSED] - for ([j = 0, j &lt; symbols.size(), (j++)]): null

2019-08-10 23:55:56 - [TEST_STEP][PASSED] - symbol = symbol: null

2019-08-10 23:55:56 - [TEST_STEP][PASSED] - println(symbol): null

2019-08-10 23:55:56 - [TEST_STEP][PASSED] - if (i == 2 &amp;&amp; wildList.indexOf(symbol) != -1): null

2019-08-10 23:55:56 - [TEST_STEP][PASSED] - if (i == 3 &amp;&amp; wildList.indexOf(symbol) != -1): null

2019-08-10 23:55:56 - [TEST_STEP][PASSED] - if (i == 4 &amp;&amp; wildList.indexOf(symbol) != -1): null

2019-08-10 23:55:56 - [TEST_STEP][PASSED] - symbol = symbol: null

2019-08-10 23:55:56 - [TEST_STEP][PASSED] - println(symbol): null

2019-08-10 23:55:56 - [TEST_STEP][PASSED] - if (i == 2 &amp;&amp; wildList.indexOf(symbol) != -1): null

2019-08-10 23:55:56 - [TEST_STEP][PASSED] - if (i == 3 &amp;&amp; wildList.indexOf(symbol) != -1): null

2019-08-10 23:55:56 - [TEST_STEP][PASSED] - if (i == 4 &amp;&amp; wildList.indexOf(symbol) != -1): null

2019-08-10 23:55:56 - [TEST_STEP][PASSED] - symbol = symbol: null

2019-08-10 23:55:56 - [TEST_STEP][PASSED] - println(symbol): null

2019-08-10 23:55:56 - [TEST_STEP][PASSED] - if (i == 2 &amp;&amp; wildList.indexOf(symbol) != -1): null

2019-08-10 23:55:56 - [TEST_STEP][PASSED] - println("wild found on reel 3, adding counter by 1"): null

2019-08-10 23:55:56 - [TEST_STEP][PASSED] - free_spin_reel_counter[0] = free_spin_reel_counter[0] + 1: null

2019-08-10 23:55:56 - [TEST_STEP][PASSED] - if (i == 3 &amp;&amp; wildList.indexOf(symbol) != -1): null

2019-08-10 23:55:56 - [TEST_STEP][PASSED] - if (i == 4 &amp;&amp; wildList.indexOf(symbol) != -1): null

2019-08-10 23:55:56 - [TEST_STEP][PASSED] - symbols = symbols: null

2019-08-10 23:55:56 - [TEST_STEP][PASSED] - for ([j = 0, j &lt; symbols.size(), (j++)]): null

2019-08-10 23:55:56 - [TEST_STEP][PASSED] - symbol = symbol: null

2019-08-10 23:55:56 - [TEST_STEP][PASSED] - println(symbol): null

2019-08-10 23:55:56 - [TEST_STEP][PASSED] - if (i == 2 &amp;&amp; wildList.indexOf(symbol) != -1): null

2019-08-10 23:55:56 - [TEST_STEP][PASSED] - if (i == 3 &amp;&amp; wildList.indexOf(symbol) != -1): null

2019-08-10 23:55:56 - [TEST_STEP][PASSED] - if (i == 4 &amp;&amp; wildList.indexOf(symbol) != -1): null

2019-08-10 23:55:56 - [TEST_STEP][PASSED] - symbol = symbol: null

2019-08-10 23:55:56 - [TEST_STEP][PASSED] - println(symbol): null

2019-08-10 23:55:56 - [TEST_STEP][PASSED] - if (i == 2 &amp;&amp; wildList.indexOf(symbol) != -1): null

2019-08-10 23:55:56 - [TEST_STEP][PASSED] - if (i == 3 &amp;&amp; wildList.indexOf(symbol) != -1): null

2019-08-10 23:55:56 - [TEST_STEP][PASSED] - if (i == 4 &amp;&amp; wildList.indexOf(symbol) != -1): null

2019-08-10 23:55:56 - [TEST_STEP][PASSED] - symbol = symbol: null

2019-08-10 23:55:56 - [TEST_STEP][PASSED] - println(symbol): null

2019-08-10 23:55:56 - [TEST_STEP][PASSED] - if (i == 2 &amp;&amp; wildList.indexOf(symbol) != -1): null

2019-08-10 23:55:56 - [TEST_STEP][PASSED] - if (i == 3 &amp;&amp; wildList.indexOf(symbol) != -1): null

2019-08-10 23:55:56 - [TEST_STEP][PASSED] - if (i == 4 &amp;&amp; wildList.indexOf(symbol) != -1): null

2019-08-10 23:55:56 - [TEST_STEP][PASSED] - symbols = symbols: null

2019-08-10 23:55:56 - [TEST_STEP][PASSED] - for ([j = 0, j &lt; symbols.size(), (j++)]): null

2019-08-10 23:55:56 - [TEST_STEP][PASSED] - symbol = symbol: null

2019-08-10 23:55:56 - [TEST_STEP][PASSED] - println(symbol): null

2019-08-10 23:55:56 - [TEST_STEP][PASSED] - if (i == 2 &amp;&amp; wildList.indexOf(symbol) != -1): null

2019-08-10 23:55:56 - [TEST_STEP][PASSED] - if (i == 3 &amp;&amp; wildList.indexOf(symbol) != -1): null

2019-08-10 23:55:56 - [TEST_STEP][PASSED] - if (i == 4 &amp;&amp; wildList.indexOf(symbol) != -1): null

2019-08-10 23:55:56 - [TEST_STEP][PASSED] - symbol = symbol: null

2019-08-10 23:55:56 - [TEST_STEP][PASSED] - println(symbol): null

2019-08-10 23:55:56 - [TEST_STEP][PASSED] - if (i == 2 &amp;&amp; wildList.indexOf(symbol) != -1): null

2019-08-10 23:55:56 - [TEST_STEP][PASSED] - if (i == 3 &amp;&amp; wildList.indexOf(symbol) != -1): null

2019-08-10 23:55:56 - [TEST_STEP][PASSED] - if (i == 4 &amp;&amp; wildList.indexOf(symbol) != -1): null

2019-08-10 23:55:56 - [TEST_STEP][PASSED] - symbol = symbol: null

2019-08-10 23:55:56 - [TEST_STEP][PASSED] - println(symbol): null

2019-08-10 23:55:56 - [TEST_STEP][PASSED] - if (i == 2 &amp;&amp; wildList.indexOf(symbol) != -1): null

2019-08-10 23:55:56 - [TEST_STEP][PASSED] - if (i == 3 &amp;&amp; wildList.indexOf(symbol) != -1): null

2019-08-10 23:55:56 - [TEST_STEP][PASSED] - if (i == 4 &amp;&amp; wildList.indexOf(symbol) != -1): null

2019-08-10 23:55:56 - [TEST_STEP][PASSED] - free_spin_reel_counter = free_spin_reel_counter: null

2019-08-10 23:55:56 - [TEST_STEP][PASSED] - println("reel 3 wild found: " + free_spin_reel_counter[0]): null

2019-08-10 23:55:56 - [TEST_STEP][PASSED] - println("reel 4 wild found: " + free_spin_reel_counter[1]): null

2019-08-10 23:55:56 - [TEST_STEP][PASSED] - println("reel 5 wild found: " + free_spin_reel_counter[2]): null

2019-08-10 23:55:56 - [TEST_STEP][PASSED] - M4_spin_reels = M4_spin_reels: null

2019-08-10 23:55:56 - [TEST_STEP][PASSED] - M4_spin_reels_symbols = symbol: null

2019-08-10 23:55:56 - [TEST_STEP][PASSED] - M4_spin_reels_symbols = M4_spin_reels_symbols: null

2019-08-10 23:55:56 - [TEST_STEP][PASSED] - M4_spin_reel_wins = reel_wins: null

2019-08-10 23:55:56 - [TEST_STEP][PASSED] - M4_spin_reel_wins = M4_spin_reel_wins: null

2019-08-10 23:55:56 - [TEST_STEP][PASSED] - println("GlobalVariable.M4_spin_reel_wins is: " + M4_spin_reel_wins): null

2019-08-10 23:55:56 - [TEST_STEP][PASSED] - M4_spin_total_bonus_win_this_round = total_bonus_win_this_round: null

2019-08-10 23:55:56 - [TEST_STEP][PASSED] - M4_spin_total_bonus_win_this_round = M4_spin_total_bonus_win_this_round: null

2019-08-10 23:55:56 - [TEST_STEP][PASSED] - println("GlobalVariable.M4_spin_total_bonus_win_this_round is: " + M4_spin_total_bonus_win_this_round): null

2019-08-10 23:55:56 - [MESSAGE][PASSED] - Verify response successfully

2019-08-10 23:55:56 - [MESSAGE][PASSED] - Send request and verify the response successfully

2019-08-10 23:55:56 - [TEST_STEP][PASSED] - if (M4_total_bonus_spins_int != 0 &amp;&amp; M4_spin_reels_symbols[2].contains("WILD_Double") || M4_spin_reels_symbols[4].contains("WILD_Triple")): null

2019-08-10 23:55:56 - [TEST_STEP][PASSED] - free_spin_reel_counter = free_spin_reel_counter: null

2019-08-10 23:55:56 - [TEST_STEP][PASSED] - M4_spin_reels_symbols = M4_spin_reels_symbols: null

2019-08-10 23:55:56 - [TEST_STEP][PASSED] - M4_total_bonus_spins = M4_total_bonus_spins: null

2019-08-10 23:55:56 - [TEST_STEP][PASSED] - spin_result = sendRequestAndVerify(findTestObject("RGS(M4)/1_M4_spin", ["M4_login_user_id":M4_login_user_id, "rgs_session_token":rgs_session_token, "partner":Partner])): Send request and verify the response successfully

2019-08-10 23:55:57 - [TEST_CASE][PASSED] - Start Test Case : Verification: Verification accomplished successfully

2019-08-10 23:55:57 - [TEST_STEP][PASSED] - request = getInstance().getCurrentRequest(): null

2019-08-10 23:55:57 - [TEST_STEP][PASSED] - response = getInstance().getCurrentResponse(): null

2019-08-10 23:55:57 - [TEST_STEP][PASSED] - verifyResponseStatusCode(response, 200): Verify response status code successfully

2019-08-10 23:55:57 - [MESSAGE][PASSED] - Verify response status code successfully

2019-08-10 23:55:57 - [TEST_STEP][PASSED] - getStatusCode()).isEqualTo(200): null

2019-08-10 23:55:57 - [TEST_STEP][PASSED] - newline = System.getProperty("line.separator"): null

2019-08-10 23:55:57 - [TEST_STEP][PASSED] - M4_spin = new groovy.json.JsonSlurper(): null

2019-08-10 23:55:57 - [TEST_STEP][PASSED] - result_M4_spin = M4_spin.parseText(response.getResponseBodyContent()): null

2019-08-10 23:55:57 - [TEST_STEP][PASSED] - M4_spin_current_balance = current_balance: null

2019-08-10 23:55:57 - [TEST_STEP][PASSED] - M4_spin_current_balance = M4_spin_current_balance: null

2019-08-10 23:55:57 - [TEST_STEP][PASSED] - M4_spin_transaction_id = causality: null

2019-08-10 23:55:57 - [TEST_STEP][PASSED] - M4_spin_transaction_id = M4_spin_transaction_id: null

2019-08-10 23:55:57 - [TEST_STEP][PASSED] - M4_spin_round_id = round_id: null

2019-08-10 23:55:57 - [TEST_STEP][PASSED] - M4_spin_round_id = M4_spin_round_id: null

2019-08-10 23:55:57 - [TEST_STEP][PASSED] - M4_spin_line_wins = line_wins: null

2019-08-10 23:55:57 - [TEST_STEP][PASSED] - M4_spin_line_wins = M4_spin_line_wins: null

2019-08-10 23:55:57 - [TEST_STEP][PASSED] - M4_total_bonus_spins_int = total_bonus_spins: null

2019-08-10 23:55:57 - [TEST_STEP][PASSED] - println("******M4_total_bonus_spins type is:*******" + newline + getClass().getName()): null

2019-08-10 23:55:57 - [TEST_STEP][PASSED] - M4_total_bonus_spins_int = M4_total_bonus_spins_int: null

2019-08-10 23:55:57 - [TEST_STEP][PASSED] - M4_total_bonus_spins = Integer.toString(M4_total_bonus_spins_int): null

2019-08-10 23:55:57 - [TEST_STEP][PASSED] - M4_total_bonus_spins = M4_total_bonus_spins: null

2019-08-10 23:55:57 - [TEST_STEP][PASSED] - println("M4_total_bonus_spins is:" + M4_total_bonus_spins): null

2019-08-10 23:55:57 - [TEST_STEP][PASSED] - M4_spin_bonus_data = bonus_data: null

2019-08-10 23:55:57 - [TEST_STEP][PASSED] - M4_spin_features_triggered = result_M4_spin: null

2019-08-10 23:55:57 - [TEST_STEP][PASSED] - wild = []: null

2019-08-10 23:55:57 - [TEST_STEP][PASSED] - wild[0] = "WILD_Expanding": null

2019-08-10 23:55:57 - [TEST_STEP][PASSED] - wild[1] = "WILD_Normal": null

2019-08-10 23:55:57 - [TEST_STEP][PASSED] - wild[2] = "WILD_Double": null

2019-08-10 23:55:57 - [TEST_STEP][PASSED] - wild[3] = "WILD_ExtraFG": null

2019-08-10 23:55:57 - [TEST_STEP][PASSED] - wild[4] = "WILD_Triple": null

2019-08-10 23:55:57 - [TEST_STEP][PASSED] - wildList = Arrays.asList(wild): null

2019-08-10 23:55:57 - [TEST_STEP][PASSED] - wildList = wildList: null

2019-08-10 23:55:57 - [TEST_STEP][PASSED] - free_spin_reel_counter = []: null

2019-08-10 23:55:57 - [TEST_STEP][PASSED] - free_spin_reel_counter[0] = 0: null

2019-08-10 23:55:57 - [TEST_STEP][PASSED] - free_spin_reel_counter[1] = 0: null

2019-08-10 23:55:57 - [TEST_STEP][PASSED] - free_spin_reel_counter[2] = 0: null

2019-08-10 23:55:57 - [TEST_STEP][PASSED] - M4_spin_reels = reels: null

2019-08-10 23:55:57 - [TEST_STEP][PASSED] - for ([i = 0, i &lt; M4_spin_reels.size(), (i++)]): null

2019-08-10 23:55:57 - [TEST_STEP][PASSED] - symbols = symbols: null

2019-08-10 23:55:57 - [TEST_STEP][PASSED] - for ([j = 0, j &lt; symbols.size(), (j++)]): null

2019-08-10 23:55:57 - [TEST_STEP][PASSED] - symbol = symbol: null

2019-08-10 23:55:57 - [TEST_STEP][PASSED] - println(symbol): null

2019-08-10 23:55:57 - [TEST_STEP][PASSED] - if (i == 2 &amp;&amp; wildList.indexOf(symbol) != -1): null

2019-08-10 23:55:57 - [TEST_STEP][PASSED] - if (i == 3 &amp;&amp; wildList.indexOf(symbol) != -1): null

2019-08-10 23:55:57 - [TEST_STEP][PASSED] - if (i == 4 &amp;&amp; wildList.indexOf(symbol) != -1): null

2019-08-10 23:55:57 - [TEST_STEP][PASSED] - symbol = symbol: null

2019-08-10 23:55:57 - [TEST_STEP][PASSED] - println(symbol): null

2019-08-10 23:55:57 - [TEST_STEP][PASSED] - if (i == 2 &amp;&amp; wildList.indexOf(symbol) != -1): null

2019-08-10 23:55:57 - [TEST_STEP][PASSED] - if (i == 3 &amp;&amp; wildList.indexOf(symbol) != -1): null

2019-08-10 23:55:57 - [TEST_STEP][PASSED] - if (i == 4 &amp;&amp; wildList.indexOf(symbol) != -1): null

2019-08-10 23:55:57 - [TEST_STEP][PASSED] - symbol = symbol: null

2019-08-10 23:55:57 - [TEST_STEP][PASSED] - println(symbol): null

2019-08-10 23:55:57 - [TEST_STEP][PASSED] - if (i == 2 &amp;&amp; wildList.indexOf(symbol) != -1): null

2019-08-10 23:55:57 - [TEST_STEP][PASSED] - if (i == 3 &amp;&amp; wildList.indexOf(symbol) != -1): null

2019-08-10 23:55:57 - [TEST_STEP][PASSED] - if (i == 4 &amp;&amp; wildList.indexOf(symbol) != -1): null

2019-08-10 23:55:57 - [TEST_STEP][PASSED] - symbols = symbols: null

2019-08-10 23:55:57 - [TEST_STEP][PASSED] - for ([j = 0, j &lt; symbols.size(), (j++)]): null

2019-08-10 23:55:57 - [TEST_STEP][PASSED] - symbol = symbol: null

2019-08-10 23:55:57 - [TEST_STEP][PASSED] - println(symbol): null

2019-08-10 23:55:57 - [TEST_STEP][PASSED] - if (i == 2 &amp;&amp; wildList.indexOf(symbol) != -1): null

2019-08-10 23:55:57 - [TEST_STEP][PASSED] - if (i == 3 &amp;&amp; wildList.indexOf(symbol) != -1): null

2019-08-10 23:55:57 - [TEST_STEP][PASSED] - if (i == 4 &amp;&amp; wildList.indexOf(symbol) != -1): null

2019-08-10 23:55:57 - [TEST_STEP][PASSED] - symbol = symbol: null

2019-08-10 23:55:57 - [TEST_STEP][PASSED] - println(symbol): null

2019-08-10 23:55:57 - [TEST_STEP][PASSED] - if (i == 2 &amp;&amp; wildList.indexOf(symbol) != -1): null

2019-08-10 23:55:57 - [TEST_STEP][PASSED] - if (i == 3 &amp;&amp; wildList.indexOf(symbol) != -1): null

2019-08-10 23:55:57 - [TEST_STEP][PASSED] - if (i == 4 &amp;&amp; wildList.indexOf(symbol) != -1): null

2019-08-10 23:55:57 - [TEST_STEP][PASSED] - symbol = symbol: null

2019-08-10 23:55:57 - [TEST_STEP][PASSED] - println(symbol): null

2019-08-10 23:55:57 - [TEST_STEP][PASSED] - if (i == 2 &amp;&amp; wildList.indexOf(symbol) != -1): null

2019-08-10 23:55:57 - [TEST_STEP][PASSED] - if (i == 3 &amp;&amp; wildList.indexOf(symbol) != -1): null

2019-08-10 23:55:57 - [TEST_STEP][PASSED] - if (i == 4 &amp;&amp; wildList.indexOf(symbol) != -1): null

2019-08-10 23:55:57 - [TEST_STEP][PASSED] - symbols = symbols: null

2019-08-10 23:55:57 - [TEST_STEP][PASSED] - for ([j = 0, j &lt; symbols.size(), (j++)]): null

2019-08-10 23:55:57 - [TEST_STEP][PASSED] - symbol = symbol: null

2019-08-10 23:55:57 - [TEST_STEP][PASSED] - println(symbol): null

2019-08-10 23:55:57 - [TEST_STEP][PASSED] - if (i == 2 &amp;&amp; wildList.indexOf(symbol) != -1): null

2019-08-10 23:55:57 - [TEST_STEP][PASSED] - if (i == 3 &amp;&amp; wildList.indexOf(symbol) != -1): null

2019-08-10 23:55:57 - [TEST_STEP][PASSED] - if (i == 4 &amp;&amp; wildList.indexOf(symbol) != -1): null

2019-08-10 23:55:57 - [TEST_STEP][PASSED] - symbol = symbol: null

2019-08-10 23:55:57 - [TEST_STEP][PASSED] - println(symbol): null

2019-08-10 23:55:57 - [TEST_STEP][PASSED] - if (i == 2 &amp;&amp; wildList.indexOf(symbol) != -1): null

2019-08-10 23:55:57 - [TEST_STEP][PASSED] - if (i == 3 &amp;&amp; wildList.indexOf(symbol) != -1): null

2019-08-10 23:55:57 - [TEST_STEP][PASSED] - if (i == 4 &amp;&amp; wildList.indexOf(symbol) != -1): null

2019-08-10 23:55:57 - [TEST_STEP][PASSED] - symbol = symbol: null

2019-08-10 23:55:57 - [TEST_STEP][PASSED] - println(symbol): null

2019-08-10 23:55:57 - [TEST_STEP][PASSED] - if (i == 2 &amp;&amp; wildList.indexOf(symbol) != -1): null

2019-08-10 23:55:57 - [TEST_STEP][PASSED] - if (i == 3 &amp;&amp; wildList.indexOf(symbol) != -1): null

2019-08-10 23:55:57 - [TEST_STEP][PASSED] - if (i == 4 &amp;&amp; wildList.indexOf(symbol) != -1): null

2019-08-10 23:55:57 - [TEST_STEP][PASSED] - symbols = symbols: null

2019-08-10 23:55:57 - [TEST_STEP][PASSED] - for ([j = 0, j &lt; symbols.size(), (j++)]): null

2019-08-10 23:55:57 - [TEST_STEP][PASSED] - symbol = symbol: null

2019-08-10 23:55:57 - [TEST_STEP][PASSED] - println(symbol): null

2019-08-10 23:55:57 - [TEST_STEP][PASSED] - if (i == 2 &amp;&amp; wildList.indexOf(symbol) != -1): null

2019-08-10 23:55:57 - [TEST_STEP][PASSED] - if (i == 3 &amp;&amp; wildList.indexOf(symbol) != -1): null

2019-08-10 23:55:57 - [TEST_STEP][PASSED] - if (i == 4 &amp;&amp; wildList.indexOf(symbol) != -1): null

2019-08-10 23:55:57 - [TEST_STEP][PASSED] - symbol = symbol: null

2019-08-10 23:55:57 - [TEST_STEP][PASSED] - println(symbol): null

2019-08-10 23:55:57 - [TEST_STEP][PASSED] - if (i == 2 &amp;&amp; wildList.indexOf(symbol) != -1): null

2019-08-10 23:55:57 - [TEST_STEP][PASSED] - if (i == 3 &amp;&amp; wildList.indexOf(symbol) != -1): null

2019-08-10 23:55:57 - [TEST_STEP][PASSED] - if (i == 4 &amp;&amp; wildList.indexOf(symbol) != -1): null

2019-08-10 23:55:57 - [TEST_STEP][PASSED] - symbol = symbol: null

2019-08-10 23:55:57 - [TEST_STEP][PASSED] - println(symbol): null

2019-08-10 23:55:57 - [TEST_STEP][PASSED] - if (i == 2 &amp;&amp; wildList.indexOf(symbol) != -1): null

2019-08-10 23:55:57 - [TEST_STEP][PASSED] - if (i == 3 &amp;&amp; wildList.indexOf(symbol) != -1): null

2019-08-10 23:55:57 - [TEST_STEP][PASSED] - if (i == 4 &amp;&amp; wildList.indexOf(symbol) != -1): null

2019-08-10 23:55:57 - [TEST_STEP][PASSED] - symbols = symbols: null

2019-08-10 23:55:57 - [TEST_STEP][PASSED] - for ([j = 0, j &lt; symbols.size(), (j++)]): null

2019-08-10 23:55:57 - [TEST_STEP][PASSED] - symbol = symbol: null

2019-08-10 23:55:57 - [TEST_STEP][PASSED] - println(symbol): null

2019-08-10 23:55:57 - [TEST_STEP][PASSED] - if (i == 2 &amp;&amp; wildList.indexOf(symbol) != -1): null

2019-08-10 23:55:57 - [TEST_STEP][PASSED] - if (i == 3 &amp;&amp; wildList.indexOf(symbol) != -1): null

2019-08-10 23:55:57 - [TEST_STEP][PASSED] - if (i == 4 &amp;&amp; wildList.indexOf(symbol) != -1): null

2019-08-10 23:55:57 - [TEST_STEP][PASSED] - symbol = symbol: null

2019-08-10 23:55:57 - [TEST_STEP][PASSED] - println(symbol): null

2019-08-10 23:55:57 - [TEST_STEP][PASSED] - if (i == 2 &amp;&amp; wildList.indexOf(symbol) != -1): null

2019-08-10 23:55:57 - [TEST_STEP][PASSED] - if (i == 3 &amp;&amp; wildList.indexOf(symbol) != -1): null

2019-08-10 23:55:57 - [TEST_STEP][PASSED] - if (i == 4 &amp;&amp; wildList.indexOf(symbol) != -1): null

2019-08-10 23:55:57 - [TEST_STEP][PASSED] - println("wild found on reel 5, adding counter by 1"): null

2019-08-10 23:55:57 - [TEST_STEP][PASSED] - free_spin_reel_counter[2] = free_spin_reel_counter[2] + 1: null

2019-08-10 23:55:57 - [TEST_STEP][PASSED] - symbol = symbol: null

2019-08-10 23:55:57 - [TEST_STEP][PASSED] - println(symbol): null

2019-08-10 23:55:57 - [TEST_STEP][PASSED] - if (i == 2 &amp;&amp; wildList.indexOf(symbol) != -1): null

2019-08-10 23:55:57 - [TEST_STEP][PASSED] - if (i == 3 &amp;&amp; wildList.indexOf(symbol) != -1): null

2019-08-10 23:55:57 - [TEST_STEP][PASSED] - if (i == 4 &amp;&amp; wildList.indexOf(symbol) != -1): null

2019-08-10 23:55:57 - [TEST_STEP][PASSED] - free_spin_reel_counter = free_spin_reel_counter: null

2019-08-10 23:55:57 - [TEST_STEP][PASSED] - println("reel 3 wild found: " + free_spin_reel_counter[0]): null

2019-08-10 23:55:57 - [TEST_STEP][PASSED] - println("reel 4 wild found: " + free_spin_reel_counter[1]): null

2019-08-10 23:55:57 - [TEST_STEP][PASSED] - println("reel 5 wild found: " + free_spin_reel_counter[2]): null

2019-08-10 23:55:57 - [TEST_STEP][PASSED] - M4_spin_reels = M4_spin_reels: null

2019-08-10 23:55:57 - [TEST_STEP][PASSED] - M4_spin_reels_symbols = symbol: null

2019-08-10 23:55:57 - [TEST_STEP][PASSED] - M4_spin_reels_symbols = M4_spin_reels_symbols: null

2019-08-10 23:55:57 - [TEST_STEP][PASSED] - M4_spin_reel_wins = reel_wins: null

2019-08-10 23:55:57 - [TEST_STEP][PASSED] - M4_spin_reel_wins = M4_spin_reel_wins: null

2019-08-10 23:55:57 - [TEST_STEP][PASSED] - println("GlobalVariable.M4_spin_reel_wins is: " + M4_spin_reel_wins): null

2019-08-10 23:55:57 - [TEST_STEP][PASSED] - M4_spin_total_bonus_win_this_round = total_bonus_win_this_round: null

2019-08-10 23:55:57 - [TEST_STEP][PASSED] - M4_spin_total_bonus_win_this_round = M4_spin_total_bonus_win_this_round: null

2019-08-10 23:55:57 - [TEST_STEP][PASSED] - println("GlobalVariable.M4_spin_total_bonus_win_this_round is: " + M4_spin_total_bonus_win_this_round): null

2019-08-10 23:55:57 - [MESSAGE][PASSED] - Verify response successfully

2019-08-10 23:55:57 - [MESSAGE][PASSED] - Send request and verify the response successfully

2019-08-10 23:55:57 - [TEST_STEP][PASSED] - if (M4_total_bonus_spins_int != 0 &amp;&amp; M4_spin_reels_symbols[2].contains("WILD_Double") || M4_spin_reels_symbols[4].contains("WILD_Triple")): null

2019-08-10 23:55:57 - [TEST_STEP][PASSED] - free_spin_reel_counter = free_spin_reel_counter: null

2019-08-10 23:55:57 - [TEST_STEP][PASSED] - M4_spin_reels_symbols = M4_spin_reels_symbols: null

2019-08-10 23:55:57 - [TEST_STEP][PASSED] - M4_total_bonus_spins = M4_total_bonus_spins: null

2019-08-10 23:55:57 - [TEST_STEP][PASSED] - spin_result = sendRequestAndVerify(findTestObject("RGS(M4)/1_M4_spin", ["M4_login_user_id":M4_login_user_id, "rgs_session_token":rgs_session_token, "partner":Partner])): Send request and verify the response successfully

2019-08-10 23:55:58 - [TEST_CASE][PASSED] - Start Test Case : Verification: Verification accomplished successfully

2019-08-10 23:55:58 - [TEST_STEP][PASSED] - request = getInstance().getCurrentRequest(): null

2019-08-10 23:55:58 - [TEST_STEP][PASSED] - response = getInstance().getCurrentResponse(): null

2019-08-10 23:55:58 - [TEST_STEP][PASSED] - verifyResponseStatusCode(response, 200): Verify response status code successfully

2019-08-10 23:55:58 - [MESSAGE][PASSED] - Verify response status code successfully

2019-08-10 23:55:58 - [TEST_STEP][PASSED] - getStatusCode()).isEqualTo(200): null

2019-08-10 23:55:58 - [TEST_STEP][PASSED] - newline = System.getProperty("line.separator"): null

2019-08-10 23:55:58 - [TEST_STEP][PASSED] - M4_spin = new groovy.json.JsonSlurper(): null

2019-08-10 23:55:58 - [TEST_STEP][PASSED] - result_M4_spin = M4_spin.parseText(response.getResponseBodyContent()): null

2019-08-10 23:55:58 - [TEST_STEP][PASSED] - M4_spin_current_balance = current_balance: null

2019-08-10 23:55:58 - [TEST_STEP][PASSED] - M4_spin_current_balance = M4_spin_current_balance: null

2019-08-10 23:55:58 - [TEST_STEP][PASSED] - M4_spin_transaction_id = causality: null

2019-08-10 23:55:58 - [TEST_STEP][PASSED] - M4_spin_transaction_id = M4_spin_transaction_id: null

2019-08-10 23:55:58 - [TEST_STEP][PASSED] - M4_spin_round_id = round_id: null

2019-08-10 23:55:58 - [TEST_STEP][PASSED] - M4_spin_round_id = M4_spin_round_id: null

2019-08-10 23:55:58 - [TEST_STEP][PASSED] - M4_spin_line_wins = line_wins: null

2019-08-10 23:55:58 - [TEST_STEP][PASSED] - M4_spin_line_wins = M4_spin_line_wins: null

2019-08-10 23:55:58 - [TEST_STEP][PASSED] - M4_total_bonus_spins_int = total_bonus_spins: null

2019-08-10 23:55:58 - [TEST_STEP][PASSED] - println("******M4_total_bonus_spins type is:*******" + newline + getClass().getName()): null

2019-08-10 23:55:58 - [TEST_STEP][PASSED] - M4_total_bonus_spins_int = M4_total_bonus_spins_int: null

2019-08-10 23:55:58 - [TEST_STEP][PASSED] - M4_total_bonus_spins = Integer.toString(M4_total_bonus_spins_int): null

2019-08-10 23:55:58 - [TEST_STEP][PASSED] - M4_total_bonus_spins = M4_total_bonus_spins: null

2019-08-10 23:55:58 - [TEST_STEP][PASSED] - println("M4_total_bonus_spins is:" + M4_total_bonus_spins): null

2019-08-10 23:55:58 - [TEST_STEP][PASSED] - M4_spin_bonus_data = bonus_data: null

2019-08-10 23:55:58 - [TEST_STEP][PASSED] - M4_spin_features_triggered = result_M4_spin: null

2019-08-10 23:56:00 - [TEST_STEP][PASSED] - wild = []: null

2019-08-10 23:56:00 - [TEST_STEP][PASSED] - wild[0] = "WILD_Expanding": null

2019-08-10 23:56:00 - [TEST_STEP][PASSED] - wild[1] = "WILD_Normal": null

2019-08-10 23:56:00 - [TEST_STEP][PASSED] - wild[2] = "WILD_Double": null

2019-08-10 23:56:00 - [TEST_STEP][PASSED] - wild[3] = "WILD_ExtraFG": null

2019-08-10 23:56:00 - [TEST_STEP][PASSED] - wild[4] = "WILD_Triple": null

2019-08-10 23:56:00 - [TEST_STEP][PASSED] - wildList = Arrays.asList(wild): null

2019-08-10 23:56:00 - [TEST_STEP][PASSED] - wildList = wildList: null

2019-08-10 23:56:00 - [TEST_STEP][PASSED] - free_spin_reel_counter = []: null

2019-08-10 23:56:00 - [TEST_STEP][PASSED] - free_spin_reel_counter[0] = 0: null

2019-08-10 23:56:00 - [TEST_STEP][PASSED] - free_spin_reel_counter[1] = 0: null

2019-08-10 23:56:00 - [TEST_STEP][PASSED] - free_spin_reel_counter[2] = 0: null

2019-08-10 23:56:00 - [TEST_STEP][PASSED] - M4_spin_reels = reels: null

2019-08-10 23:56:00 - [TEST_STEP][PASSED] - for ([i = 0, i &lt; M4_spin_reels.size(), (i++)]): null

2019-08-10 23:56:00 - [TEST_STEP][PASSED] - symbols = symbols: null

2019-08-10 23:56:00 - [TEST_STEP][PASSED] - for ([j = 0, j &lt; symbols.size(), (j++)]): null

2019-08-10 23:56:00 - [TEST_STEP][PASSED] - symbol = symbol: null

2019-08-10 23:56:00 - [TEST_STEP][PASSED] - println(symbol): null

2019-08-10 23:56:00 - [TEST_STEP][PASSED] - if (i == 2 &amp;&amp; wildList.indexOf(symbol) != -1): null

2019-08-10 23:56:00 - [TEST_STEP][PASSED] - if (i == 3 &amp;&amp; wildList.indexOf(symbol) != -1): null

2019-08-10 23:56:00 - [TEST_STEP][PASSED] - if (i == 4 &amp;&amp; wildList.indexOf(symbol) != -1): null

2019-08-10 23:56:00 - [TEST_STEP][PASSED] - symbol = symbol: null

2019-08-10 23:56:00 - [TEST_STEP][PASSED] - println(symbol): null

2019-08-10 23:56:00 - [TEST_STEP][PASSED] - if (i == 2 &amp;&amp; wildList.indexOf(symbol) != -1): null

2019-08-10 23:56:00 - [TEST_STEP][PASSED] - if (i == 3 &amp;&amp; wildList.indexOf(symbol) != -1): null

2019-08-10 23:56:00 - [TEST_STEP][PASSED] - if (i == 4 &amp;&amp; wildList.indexOf(symbol) != -1): null

2019-08-10 23:56:00 - [TEST_STEP][PASSED] - symbol = symbol: null

2019-08-10 23:56:00 - [TEST_STEP][PASSED] - println(symbol): null

2019-08-10 23:56:00 - [TEST_STEP][PASSED] - if (i == 2 &amp;&amp; wildList.indexOf(symbol) != -1): null

2019-08-10 23:56:00 - [TEST_STEP][PASSED] - if (i == 3 &amp;&amp; wildList.indexOf(symbol) != -1): null

2019-08-10 23:56:00 - [TEST_STEP][PASSED] - if (i == 4 &amp;&amp; wildList.indexOf(symbol) != -1): null

2019-08-10 23:56:00 - [TEST_STEP][PASSED] - symbols = symbols: null

2019-08-10 23:56:00 - [TEST_STEP][PASSED] - for ([j = 0, j &lt; symbols.size(), (j++)]): null

2019-08-10 23:56:00 - [TEST_STEP][PASSED] - symbol = symbol: null

2019-08-10 23:56:00 - [TEST_STEP][PASSED] - println(symbol): null

2019-08-10 23:56:00 - [TEST_STEP][PASSED] - if (i == 2 &amp;&amp; wildList.indexOf(symbol) != -1): null

2019-08-10 23:56:00 - [TEST_STEP][PASSED] - if (i == 3 &amp;&amp; wildList.indexOf(symbol) != -1): null

2019-08-10 23:56:00 - [TEST_STEP][PASSED] - if (i == 4 &amp;&amp; wildList.indexOf(symbol) != -1): null

2019-08-10 23:56:00 - [TEST_STEP][PASSED] - symbol = symbol: null

2019-08-10 23:56:00 - [TEST_STEP][PASSED] - println(symbol): null

2019-08-10 23:56:00 - [TEST_STEP][PASSED] - if (i == 2 &amp;&amp; wildList.indexOf(symbol) != -1): null

2019-08-10 23:56:00 - [TEST_STEP][PASSED] - if (i == 3 &amp;&amp; wildList.indexOf(symbol) != -1): null

2019-08-10 23:56:00 - [TEST_STEP][PASSED] - if (i == 4 &amp;&amp; wildList.indexOf(symbol) != -1): null

2019-08-10 23:56:00 - [TEST_STEP][PASSED] - symbol = symbol: null

2019-08-10 23:56:00 - [TEST_STEP][PASSED] - println(symbol): null

2019-08-10 23:56:00 - [TEST_STEP][PASSED] - if (i == 2 &amp;&amp; wildList.indexOf(symbol) != -1): null

2019-08-10 23:56:00 - [TEST_STEP][PASSED] - if (i == 3 &amp;&amp; wildList.indexOf(symbol) != -1): null

2019-08-10 23:56:00 - [TEST_STEP][PASSED] - if (i == 4 &amp;&amp; wildList.indexOf(symbol) != -1): null

2019-08-10 23:56:00 - [TEST_STEP][PASSED] - symbols = symbols: null

2019-08-10 23:56:00 - [TEST_STEP][PASSED] - for ([j = 0, j &lt; symbols.size(), (j++)]): null

2019-08-10 23:56:00 - [TEST_STEP][PASSED] - symbol = symbol: null

2019-08-10 23:56:00 - [TEST_STEP][PASSED] - println(symbol): null

2019-08-10 23:56:00 - [TEST_STEP][PASSED] - if (i == 2 &amp;&amp; wildList.indexOf(symbol) != -1): null

2019-08-10 23:56:00 - [TEST_STEP][PASSED] - if (i == 3 &amp;&amp; wildList.indexOf(symbol) != -1): null

2019-08-10 23:56:00 - [TEST_STEP][PASSED] - if (i == 4 &amp;&amp; wildList.indexOf(symbol) != -1): null

2019-08-10 23:56:00 - [TEST_STEP][PASSED] - symbol = symbol: null

2019-08-10 23:56:00 - [TEST_STEP][PASSED] - println(symbol): null

2019-08-10 23:56:00 - [TEST_STEP][PASSED] - if (i == 2 &amp;&amp; wildList.indexOf(symbol) != -1): null

2019-08-10 23:56:00 - [TEST_STEP][PASSED] - if (i == 3 &amp;&amp; wildList.indexOf(symbol) != -1): null

2019-08-10 23:56:00 - [TEST_STEP][PASSED] - if (i == 4 &amp;&amp; wildList.indexOf(symbol) != -1): null

2019-08-10 23:56:00 - [TEST_STEP][PASSED] - symbol = symbol: null

2019-08-10 23:56:00 - [TEST_STEP][PASSED] - println(symbol): null

2019-08-10 23:56:00 - [TEST_STEP][PASSED] - if (i == 2 &amp;&amp; wildList.indexOf(symbol) != -1): null

2019-08-10 23:56:00 - [TEST_STEP][PASSED] - if (i == 3 &amp;&amp; wildList.indexOf(symbol) != -1): null

2019-08-10 23:56:00 - [TEST_STEP][PASSED] - if (i == 4 &amp;&amp; wildList.indexOf(symbol) != -1): null

2019-08-10 23:56:00 - [TEST_STEP][PASSED] - symbols = symbols: null

2019-08-10 23:56:00 - [TEST_STEP][PASSED] - for ([j = 0, j &lt; symbols.size(), (j++)]): null

2019-08-10 23:56:00 - [TEST_STEP][PASSED] - symbol = symbol: null

2019-08-10 23:56:00 - [TEST_STEP][PASSED] - println(symbol): null

2019-08-10 23:56:00 - [TEST_STEP][PASSED] - if (i == 2 &amp;&amp; wildList.indexOf(symbol) != -1): null

2019-08-10 23:56:00 - [TEST_STEP][PASSED] - if (i == 3 &amp;&amp; wildList.indexOf(symbol) != -1): null

2019-08-10 23:56:00 - [TEST_STEP][PASSED] - if (i == 4 &amp;&amp; wildList.indexOf(symbol) != -1): null

2019-08-10 23:56:00 - [TEST_STEP][PASSED] - symbol = symbol: null

2019-08-10 23:56:00 - [TEST_STEP][PASSED] - println(symbol): null

2019-08-10 23:56:00 - [TEST_STEP][PASSED] - if (i == 2 &amp;&amp; wildList.indexOf(symbol) != -1): null

2019-08-10 23:56:00 - [TEST_STEP][PASSED] - if (i == 3 &amp;&amp; wildList.indexOf(symbol) != -1): null

2019-08-10 23:56:00 - [TEST_STEP][PASSED] - if (i == 4 &amp;&amp; wildList.indexOf(symbol) != -1): null

2019-08-10 23:56:00 - [TEST_STEP][PASSED] - symbol = symbol: null

2019-08-10 23:56:00 - [TEST_STEP][PASSED] - println(symbol): null

2019-08-10 23:56:00 - [TEST_STEP][PASSED] - if (i == 2 &amp;&amp; wildList.indexOf(symbol) != -1): null

2019-08-10 23:56:00 - [TEST_STEP][PASSED] - if (i == 3 &amp;&amp; wildList.indexOf(symbol) != -1): null

2019-08-10 23:56:00 - [TEST_STEP][PASSED] - if (i == 4 &amp;&amp; wildList.indexOf(symbol) != -1): null

2019-08-10 23:56:00 - [TEST_STEP][PASSED] - symbols = symbols: null

2019-08-10 23:56:00 - [TEST_STEP][PASSED] - for ([j = 0, j &lt; symbols.size(), (j++)]): null

2019-08-10 23:56:00 - [TEST_STEP][PASSED] - symbol = symbol: null

2019-08-10 23:56:00 - [TEST_STEP][PASSED] - println(symbol): null

2019-08-10 23:56:00 - [TEST_STEP][PASSED] - if (i == 2 &amp;&amp; wildList.indexOf(symbol) != -1): null

2019-08-10 23:56:00 - [TEST_STEP][PASSED] - if (i == 3 &amp;&amp; wildList.indexOf(symbol) != -1): null

2019-08-10 23:56:00 - [TEST_STEP][PASSED] - if (i == 4 &amp;&amp; wildList.indexOf(symbol) != -1): null

2019-08-10 23:56:00 - [TEST_STEP][PASSED] - symbol = symbol: null

2019-08-10 23:56:00 - [TEST_STEP][PASSED] - println(symbol): null

2019-08-10 23:56:00 - [TEST_STEP][PASSED] - if (i == 2 &amp;&amp; wildList.indexOf(symbol) != -1): null

2019-08-10 23:56:00 - [TEST_STEP][PASSED] - if (i == 3 &amp;&amp; wildList.indexOf(symbol) != -1): null

2019-08-10 23:56:00 - [TEST_STEP][PASSED] - if (i == 4 &amp;&amp; wildList.indexOf(symbol) != -1): null

2019-08-10 23:56:00 - [TEST_STEP][PASSED] - symbol = symbol: null

2019-08-10 23:56:00 - [TEST_STEP][PASSED] - println(symbol): null

2019-08-10 23:56:00 - [TEST_STEP][PASSED] - if (i == 2 &amp;&amp; wildList.indexOf(symbol) != -1): null

2019-08-10 23:56:00 - [TEST_STEP][PASSED] - if (i == 3 &amp;&amp; wildList.indexOf(symbol) != -1): null

2019-08-10 23:56:00 - [TEST_STEP][PASSED] - if (i == 4 &amp;&amp; wildList.indexOf(symbol) != -1): null

2019-08-10 23:56:00 - [TEST_STEP][PASSED] - free_spin_reel_counter = free_spin_reel_counter: null

2019-08-10 23:56:00 - [TEST_STEP][PASSED] - println("reel 3 wild found: " + free_spin_reel_counter[0]): null

2019-08-10 23:56:00 - [TEST_STEP][PASSED] - println("reel 4 wild found: " + free_spin_reel_counter[1]): null

2019-08-10 23:56:00 - [TEST_STEP][PASSED] - println("reel 5 wild found: " + free_spin_reel_counter[2]): null

2019-08-10 23:56:00 - [TEST_STEP][PASSED] - M4_spin_reels = M4_spin_reels: null

2019-08-10 23:56:00 - [TEST_STEP][PASSED] - M4_spin_reels_symbols = symbol: null

2019-08-10 23:56:00 - [TEST_STEP][PASSED] - M4_spin_reels_symbols = M4_spin_reels_symbols: null

2019-08-10 23:56:00 - [TEST_STEP][PASSED] - M4_spin_reel_wins = reel_wins: null

2019-08-10 23:56:00 - [TEST_STEP][PASSED] - M4_spin_reel_wins = M4_spin_reel_wins: null

2019-08-10 23:56:00 - [TEST_STEP][PASSED] - println("GlobalVariable.M4_spin_reel_wins is: " + M4_spin_reel_wins): null

2019-08-10 23:56:00 - [TEST_STEP][PASSED] - M4_spin_total_bonus_win_this_round = total_bonus_win_this_round: null

2019-08-10 23:56:00 - [TEST_STEP][PASSED] - M4_spin_total_bonus_win_this_round = M4_spin_total_bonus_win_this_round: null

2019-08-10 23:56:00 - [TEST_STEP][PASSED] - println("GlobalVariable.M4_spin_total_bonus_win_this_round is: " + M4_spin_total_bonus_win_this_round): null

2019-08-10 23:56:00 - [MESSAGE][PASSED] - Verify response successfully

2019-08-10 23:56:00 - [MESSAGE][PASSED] - Send request and verify the response successfully

2019-08-10 23:56:00 - [TEST_STEP][PASSED] - if (M4_total_bonus_spins_int != 0 &amp;&amp; M4_spin_reels_symbols[2].contains("WILD_Double") || M4_spin_reels_symbols[4].contains("WILD_Triple")): null

2019-08-10 23:56:00 - [TEST_STEP][PASSED] - free_spin_reel_counter = free_spin_reel_counter: null

2019-08-10 23:56:00 - [TEST_STEP][PASSED] - M4_spin_reels_symbols = M4_spin_reels_symbols: null

2019-08-10 23:56:00 - [TEST_STEP][PASSED] - M4_total_bonus_spins = M4_total_bonus_spins: null

2019-08-10 23:56:00 - [TEST_STEP][PASSED] - spin_result = sendRequestAndVerify(findTestObject("RGS(M4)/1_M4_spin", ["M4_login_user_id":M4_login_user_id, "rgs_session_token":rgs_session_token, "partner":Partner])): Send request and verify the response successfully

2019-08-10 23:56:00 - [TEST_CASE][PASSED] - Start Test Case : Verification: Verification accomplished successfully

2019-08-10 23:56:00 - [TEST_STEP][PASSED] - request = getInstance().getCurrentRequest(): null

2019-08-10 23:56:00 - [TEST_STEP][PASSED] - response = getInstance().getCurrentResponse(): null

2019-08-10 23:56:00 - [TEST_STEP][PASSED] - verifyResponseStatusCode(response, 200): Verify response status code successfully

2019-08-10 23:56:00 - [MESSAGE][PASSED] - Verify response status code successfully

2019-08-10 23:56:00 - [TEST_STEP][PASSED] - getStatusCode()).isEqualTo(200): null

2019-08-10 23:56:00 - [TEST_STEP][PASSED] - newline = System.getProperty("line.separator"): null

2019-08-10 23:56:00 - [TEST_STEP][PASSED] - M4_spin = new groovy.json.JsonSlurper(): null

2019-08-10 23:56:00 - [TEST_STEP][PASSED] - result_M4_spin = M4_spin.parseText(response.getResponseBodyContent()): null

2019-08-10 23:56:00 - [TEST_STEP][PASSED] - M4_spin_current_balance = current_balance: null

2019-08-10 23:56:00 - [TEST_STEP][PASSED] - M4_spin_current_balance = M4_spin_current_balance: null

2019-08-10 23:56:00 - [TEST_STEP][PASSED] - M4_spin_transaction_id = causality: null

2019-08-10 23:56:00 - [TEST_STEP][PASSED] - M4_spin_transaction_id = M4_spin_transaction_id: null

2019-08-10 23:56:00 - [TEST_STEP][PASSED] - M4_spin_round_id = round_id: null

2019-08-10 23:56:00 - [TEST_STEP][PASSED] - M4_spin_round_id = M4_spin_round_id: null

2019-08-10 23:56:00 - [TEST_STEP][PASSED] - M4_spin_line_wins = line_wins: null

2019-08-10 23:56:00 - [TEST_STEP][PASSED] - M4_spin_line_wins = M4_spin_line_wins: null

2019-08-10 23:56:00 - [TEST_STEP][PASSED] - M4_total_bonus_spins_int = total_bonus_spins: null

2019-08-10 23:56:00 - [TEST_STEP][PASSED] - println("******M4_total_bonus_spins type is:*******" + newline + getClass().getName()): null

2019-08-10 23:56:00 - [TEST_STEP][PASSED] - M4_total_bonus_spins_int = M4_total_bonus_spins_int: null

2019-08-10 23:56:00 - [TEST_STEP][PASSED] - M4_total_bonus_spins = Integer.toString(M4_total_bonus_spins_int): null

2019-08-10 23:56:00 - [TEST_STEP][PASSED] - M4_total_bonus_spins = M4_total_bonus_spins: null

2019-08-10 23:56:00 - [TEST_STEP][PASSED] - println("M4_total_bonus_spins is:" + M4_total_bonus_spins): null

2019-08-10 23:56:00 - [TEST_STEP][PASSED] - M4_spin_bonus_data = bonus_data: null

2019-08-10 23:56:00 - [TEST_STEP][PASSED] - M4_spin_features_triggered = result_M4_spin: null

2019-08-10 23:56:00 - [TEST_STEP][PASSED] - wild = []: null

2019-08-10 23:56:00 - [TEST_STEP][PASSED] - wild[0] = "WILD_Expanding": null

2019-08-10 23:56:00 - [TEST_STEP][PASSED] - wild[1] = "WILD_Normal": null

2019-08-10 23:56:00 - [TEST_STEP][PASSED] - wild[2] = "WILD_Double": null

2019-08-10 23:56:00 - [TEST_STEP][PASSED] - wild[3] = "WILD_ExtraFG": null

2019-08-10 23:56:00 - [TEST_STEP][PASSED] - wild[4] = "WILD_Triple": null

2019-08-10 23:56:00 - [TEST_STEP][PASSED] - wildList = Arrays.asList(wild): null

2019-08-10 23:56:00 - [TEST_STEP][PASSED] - wildList = wildList: null

2019-08-10 23:56:00 - [TEST_STEP][PASSED] - free_spin_reel_counter = []: null

2019-08-10 23:56:00 - [TEST_STEP][PASSED] - free_spin_reel_counter[0] = 0: null

2019-08-10 23:56:00 - [TEST_STEP][PASSED] - free_spin_reel_counter[1] = 0: null

2019-08-10 23:56:00 - [TEST_STEP][PASSED] - free_spin_reel_counter[2] = 0: null

2019-08-10 23:56:00 - [TEST_STEP][PASSED] - M4_spin_reels = reels: null

2019-08-10 23:56:00 - [TEST_STEP][PASSED] - for ([i = 0, i &lt; M4_spin_reels.size(), (i++)]): null

2019-08-10 23:56:00 - [TEST_STEP][PASSED] - symbols = symbols: null

2019-08-10 23:56:00 - [TEST_STEP][PASSED] - for ([j = 0, j &lt; symbols.size(), (j++)]): null

2019-08-10 23:56:00 - [TEST_STEP][PASSED] - symbol = symbol: null

2019-08-10 23:56:00 - [TEST_STEP][PASSED] - println(symbol): null

2019-08-10 23:56:00 - [TEST_STEP][PASSED] - if (i == 2 &amp;&amp; wildList.indexOf(symbol) != -1): null

2019-08-10 23:56:00 - [TEST_STEP][PASSED] - if (i == 3 &amp;&amp; wildList.indexOf(symbol) != -1): null

2019-08-10 23:56:00 - [TEST_STEP][PASSED] - if (i == 4 &amp;&amp; wildList.indexOf(symbol) != -1): null

2019-08-10 23:56:00 - [TEST_STEP][PASSED] - symbol = symbol: null

2019-08-10 23:56:00 - [TEST_STEP][PASSED] - println(symbol): null

2019-08-10 23:56:00 - [TEST_STEP][PASSED] - if (i == 2 &amp;&amp; wildList.indexOf(symbol) != -1): null

2019-08-10 23:56:00 - [TEST_STEP][PASSED] - if (i == 3 &amp;&amp; wildList.indexOf(symbol) != -1): null

2019-08-10 23:56:00 - [TEST_STEP][PASSED] - if (i == 4 &amp;&amp; wildList.indexOf(symbol) != -1): null

2019-08-10 23:56:00 - [TEST_STEP][PASSED] - symbol = symbol: null

2019-08-10 23:56:00 - [TEST_STEP][PASSED] - println(symbol): null

2019-08-10 23:56:00 - [TEST_STEP][PASSED] - if (i == 2 &amp;&amp; wildList.indexOf(symbol) != -1): null

2019-08-10 23:56:00 - [TEST_STEP][PASSED] - if (i == 3 &amp;&amp; wildList.indexOf(symbol) != -1): null

2019-08-10 23:56:00 - [TEST_STEP][PASSED] - if (i == 4 &amp;&amp; wildList.indexOf(symbol) != -1): null

2019-08-10 23:56:00 - [TEST_STEP][PASSED] - symbols = symbols: null

2019-08-10 23:56:00 - [TEST_STEP][PASSED] - for ([j = 0, j &lt; symbols.size(), (j++)]): null

2019-08-10 23:56:00 - [TEST_STEP][PASSED] - symbol = symbol: null

2019-08-10 23:56:00 - [TEST_STEP][PASSED] - println(symbol): null

2019-08-10 23:56:00 - [TEST_STEP][PASSED] - if (i == 2 &amp;&amp; wildList.indexOf(symbol) != -1): null

2019-08-10 23:56:00 - [TEST_STEP][PASSED] - if (i == 3 &amp;&amp; wildList.indexOf(symbol) != -1): null

2019-08-10 23:56:00 - [TEST_STEP][PASSED] - if (i == 4 &amp;&amp; wildList.indexOf(symbol) != -1): null

2019-08-10 23:56:00 - [TEST_STEP][PASSED] - symbol = symbol: null

2019-08-10 23:56:00 - [TEST_STEP][PASSED] - println(symbol): null

2019-08-10 23:56:00 - [TEST_STEP][PASSED] - if (i == 2 &amp;&amp; wildList.indexOf(symbol) != -1): null

2019-08-10 23:56:00 - [TEST_STEP][PASSED] - if (i == 3 &amp;&amp; wildList.indexOf(symbol) != -1): null

2019-08-10 23:56:00 - [TEST_STEP][PASSED] - if (i == 4 &amp;&amp; wildList.indexOf(symbol) != -1): null

2019-08-10 23:56:00 - [TEST_STEP][PASSED] - symbol = symbol: null

2019-08-10 23:56:00 - [TEST_STEP][PASSED] - println(symbol): null

2019-08-10 23:56:00 - [TEST_STEP][PASSED] - if (i == 2 &amp;&amp; wildList.indexOf(symbol) != -1): null

2019-08-10 23:56:00 - [TEST_STEP][PASSED] - if (i == 3 &amp;&amp; wildList.indexOf(symbol) != -1): null

2019-08-10 23:56:00 - [TEST_STEP][PASSED] - if (i == 4 &amp;&amp; wildList.indexOf(symbol) != -1): null

2019-08-10 23:56:00 - [TEST_STEP][PASSED] - symbols = symbols: null

2019-08-10 23:56:00 - [TEST_STEP][PASSED] - for ([j = 0, j &lt; symbols.size(), (j++)]): null

2019-08-10 23:56:00 - [TEST_STEP][PASSED] - symbol = symbol: null

2019-08-10 23:56:00 - [TEST_STEP][PASSED] - println(symbol): null

2019-08-10 23:56:00 - [TEST_STEP][PASSED] - if (i == 2 &amp;&amp; wildList.indexOf(symbol) != -1): null

2019-08-10 23:56:00 - [TEST_STEP][PASSED] - if (i == 3 &amp;&amp; wildList.indexOf(symbol) != -1): null

2019-08-10 23:56:00 - [TEST_STEP][PASSED] - if (i == 4 &amp;&amp; wildList.indexOf(symbol) != -1): null

2019-08-10 23:56:00 - [TEST_STEP][PASSED] - symbol = symbol: null

2019-08-10 23:56:00 - [TEST_STEP][PASSED] - println(symbol): null

2019-08-10 23:56:00 - [TEST_STEP][PASSED] - if (i == 2 &amp;&amp; wildList.indexOf(symbol) != -1): null

2019-08-10 23:56:00 - [TEST_STEP][PASSED] - if (i == 3 &amp;&amp; wildList.indexOf(symbol) != -1): null

2019-08-10 23:56:00 - [TEST_STEP][PASSED] - if (i == 4 &amp;&amp; wildList.indexOf(symbol) != -1): null

2019-08-10 23:56:00 - [TEST_STEP][PASSED] - symbol = symbol: null

2019-08-10 23:56:00 - [TEST_STEP][PASSED] - println(symbol): null

2019-08-10 23:56:00 - [TEST_STEP][PASSED] - if (i == 2 &amp;&amp; wildList.indexOf(symbol) != -1): null

2019-08-10 23:56:00 - [TEST_STEP][PASSED] - if (i == 3 &amp;&amp; wildList.indexOf(symbol) != -1): null

2019-08-10 23:56:00 - [TEST_STEP][PASSED] - if (i == 4 &amp;&amp; wildList.indexOf(symbol) != -1): null

2019-08-10 23:56:00 - [TEST_STEP][PASSED] - symbols = symbols: null

2019-08-10 23:56:00 - [TEST_STEP][PASSED] - for ([j = 0, j &lt; symbols.size(), (j++)]): null

2019-08-10 23:56:00 - [TEST_STEP][PASSED] - symbol = symbol: null

2019-08-10 23:56:00 - [TEST_STEP][PASSED] - println(symbol): null

2019-08-10 23:56:00 - [TEST_STEP][PASSED] - if (i == 2 &amp;&amp; wildList.indexOf(symbol) != -1): null

2019-08-10 23:56:00 - [TEST_STEP][PASSED] - if (i == 3 &amp;&amp; wildList.indexOf(symbol) != -1): null

2019-08-10 23:56:00 - [TEST_STEP][PASSED] - if (i == 4 &amp;&amp; wildList.indexOf(symbol) != -1): null

2019-08-10 23:56:00 - [TEST_STEP][PASSED] - symbol = symbol: null

2019-08-10 23:56:00 - [TEST_STEP][PASSED] - println(symbol): null

2019-08-10 23:56:00 - [TEST_STEP][PASSED] - if (i == 2 &amp;&amp; wildList.indexOf(symbol) != -1): null

2019-08-10 23:56:00 - [TEST_STEP][PASSED] - if (i == 3 &amp;&amp; wildList.indexOf(symbol) != -1): null

2019-08-10 23:56:00 - [TEST_STEP][PASSED] - if (i == 4 &amp;&amp; wildList.indexOf(symbol) != -1): null

2019-08-10 23:56:00 - [TEST_STEP][PASSED] - symbol = symbol: null

2019-08-10 23:56:00 - [TEST_STEP][PASSED] - println(symbol): null

2019-08-10 23:56:00 - [TEST_STEP][PASSED] - if (i == 2 &amp;&amp; wildList.indexOf(symbol) != -1): null

2019-08-10 23:56:00 - [TEST_STEP][PASSED] - if (i == 3 &amp;&amp; wildList.indexOf(symbol) != -1): null

2019-08-10 23:56:00 - [TEST_STEP][PASSED] - if (i == 4 &amp;&amp; wildList.indexOf(symbol) != -1): null

2019-08-10 23:56:00 - [TEST_STEP][PASSED] - symbols = symbols: null

2019-08-10 23:56:00 - [TEST_STEP][PASSED] - for ([j = 0, j &lt; symbols.size(), (j++)]): null

2019-08-10 23:56:00 - [TEST_STEP][PASSED] - symbol = symbol: null

2019-08-10 23:56:00 - [TEST_STEP][PASSED] - println(symbol): null

2019-08-10 23:56:00 - [TEST_STEP][PASSED] - if (i == 2 &amp;&amp; wildList.indexOf(symbol) != -1): null

2019-08-10 23:56:00 - [TEST_STEP][PASSED] - if (i == 3 &amp;&amp; wildList.indexOf(symbol) != -1): null

2019-08-10 23:56:00 - [TEST_STEP][PASSED] - if (i == 4 &amp;&amp; wildList.indexOf(symbol) != -1): null

2019-08-10 23:56:00 - [TEST_STEP][PASSED] - symbol = symbol: null

2019-08-10 23:56:00 - [TEST_STEP][PASSED] - println(symbol): null

2019-08-10 23:56:00 - [TEST_STEP][PASSED] - if (i == 2 &amp;&amp; wildList.indexOf(symbol) != -1): null

2019-08-10 23:56:00 - [TEST_STEP][PASSED] - if (i == 3 &amp;&amp; wildList.indexOf(symbol) != -1): null

2019-08-10 23:56:00 - [TEST_STEP][PASSED] - if (i == 4 &amp;&amp; wildList.indexOf(symbol) != -1): null

2019-08-10 23:56:00 - [TEST_STEP][PASSED] - symbol = symbol: null

2019-08-10 23:56:00 - [TEST_STEP][PASSED] - println(symbol): null

2019-08-10 23:56:00 - [TEST_STEP][PASSED] - if (i == 2 &amp;&amp; wildList.indexOf(symbol) != -1): null

2019-08-10 23:56:00 - [TEST_STEP][PASSED] - if (i == 3 &amp;&amp; wildList.indexOf(symbol) != -1): null

2019-08-10 23:56:00 - [TEST_STEP][PASSED] - if (i == 4 &amp;&amp; wildList.indexOf(symbol) != -1): null

2019-08-10 23:56:00 - [TEST_STEP][PASSED] - println("wild found on reel 5, adding counter by 1"): null

2019-08-10 23:56:00 - [TEST_STEP][PASSED] - free_spin_reel_counter[2] = free_spin_reel_counter[2] + 1: null

2019-08-10 23:56:00 - [TEST_STEP][PASSED] - free_spin_reel_counter = free_spin_reel_counter: null

2019-08-10 23:56:00 - [TEST_STEP][PASSED] - println("reel 3 wild found: " + free_spin_reel_counter[0]): null

2019-08-10 23:56:00 - [TEST_STEP][PASSED] - println("reel 4 wild found: " + free_spin_reel_counter[1]): null

2019-08-10 23:56:00 - [TEST_STEP][PASSED] - println("reel 5 wild found: " + free_spin_reel_counter[2]): null

2019-08-10 23:56:00 - [TEST_STEP][PASSED] - M4_spin_reels = M4_spin_reels: null

2019-08-10 23:56:01 - [TEST_STEP][PASSED] - M4_spin_reels_symbols = symbol: null

2019-08-10 23:56:01 - [TEST_STEP][PASSED] - M4_spin_reels_symbols = M4_spin_reels_symbols: null

2019-08-10 23:56:01 - [TEST_STEP][PASSED] - M4_spin_reel_wins = reel_wins: null

2019-08-10 23:56:01 - [TEST_STEP][PASSED] - M4_spin_reel_wins = M4_spin_reel_wins: null

2019-08-10 23:56:01 - [TEST_STEP][PASSED] - println("GlobalVariable.M4_spin_reel_wins is: " + M4_spin_reel_wins): null

2019-08-10 23:56:01 - [TEST_STEP][PASSED] - M4_spin_total_bonus_win_this_round = total_bonus_win_this_round: null

2019-08-10 23:56:01 - [TEST_STEP][PASSED] - M4_spin_total_bonus_win_this_round = M4_spin_total_bonus_win_this_round: null

2019-08-10 23:56:01 - [TEST_STEP][PASSED] - println("GlobalVariable.M4_spin_total_bonus_win_this_round is: " + M4_spin_total_bonus_win_this_round): null

2019-08-10 23:56:01 - [MESSAGE][PASSED] - Verify response successfully

2019-08-10 23:56:01 - [MESSAGE][PASSED] - Send request and verify the response successfully

2019-08-10 23:56:01 - [TEST_STEP][PASSED] - if (M4_total_bonus_spins_int != 0 &amp;&amp; M4_spin_reels_symbols[2].contains("WILD_Double") || M4_spin_reels_symbols[4].contains("WILD_Triple")): null

2019-08-10 23:56:01 - [TEST_STEP][PASSED] - free_spin_reel_counter = free_spin_reel_counter: null

2019-08-10 23:56:01 - [TEST_STEP][PASSED] - M4_spin_reels_symbols = M4_spin_reels_symbols: null

2019-08-10 23:56:01 - [TEST_STEP][PASSED] - M4_total_bonus_spins = M4_total_bonus_spins: null

2019-08-10 23:56:01 - [TEST_STEP][PASSED] - spin_result = sendRequestAndVerify(findTestObject("RGS(M4)/1_M4_spin", ["M4_login_user_id":M4_login_user_id, "rgs_session_token":rgs_session_token, "partner":Partner])): Send request and verify the response successfully

2019-08-10 23:56:01 - [TEST_CASE][PASSED] - Start Test Case : Verification: Verification accomplished successfully

2019-08-10 23:56:01 - [TEST_STEP][PASSED] - request = getInstance().getCurrentRequest(): null

2019-08-10 23:56:01 - [TEST_STEP][PASSED] - response = getInstance().getCurrentResponse(): null

2019-08-10 23:56:01 - [TEST_STEP][PASSED] - verifyResponseStatusCode(response, 200): Verify response status code successfully

2019-08-10 23:56:01 - [MESSAGE][PASSED] - Verify response status code successfully

2019-08-10 23:56:01 - [TEST_STEP][PASSED] - getStatusCode()).isEqualTo(200): null

2019-08-10 23:56:01 - [TEST_STEP][PASSED] - newline = System.getProperty("line.separator"): null

2019-08-10 23:56:01 - [TEST_STEP][PASSED] - M4_spin = new groovy.json.JsonSlurper(): null

2019-08-10 23:56:01 - [TEST_STEP][PASSED] - result_M4_spin = M4_spin.parseText(response.getResponseBodyContent()): null

2019-08-10 23:56:01 - [TEST_STEP][PASSED] - M4_spin_current_balance = current_balance: null

2019-08-10 23:56:01 - [TEST_STEP][PASSED] - M4_spin_current_balance = M4_spin_current_balance: null

2019-08-10 23:56:01 - [TEST_STEP][PASSED] - M4_spin_transaction_id = causality: null

2019-08-10 23:56:01 - [TEST_STEP][PASSED] - M4_spin_transaction_id = M4_spin_transaction_id: null

2019-08-10 23:56:01 - [TEST_STEP][PASSED] - M4_spin_round_id = round_id: null

2019-08-10 23:56:01 - [TEST_STEP][PASSED] - M4_spin_round_id = M4_spin_round_id: null

2019-08-10 23:56:01 - [TEST_STEP][PASSED] - M4_spin_line_wins = line_wins: null

2019-08-10 23:56:01 - [TEST_STEP][PASSED] - M4_spin_line_wins = M4_spin_line_wins: null

2019-08-10 23:56:01 - [TEST_STEP][PASSED] - M4_total_bonus_spins_int = total_bonus_spins: null

2019-08-10 23:56:01 - [TEST_STEP][PASSED] - println("******M4_total_bonus_spins type is:*******" + newline + getClass().getName()): null

2019-08-10 23:56:01 - [TEST_STEP][PASSED] - M4_total_bonus_spins_int = M4_total_bonus_spins_int: null

2019-08-10 23:56:01 - [TEST_STEP][PASSED] - M4_total_bonus_spins = Integer.toString(M4_total_bonus_spins_int): null

2019-08-10 23:56:01 - [TEST_STEP][PASSED] - M4_total_bonus_spins = M4_total_bonus_spins: null

2019-08-10 23:56:01 - [TEST_STEP][PASSED] - println("M4_total_bonus_spins is:" + M4_total_bonus_spins): null

2019-08-10 23:56:01 - [TEST_STEP][PASSED] - M4_spin_bonus_data = bonus_data: null

2019-08-10 23:56:01 - [TEST_STEP][PASSED] - M4_spin_features_triggered = result_M4_spin: null

2019-08-10 23:56:01 - [TEST_STEP][PASSED] - wild = []: null

2019-08-10 23:56:01 - [TEST_STEP][PASSED] - wild[0] = "WILD_Expanding": null

2019-08-10 23:56:01 - [TEST_STEP][PASSED] - wild[1] = "WILD_Normal": null

2019-08-10 23:56:01 - [TEST_STEP][PASSED] - wild[2] = "WILD_Double": null

2019-08-10 23:56:01 - [TEST_STEP][PASSED] - wild[3] = "WILD_ExtraFG": null

2019-08-10 23:56:01 - [TEST_STEP][PASSED] - wild[4] = "WILD_Triple": null

2019-08-10 23:56:01 - [TEST_STEP][PASSED] - wildList = Arrays.asList(wild): null

2019-08-10 23:56:01 - [TEST_STEP][PASSED] - wildList = wildList: null

2019-08-10 23:56:01 - [TEST_STEP][PASSED] - free_spin_reel_counter = []: null

2019-08-10 23:56:01 - [TEST_STEP][PASSED] - free_spin_reel_counter[0] = 0: null

2019-08-10 23:56:01 - [TEST_STEP][PASSED] - free_spin_reel_counter[1] = 0: null

2019-08-10 23:56:01 - [TEST_STEP][PASSED] - free_spin_reel_counter[2] = 0: null

2019-08-10 23:56:01 - [TEST_STEP][PASSED] - M4_spin_reels = reels: null

2019-08-10 23:56:01 - [TEST_STEP][PASSED] - for ([i = 0, i &lt; M4_spin_reels.size(), (i++)]): null

2019-08-10 23:56:01 - [TEST_STEP][PASSED] - symbols = symbols: null

2019-08-10 23:56:01 - [TEST_STEP][PASSED] - for ([j = 0, j &lt; symbols.size(), (j++)]): null

2019-08-10 23:56:01 - [TEST_STEP][PASSED] - symbol = symbol: null

2019-08-10 23:56:01 - [TEST_STEP][PASSED] - println(symbol): null

2019-08-10 23:56:01 - [TEST_STEP][PASSED] - if (i == 2 &amp;&amp; wildList.indexOf(symbol) != -1): null

2019-08-10 23:56:01 - [TEST_STEP][PASSED] - if (i == 3 &amp;&amp; wildList.indexOf(symbol) != -1): null

2019-08-10 23:56:01 - [TEST_STEP][PASSED] - if (i == 4 &amp;&amp; wildList.indexOf(symbol) != -1): null

2019-08-10 23:56:01 - [TEST_STEP][PASSED] - symbol = symbol: null

2019-08-10 23:56:01 - [TEST_STEP][PASSED] - println(symbol): null

2019-08-10 23:56:01 - [TEST_STEP][PASSED] - if (i == 2 &amp;&amp; wildList.indexOf(symbol) != -1): null

2019-08-10 23:56:01 - [TEST_STEP][PASSED] - if (i == 3 &amp;&amp; wildList.indexOf(symbol) != -1): null

2019-08-10 23:56:01 - [TEST_STEP][PASSED] - if (i == 4 &amp;&amp; wildList.indexOf(symbol) != -1): null

2019-08-10 23:56:01 - [TEST_STEP][PASSED] - symbol = symbol: null

2019-08-10 23:56:01 - [TEST_STEP][PASSED] - println(symbol): null

2019-08-10 23:56:01 - [TEST_STEP][PASSED] - if (i == 2 &amp;&amp; wildList.indexOf(symbol) != -1): null

2019-08-10 23:56:01 - [TEST_STEP][PASSED] - if (i == 3 &amp;&amp; wildList.indexOf(symbol) != -1): null

2019-08-10 23:56:01 - [TEST_STEP][PASSED] - if (i == 4 &amp;&amp; wildList.indexOf(symbol) != -1): null

2019-08-10 23:56:01 - [TEST_STEP][PASSED] - symbols = symbols: null

2019-08-10 23:56:01 - [TEST_STEP][PASSED] - for ([j = 0, j &lt; symbols.size(), (j++)]): null

2019-08-10 23:56:01 - [TEST_STEP][PASSED] - symbol = symbol: null

2019-08-10 23:56:01 - [TEST_STEP][PASSED] - println(symbol): null

2019-08-10 23:56:04 - [TEST_STEP][PASSED] - if (i == 2 &amp;&amp; wildList.indexOf(symbol) != -1): null

2019-08-10 23:56:04 - [TEST_STEP][PASSED] - if (i == 3 &amp;&amp; wildList.indexOf(symbol) != -1): null

2019-08-10 23:56:04 - [TEST_STEP][PASSED] - if (i == 4 &amp;&amp; wildList.indexOf(symbol) != -1): null

2019-08-10 23:56:04 - [TEST_STEP][PASSED] - symbol = symbol: null

2019-08-10 23:56:04 - [TEST_STEP][PASSED] - println(symbol): null

2019-08-10 23:56:04 - [TEST_STEP][PASSED] - if (i == 2 &amp;&amp; wildList.indexOf(symbol) != -1): null

2019-08-10 23:56:04 - [TEST_STEP][PASSED] - if (i == 3 &amp;&amp; wildList.indexOf(symbol) != -1): null

2019-08-10 23:56:04 - [TEST_STEP][PASSED] - if (i == 4 &amp;&amp; wildList.indexOf(symbol) != -1): null

2019-08-10 23:56:04 - [TEST_STEP][PASSED] - symbol = symbol: null

2019-08-10 23:56:04 - [TEST_STEP][PASSED] - println(symbol): null

2019-08-10 23:56:04 - [TEST_STEP][PASSED] - if (i == 2 &amp;&amp; wildList.indexOf(symbol) != -1): null

2019-08-10 23:56:04 - [TEST_STEP][PASSED] - if (i == 3 &amp;&amp; wildList.indexOf(symbol) != -1): null

2019-08-10 23:56:04 - [TEST_STEP][PASSED] - if (i == 4 &amp;&amp; wildList.indexOf(symbol) != -1): null

2019-08-10 23:56:04 - [TEST_STEP][PASSED] - symbols = symbols: null

2019-08-10 23:56:04 - [TEST_STEP][PASSED] - for ([j = 0, j &lt; symbols.size(), (j++)]): null

2019-08-10 23:56:04 - [TEST_STEP][PASSED] - symbol = symbol: null

2019-08-10 23:56:04 - [TEST_STEP][PASSED] - println(symbol): null

2019-08-10 23:56:04 - [TEST_STEP][PASSED] - if (i == 2 &amp;&amp; wildList.indexOf(symbol) != -1): null

2019-08-10 23:56:04 - [TEST_STEP][PASSED] - if (i == 3 &amp;&amp; wildList.indexOf(symbol) != -1): null

2019-08-10 23:56:04 - [TEST_STEP][PASSED] - if (i == 4 &amp;&amp; wildList.indexOf(symbol) != -1): null

2019-08-10 23:56:04 - [TEST_STEP][PASSED] - symbol = symbol: null

2019-08-10 23:56:04 - [TEST_STEP][PASSED] - println(symbol): null

2019-08-10 23:56:04 - [TEST_STEP][PASSED] - if (i == 2 &amp;&amp; wildList.indexOf(symbol) != -1): null

2019-08-10 23:56:04 - [TEST_STEP][PASSED] - if (i == 3 &amp;&amp; wildList.indexOf(symbol) != -1): null

2019-08-10 23:56:04 - [TEST_STEP][PASSED] - if (i == 4 &amp;&amp; wildList.indexOf(symbol) != -1): null

2019-08-10 23:56:04 - [TEST_STEP][PASSED] - symbol = symbol: null

2019-08-10 23:56:04 - [TEST_STEP][PASSED] - println(symbol): null

2019-08-10 23:56:04 - [TEST_STEP][PASSED] - if (i == 2 &amp;&amp; wildList.indexOf(symbol) != -1): null

2019-08-10 23:56:04 - [TEST_STEP][PASSED] - if (i == 3 &amp;&amp; wildList.indexOf(symbol) != -1): null

2019-08-10 23:56:04 - [TEST_STEP][PASSED] - if (i == 4 &amp;&amp; wildList.indexOf(symbol) != -1): null

2019-08-10 23:56:04 - [TEST_STEP][PASSED] - symbols = symbols: null

2019-08-10 23:56:04 - [TEST_STEP][PASSED] - for ([j = 0, j &lt; symbols.size(), (j++)]): null

2019-08-10 23:56:04 - [TEST_STEP][PASSED] - symbol = symbol: null

2019-08-10 23:56:04 - [TEST_STEP][PASSED] - println(symbol): null

2019-08-10 23:56:04 - [TEST_STEP][PASSED] - if (i == 2 &amp;&amp; wildList.indexOf(symbol) != -1): null

2019-08-10 23:56:04 - [TEST_STEP][PASSED] - if (i == 3 &amp;&amp; wildList.indexOf(symbol) != -1): null

2019-08-10 23:56:04 - [TEST_STEP][PASSED] - println("wild found on reel 4, adding counter by 1"): null

2019-08-10 23:56:04 - [TEST_STEP][PASSED] - free_spin_reel_counter[1] = free_spin_reel_counter[1] + 1: null

2019-08-10 23:56:04 - [TEST_STEP][PASSED] - if (i == 4 &amp;&amp; wildList.indexOf(symbol) != -1): null

2019-08-10 23:56:04 - [TEST_STEP][PASSED] - symbol = symbol: null

2019-08-10 23:56:04 - [TEST_STEP][PASSED] - println(symbol): null

2019-08-10 23:56:04 - [TEST_STEP][PASSED] - if (i == 2 &amp;&amp; wildList.indexOf(symbol) != -1): null

2019-08-10 23:56:04 - [TEST_STEP][PASSED] - if (i == 3 &amp;&amp; wildList.indexOf(symbol) != -1): null

2019-08-10 23:56:04 - [TEST_STEP][PASSED] - if (i == 4 &amp;&amp; wildList.indexOf(symbol) != -1): null

2019-08-10 23:56:04 - [TEST_STEP][PASSED] - symbol = symbol: null

2019-08-10 23:56:04 - [TEST_STEP][PASSED] - println(symbol): null

2019-08-10 23:56:04 - [TEST_STEP][PASSED] - if (i == 2 &amp;&amp; wildList.indexOf(symbol) != -1): null

2019-08-10 23:56:04 - [TEST_STEP][PASSED] - if (i == 3 &amp;&amp; wildList.indexOf(symbol) != -1): null

2019-08-10 23:56:04 - [TEST_STEP][PASSED] - if (i == 4 &amp;&amp; wildList.indexOf(symbol) != -1): null

2019-08-10 23:56:04 - [TEST_STEP][PASSED] - symbols = symbols: null

2019-08-10 23:56:04 - [TEST_STEP][PASSED] - for ([j = 0, j &lt; symbols.size(), (j++)]): null

2019-08-10 23:56:04 - [TEST_STEP][PASSED] - symbol = symbol: null

2019-08-10 23:56:04 - [TEST_STEP][PASSED] - println(symbol): null

2019-08-10 23:56:04 - [TEST_STEP][PASSED] - if (i == 2 &amp;&amp; wildList.indexOf(symbol) != -1): null

2019-08-10 23:56:04 - [TEST_STEP][PASSED] - if (i == 3 &amp;&amp; wildList.indexOf(symbol) != -1): null

2019-08-10 23:56:04 - [TEST_STEP][PASSED] - if (i == 4 &amp;&amp; wildList.indexOf(symbol) != -1): null

2019-08-10 23:56:04 - [TEST_STEP][PASSED] - symbol = symbol: null

2019-08-10 23:56:04 - [TEST_STEP][PASSED] - println(symbol): null

2019-08-10 23:56:04 - [TEST_STEP][PASSED] - if (i == 2 &amp;&amp; wildList.indexOf(symbol) != -1): null

2019-08-10 23:56:04 - [TEST_STEP][PASSED] - if (i == 3 &amp;&amp; wildList.indexOf(symbol) != -1): null

2019-08-10 23:56:04 - [TEST_STEP][PASSED] - if (i == 4 &amp;&amp; wildList.indexOf(symbol) != -1): null

2019-08-10 23:56:04 - [TEST_STEP][PASSED] - symbol = symbol: null

2019-08-10 23:56:04 - [TEST_STEP][PASSED] - println(symbol): null

2019-08-10 23:56:04 - [TEST_STEP][PASSED] - if (i == 2 &amp;&amp; wildList.indexOf(symbol) != -1): null

2019-08-10 23:56:04 - [TEST_STEP][PASSED] - if (i == 3 &amp;&amp; wildList.indexOf(symbol) != -1): null

2019-08-10 23:56:04 - [TEST_STEP][PASSED] - if (i == 4 &amp;&amp; wildList.indexOf(symbol) != -1): null

2019-08-10 23:56:04 - [TEST_STEP][PASSED] - free_spin_reel_counter = free_spin_reel_counter: null

2019-08-10 23:56:04 - [TEST_STEP][PASSED] - println("reel 3 wild found: " + free_spin_reel_counter[0]): null

2019-08-10 23:56:04 - [TEST_STEP][PASSED] - println("reel 4 wild found: " + free_spin_reel_counter[1]): null

2019-08-10 23:56:04 - [TEST_STEP][PASSED] - println("reel 5 wild found: " + free_spin_reel_counter[2]): null

2019-08-10 23:56:04 - [TEST_STEP][PASSED] - M4_spin_reels = M4_spin_reels: null

2019-08-10 23:56:04 - [TEST_STEP][PASSED] - M4_spin_reels_symbols = symbol: null

2019-08-10 23:56:04 - [TEST_STEP][PASSED] - M4_spin_reels_symbols = M4_spin_reels_symbols: null

2019-08-10 23:56:04 - [TEST_STEP][PASSED] - M4_spin_reel_wins = reel_wins: null

2019-08-10 23:56:04 - [TEST_STEP][PASSED] - M4_spin_reel_wins = M4_spin_reel_wins: null

2019-08-10 23:56:04 - [TEST_STEP][PASSED] - println("GlobalVariable.M4_spin_reel_wins is: " + M4_spin_reel_wins): null

2019-08-10 23:56:04 - [TEST_STEP][PASSED] - M4_spin_total_bonus_win_this_round = total_bonus_win_this_round: null

2019-08-10 23:56:04 - [TEST_STEP][PASSED] - M4_spin_total_bonus_win_this_round = M4_spin_total_bonus_win_this_round: null

2019-08-10 23:56:04 - [TEST_STEP][PASSED] - println("GlobalVariable.M4_spin_total_bonus_win_this_round is: " + M4_spin_total_bonus_win_this_round): null

2019-08-10 23:56:04 - [MESSAGE][PASSED] - Verify response successfully

2019-08-10 23:56:04 - [MESSAGE][PASSED] - Send request and verify the response successfully

2019-08-10 23:56:04 - [TEST_STEP][PASSED] - if (M4_total_bonus_spins_int != 0 &amp;&amp; M4_spin_reels_symbols[2].contains("WILD_Double") || M4_spin_reels_symbols[4].contains("WILD_Triple")): null

2019-08-10 23:56:04 - [TEST_STEP][PASSED] - free_spin_reel_counter = free_spin_reel_counter: null

2019-08-10 23:56:04 - [TEST_STEP][PASSED] - M4_spin_reels_symbols = M4_spin_reels_symbols: null

2019-08-10 23:56:04 - [TEST_STEP][PASSED] - M4_total_bonus_spins = M4_total_bonus_spins: null

2019-08-10 23:56:04 - [TEST_STEP][PASSED] - spin_result = sendRequestAndVerify(findTestObject("RGS(M4)/1_M4_spin", ["M4_login_user_id":M4_login_user_id, "rgs_session_token":rgs_session_token, "partner":Partner])): Send request and verify the response successfully

2019-08-10 23:56:05 - [TEST_CASE][PASSED] - Start Test Case : Verification: Verification accomplished successfully

2019-08-10 23:56:05 - [TEST_STEP][PASSED] - request = getInstance().getCurrentRequest(): null

2019-08-10 23:56:05 - [TEST_STEP][PASSED] - response = getInstance().getCurrentResponse(): null

2019-08-10 23:56:05 - [TEST_STEP][PASSED] - verifyResponseStatusCode(response, 200): Verify response status code successfully

2019-08-10 23:56:05 - [MESSAGE][PASSED] - Verify response status code successfully

2019-08-10 23:56:05 - [TEST_STEP][PASSED] - getStatusCode()).isEqualTo(200): null

2019-08-10 23:56:05 - [TEST_STEP][PASSED] - newline = System.getProperty("line.separator"): null

2019-08-10 23:56:05 - [TEST_STEP][PASSED] - M4_spin = new groovy.json.JsonSlurper(): null

2019-08-10 23:56:05 - [TEST_STEP][PASSED] - result_M4_spin = M4_spin.parseText(response.getResponseBodyContent()): null

2019-08-10 23:56:05 - [TEST_STEP][PASSED] - M4_spin_current_balance = current_balance: null

2019-08-10 23:56:05 - [TEST_STEP][PASSED] - M4_spin_current_balance = M4_spin_current_balance: null

2019-08-10 23:56:05 - [TEST_STEP][PASSED] - M4_spin_transaction_id = causality: null

2019-08-10 23:56:05 - [TEST_STEP][PASSED] - M4_spin_transaction_id = M4_spin_transaction_id: null

2019-08-10 23:56:05 - [TEST_STEP][PASSED] - M4_spin_round_id = round_id: null

2019-08-10 23:56:05 - [TEST_STEP][PASSED] - M4_spin_round_id = M4_spin_round_id: null

2019-08-10 23:56:05 - [TEST_STEP][PASSED] - M4_spin_line_wins = line_wins: null

2019-08-10 23:56:05 - [TEST_STEP][PASSED] - M4_spin_line_wins = M4_spin_line_wins: null

2019-08-10 23:56:05 - [TEST_STEP][PASSED] - M4_total_bonus_spins_int = total_bonus_spins: null

2019-08-10 23:56:05 - [TEST_STEP][PASSED] - println("******M4_total_bonus_spins type is:*******" + newline + getClass().getName()): null

2019-08-10 23:56:05 - [TEST_STEP][PASSED] - M4_total_bonus_spins_int = M4_total_bonus_spins_int: null

2019-08-10 23:56:05 - [TEST_STEP][PASSED] - M4_total_bonus_spins = Integer.toString(M4_total_bonus_spins_int): null

2019-08-10 23:56:05 - [TEST_STEP][PASSED] - M4_total_bonus_spins = M4_total_bonus_spins: null

2019-08-10 23:56:05 - [TEST_STEP][PASSED] - println("M4_total_bonus_spins is:" + M4_total_bonus_spins): null

2019-08-10 23:56:05 - [TEST_STEP][PASSED] - M4_spin_bonus_data = bonus_data: null

2019-08-10 23:56:05 - [TEST_STEP][PASSED] - M4_spin_features_triggered = result_M4_spin: null

2019-08-10 23:56:05 - [TEST_STEP][PASSED] - wild = []: null

2019-08-10 23:56:05 - [TEST_STEP][PASSED] - wild[0] = "WILD_Expanding": null

2019-08-10 23:56:05 - [TEST_STEP][PASSED] - wild[1] = "WILD_Normal": null

2019-08-10 23:56:05 - [TEST_STEP][PASSED] - wild[2] = "WILD_Double": null

2019-08-10 23:56:05 - [TEST_STEP][PASSED] - wild[3] = "WILD_ExtraFG": null

2019-08-10 23:56:05 - [TEST_STEP][PASSED] - wild[4] = "WILD_Triple": null

2019-08-10 23:56:05 - [TEST_STEP][PASSED] - wildList = Arrays.asList(wild): null

2019-08-10 23:56:05 - [TEST_STEP][PASSED] - wildList = wildList: null

2019-08-10 23:56:05 - [TEST_STEP][PASSED] - free_spin_reel_counter = []: null

2019-08-10 23:56:05 - [TEST_STEP][PASSED] - free_spin_reel_counter[0] = 0: null

2019-08-10 23:56:05 - [TEST_STEP][PASSED] - free_spin_reel_counter[1] = 0: null

2019-08-10 23:56:05 - [TEST_STEP][PASSED] - free_spin_reel_counter[2] = 0: null

2019-08-10 23:56:05 - [TEST_STEP][PASSED] - M4_spin_reels = reels: null

2019-08-10 23:56:05 - [TEST_STEP][PASSED] - for ([i = 0, i &lt; M4_spin_reels.size(), (i++)]): null

2019-08-10 23:56:05 - [TEST_STEP][PASSED] - symbols = symbols: null

2019-08-10 23:56:05 - [TEST_STEP][PASSED] - for ([j = 0, j &lt; symbols.size(), (j++)]): null

2019-08-10 23:56:05 - [TEST_STEP][PASSED] - symbol = symbol: null

2019-08-10 23:56:05 - [TEST_STEP][PASSED] - println(symbol): null

2019-08-10 23:56:05 - [TEST_STEP][PASSED] - if (i == 2 &amp;&amp; wildList.indexOf(symbol) != -1): null

2019-08-10 23:56:05 - [TEST_STEP][PASSED] - if (i == 3 &amp;&amp; wildList.indexOf(symbol) != -1): null

2019-08-10 23:56:05 - [TEST_STEP][PASSED] - if (i == 4 &amp;&amp; wildList.indexOf(symbol) != -1): null

2019-08-10 23:56:05 - [TEST_STEP][PASSED] - symbol = symbol: null

2019-08-10 23:56:05 - [TEST_STEP][PASSED] - println(symbol): null

2019-08-10 23:56:05 - [TEST_STEP][PASSED] - if (i == 2 &amp;&amp; wildList.indexOf(symbol) != -1): null

2019-08-10 23:56:05 - [TEST_STEP][PASSED] - if (i == 3 &amp;&amp; wildList.indexOf(symbol) != -1): null

2019-08-10 23:56:05 - [TEST_STEP][PASSED] - if (i == 4 &amp;&amp; wildList.indexOf(symbol) != -1): null

2019-08-10 23:56:05 - [TEST_STEP][PASSED] - symbol = symbol: null

2019-08-10 23:56:05 - [TEST_STEP][PASSED] - println(symbol): null

2019-08-10 23:56:05 - [TEST_STEP][PASSED] - if (i == 2 &amp;&amp; wildList.indexOf(symbol) != -1): null

2019-08-10 23:56:05 - [TEST_STEP][PASSED] - if (i == 3 &amp;&amp; wildList.indexOf(symbol) != -1): null

2019-08-10 23:56:05 - [TEST_STEP][PASSED] - if (i == 4 &amp;&amp; wildList.indexOf(symbol) != -1): null

2019-08-10 23:56:05 - [TEST_STEP][PASSED] - symbols = symbols: null

2019-08-10 23:56:05 - [TEST_STEP][PASSED] - for ([j = 0, j &lt; symbols.size(), (j++)]): null

2019-08-10 23:56:05 - [TEST_STEP][PASSED] - symbol = symbol: null

2019-08-10 23:56:05 - [TEST_STEP][PASSED] - println(symbol): null

2019-08-10 23:56:05 - [TEST_STEP][PASSED] - if (i == 2 &amp;&amp; wildList.indexOf(symbol) != -1): null

2019-08-10 23:56:05 - [TEST_STEP][PASSED] - if (i == 3 &amp;&amp; wildList.indexOf(symbol) != -1): null

2019-08-10 23:56:05 - [TEST_STEP][PASSED] - if (i == 4 &amp;&amp; wildList.indexOf(symbol) != -1): null

2019-08-10 23:56:05 - [TEST_STEP][PASSED] - symbol = symbol: null

2019-08-10 23:56:05 - [TEST_STEP][PASSED] - println(symbol): null

2019-08-10 23:56:05 - [TEST_STEP][PASSED] - if (i == 2 &amp;&amp; wildList.indexOf(symbol) != -1): null

2019-08-10 23:56:05 - [TEST_STEP][PASSED] - if (i == 3 &amp;&amp; wildList.indexOf(symbol) != -1): null

2019-08-10 23:56:05 - [TEST_STEP][PASSED] - if (i == 4 &amp;&amp; wildList.indexOf(symbol) != -1): null

2019-08-10 23:56:05 - [TEST_STEP][PASSED] - symbol = symbol: null

2019-08-10 23:56:05 - [TEST_STEP][PASSED] - println(symbol): null

2019-08-10 23:56:05 - [TEST_STEP][PASSED] - if (i == 2 &amp;&amp; wildList.indexOf(symbol) != -1): null

2019-08-10 23:56:05 - [TEST_STEP][PASSED] - if (i == 3 &amp;&amp; wildList.indexOf(symbol) != -1): null

2019-08-10 23:56:05 - [TEST_STEP][PASSED] - if (i == 4 &amp;&amp; wildList.indexOf(symbol) != -1): null

2019-08-10 23:56:05 - [TEST_STEP][PASSED] - symbols = symbols: null

2019-08-10 23:56:05 - [TEST_STEP][PASSED] - for ([j = 0, j &lt; symbols.size(), (j++)]): null

2019-08-10 23:56:05 - [TEST_STEP][PASSED] - symbol = symbol: null

2019-08-10 23:56:05 - [TEST_STEP][PASSED] - println(symbol): null

2019-08-10 23:56:05 - [TEST_STEP][PASSED] - if (i == 2 &amp;&amp; wildList.indexOf(symbol) != -1): null

2019-08-10 23:56:05 - [TEST_STEP][PASSED] - println("wild found on reel 3, adding counter by 1"): null

2019-08-10 23:56:05 - [TEST_STEP][PASSED] - free_spin_reel_counter[0] = free_spin_reel_counter[0] + 1: null

2019-08-10 23:56:05 - [TEST_STEP][PASSED] - if (i == 3 &amp;&amp; wildList.indexOf(symbol) != -1): null

2019-08-10 23:56:05 - [TEST_STEP][PASSED] - if (i == 4 &amp;&amp; wildList.indexOf(symbol) != -1): null

2019-08-10 23:56:05 - [TEST_STEP][PASSED] - symbol = symbol: null

2019-08-10 23:56:05 - [TEST_STEP][PASSED] - println(symbol): null

2019-08-10 23:56:05 - [TEST_STEP][PASSED] - if (i == 2 &amp;&amp; wildList.indexOf(symbol) != -1): null

2019-08-10 23:56:05 - [TEST_STEP][PASSED] - if (i == 3 &amp;&amp; wildList.indexOf(symbol) != -1): null

2019-08-10 23:56:05 - [TEST_STEP][PASSED] - if (i == 4 &amp;&amp; wildList.indexOf(symbol) != -1): null

2019-08-10 23:56:05 - [TEST_STEP][PASSED] - symbol = symbol: null

2019-08-10 23:56:05 - [TEST_STEP][PASSED] - println(symbol): null

2019-08-10 23:56:05 - [TEST_STEP][PASSED] - if (i == 2 &amp;&amp; wildList.indexOf(symbol) != -1): null

2019-08-10 23:56:05 - [TEST_STEP][PASSED] - if (i == 3 &amp;&amp; wildList.indexOf(symbol) != -1): null

2019-08-10 23:56:05 - [TEST_STEP][PASSED] - if (i == 4 &amp;&amp; wildList.indexOf(symbol) != -1): null

2019-08-10 23:56:05 - [TEST_STEP][PASSED] - symbols = symbols: null

2019-08-10 23:56:05 - [TEST_STEP][PASSED] - for ([j = 0, j &lt; symbols.size(), (j++)]): null

2019-08-10 23:56:05 - [TEST_STEP][PASSED] - symbol = symbol: null

2019-08-10 23:56:05 - [TEST_STEP][PASSED] - println(symbol): null

2019-08-10 23:56:05 - [TEST_STEP][PASSED] - if (i == 2 &amp;&amp; wildList.indexOf(symbol) != -1): null

2019-08-10 23:56:05 - [TEST_STEP][PASSED] - if (i == 3 &amp;&amp; wildList.indexOf(symbol) != -1): null

2019-08-10 23:56:05 - [TEST_STEP][PASSED] - if (i == 4 &amp;&amp; wildList.indexOf(symbol) != -1): null

2019-08-10 23:56:05 - [TEST_STEP][PASSED] - symbol = symbol: null

2019-08-10 23:56:05 - [TEST_STEP][PASSED] - println(symbol): null

2019-08-10 23:56:05 - [TEST_STEP][PASSED] - if (i == 2 &amp;&amp; wildList.indexOf(symbol) != -1): null

2019-08-10 23:56:05 - [TEST_STEP][PASSED] - if (i == 3 &amp;&amp; wildList.indexOf(symbol) != -1): null

2019-08-10 23:56:05 - [TEST_STEP][PASSED] - if (i == 4 &amp;&amp; wildList.indexOf(symbol) != -1): null

2019-08-10 23:56:05 - [TEST_STEP][PASSED] - symbol = symbol: null

2019-08-10 23:56:05 - [TEST_STEP][PASSED] - println(symbol): null

2019-08-10 23:56:05 - [TEST_STEP][PASSED] - if (i == 2 &amp;&amp; wildList.indexOf(symbol) != -1): null

2019-08-10 23:56:05 - [TEST_STEP][PASSED] - if (i == 3 &amp;&amp; wildList.indexOf(symbol) != -1): null

2019-08-10 23:56:05 - [TEST_STEP][PASSED] - println("wild found on reel 4, adding counter by 1"): null

2019-08-10 23:56:05 - [TEST_STEP][PASSED] - free_spin_reel_counter[1] = free_spin_reel_counter[1] + 1: null

2019-08-10 23:56:05 - [TEST_STEP][PASSED] - if (i == 4 &amp;&amp; wildList.indexOf(symbol) != -1): null

2019-08-10 23:56:05 - [TEST_STEP][PASSED] - symbols = symbols: null

2019-08-10 23:56:05 - [TEST_STEP][PASSED] - for ([j = 0, j &lt; symbols.size(), (j++)]): null

2019-08-10 23:56:05 - [TEST_STEP][PASSED] - symbol = symbol: null

2019-08-10 23:56:05 - [TEST_STEP][PASSED] - println(symbol): null

2019-08-10 23:56:05 - [TEST_STEP][PASSED] - if (i == 2 &amp;&amp; wildList.indexOf(symbol) != -1): null

2019-08-10 23:56:05 - [TEST_STEP][PASSED] - if (i == 3 &amp;&amp; wildList.indexOf(symbol) != -1): null

2019-08-10 23:56:05 - [TEST_STEP][PASSED] - if (i == 4 &amp;&amp; wildList.indexOf(symbol) != -1): null

2019-08-10 23:56:05 - [TEST_STEP][PASSED] - symbol = symbol: null

2019-08-10 23:56:05 - [TEST_STEP][PASSED] - println(symbol): null

2019-08-10 23:56:05 - [TEST_STEP][PASSED] - if (i == 2 &amp;&amp; wildList.indexOf(symbol) != -1): null

2019-08-10 23:56:05 - [TEST_STEP][PASSED] - if (i == 3 &amp;&amp; wildList.indexOf(symbol) != -1): null

2019-08-10 23:56:05 - [TEST_STEP][PASSED] - if (i == 4 &amp;&amp; wildList.indexOf(symbol) != -1): null

2019-08-10 23:56:05 - [TEST_STEP][PASSED] - symbol = symbol: null

2019-08-10 23:56:05 - [TEST_STEP][PASSED] - println(symbol): null

2019-08-10 23:56:05 - [TEST_STEP][PASSED] - if (i == 2 &amp;&amp; wildList.indexOf(symbol) != -1): null

2019-08-10 23:56:05 - [TEST_STEP][PASSED] - if (i == 3 &amp;&amp; wildList.indexOf(symbol) != -1): null

2019-08-10 23:56:05 - [TEST_STEP][PASSED] - if (i == 4 &amp;&amp; wildList.indexOf(symbol) != -1): null

2019-08-10 23:56:05 - [TEST_STEP][PASSED] - free_spin_reel_counter = free_spin_reel_counter: null

2019-08-10 23:56:05 - [TEST_STEP][PASSED] - println("reel 3 wild found: " + free_spin_reel_counter[0]): null

2019-08-10 23:56:05 - [TEST_STEP][PASSED] - println("reel 4 wild found: " + free_spin_reel_counter[1]): null

2019-08-10 23:56:05 - [TEST_STEP][PASSED] - println("reel 5 wild found: " + free_spin_reel_counter[2]): null

2019-08-10 23:56:05 - [TEST_STEP][PASSED] - M4_spin_reels = M4_spin_reels: null

2019-08-10 23:56:05 - [TEST_STEP][PASSED] - M4_spin_reels_symbols = symbol: null

2019-08-10 23:56:05 - [TEST_STEP][PASSED] - M4_spin_reels_symbols = M4_spin_reels_symbols: null

2019-08-10 23:56:05 - [TEST_STEP][PASSED] - M4_spin_reel_wins = reel_wins: null

2019-08-10 23:56:05 - [TEST_STEP][PASSED] - M4_spin_reel_wins = M4_spin_reel_wins: null

2019-08-10 23:56:05 - [TEST_STEP][PASSED] - println("GlobalVariable.M4_spin_reel_wins is: " + M4_spin_reel_wins): null

2019-08-10 23:56:05 - [TEST_STEP][PASSED] - M4_spin_total_bonus_win_this_round = total_bonus_win_this_round: null

2019-08-10 23:56:05 - [TEST_STEP][PASSED] - M4_spin_total_bonus_win_this_round = M4_spin_total_bonus_win_this_round: null

2019-08-10 23:56:05 - [TEST_STEP][PASSED] - println("GlobalVariable.M4_spin_total_bonus_win_this_round is: " + M4_spin_total_bonus_win_this_round): null

2019-08-10 23:56:05 - [MESSAGE][PASSED] - Verify response successfully

2019-08-10 23:56:05 - [MESSAGE][PASSED] - Send request and verify the response successfully

2019-08-10 23:56:05 - [TEST_STEP][PASSED] - if (M4_total_bonus_spins_int != 0 &amp;&amp; M4_spin_reels_symbols[2].contains("WILD_Double") || M4_spin_reels_symbols[4].contains("WILD_Triple")): null

2019-08-10 23:56:05 - [TEST_STEP][PASSED] - free_spin_reel_counter = free_spin_reel_counter: null

2019-08-10 23:56:05 - [TEST_STEP][PASSED] - M4_spin_reels_symbols = M4_spin_reels_symbols: null

2019-08-10 23:56:05 - [TEST_STEP][PASSED] - M4_total_bonus_spins = M4_total_bonus_spins: null

2019-08-10 23:56:05 - [TEST_STEP][PASSED] - spin_result = sendRequestAndVerify(findTestObject("RGS(M4)/1_M4_spin", ["M4_login_user_id":M4_login_user_id, "rgs_session_token":rgs_session_token, "partner":Partner])): Send request and verify the response successfully

2019-08-10 23:56:05 - [TEST_CASE][PASSED] - Start Test Case : Verification: Verification accomplished successfully

2019-08-10 23:56:05 - [TEST_STEP][PASSED] - request = getInstance().getCurrentRequest(): null

2019-08-10 23:56:05 - [TEST_STEP][PASSED] - response = getInstance().getCurrentResponse(): null

2019-08-10 23:56:05 - [TEST_STEP][PASSED] - verifyResponseStatusCode(response, 200): Verify response status code successfully

2019-08-10 23:56:05 - [MESSAGE][PASSED] - Verify response status code successfully

2019-08-10 23:56:05 - [TEST_STEP][PASSED] - getStatusCode()).isEqualTo(200): null

2019-08-10 23:56:05 - [TEST_STEP][PASSED] - newline = System.getProperty("line.separator"): null

2019-08-10 23:56:05 - [TEST_STEP][PASSED] - M4_spin = new groovy.json.JsonSlurper(): null

2019-08-10 23:56:05 - [TEST_STEP][PASSED] - result_M4_spin = M4_spin.parseText(response.getResponseBodyContent()): null

2019-08-10 23:56:05 - [TEST_STEP][PASSED] - M4_spin_current_balance = current_balance: null

2019-08-10 23:56:05 - [TEST_STEP][PASSED] - M4_spin_current_balance = M4_spin_current_balance: null

2019-08-10 23:56:05 - [TEST_STEP][PASSED] - M4_spin_transaction_id = causality: null

2019-08-10 23:56:05 - [TEST_STEP][PASSED] - M4_spin_transaction_id = M4_spin_transaction_id: null

2019-08-10 23:56:05 - [TEST_STEP][PASSED] - M4_spin_round_id = round_id: null

2019-08-10 23:56:05 - [TEST_STEP][PASSED] - M4_spin_round_id = M4_spin_round_id: null

2019-08-10 23:56:05 - [TEST_STEP][PASSED] - M4_spin_line_wins = line_wins: null

2019-08-10 23:56:05 - [TEST_STEP][PASSED] - M4_spin_line_wins = M4_spin_line_wins: null

2019-08-10 23:56:05 - [TEST_STEP][PASSED] - M4_total_bonus_spins_int = total_bonus_spins: null

2019-08-10 23:56:05 - [TEST_STEP][PASSED] - println("******M4_total_bonus_spins type is:*******" + newline + getClass().getName()): null

2019-08-10 23:56:05 - [TEST_STEP][PASSED] - M4_total_bonus_spins_int = M4_total_bonus_spins_int: null

2019-08-10 23:56:05 - [TEST_STEP][PASSED] - M4_total_bonus_spins = Integer.toString(M4_total_bonus_spins_int): null

2019-08-10 23:56:05 - [TEST_STEP][PASSED] - M4_total_bonus_spins = M4_total_bonus_spins: null

2019-08-10 23:56:05 - [TEST_STEP][PASSED] - println("M4_total_bonus_spins is:" + M4_total_bonus_spins): null

2019-08-10 23:56:05 - [TEST_STEP][PASSED] - M4_spin_bonus_data = bonus_data: null

2019-08-10 23:56:05 - [TEST_STEP][PASSED] - M4_spin_features_triggered = result_M4_spin: null

2019-08-10 23:56:05 - [TEST_STEP][PASSED] - wild = []: null

2019-08-10 23:56:05 - [TEST_STEP][PASSED] - wild[0] = "WILD_Expanding": null

2019-08-10 23:56:05 - [TEST_STEP][PASSED] - wild[1] = "WILD_Normal": null

2019-08-10 23:56:05 - [TEST_STEP][PASSED] - wild[2] = "WILD_Double": null

2019-08-10 23:56:05 - [TEST_STEP][PASSED] - wild[3] = "WILD_ExtraFG": null

2019-08-10 23:56:05 - [TEST_STEP][PASSED] - wild[4] = "WILD_Triple": null

2019-08-10 23:56:05 - [TEST_STEP][PASSED] - wildList = Arrays.asList(wild): null

2019-08-10 23:56:05 - [TEST_STEP][PASSED] - wildList = wildList: null

2019-08-10 23:56:05 - [TEST_STEP][PASSED] - free_spin_reel_counter = []: null

2019-08-10 23:56:05 - [TEST_STEP][PASSED] - free_spin_reel_counter[0] = 0: null

2019-08-10 23:56:05 - [TEST_STEP][PASSED] - free_spin_reel_counter[1] = 0: null

2019-08-10 23:56:05 - [TEST_STEP][PASSED] - free_spin_reel_counter[2] = 0: null

2019-08-10 23:56:05 - [TEST_STEP][PASSED] - M4_spin_reels = reels: null

2019-08-10 23:56:05 - [TEST_STEP][PASSED] - for ([i = 0, i &lt; M4_spin_reels.size(), (i++)]): null

2019-08-10 23:56:05 - [TEST_STEP][PASSED] - symbols = symbols: null

2019-08-10 23:56:05 - [TEST_STEP][PASSED] - for ([j = 0, j &lt; symbols.size(), (j++)]): null

2019-08-10 23:56:05 - [TEST_STEP][PASSED] - symbol = symbol: null

2019-08-10 23:56:05 - [TEST_STEP][PASSED] - println(symbol): null

2019-08-10 23:56:05 - [TEST_STEP][PASSED] - if (i == 2 &amp;&amp; wildList.indexOf(symbol) != -1): null

2019-08-10 23:56:05 - [TEST_STEP][PASSED] - if (i == 3 &amp;&amp; wildList.indexOf(symbol) != -1): null

2019-08-10 23:56:05 - [TEST_STEP][PASSED] - if (i == 4 &amp;&amp; wildList.indexOf(symbol) != -1): null

2019-08-10 23:56:05 - [TEST_STEP][PASSED] - symbol = symbol: null

2019-08-10 23:56:05 - [TEST_STEP][PASSED] - println(symbol): null

2019-08-10 23:56:05 - [TEST_STEP][PASSED] - if (i == 2 &amp;&amp; wildList.indexOf(symbol) != -1): null

2019-08-10 23:56:05 - [TEST_STEP][PASSED] - if (i == 3 &amp;&amp; wildList.indexOf(symbol) != -1): null

2019-08-10 23:56:05 - [TEST_STEP][PASSED] - if (i == 4 &amp;&amp; wildList.indexOf(symbol) != -1): null

2019-08-10 23:56:05 - [TEST_STEP][PASSED] - symbol = symbol: null

2019-08-10 23:56:05 - [TEST_STEP][PASSED] - println(symbol): null

2019-08-10 23:56:05 - [TEST_STEP][PASSED] - if (i == 2 &amp;&amp; wildList.indexOf(symbol) != -1): null

2019-08-10 23:56:05 - [TEST_STEP][PASSED] - if (i == 3 &amp;&amp; wildList.indexOf(symbol) != -1): null

2019-08-10 23:56:05 - [TEST_STEP][PASSED] - if (i == 4 &amp;&amp; wildList.indexOf(symbol) != -1): null

2019-08-10 23:56:05 - [TEST_STEP][PASSED] - symbols = symbols: null

2019-08-10 23:56:05 - [TEST_STEP][PASSED] - for ([j = 0, j &lt; symbols.size(), (j++)]): null

2019-08-10 23:56:05 - [TEST_STEP][PASSED] - symbol = symbol: null

2019-08-10 23:56:05 - [TEST_STEP][PASSED] - println(symbol): null

2019-08-10 23:56:05 - [TEST_STEP][PASSED] - if (i == 2 &amp;&amp; wildList.indexOf(symbol) != -1): null

2019-08-10 23:56:05 - [TEST_STEP][PASSED] - if (i == 3 &amp;&amp; wildList.indexOf(symbol) != -1): null

2019-08-10 23:56:05 - [TEST_STEP][PASSED] - if (i == 4 &amp;&amp; wildList.indexOf(symbol) != -1): null

2019-08-10 23:56:05 - [TEST_STEP][PASSED] - symbol = symbol: null

2019-08-10 23:56:05 - [TEST_STEP][PASSED] - println(symbol): null

2019-08-10 23:56:05 - [TEST_STEP][PASSED] - if (i == 2 &amp;&amp; wildList.indexOf(symbol) != -1): null

2019-08-10 23:56:05 - [TEST_STEP][PASSED] - if (i == 3 &amp;&amp; wildList.indexOf(symbol) != -1): null

2019-08-10 23:56:05 - [TEST_STEP][PASSED] - if (i == 4 &amp;&amp; wildList.indexOf(symbol) != -1): null

2019-08-10 23:56:05 - [TEST_STEP][PASSED] - symbol = symbol: null

2019-08-10 23:56:05 - [TEST_STEP][PASSED] - println(symbol): null

2019-08-10 23:56:05 - [TEST_STEP][PASSED] - if (i == 2 &amp;&amp; wildList.indexOf(symbol) != -1): null

2019-08-10 23:56:05 - [TEST_STEP][PASSED] - if (i == 3 &amp;&amp; wildList.indexOf(symbol) != -1): null

2019-08-10 23:56:05 - [TEST_STEP][PASSED] - if (i == 4 &amp;&amp; wildList.indexOf(symbol) != -1): null

2019-08-10 23:56:05 - [TEST_STEP][PASSED] - symbols = symbols: null

2019-08-10 23:56:05 - [TEST_STEP][PASSED] - for ([j = 0, j &lt; symbols.size(), (j++)]): null

2019-08-10 23:56:05 - [TEST_STEP][PASSED] - symbol = symbol: null

2019-08-10 23:56:05 - [TEST_STEP][PASSED] - println(symbol): null

2019-08-10 23:56:05 - [TEST_STEP][PASSED] - if (i == 2 &amp;&amp; wildList.indexOf(symbol) != -1): null

2019-08-10 23:56:05 - [TEST_STEP][PASSED] - if (i == 3 &amp;&amp; wildList.indexOf(symbol) != -1): null

2019-08-10 23:56:05 - [TEST_STEP][PASSED] - if (i == 4 &amp;&amp; wildList.indexOf(symbol) != -1): null

2019-08-10 23:56:05 - [TEST_STEP][PASSED] - symbol = symbol: null

2019-08-10 23:56:05 - [TEST_STEP][PASSED] - println(symbol): null

2019-08-10 23:56:05 - [TEST_STEP][PASSED] - if (i == 2 &amp;&amp; wildList.indexOf(symbol) != -1): null

2019-08-10 23:56:05 - [TEST_STEP][PASSED] - if (i == 3 &amp;&amp; wildList.indexOf(symbol) != -1): null

2019-08-10 23:56:05 - [TEST_STEP][PASSED] - if (i == 4 &amp;&amp; wildList.indexOf(symbol) != -1): null

2019-08-10 23:56:05 - [TEST_STEP][PASSED] - symbol = symbol: null

2019-08-10 23:56:05 - [TEST_STEP][PASSED] - println(symbol): null

2019-08-10 23:56:05 - [TEST_STEP][PASSED] - if (i == 2 &amp;&amp; wildList.indexOf(symbol) != -1): null

2019-08-10 23:56:05 - [TEST_STEP][PASSED] - println("wild found on reel 3, adding counter by 1"): null

2019-08-10 23:56:09 - [TEST_STEP][PASSED] - free_spin_reel_counter[0] = free_spin_reel_counter[0] + 1: null

2019-08-10 23:56:09 - [TEST_STEP][PASSED] - if (i == 3 &amp;&amp; wildList.indexOf(symbol) != -1): null

2019-08-10 23:56:09 - [TEST_STEP][PASSED] - if (i == 4 &amp;&amp; wildList.indexOf(symbol) != -1): null

2019-08-10 23:56:09 - [TEST_STEP][PASSED] - symbols = symbols: null

2019-08-10 23:56:09 - [TEST_STEP][PASSED] - for ([j = 0, j &lt; symbols.size(), (j++)]): null

2019-08-10 23:56:09 - [TEST_STEP][PASSED] - symbol = symbol: null

2019-08-10 23:56:09 - [TEST_STEP][PASSED] - println(symbol): null

2019-08-10 23:56:09 - [TEST_STEP][PASSED] - if (i == 2 &amp;&amp; wildList.indexOf(symbol) != -1): null

2019-08-10 23:56:09 - [TEST_STEP][PASSED] - if (i == 3 &amp;&amp; wildList.indexOf(symbol) != -1): null

2019-08-10 23:56:09 - [TEST_STEP][PASSED] - println("wild found on reel 4, adding counter by 1"): null

2019-08-10 23:56:09 - [TEST_STEP][PASSED] - free_spin_reel_counter[1] = free_spin_reel_counter[1] + 1: null

2019-08-10 23:56:09 - [TEST_STEP][PASSED] - if (i == 4 &amp;&amp; wildList.indexOf(symbol) != -1): null

2019-08-10 23:56:09 - [TEST_STEP][PASSED] - symbol = symbol: null

2019-08-10 23:56:09 - [TEST_STEP][PASSED] - println(symbol): null

2019-08-10 23:56:09 - [TEST_STEP][PASSED] - if (i == 2 &amp;&amp; wildList.indexOf(symbol) != -1): null

2019-08-10 23:56:09 - [TEST_STEP][PASSED] - if (i == 3 &amp;&amp; wildList.indexOf(symbol) != -1): null

2019-08-10 23:56:09 - [TEST_STEP][PASSED] - if (i == 4 &amp;&amp; wildList.indexOf(symbol) != -1): null

2019-08-10 23:56:09 - [TEST_STEP][PASSED] - symbol = symbol: null

2019-08-10 23:56:09 - [TEST_STEP][PASSED] - println(symbol): null

2019-08-10 23:56:09 - [TEST_STEP][PASSED] - if (i == 2 &amp;&amp; wildList.indexOf(symbol) != -1): null

2019-08-10 23:56:09 - [TEST_STEP][PASSED] - if (i == 3 &amp;&amp; wildList.indexOf(symbol) != -1): null

2019-08-10 23:56:09 - [TEST_STEP][PASSED] - if (i == 4 &amp;&amp; wildList.indexOf(symbol) != -1): null

2019-08-10 23:56:09 - [TEST_STEP][PASSED] - symbols = symbols: null

2019-08-10 23:56:09 - [TEST_STEP][PASSED] - for ([j = 0, j &lt; symbols.size(), (j++)]): null

2019-08-10 23:56:09 - [TEST_STEP][PASSED] - symbol = symbol: null

2019-08-10 23:56:09 - [TEST_STEP][PASSED] - println(symbol): null

2019-08-10 23:56:09 - [TEST_STEP][PASSED] - if (i == 2 &amp;&amp; wildList.indexOf(symbol) != -1): null

2019-08-10 23:56:09 - [TEST_STEP][PASSED] - if (i == 3 &amp;&amp; wildList.indexOf(symbol) != -1): null

2019-08-10 23:56:09 - [TEST_STEP][PASSED] - if (i == 4 &amp;&amp; wildList.indexOf(symbol) != -1): null

2019-08-10 23:56:09 - [TEST_STEP][PASSED] - symbol = symbol: null

2019-08-10 23:56:09 - [TEST_STEP][PASSED] - println(symbol): null

2019-08-10 23:56:09 - [TEST_STEP][PASSED] - if (i == 2 &amp;&amp; wildList.indexOf(symbol) != -1): null

2019-08-10 23:56:09 - [TEST_STEP][PASSED] - if (i == 3 &amp;&amp; wildList.indexOf(symbol) != -1): null

2019-08-10 23:56:09 - [TEST_STEP][PASSED] - if (i == 4 &amp;&amp; wildList.indexOf(symbol) != -1): null

2019-08-10 23:56:09 - [TEST_STEP][PASSED] - symbol = symbol: null

2019-08-10 23:56:09 - [TEST_STEP][PASSED] - println(symbol): null

2019-08-10 23:56:09 - [TEST_STEP][PASSED] - if (i == 2 &amp;&amp; wildList.indexOf(symbol) != -1): null

2019-08-10 23:56:09 - [TEST_STEP][PASSED] - if (i == 3 &amp;&amp; wildList.indexOf(symbol) != -1): null

2019-08-10 23:56:09 - [TEST_STEP][PASSED] - if (i == 4 &amp;&amp; wildList.indexOf(symbol) != -1): null

2019-08-10 23:56:09 - [TEST_STEP][PASSED] - free_spin_reel_counter = free_spin_reel_counter: null

2019-08-10 23:56:09 - [TEST_STEP][PASSED] - println("reel 3 wild found: " + free_spin_reel_counter[0]): null

2019-08-10 23:56:09 - [TEST_STEP][PASSED] - println("reel 4 wild found: " + free_spin_reel_counter[1]): null

2019-08-10 23:56:09 - [TEST_STEP][PASSED] - println("reel 5 wild found: " + free_spin_reel_counter[2]): null

2019-08-10 23:56:09 - [TEST_STEP][PASSED] - M4_spin_reels = M4_spin_reels: null

2019-08-10 23:56:09 - [TEST_STEP][PASSED] - M4_spin_reels_symbols = symbol: null

2019-08-10 23:56:09 - [TEST_STEP][PASSED] - M4_spin_reels_symbols = M4_spin_reels_symbols: null

2019-08-10 23:56:09 - [TEST_STEP][PASSED] - M4_spin_reel_wins = reel_wins: null

2019-08-10 23:56:09 - [TEST_STEP][PASSED] - M4_spin_reel_wins = M4_spin_reel_wins: null

2019-08-10 23:56:09 - [TEST_STEP][PASSED] - println("GlobalVariable.M4_spin_reel_wins is: " + M4_spin_reel_wins): null

2019-08-10 23:56:09 - [TEST_STEP][PASSED] - M4_spin_total_bonus_win_this_round = total_bonus_win_this_round: null

2019-08-10 23:56:09 - [TEST_STEP][PASSED] - M4_spin_total_bonus_win_this_round = M4_spin_total_bonus_win_this_round: null

2019-08-10 23:56:09 - [TEST_STEP][PASSED] - println("GlobalVariable.M4_spin_total_bonus_win_this_round is: " + M4_spin_total_bonus_win_this_round): null

2019-08-10 23:56:09 - [MESSAGE][PASSED] - Verify response successfully

2019-08-10 23:56:09 - [MESSAGE][PASSED] - Send request and verify the response successfully

2019-08-10 23:56:09 - [TEST_STEP][PASSED] - if (M4_total_bonus_spins_int != 0 &amp;&amp; M4_spin_reels_symbols[2].contains("WILD_Double") || M4_spin_reels_symbols[4].contains("WILD_Triple")): null

2019-08-10 23:56:09 - [TEST_STEP][PASSED] - free_spin_reel_counter = free_spin_reel_counter: null

2019-08-10 23:56:09 - [TEST_STEP][PASSED] - M4_spin_reels_symbols = M4_spin_reels_symbols: null

2019-08-10 23:56:09 - [TEST_STEP][PASSED] - M4_total_bonus_spins = M4_total_bonus_spins: null

2019-08-10 23:56:09 - [TEST_STEP][PASSED] - spin_result = sendRequestAndVerify(findTestObject("RGS(M4)/1_M4_spin", ["M4_login_user_id":M4_login_user_id, "rgs_session_token":rgs_session_token, "partner":Partner])): Send request and verify the response successfully

2019-08-10 23:56:09 - [TEST_CASE][PASSED] - Start Test Case : Verification: Verification accomplished successfully

2019-08-10 23:56:09 - [TEST_STEP][PASSED] - request = getInstance().getCurrentRequest(): null

2019-08-10 23:56:09 - [TEST_STEP][PASSED] - response = getInstance().getCurrentResponse(): null

2019-08-10 23:56:09 - [TEST_STEP][PASSED] - verifyResponseStatusCode(response, 200): Verify response status code successfully

2019-08-10 23:56:09 - [MESSAGE][PASSED] - Verify response status code successfully

2019-08-10 23:56:09 - [TEST_STEP][PASSED] - getStatusCode()).isEqualTo(200): null

2019-08-10 23:56:09 - [TEST_STEP][PASSED] - newline = System.getProperty("line.separator"): null

2019-08-10 23:56:09 - [TEST_STEP][PASSED] - M4_spin = new groovy.json.JsonSlurper(): null

2019-08-10 23:56:09 - [TEST_STEP][PASSED] - result_M4_spin = M4_spin.parseText(response.getResponseBodyContent()): null

2019-08-10 23:56:09 - [TEST_STEP][PASSED] - M4_spin_current_balance = current_balance: null

2019-08-10 23:56:09 - [TEST_STEP][PASSED] - M4_spin_current_balance = M4_spin_current_balance: null

2019-08-10 23:56:09 - [TEST_STEP][PASSED] - M4_spin_transaction_id = causality: null

2019-08-10 23:56:09 - [TEST_STEP][PASSED] - M4_spin_transaction_id = M4_spin_transaction_id: null

2019-08-10 23:56:09 - [TEST_STEP][PASSED] - M4_spin_round_id = round_id: null

2019-08-10 23:56:09 - [TEST_STEP][PASSED] - M4_spin_round_id = M4_spin_round_id: null

2019-08-10 23:56:09 - [TEST_STEP][PASSED] - M4_spin_line_wins = line_wins: null

2019-08-10 23:56:09 - [TEST_STEP][PASSED] - M4_spin_line_wins = M4_spin_line_wins: null

2019-08-10 23:56:09 - [TEST_STEP][PASSED] - M4_total_bonus_spins_int = total_bonus_spins: null

2019-08-10 23:56:09 - [TEST_STEP][PASSED] - println("******M4_total_bonus_spins type is:*******" + newline + getClass().getName()): null

2019-08-10 23:56:09 - [TEST_STEP][PASSED] - M4_total_bonus_spins_int = M4_total_bonus_spins_int: null

2019-08-10 23:56:09 - [TEST_STEP][PASSED] - M4_total_bonus_spins = Integer.toString(M4_total_bonus_spins_int): null

2019-08-10 23:56:09 - [TEST_STEP][PASSED] - M4_total_bonus_spins = M4_total_bonus_spins: null

2019-08-10 23:56:09 - [TEST_STEP][PASSED] - println("M4_total_bonus_spins is:" + M4_total_bonus_spins): null

2019-08-10 23:56:09 - [TEST_STEP][PASSED] - M4_spin_bonus_data = bonus_data: null

2019-08-10 23:56:09 - [TEST_STEP][PASSED] - M4_spin_features_triggered = result_M4_spin: null

2019-08-10 23:56:09 - [TEST_STEP][PASSED] - wild = []: null

2019-08-10 23:56:09 - [TEST_STEP][PASSED] - wild[0] = "WILD_Expanding": null

2019-08-10 23:56:09 - [TEST_STEP][PASSED] - wild[1] = "WILD_Normal": null

2019-08-10 23:56:09 - [TEST_STEP][PASSED] - wild[2] = "WILD_Double": null

2019-08-10 23:56:09 - [TEST_STEP][PASSED] - wild[3] = "WILD_ExtraFG": null

2019-08-10 23:56:09 - [TEST_STEP][PASSED] - wild[4] = "WILD_Triple": null

2019-08-10 23:56:09 - [TEST_STEP][PASSED] - wildList = Arrays.asList(wild): null

2019-08-10 23:56:09 - [TEST_STEP][PASSED] - wildList = wildList: null

2019-08-10 23:56:09 - [TEST_STEP][PASSED] - free_spin_reel_counter = []: null

2019-08-10 23:56:09 - [TEST_STEP][PASSED] - free_spin_reel_counter[0] = 0: null

2019-08-10 23:56:09 - [TEST_STEP][PASSED] - free_spin_reel_counter[1] = 0: null

2019-08-10 23:56:09 - [TEST_STEP][PASSED] - free_spin_reel_counter[2] = 0: null

2019-08-10 23:56:09 - [TEST_STEP][PASSED] - M4_spin_reels = reels: null

2019-08-10 23:56:09 - [TEST_STEP][PASSED] - for ([i = 0, i &lt; M4_spin_reels.size(), (i++)]): null

2019-08-10 23:56:09 - [TEST_STEP][PASSED] - symbols = symbols: null

2019-08-10 23:56:09 - [TEST_STEP][PASSED] - for ([j = 0, j &lt; symbols.size(), (j++)]): null

2019-08-10 23:56:09 - [TEST_STEP][PASSED] - symbol = symbol: null

2019-08-10 23:56:09 - [TEST_STEP][PASSED] - println(symbol): null

2019-08-10 23:56:09 - [TEST_STEP][PASSED] - if (i == 2 &amp;&amp; wildList.indexOf(symbol) != -1): null

2019-08-10 23:56:09 - [TEST_STEP][PASSED] - if (i == 3 &amp;&amp; wildList.indexOf(symbol) != -1): null

2019-08-10 23:56:09 - [TEST_STEP][PASSED] - if (i == 4 &amp;&amp; wildList.indexOf(symbol) != -1): null

2019-08-10 23:56:09 - [TEST_STEP][PASSED] - symbol = symbol: null

2019-08-10 23:56:09 - [TEST_STEP][PASSED] - println(symbol): null

2019-08-10 23:56:09 - [TEST_STEP][PASSED] - if (i == 2 &amp;&amp; wildList.indexOf(symbol) != -1): null

2019-08-10 23:56:09 - [TEST_STEP][PASSED] - if (i == 3 &amp;&amp; wildList.indexOf(symbol) != -1): null

2019-08-10 23:56:09 - [TEST_STEP][PASSED] - if (i == 4 &amp;&amp; wildList.indexOf(symbol) != -1): null

2019-08-10 23:56:09 - [TEST_STEP][PASSED] - symbol = symbol: null

2019-08-10 23:56:09 - [TEST_STEP][PASSED] - println(symbol): null

2019-08-10 23:56:09 - [TEST_STEP][PASSED] - if (i == 2 &amp;&amp; wildList.indexOf(symbol) != -1): null

2019-08-10 23:56:09 - [TEST_STEP][PASSED] - if (i == 3 &amp;&amp; wildList.indexOf(symbol) != -1): null

2019-08-10 23:56:09 - [TEST_STEP][PASSED] - if (i == 4 &amp;&amp; wildList.indexOf(symbol) != -1): null

2019-08-10 23:56:09 - [TEST_STEP][PASSED] - symbols = symbols: null

2019-08-10 23:56:09 - [TEST_STEP][PASSED] - for ([j = 0, j &lt; symbols.size(), (j++)]): null

2019-08-10 23:56:09 - [TEST_STEP][PASSED] - symbol = symbol: null

2019-08-10 23:56:09 - [TEST_STEP][PASSED] - println(symbol): null

2019-08-10 23:56:09 - [TEST_STEP][PASSED] - if (i == 2 &amp;&amp; wildList.indexOf(symbol) != -1): null

2019-08-10 23:56:09 - [TEST_STEP][PASSED] - if (i == 3 &amp;&amp; wildList.indexOf(symbol) != -1): null

2019-08-10 23:56:09 - [TEST_STEP][PASSED] - if (i == 4 &amp;&amp; wildList.indexOf(symbol) != -1): null

2019-08-10 23:56:09 - [TEST_STEP][PASSED] - symbol = symbol: null

2019-08-10 23:56:09 - [TEST_STEP][PASSED] - println(symbol): null

2019-08-10 23:56:09 - [TEST_STEP][PASSED] - if (i == 2 &amp;&amp; wildList.indexOf(symbol) != -1): null

2019-08-10 23:56:09 - [TEST_STEP][PASSED] - if (i == 3 &amp;&amp; wildList.indexOf(symbol) != -1): null

2019-08-10 23:56:09 - [TEST_STEP][PASSED] - if (i == 4 &amp;&amp; wildList.indexOf(symbol) != -1): null

2019-08-10 23:56:09 - [TEST_STEP][PASSED] - symbol = symbol: null

2019-08-10 23:56:09 - [TEST_STEP][PASSED] - println(symbol): null

2019-08-10 23:56:09 - [TEST_STEP][PASSED] - if (i == 2 &amp;&amp; wildList.indexOf(symbol) != -1): null

2019-08-10 23:56:09 - [TEST_STEP][PASSED] - if (i == 3 &amp;&amp; wildList.indexOf(symbol) != -1): null

2019-08-10 23:56:09 - [TEST_STEP][PASSED] - if (i == 4 &amp;&amp; wildList.indexOf(symbol) != -1): null

2019-08-10 23:56:09 - [TEST_STEP][PASSED] - symbols = symbols: null

2019-08-10 23:56:09 - [TEST_STEP][PASSED] - for ([j = 0, j &lt; symbols.size(), (j++)]): null

2019-08-10 23:56:09 - [TEST_STEP][PASSED] - symbol = symbol: null

2019-08-10 23:56:09 - [TEST_STEP][PASSED] - println(symbol): null

2019-08-10 23:56:09 - [TEST_STEP][PASSED] - if (i == 2 &amp;&amp; wildList.indexOf(symbol) != -1): null

2019-08-10 23:56:09 - [TEST_STEP][PASSED] - if (i == 3 &amp;&amp; wildList.indexOf(symbol) != -1): null

2019-08-10 23:56:09 - [TEST_STEP][PASSED] - if (i == 4 &amp;&amp; wildList.indexOf(symbol) != -1): null

2019-08-10 23:56:09 - [TEST_STEP][PASSED] - symbol = symbol: null

2019-08-10 23:56:09 - [TEST_STEP][PASSED] - println(symbol): null

2019-08-10 23:56:09 - [TEST_STEP][PASSED] - if (i == 2 &amp;&amp; wildList.indexOf(symbol) != -1): null

2019-08-10 23:56:09 - [TEST_STEP][PASSED] - println("wild found on reel 3, adding counter by 1"): null

2019-08-10 23:56:09 - [TEST_STEP][PASSED] - free_spin_reel_counter[0] = free_spin_reel_counter[0] + 1: null

2019-08-10 23:56:09 - [TEST_STEP][PASSED] - if (i == 3 &amp;&amp; wildList.indexOf(symbol) != -1): null

2019-08-10 23:56:09 - [TEST_STEP][PASSED] - if (i == 4 &amp;&amp; wildList.indexOf(symbol) != -1): null

2019-08-10 23:56:09 - [TEST_STEP][PASSED] - symbol = symbol: null

2019-08-10 23:56:09 - [TEST_STEP][PASSED] - println(symbol): null

2019-08-10 23:56:09 - [TEST_STEP][PASSED] - if (i == 2 &amp;&amp; wildList.indexOf(symbol) != -1): null

2019-08-10 23:56:09 - [TEST_STEP][PASSED] - if (i == 3 &amp;&amp; wildList.indexOf(symbol) != -1): null

2019-08-10 23:56:09 - [TEST_STEP][PASSED] - if (i == 4 &amp;&amp; wildList.indexOf(symbol) != -1): null

2019-08-10 23:56:09 - [TEST_STEP][PASSED] - symbols = symbols: null

2019-08-10 23:56:09 - [TEST_STEP][PASSED] - for ([j = 0, j &lt; symbols.size(), (j++)]): null

2019-08-10 23:56:09 - [TEST_STEP][PASSED] - symbol = symbol: null

2019-08-10 23:56:09 - [TEST_STEP][PASSED] - println(symbol): null

2019-08-10 23:56:09 - [TEST_STEP][PASSED] - if (i == 2 &amp;&amp; wildList.indexOf(symbol) != -1): null

2019-08-10 23:56:09 - [TEST_STEP][PASSED] - if (i == 3 &amp;&amp; wildList.indexOf(symbol) != -1): null

2019-08-10 23:56:09 - [TEST_STEP][PASSED] - if (i == 4 &amp;&amp; wildList.indexOf(symbol) != -1): null

2019-08-10 23:56:09 - [TEST_STEP][PASSED] - symbol = symbol: null

2019-08-10 23:56:09 - [TEST_STEP][PASSED] - println(symbol): null

2019-08-10 23:56:09 - [TEST_STEP][PASSED] - if (i == 2 &amp;&amp; wildList.indexOf(symbol) != -1): null

2019-08-10 23:56:09 - [TEST_STEP][PASSED] - if (i == 3 &amp;&amp; wildList.indexOf(symbol) != -1): null

2019-08-10 23:56:09 - [TEST_STEP][PASSED] - if (i == 4 &amp;&amp; wildList.indexOf(symbol) != -1): null

2019-08-10 23:56:09 - [TEST_STEP][PASSED] - symbol = symbol: null

2019-08-10 23:56:09 - [TEST_STEP][PASSED] - println(symbol): null

2019-08-10 23:56:09 - [TEST_STEP][PASSED] - if (i == 2 &amp;&amp; wildList.indexOf(symbol) != -1): null

2019-08-10 23:56:09 - [TEST_STEP][PASSED] - if (i == 3 &amp;&amp; wildList.indexOf(symbol) != -1): null

2019-08-10 23:56:09 - [TEST_STEP][PASSED] - println("wild found on reel 4, adding counter by 1"): null

2019-08-10 23:56:09 - [TEST_STEP][PASSED] - free_spin_reel_counter[1] = free_spin_reel_counter[1] + 1: null

2019-08-10 23:56:09 - [TEST_STEP][PASSED] - if (i == 4 &amp;&amp; wildList.indexOf(symbol) != -1): null

2019-08-10 23:56:09 - [TEST_STEP][PASSED] - symbols = symbols: null

2019-08-10 23:56:09 - [TEST_STEP][PASSED] - for ([j = 0, j &lt; symbols.size(), (j++)]): null

2019-08-10 23:56:09 - [TEST_STEP][PASSED] - symbol = symbol: null

2019-08-10 23:56:09 - [TEST_STEP][PASSED] - println(symbol): null

2019-08-10 23:56:09 - [TEST_STEP][PASSED] - if (i == 2 &amp;&amp; wildList.indexOf(symbol) != -1): null

2019-08-10 23:56:09 - [TEST_STEP][PASSED] - if (i == 3 &amp;&amp; wildList.indexOf(symbol) != -1): null

2019-08-10 23:56:09 - [TEST_STEP][PASSED] - if (i == 4 &amp;&amp; wildList.indexOf(symbol) != -1): null

2019-08-10 23:56:09 - [TEST_STEP][PASSED] - symbol = symbol: null

2019-08-10 23:56:09 - [TEST_STEP][PASSED] - println(symbol): null

2019-08-10 23:56:09 - [TEST_STEP][PASSED] - if (i == 2 &amp;&amp; wildList.indexOf(symbol) != -1): null

2019-08-10 23:56:09 - [TEST_STEP][PASSED] - if (i == 3 &amp;&amp; wildList.indexOf(symbol) != -1): null

2019-08-10 23:56:09 - [TEST_STEP][PASSED] - if (i == 4 &amp;&amp; wildList.indexOf(symbol) != -1): null

2019-08-10 23:56:09 - [TEST_STEP][PASSED] - symbol = symbol: null

2019-08-10 23:56:09 - [TEST_STEP][PASSED] - println(symbol): null

2019-08-10 23:56:09 - [TEST_STEP][PASSED] - if (i == 2 &amp;&amp; wildList.indexOf(symbol) != -1): null

2019-08-10 23:56:09 - [TEST_STEP][PASSED] - if (i == 3 &amp;&amp; wildList.indexOf(symbol) != -1): null

2019-08-10 23:56:09 - [TEST_STEP][PASSED] - if (i == 4 &amp;&amp; wildList.indexOf(symbol) != -1): null

2019-08-10 23:56:09 - [TEST_STEP][PASSED] - free_spin_reel_counter = free_spin_reel_counter: null

2019-08-10 23:56:09 - [TEST_STEP][PASSED] - println("reel 3 wild found: " + free_spin_reel_counter[0]): null

2019-08-10 23:56:09 - [TEST_STEP][PASSED] - println("reel 4 wild found: " + free_spin_reel_counter[1]): null

2019-08-10 23:56:09 - [TEST_STEP][PASSED] - println("reel 5 wild found: " + free_spin_reel_counter[2]): null

2019-08-10 23:56:09 - [TEST_STEP][PASSED] - M4_spin_reels = M4_spin_reels: null

2019-08-10 23:56:09 - [TEST_STEP][PASSED] - M4_spin_reels_symbols = symbol: null

2019-08-10 23:56:09 - [TEST_STEP][PASSED] - M4_spin_reels_symbols = M4_spin_reels_symbols: null

2019-08-10 23:56:09 - [TEST_STEP][PASSED] - M4_spin_reel_wins = reel_wins: null

2019-08-10 23:56:09 - [TEST_STEP][PASSED] - M4_spin_reel_wins = M4_spin_reel_wins: null

2019-08-10 23:56:09 - [TEST_STEP][PASSED] - println("GlobalVariable.M4_spin_reel_wins is: " + M4_spin_reel_wins): null

2019-08-10 23:56:09 - [TEST_STEP][PASSED] - M4_spin_total_bonus_win_this_round = total_bonus_win_this_round: null

2019-08-10 23:56:09 - [TEST_STEP][PASSED] - M4_spin_total_bonus_win_this_round = M4_spin_total_bonus_win_this_round: null

2019-08-10 23:56:09 - [TEST_STEP][PASSED] - println("GlobalVariable.M4_spin_total_bonus_win_this_round is: " + M4_spin_total_bonus_win_this_round): null

2019-08-10 23:56:09 - [MESSAGE][PASSED] - Verify response successfully

2019-08-10 23:56:09 - [MESSAGE][PASSED] - Send request and verify the response successfully

2019-08-10 23:56:09 - [TEST_STEP][PASSED] - if (M4_total_bonus_spins_int != 0 &amp;&amp; M4_spin_reels_symbols[2].contains("WILD_Double") || M4_spin_reels_symbols[4].contains("WILD_Triple")): null

2019-08-10 23:56:09 - [TEST_STEP][PASSED] - free_spin_reel_counter = free_spin_reel_counter: null

2019-08-10 23:56:09 - [TEST_STEP][PASSED] - M4_spin_reels_symbols = M4_spin_reels_symbols: null

2019-08-10 23:56:09 - [TEST_STEP][PASSED] - M4_total_bonus_spins = M4_total_bonus_spins: null

2019-08-10 23:56:09 - [TEST_STEP][PASSED] - spin_result = sendRequestAndVerify(findTestObject("RGS(M4)/1_M4_spin", ["M4_login_user_id":M4_login_user_id, "rgs_session_token":rgs_session_token, "partner":Partner])): Send request and verify the response successfully

2019-08-10 23:56:10 - [TEST_CASE][PASSED] - Start Test Case : Verification: Verification accomplished successfully

2019-08-10 23:56:10 - [TEST_STEP][PASSED] - request = getInstance().getCurrentRequest(): null

2019-08-10 23:56:10 - [TEST_STEP][PASSED] - response = getInstance().getCurrentResponse(): null

2019-08-10 23:56:10 - [TEST_STEP][PASSED] - verifyResponseStatusCode(response, 200): Verify response status code successfully

2019-08-10 23:56:10 - [MESSAGE][PASSED] - Verify response status code successfully

2019-08-10 23:56:10 - [TEST_STEP][PASSED] - getStatusCode()).isEqualTo(200): null

2019-08-10 23:56:10 - [TEST_STEP][PASSED] - newline = System.getProperty("line.separator"): null

2019-08-10 23:56:10 - [TEST_STEP][PASSED] - M4_spin = new groovy.json.JsonSlurper(): null

2019-08-10 23:56:10 - [TEST_STEP][PASSED] - result_M4_spin = M4_spin.parseText(response.getResponseBodyContent()): null

2019-08-10 23:56:10 - [TEST_STEP][PASSED] - M4_spin_current_balance = current_balance: null

2019-08-10 23:56:10 - [TEST_STEP][PASSED] - M4_spin_current_balance = M4_spin_current_balance: null

2019-08-10 23:56:10 - [TEST_STEP][PASSED] - M4_spin_transaction_id = causality: null

2019-08-10 23:56:10 - [TEST_STEP][PASSED] - M4_spin_transaction_id = M4_spin_transaction_id: null

2019-08-10 23:56:10 - [TEST_STEP][PASSED] - M4_spin_round_id = round_id: null

2019-08-10 23:56:10 - [TEST_STEP][PASSED] - M4_spin_round_id = M4_spin_round_id: null

2019-08-10 23:56:10 - [TEST_STEP][PASSED] - M4_spin_line_wins = line_wins: null

2019-08-10 23:56:10 - [TEST_STEP][PASSED] - M4_spin_line_wins = M4_spin_line_wins: null

2019-08-10 23:56:10 - [TEST_STEP][PASSED] - M4_total_bonus_spins_int = total_bonus_spins: null

2019-08-10 23:56:10 - [TEST_STEP][PASSED] - println("******M4_total_bonus_spins type is:*******" + newline + getClass().getName()): null

2019-08-10 23:56:10 - [TEST_STEP][PASSED] - M4_total_bonus_spins_int = M4_total_bonus_spins_int: null

2019-08-10 23:56:10 - [TEST_STEP][PASSED] - M4_total_bonus_spins = Integer.toString(M4_total_bonus_spins_int): null

2019-08-10 23:56:10 - [TEST_STEP][PASSED] - M4_total_bonus_spins = M4_total_bonus_spins: null

2019-08-10 23:56:10 - [TEST_STEP][PASSED] - println("M4_total_bonus_spins is:" + M4_total_bonus_spins): null

2019-08-10 23:56:10 - [TEST_STEP][PASSED] - M4_spin_bonus_data = bonus_data: null

2019-08-10 23:56:10 - [TEST_STEP][PASSED] - M4_spin_features_triggered = result_M4_spin: null

2019-08-10 23:56:10 - [TEST_STEP][PASSED] - wild = []: null

2019-08-10 23:56:10 - [TEST_STEP][PASSED] - wild[0] = "WILD_Expanding": null

2019-08-10 23:56:10 - [TEST_STEP][PASSED] - wild[1] = "WILD_Normal": null

2019-08-10 23:56:10 - [TEST_STEP][PASSED] - wild[2] = "WILD_Double": null

2019-08-10 23:56:10 - [TEST_STEP][PASSED] - wild[3] = "WILD_ExtraFG": null

2019-08-10 23:56:10 - [TEST_STEP][PASSED] - wild[4] = "WILD_Triple": null

2019-08-10 23:56:10 - [TEST_STEP][PASSED] - wildList = Arrays.asList(wild): null

2019-08-10 23:56:10 - [TEST_STEP][PASSED] - wildList = wildList: null

2019-08-10 23:56:10 - [TEST_STEP][PASSED] - free_spin_reel_counter = []: null

2019-08-10 23:56:10 - [TEST_STEP][PASSED] - free_spin_reel_counter[0] = 0: null

2019-08-10 23:56:10 - [TEST_STEP][PASSED] - free_spin_reel_counter[1] = 0: null

2019-08-10 23:56:10 - [TEST_STEP][PASSED] - free_spin_reel_counter[2] = 0: null

2019-08-10 23:56:10 - [TEST_STEP][PASSED] - M4_spin_reels = reels: null

2019-08-10 23:56:10 - [TEST_STEP][PASSED] - for ([i = 0, i &lt; M4_spin_reels.size(), (i++)]): null

2019-08-10 23:56:10 - [TEST_STEP][PASSED] - symbols = symbols: null

2019-08-10 23:56:10 - [TEST_STEP][PASSED] - for ([j = 0, j &lt; symbols.size(), (j++)]): null

2019-08-10 23:56:10 - [TEST_STEP][PASSED] - symbol = symbol: null

2019-08-10 23:56:10 - [TEST_STEP][PASSED] - println(symbol): null

2019-08-10 23:56:10 - [TEST_STEP][PASSED] - if (i == 2 &amp;&amp; wildList.indexOf(symbol) != -1): null

2019-08-10 23:56:10 - [TEST_STEP][PASSED] - if (i == 3 &amp;&amp; wildList.indexOf(symbol) != -1): null

2019-08-10 23:56:10 - [TEST_STEP][PASSED] - if (i == 4 &amp;&amp; wildList.indexOf(symbol) != -1): null

2019-08-10 23:56:10 - [TEST_STEP][PASSED] - symbol = symbol: null

2019-08-10 23:56:10 - [TEST_STEP][PASSED] - println(symbol): null

2019-08-10 23:56:10 - [TEST_STEP][PASSED] - if (i == 2 &amp;&amp; wildList.indexOf(symbol) != -1): null

2019-08-10 23:56:10 - [TEST_STEP][PASSED] - if (i == 3 &amp;&amp; wildList.indexOf(symbol) != -1): null

2019-08-10 23:56:10 - [TEST_STEP][PASSED] - if (i == 4 &amp;&amp; wildList.indexOf(symbol) != -1): null

2019-08-10 23:56:10 - [TEST_STEP][PASSED] - symbol = symbol: null

2019-08-10 23:56:10 - [TEST_STEP][PASSED] - println(symbol): null

2019-08-10 23:56:10 - [TEST_STEP][PASSED] - if (i == 2 &amp;&amp; wildList.indexOf(symbol) != -1): null

2019-08-10 23:56:10 - [TEST_STEP][PASSED] - if (i == 3 &amp;&amp; wildList.indexOf(symbol) != -1): null

2019-08-10 23:56:10 - [TEST_STEP][PASSED] - if (i == 4 &amp;&amp; wildList.indexOf(symbol) != -1): null

2019-08-10 23:56:10 - [TEST_STEP][PASSED] - symbols = symbols: null

2019-08-10 23:56:10 - [TEST_STEP][PASSED] - for ([j = 0, j &lt; symbols.size(), (j++)]): null

2019-08-10 23:56:10 - [TEST_STEP][PASSED] - symbol = symbol: null

2019-08-10 23:56:10 - [TEST_STEP][PASSED] - println(symbol): null

2019-08-10 23:56:10 - [TEST_STEP][PASSED] - if (i == 2 &amp;&amp; wildList.indexOf(symbol) != -1): null

2019-08-10 23:56:10 - [TEST_STEP][PASSED] - if (i == 3 &amp;&amp; wildList.indexOf(symbol) != -1): null

2019-08-10 23:56:10 - [TEST_STEP][PASSED] - if (i == 4 &amp;&amp; wildList.indexOf(symbol) != -1): null

2019-08-10 23:56:10 - [TEST_STEP][PASSED] - symbol = symbol: null

2019-08-10 23:56:10 - [TEST_STEP][PASSED] - println(symbol): null

2019-08-10 23:56:10 - [TEST_STEP][PASSED] - if (i == 2 &amp;&amp; wildList.indexOf(symbol) != -1): null

2019-08-10 23:56:10 - [TEST_STEP][PASSED] - if (i == 3 &amp;&amp; wildList.indexOf(symbol) != -1): null

2019-08-10 23:56:10 - [TEST_STEP][PASSED] - if (i == 4 &amp;&amp; wildList.indexOf(symbol) != -1): null

2019-08-10 23:56:10 - [TEST_STEP][PASSED] - symbol = symbol: null

2019-08-10 23:56:10 - [TEST_STEP][PASSED] - println(symbol): null

2019-08-10 23:56:10 - [TEST_STEP][PASSED] - if (i == 2 &amp;&amp; wildList.indexOf(symbol) != -1): null

2019-08-10 23:56:10 - [TEST_STEP][PASSED] - if (i == 3 &amp;&amp; wildList.indexOf(symbol) != -1): null

2019-08-10 23:56:10 - [TEST_STEP][PASSED] - if (i == 4 &amp;&amp; wildList.indexOf(symbol) != -1): null

2019-08-10 23:56:10 - [TEST_STEP][PASSED] - symbols = symbols: null

2019-08-10 23:56:10 - [TEST_STEP][PASSED] - for ([j = 0, j &lt; symbols.size(), (j++)]): null

2019-08-10 23:56:10 - [TEST_STEP][PASSED] - symbol = symbol: null

2019-08-10 23:56:10 - [TEST_STEP][PASSED] - println(symbol): null

2019-08-10 23:56:10 - [TEST_STEP][PASSED] - if (i == 2 &amp;&amp; wildList.indexOf(symbol) != -1): null

2019-08-10 23:56:10 - [TEST_STEP][PASSED] - if (i == 3 &amp;&amp; wildList.indexOf(symbol) != -1): null

2019-08-10 23:56:10 - [TEST_STEP][PASSED] - if (i == 4 &amp;&amp; wildList.indexOf(symbol) != -1): null

2019-08-10 23:56:10 - [TEST_STEP][PASSED] - symbol = symbol: null

2019-08-10 23:56:10 - [TEST_STEP][PASSED] - println(symbol): null

2019-08-10 23:56:10 - [TEST_STEP][PASSED] - if (i == 2 &amp;&amp; wildList.indexOf(symbol) != -1): null

2019-08-10 23:56:10 - [TEST_STEP][PASSED] - if (i == 3 &amp;&amp; wildList.indexOf(symbol) != -1): null

2019-08-10 23:56:10 - [TEST_STEP][PASSED] - if (i == 4 &amp;&amp; wildList.indexOf(symbol) != -1): null

2019-08-10 23:56:10 - [TEST_STEP][PASSED] - symbol = symbol: null

2019-08-10 23:56:10 - [TEST_STEP][PASSED] - println(symbol): null

2019-08-10 23:56:10 - [TEST_STEP][PASSED] - if (i == 2 &amp;&amp; wildList.indexOf(symbol) != -1): null

2019-08-10 23:56:10 - [TEST_STEP][PASSED] - if (i == 3 &amp;&amp; wildList.indexOf(symbol) != -1): null

2019-08-10 23:56:10 - [TEST_STEP][PASSED] - if (i == 4 &amp;&amp; wildList.indexOf(symbol) != -1): null

2019-08-10 23:56:10 - [TEST_STEP][PASSED] - symbols = symbols: null

2019-08-10 23:56:10 - [TEST_STEP][PASSED] - for ([j = 0, j &lt; symbols.size(), (j++)]): null

2019-08-10 23:56:10 - [TEST_STEP][PASSED] - symbol = symbol: null

2019-08-10 23:56:10 - [TEST_STEP][PASSED] - println(symbol): null

2019-08-10 23:56:10 - [TEST_STEP][PASSED] - if (i == 2 &amp;&amp; wildList.indexOf(symbol) != -1): null

2019-08-10 23:56:10 - [TEST_STEP][PASSED] - if (i == 3 &amp;&amp; wildList.indexOf(symbol) != -1): null

2019-08-10 23:56:10 - [TEST_STEP][PASSED] - if (i == 4 &amp;&amp; wildList.indexOf(symbol) != -1): null

2019-08-10 23:56:10 - [TEST_STEP][PASSED] - symbol = symbol: null

2019-08-10 23:56:10 - [TEST_STEP][PASSED] - println(symbol): null

2019-08-10 23:56:10 - [TEST_STEP][PASSED] - if (i == 2 &amp;&amp; wildList.indexOf(symbol) != -1): null

2019-08-10 23:56:10 - [TEST_STEP][PASSED] - if (i == 3 &amp;&amp; wildList.indexOf(symbol) != -1): null

2019-08-10 23:56:10 - [TEST_STEP][PASSED] - if (i == 4 &amp;&amp; wildList.indexOf(symbol) != -1): null

2019-08-10 23:56:10 - [TEST_STEP][PASSED] - symbol = symbol: null

2019-08-10 23:56:10 - [TEST_STEP][PASSED] - println(symbol): null

2019-08-10 23:56:10 - [TEST_STEP][PASSED] - if (i == 2 &amp;&amp; wildList.indexOf(symbol) != -1): null

2019-08-10 23:56:10 - [TEST_STEP][PASSED] - if (i == 3 &amp;&amp; wildList.indexOf(symbol) != -1): null

2019-08-10 23:56:10 - [TEST_STEP][PASSED] - if (i == 4 &amp;&amp; wildList.indexOf(symbol) != -1): null

2019-08-10 23:56:10 - [TEST_STEP][PASSED] - symbols = symbols: null

2019-08-10 23:56:10 - [TEST_STEP][PASSED] - for ([j = 0, j &lt; symbols.size(), (j++)]): null

2019-08-10 23:56:10 - [TEST_STEP][PASSED] - symbol = symbol: null

2019-08-10 23:56:10 - [TEST_STEP][PASSED] - println(symbol): null

2019-08-10 23:56:10 - [TEST_STEP][PASSED] - if (i == 2 &amp;&amp; wildList.indexOf(symbol) != -1): null

2019-08-10 23:56:10 - [TEST_STEP][PASSED] - if (i == 3 &amp;&amp; wildList.indexOf(symbol) != -1): null

2019-08-10 23:56:10 - [TEST_STEP][PASSED] - if (i == 4 &amp;&amp; wildList.indexOf(symbol) != -1): null

2019-08-10 23:56:10 - [TEST_STEP][PASSED] - symbol = symbol: null

2019-08-10 23:56:13 - [TEST_STEP][PASSED] - println(symbol): null

2019-08-10 23:56:13 - [TEST_STEP][PASSED] - if (i == 2 &amp;&amp; wildList.indexOf(symbol) != -1): null

2019-08-10 23:56:13 - [TEST_STEP][PASSED] - if (i == 3 &amp;&amp; wildList.indexOf(symbol) != -1): null

2019-08-10 23:56:13 - [TEST_STEP][PASSED] - if (i == 4 &amp;&amp; wildList.indexOf(symbol) != -1): null

2019-08-10 23:56:13 - [TEST_STEP][PASSED] - symbol = symbol: null

2019-08-10 23:56:13 - [TEST_STEP][PASSED] - println(symbol): null

2019-08-10 23:56:13 - [TEST_STEP][PASSED] - if (i == 2 &amp;&amp; wildList.indexOf(symbol) != -1): null

2019-08-10 23:56:13 - [TEST_STEP][PASSED] - if (i == 3 &amp;&amp; wildList.indexOf(symbol) != -1): null

2019-08-10 23:56:13 - [TEST_STEP][PASSED] - if (i == 4 &amp;&amp; wildList.indexOf(symbol) != -1): null

2019-08-10 23:56:13 - [TEST_STEP][PASSED] - free_spin_reel_counter = free_spin_reel_counter: null

2019-08-10 23:56:13 - [TEST_STEP][PASSED] - println("reel 3 wild found: " + free_spin_reel_counter[0]): null

2019-08-10 23:56:13 - [TEST_STEP][PASSED] - println("reel 4 wild found: " + free_spin_reel_counter[1]): null

2019-08-10 23:56:13 - [TEST_STEP][PASSED] - println("reel 5 wild found: " + free_spin_reel_counter[2]): null

2019-08-10 23:56:13 - [TEST_STEP][PASSED] - M4_spin_reels = M4_spin_reels: null

2019-08-10 23:56:13 - [TEST_STEP][PASSED] - M4_spin_reels_symbols = symbol: null

2019-08-10 23:56:13 - [TEST_STEP][PASSED] - M4_spin_reels_symbols = M4_spin_reels_symbols: null

2019-08-10 23:56:13 - [TEST_STEP][PASSED] - M4_spin_reel_wins = reel_wins: null

2019-08-10 23:56:13 - [TEST_STEP][PASSED] - M4_spin_reel_wins = M4_spin_reel_wins: null

2019-08-10 23:56:13 - [TEST_STEP][PASSED] - println("GlobalVariable.M4_spin_reel_wins is: " + M4_spin_reel_wins): null

2019-08-10 23:56:13 - [TEST_STEP][PASSED] - M4_spin_total_bonus_win_this_round = total_bonus_win_this_round: null

2019-08-10 23:56:13 - [TEST_STEP][PASSED] - M4_spin_total_bonus_win_this_round = M4_spin_total_bonus_win_this_round: null

2019-08-10 23:56:13 - [TEST_STEP][PASSED] - println("GlobalVariable.M4_spin_total_bonus_win_this_round is: " + M4_spin_total_bonus_win_this_round): null

2019-08-10 23:56:13 - [MESSAGE][PASSED] - Verify response successfully

2019-08-10 23:56:13 - [MESSAGE][PASSED] - Send request and verify the response successfully

2019-08-10 23:56:13 - [TEST_STEP][PASSED] - if (M4_total_bonus_spins_int != 0 &amp;&amp; M4_spin_reels_symbols[2].contains("WILD_Double") || M4_spin_reels_symbols[4].contains("WILD_Triple")): null

2019-08-10 23:56:13 - [TEST_STEP][PASSED] - free_spin_reel_counter = free_spin_reel_counter: null

2019-08-10 23:56:13 - [TEST_STEP][PASSED] - M4_spin_reels_symbols = M4_spin_reels_symbols: null

2019-08-10 23:56:13 - [TEST_STEP][PASSED] - M4_total_bonus_spins = M4_total_bonus_spins: null

2019-08-10 23:56:13 - [TEST_STEP][PASSED] - spin_result = sendRequestAndVerify(findTestObject("RGS(M4)/1_M4_spin", ["M4_login_user_id":M4_login_user_id, "rgs_session_token":rgs_session_token, "partner":Partner])): Send request and verify the response successfully

2019-08-10 23:56:13 - [TEST_CASE][PASSED] - Start Test Case : Verification: Verification accomplished successfully

2019-08-10 23:56:14 - [TEST_STEP][PASSED] - request = getInstance().getCurrentRequest(): null

2019-08-10 23:56:14 - [TEST_STEP][PASSED] - response = getInstance().getCurrentResponse(): null

2019-08-10 23:56:14 - [TEST_STEP][PASSED] - verifyResponseStatusCode(response, 200): Verify response status code successfully

2019-08-10 23:56:14 - [MESSAGE][PASSED] - Verify response status code successfully

2019-08-10 23:56:14 - [TEST_STEP][PASSED] - getStatusCode()).isEqualTo(200): null

2019-08-10 23:56:14 - [TEST_STEP][PASSED] - newline = System.getProperty("line.separator"): null

2019-08-10 23:56:14 - [TEST_STEP][PASSED] - M4_spin = new groovy.json.JsonSlurper(): null

2019-08-10 23:56:14 - [TEST_STEP][PASSED] - result_M4_spin = M4_spin.parseText(response.getResponseBodyContent()): null

2019-08-10 23:56:14 - [TEST_STEP][PASSED] - M4_spin_current_balance = current_balance: null

2019-08-10 23:56:14 - [TEST_STEP][PASSED] - M4_spin_current_balance = M4_spin_current_balance: null

2019-08-10 23:56:14 - [TEST_STEP][PASSED] - M4_spin_transaction_id = causality: null

2019-08-10 23:56:14 - [TEST_STEP][PASSED] - M4_spin_transaction_id = M4_spin_transaction_id: null

2019-08-10 23:56:14 - [TEST_STEP][PASSED] - M4_spin_round_id = round_id: null

2019-08-10 23:56:14 - [TEST_STEP][PASSED] - M4_spin_round_id = M4_spin_round_id: null

2019-08-10 23:56:14 - [TEST_STEP][PASSED] - M4_spin_line_wins = line_wins: null

2019-08-10 23:56:14 - [TEST_STEP][PASSED] - M4_spin_line_wins = M4_spin_line_wins: null

2019-08-10 23:56:14 - [TEST_STEP][PASSED] - M4_total_bonus_spins_int = total_bonus_spins: null

2019-08-10 23:56:14 - [TEST_STEP][PASSED] - println("******M4_total_bonus_spins type is:*******" + newline + getClass().getName()): null

2019-08-10 23:56:14 - [TEST_STEP][PASSED] - M4_total_bonus_spins_int = M4_total_bonus_spins_int: null

2019-08-10 23:56:14 - [TEST_STEP][PASSED] - M4_total_bonus_spins = Integer.toString(M4_total_bonus_spins_int): null

2019-08-10 23:56:14 - [TEST_STEP][PASSED] - M4_total_bonus_spins = M4_total_bonus_spins: null

2019-08-10 23:56:14 - [TEST_STEP][PASSED] - println("M4_total_bonus_spins is:" + M4_total_bonus_spins): null

2019-08-10 23:56:14 - [TEST_STEP][PASSED] - M4_spin_bonus_data = bonus_data: null

2019-08-10 23:56:14 - [TEST_STEP][PASSED] - M4_spin_features_triggered = result_M4_spin: null

2019-08-10 23:56:14 - [TEST_STEP][PASSED] - wild = []: null

2019-08-10 23:56:14 - [TEST_STEP][PASSED] - wild[0] = "WILD_Expanding": null

2019-08-10 23:56:14 - [TEST_STEP][PASSED] - wild[1] = "WILD_Normal": null

2019-08-10 23:56:14 - [TEST_STEP][PASSED] - wild[2] = "WILD_Double": null

2019-08-10 23:56:14 - [TEST_STEP][PASSED] - wild[3] = "WILD_ExtraFG": null

2019-08-10 23:56:14 - [TEST_STEP][PASSED] - wild[4] = "WILD_Triple": null

2019-08-10 23:56:14 - [TEST_STEP][PASSED] - wildList = Arrays.asList(wild): null

2019-08-10 23:56:14 - [TEST_STEP][PASSED] - wildList = wildList: null

2019-08-10 23:56:14 - [TEST_STEP][PASSED] - free_spin_reel_counter = []: null

2019-08-10 23:56:14 - [TEST_STEP][PASSED] - free_spin_reel_counter[0] = 0: null

2019-08-10 23:56:14 - [TEST_STEP][PASSED] - free_spin_reel_counter[1] = 0: null

2019-08-10 23:56:14 - [TEST_STEP][PASSED] - free_spin_reel_counter[2] = 0: null

2019-08-10 23:56:14 - [TEST_STEP][PASSED] - M4_spin_reels = reels: null

2019-08-10 23:56:14 - [TEST_STEP][PASSED] - for ([i = 0, i &lt; M4_spin_reels.size(), (i++)]): null

2019-08-10 23:56:14 - [TEST_STEP][PASSED] - symbols = symbols: null

2019-08-10 23:56:14 - [TEST_STEP][PASSED] - for ([j = 0, j &lt; symbols.size(), (j++)]): null

2019-08-10 23:56:14 - [TEST_STEP][PASSED] - symbol = symbol: null

2019-08-10 23:56:14 - [TEST_STEP][PASSED] - println(symbol): null

2019-08-10 23:56:14 - [TEST_STEP][PASSED] - if (i == 2 &amp;&amp; wildList.indexOf(symbol) != -1): null

2019-08-10 23:56:14 - [TEST_STEP][PASSED] - if (i == 3 &amp;&amp; wildList.indexOf(symbol) != -1): null

2019-08-10 23:56:14 - [TEST_STEP][PASSED] - if (i == 4 &amp;&amp; wildList.indexOf(symbol) != -1): null

2019-08-10 23:56:14 - [TEST_STEP][PASSED] - symbol = symbol: null

2019-08-10 23:56:14 - [TEST_STEP][PASSED] - println(symbol): null

2019-08-10 23:56:14 - [TEST_STEP][PASSED] - if (i == 2 &amp;&amp; wildList.indexOf(symbol) != -1): null

2019-08-10 23:56:14 - [TEST_STEP][PASSED] - if (i == 3 &amp;&amp; wildList.indexOf(symbol) != -1): null

2019-08-10 23:56:14 - [TEST_STEP][PASSED] - if (i == 4 &amp;&amp; wildList.indexOf(symbol) != -1): null

2019-08-10 23:56:14 - [TEST_STEP][PASSED] - symbol = symbol: null

2019-08-10 23:56:14 - [TEST_STEP][PASSED] - println(symbol): null

2019-08-10 23:56:14 - [TEST_STEP][PASSED] - if (i == 2 &amp;&amp; wildList.indexOf(symbol) != -1): null

2019-08-10 23:56:14 - [TEST_STEP][PASSED] - if (i == 3 &amp;&amp; wildList.indexOf(symbol) != -1): null

2019-08-10 23:56:14 - [TEST_STEP][PASSED] - if (i == 4 &amp;&amp; wildList.indexOf(symbol) != -1): null

2019-08-10 23:56:14 - [TEST_STEP][PASSED] - symbols = symbols: null

2019-08-10 23:56:14 - [TEST_STEP][PASSED] - for ([j = 0, j &lt; symbols.size(), (j++)]): null

2019-08-10 23:56:14 - [TEST_STEP][PASSED] - symbol = symbol: null

2019-08-10 23:56:14 - [TEST_STEP][PASSED] - println(symbol): null

2019-08-10 23:56:14 - [TEST_STEP][PASSED] - if (i == 2 &amp;&amp; wildList.indexOf(symbol) != -1): null

2019-08-10 23:56:14 - [TEST_STEP][PASSED] - if (i == 3 &amp;&amp; wildList.indexOf(symbol) != -1): null

2019-08-10 23:56:14 - [TEST_STEP][PASSED] - if (i == 4 &amp;&amp; wildList.indexOf(symbol) != -1): null

2019-08-10 23:56:14 - [TEST_STEP][PASSED] - symbol = symbol: null

2019-08-10 23:56:14 - [TEST_STEP][PASSED] - println(symbol): null

2019-08-10 23:56:14 - [TEST_STEP][PASSED] - if (i == 2 &amp;&amp; wildList.indexOf(symbol) != -1): null

2019-08-10 23:56:14 - [TEST_STEP][PASSED] - if (i == 3 &amp;&amp; wildList.indexOf(symbol) != -1): null

2019-08-10 23:56:14 - [TEST_STEP][PASSED] - if (i == 4 &amp;&amp; wildList.indexOf(symbol) != -1): null

2019-08-10 23:56:14 - [TEST_STEP][PASSED] - symbol = symbol: null

2019-08-10 23:56:14 - [TEST_STEP][PASSED] - println(symbol): null

2019-08-10 23:56:14 - [TEST_STEP][PASSED] - if (i == 2 &amp;&amp; wildList.indexOf(symbol) != -1): null

2019-08-10 23:56:14 - [TEST_STEP][PASSED] - if (i == 3 &amp;&amp; wildList.indexOf(symbol) != -1): null

2019-08-10 23:56:14 - [TEST_STEP][PASSED] - if (i == 4 &amp;&amp; wildList.indexOf(symbol) != -1): null

2019-08-10 23:56:14 - [TEST_STEP][PASSED] - symbols = symbols: null

2019-08-10 23:56:14 - [TEST_STEP][PASSED] - for ([j = 0, j &lt; symbols.size(), (j++)]): null

2019-08-10 23:56:14 - [TEST_STEP][PASSED] - symbol = symbol: null

2019-08-10 23:56:14 - [TEST_STEP][PASSED] - println(symbol): null

2019-08-10 23:56:14 - [TEST_STEP][PASSED] - if (i == 2 &amp;&amp; wildList.indexOf(symbol) != -1): null

2019-08-10 23:56:14 - [TEST_STEP][PASSED] - println("wild found on reel 3, adding counter by 1"): null

2019-08-10 23:56:14 - [TEST_STEP][PASSED] - free_spin_reel_counter[0] = free_spin_reel_counter[0] + 1: null

2019-08-10 23:56:14 - [TEST_STEP][PASSED] - if (i == 3 &amp;&amp; wildList.indexOf(symbol) != -1): null

2019-08-10 23:56:14 - [TEST_STEP][PASSED] - if (i == 4 &amp;&amp; wildList.indexOf(symbol) != -1): null

2019-08-10 23:56:14 - [TEST_STEP][PASSED] - symbol = symbol: null

2019-08-10 23:56:14 - [TEST_STEP][PASSED] - println(symbol): null

2019-08-10 23:56:14 - [TEST_STEP][PASSED] - if (i == 2 &amp;&amp; wildList.indexOf(symbol) != -1): null

2019-08-10 23:56:14 - [TEST_STEP][PASSED] - if (i == 3 &amp;&amp; wildList.indexOf(symbol) != -1): null

2019-08-10 23:56:14 - [TEST_STEP][PASSED] - if (i == 4 &amp;&amp; wildList.indexOf(symbol) != -1): null

2019-08-10 23:56:14 - [TEST_STEP][PASSED] - symbol = symbol: null

2019-08-10 23:56:14 - [TEST_STEP][PASSED] - println(symbol): null

2019-08-10 23:56:14 - [TEST_STEP][PASSED] - if (i == 2 &amp;&amp; wildList.indexOf(symbol) != -1): null

2019-08-10 23:56:14 - [TEST_STEP][PASSED] - if (i == 3 &amp;&amp; wildList.indexOf(symbol) != -1): null

2019-08-10 23:56:14 - [TEST_STEP][PASSED] - if (i == 4 &amp;&amp; wildList.indexOf(symbol) != -1): null

2019-08-10 23:56:14 - [TEST_STEP][PASSED] - symbols = symbols: null

2019-08-10 23:56:14 - [TEST_STEP][PASSED] - for ([j = 0, j &lt; symbols.size(), (j++)]): null

2019-08-10 23:56:14 - [TEST_STEP][PASSED] - symbol = symbol: null

2019-08-10 23:56:14 - [TEST_STEP][PASSED] - println(symbol): null

2019-08-10 23:56:14 - [TEST_STEP][PASSED] - if (i == 2 &amp;&amp; wildList.indexOf(symbol) != -1): null

2019-08-10 23:56:14 - [TEST_STEP][PASSED] - if (i == 3 &amp;&amp; wildList.indexOf(symbol) != -1): null

2019-08-10 23:56:14 - [TEST_STEP][PASSED] - if (i == 4 &amp;&amp; wildList.indexOf(symbol) != -1): null

2019-08-10 23:56:14 - [TEST_STEP][PASSED] - symbol = symbol: null

2019-08-10 23:56:14 - [TEST_STEP][PASSED] - println(symbol): null

2019-08-10 23:56:14 - [TEST_STEP][PASSED] - if (i == 2 &amp;&amp; wildList.indexOf(symbol) != -1): null

2019-08-10 23:56:14 - [TEST_STEP][PASSED] - if (i == 3 &amp;&amp; wildList.indexOf(symbol) != -1): null

2019-08-10 23:56:14 - [TEST_STEP][PASSED] - if (i == 4 &amp;&amp; wildList.indexOf(symbol) != -1): null

2019-08-10 23:56:14 - [TEST_STEP][PASSED] - symbol = symbol: null

2019-08-10 23:56:14 - [TEST_STEP][PASSED] - println(symbol): null

2019-08-10 23:56:14 - [TEST_STEP][PASSED] - if (i == 2 &amp;&amp; wildList.indexOf(symbol) != -1): null

2019-08-10 23:56:14 - [TEST_STEP][PASSED] - if (i == 3 &amp;&amp; wildList.indexOf(symbol) != -1): null

2019-08-10 23:56:14 - [TEST_STEP][PASSED] - if (i == 4 &amp;&amp; wildList.indexOf(symbol) != -1): null

2019-08-10 23:56:14 - [TEST_STEP][PASSED] - symbols = symbols: null

2019-08-10 23:56:14 - [TEST_STEP][PASSED] - for ([j = 0, j &lt; symbols.size(), (j++)]): null

2019-08-10 23:56:14 - [TEST_STEP][PASSED] - symbol = symbol: null

2019-08-10 23:56:14 - [TEST_STEP][PASSED] - println(symbol): null

2019-08-10 23:56:14 - [TEST_STEP][PASSED] - if (i == 2 &amp;&amp; wildList.indexOf(symbol) != -1): null

2019-08-10 23:56:14 - [TEST_STEP][PASSED] - if (i == 3 &amp;&amp; wildList.indexOf(symbol) != -1): null

2019-08-10 23:56:14 - [TEST_STEP][PASSED] - if (i == 4 &amp;&amp; wildList.indexOf(symbol) != -1): null

2019-08-10 23:56:14 - [TEST_STEP][PASSED] - symbol = symbol: null

2019-08-10 23:56:14 - [TEST_STEP][PASSED] - println(symbol): null

2019-08-10 23:56:14 - [TEST_STEP][PASSED] - if (i == 2 &amp;&amp; wildList.indexOf(symbol) != -1): null

2019-08-10 23:56:14 - [TEST_STEP][PASSED] - if (i == 3 &amp;&amp; wildList.indexOf(symbol) != -1): null

2019-08-10 23:56:14 - [TEST_STEP][PASSED] - if (i == 4 &amp;&amp; wildList.indexOf(symbol) != -1): null

2019-08-10 23:56:14 - [TEST_STEP][PASSED] - symbol = symbol: null

2019-08-10 23:56:14 - [TEST_STEP][PASSED] - println(symbol): null

2019-08-10 23:56:14 - [TEST_STEP][PASSED] - if (i == 2 &amp;&amp; wildList.indexOf(symbol) != -1): null

2019-08-10 23:56:14 - [TEST_STEP][PASSED] - if (i == 3 &amp;&amp; wildList.indexOf(symbol) != -1): null

2019-08-10 23:56:14 - [TEST_STEP][PASSED] - if (i == 4 &amp;&amp; wildList.indexOf(symbol) != -1): null

2019-08-10 23:56:14 - [TEST_STEP][PASSED] - free_spin_reel_counter = free_spin_reel_counter: null

2019-08-10 23:56:14 - [TEST_STEP][PASSED] - println("reel 3 wild found: " + free_spin_reel_counter[0]): null

2019-08-10 23:56:14 - [TEST_STEP][PASSED] - println("reel 4 wild found: " + free_spin_reel_counter[1]): null

2019-08-10 23:56:14 - [TEST_STEP][PASSED] - println("reel 5 wild found: " + free_spin_reel_counter[2]): null

2019-08-10 23:56:14 - [TEST_STEP][PASSED] - M4_spin_reels = M4_spin_reels: null

2019-08-10 23:56:14 - [TEST_STEP][PASSED] - M4_spin_reels_symbols = symbol: null

2019-08-10 23:56:14 - [TEST_STEP][PASSED] - M4_spin_reels_symbols = M4_spin_reels_symbols: null

2019-08-10 23:56:14 - [TEST_STEP][PASSED] - M4_spin_reel_wins = reel_wins: null

2019-08-10 23:56:14 - [TEST_STEP][PASSED] - M4_spin_reel_wins = M4_spin_reel_wins: null

2019-08-10 23:56:14 - [TEST_STEP][PASSED] - println("GlobalVariable.M4_spin_reel_wins is: " + M4_spin_reel_wins): null

2019-08-10 23:56:14 - [TEST_STEP][PASSED] - M4_spin_total_bonus_win_this_round = total_bonus_win_this_round: null

2019-08-10 23:56:14 - [TEST_STEP][PASSED] - M4_spin_total_bonus_win_this_round = M4_spin_total_bonus_win_this_round: null

2019-08-10 23:56:14 - [TEST_STEP][PASSED] - println("GlobalVariable.M4_spin_total_bonus_win_this_round is: " + M4_spin_total_bonus_win_this_round): null

2019-08-10 23:56:14 - [MESSAGE][PASSED] - Verify response successfully

2019-08-10 23:56:14 - [MESSAGE][PASSED] - Send request and verify the response successfully

2019-08-10 23:56:14 - [TEST_STEP][PASSED] - if (M4_total_bonus_spins_int != 0 &amp;&amp; M4_spin_reels_symbols[2].contains("WILD_Double") || M4_spin_reels_symbols[4].contains("WILD_Triple")): null

2019-08-10 23:56:14 - [TEST_STEP][PASSED] - free_spin_reel_counter = free_spin_reel_counter: null

2019-08-10 23:56:14 - [TEST_STEP][PASSED] - M4_spin_reels_symbols = M4_spin_reels_symbols: null

2019-08-10 23:56:14 - [TEST_STEP][PASSED] - M4_total_bonus_spins = M4_total_bonus_spins: null

2019-08-10 23:56:14 - [TEST_STEP][PASSED] - spin_result = sendRequestAndVerify(findTestObject("RGS(M4)/1_M4_spin", ["M4_login_user_id":M4_login_user_id, "rgs_session_token":rgs_session_token, "partner":Partner])): Send request and verify the response successfully

2019-08-10 23:56:14 - [TEST_CASE][PASSED] - Start Test Case : Verification: Verification accomplished successfully

2019-08-10 23:56:14 - [TEST_STEP][PASSED] - request = getInstance().getCurrentRequest(): null

2019-08-10 23:56:14 - [TEST_STEP][PASSED] - response = getInstance().getCurrentResponse(): null

2019-08-10 23:56:14 - [TEST_STEP][PASSED] - verifyResponseStatusCode(response, 200): Verify response status code successfully

2019-08-10 23:56:14 - [MESSAGE][PASSED] - Verify response status code successfully

2019-08-10 23:56:14 - [TEST_STEP][PASSED] - getStatusCode()).isEqualTo(200): null

2019-08-10 23:56:14 - [TEST_STEP][PASSED] - newline = System.getProperty("line.separator"): null

2019-08-10 23:56:14 - [TEST_STEP][PASSED] - M4_spin = new groovy.json.JsonSlurper(): null

2019-08-10 23:56:14 - [TEST_STEP][PASSED] - result_M4_spin = M4_spin.parseText(response.getResponseBodyContent()): null

2019-08-10 23:56:14 - [TEST_STEP][PASSED] - M4_spin_current_balance = current_balance: null

2019-08-10 23:56:14 - [TEST_STEP][PASSED] - M4_spin_current_balance = M4_spin_current_balance: null

2019-08-10 23:56:14 - [TEST_STEP][PASSED] - M4_spin_transaction_id = causality: null

2019-08-10 23:56:14 - [TEST_STEP][PASSED] - M4_spin_transaction_id = M4_spin_transaction_id: null

2019-08-10 23:56:14 - [TEST_STEP][PASSED] - M4_spin_round_id = round_id: null

2019-08-10 23:56:14 - [TEST_STEP][PASSED] - M4_spin_round_id = M4_spin_round_id: null

2019-08-10 23:56:14 - [TEST_STEP][PASSED] - M4_spin_line_wins = line_wins: null

2019-08-10 23:56:14 - [TEST_STEP][PASSED] - M4_spin_line_wins = M4_spin_line_wins: null

2019-08-10 23:56:14 - [TEST_STEP][PASSED] - M4_total_bonus_spins_int = total_bonus_spins: null

2019-08-10 23:56:14 - [TEST_STEP][PASSED] - println("******M4_total_bonus_spins type is:*******" + newline + getClass().getName()): null

2019-08-10 23:56:14 - [TEST_STEP][PASSED] - M4_total_bonus_spins_int = M4_total_bonus_spins_int: null

2019-08-10 23:56:14 - [TEST_STEP][PASSED] - M4_total_bonus_spins = Integer.toString(M4_total_bonus_spins_int): null

2019-08-10 23:56:14 - [TEST_STEP][PASSED] - M4_total_bonus_spins = M4_total_bonus_spins: null

2019-08-10 23:56:14 - [TEST_STEP][PASSED] - println("M4_total_bonus_spins is:" + M4_total_bonus_spins): null

2019-08-10 23:56:14 - [TEST_STEP][PASSED] - M4_spin_bonus_data = bonus_data: null

2019-08-10 23:56:14 - [TEST_STEP][PASSED] - M4_spin_features_triggered = result_M4_spin: null

2019-08-10 23:56:14 - [TEST_STEP][PASSED] - wild = []: null

2019-08-10 23:56:14 - [TEST_STEP][PASSED] - wild[0] = "WILD_Expanding": null

2019-08-10 23:56:14 - [TEST_STEP][PASSED] - wild[1] = "WILD_Normal": null

2019-08-10 23:56:14 - [TEST_STEP][PASSED] - wild[2] = "WILD_Double": null

2019-08-10 23:56:14 - [TEST_STEP][PASSED] - wild[3] = "WILD_ExtraFG": null

2019-08-10 23:56:14 - [TEST_STEP][PASSED] - wild[4] = "WILD_Triple": null

2019-08-10 23:56:14 - [TEST_STEP][PASSED] - wildList = Arrays.asList(wild): null

2019-08-10 23:56:14 - [TEST_STEP][PASSED] - wildList = wildList: null

2019-08-10 23:56:14 - [TEST_STEP][PASSED] - free_spin_reel_counter = []: null

2019-08-10 23:56:14 - [TEST_STEP][PASSED] - free_spin_reel_counter[0] = 0: null

2019-08-10 23:56:14 - [TEST_STEP][PASSED] - free_spin_reel_counter[1] = 0: null

2019-08-10 23:56:14 - [TEST_STEP][PASSED] - free_spin_reel_counter[2] = 0: null

2019-08-10 23:56:14 - [TEST_STEP][PASSED] - M4_spin_reels = reels: null

2019-08-10 23:56:14 - [TEST_STEP][PASSED] - for ([i = 0, i &lt; M4_spin_reels.size(), (i++)]): null

2019-08-10 23:56:14 - [TEST_STEP][PASSED] - symbols = symbols: null

2019-08-10 23:56:14 - [TEST_STEP][PASSED] - for ([j = 0, j &lt; symbols.size(), (j++)]): null

2019-08-10 23:56:14 - [TEST_STEP][PASSED] - symbol = symbol: null

2019-08-10 23:56:14 - [TEST_STEP][PASSED] - println(symbol): null

2019-08-10 23:56:14 - [TEST_STEP][PASSED] - if (i == 2 &amp;&amp; wildList.indexOf(symbol) != -1): null

2019-08-10 23:56:14 - [TEST_STEP][PASSED] - if (i == 3 &amp;&amp; wildList.indexOf(symbol) != -1): null

2019-08-10 23:56:14 - [TEST_STEP][PASSED] - if (i == 4 &amp;&amp; wildList.indexOf(symbol) != -1): null

2019-08-10 23:56:14 - [TEST_STEP][PASSED] - symbol = symbol: null

2019-08-10 23:56:14 - [TEST_STEP][PASSED] - println(symbol): null

2019-08-10 23:56:14 - [TEST_STEP][PASSED] - if (i == 2 &amp;&amp; wildList.indexOf(symbol) != -1): null

2019-08-10 23:56:14 - [TEST_STEP][PASSED] - if (i == 3 &amp;&amp; wildList.indexOf(symbol) != -1): null

2019-08-10 23:56:14 - [TEST_STEP][PASSED] - if (i == 4 &amp;&amp; wildList.indexOf(symbol) != -1): null

2019-08-10 23:56:14 - [TEST_STEP][PASSED] - symbol = symbol: null

2019-08-10 23:56:14 - [TEST_STEP][PASSED] - println(symbol): null

2019-08-10 23:56:14 - [TEST_STEP][PASSED] - if (i == 2 &amp;&amp; wildList.indexOf(symbol) != -1): null

2019-08-10 23:56:14 - [TEST_STEP][PASSED] - if (i == 3 &amp;&amp; wildList.indexOf(symbol) != -1): null

2019-08-10 23:56:14 - [TEST_STEP][PASSED] - if (i == 4 &amp;&amp; wildList.indexOf(symbol) != -1): null

2019-08-10 23:56:14 - [TEST_STEP][PASSED] - symbols = symbols: null

2019-08-10 23:56:14 - [TEST_STEP][PASSED] - for ([j = 0, j &lt; symbols.size(), (j++)]): null

2019-08-10 23:56:14 - [TEST_STEP][PASSED] - symbol = symbol: null

2019-08-10 23:56:14 - [TEST_STEP][PASSED] - println(symbol): null

2019-08-10 23:56:14 - [TEST_STEP][PASSED] - if (i == 2 &amp;&amp; wildList.indexOf(symbol) != -1): null

2019-08-10 23:56:14 - [TEST_STEP][PASSED] - if (i == 3 &amp;&amp; wildList.indexOf(symbol) != -1): null

2019-08-10 23:56:14 - [TEST_STEP][PASSED] - if (i == 4 &amp;&amp; wildList.indexOf(symbol) != -1): null

2019-08-10 23:56:14 - [TEST_STEP][PASSED] - symbol = symbol: null

2019-08-10 23:56:14 - [TEST_STEP][PASSED] - println(symbol): null

2019-08-10 23:56:14 - [TEST_STEP][PASSED] - if (i == 2 &amp;&amp; wildList.indexOf(symbol) != -1): null

2019-08-10 23:56:14 - [TEST_STEP][PASSED] - if (i == 3 &amp;&amp; wildList.indexOf(symbol) != -1): null

2019-08-10 23:56:14 - [TEST_STEP][PASSED] - if (i == 4 &amp;&amp; wildList.indexOf(symbol) != -1): null

2019-08-10 23:56:14 - [TEST_STEP][PASSED] - symbol = symbol: null

2019-08-10 23:56:14 - [TEST_STEP][PASSED] - println(symbol): null

2019-08-10 23:56:14 - [TEST_STEP][PASSED] - if (i == 2 &amp;&amp; wildList.indexOf(symbol) != -1): null

2019-08-10 23:56:14 - [TEST_STEP][PASSED] - if (i == 3 &amp;&amp; wildList.indexOf(symbol) != -1): null

2019-08-10 23:56:14 - [TEST_STEP][PASSED] - if (i == 4 &amp;&amp; wildList.indexOf(symbol) != -1): null

2019-08-10 23:56:14 - [TEST_STEP][PASSED] - symbols = symbols: null

2019-08-10 23:56:14 - [TEST_STEP][PASSED] - for ([j = 0, j &lt; symbols.size(), (j++)]): null

2019-08-10 23:56:14 - [TEST_STEP][PASSED] - symbol = symbol: null

2019-08-10 23:56:14 - [TEST_STEP][PASSED] - println(symbol): null

2019-08-10 23:56:14 - [TEST_STEP][PASSED] - if (i == 2 &amp;&amp; wildList.indexOf(symbol) != -1): null

2019-08-10 23:56:14 - [TEST_STEP][PASSED] - if (i == 3 &amp;&amp; wildList.indexOf(symbol) != -1): null

2019-08-10 23:56:14 - [TEST_STEP][PASSED] - if (i == 4 &amp;&amp; wildList.indexOf(symbol) != -1): null

2019-08-10 23:56:14 - [TEST_STEP][PASSED] - symbol = symbol: null

2019-08-10 23:56:14 - [TEST_STEP][PASSED] - println(symbol): null

2019-08-10 23:56:14 - [TEST_STEP][PASSED] - if (i == 2 &amp;&amp; wildList.indexOf(symbol) != -1): null

2019-08-10 23:56:14 - [TEST_STEP][PASSED] - if (i == 3 &amp;&amp; wildList.indexOf(symbol) != -1): null

2019-08-10 23:56:14 - [TEST_STEP][PASSED] - if (i == 4 &amp;&amp; wildList.indexOf(symbol) != -1): null

2019-08-10 23:56:14 - [TEST_STEP][PASSED] - symbol = symbol: null

2019-08-10 23:56:14 - [TEST_STEP][PASSED] - println(symbol): null

2019-08-10 23:56:14 - [TEST_STEP][PASSED] - if (i == 2 &amp;&amp; wildList.indexOf(symbol) != -1): null

2019-08-10 23:56:14 - [TEST_STEP][PASSED] - if (i == 3 &amp;&amp; wildList.indexOf(symbol) != -1): null

2019-08-10 23:56:14 - [TEST_STEP][PASSED] - if (i == 4 &amp;&amp; wildList.indexOf(symbol) != -1): null

2019-08-10 23:56:14 - [TEST_STEP][PASSED] - symbols = symbols: null

2019-08-10 23:56:14 - [TEST_STEP][PASSED] - for ([j = 0, j &lt; symbols.size(), (j++)]): null

2019-08-10 23:56:14 - [TEST_STEP][PASSED] - symbol = symbol: null

2019-08-10 23:56:14 - [TEST_STEP][PASSED] - println(symbol): null

2019-08-10 23:56:14 - [TEST_STEP][PASSED] - if (i == 2 &amp;&amp; wildList.indexOf(symbol) != -1): null

2019-08-10 23:56:14 - [TEST_STEP][PASSED] - if (i == 3 &amp;&amp; wildList.indexOf(symbol) != -1): null

2019-08-10 23:56:14 - [TEST_STEP][PASSED] - if (i == 4 &amp;&amp; wildList.indexOf(symbol) != -1): null

2019-08-10 23:56:14 - [TEST_STEP][PASSED] - symbol = symbol: null

2019-08-10 23:56:14 - [TEST_STEP][PASSED] - println(symbol): null

2019-08-10 23:56:14 - [TEST_STEP][PASSED] - if (i == 2 &amp;&amp; wildList.indexOf(symbol) != -1): null

2019-08-10 23:56:14 - [TEST_STEP][PASSED] - if (i == 3 &amp;&amp; wildList.indexOf(symbol) != -1): null

2019-08-10 23:56:14 - [TEST_STEP][PASSED] - if (i == 4 &amp;&amp; wildList.indexOf(symbol) != -1): null

2019-08-10 23:56:14 - [TEST_STEP][PASSED] - symbol = symbol: null

2019-08-10 23:56:14 - [TEST_STEP][PASSED] - println(symbol): null

2019-08-10 23:56:14 - [TEST_STEP][PASSED] - if (i == 2 &amp;&amp; wildList.indexOf(symbol) != -1): null

2019-08-10 23:56:14 - [TEST_STEP][PASSED] - if (i == 3 &amp;&amp; wildList.indexOf(symbol) != -1): null

2019-08-10 23:56:14 - [TEST_STEP][PASSED] - if (i == 4 &amp;&amp; wildList.indexOf(symbol) != -1): null

2019-08-10 23:56:14 - [TEST_STEP][PASSED] - symbols = symbols: null

2019-08-10 23:56:14 - [TEST_STEP][PASSED] - for ([j = 0, j &lt; symbols.size(), (j++)]): null

2019-08-10 23:56:14 - [TEST_STEP][PASSED] - symbol = symbol: null

2019-08-10 23:56:14 - [TEST_STEP][PASSED] - println(symbol): null

2019-08-10 23:56:14 - [TEST_STEP][PASSED] - if (i == 2 &amp;&amp; wildList.indexOf(symbol) != -1): null

2019-08-10 23:56:14 - [TEST_STEP][PASSED] - if (i == 3 &amp;&amp; wildList.indexOf(symbol) != -1): null

2019-08-10 23:56:14 - [TEST_STEP][PASSED] - if (i == 4 &amp;&amp; wildList.indexOf(symbol) != -1): null

2019-08-10 23:56:14 - [TEST_STEP][PASSED] - symbol = symbol: null

2019-08-10 23:56:14 - [TEST_STEP][PASSED] - println(symbol): null

2019-08-10 23:56:14 - [TEST_STEP][PASSED] - if (i == 2 &amp;&amp; wildList.indexOf(symbol) != -1): null

2019-08-10 23:56:14 - [TEST_STEP][PASSED] - if (i == 3 &amp;&amp; wildList.indexOf(symbol) != -1): null

2019-08-10 23:56:14 - [TEST_STEP][PASSED] - if (i == 4 &amp;&amp; wildList.indexOf(symbol) != -1): null

2019-08-10 23:56:14 - [TEST_STEP][PASSED] - symbol = symbol: null

2019-08-10 23:56:14 - [TEST_STEP][PASSED] - println(symbol): null

2019-08-10 23:56:14 - [TEST_STEP][PASSED] - if (i == 2 &amp;&amp; wildList.indexOf(symbol) != -1): null

2019-08-10 23:56:14 - [TEST_STEP][PASSED] - if (i == 3 &amp;&amp; wildList.indexOf(symbol) != -1): null

2019-08-10 23:56:14 - [TEST_STEP][PASSED] - if (i == 4 &amp;&amp; wildList.indexOf(symbol) != -1): null

2019-08-10 23:56:14 - [TEST_STEP][PASSED] - free_spin_reel_counter = free_spin_reel_counter: null

2019-08-10 23:56:14 - [TEST_STEP][PASSED] - println("reel 3 wild found: " + free_spin_reel_counter[0]): null

2019-08-10 23:56:14 - [TEST_STEP][PASSED] - println("reel 4 wild found: " + free_spin_reel_counter[1]): null

2019-08-10 23:56:14 - [TEST_STEP][PASSED] - println("reel 5 wild found: " + free_spin_reel_counter[2]): null

2019-08-10 23:56:14 - [TEST_STEP][PASSED] - M4_spin_reels = M4_spin_reels: null

2019-08-10 23:56:14 - [TEST_STEP][PASSED] - M4_spin_reels_symbols = symbol: null

2019-08-10 23:56:14 - [TEST_STEP][PASSED] - M4_spin_reels_symbols = M4_spin_reels_symbols: null

2019-08-10 23:56:14 - [TEST_STEP][PASSED] - M4_spin_reel_wins = reel_wins: null

2019-08-10 23:56:14 - [TEST_STEP][PASSED] - M4_spin_reel_wins = M4_spin_reel_wins: null

2019-08-10 23:56:14 - [TEST_STEP][PASSED] - println("GlobalVariable.M4_spin_reel_wins is: " + M4_spin_reel_wins): null

2019-08-10 23:56:14 - [TEST_STEP][PASSED] - M4_spin_total_bonus_win_this_round = total_bonus_win_this_round: null

2019-08-10 23:56:14 - [TEST_STEP][PASSED] - M4_spin_total_bonus_win_this_round = M4_spin_total_bonus_win_this_round: null

2019-08-10 23:56:14 - [TEST_STEP][PASSED] - println("GlobalVariable.M4_spin_total_bonus_win_this_round is: " + M4_spin_total_bonus_win_this_round): null

2019-08-10 23:56:14 - [MESSAGE][PASSED] - Verify response successfully

2019-08-10 23:56:14 - [MESSAGE][PASSED] - Send request and verify the response successfully

2019-08-10 23:56:14 - [TEST_STEP][PASSED] - if (M4_total_bonus_spins_int != 0 &amp;&amp; M4_spin_reels_symbols[2].contains("WILD_Double") || M4_spin_reels_symbols[4].contains("WILD_Triple")): null

2019-08-10 23:56:14 - [TEST_STEP][PASSED] - free_spin_reel_counter = free_spin_reel_counter: null

2019-08-10 23:56:14 - [TEST_STEP][PASSED] - M4_spin_reels_symbols = M4_spin_reels_symbols: null

2019-08-10 23:56:14 - [TEST_STEP][PASSED] - M4_total_bonus_spins = M4_total_bonus_spins: null

2019-08-10 23:56:14 - [TEST_STEP][PASSED] - spin_result = sendRequestAndVerify(findTestObject("RGS(M4)/1_M4_spin", ["M4_login_user_id":M4_login_user_id, "rgs_session_token":rgs_session_token, "partner":Partner])): Send request and verify the response successfully

2019-08-10 23:56:14 - [TEST_CASE][PASSED] - Start Test Case : Verification: Verification accomplished successfully

2019-08-10 23:56:14 - [TEST_STEP][PASSED] - request = getInstance().getCurrentRequest(): null

2019-08-10 23:56:18 - [TEST_STEP][PASSED] - response = getInstance().getCurrentResponse(): null

2019-08-10 23:56:18 - [TEST_STEP][PASSED] - verifyResponseStatusCode(response, 200): Verify response status code successfully

2019-08-10 23:56:18 - [MESSAGE][PASSED] - Verify response status code successfully

2019-08-10 23:56:18 - [TEST_STEP][PASSED] - getStatusCode()).isEqualTo(200): null

2019-08-10 23:56:18 - [TEST_STEP][PASSED] - newline = System.getProperty("line.separator"): null

2019-08-10 23:56:18 - [TEST_STEP][PASSED] - M4_spin = new groovy.json.JsonSlurper(): null

2019-08-10 23:56:18 - [TEST_STEP][PASSED] - result_M4_spin = M4_spin.parseText(response.getResponseBodyContent()): null

2019-08-10 23:56:18 - [TEST_STEP][PASSED] - M4_spin_current_balance = current_balance: null

2019-08-10 23:56:18 - [TEST_STEP][PASSED] - M4_spin_current_balance = M4_spin_current_balance: null

2019-08-10 23:56:18 - [TEST_STEP][PASSED] - M4_spin_transaction_id = causality: null

2019-08-10 23:56:18 - [TEST_STEP][PASSED] - M4_spin_transaction_id = M4_spin_transaction_id: null

2019-08-10 23:56:18 - [TEST_STEP][PASSED] - M4_spin_round_id = round_id: null

2019-08-10 23:56:18 - [TEST_STEP][PASSED] - M4_spin_round_id = M4_spin_round_id: null

2019-08-10 23:56:18 - [TEST_STEP][PASSED] - M4_spin_line_wins = line_wins: null

2019-08-10 23:56:18 - [TEST_STEP][PASSED] - M4_spin_line_wins = M4_spin_line_wins: null

2019-08-10 23:56:18 - [TEST_STEP][PASSED] - M4_total_bonus_spins_int = total_bonus_spins: null

2019-08-10 23:56:18 - [TEST_STEP][PASSED] - println("******M4_total_bonus_spins type is:*******" + newline + getClass().getName()): null

2019-08-10 23:56:18 - [TEST_STEP][PASSED] - M4_total_bonus_spins_int = M4_total_bonus_spins_int: null

2019-08-10 23:56:18 - [TEST_STEP][PASSED] - M4_total_bonus_spins = Integer.toString(M4_total_bonus_spins_int): null

2019-08-10 23:56:18 - [TEST_STEP][PASSED] - M4_total_bonus_spins = M4_total_bonus_spins: null

2019-08-10 23:56:18 - [TEST_STEP][PASSED] - println("M4_total_bonus_spins is:" + M4_total_bonus_spins): null

2019-08-10 23:56:18 - [TEST_STEP][PASSED] - M4_spin_bonus_data = bonus_data: null

2019-08-10 23:56:18 - [TEST_STEP][PASSED] - M4_spin_features_triggered = result_M4_spin: null

2019-08-10 23:56:18 - [TEST_STEP][PASSED] - wild = []: null

2019-08-10 23:56:18 - [TEST_STEP][PASSED] - wild[0] = "WILD_Expanding": null

2019-08-10 23:56:18 - [TEST_STEP][PASSED] - wild[1] = "WILD_Normal": null

2019-08-10 23:56:18 - [TEST_STEP][PASSED] - wild[2] = "WILD_Double": null

2019-08-10 23:56:18 - [TEST_STEP][PASSED] - wild[3] = "WILD_ExtraFG": null

2019-08-10 23:56:18 - [TEST_STEP][PASSED] - wild[4] = "WILD_Triple": null

2019-08-10 23:56:18 - [TEST_STEP][PASSED] - wildList = Arrays.asList(wild): null

2019-08-10 23:56:18 - [TEST_STEP][PASSED] - wildList = wildList: null

2019-08-10 23:56:18 - [TEST_STEP][PASSED] - free_spin_reel_counter = []: null

2019-08-10 23:56:18 - [TEST_STEP][PASSED] - free_spin_reel_counter[0] = 0: null

2019-08-10 23:56:18 - [TEST_STEP][PASSED] - free_spin_reel_counter[1] = 0: null

2019-08-10 23:56:18 - [TEST_STEP][PASSED] - free_spin_reel_counter[2] = 0: null

2019-08-10 23:56:18 - [TEST_STEP][PASSED] - M4_spin_reels = reels: null

2019-08-10 23:56:18 - [TEST_STEP][PASSED] - for ([i = 0, i &lt; M4_spin_reels.size(), (i++)]): null

2019-08-10 23:56:18 - [TEST_STEP][PASSED] - symbols = symbols: null

2019-08-10 23:56:18 - [TEST_STEP][PASSED] - for ([j = 0, j &lt; symbols.size(), (j++)]): null

2019-08-10 23:56:18 - [TEST_STEP][PASSED] - symbol = symbol: null

2019-08-10 23:56:18 - [TEST_STEP][PASSED] - println(symbol): null

2019-08-10 23:56:18 - [TEST_STEP][PASSED] - if (i == 2 &amp;&amp; wildList.indexOf(symbol) != -1): null

2019-08-10 23:56:18 - [TEST_STEP][PASSED] - if (i == 3 &amp;&amp; wildList.indexOf(symbol) != -1): null

2019-08-10 23:56:18 - [TEST_STEP][PASSED] - if (i == 4 &amp;&amp; wildList.indexOf(symbol) != -1): null

2019-08-10 23:56:18 - [TEST_STEP][PASSED] - symbol = symbol: null

2019-08-10 23:56:18 - [TEST_STEP][PASSED] - println(symbol): null

2019-08-10 23:56:18 - [TEST_STEP][PASSED] - if (i == 2 &amp;&amp; wildList.indexOf(symbol) != -1): null

2019-08-10 23:56:18 - [TEST_STEP][PASSED] - if (i == 3 &amp;&amp; wildList.indexOf(symbol) != -1): null

2019-08-10 23:56:18 - [TEST_STEP][PASSED] - if (i == 4 &amp;&amp; wildList.indexOf(symbol) != -1): null

2019-08-10 23:56:18 - [TEST_STEP][PASSED] - symbol = symbol: null

2019-08-10 23:56:18 - [TEST_STEP][PASSED] - println(symbol): null

2019-08-10 23:56:18 - [TEST_STEP][PASSED] - if (i == 2 &amp;&amp; wildList.indexOf(symbol) != -1): null

2019-08-10 23:56:18 - [TEST_STEP][PASSED] - if (i == 3 &amp;&amp; wildList.indexOf(symbol) != -1): null

2019-08-10 23:56:18 - [TEST_STEP][PASSED] - if (i == 4 &amp;&amp; wildList.indexOf(symbol) != -1): null

2019-08-10 23:56:18 - [TEST_STEP][PASSED] - symbols = symbols: null

2019-08-10 23:56:18 - [TEST_STEP][PASSED] - for ([j = 0, j &lt; symbols.size(), (j++)]): null

2019-08-10 23:56:18 - [TEST_STEP][PASSED] - symbol = symbol: null

2019-08-10 23:56:18 - [TEST_STEP][PASSED] - println(symbol): null

2019-08-10 23:56:18 - [TEST_STEP][PASSED] - if (i == 2 &amp;&amp; wildList.indexOf(symbol) != -1): null

2019-08-10 23:56:18 - [TEST_STEP][PASSED] - if (i == 3 &amp;&amp; wildList.indexOf(symbol) != -1): null

2019-08-10 23:56:18 - [TEST_STEP][PASSED] - if (i == 4 &amp;&amp; wildList.indexOf(symbol) != -1): null

2019-08-10 23:56:18 - [TEST_STEP][PASSED] - symbol = symbol: null

2019-08-10 23:56:18 - [TEST_STEP][PASSED] - println(symbol): null

2019-08-10 23:56:18 - [TEST_STEP][PASSED] - if (i == 2 &amp;&amp; wildList.indexOf(symbol) != -1): null

2019-08-10 23:56:18 - [TEST_STEP][PASSED] - if (i == 3 &amp;&amp; wildList.indexOf(symbol) != -1): null

2019-08-10 23:56:18 - [TEST_STEP][PASSED] - if (i == 4 &amp;&amp; wildList.indexOf(symbol) != -1): null

2019-08-10 23:56:18 - [TEST_STEP][PASSED] - symbol = symbol: null

2019-08-10 23:56:18 - [TEST_STEP][PASSED] - println(symbol): null

2019-08-10 23:56:18 - [TEST_STEP][PASSED] - if (i == 2 &amp;&amp; wildList.indexOf(symbol) != -1): null

2019-08-10 23:56:18 - [TEST_STEP][PASSED] - if (i == 3 &amp;&amp; wildList.indexOf(symbol) != -1): null

2019-08-10 23:56:18 - [TEST_STEP][PASSED] - if (i == 4 &amp;&amp; wildList.indexOf(symbol) != -1): null

2019-08-10 23:56:18 - [TEST_STEP][PASSED] - symbols = symbols: null

2019-08-10 23:56:18 - [TEST_STEP][PASSED] - for ([j = 0, j &lt; symbols.size(), (j++)]): null

2019-08-10 23:56:18 - [TEST_STEP][PASSED] - symbol = symbol: null

2019-08-10 23:56:18 - [TEST_STEP][PASSED] - println(symbol): null

2019-08-10 23:56:18 - [TEST_STEP][PASSED] - if (i == 2 &amp;&amp; wildList.indexOf(symbol) != -1): null

2019-08-10 23:56:18 - [TEST_STEP][PASSED] - if (i == 3 &amp;&amp; wildList.indexOf(symbol) != -1): null

2019-08-10 23:56:18 - [TEST_STEP][PASSED] - if (i == 4 &amp;&amp; wildList.indexOf(symbol) != -1): null

2019-08-10 23:56:18 - [TEST_STEP][PASSED] - symbol = symbol: null

2019-08-10 23:56:18 - [TEST_STEP][PASSED] - println(symbol): null

2019-08-10 23:56:18 - [TEST_STEP][PASSED] - if (i == 2 &amp;&amp; wildList.indexOf(symbol) != -1): null

2019-08-10 23:56:18 - [TEST_STEP][PASSED] - if (i == 3 &amp;&amp; wildList.indexOf(symbol) != -1): null

2019-08-10 23:56:18 - [TEST_STEP][PASSED] - if (i == 4 &amp;&amp; wildList.indexOf(symbol) != -1): null

2019-08-10 23:56:18 - [TEST_STEP][PASSED] - symbol = symbol: null

2019-08-10 23:56:18 - [TEST_STEP][PASSED] - println(symbol): null

2019-08-10 23:56:18 - [TEST_STEP][PASSED] - if (i == 2 &amp;&amp; wildList.indexOf(symbol) != -1): null

2019-08-10 23:56:18 - [TEST_STEP][PASSED] - if (i == 3 &amp;&amp; wildList.indexOf(symbol) != -1): null

2019-08-10 23:56:18 - [TEST_STEP][PASSED] - if (i == 4 &amp;&amp; wildList.indexOf(symbol) != -1): null

2019-08-10 23:56:18 - [TEST_STEP][PASSED] - symbols = symbols: null

2019-08-10 23:56:18 - [TEST_STEP][PASSED] - for ([j = 0, j &lt; symbols.size(), (j++)]): null

2019-08-10 23:56:18 - [TEST_STEP][PASSED] - symbol = symbol: null

2019-08-10 23:56:18 - [TEST_STEP][PASSED] - println(symbol): null

2019-08-10 23:56:18 - [TEST_STEP][PASSED] - if (i == 2 &amp;&amp; wildList.indexOf(symbol) != -1): null

2019-08-10 23:56:18 - [TEST_STEP][PASSED] - if (i == 3 &amp;&amp; wildList.indexOf(symbol) != -1): null

2019-08-10 23:56:18 - [TEST_STEP][PASSED] - if (i == 4 &amp;&amp; wildList.indexOf(symbol) != -1): null

2019-08-10 23:56:18 - [TEST_STEP][PASSED] - symbol = symbol: null

2019-08-10 23:56:18 - [TEST_STEP][PASSED] - println(symbol): null

2019-08-10 23:56:18 - [TEST_STEP][PASSED] - if (i == 2 &amp;&amp; wildList.indexOf(symbol) != -1): null

2019-08-10 23:56:18 - [TEST_STEP][PASSED] - if (i == 3 &amp;&amp; wildList.indexOf(symbol) != -1): null

2019-08-10 23:56:18 - [TEST_STEP][PASSED] - if (i == 4 &amp;&amp; wildList.indexOf(symbol) != -1): null

2019-08-10 23:56:18 - [TEST_STEP][PASSED] - symbol = symbol: null

2019-08-10 23:56:18 - [TEST_STEP][PASSED] - println(symbol): null

2019-08-10 23:56:18 - [TEST_STEP][PASSED] - if (i == 2 &amp;&amp; wildList.indexOf(symbol) != -1): null

2019-08-10 23:56:18 - [TEST_STEP][PASSED] - if (i == 3 &amp;&amp; wildList.indexOf(symbol) != -1): null

2019-08-10 23:56:18 - [TEST_STEP][PASSED] - if (i == 4 &amp;&amp; wildList.indexOf(symbol) != -1): null

2019-08-10 23:56:18 - [TEST_STEP][PASSED] - symbols = symbols: null

2019-08-10 23:56:18 - [TEST_STEP][PASSED] - for ([j = 0, j &lt; symbols.size(), (j++)]): null

2019-08-10 23:56:18 - [TEST_STEP][PASSED] - symbol = symbol: null

2019-08-10 23:56:18 - [TEST_STEP][PASSED] - println(symbol): null

2019-08-10 23:56:18 - [TEST_STEP][PASSED] - if (i == 2 &amp;&amp; wildList.indexOf(symbol) != -1): null

2019-08-10 23:56:18 - [TEST_STEP][PASSED] - if (i == 3 &amp;&amp; wildList.indexOf(symbol) != -1): null

2019-08-10 23:56:18 - [TEST_STEP][PASSED] - if (i == 4 &amp;&amp; wildList.indexOf(symbol) != -1): null

2019-08-10 23:56:18 - [TEST_STEP][PASSED] - symbol = symbol: null

2019-08-10 23:56:18 - [TEST_STEP][PASSED] - println(symbol): null

2019-08-10 23:56:18 - [TEST_STEP][PASSED] - if (i == 2 &amp;&amp; wildList.indexOf(symbol) != -1): null

2019-08-10 23:56:18 - [TEST_STEP][PASSED] - if (i == 3 &amp;&amp; wildList.indexOf(symbol) != -1): null

2019-08-10 23:56:18 - [TEST_STEP][PASSED] - if (i == 4 &amp;&amp; wildList.indexOf(symbol) != -1): null

2019-08-10 23:56:18 - [TEST_STEP][PASSED] - println("wild found on reel 5, adding counter by 1"): null

2019-08-10 23:56:18 - [TEST_STEP][PASSED] - free_spin_reel_counter[2] = free_spin_reel_counter[2] + 1: null

2019-08-10 23:56:18 - [TEST_STEP][PASSED] - symbol = symbol: null

2019-08-10 23:56:18 - [TEST_STEP][PASSED] - println(symbol): null

2019-08-10 23:56:18 - [TEST_STEP][PASSED] - if (i == 2 &amp;&amp; wildList.indexOf(symbol) != -1): null

2019-08-10 23:56:18 - [TEST_STEP][PASSED] - if (i == 3 &amp;&amp; wildList.indexOf(symbol) != -1): null

2019-08-10 23:56:18 - [TEST_STEP][PASSED] - if (i == 4 &amp;&amp; wildList.indexOf(symbol) != -1): null

2019-08-10 23:56:18 - [TEST_STEP][PASSED] - free_spin_reel_counter = free_spin_reel_counter: null

2019-08-10 23:56:18 - [TEST_STEP][PASSED] - println("reel 3 wild found: " + free_spin_reel_counter[0]): null

2019-08-10 23:56:18 - [TEST_STEP][PASSED] - println("reel 4 wild found: " + free_spin_reel_counter[1]): null

2019-08-10 23:56:18 - [TEST_STEP][PASSED] - println("reel 5 wild found: " + free_spin_reel_counter[2]): null

2019-08-10 23:56:18 - [TEST_STEP][PASSED] - M4_spin_reels = M4_spin_reels: null

2019-08-10 23:56:18 - [TEST_STEP][PASSED] - M4_spin_reels_symbols = symbol: null

2019-08-10 23:56:18 - [TEST_STEP][PASSED] - M4_spin_reels_symbols = M4_spin_reels_symbols: null

2019-08-10 23:56:18 - [TEST_STEP][PASSED] - M4_spin_reel_wins = reel_wins: null

2019-08-10 23:56:18 - [TEST_STEP][PASSED] - M4_spin_reel_wins = M4_spin_reel_wins: null

2019-08-10 23:56:18 - [TEST_STEP][PASSED] - println("GlobalVariable.M4_spin_reel_wins is: " + M4_spin_reel_wins): null

2019-08-10 23:56:18 - [TEST_STEP][PASSED] - M4_spin_total_bonus_win_this_round = total_bonus_win_this_round: null

2019-08-10 23:56:18 - [TEST_STEP][PASSED] - M4_spin_total_bonus_win_this_round = M4_spin_total_bonus_win_this_round: null

2019-08-10 23:56:18 - [TEST_STEP][PASSED] - println("GlobalVariable.M4_spin_total_bonus_win_this_round is: " + M4_spin_total_bonus_win_this_round): null

2019-08-10 23:56:18 - [MESSAGE][PASSED] - Verify response successfully

2019-08-10 23:56:18 - [MESSAGE][PASSED] - Send request and verify the response successfully

2019-08-10 23:56:18 - [TEST_STEP][PASSED] - if (M4_total_bonus_spins_int != 0 &amp;&amp; M4_spin_reels_symbols[2].contains("WILD_Double") || M4_spin_reels_symbols[4].contains("WILD_Triple")): null

2019-08-10 23:56:18 - [TEST_STEP][PASSED] - free_spin_reel_counter = free_spin_reel_counter: null

2019-08-10 23:56:18 - [TEST_STEP][PASSED] - M4_spin_reels_symbols = M4_spin_reels_symbols: null

2019-08-10 23:56:18 - [TEST_STEP][PASSED] - M4_total_bonus_spins = M4_total_bonus_spins: null

2019-08-10 23:56:18 - [TEST_STEP][PASSED] - spin_result = sendRequestAndVerify(findTestObject("RGS(M4)/1_M4_spin", ["M4_login_user_id":M4_login_user_id, "rgs_session_token":rgs_session_token, "partner":Partner])): Send request and verify the response successfully

2019-08-10 23:56:18 - [TEST_CASE][PASSED] - Start Test Case : Verification: Verification accomplished successfully

2019-08-10 23:56:18 - [TEST_STEP][PASSED] - request = getInstance().getCurrentRequest(): null

2019-08-10 23:56:18 - [TEST_STEP][PASSED] - response = getInstance().getCurrentResponse(): null

2019-08-10 23:56:18 - [TEST_STEP][PASSED] - verifyResponseStatusCode(response, 200): Verify response status code successfully

2019-08-10 23:56:18 - [MESSAGE][PASSED] - Verify response status code successfully

2019-08-10 23:56:18 - [TEST_STEP][PASSED] - getStatusCode()).isEqualTo(200): null

2019-08-10 23:56:18 - [TEST_STEP][PASSED] - newline = System.getProperty("line.separator"): null

2019-08-10 23:56:18 - [TEST_STEP][PASSED] - M4_spin = new groovy.json.JsonSlurper(): null

2019-08-10 23:56:18 - [TEST_STEP][PASSED] - result_M4_spin = M4_spin.parseText(response.getResponseBodyContent()): null

2019-08-10 23:56:18 - [TEST_STEP][PASSED] - M4_spin_current_balance = current_balance: null

2019-08-10 23:56:18 - [TEST_STEP][PASSED] - M4_spin_current_balance = M4_spin_current_balance: null

2019-08-10 23:56:18 - [TEST_STEP][PASSED] - M4_spin_transaction_id = causality: null

2019-08-10 23:56:18 - [TEST_STEP][PASSED] - M4_spin_transaction_id = M4_spin_transaction_id: null

2019-08-10 23:56:18 - [TEST_STEP][PASSED] - M4_spin_round_id = round_id: null

2019-08-10 23:56:18 - [TEST_STEP][PASSED] - M4_spin_round_id = M4_spin_round_id: null

2019-08-10 23:56:18 - [TEST_STEP][PASSED] - M4_spin_line_wins = line_wins: null

2019-08-10 23:56:18 - [TEST_STEP][PASSED] - M4_spin_line_wins = M4_spin_line_wins: null

2019-08-10 23:56:18 - [TEST_STEP][PASSED] - M4_total_bonus_spins_int = total_bonus_spins: null

2019-08-10 23:56:18 - [TEST_STEP][PASSED] - println("******M4_total_bonus_spins type is:*******" + newline + getClass().getName()): null

2019-08-10 23:56:18 - [TEST_STEP][PASSED] - M4_total_bonus_spins_int = M4_total_bonus_spins_int: null

2019-08-10 23:56:18 - [TEST_STEP][PASSED] - M4_total_bonus_spins = Integer.toString(M4_total_bonus_spins_int): null

2019-08-10 23:56:18 - [TEST_STEP][PASSED] - M4_total_bonus_spins = M4_total_bonus_spins: null

2019-08-10 23:56:18 - [TEST_STEP][PASSED] - println("M4_total_bonus_spins is:" + M4_total_bonus_spins): null

2019-08-10 23:56:18 - [TEST_STEP][PASSED] - M4_spin_bonus_data = bonus_data: null

2019-08-10 23:56:18 - [TEST_STEP][PASSED] - M4_spin_features_triggered = result_M4_spin: null

2019-08-10 23:56:18 - [TEST_STEP][PASSED] - wild = []: null

2019-08-10 23:56:18 - [TEST_STEP][PASSED] - wild[0] = "WILD_Expanding": null

2019-08-10 23:56:18 - [TEST_STEP][PASSED] - wild[1] = "WILD_Normal": null

2019-08-10 23:56:18 - [TEST_STEP][PASSED] - wild[2] = "WILD_Double": null

2019-08-10 23:56:18 - [TEST_STEP][PASSED] - wild[3] = "WILD_ExtraFG": null

2019-08-10 23:56:18 - [TEST_STEP][PASSED] - wild[4] = "WILD_Triple": null

2019-08-10 23:56:18 - [TEST_STEP][PASSED] - wildList = Arrays.asList(wild): null

2019-08-10 23:56:18 - [TEST_STEP][PASSED] - wildList = wildList: null

2019-08-10 23:56:18 - [TEST_STEP][PASSED] - free_spin_reel_counter = []: null

2019-08-10 23:56:18 - [TEST_STEP][PASSED] - free_spin_reel_counter[0] = 0: null

2019-08-10 23:56:18 - [TEST_STEP][PASSED] - free_spin_reel_counter[1] = 0: null

2019-08-10 23:56:18 - [TEST_STEP][PASSED] - free_spin_reel_counter[2] = 0: null

2019-08-10 23:56:18 - [TEST_STEP][PASSED] - M4_spin_reels = reels: null

2019-08-10 23:56:18 - [TEST_STEP][PASSED] - for ([i = 0, i &lt; M4_spin_reels.size(), (i++)]): null

2019-08-10 23:56:18 - [TEST_STEP][PASSED] - symbols = symbols: null

2019-08-10 23:56:18 - [TEST_STEP][PASSED] - for ([j = 0, j &lt; symbols.size(), (j++)]): null

2019-08-10 23:56:18 - [TEST_STEP][PASSED] - symbol = symbol: null

2019-08-10 23:56:18 - [TEST_STEP][PASSED] - println(symbol): null

2019-08-10 23:56:18 - [TEST_STEP][PASSED] - if (i == 2 &amp;&amp; wildList.indexOf(symbol) != -1): null

2019-08-10 23:56:18 - [TEST_STEP][PASSED] - if (i == 3 &amp;&amp; wildList.indexOf(symbol) != -1): null

2019-08-10 23:56:18 - [TEST_STEP][PASSED] - if (i == 4 &amp;&amp; wildList.indexOf(symbol) != -1): null

2019-08-10 23:56:18 - [TEST_STEP][PASSED] - symbol = symbol: null

2019-08-10 23:56:18 - [TEST_STEP][PASSED] - println(symbol): null

2019-08-10 23:56:18 - [TEST_STEP][PASSED] - if (i == 2 &amp;&amp; wildList.indexOf(symbol) != -1): null

2019-08-10 23:56:18 - [TEST_STEP][PASSED] - if (i == 3 &amp;&amp; wildList.indexOf(symbol) != -1): null

2019-08-10 23:56:18 - [TEST_STEP][PASSED] - if (i == 4 &amp;&amp; wildList.indexOf(symbol) != -1): null

2019-08-10 23:56:18 - [TEST_STEP][PASSED] - symbol = symbol: null

2019-08-10 23:56:18 - [TEST_STEP][PASSED] - println(symbol): null

2019-08-10 23:56:18 - [TEST_STEP][PASSED] - if (i == 2 &amp;&amp; wildList.indexOf(symbol) != -1): null

2019-08-10 23:56:18 - [TEST_STEP][PASSED] - if (i == 3 &amp;&amp; wildList.indexOf(symbol) != -1): null

2019-08-10 23:56:18 - [TEST_STEP][PASSED] - if (i == 4 &amp;&amp; wildList.indexOf(symbol) != -1): null

2019-08-10 23:56:18 - [TEST_STEP][PASSED] - symbols = symbols: null

2019-08-10 23:56:18 - [TEST_STEP][PASSED] - for ([j = 0, j &lt; symbols.size(), (j++)]): null

2019-08-10 23:56:18 - [TEST_STEP][PASSED] - symbol = symbol: null

2019-08-10 23:56:18 - [TEST_STEP][PASSED] - println(symbol): null

2019-08-10 23:56:18 - [TEST_STEP][PASSED] - if (i == 2 &amp;&amp; wildList.indexOf(symbol) != -1): null

2019-08-10 23:56:18 - [TEST_STEP][PASSED] - if (i == 3 &amp;&amp; wildList.indexOf(symbol) != -1): null

2019-08-10 23:56:18 - [TEST_STEP][PASSED] - if (i == 4 &amp;&amp; wildList.indexOf(symbol) != -1): null

2019-08-10 23:56:18 - [TEST_STEP][PASSED] - symbol = symbol: null

2019-08-10 23:56:18 - [TEST_STEP][PASSED] - println(symbol): null

2019-08-10 23:56:18 - [TEST_STEP][PASSED] - if (i == 2 &amp;&amp; wildList.indexOf(symbol) != -1): null

2019-08-10 23:56:18 - [TEST_STEP][PASSED] - if (i == 3 &amp;&amp; wildList.indexOf(symbol) != -1): null

2019-08-10 23:56:18 - [TEST_STEP][PASSED] - if (i == 4 &amp;&amp; wildList.indexOf(symbol) != -1): null

2019-08-10 23:56:18 - [TEST_STEP][PASSED] - symbol = symbol: null

2019-08-10 23:56:18 - [TEST_STEP][PASSED] - println(symbol): null

2019-08-10 23:56:18 - [TEST_STEP][PASSED] - if (i == 2 &amp;&amp; wildList.indexOf(symbol) != -1): null

2019-08-10 23:56:18 - [TEST_STEP][PASSED] - if (i == 3 &amp;&amp; wildList.indexOf(symbol) != -1): null

2019-08-10 23:56:18 - [TEST_STEP][PASSED] - if (i == 4 &amp;&amp; wildList.indexOf(symbol) != -1): null

2019-08-10 23:56:18 - [TEST_STEP][PASSED] - symbols = symbols: null

2019-08-10 23:56:18 - [TEST_STEP][PASSED] - for ([j = 0, j &lt; symbols.size(), (j++)]): null

2019-08-10 23:56:18 - [TEST_STEP][PASSED] - symbol = symbol: null

2019-08-10 23:56:18 - [TEST_STEP][PASSED] - println(symbol): null

2019-08-10 23:56:18 - [TEST_STEP][PASSED] - if (i == 2 &amp;&amp; wildList.indexOf(symbol) != -1): null

2019-08-10 23:56:18 - [TEST_STEP][PASSED] - if (i == 3 &amp;&amp; wildList.indexOf(symbol) != -1): null

2019-08-10 23:56:18 - [TEST_STEP][PASSED] - if (i == 4 &amp;&amp; wildList.indexOf(symbol) != -1): null

2019-08-10 23:56:18 - [TEST_STEP][PASSED] - symbol = symbol: null

2019-08-10 23:56:18 - [TEST_STEP][PASSED] - println(symbol): null

2019-08-10 23:56:18 - [TEST_STEP][PASSED] - if (i == 2 &amp;&amp; wildList.indexOf(symbol) != -1): null

2019-08-10 23:56:18 - [TEST_STEP][PASSED] - if (i == 3 &amp;&amp; wildList.indexOf(symbol) != -1): null

2019-08-10 23:56:18 - [TEST_STEP][PASSED] - if (i == 4 &amp;&amp; wildList.indexOf(symbol) != -1): null

2019-08-10 23:56:18 - [TEST_STEP][PASSED] - symbol = symbol: null

2019-08-10 23:56:18 - [TEST_STEP][PASSED] - println(symbol): null

2019-08-10 23:56:18 - [TEST_STEP][PASSED] - if (i == 2 &amp;&amp; wildList.indexOf(symbol) != -1): null

2019-08-10 23:56:18 - [TEST_STEP][PASSED] - println("wild found on reel 3, adding counter by 1"): null

2019-08-10 23:56:18 - [TEST_STEP][PASSED] - free_spin_reel_counter[0] = free_spin_reel_counter[0] + 1: null

2019-08-10 23:56:18 - [TEST_STEP][PASSED] - if (i == 3 &amp;&amp; wildList.indexOf(symbol) != -1): null

2019-08-10 23:56:18 - [TEST_STEP][PASSED] - if (i == 4 &amp;&amp; wildList.indexOf(symbol) != -1): null

2019-08-10 23:56:18 - [TEST_STEP][PASSED] - symbols = symbols: null

2019-08-10 23:56:18 - [TEST_STEP][PASSED] - for ([j = 0, j &lt; symbols.size(), (j++)]): null

2019-08-10 23:56:18 - [TEST_STEP][PASSED] - symbol = symbol: null

2019-08-10 23:56:18 - [TEST_STEP][PASSED] - println(symbol): null

2019-08-10 23:56:18 - [TEST_STEP][PASSED] - if (i == 2 &amp;&amp; wildList.indexOf(symbol) != -1): null

2019-08-10 23:56:18 - [TEST_STEP][PASSED] - if (i == 3 &amp;&amp; wildList.indexOf(symbol) != -1): null

2019-08-10 23:56:18 - [TEST_STEP][PASSED] - if (i == 4 &amp;&amp; wildList.indexOf(symbol) != -1): null

2019-08-10 23:56:18 - [TEST_STEP][PASSED] - symbol = symbol: null

2019-08-10 23:56:18 - [TEST_STEP][PASSED] - println(symbol): null

2019-08-10 23:56:18 - [TEST_STEP][PASSED] - if (i == 2 &amp;&amp; wildList.indexOf(symbol) != -1): null

2019-08-10 23:56:18 - [TEST_STEP][PASSED] - if (i == 3 &amp;&amp; wildList.indexOf(symbol) != -1): null

2019-08-10 23:56:18 - [TEST_STEP][PASSED] - if (i == 4 &amp;&amp; wildList.indexOf(symbol) != -1): null

2019-08-10 23:56:18 - [TEST_STEP][PASSED] - symbol = symbol: null

2019-08-10 23:56:18 - [TEST_STEP][PASSED] - println(symbol): null

2019-08-10 23:56:18 - [TEST_STEP][PASSED] - if (i == 2 &amp;&amp; wildList.indexOf(symbol) != -1): null

2019-08-10 23:56:18 - [TEST_STEP][PASSED] - if (i == 3 &amp;&amp; wildList.indexOf(symbol) != -1): null

2019-08-10 23:56:18 - [TEST_STEP][PASSED] - if (i == 4 &amp;&amp; wildList.indexOf(symbol) != -1): null

2019-08-10 23:56:18 - [TEST_STEP][PASSED] - symbols = symbols: null

2019-08-10 23:56:18 - [TEST_STEP][PASSED] - for ([j = 0, j &lt; symbols.size(), (j++)]): null

2019-08-10 23:56:18 - [TEST_STEP][PASSED] - symbol = symbol: null

2019-08-10 23:56:18 - [TEST_STEP][PASSED] - println(symbol): null

2019-08-10 23:56:18 - [TEST_STEP][PASSED] - if (i == 2 &amp;&amp; wildList.indexOf(symbol) != -1): null

2019-08-10 23:56:18 - [TEST_STEP][PASSED] - if (i == 3 &amp;&amp; wildList.indexOf(symbol) != -1): null

2019-08-10 23:56:18 - [TEST_STEP][PASSED] - if (i == 4 &amp;&amp; wildList.indexOf(symbol) != -1): null

2019-08-10 23:56:18 - [TEST_STEP][PASSED] - symbol = symbol: null

2019-08-10 23:56:18 - [TEST_STEP][PASSED] - println(symbol): null

2019-08-10 23:56:18 - [TEST_STEP][PASSED] - if (i == 2 &amp;&amp; wildList.indexOf(symbol) != -1): null

2019-08-10 23:56:18 - [TEST_STEP][PASSED] - if (i == 3 &amp;&amp; wildList.indexOf(symbol) != -1): null

2019-08-10 23:56:18 - [TEST_STEP][PASSED] - if (i == 4 &amp;&amp; wildList.indexOf(symbol) != -1): null

2019-08-10 23:56:18 - [TEST_STEP][PASSED] - symbol = symbol: null

2019-08-10 23:56:18 - [TEST_STEP][PASSED] - println(symbol): null

2019-08-10 23:56:18 - [TEST_STEP][PASSED] - if (i == 2 &amp;&amp; wildList.indexOf(symbol) != -1): null

2019-08-10 23:56:18 - [TEST_STEP][PASSED] - if (i == 3 &amp;&amp; wildList.indexOf(symbol) != -1): null

2019-08-10 23:56:18 - [TEST_STEP][PASSED] - if (i == 4 &amp;&amp; wildList.indexOf(symbol) != -1): null

2019-08-10 23:56:18 - [TEST_STEP][PASSED] - free_spin_reel_counter = free_spin_reel_counter: null

2019-08-10 23:56:18 - [TEST_STEP][PASSED] - println("reel 3 wild found: " + free_spin_reel_counter[0]): null

2019-08-10 23:56:18 - [TEST_STEP][PASSED] - println("reel 4 wild found: " + free_spin_reel_counter[1]): null

2019-08-10 23:56:18 - [TEST_STEP][PASSED] - println("reel 5 wild found: " + free_spin_reel_counter[2]): null

2019-08-10 23:56:18 - [TEST_STEP][PASSED] - M4_spin_reels = M4_spin_reels: null

2019-08-10 23:56:18 - [TEST_STEP][PASSED] - M4_spin_reels_symbols = symbol: null

2019-08-10 23:56:18 - [TEST_STEP][PASSED] - M4_spin_reels_symbols = M4_spin_reels_symbols: null

2019-08-10 23:56:18 - [TEST_STEP][PASSED] - M4_spin_reel_wins = reel_wins: null

2019-08-10 23:56:18 - [TEST_STEP][PASSED] - M4_spin_reel_wins = M4_spin_reel_wins: null

2019-08-10 23:56:18 - [TEST_STEP][PASSED] - println("GlobalVariable.M4_spin_reel_wins is: " + M4_spin_reel_wins): null

2019-08-10 23:56:18 - [TEST_STEP][PASSED] - M4_spin_total_bonus_win_this_round = total_bonus_win_this_round: null

2019-08-10 23:56:18 - [TEST_STEP][PASSED] - M4_spin_total_bonus_win_this_round = M4_spin_total_bonus_win_this_round: null

2019-08-10 23:56:18 - [TEST_STEP][PASSED] - println("GlobalVariable.M4_spin_total_bonus_win_this_round is: " + M4_spin_total_bonus_win_this_round): null

2019-08-10 23:56:18 - [MESSAGE][PASSED] - Verify response successfully

2019-08-10 23:56:18 - [MESSAGE][PASSED] - Send request and verify the response successfully

2019-08-10 23:56:18 - [TEST_STEP][PASSED] - if (M4_total_bonus_spins_int != 0 &amp;&amp; M4_spin_reels_symbols[2].contains("WILD_Double") || M4_spin_reels_symbols[4].contains("WILD_Triple")): null

2019-08-10 23:56:18 - [TEST_STEP][PASSED] - free_spin_reel_counter = free_spin_reel_counter: null

2019-08-10 23:56:18 - [TEST_STEP][PASSED] - M4_spin_reels_symbols = M4_spin_reels_symbols: null

2019-08-10 23:56:18 - [TEST_STEP][PASSED] - M4_total_bonus_spins = M4_total_bonus_spins: null

2019-08-10 23:56:18 - [TEST_STEP][PASSED] - spin_result = sendRequestAndVerify(findTestObject("RGS(M4)/1_M4_spin", ["M4_login_user_id":M4_login_user_id, "rgs_session_token":rgs_session_token, "partner":Partner])): Send request and verify the response successfully

2019-08-10 23:56:19 - [TEST_CASE][PASSED] - Start Test Case : Verification: Verification accomplished successfully

2019-08-10 23:56:19 - [TEST_STEP][PASSED] - request = getInstance().getCurrentRequest(): null

2019-08-10 23:56:19 - [TEST_STEP][PASSED] - response = getInstance().getCurrentResponse(): null

2019-08-10 23:56:19 - [TEST_STEP][PASSED] - verifyResponseStatusCode(response, 200): Verify response status code successfully

2019-08-10 23:56:19 - [MESSAGE][PASSED] - Verify response status code successfully

2019-08-10 23:56:19 - [TEST_STEP][PASSED] - getStatusCode()).isEqualTo(200): null

2019-08-10 23:56:19 - [TEST_STEP][PASSED] - newline = System.getProperty("line.separator"): null

2019-08-10 23:56:19 - [TEST_STEP][PASSED] - M4_spin = new groovy.json.JsonSlurper(): null

2019-08-10 23:56:19 - [TEST_STEP][PASSED] - result_M4_spin = M4_spin.parseText(response.getResponseBodyContent()): null

2019-08-10 23:56:19 - [TEST_STEP][PASSED] - M4_spin_current_balance = current_balance: null

2019-08-10 23:56:19 - [TEST_STEP][PASSED] - M4_spin_current_balance = M4_spin_current_balance: null

2019-08-10 23:56:19 - [TEST_STEP][PASSED] - M4_spin_transaction_id = causality: null

2019-08-10 23:56:19 - [TEST_STEP][PASSED] - M4_spin_transaction_id = M4_spin_transaction_id: null

2019-08-10 23:56:19 - [TEST_STEP][PASSED] - M4_spin_round_id = round_id: null

2019-08-10 23:56:19 - [TEST_STEP][PASSED] - M4_spin_round_id = M4_spin_round_id: null

2019-08-10 23:56:19 - [TEST_STEP][PASSED] - M4_spin_line_wins = line_wins: null

2019-08-10 23:56:19 - [TEST_STEP][PASSED] - M4_spin_line_wins = M4_spin_line_wins: null

2019-08-10 23:56:19 - [TEST_STEP][PASSED] - M4_total_bonus_spins_int = total_bonus_spins: null

2019-08-10 23:56:19 - [TEST_STEP][PASSED] - println("******M4_total_bonus_spins type is:*******" + newline + getClass().getName()): null

2019-08-10 23:56:19 - [TEST_STEP][PASSED] - M4_total_bonus_spins_int = M4_total_bonus_spins_int: null

2019-08-10 23:56:19 - [TEST_STEP][PASSED] - M4_total_bonus_spins = Integer.toString(M4_total_bonus_spins_int): null

2019-08-10 23:56:19 - [TEST_STEP][PASSED] - M4_total_bonus_spins = M4_total_bonus_spins: null

2019-08-10 23:56:19 - [TEST_STEP][PASSED] - println("M4_total_bonus_spins is:" + M4_total_bonus_spins): null

2019-08-10 23:56:19 - [TEST_STEP][PASSED] - M4_spin_bonus_data = bonus_data: null

2019-08-10 23:56:19 - [TEST_STEP][PASSED] - M4_spin_features_triggered = result_M4_spin: null

2019-08-10 23:56:19 - [TEST_STEP][PASSED] - wild = []: null

2019-08-10 23:56:19 - [TEST_STEP][PASSED] - wild[0] = "WILD_Expanding": null

2019-08-10 23:56:19 - [TEST_STEP][PASSED] - wild[1] = "WILD_Normal": null

2019-08-10 23:56:19 - [TEST_STEP][PASSED] - wild[2] = "WILD_Double": null

2019-08-10 23:56:19 - [TEST_STEP][PASSED] - wild[3] = "WILD_ExtraFG": null

2019-08-10 23:56:19 - [TEST_STEP][PASSED] - wild[4] = "WILD_Triple": null

2019-08-10 23:56:19 - [TEST_STEP][PASSED] - wildList = Arrays.asList(wild): null

2019-08-10 23:56:19 - [TEST_STEP][PASSED] - wildList = wildList: null

2019-08-10 23:56:19 - [TEST_STEP][PASSED] - free_spin_reel_counter = []: null

2019-08-10 23:56:22 - [TEST_STEP][PASSED] - free_spin_reel_counter[0] = 0: null

2019-08-10 23:56:22 - [TEST_STEP][PASSED] - free_spin_reel_counter[1] = 0: null

2019-08-10 23:56:22 - [TEST_STEP][PASSED] - free_spin_reel_counter[2] = 0: null

2019-08-10 23:56:22 - [TEST_STEP][PASSED] - M4_spin_reels = reels: null

2019-08-10 23:56:22 - [TEST_STEP][PASSED] - for ([i = 0, i &lt; M4_spin_reels.size(), (i++)]): null

2019-08-10 23:56:22 - [TEST_STEP][PASSED] - symbols = symbols: null

2019-08-10 23:56:22 - [TEST_STEP][PASSED] - for ([j = 0, j &lt; symbols.size(), (j++)]): null

2019-08-10 23:56:22 - [TEST_STEP][PASSED] - symbol = symbol: null

2019-08-10 23:56:22 - [TEST_STEP][PASSED] - println(symbol): null

2019-08-10 23:56:22 - [TEST_STEP][PASSED] - if (i == 2 &amp;&amp; wildList.indexOf(symbol) != -1): null

2019-08-10 23:56:22 - [TEST_STEP][PASSED] - if (i == 3 &amp;&amp; wildList.indexOf(symbol) != -1): null

2019-08-10 23:56:22 - [TEST_STEP][PASSED] - if (i == 4 &amp;&amp; wildList.indexOf(symbol) != -1): null

2019-08-10 23:56:22 - [TEST_STEP][PASSED] - symbol = symbol: null

2019-08-10 23:56:22 - [TEST_STEP][PASSED] - println(symbol): null

2019-08-10 23:56:22 - [TEST_STEP][PASSED] - if (i == 2 &amp;&amp; wildList.indexOf(symbol) != -1): null

2019-08-10 23:56:22 - [TEST_STEP][PASSED] - if (i == 3 &amp;&amp; wildList.indexOf(symbol) != -1): null

2019-08-10 23:56:22 - [TEST_STEP][PASSED] - if (i == 4 &amp;&amp; wildList.indexOf(symbol) != -1): null

2019-08-10 23:56:22 - [TEST_STEP][PASSED] - symbol = symbol: null

2019-08-10 23:56:22 - [TEST_STEP][PASSED] - println(symbol): null

2019-08-10 23:56:22 - [TEST_STEP][PASSED] - if (i == 2 &amp;&amp; wildList.indexOf(symbol) != -1): null

2019-08-10 23:56:22 - [TEST_STEP][PASSED] - if (i == 3 &amp;&amp; wildList.indexOf(symbol) != -1): null

2019-08-10 23:56:22 - [TEST_STEP][PASSED] - if (i == 4 &amp;&amp; wildList.indexOf(symbol) != -1): null

2019-08-10 23:56:22 - [TEST_STEP][PASSED] - symbols = symbols: null

2019-08-10 23:56:22 - [TEST_STEP][PASSED] - for ([j = 0, j &lt; symbols.size(), (j++)]): null

2019-08-10 23:56:22 - [TEST_STEP][PASSED] - symbol = symbol: null

2019-08-10 23:56:22 - [TEST_STEP][PASSED] - println(symbol): null

2019-08-10 23:56:22 - [TEST_STEP][PASSED] - if (i == 2 &amp;&amp; wildList.indexOf(symbol) != -1): null

2019-08-10 23:56:22 - [TEST_STEP][PASSED] - if (i == 3 &amp;&amp; wildList.indexOf(symbol) != -1): null

2019-08-10 23:56:22 - [TEST_STEP][PASSED] - if (i == 4 &amp;&amp; wildList.indexOf(symbol) != -1): null

2019-08-10 23:56:22 - [TEST_STEP][PASSED] - symbol = symbol: null

2019-08-10 23:56:22 - [TEST_STEP][PASSED] - println(symbol): null

2019-08-10 23:56:22 - [TEST_STEP][PASSED] - if (i == 2 &amp;&amp; wildList.indexOf(symbol) != -1): null

2019-08-10 23:56:22 - [TEST_STEP][PASSED] - if (i == 3 &amp;&amp; wildList.indexOf(symbol) != -1): null

2019-08-10 23:56:22 - [TEST_STEP][PASSED] - if (i == 4 &amp;&amp; wildList.indexOf(symbol) != -1): null

2019-08-10 23:56:22 - [TEST_STEP][PASSED] - symbol = symbol: null

2019-08-10 23:56:22 - [TEST_STEP][PASSED] - println(symbol): null

2019-08-10 23:56:22 - [TEST_STEP][PASSED] - if (i == 2 &amp;&amp; wildList.indexOf(symbol) != -1): null

2019-08-10 23:56:22 - [TEST_STEP][PASSED] - if (i == 3 &amp;&amp; wildList.indexOf(symbol) != -1): null

2019-08-10 23:56:22 - [TEST_STEP][PASSED] - if (i == 4 &amp;&amp; wildList.indexOf(symbol) != -1): null

2019-08-10 23:56:22 - [TEST_STEP][PASSED] - symbols = symbols: null

2019-08-10 23:56:22 - [TEST_STEP][PASSED] - for ([j = 0, j &lt; symbols.size(), (j++)]): null

2019-08-10 23:56:22 - [TEST_STEP][PASSED] - symbol = symbol: null

2019-08-10 23:56:22 - [TEST_STEP][PASSED] - println(symbol): null

2019-08-10 23:56:22 - [TEST_STEP][PASSED] - if (i == 2 &amp;&amp; wildList.indexOf(symbol) != -1): null

2019-08-10 23:56:22 - [TEST_STEP][PASSED] - if (i == 3 &amp;&amp; wildList.indexOf(symbol) != -1): null

2019-08-10 23:56:22 - [TEST_STEP][PASSED] - if (i == 4 &amp;&amp; wildList.indexOf(symbol) != -1): null

2019-08-10 23:56:22 - [TEST_STEP][PASSED] - symbol = symbol: null

2019-08-10 23:56:22 - [TEST_STEP][PASSED] - println(symbol): null

2019-08-10 23:56:22 - [TEST_STEP][PASSED] - if (i == 2 &amp;&amp; wildList.indexOf(symbol) != -1): null

2019-08-10 23:56:22 - [TEST_STEP][PASSED] - if (i == 3 &amp;&amp; wildList.indexOf(symbol) != -1): null

2019-08-10 23:56:22 - [TEST_STEP][PASSED] - if (i == 4 &amp;&amp; wildList.indexOf(symbol) != -1): null

2019-08-10 23:56:22 - [TEST_STEP][PASSED] - symbol = symbol: null

2019-08-10 23:56:22 - [TEST_STEP][PASSED] - println(symbol): null

2019-08-10 23:56:22 - [TEST_STEP][PASSED] - if (i == 2 &amp;&amp; wildList.indexOf(symbol) != -1): null

2019-08-10 23:56:22 - [TEST_STEP][PASSED] - if (i == 3 &amp;&amp; wildList.indexOf(symbol) != -1): null

2019-08-10 23:56:22 - [TEST_STEP][PASSED] - if (i == 4 &amp;&amp; wildList.indexOf(symbol) != -1): null

2019-08-10 23:56:22 - [TEST_STEP][PASSED] - symbols = symbols: null

2019-08-10 23:56:22 - [TEST_STEP][PASSED] - for ([j = 0, j &lt; symbols.size(), (j++)]): null

2019-08-10 23:56:22 - [TEST_STEP][PASSED] - symbol = symbol: null

2019-08-10 23:56:22 - [TEST_STEP][PASSED] - println(symbol): null

2019-08-10 23:56:22 - [TEST_STEP][PASSED] - if (i == 2 &amp;&amp; wildList.indexOf(symbol) != -1): null

2019-08-10 23:56:22 - [TEST_STEP][PASSED] - if (i == 3 &amp;&amp; wildList.indexOf(symbol) != -1): null

2019-08-10 23:56:22 - [TEST_STEP][PASSED] - if (i == 4 &amp;&amp; wildList.indexOf(symbol) != -1): null

2019-08-10 23:56:22 - [TEST_STEP][PASSED] - symbol = symbol: null

2019-08-10 23:56:22 - [TEST_STEP][PASSED] - println(symbol): null

2019-08-10 23:56:22 - [TEST_STEP][PASSED] - if (i == 2 &amp;&amp; wildList.indexOf(symbol) != -1): null

2019-08-10 23:56:22 - [TEST_STEP][PASSED] - if (i == 3 &amp;&amp; wildList.indexOf(symbol) != -1): null

2019-08-10 23:56:22 - [TEST_STEP][PASSED] - println("wild found on reel 4, adding counter by 1"): null

2019-08-10 23:56:22 - [TEST_STEP][PASSED] - free_spin_reel_counter[1] = free_spin_reel_counter[1] + 1: null

2019-08-10 23:56:22 - [TEST_STEP][PASSED] - if (i == 4 &amp;&amp; wildList.indexOf(symbol) != -1): null

2019-08-10 23:56:22 - [TEST_STEP][PASSED] - symbol = symbol: null

2019-08-10 23:56:22 - [TEST_STEP][PASSED] - println(symbol): null

2019-08-10 23:56:22 - [TEST_STEP][PASSED] - if (i == 2 &amp;&amp; wildList.indexOf(symbol) != -1): null

2019-08-10 23:56:22 - [TEST_STEP][PASSED] - if (i == 3 &amp;&amp; wildList.indexOf(symbol) != -1): null

2019-08-10 23:56:22 - [TEST_STEP][PASSED] - if (i == 4 &amp;&amp; wildList.indexOf(symbol) != -1): null

2019-08-10 23:56:22 - [TEST_STEP][PASSED] - symbols = symbols: null

2019-08-10 23:56:22 - [TEST_STEP][PASSED] - for ([j = 0, j &lt; symbols.size(), (j++)]): null

2019-08-10 23:56:22 - [TEST_STEP][PASSED] - symbol = symbol: null

2019-08-10 23:56:22 - [TEST_STEP][PASSED] - println(symbol): null

2019-08-10 23:56:22 - [TEST_STEP][PASSED] - if (i == 2 &amp;&amp; wildList.indexOf(symbol) != -1): null

2019-08-10 23:56:22 - [TEST_STEP][PASSED] - if (i == 3 &amp;&amp; wildList.indexOf(symbol) != -1): null

2019-08-10 23:56:22 - [TEST_STEP][PASSED] - if (i == 4 &amp;&amp; wildList.indexOf(symbol) != -1): null

2019-08-10 23:56:22 - [TEST_STEP][PASSED] - symbol = symbol: null

2019-08-10 23:56:22 - [TEST_STEP][PASSED] - println(symbol): null

2019-08-10 23:56:22 - [TEST_STEP][PASSED] - if (i == 2 &amp;&amp; wildList.indexOf(symbol) != -1): null

2019-08-10 23:56:22 - [TEST_STEP][PASSED] - if (i == 3 &amp;&amp; wildList.indexOf(symbol) != -1): null

2019-08-10 23:56:22 - [TEST_STEP][PASSED] - if (i == 4 &amp;&amp; wildList.indexOf(symbol) != -1): null

2019-08-10 23:56:22 - [TEST_STEP][PASSED] - symbol = symbol: null

2019-08-10 23:56:22 - [TEST_STEP][PASSED] - println(symbol): null

2019-08-10 23:56:22 - [TEST_STEP][PASSED] - if (i == 2 &amp;&amp; wildList.indexOf(symbol) != -1): null

2019-08-10 23:56:22 - [TEST_STEP][PASSED] - if (i == 3 &amp;&amp; wildList.indexOf(symbol) != -1): null

2019-08-10 23:56:22 - [TEST_STEP][PASSED] - if (i == 4 &amp;&amp; wildList.indexOf(symbol) != -1): null

2019-08-10 23:56:22 - [TEST_STEP][PASSED] - free_spin_reel_counter = free_spin_reel_counter: null

2019-08-10 23:56:22 - [TEST_STEP][PASSED] - println("reel 3 wild found: " + free_spin_reel_counter[0]): null

2019-08-10 23:56:22 - [TEST_STEP][PASSED] - println("reel 4 wild found: " + free_spin_reel_counter[1]): null

2019-08-10 23:56:22 - [TEST_STEP][PASSED] - println("reel 5 wild found: " + free_spin_reel_counter[2]): null

2019-08-10 23:56:22 - [TEST_STEP][PASSED] - M4_spin_reels = M4_spin_reels: null

2019-08-10 23:56:22 - [TEST_STEP][PASSED] - M4_spin_reels_symbols = symbol: null

2019-08-10 23:56:22 - [TEST_STEP][PASSED] - M4_spin_reels_symbols = M4_spin_reels_symbols: null

2019-08-10 23:56:22 - [TEST_STEP][PASSED] - M4_spin_reel_wins = reel_wins: null

2019-08-10 23:56:22 - [TEST_STEP][PASSED] - M4_spin_reel_wins = M4_spin_reel_wins: null

2019-08-10 23:56:22 - [TEST_STEP][PASSED] - println("GlobalVariable.M4_spin_reel_wins is: " + M4_spin_reel_wins): null

2019-08-10 23:56:22 - [TEST_STEP][PASSED] - M4_spin_total_bonus_win_this_round = total_bonus_win_this_round: null

2019-08-10 23:56:22 - [TEST_STEP][PASSED] - M4_spin_total_bonus_win_this_round = M4_spin_total_bonus_win_this_round: null

2019-08-10 23:56:22 - [TEST_STEP][PASSED] - println("GlobalVariable.M4_spin_total_bonus_win_this_round is: " + M4_spin_total_bonus_win_this_round): null

2019-08-10 23:56:22 - [MESSAGE][PASSED] - Verify response successfully

2019-08-10 23:56:22 - [MESSAGE][PASSED] - Send request and verify the response successfully

2019-08-10 23:56:22 - [TEST_STEP][PASSED] - if (M4_total_bonus_spins_int != 0 &amp;&amp; M4_spin_reels_symbols[2].contains("WILD_Double") || M4_spin_reels_symbols[4].contains("WILD_Triple")): null

2019-08-10 23:56:22 - [TEST_STEP][PASSED] - free_spin_reel_counter = free_spin_reel_counter: null

2019-08-10 23:56:22 - [TEST_STEP][PASSED] - M4_spin_reels_symbols = M4_spin_reels_symbols: null

2019-08-10 23:56:22 - [TEST_STEP][PASSED] - M4_total_bonus_spins = M4_total_bonus_spins: null

2019-08-10 23:56:22 - [TEST_STEP][PASSED] - spin_result = sendRequestAndVerify(findTestObject("RGS(M4)/1_M4_spin", ["M4_login_user_id":M4_login_user_id, "rgs_session_token":rgs_session_token, "partner":Partner])): Send request and verify the response successfully

2019-08-10 23:56:23 - [TEST_CASE][PASSED] - Start Test Case : Verification: Verification accomplished successfully

2019-08-10 23:56:23 - [TEST_STEP][PASSED] - request = getInstance().getCurrentRequest(): null

2019-08-10 23:56:23 - [TEST_STEP][PASSED] - response = getInstance().getCurrentResponse(): null

2019-08-10 23:56:23 - [TEST_STEP][PASSED] - verifyResponseStatusCode(response, 200): Verify response status code successfully

2019-08-10 23:56:23 - [MESSAGE][PASSED] - Verify response status code successfully

2019-08-10 23:56:23 - [TEST_STEP][PASSED] - getStatusCode()).isEqualTo(200): null

2019-08-10 23:56:23 - [TEST_STEP][PASSED] - newline = System.getProperty("line.separator"): null

2019-08-10 23:56:23 - [TEST_STEP][PASSED] - M4_spin = new groovy.json.JsonSlurper(): null

2019-08-10 23:56:23 - [TEST_STEP][PASSED] - result_M4_spin = M4_spin.parseText(response.getResponseBodyContent()): null

2019-08-10 23:56:23 - [TEST_STEP][PASSED] - M4_spin_current_balance = current_balance: null

2019-08-10 23:56:23 - [TEST_STEP][PASSED] - M4_spin_current_balance = M4_spin_current_balance: null

2019-08-10 23:56:23 - [TEST_STEP][PASSED] - M4_spin_transaction_id = causality: null

2019-08-10 23:56:23 - [TEST_STEP][PASSED] - M4_spin_transaction_id = M4_spin_transaction_id: null

2019-08-10 23:56:23 - [TEST_STEP][PASSED] - M4_spin_round_id = round_id: null

2019-08-10 23:56:23 - [TEST_STEP][PASSED] - M4_spin_round_id = M4_spin_round_id: null

2019-08-10 23:56:23 - [TEST_STEP][PASSED] - M4_spin_line_wins = line_wins: null

2019-08-10 23:56:23 - [TEST_STEP][PASSED] - M4_spin_line_wins = M4_spin_line_wins: null

2019-08-10 23:56:23 - [TEST_STEP][PASSED] - M4_total_bonus_spins_int = total_bonus_spins: null

2019-08-10 23:56:23 - [TEST_STEP][PASSED] - println("******M4_total_bonus_spins type is:*******" + newline + getClass().getName()): null

2019-08-10 23:56:23 - [TEST_STEP][PASSED] - M4_total_bonus_spins_int = M4_total_bonus_spins_int: null

2019-08-10 23:56:23 - [TEST_STEP][PASSED] - M4_total_bonus_spins = Integer.toString(M4_total_bonus_spins_int): null

2019-08-10 23:56:23 - [TEST_STEP][PASSED] - M4_total_bonus_spins = M4_total_bonus_spins: null

2019-08-10 23:56:23 - [TEST_STEP][PASSED] - println("M4_total_bonus_spins is:" + M4_total_bonus_spins): null

2019-08-10 23:56:23 - [TEST_STEP][PASSED] - M4_spin_bonus_data = bonus_data: null

2019-08-10 23:56:23 - [TEST_STEP][PASSED] - M4_spin_features_triggered = result_M4_spin: null

2019-08-10 23:56:23 - [TEST_STEP][PASSED] - wild = []: null

2019-08-10 23:56:23 - [TEST_STEP][PASSED] - wild[0] = "WILD_Expanding": null

2019-08-10 23:56:23 - [TEST_STEP][PASSED] - wild[1] = "WILD_Normal": null

2019-08-10 23:56:23 - [TEST_STEP][PASSED] - wild[2] = "WILD_Double": null

2019-08-10 23:56:23 - [TEST_STEP][PASSED] - wild[3] = "WILD_ExtraFG": null

2019-08-10 23:56:23 - [TEST_STEP][PASSED] - wild[4] = "WILD_Triple": null

2019-08-10 23:56:23 - [TEST_STEP][PASSED] - wildList = Arrays.asList(wild): null

2019-08-10 23:56:23 - [TEST_STEP][PASSED] - wildList = wildList: null

2019-08-10 23:56:23 - [TEST_STEP][PASSED] - free_spin_reel_counter = []: null

2019-08-10 23:56:23 - [TEST_STEP][PASSED] - free_spin_reel_counter[0] = 0: null

2019-08-10 23:56:23 - [TEST_STEP][PASSED] - free_spin_reel_counter[1] = 0: null

2019-08-10 23:56:23 - [TEST_STEP][PASSED] - free_spin_reel_counter[2] = 0: null

2019-08-10 23:56:23 - [TEST_STEP][PASSED] - M4_spin_reels = reels: null

2019-08-10 23:56:23 - [TEST_STEP][PASSED] - for ([i = 0, i &lt; M4_spin_reels.size(), (i++)]): null

2019-08-10 23:56:23 - [TEST_STEP][PASSED] - symbols = symbols: null

2019-08-10 23:56:23 - [TEST_STEP][PASSED] - for ([j = 0, j &lt; symbols.size(), (j++)]): null

2019-08-10 23:56:23 - [TEST_STEP][PASSED] - symbol = symbol: null

2019-08-10 23:56:23 - [TEST_STEP][PASSED] - println(symbol): null

2019-08-10 23:56:23 - [TEST_STEP][PASSED] - if (i == 2 &amp;&amp; wildList.indexOf(symbol) != -1): null

2019-08-10 23:56:23 - [TEST_STEP][PASSED] - if (i == 3 &amp;&amp; wildList.indexOf(symbol) != -1): null

2019-08-10 23:56:23 - [TEST_STEP][PASSED] - if (i == 4 &amp;&amp; wildList.indexOf(symbol) != -1): null

2019-08-10 23:56:23 - [TEST_STEP][PASSED] - symbol = symbol: null

2019-08-10 23:56:23 - [TEST_STEP][PASSED] - println(symbol): null

2019-08-10 23:56:23 - [TEST_STEP][PASSED] - if (i == 2 &amp;&amp; wildList.indexOf(symbol) != -1): null

2019-08-10 23:56:23 - [TEST_STEP][PASSED] - if (i == 3 &amp;&amp; wildList.indexOf(symbol) != -1): null

2019-08-10 23:56:23 - [TEST_STEP][PASSED] - if (i == 4 &amp;&amp; wildList.indexOf(symbol) != -1): null

2019-08-10 23:56:23 - [TEST_STEP][PASSED] - symbol = symbol: null

2019-08-10 23:56:23 - [TEST_STEP][PASSED] - println(symbol): null

2019-08-10 23:56:23 - [TEST_STEP][PASSED] - if (i == 2 &amp;&amp; wildList.indexOf(symbol) != -1): null

2019-08-10 23:56:23 - [TEST_STEP][PASSED] - if (i == 3 &amp;&amp; wildList.indexOf(symbol) != -1): null

2019-08-10 23:56:23 - [TEST_STEP][PASSED] - if (i == 4 &amp;&amp; wildList.indexOf(symbol) != -1): null

2019-08-10 23:56:23 - [TEST_STEP][PASSED] - symbols = symbols: null

2019-08-10 23:56:23 - [TEST_STEP][PASSED] - for ([j = 0, j &lt; symbols.size(), (j++)]): null

2019-08-10 23:56:23 - [TEST_STEP][PASSED] - symbol = symbol: null

2019-08-10 23:56:23 - [TEST_STEP][PASSED] - println(symbol): null

2019-08-10 23:56:23 - [TEST_STEP][PASSED] - if (i == 2 &amp;&amp; wildList.indexOf(symbol) != -1): null

2019-08-10 23:56:23 - [TEST_STEP][PASSED] - if (i == 3 &amp;&amp; wildList.indexOf(symbol) != -1): null

2019-08-10 23:56:23 - [TEST_STEP][PASSED] - if (i == 4 &amp;&amp; wildList.indexOf(symbol) != -1): null

2019-08-10 23:56:23 - [TEST_STEP][PASSED] - symbol = symbol: null

2019-08-10 23:56:23 - [TEST_STEP][PASSED] - println(symbol): null

2019-08-10 23:56:23 - [TEST_STEP][PASSED] - if (i == 2 &amp;&amp; wildList.indexOf(symbol) != -1): null

2019-08-10 23:56:23 - [TEST_STEP][PASSED] - if (i == 3 &amp;&amp; wildList.indexOf(symbol) != -1): null

2019-08-10 23:56:23 - [TEST_STEP][PASSED] - if (i == 4 &amp;&amp; wildList.indexOf(symbol) != -1): null

2019-08-10 23:56:23 - [TEST_STEP][PASSED] - symbol = symbol: null

2019-08-10 23:56:23 - [TEST_STEP][PASSED] - println(symbol): null

2019-08-10 23:56:23 - [TEST_STEP][PASSED] - if (i == 2 &amp;&amp; wildList.indexOf(symbol) != -1): null

2019-08-10 23:56:23 - [TEST_STEP][PASSED] - if (i == 3 &amp;&amp; wildList.indexOf(symbol) != -1): null

2019-08-10 23:56:23 - [TEST_STEP][PASSED] - if (i == 4 &amp;&amp; wildList.indexOf(symbol) != -1): null

2019-08-10 23:56:23 - [TEST_STEP][PASSED] - symbols = symbols: null

2019-08-10 23:56:23 - [TEST_STEP][PASSED] - for ([j = 0, j &lt; symbols.size(), (j++)]): null

2019-08-10 23:56:23 - [TEST_STEP][PASSED] - symbol = symbol: null

2019-08-10 23:56:23 - [TEST_STEP][PASSED] - println(symbol): null

2019-08-10 23:56:23 - [TEST_STEP][PASSED] - if (i == 2 &amp;&amp; wildList.indexOf(symbol) != -1): null

2019-08-10 23:56:23 - [TEST_STEP][PASSED] - if (i == 3 &amp;&amp; wildList.indexOf(symbol) != -1): null

2019-08-10 23:56:23 - [TEST_STEP][PASSED] - if (i == 4 &amp;&amp; wildList.indexOf(symbol) != -1): null

2019-08-10 23:56:23 - [TEST_STEP][PASSED] - symbol = symbol: null

2019-08-10 23:56:23 - [TEST_STEP][PASSED] - println(symbol): null

2019-08-10 23:56:23 - [TEST_STEP][PASSED] - if (i == 2 &amp;&amp; wildList.indexOf(symbol) != -1): null

2019-08-10 23:56:23 - [TEST_STEP][PASSED] - if (i == 3 &amp;&amp; wildList.indexOf(symbol) != -1): null

2019-08-10 23:56:23 - [TEST_STEP][PASSED] - if (i == 4 &amp;&amp; wildList.indexOf(symbol) != -1): null

2019-08-10 23:56:23 - [TEST_STEP][PASSED] - symbol = symbol: null

2019-08-10 23:56:23 - [TEST_STEP][PASSED] - println(symbol): null

2019-08-10 23:56:23 - [TEST_STEP][PASSED] - if (i == 2 &amp;&amp; wildList.indexOf(symbol) != -1): null

2019-08-10 23:56:23 - [TEST_STEP][PASSED] - if (i == 3 &amp;&amp; wildList.indexOf(symbol) != -1): null

2019-08-10 23:56:23 - [TEST_STEP][PASSED] - if (i == 4 &amp;&amp; wildList.indexOf(symbol) != -1): null

2019-08-10 23:56:23 - [TEST_STEP][PASSED] - symbols = symbols: null

2019-08-10 23:56:23 - [TEST_STEP][PASSED] - for ([j = 0, j &lt; symbols.size(), (j++)]): null

2019-08-10 23:56:23 - [TEST_STEP][PASSED] - symbol = symbol: null

2019-08-10 23:56:23 - [TEST_STEP][PASSED] - println(symbol): null

2019-08-10 23:56:23 - [TEST_STEP][PASSED] - if (i == 2 &amp;&amp; wildList.indexOf(symbol) != -1): null

2019-08-10 23:56:23 - [TEST_STEP][PASSED] - if (i == 3 &amp;&amp; wildList.indexOf(symbol) != -1): null

2019-08-10 23:56:23 - [TEST_STEP][PASSED] - if (i == 4 &amp;&amp; wildList.indexOf(symbol) != -1): null

2019-08-10 23:56:23 - [TEST_STEP][PASSED] - symbol = symbol: null

2019-08-10 23:56:23 - [TEST_STEP][PASSED] - println(symbol): null

2019-08-10 23:56:23 - [TEST_STEP][PASSED] - if (i == 2 &amp;&amp; wildList.indexOf(symbol) != -1): null

2019-08-10 23:56:23 - [TEST_STEP][PASSED] - if (i == 3 &amp;&amp; wildList.indexOf(symbol) != -1): null

2019-08-10 23:56:23 - [TEST_STEP][PASSED] - println("wild found on reel 4, adding counter by 1"): null

2019-08-10 23:56:23 - [TEST_STEP][PASSED] - free_spin_reel_counter[1] = free_spin_reel_counter[1] + 1: null

2019-08-10 23:56:23 - [TEST_STEP][PASSED] - if (i == 4 &amp;&amp; wildList.indexOf(symbol) != -1): null

2019-08-10 23:56:23 - [TEST_STEP][PASSED] - symbol = symbol: null

2019-08-10 23:56:23 - [TEST_STEP][PASSED] - println(symbol): null

2019-08-10 23:56:23 - [TEST_STEP][PASSED] - if (i == 2 &amp;&amp; wildList.indexOf(symbol) != -1): null

2019-08-10 23:56:23 - [TEST_STEP][PASSED] - if (i == 3 &amp;&amp; wildList.indexOf(symbol) != -1): null

2019-08-10 23:56:23 - [TEST_STEP][PASSED] - if (i == 4 &amp;&amp; wildList.indexOf(symbol) != -1): null

2019-08-10 23:56:23 - [TEST_STEP][PASSED] - symbols = symbols: null

2019-08-10 23:56:23 - [TEST_STEP][PASSED] - for ([j = 0, j &lt; symbols.size(), (j++)]): null

2019-08-10 23:56:23 - [TEST_STEP][PASSED] - symbol = symbol: null

2019-08-10 23:56:23 - [TEST_STEP][PASSED] - println(symbol): null

2019-08-10 23:56:23 - [TEST_STEP][PASSED] - if (i == 2 &amp;&amp; wildList.indexOf(symbol) != -1): null

2019-08-10 23:56:23 - [TEST_STEP][PASSED] - if (i == 3 &amp;&amp; wildList.indexOf(symbol) != -1): null

2019-08-10 23:56:23 - [TEST_STEP][PASSED] - if (i == 4 &amp;&amp; wildList.indexOf(symbol) != -1): null

2019-08-10 23:56:23 - [TEST_STEP][PASSED] - symbol = symbol: null

2019-08-10 23:56:23 - [TEST_STEP][PASSED] - println(symbol): null

2019-08-10 23:56:23 - [TEST_STEP][PASSED] - if (i == 2 &amp;&amp; wildList.indexOf(symbol) != -1): null

2019-08-10 23:56:23 - [TEST_STEP][PASSED] - if (i == 3 &amp;&amp; wildList.indexOf(symbol) != -1): null

2019-08-10 23:56:23 - [TEST_STEP][PASSED] - if (i == 4 &amp;&amp; wildList.indexOf(symbol) != -1): null

2019-08-10 23:56:23 - [TEST_STEP][PASSED] - symbol = symbol: null

2019-08-10 23:56:23 - [TEST_STEP][PASSED] - println(symbol): null

2019-08-10 23:56:23 - [TEST_STEP][PASSED] - if (i == 2 &amp;&amp; wildList.indexOf(symbol) != -1): null

2019-08-10 23:56:23 - [TEST_STEP][PASSED] - if (i == 3 &amp;&amp; wildList.indexOf(symbol) != -1): null

2019-08-10 23:56:23 - [TEST_STEP][PASSED] - if (i == 4 &amp;&amp; wildList.indexOf(symbol) != -1): null

2019-08-10 23:56:23 - [TEST_STEP][PASSED] - free_spin_reel_counter = free_spin_reel_counter: null

2019-08-10 23:56:23 - [TEST_STEP][PASSED] - println("reel 3 wild found: " + free_spin_reel_counter[0]): null

2019-08-10 23:56:23 - [TEST_STEP][PASSED] - println("reel 4 wild found: " + free_spin_reel_counter[1]): null

2019-08-10 23:56:23 - [TEST_STEP][PASSED] - println("reel 5 wild found: " + free_spin_reel_counter[2]): null

2019-08-10 23:56:23 - [TEST_STEP][PASSED] - M4_spin_reels = M4_spin_reels: null

2019-08-10 23:56:23 - [TEST_STEP][PASSED] - M4_spin_reels_symbols = symbol: null

2019-08-10 23:56:23 - [TEST_STEP][PASSED] - M4_spin_reels_symbols = M4_spin_reels_symbols: null

2019-08-10 23:56:23 - [TEST_STEP][PASSED] - M4_spin_reel_wins = reel_wins: null

2019-08-10 23:56:23 - [TEST_STEP][PASSED] - M4_spin_reel_wins = M4_spin_reel_wins: null

2019-08-10 23:56:23 - [TEST_STEP][PASSED] - println("GlobalVariable.M4_spin_reel_wins is: " + M4_spin_reel_wins): null

2019-08-10 23:56:23 - [TEST_STEP][PASSED] - M4_spin_total_bonus_win_this_round = total_bonus_win_this_round: null

2019-08-10 23:56:23 - [TEST_STEP][PASSED] - M4_spin_total_bonus_win_this_round = M4_spin_total_bonus_win_this_round: null

2019-08-10 23:56:23 - [TEST_STEP][PASSED] - println("GlobalVariable.M4_spin_total_bonus_win_this_round is: " + M4_spin_total_bonus_win_this_round): null

2019-08-10 23:56:23 - [MESSAGE][PASSED] - Verify response successfully

2019-08-10 23:56:23 - [MESSAGE][PASSED] - Send request and verify the response successfully

2019-08-10 23:56:23 - [TEST_STEP][PASSED] - if (M4_total_bonus_spins_int != 0 &amp;&amp; M4_spin_reels_symbols[2].contains("WILD_Double") || M4_spin_reels_symbols[4].contains("WILD_Triple")): null

2019-08-10 23:56:23 - [TEST_STEP][PASSED] - free_spin_reel_counter = free_spin_reel_counter: null

2019-08-10 23:56:23 - [TEST_STEP][PASSED] - M4_spin_reels_symbols = M4_spin_reels_symbols: null

2019-08-10 23:56:23 - [TEST_STEP][PASSED] - M4_total_bonus_spins = M4_total_bonus_spins: null

2019-08-10 23:56:23 - [TEST_STEP][PASSED] - spin_result = sendRequestAndVerify(findTestObject("RGS(M4)/1_M4_spin", ["M4_login_user_id":M4_login_user_id, "rgs_session_token":rgs_session_token, "partner":Partner])): Send request and verify the response successfully

2019-08-10 23:56:23 - [TEST_CASE][PASSED] - Start Test Case : Verification: Verification accomplished successfully

2019-08-10 23:56:23 - [TEST_STEP][PASSED] - request = getInstance().getCurrentRequest(): null

2019-08-10 23:56:23 - [TEST_STEP][PASSED] - response = getInstance().getCurrentResponse(): null

2019-08-10 23:56:23 - [TEST_STEP][PASSED] - verifyResponseStatusCode(response, 200): Verify response status code successfully

2019-08-10 23:56:23 - [MESSAGE][PASSED] - Verify response status code successfully

2019-08-10 23:56:23 - [TEST_STEP][PASSED] - getStatusCode()).isEqualTo(200): null

2019-08-10 23:56:23 - [TEST_STEP][PASSED] - newline = System.getProperty("line.separator"): null

2019-08-10 23:56:23 - [TEST_STEP][PASSED] - M4_spin = new groovy.json.JsonSlurper(): null

2019-08-10 23:56:23 - [TEST_STEP][PASSED] - result_M4_spin = M4_spin.parseText(response.getResponseBodyContent()): null

2019-08-10 23:56:23 - [TEST_STEP][PASSED] - M4_spin_current_balance = current_balance: null

2019-08-10 23:56:23 - [TEST_STEP][PASSED] - M4_spin_current_balance = M4_spin_current_balance: null

2019-08-10 23:56:23 - [TEST_STEP][PASSED] - M4_spin_transaction_id = causality: null

2019-08-10 23:56:23 - [TEST_STEP][PASSED] - M4_spin_transaction_id = M4_spin_transaction_id: null

2019-08-10 23:56:23 - [TEST_STEP][PASSED] - M4_spin_round_id = round_id: null

2019-08-10 23:56:23 - [TEST_STEP][PASSED] - M4_spin_round_id = M4_spin_round_id: null

2019-08-10 23:56:23 - [TEST_STEP][PASSED] - M4_spin_line_wins = line_wins: null

2019-08-10 23:56:23 - [TEST_STEP][PASSED] - M4_spin_line_wins = M4_spin_line_wins: null

2019-08-10 23:56:23 - [TEST_STEP][PASSED] - M4_total_bonus_spins_int = total_bonus_spins: null

2019-08-10 23:56:23 - [TEST_STEP][PASSED] - println("******M4_total_bonus_spins type is:*******" + newline + getClass().getName()): null

2019-08-10 23:56:23 - [TEST_STEP][PASSED] - M4_total_bonus_spins_int = M4_total_bonus_spins_int: null

2019-08-10 23:56:23 - [TEST_STEP][PASSED] - M4_total_bonus_spins = Integer.toString(M4_total_bonus_spins_int): null

2019-08-10 23:56:23 - [TEST_STEP][PASSED] - M4_total_bonus_spins = M4_total_bonus_spins: null

2019-08-10 23:56:23 - [TEST_STEP][PASSED] - println("M4_total_bonus_spins is:" + M4_total_bonus_spins): null

2019-08-10 23:56:23 - [TEST_STEP][PASSED] - M4_spin_bonus_data = bonus_data: null

2019-08-10 23:56:23 - [TEST_STEP][PASSED] - M4_spin_features_triggered = result_M4_spin: null

2019-08-10 23:56:23 - [TEST_STEP][PASSED] - wild = []: null

2019-08-10 23:56:23 - [TEST_STEP][PASSED] - wild[0] = "WILD_Expanding": null

2019-08-10 23:56:23 - [TEST_STEP][PASSED] - wild[1] = "WILD_Normal": null

2019-08-10 23:56:23 - [TEST_STEP][PASSED] - wild[2] = "WILD_Double": null

2019-08-10 23:56:23 - [TEST_STEP][PASSED] - wild[3] = "WILD_ExtraFG": null

2019-08-10 23:56:23 - [TEST_STEP][PASSED] - wild[4] = "WILD_Triple": null

2019-08-10 23:56:23 - [TEST_STEP][PASSED] - wildList = Arrays.asList(wild): null

2019-08-10 23:56:23 - [TEST_STEP][PASSED] - wildList = wildList: null

2019-08-10 23:56:23 - [TEST_STEP][PASSED] - free_spin_reel_counter = []: null

2019-08-10 23:56:23 - [TEST_STEP][PASSED] - free_spin_reel_counter[0] = 0: null

2019-08-10 23:56:23 - [TEST_STEP][PASSED] - free_spin_reel_counter[1] = 0: null

2019-08-10 23:56:23 - [TEST_STEP][PASSED] - free_spin_reel_counter[2] = 0: null

2019-08-10 23:56:23 - [TEST_STEP][PASSED] - M4_spin_reels = reels: null

2019-08-10 23:56:23 - [TEST_STEP][PASSED] - for ([i = 0, i &lt; M4_spin_reels.size(), (i++)]): null

2019-08-10 23:56:23 - [TEST_STEP][PASSED] - symbols = symbols: null

2019-08-10 23:56:23 - [TEST_STEP][PASSED] - for ([j = 0, j &lt; symbols.size(), (j++)]): null

2019-08-10 23:56:23 - [TEST_STEP][PASSED] - symbol = symbol: null

2019-08-10 23:56:23 - [TEST_STEP][PASSED] - println(symbol): null

2019-08-10 23:56:23 - [TEST_STEP][PASSED] - if (i == 2 &amp;&amp; wildList.indexOf(symbol) != -1): null

2019-08-10 23:56:23 - [TEST_STEP][PASSED] - if (i == 3 &amp;&amp; wildList.indexOf(symbol) != -1): null

2019-08-10 23:56:23 - [TEST_STEP][PASSED] - if (i == 4 &amp;&amp; wildList.indexOf(symbol) != -1): null

2019-08-10 23:56:23 - [TEST_STEP][PASSED] - symbol = symbol: null

2019-08-10 23:56:23 - [TEST_STEP][PASSED] - println(symbol): null

2019-08-10 23:56:23 - [TEST_STEP][PASSED] - if (i == 2 &amp;&amp; wildList.indexOf(symbol) != -1): null

2019-08-10 23:56:23 - [TEST_STEP][PASSED] - if (i == 3 &amp;&amp; wildList.indexOf(symbol) != -1): null

2019-08-10 23:56:23 - [TEST_STEP][PASSED] - if (i == 4 &amp;&amp; wildList.indexOf(symbol) != -1): null

2019-08-10 23:56:23 - [TEST_STEP][PASSED] - symbol = symbol: null

2019-08-10 23:56:23 - [TEST_STEP][PASSED] - println(symbol): null

2019-08-10 23:56:23 - [TEST_STEP][PASSED] - if (i == 2 &amp;&amp; wildList.indexOf(symbol) != -1): null

2019-08-10 23:56:23 - [TEST_STEP][PASSED] - if (i == 3 &amp;&amp; wildList.indexOf(symbol) != -1): null

2019-08-10 23:56:23 - [TEST_STEP][PASSED] - if (i == 4 &amp;&amp; wildList.indexOf(symbol) != -1): null

2019-08-10 23:56:23 - [TEST_STEP][PASSED] - symbols = symbols: null

2019-08-10 23:56:23 - [TEST_STEP][PASSED] - for ([j = 0, j &lt; symbols.size(), (j++)]): null

2019-08-10 23:56:23 - [TEST_STEP][PASSED] - symbol = symbol: null

2019-08-10 23:56:23 - [TEST_STEP][PASSED] - println(symbol): null

2019-08-10 23:56:23 - [TEST_STEP][PASSED] - if (i == 2 &amp;&amp; wildList.indexOf(symbol) != -1): null

2019-08-10 23:56:23 - [TEST_STEP][PASSED] - if (i == 3 &amp;&amp; wildList.indexOf(symbol) != -1): null

2019-08-10 23:56:23 - [TEST_STEP][PASSED] - if (i == 4 &amp;&amp; wildList.indexOf(symbol) != -1): null

2019-08-10 23:56:23 - [TEST_STEP][PASSED] - symbol = symbol: null

2019-08-10 23:56:23 - [TEST_STEP][PASSED] - println(symbol): null

2019-08-10 23:56:23 - [TEST_STEP][PASSED] - if (i == 2 &amp;&amp; wildList.indexOf(symbol) != -1): null

2019-08-10 23:56:27 - [TEST_STEP][PASSED] - if (i == 3 &amp;&amp; wildList.indexOf(symbol) != -1): null

2019-08-10 23:56:27 - [TEST_STEP][PASSED] - if (i == 4 &amp;&amp; wildList.indexOf(symbol) != -1): null

2019-08-10 23:56:27 - [TEST_STEP][PASSED] - symbol = symbol: null

2019-08-10 23:56:27 - [TEST_STEP][PASSED] - println(symbol): null

2019-08-10 23:56:27 - [TEST_STEP][PASSED] - if (i == 2 &amp;&amp; wildList.indexOf(symbol) != -1): null

2019-08-10 23:56:27 - [TEST_STEP][PASSED] - if (i == 3 &amp;&amp; wildList.indexOf(symbol) != -1): null

2019-08-10 23:56:27 - [TEST_STEP][PASSED] - if (i == 4 &amp;&amp; wildList.indexOf(symbol) != -1): null

2019-08-10 23:56:27 - [TEST_STEP][PASSED] - symbols = symbols: null

2019-08-10 23:56:27 - [TEST_STEP][PASSED] - for ([j = 0, j &lt; symbols.size(), (j++)]): null

2019-08-10 23:56:27 - [TEST_STEP][PASSED] - symbol = symbol: null

2019-08-10 23:56:27 - [TEST_STEP][PASSED] - println(symbol): null

2019-08-10 23:56:27 - [TEST_STEP][PASSED] - if (i == 2 &amp;&amp; wildList.indexOf(symbol) != -1): null

2019-08-10 23:56:27 - [TEST_STEP][PASSED] - if (i == 3 &amp;&amp; wildList.indexOf(symbol) != -1): null

2019-08-10 23:56:27 - [TEST_STEP][PASSED] - if (i == 4 &amp;&amp; wildList.indexOf(symbol) != -1): null

2019-08-10 23:56:27 - [TEST_STEP][PASSED] - symbol = symbol: null

2019-08-10 23:56:27 - [TEST_STEP][PASSED] - println(symbol): null

2019-08-10 23:56:27 - [TEST_STEP][PASSED] - if (i == 2 &amp;&amp; wildList.indexOf(symbol) != -1): null

2019-08-10 23:56:27 - [TEST_STEP][PASSED] - if (i == 3 &amp;&amp; wildList.indexOf(symbol) != -1): null

2019-08-10 23:56:27 - [TEST_STEP][PASSED] - if (i == 4 &amp;&amp; wildList.indexOf(symbol) != -1): null

2019-08-10 23:56:27 - [TEST_STEP][PASSED] - symbol = symbol: null

2019-08-10 23:56:27 - [TEST_STEP][PASSED] - println(symbol): null

2019-08-10 23:56:27 - [TEST_STEP][PASSED] - if (i == 2 &amp;&amp; wildList.indexOf(symbol) != -1): null

2019-08-10 23:56:27 - [TEST_STEP][PASSED] - println("wild found on reel 3, adding counter by 1"): null

2019-08-10 23:56:27 - [TEST_STEP][PASSED] - free_spin_reel_counter[0] = free_spin_reel_counter[0] + 1: null

2019-08-10 23:56:27 - [TEST_STEP][PASSED] - if (i == 3 &amp;&amp; wildList.indexOf(symbol) != -1): null

2019-08-10 23:56:27 - [TEST_STEP][PASSED] - if (i == 4 &amp;&amp; wildList.indexOf(symbol) != -1): null

2019-08-10 23:56:27 - [TEST_STEP][PASSED] - symbols = symbols: null

2019-08-10 23:56:27 - [TEST_STEP][PASSED] - for ([j = 0, j &lt; symbols.size(), (j++)]): null

2019-08-10 23:56:27 - [TEST_STEP][PASSED] - symbol = symbol: null

2019-08-10 23:56:27 - [TEST_STEP][PASSED] - println(symbol): null

2019-08-10 23:56:27 - [TEST_STEP][PASSED] - if (i == 2 &amp;&amp; wildList.indexOf(symbol) != -1): null

2019-08-10 23:56:27 - [TEST_STEP][PASSED] - if (i == 3 &amp;&amp; wildList.indexOf(symbol) != -1): null

2019-08-10 23:56:27 - [TEST_STEP][PASSED] - if (i == 4 &amp;&amp; wildList.indexOf(symbol) != -1): null

2019-08-10 23:56:27 - [TEST_STEP][PASSED] - symbol = symbol: null

2019-08-10 23:56:27 - [TEST_STEP][PASSED] - println(symbol): null

2019-08-10 23:56:27 - [TEST_STEP][PASSED] - if (i == 2 &amp;&amp; wildList.indexOf(symbol) != -1): null

2019-08-10 23:56:27 - [TEST_STEP][PASSED] - if (i == 3 &amp;&amp; wildList.indexOf(symbol) != -1): null

2019-08-10 23:56:27 - [TEST_STEP][PASSED] - if (i == 4 &amp;&amp; wildList.indexOf(symbol) != -1): null

2019-08-10 23:56:27 - [TEST_STEP][PASSED] - symbol = symbol: null

2019-08-10 23:56:27 - [TEST_STEP][PASSED] - println(symbol): null

2019-08-10 23:56:27 - [TEST_STEP][PASSED] - if (i == 2 &amp;&amp; wildList.indexOf(symbol) != -1): null

2019-08-10 23:56:27 - [TEST_STEP][PASSED] - if (i == 3 &amp;&amp; wildList.indexOf(symbol) != -1): null

2019-08-10 23:56:27 - [TEST_STEP][PASSED] - if (i == 4 &amp;&amp; wildList.indexOf(symbol) != -1): null

2019-08-10 23:56:27 - [TEST_STEP][PASSED] - symbols = symbols: null

2019-08-10 23:56:27 - [TEST_STEP][PASSED] - for ([j = 0, j &lt; symbols.size(), (j++)]): null

2019-08-10 23:56:27 - [TEST_STEP][PASSED] - symbol = symbol: null

2019-08-10 23:56:27 - [TEST_STEP][PASSED] - println(symbol): null

2019-08-10 23:56:27 - [TEST_STEP][PASSED] - if (i == 2 &amp;&amp; wildList.indexOf(symbol) != -1): null

2019-08-10 23:56:27 - [TEST_STEP][PASSED] - if (i == 3 &amp;&amp; wildList.indexOf(symbol) != -1): null

2019-08-10 23:56:27 - [TEST_STEP][PASSED] - if (i == 4 &amp;&amp; wildList.indexOf(symbol) != -1): null

2019-08-10 23:56:27 - [TEST_STEP][PASSED] - symbol = symbol: null

2019-08-10 23:56:27 - [TEST_STEP][PASSED] - println(symbol): null

2019-08-10 23:56:27 - [TEST_STEP][PASSED] - if (i == 2 &amp;&amp; wildList.indexOf(symbol) != -1): null

2019-08-10 23:56:27 - [TEST_STEP][PASSED] - if (i == 3 &amp;&amp; wildList.indexOf(symbol) != -1): null

2019-08-10 23:56:27 - [TEST_STEP][PASSED] - if (i == 4 &amp;&amp; wildList.indexOf(symbol) != -1): null

2019-08-10 23:56:27 - [TEST_STEP][PASSED] - symbol = symbol: null

2019-08-10 23:56:27 - [TEST_STEP][PASSED] - println(symbol): null

2019-08-10 23:56:27 - [TEST_STEP][PASSED] - if (i == 2 &amp;&amp; wildList.indexOf(symbol) != -1): null

2019-08-10 23:56:27 - [TEST_STEP][PASSED] - if (i == 3 &amp;&amp; wildList.indexOf(symbol) != -1): null

2019-08-10 23:56:27 - [TEST_STEP][PASSED] - if (i == 4 &amp;&amp; wildList.indexOf(symbol) != -1): null

2019-08-10 23:56:27 - [TEST_STEP][PASSED] - free_spin_reel_counter = free_spin_reel_counter: null

2019-08-10 23:56:27 - [TEST_STEP][PASSED] - println("reel 3 wild found: " + free_spin_reel_counter[0]): null

2019-08-10 23:56:27 - [TEST_STEP][PASSED] - println("reel 4 wild found: " + free_spin_reel_counter[1]): null

2019-08-10 23:56:27 - [TEST_STEP][PASSED] - println("reel 5 wild found: " + free_spin_reel_counter[2]): null

2019-08-10 23:56:27 - [TEST_STEP][PASSED] - M4_spin_reels = M4_spin_reels: null

2019-08-10 23:56:27 - [TEST_STEP][PASSED] - M4_spin_reels_symbols = symbol: null

2019-08-10 23:56:27 - [TEST_STEP][PASSED] - M4_spin_reels_symbols = M4_spin_reels_symbols: null

2019-08-10 23:56:27 - [TEST_STEP][PASSED] - M4_spin_reel_wins = reel_wins: null

2019-08-10 23:56:27 - [TEST_STEP][PASSED] - M4_spin_reel_wins = M4_spin_reel_wins: null

2019-08-10 23:56:27 - [TEST_STEP][PASSED] - println("GlobalVariable.M4_spin_reel_wins is: " + M4_spin_reel_wins): null

2019-08-10 23:56:27 - [TEST_STEP][PASSED] - M4_spin_total_bonus_win_this_round = total_bonus_win_this_round: null

2019-08-10 23:56:27 - [TEST_STEP][PASSED] - M4_spin_total_bonus_win_this_round = M4_spin_total_bonus_win_this_round: null

2019-08-10 23:56:27 - [TEST_STEP][PASSED] - println("GlobalVariable.M4_spin_total_bonus_win_this_round is: " + M4_spin_total_bonus_win_this_round): null

2019-08-10 23:56:27 - [MESSAGE][PASSED] - Verify response successfully

2019-08-10 23:56:27 - [MESSAGE][PASSED] - Send request and verify the response successfully

2019-08-10 23:56:27 - [TEST_STEP][PASSED] - if (M4_total_bonus_spins_int != 0 &amp;&amp; M4_spin_reels_symbols[2].contains("WILD_Double") || M4_spin_reels_symbols[4].contains("WILD_Triple")): null

2019-08-10 23:56:27 - [TEST_STEP][PASSED] - free_spin_reel_counter = free_spin_reel_counter: null

2019-08-10 23:56:27 - [TEST_STEP][PASSED] - M4_spin_reels_symbols = M4_spin_reels_symbols: null

2019-08-10 23:56:27 - [TEST_STEP][PASSED] - M4_total_bonus_spins = M4_total_bonus_spins: null

2019-08-10 23:56:27 - [TEST_STEP][PASSED] - spin_result = sendRequestAndVerify(findTestObject("RGS(M4)/1_M4_spin", ["M4_login_user_id":M4_login_user_id, "rgs_session_token":rgs_session_token, "partner":Partner])): Send request and verify the response successfully

2019-08-10 23:56:27 - [TEST_CASE][PASSED] - Start Test Case : Verification: Verification accomplished successfully

2019-08-10 23:56:27 - [TEST_STEP][PASSED] - request = getInstance().getCurrentRequest(): null

2019-08-10 23:56:27 - [TEST_STEP][PASSED] - response = getInstance().getCurrentResponse(): null

2019-08-10 23:56:27 - [TEST_STEP][PASSED] - verifyResponseStatusCode(response, 200): Verify response status code successfully

2019-08-10 23:56:27 - [MESSAGE][PASSED] - Verify response status code successfully

2019-08-10 23:56:27 - [TEST_STEP][PASSED] - getStatusCode()).isEqualTo(200): null

2019-08-10 23:56:27 - [TEST_STEP][PASSED] - newline = System.getProperty("line.separator"): null

2019-08-10 23:56:27 - [TEST_STEP][PASSED] - M4_spin = new groovy.json.JsonSlurper(): null

2019-08-10 23:56:27 - [TEST_STEP][PASSED] - result_M4_spin = M4_spin.parseText(response.getResponseBodyContent()): null

2019-08-10 23:56:27 - [TEST_STEP][PASSED] - M4_spin_current_balance = current_balance: null

2019-08-10 23:56:27 - [TEST_STEP][PASSED] - M4_spin_current_balance = M4_spin_current_balance: null

2019-08-10 23:56:27 - [TEST_STEP][PASSED] - M4_spin_transaction_id = causality: null

2019-08-10 23:56:27 - [TEST_STEP][PASSED] - M4_spin_transaction_id = M4_spin_transaction_id: null

2019-08-10 23:56:27 - [TEST_STEP][PASSED] - M4_spin_round_id = round_id: null

2019-08-10 23:56:27 - [TEST_STEP][PASSED] - M4_spin_round_id = M4_spin_round_id: null

2019-08-10 23:56:27 - [TEST_STEP][PASSED] - M4_spin_line_wins = line_wins: null

2019-08-10 23:56:27 - [TEST_STEP][PASSED] - M4_spin_line_wins = M4_spin_line_wins: null

2019-08-10 23:56:27 - [TEST_STEP][PASSED] - M4_total_bonus_spins_int = total_bonus_spins: null

2019-08-10 23:56:27 - [TEST_STEP][PASSED] - println("******M4_total_bonus_spins type is:*******" + newline + getClass().getName()): null

2019-08-10 23:56:27 - [TEST_STEP][PASSED] - M4_total_bonus_spins_int = M4_total_bonus_spins_int: null

2019-08-10 23:56:27 - [TEST_STEP][PASSED] - M4_total_bonus_spins = Integer.toString(M4_total_bonus_spins_int): null

2019-08-10 23:56:27 - [TEST_STEP][PASSED] - M4_total_bonus_spins = M4_total_bonus_spins: null

2019-08-10 23:56:27 - [TEST_STEP][PASSED] - println("M4_total_bonus_spins is:" + M4_total_bonus_spins): null

2019-08-10 23:56:27 - [TEST_STEP][PASSED] - M4_spin_bonus_data = bonus_data: null

2019-08-10 23:56:27 - [TEST_STEP][PASSED] - M4_spin_features_triggered = result_M4_spin: null

2019-08-10 23:56:27 - [TEST_STEP][PASSED] - wild = []: null

2019-08-10 23:56:27 - [TEST_STEP][PASSED] - wild[0] = "WILD_Expanding": null

2019-08-10 23:56:27 - [TEST_STEP][PASSED] - wild[1] = "WILD_Normal": null

2019-08-10 23:56:27 - [TEST_STEP][PASSED] - wild[2] = "WILD_Double": null

2019-08-10 23:56:27 - [TEST_STEP][PASSED] - wild[3] = "WILD_ExtraFG": null

2019-08-10 23:56:27 - [TEST_STEP][PASSED] - wild[4] = "WILD_Triple": null

2019-08-10 23:56:27 - [TEST_STEP][PASSED] - wildList = Arrays.asList(wild): null

2019-08-10 23:56:27 - [TEST_STEP][PASSED] - wildList = wildList: null

2019-08-10 23:56:27 - [TEST_STEP][PASSED] - free_spin_reel_counter = []: null

2019-08-10 23:56:27 - [TEST_STEP][PASSED] - free_spin_reel_counter[0] = 0: null

2019-08-10 23:56:27 - [TEST_STEP][PASSED] - free_spin_reel_counter[1] = 0: null

2019-08-10 23:56:27 - [TEST_STEP][PASSED] - free_spin_reel_counter[2] = 0: null

2019-08-10 23:56:27 - [TEST_STEP][PASSED] - M4_spin_reels = reels: null

2019-08-10 23:56:27 - [TEST_STEP][PASSED] - for ([i = 0, i &lt; M4_spin_reels.size(), (i++)]): null

2019-08-10 23:56:27 - [TEST_STEP][PASSED] - symbols = symbols: null

2019-08-10 23:56:27 - [TEST_STEP][PASSED] - for ([j = 0, j &lt; symbols.size(), (j++)]): null

2019-08-10 23:56:27 - [TEST_STEP][PASSED] - symbol = symbol: null

2019-08-10 23:56:27 - [TEST_STEP][PASSED] - println(symbol): null

2019-08-10 23:56:27 - [TEST_STEP][PASSED] - if (i == 2 &amp;&amp; wildList.indexOf(symbol) != -1): null

2019-08-10 23:56:27 - [TEST_STEP][PASSED] - if (i == 3 &amp;&amp; wildList.indexOf(symbol) != -1): null

2019-08-10 23:56:27 - [TEST_STEP][PASSED] - if (i == 4 &amp;&amp; wildList.indexOf(symbol) != -1): null

2019-08-10 23:56:27 - [TEST_STEP][PASSED] - symbol = symbol: null

2019-08-10 23:56:27 - [TEST_STEP][PASSED] - println(symbol): null

2019-08-10 23:56:27 - [TEST_STEP][PASSED] - if (i == 2 &amp;&amp; wildList.indexOf(symbol) != -1): null

2019-08-10 23:56:27 - [TEST_STEP][PASSED] - if (i == 3 &amp;&amp; wildList.indexOf(symbol) != -1): null

2019-08-10 23:56:27 - [TEST_STEP][PASSED] - if (i == 4 &amp;&amp; wildList.indexOf(symbol) != -1): null

2019-08-10 23:56:27 - [TEST_STEP][PASSED] - symbol = symbol: null

2019-08-10 23:56:27 - [TEST_STEP][PASSED] - println(symbol): null

2019-08-10 23:56:27 - [TEST_STEP][PASSED] - if (i == 2 &amp;&amp; wildList.indexOf(symbol) != -1): null

2019-08-10 23:56:27 - [TEST_STEP][PASSED] - if (i == 3 &amp;&amp; wildList.indexOf(symbol) != -1): null

2019-08-10 23:56:27 - [TEST_STEP][PASSED] - if (i == 4 &amp;&amp; wildList.indexOf(symbol) != -1): null

2019-08-10 23:56:27 - [TEST_STEP][PASSED] - symbols = symbols: null

2019-08-10 23:56:27 - [TEST_STEP][PASSED] - for ([j = 0, j &lt; symbols.size(), (j++)]): null

2019-08-10 23:56:27 - [TEST_STEP][PASSED] - symbol = symbol: null

2019-08-10 23:56:27 - [TEST_STEP][PASSED] - println(symbol): null

2019-08-10 23:56:27 - [TEST_STEP][PASSED] - if (i == 2 &amp;&amp; wildList.indexOf(symbol) != -1): null

2019-08-10 23:56:27 - [TEST_STEP][PASSED] - if (i == 3 &amp;&amp; wildList.indexOf(symbol) != -1): null

2019-08-10 23:56:27 - [TEST_STEP][PASSED] - if (i == 4 &amp;&amp; wildList.indexOf(symbol) != -1): null

2019-08-10 23:56:27 - [TEST_STEP][PASSED] - symbol = symbol: null

2019-08-10 23:56:27 - [TEST_STEP][PASSED] - println(symbol): null

2019-08-10 23:56:27 - [TEST_STEP][PASSED] - if (i == 2 &amp;&amp; wildList.indexOf(symbol) != -1): null

2019-08-10 23:56:27 - [TEST_STEP][PASSED] - if (i == 3 &amp;&amp; wildList.indexOf(symbol) != -1): null

2019-08-10 23:56:27 - [TEST_STEP][PASSED] - if (i == 4 &amp;&amp; wildList.indexOf(symbol) != -1): null

2019-08-10 23:56:27 - [TEST_STEP][PASSED] - symbol = symbol: null

2019-08-10 23:56:27 - [TEST_STEP][PASSED] - println(symbol): null

2019-08-10 23:56:27 - [TEST_STEP][PASSED] - if (i == 2 &amp;&amp; wildList.indexOf(symbol) != -1): null

2019-08-10 23:56:27 - [TEST_STEP][PASSED] - if (i == 3 &amp;&amp; wildList.indexOf(symbol) != -1): null

2019-08-10 23:56:27 - [TEST_STEP][PASSED] - if (i == 4 &amp;&amp; wildList.indexOf(symbol) != -1): null

2019-08-10 23:56:27 - [TEST_STEP][PASSED] - symbols = symbols: null

2019-08-10 23:56:27 - [TEST_STEP][PASSED] - for ([j = 0, j &lt; symbols.size(), (j++)]): null

2019-08-10 23:56:27 - [TEST_STEP][PASSED] - symbol = symbol: null

2019-08-10 23:56:27 - [TEST_STEP][PASSED] - println(symbol): null

2019-08-10 23:56:27 - [TEST_STEP][PASSED] - if (i == 2 &amp;&amp; wildList.indexOf(symbol) != -1): null

2019-08-10 23:56:27 - [TEST_STEP][PASSED] - if (i == 3 &amp;&amp; wildList.indexOf(symbol) != -1): null

2019-08-10 23:56:27 - [TEST_STEP][PASSED] - if (i == 4 &amp;&amp; wildList.indexOf(symbol) != -1): null

2019-08-10 23:56:27 - [TEST_STEP][PASSED] - symbol = symbol: null

2019-08-10 23:56:27 - [TEST_STEP][PASSED] - println(symbol): null

2019-08-10 23:56:27 - [TEST_STEP][PASSED] - if (i == 2 &amp;&amp; wildList.indexOf(symbol) != -1): null

2019-08-10 23:56:27 - [TEST_STEP][PASSED] - if (i == 3 &amp;&amp; wildList.indexOf(symbol) != -1): null

2019-08-10 23:56:27 - [TEST_STEP][PASSED] - if (i == 4 &amp;&amp; wildList.indexOf(symbol) != -1): null

2019-08-10 23:56:27 - [TEST_STEP][PASSED] - symbol = symbol: null

2019-08-10 23:56:27 - [TEST_STEP][PASSED] - println(symbol): null

2019-08-10 23:56:27 - [TEST_STEP][PASSED] - if (i == 2 &amp;&amp; wildList.indexOf(symbol) != -1): null

2019-08-10 23:56:27 - [TEST_STEP][PASSED] - if (i == 3 &amp;&amp; wildList.indexOf(symbol) != -1): null

2019-08-10 23:56:27 - [TEST_STEP][PASSED] - if (i == 4 &amp;&amp; wildList.indexOf(symbol) != -1): null

2019-08-10 23:56:27 - [TEST_STEP][PASSED] - symbols = symbols: null

2019-08-10 23:56:27 - [TEST_STEP][PASSED] - for ([j = 0, j &lt; symbols.size(), (j++)]): null

2019-08-10 23:56:27 - [TEST_STEP][PASSED] - symbol = symbol: null

2019-08-10 23:56:27 - [TEST_STEP][PASSED] - println(symbol): null

2019-08-10 23:56:27 - [TEST_STEP][PASSED] - if (i == 2 &amp;&amp; wildList.indexOf(symbol) != -1): null

2019-08-10 23:56:27 - [TEST_STEP][PASSED] - if (i == 3 &amp;&amp; wildList.indexOf(symbol) != -1): null

2019-08-10 23:56:27 - [TEST_STEP][PASSED] - println("wild found on reel 4, adding counter by 1"): null

2019-08-10 23:56:27 - [TEST_STEP][PASSED] - free_spin_reel_counter[1] = free_spin_reel_counter[1] + 1: null

2019-08-10 23:56:27 - [TEST_STEP][PASSED] - if (i == 4 &amp;&amp; wildList.indexOf(symbol) != -1): null

2019-08-10 23:56:27 - [TEST_STEP][PASSED] - symbol = symbol: null

2019-08-10 23:56:27 - [TEST_STEP][PASSED] - println(symbol): null

2019-08-10 23:56:27 - [TEST_STEP][PASSED] - if (i == 2 &amp;&amp; wildList.indexOf(symbol) != -1): null

2019-08-10 23:56:27 - [TEST_STEP][PASSED] - if (i == 3 &amp;&amp; wildList.indexOf(symbol) != -1): null

2019-08-10 23:56:27 - [TEST_STEP][PASSED] - if (i == 4 &amp;&amp; wildList.indexOf(symbol) != -1): null

2019-08-10 23:56:27 - [TEST_STEP][PASSED] - symbol = symbol: null

2019-08-10 23:56:27 - [TEST_STEP][PASSED] - println(symbol): null

2019-08-10 23:56:27 - [TEST_STEP][PASSED] - if (i == 2 &amp;&amp; wildList.indexOf(symbol) != -1): null

2019-08-10 23:56:27 - [TEST_STEP][PASSED] - if (i == 3 &amp;&amp; wildList.indexOf(symbol) != -1): null

2019-08-10 23:56:27 - [TEST_STEP][PASSED] - if (i == 4 &amp;&amp; wildList.indexOf(symbol) != -1): null

2019-08-10 23:56:27 - [TEST_STEP][PASSED] - symbols = symbols: null

2019-08-10 23:56:27 - [TEST_STEP][PASSED] - for ([j = 0, j &lt; symbols.size(), (j++)]): null

2019-08-10 23:56:27 - [TEST_STEP][PASSED] - symbol = symbol: null

2019-08-10 23:56:27 - [TEST_STEP][PASSED] - println(symbol): null

2019-08-10 23:56:27 - [TEST_STEP][PASSED] - if (i == 2 &amp;&amp; wildList.indexOf(symbol) != -1): null

2019-08-10 23:56:27 - [TEST_STEP][PASSED] - if (i == 3 &amp;&amp; wildList.indexOf(symbol) != -1): null

2019-08-10 23:56:27 - [TEST_STEP][PASSED] - if (i == 4 &amp;&amp; wildList.indexOf(symbol) != -1): null

2019-08-10 23:56:27 - [TEST_STEP][PASSED] - symbol = symbol: null

2019-08-10 23:56:27 - [TEST_STEP][PASSED] - println(symbol): null

2019-08-10 23:56:27 - [TEST_STEP][PASSED] - if (i == 2 &amp;&amp; wildList.indexOf(symbol) != -1): null

2019-08-10 23:56:27 - [TEST_STEP][PASSED] - if (i == 3 &amp;&amp; wildList.indexOf(symbol) != -1): null

2019-08-10 23:56:27 - [TEST_STEP][PASSED] - if (i == 4 &amp;&amp; wildList.indexOf(symbol) != -1): null

2019-08-10 23:56:27 - [TEST_STEP][PASSED] - symbol = symbol: null

2019-08-10 23:56:27 - [TEST_STEP][PASSED] - println(symbol): null

2019-08-10 23:56:27 - [TEST_STEP][PASSED] - if (i == 2 &amp;&amp; wildList.indexOf(symbol) != -1): null

2019-08-10 23:56:27 - [TEST_STEP][PASSED] - if (i == 3 &amp;&amp; wildList.indexOf(symbol) != -1): null

2019-08-10 23:56:27 - [TEST_STEP][PASSED] - if (i == 4 &amp;&amp; wildList.indexOf(symbol) != -1): null

2019-08-10 23:56:27 - [TEST_STEP][PASSED] - free_spin_reel_counter = free_spin_reel_counter: null

2019-08-10 23:56:27 - [TEST_STEP][PASSED] - println("reel 3 wild found: " + free_spin_reel_counter[0]): null

2019-08-10 23:56:27 - [TEST_STEP][PASSED] - println("reel 4 wild found: " + free_spin_reel_counter[1]): null

2019-08-10 23:56:27 - [TEST_STEP][PASSED] - println("reel 5 wild found: " + free_spin_reel_counter[2]): null

2019-08-10 23:56:27 - [TEST_STEP][PASSED] - M4_spin_reels = M4_spin_reels: null

2019-08-10 23:56:27 - [TEST_STEP][PASSED] - M4_spin_reels_symbols = symbol: null

2019-08-10 23:56:27 - [TEST_STEP][PASSED] - M4_spin_reels_symbols = M4_spin_reels_symbols: null

2019-08-10 23:56:27 - [TEST_STEP][PASSED] - M4_spin_reel_wins = reel_wins: null

2019-08-10 23:56:27 - [TEST_STEP][PASSED] - M4_spin_reel_wins = M4_spin_reel_wins: null

2019-08-10 23:56:27 - [TEST_STEP][PASSED] - println("GlobalVariable.M4_spin_reel_wins is: " + M4_spin_reel_wins): null

2019-08-10 23:56:27 - [TEST_STEP][PASSED] - M4_spin_total_bonus_win_this_round = total_bonus_win_this_round: null

2019-08-10 23:56:27 - [TEST_STEP][PASSED] - M4_spin_total_bonus_win_this_round = M4_spin_total_bonus_win_this_round: null

2019-08-10 23:56:27 - [TEST_STEP][PASSED] - println("GlobalVariable.M4_spin_total_bonus_win_this_round is: " + M4_spin_total_bonus_win_this_round): null

2019-08-10 23:56:27 - [MESSAGE][PASSED] - Verify response successfully

2019-08-10 23:56:27 - [MESSAGE][PASSED] - Send request and verify the response successfully

2019-08-10 23:56:27 - [TEST_STEP][PASSED] - if (M4_total_bonus_spins_int != 0 &amp;&amp; M4_spin_reels_symbols[2].contains("WILD_Double") || M4_spin_reels_symbols[4].contains("WILD_Triple")): null

2019-08-10 23:56:27 - [TEST_STEP][PASSED] - free_spin_reel_counter = free_spin_reel_counter: null

2019-08-10 23:56:27 - [TEST_STEP][PASSED] - M4_spin_reels_symbols = M4_spin_reels_symbols: null

2019-08-10 23:56:27 - [TEST_STEP][PASSED] - M4_total_bonus_spins = M4_total_bonus_spins: null

2019-08-10 23:56:27 - [TEST_STEP][PASSED] - spin_result = sendRequestAndVerify(findTestObject("RGS(M4)/1_M4_spin", ["M4_login_user_id":M4_login_user_id, "rgs_session_token":rgs_session_token, "partner":Partner])): Send request and verify the response successfully

2019-08-10 23:56:27 - [TEST_CASE][PASSED] - Start Test Case : Verification: Verification accomplished successfully

2019-08-10 23:56:28 - [TEST_STEP][PASSED] - request = getInstance().getCurrentRequest(): null

2019-08-10 23:56:28 - [TEST_STEP][PASSED] - response = getInstance().getCurrentResponse(): null

2019-08-10 23:56:28 - [TEST_STEP][PASSED] - verifyResponseStatusCode(response, 200): Verify response status code successfully

2019-08-10 23:56:28 - [MESSAGE][PASSED] - Verify response status code successfully

2019-08-10 23:56:28 - [TEST_STEP][PASSED] - getStatusCode()).isEqualTo(200): null

2019-08-10 23:56:28 - [TEST_STEP][PASSED] - newline = System.getProperty("line.separator"): null

2019-08-10 23:56:28 - [TEST_STEP][PASSED] - M4_spin = new groovy.json.JsonSlurper(): null

2019-08-10 23:56:28 - [TEST_STEP][PASSED] - result_M4_spin = M4_spin.parseText(response.getResponseBodyContent()): null

2019-08-10 23:56:28 - [TEST_STEP][PASSED] - M4_spin_current_balance = current_balance: null

2019-08-10 23:56:28 - [TEST_STEP][PASSED] - M4_spin_current_balance = M4_spin_current_balance: null

2019-08-10 23:56:28 - [TEST_STEP][PASSED] - M4_spin_transaction_id = causality: null

2019-08-10 23:56:28 - [TEST_STEP][PASSED] - M4_spin_transaction_id = M4_spin_transaction_id: null

2019-08-10 23:56:28 - [TEST_STEP][PASSED] - M4_spin_round_id = round_id: null

2019-08-10 23:56:28 - [TEST_STEP][PASSED] - M4_spin_round_id = M4_spin_round_id: null

2019-08-10 23:56:28 - [TEST_STEP][PASSED] - M4_spin_line_wins = line_wins: null

2019-08-10 23:56:28 - [TEST_STEP][PASSED] - M4_spin_line_wins = M4_spin_line_wins: null

2019-08-10 23:56:28 - [TEST_STEP][PASSED] - M4_total_bonus_spins_int = total_bonus_spins: null

2019-08-10 23:56:28 - [TEST_STEP][PASSED] - println("******M4_total_bonus_spins type is:*******" + newline + getClass().getName()): null

2019-08-10 23:56:28 - [TEST_STEP][PASSED] - M4_total_bonus_spins_int = M4_total_bonus_spins_int: null

2019-08-10 23:56:28 - [TEST_STEP][PASSED] - M4_total_bonus_spins = Integer.toString(M4_total_bonus_spins_int): null

2019-08-10 23:56:28 - [TEST_STEP][PASSED] - M4_total_bonus_spins = M4_total_bonus_spins: null

2019-08-10 23:56:28 - [TEST_STEP][PASSED] - println("M4_total_bonus_spins is:" + M4_total_bonus_spins): null

2019-08-10 23:56:28 - [TEST_STEP][PASSED] - M4_spin_bonus_data = bonus_data: null

2019-08-10 23:56:28 - [TEST_STEP][PASSED] - M4_spin_features_triggered = result_M4_spin: null

2019-08-10 23:56:28 - [TEST_STEP][PASSED] - wild = []: null

2019-08-10 23:56:28 - [TEST_STEP][PASSED] - wild[0] = "WILD_Expanding": null

2019-08-10 23:56:28 - [TEST_STEP][PASSED] - wild[1] = "WILD_Normal": null

2019-08-10 23:56:28 - [TEST_STEP][PASSED] - wild[2] = "WILD_Double": null

2019-08-10 23:56:28 - [TEST_STEP][PASSED] - wild[3] = "WILD_ExtraFG": null

2019-08-10 23:56:28 - [TEST_STEP][PASSED] - wild[4] = "WILD_Triple": null

2019-08-10 23:56:28 - [TEST_STEP][PASSED] - wildList = Arrays.asList(wild): null

2019-08-10 23:56:28 - [TEST_STEP][PASSED] - wildList = wildList: null

2019-08-10 23:56:28 - [TEST_STEP][PASSED] - free_spin_reel_counter = []: null

2019-08-10 23:56:28 - [TEST_STEP][PASSED] - free_spin_reel_counter[0] = 0: null

2019-08-10 23:56:28 - [TEST_STEP][PASSED] - free_spin_reel_counter[1] = 0: null

2019-08-10 23:56:28 - [TEST_STEP][PASSED] - free_spin_reel_counter[2] = 0: null

2019-08-10 23:56:28 - [TEST_STEP][PASSED] - M4_spin_reels = reels: null

2019-08-10 23:56:28 - [TEST_STEP][PASSED] - for ([i = 0, i &lt; M4_spin_reels.size(), (i++)]): null

2019-08-10 23:56:28 - [TEST_STEP][PASSED] - symbols = symbols: null

2019-08-10 23:56:28 - [TEST_STEP][PASSED] - for ([j = 0, j &lt; symbols.size(), (j++)]): null

2019-08-10 23:56:28 - [TEST_STEP][PASSED] - symbol = symbol: null

2019-08-10 23:56:28 - [TEST_STEP][PASSED] - println(symbol): null

2019-08-10 23:56:28 - [TEST_STEP][PASSED] - if (i == 2 &amp;&amp; wildList.indexOf(symbol) != -1): null

2019-08-10 23:56:28 - [TEST_STEP][PASSED] - if (i == 3 &amp;&amp; wildList.indexOf(symbol) != -1): null

2019-08-10 23:56:28 - [TEST_STEP][PASSED] - if (i == 4 &amp;&amp; wildList.indexOf(symbol) != -1): null

2019-08-10 23:56:28 - [TEST_STEP][PASSED] - symbol = symbol: null

2019-08-10 23:56:28 - [TEST_STEP][PASSED] - println(symbol): null

2019-08-10 23:56:28 - [TEST_STEP][PASSED] - if (i == 2 &amp;&amp; wildList.indexOf(symbol) != -1): null

2019-08-10 23:56:28 - [TEST_STEP][PASSED] - if (i == 3 &amp;&amp; wildList.indexOf(symbol) != -1): null

2019-08-10 23:56:28 - [TEST_STEP][PASSED] - if (i == 4 &amp;&amp; wildList.indexOf(symbol) != -1): null

2019-08-10 23:56:28 - [TEST_STEP][PASSED] - symbol = symbol: null

2019-08-10 23:56:28 - [TEST_STEP][PASSED] - println(symbol): null

2019-08-10 23:56:28 - [TEST_STEP][PASSED] - if (i == 2 &amp;&amp; wildList.indexOf(symbol) != -1): null

2019-08-10 23:56:28 - [TEST_STEP][PASSED] - if (i == 3 &amp;&amp; wildList.indexOf(symbol) != -1): null

2019-08-10 23:56:28 - [TEST_STEP][PASSED] - if (i == 4 &amp;&amp; wildList.indexOf(symbol) != -1): null

2019-08-10 23:56:28 - [TEST_STEP][PASSED] - symbols = symbols: null

2019-08-10 23:56:28 - [TEST_STEP][PASSED] - for ([j = 0, j &lt; symbols.size(), (j++)]): null

2019-08-10 23:56:28 - [TEST_STEP][PASSED] - symbol = symbol: null

2019-08-10 23:56:28 - [TEST_STEP][PASSED] - println(symbol): null

2019-08-10 23:56:28 - [TEST_STEP][PASSED] - if (i == 2 &amp;&amp; wildList.indexOf(symbol) != -1): null

2019-08-10 23:56:28 - [TEST_STEP][PASSED] - if (i == 3 &amp;&amp; wildList.indexOf(symbol) != -1): null

2019-08-10 23:56:28 - [TEST_STEP][PASSED] - if (i == 4 &amp;&amp; wildList.indexOf(symbol) != -1): null

2019-08-10 23:56:28 - [TEST_STEP][PASSED] - symbol = symbol: null

2019-08-10 23:56:28 - [TEST_STEP][PASSED] - println(symbol): null

2019-08-10 23:56:28 - [TEST_STEP][PASSED] - if (i == 2 &amp;&amp; wildList.indexOf(symbol) != -1): null

2019-08-10 23:56:28 - [TEST_STEP][PASSED] - if (i == 3 &amp;&amp; wildList.indexOf(symbol) != -1): null

2019-08-10 23:56:28 - [TEST_STEP][PASSED] - if (i == 4 &amp;&amp; wildList.indexOf(symbol) != -1): null

2019-08-10 23:56:28 - [TEST_STEP][PASSED] - symbol = symbol: null

2019-08-10 23:56:28 - [TEST_STEP][PASSED] - println(symbol): null

2019-08-10 23:56:28 - [TEST_STEP][PASSED] - if (i == 2 &amp;&amp; wildList.indexOf(symbol) != -1): null

2019-08-10 23:56:28 - [TEST_STEP][PASSED] - if (i == 3 &amp;&amp; wildList.indexOf(symbol) != -1): null

2019-08-10 23:56:28 - [TEST_STEP][PASSED] - if (i == 4 &amp;&amp; wildList.indexOf(symbol) != -1): null

2019-08-10 23:56:28 - [TEST_STEP][PASSED] - symbols = symbols: null

2019-08-10 23:56:28 - [TEST_STEP][PASSED] - for ([j = 0, j &lt; symbols.size(), (j++)]): null

2019-08-10 23:56:28 - [TEST_STEP][PASSED] - symbol = symbol: null

2019-08-10 23:56:28 - [TEST_STEP][PASSED] - println(symbol): null

2019-08-10 23:56:28 - [TEST_STEP][PASSED] - if (i == 2 &amp;&amp; wildList.indexOf(symbol) != -1): null

2019-08-10 23:56:28 - [TEST_STEP][PASSED] - if (i == 3 &amp;&amp; wildList.indexOf(symbol) != -1): null

2019-08-10 23:56:28 - [TEST_STEP][PASSED] - if (i == 4 &amp;&amp; wildList.indexOf(symbol) != -1): null

2019-08-10 23:56:28 - [TEST_STEP][PASSED] - symbol = symbol: null

2019-08-10 23:56:28 - [TEST_STEP][PASSED] - println(symbol): null

2019-08-10 23:56:28 - [TEST_STEP][PASSED] - if (i == 2 &amp;&amp; wildList.indexOf(symbol) != -1): null

2019-08-10 23:56:28 - [TEST_STEP][PASSED] - if (i == 3 &amp;&amp; wildList.indexOf(symbol) != -1): null

2019-08-10 23:56:28 - [TEST_STEP][PASSED] - if (i == 4 &amp;&amp; wildList.indexOf(symbol) != -1): null

2019-08-10 23:56:28 - [TEST_STEP][PASSED] - symbol = symbol: null

2019-08-10 23:56:28 - [TEST_STEP][PASSED] - println(symbol): null

2019-08-10 23:56:28 - [TEST_STEP][PASSED] - if (i == 2 &amp;&amp; wildList.indexOf(symbol) != -1): null

2019-08-10 23:56:28 - [TEST_STEP][PASSED] - if (i == 3 &amp;&amp; wildList.indexOf(symbol) != -1): null

2019-08-10 23:56:28 - [TEST_STEP][PASSED] - if (i == 4 &amp;&amp; wildList.indexOf(symbol) != -1): null

2019-08-10 23:56:28 - [TEST_STEP][PASSED] - symbols = symbols: null

2019-08-10 23:56:28 - [TEST_STEP][PASSED] - for ([j = 0, j &lt; symbols.size(), (j++)]): null

2019-08-10 23:56:28 - [TEST_STEP][PASSED] - symbol = symbol: null

2019-08-10 23:56:28 - [TEST_STEP][PASSED] - println(symbol): null

2019-08-10 23:56:28 - [TEST_STEP][PASSED] - if (i == 2 &amp;&amp; wildList.indexOf(symbol) != -1): null

2019-08-10 23:56:28 - [TEST_STEP][PASSED] - if (i == 3 &amp;&amp; wildList.indexOf(symbol) != -1): null

2019-08-10 23:56:28 - [TEST_STEP][PASSED] - if (i == 4 &amp;&amp; wildList.indexOf(symbol) != -1): null

2019-08-10 23:56:31 - [TEST_STEP][PASSED] - symbol = symbol: null

2019-08-10 23:56:31 - [TEST_STEP][PASSED] - println(symbol): null

2019-08-10 23:56:31 - [TEST_STEP][PASSED] - if (i == 2 &amp;&amp; wildList.indexOf(symbol) != -1): null

2019-08-10 23:56:31 - [TEST_STEP][PASSED] - if (i == 3 &amp;&amp; wildList.indexOf(symbol) != -1): null

2019-08-10 23:56:31 - [TEST_STEP][PASSED] - if (i == 4 &amp;&amp; wildList.indexOf(symbol) != -1): null

2019-08-10 23:56:31 - [TEST_STEP][PASSED] - symbol = symbol: null

2019-08-10 23:56:31 - [TEST_STEP][PASSED] - println(symbol): null

2019-08-10 23:56:31 - [TEST_STEP][PASSED] - if (i == 2 &amp;&amp; wildList.indexOf(symbol) != -1): null

2019-08-10 23:56:31 - [TEST_STEP][PASSED] - if (i == 3 &amp;&amp; wildList.indexOf(symbol) != -1): null

2019-08-10 23:56:31 - [TEST_STEP][PASSED] - if (i == 4 &amp;&amp; wildList.indexOf(symbol) != -1): null

2019-08-10 23:56:31 - [TEST_STEP][PASSED] - symbols = symbols: null

2019-08-10 23:56:31 - [TEST_STEP][PASSED] - for ([j = 0, j &lt; symbols.size(), (j++)]): null

2019-08-10 23:56:31 - [TEST_STEP][PASSED] - symbol = symbol: null

2019-08-10 23:56:31 - [TEST_STEP][PASSED] - println(symbol): null

2019-08-10 23:56:31 - [TEST_STEP][PASSED] - if (i == 2 &amp;&amp; wildList.indexOf(symbol) != -1): null

2019-08-10 23:56:31 - [TEST_STEP][PASSED] - if (i == 3 &amp;&amp; wildList.indexOf(symbol) != -1): null

2019-08-10 23:56:31 - [TEST_STEP][PASSED] - if (i == 4 &amp;&amp; wildList.indexOf(symbol) != -1): null

2019-08-10 23:56:31 - [TEST_STEP][PASSED] - symbol = symbol: null

2019-08-10 23:56:31 - [TEST_STEP][PASSED] - println(symbol): null

2019-08-10 23:56:31 - [TEST_STEP][PASSED] - if (i == 2 &amp;&amp; wildList.indexOf(symbol) != -1): null

2019-08-10 23:56:31 - [TEST_STEP][PASSED] - if (i == 3 &amp;&amp; wildList.indexOf(symbol) != -1): null

2019-08-10 23:56:31 - [TEST_STEP][PASSED] - if (i == 4 &amp;&amp; wildList.indexOf(symbol) != -1): null

2019-08-10 23:56:31 - [TEST_STEP][PASSED] - symbol = symbol: null

2019-08-10 23:56:31 - [TEST_STEP][PASSED] - println(symbol): null

2019-08-10 23:56:31 - [TEST_STEP][PASSED] - if (i == 2 &amp;&amp; wildList.indexOf(symbol) != -1): null

2019-08-10 23:56:31 - [TEST_STEP][PASSED] - if (i == 3 &amp;&amp; wildList.indexOf(symbol) != -1): null

2019-08-10 23:56:31 - [TEST_STEP][PASSED] - if (i == 4 &amp;&amp; wildList.indexOf(symbol) != -1): null

2019-08-10 23:56:31 - [TEST_STEP][PASSED] - free_spin_reel_counter = free_spin_reel_counter: null

2019-08-10 23:56:31 - [TEST_STEP][PASSED] - println("reel 3 wild found: " + free_spin_reel_counter[0]): null

2019-08-10 23:56:31 - [TEST_STEP][PASSED] - println("reel 4 wild found: " + free_spin_reel_counter[1]): null

2019-08-10 23:56:31 - [TEST_STEP][PASSED] - println("reel 5 wild found: " + free_spin_reel_counter[2]): null

2019-08-10 23:56:31 - [TEST_STEP][PASSED] - M4_spin_reels = M4_spin_reels: null

2019-08-10 23:56:31 - [TEST_STEP][PASSED] - M4_spin_reels_symbols = symbol: null

2019-08-10 23:56:31 - [TEST_STEP][PASSED] - M4_spin_reels_symbols = M4_spin_reels_symbols: null

2019-08-10 23:56:31 - [TEST_STEP][PASSED] - M4_spin_reel_wins = reel_wins: null

2019-08-10 23:56:31 - [TEST_STEP][PASSED] - M4_spin_reel_wins = M4_spin_reel_wins: null

2019-08-10 23:56:31 - [TEST_STEP][PASSED] - println("GlobalVariable.M4_spin_reel_wins is: " + M4_spin_reel_wins): null

2019-08-10 23:56:31 - [TEST_STEP][PASSED] - M4_spin_total_bonus_win_this_round = total_bonus_win_this_round: null

2019-08-10 23:56:31 - [TEST_STEP][PASSED] - M4_spin_total_bonus_win_this_round = M4_spin_total_bonus_win_this_round: null

2019-08-10 23:56:31 - [TEST_STEP][PASSED] - println("GlobalVariable.M4_spin_total_bonus_win_this_round is: " + M4_spin_total_bonus_win_this_round): null

2019-08-10 23:56:31 - [MESSAGE][PASSED] - Verify response successfully

2019-08-10 23:56:31 - [MESSAGE][PASSED] - Send request and verify the response successfully

2019-08-10 23:56:31 - [TEST_STEP][PASSED] - if (M4_total_bonus_spins_int != 0 &amp;&amp; M4_spin_reels_symbols[2].contains("WILD_Double") || M4_spin_reels_symbols[4].contains("WILD_Triple")): null

2019-08-10 23:56:31 - [TEST_STEP][PASSED] - free_spin_reel_counter = free_spin_reel_counter: null

2019-08-10 23:56:31 - [TEST_STEP][PASSED] - M4_spin_reels_symbols = M4_spin_reels_symbols: null

2019-08-10 23:56:31 - [TEST_STEP][PASSED] - M4_total_bonus_spins = M4_total_bonus_spins: null

2019-08-10 23:56:31 - [TEST_STEP][PASSED] - spin_result = sendRequestAndVerify(findTestObject("RGS(M4)/1_M4_spin", ["M4_login_user_id":M4_login_user_id, "rgs_session_token":rgs_session_token, "partner":Partner])): Send request and verify the response successfully

2019-08-10 23:56:32 - [TEST_CASE][PASSED] - Start Test Case : Verification: Verification accomplished successfully

2019-08-10 23:56:32 - [TEST_STEP][PASSED] - request = getInstance().getCurrentRequest(): null

2019-08-10 23:56:32 - [TEST_STEP][PASSED] - response = getInstance().getCurrentResponse(): null

2019-08-10 23:56:32 - [TEST_STEP][PASSED] - verifyResponseStatusCode(response, 200): Verify response status code successfully

2019-08-10 23:56:32 - [MESSAGE][PASSED] - Verify response status code successfully

2019-08-10 23:56:32 - [TEST_STEP][PASSED] - getStatusCode()).isEqualTo(200): null

2019-08-10 23:56:32 - [TEST_STEP][PASSED] - newline = System.getProperty("line.separator"): null

2019-08-10 23:56:32 - [TEST_STEP][PASSED] - M4_spin = new groovy.json.JsonSlurper(): null

2019-08-10 23:56:32 - [TEST_STEP][PASSED] - result_M4_spin = M4_spin.parseText(response.getResponseBodyContent()): null

2019-08-10 23:56:32 - [TEST_STEP][PASSED] - M4_spin_current_balance = current_balance: null

2019-08-10 23:56:32 - [TEST_STEP][PASSED] - M4_spin_current_balance = M4_spin_current_balance: null

2019-08-10 23:56:32 - [TEST_STEP][PASSED] - M4_spin_transaction_id = causality: null

2019-08-10 23:56:32 - [TEST_STEP][PASSED] - M4_spin_transaction_id = M4_spin_transaction_id: null

2019-08-10 23:56:32 - [TEST_STEP][PASSED] - M4_spin_round_id = round_id: null

2019-08-10 23:56:32 - [TEST_STEP][PASSED] - M4_spin_round_id = M4_spin_round_id: null

2019-08-10 23:56:32 - [TEST_STEP][PASSED] - M4_spin_line_wins = line_wins: null

2019-08-10 23:56:32 - [TEST_STEP][PASSED] - M4_spin_line_wins = M4_spin_line_wins: null

2019-08-10 23:56:32 - [TEST_STEP][PASSED] - M4_total_bonus_spins_int = total_bonus_spins: null

2019-08-10 23:56:32 - [TEST_STEP][PASSED] - println("******M4_total_bonus_spins type is:*******" + newline + getClass().getName()): null

2019-08-10 23:56:32 - [TEST_STEP][PASSED] - M4_total_bonus_spins_int = M4_total_bonus_spins_int: null

2019-08-10 23:56:32 - [TEST_STEP][PASSED] - M4_total_bonus_spins = Integer.toString(M4_total_bonus_spins_int): null

2019-08-10 23:56:32 - [TEST_STEP][PASSED] - M4_total_bonus_spins = M4_total_bonus_spins: null

2019-08-10 23:56:32 - [TEST_STEP][PASSED] - println("M4_total_bonus_spins is:" + M4_total_bonus_spins): null

2019-08-10 23:56:32 - [TEST_STEP][PASSED] - M4_spin_bonus_data = bonus_data: null

2019-08-10 23:56:32 - [TEST_STEP][PASSED] - M4_spin_features_triggered = result_M4_spin: null

2019-08-10 23:56:32 - [TEST_STEP][PASSED] - wild = []: null

2019-08-10 23:56:32 - [TEST_STEP][PASSED] - wild[0] = "WILD_Expanding": null

2019-08-10 23:56:32 - [TEST_STEP][PASSED] - wild[1] = "WILD_Normal": null

2019-08-10 23:56:32 - [TEST_STEP][PASSED] - wild[2] = "WILD_Double": null

2019-08-10 23:56:32 - [TEST_STEP][PASSED] - wild[3] = "WILD_ExtraFG": null

2019-08-10 23:56:32 - [TEST_STEP][PASSED] - wild[4] = "WILD_Triple": null

2019-08-10 23:56:32 - [TEST_STEP][PASSED] - wildList = Arrays.asList(wild): null

2019-08-10 23:56:32 - [TEST_STEP][PASSED] - wildList = wildList: null

2019-08-10 23:56:32 - [TEST_STEP][PASSED] - free_spin_reel_counter = []: null

2019-08-10 23:56:32 - [TEST_STEP][PASSED] - free_spin_reel_counter[0] = 0: null

2019-08-10 23:56:32 - [TEST_STEP][PASSED] - free_spin_reel_counter[1] = 0: null

2019-08-10 23:56:32 - [TEST_STEP][PASSED] - free_spin_reel_counter[2] = 0: null

2019-08-10 23:56:32 - [TEST_STEP][PASSED] - M4_spin_reels = reels: null

2019-08-10 23:56:32 - [TEST_STEP][PASSED] - for ([i = 0, i &lt; M4_spin_reels.size(), (i++)]): null

2019-08-10 23:56:32 - [TEST_STEP][PASSED] - symbols = symbols: null

2019-08-10 23:56:32 - [TEST_STEP][PASSED] - for ([j = 0, j &lt; symbols.size(), (j++)]): null

2019-08-10 23:56:32 - [TEST_STEP][PASSED] - symbol = symbol: null

2019-08-10 23:56:32 - [TEST_STEP][PASSED] - println(symbol): null

2019-08-10 23:56:32 - [TEST_STEP][PASSED] - if (i == 2 &amp;&amp; wildList.indexOf(symbol) != -1): null

2019-08-10 23:56:32 - [TEST_STEP][PASSED] - if (i == 3 &amp;&amp; wildList.indexOf(symbol) != -1): null

2019-08-10 23:56:32 - [TEST_STEP][PASSED] - if (i == 4 &amp;&amp; wildList.indexOf(symbol) != -1): null

2019-08-10 23:56:32 - [TEST_STEP][PASSED] - symbol = symbol: null

2019-08-10 23:56:32 - [TEST_STEP][PASSED] - println(symbol): null

2019-08-10 23:56:32 - [TEST_STEP][PASSED] - if (i == 2 &amp;&amp; wildList.indexOf(symbol) != -1): null

2019-08-10 23:56:32 - [TEST_STEP][PASSED] - if (i == 3 &amp;&amp; wildList.indexOf(symbol) != -1): null

2019-08-10 23:56:32 - [TEST_STEP][PASSED] - if (i == 4 &amp;&amp; wildList.indexOf(symbol) != -1): null

2019-08-10 23:56:32 - [TEST_STEP][PASSED] - symbol = symbol: null

2019-08-10 23:56:32 - [TEST_STEP][PASSED] - println(symbol): null

2019-08-10 23:56:32 - [TEST_STEP][PASSED] - if (i == 2 &amp;&amp; wildList.indexOf(symbol) != -1): null

2019-08-10 23:56:32 - [TEST_STEP][PASSED] - if (i == 3 &amp;&amp; wildList.indexOf(symbol) != -1): null

2019-08-10 23:56:32 - [TEST_STEP][PASSED] - if (i == 4 &amp;&amp; wildList.indexOf(symbol) != -1): null

2019-08-10 23:56:32 - [TEST_STEP][PASSED] - symbols = symbols: null

2019-08-10 23:56:32 - [TEST_STEP][PASSED] - for ([j = 0, j &lt; symbols.size(), (j++)]): null

2019-08-10 23:56:32 - [TEST_STEP][PASSED] - symbol = symbol: null

2019-08-10 23:56:32 - [TEST_STEP][PASSED] - println(symbol): null

2019-08-10 23:56:32 - [TEST_STEP][PASSED] - if (i == 2 &amp;&amp; wildList.indexOf(symbol) != -1): null

2019-08-10 23:56:32 - [TEST_STEP][PASSED] - if (i == 3 &amp;&amp; wildList.indexOf(symbol) != -1): null

2019-08-10 23:56:32 - [TEST_STEP][PASSED] - if (i == 4 &amp;&amp; wildList.indexOf(symbol) != -1): null

2019-08-10 23:56:32 - [TEST_STEP][PASSED] - symbol = symbol: null

2019-08-10 23:56:32 - [TEST_STEP][PASSED] - println(symbol): null

2019-08-10 23:56:32 - [TEST_STEP][PASSED] - if (i == 2 &amp;&amp; wildList.indexOf(symbol) != -1): null

2019-08-10 23:56:32 - [TEST_STEP][PASSED] - if (i == 3 &amp;&amp; wildList.indexOf(symbol) != -1): null

2019-08-10 23:56:32 - [TEST_STEP][PASSED] - if (i == 4 &amp;&amp; wildList.indexOf(symbol) != -1): null

2019-08-10 23:56:32 - [TEST_STEP][PASSED] - symbol = symbol: null

2019-08-10 23:56:32 - [TEST_STEP][PASSED] - println(symbol): null

2019-08-10 23:56:32 - [TEST_STEP][PASSED] - if (i == 2 &amp;&amp; wildList.indexOf(symbol) != -1): null

2019-08-10 23:56:32 - [TEST_STEP][PASSED] - if (i == 3 &amp;&amp; wildList.indexOf(symbol) != -1): null

2019-08-10 23:56:32 - [TEST_STEP][PASSED] - if (i == 4 &amp;&amp; wildList.indexOf(symbol) != -1): null

2019-08-10 23:56:32 - [TEST_STEP][PASSED] - symbols = symbols: null

2019-08-10 23:56:32 - [TEST_STEP][PASSED] - for ([j = 0, j &lt; symbols.size(), (j++)]): null

2019-08-10 23:56:32 - [TEST_STEP][PASSED] - symbol = symbol: null

2019-08-10 23:56:32 - [TEST_STEP][PASSED] - println(symbol): null

2019-08-10 23:56:32 - [TEST_STEP][PASSED] - if (i == 2 &amp;&amp; wildList.indexOf(symbol) != -1): null

2019-08-10 23:56:32 - [TEST_STEP][PASSED] - println("wild found on reel 3, adding counter by 1"): null

2019-08-10 23:56:32 - [TEST_STEP][PASSED] - free_spin_reel_counter[0] = free_spin_reel_counter[0] + 1: null

2019-08-10 23:56:32 - [TEST_STEP][PASSED] - if (i == 3 &amp;&amp; wildList.indexOf(symbol) != -1): null

2019-08-10 23:56:32 - [TEST_STEP][PASSED] - if (i == 4 &amp;&amp; wildList.indexOf(symbol) != -1): null

2019-08-10 23:56:32 - [TEST_STEP][PASSED] - symbol = symbol: null

2019-08-10 23:56:32 - [TEST_STEP][PASSED] - println(symbol): null

2019-08-10 23:56:32 - [TEST_STEP][PASSED] - if (i == 2 &amp;&amp; wildList.indexOf(symbol) != -1): null

2019-08-10 23:56:32 - [TEST_STEP][PASSED] - if (i == 3 &amp;&amp; wildList.indexOf(symbol) != -1): null

2019-08-10 23:56:32 - [TEST_STEP][PASSED] - if (i == 4 &amp;&amp; wildList.indexOf(symbol) != -1): null

2019-08-10 23:56:32 - [TEST_STEP][PASSED] - symbol = symbol: null

2019-08-10 23:56:32 - [TEST_STEP][PASSED] - println(symbol): null

2019-08-10 23:56:32 - [TEST_STEP][PASSED] - if (i == 2 &amp;&amp; wildList.indexOf(symbol) != -1): null

2019-08-10 23:56:32 - [TEST_STEP][PASSED] - if (i == 3 &amp;&amp; wildList.indexOf(symbol) != -1): null

2019-08-10 23:56:32 - [TEST_STEP][PASSED] - if (i == 4 &amp;&amp; wildList.indexOf(symbol) != -1): null

2019-08-10 23:56:32 - [TEST_STEP][PASSED] - symbols = symbols: null

2019-08-10 23:56:32 - [TEST_STEP][PASSED] - for ([j = 0, j &lt; symbols.size(), (j++)]): null

2019-08-10 23:56:32 - [TEST_STEP][PASSED] - symbol = symbol: null

2019-08-10 23:56:32 - [TEST_STEP][PASSED] - println(symbol): null

2019-08-10 23:56:32 - [TEST_STEP][PASSED] - if (i == 2 &amp;&amp; wildList.indexOf(symbol) != -1): null

2019-08-10 23:56:32 - [TEST_STEP][PASSED] - if (i == 3 &amp;&amp; wildList.indexOf(symbol) != -1): null

2019-08-10 23:56:32 - [TEST_STEP][PASSED] - if (i == 4 &amp;&amp; wildList.indexOf(symbol) != -1): null

2019-08-10 23:56:32 - [TEST_STEP][PASSED] - symbol = symbol: null

2019-08-10 23:56:32 - [TEST_STEP][PASSED] - println(symbol): null

2019-08-10 23:56:32 - [TEST_STEP][PASSED] - if (i == 2 &amp;&amp; wildList.indexOf(symbol) != -1): null

2019-08-10 23:56:32 - [TEST_STEP][PASSED] - if (i == 3 &amp;&amp; wildList.indexOf(symbol) != -1): null

2019-08-10 23:56:32 - [TEST_STEP][PASSED] - if (i == 4 &amp;&amp; wildList.indexOf(symbol) != -1): null

2019-08-10 23:56:32 - [TEST_STEP][PASSED] - symbol = symbol: null

2019-08-10 23:56:32 - [TEST_STEP][PASSED] - println(symbol): null

2019-08-10 23:56:32 - [TEST_STEP][PASSED] - if (i == 2 &amp;&amp; wildList.indexOf(symbol) != -1): null

2019-08-10 23:56:32 - [TEST_STEP][PASSED] - if (i == 3 &amp;&amp; wildList.indexOf(symbol) != -1): null

2019-08-10 23:56:32 - [TEST_STEP][PASSED] - if (i == 4 &amp;&amp; wildList.indexOf(symbol) != -1): null

2019-08-10 23:56:32 - [TEST_STEP][PASSED] - symbols = symbols: null

2019-08-10 23:56:32 - [TEST_STEP][PASSED] - for ([j = 0, j &lt; symbols.size(), (j++)]): null

2019-08-10 23:56:32 - [TEST_STEP][PASSED] - symbol = symbol: null

2019-08-10 23:56:32 - [TEST_STEP][PASSED] - println(symbol): null

2019-08-10 23:56:32 - [TEST_STEP][PASSED] - if (i == 2 &amp;&amp; wildList.indexOf(symbol) != -1): null

2019-08-10 23:56:32 - [TEST_STEP][PASSED] - if (i == 3 &amp;&amp; wildList.indexOf(symbol) != -1): null

2019-08-10 23:56:32 - [TEST_STEP][PASSED] - if (i == 4 &amp;&amp; wildList.indexOf(symbol) != -1): null

2019-08-10 23:56:32 - [TEST_STEP][PASSED] - symbol = symbol: null

2019-08-10 23:56:32 - [TEST_STEP][PASSED] - println(symbol): null

2019-08-10 23:56:32 - [TEST_STEP][PASSED] - if (i == 2 &amp;&amp; wildList.indexOf(symbol) != -1): null

2019-08-10 23:56:32 - [TEST_STEP][PASSED] - if (i == 3 &amp;&amp; wildList.indexOf(symbol) != -1): null

2019-08-10 23:56:32 - [TEST_STEP][PASSED] - if (i == 4 &amp;&amp; wildList.indexOf(symbol) != -1): null

2019-08-10 23:56:32 - [TEST_STEP][PASSED] - println("wild found on reel 5, adding counter by 1"): null

2019-08-10 23:56:32 - [TEST_STEP][PASSED] - free_spin_reel_counter[2] = free_spin_reel_counter[2] + 1: null

2019-08-10 23:56:32 - [TEST_STEP][PASSED] - symbol = symbol: null

2019-08-10 23:56:32 - [TEST_STEP][PASSED] - println(symbol): null

2019-08-10 23:56:32 - [TEST_STEP][PASSED] - if (i == 2 &amp;&amp; wildList.indexOf(symbol) != -1): null

2019-08-10 23:56:32 - [TEST_STEP][PASSED] - if (i == 3 &amp;&amp; wildList.indexOf(symbol) != -1): null

2019-08-10 23:56:32 - [TEST_STEP][PASSED] - if (i == 4 &amp;&amp; wildList.indexOf(symbol) != -1): null

2019-08-10 23:56:32 - [TEST_STEP][PASSED] - free_spin_reel_counter = free_spin_reel_counter: null

2019-08-10 23:56:32 - [TEST_STEP][PASSED] - println("reel 3 wild found: " + free_spin_reel_counter[0]): null

2019-08-10 23:56:32 - [TEST_STEP][PASSED] - println("reel 4 wild found: " + free_spin_reel_counter[1]): null

2019-08-10 23:56:32 - [TEST_STEP][PASSED] - println("reel 5 wild found: " + free_spin_reel_counter[2]): null

2019-08-10 23:56:32 - [TEST_STEP][PASSED] - M4_spin_reels = M4_spin_reels: null

2019-08-10 23:56:32 - [TEST_STEP][PASSED] - M4_spin_reels_symbols = symbol: null

2019-08-10 23:56:32 - [TEST_STEP][PASSED] - M4_spin_reels_symbols = M4_spin_reels_symbols: null

2019-08-10 23:56:32 - [TEST_STEP][PASSED] - M4_spin_reel_wins = reel_wins: null

2019-08-10 23:56:32 - [TEST_STEP][PASSED] - M4_spin_reel_wins = M4_spin_reel_wins: null

2019-08-10 23:56:32 - [TEST_STEP][PASSED] - println("GlobalVariable.M4_spin_reel_wins is: " + M4_spin_reel_wins): null

2019-08-10 23:56:32 - [TEST_STEP][PASSED] - M4_spin_total_bonus_win_this_round = total_bonus_win_this_round: null

2019-08-10 23:56:32 - [TEST_STEP][PASSED] - M4_spin_total_bonus_win_this_round = M4_spin_total_bonus_win_this_round: null

2019-08-10 23:56:32 - [TEST_STEP][PASSED] - println("GlobalVariable.M4_spin_total_bonus_win_this_round is: " + M4_spin_total_bonus_win_this_round): null

2019-08-10 23:56:32 - [MESSAGE][PASSED] - Verify response successfully

2019-08-10 23:56:32 - [MESSAGE][PASSED] - Send request and verify the response successfully

2019-08-10 23:56:32 - [TEST_STEP][PASSED] - if (M4_total_bonus_spins_int != 0 &amp;&amp; M4_spin_reels_symbols[2].contains("WILD_Double") || M4_spin_reels_symbols[4].contains("WILD_Triple")): null

2019-08-10 23:56:32 - [TEST_STEP][PASSED] - free_spin_reel_counter = free_spin_reel_counter: null

2019-08-10 23:56:32 - [TEST_STEP][PASSED] - M4_spin_reels_symbols = M4_spin_reels_symbols: null

2019-08-10 23:56:32 - [TEST_STEP][PASSED] - M4_total_bonus_spins = M4_total_bonus_spins: null

2019-08-10 23:56:32 - [TEST_STEP][PASSED] - spin_result = sendRequestAndVerify(findTestObject("RGS(M4)/1_M4_spin", ["M4_login_user_id":M4_login_user_id, "rgs_session_token":rgs_session_token, "partner":Partner])): Send request and verify the response successfully

2019-08-10 23:56:32 - [TEST_CASE][PASSED] - Start Test Case : Verification: Verification accomplished successfully

2019-08-10 23:56:32 - [TEST_STEP][PASSED] - request = getInstance().getCurrentRequest(): null

2019-08-10 23:56:32 - [TEST_STEP][PASSED] - response = getInstance().getCurrentResponse(): null

2019-08-10 23:56:32 - [TEST_STEP][PASSED] - verifyResponseStatusCode(response, 200): Verify response status code successfully

2019-08-10 23:56:32 - [MESSAGE][PASSED] - Verify response status code successfully

2019-08-10 23:56:32 - [TEST_STEP][PASSED] - getStatusCode()).isEqualTo(200): null

2019-08-10 23:56:32 - [TEST_STEP][PASSED] - newline = System.getProperty("line.separator"): null

2019-08-10 23:56:32 - [TEST_STEP][PASSED] - M4_spin = new groovy.json.JsonSlurper(): null

2019-08-10 23:56:32 - [TEST_STEP][PASSED] - result_M4_spin = M4_spin.parseText(response.getResponseBodyContent()): null

2019-08-10 23:56:32 - [TEST_STEP][PASSED] - M4_spin_current_balance = current_balance: null

2019-08-10 23:56:32 - [TEST_STEP][PASSED] - M4_spin_current_balance = M4_spin_current_balance: null

2019-08-10 23:56:32 - [TEST_STEP][PASSED] - M4_spin_transaction_id = causality: null

2019-08-10 23:56:32 - [TEST_STEP][PASSED] - M4_spin_transaction_id = M4_spin_transaction_id: null

2019-08-10 23:56:32 - [TEST_STEP][PASSED] - M4_spin_round_id = round_id: null

2019-08-10 23:56:32 - [TEST_STEP][PASSED] - M4_spin_round_id = M4_spin_round_id: null

2019-08-10 23:56:32 - [TEST_STEP][PASSED] - M4_spin_line_wins = line_wins: null

2019-08-10 23:56:32 - [TEST_STEP][PASSED] - M4_spin_line_wins = M4_spin_line_wins: null

2019-08-10 23:56:32 - [TEST_STEP][PASSED] - M4_total_bonus_spins_int = total_bonus_spins: null

2019-08-10 23:56:32 - [TEST_STEP][PASSED] - println("******M4_total_bonus_spins type is:*******" + newline + getClass().getName()): null

2019-08-10 23:56:32 - [TEST_STEP][PASSED] - M4_total_bonus_spins_int = M4_total_bonus_spins_int: null

2019-08-10 23:56:32 - [TEST_STEP][PASSED] - M4_total_bonus_spins = Integer.toString(M4_total_bonus_spins_int): null

2019-08-10 23:56:32 - [TEST_STEP][PASSED] - M4_total_bonus_spins = M4_total_bonus_spins: null

2019-08-10 23:56:32 - [TEST_STEP][PASSED] - println("M4_total_bonus_spins is:" + M4_total_bonus_spins): null

2019-08-10 23:56:32 - [TEST_STEP][PASSED] - M4_spin_bonus_data = bonus_data: null

2019-08-10 23:56:32 - [TEST_STEP][PASSED] - M4_spin_features_triggered = result_M4_spin: null

2019-08-10 23:56:32 - [TEST_STEP][PASSED] - wild = []: null

2019-08-10 23:56:32 - [TEST_STEP][PASSED] - wild[0] = "WILD_Expanding": null

2019-08-10 23:56:32 - [TEST_STEP][PASSED] - wild[1] = "WILD_Normal": null

2019-08-10 23:56:32 - [TEST_STEP][PASSED] - wild[2] = "WILD_Double": null

2019-08-10 23:56:32 - [TEST_STEP][PASSED] - wild[3] = "WILD_ExtraFG": null

2019-08-10 23:56:32 - [TEST_STEP][PASSED] - wild[4] = "WILD_Triple": null

2019-08-10 23:56:32 - [TEST_STEP][PASSED] - wildList = Arrays.asList(wild): null

2019-08-10 23:56:32 - [TEST_STEP][PASSED] - wildList = wildList: null

2019-08-10 23:56:32 - [TEST_STEP][PASSED] - free_spin_reel_counter = []: null

2019-08-10 23:56:32 - [TEST_STEP][PASSED] - free_spin_reel_counter[0] = 0: null

2019-08-10 23:56:32 - [TEST_STEP][PASSED] - free_spin_reel_counter[1] = 0: null

2019-08-10 23:56:32 - [TEST_STEP][PASSED] - free_spin_reel_counter[2] = 0: null

2019-08-10 23:56:32 - [TEST_STEP][PASSED] - M4_spin_reels = reels: null

2019-08-10 23:56:32 - [TEST_STEP][PASSED] - for ([i = 0, i &lt; M4_spin_reels.size(), (i++)]): null

2019-08-10 23:56:32 - [TEST_STEP][PASSED] - symbols = symbols: null

2019-08-10 23:56:32 - [TEST_STEP][PASSED] - for ([j = 0, j &lt; symbols.size(), (j++)]): null

2019-08-10 23:56:32 - [TEST_STEP][PASSED] - symbol = symbol: null

2019-08-10 23:56:32 - [TEST_STEP][PASSED] - println(symbol): null

2019-08-10 23:56:32 - [TEST_STEP][PASSED] - if (i == 2 &amp;&amp; wildList.indexOf(symbol) != -1): null

2019-08-10 23:56:32 - [TEST_STEP][PASSED] - if (i == 3 &amp;&amp; wildList.indexOf(symbol) != -1): null

2019-08-10 23:56:32 - [TEST_STEP][PASSED] - if (i == 4 &amp;&amp; wildList.indexOf(symbol) != -1): null

2019-08-10 23:56:32 - [TEST_STEP][PASSED] - symbol = symbol: null

2019-08-10 23:56:32 - [TEST_STEP][PASSED] - println(symbol): null

2019-08-10 23:56:32 - [TEST_STEP][PASSED] - if (i == 2 &amp;&amp; wildList.indexOf(symbol) != -1): null

2019-08-10 23:56:32 - [TEST_STEP][PASSED] - if (i == 3 &amp;&amp; wildList.indexOf(symbol) != -1): null

2019-08-10 23:56:32 - [TEST_STEP][PASSED] - if (i == 4 &amp;&amp; wildList.indexOf(symbol) != -1): null

2019-08-10 23:56:32 - [TEST_STEP][PASSED] - symbol = symbol: null

2019-08-10 23:56:32 - [TEST_STEP][PASSED] - println(symbol): null

2019-08-10 23:56:32 - [TEST_STEP][PASSED] - if (i == 2 &amp;&amp; wildList.indexOf(symbol) != -1): null

2019-08-10 23:56:32 - [TEST_STEP][PASSED] - if (i == 3 &amp;&amp; wildList.indexOf(symbol) != -1): null

2019-08-10 23:56:32 - [TEST_STEP][PASSED] - if (i == 4 &amp;&amp; wildList.indexOf(symbol) != -1): null

2019-08-10 23:56:32 - [TEST_STEP][PASSED] - symbols = symbols: null

2019-08-10 23:56:32 - [TEST_STEP][PASSED] - for ([j = 0, j &lt; symbols.size(), (j++)]): null

2019-08-10 23:56:32 - [TEST_STEP][PASSED] - symbol = symbol: null

2019-08-10 23:56:32 - [TEST_STEP][PASSED] - println(symbol): null

2019-08-10 23:56:32 - [TEST_STEP][PASSED] - if (i == 2 &amp;&amp; wildList.indexOf(symbol) != -1): null

2019-08-10 23:56:32 - [TEST_STEP][PASSED] - if (i == 3 &amp;&amp; wildList.indexOf(symbol) != -1): null

2019-08-10 23:56:32 - [TEST_STEP][PASSED] - if (i == 4 &amp;&amp; wildList.indexOf(symbol) != -1): null

2019-08-10 23:56:32 - [TEST_STEP][PASSED] - symbol = symbol: null

2019-08-10 23:56:32 - [TEST_STEP][PASSED] - println(symbol): null

2019-08-10 23:56:32 - [TEST_STEP][PASSED] - if (i == 2 &amp;&amp; wildList.indexOf(symbol) != -1): null

2019-08-10 23:56:32 - [TEST_STEP][PASSED] - if (i == 3 &amp;&amp; wildList.indexOf(symbol) != -1): null

2019-08-10 23:56:32 - [TEST_STEP][PASSED] - if (i == 4 &amp;&amp; wildList.indexOf(symbol) != -1): null

2019-08-10 23:56:32 - [TEST_STEP][PASSED] - symbol = symbol: null

2019-08-10 23:56:32 - [TEST_STEP][PASSED] - println(symbol): null

2019-08-10 23:56:32 - [TEST_STEP][PASSED] - if (i == 2 &amp;&amp; wildList.indexOf(symbol) != -1): null

2019-08-10 23:56:32 - [TEST_STEP][PASSED] - if (i == 3 &amp;&amp; wildList.indexOf(symbol) != -1): null

2019-08-10 23:56:32 - [TEST_STEP][PASSED] - if (i == 4 &amp;&amp; wildList.indexOf(symbol) != -1): null

2019-08-10 23:56:32 - [TEST_STEP][PASSED] - symbols = symbols: null

2019-08-10 23:56:32 - [TEST_STEP][PASSED] - for ([j = 0, j &lt; symbols.size(), (j++)]): null

2019-08-10 23:56:32 - [TEST_STEP][PASSED] - symbol = symbol: null

2019-08-10 23:56:32 - [TEST_STEP][PASSED] - println(symbol): null

2019-08-10 23:56:32 - [TEST_STEP][PASSED] - if (i == 2 &amp;&amp; wildList.indexOf(symbol) != -1): null

2019-08-10 23:56:32 - [TEST_STEP][PASSED] - if (i == 3 &amp;&amp; wildList.indexOf(symbol) != -1): null

2019-08-10 23:56:32 - [TEST_STEP][PASSED] - if (i == 4 &amp;&amp; wildList.indexOf(symbol) != -1): null

2019-08-10 23:56:32 - [TEST_STEP][PASSED] - symbol = symbol: null

2019-08-10 23:56:32 - [TEST_STEP][PASSED] - println(symbol): null

2019-08-10 23:56:32 - [TEST_STEP][PASSED] - if (i == 2 &amp;&amp; wildList.indexOf(symbol) != -1): null

2019-08-10 23:56:32 - [TEST_STEP][PASSED] - if (i == 3 &amp;&amp; wildList.indexOf(symbol) != -1): null

2019-08-10 23:56:32 - [TEST_STEP][PASSED] - if (i == 4 &amp;&amp; wildList.indexOf(symbol) != -1): null

2019-08-10 23:56:32 - [TEST_STEP][PASSED] - symbol = symbol: null

2019-08-10 23:56:32 - [TEST_STEP][PASSED] - println(symbol): null

2019-08-10 23:56:32 - [TEST_STEP][PASSED] - if (i == 2 &amp;&amp; wildList.indexOf(symbol) != -1): null

2019-08-10 23:56:32 - [TEST_STEP][PASSED] - if (i == 3 &amp;&amp; wildList.indexOf(symbol) != -1): null

2019-08-10 23:56:32 - [TEST_STEP][PASSED] - if (i == 4 &amp;&amp; wildList.indexOf(symbol) != -1): null

2019-08-10 23:56:32 - [TEST_STEP][PASSED] - symbols = symbols: null

2019-08-10 23:56:32 - [TEST_STEP][PASSED] - for ([j = 0, j &lt; symbols.size(), (j++)]): null

2019-08-10 23:56:32 - [TEST_STEP][PASSED] - symbol = symbol: null

2019-08-10 23:56:32 - [TEST_STEP][PASSED] - println(symbol): null

2019-08-10 23:56:32 - [TEST_STEP][PASSED] - if (i == 2 &amp;&amp; wildList.indexOf(symbol) != -1): null

2019-08-10 23:56:32 - [TEST_STEP][PASSED] - if (i == 3 &amp;&amp; wildList.indexOf(symbol) != -1): null

2019-08-10 23:56:32 - [TEST_STEP][PASSED] - if (i == 4 &amp;&amp; wildList.indexOf(symbol) != -1): null

2019-08-10 23:56:32 - [TEST_STEP][PASSED] - symbol = symbol: null

2019-08-10 23:56:32 - [TEST_STEP][PASSED] - println(symbol): null

2019-08-10 23:56:32 - [TEST_STEP][PASSED] - if (i == 2 &amp;&amp; wildList.indexOf(symbol) != -1): null

2019-08-10 23:56:32 - [TEST_STEP][PASSED] - if (i == 3 &amp;&amp; wildList.indexOf(symbol) != -1): null

2019-08-10 23:56:32 - [TEST_STEP][PASSED] - if (i == 4 &amp;&amp; wildList.indexOf(symbol) != -1): null

2019-08-10 23:56:32 - [TEST_STEP][PASSED] - symbol = symbol: null

2019-08-10 23:56:32 - [TEST_STEP][PASSED] - println(symbol): null

2019-08-10 23:56:32 - [TEST_STEP][PASSED] - if (i == 2 &amp;&amp; wildList.indexOf(symbol) != -1): null

2019-08-10 23:56:32 - [TEST_STEP][PASSED] - if (i == 3 &amp;&amp; wildList.indexOf(symbol) != -1): null

2019-08-10 23:56:32 - [TEST_STEP][PASSED] - if (i == 4 &amp;&amp; wildList.indexOf(symbol) != -1): null

2019-08-10 23:56:32 - [TEST_STEP][PASSED] - symbols = symbols: null

2019-08-10 23:56:32 - [TEST_STEP][PASSED] - for ([j = 0, j &lt; symbols.size(), (j++)]): null

2019-08-10 23:56:32 - [TEST_STEP][PASSED] - symbol = symbol: null

2019-08-10 23:56:32 - [TEST_STEP][PASSED] - println(symbol): null

2019-08-10 23:56:32 - [TEST_STEP][PASSED] - if (i == 2 &amp;&amp; wildList.indexOf(symbol) != -1): null

2019-08-10 23:56:32 - [TEST_STEP][PASSED] - if (i == 3 &amp;&amp; wildList.indexOf(symbol) != -1): null

2019-08-10 23:56:32 - [TEST_STEP][PASSED] - if (i == 4 &amp;&amp; wildList.indexOf(symbol) != -1): null

2019-08-10 23:56:32 - [TEST_STEP][PASSED] - symbol = symbol: null

2019-08-10 23:56:32 - [TEST_STEP][PASSED] - println(symbol): null

2019-08-10 23:56:32 - [TEST_STEP][PASSED] - if (i == 2 &amp;&amp; wildList.indexOf(symbol) != -1): null

2019-08-10 23:56:32 - [TEST_STEP][PASSED] - if (i == 3 &amp;&amp; wildList.indexOf(symbol) != -1): null

2019-08-10 23:56:32 - [TEST_STEP][PASSED] - if (i == 4 &amp;&amp; wildList.indexOf(symbol) != -1): null

2019-08-10 23:56:32 - [TEST_STEP][PASSED] - symbol = symbol: null

2019-08-10 23:56:32 - [TEST_STEP][PASSED] - println(symbol): null

2019-08-10 23:56:32 - [TEST_STEP][PASSED] - if (i == 2 &amp;&amp; wildList.indexOf(symbol) != -1): null

2019-08-10 23:56:32 - [TEST_STEP][PASSED] - if (i == 3 &amp;&amp; wildList.indexOf(symbol) != -1): null

2019-08-10 23:56:32 - [TEST_STEP][PASSED] - if (i == 4 &amp;&amp; wildList.indexOf(symbol) != -1): null

2019-08-10 23:56:32 - [TEST_STEP][PASSED] - free_spin_reel_counter = free_spin_reel_counter: null

2019-08-10 23:56:32 - [TEST_STEP][PASSED] - println("reel 3 wild found: " + free_spin_reel_counter[0]): null

2019-08-10 23:56:36 - [TEST_STEP][PASSED] - println("reel 4 wild found: " + free_spin_reel_counter[1]): null

2019-08-10 23:56:36 - [TEST_STEP][PASSED] - println("reel 5 wild found: " + free_spin_reel_counter[2]): null

2019-08-10 23:56:36 - [TEST_STEP][PASSED] - M4_spin_reels = M4_spin_reels: null

2019-08-10 23:56:36 - [TEST_STEP][PASSED] - M4_spin_reels_symbols = symbol: null

2019-08-10 23:56:36 - [TEST_STEP][PASSED] - M4_spin_reels_symbols = M4_spin_reels_symbols: null

2019-08-10 23:56:36 - [TEST_STEP][PASSED] - M4_spin_reel_wins = reel_wins: null

2019-08-10 23:56:36 - [TEST_STEP][PASSED] - M4_spin_reel_wins = M4_spin_reel_wins: null

2019-08-10 23:56:36 - [TEST_STEP][PASSED] - println("GlobalVariable.M4_spin_reel_wins is: " + M4_spin_reel_wins): null

2019-08-10 23:56:36 - [TEST_STEP][PASSED] - M4_spin_total_bonus_win_this_round = total_bonus_win_this_round: null

2019-08-10 23:56:36 - [TEST_STEP][PASSED] - M4_spin_total_bonus_win_this_round = M4_spin_total_bonus_win_this_round: null

2019-08-10 23:56:36 - [TEST_STEP][PASSED] - println("GlobalVariable.M4_spin_total_bonus_win_this_round is: " + M4_spin_total_bonus_win_this_round): null

2019-08-10 23:56:36 - [MESSAGE][PASSED] - Verify response successfully

2019-08-10 23:56:36 - [MESSAGE][PASSED] - Send request and verify the response successfully

2019-08-10 23:56:36 - [TEST_STEP][PASSED] - if (M4_total_bonus_spins_int != 0 &amp;&amp; M4_spin_reels_symbols[2].contains("WILD_Double") || M4_spin_reels_symbols[4].contains("WILD_Triple")): null

2019-08-10 23:56:36 - [TEST_STEP][PASSED] - free_spin_reel_counter = free_spin_reel_counter: null

2019-08-10 23:56:36 - [TEST_STEP][PASSED] - M4_spin_reels_symbols = M4_spin_reels_symbols: null

2019-08-10 23:56:36 - [TEST_STEP][PASSED] - M4_total_bonus_spins = M4_total_bonus_spins: null

2019-08-10 23:56:36 - [TEST_STEP][PASSED] - spin_result = sendRequestAndVerify(findTestObject("RGS(M4)/1_M4_spin", ["M4_login_user_id":M4_login_user_id, "rgs_session_token":rgs_session_token, "partner":Partner])): Send request and verify the response successfully

2019-08-10 23:56:37 - [TEST_CASE][PASSED] - Start Test Case : Verification: Verification accomplished successfully

2019-08-10 23:56:37 - [TEST_STEP][PASSED] - request = getInstance().getCurrentRequest(): null

2019-08-10 23:56:37 - [TEST_STEP][PASSED] - response = getInstance().getCurrentResponse(): null

2019-08-10 23:56:37 - [TEST_STEP][PASSED] - verifyResponseStatusCode(response, 200): Verify response status code successfully

2019-08-10 23:56:37 - [MESSAGE][PASSED] - Verify response status code successfully

2019-08-10 23:56:37 - [TEST_STEP][PASSED] - getStatusCode()).isEqualTo(200): null

2019-08-10 23:56:37 - [TEST_STEP][PASSED] - newline = System.getProperty("line.separator"): null

2019-08-10 23:56:37 - [TEST_STEP][PASSED] - M4_spin = new groovy.json.JsonSlurper(): null

2019-08-10 23:56:37 - [TEST_STEP][PASSED] - result_M4_spin = M4_spin.parseText(response.getResponseBodyContent()): null

2019-08-10 23:56:37 - [TEST_STEP][PASSED] - M4_spin_current_balance = current_balance: null

2019-08-10 23:56:37 - [TEST_STEP][PASSED] - M4_spin_current_balance = M4_spin_current_balance: null

2019-08-10 23:56:37 - [TEST_STEP][PASSED] - M4_spin_transaction_id = causality: null

2019-08-10 23:56:37 - [TEST_STEP][PASSED] - M4_spin_transaction_id = M4_spin_transaction_id: null

2019-08-10 23:56:37 - [TEST_STEP][PASSED] - M4_spin_round_id = round_id: null

2019-08-10 23:56:37 - [TEST_STEP][PASSED] - M4_spin_round_id = M4_spin_round_id: null

2019-08-10 23:56:37 - [TEST_STEP][PASSED] - M4_spin_line_wins = line_wins: null

2019-08-10 23:56:37 - [TEST_STEP][PASSED] - M4_spin_line_wins = M4_spin_line_wins: null

2019-08-10 23:56:37 - [TEST_STEP][PASSED] - M4_total_bonus_spins_int = total_bonus_spins: null

2019-08-10 23:56:37 - [TEST_STEP][PASSED] - println("******M4_total_bonus_spins type is:*******" + newline + getClass().getName()): null

2019-08-10 23:56:37 - [TEST_STEP][PASSED] - M4_total_bonus_spins_int = M4_total_bonus_spins_int: null

2019-08-10 23:56:37 - [TEST_STEP][PASSED] - M4_total_bonus_spins = Integer.toString(M4_total_bonus_spins_int): null

2019-08-10 23:56:37 - [TEST_STEP][PASSED] - M4_total_bonus_spins = M4_total_bonus_spins: null

2019-08-10 23:56:37 - [TEST_STEP][PASSED] - println("M4_total_bonus_spins is:" + M4_total_bonus_spins): null

2019-08-10 23:56:37 - [TEST_STEP][PASSED] - M4_spin_bonus_data = bonus_data: null

2019-08-10 23:56:37 - [TEST_STEP][PASSED] - M4_spin_features_triggered = result_M4_spin: null

2019-08-10 23:56:37 - [TEST_STEP][PASSED] - wild = []: null

2019-08-10 23:56:37 - [TEST_STEP][PASSED] - wild[0] = "WILD_Expanding": null

2019-08-10 23:56:37 - [TEST_STEP][PASSED] - wild[1] = "WILD_Normal": null

2019-08-10 23:56:37 - [TEST_STEP][PASSED] - wild[2] = "WILD_Double": null

2019-08-10 23:56:37 - [TEST_STEP][PASSED] - wild[3] = "WILD_ExtraFG": null

2019-08-10 23:56:37 - [TEST_STEP][PASSED] - wild[4] = "WILD_Triple": null

2019-08-10 23:56:37 - [TEST_STEP][PASSED] - wildList = Arrays.asList(wild): null

2019-08-10 23:56:37 - [TEST_STEP][PASSED] - wildList = wildList: null

2019-08-10 23:56:37 - [TEST_STEP][PASSED] - free_spin_reel_counter = []: null

2019-08-10 23:56:37 - [TEST_STEP][PASSED] - free_spin_reel_counter[0] = 0: null

2019-08-10 23:56:37 - [TEST_STEP][PASSED] - free_spin_reel_counter[1] = 0: null

2019-08-10 23:56:37 - [TEST_STEP][PASSED] - free_spin_reel_counter[2] = 0: null

2019-08-10 23:56:37 - [TEST_STEP][PASSED] - M4_spin_reels = reels: null

2019-08-10 23:56:37 - [TEST_STEP][PASSED] - for ([i = 0, i &lt; M4_spin_reels.size(), (i++)]): null

2019-08-10 23:56:37 - [TEST_STEP][PASSED] - symbols = symbols: null

2019-08-10 23:56:37 - [TEST_STEP][PASSED] - for ([j = 0, j &lt; symbols.size(), (j++)]): null

2019-08-10 23:56:37 - [TEST_STEP][PASSED] - symbol = symbol: null

2019-08-10 23:56:37 - [TEST_STEP][PASSED] - println(symbol): null

2019-08-10 23:56:37 - [TEST_STEP][PASSED] - if (i == 2 &amp;&amp; wildList.indexOf(symbol) != -1): null

2019-08-10 23:56:37 - [TEST_STEP][PASSED] - if (i == 3 &amp;&amp; wildList.indexOf(symbol) != -1): null

2019-08-10 23:56:37 - [TEST_STEP][PASSED] - if (i == 4 &amp;&amp; wildList.indexOf(symbol) != -1): null

2019-08-10 23:56:37 - [TEST_STEP][PASSED] - symbol = symbol: null

2019-08-10 23:56:37 - [TEST_STEP][PASSED] - println(symbol): null

2019-08-10 23:56:37 - [TEST_STEP][PASSED] - if (i == 2 &amp;&amp; wildList.indexOf(symbol) != -1): null

2019-08-10 23:56:37 - [TEST_STEP][PASSED] - if (i == 3 &amp;&amp; wildList.indexOf(symbol) != -1): null

2019-08-10 23:56:37 - [TEST_STEP][PASSED] - if (i == 4 &amp;&amp; wildList.indexOf(symbol) != -1): null

2019-08-10 23:56:37 - [TEST_STEP][PASSED] - symbol = symbol: null

2019-08-10 23:56:37 - [TEST_STEP][PASSED] - println(symbol): null

2019-08-10 23:56:37 - [TEST_STEP][PASSED] - if (i == 2 &amp;&amp; wildList.indexOf(symbol) != -1): null

2019-08-10 23:56:37 - [TEST_STEP][PASSED] - if (i == 3 &amp;&amp; wildList.indexOf(symbol) != -1): null

2019-08-10 23:56:37 - [TEST_STEP][PASSED] - if (i == 4 &amp;&amp; wildList.indexOf(symbol) != -1): null

2019-08-10 23:56:37 - [TEST_STEP][PASSED] - symbols = symbols: null

2019-08-10 23:56:37 - [TEST_STEP][PASSED] - for ([j = 0, j &lt; symbols.size(), (j++)]): null

2019-08-10 23:56:37 - [TEST_STEP][PASSED] - symbol = symbol: null

2019-08-10 23:56:37 - [TEST_STEP][PASSED] - println(symbol): null

2019-08-10 23:56:37 - [TEST_STEP][PASSED] - if (i == 2 &amp;&amp; wildList.indexOf(symbol) != -1): null

2019-08-10 23:56:37 - [TEST_STEP][PASSED] - if (i == 3 &amp;&amp; wildList.indexOf(symbol) != -1): null

2019-08-10 23:56:37 - [TEST_STEP][PASSED] - if (i == 4 &amp;&amp; wildList.indexOf(symbol) != -1): null

2019-08-10 23:56:37 - [TEST_STEP][PASSED] - symbol = symbol: null

2019-08-10 23:56:37 - [TEST_STEP][PASSED] - println(symbol): null

2019-08-10 23:56:37 - [TEST_STEP][PASSED] - if (i == 2 &amp;&amp; wildList.indexOf(symbol) != -1): null

2019-08-10 23:56:37 - [TEST_STEP][PASSED] - if (i == 3 &amp;&amp; wildList.indexOf(symbol) != -1): null

2019-08-10 23:56:37 - [TEST_STEP][PASSED] - if (i == 4 &amp;&amp; wildList.indexOf(symbol) != -1): null

2019-08-10 23:56:37 - [TEST_STEP][PASSED] - symbol = symbol: null

2019-08-10 23:56:37 - [TEST_STEP][PASSED] - println(symbol): null

2019-08-10 23:56:37 - [TEST_STEP][PASSED] - if (i == 2 &amp;&amp; wildList.indexOf(symbol) != -1): null

2019-08-10 23:56:37 - [TEST_STEP][PASSED] - if (i == 3 &amp;&amp; wildList.indexOf(symbol) != -1): null

2019-08-10 23:56:37 - [TEST_STEP][PASSED] - if (i == 4 &amp;&amp; wildList.indexOf(symbol) != -1): null

2019-08-10 23:56:37 - [TEST_STEP][PASSED] - symbols = symbols: null

2019-08-10 23:56:37 - [TEST_STEP][PASSED] - for ([j = 0, j &lt; symbols.size(), (j++)]): null

2019-08-10 23:56:37 - [TEST_STEP][PASSED] - symbol = symbol: null

2019-08-10 23:56:37 - [TEST_STEP][PASSED] - println(symbol): null

2019-08-10 23:56:37 - [TEST_STEP][PASSED] - if (i == 2 &amp;&amp; wildList.indexOf(symbol) != -1): null

2019-08-10 23:56:37 - [TEST_STEP][PASSED] - println("wild found on reel 3, adding counter by 1"): null

2019-08-10 23:56:37 - [TEST_STEP][PASSED] - free_spin_reel_counter[0] = free_spin_reel_counter[0] + 1: null

2019-08-10 23:56:37 - [TEST_STEP][PASSED] - if (i == 3 &amp;&amp; wildList.indexOf(symbol) != -1): null

2019-08-10 23:56:37 - [TEST_STEP][PASSED] - if (i == 4 &amp;&amp; wildList.indexOf(symbol) != -1): null

2019-08-10 23:56:37 - [TEST_STEP][PASSED] - symbol = symbol: null

2019-08-10 23:56:37 - [TEST_STEP][PASSED] - println(symbol): null

2019-08-10 23:56:37 - [TEST_STEP][PASSED] - if (i == 2 &amp;&amp; wildList.indexOf(symbol) != -1): null

2019-08-10 23:56:37 - [TEST_STEP][PASSED] - if (i == 3 &amp;&amp; wildList.indexOf(symbol) != -1): null

2019-08-10 23:56:37 - [TEST_STEP][PASSED] - if (i == 4 &amp;&amp; wildList.indexOf(symbol) != -1): null

2019-08-10 23:56:37 - [TEST_STEP][PASSED] - symbol = symbol: null

2019-08-10 23:56:37 - [TEST_STEP][PASSED] - println(symbol): null

2019-08-10 23:56:37 - [TEST_STEP][PASSED] - if (i == 2 &amp;&amp; wildList.indexOf(symbol) != -1): null

2019-08-10 23:56:37 - [TEST_STEP][PASSED] - if (i == 3 &amp;&amp; wildList.indexOf(symbol) != -1): null

2019-08-10 23:56:37 - [TEST_STEP][PASSED] - if (i == 4 &amp;&amp; wildList.indexOf(symbol) != -1): null

2019-08-10 23:56:37 - [TEST_STEP][PASSED] - symbols = symbols: null

2019-08-10 23:56:37 - [TEST_STEP][PASSED] - for ([j = 0, j &lt; symbols.size(), (j++)]): null

2019-08-10 23:56:37 - [TEST_STEP][PASSED] - symbol = symbol: null

2019-08-10 23:56:37 - [TEST_STEP][PASSED] - println(symbol): null

2019-08-10 23:56:37 - [TEST_STEP][PASSED] - if (i == 2 &amp;&amp; wildList.indexOf(symbol) != -1): null

2019-08-10 23:56:37 - [TEST_STEP][PASSED] - if (i == 3 &amp;&amp; wildList.indexOf(symbol) != -1): null

2019-08-10 23:56:37 - [TEST_STEP][PASSED] - if (i == 4 &amp;&amp; wildList.indexOf(symbol) != -1): null

2019-08-10 23:56:37 - [TEST_STEP][PASSED] - symbol = symbol: null

2019-08-10 23:56:37 - [TEST_STEP][PASSED] - println(symbol): null

2019-08-10 23:56:37 - [TEST_STEP][PASSED] - if (i == 2 &amp;&amp; wildList.indexOf(symbol) != -1): null

2019-08-10 23:56:37 - [TEST_STEP][PASSED] - if (i == 3 &amp;&amp; wildList.indexOf(symbol) != -1): null

2019-08-10 23:56:37 - [TEST_STEP][PASSED] - if (i == 4 &amp;&amp; wildList.indexOf(symbol) != -1): null

2019-08-10 23:56:37 - [TEST_STEP][PASSED] - symbol = symbol: null

2019-08-10 23:56:37 - [TEST_STEP][PASSED] - println(symbol): null

2019-08-10 23:56:37 - [TEST_STEP][PASSED] - if (i == 2 &amp;&amp; wildList.indexOf(symbol) != -1): null

2019-08-10 23:56:37 - [TEST_STEP][PASSED] - if (i == 3 &amp;&amp; wildList.indexOf(symbol) != -1): null

2019-08-10 23:56:37 - [TEST_STEP][PASSED] - println("wild found on reel 4, adding counter by 1"): null

2019-08-10 23:56:37 - [TEST_STEP][PASSED] - free_spin_reel_counter[1] = free_spin_reel_counter[1] + 1: null

2019-08-10 23:56:37 - [TEST_STEP][PASSED] - if (i == 4 &amp;&amp; wildList.indexOf(symbol) != -1): null

2019-08-10 23:56:37 - [TEST_STEP][PASSED] - symbols = symbols: null

2019-08-10 23:56:37 - [TEST_STEP][PASSED] - for ([j = 0, j &lt; symbols.size(), (j++)]): null

2019-08-10 23:56:37 - [TEST_STEP][PASSED] - symbol = symbol: null

2019-08-10 23:56:37 - [TEST_STEP][PASSED] - println(symbol): null

2019-08-10 23:56:37 - [TEST_STEP][PASSED] - if (i == 2 &amp;&amp; wildList.indexOf(symbol) != -1): null

2019-08-10 23:56:37 - [TEST_STEP][PASSED] - if (i == 3 &amp;&amp; wildList.indexOf(symbol) != -1): null

2019-08-10 23:56:37 - [TEST_STEP][PASSED] - if (i == 4 &amp;&amp; wildList.indexOf(symbol) != -1): null

2019-08-10 23:56:37 - [TEST_STEP][PASSED] - symbol = symbol: null

2019-08-10 23:56:37 - [TEST_STEP][PASSED] - println(symbol): null

2019-08-10 23:56:37 - [TEST_STEP][PASSED] - if (i == 2 &amp;&amp; wildList.indexOf(symbol) != -1): null

2019-08-10 23:56:37 - [TEST_STEP][PASSED] - if (i == 3 &amp;&amp; wildList.indexOf(symbol) != -1): null

2019-08-10 23:56:37 - [TEST_STEP][PASSED] - if (i == 4 &amp;&amp; wildList.indexOf(symbol) != -1): null

2019-08-10 23:56:37 - [TEST_STEP][PASSED] - symbol = symbol: null

2019-08-10 23:56:37 - [TEST_STEP][PASSED] - println(symbol): null

2019-08-10 23:56:37 - [TEST_STEP][PASSED] - if (i == 2 &amp;&amp; wildList.indexOf(symbol) != -1): null

2019-08-10 23:56:37 - [TEST_STEP][PASSED] - if (i == 3 &amp;&amp; wildList.indexOf(symbol) != -1): null

2019-08-10 23:56:37 - [TEST_STEP][PASSED] - if (i == 4 &amp;&amp; wildList.indexOf(symbol) != -1): null

2019-08-10 23:56:37 - [TEST_STEP][PASSED] - free_spin_reel_counter = free_spin_reel_counter: null

2019-08-10 23:56:37 - [TEST_STEP][PASSED] - println("reel 3 wild found: " + free_spin_reel_counter[0]): null

2019-08-10 23:56:37 - [TEST_STEP][PASSED] - println("reel 4 wild found: " + free_spin_reel_counter[1]): null

2019-08-10 23:56:37 - [TEST_STEP][PASSED] - println("reel 5 wild found: " + free_spin_reel_counter[2]): null

2019-08-10 23:56:37 - [TEST_STEP][PASSED] - M4_spin_reels = M4_spin_reels: null

2019-08-10 23:56:37 - [TEST_STEP][PASSED] - M4_spin_reels_symbols = symbol: null

2019-08-10 23:56:37 - [TEST_STEP][PASSED] - M4_spin_reels_symbols = M4_spin_reels_symbols: null

2019-08-10 23:56:37 - [TEST_STEP][PASSED] - M4_spin_reel_wins = reel_wins: null

2019-08-10 23:56:37 - [TEST_STEP][PASSED] - M4_spin_reel_wins = M4_spin_reel_wins: null

2019-08-10 23:56:37 - [TEST_STEP][PASSED] - println("GlobalVariable.M4_spin_reel_wins is: " + M4_spin_reel_wins): null

2019-08-10 23:56:37 - [TEST_STEP][PASSED] - M4_spin_total_bonus_win_this_round = total_bonus_win_this_round: null

2019-08-10 23:56:37 - [TEST_STEP][PASSED] - M4_spin_total_bonus_win_this_round = M4_spin_total_bonus_win_this_round: null

2019-08-10 23:56:37 - [TEST_STEP][PASSED] - println("GlobalVariable.M4_spin_total_bonus_win_this_round is: " + M4_spin_total_bonus_win_this_round): null

2019-08-10 23:56:37 - [MESSAGE][PASSED] - Verify response successfully

2019-08-10 23:56:37 - [MESSAGE][PASSED] - Send request and verify the response successfully

2019-08-10 23:56:37 - [TEST_STEP][PASSED] - if (M4_total_bonus_spins_int != 0 &amp;&amp; M4_spin_reels_symbols[2].contains("WILD_Double") || M4_spin_reels_symbols[4].contains("WILD_Triple")): null

2019-08-10 23:56:37 - [TEST_STEP][PASSED] - free_spin_reel_counter = free_spin_reel_counter: null

2019-08-10 23:56:37 - [TEST_STEP][PASSED] - M4_spin_reels_symbols = M4_spin_reels_symbols: null

2019-08-10 23:56:37 - [TEST_STEP][PASSED] - M4_total_bonus_spins = M4_total_bonus_spins: null

2019-08-10 23:56:37 - [TEST_STEP][PASSED] - spin_result = sendRequestAndVerify(findTestObject("RGS(M4)/1_M4_spin", ["M4_login_user_id":M4_login_user_id, "rgs_session_token":rgs_session_token, "partner":Partner])): Send request and verify the response successfully

2019-08-10 23:56:37 - [TEST_CASE][PASSED] - Start Test Case : Verification: Verification accomplished successfully

2019-08-10 23:56:37 - [TEST_STEP][PASSED] - request = getInstance().getCurrentRequest(): null

2019-08-10 23:56:37 - [TEST_STEP][PASSED] - response = getInstance().getCurrentResponse(): null

2019-08-10 23:56:37 - [TEST_STEP][PASSED] - verifyResponseStatusCode(response, 200): Verify response status code successfully

2019-08-10 23:56:37 - [MESSAGE][PASSED] - Verify response status code successfully

2019-08-10 23:56:37 - [TEST_STEP][PASSED] - getStatusCode()).isEqualTo(200): null

2019-08-10 23:56:37 - [TEST_STEP][PASSED] - newline = System.getProperty("line.separator"): null

2019-08-10 23:56:37 - [TEST_STEP][PASSED] - M4_spin = new groovy.json.JsonSlurper(): null

2019-08-10 23:56:37 - [TEST_STEP][PASSED] - result_M4_spin = M4_spin.parseText(response.getResponseBodyContent()): null

2019-08-10 23:56:37 - [TEST_STEP][PASSED] - M4_spin_current_balance = current_balance: null

2019-08-10 23:56:37 - [TEST_STEP][PASSED] - M4_spin_current_balance = M4_spin_current_balance: null

2019-08-10 23:56:37 - [TEST_STEP][PASSED] - M4_spin_transaction_id = causality: null

2019-08-10 23:56:37 - [TEST_STEP][PASSED] - M4_spin_transaction_id = M4_spin_transaction_id: null

2019-08-10 23:56:37 - [TEST_STEP][PASSED] - M4_spin_round_id = round_id: null

2019-08-10 23:56:37 - [TEST_STEP][PASSED] - M4_spin_round_id = M4_spin_round_id: null

2019-08-10 23:56:37 - [TEST_STEP][PASSED] - M4_spin_line_wins = line_wins: null

2019-08-10 23:56:37 - [TEST_STEP][PASSED] - M4_spin_line_wins = M4_spin_line_wins: null

2019-08-10 23:56:37 - [TEST_STEP][PASSED] - M4_total_bonus_spins_int = total_bonus_spins: null

2019-08-10 23:56:37 - [TEST_STEP][PASSED] - println("******M4_total_bonus_spins type is:*******" + newline + getClass().getName()): null

2019-08-10 23:56:37 - [TEST_STEP][PASSED] - M4_total_bonus_spins_int = M4_total_bonus_spins_int: null

2019-08-10 23:56:37 - [TEST_STEP][PASSED] - M4_total_bonus_spins = Integer.toString(M4_total_bonus_spins_int): null

2019-08-10 23:56:37 - [TEST_STEP][PASSED] - M4_total_bonus_spins = M4_total_bonus_spins: null

2019-08-10 23:56:37 - [TEST_STEP][PASSED] - println("M4_total_bonus_spins is:" + M4_total_bonus_spins): null

2019-08-10 23:56:37 - [TEST_STEP][PASSED] - M4_spin_bonus_data = bonus_data: null

2019-08-10 23:56:37 - [TEST_STEP][PASSED] - M4_spin_features_triggered = result_M4_spin: null

2019-08-10 23:56:37 - [TEST_STEP][PASSED] - wild = []: null

2019-08-10 23:56:37 - [TEST_STEP][PASSED] - wild[0] = "WILD_Expanding": null

2019-08-10 23:56:37 - [TEST_STEP][PASSED] - wild[1] = "WILD_Normal": null

2019-08-10 23:56:37 - [TEST_STEP][PASSED] - wild[2] = "WILD_Double": null

2019-08-10 23:56:37 - [TEST_STEP][PASSED] - wild[3] = "WILD_ExtraFG": null

2019-08-10 23:56:37 - [TEST_STEP][PASSED] - wild[4] = "WILD_Triple": null

2019-08-10 23:56:37 - [TEST_STEP][PASSED] - wildList = Arrays.asList(wild): null

2019-08-10 23:56:37 - [TEST_STEP][PASSED] - wildList = wildList: null

2019-08-10 23:56:37 - [TEST_STEP][PASSED] - free_spin_reel_counter = []: null

2019-08-10 23:56:37 - [TEST_STEP][PASSED] - free_spin_reel_counter[0] = 0: null

2019-08-10 23:56:37 - [TEST_STEP][PASSED] - free_spin_reel_counter[1] = 0: null

2019-08-10 23:56:37 - [TEST_STEP][PASSED] - free_spin_reel_counter[2] = 0: null

2019-08-10 23:56:37 - [TEST_STEP][PASSED] - M4_spin_reels = reels: null

2019-08-10 23:56:37 - [TEST_STEP][PASSED] - for ([i = 0, i &lt; M4_spin_reels.size(), (i++)]): null

2019-08-10 23:56:37 - [TEST_STEP][PASSED] - symbols = symbols: null

2019-08-10 23:56:37 - [TEST_STEP][PASSED] - for ([j = 0, j &lt; symbols.size(), (j++)]): null

2019-08-10 23:56:37 - [TEST_STEP][PASSED] - symbol = symbol: null

2019-08-10 23:56:37 - [TEST_STEP][PASSED] - println(symbol): null

2019-08-10 23:56:37 - [TEST_STEP][PASSED] - if (i == 2 &amp;&amp; wildList.indexOf(symbol) != -1): null

2019-08-10 23:56:37 - [TEST_STEP][PASSED] - if (i == 3 &amp;&amp; wildList.indexOf(symbol) != -1): null

2019-08-10 23:56:37 - [TEST_STEP][PASSED] - if (i == 4 &amp;&amp; wildList.indexOf(symbol) != -1): null

2019-08-10 23:56:37 - [TEST_STEP][PASSED] - symbol = symbol: null

2019-08-10 23:56:37 - [TEST_STEP][PASSED] - println(symbol): null

2019-08-10 23:56:37 - [TEST_STEP][PASSED] - if (i == 2 &amp;&amp; wildList.indexOf(symbol) != -1): null

2019-08-10 23:56:37 - [TEST_STEP][PASSED] - if (i == 3 &amp;&amp; wildList.indexOf(symbol) != -1): null

2019-08-10 23:56:37 - [TEST_STEP][PASSED] - if (i == 4 &amp;&amp; wildList.indexOf(symbol) != -1): null

2019-08-10 23:56:37 - [TEST_STEP][PASSED] - symbol = symbol: null

2019-08-10 23:56:37 - [TEST_STEP][PASSED] - println(symbol): null

2019-08-10 23:56:37 - [TEST_STEP][PASSED] - if (i == 2 &amp;&amp; wildList.indexOf(symbol) != -1): null

2019-08-10 23:56:37 - [TEST_STEP][PASSED] - if (i == 3 &amp;&amp; wildList.indexOf(symbol) != -1): null

2019-08-10 23:56:37 - [TEST_STEP][PASSED] - if (i == 4 &amp;&amp; wildList.indexOf(symbol) != -1): null

2019-08-10 23:56:37 - [TEST_STEP][PASSED] - symbols = symbols: null

2019-08-10 23:56:37 - [TEST_STEP][PASSED] - for ([j = 0, j &lt; symbols.size(), (j++)]): null

2019-08-10 23:56:37 - [TEST_STEP][PASSED] - symbol = symbol: null

2019-08-10 23:56:37 - [TEST_STEP][PASSED] - println(symbol): null

2019-08-10 23:56:37 - [TEST_STEP][PASSED] - if (i == 2 &amp;&amp; wildList.indexOf(symbol) != -1): null

2019-08-10 23:56:37 - [TEST_STEP][PASSED] - if (i == 3 &amp;&amp; wildList.indexOf(symbol) != -1): null

2019-08-10 23:56:37 - [TEST_STEP][PASSED] - if (i == 4 &amp;&amp; wildList.indexOf(symbol) != -1): null

2019-08-10 23:56:37 - [TEST_STEP][PASSED] - symbol = symbol: null

2019-08-10 23:56:37 - [TEST_STEP][PASSED] - println(symbol): null

2019-08-10 23:56:37 - [TEST_STEP][PASSED] - if (i == 2 &amp;&amp; wildList.indexOf(symbol) != -1): null

2019-08-10 23:56:37 - [TEST_STEP][PASSED] - if (i == 3 &amp;&amp; wildList.indexOf(symbol) != -1): null

2019-08-10 23:56:37 - [TEST_STEP][PASSED] - if (i == 4 &amp;&amp; wildList.indexOf(symbol) != -1): null

2019-08-10 23:56:37 - [TEST_STEP][PASSED] - symbol = symbol: null

2019-08-10 23:56:37 - [TEST_STEP][PASSED] - println(symbol): null

2019-08-10 23:56:37 - [TEST_STEP][PASSED] - if (i == 2 &amp;&amp; wildList.indexOf(symbol) != -1): null

2019-08-10 23:56:37 - [TEST_STEP][PASSED] - if (i == 3 &amp;&amp; wildList.indexOf(symbol) != -1): null

2019-08-10 23:56:37 - [TEST_STEP][PASSED] - if (i == 4 &amp;&amp; wildList.indexOf(symbol) != -1): null

2019-08-10 23:56:37 - [TEST_STEP][PASSED] - symbols = symbols: null

2019-08-10 23:56:37 - [TEST_STEP][PASSED] - for ([j = 0, j &lt; symbols.size(), (j++)]): null

2019-08-10 23:56:37 - [TEST_STEP][PASSED] - symbol = symbol: null

2019-08-10 23:56:37 - [TEST_STEP][PASSED] - println(symbol): null

2019-08-10 23:56:37 - [TEST_STEP][PASSED] - if (i == 2 &amp;&amp; wildList.indexOf(symbol) != -1): null

2019-08-10 23:56:37 - [TEST_STEP][PASSED] - if (i == 3 &amp;&amp; wildList.indexOf(symbol) != -1): null

2019-08-10 23:56:37 - [TEST_STEP][PASSED] - if (i == 4 &amp;&amp; wildList.indexOf(symbol) != -1): null

2019-08-10 23:56:37 - [TEST_STEP][PASSED] - symbol = symbol: null

2019-08-10 23:56:37 - [TEST_STEP][PASSED] - println(symbol): null

2019-08-10 23:56:37 - [TEST_STEP][PASSED] - if (i == 2 &amp;&amp; wildList.indexOf(symbol) != -1): null

2019-08-10 23:56:37 - [TEST_STEP][PASSED] - if (i == 3 &amp;&amp; wildList.indexOf(symbol) != -1): null

2019-08-10 23:56:37 - [TEST_STEP][PASSED] - if (i == 4 &amp;&amp; wildList.indexOf(symbol) != -1): null

2019-08-10 23:56:37 - [TEST_STEP][PASSED] - symbol = symbol: null

2019-08-10 23:56:37 - [TEST_STEP][PASSED] - println(symbol): null

2019-08-10 23:56:37 - [TEST_STEP][PASSED] - if (i == 2 &amp;&amp; wildList.indexOf(symbol) != -1): null

2019-08-10 23:56:37 - [TEST_STEP][PASSED] - println("wild found on reel 3, adding counter by 1"): null

2019-08-10 23:56:37 - [TEST_STEP][PASSED] - free_spin_reel_counter[0] = free_spin_reel_counter[0] + 1: null

2019-08-10 23:56:37 - [TEST_STEP][PASSED] - if (i == 3 &amp;&amp; wildList.indexOf(symbol) != -1): null

2019-08-10 23:56:37 - [TEST_STEP][PASSED] - if (i == 4 &amp;&amp; wildList.indexOf(symbol) != -1): null

2019-08-10 23:56:37 - [TEST_STEP][PASSED] - symbols = symbols: null

2019-08-10 23:56:37 - [TEST_STEP][PASSED] - for ([j = 0, j &lt; symbols.size(), (j++)]): null

2019-08-10 23:56:37 - [TEST_STEP][PASSED] - symbol = symbol: null

2019-08-10 23:56:37 - [TEST_STEP][PASSED] - println(symbol): null

2019-08-10 23:56:37 - [TEST_STEP][PASSED] - if (i == 2 &amp;&amp; wildList.indexOf(symbol) != -1): null

2019-08-10 23:56:37 - [TEST_STEP][PASSED] - if (i == 3 &amp;&amp; wildList.indexOf(symbol) != -1): null

2019-08-10 23:56:37 - [TEST_STEP][PASSED] - if (i == 4 &amp;&amp; wildList.indexOf(symbol) != -1): null

2019-08-10 23:56:37 - [TEST_STEP][PASSED] - symbol = symbol: null

2019-08-10 23:56:37 - [TEST_STEP][PASSED] - println(symbol): null

2019-08-10 23:56:37 - [TEST_STEP][PASSED] - if (i == 2 &amp;&amp; wildList.indexOf(symbol) != -1): null

2019-08-10 23:56:37 - [TEST_STEP][PASSED] - if (i == 3 &amp;&amp; wildList.indexOf(symbol) != -1): null

2019-08-10 23:56:37 - [TEST_STEP][PASSED] - if (i == 4 &amp;&amp; wildList.indexOf(symbol) != -1): null

2019-08-10 23:56:37 - [TEST_STEP][PASSED] - symbol = symbol: null

2019-08-10 23:56:37 - [TEST_STEP][PASSED] - println(symbol): null

2019-08-10 23:56:37 - [TEST_STEP][PASSED] - if (i == 2 &amp;&amp; wildList.indexOf(symbol) != -1): null

2019-08-10 23:56:37 - [TEST_STEP][PASSED] - if (i == 3 &amp;&amp; wildList.indexOf(symbol) != -1): null

2019-08-10 23:56:37 - [TEST_STEP][PASSED] - if (i == 4 &amp;&amp; wildList.indexOf(symbol) != -1): null

2019-08-10 23:56:37 - [TEST_STEP][PASSED] - symbols = symbols: null

2019-08-10 23:56:37 - [TEST_STEP][PASSED] - for ([j = 0, j &lt; symbols.size(), (j++)]): null

2019-08-10 23:56:37 - [TEST_STEP][PASSED] - symbol = symbol: null

2019-08-10 23:56:37 - [TEST_STEP][PASSED] - println(symbol): null

2019-08-10 23:56:37 - [TEST_STEP][PASSED] - if (i == 2 &amp;&amp; wildList.indexOf(symbol) != -1): null

2019-08-10 23:56:37 - [TEST_STEP][PASSED] - if (i == 3 &amp;&amp; wildList.indexOf(symbol) != -1): null

2019-08-10 23:56:37 - [TEST_STEP][PASSED] - if (i == 4 &amp;&amp; wildList.indexOf(symbol) != -1): null

2019-08-10 23:56:37 - [TEST_STEP][PASSED] - symbol = symbol: null

2019-08-10 23:56:37 - [TEST_STEP][PASSED] - println(symbol): null

2019-08-10 23:56:37 - [TEST_STEP][PASSED] - if (i == 2 &amp;&amp; wildList.indexOf(symbol) != -1): null

2019-08-10 23:56:37 - [TEST_STEP][PASSED] - if (i == 3 &amp;&amp; wildList.indexOf(symbol) != -1): null

2019-08-10 23:56:37 - [TEST_STEP][PASSED] - if (i == 4 &amp;&amp; wildList.indexOf(symbol) != -1): null

2019-08-10 23:56:37 - [TEST_STEP][PASSED] - symbol = symbol: null

2019-08-10 23:56:37 - [TEST_STEP][PASSED] - println(symbol): null

2019-08-10 23:56:37 - [TEST_STEP][PASSED] - if (i == 2 &amp;&amp; wildList.indexOf(symbol) != -1): null

2019-08-10 23:56:37 - [TEST_STEP][PASSED] - if (i == 3 &amp;&amp; wildList.indexOf(symbol) != -1): null

2019-08-10 23:56:37 - [TEST_STEP][PASSED] - if (i == 4 &amp;&amp; wildList.indexOf(symbol) != -1): null

2019-08-10 23:56:37 - [TEST_STEP][PASSED] - free_spin_reel_counter = free_spin_reel_counter: null

2019-08-10 23:56:37 - [TEST_STEP][PASSED] - println("reel 3 wild found: " + free_spin_reel_counter[0]): null

2019-08-10 23:56:37 - [TEST_STEP][PASSED] - println("reel 4 wild found: " + free_spin_reel_counter[1]): null

2019-08-10 23:56:37 - [TEST_STEP][PASSED] - println("reel 5 wild found: " + free_spin_reel_counter[2]): null

2019-08-10 23:56:37 - [TEST_STEP][PASSED] - M4_spin_reels = M4_spin_reels: null

2019-08-10 23:56:37 - [TEST_STEP][PASSED] - M4_spin_reels_symbols = symbol: null

2019-08-10 23:56:37 - [TEST_STEP][PASSED] - M4_spin_reels_symbols = M4_spin_reels_symbols: null

2019-08-10 23:56:37 - [TEST_STEP][PASSED] - M4_spin_reel_wins = reel_wins: null

2019-08-10 23:56:37 - [TEST_STEP][PASSED] - M4_spin_reel_wins = M4_spin_reel_wins: null

2019-08-10 23:56:37 - [TEST_STEP][PASSED] - println("GlobalVariable.M4_spin_reel_wins is: " + M4_spin_reel_wins): null

2019-08-10 23:56:37 - [TEST_STEP][PASSED] - M4_spin_total_bonus_win_this_round = total_bonus_win_this_round: null

2019-08-10 23:56:37 - [TEST_STEP][PASSED] - M4_spin_total_bonus_win_this_round = M4_spin_total_bonus_win_this_round: null

2019-08-10 23:56:37 - [TEST_STEP][PASSED] - println("GlobalVariable.M4_spin_total_bonus_win_this_round is: " + M4_spin_total_bonus_win_this_round): null

2019-08-10 23:56:37 - [MESSAGE][PASSED] - Verify response successfully

2019-08-10 23:56:37 - [MESSAGE][PASSED] - Send request and verify the response successfully

2019-08-10 23:56:37 - [TEST_STEP][PASSED] - if (M4_total_bonus_spins_int != 0 &amp;&amp; M4_spin_reels_symbols[2].contains("WILD_Double") || M4_spin_reels_symbols[4].contains("WILD_Triple")): null

2019-08-10 23:56:37 - [TEST_STEP][PASSED] - free_spin_reel_counter = free_spin_reel_counter: null

2019-08-10 23:56:37 - [TEST_STEP][PASSED] - M4_spin_reels_symbols = M4_spin_reels_symbols: null

2019-08-10 23:56:37 - [TEST_STEP][PASSED] - M4_total_bonus_spins = M4_total_bonus_spins: null

2019-08-10 23:56:37 - [TEST_STEP][PASSED] - spin_result = sendRequestAndVerify(findTestObject("RGS(M4)/1_M4_spin", ["M4_login_user_id":M4_login_user_id, "rgs_session_token":rgs_session_token, "partner":Partner])): Send request and verify the response successfully

2019-08-10 23:56:37 - [TEST_CASE][PASSED] - Start Test Case : Verification: Verification accomplished successfully

2019-08-10 23:56:37 - [TEST_STEP][PASSED] - request = getInstance().getCurrentRequest(): null

2019-08-10 23:56:38 - [TEST_STEP][PASSED] - response = getInstance().getCurrentResponse(): null

2019-08-10 23:56:38 - [TEST_STEP][PASSED] - verifyResponseStatusCode(response, 200): Verify response status code successfully

2019-08-10 23:56:38 - [MESSAGE][PASSED] - Verify response status code successfully

2019-08-10 23:56:38 - [TEST_STEP][PASSED] - getStatusCode()).isEqualTo(200): null

2019-08-10 23:56:38 - [TEST_STEP][PASSED] - newline = System.getProperty("line.separator"): null

2019-08-10 23:56:38 - [TEST_STEP][PASSED] - M4_spin = new groovy.json.JsonSlurper(): null

2019-08-10 23:56:38 - [TEST_STEP][PASSED] - result_M4_spin = M4_spin.parseText(response.getResponseBodyContent()): null

2019-08-10 23:56:38 - [TEST_STEP][PASSED] - M4_spin_current_balance = current_balance: null

2019-08-10 23:56:38 - [TEST_STEP][PASSED] - M4_spin_current_balance = M4_spin_current_balance: null

2019-08-10 23:56:41 - [TEST_STEP][PASSED] - M4_spin_transaction_id = causality: null

2019-08-10 23:56:41 - [TEST_STEP][PASSED] - M4_spin_transaction_id = M4_spin_transaction_id: null

2019-08-10 23:56:41 - [TEST_STEP][PASSED] - M4_spin_round_id = round_id: null

2019-08-10 23:56:41 - [TEST_STEP][PASSED] - M4_spin_round_id = M4_spin_round_id: null

2019-08-10 23:56:41 - [TEST_STEP][PASSED] - M4_spin_line_wins = line_wins: null

2019-08-10 23:56:41 - [TEST_STEP][PASSED] - M4_spin_line_wins = M4_spin_line_wins: null

2019-08-10 23:56:41 - [TEST_STEP][PASSED] - M4_total_bonus_spins_int = total_bonus_spins: null

2019-08-10 23:56:41 - [TEST_STEP][PASSED] - println("******M4_total_bonus_spins type is:*******" + newline + getClass().getName()): null

2019-08-10 23:56:41 - [TEST_STEP][PASSED] - M4_total_bonus_spins_int = M4_total_bonus_spins_int: null

2019-08-10 23:56:41 - [TEST_STEP][PASSED] - M4_total_bonus_spins = Integer.toString(M4_total_bonus_spins_int): null

2019-08-10 23:56:41 - [TEST_STEP][PASSED] - M4_total_bonus_spins = M4_total_bonus_spins: null

2019-08-10 23:56:41 - [TEST_STEP][PASSED] - println("M4_total_bonus_spins is:" + M4_total_bonus_spins): null

2019-08-10 23:56:41 - [TEST_STEP][PASSED] - M4_spin_bonus_data = bonus_data: null

2019-08-10 23:56:41 - [TEST_STEP][PASSED] - M4_spin_features_triggered = result_M4_spin: null

2019-08-10 23:56:41 - [TEST_STEP][PASSED] - wild = []: null

2019-08-10 23:56:41 - [TEST_STEP][PASSED] - wild[0] = "WILD_Expanding": null

2019-08-10 23:56:41 - [TEST_STEP][PASSED] - wild[1] = "WILD_Normal": null

2019-08-10 23:56:41 - [TEST_STEP][PASSED] - wild[2] = "WILD_Double": null

2019-08-10 23:56:41 - [TEST_STEP][PASSED] - wild[3] = "WILD_ExtraFG": null

2019-08-10 23:56:41 - [TEST_STEP][PASSED] - wild[4] = "WILD_Triple": null

2019-08-10 23:56:41 - [TEST_STEP][PASSED] - wildList = Arrays.asList(wild): null

2019-08-10 23:56:41 - [TEST_STEP][PASSED] - wildList = wildList: null

2019-08-10 23:56:41 - [TEST_STEP][PASSED] - free_spin_reel_counter = []: null

2019-08-10 23:56:41 - [TEST_STEP][PASSED] - free_spin_reel_counter[0] = 0: null

2019-08-10 23:56:41 - [TEST_STEP][PASSED] - free_spin_reel_counter[1] = 0: null

2019-08-10 23:56:41 - [TEST_STEP][PASSED] - free_spin_reel_counter[2] = 0: null

2019-08-10 23:56:41 - [TEST_STEP][PASSED] - M4_spin_reels = reels: null

2019-08-10 23:56:41 - [TEST_STEP][PASSED] - for ([i = 0, i &lt; M4_spin_reels.size(), (i++)]): null

2019-08-10 23:56:41 - [TEST_STEP][PASSED] - symbols = symbols: null

2019-08-10 23:56:41 - [TEST_STEP][PASSED] - for ([j = 0, j &lt; symbols.size(), (j++)]): null

2019-08-10 23:56:41 - [TEST_STEP][PASSED] - symbol = symbol: null

2019-08-10 23:56:41 - [TEST_STEP][PASSED] - println(symbol): null

2019-08-10 23:56:41 - [TEST_STEP][PASSED] - if (i == 2 &amp;&amp; wildList.indexOf(symbol) != -1): null

2019-08-10 23:56:41 - [TEST_STEP][PASSED] - if (i == 3 &amp;&amp; wildList.indexOf(symbol) != -1): null

2019-08-10 23:56:41 - [TEST_STEP][PASSED] - if (i == 4 &amp;&amp; wildList.indexOf(symbol) != -1): null

2019-08-10 23:56:41 - [TEST_STEP][PASSED] - symbol = symbol: null

2019-08-10 23:56:41 - [TEST_STEP][PASSED] - println(symbol): null

2019-08-10 23:56:41 - [TEST_STEP][PASSED] - if (i == 2 &amp;&amp; wildList.indexOf(symbol) != -1): null

2019-08-10 23:56:41 - [TEST_STEP][PASSED] - if (i == 3 &amp;&amp; wildList.indexOf(symbol) != -1): null

2019-08-10 23:56:41 - [TEST_STEP][PASSED] - if (i == 4 &amp;&amp; wildList.indexOf(symbol) != -1): null

2019-08-10 23:56:41 - [TEST_STEP][PASSED] - symbol = symbol: null

2019-08-10 23:56:41 - [TEST_STEP][PASSED] - println(symbol): null

2019-08-10 23:56:41 - [TEST_STEP][PASSED] - if (i == 2 &amp;&amp; wildList.indexOf(symbol) != -1): null

2019-08-10 23:56:41 - [TEST_STEP][PASSED] - if (i == 3 &amp;&amp; wildList.indexOf(symbol) != -1): null

2019-08-10 23:56:41 - [TEST_STEP][PASSED] - if (i == 4 &amp;&amp; wildList.indexOf(symbol) != -1): null

2019-08-10 23:56:41 - [TEST_STEP][PASSED] - symbols = symbols: null

2019-08-10 23:56:41 - [TEST_STEP][PASSED] - for ([j = 0, j &lt; symbols.size(), (j++)]): null

2019-08-10 23:56:41 - [TEST_STEP][PASSED] - symbol = symbol: null

2019-08-10 23:56:41 - [TEST_STEP][PASSED] - println(symbol): null

2019-08-10 23:56:41 - [TEST_STEP][PASSED] - if (i == 2 &amp;&amp; wildList.indexOf(symbol) != -1): null

2019-08-10 23:56:41 - [TEST_STEP][PASSED] - if (i == 3 &amp;&amp; wildList.indexOf(symbol) != -1): null

2019-08-10 23:56:41 - [TEST_STEP][PASSED] - if (i == 4 &amp;&amp; wildList.indexOf(symbol) != -1): null

2019-08-10 23:56:41 - [TEST_STEP][PASSED] - symbol = symbol: null

2019-08-10 23:56:41 - [TEST_STEP][PASSED] - println(symbol): null

2019-08-10 23:56:41 - [TEST_STEP][PASSED] - if (i == 2 &amp;&amp; wildList.indexOf(symbol) != -1): null

2019-08-10 23:56:41 - [TEST_STEP][PASSED] - if (i == 3 &amp;&amp; wildList.indexOf(symbol) != -1): null

2019-08-10 23:56:41 - [TEST_STEP][PASSED] - if (i == 4 &amp;&amp; wildList.indexOf(symbol) != -1): null

2019-08-10 23:56:41 - [TEST_STEP][PASSED] - symbol = symbol: null

2019-08-10 23:56:41 - [TEST_STEP][PASSED] - println(symbol): null

2019-08-10 23:56:41 - [TEST_STEP][PASSED] - if (i == 2 &amp;&amp; wildList.indexOf(symbol) != -1): null

2019-08-10 23:56:41 - [TEST_STEP][PASSED] - if (i == 3 &amp;&amp; wildList.indexOf(symbol) != -1): null

2019-08-10 23:56:41 - [TEST_STEP][PASSED] - if (i == 4 &amp;&amp; wildList.indexOf(symbol) != -1): null

2019-08-10 23:56:41 - [TEST_STEP][PASSED] - symbols = symbols: null

2019-08-10 23:56:41 - [TEST_STEP][PASSED] - for ([j = 0, j &lt; symbols.size(), (j++)]): null

2019-08-10 23:56:41 - [TEST_STEP][PASSED] - symbol = symbol: null

2019-08-10 23:56:41 - [TEST_STEP][PASSED] - println(symbol): null

2019-08-10 23:56:41 - [TEST_STEP][PASSED] - if (i == 2 &amp;&amp; wildList.indexOf(symbol) != -1): null

2019-08-10 23:56:41 - [TEST_STEP][PASSED] - if (i == 3 &amp;&amp; wildList.indexOf(symbol) != -1): null

2019-08-10 23:56:41 - [TEST_STEP][PASSED] - if (i == 4 &amp;&amp; wildList.indexOf(symbol) != -1): null

2019-08-10 23:56:41 - [TEST_STEP][PASSED] - symbol = symbol: null

2019-08-10 23:56:41 - [TEST_STEP][PASSED] - println(symbol): null

2019-08-10 23:56:41 - [TEST_STEP][PASSED] - if (i == 2 &amp;&amp; wildList.indexOf(symbol) != -1): null

2019-08-10 23:56:41 - [TEST_STEP][PASSED] - if (i == 3 &amp;&amp; wildList.indexOf(symbol) != -1): null

2019-08-10 23:56:41 - [TEST_STEP][PASSED] - if (i == 4 &amp;&amp; wildList.indexOf(symbol) != -1): null

2019-08-10 23:56:41 - [TEST_STEP][PASSED] - symbol = symbol: null

2019-08-10 23:56:41 - [TEST_STEP][PASSED] - println(symbol): null

2019-08-10 23:56:41 - [TEST_STEP][PASSED] - if (i == 2 &amp;&amp; wildList.indexOf(symbol) != -1): null

2019-08-10 23:56:41 - [TEST_STEP][PASSED] - if (i == 3 &amp;&amp; wildList.indexOf(symbol) != -1): null

2019-08-10 23:56:41 - [TEST_STEP][PASSED] - if (i == 4 &amp;&amp; wildList.indexOf(symbol) != -1): null

2019-08-10 23:56:41 - [TEST_STEP][PASSED] - symbols = symbols: null

2019-08-10 23:56:41 - [TEST_STEP][PASSED] - for ([j = 0, j &lt; symbols.size(), (j++)]): null

2019-08-10 23:56:41 - [TEST_STEP][PASSED] - symbol = symbol: null

2019-08-10 23:56:41 - [TEST_STEP][PASSED] - println(symbol): null

2019-08-10 23:56:41 - [TEST_STEP][PASSED] - if (i == 2 &amp;&amp; wildList.indexOf(symbol) != -1): null

2019-08-10 23:56:41 - [TEST_STEP][PASSED] - if (i == 3 &amp;&amp; wildList.indexOf(symbol) != -1): null

2019-08-10 23:56:41 - [TEST_STEP][PASSED] - println("wild found on reel 4, adding counter by 1"): null

2019-08-10 23:56:41 - [TEST_STEP][PASSED] - free_spin_reel_counter[1] = free_spin_reel_counter[1] + 1: null

2019-08-10 23:56:41 - [TEST_STEP][PASSED] - if (i == 4 &amp;&amp; wildList.indexOf(symbol) != -1): null

2019-08-10 23:56:41 - [TEST_STEP][PASSED] - symbol = symbol: null

2019-08-10 23:56:41 - [TEST_STEP][PASSED] - println(symbol): null

2019-08-10 23:56:41 - [TEST_STEP][PASSED] - if (i == 2 &amp;&amp; wildList.indexOf(symbol) != -1): null

2019-08-10 23:56:41 - [TEST_STEP][PASSED] - if (i == 3 &amp;&amp; wildList.indexOf(symbol) != -1): null

2019-08-10 23:56:41 - [TEST_STEP][PASSED] - if (i == 4 &amp;&amp; wildList.indexOf(symbol) != -1): null

2019-08-10 23:56:41 - [TEST_STEP][PASSED] - symbol = symbol: null

2019-08-10 23:56:41 - [TEST_STEP][PASSED] - println(symbol): null

2019-08-10 23:56:41 - [TEST_STEP][PASSED] - if (i == 2 &amp;&amp; wildList.indexOf(symbol) != -1): null

2019-08-10 23:56:41 - [TEST_STEP][PASSED] - if (i == 3 &amp;&amp; wildList.indexOf(symbol) != -1): null

2019-08-10 23:56:41 - [TEST_STEP][PASSED] - if (i == 4 &amp;&amp; wildList.indexOf(symbol) != -1): null

2019-08-10 23:56:41 - [TEST_STEP][PASSED] - symbols = symbols: null

2019-08-10 23:56:41 - [TEST_STEP][PASSED] - for ([j = 0, j &lt; symbols.size(), (j++)]): null

2019-08-10 23:56:41 - [TEST_STEP][PASSED] - symbol = symbol: null

2019-08-10 23:56:41 - [TEST_STEP][PASSED] - println(symbol): null

2019-08-10 23:56:41 - [TEST_STEP][PASSED] - if (i == 2 &amp;&amp; wildList.indexOf(symbol) != -1): null

2019-08-10 23:56:41 - [TEST_STEP][PASSED] - if (i == 3 &amp;&amp; wildList.indexOf(symbol) != -1): null

2019-08-10 23:56:41 - [TEST_STEP][PASSED] - if (i == 4 &amp;&amp; wildList.indexOf(symbol) != -1): null

2019-08-10 23:56:41 - [TEST_STEP][PASSED] - symbol = symbol: null

2019-08-10 23:56:41 - [TEST_STEP][PASSED] - println(symbol): null

2019-08-10 23:56:41 - [TEST_STEP][PASSED] - if (i == 2 &amp;&amp; wildList.indexOf(symbol) != -1): null

2019-08-10 23:56:41 - [TEST_STEP][PASSED] - if (i == 3 &amp;&amp; wildList.indexOf(symbol) != -1): null

2019-08-10 23:56:41 - [TEST_STEP][PASSED] - if (i == 4 &amp;&amp; wildList.indexOf(symbol) != -1): null

2019-08-10 23:56:41 - [TEST_STEP][PASSED] - symbol = symbol: null

2019-08-10 23:56:41 - [TEST_STEP][PASSED] - println(symbol): null

2019-08-10 23:56:41 - [TEST_STEP][PASSED] - if (i == 2 &amp;&amp; wildList.indexOf(symbol) != -1): null

2019-08-10 23:56:41 - [TEST_STEP][PASSED] - if (i == 3 &amp;&amp; wildList.indexOf(symbol) != -1): null

2019-08-10 23:56:41 - [TEST_STEP][PASSED] - if (i == 4 &amp;&amp; wildList.indexOf(symbol) != -1): null

2019-08-10 23:56:41 - [TEST_STEP][PASSED] - free_spin_reel_counter = free_spin_reel_counter: null

2019-08-10 23:56:41 - [TEST_STEP][PASSED] - println("reel 3 wild found: " + free_spin_reel_counter[0]): null

2019-08-10 23:56:41 - [TEST_STEP][PASSED] - println("reel 4 wild found: " + free_spin_reel_counter[1]): null

2019-08-10 23:56:41 - [TEST_STEP][PASSED] - println("reel 5 wild found: " + free_spin_reel_counter[2]): null

2019-08-10 23:56:41 - [TEST_STEP][PASSED] - M4_spin_reels = M4_spin_reels: null

2019-08-10 23:56:41 - [TEST_STEP][PASSED] - M4_spin_reels_symbols = symbol: null

2019-08-10 23:56:41 - [TEST_STEP][PASSED] - M4_spin_reels_symbols = M4_spin_reels_symbols: null

2019-08-10 23:56:41 - [TEST_STEP][PASSED] - M4_spin_reel_wins = reel_wins: null

2019-08-10 23:56:41 - [TEST_STEP][PASSED] - M4_spin_reel_wins = M4_spin_reel_wins: null

2019-08-10 23:56:41 - [TEST_STEP][PASSED] - println("GlobalVariable.M4_spin_reel_wins is: " + M4_spin_reel_wins): null

2019-08-10 23:56:41 - [TEST_STEP][PASSED] - M4_spin_total_bonus_win_this_round = total_bonus_win_this_round: null

2019-08-10 23:56:41 - [TEST_STEP][PASSED] - M4_spin_total_bonus_win_this_round = M4_spin_total_bonus_win_this_round: null

2019-08-10 23:56:41 - [TEST_STEP][PASSED] - println("GlobalVariable.M4_spin_total_bonus_win_this_round is: " + M4_spin_total_bonus_win_this_round): null

2019-08-10 23:56:41 - [MESSAGE][PASSED] - Verify response successfully

2019-08-10 23:56:41 - [MESSAGE][PASSED] - Send request and verify the response successfully

2019-08-10 23:56:41 - [TEST_STEP][PASSED] - if (M4_total_bonus_spins_int != 0 &amp;&amp; M4_spin_reels_symbols[2].contains("WILD_Double") || M4_spin_reels_symbols[4].contains("WILD_Triple")): null

2019-08-10 23:56:41 - [TEST_STEP][PASSED] - free_spin_reel_counter = free_spin_reel_counter: null

2019-08-10 23:56:41 - [TEST_STEP][PASSED] - M4_spin_reels_symbols = M4_spin_reels_symbols: null

2019-08-10 23:56:41 - [TEST_STEP][PASSED] - M4_total_bonus_spins = M4_total_bonus_spins: null

2019-08-10 23:56:41 - [TEST_STEP][PASSED] - spin_result = sendRequestAndVerify(findTestObject("RGS(M4)/1_M4_spin", ["M4_login_user_id":M4_login_user_id, "rgs_session_token":rgs_session_token, "partner":Partner])): Send request and verify the response successfully

2019-08-10 23:56:42 - [TEST_CASE][PASSED] - Start Test Case : Verification: Verification accomplished successfully

2019-08-10 23:56:42 - [TEST_STEP][PASSED] - request = getInstance().getCurrentRequest(): null

2019-08-10 23:56:42 - [TEST_STEP][PASSED] - response = getInstance().getCurrentResponse(): null

2019-08-10 23:56:42 - [TEST_STEP][PASSED] - verifyResponseStatusCode(response, 200): Verify response status code successfully

2019-08-10 23:56:42 - [MESSAGE][PASSED] - Verify response status code successfully

2019-08-10 23:56:42 - [TEST_STEP][PASSED] - getStatusCode()).isEqualTo(200): null

2019-08-10 23:56:42 - [TEST_STEP][PASSED] - newline = System.getProperty("line.separator"): null

2019-08-10 23:56:42 - [TEST_STEP][PASSED] - M4_spin = new groovy.json.JsonSlurper(): null

2019-08-10 23:56:42 - [TEST_STEP][PASSED] - result_M4_spin = M4_spin.parseText(response.getResponseBodyContent()): null

2019-08-10 23:56:42 - [TEST_STEP][PASSED] - M4_spin_current_balance = current_balance: null

2019-08-10 23:56:42 - [TEST_STEP][PASSED] - M4_spin_current_balance = M4_spin_current_balance: null

2019-08-10 23:56:42 - [TEST_STEP][PASSED] - M4_spin_transaction_id = causality: null

2019-08-10 23:56:42 - [TEST_STEP][PASSED] - M4_spin_transaction_id = M4_spin_transaction_id: null

2019-08-10 23:56:42 - [TEST_STEP][PASSED] - M4_spin_round_id = round_id: null

2019-08-10 23:56:42 - [TEST_STEP][PASSED] - M4_spin_round_id = M4_spin_round_id: null

2019-08-10 23:56:42 - [TEST_STEP][PASSED] - M4_spin_line_wins = line_wins: null

2019-08-10 23:56:42 - [TEST_STEP][PASSED] - M4_spin_line_wins = M4_spin_line_wins: null

2019-08-10 23:56:42 - [TEST_STEP][PASSED] - M4_total_bonus_spins_int = total_bonus_spins: null

2019-08-10 23:56:42 - [TEST_STEP][PASSED] - println("******M4_total_bonus_spins type is:*******" + newline + getClass().getName()): null

2019-08-10 23:56:42 - [TEST_STEP][PASSED] - M4_total_bonus_spins_int = M4_total_bonus_spins_int: null

2019-08-10 23:56:42 - [TEST_STEP][PASSED] - M4_total_bonus_spins = Integer.toString(M4_total_bonus_spins_int): null

2019-08-10 23:56:42 - [TEST_STEP][PASSED] - M4_total_bonus_spins = M4_total_bonus_spins: null

2019-08-10 23:56:42 - [TEST_STEP][PASSED] - println("M4_total_bonus_spins is:" + M4_total_bonus_spins): null

2019-08-10 23:56:42 - [TEST_STEP][PASSED] - M4_spin_bonus_data = bonus_data: null

2019-08-10 23:56:42 - [TEST_STEP][PASSED] - M4_spin_features_triggered = result_M4_spin: null

2019-08-10 23:56:42 - [TEST_STEP][PASSED] - wild = []: null

2019-08-10 23:56:42 - [TEST_STEP][PASSED] - wild[0] = "WILD_Expanding": null

2019-08-10 23:56:42 - [TEST_STEP][PASSED] - wild[1] = "WILD_Normal": null

2019-08-10 23:56:42 - [TEST_STEP][PASSED] - wild[2] = "WILD_Double": null

2019-08-10 23:56:42 - [TEST_STEP][PASSED] - wild[3] = "WILD_ExtraFG": null

2019-08-10 23:56:42 - [TEST_STEP][PASSED] - wild[4] = "WILD_Triple": null

2019-08-10 23:56:42 - [TEST_STEP][PASSED] - wildList = Arrays.asList(wild): null

2019-08-10 23:56:42 - [TEST_STEP][PASSED] - wildList = wildList: null

2019-08-10 23:56:42 - [TEST_STEP][PASSED] - free_spin_reel_counter = []: null

2019-08-10 23:56:42 - [TEST_STEP][PASSED] - free_spin_reel_counter[0] = 0: null

2019-08-10 23:56:42 - [TEST_STEP][PASSED] - free_spin_reel_counter[1] = 0: null

2019-08-10 23:56:42 - [TEST_STEP][PASSED] - free_spin_reel_counter[2] = 0: null

2019-08-10 23:56:42 - [TEST_STEP][PASSED] - M4_spin_reels = reels: null

2019-08-10 23:56:42 - [TEST_STEP][PASSED] - for ([i = 0, i &lt; M4_spin_reels.size(), (i++)]): null

2019-08-10 23:56:42 - [TEST_STEP][PASSED] - symbols = symbols: null

2019-08-10 23:56:42 - [TEST_STEP][PASSED] - for ([j = 0, j &lt; symbols.size(), (j++)]): null

2019-08-10 23:56:42 - [TEST_STEP][PASSED] - symbol = symbol: null

2019-08-10 23:56:42 - [TEST_STEP][PASSED] - println(symbol): null

2019-08-10 23:56:42 - [TEST_STEP][PASSED] - if (i == 2 &amp;&amp; wildList.indexOf(symbol) != -1): null

2019-08-10 23:56:42 - [TEST_STEP][PASSED] - if (i == 3 &amp;&amp; wildList.indexOf(symbol) != -1): null

2019-08-10 23:56:42 - [TEST_STEP][PASSED] - if (i == 4 &amp;&amp; wildList.indexOf(symbol) != -1): null

2019-08-10 23:56:42 - [TEST_STEP][PASSED] - symbol = symbol: null

2019-08-10 23:56:42 - [TEST_STEP][PASSED] - println(symbol): null

2019-08-10 23:56:42 - [TEST_STEP][PASSED] - if (i == 2 &amp;&amp; wildList.indexOf(symbol) != -1): null

2019-08-10 23:56:42 - [TEST_STEP][PASSED] - if (i == 3 &amp;&amp; wildList.indexOf(symbol) != -1): null

2019-08-10 23:56:42 - [TEST_STEP][PASSED] - if (i == 4 &amp;&amp; wildList.indexOf(symbol) != -1): null

2019-08-10 23:56:42 - [TEST_STEP][PASSED] - symbol = symbol: null

2019-08-10 23:56:42 - [TEST_STEP][PASSED] - println(symbol): null

2019-08-10 23:56:42 - [TEST_STEP][PASSED] - if (i == 2 &amp;&amp; wildList.indexOf(symbol) != -1): null

2019-08-10 23:56:42 - [TEST_STEP][PASSED] - if (i == 3 &amp;&amp; wildList.indexOf(symbol) != -1): null

2019-08-10 23:56:42 - [TEST_STEP][PASSED] - if (i == 4 &amp;&amp; wildList.indexOf(symbol) != -1): null

2019-08-10 23:56:42 - [TEST_STEP][PASSED] - symbols = symbols: null

2019-08-10 23:56:42 - [TEST_STEP][PASSED] - for ([j = 0, j &lt; symbols.size(), (j++)]): null

2019-08-10 23:56:42 - [TEST_STEP][PASSED] - symbol = symbol: null

2019-08-10 23:56:42 - [TEST_STEP][PASSED] - println(symbol): null

2019-08-10 23:56:42 - [TEST_STEP][PASSED] - if (i == 2 &amp;&amp; wildList.indexOf(symbol) != -1): null

2019-08-10 23:56:42 - [TEST_STEP][PASSED] - if (i == 3 &amp;&amp; wildList.indexOf(symbol) != -1): null

2019-08-10 23:56:42 - [TEST_STEP][PASSED] - if (i == 4 &amp;&amp; wildList.indexOf(symbol) != -1): null

2019-08-10 23:56:42 - [TEST_STEP][PASSED] - symbol = symbol: null

2019-08-10 23:56:42 - [TEST_STEP][PASSED] - println(symbol): null

2019-08-10 23:56:42 - [TEST_STEP][PASSED] - if (i == 2 &amp;&amp; wildList.indexOf(symbol) != -1): null

2019-08-10 23:56:42 - [TEST_STEP][PASSED] - if (i == 3 &amp;&amp; wildList.indexOf(symbol) != -1): null

2019-08-10 23:56:42 - [TEST_STEP][PASSED] - if (i == 4 &amp;&amp; wildList.indexOf(symbol) != -1): null

2019-08-10 23:56:42 - [TEST_STEP][PASSED] - symbol = symbol: null

2019-08-10 23:56:42 - [TEST_STEP][PASSED] - println(symbol): null

2019-08-10 23:56:42 - [TEST_STEP][PASSED] - if (i == 2 &amp;&amp; wildList.indexOf(symbol) != -1): null

2019-08-10 23:56:42 - [TEST_STEP][PASSED] - if (i == 3 &amp;&amp; wildList.indexOf(symbol) != -1): null

2019-08-10 23:56:42 - [TEST_STEP][PASSED] - if (i == 4 &amp;&amp; wildList.indexOf(symbol) != -1): null

2019-08-10 23:56:42 - [TEST_STEP][PASSED] - symbols = symbols: null

2019-08-10 23:56:42 - [TEST_STEP][PASSED] - for ([j = 0, j &lt; symbols.size(), (j++)]): null

2019-08-10 23:56:42 - [TEST_STEP][PASSED] - symbol = symbol: null

2019-08-10 23:56:42 - [TEST_STEP][PASSED] - println(symbol): null

2019-08-10 23:56:42 - [TEST_STEP][PASSED] - if (i == 2 &amp;&amp; wildList.indexOf(symbol) != -1): null

2019-08-10 23:56:42 - [TEST_STEP][PASSED] - if (i == 3 &amp;&amp; wildList.indexOf(symbol) != -1): null

2019-08-10 23:56:42 - [TEST_STEP][PASSED] - if (i == 4 &amp;&amp; wildList.indexOf(symbol) != -1): null

2019-08-10 23:56:42 - [TEST_STEP][PASSED] - symbol = symbol: null

2019-08-10 23:56:42 - [TEST_STEP][PASSED] - println(symbol): null

2019-08-10 23:56:42 - [TEST_STEP][PASSED] - if (i == 2 &amp;&amp; wildList.indexOf(symbol) != -1): null

2019-08-10 23:56:42 - [TEST_STEP][PASSED] - if (i == 3 &amp;&amp; wildList.indexOf(symbol) != -1): null

2019-08-10 23:56:42 - [TEST_STEP][PASSED] - if (i == 4 &amp;&amp; wildList.indexOf(symbol) != -1): null

2019-08-10 23:56:42 - [TEST_STEP][PASSED] - symbol = symbol: null

2019-08-10 23:56:42 - [TEST_STEP][PASSED] - println(symbol): null

2019-08-10 23:56:42 - [TEST_STEP][PASSED] - if (i == 2 &amp;&amp; wildList.indexOf(symbol) != -1): null

2019-08-10 23:56:42 - [TEST_STEP][PASSED] - println("wild found on reel 3, adding counter by 1"): null

2019-08-10 23:56:42 - [TEST_STEP][PASSED] - free_spin_reel_counter[0] = free_spin_reel_counter[0] + 1: null

2019-08-10 23:56:42 - [TEST_STEP][PASSED] - if (i == 3 &amp;&amp; wildList.indexOf(symbol) != -1): null

2019-08-10 23:56:42 - [TEST_STEP][PASSED] - if (i == 4 &amp;&amp; wildList.indexOf(symbol) != -1): null

2019-08-10 23:56:42 - [TEST_STEP][PASSED] - symbols = symbols: null

2019-08-10 23:56:42 - [TEST_STEP][PASSED] - for ([j = 0, j &lt; symbols.size(), (j++)]): null

2019-08-10 23:56:42 - [TEST_STEP][PASSED] - symbol = symbol: null

2019-08-10 23:56:42 - [TEST_STEP][PASSED] - println(symbol): null

2019-08-10 23:56:42 - [TEST_STEP][PASSED] - if (i == 2 &amp;&amp; wildList.indexOf(symbol) != -1): null

2019-08-10 23:56:42 - [TEST_STEP][PASSED] - if (i == 3 &amp;&amp; wildList.indexOf(symbol) != -1): null

2019-08-10 23:56:42 - [TEST_STEP][PASSED] - if (i == 4 &amp;&amp; wildList.indexOf(symbol) != -1): null

2019-08-10 23:56:42 - [TEST_STEP][PASSED] - symbol = symbol: null

2019-08-10 23:56:42 - [TEST_STEP][PASSED] - println(symbol): null

2019-08-10 23:56:42 - [TEST_STEP][PASSED] - if (i == 2 &amp;&amp; wildList.indexOf(symbol) != -1): null

2019-08-10 23:56:42 - [TEST_STEP][PASSED] - if (i == 3 &amp;&amp; wildList.indexOf(symbol) != -1): null

2019-08-10 23:56:42 - [TEST_STEP][PASSED] - if (i == 4 &amp;&amp; wildList.indexOf(symbol) != -1): null

2019-08-10 23:56:42 - [TEST_STEP][PASSED] - symbol = symbol: null

2019-08-10 23:56:42 - [TEST_STEP][PASSED] - println(symbol): null

2019-08-10 23:56:42 - [TEST_STEP][PASSED] - if (i == 2 &amp;&amp; wildList.indexOf(symbol) != -1): null

2019-08-10 23:56:42 - [TEST_STEP][PASSED] - if (i == 3 &amp;&amp; wildList.indexOf(symbol) != -1): null

2019-08-10 23:56:42 - [TEST_STEP][PASSED] - if (i == 4 &amp;&amp; wildList.indexOf(symbol) != -1): null

2019-08-10 23:56:42 - [TEST_STEP][PASSED] - symbols = symbols: null

2019-08-10 23:56:42 - [TEST_STEP][PASSED] - for ([j = 0, j &lt; symbols.size(), (j++)]): null

2019-08-10 23:56:42 - [TEST_STEP][PASSED] - symbol = symbol: null

2019-08-10 23:56:42 - [TEST_STEP][PASSED] - println(symbol): null

2019-08-10 23:56:42 - [TEST_STEP][PASSED] - if (i == 2 &amp;&amp; wildList.indexOf(symbol) != -1): null

2019-08-10 23:56:42 - [TEST_STEP][PASSED] - if (i == 3 &amp;&amp; wildList.indexOf(symbol) != -1): null

2019-08-10 23:56:42 - [TEST_STEP][PASSED] - if (i == 4 &amp;&amp; wildList.indexOf(symbol) != -1): null

2019-08-10 23:56:42 - [TEST_STEP][PASSED] - symbol = symbol: null

2019-08-10 23:56:42 - [TEST_STEP][PASSED] - println(symbol): null

2019-08-10 23:56:42 - [TEST_STEP][PASSED] - if (i == 2 &amp;&amp; wildList.indexOf(symbol) != -1): null

2019-08-10 23:56:42 - [TEST_STEP][PASSED] - if (i == 3 &amp;&amp; wildList.indexOf(symbol) != -1): null

2019-08-10 23:56:42 - [TEST_STEP][PASSED] - if (i == 4 &amp;&amp; wildList.indexOf(symbol) != -1): null

2019-08-10 23:56:42 - [TEST_STEP][PASSED] - symbol = symbol: null

2019-08-10 23:56:42 - [TEST_STEP][PASSED] - println(symbol): null

2019-08-10 23:56:42 - [TEST_STEP][PASSED] - if (i == 2 &amp;&amp; wildList.indexOf(symbol) != -1): null

2019-08-10 23:56:42 - [TEST_STEP][PASSED] - if (i == 3 &amp;&amp; wildList.indexOf(symbol) != -1): null

2019-08-10 23:56:42 - [TEST_STEP][PASSED] - if (i == 4 &amp;&amp; wildList.indexOf(symbol) != -1): null

2019-08-10 23:56:42 - [TEST_STEP][PASSED] - println("wild found on reel 5, adding counter by 1"): null

2019-08-10 23:56:42 - [TEST_STEP][PASSED] - free_spin_reel_counter[2] = free_spin_reel_counter[2] + 1: null

2019-08-10 23:56:42 - [TEST_STEP][PASSED] - free_spin_reel_counter = free_spin_reel_counter: null

2019-08-10 23:56:42 - [TEST_STEP][PASSED] - println("reel 3 wild found: " + free_spin_reel_counter[0]): null

2019-08-10 23:56:42 - [TEST_STEP][PASSED] - println("reel 4 wild found: " + free_spin_reel_counter[1]): null

2019-08-10 23:56:42 - [TEST_STEP][PASSED] - println("reel 5 wild found: " + free_spin_reel_counter[2]): null

2019-08-10 23:56:42 - [TEST_STEP][PASSED] - M4_spin_reels = M4_spin_reels: null

2019-08-10 23:56:42 - [TEST_STEP][PASSED] - M4_spin_reels_symbols = symbol: null

2019-08-10 23:56:42 - [TEST_STEP][PASSED] - M4_spin_reels_symbols = M4_spin_reels_symbols: null

2019-08-10 23:56:42 - [TEST_STEP][PASSED] - M4_spin_reel_wins = reel_wins: null

2019-08-10 23:56:42 - [TEST_STEP][PASSED] - M4_spin_reel_wins = M4_spin_reel_wins: null

2019-08-10 23:56:42 - [TEST_STEP][PASSED] - println("GlobalVariable.M4_spin_reel_wins is: " + M4_spin_reel_wins): null

2019-08-10 23:56:42 - [TEST_STEP][PASSED] - M4_spin_total_bonus_win_this_round = total_bonus_win_this_round: null

2019-08-10 23:56:42 - [TEST_STEP][PASSED] - M4_spin_total_bonus_win_this_round = M4_spin_total_bonus_win_this_round: null

2019-08-10 23:56:42 - [TEST_STEP][PASSED] - println("GlobalVariable.M4_spin_total_bonus_win_this_round is: " + M4_spin_total_bonus_win_this_round): null

2019-08-10 23:56:42 - [MESSAGE][PASSED] - Verify response successfully

2019-08-10 23:56:42 - [MESSAGE][PASSED] - Send request and verify the response successfully

2019-08-10 23:56:42 - [TEST_STEP][PASSED] - if (M4_total_bonus_spins_int != 0 &amp;&amp; M4_spin_reels_symbols[2].contains("WILD_Double") || M4_spin_reels_symbols[4].contains("WILD_Triple")): null

2019-08-10 23:56:42 - [TEST_STEP][PASSED] - free_spin_reel_counter = free_spin_reel_counter: null

2019-08-10 23:56:42 - [TEST_STEP][PASSED] - M4_spin_reels_symbols = M4_spin_reels_symbols: null

2019-08-10 23:56:42 - [TEST_STEP][PASSED] - M4_total_bonus_spins = M4_total_bonus_spins: null

2019-08-10 23:56:42 - [TEST_STEP][PASSED] - spin_result = sendRequestAndVerify(findTestObject("RGS(M4)/1_M4_spin", ["M4_login_user_id":M4_login_user_id, "rgs_session_token":rgs_session_token, "partner":Partner])): Send request and verify the response successfully

2019-08-10 23:56:42 - [TEST_CASE][PASSED] - Start Test Case : Verification: Verification accomplished successfully

2019-08-10 23:56:42 - [TEST_STEP][PASSED] - request = getInstance().getCurrentRequest(): null

2019-08-10 23:56:42 - [TEST_STEP][PASSED] - response = getInstance().getCurrentResponse(): null

2019-08-10 23:56:42 - [TEST_STEP][PASSED] - verifyResponseStatusCode(response, 200): Verify response status code successfully

2019-08-10 23:56:42 - [MESSAGE][PASSED] - Verify response status code successfully

2019-08-10 23:56:42 - [TEST_STEP][PASSED] - getStatusCode()).isEqualTo(200): null

2019-08-10 23:56:42 - [TEST_STEP][PASSED] - newline = System.getProperty("line.separator"): null

2019-08-10 23:56:42 - [TEST_STEP][PASSED] - M4_spin = new groovy.json.JsonSlurper(): null

2019-08-10 23:56:42 - [TEST_STEP][PASSED] - result_M4_spin = M4_spin.parseText(response.getResponseBodyContent()): null

2019-08-10 23:56:42 - [TEST_STEP][PASSED] - M4_spin_current_balance = current_balance: null

2019-08-10 23:56:42 - [TEST_STEP][PASSED] - M4_spin_current_balance = M4_spin_current_balance: null

2019-08-10 23:56:42 - [TEST_STEP][PASSED] - M4_spin_transaction_id = causality: null

2019-08-10 23:56:42 - [TEST_STEP][PASSED] - M4_spin_transaction_id = M4_spin_transaction_id: null

2019-08-10 23:56:42 - [TEST_STEP][PASSED] - M4_spin_round_id = round_id: null

2019-08-10 23:56:42 - [TEST_STEP][PASSED] - M4_spin_round_id = M4_spin_round_id: null

2019-08-10 23:56:42 - [TEST_STEP][PASSED] - M4_spin_line_wins = line_wins: null

2019-08-10 23:56:42 - [TEST_STEP][PASSED] - M4_spin_line_wins = M4_spin_line_wins: null

2019-08-10 23:56:42 - [TEST_STEP][PASSED] - M4_total_bonus_spins_int = total_bonus_spins: null

2019-08-10 23:56:42 - [TEST_STEP][PASSED] - println("******M4_total_bonus_spins type is:*******" + newline + getClass().getName()): null

2019-08-10 23:56:42 - [TEST_STEP][PASSED] - M4_total_bonus_spins_int = M4_total_bonus_spins_int: null

2019-08-10 23:56:42 - [TEST_STEP][PASSED] - M4_total_bonus_spins = Integer.toString(M4_total_bonus_spins_int): null

2019-08-10 23:56:42 - [TEST_STEP][PASSED] - M4_total_bonus_spins = M4_total_bonus_spins: null

2019-08-10 23:56:42 - [TEST_STEP][PASSED] - println("M4_total_bonus_spins is:" + M4_total_bonus_spins): null

2019-08-10 23:56:42 - [TEST_STEP][PASSED] - M4_spin_bonus_data = bonus_data: null

2019-08-10 23:56:42 - [TEST_STEP][PASSED] - M4_spin_features_triggered = result_M4_spin: null

2019-08-10 23:56:42 - [TEST_STEP][PASSED] - wild = []: null

2019-08-10 23:56:42 - [TEST_STEP][PASSED] - wild[0] = "WILD_Expanding": null

2019-08-10 23:56:42 - [TEST_STEP][PASSED] - wild[1] = "WILD_Normal": null

2019-08-10 23:56:42 - [TEST_STEP][PASSED] - wild[2] = "WILD_Double": null

2019-08-10 23:56:42 - [TEST_STEP][PASSED] - wild[3] = "WILD_ExtraFG": null

2019-08-10 23:56:42 - [TEST_STEP][PASSED] - wild[4] = "WILD_Triple": null

2019-08-10 23:56:42 - [TEST_STEP][PASSED] - wildList = Arrays.asList(wild): null

2019-08-10 23:56:42 - [TEST_STEP][PASSED] - wildList = wildList: null

2019-08-10 23:56:42 - [TEST_STEP][PASSED] - free_spin_reel_counter = []: null

2019-08-10 23:56:42 - [TEST_STEP][PASSED] - free_spin_reel_counter[0] = 0: null

2019-08-10 23:56:42 - [TEST_STEP][PASSED] - free_spin_reel_counter[1] = 0: null

2019-08-10 23:56:42 - [TEST_STEP][PASSED] - free_spin_reel_counter[2] = 0: null

2019-08-10 23:56:42 - [TEST_STEP][PASSED] - M4_spin_reels = reels: null

2019-08-10 23:56:42 - [TEST_STEP][PASSED] - for ([i = 0, i &lt; M4_spin_reels.size(), (i++)]): null

2019-08-10 23:56:42 - [TEST_STEP][PASSED] - symbols = symbols: null

2019-08-10 23:56:46 - [TEST_STEP][PASSED] - for ([j = 0, j &lt; symbols.size(), (j++)]): null

2019-08-10 23:56:46 - [TEST_STEP][PASSED] - symbol = symbol: null

2019-08-10 23:56:46 - [TEST_STEP][PASSED] - println(symbol): null

2019-08-10 23:56:46 - [TEST_STEP][PASSED] - if (i == 2 &amp;&amp; wildList.indexOf(symbol) != -1): null

2019-08-10 23:56:46 - [TEST_STEP][PASSED] - if (i == 3 &amp;&amp; wildList.indexOf(symbol) != -1): null

2019-08-10 23:56:46 - [TEST_STEP][PASSED] - if (i == 4 &amp;&amp; wildList.indexOf(symbol) != -1): null

2019-08-10 23:56:46 - [TEST_STEP][PASSED] - symbol = symbol: null

2019-08-10 23:56:46 - [TEST_STEP][PASSED] - println(symbol): null

2019-08-10 23:56:46 - [TEST_STEP][PASSED] - if (i == 2 &amp;&amp; wildList.indexOf(symbol) != -1): null

2019-08-10 23:56:46 - [TEST_STEP][PASSED] - if (i == 3 &amp;&amp; wildList.indexOf(symbol) != -1): null

2019-08-10 23:56:46 - [TEST_STEP][PASSED] - if (i == 4 &amp;&amp; wildList.indexOf(symbol) != -1): null

2019-08-10 23:56:46 - [TEST_STEP][PASSED] - symbol = symbol: null

2019-08-10 23:56:46 - [TEST_STEP][PASSED] - println(symbol): null

2019-08-10 23:56:46 - [TEST_STEP][PASSED] - if (i == 2 &amp;&amp; wildList.indexOf(symbol) != -1): null

2019-08-10 23:56:46 - [TEST_STEP][PASSED] - if (i == 3 &amp;&amp; wildList.indexOf(symbol) != -1): null

2019-08-10 23:56:46 - [TEST_STEP][PASSED] - if (i == 4 &amp;&amp; wildList.indexOf(symbol) != -1): null

2019-08-10 23:56:46 - [TEST_STEP][PASSED] - symbols = symbols: null

2019-08-10 23:56:46 - [TEST_STEP][PASSED] - for ([j = 0, j &lt; symbols.size(), (j++)]): null

2019-08-10 23:56:46 - [TEST_STEP][PASSED] - symbol = symbol: null

2019-08-10 23:56:46 - [TEST_STEP][PASSED] - println(symbol): null

2019-08-10 23:56:46 - [TEST_STEP][PASSED] - if (i == 2 &amp;&amp; wildList.indexOf(symbol) != -1): null

2019-08-10 23:56:46 - [TEST_STEP][PASSED] - if (i == 3 &amp;&amp; wildList.indexOf(symbol) != -1): null

2019-08-10 23:56:46 - [TEST_STEP][PASSED] - if (i == 4 &amp;&amp; wildList.indexOf(symbol) != -1): null

2019-08-10 23:56:46 - [TEST_STEP][PASSED] - symbol = symbol: null

2019-08-10 23:56:46 - [TEST_STEP][PASSED] - println(symbol): null

2019-08-10 23:56:46 - [TEST_STEP][PASSED] - if (i == 2 &amp;&amp; wildList.indexOf(symbol) != -1): null

2019-08-10 23:56:46 - [TEST_STEP][PASSED] - if (i == 3 &amp;&amp; wildList.indexOf(symbol) != -1): null

2019-08-10 23:56:46 - [TEST_STEP][PASSED] - if (i == 4 &amp;&amp; wildList.indexOf(symbol) != -1): null

2019-08-10 23:56:46 - [TEST_STEP][PASSED] - symbol = symbol: null

2019-08-10 23:56:46 - [TEST_STEP][PASSED] - println(symbol): null

2019-08-10 23:56:46 - [TEST_STEP][PASSED] - if (i == 2 &amp;&amp; wildList.indexOf(symbol) != -1): null

2019-08-10 23:56:46 - [TEST_STEP][PASSED] - if (i == 3 &amp;&amp; wildList.indexOf(symbol) != -1): null

2019-08-10 23:56:46 - [TEST_STEP][PASSED] - if (i == 4 &amp;&amp; wildList.indexOf(symbol) != -1): null

2019-08-10 23:56:46 - [TEST_STEP][PASSED] - symbols = symbols: null

2019-08-10 23:56:46 - [TEST_STEP][PASSED] - for ([j = 0, j &lt; symbols.size(), (j++)]): null

2019-08-10 23:56:46 - [TEST_STEP][PASSED] - symbol = symbol: null

2019-08-10 23:56:46 - [TEST_STEP][PASSED] - println(symbol): null

2019-08-10 23:56:46 - [TEST_STEP][PASSED] - if (i == 2 &amp;&amp; wildList.indexOf(symbol) != -1): null

2019-08-10 23:56:46 - [TEST_STEP][PASSED] - if (i == 3 &amp;&amp; wildList.indexOf(symbol) != -1): null

2019-08-10 23:56:46 - [TEST_STEP][PASSED] - if (i == 4 &amp;&amp; wildList.indexOf(symbol) != -1): null

2019-08-10 23:56:46 - [TEST_STEP][PASSED] - symbol = symbol: null

2019-08-10 23:56:46 - [TEST_STEP][PASSED] - println(symbol): null

2019-08-10 23:56:46 - [TEST_STEP][PASSED] - if (i == 2 &amp;&amp; wildList.indexOf(symbol) != -1): null

2019-08-10 23:56:46 - [TEST_STEP][PASSED] - if (i == 3 &amp;&amp; wildList.indexOf(symbol) != -1): null

2019-08-10 23:56:46 - [TEST_STEP][PASSED] - if (i == 4 &amp;&amp; wildList.indexOf(symbol) != -1): null

2019-08-10 23:56:46 - [TEST_STEP][PASSED] - symbol = symbol: null

2019-08-10 23:56:46 - [TEST_STEP][PASSED] - println(symbol): null

2019-08-10 23:56:46 - [TEST_STEP][PASSED] - if (i == 2 &amp;&amp; wildList.indexOf(symbol) != -1): null

2019-08-10 23:56:46 - [TEST_STEP][PASSED] - if (i == 3 &amp;&amp; wildList.indexOf(symbol) != -1): null

2019-08-10 23:56:46 - [TEST_STEP][PASSED] - if (i == 4 &amp;&amp; wildList.indexOf(symbol) != -1): null

2019-08-10 23:56:46 - [TEST_STEP][PASSED] - symbols = symbols: null

2019-08-10 23:56:46 - [TEST_STEP][PASSED] - for ([j = 0, j &lt; symbols.size(), (j++)]): null

2019-08-10 23:56:46 - [TEST_STEP][PASSED] - symbol = symbol: null

2019-08-10 23:56:46 - [TEST_STEP][PASSED] - println(symbol): null

2019-08-10 23:56:46 - [TEST_STEP][PASSED] - if (i == 2 &amp;&amp; wildList.indexOf(symbol) != -1): null

2019-08-10 23:56:46 - [TEST_STEP][PASSED] - if (i == 3 &amp;&amp; wildList.indexOf(symbol) != -1): null

2019-08-10 23:56:46 - [TEST_STEP][PASSED] - println("wild found on reel 4, adding counter by 1"): null

2019-08-10 23:56:46 - [TEST_STEP][PASSED] - free_spin_reel_counter[1] = free_spin_reel_counter[1] + 1: null

2019-08-10 23:56:46 - [TEST_STEP][PASSED] - if (i == 4 &amp;&amp; wildList.indexOf(symbol) != -1): null

2019-08-10 23:56:46 - [TEST_STEP][PASSED] - symbol = symbol: null

2019-08-10 23:56:46 - [TEST_STEP][PASSED] - println(symbol): null

2019-08-10 23:56:46 - [TEST_STEP][PASSED] - if (i == 2 &amp;&amp; wildList.indexOf(symbol) != -1): null

2019-08-10 23:56:46 - [TEST_STEP][PASSED] - if (i == 3 &amp;&amp; wildList.indexOf(symbol) != -1): null

2019-08-10 23:56:46 - [TEST_STEP][PASSED] - if (i == 4 &amp;&amp; wildList.indexOf(symbol) != -1): null

2019-08-10 23:56:46 - [TEST_STEP][PASSED] - symbol = symbol: null

2019-08-10 23:56:46 - [TEST_STEP][PASSED] - println(symbol): null

2019-08-10 23:56:46 - [TEST_STEP][PASSED] - if (i == 2 &amp;&amp; wildList.indexOf(symbol) != -1): null

2019-08-10 23:56:46 - [TEST_STEP][PASSED] - if (i == 3 &amp;&amp; wildList.indexOf(symbol) != -1): null

2019-08-10 23:56:46 - [TEST_STEP][PASSED] - if (i == 4 &amp;&amp; wildList.indexOf(symbol) != -1): null

2019-08-10 23:56:46 - [TEST_STEP][PASSED] - symbols = symbols: null

2019-08-10 23:56:46 - [TEST_STEP][PASSED] - for ([j = 0, j &lt; symbols.size(), (j++)]): null

2019-08-10 23:56:46 - [TEST_STEP][PASSED] - symbol = symbol: null

2019-08-10 23:56:46 - [TEST_STEP][PASSED] - println(symbol): null

2019-08-10 23:56:46 - [TEST_STEP][PASSED] - if (i == 2 &amp;&amp; wildList.indexOf(symbol) != -1): null

2019-08-10 23:56:46 - [TEST_STEP][PASSED] - if (i == 3 &amp;&amp; wildList.indexOf(symbol) != -1): null

2019-08-10 23:56:46 - [TEST_STEP][PASSED] - if (i == 4 &amp;&amp; wildList.indexOf(symbol) != -1): null

2019-08-10 23:56:46 - [TEST_STEP][PASSED] - symbol = symbol: null

2019-08-10 23:56:46 - [TEST_STEP][PASSED] - println(symbol): null

2019-08-10 23:56:46 - [TEST_STEP][PASSED] - if (i == 2 &amp;&amp; wildList.indexOf(symbol) != -1): null

2019-08-10 23:56:46 - [TEST_STEP][PASSED] - if (i == 3 &amp;&amp; wildList.indexOf(symbol) != -1): null

2019-08-10 23:56:46 - [TEST_STEP][PASSED] - if (i == 4 &amp;&amp; wildList.indexOf(symbol) != -1): null

2019-08-10 23:56:46 - [TEST_STEP][PASSED] - symbol = symbol: null

2019-08-10 23:56:46 - [TEST_STEP][PASSED] - println(symbol): null

2019-08-10 23:56:46 - [TEST_STEP][PASSED] - if (i == 2 &amp;&amp; wildList.indexOf(symbol) != -1): null

2019-08-10 23:56:46 - [TEST_STEP][PASSED] - if (i == 3 &amp;&amp; wildList.indexOf(symbol) != -1): null

2019-08-10 23:56:46 - [TEST_STEP][PASSED] - if (i == 4 &amp;&amp; wildList.indexOf(symbol) != -1): null

2019-08-10 23:56:46 - [TEST_STEP][PASSED] - free_spin_reel_counter = free_spin_reel_counter: null

2019-08-10 23:56:46 - [TEST_STEP][PASSED] - println("reel 3 wild found: " + free_spin_reel_counter[0]): null

2019-08-10 23:56:46 - [TEST_STEP][PASSED] - println("reel 4 wild found: " + free_spin_reel_counter[1]): null

2019-08-10 23:56:46 - [TEST_STEP][PASSED] - println("reel 5 wild found: " + free_spin_reel_counter[2]): null

2019-08-10 23:56:46 - [TEST_STEP][PASSED] - M4_spin_reels = M4_spin_reels: null

2019-08-10 23:56:46 - [TEST_STEP][PASSED] - M4_spin_reels_symbols = symbol: null

2019-08-10 23:56:46 - [TEST_STEP][PASSED] - M4_spin_reels_symbols = M4_spin_reels_symbols: null

2019-08-10 23:56:46 - [TEST_STEP][PASSED] - M4_spin_reel_wins = reel_wins: null

2019-08-10 23:56:46 - [TEST_STEP][PASSED] - M4_spin_reel_wins = M4_spin_reel_wins: null

2019-08-10 23:56:46 - [TEST_STEP][PASSED] - println("GlobalVariable.M4_spin_reel_wins is: " + M4_spin_reel_wins): null

2019-08-10 23:56:46 - [TEST_STEP][PASSED] - M4_spin_total_bonus_win_this_round = total_bonus_win_this_round: null

2019-08-10 23:56:46 - [TEST_STEP][PASSED] - M4_spin_total_bonus_win_this_round = M4_spin_total_bonus_win_this_round: null

2019-08-10 23:56:46 - [TEST_STEP][PASSED] - println("GlobalVariable.M4_spin_total_bonus_win_this_round is: " + M4_spin_total_bonus_win_this_round): null

2019-08-10 23:56:46 - [MESSAGE][PASSED] - Verify response successfully

2019-08-10 23:56:46 - [MESSAGE][PASSED] - Send request and verify the response successfully

2019-08-10 23:56:46 - [TEST_STEP][PASSED] - if (M4_total_bonus_spins_int != 0 &amp;&amp; M4_spin_reels_symbols[2].contains("WILD_Double") || M4_spin_reels_symbols[4].contains("WILD_Triple")): null

2019-08-10 23:56:46 - [TEST_STEP][PASSED] - free_spin_reel_counter = free_spin_reel_counter: null

2019-08-10 23:56:46 - [TEST_STEP][PASSED] - M4_spin_reels_symbols = M4_spin_reels_symbols: null

2019-08-10 23:56:46 - [TEST_STEP][PASSED] - M4_total_bonus_spins = M4_total_bonus_spins: null

2019-08-10 23:56:46 - [TEST_STEP][PASSED] - spin_result = sendRequestAndVerify(findTestObject("RGS(M4)/1_M4_spin", ["M4_login_user_id":M4_login_user_id, "rgs_session_token":rgs_session_token, "partner":Partner])): Send request and verify the response successfully

2019-08-10 23:56:46 - [TEST_CASE][PASSED] - Start Test Case : Verification: Verification accomplished successfully

2019-08-10 23:56:46 - [TEST_STEP][PASSED] - request = getInstance().getCurrentRequest(): null

2019-08-10 23:56:46 - [TEST_STEP][PASSED] - response = getInstance().getCurrentResponse(): null

2019-08-10 23:56:46 - [TEST_STEP][PASSED] - verifyResponseStatusCode(response, 200): Verify response status code successfully

2019-08-10 23:56:46 - [MESSAGE][PASSED] - Verify response status code successfully

2019-08-10 23:56:46 - [TEST_STEP][PASSED] - getStatusCode()).isEqualTo(200): null

2019-08-10 23:56:46 - [TEST_STEP][PASSED] - newline = System.getProperty("line.separator"): null

2019-08-10 23:56:46 - [TEST_STEP][PASSED] - M4_spin = new groovy.json.JsonSlurper(): null

2019-08-10 23:56:46 - [TEST_STEP][PASSED] - result_M4_spin = M4_spin.parseText(response.getResponseBodyContent()): null

2019-08-10 23:56:46 - [TEST_STEP][PASSED] - M4_spin_current_balance = current_balance: null

2019-08-10 23:56:46 - [TEST_STEP][PASSED] - M4_spin_current_balance = M4_spin_current_balance: null

2019-08-10 23:56:46 - [TEST_STEP][PASSED] - M4_spin_transaction_id = causality: null

2019-08-10 23:56:46 - [TEST_STEP][PASSED] - M4_spin_transaction_id = M4_spin_transaction_id: null

2019-08-10 23:56:46 - [TEST_STEP][PASSED] - M4_spin_round_id = round_id: null

2019-08-10 23:56:46 - [TEST_STEP][PASSED] - M4_spin_round_id = M4_spin_round_id: null

2019-08-10 23:56:46 - [TEST_STEP][PASSED] - M4_spin_line_wins = line_wins: null

2019-08-10 23:56:46 - [TEST_STEP][PASSED] - M4_spin_line_wins = M4_spin_line_wins: null

2019-08-10 23:56:46 - [TEST_STEP][PASSED] - M4_total_bonus_spins_int = total_bonus_spins: null

2019-08-10 23:56:46 - [TEST_STEP][PASSED] - println("******M4_total_bonus_spins type is:*******" + newline + getClass().getName()): null

2019-08-10 23:56:46 - [TEST_STEP][PASSED] - M4_total_bonus_spins_int = M4_total_bonus_spins_int: null

2019-08-10 23:56:46 - [TEST_STEP][PASSED] - M4_total_bonus_spins = Integer.toString(M4_total_bonus_spins_int): null

2019-08-10 23:56:46 - [TEST_STEP][PASSED] - M4_total_bonus_spins = M4_total_bonus_spins: null

2019-08-10 23:56:46 - [TEST_STEP][PASSED] - println("M4_total_bonus_spins is:" + M4_total_bonus_spins): null

2019-08-10 23:56:46 - [TEST_STEP][PASSED] - M4_spin_bonus_data = bonus_data: null

2019-08-10 23:56:46 - [TEST_STEP][PASSED] - M4_spin_features_triggered = result_M4_spin: null

2019-08-10 23:56:46 - [TEST_STEP][PASSED] - wild = []: null

2019-08-10 23:56:46 - [TEST_STEP][PASSED] - wild[0] = "WILD_Expanding": null

2019-08-10 23:56:46 - [TEST_STEP][PASSED] - wild[1] = "WILD_Normal": null

2019-08-10 23:56:46 - [TEST_STEP][PASSED] - wild[2] = "WILD_Double": null

2019-08-10 23:56:46 - [TEST_STEP][PASSED] - wild[3] = "WILD_ExtraFG": null

2019-08-10 23:56:46 - [TEST_STEP][PASSED] - wild[4] = "WILD_Triple": null

2019-08-10 23:56:46 - [TEST_STEP][PASSED] - wildList = Arrays.asList(wild): null

2019-08-10 23:56:46 - [TEST_STEP][PASSED] - wildList = wildList: null

2019-08-10 23:56:46 - [TEST_STEP][PASSED] - free_spin_reel_counter = []: null

2019-08-10 23:56:46 - [TEST_STEP][PASSED] - free_spin_reel_counter[0] = 0: null

2019-08-10 23:56:46 - [TEST_STEP][PASSED] - free_spin_reel_counter[1] = 0: null

2019-08-10 23:56:46 - [TEST_STEP][PASSED] - free_spin_reel_counter[2] = 0: null

2019-08-10 23:56:46 - [TEST_STEP][PASSED] - M4_spin_reels = reels: null

2019-08-10 23:56:46 - [TEST_STEP][PASSED] - for ([i = 0, i &lt; M4_spin_reels.size(), (i++)]): null

2019-08-10 23:56:46 - [TEST_STEP][PASSED] - symbols = symbols: null

2019-08-10 23:56:46 - [TEST_STEP][PASSED] - for ([j = 0, j &lt; symbols.size(), (j++)]): null

2019-08-10 23:56:46 - [TEST_STEP][PASSED] - symbol = symbol: null

2019-08-10 23:56:46 - [TEST_STEP][PASSED] - println(symbol): null

2019-08-10 23:56:46 - [TEST_STEP][PASSED] - if (i == 2 &amp;&amp; wildList.indexOf(symbol) != -1): null

2019-08-10 23:56:46 - [TEST_STEP][PASSED] - if (i == 3 &amp;&amp; wildList.indexOf(symbol) != -1): null

2019-08-10 23:56:46 - [TEST_STEP][PASSED] - if (i == 4 &amp;&amp; wildList.indexOf(symbol) != -1): null

2019-08-10 23:56:46 - [TEST_STEP][PASSED] - symbol = symbol: null

2019-08-10 23:56:46 - [TEST_STEP][PASSED] - println(symbol): null

2019-08-10 23:56:46 - [TEST_STEP][PASSED] - if (i == 2 &amp;&amp; wildList.indexOf(symbol) != -1): null

2019-08-10 23:56:46 - [TEST_STEP][PASSED] - if (i == 3 &amp;&amp; wildList.indexOf(symbol) != -1): null

2019-08-10 23:56:46 - [TEST_STEP][PASSED] - if (i == 4 &amp;&amp; wildList.indexOf(symbol) != -1): null

2019-08-10 23:56:46 - [TEST_STEP][PASSED] - symbol = symbol: null

2019-08-10 23:56:46 - [TEST_STEP][PASSED] - println(symbol): null

2019-08-10 23:56:46 - [TEST_STEP][PASSED] - if (i == 2 &amp;&amp; wildList.indexOf(symbol) != -1): null

2019-08-10 23:56:46 - [TEST_STEP][PASSED] - if (i == 3 &amp;&amp; wildList.indexOf(symbol) != -1): null

2019-08-10 23:56:46 - [TEST_STEP][PASSED] - if (i == 4 &amp;&amp; wildList.indexOf(symbol) != -1): null

2019-08-10 23:56:46 - [TEST_STEP][PASSED] - symbols = symbols: null

2019-08-10 23:56:46 - [TEST_STEP][PASSED] - for ([j = 0, j &lt; symbols.size(), (j++)]): null

2019-08-10 23:56:46 - [TEST_STEP][PASSED] - symbol = symbol: null

2019-08-10 23:56:46 - [TEST_STEP][PASSED] - println(symbol): null

2019-08-10 23:56:46 - [TEST_STEP][PASSED] - if (i == 2 &amp;&amp; wildList.indexOf(symbol) != -1): null

2019-08-10 23:56:46 - [TEST_STEP][PASSED] - if (i == 3 &amp;&amp; wildList.indexOf(symbol) != -1): null

2019-08-10 23:56:46 - [TEST_STEP][PASSED] - if (i == 4 &amp;&amp; wildList.indexOf(symbol) != -1): null

2019-08-10 23:56:46 - [TEST_STEP][PASSED] - symbol = symbol: null

2019-08-10 23:56:46 - [TEST_STEP][PASSED] - println(symbol): null

2019-08-10 23:56:46 - [TEST_STEP][PASSED] - if (i == 2 &amp;&amp; wildList.indexOf(symbol) != -1): null

2019-08-10 23:56:46 - [TEST_STEP][PASSED] - if (i == 3 &amp;&amp; wildList.indexOf(symbol) != -1): null

2019-08-10 23:56:46 - [TEST_STEP][PASSED] - if (i == 4 &amp;&amp; wildList.indexOf(symbol) != -1): null

2019-08-10 23:56:46 - [TEST_STEP][PASSED] - symbol = symbol: null

2019-08-10 23:56:46 - [TEST_STEP][PASSED] - println(symbol): null

2019-08-10 23:56:46 - [TEST_STEP][PASSED] - if (i == 2 &amp;&amp; wildList.indexOf(symbol) != -1): null

2019-08-10 23:56:46 - [TEST_STEP][PASSED] - if (i == 3 &amp;&amp; wildList.indexOf(symbol) != -1): null

2019-08-10 23:56:46 - [TEST_STEP][PASSED] - if (i == 4 &amp;&amp; wildList.indexOf(symbol) != -1): null

2019-08-10 23:56:46 - [TEST_STEP][PASSED] - symbols = symbols: null

2019-08-10 23:56:46 - [TEST_STEP][PASSED] - for ([j = 0, j &lt; symbols.size(), (j++)]): null

2019-08-10 23:56:46 - [TEST_STEP][PASSED] - symbol = symbol: null

2019-08-10 23:56:46 - [TEST_STEP][PASSED] - println(symbol): null

2019-08-10 23:56:46 - [TEST_STEP][PASSED] - if (i == 2 &amp;&amp; wildList.indexOf(symbol) != -1): null

2019-08-10 23:56:46 - [TEST_STEP][PASSED] - if (i == 3 &amp;&amp; wildList.indexOf(symbol) != -1): null

2019-08-10 23:56:46 - [TEST_STEP][PASSED] - if (i == 4 &amp;&amp; wildList.indexOf(symbol) != -1): null

2019-08-10 23:56:46 - [TEST_STEP][PASSED] - symbol = symbol: null

2019-08-10 23:56:46 - [TEST_STEP][PASSED] - println(symbol): null

2019-08-10 23:56:46 - [TEST_STEP][PASSED] - if (i == 2 &amp;&amp; wildList.indexOf(symbol) != -1): null

2019-08-10 23:56:46 - [TEST_STEP][PASSED] - println("wild found on reel 3, adding counter by 1"): null

2019-08-10 23:56:46 - [TEST_STEP][PASSED] - free_spin_reel_counter[0] = free_spin_reel_counter[0] + 1: null

2019-08-10 23:56:46 - [TEST_STEP][PASSED] - if (i == 3 &amp;&amp; wildList.indexOf(symbol) != -1): null

2019-08-10 23:56:46 - [TEST_STEP][PASSED] - if (i == 4 &amp;&amp; wildList.indexOf(symbol) != -1): null

2019-08-10 23:56:46 - [TEST_STEP][PASSED] - symbol = symbol: null

2019-08-10 23:56:46 - [TEST_STEP][PASSED] - println(symbol): null

2019-08-10 23:56:46 - [TEST_STEP][PASSED] - if (i == 2 &amp;&amp; wildList.indexOf(symbol) != -1): null

2019-08-10 23:56:46 - [TEST_STEP][PASSED] - if (i == 3 &amp;&amp; wildList.indexOf(symbol) != -1): null

2019-08-10 23:56:46 - [TEST_STEP][PASSED] - if (i == 4 &amp;&amp; wildList.indexOf(symbol) != -1): null

2019-08-10 23:56:46 - [TEST_STEP][PASSED] - symbols = symbols: null

2019-08-10 23:56:46 - [TEST_STEP][PASSED] - for ([j = 0, j &lt; symbols.size(), (j++)]): null

2019-08-10 23:56:46 - [TEST_STEP][PASSED] - symbol = symbol: null

2019-08-10 23:56:46 - [TEST_STEP][PASSED] - println(symbol): null

2019-08-10 23:56:46 - [TEST_STEP][PASSED] - if (i == 2 &amp;&amp; wildList.indexOf(symbol) != -1): null

2019-08-10 23:56:46 - [TEST_STEP][PASSED] - if (i == 3 &amp;&amp; wildList.indexOf(symbol) != -1): null

2019-08-10 23:56:46 - [TEST_STEP][PASSED] - if (i == 4 &amp;&amp; wildList.indexOf(symbol) != -1): null

2019-08-10 23:56:46 - [TEST_STEP][PASSED] - symbol = symbol: null

2019-08-10 23:56:46 - [TEST_STEP][PASSED] - println(symbol): null

2019-08-10 23:56:46 - [TEST_STEP][PASSED] - if (i == 2 &amp;&amp; wildList.indexOf(symbol) != -1): null

2019-08-10 23:56:46 - [TEST_STEP][PASSED] - if (i == 3 &amp;&amp; wildList.indexOf(symbol) != -1): null

2019-08-10 23:56:46 - [TEST_STEP][PASSED] - if (i == 4 &amp;&amp; wildList.indexOf(symbol) != -1): null

2019-08-10 23:56:46 - [TEST_STEP][PASSED] - symbol = symbol: null

2019-08-10 23:56:46 - [TEST_STEP][PASSED] - println(symbol): null

2019-08-10 23:56:46 - [TEST_STEP][PASSED] - if (i == 2 &amp;&amp; wildList.indexOf(symbol) != -1): null

2019-08-10 23:56:46 - [TEST_STEP][PASSED] - if (i == 3 &amp;&amp; wildList.indexOf(symbol) != -1): null

2019-08-10 23:56:46 - [TEST_STEP][PASSED] - if (i == 4 &amp;&amp; wildList.indexOf(symbol) != -1): null

2019-08-10 23:56:46 - [TEST_STEP][PASSED] - symbols = symbols: null

2019-08-10 23:56:46 - [TEST_STEP][PASSED] - for ([j = 0, j &lt; symbols.size(), (j++)]): null

2019-08-10 23:56:46 - [TEST_STEP][PASSED] - symbol = symbol: null

2019-08-10 23:56:46 - [TEST_STEP][PASSED] - println(symbol): null

2019-08-10 23:56:46 - [TEST_STEP][PASSED] - if (i == 2 &amp;&amp; wildList.indexOf(symbol) != -1): null

2019-08-10 23:56:46 - [TEST_STEP][PASSED] - if (i == 3 &amp;&amp; wildList.indexOf(symbol) != -1): null

2019-08-10 23:56:46 - [TEST_STEP][PASSED] - if (i == 4 &amp;&amp; wildList.indexOf(symbol) != -1): null

2019-08-10 23:56:46 - [TEST_STEP][PASSED] - symbol = symbol: null

2019-08-10 23:56:46 - [TEST_STEP][PASSED] - println(symbol): null

2019-08-10 23:56:46 - [TEST_STEP][PASSED] - if (i == 2 &amp;&amp; wildList.indexOf(symbol) != -1): null

2019-08-10 23:56:46 - [TEST_STEP][PASSED] - if (i == 3 &amp;&amp; wildList.indexOf(symbol) != -1): null

2019-08-10 23:56:46 - [TEST_STEP][PASSED] - if (i == 4 &amp;&amp; wildList.indexOf(symbol) != -1): null

2019-08-10 23:56:46 - [TEST_STEP][PASSED] - symbol = symbol: null

2019-08-10 23:56:46 - [TEST_STEP][PASSED] - println(symbol): null

2019-08-10 23:56:46 - [TEST_STEP][PASSED] - if (i == 2 &amp;&amp; wildList.indexOf(symbol) != -1): null

2019-08-10 23:56:46 - [TEST_STEP][PASSED] - if (i == 3 &amp;&amp; wildList.indexOf(symbol) != -1): null

2019-08-10 23:56:46 - [TEST_STEP][PASSED] - if (i == 4 &amp;&amp; wildList.indexOf(symbol) != -1): null

2019-08-10 23:56:46 - [TEST_STEP][PASSED] - free_spin_reel_counter = free_spin_reel_counter: null

2019-08-10 23:56:46 - [TEST_STEP][PASSED] - println("reel 3 wild found: " + free_spin_reel_counter[0]): null

2019-08-10 23:56:46 - [TEST_STEP][PASSED] - println("reel 4 wild found: " + free_spin_reel_counter[1]): null

2019-08-10 23:56:46 - [TEST_STEP][PASSED] - println("reel 5 wild found: " + free_spin_reel_counter[2]): null

2019-08-10 23:56:46 - [TEST_STEP][PASSED] - M4_spin_reels = M4_spin_reels: null

2019-08-10 23:56:46 - [TEST_STEP][PASSED] - M4_spin_reels_symbols = symbol: null

2019-08-10 23:56:46 - [TEST_STEP][PASSED] - M4_spin_reels_symbols = M4_spin_reels_symbols: null

2019-08-10 23:56:46 - [TEST_STEP][PASSED] - M4_spin_reel_wins = reel_wins: null

2019-08-10 23:56:46 - [TEST_STEP][PASSED] - M4_spin_reel_wins = M4_spin_reel_wins: null

2019-08-10 23:56:46 - [TEST_STEP][PASSED] - println("GlobalVariable.M4_spin_reel_wins is: " + M4_spin_reel_wins): null

2019-08-10 23:56:46 - [TEST_STEP][PASSED] - M4_spin_total_bonus_win_this_round = total_bonus_win_this_round: null

2019-08-10 23:56:46 - [TEST_STEP][PASSED] - M4_spin_total_bonus_win_this_round = M4_spin_total_bonus_win_this_round: null

2019-08-10 23:56:46 - [TEST_STEP][PASSED] - println("GlobalVariable.M4_spin_total_bonus_win_this_round is: " + M4_spin_total_bonus_win_this_round): null

2019-08-10 23:56:46 - [MESSAGE][PASSED] - Verify response successfully

2019-08-10 23:56:46 - [MESSAGE][PASSED] - Send request and verify the response successfully

2019-08-10 23:56:46 - [TEST_STEP][PASSED] - if (M4_total_bonus_spins_int != 0 &amp;&amp; M4_spin_reels_symbols[2].contains("WILD_Double") || M4_spin_reels_symbols[4].contains("WILD_Triple")): null

2019-08-10 23:56:46 - [TEST_STEP][PASSED] - free_spin_reel_counter = free_spin_reel_counter: null

2019-08-10 23:56:46 - [TEST_STEP][PASSED] - M4_spin_reels_symbols = M4_spin_reels_symbols: null

2019-08-10 23:56:46 - [TEST_STEP][PASSED] - M4_total_bonus_spins = M4_total_bonus_spins: null

2019-08-10 23:56:46 - [TEST_STEP][PASSED] - spin_result = sendRequestAndVerify(findTestObject("RGS(M4)/1_M4_spin", ["M4_login_user_id":M4_login_user_id, "rgs_session_token":rgs_session_token, "partner":Partner])): Send request and verify the response successfully

2019-08-10 23:56:47 - [TEST_CASE][PASSED] - Start Test Case : Verification: Verification accomplished successfully

2019-08-10 23:56:47 - [TEST_STEP][PASSED] - request = getInstance().getCurrentRequest(): null

2019-08-10 23:56:47 - [TEST_STEP][PASSED] - response = getInstance().getCurrentResponse(): null

2019-08-10 23:56:47 - [TEST_STEP][PASSED] - verifyResponseStatusCode(response, 200): Verify response status code successfully

2019-08-10 23:56:47 - [MESSAGE][PASSED] - Verify response status code successfully

2019-08-10 23:56:47 - [TEST_STEP][PASSED] - getStatusCode()).isEqualTo(200): null

2019-08-10 23:56:47 - [TEST_STEP][PASSED] - newline = System.getProperty("line.separator"): null

2019-08-10 23:56:47 - [TEST_STEP][PASSED] - M4_spin = new groovy.json.JsonSlurper(): null

2019-08-10 23:56:47 - [TEST_STEP][PASSED] - result_M4_spin = M4_spin.parseText(response.getResponseBodyContent()): null

2019-08-10 23:56:47 - [TEST_STEP][PASSED] - M4_spin_current_balance = current_balance: null

2019-08-10 23:56:47 - [TEST_STEP][PASSED] - M4_spin_current_balance = M4_spin_current_balance: null

2019-08-10 23:56:47 - [TEST_STEP][PASSED] - M4_spin_transaction_id = causality: null

2019-08-10 23:56:47 - [TEST_STEP][PASSED] - M4_spin_transaction_id = M4_spin_transaction_id: null

2019-08-10 23:56:47 - [TEST_STEP][PASSED] - M4_spin_round_id = round_id: null

2019-08-10 23:56:47 - [TEST_STEP][PASSED] - M4_spin_round_id = M4_spin_round_id: null

2019-08-10 23:56:47 - [TEST_STEP][PASSED] - M4_spin_line_wins = line_wins: null

2019-08-10 23:56:47 - [TEST_STEP][PASSED] - M4_spin_line_wins = M4_spin_line_wins: null

2019-08-10 23:56:47 - [TEST_STEP][PASSED] - M4_total_bonus_spins_int = total_bonus_spins: null

2019-08-10 23:56:47 - [TEST_STEP][PASSED] - println("******M4_total_bonus_spins type is:*******" + newline + getClass().getName()): null

2019-08-10 23:56:47 - [TEST_STEP][PASSED] - M4_total_bonus_spins_int = M4_total_bonus_spins_int: null

2019-08-10 23:56:47 - [TEST_STEP][PASSED] - M4_total_bonus_spins = Integer.toString(M4_total_bonus_spins_int): null

2019-08-10 23:56:47 - [TEST_STEP][PASSED] - M4_total_bonus_spins = M4_total_bonus_spins: null

2019-08-10 23:56:47 - [TEST_STEP][PASSED] - println("M4_total_bonus_spins is:" + M4_total_bonus_spins): null

2019-08-10 23:56:47 - [TEST_STEP][PASSED] - M4_spin_bonus_data = bonus_data: null

2019-08-10 23:56:47 - [TEST_STEP][PASSED] - M4_spin_features_triggered = result_M4_spin: null

2019-08-10 23:56:47 - [TEST_STEP][PASSED] - wild = []: null

2019-08-10 23:56:47 - [TEST_STEP][PASSED] - wild[0] = "WILD_Expanding": null

2019-08-10 23:56:47 - [TEST_STEP][PASSED] - wild[1] = "WILD_Normal": null

2019-08-10 23:56:47 - [TEST_STEP][PASSED] - wild[2] = "WILD_Double": null

2019-08-10 23:56:47 - [TEST_STEP][PASSED] - wild[3] = "WILD_ExtraFG": null

2019-08-10 23:56:47 - [TEST_STEP][PASSED] - wild[4] = "WILD_Triple": null

2019-08-10 23:56:47 - [TEST_STEP][PASSED] - wildList = Arrays.asList(wild): null

2019-08-10 23:56:47 - [TEST_STEP][PASSED] - wildList = wildList: null

2019-08-10 23:56:47 - [TEST_STEP][PASSED] - free_spin_reel_counter = []: null

2019-08-10 23:56:47 - [TEST_STEP][PASSED] - free_spin_reel_counter[0] = 0: null

2019-08-10 23:56:47 - [TEST_STEP][PASSED] - free_spin_reel_counter[1] = 0: null

2019-08-10 23:56:47 - [TEST_STEP][PASSED] - free_spin_reel_counter[2] = 0: null

2019-08-10 23:56:47 - [TEST_STEP][PASSED] - M4_spin_reels = reels: null

2019-08-10 23:56:47 - [TEST_STEP][PASSED] - for ([i = 0, i &lt; M4_spin_reels.size(), (i++)]): null

2019-08-10 23:56:47 - [TEST_STEP][PASSED] - symbols = symbols: null

2019-08-10 23:56:47 - [TEST_STEP][PASSED] - for ([j = 0, j &lt; symbols.size(), (j++)]): null

2019-08-10 23:56:47 - [TEST_STEP][PASSED] - symbol = symbol: null

2019-08-10 23:56:47 - [TEST_STEP][PASSED] - println(symbol): null

2019-08-10 23:56:47 - [TEST_STEP][PASSED] - if (i == 2 &amp;&amp; wildList.indexOf(symbol) != -1): null

2019-08-10 23:56:47 - [TEST_STEP][PASSED] - if (i == 3 &amp;&amp; wildList.indexOf(symbol) != -1): null

2019-08-10 23:56:47 - [TEST_STEP][PASSED] - if (i == 4 &amp;&amp; wildList.indexOf(symbol) != -1): null

2019-08-10 23:56:47 - [TEST_STEP][PASSED] - symbol = symbol: null

2019-08-10 23:56:47 - [TEST_STEP][PASSED] - println(symbol): null

2019-08-10 23:56:47 - [TEST_STEP][PASSED] - if (i == 2 &amp;&amp; wildList.indexOf(symbol) != -1): null

2019-08-10 23:56:47 - [TEST_STEP][PASSED] - if (i == 3 &amp;&amp; wildList.indexOf(symbol) != -1): null

2019-08-10 23:56:47 - [TEST_STEP][PASSED] - if (i == 4 &amp;&amp; wildList.indexOf(symbol) != -1): null

2019-08-10 23:56:47 - [TEST_STEP][PASSED] - symbol = symbol: null

2019-08-10 23:56:47 - [TEST_STEP][PASSED] - println(symbol): null

2019-08-10 23:56:47 - [TEST_STEP][PASSED] - if (i == 2 &amp;&amp; wildList.indexOf(symbol) != -1): null

2019-08-10 23:56:47 - [TEST_STEP][PASSED] - if (i == 3 &amp;&amp; wildList.indexOf(symbol) != -1): null

2019-08-10 23:56:47 - [TEST_STEP][PASSED] - if (i == 4 &amp;&amp; wildList.indexOf(symbol) != -1): null

2019-08-10 23:56:47 - [TEST_STEP][PASSED] - symbols = symbols: null

2019-08-10 23:56:47 - [TEST_STEP][PASSED] - for ([j = 0, j &lt; symbols.size(), (j++)]): null

2019-08-10 23:56:47 - [TEST_STEP][PASSED] - symbol = symbol: null

2019-08-10 23:56:47 - [TEST_STEP][PASSED] - println(symbol): null

2019-08-10 23:56:47 - [TEST_STEP][PASSED] - if (i == 2 &amp;&amp; wildList.indexOf(symbol) != -1): null

2019-08-10 23:56:47 - [TEST_STEP][PASSED] - if (i == 3 &amp;&amp; wildList.indexOf(symbol) != -1): null

2019-08-10 23:56:47 - [TEST_STEP][PASSED] - if (i == 4 &amp;&amp; wildList.indexOf(symbol) != -1): null

2019-08-10 23:56:47 - [TEST_STEP][PASSED] - symbol = symbol: null

2019-08-10 23:56:47 - [TEST_STEP][PASSED] - println(symbol): null

2019-08-10 23:56:47 - [TEST_STEP][PASSED] - if (i == 2 &amp;&amp; wildList.indexOf(symbol) != -1): null

2019-08-10 23:56:47 - [TEST_STEP][PASSED] - if (i == 3 &amp;&amp; wildList.indexOf(symbol) != -1): null

2019-08-10 23:56:47 - [TEST_STEP][PASSED] - if (i == 4 &amp;&amp; wildList.indexOf(symbol) != -1): null

2019-08-10 23:56:47 - [TEST_STEP][PASSED] - symbol = symbol: null

2019-08-10 23:56:47 - [TEST_STEP][PASSED] - println(symbol): null

2019-08-10 23:56:47 - [TEST_STEP][PASSED] - if (i == 2 &amp;&amp; wildList.indexOf(symbol) != -1): null

2019-08-10 23:56:47 - [TEST_STEP][PASSED] - if (i == 3 &amp;&amp; wildList.indexOf(symbol) != -1): null

2019-08-10 23:56:51 - [TEST_STEP][PASSED] - if (i == 4 &amp;&amp; wildList.indexOf(symbol) != -1): null

2019-08-10 23:56:51 - [TEST_STEP][PASSED] - symbols = symbols: null

2019-08-10 23:56:51 - [TEST_STEP][PASSED] - for ([j = 0, j &lt; symbols.size(), (j++)]): null

2019-08-10 23:56:51 - [TEST_STEP][PASSED] - symbol = symbol: null

2019-08-10 23:56:51 - [TEST_STEP][PASSED] - println(symbol): null

2019-08-10 23:56:51 - [TEST_STEP][PASSED] - if (i == 2 &amp;&amp; wildList.indexOf(symbol) != -1): null

2019-08-10 23:56:51 - [TEST_STEP][PASSED] - if (i == 3 &amp;&amp; wildList.indexOf(symbol) != -1): null

2019-08-10 23:56:51 - [TEST_STEP][PASSED] - if (i == 4 &amp;&amp; wildList.indexOf(symbol) != -1): null

2019-08-10 23:56:51 - [TEST_STEP][PASSED] - symbol = symbol: null

2019-08-10 23:56:51 - [TEST_STEP][PASSED] - println(symbol): null

2019-08-10 23:56:51 - [TEST_STEP][PASSED] - if (i == 2 &amp;&amp; wildList.indexOf(symbol) != -1): null

2019-08-10 23:56:51 - [TEST_STEP][PASSED] - println("wild found on reel 3, adding counter by 1"): null

2019-08-10 23:56:51 - [TEST_STEP][PASSED] - free_spin_reel_counter[0] = free_spin_reel_counter[0] + 1: null

2019-08-10 23:56:51 - [TEST_STEP][PASSED] - if (i == 3 &amp;&amp; wildList.indexOf(symbol) != -1): null

2019-08-10 23:56:51 - [TEST_STEP][PASSED] - if (i == 4 &amp;&amp; wildList.indexOf(symbol) != -1): null

2019-08-10 23:56:51 - [TEST_STEP][PASSED] - symbol = symbol: null

2019-08-10 23:56:51 - [TEST_STEP][PASSED] - println(symbol): null

2019-08-10 23:56:51 - [TEST_STEP][PASSED] - if (i == 2 &amp;&amp; wildList.indexOf(symbol) != -1): null

2019-08-10 23:56:51 - [TEST_STEP][PASSED] - if (i == 3 &amp;&amp; wildList.indexOf(symbol) != -1): null

2019-08-10 23:56:51 - [TEST_STEP][PASSED] - if (i == 4 &amp;&amp; wildList.indexOf(symbol) != -1): null

2019-08-10 23:56:51 - [TEST_STEP][PASSED] - symbols = symbols: null

2019-08-10 23:56:51 - [TEST_STEP][PASSED] - for ([j = 0, j &lt; symbols.size(), (j++)]): null

2019-08-10 23:56:51 - [TEST_STEP][PASSED] - symbol = symbol: null

2019-08-10 23:56:51 - [TEST_STEP][PASSED] - println(symbol): null

2019-08-10 23:56:51 - [TEST_STEP][PASSED] - if (i == 2 &amp;&amp; wildList.indexOf(symbol) != -1): null

2019-08-10 23:56:51 - [TEST_STEP][PASSED] - if (i == 3 &amp;&amp; wildList.indexOf(symbol) != -1): null

2019-08-10 23:56:51 - [TEST_STEP][PASSED] - if (i == 4 &amp;&amp; wildList.indexOf(symbol) != -1): null

2019-08-10 23:56:51 - [TEST_STEP][PASSED] - symbol = symbol: null

2019-08-10 23:56:51 - [TEST_STEP][PASSED] - println(symbol): null

2019-08-10 23:56:51 - [TEST_STEP][PASSED] - if (i == 2 &amp;&amp; wildList.indexOf(symbol) != -1): null

2019-08-10 23:56:51 - [TEST_STEP][PASSED] - if (i == 3 &amp;&amp; wildList.indexOf(symbol) != -1): null

2019-08-10 23:56:51 - [TEST_STEP][PASSED] - if (i == 4 &amp;&amp; wildList.indexOf(symbol) != -1): null

2019-08-10 23:56:51 - [TEST_STEP][PASSED] - symbol = symbol: null

2019-08-10 23:56:51 - [TEST_STEP][PASSED] - println(symbol): null

2019-08-10 23:56:51 - [TEST_STEP][PASSED] - if (i == 2 &amp;&amp; wildList.indexOf(symbol) != -1): null

2019-08-10 23:56:51 - [TEST_STEP][PASSED] - if (i == 3 &amp;&amp; wildList.indexOf(symbol) != -1): null

2019-08-10 23:56:51 - [TEST_STEP][PASSED] - if (i == 4 &amp;&amp; wildList.indexOf(symbol) != -1): null

2019-08-10 23:56:51 - [TEST_STEP][PASSED] - symbols = symbols: null

2019-08-10 23:56:51 - [TEST_STEP][PASSED] - for ([j = 0, j &lt; symbols.size(), (j++)]): null

2019-08-10 23:56:51 - [TEST_STEP][PASSED] - symbol = symbol: null

2019-08-10 23:56:51 - [TEST_STEP][PASSED] - println(symbol): null

2019-08-10 23:56:51 - [TEST_STEP][PASSED] - if (i == 2 &amp;&amp; wildList.indexOf(symbol) != -1): null

2019-08-10 23:56:51 - [TEST_STEP][PASSED] - if (i == 3 &amp;&amp; wildList.indexOf(symbol) != -1): null

2019-08-10 23:56:51 - [TEST_STEP][PASSED] - if (i == 4 &amp;&amp; wildList.indexOf(symbol) != -1): null

2019-08-10 23:56:51 - [TEST_STEP][PASSED] - symbol = symbol: null

2019-08-10 23:56:51 - [TEST_STEP][PASSED] - println(symbol): null

2019-08-10 23:56:51 - [TEST_STEP][PASSED] - if (i == 2 &amp;&amp; wildList.indexOf(symbol) != -1): null

2019-08-10 23:56:51 - [TEST_STEP][PASSED] - if (i == 3 &amp;&amp; wildList.indexOf(symbol) != -1): null

2019-08-10 23:56:51 - [TEST_STEP][PASSED] - if (i == 4 &amp;&amp; wildList.indexOf(symbol) != -1): null

2019-08-10 23:56:51 - [TEST_STEP][PASSED] - symbol = symbol: null

2019-08-10 23:56:51 - [TEST_STEP][PASSED] - println(symbol): null

2019-08-10 23:56:51 - [TEST_STEP][PASSED] - if (i == 2 &amp;&amp; wildList.indexOf(symbol) != -1): null

2019-08-10 23:56:51 - [TEST_STEP][PASSED] - if (i == 3 &amp;&amp; wildList.indexOf(symbol) != -1): null

2019-08-10 23:56:51 - [TEST_STEP][PASSED] - if (i == 4 &amp;&amp; wildList.indexOf(symbol) != -1): null

2019-08-10 23:56:51 - [TEST_STEP][PASSED] - free_spin_reel_counter = free_spin_reel_counter: null

2019-08-10 23:56:51 - [TEST_STEP][PASSED] - println("reel 3 wild found: " + free_spin_reel_counter[0]): null

2019-08-10 23:56:51 - [TEST_STEP][PASSED] - println("reel 4 wild found: " + free_spin_reel_counter[1]): null

2019-08-10 23:56:51 - [TEST_STEP][PASSED] - println("reel 5 wild found: " + free_spin_reel_counter[2]): null

2019-08-10 23:56:51 - [TEST_STEP][PASSED] - M4_spin_reels = M4_spin_reels: null

2019-08-10 23:56:51 - [TEST_STEP][PASSED] - M4_spin_reels_symbols = symbol: null

2019-08-10 23:56:51 - [TEST_STEP][PASSED] - M4_spin_reels_symbols = M4_spin_reels_symbols: null

2019-08-10 23:56:51 - [TEST_STEP][PASSED] - M4_spin_reel_wins = reel_wins: null

2019-08-10 23:56:51 - [TEST_STEP][PASSED] - M4_spin_reel_wins = M4_spin_reel_wins: null

2019-08-10 23:56:51 - [TEST_STEP][PASSED] - println("GlobalVariable.M4_spin_reel_wins is: " + M4_spin_reel_wins): null

2019-08-10 23:56:51 - [TEST_STEP][PASSED] - M4_spin_total_bonus_win_this_round = total_bonus_win_this_round: null

2019-08-10 23:56:51 - [TEST_STEP][PASSED] - M4_spin_total_bonus_win_this_round = M4_spin_total_bonus_win_this_round: null

2019-08-10 23:56:51 - [TEST_STEP][PASSED] - println("GlobalVariable.M4_spin_total_bonus_win_this_round is: " + M4_spin_total_bonus_win_this_round): null

2019-08-10 23:56:51 - [MESSAGE][PASSED] - Verify response successfully

2019-08-10 23:56:51 - [MESSAGE][PASSED] - Send request and verify the response successfully

2019-08-10 23:56:51 - [TEST_STEP][PASSED] - if (M4_total_bonus_spins_int != 0 &amp;&amp; M4_spin_reels_symbols[2].contains("WILD_Double") || M4_spin_reels_symbols[4].contains("WILD_Triple")): null

2019-08-10 23:56:51 - [TEST_STEP][PASSED] - free_spin_reel_counter = free_spin_reel_counter: null

2019-08-10 23:56:51 - [TEST_STEP][PASSED] - M4_spin_reels_symbols = M4_spin_reels_symbols: null

2019-08-10 23:56:51 - [TEST_STEP][PASSED] - M4_total_bonus_spins = M4_total_bonus_spins: null

2019-08-10 23:56:51 - [TEST_STEP][PASSED] - spin_result = sendRequestAndVerify(findTestObject("RGS(M4)/1_M4_spin", ["M4_login_user_id":M4_login_user_id, "rgs_session_token":rgs_session_token, "partner":Partner])): Send request and verify the response successfully

2019-08-10 23:56:51 - [TEST_CASE][PASSED] - Start Test Case : Verification: Verification accomplished successfully

2019-08-10 23:56:51 - [TEST_STEP][PASSED] - request = getInstance().getCurrentRequest(): null

2019-08-10 23:56:51 - [TEST_STEP][PASSED] - response = getInstance().getCurrentResponse(): null

2019-08-10 23:56:51 - [TEST_STEP][PASSED] - verifyResponseStatusCode(response, 200): Verify response status code successfully

2019-08-10 23:56:51 - [MESSAGE][PASSED] - Verify response status code successfully

2019-08-10 23:56:51 - [TEST_STEP][PASSED] - getStatusCode()).isEqualTo(200): null

2019-08-10 23:56:51 - [TEST_STEP][PASSED] - newline = System.getProperty("line.separator"): null

2019-08-10 23:56:51 - [TEST_STEP][PASSED] - M4_spin = new groovy.json.JsonSlurper(): null

2019-08-10 23:56:51 - [TEST_STEP][PASSED] - result_M4_spin = M4_spin.parseText(response.getResponseBodyContent()): null

2019-08-10 23:56:51 - [TEST_STEP][PASSED] - M4_spin_current_balance = current_balance: null

2019-08-10 23:56:51 - [TEST_STEP][PASSED] - M4_spin_current_balance = M4_spin_current_balance: null

2019-08-10 23:56:51 - [TEST_STEP][PASSED] - M4_spin_transaction_id = causality: null

2019-08-10 23:56:51 - [TEST_STEP][PASSED] - M4_spin_transaction_id = M4_spin_transaction_id: null

2019-08-10 23:56:51 - [TEST_STEP][PASSED] - M4_spin_round_id = round_id: null

2019-08-10 23:56:51 - [TEST_STEP][PASSED] - M4_spin_round_id = M4_spin_round_id: null

2019-08-10 23:56:51 - [TEST_STEP][PASSED] - M4_spin_line_wins = line_wins: null

2019-08-10 23:56:51 - [TEST_STEP][PASSED] - M4_spin_line_wins = M4_spin_line_wins: null

2019-08-10 23:56:51 - [TEST_STEP][PASSED] - M4_total_bonus_spins_int = total_bonus_spins: null

2019-08-10 23:56:51 - [TEST_STEP][PASSED] - println("******M4_total_bonus_spins type is:*******" + newline + getClass().getName()): null

2019-08-10 23:56:51 - [TEST_STEP][PASSED] - M4_total_bonus_spins_int = M4_total_bonus_spins_int: null

2019-08-10 23:56:51 - [TEST_STEP][PASSED] - M4_total_bonus_spins = Integer.toString(M4_total_bonus_spins_int): null

2019-08-10 23:56:51 - [TEST_STEP][PASSED] - M4_total_bonus_spins = M4_total_bonus_spins: null

2019-08-10 23:56:51 - [TEST_STEP][PASSED] - println("M4_total_bonus_spins is:" + M4_total_bonus_spins): null

2019-08-10 23:56:51 - [TEST_STEP][PASSED] - M4_spin_bonus_data = bonus_data: null

2019-08-10 23:56:51 - [TEST_STEP][PASSED] - M4_spin_features_triggered = result_M4_spin: null

2019-08-10 23:56:51 - [TEST_STEP][PASSED] - wild = []: null

2019-08-10 23:56:51 - [TEST_STEP][PASSED] - wild[0] = "WILD_Expanding": null

2019-08-10 23:56:51 - [TEST_STEP][PASSED] - wild[1] = "WILD_Normal": null

2019-08-10 23:56:51 - [TEST_STEP][PASSED] - wild[2] = "WILD_Double": null

2019-08-10 23:56:51 - [TEST_STEP][PASSED] - wild[3] = "WILD_ExtraFG": null

2019-08-10 23:56:51 - [TEST_STEP][PASSED] - wild[4] = "WILD_Triple": null

2019-08-10 23:56:51 - [TEST_STEP][PASSED] - wildList = Arrays.asList(wild): null

2019-08-10 23:56:51 - [TEST_STEP][PASSED] - wildList = wildList: null

2019-08-10 23:56:51 - [TEST_STEP][PASSED] - free_spin_reel_counter = []: null

2019-08-10 23:56:51 - [TEST_STEP][PASSED] - free_spin_reel_counter[0] = 0: null

2019-08-10 23:56:51 - [TEST_STEP][PASSED] - free_spin_reel_counter[1] = 0: null

2019-08-10 23:56:51 - [TEST_STEP][PASSED] - free_spin_reel_counter[2] = 0: null

2019-08-10 23:56:51 - [TEST_STEP][PASSED] - M4_spin_reels = reels: null

2019-08-10 23:56:51 - [TEST_STEP][PASSED] - for ([i = 0, i &lt; M4_spin_reels.size(), (i++)]): null

2019-08-10 23:56:51 - [TEST_STEP][PASSED] - symbols = symbols: null

2019-08-10 23:56:51 - [TEST_STEP][PASSED] - for ([j = 0, j &lt; symbols.size(), (j++)]): null

2019-08-10 23:56:51 - [TEST_STEP][PASSED] - symbol = symbol: null

2019-08-10 23:56:51 - [TEST_STEP][PASSED] - println(symbol): null

2019-08-10 23:56:51 - [TEST_STEP][PASSED] - if (i == 2 &amp;&amp; wildList.indexOf(symbol) != -1): null

2019-08-10 23:56:51 - [TEST_STEP][PASSED] - if (i == 3 &amp;&amp; wildList.indexOf(symbol) != -1): null

2019-08-10 23:56:51 - [TEST_STEP][PASSED] - if (i == 4 &amp;&amp; wildList.indexOf(symbol) != -1): null

2019-08-10 23:56:51 - [TEST_STEP][PASSED] - symbol = symbol: null

2019-08-10 23:56:51 - [TEST_STEP][PASSED] - println(symbol): null

2019-08-10 23:56:51 - [TEST_STEP][PASSED] - if (i == 2 &amp;&amp; wildList.indexOf(symbol) != -1): null

2019-08-10 23:56:51 - [TEST_STEP][PASSED] - if (i == 3 &amp;&amp; wildList.indexOf(symbol) != -1): null

2019-08-10 23:56:51 - [TEST_STEP][PASSED] - if (i == 4 &amp;&amp; wildList.indexOf(symbol) != -1): null

2019-08-10 23:56:51 - [TEST_STEP][PASSED] - symbol = symbol: null

2019-08-10 23:56:51 - [TEST_STEP][PASSED] - println(symbol): null

2019-08-10 23:56:51 - [TEST_STEP][PASSED] - if (i == 2 &amp;&amp; wildList.indexOf(symbol) != -1): null

2019-08-10 23:56:51 - [TEST_STEP][PASSED] - if (i == 3 &amp;&amp; wildList.indexOf(symbol) != -1): null

2019-08-10 23:56:51 - [TEST_STEP][PASSED] - if (i == 4 &amp;&amp; wildList.indexOf(symbol) != -1): null

2019-08-10 23:56:51 - [TEST_STEP][PASSED] - symbols = symbols: null

2019-08-10 23:56:51 - [TEST_STEP][PASSED] - for ([j = 0, j &lt; symbols.size(), (j++)]): null

2019-08-10 23:56:51 - [TEST_STEP][PASSED] - symbol = symbol: null

2019-08-10 23:56:51 - [TEST_STEP][PASSED] - println(symbol): null

2019-08-10 23:56:51 - [TEST_STEP][PASSED] - if (i == 2 &amp;&amp; wildList.indexOf(symbol) != -1): null

2019-08-10 23:56:51 - [TEST_STEP][PASSED] - if (i == 3 &amp;&amp; wildList.indexOf(symbol) != -1): null

2019-08-10 23:56:51 - [TEST_STEP][PASSED] - if (i == 4 &amp;&amp; wildList.indexOf(symbol) != -1): null

2019-08-10 23:56:51 - [TEST_STEP][PASSED] - symbol = symbol: null

2019-08-10 23:56:51 - [TEST_STEP][PASSED] - println(symbol): null

2019-08-10 23:56:51 - [TEST_STEP][PASSED] - if (i == 2 &amp;&amp; wildList.indexOf(symbol) != -1): null

2019-08-10 23:56:51 - [TEST_STEP][PASSED] - if (i == 3 &amp;&amp; wildList.indexOf(symbol) != -1): null

2019-08-10 23:56:51 - [TEST_STEP][PASSED] - if (i == 4 &amp;&amp; wildList.indexOf(symbol) != -1): null

2019-08-10 23:56:51 - [TEST_STEP][PASSED] - symbol = symbol: null

2019-08-10 23:56:51 - [TEST_STEP][PASSED] - println(symbol): null

2019-08-10 23:56:51 - [TEST_STEP][PASSED] - if (i == 2 &amp;&amp; wildList.indexOf(symbol) != -1): null

2019-08-10 23:56:51 - [TEST_STEP][PASSED] - if (i == 3 &amp;&amp; wildList.indexOf(symbol) != -1): null

2019-08-10 23:56:51 - [TEST_STEP][PASSED] - if (i == 4 &amp;&amp; wildList.indexOf(symbol) != -1): null

2019-08-10 23:56:51 - [TEST_STEP][PASSED] - symbols = symbols: null

2019-08-10 23:56:51 - [TEST_STEP][PASSED] - for ([j = 0, j &lt; symbols.size(), (j++)]): null

2019-08-10 23:56:51 - [TEST_STEP][PASSED] - symbol = symbol: null

2019-08-10 23:56:51 - [TEST_STEP][PASSED] - println(symbol): null

2019-08-10 23:56:51 - [TEST_STEP][PASSED] - if (i == 2 &amp;&amp; wildList.indexOf(symbol) != -1): null

2019-08-10 23:56:51 - [TEST_STEP][PASSED] - if (i == 3 &amp;&amp; wildList.indexOf(symbol) != -1): null

2019-08-10 23:56:51 - [TEST_STEP][PASSED] - if (i == 4 &amp;&amp; wildList.indexOf(symbol) != -1): null

2019-08-10 23:56:51 - [TEST_STEP][PASSED] - symbol = symbol: null

2019-08-10 23:56:51 - [TEST_STEP][PASSED] - println(symbol): null

2019-08-10 23:56:51 - [TEST_STEP][PASSED] - if (i == 2 &amp;&amp; wildList.indexOf(symbol) != -1): null

2019-08-10 23:56:51 - [TEST_STEP][PASSED] - if (i == 3 &amp;&amp; wildList.indexOf(symbol) != -1): null

2019-08-10 23:56:51 - [TEST_STEP][PASSED] - if (i == 4 &amp;&amp; wildList.indexOf(symbol) != -1): null

2019-08-10 23:56:51 - [TEST_STEP][PASSED] - symbol = symbol: null

2019-08-10 23:56:51 - [TEST_STEP][PASSED] - println(symbol): null

2019-08-10 23:56:51 - [TEST_STEP][PASSED] - if (i == 2 &amp;&amp; wildList.indexOf(symbol) != -1): null

2019-08-10 23:56:51 - [TEST_STEP][PASSED] - if (i == 3 &amp;&amp; wildList.indexOf(symbol) != -1): null

2019-08-10 23:56:51 - [TEST_STEP][PASSED] - if (i == 4 &amp;&amp; wildList.indexOf(symbol) != -1): null

2019-08-10 23:56:51 - [TEST_STEP][PASSED] - symbols = symbols: null

2019-08-10 23:56:51 - [TEST_STEP][PASSED] - for ([j = 0, j &lt; symbols.size(), (j++)]): null

2019-08-10 23:56:51 - [TEST_STEP][PASSED] - symbol = symbol: null

2019-08-10 23:56:51 - [TEST_STEP][PASSED] - println(symbol): null

2019-08-10 23:56:51 - [TEST_STEP][PASSED] - if (i == 2 &amp;&amp; wildList.indexOf(symbol) != -1): null

2019-08-10 23:56:51 - [TEST_STEP][PASSED] - if (i == 3 &amp;&amp; wildList.indexOf(symbol) != -1): null

2019-08-10 23:56:51 - [TEST_STEP][PASSED] - if (i == 4 &amp;&amp; wildList.indexOf(symbol) != -1): null

2019-08-10 23:56:51 - [TEST_STEP][PASSED] - symbol = symbol: null

2019-08-10 23:56:51 - [TEST_STEP][PASSED] - println(symbol): null

2019-08-10 23:56:51 - [TEST_STEP][PASSED] - if (i == 2 &amp;&amp; wildList.indexOf(symbol) != -1): null

2019-08-10 23:56:51 - [TEST_STEP][PASSED] - if (i == 3 &amp;&amp; wildList.indexOf(symbol) != -1): null

2019-08-10 23:56:51 - [TEST_STEP][PASSED] - if (i == 4 &amp;&amp; wildList.indexOf(symbol) != -1): null

2019-08-10 23:56:51 - [TEST_STEP][PASSED] - symbol = symbol: null

2019-08-10 23:56:51 - [TEST_STEP][PASSED] - println(symbol): null

2019-08-10 23:56:51 - [TEST_STEP][PASSED] - if (i == 2 &amp;&amp; wildList.indexOf(symbol) != -1): null

2019-08-10 23:56:51 - [TEST_STEP][PASSED] - if (i == 3 &amp;&amp; wildList.indexOf(symbol) != -1): null

2019-08-10 23:56:51 - [TEST_STEP][PASSED] - if (i == 4 &amp;&amp; wildList.indexOf(symbol) != -1): null

2019-08-10 23:56:51 - [TEST_STEP][PASSED] - symbols = symbols: null

2019-08-10 23:56:51 - [TEST_STEP][PASSED] - for ([j = 0, j &lt; symbols.size(), (j++)]): null

2019-08-10 23:56:51 - [TEST_STEP][PASSED] - symbol = symbol: null

2019-08-10 23:56:51 - [TEST_STEP][PASSED] - println(symbol): null

2019-08-10 23:56:51 - [TEST_STEP][PASSED] - if (i == 2 &amp;&amp; wildList.indexOf(symbol) != -1): null

2019-08-10 23:56:51 - [TEST_STEP][PASSED] - if (i == 3 &amp;&amp; wildList.indexOf(symbol) != -1): null

2019-08-10 23:56:51 - [TEST_STEP][PASSED] - if (i == 4 &amp;&amp; wildList.indexOf(symbol) != -1): null

2019-08-10 23:56:51 - [TEST_STEP][PASSED] - symbol = symbol: null

2019-08-10 23:56:51 - [TEST_STEP][PASSED] - println(symbol): null

2019-08-10 23:56:51 - [TEST_STEP][PASSED] - if (i == 2 &amp;&amp; wildList.indexOf(symbol) != -1): null

2019-08-10 23:56:51 - [TEST_STEP][PASSED] - if (i == 3 &amp;&amp; wildList.indexOf(symbol) != -1): null

2019-08-10 23:56:51 - [TEST_STEP][PASSED] - if (i == 4 &amp;&amp; wildList.indexOf(symbol) != -1): null

2019-08-10 23:56:51 - [TEST_STEP][PASSED] - symbol = symbol: null

2019-08-10 23:56:51 - [TEST_STEP][PASSED] - println(symbol): null

2019-08-10 23:56:51 - [TEST_STEP][PASSED] - if (i == 2 &amp;&amp; wildList.indexOf(symbol) != -1): null

2019-08-10 23:56:51 - [TEST_STEP][PASSED] - if (i == 3 &amp;&amp; wildList.indexOf(symbol) != -1): null

2019-08-10 23:56:51 - [TEST_STEP][PASSED] - if (i == 4 &amp;&amp; wildList.indexOf(symbol) != -1): null

2019-08-10 23:56:51 - [TEST_STEP][PASSED] - free_spin_reel_counter = free_spin_reel_counter: null

2019-08-10 23:56:51 - [TEST_STEP][PASSED] - println("reel 3 wild found: " + free_spin_reel_counter[0]): null

2019-08-10 23:56:51 - [TEST_STEP][PASSED] - println("reel 4 wild found: " + free_spin_reel_counter[1]): null

2019-08-10 23:56:51 - [TEST_STEP][PASSED] - println("reel 5 wild found: " + free_spin_reel_counter[2]): null

2019-08-10 23:56:51 - [TEST_STEP][PASSED] - M4_spin_reels = M4_spin_reels: null

2019-08-10 23:56:51 - [TEST_STEP][PASSED] - M4_spin_reels_symbols = symbol: null

2019-08-10 23:56:51 - [TEST_STEP][PASSED] - M4_spin_reels_symbols = M4_spin_reels_symbols: null

2019-08-10 23:56:51 - [TEST_STEP][PASSED] - M4_spin_reel_wins = reel_wins: null

2019-08-10 23:56:51 - [TEST_STEP][PASSED] - M4_spin_reel_wins = M4_spin_reel_wins: null

2019-08-10 23:56:51 - [TEST_STEP][PASSED] - println("GlobalVariable.M4_spin_reel_wins is: " + M4_spin_reel_wins): null

2019-08-10 23:56:51 - [TEST_STEP][PASSED] - M4_spin_total_bonus_win_this_round = total_bonus_win_this_round: null

2019-08-10 23:56:51 - [TEST_STEP][PASSED] - M4_spin_total_bonus_win_this_round = M4_spin_total_bonus_win_this_round: null

2019-08-10 23:56:51 - [TEST_STEP][PASSED] - println("GlobalVariable.M4_spin_total_bonus_win_this_round is: " + M4_spin_total_bonus_win_this_round): null

2019-08-10 23:56:51 - [MESSAGE][PASSED] - Verify response successfully

2019-08-10 23:56:51 - [MESSAGE][PASSED] - Send request and verify the response successfully

2019-08-10 23:56:51 - [TEST_STEP][PASSED] - if (M4_total_bonus_spins_int != 0 &amp;&amp; M4_spin_reels_symbols[2].contains("WILD_Double") || M4_spin_reels_symbols[4].contains("WILD_Triple")): null

2019-08-10 23:56:51 - [TEST_STEP][PASSED] - free_spin_reel_counter = free_spin_reel_counter: null

2019-08-10 23:56:51 - [TEST_STEP][PASSED] - M4_spin_reels_symbols = M4_spin_reels_symbols: null

2019-08-10 23:56:51 - [TEST_STEP][PASSED] - M4_total_bonus_spins = M4_total_bonus_spins: null

2019-08-10 23:56:51 - [TEST_STEP][PASSED] - spin_result = sendRequestAndVerify(findTestObject("RGS(M4)/1_M4_spin", ["M4_login_user_id":M4_login_user_id, "rgs_session_token":rgs_session_token, "partner":Partner])): Send request and verify the response successfully

2019-08-10 23:56:52 - [TEST_CASE][PASSED] - Start Test Case : Verification: Verification accomplished successfully

2019-08-10 23:56:52 - [TEST_STEP][PASSED] - request = getInstance().getCurrentRequest(): null

2019-08-10 23:56:52 - [TEST_STEP][PASSED] - response = getInstance().getCurrentResponse(): null

2019-08-10 23:56:52 - [TEST_STEP][PASSED] - verifyResponseStatusCode(response, 200): Verify response status code successfully

2019-08-10 23:56:52 - [MESSAGE][PASSED] - Verify response status code successfully

2019-08-10 23:56:52 - [TEST_STEP][PASSED] - getStatusCode()).isEqualTo(200): null

2019-08-10 23:56:52 - [TEST_STEP][PASSED] - newline = System.getProperty("line.separator"): null

2019-08-10 23:56:52 - [TEST_STEP][PASSED] - M4_spin = new groovy.json.JsonSlurper(): null

2019-08-10 23:56:52 - [TEST_STEP][PASSED] - result_M4_spin = M4_spin.parseText(response.getResponseBodyContent()): null

2019-08-10 23:56:52 - [TEST_STEP][PASSED] - M4_spin_current_balance = current_balance: null

2019-08-10 23:56:52 - [TEST_STEP][PASSED] - M4_spin_current_balance = M4_spin_current_balance: null

2019-08-10 23:56:52 - [TEST_STEP][PASSED] - M4_spin_transaction_id = causality: null

2019-08-10 23:56:52 - [TEST_STEP][PASSED] - M4_spin_transaction_id = M4_spin_transaction_id: null

2019-08-10 23:56:52 - [TEST_STEP][PASSED] - M4_spin_round_id = round_id: null

2019-08-10 23:56:52 - [TEST_STEP][PASSED] - M4_spin_round_id = M4_spin_round_id: null

2019-08-10 23:56:52 - [TEST_STEP][PASSED] - M4_spin_line_wins = line_wins: null

2019-08-10 23:56:52 - [TEST_STEP][PASSED] - M4_spin_line_wins = M4_spin_line_wins: null

2019-08-10 23:56:52 - [TEST_STEP][PASSED] - M4_total_bonus_spins_int = total_bonus_spins: null

2019-08-10 23:56:52 - [TEST_STEP][PASSED] - println("******M4_total_bonus_spins type is:*******" + newline + getClass().getName()): null

2019-08-10 23:56:52 - [TEST_STEP][PASSED] - M4_total_bonus_spins_int = M4_total_bonus_spins_int: null

2019-08-10 23:56:52 - [TEST_STEP][PASSED] - M4_total_bonus_spins = Integer.toString(M4_total_bonus_spins_int): null

2019-08-10 23:56:52 - [TEST_STEP][PASSED] - M4_total_bonus_spins = M4_total_bonus_spins: null

2019-08-10 23:56:52 - [TEST_STEP][PASSED] - println("M4_total_bonus_spins is:" + M4_total_bonus_spins): null

2019-08-10 23:56:52 - [TEST_STEP][PASSED] - M4_spin_bonus_data = bonus_data: null

2019-08-10 23:56:52 - [TEST_STEP][PASSED] - M4_spin_features_triggered = result_M4_spin: null

2019-08-10 23:56:52 - [TEST_STEP][PASSED] - wild = []: null

2019-08-10 23:56:52 - [TEST_STEP][PASSED] - wild[0] = "WILD_Expanding": null

2019-08-10 23:56:52 - [TEST_STEP][PASSED] - wild[1] = "WILD_Normal": null

2019-08-10 23:56:52 - [TEST_STEP][PASSED] - wild[2] = "WILD_Double": null

2019-08-10 23:56:52 - [TEST_STEP][PASSED] - wild[3] = "WILD_ExtraFG": null

2019-08-10 23:56:52 - [TEST_STEP][PASSED] - wild[4] = "WILD_Triple": null

2019-08-10 23:56:52 - [TEST_STEP][PASSED] - wildList = Arrays.asList(wild): null

2019-08-10 23:56:52 - [TEST_STEP][PASSED] - wildList = wildList: null

2019-08-10 23:56:52 - [TEST_STEP][PASSED] - free_spin_reel_counter = []: null

2019-08-10 23:56:52 - [TEST_STEP][PASSED] - free_spin_reel_counter[0] = 0: null

2019-08-10 23:56:52 - [TEST_STEP][PASSED] - free_spin_reel_counter[1] = 0: null

2019-08-10 23:56:52 - [TEST_STEP][PASSED] - free_spin_reel_counter[2] = 0: null

2019-08-10 23:56:52 - [TEST_STEP][PASSED] - M4_spin_reels = reels: null

2019-08-10 23:56:52 - [TEST_STEP][PASSED] - for ([i = 0, i &lt; M4_spin_reels.size(), (i++)]): null

2019-08-10 23:56:52 - [TEST_STEP][PASSED] - symbols = symbols: null

2019-08-10 23:56:52 - [TEST_STEP][PASSED] - for ([j = 0, j &lt; symbols.size(), (j++)]): null

2019-08-10 23:56:52 - [TEST_STEP][PASSED] - symbol = symbol: null

2019-08-10 23:56:52 - [TEST_STEP][PASSED] - println(symbol): null

2019-08-10 23:56:52 - [TEST_STEP][PASSED] - if (i == 2 &amp;&amp; wildList.indexOf(symbol) != -1): null

2019-08-10 23:56:52 - [TEST_STEP][PASSED] - if (i == 3 &amp;&amp; wildList.indexOf(symbol) != -1): null

2019-08-10 23:56:52 - [TEST_STEP][PASSED] - if (i == 4 &amp;&amp; wildList.indexOf(symbol) != -1): null

2019-08-10 23:56:52 - [TEST_STEP][PASSED] - symbol = symbol: null

2019-08-10 23:56:52 - [TEST_STEP][PASSED] - println(symbol): null

2019-08-10 23:56:52 - [TEST_STEP][PASSED] - if (i == 2 &amp;&amp; wildList.indexOf(symbol) != -1): null

2019-08-10 23:56:52 - [TEST_STEP][PASSED] - if (i == 3 &amp;&amp; wildList.indexOf(symbol) != -1): null

2019-08-10 23:56:52 - [TEST_STEP][PASSED] - if (i == 4 &amp;&amp; wildList.indexOf(symbol) != -1): null

2019-08-10 23:56:52 - [TEST_STEP][PASSED] - symbol = symbol: null

2019-08-10 23:56:52 - [TEST_STEP][PASSED] - println(symbol): null

2019-08-10 23:56:52 - [TEST_STEP][PASSED] - if (i == 2 &amp;&amp; wildList.indexOf(symbol) != -1): null

2019-08-10 23:56:52 - [TEST_STEP][PASSED] - if (i == 3 &amp;&amp; wildList.indexOf(symbol) != -1): null

2019-08-10 23:56:52 - [TEST_STEP][PASSED] - if (i == 4 &amp;&amp; wildList.indexOf(symbol) != -1): null

2019-08-10 23:56:52 - [TEST_STEP][PASSED] - symbols = symbols: null

2019-08-10 23:56:52 - [TEST_STEP][PASSED] - for ([j = 0, j &lt; symbols.size(), (j++)]): null

2019-08-10 23:56:52 - [TEST_STEP][PASSED] - symbol = symbol: null

2019-08-10 23:56:52 - [TEST_STEP][PASSED] - println(symbol): null

2019-08-10 23:56:52 - [TEST_STEP][PASSED] - if (i == 2 &amp;&amp; wildList.indexOf(symbol) != -1): null

2019-08-10 23:56:52 - [TEST_STEP][PASSED] - if (i == 3 &amp;&amp; wildList.indexOf(symbol) != -1): null

2019-08-10 23:56:52 - [TEST_STEP][PASSED] - if (i == 4 &amp;&amp; wildList.indexOf(symbol) != -1): null

2019-08-10 23:56:52 - [TEST_STEP][PASSED] - symbol = symbol: null

2019-08-10 23:56:52 - [TEST_STEP][PASSED] - println(symbol): null

2019-08-10 23:56:52 - [TEST_STEP][PASSED] - if (i == 2 &amp;&amp; wildList.indexOf(symbol) != -1): null

2019-08-10 23:56:52 - [TEST_STEP][PASSED] - if (i == 3 &amp;&amp; wildList.indexOf(symbol) != -1): null

2019-08-10 23:56:52 - [TEST_STEP][PASSED] - if (i == 4 &amp;&amp; wildList.indexOf(symbol) != -1): null

2019-08-10 23:56:52 - [TEST_STEP][PASSED] - symbol = symbol: null

2019-08-10 23:56:52 - [TEST_STEP][PASSED] - println(symbol): null

2019-08-10 23:56:52 - [TEST_STEP][PASSED] - if (i == 2 &amp;&amp; wildList.indexOf(symbol) != -1): null

2019-08-10 23:56:52 - [TEST_STEP][PASSED] - if (i == 3 &amp;&amp; wildList.indexOf(symbol) != -1): null

2019-08-10 23:56:52 - [TEST_STEP][PASSED] - if (i == 4 &amp;&amp; wildList.indexOf(symbol) != -1): null

2019-08-10 23:56:52 - [TEST_STEP][PASSED] - symbols = symbols: null

2019-08-10 23:56:52 - [TEST_STEP][PASSED] - for ([j = 0, j &lt; symbols.size(), (j++)]): null

2019-08-10 23:56:52 - [TEST_STEP][PASSED] - symbol = symbol: null

2019-08-10 23:56:52 - [TEST_STEP][PASSED] - println(symbol): null

2019-08-10 23:56:52 - [TEST_STEP][PASSED] - if (i == 2 &amp;&amp; wildList.indexOf(symbol) != -1): null

2019-08-10 23:56:52 - [TEST_STEP][PASSED] - if (i == 3 &amp;&amp; wildList.indexOf(symbol) != -1): null

2019-08-10 23:56:52 - [TEST_STEP][PASSED] - if (i == 4 &amp;&amp; wildList.indexOf(symbol) != -1): null

2019-08-10 23:56:52 - [TEST_STEP][PASSED] - symbol = symbol: null

2019-08-10 23:56:52 - [TEST_STEP][PASSED] - println(symbol): null

2019-08-10 23:56:52 - [TEST_STEP][PASSED] - if (i == 2 &amp;&amp; wildList.indexOf(symbol) != -1): null

2019-08-10 23:56:52 - [TEST_STEP][PASSED] - if (i == 3 &amp;&amp; wildList.indexOf(symbol) != -1): null

2019-08-10 23:56:52 - [TEST_STEP][PASSED] - if (i == 4 &amp;&amp; wildList.indexOf(symbol) != -1): null

2019-08-10 23:56:52 - [TEST_STEP][PASSED] - symbol = symbol: null

2019-08-10 23:56:52 - [TEST_STEP][PASSED] - println(symbol): null

2019-08-10 23:56:52 - [TEST_STEP][PASSED] - if (i == 2 &amp;&amp; wildList.indexOf(symbol) != -1): null

2019-08-10 23:56:52 - [TEST_STEP][PASSED] - if (i == 3 &amp;&amp; wildList.indexOf(symbol) != -1): null

2019-08-10 23:56:52 - [TEST_STEP][PASSED] - if (i == 4 &amp;&amp; wildList.indexOf(symbol) != -1): null

2019-08-10 23:56:52 - [TEST_STEP][PASSED] - symbols = symbols: null

2019-08-10 23:56:52 - [TEST_STEP][PASSED] - for ([j = 0, j &lt; symbols.size(), (j++)]): null

2019-08-10 23:56:52 - [TEST_STEP][PASSED] - symbol = symbol: null

2019-08-10 23:56:52 - [TEST_STEP][PASSED] - println(symbol): null

2019-08-10 23:56:52 - [TEST_STEP][PASSED] - if (i == 2 &amp;&amp; wildList.indexOf(symbol) != -1): null

2019-08-10 23:56:52 - [TEST_STEP][PASSED] - if (i == 3 &amp;&amp; wildList.indexOf(symbol) != -1): null

2019-08-10 23:56:52 - [TEST_STEP][PASSED] - if (i == 4 &amp;&amp; wildList.indexOf(symbol) != -1): null

2019-08-10 23:56:52 - [TEST_STEP][PASSED] - symbol = symbol: null

2019-08-10 23:56:52 - [TEST_STEP][PASSED] - println(symbol): null

2019-08-10 23:56:52 - [TEST_STEP][PASSED] - if (i == 2 &amp;&amp; wildList.indexOf(symbol) != -1): null

2019-08-10 23:56:52 - [TEST_STEP][PASSED] - if (i == 3 &amp;&amp; wildList.indexOf(symbol) != -1): null

2019-08-10 23:56:52 - [TEST_STEP][PASSED] - if (i == 4 &amp;&amp; wildList.indexOf(symbol) != -1): null

2019-08-10 23:56:52 - [TEST_STEP][PASSED] - symbol = symbol: null

2019-08-10 23:56:52 - [TEST_STEP][PASSED] - println(symbol): null

2019-08-10 23:56:52 - [TEST_STEP][PASSED] - if (i == 2 &amp;&amp; wildList.indexOf(symbol) != -1): null

2019-08-10 23:56:56 - [TEST_STEP][PASSED] - if (i == 3 &amp;&amp; wildList.indexOf(symbol) != -1): null

2019-08-10 23:56:56 - [TEST_STEP][PASSED] - if (i == 4 &amp;&amp; wildList.indexOf(symbol) != -1): null

2019-08-10 23:56:56 - [TEST_STEP][PASSED] - symbols = symbols: null

2019-08-10 23:56:56 - [TEST_STEP][PASSED] - for ([j = 0, j &lt; symbols.size(), (j++)]): null

2019-08-10 23:56:56 - [TEST_STEP][PASSED] - symbol = symbol: null

2019-08-10 23:56:56 - [TEST_STEP][PASSED] - println(symbol): null

2019-08-10 23:56:56 - [TEST_STEP][PASSED] - if (i == 2 &amp;&amp; wildList.indexOf(symbol) != -1): null

2019-08-10 23:56:56 - [TEST_STEP][PASSED] - if (i == 3 &amp;&amp; wildList.indexOf(symbol) != -1): null

2019-08-10 23:56:56 - [TEST_STEP][PASSED] - if (i == 4 &amp;&amp; wildList.indexOf(symbol) != -1): null

2019-08-10 23:56:56 - [TEST_STEP][PASSED] - symbol = symbol: null

2019-08-10 23:56:56 - [TEST_STEP][PASSED] - println(symbol): null

2019-08-10 23:56:56 - [TEST_STEP][PASSED] - if (i == 2 &amp;&amp; wildList.indexOf(symbol) != -1): null

2019-08-10 23:56:56 - [TEST_STEP][PASSED] - if (i == 3 &amp;&amp; wildList.indexOf(symbol) != -1): null

2019-08-10 23:56:56 - [TEST_STEP][PASSED] - if (i == 4 &amp;&amp; wildList.indexOf(symbol) != -1): null

2019-08-10 23:56:56 - [TEST_STEP][PASSED] - symbol = symbol: null

2019-08-10 23:56:56 - [TEST_STEP][PASSED] - println(symbol): null

2019-08-10 23:56:56 - [TEST_STEP][PASSED] - if (i == 2 &amp;&amp; wildList.indexOf(symbol) != -1): null

2019-08-10 23:56:56 - [TEST_STEP][PASSED] - if (i == 3 &amp;&amp; wildList.indexOf(symbol) != -1): null

2019-08-10 23:56:56 - [TEST_STEP][PASSED] - if (i == 4 &amp;&amp; wildList.indexOf(symbol) != -1): null

2019-08-10 23:56:56 - [TEST_STEP][PASSED] - free_spin_reel_counter = free_spin_reel_counter: null

2019-08-10 23:56:56 - [TEST_STEP][PASSED] - println("reel 3 wild found: " + free_spin_reel_counter[0]): null

2019-08-10 23:56:56 - [TEST_STEP][PASSED] - println("reel 4 wild found: " + free_spin_reel_counter[1]): null

2019-08-10 23:56:56 - [TEST_STEP][PASSED] - println("reel 5 wild found: " + free_spin_reel_counter[2]): null

2019-08-10 23:56:56 - [TEST_STEP][PASSED] - M4_spin_reels = M4_spin_reels: null

2019-08-10 23:56:56 - [TEST_STEP][PASSED] - M4_spin_reels_symbols = symbol: null

2019-08-10 23:56:56 - [TEST_STEP][PASSED] - M4_spin_reels_symbols = M4_spin_reels_symbols: null

2019-08-10 23:56:56 - [TEST_STEP][PASSED] - M4_spin_reel_wins = reel_wins: null

2019-08-10 23:56:56 - [TEST_STEP][PASSED] - M4_spin_reel_wins = M4_spin_reel_wins: null

2019-08-10 23:56:56 - [TEST_STEP][PASSED] - println("GlobalVariable.M4_spin_reel_wins is: " + M4_spin_reel_wins): null

2019-08-10 23:56:56 - [TEST_STEP][PASSED] - M4_spin_total_bonus_win_this_round = total_bonus_win_this_round: null

2019-08-10 23:56:56 - [TEST_STEP][PASSED] - M4_spin_total_bonus_win_this_round = M4_spin_total_bonus_win_this_round: null

2019-08-10 23:56:56 - [TEST_STEP][PASSED] - println("GlobalVariable.M4_spin_total_bonus_win_this_round is: " + M4_spin_total_bonus_win_this_round): null

2019-08-10 23:56:56 - [MESSAGE][PASSED] - Verify response successfully

2019-08-10 23:56:56 - [MESSAGE][PASSED] - Send request and verify the response successfully

2019-08-10 23:56:56 - [TEST_STEP][PASSED] - if (M4_total_bonus_spins_int != 0 &amp;&amp; M4_spin_reels_symbols[2].contains("WILD_Double") || M4_spin_reels_symbols[4].contains("WILD_Triple")): null

2019-08-10 23:56:56 - [TEST_STEP][PASSED] - free_spin_reel_counter = free_spin_reel_counter: null

2019-08-10 23:56:56 - [TEST_STEP][PASSED] - M4_spin_reels_symbols = M4_spin_reels_symbols: null

2019-08-10 23:56:56 - [TEST_STEP][PASSED] - M4_total_bonus_spins = M4_total_bonus_spins: null

2019-08-10 23:56:56 - [TEST_STEP][PASSED] - spin_result = sendRequestAndVerify(findTestObject("RGS(M4)/1_M4_spin", ["M4_login_user_id":M4_login_user_id, "rgs_session_token":rgs_session_token, "partner":Partner])): Send request and verify the response successfully

2019-08-10 23:56:56 - [TEST_CASE][PASSED] - Start Test Case : Verification: Verification accomplished successfully

2019-08-10 23:56:56 - [TEST_STEP][PASSED] - request = getInstance().getCurrentRequest(): null

2019-08-10 23:56:56 - [TEST_STEP][PASSED] - response = getInstance().getCurrentResponse(): null

2019-08-10 23:56:56 - [TEST_STEP][PASSED] - verifyResponseStatusCode(response, 200): Verify response status code successfully

2019-08-10 23:56:56 - [MESSAGE][PASSED] - Verify response status code successfully

2019-08-10 23:56:56 - [TEST_STEP][PASSED] - getStatusCode()).isEqualTo(200): null

2019-08-10 23:56:56 - [TEST_STEP][PASSED] - newline = System.getProperty("line.separator"): null

2019-08-10 23:56:56 - [TEST_STEP][PASSED] - M4_spin = new groovy.json.JsonSlurper(): null

2019-08-10 23:56:56 - [TEST_STEP][PASSED] - result_M4_spin = M4_spin.parseText(response.getResponseBodyContent()): null

2019-08-10 23:56:56 - [TEST_STEP][PASSED] - M4_spin_current_balance = current_balance: null

2019-08-10 23:56:56 - [TEST_STEP][PASSED] - M4_spin_current_balance = M4_spin_current_balance: null

2019-08-10 23:56:56 - [TEST_STEP][PASSED] - M4_spin_transaction_id = causality: null

2019-08-10 23:56:56 - [TEST_STEP][PASSED] - M4_spin_transaction_id = M4_spin_transaction_id: null

2019-08-10 23:56:56 - [TEST_STEP][PASSED] - M4_spin_round_id = round_id: null

2019-08-10 23:56:56 - [TEST_STEP][PASSED] - M4_spin_round_id = M4_spin_round_id: null

2019-08-10 23:56:56 - [TEST_STEP][PASSED] - M4_spin_line_wins = line_wins: null

2019-08-10 23:56:56 - [TEST_STEP][PASSED] - M4_spin_line_wins = M4_spin_line_wins: null

2019-08-10 23:56:56 - [TEST_STEP][PASSED] - M4_total_bonus_spins_int = total_bonus_spins: null

2019-08-10 23:56:56 - [TEST_STEP][PASSED] - println("******M4_total_bonus_spins type is:*******" + newline + getClass().getName()): null

2019-08-10 23:56:56 - [TEST_STEP][PASSED] - M4_total_bonus_spins_int = M4_total_bonus_spins_int: null

2019-08-10 23:56:56 - [TEST_STEP][PASSED] - M4_total_bonus_spins = Integer.toString(M4_total_bonus_spins_int): null

2019-08-10 23:56:56 - [TEST_STEP][PASSED] - M4_total_bonus_spins = M4_total_bonus_spins: null

2019-08-10 23:56:56 - [TEST_STEP][PASSED] - println("M4_total_bonus_spins is:" + M4_total_bonus_spins): null

2019-08-10 23:56:56 - [TEST_STEP][PASSED] - M4_spin_bonus_data = bonus_data: null

2019-08-10 23:56:56 - [TEST_STEP][PASSED] - M4_spin_features_triggered = result_M4_spin: null

2019-08-10 23:56:56 - [TEST_STEP][PASSED] - wild = []: null

2019-08-10 23:56:56 - [TEST_STEP][PASSED] - wild[0] = "WILD_Expanding": null

2019-08-10 23:56:56 - [TEST_STEP][PASSED] - wild[1] = "WILD_Normal": null

2019-08-10 23:56:56 - [TEST_STEP][PASSED] - wild[2] = "WILD_Double": null

2019-08-10 23:56:56 - [TEST_STEP][PASSED] - wild[3] = "WILD_ExtraFG": null

2019-08-10 23:56:56 - [TEST_STEP][PASSED] - wild[4] = "WILD_Triple": null

2019-08-10 23:56:56 - [TEST_STEP][PASSED] - wildList = Arrays.asList(wild): null

2019-08-10 23:56:56 - [TEST_STEP][PASSED] - wildList = wildList: null

2019-08-10 23:56:56 - [TEST_STEP][PASSED] - free_spin_reel_counter = []: null

2019-08-10 23:56:56 - [TEST_STEP][PASSED] - free_spin_reel_counter[0] = 0: null

2019-08-10 23:56:56 - [TEST_STEP][PASSED] - free_spin_reel_counter[1] = 0: null

2019-08-10 23:56:56 - [TEST_STEP][PASSED] - free_spin_reel_counter[2] = 0: null

2019-08-10 23:56:56 - [TEST_STEP][PASSED] - M4_spin_reels = reels: null

2019-08-10 23:56:56 - [TEST_STEP][PASSED] - for ([i = 0, i &lt; M4_spin_reels.size(), (i++)]): null

2019-08-10 23:56:56 - [TEST_STEP][PASSED] - symbols = symbols: null

2019-08-10 23:56:56 - [TEST_STEP][PASSED] - for ([j = 0, j &lt; symbols.size(), (j++)]): null

2019-08-10 23:56:56 - [TEST_STEP][PASSED] - symbol = symbol: null

2019-08-10 23:56:56 - [TEST_STEP][PASSED] - println(symbol): null

2019-08-10 23:56:56 - [TEST_STEP][PASSED] - if (i == 2 &amp;&amp; wildList.indexOf(symbol) != -1): null

2019-08-10 23:56:56 - [TEST_STEP][PASSED] - if (i == 3 &amp;&amp; wildList.indexOf(symbol) != -1): null

2019-08-10 23:56:56 - [TEST_STEP][PASSED] - if (i == 4 &amp;&amp; wildList.indexOf(symbol) != -1): null

2019-08-10 23:56:56 - [TEST_STEP][PASSED] - symbol = symbol: null

2019-08-10 23:56:56 - [TEST_STEP][PASSED] - println(symbol): null

2019-08-10 23:56:56 - [TEST_STEP][PASSED] - if (i == 2 &amp;&amp; wildList.indexOf(symbol) != -1): null

2019-08-10 23:56:56 - [TEST_STEP][PASSED] - if (i == 3 &amp;&amp; wildList.indexOf(symbol) != -1): null

2019-08-10 23:56:56 - [TEST_STEP][PASSED] - if (i == 4 &amp;&amp; wildList.indexOf(symbol) != -1): null

2019-08-10 23:56:56 - [TEST_STEP][PASSED] - symbol = symbol: null

2019-08-10 23:56:56 - [TEST_STEP][PASSED] - println(symbol): null

2019-08-10 23:56:56 - [TEST_STEP][PASSED] - if (i == 2 &amp;&amp; wildList.indexOf(symbol) != -1): null

2019-08-10 23:56:56 - [TEST_STEP][PASSED] - if (i == 3 &amp;&amp; wildList.indexOf(symbol) != -1): null

2019-08-10 23:56:56 - [TEST_STEP][PASSED] - if (i == 4 &amp;&amp; wildList.indexOf(symbol) != -1): null

2019-08-10 23:56:56 - [TEST_STEP][PASSED] - symbols = symbols: null

2019-08-10 23:56:56 - [TEST_STEP][PASSED] - for ([j = 0, j &lt; symbols.size(), (j++)]): null

2019-08-10 23:56:56 - [TEST_STEP][PASSED] - symbol = symbol: null

2019-08-10 23:56:56 - [TEST_STEP][PASSED] - println(symbol): null

2019-08-10 23:56:56 - [TEST_STEP][PASSED] - if (i == 2 &amp;&amp; wildList.indexOf(symbol) != -1): null

2019-08-10 23:56:56 - [TEST_STEP][PASSED] - if (i == 3 &amp;&amp; wildList.indexOf(symbol) != -1): null

2019-08-10 23:56:56 - [TEST_STEP][PASSED] - if (i == 4 &amp;&amp; wildList.indexOf(symbol) != -1): null

2019-08-10 23:56:56 - [TEST_STEP][PASSED] - symbol = symbol: null

2019-08-10 23:56:56 - [TEST_STEP][PASSED] - println(symbol): null

2019-08-10 23:56:56 - [TEST_STEP][PASSED] - if (i == 2 &amp;&amp; wildList.indexOf(symbol) != -1): null

2019-08-10 23:56:56 - [TEST_STEP][PASSED] - if (i == 3 &amp;&amp; wildList.indexOf(symbol) != -1): null

2019-08-10 23:56:56 - [TEST_STEP][PASSED] - if (i == 4 &amp;&amp; wildList.indexOf(symbol) != -1): null

2019-08-10 23:56:56 - [TEST_STEP][PASSED] - symbol = symbol: null

2019-08-10 23:56:56 - [TEST_STEP][PASSED] - println(symbol): null

2019-08-10 23:56:56 - [TEST_STEP][PASSED] - if (i == 2 &amp;&amp; wildList.indexOf(symbol) != -1): null

2019-08-10 23:56:56 - [TEST_STEP][PASSED] - if (i == 3 &amp;&amp; wildList.indexOf(symbol) != -1): null

2019-08-10 23:56:56 - [TEST_STEP][PASSED] - if (i == 4 &amp;&amp; wildList.indexOf(symbol) != -1): null

2019-08-10 23:56:56 - [TEST_STEP][PASSED] - symbols = symbols: null

2019-08-10 23:56:56 - [TEST_STEP][PASSED] - for ([j = 0, j &lt; symbols.size(), (j++)]): null

2019-08-10 23:56:56 - [TEST_STEP][PASSED] - symbol = symbol: null

2019-08-10 23:56:56 - [TEST_STEP][PASSED] - println(symbol): null

2019-08-10 23:56:56 - [TEST_STEP][PASSED] - if (i == 2 &amp;&amp; wildList.indexOf(symbol) != -1): null

2019-08-10 23:56:56 - [TEST_STEP][PASSED] - if (i == 3 &amp;&amp; wildList.indexOf(symbol) != -1): null

2019-08-10 23:56:56 - [TEST_STEP][PASSED] - if (i == 4 &amp;&amp; wildList.indexOf(symbol) != -1): null

2019-08-10 23:56:56 - [TEST_STEP][PASSED] - symbol = symbol: null

2019-08-10 23:56:56 - [TEST_STEP][PASSED] - println(symbol): null

2019-08-10 23:56:56 - [TEST_STEP][PASSED] - if (i == 2 &amp;&amp; wildList.indexOf(symbol) != -1): null

2019-08-10 23:56:56 - [TEST_STEP][PASSED] - if (i == 3 &amp;&amp; wildList.indexOf(symbol) != -1): null

2019-08-10 23:56:56 - [TEST_STEP][PASSED] - if (i == 4 &amp;&amp; wildList.indexOf(symbol) != -1): null

2019-08-10 23:56:56 - [TEST_STEP][PASSED] - symbol = symbol: null

2019-08-10 23:56:56 - [TEST_STEP][PASSED] - println(symbol): null

2019-08-10 23:56:56 - [TEST_STEP][PASSED] - if (i == 2 &amp;&amp; wildList.indexOf(symbol) != -1): null

2019-08-10 23:56:56 - [TEST_STEP][PASSED] - if (i == 3 &amp;&amp; wildList.indexOf(symbol) != -1): null

2019-08-10 23:56:56 - [TEST_STEP][PASSED] - if (i == 4 &amp;&amp; wildList.indexOf(symbol) != -1): null

2019-08-10 23:56:56 - [TEST_STEP][PASSED] - symbols = symbols: null

2019-08-10 23:56:56 - [TEST_STEP][PASSED] - for ([j = 0, j &lt; symbols.size(), (j++)]): null

2019-08-10 23:56:56 - [TEST_STEP][PASSED] - symbol = symbol: null

2019-08-10 23:56:56 - [TEST_STEP][PASSED] - println(symbol): null

2019-08-10 23:56:56 - [TEST_STEP][PASSED] - if (i == 2 &amp;&amp; wildList.indexOf(symbol) != -1): null

2019-08-10 23:56:56 - [TEST_STEP][PASSED] - if (i == 3 &amp;&amp; wildList.indexOf(symbol) != -1): null

2019-08-10 23:56:56 - [TEST_STEP][PASSED] - if (i == 4 &amp;&amp; wildList.indexOf(symbol) != -1): null

2019-08-10 23:56:56 - [TEST_STEP][PASSED] - symbol = symbol: null

2019-08-10 23:56:56 - [TEST_STEP][PASSED] - println(symbol): null

2019-08-10 23:56:56 - [TEST_STEP][PASSED] - if (i == 2 &amp;&amp; wildList.indexOf(symbol) != -1): null

2019-08-10 23:56:56 - [TEST_STEP][PASSED] - if (i == 3 &amp;&amp; wildList.indexOf(symbol) != -1): null

2019-08-10 23:56:56 - [TEST_STEP][PASSED] - if (i == 4 &amp;&amp; wildList.indexOf(symbol) != -1): null

2019-08-10 23:56:56 - [TEST_STEP][PASSED] - symbol = symbol: null

2019-08-10 23:56:56 - [TEST_STEP][PASSED] - println(symbol): null

2019-08-10 23:56:56 - [TEST_STEP][PASSED] - if (i == 2 &amp;&amp; wildList.indexOf(symbol) != -1): null

2019-08-10 23:56:56 - [TEST_STEP][PASSED] - if (i == 3 &amp;&amp; wildList.indexOf(symbol) != -1): null

2019-08-10 23:56:56 - [TEST_STEP][PASSED] - println("wild found on reel 4, adding counter by 1"): null

2019-08-10 23:56:56 - [TEST_STEP][PASSED] - free_spin_reel_counter[1] = free_spin_reel_counter[1] + 1: null

2019-08-10 23:56:56 - [TEST_STEP][PASSED] - if (i == 4 &amp;&amp; wildList.indexOf(symbol) != -1): null

2019-08-10 23:56:56 - [TEST_STEP][PASSED] - symbols = symbols: null

2019-08-10 23:56:56 - [TEST_STEP][PASSED] - for ([j = 0, j &lt; symbols.size(), (j++)]): null

2019-08-10 23:56:56 - [TEST_STEP][PASSED] - symbol = symbol: null

2019-08-10 23:56:56 - [TEST_STEP][PASSED] - println(symbol): null

2019-08-10 23:56:56 - [TEST_STEP][PASSED] - if (i == 2 &amp;&amp; wildList.indexOf(symbol) != -1): null

2019-08-10 23:56:56 - [TEST_STEP][PASSED] - if (i == 3 &amp;&amp; wildList.indexOf(symbol) != -1): null

2019-08-10 23:56:56 - [TEST_STEP][PASSED] - if (i == 4 &amp;&amp; wildList.indexOf(symbol) != -1): null

2019-08-10 23:56:56 - [TEST_STEP][PASSED] - symbol = symbol: null

2019-08-10 23:56:56 - [TEST_STEP][PASSED] - println(symbol): null

2019-08-10 23:56:56 - [TEST_STEP][PASSED] - if (i == 2 &amp;&amp; wildList.indexOf(symbol) != -1): null

2019-08-10 23:56:56 - [TEST_STEP][PASSED] - if (i == 3 &amp;&amp; wildList.indexOf(symbol) != -1): null

2019-08-10 23:56:56 - [TEST_STEP][PASSED] - if (i == 4 &amp;&amp; wildList.indexOf(symbol) != -1): null

2019-08-10 23:56:56 - [TEST_STEP][PASSED] - symbol = symbol: null

2019-08-10 23:56:56 - [TEST_STEP][PASSED] - println(symbol): null

2019-08-10 23:56:56 - [TEST_STEP][PASSED] - if (i == 2 &amp;&amp; wildList.indexOf(symbol) != -1): null

2019-08-10 23:56:56 - [TEST_STEP][PASSED] - if (i == 3 &amp;&amp; wildList.indexOf(symbol) != -1): null

2019-08-10 23:56:56 - [TEST_STEP][PASSED] - if (i == 4 &amp;&amp; wildList.indexOf(symbol) != -1): null

2019-08-10 23:56:56 - [TEST_STEP][PASSED] - free_spin_reel_counter = free_spin_reel_counter: null

2019-08-10 23:56:56 - [TEST_STEP][PASSED] - println("reel 3 wild found: " + free_spin_reel_counter[0]): null

2019-08-10 23:56:56 - [TEST_STEP][PASSED] - println("reel 4 wild found: " + free_spin_reel_counter[1]): null

2019-08-10 23:56:56 - [TEST_STEP][PASSED] - println("reel 5 wild found: " + free_spin_reel_counter[2]): null

2019-08-10 23:56:56 - [TEST_STEP][PASSED] - M4_spin_reels = M4_spin_reels: null

2019-08-10 23:56:56 - [TEST_STEP][PASSED] - M4_spin_reels_symbols = symbol: null

2019-08-10 23:56:56 - [TEST_STEP][PASSED] - M4_spin_reels_symbols = M4_spin_reels_symbols: null

2019-08-10 23:56:56 - [TEST_STEP][PASSED] - M4_spin_reel_wins = reel_wins: null

2019-08-10 23:56:56 - [TEST_STEP][PASSED] - M4_spin_reel_wins = M4_spin_reel_wins: null

2019-08-10 23:56:56 - [TEST_STEP][PASSED] - println("GlobalVariable.M4_spin_reel_wins is: " + M4_spin_reel_wins): null

2019-08-10 23:56:56 - [TEST_STEP][PASSED] - M4_spin_total_bonus_win_this_round = total_bonus_win_this_round: null

2019-08-10 23:56:56 - [TEST_STEP][PASSED] - M4_spin_total_bonus_win_this_round = M4_spin_total_bonus_win_this_round: null

2019-08-10 23:56:56 - [TEST_STEP][PASSED] - println("GlobalVariable.M4_spin_total_bonus_win_this_round is: " + M4_spin_total_bonus_win_this_round): null

2019-08-10 23:56:56 - [MESSAGE][PASSED] - Verify response successfully

2019-08-10 23:56:56 - [MESSAGE][PASSED] - Send request and verify the response successfully

2019-08-10 23:56:56 - [TEST_STEP][PASSED] - if (M4_total_bonus_spins_int != 0 &amp;&amp; M4_spin_reels_symbols[2].contains("WILD_Double") || M4_spin_reels_symbols[4].contains("WILD_Triple")): null

2019-08-10 23:56:56 - [TEST_STEP][PASSED] - free_spin_reel_counter = free_spin_reel_counter: null

2019-08-10 23:56:56 - [TEST_STEP][PASSED] - M4_spin_reels_symbols = M4_spin_reels_symbols: null

2019-08-10 23:56:56 - [TEST_STEP][PASSED] - M4_total_bonus_spins = M4_total_bonus_spins: null

2019-08-10 23:56:56 - [TEST_STEP][PASSED] - spin_result = sendRequestAndVerify(findTestObject("RGS(M4)/1_M4_spin", ["M4_login_user_id":M4_login_user_id, "rgs_session_token":rgs_session_token, "partner":Partner])): Send request and verify the response successfully

2019-08-10 23:56:57 - [TEST_CASE][PASSED] - Start Test Case : Verification: Verification accomplished successfully

2019-08-10 23:56:57 - [TEST_STEP][PASSED] - request = getInstance().getCurrentRequest(): null

2019-08-10 23:56:57 - [TEST_STEP][PASSED] - response = getInstance().getCurrentResponse(): null

2019-08-10 23:56:57 - [TEST_STEP][PASSED] - verifyResponseStatusCode(response, 200): Verify response status code successfully

2019-08-10 23:56:57 - [MESSAGE][PASSED] - Verify response status code successfully

2019-08-10 23:56:57 - [TEST_STEP][PASSED] - getStatusCode()).isEqualTo(200): null

2019-08-10 23:56:57 - [TEST_STEP][PASSED] - newline = System.getProperty("line.separator"): null

2019-08-10 23:56:57 - [TEST_STEP][PASSED] - M4_spin = new groovy.json.JsonSlurper(): null

2019-08-10 23:56:57 - [TEST_STEP][PASSED] - result_M4_spin = M4_spin.parseText(response.getResponseBodyContent()): null

2019-08-10 23:56:57 - [TEST_STEP][PASSED] - M4_spin_current_balance = current_balance: null

2019-08-10 23:56:57 - [TEST_STEP][PASSED] - M4_spin_current_balance = M4_spin_current_balance: null

2019-08-10 23:56:57 - [TEST_STEP][PASSED] - M4_spin_transaction_id = causality: null

2019-08-10 23:56:57 - [TEST_STEP][PASSED] - M4_spin_transaction_id = M4_spin_transaction_id: null

2019-08-10 23:56:57 - [TEST_STEP][PASSED] - M4_spin_round_id = round_id: null

2019-08-10 23:56:57 - [TEST_STEP][PASSED] - M4_spin_round_id = M4_spin_round_id: null

2019-08-10 23:56:57 - [TEST_STEP][PASSED] - M4_spin_line_wins = line_wins: null

2019-08-10 23:56:57 - [TEST_STEP][PASSED] - M4_spin_line_wins = M4_spin_line_wins: null

2019-08-10 23:56:57 - [TEST_STEP][PASSED] - M4_total_bonus_spins_int = total_bonus_spins: null

2019-08-10 23:56:57 - [TEST_STEP][PASSED] - println("******M4_total_bonus_spins type is:*******" + newline + getClass().getName()): null

2019-08-10 23:56:57 - [TEST_STEP][PASSED] - M4_total_bonus_spins_int = M4_total_bonus_spins_int: null

2019-08-10 23:56:57 - [TEST_STEP][PASSED] - M4_total_bonus_spins = Integer.toString(M4_total_bonus_spins_int): null

2019-08-10 23:56:57 - [TEST_STEP][PASSED] - M4_total_bonus_spins = M4_total_bonus_spins: null

2019-08-10 23:56:57 - [TEST_STEP][PASSED] - println("M4_total_bonus_spins is:" + M4_total_bonus_spins): null

2019-08-10 23:56:57 - [TEST_STEP][PASSED] - M4_spin_bonus_data = bonus_data: null

2019-08-10 23:56:57 - [TEST_STEP][PASSED] - M4_spin_features_triggered = result_M4_spin: null

2019-08-10 23:56:57 - [TEST_STEP][PASSED] - wild = []: null

2019-08-10 23:56:57 - [TEST_STEP][PASSED] - wild[0] = "WILD_Expanding": null

2019-08-10 23:56:57 - [TEST_STEP][PASSED] - wild[1] = "WILD_Normal": null

2019-08-10 23:56:57 - [TEST_STEP][PASSED] - wild[2] = "WILD_Double": null

2019-08-10 23:56:57 - [TEST_STEP][PASSED] - wild[3] = "WILD_ExtraFG": null

2019-08-10 23:56:57 - [TEST_STEP][PASSED] - wild[4] = "WILD_Triple": null

2019-08-10 23:56:57 - [TEST_STEP][PASSED] - wildList = Arrays.asList(wild): null

2019-08-10 23:56:57 - [TEST_STEP][PASSED] - wildList = wildList: null

2019-08-10 23:56:57 - [TEST_STEP][PASSED] - free_spin_reel_counter = []: null

2019-08-10 23:56:57 - [TEST_STEP][PASSED] - free_spin_reel_counter[0] = 0: null

2019-08-10 23:56:57 - [TEST_STEP][PASSED] - free_spin_reel_counter[1] = 0: null

2019-08-10 23:56:57 - [TEST_STEP][PASSED] - free_spin_reel_counter[2] = 0: null

2019-08-10 23:56:57 - [TEST_STEP][PASSED] - M4_spin_reels = reels: null

2019-08-10 23:56:57 - [TEST_STEP][PASSED] - for ([i = 0, i &lt; M4_spin_reels.size(), (i++)]): null

2019-08-10 23:56:57 - [TEST_STEP][PASSED] - symbols = symbols: null

2019-08-10 23:56:57 - [TEST_STEP][PASSED] - for ([j = 0, j &lt; symbols.size(), (j++)]): null

2019-08-10 23:56:57 - [TEST_STEP][PASSED] - symbol = symbol: null

2019-08-10 23:56:57 - [TEST_STEP][PASSED] - println(symbol): null

2019-08-10 23:56:57 - [TEST_STEP][PASSED] - if (i == 2 &amp;&amp; wildList.indexOf(symbol) != -1): null

2019-08-10 23:56:57 - [TEST_STEP][PASSED] - if (i == 3 &amp;&amp; wildList.indexOf(symbol) != -1): null

2019-08-10 23:56:57 - [TEST_STEP][PASSED] - if (i == 4 &amp;&amp; wildList.indexOf(symbol) != -1): null

2019-08-10 23:56:57 - [TEST_STEP][PASSED] - symbol = symbol: null

2019-08-10 23:56:57 - [TEST_STEP][PASSED] - println(symbol): null

2019-08-10 23:56:57 - [TEST_STEP][PASSED] - if (i == 2 &amp;&amp; wildList.indexOf(symbol) != -1): null

2019-08-10 23:56:57 - [TEST_STEP][PASSED] - if (i == 3 &amp;&amp; wildList.indexOf(symbol) != -1): null

2019-08-10 23:56:57 - [TEST_STEP][PASSED] - if (i == 4 &amp;&amp; wildList.indexOf(symbol) != -1): null

2019-08-10 23:56:57 - [TEST_STEP][PASSED] - symbol = symbol: null

2019-08-10 23:56:57 - [TEST_STEP][PASSED] - println(symbol): null

2019-08-10 23:56:57 - [TEST_STEP][PASSED] - if (i == 2 &amp;&amp; wildList.indexOf(symbol) != -1): null

2019-08-10 23:56:57 - [TEST_STEP][PASSED] - if (i == 3 &amp;&amp; wildList.indexOf(symbol) != -1): null

2019-08-10 23:56:57 - [TEST_STEP][PASSED] - if (i == 4 &amp;&amp; wildList.indexOf(symbol) != -1): null

2019-08-10 23:56:57 - [TEST_STEP][PASSED] - symbols = symbols: null

2019-08-10 23:56:57 - [TEST_STEP][PASSED] - for ([j = 0, j &lt; symbols.size(), (j++)]): null

2019-08-10 23:56:57 - [TEST_STEP][PASSED] - symbol = symbol: null

2019-08-10 23:56:57 - [TEST_STEP][PASSED] - println(symbol): null

2019-08-10 23:56:57 - [TEST_STEP][PASSED] - if (i == 2 &amp;&amp; wildList.indexOf(symbol) != -1): null

2019-08-10 23:56:57 - [TEST_STEP][PASSED] - if (i == 3 &amp;&amp; wildList.indexOf(symbol) != -1): null

2019-08-10 23:56:57 - [TEST_STEP][PASSED] - if (i == 4 &amp;&amp; wildList.indexOf(symbol) != -1): null

2019-08-10 23:56:57 - [TEST_STEP][PASSED] - symbol = symbol: null

2019-08-10 23:56:57 - [TEST_STEP][PASSED] - println(symbol): null

2019-08-10 23:56:57 - [TEST_STEP][PASSED] - if (i == 2 &amp;&amp; wildList.indexOf(symbol) != -1): null

2019-08-10 23:56:57 - [TEST_STEP][PASSED] - if (i == 3 &amp;&amp; wildList.indexOf(symbol) != -1): null

2019-08-10 23:56:57 - [TEST_STEP][PASSED] - if (i == 4 &amp;&amp; wildList.indexOf(symbol) != -1): null

2019-08-10 23:56:57 - [TEST_STEP][PASSED] - symbol = symbol: null

2019-08-10 23:56:57 - [TEST_STEP][PASSED] - println(symbol): null

2019-08-10 23:56:57 - [TEST_STEP][PASSED] - if (i == 2 &amp;&amp; wildList.indexOf(symbol) != -1): null

2019-08-10 23:56:57 - [TEST_STEP][PASSED] - if (i == 3 &amp;&amp; wildList.indexOf(symbol) != -1): null

2019-08-10 23:56:57 - [TEST_STEP][PASSED] - if (i == 4 &amp;&amp; wildList.indexOf(symbol) != -1): null

2019-08-10 23:56:57 - [TEST_STEP][PASSED] - symbols = symbols: null

2019-08-10 23:56:57 - [TEST_STEP][PASSED] - for ([j = 0, j &lt; symbols.size(), (j++)]): null

2019-08-10 23:56:57 - [TEST_STEP][PASSED] - symbol = symbol: null

2019-08-10 23:56:57 - [TEST_STEP][PASSED] - println(symbol): null

2019-08-10 23:56:57 - [TEST_STEP][PASSED] - if (i == 2 &amp;&amp; wildList.indexOf(symbol) != -1): null

2019-08-10 23:56:57 - [TEST_STEP][PASSED] - println("wild found on reel 3, adding counter by 1"): null

2019-08-10 23:56:57 - [TEST_STEP][PASSED] - free_spin_reel_counter[0] = free_spin_reel_counter[0] + 1: null

2019-08-10 23:56:57 - [TEST_STEP][PASSED] - if (i == 3 &amp;&amp; wildList.indexOf(symbol) != -1): null

2019-08-10 23:56:57 - [TEST_STEP][PASSED] - if (i == 4 &amp;&amp; wildList.indexOf(symbol) != -1): null

2019-08-10 23:56:57 - [TEST_STEP][PASSED] - symbol = symbol: null

2019-08-10 23:56:57 - [TEST_STEP][PASSED] - println(symbol): null

2019-08-10 23:56:57 - [TEST_STEP][PASSED] - if (i == 2 &amp;&amp; wildList.indexOf(symbol) != -1): null

2019-08-10 23:56:57 - [TEST_STEP][PASSED] - if (i == 3 &amp;&amp; wildList.indexOf(symbol) != -1): null

2019-08-10 23:56:57 - [TEST_STEP][PASSED] - if (i == 4 &amp;&amp; wildList.indexOf(symbol) != -1): null

2019-08-10 23:56:57 - [TEST_STEP][PASSED] - symbol = symbol: null

2019-08-10 23:56:57 - [TEST_STEP][PASSED] - println(symbol): null

2019-08-10 23:56:57 - [TEST_STEP][PASSED] - if (i == 2 &amp;&amp; wildList.indexOf(symbol) != -1): null

2019-08-10 23:56:57 - [TEST_STEP][PASSED] - if (i == 3 &amp;&amp; wildList.indexOf(symbol) != -1): null

2019-08-10 23:56:57 - [TEST_STEP][PASSED] - if (i == 4 &amp;&amp; wildList.indexOf(symbol) != -1): null

2019-08-10 23:56:57 - [TEST_STEP][PASSED] - symbols = symbols: null

2019-08-10 23:56:57 - [TEST_STEP][PASSED] - for ([j = 0, j &lt; symbols.size(), (j++)]): null

2019-08-10 23:56:57 - [TEST_STEP][PASSED] - symbol = symbol: null

2019-08-10 23:56:57 - [TEST_STEP][PASSED] - println(symbol): null

2019-08-10 23:56:57 - [TEST_STEP][PASSED] - if (i == 2 &amp;&amp; wildList.indexOf(symbol) != -1): null

2019-08-10 23:56:57 - [TEST_STEP][PASSED] - if (i == 3 &amp;&amp; wildList.indexOf(symbol) != -1): null

2019-08-10 23:56:57 - [TEST_STEP][PASSED] - if (i == 4 &amp;&amp; wildList.indexOf(symbol) != -1): null

2019-08-10 23:56:57 - [TEST_STEP][PASSED] - symbol = symbol: null

2019-08-10 23:56:57 - [TEST_STEP][PASSED] - println(symbol): null

2019-08-10 23:56:57 - [TEST_STEP][PASSED] - if (i == 2 &amp;&amp; wildList.indexOf(symbol) != -1): null

2019-08-10 23:56:57 - [TEST_STEP][PASSED] - if (i == 3 &amp;&amp; wildList.indexOf(symbol) != -1): null

2019-08-10 23:56:57 - [TEST_STEP][PASSED] - if (i == 4 &amp;&amp; wildList.indexOf(symbol) != -1): null

2019-08-10 23:56:57 - [TEST_STEP][PASSED] - symbol = symbol: null

2019-08-10 23:56:57 - [TEST_STEP][PASSED] - println(symbol): null

2019-08-10 23:56:57 - [TEST_STEP][PASSED] - if (i == 2 &amp;&amp; wildList.indexOf(symbol) != -1): null

2019-08-10 23:56:57 - [TEST_STEP][PASSED] - if (i == 3 &amp;&amp; wildList.indexOf(symbol) != -1): null

2019-08-10 23:56:57 - [TEST_STEP][PASSED] - if (i == 4 &amp;&amp; wildList.indexOf(symbol) != -1): null

2019-08-10 23:56:57 - [TEST_STEP][PASSED] - symbols = symbols: null

2019-08-10 23:56:57 - [TEST_STEP][PASSED] - for ([j = 0, j &lt; symbols.size(), (j++)]): null

2019-08-10 23:56:57 - [TEST_STEP][PASSED] - symbol = symbol: null

2019-08-10 23:56:57 - [TEST_STEP][PASSED] - println(symbol): null

2019-08-10 23:56:57 - [TEST_STEP][PASSED] - if (i == 2 &amp;&amp; wildList.indexOf(symbol) != -1): null

2019-08-10 23:56:57 - [TEST_STEP][PASSED] - if (i == 3 &amp;&amp; wildList.indexOf(symbol) != -1): null

2019-08-10 23:56:57 - [TEST_STEP][PASSED] - if (i == 4 &amp;&amp; wildList.indexOf(symbol) != -1): null

2019-08-10 23:56:57 - [TEST_STEP][PASSED] - symbol = symbol: null

2019-08-10 23:56:57 - [TEST_STEP][PASSED] - println(symbol): null

2019-08-10 23:56:57 - [TEST_STEP][PASSED] - if (i == 2 &amp;&amp; wildList.indexOf(symbol) != -1): null

2019-08-10 23:56:57 - [TEST_STEP][PASSED] - if (i == 3 &amp;&amp; wildList.indexOf(symbol) != -1): null

2019-08-10 23:56:57 - [TEST_STEP][PASSED] - if (i == 4 &amp;&amp; wildList.indexOf(symbol) != -1): null

2019-08-10 23:56:57 - [TEST_STEP][PASSED] - symbol = symbol: null

2019-08-10 23:56:57 - [TEST_STEP][PASSED] - println(symbol): null

2019-08-10 23:56:57 - [TEST_STEP][PASSED] - if (i == 2 &amp;&amp; wildList.indexOf(symbol) != -1): null

2019-08-10 23:56:57 - [TEST_STEP][PASSED] - if (i == 3 &amp;&amp; wildList.indexOf(symbol) != -1): null

2019-08-10 23:56:57 - [TEST_STEP][PASSED] - if (i == 4 &amp;&amp; wildList.indexOf(symbol) != -1): null

2019-08-10 23:56:57 - [TEST_STEP][PASSED] - free_spin_reel_counter = free_spin_reel_counter: null

2019-08-10 23:56:57 - [TEST_STEP][PASSED] - println("reel 3 wild found: " + free_spin_reel_counter[0]): null

2019-08-10 23:56:57 - [TEST_STEP][PASSED] - println("reel 4 wild found: " + free_spin_reel_counter[1]): null

2019-08-10 23:56:57 - [TEST_STEP][PASSED] - println("reel 5 wild found: " + free_spin_reel_counter[2]): null

2019-08-10 23:56:57 - [TEST_STEP][PASSED] - M4_spin_reels = M4_spin_reels: null

2019-08-10 23:56:57 - [TEST_STEP][PASSED] - M4_spin_reels_symbols = symbol: null

2019-08-10 23:56:57 - [TEST_STEP][PASSED] - M4_spin_reels_symbols = M4_spin_reels_symbols: null

2019-08-10 23:56:57 - [TEST_STEP][PASSED] - M4_spin_reel_wins = reel_wins: null

2019-08-10 23:56:57 - [TEST_STEP][PASSED] - M4_spin_reel_wins = M4_spin_reel_wins: null

2019-08-10 23:56:57 - [TEST_STEP][PASSED] - println("GlobalVariable.M4_spin_reel_wins is: " + M4_spin_reel_wins): null

2019-08-10 23:57:01 - [TEST_STEP][PASSED] - M4_spin_total_bonus_win_this_round = total_bonus_win_this_round: null

2019-08-10 23:57:01 - [TEST_STEP][PASSED] - M4_spin_total_bonus_win_this_round = M4_spin_total_bonus_win_this_round: null

2019-08-10 23:57:01 - [TEST_STEP][PASSED] - println("GlobalVariable.M4_spin_total_bonus_win_this_round is: " + M4_spin_total_bonus_win_this_round): null

2019-08-10 23:57:01 - [MESSAGE][PASSED] - Verify response successfully

2019-08-10 23:57:01 - [MESSAGE][PASSED] - Send request and verify the response successfully

2019-08-10 23:57:01 - [TEST_STEP][PASSED] - if (M4_total_bonus_spins_int != 0 &amp;&amp; M4_spin_reels_symbols[2].contains("WILD_Double") || M4_spin_reels_symbols[4].contains("WILD_Triple")): null

2019-08-10 23:57:01 - [TEST_STEP][PASSED] - free_spin_reel_counter = free_spin_reel_counter: null

2019-08-10 23:57:01 - [TEST_STEP][PASSED] - M4_spin_reels_symbols = M4_spin_reels_symbols: null

2019-08-10 23:57:01 - [TEST_STEP][PASSED] - M4_total_bonus_spins = M4_total_bonus_spins: null

2019-08-10 23:57:01 - [TEST_STEP][PASSED] - spin_result = sendRequestAndVerify(findTestObject("RGS(M4)/1_M4_spin", ["M4_login_user_id":M4_login_user_id, "rgs_session_token":rgs_session_token, "partner":Partner])): Send request and verify the response successfully

2019-08-10 23:57:01 - [TEST_CASE][PASSED] - Start Test Case : Verification: Verification accomplished successfully

2019-08-10 23:57:01 - [TEST_STEP][PASSED] - request = getInstance().getCurrentRequest(): null

2019-08-10 23:57:01 - [TEST_STEP][PASSED] - response = getInstance().getCurrentResponse(): null

2019-08-10 23:57:01 - [TEST_STEP][PASSED] - verifyResponseStatusCode(response, 200): Verify response status code successfully

2019-08-10 23:57:01 - [MESSAGE][PASSED] - Verify response status code successfully

2019-08-10 23:57:01 - [TEST_STEP][PASSED] - getStatusCode()).isEqualTo(200): null

2019-08-10 23:57:01 - [TEST_STEP][PASSED] - newline = System.getProperty("line.separator"): null

2019-08-10 23:57:01 - [TEST_STEP][PASSED] - M4_spin = new groovy.json.JsonSlurper(): null

2019-08-10 23:57:01 - [TEST_STEP][PASSED] - result_M4_spin = M4_spin.parseText(response.getResponseBodyContent()): null

2019-08-10 23:57:01 - [TEST_STEP][PASSED] - M4_spin_current_balance = current_balance: null

2019-08-10 23:57:01 - [TEST_STEP][PASSED] - M4_spin_current_balance = M4_spin_current_balance: null

2019-08-10 23:57:01 - [TEST_STEP][PASSED] - M4_spin_transaction_id = causality: null

2019-08-10 23:57:01 - [TEST_STEP][PASSED] - M4_spin_transaction_id = M4_spin_transaction_id: null

2019-08-10 23:57:01 - [TEST_STEP][PASSED] - M4_spin_round_id = round_id: null

2019-08-10 23:57:01 - [TEST_STEP][PASSED] - M4_spin_round_id = M4_spin_round_id: null

2019-08-10 23:57:01 - [TEST_STEP][PASSED] - M4_spin_line_wins = line_wins: null

2019-08-10 23:57:01 - [TEST_STEP][PASSED] - M4_spin_line_wins = M4_spin_line_wins: null

2019-08-10 23:57:01 - [TEST_STEP][PASSED] - M4_total_bonus_spins_int = total_bonus_spins: null

2019-08-10 23:57:01 - [TEST_STEP][PASSED] - println("******M4_total_bonus_spins type is:*******" + newline + getClass().getName()): null

2019-08-10 23:57:01 - [TEST_STEP][PASSED] - M4_total_bonus_spins_int = M4_total_bonus_spins_int: null

2019-08-10 23:57:01 - [TEST_STEP][PASSED] - M4_total_bonus_spins = Integer.toString(M4_total_bonus_spins_int): null

2019-08-10 23:57:01 - [TEST_STEP][PASSED] - M4_total_bonus_spins = M4_total_bonus_spins: null

2019-08-10 23:57:01 - [TEST_STEP][PASSED] - println("M4_total_bonus_spins is:" + M4_total_bonus_spins): null

2019-08-10 23:57:01 - [TEST_STEP][PASSED] - M4_spin_bonus_data = bonus_data: null

2019-08-10 23:57:01 - [TEST_STEP][PASSED] - M4_spin_features_triggered = result_M4_spin: null

2019-08-10 23:57:01 - [TEST_STEP][PASSED] - wild = []: null

2019-08-10 23:57:01 - [TEST_STEP][PASSED] - wild[0] = "WILD_Expanding": null

2019-08-10 23:57:01 - [TEST_STEP][PASSED] - wild[1] = "WILD_Normal": null

2019-08-10 23:57:01 - [TEST_STEP][PASSED] - wild[2] = "WILD_Double": null

2019-08-10 23:57:01 - [TEST_STEP][PASSED] - wild[3] = "WILD_ExtraFG": null

2019-08-10 23:57:01 - [TEST_STEP][PASSED] - wild[4] = "WILD_Triple": null

2019-08-10 23:57:01 - [TEST_STEP][PASSED] - wildList = Arrays.asList(wild): null

2019-08-10 23:57:01 - [TEST_STEP][PASSED] - wildList = wildList: null

2019-08-10 23:57:01 - [TEST_STEP][PASSED] - free_spin_reel_counter = []: null

2019-08-10 23:57:01 - [TEST_STEP][PASSED] - free_spin_reel_counter[0] = 0: null

2019-08-10 23:57:01 - [TEST_STEP][PASSED] - free_spin_reel_counter[1] = 0: null

2019-08-10 23:57:01 - [TEST_STEP][PASSED] - free_spin_reel_counter[2] = 0: null

2019-08-10 23:57:01 - [TEST_STEP][PASSED] - M4_spin_reels = reels: null

2019-08-10 23:57:01 - [TEST_STEP][PASSED] - for ([i = 0, i &lt; M4_spin_reels.size(), (i++)]): null

2019-08-10 23:57:01 - [TEST_STEP][PASSED] - symbols = symbols: null

2019-08-10 23:57:01 - [TEST_STEP][PASSED] - for ([j = 0, j &lt; symbols.size(), (j++)]): null

2019-08-10 23:57:01 - [TEST_STEP][PASSED] - symbol = symbol: null

2019-08-10 23:57:01 - [TEST_STEP][PASSED] - println(symbol): null

2019-08-10 23:57:01 - [TEST_STEP][PASSED] - if (i == 2 &amp;&amp; wildList.indexOf(symbol) != -1): null

2019-08-10 23:57:01 - [TEST_STEP][PASSED] - if (i == 3 &amp;&amp; wildList.indexOf(symbol) != -1): null

2019-08-10 23:57:01 - [TEST_STEP][PASSED] - if (i == 4 &amp;&amp; wildList.indexOf(symbol) != -1): null

2019-08-10 23:57:01 - [TEST_STEP][PASSED] - symbol = symbol: null

2019-08-10 23:57:01 - [TEST_STEP][PASSED] - println(symbol): null

2019-08-10 23:57:01 - [TEST_STEP][PASSED] - if (i == 2 &amp;&amp; wildList.indexOf(symbol) != -1): null

2019-08-10 23:57:01 - [TEST_STEP][PASSED] - if (i == 3 &amp;&amp; wildList.indexOf(symbol) != -1): null

2019-08-10 23:57:01 - [TEST_STEP][PASSED] - if (i == 4 &amp;&amp; wildList.indexOf(symbol) != -1): null

2019-08-10 23:57:01 - [TEST_STEP][PASSED] - symbol = symbol: null

2019-08-10 23:57:01 - [TEST_STEP][PASSED] - println(symbol): null

2019-08-10 23:57:01 - [TEST_STEP][PASSED] - if (i == 2 &amp;&amp; wildList.indexOf(symbol) != -1): null

2019-08-10 23:57:01 - [TEST_STEP][PASSED] - if (i == 3 &amp;&amp; wildList.indexOf(symbol) != -1): null

2019-08-10 23:57:01 - [TEST_STEP][PASSED] - if (i == 4 &amp;&amp; wildList.indexOf(symbol) != -1): null

2019-08-10 23:57:01 - [TEST_STEP][PASSED] - symbols = symbols: null

2019-08-10 23:57:01 - [TEST_STEP][PASSED] - for ([j = 0, j &lt; symbols.size(), (j++)]): null

2019-08-10 23:57:01 - [TEST_STEP][PASSED] - symbol = symbol: null

2019-08-10 23:57:01 - [TEST_STEP][PASSED] - println(symbol): null

2019-08-10 23:57:01 - [TEST_STEP][PASSED] - if (i == 2 &amp;&amp; wildList.indexOf(symbol) != -1): null

2019-08-10 23:57:01 - [TEST_STEP][PASSED] - if (i == 3 &amp;&amp; wildList.indexOf(symbol) != -1): null

2019-08-10 23:57:01 - [TEST_STEP][PASSED] - if (i == 4 &amp;&amp; wildList.indexOf(symbol) != -1): null

2019-08-10 23:57:01 - [TEST_STEP][PASSED] - symbol = symbol: null

2019-08-10 23:57:01 - [TEST_STEP][PASSED] - println(symbol): null

2019-08-10 23:57:01 - [TEST_STEP][PASSED] - if (i == 2 &amp;&amp; wildList.indexOf(symbol) != -1): null

2019-08-10 23:57:01 - [TEST_STEP][PASSED] - if (i == 3 &amp;&amp; wildList.indexOf(symbol) != -1): null

2019-08-10 23:57:01 - [TEST_STEP][PASSED] - if (i == 4 &amp;&amp; wildList.indexOf(symbol) != -1): null

2019-08-10 23:57:01 - [TEST_STEP][PASSED] - symbol = symbol: null

2019-08-10 23:57:01 - [TEST_STEP][PASSED] - println(symbol): null

2019-08-10 23:57:01 - [TEST_STEP][PASSED] - if (i == 2 &amp;&amp; wildList.indexOf(symbol) != -1): null

2019-08-10 23:57:01 - [TEST_STEP][PASSED] - if (i == 3 &amp;&amp; wildList.indexOf(symbol) != -1): null

2019-08-10 23:57:01 - [TEST_STEP][PASSED] - if (i == 4 &amp;&amp; wildList.indexOf(symbol) != -1): null

2019-08-10 23:57:01 - [TEST_STEP][PASSED] - symbols = symbols: null

2019-08-10 23:57:01 - [TEST_STEP][PASSED] - for ([j = 0, j &lt; symbols.size(), (j++)]): null

2019-08-10 23:57:01 - [TEST_STEP][PASSED] - symbol = symbol: null

2019-08-10 23:57:01 - [TEST_STEP][PASSED] - println(symbol): null

2019-08-10 23:57:01 - [TEST_STEP][PASSED] - if (i == 2 &amp;&amp; wildList.indexOf(symbol) != -1): null

2019-08-10 23:57:01 - [TEST_STEP][PASSED] - if (i == 3 &amp;&amp; wildList.indexOf(symbol) != -1): null

2019-08-10 23:57:01 - [TEST_STEP][PASSED] - if (i == 4 &amp;&amp; wildList.indexOf(symbol) != -1): null

2019-08-10 23:57:01 - [TEST_STEP][PASSED] - symbol = symbol: null

2019-08-10 23:57:01 - [TEST_STEP][PASSED] - println(symbol): null

2019-08-10 23:57:01 - [TEST_STEP][PASSED] - if (i == 2 &amp;&amp; wildList.indexOf(symbol) != -1): null

2019-08-10 23:57:01 - [TEST_STEP][PASSED] - if (i == 3 &amp;&amp; wildList.indexOf(symbol) != -1): null

2019-08-10 23:57:01 - [TEST_STEP][PASSED] - if (i == 4 &amp;&amp; wildList.indexOf(symbol) != -1): null

2019-08-10 23:57:01 - [TEST_STEP][PASSED] - symbol = symbol: null

2019-08-10 23:57:01 - [TEST_STEP][PASSED] - println(symbol): null

2019-08-10 23:57:01 - [TEST_STEP][PASSED] - if (i == 2 &amp;&amp; wildList.indexOf(symbol) != -1): null

2019-08-10 23:57:01 - [TEST_STEP][PASSED] - if (i == 3 &amp;&amp; wildList.indexOf(symbol) != -1): null

2019-08-10 23:57:01 - [TEST_STEP][PASSED] - if (i == 4 &amp;&amp; wildList.indexOf(symbol) != -1): null

2019-08-10 23:57:01 - [TEST_STEP][PASSED] - symbols = symbols: null

2019-08-10 23:57:01 - [TEST_STEP][PASSED] - for ([j = 0, j &lt; symbols.size(), (j++)]): null

2019-08-10 23:57:01 - [TEST_STEP][PASSED] - symbol = symbol: null

2019-08-10 23:57:01 - [TEST_STEP][PASSED] - println(symbol): null

2019-08-10 23:57:01 - [TEST_STEP][PASSED] - if (i == 2 &amp;&amp; wildList.indexOf(symbol) != -1): null

2019-08-10 23:57:01 - [TEST_STEP][PASSED] - if (i == 3 &amp;&amp; wildList.indexOf(symbol) != -1): null

2019-08-10 23:57:01 - [TEST_STEP][PASSED] - if (i == 4 &amp;&amp; wildList.indexOf(symbol) != -1): null

2019-08-10 23:57:01 - [TEST_STEP][PASSED] - symbol = symbol: null

2019-08-10 23:57:01 - [TEST_STEP][PASSED] - println(symbol): null

2019-08-10 23:57:01 - [TEST_STEP][PASSED] - if (i == 2 &amp;&amp; wildList.indexOf(symbol) != -1): null

2019-08-10 23:57:01 - [TEST_STEP][PASSED] - if (i == 3 &amp;&amp; wildList.indexOf(symbol) != -1): null

2019-08-10 23:57:01 - [TEST_STEP][PASSED] - if (i == 4 &amp;&amp; wildList.indexOf(symbol) != -1): null

2019-08-10 23:57:01 - [TEST_STEP][PASSED] - symbol = symbol: null

2019-08-10 23:57:01 - [TEST_STEP][PASSED] - println(symbol): null

2019-08-10 23:57:01 - [TEST_STEP][PASSED] - if (i == 2 &amp;&amp; wildList.indexOf(symbol) != -1): null

2019-08-10 23:57:01 - [TEST_STEP][PASSED] - if (i == 3 &amp;&amp; wildList.indexOf(symbol) != -1): null

2019-08-10 23:57:01 - [TEST_STEP][PASSED] - if (i == 4 &amp;&amp; wildList.indexOf(symbol) != -1): null

2019-08-10 23:57:01 - [TEST_STEP][PASSED] - symbols = symbols: null

2019-08-10 23:57:01 - [TEST_STEP][PASSED] - for ([j = 0, j &lt; symbols.size(), (j++)]): null

2019-08-10 23:57:01 - [TEST_STEP][PASSED] - symbol = symbol: null

2019-08-10 23:57:01 - [TEST_STEP][PASSED] - println(symbol): null

2019-08-10 23:57:01 - [TEST_STEP][PASSED] - if (i == 2 &amp;&amp; wildList.indexOf(symbol) != -1): null

2019-08-10 23:57:01 - [TEST_STEP][PASSED] - if (i == 3 &amp;&amp; wildList.indexOf(symbol) != -1): null

2019-08-10 23:57:01 - [TEST_STEP][PASSED] - if (i == 4 &amp;&amp; wildList.indexOf(symbol) != -1): null

2019-08-10 23:57:01 - [TEST_STEP][PASSED] - symbol = symbol: null

2019-08-10 23:57:01 - [TEST_STEP][PASSED] - println(symbol): null

2019-08-10 23:57:01 - [TEST_STEP][PASSED] - if (i == 2 &amp;&amp; wildList.indexOf(symbol) != -1): null

2019-08-10 23:57:01 - [TEST_STEP][PASSED] - if (i == 3 &amp;&amp; wildList.indexOf(symbol) != -1): null

2019-08-10 23:57:01 - [TEST_STEP][PASSED] - if (i == 4 &amp;&amp; wildList.indexOf(symbol) != -1): null

2019-08-10 23:57:01 - [TEST_STEP][PASSED] - symbol = symbol: null

2019-08-10 23:57:01 - [TEST_STEP][PASSED] - println(symbol): null

2019-08-10 23:57:01 - [TEST_STEP][PASSED] - if (i == 2 &amp;&amp; wildList.indexOf(symbol) != -1): null

2019-08-10 23:57:01 - [TEST_STEP][PASSED] - if (i == 3 &amp;&amp; wildList.indexOf(symbol) != -1): null

2019-08-10 23:57:01 - [TEST_STEP][PASSED] - if (i == 4 &amp;&amp; wildList.indexOf(symbol) != -1): null

2019-08-10 23:57:01 - [TEST_STEP][PASSED] - free_spin_reel_counter = free_spin_reel_counter: null

2019-08-10 23:57:01 - [TEST_STEP][PASSED] - println("reel 3 wild found: " + free_spin_reel_counter[0]): null

2019-08-10 23:57:01 - [TEST_STEP][PASSED] - println("reel 4 wild found: " + free_spin_reel_counter[1]): null

2019-08-10 23:57:01 - [TEST_STEP][PASSED] - println("reel 5 wild found: " + free_spin_reel_counter[2]): null

2019-08-10 23:57:01 - [TEST_STEP][PASSED] - M4_spin_reels = M4_spin_reels: null

2019-08-10 23:57:01 - [TEST_STEP][PASSED] - M4_spin_reels_symbols = symbol: null

2019-08-10 23:57:01 - [TEST_STEP][PASSED] - M4_spin_reels_symbols = M4_spin_reels_symbols: null

2019-08-10 23:57:01 - [TEST_STEP][PASSED] - M4_spin_reel_wins = reel_wins: null

2019-08-10 23:57:01 - [TEST_STEP][PASSED] - M4_spin_reel_wins = M4_spin_reel_wins: null

2019-08-10 23:57:01 - [TEST_STEP][PASSED] - println("GlobalVariable.M4_spin_reel_wins is: " + M4_spin_reel_wins): null

2019-08-10 23:57:01 - [TEST_STEP][PASSED] - M4_spin_total_bonus_win_this_round = total_bonus_win_this_round: null

2019-08-10 23:57:01 - [TEST_STEP][PASSED] - M4_spin_total_bonus_win_this_round = M4_spin_total_bonus_win_this_round: null

2019-08-10 23:57:01 - [TEST_STEP][PASSED] - println("GlobalVariable.M4_spin_total_bonus_win_this_round is: " + M4_spin_total_bonus_win_this_round): null

2019-08-10 23:57:01 - [MESSAGE][PASSED] - Verify response successfully

2019-08-10 23:57:01 - [MESSAGE][PASSED] - Send request and verify the response successfully

2019-08-10 23:57:01 - [TEST_STEP][PASSED] - if (M4_total_bonus_spins_int != 0 &amp;&amp; M4_spin_reels_symbols[2].contains("WILD_Double") || M4_spin_reels_symbols[4].contains("WILD_Triple")): null

2019-08-10 23:57:01 - [TEST_STEP][PASSED] - free_spin_reel_counter = free_spin_reel_counter: null

2019-08-10 23:57:01 - [TEST_STEP][PASSED] - M4_spin_reels_symbols = M4_spin_reels_symbols: null

2019-08-10 23:57:01 - [TEST_STEP][PASSED] - M4_total_bonus_spins = M4_total_bonus_spins: null

2019-08-10 23:57:01 - [TEST_STEP][PASSED] - spin_result = sendRequestAndVerify(findTestObject("RGS(M4)/1_M4_spin", ["M4_login_user_id":M4_login_user_id, "rgs_session_token":rgs_session_token, "partner":Partner])): Send request and verify the response successfully

2019-08-10 23:57:01 - [TEST_CASE][PASSED] - Start Test Case : Verification: Verification accomplished successfully

2019-08-10 23:57:02 - [TEST_STEP][PASSED] - request = getInstance().getCurrentRequest(): null

2019-08-10 23:57:02 - [TEST_STEP][PASSED] - response = getInstance().getCurrentResponse(): null

2019-08-10 23:57:02 - [TEST_STEP][PASSED] - verifyResponseStatusCode(response, 200): Verify response status code successfully

2019-08-10 23:57:02 - [MESSAGE][PASSED] - Verify response status code successfully

2019-08-10 23:57:02 - [TEST_STEP][PASSED] - getStatusCode()).isEqualTo(200): null

2019-08-10 23:57:02 - [TEST_STEP][PASSED] - newline = System.getProperty("line.separator"): null

2019-08-10 23:57:02 - [TEST_STEP][PASSED] - M4_spin = new groovy.json.JsonSlurper(): null

2019-08-10 23:57:02 - [TEST_STEP][PASSED] - result_M4_spin = M4_spin.parseText(response.getResponseBodyContent()): null

2019-08-10 23:57:02 - [TEST_STEP][PASSED] - M4_spin_current_balance = current_balance: null

2019-08-10 23:57:02 - [TEST_STEP][PASSED] - M4_spin_current_balance = M4_spin_current_balance: null

2019-08-10 23:57:02 - [TEST_STEP][PASSED] - M4_spin_transaction_id = causality: null

2019-08-10 23:57:02 - [TEST_STEP][PASSED] - M4_spin_transaction_id = M4_spin_transaction_id: null

2019-08-10 23:57:02 - [TEST_STEP][PASSED] - M4_spin_round_id = round_id: null

2019-08-10 23:57:02 - [TEST_STEP][PASSED] - M4_spin_round_id = M4_spin_round_id: null

2019-08-10 23:57:02 - [TEST_STEP][PASSED] - M4_spin_line_wins = line_wins: null

2019-08-10 23:57:02 - [TEST_STEP][PASSED] - M4_spin_line_wins = M4_spin_line_wins: null

2019-08-10 23:57:02 - [TEST_STEP][PASSED] - M4_total_bonus_spins_int = total_bonus_spins: null

2019-08-10 23:57:02 - [TEST_STEP][PASSED] - println("******M4_total_bonus_spins type is:*******" + newline + getClass().getName()): null

2019-08-10 23:57:02 - [TEST_STEP][PASSED] - M4_total_bonus_spins_int = M4_total_bonus_spins_int: null

2019-08-10 23:57:02 - [TEST_STEP][PASSED] - M4_total_bonus_spins = Integer.toString(M4_total_bonus_spins_int): null

2019-08-10 23:57:02 - [TEST_STEP][PASSED] - M4_total_bonus_spins = M4_total_bonus_spins: null

2019-08-10 23:57:02 - [TEST_STEP][PASSED] - println("M4_total_bonus_spins is:" + M4_total_bonus_spins): null

2019-08-10 23:57:02 - [TEST_STEP][PASSED] - M4_spin_bonus_data = bonus_data: null

2019-08-10 23:57:02 - [TEST_STEP][PASSED] - M4_spin_features_triggered = result_M4_spin: null

2019-08-10 23:57:02 - [TEST_STEP][PASSED] - wild = []: null

2019-08-10 23:57:02 - [TEST_STEP][PASSED] - wild[0] = "WILD_Expanding": null

2019-08-10 23:57:02 - [TEST_STEP][PASSED] - wild[1] = "WILD_Normal": null

2019-08-10 23:57:02 - [TEST_STEP][PASSED] - wild[2] = "WILD_Double": null

2019-08-10 23:57:02 - [TEST_STEP][PASSED] - wild[3] = "WILD_ExtraFG": null

2019-08-10 23:57:02 - [TEST_STEP][PASSED] - wild[4] = "WILD_Triple": null

2019-08-10 23:57:02 - [TEST_STEP][PASSED] - wildList = Arrays.asList(wild): null

2019-08-10 23:57:02 - [TEST_STEP][PASSED] - wildList = wildList: null

2019-08-10 23:57:02 - [TEST_STEP][PASSED] - free_spin_reel_counter = []: null

2019-08-10 23:57:02 - [TEST_STEP][PASSED] - free_spin_reel_counter[0] = 0: null

2019-08-10 23:57:02 - [TEST_STEP][PASSED] - free_spin_reel_counter[1] = 0: null

2019-08-10 23:57:02 - [TEST_STEP][PASSED] - free_spin_reel_counter[2] = 0: null

2019-08-10 23:57:02 - [TEST_STEP][PASSED] - M4_spin_reels = reels: null

2019-08-10 23:57:02 - [TEST_STEP][PASSED] - for ([i = 0, i &lt; M4_spin_reels.size(), (i++)]): null

2019-08-10 23:57:02 - [TEST_STEP][PASSED] - symbols = symbols: null

2019-08-10 23:57:02 - [TEST_STEP][PASSED] - for ([j = 0, j &lt; symbols.size(), (j++)]): null

2019-08-10 23:57:02 - [TEST_STEP][PASSED] - symbol = symbol: null

2019-08-10 23:57:02 - [TEST_STEP][PASSED] - println(symbol): null

2019-08-10 23:57:02 - [TEST_STEP][PASSED] - if (i == 2 &amp;&amp; wildList.indexOf(symbol) != -1): null

2019-08-10 23:57:02 - [TEST_STEP][PASSED] - if (i == 3 &amp;&amp; wildList.indexOf(symbol) != -1): null

2019-08-10 23:57:02 - [TEST_STEP][PASSED] - if (i == 4 &amp;&amp; wildList.indexOf(symbol) != -1): null

2019-08-10 23:57:02 - [TEST_STEP][PASSED] - symbol = symbol: null

2019-08-10 23:57:02 - [TEST_STEP][PASSED] - println(symbol): null

2019-08-10 23:57:02 - [TEST_STEP][PASSED] - if (i == 2 &amp;&amp; wildList.indexOf(symbol) != -1): null

2019-08-10 23:57:02 - [TEST_STEP][PASSED] - if (i == 3 &amp;&amp; wildList.indexOf(symbol) != -1): null

2019-08-10 23:57:02 - [TEST_STEP][PASSED] - if (i == 4 &amp;&amp; wildList.indexOf(symbol) != -1): null

2019-08-10 23:57:02 - [TEST_STEP][PASSED] - symbol = symbol: null

2019-08-10 23:57:02 - [TEST_STEP][PASSED] - println(symbol): null

2019-08-10 23:57:02 - [TEST_STEP][PASSED] - if (i == 2 &amp;&amp; wildList.indexOf(symbol) != -1): null

2019-08-10 23:57:02 - [TEST_STEP][PASSED] - if (i == 3 &amp;&amp; wildList.indexOf(symbol) != -1): null

2019-08-10 23:57:02 - [TEST_STEP][PASSED] - if (i == 4 &amp;&amp; wildList.indexOf(symbol) != -1): null

2019-08-10 23:57:02 - [TEST_STEP][PASSED] - symbols = symbols: null

2019-08-10 23:57:02 - [TEST_STEP][PASSED] - for ([j = 0, j &lt; symbols.size(), (j++)]): null

2019-08-10 23:57:02 - [TEST_STEP][PASSED] - symbol = symbol: null

2019-08-10 23:57:02 - [TEST_STEP][PASSED] - println(symbol): null

2019-08-10 23:57:02 - [TEST_STEP][PASSED] - if (i == 2 &amp;&amp; wildList.indexOf(symbol) != -1): null

2019-08-10 23:57:02 - [TEST_STEP][PASSED] - if (i == 3 &amp;&amp; wildList.indexOf(symbol) != -1): null

2019-08-10 23:57:02 - [TEST_STEP][PASSED] - if (i == 4 &amp;&amp; wildList.indexOf(symbol) != -1): null

2019-08-10 23:57:02 - [TEST_STEP][PASSED] - symbol = symbol: null

2019-08-10 23:57:02 - [TEST_STEP][PASSED] - println(symbol): null

2019-08-10 23:57:02 - [TEST_STEP][PASSED] - if (i == 2 &amp;&amp; wildList.indexOf(symbol) != -1): null

2019-08-10 23:57:02 - [TEST_STEP][PASSED] - if (i == 3 &amp;&amp; wildList.indexOf(symbol) != -1): null

2019-08-10 23:57:02 - [TEST_STEP][PASSED] - if (i == 4 &amp;&amp; wildList.indexOf(symbol) != -1): null

2019-08-10 23:57:02 - [TEST_STEP][PASSED] - symbol = symbol: null

2019-08-10 23:57:02 - [TEST_STEP][PASSED] - println(symbol): null

2019-08-10 23:57:02 - [TEST_STEP][PASSED] - if (i == 2 &amp;&amp; wildList.indexOf(symbol) != -1): null

2019-08-10 23:57:02 - [TEST_STEP][PASSED] - if (i == 3 &amp;&amp; wildList.indexOf(symbol) != -1): null

2019-08-10 23:57:02 - [TEST_STEP][PASSED] - if (i == 4 &amp;&amp; wildList.indexOf(symbol) != -1): null

2019-08-10 23:57:02 - [TEST_STEP][PASSED] - symbols = symbols: null

2019-08-10 23:57:02 - [TEST_STEP][PASSED] - for ([j = 0, j &lt; symbols.size(), (j++)]): null

2019-08-10 23:57:02 - [TEST_STEP][PASSED] - symbol = symbol: null

2019-08-10 23:57:02 - [TEST_STEP][PASSED] - println(symbol): null

2019-08-10 23:57:02 - [TEST_STEP][PASSED] - if (i == 2 &amp;&amp; wildList.indexOf(symbol) != -1): null

2019-08-10 23:57:02 - [TEST_STEP][PASSED] - if (i == 3 &amp;&amp; wildList.indexOf(symbol) != -1): null

2019-08-10 23:57:02 - [TEST_STEP][PASSED] - if (i == 4 &amp;&amp; wildList.indexOf(symbol) != -1): null

2019-08-10 23:57:02 - [TEST_STEP][PASSED] - symbol = symbol: null

2019-08-10 23:57:02 - [TEST_STEP][PASSED] - println(symbol): null

2019-08-10 23:57:02 - [TEST_STEP][PASSED] - if (i == 2 &amp;&amp; wildList.indexOf(symbol) != -1): null

2019-08-10 23:57:02 - [TEST_STEP][PASSED] - if (i == 3 &amp;&amp; wildList.indexOf(symbol) != -1): null

2019-08-10 23:57:02 - [TEST_STEP][PASSED] - if (i == 4 &amp;&amp; wildList.indexOf(symbol) != -1): null

2019-08-10 23:57:02 - [TEST_STEP][PASSED] - symbol = symbol: null

2019-08-10 23:57:02 - [TEST_STEP][PASSED] - println(symbol): null

2019-08-10 23:57:02 - [TEST_STEP][PASSED] - if (i == 2 &amp;&amp; wildList.indexOf(symbol) != -1): null

2019-08-10 23:57:02 - [TEST_STEP][PASSED] - if (i == 3 &amp;&amp; wildList.indexOf(symbol) != -1): null

2019-08-10 23:57:02 - [TEST_STEP][PASSED] - if (i == 4 &amp;&amp; wildList.indexOf(symbol) != -1): null

2019-08-10 23:57:02 - [TEST_STEP][PASSED] - symbols = symbols: null

2019-08-10 23:57:02 - [TEST_STEP][PASSED] - for ([j = 0, j &lt; symbols.size(), (j++)]): null

2019-08-10 23:57:02 - [TEST_STEP][PASSED] - symbol = symbol: null

2019-08-10 23:57:02 - [TEST_STEP][PASSED] - println(symbol): null

2019-08-10 23:57:02 - [TEST_STEP][PASSED] - if (i == 2 &amp;&amp; wildList.indexOf(symbol) != -1): null

2019-08-10 23:57:02 - [TEST_STEP][PASSED] - if (i == 3 &amp;&amp; wildList.indexOf(symbol) != -1): null

2019-08-10 23:57:02 - [TEST_STEP][PASSED] - if (i == 4 &amp;&amp; wildList.indexOf(symbol) != -1): null

2019-08-10 23:57:02 - [TEST_STEP][PASSED] - symbol = symbol: null

2019-08-10 23:57:02 - [TEST_STEP][PASSED] - println(symbol): null

2019-08-10 23:57:02 - [TEST_STEP][PASSED] - if (i == 2 &amp;&amp; wildList.indexOf(symbol) != -1): null

2019-08-10 23:57:02 - [TEST_STEP][PASSED] - if (i == 3 &amp;&amp; wildList.indexOf(symbol) != -1): null

2019-08-10 23:57:02 - [TEST_STEP][PASSED] - if (i == 4 &amp;&amp; wildList.indexOf(symbol) != -1): null

2019-08-10 23:57:02 - [TEST_STEP][PASSED] - symbol = symbol: null

2019-08-10 23:57:02 - [TEST_STEP][PASSED] - println(symbol): null

2019-08-10 23:57:02 - [TEST_STEP][PASSED] - if (i == 2 &amp;&amp; wildList.indexOf(symbol) != -1): null

2019-08-10 23:57:02 - [TEST_STEP][PASSED] - if (i == 3 &amp;&amp; wildList.indexOf(symbol) != -1): null

2019-08-10 23:57:02 - [TEST_STEP][PASSED] - if (i == 4 &amp;&amp; wildList.indexOf(symbol) != -1): null

2019-08-10 23:57:02 - [TEST_STEP][PASSED] - symbols = symbols: null

2019-08-10 23:57:02 - [TEST_STEP][PASSED] - for ([j = 0, j &lt; symbols.size(), (j++)]): null

2019-08-10 23:57:02 - [TEST_STEP][PASSED] - symbol = symbol: null

2019-08-10 23:57:02 - [TEST_STEP][PASSED] - println(symbol): null

2019-08-10 23:57:02 - [TEST_STEP][PASSED] - if (i == 2 &amp;&amp; wildList.indexOf(symbol) != -1): null

2019-08-10 23:57:02 - [TEST_STEP][PASSED] - if (i == 3 &amp;&amp; wildList.indexOf(symbol) != -1): null

2019-08-10 23:57:02 - [TEST_STEP][PASSED] - if (i == 4 &amp;&amp; wildList.indexOf(symbol) != -1): null

2019-08-10 23:57:02 - [TEST_STEP][PASSED] - symbol = symbol: null

2019-08-10 23:57:02 - [TEST_STEP][PASSED] - println(symbol): null

2019-08-10 23:57:02 - [TEST_STEP][PASSED] - if (i == 2 &amp;&amp; wildList.indexOf(symbol) != -1): null

2019-08-10 23:57:02 - [TEST_STEP][PASSED] - if (i == 3 &amp;&amp; wildList.indexOf(symbol) != -1): null

2019-08-10 23:57:02 - [TEST_STEP][PASSED] - if (i == 4 &amp;&amp; wildList.indexOf(symbol) != -1): null

2019-08-10 23:57:02 - [TEST_STEP][PASSED] - symbol = symbol: null

2019-08-10 23:57:02 - [TEST_STEP][PASSED] - println(symbol): null

2019-08-10 23:57:02 - [TEST_STEP][PASSED] - if (i == 2 &amp;&amp; wildList.indexOf(symbol) != -1): null

2019-08-10 23:57:02 - [TEST_STEP][PASSED] - if (i == 3 &amp;&amp; wildList.indexOf(symbol) != -1): null

2019-08-10 23:57:02 - [TEST_STEP][PASSED] - if (i == 4 &amp;&amp; wildList.indexOf(symbol) != -1): null

2019-08-10 23:57:02 - [TEST_STEP][PASSED] - free_spin_reel_counter = free_spin_reel_counter: null

2019-08-10 23:57:02 - [TEST_STEP][PASSED] - println("reel 3 wild found: " + free_spin_reel_counter[0]): null

2019-08-10 23:57:02 - [TEST_STEP][PASSED] - println("reel 4 wild found: " + free_spin_reel_counter[1]): null

2019-08-10 23:57:02 - [TEST_STEP][PASSED] - println("reel 5 wild found: " + free_spin_reel_counter[2]): null

2019-08-10 23:57:02 - [TEST_STEP][PASSED] - M4_spin_reels = M4_spin_reels: null

2019-08-10 23:57:02 - [TEST_STEP][PASSED] - M4_spin_reels_symbols = symbol: null

2019-08-10 23:57:02 - [TEST_STEP][PASSED] - M4_spin_reels_symbols = M4_spin_reels_symbols: null

2019-08-10 23:57:02 - [TEST_STEP][PASSED] - M4_spin_reel_wins = reel_wins: null

2019-08-10 23:57:02 - [TEST_STEP][PASSED] - M4_spin_reel_wins = M4_spin_reel_wins: null

2019-08-10 23:57:02 - [TEST_STEP][PASSED] - println("GlobalVariable.M4_spin_reel_wins is: " + M4_spin_reel_wins): null

2019-08-10 23:57:02 - [TEST_STEP][PASSED] - M4_spin_total_bonus_win_this_round = total_bonus_win_this_round: null

2019-08-10 23:57:02 - [TEST_STEP][PASSED] - M4_spin_total_bonus_win_this_round = M4_spin_total_bonus_win_this_round: null

2019-08-10 23:57:02 - [TEST_STEP][PASSED] - println("GlobalVariable.M4_spin_total_bonus_win_this_round is: " + M4_spin_total_bonus_win_this_round): null

2019-08-10 23:57:02 - [MESSAGE][PASSED] - Verify response successfully

2019-08-10 23:57:02 - [MESSAGE][PASSED] - Send request and verify the response successfully

2019-08-10 23:57:02 - [TEST_STEP][PASSED] - if (M4_total_bonus_spins_int != 0 &amp;&amp; M4_spin_reels_symbols[2].contains("WILD_Double") || M4_spin_reels_symbols[4].contains("WILD_Triple")): null

2019-08-10 23:57:02 - [TEST_STEP][PASSED] - free_spin_reel_counter = free_spin_reel_counter: null

2019-08-10 23:57:02 - [TEST_STEP][PASSED] - M4_spin_reels_symbols = M4_spin_reels_symbols: null

2019-08-10 23:57:02 - [TEST_STEP][PASSED] - M4_total_bonus_spins = M4_total_bonus_spins: null

2019-08-10 23:57:02 - [TEST_STEP][PASSED] - spin_result = sendRequestAndVerify(findTestObject("RGS(M4)/1_M4_spin", ["M4_login_user_id":M4_login_user_id, "rgs_session_token":rgs_session_token, "partner":Partner])): Send request and verify the response successfully

2019-08-10 23:57:02 - [TEST_CASE][PASSED] - Start Test Case : Verification: Verification accomplished successfully

2019-08-10 23:57:02 - [TEST_STEP][PASSED] - request = getInstance().getCurrentRequest(): null

2019-08-10 23:57:02 - [TEST_STEP][PASSED] - response = getInstance().getCurrentResponse(): null

2019-08-10 23:57:02 - [TEST_STEP][PASSED] - verifyResponseStatusCode(response, 200): Verify response status code successfully

2019-08-10 23:57:02 - [MESSAGE][PASSED] - Verify response status code successfully

2019-08-10 23:57:02 - [TEST_STEP][PASSED] - getStatusCode()).isEqualTo(200): null

2019-08-10 23:57:02 - [TEST_STEP][PASSED] - newline = System.getProperty("line.separator"): null

2019-08-10 23:57:02 - [TEST_STEP][PASSED] - M4_spin = new groovy.json.JsonSlurper(): null

2019-08-10 23:57:02 - [TEST_STEP][PASSED] - result_M4_spin = M4_spin.parseText(response.getResponseBodyContent()): null

2019-08-10 23:57:02 - [TEST_STEP][PASSED] - M4_spin_current_balance = current_balance: null

2019-08-10 23:57:02 - [TEST_STEP][PASSED] - M4_spin_current_balance = M4_spin_current_balance: null

2019-08-10 23:57:02 - [TEST_STEP][PASSED] - M4_spin_transaction_id = causality: null

2019-08-10 23:57:02 - [TEST_STEP][PASSED] - M4_spin_transaction_id = M4_spin_transaction_id: null

2019-08-10 23:57:02 - [TEST_STEP][PASSED] - M4_spin_round_id = round_id: null

2019-08-10 23:57:02 - [TEST_STEP][PASSED] - M4_spin_round_id = M4_spin_round_id: null

2019-08-10 23:57:02 - [TEST_STEP][PASSED] - M4_spin_line_wins = line_wins: null

2019-08-10 23:57:02 - [TEST_STEP][PASSED] - M4_spin_line_wins = M4_spin_line_wins: null

2019-08-10 23:57:02 - [TEST_STEP][PASSED] - M4_total_bonus_spins_int = total_bonus_spins: null

2019-08-10 23:57:02 - [TEST_STEP][PASSED] - println("******M4_total_bonus_spins type is:*******" + newline + getClass().getName()): null

2019-08-10 23:57:02 - [TEST_STEP][PASSED] - M4_total_bonus_spins_int = M4_total_bonus_spins_int: null

2019-08-10 23:57:02 - [TEST_STEP][PASSED] - M4_total_bonus_spins = Integer.toString(M4_total_bonus_spins_int): null

2019-08-10 23:57:02 - [TEST_STEP][PASSED] - M4_total_bonus_spins = M4_total_bonus_spins: null

2019-08-10 23:57:02 - [TEST_STEP][PASSED] - println("M4_total_bonus_spins is:" + M4_total_bonus_spins): null

2019-08-10 23:57:02 - [TEST_STEP][PASSED] - M4_spin_bonus_data = bonus_data: null

2019-08-10 23:57:02 - [TEST_STEP][PASSED] - M4_spin_features_triggered = result_M4_spin: null

2019-08-10 23:57:06 - [TEST_STEP][PASSED] - wild = []: null

2019-08-10 23:57:06 - [TEST_STEP][PASSED] - wild[0] = "WILD_Expanding": null

2019-08-10 23:57:06 - [TEST_STEP][PASSED] - wild[1] = "WILD_Normal": null

2019-08-10 23:57:06 - [TEST_STEP][PASSED] - wild[2] = "WILD_Double": null

2019-08-10 23:57:06 - [TEST_STEP][PASSED] - wild[3] = "WILD_ExtraFG": null

2019-08-10 23:57:06 - [TEST_STEP][PASSED] - wild[4] = "WILD_Triple": null

2019-08-10 23:57:06 - [TEST_STEP][PASSED] - wildList = Arrays.asList(wild): null

2019-08-10 23:57:06 - [TEST_STEP][PASSED] - wildList = wildList: null

2019-08-10 23:57:06 - [TEST_STEP][PASSED] - free_spin_reel_counter = []: null

2019-08-10 23:57:06 - [TEST_STEP][PASSED] - free_spin_reel_counter[0] = 0: null

2019-08-10 23:57:06 - [TEST_STEP][PASSED] - free_spin_reel_counter[1] = 0: null

2019-08-10 23:57:06 - [TEST_STEP][PASSED] - free_spin_reel_counter[2] = 0: null

2019-08-10 23:57:06 - [TEST_STEP][PASSED] - M4_spin_reels = reels: null

2019-08-10 23:57:06 - [TEST_STEP][PASSED] - for ([i = 0, i &lt; M4_spin_reels.size(), (i++)]): null

2019-08-10 23:57:06 - [TEST_STEP][PASSED] - symbols = symbols: null

2019-08-10 23:57:06 - [TEST_STEP][PASSED] - for ([j = 0, j &lt; symbols.size(), (j++)]): null

2019-08-10 23:57:06 - [TEST_STEP][PASSED] - symbol = symbol: null

2019-08-10 23:57:06 - [TEST_STEP][PASSED] - println(symbol): null

2019-08-10 23:57:06 - [TEST_STEP][PASSED] - if (i == 2 &amp;&amp; wildList.indexOf(symbol) != -1): null

2019-08-10 23:57:06 - [TEST_STEP][PASSED] - if (i == 3 &amp;&amp; wildList.indexOf(symbol) != -1): null

2019-08-10 23:57:06 - [TEST_STEP][PASSED] - if (i == 4 &amp;&amp; wildList.indexOf(symbol) != -1): null

2019-08-10 23:57:06 - [TEST_STEP][PASSED] - symbol = symbol: null

2019-08-10 23:57:06 - [TEST_STEP][PASSED] - println(symbol): null

2019-08-10 23:57:06 - [TEST_STEP][PASSED] - if (i == 2 &amp;&amp; wildList.indexOf(symbol) != -1): null

2019-08-10 23:57:06 - [TEST_STEP][PASSED] - if (i == 3 &amp;&amp; wildList.indexOf(symbol) != -1): null

2019-08-10 23:57:06 - [TEST_STEP][PASSED] - if (i == 4 &amp;&amp; wildList.indexOf(symbol) != -1): null

2019-08-10 23:57:06 - [TEST_STEP][PASSED] - symbol = symbol: null

2019-08-10 23:57:06 - [TEST_STEP][PASSED] - println(symbol): null

2019-08-10 23:57:06 - [TEST_STEP][PASSED] - if (i == 2 &amp;&amp; wildList.indexOf(symbol) != -1): null

2019-08-10 23:57:06 - [TEST_STEP][PASSED] - if (i == 3 &amp;&amp; wildList.indexOf(symbol) != -1): null

2019-08-10 23:57:06 - [TEST_STEP][PASSED] - if (i == 4 &amp;&amp; wildList.indexOf(symbol) != -1): null

2019-08-10 23:57:06 - [TEST_STEP][PASSED] - symbols = symbols: null

2019-08-10 23:57:06 - [TEST_STEP][PASSED] - for ([j = 0, j &lt; symbols.size(), (j++)]): null

2019-08-10 23:57:06 - [TEST_STEP][PASSED] - symbol = symbol: null

2019-08-10 23:57:06 - [TEST_STEP][PASSED] - println(symbol): null

2019-08-10 23:57:06 - [TEST_STEP][PASSED] - if (i == 2 &amp;&amp; wildList.indexOf(symbol) != -1): null

2019-08-10 23:57:06 - [TEST_STEP][PASSED] - if (i == 3 &amp;&amp; wildList.indexOf(symbol) != -1): null

2019-08-10 23:57:06 - [TEST_STEP][PASSED] - if (i == 4 &amp;&amp; wildList.indexOf(symbol) != -1): null

2019-08-10 23:57:06 - [TEST_STEP][PASSED] - symbol = symbol: null

2019-08-10 23:57:06 - [TEST_STEP][PASSED] - println(symbol): null

2019-08-10 23:57:06 - [TEST_STEP][PASSED] - if (i == 2 &amp;&amp; wildList.indexOf(symbol) != -1): null

2019-08-10 23:57:06 - [TEST_STEP][PASSED] - if (i == 3 &amp;&amp; wildList.indexOf(symbol) != -1): null

2019-08-10 23:57:06 - [TEST_STEP][PASSED] - if (i == 4 &amp;&amp; wildList.indexOf(symbol) != -1): null

2019-08-10 23:57:06 - [TEST_STEP][PASSED] - symbol = symbol: null

2019-08-10 23:57:06 - [TEST_STEP][PASSED] - println(symbol): null

2019-08-10 23:57:06 - [TEST_STEP][PASSED] - if (i == 2 &amp;&amp; wildList.indexOf(symbol) != -1): null

2019-08-10 23:57:06 - [TEST_STEP][PASSED] - if (i == 3 &amp;&amp; wildList.indexOf(symbol) != -1): null

2019-08-10 23:57:06 - [TEST_STEP][PASSED] - if (i == 4 &amp;&amp; wildList.indexOf(symbol) != -1): null

2019-08-10 23:57:06 - [TEST_STEP][PASSED] - symbols = symbols: null

2019-08-10 23:57:06 - [TEST_STEP][PASSED] - for ([j = 0, j &lt; symbols.size(), (j++)]): null

2019-08-10 23:57:06 - [TEST_STEP][PASSED] - symbol = symbol: null

2019-08-10 23:57:06 - [TEST_STEP][PASSED] - println(symbol): null

2019-08-10 23:57:06 - [TEST_STEP][PASSED] - if (i == 2 &amp;&amp; wildList.indexOf(symbol) != -1): null

2019-08-10 23:57:06 - [TEST_STEP][PASSED] - if (i == 3 &amp;&amp; wildList.indexOf(symbol) != -1): null

2019-08-10 23:57:06 - [TEST_STEP][PASSED] - if (i == 4 &amp;&amp; wildList.indexOf(symbol) != -1): null

2019-08-10 23:57:06 - [TEST_STEP][PASSED] - symbol = symbol: null

2019-08-10 23:57:06 - [TEST_STEP][PASSED] - println(symbol): null

2019-08-10 23:57:06 - [TEST_STEP][PASSED] - if (i == 2 &amp;&amp; wildList.indexOf(symbol) != -1): null

2019-08-10 23:57:06 - [TEST_STEP][PASSED] - if (i == 3 &amp;&amp; wildList.indexOf(symbol) != -1): null

2019-08-10 23:57:06 - [TEST_STEP][PASSED] - if (i == 4 &amp;&amp; wildList.indexOf(symbol) != -1): null

2019-08-10 23:57:06 - [TEST_STEP][PASSED] - symbol = symbol: null

2019-08-10 23:57:06 - [TEST_STEP][PASSED] - println(symbol): null

2019-08-10 23:57:06 - [TEST_STEP][PASSED] - if (i == 2 &amp;&amp; wildList.indexOf(symbol) != -1): null

2019-08-10 23:57:06 - [TEST_STEP][PASSED] - if (i == 3 &amp;&amp; wildList.indexOf(symbol) != -1): null

2019-08-10 23:57:06 - [TEST_STEP][PASSED] - if (i == 4 &amp;&amp; wildList.indexOf(symbol) != -1): null

2019-08-10 23:57:06 - [TEST_STEP][PASSED] - symbols = symbols: null

2019-08-10 23:57:06 - [TEST_STEP][PASSED] - for ([j = 0, j &lt; symbols.size(), (j++)]): null

2019-08-10 23:57:06 - [TEST_STEP][PASSED] - symbol = symbol: null

2019-08-10 23:57:06 - [TEST_STEP][PASSED] - println(symbol): null

2019-08-10 23:57:06 - [TEST_STEP][PASSED] - if (i == 2 &amp;&amp; wildList.indexOf(symbol) != -1): null

2019-08-10 23:57:06 - [TEST_STEP][PASSED] - if (i == 3 &amp;&amp; wildList.indexOf(symbol) != -1): null

2019-08-10 23:57:06 - [TEST_STEP][PASSED] - if (i == 4 &amp;&amp; wildList.indexOf(symbol) != -1): null

2019-08-10 23:57:06 - [TEST_STEP][PASSED] - symbol = symbol: null

2019-08-10 23:57:06 - [TEST_STEP][PASSED] - println(symbol): null

2019-08-10 23:57:06 - [TEST_STEP][PASSED] - if (i == 2 &amp;&amp; wildList.indexOf(symbol) != -1): null

2019-08-10 23:57:06 - [TEST_STEP][PASSED] - if (i == 3 &amp;&amp; wildList.indexOf(symbol) != -1): null

2019-08-10 23:57:06 - [TEST_STEP][PASSED] - if (i == 4 &amp;&amp; wildList.indexOf(symbol) != -1): null

2019-08-10 23:57:06 - [TEST_STEP][PASSED] - symbol = symbol: null

2019-08-10 23:57:06 - [TEST_STEP][PASSED] - println(symbol): null

2019-08-10 23:57:06 - [TEST_STEP][PASSED] - if (i == 2 &amp;&amp; wildList.indexOf(symbol) != -1): null

2019-08-10 23:57:06 - [TEST_STEP][PASSED] - if (i == 3 &amp;&amp; wildList.indexOf(symbol) != -1): null

2019-08-10 23:57:06 - [TEST_STEP][PASSED] - if (i == 4 &amp;&amp; wildList.indexOf(symbol) != -1): null

2019-08-10 23:57:06 - [TEST_STEP][PASSED] - symbols = symbols: null

2019-08-10 23:57:06 - [TEST_STEP][PASSED] - for ([j = 0, j &lt; symbols.size(), (j++)]): null

2019-08-10 23:57:06 - [TEST_STEP][PASSED] - symbol = symbol: null

2019-08-10 23:57:06 - [TEST_STEP][PASSED] - println(symbol): null

2019-08-10 23:57:06 - [TEST_STEP][PASSED] - if (i == 2 &amp;&amp; wildList.indexOf(symbol) != -1): null

2019-08-10 23:57:06 - [TEST_STEP][PASSED] - if (i == 3 &amp;&amp; wildList.indexOf(symbol) != -1): null

2019-08-10 23:57:06 - [TEST_STEP][PASSED] - if (i == 4 &amp;&amp; wildList.indexOf(symbol) != -1): null

2019-08-10 23:57:06 - [TEST_STEP][PASSED] - symbol = symbol: null

2019-08-10 23:57:06 - [TEST_STEP][PASSED] - println(symbol): null

2019-08-10 23:57:06 - [TEST_STEP][PASSED] - if (i == 2 &amp;&amp; wildList.indexOf(symbol) != -1): null

2019-08-10 23:57:06 - [TEST_STEP][PASSED] - if (i == 3 &amp;&amp; wildList.indexOf(symbol) != -1): null

2019-08-10 23:57:06 - [TEST_STEP][PASSED] - if (i == 4 &amp;&amp; wildList.indexOf(symbol) != -1): null

2019-08-10 23:57:06 - [TEST_STEP][PASSED] - symbol = symbol: null

2019-08-10 23:57:06 - [TEST_STEP][PASSED] - println(symbol): null

2019-08-10 23:57:06 - [TEST_STEP][PASSED] - if (i == 2 &amp;&amp; wildList.indexOf(symbol) != -1): null

2019-08-10 23:57:06 - [TEST_STEP][PASSED] - if (i == 3 &amp;&amp; wildList.indexOf(symbol) != -1): null

2019-08-10 23:57:06 - [TEST_STEP][PASSED] - if (i == 4 &amp;&amp; wildList.indexOf(symbol) != -1): null

2019-08-10 23:57:06 - [TEST_STEP][PASSED] - free_spin_reel_counter = free_spin_reel_counter: null

2019-08-10 23:57:06 - [TEST_STEP][PASSED] - println("reel 3 wild found: " + free_spin_reel_counter[0]): null

2019-08-10 23:57:06 - [TEST_STEP][PASSED] - println("reel 4 wild found: " + free_spin_reel_counter[1]): null

2019-08-10 23:57:06 - [TEST_STEP][PASSED] - println("reel 5 wild found: " + free_spin_reel_counter[2]): null

2019-08-10 23:57:06 - [TEST_STEP][PASSED] - M4_spin_reels = M4_spin_reels: null

2019-08-10 23:57:06 - [TEST_STEP][PASSED] - M4_spin_reels_symbols = symbol: null

2019-08-10 23:57:06 - [TEST_STEP][PASSED] - M4_spin_reels_symbols = M4_spin_reels_symbols: null

2019-08-10 23:57:06 - [TEST_STEP][PASSED] - M4_spin_reel_wins = reel_wins: null

2019-08-10 23:57:06 - [TEST_STEP][PASSED] - M4_spin_reel_wins = M4_spin_reel_wins: null

2019-08-10 23:57:06 - [TEST_STEP][PASSED] - println("GlobalVariable.M4_spin_reel_wins is: " + M4_spin_reel_wins): null

2019-08-10 23:57:06 - [TEST_STEP][PASSED] - M4_spin_total_bonus_win_this_round = total_bonus_win_this_round: null

2019-08-10 23:57:06 - [TEST_STEP][PASSED] - M4_spin_total_bonus_win_this_round = M4_spin_total_bonus_win_this_round: null

2019-08-10 23:57:06 - [TEST_STEP][PASSED] - println("GlobalVariable.M4_spin_total_bonus_win_this_round is: " + M4_spin_total_bonus_win_this_round): null

2019-08-10 23:57:06 - [MESSAGE][PASSED] - Verify response successfully

2019-08-10 23:57:06 - [MESSAGE][PASSED] - Send request and verify the response successfully

2019-08-10 23:57:06 - [TEST_STEP][PASSED] - if (M4_total_bonus_spins_int != 0 &amp;&amp; M4_spin_reels_symbols[2].contains("WILD_Double") || M4_spin_reels_symbols[4].contains("WILD_Triple")): null

2019-08-10 23:57:06 - [TEST_STEP][PASSED] - free_spin_reel_counter = free_spin_reel_counter: null

2019-08-10 23:57:06 - [TEST_STEP][PASSED] - M4_spin_reels_symbols = M4_spin_reels_symbols: null

2019-08-10 23:57:06 - [TEST_STEP][PASSED] - M4_total_bonus_spins = M4_total_bonus_spins: null

2019-08-10 23:57:06 - [TEST_STEP][PASSED] - spin_result = sendRequestAndVerify(findTestObject("RGS(M4)/1_M4_spin", ["M4_login_user_id":M4_login_user_id, "rgs_session_token":rgs_session_token, "partner":Partner])): Send request and verify the response successfully

2019-08-10 23:57:06 - [TEST_CASE][PASSED] - Start Test Case : Verification: Verification accomplished successfully

2019-08-10 23:57:06 - [TEST_STEP][PASSED] - request = getInstance().getCurrentRequest(): null

2019-08-10 23:57:06 - [TEST_STEP][PASSED] - response = getInstance().getCurrentResponse(): null

2019-08-10 23:57:06 - [TEST_STEP][PASSED] - verifyResponseStatusCode(response, 200): Verify response status code successfully

2019-08-10 23:57:06 - [MESSAGE][PASSED] - Verify response status code successfully

2019-08-10 23:57:06 - [TEST_STEP][PASSED] - getStatusCode()).isEqualTo(200): null

2019-08-10 23:57:06 - [TEST_STEP][PASSED] - newline = System.getProperty("line.separator"): null

2019-08-10 23:57:06 - [TEST_STEP][PASSED] - M4_spin = new groovy.json.JsonSlurper(): null

2019-08-10 23:57:06 - [TEST_STEP][PASSED] - result_M4_spin = M4_spin.parseText(response.getResponseBodyContent()): null

2019-08-10 23:57:06 - [TEST_STEP][PASSED] - M4_spin_current_balance = current_balance: null

2019-08-10 23:57:06 - [TEST_STEP][PASSED] - M4_spin_current_balance = M4_spin_current_balance: null

2019-08-10 23:57:06 - [TEST_STEP][PASSED] - M4_spin_transaction_id = causality: null

2019-08-10 23:57:06 - [TEST_STEP][PASSED] - M4_spin_transaction_id = M4_spin_transaction_id: null

2019-08-10 23:57:06 - [TEST_STEP][PASSED] - M4_spin_round_id = round_id: null

2019-08-10 23:57:06 - [TEST_STEP][PASSED] - M4_spin_round_id = M4_spin_round_id: null

2019-08-10 23:57:06 - [TEST_STEP][PASSED] - M4_spin_line_wins = line_wins: null

2019-08-10 23:57:06 - [TEST_STEP][PASSED] - M4_spin_line_wins = M4_spin_line_wins: null

2019-08-10 23:57:06 - [TEST_STEP][PASSED] - M4_total_bonus_spins_int = total_bonus_spins: null

2019-08-10 23:57:06 - [TEST_STEP][PASSED] - println("******M4_total_bonus_spins type is:*******" + newline + getClass().getName()): null

2019-08-10 23:57:06 - [TEST_STEP][PASSED] - M4_total_bonus_spins_int = M4_total_bonus_spins_int: null

2019-08-10 23:57:06 - [TEST_STEP][PASSED] - M4_total_bonus_spins = Integer.toString(M4_total_bonus_spins_int): null

2019-08-10 23:57:06 - [TEST_STEP][PASSED] - M4_total_bonus_spins = M4_total_bonus_spins: null

2019-08-10 23:57:06 - [TEST_STEP][PASSED] - println("M4_total_bonus_spins is:" + M4_total_bonus_spins): null

2019-08-10 23:57:06 - [TEST_STEP][PASSED] - M4_spin_bonus_data = bonus_data: null

2019-08-10 23:57:06 - [TEST_STEP][PASSED] - M4_spin_features_triggered = result_M4_spin: null

2019-08-10 23:57:06 - [TEST_STEP][PASSED] - wild = []: null

2019-08-10 23:57:06 - [TEST_STEP][PASSED] - wild[0] = "WILD_Expanding": null

2019-08-10 23:57:06 - [TEST_STEP][PASSED] - wild[1] = "WILD_Normal": null

2019-08-10 23:57:06 - [TEST_STEP][PASSED] - wild[2] = "WILD_Double": null

2019-08-10 23:57:06 - [TEST_STEP][PASSED] - wild[3] = "WILD_ExtraFG": null

2019-08-10 23:57:06 - [TEST_STEP][PASSED] - wild[4] = "WILD_Triple": null

2019-08-10 23:57:06 - [TEST_STEP][PASSED] - wildList = Arrays.asList(wild): null

2019-08-10 23:57:06 - [TEST_STEP][PASSED] - wildList = wildList: null

2019-08-10 23:57:06 - [TEST_STEP][PASSED] - free_spin_reel_counter = []: null

2019-08-10 23:57:06 - [TEST_STEP][PASSED] - free_spin_reel_counter[0] = 0: null

2019-08-10 23:57:06 - [TEST_STEP][PASSED] - free_spin_reel_counter[1] = 0: null

2019-08-10 23:57:06 - [TEST_STEP][PASSED] - free_spin_reel_counter[2] = 0: null

2019-08-10 23:57:06 - [TEST_STEP][PASSED] - M4_spin_reels = reels: null

2019-08-10 23:57:06 - [TEST_STEP][PASSED] - for ([i = 0, i &lt; M4_spin_reels.size(), (i++)]): null

2019-08-10 23:57:06 - [TEST_STEP][PASSED] - symbols = symbols: null

2019-08-10 23:57:06 - [TEST_STEP][PASSED] - for ([j = 0, j &lt; symbols.size(), (j++)]): null

2019-08-10 23:57:06 - [TEST_STEP][PASSED] - symbol = symbol: null

2019-08-10 23:57:06 - [TEST_STEP][PASSED] - println(symbol): null

2019-08-10 23:57:06 - [TEST_STEP][PASSED] - if (i == 2 &amp;&amp; wildList.indexOf(symbol) != -1): null

2019-08-10 23:57:06 - [TEST_STEP][PASSED] - if (i == 3 &amp;&amp; wildList.indexOf(symbol) != -1): null

2019-08-10 23:57:06 - [TEST_STEP][PASSED] - if (i == 4 &amp;&amp; wildList.indexOf(symbol) != -1): null

2019-08-10 23:57:06 - [TEST_STEP][PASSED] - symbol = symbol: null

2019-08-10 23:57:06 - [TEST_STEP][PASSED] - println(symbol): null

2019-08-10 23:57:06 - [TEST_STEP][PASSED] - if (i == 2 &amp;&amp; wildList.indexOf(symbol) != -1): null

2019-08-10 23:57:06 - [TEST_STEP][PASSED] - if (i == 3 &amp;&amp; wildList.indexOf(symbol) != -1): null

2019-08-10 23:57:06 - [TEST_STEP][PASSED] - if (i == 4 &amp;&amp; wildList.indexOf(symbol) != -1): null

2019-08-10 23:57:06 - [TEST_STEP][PASSED] - symbol = symbol: null

2019-08-10 23:57:06 - [TEST_STEP][PASSED] - println(symbol): null

2019-08-10 23:57:06 - [TEST_STEP][PASSED] - if (i == 2 &amp;&amp; wildList.indexOf(symbol) != -1): null

2019-08-10 23:57:06 - [TEST_STEP][PASSED] - if (i == 3 &amp;&amp; wildList.indexOf(symbol) != -1): null

2019-08-10 23:57:06 - [TEST_STEP][PASSED] - if (i == 4 &amp;&amp; wildList.indexOf(symbol) != -1): null

2019-08-10 23:57:06 - [TEST_STEP][PASSED] - symbols = symbols: null

2019-08-10 23:57:06 - [TEST_STEP][PASSED] - for ([j = 0, j &lt; symbols.size(), (j++)]): null

2019-08-10 23:57:06 - [TEST_STEP][PASSED] - symbol = symbol: null

2019-08-10 23:57:06 - [TEST_STEP][PASSED] - println(symbol): null

2019-08-10 23:57:06 - [TEST_STEP][PASSED] - if (i == 2 &amp;&amp; wildList.indexOf(symbol) != -1): null

2019-08-10 23:57:06 - [TEST_STEP][PASSED] - if (i == 3 &amp;&amp; wildList.indexOf(symbol) != -1): null

2019-08-10 23:57:06 - [TEST_STEP][PASSED] - if (i == 4 &amp;&amp; wildList.indexOf(symbol) != -1): null

2019-08-10 23:57:06 - [TEST_STEP][PASSED] - symbol = symbol: null

2019-08-10 23:57:06 - [TEST_STEP][PASSED] - println(symbol): null

2019-08-10 23:57:06 - [TEST_STEP][PASSED] - if (i == 2 &amp;&amp; wildList.indexOf(symbol) != -1): null

2019-08-10 23:57:06 - [TEST_STEP][PASSED] - if (i == 3 &amp;&amp; wildList.indexOf(symbol) != -1): null

2019-08-10 23:57:06 - [TEST_STEP][PASSED] - if (i == 4 &amp;&amp; wildList.indexOf(symbol) != -1): null

2019-08-10 23:57:06 - [TEST_STEP][PASSED] - symbol = symbol: null

2019-08-10 23:57:06 - [TEST_STEP][PASSED] - println(symbol): null

2019-08-10 23:57:06 - [TEST_STEP][PASSED] - if (i == 2 &amp;&amp; wildList.indexOf(symbol) != -1): null

2019-08-10 23:57:06 - [TEST_STEP][PASSED] - if (i == 3 &amp;&amp; wildList.indexOf(symbol) != -1): null

2019-08-10 23:57:06 - [TEST_STEP][PASSED] - if (i == 4 &amp;&amp; wildList.indexOf(symbol) != -1): null

2019-08-10 23:57:06 - [TEST_STEP][PASSED] - symbols = symbols: null

2019-08-10 23:57:06 - [TEST_STEP][PASSED] - for ([j = 0, j &lt; symbols.size(), (j++)]): null

2019-08-10 23:57:06 - [TEST_STEP][PASSED] - symbol = symbol: null

2019-08-10 23:57:06 - [TEST_STEP][PASSED] - println(symbol): null

2019-08-10 23:57:06 - [TEST_STEP][PASSED] - if (i == 2 &amp;&amp; wildList.indexOf(symbol) != -1): null

2019-08-10 23:57:06 - [TEST_STEP][PASSED] - println("wild found on reel 3, adding counter by 1"): null

2019-08-10 23:57:06 - [TEST_STEP][PASSED] - free_spin_reel_counter[0] = free_spin_reel_counter[0] + 1: null

2019-08-10 23:57:06 - [TEST_STEP][PASSED] - if (i == 3 &amp;&amp; wildList.indexOf(symbol) != -1): null

2019-08-10 23:57:06 - [TEST_STEP][PASSED] - if (i == 4 &amp;&amp; wildList.indexOf(symbol) != -1): null

2019-08-10 23:57:06 - [TEST_STEP][PASSED] - symbol = symbol: null

2019-08-10 23:57:06 - [TEST_STEP][PASSED] - println(symbol): null

2019-08-10 23:57:06 - [TEST_STEP][PASSED] - if (i == 2 &amp;&amp; wildList.indexOf(symbol) != -1): null

2019-08-10 23:57:06 - [TEST_STEP][PASSED] - if (i == 3 &amp;&amp; wildList.indexOf(symbol) != -1): null

2019-08-10 23:57:06 - [TEST_STEP][PASSED] - if (i == 4 &amp;&amp; wildList.indexOf(symbol) != -1): null

2019-08-10 23:57:06 - [TEST_STEP][PASSED] - symbol = symbol: null

2019-08-10 23:57:06 - [TEST_STEP][PASSED] - println(symbol): null

2019-08-10 23:57:06 - [TEST_STEP][PASSED] - if (i == 2 &amp;&amp; wildList.indexOf(symbol) != -1): null

2019-08-10 23:57:06 - [TEST_STEP][PASSED] - if (i == 3 &amp;&amp; wildList.indexOf(symbol) != -1): null

2019-08-10 23:57:06 - [TEST_STEP][PASSED] - if (i == 4 &amp;&amp; wildList.indexOf(symbol) != -1): null

2019-08-10 23:57:06 - [TEST_STEP][PASSED] - symbols = symbols: null

2019-08-10 23:57:06 - [TEST_STEP][PASSED] - for ([j = 0, j &lt; symbols.size(), (j++)]): null

2019-08-10 23:57:06 - [TEST_STEP][PASSED] - symbol = symbol: null

2019-08-10 23:57:06 - [TEST_STEP][PASSED] - println(symbol): null

2019-08-10 23:57:06 - [TEST_STEP][PASSED] - if (i == 2 &amp;&amp; wildList.indexOf(symbol) != -1): null

2019-08-10 23:57:06 - [TEST_STEP][PASSED] - if (i == 3 &amp;&amp; wildList.indexOf(symbol) != -1): null

2019-08-10 23:57:06 - [TEST_STEP][PASSED] - if (i == 4 &amp;&amp; wildList.indexOf(symbol) != -1): null

2019-08-10 23:57:06 - [TEST_STEP][PASSED] - symbol = symbol: null

2019-08-10 23:57:06 - [TEST_STEP][PASSED] - println(symbol): null

2019-08-10 23:57:06 - [TEST_STEP][PASSED] - if (i == 2 &amp;&amp; wildList.indexOf(symbol) != -1): null

2019-08-10 23:57:06 - [TEST_STEP][PASSED] - if (i == 3 &amp;&amp; wildList.indexOf(symbol) != -1): null

2019-08-10 23:57:06 - [TEST_STEP][PASSED] - if (i == 4 &amp;&amp; wildList.indexOf(symbol) != -1): null

2019-08-10 23:57:06 - [TEST_STEP][PASSED] - symbol = symbol: null

2019-08-10 23:57:06 - [TEST_STEP][PASSED] - println(symbol): null

2019-08-10 23:57:06 - [TEST_STEP][PASSED] - if (i == 2 &amp;&amp; wildList.indexOf(symbol) != -1): null

2019-08-10 23:57:06 - [TEST_STEP][PASSED] - if (i == 3 &amp;&amp; wildList.indexOf(symbol) != -1): null

2019-08-10 23:57:06 - [TEST_STEP][PASSED] - if (i == 4 &amp;&amp; wildList.indexOf(symbol) != -1): null

2019-08-10 23:57:06 - [TEST_STEP][PASSED] - symbols = symbols: null

2019-08-10 23:57:06 - [TEST_STEP][PASSED] - for ([j = 0, j &lt; symbols.size(), (j++)]): null

2019-08-10 23:57:06 - [TEST_STEP][PASSED] - symbol = symbol: null

2019-08-10 23:57:06 - [TEST_STEP][PASSED] - println(symbol): null

2019-08-10 23:57:06 - [TEST_STEP][PASSED] - if (i == 2 &amp;&amp; wildList.indexOf(symbol) != -1): null

2019-08-10 23:57:06 - [TEST_STEP][PASSED] - if (i == 3 &amp;&amp; wildList.indexOf(symbol) != -1): null

2019-08-10 23:57:06 - [TEST_STEP][PASSED] - if (i == 4 &amp;&amp; wildList.indexOf(symbol) != -1): null

2019-08-10 23:57:06 - [TEST_STEP][PASSED] - symbol = symbol: null

2019-08-10 23:57:06 - [TEST_STEP][PASSED] - println(symbol): null

2019-08-10 23:57:06 - [TEST_STEP][PASSED] - if (i == 2 &amp;&amp; wildList.indexOf(symbol) != -1): null

2019-08-10 23:57:06 - [TEST_STEP][PASSED] - if (i == 3 &amp;&amp; wildList.indexOf(symbol) != -1): null

2019-08-10 23:57:06 - [TEST_STEP][PASSED] - if (i == 4 &amp;&amp; wildList.indexOf(symbol) != -1): null

2019-08-10 23:57:06 - [TEST_STEP][PASSED] - symbol = symbol: null

2019-08-10 23:57:06 - [TEST_STEP][PASSED] - println(symbol): null

2019-08-10 23:57:06 - [TEST_STEP][PASSED] - if (i == 2 &amp;&amp; wildList.indexOf(symbol) != -1): null

2019-08-10 23:57:06 - [TEST_STEP][PASSED] - if (i == 3 &amp;&amp; wildList.indexOf(symbol) != -1): null

2019-08-10 23:57:06 - [TEST_STEP][PASSED] - if (i == 4 &amp;&amp; wildList.indexOf(symbol) != -1): null

2019-08-10 23:57:06 - [TEST_STEP][PASSED] - free_spin_reel_counter = free_spin_reel_counter: null

2019-08-10 23:57:06 - [TEST_STEP][PASSED] - println("reel 3 wild found: " + free_spin_reel_counter[0]): null

2019-08-10 23:57:06 - [TEST_STEP][PASSED] - println("reel 4 wild found: " + free_spin_reel_counter[1]): null

2019-08-10 23:57:06 - [TEST_STEP][PASSED] - println("reel 5 wild found: " + free_spin_reel_counter[2]): null

2019-08-10 23:57:06 - [TEST_STEP][PASSED] - M4_spin_reels = M4_spin_reels: null

2019-08-10 23:57:06 - [TEST_STEP][PASSED] - M4_spin_reels_symbols = symbol: null

2019-08-10 23:57:06 - [TEST_STEP][PASSED] - M4_spin_reels_symbols = M4_spin_reels_symbols: null

2019-08-10 23:57:06 - [TEST_STEP][PASSED] - M4_spin_reel_wins = reel_wins: null

2019-08-10 23:57:06 - [TEST_STEP][PASSED] - M4_spin_reel_wins = M4_spin_reel_wins: null

2019-08-10 23:57:06 - [TEST_STEP][PASSED] - println("GlobalVariable.M4_spin_reel_wins is: " + M4_spin_reel_wins): null

2019-08-10 23:57:06 - [TEST_STEP][PASSED] - M4_spin_total_bonus_win_this_round = total_bonus_win_this_round: null

2019-08-10 23:57:06 - [TEST_STEP][PASSED] - M4_spin_total_bonus_win_this_round = M4_spin_total_bonus_win_this_round: null

2019-08-10 23:57:06 - [TEST_STEP][PASSED] - println("GlobalVariable.M4_spin_total_bonus_win_this_round is: " + M4_spin_total_bonus_win_this_round): null

2019-08-10 23:57:06 - [MESSAGE][PASSED] - Verify response successfully

2019-08-10 23:57:06 - [MESSAGE][PASSED] - Send request and verify the response successfully

2019-08-10 23:57:06 - [TEST_STEP][PASSED] - if (M4_total_bonus_spins_int != 0 &amp;&amp; M4_spin_reels_symbols[2].contains("WILD_Double") || M4_spin_reels_symbols[4].contains("WILD_Triple")): null

2019-08-10 23:57:06 - [TEST_STEP][PASSED] - free_spin_reel_counter = free_spin_reel_counter: null

2019-08-10 23:57:06 - [TEST_STEP][PASSED] - M4_spin_reels_symbols = M4_spin_reels_symbols: null

2019-08-10 23:57:06 - [TEST_STEP][PASSED] - M4_total_bonus_spins = M4_total_bonus_spins: null

2019-08-10 23:57:06 - [TEST_STEP][PASSED] - spin_result = sendRequestAndVerify(findTestObject("RGS(M4)/1_M4_spin", ["M4_login_user_id":M4_login_user_id, "rgs_session_token":rgs_session_token, "partner":Partner])): Send request and verify the response successfully

2019-08-10 23:57:06 - [TEST_CASE][PASSED] - Start Test Case : Verification: Verification accomplished successfully

2019-08-10 23:57:06 - [TEST_STEP][PASSED] - request = getInstance().getCurrentRequest(): null

2019-08-10 23:57:06 - [TEST_STEP][PASSED] - response = getInstance().getCurrentResponse(): null

2019-08-10 23:57:06 - [TEST_STEP][PASSED] - verifyResponseStatusCode(response, 200): Verify response status code successfully

2019-08-10 23:57:06 - [MESSAGE][PASSED] - Verify response status code successfully

2019-08-10 23:57:06 - [TEST_STEP][PASSED] - getStatusCode()).isEqualTo(200): null

2019-08-10 23:57:06 - [TEST_STEP][PASSED] - newline = System.getProperty("line.separator"): null

2019-08-10 23:57:06 - [TEST_STEP][PASSED] - M4_spin = new groovy.json.JsonSlurper(): null

2019-08-10 23:57:06 - [TEST_STEP][PASSED] - result_M4_spin = M4_spin.parseText(response.getResponseBodyContent()): null

2019-08-10 23:57:06 - [TEST_STEP][PASSED] - M4_spin_current_balance = current_balance: null

2019-08-10 23:57:06 - [TEST_STEP][PASSED] - M4_spin_current_balance = M4_spin_current_balance: null

2019-08-10 23:57:06 - [TEST_STEP][PASSED] - M4_spin_transaction_id = causality: null

2019-08-10 23:57:06 - [TEST_STEP][PASSED] - M4_spin_transaction_id = M4_spin_transaction_id: null

2019-08-10 23:57:06 - [TEST_STEP][PASSED] - M4_spin_round_id = round_id: null

2019-08-10 23:57:06 - [TEST_STEP][PASSED] - M4_spin_round_id = M4_spin_round_id: null

2019-08-10 23:57:06 - [TEST_STEP][PASSED] - M4_spin_line_wins = line_wins: null

2019-08-10 23:57:06 - [TEST_STEP][PASSED] - M4_spin_line_wins = M4_spin_line_wins: null

2019-08-10 23:57:06 - [TEST_STEP][PASSED] - M4_total_bonus_spins_int = total_bonus_spins: null

2019-08-10 23:57:06 - [TEST_STEP][PASSED] - println("******M4_total_bonus_spins type is:*******" + newline + getClass().getName()): null

2019-08-10 23:57:06 - [TEST_STEP][PASSED] - M4_total_bonus_spins_int = M4_total_bonus_spins_int: null

2019-08-10 23:57:06 - [TEST_STEP][PASSED] - M4_total_bonus_spins = Integer.toString(M4_total_bonus_spins_int): null

2019-08-10 23:57:06 - [TEST_STEP][PASSED] - M4_total_bonus_spins = M4_total_bonus_spins: null

2019-08-10 23:57:06 - [TEST_STEP][PASSED] - println("M4_total_bonus_spins is:" + M4_total_bonus_spins): null

2019-08-10 23:57:06 - [TEST_STEP][PASSED] - M4_spin_bonus_data = bonus_data: null

2019-08-10 23:57:06 - [TEST_STEP][PASSED] - M4_spin_features_triggered = result_M4_spin: null

2019-08-10 23:57:06 - [TEST_STEP][PASSED] - wild = []: null

2019-08-10 23:57:06 - [TEST_STEP][PASSED] - wild[0] = "WILD_Expanding": null

2019-08-10 23:57:06 - [TEST_STEP][PASSED] - wild[1] = "WILD_Normal": null

2019-08-10 23:57:06 - [TEST_STEP][PASSED] - wild[2] = "WILD_Double": null

2019-08-10 23:57:06 - [TEST_STEP][PASSED] - wild[3] = "WILD_ExtraFG": null

2019-08-10 23:57:06 - [TEST_STEP][PASSED] - wild[4] = "WILD_Triple": null

2019-08-10 23:57:06 - [TEST_STEP][PASSED] - wildList = Arrays.asList(wild): null

2019-08-10 23:57:06 - [TEST_STEP][PASSED] - wildList = wildList: null

2019-08-10 23:57:06 - [TEST_STEP][PASSED] - free_spin_reel_counter = []: null

2019-08-10 23:57:06 - [TEST_STEP][PASSED] - free_spin_reel_counter[0] = 0: null

2019-08-10 23:57:06 - [TEST_STEP][PASSED] - free_spin_reel_counter[1] = 0: null

2019-08-10 23:57:06 - [TEST_STEP][PASSED] - free_spin_reel_counter[2] = 0: null

2019-08-10 23:57:06 - [TEST_STEP][PASSED] - M4_spin_reels = reels: null

2019-08-10 23:57:06 - [TEST_STEP][PASSED] - for ([i = 0, i &lt; M4_spin_reels.size(), (i++)]): null

2019-08-10 23:57:06 - [TEST_STEP][PASSED] - symbols = symbols: null

2019-08-10 23:57:06 - [TEST_STEP][PASSED] - for ([j = 0, j &lt; symbols.size(), (j++)]): null

2019-08-10 23:57:06 - [TEST_STEP][PASSED] - symbol = symbol: null

2019-08-10 23:57:06 - [TEST_STEP][PASSED] - println(symbol): null

2019-08-10 23:57:06 - [TEST_STEP][PASSED] - if (i == 2 &amp;&amp; wildList.indexOf(symbol) != -1): null

2019-08-10 23:57:06 - [TEST_STEP][PASSED] - if (i == 3 &amp;&amp; wildList.indexOf(symbol) != -1): null

2019-08-10 23:57:06 - [TEST_STEP][PASSED] - if (i == 4 &amp;&amp; wildList.indexOf(symbol) != -1): null

2019-08-10 23:57:06 - [TEST_STEP][PASSED] - symbol = symbol: null

2019-08-10 23:57:06 - [TEST_STEP][PASSED] - println(symbol): null

2019-08-10 23:57:06 - [TEST_STEP][PASSED] - if (i == 2 &amp;&amp; wildList.indexOf(symbol) != -1): null

2019-08-10 23:57:06 - [TEST_STEP][PASSED] - if (i == 3 &amp;&amp; wildList.indexOf(symbol) != -1): null

2019-08-10 23:57:06 - [TEST_STEP][PASSED] - if (i == 4 &amp;&amp; wildList.indexOf(symbol) != -1): null

2019-08-10 23:57:06 - [TEST_STEP][PASSED] - symbol = symbol: null

2019-08-10 23:57:06 - [TEST_STEP][PASSED] - println(symbol): null

2019-08-10 23:57:06 - [TEST_STEP][PASSED] - if (i == 2 &amp;&amp; wildList.indexOf(symbol) != -1): null

2019-08-10 23:57:06 - [TEST_STEP][PASSED] - if (i == 3 &amp;&amp; wildList.indexOf(symbol) != -1): null

2019-08-10 23:57:06 - [TEST_STEP][PASSED] - if (i == 4 &amp;&amp; wildList.indexOf(symbol) != -1): null

2019-08-10 23:57:06 - [TEST_STEP][PASSED] - symbols = symbols: null

2019-08-10 23:57:06 - [TEST_STEP][PASSED] - for ([j = 0, j &lt; symbols.size(), (j++)]): null

2019-08-10 23:57:06 - [TEST_STEP][PASSED] - symbol = symbol: null

2019-08-10 23:57:11 - [TEST_STEP][PASSED] - println(symbol): null

2019-08-10 23:57:11 - [TEST_STEP][PASSED] - if (i == 2 &amp;&amp; wildList.indexOf(symbol) != -1): null

2019-08-10 23:57:11 - [TEST_STEP][PASSED] - if (i == 3 &amp;&amp; wildList.indexOf(symbol) != -1): null

2019-08-10 23:57:11 - [TEST_STEP][PASSED] - if (i == 4 &amp;&amp; wildList.indexOf(symbol) != -1): null

2019-08-10 23:57:11 - [TEST_STEP][PASSED] - symbol = symbol: null

2019-08-10 23:57:11 - [TEST_STEP][PASSED] - println(symbol): null

2019-08-10 23:57:11 - [TEST_STEP][PASSED] - if (i == 2 &amp;&amp; wildList.indexOf(symbol) != -1): null

2019-08-10 23:57:11 - [TEST_STEP][PASSED] - if (i == 3 &amp;&amp; wildList.indexOf(symbol) != -1): null

2019-08-10 23:57:11 - [TEST_STEP][PASSED] - if (i == 4 &amp;&amp; wildList.indexOf(symbol) != -1): null

2019-08-10 23:57:11 - [TEST_STEP][PASSED] - symbol = symbol: null

2019-08-10 23:57:11 - [TEST_STEP][PASSED] - println(symbol): null

2019-08-10 23:57:11 - [TEST_STEP][PASSED] - if (i == 2 &amp;&amp; wildList.indexOf(symbol) != -1): null

2019-08-10 23:57:11 - [TEST_STEP][PASSED] - if (i == 3 &amp;&amp; wildList.indexOf(symbol) != -1): null

2019-08-10 23:57:11 - [TEST_STEP][PASSED] - if (i == 4 &amp;&amp; wildList.indexOf(symbol) != -1): null

2019-08-10 23:57:11 - [TEST_STEP][PASSED] - symbols = symbols: null

2019-08-10 23:57:11 - [TEST_STEP][PASSED] - for ([j = 0, j &lt; symbols.size(), (j++)]): null

2019-08-10 23:57:11 - [TEST_STEP][PASSED] - symbol = symbol: null

2019-08-10 23:57:11 - [TEST_STEP][PASSED] - println(symbol): null

2019-08-10 23:57:11 - [TEST_STEP][PASSED] - if (i == 2 &amp;&amp; wildList.indexOf(symbol) != -1): null

2019-08-10 23:57:11 - [TEST_STEP][PASSED] - if (i == 3 &amp;&amp; wildList.indexOf(symbol) != -1): null

2019-08-10 23:57:11 - [TEST_STEP][PASSED] - if (i == 4 &amp;&amp; wildList.indexOf(symbol) != -1): null

2019-08-10 23:57:11 - [TEST_STEP][PASSED] - symbol = symbol: null

2019-08-10 23:57:11 - [TEST_STEP][PASSED] - println(symbol): null

2019-08-10 23:57:11 - [TEST_STEP][PASSED] - if (i == 2 &amp;&amp; wildList.indexOf(symbol) != -1): null

2019-08-10 23:57:11 - [TEST_STEP][PASSED] - if (i == 3 &amp;&amp; wildList.indexOf(symbol) != -1): null

2019-08-10 23:57:11 - [TEST_STEP][PASSED] - if (i == 4 &amp;&amp; wildList.indexOf(symbol) != -1): null

2019-08-10 23:57:11 - [TEST_STEP][PASSED] - symbol = symbol: null

2019-08-10 23:57:11 - [TEST_STEP][PASSED] - println(symbol): null

2019-08-10 23:57:11 - [TEST_STEP][PASSED] - if (i == 2 &amp;&amp; wildList.indexOf(symbol) != -1): null

2019-08-10 23:57:11 - [TEST_STEP][PASSED] - println("wild found on reel 3, adding counter by 1"): null

2019-08-10 23:57:11 - [TEST_STEP][PASSED] - free_spin_reel_counter[0] = free_spin_reel_counter[0] + 1: null

2019-08-10 23:57:11 - [TEST_STEP][PASSED] - if (i == 3 &amp;&amp; wildList.indexOf(symbol) != -1): null

2019-08-10 23:57:11 - [TEST_STEP][PASSED] - if (i == 4 &amp;&amp; wildList.indexOf(symbol) != -1): null

2019-08-10 23:57:11 - [TEST_STEP][PASSED] - symbols = symbols: null

2019-08-10 23:57:11 - [TEST_STEP][PASSED] - for ([j = 0, j &lt; symbols.size(), (j++)]): null

2019-08-10 23:57:11 - [TEST_STEP][PASSED] - symbol = symbol: null

2019-08-10 23:57:11 - [TEST_STEP][PASSED] - println(symbol): null

2019-08-10 23:57:11 - [TEST_STEP][PASSED] - if (i == 2 &amp;&amp; wildList.indexOf(symbol) != -1): null

2019-08-10 23:57:11 - [TEST_STEP][PASSED] - if (i == 3 &amp;&amp; wildList.indexOf(symbol) != -1): null

2019-08-10 23:57:11 - [TEST_STEP][PASSED] - if (i == 4 &amp;&amp; wildList.indexOf(symbol) != -1): null

2019-08-10 23:57:11 - [TEST_STEP][PASSED] - symbol = symbol: null

2019-08-10 23:57:11 - [TEST_STEP][PASSED] - println(symbol): null

2019-08-10 23:57:11 - [TEST_STEP][PASSED] - if (i == 2 &amp;&amp; wildList.indexOf(symbol) != -1): null

2019-08-10 23:57:11 - [TEST_STEP][PASSED] - if (i == 3 &amp;&amp; wildList.indexOf(symbol) != -1): null

2019-08-10 23:57:11 - [TEST_STEP][PASSED] - if (i == 4 &amp;&amp; wildList.indexOf(symbol) != -1): null

2019-08-10 23:57:11 - [TEST_STEP][PASSED] - symbol = symbol: null

2019-08-10 23:57:11 - [TEST_STEP][PASSED] - println(symbol): null

2019-08-10 23:57:11 - [TEST_STEP][PASSED] - if (i == 2 &amp;&amp; wildList.indexOf(symbol) != -1): null

2019-08-10 23:57:11 - [TEST_STEP][PASSED] - if (i == 3 &amp;&amp; wildList.indexOf(symbol) != -1): null

2019-08-10 23:57:11 - [TEST_STEP][PASSED] - if (i == 4 &amp;&amp; wildList.indexOf(symbol) != -1): null

2019-08-10 23:57:11 - [TEST_STEP][PASSED] - symbols = symbols: null

2019-08-10 23:57:11 - [TEST_STEP][PASSED] - for ([j = 0, j &lt; symbols.size(), (j++)]): null

2019-08-10 23:57:11 - [TEST_STEP][PASSED] - symbol = symbol: null

2019-08-10 23:57:11 - [TEST_STEP][PASSED] - println(symbol): null

2019-08-10 23:57:11 - [TEST_STEP][PASSED] - if (i == 2 &amp;&amp; wildList.indexOf(symbol) != -1): null

2019-08-10 23:57:11 - [TEST_STEP][PASSED] - if (i == 3 &amp;&amp; wildList.indexOf(symbol) != -1): null

2019-08-10 23:57:11 - [TEST_STEP][PASSED] - if (i == 4 &amp;&amp; wildList.indexOf(symbol) != -1): null

2019-08-10 23:57:11 - [TEST_STEP][PASSED] - symbol = symbol: null

2019-08-10 23:57:11 - [TEST_STEP][PASSED] - println(symbol): null

2019-08-10 23:57:11 - [TEST_STEP][PASSED] - if (i == 2 &amp;&amp; wildList.indexOf(symbol) != -1): null

2019-08-10 23:57:11 - [TEST_STEP][PASSED] - if (i == 3 &amp;&amp; wildList.indexOf(symbol) != -1): null

2019-08-10 23:57:11 - [TEST_STEP][PASSED] - if (i == 4 &amp;&amp; wildList.indexOf(symbol) != -1): null

2019-08-10 23:57:11 - [TEST_STEP][PASSED] - symbol = symbol: null

2019-08-10 23:57:11 - [TEST_STEP][PASSED] - println(symbol): null

2019-08-10 23:57:11 - [TEST_STEP][PASSED] - if (i == 2 &amp;&amp; wildList.indexOf(symbol) != -1): null

2019-08-10 23:57:11 - [TEST_STEP][PASSED] - if (i == 3 &amp;&amp; wildList.indexOf(symbol) != -1): null

2019-08-10 23:57:11 - [TEST_STEP][PASSED] - if (i == 4 &amp;&amp; wildList.indexOf(symbol) != -1): null

2019-08-10 23:57:11 - [TEST_STEP][PASSED] - free_spin_reel_counter = free_spin_reel_counter: null

2019-08-10 23:57:11 - [TEST_STEP][PASSED] - println("reel 3 wild found: " + free_spin_reel_counter[0]): null

2019-08-10 23:57:11 - [TEST_STEP][PASSED] - println("reel 4 wild found: " + free_spin_reel_counter[1]): null

2019-08-10 23:57:11 - [TEST_STEP][PASSED] - println("reel 5 wild found: " + free_spin_reel_counter[2]): null

2019-08-10 23:57:11 - [TEST_STEP][PASSED] - M4_spin_reels = M4_spin_reels: null

2019-08-10 23:57:11 - [TEST_STEP][PASSED] - M4_spin_reels_symbols = symbol: null

2019-08-10 23:57:11 - [TEST_STEP][PASSED] - M4_spin_reels_symbols = M4_spin_reels_symbols: null

2019-08-10 23:57:11 - [TEST_STEP][PASSED] - M4_spin_reel_wins = reel_wins: null

2019-08-10 23:57:11 - [TEST_STEP][PASSED] - M4_spin_reel_wins = M4_spin_reel_wins: null

2019-08-10 23:57:11 - [TEST_STEP][PASSED] - println("GlobalVariable.M4_spin_reel_wins is: " + M4_spin_reel_wins): null

2019-08-10 23:57:11 - [TEST_STEP][PASSED] - M4_spin_total_bonus_win_this_round = total_bonus_win_this_round: null

2019-08-10 23:57:11 - [TEST_STEP][PASSED] - M4_spin_total_bonus_win_this_round = M4_spin_total_bonus_win_this_round: null

2019-08-10 23:57:11 - [TEST_STEP][PASSED] - println("GlobalVariable.M4_spin_total_bonus_win_this_round is: " + M4_spin_total_bonus_win_this_round): null

2019-08-10 23:57:11 - [MESSAGE][PASSED] - Verify response successfully

2019-08-10 23:57:11 - [MESSAGE][PASSED] - Send request and verify the response successfully

2019-08-10 23:57:11 - [TEST_STEP][PASSED] - if (M4_total_bonus_spins_int != 0 &amp;&amp; M4_spin_reels_symbols[2].contains("WILD_Double") || M4_spin_reels_symbols[4].contains("WILD_Triple")): null

2019-08-10 23:57:11 - [TEST_STEP][PASSED] - free_spin_reel_counter = free_spin_reel_counter: null

2019-08-10 23:57:11 - [TEST_STEP][PASSED] - M4_spin_reels_symbols = M4_spin_reels_symbols: null

2019-08-10 23:57:11 - [TEST_STEP][PASSED] - M4_total_bonus_spins = M4_total_bonus_spins: null

2019-08-10 23:57:11 - [TEST_STEP][PASSED] - spin_result = sendRequestAndVerify(findTestObject("RGS(M4)/1_M4_spin", ["M4_login_user_id":M4_login_user_id, "rgs_session_token":rgs_session_token, "partner":Partner])): Send request and verify the response successfully

2019-08-10 23:57:11 - [TEST_CASE][PASSED] - Start Test Case : Verification: Verification accomplished successfully

2019-08-10 23:57:11 - [TEST_STEP][PASSED] - request = getInstance().getCurrentRequest(): null

2019-08-10 23:57:11 - [TEST_STEP][PASSED] - response = getInstance().getCurrentResponse(): null

2019-08-10 23:57:11 - [TEST_STEP][PASSED] - verifyResponseStatusCode(response, 200): Verify response status code successfully

2019-08-10 23:57:11 - [MESSAGE][PASSED] - Verify response status code successfully

2019-08-10 23:57:11 - [TEST_STEP][PASSED] - getStatusCode()).isEqualTo(200): null

2019-08-10 23:57:11 - [TEST_STEP][PASSED] - newline = System.getProperty("line.separator"): null

2019-08-10 23:57:11 - [TEST_STEP][PASSED] - M4_spin = new groovy.json.JsonSlurper(): null

2019-08-10 23:57:11 - [TEST_STEP][PASSED] - result_M4_spin = M4_spin.parseText(response.getResponseBodyContent()): null

2019-08-10 23:57:11 - [TEST_STEP][PASSED] - M4_spin_current_balance = current_balance: null

2019-08-10 23:57:11 - [TEST_STEP][PASSED] - M4_spin_current_balance = M4_spin_current_balance: null

2019-08-10 23:57:11 - [TEST_STEP][PASSED] - M4_spin_transaction_id = causality: null

2019-08-10 23:57:11 - [TEST_STEP][PASSED] - M4_spin_transaction_id = M4_spin_transaction_id: null

2019-08-10 23:57:11 - [TEST_STEP][PASSED] - M4_spin_round_id = round_id: null

2019-08-10 23:57:11 - [TEST_STEP][PASSED] - M4_spin_round_id = M4_spin_round_id: null

2019-08-10 23:57:11 - [TEST_STEP][PASSED] - M4_spin_line_wins = line_wins: null

2019-08-10 23:57:11 - [TEST_STEP][PASSED] - M4_spin_line_wins = M4_spin_line_wins: null

2019-08-10 23:57:11 - [TEST_STEP][PASSED] - M4_total_bonus_spins_int = total_bonus_spins: null

2019-08-10 23:57:11 - [TEST_STEP][PASSED] - println("******M4_total_bonus_spins type is:*******" + newline + getClass().getName()): null

2019-08-10 23:57:11 - [TEST_STEP][PASSED] - M4_total_bonus_spins_int = M4_total_bonus_spins_int: null

2019-08-10 23:57:11 - [TEST_STEP][PASSED] - M4_total_bonus_spins = Integer.toString(M4_total_bonus_spins_int): null

2019-08-10 23:57:11 - [TEST_STEP][PASSED] - M4_total_bonus_spins = M4_total_bonus_spins: null

2019-08-10 23:57:11 - [TEST_STEP][PASSED] - println("M4_total_bonus_spins is:" + M4_total_bonus_spins): null

2019-08-10 23:57:11 - [TEST_STEP][PASSED] - M4_spin_bonus_data = bonus_data: null

2019-08-10 23:57:11 - [TEST_STEP][PASSED] - M4_spin_features_triggered = result_M4_spin: null

2019-08-10 23:57:11 - [TEST_STEP][PASSED] - wild = []: null

2019-08-10 23:57:11 - [TEST_STEP][PASSED] - wild[0] = "WILD_Expanding": null

2019-08-10 23:57:11 - [TEST_STEP][PASSED] - wild[1] = "WILD_Normal": null

2019-08-10 23:57:11 - [TEST_STEP][PASSED] - wild[2] = "WILD_Double": null

2019-08-10 23:57:11 - [TEST_STEP][PASSED] - wild[3] = "WILD_ExtraFG": null

2019-08-10 23:57:11 - [TEST_STEP][PASSED] - wild[4] = "WILD_Triple": null

2019-08-10 23:57:11 - [TEST_STEP][PASSED] - wildList = Arrays.asList(wild): null

2019-08-10 23:57:11 - [TEST_STEP][PASSED] - wildList = wildList: null

2019-08-10 23:57:11 - [TEST_STEP][PASSED] - free_spin_reel_counter = []: null

2019-08-10 23:57:11 - [TEST_STEP][PASSED] - free_spin_reel_counter[0] = 0: null

2019-08-10 23:57:11 - [TEST_STEP][PASSED] - free_spin_reel_counter[1] = 0: null

2019-08-10 23:57:11 - [TEST_STEP][PASSED] - free_spin_reel_counter[2] = 0: null

2019-08-10 23:57:11 - [TEST_STEP][PASSED] - M4_spin_reels = reels: null

2019-08-10 23:57:11 - [TEST_STEP][PASSED] - for ([i = 0, i &lt; M4_spin_reels.size(), (i++)]): null

2019-08-10 23:57:11 - [TEST_STEP][PASSED] - symbols = symbols: null

2019-08-10 23:57:11 - [TEST_STEP][PASSED] - for ([j = 0, j &lt; symbols.size(), (j++)]): null

2019-08-10 23:57:11 - [TEST_STEP][PASSED] - symbol = symbol: null

2019-08-10 23:57:11 - [TEST_STEP][PASSED] - println(symbol): null

2019-08-10 23:57:11 - [TEST_STEP][PASSED] - if (i == 2 &amp;&amp; wildList.indexOf(symbol) != -1): null

2019-08-10 23:57:11 - [TEST_STEP][PASSED] - if (i == 3 &amp;&amp; wildList.indexOf(symbol) != -1): null

2019-08-10 23:57:11 - [TEST_STEP][PASSED] - if (i == 4 &amp;&amp; wildList.indexOf(symbol) != -1): null

2019-08-10 23:57:11 - [TEST_STEP][PASSED] - symbol = symbol: null

2019-08-10 23:57:11 - [TEST_STEP][PASSED] - println(symbol): null

2019-08-10 23:57:11 - [TEST_STEP][PASSED] - if (i == 2 &amp;&amp; wildList.indexOf(symbol) != -1): null

2019-08-10 23:57:11 - [TEST_STEP][PASSED] - if (i == 3 &amp;&amp; wildList.indexOf(symbol) != -1): null

2019-08-10 23:57:11 - [TEST_STEP][PASSED] - if (i == 4 &amp;&amp; wildList.indexOf(symbol) != -1): null

2019-08-10 23:57:11 - [TEST_STEP][PASSED] - symbol = symbol: null

2019-08-10 23:57:11 - [TEST_STEP][PASSED] - println(symbol): null

2019-08-10 23:57:11 - [TEST_STEP][PASSED] - if (i == 2 &amp;&amp; wildList.indexOf(symbol) != -1): null

2019-08-10 23:57:11 - [TEST_STEP][PASSED] - if (i == 3 &amp;&amp; wildList.indexOf(symbol) != -1): null

2019-08-10 23:57:11 - [TEST_STEP][PASSED] - if (i == 4 &amp;&amp; wildList.indexOf(symbol) != -1): null

2019-08-10 23:57:11 - [TEST_STEP][PASSED] - symbols = symbols: null

2019-08-10 23:57:11 - [TEST_STEP][PASSED] - for ([j = 0, j &lt; symbols.size(), (j++)]): null

2019-08-10 23:57:11 - [TEST_STEP][PASSED] - symbol = symbol: null

2019-08-10 23:57:11 - [TEST_STEP][PASSED] - println(symbol): null

2019-08-10 23:57:11 - [TEST_STEP][PASSED] - if (i == 2 &amp;&amp; wildList.indexOf(symbol) != -1): null

2019-08-10 23:57:11 - [TEST_STEP][PASSED] - if (i == 3 &amp;&amp; wildList.indexOf(symbol) != -1): null

2019-08-10 23:57:11 - [TEST_STEP][PASSED] - if (i == 4 &amp;&amp; wildList.indexOf(symbol) != -1): null

2019-08-10 23:57:11 - [TEST_STEP][PASSED] - symbol = symbol: null

2019-08-10 23:57:11 - [TEST_STEP][PASSED] - println(symbol): null

2019-08-10 23:57:11 - [TEST_STEP][PASSED] - if (i == 2 &amp;&amp; wildList.indexOf(symbol) != -1): null

2019-08-10 23:57:11 - [TEST_STEP][PASSED] - if (i == 3 &amp;&amp; wildList.indexOf(symbol) != -1): null

2019-08-10 23:57:11 - [TEST_STEP][PASSED] - if (i == 4 &amp;&amp; wildList.indexOf(symbol) != -1): null

2019-08-10 23:57:11 - [TEST_STEP][PASSED] - symbol = symbol: null

2019-08-10 23:57:11 - [TEST_STEP][PASSED] - println(symbol): null

2019-08-10 23:57:11 - [TEST_STEP][PASSED] - if (i == 2 &amp;&amp; wildList.indexOf(symbol) != -1): null

2019-08-10 23:57:11 - [TEST_STEP][PASSED] - if (i == 3 &amp;&amp; wildList.indexOf(symbol) != -1): null

2019-08-10 23:57:11 - [TEST_STEP][PASSED] - if (i == 4 &amp;&amp; wildList.indexOf(symbol) != -1): null

2019-08-10 23:57:11 - [TEST_STEP][PASSED] - symbols = symbols: null

2019-08-10 23:57:11 - [TEST_STEP][PASSED] - for ([j = 0, j &lt; symbols.size(), (j++)]): null

2019-08-10 23:57:11 - [TEST_STEP][PASSED] - symbol = symbol: null

2019-08-10 23:57:11 - [TEST_STEP][PASSED] - println(symbol): null

2019-08-10 23:57:11 - [TEST_STEP][PASSED] - if (i == 2 &amp;&amp; wildList.indexOf(symbol) != -1): null

2019-08-10 23:57:11 - [TEST_STEP][PASSED] - println("wild found on reel 3, adding counter by 1"): null

2019-08-10 23:57:11 - [TEST_STEP][PASSED] - free_spin_reel_counter[0] = free_spin_reel_counter[0] + 1: null

2019-08-10 23:57:11 - [TEST_STEP][PASSED] - if (i == 3 &amp;&amp; wildList.indexOf(symbol) != -1): null

2019-08-10 23:57:11 - [TEST_STEP][PASSED] - if (i == 4 &amp;&amp; wildList.indexOf(symbol) != -1): null

2019-08-10 23:57:11 - [TEST_STEP][PASSED] - symbol = symbol: null

2019-08-10 23:57:11 - [TEST_STEP][PASSED] - println(symbol): null

2019-08-10 23:57:11 - [TEST_STEP][PASSED] - if (i == 2 &amp;&amp; wildList.indexOf(symbol) != -1): null

2019-08-10 23:57:11 - [TEST_STEP][PASSED] - if (i == 3 &amp;&amp; wildList.indexOf(symbol) != -1): null

2019-08-10 23:57:11 - [TEST_STEP][PASSED] - if (i == 4 &amp;&amp; wildList.indexOf(symbol) != -1): null

2019-08-10 23:57:11 - [TEST_STEP][PASSED] - symbol = symbol: null

2019-08-10 23:57:11 - [TEST_STEP][PASSED] - println(symbol): null

2019-08-10 23:57:11 - [TEST_STEP][PASSED] - if (i == 2 &amp;&amp; wildList.indexOf(symbol) != -1): null

2019-08-10 23:57:11 - [TEST_STEP][PASSED] - if (i == 3 &amp;&amp; wildList.indexOf(symbol) != -1): null

2019-08-10 23:57:11 - [TEST_STEP][PASSED] - if (i == 4 &amp;&amp; wildList.indexOf(symbol) != -1): null

2019-08-10 23:57:11 - [TEST_STEP][PASSED] - symbols = symbols: null

2019-08-10 23:57:11 - [TEST_STEP][PASSED] - for ([j = 0, j &lt; symbols.size(), (j++)]): null

2019-08-10 23:57:11 - [TEST_STEP][PASSED] - symbol = symbol: null

2019-08-10 23:57:11 - [TEST_STEP][PASSED] - println(symbol): null

2019-08-10 23:57:11 - [TEST_STEP][PASSED] - if (i == 2 &amp;&amp; wildList.indexOf(symbol) != -1): null

2019-08-10 23:57:11 - [TEST_STEP][PASSED] - if (i == 3 &amp;&amp; wildList.indexOf(symbol) != -1): null

2019-08-10 23:57:11 - [TEST_STEP][PASSED] - if (i == 4 &amp;&amp; wildList.indexOf(symbol) != -1): null

2019-08-10 23:57:11 - [TEST_STEP][PASSED] - symbol = symbol: null

2019-08-10 23:57:11 - [TEST_STEP][PASSED] - println(symbol): null

2019-08-10 23:57:11 - [TEST_STEP][PASSED] - if (i == 2 &amp;&amp; wildList.indexOf(symbol) != -1): null

2019-08-10 23:57:11 - [TEST_STEP][PASSED] - if (i == 3 &amp;&amp; wildList.indexOf(symbol) != -1): null

2019-08-10 23:57:11 - [TEST_STEP][PASSED] - if (i == 4 &amp;&amp; wildList.indexOf(symbol) != -1): null

2019-08-10 23:57:11 - [TEST_STEP][PASSED] - symbol = symbol: null

2019-08-10 23:57:11 - [TEST_STEP][PASSED] - println(symbol): null

2019-08-10 23:57:11 - [TEST_STEP][PASSED] - if (i == 2 &amp;&amp; wildList.indexOf(symbol) != -1): null

2019-08-10 23:57:11 - [TEST_STEP][PASSED] - if (i == 3 &amp;&amp; wildList.indexOf(symbol) != -1): null

2019-08-10 23:57:11 - [TEST_STEP][PASSED] - if (i == 4 &amp;&amp; wildList.indexOf(symbol) != -1): null

2019-08-10 23:57:11 - [TEST_STEP][PASSED] - symbols = symbols: null

2019-08-10 23:57:11 - [TEST_STEP][PASSED] - for ([j = 0, j &lt; symbols.size(), (j++)]): null

2019-08-10 23:57:11 - [TEST_STEP][PASSED] - symbol = symbol: null

2019-08-10 23:57:11 - [TEST_STEP][PASSED] - println(symbol): null

2019-08-10 23:57:11 - [TEST_STEP][PASSED] - if (i == 2 &amp;&amp; wildList.indexOf(symbol) != -1): null

2019-08-10 23:57:11 - [TEST_STEP][PASSED] - if (i == 3 &amp;&amp; wildList.indexOf(symbol) != -1): null

2019-08-10 23:57:11 - [TEST_STEP][PASSED] - if (i == 4 &amp;&amp; wildList.indexOf(symbol) != -1): null

2019-08-10 23:57:11 - [TEST_STEP][PASSED] - symbol = symbol: null

2019-08-10 23:57:11 - [TEST_STEP][PASSED] - println(symbol): null

2019-08-10 23:57:11 - [TEST_STEP][PASSED] - if (i == 2 &amp;&amp; wildList.indexOf(symbol) != -1): null

2019-08-10 23:57:11 - [TEST_STEP][PASSED] - if (i == 3 &amp;&amp; wildList.indexOf(symbol) != -1): null

2019-08-10 23:57:11 - [TEST_STEP][PASSED] - if (i == 4 &amp;&amp; wildList.indexOf(symbol) != -1): null

2019-08-10 23:57:11 - [TEST_STEP][PASSED] - symbol = symbol: null

2019-08-10 23:57:11 - [TEST_STEP][PASSED] - println(symbol): null

2019-08-10 23:57:11 - [TEST_STEP][PASSED] - if (i == 2 &amp;&amp; wildList.indexOf(symbol) != -1): null

2019-08-10 23:57:11 - [TEST_STEP][PASSED] - if (i == 3 &amp;&amp; wildList.indexOf(symbol) != -1): null

2019-08-10 23:57:11 - [TEST_STEP][PASSED] - if (i == 4 &amp;&amp; wildList.indexOf(symbol) != -1): null

2019-08-10 23:57:11 - [TEST_STEP][PASSED] - free_spin_reel_counter = free_spin_reel_counter: null

2019-08-10 23:57:11 - [TEST_STEP][PASSED] - println("reel 3 wild found: " + free_spin_reel_counter[0]): null

2019-08-10 23:57:11 - [TEST_STEP][PASSED] - println("reel 4 wild found: " + free_spin_reel_counter[1]): null

2019-08-10 23:57:11 - [TEST_STEP][PASSED] - println("reel 5 wild found: " + free_spin_reel_counter[2]): null

2019-08-10 23:57:11 - [TEST_STEP][PASSED] - M4_spin_reels = M4_spin_reels: null

2019-08-10 23:57:11 - [TEST_STEP][PASSED] - M4_spin_reels_symbols = symbol: null

2019-08-10 23:57:11 - [TEST_STEP][PASSED] - M4_spin_reels_symbols = M4_spin_reels_symbols: null

2019-08-10 23:57:11 - [TEST_STEP][PASSED] - M4_spin_reel_wins = reel_wins: null

2019-08-10 23:57:11 - [TEST_STEP][PASSED] - M4_spin_reel_wins = M4_spin_reel_wins: null

2019-08-10 23:57:11 - [TEST_STEP][PASSED] - println("GlobalVariable.M4_spin_reel_wins is: " + M4_spin_reel_wins): null

2019-08-10 23:57:11 - [TEST_STEP][PASSED] - M4_spin_total_bonus_win_this_round = total_bonus_win_this_round: null

2019-08-10 23:57:11 - [TEST_STEP][PASSED] - M4_spin_total_bonus_win_this_round = M4_spin_total_bonus_win_this_round: null

2019-08-10 23:57:11 - [TEST_STEP][PASSED] - println("GlobalVariable.M4_spin_total_bonus_win_this_round is: " + M4_spin_total_bonus_win_this_round): null

2019-08-10 23:57:11 - [MESSAGE][PASSED] - Verify response successfully

2019-08-10 23:57:11 - [MESSAGE][PASSED] - Send request and verify the response successfully

2019-08-10 23:57:11 - [TEST_STEP][PASSED] - if (M4_total_bonus_spins_int != 0 &amp;&amp; M4_spin_reels_symbols[2].contains("WILD_Double") || M4_spin_reels_symbols[4].contains("WILD_Triple")): null

2019-08-10 23:57:11 - [TEST_STEP][PASSED] - free_spin_reel_counter = free_spin_reel_counter: null

2019-08-10 23:57:11 - [TEST_STEP][PASSED] - M4_spin_reels_symbols = M4_spin_reels_symbols: null

2019-08-10 23:57:11 - [TEST_STEP][PASSED] - M4_total_bonus_spins = M4_total_bonus_spins: null

2019-08-10 23:57:11 - [TEST_STEP][PASSED] - spin_result = sendRequestAndVerify(findTestObject("RGS(M4)/1_M4_spin", ["M4_login_user_id":M4_login_user_id, "rgs_session_token":rgs_session_token, "partner":Partner])): Send request and verify the response successfully

2019-08-10 23:57:11 - [TEST_CASE][PASSED] - Start Test Case : Verification: Verification accomplished successfully

2019-08-10 23:57:11 - [TEST_STEP][PASSED] - request = getInstance().getCurrentRequest(): null

2019-08-10 23:57:11 - [TEST_STEP][PASSED] - response = getInstance().getCurrentResponse(): null

2019-08-10 23:57:11 - [TEST_STEP][PASSED] - verifyResponseStatusCode(response, 200): Verify response status code successfully

2019-08-10 23:57:11 - [MESSAGE][PASSED] - Verify response status code successfully

2019-08-10 23:57:11 - [TEST_STEP][PASSED] - getStatusCode()).isEqualTo(200): null

2019-08-10 23:57:11 - [TEST_STEP][PASSED] - newline = System.getProperty("line.separator"): null

2019-08-10 23:57:11 - [TEST_STEP][PASSED] - M4_spin = new groovy.json.JsonSlurper(): null

2019-08-10 23:57:11 - [TEST_STEP][PASSED] - result_M4_spin = M4_spin.parseText(response.getResponseBodyContent()): null

2019-08-10 23:57:11 - [TEST_STEP][PASSED] - M4_spin_current_balance = current_balance: null

2019-08-10 23:57:11 - [TEST_STEP][PASSED] - M4_spin_current_balance = M4_spin_current_balance: null

2019-08-10 23:57:11 - [TEST_STEP][PASSED] - M4_spin_transaction_id = causality: null

2019-08-10 23:57:11 - [TEST_STEP][PASSED] - M4_spin_transaction_id = M4_spin_transaction_id: null

2019-08-10 23:57:11 - [TEST_STEP][PASSED] - M4_spin_round_id = round_id: null

2019-08-10 23:57:11 - [TEST_STEP][PASSED] - M4_spin_round_id = M4_spin_round_id: null

2019-08-10 23:57:11 - [TEST_STEP][PASSED] - M4_spin_line_wins = line_wins: null

2019-08-10 23:57:11 - [TEST_STEP][PASSED] - M4_spin_line_wins = M4_spin_line_wins: null

2019-08-10 23:57:11 - [TEST_STEP][PASSED] - M4_total_bonus_spins_int = total_bonus_spins: null

2019-08-10 23:57:11 - [TEST_STEP][PASSED] - println("******M4_total_bonus_spins type is:*******" + newline + getClass().getName()): null

2019-08-10 23:57:11 - [TEST_STEP][PASSED] - M4_total_bonus_spins_int = M4_total_bonus_spins_int: null

2019-08-10 23:57:11 - [TEST_STEP][PASSED] - M4_total_bonus_spins = Integer.toString(M4_total_bonus_spins_int): null

2019-08-10 23:57:11 - [TEST_STEP][PASSED] - M4_total_bonus_spins = M4_total_bonus_spins: null

2019-08-10 23:57:11 - [TEST_STEP][PASSED] - println("M4_total_bonus_spins is:" + M4_total_bonus_spins): null

2019-08-10 23:57:11 - [TEST_STEP][PASSED] - M4_spin_bonus_data = bonus_data: null

2019-08-10 23:57:11 - [TEST_STEP][PASSED] - M4_spin_features_triggered = result_M4_spin: null

2019-08-10 23:57:11 - [TEST_STEP][PASSED] - wild = []: null

2019-08-10 23:57:11 - [TEST_STEP][PASSED] - wild[0] = "WILD_Expanding": null

2019-08-10 23:57:11 - [TEST_STEP][PASSED] - wild[1] = "WILD_Normal": null

2019-08-10 23:57:11 - [TEST_STEP][PASSED] - wild[2] = "WILD_Double": null

2019-08-10 23:57:11 - [TEST_STEP][PASSED] - wild[3] = "WILD_ExtraFG": null

2019-08-10 23:57:11 - [TEST_STEP][PASSED] - wild[4] = "WILD_Triple": null

2019-08-10 23:57:11 - [TEST_STEP][PASSED] - wildList = Arrays.asList(wild): null

2019-08-10 23:57:11 - [TEST_STEP][PASSED] - wildList = wildList: null

2019-08-10 23:57:11 - [TEST_STEP][PASSED] - free_spin_reel_counter = []: null

2019-08-10 23:57:11 - [TEST_STEP][PASSED] - free_spin_reel_counter[0] = 0: null

2019-08-10 23:57:11 - [TEST_STEP][PASSED] - free_spin_reel_counter[1] = 0: null

2019-08-10 23:57:11 - [TEST_STEP][PASSED] - free_spin_reel_counter[2] = 0: null

2019-08-10 23:57:11 - [TEST_STEP][PASSED] - M4_spin_reels = reels: null

2019-08-10 23:57:11 - [TEST_STEP][PASSED] - for ([i = 0, i &lt; M4_spin_reels.size(), (i++)]): null

2019-08-10 23:57:11 - [TEST_STEP][PASSED] - symbols = symbols: null

2019-08-10 23:57:11 - [TEST_STEP][PASSED] - for ([j = 0, j &lt; symbols.size(), (j++)]): null

2019-08-10 23:57:12 - [TEST_STEP][PASSED] - symbol = symbol: null

2019-08-10 23:57:12 - [TEST_STEP][PASSED] - println(symbol): null

2019-08-10 23:57:12 - [TEST_STEP][PASSED] - if (i == 2 &amp;&amp; wildList.indexOf(symbol) != -1): null

2019-08-10 23:57:12 - [TEST_STEP][PASSED] - if (i == 3 &amp;&amp; wildList.indexOf(symbol) != -1): null

2019-08-10 23:57:12 - [TEST_STEP][PASSED] - if (i == 4 &amp;&amp; wildList.indexOf(symbol) != -1): null

2019-08-10 23:57:12 - [TEST_STEP][PASSED] - symbol = symbol: null

2019-08-10 23:57:12 - [TEST_STEP][PASSED] - println(symbol): null

2019-08-10 23:57:12 - [TEST_STEP][PASSED] - if (i == 2 &amp;&amp; wildList.indexOf(symbol) != -1): null

2019-08-10 23:57:12 - [TEST_STEP][PASSED] - if (i == 3 &amp;&amp; wildList.indexOf(symbol) != -1): null

2019-08-10 23:57:12 - [TEST_STEP][PASSED] - if (i == 4 &amp;&amp; wildList.indexOf(symbol) != -1): null

2019-08-10 23:57:12 - [TEST_STEP][PASSED] - symbol = symbol: null

2019-08-10 23:57:12 - [TEST_STEP][PASSED] - println(symbol): null

2019-08-10 23:57:12 - [TEST_STEP][PASSED] - if (i == 2 &amp;&amp; wildList.indexOf(symbol) != -1): null

2019-08-10 23:57:12 - [TEST_STEP][PASSED] - if (i == 3 &amp;&amp; wildList.indexOf(symbol) != -1): null

2019-08-10 23:57:12 - [TEST_STEP][PASSED] - if (i == 4 &amp;&amp; wildList.indexOf(symbol) != -1): null

2019-08-10 23:57:12 - [TEST_STEP][PASSED] - symbols = symbols: null

2019-08-10 23:57:12 - [TEST_STEP][PASSED] - for ([j = 0, j &lt; symbols.size(), (j++)]): null

2019-08-10 23:57:12 - [TEST_STEP][PASSED] - symbol = symbol: null

2019-08-10 23:57:12 - [TEST_STEP][PASSED] - println(symbol): null

2019-08-10 23:57:12 - [TEST_STEP][PASSED] - if (i == 2 &amp;&amp; wildList.indexOf(symbol) != -1): null

2019-08-10 23:57:12 - [TEST_STEP][PASSED] - if (i == 3 &amp;&amp; wildList.indexOf(symbol) != -1): null

2019-08-10 23:57:12 - [TEST_STEP][PASSED] - if (i == 4 &amp;&amp; wildList.indexOf(symbol) != -1): null

2019-08-10 23:57:12 - [TEST_STEP][PASSED] - symbol = symbol: null

2019-08-10 23:57:12 - [TEST_STEP][PASSED] - println(symbol): null

2019-08-10 23:57:12 - [TEST_STEP][PASSED] - if (i == 2 &amp;&amp; wildList.indexOf(symbol) != -1): null

2019-08-10 23:57:12 - [TEST_STEP][PASSED] - if (i == 3 &amp;&amp; wildList.indexOf(symbol) != -1): null

2019-08-10 23:57:12 - [TEST_STEP][PASSED] - if (i == 4 &amp;&amp; wildList.indexOf(symbol) != -1): null

2019-08-10 23:57:12 - [TEST_STEP][PASSED] - symbol = symbol: null

2019-08-10 23:57:12 - [TEST_STEP][PASSED] - println(symbol): null

2019-08-10 23:57:12 - [TEST_STEP][PASSED] - if (i == 2 &amp;&amp; wildList.indexOf(symbol) != -1): null

2019-08-10 23:57:12 - [TEST_STEP][PASSED] - if (i == 3 &amp;&amp; wildList.indexOf(symbol) != -1): null

2019-08-10 23:57:12 - [TEST_STEP][PASSED] - if (i == 4 &amp;&amp; wildList.indexOf(symbol) != -1): null

2019-08-10 23:57:12 - [TEST_STEP][PASSED] - symbols = symbols: null

2019-08-10 23:57:12 - [TEST_STEP][PASSED] - for ([j = 0, j &lt; symbols.size(), (j++)]): null

2019-08-10 23:57:12 - [TEST_STEP][PASSED] - symbol = symbol: null

2019-08-10 23:57:12 - [TEST_STEP][PASSED] - println(symbol): null

2019-08-10 23:57:12 - [TEST_STEP][PASSED] - if (i == 2 &amp;&amp; wildList.indexOf(symbol) != -1): null

2019-08-10 23:57:12 - [TEST_STEP][PASSED] - if (i == 3 &amp;&amp; wildList.indexOf(symbol) != -1): null

2019-08-10 23:57:12 - [TEST_STEP][PASSED] - if (i == 4 &amp;&amp; wildList.indexOf(symbol) != -1): null

2019-08-10 23:57:12 - [TEST_STEP][PASSED] - symbol = symbol: null

2019-08-10 23:57:12 - [TEST_STEP][PASSED] - println(symbol): null

2019-08-10 23:57:12 - [TEST_STEP][PASSED] - if (i == 2 &amp;&amp; wildList.indexOf(symbol) != -1): null

2019-08-10 23:57:12 - [TEST_STEP][PASSED] - if (i == 3 &amp;&amp; wildList.indexOf(symbol) != -1): null

2019-08-10 23:57:12 - [TEST_STEP][PASSED] - if (i == 4 &amp;&amp; wildList.indexOf(symbol) != -1): null

2019-08-10 23:57:12 - [TEST_STEP][PASSED] - symbol = symbol: null

2019-08-10 23:57:12 - [TEST_STEP][PASSED] - println(symbol): null

2019-08-10 23:57:12 - [TEST_STEP][PASSED] - if (i == 2 &amp;&amp; wildList.indexOf(symbol) != -1): null

2019-08-10 23:57:12 - [TEST_STEP][PASSED] - println("wild found on reel 3, adding counter by 1"): null

2019-08-10 23:57:12 - [TEST_STEP][PASSED] - free_spin_reel_counter[0] = free_spin_reel_counter[0] + 1: null

2019-08-10 23:57:16 - [TEST_STEP][PASSED] - if (i == 3 &amp;&amp; wildList.indexOf(symbol) != -1): null

2019-08-10 23:57:16 - [TEST_STEP][PASSED] - if (i == 4 &amp;&amp; wildList.indexOf(symbol) != -1): null

2019-08-10 23:57:16 - [TEST_STEP][PASSED] - symbols = symbols: null

2019-08-10 23:57:16 - [TEST_STEP][PASSED] - for ([j = 0, j &lt; symbols.size(), (j++)]): null

2019-08-10 23:57:16 - [TEST_STEP][PASSED] - symbol = symbol: null

2019-08-10 23:57:16 - [TEST_STEP][PASSED] - println(symbol): null

2019-08-10 23:57:16 - [TEST_STEP][PASSED] - if (i == 2 &amp;&amp; wildList.indexOf(symbol) != -1): null

2019-08-10 23:57:16 - [TEST_STEP][PASSED] - if (i == 3 &amp;&amp; wildList.indexOf(symbol) != -1): null

2019-08-10 23:57:16 - [TEST_STEP][PASSED] - println("wild found on reel 4, adding counter by 1"): null

2019-08-10 23:57:16 - [TEST_STEP][PASSED] - free_spin_reel_counter[1] = free_spin_reel_counter[1] + 1: null

2019-08-10 23:57:16 - [TEST_STEP][PASSED] - if (i == 4 &amp;&amp; wildList.indexOf(symbol) != -1): null

2019-08-10 23:57:16 - [TEST_STEP][PASSED] - symbol = symbol: null

2019-08-10 23:57:16 - [TEST_STEP][PASSED] - println(symbol): null

2019-08-10 23:57:16 - [TEST_STEP][PASSED] - if (i == 2 &amp;&amp; wildList.indexOf(symbol) != -1): null

2019-08-10 23:57:16 - [TEST_STEP][PASSED] - if (i == 3 &amp;&amp; wildList.indexOf(symbol) != -1): null

2019-08-10 23:57:16 - [TEST_STEP][PASSED] - if (i == 4 &amp;&amp; wildList.indexOf(symbol) != -1): null

2019-08-10 23:57:16 - [TEST_STEP][PASSED] - symbol = symbol: null

2019-08-10 23:57:16 - [TEST_STEP][PASSED] - println(symbol): null

2019-08-10 23:57:16 - [TEST_STEP][PASSED] - if (i == 2 &amp;&amp; wildList.indexOf(symbol) != -1): null

2019-08-10 23:57:16 - [TEST_STEP][PASSED] - if (i == 3 &amp;&amp; wildList.indexOf(symbol) != -1): null

2019-08-10 23:57:16 - [TEST_STEP][PASSED] - if (i == 4 &amp;&amp; wildList.indexOf(symbol) != -1): null

2019-08-10 23:57:16 - [TEST_STEP][PASSED] - symbols = symbols: null

2019-08-10 23:57:16 - [TEST_STEP][PASSED] - for ([j = 0, j &lt; symbols.size(), (j++)]): null

2019-08-10 23:57:16 - [TEST_STEP][PASSED] - symbol = symbol: null

2019-08-10 23:57:16 - [TEST_STEP][PASSED] - println(symbol): null

2019-08-10 23:57:16 - [TEST_STEP][PASSED] - if (i == 2 &amp;&amp; wildList.indexOf(symbol) != -1): null

2019-08-10 23:57:16 - [TEST_STEP][PASSED] - if (i == 3 &amp;&amp; wildList.indexOf(symbol) != -1): null

2019-08-10 23:57:16 - [TEST_STEP][PASSED] - if (i == 4 &amp;&amp; wildList.indexOf(symbol) != -1): null

2019-08-10 23:57:16 - [TEST_STEP][PASSED] - symbol = symbol: null

2019-08-10 23:57:16 - [TEST_STEP][PASSED] - println(symbol): null

2019-08-10 23:57:16 - [TEST_STEP][PASSED] - if (i == 2 &amp;&amp; wildList.indexOf(symbol) != -1): null

2019-08-10 23:57:16 - [TEST_STEP][PASSED] - if (i == 3 &amp;&amp; wildList.indexOf(symbol) != -1): null

2019-08-10 23:57:16 - [TEST_STEP][PASSED] - if (i == 4 &amp;&amp; wildList.indexOf(symbol) != -1): null

2019-08-10 23:57:16 - [TEST_STEP][PASSED] - symbol = symbol: null

2019-08-10 23:57:16 - [TEST_STEP][PASSED] - println(symbol): null

2019-08-10 23:57:16 - [TEST_STEP][PASSED] - if (i == 2 &amp;&amp; wildList.indexOf(symbol) != -1): null

2019-08-10 23:57:16 - [TEST_STEP][PASSED] - if (i == 3 &amp;&amp; wildList.indexOf(symbol) != -1): null

2019-08-10 23:57:16 - [TEST_STEP][PASSED] - if (i == 4 &amp;&amp; wildList.indexOf(symbol) != -1): null

2019-08-10 23:57:16 - [TEST_STEP][PASSED] - free_spin_reel_counter = free_spin_reel_counter: null

2019-08-10 23:57:16 - [TEST_STEP][PASSED] - println("reel 3 wild found: " + free_spin_reel_counter[0]): null

2019-08-10 23:57:16 - [TEST_STEP][PASSED] - println("reel 4 wild found: " + free_spin_reel_counter[1]): null

2019-08-10 23:57:16 - [TEST_STEP][PASSED] - println("reel 5 wild found: " + free_spin_reel_counter[2]): null

2019-08-10 23:57:16 - [TEST_STEP][PASSED] - M4_spin_reels = M4_spin_reels: null

2019-08-10 23:57:16 - [TEST_STEP][PASSED] - M4_spin_reels_symbols = symbol: null

2019-08-10 23:57:16 - [TEST_STEP][PASSED] - M4_spin_reels_symbols = M4_spin_reels_symbols: null

2019-08-10 23:57:16 - [TEST_STEP][PASSED] - M4_spin_reel_wins = reel_wins: null

2019-08-10 23:57:16 - [TEST_STEP][PASSED] - M4_spin_reel_wins = M4_spin_reel_wins: null

2019-08-10 23:57:16 - [TEST_STEP][PASSED] - println("GlobalVariable.M4_spin_reel_wins is: " + M4_spin_reel_wins): null

2019-08-10 23:57:16 - [TEST_STEP][PASSED] - M4_spin_total_bonus_win_this_round = total_bonus_win_this_round: null

2019-08-10 23:57:16 - [TEST_STEP][PASSED] - M4_spin_total_bonus_win_this_round = M4_spin_total_bonus_win_this_round: null

2019-08-10 23:57:16 - [TEST_STEP][PASSED] - println("GlobalVariable.M4_spin_total_bonus_win_this_round is: " + M4_spin_total_bonus_win_this_round): null

2019-08-10 23:57:16 - [MESSAGE][PASSED] - Verify response successfully

2019-08-10 23:57:16 - [MESSAGE][PASSED] - Send request and verify the response successfully

2019-08-10 23:57:16 - [TEST_STEP][PASSED] - if (M4_total_bonus_spins_int != 0 &amp;&amp; M4_spin_reels_symbols[2].contains("WILD_Double") || M4_spin_reels_symbols[4].contains("WILD_Triple")): null

2019-08-10 23:57:16 - [TEST_STEP][PASSED] - free_spin_reel_counter = free_spin_reel_counter: null

2019-08-10 23:57:16 - [TEST_STEP][PASSED] - M4_spin_reels_symbols = M4_spin_reels_symbols: null

2019-08-10 23:57:16 - [TEST_STEP][PASSED] - M4_total_bonus_spins = M4_total_bonus_spins: null

2019-08-10 23:57:16 - [TEST_STEP][PASSED] - spin_result = sendRequestAndVerify(findTestObject("RGS(M4)/1_M4_spin", ["M4_login_user_id":M4_login_user_id, "rgs_session_token":rgs_session_token, "partner":Partner])): Send request and verify the response successfully

2019-08-10 23:57:16 - [TEST_CASE][PASSED] - Start Test Case : Verification: Verification accomplished successfully

2019-08-10 23:57:16 - [TEST_STEP][PASSED] - request = getInstance().getCurrentRequest(): null

2019-08-10 23:57:16 - [TEST_STEP][PASSED] - response = getInstance().getCurrentResponse(): null

2019-08-10 23:57:16 - [TEST_STEP][PASSED] - verifyResponseStatusCode(response, 200): Verify response status code successfully

2019-08-10 23:57:16 - [MESSAGE][PASSED] - Verify response status code successfully

2019-08-10 23:57:16 - [TEST_STEP][PASSED] - getStatusCode()).isEqualTo(200): null

2019-08-10 23:57:16 - [TEST_STEP][PASSED] - newline = System.getProperty("line.separator"): null

2019-08-10 23:57:16 - [TEST_STEP][PASSED] - M4_spin = new groovy.json.JsonSlurper(): null

2019-08-10 23:57:16 - [TEST_STEP][PASSED] - result_M4_spin = M4_spin.parseText(response.getResponseBodyContent()): null

2019-08-10 23:57:16 - [TEST_STEP][PASSED] - M4_spin_current_balance = current_balance: null

2019-08-10 23:57:16 - [TEST_STEP][PASSED] - M4_spin_current_balance = M4_spin_current_balance: null

2019-08-10 23:57:16 - [TEST_STEP][PASSED] - M4_spin_transaction_id = causality: null

2019-08-10 23:57:16 - [TEST_STEP][PASSED] - M4_spin_transaction_id = M4_spin_transaction_id: null

2019-08-10 23:57:16 - [TEST_STEP][PASSED] - M4_spin_round_id = round_id: null

2019-08-10 23:57:16 - [TEST_STEP][PASSED] - M4_spin_round_id = M4_spin_round_id: null

2019-08-10 23:57:16 - [TEST_STEP][PASSED] - M4_spin_line_wins = line_wins: null

2019-08-10 23:57:16 - [TEST_STEP][PASSED] - M4_spin_line_wins = M4_spin_line_wins: null

2019-08-10 23:57:16 - [TEST_STEP][PASSED] - M4_total_bonus_spins_int = total_bonus_spins: null

2019-08-10 23:57:16 - [TEST_STEP][PASSED] - println("******M4_total_bonus_spins type is:*******" + newline + getClass().getName()): null

2019-08-10 23:57:16 - [TEST_STEP][PASSED] - M4_total_bonus_spins_int = M4_total_bonus_spins_int: null

2019-08-10 23:57:16 - [TEST_STEP][PASSED] - M4_total_bonus_spins = Integer.toString(M4_total_bonus_spins_int): null

2019-08-10 23:57:16 - [TEST_STEP][PASSED] - M4_total_bonus_spins = M4_total_bonus_spins: null

2019-08-10 23:57:16 - [TEST_STEP][PASSED] - println("M4_total_bonus_spins is:" + M4_total_bonus_spins): null

2019-08-10 23:57:16 - [TEST_STEP][PASSED] - M4_spin_bonus_data = bonus_data: null

2019-08-10 23:57:16 - [TEST_STEP][PASSED] - M4_spin_features_triggered = result_M4_spin: null

2019-08-10 23:57:16 - [TEST_STEP][PASSED] - wild = []: null

2019-08-10 23:57:16 - [TEST_STEP][PASSED] - wild[0] = "WILD_Expanding": null

2019-08-10 23:57:16 - [TEST_STEP][PASSED] - wild[1] = "WILD_Normal": null

2019-08-10 23:57:16 - [TEST_STEP][PASSED] - wild[2] = "WILD_Double": null

2019-08-10 23:57:16 - [TEST_STEP][PASSED] - wild[3] = "WILD_ExtraFG": null

2019-08-10 23:57:16 - [TEST_STEP][PASSED] - wild[4] = "WILD_Triple": null

2019-08-10 23:57:16 - [TEST_STEP][PASSED] - wildList = Arrays.asList(wild): null

2019-08-10 23:57:16 - [TEST_STEP][PASSED] - wildList = wildList: null

2019-08-10 23:57:16 - [TEST_STEP][PASSED] - free_spin_reel_counter = []: null

2019-08-10 23:57:16 - [TEST_STEP][PASSED] - free_spin_reel_counter[0] = 0: null

2019-08-10 23:57:16 - [TEST_STEP][PASSED] - free_spin_reel_counter[1] = 0: null

2019-08-10 23:57:16 - [TEST_STEP][PASSED] - free_spin_reel_counter[2] = 0: null

2019-08-10 23:57:16 - [TEST_STEP][PASSED] - M4_spin_reels = reels: null

2019-08-10 23:57:16 - [TEST_STEP][PASSED] - for ([i = 0, i &lt; M4_spin_reels.size(), (i++)]): null

2019-08-10 23:57:16 - [TEST_STEP][PASSED] - symbols = symbols: null

2019-08-10 23:57:16 - [TEST_STEP][PASSED] - for ([j = 0, j &lt; symbols.size(), (j++)]): null

2019-08-10 23:57:16 - [TEST_STEP][PASSED] - symbol = symbol: null

2019-08-10 23:57:16 - [TEST_STEP][PASSED] - println(symbol): null

2019-08-10 23:57:16 - [TEST_STEP][PASSED] - if (i == 2 &amp;&amp; wildList.indexOf(symbol) != -1): null

2019-08-10 23:57:16 - [TEST_STEP][PASSED] - if (i == 3 &amp;&amp; wildList.indexOf(symbol) != -1): null

2019-08-10 23:57:16 - [TEST_STEP][PASSED] - if (i == 4 &amp;&amp; wildList.indexOf(symbol) != -1): null

2019-08-10 23:57:16 - [TEST_STEP][PASSED] - symbol = symbol: null

2019-08-10 23:57:16 - [TEST_STEP][PASSED] - println(symbol): null

2019-08-10 23:57:16 - [TEST_STEP][PASSED] - if (i == 2 &amp;&amp; wildList.indexOf(symbol) != -1): null

2019-08-10 23:57:16 - [TEST_STEP][PASSED] - if (i == 3 &amp;&amp; wildList.indexOf(symbol) != -1): null

2019-08-10 23:57:16 - [TEST_STEP][PASSED] - if (i == 4 &amp;&amp; wildList.indexOf(symbol) != -1): null

2019-08-10 23:57:16 - [TEST_STEP][PASSED] - symbol = symbol: null

2019-08-10 23:57:16 - [TEST_STEP][PASSED] - println(symbol): null

2019-08-10 23:57:16 - [TEST_STEP][PASSED] - if (i == 2 &amp;&amp; wildList.indexOf(symbol) != -1): null

2019-08-10 23:57:16 - [TEST_STEP][PASSED] - if (i == 3 &amp;&amp; wildList.indexOf(symbol) != -1): null

2019-08-10 23:57:16 - [TEST_STEP][PASSED] - if (i == 4 &amp;&amp; wildList.indexOf(symbol) != -1): null

2019-08-10 23:57:16 - [TEST_STEP][PASSED] - symbols = symbols: null

2019-08-10 23:57:16 - [TEST_STEP][PASSED] - for ([j = 0, j &lt; symbols.size(), (j++)]): null

2019-08-10 23:57:16 - [TEST_STEP][PASSED] - symbol = symbol: null

2019-08-10 23:57:16 - [TEST_STEP][PASSED] - println(symbol): null

2019-08-10 23:57:16 - [TEST_STEP][PASSED] - if (i == 2 &amp;&amp; wildList.indexOf(symbol) != -1): null

2019-08-10 23:57:16 - [TEST_STEP][PASSED] - if (i == 3 &amp;&amp; wildList.indexOf(symbol) != -1): null

2019-08-10 23:57:16 - [TEST_STEP][PASSED] - if (i == 4 &amp;&amp; wildList.indexOf(symbol) != -1): null

2019-08-10 23:57:16 - [TEST_STEP][PASSED] - symbol = symbol: null

2019-08-10 23:57:16 - [TEST_STEP][PASSED] - println(symbol): null

2019-08-10 23:57:16 - [TEST_STEP][PASSED] - if (i == 2 &amp;&amp; wildList.indexOf(symbol) != -1): null

2019-08-10 23:57:16 - [TEST_STEP][PASSED] - if (i == 3 &amp;&amp; wildList.indexOf(symbol) != -1): null

2019-08-10 23:57:16 - [TEST_STEP][PASSED] - if (i == 4 &amp;&amp; wildList.indexOf(symbol) != -1): null

2019-08-10 23:57:16 - [TEST_STEP][PASSED] - symbol = symbol: null

2019-08-10 23:57:16 - [TEST_STEP][PASSED] - println(symbol): null

2019-08-10 23:57:16 - [TEST_STEP][PASSED] - if (i == 2 &amp;&amp; wildList.indexOf(symbol) != -1): null

2019-08-10 23:57:16 - [TEST_STEP][PASSED] - if (i == 3 &amp;&amp; wildList.indexOf(symbol) != -1): null

2019-08-10 23:57:16 - [TEST_STEP][PASSED] - if (i == 4 &amp;&amp; wildList.indexOf(symbol) != -1): null

2019-08-10 23:57:16 - [TEST_STEP][PASSED] - symbols = symbols: null

2019-08-10 23:57:16 - [TEST_STEP][PASSED] - for ([j = 0, j &lt; symbols.size(), (j++)]): null

2019-08-10 23:57:16 - [TEST_STEP][PASSED] - symbol = symbol: null

2019-08-10 23:57:16 - [TEST_STEP][PASSED] - println(symbol): null

2019-08-10 23:57:16 - [TEST_STEP][PASSED] - if (i == 2 &amp;&amp; wildList.indexOf(symbol) != -1): null

2019-08-10 23:57:16 - [TEST_STEP][PASSED] - if (i == 3 &amp;&amp; wildList.indexOf(symbol) != -1): null

2019-08-10 23:57:16 - [TEST_STEP][PASSED] - if (i == 4 &amp;&amp; wildList.indexOf(symbol) != -1): null

2019-08-10 23:57:16 - [TEST_STEP][PASSED] - symbol = symbol: null

2019-08-10 23:57:16 - [TEST_STEP][PASSED] - println(symbol): null

2019-08-10 23:57:16 - [TEST_STEP][PASSED] - if (i == 2 &amp;&amp; wildList.indexOf(symbol) != -1): null

2019-08-10 23:57:16 - [TEST_STEP][PASSED] - if (i == 3 &amp;&amp; wildList.indexOf(symbol) != -1): null

2019-08-10 23:57:16 - [TEST_STEP][PASSED] - if (i == 4 &amp;&amp; wildList.indexOf(symbol) != -1): null

2019-08-10 23:57:16 - [TEST_STEP][PASSED] - symbol = symbol: null

2019-08-10 23:57:16 - [TEST_STEP][PASSED] - println(symbol): null

2019-08-10 23:57:16 - [TEST_STEP][PASSED] - if (i == 2 &amp;&amp; wildList.indexOf(symbol) != -1): null

2019-08-10 23:57:16 - [TEST_STEP][PASSED] - if (i == 3 &amp;&amp; wildList.indexOf(symbol) != -1): null

2019-08-10 23:57:16 - [TEST_STEP][PASSED] - if (i == 4 &amp;&amp; wildList.indexOf(symbol) != -1): null

2019-08-10 23:57:16 - [TEST_STEP][PASSED] - symbols = symbols: null

2019-08-10 23:57:16 - [TEST_STEP][PASSED] - for ([j = 0, j &lt; symbols.size(), (j++)]): null

2019-08-10 23:57:16 - [TEST_STEP][PASSED] - symbol = symbol: null

2019-08-10 23:57:16 - [TEST_STEP][PASSED] - println(symbol): null

2019-08-10 23:57:16 - [TEST_STEP][PASSED] - if (i == 2 &amp;&amp; wildList.indexOf(symbol) != -1): null

2019-08-10 23:57:16 - [TEST_STEP][PASSED] - if (i == 3 &amp;&amp; wildList.indexOf(symbol) != -1): null

2019-08-10 23:57:16 - [TEST_STEP][PASSED] - if (i == 4 &amp;&amp; wildList.indexOf(symbol) != -1): null

2019-08-10 23:57:16 - [TEST_STEP][PASSED] - symbol = symbol: null

2019-08-10 23:57:16 - [TEST_STEP][PASSED] - println(symbol): null

2019-08-10 23:57:16 - [TEST_STEP][PASSED] - if (i == 2 &amp;&amp; wildList.indexOf(symbol) != -1): null

2019-08-10 23:57:16 - [TEST_STEP][PASSED] - if (i == 3 &amp;&amp; wildList.indexOf(symbol) != -1): null

2019-08-10 23:57:16 - [TEST_STEP][PASSED] - if (i == 4 &amp;&amp; wildList.indexOf(symbol) != -1): null

2019-08-10 23:57:16 - [TEST_STEP][PASSED] - symbol = symbol: null

2019-08-10 23:57:16 - [TEST_STEP][PASSED] - println(symbol): null

2019-08-10 23:57:16 - [TEST_STEP][PASSED] - if (i == 2 &amp;&amp; wildList.indexOf(symbol) != -1): null

2019-08-10 23:57:16 - [TEST_STEP][PASSED] - if (i == 3 &amp;&amp; wildList.indexOf(symbol) != -1): null

2019-08-10 23:57:16 - [TEST_STEP][PASSED] - println("wild found on reel 4, adding counter by 1"): null

2019-08-10 23:57:16 - [TEST_STEP][PASSED] - free_spin_reel_counter[1] = free_spin_reel_counter[1] + 1: null

2019-08-10 23:57:16 - [TEST_STEP][PASSED] - if (i == 4 &amp;&amp; wildList.indexOf(symbol) != -1): null

2019-08-10 23:57:16 - [TEST_STEP][PASSED] - symbols = symbols: null

2019-08-10 23:57:16 - [TEST_STEP][PASSED] - for ([j = 0, j &lt; symbols.size(), (j++)]): null

2019-08-10 23:57:16 - [TEST_STEP][PASSED] - symbol = symbol: null

2019-08-10 23:57:16 - [TEST_STEP][PASSED] - println(symbol): null

2019-08-10 23:57:16 - [TEST_STEP][PASSED] - if (i == 2 &amp;&amp; wildList.indexOf(symbol) != -1): null

2019-08-10 23:57:16 - [TEST_STEP][PASSED] - if (i == 3 &amp;&amp; wildList.indexOf(symbol) != -1): null

2019-08-10 23:57:16 - [TEST_STEP][PASSED] - if (i == 4 &amp;&amp; wildList.indexOf(symbol) != -1): null

2019-08-10 23:57:16 - [TEST_STEP][PASSED] - symbol = symbol: null

2019-08-10 23:57:16 - [TEST_STEP][PASSED] - println(symbol): null

2019-08-10 23:57:16 - [TEST_STEP][PASSED] - if (i == 2 &amp;&amp; wildList.indexOf(symbol) != -1): null

2019-08-10 23:57:16 - [TEST_STEP][PASSED] - if (i == 3 &amp;&amp; wildList.indexOf(symbol) != -1): null

2019-08-10 23:57:16 - [TEST_STEP][PASSED] - if (i == 4 &amp;&amp; wildList.indexOf(symbol) != -1): null

2019-08-10 23:57:16 - [TEST_STEP][PASSED] - symbol = symbol: null

2019-08-10 23:57:16 - [TEST_STEP][PASSED] - println(symbol): null

2019-08-10 23:57:16 - [TEST_STEP][PASSED] - if (i == 2 &amp;&amp; wildList.indexOf(symbol) != -1): null

2019-08-10 23:57:16 - [TEST_STEP][PASSED] - if (i == 3 &amp;&amp; wildList.indexOf(symbol) != -1): null

2019-08-10 23:57:16 - [TEST_STEP][PASSED] - if (i == 4 &amp;&amp; wildList.indexOf(symbol) != -1): null

2019-08-10 23:57:16 - [TEST_STEP][PASSED] - free_spin_reel_counter = free_spin_reel_counter: null

2019-08-10 23:57:16 - [TEST_STEP][PASSED] - println("reel 3 wild found: " + free_spin_reel_counter[0]): null

2019-08-10 23:57:16 - [TEST_STEP][PASSED] - println("reel 4 wild found: " + free_spin_reel_counter[1]): null

2019-08-10 23:57:16 - [TEST_STEP][PASSED] - println("reel 5 wild found: " + free_spin_reel_counter[2]): null

2019-08-10 23:57:16 - [TEST_STEP][PASSED] - M4_spin_reels = M4_spin_reels: null

2019-08-10 23:57:16 - [TEST_STEP][PASSED] - M4_spin_reels_symbols = symbol: null

2019-08-10 23:57:16 - [TEST_STEP][PASSED] - M4_spin_reels_symbols = M4_spin_reels_symbols: null

2019-08-10 23:57:16 - [TEST_STEP][PASSED] - M4_spin_reel_wins = reel_wins: null

2019-08-10 23:57:16 - [TEST_STEP][PASSED] - M4_spin_reel_wins = M4_spin_reel_wins: null

2019-08-10 23:57:16 - [TEST_STEP][PASSED] - println("GlobalVariable.M4_spin_reel_wins is: " + M4_spin_reel_wins): null

2019-08-10 23:57:16 - [TEST_STEP][PASSED] - M4_spin_total_bonus_win_this_round = total_bonus_win_this_round: null

2019-08-10 23:57:16 - [TEST_STEP][PASSED] - M4_spin_total_bonus_win_this_round = M4_spin_total_bonus_win_this_round: null

2019-08-10 23:57:16 - [TEST_STEP][PASSED] - println("GlobalVariable.M4_spin_total_bonus_win_this_round is: " + M4_spin_total_bonus_win_this_round): null

2019-08-10 23:57:16 - [MESSAGE][PASSED] - Verify response successfully

2019-08-10 23:57:16 - [MESSAGE][PASSED] - Send request and verify the response successfully

2019-08-10 23:57:16 - [TEST_STEP][PASSED] - if (M4_total_bonus_spins_int != 0 &amp;&amp; M4_spin_reels_symbols[2].contains("WILD_Double") || M4_spin_reels_symbols[4].contains("WILD_Triple")): null

2019-08-10 23:57:16 - [TEST_STEP][PASSED] - free_spin_reel_counter = free_spin_reel_counter: null

2019-08-10 23:57:16 - [TEST_STEP][PASSED] - M4_spin_reels_symbols = M4_spin_reels_symbols: null

2019-08-10 23:57:16 - [TEST_STEP][PASSED] - M4_total_bonus_spins = M4_total_bonus_spins: null

2019-08-10 23:57:16 - [TEST_STEP][PASSED] - spin_result = sendRequestAndVerify(findTestObject("RGS(M4)/1_M4_spin", ["M4_login_user_id":M4_login_user_id, "rgs_session_token":rgs_session_token, "partner":Partner])): Send request and verify the response successfully

2019-08-10 23:57:17 - [TEST_CASE][PASSED] - Start Test Case : Verification: Verification accomplished successfully

2019-08-10 23:57:17 - [TEST_STEP][PASSED] - request = getInstance().getCurrentRequest(): null

2019-08-10 23:57:17 - [TEST_STEP][PASSED] - response = getInstance().getCurrentResponse(): null

2019-08-10 23:57:17 - [TEST_STEP][PASSED] - verifyResponseStatusCode(response, 200): Verify response status code successfully

2019-08-10 23:57:17 - [MESSAGE][PASSED] - Verify response status code successfully

2019-08-10 23:57:17 - [TEST_STEP][PASSED] - getStatusCode()).isEqualTo(200): null

2019-08-10 23:57:17 - [TEST_STEP][PASSED] - newline = System.getProperty("line.separator"): null

2019-08-10 23:57:17 - [TEST_STEP][PASSED] - M4_spin = new groovy.json.JsonSlurper(): null

2019-08-10 23:57:17 - [TEST_STEP][PASSED] - result_M4_spin = M4_spin.parseText(response.getResponseBodyContent()): null

2019-08-10 23:57:17 - [TEST_STEP][PASSED] - M4_spin_current_balance = current_balance: null

2019-08-10 23:57:17 - [TEST_STEP][PASSED] - M4_spin_current_balance = M4_spin_current_balance: null

2019-08-10 23:57:17 - [TEST_STEP][PASSED] - M4_spin_transaction_id = causality: null

2019-08-10 23:57:17 - [TEST_STEP][PASSED] - M4_spin_transaction_id = M4_spin_transaction_id: null

2019-08-10 23:57:17 - [TEST_STEP][PASSED] - M4_spin_round_id = round_id: null

2019-08-10 23:57:17 - [TEST_STEP][PASSED] - M4_spin_round_id = M4_spin_round_id: null

2019-08-10 23:57:17 - [TEST_STEP][PASSED] - M4_spin_line_wins = line_wins: null

2019-08-10 23:57:17 - [TEST_STEP][PASSED] - M4_spin_line_wins = M4_spin_line_wins: null

2019-08-10 23:57:17 - [TEST_STEP][PASSED] - M4_total_bonus_spins_int = total_bonus_spins: null

2019-08-10 23:57:17 - [TEST_STEP][PASSED] - println("******M4_total_bonus_spins type is:*******" + newline + getClass().getName()): null

2019-08-10 23:57:17 - [TEST_STEP][PASSED] - M4_total_bonus_spins_int = M4_total_bonus_spins_int: null

2019-08-10 23:57:17 - [TEST_STEP][PASSED] - M4_total_bonus_spins = Integer.toString(M4_total_bonus_spins_int): null

2019-08-10 23:57:17 - [TEST_STEP][PASSED] - M4_total_bonus_spins = M4_total_bonus_spins: null

2019-08-10 23:57:17 - [TEST_STEP][PASSED] - println("M4_total_bonus_spins is:" + M4_total_bonus_spins): null

2019-08-10 23:57:17 - [TEST_STEP][PASSED] - M4_spin_bonus_data = bonus_data: null

2019-08-10 23:57:17 - [TEST_STEP][PASSED] - M4_spin_features_triggered = result_M4_spin: null

2019-08-10 23:57:17 - [TEST_STEP][PASSED] - wild = []: null

2019-08-10 23:57:17 - [TEST_STEP][PASSED] - wild[0] = "WILD_Expanding": null

2019-08-10 23:57:17 - [TEST_STEP][PASSED] - wild[1] = "WILD_Normal": null

2019-08-10 23:57:17 - [TEST_STEP][PASSED] - wild[2] = "WILD_Double": null

2019-08-10 23:57:17 - [TEST_STEP][PASSED] - wild[3] = "WILD_ExtraFG": null

2019-08-10 23:57:17 - [TEST_STEP][PASSED] - wild[4] = "WILD_Triple": null

2019-08-10 23:57:17 - [TEST_STEP][PASSED] - wildList = Arrays.asList(wild): null

2019-08-10 23:57:17 - [TEST_STEP][PASSED] - wildList = wildList: null

2019-08-10 23:57:17 - [TEST_STEP][PASSED] - free_spin_reel_counter = []: null

2019-08-10 23:57:17 - [TEST_STEP][PASSED] - free_spin_reel_counter[0] = 0: null

2019-08-10 23:57:17 - [TEST_STEP][PASSED] - free_spin_reel_counter[1] = 0: null

2019-08-10 23:57:17 - [TEST_STEP][PASSED] - free_spin_reel_counter[2] = 0: null

2019-08-10 23:57:17 - [TEST_STEP][PASSED] - M4_spin_reels = reels: null

2019-08-10 23:57:17 - [TEST_STEP][PASSED] - for ([i = 0, i &lt; M4_spin_reels.size(), (i++)]): null

2019-08-10 23:57:17 - [TEST_STEP][PASSED] - symbols = symbols: null

2019-08-10 23:57:17 - [TEST_STEP][PASSED] - for ([j = 0, j &lt; symbols.size(), (j++)]): null

2019-08-10 23:57:17 - [TEST_STEP][PASSED] - symbol = symbol: null

2019-08-10 23:57:17 - [TEST_STEP][PASSED] - println(symbol): null

2019-08-10 23:57:17 - [TEST_STEP][PASSED] - if (i == 2 &amp;&amp; wildList.indexOf(symbol) != -1): null

2019-08-10 23:57:17 - [TEST_STEP][PASSED] - if (i == 3 &amp;&amp; wildList.indexOf(symbol) != -1): null

2019-08-10 23:57:17 - [TEST_STEP][PASSED] - if (i == 4 &amp;&amp; wildList.indexOf(symbol) != -1): null

2019-08-10 23:57:17 - [TEST_STEP][PASSED] - symbol = symbol: null

2019-08-10 23:57:17 - [TEST_STEP][PASSED] - println(symbol): null

2019-08-10 23:57:17 - [TEST_STEP][PASSED] - if (i == 2 &amp;&amp; wildList.indexOf(symbol) != -1): null

2019-08-10 23:57:17 - [TEST_STEP][PASSED] - if (i == 3 &amp;&amp; wildList.indexOf(symbol) != -1): null

2019-08-10 23:57:17 - [TEST_STEP][PASSED] - if (i == 4 &amp;&amp; wildList.indexOf(symbol) != -1): null

2019-08-10 23:57:17 - [TEST_STEP][PASSED] - symbol = symbol: null

2019-08-10 23:57:17 - [TEST_STEP][PASSED] - println(symbol): null

2019-08-10 23:57:17 - [TEST_STEP][PASSED] - if (i == 2 &amp;&amp; wildList.indexOf(symbol) != -1): null

2019-08-10 23:57:17 - [TEST_STEP][PASSED] - if (i == 3 &amp;&amp; wildList.indexOf(symbol) != -1): null

2019-08-10 23:57:17 - [TEST_STEP][PASSED] - if (i == 4 &amp;&amp; wildList.indexOf(symbol) != -1): null

2019-08-10 23:57:17 - [TEST_STEP][PASSED] - symbols = symbols: null

2019-08-10 23:57:17 - [TEST_STEP][PASSED] - for ([j = 0, j &lt; symbols.size(), (j++)]): null

2019-08-10 23:57:17 - [TEST_STEP][PASSED] - symbol = symbol: null

2019-08-10 23:57:17 - [TEST_STEP][PASSED] - println(symbol): null

2019-08-10 23:57:17 - [TEST_STEP][PASSED] - if (i == 2 &amp;&amp; wildList.indexOf(symbol) != -1): null

2019-08-10 23:57:17 - [TEST_STEP][PASSED] - if (i == 3 &amp;&amp; wildList.indexOf(symbol) != -1): null

2019-08-10 23:57:17 - [TEST_STEP][PASSED] - if (i == 4 &amp;&amp; wildList.indexOf(symbol) != -1): null

2019-08-10 23:57:17 - [TEST_STEP][PASSED] - symbol = symbol: null

2019-08-10 23:57:17 - [TEST_STEP][PASSED] - println(symbol): null

2019-08-10 23:57:17 - [TEST_STEP][PASSED] - if (i == 2 &amp;&amp; wildList.indexOf(symbol) != -1): null

2019-08-10 23:57:17 - [TEST_STEP][PASSED] - if (i == 3 &amp;&amp; wildList.indexOf(symbol) != -1): null

2019-08-10 23:57:17 - [TEST_STEP][PASSED] - if (i == 4 &amp;&amp; wildList.indexOf(symbol) != -1): null

2019-08-10 23:57:17 - [TEST_STEP][PASSED] - symbol = symbol: null

2019-08-10 23:57:17 - [TEST_STEP][PASSED] - println(symbol): null

2019-08-10 23:57:17 - [TEST_STEP][PASSED] - if (i == 2 &amp;&amp; wildList.indexOf(symbol) != -1): null

2019-08-10 23:57:17 - [TEST_STEP][PASSED] - if (i == 3 &amp;&amp; wildList.indexOf(symbol) != -1): null

2019-08-10 23:57:17 - [TEST_STEP][PASSED] - if (i == 4 &amp;&amp; wildList.indexOf(symbol) != -1): null

2019-08-10 23:57:17 - [TEST_STEP][PASSED] - symbols = symbols: null

2019-08-10 23:57:17 - [TEST_STEP][PASSED] - for ([j = 0, j &lt; symbols.size(), (j++)]): null

2019-08-10 23:57:17 - [TEST_STEP][PASSED] - symbol = symbol: null

2019-08-10 23:57:17 - [TEST_STEP][PASSED] - println(symbol): null

2019-08-10 23:57:17 - [TEST_STEP][PASSED] - if (i == 2 &amp;&amp; wildList.indexOf(symbol) != -1): null

2019-08-10 23:57:17 - [TEST_STEP][PASSED] - if (i == 3 &amp;&amp; wildList.indexOf(symbol) != -1): null

2019-08-10 23:57:17 - [TEST_STEP][PASSED] - if (i == 4 &amp;&amp; wildList.indexOf(symbol) != -1): null

2019-08-10 23:57:17 - [TEST_STEP][PASSED] - symbol = symbol: null

2019-08-10 23:57:17 - [TEST_STEP][PASSED] - println(symbol): null

2019-08-10 23:57:17 - [TEST_STEP][PASSED] - if (i == 2 &amp;&amp; wildList.indexOf(symbol) != -1): null

2019-08-10 23:57:17 - [TEST_STEP][PASSED] - if (i == 3 &amp;&amp; wildList.indexOf(symbol) != -1): null

2019-08-10 23:57:17 - [TEST_STEP][PASSED] - if (i == 4 &amp;&amp; wildList.indexOf(symbol) != -1): null

2019-08-10 23:57:17 - [TEST_STEP][PASSED] - symbol = symbol: null

2019-08-10 23:57:17 - [TEST_STEP][PASSED] - println(symbol): null

2019-08-10 23:57:17 - [TEST_STEP][PASSED] - if (i == 2 &amp;&amp; wildList.indexOf(symbol) != -1): null

2019-08-10 23:57:17 - [TEST_STEP][PASSED] - if (i == 3 &amp;&amp; wildList.indexOf(symbol) != -1): null

2019-08-10 23:57:17 - [TEST_STEP][PASSED] - if (i == 4 &amp;&amp; wildList.indexOf(symbol) != -1): null

2019-08-10 23:57:17 - [TEST_STEP][PASSED] - symbols = symbols: null

2019-08-10 23:57:17 - [TEST_STEP][PASSED] - for ([j = 0, j &lt; symbols.size(), (j++)]): null

2019-08-10 23:57:17 - [TEST_STEP][PASSED] - symbol = symbol: null

2019-08-10 23:57:17 - [TEST_STEP][PASSED] - println(symbol): null

2019-08-10 23:57:17 - [TEST_STEP][PASSED] - if (i == 2 &amp;&amp; wildList.indexOf(symbol) != -1): null

2019-08-10 23:57:17 - [TEST_STEP][PASSED] - if (i == 3 &amp;&amp; wildList.indexOf(symbol) != -1): null

2019-08-10 23:57:17 - [TEST_STEP][PASSED] - if (i == 4 &amp;&amp; wildList.indexOf(symbol) != -1): null

2019-08-10 23:57:17 - [TEST_STEP][PASSED] - symbol = symbol: null

2019-08-10 23:57:17 - [TEST_STEP][PASSED] - println(symbol): null

2019-08-10 23:57:17 - [TEST_STEP][PASSED] - if (i == 2 &amp;&amp; wildList.indexOf(symbol) != -1): null

2019-08-10 23:57:17 - [TEST_STEP][PASSED] - if (i == 3 &amp;&amp; wildList.indexOf(symbol) != -1): null

2019-08-10 23:57:17 - [TEST_STEP][PASSED] - if (i == 4 &amp;&amp; wildList.indexOf(symbol) != -1): null

2019-08-10 23:57:17 - [TEST_STEP][PASSED] - symbol = symbol: null

2019-08-10 23:57:17 - [TEST_STEP][PASSED] - println(symbol): null

2019-08-10 23:57:17 - [TEST_STEP][PASSED] - if (i == 2 &amp;&amp; wildList.indexOf(symbol) != -1): null

2019-08-10 23:57:17 - [TEST_STEP][PASSED] - if (i == 3 &amp;&amp; wildList.indexOf(symbol) != -1): null

2019-08-10 23:57:17 - [TEST_STEP][PASSED] - if (i == 4 &amp;&amp; wildList.indexOf(symbol) != -1): null

2019-08-10 23:57:17 - [TEST_STEP][PASSED] - symbols = symbols: null

2019-08-10 23:57:17 - [TEST_STEP][PASSED] - for ([j = 0, j &lt; symbols.size(), (j++)]): null

2019-08-10 23:57:17 - [TEST_STEP][PASSED] - symbol = symbol: null

2019-08-10 23:57:17 - [TEST_STEP][PASSED] - println(symbol): null

2019-08-10 23:57:17 - [TEST_STEP][PASSED] - if (i == 2 &amp;&amp; wildList.indexOf(symbol) != -1): null

2019-08-10 23:57:17 - [TEST_STEP][PASSED] - if (i == 3 &amp;&amp; wildList.indexOf(symbol) != -1): null

2019-08-10 23:57:17 - [TEST_STEP][PASSED] - if (i == 4 &amp;&amp; wildList.indexOf(symbol) != -1): null

2019-08-10 23:57:17 - [TEST_STEP][PASSED] - symbol = symbol: null

2019-08-10 23:57:17 - [TEST_STEP][PASSED] - println(symbol): null

2019-08-10 23:57:17 - [TEST_STEP][PASSED] - if (i == 2 &amp;&amp; wildList.indexOf(symbol) != -1): null

2019-08-10 23:57:17 - [TEST_STEP][PASSED] - if (i == 3 &amp;&amp; wildList.indexOf(symbol) != -1): null

2019-08-10 23:57:17 - [TEST_STEP][PASSED] - if (i == 4 &amp;&amp; wildList.indexOf(symbol) != -1): null

2019-08-10 23:57:17 - [TEST_STEP][PASSED] - symbol = symbol: null

2019-08-10 23:57:17 - [TEST_STEP][PASSED] - println(symbol): null

2019-08-10 23:57:17 - [TEST_STEP][PASSED] - if (i == 2 &amp;&amp; wildList.indexOf(symbol) != -1): null

2019-08-10 23:57:17 - [TEST_STEP][PASSED] - if (i == 3 &amp;&amp; wildList.indexOf(symbol) != -1): null

2019-08-10 23:57:17 - [TEST_STEP][PASSED] - if (i == 4 &amp;&amp; wildList.indexOf(symbol) != -1): null

2019-08-10 23:57:17 - [TEST_STEP][PASSED] - free_spin_reel_counter = free_spin_reel_counter: null

2019-08-10 23:57:17 - [TEST_STEP][PASSED] - println("reel 3 wild found: " + free_spin_reel_counter[0]): null

2019-08-10 23:57:17 - [TEST_STEP][PASSED] - println("reel 4 wild found: " + free_spin_reel_counter[1]): null

2019-08-10 23:57:17 - [TEST_STEP][PASSED] - println("reel 5 wild found: " + free_spin_reel_counter[2]): null

2019-08-10 23:57:21 - [TEST_STEP][PASSED] - M4_spin_reels = M4_spin_reels: null

2019-08-10 23:57:21 - [TEST_STEP][PASSED] - M4_spin_reels_symbols = symbol: null

2019-08-10 23:57:21 - [TEST_STEP][PASSED] - M4_spin_reels_symbols = M4_spin_reels_symbols: null

2019-08-10 23:57:21 - [TEST_STEP][PASSED] - M4_spin_reel_wins = reel_wins: null

2019-08-10 23:57:21 - [TEST_STEP][PASSED] - M4_spin_reel_wins = M4_spin_reel_wins: null

2019-08-10 23:57:21 - [TEST_STEP][PASSED] - println("GlobalVariable.M4_spin_reel_wins is: " + M4_spin_reel_wins): null

2019-08-10 23:57:21 - [TEST_STEP][PASSED] - M4_spin_total_bonus_win_this_round = total_bonus_win_this_round: null

2019-08-10 23:57:21 - [TEST_STEP][PASSED] - M4_spin_total_bonus_win_this_round = M4_spin_total_bonus_win_this_round: null

2019-08-10 23:57:21 - [TEST_STEP][PASSED] - println("GlobalVariable.M4_spin_total_bonus_win_this_round is: " + M4_spin_total_bonus_win_this_round): null

2019-08-10 23:57:21 - [MESSAGE][PASSED] - Verify response successfully

2019-08-10 23:57:21 - [MESSAGE][PASSED] - Send request and verify the response successfully

2019-08-10 23:57:21 - [TEST_STEP][PASSED] - if (M4_total_bonus_spins_int != 0 &amp;&amp; M4_spin_reels_symbols[2].contains("WILD_Double") || M4_spin_reels_symbols[4].contains("WILD_Triple")): null

2019-08-10 23:57:21 - [TEST_STEP][PASSED] - free_spin_reel_counter = free_spin_reel_counter: null

2019-08-10 23:57:21 - [TEST_STEP][PASSED] - M4_spin_reels_symbols = M4_spin_reels_symbols: null

2019-08-10 23:57:21 - [TEST_STEP][PASSED] - M4_total_bonus_spins = M4_total_bonus_spins: null

2019-08-10 23:57:21 - [TEST_STEP][PASSED] - spin_result = sendRequestAndVerify(findTestObject("RGS(M4)/1_M4_spin", ["M4_login_user_id":M4_login_user_id, "rgs_session_token":rgs_session_token, "partner":Partner])): Send request and verify the response successfully

2019-08-10 23:57:22 - [TEST_CASE][PASSED] - Start Test Case : Verification: Verification accomplished successfully

2019-08-10 23:57:22 - [TEST_STEP][PASSED] - request = getInstance().getCurrentRequest(): null

2019-08-10 23:57:22 - [TEST_STEP][PASSED] - response = getInstance().getCurrentResponse(): null

2019-08-10 23:57:22 - [TEST_STEP][PASSED] - verifyResponseStatusCode(response, 200): Verify response status code successfully

2019-08-10 23:57:22 - [MESSAGE][PASSED] - Verify response status code successfully

2019-08-10 23:57:22 - [TEST_STEP][PASSED] - getStatusCode()).isEqualTo(200): null

2019-08-10 23:57:22 - [TEST_STEP][PASSED] - newline = System.getProperty("line.separator"): null

2019-08-10 23:57:22 - [TEST_STEP][PASSED] - M4_spin = new groovy.json.JsonSlurper(): null

2019-08-10 23:57:22 - [TEST_STEP][PASSED] - result_M4_spin = M4_spin.parseText(response.getResponseBodyContent()): null

2019-08-10 23:57:22 - [TEST_STEP][PASSED] - M4_spin_current_balance = current_balance: null

2019-08-10 23:57:22 - [TEST_STEP][PASSED] - M4_spin_current_balance = M4_spin_current_balance: null

2019-08-10 23:57:22 - [TEST_STEP][PASSED] - M4_spin_transaction_id = causality: null

2019-08-10 23:57:22 - [TEST_STEP][PASSED] - M4_spin_transaction_id = M4_spin_transaction_id: null

2019-08-10 23:57:22 - [TEST_STEP][PASSED] - M4_spin_round_id = round_id: null

2019-08-10 23:57:22 - [TEST_STEP][PASSED] - M4_spin_round_id = M4_spin_round_id: null

2019-08-10 23:57:22 - [TEST_STEP][PASSED] - M4_spin_line_wins = line_wins: null

2019-08-10 23:57:22 - [TEST_STEP][PASSED] - M4_spin_line_wins = M4_spin_line_wins: null

2019-08-10 23:57:22 - [TEST_STEP][PASSED] - M4_total_bonus_spins_int = total_bonus_spins: null

2019-08-10 23:57:22 - [TEST_STEP][PASSED] - println("******M4_total_bonus_spins type is:*******" + newline + getClass().getName()): null

2019-08-10 23:57:22 - [TEST_STEP][PASSED] - M4_total_bonus_spins_int = M4_total_bonus_spins_int: null

2019-08-10 23:57:22 - [TEST_STEP][PASSED] - M4_total_bonus_spins = Integer.toString(M4_total_bonus_spins_int): null

2019-08-10 23:57:22 - [TEST_STEP][PASSED] - M4_total_bonus_spins = M4_total_bonus_spins: null

2019-08-10 23:57:22 - [TEST_STEP][PASSED] - println("M4_total_bonus_spins is:" + M4_total_bonus_spins): null

2019-08-10 23:57:22 - [TEST_STEP][PASSED] - M4_spin_bonus_data = bonus_data: null

2019-08-10 23:57:22 - [TEST_STEP][PASSED] - M4_spin_features_triggered = result_M4_spin: null

2019-08-10 23:57:22 - [TEST_STEP][PASSED] - wild = []: null

2019-08-10 23:57:22 - [TEST_STEP][PASSED] - wild[0] = "WILD_Expanding": null

2019-08-10 23:57:22 - [TEST_STEP][PASSED] - wild[1] = "WILD_Normal": null

2019-08-10 23:57:22 - [TEST_STEP][PASSED] - wild[2] = "WILD_Double": null

2019-08-10 23:57:22 - [TEST_STEP][PASSED] - wild[3] = "WILD_ExtraFG": null

2019-08-10 23:57:22 - [TEST_STEP][PASSED] - wild[4] = "WILD_Triple": null

2019-08-10 23:57:22 - [TEST_STEP][PASSED] - wildList = Arrays.asList(wild): null

2019-08-10 23:57:22 - [TEST_STEP][PASSED] - wildList = wildList: null

2019-08-10 23:57:22 - [TEST_STEP][PASSED] - free_spin_reel_counter = []: null

2019-08-10 23:57:22 - [TEST_STEP][PASSED] - free_spin_reel_counter[0] = 0: null

2019-08-10 23:57:22 - [TEST_STEP][PASSED] - free_spin_reel_counter[1] = 0: null

2019-08-10 23:57:22 - [TEST_STEP][PASSED] - free_spin_reel_counter[2] = 0: null

2019-08-10 23:57:22 - [TEST_STEP][PASSED] - M4_spin_reels = reels: null

2019-08-10 23:57:22 - [TEST_STEP][PASSED] - for ([i = 0, i &lt; M4_spin_reels.size(), (i++)]): null

2019-08-10 23:57:22 - [TEST_STEP][PASSED] - symbols = symbols: null

2019-08-10 23:57:22 - [TEST_STEP][PASSED] - for ([j = 0, j &lt; symbols.size(), (j++)]): null

2019-08-10 23:57:22 - [TEST_STEP][PASSED] - symbol = symbol: null

2019-08-10 23:57:22 - [TEST_STEP][PASSED] - println(symbol): null

2019-08-10 23:57:22 - [TEST_STEP][PASSED] - if (i == 2 &amp;&amp; wildList.indexOf(symbol) != -1): null

2019-08-10 23:57:22 - [TEST_STEP][PASSED] - if (i == 3 &amp;&amp; wildList.indexOf(symbol) != -1): null

2019-08-10 23:57:22 - [TEST_STEP][PASSED] - if (i == 4 &amp;&amp; wildList.indexOf(symbol) != -1): null

2019-08-10 23:57:22 - [TEST_STEP][PASSED] - symbol = symbol: null

2019-08-10 23:57:22 - [TEST_STEP][PASSED] - println(symbol): null

2019-08-10 23:57:22 - [TEST_STEP][PASSED] - if (i == 2 &amp;&amp; wildList.indexOf(symbol) != -1): null

2019-08-10 23:57:22 - [TEST_STEP][PASSED] - if (i == 3 &amp;&amp; wildList.indexOf(symbol) != -1): null

2019-08-10 23:57:22 - [TEST_STEP][PASSED] - if (i == 4 &amp;&amp; wildList.indexOf(symbol) != -1): null

2019-08-10 23:57:22 - [TEST_STEP][PASSED] - symbol = symbol: null

2019-08-10 23:57:22 - [TEST_STEP][PASSED] - println(symbol): null

2019-08-10 23:57:22 - [TEST_STEP][PASSED] - if (i == 2 &amp;&amp; wildList.indexOf(symbol) != -1): null

2019-08-10 23:57:22 - [TEST_STEP][PASSED] - if (i == 3 &amp;&amp; wildList.indexOf(symbol) != -1): null

2019-08-10 23:57:22 - [TEST_STEP][PASSED] - if (i == 4 &amp;&amp; wildList.indexOf(symbol) != -1): null

2019-08-10 23:57:22 - [TEST_STEP][PASSED] - symbols = symbols: null

2019-08-10 23:57:22 - [TEST_STEP][PASSED] - for ([j = 0, j &lt; symbols.size(), (j++)]): null

2019-08-10 23:57:22 - [TEST_STEP][PASSED] - symbol = symbol: null

2019-08-10 23:57:22 - [TEST_STEP][PASSED] - println(symbol): null

2019-08-10 23:57:22 - [TEST_STEP][PASSED] - if (i == 2 &amp;&amp; wildList.indexOf(symbol) != -1): null

2019-08-10 23:57:22 - [TEST_STEP][PASSED] - if (i == 3 &amp;&amp; wildList.indexOf(symbol) != -1): null

2019-08-10 23:57:22 - [TEST_STEP][PASSED] - if (i == 4 &amp;&amp; wildList.indexOf(symbol) != -1): null

2019-08-10 23:57:22 - [TEST_STEP][PASSED] - symbol = symbol: null

2019-08-10 23:57:22 - [TEST_STEP][PASSED] - println(symbol): null

2019-08-10 23:57:22 - [TEST_STEP][PASSED] - if (i == 2 &amp;&amp; wildList.indexOf(symbol) != -1): null

2019-08-10 23:57:22 - [TEST_STEP][PASSED] - if (i == 3 &amp;&amp; wildList.indexOf(symbol) != -1): null

2019-08-10 23:57:22 - [TEST_STEP][PASSED] - if (i == 4 &amp;&amp; wildList.indexOf(symbol) != -1): null

2019-08-10 23:57:22 - [TEST_STEP][PASSED] - symbol = symbol: null

2019-08-10 23:57:22 - [TEST_STEP][PASSED] - println(symbol): null

2019-08-10 23:57:22 - [TEST_STEP][PASSED] - if (i == 2 &amp;&amp; wildList.indexOf(symbol) != -1): null

2019-08-10 23:57:22 - [TEST_STEP][PASSED] - if (i == 3 &amp;&amp; wildList.indexOf(symbol) != -1): null

2019-08-10 23:57:22 - [TEST_STEP][PASSED] - if (i == 4 &amp;&amp; wildList.indexOf(symbol) != -1): null

2019-08-10 23:57:22 - [TEST_STEP][PASSED] - symbols = symbols: null

2019-08-10 23:57:22 - [TEST_STEP][PASSED] - for ([j = 0, j &lt; symbols.size(), (j++)]): null

2019-08-10 23:57:22 - [TEST_STEP][PASSED] - symbol = symbol: null

2019-08-10 23:57:22 - [TEST_STEP][PASSED] - println(symbol): null

2019-08-10 23:57:22 - [TEST_STEP][PASSED] - if (i == 2 &amp;&amp; wildList.indexOf(symbol) != -1): null

2019-08-10 23:57:22 - [TEST_STEP][PASSED] - if (i == 3 &amp;&amp; wildList.indexOf(symbol) != -1): null

2019-08-10 23:57:22 - [TEST_STEP][PASSED] - if (i == 4 &amp;&amp; wildList.indexOf(symbol) != -1): null

2019-08-10 23:57:22 - [TEST_STEP][PASSED] - symbol = symbol: null

2019-08-10 23:57:22 - [TEST_STEP][PASSED] - println(symbol): null

2019-08-10 23:57:22 - [TEST_STEP][PASSED] - if (i == 2 &amp;&amp; wildList.indexOf(symbol) != -1): null

2019-08-10 23:57:22 - [TEST_STEP][PASSED] - if (i == 3 &amp;&amp; wildList.indexOf(symbol) != -1): null

2019-08-10 23:57:22 - [TEST_STEP][PASSED] - if (i == 4 &amp;&amp; wildList.indexOf(symbol) != -1): null

2019-08-10 23:57:22 - [TEST_STEP][PASSED] - symbol = symbol: null

2019-08-10 23:57:22 - [TEST_STEP][PASSED] - println(symbol): null

2019-08-10 23:57:22 - [TEST_STEP][PASSED] - if (i == 2 &amp;&amp; wildList.indexOf(symbol) != -1): null

2019-08-10 23:57:22 - [TEST_STEP][PASSED] - if (i == 3 &amp;&amp; wildList.indexOf(symbol) != -1): null

2019-08-10 23:57:22 - [TEST_STEP][PASSED] - if (i == 4 &amp;&amp; wildList.indexOf(symbol) != -1): null

2019-08-10 23:57:22 - [TEST_STEP][PASSED] - symbols = symbols: null

2019-08-10 23:57:22 - [TEST_STEP][PASSED] - for ([j = 0, j &lt; symbols.size(), (j++)]): null

2019-08-10 23:57:22 - [TEST_STEP][PASSED] - symbol = symbol: null

2019-08-10 23:57:22 - [TEST_STEP][PASSED] - println(symbol): null

2019-08-10 23:57:22 - [TEST_STEP][PASSED] - if (i == 2 &amp;&amp; wildList.indexOf(symbol) != -1): null

2019-08-10 23:57:22 - [TEST_STEP][PASSED] - if (i == 3 &amp;&amp; wildList.indexOf(symbol) != -1): null

2019-08-10 23:57:22 - [TEST_STEP][PASSED] - if (i == 4 &amp;&amp; wildList.indexOf(symbol) != -1): null

2019-08-10 23:57:22 - [TEST_STEP][PASSED] - symbol = symbol: null

2019-08-10 23:57:22 - [TEST_STEP][PASSED] - println(symbol): null

2019-08-10 23:57:22 - [TEST_STEP][PASSED] - if (i == 2 &amp;&amp; wildList.indexOf(symbol) != -1): null

2019-08-10 23:57:22 - [TEST_STEP][PASSED] - if (i == 3 &amp;&amp; wildList.indexOf(symbol) != -1): null

2019-08-10 23:57:22 - [TEST_STEP][PASSED] - if (i == 4 &amp;&amp; wildList.indexOf(symbol) != -1): null

2019-08-10 23:57:22 - [TEST_STEP][PASSED] - symbol = symbol: null

2019-08-10 23:57:22 - [TEST_STEP][PASSED] - println(symbol): null

2019-08-10 23:57:22 - [TEST_STEP][PASSED] - if (i == 2 &amp;&amp; wildList.indexOf(symbol) != -1): null

2019-08-10 23:57:22 - [TEST_STEP][PASSED] - if (i == 3 &amp;&amp; wildList.indexOf(symbol) != -1): null

2019-08-10 23:57:22 - [TEST_STEP][PASSED] - if (i == 4 &amp;&amp; wildList.indexOf(symbol) != -1): null

2019-08-10 23:57:22 - [TEST_STEP][PASSED] - symbols = symbols: null

2019-08-10 23:57:22 - [TEST_STEP][PASSED] - for ([j = 0, j &lt; symbols.size(), (j++)]): null

2019-08-10 23:57:22 - [TEST_STEP][PASSED] - symbol = symbol: null

2019-08-10 23:57:22 - [TEST_STEP][PASSED] - println(symbol): null

2019-08-10 23:57:22 - [TEST_STEP][PASSED] - if (i == 2 &amp;&amp; wildList.indexOf(symbol) != -1): null

2019-08-10 23:57:22 - [TEST_STEP][PASSED] - if (i == 3 &amp;&amp; wildList.indexOf(symbol) != -1): null

2019-08-10 23:57:22 - [TEST_STEP][PASSED] - if (i == 4 &amp;&amp; wildList.indexOf(symbol) != -1): null

2019-08-10 23:57:22 - [TEST_STEP][PASSED] - symbol = symbol: null

2019-08-10 23:57:22 - [TEST_STEP][PASSED] - println(symbol): null

2019-08-10 23:57:22 - [TEST_STEP][PASSED] - if (i == 2 &amp;&amp; wildList.indexOf(symbol) != -1): null

2019-08-10 23:57:22 - [TEST_STEP][PASSED] - if (i == 3 &amp;&amp; wildList.indexOf(symbol) != -1): null

2019-08-10 23:57:22 - [TEST_STEP][PASSED] - if (i == 4 &amp;&amp; wildList.indexOf(symbol) != -1): null

2019-08-10 23:57:22 - [TEST_STEP][PASSED] - symbol = symbol: null

2019-08-10 23:57:22 - [TEST_STEP][PASSED] - println(symbol): null

2019-08-10 23:57:22 - [TEST_STEP][PASSED] - if (i == 2 &amp;&amp; wildList.indexOf(symbol) != -1): null

2019-08-10 23:57:22 - [TEST_STEP][PASSED] - if (i == 3 &amp;&amp; wildList.indexOf(symbol) != -1): null

2019-08-10 23:57:22 - [TEST_STEP][PASSED] - if (i == 4 &amp;&amp; wildList.indexOf(symbol) != -1): null

2019-08-10 23:57:22 - [TEST_STEP][PASSED] - free_spin_reel_counter = free_spin_reel_counter: null

2019-08-10 23:57:22 - [TEST_STEP][PASSED] - println("reel 3 wild found: " + free_spin_reel_counter[0]): null

2019-08-10 23:57:22 - [TEST_STEP][PASSED] - println("reel 4 wild found: " + free_spin_reel_counter[1]): null

2019-08-10 23:57:22 - [TEST_STEP][PASSED] - println("reel 5 wild found: " + free_spin_reel_counter[2]): null

2019-08-10 23:57:22 - [TEST_STEP][PASSED] - M4_spin_reels = M4_spin_reels: null

2019-08-10 23:57:22 - [TEST_STEP][PASSED] - M4_spin_reels_symbols = symbol: null

2019-08-10 23:57:22 - [TEST_STEP][PASSED] - M4_spin_reels_symbols = M4_spin_reels_symbols: null

2019-08-10 23:57:22 - [TEST_STEP][PASSED] - M4_spin_reel_wins = reel_wins: null

2019-08-10 23:57:22 - [TEST_STEP][PASSED] - M4_spin_reel_wins = M4_spin_reel_wins: null

2019-08-10 23:57:22 - [TEST_STEP][PASSED] - println("GlobalVariable.M4_spin_reel_wins is: " + M4_spin_reel_wins): null

2019-08-10 23:57:22 - [TEST_STEP][PASSED] - M4_spin_total_bonus_win_this_round = total_bonus_win_this_round: null

2019-08-10 23:57:22 - [TEST_STEP][PASSED] - M4_spin_total_bonus_win_this_round = M4_spin_total_bonus_win_this_round: null

2019-08-10 23:57:22 - [TEST_STEP][PASSED] - println("GlobalVariable.M4_spin_total_bonus_win_this_round is: " + M4_spin_total_bonus_win_this_round): null

2019-08-10 23:57:22 - [MESSAGE][PASSED] - Verify response successfully

2019-08-10 23:57:22 - [MESSAGE][PASSED] - Send request and verify the response successfully

2019-08-10 23:57:22 - [TEST_STEP][PASSED] - if (M4_total_bonus_spins_int != 0 &amp;&amp; M4_spin_reels_symbols[2].contains("WILD_Double") || M4_spin_reels_symbols[4].contains("WILD_Triple")): null

2019-08-10 23:57:22 - [TEST_STEP][PASSED] - free_spin_reel_counter = free_spin_reel_counter: null

2019-08-10 23:57:22 - [TEST_STEP][PASSED] - M4_spin_reels_symbols = M4_spin_reels_symbols: null

2019-08-10 23:57:22 - [TEST_STEP][PASSED] - M4_total_bonus_spins = M4_total_bonus_spins: null

2019-08-10 23:57:22 - [TEST_STEP][PASSED] - spin_result = sendRequestAndVerify(findTestObject("RGS(M4)/1_M4_spin", ["M4_login_user_id":M4_login_user_id, "rgs_session_token":rgs_session_token, "partner":Partner])): Send request and verify the response successfully

2019-08-10 23:57:22 - [TEST_CASE][PASSED] - Start Test Case : Verification: Verification accomplished successfully

2019-08-10 23:57:22 - [TEST_STEP][PASSED] - request = getInstance().getCurrentRequest(): null

2019-08-10 23:57:22 - [TEST_STEP][PASSED] - response = getInstance().getCurrentResponse(): null

2019-08-10 23:57:22 - [TEST_STEP][PASSED] - verifyResponseStatusCode(response, 200): Verify response status code successfully

2019-08-10 23:57:22 - [MESSAGE][PASSED] - Verify response status code successfully

2019-08-10 23:57:22 - [TEST_STEP][PASSED] - getStatusCode()).isEqualTo(200): null

2019-08-10 23:57:22 - [TEST_STEP][PASSED] - newline = System.getProperty("line.separator"): null

2019-08-10 23:57:22 - [TEST_STEP][PASSED] - M4_spin = new groovy.json.JsonSlurper(): null

2019-08-10 23:57:22 - [TEST_STEP][PASSED] - result_M4_spin = M4_spin.parseText(response.getResponseBodyContent()): null

2019-08-10 23:57:22 - [TEST_STEP][PASSED] - M4_spin_current_balance = current_balance: null

2019-08-10 23:57:22 - [TEST_STEP][PASSED] - M4_spin_current_balance = M4_spin_current_balance: null

2019-08-10 23:57:22 - [TEST_STEP][PASSED] - M4_spin_transaction_id = causality: null

2019-08-10 23:57:22 - [TEST_STEP][PASSED] - M4_spin_transaction_id = M4_spin_transaction_id: null

2019-08-10 23:57:22 - [TEST_STEP][PASSED] - M4_spin_round_id = round_id: null

2019-08-10 23:57:22 - [TEST_STEP][PASSED] - M4_spin_round_id = M4_spin_round_id: null

2019-08-10 23:57:22 - [TEST_STEP][PASSED] - M4_spin_line_wins = line_wins: null

2019-08-10 23:57:22 - [TEST_STEP][PASSED] - M4_spin_line_wins = M4_spin_line_wins: null

2019-08-10 23:57:22 - [TEST_STEP][PASSED] - M4_total_bonus_spins_int = total_bonus_spins: null

2019-08-10 23:57:22 - [TEST_STEP][PASSED] - println("******M4_total_bonus_spins type is:*******" + newline + getClass().getName()): null

2019-08-10 23:57:22 - [TEST_STEP][PASSED] - M4_total_bonus_spins_int = M4_total_bonus_spins_int: null

2019-08-10 23:57:22 - [TEST_STEP][PASSED] - M4_total_bonus_spins = Integer.toString(M4_total_bonus_spins_int): null

2019-08-10 23:57:22 - [TEST_STEP][PASSED] - M4_total_bonus_spins = M4_total_bonus_spins: null

2019-08-10 23:57:22 - [TEST_STEP][PASSED] - println("M4_total_bonus_spins is:" + M4_total_bonus_spins): null

2019-08-10 23:57:22 - [TEST_STEP][PASSED] - M4_spin_bonus_data = bonus_data: null

2019-08-10 23:57:22 - [TEST_STEP][PASSED] - M4_spin_features_triggered = result_M4_spin: null

2019-08-10 23:57:22 - [TEST_STEP][PASSED] - wild = []: null

2019-08-10 23:57:22 - [TEST_STEP][PASSED] - wild[0] = "WILD_Expanding": null

2019-08-10 23:57:22 - [TEST_STEP][PASSED] - wild[1] = "WILD_Normal": null

2019-08-10 23:57:22 - [TEST_STEP][PASSED] - wild[2] = "WILD_Double": null

2019-08-10 23:57:22 - [TEST_STEP][PASSED] - wild[3] = "WILD_ExtraFG": null

2019-08-10 23:57:22 - [TEST_STEP][PASSED] - wild[4] = "WILD_Triple": null

2019-08-10 23:57:22 - [TEST_STEP][PASSED] - wildList = Arrays.asList(wild): null

2019-08-10 23:57:22 - [TEST_STEP][PASSED] - wildList = wildList: null

2019-08-10 23:57:22 - [TEST_STEP][PASSED] - free_spin_reel_counter = []: null

2019-08-10 23:57:22 - [TEST_STEP][PASSED] - free_spin_reel_counter[0] = 0: null

2019-08-10 23:57:22 - [TEST_STEP][PASSED] - free_spin_reel_counter[1] = 0: null

2019-08-10 23:57:22 - [TEST_STEP][PASSED] - free_spin_reel_counter[2] = 0: null

2019-08-10 23:57:22 - [TEST_STEP][PASSED] - M4_spin_reels = reels: null

2019-08-10 23:57:22 - [TEST_STEP][PASSED] - for ([i = 0, i &lt; M4_spin_reels.size(), (i++)]): null

2019-08-10 23:57:22 - [TEST_STEP][PASSED] - symbols = symbols: null

2019-08-10 23:57:22 - [TEST_STEP][PASSED] - for ([j = 0, j &lt; symbols.size(), (j++)]): null

2019-08-10 23:57:22 - [TEST_STEP][PASSED] - symbol = symbol: null

2019-08-10 23:57:22 - [TEST_STEP][PASSED] - println(symbol): null

2019-08-10 23:57:22 - [TEST_STEP][PASSED] - if (i == 2 &amp;&amp; wildList.indexOf(symbol) != -1): null

2019-08-10 23:57:22 - [TEST_STEP][PASSED] - if (i == 3 &amp;&amp; wildList.indexOf(symbol) != -1): null

2019-08-10 23:57:22 - [TEST_STEP][PASSED] - if (i == 4 &amp;&amp; wildList.indexOf(symbol) != -1): null

2019-08-10 23:57:22 - [TEST_STEP][PASSED] - symbol = symbol: null

2019-08-10 23:57:22 - [TEST_STEP][PASSED] - println(symbol): null

2019-08-10 23:57:22 - [TEST_STEP][PASSED] - if (i == 2 &amp;&amp; wildList.indexOf(symbol) != -1): null

2019-08-10 23:57:22 - [TEST_STEP][PASSED] - if (i == 3 &amp;&amp; wildList.indexOf(symbol) != -1): null

2019-08-10 23:57:22 - [TEST_STEP][PASSED] - if (i == 4 &amp;&amp; wildList.indexOf(symbol) != -1): null

2019-08-10 23:57:22 - [TEST_STEP][PASSED] - symbol = symbol: null

2019-08-10 23:57:22 - [TEST_STEP][PASSED] - println(symbol): null

2019-08-10 23:57:22 - [TEST_STEP][PASSED] - if (i == 2 &amp;&amp; wildList.indexOf(symbol) != -1): null

2019-08-10 23:57:22 - [TEST_STEP][PASSED] - if (i == 3 &amp;&amp; wildList.indexOf(symbol) != -1): null

2019-08-10 23:57:22 - [TEST_STEP][PASSED] - if (i == 4 &amp;&amp; wildList.indexOf(symbol) != -1): null

2019-08-10 23:57:22 - [TEST_STEP][PASSED] - symbols = symbols: null

2019-08-10 23:57:22 - [TEST_STEP][PASSED] - for ([j = 0, j &lt; symbols.size(), (j++)]): null

2019-08-10 23:57:22 - [TEST_STEP][PASSED] - symbol = symbol: null

2019-08-10 23:57:22 - [TEST_STEP][PASSED] - println(symbol): null

2019-08-10 23:57:22 - [TEST_STEP][PASSED] - if (i == 2 &amp;&amp; wildList.indexOf(symbol) != -1): null

2019-08-10 23:57:22 - [TEST_STEP][PASSED] - if (i == 3 &amp;&amp; wildList.indexOf(symbol) != -1): null

2019-08-10 23:57:22 - [TEST_STEP][PASSED] - if (i == 4 &amp;&amp; wildList.indexOf(symbol) != -1): null

2019-08-10 23:57:22 - [TEST_STEP][PASSED] - symbol = symbol: null

2019-08-10 23:57:22 - [TEST_STEP][PASSED] - println(symbol): null

2019-08-10 23:57:22 - [TEST_STEP][PASSED] - if (i == 2 &amp;&amp; wildList.indexOf(symbol) != -1): null

2019-08-10 23:57:22 - [TEST_STEP][PASSED] - if (i == 3 &amp;&amp; wildList.indexOf(symbol) != -1): null

2019-08-10 23:57:22 - [TEST_STEP][PASSED] - if (i == 4 &amp;&amp; wildList.indexOf(symbol) != -1): null

2019-08-10 23:57:22 - [TEST_STEP][PASSED] - symbol = symbol: null

2019-08-10 23:57:22 - [TEST_STEP][PASSED] - println(symbol): null

2019-08-10 23:57:22 - [TEST_STEP][PASSED] - if (i == 2 &amp;&amp; wildList.indexOf(symbol) != -1): null

2019-08-10 23:57:22 - [TEST_STEP][PASSED] - if (i == 3 &amp;&amp; wildList.indexOf(symbol) != -1): null

2019-08-10 23:57:22 - [TEST_STEP][PASSED] - if (i == 4 &amp;&amp; wildList.indexOf(symbol) != -1): null

2019-08-10 23:57:22 - [TEST_STEP][PASSED] - symbols = symbols: null

2019-08-10 23:57:22 - [TEST_STEP][PASSED] - for ([j = 0, j &lt; symbols.size(), (j++)]): null

2019-08-10 23:57:22 - [TEST_STEP][PASSED] - symbol = symbol: null

2019-08-10 23:57:22 - [TEST_STEP][PASSED] - println(symbol): null

2019-08-10 23:57:22 - [TEST_STEP][PASSED] - if (i == 2 &amp;&amp; wildList.indexOf(symbol) != -1): null

2019-08-10 23:57:22 - [TEST_STEP][PASSED] - if (i == 3 &amp;&amp; wildList.indexOf(symbol) != -1): null

2019-08-10 23:57:22 - [TEST_STEP][PASSED] - if (i == 4 &amp;&amp; wildList.indexOf(symbol) != -1): null

2019-08-10 23:57:22 - [TEST_STEP][PASSED] - symbol = symbol: null

2019-08-10 23:57:22 - [TEST_STEP][PASSED] - println(symbol): null

2019-08-10 23:57:22 - [TEST_STEP][PASSED] - if (i == 2 &amp;&amp; wildList.indexOf(symbol) != -1): null

2019-08-10 23:57:22 - [TEST_STEP][PASSED] - if (i == 3 &amp;&amp; wildList.indexOf(symbol) != -1): null

2019-08-10 23:57:22 - [TEST_STEP][PASSED] - if (i == 4 &amp;&amp; wildList.indexOf(symbol) != -1): null

2019-08-10 23:57:22 - [TEST_STEP][PASSED] - symbol = symbol: null

2019-08-10 23:57:22 - [TEST_STEP][PASSED] - println(symbol): null

2019-08-10 23:57:22 - [TEST_STEP][PASSED] - if (i == 2 &amp;&amp; wildList.indexOf(symbol) != -1): null

2019-08-10 23:57:22 - [TEST_STEP][PASSED] - if (i == 3 &amp;&amp; wildList.indexOf(symbol) != -1): null

2019-08-10 23:57:22 - [TEST_STEP][PASSED] - if (i == 4 &amp;&amp; wildList.indexOf(symbol) != -1): null

2019-08-10 23:57:22 - [TEST_STEP][PASSED] - symbols = symbols: null

2019-08-10 23:57:22 - [TEST_STEP][PASSED] - for ([j = 0, j &lt; symbols.size(), (j++)]): null

2019-08-10 23:57:22 - [TEST_STEP][PASSED] - symbol = symbol: null

2019-08-10 23:57:22 - [TEST_STEP][PASSED] - println(symbol): null

2019-08-10 23:57:22 - [TEST_STEP][PASSED] - if (i == 2 &amp;&amp; wildList.indexOf(symbol) != -1): null

2019-08-10 23:57:22 - [TEST_STEP][PASSED] - if (i == 3 &amp;&amp; wildList.indexOf(symbol) != -1): null

2019-08-10 23:57:22 - [TEST_STEP][PASSED] - if (i == 4 &amp;&amp; wildList.indexOf(symbol) != -1): null

2019-08-10 23:57:22 - [TEST_STEP][PASSED] - symbol = symbol: null

2019-08-10 23:57:22 - [TEST_STEP][PASSED] - println(symbol): null

2019-08-10 23:57:22 - [TEST_STEP][PASSED] - if (i == 2 &amp;&amp; wildList.indexOf(symbol) != -1): null

2019-08-10 23:57:22 - [TEST_STEP][PASSED] - if (i == 3 &amp;&amp; wildList.indexOf(symbol) != -1): null

2019-08-10 23:57:22 - [TEST_STEP][PASSED] - if (i == 4 &amp;&amp; wildList.indexOf(symbol) != -1): null

2019-08-10 23:57:22 - [TEST_STEP][PASSED] - symbol = symbol: null

2019-08-10 23:57:22 - [TEST_STEP][PASSED] - println(symbol): null

2019-08-10 23:57:22 - [TEST_STEP][PASSED] - if (i == 2 &amp;&amp; wildList.indexOf(symbol) != -1): null

2019-08-10 23:57:22 - [TEST_STEP][PASSED] - if (i == 3 &amp;&amp; wildList.indexOf(symbol) != -1): null

2019-08-10 23:57:22 - [TEST_STEP][PASSED] - if (i == 4 &amp;&amp; wildList.indexOf(symbol) != -1): null

2019-08-10 23:57:22 - [TEST_STEP][PASSED] - symbols = symbols: null

2019-08-10 23:57:22 - [TEST_STEP][PASSED] - for ([j = 0, j &lt; symbols.size(), (j++)]): null

2019-08-10 23:57:22 - [TEST_STEP][PASSED] - symbol = symbol: null

2019-08-10 23:57:22 - [TEST_STEP][PASSED] - println(symbol): null

2019-08-10 23:57:22 - [TEST_STEP][PASSED] - if (i == 2 &amp;&amp; wildList.indexOf(symbol) != -1): null

2019-08-10 23:57:22 - [TEST_STEP][PASSED] - if (i == 3 &amp;&amp; wildList.indexOf(symbol) != -1): null

2019-08-10 23:57:22 - [TEST_STEP][PASSED] - if (i == 4 &amp;&amp; wildList.indexOf(symbol) != -1): null

2019-08-10 23:57:22 - [TEST_STEP][PASSED] - println("wild found on reel 5, adding counter by 1"): null

2019-08-10 23:57:22 - [TEST_STEP][PASSED] - free_spin_reel_counter[2] = free_spin_reel_counter[2] + 1: null

2019-08-10 23:57:22 - [TEST_STEP][PASSED] - symbol = symbol: null

2019-08-10 23:57:22 - [TEST_STEP][PASSED] - println(symbol): null

2019-08-10 23:57:22 - [TEST_STEP][PASSED] - if (i == 2 &amp;&amp; wildList.indexOf(symbol) != -1): null

2019-08-10 23:57:22 - [TEST_STEP][PASSED] - if (i == 3 &amp;&amp; wildList.indexOf(symbol) != -1): null

2019-08-10 23:57:22 - [TEST_STEP][PASSED] - if (i == 4 &amp;&amp; wildList.indexOf(symbol) != -1): null

2019-08-10 23:57:22 - [TEST_STEP][PASSED] - symbol = symbol: null

2019-08-10 23:57:22 - [TEST_STEP][PASSED] - println(symbol): null

2019-08-10 23:57:22 - [TEST_STEP][PASSED] - if (i == 2 &amp;&amp; wildList.indexOf(symbol) != -1): null

2019-08-10 23:57:22 - [TEST_STEP][PASSED] - if (i == 3 &amp;&amp; wildList.indexOf(symbol) != -1): null

2019-08-10 23:57:22 - [TEST_STEP][PASSED] - if (i == 4 &amp;&amp; wildList.indexOf(symbol) != -1): null

2019-08-10 23:57:22 - [TEST_STEP][PASSED] - free_spin_reel_counter = free_spin_reel_counter: null

2019-08-10 23:57:22 - [TEST_STEP][PASSED] - println("reel 3 wild found: " + free_spin_reel_counter[0]): null

2019-08-10 23:57:22 - [TEST_STEP][PASSED] - println("reel 4 wild found: " + free_spin_reel_counter[1]): null

2019-08-10 23:57:22 - [TEST_STEP][PASSED] - println("reel 5 wild found: " + free_spin_reel_counter[2]): null

2019-08-10 23:57:22 - [TEST_STEP][PASSED] - M4_spin_reels = M4_spin_reels: null

2019-08-10 23:57:22 - [TEST_STEP][PASSED] - M4_spin_reels_symbols = symbol: null

2019-08-10 23:57:22 - [TEST_STEP][PASSED] - M4_spin_reels_symbols = M4_spin_reels_symbols: null

2019-08-10 23:57:22 - [TEST_STEP][PASSED] - M4_spin_reel_wins = reel_wins: null

2019-08-10 23:57:22 - [TEST_STEP][PASSED] - M4_spin_reel_wins = M4_spin_reel_wins: null

2019-08-10 23:57:22 - [TEST_STEP][PASSED] - println("GlobalVariable.M4_spin_reel_wins is: " + M4_spin_reel_wins): null

2019-08-10 23:57:22 - [TEST_STEP][PASSED] - M4_spin_total_bonus_win_this_round = total_bonus_win_this_round: null

2019-08-10 23:57:22 - [TEST_STEP][PASSED] - M4_spin_total_bonus_win_this_round = M4_spin_total_bonus_win_this_round: null

2019-08-10 23:57:22 - [TEST_STEP][PASSED] - println("GlobalVariable.M4_spin_total_bonus_win_this_round is: " + M4_spin_total_bonus_win_this_round): null

2019-08-10 23:57:22 - [MESSAGE][PASSED] - Verify response successfully

2019-08-10 23:57:22 - [MESSAGE][PASSED] - Send request and verify the response successfully

2019-08-10 23:57:22 - [TEST_STEP][PASSED] - if (M4_total_bonus_spins_int != 0 &amp;&amp; M4_spin_reels_symbols[2].contains("WILD_Double") || M4_spin_reels_symbols[4].contains("WILD_Triple")): null

2019-08-10 23:57:22 - [TEST_STEP][PASSED] - free_spin_reel_counter = free_spin_reel_counter: null

2019-08-10 23:57:22 - [TEST_STEP][PASSED] - M4_spin_reels_symbols = M4_spin_reels_symbols: null

2019-08-10 23:57:22 - [TEST_STEP][PASSED] - M4_total_bonus_spins = M4_total_bonus_spins: null

2019-08-10 23:57:22 - [TEST_STEP][PASSED] - spin_result = sendRequestAndVerify(findTestObject("RGS(M4)/1_M4_spin", ["M4_login_user_id":M4_login_user_id, "rgs_session_token":rgs_session_token, "partner":Partner])): Send request and verify the response successfully

2019-08-10 23:57:22 - [TEST_CASE][PASSED] - Start Test Case : Verification: Verification accomplished successfully

2019-08-10 23:57:22 - [TEST_STEP][PASSED] - request = getInstance().getCurrentRequest(): null

2019-08-10 23:57:22 - [TEST_STEP][PASSED] - response = getInstance().getCurrentResponse(): null

2019-08-10 23:57:22 - [TEST_STEP][PASSED] - verifyResponseStatusCode(response, 200): Verify response status code successfully

2019-08-10 23:57:22 - [MESSAGE][PASSED] - Verify response status code successfully

2019-08-10 23:57:22 - [TEST_STEP][PASSED] - getStatusCode()).isEqualTo(200): null

2019-08-10 23:57:22 - [TEST_STEP][PASSED] - newline = System.getProperty("line.separator"): null

2019-08-10 23:57:22 - [TEST_STEP][PASSED] - M4_spin = new groovy.json.JsonSlurper(): null

2019-08-10 23:57:22 - [TEST_STEP][PASSED] - result_M4_spin = M4_spin.parseText(response.getResponseBodyContent()): null

2019-08-10 23:57:22 - [TEST_STEP][PASSED] - M4_spin_current_balance = current_balance: null

2019-08-10 23:57:22 - [TEST_STEP][PASSED] - M4_spin_current_balance = M4_spin_current_balance: null

2019-08-10 23:57:22 - [TEST_STEP][PASSED] - M4_spin_transaction_id = causality: null

2019-08-10 23:57:22 - [TEST_STEP][PASSED] - M4_spin_transaction_id = M4_spin_transaction_id: null

2019-08-10 23:57:22 - [TEST_STEP][PASSED] - M4_spin_round_id = round_id: null

2019-08-10 23:57:22 - [TEST_STEP][PASSED] - M4_spin_round_id = M4_spin_round_id: null

2019-08-10 23:57:22 - [TEST_STEP][PASSED] - M4_spin_line_wins = line_wins: null

2019-08-10 23:57:22 - [TEST_STEP][PASSED] - M4_spin_line_wins = M4_spin_line_wins: null

2019-08-10 23:57:22 - [TEST_STEP][PASSED] - M4_total_bonus_spins_int = total_bonus_spins: null

2019-08-10 23:57:22 - [TEST_STEP][PASSED] - println("******M4_total_bonus_spins type is:*******" + newline + getClass().getName()): null

2019-08-10 23:57:22 - [TEST_STEP][PASSED] - M4_total_bonus_spins_int = M4_total_bonus_spins_int: null

2019-08-10 23:57:22 - [TEST_STEP][PASSED] - M4_total_bonus_spins = Integer.toString(M4_total_bonus_spins_int): null

2019-08-10 23:57:22 - [TEST_STEP][PASSED] - M4_total_bonus_spins = M4_total_bonus_spins: null

2019-08-10 23:57:22 - [TEST_STEP][PASSED] - println("M4_total_bonus_spins is:" + M4_total_bonus_spins): null

2019-08-10 23:57:22 - [TEST_STEP][PASSED] - M4_spin_bonus_data = bonus_data: null

2019-08-10 23:57:22 - [TEST_STEP][PASSED] - M4_spin_features_triggered = result_M4_spin: null

2019-08-10 23:57:22 - [TEST_STEP][PASSED] - wild = []: null

2019-08-10 23:57:22 - [TEST_STEP][PASSED] - wild[0] = "WILD_Expanding": null

2019-08-10 23:57:26 - [TEST_STEP][PASSED] - wild[1] = "WILD_Normal": null

2019-08-10 23:57:26 - [TEST_STEP][PASSED] - wild[2] = "WILD_Double": null

2019-08-10 23:57:26 - [TEST_STEP][PASSED] - wild[3] = "WILD_ExtraFG": null

2019-08-10 23:57:26 - [TEST_STEP][PASSED] - wild[4] = "WILD_Triple": null

2019-08-10 23:57:26 - [TEST_STEP][PASSED] - wildList = Arrays.asList(wild): null

2019-08-10 23:57:26 - [TEST_STEP][PASSED] - wildList = wildList: null

2019-08-10 23:57:26 - [TEST_STEP][PASSED] - free_spin_reel_counter = []: null

2019-08-10 23:57:26 - [TEST_STEP][PASSED] - free_spin_reel_counter[0] = 0: null

2019-08-10 23:57:26 - [TEST_STEP][PASSED] - free_spin_reel_counter[1] = 0: null

2019-08-10 23:57:26 - [TEST_STEP][PASSED] - free_spin_reel_counter[2] = 0: null

2019-08-10 23:57:27 - [TEST_STEP][PASSED] - M4_spin_reels = reels: null

2019-08-10 23:57:27 - [TEST_STEP][PASSED] - for ([i = 0, i &lt; M4_spin_reels.size(), (i++)]): null

2019-08-10 23:57:27 - [TEST_STEP][PASSED] - symbols = symbols: null

2019-08-10 23:57:27 - [TEST_STEP][PASSED] - for ([j = 0, j &lt; symbols.size(), (j++)]): null

2019-08-10 23:57:27 - [TEST_STEP][PASSED] - symbol = symbol: null

2019-08-10 23:57:27 - [TEST_STEP][PASSED] - println(symbol): null

2019-08-10 23:57:27 - [TEST_STEP][PASSED] - if (i == 2 &amp;&amp; wildList.indexOf(symbol) != -1): null

2019-08-10 23:57:27 - [TEST_STEP][PASSED] - if (i == 3 &amp;&amp; wildList.indexOf(symbol) != -1): null

2019-08-10 23:57:27 - [TEST_STEP][PASSED] - if (i == 4 &amp;&amp; wildList.indexOf(symbol) != -1): null

2019-08-10 23:57:27 - [TEST_STEP][PASSED] - symbol = symbol: null

2019-08-10 23:57:27 - [TEST_STEP][PASSED] - println(symbol): null

2019-08-10 23:57:27 - [TEST_STEP][PASSED] - if (i == 2 &amp;&amp; wildList.indexOf(symbol) != -1): null

2019-08-10 23:57:27 - [TEST_STEP][PASSED] - if (i == 3 &amp;&amp; wildList.indexOf(symbol) != -1): null

2019-08-10 23:57:27 - [TEST_STEP][PASSED] - if (i == 4 &amp;&amp; wildList.indexOf(symbol) != -1): null

2019-08-10 23:57:27 - [TEST_STEP][PASSED] - symbol = symbol: null

2019-08-10 23:57:27 - [TEST_STEP][PASSED] - println(symbol): null

2019-08-10 23:57:27 - [TEST_STEP][PASSED] - if (i == 2 &amp;&amp; wildList.indexOf(symbol) != -1): null

2019-08-10 23:57:27 - [TEST_STEP][PASSED] - if (i == 3 &amp;&amp; wildList.indexOf(symbol) != -1): null

2019-08-10 23:57:27 - [TEST_STEP][PASSED] - if (i == 4 &amp;&amp; wildList.indexOf(symbol) != -1): null

2019-08-10 23:57:27 - [TEST_STEP][PASSED] - symbols = symbols: null

2019-08-10 23:57:27 - [TEST_STEP][PASSED] - for ([j = 0, j &lt; symbols.size(), (j++)]): null

2019-08-10 23:57:27 - [TEST_STEP][PASSED] - symbol = symbol: null

2019-08-10 23:57:27 - [TEST_STEP][PASSED] - println(symbol): null

2019-08-10 23:57:27 - [TEST_STEP][PASSED] - if (i == 2 &amp;&amp; wildList.indexOf(symbol) != -1): null

2019-08-10 23:57:27 - [TEST_STEP][PASSED] - if (i == 3 &amp;&amp; wildList.indexOf(symbol) != -1): null

2019-08-10 23:57:27 - [TEST_STEP][PASSED] - if (i == 4 &amp;&amp; wildList.indexOf(symbol) != -1): null

2019-08-10 23:57:27 - [TEST_STEP][PASSED] - symbol = symbol: null

2019-08-10 23:57:27 - [TEST_STEP][PASSED] - println(symbol): null

2019-08-10 23:57:27 - [TEST_STEP][PASSED] - if (i == 2 &amp;&amp; wildList.indexOf(symbol) != -1): null

2019-08-10 23:57:27 - [TEST_STEP][PASSED] - if (i == 3 &amp;&amp; wildList.indexOf(symbol) != -1): null

2019-08-10 23:57:27 - [TEST_STEP][PASSED] - if (i == 4 &amp;&amp; wildList.indexOf(symbol) != -1): null

2019-08-10 23:57:27 - [TEST_STEP][PASSED] - symbol = symbol: null

2019-08-10 23:57:27 - [TEST_STEP][PASSED] - println(symbol): null

2019-08-10 23:57:27 - [TEST_STEP][PASSED] - if (i == 2 &amp;&amp; wildList.indexOf(symbol) != -1): null

2019-08-10 23:57:27 - [TEST_STEP][PASSED] - if (i == 3 &amp;&amp; wildList.indexOf(symbol) != -1): null

2019-08-10 23:57:27 - [TEST_STEP][PASSED] - if (i == 4 &amp;&amp; wildList.indexOf(symbol) != -1): null

2019-08-10 23:57:27 - [TEST_STEP][PASSED] - symbols = symbols: null

2019-08-10 23:57:27 - [TEST_STEP][PASSED] - for ([j = 0, j &lt; symbols.size(), (j++)]): null

2019-08-10 23:57:27 - [TEST_STEP][PASSED] - symbol = symbol: null

2019-08-10 23:57:27 - [TEST_STEP][PASSED] - println(symbol): null

2019-08-10 23:57:27 - [TEST_STEP][PASSED] - if (i == 2 &amp;&amp; wildList.indexOf(symbol) != -1): null

2019-08-10 23:57:27 - [TEST_STEP][PASSED] - if (i == 3 &amp;&amp; wildList.indexOf(symbol) != -1): null

2019-08-10 23:57:27 - [TEST_STEP][PASSED] - if (i == 4 &amp;&amp; wildList.indexOf(symbol) != -1): null

2019-08-10 23:57:27 - [TEST_STEP][PASSED] - symbol = symbol: null

2019-08-10 23:57:27 - [TEST_STEP][PASSED] - println(symbol): null

2019-08-10 23:57:27 - [TEST_STEP][PASSED] - if (i == 2 &amp;&amp; wildList.indexOf(symbol) != -1): null

2019-08-10 23:57:27 - [TEST_STEP][PASSED] - if (i == 3 &amp;&amp; wildList.indexOf(symbol) != -1): null

2019-08-10 23:57:27 - [TEST_STEP][PASSED] - if (i == 4 &amp;&amp; wildList.indexOf(symbol) != -1): null

2019-08-10 23:57:27 - [TEST_STEP][PASSED] - symbol = symbol: null

2019-08-10 23:57:27 - [TEST_STEP][PASSED] - println(symbol): null

2019-08-10 23:57:27 - [TEST_STEP][PASSED] - if (i == 2 &amp;&amp; wildList.indexOf(symbol) != -1): null

2019-08-10 23:57:27 - [TEST_STEP][PASSED] - if (i == 3 &amp;&amp; wildList.indexOf(symbol) != -1): null

2019-08-10 23:57:27 - [TEST_STEP][PASSED] - if (i == 4 &amp;&amp; wildList.indexOf(symbol) != -1): null

2019-08-10 23:57:27 - [TEST_STEP][PASSED] - symbols = symbols: null

2019-08-10 23:57:27 - [TEST_STEP][PASSED] - for ([j = 0, j &lt; symbols.size(), (j++)]): null

2019-08-10 23:57:27 - [TEST_STEP][PASSED] - symbol = symbol: null

2019-08-10 23:57:27 - [TEST_STEP][PASSED] - println(symbol): null

2019-08-10 23:57:27 - [TEST_STEP][PASSED] - if (i == 2 &amp;&amp; wildList.indexOf(symbol) != -1): null

2019-08-10 23:57:27 - [TEST_STEP][PASSED] - if (i == 3 &amp;&amp; wildList.indexOf(symbol) != -1): null

2019-08-10 23:57:27 - [TEST_STEP][PASSED] - if (i == 4 &amp;&amp; wildList.indexOf(symbol) != -1): null

2019-08-10 23:57:27 - [TEST_STEP][PASSED] - symbol = symbol: null

2019-08-10 23:57:27 - [TEST_STEP][PASSED] - println(symbol): null

2019-08-10 23:57:27 - [TEST_STEP][PASSED] - if (i == 2 &amp;&amp; wildList.indexOf(symbol) != -1): null

2019-08-10 23:57:27 - [TEST_STEP][PASSED] - if (i == 3 &amp;&amp; wildList.indexOf(symbol) != -1): null

2019-08-10 23:57:27 - [TEST_STEP][PASSED] - if (i == 4 &amp;&amp; wildList.indexOf(symbol) != -1): null

2019-08-10 23:57:27 - [TEST_STEP][PASSED] - symbol = symbol: null

2019-08-10 23:57:27 - [TEST_STEP][PASSED] - println(symbol): null

2019-08-10 23:57:27 - [TEST_STEP][PASSED] - if (i == 2 &amp;&amp; wildList.indexOf(symbol) != -1): null

2019-08-10 23:57:27 - [TEST_STEP][PASSED] - if (i == 3 &amp;&amp; wildList.indexOf(symbol) != -1): null

2019-08-10 23:57:27 - [TEST_STEP][PASSED] - if (i == 4 &amp;&amp; wildList.indexOf(symbol) != -1): null

2019-08-10 23:57:27 - [TEST_STEP][PASSED] - symbols = symbols: null

2019-08-10 23:57:27 - [TEST_STEP][PASSED] - for ([j = 0, j &lt; symbols.size(), (j++)]): null

2019-08-10 23:57:27 - [TEST_STEP][PASSED] - symbol = symbol: null

2019-08-10 23:57:27 - [TEST_STEP][PASSED] - println(symbol): null

2019-08-10 23:57:27 - [TEST_STEP][PASSED] - if (i == 2 &amp;&amp; wildList.indexOf(symbol) != -1): null

2019-08-10 23:57:27 - [TEST_STEP][PASSED] - if (i == 3 &amp;&amp; wildList.indexOf(symbol) != -1): null

2019-08-10 23:57:27 - [TEST_STEP][PASSED] - if (i == 4 &amp;&amp; wildList.indexOf(symbol) != -1): null

2019-08-10 23:57:27 - [TEST_STEP][PASSED] - symbol = symbol: null

2019-08-10 23:57:27 - [TEST_STEP][PASSED] - println(symbol): null

2019-08-10 23:57:27 - [TEST_STEP][PASSED] - if (i == 2 &amp;&amp; wildList.indexOf(symbol) != -1): null

2019-08-10 23:57:27 - [TEST_STEP][PASSED] - if (i == 3 &amp;&amp; wildList.indexOf(symbol) != -1): null

2019-08-10 23:57:27 - [TEST_STEP][PASSED] - if (i == 4 &amp;&amp; wildList.indexOf(symbol) != -1): null

2019-08-10 23:57:27 - [TEST_STEP][PASSED] - symbol = symbol: null

2019-08-10 23:57:27 - [TEST_STEP][PASSED] - println(symbol): null

2019-08-10 23:57:27 - [TEST_STEP][PASSED] - if (i == 2 &amp;&amp; wildList.indexOf(symbol) != -1): null

2019-08-10 23:57:27 - [TEST_STEP][PASSED] - if (i == 3 &amp;&amp; wildList.indexOf(symbol) != -1): null

2019-08-10 23:57:27 - [TEST_STEP][PASSED] - if (i == 4 &amp;&amp; wildList.indexOf(symbol) != -1): null

2019-08-10 23:57:27 - [TEST_STEP][PASSED] - free_spin_reel_counter = free_spin_reel_counter: null

2019-08-10 23:57:27 - [TEST_STEP][PASSED] - println("reel 3 wild found: " + free_spin_reel_counter[0]): null

2019-08-10 23:57:27 - [TEST_STEP][PASSED] - println("reel 4 wild found: " + free_spin_reel_counter[1]): null

2019-08-10 23:57:27 - [TEST_STEP][PASSED] - println("reel 5 wild found: " + free_spin_reel_counter[2]): null

2019-08-10 23:57:27 - [TEST_STEP][PASSED] - M4_spin_reels = M4_spin_reels: null

2019-08-10 23:57:27 - [TEST_STEP][PASSED] - M4_spin_reels_symbols = symbol: null

2019-08-10 23:57:27 - [TEST_STEP][PASSED] - M4_spin_reels_symbols = M4_spin_reels_symbols: null

2019-08-10 23:57:27 - [TEST_STEP][PASSED] - M4_spin_reel_wins = reel_wins: null

2019-08-10 23:57:27 - [TEST_STEP][PASSED] - M4_spin_reel_wins = M4_spin_reel_wins: null

2019-08-10 23:57:27 - [TEST_STEP][PASSED] - println("GlobalVariable.M4_spin_reel_wins is: " + M4_spin_reel_wins): null

2019-08-10 23:57:27 - [TEST_STEP][PASSED] - M4_spin_total_bonus_win_this_round = total_bonus_win_this_round: null

2019-08-10 23:57:27 - [TEST_STEP][PASSED] - M4_spin_total_bonus_win_this_round = M4_spin_total_bonus_win_this_round: null

2019-08-10 23:57:27 - [TEST_STEP][PASSED] - println("GlobalVariable.M4_spin_total_bonus_win_this_round is: " + M4_spin_total_bonus_win_this_round): null

2019-08-10 23:57:27 - [MESSAGE][PASSED] - Verify response successfully

2019-08-10 23:57:27 - [MESSAGE][PASSED] - Send request and verify the response successfully

2019-08-10 23:57:27 - [TEST_STEP][PASSED] - if (M4_total_bonus_spins_int != 0 &amp;&amp; M4_spin_reels_symbols[2].contains("WILD_Double") || M4_spin_reels_symbols[4].contains("WILD_Triple")): null

2019-08-10 23:57:27 - [TEST_STEP][PASSED] - free_spin_reel_counter = free_spin_reel_counter: null

2019-08-10 23:57:27 - [TEST_STEP][PASSED] - M4_spin_reels_symbols = M4_spin_reels_symbols: null

2019-08-10 23:57:27 - [TEST_STEP][PASSED] - M4_total_bonus_spins = M4_total_bonus_spins: null

2019-08-10 23:57:27 - [TEST_STEP][PASSED] - spin_result = sendRequestAndVerify(findTestObject("RGS(M4)/1_M4_spin", ["M4_login_user_id":M4_login_user_id, "rgs_session_token":rgs_session_token, "partner":Partner])): Send request and verify the response successfully

2019-08-10 23:57:27 - [TEST_CASE][PASSED] - Start Test Case : Verification: Verification accomplished successfully

2019-08-10 23:57:27 - [TEST_STEP][PASSED] - request = getInstance().getCurrentRequest(): null

2019-08-10 23:57:27 - [TEST_STEP][PASSED] - response = getInstance().getCurrentResponse(): null

2019-08-10 23:57:27 - [TEST_STEP][PASSED] - verifyResponseStatusCode(response, 200): Verify response status code successfully

2019-08-10 23:57:27 - [MESSAGE][PASSED] - Verify response status code successfully

2019-08-10 23:57:27 - [TEST_STEP][PASSED] - getStatusCode()).isEqualTo(200): null

2019-08-10 23:57:27 - [TEST_STEP][PASSED] - newline = System.getProperty("line.separator"): null

2019-08-10 23:57:27 - [TEST_STEP][PASSED] - M4_spin = new groovy.json.JsonSlurper(): null

2019-08-10 23:57:27 - [TEST_STEP][PASSED] - result_M4_spin = M4_spin.parseText(response.getResponseBodyContent()): null

2019-08-10 23:57:27 - [TEST_STEP][PASSED] - M4_spin_current_balance = current_balance: null

2019-08-10 23:57:27 - [TEST_STEP][PASSED] - M4_spin_current_balance = M4_spin_current_balance: null

2019-08-10 23:57:27 - [TEST_STEP][PASSED] - M4_spin_transaction_id = causality: null

2019-08-10 23:57:27 - [TEST_STEP][PASSED] - M4_spin_transaction_id = M4_spin_transaction_id: null

2019-08-10 23:57:27 - [TEST_STEP][PASSED] - M4_spin_round_id = round_id: null

2019-08-10 23:57:27 - [TEST_STEP][PASSED] - M4_spin_round_id = M4_spin_round_id: null

2019-08-10 23:57:27 - [TEST_STEP][PASSED] - M4_spin_line_wins = line_wins: null

2019-08-10 23:57:27 - [TEST_STEP][PASSED] - M4_spin_line_wins = M4_spin_line_wins: null

2019-08-10 23:57:27 - [TEST_STEP][PASSED] - M4_total_bonus_spins_int = total_bonus_spins: null

2019-08-10 23:57:27 - [TEST_STEP][PASSED] - println("******M4_total_bonus_spins type is:*******" + newline + getClass().getName()): null

2019-08-10 23:57:27 - [TEST_STEP][PASSED] - M4_total_bonus_spins_int = M4_total_bonus_spins_int: null

2019-08-10 23:57:27 - [TEST_STEP][PASSED] - M4_total_bonus_spins = Integer.toString(M4_total_bonus_spins_int): null

2019-08-10 23:57:27 - [TEST_STEP][PASSED] - M4_total_bonus_spins = M4_total_bonus_spins: null

2019-08-10 23:57:27 - [TEST_STEP][PASSED] - println("M4_total_bonus_spins is:" + M4_total_bonus_spins): null

2019-08-10 23:57:27 - [TEST_STEP][PASSED] - M4_spin_bonus_data = bonus_data: null

2019-08-10 23:57:27 - [TEST_STEP][PASSED] - M4_spin_features_triggered = result_M4_spin: null

2019-08-10 23:57:27 - [TEST_STEP][PASSED] - wild = []: null

2019-08-10 23:57:27 - [TEST_STEP][PASSED] - wild[0] = "WILD_Expanding": null

2019-08-10 23:57:27 - [TEST_STEP][PASSED] - wild[1] = "WILD_Normal": null

2019-08-10 23:57:27 - [TEST_STEP][PASSED] - wild[2] = "WILD_Double": null

2019-08-10 23:57:27 - [TEST_STEP][PASSED] - wild[3] = "WILD_ExtraFG": null

2019-08-10 23:57:27 - [TEST_STEP][PASSED] - wild[4] = "WILD_Triple": null

2019-08-10 23:57:27 - [TEST_STEP][PASSED] - wildList = Arrays.asList(wild): null

2019-08-10 23:57:27 - [TEST_STEP][PASSED] - wildList = wildList: null

2019-08-10 23:57:27 - [TEST_STEP][PASSED] - free_spin_reel_counter = []: null

2019-08-10 23:57:27 - [TEST_STEP][PASSED] - free_spin_reel_counter[0] = 0: null

2019-08-10 23:57:27 - [TEST_STEP][PASSED] - free_spin_reel_counter[1] = 0: null

2019-08-10 23:57:27 - [TEST_STEP][PASSED] - free_spin_reel_counter[2] = 0: null

2019-08-10 23:57:27 - [TEST_STEP][PASSED] - M4_spin_reels = reels: null

2019-08-10 23:57:27 - [TEST_STEP][PASSED] - for ([i = 0, i &lt; M4_spin_reels.size(), (i++)]): null

2019-08-10 23:57:27 - [TEST_STEP][PASSED] - symbols = symbols: null

2019-08-10 23:57:27 - [TEST_STEP][PASSED] - for ([j = 0, j &lt; symbols.size(), (j++)]): null

2019-08-10 23:57:27 - [TEST_STEP][PASSED] - symbol = symbol: null

2019-08-10 23:57:27 - [TEST_STEP][PASSED] - println(symbol): null

2019-08-10 23:57:27 - [TEST_STEP][PASSED] - if (i == 2 &amp;&amp; wildList.indexOf(symbol) != -1): null

2019-08-10 23:57:27 - [TEST_STEP][PASSED] - if (i == 3 &amp;&amp; wildList.indexOf(symbol) != -1): null

2019-08-10 23:57:27 - [TEST_STEP][PASSED] - if (i == 4 &amp;&amp; wildList.indexOf(symbol) != -1): null

2019-08-10 23:57:27 - [TEST_STEP][PASSED] - symbol = symbol: null

2019-08-10 23:57:27 - [TEST_STEP][PASSED] - println(symbol): null

2019-08-10 23:57:27 - [TEST_STEP][PASSED] - if (i == 2 &amp;&amp; wildList.indexOf(symbol) != -1): null

2019-08-10 23:57:27 - [TEST_STEP][PASSED] - if (i == 3 &amp;&amp; wildList.indexOf(symbol) != -1): null

2019-08-10 23:57:27 - [TEST_STEP][PASSED] - if (i == 4 &amp;&amp; wildList.indexOf(symbol) != -1): null

2019-08-10 23:57:27 - [TEST_STEP][PASSED] - symbol = symbol: null

2019-08-10 23:57:27 - [TEST_STEP][PASSED] - println(symbol): null

2019-08-10 23:57:27 - [TEST_STEP][PASSED] - if (i == 2 &amp;&amp; wildList.indexOf(symbol) != -1): null

2019-08-10 23:57:27 - [TEST_STEP][PASSED] - if (i == 3 &amp;&amp; wildList.indexOf(symbol) != -1): null

2019-08-10 23:57:27 - [TEST_STEP][PASSED] - if (i == 4 &amp;&amp; wildList.indexOf(symbol) != -1): null

2019-08-10 23:57:27 - [TEST_STEP][PASSED] - symbols = symbols: null

2019-08-10 23:57:27 - [TEST_STEP][PASSED] - for ([j = 0, j &lt; symbols.size(), (j++)]): null

2019-08-10 23:57:27 - [TEST_STEP][PASSED] - symbol = symbol: null

2019-08-10 23:57:27 - [TEST_STEP][PASSED] - println(symbol): null

2019-08-10 23:57:27 - [TEST_STEP][PASSED] - if (i == 2 &amp;&amp; wildList.indexOf(symbol) != -1): null

2019-08-10 23:57:27 - [TEST_STEP][PASSED] - if (i == 3 &amp;&amp; wildList.indexOf(symbol) != -1): null

2019-08-10 23:57:27 - [TEST_STEP][PASSED] - if (i == 4 &amp;&amp; wildList.indexOf(symbol) != -1): null

2019-08-10 23:57:27 - [TEST_STEP][PASSED] - symbol = symbol: null

2019-08-10 23:57:27 - [TEST_STEP][PASSED] - println(symbol): null

2019-08-10 23:57:27 - [TEST_STEP][PASSED] - if (i == 2 &amp;&amp; wildList.indexOf(symbol) != -1): null

2019-08-10 23:57:27 - [TEST_STEP][PASSED] - if (i == 3 &amp;&amp; wildList.indexOf(symbol) != -1): null

2019-08-10 23:57:27 - [TEST_STEP][PASSED] - if (i == 4 &amp;&amp; wildList.indexOf(symbol) != -1): null

2019-08-10 23:57:27 - [TEST_STEP][PASSED] - symbol = symbol: null

2019-08-10 23:57:27 - [TEST_STEP][PASSED] - println(symbol): null

2019-08-10 23:57:27 - [TEST_STEP][PASSED] - if (i == 2 &amp;&amp; wildList.indexOf(symbol) != -1): null

2019-08-10 23:57:27 - [TEST_STEP][PASSED] - if (i == 3 &amp;&amp; wildList.indexOf(symbol) != -1): null

2019-08-10 23:57:27 - [TEST_STEP][PASSED] - if (i == 4 &amp;&amp; wildList.indexOf(symbol) != -1): null

2019-08-10 23:57:27 - [TEST_STEP][PASSED] - symbols = symbols: null

2019-08-10 23:57:27 - [TEST_STEP][PASSED] - for ([j = 0, j &lt; symbols.size(), (j++)]): null

2019-08-10 23:57:27 - [TEST_STEP][PASSED] - symbol = symbol: null

2019-08-10 23:57:27 - [TEST_STEP][PASSED] - println(symbol): null

2019-08-10 23:57:27 - [TEST_STEP][PASSED] - if (i == 2 &amp;&amp; wildList.indexOf(symbol) != -1): null

2019-08-10 23:57:27 - [TEST_STEP][PASSED] - if (i == 3 &amp;&amp; wildList.indexOf(symbol) != -1): null

2019-08-10 23:57:27 - [TEST_STEP][PASSED] - if (i == 4 &amp;&amp; wildList.indexOf(symbol) != -1): null

2019-08-10 23:57:27 - [TEST_STEP][PASSED] - symbol = symbol: null

2019-08-10 23:57:27 - [TEST_STEP][PASSED] - println(symbol): null

2019-08-10 23:57:27 - [TEST_STEP][PASSED] - if (i == 2 &amp;&amp; wildList.indexOf(symbol) != -1): null

2019-08-10 23:57:27 - [TEST_STEP][PASSED] - if (i == 3 &amp;&amp; wildList.indexOf(symbol) != -1): null

2019-08-10 23:57:27 - [TEST_STEP][PASSED] - if (i == 4 &amp;&amp; wildList.indexOf(symbol) != -1): null

2019-08-10 23:57:27 - [TEST_STEP][PASSED] - symbol = symbol: null

2019-08-10 23:57:27 - [TEST_STEP][PASSED] - println(symbol): null

2019-08-10 23:57:27 - [TEST_STEP][PASSED] - if (i == 2 &amp;&amp; wildList.indexOf(symbol) != -1): null

2019-08-10 23:57:27 - [TEST_STEP][PASSED] - if (i == 3 &amp;&amp; wildList.indexOf(symbol) != -1): null

2019-08-10 23:57:27 - [TEST_STEP][PASSED] - if (i == 4 &amp;&amp; wildList.indexOf(symbol) != -1): null

2019-08-10 23:57:27 - [TEST_STEP][PASSED] - symbols = symbols: null

2019-08-10 23:57:27 - [TEST_STEP][PASSED] - for ([j = 0, j &lt; symbols.size(), (j++)]): null

2019-08-10 23:57:27 - [TEST_STEP][PASSED] - symbol = symbol: null

2019-08-10 23:57:27 - [TEST_STEP][PASSED] - println(symbol): null

2019-08-10 23:57:27 - [TEST_STEP][PASSED] - if (i == 2 &amp;&amp; wildList.indexOf(symbol) != -1): null

2019-08-10 23:57:27 - [TEST_STEP][PASSED] - if (i == 3 &amp;&amp; wildList.indexOf(symbol) != -1): null

2019-08-10 23:57:27 - [TEST_STEP][PASSED] - if (i == 4 &amp;&amp; wildList.indexOf(symbol) != -1): null

2019-08-10 23:57:27 - [TEST_STEP][PASSED] - symbol = symbol: null

2019-08-10 23:57:27 - [TEST_STEP][PASSED] - println(symbol): null

2019-08-10 23:57:27 - [TEST_STEP][PASSED] - if (i == 2 &amp;&amp; wildList.indexOf(symbol) != -1): null

2019-08-10 23:57:27 - [TEST_STEP][PASSED] - if (i == 3 &amp;&amp; wildList.indexOf(symbol) != -1): null

2019-08-10 23:57:27 - [TEST_STEP][PASSED] - if (i == 4 &amp;&amp; wildList.indexOf(symbol) != -1): null

2019-08-10 23:57:27 - [TEST_STEP][PASSED] - symbol = symbol: null

2019-08-10 23:57:27 - [TEST_STEP][PASSED] - println(symbol): null

2019-08-10 23:57:27 - [TEST_STEP][PASSED] - if (i == 2 &amp;&amp; wildList.indexOf(symbol) != -1): null

2019-08-10 23:57:27 - [TEST_STEP][PASSED] - if (i == 3 &amp;&amp; wildList.indexOf(symbol) != -1): null

2019-08-10 23:57:27 - [TEST_STEP][PASSED] - if (i == 4 &amp;&amp; wildList.indexOf(symbol) != -1): null

2019-08-10 23:57:27 - [TEST_STEP][PASSED] - symbols = symbols: null

2019-08-10 23:57:27 - [TEST_STEP][PASSED] - for ([j = 0, j &lt; symbols.size(), (j++)]): null

2019-08-10 23:57:27 - [TEST_STEP][PASSED] - symbol = symbol: null

2019-08-10 23:57:27 - [TEST_STEP][PASSED] - println(symbol): null

2019-08-10 23:57:27 - [TEST_STEP][PASSED] - if (i == 2 &amp;&amp; wildList.indexOf(symbol) != -1): null

2019-08-10 23:57:27 - [TEST_STEP][PASSED] - if (i == 3 &amp;&amp; wildList.indexOf(symbol) != -1): null

2019-08-10 23:57:27 - [TEST_STEP][PASSED] - if (i == 4 &amp;&amp; wildList.indexOf(symbol) != -1): null

2019-08-10 23:57:27 - [TEST_STEP][PASSED] - symbol = symbol: null

2019-08-10 23:57:27 - [TEST_STEP][PASSED] - println(symbol): null

2019-08-10 23:57:27 - [TEST_STEP][PASSED] - if (i == 2 &amp;&amp; wildList.indexOf(symbol) != -1): null

2019-08-10 23:57:27 - [TEST_STEP][PASSED] - if (i == 3 &amp;&amp; wildList.indexOf(symbol) != -1): null

2019-08-10 23:57:27 - [TEST_STEP][PASSED] - if (i == 4 &amp;&amp; wildList.indexOf(symbol) != -1): null

2019-08-10 23:57:27 - [TEST_STEP][PASSED] - symbol = symbol: null

2019-08-10 23:57:27 - [TEST_STEP][PASSED] - println(symbol): null

2019-08-10 23:57:27 - [TEST_STEP][PASSED] - if (i == 2 &amp;&amp; wildList.indexOf(symbol) != -1): null

2019-08-10 23:57:27 - [TEST_STEP][PASSED] - if (i == 3 &amp;&amp; wildList.indexOf(symbol) != -1): null

2019-08-10 23:57:27 - [TEST_STEP][PASSED] - if (i == 4 &amp;&amp; wildList.indexOf(symbol) != -1): null

2019-08-10 23:57:27 - [TEST_STEP][PASSED] - free_spin_reel_counter = free_spin_reel_counter: null

2019-08-10 23:57:27 - [TEST_STEP][PASSED] - println("reel 3 wild found: " + free_spin_reel_counter[0]): null

2019-08-10 23:57:27 - [TEST_STEP][PASSED] - println("reel 4 wild found: " + free_spin_reel_counter[1]): null

2019-08-10 23:57:27 - [TEST_STEP][PASSED] - println("reel 5 wild found: " + free_spin_reel_counter[2]): null

2019-08-10 23:57:27 - [TEST_STEP][PASSED] - M4_spin_reels = M4_spin_reels: null

2019-08-10 23:57:27 - [TEST_STEP][PASSED] - M4_spin_reels_symbols = symbol: null

2019-08-10 23:57:27 - [TEST_STEP][PASSED] - M4_spin_reels_symbols = M4_spin_reels_symbols: null

2019-08-10 23:57:27 - [TEST_STEP][PASSED] - M4_spin_reel_wins = reel_wins: null

2019-08-10 23:57:27 - [TEST_STEP][PASSED] - M4_spin_reel_wins = M4_spin_reel_wins: null

2019-08-10 23:57:27 - [TEST_STEP][PASSED] - println("GlobalVariable.M4_spin_reel_wins is: " + M4_spin_reel_wins): null

2019-08-10 23:57:27 - [TEST_STEP][PASSED] - M4_spin_total_bonus_win_this_round = total_bonus_win_this_round: null

2019-08-10 23:57:27 - [TEST_STEP][PASSED] - M4_spin_total_bonus_win_this_round = M4_spin_total_bonus_win_this_round: null

2019-08-10 23:57:27 - [TEST_STEP][PASSED] - println("GlobalVariable.M4_spin_total_bonus_win_this_round is: " + M4_spin_total_bonus_win_this_round): null

2019-08-10 23:57:27 - [MESSAGE][PASSED] - Verify response successfully

2019-08-10 23:57:27 - [MESSAGE][PASSED] - Send request and verify the response successfully

2019-08-10 23:57:27 - [TEST_STEP][PASSED] - if (M4_total_bonus_spins_int != 0 &amp;&amp; M4_spin_reels_symbols[2].contains("WILD_Double") || M4_spin_reels_symbols[4].contains("WILD_Triple")): null

2019-08-10 23:57:27 - [TEST_STEP][PASSED] - free_spin_reel_counter = free_spin_reel_counter: null

2019-08-10 23:57:27 - [TEST_STEP][PASSED] - M4_spin_reels_symbols = M4_spin_reels_symbols: null

2019-08-10 23:57:27 - [TEST_STEP][PASSED] - M4_total_bonus_spins = M4_total_bonus_spins: null

2019-08-10 23:57:27 - [TEST_STEP][PASSED] - spin_result = sendRequestAndVerify(findTestObject("RGS(M4)/1_M4_spin", ["M4_login_user_id":M4_login_user_id, "rgs_session_token":rgs_session_token, "partner":Partner])): Send request and verify the response successfully

2019-08-10 23:57:27 - [TEST_CASE][PASSED] - Start Test Case : Verification: Verification accomplished successfully

2019-08-10 23:57:27 - [TEST_STEP][PASSED] - request = getInstance().getCurrentRequest(): null

2019-08-10 23:57:27 - [TEST_STEP][PASSED] - response = getInstance().getCurrentResponse(): null

2019-08-10 23:57:27 - [TEST_STEP][PASSED] - verifyResponseStatusCode(response, 200): Verify response status code successfully

2019-08-10 23:57:27 - [MESSAGE][PASSED] - Verify response status code successfully

2019-08-10 23:57:27 - [TEST_STEP][PASSED] - getStatusCode()).isEqualTo(200): null

2019-08-10 23:57:27 - [TEST_STEP][PASSED] - newline = System.getProperty("line.separator"): null

2019-08-10 23:57:27 - [TEST_STEP][PASSED] - M4_spin = new groovy.json.JsonSlurper(): null

2019-08-10 23:57:27 - [TEST_STEP][PASSED] - result_M4_spin = M4_spin.parseText(response.getResponseBodyContent()): null

2019-08-10 23:57:27 - [TEST_STEP][PASSED] - M4_spin_current_balance = current_balance: null

2019-08-10 23:57:27 - [TEST_STEP][PASSED] - M4_spin_current_balance = M4_spin_current_balance: null

2019-08-10 23:57:27 - [TEST_STEP][PASSED] - M4_spin_transaction_id = causality: null

2019-08-10 23:57:27 - [TEST_STEP][PASSED] - M4_spin_transaction_id = M4_spin_transaction_id: null

2019-08-10 23:57:27 - [TEST_STEP][PASSED] - M4_spin_round_id = round_id: null

2019-08-10 23:57:27 - [TEST_STEP][PASSED] - M4_spin_round_id = M4_spin_round_id: null

2019-08-10 23:57:27 - [TEST_STEP][PASSED] - M4_spin_line_wins = line_wins: null

2019-08-10 23:57:27 - [TEST_STEP][PASSED] - M4_spin_line_wins = M4_spin_line_wins: null

2019-08-10 23:57:27 - [TEST_STEP][PASSED] - M4_total_bonus_spins_int = total_bonus_spins: null

2019-08-10 23:57:27 - [TEST_STEP][PASSED] - println("******M4_total_bonus_spins type is:*******" + newline + getClass().getName()): null

2019-08-10 23:57:27 - [TEST_STEP][PASSED] - M4_total_bonus_spins_int = M4_total_bonus_spins_int: null

2019-08-10 23:57:27 - [TEST_STEP][PASSED] - M4_total_bonus_spins = Integer.toString(M4_total_bonus_spins_int): null

2019-08-10 23:57:27 - [TEST_STEP][PASSED] - M4_total_bonus_spins = M4_total_bonus_spins: null

2019-08-10 23:57:27 - [TEST_STEP][PASSED] - println("M4_total_bonus_spins is:" + M4_total_bonus_spins): null

2019-08-10 23:57:27 - [TEST_STEP][PASSED] - M4_spin_bonus_data = bonus_data: null

2019-08-10 23:57:27 - [TEST_STEP][PASSED] - M4_spin_features_triggered = result_M4_spin: null

2019-08-10 23:57:27 - [TEST_STEP][PASSED] - wild = []: null

2019-08-10 23:57:27 - [TEST_STEP][PASSED] - wild[0] = "WILD_Expanding": null

2019-08-10 23:57:27 - [TEST_STEP][PASSED] - wild[1] = "WILD_Normal": null

2019-08-10 23:57:27 - [TEST_STEP][PASSED] - wild[2] = "WILD_Double": null

2019-08-10 23:57:27 - [TEST_STEP][PASSED] - wild[3] = "WILD_ExtraFG": null

2019-08-10 23:57:27 - [TEST_STEP][PASSED] - wild[4] = "WILD_Triple": null

2019-08-10 23:57:27 - [TEST_STEP][PASSED] - wildList = Arrays.asList(wild): null

2019-08-10 23:57:27 - [TEST_STEP][PASSED] - wildList = wildList: null

2019-08-10 23:57:27 - [TEST_STEP][PASSED] - free_spin_reel_counter = []: null

2019-08-10 23:57:27 - [TEST_STEP][PASSED] - free_spin_reel_counter[0] = 0: null

2019-08-10 23:57:27 - [TEST_STEP][PASSED] - free_spin_reel_counter[1] = 0: null

2019-08-10 23:57:27 - [TEST_STEP][PASSED] - free_spin_reel_counter[2] = 0: null

2019-08-10 23:57:27 - [TEST_STEP][PASSED] - M4_spin_reels = reels: null

2019-08-10 23:57:27 - [TEST_STEP][PASSED] - for ([i = 0, i &lt; M4_spin_reels.size(), (i++)]): null

2019-08-10 23:57:27 - [TEST_STEP][PASSED] - symbols = symbols: null

2019-08-10 23:57:27 - [TEST_STEP][PASSED] - for ([j = 0, j &lt; symbols.size(), (j++)]): null

2019-08-10 23:57:27 - [TEST_STEP][PASSED] - symbol = symbol: null

2019-08-10 23:57:27 - [TEST_STEP][PASSED] - println(symbol): null

2019-08-10 23:57:27 - [TEST_STEP][PASSED] - if (i == 2 &amp;&amp; wildList.indexOf(symbol) != -1): null

2019-08-10 23:57:27 - [TEST_STEP][PASSED] - if (i == 3 &amp;&amp; wildList.indexOf(symbol) != -1): null

2019-08-10 23:57:27 - [TEST_STEP][PASSED] - if (i == 4 &amp;&amp; wildList.indexOf(symbol) != -1): null

2019-08-10 23:57:27 - [TEST_STEP][PASSED] - symbol = symbol: null

2019-08-10 23:57:27 - [TEST_STEP][PASSED] - println(symbol): null

2019-08-10 23:57:27 - [TEST_STEP][PASSED] - if (i == 2 &amp;&amp; wildList.indexOf(symbol) != -1): null

2019-08-10 23:57:27 - [TEST_STEP][PASSED] - if (i == 3 &amp;&amp; wildList.indexOf(symbol) != -1): null

2019-08-10 23:57:27 - [TEST_STEP][PASSED] - if (i == 4 &amp;&amp; wildList.indexOf(symbol) != -1): null

2019-08-10 23:57:27 - [TEST_STEP][PASSED] - symbol = symbol: null

2019-08-10 23:57:27 - [TEST_STEP][PASSED] - println(symbol): null

2019-08-10 23:57:27 - [TEST_STEP][PASSED] - if (i == 2 &amp;&amp; wildList.indexOf(symbol) != -1): null

2019-08-10 23:57:27 - [TEST_STEP][PASSED] - if (i == 3 &amp;&amp; wildList.indexOf(symbol) != -1): null

2019-08-10 23:57:27 - [TEST_STEP][PASSED] - if (i == 4 &amp;&amp; wildList.indexOf(symbol) != -1): null

2019-08-10 23:57:27 - [TEST_STEP][PASSED] - symbols = symbols: null

2019-08-10 23:57:27 - [TEST_STEP][PASSED] - for ([j = 0, j &lt; symbols.size(), (j++)]): null

2019-08-10 23:57:27 - [TEST_STEP][PASSED] - symbol = symbol: null

2019-08-10 23:57:27 - [TEST_STEP][PASSED] - println(symbol): null

2019-08-10 23:57:27 - [TEST_STEP][PASSED] - if (i == 2 &amp;&amp; wildList.indexOf(symbol) != -1): null

2019-08-10 23:57:27 - [TEST_STEP][PASSED] - if (i == 3 &amp;&amp; wildList.indexOf(symbol) != -1): null

2019-08-10 23:57:27 - [TEST_STEP][PASSED] - if (i == 4 &amp;&amp; wildList.indexOf(symbol) != -1): null

2019-08-10 23:57:27 - [TEST_STEP][PASSED] - symbol = symbol: null

2019-08-10 23:57:27 - [TEST_STEP][PASSED] - println(symbol): null

2019-08-10 23:57:27 - [TEST_STEP][PASSED] - if (i == 2 &amp;&amp; wildList.indexOf(symbol) != -1): null

2019-08-10 23:57:27 - [TEST_STEP][PASSED] - if (i == 3 &amp;&amp; wildList.indexOf(symbol) != -1): null

2019-08-10 23:57:27 - [TEST_STEP][PASSED] - if (i == 4 &amp;&amp; wildList.indexOf(symbol) != -1): null

2019-08-10 23:57:27 - [TEST_STEP][PASSED] - symbol = symbol: null

2019-08-10 23:57:27 - [TEST_STEP][PASSED] - println(symbol): null

2019-08-10 23:57:27 - [TEST_STEP][PASSED] - if (i == 2 &amp;&amp; wildList.indexOf(symbol) != -1): null

2019-08-10 23:57:27 - [TEST_STEP][PASSED] - if (i == 3 &amp;&amp; wildList.indexOf(symbol) != -1): null

2019-08-10 23:57:27 - [TEST_STEP][PASSED] - if (i == 4 &amp;&amp; wildList.indexOf(symbol) != -1): null

2019-08-10 23:57:32 - [TEST_STEP][PASSED] - symbols = symbols: null

2019-08-10 23:57:32 - [TEST_STEP][PASSED] - for ([j = 0, j &lt; symbols.size(), (j++)]): null

2019-08-10 23:57:32 - [TEST_STEP][PASSED] - symbol = symbol: null

2019-08-10 23:57:32 - [TEST_STEP][PASSED] - println(symbol): null

2019-08-10 23:57:32 - [TEST_STEP][PASSED] - if (i == 2 &amp;&amp; wildList.indexOf(symbol) != -1): null

2019-08-10 23:57:32 - [TEST_STEP][PASSED] - if (i == 3 &amp;&amp; wildList.indexOf(symbol) != -1): null

2019-08-10 23:57:32 - [TEST_STEP][PASSED] - if (i == 4 &amp;&amp; wildList.indexOf(symbol) != -1): null

2019-08-10 23:57:32 - [TEST_STEP][PASSED] - symbol = symbol: null

2019-08-10 23:57:32 - [TEST_STEP][PASSED] - println(symbol): null

2019-08-10 23:57:32 - [TEST_STEP][PASSED] - if (i == 2 &amp;&amp; wildList.indexOf(symbol) != -1): null

2019-08-10 23:57:32 - [TEST_STEP][PASSED] - if (i == 3 &amp;&amp; wildList.indexOf(symbol) != -1): null

2019-08-10 23:57:37 - [TEST_STEP][PASSED] - if (i == 4 &amp;&amp; wildList.indexOf(symbol) != -1): null

2019-08-10 23:57:37 - [TEST_STEP][PASSED] - symbol = symbol: null

2019-08-10 23:57:37 - [TEST_STEP][PASSED] - println(symbol): null

2019-08-10 23:57:37 - [TEST_STEP][PASSED] - if (i == 2 &amp;&amp; wildList.indexOf(symbol) != -1): null

2019-08-10 23:57:37 - [TEST_STEP][PASSED] - if (i == 3 &amp;&amp; wildList.indexOf(symbol) != -1): null

2019-08-10 23:57:43 - [TEST_STEP][PASSED] - if (i == 4 &amp;&amp; wildList.indexOf(symbol) != -1): null

2019-08-10 23:57:43 - [TEST_STEP][PASSED] - symbols = symbols: null

2019-08-10 23:57:43 - [TEST_STEP][PASSED] - for ([j = 0, j &lt; symbols.size(), (j++)]): null

2019-08-10 23:57:43 - [TEST_STEP][PASSED] - symbol = symbol: null

2019-08-10 23:57:43 - [TEST_STEP][PASSED] - println(symbol): null

2019-08-10 23:57:43 - [TEST_STEP][PASSED] - if (i == 2 &amp;&amp; wildList.indexOf(symbol) != -1): null

2019-08-10 23:57:43 - [TEST_STEP][PASSED] - if (i == 3 &amp;&amp; wildList.indexOf(symbol) != -1): null

2019-08-10 23:57:43 - [TEST_STEP][PASSED] - if (i == 4 &amp;&amp; wildList.indexOf(symbol) != -1): null

2019-08-10 23:57:43 - [TEST_STEP][PASSED] - symbol = symbol: null

2019-08-10 23:57:43 - [TEST_STEP][PASSED] - println(symbol): null

2019-08-10 23:57:43 - [TEST_STEP][PASSED] - if (i == 2 &amp;&amp; wildList.indexOf(symbol) != -1): null

2019-08-10 23:57:43 - [TEST_STEP][PASSED] - if (i == 3 &amp;&amp; wildList.indexOf(symbol) != -1): null

2019-08-10 23:57:43 - [TEST_STEP][PASSED] - if (i == 4 &amp;&amp; wildList.indexOf(symbol) != -1): null

2019-08-10 23:57:43 - [TEST_STEP][PASSED] - symbol = symbol: null

2019-08-10 23:57:43 - [TEST_STEP][PASSED] - println(symbol): null

2019-08-10 23:57:43 - [TEST_STEP][PASSED] - if (i == 2 &amp;&amp; wildList.indexOf(symbol) != -1): null

2019-08-10 23:57:43 - [TEST_STEP][PASSED] - if (i == 3 &amp;&amp; wildList.indexOf(symbol) != -1): null

2019-08-10 23:57:43 - [TEST_STEP][PASSED] - if (i == 4 &amp;&amp; wildList.indexOf(symbol) != -1): null

2019-08-10 23:57:43 - [TEST_STEP][PASSED] - symbols = symbols: null

2019-08-10 23:57:43 - [TEST_STEP][PASSED] - for ([j = 0, j &lt; symbols.size(), (j++)]): null

2019-08-10 23:57:43 - [TEST_STEP][PASSED] - symbol = symbol: null

2019-08-10 23:57:43 - [TEST_STEP][PASSED] - println(symbol): null

2019-08-10 23:57:43 - [TEST_STEP][PASSED] - if (i == 2 &amp;&amp; wildList.indexOf(symbol) != -1): null

2019-08-10 23:57:43 - [TEST_STEP][PASSED] - if (i == 3 &amp;&amp; wildList.indexOf(symbol) != -1): null

2019-08-10 23:57:43 - [TEST_STEP][PASSED] - if (i == 4 &amp;&amp; wildList.indexOf(symbol) != -1): null

2019-08-10 23:57:43 - [TEST_STEP][PASSED] - symbol = symbol: null

2019-08-10 23:57:43 - [TEST_STEP][PASSED] - println(symbol): null

2019-08-10 23:57:43 - [TEST_STEP][PASSED] - if (i == 2 &amp;&amp; wildList.indexOf(symbol) != -1): null

2019-08-10 23:57:43 - [TEST_STEP][PASSED] - if (i == 3 &amp;&amp; wildList.indexOf(symbol) != -1): null

2019-08-10 23:57:43 - [TEST_STEP][PASSED] - if (i == 4 &amp;&amp; wildList.indexOf(symbol) != -1): null

2019-08-10 23:57:43 - [TEST_STEP][PASSED] - symbol = symbol: null

2019-08-10 23:57:43 - [TEST_STEP][PASSED] - println(symbol): null

2019-08-10 23:57:43 - [TEST_STEP][PASSED] - if (i == 2 &amp;&amp; wildList.indexOf(symbol) != -1): null

2019-08-10 23:57:43 - [TEST_STEP][PASSED] - if (i == 3 &amp;&amp; wildList.indexOf(symbol) != -1): null

2019-08-10 23:57:43 - [TEST_STEP][PASSED] - if (i == 4 &amp;&amp; wildList.indexOf(symbol) != -1): null

2019-08-10 23:57:43 - [TEST_STEP][PASSED] - free_spin_reel_counter = free_spin_reel_counter: null

2019-08-10 23:57:43 - [TEST_STEP][PASSED] - println("reel 3 wild found: " + free_spin_reel_counter[0]): null

2019-08-10 23:57:43 - [TEST_STEP][PASSED] - println("reel 4 wild found: " + free_spin_reel_counter[1]): null

2019-08-10 23:57:43 - [TEST_STEP][PASSED] - println("reel 5 wild found: " + free_spin_reel_counter[2]): null

2019-08-10 23:57:43 - [TEST_STEP][PASSED] - M4_spin_reels = M4_spin_reels: null

2019-08-10 23:57:43 - [TEST_STEP][PASSED] - M4_spin_reels_symbols = symbol: null

2019-08-10 23:57:43 - [TEST_STEP][PASSED] - M4_spin_reels_symbols = M4_spin_reels_symbols: null

2019-08-10 23:57:43 - [TEST_STEP][PASSED] - M4_spin_reel_wins = reel_wins: null

2019-08-10 23:57:43 - [TEST_STEP][PASSED] - M4_spin_reel_wins = M4_spin_reel_wins: null

2019-08-10 23:57:43 - [TEST_STEP][PASSED] - println("GlobalVariable.M4_spin_reel_wins is: " + M4_spin_reel_wins): null

2019-08-10 23:57:43 - [TEST_STEP][PASSED] - M4_spin_total_bonus_win_this_round = total_bonus_win_this_round: null

2019-08-10 23:57:43 - [TEST_STEP][PASSED] - M4_spin_total_bonus_win_this_round = M4_spin_total_bonus_win_this_round: null

2019-08-10 23:57:43 - [TEST_STEP][PASSED] - println("GlobalVariable.M4_spin_total_bonus_win_this_round is: " + M4_spin_total_bonus_win_this_round): null

2019-08-10 23:57:43 - [MESSAGE][PASSED] - Verify response successfully

2019-08-10 23:57:43 - [MESSAGE][PASSED] - Send request and verify the response successfully

2019-08-10 23:57:43 - [TEST_STEP][PASSED] - if (M4_total_bonus_spins_int != 0 &amp;&amp; M4_spin_reels_symbols[2].contains("WILD_Double") || M4_spin_reels_symbols[4].contains("WILD_Triple")): null

2019-08-10 23:57:43 - [TEST_STEP][PASSED] - free_spin_reel_counter = free_spin_reel_counter: null

2019-08-10 23:57:43 - [TEST_STEP][PASSED] - M4_spin_reels_symbols = M4_spin_reels_symbols: null

2019-08-10 23:57:43 - [TEST_STEP][PASSED] - M4_total_bonus_spins = M4_total_bonus_spins: null

2019-08-10 23:57:43 - [TEST_STEP][PASSED] - spin_result = sendRequestAndVerify(findTestObject("RGS(M4)/1_M4_spin", ["M4_login_user_id":M4_login_user_id, "rgs_session_token":rgs_session_token, "partner":Partner])): Send request and verify the response successfully

2019-08-10 23:57:44 - [TEST_CASE][PASSED] - Start Test Case : Verification: Verification accomplished successfully

2019-08-10 23:57:44 - [TEST_STEP][PASSED] - request = getInstance().getCurrentRequest(): null

2019-08-10 23:57:44 - [TEST_STEP][PASSED] - response = getInstance().getCurrentResponse(): null

2019-08-10 23:57:44 - [TEST_STEP][PASSED] - verifyResponseStatusCode(response, 200): Verify response status code successfully

2019-08-10 23:57:44 - [MESSAGE][PASSED] - Verify response status code successfully

2019-08-10 23:57:44 - [TEST_STEP][PASSED] - getStatusCode()).isEqualTo(200): null

2019-08-10 23:57:44 - [TEST_STEP][PASSED] - newline = System.getProperty("line.separator"): null

2019-08-10 23:57:44 - [TEST_STEP][PASSED] - M4_spin = new groovy.json.JsonSlurper(): null

2019-08-10 23:57:44 - [TEST_STEP][PASSED] - result_M4_spin = M4_spin.parseText(response.getResponseBodyContent()): null

2019-08-10 23:57:44 - [TEST_STEP][PASSED] - M4_spin_current_balance = current_balance: null

2019-08-10 23:57:44 - [TEST_STEP][PASSED] - M4_spin_current_balance = M4_spin_current_balance: null

2019-08-10 23:57:44 - [TEST_STEP][PASSED] - M4_spin_transaction_id = causality: null

2019-08-10 23:57:44 - [TEST_STEP][PASSED] - M4_spin_transaction_id = M4_spin_transaction_id: null

2019-08-10 23:57:44 - [TEST_STEP][PASSED] - M4_spin_round_id = round_id: null

2019-08-10 23:57:44 - [TEST_STEP][PASSED] - M4_spin_round_id = M4_spin_round_id: null

2019-08-10 23:57:44 - [TEST_STEP][PASSED] - M4_spin_line_wins = line_wins: null

2019-08-10 23:57:44 - [TEST_STEP][PASSED] - M4_spin_line_wins = M4_spin_line_wins: null

2019-08-10 23:57:44 - [TEST_STEP][PASSED] - M4_total_bonus_spins_int = total_bonus_spins: null

2019-08-10 23:57:44 - [TEST_STEP][PASSED] - println("******M4_total_bonus_spins type is:*******" + newline + getClass().getName()): null

2019-08-10 23:57:44 - [TEST_STEP][PASSED] - M4_total_bonus_spins_int = M4_total_bonus_spins_int: null

2019-08-10 23:57:44 - [TEST_STEP][PASSED] - M4_total_bonus_spins = Integer.toString(M4_total_bonus_spins_int): null

2019-08-10 23:57:44 - [TEST_STEP][PASSED] - M4_total_bonus_spins = M4_total_bonus_spins: null

2019-08-10 23:57:44 - [TEST_STEP][PASSED] - println("M4_total_bonus_spins is:" + M4_total_bonus_spins): null

2019-08-10 23:57:44 - [TEST_STEP][PASSED] - M4_spin_bonus_data = bonus_data: null

2019-08-10 23:57:44 - [TEST_STEP][PASSED] - M4_spin_features_triggered = result_M4_spin: null

2019-08-10 23:57:44 - [TEST_STEP][PASSED] - wild = []: null

2019-08-10 23:57:44 - [TEST_STEP][PASSED] - wild[0] = "WILD_Expanding": null

2019-08-10 23:57:44 - [TEST_STEP][PASSED] - wild[1] = "WILD_Normal": null

2019-08-10 23:57:44 - [TEST_STEP][PASSED] - wild[2] = "WILD_Double": null

2019-08-10 23:57:44 - [TEST_STEP][PASSED] - wild[3] = "WILD_ExtraFG": null

2019-08-10 23:57:44 - [TEST_STEP][PASSED] - wild[4] = "WILD_Triple": null

2019-08-10 23:57:44 - [TEST_STEP][PASSED] - wildList = Arrays.asList(wild): null

2019-08-10 23:57:44 - [TEST_STEP][PASSED] - wildList = wildList: null

2019-08-10 23:57:44 - [TEST_STEP][PASSED] - free_spin_reel_counter = []: null

2019-08-10 23:57:44 - [TEST_STEP][PASSED] - free_spin_reel_counter[0] = 0: null

2019-08-10 23:57:44 - [TEST_STEP][PASSED] - free_spin_reel_counter[1] = 0: null

2019-08-10 23:57:44 - [TEST_STEP][PASSED] - free_spin_reel_counter[2] = 0: null

2019-08-10 23:57:44 - [TEST_STEP][PASSED] - M4_spin_reels = reels: null

2019-08-10 23:57:44 - [TEST_STEP][PASSED] - for ([i = 0, i &lt; M4_spin_reels.size(), (i++)]): null

2019-08-10 23:57:44 - [TEST_STEP][PASSED] - symbols = symbols: null

2019-08-10 23:57:44 - [TEST_STEP][PASSED] - for ([j = 0, j &lt; symbols.size(), (j++)]): null

2019-08-10 23:57:44 - [TEST_STEP][PASSED] - symbol = symbol: null

2019-08-10 23:57:44 - [TEST_STEP][PASSED] - println(symbol): null

2019-08-10 23:57:44 - [TEST_STEP][PASSED] - if (i == 2 &amp;&amp; wildList.indexOf(symbol) != -1): null

2019-08-10 23:57:44 - [TEST_STEP][PASSED] - if (i == 3 &amp;&amp; wildList.indexOf(symbol) != -1): null

2019-08-10 23:57:44 - [TEST_STEP][PASSED] - if (i == 4 &amp;&amp; wildList.indexOf(symbol) != -1): null

2019-08-10 23:57:44 - [TEST_STEP][PASSED] - symbol = symbol: null

2019-08-10 23:57:44 - [TEST_STEP][PASSED] - println(symbol): null

2019-08-10 23:57:44 - [TEST_STEP][PASSED] - if (i == 2 &amp;&amp; wildList.indexOf(symbol) != -1): null

2019-08-10 23:57:44 - [TEST_STEP][PASSED] - if (i == 3 &amp;&amp; wildList.indexOf(symbol) != -1): null

2019-08-10 23:57:44 - [TEST_STEP][PASSED] - if (i == 4 &amp;&amp; wildList.indexOf(symbol) != -1): null

2019-08-10 23:57:44 - [TEST_STEP][PASSED] - symbol = symbol: null

2019-08-10 23:57:44 - [TEST_STEP][PASSED] - println(symbol): null

2019-08-10 23:57:44 - [TEST_STEP][PASSED] - if (i == 2 &amp;&amp; wildList.indexOf(symbol) != -1): null

2019-08-10 23:57:44 - [TEST_STEP][PASSED] - if (i == 3 &amp;&amp; wildList.indexOf(symbol) != -1): null

2019-08-10 23:57:44 - [TEST_STEP][PASSED] - if (i == 4 &amp;&amp; wildList.indexOf(symbol) != -1): null

2019-08-10 23:57:44 - [TEST_STEP][PASSED] - symbols = symbols: null

2019-08-10 23:57:44 - [TEST_STEP][PASSED] - for ([j = 0, j &lt; symbols.size(), (j++)]): null

2019-08-10 23:57:44 - [TEST_STEP][PASSED] - symbol = symbol: null

2019-08-10 23:57:44 - [TEST_STEP][PASSED] - println(symbol): null

2019-08-10 23:57:44 - [TEST_STEP][PASSED] - if (i == 2 &amp;&amp; wildList.indexOf(symbol) != -1): null

2019-08-10 23:57:44 - [TEST_STEP][PASSED] - if (i == 3 &amp;&amp; wildList.indexOf(symbol) != -1): null

2019-08-10 23:57:44 - [TEST_STEP][PASSED] - if (i == 4 &amp;&amp; wildList.indexOf(symbol) != -1): null

2019-08-10 23:57:44 - [TEST_STEP][PASSED] - symbol = symbol: null

2019-08-10 23:57:44 - [TEST_STEP][PASSED] - println(symbol): null

2019-08-10 23:57:44 - [TEST_STEP][PASSED] - if (i == 2 &amp;&amp; wildList.indexOf(symbol) != -1): null

2019-08-10 23:57:44 - [TEST_STEP][PASSED] - if (i == 3 &amp;&amp; wildList.indexOf(symbol) != -1): null

2019-08-10 23:57:44 - [TEST_STEP][PASSED] - if (i == 4 &amp;&amp; wildList.indexOf(symbol) != -1): null

2019-08-10 23:57:44 - [TEST_STEP][PASSED] - symbol = symbol: null

2019-08-10 23:57:44 - [TEST_STEP][PASSED] - println(symbol): null

2019-08-10 23:57:44 - [TEST_STEP][PASSED] - if (i == 2 &amp;&amp; wildList.indexOf(symbol) != -1): null

2019-08-10 23:57:44 - [TEST_STEP][PASSED] - if (i == 3 &amp;&amp; wildList.indexOf(symbol) != -1): null

2019-08-10 23:57:44 - [TEST_STEP][PASSED] - if (i == 4 &amp;&amp; wildList.indexOf(symbol) != -1): null

2019-08-10 23:57:44 - [TEST_STEP][PASSED] - symbols = symbols: null

2019-08-10 23:57:44 - [TEST_STEP][PASSED] - for ([j = 0, j &lt; symbols.size(), (j++)]): null

2019-08-10 23:57:44 - [TEST_STEP][PASSED] - symbol = symbol: null

2019-08-10 23:57:44 - [TEST_STEP][PASSED] - println(symbol): null

2019-08-10 23:57:44 - [TEST_STEP][PASSED] - if (i == 2 &amp;&amp; wildList.indexOf(symbol) != -1): null

2019-08-10 23:57:44 - [TEST_STEP][PASSED] - if (i == 3 &amp;&amp; wildList.indexOf(symbol) != -1): null

2019-08-10 23:57:44 - [TEST_STEP][PASSED] - if (i == 4 &amp;&amp; wildList.indexOf(symbol) != -1): null

2019-08-10 23:57:44 - [TEST_STEP][PASSED] - symbol = symbol: null

2019-08-10 23:57:44 - [TEST_STEP][PASSED] - println(symbol): null

2019-08-10 23:57:44 - [TEST_STEP][PASSED] - if (i == 2 &amp;&amp; wildList.indexOf(symbol) != -1): null

2019-08-10 23:57:44 - [TEST_STEP][PASSED] - if (i == 3 &amp;&amp; wildList.indexOf(symbol) != -1): null

2019-08-10 23:57:44 - [TEST_STEP][PASSED] - if (i == 4 &amp;&amp; wildList.indexOf(symbol) != -1): null

2019-08-10 23:57:44 - [TEST_STEP][PASSED] - symbol = symbol: null

2019-08-10 23:57:44 - [TEST_STEP][PASSED] - println(symbol): null

2019-08-10 23:57:44 - [TEST_STEP][PASSED] - if (i == 2 &amp;&amp; wildList.indexOf(symbol) != -1): null

2019-08-10 23:57:44 - [TEST_STEP][PASSED] - if (i == 3 &amp;&amp; wildList.indexOf(symbol) != -1): null

2019-08-10 23:57:44 - [TEST_STEP][PASSED] - if (i == 4 &amp;&amp; wildList.indexOf(symbol) != -1): null

2019-08-10 23:57:44 - [TEST_STEP][PASSED] - symbols = symbols: null

2019-08-10 23:57:44 - [TEST_STEP][PASSED] - for ([j = 0, j &lt; symbols.size(), (j++)]): null

2019-08-10 23:57:44 - [TEST_STEP][PASSED] - symbol = symbol: null

2019-08-10 23:57:44 - [TEST_STEP][PASSED] - println(symbol): null

2019-08-10 23:57:44 - [TEST_STEP][PASSED] - if (i == 2 &amp;&amp; wildList.indexOf(symbol) != -1): null

2019-08-10 23:57:44 - [TEST_STEP][PASSED] - if (i == 3 &amp;&amp; wildList.indexOf(symbol) != -1): null

2019-08-10 23:57:44 - [TEST_STEP][PASSED] - if (i == 4 &amp;&amp; wildList.indexOf(symbol) != -1): null

2019-08-10 23:57:44 - [TEST_STEP][PASSED] - symbol = symbol: null

2019-08-10 23:57:44 - [TEST_STEP][PASSED] - println(symbol): null

2019-08-10 23:57:44 - [TEST_STEP][PASSED] - if (i == 2 &amp;&amp; wildList.indexOf(symbol) != -1): null

2019-08-10 23:57:44 - [TEST_STEP][PASSED] - if (i == 3 &amp;&amp; wildList.indexOf(symbol) != -1): null

2019-08-10 23:57:44 - [TEST_STEP][PASSED] - if (i == 4 &amp;&amp; wildList.indexOf(symbol) != -1): null

2019-08-10 23:57:44 - [TEST_STEP][PASSED] - symbol = symbol: null

2019-08-10 23:57:44 - [TEST_STEP][PASSED] - println(symbol): null

2019-08-10 23:57:44 - [TEST_STEP][PASSED] - if (i == 2 &amp;&amp; wildList.indexOf(symbol) != -1): null

2019-08-10 23:57:44 - [TEST_STEP][PASSED] - if (i == 3 &amp;&amp; wildList.indexOf(symbol) != -1): null

2019-08-10 23:57:44 - [TEST_STEP][PASSED] - if (i == 4 &amp;&amp; wildList.indexOf(symbol) != -1): null

2019-08-10 23:57:44 - [TEST_STEP][PASSED] - symbols = symbols: null

2019-08-10 23:57:44 - [TEST_STEP][PASSED] - for ([j = 0, j &lt; symbols.size(), (j++)]): null

2019-08-10 23:57:44 - [TEST_STEP][PASSED] - symbol = symbol: null

2019-08-10 23:57:44 - [TEST_STEP][PASSED] - println(symbol): null

2019-08-10 23:57:44 - [TEST_STEP][PASSED] - if (i == 2 &amp;&amp; wildList.indexOf(symbol) != -1): null

2019-08-10 23:57:44 - [TEST_STEP][PASSED] - if (i == 3 &amp;&amp; wildList.indexOf(symbol) != -1): null

2019-08-10 23:57:44 - [TEST_STEP][PASSED] - if (i == 4 &amp;&amp; wildList.indexOf(symbol) != -1): null

2019-08-10 23:57:44 - [TEST_STEP][PASSED] - symbol = symbol: null

2019-08-10 23:57:44 - [TEST_STEP][PASSED] - println(symbol): null

2019-08-10 23:57:44 - [TEST_STEP][PASSED] - if (i == 2 &amp;&amp; wildList.indexOf(symbol) != -1): null

2019-08-10 23:57:44 - [TEST_STEP][PASSED] - if (i == 3 &amp;&amp; wildList.indexOf(symbol) != -1): null

2019-08-10 23:57:44 - [TEST_STEP][PASSED] - if (i == 4 &amp;&amp; wildList.indexOf(symbol) != -1): null

2019-08-10 23:57:44 - [TEST_STEP][PASSED] - symbol = symbol: null

2019-08-10 23:57:44 - [TEST_STEP][PASSED] - println(symbol): null

2019-08-10 23:57:44 - [TEST_STEP][PASSED] - if (i == 2 &amp;&amp; wildList.indexOf(symbol) != -1): null

2019-08-10 23:57:44 - [TEST_STEP][PASSED] - if (i == 3 &amp;&amp; wildList.indexOf(symbol) != -1): null

2019-08-10 23:57:44 - [TEST_STEP][PASSED] - if (i == 4 &amp;&amp; wildList.indexOf(symbol) != -1): null

2019-08-10 23:57:44 - [TEST_STEP][PASSED] - free_spin_reel_counter = free_spin_reel_counter: null

2019-08-10 23:57:44 - [TEST_STEP][PASSED] - println("reel 3 wild found: " + free_spin_reel_counter[0]): null

2019-08-10 23:57:44 - [TEST_STEP][PASSED] - println("reel 4 wild found: " + free_spin_reel_counter[1]): null

2019-08-10 23:57:44 - [TEST_STEP][PASSED] - println("reel 5 wild found: " + free_spin_reel_counter[2]): null

2019-08-10 23:57:44 - [TEST_STEP][PASSED] - M4_spin_reels = M4_spin_reels: null

2019-08-10 23:57:44 - [TEST_STEP][PASSED] - M4_spin_reels_symbols = symbol: null

2019-08-10 23:57:44 - [TEST_STEP][PASSED] - M4_spin_reels_symbols = M4_spin_reels_symbols: null

2019-08-10 23:57:44 - [TEST_STEP][PASSED] - M4_spin_reel_wins = reel_wins: null

2019-08-10 23:57:44 - [TEST_STEP][PASSED] - M4_spin_reel_wins = M4_spin_reel_wins: null

2019-08-10 23:57:44 - [TEST_STEP][PASSED] - println("GlobalVariable.M4_spin_reel_wins is: " + M4_spin_reel_wins): null

2019-08-10 23:57:44 - [TEST_STEP][PASSED] - M4_spin_total_bonus_win_this_round = total_bonus_win_this_round: null

2019-08-10 23:57:44 - [TEST_STEP][PASSED] - M4_spin_total_bonus_win_this_round = M4_spin_total_bonus_win_this_round: null

2019-08-10 23:57:44 - [TEST_STEP][PASSED] - println("GlobalVariable.M4_spin_total_bonus_win_this_round is: " + M4_spin_total_bonus_win_this_round): null

2019-08-10 23:57:44 - [MESSAGE][PASSED] - Verify response successfully

2019-08-10 23:57:44 - [MESSAGE][PASSED] - Send request and verify the response successfully

2019-08-10 23:57:44 - [TEST_STEP][PASSED] - if (M4_total_bonus_spins_int != 0 &amp;&amp; M4_spin_reels_symbols[2].contains("WILD_Double") || M4_spin_reels_symbols[4].contains("WILD_Triple")): null

2019-08-10 23:57:44 - [TEST_STEP][PASSED] - free_spin_reel_counter = free_spin_reel_counter: null

2019-08-10 23:57:44 - [TEST_STEP][PASSED] - M4_spin_reels_symbols = M4_spin_reels_symbols: null

2019-08-10 23:57:44 - [TEST_STEP][PASSED] - M4_total_bonus_spins = M4_total_bonus_spins: null

2019-08-10 23:57:44 - [TEST_STEP][PASSED] - spin_result = sendRequestAndVerify(findTestObject("RGS(M4)/1_M4_spin", ["M4_login_user_id":M4_login_user_id, "rgs_session_token":rgs_session_token, "partner":Partner])): Send request and verify the response successfully

2019-08-10 23:57:44 - [TEST_CASE][PASSED] - Start Test Case : Verification: Verification accomplished successfully

2019-08-10 23:57:44 - [TEST_STEP][PASSED] - request = getInstance().getCurrentRequest(): null

2019-08-10 23:57:44 - [TEST_STEP][PASSED] - response = getInstance().getCurrentResponse(): null

2019-08-10 23:57:44 - [TEST_STEP][PASSED] - verifyResponseStatusCode(response, 200): Verify response status code successfully

2019-08-10 23:57:44 - [MESSAGE][PASSED] - Verify response status code successfully

2019-08-10 23:57:44 - [TEST_STEP][PASSED] - getStatusCode()).isEqualTo(200): null

2019-08-10 23:57:44 - [TEST_STEP][PASSED] - newline = System.getProperty("line.separator"): null

2019-08-10 23:57:44 - [TEST_STEP][PASSED] - M4_spin = new groovy.json.JsonSlurper(): null

2019-08-10 23:57:44 - [TEST_STEP][PASSED] - result_M4_spin = M4_spin.parseText(response.getResponseBodyContent()): null

2019-08-10 23:57:44 - [TEST_STEP][PASSED] - M4_spin_current_balance = current_balance: null

2019-08-10 23:57:44 - [TEST_STEP][PASSED] - M4_spin_current_balance = M4_spin_current_balance: null

2019-08-10 23:57:44 - [TEST_STEP][PASSED] - M4_spin_transaction_id = causality: null

2019-08-10 23:57:44 - [TEST_STEP][PASSED] - M4_spin_transaction_id = M4_spin_transaction_id: null

2019-08-10 23:57:44 - [TEST_STEP][PASSED] - M4_spin_round_id = round_id: null

2019-08-10 23:57:44 - [TEST_STEP][PASSED] - M4_spin_round_id = M4_spin_round_id: null

2019-08-10 23:57:44 - [TEST_STEP][PASSED] - M4_spin_line_wins = line_wins: null

2019-08-10 23:57:44 - [TEST_STEP][PASSED] - M4_spin_line_wins = M4_spin_line_wins: null

2019-08-10 23:57:44 - [TEST_STEP][PASSED] - M4_total_bonus_spins_int = total_bonus_spins: null

2019-08-10 23:57:44 - [TEST_STEP][PASSED] - println("******M4_total_bonus_spins type is:*******" + newline + getClass().getName()): null

2019-08-10 23:57:44 - [TEST_STEP][PASSED] - M4_total_bonus_spins_int = M4_total_bonus_spins_int: null

2019-08-10 23:57:44 - [TEST_STEP][PASSED] - M4_total_bonus_spins = Integer.toString(M4_total_bonus_spins_int): null

2019-08-10 23:57:44 - [TEST_STEP][PASSED] - M4_total_bonus_spins = M4_total_bonus_spins: null

2019-08-10 23:57:44 - [TEST_STEP][PASSED] - println("M4_total_bonus_spins is:" + M4_total_bonus_spins): null

2019-08-10 23:57:44 - [TEST_STEP][PASSED] - M4_spin_bonus_data = bonus_data: null

2019-08-10 23:57:44 - [TEST_STEP][PASSED] - M4_spin_features_triggered = result_M4_spin: null

2019-08-10 23:57:44 - [TEST_STEP][PASSED] - wild = []: null

2019-08-10 23:57:44 - [TEST_STEP][PASSED] - wild[0] = "WILD_Expanding": null

2019-08-10 23:57:44 - [TEST_STEP][PASSED] - wild[1] = "WILD_Normal": null

2019-08-10 23:57:44 - [TEST_STEP][PASSED] - wild[2] = "WILD_Double": null

2019-08-10 23:57:44 - [TEST_STEP][PASSED] - wild[3] = "WILD_ExtraFG": null

2019-08-10 23:57:44 - [TEST_STEP][PASSED] - wild[4] = "WILD_Triple": null

2019-08-10 23:57:44 - [TEST_STEP][PASSED] - wildList = Arrays.asList(wild): null

2019-08-10 23:57:44 - [TEST_STEP][PASSED] - wildList = wildList: null

2019-08-10 23:57:44 - [TEST_STEP][PASSED] - free_spin_reel_counter = []: null

2019-08-10 23:57:44 - [TEST_STEP][PASSED] - free_spin_reel_counter[0] = 0: null

2019-08-10 23:57:44 - [TEST_STEP][PASSED] - free_spin_reel_counter[1] = 0: null

2019-08-10 23:57:44 - [TEST_STEP][PASSED] - free_spin_reel_counter[2] = 0: null

2019-08-10 23:57:44 - [TEST_STEP][PASSED] - M4_spin_reels = reels: null

2019-08-10 23:57:44 - [TEST_STEP][PASSED] - for ([i = 0, i &lt; M4_spin_reels.size(), (i++)]): null

2019-08-10 23:57:44 - [TEST_STEP][PASSED] - symbols = symbols: null

2019-08-10 23:57:44 - [TEST_STEP][PASSED] - for ([j = 0, j &lt; symbols.size(), (j++)]): null

2019-08-10 23:57:44 - [TEST_STEP][PASSED] - symbol = symbol: null

2019-08-10 23:57:44 - [TEST_STEP][PASSED] - println(symbol): null

2019-08-10 23:57:44 - [TEST_STEP][PASSED] - if (i == 2 &amp;&amp; wildList.indexOf(symbol) != -1): null

2019-08-10 23:57:44 - [TEST_STEP][PASSED] - if (i == 3 &amp;&amp; wildList.indexOf(symbol) != -1): null

2019-08-10 23:57:44 - [TEST_STEP][PASSED] - if (i == 4 &amp;&amp; wildList.indexOf(symbol) != -1): null

2019-08-10 23:57:44 - [TEST_STEP][PASSED] - symbol = symbol: null

2019-08-10 23:57:44 - [TEST_STEP][PASSED] - println(symbol): null

2019-08-10 23:57:44 - [TEST_STEP][PASSED] - if (i == 2 &amp;&amp; wildList.indexOf(symbol) != -1): null

2019-08-10 23:57:44 - [TEST_STEP][PASSED] - if (i == 3 &amp;&amp; wildList.indexOf(symbol) != -1): null

2019-08-10 23:57:44 - [TEST_STEP][PASSED] - if (i == 4 &amp;&amp; wildList.indexOf(symbol) != -1): null

2019-08-10 23:57:44 - [TEST_STEP][PASSED] - symbol = symbol: null

2019-08-10 23:57:44 - [TEST_STEP][PASSED] - println(symbol): null

2019-08-10 23:57:44 - [TEST_STEP][PASSED] - if (i == 2 &amp;&amp; wildList.indexOf(symbol) != -1): null

2019-08-10 23:57:44 - [TEST_STEP][PASSED] - if (i == 3 &amp;&amp; wildList.indexOf(symbol) != -1): null

2019-08-10 23:57:44 - [TEST_STEP][PASSED] - if (i == 4 &amp;&amp; wildList.indexOf(symbol) != -1): null

2019-08-10 23:57:44 - [TEST_STEP][PASSED] - symbols = symbols: null

2019-08-10 23:57:44 - [TEST_STEP][PASSED] - for ([j = 0, j &lt; symbols.size(), (j++)]): null

2019-08-10 23:57:44 - [TEST_STEP][PASSED] - symbol = symbol: null

2019-08-10 23:57:44 - [TEST_STEP][PASSED] - println(symbol): null

2019-08-10 23:57:44 - [TEST_STEP][PASSED] - if (i == 2 &amp;&amp; wildList.indexOf(symbol) != -1): null

2019-08-10 23:57:44 - [TEST_STEP][PASSED] - if (i == 3 &amp;&amp; wildList.indexOf(symbol) != -1): null

2019-08-10 23:57:44 - [TEST_STEP][PASSED] - if (i == 4 &amp;&amp; wildList.indexOf(symbol) != -1): null

2019-08-10 23:57:44 - [TEST_STEP][PASSED] - symbol = symbol: null

2019-08-10 23:57:44 - [TEST_STEP][PASSED] - println(symbol): null

2019-08-10 23:57:44 - [TEST_STEP][PASSED] - if (i == 2 &amp;&amp; wildList.indexOf(symbol) != -1): null

2019-08-10 23:57:44 - [TEST_STEP][PASSED] - if (i == 3 &amp;&amp; wildList.indexOf(symbol) != -1): null

2019-08-10 23:57:44 - [TEST_STEP][PASSED] - if (i == 4 &amp;&amp; wildList.indexOf(symbol) != -1): null

2019-08-10 23:57:44 - [TEST_STEP][PASSED] - symbol = symbol: null

2019-08-10 23:57:44 - [TEST_STEP][PASSED] - println(symbol): null

2019-08-10 23:57:44 - [TEST_STEP][PASSED] - if (i == 2 &amp;&amp; wildList.indexOf(symbol) != -1): null

2019-08-10 23:57:44 - [TEST_STEP][PASSED] - if (i == 3 &amp;&amp; wildList.indexOf(symbol) != -1): null

2019-08-10 23:57:44 - [TEST_STEP][PASSED] - if (i == 4 &amp;&amp; wildList.indexOf(symbol) != -1): null

2019-08-10 23:57:44 - [TEST_STEP][PASSED] - symbols = symbols: null

2019-08-10 23:57:44 - [TEST_STEP][PASSED] - for ([j = 0, j &lt; symbols.size(), (j++)]): null

2019-08-10 23:57:44 - [TEST_STEP][PASSED] - symbol = symbol: null

2019-08-10 23:57:44 - [TEST_STEP][PASSED] - println(symbol): null

2019-08-10 23:57:44 - [TEST_STEP][PASSED] - if (i == 2 &amp;&amp; wildList.indexOf(symbol) != -1): null

2019-08-10 23:57:44 - [TEST_STEP][PASSED] - println("wild found on reel 3, adding counter by 1"): null

2019-08-10 23:57:44 - [TEST_STEP][PASSED] - free_spin_reel_counter[0] = free_spin_reel_counter[0] + 1: null

2019-08-10 23:57:44 - [TEST_STEP][PASSED] - if (i == 3 &amp;&amp; wildList.indexOf(symbol) != -1): null

2019-08-10 23:57:44 - [TEST_STEP][PASSED] - if (i == 4 &amp;&amp; wildList.indexOf(symbol) != -1): null

2019-08-10 23:57:44 - [TEST_STEP][PASSED] - symbol = symbol: null

2019-08-10 23:57:44 - [TEST_STEP][PASSED] - println(symbol): null

2019-08-10 23:57:44 - [TEST_STEP][PASSED] - if (i == 2 &amp;&amp; wildList.indexOf(symbol) != -1): null

2019-08-10 23:57:44 - [TEST_STEP][PASSED] - if (i == 3 &amp;&amp; wildList.indexOf(symbol) != -1): null

2019-08-10 23:57:44 - [TEST_STEP][PASSED] - if (i == 4 &amp;&amp; wildList.indexOf(symbol) != -1): null

2019-08-10 23:57:44 - [TEST_STEP][PASSED] - symbol = symbol: null

2019-08-10 23:57:44 - [TEST_STEP][PASSED] - println(symbol): null

2019-08-10 23:57:44 - [TEST_STEP][PASSED] - if (i == 2 &amp;&amp; wildList.indexOf(symbol) != -1): null

2019-08-10 23:57:44 - [TEST_STEP][PASSED] - if (i == 3 &amp;&amp; wildList.indexOf(symbol) != -1): null

2019-08-10 23:57:44 - [TEST_STEP][PASSED] - if (i == 4 &amp;&amp; wildList.indexOf(symbol) != -1): null

2019-08-10 23:57:44 - [TEST_STEP][PASSED] - symbols = symbols: null

2019-08-10 23:57:44 - [TEST_STEP][PASSED] - for ([j = 0, j &lt; symbols.size(), (j++)]): null

2019-08-10 23:57:44 - [TEST_STEP][PASSED] - symbol = symbol: null

2019-08-10 23:57:44 - [TEST_STEP][PASSED] - println(symbol): null

2019-08-10 23:57:44 - [TEST_STEP][PASSED] - if (i == 2 &amp;&amp; wildList.indexOf(symbol) != -1): null

2019-08-10 23:57:44 - [TEST_STEP][PASSED] - if (i == 3 &amp;&amp; wildList.indexOf(symbol) != -1): null

2019-08-10 23:57:44 - [TEST_STEP][PASSED] - println("wild found on reel 4, adding counter by 1"): null

2019-08-10 23:57:44 - [TEST_STEP][PASSED] - free_spin_reel_counter[1] = free_spin_reel_counter[1] + 1: null

2019-08-10 23:57:44 - [TEST_STEP][PASSED] - if (i == 4 &amp;&amp; wildList.indexOf(symbol) != -1): null

2019-08-10 23:57:44 - [TEST_STEP][PASSED] - symbol = symbol: null

2019-08-10 23:57:44 - [TEST_STEP][PASSED] - println(symbol): null

2019-08-10 23:57:44 - [TEST_STEP][PASSED] - if (i == 2 &amp;&amp; wildList.indexOf(symbol) != -1): null

2019-08-10 23:57:44 - [TEST_STEP][PASSED] - if (i == 3 &amp;&amp; wildList.indexOf(symbol) != -1): null

2019-08-10 23:57:44 - [TEST_STEP][PASSED] - if (i == 4 &amp;&amp; wildList.indexOf(symbol) != -1): null

2019-08-10 23:57:44 - [TEST_STEP][PASSED] - symbol = symbol: null

2019-08-10 23:57:44 - [TEST_STEP][PASSED] - println(symbol): null

2019-08-10 23:57:44 - [TEST_STEP][PASSED] - if (i == 2 &amp;&amp; wildList.indexOf(symbol) != -1): null

2019-08-10 23:57:44 - [TEST_STEP][PASSED] - if (i == 3 &amp;&amp; wildList.indexOf(symbol) != -1): null

2019-08-10 23:57:44 - [TEST_STEP][PASSED] - if (i == 4 &amp;&amp; wildList.indexOf(symbol) != -1): null

2019-08-10 23:57:44 - [TEST_STEP][PASSED] - symbols = symbols: null

2019-08-10 23:57:44 - [TEST_STEP][PASSED] - for ([j = 0, j &lt; symbols.size(), (j++)]): null

2019-08-10 23:57:44 - [TEST_STEP][PASSED] - symbol = symbol: null

2019-08-10 23:57:44 - [TEST_STEP][PASSED] - println(symbol): null

2019-08-10 23:57:44 - [TEST_STEP][PASSED] - if (i == 2 &amp;&amp; wildList.indexOf(symbol) != -1): null

2019-08-10 23:57:44 - [TEST_STEP][PASSED] - if (i == 3 &amp;&amp; wildList.indexOf(symbol) != -1): null

2019-08-10 23:57:44 - [TEST_STEP][PASSED] - if (i == 4 &amp;&amp; wildList.indexOf(symbol) != -1): null

2019-08-10 23:57:44 - [TEST_STEP][PASSED] - symbol = symbol: null

2019-08-10 23:57:44 - [TEST_STEP][PASSED] - println(symbol): null

2019-08-10 23:57:44 - [TEST_STEP][PASSED] - if (i == 2 &amp;&amp; wildList.indexOf(symbol) != -1): null

2019-08-10 23:57:44 - [TEST_STEP][PASSED] - if (i == 3 &amp;&amp; wildList.indexOf(symbol) != -1): null

2019-08-10 23:57:44 - [TEST_STEP][PASSED] - if (i == 4 &amp;&amp; wildList.indexOf(symbol) != -1): null

2019-08-10 23:57:44 - [TEST_STEP][PASSED] - symbol = symbol: null

2019-08-10 23:57:44 - [TEST_STEP][PASSED] - println(symbol): null

2019-08-10 23:57:44 - [TEST_STEP][PASSED] - if (i == 2 &amp;&amp; wildList.indexOf(symbol) != -1): null

2019-08-10 23:57:44 - [TEST_STEP][PASSED] - if (i == 3 &amp;&amp; wildList.indexOf(symbol) != -1): null

2019-08-10 23:57:44 - [TEST_STEP][PASSED] - if (i == 4 &amp;&amp; wildList.indexOf(symbol) != -1): null

2019-08-10 23:57:44 - [TEST_STEP][PASSED] - free_spin_reel_counter = free_spin_reel_counter: null

2019-08-10 23:57:44 - [TEST_STEP][PASSED] - println("reel 3 wild found: " + free_spin_reel_counter[0]): null

2019-08-10 23:57:44 - [TEST_STEP][PASSED] - println("reel 4 wild found: " + free_spin_reel_counter[1]): null

2019-08-10 23:57:44 - [TEST_STEP][PASSED] - println("reel 5 wild found: " + free_spin_reel_counter[2]): null

2019-08-10 23:57:44 - [TEST_STEP][PASSED] - M4_spin_reels = M4_spin_reels: null

2019-08-10 23:57:44 - [TEST_STEP][PASSED] - M4_spin_reels_symbols = symbol: null

2019-08-10 23:57:44 - [TEST_STEP][PASSED] - M4_spin_reels_symbols = M4_spin_reels_symbols: null

2019-08-10 23:57:44 - [TEST_STEP][PASSED] - M4_spin_reel_wins = reel_wins: null

2019-08-10 23:57:44 - [TEST_STEP][PASSED] - M4_spin_reel_wins = M4_spin_reel_wins: null

2019-08-10 23:57:44 - [TEST_STEP][PASSED] - println("GlobalVariable.M4_spin_reel_wins is: " + M4_spin_reel_wins): null

2019-08-10 23:57:44 - [TEST_STEP][PASSED] - M4_spin_total_bonus_win_this_round = total_bonus_win_this_round: null

2019-08-10 23:57:44 - [TEST_STEP][PASSED] - M4_spin_total_bonus_win_this_round = M4_spin_total_bonus_win_this_round: null

2019-08-10 23:57:44 - [TEST_STEP][PASSED] - println("GlobalVariable.M4_spin_total_bonus_win_this_round is: " + M4_spin_total_bonus_win_this_round): null

2019-08-10 23:57:44 - [MESSAGE][PASSED] - Verify response successfully

2019-08-10 23:57:44 - [MESSAGE][PASSED] - Send request and verify the response successfully

2019-08-10 23:57:44 - [TEST_STEP][PASSED] - if (M4_total_bonus_spins_int != 0 &amp;&amp; M4_spin_reels_symbols[2].contains("WILD_Double") || M4_spin_reels_symbols[4].contains("WILD_Triple")): null

2019-08-10 23:57:44 - [TEST_STEP][PASSED] - free_spin_reel_counter = free_spin_reel_counter: null

2019-08-10 23:57:44 - [TEST_STEP][PASSED] - M4_spin_reels_symbols = M4_spin_reels_symbols: null

2019-08-10 23:57:44 - [TEST_STEP][PASSED] - M4_total_bonus_spins = M4_total_bonus_spins: null

2019-08-10 23:57:44 - [TEST_STEP][PASSED] - spin_result = sendRequestAndVerify(findTestObject("RGS(M4)/1_M4_spin", ["M4_login_user_id":M4_login_user_id, "rgs_session_token":rgs_session_token, "partner":Partner])): Send request and verify the response successfully

2019-08-10 23:57:45 - [TEST_CASE][PASSED] - Start Test Case : Verification: Verification accomplished successfully

2019-08-10 23:57:45 - [TEST_STEP][PASSED] - request = getInstance().getCurrentRequest(): null

2019-08-10 23:57:45 - [TEST_STEP][PASSED] - response = getInstance().getCurrentResponse(): null

2019-08-10 23:57:45 - [TEST_STEP][PASSED] - verifyResponseStatusCode(response, 200): Verify response status code successfully

2019-08-10 23:57:45 - [MESSAGE][PASSED] - Verify response status code successfully

2019-08-10 23:57:45 - [TEST_STEP][PASSED] - getStatusCode()).isEqualTo(200): null

2019-08-10 23:57:45 - [TEST_STEP][PASSED] - newline = System.getProperty("line.separator"): null

2019-08-10 23:57:45 - [TEST_STEP][PASSED] - M4_spin = new groovy.json.JsonSlurper(): null

2019-08-10 23:57:45 - [TEST_STEP][PASSED] - result_M4_spin = M4_spin.parseText(response.getResponseBodyContent()): null

2019-08-10 23:57:45 - [TEST_STEP][PASSED] - M4_spin_current_balance = current_balance: null

2019-08-10 23:57:45 - [TEST_STEP][PASSED] - M4_spin_current_balance = M4_spin_current_balance: null

2019-08-10 23:57:45 - [TEST_STEP][PASSED] - M4_spin_transaction_id = causality: null

2019-08-10 23:57:45 - [TEST_STEP][PASSED] - M4_spin_transaction_id = M4_spin_transaction_id: null

2019-08-10 23:57:45 - [TEST_STEP][PASSED] - M4_spin_round_id = round_id: null

2019-08-10 23:57:45 - [TEST_STEP][PASSED] - M4_spin_round_id = M4_spin_round_id: null

2019-08-10 23:57:45 - [TEST_STEP][PASSED] - M4_spin_line_wins = line_wins: null

2019-08-10 23:57:45 - [TEST_STEP][PASSED] - M4_spin_line_wins = M4_spin_line_wins: null

2019-08-10 23:57:45 - [TEST_STEP][PASSED] - M4_total_bonus_spins_int = total_bonus_spins: null

2019-08-10 23:57:45 - [TEST_STEP][PASSED] - println("******M4_total_bonus_spins type is:*******" + newline + getClass().getName()): null

2019-08-10 23:57:45 - [TEST_STEP][PASSED] - M4_total_bonus_spins_int = M4_total_bonus_spins_int: null

2019-08-10 23:57:45 - [TEST_STEP][PASSED] - M4_total_bonus_spins = Integer.toString(M4_total_bonus_spins_int): null

2019-08-10 23:57:45 - [TEST_STEP][PASSED] - M4_total_bonus_spins = M4_total_bonus_spins: null

2019-08-10 23:57:45 - [TEST_STEP][PASSED] - println("M4_total_bonus_spins is:" + M4_total_bonus_spins): null

2019-08-10 23:57:45 - [TEST_STEP][PASSED] - M4_spin_bonus_data = bonus_data: null

2019-08-10 23:57:45 - [TEST_STEP][PASSED] - M4_spin_features_triggered = result_M4_spin: null

2019-08-10 23:57:45 - [TEST_STEP][PASSED] - wild = []: null

2019-08-10 23:57:45 - [TEST_STEP][PASSED] - wild[0] = "WILD_Expanding": null

2019-08-10 23:57:45 - [TEST_STEP][PASSED] - wild[1] = "WILD_Normal": null

2019-08-10 23:57:45 - [TEST_STEP][PASSED] - wild[2] = "WILD_Double": null

2019-08-10 23:57:45 - [TEST_STEP][PASSED] - wild[3] = "WILD_ExtraFG": null

2019-08-10 23:57:45 - [TEST_STEP][PASSED] - wild[4] = "WILD_Triple": null

2019-08-10 23:57:45 - [TEST_STEP][PASSED] - wildList = Arrays.asList(wild): null

2019-08-10 23:57:45 - [TEST_STEP][PASSED] - wildList = wildList: null

2019-08-10 23:57:45 - [TEST_STEP][PASSED] - free_spin_reel_counter = []: null

2019-08-10 23:57:45 - [TEST_STEP][PASSED] - free_spin_reel_counter[0] = 0: null

2019-08-10 23:57:45 - [TEST_STEP][PASSED] - free_spin_reel_counter[1] = 0: null

2019-08-10 23:57:45 - [TEST_STEP][PASSED] - free_spin_reel_counter[2] = 0: null

2019-08-10 23:57:45 - [TEST_STEP][PASSED] - M4_spin_reels = reels: null

2019-08-10 23:57:45 - [TEST_STEP][PASSED] - for ([i = 0, i &lt; M4_spin_reels.size(), (i++)]): null

2019-08-10 23:57:45 - [TEST_STEP][PASSED] - symbols = symbols: null

2019-08-10 23:57:45 - [TEST_STEP][PASSED] - for ([j = 0, j &lt; symbols.size(), (j++)]): null

2019-08-10 23:57:45 - [TEST_STEP][PASSED] - symbol = symbol: null

2019-08-10 23:57:45 - [TEST_STEP][PASSED] - println(symbol): null

2019-08-10 23:57:45 - [TEST_STEP][PASSED] - if (i == 2 &amp;&amp; wildList.indexOf(symbol) != -1): null

2019-08-10 23:57:45 - [TEST_STEP][PASSED] - if (i == 3 &amp;&amp; wildList.indexOf(symbol) != -1): null

2019-08-10 23:57:45 - [TEST_STEP][PASSED] - if (i == 4 &amp;&amp; wildList.indexOf(symbol) != -1): null

2019-08-10 23:57:45 - [TEST_STEP][PASSED] - symbol = symbol: null

2019-08-10 23:57:45 - [TEST_STEP][PASSED] - println(symbol): null

2019-08-10 23:57:45 - [TEST_STEP][PASSED] - if (i == 2 &amp;&amp; wildList.indexOf(symbol) != -1): null

2019-08-10 23:57:45 - [TEST_STEP][PASSED] - if (i == 3 &amp;&amp; wildList.indexOf(symbol) != -1): null

2019-08-10 23:57:45 - [TEST_STEP][PASSED] - if (i == 4 &amp;&amp; wildList.indexOf(symbol) != -1): null

2019-08-10 23:57:45 - [TEST_STEP][PASSED] - symbol = symbol: null

2019-08-10 23:57:45 - [TEST_STEP][PASSED] - println(symbol): null

2019-08-10 23:57:45 - [TEST_STEP][PASSED] - if (i == 2 &amp;&amp; wildList.indexOf(symbol) != -1): null

2019-08-10 23:57:45 - [TEST_STEP][PASSED] - if (i == 3 &amp;&amp; wildList.indexOf(symbol) != -1): null

2019-08-10 23:57:45 - [TEST_STEP][PASSED] - if (i == 4 &amp;&amp; wildList.indexOf(symbol) != -1): null

2019-08-10 23:57:45 - [TEST_STEP][PASSED] - symbols = symbols: null

2019-08-10 23:57:45 - [TEST_STEP][PASSED] - for ([j = 0, j &lt; symbols.size(), (j++)]): null

2019-08-10 23:57:45 - [TEST_STEP][PASSED] - symbol = symbol: null

2019-08-10 23:57:45 - [TEST_STEP][PASSED] - println(symbol): null

2019-08-10 23:57:45 - [TEST_STEP][PASSED] - if (i == 2 &amp;&amp; wildList.indexOf(symbol) != -1): null

2019-08-10 23:57:45 - [TEST_STEP][PASSED] - if (i == 3 &amp;&amp; wildList.indexOf(symbol) != -1): null

2019-08-10 23:57:45 - [TEST_STEP][PASSED] - if (i == 4 &amp;&amp; wildList.indexOf(symbol) != -1): null

2019-08-10 23:57:45 - [TEST_STEP][PASSED] - symbol = symbol: null

2019-08-10 23:57:45 - [TEST_STEP][PASSED] - println(symbol): null

2019-08-10 23:57:45 - [TEST_STEP][PASSED] - if (i == 2 &amp;&amp; wildList.indexOf(symbol) != -1): null

2019-08-10 23:57:45 - [TEST_STEP][PASSED] - if (i == 3 &amp;&amp; wildList.indexOf(symbol) != -1): null

2019-08-10 23:57:45 - [TEST_STEP][PASSED] - if (i == 4 &amp;&amp; wildList.indexOf(symbol) != -1): null

2019-08-10 23:57:45 - [TEST_STEP][PASSED] - symbol = symbol: null

2019-08-10 23:57:45 - [TEST_STEP][PASSED] - println(symbol): null

2019-08-10 23:57:45 - [TEST_STEP][PASSED] - if (i == 2 &amp;&amp; wildList.indexOf(symbol) != -1): null

2019-08-10 23:57:45 - [TEST_STEP][PASSED] - if (i == 3 &amp;&amp; wildList.indexOf(symbol) != -1): null

2019-08-10 23:57:45 - [TEST_STEP][PASSED] - if (i == 4 &amp;&amp; wildList.indexOf(symbol) != -1): null

2019-08-10 23:57:45 - [TEST_STEP][PASSED] - symbols = symbols: null

2019-08-10 23:57:45 - [TEST_STEP][PASSED] - for ([j = 0, j &lt; symbols.size(), (j++)]): null

2019-08-10 23:57:45 - [TEST_STEP][PASSED] - symbol = symbol: null

2019-08-10 23:57:45 - [TEST_STEP][PASSED] - println(symbol): null

2019-08-10 23:57:45 - [TEST_STEP][PASSED] - if (i == 2 &amp;&amp; wildList.indexOf(symbol) != -1): null

2019-08-10 23:57:45 - [TEST_STEP][PASSED] - if (i == 3 &amp;&amp; wildList.indexOf(symbol) != -1): null

2019-08-10 23:57:45 - [TEST_STEP][PASSED] - if (i == 4 &amp;&amp; wildList.indexOf(symbol) != -1): null

2019-08-10 23:57:45 - [TEST_STEP][PASSED] - symbol = symbol: null

2019-08-10 23:57:45 - [TEST_STEP][PASSED] - println(symbol): null

2019-08-10 23:57:45 - [TEST_STEP][PASSED] - if (i == 2 &amp;&amp; wildList.indexOf(symbol) != -1): null

2019-08-10 23:57:45 - [TEST_STEP][PASSED] - if (i == 3 &amp;&amp; wildList.indexOf(symbol) != -1): null

2019-08-10 23:57:45 - [TEST_STEP][PASSED] - if (i == 4 &amp;&amp; wildList.indexOf(symbol) != -1): null

2019-08-10 23:57:45 - [TEST_STEP][PASSED] - symbol = symbol: null

2019-08-10 23:57:45 - [TEST_STEP][PASSED] - println(symbol): null

2019-08-10 23:57:45 - [TEST_STEP][PASSED] - if (i == 2 &amp;&amp; wildList.indexOf(symbol) != -1): null

2019-08-10 23:57:45 - [TEST_STEP][PASSED] - if (i == 3 &amp;&amp; wildList.indexOf(symbol) != -1): null

2019-08-10 23:57:45 - [TEST_STEP][PASSED] - if (i == 4 &amp;&amp; wildList.indexOf(symbol) != -1): null

2019-08-10 23:57:45 - [TEST_STEP][PASSED] - symbols = symbols: null

2019-08-10 23:57:45 - [TEST_STEP][PASSED] - for ([j = 0, j &lt; symbols.size(), (j++)]): null

2019-08-10 23:57:45 - [TEST_STEP][PASSED] - symbol = symbol: null

2019-08-10 23:57:45 - [TEST_STEP][PASSED] - println(symbol): null

2019-08-10 23:57:45 - [TEST_STEP][PASSED] - if (i == 2 &amp;&amp; wildList.indexOf(symbol) != -1): null

2019-08-10 23:57:45 - [TEST_STEP][PASSED] - if (i == 3 &amp;&amp; wildList.indexOf(symbol) != -1): null

2019-08-10 23:57:45 - [TEST_STEP][PASSED] - if (i == 4 &amp;&amp; wildList.indexOf(symbol) != -1): null

2019-08-10 23:57:45 - [TEST_STEP][PASSED] - symbol = symbol: null

2019-08-10 23:57:45 - [TEST_STEP][PASSED] - println(symbol): null

2019-08-10 23:57:45 - [TEST_STEP][PASSED] - if (i == 2 &amp;&amp; wildList.indexOf(symbol) != -1): null

2019-08-10 23:57:45 - [TEST_STEP][PASSED] - if (i == 3 &amp;&amp; wildList.indexOf(symbol) != -1): null

2019-08-10 23:57:45 - [TEST_STEP][PASSED] - if (i == 4 &amp;&amp; wildList.indexOf(symbol) != -1): null

2019-08-10 23:57:45 - [TEST_STEP][PASSED] - symbol = symbol: null

2019-08-10 23:57:45 - [TEST_STEP][PASSED] - println(symbol): null

2019-08-10 23:57:45 - [TEST_STEP][PASSED] - if (i == 2 &amp;&amp; wildList.indexOf(symbol) != -1): null

2019-08-10 23:57:45 - [TEST_STEP][PASSED] - if (i == 3 &amp;&amp; wildList.indexOf(symbol) != -1): null

2019-08-10 23:57:45 - [TEST_STEP][PASSED] - if (i == 4 &amp;&amp; wildList.indexOf(symbol) != -1): null

2019-08-10 23:57:45 - [TEST_STEP][PASSED] - symbols = symbols: null

2019-08-10 23:57:45 - [TEST_STEP][PASSED] - for ([j = 0, j &lt; symbols.size(), (j++)]): null

2019-08-10 23:57:45 - [TEST_STEP][PASSED] - symbol = symbol: null

2019-08-10 23:57:45 - [TEST_STEP][PASSED] - println(symbol): null

2019-08-10 23:57:45 - [TEST_STEP][PASSED] - if (i == 2 &amp;&amp; wildList.indexOf(symbol) != -1): null

2019-08-10 23:57:45 - [TEST_STEP][PASSED] - if (i == 3 &amp;&amp; wildList.indexOf(symbol) != -1): null

2019-08-10 23:57:45 - [TEST_STEP][PASSED] - if (i == 4 &amp;&amp; wildList.indexOf(symbol) != -1): null

2019-08-10 23:57:45 - [TEST_STEP][PASSED] - symbol = symbol: null

2019-08-10 23:57:45 - [TEST_STEP][PASSED] - println(symbol): null

2019-08-10 23:57:45 - [TEST_STEP][PASSED] - if (i == 2 &amp;&amp; wildList.indexOf(symbol) != -1): null

2019-08-10 23:57:45 - [TEST_STEP][PASSED] - if (i == 3 &amp;&amp; wildList.indexOf(symbol) != -1): null

2019-08-10 23:57:45 - [TEST_STEP][PASSED] - if (i == 4 &amp;&amp; wildList.indexOf(symbol) != -1): null

2019-08-10 23:57:45 - [TEST_STEP][PASSED] - symbol = symbol: null

2019-08-10 23:57:45 - [TEST_STEP][PASSED] - println(symbol): null

2019-08-10 23:57:45 - [TEST_STEP][PASSED] - if (i == 2 &amp;&amp; wildList.indexOf(symbol) != -1): null

2019-08-10 23:57:45 - [TEST_STEP][PASSED] - if (i == 3 &amp;&amp; wildList.indexOf(symbol) != -1): null

2019-08-10 23:57:45 - [TEST_STEP][PASSED] - if (i == 4 &amp;&amp; wildList.indexOf(symbol) != -1): null

2019-08-10 23:57:45 - [TEST_STEP][PASSED] - free_spin_reel_counter = free_spin_reel_counter: null

2019-08-10 23:57:45 - [TEST_STEP][PASSED] - println("reel 3 wild found: " + free_spin_reel_counter[0]): null

2019-08-10 23:57:45 - [TEST_STEP][PASSED] - println("reel 4 wild found: " + free_spin_reel_counter[1]): null

2019-08-10 23:57:45 - [TEST_STEP][PASSED] - println("reel 5 wild found: " + free_spin_reel_counter[2]): null

2019-08-10 23:57:45 - [TEST_STEP][PASSED] - M4_spin_reels = M4_spin_reels: null

2019-08-10 23:57:45 - [TEST_STEP][PASSED] - M4_spin_reels_symbols = symbol: null

2019-08-10 23:57:45 - [TEST_STEP][PASSED] - M4_spin_reels_symbols = M4_spin_reels_symbols: null

2019-08-10 23:57:45 - [TEST_STEP][PASSED] - M4_spin_reel_wins = reel_wins: null

2019-08-10 23:57:45 - [TEST_STEP][PASSED] - M4_spin_reel_wins = M4_spin_reel_wins: null

2019-08-10 23:57:45 - [TEST_STEP][PASSED] - println("GlobalVariable.M4_spin_reel_wins is: " + M4_spin_reel_wins): null

2019-08-10 23:57:45 - [TEST_STEP][PASSED] - M4_spin_total_bonus_win_this_round = total_bonus_win_this_round: null

2019-08-10 23:57:45 - [TEST_STEP][PASSED] - M4_spin_total_bonus_win_this_round = M4_spin_total_bonus_win_this_round: null

2019-08-10 23:57:45 - [TEST_STEP][PASSED] - println("GlobalVariable.M4_spin_total_bonus_win_this_round is: " + M4_spin_total_bonus_win_this_round): null

2019-08-10 23:57:45 - [MESSAGE][PASSED] - Verify response successfully

2019-08-10 23:57:45 - [MESSAGE][PASSED] - Send request and verify the response successfully

2019-08-10 23:57:45 - [TEST_STEP][PASSED] - if (M4_total_bonus_spins_int != 0 &amp;&amp; M4_spin_reels_symbols[2].contains("WILD_Double") || M4_spin_reels_symbols[4].contains("WILD_Triple")): null

2019-08-10 23:57:45 - [TEST_STEP][PASSED] - free_spin_reel_counter = free_spin_reel_counter: null

2019-08-10 23:57:45 - [TEST_STEP][PASSED] - M4_spin_reels_symbols = M4_spin_reels_symbols: null

2019-08-10 23:57:45 - [TEST_STEP][PASSED] - M4_total_bonus_spins = M4_total_bonus_spins: null

2019-08-10 23:57:45 - [TEST_STEP][PASSED] - spin_result = sendRequestAndVerify(findTestObject("RGS(M4)/1_M4_spin", ["M4_login_user_id":M4_login_user_id, "rgs_session_token":rgs_session_token, "partner":Partner])): Send request and verify the response successfully

2019-08-10 23:57:45 - [TEST_CASE][PASSED] - Start Test Case : Verification: Verification accomplished successfully

2019-08-10 23:57:45 - [TEST_STEP][PASSED] - request = getInstance().getCurrentRequest(): null

2019-08-10 23:57:45 - [TEST_STEP][PASSED] - response = getInstance().getCurrentResponse(): null

2019-08-10 23:57:45 - [TEST_STEP][PASSED] - verifyResponseStatusCode(response, 200): Verify response status code successfully

2019-08-10 23:57:45 - [MESSAGE][PASSED] - Verify response status code successfully

2019-08-10 23:57:45 - [TEST_STEP][PASSED] - getStatusCode()).isEqualTo(200): null

2019-08-10 23:57:45 - [TEST_STEP][PASSED] - newline = System.getProperty("line.separator"): null

2019-08-10 23:57:45 - [TEST_STEP][PASSED] - M4_spin = new groovy.json.JsonSlurper(): null

2019-08-10 23:57:45 - [TEST_STEP][PASSED] - result_M4_spin = M4_spin.parseText(response.getResponseBodyContent()): null

2019-08-10 23:57:45 - [TEST_STEP][PASSED] - M4_spin_current_balance = current_balance: null

2019-08-10 23:57:45 - [TEST_STEP][PASSED] - M4_spin_current_balance = M4_spin_current_balance: null

2019-08-10 23:57:45 - [TEST_STEP][PASSED] - M4_spin_transaction_id = causality: null

2019-08-10 23:57:45 - [TEST_STEP][PASSED] - M4_spin_transaction_id = M4_spin_transaction_id: null

2019-08-10 23:57:45 - [TEST_STEP][PASSED] - M4_spin_round_id = round_id: null

2019-08-10 23:57:45 - [TEST_STEP][PASSED] - M4_spin_round_id = M4_spin_round_id: null

2019-08-10 23:57:45 - [TEST_STEP][PASSED] - M4_spin_line_wins = line_wins: null

2019-08-10 23:57:45 - [TEST_STEP][PASSED] - M4_spin_line_wins = M4_spin_line_wins: null

2019-08-10 23:57:45 - [TEST_STEP][PASSED] - M4_total_bonus_spins_int = total_bonus_spins: null

2019-08-10 23:57:45 - [TEST_STEP][PASSED] - println("******M4_total_bonus_spins type is:*******" + newline + getClass().getName()): null

2019-08-10 23:57:45 - [TEST_STEP][PASSED] - M4_total_bonus_spins_int = M4_total_bonus_spins_int: null

2019-08-10 23:57:45 - [TEST_STEP][PASSED] - M4_total_bonus_spins = Integer.toString(M4_total_bonus_spins_int): null

2019-08-10 23:57:45 - [TEST_STEP][PASSED] - M4_total_bonus_spins = M4_total_bonus_spins: null

2019-08-10 23:57:45 - [TEST_STEP][PASSED] - println("M4_total_bonus_spins is:" + M4_total_bonus_spins): null

2019-08-10 23:57:45 - [TEST_STEP][PASSED] - M4_spin_bonus_data = bonus_data: null

2019-08-10 23:57:45 - [TEST_STEP][PASSED] - M4_spin_features_triggered = result_M4_spin: null

2019-08-10 23:57:45 - [TEST_STEP][PASSED] - wild = []: null

2019-08-10 23:57:45 - [TEST_STEP][PASSED] - wild[0] = "WILD_Expanding": null

2019-08-10 23:57:45 - [TEST_STEP][PASSED] - wild[1] = "WILD_Normal": null

2019-08-10 23:57:45 - [TEST_STEP][PASSED] - wild[2] = "WILD_Double": null

2019-08-10 23:57:45 - [TEST_STEP][PASSED] - wild[3] = "WILD_ExtraFG": null

2019-08-10 23:57:45 - [TEST_STEP][PASSED] - wild[4] = "WILD_Triple": null

2019-08-10 23:57:45 - [TEST_STEP][PASSED] - wildList = Arrays.asList(wild): null

2019-08-10 23:57:45 - [TEST_STEP][PASSED] - wildList = wildList: null

2019-08-10 23:57:45 - [TEST_STEP][PASSED] - free_spin_reel_counter = []: null

2019-08-10 23:57:45 - [TEST_STEP][PASSED] - free_spin_reel_counter[0] = 0: null

2019-08-10 23:57:45 - [TEST_STEP][PASSED] - free_spin_reel_counter[1] = 0: null

2019-08-10 23:57:45 - [TEST_STEP][PASSED] - free_spin_reel_counter[2] = 0: null

2019-08-10 23:57:45 - [TEST_STEP][PASSED] - M4_spin_reels = reels: null

2019-08-10 23:57:45 - [TEST_STEP][PASSED] - for ([i = 0, i &lt; M4_spin_reels.size(), (i++)]): null

2019-08-10 23:57:45 - [TEST_STEP][PASSED] - symbols = symbols: null

2019-08-10 23:57:45 - [TEST_STEP][PASSED] - for ([j = 0, j &lt; symbols.size(), (j++)]): null

2019-08-10 23:57:45 - [TEST_STEP][PASSED] - symbol = symbol: null

2019-08-10 23:57:45 - [TEST_STEP][PASSED] - println(symbol): null

2019-08-10 23:57:45 - [TEST_STEP][PASSED] - if (i == 2 &amp;&amp; wildList.indexOf(symbol) != -1): null

2019-08-10 23:57:45 - [TEST_STEP][PASSED] - if (i == 3 &amp;&amp; wildList.indexOf(symbol) != -1): null

2019-08-10 23:57:45 - [TEST_STEP][PASSED] - if (i == 4 &amp;&amp; wildList.indexOf(symbol) != -1): null

2019-08-10 23:57:45 - [TEST_STEP][PASSED] - symbol = symbol: null

2019-08-10 23:57:45 - [TEST_STEP][PASSED] - println(symbol): null

2019-08-10 23:57:45 - [TEST_STEP][PASSED] - if (i == 2 &amp;&amp; wildList.indexOf(symbol) != -1): null

2019-08-10 23:57:45 - [TEST_STEP][PASSED] - if (i == 3 &amp;&amp; wildList.indexOf(symbol) != -1): null

2019-08-10 23:57:45 - [TEST_STEP][PASSED] - if (i == 4 &amp;&amp; wildList.indexOf(symbol) != -1): null

2019-08-10 23:57:45 - [TEST_STEP][PASSED] - symbol = symbol: null

2019-08-10 23:57:45 - [TEST_STEP][PASSED] - println(symbol): null

2019-08-10 23:57:45 - [TEST_STEP][PASSED] - if (i == 2 &amp;&amp; wildList.indexOf(symbol) != -1): null

2019-08-10 23:57:45 - [TEST_STEP][PASSED] - if (i == 3 &amp;&amp; wildList.indexOf(symbol) != -1): null

2019-08-10 23:57:45 - [TEST_STEP][PASSED] - if (i == 4 &amp;&amp; wildList.indexOf(symbol) != -1): null

2019-08-10 23:57:45 - [TEST_STEP][PASSED] - symbols = symbols: null

2019-08-10 23:57:45 - [TEST_STEP][PASSED] - for ([j = 0, j &lt; symbols.size(), (j++)]): null

2019-08-10 23:57:45 - [TEST_STEP][PASSED] - symbol = symbol: null

2019-08-10 23:57:45 - [TEST_STEP][PASSED] - println(symbol): null

2019-08-10 23:57:45 - [TEST_STEP][PASSED] - if (i == 2 &amp;&amp; wildList.indexOf(symbol) != -1): null

2019-08-10 23:57:45 - [TEST_STEP][PASSED] - if (i == 3 &amp;&amp; wildList.indexOf(symbol) != -1): null

2019-08-10 23:57:45 - [TEST_STEP][PASSED] - if (i == 4 &amp;&amp; wildList.indexOf(symbol) != -1): null

2019-08-10 23:57:45 - [TEST_STEP][PASSED] - symbol = symbol: null

2019-08-10 23:57:45 - [TEST_STEP][PASSED] - println(symbol): null

2019-08-10 23:57:45 - [TEST_STEP][PASSED] - if (i == 2 &amp;&amp; wildList.indexOf(symbol) != -1): null

2019-08-10 23:57:45 - [TEST_STEP][PASSED] - if (i == 3 &amp;&amp; wildList.indexOf(symbol) != -1): null

2019-08-10 23:57:45 - [TEST_STEP][PASSED] - if (i == 4 &amp;&amp; wildList.indexOf(symbol) != -1): null

2019-08-10 23:57:45 - [TEST_STEP][PASSED] - symbol = symbol: null

2019-08-10 23:57:45 - [TEST_STEP][PASSED] - println(symbol): null

2019-08-10 23:57:45 - [TEST_STEP][PASSED] - if (i == 2 &amp;&amp; wildList.indexOf(symbol) != -1): null

2019-08-10 23:57:45 - [TEST_STEP][PASSED] - if (i == 3 &amp;&amp; wildList.indexOf(symbol) != -1): null

2019-08-10 23:57:45 - [TEST_STEP][PASSED] - if (i == 4 &amp;&amp; wildList.indexOf(symbol) != -1): null

2019-08-10 23:57:45 - [TEST_STEP][PASSED] - symbols = symbols: null

2019-08-10 23:57:45 - [TEST_STEP][PASSED] - for ([j = 0, j &lt; symbols.size(), (j++)]): null

2019-08-10 23:57:45 - [TEST_STEP][PASSED] - symbol = symbol: null

2019-08-10 23:57:45 - [TEST_STEP][PASSED] - println(symbol): null

2019-08-10 23:57:45 - [TEST_STEP][PASSED] - if (i == 2 &amp;&amp; wildList.indexOf(symbol) != -1): null

2019-08-10 23:57:45 - [TEST_STEP][PASSED] - if (i == 3 &amp;&amp; wildList.indexOf(symbol) != -1): null

2019-08-10 23:57:45 - [TEST_STEP][PASSED] - if (i == 4 &amp;&amp; wildList.indexOf(symbol) != -1): null

2019-08-10 23:57:45 - [TEST_STEP][PASSED] - symbol = symbol: null

2019-08-10 23:57:45 - [TEST_STEP][PASSED] - println(symbol): null

2019-08-10 23:57:45 - [TEST_STEP][PASSED] - if (i == 2 &amp;&amp; wildList.indexOf(symbol) != -1): null

2019-08-10 23:57:45 - [TEST_STEP][PASSED] - if (i == 3 &amp;&amp; wildList.indexOf(symbol) != -1): null

2019-08-10 23:57:45 - [TEST_STEP][PASSED] - if (i == 4 &amp;&amp; wildList.indexOf(symbol) != -1): null

2019-08-10 23:57:45 - [TEST_STEP][PASSED] - symbol = symbol: null

2019-08-10 23:57:45 - [TEST_STEP][PASSED] - println(symbol): null

2019-08-10 23:57:45 - [TEST_STEP][PASSED] - if (i == 2 &amp;&amp; wildList.indexOf(symbol) != -1): null

2019-08-10 23:57:45 - [TEST_STEP][PASSED] - if (i == 3 &amp;&amp; wildList.indexOf(symbol) != -1): null

2019-08-10 23:57:45 - [TEST_STEP][PASSED] - if (i == 4 &amp;&amp; wildList.indexOf(symbol) != -1): null

2019-08-10 23:57:45 - [TEST_STEP][PASSED] - symbols = symbols: null

2019-08-10 23:57:45 - [TEST_STEP][PASSED] - for ([j = 0, j &lt; symbols.size(), (j++)]): null

2019-08-10 23:57:45 - [TEST_STEP][PASSED] - symbol = symbol: null

2019-08-10 23:57:45 - [TEST_STEP][PASSED] - println(symbol): null

2019-08-10 23:57:45 - [TEST_STEP][PASSED] - if (i == 2 &amp;&amp; wildList.indexOf(symbol) != -1): null

2019-08-10 23:57:45 - [TEST_STEP][PASSED] - if (i == 3 &amp;&amp; wildList.indexOf(symbol) != -1): null

2019-08-10 23:57:45 - [TEST_STEP][PASSED] - if (i == 4 &amp;&amp; wildList.indexOf(symbol) != -1): null

2019-08-10 23:57:45 - [TEST_STEP][PASSED] - symbol = symbol: null

2019-08-10 23:57:45 - [TEST_STEP][PASSED] - println(symbol): null

2019-08-10 23:57:45 - [TEST_STEP][PASSED] - if (i == 2 &amp;&amp; wildList.indexOf(symbol) != -1): null

2019-08-10 23:57:45 - [TEST_STEP][PASSED] - if (i == 3 &amp;&amp; wildList.indexOf(symbol) != -1): null

2019-08-10 23:57:45 - [TEST_STEP][PASSED] - if (i == 4 &amp;&amp; wildList.indexOf(symbol) != -1): null

2019-08-10 23:57:45 - [TEST_STEP][PASSED] - symbol = symbol: null

2019-08-10 23:57:45 - [TEST_STEP][PASSED] - println(symbol): null

2019-08-10 23:57:45 - [TEST_STEP][PASSED] - if (i == 2 &amp;&amp; wildList.indexOf(symbol) != -1): null

2019-08-10 23:57:45 - [TEST_STEP][PASSED] - if (i == 3 &amp;&amp; wildList.indexOf(symbol) != -1): null

2019-08-10 23:57:45 - [TEST_STEP][PASSED] - if (i == 4 &amp;&amp; wildList.indexOf(symbol) != -1): null

2019-08-10 23:57:45 - [TEST_STEP][PASSED] - symbols = symbols: null

2019-08-10 23:57:45 - [TEST_STEP][PASSED] - for ([j = 0, j &lt; symbols.size(), (j++)]): null

2019-08-10 23:57:45 - [TEST_STEP][PASSED] - symbol = symbol: null

2019-08-10 23:57:45 - [TEST_STEP][PASSED] - println(symbol): null

2019-08-10 23:57:45 - [TEST_STEP][PASSED] - if (i == 2 &amp;&amp; wildList.indexOf(symbol) != -1): null

2019-08-10 23:57:45 - [TEST_STEP][PASSED] - if (i == 3 &amp;&amp; wildList.indexOf(symbol) != -1): null

2019-08-10 23:57:45 - [TEST_STEP][PASSED] - if (i == 4 &amp;&amp; wildList.indexOf(symbol) != -1): null

2019-08-10 23:57:45 - [TEST_STEP][PASSED] - symbol = symbol: null

2019-08-10 23:57:45 - [TEST_STEP][PASSED] - println(symbol): null

2019-08-10 23:57:45 - [TEST_STEP][PASSED] - if (i == 2 &amp;&amp; wildList.indexOf(symbol) != -1): null

2019-08-10 23:57:45 - [TEST_STEP][PASSED] - if (i == 3 &amp;&amp; wildList.indexOf(symbol) != -1): null

2019-08-10 23:57:45 - [TEST_STEP][PASSED] - if (i == 4 &amp;&amp; wildList.indexOf(symbol) != -1): null

2019-08-10 23:57:45 - [TEST_STEP][PASSED] - symbol = symbol: null

2019-08-10 23:57:45 - [TEST_STEP][PASSED] - println(symbol): null

2019-08-10 23:57:45 - [TEST_STEP][PASSED] - if (i == 2 &amp;&amp; wildList.indexOf(symbol) != -1): null

2019-08-10 23:57:45 - [TEST_STEP][PASSED] - if (i == 3 &amp;&amp; wildList.indexOf(symbol) != -1): null

2019-08-10 23:57:45 - [TEST_STEP][PASSED] - if (i == 4 &amp;&amp; wildList.indexOf(symbol) != -1): null

2019-08-10 23:57:45 - [TEST_STEP][PASSED] - free_spin_reel_counter = free_spin_reel_counter: null

2019-08-10 23:57:45 - [TEST_STEP][PASSED] - println("reel 3 wild found: " + free_spin_reel_counter[0]): null

2019-08-10 23:57:45 - [TEST_STEP][PASSED] - println("reel 4 wild found: " + free_spin_reel_counter[1]): null

2019-08-10 23:57:45 - [TEST_STEP][PASSED] - println("reel 5 wild found: " + free_spin_reel_counter[2]): null

2019-08-10 23:57:45 - [TEST_STEP][PASSED] - M4_spin_reels = M4_spin_reels: null

2019-08-10 23:57:45 - [TEST_STEP][PASSED] - M4_spin_reels_symbols = symbol: null

2019-08-10 23:57:45 - [TEST_STEP][PASSED] - M4_spin_reels_symbols = M4_spin_reels_symbols: null

2019-08-10 23:57:45 - [TEST_STEP][PASSED] - M4_spin_reel_wins = reel_wins: null

2019-08-10 23:57:45 - [TEST_STEP][PASSED] - M4_spin_reel_wins = M4_spin_reel_wins: null

2019-08-10 23:57:45 - [TEST_STEP][PASSED] - println("GlobalVariable.M4_spin_reel_wins is: " + M4_spin_reel_wins): null

2019-08-10 23:57:45 - [TEST_STEP][PASSED] - M4_spin_total_bonus_win_this_round = total_bonus_win_this_round: null

2019-08-10 23:57:45 - [TEST_STEP][PASSED] - M4_spin_total_bonus_win_this_round = M4_spin_total_bonus_win_this_round: null

2019-08-10 23:57:45 - [TEST_STEP][PASSED] - println("GlobalVariable.M4_spin_total_bonus_win_this_round is: " + M4_spin_total_bonus_win_this_round): null

2019-08-10 23:57:45 - [MESSAGE][PASSED] - Verify response successfully

2019-08-10 23:57:45 - [MESSAGE][PASSED] - Send request and verify the response successfully

2019-08-10 23:57:45 - [TEST_STEP][PASSED] - if (M4_total_bonus_spins_int != 0 &amp;&amp; M4_spin_reels_symbols[2].contains("WILD_Double") || M4_spin_reels_symbols[4].contains("WILD_Triple")): null

2019-08-10 23:57:45 - [TEST_STEP][PASSED] - free_spin_reel_counter = free_spin_reel_counter: null

2019-08-10 23:57:45 - [TEST_STEP][PASSED] - M4_spin_reels_symbols = M4_spin_reels_symbols: null

2019-08-10 23:57:45 - [TEST_STEP][PASSED] - M4_total_bonus_spins = M4_total_bonus_spins: null

2019-08-10 23:57:45 - [TEST_STEP][PASSED] - spin_result = sendRequestAndVerify(findTestObject("RGS(M4)/1_M4_spin", ["M4_login_user_id":M4_login_user_id, "rgs_session_token":rgs_session_token, "partner":Partner])): Send request and verify the response successfully

2019-08-10 23:57:46 - [TEST_CASE][PASSED] - Start Test Case : Verification: Verification accomplished successfully

2019-08-10 23:57:46 - [TEST_STEP][PASSED] - request = getInstance().getCurrentRequest(): null

2019-08-10 23:57:46 - [TEST_STEP][PASSED] - response = getInstance().getCurrentResponse(): null

2019-08-10 23:57:46 - [TEST_STEP][PASSED] - verifyResponseStatusCode(response, 200): Verify response status code successfully

2019-08-10 23:57:46 - [MESSAGE][PASSED] - Verify response status code successfully

2019-08-10 23:57:46 - [TEST_STEP][PASSED] - getStatusCode()).isEqualTo(200): null

2019-08-10 23:57:46 - [TEST_STEP][PASSED] - newline = System.getProperty("line.separator"): null

2019-08-10 23:57:46 - [TEST_STEP][PASSED] - M4_spin = new groovy.json.JsonSlurper(): null

2019-08-10 23:57:46 - [TEST_STEP][PASSED] - result_M4_spin = M4_spin.parseText(response.getResponseBodyContent()): null

2019-08-10 23:57:46 - [TEST_STEP][PASSED] - M4_spin_current_balance = current_balance: null

2019-08-10 23:57:46 - [TEST_STEP][PASSED] - M4_spin_current_balance = M4_spin_current_balance: null

2019-08-10 23:57:46 - [TEST_STEP][PASSED] - M4_spin_transaction_id = causality: null

2019-08-10 23:57:46 - [TEST_STEP][PASSED] - M4_spin_transaction_id = M4_spin_transaction_id: null

2019-08-10 23:57:46 - [TEST_STEP][PASSED] - M4_spin_round_id = round_id: null

2019-08-10 23:57:46 - [TEST_STEP][PASSED] - M4_spin_round_id = M4_spin_round_id: null

2019-08-10 23:57:46 - [TEST_STEP][PASSED] - M4_spin_line_wins = line_wins: null

2019-08-10 23:57:46 - [TEST_STEP][PASSED] - M4_spin_line_wins = M4_spin_line_wins: null

2019-08-10 23:57:46 - [TEST_STEP][PASSED] - M4_total_bonus_spins_int = total_bonus_spins: null

2019-08-10 23:57:46 - [TEST_STEP][PASSED] - println("******M4_total_bonus_spins type is:*******" + newline + getClass().getName()): null

2019-08-10 23:57:46 - [TEST_STEP][PASSED] - M4_total_bonus_spins_int = M4_total_bonus_spins_int: null

2019-08-10 23:57:46 - [TEST_STEP][PASSED] - M4_total_bonus_spins = Integer.toString(M4_total_bonus_spins_int): null

2019-08-10 23:57:46 - [TEST_STEP][PASSED] - M4_total_bonus_spins = M4_total_bonus_spins: null

2019-08-10 23:57:46 - [TEST_STEP][PASSED] - println("M4_total_bonus_spins is:" + M4_total_bonus_spins): null

2019-08-10 23:57:46 - [TEST_STEP][PASSED] - M4_spin_bonus_data = bonus_data: null

2019-08-10 23:57:46 - [TEST_STEP][PASSED] - M4_spin_features_triggered = result_M4_spin: null

2019-08-10 23:57:46 - [TEST_STEP][PASSED] - wild = []: null

2019-08-10 23:57:46 - [TEST_STEP][PASSED] - wild[0] = "WILD_Expanding": null

2019-08-10 23:57:46 - [TEST_STEP][PASSED] - wild[1] = "WILD_Normal": null

2019-08-10 23:57:46 - [TEST_STEP][PASSED] - wild[2] = "WILD_Double": null

2019-08-10 23:57:46 - [TEST_STEP][PASSED] - wild[3] = "WILD_ExtraFG": null

2019-08-10 23:57:46 - [TEST_STEP][PASSED] - wild[4] = "WILD_Triple": null

2019-08-10 23:57:46 - [TEST_STEP][PASSED] - wildList = Arrays.asList(wild): null

2019-08-10 23:57:46 - [TEST_STEP][PASSED] - wildList = wildList: null

2019-08-10 23:57:46 - [TEST_STEP][PASSED] - free_spin_reel_counter = []: null

2019-08-10 23:57:46 - [TEST_STEP][PASSED] - free_spin_reel_counter[0] = 0: null

2019-08-10 23:57:46 - [TEST_STEP][PASSED] - free_spin_reel_counter[1] = 0: null

2019-08-10 23:57:46 - [TEST_STEP][PASSED] - free_spin_reel_counter[2] = 0: null

2019-08-10 23:57:46 - [TEST_STEP][PASSED] - M4_spin_reels = reels: null

2019-08-10 23:57:46 - [TEST_STEP][PASSED] - for ([i = 0, i &lt; M4_spin_reels.size(), (i++)]): null

2019-08-10 23:57:46 - [TEST_STEP][PASSED] - symbols = symbols: null

2019-08-10 23:57:46 - [TEST_STEP][PASSED] - for ([j = 0, j &lt; symbols.size(), (j++)]): null

2019-08-10 23:57:46 - [TEST_STEP][PASSED] - symbol = symbol: null

2019-08-10 23:57:46 - [TEST_STEP][PASSED] - println(symbol): null

2019-08-10 23:57:46 - [TEST_STEP][PASSED] - if (i == 2 &amp;&amp; wildList.indexOf(symbol) != -1): null

2019-08-10 23:57:46 - [TEST_STEP][PASSED] - if (i == 3 &amp;&amp; wildList.indexOf(symbol) != -1): null

2019-08-10 23:57:46 - [TEST_STEP][PASSED] - if (i == 4 &amp;&amp; wildList.indexOf(symbol) != -1): null

2019-08-10 23:57:46 - [TEST_STEP][PASSED] - symbol = symbol: null

2019-08-10 23:57:46 - [TEST_STEP][PASSED] - println(symbol): null

2019-08-10 23:57:46 - [TEST_STEP][PASSED] - if (i == 2 &amp;&amp; wildList.indexOf(symbol) != -1): null

2019-08-10 23:57:46 - [TEST_STEP][PASSED] - if (i == 3 &amp;&amp; wildList.indexOf(symbol) != -1): null

2019-08-10 23:57:46 - [TEST_STEP][PASSED] - if (i == 4 &amp;&amp; wildList.indexOf(symbol) != -1): null

2019-08-10 23:57:46 - [TEST_STEP][PASSED] - symbol = symbol: null

2019-08-10 23:57:46 - [TEST_STEP][PASSED] - println(symbol): null

2019-08-10 23:57:46 - [TEST_STEP][PASSED] - if (i == 2 &amp;&amp; wildList.indexOf(symbol) != -1): null

2019-08-10 23:57:46 - [TEST_STEP][PASSED] - if (i == 3 &amp;&amp; wildList.indexOf(symbol) != -1): null

2019-08-10 23:57:46 - [TEST_STEP][PASSED] - if (i == 4 &amp;&amp; wildList.indexOf(symbol) != -1): null

2019-08-10 23:57:46 - [TEST_STEP][PASSED] - symbols = symbols: null

2019-08-10 23:57:46 - [TEST_STEP][PASSED] - for ([j = 0, j &lt; symbols.size(), (j++)]): null

2019-08-10 23:57:46 - [TEST_STEP][PASSED] - symbol = symbol: null

2019-08-10 23:57:46 - [TEST_STEP][PASSED] - println(symbol): null

2019-08-10 23:57:46 - [TEST_STEP][PASSED] - if (i == 2 &amp;&amp; wildList.indexOf(symbol) != -1): null

2019-08-10 23:57:46 - [TEST_STEP][PASSED] - if (i == 3 &amp;&amp; wildList.indexOf(symbol) != -1): null

2019-08-10 23:57:46 - [TEST_STEP][PASSED] - if (i == 4 &amp;&amp; wildList.indexOf(symbol) != -1): null

2019-08-10 23:57:46 - [TEST_STEP][PASSED] - symbol = symbol: null

2019-08-10 23:57:46 - [TEST_STEP][PASSED] - println(symbol): null

2019-08-10 23:57:46 - [TEST_STEP][PASSED] - if (i == 2 &amp;&amp; wildList.indexOf(symbol) != -1): null

2019-08-10 23:57:46 - [TEST_STEP][PASSED] - if (i == 3 &amp;&amp; wildList.indexOf(symbol) != -1): null

2019-08-10 23:57:46 - [TEST_STEP][PASSED] - if (i == 4 &amp;&amp; wildList.indexOf(symbol) != -1): null

2019-08-10 23:57:46 - [TEST_STEP][PASSED] - symbol = symbol: null

2019-08-10 23:57:46 - [TEST_STEP][PASSED] - println(symbol): null

2019-08-10 23:57:46 - [TEST_STEP][PASSED] - if (i == 2 &amp;&amp; wildList.indexOf(symbol) != -1): null

2019-08-10 23:57:46 - [TEST_STEP][PASSED] - if (i == 3 &amp;&amp; wildList.indexOf(symbol) != -1): null

2019-08-10 23:57:46 - [TEST_STEP][PASSED] - if (i == 4 &amp;&amp; wildList.indexOf(symbol) != -1): null

2019-08-10 23:57:46 - [TEST_STEP][PASSED] - symbols = symbols: null

2019-08-10 23:57:46 - [TEST_STEP][PASSED] - for ([j = 0, j &lt; symbols.size(), (j++)]): null

2019-08-10 23:57:46 - [TEST_STEP][PASSED] - symbol = symbol: null

2019-08-10 23:57:46 - [TEST_STEP][PASSED] - println(symbol): null

2019-08-10 23:57:46 - [TEST_STEP][PASSED] - if (i == 2 &amp;&amp; wildList.indexOf(symbol) != -1): null

2019-08-10 23:57:46 - [TEST_STEP][PASSED] - if (i == 3 &amp;&amp; wildList.indexOf(symbol) != -1): null

2019-08-10 23:57:46 - [TEST_STEP][PASSED] - if (i == 4 &amp;&amp; wildList.indexOf(symbol) != -1): null

2019-08-10 23:57:46 - [TEST_STEP][PASSED] - symbol = symbol: null

2019-08-10 23:57:46 - [TEST_STEP][PASSED] - println(symbol): null

2019-08-10 23:57:46 - [TEST_STEP][PASSED] - if (i == 2 &amp;&amp; wildList.indexOf(symbol) != -1): null

2019-08-10 23:57:46 - [TEST_STEP][PASSED] - if (i == 3 &amp;&amp; wildList.indexOf(symbol) != -1): null

2019-08-10 23:57:46 - [TEST_STEP][PASSED] - if (i == 4 &amp;&amp; wildList.indexOf(symbol) != -1): null

2019-08-10 23:57:46 - [TEST_STEP][PASSED] - symbol = symbol: null

2019-08-10 23:57:46 - [TEST_STEP][PASSED] - println(symbol): null

2019-08-10 23:57:46 - [TEST_STEP][PASSED] - if (i == 2 &amp;&amp; wildList.indexOf(symbol) != -1): null

2019-08-10 23:57:46 - [TEST_STEP][PASSED] - if (i == 3 &amp;&amp; wildList.indexOf(symbol) != -1): null

2019-08-10 23:57:46 - [TEST_STEP][PASSED] - if (i == 4 &amp;&amp; wildList.indexOf(symbol) != -1): null

2019-08-10 23:57:46 - [TEST_STEP][PASSED] - symbols = symbols: null

2019-08-10 23:57:46 - [TEST_STEP][PASSED] - for ([j = 0, j &lt; symbols.size(), (j++)]): null

2019-08-10 23:57:46 - [TEST_STEP][PASSED] - symbol = symbol: null

2019-08-10 23:57:46 - [TEST_STEP][PASSED] - println(symbol): null

2019-08-10 23:57:46 - [TEST_STEP][PASSED] - if (i == 2 &amp;&amp; wildList.indexOf(symbol) != -1): null

2019-08-10 23:57:46 - [TEST_STEP][PASSED] - if (i == 3 &amp;&amp; wildList.indexOf(symbol) != -1): null

2019-08-10 23:57:46 - [TEST_STEP][PASSED] - if (i == 4 &amp;&amp; wildList.indexOf(symbol) != -1): null

2019-08-10 23:57:46 - [TEST_STEP][PASSED] - symbol = symbol: null

2019-08-10 23:57:46 - [TEST_STEP][PASSED] - println(symbol): null

2019-08-10 23:57:46 - [TEST_STEP][PASSED] - if (i == 2 &amp;&amp; wildList.indexOf(symbol) != -1): null

2019-08-10 23:57:46 - [TEST_STEP][PASSED] - if (i == 3 &amp;&amp; wildList.indexOf(symbol) != -1): null

2019-08-10 23:57:46 - [TEST_STEP][PASSED] - println("wild found on reel 4, adding counter by 1"): null

2019-08-10 23:57:46 - [TEST_STEP][PASSED] - free_spin_reel_counter[1] = free_spin_reel_counter[1] + 1: null

2019-08-10 23:57:46 - [TEST_STEP][PASSED] - if (i == 4 &amp;&amp; wildList.indexOf(symbol) != -1): null

2019-08-10 23:57:46 - [TEST_STEP][PASSED] - symbol = symbol: null

2019-08-10 23:57:46 - [TEST_STEP][PASSED] - println(symbol): null

2019-08-10 23:57:46 - [TEST_STEP][PASSED] - if (i == 2 &amp;&amp; wildList.indexOf(symbol) != -1): null

2019-08-10 23:57:46 - [TEST_STEP][PASSED] - if (i == 3 &amp;&amp; wildList.indexOf(symbol) != -1): null

2019-08-10 23:57:46 - [TEST_STEP][PASSED] - if (i == 4 &amp;&amp; wildList.indexOf(symbol) != -1): null

2019-08-10 23:57:46 - [TEST_STEP][PASSED] - symbols = symbols: null

2019-08-10 23:57:46 - [TEST_STEP][PASSED] - for ([j = 0, j &lt; symbols.size(), (j++)]): null

2019-08-10 23:57:46 - [TEST_STEP][PASSED] - symbol = symbol: null

2019-08-10 23:57:46 - [TEST_STEP][PASSED] - println(symbol): null

2019-08-10 23:57:46 - [TEST_STEP][PASSED] - if (i == 2 &amp;&amp; wildList.indexOf(symbol) != -1): null

2019-08-10 23:57:46 - [TEST_STEP][PASSED] - if (i == 3 &amp;&amp; wildList.indexOf(symbol) != -1): null

2019-08-10 23:57:46 - [TEST_STEP][PASSED] - if (i == 4 &amp;&amp; wildList.indexOf(symbol) != -1): null

2019-08-10 23:57:46 - [TEST_STEP][PASSED] - symbol = symbol: null

2019-08-10 23:57:46 - [TEST_STEP][PASSED] - println(symbol): null

2019-08-10 23:57:46 - [TEST_STEP][PASSED] - if (i == 2 &amp;&amp; wildList.indexOf(symbol) != -1): null

2019-08-10 23:57:46 - [TEST_STEP][PASSED] - if (i == 3 &amp;&amp; wildList.indexOf(symbol) != -1): null

2019-08-10 23:57:46 - [TEST_STEP][PASSED] - if (i == 4 &amp;&amp; wildList.indexOf(symbol) != -1): null

2019-08-10 23:57:46 - [TEST_STEP][PASSED] - symbol = symbol: null

2019-08-10 23:57:46 - [TEST_STEP][PASSED] - println(symbol): null

2019-08-10 23:57:46 - [TEST_STEP][PASSED] - if (i == 2 &amp;&amp; wildList.indexOf(symbol) != -1): null

2019-08-10 23:57:46 - [TEST_STEP][PASSED] - if (i == 3 &amp;&amp; wildList.indexOf(symbol) != -1): null

2019-08-10 23:57:46 - [TEST_STEP][PASSED] - if (i == 4 &amp;&amp; wildList.indexOf(symbol) != -1): null

2019-08-10 23:57:46 - [TEST_STEP][PASSED] - free_spin_reel_counter = free_spin_reel_counter: null

2019-08-10 23:57:46 - [TEST_STEP][PASSED] - println("reel 3 wild found: " + free_spin_reel_counter[0]): null

2019-08-10 23:57:46 - [TEST_STEP][PASSED] - println("reel 4 wild found: " + free_spin_reel_counter[1]): null

2019-08-10 23:57:46 - [TEST_STEP][PASSED] - println("reel 5 wild found: " + free_spin_reel_counter[2]): null

2019-08-10 23:57:46 - [TEST_STEP][PASSED] - M4_spin_reels = M4_spin_reels: null

2019-08-10 23:57:46 - [TEST_STEP][PASSED] - M4_spin_reels_symbols = symbol: null

2019-08-10 23:57:46 - [TEST_STEP][PASSED] - M4_spin_reels_symbols = M4_spin_reels_symbols: null

2019-08-10 23:57:46 - [TEST_STEP][PASSED] - M4_spin_reel_wins = reel_wins: null

2019-08-10 23:57:46 - [TEST_STEP][PASSED] - M4_spin_reel_wins = M4_spin_reel_wins: null

2019-08-10 23:57:46 - [TEST_STEP][PASSED] - println("GlobalVariable.M4_spin_reel_wins is: " + M4_spin_reel_wins): null

2019-08-10 23:57:46 - [TEST_STEP][PASSED] - M4_spin_total_bonus_win_this_round = total_bonus_win_this_round: null

2019-08-10 23:57:46 - [TEST_STEP][PASSED] - M4_spin_total_bonus_win_this_round = M4_spin_total_bonus_win_this_round: null

2019-08-10 23:57:46 - [TEST_STEP][PASSED] - println("GlobalVariable.M4_spin_total_bonus_win_this_round is: " + M4_spin_total_bonus_win_this_round): null

2019-08-10 23:57:46 - [MESSAGE][PASSED] - Verify response successfully

2019-08-10 23:57:46 - [MESSAGE][PASSED] - Send request and verify the response successfully

2019-08-10 23:57:46 - [TEST_STEP][PASSED] - if (M4_total_bonus_spins_int != 0 &amp;&amp; M4_spin_reels_symbols[2].contains("WILD_Double") || M4_spin_reels_symbols[4].contains("WILD_Triple")): null

2019-08-10 23:57:46 - [TEST_STEP][PASSED] - free_spin_reel_counter = free_spin_reel_counter: null

2019-08-10 23:57:46 - [TEST_STEP][PASSED] - M4_spin_reels_symbols = M4_spin_reels_symbols: null

2019-08-10 23:57:46 - [TEST_STEP][PASSED] - M4_total_bonus_spins = M4_total_bonus_spins: null

2019-08-10 23:57:46 - [TEST_STEP][PASSED] - spin_result = sendRequestAndVerify(findTestObject("RGS(M4)/1_M4_spin", ["M4_login_user_id":M4_login_user_id, "rgs_session_token":rgs_session_token, "partner":Partner])): Send request and verify the response successfully

2019-08-10 23:57:46 - [TEST_CASE][PASSED] - Start Test Case : Verification: Verification accomplished successfully

2019-08-10 23:57:46 - [TEST_STEP][PASSED] - request = getInstance().getCurrentRequest(): null

2019-08-10 23:57:46 - [TEST_STEP][PASSED] - response = getInstance().getCurrentResponse(): null

2019-08-10 23:57:46 - [TEST_STEP][PASSED] - verifyResponseStatusCode(response, 200): Verify response status code successfully

2019-08-10 23:57:46 - [MESSAGE][PASSED] - Verify response status code successfully

2019-08-10 23:57:46 - [TEST_STEP][PASSED] - getStatusCode()).isEqualTo(200): null

2019-08-10 23:57:46 - [TEST_STEP][PASSED] - newline = System.getProperty("line.separator"): null

2019-08-10 23:57:46 - [TEST_STEP][PASSED] - M4_spin = new groovy.json.JsonSlurper(): null

2019-08-10 23:57:46 - [TEST_STEP][PASSED] - result_M4_spin = M4_spin.parseText(response.getResponseBodyContent()): null

2019-08-10 23:57:46 - [TEST_STEP][PASSED] - M4_spin_current_balance = current_balance: null

2019-08-10 23:57:46 - [TEST_STEP][PASSED] - M4_spin_current_balance = M4_spin_current_balance: null

2019-08-10 23:57:46 - [TEST_STEP][PASSED] - M4_spin_transaction_id = causality: null

2019-08-10 23:57:46 - [TEST_STEP][PASSED] - M4_spin_transaction_id = M4_spin_transaction_id: null

2019-08-10 23:57:46 - [TEST_STEP][PASSED] - M4_spin_round_id = round_id: null

2019-08-10 23:57:46 - [TEST_STEP][PASSED] - M4_spin_round_id = M4_spin_round_id: null

2019-08-10 23:57:46 - [TEST_STEP][PASSED] - M4_spin_line_wins = line_wins: null

2019-08-10 23:57:46 - [TEST_STEP][PASSED] - M4_spin_line_wins = M4_spin_line_wins: null

2019-08-10 23:57:46 - [TEST_STEP][PASSED] - M4_total_bonus_spins_int = total_bonus_spins: null

2019-08-10 23:57:46 - [TEST_STEP][PASSED] - println("******M4_total_bonus_spins type is:*******" + newline + getClass().getName()): null

2019-08-10 23:57:46 - [TEST_STEP][PASSED] - M4_total_bonus_spins_int = M4_total_bonus_spins_int: null

2019-08-10 23:57:46 - [TEST_STEP][PASSED] - M4_total_bonus_spins = Integer.toString(M4_total_bonus_spins_int): null

2019-08-10 23:57:46 - [TEST_STEP][PASSED] - M4_total_bonus_spins = M4_total_bonus_spins: null

2019-08-10 23:57:46 - [TEST_STEP][PASSED] - println("M4_total_bonus_spins is:" + M4_total_bonus_spins): null

2019-08-10 23:57:46 - [TEST_STEP][PASSED] - M4_spin_bonus_data = bonus_data: null

2019-08-10 23:57:46 - [TEST_STEP][PASSED] - M4_spin_features_triggered = result_M4_spin: null

2019-08-10 23:57:46 - [TEST_STEP][PASSED] - wild = []: null

2019-08-10 23:57:46 - [TEST_STEP][PASSED] - wild[0] = "WILD_Expanding": null

2019-08-10 23:57:46 - [TEST_STEP][PASSED] - wild[1] = "WILD_Normal": null

2019-08-10 23:57:46 - [TEST_STEP][PASSED] - wild[2] = "WILD_Double": null

2019-08-10 23:57:46 - [TEST_STEP][PASSED] - wild[3] = "WILD_ExtraFG": null

2019-08-10 23:57:46 - [TEST_STEP][PASSED] - wild[4] = "WILD_Triple": null

2019-08-10 23:57:46 - [TEST_STEP][PASSED] - wildList = Arrays.asList(wild): null

2019-08-10 23:57:46 - [TEST_STEP][PASSED] - wildList = wildList: null

2019-08-10 23:57:46 - [TEST_STEP][PASSED] - free_spin_reel_counter = []: null

2019-08-10 23:57:46 - [TEST_STEP][PASSED] - free_spin_reel_counter[0] = 0: null

2019-08-10 23:57:46 - [TEST_STEP][PASSED] - free_spin_reel_counter[1] = 0: null

2019-08-10 23:57:46 - [TEST_STEP][PASSED] - free_spin_reel_counter[2] = 0: null

2019-08-10 23:57:46 - [TEST_STEP][PASSED] - M4_spin_reels = reels: null

2019-08-10 23:57:46 - [TEST_STEP][PASSED] - for ([i = 0, i &lt; M4_spin_reels.size(), (i++)]): null

2019-08-10 23:57:46 - [TEST_STEP][PASSED] - symbols = symbols: null

2019-08-10 23:57:46 - [TEST_STEP][PASSED] - for ([j = 0, j &lt; symbols.size(), (j++)]): null

2019-08-10 23:57:46 - [TEST_STEP][PASSED] - symbol = symbol: null

2019-08-10 23:57:46 - [TEST_STEP][PASSED] - println(symbol): null

2019-08-10 23:57:46 - [TEST_STEP][PASSED] - if (i == 2 &amp;&amp; wildList.indexOf(symbol) != -1): null

2019-08-10 23:57:46 - [TEST_STEP][PASSED] - if (i == 3 &amp;&amp; wildList.indexOf(symbol) != -1): null

2019-08-10 23:57:46 - [TEST_STEP][PASSED] - if (i == 4 &amp;&amp; wildList.indexOf(symbol) != -1): null

2019-08-10 23:57:46 - [TEST_STEP][PASSED] - symbol = symbol: null

2019-08-10 23:57:46 - [TEST_STEP][PASSED] - println(symbol): null

2019-08-10 23:57:46 - [TEST_STEP][PASSED] - if (i == 2 &amp;&amp; wildList.indexOf(symbol) != -1): null

2019-08-10 23:57:46 - [TEST_STEP][PASSED] - if (i == 3 &amp;&amp; wildList.indexOf(symbol) != -1): null

2019-08-10 23:57:46 - [TEST_STEP][PASSED] - if (i == 4 &amp;&amp; wildList.indexOf(symbol) != -1): null

2019-08-10 23:57:46 - [TEST_STEP][PASSED] - symbol = symbol: null

2019-08-10 23:57:46 - [TEST_STEP][PASSED] - println(symbol): null

2019-08-10 23:57:46 - [TEST_STEP][PASSED] - if (i == 2 &amp;&amp; wildList.indexOf(symbol) != -1): null

2019-08-10 23:57:46 - [TEST_STEP][PASSED] - if (i == 3 &amp;&amp; wildList.indexOf(symbol) != -1): null

2019-08-10 23:57:46 - [TEST_STEP][PASSED] - if (i == 4 &amp;&amp; wildList.indexOf(symbol) != -1): null

2019-08-10 23:57:46 - [TEST_STEP][PASSED] - symbols = symbols: null

2019-08-10 23:57:46 - [TEST_STEP][PASSED] - for ([j = 0, j &lt; symbols.size(), (j++)]): null

2019-08-10 23:57:46 - [TEST_STEP][PASSED] - symbol = symbol: null

2019-08-10 23:57:46 - [TEST_STEP][PASSED] - println(symbol): null

2019-08-10 23:57:46 - [TEST_STEP][PASSED] - if (i == 2 &amp;&amp; wildList.indexOf(symbol) != -1): null

2019-08-10 23:57:46 - [TEST_STEP][PASSED] - if (i == 3 &amp;&amp; wildList.indexOf(symbol) != -1): null

2019-08-10 23:57:46 - [TEST_STEP][PASSED] - if (i == 4 &amp;&amp; wildList.indexOf(symbol) != -1): null

2019-08-10 23:57:46 - [TEST_STEP][PASSED] - symbol = symbol: null

2019-08-10 23:57:46 - [TEST_STEP][PASSED] - println(symbol): null

2019-08-10 23:57:46 - [TEST_STEP][PASSED] - if (i == 2 &amp;&amp; wildList.indexOf(symbol) != -1): null

2019-08-10 23:57:46 - [TEST_STEP][PASSED] - if (i == 3 &amp;&amp; wildList.indexOf(symbol) != -1): null

2019-08-10 23:57:46 - [TEST_STEP][PASSED] - if (i == 4 &amp;&amp; wildList.indexOf(symbol) != -1): null

2019-08-10 23:57:46 - [TEST_STEP][PASSED] - symbol = symbol: null

2019-08-10 23:57:46 - [TEST_STEP][PASSED] - println(symbol): null

2019-08-10 23:57:46 - [TEST_STEP][PASSED] - if (i == 2 &amp;&amp; wildList.indexOf(symbol) != -1): null

2019-08-10 23:57:46 - [TEST_STEP][PASSED] - if (i == 3 &amp;&amp; wildList.indexOf(symbol) != -1): null

2019-08-10 23:57:46 - [TEST_STEP][PASSED] - if (i == 4 &amp;&amp; wildList.indexOf(symbol) != -1): null

2019-08-10 23:57:46 - [TEST_STEP][PASSED] - symbols = symbols: null

2019-08-10 23:57:46 - [TEST_STEP][PASSED] - for ([j = 0, j &lt; symbols.size(), (j++)]): null

2019-08-10 23:57:46 - [TEST_STEP][PASSED] - symbol = symbol: null

2019-08-10 23:57:46 - [TEST_STEP][PASSED] - println(symbol): null

2019-08-10 23:57:46 - [TEST_STEP][PASSED] - if (i == 2 &amp;&amp; wildList.indexOf(symbol) != -1): null

2019-08-10 23:57:46 - [TEST_STEP][PASSED] - println("wild found on reel 3, adding counter by 1"): null

2019-08-10 23:57:46 - [TEST_STEP][PASSED] - free_spin_reel_counter[0] = free_spin_reel_counter[0] + 1: null

2019-08-10 23:57:46 - [TEST_STEP][PASSED] - if (i == 3 &amp;&amp; wildList.indexOf(symbol) != -1): null

2019-08-10 23:57:46 - [TEST_STEP][PASSED] - if (i == 4 &amp;&amp; wildList.indexOf(symbol) != -1): null

2019-08-10 23:57:46 - [TEST_STEP][PASSED] - symbol = symbol: null

2019-08-10 23:57:46 - [TEST_STEP][PASSED] - println(symbol): null

2019-08-10 23:57:46 - [TEST_STEP][PASSED] - if (i == 2 &amp;&amp; wildList.indexOf(symbol) != -1): null

2019-08-10 23:57:46 - [TEST_STEP][PASSED] - if (i == 3 &amp;&amp; wildList.indexOf(symbol) != -1): null

2019-08-10 23:57:46 - [TEST_STEP][PASSED] - if (i == 4 &amp;&amp; wildList.indexOf(symbol) != -1): null

2019-08-10 23:57:46 - [TEST_STEP][PASSED] - symbol = symbol: null

2019-08-10 23:57:46 - [TEST_STEP][PASSED] - println(symbol): null

2019-08-10 23:57:46 - [TEST_STEP][PASSED] - if (i == 2 &amp;&amp; wildList.indexOf(symbol) != -1): null

2019-08-10 23:57:46 - [TEST_STEP][PASSED] - if (i == 3 &amp;&amp; wildList.indexOf(symbol) != -1): null

2019-08-10 23:57:46 - [TEST_STEP][PASSED] - if (i == 4 &amp;&amp; wildList.indexOf(symbol) != -1): null

2019-08-10 23:57:46 - [TEST_STEP][PASSED] - symbols = symbols: null

2019-08-10 23:57:46 - [TEST_STEP][PASSED] - for ([j = 0, j &lt; symbols.size(), (j++)]): null

2019-08-10 23:57:46 - [TEST_STEP][PASSED] - symbol = symbol: null

2019-08-10 23:57:46 - [TEST_STEP][PASSED] - println(symbol): null

2019-08-10 23:57:46 - [TEST_STEP][PASSED] - if (i == 2 &amp;&amp; wildList.indexOf(symbol) != -1): null

2019-08-10 23:57:46 - [TEST_STEP][PASSED] - if (i == 3 &amp;&amp; wildList.indexOf(symbol) != -1): null

2019-08-10 23:57:46 - [TEST_STEP][PASSED] - if (i == 4 &amp;&amp; wildList.indexOf(symbol) != -1): null

2019-08-10 23:57:46 - [TEST_STEP][PASSED] - symbol = symbol: null

2019-08-10 23:57:46 - [TEST_STEP][PASSED] - println(symbol): null

2019-08-10 23:57:46 - [TEST_STEP][PASSED] - if (i == 2 &amp;&amp; wildList.indexOf(symbol) != -1): null

2019-08-10 23:57:46 - [TEST_STEP][PASSED] - if (i == 3 &amp;&amp; wildList.indexOf(symbol) != -1): null

2019-08-10 23:57:46 - [TEST_STEP][PASSED] - if (i == 4 &amp;&amp; wildList.indexOf(symbol) != -1): null

2019-08-10 23:57:46 - [TEST_STEP][PASSED] - symbol = symbol: null

2019-08-10 23:57:46 - [TEST_STEP][PASSED] - println(symbol): null

2019-08-10 23:57:46 - [TEST_STEP][PASSED] - if (i == 2 &amp;&amp; wildList.indexOf(symbol) != -1): null

2019-08-10 23:57:46 - [TEST_STEP][PASSED] - if (i == 3 &amp;&amp; wildList.indexOf(symbol) != -1): null

2019-08-10 23:57:46 - [TEST_STEP][PASSED] - if (i == 4 &amp;&amp; wildList.indexOf(symbol) != -1): null

2019-08-10 23:57:46 - [TEST_STEP][PASSED] - symbols = symbols: null

2019-08-10 23:57:46 - [TEST_STEP][PASSED] - for ([j = 0, j &lt; symbols.size(), (j++)]): null

2019-08-10 23:57:46 - [TEST_STEP][PASSED] - symbol = symbol: null

2019-08-10 23:57:46 - [TEST_STEP][PASSED] - println(symbol): null

2019-08-10 23:57:46 - [TEST_STEP][PASSED] - if (i == 2 &amp;&amp; wildList.indexOf(symbol) != -1): null

2019-08-10 23:57:46 - [TEST_STEP][PASSED] - if (i == 3 &amp;&amp; wildList.indexOf(symbol) != -1): null

2019-08-10 23:57:46 - [TEST_STEP][PASSED] - if (i == 4 &amp;&amp; wildList.indexOf(symbol) != -1): null

2019-08-10 23:57:46 - [TEST_STEP][PASSED] - symbol = symbol: null

2019-08-10 23:57:46 - [TEST_STEP][PASSED] - println(symbol): null

2019-08-10 23:57:46 - [TEST_STEP][PASSED] - if (i == 2 &amp;&amp; wildList.indexOf(symbol) != -1): null

2019-08-10 23:57:46 - [TEST_STEP][PASSED] - if (i == 3 &amp;&amp; wildList.indexOf(symbol) != -1): null

2019-08-10 23:57:46 - [TEST_STEP][PASSED] - if (i == 4 &amp;&amp; wildList.indexOf(symbol) != -1): null

2019-08-10 23:57:46 - [TEST_STEP][PASSED] - symbol = symbol: null

2019-08-10 23:57:46 - [TEST_STEP][PASSED] - println(symbol): null

2019-08-10 23:57:46 - [TEST_STEP][PASSED] - if (i == 2 &amp;&amp; wildList.indexOf(symbol) != -1): null

2019-08-10 23:57:46 - [TEST_STEP][PASSED] - if (i == 3 &amp;&amp; wildList.indexOf(symbol) != -1): null

2019-08-10 23:57:46 - [TEST_STEP][PASSED] - if (i == 4 &amp;&amp; wildList.indexOf(symbol) != -1): null

2019-08-10 23:57:46 - [TEST_STEP][PASSED] - println("wild found on reel 5, adding counter by 1"): null

2019-08-10 23:57:46 - [TEST_STEP][PASSED] - free_spin_reel_counter[2] = free_spin_reel_counter[2] + 1: null

2019-08-10 23:57:46 - [TEST_STEP][PASSED] - free_spin_reel_counter = free_spin_reel_counter: null

2019-08-10 23:57:46 - [TEST_STEP][PASSED] - println("reel 3 wild found: " + free_spin_reel_counter[0]): null

2019-08-10 23:57:46 - [TEST_STEP][PASSED] - println("reel 4 wild found: " + free_spin_reel_counter[1]): null

2019-08-10 23:57:46 - [TEST_STEP][PASSED] - println("reel 5 wild found: " + free_spin_reel_counter[2]): null

2019-08-10 23:57:46 - [TEST_STEP][PASSED] - M4_spin_reels = M4_spin_reels: null

2019-08-10 23:57:46 - [TEST_STEP][PASSED] - M4_spin_reels_symbols = symbol: null

2019-08-10 23:57:46 - [TEST_STEP][PASSED] - M4_spin_reels_symbols = M4_spin_reels_symbols: null

2019-08-10 23:57:46 - [TEST_STEP][PASSED] - M4_spin_reel_wins = reel_wins: null

2019-08-10 23:57:46 - [TEST_STEP][PASSED] - M4_spin_reel_wins = M4_spin_reel_wins: null

2019-08-10 23:57:46 - [TEST_STEP][PASSED] - println("GlobalVariable.M4_spin_reel_wins is: " + M4_spin_reel_wins): null

2019-08-10 23:57:46 - [TEST_STEP][PASSED] - M4_spin_total_bonus_win_this_round = total_bonus_win_this_round: null

2019-08-10 23:57:46 - [TEST_STEP][PASSED] - M4_spin_total_bonus_win_this_round = M4_spin_total_bonus_win_this_round: null

2019-08-10 23:57:46 - [TEST_STEP][PASSED] - println("GlobalVariable.M4_spin_total_bonus_win_this_round is: " + M4_spin_total_bonus_win_this_round): null

2019-08-10 23:57:46 - [MESSAGE][PASSED] - Verify response successfully

2019-08-10 23:57:46 - [MESSAGE][PASSED] - Send request and verify the response successfully

2019-08-10 23:57:46 - [TEST_STEP][PASSED] - if (M4_total_bonus_spins_int != 0 &amp;&amp; M4_spin_reels_symbols[2].contains("WILD_Double") || M4_spin_reels_symbols[4].contains("WILD_Triple")): null

2019-08-10 23:57:46 - [TEST_STEP][PASSED] - free_spin_reel_counter = free_spin_reel_counter: null

2019-08-10 23:57:46 - [TEST_STEP][PASSED] - M4_spin_reels_symbols = M4_spin_reels_symbols: null

2019-08-10 23:57:46 - [TEST_STEP][PASSED] - M4_total_bonus_spins = M4_total_bonus_spins: null

2019-08-10 23:57:46 - [TEST_STEP][PASSED] - spin_result = sendRequestAndVerify(findTestObject("RGS(M4)/1_M4_spin", ["M4_login_user_id":M4_login_user_id, "rgs_session_token":rgs_session_token, "partner":Partner])): Send request and verify the response successfully

2019-08-10 23:57:46 - [TEST_CASE][PASSED] - Start Test Case : Verification: Verification accomplished successfully

2019-08-10 23:57:46 - [TEST_STEP][PASSED] - request = getInstance().getCurrentRequest(): null

2019-08-10 23:57:47 - [TEST_STEP][PASSED] - response = getInstance().getCurrentResponse(): null

2019-08-10 23:57:47 - [TEST_STEP][PASSED] - verifyResponseStatusCode(response, 200): Verify response status code successfully

2019-08-10 23:57:47 - [MESSAGE][PASSED] - Verify response status code successfully

2019-08-10 23:57:47 - [TEST_STEP][PASSED] - getStatusCode()).isEqualTo(200): null

2019-08-10 23:57:47 - [TEST_STEP][PASSED] - newline = System.getProperty("line.separator"): null

2019-08-10 23:57:47 - [TEST_STEP][PASSED] - M4_spin = new groovy.json.JsonSlurper(): null

2019-08-10 23:57:47 - [TEST_STEP][PASSED] - result_M4_spin = M4_spin.parseText(response.getResponseBodyContent()): null

2019-08-10 23:57:47 - [TEST_STEP][PASSED] - M4_spin_current_balance = current_balance: null

2019-08-10 23:57:47 - [TEST_STEP][PASSED] - M4_spin_current_balance = M4_spin_current_balance: null

2019-08-10 23:57:47 - [TEST_STEP][PASSED] - M4_spin_transaction_id = causality: null

2019-08-10 23:57:47 - [TEST_STEP][PASSED] - M4_spin_transaction_id = M4_spin_transaction_id: null

2019-08-10 23:57:47 - [TEST_STEP][PASSED] - M4_spin_round_id = round_id: null

2019-08-10 23:57:47 - [TEST_STEP][PASSED] - M4_spin_round_id = M4_spin_round_id: null

2019-08-10 23:57:47 - [TEST_STEP][PASSED] - M4_spin_line_wins = line_wins: null

2019-08-10 23:57:47 - [TEST_STEP][PASSED] - M4_spin_line_wins = M4_spin_line_wins: null

2019-08-10 23:57:47 - [TEST_STEP][PASSED] - M4_total_bonus_spins_int = total_bonus_spins: null

2019-08-10 23:57:47 - [TEST_STEP][PASSED] - println("******M4_total_bonus_spins type is:*******" + newline + getClass().getName()): null

2019-08-10 23:57:47 - [TEST_STEP][PASSED] - M4_total_bonus_spins_int = M4_total_bonus_spins_int: null

2019-08-10 23:57:47 - [TEST_STEP][PASSED] - M4_total_bonus_spins = Integer.toString(M4_total_bonus_spins_int): null

2019-08-10 23:57:47 - [TEST_STEP][PASSED] - M4_total_bonus_spins = M4_total_bonus_spins: null

2019-08-10 23:57:47 - [TEST_STEP][PASSED] - println("M4_total_bonus_spins is:" + M4_total_bonus_spins): null

2019-08-10 23:57:47 - [TEST_STEP][PASSED] - M4_spin_bonus_data = bonus_data: null

2019-08-10 23:57:47 - [TEST_STEP][PASSED] - M4_spin_features_triggered = result_M4_spin: null

2019-08-10 23:57:47 - [TEST_STEP][PASSED] - wild = []: null

2019-08-10 23:57:47 - [TEST_STEP][PASSED] - wild[0] = "WILD_Expanding": null

2019-08-10 23:57:47 - [TEST_STEP][PASSED] - wild[1] = "WILD_Normal": null

2019-08-10 23:57:47 - [TEST_STEP][PASSED] - wild[2] = "WILD_Double": null

2019-08-10 23:57:47 - [TEST_STEP][PASSED] - wild[3] = "WILD_ExtraFG": null

2019-08-10 23:57:47 - [TEST_STEP][PASSED] - wild[4] = "WILD_Triple": null

2019-08-10 23:57:47 - [TEST_STEP][PASSED] - wildList = Arrays.asList(wild): null

2019-08-10 23:57:47 - [TEST_STEP][PASSED] - wildList = wildList: null

2019-08-10 23:57:47 - [TEST_STEP][PASSED] - free_spin_reel_counter = []: null

2019-08-10 23:57:47 - [TEST_STEP][PASSED] - free_spin_reel_counter[0] = 0: null

2019-08-10 23:57:47 - [TEST_STEP][PASSED] - free_spin_reel_counter[1] = 0: null

2019-08-10 23:57:47 - [TEST_STEP][PASSED] - free_spin_reel_counter[2] = 0: null

2019-08-10 23:57:47 - [TEST_STEP][PASSED] - M4_spin_reels = reels: null

2019-08-10 23:57:47 - [TEST_STEP][PASSED] - for ([i = 0, i &lt; M4_spin_reels.size(), (i++)]): null

2019-08-10 23:57:47 - [TEST_STEP][PASSED] - symbols = symbols: null

2019-08-10 23:57:47 - [TEST_STEP][PASSED] - for ([j = 0, j &lt; symbols.size(), (j++)]): null

2019-08-10 23:57:47 - [TEST_STEP][PASSED] - symbol = symbol: null

2019-08-10 23:57:47 - [TEST_STEP][PASSED] - println(symbol): null

2019-08-10 23:57:47 - [TEST_STEP][PASSED] - if (i == 2 &amp;&amp; wildList.indexOf(symbol) != -1): null

2019-08-10 23:57:51 - [TEST_STEP][PASSED] - if (i == 3 &amp;&amp; wildList.indexOf(symbol) != -1): null

2019-08-10 23:57:51 - [TEST_STEP][PASSED] - if (i == 4 &amp;&amp; wildList.indexOf(symbol) != -1): null

2019-08-10 23:57:51 - [TEST_STEP][PASSED] - symbol = symbol: null

2019-08-10 23:57:51 - [TEST_STEP][PASSED] - println(symbol): null

2019-08-10 23:57:51 - [TEST_STEP][PASSED] - if (i == 2 &amp;&amp; wildList.indexOf(symbol) != -1): null

2019-08-10 23:57:51 - [TEST_STEP][PASSED] - if (i == 3 &amp;&amp; wildList.indexOf(symbol) != -1): null

2019-08-10 23:57:51 - [TEST_STEP][PASSED] - if (i == 4 &amp;&amp; wildList.indexOf(symbol) != -1): null

2019-08-10 23:57:51 - [TEST_STEP][PASSED] - symbol = symbol: null

2019-08-10 23:57:51 - [TEST_STEP][PASSED] - println(symbol): null

2019-08-10 23:57:51 - [TEST_STEP][PASSED] - if (i == 2 &amp;&amp; wildList.indexOf(symbol) != -1): null

2019-08-10 23:57:51 - [TEST_STEP][PASSED] - if (i == 3 &amp;&amp; wildList.indexOf(symbol) != -1): null

2019-08-10 23:57:51 - [TEST_STEP][PASSED] - if (i == 4 &amp;&amp; wildList.indexOf(symbol) != -1): null

2019-08-10 23:57:51 - [TEST_STEP][PASSED] - symbols = symbols: null

2019-08-10 23:57:51 - [TEST_STEP][PASSED] - for ([j = 0, j &lt; symbols.size(), (j++)]): null

2019-08-10 23:57:51 - [TEST_STEP][PASSED] - symbol = symbol: null

2019-08-10 23:57:51 - [TEST_STEP][PASSED] - println(symbol): null

2019-08-10 23:57:51 - [TEST_STEP][PASSED] - if (i == 2 &amp;&amp; wildList.indexOf(symbol) != -1): null

2019-08-10 23:57:51 - [TEST_STEP][PASSED] - if (i == 3 &amp;&amp; wildList.indexOf(symbol) != -1): null

2019-08-10 23:57:51 - [TEST_STEP][PASSED] - if (i == 4 &amp;&amp; wildList.indexOf(symbol) != -1): null

2019-08-10 23:57:51 - [TEST_STEP][PASSED] - symbol = symbol: null

2019-08-10 23:57:51 - [TEST_STEP][PASSED] - println(symbol): null

2019-08-10 23:57:51 - [TEST_STEP][PASSED] - if (i == 2 &amp;&amp; wildList.indexOf(symbol) != -1): null

2019-08-10 23:57:51 - [TEST_STEP][PASSED] - if (i == 3 &amp;&amp; wildList.indexOf(symbol) != -1): null

2019-08-10 23:57:51 - [TEST_STEP][PASSED] - if (i == 4 &amp;&amp; wildList.indexOf(symbol) != -1): null

2019-08-10 23:57:51 - [TEST_STEP][PASSED] - symbol = symbol: null

2019-08-10 23:57:51 - [TEST_STEP][PASSED] - println(symbol): null

2019-08-10 23:57:51 - [TEST_STEP][PASSED] - if (i == 2 &amp;&amp; wildList.indexOf(symbol) != -1): null

2019-08-10 23:57:51 - [TEST_STEP][PASSED] - if (i == 3 &amp;&amp; wildList.indexOf(symbol) != -1): null

2019-08-10 23:57:51 - [TEST_STEP][PASSED] - if (i == 4 &amp;&amp; wildList.indexOf(symbol) != -1): null

2019-08-10 23:57:51 - [TEST_STEP][PASSED] - symbols = symbols: null

2019-08-10 23:57:51 - [TEST_STEP][PASSED] - for ([j = 0, j &lt; symbols.size(), (j++)]): null

2019-08-10 23:57:51 - [TEST_STEP][PASSED] - symbol = symbol: null

2019-08-10 23:57:51 - [TEST_STEP][PASSED] - println(symbol): null

2019-08-10 23:57:51 - [TEST_STEP][PASSED] - if (i == 2 &amp;&amp; wildList.indexOf(symbol) != -1): null

2019-08-10 23:57:51 - [TEST_STEP][PASSED] - if (i == 3 &amp;&amp; wildList.indexOf(symbol) != -1): null

2019-08-10 23:57:51 - [TEST_STEP][PASSED] - if (i == 4 &amp;&amp; wildList.indexOf(symbol) != -1): null

2019-08-10 23:57:51 - [TEST_STEP][PASSED] - symbol = symbol: null

2019-08-10 23:57:51 - [TEST_STEP][PASSED] - println(symbol): null

2019-08-10 23:57:51 - [TEST_STEP][PASSED] - if (i == 2 &amp;&amp; wildList.indexOf(symbol) != -1): null

2019-08-10 23:57:51 - [TEST_STEP][PASSED] - if (i == 3 &amp;&amp; wildList.indexOf(symbol) != -1): null

2019-08-10 23:57:51 - [TEST_STEP][PASSED] - if (i == 4 &amp;&amp; wildList.indexOf(symbol) != -1): null

2019-08-10 23:57:51 - [TEST_STEP][PASSED] - symbol = symbol: null

2019-08-10 23:57:51 - [TEST_STEP][PASSED] - println(symbol): null

2019-08-10 23:57:51 - [TEST_STEP][PASSED] - if (i == 2 &amp;&amp; wildList.indexOf(symbol) != -1): null

2019-08-10 23:57:51 - [TEST_STEP][PASSED] - if (i == 3 &amp;&amp; wildList.indexOf(symbol) != -1): null

2019-08-10 23:57:51 - [TEST_STEP][PASSED] - if (i == 4 &amp;&amp; wildList.indexOf(symbol) != -1): null

2019-08-10 23:57:51 - [TEST_STEP][PASSED] - symbols = symbols: null

2019-08-10 23:57:51 - [TEST_STEP][PASSED] - for ([j = 0, j &lt; symbols.size(), (j++)]): null

2019-08-10 23:57:51 - [TEST_STEP][PASSED] - symbol = symbol: null

2019-08-10 23:57:51 - [TEST_STEP][PASSED] - println(symbol): null

2019-08-10 23:57:51 - [TEST_STEP][PASSED] - if (i == 2 &amp;&amp; wildList.indexOf(symbol) != -1): null

2019-08-10 23:57:51 - [TEST_STEP][PASSED] - if (i == 3 &amp;&amp; wildList.indexOf(symbol) != -1): null

2019-08-10 23:57:51 - [TEST_STEP][PASSED] - if (i == 4 &amp;&amp; wildList.indexOf(symbol) != -1): null

2019-08-10 23:57:51 - [TEST_STEP][PASSED] - symbol = symbol: null

2019-08-10 23:57:51 - [TEST_STEP][PASSED] - println(symbol): null

2019-08-10 23:57:51 - [TEST_STEP][PASSED] - if (i == 2 &amp;&amp; wildList.indexOf(symbol) != -1): null

2019-08-10 23:57:51 - [TEST_STEP][PASSED] - if (i == 3 &amp;&amp; wildList.indexOf(symbol) != -1): null

2019-08-10 23:57:51 - [TEST_STEP][PASSED] - if (i == 4 &amp;&amp; wildList.indexOf(symbol) != -1): null

2019-08-10 23:57:51 - [TEST_STEP][PASSED] - symbol = symbol: null

2019-08-10 23:57:51 - [TEST_STEP][PASSED] - println(symbol): null

2019-08-10 23:57:51 - [TEST_STEP][PASSED] - if (i == 2 &amp;&amp; wildList.indexOf(symbol) != -1): null

2019-08-10 23:57:51 - [TEST_STEP][PASSED] - if (i == 3 &amp;&amp; wildList.indexOf(symbol) != -1): null

2019-08-10 23:57:51 - [TEST_STEP][PASSED] - if (i == 4 &amp;&amp; wildList.indexOf(symbol) != -1): null

2019-08-10 23:57:51 - [TEST_STEP][PASSED] - symbols = symbols: null

2019-08-10 23:57:51 - [TEST_STEP][PASSED] - for ([j = 0, j &lt; symbols.size(), (j++)]): null

2019-08-10 23:57:51 - [TEST_STEP][PASSED] - symbol = symbol: null

2019-08-10 23:57:51 - [TEST_STEP][PASSED] - println(symbol): null

2019-08-10 23:57:51 - [TEST_STEP][PASSED] - if (i == 2 &amp;&amp; wildList.indexOf(symbol) != -1): null

2019-08-10 23:57:51 - [TEST_STEP][PASSED] - if (i == 3 &amp;&amp; wildList.indexOf(symbol) != -1): null

2019-08-10 23:57:51 - [TEST_STEP][PASSED] - if (i == 4 &amp;&amp; wildList.indexOf(symbol) != -1): null

2019-08-10 23:57:51 - [TEST_STEP][PASSED] - symbol = symbol: null

2019-08-10 23:57:51 - [TEST_STEP][PASSED] - println(symbol): null

2019-08-10 23:57:51 - [TEST_STEP][PASSED] - if (i == 2 &amp;&amp; wildList.indexOf(symbol) != -1): null

2019-08-10 23:57:51 - [TEST_STEP][PASSED] - if (i == 3 &amp;&amp; wildList.indexOf(symbol) != -1): null

2019-08-10 23:57:51 - [TEST_STEP][PASSED] - if (i == 4 &amp;&amp; wildList.indexOf(symbol) != -1): null

2019-08-10 23:57:51 - [TEST_STEP][PASSED] - symbol = symbol: null

2019-08-10 23:57:51 - [TEST_STEP][PASSED] - println(symbol): null

2019-08-10 23:57:51 - [TEST_STEP][PASSED] - if (i == 2 &amp;&amp; wildList.indexOf(symbol) != -1): null

2019-08-10 23:57:51 - [TEST_STEP][PASSED] - if (i == 3 &amp;&amp; wildList.indexOf(symbol) != -1): null

2019-08-10 23:57:51 - [TEST_STEP][PASSED] - if (i == 4 &amp;&amp; wildList.indexOf(symbol) != -1): null

2019-08-10 23:57:51 - [TEST_STEP][PASSED] - free_spin_reel_counter = free_spin_reel_counter: null

2019-08-10 23:57:51 - [TEST_STEP][PASSED] - println("reel 3 wild found: " + free_spin_reel_counter[0]): null

2019-08-10 23:57:51 - [TEST_STEP][PASSED] - println("reel 4 wild found: " + free_spin_reel_counter[1]): null

2019-08-10 23:57:51 - [TEST_STEP][PASSED] - println("reel 5 wild found: " + free_spin_reel_counter[2]): null

2019-08-10 23:57:51 - [TEST_STEP][PASSED] - M4_spin_reels = M4_spin_reels: null

2019-08-10 23:57:51 - [TEST_STEP][PASSED] - M4_spin_reels_symbols = symbol: null

2019-08-10 23:57:51 - [TEST_STEP][PASSED] - M4_spin_reels_symbols = M4_spin_reels_symbols: null

2019-08-10 23:57:51 - [TEST_STEP][PASSED] - M4_spin_reel_wins = reel_wins: null

2019-08-10 23:57:51 - [TEST_STEP][PASSED] - M4_spin_reel_wins = M4_spin_reel_wins: null

2019-08-10 23:57:51 - [TEST_STEP][PASSED] - println("GlobalVariable.M4_spin_reel_wins is: " + M4_spin_reel_wins): null

2019-08-10 23:57:51 - [TEST_STEP][PASSED] - M4_spin_total_bonus_win_this_round = total_bonus_win_this_round: null

2019-08-10 23:57:51 - [TEST_STEP][PASSED] - M4_spin_total_bonus_win_this_round = M4_spin_total_bonus_win_this_round: null

2019-08-10 23:57:51 - [TEST_STEP][PASSED] - println("GlobalVariable.M4_spin_total_bonus_win_this_round is: " + M4_spin_total_bonus_win_this_round): null

2019-08-10 23:57:51 - [MESSAGE][PASSED] - Verify response successfully

2019-08-10 23:57:51 - [MESSAGE][PASSED] - Send request and verify the response successfully

2019-08-10 23:57:51 - [TEST_STEP][PASSED] - if (M4_total_bonus_spins_int != 0 &amp;&amp; M4_spin_reels_symbols[2].contains("WILD_Double") || M4_spin_reels_symbols[4].contains("WILD_Triple")): null

2019-08-10 23:57:51 - [TEST_STEP][PASSED] - free_spin_reel_counter = free_spin_reel_counter: null

2019-08-10 23:57:51 - [TEST_STEP][PASSED] - M4_spin_reels_symbols = M4_spin_reels_symbols: null

2019-08-10 23:57:51 - [TEST_STEP][PASSED] - M4_total_bonus_spins = M4_total_bonus_spins: null

2019-08-10 23:57:51 - [TEST_STEP][PASSED] - spin_result = sendRequestAndVerify(findTestObject("RGS(M4)/1_M4_spin", ["M4_login_user_id":M4_login_user_id, "rgs_session_token":rgs_session_token, "partner":Partner])): Send request and verify the response successfully

2019-08-10 23:57:52 - [TEST_CASE][PASSED] - Start Test Case : Verification: Verification accomplished successfully

2019-08-10 23:57:52 - [TEST_STEP][PASSED] - request = getInstance().getCurrentRequest(): null

2019-08-10 23:57:52 - [TEST_STEP][PASSED] - response = getInstance().getCurrentResponse(): null

2019-08-10 23:57:52 - [TEST_STEP][PASSED] - verifyResponseStatusCode(response, 200): Verify response status code successfully

2019-08-10 23:57:52 - [MESSAGE][PASSED] - Verify response status code successfully

2019-08-10 23:57:52 - [TEST_STEP][PASSED] - getStatusCode()).isEqualTo(200): null

2019-08-10 23:57:52 - [TEST_STEP][PASSED] - newline = System.getProperty("line.separator"): null

2019-08-10 23:57:52 - [TEST_STEP][PASSED] - M4_spin = new groovy.json.JsonSlurper(): null

2019-08-10 23:57:52 - [TEST_STEP][PASSED] - result_M4_spin = M4_spin.parseText(response.getResponseBodyContent()): null

2019-08-10 23:57:52 - [TEST_STEP][PASSED] - M4_spin_current_balance = current_balance: null

2019-08-10 23:57:52 - [TEST_STEP][PASSED] - M4_spin_current_balance = M4_spin_current_balance: null

2019-08-10 23:57:52 - [TEST_STEP][PASSED] - M4_spin_transaction_id = causality: null

2019-08-10 23:57:52 - [TEST_STEP][PASSED] - M4_spin_transaction_id = M4_spin_transaction_id: null

2019-08-10 23:57:52 - [TEST_STEP][PASSED] - M4_spin_round_id = round_id: null

2019-08-10 23:57:52 - [TEST_STEP][PASSED] - M4_spin_round_id = M4_spin_round_id: null

2019-08-10 23:57:52 - [TEST_STEP][PASSED] - M4_spin_line_wins = line_wins: null

2019-08-10 23:57:52 - [TEST_STEP][PASSED] - M4_spin_line_wins = M4_spin_line_wins: null

2019-08-10 23:57:52 - [TEST_STEP][PASSED] - M4_total_bonus_spins_int = total_bonus_spins: null

2019-08-10 23:57:52 - [TEST_STEP][PASSED] - println("******M4_total_bonus_spins type is:*******" + newline + getClass().getName()): null

2019-08-10 23:57:52 - [TEST_STEP][PASSED] - M4_total_bonus_spins_int = M4_total_bonus_spins_int: null

2019-08-10 23:57:52 - [TEST_STEP][PASSED] - M4_total_bonus_spins = Integer.toString(M4_total_bonus_spins_int): null

2019-08-10 23:57:52 - [TEST_STEP][PASSED] - M4_total_bonus_spins = M4_total_bonus_spins: null

2019-08-10 23:57:52 - [TEST_STEP][PASSED] - println("M4_total_bonus_spins is:" + M4_total_bonus_spins): null

2019-08-10 23:57:52 - [TEST_STEP][PASSED] - M4_spin_bonus_data = bonus_data: null

2019-08-10 23:57:52 - [TEST_STEP][PASSED] - M4_spin_features_triggered = result_M4_spin: null

2019-08-10 23:57:52 - [TEST_STEP][PASSED] - wild = []: null

2019-08-10 23:57:52 - [TEST_STEP][PASSED] - wild[0] = "WILD_Expanding": null

2019-08-10 23:57:52 - [TEST_STEP][PASSED] - wild[1] = "WILD_Normal": null

2019-08-10 23:57:52 - [TEST_STEP][PASSED] - wild[2] = "WILD_Double": null

2019-08-10 23:57:52 - [TEST_STEP][PASSED] - wild[3] = "WILD_ExtraFG": null

2019-08-10 23:57:52 - [TEST_STEP][PASSED] - wild[4] = "WILD_Triple": null

2019-08-10 23:57:52 - [TEST_STEP][PASSED] - wildList = Arrays.asList(wild): null

2019-08-10 23:57:52 - [TEST_STEP][PASSED] - wildList = wildList: null

2019-08-10 23:57:52 - [TEST_STEP][PASSED] - free_spin_reel_counter = []: null

2019-08-10 23:57:52 - [TEST_STEP][PASSED] - free_spin_reel_counter[0] = 0: null

2019-08-10 23:57:52 - [TEST_STEP][PASSED] - free_spin_reel_counter[1] = 0: null

2019-08-10 23:57:52 - [TEST_STEP][PASSED] - free_spin_reel_counter[2] = 0: null

2019-08-10 23:57:52 - [TEST_STEP][PASSED] - M4_spin_reels = reels: null

2019-08-10 23:57:52 - [TEST_STEP][PASSED] - for ([i = 0, i &lt; M4_spin_reels.size(), (i++)]): null

2019-08-10 23:57:52 - [TEST_STEP][PASSED] - symbols = symbols: null

2019-08-10 23:57:52 - [TEST_STEP][PASSED] - for ([j = 0, j &lt; symbols.size(), (j++)]): null

2019-08-10 23:57:52 - [TEST_STEP][PASSED] - symbol = symbol: null

2019-08-10 23:57:52 - [TEST_STEP][PASSED] - println(symbol): null

2019-08-10 23:57:52 - [TEST_STEP][PASSED] - if (i == 2 &amp;&amp; wildList.indexOf(symbol) != -1): null

2019-08-10 23:57:52 - [TEST_STEP][PASSED] - if (i == 3 &amp;&amp; wildList.indexOf(symbol) != -1): null

2019-08-10 23:57:52 - [TEST_STEP][PASSED] - if (i == 4 &amp;&amp; wildList.indexOf(symbol) != -1): null

2019-08-10 23:57:52 - [TEST_STEP][PASSED] - symbol = symbol: null

2019-08-10 23:57:52 - [TEST_STEP][PASSED] - println(symbol): null

2019-08-10 23:57:52 - [TEST_STEP][PASSED] - if (i == 2 &amp;&amp; wildList.indexOf(symbol) != -1): null

2019-08-10 23:57:52 - [TEST_STEP][PASSED] - if (i == 3 &amp;&amp; wildList.indexOf(symbol) != -1): null

2019-08-10 23:57:52 - [TEST_STEP][PASSED] - if (i == 4 &amp;&amp; wildList.indexOf(symbol) != -1): null

2019-08-10 23:57:52 - [TEST_STEP][PASSED] - symbol = symbol: null

2019-08-10 23:57:52 - [TEST_STEP][PASSED] - println(symbol): null

2019-08-10 23:57:52 - [TEST_STEP][PASSED] - if (i == 2 &amp;&amp; wildList.indexOf(symbol) != -1): null

2019-08-10 23:57:52 - [TEST_STEP][PASSED] - if (i == 3 &amp;&amp; wildList.indexOf(symbol) != -1): null

2019-08-10 23:57:52 - [TEST_STEP][PASSED] - if (i == 4 &amp;&amp; wildList.indexOf(symbol) != -1): null

2019-08-10 23:57:52 - [TEST_STEP][PASSED] - symbols = symbols: null

2019-08-10 23:57:52 - [TEST_STEP][PASSED] - for ([j = 0, j &lt; symbols.size(), (j++)]): null

2019-08-10 23:57:52 - [TEST_STEP][PASSED] - symbol = symbol: null

2019-08-10 23:57:52 - [TEST_STEP][PASSED] - println(symbol): null

2019-08-10 23:57:52 - [TEST_STEP][PASSED] - if (i == 2 &amp;&amp; wildList.indexOf(symbol) != -1): null

2019-08-10 23:57:52 - [TEST_STEP][PASSED] - if (i == 3 &amp;&amp; wildList.indexOf(symbol) != -1): null

2019-08-10 23:57:52 - [TEST_STEP][PASSED] - if (i == 4 &amp;&amp; wildList.indexOf(symbol) != -1): null

2019-08-10 23:57:52 - [TEST_STEP][PASSED] - symbol = symbol: null

2019-08-10 23:57:52 - [TEST_STEP][PASSED] - println(symbol): null

2019-08-10 23:57:52 - [TEST_STEP][PASSED] - if (i == 2 &amp;&amp; wildList.indexOf(symbol) != -1): null

2019-08-10 23:57:52 - [TEST_STEP][PASSED] - if (i == 3 &amp;&amp; wildList.indexOf(symbol) != -1): null

2019-08-10 23:57:52 - [TEST_STEP][PASSED] - if (i == 4 &amp;&amp; wildList.indexOf(symbol) != -1): null

2019-08-10 23:57:52 - [TEST_STEP][PASSED] - symbol = symbol: null

2019-08-10 23:57:52 - [TEST_STEP][PASSED] - println(symbol): null

2019-08-10 23:57:52 - [TEST_STEP][PASSED] - if (i == 2 &amp;&amp; wildList.indexOf(symbol) != -1): null

2019-08-10 23:57:52 - [TEST_STEP][PASSED] - if (i == 3 &amp;&amp; wildList.indexOf(symbol) != -1): null

2019-08-10 23:57:52 - [TEST_STEP][PASSED] - if (i == 4 &amp;&amp; wildList.indexOf(symbol) != -1): null

2019-08-10 23:57:52 - [TEST_STEP][PASSED] - symbols = symbols: null

2019-08-10 23:57:52 - [TEST_STEP][PASSED] - for ([j = 0, j &lt; symbols.size(), (j++)]): null

2019-08-10 23:57:52 - [TEST_STEP][PASSED] - symbol = symbol: null

2019-08-10 23:57:52 - [TEST_STEP][PASSED] - println(symbol): null

2019-08-10 23:57:52 - [TEST_STEP][PASSED] - if (i == 2 &amp;&amp; wildList.indexOf(symbol) != -1): null

2019-08-10 23:57:52 - [TEST_STEP][PASSED] - if (i == 3 &amp;&amp; wildList.indexOf(symbol) != -1): null

2019-08-10 23:57:52 - [TEST_STEP][PASSED] - if (i == 4 &amp;&amp; wildList.indexOf(symbol) != -1): null

2019-08-10 23:57:52 - [TEST_STEP][PASSED] - symbol = symbol: null

2019-08-10 23:57:52 - [TEST_STEP][PASSED] - println(symbol): null

2019-08-10 23:57:52 - [TEST_STEP][PASSED] - if (i == 2 &amp;&amp; wildList.indexOf(symbol) != -1): null

2019-08-10 23:57:52 - [TEST_STEP][PASSED] - if (i == 3 &amp;&amp; wildList.indexOf(symbol) != -1): null

2019-08-10 23:57:52 - [TEST_STEP][PASSED] - if (i == 4 &amp;&amp; wildList.indexOf(symbol) != -1): null

2019-08-10 23:57:52 - [TEST_STEP][PASSED] - symbol = symbol: null

2019-08-10 23:57:52 - [TEST_STEP][PASSED] - println(symbol): null

2019-08-10 23:57:52 - [TEST_STEP][PASSED] - if (i == 2 &amp;&amp; wildList.indexOf(symbol) != -1): null

2019-08-10 23:57:52 - [TEST_STEP][PASSED] - if (i == 3 &amp;&amp; wildList.indexOf(symbol) != -1): null

2019-08-10 23:57:52 - [TEST_STEP][PASSED] - if (i == 4 &amp;&amp; wildList.indexOf(symbol) != -1): null

2019-08-10 23:57:52 - [TEST_STEP][PASSED] - symbols = symbols: null

2019-08-10 23:57:52 - [TEST_STEP][PASSED] - for ([j = 0, j &lt; symbols.size(), (j++)]): null

2019-08-10 23:57:52 - [TEST_STEP][PASSED] - symbol = symbol: null

2019-08-10 23:57:52 - [TEST_STEP][PASSED] - println(symbol): null

2019-08-10 23:57:52 - [TEST_STEP][PASSED] - if (i == 2 &amp;&amp; wildList.indexOf(symbol) != -1): null

2019-08-10 23:57:52 - [TEST_STEP][PASSED] - if (i == 3 &amp;&amp; wildList.indexOf(symbol) != -1): null

2019-08-10 23:57:52 - [TEST_STEP][PASSED] - if (i == 4 &amp;&amp; wildList.indexOf(symbol) != -1): null

2019-08-10 23:57:52 - [TEST_STEP][PASSED] - symbol = symbol: null

2019-08-10 23:57:52 - [TEST_STEP][PASSED] - println(symbol): null

2019-08-10 23:57:52 - [TEST_STEP][PASSED] - if (i == 2 &amp;&amp; wildList.indexOf(symbol) != -1): null

2019-08-10 23:57:52 - [TEST_STEP][PASSED] - if (i == 3 &amp;&amp; wildList.indexOf(symbol) != -1): null

2019-08-10 23:57:52 - [TEST_STEP][PASSED] - if (i == 4 &amp;&amp; wildList.indexOf(symbol) != -1): null

2019-08-10 23:57:52 - [TEST_STEP][PASSED] - symbol = symbol: null

2019-08-10 23:57:52 - [TEST_STEP][PASSED] - println(symbol): null

2019-08-10 23:57:52 - [TEST_STEP][PASSED] - if (i == 2 &amp;&amp; wildList.indexOf(symbol) != -1): null

2019-08-10 23:57:52 - [TEST_STEP][PASSED] - if (i == 3 &amp;&amp; wildList.indexOf(symbol) != -1): null

2019-08-10 23:57:52 - [TEST_STEP][PASSED] - if (i == 4 &amp;&amp; wildList.indexOf(symbol) != -1): null

2019-08-10 23:57:52 - [TEST_STEP][PASSED] - symbols = symbols: null

2019-08-10 23:57:52 - [TEST_STEP][PASSED] - for ([j = 0, j &lt; symbols.size(), (j++)]): null

2019-08-10 23:57:52 - [TEST_STEP][PASSED] - symbol = symbol: null

2019-08-10 23:57:52 - [TEST_STEP][PASSED] - println(symbol): null

2019-08-10 23:57:52 - [TEST_STEP][PASSED] - if (i == 2 &amp;&amp; wildList.indexOf(symbol) != -1): null

2019-08-10 23:57:52 - [TEST_STEP][PASSED] - if (i == 3 &amp;&amp; wildList.indexOf(symbol) != -1): null

2019-08-10 23:57:52 - [TEST_STEP][PASSED] - if (i == 4 &amp;&amp; wildList.indexOf(symbol) != -1): null

2019-08-10 23:57:52 - [TEST_STEP][PASSED] - symbol = symbol: null

2019-08-10 23:57:52 - [TEST_STEP][PASSED] - println(symbol): null

2019-08-10 23:57:52 - [TEST_STEP][PASSED] - if (i == 2 &amp;&amp; wildList.indexOf(symbol) != -1): null

2019-08-10 23:57:52 - [TEST_STEP][PASSED] - if (i == 3 &amp;&amp; wildList.indexOf(symbol) != -1): null

2019-08-10 23:57:52 - [TEST_STEP][PASSED] - if (i == 4 &amp;&amp; wildList.indexOf(symbol) != -1): null

2019-08-10 23:57:52 - [TEST_STEP][PASSED] - symbol = symbol: null

2019-08-10 23:57:52 - [TEST_STEP][PASSED] - println(symbol): null

2019-08-10 23:57:52 - [TEST_STEP][PASSED] - if (i == 2 &amp;&amp; wildList.indexOf(symbol) != -1): null

2019-08-10 23:57:52 - [TEST_STEP][PASSED] - if (i == 3 &amp;&amp; wildList.indexOf(symbol) != -1): null

2019-08-10 23:57:52 - [TEST_STEP][PASSED] - if (i == 4 &amp;&amp; wildList.indexOf(symbol) != -1): null

2019-08-10 23:57:52 - [TEST_STEP][PASSED] - free_spin_reel_counter = free_spin_reel_counter: null

2019-08-10 23:57:52 - [TEST_STEP][PASSED] - println("reel 3 wild found: " + free_spin_reel_counter[0]): null

2019-08-10 23:57:52 - [TEST_STEP][PASSED] - println("reel 4 wild found: " + free_spin_reel_counter[1]): null

2019-08-10 23:57:52 - [TEST_STEP][PASSED] - println("reel 5 wild found: " + free_spin_reel_counter[2]): null

2019-08-10 23:57:52 - [TEST_STEP][PASSED] - M4_spin_reels = M4_spin_reels: null

2019-08-10 23:57:52 - [TEST_STEP][PASSED] - M4_spin_reels_symbols = symbol: null

2019-08-10 23:57:52 - [TEST_STEP][PASSED] - M4_spin_reels_symbols = M4_spin_reels_symbols: null

2019-08-10 23:57:52 - [TEST_STEP][PASSED] - M4_spin_reel_wins = reel_wins: null

2019-08-10 23:57:52 - [TEST_STEP][PASSED] - M4_spin_reel_wins = M4_spin_reel_wins: null

2019-08-10 23:57:52 - [TEST_STEP][PASSED] - println("GlobalVariable.M4_spin_reel_wins is: " + M4_spin_reel_wins): null

2019-08-10 23:57:52 - [TEST_STEP][PASSED] - M4_spin_total_bonus_win_this_round = total_bonus_win_this_round: null

2019-08-10 23:57:52 - [TEST_STEP][PASSED] - M4_spin_total_bonus_win_this_round = M4_spin_total_bonus_win_this_round: null

2019-08-10 23:57:52 - [TEST_STEP][PASSED] - println("GlobalVariable.M4_spin_total_bonus_win_this_round is: " + M4_spin_total_bonus_win_this_round): null

2019-08-10 23:57:52 - [MESSAGE][PASSED] - Verify response successfully

2019-08-10 23:57:52 - [MESSAGE][PASSED] - Send request and verify the response successfully

2019-08-10 23:57:52 - [TEST_STEP][PASSED] - if (M4_total_bonus_spins_int != 0 &amp;&amp; M4_spin_reels_symbols[2].contains("WILD_Double") || M4_spin_reels_symbols[4].contains("WILD_Triple")): null

2019-08-10 23:57:52 - [TEST_STEP][PASSED] - free_spin_reel_counter = free_spin_reel_counter: null

2019-08-10 23:57:52 - [TEST_STEP][PASSED] - M4_spin_reels_symbols = M4_spin_reels_symbols: null

2019-08-10 23:57:52 - [TEST_STEP][PASSED] - M4_total_bonus_spins = M4_total_bonus_spins: null

2019-08-10 23:57:52 - [TEST_STEP][PASSED] - spin_result = sendRequestAndVerify(findTestObject("RGS(M4)/1_M4_spin", ["M4_login_user_id":M4_login_user_id, "rgs_session_token":rgs_session_token, "partner":Partner])): Send request and verify the response successfully

2019-08-10 23:57:52 - [TEST_CASE][PASSED] - Start Test Case : Verification: Verification accomplished successfully

2019-08-10 23:57:52 - [TEST_STEP][PASSED] - request = getInstance().getCurrentRequest(): null

2019-08-10 23:57:52 - [TEST_STEP][PASSED] - response = getInstance().getCurrentResponse(): null

2019-08-10 23:57:52 - [TEST_STEP][PASSED] - verifyResponseStatusCode(response, 200): Verify response status code successfully

2019-08-10 23:57:52 - [MESSAGE][PASSED] - Verify response status code successfully

2019-08-10 23:57:52 - [TEST_STEP][PASSED] - getStatusCode()).isEqualTo(200): null

2019-08-10 23:57:52 - [TEST_STEP][PASSED] - newline = System.getProperty("line.separator"): null

2019-08-10 23:57:52 - [TEST_STEP][PASSED] - M4_spin = new groovy.json.JsonSlurper(): null

2019-08-10 23:57:52 - [TEST_STEP][PASSED] - result_M4_spin = M4_spin.parseText(response.getResponseBodyContent()): null

2019-08-10 23:57:52 - [TEST_STEP][PASSED] - M4_spin_current_balance = current_balance: null

2019-08-10 23:57:52 - [TEST_STEP][PASSED] - M4_spin_current_balance = M4_spin_current_balance: null

2019-08-10 23:57:52 - [TEST_STEP][PASSED] - M4_spin_transaction_id = causality: null

2019-08-10 23:57:52 - [TEST_STEP][PASSED] - M4_spin_transaction_id = M4_spin_transaction_id: null

2019-08-10 23:57:52 - [TEST_STEP][PASSED] - M4_spin_round_id = round_id: null

2019-08-10 23:57:52 - [TEST_STEP][PASSED] - M4_spin_round_id = M4_spin_round_id: null

2019-08-10 23:57:52 - [TEST_STEP][PASSED] - M4_spin_line_wins = line_wins: null

2019-08-10 23:57:52 - [TEST_STEP][PASSED] - M4_spin_line_wins = M4_spin_line_wins: null

2019-08-10 23:57:52 - [TEST_STEP][PASSED] - M4_total_bonus_spins_int = total_bonus_spins: null

2019-08-10 23:57:52 - [TEST_STEP][PASSED] - println("******M4_total_bonus_spins type is:*******" + newline + getClass().getName()): null

2019-08-10 23:57:52 - [TEST_STEP][PASSED] - M4_total_bonus_spins_int = M4_total_bonus_spins_int: null

2019-08-10 23:57:52 - [TEST_STEP][PASSED] - M4_total_bonus_spins = Integer.toString(M4_total_bonus_spins_int): null

2019-08-10 23:57:52 - [TEST_STEP][PASSED] - M4_total_bonus_spins = M4_total_bonus_spins: null

2019-08-10 23:57:52 - [TEST_STEP][PASSED] - println("M4_total_bonus_spins is:" + M4_total_bonus_spins): null

2019-08-10 23:57:52 - [TEST_STEP][PASSED] - M4_spin_bonus_data = bonus_data: null

2019-08-10 23:57:52 - [TEST_STEP][PASSED] - M4_spin_features_triggered = result_M4_spin: null

2019-08-10 23:57:52 - [TEST_STEP][PASSED] - wild = []: null

2019-08-10 23:57:52 - [TEST_STEP][PASSED] - wild[0] = "WILD_Expanding": null

2019-08-10 23:57:52 - [TEST_STEP][PASSED] - wild[1] = "WILD_Normal": null

2019-08-10 23:57:52 - [TEST_STEP][PASSED] - wild[2] = "WILD_Double": null

2019-08-10 23:57:52 - [TEST_STEP][PASSED] - wild[3] = "WILD_ExtraFG": null

2019-08-10 23:57:52 - [TEST_STEP][PASSED] - wild[4] = "WILD_Triple": null

2019-08-10 23:57:52 - [TEST_STEP][PASSED] - wildList = Arrays.asList(wild): null

2019-08-10 23:57:52 - [TEST_STEP][PASSED] - wildList = wildList: null

2019-08-10 23:57:52 - [TEST_STEP][PASSED] - free_spin_reel_counter = []: null

2019-08-10 23:57:52 - [TEST_STEP][PASSED] - free_spin_reel_counter[0] = 0: null

2019-08-10 23:57:52 - [TEST_STEP][PASSED] - free_spin_reel_counter[1] = 0: null

2019-08-10 23:57:52 - [TEST_STEP][PASSED] - free_spin_reel_counter[2] = 0: null

2019-08-10 23:57:52 - [TEST_STEP][PASSED] - M4_spin_reels = reels: null

2019-08-10 23:57:52 - [TEST_STEP][PASSED] - for ([i = 0, i &lt; M4_spin_reels.size(), (i++)]): null

2019-08-10 23:57:52 - [TEST_STEP][PASSED] - symbols = symbols: null

2019-08-10 23:57:52 - [TEST_STEP][PASSED] - for ([j = 0, j &lt; symbols.size(), (j++)]): null

2019-08-10 23:57:52 - [TEST_STEP][PASSED] - symbol = symbol: null

2019-08-10 23:57:52 - [TEST_STEP][PASSED] - println(symbol): null

2019-08-10 23:57:52 - [TEST_STEP][PASSED] - if (i == 2 &amp;&amp; wildList.indexOf(symbol) != -1): null

2019-08-10 23:57:52 - [TEST_STEP][PASSED] - if (i == 3 &amp;&amp; wildList.indexOf(symbol) != -1): null

2019-08-10 23:57:52 - [TEST_STEP][PASSED] - if (i == 4 &amp;&amp; wildList.indexOf(symbol) != -1): null

2019-08-10 23:57:52 - [TEST_STEP][PASSED] - symbol = symbol: null

2019-08-10 23:57:52 - [TEST_STEP][PASSED] - println(symbol): null

2019-08-10 23:57:52 - [TEST_STEP][PASSED] - if (i == 2 &amp;&amp; wildList.indexOf(symbol) != -1): null

2019-08-10 23:57:52 - [TEST_STEP][PASSED] - if (i == 3 &amp;&amp; wildList.indexOf(symbol) != -1): null

2019-08-10 23:57:52 - [TEST_STEP][PASSED] - if (i == 4 &amp;&amp; wildList.indexOf(symbol) != -1): null

2019-08-10 23:57:52 - [TEST_STEP][PASSED] - symbol = symbol: null

2019-08-10 23:57:52 - [TEST_STEP][PASSED] - println(symbol): null

2019-08-10 23:57:52 - [TEST_STEP][PASSED] - if (i == 2 &amp;&amp; wildList.indexOf(symbol) != -1): null

2019-08-10 23:57:52 - [TEST_STEP][PASSED] - if (i == 3 &amp;&amp; wildList.indexOf(symbol) != -1): null

2019-08-10 23:57:52 - [TEST_STEP][PASSED] - if (i == 4 &amp;&amp; wildList.indexOf(symbol) != -1): null

2019-08-10 23:57:52 - [TEST_STEP][PASSED] - symbols = symbols: null

2019-08-10 23:57:52 - [TEST_STEP][PASSED] - for ([j = 0, j &lt; symbols.size(), (j++)]): null

2019-08-10 23:57:52 - [TEST_STEP][PASSED] - symbol = symbol: null

2019-08-10 23:57:52 - [TEST_STEP][PASSED] - println(symbol): null

2019-08-10 23:57:52 - [TEST_STEP][PASSED] - if (i == 2 &amp;&amp; wildList.indexOf(symbol) != -1): null

2019-08-10 23:57:52 - [TEST_STEP][PASSED] - if (i == 3 &amp;&amp; wildList.indexOf(symbol) != -1): null

2019-08-10 23:57:52 - [TEST_STEP][PASSED] - if (i == 4 &amp;&amp; wildList.indexOf(symbol) != -1): null

2019-08-10 23:57:52 - [TEST_STEP][PASSED] - symbol = symbol: null

2019-08-10 23:57:52 - [TEST_STEP][PASSED] - println(symbol): null

2019-08-10 23:57:52 - [TEST_STEP][PASSED] - if (i == 2 &amp;&amp; wildList.indexOf(symbol) != -1): null

2019-08-10 23:57:52 - [TEST_STEP][PASSED] - if (i == 3 &amp;&amp; wildList.indexOf(symbol) != -1): null

2019-08-10 23:57:52 - [TEST_STEP][PASSED] - if (i == 4 &amp;&amp; wildList.indexOf(symbol) != -1): null

2019-08-10 23:57:52 - [TEST_STEP][PASSED] - symbol = symbol: null

2019-08-10 23:57:52 - [TEST_STEP][PASSED] - println(symbol): null

2019-08-10 23:57:52 - [TEST_STEP][PASSED] - if (i == 2 &amp;&amp; wildList.indexOf(symbol) != -1): null

2019-08-10 23:57:52 - [TEST_STEP][PASSED] - if (i == 3 &amp;&amp; wildList.indexOf(symbol) != -1): null

2019-08-10 23:57:52 - [TEST_STEP][PASSED] - if (i == 4 &amp;&amp; wildList.indexOf(symbol) != -1): null

2019-08-10 23:57:52 - [TEST_STEP][PASSED] - symbols = symbols: null

2019-08-10 23:57:52 - [TEST_STEP][PASSED] - for ([j = 0, j &lt; symbols.size(), (j++)]): null

2019-08-10 23:57:52 - [TEST_STEP][PASSED] - symbol = symbol: null

2019-08-10 23:57:52 - [TEST_STEP][PASSED] - println(symbol): null

2019-08-10 23:57:52 - [TEST_STEP][PASSED] - if (i == 2 &amp;&amp; wildList.indexOf(symbol) != -1): null

2019-08-10 23:57:52 - [TEST_STEP][PASSED] - if (i == 3 &amp;&amp; wildList.indexOf(symbol) != -1): null

2019-08-10 23:57:52 - [TEST_STEP][PASSED] - if (i == 4 &amp;&amp; wildList.indexOf(symbol) != -1): null

2019-08-10 23:57:52 - [TEST_STEP][PASSED] - symbol = symbol: null

2019-08-10 23:57:52 - [TEST_STEP][PASSED] - println(symbol): null

2019-08-10 23:57:52 - [TEST_STEP][PASSED] - if (i == 2 &amp;&amp; wildList.indexOf(symbol) != -1): null

2019-08-10 23:57:52 - [TEST_STEP][PASSED] - if (i == 3 &amp;&amp; wildList.indexOf(symbol) != -1): null

2019-08-10 23:57:52 - [TEST_STEP][PASSED] - if (i == 4 &amp;&amp; wildList.indexOf(symbol) != -1): null

2019-08-10 23:57:52 - [TEST_STEP][PASSED] - symbol = symbol: null

2019-08-10 23:57:52 - [TEST_STEP][PASSED] - println(symbol): null

2019-08-10 23:57:52 - [TEST_STEP][PASSED] - if (i == 2 &amp;&amp; wildList.indexOf(symbol) != -1): null

2019-08-10 23:57:52 - [TEST_STEP][PASSED] - println("wild found on reel 3, adding counter by 1"): null

2019-08-10 23:57:52 - [TEST_STEP][PASSED] - free_spin_reel_counter[0] = free_spin_reel_counter[0] + 1: null

2019-08-10 23:57:57 - [TEST_STEP][PASSED] - if (i == 3 &amp;&amp; wildList.indexOf(symbol) != -1): null

2019-08-10 23:57:57 - [TEST_STEP][PASSED] - if (i == 4 &amp;&amp; wildList.indexOf(symbol) != -1): null

2019-08-10 23:57:57 - [TEST_STEP][PASSED] - symbols = symbols: null

2019-08-10 23:57:57 - [TEST_STEP][PASSED] - for ([j = 0, j &lt; symbols.size(), (j++)]): null

2019-08-10 23:57:57 - [TEST_STEP][PASSED] - symbol = symbol: null

2019-08-10 23:57:57 - [TEST_STEP][PASSED] - println(symbol): null

2019-08-10 23:57:57 - [TEST_STEP][PASSED] - if (i == 2 &amp;&amp; wildList.indexOf(symbol) != -1): null

2019-08-10 23:57:57 - [TEST_STEP][PASSED] - if (i == 3 &amp;&amp; wildList.indexOf(symbol) != -1): null

2019-08-10 23:57:57 - [TEST_STEP][PASSED] - if (i == 4 &amp;&amp; wildList.indexOf(symbol) != -1): null

2019-08-10 23:58:02 - [TEST_STEP][PASSED] - symbol = symbol: null

2019-08-10 23:58:02 - [TEST_STEP][PASSED] - println(symbol): null

2019-08-10 23:58:02 - [TEST_STEP][PASSED] - if (i == 2 &amp;&amp; wildList.indexOf(symbol) != -1): null

2019-08-10 23:58:02 - [TEST_STEP][PASSED] - if (i == 3 &amp;&amp; wildList.indexOf(symbol) != -1): null

2019-08-10 23:58:02 - [TEST_STEP][PASSED] - if (i == 4 &amp;&amp; wildList.indexOf(symbol) != -1): null

2019-08-10 23:58:02 - [TEST_STEP][PASSED] - symbol = symbol: null

2019-08-10 23:58:07 - [TEST_STEP][PASSED] - println(symbol): null

2019-08-10 23:58:07 - [TEST_STEP][PASSED] - if (i == 2 &amp;&amp; wildList.indexOf(symbol) != -1): null

2019-08-10 23:58:07 - [TEST_STEP][PASSED] - if (i == 3 &amp;&amp; wildList.indexOf(symbol) != -1): null

2019-08-10 23:58:07 - [TEST_STEP][PASSED] - if (i == 4 &amp;&amp; wildList.indexOf(symbol) != -1): null

2019-08-10 23:58:07 - [TEST_STEP][PASSED] - symbols = symbols: null

2019-08-10 23:58:07 - [TEST_STEP][PASSED] - for ([j = 0, j &lt; symbols.size(), (j++)]): null

2019-08-10 23:58:07 - [TEST_STEP][PASSED] - symbol = symbol: null

2019-08-10 23:58:07 - [TEST_STEP][PASSED] - println(symbol): null

2019-08-10 23:58:07 - [TEST_STEP][PASSED] - if (i == 2 &amp;&amp; wildList.indexOf(symbol) != -1): null

2019-08-10 23:58:07 - [TEST_STEP][PASSED] - if (i == 3 &amp;&amp; wildList.indexOf(symbol) != -1): null

2019-08-10 23:58:07 - [TEST_STEP][PASSED] - if (i == 4 &amp;&amp; wildList.indexOf(symbol) != -1): null

2019-08-10 23:58:07 - [TEST_STEP][PASSED] - symbol = symbol: null

2019-08-10 23:58:07 - [TEST_STEP][PASSED] - println(symbol): null

2019-08-10 23:58:07 - [TEST_STEP][PASSED] - if (i == 2 &amp;&amp; wildList.indexOf(symbol) != -1): null

2019-08-10 23:58:07 - [TEST_STEP][PASSED] - if (i == 3 &amp;&amp; wildList.indexOf(symbol) != -1): null

2019-08-10 23:58:07 - [TEST_STEP][PASSED] - if (i == 4 &amp;&amp; wildList.indexOf(symbol) != -1): null

2019-08-10 23:58:07 - [TEST_STEP][PASSED] - symbol = symbol: null

2019-08-10 23:58:07 - [TEST_STEP][PASSED] - println(symbol): null

2019-08-10 23:58:07 - [TEST_STEP][PASSED] - if (i == 2 &amp;&amp; wildList.indexOf(symbol) != -1): null

2019-08-10 23:58:07 - [TEST_STEP][PASSED] - if (i == 3 &amp;&amp; wildList.indexOf(symbol) != -1): null

2019-08-10 23:58:07 - [TEST_STEP][PASSED] - if (i == 4 &amp;&amp; wildList.indexOf(symbol) != -1): null

2019-08-10 23:58:07 - [TEST_STEP][PASSED] - free_spin_reel_counter = free_spin_reel_counter: null

2019-08-10 23:58:07 - [TEST_STEP][PASSED] - println("reel 3 wild found: " + free_spin_reel_counter[0]): null

2019-08-10 23:58:07 - [TEST_STEP][PASSED] - println("reel 4 wild found: " + free_spin_reel_counter[1]): null

2019-08-10 23:58:07 - [TEST_STEP][PASSED] - println("reel 5 wild found: " + free_spin_reel_counter[2]): null

2019-08-10 23:58:07 - [TEST_STEP][PASSED] - M4_spin_reels = M4_spin_reels: null

2019-08-10 23:58:07 - [TEST_STEP][PASSED] - M4_spin_reels_symbols = symbol: null

2019-08-10 23:58:07 - [TEST_STEP][PASSED] - M4_spin_reels_symbols = M4_spin_reels_symbols: null

2019-08-10 23:58:07 - [TEST_STEP][PASSED] - M4_spin_reel_wins = reel_wins: null

2019-08-10 23:58:07 - [TEST_STEP][PASSED] - M4_spin_reel_wins = M4_spin_reel_wins: null

2019-08-10 23:58:07 - [TEST_STEP][PASSED] - println("GlobalVariable.M4_spin_reel_wins is: " + M4_spin_reel_wins): null

2019-08-10 23:58:07 - [TEST_STEP][PASSED] - M4_spin_total_bonus_win_this_round = total_bonus_win_this_round: null

2019-08-10 23:58:07 - [TEST_STEP][PASSED] - M4_spin_total_bonus_win_this_round = M4_spin_total_bonus_win_this_round: null

2019-08-10 23:58:07 - [TEST_STEP][PASSED] - println("GlobalVariable.M4_spin_total_bonus_win_this_round is: " + M4_spin_total_bonus_win_this_round): null

2019-08-10 23:58:07 - [MESSAGE][PASSED] - Verify response successfully

2019-08-10 23:58:07 - [MESSAGE][PASSED] - Send request and verify the response successfully

2019-08-10 23:58:07 - [TEST_STEP][PASSED] - if (M4_total_bonus_spins_int != 0 &amp;&amp; M4_spin_reels_symbols[2].contains("WILD_Double") || M4_spin_reels_symbols[4].contains("WILD_Triple")): null

2019-08-10 23:58:07 - [TEST_STEP][PASSED] - free_spin_reel_counter = free_spin_reel_counter: null

2019-08-10 23:58:07 - [TEST_STEP][PASSED] - M4_spin_reels_symbols = M4_spin_reels_symbols: null

2019-08-10 23:58:07 - [TEST_STEP][PASSED] - M4_total_bonus_spins = M4_total_bonus_spins: null

2019-08-10 23:58:07 - [TEST_STEP][PASSED] - spin_result = sendRequestAndVerify(findTestObject("RGS(M4)/1_M4_spin", ["M4_login_user_id":M4_login_user_id, "rgs_session_token":rgs_session_token, "partner":Partner])): Send request and verify the response successfully

2019-08-10 23:58:08 - [TEST_CASE][PASSED] - Start Test Case : Verification: Verification accomplished successfully

2019-08-10 23:58:08 - [TEST_STEP][PASSED] - request = getInstance().getCurrentRequest(): null

2019-08-10 23:58:08 - [TEST_STEP][PASSED] - response = getInstance().getCurrentResponse(): null

2019-08-10 23:58:08 - [TEST_STEP][PASSED] - verifyResponseStatusCode(response, 200): Verify response status code successfully

2019-08-10 23:58:08 - [MESSAGE][PASSED] - Verify response status code successfully

2019-08-10 23:58:08 - [TEST_STEP][PASSED] - getStatusCode()).isEqualTo(200): null

2019-08-10 23:58:08 - [TEST_STEP][PASSED] - newline = System.getProperty("line.separator"): null

2019-08-10 23:58:08 - [TEST_STEP][PASSED] - M4_spin = new groovy.json.JsonSlurper(): null

2019-08-10 23:58:08 - [TEST_STEP][PASSED] - result_M4_spin = M4_spin.parseText(response.getResponseBodyContent()): null

2019-08-10 23:58:08 - [TEST_STEP][PASSED] - M4_spin_current_balance = current_balance: null

2019-08-10 23:58:08 - [TEST_STEP][PASSED] - M4_spin_current_balance = M4_spin_current_balance: null

2019-08-10 23:58:08 - [TEST_STEP][PASSED] - M4_spin_transaction_id = causality: null

2019-08-10 23:58:08 - [TEST_STEP][PASSED] - M4_spin_transaction_id = M4_spin_transaction_id: null

2019-08-10 23:58:08 - [TEST_STEP][PASSED] - M4_spin_round_id = round_id: null

2019-08-10 23:58:08 - [TEST_STEP][PASSED] - M4_spin_round_id = M4_spin_round_id: null

2019-08-10 23:58:08 - [TEST_STEP][PASSED] - M4_spin_line_wins = line_wins: null

2019-08-10 23:58:08 - [TEST_STEP][PASSED] - M4_spin_line_wins = M4_spin_line_wins: null

2019-08-10 23:58:08 - [TEST_STEP][PASSED] - M4_total_bonus_spins_int = total_bonus_spins: null

2019-08-10 23:58:08 - [TEST_STEP][PASSED] - println("******M4_total_bonus_spins type is:*******" + newline + getClass().getName()): null

2019-08-10 23:58:08 - [TEST_STEP][PASSED] - M4_total_bonus_spins_int = M4_total_bonus_spins_int: null

2019-08-10 23:58:08 - [TEST_STEP][PASSED] - M4_total_bonus_spins = Integer.toString(M4_total_bonus_spins_int): null

2019-08-10 23:58:08 - [TEST_STEP][PASSED] - M4_total_bonus_spins = M4_total_bonus_spins: null

2019-08-10 23:58:08 - [TEST_STEP][PASSED] - println("M4_total_bonus_spins is:" + M4_total_bonus_spins): null

2019-08-10 23:58:08 - [TEST_STEP][PASSED] - M4_spin_bonus_data = bonus_data: null

2019-08-10 23:58:08 - [TEST_STEP][PASSED] - M4_spin_features_triggered = result_M4_spin: null

2019-08-10 23:58:08 - [TEST_STEP][PASSED] - wild = []: null

2019-08-10 23:58:08 - [TEST_STEP][PASSED] - wild[0] = "WILD_Expanding": null

2019-08-10 23:58:08 - [TEST_STEP][PASSED] - wild[1] = "WILD_Normal": null

2019-08-10 23:58:08 - [TEST_STEP][PASSED] - wild[2] = "WILD_Double": null

2019-08-10 23:58:08 - [TEST_STEP][PASSED] - wild[3] = "WILD_ExtraFG": null

2019-08-10 23:58:08 - [TEST_STEP][PASSED] - wild[4] = "WILD_Triple": null

2019-08-10 23:58:08 - [TEST_STEP][PASSED] - wildList = Arrays.asList(wild): null

2019-08-10 23:58:08 - [TEST_STEP][PASSED] - wildList = wildList: null

2019-08-10 23:58:08 - [TEST_STEP][PASSED] - free_spin_reel_counter = []: null

2019-08-10 23:58:08 - [TEST_STEP][PASSED] - free_spin_reel_counter[0] = 0: null

2019-08-10 23:58:08 - [TEST_STEP][PASSED] - free_spin_reel_counter[1] = 0: null

2019-08-10 23:58:08 - [TEST_STEP][PASSED] - free_spin_reel_counter[2] = 0: null

2019-08-10 23:58:08 - [TEST_STEP][PASSED] - M4_spin_reels = reels: null

2019-08-10 23:58:08 - [TEST_STEP][PASSED] - for ([i = 0, i &lt; M4_spin_reels.size(), (i++)]): null

2019-08-10 23:58:08 - [TEST_STEP][PASSED] - symbols = symbols: null

2019-08-10 23:58:08 - [TEST_STEP][PASSED] - for ([j = 0, j &lt; symbols.size(), (j++)]): null

2019-08-10 23:58:08 - [TEST_STEP][PASSED] - symbol = symbol: null

2019-08-10 23:58:08 - [TEST_STEP][PASSED] - println(symbol): null

2019-08-10 23:58:08 - [TEST_STEP][PASSED] - if (i == 2 &amp;&amp; wildList.indexOf(symbol) != -1): null

2019-08-10 23:58:08 - [TEST_STEP][PASSED] - if (i == 3 &amp;&amp; wildList.indexOf(symbol) != -1): null

2019-08-10 23:58:08 - [TEST_STEP][PASSED] - if (i == 4 &amp;&amp; wildList.indexOf(symbol) != -1): null

2019-08-10 23:58:08 - [TEST_STEP][PASSED] - symbol = symbol: null

2019-08-10 23:58:08 - [TEST_STEP][PASSED] - println(symbol): null

2019-08-10 23:58:08 - [TEST_STEP][PASSED] - if (i == 2 &amp;&amp; wildList.indexOf(symbol) != -1): null

2019-08-10 23:58:08 - [TEST_STEP][PASSED] - if (i == 3 &amp;&amp; wildList.indexOf(symbol) != -1): null

2019-08-10 23:58:08 - [TEST_STEP][PASSED] - if (i == 4 &amp;&amp; wildList.indexOf(symbol) != -1): null

2019-08-10 23:58:08 - [TEST_STEP][PASSED] - symbol = symbol: null

2019-08-10 23:58:08 - [TEST_STEP][PASSED] - println(symbol): null

2019-08-10 23:58:08 - [TEST_STEP][PASSED] - if (i == 2 &amp;&amp; wildList.indexOf(symbol) != -1): null

2019-08-10 23:58:08 - [TEST_STEP][PASSED] - if (i == 3 &amp;&amp; wildList.indexOf(symbol) != -1): null

2019-08-10 23:58:08 - [TEST_STEP][PASSED] - if (i == 4 &amp;&amp; wildList.indexOf(symbol) != -1): null

2019-08-10 23:58:08 - [TEST_STEP][PASSED] - symbols = symbols: null

2019-08-10 23:58:08 - [TEST_STEP][PASSED] - for ([j = 0, j &lt; symbols.size(), (j++)]): null

2019-08-10 23:58:08 - [TEST_STEP][PASSED] - symbol = symbol: null

2019-08-10 23:58:08 - [TEST_STEP][PASSED] - println(symbol): null

2019-08-10 23:58:08 - [TEST_STEP][PASSED] - if (i == 2 &amp;&amp; wildList.indexOf(symbol) != -1): null

2019-08-10 23:58:08 - [TEST_STEP][PASSED] - if (i == 3 &amp;&amp; wildList.indexOf(symbol) != -1): null

2019-08-10 23:58:08 - [TEST_STEP][PASSED] - if (i == 4 &amp;&amp; wildList.indexOf(symbol) != -1): null

2019-08-10 23:58:08 - [TEST_STEP][PASSED] - symbol = symbol: null

2019-08-10 23:58:08 - [TEST_STEP][PASSED] - println(symbol): null

2019-08-10 23:58:08 - [TEST_STEP][PASSED] - if (i == 2 &amp;&amp; wildList.indexOf(symbol) != -1): null

2019-08-10 23:58:08 - [TEST_STEP][PASSED] - if (i == 3 &amp;&amp; wildList.indexOf(symbol) != -1): null

2019-08-10 23:58:08 - [TEST_STEP][PASSED] - if (i == 4 &amp;&amp; wildList.indexOf(symbol) != -1): null

2019-08-10 23:58:08 - [TEST_STEP][PASSED] - symbol = symbol: null

2019-08-10 23:58:08 - [TEST_STEP][PASSED] - println(symbol): null

2019-08-10 23:58:08 - [TEST_STEP][PASSED] - if (i == 2 &amp;&amp; wildList.indexOf(symbol) != -1): null

2019-08-10 23:58:08 - [TEST_STEP][PASSED] - if (i == 3 &amp;&amp; wildList.indexOf(symbol) != -1): null

2019-08-10 23:58:08 - [TEST_STEP][PASSED] - if (i == 4 &amp;&amp; wildList.indexOf(symbol) != -1): null

2019-08-10 23:58:08 - [TEST_STEP][PASSED] - symbols = symbols: null

2019-08-10 23:58:08 - [TEST_STEP][PASSED] - for ([j = 0, j &lt; symbols.size(), (j++)]): null

2019-08-10 23:58:08 - [TEST_STEP][PASSED] - symbol = symbol: null

2019-08-10 23:58:08 - [TEST_STEP][PASSED] - println(symbol): null

2019-08-10 23:58:08 - [TEST_STEP][PASSED] - if (i == 2 &amp;&amp; wildList.indexOf(symbol) != -1): null

2019-08-10 23:58:08 - [TEST_STEP][PASSED] - if (i == 3 &amp;&amp; wildList.indexOf(symbol) != -1): null

2019-08-10 23:58:08 - [TEST_STEP][PASSED] - if (i == 4 &amp;&amp; wildList.indexOf(symbol) != -1): null

2019-08-10 23:58:08 - [TEST_STEP][PASSED] - symbol = symbol: null

2019-08-10 23:58:08 - [TEST_STEP][PASSED] - println(symbol): null

2019-08-10 23:58:08 - [TEST_STEP][PASSED] - if (i == 2 &amp;&amp; wildList.indexOf(symbol) != -1): null

2019-08-10 23:58:08 - [TEST_STEP][PASSED] - if (i == 3 &amp;&amp; wildList.indexOf(symbol) != -1): null

2019-08-10 23:58:08 - [TEST_STEP][PASSED] - if (i == 4 &amp;&amp; wildList.indexOf(symbol) != -1): null

2019-08-10 23:58:08 - [TEST_STEP][PASSED] - symbol = symbol: null

2019-08-10 23:58:08 - [TEST_STEP][PASSED] - println(symbol): null

2019-08-10 23:58:08 - [TEST_STEP][PASSED] - if (i == 2 &amp;&amp; wildList.indexOf(symbol) != -1): null

2019-08-10 23:58:08 - [TEST_STEP][PASSED] - if (i == 3 &amp;&amp; wildList.indexOf(symbol) != -1): null

2019-08-10 23:58:08 - [TEST_STEP][PASSED] - if (i == 4 &amp;&amp; wildList.indexOf(symbol) != -1): null

2019-08-10 23:58:08 - [TEST_STEP][PASSED] - symbols = symbols: null

2019-08-10 23:58:08 - [TEST_STEP][PASSED] - for ([j = 0, j &lt; symbols.size(), (j++)]): null

2019-08-10 23:58:08 - [TEST_STEP][PASSED] - symbol = symbol: null

2019-08-10 23:58:08 - [TEST_STEP][PASSED] - println(symbol): null

2019-08-10 23:58:08 - [TEST_STEP][PASSED] - if (i == 2 &amp;&amp; wildList.indexOf(symbol) != -1): null

2019-08-10 23:58:08 - [TEST_STEP][PASSED] - if (i == 3 &amp;&amp; wildList.indexOf(symbol) != -1): null

2019-08-10 23:58:08 - [TEST_STEP][PASSED] - if (i == 4 &amp;&amp; wildList.indexOf(symbol) != -1): null

2019-08-10 23:58:08 - [TEST_STEP][PASSED] - symbol = symbol: null

2019-08-10 23:58:08 - [TEST_STEP][PASSED] - println(symbol): null

2019-08-10 23:58:08 - [TEST_STEP][PASSED] - if (i == 2 &amp;&amp; wildList.indexOf(symbol) != -1): null

2019-08-10 23:58:08 - [TEST_STEP][PASSED] - if (i == 3 &amp;&amp; wildList.indexOf(symbol) != -1): null

2019-08-10 23:58:08 - [TEST_STEP][PASSED] - if (i == 4 &amp;&amp; wildList.indexOf(symbol) != -1): null

2019-08-10 23:58:08 - [TEST_STEP][PASSED] - symbol = symbol: null

2019-08-10 23:58:08 - [TEST_STEP][PASSED] - println(symbol): null

2019-08-10 23:58:08 - [TEST_STEP][PASSED] - if (i == 2 &amp;&amp; wildList.indexOf(symbol) != -1): null

2019-08-10 23:58:08 - [TEST_STEP][PASSED] - if (i == 3 &amp;&amp; wildList.indexOf(symbol) != -1): null

2019-08-10 23:58:08 - [TEST_STEP][PASSED] - if (i == 4 &amp;&amp; wildList.indexOf(symbol) != -1): null

2019-08-10 23:58:08 - [TEST_STEP][PASSED] - symbols = symbols: null

2019-08-10 23:58:08 - [TEST_STEP][PASSED] - for ([j = 0, j &lt; symbols.size(), (j++)]): null

2019-08-10 23:58:08 - [TEST_STEP][PASSED] - symbol = symbol: null

2019-08-10 23:58:08 - [TEST_STEP][PASSED] - println(symbol): null

2019-08-10 23:58:08 - [TEST_STEP][PASSED] - if (i == 2 &amp;&amp; wildList.indexOf(symbol) != -1): null

2019-08-10 23:58:08 - [TEST_STEP][PASSED] - if (i == 3 &amp;&amp; wildList.indexOf(symbol) != -1): null

2019-08-10 23:58:08 - [TEST_STEP][PASSED] - if (i == 4 &amp;&amp; wildList.indexOf(symbol) != -1): null

2019-08-10 23:58:08 - [TEST_STEP][PASSED] - symbol = symbol: null

2019-08-10 23:58:08 - [TEST_STEP][PASSED] - println(symbol): null

2019-08-10 23:58:08 - [TEST_STEP][PASSED] - if (i == 2 &amp;&amp; wildList.indexOf(symbol) != -1): null

2019-08-10 23:58:08 - [TEST_STEP][PASSED] - if (i == 3 &amp;&amp; wildList.indexOf(symbol) != -1): null

2019-08-10 23:58:08 - [TEST_STEP][PASSED] - if (i == 4 &amp;&amp; wildList.indexOf(symbol) != -1): null

2019-08-10 23:58:08 - [TEST_STEP][PASSED] - symbol = symbol: null

2019-08-10 23:58:08 - [TEST_STEP][PASSED] - println(symbol): null

2019-08-10 23:58:08 - [TEST_STEP][PASSED] - if (i == 2 &amp;&amp; wildList.indexOf(symbol) != -1): null

2019-08-10 23:58:08 - [TEST_STEP][PASSED] - if (i == 3 &amp;&amp; wildList.indexOf(symbol) != -1): null

2019-08-10 23:58:08 - [TEST_STEP][PASSED] - if (i == 4 &amp;&amp; wildList.indexOf(symbol) != -1): null

2019-08-10 23:58:08 - [TEST_STEP][PASSED] - free_spin_reel_counter = free_spin_reel_counter: null

2019-08-10 23:58:08 - [TEST_STEP][PASSED] - println("reel 3 wild found: " + free_spin_reel_counter[0]): null

2019-08-10 23:58:08 - [TEST_STEP][PASSED] - println("reel 4 wild found: " + free_spin_reel_counter[1]): null

2019-08-10 23:58:08 - [TEST_STEP][PASSED] - println("reel 5 wild found: " + free_spin_reel_counter[2]): null

2019-08-10 23:58:08 - [TEST_STEP][PASSED] - M4_spin_reels = M4_spin_reels: null

2019-08-10 23:58:08 - [TEST_STEP][PASSED] - M4_spin_reels_symbols = symbol: null

2019-08-10 23:58:08 - [TEST_STEP][PASSED] - M4_spin_reels_symbols = M4_spin_reels_symbols: null

2019-08-10 23:58:08 - [TEST_STEP][PASSED] - M4_spin_reel_wins = reel_wins: null

2019-08-10 23:58:08 - [TEST_STEP][PASSED] - M4_spin_reel_wins = M4_spin_reel_wins: null

2019-08-10 23:58:08 - [TEST_STEP][PASSED] - println("GlobalVariable.M4_spin_reel_wins is: " + M4_spin_reel_wins): null

2019-08-10 23:58:08 - [TEST_STEP][PASSED] - M4_spin_total_bonus_win_this_round = total_bonus_win_this_round: null

2019-08-10 23:58:08 - [TEST_STEP][PASSED] - M4_spin_total_bonus_win_this_round = M4_spin_total_bonus_win_this_round: null

2019-08-10 23:58:08 - [TEST_STEP][PASSED] - println("GlobalVariable.M4_spin_total_bonus_win_this_round is: " + M4_spin_total_bonus_win_this_round): null

2019-08-10 23:58:08 - [MESSAGE][PASSED] - Verify response successfully

2019-08-10 23:58:08 - [MESSAGE][PASSED] - Send request and verify the response successfully

2019-08-10 23:58:08 - [TEST_STEP][PASSED] - if (M4_total_bonus_spins_int != 0 &amp;&amp; M4_spin_reels_symbols[2].contains("WILD_Double") || M4_spin_reels_symbols[4].contains("WILD_Triple")): null

2019-08-10 23:58:08 - [TEST_STEP][PASSED] - free_spin_reel_counter = free_spin_reel_counter: null

2019-08-10 23:58:08 - [TEST_STEP][PASSED] - M4_spin_reels_symbols = M4_spin_reels_symbols: null

2019-08-10 23:58:08 - [TEST_STEP][PASSED] - M4_total_bonus_spins = M4_total_bonus_spins: null

2019-08-10 23:58:08 - [TEST_STEP][PASSED] - spin_result = sendRequestAndVerify(findTestObject("RGS(M4)/1_M4_spin", ["M4_login_user_id":M4_login_user_id, "rgs_session_token":rgs_session_token, "partner":Partner])): Send request and verify the response successfully

2019-08-10 23:58:08 - [TEST_CASE][PASSED] - Start Test Case : Verification: Verification accomplished successfully

2019-08-10 23:58:08 - [TEST_STEP][PASSED] - request = getInstance().getCurrentRequest(): null

2019-08-10 23:58:09 - [TEST_STEP][PASSED] - response = getInstance().getCurrentResponse(): null

2019-08-10 23:58:09 - [TEST_STEP][PASSED] - verifyResponseStatusCode(response, 200): Verify response status code successfully

2019-08-10 23:58:09 - [MESSAGE][PASSED] - Verify response status code successfully

2019-08-10 23:58:09 - [TEST_STEP][PASSED] - getStatusCode()).isEqualTo(200): null

2019-08-10 23:58:09 - [TEST_STEP][PASSED] - newline = System.getProperty("line.separator"): null

2019-08-10 23:58:09 - [TEST_STEP][PASSED] - M4_spin = new groovy.json.JsonSlurper(): null

2019-08-10 23:58:09 - [TEST_STEP][PASSED] - result_M4_spin = M4_spin.parseText(response.getResponseBodyContent()): null

2019-08-10 23:58:09 - [TEST_STEP][PASSED] - M4_spin_current_balance = current_balance: null

2019-08-10 23:58:09 - [TEST_STEP][PASSED] - M4_spin_current_balance = M4_spin_current_balance: null

2019-08-10 23:58:09 - [TEST_STEP][PASSED] - M4_spin_transaction_id = causality: null

2019-08-10 23:58:09 - [TEST_STEP][PASSED] - M4_spin_transaction_id = M4_spin_transaction_id: null

2019-08-10 23:58:09 - [TEST_STEP][PASSED] - M4_spin_round_id = round_id: null

2019-08-10 23:58:09 - [TEST_STEP][PASSED] - M4_spin_round_id = M4_spin_round_id: null

2019-08-10 23:58:09 - [TEST_STEP][PASSED] - M4_spin_line_wins = line_wins: null

2019-08-10 23:58:09 - [TEST_STEP][PASSED] - M4_spin_line_wins = M4_spin_line_wins: null

2019-08-10 23:58:09 - [TEST_STEP][PASSED] - M4_total_bonus_spins_int = total_bonus_spins: null

2019-08-10 23:58:09 - [TEST_STEP][PASSED] - println("******M4_total_bonus_spins type is:*******" + newline + getClass().getName()): null

2019-08-10 23:58:09 - [TEST_STEP][PASSED] - M4_total_bonus_spins_int = M4_total_bonus_spins_int: null

2019-08-10 23:58:09 - [TEST_STEP][PASSED] - M4_total_bonus_spins = Integer.toString(M4_total_bonus_spins_int): null

2019-08-10 23:58:09 - [TEST_STEP][PASSED] - M4_total_bonus_spins = M4_total_bonus_spins: null

2019-08-10 23:58:09 - [TEST_STEP][PASSED] - println("M4_total_bonus_spins is:" + M4_total_bonus_spins): null

2019-08-10 23:58:09 - [TEST_STEP][PASSED] - M4_spin_bonus_data = bonus_data: null

2019-08-10 23:58:09 - [TEST_STEP][PASSED] - M4_spin_features_triggered = result_M4_spin: null

2019-08-10 23:58:09 - [TEST_STEP][PASSED] - wild = []: null

2019-08-10 23:58:09 - [TEST_STEP][PASSED] - wild[0] = "WILD_Expanding": null

2019-08-10 23:58:09 - [TEST_STEP][PASSED] - wild[1] = "WILD_Normal": null

2019-08-10 23:58:09 - [TEST_STEP][PASSED] - wild[2] = "WILD_Double": null

2019-08-10 23:58:09 - [TEST_STEP][PASSED] - wild[3] = "WILD_ExtraFG": null

2019-08-10 23:58:09 - [TEST_STEP][PASSED] - wild[4] = "WILD_Triple": null

2019-08-10 23:58:09 - [TEST_STEP][PASSED] - wildList = Arrays.asList(wild): null

2019-08-10 23:58:09 - [TEST_STEP][PASSED] - wildList = wildList: null

2019-08-10 23:58:09 - [TEST_STEP][PASSED] - free_spin_reel_counter = []: null

2019-08-10 23:58:09 - [TEST_STEP][PASSED] - free_spin_reel_counter[0] = 0: null

2019-08-10 23:58:09 - [TEST_STEP][PASSED] - free_spin_reel_counter[1] = 0: null

2019-08-10 23:58:09 - [TEST_STEP][PASSED] - free_spin_reel_counter[2] = 0: null

2019-08-10 23:58:09 - [TEST_STEP][PASSED] - M4_spin_reels = reels: null

2019-08-10 23:58:09 - [TEST_STEP][PASSED] - for ([i = 0, i &lt; M4_spin_reels.size(), (i++)]): null

2019-08-10 23:58:09 - [TEST_STEP][PASSED] - symbols = symbols: null

2019-08-10 23:58:09 - [TEST_STEP][PASSED] - for ([j = 0, j &lt; symbols.size(), (j++)]): null

2019-08-10 23:58:09 - [TEST_STEP][PASSED] - symbol = symbol: null

2019-08-10 23:58:09 - [TEST_STEP][PASSED] - println(symbol): null

2019-08-10 23:58:09 - [TEST_STEP][PASSED] - if (i == 2 &amp;&amp; wildList.indexOf(symbol) != -1): null

2019-08-10 23:58:09 - [TEST_STEP][PASSED] - if (i == 3 &amp;&amp; wildList.indexOf(symbol) != -1): null

2019-08-10 23:58:09 - [TEST_STEP][PASSED] - if (i == 4 &amp;&amp; wildList.indexOf(symbol) != -1): null

2019-08-10 23:58:09 - [TEST_STEP][PASSED] - symbol = symbol: null

2019-08-10 23:58:09 - [TEST_STEP][PASSED] - println(symbol): null

2019-08-10 23:58:09 - [TEST_STEP][PASSED] - if (i == 2 &amp;&amp; wildList.indexOf(symbol) != -1): null

2019-08-10 23:58:09 - [TEST_STEP][PASSED] - if (i == 3 &amp;&amp; wildList.indexOf(symbol) != -1): null

2019-08-10 23:58:09 - [TEST_STEP][PASSED] - if (i == 4 &amp;&amp; wildList.indexOf(symbol) != -1): null

2019-08-10 23:58:09 - [TEST_STEP][PASSED] - symbol = symbol: null

2019-08-10 23:58:09 - [TEST_STEP][PASSED] - println(symbol): null

2019-08-10 23:58:09 - [TEST_STEP][PASSED] - if (i == 2 &amp;&amp; wildList.indexOf(symbol) != -1): null

2019-08-10 23:58:09 - [TEST_STEP][PASSED] - if (i == 3 &amp;&amp; wildList.indexOf(symbol) != -1): null

2019-08-10 23:58:09 - [TEST_STEP][PASSED] - if (i == 4 &amp;&amp; wildList.indexOf(symbol) != -1): null

2019-08-10 23:58:09 - [TEST_STEP][PASSED] - symbols = symbols: null

2019-08-10 23:58:09 - [TEST_STEP][PASSED] - for ([j = 0, j &lt; symbols.size(), (j++)]): null

2019-08-10 23:58:09 - [TEST_STEP][PASSED] - symbol = symbol: null

2019-08-10 23:58:09 - [TEST_STEP][PASSED] - println(symbol): null

2019-08-10 23:58:09 - [TEST_STEP][PASSED] - if (i == 2 &amp;&amp; wildList.indexOf(symbol) != -1): null

2019-08-10 23:58:09 - [TEST_STEP][PASSED] - if (i == 3 &amp;&amp; wildList.indexOf(symbol) != -1): null

2019-08-10 23:58:09 - [TEST_STEP][PASSED] - if (i == 4 &amp;&amp; wildList.indexOf(symbol) != -1): null

2019-08-10 23:58:09 - [TEST_STEP][PASSED] - symbol = symbol: null

2019-08-10 23:58:09 - [TEST_STEP][PASSED] - println(symbol): null

2019-08-10 23:58:09 - [TEST_STEP][PASSED] - if (i == 2 &amp;&amp; wildList.indexOf(symbol) != -1): null

2019-08-10 23:58:09 - [TEST_STEP][PASSED] - if (i == 3 &amp;&amp; wildList.indexOf(symbol) != -1): null

2019-08-10 23:58:09 - [TEST_STEP][PASSED] - if (i == 4 &amp;&amp; wildList.indexOf(symbol) != -1): null

2019-08-10 23:58:09 - [TEST_STEP][PASSED] - symbol = symbol: null

2019-08-10 23:58:09 - [TEST_STEP][PASSED] - println(symbol): null

2019-08-10 23:58:09 - [TEST_STEP][PASSED] - if (i == 2 &amp;&amp; wildList.indexOf(symbol) != -1): null

2019-08-10 23:58:09 - [TEST_STEP][PASSED] - if (i == 3 &amp;&amp; wildList.indexOf(symbol) != -1): null

2019-08-10 23:58:09 - [TEST_STEP][PASSED] - if (i == 4 &amp;&amp; wildList.indexOf(symbol) != -1): null

2019-08-10 23:58:09 - [TEST_STEP][PASSED] - symbols = symbols: null

2019-08-10 23:58:09 - [TEST_STEP][PASSED] - for ([j = 0, j &lt; symbols.size(), (j++)]): null

2019-08-10 23:58:09 - [TEST_STEP][PASSED] - symbol = symbol: null

2019-08-10 23:58:09 - [TEST_STEP][PASSED] - println(symbol): null

2019-08-10 23:58:09 - [TEST_STEP][PASSED] - if (i == 2 &amp;&amp; wildList.indexOf(symbol) != -1): null

2019-08-10 23:58:09 - [TEST_STEP][PASSED] - if (i == 3 &amp;&amp; wildList.indexOf(symbol) != -1): null

2019-08-10 23:58:09 - [TEST_STEP][PASSED] - if (i == 4 &amp;&amp; wildList.indexOf(symbol) != -1): null

2019-08-10 23:58:09 - [TEST_STEP][PASSED] - symbol = symbol: null

2019-08-10 23:58:09 - [TEST_STEP][PASSED] - println(symbol): null

2019-08-10 23:58:09 - [TEST_STEP][PASSED] - if (i == 2 &amp;&amp; wildList.indexOf(symbol) != -1): null

2019-08-10 23:58:09 - [TEST_STEP][PASSED] - if (i == 3 &amp;&amp; wildList.indexOf(symbol) != -1): null

2019-08-10 23:58:09 - [TEST_STEP][PASSED] - if (i == 4 &amp;&amp; wildList.indexOf(symbol) != -1): null

2019-08-10 23:58:09 - [TEST_STEP][PASSED] - symbol = symbol: null

2019-08-10 23:58:09 - [TEST_STEP][PASSED] - println(symbol): null

2019-08-10 23:58:09 - [TEST_STEP][PASSED] - if (i == 2 &amp;&amp; wildList.indexOf(symbol) != -1): null

2019-08-10 23:58:09 - [TEST_STEP][PASSED] - if (i == 3 &amp;&amp; wildList.indexOf(symbol) != -1): null

2019-08-10 23:58:09 - [TEST_STEP][PASSED] - if (i == 4 &amp;&amp; wildList.indexOf(symbol) != -1): null

2019-08-10 23:58:09 - [TEST_STEP][PASSED] - symbols = symbols: null

2019-08-10 23:58:09 - [TEST_STEP][PASSED] - for ([j = 0, j &lt; symbols.size(), (j++)]): null

2019-08-10 23:58:09 - [TEST_STEP][PASSED] - symbol = symbol: null

2019-08-10 23:58:09 - [TEST_STEP][PASSED] - println(symbol): null

2019-08-10 23:58:09 - [TEST_STEP][PASSED] - if (i == 2 &amp;&amp; wildList.indexOf(symbol) != -1): null

2019-08-10 23:58:09 - [TEST_STEP][PASSED] - if (i == 3 &amp;&amp; wildList.indexOf(symbol) != -1): null

2019-08-10 23:58:09 - [TEST_STEP][PASSED] - if (i == 4 &amp;&amp; wildList.indexOf(symbol) != -1): null

2019-08-10 23:58:09 - [TEST_STEP][PASSED] - symbol = symbol: null

2019-08-10 23:58:09 - [TEST_STEP][PASSED] - println(symbol): null

2019-08-10 23:58:09 - [TEST_STEP][PASSED] - if (i == 2 &amp;&amp; wildList.indexOf(symbol) != -1): null

2019-08-10 23:58:09 - [TEST_STEP][PASSED] - if (i == 3 &amp;&amp; wildList.indexOf(symbol) != -1): null

2019-08-10 23:58:09 - [TEST_STEP][PASSED] - if (i == 4 &amp;&amp; wildList.indexOf(symbol) != -1): null

2019-08-10 23:58:09 - [TEST_STEP][PASSED] - symbol = symbol: null

2019-08-10 23:58:09 - [TEST_STEP][PASSED] - println(symbol): null

2019-08-10 23:58:09 - [TEST_STEP][PASSED] - if (i == 2 &amp;&amp; wildList.indexOf(symbol) != -1): null

2019-08-10 23:58:09 - [TEST_STEP][PASSED] - if (i == 3 &amp;&amp; wildList.indexOf(symbol) != -1): null

2019-08-10 23:58:09 - [TEST_STEP][PASSED] - if (i == 4 &amp;&amp; wildList.indexOf(symbol) != -1): null

2019-08-10 23:58:09 - [TEST_STEP][PASSED] - symbols = symbols: null

2019-08-10 23:58:09 - [TEST_STEP][PASSED] - for ([j = 0, j &lt; symbols.size(), (j++)]): null

2019-08-10 23:58:09 - [TEST_STEP][PASSED] - symbol = symbol: null

2019-08-10 23:58:09 - [TEST_STEP][PASSED] - println(symbol): null

2019-08-10 23:58:09 - [TEST_STEP][PASSED] - if (i == 2 &amp;&amp; wildList.indexOf(symbol) != -1): null

2019-08-10 23:58:09 - [TEST_STEP][PASSED] - if (i == 3 &amp;&amp; wildList.indexOf(symbol) != -1): null

2019-08-10 23:58:09 - [TEST_STEP][PASSED] - if (i == 4 &amp;&amp; wildList.indexOf(symbol) != -1): null

2019-08-10 23:58:09 - [TEST_STEP][PASSED] - symbol = symbol: null

2019-08-10 23:58:09 - [TEST_STEP][PASSED] - println(symbol): null

2019-08-10 23:58:09 - [TEST_STEP][PASSED] - if (i == 2 &amp;&amp; wildList.indexOf(symbol) != -1): null

2019-08-10 23:58:09 - [TEST_STEP][PASSED] - if (i == 3 &amp;&amp; wildList.indexOf(symbol) != -1): null

2019-08-10 23:58:09 - [TEST_STEP][PASSED] - if (i == 4 &amp;&amp; wildList.indexOf(symbol) != -1): null

2019-08-10 23:58:09 - [TEST_STEP][PASSED] - symbol = symbol: null

2019-08-10 23:58:09 - [TEST_STEP][PASSED] - println(symbol): null

2019-08-10 23:58:09 - [TEST_STEP][PASSED] - if (i == 2 &amp;&amp; wildList.indexOf(symbol) != -1): null

2019-08-10 23:58:09 - [TEST_STEP][PASSED] - if (i == 3 &amp;&amp; wildList.indexOf(symbol) != -1): null

2019-08-10 23:58:09 - [TEST_STEP][PASSED] - if (i == 4 &amp;&amp; wildList.indexOf(symbol) != -1): null

2019-08-10 23:58:09 - [TEST_STEP][PASSED] - free_spin_reel_counter = free_spin_reel_counter: null

2019-08-10 23:58:09 - [TEST_STEP][PASSED] - println("reel 3 wild found: " + free_spin_reel_counter[0]): null

2019-08-10 23:58:09 - [TEST_STEP][PASSED] - println("reel 4 wild found: " + free_spin_reel_counter[1]): null

2019-08-10 23:58:09 - [TEST_STEP][PASSED] - println("reel 5 wild found: " + free_spin_reel_counter[2]): null

2019-08-10 23:58:09 - [TEST_STEP][PASSED] - M4_spin_reels = M4_spin_reels: null

2019-08-10 23:58:09 - [TEST_STEP][PASSED] - M4_spin_reels_symbols = symbol: null

2019-08-10 23:58:09 - [TEST_STEP][PASSED] - M4_spin_reels_symbols = M4_spin_reels_symbols: null

2019-08-10 23:58:09 - [TEST_STEP][PASSED] - M4_spin_reel_wins = reel_wins: null

2019-08-10 23:58:09 - [TEST_STEP][PASSED] - M4_spin_reel_wins = M4_spin_reel_wins: null

2019-08-10 23:58:09 - [TEST_STEP][PASSED] - println("GlobalVariable.M4_spin_reel_wins is: " + M4_spin_reel_wins): null

2019-08-10 23:58:09 - [TEST_STEP][PASSED] - M4_spin_total_bonus_win_this_round = total_bonus_win_this_round: null

2019-08-10 23:58:09 - [TEST_STEP][PASSED] - M4_spin_total_bonus_win_this_round = M4_spin_total_bonus_win_this_round: null

2019-08-10 23:58:09 - [TEST_STEP][PASSED] - println("GlobalVariable.M4_spin_total_bonus_win_this_round is: " + M4_spin_total_bonus_win_this_round): null

2019-08-10 23:58:09 - [MESSAGE][PASSED] - Verify response successfully

2019-08-10 23:58:09 - [MESSAGE][PASSED] - Send request and verify the response successfully

2019-08-10 23:58:09 - [TEST_STEP][PASSED] - if (M4_total_bonus_spins_int != 0 &amp;&amp; M4_spin_reels_symbols[2].contains("WILD_Double") || M4_spin_reels_symbols[4].contains("WILD_Triple")): null

2019-08-10 23:58:09 - [TEST_STEP][PASSED] - free_spin_reel_counter = free_spin_reel_counter: null

2019-08-10 23:58:09 - [TEST_STEP][PASSED] - M4_spin_reels_symbols = M4_spin_reels_symbols: null

2019-08-10 23:58:09 - [TEST_STEP][PASSED] - M4_total_bonus_spins = M4_total_bonus_spins: null

2019-08-10 23:58:09 - [TEST_STEP][PASSED] - spin_result = sendRequestAndVerify(findTestObject("RGS(M4)/1_M4_spin", ["M4_login_user_id":M4_login_user_id, "rgs_session_token":rgs_session_token, "partner":Partner])): Send request and verify the response successfully

2019-08-10 23:58:09 - [TEST_CASE][PASSED] - Start Test Case : Verification: Verification accomplished successfully

2019-08-10 23:58:09 - [TEST_STEP][PASSED] - request = getInstance().getCurrentRequest(): null

2019-08-10 23:58:09 - [TEST_STEP][PASSED] - response = getInstance().getCurrentResponse(): null

2019-08-10 23:58:09 - [TEST_STEP][PASSED] - verifyResponseStatusCode(response, 200): Verify response status code successfully

2019-08-10 23:58:09 - [MESSAGE][PASSED] - Verify response status code successfully

2019-08-10 23:58:09 - [TEST_STEP][PASSED] - getStatusCode()).isEqualTo(200): null

2019-08-10 23:58:09 - [TEST_STEP][PASSED] - newline = System.getProperty("line.separator"): null

2019-08-10 23:58:09 - [TEST_STEP][PASSED] - M4_spin = new groovy.json.JsonSlurper(): null

2019-08-10 23:58:09 - [TEST_STEP][PASSED] - result_M4_spin = M4_spin.parseText(response.getResponseBodyContent()): null

2019-08-10 23:58:09 - [TEST_STEP][PASSED] - M4_spin_current_balance = current_balance: null

2019-08-10 23:58:09 - [TEST_STEP][PASSED] - M4_spin_current_balance = M4_spin_current_balance: null

2019-08-10 23:58:09 - [TEST_STEP][PASSED] - M4_spin_transaction_id = causality: null

2019-08-10 23:58:09 - [TEST_STEP][PASSED] - M4_spin_transaction_id = M4_spin_transaction_id: null

2019-08-10 23:58:09 - [TEST_STEP][PASSED] - M4_spin_round_id = round_id: null

2019-08-10 23:58:09 - [TEST_STEP][PASSED] - M4_spin_round_id = M4_spin_round_id: null

2019-08-10 23:58:09 - [TEST_STEP][PASSED] - M4_spin_line_wins = line_wins: null

2019-08-10 23:58:09 - [TEST_STEP][PASSED] - M4_spin_line_wins = M4_spin_line_wins: null

2019-08-10 23:58:09 - [TEST_STEP][PASSED] - M4_total_bonus_spins_int = total_bonus_spins: null

2019-08-10 23:58:09 - [TEST_STEP][PASSED] - println("******M4_total_bonus_spins type is:*******" + newline + getClass().getName()): null

2019-08-10 23:58:09 - [TEST_STEP][PASSED] - M4_total_bonus_spins_int = M4_total_bonus_spins_int: null

2019-08-10 23:58:09 - [TEST_STEP][PASSED] - M4_total_bonus_spins = Integer.toString(M4_total_bonus_spins_int): null

2019-08-10 23:58:09 - [TEST_STEP][PASSED] - M4_total_bonus_spins = M4_total_bonus_spins: null

2019-08-10 23:58:09 - [TEST_STEP][PASSED] - println("M4_total_bonus_spins is:" + M4_total_bonus_spins): null

2019-08-10 23:58:09 - [TEST_STEP][PASSED] - M4_spin_bonus_data = bonus_data: null

2019-08-10 23:58:09 - [TEST_STEP][PASSED] - M4_spin_features_triggered = result_M4_spin: null

2019-08-10 23:58:09 - [TEST_STEP][PASSED] - wild = []: null

2019-08-10 23:58:09 - [TEST_STEP][PASSED] - wild[0] = "WILD_Expanding": null

2019-08-10 23:58:09 - [TEST_STEP][PASSED] - wild[1] = "WILD_Normal": null

2019-08-10 23:58:09 - [TEST_STEP][PASSED] - wild[2] = "WILD_Double": null

2019-08-10 23:58:09 - [TEST_STEP][PASSED] - wild[3] = "WILD_ExtraFG": null

2019-08-10 23:58:09 - [TEST_STEP][PASSED] - wild[4] = "WILD_Triple": null

2019-08-10 23:58:09 - [TEST_STEP][PASSED] - wildList = Arrays.asList(wild): null

2019-08-10 23:58:09 - [TEST_STEP][PASSED] - wildList = wildList: null

2019-08-10 23:58:09 - [TEST_STEP][PASSED] - free_spin_reel_counter = []: null

2019-08-10 23:58:09 - [TEST_STEP][PASSED] - free_spin_reel_counter[0] = 0: null

2019-08-10 23:58:09 - [TEST_STEP][PASSED] - free_spin_reel_counter[1] = 0: null

2019-08-10 23:58:09 - [TEST_STEP][PASSED] - free_spin_reel_counter[2] = 0: null

2019-08-10 23:58:09 - [TEST_STEP][PASSED] - M4_spin_reels = reels: null

2019-08-10 23:58:09 - [TEST_STEP][PASSED] - for ([i = 0, i &lt; M4_spin_reels.size(), (i++)]): null

2019-08-10 23:58:09 - [TEST_STEP][PASSED] - symbols = symbols: null

2019-08-10 23:58:09 - [TEST_STEP][PASSED] - for ([j = 0, j &lt; symbols.size(), (j++)]): null

2019-08-10 23:58:09 - [TEST_STEP][PASSED] - symbol = symbol: null

2019-08-10 23:58:09 - [TEST_STEP][PASSED] - println(symbol): null

2019-08-10 23:58:09 - [TEST_STEP][PASSED] - if (i == 2 &amp;&amp; wildList.indexOf(symbol) != -1): null

2019-08-10 23:58:09 - [TEST_STEP][PASSED] - if (i == 3 &amp;&amp; wildList.indexOf(symbol) != -1): null

2019-08-10 23:58:09 - [TEST_STEP][PASSED] - if (i == 4 &amp;&amp; wildList.indexOf(symbol) != -1): null

2019-08-10 23:58:09 - [TEST_STEP][PASSED] - symbol = symbol: null

2019-08-10 23:58:09 - [TEST_STEP][PASSED] - println(symbol): null

2019-08-10 23:58:09 - [TEST_STEP][PASSED] - if (i == 2 &amp;&amp; wildList.indexOf(symbol) != -1): null

2019-08-10 23:58:09 - [TEST_STEP][PASSED] - if (i == 3 &amp;&amp; wildList.indexOf(symbol) != -1): null

2019-08-10 23:58:09 - [TEST_STEP][PASSED] - if (i == 4 &amp;&amp; wildList.indexOf(symbol) != -1): null

2019-08-10 23:58:09 - [TEST_STEP][PASSED] - symbol = symbol: null

2019-08-10 23:58:09 - [TEST_STEP][PASSED] - println(symbol): null

2019-08-10 23:58:09 - [TEST_STEP][PASSED] - if (i == 2 &amp;&amp; wildList.indexOf(symbol) != -1): null

2019-08-10 23:58:09 - [TEST_STEP][PASSED] - if (i == 3 &amp;&amp; wildList.indexOf(symbol) != -1): null

2019-08-10 23:58:09 - [TEST_STEP][PASSED] - if (i == 4 &amp;&amp; wildList.indexOf(symbol) != -1): null

2019-08-10 23:58:09 - [TEST_STEP][PASSED] - symbols = symbols: null

2019-08-10 23:58:09 - [TEST_STEP][PASSED] - for ([j = 0, j &lt; symbols.size(), (j++)]): null

2019-08-10 23:58:09 - [TEST_STEP][PASSED] - symbol = symbol: null

2019-08-10 23:58:09 - [TEST_STEP][PASSED] - println(symbol): null

2019-08-10 23:58:09 - [TEST_STEP][PASSED] - if (i == 2 &amp;&amp; wildList.indexOf(symbol) != -1): null

2019-08-10 23:58:09 - [TEST_STEP][PASSED] - if (i == 3 &amp;&amp; wildList.indexOf(symbol) != -1): null

2019-08-10 23:58:09 - [TEST_STEP][PASSED] - if (i == 4 &amp;&amp; wildList.indexOf(symbol) != -1): null

2019-08-10 23:58:09 - [TEST_STEP][PASSED] - symbol = symbol: null

2019-08-10 23:58:09 - [TEST_STEP][PASSED] - println(symbol): null

2019-08-10 23:58:09 - [TEST_STEP][PASSED] - if (i == 2 &amp;&amp; wildList.indexOf(symbol) != -1): null

2019-08-10 23:58:09 - [TEST_STEP][PASSED] - if (i == 3 &amp;&amp; wildList.indexOf(symbol) != -1): null

2019-08-10 23:58:09 - [TEST_STEP][PASSED] - if (i == 4 &amp;&amp; wildList.indexOf(symbol) != -1): null

2019-08-10 23:58:09 - [TEST_STEP][PASSED] - symbol = symbol: null

2019-08-10 23:58:09 - [TEST_STEP][PASSED] - println(symbol): null

2019-08-10 23:58:09 - [TEST_STEP][PASSED] - if (i == 2 &amp;&amp; wildList.indexOf(symbol) != -1): null

2019-08-10 23:58:09 - [TEST_STEP][PASSED] - if (i == 3 &amp;&amp; wildList.indexOf(symbol) != -1): null

2019-08-10 23:58:09 - [TEST_STEP][PASSED] - if (i == 4 &amp;&amp; wildList.indexOf(symbol) != -1): null

2019-08-10 23:58:09 - [TEST_STEP][PASSED] - symbols = symbols: null

2019-08-10 23:58:09 - [TEST_STEP][PASSED] - for ([j = 0, j &lt; symbols.size(), (j++)]): null

2019-08-10 23:58:09 - [TEST_STEP][PASSED] - symbol = symbol: null

2019-08-10 23:58:09 - [TEST_STEP][PASSED] - println(symbol): null

2019-08-10 23:58:09 - [TEST_STEP][PASSED] - if (i == 2 &amp;&amp; wildList.indexOf(symbol) != -1): null

2019-08-10 23:58:09 - [TEST_STEP][PASSED] - if (i == 3 &amp;&amp; wildList.indexOf(symbol) != -1): null

2019-08-10 23:58:09 - [TEST_STEP][PASSED] - if (i == 4 &amp;&amp; wildList.indexOf(symbol) != -1): null

2019-08-10 23:58:09 - [TEST_STEP][PASSED] - symbol = symbol: null

2019-08-10 23:58:09 - [TEST_STEP][PASSED] - println(symbol): null

2019-08-10 23:58:09 - [TEST_STEP][PASSED] - if (i == 2 &amp;&amp; wildList.indexOf(symbol) != -1): null

2019-08-10 23:58:09 - [TEST_STEP][PASSED] - if (i == 3 &amp;&amp; wildList.indexOf(symbol) != -1): null

2019-08-10 23:58:09 - [TEST_STEP][PASSED] - if (i == 4 &amp;&amp; wildList.indexOf(symbol) != -1): null

2019-08-10 23:58:09 - [TEST_STEP][PASSED] - symbol = symbol: null

2019-08-10 23:58:09 - [TEST_STEP][PASSED] - println(symbol): null

2019-08-10 23:58:09 - [TEST_STEP][PASSED] - if (i == 2 &amp;&amp; wildList.indexOf(symbol) != -1): null

2019-08-10 23:58:09 - [TEST_STEP][PASSED] - if (i == 3 &amp;&amp; wildList.indexOf(symbol) != -1): null

2019-08-10 23:58:09 - [TEST_STEP][PASSED] - if (i == 4 &amp;&amp; wildList.indexOf(symbol) != -1): null

2019-08-10 23:58:09 - [TEST_STEP][PASSED] - symbols = symbols: null

2019-08-10 23:58:09 - [TEST_STEP][PASSED] - for ([j = 0, j &lt; symbols.size(), (j++)]): null

2019-08-10 23:58:09 - [TEST_STEP][PASSED] - symbol = symbol: null

2019-08-10 23:58:09 - [TEST_STEP][PASSED] - println(symbol): null

2019-08-10 23:58:09 - [TEST_STEP][PASSED] - if (i == 2 &amp;&amp; wildList.indexOf(symbol) != -1): null

2019-08-10 23:58:09 - [TEST_STEP][PASSED] - if (i == 3 &amp;&amp; wildList.indexOf(symbol) != -1): null

2019-08-10 23:58:09 - [TEST_STEP][PASSED] - if (i == 4 &amp;&amp; wildList.indexOf(symbol) != -1): null

2019-08-10 23:58:09 - [TEST_STEP][PASSED] - symbol = symbol: null

2019-08-10 23:58:09 - [TEST_STEP][PASSED] - println(symbol): null

2019-08-10 23:58:09 - [TEST_STEP][PASSED] - if (i == 2 &amp;&amp; wildList.indexOf(symbol) != -1): null

2019-08-10 23:58:09 - [TEST_STEP][PASSED] - if (i == 3 &amp;&amp; wildList.indexOf(symbol) != -1): null

2019-08-10 23:58:09 - [TEST_STEP][PASSED] - if (i == 4 &amp;&amp; wildList.indexOf(symbol) != -1): null

2019-08-10 23:58:09 - [TEST_STEP][PASSED] - symbol = symbol: null

2019-08-10 23:58:09 - [TEST_STEP][PASSED] - println(symbol): null

2019-08-10 23:58:09 - [TEST_STEP][PASSED] - if (i == 2 &amp;&amp; wildList.indexOf(symbol) != -1): null

2019-08-10 23:58:09 - [TEST_STEP][PASSED] - if (i == 3 &amp;&amp; wildList.indexOf(symbol) != -1): null

2019-08-10 23:58:09 - [TEST_STEP][PASSED] - if (i == 4 &amp;&amp; wildList.indexOf(symbol) != -1): null

2019-08-10 23:58:09 - [TEST_STEP][PASSED] - symbols = symbols: null

2019-08-10 23:58:09 - [TEST_STEP][PASSED] - for ([j = 0, j &lt; symbols.size(), (j++)]): null

2019-08-10 23:58:09 - [TEST_STEP][PASSED] - symbol = symbol: null

2019-08-10 23:58:09 - [TEST_STEP][PASSED] - println(symbol): null

2019-08-10 23:58:09 - [TEST_STEP][PASSED] - if (i == 2 &amp;&amp; wildList.indexOf(symbol) != -1): null

2019-08-10 23:58:09 - [TEST_STEP][PASSED] - if (i == 3 &amp;&amp; wildList.indexOf(symbol) != -1): null

2019-08-10 23:58:09 - [TEST_STEP][PASSED] - if (i == 4 &amp;&amp; wildList.indexOf(symbol) != -1): null

2019-08-10 23:58:09 - [TEST_STEP][PASSED] - symbol = symbol: null

2019-08-10 23:58:09 - [TEST_STEP][PASSED] - println(symbol): null

2019-08-10 23:58:09 - [TEST_STEP][PASSED] - if (i == 2 &amp;&amp; wildList.indexOf(symbol) != -1): null

2019-08-10 23:58:09 - [TEST_STEP][PASSED] - if (i == 3 &amp;&amp; wildList.indexOf(symbol) != -1): null

2019-08-10 23:58:09 - [TEST_STEP][PASSED] - if (i == 4 &amp;&amp; wildList.indexOf(symbol) != -1): null

2019-08-10 23:58:09 - [TEST_STEP][PASSED] - symbol = symbol: null

2019-08-10 23:58:09 - [TEST_STEP][PASSED] - println(symbol): null

2019-08-10 23:58:09 - [TEST_STEP][PASSED] - if (i == 2 &amp;&amp; wildList.indexOf(symbol) != -1): null

2019-08-10 23:58:09 - [TEST_STEP][PASSED] - if (i == 3 &amp;&amp; wildList.indexOf(symbol) != -1): null

2019-08-10 23:58:09 - [TEST_STEP][PASSED] - if (i == 4 &amp;&amp; wildList.indexOf(symbol) != -1): null

2019-08-10 23:58:09 - [TEST_STEP][PASSED] - free_spin_reel_counter = free_spin_reel_counter: null

2019-08-10 23:58:09 - [TEST_STEP][PASSED] - println("reel 3 wild found: " + free_spin_reel_counter[0]): null

2019-08-10 23:58:09 - [TEST_STEP][PASSED] - println("reel 4 wild found: " + free_spin_reel_counter[1]): null

2019-08-10 23:58:09 - [TEST_STEP][PASSED] - println("reel 5 wild found: " + free_spin_reel_counter[2]): null

2019-08-10 23:58:09 - [TEST_STEP][PASSED] - M4_spin_reels = M4_spin_reels: null

2019-08-10 23:58:09 - [TEST_STEP][PASSED] - M4_spin_reels_symbols = symbol: null

2019-08-10 23:58:09 - [TEST_STEP][PASSED] - M4_spin_reels_symbols = M4_spin_reels_symbols: null

2019-08-10 23:58:09 - [TEST_STEP][PASSED] - M4_spin_reel_wins = reel_wins: null

2019-08-10 23:58:09 - [TEST_STEP][PASSED] - M4_spin_reel_wins = M4_spin_reel_wins: null

2019-08-10 23:58:09 - [TEST_STEP][PASSED] - println("GlobalVariable.M4_spin_reel_wins is: " + M4_spin_reel_wins): null

2019-08-10 23:58:09 - [TEST_STEP][PASSED] - M4_spin_total_bonus_win_this_round = total_bonus_win_this_round: null

2019-08-10 23:58:09 - [TEST_STEP][PASSED] - M4_spin_total_bonus_win_this_round = M4_spin_total_bonus_win_this_round: null

2019-08-10 23:58:09 - [TEST_STEP][PASSED] - println("GlobalVariable.M4_spin_total_bonus_win_this_round is: " + M4_spin_total_bonus_win_this_round): null

2019-08-10 23:58:09 - [MESSAGE][PASSED] - Verify response successfully

2019-08-10 23:58:09 - [MESSAGE][PASSED] - Send request and verify the response successfully

2019-08-10 23:58:09 - [TEST_STEP][PASSED] - if (M4_total_bonus_spins_int != 0 &amp;&amp; M4_spin_reels_symbols[2].contains("WILD_Double") || M4_spin_reels_symbols[4].contains("WILD_Triple")): null

2019-08-10 23:58:09 - [TEST_STEP][PASSED] - free_spin_reel_counter = free_spin_reel_counter: null

2019-08-10 23:58:09 - [TEST_STEP][PASSED] - M4_spin_reels_symbols = M4_spin_reels_symbols: null

2019-08-10 23:58:09 - [TEST_STEP][PASSED] - M4_total_bonus_spins = M4_total_bonus_spins: null

2019-08-10 23:58:09 - [TEST_STEP][PASSED] - spin_result = sendRequestAndVerify(findTestObject("RGS(M4)/1_M4_spin", ["M4_login_user_id":M4_login_user_id, "rgs_session_token":rgs_session_token, "partner":Partner])): Send request and verify the response successfully

2019-08-10 23:58:09 - [TEST_CASE][PASSED] - Start Test Case : Verification: Verification accomplished successfully

2019-08-10 23:58:10 - [TEST_STEP][PASSED] - request = getInstance().getCurrentRequest(): null

2019-08-10 23:58:10 - [TEST_STEP][PASSED] - response = getInstance().getCurrentResponse(): null

2019-08-10 23:58:10 - [TEST_STEP][PASSED] - verifyResponseStatusCode(response, 200): Verify response status code successfully

2019-08-10 23:58:10 - [MESSAGE][PASSED] - Verify response status code successfully

2019-08-10 23:58:10 - [TEST_STEP][PASSED] - getStatusCode()).isEqualTo(200): null

2019-08-10 23:58:10 - [TEST_STEP][PASSED] - newline = System.getProperty("line.separator"): null

2019-08-10 23:58:10 - [TEST_STEP][PASSED] - M4_spin = new groovy.json.JsonSlurper(): null

2019-08-10 23:58:10 - [TEST_STEP][PASSED] - result_M4_spin = M4_spin.parseText(response.getResponseBodyContent()): null

2019-08-10 23:58:10 - [TEST_STEP][PASSED] - M4_spin_current_balance = current_balance: null

2019-08-10 23:58:10 - [TEST_STEP][PASSED] - M4_spin_current_balance = M4_spin_current_balance: null

2019-08-10 23:58:10 - [TEST_STEP][PASSED] - M4_spin_transaction_id = causality: null

2019-08-10 23:58:10 - [TEST_STEP][PASSED] - M4_spin_transaction_id = M4_spin_transaction_id: null

2019-08-10 23:58:10 - [TEST_STEP][PASSED] - M4_spin_round_id = round_id: null

2019-08-10 23:58:10 - [TEST_STEP][PASSED] - M4_spin_round_id = M4_spin_round_id: null

2019-08-10 23:58:10 - [TEST_STEP][PASSED] - M4_spin_line_wins = line_wins: null

2019-08-10 23:58:10 - [TEST_STEP][PASSED] - M4_spin_line_wins = M4_spin_line_wins: null

2019-08-10 23:58:10 - [TEST_STEP][PASSED] - M4_total_bonus_spins_int = total_bonus_spins: null

2019-08-10 23:58:10 - [TEST_STEP][PASSED] - println("******M4_total_bonus_spins type is:*******" + newline + getClass().getName()): null

2019-08-10 23:58:10 - [TEST_STEP][PASSED] - M4_total_bonus_spins_int = M4_total_bonus_spins_int: null

2019-08-10 23:58:10 - [TEST_STEP][PASSED] - M4_total_bonus_spins = Integer.toString(M4_total_bonus_spins_int): null

2019-08-10 23:58:10 - [TEST_STEP][PASSED] - M4_total_bonus_spins = M4_total_bonus_spins: null

2019-08-10 23:58:10 - [TEST_STEP][PASSED] - println("M4_total_bonus_spins is:" + M4_total_bonus_spins): null

2019-08-10 23:58:10 - [TEST_STEP][PASSED] - M4_spin_bonus_data = bonus_data: null

2019-08-10 23:58:10 - [TEST_STEP][PASSED] - M4_spin_features_triggered = result_M4_spin: null

2019-08-10 23:58:10 - [TEST_STEP][PASSED] - wild = []: null

2019-08-10 23:58:10 - [TEST_STEP][PASSED] - wild[0] = "WILD_Expanding": null

2019-08-10 23:58:10 - [TEST_STEP][PASSED] - wild[1] = "WILD_Normal": null

2019-08-10 23:58:10 - [TEST_STEP][PASSED] - wild[2] = "WILD_Double": null

2019-08-10 23:58:10 - [TEST_STEP][PASSED] - wild[3] = "WILD_ExtraFG": null

2019-08-10 23:58:10 - [TEST_STEP][PASSED] - wild[4] = "WILD_Triple": null

2019-08-10 23:58:10 - [TEST_STEP][PASSED] - wildList = Arrays.asList(wild): null

2019-08-10 23:58:10 - [TEST_STEP][PASSED] - wildList = wildList: null

2019-08-10 23:58:10 - [TEST_STEP][PASSED] - free_spin_reel_counter = []: null

2019-08-10 23:58:10 - [TEST_STEP][PASSED] - free_spin_reel_counter[0] = 0: null

2019-08-10 23:58:10 - [TEST_STEP][PASSED] - free_spin_reel_counter[1] = 0: null

2019-08-10 23:58:10 - [TEST_STEP][PASSED] - free_spin_reel_counter[2] = 0: null

2019-08-10 23:58:10 - [TEST_STEP][PASSED] - M4_spin_reels = reels: null

2019-08-10 23:58:10 - [TEST_STEP][PASSED] - for ([i = 0, i &lt; M4_spin_reels.size(), (i++)]): null

2019-08-10 23:58:10 - [TEST_STEP][PASSED] - symbols = symbols: null

2019-08-10 23:58:10 - [TEST_STEP][PASSED] - for ([j = 0, j &lt; symbols.size(), (j++)]): null

2019-08-10 23:58:10 - [TEST_STEP][PASSED] - symbol = symbol: null

2019-08-10 23:58:10 - [TEST_STEP][PASSED] - println(symbol): null

2019-08-10 23:58:10 - [TEST_STEP][PASSED] - if (i == 2 &amp;&amp; wildList.indexOf(symbol) != -1): null

2019-08-10 23:58:10 - [TEST_STEP][PASSED] - if (i == 3 &amp;&amp; wildList.indexOf(symbol) != -1): null

2019-08-10 23:58:10 - [TEST_STEP][PASSED] - if (i == 4 &amp;&amp; wildList.indexOf(symbol) != -1): null

2019-08-10 23:58:10 - [TEST_STEP][PASSED] - symbol = symbol: null

2019-08-10 23:58:10 - [TEST_STEP][PASSED] - println(symbol): null

2019-08-10 23:58:10 - [TEST_STEP][PASSED] - if (i == 2 &amp;&amp; wildList.indexOf(symbol) != -1): null

2019-08-10 23:58:10 - [TEST_STEP][PASSED] - if (i == 3 &amp;&amp; wildList.indexOf(symbol) != -1): null

2019-08-10 23:58:10 - [TEST_STEP][PASSED] - if (i == 4 &amp;&amp; wildList.indexOf(symbol) != -1): null

2019-08-10 23:58:10 - [TEST_STEP][PASSED] - symbol = symbol: null

2019-08-10 23:58:10 - [TEST_STEP][PASSED] - println(symbol): null

2019-08-10 23:58:10 - [TEST_STEP][PASSED] - if (i == 2 &amp;&amp; wildList.indexOf(symbol) != -1): null

2019-08-10 23:58:10 - [TEST_STEP][PASSED] - if (i == 3 &amp;&amp; wildList.indexOf(symbol) != -1): null

2019-08-10 23:58:10 - [TEST_STEP][PASSED] - if (i == 4 &amp;&amp; wildList.indexOf(symbol) != -1): null

2019-08-10 23:58:10 - [TEST_STEP][PASSED] - symbols = symbols: null

2019-08-10 23:58:10 - [TEST_STEP][PASSED] - for ([j = 0, j &lt; symbols.size(), (j++)]): null

2019-08-10 23:58:10 - [TEST_STEP][PASSED] - symbol = symbol: null

2019-08-10 23:58:10 - [TEST_STEP][PASSED] - println(symbol): null

2019-08-10 23:58:10 - [TEST_STEP][PASSED] - if (i == 2 &amp;&amp; wildList.indexOf(symbol) != -1): null

2019-08-10 23:58:10 - [TEST_STEP][PASSED] - if (i == 3 &amp;&amp; wildList.indexOf(symbol) != -1): null

2019-08-10 23:58:10 - [TEST_STEP][PASSED] - if (i == 4 &amp;&amp; wildList.indexOf(symbol) != -1): null

2019-08-10 23:58:10 - [TEST_STEP][PASSED] - symbol = symbol: null

2019-08-10 23:58:10 - [TEST_STEP][PASSED] - println(symbol): null

2019-08-10 23:58:10 - [TEST_STEP][PASSED] - if (i == 2 &amp;&amp; wildList.indexOf(symbol) != -1): null

2019-08-10 23:58:10 - [TEST_STEP][PASSED] - if (i == 3 &amp;&amp; wildList.indexOf(symbol) != -1): null

2019-08-10 23:58:10 - [TEST_STEP][PASSED] - if (i == 4 &amp;&amp; wildList.indexOf(symbol) != -1): null

2019-08-10 23:58:10 - [TEST_STEP][PASSED] - symbol = symbol: null

2019-08-10 23:58:10 - [TEST_STEP][PASSED] - println(symbol): null

2019-08-10 23:58:10 - [TEST_STEP][PASSED] - if (i == 2 &amp;&amp; wildList.indexOf(symbol) != -1): null

2019-08-10 23:58:10 - [TEST_STEP][PASSED] - if (i == 3 &amp;&amp; wildList.indexOf(symbol) != -1): null

2019-08-10 23:58:10 - [TEST_STEP][PASSED] - if (i == 4 &amp;&amp; wildList.indexOf(symbol) != -1): null

2019-08-10 23:58:10 - [TEST_STEP][PASSED] - symbols = symbols: null

2019-08-10 23:58:10 - [TEST_STEP][PASSED] - for ([j = 0, j &lt; symbols.size(), (j++)]): null

2019-08-10 23:58:10 - [TEST_STEP][PASSED] - symbol = symbol: null

2019-08-10 23:58:10 - [TEST_STEP][PASSED] - println(symbol): null

2019-08-10 23:58:10 - [TEST_STEP][PASSED] - if (i == 2 &amp;&amp; wildList.indexOf(symbol) != -1): null

2019-08-10 23:58:10 - [TEST_STEP][PASSED] - if (i == 3 &amp;&amp; wildList.indexOf(symbol) != -1): null

2019-08-10 23:58:10 - [TEST_STEP][PASSED] - if (i == 4 &amp;&amp; wildList.indexOf(symbol) != -1): null

2019-08-10 23:58:10 - [TEST_STEP][PASSED] - symbol = symbol: null

2019-08-10 23:58:10 - [TEST_STEP][PASSED] - println(symbol): null

2019-08-10 23:58:10 - [TEST_STEP][PASSED] - if (i == 2 &amp;&amp; wildList.indexOf(symbol) != -1): null

2019-08-10 23:58:10 - [TEST_STEP][PASSED] - if (i == 3 &amp;&amp; wildList.indexOf(symbol) != -1): null

2019-08-10 23:58:10 - [TEST_STEP][PASSED] - if (i == 4 &amp;&amp; wildList.indexOf(symbol) != -1): null

2019-08-10 23:58:10 - [TEST_STEP][PASSED] - symbol = symbol: null

2019-08-10 23:58:10 - [TEST_STEP][PASSED] - println(symbol): null

2019-08-10 23:58:10 - [TEST_STEP][PASSED] - if (i == 2 &amp;&amp; wildList.indexOf(symbol) != -1): null

2019-08-10 23:58:10 - [TEST_STEP][PASSED] - if (i == 3 &amp;&amp; wildList.indexOf(symbol) != -1): null

2019-08-10 23:58:10 - [TEST_STEP][PASSED] - if (i == 4 &amp;&amp; wildList.indexOf(symbol) != -1): null

2019-08-10 23:58:10 - [TEST_STEP][PASSED] - symbols = symbols: null

2019-08-10 23:58:10 - [TEST_STEP][PASSED] - for ([j = 0, j &lt; symbols.size(), (j++)]): null

2019-08-10 23:58:10 - [TEST_STEP][PASSED] - symbol = symbol: null

2019-08-10 23:58:10 - [TEST_STEP][PASSED] - println(symbol): null

2019-08-10 23:58:10 - [TEST_STEP][PASSED] - if (i == 2 &amp;&amp; wildList.indexOf(symbol) != -1): null

2019-08-10 23:58:10 - [TEST_STEP][PASSED] - if (i == 3 &amp;&amp; wildList.indexOf(symbol) != -1): null

2019-08-10 23:58:10 - [TEST_STEP][PASSED] - if (i == 4 &amp;&amp; wildList.indexOf(symbol) != -1): null

2019-08-10 23:58:10 - [TEST_STEP][PASSED] - symbol = symbol: null

2019-08-10 23:58:10 - [TEST_STEP][PASSED] - println(symbol): null

2019-08-10 23:58:10 - [TEST_STEP][PASSED] - if (i == 2 &amp;&amp; wildList.indexOf(symbol) != -1): null

2019-08-10 23:58:10 - [TEST_STEP][PASSED] - if (i == 3 &amp;&amp; wildList.indexOf(symbol) != -1): null

2019-08-10 23:58:10 - [TEST_STEP][PASSED] - println("wild found on reel 4, adding counter by 1"): null

2019-08-10 23:58:10 - [TEST_STEP][PASSED] - free_spin_reel_counter[1] = free_spin_reel_counter[1] + 1: null

2019-08-10 23:58:10 - [TEST_STEP][PASSED] - if (i == 4 &amp;&amp; wildList.indexOf(symbol) != -1): null

2019-08-10 23:58:10 - [TEST_STEP][PASSED] - symbol = symbol: null

2019-08-10 23:58:10 - [TEST_STEP][PASSED] - println(symbol): null

2019-08-10 23:58:10 - [TEST_STEP][PASSED] - if (i == 2 &amp;&amp; wildList.indexOf(symbol) != -1): null

2019-08-10 23:58:10 - [TEST_STEP][PASSED] - if (i == 3 &amp;&amp; wildList.indexOf(symbol) != -1): null

2019-08-10 23:58:10 - [TEST_STEP][PASSED] - if (i == 4 &amp;&amp; wildList.indexOf(symbol) != -1): null

2019-08-10 23:58:10 - [TEST_STEP][PASSED] - symbols = symbols: null

2019-08-10 23:58:10 - [TEST_STEP][PASSED] - for ([j = 0, j &lt; symbols.size(), (j++)]): null

2019-08-10 23:58:10 - [TEST_STEP][PASSED] - symbol = symbol: null

2019-08-10 23:58:10 - [TEST_STEP][PASSED] - println(symbol): null

2019-08-10 23:58:10 - [TEST_STEP][PASSED] - if (i == 2 &amp;&amp; wildList.indexOf(symbol) != -1): null

2019-08-10 23:58:10 - [TEST_STEP][PASSED] - if (i == 3 &amp;&amp; wildList.indexOf(symbol) != -1): null

2019-08-10 23:58:10 - [TEST_STEP][PASSED] - if (i == 4 &amp;&amp; wildList.indexOf(symbol) != -1): null

2019-08-10 23:58:10 - [TEST_STEP][PASSED] - symbol = symbol: null

2019-08-10 23:58:10 - [TEST_STEP][PASSED] - println(symbol): null

2019-08-10 23:58:10 - [TEST_STEP][PASSED] - if (i == 2 &amp;&amp; wildList.indexOf(symbol) != -1): null

2019-08-10 23:58:10 - [TEST_STEP][PASSED] - if (i == 3 &amp;&amp; wildList.indexOf(symbol) != -1): null

2019-08-10 23:58:10 - [TEST_STEP][PASSED] - if (i == 4 &amp;&amp; wildList.indexOf(symbol) != -1): null

2019-08-10 23:58:10 - [TEST_STEP][PASSED] - symbol = symbol: null

2019-08-10 23:58:10 - [TEST_STEP][PASSED] - println(symbol): null

2019-08-10 23:58:10 - [TEST_STEP][PASSED] - if (i == 2 &amp;&amp; wildList.indexOf(symbol) != -1): null

2019-08-10 23:58:10 - [TEST_STEP][PASSED] - if (i == 3 &amp;&amp; wildList.indexOf(symbol) != -1): null

2019-08-10 23:58:10 - [TEST_STEP][PASSED] - if (i == 4 &amp;&amp; wildList.indexOf(symbol) != -1): null

2019-08-10 23:58:10 - [TEST_STEP][PASSED] - free_spin_reel_counter = free_spin_reel_counter: null

2019-08-10 23:58:10 - [TEST_STEP][PASSED] - println("reel 3 wild found: " + free_spin_reel_counter[0]): null

2019-08-10 23:58:10 - [TEST_STEP][PASSED] - println("reel 4 wild found: " + free_spin_reel_counter[1]): null

2019-08-10 23:58:10 - [TEST_STEP][PASSED] - println("reel 5 wild found: " + free_spin_reel_counter[2]): null

2019-08-10 23:58:10 - [TEST_STEP][PASSED] - M4_spin_reels = M4_spin_reels: null

2019-08-10 23:58:10 - [TEST_STEP][PASSED] - M4_spin_reels_symbols = symbol: null

2019-08-10 23:58:10 - [TEST_STEP][PASSED] - M4_spin_reels_symbols = M4_spin_reels_symbols: null

2019-08-10 23:58:10 - [TEST_STEP][PASSED] - M4_spin_reel_wins = reel_wins: null

2019-08-10 23:58:10 - [TEST_STEP][PASSED] - M4_spin_reel_wins = M4_spin_reel_wins: null

2019-08-10 23:58:10 - [TEST_STEP][PASSED] - println("GlobalVariable.M4_spin_reel_wins is: " + M4_spin_reel_wins): null

2019-08-10 23:58:10 - [TEST_STEP][PASSED] - M4_spin_total_bonus_win_this_round = total_bonus_win_this_round: null

2019-08-10 23:58:10 - [TEST_STEP][PASSED] - M4_spin_total_bonus_win_this_round = M4_spin_total_bonus_win_this_round: null

2019-08-10 23:58:10 - [TEST_STEP][PASSED] - println("GlobalVariable.M4_spin_total_bonus_win_this_round is: " + M4_spin_total_bonus_win_this_round): null

2019-08-10 23:58:10 - [MESSAGE][PASSED] - Verify response successfully

2019-08-10 23:58:10 - [MESSAGE][PASSED] - Send request and verify the response successfully

2019-08-10 23:58:10 - [TEST_STEP][PASSED] - if (M4_total_bonus_spins_int != 0 &amp;&amp; M4_spin_reels_symbols[2].contains("WILD_Double") || M4_spin_reels_symbols[4].contains("WILD_Triple")): null

2019-08-10 23:58:10 - [TEST_STEP][PASSED] - free_spin_reel_counter = free_spin_reel_counter: null

2019-08-10 23:58:10 - [TEST_STEP][PASSED] - M4_spin_reels_symbols = M4_spin_reels_symbols: null

2019-08-10 23:58:10 - [TEST_STEP][PASSED] - M4_total_bonus_spins = M4_total_bonus_spins: null

2019-08-10 23:58:10 - [TEST_STEP][PASSED] - spin_result = sendRequestAndVerify(findTestObject("RGS(M4)/1_M4_spin", ["M4_login_user_id":M4_login_user_id, "rgs_session_token":rgs_session_token, "partner":Partner])): Send request and verify the response successfully

2019-08-10 23:58:10 - [TEST_CASE][PASSED] - Start Test Case : Verification: Verification accomplished successfully

2019-08-10 23:58:10 - [TEST_STEP][PASSED] - request = getInstance().getCurrentRequest(): null

2019-08-10 23:58:10 - [TEST_STEP][PASSED] - response = getInstance().getCurrentResponse(): null

2019-08-10 23:58:10 - [TEST_STEP][PASSED] - verifyResponseStatusCode(response, 200): Verify response status code successfully

2019-08-10 23:58:10 - [MESSAGE][PASSED] - Verify response status code successfully

2019-08-10 23:58:10 - [TEST_STEP][PASSED] - getStatusCode()).isEqualTo(200): null

2019-08-10 23:58:10 - [TEST_STEP][PASSED] - newline = System.getProperty("line.separator"): null

2019-08-10 23:58:10 - [TEST_STEP][PASSED] - M4_spin = new groovy.json.JsonSlurper(): null

2019-08-10 23:58:10 - [TEST_STEP][PASSED] - result_M4_spin = M4_spin.parseText(response.getResponseBodyContent()): null

2019-08-10 23:58:10 - [TEST_STEP][PASSED] - M4_spin_current_balance = current_balance: null

2019-08-10 23:58:10 - [TEST_STEP][PASSED] - M4_spin_current_balance = M4_spin_current_balance: null

2019-08-10 23:58:10 - [TEST_STEP][PASSED] - M4_spin_transaction_id = causality: null

2019-08-10 23:58:10 - [TEST_STEP][PASSED] - M4_spin_transaction_id = M4_spin_transaction_id: null

2019-08-10 23:58:10 - [TEST_STEP][PASSED] - M4_spin_round_id = round_id: null

2019-08-10 23:58:10 - [TEST_STEP][PASSED] - M4_spin_round_id = M4_spin_round_id: null

2019-08-10 23:58:10 - [TEST_STEP][PASSED] - M4_spin_line_wins = line_wins: null

2019-08-10 23:58:10 - [TEST_STEP][PASSED] - M4_spin_line_wins = M4_spin_line_wins: null

2019-08-10 23:58:10 - [TEST_STEP][PASSED] - M4_total_bonus_spins_int = total_bonus_spins: null

2019-08-10 23:58:10 - [TEST_STEP][PASSED] - println("******M4_total_bonus_spins type is:*******" + newline + getClass().getName()): null

2019-08-10 23:58:10 - [TEST_STEP][PASSED] - M4_total_bonus_spins_int = M4_total_bonus_spins_int: null

2019-08-10 23:58:10 - [TEST_STEP][PASSED] - M4_total_bonus_spins = Integer.toString(M4_total_bonus_spins_int): null

2019-08-10 23:58:10 - [TEST_STEP][PASSED] - M4_total_bonus_spins = M4_total_bonus_spins: null

2019-08-10 23:58:10 - [TEST_STEP][PASSED] - println("M4_total_bonus_spins is:" + M4_total_bonus_spins): null

2019-08-10 23:58:10 - [TEST_STEP][PASSED] - M4_spin_bonus_data = bonus_data: null

2019-08-10 23:58:10 - [TEST_STEP][PASSED] - M4_spin_features_triggered = result_M4_spin: null

2019-08-10 23:58:10 - [TEST_STEP][PASSED] - wild = []: null

2019-08-10 23:58:10 - [TEST_STEP][PASSED] - wild[0] = "WILD_Expanding": null

2019-08-10 23:58:10 - [TEST_STEP][PASSED] - wild[1] = "WILD_Normal": null

2019-08-10 23:58:10 - [TEST_STEP][PASSED] - wild[2] = "WILD_Double": null

2019-08-10 23:58:10 - [TEST_STEP][PASSED] - wild[3] = "WILD_ExtraFG": null

2019-08-10 23:58:10 - [TEST_STEP][PASSED] - wild[4] = "WILD_Triple": null

2019-08-10 23:58:10 - [TEST_STEP][PASSED] - wildList = Arrays.asList(wild): null

2019-08-10 23:58:10 - [TEST_STEP][PASSED] - wildList = wildList: null

2019-08-10 23:58:10 - [TEST_STEP][PASSED] - free_spin_reel_counter = []: null

2019-08-10 23:58:10 - [TEST_STEP][PASSED] - free_spin_reel_counter[0] = 0: null

2019-08-10 23:58:10 - [TEST_STEP][PASSED] - free_spin_reel_counter[1] = 0: null

2019-08-10 23:58:10 - [TEST_STEP][PASSED] - free_spin_reel_counter[2] = 0: null

2019-08-10 23:58:10 - [TEST_STEP][PASSED] - M4_spin_reels = reels: null

2019-08-10 23:58:10 - [TEST_STEP][PASSED] - for ([i = 0, i &lt; M4_spin_reels.size(), (i++)]): null

2019-08-10 23:58:10 - [TEST_STEP][PASSED] - symbols = symbols: null

2019-08-10 23:58:10 - [TEST_STEP][PASSED] - for ([j = 0, j &lt; symbols.size(), (j++)]): null

2019-08-10 23:58:10 - [TEST_STEP][PASSED] - symbol = symbol: null

2019-08-10 23:58:10 - [TEST_STEP][PASSED] - println(symbol): null

2019-08-10 23:58:10 - [TEST_STEP][PASSED] - if (i == 2 &amp;&amp; wildList.indexOf(symbol) != -1): null

2019-08-10 23:58:10 - [TEST_STEP][PASSED] - if (i == 3 &amp;&amp; wildList.indexOf(symbol) != -1): null

2019-08-10 23:58:10 - [TEST_STEP][PASSED] - if (i == 4 &amp;&amp; wildList.indexOf(symbol) != -1): null

2019-08-10 23:58:10 - [TEST_STEP][PASSED] - symbol = symbol: null

2019-08-10 23:58:10 - [TEST_STEP][PASSED] - println(symbol): null

2019-08-10 23:58:10 - [TEST_STEP][PASSED] - if (i == 2 &amp;&amp; wildList.indexOf(symbol) != -1): null

2019-08-10 23:58:10 - [TEST_STEP][PASSED] - if (i == 3 &amp;&amp; wildList.indexOf(symbol) != -1): null

2019-08-10 23:58:10 - [TEST_STEP][PASSED] - if (i == 4 &amp;&amp; wildList.indexOf(symbol) != -1): null

2019-08-10 23:58:10 - [TEST_STEP][PASSED] - symbol = symbol: null

2019-08-10 23:58:11 - [TEST_STEP][PASSED] - println(symbol): null

2019-08-10 23:58:11 - [TEST_STEP][PASSED] - if (i == 2 &amp;&amp; wildList.indexOf(symbol) != -1): null

2019-08-10 23:58:11 - [TEST_STEP][PASSED] - if (i == 3 &amp;&amp; wildList.indexOf(symbol) != -1): null

2019-08-10 23:58:11 - [TEST_STEP][PASSED] - if (i == 4 &amp;&amp; wildList.indexOf(symbol) != -1): null

2019-08-10 23:58:11 - [TEST_STEP][PASSED] - symbols = symbols: null

2019-08-10 23:58:11 - [TEST_STEP][PASSED] - for ([j = 0, j &lt; symbols.size(), (j++)]): null

2019-08-10 23:58:11 - [TEST_STEP][PASSED] - symbol = symbol: null

2019-08-10 23:58:11 - [TEST_STEP][PASSED] - println(symbol): null

2019-08-10 23:58:11 - [TEST_STEP][PASSED] - if (i == 2 &amp;&amp; wildList.indexOf(symbol) != -1): null

2019-08-10 23:58:11 - [TEST_STEP][PASSED] - if (i == 3 &amp;&amp; wildList.indexOf(symbol) != -1): null

2019-08-10 23:58:11 - [TEST_STEP][PASSED] - if (i == 4 &amp;&amp; wildList.indexOf(symbol) != -1): null

2019-08-10 23:58:11 - [TEST_STEP][PASSED] - symbol = symbol: null

2019-08-10 23:58:11 - [TEST_STEP][PASSED] - println(symbol): null

2019-08-10 23:58:11 - [TEST_STEP][PASSED] - if (i == 2 &amp;&amp; wildList.indexOf(symbol) != -1): null

2019-08-10 23:58:11 - [TEST_STEP][PASSED] - if (i == 3 &amp;&amp; wildList.indexOf(symbol) != -1): null

2019-08-10 23:58:11 - [TEST_STEP][PASSED] - if (i == 4 &amp;&amp; wildList.indexOf(symbol) != -1): null

2019-08-10 23:58:11 - [TEST_STEP][PASSED] - symbol = symbol: null

2019-08-10 23:58:11 - [TEST_STEP][PASSED] - println(symbol): null

2019-08-10 23:58:11 - [TEST_STEP][PASSED] - if (i == 2 &amp;&amp; wildList.indexOf(symbol) != -1): null

2019-08-10 23:58:11 - [TEST_STEP][PASSED] - if (i == 3 &amp;&amp; wildList.indexOf(symbol) != -1): null

2019-08-10 23:58:11 - [TEST_STEP][PASSED] - if (i == 4 &amp;&amp; wildList.indexOf(symbol) != -1): null

2019-08-10 23:58:11 - [TEST_STEP][PASSED] - symbols = symbols: null

2019-08-10 23:58:11 - [TEST_STEP][PASSED] - for ([j = 0, j &lt; symbols.size(), (j++)]): null

2019-08-10 23:58:11 - [TEST_STEP][PASSED] - symbol = symbol: null

2019-08-10 23:58:11 - [TEST_STEP][PASSED] - println(symbol): null

2019-08-10 23:58:11 - [TEST_STEP][PASSED] - if (i == 2 &amp;&amp; wildList.indexOf(symbol) != -1): null

2019-08-10 23:58:11 - [TEST_STEP][PASSED] - if (i == 3 &amp;&amp; wildList.indexOf(symbol) != -1): null

2019-08-10 23:58:11 - [TEST_STEP][PASSED] - if (i == 4 &amp;&amp; wildList.indexOf(symbol) != -1): null

2019-08-10 23:58:11 - [TEST_STEP][PASSED] - symbol = symbol: null

2019-08-10 23:58:11 - [TEST_STEP][PASSED] - println(symbol): null

2019-08-10 23:58:11 - [TEST_STEP][PASSED] - if (i == 2 &amp;&amp; wildList.indexOf(symbol) != -1): null

2019-08-10 23:58:11 - [TEST_STEP][PASSED] - if (i == 3 &amp;&amp; wildList.indexOf(symbol) != -1): null

2019-08-10 23:58:11 - [TEST_STEP][PASSED] - if (i == 4 &amp;&amp; wildList.indexOf(symbol) != -1): null

2019-08-10 23:58:11 - [TEST_STEP][PASSED] - symbol = symbol: null

2019-08-10 23:58:11 - [TEST_STEP][PASSED] - println(symbol): null

2019-08-10 23:58:11 - [TEST_STEP][PASSED] - if (i == 2 &amp;&amp; wildList.indexOf(symbol) != -1): null

2019-08-10 23:58:11 - [TEST_STEP][PASSED] - println("wild found on reel 3, adding counter by 1"): null

2019-08-10 23:58:11 - [TEST_STEP][PASSED] - free_spin_reel_counter[0] = free_spin_reel_counter[0] + 1: null

2019-08-10 23:58:11 - [TEST_STEP][PASSED] - if (i == 3 &amp;&amp; wildList.indexOf(symbol) != -1): null

2019-08-10 23:58:11 - [TEST_STEP][PASSED] - if (i == 4 &amp;&amp; wildList.indexOf(symbol) != -1): null

2019-08-10 23:58:11 - [TEST_STEP][PASSED] - symbols = symbols: null

2019-08-10 23:58:11 - [TEST_STEP][PASSED] - for ([j = 0, j &lt; symbols.size(), (j++)]): null

2019-08-10 23:58:11 - [TEST_STEP][PASSED] - symbol = symbol: null

2019-08-10 23:58:11 - [TEST_STEP][PASSED] - println(symbol): null

2019-08-10 23:58:11 - [TEST_STEP][PASSED] - if (i == 2 &amp;&amp; wildList.indexOf(symbol) != -1): null

2019-08-10 23:58:11 - [TEST_STEP][PASSED] - if (i == 3 &amp;&amp; wildList.indexOf(symbol) != -1): null

2019-08-10 23:58:11 - [TEST_STEP][PASSED] - if (i == 4 &amp;&amp; wildList.indexOf(symbol) != -1): null

2019-08-10 23:58:11 - [TEST_STEP][PASSED] - symbol = symbol: null

2019-08-10 23:58:11 - [TEST_STEP][PASSED] - println(symbol): null

2019-08-10 23:58:11 - [TEST_STEP][PASSED] - if (i == 2 &amp;&amp; wildList.indexOf(symbol) != -1): null

2019-08-10 23:58:11 - [TEST_STEP][PASSED] - if (i == 3 &amp;&amp; wildList.indexOf(symbol) != -1): null

2019-08-10 23:58:11 - [TEST_STEP][PASSED] - if (i == 4 &amp;&amp; wildList.indexOf(symbol) != -1): null

2019-08-10 23:58:11 - [TEST_STEP][PASSED] - symbol = symbol: null

2019-08-10 23:58:11 - [TEST_STEP][PASSED] - println(symbol): null

2019-08-10 23:58:11 - [TEST_STEP][PASSED] - if (i == 2 &amp;&amp; wildList.indexOf(symbol) != -1): null

2019-08-10 23:58:11 - [TEST_STEP][PASSED] - if (i == 3 &amp;&amp; wildList.indexOf(symbol) != -1): null

2019-08-10 23:58:11 - [TEST_STEP][PASSED] - println("wild found on reel 4, adding counter by 1"): null

2019-08-10 23:58:11 - [TEST_STEP][PASSED] - free_spin_reel_counter[1] = free_spin_reel_counter[1] + 1: null

2019-08-10 23:58:11 - [TEST_STEP][PASSED] - if (i == 4 &amp;&amp; wildList.indexOf(symbol) != -1): null

2019-08-10 23:58:11 - [TEST_STEP][PASSED] - symbols = symbols: null

2019-08-10 23:58:11 - [TEST_STEP][PASSED] - for ([j = 0, j &lt; symbols.size(), (j++)]): null

2019-08-10 23:58:11 - [TEST_STEP][PASSED] - symbol = symbol: null

2019-08-10 23:58:11 - [TEST_STEP][PASSED] - println(symbol): null

2019-08-10 23:58:11 - [TEST_STEP][PASSED] - if (i == 2 &amp;&amp; wildList.indexOf(symbol) != -1): null

2019-08-10 23:58:11 - [TEST_STEP][PASSED] - if (i == 3 &amp;&amp; wildList.indexOf(symbol) != -1): null

2019-08-10 23:58:11 - [TEST_STEP][PASSED] - if (i == 4 &amp;&amp; wildList.indexOf(symbol) != -1): null

2019-08-10 23:58:11 - [TEST_STEP][PASSED] - symbol = symbol: null

2019-08-10 23:58:11 - [TEST_STEP][PASSED] - println(symbol): null

2019-08-10 23:58:11 - [TEST_STEP][PASSED] - if (i == 2 &amp;&amp; wildList.indexOf(symbol) != -1): null

2019-08-10 23:58:11 - [TEST_STEP][PASSED] - if (i == 3 &amp;&amp; wildList.indexOf(symbol) != -1): null

2019-08-10 23:58:11 - [TEST_STEP][PASSED] - if (i == 4 &amp;&amp; wildList.indexOf(symbol) != -1): null

2019-08-10 23:58:11 - [TEST_STEP][PASSED] - symbol = symbol: null

2019-08-10 23:58:11 - [TEST_STEP][PASSED] - println(symbol): null

2019-08-10 23:58:11 - [TEST_STEP][PASSED] - if (i == 2 &amp;&amp; wildList.indexOf(symbol) != -1): null

2019-08-10 23:58:11 - [TEST_STEP][PASSED] - if (i == 3 &amp;&amp; wildList.indexOf(symbol) != -1): null

2019-08-10 23:58:11 - [TEST_STEP][PASSED] - if (i == 4 &amp;&amp; wildList.indexOf(symbol) != -1): null

2019-08-10 23:58:11 - [TEST_STEP][PASSED] - free_spin_reel_counter = free_spin_reel_counter: null

2019-08-10 23:58:11 - [TEST_STEP][PASSED] - println("reel 3 wild found: " + free_spin_reel_counter[0]): null

2019-08-10 23:58:11 - [TEST_STEP][PASSED] - println("reel 4 wild found: " + free_spin_reel_counter[1]): null

2019-08-10 23:58:11 - [TEST_STEP][PASSED] - println("reel 5 wild found: " + free_spin_reel_counter[2]): null

2019-08-10 23:58:11 - [TEST_STEP][PASSED] - M4_spin_reels = M4_spin_reels: null

2019-08-10 23:58:11 - [TEST_STEP][PASSED] - M4_spin_reels_symbols = symbol: null

2019-08-10 23:58:11 - [TEST_STEP][PASSED] - M4_spin_reels_symbols = M4_spin_reels_symbols: null

2019-08-10 23:58:11 - [TEST_STEP][PASSED] - M4_spin_reel_wins = reel_wins: null

2019-08-10 23:58:11 - [TEST_STEP][PASSED] - M4_spin_reel_wins = M4_spin_reel_wins: null

2019-08-10 23:58:11 - [TEST_STEP][PASSED] - println("GlobalVariable.M4_spin_reel_wins is: " + M4_spin_reel_wins): null

2019-08-10 23:58:11 - [TEST_STEP][PASSED] - M4_spin_total_bonus_win_this_round = total_bonus_win_this_round: null

2019-08-10 23:58:11 - [TEST_STEP][PASSED] - M4_spin_total_bonus_win_this_round = M4_spin_total_bonus_win_this_round: null

2019-08-10 23:58:11 - [TEST_STEP][PASSED] - println("GlobalVariable.M4_spin_total_bonus_win_this_round is: " + M4_spin_total_bonus_win_this_round): null

2019-08-10 23:58:11 - [MESSAGE][PASSED] - Verify response successfully

2019-08-10 23:58:11 - [MESSAGE][PASSED] - Send request and verify the response successfully

2019-08-10 23:58:11 - [TEST_STEP][PASSED] - if (M4_total_bonus_spins_int != 0 &amp;&amp; M4_spin_reels_symbols[2].contains("WILD_Double") || M4_spin_reels_symbols[4].contains("WILD_Triple")): null

2019-08-10 23:58:11 - [TEST_STEP][PASSED] - free_spin_reel_counter = free_spin_reel_counter: null

2019-08-10 23:58:11 - [TEST_STEP][PASSED] - M4_spin_reels_symbols = M4_spin_reels_symbols: null

2019-08-10 23:58:11 - [TEST_STEP][PASSED] - M4_total_bonus_spins = M4_total_bonus_spins: null

2019-08-10 23:58:11 - [TEST_STEP][PASSED] - spin_result = sendRequestAndVerify(findTestObject("RGS(M4)/1_M4_spin", ["M4_login_user_id":M4_login_user_id, "rgs_session_token":rgs_session_token, "partner":Partner])): Send request and verify the response successfully

2019-08-10 23:58:11 - [TEST_CASE][PASSED] - Start Test Case : Verification: Verification accomplished successfully

2019-08-10 23:58:11 - [TEST_STEP][PASSED] - request = getInstance().getCurrentRequest(): null

2019-08-10 23:58:11 - [TEST_STEP][PASSED] - response = getInstance().getCurrentResponse(): null

2019-08-10 23:58:11 - [TEST_STEP][PASSED] - verifyResponseStatusCode(response, 200): Verify response status code successfully

2019-08-10 23:58:11 - [MESSAGE][PASSED] - Verify response status code successfully

2019-08-10 23:58:11 - [TEST_STEP][PASSED] - getStatusCode()).isEqualTo(200): null

2019-08-10 23:58:11 - [TEST_STEP][PASSED] - newline = System.getProperty("line.separator"): null

2019-08-10 23:58:11 - [TEST_STEP][PASSED] - M4_spin = new groovy.json.JsonSlurper(): null

2019-08-10 23:58:11 - [TEST_STEP][PASSED] - result_M4_spin = M4_spin.parseText(response.getResponseBodyContent()): null

2019-08-10 23:58:11 - [TEST_STEP][PASSED] - M4_spin_current_balance = current_balance: null

2019-08-10 23:58:11 - [TEST_STEP][PASSED] - M4_spin_current_balance = M4_spin_current_balance: null

2019-08-10 23:58:11 - [TEST_STEP][PASSED] - M4_spin_transaction_id = causality: null

2019-08-10 23:58:11 - [TEST_STEP][PASSED] - M4_spin_transaction_id = M4_spin_transaction_id: null

2019-08-10 23:58:11 - [TEST_STEP][PASSED] - M4_spin_round_id = round_id: null

2019-08-10 23:58:11 - [TEST_STEP][PASSED] - M4_spin_round_id = M4_spin_round_id: null

2019-08-10 23:58:11 - [TEST_STEP][PASSED] - M4_spin_line_wins = line_wins: null

2019-08-10 23:58:11 - [TEST_STEP][PASSED] - M4_spin_line_wins = M4_spin_line_wins: null

2019-08-10 23:58:11 - [TEST_STEP][PASSED] - M4_total_bonus_spins_int = total_bonus_spins: null

2019-08-10 23:58:11 - [TEST_STEP][PASSED] - println("******M4_total_bonus_spins type is:*******" + newline + getClass().getName()): null

2019-08-10 23:58:11 - [TEST_STEP][PASSED] - M4_total_bonus_spins_int = M4_total_bonus_spins_int: null

2019-08-10 23:58:11 - [TEST_STEP][PASSED] - M4_total_bonus_spins = Integer.toString(M4_total_bonus_spins_int): null

2019-08-10 23:58:11 - [TEST_STEP][PASSED] - M4_total_bonus_spins = M4_total_bonus_spins: null

2019-08-10 23:58:11 - [TEST_STEP][PASSED] - println("M4_total_bonus_spins is:" + M4_total_bonus_spins): null

2019-08-10 23:58:11 - [TEST_STEP][PASSED] - M4_spin_bonus_data = bonus_data: null

2019-08-10 23:58:11 - [TEST_STEP][PASSED] - M4_spin_features_triggered = result_M4_spin: null

2019-08-10 23:58:11 - [TEST_STEP][PASSED] - wild = []: null

2019-08-10 23:58:11 - [TEST_STEP][PASSED] - wild[0] = "WILD_Expanding": null

2019-08-10 23:58:11 - [TEST_STEP][PASSED] - wild[1] = "WILD_Normal": null

2019-08-10 23:58:11 - [TEST_STEP][PASSED] - wild[2] = "WILD_Double": null

2019-08-10 23:58:11 - [TEST_STEP][PASSED] - wild[3] = "WILD_ExtraFG": null

2019-08-10 23:58:11 - [TEST_STEP][PASSED] - wild[4] = "WILD_Triple": null

2019-08-10 23:58:11 - [TEST_STEP][PASSED] - wildList = Arrays.asList(wild): null

2019-08-10 23:58:11 - [TEST_STEP][PASSED] - wildList = wildList: null

2019-08-10 23:58:11 - [TEST_STEP][PASSED] - free_spin_reel_counter = []: null

2019-08-10 23:58:11 - [TEST_STEP][PASSED] - free_spin_reel_counter[0] = 0: null

2019-08-10 23:58:11 - [TEST_STEP][PASSED] - free_spin_reel_counter[1] = 0: null

2019-08-10 23:58:11 - [TEST_STEP][PASSED] - free_spin_reel_counter[2] = 0: null

2019-08-10 23:58:11 - [TEST_STEP][PASSED] - M4_spin_reels = reels: null

2019-08-10 23:58:11 - [TEST_STEP][PASSED] - for ([i = 0, i &lt; M4_spin_reels.size(), (i++)]): null

2019-08-10 23:58:11 - [TEST_STEP][PASSED] - symbols = symbols: null

2019-08-10 23:58:11 - [TEST_STEP][PASSED] - for ([j = 0, j &lt; symbols.size(), (j++)]): null

2019-08-10 23:58:11 - [TEST_STEP][PASSED] - symbol = symbol: null

2019-08-10 23:58:11 - [TEST_STEP][PASSED] - println(symbol): null

2019-08-10 23:58:11 - [TEST_STEP][PASSED] - if (i == 2 &amp;&amp; wildList.indexOf(symbol) != -1): null

2019-08-10 23:58:11 - [TEST_STEP][PASSED] - if (i == 3 &amp;&amp; wildList.indexOf(symbol) != -1): null

2019-08-10 23:58:11 - [TEST_STEP][PASSED] - if (i == 4 &amp;&amp; wildList.indexOf(symbol) != -1): null

2019-08-10 23:58:11 - [TEST_STEP][PASSED] - symbol = symbol: null

2019-08-10 23:58:11 - [TEST_STEP][PASSED] - println(symbol): null

2019-08-10 23:58:11 - [TEST_STEP][PASSED] - if (i == 2 &amp;&amp; wildList.indexOf(symbol) != -1): null

2019-08-10 23:58:11 - [TEST_STEP][PASSED] - if (i == 3 &amp;&amp; wildList.indexOf(symbol) != -1): null

2019-08-10 23:58:11 - [TEST_STEP][PASSED] - if (i == 4 &amp;&amp; wildList.indexOf(symbol) != -1): null

2019-08-10 23:58:11 - [TEST_STEP][PASSED] - symbol = symbol: null

2019-08-10 23:58:11 - [TEST_STEP][PASSED] - println(symbol): null

2019-08-10 23:58:11 - [TEST_STEP][PASSED] - if (i == 2 &amp;&amp; wildList.indexOf(symbol) != -1): null

2019-08-10 23:58:11 - [TEST_STEP][PASSED] - if (i == 3 &amp;&amp; wildList.indexOf(symbol) != -1): null

2019-08-10 23:58:11 - [TEST_STEP][PASSED] - if (i == 4 &amp;&amp; wildList.indexOf(symbol) != -1): null

2019-08-10 23:58:11 - [TEST_STEP][PASSED] - symbols = symbols: null

2019-08-10 23:58:11 - [TEST_STEP][PASSED] - for ([j = 0, j &lt; symbols.size(), (j++)]): null

2019-08-10 23:58:11 - [TEST_STEP][PASSED] - symbol = symbol: null

2019-08-10 23:58:11 - [TEST_STEP][PASSED] - println(symbol): null

2019-08-10 23:58:11 - [TEST_STEP][PASSED] - if (i == 2 &amp;&amp; wildList.indexOf(symbol) != -1): null

2019-08-10 23:58:11 - [TEST_STEP][PASSED] - if (i == 3 &amp;&amp; wildList.indexOf(symbol) != -1): null

2019-08-10 23:58:11 - [TEST_STEP][PASSED] - if (i == 4 &amp;&amp; wildList.indexOf(symbol) != -1): null

2019-08-10 23:58:11 - [TEST_STEP][PASSED] - symbol = symbol: null

2019-08-10 23:58:11 - [TEST_STEP][PASSED] - println(symbol): null

2019-08-10 23:58:11 - [TEST_STEP][PASSED] - if (i == 2 &amp;&amp; wildList.indexOf(symbol) != -1): null

2019-08-10 23:58:11 - [TEST_STEP][PASSED] - if (i == 3 &amp;&amp; wildList.indexOf(symbol) != -1): null

2019-08-10 23:58:11 - [TEST_STEP][PASSED] - if (i == 4 &amp;&amp; wildList.indexOf(symbol) != -1): null

2019-08-10 23:58:11 - [TEST_STEP][PASSED] - symbol = symbol: null

2019-08-10 23:58:11 - [TEST_STEP][PASSED] - println(symbol): null

2019-08-10 23:58:11 - [TEST_STEP][PASSED] - if (i == 2 &amp;&amp; wildList.indexOf(symbol) != -1): null

2019-08-10 23:58:11 - [TEST_STEP][PASSED] - if (i == 3 &amp;&amp; wildList.indexOf(symbol) != -1): null

2019-08-10 23:58:11 - [TEST_STEP][PASSED] - if (i == 4 &amp;&amp; wildList.indexOf(symbol) != -1): null

2019-08-10 23:58:11 - [TEST_STEP][PASSED] - symbols = symbols: null

2019-08-10 23:58:11 - [TEST_STEP][PASSED] - for ([j = 0, j &lt; symbols.size(), (j++)]): null

2019-08-10 23:58:11 - [TEST_STEP][PASSED] - symbol = symbol: null

2019-08-10 23:58:11 - [TEST_STEP][PASSED] - println(symbol): null

2019-08-10 23:58:11 - [TEST_STEP][PASSED] - if (i == 2 &amp;&amp; wildList.indexOf(symbol) != -1): null

2019-08-10 23:58:11 - [TEST_STEP][PASSED] - if (i == 3 &amp;&amp; wildList.indexOf(symbol) != -1): null

2019-08-10 23:58:11 - [TEST_STEP][PASSED] - if (i == 4 &amp;&amp; wildList.indexOf(symbol) != -1): null

2019-08-10 23:58:11 - [TEST_STEP][PASSED] - symbol = symbol: null

2019-08-10 23:58:11 - [TEST_STEP][PASSED] - println(symbol): null

2019-08-10 23:58:11 - [TEST_STEP][PASSED] - if (i == 2 &amp;&amp; wildList.indexOf(symbol) != -1): null

2019-08-10 23:58:11 - [TEST_STEP][PASSED] - if (i == 3 &amp;&amp; wildList.indexOf(symbol) != -1): null

2019-08-10 23:58:11 - [TEST_STEP][PASSED] - if (i == 4 &amp;&amp; wildList.indexOf(symbol) != -1): null

2019-08-10 23:58:11 - [TEST_STEP][PASSED] - symbol = symbol: null

2019-08-10 23:58:11 - [TEST_STEP][PASSED] - println(symbol): null

2019-08-10 23:58:11 - [TEST_STEP][PASSED] - if (i == 2 &amp;&amp; wildList.indexOf(symbol) != -1): null

2019-08-10 23:58:11 - [TEST_STEP][PASSED] - if (i == 3 &amp;&amp; wildList.indexOf(symbol) != -1): null

2019-08-10 23:58:11 - [TEST_STEP][PASSED] - if (i == 4 &amp;&amp; wildList.indexOf(symbol) != -1): null

2019-08-10 23:58:11 - [TEST_STEP][PASSED] - symbols = symbols: null

2019-08-10 23:58:11 - [TEST_STEP][PASSED] - for ([j = 0, j &lt; symbols.size(), (j++)]): null

2019-08-10 23:58:11 - [TEST_STEP][PASSED] - symbol = symbol: null

2019-08-10 23:58:11 - [TEST_STEP][PASSED] - println(symbol): null

2019-08-10 23:58:11 - [TEST_STEP][PASSED] - if (i == 2 &amp;&amp; wildList.indexOf(symbol) != -1): null

2019-08-10 23:58:11 - [TEST_STEP][PASSED] - if (i == 3 &amp;&amp; wildList.indexOf(symbol) != -1): null

2019-08-10 23:58:11 - [TEST_STEP][PASSED] - if (i == 4 &amp;&amp; wildList.indexOf(symbol) != -1): null

2019-08-10 23:58:11 - [TEST_STEP][PASSED] - symbol = symbol: null

2019-08-10 23:58:11 - [TEST_STEP][PASSED] - println(symbol): null

2019-08-10 23:58:11 - [TEST_STEP][PASSED] - if (i == 2 &amp;&amp; wildList.indexOf(symbol) != -1): null

2019-08-10 23:58:11 - [TEST_STEP][PASSED] - if (i == 3 &amp;&amp; wildList.indexOf(symbol) != -1): null

2019-08-10 23:58:11 - [TEST_STEP][PASSED] - println("wild found on reel 4, adding counter by 1"): null

2019-08-10 23:58:11 - [TEST_STEP][PASSED] - free_spin_reel_counter[1] = free_spin_reel_counter[1] + 1: null

2019-08-10 23:58:11 - [TEST_STEP][PASSED] - if (i == 4 &amp;&amp; wildList.indexOf(symbol) != -1): null

2019-08-10 23:58:11 - [TEST_STEP][PASSED] - symbol = symbol: null

2019-08-10 23:58:11 - [TEST_STEP][PASSED] - println(symbol): null

2019-08-10 23:58:11 - [TEST_STEP][PASSED] - if (i == 2 &amp;&amp; wildList.indexOf(symbol) != -1): null

2019-08-10 23:58:11 - [TEST_STEP][PASSED] - if (i == 3 &amp;&amp; wildList.indexOf(symbol) != -1): null

2019-08-10 23:58:11 - [TEST_STEP][PASSED] - if (i == 4 &amp;&amp; wildList.indexOf(symbol) != -1): null

2019-08-10 23:58:11 - [TEST_STEP][PASSED] - symbols = symbols: null

2019-08-10 23:58:11 - [TEST_STEP][PASSED] - for ([j = 0, j &lt; symbols.size(), (j++)]): null

2019-08-10 23:58:11 - [TEST_STEP][PASSED] - symbol = symbol: null

2019-08-10 23:58:11 - [TEST_STEP][PASSED] - println(symbol): null

2019-08-10 23:58:11 - [TEST_STEP][PASSED] - if (i == 2 &amp;&amp; wildList.indexOf(symbol) != -1): null

2019-08-10 23:58:11 - [TEST_STEP][PASSED] - if (i == 3 &amp;&amp; wildList.indexOf(symbol) != -1): null

2019-08-10 23:58:11 - [TEST_STEP][PASSED] - if (i == 4 &amp;&amp; wildList.indexOf(symbol) != -1): null

2019-08-10 23:58:11 - [TEST_STEP][PASSED] - symbol = symbol: null

2019-08-10 23:58:11 - [TEST_STEP][PASSED] - println(symbol): null

2019-08-10 23:58:11 - [TEST_STEP][PASSED] - if (i == 2 &amp;&amp; wildList.indexOf(symbol) != -1): null

2019-08-10 23:58:11 - [TEST_STEP][PASSED] - if (i == 3 &amp;&amp; wildList.indexOf(symbol) != -1): null

2019-08-10 23:58:11 - [TEST_STEP][PASSED] - if (i == 4 &amp;&amp; wildList.indexOf(symbol) != -1): null

2019-08-10 23:58:11 - [TEST_STEP][PASSED] - symbol = symbol: null

2019-08-10 23:58:11 - [TEST_STEP][PASSED] - println(symbol): null

2019-08-10 23:58:11 - [TEST_STEP][PASSED] - if (i == 2 &amp;&amp; wildList.indexOf(symbol) != -1): null

2019-08-10 23:58:11 - [TEST_STEP][PASSED] - if (i == 3 &amp;&amp; wildList.indexOf(symbol) != -1): null

2019-08-10 23:58:11 - [TEST_STEP][PASSED] - if (i == 4 &amp;&amp; wildList.indexOf(symbol) != -1): null

2019-08-10 23:58:11 - [TEST_STEP][PASSED] - free_spin_reel_counter = free_spin_reel_counter: null

2019-08-10 23:58:11 - [TEST_STEP][PASSED] - println("reel 3 wild found: " + free_spin_reel_counter[0]): null

2019-08-10 23:58:11 - [TEST_STEP][PASSED] - println("reel 4 wild found: " + free_spin_reel_counter[1]): null

2019-08-10 23:58:11 - [TEST_STEP][PASSED] - println("reel 5 wild found: " + free_spin_reel_counter[2]): null

2019-08-10 23:58:11 - [TEST_STEP][PASSED] - M4_spin_reels = M4_spin_reels: null

2019-08-10 23:58:11 - [TEST_STEP][PASSED] - M4_spin_reels_symbols = symbol: null

2019-08-10 23:58:11 - [TEST_STEP][PASSED] - M4_spin_reels_symbols = M4_spin_reels_symbols: null

2019-08-10 23:58:11 - [TEST_STEP][PASSED] - M4_spin_reel_wins = reel_wins: null

2019-08-10 23:58:11 - [TEST_STEP][PASSED] - M4_spin_reel_wins = M4_spin_reel_wins: null

2019-08-10 23:58:11 - [TEST_STEP][PASSED] - println("GlobalVariable.M4_spin_reel_wins is: " + M4_spin_reel_wins): null

2019-08-10 23:58:11 - [TEST_STEP][PASSED] - M4_spin_total_bonus_win_this_round = total_bonus_win_this_round: null

2019-08-10 23:58:11 - [TEST_STEP][PASSED] - M4_spin_total_bonus_win_this_round = M4_spin_total_bonus_win_this_round: null

2019-08-10 23:58:11 - [TEST_STEP][PASSED] - println("GlobalVariable.M4_spin_total_bonus_win_this_round is: " + M4_spin_total_bonus_win_this_round): null

2019-08-10 23:58:11 - [MESSAGE][PASSED] - Verify response successfully

2019-08-10 23:58:11 - [MESSAGE][PASSED] - Send request and verify the response successfully

2019-08-10 23:58:11 - [TEST_STEP][PASSED] - if (M4_total_bonus_spins_int != 0 &amp;&amp; M4_spin_reels_symbols[2].contains("WILD_Double") || M4_spin_reels_symbols[4].contains("WILD_Triple")): null

2019-08-10 23:58:11 - [TEST_STEP][PASSED] - free_spin_reel_counter = free_spin_reel_counter: null

2019-08-10 23:58:11 - [TEST_STEP][PASSED] - M4_spin_reels_symbols = M4_spin_reels_symbols: null

2019-08-10 23:58:11 - [TEST_STEP][PASSED] - M4_total_bonus_spins = M4_total_bonus_spins: null

2019-08-10 23:58:11 - [TEST_STEP][PASSED] - spin_result = sendRequestAndVerify(findTestObject("RGS(M4)/1_M4_spin", ["M4_login_user_id":M4_login_user_id, "rgs_session_token":rgs_session_token, "partner":Partner])): Send request and verify the response successfully

2019-08-10 23:58:11 - [TEST_CASE][PASSED] - Start Test Case : Verification: Verification accomplished successfully

2019-08-10 23:58:11 - [TEST_STEP][PASSED] - request = getInstance().getCurrentRequest(): null

2019-08-10 23:58:12 - [TEST_STEP][PASSED] - response = getInstance().getCurrentResponse(): null

2019-08-10 23:58:12 - [TEST_STEP][PASSED] - verifyResponseStatusCode(response, 200): Verify response status code successfully

2019-08-10 23:58:12 - [MESSAGE][PASSED] - Verify response status code successfully

2019-08-10 23:58:12 - [TEST_STEP][PASSED] - getStatusCode()).isEqualTo(200): null

2019-08-10 23:58:12 - [TEST_STEP][PASSED] - newline = System.getProperty("line.separator"): null

2019-08-10 23:58:12 - [TEST_STEP][PASSED] - M4_spin = new groovy.json.JsonSlurper(): null

2019-08-10 23:58:12 - [TEST_STEP][PASSED] - result_M4_spin = M4_spin.parseText(response.getResponseBodyContent()): null

2019-08-10 23:58:12 - [TEST_STEP][PASSED] - M4_spin_current_balance = current_balance: null

2019-08-10 23:58:12 - [TEST_STEP][PASSED] - M4_spin_current_balance = M4_spin_current_balance: null

2019-08-10 23:58:12 - [TEST_STEP][PASSED] - M4_spin_transaction_id = causality: null

2019-08-10 23:58:12 - [TEST_STEP][PASSED] - M4_spin_transaction_id = M4_spin_transaction_id: null

2019-08-10 23:58:12 - [TEST_STEP][PASSED] - M4_spin_round_id = round_id: null

2019-08-10 23:58:12 - [TEST_STEP][PASSED] - M4_spin_round_id = M4_spin_round_id: null

2019-08-10 23:58:12 - [TEST_STEP][PASSED] - M4_spin_line_wins = line_wins: null

2019-08-10 23:58:12 - [TEST_STEP][PASSED] - M4_spin_line_wins = M4_spin_line_wins: null

2019-08-10 23:58:12 - [TEST_STEP][PASSED] - M4_total_bonus_spins_int = total_bonus_spins: null

2019-08-10 23:58:12 - [TEST_STEP][PASSED] - println("******M4_total_bonus_spins type is:*******" + newline + getClass().getName()): null

2019-08-10 23:58:12 - [TEST_STEP][PASSED] - M4_total_bonus_spins_int = M4_total_bonus_spins_int: null

2019-08-10 23:58:12 - [TEST_STEP][PASSED] - M4_total_bonus_spins = Integer.toString(M4_total_bonus_spins_int): null

2019-08-10 23:58:12 - [TEST_STEP][PASSED] - M4_total_bonus_spins = M4_total_bonus_spins: null

2019-08-10 23:58:12 - [TEST_STEP][PASSED] - println("M4_total_bonus_spins is:" + M4_total_bonus_spins): null

2019-08-10 23:58:12 - [TEST_STEP][PASSED] - M4_spin_bonus_data = bonus_data: null

2019-08-10 23:58:12 - [TEST_STEP][PASSED] - M4_spin_features_triggered = result_M4_spin: null

2019-08-10 23:58:12 - [TEST_STEP][PASSED] - wild = []: null

2019-08-10 23:58:12 - [TEST_STEP][PASSED] - wild[0] = "WILD_Expanding": null

2019-08-10 23:58:12 - [TEST_STEP][PASSED] - wild[1] = "WILD_Normal": null

2019-08-10 23:58:12 - [TEST_STEP][PASSED] - wild[2] = "WILD_Double": null

2019-08-10 23:58:12 - [TEST_STEP][PASSED] - wild[3] = "WILD_ExtraFG": null

2019-08-10 23:58:12 - [TEST_STEP][PASSED] - wild[4] = "WILD_Triple": null

2019-08-10 23:58:12 - [TEST_STEP][PASSED] - wildList = Arrays.asList(wild): null

2019-08-10 23:58:12 - [TEST_STEP][PASSED] - wildList = wildList: null

2019-08-10 23:58:12 - [TEST_STEP][PASSED] - free_spin_reel_counter = []: null

2019-08-10 23:58:12 - [TEST_STEP][PASSED] - free_spin_reel_counter[0] = 0: null

2019-08-10 23:58:12 - [TEST_STEP][PASSED] - free_spin_reel_counter[1] = 0: null

2019-08-10 23:58:12 - [TEST_STEP][PASSED] - free_spin_reel_counter[2] = 0: null

2019-08-10 23:58:12 - [TEST_STEP][PASSED] - M4_spin_reels = reels: null

2019-08-10 23:58:12 - [TEST_STEP][PASSED] - for ([i = 0, i &lt; M4_spin_reels.size(), (i++)]): null

2019-08-10 23:58:12 - [TEST_STEP][PASSED] - symbols = symbols: null

2019-08-10 23:58:12 - [TEST_STEP][PASSED] - for ([j = 0, j &lt; symbols.size(), (j++)]): null

2019-08-10 23:58:12 - [TEST_STEP][PASSED] - symbol = symbol: null

2019-08-10 23:58:12 - [TEST_STEP][PASSED] - println(symbol): null

2019-08-10 23:58:12 - [TEST_STEP][PASSED] - if (i == 2 &amp;&amp; wildList.indexOf(symbol) != -1): null

2019-08-10 23:58:12 - [TEST_STEP][PASSED] - if (i == 3 &amp;&amp; wildList.indexOf(symbol) != -1): null

2019-08-10 23:58:12 - [TEST_STEP][PASSED] - if (i == 4 &amp;&amp; wildList.indexOf(symbol) != -1): null

2019-08-10 23:58:12 - [TEST_STEP][PASSED] - symbol = symbol: null

2019-08-10 23:58:12 - [TEST_STEP][PASSED] - println(symbol): null

2019-08-10 23:58:12 - [TEST_STEP][PASSED] - if (i == 2 &amp;&amp; wildList.indexOf(symbol) != -1): null

2019-08-10 23:58:12 - [TEST_STEP][PASSED] - if (i == 3 &amp;&amp; wildList.indexOf(symbol) != -1): null

2019-08-10 23:58:12 - [TEST_STEP][PASSED] - if (i == 4 &amp;&amp; wildList.indexOf(symbol) != -1): null

2019-08-10 23:58:12 - [TEST_STEP][PASSED] - symbol = symbol: null

2019-08-10 23:58:12 - [TEST_STEP][PASSED] - println(symbol): null

2019-08-10 23:58:12 - [TEST_STEP][PASSED] - if (i == 2 &amp;&amp; wildList.indexOf(symbol) != -1): null

2019-08-10 23:58:12 - [TEST_STEP][PASSED] - if (i == 3 &amp;&amp; wildList.indexOf(symbol) != -1): null

2019-08-10 23:58:12 - [TEST_STEP][PASSED] - if (i == 4 &amp;&amp; wildList.indexOf(symbol) != -1): null

2019-08-10 23:58:12 - [TEST_STEP][PASSED] - symbols = symbols: null

2019-08-10 23:58:12 - [TEST_STEP][PASSED] - for ([j = 0, j &lt; symbols.size(), (j++)]): null

2019-08-10 23:58:12 - [TEST_STEP][PASSED] - symbol = symbol: null

2019-08-10 23:58:12 - [TEST_STEP][PASSED] - println(symbol): null

2019-08-10 23:58:16 - [TEST_STEP][PASSED] - if (i == 2 &amp;&amp; wildList.indexOf(symbol) != -1): null

2019-08-10 23:58:16 - [TEST_STEP][PASSED] - if (i == 3 &amp;&amp; wildList.indexOf(symbol) != -1): null

2019-08-10 23:58:16 - [TEST_STEP][PASSED] - if (i == 4 &amp;&amp; wildList.indexOf(symbol) != -1): null

2019-08-10 23:58:16 - [TEST_STEP][PASSED] - symbol = symbol: null

2019-08-10 23:58:16 - [TEST_STEP][PASSED] - println(symbol): null

2019-08-10 23:58:16 - [TEST_STEP][PASSED] - if (i == 2 &amp;&amp; wildList.indexOf(symbol) != -1): null

2019-08-10 23:58:16 - [TEST_STEP][PASSED] - if (i == 3 &amp;&amp; wildList.indexOf(symbol) != -1): null

2019-08-10 23:58:16 - [TEST_STEP][PASSED] - if (i == 4 &amp;&amp; wildList.indexOf(symbol) != -1): null

2019-08-10 23:58:16 - [TEST_STEP][PASSED] - symbol = symbol: null

2019-08-10 23:58:16 - [TEST_STEP][PASSED] - println(symbol): null

2019-08-10 23:58:16 - [TEST_STEP][PASSED] - if (i == 2 &amp;&amp; wildList.indexOf(symbol) != -1): null

2019-08-10 23:58:16 - [TEST_STEP][PASSED] - if (i == 3 &amp;&amp; wildList.indexOf(symbol) != -1): null

2019-08-10 23:58:16 - [TEST_STEP][PASSED] - if (i == 4 &amp;&amp; wildList.indexOf(symbol) != -1): null

2019-08-10 23:58:16 - [TEST_STEP][PASSED] - symbols = symbols: null

2019-08-10 23:58:16 - [TEST_STEP][PASSED] - for ([j = 0, j &lt; symbols.size(), (j++)]): null

2019-08-10 23:58:16 - [TEST_STEP][PASSED] - symbol = symbol: null

2019-08-10 23:58:16 - [TEST_STEP][PASSED] - println(symbol): null

2019-08-10 23:58:16 - [TEST_STEP][PASSED] - if (i == 2 &amp;&amp; wildList.indexOf(symbol) != -1): null

2019-08-10 23:58:16 - [TEST_STEP][PASSED] - if (i == 3 &amp;&amp; wildList.indexOf(symbol) != -1): null

2019-08-10 23:58:16 - [TEST_STEP][PASSED] - if (i == 4 &amp;&amp; wildList.indexOf(symbol) != -1): null

2019-08-10 23:58:16 - [TEST_STEP][PASSED] - symbol = symbol: null

2019-08-10 23:58:16 - [TEST_STEP][PASSED] - println(symbol): null

2019-08-10 23:58:16 - [TEST_STEP][PASSED] - if (i == 2 &amp;&amp; wildList.indexOf(symbol) != -1): null

2019-08-10 23:58:16 - [TEST_STEP][PASSED] - if (i == 3 &amp;&amp; wildList.indexOf(symbol) != -1): null

2019-08-10 23:58:16 - [TEST_STEP][PASSED] - if (i == 4 &amp;&amp; wildList.indexOf(symbol) != -1): null

2019-08-10 23:58:16 - [TEST_STEP][PASSED] - symbol = symbol: null

2019-08-10 23:58:16 - [TEST_STEP][PASSED] - println(symbol): null

2019-08-10 23:58:16 - [TEST_STEP][PASSED] - if (i == 2 &amp;&amp; wildList.indexOf(symbol) != -1): null

2019-08-10 23:58:16 - [TEST_STEP][PASSED] - if (i == 3 &amp;&amp; wildList.indexOf(symbol) != -1): null

2019-08-10 23:58:16 - [TEST_STEP][PASSED] - if (i == 4 &amp;&amp; wildList.indexOf(symbol) != -1): null

2019-08-10 23:58:16 - [TEST_STEP][PASSED] - symbols = symbols: null

2019-08-10 23:58:16 - [TEST_STEP][PASSED] - for ([j = 0, j &lt; symbols.size(), (j++)]): null

2019-08-10 23:58:16 - [TEST_STEP][PASSED] - symbol = symbol: null

2019-08-10 23:58:16 - [TEST_STEP][PASSED] - println(symbol): null

2019-08-10 23:58:16 - [TEST_STEP][PASSED] - if (i == 2 &amp;&amp; wildList.indexOf(symbol) != -1): null

2019-08-10 23:58:16 - [TEST_STEP][PASSED] - if (i == 3 &amp;&amp; wildList.indexOf(symbol) != -1): null

2019-08-10 23:58:16 - [TEST_STEP][PASSED] - if (i == 4 &amp;&amp; wildList.indexOf(symbol) != -1): null

2019-08-10 23:58:16 - [TEST_STEP][PASSED] - symbol = symbol: null

2019-08-10 23:58:16 - [TEST_STEP][PASSED] - println(symbol): null

2019-08-10 23:58:16 - [TEST_STEP][PASSED] - if (i == 2 &amp;&amp; wildList.indexOf(symbol) != -1): null

2019-08-10 23:58:16 - [TEST_STEP][PASSED] - if (i == 3 &amp;&amp; wildList.indexOf(symbol) != -1): null

2019-08-10 23:58:16 - [TEST_STEP][PASSED] - if (i == 4 &amp;&amp; wildList.indexOf(symbol) != -1): null

2019-08-10 23:58:16 - [TEST_STEP][PASSED] - symbol = symbol: null

2019-08-10 23:58:16 - [TEST_STEP][PASSED] - println(symbol): null

2019-08-10 23:58:16 - [TEST_STEP][PASSED] - if (i == 2 &amp;&amp; wildList.indexOf(symbol) != -1): null

2019-08-10 23:58:16 - [TEST_STEP][PASSED] - if (i == 3 &amp;&amp; wildList.indexOf(symbol) != -1): null

2019-08-10 23:58:16 - [TEST_STEP][PASSED] - if (i == 4 &amp;&amp; wildList.indexOf(symbol) != -1): null

2019-08-10 23:58:16 - [TEST_STEP][PASSED] - symbols = symbols: null

2019-08-10 23:58:16 - [TEST_STEP][PASSED] - for ([j = 0, j &lt; symbols.size(), (j++)]): null

2019-08-10 23:58:16 - [TEST_STEP][PASSED] - symbol = symbol: null

2019-08-10 23:58:16 - [TEST_STEP][PASSED] - println(symbol): null

2019-08-10 23:58:16 - [TEST_STEP][PASSED] - if (i == 2 &amp;&amp; wildList.indexOf(symbol) != -1): null

2019-08-10 23:58:16 - [TEST_STEP][PASSED] - if (i == 3 &amp;&amp; wildList.indexOf(symbol) != -1): null

2019-08-10 23:58:16 - [TEST_STEP][PASSED] - if (i == 4 &amp;&amp; wildList.indexOf(symbol) != -1): null

2019-08-10 23:58:16 - [TEST_STEP][PASSED] - symbol = symbol: null

2019-08-10 23:58:16 - [TEST_STEP][PASSED] - println(symbol): null

2019-08-10 23:58:16 - [TEST_STEP][PASSED] - if (i == 2 &amp;&amp; wildList.indexOf(symbol) != -1): null

2019-08-10 23:58:16 - [TEST_STEP][PASSED] - if (i == 3 &amp;&amp; wildList.indexOf(symbol) != -1): null

2019-08-10 23:58:16 - [TEST_STEP][PASSED] - if (i == 4 &amp;&amp; wildList.indexOf(symbol) != -1): null

2019-08-10 23:58:16 - [TEST_STEP][PASSED] - symbol = symbol: null

2019-08-10 23:58:16 - [TEST_STEP][PASSED] - println(symbol): null

2019-08-10 23:58:16 - [TEST_STEP][PASSED] - if (i == 2 &amp;&amp; wildList.indexOf(symbol) != -1): null

2019-08-10 23:58:16 - [TEST_STEP][PASSED] - if (i == 3 &amp;&amp; wildList.indexOf(symbol) != -1): null

2019-08-10 23:58:16 - [TEST_STEP][PASSED] - if (i == 4 &amp;&amp; wildList.indexOf(symbol) != -1): null

2019-08-10 23:58:16 - [TEST_STEP][PASSED] - free_spin_reel_counter = free_spin_reel_counter: null

2019-08-10 23:58:16 - [TEST_STEP][PASSED] - println("reel 3 wild found: " + free_spin_reel_counter[0]): null

2019-08-10 23:58:16 - [TEST_STEP][PASSED] - println("reel 4 wild found: " + free_spin_reel_counter[1]): null

2019-08-10 23:58:16 - [TEST_STEP][PASSED] - println("reel 5 wild found: " + free_spin_reel_counter[2]): null

2019-08-10 23:58:16 - [TEST_STEP][PASSED] - M4_spin_reels = M4_spin_reels: null

2019-08-10 23:58:16 - [TEST_STEP][PASSED] - M4_spin_reels_symbols = symbol: null

2019-08-10 23:58:16 - [TEST_STEP][PASSED] - M4_spin_reels_symbols = M4_spin_reels_symbols: null

2019-08-10 23:58:16 - [TEST_STEP][PASSED] - M4_spin_reel_wins = reel_wins: null

2019-08-10 23:58:16 - [TEST_STEP][PASSED] - M4_spin_reel_wins = M4_spin_reel_wins: null

2019-08-10 23:58:16 - [TEST_STEP][PASSED] - println("GlobalVariable.M4_spin_reel_wins is: " + M4_spin_reel_wins): null

2019-08-10 23:58:16 - [TEST_STEP][PASSED] - M4_spin_total_bonus_win_this_round = total_bonus_win_this_round: null

2019-08-10 23:58:16 - [TEST_STEP][PASSED] - M4_spin_total_bonus_win_this_round = M4_spin_total_bonus_win_this_round: null

2019-08-10 23:58:16 - [TEST_STEP][PASSED] - println("GlobalVariable.M4_spin_total_bonus_win_this_round is: " + M4_spin_total_bonus_win_this_round): null

2019-08-10 23:58:16 - [MESSAGE][PASSED] - Verify response successfully

2019-08-10 23:58:16 - [MESSAGE][PASSED] - Send request and verify the response successfully

2019-08-10 23:58:16 - [TEST_STEP][PASSED] - if (M4_total_bonus_spins_int != 0 &amp;&amp; M4_spin_reels_symbols[2].contains("WILD_Double") || M4_spin_reels_symbols[4].contains("WILD_Triple")): null

2019-08-10 23:58:16 - [TEST_STEP][PASSED] - free_spin_reel_counter = free_spin_reel_counter: null

2019-08-10 23:58:16 - [TEST_STEP][PASSED] - M4_spin_reels_symbols = M4_spin_reels_symbols: null

2019-08-10 23:58:16 - [TEST_STEP][PASSED] - M4_total_bonus_spins = M4_total_bonus_spins: null

2019-08-10 23:58:16 - [TEST_STEP][PASSED] - spin_result = sendRequestAndVerify(findTestObject("RGS(M4)/1_M4_spin", ["M4_login_user_id":M4_login_user_id, "rgs_session_token":rgs_session_token, "partner":Partner])): Send request and verify the response successfully

2019-08-10 23:58:17 - [TEST_CASE][PASSED] - Start Test Case : Verification: Verification accomplished successfully

2019-08-10 23:58:17 - [TEST_STEP][PASSED] - request = getInstance().getCurrentRequest(): null

2019-08-10 23:58:17 - [TEST_STEP][PASSED] - response = getInstance().getCurrentResponse(): null

2019-08-10 23:58:17 - [TEST_STEP][PASSED] - verifyResponseStatusCode(response, 200): Verify response status code successfully

2019-08-10 23:58:17 - [MESSAGE][PASSED] - Verify response status code successfully

2019-08-10 23:58:17 - [TEST_STEP][PASSED] - getStatusCode()).isEqualTo(200): null

2019-08-10 23:58:17 - [TEST_STEP][PASSED] - newline = System.getProperty("line.separator"): null

2019-08-10 23:58:17 - [TEST_STEP][PASSED] - M4_spin = new groovy.json.JsonSlurper(): null

2019-08-10 23:58:17 - [TEST_STEP][PASSED] - result_M4_spin = M4_spin.parseText(response.getResponseBodyContent()): null

2019-08-10 23:58:17 - [TEST_STEP][PASSED] - M4_spin_current_balance = current_balance: null

2019-08-10 23:58:17 - [TEST_STEP][PASSED] - M4_spin_current_balance = M4_spin_current_balance: null

2019-08-10 23:58:17 - [TEST_STEP][PASSED] - M4_spin_transaction_id = causality: null

2019-08-10 23:58:17 - [TEST_STEP][PASSED] - M4_spin_transaction_id = M4_spin_transaction_id: null

2019-08-10 23:58:17 - [TEST_STEP][PASSED] - M4_spin_round_id = round_id: null

2019-08-10 23:58:17 - [TEST_STEP][PASSED] - M4_spin_round_id = M4_spin_round_id: null

2019-08-10 23:58:17 - [TEST_STEP][PASSED] - M4_spin_line_wins = line_wins: null

2019-08-10 23:58:17 - [TEST_STEP][PASSED] - M4_spin_line_wins = M4_spin_line_wins: null

2019-08-10 23:58:17 - [TEST_STEP][PASSED] - M4_total_bonus_spins_int = total_bonus_spins: null

2019-08-10 23:58:17 - [TEST_STEP][PASSED] - println("******M4_total_bonus_spins type is:*******" + newline + getClass().getName()): null

2019-08-10 23:58:17 - [TEST_STEP][PASSED] - M4_total_bonus_spins_int = M4_total_bonus_spins_int: null

2019-08-10 23:58:17 - [TEST_STEP][PASSED] - M4_total_bonus_spins = Integer.toString(M4_total_bonus_spins_int): null

2019-08-10 23:58:17 - [TEST_STEP][PASSED] - M4_total_bonus_spins = M4_total_bonus_spins: null

2019-08-10 23:58:17 - [TEST_STEP][PASSED] - println("M4_total_bonus_spins is:" + M4_total_bonus_spins): null

2019-08-10 23:58:17 - [TEST_STEP][PASSED] - M4_spin_bonus_data = bonus_data: null

2019-08-10 23:58:17 - [TEST_STEP][PASSED] - M4_spin_features_triggered = result_M4_spin: null

2019-08-10 23:58:17 - [TEST_STEP][PASSED] - wild = []: null

2019-08-10 23:58:17 - [TEST_STEP][PASSED] - wild[0] = "WILD_Expanding": null

2019-08-10 23:58:17 - [TEST_STEP][PASSED] - wild[1] = "WILD_Normal": null

2019-08-10 23:58:17 - [TEST_STEP][PASSED] - wild[2] = "WILD_Double": null

2019-08-10 23:58:17 - [TEST_STEP][PASSED] - wild[3] = "WILD_ExtraFG": null

2019-08-10 23:58:17 - [TEST_STEP][PASSED] - wild[4] = "WILD_Triple": null

2019-08-10 23:58:17 - [TEST_STEP][PASSED] - wildList = Arrays.asList(wild): null

2019-08-10 23:58:17 - [TEST_STEP][PASSED] - wildList = wildList: null

2019-08-10 23:58:17 - [TEST_STEP][PASSED] - free_spin_reel_counter = []: null

2019-08-10 23:58:17 - [TEST_STEP][PASSED] - free_spin_reel_counter[0] = 0: null

2019-08-10 23:58:17 - [TEST_STEP][PASSED] - free_spin_reel_counter[1] = 0: null

2019-08-10 23:58:17 - [TEST_STEP][PASSED] - free_spin_reel_counter[2] = 0: null

2019-08-10 23:58:17 - [TEST_STEP][PASSED] - M4_spin_reels = reels: null

2019-08-10 23:58:17 - [TEST_STEP][PASSED] - for ([i = 0, i &lt; M4_spin_reels.size(), (i++)]): null

2019-08-10 23:58:17 - [TEST_STEP][PASSED] - symbols = symbols: null

2019-08-10 23:58:17 - [TEST_STEP][PASSED] - for ([j = 0, j &lt; symbols.size(), (j++)]): null

2019-08-10 23:58:17 - [TEST_STEP][PASSED] - symbol = symbol: null

2019-08-10 23:58:17 - [TEST_STEP][PASSED] - println(symbol): null

2019-08-10 23:58:17 - [TEST_STEP][PASSED] - if (i == 2 &amp;&amp; wildList.indexOf(symbol) != -1): null

2019-08-10 23:58:17 - [TEST_STEP][PASSED] - if (i == 3 &amp;&amp; wildList.indexOf(symbol) != -1): null

2019-08-10 23:58:17 - [TEST_STEP][PASSED] - if (i == 4 &amp;&amp; wildList.indexOf(symbol) != -1): null

2019-08-10 23:58:17 - [TEST_STEP][PASSED] - symbol = symbol: null

2019-08-10 23:58:17 - [TEST_STEP][PASSED] - println(symbol): null

2019-08-10 23:58:17 - [TEST_STEP][PASSED] - if (i == 2 &amp;&amp; wildList.indexOf(symbol) != -1): null

2019-08-10 23:58:17 - [TEST_STEP][PASSED] - if (i == 3 &amp;&amp; wildList.indexOf(symbol) != -1): null

2019-08-10 23:58:17 - [TEST_STEP][PASSED] - if (i == 4 &amp;&amp; wildList.indexOf(symbol) != -1): null

2019-08-10 23:58:17 - [TEST_STEP][PASSED] - symbol = symbol: null

2019-08-10 23:58:17 - [TEST_STEP][PASSED] - println(symbol): null

2019-08-10 23:58:17 - [TEST_STEP][PASSED] - if (i == 2 &amp;&amp; wildList.indexOf(symbol) != -1): null

2019-08-10 23:58:17 - [TEST_STEP][PASSED] - if (i == 3 &amp;&amp; wildList.indexOf(symbol) != -1): null

2019-08-10 23:58:17 - [TEST_STEP][PASSED] - if (i == 4 &amp;&amp; wildList.indexOf(symbol) != -1): null

2019-08-10 23:58:17 - [TEST_STEP][PASSED] - symbols = symbols: null

2019-08-10 23:58:17 - [TEST_STEP][PASSED] - for ([j = 0, j &lt; symbols.size(), (j++)]): null

2019-08-10 23:58:17 - [TEST_STEP][PASSED] - symbol = symbol: null

2019-08-10 23:58:17 - [TEST_STEP][PASSED] - println(symbol): null

2019-08-10 23:58:17 - [TEST_STEP][PASSED] - if (i == 2 &amp;&amp; wildList.indexOf(symbol) != -1): null

2019-08-10 23:58:17 - [TEST_STEP][PASSED] - if (i == 3 &amp;&amp; wildList.indexOf(symbol) != -1): null

2019-08-10 23:58:17 - [TEST_STEP][PASSED] - if (i == 4 &amp;&amp; wildList.indexOf(symbol) != -1): null

2019-08-10 23:58:17 - [TEST_STEP][PASSED] - symbol = symbol: null

2019-08-10 23:58:17 - [TEST_STEP][PASSED] - println(symbol): null

2019-08-10 23:58:17 - [TEST_STEP][PASSED] - if (i == 2 &amp;&amp; wildList.indexOf(symbol) != -1): null

2019-08-10 23:58:17 - [TEST_STEP][PASSED] - if (i == 3 &amp;&amp; wildList.indexOf(symbol) != -1): null

2019-08-10 23:58:17 - [TEST_STEP][PASSED] - if (i == 4 &amp;&amp; wildList.indexOf(symbol) != -1): null

2019-08-10 23:58:17 - [TEST_STEP][PASSED] - symbol = symbol: null

2019-08-10 23:58:17 - [TEST_STEP][PASSED] - println(symbol): null

2019-08-10 23:58:17 - [TEST_STEP][PASSED] - if (i == 2 &amp;&amp; wildList.indexOf(symbol) != -1): null

2019-08-10 23:58:17 - [TEST_STEP][PASSED] - if (i == 3 &amp;&amp; wildList.indexOf(symbol) != -1): null

2019-08-10 23:58:17 - [TEST_STEP][PASSED] - if (i == 4 &amp;&amp; wildList.indexOf(symbol) != -1): null

2019-08-10 23:58:17 - [TEST_STEP][PASSED] - symbols = symbols: null

2019-08-10 23:58:17 - [TEST_STEP][PASSED] - for ([j = 0, j &lt; symbols.size(), (j++)]): null

2019-08-10 23:58:17 - [TEST_STEP][PASSED] - symbol = symbol: null

2019-08-10 23:58:17 - [TEST_STEP][PASSED] - println(symbol): null

2019-08-10 23:58:17 - [TEST_STEP][PASSED] - if (i == 2 &amp;&amp; wildList.indexOf(symbol) != -1): null

2019-08-10 23:58:17 - [TEST_STEP][PASSED] - if (i == 3 &amp;&amp; wildList.indexOf(symbol) != -1): null

2019-08-10 23:58:17 - [TEST_STEP][PASSED] - if (i == 4 &amp;&amp; wildList.indexOf(symbol) != -1): null

2019-08-10 23:58:17 - [TEST_STEP][PASSED] - symbol = symbol: null

2019-08-10 23:58:17 - [TEST_STEP][PASSED] - println(symbol): null

2019-08-10 23:58:17 - [TEST_STEP][PASSED] - if (i == 2 &amp;&amp; wildList.indexOf(symbol) != -1): null

2019-08-10 23:58:17 - [TEST_STEP][PASSED] - if (i == 3 &amp;&amp; wildList.indexOf(symbol) != -1): null

2019-08-10 23:58:17 - [TEST_STEP][PASSED] - if (i == 4 &amp;&amp; wildList.indexOf(symbol) != -1): null

2019-08-10 23:58:17 - [TEST_STEP][PASSED] - symbol = symbol: null

2019-08-10 23:58:17 - [TEST_STEP][PASSED] - println(symbol): null

2019-08-10 23:58:17 - [TEST_STEP][PASSED] - if (i == 2 &amp;&amp; wildList.indexOf(symbol) != -1): null

2019-08-10 23:58:17 - [TEST_STEP][PASSED] - if (i == 3 &amp;&amp; wildList.indexOf(symbol) != -1): null

2019-08-10 23:58:17 - [TEST_STEP][PASSED] - if (i == 4 &amp;&amp; wildList.indexOf(symbol) != -1): null

2019-08-10 23:58:17 - [TEST_STEP][PASSED] - symbols = symbols: null

2019-08-10 23:58:17 - [TEST_STEP][PASSED] - for ([j = 0, j &lt; symbols.size(), (j++)]): null

2019-08-10 23:58:17 - [TEST_STEP][PASSED] - symbol = symbol: null

2019-08-10 23:58:17 - [TEST_STEP][PASSED] - println(symbol): null

2019-08-10 23:58:17 - [TEST_STEP][PASSED] - if (i == 2 &amp;&amp; wildList.indexOf(symbol) != -1): null

2019-08-10 23:58:17 - [TEST_STEP][PASSED] - if (i == 3 &amp;&amp; wildList.indexOf(symbol) != -1): null

2019-08-10 23:58:17 - [TEST_STEP][PASSED] - if (i == 4 &amp;&amp; wildList.indexOf(symbol) != -1): null

2019-08-10 23:58:17 - [TEST_STEP][PASSED] - symbol = symbol: null

2019-08-10 23:58:17 - [TEST_STEP][PASSED] - println(symbol): null

2019-08-10 23:58:17 - [TEST_STEP][PASSED] - if (i == 2 &amp;&amp; wildList.indexOf(symbol) != -1): null

2019-08-10 23:58:17 - [TEST_STEP][PASSED] - if (i == 3 &amp;&amp; wildList.indexOf(symbol) != -1): null

2019-08-10 23:58:17 - [TEST_STEP][PASSED] - if (i == 4 &amp;&amp; wildList.indexOf(symbol) != -1): null

2019-08-10 23:58:17 - [TEST_STEP][PASSED] - symbol = symbol: null

2019-08-10 23:58:17 - [TEST_STEP][PASSED] - println(symbol): null

2019-08-10 23:58:17 - [TEST_STEP][PASSED] - if (i == 2 &amp;&amp; wildList.indexOf(symbol) != -1): null

2019-08-10 23:58:17 - [TEST_STEP][PASSED] - if (i == 3 &amp;&amp; wildList.indexOf(symbol) != -1): null

2019-08-10 23:58:17 - [TEST_STEP][PASSED] - if (i == 4 &amp;&amp; wildList.indexOf(symbol) != -1): null

2019-08-10 23:58:17 - [TEST_STEP][PASSED] - symbols = symbols: null

2019-08-10 23:58:17 - [TEST_STEP][PASSED] - for ([j = 0, j &lt; symbols.size(), (j++)]): null

2019-08-10 23:58:17 - [TEST_STEP][PASSED] - symbol = symbol: null

2019-08-10 23:58:17 - [TEST_STEP][PASSED] - println(symbol): null

2019-08-10 23:58:17 - [TEST_STEP][PASSED] - if (i == 2 &amp;&amp; wildList.indexOf(symbol) != -1): null

2019-08-10 23:58:17 - [TEST_STEP][PASSED] - if (i == 3 &amp;&amp; wildList.indexOf(symbol) != -1): null

2019-08-10 23:58:17 - [TEST_STEP][PASSED] - if (i == 4 &amp;&amp; wildList.indexOf(symbol) != -1): null

2019-08-10 23:58:17 - [TEST_STEP][PASSED] - println("wild found on reel 5, adding counter by 1"): null

2019-08-10 23:58:17 - [TEST_STEP][PASSED] - free_spin_reel_counter[2] = free_spin_reel_counter[2] + 1: null

2019-08-10 23:58:17 - [TEST_STEP][PASSED] - symbol = symbol: null

2019-08-10 23:58:17 - [TEST_STEP][PASSED] - println(symbol): null

2019-08-10 23:58:17 - [TEST_STEP][PASSED] - if (i == 2 &amp;&amp; wildList.indexOf(symbol) != -1): null

2019-08-10 23:58:17 - [TEST_STEP][PASSED] - if (i == 3 &amp;&amp; wildList.indexOf(symbol) != -1): null

2019-08-10 23:58:17 - [TEST_STEP][PASSED] - if (i == 4 &amp;&amp; wildList.indexOf(symbol) != -1): null

2019-08-10 23:58:17 - [TEST_STEP][PASSED] - symbol = symbol: null

2019-08-10 23:58:17 - [TEST_STEP][PASSED] - println(symbol): null

2019-08-10 23:58:17 - [TEST_STEP][PASSED] - if (i == 2 &amp;&amp; wildList.indexOf(symbol) != -1): null

2019-08-10 23:58:17 - [TEST_STEP][PASSED] - if (i == 3 &amp;&amp; wildList.indexOf(symbol) != -1): null

2019-08-10 23:58:17 - [TEST_STEP][PASSED] - if (i == 4 &amp;&amp; wildList.indexOf(symbol) != -1): null

2019-08-10 23:58:17 - [TEST_STEP][PASSED] - free_spin_reel_counter = free_spin_reel_counter: null

2019-08-10 23:58:17 - [TEST_STEP][PASSED] - println("reel 3 wild found: " + free_spin_reel_counter[0]): null

2019-08-10 23:58:17 - [TEST_STEP][PASSED] - println("reel 4 wild found: " + free_spin_reel_counter[1]): null

2019-08-10 23:58:17 - [TEST_STEP][PASSED] - println("reel 5 wild found: " + free_spin_reel_counter[2]): null

2019-08-10 23:58:17 - [TEST_STEP][PASSED] - M4_spin_reels = M4_spin_reels: null

2019-08-10 23:58:17 - [TEST_STEP][PASSED] - M4_spin_reels_symbols = symbol: null

2019-08-10 23:58:17 - [TEST_STEP][PASSED] - M4_spin_reels_symbols = M4_spin_reels_symbols: null

2019-08-10 23:58:17 - [TEST_STEP][PASSED] - M4_spin_reel_wins = reel_wins: null

2019-08-10 23:58:17 - [TEST_STEP][PASSED] - M4_spin_reel_wins = M4_spin_reel_wins: null

2019-08-10 23:58:17 - [TEST_STEP][PASSED] - println("GlobalVariable.M4_spin_reel_wins is: " + M4_spin_reel_wins): null

2019-08-10 23:58:17 - [TEST_STEP][PASSED] - M4_spin_total_bonus_win_this_round = total_bonus_win_this_round: null

2019-08-10 23:58:17 - [TEST_STEP][PASSED] - M4_spin_total_bonus_win_this_round = M4_spin_total_bonus_win_this_round: null

2019-08-10 23:58:17 - [TEST_STEP][PASSED] - println("GlobalVariable.M4_spin_total_bonus_win_this_round is: " + M4_spin_total_bonus_win_this_round): null

2019-08-10 23:58:17 - [MESSAGE][PASSED] - Verify response successfully

2019-08-10 23:58:17 - [MESSAGE][PASSED] - Send request and verify the response successfully

2019-08-10 23:58:17 - [TEST_STEP][PASSED] - if (M4_total_bonus_spins_int != 0 &amp;&amp; M4_spin_reels_symbols[2].contains("WILD_Double") || M4_spin_reels_symbols[4].contains("WILD_Triple")): null

2019-08-10 23:58:17 - [TEST_STEP][PASSED] - free_spin_reel_counter = free_spin_reel_counter: null

2019-08-10 23:58:17 - [TEST_STEP][PASSED] - M4_spin_reels_symbols = M4_spin_reels_symbols: null

2019-08-10 23:58:17 - [TEST_STEP][PASSED] - M4_total_bonus_spins = M4_total_bonus_spins: null

2019-08-10 23:58:17 - [TEST_STEP][PASSED] - spin_result = sendRequestAndVerify(findTestObject("RGS(M4)/1_M4_spin", ["M4_login_user_id":M4_login_user_id, "rgs_session_token":rgs_session_token, "partner":Partner])): Send request and verify the response successfully

2019-08-10 23:58:17 - [TEST_CASE][PASSED] - Start Test Case : Verification: Verification accomplished successfully

2019-08-10 23:58:17 - [TEST_STEP][PASSED] - request = getInstance().getCurrentRequest(): null

2019-08-10 23:58:17 - [TEST_STEP][PASSED] - response = getInstance().getCurrentResponse(): null

2019-08-10 23:58:17 - [TEST_STEP][PASSED] - verifyResponseStatusCode(response, 200): Verify response status code successfully

2019-08-10 23:58:17 - [MESSAGE][PASSED] - Verify response status code successfully

2019-08-10 23:58:17 - [TEST_STEP][PASSED] - getStatusCode()).isEqualTo(200): null

2019-08-10 23:58:17 - [TEST_STEP][PASSED] - newline = System.getProperty("line.separator"): null

2019-08-10 23:58:17 - [TEST_STEP][PASSED] - M4_spin = new groovy.json.JsonSlurper(): null

2019-08-10 23:58:17 - [TEST_STEP][PASSED] - result_M4_spin = M4_spin.parseText(response.getResponseBodyContent()): null

2019-08-10 23:58:17 - [TEST_STEP][PASSED] - M4_spin_current_balance = current_balance: null

2019-08-10 23:58:17 - [TEST_STEP][PASSED] - M4_spin_current_balance = M4_spin_current_balance: null

2019-08-10 23:58:17 - [TEST_STEP][PASSED] - M4_spin_transaction_id = causality: null

2019-08-10 23:58:17 - [TEST_STEP][PASSED] - M4_spin_transaction_id = M4_spin_transaction_id: null

2019-08-10 23:58:17 - [TEST_STEP][PASSED] - M4_spin_round_id = round_id: null

2019-08-10 23:58:17 - [TEST_STEP][PASSED] - M4_spin_round_id = M4_spin_round_id: null

2019-08-10 23:58:17 - [TEST_STEP][PASSED] - M4_spin_line_wins = line_wins: null

2019-08-10 23:58:17 - [TEST_STEP][PASSED] - M4_spin_line_wins = M4_spin_line_wins: null

2019-08-10 23:58:17 - [TEST_STEP][PASSED] - M4_total_bonus_spins_int = total_bonus_spins: null

2019-08-10 23:58:17 - [TEST_STEP][PASSED] - println("******M4_total_bonus_spins type is:*******" + newline + getClass().getName()): null

2019-08-10 23:58:17 - [TEST_STEP][PASSED] - M4_total_bonus_spins_int = M4_total_bonus_spins_int: null

2019-08-10 23:58:17 - [TEST_STEP][PASSED] - M4_total_bonus_spins = Integer.toString(M4_total_bonus_spins_int): null

2019-08-10 23:58:17 - [TEST_STEP][PASSED] - M4_total_bonus_spins = M4_total_bonus_spins: null

2019-08-10 23:58:17 - [TEST_STEP][PASSED] - println("M4_total_bonus_spins is:" + M4_total_bonus_spins): null

2019-08-10 23:58:17 - [TEST_STEP][PASSED] - M4_spin_bonus_data = bonus_data: null

2019-08-10 23:58:17 - [TEST_STEP][PASSED] - M4_spin_features_triggered = result_M4_spin: null

2019-08-10 23:58:17 - [TEST_STEP][PASSED] - wild = []: null

2019-08-10 23:58:17 - [TEST_STEP][PASSED] - wild[0] = "WILD_Expanding": null

2019-08-10 23:58:17 - [TEST_STEP][PASSED] - wild[1] = "WILD_Normal": null

2019-08-10 23:58:17 - [TEST_STEP][PASSED] - wild[2] = "WILD_Double": null

2019-08-10 23:58:17 - [TEST_STEP][PASSED] - wild[3] = "WILD_ExtraFG": null

2019-08-10 23:58:17 - [TEST_STEP][PASSED] - wild[4] = "WILD_Triple": null

2019-08-10 23:58:17 - [TEST_STEP][PASSED] - wildList = Arrays.asList(wild): null

2019-08-10 23:58:17 - [TEST_STEP][PASSED] - wildList = wildList: null

2019-08-10 23:58:17 - [TEST_STEP][PASSED] - free_spin_reel_counter = []: null

2019-08-10 23:58:17 - [TEST_STEP][PASSED] - free_spin_reel_counter[0] = 0: null

2019-08-10 23:58:17 - [TEST_STEP][PASSED] - free_spin_reel_counter[1] = 0: null

2019-08-10 23:58:17 - [TEST_STEP][PASSED] - free_spin_reel_counter[2] = 0: null

2019-08-10 23:58:17 - [TEST_STEP][PASSED] - M4_spin_reels = reels: null

2019-08-10 23:58:17 - [TEST_STEP][PASSED] - for ([i = 0, i &lt; M4_spin_reels.size(), (i++)]): null

2019-08-10 23:58:17 - [TEST_STEP][PASSED] - symbols = symbols: null

2019-08-10 23:58:17 - [TEST_STEP][PASSED] - for ([j = 0, j &lt; symbols.size(), (j++)]): null

2019-08-10 23:58:17 - [TEST_STEP][PASSED] - symbol = symbol: null

2019-08-10 23:58:17 - [TEST_STEP][PASSED] - println(symbol): null

2019-08-10 23:58:17 - [TEST_STEP][PASSED] - if (i == 2 &amp;&amp; wildList.indexOf(symbol) != -1): null

2019-08-10 23:58:17 - [TEST_STEP][PASSED] - if (i == 3 &amp;&amp; wildList.indexOf(symbol) != -1): null

2019-08-10 23:58:17 - [TEST_STEP][PASSED] - if (i == 4 &amp;&amp; wildList.indexOf(symbol) != -1): null

2019-08-10 23:58:17 - [TEST_STEP][PASSED] - symbol = symbol: null

2019-08-10 23:58:17 - [TEST_STEP][PASSED] - println(symbol): null

2019-08-10 23:58:17 - [TEST_STEP][PASSED] - if (i == 2 &amp;&amp; wildList.indexOf(symbol) != -1): null

2019-08-10 23:58:17 - [TEST_STEP][PASSED] - if (i == 3 &amp;&amp; wildList.indexOf(symbol) != -1): null

2019-08-10 23:58:17 - [TEST_STEP][PASSED] - if (i == 4 &amp;&amp; wildList.indexOf(symbol) != -1): null

2019-08-10 23:58:17 - [TEST_STEP][PASSED] - symbol = symbol: null

2019-08-10 23:58:17 - [TEST_STEP][PASSED] - println(symbol): null

2019-08-10 23:58:17 - [TEST_STEP][PASSED] - if (i == 2 &amp;&amp; wildList.indexOf(symbol) != -1): null

2019-08-10 23:58:17 - [TEST_STEP][PASSED] - if (i == 3 &amp;&amp; wildList.indexOf(symbol) != -1): null

2019-08-10 23:58:17 - [TEST_STEP][PASSED] - if (i == 4 &amp;&amp; wildList.indexOf(symbol) != -1): null

2019-08-10 23:58:17 - [TEST_STEP][PASSED] - symbols = symbols: null

2019-08-10 23:58:17 - [TEST_STEP][PASSED] - for ([j = 0, j &lt; symbols.size(), (j++)]): null

2019-08-10 23:58:17 - [TEST_STEP][PASSED] - symbol = symbol: null

2019-08-10 23:58:17 - [TEST_STEP][PASSED] - println(symbol): null

2019-08-10 23:58:17 - [TEST_STEP][PASSED] - if (i == 2 &amp;&amp; wildList.indexOf(symbol) != -1): null

2019-08-10 23:58:17 - [TEST_STEP][PASSED] - if (i == 3 &amp;&amp; wildList.indexOf(symbol) != -1): null

2019-08-10 23:58:17 - [TEST_STEP][PASSED] - if (i == 4 &amp;&amp; wildList.indexOf(symbol) != -1): null

2019-08-10 23:58:17 - [TEST_STEP][PASSED] - symbol = symbol: null

2019-08-10 23:58:17 - [TEST_STEP][PASSED] - println(symbol): null

2019-08-10 23:58:17 - [TEST_STEP][PASSED] - if (i == 2 &amp;&amp; wildList.indexOf(symbol) != -1): null

2019-08-10 23:58:17 - [TEST_STEP][PASSED] - if (i == 3 &amp;&amp; wildList.indexOf(symbol) != -1): null

2019-08-10 23:58:17 - [TEST_STEP][PASSED] - if (i == 4 &amp;&amp; wildList.indexOf(symbol) != -1): null

2019-08-10 23:58:17 - [TEST_STEP][PASSED] - symbol = symbol: null

2019-08-10 23:58:17 - [TEST_STEP][PASSED] - println(symbol): null

2019-08-10 23:58:17 - [TEST_STEP][PASSED] - if (i == 2 &amp;&amp; wildList.indexOf(symbol) != -1): null

2019-08-10 23:58:17 - [TEST_STEP][PASSED] - if (i == 3 &amp;&amp; wildList.indexOf(symbol) != -1): null

2019-08-10 23:58:17 - [TEST_STEP][PASSED] - if (i == 4 &amp;&amp; wildList.indexOf(symbol) != -1): null

2019-08-10 23:58:17 - [TEST_STEP][PASSED] - symbols = symbols: null

2019-08-10 23:58:17 - [TEST_STEP][PASSED] - for ([j = 0, j &lt; symbols.size(), (j++)]): null

2019-08-10 23:58:17 - [TEST_STEP][PASSED] - symbol = symbol: null

2019-08-10 23:58:17 - [TEST_STEP][PASSED] - println(symbol): null

2019-08-10 23:58:17 - [TEST_STEP][PASSED] - if (i == 2 &amp;&amp; wildList.indexOf(symbol) != -1): null

2019-08-10 23:58:17 - [TEST_STEP][PASSED] - if (i == 3 &amp;&amp; wildList.indexOf(symbol) != -1): null

2019-08-10 23:58:17 - [TEST_STEP][PASSED] - if (i == 4 &amp;&amp; wildList.indexOf(symbol) != -1): null

2019-08-10 23:58:17 - [TEST_STEP][PASSED] - symbol = symbol: null

2019-08-10 23:58:17 - [TEST_STEP][PASSED] - println(symbol): null

2019-08-10 23:58:17 - [TEST_STEP][PASSED] - if (i == 2 &amp;&amp; wildList.indexOf(symbol) != -1): null

2019-08-10 23:58:17 - [TEST_STEP][PASSED] - if (i == 3 &amp;&amp; wildList.indexOf(symbol) != -1): null

2019-08-10 23:58:17 - [TEST_STEP][PASSED] - if (i == 4 &amp;&amp; wildList.indexOf(symbol) != -1): null

2019-08-10 23:58:17 - [TEST_STEP][PASSED] - symbol = symbol: null

2019-08-10 23:58:17 - [TEST_STEP][PASSED] - println(symbol): null

2019-08-10 23:58:17 - [TEST_STEP][PASSED] - if (i == 2 &amp;&amp; wildList.indexOf(symbol) != -1): null

2019-08-10 23:58:17 - [TEST_STEP][PASSED] - if (i == 3 &amp;&amp; wildList.indexOf(symbol) != -1): null

2019-08-10 23:58:17 - [TEST_STEP][PASSED] - if (i == 4 &amp;&amp; wildList.indexOf(symbol) != -1): null

2019-08-10 23:58:17 - [TEST_STEP][PASSED] - symbols = symbols: null

2019-08-10 23:58:17 - [TEST_STEP][PASSED] - for ([j = 0, j &lt; symbols.size(), (j++)]): null

2019-08-10 23:58:17 - [TEST_STEP][PASSED] - symbol = symbol: null

2019-08-10 23:58:17 - [TEST_STEP][PASSED] - println(symbol): null

2019-08-10 23:58:17 - [TEST_STEP][PASSED] - if (i == 2 &amp;&amp; wildList.indexOf(symbol) != -1): null

2019-08-10 23:58:17 - [TEST_STEP][PASSED] - if (i == 3 &amp;&amp; wildList.indexOf(symbol) != -1): null

2019-08-10 23:58:17 - [TEST_STEP][PASSED] - if (i == 4 &amp;&amp; wildList.indexOf(symbol) != -1): null

2019-08-10 23:58:17 - [TEST_STEP][PASSED] - symbol = symbol: null

2019-08-10 23:58:17 - [TEST_STEP][PASSED] - println(symbol): null

2019-08-10 23:58:17 - [TEST_STEP][PASSED] - if (i == 2 &amp;&amp; wildList.indexOf(symbol) != -1): null

2019-08-10 23:58:17 - [TEST_STEP][PASSED] - if (i == 3 &amp;&amp; wildList.indexOf(symbol) != -1): null

2019-08-10 23:58:17 - [TEST_STEP][PASSED] - if (i == 4 &amp;&amp; wildList.indexOf(symbol) != -1): null

2019-08-10 23:58:17 - [TEST_STEP][PASSED] - symbol = symbol: null

2019-08-10 23:58:22 - [TEST_STEP][PASSED] - println(symbol): null

2019-08-10 23:58:22 - [TEST_STEP][PASSED] - if (i == 2 &amp;&amp; wildList.indexOf(symbol) != -1): null

2019-08-10 23:58:22 - [TEST_STEP][PASSED] - if (i == 3 &amp;&amp; wildList.indexOf(symbol) != -1): null

2019-08-10 23:58:22 - [TEST_STEP][PASSED] - if (i == 4 &amp;&amp; wildList.indexOf(symbol) != -1): null

2019-08-10 23:58:22 - [TEST_STEP][PASSED] - symbols = symbols: null

2019-08-10 23:58:22 - [TEST_STEP][PASSED] - for ([j = 0, j &lt; symbols.size(), (j++)]): null

2019-08-10 23:58:22 - [TEST_STEP][PASSED] - symbol = symbol: null

2019-08-10 23:58:22 - [TEST_STEP][PASSED] - println(symbol): null

2019-08-10 23:58:22 - [TEST_STEP][PASSED] - if (i == 2 &amp;&amp; wildList.indexOf(symbol) != -1): null

2019-08-10 23:58:22 - [TEST_STEP][PASSED] - if (i == 3 &amp;&amp; wildList.indexOf(symbol) != -1): null

2019-08-10 23:58:27 - [TEST_STEP][PASSED] - if (i == 4 &amp;&amp; wildList.indexOf(symbol) != -1): null

2019-08-10 23:58:27 - [TEST_STEP][PASSED] - symbol = symbol: null

2019-08-10 23:58:27 - [TEST_STEP][PASSED] - println(symbol): null

2019-08-10 23:58:27 - [TEST_STEP][PASSED] - if (i == 2 &amp;&amp; wildList.indexOf(symbol) != -1): null

2019-08-10 23:58:27 - [TEST_STEP][PASSED] - if (i == 3 &amp;&amp; wildList.indexOf(symbol) != -1): null

2019-08-10 23:58:27 - [TEST_STEP][PASSED] - if (i == 4 &amp;&amp; wildList.indexOf(symbol) != -1): null

2019-08-10 23:58:32 - [TEST_STEP][PASSED] - symbol = symbol: null

2019-08-10 23:58:32 - [TEST_STEP][PASSED] - println(symbol): null

2019-08-10 23:58:32 - [TEST_STEP][PASSED] - if (i == 2 &amp;&amp; wildList.indexOf(symbol) != -1): null

2019-08-10 23:58:32 - [TEST_STEP][PASSED] - if (i == 3 &amp;&amp; wildList.indexOf(symbol) != -1): null

2019-08-10 23:58:32 - [TEST_STEP][PASSED] - if (i == 4 &amp;&amp; wildList.indexOf(symbol) != -1): null

2019-08-10 23:58:32 - [TEST_STEP][PASSED] - free_spin_reel_counter = free_spin_reel_counter: null

2019-08-10 23:58:32 - [TEST_STEP][PASSED] - println("reel 3 wild found: " + free_spin_reel_counter[0]): null

2019-08-10 23:58:32 - [TEST_STEP][PASSED] - println("reel 4 wild found: " + free_spin_reel_counter[1]): null

2019-08-10 23:58:32 - [TEST_STEP][PASSED] - println("reel 5 wild found: " + free_spin_reel_counter[2]): null

2019-08-10 23:58:32 - [TEST_STEP][PASSED] - M4_spin_reels = M4_spin_reels: null

2019-08-10 23:58:32 - [TEST_STEP][PASSED] - M4_spin_reels_symbols = symbol: null

2019-08-10 23:58:32 - [TEST_STEP][PASSED] - M4_spin_reels_symbols = M4_spin_reels_symbols: null

2019-08-10 23:58:32 - [TEST_STEP][PASSED] - M4_spin_reel_wins = reel_wins: null

2019-08-10 23:58:32 - [TEST_STEP][PASSED] - M4_spin_reel_wins = M4_spin_reel_wins: null

2019-08-10 23:58:32 - [TEST_STEP][PASSED] - println("GlobalVariable.M4_spin_reel_wins is: " + M4_spin_reel_wins): null

2019-08-10 23:58:32 - [TEST_STEP][PASSED] - M4_spin_total_bonus_win_this_round = total_bonus_win_this_round: null

2019-08-10 23:58:32 - [TEST_STEP][PASSED] - M4_spin_total_bonus_win_this_round = M4_spin_total_bonus_win_this_round: null

2019-08-10 23:58:32 - [TEST_STEP][PASSED] - println("GlobalVariable.M4_spin_total_bonus_win_this_round is: " + M4_spin_total_bonus_win_this_round): null

2019-08-10 23:58:32 - [MESSAGE][PASSED] - Verify response successfully

2019-08-10 23:58:32 - [MESSAGE][PASSED] - Send request and verify the response successfully

2019-08-10 23:58:32 - [TEST_STEP][PASSED] - if (M4_total_bonus_spins_int != 0 &amp;&amp; M4_spin_reels_symbols[2].contains("WILD_Double") || M4_spin_reels_symbols[4].contains("WILD_Triple")): null

2019-08-10 23:58:32 - [TEST_STEP][PASSED] - free_spin_reel_counter = free_spin_reel_counter: null

2019-08-10 23:58:32 - [TEST_STEP][PASSED] - M4_spin_reels_symbols = M4_spin_reels_symbols: null

2019-08-10 23:58:32 - [TEST_STEP][PASSED] - M4_total_bonus_spins = M4_total_bonus_spins: null

2019-08-10 23:58:32 - [TEST_STEP][PASSED] - spin_result = sendRequestAndVerify(findTestObject("RGS(M4)/1_M4_spin", ["M4_login_user_id":M4_login_user_id, "rgs_session_token":rgs_session_token, "partner":Partner])): Send request and verify the response successfully

2019-08-10 23:58:33 - [TEST_CASE][PASSED] - Start Test Case : Verification: Verification accomplished successfully

2019-08-10 23:58:33 - [TEST_STEP][PASSED] - request = getInstance().getCurrentRequest(): null

2019-08-10 23:58:33 - [TEST_STEP][PASSED] - response = getInstance().getCurrentResponse(): null

2019-08-10 23:58:33 - [TEST_STEP][PASSED] - verifyResponseStatusCode(response, 200): Verify response status code successfully

2019-08-10 23:58:33 - [MESSAGE][PASSED] - Verify response status code successfully

2019-08-10 23:58:33 - [TEST_STEP][PASSED] - getStatusCode()).isEqualTo(200): null

2019-08-10 23:58:33 - [TEST_STEP][PASSED] - newline = System.getProperty("line.separator"): null

2019-08-10 23:58:33 - [TEST_STEP][PASSED] - M4_spin = new groovy.json.JsonSlurper(): null

2019-08-10 23:58:33 - [TEST_STEP][PASSED] - result_M4_spin = M4_spin.parseText(response.getResponseBodyContent()): null

2019-08-10 23:58:33 - [TEST_STEP][PASSED] - M4_spin_current_balance = current_balance: null

2019-08-10 23:58:33 - [TEST_STEP][PASSED] - M4_spin_current_balance = M4_spin_current_balance: null

2019-08-10 23:58:33 - [TEST_STEP][PASSED] - M4_spin_transaction_id = causality: null

2019-08-10 23:58:33 - [TEST_STEP][PASSED] - M4_spin_transaction_id = M4_spin_transaction_id: null

2019-08-10 23:58:33 - [TEST_STEP][PASSED] - M4_spin_round_id = round_id: null

2019-08-10 23:58:33 - [TEST_STEP][PASSED] - M4_spin_round_id = M4_spin_round_id: null

2019-08-10 23:58:33 - [TEST_STEP][PASSED] - M4_spin_line_wins = line_wins: null

2019-08-10 23:58:33 - [TEST_STEP][PASSED] - M4_spin_line_wins = M4_spin_line_wins: null

2019-08-10 23:58:33 - [TEST_STEP][PASSED] - M4_total_bonus_spins_int = total_bonus_spins: null

2019-08-10 23:58:33 - [TEST_STEP][PASSED] - println("******M4_total_bonus_spins type is:*******" + newline + getClass().getName()): null

2019-08-10 23:58:33 - [TEST_STEP][PASSED] - M4_total_bonus_spins_int = M4_total_bonus_spins_int: null

2019-08-10 23:58:33 - [TEST_STEP][PASSED] - M4_total_bonus_spins = Integer.toString(M4_total_bonus_spins_int): null

2019-08-10 23:58:33 - [TEST_STEP][PASSED] - M4_total_bonus_spins = M4_total_bonus_spins: null

2019-08-10 23:58:33 - [TEST_STEP][PASSED] - println("M4_total_bonus_spins is:" + M4_total_bonus_spins): null

2019-08-10 23:58:33 - [TEST_STEP][PASSED] - M4_spin_bonus_data = bonus_data: null

2019-08-10 23:58:33 - [TEST_STEP][PASSED] - M4_spin_features_triggered = result_M4_spin: null

2019-08-10 23:58:33 - [TEST_STEP][PASSED] - wild = []: null

2019-08-10 23:58:33 - [TEST_STEP][PASSED] - wild[0] = "WILD_Expanding": null

2019-08-10 23:58:33 - [TEST_STEP][PASSED] - wild[1] = "WILD_Normal": null

2019-08-10 23:58:33 - [TEST_STEP][PASSED] - wild[2] = "WILD_Double": null

2019-08-10 23:58:33 - [TEST_STEP][PASSED] - wild[3] = "WILD_ExtraFG": null

2019-08-10 23:58:33 - [TEST_STEP][PASSED] - wild[4] = "WILD_Triple": null

2019-08-10 23:58:33 - [TEST_STEP][PASSED] - wildList = Arrays.asList(wild): null

2019-08-10 23:58:33 - [TEST_STEP][PASSED] - wildList = wildList: null

2019-08-10 23:58:33 - [TEST_STEP][PASSED] - free_spin_reel_counter = []: null

2019-08-10 23:58:33 - [TEST_STEP][PASSED] - free_spin_reel_counter[0] = 0: null

2019-08-10 23:58:33 - [TEST_STEP][PASSED] - free_spin_reel_counter[1] = 0: null

2019-08-10 23:58:33 - [TEST_STEP][PASSED] - free_spin_reel_counter[2] = 0: null

2019-08-10 23:58:33 - [TEST_STEP][PASSED] - M4_spin_reels = reels: null

2019-08-10 23:58:33 - [TEST_STEP][PASSED] - for ([i = 0, i &lt; M4_spin_reels.size(), (i++)]): null

2019-08-10 23:58:33 - [TEST_STEP][PASSED] - symbols = symbols: null

2019-08-10 23:58:33 - [TEST_STEP][PASSED] - for ([j = 0, j &lt; symbols.size(), (j++)]): null

2019-08-10 23:58:33 - [TEST_STEP][PASSED] - symbol = symbol: null

2019-08-10 23:58:33 - [TEST_STEP][PASSED] - println(symbol): null

2019-08-10 23:58:33 - [TEST_STEP][PASSED] - if (i == 2 &amp;&amp; wildList.indexOf(symbol) != -1): null

2019-08-10 23:58:33 - [TEST_STEP][PASSED] - if (i == 3 &amp;&amp; wildList.indexOf(symbol) != -1): null

2019-08-10 23:58:33 - [TEST_STEP][PASSED] - if (i == 4 &amp;&amp; wildList.indexOf(symbol) != -1): null

2019-08-10 23:58:33 - [TEST_STEP][PASSED] - symbol = symbol: null

2019-08-10 23:58:33 - [TEST_STEP][PASSED] - println(symbol): null

2019-08-10 23:58:33 - [TEST_STEP][PASSED] - if (i == 2 &amp;&amp; wildList.indexOf(symbol) != -1): null

2019-08-10 23:58:33 - [TEST_STEP][PASSED] - if (i == 3 &amp;&amp; wildList.indexOf(symbol) != -1): null

2019-08-10 23:58:33 - [TEST_STEP][PASSED] - if (i == 4 &amp;&amp; wildList.indexOf(symbol) != -1): null

2019-08-10 23:58:33 - [TEST_STEP][PASSED] - symbol = symbol: null

2019-08-10 23:58:33 - [TEST_STEP][PASSED] - println(symbol): null

2019-08-10 23:58:33 - [TEST_STEP][PASSED] - if (i == 2 &amp;&amp; wildList.indexOf(symbol) != -1): null

2019-08-10 23:58:33 - [TEST_STEP][PASSED] - if (i == 3 &amp;&amp; wildList.indexOf(symbol) != -1): null

2019-08-10 23:58:33 - [TEST_STEP][PASSED] - if (i == 4 &amp;&amp; wildList.indexOf(symbol) != -1): null

2019-08-10 23:58:33 - [TEST_STEP][PASSED] - symbols = symbols: null

2019-08-10 23:58:33 - [TEST_STEP][PASSED] - for ([j = 0, j &lt; symbols.size(), (j++)]): null

2019-08-10 23:58:33 - [TEST_STEP][PASSED] - symbol = symbol: null

2019-08-10 23:58:33 - [TEST_STEP][PASSED] - println(symbol): null

2019-08-10 23:58:33 - [TEST_STEP][PASSED] - if (i == 2 &amp;&amp; wildList.indexOf(symbol) != -1): null

2019-08-10 23:58:33 - [TEST_STEP][PASSED] - if (i == 3 &amp;&amp; wildList.indexOf(symbol) != -1): null

2019-08-10 23:58:33 - [TEST_STEP][PASSED] - if (i == 4 &amp;&amp; wildList.indexOf(symbol) != -1): null

2019-08-10 23:58:33 - [TEST_STEP][PASSED] - symbol = symbol: null

2019-08-10 23:58:33 - [TEST_STEP][PASSED] - println(symbol): null

2019-08-10 23:58:33 - [TEST_STEP][PASSED] - if (i == 2 &amp;&amp; wildList.indexOf(symbol) != -1): null

2019-08-10 23:58:33 - [TEST_STEP][PASSED] - if (i == 3 &amp;&amp; wildList.indexOf(symbol) != -1): null

2019-08-10 23:58:33 - [TEST_STEP][PASSED] - if (i == 4 &amp;&amp; wildList.indexOf(symbol) != -1): null

2019-08-10 23:58:33 - [TEST_STEP][PASSED] - symbol = symbol: null

2019-08-10 23:58:33 - [TEST_STEP][PASSED] - println(symbol): null

2019-08-10 23:58:33 - [TEST_STEP][PASSED] - if (i == 2 &amp;&amp; wildList.indexOf(symbol) != -1): null

2019-08-10 23:58:33 - [TEST_STEP][PASSED] - if (i == 3 &amp;&amp; wildList.indexOf(symbol) != -1): null

2019-08-10 23:58:33 - [TEST_STEP][PASSED] - if (i == 4 &amp;&amp; wildList.indexOf(symbol) != -1): null

2019-08-10 23:58:33 - [TEST_STEP][PASSED] - symbols = symbols: null

2019-08-10 23:58:33 - [TEST_STEP][PASSED] - for ([j = 0, j &lt; symbols.size(), (j++)]): null

2019-08-10 23:58:33 - [TEST_STEP][PASSED] - symbol = symbol: null

2019-08-10 23:58:33 - [TEST_STEP][PASSED] - println(symbol): null

2019-08-10 23:58:33 - [TEST_STEP][PASSED] - if (i == 2 &amp;&amp; wildList.indexOf(symbol) != -1): null

2019-08-10 23:58:33 - [TEST_STEP][PASSED] - if (i == 3 &amp;&amp; wildList.indexOf(symbol) != -1): null

2019-08-10 23:58:33 - [TEST_STEP][PASSED] - if (i == 4 &amp;&amp; wildList.indexOf(symbol) != -1): null

2019-08-10 23:58:33 - [TEST_STEP][PASSED] - symbol = symbol: null

2019-08-10 23:58:33 - [TEST_STEP][PASSED] - println(symbol): null

2019-08-10 23:58:33 - [TEST_STEP][PASSED] - if (i == 2 &amp;&amp; wildList.indexOf(symbol) != -1): null

2019-08-10 23:58:33 - [TEST_STEP][PASSED] - if (i == 3 &amp;&amp; wildList.indexOf(symbol) != -1): null

2019-08-10 23:58:33 - [TEST_STEP][PASSED] - if (i == 4 &amp;&amp; wildList.indexOf(symbol) != -1): null

2019-08-10 23:58:33 - [TEST_STEP][PASSED] - symbol = symbol: null

2019-08-10 23:58:33 - [TEST_STEP][PASSED] - println(symbol): null

2019-08-10 23:58:33 - [TEST_STEP][PASSED] - if (i == 2 &amp;&amp; wildList.indexOf(symbol) != -1): null

2019-08-10 23:58:33 - [TEST_STEP][PASSED] - if (i == 3 &amp;&amp; wildList.indexOf(symbol) != -1): null

2019-08-10 23:58:33 - [TEST_STEP][PASSED] - if (i == 4 &amp;&amp; wildList.indexOf(symbol) != -1): null

2019-08-10 23:58:33 - [TEST_STEP][PASSED] - symbols = symbols: null

2019-08-10 23:58:33 - [TEST_STEP][PASSED] - for ([j = 0, j &lt; symbols.size(), (j++)]): null

2019-08-10 23:58:33 - [TEST_STEP][PASSED] - symbol = symbol: null

2019-08-10 23:58:33 - [TEST_STEP][PASSED] - println(symbol): null

2019-08-10 23:58:33 - [TEST_STEP][PASSED] - if (i == 2 &amp;&amp; wildList.indexOf(symbol) != -1): null

2019-08-10 23:58:33 - [TEST_STEP][PASSED] - if (i == 3 &amp;&amp; wildList.indexOf(symbol) != -1): null

2019-08-10 23:58:33 - [TEST_STEP][PASSED] - if (i == 4 &amp;&amp; wildList.indexOf(symbol) != -1): null

2019-08-10 23:58:33 - [TEST_STEP][PASSED] - symbol = symbol: null

2019-08-10 23:58:33 - [TEST_STEP][PASSED] - println(symbol): null

2019-08-10 23:58:33 - [TEST_STEP][PASSED] - if (i == 2 &amp;&amp; wildList.indexOf(symbol) != -1): null

2019-08-10 23:58:33 - [TEST_STEP][PASSED] - if (i == 3 &amp;&amp; wildList.indexOf(symbol) != -1): null

2019-08-10 23:58:33 - [TEST_STEP][PASSED] - if (i == 4 &amp;&amp; wildList.indexOf(symbol) != -1): null

2019-08-10 23:58:33 - [TEST_STEP][PASSED] - symbol = symbol: null

2019-08-10 23:58:33 - [TEST_STEP][PASSED] - println(symbol): null

2019-08-10 23:58:33 - [TEST_STEP][PASSED] - if (i == 2 &amp;&amp; wildList.indexOf(symbol) != -1): null

2019-08-10 23:58:33 - [TEST_STEP][PASSED] - if (i == 3 &amp;&amp; wildList.indexOf(symbol) != -1): null

2019-08-10 23:58:33 - [TEST_STEP][PASSED] - println("wild found on reel 4, adding counter by 1"): null

2019-08-10 23:58:33 - [TEST_STEP][PASSED] - free_spin_reel_counter[1] = free_spin_reel_counter[1] + 1: null

2019-08-10 23:58:33 - [TEST_STEP][PASSED] - if (i == 4 &amp;&amp; wildList.indexOf(symbol) != -1): null

2019-08-10 23:58:33 - [TEST_STEP][PASSED] - symbols = symbols: null

2019-08-10 23:58:33 - [TEST_STEP][PASSED] - for ([j = 0, j &lt; symbols.size(), (j++)]): null

2019-08-10 23:58:33 - [TEST_STEP][PASSED] - symbol = symbol: null

2019-08-10 23:58:33 - [TEST_STEP][PASSED] - println(symbol): null

2019-08-10 23:58:33 - [TEST_STEP][PASSED] - if (i == 2 &amp;&amp; wildList.indexOf(symbol) != -1): null

2019-08-10 23:58:33 - [TEST_STEP][PASSED] - if (i == 3 &amp;&amp; wildList.indexOf(symbol) != -1): null

2019-08-10 23:58:33 - [TEST_STEP][PASSED] - if (i == 4 &amp;&amp; wildList.indexOf(symbol) != -1): null

2019-08-10 23:58:33 - [TEST_STEP][PASSED] - symbol = symbol: null

2019-08-10 23:58:33 - [TEST_STEP][PASSED] - println(symbol): null

2019-08-10 23:58:33 - [TEST_STEP][PASSED] - if (i == 2 &amp;&amp; wildList.indexOf(symbol) != -1): null

2019-08-10 23:58:33 - [TEST_STEP][PASSED] - if (i == 3 &amp;&amp; wildList.indexOf(symbol) != -1): null

2019-08-10 23:58:33 - [TEST_STEP][PASSED] - if (i == 4 &amp;&amp; wildList.indexOf(symbol) != -1): null

2019-08-10 23:58:33 - [TEST_STEP][PASSED] - symbol = symbol: null

2019-08-10 23:58:33 - [TEST_STEP][PASSED] - println(symbol): null

2019-08-10 23:58:33 - [TEST_STEP][PASSED] - if (i == 2 &amp;&amp; wildList.indexOf(symbol) != -1): null

2019-08-10 23:58:33 - [TEST_STEP][PASSED] - if (i == 3 &amp;&amp; wildList.indexOf(symbol) != -1): null

2019-08-10 23:58:33 - [TEST_STEP][PASSED] - if (i == 4 &amp;&amp; wildList.indexOf(symbol) != -1): null

2019-08-10 23:58:33 - [TEST_STEP][PASSED] - free_spin_reel_counter = free_spin_reel_counter: null

2019-08-10 23:58:33 - [TEST_STEP][PASSED] - println("reel 3 wild found: " + free_spin_reel_counter[0]): null

2019-08-10 23:58:33 - [TEST_STEP][PASSED] - println("reel 4 wild found: " + free_spin_reel_counter[1]): null

2019-08-10 23:58:33 - [TEST_STEP][PASSED] - println("reel 5 wild found: " + free_spin_reel_counter[2]): null

2019-08-10 23:58:33 - [TEST_STEP][PASSED] - M4_spin_reels = M4_spin_reels: null

2019-08-10 23:58:33 - [TEST_STEP][PASSED] - M4_spin_reels_symbols = symbol: null

2019-08-10 23:58:33 - [TEST_STEP][PASSED] - M4_spin_reels_symbols = M4_spin_reels_symbols: null

2019-08-10 23:58:33 - [TEST_STEP][PASSED] - M4_spin_reel_wins = reel_wins: null

2019-08-10 23:58:33 - [TEST_STEP][PASSED] - M4_spin_reel_wins = M4_spin_reel_wins: null

2019-08-10 23:58:33 - [TEST_STEP][PASSED] - println("GlobalVariable.M4_spin_reel_wins is: " + M4_spin_reel_wins): null

2019-08-10 23:58:33 - [TEST_STEP][PASSED] - M4_spin_total_bonus_win_this_round = total_bonus_win_this_round: null

2019-08-10 23:58:33 - [TEST_STEP][PASSED] - M4_spin_total_bonus_win_this_round = M4_spin_total_bonus_win_this_round: null

2019-08-10 23:58:33 - [TEST_STEP][PASSED] - println("GlobalVariable.M4_spin_total_bonus_win_this_round is: " + M4_spin_total_bonus_win_this_round): null

2019-08-10 23:58:33 - [MESSAGE][PASSED] - Verify response successfully

2019-08-10 23:58:33 - [MESSAGE][PASSED] - Send request and verify the response successfully

2019-08-10 23:58:33 - [TEST_STEP][PASSED] - if (M4_total_bonus_spins_int != 0 &amp;&amp; M4_spin_reels_symbols[2].contains("WILD_Double") || M4_spin_reels_symbols[4].contains("WILD_Triple")): null

2019-08-10 23:58:33 - [TEST_STEP][PASSED] - free_spin_reel_counter = free_spin_reel_counter: null

2019-08-10 23:58:33 - [TEST_STEP][PASSED] - M4_spin_reels_symbols = M4_spin_reels_symbols: null

2019-08-10 23:58:33 - [TEST_STEP][PASSED] - M4_total_bonus_spins = M4_total_bonus_spins: null

2019-08-10 23:58:33 - [TEST_STEP][PASSED] - spin_result = sendRequestAndVerify(findTestObject("RGS(M4)/1_M4_spin", ["M4_login_user_id":M4_login_user_id, "rgs_session_token":rgs_session_token, "partner":Partner])): Send request and verify the response successfully

2019-08-10 23:58:33 - [TEST_CASE][PASSED] - Start Test Case : Verification: Verification accomplished successfully

2019-08-10 23:58:33 - [TEST_STEP][PASSED] - request = getInstance().getCurrentRequest(): null

2019-08-10 23:58:33 - [TEST_STEP][PASSED] - response = getInstance().getCurrentResponse(): null

2019-08-10 23:58:33 - [TEST_STEP][PASSED] - verifyResponseStatusCode(response, 200): Verify response status code successfully

2019-08-10 23:58:33 - [MESSAGE][PASSED] - Verify response status code successfully

2019-08-10 23:58:33 - [TEST_STEP][PASSED] - getStatusCode()).isEqualTo(200): null

2019-08-10 23:58:33 - [TEST_STEP][PASSED] - newline = System.getProperty("line.separator"): null

2019-08-10 23:58:33 - [TEST_STEP][PASSED] - M4_spin = new groovy.json.JsonSlurper(): null

2019-08-10 23:58:33 - [TEST_STEP][PASSED] - result_M4_spin = M4_spin.parseText(response.getResponseBodyContent()): null

2019-08-10 23:58:33 - [TEST_STEP][PASSED] - M4_spin_current_balance = current_balance: null

2019-08-10 23:58:33 - [TEST_STEP][PASSED] - M4_spin_current_balance = M4_spin_current_balance: null

2019-08-10 23:58:33 - [TEST_STEP][PASSED] - M4_spin_transaction_id = causality: null

2019-08-10 23:58:33 - [TEST_STEP][PASSED] - M4_spin_transaction_id = M4_spin_transaction_id: null

2019-08-10 23:58:33 - [TEST_STEP][PASSED] - M4_spin_round_id = round_id: null

2019-08-10 23:58:33 - [TEST_STEP][PASSED] - M4_spin_round_id = M4_spin_round_id: null

2019-08-10 23:58:33 - [TEST_STEP][PASSED] - M4_spin_line_wins = line_wins: null

2019-08-10 23:58:33 - [TEST_STEP][PASSED] - M4_spin_line_wins = M4_spin_line_wins: null

2019-08-10 23:58:33 - [TEST_STEP][PASSED] - M4_total_bonus_spins_int = total_bonus_spins: null

2019-08-10 23:58:33 - [TEST_STEP][PASSED] - println("******M4_total_bonus_spins type is:*******" + newline + getClass().getName()): null

2019-08-10 23:58:33 - [TEST_STEP][PASSED] - M4_total_bonus_spins_int = M4_total_bonus_spins_int: null

2019-08-10 23:58:33 - [TEST_STEP][PASSED] - M4_total_bonus_spins = Integer.toString(M4_total_bonus_spins_int): null

2019-08-10 23:58:33 - [TEST_STEP][PASSED] - M4_total_bonus_spins = M4_total_bonus_spins: null

2019-08-10 23:58:33 - [TEST_STEP][PASSED] - println("M4_total_bonus_spins is:" + M4_total_bonus_spins): null

2019-08-10 23:58:33 - [TEST_STEP][PASSED] - M4_spin_bonus_data = bonus_data: null

2019-08-10 23:58:33 - [TEST_STEP][PASSED] - M4_spin_features_triggered = result_M4_spin: null

2019-08-10 23:58:33 - [TEST_STEP][PASSED] - wild = []: null

2019-08-10 23:58:33 - [TEST_STEP][PASSED] - wild[0] = "WILD_Expanding": null

2019-08-10 23:58:33 - [TEST_STEP][PASSED] - wild[1] = "WILD_Normal": null

2019-08-10 23:58:33 - [TEST_STEP][PASSED] - wild[2] = "WILD_Double": null

2019-08-10 23:58:33 - [TEST_STEP][PASSED] - wild[3] = "WILD_ExtraFG": null

2019-08-10 23:58:33 - [TEST_STEP][PASSED] - wild[4] = "WILD_Triple": null

2019-08-10 23:58:33 - [TEST_STEP][PASSED] - wildList = Arrays.asList(wild): null

2019-08-10 23:58:33 - [TEST_STEP][PASSED] - wildList = wildList: null

2019-08-10 23:58:33 - [TEST_STEP][PASSED] - free_spin_reel_counter = []: null

2019-08-10 23:58:33 - [TEST_STEP][PASSED] - free_spin_reel_counter[0] = 0: null

2019-08-10 23:58:33 - [TEST_STEP][PASSED] - free_spin_reel_counter[1] = 0: null

2019-08-10 23:58:33 - [TEST_STEP][PASSED] - free_spin_reel_counter[2] = 0: null

2019-08-10 23:58:33 - [TEST_STEP][PASSED] - M4_spin_reels = reels: null

2019-08-10 23:58:33 - [TEST_STEP][PASSED] - for ([i = 0, i &lt; M4_spin_reels.size(), (i++)]): null

2019-08-10 23:58:33 - [TEST_STEP][PASSED] - symbols = symbols: null

2019-08-10 23:58:33 - [TEST_STEP][PASSED] - for ([j = 0, j &lt; symbols.size(), (j++)]): null

2019-08-10 23:58:33 - [TEST_STEP][PASSED] - symbol = symbol: null

2019-08-10 23:58:33 - [TEST_STEP][PASSED] - println(symbol): null

2019-08-10 23:58:33 - [TEST_STEP][PASSED] - if (i == 2 &amp;&amp; wildList.indexOf(symbol) != -1): null

2019-08-10 23:58:33 - [TEST_STEP][PASSED] - if (i == 3 &amp;&amp; wildList.indexOf(symbol) != -1): null

2019-08-10 23:58:33 - [TEST_STEP][PASSED] - if (i == 4 &amp;&amp; wildList.indexOf(symbol) != -1): null

2019-08-10 23:58:33 - [TEST_STEP][PASSED] - symbol = symbol: null

2019-08-10 23:58:33 - [TEST_STEP][PASSED] - println(symbol): null

2019-08-10 23:58:33 - [TEST_STEP][PASSED] - if (i == 2 &amp;&amp; wildList.indexOf(symbol) != -1): null

2019-08-10 23:58:33 - [TEST_STEP][PASSED] - if (i == 3 &amp;&amp; wildList.indexOf(symbol) != -1): null

2019-08-10 23:58:33 - [TEST_STEP][PASSED] - if (i == 4 &amp;&amp; wildList.indexOf(symbol) != -1): null

2019-08-10 23:58:33 - [TEST_STEP][PASSED] - symbol = symbol: null

2019-08-10 23:58:33 - [TEST_STEP][PASSED] - println(symbol): null

2019-08-10 23:58:33 - [TEST_STEP][PASSED] - if (i == 2 &amp;&amp; wildList.indexOf(symbol) != -1): null

2019-08-10 23:58:33 - [TEST_STEP][PASSED] - if (i == 3 &amp;&amp; wildList.indexOf(symbol) != -1): null

2019-08-10 23:58:33 - [TEST_STEP][PASSED] - if (i == 4 &amp;&amp; wildList.indexOf(symbol) != -1): null

2019-08-10 23:58:33 - [TEST_STEP][PASSED] - symbols = symbols: null

2019-08-10 23:58:33 - [TEST_STEP][PASSED] - for ([j = 0, j &lt; symbols.size(), (j++)]): null

2019-08-10 23:58:33 - [TEST_STEP][PASSED] - symbol = symbol: null

2019-08-10 23:58:33 - [TEST_STEP][PASSED] - println(symbol): null

2019-08-10 23:58:33 - [TEST_STEP][PASSED] - if (i == 2 &amp;&amp; wildList.indexOf(symbol) != -1): null

2019-08-10 23:58:33 - [TEST_STEP][PASSED] - if (i == 3 &amp;&amp; wildList.indexOf(symbol) != -1): null

2019-08-10 23:58:33 - [TEST_STEP][PASSED] - if (i == 4 &amp;&amp; wildList.indexOf(symbol) != -1): null

2019-08-10 23:58:33 - [TEST_STEP][PASSED] - symbol = symbol: null

2019-08-10 23:58:33 - [TEST_STEP][PASSED] - println(symbol): null

2019-08-10 23:58:33 - [TEST_STEP][PASSED] - if (i == 2 &amp;&amp; wildList.indexOf(symbol) != -1): null

2019-08-10 23:58:33 - [TEST_STEP][PASSED] - if (i == 3 &amp;&amp; wildList.indexOf(symbol) != -1): null

2019-08-10 23:58:33 - [TEST_STEP][PASSED] - if (i == 4 &amp;&amp; wildList.indexOf(symbol) != -1): null

2019-08-10 23:58:33 - [TEST_STEP][PASSED] - symbol = symbol: null

2019-08-10 23:58:33 - [TEST_STEP][PASSED] - println(symbol): null

2019-08-10 23:58:33 - [TEST_STEP][PASSED] - if (i == 2 &amp;&amp; wildList.indexOf(symbol) != -1): null

2019-08-10 23:58:33 - [TEST_STEP][PASSED] - if (i == 3 &amp;&amp; wildList.indexOf(symbol) != -1): null

2019-08-10 23:58:33 - [TEST_STEP][PASSED] - if (i == 4 &amp;&amp; wildList.indexOf(symbol) != -1): null

2019-08-10 23:58:33 - [TEST_STEP][PASSED] - symbols = symbols: null

2019-08-10 23:58:33 - [TEST_STEP][PASSED] - for ([j = 0, j &lt; symbols.size(), (j++)]): null

2019-08-10 23:58:33 - [TEST_STEP][PASSED] - symbol = symbol: null

2019-08-10 23:58:33 - [TEST_STEP][PASSED] - println(symbol): null

2019-08-10 23:58:33 - [TEST_STEP][PASSED] - if (i == 2 &amp;&amp; wildList.indexOf(symbol) != -1): null

2019-08-10 23:58:33 - [TEST_STEP][PASSED] - println("wild found on reel 3, adding counter by 1"): null

2019-08-10 23:58:33 - [TEST_STEP][PASSED] - free_spin_reel_counter[0] = free_spin_reel_counter[0] + 1: null

2019-08-10 23:58:33 - [TEST_STEP][PASSED] - if (i == 3 &amp;&amp; wildList.indexOf(symbol) != -1): null

2019-08-10 23:58:33 - [TEST_STEP][PASSED] - if (i == 4 &amp;&amp; wildList.indexOf(symbol) != -1): null

2019-08-10 23:58:33 - [TEST_STEP][PASSED] - symbol = symbol: null

2019-08-10 23:58:33 - [TEST_STEP][PASSED] - println(symbol): null

2019-08-10 23:58:33 - [TEST_STEP][PASSED] - if (i == 2 &amp;&amp; wildList.indexOf(symbol) != -1): null

2019-08-10 23:58:33 - [TEST_STEP][PASSED] - if (i == 3 &amp;&amp; wildList.indexOf(symbol) != -1): null

2019-08-10 23:58:33 - [TEST_STEP][PASSED] - if (i == 4 &amp;&amp; wildList.indexOf(symbol) != -1): null

2019-08-10 23:58:33 - [TEST_STEP][PASSED] - symbol = symbol: null

2019-08-10 23:58:33 - [TEST_STEP][PASSED] - println(symbol): null

2019-08-10 23:58:33 - [TEST_STEP][PASSED] - if (i == 2 &amp;&amp; wildList.indexOf(symbol) != -1): null

2019-08-10 23:58:33 - [TEST_STEP][PASSED] - if (i == 3 &amp;&amp; wildList.indexOf(symbol) != -1): null

2019-08-10 23:58:33 - [TEST_STEP][PASSED] - if (i == 4 &amp;&amp; wildList.indexOf(symbol) != -1): null

2019-08-10 23:58:33 - [TEST_STEP][PASSED] - symbols = symbols: null

2019-08-10 23:58:33 - [TEST_STEP][PASSED] - for ([j = 0, j &lt; symbols.size(), (j++)]): null

2019-08-10 23:58:33 - [TEST_STEP][PASSED] - symbol = symbol: null

2019-08-10 23:58:33 - [TEST_STEP][PASSED] - println(symbol): null

2019-08-10 23:58:33 - [TEST_STEP][PASSED] - if (i == 2 &amp;&amp; wildList.indexOf(symbol) != -1): null

2019-08-10 23:58:33 - [TEST_STEP][PASSED] - if (i == 3 &amp;&amp; wildList.indexOf(symbol) != -1): null

2019-08-10 23:58:33 - [TEST_STEP][PASSED] - if (i == 4 &amp;&amp; wildList.indexOf(symbol) != -1): null

2019-08-10 23:58:33 - [TEST_STEP][PASSED] - symbol = symbol: null

2019-08-10 23:58:33 - [TEST_STEP][PASSED] - println(symbol): null

2019-08-10 23:58:33 - [TEST_STEP][PASSED] - if (i == 2 &amp;&amp; wildList.indexOf(symbol) != -1): null

2019-08-10 23:58:33 - [TEST_STEP][PASSED] - if (i == 3 &amp;&amp; wildList.indexOf(symbol) != -1): null

2019-08-10 23:58:33 - [TEST_STEP][PASSED] - if (i == 4 &amp;&amp; wildList.indexOf(symbol) != -1): null

2019-08-10 23:58:33 - [TEST_STEP][PASSED] - symbol = symbol: null

2019-08-10 23:58:33 - [TEST_STEP][PASSED] - println(symbol): null

2019-08-10 23:58:33 - [TEST_STEP][PASSED] - if (i == 2 &amp;&amp; wildList.indexOf(symbol) != -1): null

2019-08-10 23:58:33 - [TEST_STEP][PASSED] - if (i == 3 &amp;&amp; wildList.indexOf(symbol) != -1): null

2019-08-10 23:58:33 - [TEST_STEP][PASSED] - if (i == 4 &amp;&amp; wildList.indexOf(symbol) != -1): null

2019-08-10 23:58:33 - [TEST_STEP][PASSED] - symbols = symbols: null

2019-08-10 23:58:33 - [TEST_STEP][PASSED] - for ([j = 0, j &lt; symbols.size(), (j++)]): null

2019-08-10 23:58:33 - [TEST_STEP][PASSED] - symbol = symbol: null

2019-08-10 23:58:33 - [TEST_STEP][PASSED] - println(symbol): null

2019-08-10 23:58:33 - [TEST_STEP][PASSED] - if (i == 2 &amp;&amp; wildList.indexOf(symbol) != -1): null

2019-08-10 23:58:33 - [TEST_STEP][PASSED] - if (i == 3 &amp;&amp; wildList.indexOf(symbol) != -1): null

2019-08-10 23:58:33 - [TEST_STEP][PASSED] - if (i == 4 &amp;&amp; wildList.indexOf(symbol) != -1): null

2019-08-10 23:58:33 - [TEST_STEP][PASSED] - println("wild found on reel 5, adding counter by 1"): null

2019-08-10 23:58:33 - [TEST_STEP][PASSED] - free_spin_reel_counter[2] = free_spin_reel_counter[2] + 1: null

2019-08-10 23:58:33 - [TEST_STEP][PASSED] - symbol = symbol: null

2019-08-10 23:58:33 - [TEST_STEP][PASSED] - println(symbol): null

2019-08-10 23:58:33 - [TEST_STEP][PASSED] - if (i == 2 &amp;&amp; wildList.indexOf(symbol) != -1): null

2019-08-10 23:58:33 - [TEST_STEP][PASSED] - if (i == 3 &amp;&amp; wildList.indexOf(symbol) != -1): null

2019-08-10 23:58:33 - [TEST_STEP][PASSED] - if (i == 4 &amp;&amp; wildList.indexOf(symbol) != -1): null

2019-08-10 23:58:33 - [TEST_STEP][PASSED] - symbol = symbol: null

2019-08-10 23:58:33 - [TEST_STEP][PASSED] - println(symbol): null

2019-08-10 23:58:33 - [TEST_STEP][PASSED] - if (i == 2 &amp;&amp; wildList.indexOf(symbol) != -1): null

2019-08-10 23:58:33 - [TEST_STEP][PASSED] - if (i == 3 &amp;&amp; wildList.indexOf(symbol) != -1): null

2019-08-10 23:58:33 - [TEST_STEP][PASSED] - if (i == 4 &amp;&amp; wildList.indexOf(symbol) != -1): null

2019-08-10 23:58:33 - [TEST_STEP][PASSED] - free_spin_reel_counter = free_spin_reel_counter: null

2019-08-10 23:58:33 - [TEST_STEP][PASSED] - println("reel 3 wild found: " + free_spin_reel_counter[0]): null

2019-08-10 23:58:33 - [TEST_STEP][PASSED] - println("reel 4 wild found: " + free_spin_reel_counter[1]): null

2019-08-10 23:58:33 - [TEST_STEP][PASSED] - println("reel 5 wild found: " + free_spin_reel_counter[2]): null

2019-08-10 23:58:33 - [TEST_STEP][PASSED] - M4_spin_reels = M4_spin_reels: null

2019-08-10 23:58:33 - [TEST_STEP][PASSED] - M4_spin_reels_symbols = symbol: null

2019-08-10 23:58:33 - [TEST_STEP][PASSED] - M4_spin_reels_symbols = M4_spin_reels_symbols: null

2019-08-10 23:58:33 - [TEST_STEP][PASSED] - M4_spin_reel_wins = reel_wins: null

2019-08-10 23:58:33 - [TEST_STEP][PASSED] - M4_spin_reel_wins = M4_spin_reel_wins: null

2019-08-10 23:58:33 - [TEST_STEP][PASSED] - println("GlobalVariable.M4_spin_reel_wins is: " + M4_spin_reel_wins): null

2019-08-10 23:58:33 - [TEST_STEP][PASSED] - M4_spin_total_bonus_win_this_round = total_bonus_win_this_round: null

2019-08-10 23:58:33 - [TEST_STEP][PASSED] - M4_spin_total_bonus_win_this_round = M4_spin_total_bonus_win_this_round: null

2019-08-10 23:58:33 - [TEST_STEP][PASSED] - println("GlobalVariable.M4_spin_total_bonus_win_this_round is: " + M4_spin_total_bonus_win_this_round): null

2019-08-10 23:58:33 - [MESSAGE][PASSED] - Verify response successfully

2019-08-10 23:58:33 - [MESSAGE][PASSED] - Send request and verify the response successfully

2019-08-10 23:58:33 - [TEST_STEP][PASSED] - if (M4_total_bonus_spins_int != 0 &amp;&amp; M4_spin_reels_symbols[2].contains("WILD_Double") || M4_spin_reels_symbols[4].contains("WILD_Triple")): null

2019-08-10 23:58:33 - [TEST_STEP][PASSED] - free_spin_reel_counter = free_spin_reel_counter: null

2019-08-10 23:58:33 - [TEST_STEP][PASSED] - M4_spin_reels_symbols = M4_spin_reels_symbols: null

2019-08-10 23:58:33 - [TEST_STEP][PASSED] - M4_total_bonus_spins = M4_total_bonus_spins: null

2019-08-10 23:58:33 - [TEST_STEP][PASSED] - spin_result = sendRequestAndVerify(findTestObject("RGS(M4)/1_M4_spin", ["M4_login_user_id":M4_login_user_id, "rgs_session_token":rgs_session_token, "partner":Partner])): Send request and verify the response successfully

2019-08-10 23:58:33 - [TEST_CASE][PASSED] - Start Test Case : Verification: Verification accomplished successfully

2019-08-10 23:58:33 - [TEST_STEP][PASSED] - request = getInstance().getCurrentRequest(): null

2019-08-10 23:58:34 - [TEST_STEP][PASSED] - response = getInstance().getCurrentResponse(): null

2019-08-10 23:58:34 - [TEST_STEP][PASSED] - verifyResponseStatusCode(response, 200): Verify response status code successfully

2019-08-10 23:58:34 - [MESSAGE][PASSED] - Verify response status code successfully

2019-08-10 23:58:34 - [TEST_STEP][PASSED] - getStatusCode()).isEqualTo(200): null

2019-08-10 23:58:34 - [TEST_STEP][PASSED] - newline = System.getProperty("line.separator"): null

2019-08-10 23:58:34 - [TEST_STEP][PASSED] - M4_spin = new groovy.json.JsonSlurper(): null

2019-08-10 23:58:34 - [TEST_STEP][PASSED] - result_M4_spin = M4_spin.parseText(response.getResponseBodyContent()): null

2019-08-10 23:58:34 - [TEST_STEP][PASSED] - M4_spin_current_balance = current_balance: null

2019-08-10 23:58:34 - [TEST_STEP][PASSED] - M4_spin_current_balance = M4_spin_current_balance: null

2019-08-10 23:58:34 - [TEST_STEP][PASSED] - M4_spin_transaction_id = causality: null

2019-08-10 23:58:34 - [TEST_STEP][PASSED] - M4_spin_transaction_id = M4_spin_transaction_id: null

2019-08-10 23:58:34 - [TEST_STEP][PASSED] - M4_spin_round_id = round_id: null

2019-08-10 23:58:34 - [TEST_STEP][PASSED] - M4_spin_round_id = M4_spin_round_id: null

2019-08-10 23:58:34 - [TEST_STEP][PASSED] - M4_spin_line_wins = line_wins: null

2019-08-10 23:58:34 - [TEST_STEP][PASSED] - M4_spin_line_wins = M4_spin_line_wins: null

2019-08-10 23:58:34 - [TEST_STEP][PASSED] - M4_total_bonus_spins_int = total_bonus_spins: null

2019-08-10 23:58:34 - [TEST_STEP][PASSED] - println("******M4_total_bonus_spins type is:*******" + newline + getClass().getName()): null

2019-08-10 23:58:34 - [TEST_STEP][PASSED] - M4_total_bonus_spins_int = M4_total_bonus_spins_int: null

2019-08-10 23:58:34 - [TEST_STEP][PASSED] - M4_total_bonus_spins = Integer.toString(M4_total_bonus_spins_int): null

2019-08-10 23:58:34 - [TEST_STEP][PASSED] - M4_total_bonus_spins = M4_total_bonus_spins: null

2019-08-10 23:58:34 - [TEST_STEP][PASSED] - println("M4_total_bonus_spins is:" + M4_total_bonus_spins): null

2019-08-10 23:58:34 - [TEST_STEP][PASSED] - M4_spin_bonus_data = bonus_data: null

2019-08-10 23:58:34 - [TEST_STEP][PASSED] - M4_spin_features_triggered = result_M4_spin: null

2019-08-10 23:58:34 - [TEST_STEP][PASSED] - wild = []: null

2019-08-10 23:58:34 - [TEST_STEP][PASSED] - wild[0] = "WILD_Expanding": null

2019-08-10 23:58:34 - [TEST_STEP][PASSED] - wild[1] = "WILD_Normal": null

2019-08-10 23:58:34 - [TEST_STEP][PASSED] - wild[2] = "WILD_Double": null

2019-08-10 23:58:34 - [TEST_STEP][PASSED] - wild[3] = "WILD_ExtraFG": null

2019-08-10 23:58:34 - [TEST_STEP][PASSED] - wild[4] = "WILD_Triple": null

2019-08-10 23:58:34 - [TEST_STEP][PASSED] - wildList = Arrays.asList(wild): null

2019-08-10 23:58:34 - [TEST_STEP][PASSED] - wildList = wildList: null

2019-08-10 23:58:34 - [TEST_STEP][PASSED] - free_spin_reel_counter = []: null

2019-08-10 23:58:34 - [TEST_STEP][PASSED] - free_spin_reel_counter[0] = 0: null

2019-08-10 23:58:34 - [TEST_STEP][PASSED] - free_spin_reel_counter[1] = 0: null

2019-08-10 23:58:34 - [TEST_STEP][PASSED] - free_spin_reel_counter[2] = 0: null

2019-08-10 23:58:34 - [TEST_STEP][PASSED] - M4_spin_reels = reels: null

2019-08-10 23:58:34 - [TEST_STEP][PASSED] - for ([i = 0, i &lt; M4_spin_reels.size(), (i++)]): null

2019-08-10 23:58:34 - [TEST_STEP][PASSED] - symbols = symbols: null

2019-08-10 23:58:34 - [TEST_STEP][PASSED] - for ([j = 0, j &lt; symbols.size(), (j++)]): null

2019-08-10 23:58:34 - [TEST_STEP][PASSED] - symbol = symbol: null

2019-08-10 23:58:34 - [TEST_STEP][PASSED] - println(symbol): null

2019-08-10 23:58:34 - [TEST_STEP][PASSED] - if (i == 2 &amp;&amp; wildList.indexOf(symbol) != -1): null

2019-08-10 23:58:34 - [TEST_STEP][PASSED] - if (i == 3 &amp;&amp; wildList.indexOf(symbol) != -1): null

2019-08-10 23:58:34 - [TEST_STEP][PASSED] - if (i == 4 &amp;&amp; wildList.indexOf(symbol) != -1): null

2019-08-10 23:58:34 - [TEST_STEP][PASSED] - symbol = symbol: null

2019-08-10 23:58:34 - [TEST_STEP][PASSED] - println(symbol): null

2019-08-10 23:58:34 - [TEST_STEP][PASSED] - if (i == 2 &amp;&amp; wildList.indexOf(symbol) != -1): null

2019-08-10 23:58:34 - [TEST_STEP][PASSED] - if (i == 3 &amp;&amp; wildList.indexOf(symbol) != -1): null

2019-08-10 23:58:34 - [TEST_STEP][PASSED] - if (i == 4 &amp;&amp; wildList.indexOf(symbol) != -1): null

2019-08-10 23:58:34 - [TEST_STEP][PASSED] - symbol = symbol: null

2019-08-10 23:58:34 - [TEST_STEP][PASSED] - println(symbol): null

2019-08-10 23:58:34 - [TEST_STEP][PASSED] - if (i == 2 &amp;&amp; wildList.indexOf(symbol) != -1): null

2019-08-10 23:58:34 - [TEST_STEP][PASSED] - if (i == 3 &amp;&amp; wildList.indexOf(symbol) != -1): null

2019-08-10 23:58:34 - [TEST_STEP][PASSED] - if (i == 4 &amp;&amp; wildList.indexOf(symbol) != -1): null

2019-08-10 23:58:34 - [TEST_STEP][PASSED] - symbols = symbols: null

2019-08-10 23:58:34 - [TEST_STEP][PASSED] - for ([j = 0, j &lt; symbols.size(), (j++)]): null

2019-08-10 23:58:34 - [TEST_STEP][PASSED] - symbol = symbol: null

2019-08-10 23:58:34 - [TEST_STEP][PASSED] - println(symbol): null

2019-08-10 23:58:34 - [TEST_STEP][PASSED] - if (i == 2 &amp;&amp; wildList.indexOf(symbol) != -1): null

2019-08-10 23:58:34 - [TEST_STEP][PASSED] - if (i == 3 &amp;&amp; wildList.indexOf(symbol) != -1): null

2019-08-10 23:58:34 - [TEST_STEP][PASSED] - if (i == 4 &amp;&amp; wildList.indexOf(symbol) != -1): null

2019-08-10 23:58:34 - [TEST_STEP][PASSED] - symbol = symbol: null

2019-08-10 23:58:34 - [TEST_STEP][PASSED] - println(symbol): null

2019-08-10 23:58:34 - [TEST_STEP][PASSED] - if (i == 2 &amp;&amp; wildList.indexOf(symbol) != -1): null

2019-08-10 23:58:34 - [TEST_STEP][PASSED] - if (i == 3 &amp;&amp; wildList.indexOf(symbol) != -1): null

2019-08-10 23:58:34 - [TEST_STEP][PASSED] - if (i == 4 &amp;&amp; wildList.indexOf(symbol) != -1): null

2019-08-10 23:58:34 - [TEST_STEP][PASSED] - symbol = symbol: null

2019-08-10 23:58:34 - [TEST_STEP][PASSED] - println(symbol): null

2019-08-10 23:58:34 - [TEST_STEP][PASSED] - if (i == 2 &amp;&amp; wildList.indexOf(symbol) != -1): null

2019-08-10 23:58:34 - [TEST_STEP][PASSED] - if (i == 3 &amp;&amp; wildList.indexOf(symbol) != -1): null

2019-08-10 23:58:34 - [TEST_STEP][PASSED] - if (i == 4 &amp;&amp; wildList.indexOf(symbol) != -1): null

2019-08-10 23:58:34 - [TEST_STEP][PASSED] - symbols = symbols: null

2019-08-10 23:58:34 - [TEST_STEP][PASSED] - for ([j = 0, j &lt; symbols.size(), (j++)]): null

2019-08-10 23:58:34 - [TEST_STEP][PASSED] - symbol = symbol: null

2019-08-10 23:58:34 - [TEST_STEP][PASSED] - println(symbol): null

2019-08-10 23:58:34 - [TEST_STEP][PASSED] - if (i == 2 &amp;&amp; wildList.indexOf(symbol) != -1): null

2019-08-10 23:58:34 - [TEST_STEP][PASSED] - if (i == 3 &amp;&amp; wildList.indexOf(symbol) != -1): null

2019-08-10 23:58:34 - [TEST_STEP][PASSED] - if (i == 4 &amp;&amp; wildList.indexOf(symbol) != -1): null

2019-08-10 23:58:34 - [TEST_STEP][PASSED] - symbol = symbol: null

2019-08-10 23:58:34 - [TEST_STEP][PASSED] - println(symbol): null

2019-08-10 23:58:34 - [TEST_STEP][PASSED] - if (i == 2 &amp;&amp; wildList.indexOf(symbol) != -1): null

2019-08-10 23:58:34 - [TEST_STEP][PASSED] - if (i == 3 &amp;&amp; wildList.indexOf(symbol) != -1): null

2019-08-10 23:58:34 - [TEST_STEP][PASSED] - if (i == 4 &amp;&amp; wildList.indexOf(symbol) != -1): null

2019-08-10 23:58:34 - [TEST_STEP][PASSED] - symbol = symbol: null

2019-08-10 23:58:34 - [TEST_STEP][PASSED] - println(symbol): null

2019-08-10 23:58:34 - [TEST_STEP][PASSED] - if (i == 2 &amp;&amp; wildList.indexOf(symbol) != -1): null

2019-08-10 23:58:34 - [TEST_STEP][PASSED] - if (i == 3 &amp;&amp; wildList.indexOf(symbol) != -1): null

2019-08-10 23:58:34 - [TEST_STEP][PASSED] - if (i == 4 &amp;&amp; wildList.indexOf(symbol) != -1): null

2019-08-10 23:58:34 - [TEST_STEP][PASSED] - symbols = symbols: null

2019-08-10 23:58:34 - [TEST_STEP][PASSED] - for ([j = 0, j &lt; symbols.size(), (j++)]): null

2019-08-10 23:58:34 - [TEST_STEP][PASSED] - symbol = symbol: null

2019-08-10 23:58:34 - [TEST_STEP][PASSED] - println(symbol): null

2019-08-10 23:58:34 - [TEST_STEP][PASSED] - if (i == 2 &amp;&amp; wildList.indexOf(symbol) != -1): null

2019-08-10 23:58:34 - [TEST_STEP][PASSED] - if (i == 3 &amp;&amp; wildList.indexOf(symbol) != -1): null

2019-08-10 23:58:34 - [TEST_STEP][PASSED] - if (i == 4 &amp;&amp; wildList.indexOf(symbol) != -1): null

2019-08-10 23:58:34 - [TEST_STEP][PASSED] - symbol = symbol: null

2019-08-10 23:58:34 - [TEST_STEP][PASSED] - println(symbol): null

2019-08-10 23:58:34 - [TEST_STEP][PASSED] - if (i == 2 &amp;&amp; wildList.indexOf(symbol) != -1): null

2019-08-10 23:58:34 - [TEST_STEP][PASSED] - if (i == 3 &amp;&amp; wildList.indexOf(symbol) != -1): null

2019-08-10 23:58:34 - [TEST_STEP][PASSED] - if (i == 4 &amp;&amp; wildList.indexOf(symbol) != -1): null

2019-08-10 23:58:34 - [TEST_STEP][PASSED] - symbol = symbol: null

2019-08-10 23:58:34 - [TEST_STEP][PASSED] - println(symbol): null

2019-08-10 23:58:34 - [TEST_STEP][PASSED] - if (i == 2 &amp;&amp; wildList.indexOf(symbol) != -1): null

2019-08-10 23:58:34 - [TEST_STEP][PASSED] - if (i == 3 &amp;&amp; wildList.indexOf(symbol) != -1): null

2019-08-10 23:58:34 - [TEST_STEP][PASSED] - if (i == 4 &amp;&amp; wildList.indexOf(symbol) != -1): null

2019-08-10 23:58:34 - [TEST_STEP][PASSED] - symbols = symbols: null

2019-08-10 23:58:34 - [TEST_STEP][PASSED] - for ([j = 0, j &lt; symbols.size(), (j++)]): null

2019-08-10 23:58:34 - [TEST_STEP][PASSED] - symbol = symbol: null

2019-08-10 23:58:34 - [TEST_STEP][PASSED] - println(symbol): null

2019-08-10 23:58:34 - [TEST_STEP][PASSED] - if (i == 2 &amp;&amp; wildList.indexOf(symbol) != -1): null

2019-08-10 23:58:34 - [TEST_STEP][PASSED] - if (i == 3 &amp;&amp; wildList.indexOf(symbol) != -1): null

2019-08-10 23:58:34 - [TEST_STEP][PASSED] - if (i == 4 &amp;&amp; wildList.indexOf(symbol) != -1): null

2019-08-10 23:58:34 - [TEST_STEP][PASSED] - symbol = symbol: null

2019-08-10 23:58:34 - [TEST_STEP][PASSED] - println(symbol): null

2019-08-10 23:58:34 - [TEST_STEP][PASSED] - if (i == 2 &amp;&amp; wildList.indexOf(symbol) != -1): null

2019-08-10 23:58:34 - [TEST_STEP][PASSED] - if (i == 3 &amp;&amp; wildList.indexOf(symbol) != -1): null

2019-08-10 23:58:34 - [TEST_STEP][PASSED] - if (i == 4 &amp;&amp; wildList.indexOf(symbol) != -1): null

2019-08-10 23:58:34 - [TEST_STEP][PASSED] - symbol = symbol: null

2019-08-10 23:58:34 - [TEST_STEP][PASSED] - println(symbol): null

2019-08-10 23:58:34 - [TEST_STEP][PASSED] - if (i == 2 &amp;&amp; wildList.indexOf(symbol) != -1): null

2019-08-10 23:58:34 - [TEST_STEP][PASSED] - if (i == 3 &amp;&amp; wildList.indexOf(symbol) != -1): null

2019-08-10 23:58:34 - [TEST_STEP][PASSED] - if (i == 4 &amp;&amp; wildList.indexOf(symbol) != -1): null

2019-08-10 23:58:34 - [TEST_STEP][PASSED] - free_spin_reel_counter = free_spin_reel_counter: null

2019-08-10 23:58:34 - [TEST_STEP][PASSED] - println("reel 3 wild found: " + free_spin_reel_counter[0]): null

2019-08-10 23:58:34 - [TEST_STEP][PASSED] - println("reel 4 wild found: " + free_spin_reel_counter[1]): null

2019-08-10 23:58:34 - [TEST_STEP][PASSED] - println("reel 5 wild found: " + free_spin_reel_counter[2]): null

2019-08-10 23:58:34 - [TEST_STEP][PASSED] - M4_spin_reels = M4_spin_reels: null

2019-08-10 23:58:34 - [TEST_STEP][PASSED] - M4_spin_reels_symbols = symbol: null

2019-08-10 23:58:34 - [TEST_STEP][PASSED] - M4_spin_reels_symbols = M4_spin_reels_symbols: null

2019-08-10 23:58:34 - [TEST_STEP][PASSED] - M4_spin_reel_wins = reel_wins: null

2019-08-10 23:58:34 - [TEST_STEP][PASSED] - M4_spin_reel_wins = M4_spin_reel_wins: null

2019-08-10 23:58:34 - [TEST_STEP][PASSED] - println("GlobalVariable.M4_spin_reel_wins is: " + M4_spin_reel_wins): null

2019-08-10 23:58:34 - [TEST_STEP][PASSED] - M4_spin_total_bonus_win_this_round = total_bonus_win_this_round: null

2019-08-10 23:58:34 - [TEST_STEP][PASSED] - M4_spin_total_bonus_win_this_round = M4_spin_total_bonus_win_this_round: null

2019-08-10 23:58:34 - [TEST_STEP][PASSED] - println("GlobalVariable.M4_spin_total_bonus_win_this_round is: " + M4_spin_total_bonus_win_this_round): null

2019-08-10 23:58:34 - [MESSAGE][PASSED] - Verify response successfully

2019-08-10 23:58:34 - [MESSAGE][PASSED] - Send request and verify the response successfully

2019-08-10 23:58:34 - [TEST_STEP][PASSED] - if (M4_total_bonus_spins_int != 0 &amp;&amp; M4_spin_reels_symbols[2].contains("WILD_Double") || M4_spin_reels_symbols[4].contains("WILD_Triple")): null

2019-08-10 23:58:34 - [TEST_STEP][PASSED] - free_spin_reel_counter = free_spin_reel_counter: null

2019-08-10 23:58:34 - [TEST_STEP][PASSED] - M4_spin_reels_symbols = M4_spin_reels_symbols: null

2019-08-10 23:58:34 - [TEST_STEP][PASSED] - M4_total_bonus_spins = M4_total_bonus_spins: null

2019-08-10 23:58:34 - [TEST_STEP][PASSED] - spin_result = sendRequestAndVerify(findTestObject("RGS(M4)/1_M4_spin", ["M4_login_user_id":M4_login_user_id, "rgs_session_token":rgs_session_token, "partner":Partner])): Send request and verify the response successfully

2019-08-10 23:58:34 - [TEST_CASE][PASSED] - Start Test Case : Verification: Verification accomplished successfully

2019-08-10 23:58:34 - [TEST_STEP][PASSED] - request = getInstance().getCurrentRequest(): null

2019-08-10 23:58:34 - [TEST_STEP][PASSED] - response = getInstance().getCurrentResponse(): null

2019-08-10 23:58:34 - [TEST_STEP][PASSED] - verifyResponseStatusCode(response, 200): Verify response status code successfully

2019-08-10 23:58:34 - [MESSAGE][PASSED] - Verify response status code successfully

2019-08-10 23:58:34 - [TEST_STEP][PASSED] - getStatusCode()).isEqualTo(200): null

2019-08-10 23:58:34 - [TEST_STEP][PASSED] - newline = System.getProperty("line.separator"): null

2019-08-10 23:58:34 - [TEST_STEP][PASSED] - M4_spin = new groovy.json.JsonSlurper(): null

2019-08-10 23:58:34 - [TEST_STEP][PASSED] - result_M4_spin = M4_spin.parseText(response.getResponseBodyContent()): null

2019-08-10 23:58:34 - [TEST_STEP][PASSED] - M4_spin_current_balance = current_balance: null

2019-08-10 23:58:34 - [TEST_STEP][PASSED] - M4_spin_current_balance = M4_spin_current_balance: null

2019-08-10 23:58:34 - [TEST_STEP][PASSED] - M4_spin_transaction_id = causality: null

2019-08-10 23:58:34 - [TEST_STEP][PASSED] - M4_spin_transaction_id = M4_spin_transaction_id: null

2019-08-10 23:58:34 - [TEST_STEP][PASSED] - M4_spin_round_id = round_id: null

2019-08-10 23:58:34 - [TEST_STEP][PASSED] - M4_spin_round_id = M4_spin_round_id: null

2019-08-10 23:58:34 - [TEST_STEP][PASSED] - M4_spin_line_wins = line_wins: null

2019-08-10 23:58:34 - [TEST_STEP][PASSED] - M4_spin_line_wins = M4_spin_line_wins: null

2019-08-10 23:58:34 - [TEST_STEP][PASSED] - M4_total_bonus_spins_int = total_bonus_spins: null

2019-08-10 23:58:34 - [TEST_STEP][PASSED] - println("******M4_total_bonus_spins type is:*******" + newline + getClass().getName()): null

2019-08-10 23:58:34 - [TEST_STEP][PASSED] - M4_total_bonus_spins_int = M4_total_bonus_spins_int: null

2019-08-10 23:58:34 - [TEST_STEP][PASSED] - M4_total_bonus_spins = Integer.toString(M4_total_bonus_spins_int): null

2019-08-10 23:58:34 - [TEST_STEP][PASSED] - M4_total_bonus_spins = M4_total_bonus_spins: null

2019-08-10 23:58:34 - [TEST_STEP][PASSED] - println("M4_total_bonus_spins is:" + M4_total_bonus_spins): null

2019-08-10 23:58:34 - [TEST_STEP][PASSED] - M4_spin_bonus_data = bonus_data: null

2019-08-10 23:58:34 - [TEST_STEP][PASSED] - M4_spin_features_triggered = result_M4_spin: null

2019-08-10 23:58:34 - [TEST_STEP][PASSED] - wild = []: null

2019-08-10 23:58:34 - [TEST_STEP][PASSED] - wild[0] = "WILD_Expanding": null

2019-08-10 23:58:34 - [TEST_STEP][PASSED] - wild[1] = "WILD_Normal": null

2019-08-10 23:58:34 - [TEST_STEP][PASSED] - wild[2] = "WILD_Double": null

2019-08-10 23:58:34 - [TEST_STEP][PASSED] - wild[3] = "WILD_ExtraFG": null

2019-08-10 23:58:34 - [TEST_STEP][PASSED] - wild[4] = "WILD_Triple": null

2019-08-10 23:58:34 - [TEST_STEP][PASSED] - wildList = Arrays.asList(wild): null

2019-08-10 23:58:34 - [TEST_STEP][PASSED] - wildList = wildList: null

2019-08-10 23:58:34 - [TEST_STEP][PASSED] - free_spin_reel_counter = []: null

2019-08-10 23:58:34 - [TEST_STEP][PASSED] - free_spin_reel_counter[0] = 0: null

2019-08-10 23:58:34 - [TEST_STEP][PASSED] - free_spin_reel_counter[1] = 0: null

2019-08-10 23:58:34 - [TEST_STEP][PASSED] - free_spin_reel_counter[2] = 0: null

2019-08-10 23:58:34 - [TEST_STEP][PASSED] - M4_spin_reels = reels: null

2019-08-10 23:58:34 - [TEST_STEP][PASSED] - for ([i = 0, i &lt; M4_spin_reels.size(), (i++)]): null

2019-08-10 23:58:34 - [TEST_STEP][PASSED] - symbols = symbols: null

2019-08-10 23:58:34 - [TEST_STEP][PASSED] - for ([j = 0, j &lt; symbols.size(), (j++)]): null

2019-08-10 23:58:34 - [TEST_STEP][PASSED] - symbol = symbol: null

2019-08-10 23:58:34 - [TEST_STEP][PASSED] - println(symbol): null

2019-08-10 23:58:34 - [TEST_STEP][PASSED] - if (i == 2 &amp;&amp; wildList.indexOf(symbol) != -1): null

2019-08-10 23:58:34 - [TEST_STEP][PASSED] - if (i == 3 &amp;&amp; wildList.indexOf(symbol) != -1): null

2019-08-10 23:58:34 - [TEST_STEP][PASSED] - if (i == 4 &amp;&amp; wildList.indexOf(symbol) != -1): null

2019-08-10 23:58:34 - [TEST_STEP][PASSED] - symbol = symbol: null

2019-08-10 23:58:34 - [TEST_STEP][PASSED] - println(symbol): null

2019-08-10 23:58:34 - [TEST_STEP][PASSED] - if (i == 2 &amp;&amp; wildList.indexOf(symbol) != -1): null

2019-08-10 23:58:34 - [TEST_STEP][PASSED] - if (i == 3 &amp;&amp; wildList.indexOf(symbol) != -1): null

2019-08-10 23:58:34 - [TEST_STEP][PASSED] - if (i == 4 &amp;&amp; wildList.indexOf(symbol) != -1): null

2019-08-10 23:58:34 - [TEST_STEP][PASSED] - symbol = symbol: null

2019-08-10 23:58:34 - [TEST_STEP][PASSED] - println(symbol): null

2019-08-10 23:58:34 - [TEST_STEP][PASSED] - if (i == 2 &amp;&amp; wildList.indexOf(symbol) != -1): null

2019-08-10 23:58:34 - [TEST_STEP][PASSED] - if (i == 3 &amp;&amp; wildList.indexOf(symbol) != -1): null

2019-08-10 23:58:34 - [TEST_STEP][PASSED] - if (i == 4 &amp;&amp; wildList.indexOf(symbol) != -1): null

2019-08-10 23:58:34 - [TEST_STEP][PASSED] - symbols = symbols: null

2019-08-10 23:58:34 - [TEST_STEP][PASSED] - for ([j = 0, j &lt; symbols.size(), (j++)]): null

2019-08-10 23:58:34 - [TEST_STEP][PASSED] - symbol = symbol: null

2019-08-10 23:58:34 - [TEST_STEP][PASSED] - println(symbol): null

2019-08-10 23:58:34 - [TEST_STEP][PASSED] - if (i == 2 &amp;&amp; wildList.indexOf(symbol) != -1): null

2019-08-10 23:58:34 - [TEST_STEP][PASSED] - if (i == 3 &amp;&amp; wildList.indexOf(symbol) != -1): null

2019-08-10 23:58:34 - [TEST_STEP][PASSED] - if (i == 4 &amp;&amp; wildList.indexOf(symbol) != -1): null

2019-08-10 23:58:34 - [TEST_STEP][PASSED] - symbol = symbol: null

2019-08-10 23:58:34 - [TEST_STEP][PASSED] - println(symbol): null

2019-08-10 23:58:34 - [TEST_STEP][PASSED] - if (i == 2 &amp;&amp; wildList.indexOf(symbol) != -1): null

2019-08-10 23:58:34 - [TEST_STEP][PASSED] - if (i == 3 &amp;&amp; wildList.indexOf(symbol) != -1): null

2019-08-10 23:58:34 - [TEST_STEP][PASSED] - if (i == 4 &amp;&amp; wildList.indexOf(symbol) != -1): null

2019-08-10 23:58:34 - [TEST_STEP][PASSED] - symbol = symbol: null

2019-08-10 23:58:34 - [TEST_STEP][PASSED] - println(symbol): null

2019-08-10 23:58:34 - [TEST_STEP][PASSED] - if (i == 2 &amp;&amp; wildList.indexOf(symbol) != -1): null

2019-08-10 23:58:34 - [TEST_STEP][PASSED] - if (i == 3 &amp;&amp; wildList.indexOf(symbol) != -1): null

2019-08-10 23:58:34 - [TEST_STEP][PASSED] - if (i == 4 &amp;&amp; wildList.indexOf(symbol) != -1): null

2019-08-10 23:58:34 - [TEST_STEP][PASSED] - symbols = symbols: null

2019-08-10 23:58:34 - [TEST_STEP][PASSED] - for ([j = 0, j &lt; symbols.size(), (j++)]): null

2019-08-10 23:58:34 - [TEST_STEP][PASSED] - symbol = symbol: null

2019-08-10 23:58:34 - [TEST_STEP][PASSED] - println(symbol): null

2019-08-10 23:58:34 - [TEST_STEP][PASSED] - if (i == 2 &amp;&amp; wildList.indexOf(symbol) != -1): null

2019-08-10 23:58:34 - [TEST_STEP][PASSED] - if (i == 3 &amp;&amp; wildList.indexOf(symbol) != -1): null

2019-08-10 23:58:34 - [TEST_STEP][PASSED] - if (i == 4 &amp;&amp; wildList.indexOf(symbol) != -1): null

2019-08-10 23:58:34 - [TEST_STEP][PASSED] - symbol = symbol: null

2019-08-10 23:58:34 - [TEST_STEP][PASSED] - println(symbol): null

2019-08-10 23:58:34 - [TEST_STEP][PASSED] - if (i == 2 &amp;&amp; wildList.indexOf(symbol) != -1): null

2019-08-10 23:58:34 - [TEST_STEP][PASSED] - if (i == 3 &amp;&amp; wildList.indexOf(symbol) != -1): null

2019-08-10 23:58:34 - [TEST_STEP][PASSED] - if (i == 4 &amp;&amp; wildList.indexOf(symbol) != -1): null

2019-08-10 23:58:34 - [TEST_STEP][PASSED] - symbol = symbol: null

2019-08-10 23:58:34 - [TEST_STEP][PASSED] - println(symbol): null

2019-08-10 23:58:34 - [TEST_STEP][PASSED] - if (i == 2 &amp;&amp; wildList.indexOf(symbol) != -1): null

2019-08-10 23:58:34 - [TEST_STEP][PASSED] - if (i == 3 &amp;&amp; wildList.indexOf(symbol) != -1): null

2019-08-10 23:58:34 - [TEST_STEP][PASSED] - if (i == 4 &amp;&amp; wildList.indexOf(symbol) != -1): null

2019-08-10 23:58:34 - [TEST_STEP][PASSED] - symbols = symbols: null

2019-08-10 23:58:34 - [TEST_STEP][PASSED] - for ([j = 0, j &lt; symbols.size(), (j++)]): null

2019-08-10 23:58:34 - [TEST_STEP][PASSED] - symbol = symbol: null

2019-08-10 23:58:34 - [TEST_STEP][PASSED] - println(symbol): null

2019-08-10 23:58:34 - [TEST_STEP][PASSED] - if (i == 2 &amp;&amp; wildList.indexOf(symbol) != -1): null

2019-08-10 23:58:34 - [TEST_STEP][PASSED] - if (i == 3 &amp;&amp; wildList.indexOf(symbol) != -1): null

2019-08-10 23:58:34 - [TEST_STEP][PASSED] - if (i == 4 &amp;&amp; wildList.indexOf(symbol) != -1): null

2019-08-10 23:58:34 - [TEST_STEP][PASSED] - symbol = symbol: null

2019-08-10 23:58:34 - [TEST_STEP][PASSED] - println(symbol): null

2019-08-10 23:58:34 - [TEST_STEP][PASSED] - if (i == 2 &amp;&amp; wildList.indexOf(symbol) != -1): null

2019-08-10 23:58:34 - [TEST_STEP][PASSED] - if (i == 3 &amp;&amp; wildList.indexOf(symbol) != -1): null

2019-08-10 23:58:34 - [TEST_STEP][PASSED] - if (i == 4 &amp;&amp; wildList.indexOf(symbol) != -1): null

2019-08-10 23:58:34 - [TEST_STEP][PASSED] - symbol = symbol: null

2019-08-10 23:58:34 - [TEST_STEP][PASSED] - println(symbol): null

2019-08-10 23:58:34 - [TEST_STEP][PASSED] - if (i == 2 &amp;&amp; wildList.indexOf(symbol) != -1): null

2019-08-10 23:58:34 - [TEST_STEP][PASSED] - if (i == 3 &amp;&amp; wildList.indexOf(symbol) != -1): null

2019-08-10 23:58:34 - [TEST_STEP][PASSED] - if (i == 4 &amp;&amp; wildList.indexOf(symbol) != -1): null

2019-08-10 23:58:34 - [TEST_STEP][PASSED] - symbols = symbols: null

2019-08-10 23:58:34 - [TEST_STEP][PASSED] - for ([j = 0, j &lt; symbols.size(), (j++)]): null

2019-08-10 23:58:34 - [TEST_STEP][PASSED] - symbol = symbol: null

2019-08-10 23:58:34 - [TEST_STEP][PASSED] - println(symbol): null

2019-08-10 23:58:34 - [TEST_STEP][PASSED] - if (i == 2 &amp;&amp; wildList.indexOf(symbol) != -1): null

2019-08-10 23:58:34 - [TEST_STEP][PASSED] - if (i == 3 &amp;&amp; wildList.indexOf(symbol) != -1): null

2019-08-10 23:58:34 - [TEST_STEP][PASSED] - if (i == 4 &amp;&amp; wildList.indexOf(symbol) != -1): null

2019-08-10 23:58:34 - [TEST_STEP][PASSED] - println("wild found on reel 5, adding counter by 1"): null

2019-08-10 23:58:34 - [TEST_STEP][PASSED] - free_spin_reel_counter[2] = free_spin_reel_counter[2] + 1: null

2019-08-10 23:58:34 - [TEST_STEP][PASSED] - symbol = symbol: null

2019-08-10 23:58:34 - [TEST_STEP][PASSED] - println(symbol): null

2019-08-10 23:58:34 - [TEST_STEP][PASSED] - if (i == 2 &amp;&amp; wildList.indexOf(symbol) != -1): null

2019-08-10 23:58:34 - [TEST_STEP][PASSED] - if (i == 3 &amp;&amp; wildList.indexOf(symbol) != -1): null

2019-08-10 23:58:34 - [TEST_STEP][PASSED] - if (i == 4 &amp;&amp; wildList.indexOf(symbol) != -1): null

2019-08-10 23:58:34 - [TEST_STEP][PASSED] - symbol = symbol: null

2019-08-10 23:58:34 - [TEST_STEP][PASSED] - println(symbol): null

2019-08-10 23:58:34 - [TEST_STEP][PASSED] - if (i == 2 &amp;&amp; wildList.indexOf(symbol) != -1): null

2019-08-10 23:58:34 - [TEST_STEP][PASSED] - if (i == 3 &amp;&amp; wildList.indexOf(symbol) != -1): null

2019-08-10 23:58:34 - [TEST_STEP][PASSED] - if (i == 4 &amp;&amp; wildList.indexOf(symbol) != -1): null

2019-08-10 23:58:34 - [TEST_STEP][PASSED] - free_spin_reel_counter = free_spin_reel_counter: null

2019-08-10 23:58:34 - [TEST_STEP][PASSED] - println("reel 3 wild found: " + free_spin_reel_counter[0]): null

2019-08-10 23:58:34 - [TEST_STEP][PASSED] - println("reel 4 wild found: " + free_spin_reel_counter[1]): null

2019-08-10 23:58:34 - [TEST_STEP][PASSED] - println("reel 5 wild found: " + free_spin_reel_counter[2]): null

2019-08-10 23:58:34 - [TEST_STEP][PASSED] - M4_spin_reels = M4_spin_reels: null

2019-08-10 23:58:34 - [TEST_STEP][PASSED] - M4_spin_reels_symbols = symbol: null

2019-08-10 23:58:34 - [TEST_STEP][PASSED] - M4_spin_reels_symbols = M4_spin_reels_symbols: null

2019-08-10 23:58:34 - [TEST_STEP][PASSED] - M4_spin_reel_wins = reel_wins: null

2019-08-10 23:58:34 - [TEST_STEP][PASSED] - M4_spin_reel_wins = M4_spin_reel_wins: null

2019-08-10 23:58:34 - [TEST_STEP][PASSED] - println("GlobalVariable.M4_spin_reel_wins is: " + M4_spin_reel_wins): null

2019-08-10 23:58:34 - [TEST_STEP][PASSED] - M4_spin_total_bonus_win_this_round = total_bonus_win_this_round: null

2019-08-10 23:58:34 - [TEST_STEP][PASSED] - M4_spin_total_bonus_win_this_round = M4_spin_total_bonus_win_this_round: null

2019-08-10 23:58:34 - [TEST_STEP][PASSED] - println("GlobalVariable.M4_spin_total_bonus_win_this_round is: " + M4_spin_total_bonus_win_this_round): null

2019-08-10 23:58:34 - [MESSAGE][PASSED] - Verify response successfully

2019-08-10 23:58:34 - [MESSAGE][PASSED] - Send request and verify the response successfully

2019-08-10 23:58:34 - [TEST_STEP][PASSED] - if (M4_total_bonus_spins_int != 0 &amp;&amp; M4_spin_reels_symbols[2].contains("WILD_Double") || M4_spin_reels_symbols[4].contains("WILD_Triple")): null

2019-08-10 23:58:34 - [TEST_STEP][PASSED] - free_spin_reel_counter = free_spin_reel_counter: null

2019-08-10 23:58:34 - [TEST_STEP][PASSED] - M4_spin_reels_symbols = M4_spin_reels_symbols: null

2019-08-10 23:58:34 - [TEST_STEP][PASSED] - M4_total_bonus_spins = M4_total_bonus_spins: null

2019-08-10 23:58:34 - [TEST_STEP][PASSED] - spin_result = sendRequestAndVerify(findTestObject("RGS(M4)/1_M4_spin", ["M4_login_user_id":M4_login_user_id, "rgs_session_token":rgs_session_token, "partner":Partner])): Send request and verify the response successfully

2019-08-10 23:58:34 - [TEST_CASE][PASSED] - Start Test Case : Verification: Verification accomplished successfully

2019-08-10 23:58:34 - [TEST_STEP][PASSED] - request = getInstance().getCurrentRequest(): null

2019-08-10 23:58:34 - [TEST_STEP][PASSED] - response = getInstance().getCurrentResponse(): null

2019-08-10 23:58:34 - [TEST_STEP][PASSED] - verifyResponseStatusCode(response, 200): Verify response status code successfully

2019-08-10 23:58:34 - [MESSAGE][PASSED] - Verify response status code successfully

2019-08-10 23:58:34 - [TEST_STEP][PASSED] - getStatusCode()).isEqualTo(200): null

2019-08-10 23:58:34 - [TEST_STEP][PASSED] - newline = System.getProperty("line.separator"): null

2019-08-10 23:58:34 - [TEST_STEP][PASSED] - M4_spin = new groovy.json.JsonSlurper(): null

2019-08-10 23:58:34 - [TEST_STEP][PASSED] - result_M4_spin = M4_spin.parseText(response.getResponseBodyContent()): null

2019-08-10 23:58:34 - [TEST_STEP][PASSED] - M4_spin_current_balance = current_balance: null

2019-08-10 23:58:34 - [TEST_STEP][PASSED] - M4_spin_current_balance = M4_spin_current_balance: null

2019-08-10 23:58:34 - [TEST_STEP][PASSED] - M4_spin_transaction_id = causality: null

2019-08-10 23:58:34 - [TEST_STEP][PASSED] - M4_spin_transaction_id = M4_spin_transaction_id: null

2019-08-10 23:58:34 - [TEST_STEP][PASSED] - M4_spin_round_id = round_id: null

2019-08-10 23:58:34 - [TEST_STEP][PASSED] - M4_spin_round_id = M4_spin_round_id: null

2019-08-10 23:58:34 - [TEST_STEP][PASSED] - M4_spin_line_wins = line_wins: null

2019-08-10 23:58:34 - [TEST_STEP][PASSED] - M4_spin_line_wins = M4_spin_line_wins: null

2019-08-10 23:58:34 - [TEST_STEP][PASSED] - M4_total_bonus_spins_int = total_bonus_spins: null

2019-08-10 23:58:34 - [TEST_STEP][PASSED] - println("******M4_total_bonus_spins type is:*******" + newline + getClass().getName()): null

2019-08-10 23:58:34 - [TEST_STEP][PASSED] - M4_total_bonus_spins_int = M4_total_bonus_spins_int: null

2019-08-10 23:58:34 - [TEST_STEP][PASSED] - M4_total_bonus_spins = Integer.toString(M4_total_bonus_spins_int): null

2019-08-10 23:58:34 - [TEST_STEP][PASSED] - M4_total_bonus_spins = M4_total_bonus_spins: null

2019-08-10 23:58:34 - [TEST_STEP][PASSED] - println("M4_total_bonus_spins is:" + M4_total_bonus_spins): null

2019-08-10 23:58:34 - [TEST_STEP][PASSED] - M4_spin_bonus_data = bonus_data: null

2019-08-10 23:58:34 - [TEST_STEP][PASSED] - M4_spin_features_triggered = result_M4_spin: null

2019-08-10 23:58:34 - [TEST_STEP][PASSED] - wild = []: null

2019-08-10 23:58:34 - [TEST_STEP][PASSED] - wild[0] = "WILD_Expanding": null

2019-08-10 23:58:34 - [TEST_STEP][PASSED] - wild[1] = "WILD_Normal": null

2019-08-10 23:58:34 - [TEST_STEP][PASSED] - wild[2] = "WILD_Double": null

2019-08-10 23:58:34 - [TEST_STEP][PASSED] - wild[3] = "WILD_ExtraFG": null

2019-08-10 23:58:34 - [TEST_STEP][PASSED] - wild[4] = "WILD_Triple": null

2019-08-10 23:58:34 - [TEST_STEP][PASSED] - wildList = Arrays.asList(wild): null

2019-08-10 23:58:34 - [TEST_STEP][PASSED] - wildList = wildList: null

2019-08-10 23:58:34 - [TEST_STEP][PASSED] - free_spin_reel_counter = []: null

2019-08-10 23:58:34 - [TEST_STEP][PASSED] - free_spin_reel_counter[0] = 0: null

2019-08-10 23:58:34 - [TEST_STEP][PASSED] - free_spin_reel_counter[1] = 0: null

2019-08-10 23:58:34 - [TEST_STEP][PASSED] - free_spin_reel_counter[2] = 0: null

2019-08-10 23:58:34 - [TEST_STEP][PASSED] - M4_spin_reels = reels: null

2019-08-10 23:58:34 - [TEST_STEP][PASSED] - for ([i = 0, i &lt; M4_spin_reels.size(), (i++)]): null

2019-08-10 23:58:34 - [TEST_STEP][PASSED] - symbols = symbols: null

2019-08-10 23:58:35 - [TEST_STEP][PASSED] - for ([j = 0, j &lt; symbols.size(), (j++)]): null

2019-08-10 23:58:35 - [TEST_STEP][PASSED] - symbol = symbol: null

2019-08-10 23:58:35 - [TEST_STEP][PASSED] - println(symbol): null

2019-08-10 23:58:35 - [TEST_STEP][PASSED] - if (i == 2 &amp;&amp; wildList.indexOf(symbol) != -1): null

2019-08-10 23:58:35 - [TEST_STEP][PASSED] - if (i == 3 &amp;&amp; wildList.indexOf(symbol) != -1): null

2019-08-10 23:58:35 - [TEST_STEP][PASSED] - if (i == 4 &amp;&amp; wildList.indexOf(symbol) != -1): null

2019-08-10 23:58:35 - [TEST_STEP][PASSED] - symbol = symbol: null

2019-08-10 23:58:35 - [TEST_STEP][PASSED] - println(symbol): null

2019-08-10 23:58:35 - [TEST_STEP][PASSED] - if (i == 2 &amp;&amp; wildList.indexOf(symbol) != -1): null

2019-08-10 23:58:35 - [TEST_STEP][PASSED] - if (i == 3 &amp;&amp; wildList.indexOf(symbol) != -1): null

2019-08-10 23:58:35 - [TEST_STEP][PASSED] - if (i == 4 &amp;&amp; wildList.indexOf(symbol) != -1): null

2019-08-10 23:58:35 - [TEST_STEP][PASSED] - symbol = symbol: null

2019-08-10 23:58:35 - [TEST_STEP][PASSED] - println(symbol): null

2019-08-10 23:58:35 - [TEST_STEP][PASSED] - if (i == 2 &amp;&amp; wildList.indexOf(symbol) != -1): null

2019-08-10 23:58:35 - [TEST_STEP][PASSED] - if (i == 3 &amp;&amp; wildList.indexOf(symbol) != -1): null

2019-08-10 23:58:35 - [TEST_STEP][PASSED] - if (i == 4 &amp;&amp; wildList.indexOf(symbol) != -1): null

2019-08-10 23:58:35 - [TEST_STEP][PASSED] - symbols = symbols: null

2019-08-10 23:58:35 - [TEST_STEP][PASSED] - for ([j = 0, j &lt; symbols.size(), (j++)]): null

2019-08-10 23:58:35 - [TEST_STEP][PASSED] - symbol = symbol: null

2019-08-10 23:58:35 - [TEST_STEP][PASSED] - println(symbol): null

2019-08-10 23:58:35 - [TEST_STEP][PASSED] - if (i == 2 &amp;&amp; wildList.indexOf(symbol) != -1): null

2019-08-10 23:58:35 - [TEST_STEP][PASSED] - if (i == 3 &amp;&amp; wildList.indexOf(symbol) != -1): null

2019-08-10 23:58:35 - [TEST_STEP][PASSED] - if (i == 4 &amp;&amp; wildList.indexOf(symbol) != -1): null

2019-08-10 23:58:35 - [TEST_STEP][PASSED] - symbol = symbol: null

2019-08-10 23:58:35 - [TEST_STEP][PASSED] - println(symbol): null

2019-08-10 23:58:35 - [TEST_STEP][PASSED] - if (i == 2 &amp;&amp; wildList.indexOf(symbol) != -1): null

2019-08-10 23:58:35 - [TEST_STEP][PASSED] - if (i == 3 &amp;&amp; wildList.indexOf(symbol) != -1): null

2019-08-10 23:58:35 - [TEST_STEP][PASSED] - if (i == 4 &amp;&amp; wildList.indexOf(symbol) != -1): null

2019-08-10 23:58:35 - [TEST_STEP][PASSED] - symbol = symbol: null

2019-08-10 23:58:35 - [TEST_STEP][PASSED] - println(symbol): null

2019-08-10 23:58:35 - [TEST_STEP][PASSED] - if (i == 2 &amp;&amp; wildList.indexOf(symbol) != -1): null

2019-08-10 23:58:35 - [TEST_STEP][PASSED] - if (i == 3 &amp;&amp; wildList.indexOf(symbol) != -1): null

2019-08-10 23:58:35 - [TEST_STEP][PASSED] - if (i == 4 &amp;&amp; wildList.indexOf(symbol) != -1): null

2019-08-10 23:58:35 - [TEST_STEP][PASSED] - symbols = symbols: null

2019-08-10 23:58:35 - [TEST_STEP][PASSED] - for ([j = 0, j &lt; symbols.size(), (j++)]): null

2019-08-10 23:58:35 - [TEST_STEP][PASSED] - symbol = symbol: null

2019-08-10 23:58:35 - [TEST_STEP][PASSED] - println(symbol): null

2019-08-10 23:58:35 - [TEST_STEP][PASSED] - if (i == 2 &amp;&amp; wildList.indexOf(symbol) != -1): null

2019-08-10 23:58:35 - [TEST_STEP][PASSED] - if (i == 3 &amp;&amp; wildList.indexOf(symbol) != -1): null

2019-08-10 23:58:35 - [TEST_STEP][PASSED] - if (i == 4 &amp;&amp; wildList.indexOf(symbol) != -1): null

2019-08-10 23:58:35 - [TEST_STEP][PASSED] - symbol = symbol: null

2019-08-10 23:58:35 - [TEST_STEP][PASSED] - println(symbol): null

2019-08-10 23:58:35 - [TEST_STEP][PASSED] - if (i == 2 &amp;&amp; wildList.indexOf(symbol) != -1): null

2019-08-10 23:58:35 - [TEST_STEP][PASSED] - if (i == 3 &amp;&amp; wildList.indexOf(symbol) != -1): null

2019-08-10 23:58:35 - [TEST_STEP][PASSED] - if (i == 4 &amp;&amp; wildList.indexOf(symbol) != -1): null

2019-08-10 23:58:35 - [TEST_STEP][PASSED] - symbol = symbol: null

2019-08-10 23:58:35 - [TEST_STEP][PASSED] - println(symbol): null

2019-08-10 23:58:35 - [TEST_STEP][PASSED] - if (i == 2 &amp;&amp; wildList.indexOf(symbol) != -1): null

2019-08-10 23:58:35 - [TEST_STEP][PASSED] - if (i == 3 &amp;&amp; wildList.indexOf(symbol) != -1): null

2019-08-10 23:58:35 - [TEST_STEP][PASSED] - if (i == 4 &amp;&amp; wildList.indexOf(symbol) != -1): null

2019-08-10 23:58:35 - [TEST_STEP][PASSED] - symbols = symbols: null

2019-08-10 23:58:35 - [TEST_STEP][PASSED] - for ([j = 0, j &lt; symbols.size(), (j++)]): null

2019-08-10 23:58:35 - [TEST_STEP][PASSED] - symbol = symbol: null

2019-08-10 23:58:35 - [TEST_STEP][PASSED] - println(symbol): null

2019-08-10 23:58:35 - [TEST_STEP][PASSED] - if (i == 2 &amp;&amp; wildList.indexOf(symbol) != -1): null

2019-08-10 23:58:35 - [TEST_STEP][PASSED] - if (i == 3 &amp;&amp; wildList.indexOf(symbol) != -1): null

2019-08-10 23:58:35 - [TEST_STEP][PASSED] - if (i == 4 &amp;&amp; wildList.indexOf(symbol) != -1): null

2019-08-10 23:58:35 - [TEST_STEP][PASSED] - symbol = symbol: null

2019-08-10 23:58:35 - [TEST_STEP][PASSED] - println(symbol): null

2019-08-10 23:58:35 - [TEST_STEP][PASSED] - if (i == 2 &amp;&amp; wildList.indexOf(symbol) != -1): null

2019-08-10 23:58:35 - [TEST_STEP][PASSED] - if (i == 3 &amp;&amp; wildList.indexOf(symbol) != -1): null

2019-08-10 23:58:35 - [TEST_STEP][PASSED] - if (i == 4 &amp;&amp; wildList.indexOf(symbol) != -1): null

2019-08-10 23:58:35 - [TEST_STEP][PASSED] - symbol = symbol: null

2019-08-10 23:58:35 - [TEST_STEP][PASSED] - println(symbol): null

2019-08-10 23:58:35 - [TEST_STEP][PASSED] - if (i == 2 &amp;&amp; wildList.indexOf(symbol) != -1): null

2019-08-10 23:58:35 - [TEST_STEP][PASSED] - if (i == 3 &amp;&amp; wildList.indexOf(symbol) != -1): null

2019-08-10 23:58:35 - [TEST_STEP][PASSED] - if (i == 4 &amp;&amp; wildList.indexOf(symbol) != -1): null

2019-08-10 23:58:35 - [TEST_STEP][PASSED] - symbols = symbols: null

2019-08-10 23:58:35 - [TEST_STEP][PASSED] - for ([j = 0, j &lt; symbols.size(), (j++)]): null

2019-08-10 23:58:35 - [TEST_STEP][PASSED] - symbol = symbol: null

2019-08-10 23:58:35 - [TEST_STEP][PASSED] - println(symbol): null

2019-08-10 23:58:35 - [TEST_STEP][PASSED] - if (i == 2 &amp;&amp; wildList.indexOf(symbol) != -1): null

2019-08-10 23:58:35 - [TEST_STEP][PASSED] - if (i == 3 &amp;&amp; wildList.indexOf(symbol) != -1): null

2019-08-10 23:58:35 - [TEST_STEP][PASSED] - if (i == 4 &amp;&amp; wildList.indexOf(symbol) != -1): null

2019-08-10 23:58:35 - [TEST_STEP][PASSED] - symbol = symbol: null

2019-08-10 23:58:35 - [TEST_STEP][PASSED] - println(symbol): null

2019-08-10 23:58:35 - [TEST_STEP][PASSED] - if (i == 2 &amp;&amp; wildList.indexOf(symbol) != -1): null

2019-08-10 23:58:35 - [TEST_STEP][PASSED] - if (i == 3 &amp;&amp; wildList.indexOf(symbol) != -1): null

2019-08-10 23:58:35 - [TEST_STEP][PASSED] - if (i == 4 &amp;&amp; wildList.indexOf(symbol) != -1): null

2019-08-10 23:58:35 - [TEST_STEP][PASSED] - symbol = symbol: null

2019-08-10 23:58:35 - [TEST_STEP][PASSED] - println(symbol): null

2019-08-10 23:58:35 - [TEST_STEP][PASSED] - if (i == 2 &amp;&amp; wildList.indexOf(symbol) != -1): null

2019-08-10 23:58:35 - [TEST_STEP][PASSED] - if (i == 3 &amp;&amp; wildList.indexOf(symbol) != -1): null

2019-08-10 23:58:35 - [TEST_STEP][PASSED] - if (i == 4 &amp;&amp; wildList.indexOf(symbol) != -1): null

2019-08-10 23:58:35 - [TEST_STEP][PASSED] - free_spin_reel_counter = free_spin_reel_counter: null

2019-08-10 23:58:35 - [TEST_STEP][PASSED] - println("reel 3 wild found: " + free_spin_reel_counter[0]): null

2019-08-10 23:58:35 - [TEST_STEP][PASSED] - println("reel 4 wild found: " + free_spin_reel_counter[1]): null

2019-08-10 23:58:35 - [TEST_STEP][PASSED] - println("reel 5 wild found: " + free_spin_reel_counter[2]): null

2019-08-10 23:58:35 - [TEST_STEP][PASSED] - M4_spin_reels = M4_spin_reels: null

2019-08-10 23:58:35 - [TEST_STEP][PASSED] - M4_spin_reels_symbols = symbol: null

2019-08-10 23:58:35 - [TEST_STEP][PASSED] - M4_spin_reels_symbols = M4_spin_reels_symbols: null

2019-08-10 23:58:35 - [TEST_STEP][PASSED] - M4_spin_reel_wins = reel_wins: null

2019-08-10 23:58:35 - [TEST_STEP][PASSED] - M4_spin_reel_wins = M4_spin_reel_wins: null

2019-08-10 23:58:35 - [TEST_STEP][PASSED] - println("GlobalVariable.M4_spin_reel_wins is: " + M4_spin_reel_wins): null

2019-08-10 23:58:35 - [TEST_STEP][PASSED] - M4_spin_total_bonus_win_this_round = total_bonus_win_this_round: null

2019-08-10 23:58:35 - [TEST_STEP][PASSED] - M4_spin_total_bonus_win_this_round = M4_spin_total_bonus_win_this_round: null

2019-08-10 23:58:35 - [TEST_STEP][PASSED] - println("GlobalVariable.M4_spin_total_bonus_win_this_round is: " + M4_spin_total_bonus_win_this_round): null

2019-08-10 23:58:35 - [MESSAGE][PASSED] - Verify response successfully

2019-08-10 23:58:35 - [MESSAGE][PASSED] - Send request and verify the response successfully

2019-08-10 23:58:35 - [TEST_STEP][PASSED] - if (M4_total_bonus_spins_int != 0 &amp;&amp; M4_spin_reels_symbols[2].contains("WILD_Double") || M4_spin_reels_symbols[4].contains("WILD_Triple")): null

2019-08-10 23:58:35 - [TEST_STEP][PASSED] - free_spin_reel_counter = free_spin_reel_counter: null

2019-08-10 23:58:35 - [TEST_STEP][PASSED] - M4_spin_reels_symbols = M4_spin_reels_symbols: null

2019-08-10 23:58:35 - [TEST_STEP][PASSED] - M4_total_bonus_spins = M4_total_bonus_spins: null

2019-08-10 23:58:35 - [TEST_STEP][PASSED] - spin_result = sendRequestAndVerify(findTestObject("RGS(M4)/1_M4_spin", ["M4_login_user_id":M4_login_user_id, "rgs_session_token":rgs_session_token, "partner":Partner])): Send request and verify the response successfully

2019-08-10 23:58:36 - [TEST_CASE][PASSED] - Start Test Case : Verification: Verification accomplished successfully

2019-08-10 23:58:36 - [TEST_STEP][PASSED] - request = getInstance().getCurrentRequest(): null

2019-08-10 23:58:36 - [TEST_STEP][PASSED] - response = getInstance().getCurrentResponse(): null

2019-08-10 23:58:36 - [TEST_STEP][PASSED] - verifyResponseStatusCode(response, 200): Verify response status code successfully

2019-08-10 23:58:36 - [MESSAGE][PASSED] - Verify response status code successfully

2019-08-10 23:58:36 - [TEST_STEP][PASSED] - getStatusCode()).isEqualTo(200): null

2019-08-10 23:58:36 - [TEST_STEP][PASSED] - newline = System.getProperty("line.separator"): null

2019-08-10 23:58:36 - [TEST_STEP][PASSED] - M4_spin = new groovy.json.JsonSlurper(): null

2019-08-10 23:58:36 - [TEST_STEP][PASSED] - result_M4_spin = M4_spin.parseText(response.getResponseBodyContent()): null

2019-08-10 23:58:36 - [TEST_STEP][PASSED] - M4_spin_current_balance = current_balance: null

2019-08-10 23:58:36 - [TEST_STEP][PASSED] - M4_spin_current_balance = M4_spin_current_balance: null

2019-08-10 23:58:36 - [TEST_STEP][PASSED] - M4_spin_transaction_id = causality: null

2019-08-10 23:58:36 - [TEST_STEP][PASSED] - M4_spin_transaction_id = M4_spin_transaction_id: null

2019-08-10 23:58:36 - [TEST_STEP][PASSED] - M4_spin_round_id = round_id: null

2019-08-10 23:58:36 - [TEST_STEP][PASSED] - M4_spin_round_id = M4_spin_round_id: null

2019-08-10 23:58:36 - [TEST_STEP][PASSED] - M4_spin_line_wins = line_wins: null

2019-08-10 23:58:36 - [TEST_STEP][PASSED] - M4_spin_line_wins = M4_spin_line_wins: null

2019-08-10 23:58:36 - [TEST_STEP][PASSED] - M4_total_bonus_spins_int = total_bonus_spins: null

2019-08-10 23:58:36 - [TEST_STEP][PASSED] - println("******M4_total_bonus_spins type is:*******" + newline + getClass().getName()): null

2019-08-10 23:58:36 - [TEST_STEP][PASSED] - M4_total_bonus_spins_int = M4_total_bonus_spins_int: null

2019-08-10 23:58:36 - [TEST_STEP][PASSED] - M4_total_bonus_spins = Integer.toString(M4_total_bonus_spins_int): null

2019-08-10 23:58:36 - [TEST_STEP][PASSED] - M4_total_bonus_spins = M4_total_bonus_spins: null

2019-08-10 23:58:36 - [TEST_STEP][PASSED] - println("M4_total_bonus_spins is:" + M4_total_bonus_spins): null

2019-08-10 23:58:36 - [TEST_STEP][PASSED] - M4_spin_bonus_data = bonus_data: null

2019-08-10 23:58:36 - [TEST_STEP][PASSED] - M4_spin_features_triggered = result_M4_spin: null

2019-08-10 23:58:36 - [TEST_STEP][PASSED] - wild = []: null

2019-08-10 23:58:36 - [TEST_STEP][PASSED] - wild[0] = "WILD_Expanding": null

2019-08-10 23:58:36 - [TEST_STEP][PASSED] - wild[1] = "WILD_Normal": null

2019-08-10 23:58:36 - [TEST_STEP][PASSED] - wild[2] = "WILD_Double": null

2019-08-10 23:58:36 - [TEST_STEP][PASSED] - wild[3] = "WILD_ExtraFG": null

2019-08-10 23:58:36 - [TEST_STEP][PASSED] - wild[4] = "WILD_Triple": null

2019-08-10 23:58:36 - [TEST_STEP][PASSED] - wildList = Arrays.asList(wild): null

2019-08-10 23:58:36 - [TEST_STEP][PASSED] - wildList = wildList: null

2019-08-10 23:58:36 - [TEST_STEP][PASSED] - free_spin_reel_counter = []: null

2019-08-10 23:58:36 - [TEST_STEP][PASSED] - free_spin_reel_counter[0] = 0: null

2019-08-10 23:58:36 - [TEST_STEP][PASSED] - free_spin_reel_counter[1] = 0: null

2019-08-10 23:58:36 - [TEST_STEP][PASSED] - free_spin_reel_counter[2] = 0: null

2019-08-10 23:58:36 - [TEST_STEP][PASSED] - M4_spin_reels = reels: null

2019-08-10 23:58:36 - [TEST_STEP][PASSED] - for ([i = 0, i &lt; M4_spin_reels.size(), (i++)]): null

2019-08-10 23:58:36 - [TEST_STEP][PASSED] - symbols = symbols: null

2019-08-10 23:58:36 - [TEST_STEP][PASSED] - for ([j = 0, j &lt; symbols.size(), (j++)]): null

2019-08-10 23:58:36 - [TEST_STEP][PASSED] - symbol = symbol: null

2019-08-10 23:58:36 - [TEST_STEP][PASSED] - println(symbol): null

2019-08-10 23:58:36 - [TEST_STEP][PASSED] - if (i == 2 &amp;&amp; wildList.indexOf(symbol) != -1): null

2019-08-10 23:58:36 - [TEST_STEP][PASSED] - if (i == 3 &amp;&amp; wildList.indexOf(symbol) != -1): null

2019-08-10 23:58:36 - [TEST_STEP][PASSED] - if (i == 4 &amp;&amp; wildList.indexOf(symbol) != -1): null

2019-08-10 23:58:36 - [TEST_STEP][PASSED] - symbol = symbol: null

2019-08-10 23:58:36 - [TEST_STEP][PASSED] - println(symbol): null

2019-08-10 23:58:36 - [TEST_STEP][PASSED] - if (i == 2 &amp;&amp; wildList.indexOf(symbol) != -1): null

2019-08-10 23:58:36 - [TEST_STEP][PASSED] - if (i == 3 &amp;&amp; wildList.indexOf(symbol) != -1): null

2019-08-10 23:58:36 - [TEST_STEP][PASSED] - if (i == 4 &amp;&amp; wildList.indexOf(symbol) != -1): null

2019-08-10 23:58:36 - [TEST_STEP][PASSED] - symbol = symbol: null

2019-08-10 23:58:36 - [TEST_STEP][PASSED] - println(symbol): null

2019-08-10 23:58:36 - [TEST_STEP][PASSED] - if (i == 2 &amp;&amp; wildList.indexOf(symbol) != -1): null

2019-08-10 23:58:36 - [TEST_STEP][PASSED] - if (i == 3 &amp;&amp; wildList.indexOf(symbol) != -1): null

2019-08-10 23:58:36 - [TEST_STEP][PASSED] - if (i == 4 &amp;&amp; wildList.indexOf(symbol) != -1): null

2019-08-10 23:58:36 - [TEST_STEP][PASSED] - symbols = symbols: null

2019-08-10 23:58:36 - [TEST_STEP][PASSED] - for ([j = 0, j &lt; symbols.size(), (j++)]): null

2019-08-10 23:58:36 - [TEST_STEP][PASSED] - symbol = symbol: null

2019-08-10 23:58:36 - [TEST_STEP][PASSED] - println(symbol): null

2019-08-10 23:58:36 - [TEST_STEP][PASSED] - if (i == 2 &amp;&amp; wildList.indexOf(symbol) != -1): null

2019-08-10 23:58:36 - [TEST_STEP][PASSED] - if (i == 3 &amp;&amp; wildList.indexOf(symbol) != -1): null

2019-08-10 23:58:36 - [TEST_STEP][PASSED] - if (i == 4 &amp;&amp; wildList.indexOf(symbol) != -1): null

2019-08-10 23:58:36 - [TEST_STEP][PASSED] - symbol = symbol: null

2019-08-10 23:58:36 - [TEST_STEP][PASSED] - println(symbol): null

2019-08-10 23:58:36 - [TEST_STEP][PASSED] - if (i == 2 &amp;&amp; wildList.indexOf(symbol) != -1): null

2019-08-10 23:58:36 - [TEST_STEP][PASSED] - if (i == 3 &amp;&amp; wildList.indexOf(symbol) != -1): null

2019-08-10 23:58:36 - [TEST_STEP][PASSED] - if (i == 4 &amp;&amp; wildList.indexOf(symbol) != -1): null

2019-08-10 23:58:36 - [TEST_STEP][PASSED] - symbol = symbol: null

2019-08-10 23:58:36 - [TEST_STEP][PASSED] - println(symbol): null

2019-08-10 23:58:36 - [TEST_STEP][PASSED] - if (i == 2 &amp;&amp; wildList.indexOf(symbol) != -1): null

2019-08-10 23:58:36 - [TEST_STEP][PASSED] - if (i == 3 &amp;&amp; wildList.indexOf(symbol) != -1): null

2019-08-10 23:58:36 - [TEST_STEP][PASSED] - if (i == 4 &amp;&amp; wildList.indexOf(symbol) != -1): null

2019-08-10 23:58:36 - [TEST_STEP][PASSED] - symbols = symbols: null

2019-08-10 23:58:36 - [TEST_STEP][PASSED] - for ([j = 0, j &lt; symbols.size(), (j++)]): null

2019-08-10 23:58:36 - [TEST_STEP][PASSED] - symbol = symbol: null

2019-08-10 23:58:36 - [TEST_STEP][PASSED] - println(symbol): null

2019-08-10 23:58:36 - [TEST_STEP][PASSED] - if (i == 2 &amp;&amp; wildList.indexOf(symbol) != -1): null

2019-08-10 23:58:36 - [TEST_STEP][PASSED] - if (i == 3 &amp;&amp; wildList.indexOf(symbol) != -1): null

2019-08-10 23:58:36 - [TEST_STEP][PASSED] - if (i == 4 &amp;&amp; wildList.indexOf(symbol) != -1): null

2019-08-10 23:58:36 - [TEST_STEP][PASSED] - symbol = symbol: null

2019-08-10 23:58:36 - [TEST_STEP][PASSED] - println(symbol): null

2019-08-10 23:58:36 - [TEST_STEP][PASSED] - if (i == 2 &amp;&amp; wildList.indexOf(symbol) != -1): null

2019-08-10 23:58:36 - [TEST_STEP][PASSED] - if (i == 3 &amp;&amp; wildList.indexOf(symbol) != -1): null

2019-08-10 23:58:36 - [TEST_STEP][PASSED] - if (i == 4 &amp;&amp; wildList.indexOf(symbol) != -1): null

2019-08-10 23:58:36 - [TEST_STEP][PASSED] - symbol = symbol: null

2019-08-10 23:58:36 - [TEST_STEP][PASSED] - println(symbol): null

2019-08-10 23:58:36 - [TEST_STEP][PASSED] - if (i == 2 &amp;&amp; wildList.indexOf(symbol) != -1): null

2019-08-10 23:58:36 - [TEST_STEP][PASSED] - if (i == 3 &amp;&amp; wildList.indexOf(symbol) != -1): null

2019-08-10 23:58:36 - [TEST_STEP][PASSED] - if (i == 4 &amp;&amp; wildList.indexOf(symbol) != -1): null

2019-08-10 23:58:36 - [TEST_STEP][PASSED] - symbols = symbols: null

2019-08-10 23:58:36 - [TEST_STEP][PASSED] - for ([j = 0, j &lt; symbols.size(), (j++)]): null

2019-08-10 23:58:36 - [TEST_STEP][PASSED] - symbol = symbol: null

2019-08-10 23:58:36 - [TEST_STEP][PASSED] - println(symbol): null

2019-08-10 23:58:36 - [TEST_STEP][PASSED] - if (i == 2 &amp;&amp; wildList.indexOf(symbol) != -1): null

2019-08-10 23:58:36 - [TEST_STEP][PASSED] - if (i == 3 &amp;&amp; wildList.indexOf(symbol) != -1): null

2019-08-10 23:58:36 - [TEST_STEP][PASSED] - if (i == 4 &amp;&amp; wildList.indexOf(symbol) != -1): null

2019-08-10 23:58:36 - [TEST_STEP][PASSED] - symbol = symbol: null

2019-08-10 23:58:36 - [TEST_STEP][PASSED] - println(symbol): null

2019-08-10 23:58:36 - [TEST_STEP][PASSED] - if (i == 2 &amp;&amp; wildList.indexOf(symbol) != -1): null

2019-08-10 23:58:36 - [TEST_STEP][PASSED] - if (i == 3 &amp;&amp; wildList.indexOf(symbol) != -1): null

2019-08-10 23:58:36 - [TEST_STEP][PASSED] - if (i == 4 &amp;&amp; wildList.indexOf(symbol) != -1): null

2019-08-10 23:58:36 - [TEST_STEP][PASSED] - symbol = symbol: null

2019-08-10 23:58:36 - [TEST_STEP][PASSED] - println(symbol): null

2019-08-10 23:58:36 - [TEST_STEP][PASSED] - if (i == 2 &amp;&amp; wildList.indexOf(symbol) != -1): null

2019-08-10 23:58:36 - [TEST_STEP][PASSED] - if (i == 3 &amp;&amp; wildList.indexOf(symbol) != -1): null

2019-08-10 23:58:36 - [TEST_STEP][PASSED] - println("wild found on reel 4, adding counter by 1"): null

2019-08-10 23:58:36 - [TEST_STEP][PASSED] - free_spin_reel_counter[1] = free_spin_reel_counter[1] + 1: null

2019-08-10 23:58:36 - [TEST_STEP][PASSED] - if (i == 4 &amp;&amp; wildList.indexOf(symbol) != -1): null

2019-08-10 23:58:36 - [TEST_STEP][PASSED] - symbols = symbols: null

2019-08-10 23:58:36 - [TEST_STEP][PASSED] - for ([j = 0, j &lt; symbols.size(), (j++)]): null

2019-08-10 23:58:36 - [TEST_STEP][PASSED] - symbol = symbol: null

2019-08-10 23:58:36 - [TEST_STEP][PASSED] - println(symbol): null

2019-08-10 23:58:36 - [TEST_STEP][PASSED] - if (i == 2 &amp;&amp; wildList.indexOf(symbol) != -1): null

2019-08-10 23:58:36 - [TEST_STEP][PASSED] - if (i == 3 &amp;&amp; wildList.indexOf(symbol) != -1): null

2019-08-10 23:58:36 - [TEST_STEP][PASSED] - if (i == 4 &amp;&amp; wildList.indexOf(symbol) != -1): null

2019-08-10 23:58:36 - [TEST_STEP][PASSED] - symbol = symbol: null

2019-08-10 23:58:36 - [TEST_STEP][PASSED] - println(symbol): null

2019-08-10 23:58:36 - [TEST_STEP][PASSED] - if (i == 2 &amp;&amp; wildList.indexOf(symbol) != -1): null

2019-08-10 23:58:36 - [TEST_STEP][PASSED] - if (i == 3 &amp;&amp; wildList.indexOf(symbol) != -1): null

2019-08-10 23:58:36 - [TEST_STEP][PASSED] - if (i == 4 &amp;&amp; wildList.indexOf(symbol) != -1): null

2019-08-10 23:58:36 - [TEST_STEP][PASSED] - symbol = symbol: null

2019-08-10 23:58:36 - [TEST_STEP][PASSED] - println(symbol): null

2019-08-10 23:58:36 - [TEST_STEP][PASSED] - if (i == 2 &amp;&amp; wildList.indexOf(symbol) != -1): null

2019-08-10 23:58:36 - [TEST_STEP][PASSED] - if (i == 3 &amp;&amp; wildList.indexOf(symbol) != -1): null

2019-08-10 23:58:36 - [TEST_STEP][PASSED] - if (i == 4 &amp;&amp; wildList.indexOf(symbol) != -1): null

2019-08-10 23:58:36 - [TEST_STEP][PASSED] - free_spin_reel_counter = free_spin_reel_counter: null

2019-08-10 23:58:36 - [TEST_STEP][PASSED] - println("reel 3 wild found: " + free_spin_reel_counter[0]): null

2019-08-10 23:58:36 - [TEST_STEP][PASSED] - println("reel 4 wild found: " + free_spin_reel_counter[1]): null

2019-08-10 23:58:36 - [TEST_STEP][PASSED] - println("reel 5 wild found: " + free_spin_reel_counter[2]): null

2019-08-10 23:58:36 - [TEST_STEP][PASSED] - M4_spin_reels = M4_spin_reels: null

2019-08-10 23:58:36 - [TEST_STEP][PASSED] - M4_spin_reels_symbols = symbol: null

2019-08-10 23:58:36 - [TEST_STEP][PASSED] - M4_spin_reels_symbols = M4_spin_reels_symbols: null

2019-08-10 23:58:36 - [TEST_STEP][PASSED] - M4_spin_reel_wins = reel_wins: null

2019-08-10 23:58:36 - [TEST_STEP][PASSED] - M4_spin_reel_wins = M4_spin_reel_wins: null

2019-08-10 23:58:36 - [TEST_STEP][PASSED] - println("GlobalVariable.M4_spin_reel_wins is: " + M4_spin_reel_wins): null

2019-08-10 23:58:36 - [TEST_STEP][PASSED] - M4_spin_total_bonus_win_this_round = total_bonus_win_this_round: null

2019-08-10 23:58:36 - [TEST_STEP][PASSED] - M4_spin_total_bonus_win_this_round = M4_spin_total_bonus_win_this_round: null

2019-08-10 23:58:36 - [TEST_STEP][PASSED] - println("GlobalVariable.M4_spin_total_bonus_win_this_round is: " + M4_spin_total_bonus_win_this_round): null

2019-08-10 23:58:36 - [MESSAGE][PASSED] - Verify response successfully

2019-08-10 23:58:36 - [MESSAGE][PASSED] - Send request and verify the response successfully

2019-08-10 23:58:36 - [TEST_STEP][PASSED] - if (M4_total_bonus_spins_int != 0 &amp;&amp; M4_spin_reels_symbols[2].contains("WILD_Double") || M4_spin_reels_symbols[4].contains("WILD_Triple")): null

2019-08-10 23:58:36 - [TEST_STEP][PASSED] - free_spin_reel_counter = free_spin_reel_counter: null

2019-08-10 23:58:36 - [TEST_STEP][PASSED] - M4_spin_reels_symbols = M4_spin_reels_symbols: null

2019-08-10 23:58:36 - [TEST_STEP][PASSED] - M4_total_bonus_spins = M4_total_bonus_spins: null

2019-08-10 23:58:36 - [TEST_STEP][PASSED] - spin_result = sendRequestAndVerify(findTestObject("RGS(M4)/1_M4_spin", ["M4_login_user_id":M4_login_user_id, "rgs_session_token":rgs_session_token, "partner":Partner])): Send request and verify the response successfully

2019-08-10 23:58:36 - [TEST_CASE][PASSED] - Start Test Case : Verification: Verification accomplished successfully

2019-08-10 23:58:36 - [TEST_STEP][PASSED] - request = getInstance().getCurrentRequest(): null

2019-08-10 23:58:36 - [TEST_STEP][PASSED] - response = getInstance().getCurrentResponse(): null

2019-08-10 23:58:36 - [TEST_STEP][PASSED] - verifyResponseStatusCode(response, 200): Verify response status code successfully

2019-08-10 23:58:36 - [MESSAGE][PASSED] - Verify response status code successfully

2019-08-10 23:58:36 - [TEST_STEP][PASSED] - getStatusCode()).isEqualTo(200): null

2019-08-10 23:58:36 - [TEST_STEP][PASSED] - newline = System.getProperty("line.separator"): null

2019-08-10 23:58:36 - [TEST_STEP][PASSED] - M4_spin = new groovy.json.JsonSlurper(): null

2019-08-10 23:58:36 - [TEST_STEP][PASSED] - result_M4_spin = M4_spin.parseText(response.getResponseBodyContent()): null

2019-08-10 23:58:36 - [TEST_STEP][PASSED] - M4_spin_current_balance = current_balance: null

2019-08-10 23:58:36 - [TEST_STEP][PASSED] - M4_spin_current_balance = M4_spin_current_balance: null

2019-08-10 23:58:36 - [TEST_STEP][PASSED] - M4_spin_transaction_id = causality: null

2019-08-10 23:58:36 - [TEST_STEP][PASSED] - M4_spin_transaction_id = M4_spin_transaction_id: null

2019-08-10 23:58:36 - [TEST_STEP][PASSED] - M4_spin_round_id = round_id: null

2019-08-10 23:58:36 - [TEST_STEP][PASSED] - M4_spin_round_id = M4_spin_round_id: null

2019-08-10 23:58:36 - [TEST_STEP][PASSED] - M4_spin_line_wins = line_wins: null

2019-08-10 23:58:36 - [TEST_STEP][PASSED] - M4_spin_line_wins = M4_spin_line_wins: null

2019-08-10 23:58:36 - [TEST_STEP][PASSED] - M4_total_bonus_spins_int = total_bonus_spins: null

2019-08-10 23:58:36 - [TEST_STEP][PASSED] - println("******M4_total_bonus_spins type is:*******" + newline + getClass().getName()): null

2019-08-10 23:58:36 - [TEST_STEP][PASSED] - M4_total_bonus_spins_int = M4_total_bonus_spins_int: null

2019-08-10 23:58:36 - [TEST_STEP][PASSED] - M4_total_bonus_spins = Integer.toString(M4_total_bonus_spins_int): null

2019-08-10 23:58:36 - [TEST_STEP][PASSED] - M4_total_bonus_spins = M4_total_bonus_spins: null

2019-08-10 23:58:36 - [TEST_STEP][PASSED] - println("M4_total_bonus_spins is:" + M4_total_bonus_spins): null

2019-08-10 23:58:36 - [TEST_STEP][PASSED] - M4_spin_bonus_data = bonus_data: null

2019-08-10 23:58:36 - [TEST_STEP][PASSED] - M4_spin_features_triggered = result_M4_spin: null

2019-08-10 23:58:36 - [TEST_STEP][PASSED] - wild = []: null

2019-08-10 23:58:36 - [TEST_STEP][PASSED] - wild[0] = "WILD_Expanding": null

2019-08-10 23:58:36 - [TEST_STEP][PASSED] - wild[1] = "WILD_Normal": null

2019-08-10 23:58:36 - [TEST_STEP][PASSED] - wild[2] = "WILD_Double": null

2019-08-10 23:58:36 - [TEST_STEP][PASSED] - wild[3] = "WILD_ExtraFG": null

2019-08-10 23:58:36 - [TEST_STEP][PASSED] - wild[4] = "WILD_Triple": null

2019-08-10 23:58:36 - [TEST_STEP][PASSED] - wildList = Arrays.asList(wild): null

2019-08-10 23:58:36 - [TEST_STEP][PASSED] - wildList = wildList: null

2019-08-10 23:58:36 - [TEST_STEP][PASSED] - free_spin_reel_counter = []: null

2019-08-10 23:58:36 - [TEST_STEP][PASSED] - free_spin_reel_counter[0] = 0: null

2019-08-10 23:58:36 - [TEST_STEP][PASSED] - free_spin_reel_counter[1] = 0: null

2019-08-10 23:58:36 - [TEST_STEP][PASSED] - free_spin_reel_counter[2] = 0: null

2019-08-10 23:58:36 - [TEST_STEP][PASSED] - M4_spin_reels = reels: null

2019-08-10 23:58:36 - [TEST_STEP][PASSED] - for ([i = 0, i &lt; M4_spin_reels.size(), (i++)]): null

2019-08-10 23:58:36 - [TEST_STEP][PASSED] - symbols = symbols: null

2019-08-10 23:58:36 - [TEST_STEP][PASSED] - for ([j = 0, j &lt; symbols.size(), (j++)]): null

2019-08-10 23:58:36 - [TEST_STEP][PASSED] - symbol = symbol: null

2019-08-10 23:58:36 - [TEST_STEP][PASSED] - println(symbol): null

2019-08-10 23:58:36 - [TEST_STEP][PASSED] - if (i == 2 &amp;&amp; wildList.indexOf(symbol) != -1): null

2019-08-10 23:58:36 - [TEST_STEP][PASSED] - if (i == 3 &amp;&amp; wildList.indexOf(symbol) != -1): null

2019-08-10 23:58:36 - [TEST_STEP][PASSED] - if (i == 4 &amp;&amp; wildList.indexOf(symbol) != -1): null

2019-08-10 23:58:36 - [TEST_STEP][PASSED] - symbol = symbol: null

2019-08-10 23:58:36 - [TEST_STEP][PASSED] - println(symbol): null

2019-08-10 23:58:36 - [TEST_STEP][PASSED] - if (i == 2 &amp;&amp; wildList.indexOf(symbol) != -1): null

2019-08-10 23:58:36 - [TEST_STEP][PASSED] - if (i == 3 &amp;&amp; wildList.indexOf(symbol) != -1): null

2019-08-10 23:58:36 - [TEST_STEP][PASSED] - if (i == 4 &amp;&amp; wildList.indexOf(symbol) != -1): null

2019-08-10 23:58:36 - [TEST_STEP][PASSED] - symbol = symbol: null

2019-08-10 23:58:36 - [TEST_STEP][PASSED] - println(symbol): null

2019-08-10 23:58:36 - [TEST_STEP][PASSED] - if (i == 2 &amp;&amp; wildList.indexOf(symbol) != -1): null

2019-08-10 23:58:36 - [TEST_STEP][PASSED] - if (i == 3 &amp;&amp; wildList.indexOf(symbol) != -1): null

2019-08-10 23:58:36 - [TEST_STEP][PASSED] - if (i == 4 &amp;&amp; wildList.indexOf(symbol) != -1): null

2019-08-10 23:58:36 - [TEST_STEP][PASSED] - symbols = symbols: null

2019-08-10 23:58:36 - [TEST_STEP][PASSED] - for ([j = 0, j &lt; symbols.size(), (j++)]): null

2019-08-10 23:58:36 - [TEST_STEP][PASSED] - symbol = symbol: null

2019-08-10 23:58:36 - [TEST_STEP][PASSED] - println(symbol): null

2019-08-10 23:58:36 - [TEST_STEP][PASSED] - if (i == 2 &amp;&amp; wildList.indexOf(symbol) != -1): null

2019-08-10 23:58:36 - [TEST_STEP][PASSED] - if (i == 3 &amp;&amp; wildList.indexOf(symbol) != -1): null

2019-08-10 23:58:36 - [TEST_STEP][PASSED] - if (i == 4 &amp;&amp; wildList.indexOf(symbol) != -1): null

2019-08-10 23:58:36 - [TEST_STEP][PASSED] - symbol = symbol: null

2019-08-10 23:58:36 - [TEST_STEP][PASSED] - println(symbol): null

2019-08-10 23:58:36 - [TEST_STEP][PASSED] - if (i == 2 &amp;&amp; wildList.indexOf(symbol) != -1): null

2019-08-10 23:58:36 - [TEST_STEP][PASSED] - if (i == 3 &amp;&amp; wildList.indexOf(symbol) != -1): null

2019-08-10 23:58:36 - [TEST_STEP][PASSED] - if (i == 4 &amp;&amp; wildList.indexOf(symbol) != -1): null

2019-08-10 23:58:36 - [TEST_STEP][PASSED] - symbol = symbol: null

2019-08-10 23:58:36 - [TEST_STEP][PASSED] - println(symbol): null

2019-08-10 23:58:36 - [TEST_STEP][PASSED] - if (i == 2 &amp;&amp; wildList.indexOf(symbol) != -1): null

2019-08-10 23:58:36 - [TEST_STEP][PASSED] - if (i == 3 &amp;&amp; wildList.indexOf(symbol) != -1): null

2019-08-10 23:58:36 - [TEST_STEP][PASSED] - if (i == 4 &amp;&amp; wildList.indexOf(symbol) != -1): null

2019-08-10 23:58:40 - [TEST_STEP][PASSED] - symbols = symbols: null

2019-08-10 23:58:40 - [TEST_STEP][PASSED] - for ([j = 0, j &lt; symbols.size(), (j++)]): null

2019-08-10 23:58:40 - [TEST_STEP][PASSED] - symbol = symbol: null

2019-08-10 23:58:40 - [TEST_STEP][PASSED] - println(symbol): null

2019-08-10 23:58:40 - [TEST_STEP][PASSED] - if (i == 2 &amp;&amp; wildList.indexOf(symbol) != -1): null

2019-08-10 23:58:40 - [TEST_STEP][PASSED] - if (i == 3 &amp;&amp; wildList.indexOf(symbol) != -1): null

2019-08-10 23:58:40 - [TEST_STEP][PASSED] - if (i == 4 &amp;&amp; wildList.indexOf(symbol) != -1): null

2019-08-10 23:58:40 - [TEST_STEP][PASSED] - symbol = symbol: null

2019-08-10 23:58:40 - [TEST_STEP][PASSED] - println(symbol): null

2019-08-10 23:58:40 - [TEST_STEP][PASSED] - if (i == 2 &amp;&amp; wildList.indexOf(symbol) != -1): null

2019-08-10 23:58:40 - [TEST_STEP][PASSED] - if (i == 3 &amp;&amp; wildList.indexOf(symbol) != -1): null

2019-08-10 23:58:41 - [TEST_STEP][PASSED] - if (i == 4 &amp;&amp; wildList.indexOf(symbol) != -1): null

2019-08-10 23:58:41 - [TEST_STEP][PASSED] - symbol = symbol: null

2019-08-10 23:58:41 - [TEST_STEP][PASSED] - println(symbol): null

2019-08-10 23:58:41 - [TEST_STEP][PASSED] - if (i == 2 &amp;&amp; wildList.indexOf(symbol) != -1): null

2019-08-10 23:58:41 - [TEST_STEP][PASSED] - if (i == 3 &amp;&amp; wildList.indexOf(symbol) != -1): null

2019-08-10 23:58:41 - [TEST_STEP][PASSED] - if (i == 4 &amp;&amp; wildList.indexOf(symbol) != -1): null

2019-08-10 23:58:41 - [TEST_STEP][PASSED] - symbols = symbols: null

2019-08-10 23:58:41 - [TEST_STEP][PASSED] - for ([j = 0, j &lt; symbols.size(), (j++)]): null

2019-08-10 23:58:41 - [TEST_STEP][PASSED] - symbol = symbol: null

2019-08-10 23:58:41 - [TEST_STEP][PASSED] - println(symbol): null

2019-08-10 23:58:41 - [TEST_STEP][PASSED] - if (i == 2 &amp;&amp; wildList.indexOf(symbol) != -1): null

2019-08-10 23:58:41 - [TEST_STEP][PASSED] - if (i == 3 &amp;&amp; wildList.indexOf(symbol) != -1): null

2019-08-10 23:58:41 - [TEST_STEP][PASSED] - if (i == 4 &amp;&amp; wildList.indexOf(symbol) != -1): null

2019-08-10 23:58:41 - [TEST_STEP][PASSED] - symbol = symbol: null

2019-08-10 23:58:41 - [TEST_STEP][PASSED] - println(symbol): null

2019-08-10 23:58:41 - [TEST_STEP][PASSED] - if (i == 2 &amp;&amp; wildList.indexOf(symbol) != -1): null

2019-08-10 23:58:41 - [TEST_STEP][PASSED] - if (i == 3 &amp;&amp; wildList.indexOf(symbol) != -1): null

2019-08-10 23:58:41 - [TEST_STEP][PASSED] - if (i == 4 &amp;&amp; wildList.indexOf(symbol) != -1): null

2019-08-10 23:58:41 - [TEST_STEP][PASSED] - symbol = symbol: null

2019-08-10 23:58:41 - [TEST_STEP][PASSED] - println(symbol): null

2019-08-10 23:58:41 - [TEST_STEP][PASSED] - if (i == 2 &amp;&amp; wildList.indexOf(symbol) != -1): null

2019-08-10 23:58:41 - [TEST_STEP][PASSED] - if (i == 3 &amp;&amp; wildList.indexOf(symbol) != -1): null

2019-08-10 23:58:41 - [TEST_STEP][PASSED] - if (i == 4 &amp;&amp; wildList.indexOf(symbol) != -1): null

2019-08-10 23:58:41 - [TEST_STEP][PASSED] - symbols = symbols: null

2019-08-10 23:58:41 - [TEST_STEP][PASSED] - for ([j = 0, j &lt; symbols.size(), (j++)]): null

2019-08-10 23:58:41 - [TEST_STEP][PASSED] - symbol = symbol: null

2019-08-10 23:58:41 - [TEST_STEP][PASSED] - println(symbol): null

2019-08-10 23:58:41 - [TEST_STEP][PASSED] - if (i == 2 &amp;&amp; wildList.indexOf(symbol) != -1): null

2019-08-10 23:58:41 - [TEST_STEP][PASSED] - if (i == 3 &amp;&amp; wildList.indexOf(symbol) != -1): null

2019-08-10 23:58:41 - [TEST_STEP][PASSED] - if (i == 4 &amp;&amp; wildList.indexOf(symbol) != -1): null

2019-08-10 23:58:41 - [TEST_STEP][PASSED] - symbol = symbol: null

2019-08-10 23:58:41 - [TEST_STEP][PASSED] - println(symbol): null

2019-08-10 23:58:41 - [TEST_STEP][PASSED] - if (i == 2 &amp;&amp; wildList.indexOf(symbol) != -1): null

2019-08-10 23:58:41 - [TEST_STEP][PASSED] - if (i == 3 &amp;&amp; wildList.indexOf(symbol) != -1): null

2019-08-10 23:58:41 - [TEST_STEP][PASSED] - if (i == 4 &amp;&amp; wildList.indexOf(symbol) != -1): null

2019-08-10 23:58:41 - [TEST_STEP][PASSED] - symbol = symbol: null

2019-08-10 23:58:41 - [TEST_STEP][PASSED] - println(symbol): null

2019-08-10 23:58:41 - [TEST_STEP][PASSED] - if (i == 2 &amp;&amp; wildList.indexOf(symbol) != -1): null

2019-08-10 23:58:41 - [TEST_STEP][PASSED] - if (i == 3 &amp;&amp; wildList.indexOf(symbol) != -1): null

2019-08-10 23:58:41 - [TEST_STEP][PASSED] - if (i == 4 &amp;&amp; wildList.indexOf(symbol) != -1): null

2019-08-10 23:58:41 - [TEST_STEP][PASSED] - free_spin_reel_counter = free_spin_reel_counter: null

2019-08-10 23:58:41 - [TEST_STEP][PASSED] - println("reel 3 wild found: " + free_spin_reel_counter[0]): null

2019-08-10 23:58:41 - [TEST_STEP][PASSED] - println("reel 4 wild found: " + free_spin_reel_counter[1]): null

2019-08-10 23:58:41 - [TEST_STEP][PASSED] - println("reel 5 wild found: " + free_spin_reel_counter[2]): null

2019-08-10 23:58:41 - [TEST_STEP][PASSED] - M4_spin_reels = M4_spin_reels: null

2019-08-10 23:58:41 - [TEST_STEP][PASSED] - M4_spin_reels_symbols = symbol: null

2019-08-10 23:58:41 - [TEST_STEP][PASSED] - M4_spin_reels_symbols = M4_spin_reels_symbols: null

2019-08-10 23:58:41 - [TEST_STEP][PASSED] - M4_spin_reel_wins = reel_wins: null

2019-08-10 23:58:41 - [TEST_STEP][PASSED] - M4_spin_reel_wins = M4_spin_reel_wins: null

2019-08-10 23:58:41 - [TEST_STEP][PASSED] - println("GlobalVariable.M4_spin_reel_wins is: " + M4_spin_reel_wins): null

2019-08-10 23:58:41 - [TEST_STEP][PASSED] - M4_spin_total_bonus_win_this_round = total_bonus_win_this_round: null

2019-08-10 23:58:41 - [TEST_STEP][PASSED] - M4_spin_total_bonus_win_this_round = M4_spin_total_bonus_win_this_round: null

2019-08-10 23:58:41 - [TEST_STEP][PASSED] - println("GlobalVariable.M4_spin_total_bonus_win_this_round is: " + M4_spin_total_bonus_win_this_round): null

2019-08-10 23:58:41 - [MESSAGE][PASSED] - Verify response successfully

2019-08-10 23:58:41 - [MESSAGE][PASSED] - Send request and verify the response successfully

2019-08-10 23:58:41 - [TEST_STEP][PASSED] - if (M4_total_bonus_spins_int != 0 &amp;&amp; M4_spin_reels_symbols[2].contains("WILD_Double") || M4_spin_reels_symbols[4].contains("WILD_Triple")): null

2019-08-10 23:58:41 - [TEST_STEP][PASSED] - free_spin_reel_counter = free_spin_reel_counter: null

2019-08-10 23:58:41 - [TEST_STEP][PASSED] - M4_spin_reels_symbols = M4_spin_reels_symbols: null

2019-08-10 23:58:41 - [TEST_STEP][PASSED] - M4_total_bonus_spins = M4_total_bonus_spins: null

2019-08-10 23:58:41 - [TEST_STEP][PASSED] - spin_result = sendRequestAndVerify(findTestObject("RGS(M4)/1_M4_spin", ["M4_login_user_id":M4_login_user_id, "rgs_session_token":rgs_session_token, "partner":Partner])): Send request and verify the response successfully

2019-08-10 23:58:42 - [TEST_CASE][PASSED] - Start Test Case : Verification: Verification accomplished successfully

2019-08-10 23:58:42 - [TEST_STEP][PASSED] - request = getInstance().getCurrentRequest(): null

2019-08-10 23:58:42 - [TEST_STEP][PASSED] - response = getInstance().getCurrentResponse(): null

2019-08-10 23:58:42 - [TEST_STEP][PASSED] - verifyResponseStatusCode(response, 200): Verify response status code successfully

2019-08-10 23:58:42 - [MESSAGE][PASSED] - Verify response status code successfully

2019-08-10 23:58:42 - [TEST_STEP][PASSED] - getStatusCode()).isEqualTo(200): null

2019-08-10 23:58:42 - [TEST_STEP][PASSED] - newline = System.getProperty("line.separator"): null

2019-08-10 23:58:42 - [TEST_STEP][PASSED] - M4_spin = new groovy.json.JsonSlurper(): null

2019-08-10 23:58:42 - [TEST_STEP][PASSED] - result_M4_spin = M4_spin.parseText(response.getResponseBodyContent()): null

2019-08-10 23:58:42 - [TEST_STEP][PASSED] - M4_spin_current_balance = current_balance: null

2019-08-10 23:58:42 - [TEST_STEP][PASSED] - M4_spin_current_balance = M4_spin_current_balance: null

2019-08-10 23:58:42 - [TEST_STEP][PASSED] - M4_spin_transaction_id = causality: null

2019-08-10 23:58:42 - [TEST_STEP][PASSED] - M4_spin_transaction_id = M4_spin_transaction_id: null

2019-08-10 23:58:42 - [TEST_STEP][PASSED] - M4_spin_round_id = round_id: null

2019-08-10 23:58:42 - [TEST_STEP][PASSED] - M4_spin_round_id = M4_spin_round_id: null

2019-08-10 23:58:42 - [TEST_STEP][PASSED] - M4_spin_line_wins = line_wins: null

2019-08-10 23:58:42 - [TEST_STEP][PASSED] - M4_spin_line_wins = M4_spin_line_wins: null

2019-08-10 23:58:42 - [TEST_STEP][PASSED] - M4_total_bonus_spins_int = total_bonus_spins: null

2019-08-10 23:58:42 - [TEST_STEP][PASSED] - println("******M4_total_bonus_spins type is:*******" + newline + getClass().getName()): null

2019-08-10 23:58:42 - [TEST_STEP][PASSED] - M4_total_bonus_spins_int = M4_total_bonus_spins_int: null

2019-08-10 23:58:42 - [TEST_STEP][PASSED] - M4_total_bonus_spins = Integer.toString(M4_total_bonus_spins_int): null

2019-08-10 23:58:42 - [TEST_STEP][PASSED] - M4_total_bonus_spins = M4_total_bonus_spins: null

2019-08-10 23:58:42 - [TEST_STEP][PASSED] - println("M4_total_bonus_spins is:" + M4_total_bonus_spins): null

2019-08-10 23:58:42 - [TEST_STEP][PASSED] - M4_spin_bonus_data = bonus_data: null

2019-08-10 23:58:42 - [TEST_STEP][PASSED] - M4_spin_features_triggered = result_M4_spin: null

2019-08-10 23:58:42 - [TEST_STEP][PASSED] - wild = []: null

2019-08-10 23:58:42 - [TEST_STEP][PASSED] - wild[0] = "WILD_Expanding": null

2019-08-10 23:58:42 - [TEST_STEP][PASSED] - wild[1] = "WILD_Normal": null

2019-08-10 23:58:42 - [TEST_STEP][PASSED] - wild[2] = "WILD_Double": null

2019-08-10 23:58:42 - [TEST_STEP][PASSED] - wild[3] = "WILD_ExtraFG": null

2019-08-10 23:58:42 - [TEST_STEP][PASSED] - wild[4] = "WILD_Triple": null

2019-08-10 23:58:42 - [TEST_STEP][PASSED] - wildList = Arrays.asList(wild): null

2019-08-10 23:58:42 - [TEST_STEP][PASSED] - wildList = wildList: null

2019-08-10 23:58:42 - [TEST_STEP][PASSED] - free_spin_reel_counter = []: null

2019-08-10 23:58:42 - [TEST_STEP][PASSED] - free_spin_reel_counter[0] = 0: null

2019-08-10 23:58:42 - [TEST_STEP][PASSED] - free_spin_reel_counter[1] = 0: null

2019-08-10 23:58:42 - [TEST_STEP][PASSED] - free_spin_reel_counter[2] = 0: null

2019-08-10 23:58:42 - [TEST_STEP][PASSED] - M4_spin_reels = reels: null

2019-08-10 23:58:42 - [TEST_STEP][PASSED] - for ([i = 0, i &lt; M4_spin_reels.size(), (i++)]): null

2019-08-10 23:58:42 - [TEST_STEP][PASSED] - symbols = symbols: null

2019-08-10 23:58:42 - [TEST_STEP][PASSED] - for ([j = 0, j &lt; symbols.size(), (j++)]): null

2019-08-10 23:58:42 - [TEST_STEP][PASSED] - symbol = symbol: null

2019-08-10 23:58:42 - [TEST_STEP][PASSED] - println(symbol): null

2019-08-10 23:58:42 - [TEST_STEP][PASSED] - if (i == 2 &amp;&amp; wildList.indexOf(symbol) != -1): null

2019-08-10 23:58:42 - [TEST_STEP][PASSED] - if (i == 3 &amp;&amp; wildList.indexOf(symbol) != -1): null

2019-08-10 23:58:42 - [TEST_STEP][PASSED] - if (i == 4 &amp;&amp; wildList.indexOf(symbol) != -1): null

2019-08-10 23:58:42 - [TEST_STEP][PASSED] - symbol = symbol: null

2019-08-10 23:58:42 - [TEST_STEP][PASSED] - println(symbol): null

2019-08-10 23:58:42 - [TEST_STEP][PASSED] - if (i == 2 &amp;&amp; wildList.indexOf(symbol) != -1): null

2019-08-10 23:58:42 - [TEST_STEP][PASSED] - if (i == 3 &amp;&amp; wildList.indexOf(symbol) != -1): null

2019-08-10 23:58:42 - [TEST_STEP][PASSED] - if (i == 4 &amp;&amp; wildList.indexOf(symbol) != -1): null

2019-08-10 23:58:42 - [TEST_STEP][PASSED] - symbol = symbol: null

2019-08-10 23:58:42 - [TEST_STEP][PASSED] - println(symbol): null

2019-08-10 23:58:42 - [TEST_STEP][PASSED] - if (i == 2 &amp;&amp; wildList.indexOf(symbol) != -1): null

2019-08-10 23:58:42 - [TEST_STEP][PASSED] - if (i == 3 &amp;&amp; wildList.indexOf(symbol) != -1): null

2019-08-10 23:58:42 - [TEST_STEP][PASSED] - if (i == 4 &amp;&amp; wildList.indexOf(symbol) != -1): null

2019-08-10 23:58:42 - [TEST_STEP][PASSED] - symbols = symbols: null

2019-08-10 23:58:42 - [TEST_STEP][PASSED] - for ([j = 0, j &lt; symbols.size(), (j++)]): null

2019-08-10 23:58:42 - [TEST_STEP][PASSED] - symbol = symbol: null

2019-08-10 23:58:42 - [TEST_STEP][PASSED] - println(symbol): null

2019-08-10 23:58:42 - [TEST_STEP][PASSED] - if (i == 2 &amp;&amp; wildList.indexOf(symbol) != -1): null

2019-08-10 23:58:42 - [TEST_STEP][PASSED] - if (i == 3 &amp;&amp; wildList.indexOf(symbol) != -1): null

2019-08-10 23:58:42 - [TEST_STEP][PASSED] - if (i == 4 &amp;&amp; wildList.indexOf(symbol) != -1): null

2019-08-10 23:58:42 - [TEST_STEP][PASSED] - symbol = symbol: null

2019-08-10 23:58:42 - [TEST_STEP][PASSED] - println(symbol): null

2019-08-10 23:58:42 - [TEST_STEP][PASSED] - if (i == 2 &amp;&amp; wildList.indexOf(symbol) != -1): null

2019-08-10 23:58:42 - [TEST_STEP][PASSED] - if (i == 3 &amp;&amp; wildList.indexOf(symbol) != -1): null

2019-08-10 23:58:42 - [TEST_STEP][PASSED] - if (i == 4 &amp;&amp; wildList.indexOf(symbol) != -1): null

2019-08-10 23:58:42 - [TEST_STEP][PASSED] - symbol = symbol: null

2019-08-10 23:58:42 - [TEST_STEP][PASSED] - println(symbol): null

2019-08-10 23:58:42 - [TEST_STEP][PASSED] - if (i == 2 &amp;&amp; wildList.indexOf(symbol) != -1): null

2019-08-10 23:58:42 - [TEST_STEP][PASSED] - if (i == 3 &amp;&amp; wildList.indexOf(symbol) != -1): null

2019-08-10 23:58:42 - [TEST_STEP][PASSED] - if (i == 4 &amp;&amp; wildList.indexOf(symbol) != -1): null

2019-08-10 23:58:42 - [TEST_STEP][PASSED] - symbols = symbols: null

2019-08-10 23:58:42 - [TEST_STEP][PASSED] - for ([j = 0, j &lt; symbols.size(), (j++)]): null

2019-08-10 23:58:42 - [TEST_STEP][PASSED] - symbol = symbol: null

2019-08-10 23:58:42 - [TEST_STEP][PASSED] - println(symbol): null

2019-08-10 23:58:42 - [TEST_STEP][PASSED] - if (i == 2 &amp;&amp; wildList.indexOf(symbol) != -1): null

2019-08-10 23:58:42 - [TEST_STEP][PASSED] - if (i == 3 &amp;&amp; wildList.indexOf(symbol) != -1): null

2019-08-10 23:58:42 - [TEST_STEP][PASSED] - if (i == 4 &amp;&amp; wildList.indexOf(symbol) != -1): null

2019-08-10 23:58:42 - [TEST_STEP][PASSED] - symbol = symbol: null

2019-08-10 23:58:42 - [TEST_STEP][PASSED] - println(symbol): null

2019-08-10 23:58:42 - [TEST_STEP][PASSED] - if (i == 2 &amp;&amp; wildList.indexOf(symbol) != -1): null

2019-08-10 23:58:42 - [TEST_STEP][PASSED] - println("wild found on reel 3, adding counter by 1"): null

2019-08-10 23:58:42 - [TEST_STEP][PASSED] - free_spin_reel_counter[0] = free_spin_reel_counter[0] + 1: null

2019-08-10 23:58:42 - [TEST_STEP][PASSED] - if (i == 3 &amp;&amp; wildList.indexOf(symbol) != -1): null

2019-08-10 23:58:42 - [TEST_STEP][PASSED] - if (i == 4 &amp;&amp; wildList.indexOf(symbol) != -1): null

2019-08-10 23:58:42 - [TEST_STEP][PASSED] - symbol = symbol: null

2019-08-10 23:58:42 - [TEST_STEP][PASSED] - println(symbol): null

2019-08-10 23:58:42 - [TEST_STEP][PASSED] - if (i == 2 &amp;&amp; wildList.indexOf(symbol) != -1): null

2019-08-10 23:58:42 - [TEST_STEP][PASSED] - if (i == 3 &amp;&amp; wildList.indexOf(symbol) != -1): null

2019-08-10 23:58:42 - [TEST_STEP][PASSED] - if (i == 4 &amp;&amp; wildList.indexOf(symbol) != -1): null

2019-08-10 23:58:42 - [TEST_STEP][PASSED] - symbols = symbols: null

2019-08-10 23:58:42 - [TEST_STEP][PASSED] - for ([j = 0, j &lt; symbols.size(), (j++)]): null

2019-08-10 23:58:42 - [TEST_STEP][PASSED] - symbol = symbol: null

2019-08-10 23:58:42 - [TEST_STEP][PASSED] - println(symbol): null

2019-08-10 23:58:42 - [TEST_STEP][PASSED] - if (i == 2 &amp;&amp; wildList.indexOf(symbol) != -1): null

2019-08-10 23:58:42 - [TEST_STEP][PASSED] - if (i == 3 &amp;&amp; wildList.indexOf(symbol) != -1): null

2019-08-10 23:58:42 - [TEST_STEP][PASSED] - if (i == 4 &amp;&amp; wildList.indexOf(symbol) != -1): null

2019-08-10 23:58:42 - [TEST_STEP][PASSED] - symbol = symbol: null

2019-08-10 23:58:42 - [TEST_STEP][PASSED] - println(symbol): null

2019-08-10 23:58:42 - [TEST_STEP][PASSED] - if (i == 2 &amp;&amp; wildList.indexOf(symbol) != -1): null

2019-08-10 23:58:42 - [TEST_STEP][PASSED] - if (i == 3 &amp;&amp; wildList.indexOf(symbol) != -1): null

2019-08-10 23:58:42 - [TEST_STEP][PASSED] - if (i == 4 &amp;&amp; wildList.indexOf(symbol) != -1): null

2019-08-10 23:58:42 - [TEST_STEP][PASSED] - symbol = symbol: null

2019-08-10 23:58:42 - [TEST_STEP][PASSED] - println(symbol): null

2019-08-10 23:58:42 - [TEST_STEP][PASSED] - if (i == 2 &amp;&amp; wildList.indexOf(symbol) != -1): null

2019-08-10 23:58:42 - [TEST_STEP][PASSED] - if (i == 3 &amp;&amp; wildList.indexOf(symbol) != -1): null

2019-08-10 23:58:42 - [TEST_STEP][PASSED] - if (i == 4 &amp;&amp; wildList.indexOf(symbol) != -1): null

2019-08-10 23:58:42 - [TEST_STEP][PASSED] - symbols = symbols: null

2019-08-10 23:58:42 - [TEST_STEP][PASSED] - for ([j = 0, j &lt; symbols.size(), (j++)]): null

2019-08-10 23:58:42 - [TEST_STEP][PASSED] - symbol = symbol: null

2019-08-10 23:58:42 - [TEST_STEP][PASSED] - println(symbol): null

2019-08-10 23:58:42 - [TEST_STEP][PASSED] - if (i == 2 &amp;&amp; wildList.indexOf(symbol) != -1): null

2019-08-10 23:58:42 - [TEST_STEP][PASSED] - if (i == 3 &amp;&amp; wildList.indexOf(symbol) != -1): null

2019-08-10 23:58:42 - [TEST_STEP][PASSED] - if (i == 4 &amp;&amp; wildList.indexOf(symbol) != -1): null

2019-08-10 23:58:42 - [TEST_STEP][PASSED] - symbol = symbol: null

2019-08-10 23:58:42 - [TEST_STEP][PASSED] - println(symbol): null

2019-08-10 23:58:42 - [TEST_STEP][PASSED] - if (i == 2 &amp;&amp; wildList.indexOf(symbol) != -1): null

2019-08-10 23:58:42 - [TEST_STEP][PASSED] - if (i == 3 &amp;&amp; wildList.indexOf(symbol) != -1): null

2019-08-10 23:58:42 - [TEST_STEP][PASSED] - if (i == 4 &amp;&amp; wildList.indexOf(symbol) != -1): null

2019-08-10 23:58:42 - [TEST_STEP][PASSED] - println("wild found on reel 5, adding counter by 1"): null

2019-08-10 23:58:42 - [TEST_STEP][PASSED] - free_spin_reel_counter[2] = free_spin_reel_counter[2] + 1: null

2019-08-10 23:58:42 - [TEST_STEP][PASSED] - symbol = symbol: null

2019-08-10 23:58:42 - [TEST_STEP][PASSED] - println(symbol): null

2019-08-10 23:58:42 - [TEST_STEP][PASSED] - if (i == 2 &amp;&amp; wildList.indexOf(symbol) != -1): null

2019-08-10 23:58:42 - [TEST_STEP][PASSED] - if (i == 3 &amp;&amp; wildList.indexOf(symbol) != -1): null

2019-08-10 23:58:42 - [TEST_STEP][PASSED] - if (i == 4 &amp;&amp; wildList.indexOf(symbol) != -1): null

2019-08-10 23:58:42 - [TEST_STEP][PASSED] - free_spin_reel_counter = free_spin_reel_counter: null

2019-08-10 23:58:42 - [TEST_STEP][PASSED] - println("reel 3 wild found: " + free_spin_reel_counter[0]): null

2019-08-10 23:58:42 - [TEST_STEP][PASSED] - println("reel 4 wild found: " + free_spin_reel_counter[1]): null

2019-08-10 23:58:42 - [TEST_STEP][PASSED] - println("reel 5 wild found: " + free_spin_reel_counter[2]): null

2019-08-10 23:58:42 - [TEST_STEP][PASSED] - M4_spin_reels = M4_spin_reels: null

2019-08-10 23:58:42 - [TEST_STEP][PASSED] - M4_spin_reels_symbols = symbol: null

2019-08-10 23:58:42 - [TEST_STEP][PASSED] - M4_spin_reels_symbols = M4_spin_reels_symbols: null

2019-08-10 23:58:42 - [TEST_STEP][PASSED] - M4_spin_reel_wins = reel_wins: null

2019-08-10 23:58:42 - [TEST_STEP][PASSED] - M4_spin_reel_wins = M4_spin_reel_wins: null

2019-08-10 23:58:42 - [TEST_STEP][PASSED] - println("GlobalVariable.M4_spin_reel_wins is: " + M4_spin_reel_wins): null

2019-08-10 23:58:42 - [TEST_STEP][PASSED] - M4_spin_total_bonus_win_this_round = total_bonus_win_this_round: null

2019-08-10 23:58:42 - [TEST_STEP][PASSED] - M4_spin_total_bonus_win_this_round = M4_spin_total_bonus_win_this_round: null

2019-08-10 23:58:42 - [TEST_STEP][PASSED] - println("GlobalVariable.M4_spin_total_bonus_win_this_round is: " + M4_spin_total_bonus_win_this_round): null

2019-08-10 23:58:42 - [MESSAGE][PASSED] - Verify response successfully

2019-08-10 23:58:42 - [MESSAGE][PASSED] - Send request and verify the response successfully

2019-08-10 23:58:42 - [TEST_STEP][PASSED] - if (M4_total_bonus_spins_int != 0 &amp;&amp; M4_spin_reels_symbols[2].contains("WILD_Double") || M4_spin_reels_symbols[4].contains("WILD_Triple")): null

2019-08-10 23:58:42 - [TEST_STEP][PASSED] - free_spin_reel_counter = free_spin_reel_counter: null

2019-08-10 23:58:42 - [TEST_STEP][PASSED] - M4_spin_reels_symbols = M4_spin_reels_symbols: null

2019-08-10 23:58:42 - [TEST_STEP][PASSED] - M4_total_bonus_spins = M4_total_bonus_spins: null

2019-08-10 23:58:42 - [TEST_STEP][PASSED] - spin_result = sendRequestAndVerify(findTestObject("RGS(M4)/1_M4_spin", ["M4_login_user_id":M4_login_user_id, "rgs_session_token":rgs_session_token, "partner":Partner])): Send request and verify the response successfully

2019-08-10 23:58:42 - [TEST_CASE][PASSED] - Start Test Case : Verification: Verification accomplished successfully

2019-08-10 23:58:42 - [TEST_STEP][PASSED] - request = getInstance().getCurrentRequest(): null

2019-08-10 23:58:42 - [TEST_STEP][PASSED] - response = getInstance().getCurrentResponse(): null

2019-08-10 23:58:42 - [TEST_STEP][PASSED] - verifyResponseStatusCode(response, 200): Verify response status code successfully

2019-08-10 23:58:42 - [MESSAGE][PASSED] - Verify response status code successfully

2019-08-10 23:58:42 - [TEST_STEP][PASSED] - getStatusCode()).isEqualTo(200): null

2019-08-10 23:58:42 - [TEST_STEP][PASSED] - newline = System.getProperty("line.separator"): null

2019-08-10 23:58:42 - [TEST_STEP][PASSED] - M4_spin = new groovy.json.JsonSlurper(): null

2019-08-10 23:58:42 - [TEST_STEP][PASSED] - result_M4_spin = M4_spin.parseText(response.getResponseBodyContent()): null

2019-08-10 23:58:42 - [TEST_STEP][PASSED] - M4_spin_current_balance = current_balance: null

2019-08-10 23:58:42 - [TEST_STEP][PASSED] - M4_spin_current_balance = M4_spin_current_balance: null

2019-08-10 23:58:42 - [TEST_STEP][PASSED] - M4_spin_transaction_id = causality: null

2019-08-10 23:58:42 - [TEST_STEP][PASSED] - M4_spin_transaction_id = M4_spin_transaction_id: null

2019-08-10 23:58:42 - [TEST_STEP][PASSED] - M4_spin_round_id = round_id: null

2019-08-10 23:58:42 - [TEST_STEP][PASSED] - M4_spin_round_id = M4_spin_round_id: null

2019-08-10 23:58:42 - [TEST_STEP][PASSED] - M4_spin_line_wins = line_wins: null

2019-08-10 23:58:42 - [TEST_STEP][PASSED] - M4_spin_line_wins = M4_spin_line_wins: null

2019-08-10 23:58:42 - [TEST_STEP][PASSED] - M4_total_bonus_spins_int = total_bonus_spins: null

2019-08-10 23:58:42 - [TEST_STEP][PASSED] - println("******M4_total_bonus_spins type is:*******" + newline + getClass().getName()): null

2019-08-10 23:58:42 - [TEST_STEP][PASSED] - M4_total_bonus_spins_int = M4_total_bonus_spins_int: null

2019-08-10 23:58:42 - [TEST_STEP][PASSED] - M4_total_bonus_spins = Integer.toString(M4_total_bonus_spins_int): null

2019-08-10 23:58:42 - [TEST_STEP][PASSED] - M4_total_bonus_spins = M4_total_bonus_spins: null

2019-08-10 23:58:42 - [TEST_STEP][PASSED] - println("M4_total_bonus_spins is:" + M4_total_bonus_spins): null

2019-08-10 23:58:42 - [TEST_STEP][PASSED] - M4_spin_bonus_data = bonus_data: null

2019-08-10 23:58:42 - [TEST_STEP][PASSED] - M4_spin_features_triggered = result_M4_spin: null

2019-08-10 23:58:42 - [TEST_STEP][PASSED] - wild = []: null

2019-08-10 23:58:42 - [TEST_STEP][PASSED] - wild[0] = "WILD_Expanding": null

2019-08-10 23:58:42 - [TEST_STEP][PASSED] - wild[1] = "WILD_Normal": null

2019-08-10 23:58:42 - [TEST_STEP][PASSED] - wild[2] = "WILD_Double": null

2019-08-10 23:58:42 - [TEST_STEP][PASSED] - wild[3] = "WILD_ExtraFG": null

2019-08-10 23:58:42 - [TEST_STEP][PASSED] - wild[4] = "WILD_Triple": null

2019-08-10 23:58:42 - [TEST_STEP][PASSED] - wildList = Arrays.asList(wild): null

2019-08-10 23:58:42 - [TEST_STEP][PASSED] - wildList = wildList: null

2019-08-10 23:58:42 - [TEST_STEP][PASSED] - free_spin_reel_counter = []: null

2019-08-10 23:58:42 - [TEST_STEP][PASSED] - free_spin_reel_counter[0] = 0: null

2019-08-10 23:58:42 - [TEST_STEP][PASSED] - free_spin_reel_counter[1] = 0: null

2019-08-10 23:58:42 - [TEST_STEP][PASSED] - free_spin_reel_counter[2] = 0: null

2019-08-10 23:58:42 - [TEST_STEP][PASSED] - M4_spin_reels = reels: null

2019-08-10 23:58:42 - [TEST_STEP][PASSED] - for ([i = 0, i &lt; M4_spin_reels.size(), (i++)]): null

2019-08-10 23:58:42 - [TEST_STEP][PASSED] - symbols = symbols: null

2019-08-10 23:58:42 - [TEST_STEP][PASSED] - for ([j = 0, j &lt; symbols.size(), (j++)]): null

2019-08-10 23:58:42 - [TEST_STEP][PASSED] - symbol = symbol: null

2019-08-10 23:58:42 - [TEST_STEP][PASSED] - println(symbol): null

2019-08-10 23:58:42 - [TEST_STEP][PASSED] - if (i == 2 &amp;&amp; wildList.indexOf(symbol) != -1): null

2019-08-10 23:58:42 - [TEST_STEP][PASSED] - if (i == 3 &amp;&amp; wildList.indexOf(symbol) != -1): null

2019-08-10 23:58:42 - [TEST_STEP][PASSED] - if (i == 4 &amp;&amp; wildList.indexOf(symbol) != -1): null

2019-08-10 23:58:42 - [TEST_STEP][PASSED] - symbol = symbol: null

2019-08-10 23:58:42 - [TEST_STEP][PASSED] - println(symbol): null

2019-08-10 23:58:42 - [TEST_STEP][PASSED] - if (i == 2 &amp;&amp; wildList.indexOf(symbol) != -1): null

2019-08-10 23:58:42 - [TEST_STEP][PASSED] - if (i == 3 &amp;&amp; wildList.indexOf(symbol) != -1): null

2019-08-10 23:58:42 - [TEST_STEP][PASSED] - if (i == 4 &amp;&amp; wildList.indexOf(symbol) != -1): null

2019-08-10 23:58:42 - [TEST_STEP][PASSED] - symbol = symbol: null

2019-08-10 23:58:42 - [TEST_STEP][PASSED] - println(symbol): null

2019-08-10 23:58:42 - [TEST_STEP][PASSED] - if (i == 2 &amp;&amp; wildList.indexOf(symbol) != -1): null

2019-08-10 23:58:42 - [TEST_STEP][PASSED] - if (i == 3 &amp;&amp; wildList.indexOf(symbol) != -1): null

2019-08-10 23:58:42 - [TEST_STEP][PASSED] - if (i == 4 &amp;&amp; wildList.indexOf(symbol) != -1): null

2019-08-10 23:58:42 - [TEST_STEP][PASSED] - symbols = symbols: null

2019-08-10 23:58:42 - [TEST_STEP][PASSED] - for ([j = 0, j &lt; symbols.size(), (j++)]): null

2019-08-10 23:58:42 - [TEST_STEP][PASSED] - symbol = symbol: null

2019-08-10 23:58:42 - [TEST_STEP][PASSED] - println(symbol): null

2019-08-10 23:58:42 - [TEST_STEP][PASSED] - if (i == 2 &amp;&amp; wildList.indexOf(symbol) != -1): null

2019-08-10 23:58:42 - [TEST_STEP][PASSED] - if (i == 3 &amp;&amp; wildList.indexOf(symbol) != -1): null

2019-08-10 23:58:42 - [TEST_STEP][PASSED] - if (i == 4 &amp;&amp; wildList.indexOf(symbol) != -1): null

2019-08-10 23:58:42 - [TEST_STEP][PASSED] - symbol = symbol: null

2019-08-10 23:58:42 - [TEST_STEP][PASSED] - println(symbol): null

2019-08-10 23:58:42 - [TEST_STEP][PASSED] - if (i == 2 &amp;&amp; wildList.indexOf(symbol) != -1): null

2019-08-10 23:58:42 - [TEST_STEP][PASSED] - if (i == 3 &amp;&amp; wildList.indexOf(symbol) != -1): null

2019-08-10 23:58:42 - [TEST_STEP][PASSED] - if (i == 4 &amp;&amp; wildList.indexOf(symbol) != -1): null

2019-08-10 23:58:42 - [TEST_STEP][PASSED] - symbol = symbol: null

2019-08-10 23:58:42 - [TEST_STEP][PASSED] - println(symbol): null

2019-08-10 23:58:42 - [TEST_STEP][PASSED] - if (i == 2 &amp;&amp; wildList.indexOf(symbol) != -1): null

2019-08-10 23:58:42 - [TEST_STEP][PASSED] - if (i == 3 &amp;&amp; wildList.indexOf(symbol) != -1): null

2019-08-10 23:58:42 - [TEST_STEP][PASSED] - if (i == 4 &amp;&amp; wildList.indexOf(symbol) != -1): null

2019-08-10 23:58:42 - [TEST_STEP][PASSED] - symbols = symbols: null

2019-08-10 23:58:42 - [TEST_STEP][PASSED] - for ([j = 0, j &lt; symbols.size(), (j++)]): null

2019-08-10 23:58:42 - [TEST_STEP][PASSED] - symbol = symbol: null

2019-08-10 23:58:42 - [TEST_STEP][PASSED] - println(symbol): null

2019-08-10 23:58:42 - [TEST_STEP][PASSED] - if (i == 2 &amp;&amp; wildList.indexOf(symbol) != -1): null

2019-08-10 23:58:42 - [TEST_STEP][PASSED] - if (i == 3 &amp;&amp; wildList.indexOf(symbol) != -1): null

2019-08-10 23:58:42 - [TEST_STEP][PASSED] - if (i == 4 &amp;&amp; wildList.indexOf(symbol) != -1): null

2019-08-10 23:58:42 - [TEST_STEP][PASSED] - symbol = symbol: null

2019-08-10 23:58:42 - [TEST_STEP][PASSED] - println(symbol): null

2019-08-10 23:58:42 - [TEST_STEP][PASSED] - if (i == 2 &amp;&amp; wildList.indexOf(symbol) != -1): null

2019-08-10 23:58:42 - [TEST_STEP][PASSED] - println("wild found on reel 3, adding counter by 1"): null

2019-08-10 23:58:42 - [TEST_STEP][PASSED] - free_spin_reel_counter[0] = free_spin_reel_counter[0] + 1: null

2019-08-10 23:58:42 - [TEST_STEP][PASSED] - if (i == 3 &amp;&amp; wildList.indexOf(symbol) != -1): null

2019-08-10 23:58:42 - [TEST_STEP][PASSED] - if (i == 4 &amp;&amp; wildList.indexOf(symbol) != -1): null

2019-08-10 23:58:42 - [TEST_STEP][PASSED] - symbol = symbol: null

2019-08-10 23:58:42 - [TEST_STEP][PASSED] - println(symbol): null

2019-08-10 23:58:42 - [TEST_STEP][PASSED] - if (i == 2 &amp;&amp; wildList.indexOf(symbol) != -1): null

2019-08-10 23:58:42 - [TEST_STEP][PASSED] - if (i == 3 &amp;&amp; wildList.indexOf(symbol) != -1): null

2019-08-10 23:58:42 - [TEST_STEP][PASSED] - if (i == 4 &amp;&amp; wildList.indexOf(symbol) != -1): null

2019-08-10 23:58:42 - [TEST_STEP][PASSED] - symbols = symbols: null

2019-08-10 23:58:42 - [TEST_STEP][PASSED] - for ([j = 0, j &lt; symbols.size(), (j++)]): null

2019-08-10 23:58:42 - [TEST_STEP][PASSED] - symbol = symbol: null

2019-08-10 23:58:42 - [TEST_STEP][PASSED] - println(symbol): null

2019-08-10 23:58:42 - [TEST_STEP][PASSED] - if (i == 2 &amp;&amp; wildList.indexOf(symbol) != -1): null

2019-08-10 23:58:42 - [TEST_STEP][PASSED] - if (i == 3 &amp;&amp; wildList.indexOf(symbol) != -1): null

2019-08-10 23:58:42 - [TEST_STEP][PASSED] - if (i == 4 &amp;&amp; wildList.indexOf(symbol) != -1): null

2019-08-10 23:58:42 - [TEST_STEP][PASSED] - symbol = symbol: null

2019-08-10 23:58:42 - [TEST_STEP][PASSED] - println(symbol): null

2019-08-10 23:58:42 - [TEST_STEP][PASSED] - if (i == 2 &amp;&amp; wildList.indexOf(symbol) != -1): null

2019-08-10 23:58:42 - [TEST_STEP][PASSED] - if (i == 3 &amp;&amp; wildList.indexOf(symbol) != -1): null

2019-08-10 23:58:42 - [TEST_STEP][PASSED] - if (i == 4 &amp;&amp; wildList.indexOf(symbol) != -1): null

2019-08-10 23:58:42 - [TEST_STEP][PASSED] - symbol = symbol: null

2019-08-10 23:58:42 - [TEST_STEP][PASSED] - println(symbol): null

2019-08-10 23:58:42 - [TEST_STEP][PASSED] - if (i == 2 &amp;&amp; wildList.indexOf(symbol) != -1): null

2019-08-10 23:58:42 - [TEST_STEP][PASSED] - if (i == 3 &amp;&amp; wildList.indexOf(symbol) != -1): null

2019-08-10 23:58:42 - [TEST_STEP][PASSED] - if (i == 4 &amp;&amp; wildList.indexOf(symbol) != -1): null

2019-08-10 23:58:42 - [TEST_STEP][PASSED] - symbols = symbols: null

2019-08-10 23:58:42 - [TEST_STEP][PASSED] - for ([j = 0, j &lt; symbols.size(), (j++)]): null

2019-08-10 23:58:42 - [TEST_STEP][PASSED] - symbol = symbol: null

2019-08-10 23:58:42 - [TEST_STEP][PASSED] - println(symbol): null

2019-08-10 23:58:42 - [TEST_STEP][PASSED] - if (i == 2 &amp;&amp; wildList.indexOf(symbol) != -1): null

2019-08-10 23:58:42 - [TEST_STEP][PASSED] - if (i == 3 &amp;&amp; wildList.indexOf(symbol) != -1): null

2019-08-10 23:58:46 - [TEST_STEP][PASSED] - if (i == 4 &amp;&amp; wildList.indexOf(symbol) != -1): null

2019-08-10 23:58:46 - [TEST_STEP][PASSED] - symbol = symbol: null

2019-08-10 23:58:46 - [TEST_STEP][PASSED] - println(symbol): null

2019-08-10 23:58:46 - [TEST_STEP][PASSED] - if (i == 2 &amp;&amp; wildList.indexOf(symbol) != -1): null

2019-08-10 23:58:46 - [TEST_STEP][PASSED] - if (i == 3 &amp;&amp; wildList.indexOf(symbol) != -1): null

2019-08-10 23:58:46 - [TEST_STEP][PASSED] - if (i == 4 &amp;&amp; wildList.indexOf(symbol) != -1): null

2019-08-10 23:58:46 - [TEST_STEP][PASSED] - symbol = symbol: null

2019-08-10 23:58:46 - [TEST_STEP][PASSED] - println(symbol): null

2019-08-10 23:58:46 - [TEST_STEP][PASSED] - if (i == 2 &amp;&amp; wildList.indexOf(symbol) != -1): null

2019-08-10 23:58:46 - [TEST_STEP][PASSED] - if (i == 3 &amp;&amp; wildList.indexOf(symbol) != -1): null

2019-08-10 23:58:47 - [TEST_STEP][PASSED] - if (i == 4 &amp;&amp; wildList.indexOf(symbol) != -1): null

2019-08-10 23:58:47 - [TEST_STEP][PASSED] - free_spin_reel_counter = free_spin_reel_counter: null

2019-08-10 23:58:47 - [TEST_STEP][PASSED] - println("reel 3 wild found: " + free_spin_reel_counter[0]): null

2019-08-10 23:58:47 - [TEST_STEP][PASSED] - println("reel 4 wild found: " + free_spin_reel_counter[1]): null

2019-08-10 23:58:47 - [TEST_STEP][PASSED] - println("reel 5 wild found: " + free_spin_reel_counter[2]): null

2019-08-10 23:58:47 - [TEST_STEP][PASSED] - M4_spin_reels = M4_spin_reels: null

2019-08-10 23:58:47 - [TEST_STEP][PASSED] - M4_spin_reels_symbols = symbol: null

2019-08-10 23:58:47 - [TEST_STEP][PASSED] - M4_spin_reels_symbols = M4_spin_reels_symbols: null

2019-08-10 23:58:47 - [TEST_STEP][PASSED] - M4_spin_reel_wins = reel_wins: null

2019-08-10 23:58:47 - [TEST_STEP][PASSED] - M4_spin_reel_wins = M4_spin_reel_wins: null

2019-08-10 23:58:47 - [TEST_STEP][PASSED] - println("GlobalVariable.M4_spin_reel_wins is: " + M4_spin_reel_wins): null

2019-08-10 23:58:47 - [TEST_STEP][PASSED] - M4_spin_total_bonus_win_this_round = total_bonus_win_this_round: null

2019-08-10 23:58:47 - [TEST_STEP][PASSED] - M4_spin_total_bonus_win_this_round = M4_spin_total_bonus_win_this_round: null

2019-08-10 23:58:47 - [TEST_STEP][PASSED] - println("GlobalVariable.M4_spin_total_bonus_win_this_round is: " + M4_spin_total_bonus_win_this_round): null

2019-08-10 23:58:47 - [MESSAGE][PASSED] - Verify response successfully

2019-08-10 23:58:47 - [MESSAGE][PASSED] - Send request and verify the response successfully

2019-08-10 23:58:47 - [TEST_STEP][PASSED] - if (M4_total_bonus_spins_int != 0 &amp;&amp; M4_spin_reels_symbols[2].contains("WILD_Double") || M4_spin_reels_symbols[4].contains("WILD_Triple")): null

2019-08-10 23:58:47 - [TEST_STEP][PASSED] - free_spin_reel_counter = free_spin_reel_counter: null

2019-08-10 23:58:47 - [TEST_STEP][PASSED] - M4_spin_reels_symbols = M4_spin_reels_symbols: null

2019-08-10 23:58:47 - [TEST_STEP][PASSED] - M4_total_bonus_spins = M4_total_bonus_spins: null

2019-08-10 23:58:47 - [TEST_STEP][PASSED] - spin_result = sendRequestAndVerify(findTestObject("RGS(M4)/1_M4_spin", ["M4_login_user_id":M4_login_user_id, "rgs_session_token":rgs_session_token, "partner":Partner])): Send request and verify the response successfully

2019-08-10 23:58:48 - [TEST_CASE][PASSED] - Start Test Case : Verification: Verification accomplished successfully

2019-08-10 23:58:48 - [TEST_STEP][PASSED] - request = getInstance().getCurrentRequest(): null

2019-08-10 23:58:48 - [TEST_STEP][PASSED] - response = getInstance().getCurrentResponse(): null

2019-08-10 23:58:48 - [TEST_STEP][PASSED] - verifyResponseStatusCode(response, 200): Verify response status code successfully

2019-08-10 23:58:48 - [MESSAGE][PASSED] - Verify response status code successfully

2019-08-10 23:58:48 - [TEST_STEP][PASSED] - getStatusCode()).isEqualTo(200): null

2019-08-10 23:58:48 - [TEST_STEP][PASSED] - newline = System.getProperty("line.separator"): null

2019-08-10 23:58:48 - [TEST_STEP][PASSED] - M4_spin = new groovy.json.JsonSlurper(): null

2019-08-10 23:58:48 - [TEST_STEP][PASSED] - result_M4_spin = M4_spin.parseText(response.getResponseBodyContent()): null

2019-08-10 23:58:48 - [TEST_STEP][PASSED] - M4_spin_current_balance = current_balance: null

2019-08-10 23:58:48 - [TEST_STEP][PASSED] - M4_spin_current_balance = M4_spin_current_balance: null

2019-08-10 23:58:48 - [TEST_STEP][PASSED] - M4_spin_transaction_id = causality: null

2019-08-10 23:58:48 - [TEST_STEP][PASSED] - M4_spin_transaction_id = M4_spin_transaction_id: null

2019-08-10 23:58:48 - [TEST_STEP][PASSED] - M4_spin_round_id = round_id: null

2019-08-10 23:58:48 - [TEST_STEP][PASSED] - M4_spin_round_id = M4_spin_round_id: null

2019-08-10 23:58:48 - [TEST_STEP][PASSED] - M4_spin_line_wins = line_wins: null

2019-08-10 23:58:48 - [TEST_STEP][PASSED] - M4_spin_line_wins = M4_spin_line_wins: null

2019-08-10 23:58:48 - [TEST_STEP][PASSED] - M4_total_bonus_spins_int = total_bonus_spins: null

2019-08-10 23:58:48 - [TEST_STEP][PASSED] - println("******M4_total_bonus_spins type is:*******" + newline + getClass().getName()): null

2019-08-10 23:58:48 - [TEST_STEP][PASSED] - M4_total_bonus_spins_int = M4_total_bonus_spins_int: null

2019-08-10 23:58:48 - [TEST_STEP][PASSED] - M4_total_bonus_spins = Integer.toString(M4_total_bonus_spins_int): null

2019-08-10 23:58:48 - [TEST_STEP][PASSED] - M4_total_bonus_spins = M4_total_bonus_spins: null

2019-08-10 23:58:48 - [TEST_STEP][PASSED] - println("M4_total_bonus_spins is:" + M4_total_bonus_spins): null

2019-08-10 23:58:48 - [TEST_STEP][PASSED] - M4_spin_bonus_data = bonus_data: null

2019-08-10 23:58:48 - [TEST_STEP][PASSED] - M4_spin_features_triggered = result_M4_spin: null

2019-08-10 23:58:48 - [TEST_STEP][PASSED] - wild = []: null

2019-08-10 23:58:48 - [TEST_STEP][PASSED] - wild[0] = "WILD_Expanding": null

2019-08-10 23:58:48 - [TEST_STEP][PASSED] - wild[1] = "WILD_Normal": null

2019-08-10 23:58:48 - [TEST_STEP][PASSED] - wild[2] = "WILD_Double": null

2019-08-10 23:58:48 - [TEST_STEP][PASSED] - wild[3] = "WILD_ExtraFG": null

2019-08-10 23:58:48 - [TEST_STEP][PASSED] - wild[4] = "WILD_Triple": null

2019-08-10 23:58:48 - [TEST_STEP][PASSED] - wildList = Arrays.asList(wild): null

2019-08-10 23:58:48 - [TEST_STEP][PASSED] - wildList = wildList: null

2019-08-10 23:58:48 - [TEST_STEP][PASSED] - free_spin_reel_counter = []: null

2019-08-10 23:58:48 - [TEST_STEP][PASSED] - free_spin_reel_counter[0] = 0: null

2019-08-10 23:58:48 - [TEST_STEP][PASSED] - free_spin_reel_counter[1] = 0: null

2019-08-10 23:58:48 - [TEST_STEP][PASSED] - free_spin_reel_counter[2] = 0: null

2019-08-10 23:58:48 - [TEST_STEP][PASSED] - M4_spin_reels = reels: null

2019-08-10 23:58:48 - [TEST_STEP][PASSED] - for ([i = 0, i &lt; M4_spin_reels.size(), (i++)]): null

2019-08-10 23:58:48 - [TEST_STEP][PASSED] - symbols = symbols: null

2019-08-10 23:58:48 - [TEST_STEP][PASSED] - for ([j = 0, j &lt; symbols.size(), (j++)]): null

2019-08-10 23:58:48 - [TEST_STEP][PASSED] - symbol = symbol: null

2019-08-10 23:58:48 - [TEST_STEP][PASSED] - println(symbol): null

2019-08-10 23:58:48 - [TEST_STEP][PASSED] - if (i == 2 &amp;&amp; wildList.indexOf(symbol) != -1): null

2019-08-10 23:58:48 - [TEST_STEP][PASSED] - if (i == 3 &amp;&amp; wildList.indexOf(symbol) != -1): null

2019-08-10 23:58:48 - [TEST_STEP][PASSED] - if (i == 4 &amp;&amp; wildList.indexOf(symbol) != -1): null

2019-08-10 23:58:48 - [TEST_STEP][PASSED] - symbol = symbol: null

2019-08-10 23:58:48 - [TEST_STEP][PASSED] - println(symbol): null

2019-08-10 23:58:48 - [TEST_STEP][PASSED] - if (i == 2 &amp;&amp; wildList.indexOf(symbol) != -1): null

2019-08-10 23:58:48 - [TEST_STEP][PASSED] - if (i == 3 &amp;&amp; wildList.indexOf(symbol) != -1): null

2019-08-10 23:58:48 - [TEST_STEP][PASSED] - if (i == 4 &amp;&amp; wildList.indexOf(symbol) != -1): null

2019-08-10 23:58:48 - [TEST_STEP][PASSED] - symbol = symbol: null

2019-08-10 23:58:48 - [TEST_STEP][PASSED] - println(symbol): null

2019-08-10 23:58:48 - [TEST_STEP][PASSED] - if (i == 2 &amp;&amp; wildList.indexOf(symbol) != -1): null

2019-08-10 23:58:48 - [TEST_STEP][PASSED] - if (i == 3 &amp;&amp; wildList.indexOf(symbol) != -1): null

2019-08-10 23:58:48 - [TEST_STEP][PASSED] - if (i == 4 &amp;&amp; wildList.indexOf(symbol) != -1): null

2019-08-10 23:58:48 - [TEST_STEP][PASSED] - symbols = symbols: null

2019-08-10 23:58:48 - [TEST_STEP][PASSED] - for ([j = 0, j &lt; symbols.size(), (j++)]): null

2019-08-10 23:58:48 - [TEST_STEP][PASSED] - symbol = symbol: null

2019-08-10 23:58:48 - [TEST_STEP][PASSED] - println(symbol): null

2019-08-10 23:58:48 - [TEST_STEP][PASSED] - if (i == 2 &amp;&amp; wildList.indexOf(symbol) != -1): null

2019-08-10 23:58:48 - [TEST_STEP][PASSED] - if (i == 3 &amp;&amp; wildList.indexOf(symbol) != -1): null

2019-08-10 23:58:48 - [TEST_STEP][PASSED] - if (i == 4 &amp;&amp; wildList.indexOf(symbol) != -1): null

2019-08-10 23:58:48 - [TEST_STEP][PASSED] - symbol = symbol: null

2019-08-10 23:58:48 - [TEST_STEP][PASSED] - println(symbol): null

2019-08-10 23:58:48 - [TEST_STEP][PASSED] - if (i == 2 &amp;&amp; wildList.indexOf(symbol) != -1): null

2019-08-10 23:58:48 - [TEST_STEP][PASSED] - if (i == 3 &amp;&amp; wildList.indexOf(symbol) != -1): null

2019-08-10 23:58:48 - [TEST_STEP][PASSED] - if (i == 4 &amp;&amp; wildList.indexOf(symbol) != -1): null

2019-08-10 23:58:48 - [TEST_STEP][PASSED] - symbol = symbol: null

2019-08-10 23:58:48 - [TEST_STEP][PASSED] - println(symbol): null

2019-08-10 23:58:48 - [TEST_STEP][PASSED] - if (i == 2 &amp;&amp; wildList.indexOf(symbol) != -1): null

2019-08-10 23:58:48 - [TEST_STEP][PASSED] - if (i == 3 &amp;&amp; wildList.indexOf(symbol) != -1): null

2019-08-10 23:58:48 - [TEST_STEP][PASSED] - if (i == 4 &amp;&amp; wildList.indexOf(symbol) != -1): null

2019-08-10 23:58:48 - [TEST_STEP][PASSED] - symbols = symbols: null

2019-08-10 23:58:48 - [TEST_STEP][PASSED] - for ([j = 0, j &lt; symbols.size(), (j++)]): null

2019-08-10 23:58:48 - [TEST_STEP][PASSED] - symbol = symbol: null

2019-08-10 23:58:48 - [TEST_STEP][PASSED] - println(symbol): null

2019-08-10 23:58:48 - [TEST_STEP][PASSED] - if (i == 2 &amp;&amp; wildList.indexOf(symbol) != -1): null

2019-08-10 23:58:48 - [TEST_STEP][PASSED] - if (i == 3 &amp;&amp; wildList.indexOf(symbol) != -1): null

2019-08-10 23:58:48 - [TEST_STEP][PASSED] - if (i == 4 &amp;&amp; wildList.indexOf(symbol) != -1): null

2019-08-10 23:58:48 - [TEST_STEP][PASSED] - symbol = symbol: null

2019-08-10 23:58:48 - [TEST_STEP][PASSED] - println(symbol): null

2019-08-10 23:58:48 - [TEST_STEP][PASSED] - if (i == 2 &amp;&amp; wildList.indexOf(symbol) != -1): null

2019-08-10 23:58:48 - [TEST_STEP][PASSED] - if (i == 3 &amp;&amp; wildList.indexOf(symbol) != -1): null

2019-08-10 23:58:48 - [TEST_STEP][PASSED] - if (i == 4 &amp;&amp; wildList.indexOf(symbol) != -1): null

2019-08-10 23:58:48 - [TEST_STEP][PASSED] - symbol = symbol: null

2019-08-10 23:58:48 - [TEST_STEP][PASSED] - println(symbol): null

2019-08-10 23:58:48 - [TEST_STEP][PASSED] - if (i == 2 &amp;&amp; wildList.indexOf(symbol) != -1): null

2019-08-10 23:58:48 - [TEST_STEP][PASSED] - if (i == 3 &amp;&amp; wildList.indexOf(symbol) != -1): null

2019-08-10 23:58:48 - [TEST_STEP][PASSED] - if (i == 4 &amp;&amp; wildList.indexOf(symbol) != -1): null

2019-08-10 23:58:48 - [TEST_STEP][PASSED] - symbols = symbols: null

2019-08-10 23:58:48 - [TEST_STEP][PASSED] - for ([j = 0, j &lt; symbols.size(), (j++)]): null

2019-08-10 23:58:48 - [TEST_STEP][PASSED] - symbol = symbol: null

2019-08-10 23:58:48 - [TEST_STEP][PASSED] - println(symbol): null

2019-08-10 23:58:48 - [TEST_STEP][PASSED] - if (i == 2 &amp;&amp; wildList.indexOf(symbol) != -1): null

2019-08-10 23:58:48 - [TEST_STEP][PASSED] - if (i == 3 &amp;&amp; wildList.indexOf(symbol) != -1): null

2019-08-10 23:58:48 - [TEST_STEP][PASSED] - if (i == 4 &amp;&amp; wildList.indexOf(symbol) != -1): null

2019-08-10 23:58:48 - [TEST_STEP][PASSED] - symbol = symbol: null

2019-08-10 23:58:48 - [TEST_STEP][PASSED] - println(symbol): null

2019-08-10 23:58:48 - [TEST_STEP][PASSED] - if (i == 2 &amp;&amp; wildList.indexOf(symbol) != -1): null

2019-08-10 23:58:48 - [TEST_STEP][PASSED] - if (i == 3 &amp;&amp; wildList.indexOf(symbol) != -1): null

2019-08-10 23:58:48 - [TEST_STEP][PASSED] - println("wild found on reel 4, adding counter by 1"): null

2019-08-10 23:58:48 - [TEST_STEP][PASSED] - free_spin_reel_counter[1] = free_spin_reel_counter[1] + 1: null

2019-08-10 23:58:48 - [TEST_STEP][PASSED] - if (i == 4 &amp;&amp; wildList.indexOf(symbol) != -1): null

2019-08-10 23:58:48 - [TEST_STEP][PASSED] - symbol = symbol: null

2019-08-10 23:58:48 - [TEST_STEP][PASSED] - println(symbol): null

2019-08-10 23:58:48 - [TEST_STEP][PASSED] - if (i == 2 &amp;&amp; wildList.indexOf(symbol) != -1): null

2019-08-10 23:58:48 - [TEST_STEP][PASSED] - if (i == 3 &amp;&amp; wildList.indexOf(symbol) != -1): null

2019-08-10 23:58:48 - [TEST_STEP][PASSED] - if (i == 4 &amp;&amp; wildList.indexOf(symbol) != -1): null

2019-08-10 23:58:48 - [TEST_STEP][PASSED] - symbols = symbols: null

2019-08-10 23:58:48 - [TEST_STEP][PASSED] - for ([j = 0, j &lt; symbols.size(), (j++)]): null

2019-08-10 23:58:48 - [TEST_STEP][PASSED] - symbol = symbol: null

2019-08-10 23:58:48 - [TEST_STEP][PASSED] - println(symbol): null

2019-08-10 23:58:48 - [TEST_STEP][PASSED] - if (i == 2 &amp;&amp; wildList.indexOf(symbol) != -1): null

2019-08-10 23:58:48 - [TEST_STEP][PASSED] - if (i == 3 &amp;&amp; wildList.indexOf(symbol) != -1): null

2019-08-10 23:58:48 - [TEST_STEP][PASSED] - if (i == 4 &amp;&amp; wildList.indexOf(symbol) != -1): null

2019-08-10 23:58:48 - [TEST_STEP][PASSED] - symbol = symbol: null

2019-08-10 23:58:48 - [TEST_STEP][PASSED] - println(symbol): null

2019-08-10 23:58:48 - [TEST_STEP][PASSED] - if (i == 2 &amp;&amp; wildList.indexOf(symbol) != -1): null

2019-08-10 23:58:48 - [TEST_STEP][PASSED] - if (i == 3 &amp;&amp; wildList.indexOf(symbol) != -1): null

2019-08-10 23:58:48 - [TEST_STEP][PASSED] - if (i == 4 &amp;&amp; wildList.indexOf(symbol) != -1): null

2019-08-10 23:58:48 - [TEST_STEP][PASSED] - symbol = symbol: null

2019-08-10 23:58:48 - [TEST_STEP][PASSED] - println(symbol): null

2019-08-10 23:58:48 - [TEST_STEP][PASSED] - if (i == 2 &amp;&amp; wildList.indexOf(symbol) != -1): null

2019-08-10 23:58:48 - [TEST_STEP][PASSED] - if (i == 3 &amp;&amp; wildList.indexOf(symbol) != -1): null

2019-08-10 23:58:48 - [TEST_STEP][PASSED] - if (i == 4 &amp;&amp; wildList.indexOf(symbol) != -1): null

2019-08-10 23:58:48 - [TEST_STEP][PASSED] - free_spin_reel_counter = free_spin_reel_counter: null

2019-08-10 23:58:48 - [TEST_STEP][PASSED] - println("reel 3 wild found: " + free_spin_reel_counter[0]): null

2019-08-10 23:58:48 - [TEST_STEP][PASSED] - println("reel 4 wild found: " + free_spin_reel_counter[1]): null

2019-08-10 23:58:48 - [TEST_STEP][PASSED] - println("reel 5 wild found: " + free_spin_reel_counter[2]): null

2019-08-10 23:58:48 - [TEST_STEP][PASSED] - M4_spin_reels = M4_spin_reels: null

2019-08-10 23:58:48 - [TEST_STEP][PASSED] - M4_spin_reels_symbols = symbol: null

2019-08-10 23:58:48 - [TEST_STEP][PASSED] - M4_spin_reels_symbols = M4_spin_reels_symbols: null

2019-08-10 23:58:48 - [TEST_STEP][PASSED] - M4_spin_reel_wins = reel_wins: null

2019-08-10 23:58:48 - [TEST_STEP][PASSED] - M4_spin_reel_wins = M4_spin_reel_wins: null

2019-08-10 23:58:48 - [TEST_STEP][PASSED] - println("GlobalVariable.M4_spin_reel_wins is: " + M4_spin_reel_wins): null

2019-08-10 23:58:48 - [TEST_STEP][PASSED] - M4_spin_total_bonus_win_this_round = total_bonus_win_this_round: null

2019-08-10 23:58:48 - [TEST_STEP][PASSED] - M4_spin_total_bonus_win_this_round = M4_spin_total_bonus_win_this_round: null

2019-08-10 23:58:48 - [TEST_STEP][PASSED] - println("GlobalVariable.M4_spin_total_bonus_win_this_round is: " + M4_spin_total_bonus_win_this_round): null

2019-08-10 23:58:48 - [MESSAGE][PASSED] - Verify response successfully

2019-08-10 23:58:48 - [MESSAGE][PASSED] - Send request and verify the response successfully

2019-08-10 23:58:48 - [TEST_STEP][PASSED] - if (M4_total_bonus_spins_int != 0 &amp;&amp; M4_spin_reels_symbols[2].contains("WILD_Double") || M4_spin_reels_symbols[4].contains("WILD_Triple")): null

2019-08-10 23:58:48 - [TEST_STEP][PASSED] - free_spin_reel_counter = free_spin_reel_counter: null

2019-08-10 23:58:48 - [TEST_STEP][PASSED] - M4_spin_reels_symbols = M4_spin_reels_symbols: null

2019-08-10 23:58:48 - [TEST_STEP][PASSED] - M4_total_bonus_spins = M4_total_bonus_spins: null

2019-08-10 23:58:48 - [TEST_STEP][PASSED] - spin_result = sendRequestAndVerify(findTestObject("RGS(M4)/1_M4_spin", ["M4_login_user_id":M4_login_user_id, "rgs_session_token":rgs_session_token, "partner":Partner])): Send request and verify the response successfully

2019-08-10 23:58:48 - [TEST_CASE][PASSED] - Start Test Case : Verification: Verification accomplished successfully

2019-08-10 23:58:48 - [TEST_STEP][PASSED] - request = getInstance().getCurrentRequest(): null

2019-08-10 23:58:48 - [TEST_STEP][PASSED] - response = getInstance().getCurrentResponse(): null

2019-08-10 23:58:48 - [TEST_STEP][PASSED] - verifyResponseStatusCode(response, 200): Verify response status code successfully

2019-08-10 23:58:48 - [MESSAGE][PASSED] - Verify response status code successfully

2019-08-10 23:58:48 - [TEST_STEP][PASSED] - getStatusCode()).isEqualTo(200): null

2019-08-10 23:58:48 - [TEST_STEP][PASSED] - newline = System.getProperty("line.separator"): null

2019-08-10 23:58:48 - [TEST_STEP][PASSED] - M4_spin = new groovy.json.JsonSlurper(): null

2019-08-10 23:58:48 - [TEST_STEP][PASSED] - result_M4_spin = M4_spin.parseText(response.getResponseBodyContent()): null

2019-08-10 23:58:48 - [TEST_STEP][PASSED] - M4_spin_current_balance = current_balance: null

2019-08-10 23:58:48 - [TEST_STEP][PASSED] - M4_spin_current_balance = M4_spin_current_balance: null

2019-08-10 23:58:48 - [TEST_STEP][PASSED] - M4_spin_transaction_id = causality: null

2019-08-10 23:58:48 - [TEST_STEP][PASSED] - M4_spin_transaction_id = M4_spin_transaction_id: null

2019-08-10 23:58:48 - [TEST_STEP][PASSED] - M4_spin_round_id = round_id: null

2019-08-10 23:58:48 - [TEST_STEP][PASSED] - M4_spin_round_id = M4_spin_round_id: null

2019-08-10 23:58:48 - [TEST_STEP][PASSED] - M4_spin_line_wins = line_wins: null

2019-08-10 23:58:48 - [TEST_STEP][PASSED] - M4_spin_line_wins = M4_spin_line_wins: null

2019-08-10 23:58:48 - [TEST_STEP][PASSED] - M4_total_bonus_spins_int = total_bonus_spins: null

2019-08-10 23:58:48 - [TEST_STEP][PASSED] - println("******M4_total_bonus_spins type is:*******" + newline + getClass().getName()): null

2019-08-10 23:58:48 - [TEST_STEP][PASSED] - M4_total_bonus_spins_int = M4_total_bonus_spins_int: null

2019-08-10 23:58:48 - [TEST_STEP][PASSED] - M4_total_bonus_spins = Integer.toString(M4_total_bonus_spins_int): null

2019-08-10 23:58:48 - [TEST_STEP][PASSED] - M4_total_bonus_spins = M4_total_bonus_spins: null

2019-08-10 23:58:48 - [TEST_STEP][PASSED] - println("M4_total_bonus_spins is:" + M4_total_bonus_spins): null

2019-08-10 23:58:48 - [TEST_STEP][PASSED] - M4_spin_bonus_data = bonus_data: null

2019-08-10 23:58:48 - [TEST_STEP][PASSED] - M4_spin_features_triggered = result_M4_spin: null

2019-08-10 23:58:48 - [TEST_STEP][PASSED] - wild = []: null

2019-08-10 23:58:48 - [TEST_STEP][PASSED] - wild[0] = "WILD_Expanding": null

2019-08-10 23:58:48 - [TEST_STEP][PASSED] - wild[1] = "WILD_Normal": null

2019-08-10 23:58:48 - [TEST_STEP][PASSED] - wild[2] = "WILD_Double": null

2019-08-10 23:58:48 - [TEST_STEP][PASSED] - wild[3] = "WILD_ExtraFG": null

2019-08-10 23:58:48 - [TEST_STEP][PASSED] - wild[4] = "WILD_Triple": null

2019-08-10 23:58:48 - [TEST_STEP][PASSED] - wildList = Arrays.asList(wild): null

2019-08-10 23:58:48 - [TEST_STEP][PASSED] - wildList = wildList: null

2019-08-10 23:58:48 - [TEST_STEP][PASSED] - free_spin_reel_counter = []: null

2019-08-10 23:58:48 - [TEST_STEP][PASSED] - free_spin_reel_counter[0] = 0: null

2019-08-10 23:58:48 - [TEST_STEP][PASSED] - free_spin_reel_counter[1] = 0: null

2019-08-10 23:58:48 - [TEST_STEP][PASSED] - free_spin_reel_counter[2] = 0: null

2019-08-10 23:58:48 - [TEST_STEP][PASSED] - M4_spin_reels = reels: null

2019-08-10 23:58:48 - [TEST_STEP][PASSED] - for ([i = 0, i &lt; M4_spin_reels.size(), (i++)]): null

2019-08-10 23:58:48 - [TEST_STEP][PASSED] - symbols = symbols: null

2019-08-10 23:58:48 - [TEST_STEP][PASSED] - for ([j = 0, j &lt; symbols.size(), (j++)]): null

2019-08-10 23:58:48 - [TEST_STEP][PASSED] - symbol = symbol: null

2019-08-10 23:58:48 - [TEST_STEP][PASSED] - println(symbol): null

2019-08-10 23:58:48 - [TEST_STEP][PASSED] - if (i == 2 &amp;&amp; wildList.indexOf(symbol) != -1): null

2019-08-10 23:58:48 - [TEST_STEP][PASSED] - if (i == 3 &amp;&amp; wildList.indexOf(symbol) != -1): null

2019-08-10 23:58:48 - [TEST_STEP][PASSED] - if (i == 4 &amp;&amp; wildList.indexOf(symbol) != -1): null

2019-08-10 23:58:48 - [TEST_STEP][PASSED] - symbol = symbol: null

2019-08-10 23:58:48 - [TEST_STEP][PASSED] - println(symbol): null

2019-08-10 23:58:48 - [TEST_STEP][PASSED] - if (i == 2 &amp;&amp; wildList.indexOf(symbol) != -1): null

2019-08-10 23:58:48 - [TEST_STEP][PASSED] - if (i == 3 &amp;&amp; wildList.indexOf(symbol) != -1): null

2019-08-10 23:58:48 - [TEST_STEP][PASSED] - if (i == 4 &amp;&amp; wildList.indexOf(symbol) != -1): null

2019-08-10 23:58:48 - [TEST_STEP][PASSED] - symbol = symbol: null

2019-08-10 23:58:48 - [TEST_STEP][PASSED] - println(symbol): null

2019-08-10 23:58:48 - [TEST_STEP][PASSED] - if (i == 2 &amp;&amp; wildList.indexOf(symbol) != -1): null

2019-08-10 23:58:48 - [TEST_STEP][PASSED] - if (i == 3 &amp;&amp; wildList.indexOf(symbol) != -1): null

2019-08-10 23:58:48 - [TEST_STEP][PASSED] - if (i == 4 &amp;&amp; wildList.indexOf(symbol) != -1): null

2019-08-10 23:58:48 - [TEST_STEP][PASSED] - symbols = symbols: null

2019-08-10 23:58:48 - [TEST_STEP][PASSED] - for ([j = 0, j &lt; symbols.size(), (j++)]): null

2019-08-10 23:58:48 - [TEST_STEP][PASSED] - symbol = symbol: null

2019-08-10 23:58:48 - [TEST_STEP][PASSED] - println(symbol): null

2019-08-10 23:58:48 - [TEST_STEP][PASSED] - if (i == 2 &amp;&amp; wildList.indexOf(symbol) != -1): null

2019-08-10 23:58:48 - [TEST_STEP][PASSED] - if (i == 3 &amp;&amp; wildList.indexOf(symbol) != -1): null

2019-08-10 23:58:48 - [TEST_STEP][PASSED] - if (i == 4 &amp;&amp; wildList.indexOf(symbol) != -1): null

2019-08-10 23:58:48 - [TEST_STEP][PASSED] - symbol = symbol: null

2019-08-10 23:58:48 - [TEST_STEP][PASSED] - println(symbol): null

2019-08-10 23:58:48 - [TEST_STEP][PASSED] - if (i == 2 &amp;&amp; wildList.indexOf(symbol) != -1): null

2019-08-10 23:58:48 - [TEST_STEP][PASSED] - if (i == 3 &amp;&amp; wildList.indexOf(symbol) != -1): null

2019-08-10 23:58:48 - [TEST_STEP][PASSED] - if (i == 4 &amp;&amp; wildList.indexOf(symbol) != -1): null

2019-08-10 23:58:48 - [TEST_STEP][PASSED] - symbol = symbol: null

2019-08-10 23:58:48 - [TEST_STEP][PASSED] - println(symbol): null

2019-08-10 23:58:48 - [TEST_STEP][PASSED] - if (i == 2 &amp;&amp; wildList.indexOf(symbol) != -1): null

2019-08-10 23:58:48 - [TEST_STEP][PASSED] - if (i == 3 &amp;&amp; wildList.indexOf(symbol) != -1): null

2019-08-10 23:58:48 - [TEST_STEP][PASSED] - if (i == 4 &amp;&amp; wildList.indexOf(symbol) != -1): null

2019-08-10 23:58:48 - [TEST_STEP][PASSED] - symbols = symbols: null

2019-08-10 23:58:48 - [TEST_STEP][PASSED] - for ([j = 0, j &lt; symbols.size(), (j++)]): null

2019-08-10 23:58:48 - [TEST_STEP][PASSED] - symbol = symbol: null

2019-08-10 23:58:48 - [TEST_STEP][PASSED] - println(symbol): null

2019-08-10 23:58:48 - [TEST_STEP][PASSED] - if (i == 2 &amp;&amp; wildList.indexOf(symbol) != -1): null

2019-08-10 23:58:48 - [TEST_STEP][PASSED] - if (i == 3 &amp;&amp; wildList.indexOf(symbol) != -1): null

2019-08-10 23:58:48 - [TEST_STEP][PASSED] - if (i == 4 &amp;&amp; wildList.indexOf(symbol) != -1): null

2019-08-10 23:58:48 - [TEST_STEP][PASSED] - symbol = symbol: null

2019-08-10 23:58:48 - [TEST_STEP][PASSED] - println(symbol): null

2019-08-10 23:58:48 - [TEST_STEP][PASSED] - if (i == 2 &amp;&amp; wildList.indexOf(symbol) != -1): null

2019-08-10 23:58:48 - [TEST_STEP][PASSED] - println("wild found on reel 3, adding counter by 1"): null

2019-08-10 23:58:48 - [TEST_STEP][PASSED] - free_spin_reel_counter[0] = free_spin_reel_counter[0] + 1: null

2019-08-10 23:58:48 - [TEST_STEP][PASSED] - if (i == 3 &amp;&amp; wildList.indexOf(symbol) != -1): null

2019-08-10 23:58:48 - [TEST_STEP][PASSED] - if (i == 4 &amp;&amp; wildList.indexOf(symbol) != -1): null

2019-08-10 23:58:48 - [TEST_STEP][PASSED] - symbol = symbol: null

2019-08-10 23:58:48 - [TEST_STEP][PASSED] - println(symbol): null

2019-08-10 23:58:48 - [TEST_STEP][PASSED] - if (i == 2 &amp;&amp; wildList.indexOf(symbol) != -1): null

2019-08-10 23:58:48 - [TEST_STEP][PASSED] - if (i == 3 &amp;&amp; wildList.indexOf(symbol) != -1): null

2019-08-10 23:58:48 - [TEST_STEP][PASSED] - if (i == 4 &amp;&amp; wildList.indexOf(symbol) != -1): null

2019-08-10 23:58:48 - [TEST_STEP][PASSED] - symbols = symbols: null

2019-08-10 23:58:48 - [TEST_STEP][PASSED] - for ([j = 0, j &lt; symbols.size(), (j++)]): null

2019-08-10 23:58:48 - [TEST_STEP][PASSED] - symbol = symbol: null

2019-08-10 23:58:48 - [TEST_STEP][PASSED] - println(symbol): null

2019-08-10 23:58:48 - [TEST_STEP][PASSED] - if (i == 2 &amp;&amp; wildList.indexOf(symbol) != -1): null

2019-08-10 23:58:48 - [TEST_STEP][PASSED] - if (i == 3 &amp;&amp; wildList.indexOf(symbol) != -1): null

2019-08-10 23:58:48 - [TEST_STEP][PASSED] - if (i == 4 &amp;&amp; wildList.indexOf(symbol) != -1): null

2019-08-10 23:58:48 - [TEST_STEP][PASSED] - symbol = symbol: null

2019-08-10 23:58:48 - [TEST_STEP][PASSED] - println(symbol): null

2019-08-10 23:58:48 - [TEST_STEP][PASSED] - if (i == 2 &amp;&amp; wildList.indexOf(symbol) != -1): null

2019-08-10 23:58:48 - [TEST_STEP][PASSED] - if (i == 3 &amp;&amp; wildList.indexOf(symbol) != -1): null

2019-08-10 23:58:48 - [TEST_STEP][PASSED] - if (i == 4 &amp;&amp; wildList.indexOf(symbol) != -1): null

2019-08-10 23:58:48 - [TEST_STEP][PASSED] - symbol = symbol: null

2019-08-10 23:58:48 - [TEST_STEP][PASSED] - println(symbol): null

2019-08-10 23:58:48 - [TEST_STEP][PASSED] - if (i == 2 &amp;&amp; wildList.indexOf(symbol) != -1): null

2019-08-10 23:58:48 - [TEST_STEP][PASSED] - if (i == 3 &amp;&amp; wildList.indexOf(symbol) != -1): null

2019-08-10 23:58:48 - [TEST_STEP][PASSED] - if (i == 4 &amp;&amp; wildList.indexOf(symbol) != -1): null

2019-08-10 23:58:48 - [TEST_STEP][PASSED] - symbols = symbols: null

2019-08-10 23:58:48 - [TEST_STEP][PASSED] - for ([j = 0, j &lt; symbols.size(), (j++)]): null

2019-08-10 23:58:48 - [TEST_STEP][PASSED] - symbol = symbol: null

2019-08-10 23:58:48 - [TEST_STEP][PASSED] - println(symbol): null

2019-08-10 23:58:48 - [TEST_STEP][PASSED] - if (i == 2 &amp;&amp; wildList.indexOf(symbol) != -1): null

2019-08-10 23:58:48 - [TEST_STEP][PASSED] - if (i == 3 &amp;&amp; wildList.indexOf(symbol) != -1): null

2019-08-10 23:58:48 - [TEST_STEP][PASSED] - if (i == 4 &amp;&amp; wildList.indexOf(symbol) != -1): null

2019-08-10 23:58:48 - [TEST_STEP][PASSED] - symbol = symbol: null

2019-08-10 23:58:48 - [TEST_STEP][PASSED] - println(symbol): null

2019-08-10 23:58:48 - [TEST_STEP][PASSED] - if (i == 2 &amp;&amp; wildList.indexOf(symbol) != -1): null

2019-08-10 23:58:48 - [TEST_STEP][PASSED] - if (i == 3 &amp;&amp; wildList.indexOf(symbol) != -1): null

2019-08-10 23:58:48 - [TEST_STEP][PASSED] - if (i == 4 &amp;&amp; wildList.indexOf(symbol) != -1): null

2019-08-10 23:58:48 - [TEST_STEP][PASSED] - symbol = symbol: null

2019-08-10 23:58:48 - [TEST_STEP][PASSED] - println(symbol): null

2019-08-10 23:58:48 - [TEST_STEP][PASSED] - if (i == 2 &amp;&amp; wildList.indexOf(symbol) != -1): null

2019-08-10 23:58:48 - [TEST_STEP][PASSED] - if (i == 3 &amp;&amp; wildList.indexOf(symbol) != -1): null

2019-08-10 23:58:48 - [TEST_STEP][PASSED] - if (i == 4 &amp;&amp; wildList.indexOf(symbol) != -1): null

2019-08-10 23:58:48 - [TEST_STEP][PASSED] - free_spin_reel_counter = free_spin_reel_counter: null

2019-08-10 23:58:48 - [TEST_STEP][PASSED] - println("reel 3 wild found: " + free_spin_reel_counter[0]): null

2019-08-10 23:58:48 - [TEST_STEP][PASSED] - println("reel 4 wild found: " + free_spin_reel_counter[1]): null

2019-08-10 23:58:48 - [TEST_STEP][PASSED] - println("reel 5 wild found: " + free_spin_reel_counter[2]): null

2019-08-10 23:58:48 - [TEST_STEP][PASSED] - M4_spin_reels = M4_spin_reels: null

2019-08-10 23:58:48 - [TEST_STEP][PASSED] - M4_spin_reels_symbols = symbol: null

2019-08-10 23:58:48 - [TEST_STEP][PASSED] - M4_spin_reels_symbols = M4_spin_reels_symbols: null

2019-08-10 23:58:48 - [TEST_STEP][PASSED] - M4_spin_reel_wins = reel_wins: null

2019-08-10 23:58:48 - [TEST_STEP][PASSED] - M4_spin_reel_wins = M4_spin_reel_wins: null

2019-08-10 23:58:48 - [TEST_STEP][PASSED] - println("GlobalVariable.M4_spin_reel_wins is: " + M4_spin_reel_wins): null

2019-08-10 23:58:48 - [TEST_STEP][PASSED] - M4_spin_total_bonus_win_this_round = total_bonus_win_this_round: null

2019-08-10 23:58:48 - [TEST_STEP][PASSED] - M4_spin_total_bonus_win_this_round = M4_spin_total_bonus_win_this_round: null

2019-08-10 23:58:48 - [TEST_STEP][PASSED] - println("GlobalVariable.M4_spin_total_bonus_win_this_round is: " + M4_spin_total_bonus_win_this_round): null

2019-08-10 23:58:48 - [MESSAGE][PASSED] - Verify response successfully

2019-08-10 23:58:48 - [MESSAGE][PASSED] - Send request and verify the response successfully

2019-08-10 23:58:48 - [TEST_STEP][PASSED] - if (M4_total_bonus_spins_int != 0 &amp;&amp; M4_spin_reels_symbols[2].contains("WILD_Double") || M4_spin_reels_symbols[4].contains("WILD_Triple")): null

2019-08-10 23:58:48 - [TEST_STEP][PASSED] - free_spin_reel_counter = free_spin_reel_counter: null

2019-08-10 23:58:48 - [TEST_STEP][PASSED] - M4_spin_reels_symbols = M4_spin_reels_symbols: null

2019-08-10 23:58:48 - [TEST_STEP][PASSED] - M4_total_bonus_spins = M4_total_bonus_spins: null

2019-08-10 23:58:48 - [TEST_STEP][PASSED] - spin_result = sendRequestAndVerify(findTestObject("RGS(M4)/1_M4_spin", ["M4_login_user_id":M4_login_user_id, "rgs_session_token":rgs_session_token, "partner":Partner])): Send request and verify the response successfully

2019-08-10 23:58:48 - [TEST_CASE][PASSED] - Start Test Case : Verification: Verification accomplished successfully

2019-08-10 23:58:48 - [TEST_STEP][PASSED] - request = getInstance().getCurrentRequest(): null

2019-08-10 23:58:49 - [TEST_STEP][PASSED] - response = getInstance().getCurrentResponse(): null

2019-08-10 23:58:49 - [TEST_STEP][PASSED] - verifyResponseStatusCode(response, 200): Verify response status code successfully

2019-08-10 23:58:49 - [MESSAGE][PASSED] - Verify response status code successfully

2019-08-10 23:58:49 - [TEST_STEP][PASSED] - getStatusCode()).isEqualTo(200): null

2019-08-10 23:58:49 - [TEST_STEP][PASSED] - newline = System.getProperty("line.separator"): null

2019-08-10 23:58:49 - [TEST_STEP][PASSED] - M4_spin = new groovy.json.JsonSlurper(): null

2019-08-10 23:58:49 - [TEST_STEP][PASSED] - result_M4_spin = M4_spin.parseText(response.getResponseBodyContent()): null

2019-08-10 23:58:52 - [TEST_STEP][PASSED] - M4_spin_current_balance = current_balance: null

2019-08-10 23:58:52 - [TEST_STEP][PASSED] - M4_spin_current_balance = M4_spin_current_balance: null

2019-08-10 23:58:52 - [TEST_STEP][PASSED] - M4_spin_transaction_id = causality: null

2019-08-10 23:58:52 - [TEST_STEP][PASSED] - M4_spin_transaction_id = M4_spin_transaction_id: null

2019-08-10 23:58:52 - [TEST_STEP][PASSED] - M4_spin_round_id = round_id: null

2019-08-10 23:58:52 - [TEST_STEP][PASSED] - M4_spin_round_id = M4_spin_round_id: null

2019-08-10 23:58:52 - [TEST_STEP][PASSED] - M4_spin_line_wins = line_wins: null

2019-08-10 23:58:52 - [TEST_STEP][PASSED] - M4_spin_line_wins = M4_spin_line_wins: null

2019-08-10 23:58:52 - [TEST_STEP][PASSED] - M4_total_bonus_spins_int = total_bonus_spins: null

2019-08-10 23:58:52 - [TEST_STEP][PASSED] - println("******M4_total_bonus_spins type is:*******" + newline + getClass().getName()): null

2019-08-10 23:58:57 - [TEST_STEP][PASSED] - M4_total_bonus_spins_int = M4_total_bonus_spins_int: null

2019-08-10 23:58:57 - [TEST_STEP][PASSED] - M4_total_bonus_spins = Integer.toString(M4_total_bonus_spins_int): null

2019-08-10 23:58:57 - [TEST_STEP][PASSED] - M4_total_bonus_spins = M4_total_bonus_spins: null

2019-08-10 23:58:57 - [TEST_STEP][PASSED] - println("M4_total_bonus_spins is:" + M4_total_bonus_spins): null

2019-08-10 23:58:57 - [TEST_STEP][PASSED] - M4_spin_bonus_data = bonus_data: null

2019-08-10 23:59:02 - [TEST_STEP][PASSED] - M4_spin_features_triggered = result_M4_spin: null

2019-08-10 23:59:02 - [TEST_STEP][PASSED] - wild = []: null

2019-08-10 23:59:02 - [TEST_STEP][PASSED] - wild[0] = "WILD_Expanding": null

2019-08-10 23:59:02 - [TEST_STEP][PASSED] - wild[1] = "WILD_Normal": null

2019-08-10 23:59:02 - [TEST_STEP][PASSED] - wild[2] = "WILD_Double": null

2019-08-10 23:59:02 - [TEST_STEP][PASSED] - wild[3] = "WILD_ExtraFG": null

2019-08-10 23:59:02 - [TEST_STEP][PASSED] - wild[4] = "WILD_Triple": null

2019-08-10 23:59:02 - [TEST_STEP][PASSED] - wildList = Arrays.asList(wild): null

2019-08-10 23:59:02 - [TEST_STEP][PASSED] - wildList = wildList: null

2019-08-10 23:59:02 - [TEST_STEP][PASSED] - free_spin_reel_counter = []: null

2019-08-10 23:59:02 - [TEST_STEP][PASSED] - free_spin_reel_counter[0] = 0: null

2019-08-10 23:59:02 - [TEST_STEP][PASSED] - free_spin_reel_counter[1] = 0: null

2019-08-10 23:59:02 - [TEST_STEP][PASSED] - free_spin_reel_counter[2] = 0: null

2019-08-10 23:59:02 - [TEST_STEP][PASSED] - M4_spin_reels = reels: null

2019-08-10 23:59:02 - [TEST_STEP][PASSED] - for ([i = 0, i &lt; M4_spin_reels.size(), (i++)]): null

2019-08-10 23:59:02 - [TEST_STEP][PASSED] - symbols = symbols: null

2019-08-10 23:59:02 - [TEST_STEP][PASSED] - for ([j = 0, j &lt; symbols.size(), (j++)]): null

2019-08-10 23:59:02 - [TEST_STEP][PASSED] - symbol = symbol: null

2019-08-10 23:59:02 - [TEST_STEP][PASSED] - println(symbol): null

2019-08-10 23:59:02 - [TEST_STEP][PASSED] - if (i == 2 &amp;&amp; wildList.indexOf(symbol) != -1): null

2019-08-10 23:59:02 - [TEST_STEP][PASSED] - if (i == 3 &amp;&amp; wildList.indexOf(symbol) != -1): null

2019-08-10 23:59:02 - [TEST_STEP][PASSED] - if (i == 4 &amp;&amp; wildList.indexOf(symbol) != -1): null

2019-08-10 23:59:02 - [TEST_STEP][PASSED] - symbol = symbol: null

2019-08-10 23:59:02 - [TEST_STEP][PASSED] - println(symbol): null

2019-08-10 23:59:02 - [TEST_STEP][PASSED] - if (i == 2 &amp;&amp; wildList.indexOf(symbol) != -1): null

2019-08-10 23:59:02 - [TEST_STEP][PASSED] - if (i == 3 &amp;&amp; wildList.indexOf(symbol) != -1): null

2019-08-10 23:59:02 - [TEST_STEP][PASSED] - if (i == 4 &amp;&amp; wildList.indexOf(symbol) != -1): null

2019-08-10 23:59:02 - [TEST_STEP][PASSED] - symbol = symbol: null

2019-08-10 23:59:02 - [TEST_STEP][PASSED] - println(symbol): null

2019-08-10 23:59:02 - [TEST_STEP][PASSED] - if (i == 2 &amp;&amp; wildList.indexOf(symbol) != -1): null

2019-08-10 23:59:02 - [TEST_STEP][PASSED] - if (i == 3 &amp;&amp; wildList.indexOf(symbol) != -1): null

2019-08-10 23:59:02 - [TEST_STEP][PASSED] - if (i == 4 &amp;&amp; wildList.indexOf(symbol) != -1): null

2019-08-10 23:59:02 - [TEST_STEP][PASSED] - symbols = symbols: null

2019-08-10 23:59:02 - [TEST_STEP][PASSED] - for ([j = 0, j &lt; symbols.size(), (j++)]): null

2019-08-10 23:59:02 - [TEST_STEP][PASSED] - symbol = symbol: null

2019-08-10 23:59:02 - [TEST_STEP][PASSED] - println(symbol): null

2019-08-10 23:59:02 - [TEST_STEP][PASSED] - if (i == 2 &amp;&amp; wildList.indexOf(symbol) != -1): null

2019-08-10 23:59:02 - [TEST_STEP][PASSED] - if (i == 3 &amp;&amp; wildList.indexOf(symbol) != -1): null

2019-08-10 23:59:02 - [TEST_STEP][PASSED] - if (i == 4 &amp;&amp; wildList.indexOf(symbol) != -1): null

2019-08-10 23:59:02 - [TEST_STEP][PASSED] - symbol = symbol: null

2019-08-10 23:59:02 - [TEST_STEP][PASSED] - println(symbol): null

2019-08-10 23:59:02 - [TEST_STEP][PASSED] - if (i == 2 &amp;&amp; wildList.indexOf(symbol) != -1): null

2019-08-10 23:59:02 - [TEST_STEP][PASSED] - if (i == 3 &amp;&amp; wildList.indexOf(symbol) != -1): null

2019-08-10 23:59:02 - [TEST_STEP][PASSED] - if (i == 4 &amp;&amp; wildList.indexOf(symbol) != -1): null

2019-08-10 23:59:02 - [TEST_STEP][PASSED] - symbol = symbol: null

2019-08-10 23:59:02 - [TEST_STEP][PASSED] - println(symbol): null

2019-08-10 23:59:02 - [TEST_STEP][PASSED] - if (i == 2 &amp;&amp; wildList.indexOf(symbol) != -1): null

2019-08-10 23:59:02 - [TEST_STEP][PASSED] - if (i == 3 &amp;&amp; wildList.indexOf(symbol) != -1): null

2019-08-10 23:59:02 - [TEST_STEP][PASSED] - if (i == 4 &amp;&amp; wildList.indexOf(symbol) != -1): null

2019-08-10 23:59:02 - [TEST_STEP][PASSED] - symbols = symbols: null

2019-08-10 23:59:02 - [TEST_STEP][PASSED] - for ([j = 0, j &lt; symbols.size(), (j++)]): null

2019-08-10 23:59:02 - [TEST_STEP][PASSED] - symbol = symbol: null

2019-08-10 23:59:02 - [TEST_STEP][PASSED] - println(symbol): null

2019-08-10 23:59:02 - [TEST_STEP][PASSED] - if (i == 2 &amp;&amp; wildList.indexOf(symbol) != -1): null

2019-08-10 23:59:02 - [TEST_STEP][PASSED] - if (i == 3 &amp;&amp; wildList.indexOf(symbol) != -1): null

2019-08-10 23:59:02 - [TEST_STEP][PASSED] - if (i == 4 &amp;&amp; wildList.indexOf(symbol) != -1): null

2019-08-10 23:59:02 - [TEST_STEP][PASSED] - symbol = symbol: null

2019-08-10 23:59:02 - [TEST_STEP][PASSED] - println(symbol): null

2019-08-10 23:59:02 - [TEST_STEP][PASSED] - if (i == 2 &amp;&amp; wildList.indexOf(symbol) != -1): null

2019-08-10 23:59:02 - [TEST_STEP][PASSED] - println("wild found on reel 3, adding counter by 1"): null

2019-08-10 23:59:02 - [TEST_STEP][PASSED] - free_spin_reel_counter[0] = free_spin_reel_counter[0] + 1: null

2019-08-10 23:59:02 - [TEST_STEP][PASSED] - if (i == 3 &amp;&amp; wildList.indexOf(symbol) != -1): null

2019-08-10 23:59:02 - [TEST_STEP][PASSED] - if (i == 4 &amp;&amp; wildList.indexOf(symbol) != -1): null

2019-08-10 23:59:02 - [TEST_STEP][PASSED] - symbol = symbol: null

2019-08-10 23:59:02 - [TEST_STEP][PASSED] - println(symbol): null

2019-08-10 23:59:02 - [TEST_STEP][PASSED] - if (i == 2 &amp;&amp; wildList.indexOf(symbol) != -1): null

2019-08-10 23:59:02 - [TEST_STEP][PASSED] - if (i == 3 &amp;&amp; wildList.indexOf(symbol) != -1): null

2019-08-10 23:59:02 - [TEST_STEP][PASSED] - if (i == 4 &amp;&amp; wildList.indexOf(symbol) != -1): null

2019-08-10 23:59:02 - [TEST_STEP][PASSED] - symbols = symbols: null

2019-08-10 23:59:02 - [TEST_STEP][PASSED] - for ([j = 0, j &lt; symbols.size(), (j++)]): null

2019-08-10 23:59:02 - [TEST_STEP][PASSED] - symbol = symbol: null

2019-08-10 23:59:02 - [TEST_STEP][PASSED] - println(symbol): null

2019-08-10 23:59:02 - [TEST_STEP][PASSED] - if (i == 2 &amp;&amp; wildList.indexOf(symbol) != -1): null

2019-08-10 23:59:02 - [TEST_STEP][PASSED] - if (i == 3 &amp;&amp; wildList.indexOf(symbol) != -1): null

2019-08-10 23:59:02 - [TEST_STEP][PASSED] - if (i == 4 &amp;&amp; wildList.indexOf(symbol) != -1): null

2019-08-10 23:59:02 - [TEST_STEP][PASSED] - symbol = symbol: null

2019-08-10 23:59:02 - [TEST_STEP][PASSED] - println(symbol): null

2019-08-10 23:59:02 - [TEST_STEP][PASSED] - if (i == 2 &amp;&amp; wildList.indexOf(symbol) != -1): null

2019-08-10 23:59:02 - [TEST_STEP][PASSED] - if (i == 3 &amp;&amp; wildList.indexOf(symbol) != -1): null

2019-08-10 23:59:02 - [TEST_STEP][PASSED] - if (i == 4 &amp;&amp; wildList.indexOf(symbol) != -1): null

2019-08-10 23:59:02 - [TEST_STEP][PASSED] - symbol = symbol: null

2019-08-10 23:59:02 - [TEST_STEP][PASSED] - println(symbol): null

2019-08-10 23:59:02 - [TEST_STEP][PASSED] - if (i == 2 &amp;&amp; wildList.indexOf(symbol) != -1): null

2019-08-10 23:59:02 - [TEST_STEP][PASSED] - if (i == 3 &amp;&amp; wildList.indexOf(symbol) != -1): null

2019-08-10 23:59:02 - [TEST_STEP][PASSED] - if (i == 4 &amp;&amp; wildList.indexOf(symbol) != -1): null

2019-08-10 23:59:02 - [TEST_STEP][PASSED] - symbols = symbols: null

2019-08-10 23:59:02 - [TEST_STEP][PASSED] - for ([j = 0, j &lt; symbols.size(), (j++)]): null

2019-08-10 23:59:02 - [TEST_STEP][PASSED] - symbol = symbol: null

2019-08-10 23:59:02 - [TEST_STEP][PASSED] - println(symbol): null

2019-08-10 23:59:02 - [TEST_STEP][PASSED] - if (i == 2 &amp;&amp; wildList.indexOf(symbol) != -1): null

2019-08-10 23:59:02 - [TEST_STEP][PASSED] - if (i == 3 &amp;&amp; wildList.indexOf(symbol) != -1): null

2019-08-10 23:59:02 - [TEST_STEP][PASSED] - if (i == 4 &amp;&amp; wildList.indexOf(symbol) != -1): null

2019-08-10 23:59:02 - [TEST_STEP][PASSED] - symbol = symbol: null

2019-08-10 23:59:02 - [TEST_STEP][PASSED] - println(symbol): null

2019-08-10 23:59:02 - [TEST_STEP][PASSED] - if (i == 2 &amp;&amp; wildList.indexOf(symbol) != -1): null

2019-08-10 23:59:02 - [TEST_STEP][PASSED] - if (i == 3 &amp;&amp; wildList.indexOf(symbol) != -1): null

2019-08-10 23:59:02 - [TEST_STEP][PASSED] - if (i == 4 &amp;&amp; wildList.indexOf(symbol) != -1): null

2019-08-10 23:59:02 - [TEST_STEP][PASSED] - symbol = symbol: null

2019-08-10 23:59:02 - [TEST_STEP][PASSED] - println(symbol): null

2019-08-10 23:59:02 - [TEST_STEP][PASSED] - if (i == 2 &amp;&amp; wildList.indexOf(symbol) != -1): null

2019-08-10 23:59:02 - [TEST_STEP][PASSED] - if (i == 3 &amp;&amp; wildList.indexOf(symbol) != -1): null

2019-08-10 23:59:02 - [TEST_STEP][PASSED] - if (i == 4 &amp;&amp; wildList.indexOf(symbol) != -1): null

2019-08-10 23:59:03 - [TEST_STEP][PASSED] - free_spin_reel_counter = free_spin_reel_counter: null

2019-08-10 23:59:03 - [TEST_STEP][PASSED] - println("reel 3 wild found: " + free_spin_reel_counter[0]): null

2019-08-10 23:59:03 - [TEST_STEP][PASSED] - println("reel 4 wild found: " + free_spin_reel_counter[1]): null

2019-08-10 23:59:03 - [TEST_STEP][PASSED] - println("reel 5 wild found: " + free_spin_reel_counter[2]): null

2019-08-10 23:59:03 - [TEST_STEP][PASSED] - M4_spin_reels = M4_spin_reels: null

2019-08-10 23:59:03 - [TEST_STEP][PASSED] - M4_spin_reels_symbols = symbol: null

2019-08-10 23:59:03 - [TEST_STEP][PASSED] - M4_spin_reels_symbols = M4_spin_reels_symbols: null

2019-08-10 23:59:03 - [TEST_STEP][PASSED] - M4_spin_reel_wins = reel_wins: null

2019-08-10 23:59:03 - [TEST_STEP][PASSED] - M4_spin_reel_wins = M4_spin_reel_wins: null

2019-08-10 23:59:03 - [TEST_STEP][PASSED] - println("GlobalVariable.M4_spin_reel_wins is: " + M4_spin_reel_wins): null

2019-08-10 23:59:03 - [TEST_STEP][PASSED] - M4_spin_total_bonus_win_this_round = total_bonus_win_this_round: null

2019-08-10 23:59:03 - [TEST_STEP][PASSED] - M4_spin_total_bonus_win_this_round = M4_spin_total_bonus_win_this_round: null

2019-08-10 23:59:03 - [TEST_STEP][PASSED] - println("GlobalVariable.M4_spin_total_bonus_win_this_round is: " + M4_spin_total_bonus_win_this_round): null

2019-08-10 23:59:03 - [MESSAGE][PASSED] - Verify response successfully

2019-08-10 23:59:03 - [MESSAGE][PASSED] - Send request and verify the response successfully

2019-08-10 23:59:03 - [TEST_STEP][PASSED] - if (M4_total_bonus_spins_int != 0 &amp;&amp; M4_spin_reels_symbols[2].contains("WILD_Double") || M4_spin_reels_symbols[4].contains("WILD_Triple")): null

2019-08-10 23:59:03 - [TEST_STEP][PASSED] - free_spin_reel_counter = free_spin_reel_counter: null

2019-08-10 23:59:03 - [TEST_STEP][PASSED] - M4_spin_reels_symbols = M4_spin_reels_symbols: null

2019-08-10 23:59:03 - [TEST_STEP][PASSED] - M4_total_bonus_spins = M4_total_bonus_spins: null

2019-08-10 23:59:03 - [TEST_STEP][PASSED] - spin_result = sendRequestAndVerify(findTestObject("RGS(M4)/1_M4_spin", ["M4_login_user_id":M4_login_user_id, "rgs_session_token":rgs_session_token, "partner":Partner])): Send request and verify the response successfully

2019-08-10 23:59:03 - [TEST_CASE][PASSED] - Start Test Case : Verification: Verification accomplished successfully

2019-08-10 23:59:03 - [TEST_STEP][PASSED] - request = getInstance().getCurrentRequest(): null

2019-08-10 23:59:03 - [TEST_STEP][PASSED] - response = getInstance().getCurrentResponse(): null

2019-08-10 23:59:03 - [TEST_STEP][PASSED] - verifyResponseStatusCode(response, 200): Verify response status code successfully

2019-08-10 23:59:03 - [MESSAGE][PASSED] - Verify response status code successfully

2019-08-10 23:59:03 - [TEST_STEP][PASSED] - getStatusCode()).isEqualTo(200): null

2019-08-10 23:59:03 - [TEST_STEP][PASSED] - newline = System.getProperty("line.separator"): null

2019-08-10 23:59:03 - [TEST_STEP][PASSED] - M4_spin = new groovy.json.JsonSlurper(): null

2019-08-10 23:59:03 - [TEST_STEP][PASSED] - result_M4_spin = M4_spin.parseText(response.getResponseBodyContent()): null

2019-08-10 23:59:03 - [TEST_STEP][PASSED] - M4_spin_current_balance = current_balance: null

2019-08-10 23:59:03 - [TEST_STEP][PASSED] - M4_spin_current_balance = M4_spin_current_balance: null

2019-08-10 23:59:03 - [TEST_STEP][PASSED] - M4_spin_transaction_id = causality: null

2019-08-10 23:59:03 - [TEST_STEP][PASSED] - M4_spin_transaction_id = M4_spin_transaction_id: null

2019-08-10 23:59:03 - [TEST_STEP][PASSED] - M4_spin_round_id = round_id: null

2019-08-10 23:59:03 - [TEST_STEP][PASSED] - M4_spin_round_id = M4_spin_round_id: null

2019-08-10 23:59:03 - [TEST_STEP][PASSED] - M4_spin_line_wins = line_wins: null

2019-08-10 23:59:03 - [TEST_STEP][PASSED] - M4_spin_line_wins = M4_spin_line_wins: null

2019-08-10 23:59:03 - [TEST_STEP][PASSED] - M4_total_bonus_spins_int = total_bonus_spins: null

2019-08-10 23:59:03 - [TEST_STEP][PASSED] - println("******M4_total_bonus_spins type is:*******" + newline + getClass().getName()): null

2019-08-10 23:59:03 - [TEST_STEP][PASSED] - M4_total_bonus_spins_int = M4_total_bonus_spins_int: null

2019-08-10 23:59:03 - [TEST_STEP][PASSED] - M4_total_bonus_spins = Integer.toString(M4_total_bonus_spins_int): null

2019-08-10 23:59:03 - [TEST_STEP][PASSED] - M4_total_bonus_spins = M4_total_bonus_spins: null

2019-08-10 23:59:03 - [TEST_STEP][PASSED] - println("M4_total_bonus_spins is:" + M4_total_bonus_spins): null

2019-08-10 23:59:03 - [TEST_STEP][PASSED] - M4_spin_bonus_data = bonus_data: null

2019-08-10 23:59:03 - [TEST_STEP][PASSED] - M4_spin_features_triggered = result_M4_spin: null

2019-08-10 23:59:03 - [TEST_STEP][PASSED] - wild = []: null

2019-08-10 23:59:03 - [TEST_STEP][PASSED] - wild[0] = "WILD_Expanding": null

2019-08-10 23:59:03 - [TEST_STEP][PASSED] - wild[1] = "WILD_Normal": null

2019-08-10 23:59:03 - [TEST_STEP][PASSED] - wild[2] = "WILD_Double": null

2019-08-10 23:59:03 - [TEST_STEP][PASSED] - wild[3] = "WILD_ExtraFG": null

2019-08-10 23:59:03 - [TEST_STEP][PASSED] - wild[4] = "WILD_Triple": null

2019-08-10 23:59:03 - [TEST_STEP][PASSED] - wildList = Arrays.asList(wild): null

2019-08-10 23:59:03 - [TEST_STEP][PASSED] - wildList = wildList: null

2019-08-10 23:59:03 - [TEST_STEP][PASSED] - free_spin_reel_counter = []: null

2019-08-10 23:59:03 - [TEST_STEP][PASSED] - free_spin_reel_counter[0] = 0: null

2019-08-10 23:59:03 - [TEST_STEP][PASSED] - free_spin_reel_counter[1] = 0: null

2019-08-10 23:59:03 - [TEST_STEP][PASSED] - free_spin_reel_counter[2] = 0: null

2019-08-10 23:59:03 - [TEST_STEP][PASSED] - M4_spin_reels = reels: null

2019-08-10 23:59:03 - [TEST_STEP][PASSED] - for ([i = 0, i &lt; M4_spin_reels.size(), (i++)]): null

2019-08-10 23:59:03 - [TEST_STEP][PASSED] - symbols = symbols: null

2019-08-10 23:59:03 - [TEST_STEP][PASSED] - for ([j = 0, j &lt; symbols.size(), (j++)]): null

2019-08-10 23:59:03 - [TEST_STEP][PASSED] - symbol = symbol: null

2019-08-10 23:59:03 - [TEST_STEP][PASSED] - println(symbol): null

2019-08-10 23:59:03 - [TEST_STEP][PASSED] - if (i == 2 &amp;&amp; wildList.indexOf(symbol) != -1): null

2019-08-10 23:59:03 - [TEST_STEP][PASSED] - if (i == 3 &amp;&amp; wildList.indexOf(symbol) != -1): null

2019-08-10 23:59:03 - [TEST_STEP][PASSED] - if (i == 4 &amp;&amp; wildList.indexOf(symbol) != -1): null

2019-08-10 23:59:03 - [TEST_STEP][PASSED] - symbol = symbol: null

2019-08-10 23:59:03 - [TEST_STEP][PASSED] - println(symbol): null

2019-08-10 23:59:03 - [TEST_STEP][PASSED] - if (i == 2 &amp;&amp; wildList.indexOf(symbol) != -1): null

2019-08-10 23:59:03 - [TEST_STEP][PASSED] - if (i == 3 &amp;&amp; wildList.indexOf(symbol) != -1): null

2019-08-10 23:59:03 - [TEST_STEP][PASSED] - if (i == 4 &amp;&amp; wildList.indexOf(symbol) != -1): null

2019-08-10 23:59:03 - [TEST_STEP][PASSED] - symbol = symbol: null

2019-08-10 23:59:03 - [TEST_STEP][PASSED] - println(symbol): null

2019-08-10 23:59:03 - [TEST_STEP][PASSED] - if (i == 2 &amp;&amp; wildList.indexOf(symbol) != -1): null

2019-08-10 23:59:03 - [TEST_STEP][PASSED] - if (i == 3 &amp;&amp; wildList.indexOf(symbol) != -1): null

2019-08-10 23:59:03 - [TEST_STEP][PASSED] - if (i == 4 &amp;&amp; wildList.indexOf(symbol) != -1): null

2019-08-10 23:59:03 - [TEST_STEP][PASSED] - symbols = symbols: null

2019-08-10 23:59:03 - [TEST_STEP][PASSED] - for ([j = 0, j &lt; symbols.size(), (j++)]): null

2019-08-10 23:59:03 - [TEST_STEP][PASSED] - symbol = symbol: null

2019-08-10 23:59:03 - [TEST_STEP][PASSED] - println(symbol): null

2019-08-10 23:59:03 - [TEST_STEP][PASSED] - if (i == 2 &amp;&amp; wildList.indexOf(symbol) != -1): null

2019-08-10 23:59:03 - [TEST_STEP][PASSED] - if (i == 3 &amp;&amp; wildList.indexOf(symbol) != -1): null

2019-08-10 23:59:03 - [TEST_STEP][PASSED] - if (i == 4 &amp;&amp; wildList.indexOf(symbol) != -1): null

2019-08-10 23:59:03 - [TEST_STEP][PASSED] - symbol = symbol: null

2019-08-10 23:59:03 - [TEST_STEP][PASSED] - println(symbol): null

2019-08-10 23:59:03 - [TEST_STEP][PASSED] - if (i == 2 &amp;&amp; wildList.indexOf(symbol) != -1): null

2019-08-10 23:59:03 - [TEST_STEP][PASSED] - if (i == 3 &amp;&amp; wildList.indexOf(symbol) != -1): null

2019-08-10 23:59:03 - [TEST_STEP][PASSED] - if (i == 4 &amp;&amp; wildList.indexOf(symbol) != -1): null

2019-08-10 23:59:03 - [TEST_STEP][PASSED] - symbol = symbol: null

2019-08-10 23:59:03 - [TEST_STEP][PASSED] - println(symbol): null

2019-08-10 23:59:03 - [TEST_STEP][PASSED] - if (i == 2 &amp;&amp; wildList.indexOf(symbol) != -1): null

2019-08-10 23:59:03 - [TEST_STEP][PASSED] - if (i == 3 &amp;&amp; wildList.indexOf(symbol) != -1): null

2019-08-10 23:59:03 - [TEST_STEP][PASSED] - if (i == 4 &amp;&amp; wildList.indexOf(symbol) != -1): null

2019-08-10 23:59:03 - [TEST_STEP][PASSED] - symbols = symbols: null

2019-08-10 23:59:03 - [TEST_STEP][PASSED] - for ([j = 0, j &lt; symbols.size(), (j++)]): null

2019-08-10 23:59:03 - [TEST_STEP][PASSED] - symbol = symbol: null

2019-08-10 23:59:03 - [TEST_STEP][PASSED] - println(symbol): null

2019-08-10 23:59:03 - [TEST_STEP][PASSED] - if (i == 2 &amp;&amp; wildList.indexOf(symbol) != -1): null

2019-08-10 23:59:03 - [TEST_STEP][PASSED] - if (i == 3 &amp;&amp; wildList.indexOf(symbol) != -1): null

2019-08-10 23:59:03 - [TEST_STEP][PASSED] - if (i == 4 &amp;&amp; wildList.indexOf(symbol) != -1): null

2019-08-10 23:59:03 - [TEST_STEP][PASSED] - symbol = symbol: null

2019-08-10 23:59:03 - [TEST_STEP][PASSED] - println(symbol): null

2019-08-10 23:59:03 - [TEST_STEP][PASSED] - if (i == 2 &amp;&amp; wildList.indexOf(symbol) != -1): null

2019-08-10 23:59:03 - [TEST_STEP][PASSED] - if (i == 3 &amp;&amp; wildList.indexOf(symbol) != -1): null

2019-08-10 23:59:03 - [TEST_STEP][PASSED] - if (i == 4 &amp;&amp; wildList.indexOf(symbol) != -1): null

2019-08-10 23:59:03 - [TEST_STEP][PASSED] - symbol = symbol: null

2019-08-10 23:59:03 - [TEST_STEP][PASSED] - println(symbol): null

2019-08-10 23:59:03 - [TEST_STEP][PASSED] - if (i == 2 &amp;&amp; wildList.indexOf(symbol) != -1): null

2019-08-10 23:59:03 - [TEST_STEP][PASSED] - if (i == 3 &amp;&amp; wildList.indexOf(symbol) != -1): null

2019-08-10 23:59:03 - [TEST_STEP][PASSED] - if (i == 4 &amp;&amp; wildList.indexOf(symbol) != -1): null

2019-08-10 23:59:03 - [TEST_STEP][PASSED] - symbols = symbols: null

2019-08-10 23:59:03 - [TEST_STEP][PASSED] - for ([j = 0, j &lt; symbols.size(), (j++)]): null

2019-08-10 23:59:03 - [TEST_STEP][PASSED] - symbol = symbol: null

2019-08-10 23:59:03 - [TEST_STEP][PASSED] - println(symbol): null

2019-08-10 23:59:03 - [TEST_STEP][PASSED] - if (i == 2 &amp;&amp; wildList.indexOf(symbol) != -1): null

2019-08-10 23:59:03 - [TEST_STEP][PASSED] - if (i == 3 &amp;&amp; wildList.indexOf(symbol) != -1): null

2019-08-10 23:59:03 - [TEST_STEP][PASSED] - if (i == 4 &amp;&amp; wildList.indexOf(symbol) != -1): null

2019-08-10 23:59:03 - [TEST_STEP][PASSED] - symbol = symbol: null

2019-08-10 23:59:03 - [TEST_STEP][PASSED] - println(symbol): null

2019-08-10 23:59:03 - [TEST_STEP][PASSED] - if (i == 2 &amp;&amp; wildList.indexOf(symbol) != -1): null

2019-08-10 23:59:03 - [TEST_STEP][PASSED] - if (i == 3 &amp;&amp; wildList.indexOf(symbol) != -1): null

2019-08-10 23:59:03 - [TEST_STEP][PASSED] - if (i == 4 &amp;&amp; wildList.indexOf(symbol) != -1): null

2019-08-10 23:59:03 - [TEST_STEP][PASSED] - symbol = symbol: null

2019-08-10 23:59:03 - [TEST_STEP][PASSED] - println(symbol): null

2019-08-10 23:59:03 - [TEST_STEP][PASSED] - if (i == 2 &amp;&amp; wildList.indexOf(symbol) != -1): null

2019-08-10 23:59:03 - [TEST_STEP][PASSED] - if (i == 3 &amp;&amp; wildList.indexOf(symbol) != -1): null

2019-08-10 23:59:03 - [TEST_STEP][PASSED] - println("wild found on reel 4, adding counter by 1"): null

2019-08-10 23:59:03 - [TEST_STEP][PASSED] - free_spin_reel_counter[1] = free_spin_reel_counter[1] + 1: null

2019-08-10 23:59:03 - [TEST_STEP][PASSED] - if (i == 4 &amp;&amp; wildList.indexOf(symbol) != -1): null

2019-08-10 23:59:03 - [TEST_STEP][PASSED] - symbols = symbols: null

2019-08-10 23:59:03 - [TEST_STEP][PASSED] - for ([j = 0, j &lt; symbols.size(), (j++)]): null

2019-08-10 23:59:03 - [TEST_STEP][PASSED] - symbol = symbol: null

2019-08-10 23:59:03 - [TEST_STEP][PASSED] - println(symbol): null

2019-08-10 23:59:03 - [TEST_STEP][PASSED] - if (i == 2 &amp;&amp; wildList.indexOf(symbol) != -1): null

2019-08-10 23:59:03 - [TEST_STEP][PASSED] - if (i == 3 &amp;&amp; wildList.indexOf(symbol) != -1): null

2019-08-10 23:59:03 - [TEST_STEP][PASSED] - if (i == 4 &amp;&amp; wildList.indexOf(symbol) != -1): null

2019-08-10 23:59:03 - [TEST_STEP][PASSED] - symbol = symbol: null

2019-08-10 23:59:03 - [TEST_STEP][PASSED] - println(symbol): null

2019-08-10 23:59:03 - [TEST_STEP][PASSED] - if (i == 2 &amp;&amp; wildList.indexOf(symbol) != -1): null

2019-08-10 23:59:03 - [TEST_STEP][PASSED] - if (i == 3 &amp;&amp; wildList.indexOf(symbol) != -1): null

2019-08-10 23:59:03 - [TEST_STEP][PASSED] - if (i == 4 &amp;&amp; wildList.indexOf(symbol) != -1): null

2019-08-10 23:59:03 - [TEST_STEP][PASSED] - symbol = symbol: null

2019-08-10 23:59:03 - [TEST_STEP][PASSED] - println(symbol): null

2019-08-10 23:59:03 - [TEST_STEP][PASSED] - if (i == 2 &amp;&amp; wildList.indexOf(symbol) != -1): null

2019-08-10 23:59:03 - [TEST_STEP][PASSED] - if (i == 3 &amp;&amp; wildList.indexOf(symbol) != -1): null

2019-08-10 23:59:03 - [TEST_STEP][PASSED] - if (i == 4 &amp;&amp; wildList.indexOf(symbol) != -1): null

2019-08-10 23:59:03 - [TEST_STEP][PASSED] - free_spin_reel_counter = free_spin_reel_counter: null

2019-08-10 23:59:03 - [TEST_STEP][PASSED] - println("reel 3 wild found: " + free_spin_reel_counter[0]): null

2019-08-10 23:59:03 - [TEST_STEP][PASSED] - println("reel 4 wild found: " + free_spin_reel_counter[1]): null

2019-08-10 23:59:03 - [TEST_STEP][PASSED] - println("reel 5 wild found: " + free_spin_reel_counter[2]): null

2019-08-10 23:59:03 - [TEST_STEP][PASSED] - M4_spin_reels = M4_spin_reels: null

2019-08-10 23:59:03 - [TEST_STEP][PASSED] - M4_spin_reels_symbols = symbol: null

2019-08-10 23:59:03 - [TEST_STEP][PASSED] - M4_spin_reels_symbols = M4_spin_reels_symbols: null

2019-08-10 23:59:03 - [TEST_STEP][PASSED] - M4_spin_reel_wins = reel_wins: null

2019-08-10 23:59:03 - [TEST_STEP][PASSED] - M4_spin_reel_wins = M4_spin_reel_wins: null

2019-08-10 23:59:03 - [TEST_STEP][PASSED] - println("GlobalVariable.M4_spin_reel_wins is: " + M4_spin_reel_wins): null

2019-08-10 23:59:03 - [TEST_STEP][PASSED] - M4_spin_total_bonus_win_this_round = total_bonus_win_this_round: null

2019-08-10 23:59:03 - [TEST_STEP][PASSED] - M4_spin_total_bonus_win_this_round = M4_spin_total_bonus_win_this_round: null

2019-08-10 23:59:03 - [TEST_STEP][PASSED] - println("GlobalVariable.M4_spin_total_bonus_win_this_round is: " + M4_spin_total_bonus_win_this_round): null

2019-08-10 23:59:03 - [MESSAGE][PASSED] - Verify response successfully

2019-08-10 23:59:03 - [MESSAGE][PASSED] - Send request and verify the response successfully

2019-08-10 23:59:03 - [TEST_STEP][PASSED] - if (M4_total_bonus_spins_int != 0 &amp;&amp; M4_spin_reels_symbols[2].contains("WILD_Double") || M4_spin_reels_symbols[4].contains("WILD_Triple")): null

2019-08-10 23:59:03 - [TEST_STEP][PASSED] - free_spin_reel_counter = free_spin_reel_counter: null

2019-08-10 23:59:03 - [TEST_STEP][PASSED] - M4_spin_reels_symbols = M4_spin_reels_symbols: null

2019-08-10 23:59:03 - [TEST_STEP][PASSED] - M4_total_bonus_spins = M4_total_bonus_spins: null

2019-08-10 23:59:03 - [TEST_STEP][PASSED] - spin_result = sendRequestAndVerify(findTestObject("RGS(M4)/1_M4_spin", ["M4_login_user_id":M4_login_user_id, "rgs_session_token":rgs_session_token, "partner":Partner])): Send request and verify the response successfully

2019-08-10 23:59:03 - [TEST_CASE][PASSED] - Start Test Case : Verification: Verification accomplished successfully

2019-08-10 23:59:03 - [TEST_STEP][PASSED] - request = getInstance().getCurrentRequest(): null

2019-08-10 23:59:03 - [TEST_STEP][PASSED] - response = getInstance().getCurrentResponse(): null

2019-08-10 23:59:03 - [TEST_STEP][PASSED] - verifyResponseStatusCode(response, 200): Verify response status code successfully

2019-08-10 23:59:03 - [MESSAGE][PASSED] - Verify response status code successfully

2019-08-10 23:59:03 - [TEST_STEP][PASSED] - getStatusCode()).isEqualTo(200): null

2019-08-10 23:59:03 - [TEST_STEP][PASSED] - newline = System.getProperty("line.separator"): null

2019-08-10 23:59:03 - [TEST_STEP][PASSED] - M4_spin = new groovy.json.JsonSlurper(): null

2019-08-10 23:59:03 - [TEST_STEP][PASSED] - result_M4_spin = M4_spin.parseText(response.getResponseBodyContent()): null

2019-08-10 23:59:03 - [TEST_STEP][PASSED] - M4_spin_current_balance = current_balance: null

2019-08-10 23:59:03 - [TEST_STEP][PASSED] - M4_spin_current_balance = M4_spin_current_balance: null

2019-08-10 23:59:03 - [TEST_STEP][PASSED] - M4_spin_transaction_id = causality: null

2019-08-10 23:59:03 - [TEST_STEP][PASSED] - M4_spin_transaction_id = M4_spin_transaction_id: null

2019-08-10 23:59:03 - [TEST_STEP][PASSED] - M4_spin_round_id = round_id: null

2019-08-10 23:59:03 - [TEST_STEP][PASSED] - M4_spin_round_id = M4_spin_round_id: null

2019-08-10 23:59:03 - [TEST_STEP][PASSED] - M4_spin_line_wins = line_wins: null

2019-08-10 23:59:03 - [TEST_STEP][PASSED] - M4_spin_line_wins = M4_spin_line_wins: null

2019-08-10 23:59:03 - [TEST_STEP][PASSED] - M4_total_bonus_spins_int = total_bonus_spins: null

2019-08-10 23:59:03 - [TEST_STEP][PASSED] - println("******M4_total_bonus_spins type is:*******" + newline + getClass().getName()): null

2019-08-10 23:59:03 - [TEST_STEP][PASSED] - M4_total_bonus_spins_int = M4_total_bonus_spins_int: null

2019-08-10 23:59:03 - [TEST_STEP][PASSED] - M4_total_bonus_spins = Integer.toString(M4_total_bonus_spins_int): null

2019-08-10 23:59:03 - [TEST_STEP][PASSED] - M4_total_bonus_spins = M4_total_bonus_spins: null

2019-08-10 23:59:03 - [TEST_STEP][PASSED] - println("M4_total_bonus_spins is:" + M4_total_bonus_spins): null

2019-08-10 23:59:03 - [TEST_STEP][PASSED] - M4_spin_bonus_data = bonus_data: null

2019-08-10 23:59:03 - [TEST_STEP][PASSED] - M4_spin_features_triggered = result_M4_spin: null

2019-08-10 23:59:03 - [TEST_STEP][PASSED] - wild = []: null

2019-08-10 23:59:03 - [TEST_STEP][PASSED] - wild[0] = "WILD_Expanding": null

2019-08-10 23:59:03 - [TEST_STEP][PASSED] - wild[1] = "WILD_Normal": null

2019-08-10 23:59:03 - [TEST_STEP][PASSED] - wild[2] = "WILD_Double": null

2019-08-10 23:59:03 - [TEST_STEP][PASSED] - wild[3] = "WILD_ExtraFG": null

2019-08-10 23:59:03 - [TEST_STEP][PASSED] - wild[4] = "WILD_Triple": null

2019-08-10 23:59:03 - [TEST_STEP][PASSED] - wildList = Arrays.asList(wild): null

2019-08-10 23:59:03 - [TEST_STEP][PASSED] - wildList = wildList: null

2019-08-10 23:59:03 - [TEST_STEP][PASSED] - free_spin_reel_counter = []: null

2019-08-10 23:59:03 - [TEST_STEP][PASSED] - free_spin_reel_counter[0] = 0: null

2019-08-10 23:59:03 - [TEST_STEP][PASSED] - free_spin_reel_counter[1] = 0: null

2019-08-10 23:59:03 - [TEST_STEP][PASSED] - free_spin_reel_counter[2] = 0: null

2019-08-10 23:59:03 - [TEST_STEP][PASSED] - M4_spin_reels = reels: null

2019-08-10 23:59:03 - [TEST_STEP][PASSED] - for ([i = 0, i &lt; M4_spin_reels.size(), (i++)]): null

2019-08-10 23:59:03 - [TEST_STEP][PASSED] - symbols = symbols: null

2019-08-10 23:59:03 - [TEST_STEP][PASSED] - for ([j = 0, j &lt; symbols.size(), (j++)]): null

2019-08-10 23:59:03 - [TEST_STEP][PASSED] - symbol = symbol: null

2019-08-10 23:59:03 - [TEST_STEP][PASSED] - println(symbol): null

2019-08-10 23:59:03 - [TEST_STEP][PASSED] - if (i == 2 &amp;&amp; wildList.indexOf(symbol) != -1): null

2019-08-10 23:59:03 - [TEST_STEP][PASSED] - if (i == 3 &amp;&amp; wildList.indexOf(symbol) != -1): null

2019-08-10 23:59:03 - [TEST_STEP][PASSED] - if (i == 4 &amp;&amp; wildList.indexOf(symbol) != -1): null

2019-08-10 23:59:03 - [TEST_STEP][PASSED] - symbol = symbol: null

2019-08-10 23:59:03 - [TEST_STEP][PASSED] - println(symbol): null

2019-08-10 23:59:03 - [TEST_STEP][PASSED] - if (i == 2 &amp;&amp; wildList.indexOf(symbol) != -1): null

2019-08-10 23:59:03 - [TEST_STEP][PASSED] - if (i == 3 &amp;&amp; wildList.indexOf(symbol) != -1): null

2019-08-10 23:59:03 - [TEST_STEP][PASSED] - if (i == 4 &amp;&amp; wildList.indexOf(symbol) != -1): null

2019-08-10 23:59:03 - [TEST_STEP][PASSED] - symbol = symbol: null

2019-08-10 23:59:03 - [TEST_STEP][PASSED] - println(symbol): null

2019-08-10 23:59:03 - [TEST_STEP][PASSED] - if (i == 2 &amp;&amp; wildList.indexOf(symbol) != -1): null

2019-08-10 23:59:03 - [TEST_STEP][PASSED] - if (i == 3 &amp;&amp; wildList.indexOf(symbol) != -1): null

2019-08-10 23:59:03 - [TEST_STEP][PASSED] - if (i == 4 &amp;&amp; wildList.indexOf(symbol) != -1): null

2019-08-10 23:59:03 - [TEST_STEP][PASSED] - symbols = symbols: null

2019-08-10 23:59:03 - [TEST_STEP][PASSED] - for ([j = 0, j &lt; symbols.size(), (j++)]): null

2019-08-10 23:59:03 - [TEST_STEP][PASSED] - symbol = symbol: null

2019-08-10 23:59:03 - [TEST_STEP][PASSED] - println(symbol): null

2019-08-10 23:59:03 - [TEST_STEP][PASSED] - if (i == 2 &amp;&amp; wildList.indexOf(symbol) != -1): null

2019-08-10 23:59:03 - [TEST_STEP][PASSED] - if (i == 3 &amp;&amp; wildList.indexOf(symbol) != -1): null

2019-08-10 23:59:03 - [TEST_STEP][PASSED] - if (i == 4 &amp;&amp; wildList.indexOf(symbol) != -1): null

2019-08-10 23:59:03 - [TEST_STEP][PASSED] - symbol = symbol: null

2019-08-10 23:59:03 - [TEST_STEP][PASSED] - println(symbol): null

2019-08-10 23:59:03 - [TEST_STEP][PASSED] - if (i == 2 &amp;&amp; wildList.indexOf(symbol) != -1): null

2019-08-10 23:59:03 - [TEST_STEP][PASSED] - if (i == 3 &amp;&amp; wildList.indexOf(symbol) != -1): null

2019-08-10 23:59:03 - [TEST_STEP][PASSED] - if (i == 4 &amp;&amp; wildList.indexOf(symbol) != -1): null

2019-08-10 23:59:03 - [TEST_STEP][PASSED] - symbol = symbol: null

2019-08-10 23:59:03 - [TEST_STEP][PASSED] - println(symbol): null

2019-08-10 23:59:03 - [TEST_STEP][PASSED] - if (i == 2 &amp;&amp; wildList.indexOf(symbol) != -1): null

2019-08-10 23:59:03 - [TEST_STEP][PASSED] - if (i == 3 &amp;&amp; wildList.indexOf(symbol) != -1): null

2019-08-10 23:59:03 - [TEST_STEP][PASSED] - if (i == 4 &amp;&amp; wildList.indexOf(symbol) != -1): null

2019-08-10 23:59:03 - [TEST_STEP][PASSED] - symbols = symbols: null

2019-08-10 23:59:03 - [TEST_STEP][PASSED] - for ([j = 0, j &lt; symbols.size(), (j++)]): null

2019-08-10 23:59:03 - [TEST_STEP][PASSED] - symbol = symbol: null

2019-08-10 23:59:03 - [TEST_STEP][PASSED] - println(symbol): null

2019-08-10 23:59:03 - [TEST_STEP][PASSED] - if (i == 2 &amp;&amp; wildList.indexOf(symbol) != -1): null

2019-08-10 23:59:03 - [TEST_STEP][PASSED] - if (i == 3 &amp;&amp; wildList.indexOf(symbol) != -1): null

2019-08-10 23:59:03 - [TEST_STEP][PASSED] - if (i == 4 &amp;&amp; wildList.indexOf(symbol) != -1): null

2019-08-10 23:59:03 - [TEST_STEP][PASSED] - symbol = symbol: null

2019-08-10 23:59:03 - [TEST_STEP][PASSED] - println(symbol): null

2019-08-10 23:59:03 - [TEST_STEP][PASSED] - if (i == 2 &amp;&amp; wildList.indexOf(symbol) != -1): null

2019-08-10 23:59:03 - [TEST_STEP][PASSED] - println("wild found on reel 3, adding counter by 1"): null

2019-08-10 23:59:03 - [TEST_STEP][PASSED] - free_spin_reel_counter[0] = free_spin_reel_counter[0] + 1: null

2019-08-10 23:59:03 - [TEST_STEP][PASSED] - if (i == 3 &amp;&amp; wildList.indexOf(symbol) != -1): null

2019-08-10 23:59:03 - [TEST_STEP][PASSED] - if (i == 4 &amp;&amp; wildList.indexOf(symbol) != -1): null

2019-08-10 23:59:03 - [TEST_STEP][PASSED] - symbol = symbol: null

2019-08-10 23:59:03 - [TEST_STEP][PASSED] - println(symbol): null

2019-08-10 23:59:03 - [TEST_STEP][PASSED] - if (i == 2 &amp;&amp; wildList.indexOf(symbol) != -1): null

2019-08-10 23:59:03 - [TEST_STEP][PASSED] - if (i == 3 &amp;&amp; wildList.indexOf(symbol) != -1): null

2019-08-10 23:59:03 - [TEST_STEP][PASSED] - if (i == 4 &amp;&amp; wildList.indexOf(symbol) != -1): null

2019-08-10 23:59:03 - [TEST_STEP][PASSED] - symbols = symbols: null

2019-08-10 23:59:03 - [TEST_STEP][PASSED] - for ([j = 0, j &lt; symbols.size(), (j++)]): null

2019-08-10 23:59:03 - [TEST_STEP][PASSED] - symbol = symbol: null

2019-08-10 23:59:03 - [TEST_STEP][PASSED] - println(symbol): null

2019-08-10 23:59:03 - [TEST_STEP][PASSED] - if (i == 2 &amp;&amp; wildList.indexOf(symbol) != -1): null

2019-08-10 23:59:03 - [TEST_STEP][PASSED] - if (i == 3 &amp;&amp; wildList.indexOf(symbol) != -1): null

2019-08-10 23:59:03 - [TEST_STEP][PASSED] - if (i == 4 &amp;&amp; wildList.indexOf(symbol) != -1): null

2019-08-10 23:59:03 - [TEST_STEP][PASSED] - symbol = symbol: null

2019-08-10 23:59:03 - [TEST_STEP][PASSED] - println(symbol): null

2019-08-10 23:59:03 - [TEST_STEP][PASSED] - if (i == 2 &amp;&amp; wildList.indexOf(symbol) != -1): null

2019-08-10 23:59:03 - [TEST_STEP][PASSED] - if (i == 3 &amp;&amp; wildList.indexOf(symbol) != -1): null

2019-08-10 23:59:03 - [TEST_STEP][PASSED] - if (i == 4 &amp;&amp; wildList.indexOf(symbol) != -1): null

2019-08-10 23:59:03 - [TEST_STEP][PASSED] - symbol = symbol: null

2019-08-10 23:59:03 - [TEST_STEP][PASSED] - println(symbol): null

2019-08-10 23:59:03 - [TEST_STEP][PASSED] - if (i == 2 &amp;&amp; wildList.indexOf(symbol) != -1): null

2019-08-10 23:59:03 - [TEST_STEP][PASSED] - if (i == 3 &amp;&amp; wildList.indexOf(symbol) != -1): null

2019-08-10 23:59:03 - [TEST_STEP][PASSED] - if (i == 4 &amp;&amp; wildList.indexOf(symbol) != -1): null

2019-08-10 23:59:03 - [TEST_STEP][PASSED] - symbols = symbols: null

2019-08-10 23:59:03 - [TEST_STEP][PASSED] - for ([j = 0, j &lt; symbols.size(), (j++)]): null

2019-08-10 23:59:03 - [TEST_STEP][PASSED] - symbol = symbol: null

2019-08-10 23:59:03 - [TEST_STEP][PASSED] - println(symbol): null

2019-08-10 23:59:03 - [TEST_STEP][PASSED] - if (i == 2 &amp;&amp; wildList.indexOf(symbol) != -1): null

2019-08-10 23:59:03 - [TEST_STEP][PASSED] - if (i == 3 &amp;&amp; wildList.indexOf(symbol) != -1): null

2019-08-10 23:59:03 - [TEST_STEP][PASSED] - if (i == 4 &amp;&amp; wildList.indexOf(symbol) != -1): null

2019-08-10 23:59:03 - [TEST_STEP][PASSED] - symbol = symbol: null

2019-08-10 23:59:03 - [TEST_STEP][PASSED] - println(symbol): null

2019-08-10 23:59:03 - [TEST_STEP][PASSED] - if (i == 2 &amp;&amp; wildList.indexOf(symbol) != -1): null

2019-08-10 23:59:03 - [TEST_STEP][PASSED] - if (i == 3 &amp;&amp; wildList.indexOf(symbol) != -1): null

2019-08-10 23:59:03 - [TEST_STEP][PASSED] - if (i == 4 &amp;&amp; wildList.indexOf(symbol) != -1): null

2019-08-10 23:59:03 - [TEST_STEP][PASSED] - symbol = symbol: null

2019-08-10 23:59:03 - [TEST_STEP][PASSED] - println(symbol): null

2019-08-10 23:59:03 - [TEST_STEP][PASSED] - if (i == 2 &amp;&amp; wildList.indexOf(symbol) != -1): null

2019-08-10 23:59:03 - [TEST_STEP][PASSED] - if (i == 3 &amp;&amp; wildList.indexOf(symbol) != -1): null

2019-08-10 23:59:03 - [TEST_STEP][PASSED] - if (i == 4 &amp;&amp; wildList.indexOf(symbol) != -1): null

2019-08-10 23:59:03 - [TEST_STEP][PASSED] - println("wild found on reel 5, adding counter by 1"): null

2019-08-10 23:59:03 - [TEST_STEP][PASSED] - free_spin_reel_counter[2] = free_spin_reel_counter[2] + 1: null

2019-08-10 23:59:03 - [TEST_STEP][PASSED] - free_spin_reel_counter = free_spin_reel_counter: null

2019-08-10 23:59:03 - [TEST_STEP][PASSED] - println("reel 3 wild found: " + free_spin_reel_counter[0]): null

2019-08-10 23:59:03 - [TEST_STEP][PASSED] - println("reel 4 wild found: " + free_spin_reel_counter[1]): null

2019-08-10 23:59:03 - [TEST_STEP][PASSED] - println("reel 5 wild found: " + free_spin_reel_counter[2]): null

2019-08-10 23:59:03 - [TEST_STEP][PASSED] - M4_spin_reels = M4_spin_reels: null

2019-08-10 23:59:03 - [TEST_STEP][PASSED] - M4_spin_reels_symbols = symbol: null

2019-08-10 23:59:03 - [TEST_STEP][PASSED] - M4_spin_reels_symbols = M4_spin_reels_symbols: null

2019-08-10 23:59:03 - [TEST_STEP][PASSED] - M4_spin_reel_wins = reel_wins: null

2019-08-10 23:59:03 - [TEST_STEP][PASSED] - M4_spin_reel_wins = M4_spin_reel_wins: null

2019-08-10 23:59:03 - [TEST_STEP][PASSED] - println("GlobalVariable.M4_spin_reel_wins is: " + M4_spin_reel_wins): null

2019-08-10 23:59:03 - [TEST_STEP][PASSED] - M4_spin_total_bonus_win_this_round = total_bonus_win_this_round: null

2019-08-10 23:59:03 - [TEST_STEP][PASSED] - M4_spin_total_bonus_win_this_round = M4_spin_total_bonus_win_this_round: null

2019-08-10 23:59:03 - [TEST_STEP][PASSED] - println("GlobalVariable.M4_spin_total_bonus_win_this_round is: " + M4_spin_total_bonus_win_this_round): null

2019-08-10 23:59:03 - [MESSAGE][PASSED] - Verify response successfully

2019-08-10 23:59:03 - [MESSAGE][PASSED] - Send request and verify the response successfully

2019-08-10 23:59:03 - [TEST_STEP][PASSED] - if (M4_total_bonus_spins_int != 0 &amp;&amp; M4_spin_reels_symbols[2].contains("WILD_Double") || M4_spin_reels_symbols[4].contains("WILD_Triple")): null

2019-08-10 23:59:03 - [TEST_STEP][PASSED] - free_spin_reel_counter = free_spin_reel_counter: null

2019-08-10 23:59:03 - [TEST_STEP][PASSED] - M4_spin_reels_symbols = M4_spin_reels_symbols: null

2019-08-10 23:59:03 - [TEST_STEP][PASSED] - M4_total_bonus_spins = M4_total_bonus_spins: null

2019-08-10 23:59:03 - [TEST_STEP][PASSED] - spin_result = sendRequestAndVerify(findTestObject("RGS(M4)/1_M4_spin", ["M4_login_user_id":M4_login_user_id, "rgs_session_token":rgs_session_token, "partner":Partner])): Send request and verify the response successfully

2019-08-10 23:59:04 - [TEST_CASE][PASSED] - Start Test Case : Verification: Verification accomplished successfully

2019-08-10 23:59:04 - [TEST_STEP][PASSED] - request = getInstance().getCurrentRequest(): null

2019-08-10 23:59:04 - [TEST_STEP][PASSED] - response = getInstance().getCurrentResponse(): null

2019-08-10 23:59:04 - [TEST_STEP][PASSED] - verifyResponseStatusCode(response, 200): Verify response status code successfully

2019-08-10 23:59:04 - [MESSAGE][PASSED] - Verify response status code successfully

2019-08-10 23:59:04 - [TEST_STEP][PASSED] - getStatusCode()).isEqualTo(200): null

2019-08-10 23:59:04 - [TEST_STEP][PASSED] - newline = System.getProperty("line.separator"): null

2019-08-10 23:59:04 - [TEST_STEP][PASSED] - M4_spin = new groovy.json.JsonSlurper(): null

2019-08-10 23:59:04 - [TEST_STEP][PASSED] - result_M4_spin = M4_spin.parseText(response.getResponseBodyContent()): null

2019-08-10 23:59:04 - [TEST_STEP][PASSED] - M4_spin_current_balance = current_balance: null

2019-08-10 23:59:04 - [TEST_STEP][PASSED] - M4_spin_current_balance = M4_spin_current_balance: null

2019-08-10 23:59:04 - [TEST_STEP][PASSED] - M4_spin_transaction_id = causality: null

2019-08-10 23:59:04 - [TEST_STEP][PASSED] - M4_spin_transaction_id = M4_spin_transaction_id: null

2019-08-10 23:59:04 - [TEST_STEP][PASSED] - M4_spin_round_id = round_id: null

2019-08-10 23:59:04 - [TEST_STEP][PASSED] - M4_spin_round_id = M4_spin_round_id: null

2019-08-10 23:59:04 - [TEST_STEP][PASSED] - M4_spin_line_wins = line_wins: null

2019-08-10 23:59:04 - [TEST_STEP][PASSED] - M4_spin_line_wins = M4_spin_line_wins: null

2019-08-10 23:59:04 - [TEST_STEP][PASSED] - M4_total_bonus_spins_int = total_bonus_spins: null

2019-08-10 23:59:04 - [TEST_STEP][PASSED] - println("******M4_total_bonus_spins type is:*******" + newline + getClass().getName()): null

2019-08-10 23:59:04 - [TEST_STEP][PASSED] - M4_total_bonus_spins_int = M4_total_bonus_spins_int: null

2019-08-10 23:59:04 - [TEST_STEP][PASSED] - M4_total_bonus_spins = Integer.toString(M4_total_bonus_spins_int): null

2019-08-10 23:59:04 - [TEST_STEP][PASSED] - M4_total_bonus_spins = M4_total_bonus_spins: null

2019-08-10 23:59:04 - [TEST_STEP][PASSED] - println("M4_total_bonus_spins is:" + M4_total_bonus_spins): null

2019-08-10 23:59:04 - [TEST_STEP][PASSED] - M4_spin_bonus_data = bonus_data: null

2019-08-10 23:59:04 - [TEST_STEP][PASSED] - M4_spin_features_triggered = result_M4_spin: null

2019-08-10 23:59:04 - [TEST_STEP][PASSED] - wild = []: null

2019-08-10 23:59:04 - [TEST_STEP][PASSED] - wild[0] = "WILD_Expanding": null

2019-08-10 23:59:04 - [TEST_STEP][PASSED] - wild[1] = "WILD_Normal": null

2019-08-10 23:59:04 - [TEST_STEP][PASSED] - wild[2] = "WILD_Double": null

2019-08-10 23:59:04 - [TEST_STEP][PASSED] - wild[3] = "WILD_ExtraFG": null

2019-08-10 23:59:04 - [TEST_STEP][PASSED] - wild[4] = "WILD_Triple": null

2019-08-10 23:59:04 - [TEST_STEP][PASSED] - wildList = Arrays.asList(wild): null

2019-08-10 23:59:04 - [TEST_STEP][PASSED] - wildList = wildList: null

2019-08-10 23:59:04 - [TEST_STEP][PASSED] - free_spin_reel_counter = []: null

2019-08-10 23:59:04 - [TEST_STEP][PASSED] - free_spin_reel_counter[0] = 0: null

2019-08-10 23:59:04 - [TEST_STEP][PASSED] - free_spin_reel_counter[1] = 0: null

2019-08-10 23:59:04 - [TEST_STEP][PASSED] - free_spin_reel_counter[2] = 0: null

2019-08-10 23:59:04 - [TEST_STEP][PASSED] - M4_spin_reels = reels: null

2019-08-10 23:59:04 - [TEST_STEP][PASSED] - for ([i = 0, i &lt; M4_spin_reels.size(), (i++)]): null

2019-08-10 23:59:04 - [TEST_STEP][PASSED] - symbols = symbols: null

2019-08-10 23:59:04 - [TEST_STEP][PASSED] - for ([j = 0, j &lt; symbols.size(), (j++)]): null

2019-08-10 23:59:04 - [TEST_STEP][PASSED] - symbol = symbol: null

2019-08-10 23:59:04 - [TEST_STEP][PASSED] - println(symbol): null

2019-08-10 23:59:04 - [TEST_STEP][PASSED] - if (i == 2 &amp;&amp; wildList.indexOf(symbol) != -1): null

2019-08-10 23:59:04 - [TEST_STEP][PASSED] - if (i == 3 &amp;&amp; wildList.indexOf(symbol) != -1): null

2019-08-10 23:59:04 - [TEST_STEP][PASSED] - if (i == 4 &amp;&amp; wildList.indexOf(symbol) != -1): null

2019-08-10 23:59:04 - [TEST_STEP][PASSED] - symbol = symbol: null

2019-08-10 23:59:04 - [TEST_STEP][PASSED] - println(symbol): null

2019-08-10 23:59:04 - [TEST_STEP][PASSED] - if (i == 2 &amp;&amp; wildList.indexOf(symbol) != -1): null

2019-08-10 23:59:04 - [TEST_STEP][PASSED] - if (i == 3 &amp;&amp; wildList.indexOf(symbol) != -1): null

2019-08-10 23:59:04 - [TEST_STEP][PASSED] - if (i == 4 &amp;&amp; wildList.indexOf(symbol) != -1): null

2019-08-10 23:59:04 - [TEST_STEP][PASSED] - symbol = symbol: null

2019-08-10 23:59:04 - [TEST_STEP][PASSED] - println(symbol): null

2019-08-10 23:59:04 - [TEST_STEP][PASSED] - if (i == 2 &amp;&amp; wildList.indexOf(symbol) != -1): null

2019-08-10 23:59:04 - [TEST_STEP][PASSED] - if (i == 3 &amp;&amp; wildList.indexOf(symbol) != -1): null

2019-08-10 23:59:04 - [TEST_STEP][PASSED] - if (i == 4 &amp;&amp; wildList.indexOf(symbol) != -1): null

2019-08-10 23:59:04 - [TEST_STEP][PASSED] - symbols = symbols: null

2019-08-10 23:59:04 - [TEST_STEP][PASSED] - for ([j = 0, j &lt; symbols.size(), (j++)]): null

2019-08-10 23:59:04 - [TEST_STEP][PASSED] - symbol = symbol: null

2019-08-10 23:59:04 - [TEST_STEP][PASSED] - println(symbol): null

2019-08-10 23:59:04 - [TEST_STEP][PASSED] - if (i == 2 &amp;&amp; wildList.indexOf(symbol) != -1): null

2019-08-10 23:59:04 - [TEST_STEP][PASSED] - if (i == 3 &amp;&amp; wildList.indexOf(symbol) != -1): null

2019-08-10 23:59:04 - [TEST_STEP][PASSED] - if (i == 4 &amp;&amp; wildList.indexOf(symbol) != -1): null

2019-08-10 23:59:04 - [TEST_STEP][PASSED] - symbol = symbol: null

2019-08-10 23:59:04 - [TEST_STEP][PASSED] - println(symbol): null

2019-08-10 23:59:04 - [TEST_STEP][PASSED] - if (i == 2 &amp;&amp; wildList.indexOf(symbol) != -1): null

2019-08-10 23:59:04 - [TEST_STEP][PASSED] - if (i == 3 &amp;&amp; wildList.indexOf(symbol) != -1): null

2019-08-10 23:59:04 - [TEST_STEP][PASSED] - if (i == 4 &amp;&amp; wildList.indexOf(symbol) != -1): null

2019-08-10 23:59:04 - [TEST_STEP][PASSED] - symbol = symbol: null

2019-08-10 23:59:04 - [TEST_STEP][PASSED] - println(symbol): null

2019-08-10 23:59:04 - [TEST_STEP][PASSED] - if (i == 2 &amp;&amp; wildList.indexOf(symbol) != -1): null

2019-08-10 23:59:04 - [TEST_STEP][PASSED] - if (i == 3 &amp;&amp; wildList.indexOf(symbol) != -1): null

2019-08-10 23:59:04 - [TEST_STEP][PASSED] - if (i == 4 &amp;&amp; wildList.indexOf(symbol) != -1): null

2019-08-10 23:59:04 - [TEST_STEP][PASSED] - symbols = symbols: null

2019-08-10 23:59:04 - [TEST_STEP][PASSED] - for ([j = 0, j &lt; symbols.size(), (j++)]): null

2019-08-10 23:59:04 - [TEST_STEP][PASSED] - symbol = symbol: null

2019-08-10 23:59:04 - [TEST_STEP][PASSED] - println(symbol): null

2019-08-10 23:59:04 - [TEST_STEP][PASSED] - if (i == 2 &amp;&amp; wildList.indexOf(symbol) != -1): null

2019-08-10 23:59:04 - [TEST_STEP][PASSED] - if (i == 3 &amp;&amp; wildList.indexOf(symbol) != -1): null

2019-08-10 23:59:04 - [TEST_STEP][PASSED] - if (i == 4 &amp;&amp; wildList.indexOf(symbol) != -1): null

2019-08-10 23:59:04 - [TEST_STEP][PASSED] - symbol = symbol: null

2019-08-10 23:59:04 - [TEST_STEP][PASSED] - println(symbol): null

2019-08-10 23:59:04 - [TEST_STEP][PASSED] - if (i == 2 &amp;&amp; wildList.indexOf(symbol) != -1): null

2019-08-10 23:59:04 - [TEST_STEP][PASSED] - if (i == 3 &amp;&amp; wildList.indexOf(symbol) != -1): null

2019-08-10 23:59:04 - [TEST_STEP][PASSED] - if (i == 4 &amp;&amp; wildList.indexOf(symbol) != -1): null

2019-08-10 23:59:04 - [TEST_STEP][PASSED] - symbol = symbol: null

2019-08-10 23:59:04 - [TEST_STEP][PASSED] - println(symbol): null

2019-08-10 23:59:04 - [TEST_STEP][PASSED] - if (i == 2 &amp;&amp; wildList.indexOf(symbol) != -1): null

2019-08-10 23:59:04 - [TEST_STEP][PASSED] - if (i == 3 &amp;&amp; wildList.indexOf(symbol) != -1): null

2019-08-10 23:59:04 - [TEST_STEP][PASSED] - if (i == 4 &amp;&amp; wildList.indexOf(symbol) != -1): null

2019-08-10 23:59:04 - [TEST_STEP][PASSED] - symbols = symbols: null

2019-08-10 23:59:04 - [TEST_STEP][PASSED] - for ([j = 0, j &lt; symbols.size(), (j++)]): null

2019-08-10 23:59:04 - [TEST_STEP][PASSED] - symbol = symbol: null

2019-08-10 23:59:04 - [TEST_STEP][PASSED] - println(symbol): null

2019-08-10 23:59:04 - [TEST_STEP][PASSED] - if (i == 2 &amp;&amp; wildList.indexOf(symbol) != -1): null

2019-08-10 23:59:04 - [TEST_STEP][PASSED] - if (i == 3 &amp;&amp; wildList.indexOf(symbol) != -1): null

2019-08-10 23:59:04 - [TEST_STEP][PASSED] - if (i == 4 &amp;&amp; wildList.indexOf(symbol) != -1): null

2019-08-10 23:59:04 - [TEST_STEP][PASSED] - symbol = symbol: null

2019-08-10 23:59:04 - [TEST_STEP][PASSED] - println(symbol): null

2019-08-10 23:59:04 - [TEST_STEP][PASSED] - if (i == 2 &amp;&amp; wildList.indexOf(symbol) != -1): null

2019-08-10 23:59:04 - [TEST_STEP][PASSED] - if (i == 3 &amp;&amp; wildList.indexOf(symbol) != -1): null

2019-08-10 23:59:04 - [TEST_STEP][PASSED] - if (i == 4 &amp;&amp; wildList.indexOf(symbol) != -1): null

2019-08-10 23:59:04 - [TEST_STEP][PASSED] - symbol = symbol: null

2019-08-10 23:59:04 - [TEST_STEP][PASSED] - println(symbol): null

2019-08-10 23:59:04 - [TEST_STEP][PASSED] - if (i == 2 &amp;&amp; wildList.indexOf(symbol) != -1): null

2019-08-10 23:59:04 - [TEST_STEP][PASSED] - if (i == 3 &amp;&amp; wildList.indexOf(symbol) != -1): null

2019-08-10 23:59:04 - [TEST_STEP][PASSED] - if (i == 4 &amp;&amp; wildList.indexOf(symbol) != -1): null

2019-08-10 23:59:04 - [TEST_STEP][PASSED] - symbols = symbols: null

2019-08-10 23:59:04 - [TEST_STEP][PASSED] - for ([j = 0, j &lt; symbols.size(), (j++)]): null

2019-08-10 23:59:04 - [TEST_STEP][PASSED] - symbol = symbol: null

2019-08-10 23:59:04 - [TEST_STEP][PASSED] - println(symbol): null

2019-08-10 23:59:04 - [TEST_STEP][PASSED] - if (i == 2 &amp;&amp; wildList.indexOf(symbol) != -1): null

2019-08-10 23:59:04 - [TEST_STEP][PASSED] - if (i == 3 &amp;&amp; wildList.indexOf(symbol) != -1): null

2019-08-10 23:59:04 - [TEST_STEP][PASSED] - if (i == 4 &amp;&amp; wildList.indexOf(symbol) != -1): null

2019-08-10 23:59:04 - [TEST_STEP][PASSED] - symbol = symbol: null

2019-08-10 23:59:04 - [TEST_STEP][PASSED] - println(symbol): null

2019-08-10 23:59:04 - [TEST_STEP][PASSED] - if (i == 2 &amp;&amp; wildList.indexOf(symbol) != -1): null

2019-08-10 23:59:04 - [TEST_STEP][PASSED] - if (i == 3 &amp;&amp; wildList.indexOf(symbol) != -1): null

2019-08-10 23:59:04 - [TEST_STEP][PASSED] - if (i == 4 &amp;&amp; wildList.indexOf(symbol) != -1): null

2019-08-10 23:59:04 - [TEST_STEP][PASSED] - symbol = symbol: null

2019-08-10 23:59:04 - [TEST_STEP][PASSED] - println(symbol): null

2019-08-10 23:59:04 - [TEST_STEP][PASSED] - if (i == 2 &amp;&amp; wildList.indexOf(symbol) != -1): null

2019-08-10 23:59:04 - [TEST_STEP][PASSED] - if (i == 3 &amp;&amp; wildList.indexOf(symbol) != -1): null

2019-08-10 23:59:04 - [TEST_STEP][PASSED] - if (i == 4 &amp;&amp; wildList.indexOf(symbol) != -1): null

2019-08-10 23:59:04 - [TEST_STEP][PASSED] - free_spin_reel_counter = free_spin_reel_counter: null

2019-08-10 23:59:04 - [TEST_STEP][PASSED] - println("reel 3 wild found: " + free_spin_reel_counter[0]): null

2019-08-10 23:59:04 - [TEST_STEP][PASSED] - println("reel 4 wild found: " + free_spin_reel_counter[1]): null

2019-08-10 23:59:04 - [TEST_STEP][PASSED] - println("reel 5 wild found: " + free_spin_reel_counter[2]): null

2019-08-10 23:59:04 - [TEST_STEP][PASSED] - M4_spin_reels = M4_spin_reels: null

2019-08-10 23:59:04 - [TEST_STEP][PASSED] - M4_spin_reels_symbols = symbol: null

2019-08-10 23:59:04 - [TEST_STEP][PASSED] - M4_spin_reels_symbols = M4_spin_reels_symbols: null

2019-08-10 23:59:04 - [TEST_STEP][PASSED] - M4_spin_reel_wins = reel_wins: null

2019-08-10 23:59:04 - [TEST_STEP][PASSED] - M4_spin_reel_wins = M4_spin_reel_wins: null

2019-08-10 23:59:04 - [TEST_STEP][PASSED] - println("GlobalVariable.M4_spin_reel_wins is: " + M4_spin_reel_wins): null

2019-08-10 23:59:04 - [TEST_STEP][PASSED] - M4_spin_total_bonus_win_this_round = total_bonus_win_this_round: null

2019-08-10 23:59:04 - [TEST_STEP][PASSED] - M4_spin_total_bonus_win_this_round = M4_spin_total_bonus_win_this_round: null

2019-08-10 23:59:04 - [TEST_STEP][PASSED] - println("GlobalVariable.M4_spin_total_bonus_win_this_round is: " + M4_spin_total_bonus_win_this_round): null

2019-08-10 23:59:04 - [MESSAGE][PASSED] - Verify response successfully

2019-08-10 23:59:04 - [MESSAGE][PASSED] - Send request and verify the response successfully

2019-08-10 23:59:04 - [TEST_STEP][PASSED] - if (M4_total_bonus_spins_int != 0 &amp;&amp; M4_spin_reels_symbols[2].contains("WILD_Double") || M4_spin_reels_symbols[4].contains("WILD_Triple")): null

2019-08-10 23:59:04 - [TEST_STEP][PASSED] - free_spin_reel_counter = free_spin_reel_counter: null

2019-08-10 23:59:04 - [TEST_STEP][PASSED] - M4_spin_reels_symbols = M4_spin_reels_symbols: null

2019-08-10 23:59:04 - [TEST_STEP][PASSED] - M4_total_bonus_spins = M4_total_bonus_spins: null

2019-08-10 23:59:04 - [TEST_STEP][PASSED] - spin_result = sendRequestAndVerify(findTestObject("RGS(M4)/1_M4_spin", ["M4_login_user_id":M4_login_user_id, "rgs_session_token":rgs_session_token, "partner":Partner])): Send request and verify the response successfully

2019-08-10 23:59:04 - [TEST_CASE][PASSED] - Start Test Case : Verification: Verification accomplished successfully

2019-08-10 23:59:04 - [TEST_STEP][PASSED] - request = getInstance().getCurrentRequest(): null

2019-08-10 23:59:04 - [TEST_STEP][PASSED] - response = getInstance().getCurrentResponse(): null

2019-08-10 23:59:04 - [TEST_STEP][PASSED] - verifyResponseStatusCode(response, 200): Verify response status code successfully

2019-08-10 23:59:04 - [MESSAGE][PASSED] - Verify response status code successfully

2019-08-10 23:59:04 - [TEST_STEP][PASSED] - getStatusCode()).isEqualTo(200): null

2019-08-10 23:59:04 - [TEST_STEP][PASSED] - newline = System.getProperty("line.separator"): null

2019-08-10 23:59:04 - [TEST_STEP][PASSED] - M4_spin = new groovy.json.JsonSlurper(): null

2019-08-10 23:59:04 - [TEST_STEP][PASSED] - result_M4_spin = M4_spin.parseText(response.getResponseBodyContent()): null

2019-08-10 23:59:04 - [TEST_STEP][PASSED] - M4_spin_current_balance = current_balance: null

2019-08-10 23:59:04 - [TEST_STEP][PASSED] - M4_spin_current_balance = M4_spin_current_balance: null

2019-08-10 23:59:04 - [TEST_STEP][PASSED] - M4_spin_transaction_id = causality: null

2019-08-10 23:59:04 - [TEST_STEP][PASSED] - M4_spin_transaction_id = M4_spin_transaction_id: null

2019-08-10 23:59:04 - [TEST_STEP][PASSED] - M4_spin_round_id = round_id: null

2019-08-10 23:59:04 - [TEST_STEP][PASSED] - M4_spin_round_id = M4_spin_round_id: null

2019-08-10 23:59:04 - [TEST_STEP][PASSED] - M4_spin_line_wins = line_wins: null

2019-08-10 23:59:04 - [TEST_STEP][PASSED] - M4_spin_line_wins = M4_spin_line_wins: null

2019-08-10 23:59:04 - [TEST_STEP][PASSED] - M4_total_bonus_spins_int = total_bonus_spins: null

2019-08-10 23:59:04 - [TEST_STEP][PASSED] - println("******M4_total_bonus_spins type is:*******" + newline + getClass().getName()): null

2019-08-10 23:59:04 - [TEST_STEP][PASSED] - M4_total_bonus_spins_int = M4_total_bonus_spins_int: null

2019-08-10 23:59:04 - [TEST_STEP][PASSED] - M4_total_bonus_spins = Integer.toString(M4_total_bonus_spins_int): null

2019-08-10 23:59:04 - [TEST_STEP][PASSED] - M4_total_bonus_spins = M4_total_bonus_spins: null

2019-08-10 23:59:04 - [TEST_STEP][PASSED] - println("M4_total_bonus_spins is:" + M4_total_bonus_spins): null

2019-08-10 23:59:04 - [TEST_STEP][PASSED] - M4_spin_bonus_data = bonus_data: null

2019-08-10 23:59:04 - [TEST_STEP][PASSED] - M4_spin_features_triggered = result_M4_spin: null

2019-08-10 23:59:04 - [TEST_STEP][PASSED] - wild = []: null

2019-08-10 23:59:04 - [TEST_STEP][PASSED] - wild[0] = "WILD_Expanding": null

2019-08-10 23:59:04 - [TEST_STEP][PASSED] - wild[1] = "WILD_Normal": null

2019-08-10 23:59:04 - [TEST_STEP][PASSED] - wild[2] = "WILD_Double": null

2019-08-10 23:59:04 - [TEST_STEP][PASSED] - wild[3] = "WILD_ExtraFG": null

2019-08-10 23:59:04 - [TEST_STEP][PASSED] - wild[4] = "WILD_Triple": null

2019-08-10 23:59:04 - [TEST_STEP][PASSED] - wildList = Arrays.asList(wild): null

2019-08-10 23:59:04 - [TEST_STEP][PASSED] - wildList = wildList: null

2019-08-10 23:59:04 - [TEST_STEP][PASSED] - free_spin_reel_counter = []: null

2019-08-10 23:59:04 - [TEST_STEP][PASSED] - free_spin_reel_counter[0] = 0: null

2019-08-10 23:59:04 - [TEST_STEP][PASSED] - free_spin_reel_counter[1] = 0: null

2019-08-10 23:59:04 - [TEST_STEP][PASSED] - free_spin_reel_counter[2] = 0: null

2019-08-10 23:59:04 - [TEST_STEP][PASSED] - M4_spin_reels = reels: null

2019-08-10 23:59:04 - [TEST_STEP][PASSED] - for ([i = 0, i &lt; M4_spin_reels.size(), (i++)]): null

2019-08-10 23:59:04 - [TEST_STEP][PASSED] - symbols = symbols: null

2019-08-10 23:59:04 - [TEST_STEP][PASSED] - for ([j = 0, j &lt; symbols.size(), (j++)]): null

2019-08-10 23:59:04 - [TEST_STEP][PASSED] - symbol = symbol: null

2019-08-10 23:59:04 - [TEST_STEP][PASSED] - println(symbol): null

2019-08-10 23:59:04 - [TEST_STEP][PASSED] - if (i == 2 &amp;&amp; wildList.indexOf(symbol) != -1): null

2019-08-10 23:59:04 - [TEST_STEP][PASSED] - if (i == 3 &amp;&amp; wildList.indexOf(symbol) != -1): null

2019-08-10 23:59:04 - [TEST_STEP][PASSED] - if (i == 4 &amp;&amp; wildList.indexOf(symbol) != -1): null

2019-08-10 23:59:04 - [TEST_STEP][PASSED] - symbol = symbol: null

2019-08-10 23:59:04 - [TEST_STEP][PASSED] - println(symbol): null

2019-08-10 23:59:04 - [TEST_STEP][PASSED] - if (i == 2 &amp;&amp; wildList.indexOf(symbol) != -1): null

2019-08-10 23:59:04 - [TEST_STEP][PASSED] - if (i == 3 &amp;&amp; wildList.indexOf(symbol) != -1): null

2019-08-10 23:59:04 - [TEST_STEP][PASSED] - if (i == 4 &amp;&amp; wildList.indexOf(symbol) != -1): null

2019-08-10 23:59:04 - [TEST_STEP][PASSED] - symbol = symbol: null

2019-08-10 23:59:04 - [TEST_STEP][PASSED] - println(symbol): null

2019-08-10 23:59:04 - [TEST_STEP][PASSED] - if (i == 2 &amp;&amp; wildList.indexOf(symbol) != -1): null

2019-08-10 23:59:04 - [TEST_STEP][PASSED] - if (i == 3 &amp;&amp; wildList.indexOf(symbol) != -1): null

2019-08-10 23:59:04 - [TEST_STEP][PASSED] - if (i == 4 &amp;&amp; wildList.indexOf(symbol) != -1): null

2019-08-10 23:59:04 - [TEST_STEP][PASSED] - symbols = symbols: null

2019-08-10 23:59:04 - [TEST_STEP][PASSED] - for ([j = 0, j &lt; symbols.size(), (j++)]): null

2019-08-10 23:59:04 - [TEST_STEP][PASSED] - symbol = symbol: null

2019-08-10 23:59:04 - [TEST_STEP][PASSED] - println(symbol): null

2019-08-10 23:59:04 - [TEST_STEP][PASSED] - if (i == 2 &amp;&amp; wildList.indexOf(symbol) != -1): null

2019-08-10 23:59:04 - [TEST_STEP][PASSED] - if (i == 3 &amp;&amp; wildList.indexOf(symbol) != -1): null

2019-08-10 23:59:04 - [TEST_STEP][PASSED] - if (i == 4 &amp;&amp; wildList.indexOf(symbol) != -1): null

2019-08-10 23:59:04 - [TEST_STEP][PASSED] - symbol = symbol: null

2019-08-10 23:59:04 - [TEST_STEP][PASSED] - println(symbol): null

2019-08-10 23:59:04 - [TEST_STEP][PASSED] - if (i == 2 &amp;&amp; wildList.indexOf(symbol) != -1): null

2019-08-10 23:59:04 - [TEST_STEP][PASSED] - if (i == 3 &amp;&amp; wildList.indexOf(symbol) != -1): null

2019-08-10 23:59:04 - [TEST_STEP][PASSED] - if (i == 4 &amp;&amp; wildList.indexOf(symbol) != -1): null

2019-08-10 23:59:04 - [TEST_STEP][PASSED] - symbol = symbol: null

2019-08-10 23:59:04 - [TEST_STEP][PASSED] - println(symbol): null

2019-08-10 23:59:04 - [TEST_STEP][PASSED] - if (i == 2 &amp;&amp; wildList.indexOf(symbol) != -1): null

2019-08-10 23:59:04 - [TEST_STEP][PASSED] - if (i == 3 &amp;&amp; wildList.indexOf(symbol) != -1): null

2019-08-10 23:59:04 - [TEST_STEP][PASSED] - if (i == 4 &amp;&amp; wildList.indexOf(symbol) != -1): null

2019-08-10 23:59:04 - [TEST_STEP][PASSED] - symbols = symbols: null

2019-08-10 23:59:04 - [TEST_STEP][PASSED] - for ([j = 0, j &lt; symbols.size(), (j++)]): null

2019-08-10 23:59:04 - [TEST_STEP][PASSED] - symbol = symbol: null

2019-08-10 23:59:04 - [TEST_STEP][PASSED] - println(symbol): null

2019-08-10 23:59:04 - [TEST_STEP][PASSED] - if (i == 2 &amp;&amp; wildList.indexOf(symbol) != -1): null

2019-08-10 23:59:04 - [TEST_STEP][PASSED] - if (i == 3 &amp;&amp; wildList.indexOf(symbol) != -1): null

2019-08-10 23:59:04 - [TEST_STEP][PASSED] - if (i == 4 &amp;&amp; wildList.indexOf(symbol) != -1): null

2019-08-10 23:59:04 - [TEST_STEP][PASSED] - symbol = symbol: null

2019-08-10 23:59:04 - [TEST_STEP][PASSED] - println(symbol): null

2019-08-10 23:59:04 - [TEST_STEP][PASSED] - if (i == 2 &amp;&amp; wildList.indexOf(symbol) != -1): null

2019-08-10 23:59:04 - [TEST_STEP][PASSED] - if (i == 3 &amp;&amp; wildList.indexOf(symbol) != -1): null

2019-08-10 23:59:04 - [TEST_STEP][PASSED] - if (i == 4 &amp;&amp; wildList.indexOf(symbol) != -1): null

2019-08-10 23:59:04 - [TEST_STEP][PASSED] - symbol = symbol: null

2019-08-10 23:59:04 - [TEST_STEP][PASSED] - println(symbol): null

2019-08-10 23:59:04 - [TEST_STEP][PASSED] - if (i == 2 &amp;&amp; wildList.indexOf(symbol) != -1): null

2019-08-10 23:59:04 - [TEST_STEP][PASSED] - if (i == 3 &amp;&amp; wildList.indexOf(symbol) != -1): null

2019-08-10 23:59:04 - [TEST_STEP][PASSED] - if (i == 4 &amp;&amp; wildList.indexOf(symbol) != -1): null

2019-08-10 23:59:04 - [TEST_STEP][PASSED] - symbols = symbols: null

2019-08-10 23:59:06 - [TEST_STEP][PASSED] - for ([j = 0, j &lt; symbols.size(), (j++)]): null

2019-08-10 23:59:06 - [TEST_STEP][PASSED] - symbol = symbol: null

2019-08-10 23:59:06 - [TEST_STEP][PASSED] - println(symbol): null

2019-08-10 23:59:06 - [TEST_STEP][PASSED] - if (i == 2 &amp;&amp; wildList.indexOf(symbol) != -1): null

2019-08-10 23:59:06 - [TEST_STEP][PASSED] - if (i == 3 &amp;&amp; wildList.indexOf(symbol) != -1): null

2019-08-10 23:59:06 - [TEST_STEP][PASSED] - if (i == 4 &amp;&amp; wildList.indexOf(symbol) != -1): null

2019-08-10 23:59:06 - [TEST_STEP][PASSED] - symbol = symbol: null

2019-08-10 23:59:06 - [TEST_STEP][PASSED] - println(symbol): null

2019-08-10 23:59:06 - [TEST_STEP][PASSED] - if (i == 2 &amp;&amp; wildList.indexOf(symbol) != -1): null

2019-08-10 23:59:06 - [TEST_STEP][PASSED] - if (i == 3 &amp;&amp; wildList.indexOf(symbol) != -1): null

2019-08-10 23:59:06 - [TEST_STEP][PASSED] - if (i == 4 &amp;&amp; wildList.indexOf(symbol) != -1): null

2019-08-10 23:59:06 - [TEST_STEP][PASSED] - symbol = symbol: null

2019-08-10 23:59:06 - [TEST_STEP][PASSED] - println(symbol): null

2019-08-10 23:59:06 - [TEST_STEP][PASSED] - if (i == 2 &amp;&amp; wildList.indexOf(symbol) != -1): null

2019-08-10 23:59:06 - [TEST_STEP][PASSED] - if (i == 3 &amp;&amp; wildList.indexOf(symbol) != -1): null

2019-08-10 23:59:06 - [TEST_STEP][PASSED] - if (i == 4 &amp;&amp; wildList.indexOf(symbol) != -1): null

2019-08-10 23:59:06 - [TEST_STEP][PASSED] - symbols = symbols: null

2019-08-10 23:59:06 - [TEST_STEP][PASSED] - for ([j = 0, j &lt; symbols.size(), (j++)]): null

2019-08-10 23:59:06 - [TEST_STEP][PASSED] - symbol = symbol: null

2019-08-10 23:59:06 - [TEST_STEP][PASSED] - println(symbol): null

2019-08-10 23:59:06 - [TEST_STEP][PASSED] - if (i == 2 &amp;&amp; wildList.indexOf(symbol) != -1): null

2019-08-10 23:59:06 - [TEST_STEP][PASSED] - if (i == 3 &amp;&amp; wildList.indexOf(symbol) != -1): null

2019-08-10 23:59:06 - [TEST_STEP][PASSED] - if (i == 4 &amp;&amp; wildList.indexOf(symbol) != -1): null

2019-08-10 23:59:06 - [TEST_STEP][PASSED] - symbol = symbol: null

2019-08-10 23:59:06 - [TEST_STEP][PASSED] - println(symbol): null

2019-08-10 23:59:06 - [TEST_STEP][PASSED] - if (i == 2 &amp;&amp; wildList.indexOf(symbol) != -1): null

2019-08-10 23:59:06 - [TEST_STEP][PASSED] - if (i == 3 &amp;&amp; wildList.indexOf(symbol) != -1): null

2019-08-10 23:59:06 - [TEST_STEP][PASSED] - if (i == 4 &amp;&amp; wildList.indexOf(symbol) != -1): null

2019-08-10 23:59:06 - [TEST_STEP][PASSED] - symbol = symbol: null

2019-08-10 23:59:06 - [TEST_STEP][PASSED] - println(symbol): null

2019-08-10 23:59:06 - [TEST_STEP][PASSED] - if (i == 2 &amp;&amp; wildList.indexOf(symbol) != -1): null

2019-08-10 23:59:06 - [TEST_STEP][PASSED] - if (i == 3 &amp;&amp; wildList.indexOf(symbol) != -1): null

2019-08-10 23:59:06 - [TEST_STEP][PASSED] - if (i == 4 &amp;&amp; wildList.indexOf(symbol) != -1): null

2019-08-10 23:59:06 - [TEST_STEP][PASSED] - free_spin_reel_counter = free_spin_reel_counter: null

2019-08-10 23:59:06 - [TEST_STEP][PASSED] - println("reel 3 wild found: " + free_spin_reel_counter[0]): null

2019-08-10 23:59:06 - [TEST_STEP][PASSED] - println("reel 4 wild found: " + free_spin_reel_counter[1]): null

2019-08-10 23:59:06 - [TEST_STEP][PASSED] - println("reel 5 wild found: " + free_spin_reel_counter[2]): null

2019-08-10 23:59:06 - [TEST_STEP][PASSED] - M4_spin_reels = M4_spin_reels: null

2019-08-10 23:59:06 - [TEST_STEP][PASSED] - M4_spin_reels_symbols = symbol: null

2019-08-10 23:59:06 - [TEST_STEP][PASSED] - M4_spin_reels_symbols = M4_spin_reels_symbols: null

2019-08-10 23:59:06 - [TEST_STEP][PASSED] - M4_spin_reel_wins = reel_wins: null

2019-08-10 23:59:06 - [TEST_STEP][PASSED] - M4_spin_reel_wins = M4_spin_reel_wins: null

2019-08-10 23:59:06 - [TEST_STEP][PASSED] - println("GlobalVariable.M4_spin_reel_wins is: " + M4_spin_reel_wins): null

2019-08-10 23:59:06 - [TEST_STEP][PASSED] - M4_spin_total_bonus_win_this_round = total_bonus_win_this_round: null

2019-08-10 23:59:06 - [TEST_STEP][PASSED] - M4_spin_total_bonus_win_this_round = M4_spin_total_bonus_win_this_round: null

2019-08-10 23:59:06 - [TEST_STEP][PASSED] - println("GlobalVariable.M4_spin_total_bonus_win_this_round is: " + M4_spin_total_bonus_win_this_round): null

2019-08-10 23:59:06 - [MESSAGE][PASSED] - Verify response successfully

2019-08-10 23:59:06 - [MESSAGE][PASSED] - Send request and verify the response successfully

2019-08-10 23:59:06 - [TEST_STEP][PASSED] - if (M4_total_bonus_spins_int != 0 &amp;&amp; M4_spin_reels_symbols[2].contains("WILD_Double") || M4_spin_reels_symbols[4].contains("WILD_Triple")): null

2019-08-10 23:59:06 - [TEST_STEP][PASSED] - free_spin_reel_counter = free_spin_reel_counter: null

2019-08-10 23:59:06 - [TEST_STEP][PASSED] - M4_spin_reels_symbols = M4_spin_reels_symbols: null

2019-08-10 23:59:06 - [TEST_STEP][PASSED] - M4_total_bonus_spins = M4_total_bonus_spins: null

2019-08-10 23:59:06 - [TEST_STEP][PASSED] - spin_result = sendRequestAndVerify(findTestObject("RGS(M4)/1_M4_spin", ["M4_login_user_id":M4_login_user_id, "rgs_session_token":rgs_session_token, "partner":Partner])): Send request and verify the response successfully

2019-08-10 23:59:06 - [TEST_CASE][PASSED] - Start Test Case : Verification: Verification accomplished successfully

2019-08-10 23:59:06 - [TEST_STEP][PASSED] - request = getInstance().getCurrentRequest(): null

2019-08-10 23:59:06 - [TEST_STEP][PASSED] - response = getInstance().getCurrentResponse(): null

2019-08-10 23:59:06 - [TEST_STEP][PASSED] - verifyResponseStatusCode(response, 200): Verify response status code successfully

2019-08-10 23:59:06 - [MESSAGE][PASSED] - Verify response status code successfully

2019-08-10 23:59:06 - [TEST_STEP][PASSED] - getStatusCode()).isEqualTo(200): null

2019-08-10 23:59:06 - [TEST_STEP][PASSED] - newline = System.getProperty("line.separator"): null

2019-08-10 23:59:06 - [TEST_STEP][PASSED] - M4_spin = new groovy.json.JsonSlurper(): null

2019-08-10 23:59:06 - [TEST_STEP][PASSED] - result_M4_spin = M4_spin.parseText(response.getResponseBodyContent()): null

2019-08-10 23:59:06 - [TEST_STEP][PASSED] - M4_spin_current_balance = current_balance: null

2019-08-10 23:59:06 - [TEST_STEP][PASSED] - M4_spin_current_balance = M4_spin_current_balance: null

2019-08-10 23:59:06 - [TEST_STEP][PASSED] - M4_spin_transaction_id = causality: null

2019-08-10 23:59:06 - [TEST_STEP][PASSED] - M4_spin_transaction_id = M4_spin_transaction_id: null

2019-08-10 23:59:06 - [TEST_STEP][PASSED] - M4_spin_round_id = round_id: null

2019-08-10 23:59:06 - [TEST_STEP][PASSED] - M4_spin_round_id = M4_spin_round_id: null

2019-08-10 23:59:06 - [TEST_STEP][PASSED] - M4_spin_line_wins = line_wins: null

2019-08-10 23:59:06 - [TEST_STEP][PASSED] - M4_spin_line_wins = M4_spin_line_wins: null

2019-08-10 23:59:06 - [TEST_STEP][PASSED] - M4_total_bonus_spins_int = total_bonus_spins: null

2019-08-10 23:59:06 - [TEST_STEP][PASSED] - println("******M4_total_bonus_spins type is:*******" + newline + getClass().getName()): null

2019-08-10 23:59:06 - [TEST_STEP][PASSED] - M4_total_bonus_spins_int = M4_total_bonus_spins_int: null

2019-08-10 23:59:06 - [TEST_STEP][PASSED] - M4_total_bonus_spins = Integer.toString(M4_total_bonus_spins_int): null

2019-08-10 23:59:06 - [TEST_STEP][PASSED] - M4_total_bonus_spins = M4_total_bonus_spins: null

2019-08-10 23:59:06 - [TEST_STEP][PASSED] - println("M4_total_bonus_spins is:" + M4_total_bonus_spins): null

2019-08-10 23:59:06 - [TEST_STEP][PASSED] - M4_spin_bonus_data = bonus_data: null

2019-08-10 23:59:06 - [TEST_STEP][PASSED] - M4_spin_features_triggered = result_M4_spin: null

2019-08-10 23:59:06 - [TEST_STEP][PASSED] - wild = []: null

2019-08-10 23:59:06 - [TEST_STEP][PASSED] - wild[0] = "WILD_Expanding": null

2019-08-10 23:59:06 - [TEST_STEP][PASSED] - wild[1] = "WILD_Normal": null

2019-08-10 23:59:06 - [TEST_STEP][PASSED] - wild[2] = "WILD_Double": null

2019-08-10 23:59:06 - [TEST_STEP][PASSED] - wild[3] = "WILD_ExtraFG": null

2019-08-10 23:59:06 - [TEST_STEP][PASSED] - wild[4] = "WILD_Triple": null

2019-08-10 23:59:06 - [TEST_STEP][PASSED] - wildList = Arrays.asList(wild): null

2019-08-10 23:59:06 - [TEST_STEP][PASSED] - wildList = wildList: null

2019-08-10 23:59:06 - [TEST_STEP][PASSED] - free_spin_reel_counter = []: null

2019-08-10 23:59:06 - [TEST_STEP][PASSED] - free_spin_reel_counter[0] = 0: null

2019-08-10 23:59:06 - [TEST_STEP][PASSED] - free_spin_reel_counter[1] = 0: null

2019-08-10 23:59:06 - [TEST_STEP][PASSED] - free_spin_reel_counter[2] = 0: null

2019-08-10 23:59:06 - [TEST_STEP][PASSED] - M4_spin_reels = reels: null

2019-08-10 23:59:06 - [TEST_STEP][PASSED] - for ([i = 0, i &lt; M4_spin_reels.size(), (i++)]): null

2019-08-10 23:59:06 - [TEST_STEP][PASSED] - symbols = symbols: null

2019-08-10 23:59:06 - [TEST_STEP][PASSED] - for ([j = 0, j &lt; symbols.size(), (j++)]): null

2019-08-10 23:59:06 - [TEST_STEP][PASSED] - symbol = symbol: null

2019-08-10 23:59:06 - [TEST_STEP][PASSED] - println(symbol): null

2019-08-10 23:59:06 - [TEST_STEP][PASSED] - if (i == 2 &amp;&amp; wildList.indexOf(symbol) != -1): null

2019-08-10 23:59:06 - [TEST_STEP][PASSED] - if (i == 3 &amp;&amp; wildList.indexOf(symbol) != -1): null

2019-08-10 23:59:06 - [TEST_STEP][PASSED] - if (i == 4 &amp;&amp; wildList.indexOf(symbol) != -1): null

2019-08-10 23:59:06 - [TEST_STEP][PASSED] - symbol = symbol: null

2019-08-10 23:59:06 - [TEST_STEP][PASSED] - println(symbol): null

2019-08-10 23:59:06 - [TEST_STEP][PASSED] - if (i == 2 &amp;&amp; wildList.indexOf(symbol) != -1): null

2019-08-10 23:59:06 - [TEST_STEP][PASSED] - if (i == 3 &amp;&amp; wildList.indexOf(symbol) != -1): null

2019-08-10 23:59:06 - [TEST_STEP][PASSED] - if (i == 4 &amp;&amp; wildList.indexOf(symbol) != -1): null

2019-08-10 23:59:06 - [TEST_STEP][PASSED] - symbol = symbol: null

2019-08-10 23:59:06 - [TEST_STEP][PASSED] - println(symbol): null

2019-08-10 23:59:06 - [TEST_STEP][PASSED] - if (i == 2 &amp;&amp; wildList.indexOf(symbol) != -1): null

2019-08-10 23:59:06 - [TEST_STEP][PASSED] - if (i == 3 &amp;&amp; wildList.indexOf(symbol) != -1): null

2019-08-10 23:59:06 - [TEST_STEP][PASSED] - if (i == 4 &amp;&amp; wildList.indexOf(symbol) != -1): null

2019-08-10 23:59:06 - [TEST_STEP][PASSED] - symbols = symbols: null

2019-08-10 23:59:06 - [TEST_STEP][PASSED] - for ([j = 0, j &lt; symbols.size(), (j++)]): null

2019-08-10 23:59:06 - [TEST_STEP][PASSED] - symbol = symbol: null

2019-08-10 23:59:06 - [TEST_STEP][PASSED] - println(symbol): null

2019-08-10 23:59:06 - [TEST_STEP][PASSED] - if (i == 2 &amp;&amp; wildList.indexOf(symbol) != -1): null

2019-08-10 23:59:06 - [TEST_STEP][PASSED] - if (i == 3 &amp;&amp; wildList.indexOf(symbol) != -1): null

2019-08-10 23:59:06 - [TEST_STEP][PASSED] - if (i == 4 &amp;&amp; wildList.indexOf(symbol) != -1): null

2019-08-10 23:59:06 - [TEST_STEP][PASSED] - symbol = symbol: null

2019-08-10 23:59:06 - [TEST_STEP][PASSED] - println(symbol): null

2019-08-10 23:59:06 - [TEST_STEP][PASSED] - if (i == 2 &amp;&amp; wildList.indexOf(symbol) != -1): null

2019-08-10 23:59:06 - [TEST_STEP][PASSED] - if (i == 3 &amp;&amp; wildList.indexOf(symbol) != -1): null

2019-08-10 23:59:06 - [TEST_STEP][PASSED] - if (i == 4 &amp;&amp; wildList.indexOf(symbol) != -1): null

2019-08-10 23:59:06 - [TEST_STEP][PASSED] - symbol = symbol: null

2019-08-10 23:59:06 - [TEST_STEP][PASSED] - println(symbol): null

2019-08-10 23:59:06 - [TEST_STEP][PASSED] - if (i == 2 &amp;&amp; wildList.indexOf(symbol) != -1): null

2019-08-10 23:59:06 - [TEST_STEP][PASSED] - if (i == 3 &amp;&amp; wildList.indexOf(symbol) != -1): null

2019-08-10 23:59:06 - [TEST_STEP][PASSED] - if (i == 4 &amp;&amp; wildList.indexOf(symbol) != -1): null

2019-08-10 23:59:06 - [TEST_STEP][PASSED] - symbols = symbols: null

2019-08-10 23:59:06 - [TEST_STEP][PASSED] - for ([j = 0, j &lt; symbols.size(), (j++)]): null

2019-08-10 23:59:06 - [TEST_STEP][PASSED] - symbol = symbol: null

2019-08-10 23:59:06 - [TEST_STEP][PASSED] - println(symbol): null

2019-08-10 23:59:06 - [TEST_STEP][PASSED] - if (i == 2 &amp;&amp; wildList.indexOf(symbol) != -1): null

2019-08-10 23:59:06 - [TEST_STEP][PASSED] - if (i == 3 &amp;&amp; wildList.indexOf(symbol) != -1): null

2019-08-10 23:59:06 - [TEST_STEP][PASSED] - if (i == 4 &amp;&amp; wildList.indexOf(symbol) != -1): null

2019-08-10 23:59:06 - [TEST_STEP][PASSED] - symbol = symbol: null

2019-08-10 23:59:06 - [TEST_STEP][PASSED] - println(symbol): null

2019-08-10 23:59:06 - [TEST_STEP][PASSED] - if (i == 2 &amp;&amp; wildList.indexOf(symbol) != -1): null

2019-08-10 23:59:06 - [TEST_STEP][PASSED] - println("wild found on reel 3, adding counter by 1"): null

2019-08-10 23:59:06 - [TEST_STEP][PASSED] - free_spin_reel_counter[0] = free_spin_reel_counter[0] + 1: null

2019-08-10 23:59:06 - [TEST_STEP][PASSED] - if (i == 3 &amp;&amp; wildList.indexOf(symbol) != -1): null

2019-08-10 23:59:06 - [TEST_STEP][PASSED] - if (i == 4 &amp;&amp; wildList.indexOf(symbol) != -1): null

2019-08-10 23:59:06 - [TEST_STEP][PASSED] - symbol = symbol: null

2019-08-10 23:59:06 - [TEST_STEP][PASSED] - println(symbol): null

2019-08-10 23:59:06 - [TEST_STEP][PASSED] - if (i == 2 &amp;&amp; wildList.indexOf(symbol) != -1): null

2019-08-10 23:59:06 - [TEST_STEP][PASSED] - if (i == 3 &amp;&amp; wildList.indexOf(symbol) != -1): null

2019-08-10 23:59:06 - [TEST_STEP][PASSED] - if (i == 4 &amp;&amp; wildList.indexOf(symbol) != -1): null

2019-08-10 23:59:06 - [TEST_STEP][PASSED] - symbols = symbols: null

2019-08-10 23:59:06 - [TEST_STEP][PASSED] - for ([j = 0, j &lt; symbols.size(), (j++)]): null

2019-08-10 23:59:06 - [TEST_STEP][PASSED] - symbol = symbol: null

2019-08-10 23:59:06 - [TEST_STEP][PASSED] - println(symbol): null

2019-08-10 23:59:06 - [TEST_STEP][PASSED] - if (i == 2 &amp;&amp; wildList.indexOf(symbol) != -1): null

2019-08-10 23:59:06 - [TEST_STEP][PASSED] - if (i == 3 &amp;&amp; wildList.indexOf(symbol) != -1): null

2019-08-10 23:59:06 - [TEST_STEP][PASSED] - if (i == 4 &amp;&amp; wildList.indexOf(symbol) != -1): null

2019-08-10 23:59:06 - [TEST_STEP][PASSED] - symbol = symbol: null

2019-08-10 23:59:06 - [TEST_STEP][PASSED] - println(symbol): null

2019-08-10 23:59:06 - [TEST_STEP][PASSED] - if (i == 2 &amp;&amp; wildList.indexOf(symbol) != -1): null

2019-08-10 23:59:06 - [TEST_STEP][PASSED] - if (i == 3 &amp;&amp; wildList.indexOf(symbol) != -1): null

2019-08-10 23:59:06 - [TEST_STEP][PASSED] - if (i == 4 &amp;&amp; wildList.indexOf(symbol) != -1): null

2019-08-10 23:59:06 - [TEST_STEP][PASSED] - symbol = symbol: null

2019-08-10 23:59:06 - [TEST_STEP][PASSED] - println(symbol): null

2019-08-10 23:59:06 - [TEST_STEP][PASSED] - if (i == 2 &amp;&amp; wildList.indexOf(symbol) != -1): null

2019-08-10 23:59:06 - [TEST_STEP][PASSED] - if (i == 3 &amp;&amp; wildList.indexOf(symbol) != -1): null

2019-08-10 23:59:06 - [TEST_STEP][PASSED] - if (i == 4 &amp;&amp; wildList.indexOf(symbol) != -1): null

2019-08-10 23:59:06 - [TEST_STEP][PASSED] - symbols = symbols: null

2019-08-10 23:59:06 - [TEST_STEP][PASSED] - for ([j = 0, j &lt; symbols.size(), (j++)]): null

2019-08-10 23:59:06 - [TEST_STEP][PASSED] - symbol = symbol: null

2019-08-10 23:59:06 - [TEST_STEP][PASSED] - println(symbol): null

2019-08-10 23:59:06 - [TEST_STEP][PASSED] - if (i == 2 &amp;&amp; wildList.indexOf(symbol) != -1): null

2019-08-10 23:59:06 - [TEST_STEP][PASSED] - if (i == 3 &amp;&amp; wildList.indexOf(symbol) != -1): null

2019-08-10 23:59:06 - [TEST_STEP][PASSED] - if (i == 4 &amp;&amp; wildList.indexOf(symbol) != -1): null

2019-08-10 23:59:06 - [TEST_STEP][PASSED] - println("wild found on reel 5, adding counter by 1"): null

2019-08-10 23:59:06 - [TEST_STEP][PASSED] - free_spin_reel_counter[2] = free_spin_reel_counter[2] + 1: null

2019-08-10 23:59:06 - [TEST_STEP][PASSED] - symbol = symbol: null

2019-08-10 23:59:06 - [TEST_STEP][PASSED] - println(symbol): null

2019-08-10 23:59:06 - [TEST_STEP][PASSED] - if (i == 2 &amp;&amp; wildList.indexOf(symbol) != -1): null

2019-08-10 23:59:06 - [TEST_STEP][PASSED] - if (i == 3 &amp;&amp; wildList.indexOf(symbol) != -1): null

2019-08-10 23:59:06 - [TEST_STEP][PASSED] - if (i == 4 &amp;&amp; wildList.indexOf(symbol) != -1): null

2019-08-10 23:59:06 - [TEST_STEP][PASSED] - symbol = symbol: null

2019-08-10 23:59:06 - [TEST_STEP][PASSED] - println(symbol): null

2019-08-10 23:59:06 - [TEST_STEP][PASSED] - if (i == 2 &amp;&amp; wildList.indexOf(symbol) != -1): null

2019-08-10 23:59:06 - [TEST_STEP][PASSED] - if (i == 3 &amp;&amp; wildList.indexOf(symbol) != -1): null

2019-08-10 23:59:06 - [TEST_STEP][PASSED] - if (i == 4 &amp;&amp; wildList.indexOf(symbol) != -1): null

2019-08-10 23:59:06 - [TEST_STEP][PASSED] - free_spin_reel_counter = free_spin_reel_counter: null

2019-08-10 23:59:06 - [TEST_STEP][PASSED] - println("reel 3 wild found: " + free_spin_reel_counter[0]): null

2019-08-10 23:59:06 - [TEST_STEP][PASSED] - println("reel 4 wild found: " + free_spin_reel_counter[1]): null

2019-08-10 23:59:06 - [TEST_STEP][PASSED] - println("reel 5 wild found: " + free_spin_reel_counter[2]): null

2019-08-10 23:59:06 - [TEST_STEP][PASSED] - M4_spin_reels = M4_spin_reels: null

2019-08-10 23:59:06 - [TEST_STEP][PASSED] - M4_spin_reels_symbols = symbol: null

2019-08-10 23:59:06 - [TEST_STEP][PASSED] - M4_spin_reels_symbols = M4_spin_reels_symbols: null

2019-08-10 23:59:06 - [TEST_STEP][PASSED] - M4_spin_reel_wins = reel_wins: null

2019-08-10 23:59:06 - [TEST_STEP][PASSED] - M4_spin_reel_wins = M4_spin_reel_wins: null

2019-08-10 23:59:06 - [TEST_STEP][PASSED] - println("GlobalVariable.M4_spin_reel_wins is: " + M4_spin_reel_wins): null

2019-08-10 23:59:06 - [TEST_STEP][PASSED] - M4_spin_total_bonus_win_this_round = total_bonus_win_this_round: null

2019-08-10 23:59:06 - [TEST_STEP][PASSED] - M4_spin_total_bonus_win_this_round = M4_spin_total_bonus_win_this_round: null

2019-08-10 23:59:06 - [TEST_STEP][PASSED] - println("GlobalVariable.M4_spin_total_bonus_win_this_round is: " + M4_spin_total_bonus_win_this_round): null

2019-08-10 23:59:06 - [MESSAGE][PASSED] - Verify response successfully

2019-08-10 23:59:06 - [MESSAGE][PASSED] - Send request and verify the response successfully

2019-08-10 23:59:06 - [TEST_STEP][PASSED] - if (M4_total_bonus_spins_int != 0 &amp;&amp; M4_spin_reels_symbols[2].contains("WILD_Double") || M4_spin_reels_symbols[4].contains("WILD_Triple")): null

2019-08-10 23:59:06 - [TEST_STEP][PASSED] - free_spin_reel_counter = free_spin_reel_counter: null

2019-08-10 23:59:06 - [TEST_STEP][PASSED] - M4_spin_reels_symbols = M4_spin_reels_symbols: null

2019-08-10 23:59:06 - [TEST_STEP][PASSED] - M4_total_bonus_spins = M4_total_bonus_spins: null

2019-08-10 23:59:06 - [TEST_STEP][PASSED] - spin_result = sendRequestAndVerify(findTestObject("RGS(M4)/1_M4_spin", ["M4_login_user_id":M4_login_user_id, "rgs_session_token":rgs_session_token, "partner":Partner])): Send request and verify the response successfully

2019-08-10 23:59:06 - [TEST_CASE][PASSED] - Start Test Case : Verification: Verification accomplished successfully

2019-08-10 23:59:06 - [TEST_STEP][PASSED] - request = getInstance().getCurrentRequest(): null

2019-08-10 23:59:06 - [TEST_STEP][PASSED] - response = getInstance().getCurrentResponse(): null

2019-08-10 23:59:06 - [TEST_STEP][PASSED] - verifyResponseStatusCode(response, 200): Verify response status code successfully

2019-08-10 23:59:06 - [MESSAGE][PASSED] - Verify response status code successfully

2019-08-10 23:59:06 - [TEST_STEP][PASSED] - getStatusCode()).isEqualTo(200): null

2019-08-10 23:59:06 - [TEST_STEP][PASSED] - newline = System.getProperty("line.separator"): null

2019-08-10 23:59:06 - [TEST_STEP][PASSED] - M4_spin = new groovy.json.JsonSlurper(): null

2019-08-10 23:59:06 - [TEST_STEP][PASSED] - result_M4_spin = M4_spin.parseText(response.getResponseBodyContent()): null

2019-08-10 23:59:06 - [TEST_STEP][PASSED] - M4_spin_current_balance = current_balance: null

2019-08-10 23:59:06 - [TEST_STEP][PASSED] - M4_spin_current_balance = M4_spin_current_balance: null

2019-08-10 23:59:06 - [TEST_STEP][PASSED] - M4_spin_transaction_id = causality: null

2019-08-10 23:59:06 - [TEST_STEP][PASSED] - M4_spin_transaction_id = M4_spin_transaction_id: null

2019-08-10 23:59:06 - [TEST_STEP][PASSED] - M4_spin_round_id = round_id: null

2019-08-10 23:59:06 - [TEST_STEP][PASSED] - M4_spin_round_id = M4_spin_round_id: null

2019-08-10 23:59:06 - [TEST_STEP][PASSED] - M4_spin_line_wins = line_wins: null

2019-08-10 23:59:06 - [TEST_STEP][PASSED] - M4_spin_line_wins = M4_spin_line_wins: null

2019-08-10 23:59:06 - [TEST_STEP][PASSED] - M4_total_bonus_spins_int = total_bonus_spins: null

2019-08-10 23:59:06 - [TEST_STEP][PASSED] - println("******M4_total_bonus_spins type is:*******" + newline + getClass().getName()): null

2019-08-10 23:59:06 - [TEST_STEP][PASSED] - M4_total_bonus_spins_int = M4_total_bonus_spins_int: null

2019-08-10 23:59:06 - [TEST_STEP][PASSED] - M4_total_bonus_spins = Integer.toString(M4_total_bonus_spins_int): null

2019-08-10 23:59:06 - [TEST_STEP][PASSED] - M4_total_bonus_spins = M4_total_bonus_spins: null

2019-08-10 23:59:06 - [TEST_STEP][PASSED] - println("M4_total_bonus_spins is:" + M4_total_bonus_spins): null

2019-08-10 23:59:06 - [TEST_STEP][PASSED] - M4_spin_bonus_data = bonus_data: null

2019-08-10 23:59:06 - [TEST_STEP][PASSED] - M4_spin_features_triggered = result_M4_spin: null

2019-08-10 23:59:06 - [TEST_STEP][PASSED] - wild = []: null

2019-08-10 23:59:06 - [TEST_STEP][PASSED] - wild[0] = "WILD_Expanding": null

2019-08-10 23:59:06 - [TEST_STEP][PASSED] - wild[1] = "WILD_Normal": null

2019-08-10 23:59:06 - [TEST_STEP][PASSED] - wild[2] = "WILD_Double": null

2019-08-10 23:59:06 - [TEST_STEP][PASSED] - wild[3] = "WILD_ExtraFG": null

2019-08-10 23:59:06 - [TEST_STEP][PASSED] - wild[4] = "WILD_Triple": null

2019-08-10 23:59:06 - [TEST_STEP][PASSED] - wildList = Arrays.asList(wild): null

2019-08-10 23:59:06 - [TEST_STEP][PASSED] - wildList = wildList: null

2019-08-10 23:59:06 - [TEST_STEP][PASSED] - free_spin_reel_counter = []: null

2019-08-10 23:59:06 - [TEST_STEP][PASSED] - free_spin_reel_counter[0] = 0: null

2019-08-10 23:59:06 - [TEST_STEP][PASSED] - free_spin_reel_counter[1] = 0: null

2019-08-10 23:59:06 - [TEST_STEP][PASSED] - free_spin_reel_counter[2] = 0: null

2019-08-10 23:59:06 - [TEST_STEP][PASSED] - M4_spin_reels = reels: null

2019-08-10 23:59:06 - [TEST_STEP][PASSED] - for ([i = 0, i &lt; M4_spin_reels.size(), (i++)]): null

2019-08-10 23:59:07 - [TEST_STEP][PASSED] - symbols = symbols: null

2019-08-10 23:59:07 - [TEST_STEP][PASSED] - for ([j = 0, j &lt; symbols.size(), (j++)]): null

2019-08-10 23:59:07 - [TEST_STEP][PASSED] - symbol = symbol: null

2019-08-10 23:59:07 - [TEST_STEP][PASSED] - println(symbol): null

2019-08-10 23:59:07 - [TEST_STEP][PASSED] - if (i == 2 &amp;&amp; wildList.indexOf(symbol) != -1): null

2019-08-10 23:59:07 - [TEST_STEP][PASSED] - if (i == 3 &amp;&amp; wildList.indexOf(symbol) != -1): null

2019-08-10 23:59:07 - [TEST_STEP][PASSED] - if (i == 4 &amp;&amp; wildList.indexOf(symbol) != -1): null

2019-08-10 23:59:07 - [TEST_STEP][PASSED] - symbol = symbol: null

2019-08-10 23:59:07 - [TEST_STEP][PASSED] - println(symbol): null

2019-08-10 23:59:07 - [TEST_STEP][PASSED] - if (i == 2 &amp;&amp; wildList.indexOf(symbol) != -1): null

2019-08-10 23:59:07 - [TEST_STEP][PASSED] - if (i == 3 &amp;&amp; wildList.indexOf(symbol) != -1): null

2019-08-10 23:59:07 - [TEST_STEP][PASSED] - if (i == 4 &amp;&amp; wildList.indexOf(symbol) != -1): null

2019-08-10 23:59:07 - [TEST_STEP][PASSED] - symbol = symbol: null

2019-08-10 23:59:07 - [TEST_STEP][PASSED] - println(symbol): null

2019-08-10 23:59:07 - [TEST_STEP][PASSED] - if (i == 2 &amp;&amp; wildList.indexOf(symbol) != -1): null

2019-08-10 23:59:07 - [TEST_STEP][PASSED] - if (i == 3 &amp;&amp; wildList.indexOf(symbol) != -1): null

2019-08-10 23:59:07 - [TEST_STEP][PASSED] - if (i == 4 &amp;&amp; wildList.indexOf(symbol) != -1): null

2019-08-10 23:59:07 - [TEST_STEP][PASSED] - symbols = symbols: null

2019-08-10 23:59:07 - [TEST_STEP][PASSED] - for ([j = 0, j &lt; symbols.size(), (j++)]): null

2019-08-10 23:59:07 - [TEST_STEP][PASSED] - symbol = symbol: null

2019-08-10 23:59:07 - [TEST_STEP][PASSED] - println(symbol): null

2019-08-10 23:59:07 - [TEST_STEP][PASSED] - if (i == 2 &amp;&amp; wildList.indexOf(symbol) != -1): null

2019-08-10 23:59:07 - [TEST_STEP][PASSED] - if (i == 3 &amp;&amp; wildList.indexOf(symbol) != -1): null

2019-08-10 23:59:07 - [TEST_STEP][PASSED] - if (i == 4 &amp;&amp; wildList.indexOf(symbol) != -1): null

2019-08-10 23:59:07 - [TEST_STEP][PASSED] - symbol = symbol: null

2019-08-10 23:59:07 - [TEST_STEP][PASSED] - println(symbol): null

2019-08-10 23:59:07 - [TEST_STEP][PASSED] - if (i == 2 &amp;&amp; wildList.indexOf(symbol) != -1): null

2019-08-10 23:59:07 - [TEST_STEP][PASSED] - if (i == 3 &amp;&amp; wildList.indexOf(symbol) != -1): null

2019-08-10 23:59:07 - [TEST_STEP][PASSED] - if (i == 4 &amp;&amp; wildList.indexOf(symbol) != -1): null

2019-08-10 23:59:07 - [TEST_STEP][PASSED] - symbol = symbol: null

2019-08-10 23:59:07 - [TEST_STEP][PASSED] - println(symbol): null

2019-08-10 23:59:07 - [TEST_STEP][PASSED] - if (i == 2 &amp;&amp; wildList.indexOf(symbol) != -1): null

2019-08-10 23:59:07 - [TEST_STEP][PASSED] - if (i == 3 &amp;&amp; wildList.indexOf(symbol) != -1): null

2019-08-10 23:59:07 - [TEST_STEP][PASSED] - if (i == 4 &amp;&amp; wildList.indexOf(symbol) != -1): null

2019-08-10 23:59:07 - [TEST_STEP][PASSED] - symbols = symbols: null

2019-08-10 23:59:07 - [TEST_STEP][PASSED] - for ([j = 0, j &lt; symbols.size(), (j++)]): null

2019-08-10 23:59:07 - [TEST_STEP][PASSED] - symbol = symbol: null

2019-08-10 23:59:07 - [TEST_STEP][PASSED] - println(symbol): null

2019-08-10 23:59:07 - [TEST_STEP][PASSED] - if (i == 2 &amp;&amp; wildList.indexOf(symbol) != -1): null

2019-08-10 23:59:07 - [TEST_STEP][PASSED] - if (i == 3 &amp;&amp; wildList.indexOf(symbol) != -1): null

2019-08-10 23:59:07 - [TEST_STEP][PASSED] - if (i == 4 &amp;&amp; wildList.indexOf(symbol) != -1): null

2019-08-10 23:59:07 - [TEST_STEP][PASSED] - symbol = symbol: null

2019-08-10 23:59:07 - [TEST_STEP][PASSED] - println(symbol): null

2019-08-10 23:59:07 - [TEST_STEP][PASSED] - if (i == 2 &amp;&amp; wildList.indexOf(symbol) != -1): null

2019-08-10 23:59:07 - [TEST_STEP][PASSED] - if (i == 3 &amp;&amp; wildList.indexOf(symbol) != -1): null

2019-08-10 23:59:07 - [TEST_STEP][PASSED] - if (i == 4 &amp;&amp; wildList.indexOf(symbol) != -1): null

2019-08-10 23:59:07 - [TEST_STEP][PASSED] - symbol = symbol: null

2019-08-10 23:59:07 - [TEST_STEP][PASSED] - println(symbol): null

2019-08-10 23:59:07 - [TEST_STEP][PASSED] - if (i == 2 &amp;&amp; wildList.indexOf(symbol) != -1): null

2019-08-10 23:59:07 - [TEST_STEP][PASSED] - println("wild found on reel 3, adding counter by 1"): null

2019-08-10 23:59:07 - [TEST_STEP][PASSED] - free_spin_reel_counter[0] = free_spin_reel_counter[0] + 1: null

2019-08-10 23:59:07 - [TEST_STEP][PASSED] - if (i == 3 &amp;&amp; wildList.indexOf(symbol) != -1): null

2019-08-10 23:59:07 - [TEST_STEP][PASSED] - if (i == 4 &amp;&amp; wildList.indexOf(symbol) != -1): null

2019-08-10 23:59:07 - [TEST_STEP][PASSED] - symbols = symbols: null

2019-08-10 23:59:07 - [TEST_STEP][PASSED] - for ([j = 0, j &lt; symbols.size(), (j++)]): null

2019-08-10 23:59:07 - [TEST_STEP][PASSED] - symbol = symbol: null

2019-08-10 23:59:07 - [TEST_STEP][PASSED] - println(symbol): null

2019-08-10 23:59:07 - [TEST_STEP][PASSED] - if (i == 2 &amp;&amp; wildList.indexOf(symbol) != -1): null

2019-08-10 23:59:07 - [TEST_STEP][PASSED] - if (i == 3 &amp;&amp; wildList.indexOf(symbol) != -1): null

2019-08-10 23:59:07 - [TEST_STEP][PASSED] - if (i == 4 &amp;&amp; wildList.indexOf(symbol) != -1): null

2019-08-10 23:59:07 - [TEST_STEP][PASSED] - symbol = symbol: null

2019-08-10 23:59:07 - [TEST_STEP][PASSED] - println(symbol): null

2019-08-10 23:59:07 - [TEST_STEP][PASSED] - if (i == 2 &amp;&amp; wildList.indexOf(symbol) != -1): null

2019-08-10 23:59:07 - [TEST_STEP][PASSED] - if (i == 3 &amp;&amp; wildList.indexOf(symbol) != -1): null

2019-08-10 23:59:07 - [TEST_STEP][PASSED] - if (i == 4 &amp;&amp; wildList.indexOf(symbol) != -1): null

2019-08-10 23:59:07 - [TEST_STEP][PASSED] - symbol = symbol: null

2019-08-10 23:59:07 - [TEST_STEP][PASSED] - println(symbol): null

2019-08-10 23:59:07 - [TEST_STEP][PASSED] - if (i == 2 &amp;&amp; wildList.indexOf(symbol) != -1): null

2019-08-10 23:59:07 - [TEST_STEP][PASSED] - if (i == 3 &amp;&amp; wildList.indexOf(symbol) != -1): null

2019-08-10 23:59:07 - [TEST_STEP][PASSED] - if (i == 4 &amp;&amp; wildList.indexOf(symbol) != -1): null

2019-08-10 23:59:07 - [TEST_STEP][PASSED] - symbols = symbols: null

2019-08-10 23:59:07 - [TEST_STEP][PASSED] - for ([j = 0, j &lt; symbols.size(), (j++)]): null

2019-08-10 23:59:07 - [TEST_STEP][PASSED] - symbol = symbol: null

2019-08-10 23:59:07 - [TEST_STEP][PASSED] - println(symbol): null

2019-08-10 23:59:07 - [TEST_STEP][PASSED] - if (i == 2 &amp;&amp; wildList.indexOf(symbol) != -1): null

2019-08-10 23:59:07 - [TEST_STEP][PASSED] - if (i == 3 &amp;&amp; wildList.indexOf(symbol) != -1): null

2019-08-10 23:59:07 - [TEST_STEP][PASSED] - if (i == 4 &amp;&amp; wildList.indexOf(symbol) != -1): null

2019-08-10 23:59:07 - [TEST_STEP][PASSED] - symbol = symbol: null

2019-08-10 23:59:07 - [TEST_STEP][PASSED] - println(symbol): null

2019-08-10 23:59:07 - [TEST_STEP][PASSED] - if (i == 2 &amp;&amp; wildList.indexOf(symbol) != -1): null

2019-08-10 23:59:07 - [TEST_STEP][PASSED] - if (i == 3 &amp;&amp; wildList.indexOf(symbol) != -1): null

2019-08-10 23:59:07 - [TEST_STEP][PASSED] - if (i == 4 &amp;&amp; wildList.indexOf(symbol) != -1): null

2019-08-10 23:59:07 - [TEST_STEP][PASSED] - symbol = symbol: null

2019-08-10 23:59:11 - [TEST_STEP][PASSED] - println(symbol): null

2019-08-10 23:59:11 - [TEST_STEP][PASSED] - if (i == 2 &amp;&amp; wildList.indexOf(symbol) != -1): null

2019-08-10 23:59:11 - [TEST_STEP][PASSED] - if (i == 3 &amp;&amp; wildList.indexOf(symbol) != -1): null

2019-08-10 23:59:11 - [TEST_STEP][PASSED] - if (i == 4 &amp;&amp; wildList.indexOf(symbol) != -1): null

2019-08-10 23:59:11 - [TEST_STEP][PASSED] - free_spin_reel_counter = free_spin_reel_counter: null

2019-08-10 23:59:11 - [TEST_STEP][PASSED] - println("reel 3 wild found: " + free_spin_reel_counter[0]): null

2019-08-10 23:59:11 - [TEST_STEP][PASSED] - println("reel 4 wild found: " + free_spin_reel_counter[1]): null

2019-08-10 23:59:11 - [TEST_STEP][PASSED] - println("reel 5 wild found: " + free_spin_reel_counter[2]): null

2019-08-10 23:59:11 - [TEST_STEP][PASSED] - M4_spin_reels = M4_spin_reels: null

2019-08-10 23:59:12 - [TEST_STEP][PASSED] - M4_spin_reels_symbols = symbol: null

2019-08-10 23:59:12 - [TEST_STEP][PASSED] - M4_spin_reels_symbols = M4_spin_reels_symbols: null

2019-08-10 23:59:12 - [TEST_STEP][PASSED] - M4_spin_reel_wins = reel_wins: null

2019-08-10 23:59:12 - [TEST_STEP][PASSED] - M4_spin_reel_wins = M4_spin_reel_wins: null

2019-08-10 23:59:12 - [TEST_STEP][PASSED] - println("GlobalVariable.M4_spin_reel_wins is: " + M4_spin_reel_wins): null

2019-08-10 23:59:12 - [TEST_STEP][PASSED] - M4_spin_total_bonus_win_this_round = total_bonus_win_this_round: null

2019-08-10 23:59:12 - [TEST_STEP][PASSED] - M4_spin_total_bonus_win_this_round = M4_spin_total_bonus_win_this_round: null

2019-08-10 23:59:12 - [TEST_STEP][PASSED] - println("GlobalVariable.M4_spin_total_bonus_win_this_round is: " + M4_spin_total_bonus_win_this_round): null

2019-08-10 23:59:12 - [MESSAGE][PASSED] - Verify response successfully

2019-08-10 23:59:12 - [MESSAGE][PASSED] - Send request and verify the response successfully

2019-08-10 23:59:12 - [TEST_STEP][PASSED] - if (M4_total_bonus_spins_int != 0 &amp;&amp; M4_spin_reels_symbols[2].contains("WILD_Double") || M4_spin_reels_symbols[4].contains("WILD_Triple")): null

2019-08-10 23:59:12 - [TEST_STEP][PASSED] - free_spin_reel_counter = free_spin_reel_counter: null

2019-08-10 23:59:12 - [TEST_STEP][PASSED] - M4_spin_reels_symbols = M4_spin_reels_symbols: null

2019-08-10 23:59:12 - [TEST_STEP][PASSED] - M4_total_bonus_spins = M4_total_bonus_spins: null

2019-08-10 23:59:12 - [TEST_STEP][PASSED] - spin_result = sendRequestAndVerify(findTestObject("RGS(M4)/1_M4_spin", ["M4_login_user_id":M4_login_user_id, "rgs_session_token":rgs_session_token, "partner":Partner])): Send request and verify the response successfully

2019-08-10 23:59:12 - [TEST_CASE][PASSED] - Start Test Case : Verification: Verification accomplished successfully

2019-08-10 23:59:12 - [TEST_STEP][PASSED] - request = getInstance().getCurrentRequest(): null

2019-08-10 23:59:12 - [TEST_STEP][PASSED] - response = getInstance().getCurrentResponse(): null

2019-08-10 23:59:12 - [TEST_STEP][PASSED] - verifyResponseStatusCode(response, 200): Verify response status code successfully

2019-08-10 23:59:12 - [MESSAGE][PASSED] - Verify response status code successfully

2019-08-10 23:59:12 - [TEST_STEP][PASSED] - getStatusCode()).isEqualTo(200): null

2019-08-10 23:59:12 - [TEST_STEP][PASSED] - newline = System.getProperty("line.separator"): null

2019-08-10 23:59:12 - [TEST_STEP][PASSED] - M4_spin = new groovy.json.JsonSlurper(): null

2019-08-10 23:59:12 - [TEST_STEP][PASSED] - result_M4_spin = M4_spin.parseText(response.getResponseBodyContent()): null

2019-08-10 23:59:12 - [TEST_STEP][PASSED] - M4_spin_current_balance = current_balance: null

2019-08-10 23:59:12 - [TEST_STEP][PASSED] - M4_spin_current_balance = M4_spin_current_balance: null

2019-08-10 23:59:12 - [TEST_STEP][PASSED] - M4_spin_transaction_id = causality: null

2019-08-10 23:59:12 - [TEST_STEP][PASSED] - M4_spin_transaction_id = M4_spin_transaction_id: null

2019-08-10 23:59:12 - [TEST_STEP][PASSED] - M4_spin_round_id = round_id: null

2019-08-10 23:59:12 - [TEST_STEP][PASSED] - M4_spin_round_id = M4_spin_round_id: null

2019-08-10 23:59:12 - [TEST_STEP][PASSED] - M4_spin_line_wins = line_wins: null

2019-08-10 23:59:12 - [TEST_STEP][PASSED] - M4_spin_line_wins = M4_spin_line_wins: null

2019-08-10 23:59:12 - [TEST_STEP][PASSED] - M4_total_bonus_spins_int = total_bonus_spins: null

2019-08-10 23:59:12 - [TEST_STEP][PASSED] - println("******M4_total_bonus_spins type is:*******" + newline + getClass().getName()): null

2019-08-10 23:59:12 - [TEST_STEP][PASSED] - M4_total_bonus_spins_int = M4_total_bonus_spins_int: null

2019-08-10 23:59:12 - [TEST_STEP][PASSED] - M4_total_bonus_spins = Integer.toString(M4_total_bonus_spins_int): null

2019-08-10 23:59:12 - [TEST_STEP][PASSED] - M4_total_bonus_spins = M4_total_bonus_spins: null

2019-08-10 23:59:12 - [TEST_STEP][PASSED] - println("M4_total_bonus_spins is:" + M4_total_bonus_spins): null

2019-08-10 23:59:12 - [TEST_STEP][PASSED] - M4_spin_bonus_data = bonus_data: null

2019-08-10 23:59:12 - [TEST_STEP][PASSED] - M4_spin_features_triggered = result_M4_spin: null

2019-08-10 23:59:12 - [TEST_STEP][PASSED] - wild = []: null

2019-08-10 23:59:12 - [TEST_STEP][PASSED] - wild[0] = "WILD_Expanding": null

2019-08-10 23:59:12 - [TEST_STEP][PASSED] - wild[1] = "WILD_Normal": null

2019-08-10 23:59:12 - [TEST_STEP][PASSED] - wild[2] = "WILD_Double": null

2019-08-10 23:59:12 - [TEST_STEP][PASSED] - wild[3] = "WILD_ExtraFG": null

2019-08-10 23:59:12 - [TEST_STEP][PASSED] - wild[4] = "WILD_Triple": null

2019-08-10 23:59:12 - [TEST_STEP][PASSED] - wildList = Arrays.asList(wild): null

2019-08-10 23:59:12 - [TEST_STEP][PASSED] - wildList = wildList: null

2019-08-10 23:59:12 - [TEST_STEP][PASSED] - free_spin_reel_counter = []: null

2019-08-10 23:59:12 - [TEST_STEP][PASSED] - free_spin_reel_counter[0] = 0: null

2019-08-10 23:59:12 - [TEST_STEP][PASSED] - free_spin_reel_counter[1] = 0: null

2019-08-10 23:59:12 - [TEST_STEP][PASSED] - free_spin_reel_counter[2] = 0: null

2019-08-10 23:59:12 - [TEST_STEP][PASSED] - M4_spin_reels = reels: null

2019-08-10 23:59:12 - [TEST_STEP][PASSED] - for ([i = 0, i &lt; M4_spin_reels.size(), (i++)]): null

2019-08-10 23:59:12 - [TEST_STEP][PASSED] - symbols = symbols: null

2019-08-10 23:59:12 - [TEST_STEP][PASSED] - for ([j = 0, j &lt; symbols.size(), (j++)]): null

2019-08-10 23:59:12 - [TEST_STEP][PASSED] - symbol = symbol: null

2019-08-10 23:59:12 - [TEST_STEP][PASSED] - println(symbol): null

2019-08-10 23:59:12 - [TEST_STEP][PASSED] - if (i == 2 &amp;&amp; wildList.indexOf(symbol) != -1): null

2019-08-10 23:59:12 - [TEST_STEP][PASSED] - if (i == 3 &amp;&amp; wildList.indexOf(symbol) != -1): null

2019-08-10 23:59:12 - [TEST_STEP][PASSED] - if (i == 4 &amp;&amp; wildList.indexOf(symbol) != -1): null

2019-08-10 23:59:12 - [TEST_STEP][PASSED] - symbol = symbol: null

2019-08-10 23:59:12 - [TEST_STEP][PASSED] - println(symbol): null

2019-08-10 23:59:12 - [TEST_STEP][PASSED] - if (i == 2 &amp;&amp; wildList.indexOf(symbol) != -1): null

2019-08-10 23:59:12 - [TEST_STEP][PASSED] - if (i == 3 &amp;&amp; wildList.indexOf(symbol) != -1): null

2019-08-10 23:59:12 - [TEST_STEP][PASSED] - if (i == 4 &amp;&amp; wildList.indexOf(symbol) != -1): null

2019-08-10 23:59:12 - [TEST_STEP][PASSED] - symbol = symbol: null

2019-08-10 23:59:12 - [TEST_STEP][PASSED] - println(symbol): null

2019-08-10 23:59:12 - [TEST_STEP][PASSED] - if (i == 2 &amp;&amp; wildList.indexOf(symbol) != -1): null

2019-08-10 23:59:12 - [TEST_STEP][PASSED] - if (i == 3 &amp;&amp; wildList.indexOf(symbol) != -1): null

2019-08-10 23:59:12 - [TEST_STEP][PASSED] - if (i == 4 &amp;&amp; wildList.indexOf(symbol) != -1): null

2019-08-10 23:59:12 - [TEST_STEP][PASSED] - symbols = symbols: null

2019-08-10 23:59:12 - [TEST_STEP][PASSED] - for ([j = 0, j &lt; symbols.size(), (j++)]): null

2019-08-10 23:59:12 - [TEST_STEP][PASSED] - symbol = symbol: null

2019-08-10 23:59:12 - [TEST_STEP][PASSED] - println(symbol): null

2019-08-10 23:59:12 - [TEST_STEP][PASSED] - if (i == 2 &amp;&amp; wildList.indexOf(symbol) != -1): null

2019-08-10 23:59:12 - [TEST_STEP][PASSED] - if (i == 3 &amp;&amp; wildList.indexOf(symbol) != -1): null

2019-08-10 23:59:12 - [TEST_STEP][PASSED] - if (i == 4 &amp;&amp; wildList.indexOf(symbol) != -1): null

2019-08-10 23:59:12 - [TEST_STEP][PASSED] - symbol = symbol: null

2019-08-10 23:59:12 - [TEST_STEP][PASSED] - println(symbol): null

2019-08-10 23:59:12 - [TEST_STEP][PASSED] - if (i == 2 &amp;&amp; wildList.indexOf(symbol) != -1): null

2019-08-10 23:59:12 - [TEST_STEP][PASSED] - if (i == 3 &amp;&amp; wildList.indexOf(symbol) != -1): null

2019-08-10 23:59:12 - [TEST_STEP][PASSED] - if (i == 4 &amp;&amp; wildList.indexOf(symbol) != -1): null

2019-08-10 23:59:12 - [TEST_STEP][PASSED] - symbol = symbol: null

2019-08-10 23:59:12 - [TEST_STEP][PASSED] - println(symbol): null

2019-08-10 23:59:12 - [TEST_STEP][PASSED] - if (i == 2 &amp;&amp; wildList.indexOf(symbol) != -1): null

2019-08-10 23:59:12 - [TEST_STEP][PASSED] - if (i == 3 &amp;&amp; wildList.indexOf(symbol) != -1): null

2019-08-10 23:59:12 - [TEST_STEP][PASSED] - if (i == 4 &amp;&amp; wildList.indexOf(symbol) != -1): null

2019-08-10 23:59:12 - [TEST_STEP][PASSED] - symbols = symbols: null

2019-08-10 23:59:12 - [TEST_STEP][PASSED] - for ([j = 0, j &lt; symbols.size(), (j++)]): null

2019-08-10 23:59:12 - [TEST_STEP][PASSED] - symbol = symbol: null

2019-08-10 23:59:12 - [TEST_STEP][PASSED] - println(symbol): null

2019-08-10 23:59:12 - [TEST_STEP][PASSED] - if (i == 2 &amp;&amp; wildList.indexOf(symbol) != -1): null

2019-08-10 23:59:12 - [TEST_STEP][PASSED] - if (i == 3 &amp;&amp; wildList.indexOf(symbol) != -1): null

2019-08-10 23:59:12 - [TEST_STEP][PASSED] - if (i == 4 &amp;&amp; wildList.indexOf(symbol) != -1): null

2019-08-10 23:59:12 - [TEST_STEP][PASSED] - symbol = symbol: null

2019-08-10 23:59:12 - [TEST_STEP][PASSED] - println(symbol): null

2019-08-10 23:59:12 - [TEST_STEP][PASSED] - if (i == 2 &amp;&amp; wildList.indexOf(symbol) != -1): null

2019-08-10 23:59:12 - [TEST_STEP][PASSED] - if (i == 3 &amp;&amp; wildList.indexOf(symbol) != -1): null

2019-08-10 23:59:12 - [TEST_STEP][PASSED] - if (i == 4 &amp;&amp; wildList.indexOf(symbol) != -1): null

2019-08-10 23:59:12 - [TEST_STEP][PASSED] - symbol = symbol: null

2019-08-10 23:59:12 - [TEST_STEP][PASSED] - println(symbol): null

2019-08-10 23:59:12 - [TEST_STEP][PASSED] - if (i == 2 &amp;&amp; wildList.indexOf(symbol) != -1): null

2019-08-10 23:59:12 - [TEST_STEP][PASSED] - if (i == 3 &amp;&amp; wildList.indexOf(symbol) != -1): null

2019-08-10 23:59:12 - [TEST_STEP][PASSED] - if (i == 4 &amp;&amp; wildList.indexOf(symbol) != -1): null

2019-08-10 23:59:12 - [TEST_STEP][PASSED] - symbols = symbols: null

2019-08-10 23:59:12 - [TEST_STEP][PASSED] - for ([j = 0, j &lt; symbols.size(), (j++)]): null

2019-08-10 23:59:12 - [TEST_STEP][PASSED] - symbol = symbol: null

2019-08-10 23:59:12 - [TEST_STEP][PASSED] - println(symbol): null

2019-08-10 23:59:12 - [TEST_STEP][PASSED] - if (i == 2 &amp;&amp; wildList.indexOf(symbol) != -1): null

2019-08-10 23:59:12 - [TEST_STEP][PASSED] - if (i == 3 &amp;&amp; wildList.indexOf(symbol) != -1): null

2019-08-10 23:59:12 - [TEST_STEP][PASSED] - if (i == 4 &amp;&amp; wildList.indexOf(symbol) != -1): null

2019-08-10 23:59:12 - [TEST_STEP][PASSED] - symbol = symbol: null

2019-08-10 23:59:12 - [TEST_STEP][PASSED] - println(symbol): null

2019-08-10 23:59:12 - [TEST_STEP][PASSED] - if (i == 2 &amp;&amp; wildList.indexOf(symbol) != -1): null

2019-08-10 23:59:12 - [TEST_STEP][PASSED] - if (i == 3 &amp;&amp; wildList.indexOf(symbol) != -1): null

2019-08-10 23:59:12 - [TEST_STEP][PASSED] - if (i == 4 &amp;&amp; wildList.indexOf(symbol) != -1): null

2019-08-10 23:59:12 - [TEST_STEP][PASSED] - symbol = symbol: null

2019-08-10 23:59:12 - [TEST_STEP][PASSED] - println(symbol): null

2019-08-10 23:59:12 - [TEST_STEP][PASSED] - if (i == 2 &amp;&amp; wildList.indexOf(symbol) != -1): null

2019-08-10 23:59:12 - [TEST_STEP][PASSED] - if (i == 3 &amp;&amp; wildList.indexOf(symbol) != -1): null

2019-08-10 23:59:12 - [TEST_STEP][PASSED] - if (i == 4 &amp;&amp; wildList.indexOf(symbol) != -1): null

2019-08-10 23:59:12 - [TEST_STEP][PASSED] - symbols = symbols: null

2019-08-10 23:59:12 - [TEST_STEP][PASSED] - for ([j = 0, j &lt; symbols.size(), (j++)]): null

2019-08-10 23:59:12 - [TEST_STEP][PASSED] - symbol = symbol: null

2019-08-10 23:59:12 - [TEST_STEP][PASSED] - println(symbol): null

2019-08-10 23:59:12 - [TEST_STEP][PASSED] - if (i == 2 &amp;&amp; wildList.indexOf(symbol) != -1): null

2019-08-10 23:59:12 - [TEST_STEP][PASSED] - if (i == 3 &amp;&amp; wildList.indexOf(symbol) != -1): null

2019-08-10 23:59:12 - [TEST_STEP][PASSED] - if (i == 4 &amp;&amp; wildList.indexOf(symbol) != -1): null

2019-08-10 23:59:12 - [TEST_STEP][PASSED] - symbol = symbol: null

2019-08-10 23:59:12 - [TEST_STEP][PASSED] - println(symbol): null

2019-08-10 23:59:12 - [TEST_STEP][PASSED] - if (i == 2 &amp;&amp; wildList.indexOf(symbol) != -1): null

2019-08-10 23:59:12 - [TEST_STEP][PASSED] - if (i == 3 &amp;&amp; wildList.indexOf(symbol) != -1): null

2019-08-10 23:59:12 - [TEST_STEP][PASSED] - if (i == 4 &amp;&amp; wildList.indexOf(symbol) != -1): null

2019-08-10 23:59:12 - [TEST_STEP][PASSED] - symbol = symbol: null

2019-08-10 23:59:12 - [TEST_STEP][PASSED] - println(symbol): null

2019-08-10 23:59:12 - [TEST_STEP][PASSED] - if (i == 2 &amp;&amp; wildList.indexOf(symbol) != -1): null

2019-08-10 23:59:12 - [TEST_STEP][PASSED] - if (i == 3 &amp;&amp; wildList.indexOf(symbol) != -1): null

2019-08-10 23:59:12 - [TEST_STEP][PASSED] - if (i == 4 &amp;&amp; wildList.indexOf(symbol) != -1): null

2019-08-10 23:59:12 - [TEST_STEP][PASSED] - free_spin_reel_counter = free_spin_reel_counter: null

2019-08-10 23:59:12 - [TEST_STEP][PASSED] - println("reel 3 wild found: " + free_spin_reel_counter[0]): null

2019-08-10 23:59:12 - [TEST_STEP][PASSED] - println("reel 4 wild found: " + free_spin_reel_counter[1]): null

2019-08-10 23:59:12 - [TEST_STEP][PASSED] - println("reel 5 wild found: " + free_spin_reel_counter[2]): null

2019-08-10 23:59:12 - [TEST_STEP][PASSED] - M4_spin_reels = M4_spin_reels: null

2019-08-10 23:59:12 - [TEST_STEP][PASSED] - M4_spin_reels_symbols = symbol: null

2019-08-10 23:59:12 - [TEST_STEP][PASSED] - M4_spin_reels_symbols = M4_spin_reels_symbols: null

2019-08-10 23:59:12 - [TEST_STEP][PASSED] - M4_spin_reel_wins = reel_wins: null

2019-08-10 23:59:12 - [TEST_STEP][PASSED] - M4_spin_reel_wins = M4_spin_reel_wins: null

2019-08-10 23:59:12 - [TEST_STEP][PASSED] - println("GlobalVariable.M4_spin_reel_wins is: " + M4_spin_reel_wins): null

2019-08-10 23:59:12 - [TEST_STEP][PASSED] - M4_spin_total_bonus_win_this_round = total_bonus_win_this_round: null

2019-08-10 23:59:12 - [TEST_STEP][PASSED] - M4_spin_total_bonus_win_this_round = M4_spin_total_bonus_win_this_round: null

2019-08-10 23:59:12 - [TEST_STEP][PASSED] - println("GlobalVariable.M4_spin_total_bonus_win_this_round is: " + M4_spin_total_bonus_win_this_round): null

2019-08-10 23:59:12 - [MESSAGE][PASSED] - Verify response successfully

2019-08-10 23:59:12 - [MESSAGE][PASSED] - Send request and verify the response successfully

2019-08-10 23:59:12 - [TEST_STEP][PASSED] - if (M4_total_bonus_spins_int != 0 &amp;&amp; M4_spin_reels_symbols[2].contains("WILD_Double") || M4_spin_reels_symbols[4].contains("WILD_Triple")): null

2019-08-10 23:59:12 - [TEST_STEP][PASSED] - free_spin_reel_counter = free_spin_reel_counter: null

2019-08-10 23:59:12 - [TEST_STEP][PASSED] - M4_spin_reels_symbols = M4_spin_reels_symbols: null

2019-08-10 23:59:12 - [TEST_STEP][PASSED] - M4_total_bonus_spins = M4_total_bonus_spins: null

2019-08-10 23:59:12 - [TEST_STEP][PASSED] - spin_result = sendRequestAndVerify(findTestObject("RGS(M4)/1_M4_spin", ["M4_login_user_id":M4_login_user_id, "rgs_session_token":rgs_session_token, "partner":Partner])): Send request and verify the response successfully

2019-08-10 23:59:12 - [TEST_CASE][PASSED] - Start Test Case : Verification: Verification accomplished successfully

2019-08-10 23:59:12 - [TEST_STEP][PASSED] - request = getInstance().getCurrentRequest(): null

2019-08-10 23:59:13 - [TEST_STEP][PASSED] - response = getInstance().getCurrentResponse(): null

2019-08-10 23:59:13 - [TEST_STEP][PASSED] - verifyResponseStatusCode(response, 200): Verify response status code successfully

2019-08-10 23:59:13 - [MESSAGE][PASSED] - Verify response status code successfully

2019-08-10 23:59:13 - [TEST_STEP][PASSED] - getStatusCode()).isEqualTo(200): null

2019-08-10 23:59:13 - [TEST_STEP][PASSED] - newline = System.getProperty("line.separator"): null

2019-08-10 23:59:13 - [TEST_STEP][PASSED] - M4_spin = new groovy.json.JsonSlurper(): null

2019-08-10 23:59:13 - [TEST_STEP][PASSED] - result_M4_spin = M4_spin.parseText(response.getResponseBodyContent()): null

2019-08-10 23:59:13 - [TEST_STEP][PASSED] - M4_spin_current_balance = current_balance: null

2019-08-10 23:59:13 - [TEST_STEP][PASSED] - M4_spin_current_balance = M4_spin_current_balance: null

2019-08-10 23:59:13 - [TEST_STEP][PASSED] - M4_spin_transaction_id = causality: null

2019-08-10 23:59:13 - [TEST_STEP][PASSED] - M4_spin_transaction_id = M4_spin_transaction_id: null

2019-08-10 23:59:13 - [TEST_STEP][PASSED] - M4_spin_round_id = round_id: null

2019-08-10 23:59:13 - [TEST_STEP][PASSED] - M4_spin_round_id = M4_spin_round_id: null

2019-08-10 23:59:13 - [TEST_STEP][PASSED] - M4_spin_line_wins = line_wins: null

2019-08-10 23:59:13 - [TEST_STEP][PASSED] - M4_spin_line_wins = M4_spin_line_wins: null

2019-08-10 23:59:13 - [TEST_STEP][PASSED] - M4_total_bonus_spins_int = total_bonus_spins: null

2019-08-10 23:59:13 - [TEST_STEP][PASSED] - println("******M4_total_bonus_spins type is:*******" + newline + getClass().getName()): null

2019-08-10 23:59:13 - [TEST_STEP][PASSED] - M4_total_bonus_spins_int = M4_total_bonus_spins_int: null

2019-08-10 23:59:13 - [TEST_STEP][PASSED] - M4_total_bonus_spins = Integer.toString(M4_total_bonus_spins_int): null

2019-08-10 23:59:13 - [TEST_STEP][PASSED] - M4_total_bonus_spins = M4_total_bonus_spins: null

2019-08-10 23:59:13 - [TEST_STEP][PASSED] - println("M4_total_bonus_spins is:" + M4_total_bonus_spins): null

2019-08-10 23:59:13 - [TEST_STEP][PASSED] - M4_spin_bonus_data = bonus_data: null

2019-08-10 23:59:13 - [TEST_STEP][PASSED] - M4_spin_features_triggered = result_M4_spin: null

2019-08-10 23:59:13 - [TEST_STEP][PASSED] - wild = []: null

2019-08-10 23:59:13 - [TEST_STEP][PASSED] - wild[0] = "WILD_Expanding": null

2019-08-10 23:59:13 - [TEST_STEP][PASSED] - wild[1] = "WILD_Normal": null

2019-08-10 23:59:13 - [TEST_STEP][PASSED] - wild[2] = "WILD_Double": null

2019-08-10 23:59:13 - [TEST_STEP][PASSED] - wild[3] = "WILD_ExtraFG": null

2019-08-10 23:59:13 - [TEST_STEP][PASSED] - wild[4] = "WILD_Triple": null

2019-08-10 23:59:13 - [TEST_STEP][PASSED] - wildList = Arrays.asList(wild): null

2019-08-10 23:59:13 - [TEST_STEP][PASSED] - wildList = wildList: null

2019-08-10 23:59:13 - [TEST_STEP][PASSED] - free_spin_reel_counter = []: null

2019-08-10 23:59:13 - [TEST_STEP][PASSED] - free_spin_reel_counter[0] = 0: null

2019-08-10 23:59:13 - [TEST_STEP][PASSED] - free_spin_reel_counter[1] = 0: null

2019-08-10 23:59:13 - [TEST_STEP][PASSED] - free_spin_reel_counter[2] = 0: null

2019-08-10 23:59:13 - [TEST_STEP][PASSED] - M4_spin_reels = reels: null

2019-08-10 23:59:13 - [TEST_STEP][PASSED] - for ([i = 0, i &lt; M4_spin_reels.size(), (i++)]): null

2019-08-10 23:59:13 - [TEST_STEP][PASSED] - symbols = symbols: null

2019-08-10 23:59:13 - [TEST_STEP][PASSED] - for ([j = 0, j &lt; symbols.size(), (j++)]): null

2019-08-10 23:59:13 - [TEST_STEP][PASSED] - symbol = symbol: null

2019-08-10 23:59:13 - [TEST_STEP][PASSED] - println(symbol): null

2019-08-10 23:59:13 - [TEST_STEP][PASSED] - if (i == 2 &amp;&amp; wildList.indexOf(symbol) != -1): null

2019-08-10 23:59:13 - [TEST_STEP][PASSED] - if (i == 3 &amp;&amp; wildList.indexOf(symbol) != -1): null

2019-08-10 23:59:13 - [TEST_STEP][PASSED] - if (i == 4 &amp;&amp; wildList.indexOf(symbol) != -1): null

2019-08-10 23:59:13 - [TEST_STEP][PASSED] - symbol = symbol: null

2019-08-10 23:59:13 - [TEST_STEP][PASSED] - println(symbol): null

2019-08-10 23:59:13 - [TEST_STEP][PASSED] - if (i == 2 &amp;&amp; wildList.indexOf(symbol) != -1): null

2019-08-10 23:59:13 - [TEST_STEP][PASSED] - if (i == 3 &amp;&amp; wildList.indexOf(symbol) != -1): null

2019-08-10 23:59:13 - [TEST_STEP][PASSED] - if (i == 4 &amp;&amp; wildList.indexOf(symbol) != -1): null

2019-08-10 23:59:13 - [TEST_STEP][PASSED] - symbol = symbol: null

2019-08-10 23:59:13 - [TEST_STEP][PASSED] - println(symbol): null

2019-08-10 23:59:13 - [TEST_STEP][PASSED] - if (i == 2 &amp;&amp; wildList.indexOf(symbol) != -1): null

2019-08-10 23:59:13 - [TEST_STEP][PASSED] - if (i == 3 &amp;&amp; wildList.indexOf(symbol) != -1): null

2019-08-10 23:59:13 - [TEST_STEP][PASSED] - if (i == 4 &amp;&amp; wildList.indexOf(symbol) != -1): null

2019-08-10 23:59:13 - [TEST_STEP][PASSED] - symbols = symbols: null

2019-08-10 23:59:13 - [TEST_STEP][PASSED] - for ([j = 0, j &lt; symbols.size(), (j++)]): null

2019-08-10 23:59:13 - [TEST_STEP][PASSED] - symbol = symbol: null

2019-08-10 23:59:13 - [TEST_STEP][PASSED] - println(symbol): null

2019-08-10 23:59:13 - [TEST_STEP][PASSED] - if (i == 2 &amp;&amp; wildList.indexOf(symbol) != -1): null

2019-08-10 23:59:13 - [TEST_STEP][PASSED] - if (i == 3 &amp;&amp; wildList.indexOf(symbol) != -1): null

2019-08-10 23:59:13 - [TEST_STEP][PASSED] - if (i == 4 &amp;&amp; wildList.indexOf(symbol) != -1): null

2019-08-10 23:59:13 - [TEST_STEP][PASSED] - symbol = symbol: null

2019-08-10 23:59:13 - [TEST_STEP][PASSED] - println(symbol): null

2019-08-10 23:59:13 - [TEST_STEP][PASSED] - if (i == 2 &amp;&amp; wildList.indexOf(symbol) != -1): null

2019-08-10 23:59:13 - [TEST_STEP][PASSED] - if (i == 3 &amp;&amp; wildList.indexOf(symbol) != -1): null

2019-08-10 23:59:13 - [TEST_STEP][PASSED] - if (i == 4 &amp;&amp; wildList.indexOf(symbol) != -1): null

2019-08-10 23:59:13 - [TEST_STEP][PASSED] - symbol = symbol: null

2019-08-10 23:59:13 - [TEST_STEP][PASSED] - println(symbol): null

2019-08-10 23:59:13 - [TEST_STEP][PASSED] - if (i == 2 &amp;&amp; wildList.indexOf(symbol) != -1): null

2019-08-10 23:59:13 - [TEST_STEP][PASSED] - if (i == 3 &amp;&amp; wildList.indexOf(symbol) != -1): null

2019-08-10 23:59:13 - [TEST_STEP][PASSED] - if (i == 4 &amp;&amp; wildList.indexOf(symbol) != -1): null

2019-08-10 23:59:13 - [TEST_STEP][PASSED] - symbols = symbols: null

2019-08-10 23:59:13 - [TEST_STEP][PASSED] - for ([j = 0, j &lt; symbols.size(), (j++)]): null

2019-08-10 23:59:13 - [TEST_STEP][PASSED] - symbol = symbol: null

2019-08-10 23:59:13 - [TEST_STEP][PASSED] - println(symbol): null

2019-08-10 23:59:13 - [TEST_STEP][PASSED] - if (i == 2 &amp;&amp; wildList.indexOf(symbol) != -1): null

2019-08-10 23:59:13 - [TEST_STEP][PASSED] - if (i == 3 &amp;&amp; wildList.indexOf(symbol) != -1): null

2019-08-10 23:59:13 - [TEST_STEP][PASSED] - if (i == 4 &amp;&amp; wildList.indexOf(symbol) != -1): null

2019-08-10 23:59:13 - [TEST_STEP][PASSED] - symbol = symbol: null

2019-08-10 23:59:13 - [TEST_STEP][PASSED] - println(symbol): null

2019-08-10 23:59:13 - [TEST_STEP][PASSED] - if (i == 2 &amp;&amp; wildList.indexOf(symbol) != -1): null

2019-08-10 23:59:13 - [TEST_STEP][PASSED] - if (i == 3 &amp;&amp; wildList.indexOf(symbol) != -1): null

2019-08-10 23:59:13 - [TEST_STEP][PASSED] - if (i == 4 &amp;&amp; wildList.indexOf(symbol) != -1): null

2019-08-10 23:59:13 - [TEST_STEP][PASSED] - symbol = symbol: null

2019-08-10 23:59:13 - [TEST_STEP][PASSED] - println(symbol): null

2019-08-10 23:59:13 - [TEST_STEP][PASSED] - if (i == 2 &amp;&amp; wildList.indexOf(symbol) != -1): null

2019-08-10 23:59:13 - [TEST_STEP][PASSED] - if (i == 3 &amp;&amp; wildList.indexOf(symbol) != -1): null

2019-08-10 23:59:13 - [TEST_STEP][PASSED] - if (i == 4 &amp;&amp; wildList.indexOf(symbol) != -1): null

2019-08-10 23:59:13 - [TEST_STEP][PASSED] - symbols = symbols: null

2019-08-10 23:59:13 - [TEST_STEP][PASSED] - for ([j = 0, j &lt; symbols.size(), (j++)]): null

2019-08-10 23:59:13 - [TEST_STEP][PASSED] - symbol = symbol: null

2019-08-10 23:59:13 - [TEST_STEP][PASSED] - println(symbol): null

2019-08-10 23:59:13 - [TEST_STEP][PASSED] - if (i == 2 &amp;&amp; wildList.indexOf(symbol) != -1): null

2019-08-10 23:59:13 - [TEST_STEP][PASSED] - if (i == 3 &amp;&amp; wildList.indexOf(symbol) != -1): null

2019-08-10 23:59:13 - [TEST_STEP][PASSED] - if (i == 4 &amp;&amp; wildList.indexOf(symbol) != -1): null

2019-08-10 23:59:13 - [TEST_STEP][PASSED] - symbol = symbol: null

2019-08-10 23:59:13 - [TEST_STEP][PASSED] - println(symbol): null

2019-08-10 23:59:13 - [TEST_STEP][PASSED] - if (i == 2 &amp;&amp; wildList.indexOf(symbol) != -1): null

2019-08-10 23:59:13 - [TEST_STEP][PASSED] - if (i == 3 &amp;&amp; wildList.indexOf(symbol) != -1): null

2019-08-10 23:59:13 - [TEST_STEP][PASSED] - if (i == 4 &amp;&amp; wildList.indexOf(symbol) != -1): null

2019-08-10 23:59:13 - [TEST_STEP][PASSED] - symbol = symbol: null

2019-08-10 23:59:13 - [TEST_STEP][PASSED] - println(symbol): null

2019-08-10 23:59:13 - [TEST_STEP][PASSED] - if (i == 2 &amp;&amp; wildList.indexOf(symbol) != -1): null

2019-08-10 23:59:13 - [TEST_STEP][PASSED] - if (i == 3 &amp;&amp; wildList.indexOf(symbol) != -1): null

2019-08-10 23:59:13 - [TEST_STEP][PASSED] - if (i == 4 &amp;&amp; wildList.indexOf(symbol) != -1): null

2019-08-10 23:59:13 - [TEST_STEP][PASSED] - symbols = symbols: null

2019-08-10 23:59:13 - [TEST_STEP][PASSED] - for ([j = 0, j &lt; symbols.size(), (j++)]): null

2019-08-10 23:59:13 - [TEST_STEP][PASSED] - symbol = symbol: null

2019-08-10 23:59:13 - [TEST_STEP][PASSED] - println(symbol): null

2019-08-10 23:59:13 - [TEST_STEP][PASSED] - if (i == 2 &amp;&amp; wildList.indexOf(symbol) != -1): null

2019-08-10 23:59:13 - [TEST_STEP][PASSED] - if (i == 3 &amp;&amp; wildList.indexOf(symbol) != -1): null

2019-08-10 23:59:13 - [TEST_STEP][PASSED] - if (i == 4 &amp;&amp; wildList.indexOf(symbol) != -1): null

2019-08-10 23:59:13 - [TEST_STEP][PASSED] - symbol = symbol: null

2019-08-10 23:59:13 - [TEST_STEP][PASSED] - println(symbol): null

2019-08-10 23:59:13 - [TEST_STEP][PASSED] - if (i == 2 &amp;&amp; wildList.indexOf(symbol) != -1): null

2019-08-10 23:59:13 - [TEST_STEP][PASSED] - if (i == 3 &amp;&amp; wildList.indexOf(symbol) != -1): null

2019-08-10 23:59:13 - [TEST_STEP][PASSED] - if (i == 4 &amp;&amp; wildList.indexOf(symbol) != -1): null

2019-08-10 23:59:13 - [TEST_STEP][PASSED] - symbol = symbol: null

2019-08-10 23:59:13 - [TEST_STEP][PASSED] - println(symbol): null

2019-08-10 23:59:13 - [TEST_STEP][PASSED] - if (i == 2 &amp;&amp; wildList.indexOf(symbol) != -1): null

2019-08-10 23:59:13 - [TEST_STEP][PASSED] - if (i == 3 &amp;&amp; wildList.indexOf(symbol) != -1): null

2019-08-10 23:59:13 - [TEST_STEP][PASSED] - if (i == 4 &amp;&amp; wildList.indexOf(symbol) != -1): null

2019-08-10 23:59:13 - [TEST_STEP][PASSED] - free_spin_reel_counter = free_spin_reel_counter: null

2019-08-10 23:59:13 - [TEST_STEP][PASSED] - println("reel 3 wild found: " + free_spin_reel_counter[0]): null

2019-08-10 23:59:13 - [TEST_STEP][PASSED] - println("reel 4 wild found: " + free_spin_reel_counter[1]): null

2019-08-10 23:59:13 - [TEST_STEP][PASSED] - println("reel 5 wild found: " + free_spin_reel_counter[2]): null

2019-08-10 23:59:13 - [TEST_STEP][PASSED] - M4_spin_reels = M4_spin_reels: null

2019-08-10 23:59:13 - [TEST_STEP][PASSED] - M4_spin_reels_symbols = symbol: null

2019-08-10 23:59:13 - [TEST_STEP][PASSED] - M4_spin_reels_symbols = M4_spin_reels_symbols: null

2019-08-10 23:59:13 - [TEST_STEP][PASSED] - M4_spin_reel_wins = reel_wins: null

2019-08-10 23:59:13 - [TEST_STEP][PASSED] - M4_spin_reel_wins = M4_spin_reel_wins: null

2019-08-10 23:59:13 - [TEST_STEP][PASSED] - println("GlobalVariable.M4_spin_reel_wins is: " + M4_spin_reel_wins): null

2019-08-10 23:59:13 - [TEST_STEP][PASSED] - M4_spin_total_bonus_win_this_round = total_bonus_win_this_round: null

2019-08-10 23:59:13 - [TEST_STEP][PASSED] - M4_spin_total_bonus_win_this_round = M4_spin_total_bonus_win_this_round: null

2019-08-10 23:59:13 - [TEST_STEP][PASSED] - println("GlobalVariable.M4_spin_total_bonus_win_this_round is: " + M4_spin_total_bonus_win_this_round): null

2019-08-10 23:59:13 - [MESSAGE][PASSED] - Verify response successfully

2019-08-10 23:59:13 - [MESSAGE][PASSED] - Send request and verify the response successfully

2019-08-10 23:59:13 - [TEST_STEP][PASSED] - if (M4_total_bonus_spins_int != 0 &amp;&amp; M4_spin_reels_symbols[2].contains("WILD_Double") || M4_spin_reels_symbols[4].contains("WILD_Triple")): null

2019-08-10 23:59:13 - [TEST_STEP][PASSED] - free_spin_reel_counter = free_spin_reel_counter: null

2019-08-10 23:59:13 - [TEST_STEP][PASSED] - M4_spin_reels_symbols = M4_spin_reels_symbols: null

2019-08-10 23:59:13 - [TEST_STEP][PASSED] - M4_total_bonus_spins = M4_total_bonus_spins: null

2019-08-10 23:59:13 - [TEST_STEP][PASSED] - spin_result = sendRequestAndVerify(findTestObject("RGS(M4)/1_M4_spin", ["M4_login_user_id":M4_login_user_id, "rgs_session_token":rgs_session_token, "partner":Partner])): Send request and verify the response successfully

2019-08-10 23:59:13 - [TEST_CASE][PASSED] - Start Test Case : Verification: Verification accomplished successfully

2019-08-10 23:59:13 - [TEST_STEP][PASSED] - request = getInstance().getCurrentRequest(): null

2019-08-10 23:59:13 - [TEST_STEP][PASSED] - response = getInstance().getCurrentResponse(): null

2019-08-10 23:59:13 - [TEST_STEP][PASSED] - verifyResponseStatusCode(response, 200): Verify response status code successfully

2019-08-10 23:59:13 - [MESSAGE][PASSED] - Verify response status code successfully

2019-08-10 23:59:13 - [TEST_STEP][PASSED] - getStatusCode()).isEqualTo(200): null

2019-08-10 23:59:13 - [TEST_STEP][PASSED] - newline = System.getProperty("line.separator"): null

2019-08-10 23:59:13 - [TEST_STEP][PASSED] - M4_spin = new groovy.json.JsonSlurper(): null

2019-08-10 23:59:13 - [TEST_STEP][PASSED] - result_M4_spin = M4_spin.parseText(response.getResponseBodyContent()): null

2019-08-10 23:59:13 - [TEST_STEP][PASSED] - M4_spin_current_balance = current_balance: null

2019-08-10 23:59:13 - [TEST_STEP][PASSED] - M4_spin_current_balance = M4_spin_current_balance: null

2019-08-10 23:59:13 - [TEST_STEP][PASSED] - M4_spin_transaction_id = causality: null

2019-08-10 23:59:13 - [TEST_STEP][PASSED] - M4_spin_transaction_id = M4_spin_transaction_id: null

2019-08-10 23:59:13 - [TEST_STEP][PASSED] - M4_spin_round_id = round_id: null

2019-08-10 23:59:13 - [TEST_STEP][PASSED] - M4_spin_round_id = M4_spin_round_id: null

2019-08-10 23:59:13 - [TEST_STEP][PASSED] - M4_spin_line_wins = line_wins: null

2019-08-10 23:59:13 - [TEST_STEP][PASSED] - M4_spin_line_wins = M4_spin_line_wins: null

2019-08-10 23:59:13 - [TEST_STEP][PASSED] - M4_total_bonus_spins_int = total_bonus_spins: null

2019-08-10 23:59:13 - [TEST_STEP][PASSED] - println("******M4_total_bonus_spins type is:*******" + newline + getClass().getName()): null

2019-08-10 23:59:13 - [TEST_STEP][PASSED] - M4_total_bonus_spins_int = M4_total_bonus_spins_int: null

2019-08-10 23:59:17 - [TEST_STEP][PASSED] - M4_total_bonus_spins = Integer.toString(M4_total_bonus_spins_int): null

2019-08-10 23:59:17 - [TEST_STEP][PASSED] - M4_total_bonus_spins = M4_total_bonus_spins: null

2019-08-10 23:59:17 - [TEST_STEP][PASSED] - println("M4_total_bonus_spins is:" + M4_total_bonus_spins): null

2019-08-10 23:59:17 - [TEST_STEP][PASSED] - M4_spin_bonus_data = bonus_data: null

2019-08-10 23:59:17 - [TEST_STEP][PASSED] - M4_spin_features_triggered = result_M4_spin: null

2019-08-10 23:59:17 - [TEST_STEP][PASSED] - wild = []: null

2019-08-10 23:59:17 - [TEST_STEP][PASSED] - wild[0] = "WILD_Expanding": null

2019-08-10 23:59:17 - [TEST_STEP][PASSED] - wild[1] = "WILD_Normal": null

2019-08-10 23:59:17 - [TEST_STEP][PASSED] - wild[2] = "WILD_Double": null

2019-08-10 23:59:17 - [TEST_STEP][PASSED] - wild[3] = "WILD_ExtraFG": null

2019-08-10 23:59:18 - [TEST_STEP][PASSED] - wild[4] = "WILD_Triple": null

2019-08-10 23:59:18 - [TEST_STEP][PASSED] - wildList = Arrays.asList(wild): null

2019-08-10 23:59:18 - [TEST_STEP][PASSED] - wildList = wildList: null

2019-08-10 23:59:18 - [TEST_STEP][PASSED] - free_spin_reel_counter = []: null

2019-08-10 23:59:18 - [TEST_STEP][PASSED] - free_spin_reel_counter[0] = 0: null

2019-08-10 23:59:18 - [TEST_STEP][PASSED] - free_spin_reel_counter[1] = 0: null

2019-08-10 23:59:18 - [TEST_STEP][PASSED] - free_spin_reel_counter[2] = 0: null

2019-08-10 23:59:18 - [TEST_STEP][PASSED] - M4_spin_reels = reels: null

2019-08-10 23:59:18 - [TEST_STEP][PASSED] - for ([i = 0, i &lt; M4_spin_reels.size(), (i++)]): null

2019-08-10 23:59:18 - [TEST_STEP][PASSED] - symbols = symbols: null

2019-08-10 23:59:18 - [TEST_STEP][PASSED] - for ([j = 0, j &lt; symbols.size(), (j++)]): null

2019-08-10 23:59:18 - [TEST_STEP][PASSED] - symbol = symbol: null

2019-08-10 23:59:18 - [TEST_STEP][PASSED] - println(symbol): null

2019-08-10 23:59:18 - [TEST_STEP][PASSED] - if (i == 2 &amp;&amp; wildList.indexOf(symbol) != -1): null

2019-08-10 23:59:18 - [TEST_STEP][PASSED] - if (i == 3 &amp;&amp; wildList.indexOf(symbol) != -1): null

2019-08-10 23:59:18 - [TEST_STEP][PASSED] - if (i == 4 &amp;&amp; wildList.indexOf(symbol) != -1): null

2019-08-10 23:59:18 - [TEST_STEP][PASSED] - symbol = symbol: null

2019-08-10 23:59:18 - [TEST_STEP][PASSED] - println(symbol): null

2019-08-10 23:59:18 - [TEST_STEP][PASSED] - if (i == 2 &amp;&amp; wildList.indexOf(symbol) != -1): null

2019-08-10 23:59:18 - [TEST_STEP][PASSED] - if (i == 3 &amp;&amp; wildList.indexOf(symbol) != -1): null

2019-08-10 23:59:18 - [TEST_STEP][PASSED] - if (i == 4 &amp;&amp; wildList.indexOf(symbol) != -1): null

2019-08-10 23:59:18 - [TEST_STEP][PASSED] - symbol = symbol: null

2019-08-10 23:59:18 - [TEST_STEP][PASSED] - println(symbol): null

2019-08-10 23:59:18 - [TEST_STEP][PASSED] - if (i == 2 &amp;&amp; wildList.indexOf(symbol) != -1): null

2019-08-10 23:59:18 - [TEST_STEP][PASSED] - if (i == 3 &amp;&amp; wildList.indexOf(symbol) != -1): null

2019-08-10 23:59:18 - [TEST_STEP][PASSED] - if (i == 4 &amp;&amp; wildList.indexOf(symbol) != -1): null

2019-08-10 23:59:18 - [TEST_STEP][PASSED] - symbols = symbols: null

2019-08-10 23:59:18 - [TEST_STEP][PASSED] - for ([j = 0, j &lt; symbols.size(), (j++)]): null

2019-08-10 23:59:18 - [TEST_STEP][PASSED] - symbol = symbol: null

2019-08-10 23:59:18 - [TEST_STEP][PASSED] - println(symbol): null

2019-08-10 23:59:18 - [TEST_STEP][PASSED] - if (i == 2 &amp;&amp; wildList.indexOf(symbol) != -1): null

2019-08-10 23:59:18 - [TEST_STEP][PASSED] - if (i == 3 &amp;&amp; wildList.indexOf(symbol) != -1): null

2019-08-10 23:59:18 - [TEST_STEP][PASSED] - if (i == 4 &amp;&amp; wildList.indexOf(symbol) != -1): null

2019-08-10 23:59:18 - [TEST_STEP][PASSED] - symbol = symbol: null

2019-08-10 23:59:18 - [TEST_STEP][PASSED] - println(symbol): null

2019-08-10 23:59:18 - [TEST_STEP][PASSED] - if (i == 2 &amp;&amp; wildList.indexOf(symbol) != -1): null

2019-08-10 23:59:18 - [TEST_STEP][PASSED] - if (i == 3 &amp;&amp; wildList.indexOf(symbol) != -1): null

2019-08-10 23:59:18 - [TEST_STEP][PASSED] - if (i == 4 &amp;&amp; wildList.indexOf(symbol) != -1): null

2019-08-10 23:59:18 - [TEST_STEP][PASSED] - symbol = symbol: null

2019-08-10 23:59:18 - [TEST_STEP][PASSED] - println(symbol): null

2019-08-10 23:59:18 - [TEST_STEP][PASSED] - if (i == 2 &amp;&amp; wildList.indexOf(symbol) != -1): null

2019-08-10 23:59:18 - [TEST_STEP][PASSED] - if (i == 3 &amp;&amp; wildList.indexOf(symbol) != -1): null

2019-08-10 23:59:18 - [TEST_STEP][PASSED] - if (i == 4 &amp;&amp; wildList.indexOf(symbol) != -1): null

2019-08-10 23:59:18 - [TEST_STEP][PASSED] - symbols = symbols: null

2019-08-10 23:59:18 - [TEST_STEP][PASSED] - for ([j = 0, j &lt; symbols.size(), (j++)]): null

2019-08-10 23:59:18 - [TEST_STEP][PASSED] - symbol = symbol: null

2019-08-10 23:59:18 - [TEST_STEP][PASSED] - println(symbol): null

2019-08-10 23:59:18 - [TEST_STEP][PASSED] - if (i == 2 &amp;&amp; wildList.indexOf(symbol) != -1): null

2019-08-10 23:59:18 - [TEST_STEP][PASSED] - if (i == 3 &amp;&amp; wildList.indexOf(symbol) != -1): null

2019-08-10 23:59:18 - [TEST_STEP][PASSED] - if (i == 4 &amp;&amp; wildList.indexOf(symbol) != -1): null

2019-08-10 23:59:18 - [TEST_STEP][PASSED] - symbol = symbol: null

2019-08-10 23:59:18 - [TEST_STEP][PASSED] - println(symbol): null

2019-08-10 23:59:18 - [TEST_STEP][PASSED] - if (i == 2 &amp;&amp; wildList.indexOf(symbol) != -1): null

2019-08-10 23:59:18 - [TEST_STEP][PASSED] - println("wild found on reel 3, adding counter by 1"): null

2019-08-10 23:59:18 - [TEST_STEP][PASSED] - free_spin_reel_counter[0] = free_spin_reel_counter[0] + 1: null

2019-08-10 23:59:18 - [TEST_STEP][PASSED] - if (i == 3 &amp;&amp; wildList.indexOf(symbol) != -1): null

2019-08-10 23:59:18 - [TEST_STEP][PASSED] - if (i == 4 &amp;&amp; wildList.indexOf(symbol) != -1): null

2019-08-10 23:59:18 - [TEST_STEP][PASSED] - symbol = symbol: null

2019-08-10 23:59:18 - [TEST_STEP][PASSED] - println(symbol): null

2019-08-10 23:59:18 - [TEST_STEP][PASSED] - if (i == 2 &amp;&amp; wildList.indexOf(symbol) != -1): null

2019-08-10 23:59:18 - [TEST_STEP][PASSED] - if (i == 3 &amp;&amp; wildList.indexOf(symbol) != -1): null

2019-08-10 23:59:18 - [TEST_STEP][PASSED] - if (i == 4 &amp;&amp; wildList.indexOf(symbol) != -1): null

2019-08-10 23:59:18 - [TEST_STEP][PASSED] - symbols = symbols: null

2019-08-10 23:59:18 - [TEST_STEP][PASSED] - for ([j = 0, j &lt; symbols.size(), (j++)]): null

2019-08-10 23:59:18 - [TEST_STEP][PASSED] - symbol = symbol: null

2019-08-10 23:59:18 - [TEST_STEP][PASSED] - println(symbol): null

2019-08-10 23:59:18 - [TEST_STEP][PASSED] - if (i == 2 &amp;&amp; wildList.indexOf(symbol) != -1): null

2019-08-10 23:59:18 - [TEST_STEP][PASSED] - if (i == 3 &amp;&amp; wildList.indexOf(symbol) != -1): null

2019-08-10 23:59:18 - [TEST_STEP][PASSED] - if (i == 4 &amp;&amp; wildList.indexOf(symbol) != -1): null

2019-08-10 23:59:18 - [TEST_STEP][PASSED] - symbol = symbol: null

2019-08-10 23:59:18 - [TEST_STEP][PASSED] - println(symbol): null

2019-08-10 23:59:18 - [TEST_STEP][PASSED] - if (i == 2 &amp;&amp; wildList.indexOf(symbol) != -1): null

2019-08-10 23:59:18 - [TEST_STEP][PASSED] - if (i == 3 &amp;&amp; wildList.indexOf(symbol) != -1): null

2019-08-10 23:59:18 - [TEST_STEP][PASSED] - if (i == 4 &amp;&amp; wildList.indexOf(symbol) != -1): null

2019-08-10 23:59:18 - [TEST_STEP][PASSED] - symbol = symbol: null

2019-08-10 23:59:18 - [TEST_STEP][PASSED] - println(symbol): null

2019-08-10 23:59:18 - [TEST_STEP][PASSED] - if (i == 2 &amp;&amp; wildList.indexOf(symbol) != -1): null

2019-08-10 23:59:18 - [TEST_STEP][PASSED] - if (i == 3 &amp;&amp; wildList.indexOf(symbol) != -1): null

2019-08-10 23:59:18 - [TEST_STEP][PASSED] - if (i == 4 &amp;&amp; wildList.indexOf(symbol) != -1): null

2019-08-10 23:59:18 - [TEST_STEP][PASSED] - symbols = symbols: null

2019-08-10 23:59:18 - [TEST_STEP][PASSED] - for ([j = 0, j &lt; symbols.size(), (j++)]): null

2019-08-10 23:59:18 - [TEST_STEP][PASSED] - symbol = symbol: null

2019-08-10 23:59:18 - [TEST_STEP][PASSED] - println(symbol): null

2019-08-10 23:59:18 - [TEST_STEP][PASSED] - if (i == 2 &amp;&amp; wildList.indexOf(symbol) != -1): null

2019-08-10 23:59:18 - [TEST_STEP][PASSED] - if (i == 3 &amp;&amp; wildList.indexOf(symbol) != -1): null

2019-08-10 23:59:18 - [TEST_STEP][PASSED] - if (i == 4 &amp;&amp; wildList.indexOf(symbol) != -1): null

2019-08-10 23:59:18 - [TEST_STEP][PASSED] - symbol = symbol: null

2019-08-10 23:59:18 - [TEST_STEP][PASSED] - println(symbol): null

2019-08-10 23:59:18 - [TEST_STEP][PASSED] - if (i == 2 &amp;&amp; wildList.indexOf(symbol) != -1): null

2019-08-10 23:59:18 - [TEST_STEP][PASSED] - if (i == 3 &amp;&amp; wildList.indexOf(symbol) != -1): null

2019-08-10 23:59:18 - [TEST_STEP][PASSED] - if (i == 4 &amp;&amp; wildList.indexOf(symbol) != -1): null

2019-08-10 23:59:18 - [TEST_STEP][PASSED] - symbol = symbol: null

2019-08-10 23:59:18 - [TEST_STEP][PASSED] - println(symbol): null

2019-08-10 23:59:18 - [TEST_STEP][PASSED] - if (i == 2 &amp;&amp; wildList.indexOf(symbol) != -1): null

2019-08-10 23:59:18 - [TEST_STEP][PASSED] - if (i == 3 &amp;&amp; wildList.indexOf(symbol) != -1): null

2019-08-10 23:59:18 - [TEST_STEP][PASSED] - if (i == 4 &amp;&amp; wildList.indexOf(symbol) != -1): null

2019-08-10 23:59:18 - [TEST_STEP][PASSED] - println("wild found on reel 5, adding counter by 1"): null

2019-08-10 23:59:18 - [TEST_STEP][PASSED] - free_spin_reel_counter[2] = free_spin_reel_counter[2] + 1: null

2019-08-10 23:59:18 - [TEST_STEP][PASSED] - free_spin_reel_counter = free_spin_reel_counter: null

2019-08-10 23:59:18 - [TEST_STEP][PASSED] - println("reel 3 wild found: " + free_spin_reel_counter[0]): null

2019-08-10 23:59:18 - [TEST_STEP][PASSED] - println("reel 4 wild found: " + free_spin_reel_counter[1]): null

2019-08-10 23:59:18 - [TEST_STEP][PASSED] - println("reel 5 wild found: " + free_spin_reel_counter[2]): null

2019-08-10 23:59:18 - [TEST_STEP][PASSED] - M4_spin_reels = M4_spin_reels: null

2019-08-10 23:59:18 - [TEST_STEP][PASSED] - M4_spin_reels_symbols = symbol: null

2019-08-10 23:59:18 - [TEST_STEP][PASSED] - M4_spin_reels_symbols = M4_spin_reels_symbols: null

2019-08-10 23:59:18 - [TEST_STEP][PASSED] - M4_spin_reel_wins = reel_wins: null

2019-08-10 23:59:18 - [TEST_STEP][PASSED] - M4_spin_reel_wins = M4_spin_reel_wins: null

2019-08-10 23:59:18 - [TEST_STEP][PASSED] - println("GlobalVariable.M4_spin_reel_wins is: " + M4_spin_reel_wins): null

2019-08-10 23:59:18 - [TEST_STEP][PASSED] - M4_spin_total_bonus_win_this_round = total_bonus_win_this_round: null

2019-08-10 23:59:18 - [TEST_STEP][PASSED] - M4_spin_total_bonus_win_this_round = M4_spin_total_bonus_win_this_round: null

2019-08-10 23:59:18 - [TEST_STEP][PASSED] - println("GlobalVariable.M4_spin_total_bonus_win_this_round is: " + M4_spin_total_bonus_win_this_round): null

2019-08-10 23:59:18 - [MESSAGE][PASSED] - Verify response successfully

2019-08-10 23:59:18 - [MESSAGE][PASSED] - Send request and verify the response successfully

2019-08-10 23:59:18 - [TEST_STEP][PASSED] - if (M4_total_bonus_spins_int != 0 &amp;&amp; M4_spin_reels_symbols[2].contains("WILD_Double") || M4_spin_reels_symbols[4].contains("WILD_Triple")): null

2019-08-10 23:59:18 - [TEST_STEP][PASSED] - free_spin_reel_counter = free_spin_reel_counter: null

2019-08-10 23:59:18 - [TEST_STEP][PASSED] - M4_spin_reels_symbols = M4_spin_reels_symbols: null

2019-08-10 23:59:18 - [TEST_STEP][PASSED] - M4_total_bonus_spins = M4_total_bonus_spins: null

2019-08-10 23:59:18 - [TEST_STEP][PASSED] - spin_result = sendRequestAndVerify(findTestObject("RGS(M4)/1_M4_spin", ["M4_login_user_id":M4_login_user_id, "rgs_session_token":rgs_session_token, "partner":Partner])): Send request and verify the response successfully

2019-08-10 23:59:18 - [TEST_CASE][PASSED] - Start Test Case : Verification: Verification accomplished successfully

2019-08-10 23:59:18 - [TEST_STEP][PASSED] - request = getInstance().getCurrentRequest(): null

2019-08-10 23:59:18 - [TEST_STEP][PASSED] - response = getInstance().getCurrentResponse(): null

2019-08-10 23:59:18 - [TEST_STEP][PASSED] - verifyResponseStatusCode(response, 200): Verify response status code successfully

2019-08-10 23:59:18 - [MESSAGE][PASSED] - Verify response status code successfully

2019-08-10 23:59:18 - [TEST_STEP][PASSED] - getStatusCode()).isEqualTo(200): null

2019-08-10 23:59:18 - [TEST_STEP][PASSED] - newline = System.getProperty("line.separator"): null

2019-08-10 23:59:18 - [TEST_STEP][PASSED] - M4_spin = new groovy.json.JsonSlurper(): null

2019-08-10 23:59:18 - [TEST_STEP][PASSED] - result_M4_spin = M4_spin.parseText(response.getResponseBodyContent()): null

2019-08-10 23:59:18 - [TEST_STEP][PASSED] - M4_spin_current_balance = current_balance: null

2019-08-10 23:59:18 - [TEST_STEP][PASSED] - M4_spin_current_balance = M4_spin_current_balance: null

2019-08-10 23:59:18 - [TEST_STEP][PASSED] - M4_spin_transaction_id = causality: null

2019-08-10 23:59:18 - [TEST_STEP][PASSED] - M4_spin_transaction_id = M4_spin_transaction_id: null

2019-08-10 23:59:18 - [TEST_STEP][PASSED] - M4_spin_round_id = round_id: null

2019-08-10 23:59:18 - [TEST_STEP][PASSED] - M4_spin_round_id = M4_spin_round_id: null

2019-08-10 23:59:18 - [TEST_STEP][PASSED] - M4_spin_line_wins = line_wins: null

2019-08-10 23:59:18 - [TEST_STEP][PASSED] - M4_spin_line_wins = M4_spin_line_wins: null

2019-08-10 23:59:18 - [TEST_STEP][PASSED] - M4_total_bonus_spins_int = total_bonus_spins: null

2019-08-10 23:59:18 - [TEST_STEP][PASSED] - println("******M4_total_bonus_spins type is:*******" + newline + getClass().getName()): null

2019-08-10 23:59:18 - [TEST_STEP][PASSED] - M4_total_bonus_spins_int = M4_total_bonus_spins_int: null

2019-08-10 23:59:18 - [TEST_STEP][PASSED] - M4_total_bonus_spins = Integer.toString(M4_total_bonus_spins_int): null

2019-08-10 23:59:18 - [TEST_STEP][PASSED] - M4_total_bonus_spins = M4_total_bonus_spins: null

2019-08-10 23:59:18 - [TEST_STEP][PASSED] - println("M4_total_bonus_spins is:" + M4_total_bonus_spins): null

2019-08-10 23:59:18 - [TEST_STEP][PASSED] - M4_spin_bonus_data = bonus_data: null

2019-08-10 23:59:18 - [TEST_STEP][PASSED] - M4_spin_features_triggered = result_M4_spin: null

2019-08-10 23:59:18 - [TEST_STEP][PASSED] - wild = []: null

2019-08-10 23:59:18 - [TEST_STEP][PASSED] - wild[0] = "WILD_Expanding": null

2019-08-10 23:59:18 - [TEST_STEP][PASSED] - wild[1] = "WILD_Normal": null

2019-08-10 23:59:18 - [TEST_STEP][PASSED] - wild[2] = "WILD_Double": null

2019-08-10 23:59:18 - [TEST_STEP][PASSED] - wild[3] = "WILD_ExtraFG": null

2019-08-10 23:59:18 - [TEST_STEP][PASSED] - wild[4] = "WILD_Triple": null

2019-08-10 23:59:18 - [TEST_STEP][PASSED] - wildList = Arrays.asList(wild): null

2019-08-10 23:59:18 - [TEST_STEP][PASSED] - wildList = wildList: null

2019-08-10 23:59:18 - [TEST_STEP][PASSED] - free_spin_reel_counter = []: null

2019-08-10 23:59:18 - [TEST_STEP][PASSED] - free_spin_reel_counter[0] = 0: null

2019-08-10 23:59:18 - [TEST_STEP][PASSED] - free_spin_reel_counter[1] = 0: null

2019-08-10 23:59:18 - [TEST_STEP][PASSED] - free_spin_reel_counter[2] = 0: null

2019-08-10 23:59:18 - [TEST_STEP][PASSED] - M4_spin_reels = reels: null

2019-08-10 23:59:18 - [TEST_STEP][PASSED] - for ([i = 0, i &lt; M4_spin_reels.size(), (i++)]): null

2019-08-10 23:59:18 - [TEST_STEP][PASSED] - symbols = symbols: null

2019-08-10 23:59:18 - [TEST_STEP][PASSED] - for ([j = 0, j &lt; symbols.size(), (j++)]): null

2019-08-10 23:59:18 - [TEST_STEP][PASSED] - symbol = symbol: null

2019-08-10 23:59:18 - [TEST_STEP][PASSED] - println(symbol): null

2019-08-10 23:59:18 - [TEST_STEP][PASSED] - if (i == 2 &amp;&amp; wildList.indexOf(symbol) != -1): null

2019-08-10 23:59:18 - [TEST_STEP][PASSED] - if (i == 3 &amp;&amp; wildList.indexOf(symbol) != -1): null

2019-08-10 23:59:18 - [TEST_STEP][PASSED] - if (i == 4 &amp;&amp; wildList.indexOf(symbol) != -1): null

2019-08-10 23:59:18 - [TEST_STEP][PASSED] - symbol = symbol: null

2019-08-10 23:59:18 - [TEST_STEP][PASSED] - println(symbol): null

2019-08-10 23:59:18 - [TEST_STEP][PASSED] - if (i == 2 &amp;&amp; wildList.indexOf(symbol) != -1): null

2019-08-10 23:59:18 - [TEST_STEP][PASSED] - if (i == 3 &amp;&amp; wildList.indexOf(symbol) != -1): null

2019-08-10 23:59:18 - [TEST_STEP][PASSED] - if (i == 4 &amp;&amp; wildList.indexOf(symbol) != -1): null

2019-08-10 23:59:18 - [TEST_STEP][PASSED] - symbol = symbol: null

2019-08-10 23:59:18 - [TEST_STEP][PASSED] - println(symbol): null

2019-08-10 23:59:18 - [TEST_STEP][PASSED] - if (i == 2 &amp;&amp; wildList.indexOf(symbol) != -1): null

2019-08-10 23:59:18 - [TEST_STEP][PASSED] - if (i == 3 &amp;&amp; wildList.indexOf(symbol) != -1): null

2019-08-10 23:59:18 - [TEST_STEP][PASSED] - if (i == 4 &amp;&amp; wildList.indexOf(symbol) != -1): null

2019-08-10 23:59:18 - [TEST_STEP][PASSED] - symbols = symbols: null

2019-08-10 23:59:18 - [TEST_STEP][PASSED] - for ([j = 0, j &lt; symbols.size(), (j++)]): null

2019-08-10 23:59:18 - [TEST_STEP][PASSED] - symbol = symbol: null

2019-08-10 23:59:18 - [TEST_STEP][PASSED] - println(symbol): null

2019-08-10 23:59:18 - [TEST_STEP][PASSED] - if (i == 2 &amp;&amp; wildList.indexOf(symbol) != -1): null

2019-08-10 23:59:18 - [TEST_STEP][PASSED] - if (i == 3 &amp;&amp; wildList.indexOf(symbol) != -1): null

2019-08-10 23:59:18 - [TEST_STEP][PASSED] - if (i == 4 &amp;&amp; wildList.indexOf(symbol) != -1): null

2019-08-10 23:59:18 - [TEST_STEP][PASSED] - symbol = symbol: null

2019-08-10 23:59:18 - [TEST_STEP][PASSED] - println(symbol): null

2019-08-10 23:59:18 - [TEST_STEP][PASSED] - if (i == 2 &amp;&amp; wildList.indexOf(symbol) != -1): null

2019-08-10 23:59:18 - [TEST_STEP][PASSED] - if (i == 3 &amp;&amp; wildList.indexOf(symbol) != -1): null

2019-08-10 23:59:18 - [TEST_STEP][PASSED] - if (i == 4 &amp;&amp; wildList.indexOf(symbol) != -1): null

2019-08-10 23:59:18 - [TEST_STEP][PASSED] - symbol = symbol: null

2019-08-10 23:59:18 - [TEST_STEP][PASSED] - println(symbol): null

2019-08-10 23:59:18 - [TEST_STEP][PASSED] - if (i == 2 &amp;&amp; wildList.indexOf(symbol) != -1): null

2019-08-10 23:59:18 - [TEST_STEP][PASSED] - if (i == 3 &amp;&amp; wildList.indexOf(symbol) != -1): null

2019-08-10 23:59:18 - [TEST_STEP][PASSED] - if (i == 4 &amp;&amp; wildList.indexOf(symbol) != -1): null

2019-08-10 23:59:18 - [TEST_STEP][PASSED] - symbols = symbols: null

2019-08-10 23:59:18 - [TEST_STEP][PASSED] - for ([j = 0, j &lt; symbols.size(), (j++)]): null

2019-08-10 23:59:18 - [TEST_STEP][PASSED] - symbol = symbol: null

2019-08-10 23:59:18 - [TEST_STEP][PASSED] - println(symbol): null

2019-08-10 23:59:18 - [TEST_STEP][PASSED] - if (i == 2 &amp;&amp; wildList.indexOf(symbol) != -1): null

2019-08-10 23:59:18 - [TEST_STEP][PASSED] - if (i == 3 &amp;&amp; wildList.indexOf(symbol) != -1): null

2019-08-10 23:59:18 - [TEST_STEP][PASSED] - if (i == 4 &amp;&amp; wildList.indexOf(symbol) != -1): null

2019-08-10 23:59:18 - [TEST_STEP][PASSED] - symbol = symbol: null

2019-08-10 23:59:18 - [TEST_STEP][PASSED] - println(symbol): null

2019-08-10 23:59:18 - [TEST_STEP][PASSED] - if (i == 2 &amp;&amp; wildList.indexOf(symbol) != -1): null

2019-08-10 23:59:18 - [TEST_STEP][PASSED] - if (i == 3 &amp;&amp; wildList.indexOf(symbol) != -1): null

2019-08-10 23:59:18 - [TEST_STEP][PASSED] - if (i == 4 &amp;&amp; wildList.indexOf(symbol) != -1): null

2019-08-10 23:59:18 - [TEST_STEP][PASSED] - symbol = symbol: null

2019-08-10 23:59:18 - [TEST_STEP][PASSED] - println(symbol): null

2019-08-10 23:59:18 - [TEST_STEP][PASSED] - if (i == 2 &amp;&amp; wildList.indexOf(symbol) != -1): null

2019-08-10 23:59:18 - [TEST_STEP][PASSED] - if (i == 3 &amp;&amp; wildList.indexOf(symbol) != -1): null

2019-08-10 23:59:18 - [TEST_STEP][PASSED] - if (i == 4 &amp;&amp; wildList.indexOf(symbol) != -1): null

2019-08-10 23:59:18 - [TEST_STEP][PASSED] - symbols = symbols: null

2019-08-10 23:59:18 - [TEST_STEP][PASSED] - for ([j = 0, j &lt; symbols.size(), (j++)]): null

2019-08-10 23:59:18 - [TEST_STEP][PASSED] - symbol = symbol: null

2019-08-10 23:59:18 - [TEST_STEP][PASSED] - println(symbol): null

2019-08-10 23:59:18 - [TEST_STEP][PASSED] - if (i == 2 &amp;&amp; wildList.indexOf(symbol) != -1): null

2019-08-10 23:59:18 - [TEST_STEP][PASSED] - if (i == 3 &amp;&amp; wildList.indexOf(symbol) != -1): null

2019-08-10 23:59:18 - [TEST_STEP][PASSED] - if (i == 4 &amp;&amp; wildList.indexOf(symbol) != -1): null

2019-08-10 23:59:18 - [TEST_STEP][PASSED] - symbol = symbol: null

2019-08-10 23:59:18 - [TEST_STEP][PASSED] - println(symbol): null

2019-08-10 23:59:18 - [TEST_STEP][PASSED] - if (i == 2 &amp;&amp; wildList.indexOf(symbol) != -1): null

2019-08-10 23:59:18 - [TEST_STEP][PASSED] - if (i == 3 &amp;&amp; wildList.indexOf(symbol) != -1): null

2019-08-10 23:59:18 - [TEST_STEP][PASSED] - if (i == 4 &amp;&amp; wildList.indexOf(symbol) != -1): null

2019-08-10 23:59:18 - [TEST_STEP][PASSED] - symbol = symbol: null

2019-08-10 23:59:18 - [TEST_STEP][PASSED] - println(symbol): null

2019-08-10 23:59:18 - [TEST_STEP][PASSED] - if (i == 2 &amp;&amp; wildList.indexOf(symbol) != -1): null

2019-08-10 23:59:18 - [TEST_STEP][PASSED] - if (i == 3 &amp;&amp; wildList.indexOf(symbol) != -1): null

2019-08-10 23:59:18 - [TEST_STEP][PASSED] - if (i == 4 &amp;&amp; wildList.indexOf(symbol) != -1): null

2019-08-10 23:59:18 - [TEST_STEP][PASSED] - symbols = symbols: null

2019-08-10 23:59:18 - [TEST_STEP][PASSED] - for ([j = 0, j &lt; symbols.size(), (j++)]): null

2019-08-10 23:59:18 - [TEST_STEP][PASSED] - symbol = symbol: null

2019-08-10 23:59:18 - [TEST_STEP][PASSED] - println(symbol): null

2019-08-10 23:59:18 - [TEST_STEP][PASSED] - if (i == 2 &amp;&amp; wildList.indexOf(symbol) != -1): null

2019-08-10 23:59:18 - [TEST_STEP][PASSED] - if (i == 3 &amp;&amp; wildList.indexOf(symbol) != -1): null

2019-08-10 23:59:18 - [TEST_STEP][PASSED] - if (i == 4 &amp;&amp; wildList.indexOf(symbol) != -1): null

2019-08-10 23:59:18 - [TEST_STEP][PASSED] - symbol = symbol: null

2019-08-10 23:59:18 - [TEST_STEP][PASSED] - println(symbol): null

2019-08-10 23:59:18 - [TEST_STEP][PASSED] - if (i == 2 &amp;&amp; wildList.indexOf(symbol) != -1): null

2019-08-10 23:59:18 - [TEST_STEP][PASSED] - if (i == 3 &amp;&amp; wildList.indexOf(symbol) != -1): null

2019-08-10 23:59:18 - [TEST_STEP][PASSED] - if (i == 4 &amp;&amp; wildList.indexOf(symbol) != -1): null

2019-08-10 23:59:18 - [TEST_STEP][PASSED] - symbol = symbol: null

2019-08-10 23:59:18 - [TEST_STEP][PASSED] - println(symbol): null

2019-08-10 23:59:18 - [TEST_STEP][PASSED] - if (i == 2 &amp;&amp; wildList.indexOf(symbol) != -1): null

2019-08-10 23:59:18 - [TEST_STEP][PASSED] - if (i == 3 &amp;&amp; wildList.indexOf(symbol) != -1): null

2019-08-10 23:59:18 - [TEST_STEP][PASSED] - if (i == 4 &amp;&amp; wildList.indexOf(symbol) != -1): null

2019-08-10 23:59:18 - [TEST_STEP][PASSED] - free_spin_reel_counter = free_spin_reel_counter: null

2019-08-10 23:59:18 - [TEST_STEP][PASSED] - println("reel 3 wild found: " + free_spin_reel_counter[0]): null

2019-08-10 23:59:18 - [TEST_STEP][PASSED] - println("reel 4 wild found: " + free_spin_reel_counter[1]): null

2019-08-10 23:59:18 - [TEST_STEP][PASSED] - println("reel 5 wild found: " + free_spin_reel_counter[2]): null

2019-08-10 23:59:18 - [TEST_STEP][PASSED] - M4_spin_reels = M4_spin_reels: null

2019-08-10 23:59:18 - [TEST_STEP][PASSED] - M4_spin_reels_symbols = symbol: null

2019-08-10 23:59:18 - [TEST_STEP][PASSED] - M4_spin_reels_symbols = M4_spin_reels_symbols: null

2019-08-10 23:59:18 - [TEST_STEP][PASSED] - M4_spin_reel_wins = reel_wins: null

2019-08-10 23:59:18 - [TEST_STEP][PASSED] - M4_spin_reel_wins = M4_spin_reel_wins: null

2019-08-10 23:59:18 - [TEST_STEP][PASSED] - println("GlobalVariable.M4_spin_reel_wins is: " + M4_spin_reel_wins): null

2019-08-10 23:59:18 - [TEST_STEP][PASSED] - M4_spin_total_bonus_win_this_round = total_bonus_win_this_round: null

2019-08-10 23:59:18 - [TEST_STEP][PASSED] - M4_spin_total_bonus_win_this_round = M4_spin_total_bonus_win_this_round: null

2019-08-10 23:59:18 - [TEST_STEP][PASSED] - println("GlobalVariable.M4_spin_total_bonus_win_this_round is: " + M4_spin_total_bonus_win_this_round): null

2019-08-10 23:59:18 - [MESSAGE][PASSED] - Verify response successfully

2019-08-10 23:59:18 - [MESSAGE][PASSED] - Send request and verify the response successfully

2019-08-10 23:59:18 - [TEST_STEP][PASSED] - if (M4_total_bonus_spins_int != 0 &amp;&amp; M4_spin_reels_symbols[2].contains("WILD_Double") || M4_spin_reels_symbols[4].contains("WILD_Triple")): null

2019-08-10 23:59:18 - [TEST_STEP][PASSED] - free_spin_reel_counter = free_spin_reel_counter: null

2019-08-10 23:59:18 - [TEST_STEP][PASSED] - M4_spin_reels_symbols = M4_spin_reels_symbols: null

2019-08-10 23:59:18 - [TEST_STEP][PASSED] - M4_total_bonus_spins = M4_total_bonus_spins: null

2019-08-10 23:59:18 - [TEST_STEP][PASSED] - spin_result = sendRequestAndVerify(findTestObject("RGS(M4)/1_M4_spin", ["M4_login_user_id":M4_login_user_id, "rgs_session_token":rgs_session_token, "partner":Partner])): Send request and verify the response successfully

2019-08-10 23:59:19 - [TEST_CASE][PASSED] - Start Test Case : Verification: Verification accomplished successfully

2019-08-10 23:59:19 - [TEST_STEP][PASSED] - request = getInstance().getCurrentRequest(): null

2019-08-10 23:59:19 - [TEST_STEP][PASSED] - response = getInstance().getCurrentResponse(): null

2019-08-10 23:59:19 - [TEST_STEP][PASSED] - verifyResponseStatusCode(response, 200): Verify response status code successfully

2019-08-10 23:59:19 - [MESSAGE][PASSED] - Verify response status code successfully

2019-08-10 23:59:19 - [TEST_STEP][PASSED] - getStatusCode()).isEqualTo(200): null

2019-08-10 23:59:19 - [TEST_STEP][PASSED] - newline = System.getProperty("line.separator"): null

2019-08-10 23:59:19 - [TEST_STEP][PASSED] - M4_spin = new groovy.json.JsonSlurper(): null

2019-08-10 23:59:19 - [TEST_STEP][PASSED] - result_M4_spin = M4_spin.parseText(response.getResponseBodyContent()): null

2019-08-10 23:59:19 - [TEST_STEP][PASSED] - M4_spin_current_balance = current_balance: null

2019-08-10 23:59:19 - [TEST_STEP][PASSED] - M4_spin_current_balance = M4_spin_current_balance: null

2019-08-10 23:59:19 - [TEST_STEP][PASSED] - M4_spin_transaction_id = causality: null

2019-08-10 23:59:19 - [TEST_STEP][PASSED] - M4_spin_transaction_id = M4_spin_transaction_id: null

2019-08-10 23:59:19 - [TEST_STEP][PASSED] - M4_spin_round_id = round_id: null

2019-08-10 23:59:19 - [TEST_STEP][PASSED] - M4_spin_round_id = M4_spin_round_id: null

2019-08-10 23:59:19 - [TEST_STEP][PASSED] - M4_spin_line_wins = line_wins: null

2019-08-10 23:59:19 - [TEST_STEP][PASSED] - M4_spin_line_wins = M4_spin_line_wins: null

2019-08-10 23:59:19 - [TEST_STEP][PASSED] - M4_total_bonus_spins_int = total_bonus_spins: null

2019-08-10 23:59:19 - [TEST_STEP][PASSED] - println("******M4_total_bonus_spins type is:*******" + newline + getClass().getName()): null

2019-08-10 23:59:19 - [TEST_STEP][PASSED] - M4_total_bonus_spins_int = M4_total_bonus_spins_int: null

2019-08-10 23:59:19 - [TEST_STEP][PASSED] - M4_total_bonus_spins = Integer.toString(M4_total_bonus_spins_int): null

2019-08-10 23:59:19 - [TEST_STEP][PASSED] - M4_total_bonus_spins = M4_total_bonus_spins: null

2019-08-10 23:59:19 - [TEST_STEP][PASSED] - println("M4_total_bonus_spins is:" + M4_total_bonus_spins): null

2019-08-10 23:59:19 - [TEST_STEP][PASSED] - M4_spin_bonus_data = bonus_data: null

2019-08-10 23:59:19 - [TEST_STEP][PASSED] - M4_spin_features_triggered = result_M4_spin: null

2019-08-10 23:59:19 - [TEST_STEP][PASSED] - wild = []: null

2019-08-10 23:59:19 - [TEST_STEP][PASSED] - wild[0] = "WILD_Expanding": null

2019-08-10 23:59:19 - [TEST_STEP][PASSED] - wild[1] = "WILD_Normal": null

2019-08-10 23:59:19 - [TEST_STEP][PASSED] - wild[2] = "WILD_Double": null

2019-08-10 23:59:19 - [TEST_STEP][PASSED] - wild[3] = "WILD_ExtraFG": null

2019-08-10 23:59:19 - [TEST_STEP][PASSED] - wild[4] = "WILD_Triple": null

2019-08-10 23:59:19 - [TEST_STEP][PASSED] - wildList = Arrays.asList(wild): null

2019-08-10 23:59:19 - [TEST_STEP][PASSED] - wildList = wildList: null

2019-08-10 23:59:19 - [TEST_STEP][PASSED] - free_spin_reel_counter = []: null

2019-08-10 23:59:19 - [TEST_STEP][PASSED] - free_spin_reel_counter[0] = 0: null

2019-08-10 23:59:19 - [TEST_STEP][PASSED] - free_spin_reel_counter[1] = 0: null

2019-08-10 23:59:19 - [TEST_STEP][PASSED] - free_spin_reel_counter[2] = 0: null

2019-08-10 23:59:19 - [TEST_STEP][PASSED] - M4_spin_reels = reels: null

2019-08-10 23:59:19 - [TEST_STEP][PASSED] - for ([i = 0, i &lt; M4_spin_reels.size(), (i++)]): null

2019-08-10 23:59:19 - [TEST_STEP][PASSED] - symbols = symbols: null

2019-08-10 23:59:19 - [TEST_STEP][PASSED] - for ([j = 0, j &lt; symbols.size(), (j++)]): null

2019-08-10 23:59:19 - [TEST_STEP][PASSED] - symbol = symbol: null

2019-08-10 23:59:19 - [TEST_STEP][PASSED] - println(symbol): null

2019-08-10 23:59:19 - [TEST_STEP][PASSED] - if (i == 2 &amp;&amp; wildList.indexOf(symbol) != -1): null

2019-08-10 23:59:19 - [TEST_STEP][PASSED] - if (i == 3 &amp;&amp; wildList.indexOf(symbol) != -1): null

2019-08-10 23:59:19 - [TEST_STEP][PASSED] - if (i == 4 &amp;&amp; wildList.indexOf(symbol) != -1): null

2019-08-10 23:59:19 - [TEST_STEP][PASSED] - symbol = symbol: null

2019-08-10 23:59:19 - [TEST_STEP][PASSED] - println(symbol): null

2019-08-10 23:59:19 - [TEST_STEP][PASSED] - if (i == 2 &amp;&amp; wildList.indexOf(symbol) != -1): null

2019-08-10 23:59:19 - [TEST_STEP][PASSED] - if (i == 3 &amp;&amp; wildList.indexOf(symbol) != -1): null

2019-08-10 23:59:19 - [TEST_STEP][PASSED] - if (i == 4 &amp;&amp; wildList.indexOf(symbol) != -1): null

2019-08-10 23:59:19 - [TEST_STEP][PASSED] - symbol = symbol: null

2019-08-10 23:59:19 - [TEST_STEP][PASSED] - println(symbol): null

2019-08-10 23:59:19 - [TEST_STEP][PASSED] - if (i == 2 &amp;&amp; wildList.indexOf(symbol) != -1): null

2019-08-10 23:59:19 - [TEST_STEP][PASSED] - if (i == 3 &amp;&amp; wildList.indexOf(symbol) != -1): null

2019-08-10 23:59:19 - [TEST_STEP][PASSED] - if (i == 4 &amp;&amp; wildList.indexOf(symbol) != -1): null

2019-08-10 23:59:19 - [TEST_STEP][PASSED] - symbols = symbols: null

2019-08-10 23:59:19 - [TEST_STEP][PASSED] - for ([j = 0, j &lt; symbols.size(), (j++)]): null

2019-08-10 23:59:19 - [TEST_STEP][PASSED] - symbol = symbol: null

2019-08-10 23:59:19 - [TEST_STEP][PASSED] - println(symbol): null

2019-08-10 23:59:19 - [TEST_STEP][PASSED] - if (i == 2 &amp;&amp; wildList.indexOf(symbol) != -1): null

2019-08-10 23:59:19 - [TEST_STEP][PASSED] - if (i == 3 &amp;&amp; wildList.indexOf(symbol) != -1): null

2019-08-10 23:59:23 - [TEST_STEP][PASSED] - if (i == 4 &amp;&amp; wildList.indexOf(symbol) != -1): null

2019-08-10 23:59:23 - [TEST_STEP][PASSED] - symbol = symbol: null

2019-08-10 23:59:23 - [TEST_STEP][PASSED] - println(symbol): null

2019-08-10 23:59:23 - [TEST_STEP][PASSED] - if (i == 2 &amp;&amp; wildList.indexOf(symbol) != -1): null

2019-08-10 23:59:23 - [TEST_STEP][PASSED] - if (i == 3 &amp;&amp; wildList.indexOf(symbol) != -1): null

2019-08-10 23:59:23 - [TEST_STEP][PASSED] - if (i == 4 &amp;&amp; wildList.indexOf(symbol) != -1): null

2019-08-10 23:59:23 - [TEST_STEP][PASSED] - symbol = symbol: null

2019-08-10 23:59:23 - [TEST_STEP][PASSED] - println(symbol): null

2019-08-10 23:59:23 - [TEST_STEP][PASSED] - if (i == 2 &amp;&amp; wildList.indexOf(symbol) != -1): null

2019-08-10 23:59:23 - [TEST_STEP][PASSED] - if (i == 3 &amp;&amp; wildList.indexOf(symbol) != -1): null

2019-08-10 23:59:24 - [TEST_STEP][PASSED] - if (i == 4 &amp;&amp; wildList.indexOf(symbol) != -1): null

2019-08-10 23:59:24 - [TEST_STEP][PASSED] - symbols = symbols: null

2019-08-10 23:59:24 - [TEST_STEP][PASSED] - for ([j = 0, j &lt; symbols.size(), (j++)]): null

2019-08-10 23:59:24 - [TEST_STEP][PASSED] - symbol = symbol: null

2019-08-10 23:59:24 - [TEST_STEP][PASSED] - println(symbol): null

2019-08-10 23:59:24 - [TEST_STEP][PASSED] - if (i == 2 &amp;&amp; wildList.indexOf(symbol) != -1): null

2019-08-10 23:59:24 - [TEST_STEP][PASSED] - if (i == 3 &amp;&amp; wildList.indexOf(symbol) != -1): null

2019-08-10 23:59:24 - [TEST_STEP][PASSED] - if (i == 4 &amp;&amp; wildList.indexOf(symbol) != -1): null

2019-08-10 23:59:24 - [TEST_STEP][PASSED] - symbol = symbol: null

2019-08-10 23:59:24 - [TEST_STEP][PASSED] - println(symbol): null

2019-08-10 23:59:24 - [TEST_STEP][PASSED] - if (i == 2 &amp;&amp; wildList.indexOf(symbol) != -1): null

2019-08-10 23:59:24 - [TEST_STEP][PASSED] - println("wild found on reel 3, adding counter by 1"): null

2019-08-10 23:59:24 - [TEST_STEP][PASSED] - free_spin_reel_counter[0] = free_spin_reel_counter[0] + 1: null

2019-08-10 23:59:24 - [TEST_STEP][PASSED] - if (i == 3 &amp;&amp; wildList.indexOf(symbol) != -1): null

2019-08-10 23:59:24 - [TEST_STEP][PASSED] - if (i == 4 &amp;&amp; wildList.indexOf(symbol) != -1): null

2019-08-10 23:59:24 - [TEST_STEP][PASSED] - symbol = symbol: null

2019-08-10 23:59:24 - [TEST_STEP][PASSED] - println(symbol): null

2019-08-10 23:59:24 - [TEST_STEP][PASSED] - if (i == 2 &amp;&amp; wildList.indexOf(symbol) != -1): null

2019-08-10 23:59:24 - [TEST_STEP][PASSED] - if (i == 3 &amp;&amp; wildList.indexOf(symbol) != -1): null

2019-08-10 23:59:24 - [TEST_STEP][PASSED] - if (i == 4 &amp;&amp; wildList.indexOf(symbol) != -1): null

2019-08-10 23:59:24 - [TEST_STEP][PASSED] - symbols = symbols: null

2019-08-10 23:59:24 - [TEST_STEP][PASSED] - for ([j = 0, j &lt; symbols.size(), (j++)]): null

2019-08-10 23:59:24 - [TEST_STEP][PASSED] - symbol = symbol: null

2019-08-10 23:59:24 - [TEST_STEP][PASSED] - println(symbol): null

2019-08-10 23:59:24 - [TEST_STEP][PASSED] - if (i == 2 &amp;&amp; wildList.indexOf(symbol) != -1): null

2019-08-10 23:59:24 - [TEST_STEP][PASSED] - if (i == 3 &amp;&amp; wildList.indexOf(symbol) != -1): null

2019-08-10 23:59:24 - [TEST_STEP][PASSED] - if (i == 4 &amp;&amp; wildList.indexOf(symbol) != -1): null

2019-08-10 23:59:24 - [TEST_STEP][PASSED] - symbol = symbol: null

2019-08-10 23:59:24 - [TEST_STEP][PASSED] - println(symbol): null

2019-08-10 23:59:24 - [TEST_STEP][PASSED] - if (i == 2 &amp;&amp; wildList.indexOf(symbol) != -1): null

2019-08-10 23:59:24 - [TEST_STEP][PASSED] - if (i == 3 &amp;&amp; wildList.indexOf(symbol) != -1): null

2019-08-10 23:59:24 - [TEST_STEP][PASSED] - if (i == 4 &amp;&amp; wildList.indexOf(symbol) != -1): null

2019-08-10 23:59:24 - [TEST_STEP][PASSED] - symbol = symbol: null

2019-08-10 23:59:24 - [TEST_STEP][PASSED] - println(symbol): null

2019-08-10 23:59:24 - [TEST_STEP][PASSED] - if (i == 2 &amp;&amp; wildList.indexOf(symbol) != -1): null

2019-08-10 23:59:24 - [TEST_STEP][PASSED] - if (i == 3 &amp;&amp; wildList.indexOf(symbol) != -1): null

2019-08-10 23:59:24 - [TEST_STEP][PASSED] - if (i == 4 &amp;&amp; wildList.indexOf(symbol) != -1): null

2019-08-10 23:59:24 - [TEST_STEP][PASSED] - symbols = symbols: null

2019-08-10 23:59:24 - [TEST_STEP][PASSED] - for ([j = 0, j &lt; symbols.size(), (j++)]): null

2019-08-10 23:59:24 - [TEST_STEP][PASSED] - symbol = symbol: null

2019-08-10 23:59:24 - [TEST_STEP][PASSED] - println(symbol): null

2019-08-10 23:59:24 - [TEST_STEP][PASSED] - if (i == 2 &amp;&amp; wildList.indexOf(symbol) != -1): null

2019-08-10 23:59:24 - [TEST_STEP][PASSED] - if (i == 3 &amp;&amp; wildList.indexOf(symbol) != -1): null

2019-08-10 23:59:24 - [TEST_STEP][PASSED] - if (i == 4 &amp;&amp; wildList.indexOf(symbol) != -1): null

2019-08-10 23:59:24 - [TEST_STEP][PASSED] - symbol = symbol: null

2019-08-10 23:59:24 - [TEST_STEP][PASSED] - println(symbol): null

2019-08-10 23:59:24 - [TEST_STEP][PASSED] - if (i == 2 &amp;&amp; wildList.indexOf(symbol) != -1): null

2019-08-10 23:59:24 - [TEST_STEP][PASSED] - if (i == 3 &amp;&amp; wildList.indexOf(symbol) != -1): null

2019-08-10 23:59:24 - [TEST_STEP][PASSED] - if (i == 4 &amp;&amp; wildList.indexOf(symbol) != -1): null

2019-08-10 23:59:24 - [TEST_STEP][PASSED] - symbol = symbol: null

2019-08-10 23:59:24 - [TEST_STEP][PASSED] - println(symbol): null

2019-08-10 23:59:24 - [TEST_STEP][PASSED] - if (i == 2 &amp;&amp; wildList.indexOf(symbol) != -1): null

2019-08-10 23:59:24 - [TEST_STEP][PASSED] - if (i == 3 &amp;&amp; wildList.indexOf(symbol) != -1): null

2019-08-10 23:59:24 - [TEST_STEP][PASSED] - if (i == 4 &amp;&amp; wildList.indexOf(symbol) != -1): null

2019-08-10 23:59:24 - [TEST_STEP][PASSED] - free_spin_reel_counter = free_spin_reel_counter: null

2019-08-10 23:59:24 - [TEST_STEP][PASSED] - println("reel 3 wild found: " + free_spin_reel_counter[0]): null

2019-08-10 23:59:24 - [TEST_STEP][PASSED] - println("reel 4 wild found: " + free_spin_reel_counter[1]): null

2019-08-10 23:59:24 - [TEST_STEP][PASSED] - println("reel 5 wild found: " + free_spin_reel_counter[2]): null

2019-08-10 23:59:24 - [TEST_STEP][PASSED] - M4_spin_reels = M4_spin_reels: null

2019-08-10 23:59:24 - [TEST_STEP][PASSED] - M4_spin_reels_symbols = symbol: null

2019-08-10 23:59:24 - [TEST_STEP][PASSED] - M4_spin_reels_symbols = M4_spin_reels_symbols: null

2019-08-10 23:59:24 - [TEST_STEP][PASSED] - M4_spin_reel_wins = reel_wins: null

2019-08-10 23:59:24 - [TEST_STEP][PASSED] - M4_spin_reel_wins = M4_spin_reel_wins: null

2019-08-10 23:59:24 - [TEST_STEP][PASSED] - println("GlobalVariable.M4_spin_reel_wins is: " + M4_spin_reel_wins): null

2019-08-10 23:59:24 - [TEST_STEP][PASSED] - M4_spin_total_bonus_win_this_round = total_bonus_win_this_round: null

2019-08-10 23:59:24 - [TEST_STEP][PASSED] - M4_spin_total_bonus_win_this_round = M4_spin_total_bonus_win_this_round: null

2019-08-10 23:59:24 - [TEST_STEP][PASSED] - println("GlobalVariable.M4_spin_total_bonus_win_this_round is: " + M4_spin_total_bonus_win_this_round): null

2019-08-10 23:59:24 - [MESSAGE][PASSED] - Verify response successfully

2019-08-10 23:59:24 - [MESSAGE][PASSED] - Send request and verify the response successfully

2019-08-10 23:59:24 - [TEST_STEP][PASSED] - if (M4_total_bonus_spins_int != 0 &amp;&amp; M4_spin_reels_symbols[2].contains("WILD_Double") || M4_spin_reels_symbols[4].contains("WILD_Triple")): null

2019-08-10 23:59:24 - [TEST_STEP][PASSED] - free_spin_reel_counter = free_spin_reel_counter: null

2019-08-10 23:59:24 - [TEST_STEP][PASSED] - M4_spin_reels_symbols = M4_spin_reels_symbols: null

2019-08-10 23:59:24 - [TEST_STEP][PASSED] - M4_total_bonus_spins = M4_total_bonus_spins: null

2019-08-10 23:59:24 - [TEST_STEP][PASSED] - spin_result = sendRequestAndVerify(findTestObject("RGS(M4)/1_M4_spin", ["M4_login_user_id":M4_login_user_id, "rgs_session_token":rgs_session_token, "partner":Partner])): Send request and verify the response successfully

2019-08-10 23:59:24 - [TEST_CASE][PASSED] - Start Test Case : Verification: Verification accomplished successfully

2019-08-10 23:59:24 - [TEST_STEP][PASSED] - request = getInstance().getCurrentRequest(): null

2019-08-10 23:59:24 - [TEST_STEP][PASSED] - response = getInstance().getCurrentResponse(): null

2019-08-10 23:59:24 - [TEST_STEP][PASSED] - verifyResponseStatusCode(response, 200): Verify response status code successfully

2019-08-10 23:59:24 - [MESSAGE][PASSED] - Verify response status code successfully

2019-08-10 23:59:24 - [TEST_STEP][PASSED] - getStatusCode()).isEqualTo(200): null

2019-08-10 23:59:24 - [TEST_STEP][PASSED] - newline = System.getProperty("line.separator"): null

2019-08-10 23:59:24 - [TEST_STEP][PASSED] - M4_spin = new groovy.json.JsonSlurper(): null

2019-08-10 23:59:24 - [TEST_STEP][PASSED] - result_M4_spin = M4_spin.parseText(response.getResponseBodyContent()): null

2019-08-10 23:59:24 - [TEST_STEP][PASSED] - M4_spin_current_balance = current_balance: null

2019-08-10 23:59:24 - [TEST_STEP][PASSED] - M4_spin_current_balance = M4_spin_current_balance: null

2019-08-10 23:59:24 - [TEST_STEP][PASSED] - M4_spin_transaction_id = causality: null

2019-08-10 23:59:24 - [TEST_STEP][PASSED] - M4_spin_transaction_id = M4_spin_transaction_id: null

2019-08-10 23:59:24 - [TEST_STEP][PASSED] - M4_spin_round_id = round_id: null

2019-08-10 23:59:24 - [TEST_STEP][PASSED] - M4_spin_round_id = M4_spin_round_id: null

2019-08-10 23:59:24 - [TEST_STEP][PASSED] - M4_spin_line_wins = line_wins: null

2019-08-10 23:59:24 - [TEST_STEP][PASSED] - M4_spin_line_wins = M4_spin_line_wins: null

2019-08-10 23:59:24 - [TEST_STEP][PASSED] - M4_total_bonus_spins_int = total_bonus_spins: null

2019-08-10 23:59:24 - [TEST_STEP][PASSED] - println("******M4_total_bonus_spins type is:*******" + newline + getClass().getName()): null

2019-08-10 23:59:24 - [TEST_STEP][PASSED] - M4_total_bonus_spins_int = M4_total_bonus_spins_int: null

2019-08-10 23:59:24 - [TEST_STEP][PASSED] - M4_total_bonus_spins = Integer.toString(M4_total_bonus_spins_int): null

2019-08-10 23:59:24 - [TEST_STEP][PASSED] - M4_total_bonus_spins = M4_total_bonus_spins: null

2019-08-10 23:59:24 - [TEST_STEP][PASSED] - println("M4_total_bonus_spins is:" + M4_total_bonus_spins): null

2019-08-10 23:59:24 - [TEST_STEP][PASSED] - M4_spin_bonus_data = bonus_data: null

2019-08-10 23:59:24 - [TEST_STEP][PASSED] - M4_spin_features_triggered = result_M4_spin: null

2019-08-10 23:59:24 - [TEST_STEP][PASSED] - wild = []: null

2019-08-10 23:59:24 - [TEST_STEP][PASSED] - wild[0] = "WILD_Expanding": null

2019-08-10 23:59:24 - [TEST_STEP][PASSED] - wild[1] = "WILD_Normal": null

2019-08-10 23:59:24 - [TEST_STEP][PASSED] - wild[2] = "WILD_Double": null

2019-08-10 23:59:24 - [TEST_STEP][PASSED] - wild[3] = "WILD_ExtraFG": null

2019-08-10 23:59:24 - [TEST_STEP][PASSED] - wild[4] = "WILD_Triple": null

2019-08-10 23:59:24 - [TEST_STEP][PASSED] - wildList = Arrays.asList(wild): null

2019-08-10 23:59:24 - [TEST_STEP][PASSED] - wildList = wildList: null

2019-08-10 23:59:24 - [TEST_STEP][PASSED] - free_spin_reel_counter = []: null

2019-08-10 23:59:24 - [TEST_STEP][PASSED] - free_spin_reel_counter[0] = 0: null

2019-08-10 23:59:24 - [TEST_STEP][PASSED] - free_spin_reel_counter[1] = 0: null

2019-08-10 23:59:24 - [TEST_STEP][PASSED] - free_spin_reel_counter[2] = 0: null

2019-08-10 23:59:24 - [TEST_STEP][PASSED] - M4_spin_reels = reels: null

2019-08-10 23:59:24 - [TEST_STEP][PASSED] - for ([i = 0, i &lt; M4_spin_reels.size(), (i++)]): null

2019-08-10 23:59:24 - [TEST_STEP][PASSED] - symbols = symbols: null

2019-08-10 23:59:24 - [TEST_STEP][PASSED] - for ([j = 0, j &lt; symbols.size(), (j++)]): null

2019-08-10 23:59:24 - [TEST_STEP][PASSED] - symbol = symbol: null

2019-08-10 23:59:24 - [TEST_STEP][PASSED] - println(symbol): null

2019-08-10 23:59:24 - [TEST_STEP][PASSED] - if (i == 2 &amp;&amp; wildList.indexOf(symbol) != -1): null

2019-08-10 23:59:24 - [TEST_STEP][PASSED] - if (i == 3 &amp;&amp; wildList.indexOf(symbol) != -1): null

2019-08-10 23:59:24 - [TEST_STEP][PASSED] - if (i == 4 &amp;&amp; wildList.indexOf(symbol) != -1): null

2019-08-10 23:59:24 - [TEST_STEP][PASSED] - symbol = symbol: null

2019-08-10 23:59:24 - [TEST_STEP][PASSED] - println(symbol): null

2019-08-10 23:59:24 - [TEST_STEP][PASSED] - if (i == 2 &amp;&amp; wildList.indexOf(symbol) != -1): null

2019-08-10 23:59:24 - [TEST_STEP][PASSED] - if (i == 3 &amp;&amp; wildList.indexOf(symbol) != -1): null

2019-08-10 23:59:24 - [TEST_STEP][PASSED] - if (i == 4 &amp;&amp; wildList.indexOf(symbol) != -1): null

2019-08-10 23:59:24 - [TEST_STEP][PASSED] - symbol = symbol: null

2019-08-10 23:59:24 - [TEST_STEP][PASSED] - println(symbol): null

2019-08-10 23:59:24 - [TEST_STEP][PASSED] - if (i == 2 &amp;&amp; wildList.indexOf(symbol) != -1): null

2019-08-10 23:59:24 - [TEST_STEP][PASSED] - if (i == 3 &amp;&amp; wildList.indexOf(symbol) != -1): null

2019-08-10 23:59:24 - [TEST_STEP][PASSED] - if (i == 4 &amp;&amp; wildList.indexOf(symbol) != -1): null

2019-08-10 23:59:24 - [TEST_STEP][PASSED] - symbols = symbols: null

2019-08-10 23:59:24 - [TEST_STEP][PASSED] - for ([j = 0, j &lt; symbols.size(), (j++)]): null

2019-08-10 23:59:24 - [TEST_STEP][PASSED] - symbol = symbol: null

2019-08-10 23:59:24 - [TEST_STEP][PASSED] - println(symbol): null

2019-08-10 23:59:24 - [TEST_STEP][PASSED] - if (i == 2 &amp;&amp; wildList.indexOf(symbol) != -1): null

2019-08-10 23:59:24 - [TEST_STEP][PASSED] - if (i == 3 &amp;&amp; wildList.indexOf(symbol) != -1): null

2019-08-10 23:59:24 - [TEST_STEP][PASSED] - if (i == 4 &amp;&amp; wildList.indexOf(symbol) != -1): null

2019-08-10 23:59:24 - [TEST_STEP][PASSED] - symbol = symbol: null

2019-08-10 23:59:24 - [TEST_STEP][PASSED] - println(symbol): null

2019-08-10 23:59:24 - [TEST_STEP][PASSED] - if (i == 2 &amp;&amp; wildList.indexOf(symbol) != -1): null

2019-08-10 23:59:24 - [TEST_STEP][PASSED] - if (i == 3 &amp;&amp; wildList.indexOf(symbol) != -1): null

2019-08-10 23:59:24 - [TEST_STEP][PASSED] - if (i == 4 &amp;&amp; wildList.indexOf(symbol) != -1): null

2019-08-10 23:59:24 - [TEST_STEP][PASSED] - symbol = symbol: null

2019-08-10 23:59:24 - [TEST_STEP][PASSED] - println(symbol): null

2019-08-10 23:59:24 - [TEST_STEP][PASSED] - if (i == 2 &amp;&amp; wildList.indexOf(symbol) != -1): null

2019-08-10 23:59:24 - [TEST_STEP][PASSED] - if (i == 3 &amp;&amp; wildList.indexOf(symbol) != -1): null

2019-08-10 23:59:24 - [TEST_STEP][PASSED] - if (i == 4 &amp;&amp; wildList.indexOf(symbol) != -1): null

2019-08-10 23:59:24 - [TEST_STEP][PASSED] - symbols = symbols: null

2019-08-10 23:59:24 - [TEST_STEP][PASSED] - for ([j = 0, j &lt; symbols.size(), (j++)]): null

2019-08-10 23:59:24 - [TEST_STEP][PASSED] - symbol = symbol: null

2019-08-10 23:59:24 - [TEST_STEP][PASSED] - println(symbol): null

2019-08-10 23:59:24 - [TEST_STEP][PASSED] - if (i == 2 &amp;&amp; wildList.indexOf(symbol) != -1): null

2019-08-10 23:59:24 - [TEST_STEP][PASSED] - println("wild found on reel 3, adding counter by 1"): null

2019-08-10 23:59:24 - [TEST_STEP][PASSED] - free_spin_reel_counter[0] = free_spin_reel_counter[0] + 1: null

2019-08-10 23:59:24 - [TEST_STEP][PASSED] - if (i == 3 &amp;&amp; wildList.indexOf(symbol) != -1): null

2019-08-10 23:59:24 - [TEST_STEP][PASSED] - if (i == 4 &amp;&amp; wildList.indexOf(symbol) != -1): null

2019-08-10 23:59:24 - [TEST_STEP][PASSED] - symbol = symbol: null

2019-08-10 23:59:24 - [TEST_STEP][PASSED] - println(symbol): null

2019-08-10 23:59:24 - [TEST_STEP][PASSED] - if (i == 2 &amp;&amp; wildList.indexOf(symbol) != -1): null

2019-08-10 23:59:24 - [TEST_STEP][PASSED] - if (i == 3 &amp;&amp; wildList.indexOf(symbol) != -1): null

2019-08-10 23:59:24 - [TEST_STEP][PASSED] - if (i == 4 &amp;&amp; wildList.indexOf(symbol) != -1): null

2019-08-10 23:59:24 - [TEST_STEP][PASSED] - symbol = symbol: null

2019-08-10 23:59:24 - [TEST_STEP][PASSED] - println(symbol): null

2019-08-10 23:59:24 - [TEST_STEP][PASSED] - if (i == 2 &amp;&amp; wildList.indexOf(symbol) != -1): null

2019-08-10 23:59:24 - [TEST_STEP][PASSED] - if (i == 3 &amp;&amp; wildList.indexOf(symbol) != -1): null

2019-08-10 23:59:24 - [TEST_STEP][PASSED] - if (i == 4 &amp;&amp; wildList.indexOf(symbol) != -1): null

2019-08-10 23:59:24 - [TEST_STEP][PASSED] - symbols = symbols: null

2019-08-10 23:59:24 - [TEST_STEP][PASSED] - for ([j = 0, j &lt; symbols.size(), (j++)]): null

2019-08-10 23:59:24 - [TEST_STEP][PASSED] - symbol = symbol: null

2019-08-10 23:59:24 - [TEST_STEP][PASSED] - println(symbol): null

2019-08-10 23:59:24 - [TEST_STEP][PASSED] - if (i == 2 &amp;&amp; wildList.indexOf(symbol) != -1): null

2019-08-10 23:59:24 - [TEST_STEP][PASSED] - if (i == 3 &amp;&amp; wildList.indexOf(symbol) != -1): null

2019-08-10 23:59:24 - [TEST_STEP][PASSED] - if (i == 4 &amp;&amp; wildList.indexOf(symbol) != -1): null

2019-08-10 23:59:24 - [TEST_STEP][PASSED] - symbol = symbol: null

2019-08-10 23:59:24 - [TEST_STEP][PASSED] - println(symbol): null

2019-08-10 23:59:24 - [TEST_STEP][PASSED] - if (i == 2 &amp;&amp; wildList.indexOf(symbol) != -1): null

2019-08-10 23:59:24 - [TEST_STEP][PASSED] - if (i == 3 &amp;&amp; wildList.indexOf(symbol) != -1): null

2019-08-10 23:59:24 - [TEST_STEP][PASSED] - if (i == 4 &amp;&amp; wildList.indexOf(symbol) != -1): null

2019-08-10 23:59:24 - [TEST_STEP][PASSED] - symbol = symbol: null

2019-08-10 23:59:24 - [TEST_STEP][PASSED] - println(symbol): null

2019-08-10 23:59:24 - [TEST_STEP][PASSED] - if (i == 2 &amp;&amp; wildList.indexOf(symbol) != -1): null

2019-08-10 23:59:24 - [TEST_STEP][PASSED] - if (i == 3 &amp;&amp; wildList.indexOf(symbol) != -1): null

2019-08-10 23:59:24 - [TEST_STEP][PASSED] - if (i == 4 &amp;&amp; wildList.indexOf(symbol) != -1): null

2019-08-10 23:59:24 - [TEST_STEP][PASSED] - symbols = symbols: null

2019-08-10 23:59:24 - [TEST_STEP][PASSED] - for ([j = 0, j &lt; symbols.size(), (j++)]): null

2019-08-10 23:59:24 - [TEST_STEP][PASSED] - symbol = symbol: null

2019-08-10 23:59:24 - [TEST_STEP][PASSED] - println(symbol): null

2019-08-10 23:59:24 - [TEST_STEP][PASSED] - if (i == 2 &amp;&amp; wildList.indexOf(symbol) != -1): null

2019-08-10 23:59:24 - [TEST_STEP][PASSED] - if (i == 3 &amp;&amp; wildList.indexOf(symbol) != -1): null

2019-08-10 23:59:24 - [TEST_STEP][PASSED] - if (i == 4 &amp;&amp; wildList.indexOf(symbol) != -1): null

2019-08-10 23:59:24 - [TEST_STEP][PASSED] - symbol = symbol: null

2019-08-10 23:59:24 - [TEST_STEP][PASSED] - println(symbol): null

2019-08-10 23:59:24 - [TEST_STEP][PASSED] - if (i == 2 &amp;&amp; wildList.indexOf(symbol) != -1): null

2019-08-10 23:59:24 - [TEST_STEP][PASSED] - if (i == 3 &amp;&amp; wildList.indexOf(symbol) != -1): null

2019-08-10 23:59:24 - [TEST_STEP][PASSED] - if (i == 4 &amp;&amp; wildList.indexOf(symbol) != -1): null

2019-08-10 23:59:24 - [TEST_STEP][PASSED] - symbol = symbol: null

2019-08-10 23:59:24 - [TEST_STEP][PASSED] - println(symbol): null

2019-08-10 23:59:24 - [TEST_STEP][PASSED] - if (i == 2 &amp;&amp; wildList.indexOf(symbol) != -1): null

2019-08-10 23:59:24 - [TEST_STEP][PASSED] - if (i == 3 &amp;&amp; wildList.indexOf(symbol) != -1): null

2019-08-10 23:59:24 - [TEST_STEP][PASSED] - if (i == 4 &amp;&amp; wildList.indexOf(symbol) != -1): null

2019-08-10 23:59:24 - [TEST_STEP][PASSED] - free_spin_reel_counter = free_spin_reel_counter: null

2019-08-10 23:59:24 - [TEST_STEP][PASSED] - println("reel 3 wild found: " + free_spin_reel_counter[0]): null

2019-08-10 23:59:24 - [TEST_STEP][PASSED] - println("reel 4 wild found: " + free_spin_reel_counter[1]): null

2019-08-10 23:59:24 - [TEST_STEP][PASSED] - println("reel 5 wild found: " + free_spin_reel_counter[2]): null

2019-08-10 23:59:24 - [TEST_STEP][PASSED] - M4_spin_reels = M4_spin_reels: null

2019-08-10 23:59:24 - [TEST_STEP][PASSED] - M4_spin_reels_symbols = symbol: null

2019-08-10 23:59:24 - [TEST_STEP][PASSED] - M4_spin_reels_symbols = M4_spin_reels_symbols: null

2019-08-10 23:59:24 - [TEST_STEP][PASSED] - M4_spin_reel_wins = reel_wins: null

2019-08-10 23:59:24 - [TEST_STEP][PASSED] - M4_spin_reel_wins = M4_spin_reel_wins: null

2019-08-10 23:59:24 - [TEST_STEP][PASSED] - println("GlobalVariable.M4_spin_reel_wins is: " + M4_spin_reel_wins): null

2019-08-10 23:59:24 - [TEST_STEP][PASSED] - M4_spin_total_bonus_win_this_round = total_bonus_win_this_round: null

2019-08-10 23:59:24 - [TEST_STEP][PASSED] - M4_spin_total_bonus_win_this_round = M4_spin_total_bonus_win_this_round: null

2019-08-10 23:59:24 - [TEST_STEP][PASSED] - println("GlobalVariable.M4_spin_total_bonus_win_this_round is: " + M4_spin_total_bonus_win_this_round): null

2019-08-10 23:59:24 - [MESSAGE][PASSED] - Verify response successfully

2019-08-10 23:59:24 - [MESSAGE][PASSED] - Send request and verify the response successfully

2019-08-10 23:59:24 - [TEST_STEP][PASSED] - if (M4_total_bonus_spins_int != 0 &amp;&amp; M4_spin_reels_symbols[2].contains("WILD_Double") || M4_spin_reels_symbols[4].contains("WILD_Triple")): null

2019-08-10 23:59:24 - [TEST_STEP][PASSED] - free_spin_reel_counter = free_spin_reel_counter: null

2019-08-10 23:59:24 - [TEST_STEP][PASSED] - M4_spin_reels_symbols = M4_spin_reels_symbols: null

2019-08-10 23:59:24 - [TEST_STEP][PASSED] - M4_total_bonus_spins = M4_total_bonus_spins: null

2019-08-10 23:59:24 - [TEST_STEP][PASSED] - spin_result = sendRequestAndVerify(findTestObject("RGS(M4)/1_M4_spin", ["M4_login_user_id":M4_login_user_id, "rgs_session_token":rgs_session_token, "partner":Partner])): Send request and verify the response successfully

2019-08-10 23:59:25 - [TEST_CASE][PASSED] - Start Test Case : Verification: Verification accomplished successfully

2019-08-10 23:59:25 - [TEST_STEP][PASSED] - request = getInstance().getCurrentRequest(): null

2019-08-10 23:59:25 - [TEST_STEP][PASSED] - response = getInstance().getCurrentResponse(): null

2019-08-10 23:59:25 - [TEST_STEP][PASSED] - verifyResponseStatusCode(response, 200): Verify response status code successfully

2019-08-10 23:59:25 - [MESSAGE][PASSED] - Verify response status code successfully

2019-08-10 23:59:25 - [TEST_STEP][PASSED] - getStatusCode()).isEqualTo(200): null

2019-08-10 23:59:25 - [TEST_STEP][PASSED] - newline = System.getProperty("line.separator"): null

2019-08-10 23:59:25 - [TEST_STEP][PASSED] - M4_spin = new groovy.json.JsonSlurper(): null

2019-08-10 23:59:25 - [TEST_STEP][PASSED] - result_M4_spin = M4_spin.parseText(response.getResponseBodyContent()): null

2019-08-10 23:59:25 - [TEST_STEP][PASSED] - M4_spin_current_balance = current_balance: null

2019-08-10 23:59:25 - [TEST_STEP][PASSED] - M4_spin_current_balance = M4_spin_current_balance: null

2019-08-10 23:59:25 - [TEST_STEP][PASSED] - M4_spin_transaction_id = causality: null

2019-08-10 23:59:25 - [TEST_STEP][PASSED] - M4_spin_transaction_id = M4_spin_transaction_id: null

2019-08-10 23:59:25 - [TEST_STEP][PASSED] - M4_spin_round_id = round_id: null

2019-08-10 23:59:25 - [TEST_STEP][PASSED] - M4_spin_round_id = M4_spin_round_id: null

2019-08-10 23:59:25 - [TEST_STEP][PASSED] - M4_spin_line_wins = line_wins: null

2019-08-10 23:59:25 - [TEST_STEP][PASSED] - M4_spin_line_wins = M4_spin_line_wins: null

2019-08-10 23:59:25 - [TEST_STEP][PASSED] - M4_total_bonus_spins_int = total_bonus_spins: null

2019-08-10 23:59:25 - [TEST_STEP][PASSED] - println("******M4_total_bonus_spins type is:*******" + newline + getClass().getName()): null

2019-08-10 23:59:25 - [TEST_STEP][PASSED] - M4_total_bonus_spins_int = M4_total_bonus_spins_int: null

2019-08-10 23:59:25 - [TEST_STEP][PASSED] - M4_total_bonus_spins = Integer.toString(M4_total_bonus_spins_int): null

2019-08-10 23:59:25 - [TEST_STEP][PASSED] - M4_total_bonus_spins = M4_total_bonus_spins: null

2019-08-10 23:59:25 - [TEST_STEP][PASSED] - println("M4_total_bonus_spins is:" + M4_total_bonus_spins): null

2019-08-10 23:59:25 - [TEST_STEP][PASSED] - M4_spin_bonus_data = bonus_data: null

2019-08-10 23:59:25 - [TEST_STEP][PASSED] - M4_spin_features_triggered = result_M4_spin: null

2019-08-10 23:59:25 - [TEST_STEP][PASSED] - wild = []: null

2019-08-10 23:59:25 - [TEST_STEP][PASSED] - wild[0] = "WILD_Expanding": null

2019-08-10 23:59:25 - [TEST_STEP][PASSED] - wild[1] = "WILD_Normal": null

2019-08-10 23:59:25 - [TEST_STEP][PASSED] - wild[2] = "WILD_Double": null

2019-08-10 23:59:25 - [TEST_STEP][PASSED] - wild[3] = "WILD_ExtraFG": null

2019-08-10 23:59:25 - [TEST_STEP][PASSED] - wild[4] = "WILD_Triple": null

2019-08-10 23:59:25 - [TEST_STEP][PASSED] - wildList = Arrays.asList(wild): null

2019-08-10 23:59:25 - [TEST_STEP][PASSED] - wildList = wildList: null

2019-08-10 23:59:25 - [TEST_STEP][PASSED] - free_spin_reel_counter = []: null

2019-08-10 23:59:25 - [TEST_STEP][PASSED] - free_spin_reel_counter[0] = 0: null

2019-08-10 23:59:25 - [TEST_STEP][PASSED] - free_spin_reel_counter[1] = 0: null

2019-08-10 23:59:25 - [TEST_STEP][PASSED] - free_spin_reel_counter[2] = 0: null

2019-08-10 23:59:25 - [TEST_STEP][PASSED] - M4_spin_reels = reels: null

2019-08-10 23:59:25 - [TEST_STEP][PASSED] - for ([i = 0, i &lt; M4_spin_reels.size(), (i++)]): null

2019-08-10 23:59:25 - [TEST_STEP][PASSED] - symbols = symbols: null

2019-08-10 23:59:25 - [TEST_STEP][PASSED] - for ([j = 0, j &lt; symbols.size(), (j++)]): null

2019-08-10 23:59:25 - [TEST_STEP][PASSED] - symbol = symbol: null

2019-08-10 23:59:25 - [TEST_STEP][PASSED] - println(symbol): null

2019-08-10 23:59:25 - [TEST_STEP][PASSED] - if (i == 2 &amp;&amp; wildList.indexOf(symbol) != -1): null

2019-08-10 23:59:25 - [TEST_STEP][PASSED] - if (i == 3 &amp;&amp; wildList.indexOf(symbol) != -1): null

2019-08-10 23:59:25 - [TEST_STEP][PASSED] - if (i == 4 &amp;&amp; wildList.indexOf(symbol) != -1): null

2019-08-10 23:59:25 - [TEST_STEP][PASSED] - symbol = symbol: null

2019-08-10 23:59:25 - [TEST_STEP][PASSED] - println(symbol): null

2019-08-10 23:59:25 - [TEST_STEP][PASSED] - if (i == 2 &amp;&amp; wildList.indexOf(symbol) != -1): null

2019-08-10 23:59:25 - [TEST_STEP][PASSED] - if (i == 3 &amp;&amp; wildList.indexOf(symbol) != -1): null

2019-08-10 23:59:25 - [TEST_STEP][PASSED] - if (i == 4 &amp;&amp; wildList.indexOf(symbol) != -1): null

2019-08-10 23:59:25 - [TEST_STEP][PASSED] - symbol = symbol: null

2019-08-10 23:59:25 - [TEST_STEP][PASSED] - println(symbol): null

2019-08-10 23:59:25 - [TEST_STEP][PASSED] - if (i == 2 &amp;&amp; wildList.indexOf(symbol) != -1): null

2019-08-10 23:59:25 - [TEST_STEP][PASSED] - if (i == 3 &amp;&amp; wildList.indexOf(symbol) != -1): null

2019-08-10 23:59:25 - [TEST_STEP][PASSED] - if (i == 4 &amp;&amp; wildList.indexOf(symbol) != -1): null

2019-08-10 23:59:25 - [TEST_STEP][PASSED] - symbols = symbols: null

2019-08-10 23:59:25 - [TEST_STEP][PASSED] - for ([j = 0, j &lt; symbols.size(), (j++)]): null

2019-08-10 23:59:25 - [TEST_STEP][PASSED] - symbol = symbol: null

2019-08-10 23:59:25 - [TEST_STEP][PASSED] - println(symbol): null

2019-08-10 23:59:25 - [TEST_STEP][PASSED] - if (i == 2 &amp;&amp; wildList.indexOf(symbol) != -1): null

2019-08-10 23:59:25 - [TEST_STEP][PASSED] - if (i == 3 &amp;&amp; wildList.indexOf(symbol) != -1): null

2019-08-10 23:59:25 - [TEST_STEP][PASSED] - if (i == 4 &amp;&amp; wildList.indexOf(symbol) != -1): null

2019-08-10 23:59:25 - [TEST_STEP][PASSED] - symbol = symbol: null

2019-08-10 23:59:25 - [TEST_STEP][PASSED] - println(symbol): null

2019-08-10 23:59:25 - [TEST_STEP][PASSED] - if (i == 2 &amp;&amp; wildList.indexOf(symbol) != -1): null

2019-08-10 23:59:25 - [TEST_STEP][PASSED] - if (i == 3 &amp;&amp; wildList.indexOf(symbol) != -1): null

2019-08-10 23:59:25 - [TEST_STEP][PASSED] - if (i == 4 &amp;&amp; wildList.indexOf(symbol) != -1): null

2019-08-10 23:59:25 - [TEST_STEP][PASSED] - symbol = symbol: null

2019-08-10 23:59:25 - [TEST_STEP][PASSED] - println(symbol): null

2019-08-10 23:59:25 - [TEST_STEP][PASSED] - if (i == 2 &amp;&amp; wildList.indexOf(symbol) != -1): null

2019-08-10 23:59:25 - [TEST_STEP][PASSED] - if (i == 3 &amp;&amp; wildList.indexOf(symbol) != -1): null

2019-08-10 23:59:25 - [TEST_STEP][PASSED] - if (i == 4 &amp;&amp; wildList.indexOf(symbol) != -1): null

2019-08-10 23:59:25 - [TEST_STEP][PASSED] - symbols = symbols: null

2019-08-10 23:59:25 - [TEST_STEP][PASSED] - for ([j = 0, j &lt; symbols.size(), (j++)]): null

2019-08-10 23:59:25 - [TEST_STEP][PASSED] - symbol = symbol: null

2019-08-10 23:59:25 - [TEST_STEP][PASSED] - println(symbol): null

2019-08-10 23:59:25 - [TEST_STEP][PASSED] - if (i == 2 &amp;&amp; wildList.indexOf(symbol) != -1): null

2019-08-10 23:59:25 - [TEST_STEP][PASSED] - if (i == 3 &amp;&amp; wildList.indexOf(symbol) != -1): null

2019-08-10 23:59:25 - [TEST_STEP][PASSED] - if (i == 4 &amp;&amp; wildList.indexOf(symbol) != -1): null

2019-08-10 23:59:25 - [TEST_STEP][PASSED] - symbol = symbol: null

2019-08-10 23:59:25 - [TEST_STEP][PASSED] - println(symbol): null

2019-08-10 23:59:25 - [TEST_STEP][PASSED] - if (i == 2 &amp;&amp; wildList.indexOf(symbol) != -1): null

2019-08-10 23:59:25 - [TEST_STEP][PASSED] - if (i == 3 &amp;&amp; wildList.indexOf(symbol) != -1): null

2019-08-10 23:59:25 - [TEST_STEP][PASSED] - if (i == 4 &amp;&amp; wildList.indexOf(symbol) != -1): null

2019-08-10 23:59:25 - [TEST_STEP][PASSED] - symbol = symbol: null

2019-08-10 23:59:25 - [TEST_STEP][PASSED] - println(symbol): null

2019-08-10 23:59:25 - [TEST_STEP][PASSED] - if (i == 2 &amp;&amp; wildList.indexOf(symbol) != -1): null

2019-08-10 23:59:25 - [TEST_STEP][PASSED] - if (i == 3 &amp;&amp; wildList.indexOf(symbol) != -1): null

2019-08-10 23:59:25 - [TEST_STEP][PASSED] - if (i == 4 &amp;&amp; wildList.indexOf(symbol) != -1): null

2019-08-10 23:59:25 - [TEST_STEP][PASSED] - symbols = symbols: null

2019-08-10 23:59:25 - [TEST_STEP][PASSED] - for ([j = 0, j &lt; symbols.size(), (j++)]): null

2019-08-10 23:59:25 - [TEST_STEP][PASSED] - symbol = symbol: null

2019-08-10 23:59:25 - [TEST_STEP][PASSED] - println(symbol): null

2019-08-10 23:59:25 - [TEST_STEP][PASSED] - if (i == 2 &amp;&amp; wildList.indexOf(symbol) != -1): null

2019-08-10 23:59:25 - [TEST_STEP][PASSED] - if (i == 3 &amp;&amp; wildList.indexOf(symbol) != -1): null

2019-08-10 23:59:25 - [TEST_STEP][PASSED] - if (i == 4 &amp;&amp; wildList.indexOf(symbol) != -1): null

2019-08-10 23:59:25 - [TEST_STEP][PASSED] - symbol = symbol: null

2019-08-10 23:59:25 - [TEST_STEP][PASSED] - println(symbol): null

2019-08-10 23:59:25 - [TEST_STEP][PASSED] - if (i == 2 &amp;&amp; wildList.indexOf(symbol) != -1): null

2019-08-10 23:59:25 - [TEST_STEP][PASSED] - if (i == 3 &amp;&amp; wildList.indexOf(symbol) != -1): null

2019-08-10 23:59:25 - [TEST_STEP][PASSED] - if (i == 4 &amp;&amp; wildList.indexOf(symbol) != -1): null

2019-08-10 23:59:25 - [TEST_STEP][PASSED] - symbol = symbol: null

2019-08-10 23:59:29 - [TEST_STEP][PASSED] - println(symbol): null

2019-08-10 23:59:29 - [TEST_STEP][PASSED] - if (i == 2 &amp;&amp; wildList.indexOf(symbol) != -1): null

2019-08-10 23:59:29 - [TEST_STEP][PASSED] - if (i == 3 &amp;&amp; wildList.indexOf(symbol) != -1): null

2019-08-10 23:59:29 - [TEST_STEP][PASSED] - println("wild found on reel 4, adding counter by 1"): null

2019-08-10 23:59:29 - [TEST_STEP][PASSED] - free_spin_reel_counter[1] = free_spin_reel_counter[1] + 1: null

2019-08-10 23:59:29 - [TEST_STEP][PASSED] - if (i == 4 &amp;&amp; wildList.indexOf(symbol) != -1): null

2019-08-10 23:59:29 - [TEST_STEP][PASSED] - symbols = symbols: null

2019-08-10 23:59:29 - [TEST_STEP][PASSED] - for ([j = 0, j &lt; symbols.size(), (j++)]): null

2019-08-10 23:59:29 - [TEST_STEP][PASSED] - symbol = symbol: null

2019-08-10 23:59:29 - [TEST_STEP][PASSED] - println(symbol): null

2019-08-10 23:59:30 - [TEST_STEP][PASSED] - if (i == 2 &amp;&amp; wildList.indexOf(symbol) != -1): null

2019-08-10 23:59:30 - [TEST_STEP][PASSED] - if (i == 3 &amp;&amp; wildList.indexOf(symbol) != -1): null

2019-08-10 23:59:30 - [TEST_STEP][PASSED] - if (i == 4 &amp;&amp; wildList.indexOf(symbol) != -1): null

2019-08-10 23:59:30 - [TEST_STEP][PASSED] - println("wild found on reel 5, adding counter by 1"): null

2019-08-10 23:59:30 - [TEST_STEP][PASSED] - free_spin_reel_counter[2] = free_spin_reel_counter[2] + 1: null

2019-08-10 23:59:30 - [TEST_STEP][PASSED] - symbol = symbol: null

2019-08-10 23:59:30 - [TEST_STEP][PASSED] - println(symbol): null

2019-08-10 23:59:30 - [TEST_STEP][PASSED] - if (i == 2 &amp;&amp; wildList.indexOf(symbol) != -1): null

2019-08-10 23:59:30 - [TEST_STEP][PASSED] - if (i == 3 &amp;&amp; wildList.indexOf(symbol) != -1): null

2019-08-10 23:59:30 - [TEST_STEP][PASSED] - if (i == 4 &amp;&amp; wildList.indexOf(symbol) != -1): null

2019-08-10 23:59:30 - [TEST_STEP][PASSED] - symbol = symbol: null

2019-08-10 23:59:30 - [TEST_STEP][PASSED] - println(symbol): null

2019-08-10 23:59:30 - [TEST_STEP][PASSED] - if (i == 2 &amp;&amp; wildList.indexOf(symbol) != -1): null

2019-08-10 23:59:30 - [TEST_STEP][PASSED] - if (i == 3 &amp;&amp; wildList.indexOf(symbol) != -1): null

2019-08-10 23:59:30 - [TEST_STEP][PASSED] - if (i == 4 &amp;&amp; wildList.indexOf(symbol) != -1): null

2019-08-10 23:59:30 - [TEST_STEP][PASSED] - free_spin_reel_counter = free_spin_reel_counter: null

2019-08-10 23:59:30 - [TEST_STEP][PASSED] - println("reel 3 wild found: " + free_spin_reel_counter[0]): null

2019-08-10 23:59:30 - [TEST_STEP][PASSED] - println("reel 4 wild found: " + free_spin_reel_counter[1]): null

2019-08-10 23:59:30 - [TEST_STEP][PASSED] - println("reel 5 wild found: " + free_spin_reel_counter[2]): null

2019-08-10 23:59:30 - [TEST_STEP][PASSED] - M4_spin_reels = M4_spin_reels: null

2019-08-10 23:59:30 - [TEST_STEP][PASSED] - M4_spin_reels_symbols = symbol: null

2019-08-10 23:59:30 - [TEST_STEP][PASSED] - M4_spin_reels_symbols = M4_spin_reels_symbols: null

2019-08-10 23:59:30 - [TEST_STEP][PASSED] - M4_spin_reel_wins = reel_wins: null

2019-08-10 23:59:30 - [TEST_STEP][PASSED] - M4_spin_reel_wins = M4_spin_reel_wins: null

2019-08-10 23:59:30 - [TEST_STEP][PASSED] - println("GlobalVariable.M4_spin_reel_wins is: " + M4_spin_reel_wins): null

2019-08-10 23:59:30 - [TEST_STEP][PASSED] - M4_spin_total_bonus_win_this_round = total_bonus_win_this_round: null

2019-08-10 23:59:30 - [TEST_STEP][PASSED] - M4_spin_total_bonus_win_this_round = M4_spin_total_bonus_win_this_round: null

2019-08-10 23:59:30 - [TEST_STEP][PASSED] - println("GlobalVariable.M4_spin_total_bonus_win_this_round is: " + M4_spin_total_bonus_win_this_round): null

2019-08-10 23:59:30 - [MESSAGE][PASSED] - Verify response successfully

2019-08-10 23:59:30 - [MESSAGE][PASSED] - Send request and verify the response successfully

2019-08-10 23:59:30 - [TEST_STEP][PASSED] - if (M4_total_bonus_spins_int != 0 &amp;&amp; M4_spin_reels_symbols[2].contains("WILD_Double") || M4_spin_reels_symbols[4].contains("WILD_Triple")): null

2019-08-10 23:59:30 - [TEST_STEP][PASSED] - free_spin_reel_counter = free_spin_reel_counter: null

2019-08-10 23:59:30 - [TEST_STEP][PASSED] - M4_spin_reels_symbols = M4_spin_reels_symbols: null

2019-08-10 23:59:30 - [TEST_STEP][PASSED] - M4_total_bonus_spins = M4_total_bonus_spins: null

2019-08-10 23:59:30 - [TEST_STEP][PASSED] - spin_result = sendRequestAndVerify(findTestObject("RGS(M4)/1_M4_spin", ["M4_login_user_id":M4_login_user_id, "rgs_session_token":rgs_session_token, "partner":Partner])): Send request and verify the response successfully

2019-08-10 23:59:30 - [TEST_CASE][PASSED] - Start Test Case : Verification: Verification accomplished successfully

2019-08-10 23:59:30 - [TEST_STEP][PASSED] - request = getInstance().getCurrentRequest(): null

2019-08-10 23:59:30 - [TEST_STEP][PASSED] - response = getInstance().getCurrentResponse(): null

2019-08-10 23:59:30 - [TEST_STEP][PASSED] - verifyResponseStatusCode(response, 200): Verify response status code successfully

2019-08-10 23:59:30 - [MESSAGE][PASSED] - Verify response status code successfully

2019-08-10 23:59:30 - [TEST_STEP][PASSED] - getStatusCode()).isEqualTo(200): null

2019-08-10 23:59:30 - [TEST_STEP][PASSED] - newline = System.getProperty("line.separator"): null

2019-08-10 23:59:30 - [TEST_STEP][PASSED] - M4_spin = new groovy.json.JsonSlurper(): null

2019-08-10 23:59:30 - [TEST_STEP][PASSED] - result_M4_spin = M4_spin.parseText(response.getResponseBodyContent()): null

2019-08-10 23:59:30 - [TEST_STEP][PASSED] - M4_spin_current_balance = current_balance: null

2019-08-10 23:59:30 - [TEST_STEP][PASSED] - M4_spin_current_balance = M4_spin_current_balance: null

2019-08-10 23:59:30 - [TEST_STEP][PASSED] - M4_spin_transaction_id = causality: null

2019-08-10 23:59:30 - [TEST_STEP][PASSED] - M4_spin_transaction_id = M4_spin_transaction_id: null

2019-08-10 23:59:30 - [TEST_STEP][PASSED] - M4_spin_round_id = round_id: null

2019-08-10 23:59:30 - [TEST_STEP][PASSED] - M4_spin_round_id = M4_spin_round_id: null

2019-08-10 23:59:30 - [TEST_STEP][PASSED] - M4_spin_line_wins = line_wins: null

2019-08-10 23:59:30 - [TEST_STEP][PASSED] - M4_spin_line_wins = M4_spin_line_wins: null

2019-08-10 23:59:30 - [TEST_STEP][PASSED] - M4_total_bonus_spins_int = total_bonus_spins: null

2019-08-10 23:59:30 - [TEST_STEP][PASSED] - println("******M4_total_bonus_spins type is:*******" + newline + getClass().getName()): null

2019-08-10 23:59:30 - [TEST_STEP][PASSED] - M4_total_bonus_spins_int = M4_total_bonus_spins_int: null

2019-08-10 23:59:30 - [TEST_STEP][PASSED] - M4_total_bonus_spins = Integer.toString(M4_total_bonus_spins_int): null

2019-08-10 23:59:30 - [TEST_STEP][PASSED] - M4_total_bonus_spins = M4_total_bonus_spins: null

2019-08-10 23:59:30 - [TEST_STEP][PASSED] - println("M4_total_bonus_spins is:" + M4_total_bonus_spins): null

2019-08-10 23:59:30 - [TEST_STEP][PASSED] - M4_spin_bonus_data = bonus_data: null

2019-08-10 23:59:30 - [TEST_STEP][PASSED] - M4_spin_features_triggered = result_M4_spin: null

2019-08-10 23:59:30 - [TEST_STEP][PASSED] - wild = []: null

2019-08-10 23:59:30 - [TEST_STEP][PASSED] - wild[0] = "WILD_Expanding": null

2019-08-10 23:59:30 - [TEST_STEP][PASSED] - wild[1] = "WILD_Normal": null

2019-08-10 23:59:30 - [TEST_STEP][PASSED] - wild[2] = "WILD_Double": null

2019-08-10 23:59:30 - [TEST_STEP][PASSED] - wild[3] = "WILD_ExtraFG": null

2019-08-10 23:59:30 - [TEST_STEP][PASSED] - wild[4] = "WILD_Triple": null

2019-08-10 23:59:30 - [TEST_STEP][PASSED] - wildList = Arrays.asList(wild): null

2019-08-10 23:59:30 - [TEST_STEP][PASSED] - wildList = wildList: null

2019-08-10 23:59:30 - [TEST_STEP][PASSED] - free_spin_reel_counter = []: null

2019-08-10 23:59:30 - [TEST_STEP][PASSED] - free_spin_reel_counter[0] = 0: null

2019-08-10 23:59:30 - [TEST_STEP][PASSED] - free_spin_reel_counter[1] = 0: null

2019-08-10 23:59:30 - [TEST_STEP][PASSED] - free_spin_reel_counter[2] = 0: null

2019-08-10 23:59:30 - [TEST_STEP][PASSED] - M4_spin_reels = reels: null

2019-08-10 23:59:30 - [TEST_STEP][PASSED] - for ([i = 0, i &lt; M4_spin_reels.size(), (i++)]): null

2019-08-10 23:59:30 - [TEST_STEP][PASSED] - symbols = symbols: null

2019-08-10 23:59:30 - [TEST_STEP][PASSED] - for ([j = 0, j &lt; symbols.size(), (j++)]): null

2019-08-10 23:59:30 - [TEST_STEP][PASSED] - symbol = symbol: null

2019-08-10 23:59:30 - [TEST_STEP][PASSED] - println(symbol): null

2019-08-10 23:59:30 - [TEST_STEP][PASSED] - if (i == 2 &amp;&amp; wildList.indexOf(symbol) != -1): null

2019-08-10 23:59:30 - [TEST_STEP][PASSED] - if (i == 3 &amp;&amp; wildList.indexOf(symbol) != -1): null

2019-08-10 23:59:30 - [TEST_STEP][PASSED] - if (i == 4 &amp;&amp; wildList.indexOf(symbol) != -1): null

2019-08-10 23:59:30 - [TEST_STEP][PASSED] - symbol = symbol: null

2019-08-10 23:59:30 - [TEST_STEP][PASSED] - println(symbol): null

2019-08-10 23:59:30 - [TEST_STEP][PASSED] - if (i == 2 &amp;&amp; wildList.indexOf(symbol) != -1): null

2019-08-10 23:59:30 - [TEST_STEP][PASSED] - if (i == 3 &amp;&amp; wildList.indexOf(symbol) != -1): null

2019-08-10 23:59:30 - [TEST_STEP][PASSED] - if (i == 4 &amp;&amp; wildList.indexOf(symbol) != -1): null

2019-08-10 23:59:30 - [TEST_STEP][PASSED] - symbol = symbol: null

2019-08-10 23:59:30 - [TEST_STEP][PASSED] - println(symbol): null

2019-08-10 23:59:30 - [TEST_STEP][PASSED] - if (i == 2 &amp;&amp; wildList.indexOf(symbol) != -1): null

2019-08-10 23:59:30 - [TEST_STEP][PASSED] - if (i == 3 &amp;&amp; wildList.indexOf(symbol) != -1): null

2019-08-10 23:59:30 - [TEST_STEP][PASSED] - if (i == 4 &amp;&amp; wildList.indexOf(symbol) != -1): null

2019-08-10 23:59:30 - [TEST_STEP][PASSED] - symbols = symbols: null

2019-08-10 23:59:30 - [TEST_STEP][PASSED] - for ([j = 0, j &lt; symbols.size(), (j++)]): null

2019-08-10 23:59:30 - [TEST_STEP][PASSED] - symbol = symbol: null

2019-08-10 23:59:30 - [TEST_STEP][PASSED] - println(symbol): null

2019-08-10 23:59:30 - [TEST_STEP][PASSED] - if (i == 2 &amp;&amp; wildList.indexOf(symbol) != -1): null

2019-08-10 23:59:30 - [TEST_STEP][PASSED] - if (i == 3 &amp;&amp; wildList.indexOf(symbol) != -1): null

2019-08-10 23:59:30 - [TEST_STEP][PASSED] - if (i == 4 &amp;&amp; wildList.indexOf(symbol) != -1): null

2019-08-10 23:59:30 - [TEST_STEP][PASSED] - symbol = symbol: null

2019-08-10 23:59:30 - [TEST_STEP][PASSED] - println(symbol): null

2019-08-10 23:59:30 - [TEST_STEP][PASSED] - if (i == 2 &amp;&amp; wildList.indexOf(symbol) != -1): null

2019-08-10 23:59:30 - [TEST_STEP][PASSED] - if (i == 3 &amp;&amp; wildList.indexOf(symbol) != -1): null

2019-08-10 23:59:30 - [TEST_STEP][PASSED] - if (i == 4 &amp;&amp; wildList.indexOf(symbol) != -1): null

2019-08-10 23:59:30 - [TEST_STEP][PASSED] - symbol = symbol: null

2019-08-10 23:59:30 - [TEST_STEP][PASSED] - println(symbol): null

2019-08-10 23:59:30 - [TEST_STEP][PASSED] - if (i == 2 &amp;&amp; wildList.indexOf(symbol) != -1): null

2019-08-10 23:59:30 - [TEST_STEP][PASSED] - if (i == 3 &amp;&amp; wildList.indexOf(symbol) != -1): null

2019-08-10 23:59:30 - [TEST_STEP][PASSED] - if (i == 4 &amp;&amp; wildList.indexOf(symbol) != -1): null

2019-08-10 23:59:30 - [TEST_STEP][PASSED] - symbols = symbols: null

2019-08-10 23:59:30 - [TEST_STEP][PASSED] - for ([j = 0, j &lt; symbols.size(), (j++)]): null

2019-08-10 23:59:30 - [TEST_STEP][PASSED] - symbol = symbol: null

2019-08-10 23:59:30 - [TEST_STEP][PASSED] - println(symbol): null

2019-08-10 23:59:30 - [TEST_STEP][PASSED] - if (i == 2 &amp;&amp; wildList.indexOf(symbol) != -1): null

2019-08-10 23:59:30 - [TEST_STEP][PASSED] - if (i == 3 &amp;&amp; wildList.indexOf(symbol) != -1): null

2019-08-10 23:59:30 - [TEST_STEP][PASSED] - if (i == 4 &amp;&amp; wildList.indexOf(symbol) != -1): null

2019-08-10 23:59:30 - [TEST_STEP][PASSED] - symbol = symbol: null

2019-08-10 23:59:30 - [TEST_STEP][PASSED] - println(symbol): null

2019-08-10 23:59:30 - [TEST_STEP][PASSED] - if (i == 2 &amp;&amp; wildList.indexOf(symbol) != -1): null

2019-08-10 23:59:30 - [TEST_STEP][PASSED] - if (i == 3 &amp;&amp; wildList.indexOf(symbol) != -1): null

2019-08-10 23:59:30 - [TEST_STEP][PASSED] - if (i == 4 &amp;&amp; wildList.indexOf(symbol) != -1): null

2019-08-10 23:59:30 - [TEST_STEP][PASSED] - symbol = symbol: null

2019-08-10 23:59:30 - [TEST_STEP][PASSED] - println(symbol): null

2019-08-10 23:59:30 - [TEST_STEP][PASSED] - if (i == 2 &amp;&amp; wildList.indexOf(symbol) != -1): null

2019-08-10 23:59:30 - [TEST_STEP][PASSED] - if (i == 3 &amp;&amp; wildList.indexOf(symbol) != -1): null

2019-08-10 23:59:30 - [TEST_STEP][PASSED] - if (i == 4 &amp;&amp; wildList.indexOf(symbol) != -1): null

2019-08-10 23:59:30 - [TEST_STEP][PASSED] - symbols = symbols: null

2019-08-10 23:59:30 - [TEST_STEP][PASSED] - for ([j = 0, j &lt; symbols.size(), (j++)]): null

2019-08-10 23:59:30 - [TEST_STEP][PASSED] - symbol = symbol: null

2019-08-10 23:59:30 - [TEST_STEP][PASSED] - println(symbol): null

2019-08-10 23:59:30 - [TEST_STEP][PASSED] - if (i == 2 &amp;&amp; wildList.indexOf(symbol) != -1): null

2019-08-10 23:59:30 - [TEST_STEP][PASSED] - if (i == 3 &amp;&amp; wildList.indexOf(symbol) != -1): null

2019-08-10 23:59:30 - [TEST_STEP][PASSED] - if (i == 4 &amp;&amp; wildList.indexOf(symbol) != -1): null

2019-08-10 23:59:30 - [TEST_STEP][PASSED] - symbol = symbol: null

2019-08-10 23:59:30 - [TEST_STEP][PASSED] - println(symbol): null

2019-08-10 23:59:30 - [TEST_STEP][PASSED] - if (i == 2 &amp;&amp; wildList.indexOf(symbol) != -1): null

2019-08-10 23:59:30 - [TEST_STEP][PASSED] - if (i == 3 &amp;&amp; wildList.indexOf(symbol) != -1): null

2019-08-10 23:59:30 - [TEST_STEP][PASSED] - if (i == 4 &amp;&amp; wildList.indexOf(symbol) != -1): null

2019-08-10 23:59:30 - [TEST_STEP][PASSED] - symbol = symbol: null

2019-08-10 23:59:30 - [TEST_STEP][PASSED] - println(symbol): null

2019-08-10 23:59:30 - [TEST_STEP][PASSED] - if (i == 2 &amp;&amp; wildList.indexOf(symbol) != -1): null

2019-08-10 23:59:30 - [TEST_STEP][PASSED] - if (i == 3 &amp;&amp; wildList.indexOf(symbol) != -1): null

2019-08-10 23:59:30 - [TEST_STEP][PASSED] - if (i == 4 &amp;&amp; wildList.indexOf(symbol) != -1): null

2019-08-10 23:59:30 - [TEST_STEP][PASSED] - symbols = symbols: null

2019-08-10 23:59:30 - [TEST_STEP][PASSED] - for ([j = 0, j &lt; symbols.size(), (j++)]): null

2019-08-10 23:59:30 - [TEST_STEP][PASSED] - symbol = symbol: null

2019-08-10 23:59:30 - [TEST_STEP][PASSED] - println(symbol): null

2019-08-10 23:59:30 - [TEST_STEP][PASSED] - if (i == 2 &amp;&amp; wildList.indexOf(symbol) != -1): null

2019-08-10 23:59:30 - [TEST_STEP][PASSED] - if (i == 3 &amp;&amp; wildList.indexOf(symbol) != -1): null

2019-08-10 23:59:30 - [TEST_STEP][PASSED] - if (i == 4 &amp;&amp; wildList.indexOf(symbol) != -1): null

2019-08-10 23:59:30 - [TEST_STEP][PASSED] - symbol = symbol: null

2019-08-10 23:59:30 - [TEST_STEP][PASSED] - println(symbol): null

2019-08-10 23:59:30 - [TEST_STEP][PASSED] - if (i == 2 &amp;&amp; wildList.indexOf(symbol) != -1): null

2019-08-10 23:59:30 - [TEST_STEP][PASSED] - if (i == 3 &amp;&amp; wildList.indexOf(symbol) != -1): null

2019-08-10 23:59:30 - [TEST_STEP][PASSED] - if (i == 4 &amp;&amp; wildList.indexOf(symbol) != -1): null

2019-08-10 23:59:30 - [TEST_STEP][PASSED] - symbol = symbol: null

2019-08-10 23:59:30 - [TEST_STEP][PASSED] - println(symbol): null

2019-08-10 23:59:30 - [TEST_STEP][PASSED] - if (i == 2 &amp;&amp; wildList.indexOf(symbol) != -1): null

2019-08-10 23:59:30 - [TEST_STEP][PASSED] - if (i == 3 &amp;&amp; wildList.indexOf(symbol) != -1): null

2019-08-10 23:59:30 - [TEST_STEP][PASSED] - if (i == 4 &amp;&amp; wildList.indexOf(symbol) != -1): null

2019-08-10 23:59:30 - [TEST_STEP][PASSED] - free_spin_reel_counter = free_spin_reel_counter: null

2019-08-10 23:59:30 - [TEST_STEP][PASSED] - println("reel 3 wild found: " + free_spin_reel_counter[0]): null

2019-08-10 23:59:30 - [TEST_STEP][PASSED] - println("reel 4 wild found: " + free_spin_reel_counter[1]): null

2019-08-10 23:59:30 - [TEST_STEP][PASSED] - println("reel 5 wild found: " + free_spin_reel_counter[2]): null

2019-08-10 23:59:30 - [TEST_STEP][PASSED] - M4_spin_reels = M4_spin_reels: null

2019-08-10 23:59:30 - [TEST_STEP][PASSED] - M4_spin_reels_symbols = symbol: null

2019-08-10 23:59:30 - [TEST_STEP][PASSED] - M4_spin_reels_symbols = M4_spin_reels_symbols: null

2019-08-10 23:59:30 - [TEST_STEP][PASSED] - M4_spin_reel_wins = reel_wins: null

2019-08-10 23:59:30 - [TEST_STEP][PASSED] - M4_spin_reel_wins = M4_spin_reel_wins: null

2019-08-10 23:59:30 - [TEST_STEP][PASSED] - println("GlobalVariable.M4_spin_reel_wins is: " + M4_spin_reel_wins): null

2019-08-10 23:59:30 - [TEST_STEP][PASSED] - M4_spin_total_bonus_win_this_round = total_bonus_win_this_round: null

2019-08-10 23:59:30 - [TEST_STEP][PASSED] - M4_spin_total_bonus_win_this_round = M4_spin_total_bonus_win_this_round: null

2019-08-10 23:59:30 - [TEST_STEP][PASSED] - println("GlobalVariable.M4_spin_total_bonus_win_this_round is: " + M4_spin_total_bonus_win_this_round): null

2019-08-10 23:59:30 - [MESSAGE][PASSED] - Verify response successfully

2019-08-10 23:59:30 - [MESSAGE][PASSED] - Send request and verify the response successfully

2019-08-10 23:59:30 - [TEST_STEP][PASSED] - if (M4_total_bonus_spins_int != 0 &amp;&amp; M4_spin_reels_symbols[2].contains("WILD_Double") || M4_spin_reels_symbols[4].contains("WILD_Triple")): null

2019-08-10 23:59:30 - [TEST_STEP][PASSED] - free_spin_reel_counter = free_spin_reel_counter: null

2019-08-10 23:59:30 - [TEST_STEP][PASSED] - M4_spin_reels_symbols = M4_spin_reels_symbols: null

2019-08-10 23:59:30 - [TEST_STEP][PASSED] - M4_total_bonus_spins = M4_total_bonus_spins: null

2019-08-10 23:59:30 - [TEST_STEP][PASSED] - spin_result = sendRequestAndVerify(findTestObject("RGS(M4)/1_M4_spin", ["M4_login_user_id":M4_login_user_id, "rgs_session_token":rgs_session_token, "partner":Partner])): Send request and verify the response successfully

2019-08-10 23:59:31 - [TEST_CASE][PASSED] - Start Test Case : Verification: Verification accomplished successfully

2019-08-10 23:59:31 - [TEST_STEP][PASSED] - request = getInstance().getCurrentRequest(): null

2019-08-10 23:59:31 - [TEST_STEP][PASSED] - response = getInstance().getCurrentResponse(): null

2019-08-10 23:59:31 - [TEST_STEP][PASSED] - verifyResponseStatusCode(response, 200): Verify response status code successfully

2019-08-10 23:59:31 - [MESSAGE][PASSED] - Verify response status code successfully

2019-08-10 23:59:31 - [TEST_STEP][PASSED] - getStatusCode()).isEqualTo(200): null

2019-08-10 23:59:31 - [TEST_STEP][PASSED] - newline = System.getProperty("line.separator"): null

2019-08-10 23:59:31 - [TEST_STEP][PASSED] - M4_spin = new groovy.json.JsonSlurper(): null

2019-08-10 23:59:31 - [TEST_STEP][PASSED] - result_M4_spin = M4_spin.parseText(response.getResponseBodyContent()): null

2019-08-10 23:59:31 - [TEST_STEP][PASSED] - M4_spin_current_balance = current_balance: null

2019-08-10 23:59:31 - [TEST_STEP][PASSED] - M4_spin_current_balance = M4_spin_current_balance: null

2019-08-10 23:59:31 - [TEST_STEP][PASSED] - M4_spin_transaction_id = causality: null

2019-08-10 23:59:31 - [TEST_STEP][PASSED] - M4_spin_transaction_id = M4_spin_transaction_id: null

2019-08-10 23:59:31 - [TEST_STEP][PASSED] - M4_spin_round_id = round_id: null

2019-08-10 23:59:31 - [TEST_STEP][PASSED] - M4_spin_round_id = M4_spin_round_id: null

2019-08-10 23:59:31 - [TEST_STEP][PASSED] - M4_spin_line_wins = line_wins: null

2019-08-10 23:59:31 - [TEST_STEP][PASSED] - M4_spin_line_wins = M4_spin_line_wins: null

2019-08-10 23:59:31 - [TEST_STEP][PASSED] - M4_total_bonus_spins_int = total_bonus_spins: null

2019-08-10 23:59:31 - [TEST_STEP][PASSED] - println("******M4_total_bonus_spins type is:*******" + newline + getClass().getName()): null

2019-08-10 23:59:31 - [TEST_STEP][PASSED] - M4_total_bonus_spins_int = M4_total_bonus_spins_int: null

2019-08-10 23:59:31 - [TEST_STEP][PASSED] - M4_total_bonus_spins = Integer.toString(M4_total_bonus_spins_int): null

2019-08-10 23:59:31 - [TEST_STEP][PASSED] - M4_total_bonus_spins = M4_total_bonus_spins: null

2019-08-10 23:59:31 - [TEST_STEP][PASSED] - println("M4_total_bonus_spins is:" + M4_total_bonus_spins): null

2019-08-10 23:59:31 - [TEST_STEP][PASSED] - M4_spin_bonus_data = bonus_data: null

2019-08-10 23:59:31 - [TEST_STEP][PASSED] - M4_spin_features_triggered = result_M4_spin: null

2019-08-10 23:59:31 - [TEST_STEP][PASSED] - wild = []: null

2019-08-10 23:59:31 - [TEST_STEP][PASSED] - wild[0] = "WILD_Expanding": null

2019-08-10 23:59:31 - [TEST_STEP][PASSED] - wild[1] = "WILD_Normal": null

2019-08-10 23:59:31 - [TEST_STEP][PASSED] - wild[2] = "WILD_Double": null

2019-08-10 23:59:31 - [TEST_STEP][PASSED] - wild[3] = "WILD_ExtraFG": null

2019-08-10 23:59:31 - [TEST_STEP][PASSED] - wild[4] = "WILD_Triple": null

2019-08-10 23:59:31 - [TEST_STEP][PASSED] - wildList = Arrays.asList(wild): null

2019-08-10 23:59:31 - [TEST_STEP][PASSED] - wildList = wildList: null

2019-08-10 23:59:31 - [TEST_STEP][PASSED] - free_spin_reel_counter = []: null

2019-08-10 23:59:31 - [TEST_STEP][PASSED] - free_spin_reel_counter[0] = 0: null

2019-08-10 23:59:31 - [TEST_STEP][PASSED] - free_spin_reel_counter[1] = 0: null

2019-08-10 23:59:31 - [TEST_STEP][PASSED] - free_spin_reel_counter[2] = 0: null

2019-08-10 23:59:31 - [TEST_STEP][PASSED] - M4_spin_reels = reels: null

2019-08-10 23:59:31 - [TEST_STEP][PASSED] - for ([i = 0, i &lt; M4_spin_reels.size(), (i++)]): null

2019-08-10 23:59:31 - [TEST_STEP][PASSED] - symbols = symbols: null

2019-08-10 23:59:31 - [TEST_STEP][PASSED] - for ([j = 0, j &lt; symbols.size(), (j++)]): null

2019-08-10 23:59:31 - [TEST_STEP][PASSED] - symbol = symbol: null

2019-08-10 23:59:31 - [TEST_STEP][PASSED] - println(symbol): null

2019-08-10 23:59:31 - [TEST_STEP][PASSED] - if (i == 2 &amp;&amp; wildList.indexOf(symbol) != -1): null

2019-08-10 23:59:31 - [TEST_STEP][PASSED] - if (i == 3 &amp;&amp; wildList.indexOf(symbol) != -1): null

2019-08-10 23:59:31 - [TEST_STEP][PASSED] - if (i == 4 &amp;&amp; wildList.indexOf(symbol) != -1): null

2019-08-10 23:59:31 - [TEST_STEP][PASSED] - symbol = symbol: null

2019-08-10 23:59:31 - [TEST_STEP][PASSED] - println(symbol): null

2019-08-10 23:59:31 - [TEST_STEP][PASSED] - if (i == 2 &amp;&amp; wildList.indexOf(symbol) != -1): null

2019-08-10 23:59:31 - [TEST_STEP][PASSED] - if (i == 3 &amp;&amp; wildList.indexOf(symbol) != -1): null

2019-08-10 23:59:31 - [TEST_STEP][PASSED] - if (i == 4 &amp;&amp; wildList.indexOf(symbol) != -1): null

2019-08-10 23:59:31 - [TEST_STEP][PASSED] - symbol = symbol: null

2019-08-10 23:59:31 - [TEST_STEP][PASSED] - println(symbol): null

2019-08-10 23:59:31 - [TEST_STEP][PASSED] - if (i == 2 &amp;&amp; wildList.indexOf(symbol) != -1): null

2019-08-10 23:59:31 - [TEST_STEP][PASSED] - if (i == 3 &amp;&amp; wildList.indexOf(symbol) != -1): null

2019-08-10 23:59:31 - [TEST_STEP][PASSED] - if (i == 4 &amp;&amp; wildList.indexOf(symbol) != -1): null

2019-08-10 23:59:31 - [TEST_STEP][PASSED] - symbols = symbols: null

2019-08-10 23:59:31 - [TEST_STEP][PASSED] - for ([j = 0, j &lt; symbols.size(), (j++)]): null

2019-08-10 23:59:31 - [TEST_STEP][PASSED] - symbol = symbol: null

2019-08-10 23:59:31 - [TEST_STEP][PASSED] - println(symbol): null

2019-08-10 23:59:31 - [TEST_STEP][PASSED] - if (i == 2 &amp;&amp; wildList.indexOf(symbol) != -1): null

2019-08-10 23:59:31 - [TEST_STEP][PASSED] - if (i == 3 &amp;&amp; wildList.indexOf(symbol) != -1): null

2019-08-10 23:59:31 - [TEST_STEP][PASSED] - if (i == 4 &amp;&amp; wildList.indexOf(symbol) != -1): null

2019-08-10 23:59:31 - [TEST_STEP][PASSED] - symbol = symbol: null

2019-08-10 23:59:31 - [TEST_STEP][PASSED] - println(symbol): null

2019-08-10 23:59:31 - [TEST_STEP][PASSED] - if (i == 2 &amp;&amp; wildList.indexOf(symbol) != -1): null

2019-08-10 23:59:31 - [TEST_STEP][PASSED] - if (i == 3 &amp;&amp; wildList.indexOf(symbol) != -1): null

2019-08-10 23:59:31 - [TEST_STEP][PASSED] - if (i == 4 &amp;&amp; wildList.indexOf(symbol) != -1): null

2019-08-10 23:59:31 - [TEST_STEP][PASSED] - symbol = symbol: null

2019-08-10 23:59:31 - [TEST_STEP][PASSED] - println(symbol): null

2019-08-10 23:59:31 - [TEST_STEP][PASSED] - if (i == 2 &amp;&amp; wildList.indexOf(symbol) != -1): null

2019-08-10 23:59:31 - [TEST_STEP][PASSED] - if (i == 3 &amp;&amp; wildList.indexOf(symbol) != -1): null

2019-08-10 23:59:31 - [TEST_STEP][PASSED] - if (i == 4 &amp;&amp; wildList.indexOf(symbol) != -1): null

2019-08-10 23:59:31 - [TEST_STEP][PASSED] - symbols = symbols: null

2019-08-10 23:59:31 - [TEST_STEP][PASSED] - for ([j = 0, j &lt; symbols.size(), (j++)]): null

2019-08-10 23:59:31 - [TEST_STEP][PASSED] - symbol = symbol: null

2019-08-10 23:59:31 - [TEST_STEP][PASSED] - println(symbol): null

2019-08-10 23:59:31 - [TEST_STEP][PASSED] - if (i == 2 &amp;&amp; wildList.indexOf(symbol) != -1): null

2019-08-10 23:59:31 - [TEST_STEP][PASSED] - if (i == 3 &amp;&amp; wildList.indexOf(symbol) != -1): null

2019-08-10 23:59:31 - [TEST_STEP][PASSED] - if (i == 4 &amp;&amp; wildList.indexOf(symbol) != -1): null

2019-08-10 23:59:31 - [TEST_STEP][PASSED] - symbol = symbol: null

2019-08-10 23:59:31 - [TEST_STEP][PASSED] - println(symbol): null

2019-08-10 23:59:31 - [TEST_STEP][PASSED] - if (i == 2 &amp;&amp; wildList.indexOf(symbol) != -1): null

2019-08-10 23:59:31 - [TEST_STEP][PASSED] - if (i == 3 &amp;&amp; wildList.indexOf(symbol) != -1): null

2019-08-10 23:59:31 - [TEST_STEP][PASSED] - if (i == 4 &amp;&amp; wildList.indexOf(symbol) != -1): null

2019-08-10 23:59:31 - [TEST_STEP][PASSED] - symbol = symbol: null

2019-08-10 23:59:31 - [TEST_STEP][PASSED] - println(symbol): null

2019-08-10 23:59:31 - [TEST_STEP][PASSED] - if (i == 2 &amp;&amp; wildList.indexOf(symbol) != -1): null

2019-08-10 23:59:31 - [TEST_STEP][PASSED] - if (i == 3 &amp;&amp; wildList.indexOf(symbol) != -1): null

2019-08-10 23:59:31 - [TEST_STEP][PASSED] - if (i == 4 &amp;&amp; wildList.indexOf(symbol) != -1): null

2019-08-10 23:59:31 - [TEST_STEP][PASSED] - symbols = symbols: null

2019-08-10 23:59:31 - [TEST_STEP][PASSED] - for ([j = 0, j &lt; symbols.size(), (j++)]): null

2019-08-10 23:59:31 - [TEST_STEP][PASSED] - symbol = symbol: null

2019-08-10 23:59:31 - [TEST_STEP][PASSED] - println(symbol): null

2019-08-10 23:59:31 - [TEST_STEP][PASSED] - if (i == 2 &amp;&amp; wildList.indexOf(symbol) != -1): null

2019-08-10 23:59:31 - [TEST_STEP][PASSED] - if (i == 3 &amp;&amp; wildList.indexOf(symbol) != -1): null

2019-08-10 23:59:31 - [TEST_STEP][PASSED] - if (i == 4 &amp;&amp; wildList.indexOf(symbol) != -1): null

2019-08-10 23:59:31 - [TEST_STEP][PASSED] - symbol = symbol: null

2019-08-10 23:59:31 - [TEST_STEP][PASSED] - println(symbol): null

2019-08-10 23:59:31 - [TEST_STEP][PASSED] - if (i == 2 &amp;&amp; wildList.indexOf(symbol) != -1): null

2019-08-10 23:59:31 - [TEST_STEP][PASSED] - if (i == 3 &amp;&amp; wildList.indexOf(symbol) != -1): null

2019-08-10 23:59:31 - [TEST_STEP][PASSED] - if (i == 4 &amp;&amp; wildList.indexOf(symbol) != -1): null

2019-08-10 23:59:31 - [TEST_STEP][PASSED] - symbol = symbol: null

2019-08-10 23:59:31 - [TEST_STEP][PASSED] - println(symbol): null

2019-08-10 23:59:31 - [TEST_STEP][PASSED] - if (i == 2 &amp;&amp; wildList.indexOf(symbol) != -1): null

2019-08-10 23:59:31 - [TEST_STEP][PASSED] - if (i == 3 &amp;&amp; wildList.indexOf(symbol) != -1): null

2019-08-10 23:59:31 - [TEST_STEP][PASSED] - println("wild found on reel 4, adding counter by 1"): null

2019-08-10 23:59:31 - [TEST_STEP][PASSED] - free_spin_reel_counter[1] = free_spin_reel_counter[1] + 1: null

2019-08-10 23:59:31 - [TEST_STEP][PASSED] - if (i == 4 &amp;&amp; wildList.indexOf(symbol) != -1): null

2019-08-10 23:59:31 - [TEST_STEP][PASSED] - symbols = symbols: null

2019-08-10 23:59:31 - [TEST_STEP][PASSED] - for ([j = 0, j &lt; symbols.size(), (j++)]): null

2019-08-10 23:59:31 - [TEST_STEP][PASSED] - symbol = symbol: null

2019-08-10 23:59:31 - [TEST_STEP][PASSED] - println(symbol): null

2019-08-10 23:59:31 - [TEST_STEP][PASSED] - if (i == 2 &amp;&amp; wildList.indexOf(symbol) != -1): null

2019-08-10 23:59:31 - [TEST_STEP][PASSED] - if (i == 3 &amp;&amp; wildList.indexOf(symbol) != -1): null

2019-08-10 23:59:31 - [TEST_STEP][PASSED] - if (i == 4 &amp;&amp; wildList.indexOf(symbol) != -1): null

2019-08-10 23:59:31 - [TEST_STEP][PASSED] - symbol = symbol: null

2019-08-10 23:59:31 - [TEST_STEP][PASSED] - println(symbol): null

2019-08-10 23:59:31 - [TEST_STEP][PASSED] - if (i == 2 &amp;&amp; wildList.indexOf(symbol) != -1): null

2019-08-10 23:59:31 - [TEST_STEP][PASSED] - if (i == 3 &amp;&amp; wildList.indexOf(symbol) != -1): null

2019-08-10 23:59:31 - [TEST_STEP][PASSED] - if (i == 4 &amp;&amp; wildList.indexOf(symbol) != -1): null

2019-08-10 23:59:31 - [TEST_STEP][PASSED] - symbol = symbol: null

2019-08-10 23:59:31 - [TEST_STEP][PASSED] - println(symbol): null

2019-08-10 23:59:31 - [TEST_STEP][PASSED] - if (i == 2 &amp;&amp; wildList.indexOf(symbol) != -1): null

2019-08-10 23:59:31 - [TEST_STEP][PASSED] - if (i == 3 &amp;&amp; wildList.indexOf(symbol) != -1): null

2019-08-10 23:59:31 - [TEST_STEP][PASSED] - if (i == 4 &amp;&amp; wildList.indexOf(symbol) != -1): null

2019-08-10 23:59:31 - [TEST_STEP][PASSED] - free_spin_reel_counter = free_spin_reel_counter: null

2019-08-10 23:59:31 - [TEST_STEP][PASSED] - println("reel 3 wild found: " + free_spin_reel_counter[0]): null

2019-08-10 23:59:31 - [TEST_STEP][PASSED] - println("reel 4 wild found: " + free_spin_reel_counter[1]): null

2019-08-10 23:59:31 - [TEST_STEP][PASSED] - println("reel 5 wild found: " + free_spin_reel_counter[2]): null

2019-08-10 23:59:31 - [TEST_STEP][PASSED] - M4_spin_reels = M4_spin_reels: null

2019-08-10 23:59:31 - [TEST_STEP][PASSED] - M4_spin_reels_symbols = symbol: null

2019-08-10 23:59:31 - [TEST_STEP][PASSED] - M4_spin_reels_symbols = M4_spin_reels_symbols: null

2019-08-10 23:59:31 - [TEST_STEP][PASSED] - M4_spin_reel_wins = reel_wins: null

2019-08-10 23:59:31 - [TEST_STEP][PASSED] - M4_spin_reel_wins = M4_spin_reel_wins: null

2019-08-10 23:59:31 - [TEST_STEP][PASSED] - println("GlobalVariable.M4_spin_reel_wins is: " + M4_spin_reel_wins): null

2019-08-10 23:59:31 - [TEST_STEP][PASSED] - M4_spin_total_bonus_win_this_round = total_bonus_win_this_round: null

2019-08-10 23:59:31 - [TEST_STEP][PASSED] - M4_spin_total_bonus_win_this_round = M4_spin_total_bonus_win_this_round: null

2019-08-10 23:59:31 - [TEST_STEP][PASSED] - println("GlobalVariable.M4_spin_total_bonus_win_this_round is: " + M4_spin_total_bonus_win_this_round): null

2019-08-10 23:59:31 - [MESSAGE][PASSED] - Verify response successfully

2019-08-10 23:59:31 - [MESSAGE][PASSED] - Send request and verify the response successfully

2019-08-10 23:59:31 - [TEST_STEP][PASSED] - if (M4_total_bonus_spins_int != 0 &amp;&amp; M4_spin_reels_symbols[2].contains("WILD_Double") || M4_spin_reels_symbols[4].contains("WILD_Triple")): null

2019-08-10 23:59:35 - [TEST_STEP][PASSED] - free_spin_reel_counter = free_spin_reel_counter: null

2019-08-10 23:59:35 - [TEST_STEP][PASSED] - M4_spin_reels_symbols = M4_spin_reels_symbols: null

2019-08-10 23:59:35 - [TEST_STEP][PASSED] - M4_total_bonus_spins = M4_total_bonus_spins: null

2019-08-10 23:59:35 - [TEST_STEP][PASSED] - spin_result = sendRequestAndVerify(findTestObject("RGS(M4)/1_M4_spin", ["M4_login_user_id":M4_login_user_id, "rgs_session_token":rgs_session_token, "partner":Partner])): Send request and verify the response successfully

2019-08-10 23:59:35 - [TEST_CASE][PASSED] - Start Test Case : Verification: Verification accomplished successfully

2019-08-10 23:59:35 - [TEST_STEP][PASSED] - request = getInstance().getCurrentRequest(): null

2019-08-10 23:59:36 - [TEST_STEP][PASSED] - response = getInstance().getCurrentResponse(): null

2019-08-10 23:59:36 - [TEST_STEP][PASSED] - verifyResponseStatusCode(response, 200): Verify response status code successfully

2019-08-10 23:59:36 - [MESSAGE][PASSED] - Verify response status code successfully

2019-08-10 23:59:36 - [TEST_STEP][PASSED] - getStatusCode()).isEqualTo(200): null

2019-08-10 23:59:36 - [TEST_STEP][PASSED] - newline = System.getProperty("line.separator"): null

2019-08-10 23:59:40 - [TEST_STEP][PASSED] - M4_spin = new groovy.json.JsonSlurper(): null

2019-08-10 23:59:40 - [TEST_STEP][PASSED] - result_M4_spin = M4_spin.parseText(response.getResponseBodyContent()): null

2019-08-10 23:59:40 - [TEST_STEP][PASSED] - M4_spin_current_balance = current_balance: null

2019-08-10 23:59:40 - [TEST_STEP][PASSED] - M4_spin_current_balance = M4_spin_current_balance: null

2019-08-10 23:59:40 - [TEST_STEP][PASSED] - M4_spin_transaction_id = causality: null

2019-08-10 23:59:40 - [TEST_STEP][PASSED] - M4_spin_transaction_id = M4_spin_transaction_id: null

2019-08-10 23:59:46 - [TEST_STEP][PASSED] - M4_spin_round_id = round_id: null

2019-08-10 23:59:46 - [TEST_STEP][PASSED] - M4_spin_round_id = M4_spin_round_id: null

2019-08-10 23:59:46 - [TEST_STEP][PASSED] - M4_spin_line_wins = line_wins: null

2019-08-10 23:59:46 - [TEST_STEP][PASSED] - M4_spin_line_wins = M4_spin_line_wins: null

2019-08-10 23:59:46 - [TEST_STEP][PASSED] - M4_total_bonus_spins_int = total_bonus_spins: null

2019-08-10 23:59:46 - [TEST_STEP][PASSED] - println("******M4_total_bonus_spins type is:*******" + newline + getClass().getName()): null

2019-08-10 23:59:46 - [TEST_STEP][PASSED] - M4_total_bonus_spins_int = M4_total_bonus_spins_int: null

2019-08-10 23:59:46 - [TEST_STEP][PASSED] - M4_total_bonus_spins = Integer.toString(M4_total_bonus_spins_int): null

2019-08-10 23:59:46 - [TEST_STEP][PASSED] - M4_total_bonus_spins = M4_total_bonus_spins: null

2019-08-10 23:59:46 - [TEST_STEP][PASSED] - println("M4_total_bonus_spins is:" + M4_total_bonus_spins): null

2019-08-10 23:59:46 - [TEST_STEP][PASSED] - M4_spin_bonus_data = bonus_data: null

2019-08-10 23:59:46 - [TEST_STEP][PASSED] - M4_spin_features_triggered = result_M4_spin: null

2019-08-10 23:59:46 - [TEST_STEP][PASSED] - wild = []: null

2019-08-10 23:59:46 - [TEST_STEP][PASSED] - wild[0] = "WILD_Expanding": null

2019-08-10 23:59:46 - [TEST_STEP][PASSED] - wild[1] = "WILD_Normal": null

2019-08-10 23:59:46 - [TEST_STEP][PASSED] - wild[2] = "WILD_Double": null

2019-08-10 23:59:46 - [TEST_STEP][PASSED] - wild[3] = "WILD_ExtraFG": null

2019-08-10 23:59:46 - [TEST_STEP][PASSED] - wild[4] = "WILD_Triple": null

2019-08-10 23:59:46 - [TEST_STEP][PASSED] - wildList = Arrays.asList(wild): null

2019-08-10 23:59:46 - [TEST_STEP][PASSED] - wildList = wildList: null

2019-08-10 23:59:46 - [TEST_STEP][PASSED] - free_spin_reel_counter = []: null

2019-08-10 23:59:46 - [TEST_STEP][PASSED] - free_spin_reel_counter[0] = 0: null

2019-08-10 23:59:46 - [TEST_STEP][PASSED] - free_spin_reel_counter[1] = 0: null

2019-08-10 23:59:46 - [TEST_STEP][PASSED] - free_spin_reel_counter[2] = 0: null

2019-08-10 23:59:46 - [TEST_STEP][PASSED] - M4_spin_reels = reels: null

2019-08-10 23:59:46 - [TEST_STEP][PASSED] - for ([i = 0, i &lt; M4_spin_reels.size(), (i++)]): null

2019-08-10 23:59:46 - [TEST_STEP][PASSED] - symbols = symbols: null

2019-08-10 23:59:46 - [TEST_STEP][PASSED] - for ([j = 0, j &lt; symbols.size(), (j++)]): null

2019-08-10 23:59:46 - [TEST_STEP][PASSED] - symbol = symbol: null

2019-08-10 23:59:46 - [TEST_STEP][PASSED] - println(symbol): null

2019-08-10 23:59:46 - [TEST_STEP][PASSED] - if (i == 2 &amp;&amp; wildList.indexOf(symbol) != -1): null

2019-08-10 23:59:46 - [TEST_STEP][PASSED] - if (i == 3 &amp;&amp; wildList.indexOf(symbol) != -1): null

2019-08-10 23:59:46 - [TEST_STEP][PASSED] - if (i == 4 &amp;&amp; wildList.indexOf(symbol) != -1): null

2019-08-10 23:59:46 - [TEST_STEP][PASSED] - symbol = symbol: null

2019-08-10 23:59:46 - [TEST_STEP][PASSED] - println(symbol): null

2019-08-10 23:59:46 - [TEST_STEP][PASSED] - if (i == 2 &amp;&amp; wildList.indexOf(symbol) != -1): null

2019-08-10 23:59:46 - [TEST_STEP][PASSED] - if (i == 3 &amp;&amp; wildList.indexOf(symbol) != -1): null

2019-08-10 23:59:46 - [TEST_STEP][PASSED] - if (i == 4 &amp;&amp; wildList.indexOf(symbol) != -1): null

2019-08-10 23:59:46 - [TEST_STEP][PASSED] - symbol = symbol: null

2019-08-10 23:59:46 - [TEST_STEP][PASSED] - println(symbol): null

2019-08-10 23:59:46 - [TEST_STEP][PASSED] - if (i == 2 &amp;&amp; wildList.indexOf(symbol) != -1): null

2019-08-10 23:59:46 - [TEST_STEP][PASSED] - if (i == 3 &amp;&amp; wildList.indexOf(symbol) != -1): null

2019-08-10 23:59:46 - [TEST_STEP][PASSED] - if (i == 4 &amp;&amp; wildList.indexOf(symbol) != -1): null

2019-08-10 23:59:46 - [TEST_STEP][PASSED] - symbols = symbols: null

2019-08-10 23:59:46 - [TEST_STEP][PASSED] - for ([j = 0, j &lt; symbols.size(), (j++)]): null

2019-08-10 23:59:46 - [TEST_STEP][PASSED] - symbol = symbol: null

2019-08-10 23:59:46 - [TEST_STEP][PASSED] - println(symbol): null

2019-08-10 23:59:46 - [TEST_STEP][PASSED] - if (i == 2 &amp;&amp; wildList.indexOf(symbol) != -1): null

2019-08-10 23:59:46 - [TEST_STEP][PASSED] - if (i == 3 &amp;&amp; wildList.indexOf(symbol) != -1): null

2019-08-10 23:59:46 - [TEST_STEP][PASSED] - if (i == 4 &amp;&amp; wildList.indexOf(symbol) != -1): null

2019-08-10 23:59:46 - [TEST_STEP][PASSED] - symbol = symbol: null

2019-08-10 23:59:46 - [TEST_STEP][PASSED] - println(symbol): null

2019-08-10 23:59:46 - [TEST_STEP][PASSED] - if (i == 2 &amp;&amp; wildList.indexOf(symbol) != -1): null

2019-08-10 23:59:46 - [TEST_STEP][PASSED] - if (i == 3 &amp;&amp; wildList.indexOf(symbol) != -1): null

2019-08-10 23:59:46 - [TEST_STEP][PASSED] - if (i == 4 &amp;&amp; wildList.indexOf(symbol) != -1): null

2019-08-10 23:59:46 - [TEST_STEP][PASSED] - symbol = symbol: null

2019-08-10 23:59:46 - [TEST_STEP][PASSED] - println(symbol): null

2019-08-10 23:59:46 - [TEST_STEP][PASSED] - if (i == 2 &amp;&amp; wildList.indexOf(symbol) != -1): null

2019-08-10 23:59:46 - [TEST_STEP][PASSED] - if (i == 3 &amp;&amp; wildList.indexOf(symbol) != -1): null

2019-08-10 23:59:46 - [TEST_STEP][PASSED] - if (i == 4 &amp;&amp; wildList.indexOf(symbol) != -1): null

2019-08-10 23:59:46 - [TEST_STEP][PASSED] - symbols = symbols: null

2019-08-10 23:59:46 - [TEST_STEP][PASSED] - for ([j = 0, j &lt; symbols.size(), (j++)]): null

2019-08-10 23:59:46 - [TEST_STEP][PASSED] - symbol = symbol: null

2019-08-10 23:59:46 - [TEST_STEP][PASSED] - println(symbol): null

2019-08-10 23:59:46 - [TEST_STEP][PASSED] - if (i == 2 &amp;&amp; wildList.indexOf(symbol) != -1): null

2019-08-10 23:59:46 - [TEST_STEP][PASSED] - if (i == 3 &amp;&amp; wildList.indexOf(symbol) != -1): null

2019-08-10 23:59:46 - [TEST_STEP][PASSED] - if (i == 4 &amp;&amp; wildList.indexOf(symbol) != -1): null

2019-08-10 23:59:46 - [TEST_STEP][PASSED] - symbol = symbol: null

2019-08-10 23:59:46 - [TEST_STEP][PASSED] - println(symbol): null

2019-08-10 23:59:46 - [TEST_STEP][PASSED] - if (i == 2 &amp;&amp; wildList.indexOf(symbol) != -1): null

2019-08-10 23:59:46 - [TEST_STEP][PASSED] - if (i == 3 &amp;&amp; wildList.indexOf(symbol) != -1): null

2019-08-10 23:59:46 - [TEST_STEP][PASSED] - if (i == 4 &amp;&amp; wildList.indexOf(symbol) != -1): null

2019-08-10 23:59:46 - [TEST_STEP][PASSED] - symbol = symbol: null

2019-08-10 23:59:46 - [TEST_STEP][PASSED] - println(symbol): null

2019-08-10 23:59:46 - [TEST_STEP][PASSED] - if (i == 2 &amp;&amp; wildList.indexOf(symbol) != -1): null

2019-08-10 23:59:46 - [TEST_STEP][PASSED] - if (i == 3 &amp;&amp; wildList.indexOf(symbol) != -1): null

2019-08-10 23:59:46 - [TEST_STEP][PASSED] - if (i == 4 &amp;&amp; wildList.indexOf(symbol) != -1): null

2019-08-10 23:59:46 - [TEST_STEP][PASSED] - symbols = symbols: null

2019-08-10 23:59:46 - [TEST_STEP][PASSED] - for ([j = 0, j &lt; symbols.size(), (j++)]): null

2019-08-10 23:59:46 - [TEST_STEP][PASSED] - symbol = symbol: null

2019-08-10 23:59:46 - [TEST_STEP][PASSED] - println(symbol): null

2019-08-10 23:59:46 - [TEST_STEP][PASSED] - if (i == 2 &amp;&amp; wildList.indexOf(symbol) != -1): null

2019-08-10 23:59:46 - [TEST_STEP][PASSED] - if (i == 3 &amp;&amp; wildList.indexOf(symbol) != -1): null

2019-08-10 23:59:46 - [TEST_STEP][PASSED] - if (i == 4 &amp;&amp; wildList.indexOf(symbol) != -1): null

2019-08-10 23:59:46 - [TEST_STEP][PASSED] - symbol = symbol: null

2019-08-10 23:59:46 - [TEST_STEP][PASSED] - println(symbol): null

2019-08-10 23:59:46 - [TEST_STEP][PASSED] - if (i == 2 &amp;&amp; wildList.indexOf(symbol) != -1): null

2019-08-10 23:59:46 - [TEST_STEP][PASSED] - if (i == 3 &amp;&amp; wildList.indexOf(symbol) != -1): null

2019-08-10 23:59:46 - [TEST_STEP][PASSED] - if (i == 4 &amp;&amp; wildList.indexOf(symbol) != -1): null

2019-08-10 23:59:46 - [TEST_STEP][PASSED] - symbol = symbol: null

2019-08-10 23:59:46 - [TEST_STEP][PASSED] - println(symbol): null

2019-08-10 23:59:46 - [TEST_STEP][PASSED] - if (i == 2 &amp;&amp; wildList.indexOf(symbol) != -1): null

2019-08-10 23:59:46 - [TEST_STEP][PASSED] - if (i == 3 &amp;&amp; wildList.indexOf(symbol) != -1): null

2019-08-10 23:59:46 - [TEST_STEP][PASSED] - if (i == 4 &amp;&amp; wildList.indexOf(symbol) != -1): null

2019-08-10 23:59:46 - [TEST_STEP][PASSED] - symbols = symbols: null

2019-08-10 23:59:46 - [TEST_STEP][PASSED] - for ([j = 0, j &lt; symbols.size(), (j++)]): null

2019-08-10 23:59:46 - [TEST_STEP][PASSED] - symbol = symbol: null

2019-08-10 23:59:46 - [TEST_STEP][PASSED] - println(symbol): null

2019-08-10 23:59:46 - [TEST_STEP][PASSED] - if (i == 2 &amp;&amp; wildList.indexOf(symbol) != -1): null

2019-08-10 23:59:46 - [TEST_STEP][PASSED] - if (i == 3 &amp;&amp; wildList.indexOf(symbol) != -1): null

2019-08-10 23:59:46 - [TEST_STEP][PASSED] - if (i == 4 &amp;&amp; wildList.indexOf(symbol) != -1): null

2019-08-10 23:59:46 - [TEST_STEP][PASSED] - symbol = symbol: null

2019-08-10 23:59:46 - [TEST_STEP][PASSED] - println(symbol): null

2019-08-10 23:59:46 - [TEST_STEP][PASSED] - if (i == 2 &amp;&amp; wildList.indexOf(symbol) != -1): null

2019-08-10 23:59:46 - [TEST_STEP][PASSED] - if (i == 3 &amp;&amp; wildList.indexOf(symbol) != -1): null

2019-08-10 23:59:46 - [TEST_STEP][PASSED] - if (i == 4 &amp;&amp; wildList.indexOf(symbol) != -1): null

2019-08-10 23:59:46 - [TEST_STEP][PASSED] - symbol = symbol: null

2019-08-10 23:59:46 - [TEST_STEP][PASSED] - println(symbol): null

2019-08-10 23:59:46 - [TEST_STEP][PASSED] - if (i == 2 &amp;&amp; wildList.indexOf(symbol) != -1): null

2019-08-10 23:59:46 - [TEST_STEP][PASSED] - if (i == 3 &amp;&amp; wildList.indexOf(symbol) != -1): null

2019-08-10 23:59:46 - [TEST_STEP][PASSED] - if (i == 4 &amp;&amp; wildList.indexOf(symbol) != -1): null

2019-08-10 23:59:46 - [TEST_STEP][PASSED] - free_spin_reel_counter = free_spin_reel_counter: null

2019-08-10 23:59:46 - [TEST_STEP][PASSED] - println("reel 3 wild found: " + free_spin_reel_counter[0]): null

2019-08-10 23:59:46 - [TEST_STEP][PASSED] - println("reel 4 wild found: " + free_spin_reel_counter[1]): null

2019-08-10 23:59:46 - [TEST_STEP][PASSED] - println("reel 5 wild found: " + free_spin_reel_counter[2]): null

2019-08-10 23:59:46 - [TEST_STEP][PASSED] - M4_spin_reels = M4_spin_reels: null

2019-08-10 23:59:46 - [TEST_STEP][PASSED] - M4_spin_reels_symbols = symbol: null

2019-08-10 23:59:46 - [TEST_STEP][PASSED] - M4_spin_reels_symbols = M4_spin_reels_symbols: null

2019-08-10 23:59:46 - [TEST_STEP][PASSED] - M4_spin_reel_wins = reel_wins: null

2019-08-10 23:59:46 - [TEST_STEP][PASSED] - M4_spin_reel_wins = M4_spin_reel_wins: null

2019-08-10 23:59:46 - [TEST_STEP][PASSED] - println("GlobalVariable.M4_spin_reel_wins is: " + M4_spin_reel_wins): null

2019-08-10 23:59:46 - [TEST_STEP][PASSED] - M4_spin_total_bonus_win_this_round = total_bonus_win_this_round: null

2019-08-10 23:59:46 - [TEST_STEP][PASSED] - M4_spin_total_bonus_win_this_round = M4_spin_total_bonus_win_this_round: null

2019-08-10 23:59:46 - [TEST_STEP][PASSED] - println("GlobalVariable.M4_spin_total_bonus_win_this_round is: " + M4_spin_total_bonus_win_this_round): null

2019-08-10 23:59:46 - [MESSAGE][PASSED] - Verify response successfully

2019-08-10 23:59:46 - [MESSAGE][PASSED] - Send request and verify the response successfully

2019-08-10 23:59:46 - [TEST_STEP][PASSED] - if (M4_total_bonus_spins_int != 0 &amp;&amp; M4_spin_reels_symbols[2].contains("WILD_Double") || M4_spin_reels_symbols[4].contains("WILD_Triple")): null

2019-08-10 23:59:46 - [TEST_STEP][PASSED] - free_spin_reel_counter = free_spin_reel_counter: null

2019-08-10 23:59:46 - [TEST_STEP][PASSED] - M4_spin_reels_symbols = M4_spin_reels_symbols: null

2019-08-10 23:59:46 - [TEST_STEP][PASSED] - M4_total_bonus_spins = M4_total_bonus_spins: null

2019-08-10 23:59:46 - [TEST_STEP][PASSED] - spin_result = sendRequestAndVerify(findTestObject("RGS(M4)/1_M4_spin", ["M4_login_user_id":M4_login_user_id, "rgs_session_token":rgs_session_token, "partner":Partner])): Send request and verify the response successfully

2019-08-10 23:59:46 - [TEST_CASE][PASSED] - Start Test Case : Verification: Verification accomplished successfully

2019-08-10 23:59:46 - [TEST_STEP][PASSED] - request = getInstance().getCurrentRequest(): null

2019-08-10 23:59:46 - [TEST_STEP][PASSED] - response = getInstance().getCurrentResponse(): null

2019-08-10 23:59:46 - [TEST_STEP][PASSED] - verifyResponseStatusCode(response, 200): Verify response status code successfully

2019-08-10 23:59:46 - [MESSAGE][PASSED] - Verify response status code successfully

2019-08-10 23:59:46 - [TEST_STEP][PASSED] - getStatusCode()).isEqualTo(200): null

2019-08-10 23:59:46 - [TEST_STEP][PASSED] - newline = System.getProperty("line.separator"): null

2019-08-10 23:59:46 - [TEST_STEP][PASSED] - M4_spin = new groovy.json.JsonSlurper(): null

2019-08-10 23:59:46 - [TEST_STEP][PASSED] - result_M4_spin = M4_spin.parseText(response.getResponseBodyContent()): null

2019-08-10 23:59:46 - [TEST_STEP][PASSED] - M4_spin_current_balance = current_balance: null

2019-08-10 23:59:46 - [TEST_STEP][PASSED] - M4_spin_current_balance = M4_spin_current_balance: null

2019-08-10 23:59:46 - [TEST_STEP][PASSED] - M4_spin_transaction_id = causality: null

2019-08-10 23:59:46 - [TEST_STEP][PASSED] - M4_spin_transaction_id = M4_spin_transaction_id: null

2019-08-10 23:59:46 - [TEST_STEP][PASSED] - M4_spin_round_id = round_id: null

2019-08-10 23:59:46 - [TEST_STEP][PASSED] - M4_spin_round_id = M4_spin_round_id: null

2019-08-10 23:59:46 - [TEST_STEP][PASSED] - M4_spin_line_wins = line_wins: null

2019-08-10 23:59:46 - [TEST_STEP][PASSED] - M4_spin_line_wins = M4_spin_line_wins: null

2019-08-10 23:59:46 - [TEST_STEP][PASSED] - M4_total_bonus_spins_int = total_bonus_spins: null

2019-08-10 23:59:46 - [TEST_STEP][PASSED] - println("******M4_total_bonus_spins type is:*******" + newline + getClass().getName()): null

2019-08-10 23:59:46 - [TEST_STEP][PASSED] - M4_total_bonus_spins_int = M4_total_bonus_spins_int: null

2019-08-10 23:59:46 - [TEST_STEP][PASSED] - M4_total_bonus_spins = Integer.toString(M4_total_bonus_spins_int): null

2019-08-10 23:59:46 - [TEST_STEP][PASSED] - M4_total_bonus_spins = M4_total_bonus_spins: null

2019-08-10 23:59:46 - [TEST_STEP][PASSED] - println("M4_total_bonus_spins is:" + M4_total_bonus_spins): null

2019-08-10 23:59:46 - [TEST_STEP][PASSED] - M4_spin_bonus_data = bonus_data: null

2019-08-10 23:59:46 - [TEST_STEP][PASSED] - M4_spin_features_triggered = result_M4_spin: null

2019-08-10 23:59:46 - [TEST_STEP][PASSED] - wild = []: null

2019-08-10 23:59:46 - [TEST_STEP][PASSED] - wild[0] = "WILD_Expanding": null

2019-08-10 23:59:46 - [TEST_STEP][PASSED] - wild[1] = "WILD_Normal": null

2019-08-10 23:59:46 - [TEST_STEP][PASSED] - wild[2] = "WILD_Double": null

2019-08-10 23:59:46 - [TEST_STEP][PASSED] - wild[3] = "WILD_ExtraFG": null

2019-08-10 23:59:46 - [TEST_STEP][PASSED] - wild[4] = "WILD_Triple": null

2019-08-10 23:59:46 - [TEST_STEP][PASSED] - wildList = Arrays.asList(wild): null

2019-08-10 23:59:46 - [TEST_STEP][PASSED] - wildList = wildList: null

2019-08-10 23:59:46 - [TEST_STEP][PASSED] - free_spin_reel_counter = []: null

2019-08-10 23:59:46 - [TEST_STEP][PASSED] - free_spin_reel_counter[0] = 0: null

2019-08-10 23:59:46 - [TEST_STEP][PASSED] - free_spin_reel_counter[1] = 0: null

2019-08-10 23:59:46 - [TEST_STEP][PASSED] - free_spin_reel_counter[2] = 0: null

2019-08-10 23:59:46 - [TEST_STEP][PASSED] - M4_spin_reels = reels: null

2019-08-10 23:59:46 - [TEST_STEP][PASSED] - for ([i = 0, i &lt; M4_spin_reels.size(), (i++)]): null

2019-08-10 23:59:46 - [TEST_STEP][PASSED] - symbols = symbols: null

2019-08-10 23:59:46 - [TEST_STEP][PASSED] - for ([j = 0, j &lt; symbols.size(), (j++)]): null

2019-08-10 23:59:46 - [TEST_STEP][PASSED] - symbol = symbol: null

2019-08-10 23:59:46 - [TEST_STEP][PASSED] - println(symbol): null

2019-08-10 23:59:46 - [TEST_STEP][PASSED] - if (i == 2 &amp;&amp; wildList.indexOf(symbol) != -1): null

2019-08-10 23:59:46 - [TEST_STEP][PASSED] - if (i == 3 &amp;&amp; wildList.indexOf(symbol) != -1): null

2019-08-10 23:59:46 - [TEST_STEP][PASSED] - if (i == 4 &amp;&amp; wildList.indexOf(symbol) != -1): null

2019-08-10 23:59:46 - [TEST_STEP][PASSED] - symbol = symbol: null

2019-08-10 23:59:46 - [TEST_STEP][PASSED] - println(symbol): null

2019-08-10 23:59:46 - [TEST_STEP][PASSED] - if (i == 2 &amp;&amp; wildList.indexOf(symbol) != -1): null

2019-08-10 23:59:46 - [TEST_STEP][PASSED] - if (i == 3 &amp;&amp; wildList.indexOf(symbol) != -1): null

2019-08-10 23:59:46 - [TEST_STEP][PASSED] - if (i == 4 &amp;&amp; wildList.indexOf(symbol) != -1): null

2019-08-10 23:59:46 - [TEST_STEP][PASSED] - symbol = symbol: null

2019-08-10 23:59:46 - [TEST_STEP][PASSED] - println(symbol): null

2019-08-10 23:59:46 - [TEST_STEP][PASSED] - if (i == 2 &amp;&amp; wildList.indexOf(symbol) != -1): null

2019-08-10 23:59:46 - [TEST_STEP][PASSED] - if (i == 3 &amp;&amp; wildList.indexOf(symbol) != -1): null

2019-08-10 23:59:46 - [TEST_STEP][PASSED] - if (i == 4 &amp;&amp; wildList.indexOf(symbol) != -1): null

2019-08-10 23:59:46 - [TEST_STEP][PASSED] - symbols = symbols: null

2019-08-10 23:59:46 - [TEST_STEP][PASSED] - for ([j = 0, j &lt; symbols.size(), (j++)]): null

2019-08-10 23:59:46 - [TEST_STEP][PASSED] - symbol = symbol: null

2019-08-10 23:59:46 - [TEST_STEP][PASSED] - println(symbol): null

2019-08-10 23:59:46 - [TEST_STEP][PASSED] - if (i == 2 &amp;&amp; wildList.indexOf(symbol) != -1): null

2019-08-10 23:59:46 - [TEST_STEP][PASSED] - if (i == 3 &amp;&amp; wildList.indexOf(symbol) != -1): null

2019-08-10 23:59:46 - [TEST_STEP][PASSED] - if (i == 4 &amp;&amp; wildList.indexOf(symbol) != -1): null

2019-08-10 23:59:46 - [TEST_STEP][PASSED] - symbol = symbol: null

2019-08-10 23:59:46 - [TEST_STEP][PASSED] - println(symbol): null

2019-08-10 23:59:46 - [TEST_STEP][PASSED] - if (i == 2 &amp;&amp; wildList.indexOf(symbol) != -1): null

2019-08-10 23:59:46 - [TEST_STEP][PASSED] - if (i == 3 &amp;&amp; wildList.indexOf(symbol) != -1): null

2019-08-10 23:59:46 - [TEST_STEP][PASSED] - if (i == 4 &amp;&amp; wildList.indexOf(symbol) != -1): null

2019-08-10 23:59:46 - [TEST_STEP][PASSED] - symbol = symbol: null

2019-08-10 23:59:46 - [TEST_STEP][PASSED] - println(symbol): null

2019-08-10 23:59:46 - [TEST_STEP][PASSED] - if (i == 2 &amp;&amp; wildList.indexOf(symbol) != -1): null

2019-08-10 23:59:46 - [TEST_STEP][PASSED] - if (i == 3 &amp;&amp; wildList.indexOf(symbol) != -1): null

2019-08-10 23:59:46 - [TEST_STEP][PASSED] - if (i == 4 &amp;&amp; wildList.indexOf(symbol) != -1): null

2019-08-10 23:59:46 - [TEST_STEP][PASSED] - symbols = symbols: null

2019-08-10 23:59:46 - [TEST_STEP][PASSED] - for ([j = 0, j &lt; symbols.size(), (j++)]): null

2019-08-10 23:59:46 - [TEST_STEP][PASSED] - symbol = symbol: null

2019-08-10 23:59:46 - [TEST_STEP][PASSED] - println(symbol): null

2019-08-10 23:59:46 - [TEST_STEP][PASSED] - if (i == 2 &amp;&amp; wildList.indexOf(symbol) != -1): null

2019-08-10 23:59:46 - [TEST_STEP][PASSED] - if (i == 3 &amp;&amp; wildList.indexOf(symbol) != -1): null

2019-08-10 23:59:46 - [TEST_STEP][PASSED] - if (i == 4 &amp;&amp; wildList.indexOf(symbol) != -1): null

2019-08-10 23:59:46 - [TEST_STEP][PASSED] - symbol = symbol: null

2019-08-10 23:59:46 - [TEST_STEP][PASSED] - println(symbol): null

2019-08-10 23:59:46 - [TEST_STEP][PASSED] - if (i == 2 &amp;&amp; wildList.indexOf(symbol) != -1): null

2019-08-10 23:59:46 - [TEST_STEP][PASSED] - if (i == 3 &amp;&amp; wildList.indexOf(symbol) != -1): null

2019-08-10 23:59:46 - [TEST_STEP][PASSED] - if (i == 4 &amp;&amp; wildList.indexOf(symbol) != -1): null

2019-08-10 23:59:46 - [TEST_STEP][PASSED] - symbol = symbol: null

2019-08-10 23:59:46 - [TEST_STEP][PASSED] - println(symbol): null

2019-08-10 23:59:46 - [TEST_STEP][PASSED] - if (i == 2 &amp;&amp; wildList.indexOf(symbol) != -1): null

2019-08-10 23:59:46 - [TEST_STEP][PASSED] - if (i == 3 &amp;&amp; wildList.indexOf(symbol) != -1): null

2019-08-10 23:59:46 - [TEST_STEP][PASSED] - if (i == 4 &amp;&amp; wildList.indexOf(symbol) != -1): null

2019-08-10 23:59:46 - [TEST_STEP][PASSED] - symbols = symbols: null

2019-08-10 23:59:46 - [TEST_STEP][PASSED] - for ([j = 0, j &lt; symbols.size(), (j++)]): null

2019-08-10 23:59:46 - [TEST_STEP][PASSED] - symbol = symbol: null

2019-08-10 23:59:46 - [TEST_STEP][PASSED] - println(symbol): null

2019-08-10 23:59:46 - [TEST_STEP][PASSED] - if (i == 2 &amp;&amp; wildList.indexOf(symbol) != -1): null

2019-08-10 23:59:46 - [TEST_STEP][PASSED] - if (i == 3 &amp;&amp; wildList.indexOf(symbol) != -1): null

2019-08-10 23:59:46 - [TEST_STEP][PASSED] - if (i == 4 &amp;&amp; wildList.indexOf(symbol) != -1): null

2019-08-10 23:59:46 - [TEST_STEP][PASSED] - symbol = symbol: null

2019-08-10 23:59:46 - [TEST_STEP][PASSED] - println(symbol): null

2019-08-10 23:59:46 - [TEST_STEP][PASSED] - if (i == 2 &amp;&amp; wildList.indexOf(symbol) != -1): null

2019-08-10 23:59:46 - [TEST_STEP][PASSED] - if (i == 3 &amp;&amp; wildList.indexOf(symbol) != -1): null

2019-08-10 23:59:46 - [TEST_STEP][PASSED] - if (i == 4 &amp;&amp; wildList.indexOf(symbol) != -1): null

2019-08-10 23:59:46 - [TEST_STEP][PASSED] - symbol = symbol: null

2019-08-10 23:59:46 - [TEST_STEP][PASSED] - println(symbol): null

2019-08-10 23:59:46 - [TEST_STEP][PASSED] - if (i == 2 &amp;&amp; wildList.indexOf(symbol) != -1): null

2019-08-10 23:59:46 - [TEST_STEP][PASSED] - if (i == 3 &amp;&amp; wildList.indexOf(symbol) != -1): null

2019-08-10 23:59:46 - [TEST_STEP][PASSED] - if (i == 4 &amp;&amp; wildList.indexOf(symbol) != -1): null

2019-08-10 23:59:46 - [TEST_STEP][PASSED] - symbols = symbols: null

2019-08-10 23:59:46 - [TEST_STEP][PASSED] - for ([j = 0, j &lt; symbols.size(), (j++)]): null

2019-08-10 23:59:46 - [TEST_STEP][PASSED] - symbol = symbol: null

2019-08-10 23:59:46 - [TEST_STEP][PASSED] - println(symbol): null

2019-08-10 23:59:46 - [TEST_STEP][PASSED] - if (i == 2 &amp;&amp; wildList.indexOf(symbol) != -1): null

2019-08-10 23:59:46 - [TEST_STEP][PASSED] - if (i == 3 &amp;&amp; wildList.indexOf(symbol) != -1): null

2019-08-10 23:59:46 - [TEST_STEP][PASSED] - if (i == 4 &amp;&amp; wildList.indexOf(symbol) != -1): null

2019-08-10 23:59:46 - [TEST_STEP][PASSED] - symbol = symbol: null

2019-08-10 23:59:46 - [TEST_STEP][PASSED] - println(symbol): null

2019-08-10 23:59:46 - [TEST_STEP][PASSED] - if (i == 2 &amp;&amp; wildList.indexOf(symbol) != -1): null

2019-08-10 23:59:46 - [TEST_STEP][PASSED] - if (i == 3 &amp;&amp; wildList.indexOf(symbol) != -1): null

2019-08-10 23:59:46 - [TEST_STEP][PASSED] - if (i == 4 &amp;&amp; wildList.indexOf(symbol) != -1): null

2019-08-10 23:59:46 - [TEST_STEP][PASSED] - symbol = symbol: null

2019-08-10 23:59:46 - [TEST_STEP][PASSED] - println(symbol): null

2019-08-10 23:59:46 - [TEST_STEP][PASSED] - if (i == 2 &amp;&amp; wildList.indexOf(symbol) != -1): null

2019-08-10 23:59:46 - [TEST_STEP][PASSED] - if (i == 3 &amp;&amp; wildList.indexOf(symbol) != -1): null

2019-08-10 23:59:46 - [TEST_STEP][PASSED] - if (i == 4 &amp;&amp; wildList.indexOf(symbol) != -1): null

2019-08-10 23:59:46 - [TEST_STEP][PASSED] - free_spin_reel_counter = free_spin_reel_counter: null

2019-08-10 23:59:46 - [TEST_STEP][PASSED] - println("reel 3 wild found: " + free_spin_reel_counter[0]): null

2019-08-10 23:59:46 - [TEST_STEP][PASSED] - println("reel 4 wild found: " + free_spin_reel_counter[1]): null

2019-08-10 23:59:46 - [TEST_STEP][PASSED] - println("reel 5 wild found: " + free_spin_reel_counter[2]): null

2019-08-10 23:59:46 - [TEST_STEP][PASSED] - M4_spin_reels = M4_spin_reels: null

2019-08-10 23:59:46 - [TEST_STEP][PASSED] - M4_spin_reels_symbols = symbol: null

2019-08-10 23:59:46 - [TEST_STEP][PASSED] - M4_spin_reels_symbols = M4_spin_reels_symbols: null

2019-08-10 23:59:46 - [TEST_STEP][PASSED] - M4_spin_reel_wins = reel_wins: null

2019-08-10 23:59:46 - [TEST_STEP][PASSED] - M4_spin_reel_wins = M4_spin_reel_wins: null

2019-08-10 23:59:46 - [TEST_STEP][PASSED] - println("GlobalVariable.M4_spin_reel_wins is: " + M4_spin_reel_wins): null

2019-08-10 23:59:46 - [TEST_STEP][PASSED] - M4_spin_total_bonus_win_this_round = total_bonus_win_this_round: null

2019-08-10 23:59:46 - [TEST_STEP][PASSED] - M4_spin_total_bonus_win_this_round = M4_spin_total_bonus_win_this_round: null

2019-08-10 23:59:46 - [TEST_STEP][PASSED] - println("GlobalVariable.M4_spin_total_bonus_win_this_round is: " + M4_spin_total_bonus_win_this_round): null

2019-08-10 23:59:46 - [MESSAGE][PASSED] - Verify response successfully

2019-08-10 23:59:46 - [MESSAGE][PASSED] - Send request and verify the response successfully

2019-08-10 23:59:46 - [TEST_STEP][PASSED] - if (M4_total_bonus_spins_int != 0 &amp;&amp; M4_spin_reels_symbols[2].contains("WILD_Double") || M4_spin_reels_symbols[4].contains("WILD_Triple")): null

2019-08-10 23:59:46 - [TEST_STEP][PASSED] - free_spin_reel_counter = free_spin_reel_counter: null

2019-08-10 23:59:46 - [TEST_STEP][PASSED] - M4_spin_reels_symbols = M4_spin_reels_symbols: null

2019-08-10 23:59:46 - [TEST_STEP][PASSED] - M4_total_bonus_spins = M4_total_bonus_spins: null

2019-08-10 23:59:46 - [TEST_STEP][PASSED] - spin_result = sendRequestAndVerify(findTestObject("RGS(M4)/1_M4_spin", ["M4_login_user_id":M4_login_user_id, "rgs_session_token":rgs_session_token, "partner":Partner])): Send request and verify the response successfully

2019-08-10 23:59:48 - [TEST_CASE][PASSED] - Start Test Case : Verification: Verification accomplished successfully

2019-08-10 23:59:48 - [TEST_STEP][PASSED] - request = getInstance().getCurrentRequest(): null

2019-08-10 23:59:48 - [TEST_STEP][PASSED] - response = getInstance().getCurrentResponse(): null

2019-08-10 23:59:48 - [TEST_STEP][PASSED] - verifyResponseStatusCode(response, 200): Verify response status code successfully

2019-08-10 23:59:48 - [MESSAGE][PASSED] - Verify response status code successfully

2019-08-10 23:59:48 - [TEST_STEP][PASSED] - getStatusCode()).isEqualTo(200): null

2019-08-10 23:59:48 - [TEST_STEP][PASSED] - newline = System.getProperty("line.separator"): null

2019-08-10 23:59:48 - [TEST_STEP][PASSED] - M4_spin = new groovy.json.JsonSlurper(): null

2019-08-10 23:59:48 - [TEST_STEP][PASSED] - result_M4_spin = M4_spin.parseText(response.getResponseBodyContent()): null

2019-08-10 23:59:48 - [TEST_STEP][PASSED] - M4_spin_current_balance = current_balance: null

2019-08-10 23:59:48 - [TEST_STEP][PASSED] - M4_spin_current_balance = M4_spin_current_balance: null

2019-08-10 23:59:48 - [TEST_STEP][PASSED] - M4_spin_transaction_id = causality: null

2019-08-10 23:59:48 - [TEST_STEP][PASSED] - M4_spin_transaction_id = M4_spin_transaction_id: null

2019-08-10 23:59:48 - [TEST_STEP][PASSED] - M4_spin_round_id = round_id: null

2019-08-10 23:59:48 - [TEST_STEP][PASSED] - M4_spin_round_id = M4_spin_round_id: null

2019-08-10 23:59:48 - [TEST_STEP][PASSED] - M4_spin_line_wins = line_wins: null

2019-08-10 23:59:48 - [TEST_STEP][PASSED] - M4_spin_line_wins = M4_spin_line_wins: null

2019-08-10 23:59:48 - [TEST_STEP][PASSED] - M4_total_bonus_spins_int = total_bonus_spins: null

2019-08-10 23:59:48 - [TEST_STEP][PASSED] - println("******M4_total_bonus_spins type is:*******" + newline + getClass().getName()): null

2019-08-10 23:59:48 - [TEST_STEP][PASSED] - M4_total_bonus_spins_int = M4_total_bonus_spins_int: null

2019-08-10 23:59:48 - [TEST_STEP][PASSED] - M4_total_bonus_spins = Integer.toString(M4_total_bonus_spins_int): null

2019-08-10 23:59:48 - [TEST_STEP][PASSED] - M4_total_bonus_spins = M4_total_bonus_spins: null

2019-08-10 23:59:48 - [TEST_STEP][PASSED] - println("M4_total_bonus_spins is:" + M4_total_bonus_spins): null

2019-08-10 23:59:48 - [TEST_STEP][PASSED] - M4_spin_bonus_data = bonus_data: null

2019-08-10 23:59:48 - [TEST_STEP][PASSED] - M4_spin_features_triggered = result_M4_spin: null

2019-08-10 23:59:48 - [TEST_STEP][PASSED] - wild = []: null

2019-08-10 23:59:48 - [TEST_STEP][PASSED] - wild[0] = "WILD_Expanding": null

2019-08-10 23:59:48 - [TEST_STEP][PASSED] - wild[1] = "WILD_Normal": null

2019-08-10 23:59:48 - [TEST_STEP][PASSED] - wild[2] = "WILD_Double": null

2019-08-10 23:59:48 - [TEST_STEP][PASSED] - wild[3] = "WILD_ExtraFG": null

2019-08-10 23:59:48 - [TEST_STEP][PASSED] - wild[4] = "WILD_Triple": null

2019-08-10 23:59:48 - [TEST_STEP][PASSED] - wildList = Arrays.asList(wild): null

2019-08-10 23:59:48 - [TEST_STEP][PASSED] - wildList = wildList: null

2019-08-10 23:59:48 - [TEST_STEP][PASSED] - free_spin_reel_counter = []: null

2019-08-10 23:59:48 - [TEST_STEP][PASSED] - free_spin_reel_counter[0] = 0: null

2019-08-10 23:59:48 - [TEST_STEP][PASSED] - free_spin_reel_counter[1] = 0: null

2019-08-10 23:59:48 - [TEST_STEP][PASSED] - free_spin_reel_counter[2] = 0: null

2019-08-10 23:59:48 - [TEST_STEP][PASSED] - M4_spin_reels = reels: null

2019-08-10 23:59:48 - [TEST_STEP][PASSED] - for ([i = 0, i &lt; M4_spin_reels.size(), (i++)]): null

2019-08-10 23:59:48 - [TEST_STEP][PASSED] - symbols = symbols: null

2019-08-10 23:59:48 - [TEST_STEP][PASSED] - for ([j = 0, j &lt; symbols.size(), (j++)]): null

2019-08-10 23:59:48 - [TEST_STEP][PASSED] - symbol = symbol: null

2019-08-10 23:59:48 - [TEST_STEP][PASSED] - println(symbol): null

2019-08-10 23:59:48 - [TEST_STEP][PASSED] - if (i == 2 &amp;&amp; wildList.indexOf(symbol) != -1): null

2019-08-10 23:59:48 - [TEST_STEP][PASSED] - if (i == 3 &amp;&amp; wildList.indexOf(symbol) != -1): null

2019-08-10 23:59:48 - [TEST_STEP][PASSED] - if (i == 4 &amp;&amp; wildList.indexOf(symbol) != -1): null

2019-08-10 23:59:48 - [TEST_STEP][PASSED] - symbol = symbol: null

2019-08-10 23:59:48 - [TEST_STEP][PASSED] - println(symbol): null

2019-08-10 23:59:48 - [TEST_STEP][PASSED] - if (i == 2 &amp;&amp; wildList.indexOf(symbol) != -1): null

2019-08-10 23:59:48 - [TEST_STEP][PASSED] - if (i == 3 &amp;&amp; wildList.indexOf(symbol) != -1): null

2019-08-10 23:59:48 - [TEST_STEP][PASSED] - if (i == 4 &amp;&amp; wildList.indexOf(symbol) != -1): null

2019-08-10 23:59:48 - [TEST_STEP][PASSED] - symbol = symbol: null

2019-08-10 23:59:48 - [TEST_STEP][PASSED] - println(symbol): null

2019-08-10 23:59:48 - [TEST_STEP][PASSED] - if (i == 2 &amp;&amp; wildList.indexOf(symbol) != -1): null

2019-08-10 23:59:48 - [TEST_STEP][PASSED] - if (i == 3 &amp;&amp; wildList.indexOf(symbol) != -1): null

2019-08-10 23:59:48 - [TEST_STEP][PASSED] - if (i == 4 &amp;&amp; wildList.indexOf(symbol) != -1): null

2019-08-10 23:59:48 - [TEST_STEP][PASSED] - symbols = symbols: null

2019-08-10 23:59:48 - [TEST_STEP][PASSED] - for ([j = 0, j &lt; symbols.size(), (j++)]): null

2019-08-10 23:59:48 - [TEST_STEP][PASSED] - symbol = symbol: null

2019-08-10 23:59:48 - [TEST_STEP][PASSED] - println(symbol): null

2019-08-10 23:59:48 - [TEST_STEP][PASSED] - if (i == 2 &amp;&amp; wildList.indexOf(symbol) != -1): null

2019-08-10 23:59:48 - [TEST_STEP][PASSED] - if (i == 3 &amp;&amp; wildList.indexOf(symbol) != -1): null

2019-08-10 23:59:48 - [TEST_STEP][PASSED] - if (i == 4 &amp;&amp; wildList.indexOf(symbol) != -1): null

2019-08-10 23:59:48 - [TEST_STEP][PASSED] - symbol = symbol: null

2019-08-10 23:59:48 - [TEST_STEP][PASSED] - println(symbol): null

2019-08-10 23:59:48 - [TEST_STEP][PASSED] - if (i == 2 &amp;&amp; wildList.indexOf(symbol) != -1): null

2019-08-10 23:59:48 - [TEST_STEP][PASSED] - if (i == 3 &amp;&amp; wildList.indexOf(symbol) != -1): null

2019-08-10 23:59:48 - [TEST_STEP][PASSED] - if (i == 4 &amp;&amp; wildList.indexOf(symbol) != -1): null

2019-08-10 23:59:48 - [TEST_STEP][PASSED] - symbol = symbol: null

2019-08-10 23:59:48 - [TEST_STEP][PASSED] - println(symbol): null

2019-08-10 23:59:48 - [TEST_STEP][PASSED] - if (i == 2 &amp;&amp; wildList.indexOf(symbol) != -1): null

2019-08-10 23:59:48 - [TEST_STEP][PASSED] - if (i == 3 &amp;&amp; wildList.indexOf(symbol) != -1): null

2019-08-10 23:59:48 - [TEST_STEP][PASSED] - if (i == 4 &amp;&amp; wildList.indexOf(symbol) != -1): null

2019-08-10 23:59:48 - [TEST_STEP][PASSED] - symbols = symbols: null

2019-08-10 23:59:48 - [TEST_STEP][PASSED] - for ([j = 0, j &lt; symbols.size(), (j++)]): null

2019-08-10 23:59:48 - [TEST_STEP][PASSED] - symbol = symbol: null

2019-08-10 23:59:48 - [TEST_STEP][PASSED] - println(symbol): null

2019-08-10 23:59:48 - [TEST_STEP][PASSED] - if (i == 2 &amp;&amp; wildList.indexOf(symbol) != -1): null

2019-08-10 23:59:48 - [TEST_STEP][PASSED] - if (i == 3 &amp;&amp; wildList.indexOf(symbol) != -1): null

2019-08-10 23:59:48 - [TEST_STEP][PASSED] - if (i == 4 &amp;&amp; wildList.indexOf(symbol) != -1): null

2019-08-10 23:59:48 - [TEST_STEP][PASSED] - symbol = symbol: null

2019-08-10 23:59:48 - [TEST_STEP][PASSED] - println(symbol): null

2019-08-10 23:59:48 - [TEST_STEP][PASSED] - if (i == 2 &amp;&amp; wildList.indexOf(symbol) != -1): null

2019-08-10 23:59:48 - [TEST_STEP][PASSED] - if (i == 3 &amp;&amp; wildList.indexOf(symbol) != -1): null

2019-08-10 23:59:48 - [TEST_STEP][PASSED] - if (i == 4 &amp;&amp; wildList.indexOf(symbol) != -1): null

2019-08-10 23:59:48 - [TEST_STEP][PASSED] - symbol = symbol: null

2019-08-10 23:59:48 - [TEST_STEP][PASSED] - println(symbol): null

2019-08-10 23:59:48 - [TEST_STEP][PASSED] - if (i == 2 &amp;&amp; wildList.indexOf(symbol) != -1): null

2019-08-10 23:59:48 - [TEST_STEP][PASSED] - if (i == 3 &amp;&amp; wildList.indexOf(symbol) != -1): null

2019-08-10 23:59:48 - [TEST_STEP][PASSED] - if (i == 4 &amp;&amp; wildList.indexOf(symbol) != -1): null

2019-08-10 23:59:48 - [TEST_STEP][PASSED] - symbols = symbols: null

2019-08-10 23:59:48 - [TEST_STEP][PASSED] - for ([j = 0, j &lt; symbols.size(), (j++)]): null

2019-08-10 23:59:48 - [TEST_STEP][PASSED] - symbol = symbol: null

2019-08-10 23:59:48 - [TEST_STEP][PASSED] - println(symbol): null

2019-08-10 23:59:48 - [TEST_STEP][PASSED] - if (i == 2 &amp;&amp; wildList.indexOf(symbol) != -1): null

2019-08-10 23:59:48 - [TEST_STEP][PASSED] - if (i == 3 &amp;&amp; wildList.indexOf(symbol) != -1): null

2019-08-10 23:59:48 - [TEST_STEP][PASSED] - if (i == 4 &amp;&amp; wildList.indexOf(symbol) != -1): null

2019-08-10 23:59:48 - [TEST_STEP][PASSED] - symbol = symbol: null

2019-08-10 23:59:48 - [TEST_STEP][PASSED] - println(symbol): null

2019-08-10 23:59:48 - [TEST_STEP][PASSED] - if (i == 2 &amp;&amp; wildList.indexOf(symbol) != -1): null

2019-08-10 23:59:48 - [TEST_STEP][PASSED] - if (i == 3 &amp;&amp; wildList.indexOf(symbol) != -1): null

2019-08-10 23:59:48 - [TEST_STEP][PASSED] - if (i == 4 &amp;&amp; wildList.indexOf(symbol) != -1): null

2019-08-10 23:59:48 - [TEST_STEP][PASSED] - symbol = symbol: null

2019-08-10 23:59:48 - [TEST_STEP][PASSED] - println(symbol): null

2019-08-10 23:59:48 - [TEST_STEP][PASSED] - if (i == 2 &amp;&amp; wildList.indexOf(symbol) != -1): null

2019-08-10 23:59:48 - [TEST_STEP][PASSED] - if (i == 3 &amp;&amp; wildList.indexOf(symbol) != -1): null

2019-08-10 23:59:48 - [TEST_STEP][PASSED] - if (i == 4 &amp;&amp; wildList.indexOf(symbol) != -1): null

2019-08-10 23:59:48 - [TEST_STEP][PASSED] - symbols = symbols: null

2019-08-10 23:59:48 - [TEST_STEP][PASSED] - for ([j = 0, j &lt; symbols.size(), (j++)]): null

2019-08-10 23:59:48 - [TEST_STEP][PASSED] - symbol = symbol: null

2019-08-10 23:59:48 - [TEST_STEP][PASSED] - println(symbol): null

2019-08-10 23:59:48 - [TEST_STEP][PASSED] - if (i == 2 &amp;&amp; wildList.indexOf(symbol) != -1): null

2019-08-10 23:59:48 - [TEST_STEP][PASSED] - if (i == 3 &amp;&amp; wildList.indexOf(symbol) != -1): null

2019-08-10 23:59:48 - [TEST_STEP][PASSED] - if (i == 4 &amp;&amp; wildList.indexOf(symbol) != -1): null

2019-08-10 23:59:48 - [TEST_STEP][PASSED] - symbol = symbol: null

2019-08-10 23:59:48 - [TEST_STEP][PASSED] - println(symbol): null

2019-08-10 23:59:48 - [TEST_STEP][PASSED] - if (i == 2 &amp;&amp; wildList.indexOf(symbol) != -1): null

2019-08-10 23:59:48 - [TEST_STEP][PASSED] - if (i == 3 &amp;&amp; wildList.indexOf(symbol) != -1): null

2019-08-10 23:59:48 - [TEST_STEP][PASSED] - if (i == 4 &amp;&amp; wildList.indexOf(symbol) != -1): null

2019-08-10 23:59:48 - [TEST_STEP][PASSED] - symbol = symbol: null

2019-08-10 23:59:48 - [TEST_STEP][PASSED] - println(symbol): null

2019-08-10 23:59:48 - [TEST_STEP][PASSED] - if (i == 2 &amp;&amp; wildList.indexOf(symbol) != -1): null

2019-08-10 23:59:48 - [TEST_STEP][PASSED] - if (i == 3 &amp;&amp; wildList.indexOf(symbol) != -1): null

2019-08-10 23:59:48 - [TEST_STEP][PASSED] - if (i == 4 &amp;&amp; wildList.indexOf(symbol) != -1): null

2019-08-10 23:59:48 - [TEST_STEP][PASSED] - free_spin_reel_counter = free_spin_reel_counter: null

2019-08-10 23:59:48 - [TEST_STEP][PASSED] - println("reel 3 wild found: " + free_spin_reel_counter[0]): null

2019-08-10 23:59:48 - [TEST_STEP][PASSED] - println("reel 4 wild found: " + free_spin_reel_counter[1]): null

2019-08-10 23:59:48 - [TEST_STEP][PASSED] - println("reel 5 wild found: " + free_spin_reel_counter[2]): null

2019-08-10 23:59:48 - [TEST_STEP][PASSED] - M4_spin_reels = M4_spin_reels: null

2019-08-10 23:59:48 - [TEST_STEP][PASSED] - M4_spin_reels_symbols = symbol: null

2019-08-10 23:59:48 - [TEST_STEP][PASSED] - M4_spin_reels_symbols = M4_spin_reels_symbols: null

2019-08-10 23:59:48 - [TEST_STEP][PASSED] - M4_spin_reel_wins = reel_wins: null

2019-08-10 23:59:48 - [TEST_STEP][PASSED] - M4_spin_reel_wins = M4_spin_reel_wins: null

2019-08-10 23:59:48 - [TEST_STEP][PASSED] - println("GlobalVariable.M4_spin_reel_wins is: " + M4_spin_reel_wins): null

2019-08-10 23:59:48 - [TEST_STEP][PASSED] - M4_spin_total_bonus_win_this_round = total_bonus_win_this_round: null

2019-08-10 23:59:48 - [TEST_STEP][PASSED] - M4_spin_total_bonus_win_this_round = M4_spin_total_bonus_win_this_round: null

2019-08-10 23:59:48 - [TEST_STEP][PASSED] - println("GlobalVariable.M4_spin_total_bonus_win_this_round is: " + M4_spin_total_bonus_win_this_round): null

2019-08-10 23:59:48 - [MESSAGE][PASSED] - Verify response successfully

2019-08-10 23:59:48 - [MESSAGE][PASSED] - Send request and verify the response successfully

2019-08-10 23:59:48 - [TEST_STEP][PASSED] - if (M4_total_bonus_spins_int != 0 &amp;&amp; M4_spin_reels_symbols[2].contains("WILD_Double") || M4_spin_reels_symbols[4].contains("WILD_Triple")): null

2019-08-10 23:59:48 - [TEST_STEP][PASSED] - free_spin_reel_counter = free_spin_reel_counter: null

2019-08-10 23:59:48 - [TEST_STEP][PASSED] - M4_spin_reels_symbols = M4_spin_reels_symbols: null

2019-08-10 23:59:48 - [TEST_STEP][PASSED] - M4_total_bonus_spins = M4_total_bonus_spins: null

2019-08-10 23:59:48 - [TEST_STEP][PASSED] - spin_result = sendRequestAndVerify(findTestObject("RGS(M4)/1_M4_spin", ["M4_login_user_id":M4_login_user_id, "rgs_session_token":rgs_session_token, "partner":Partner])): Send request and verify the response successfully

2019-08-10 23:59:48 - [TEST_CASE][PASSED] - Start Test Case : Verification: Verification accomplished successfully

2019-08-10 23:59:48 - [TEST_STEP][PASSED] - request = getInstance().getCurrentRequest(): null

2019-08-10 23:59:48 - [TEST_STEP][PASSED] - response = getInstance().getCurrentResponse(): null

2019-08-10 23:59:48 - [TEST_STEP][PASSED] - verifyResponseStatusCode(response, 200): Verify response status code successfully

2019-08-10 23:59:48 - [MESSAGE][PASSED] - Verify response status code successfully

2019-08-10 23:59:48 - [TEST_STEP][PASSED] - getStatusCode()).isEqualTo(200): null

2019-08-10 23:59:48 - [TEST_STEP][PASSED] - newline = System.getProperty("line.separator"): null

2019-08-10 23:59:48 - [TEST_STEP][PASSED] - M4_spin = new groovy.json.JsonSlurper(): null

2019-08-10 23:59:48 - [TEST_STEP][PASSED] - result_M4_spin = M4_spin.parseText(response.getResponseBodyContent()): null

2019-08-10 23:59:48 - [TEST_STEP][PASSED] - M4_spin_current_balance = current_balance: null

2019-08-10 23:59:48 - [TEST_STEP][PASSED] - M4_spin_current_balance = M4_spin_current_balance: null

2019-08-10 23:59:48 - [TEST_STEP][PASSED] - M4_spin_transaction_id = causality: null

2019-08-10 23:59:48 - [TEST_STEP][PASSED] - M4_spin_transaction_id = M4_spin_transaction_id: null

2019-08-10 23:59:48 - [TEST_STEP][PASSED] - M4_spin_round_id = round_id: null

2019-08-10 23:59:48 - [TEST_STEP][PASSED] - M4_spin_round_id = M4_spin_round_id: null

2019-08-10 23:59:48 - [TEST_STEP][PASSED] - M4_spin_line_wins = line_wins: null

2019-08-10 23:59:48 - [TEST_STEP][PASSED] - M4_spin_line_wins = M4_spin_line_wins: null

2019-08-10 23:59:48 - [TEST_STEP][PASSED] - M4_total_bonus_spins_int = total_bonus_spins: null

2019-08-10 23:59:48 - [TEST_STEP][PASSED] - println("******M4_total_bonus_spins type is:*******" + newline + getClass().getName()): null

2019-08-10 23:59:48 - [TEST_STEP][PASSED] - M4_total_bonus_spins_int = M4_total_bonus_spins_int: null

2019-08-10 23:59:48 - [TEST_STEP][PASSED] - M4_total_bonus_spins = Integer.toString(M4_total_bonus_spins_int): null

2019-08-10 23:59:48 - [TEST_STEP][PASSED] - M4_total_bonus_spins = M4_total_bonus_spins: null

2019-08-10 23:59:48 - [TEST_STEP][PASSED] - println("M4_total_bonus_spins is:" + M4_total_bonus_spins): null

2019-08-10 23:59:48 - [TEST_STEP][PASSED] - M4_spin_bonus_data = bonus_data: null

2019-08-10 23:59:48 - [TEST_STEP][PASSED] - M4_spin_features_triggered = result_M4_spin: null

2019-08-10 23:59:48 - [TEST_STEP][PASSED] - wild = []: null

2019-08-10 23:59:48 - [TEST_STEP][PASSED] - wild[0] = "WILD_Expanding": null

2019-08-10 23:59:48 - [TEST_STEP][PASSED] - wild[1] = "WILD_Normal": null

2019-08-10 23:59:48 - [TEST_STEP][PASSED] - wild[2] = "WILD_Double": null

2019-08-10 23:59:48 - [TEST_STEP][PASSED] - wild[3] = "WILD_ExtraFG": null

2019-08-10 23:59:48 - [TEST_STEP][PASSED] - wild[4] = "WILD_Triple": null

2019-08-10 23:59:48 - [TEST_STEP][PASSED] - wildList = Arrays.asList(wild): null

2019-08-10 23:59:48 - [TEST_STEP][PASSED] - wildList = wildList: null

2019-08-10 23:59:48 - [TEST_STEP][PASSED] - free_spin_reel_counter = []: null

2019-08-10 23:59:48 - [TEST_STEP][PASSED] - free_spin_reel_counter[0] = 0: null

2019-08-10 23:59:48 - [TEST_STEP][PASSED] - free_spin_reel_counter[1] = 0: null

2019-08-10 23:59:48 - [TEST_STEP][PASSED] - free_spin_reel_counter[2] = 0: null

2019-08-10 23:59:48 - [TEST_STEP][PASSED] - M4_spin_reels = reels: null

2019-08-10 23:59:48 - [TEST_STEP][PASSED] - for ([i = 0, i &lt; M4_spin_reels.size(), (i++)]): null

2019-08-10 23:59:48 - [TEST_STEP][PASSED] - symbols = symbols: null

2019-08-10 23:59:48 - [TEST_STEP][PASSED] - for ([j = 0, j &lt; symbols.size(), (j++)]): null

2019-08-10 23:59:48 - [TEST_STEP][PASSED] - symbol = symbol: null

2019-08-10 23:59:48 - [TEST_STEP][PASSED] - println(symbol): null

2019-08-10 23:59:48 - [TEST_STEP][PASSED] - if (i == 2 &amp;&amp; wildList.indexOf(symbol) != -1): null

2019-08-10 23:59:48 - [TEST_STEP][PASSED] - if (i == 3 &amp;&amp; wildList.indexOf(symbol) != -1): null

2019-08-10 23:59:48 - [TEST_STEP][PASSED] - if (i == 4 &amp;&amp; wildList.indexOf(symbol) != -1): null

2019-08-10 23:59:48 - [TEST_STEP][PASSED] - symbol = symbol: null

2019-08-10 23:59:48 - [TEST_STEP][PASSED] - println(symbol): null

2019-08-10 23:59:48 - [TEST_STEP][PASSED] - if (i == 2 &amp;&amp; wildList.indexOf(symbol) != -1): null

2019-08-10 23:59:48 - [TEST_STEP][PASSED] - if (i == 3 &amp;&amp; wildList.indexOf(symbol) != -1): null

2019-08-10 23:59:48 - [TEST_STEP][PASSED] - if (i == 4 &amp;&amp; wildList.indexOf(symbol) != -1): null

2019-08-10 23:59:48 - [TEST_STEP][PASSED] - symbol = symbol: null

2019-08-10 23:59:48 - [TEST_STEP][PASSED] - println(symbol): null

2019-08-10 23:59:48 - [TEST_STEP][PASSED] - if (i == 2 &amp;&amp; wildList.indexOf(symbol) != -1): null

2019-08-10 23:59:48 - [TEST_STEP][PASSED] - if (i == 3 &amp;&amp; wildList.indexOf(symbol) != -1): null

2019-08-10 23:59:48 - [TEST_STEP][PASSED] - if (i == 4 &amp;&amp; wildList.indexOf(symbol) != -1): null

2019-08-10 23:59:48 - [TEST_STEP][PASSED] - symbols = symbols: null

2019-08-10 23:59:48 - [TEST_STEP][PASSED] - for ([j = 0, j &lt; symbols.size(), (j++)]): null

2019-08-10 23:59:48 - [TEST_STEP][PASSED] - symbol = symbol: null

2019-08-10 23:59:48 - [TEST_STEP][PASSED] - println(symbol): null

2019-08-10 23:59:48 - [TEST_STEP][PASSED] - if (i == 2 &amp;&amp; wildList.indexOf(symbol) != -1): null

2019-08-10 23:59:48 - [TEST_STEP][PASSED] - if (i == 3 &amp;&amp; wildList.indexOf(symbol) != -1): null

2019-08-10 23:59:48 - [TEST_STEP][PASSED] - if (i == 4 &amp;&amp; wildList.indexOf(symbol) != -1): null

2019-08-10 23:59:48 - [TEST_STEP][PASSED] - symbol = symbol: null

2019-08-10 23:59:48 - [TEST_STEP][PASSED] - println(symbol): null

2019-08-10 23:59:48 - [TEST_STEP][PASSED] - if (i == 2 &amp;&amp; wildList.indexOf(symbol) != -1): null

2019-08-10 23:59:48 - [TEST_STEP][PASSED] - if (i == 3 &amp;&amp; wildList.indexOf(symbol) != -1): null

2019-08-10 23:59:48 - [TEST_STEP][PASSED] - if (i == 4 &amp;&amp; wildList.indexOf(symbol) != -1): null

2019-08-10 23:59:48 - [TEST_STEP][PASSED] - symbol = symbol: null

2019-08-10 23:59:48 - [TEST_STEP][PASSED] - println(symbol): null

2019-08-10 23:59:48 - [TEST_STEP][PASSED] - if (i == 2 &amp;&amp; wildList.indexOf(symbol) != -1): null

2019-08-10 23:59:48 - [TEST_STEP][PASSED] - if (i == 3 &amp;&amp; wildList.indexOf(symbol) != -1): null

2019-08-10 23:59:48 - [TEST_STEP][PASSED] - if (i == 4 &amp;&amp; wildList.indexOf(symbol) != -1): null

2019-08-10 23:59:48 - [TEST_STEP][PASSED] - symbols = symbols: null

2019-08-10 23:59:48 - [TEST_STEP][PASSED] - for ([j = 0, j &lt; symbols.size(), (j++)]): null

2019-08-10 23:59:48 - [TEST_STEP][PASSED] - symbol = symbol: null

2019-08-10 23:59:48 - [TEST_STEP][PASSED] - println(symbol): null

2019-08-10 23:59:48 - [TEST_STEP][PASSED] - if (i == 2 &amp;&amp; wildList.indexOf(symbol) != -1): null

2019-08-10 23:59:48 - [TEST_STEP][PASSED] - if (i == 3 &amp;&amp; wildList.indexOf(symbol) != -1): null

2019-08-10 23:59:48 - [TEST_STEP][PASSED] - if (i == 4 &amp;&amp; wildList.indexOf(symbol) != -1): null

2019-08-10 23:59:48 - [TEST_STEP][PASSED] - symbol = symbol: null

2019-08-10 23:59:48 - [TEST_STEP][PASSED] - println(symbol): null

2019-08-10 23:59:48 - [TEST_STEP][PASSED] - if (i == 2 &amp;&amp; wildList.indexOf(symbol) != -1): null

2019-08-10 23:59:48 - [TEST_STEP][PASSED] - if (i == 3 &amp;&amp; wildList.indexOf(symbol) != -1): null

2019-08-10 23:59:48 - [TEST_STEP][PASSED] - if (i == 4 &amp;&amp; wildList.indexOf(symbol) != -1): null

2019-08-10 23:59:48 - [TEST_STEP][PASSED] - symbol = symbol: null

2019-08-10 23:59:48 - [TEST_STEP][PASSED] - println(symbol): null

2019-08-10 23:59:48 - [TEST_STEP][PASSED] - if (i == 2 &amp;&amp; wildList.indexOf(symbol) != -1): null

2019-08-10 23:59:48 - [TEST_STEP][PASSED] - if (i == 3 &amp;&amp; wildList.indexOf(symbol) != -1): null

2019-08-10 23:59:48 - [TEST_STEP][PASSED] - if (i == 4 &amp;&amp; wildList.indexOf(symbol) != -1): null

2019-08-10 23:59:48 - [TEST_STEP][PASSED] - symbols = symbols: null

2019-08-10 23:59:48 - [TEST_STEP][PASSED] - for ([j = 0, j &lt; symbols.size(), (j++)]): null

2019-08-10 23:59:48 - [TEST_STEP][PASSED] - symbol = symbol: null

2019-08-10 23:59:48 - [TEST_STEP][PASSED] - println(symbol): null

2019-08-10 23:59:48 - [TEST_STEP][PASSED] - if (i == 2 &amp;&amp; wildList.indexOf(symbol) != -1): null

2019-08-10 23:59:48 - [TEST_STEP][PASSED] - if (i == 3 &amp;&amp; wildList.indexOf(symbol) != -1): null

2019-08-10 23:59:48 - [TEST_STEP][PASSED] - if (i == 4 &amp;&amp; wildList.indexOf(symbol) != -1): null

2019-08-10 23:59:48 - [TEST_STEP][PASSED] - symbol = symbol: null

2019-08-10 23:59:48 - [TEST_STEP][PASSED] - println(symbol): null

2019-08-10 23:59:48 - [TEST_STEP][PASSED] - if (i == 2 &amp;&amp; wildList.indexOf(symbol) != -1): null

2019-08-10 23:59:48 - [TEST_STEP][PASSED] - if (i == 3 &amp;&amp; wildList.indexOf(symbol) != -1): null

2019-08-10 23:59:48 - [TEST_STEP][PASSED] - if (i == 4 &amp;&amp; wildList.indexOf(symbol) != -1): null

2019-08-10 23:59:48 - [TEST_STEP][PASSED] - symbol = symbol: null

2019-08-10 23:59:48 - [TEST_STEP][PASSED] - println(symbol): null

2019-08-10 23:59:48 - [TEST_STEP][PASSED] - if (i == 2 &amp;&amp; wildList.indexOf(symbol) != -1): null

2019-08-10 23:59:48 - [TEST_STEP][PASSED] - if (i == 3 &amp;&amp; wildList.indexOf(symbol) != -1): null

2019-08-10 23:59:48 - [TEST_STEP][PASSED] - if (i == 4 &amp;&amp; wildList.indexOf(symbol) != -1): null

2019-08-10 23:59:48 - [TEST_STEP][PASSED] - symbols = symbols: null

2019-08-10 23:59:48 - [TEST_STEP][PASSED] - for ([j = 0, j &lt; symbols.size(), (j++)]): null

2019-08-10 23:59:48 - [TEST_STEP][PASSED] - symbol = symbol: null

2019-08-10 23:59:48 - [TEST_STEP][PASSED] - println(symbol): null

2019-08-10 23:59:48 - [TEST_STEP][PASSED] - if (i == 2 &amp;&amp; wildList.indexOf(symbol) != -1): null

2019-08-10 23:59:48 - [TEST_STEP][PASSED] - if (i == 3 &amp;&amp; wildList.indexOf(symbol) != -1): null

2019-08-10 23:59:48 - [TEST_STEP][PASSED] - if (i == 4 &amp;&amp; wildList.indexOf(symbol) != -1): null

2019-08-10 23:59:48 - [TEST_STEP][PASSED] - symbol = symbol: null

2019-08-10 23:59:48 - [TEST_STEP][PASSED] - println(symbol): null

2019-08-10 23:59:48 - [TEST_STEP][PASSED] - if (i == 2 &amp;&amp; wildList.indexOf(symbol) != -1): null

2019-08-10 23:59:48 - [TEST_STEP][PASSED] - if (i == 3 &amp;&amp; wildList.indexOf(symbol) != -1): null

2019-08-10 23:59:48 - [TEST_STEP][PASSED] - if (i == 4 &amp;&amp; wildList.indexOf(symbol) != -1): null

2019-08-10 23:59:48 - [TEST_STEP][PASSED] - symbol = symbol: null

2019-08-10 23:59:48 - [TEST_STEP][PASSED] - println(symbol): null

2019-08-10 23:59:48 - [TEST_STEP][PASSED] - if (i == 2 &amp;&amp; wildList.indexOf(symbol) != -1): null

2019-08-10 23:59:48 - [TEST_STEP][PASSED] - if (i == 3 &amp;&amp; wildList.indexOf(symbol) != -1): null

2019-08-10 23:59:48 - [TEST_STEP][PASSED] - if (i == 4 &amp;&amp; wildList.indexOf(symbol) != -1): null

2019-08-10 23:59:48 - [TEST_STEP][PASSED] - println("wild found on reel 5, adding counter by 1"): null

2019-08-10 23:59:48 - [TEST_STEP][PASSED] - free_spin_reel_counter[2] = free_spin_reel_counter[2] + 1: null

2019-08-10 23:59:48 - [TEST_STEP][PASSED] - free_spin_reel_counter = free_spin_reel_counter: null

2019-08-10 23:59:48 - [TEST_STEP][PASSED] - println("reel 3 wild found: " + free_spin_reel_counter[0]): null

2019-08-10 23:59:48 - [TEST_STEP][PASSED] - println("reel 4 wild found: " + free_spin_reel_counter[1]): null

2019-08-10 23:59:48 - [TEST_STEP][PASSED] - println("reel 5 wild found: " + free_spin_reel_counter[2]): null

2019-08-10 23:59:48 - [TEST_STEP][PASSED] - M4_spin_reels = M4_spin_reels: null

2019-08-10 23:59:48 - [TEST_STEP][PASSED] - M4_spin_reels_symbols = symbol: null

2019-08-10 23:59:48 - [TEST_STEP][PASSED] - M4_spin_reels_symbols = M4_spin_reels_symbols: null

2019-08-10 23:59:48 - [TEST_STEP][PASSED] - M4_spin_reel_wins = reel_wins: null

2019-08-10 23:59:48 - [TEST_STEP][PASSED] - M4_spin_reel_wins = M4_spin_reel_wins: null

2019-08-10 23:59:48 - [TEST_STEP][PASSED] - println("GlobalVariable.M4_spin_reel_wins is: " + M4_spin_reel_wins): null

2019-08-10 23:59:48 - [TEST_STEP][PASSED] - M4_spin_total_bonus_win_this_round = total_bonus_win_this_round: null

2019-08-10 23:59:48 - [TEST_STEP][PASSED] - M4_spin_total_bonus_win_this_round = M4_spin_total_bonus_win_this_round: null

2019-08-10 23:59:48 - [TEST_STEP][PASSED] - println("GlobalVariable.M4_spin_total_bonus_win_this_round is: " + M4_spin_total_bonus_win_this_round): null

2019-08-10 23:59:48 - [MESSAGE][PASSED] - Verify response successfully

2019-08-10 23:59:48 - [MESSAGE][PASSED] - Send request and verify the response successfully

2019-08-10 23:59:48 - [TEST_STEP][PASSED] - if (M4_total_bonus_spins_int != 0 &amp;&amp; M4_spin_reels_symbols[2].contains("WILD_Double") || M4_spin_reels_symbols[4].contains("WILD_Triple")): null

2019-08-10 23:59:48 - [TEST_STEP][PASSED] - free_spin_reel_counter = free_spin_reel_counter: null

2019-08-10 23:59:48 - [TEST_STEP][PASSED] - M4_spin_reels_symbols = M4_spin_reels_symbols: null

2019-08-10 23:59:48 - [TEST_STEP][PASSED] - M4_total_bonus_spins = M4_total_bonus_spins: null

2019-08-10 23:59:48 - [TEST_STEP][PASSED] - spin_result = sendRequestAndVerify(findTestObject("RGS(M4)/1_M4_spin", ["M4_login_user_id":M4_login_user_id, "rgs_session_token":rgs_session_token, "partner":Partner])): Send request and verify the response successfully

2019-08-10 23:59:49 - [TEST_CASE][PASSED] - Start Test Case : Verification: Verification accomplished successfully

2019-08-10 23:59:49 - [TEST_STEP][PASSED] - request = getInstance().getCurrentRequest(): null

2019-08-10 23:59:49 - [TEST_STEP][PASSED] - response = getInstance().getCurrentResponse(): null

2019-08-10 23:59:49 - [TEST_STEP][PASSED] - verifyResponseStatusCode(response, 200): Verify response status code successfully

2019-08-10 23:59:49 - [MESSAGE][PASSED] - Verify response status code successfully

2019-08-10 23:59:49 - [TEST_STEP][PASSED] - getStatusCode()).isEqualTo(200): null

2019-08-10 23:59:49 - [TEST_STEP][PASSED] - newline = System.getProperty("line.separator"): null

2019-08-10 23:59:49 - [TEST_STEP][PASSED] - M4_spin = new groovy.json.JsonSlurper(): null

2019-08-10 23:59:49 - [TEST_STEP][PASSED] - result_M4_spin = M4_spin.parseText(response.getResponseBodyContent()): null

2019-08-10 23:59:49 - [TEST_STEP][PASSED] - M4_spin_current_balance = current_balance: null

2019-08-10 23:59:49 - [TEST_STEP][PASSED] - M4_spin_current_balance = M4_spin_current_balance: null

2019-08-10 23:59:49 - [TEST_STEP][PASSED] - M4_spin_transaction_id = causality: null

2019-08-10 23:59:49 - [TEST_STEP][PASSED] - M4_spin_transaction_id = M4_spin_transaction_id: null

2019-08-10 23:59:49 - [TEST_STEP][PASSED] - M4_spin_round_id = round_id: null

2019-08-10 23:59:49 - [TEST_STEP][PASSED] - M4_spin_round_id = M4_spin_round_id: null

2019-08-10 23:59:49 - [TEST_STEP][PASSED] - M4_spin_line_wins = line_wins: null

2019-08-10 23:59:49 - [TEST_STEP][PASSED] - M4_spin_line_wins = M4_spin_line_wins: null

2019-08-10 23:59:49 - [TEST_STEP][PASSED] - M4_total_bonus_spins_int = total_bonus_spins: null

2019-08-10 23:59:49 - [TEST_STEP][PASSED] - println("******M4_total_bonus_spins type is:*******" + newline + getClass().getName()): null

2019-08-10 23:59:49 - [TEST_STEP][PASSED] - M4_total_bonus_spins_int = M4_total_bonus_spins_int: null

2019-08-10 23:59:49 - [TEST_STEP][PASSED] - M4_total_bonus_spins = Integer.toString(M4_total_bonus_spins_int): null

2019-08-10 23:59:49 - [TEST_STEP][PASSED] - M4_total_bonus_spins = M4_total_bonus_spins: null

2019-08-10 23:59:49 - [TEST_STEP][PASSED] - println("M4_total_bonus_spins is:" + M4_total_bonus_spins): null

2019-08-10 23:59:49 - [TEST_STEP][PASSED] - M4_spin_bonus_data = bonus_data: null

2019-08-10 23:59:49 - [TEST_STEP][PASSED] - M4_spin_features_triggered = result_M4_spin: null

2019-08-10 23:59:49 - [TEST_STEP][PASSED] - wild = []: null

2019-08-10 23:59:49 - [TEST_STEP][PASSED] - wild[0] = "WILD_Expanding": null

2019-08-10 23:59:49 - [TEST_STEP][PASSED] - wild[1] = "WILD_Normal": null

2019-08-10 23:59:49 - [TEST_STEP][PASSED] - wild[2] = "WILD_Double": null

2019-08-10 23:59:49 - [TEST_STEP][PASSED] - wild[3] = "WILD_ExtraFG": null

2019-08-10 23:59:49 - [TEST_STEP][PASSED] - wild[4] = "WILD_Triple": null

2019-08-10 23:59:49 - [TEST_STEP][PASSED] - wildList = Arrays.asList(wild): null

2019-08-10 23:59:49 - [TEST_STEP][PASSED] - wildList = wildList: null

2019-08-10 23:59:49 - [TEST_STEP][PASSED] - free_spin_reel_counter = []: null

2019-08-10 23:59:49 - [TEST_STEP][PASSED] - free_spin_reel_counter[0] = 0: null

2019-08-10 23:59:49 - [TEST_STEP][PASSED] - free_spin_reel_counter[1] = 0: null

2019-08-10 23:59:49 - [TEST_STEP][PASSED] - free_spin_reel_counter[2] = 0: null

2019-08-10 23:59:49 - [TEST_STEP][PASSED] - M4_spin_reels = reels: null

2019-08-10 23:59:49 - [TEST_STEP][PASSED] - for ([i = 0, i &lt; M4_spin_reels.size(), (i++)]): null

2019-08-10 23:59:49 - [TEST_STEP][PASSED] - symbols = symbols: null

2019-08-10 23:59:49 - [TEST_STEP][PASSED] - for ([j = 0, j &lt; symbols.size(), (j++)]): null

2019-08-10 23:59:49 - [TEST_STEP][PASSED] - symbol = symbol: null

2019-08-10 23:59:49 - [TEST_STEP][PASSED] - println(symbol): null

2019-08-10 23:59:49 - [TEST_STEP][PASSED] - if (i == 2 &amp;&amp; wildList.indexOf(symbol) != -1): null

2019-08-10 23:59:49 - [TEST_STEP][PASSED] - if (i == 3 &amp;&amp; wildList.indexOf(symbol) != -1): null

2019-08-10 23:59:49 - [TEST_STEP][PASSED] - if (i == 4 &amp;&amp; wildList.indexOf(symbol) != -1): null

2019-08-10 23:59:49 - [TEST_STEP][PASSED] - symbol = symbol: null

2019-08-10 23:59:49 - [TEST_STEP][PASSED] - println(symbol): null

2019-08-10 23:59:49 - [TEST_STEP][PASSED] - if (i == 2 &amp;&amp; wildList.indexOf(symbol) != -1): null

2019-08-10 23:59:49 - [TEST_STEP][PASSED] - if (i == 3 &amp;&amp; wildList.indexOf(symbol) != -1): null

2019-08-10 23:59:49 - [TEST_STEP][PASSED] - if (i == 4 &amp;&amp; wildList.indexOf(symbol) != -1): null

2019-08-10 23:59:49 - [TEST_STEP][PASSED] - symbol = symbol: null

2019-08-10 23:59:49 - [TEST_STEP][PASSED] - println(symbol): null

2019-08-10 23:59:49 - [TEST_STEP][PASSED] - if (i == 2 &amp;&amp; wildList.indexOf(symbol) != -1): null

2019-08-10 23:59:49 - [TEST_STEP][PASSED] - if (i == 3 &amp;&amp; wildList.indexOf(symbol) != -1): null

2019-08-10 23:59:49 - [TEST_STEP][PASSED] - if (i == 4 &amp;&amp; wildList.indexOf(symbol) != -1): null

2019-08-10 23:59:49 - [TEST_STEP][PASSED] - symbols = symbols: null

2019-08-10 23:59:49 - [TEST_STEP][PASSED] - for ([j = 0, j &lt; symbols.size(), (j++)]): null

2019-08-10 23:59:49 - [TEST_STEP][PASSED] - symbol = symbol: null

2019-08-10 23:59:49 - [TEST_STEP][PASSED] - println(symbol): null

2019-08-10 23:59:49 - [TEST_STEP][PASSED] - if (i == 2 &amp;&amp; wildList.indexOf(symbol) != -1): null

2019-08-10 23:59:49 - [TEST_STEP][PASSED] - if (i == 3 &amp;&amp; wildList.indexOf(symbol) != -1): null

2019-08-10 23:59:49 - [TEST_STEP][PASSED] - if (i == 4 &amp;&amp; wildList.indexOf(symbol) != -1): null

2019-08-10 23:59:49 - [TEST_STEP][PASSED] - symbol = symbol: null

2019-08-10 23:59:49 - [TEST_STEP][PASSED] - println(symbol): null

2019-08-10 23:59:49 - [TEST_STEP][PASSED] - if (i == 2 &amp;&amp; wildList.indexOf(symbol) != -1): null

2019-08-10 23:59:49 - [TEST_STEP][PASSED] - if (i == 3 &amp;&amp; wildList.indexOf(symbol) != -1): null

2019-08-10 23:59:49 - [TEST_STEP][PASSED] - if (i == 4 &amp;&amp; wildList.indexOf(symbol) != -1): null

2019-08-10 23:59:49 - [TEST_STEP][PASSED] - symbol = symbol: null

2019-08-10 23:59:49 - [TEST_STEP][PASSED] - println(symbol): null

2019-08-10 23:59:49 - [TEST_STEP][PASSED] - if (i == 2 &amp;&amp; wildList.indexOf(symbol) != -1): null

2019-08-10 23:59:49 - [TEST_STEP][PASSED] - if (i == 3 &amp;&amp; wildList.indexOf(symbol) != -1): null

2019-08-10 23:59:49 - [TEST_STEP][PASSED] - if (i == 4 &amp;&amp; wildList.indexOf(symbol) != -1): null

2019-08-10 23:59:49 - [TEST_STEP][PASSED] - symbols = symbols: null

2019-08-10 23:59:49 - [TEST_STEP][PASSED] - for ([j = 0, j &lt; symbols.size(), (j++)]): null

2019-08-10 23:59:49 - [TEST_STEP][PASSED] - symbol = symbol: null

2019-08-10 23:59:49 - [TEST_STEP][PASSED] - println(symbol): null

2019-08-10 23:59:49 - [TEST_STEP][PASSED] - if (i == 2 &amp;&amp; wildList.indexOf(symbol) != -1): null

2019-08-10 23:59:49 - [TEST_STEP][PASSED] - if (i == 3 &amp;&amp; wildList.indexOf(symbol) != -1): null

2019-08-10 23:59:49 - [TEST_STEP][PASSED] - if (i == 4 &amp;&amp; wildList.indexOf(symbol) != -1): null

2019-08-10 23:59:49 - [TEST_STEP][PASSED] - symbol = symbol: null

2019-08-10 23:59:49 - [TEST_STEP][PASSED] - println(symbol): null

2019-08-10 23:59:49 - [TEST_STEP][PASSED] - if (i == 2 &amp;&amp; wildList.indexOf(symbol) != -1): null

2019-08-10 23:59:49 - [TEST_STEP][PASSED] - if (i == 3 &amp;&amp; wildList.indexOf(symbol) != -1): null

2019-08-10 23:59:49 - [TEST_STEP][PASSED] - if (i == 4 &amp;&amp; wildList.indexOf(symbol) != -1): null

2019-08-10 23:59:49 - [TEST_STEP][PASSED] - symbol = symbol: null

2019-08-10 23:59:49 - [TEST_STEP][PASSED] - println(symbol): null

2019-08-10 23:59:49 - [TEST_STEP][PASSED] - if (i == 2 &amp;&amp; wildList.indexOf(symbol) != -1): null

2019-08-10 23:59:49 - [TEST_STEP][PASSED] - if (i == 3 &amp;&amp; wildList.indexOf(symbol) != -1): null

2019-08-10 23:59:49 - [TEST_STEP][PASSED] - if (i == 4 &amp;&amp; wildList.indexOf(symbol) != -1): null

2019-08-10 23:59:49 - [TEST_STEP][PASSED] - symbols = symbols: null

2019-08-10 23:59:49 - [TEST_STEP][PASSED] - for ([j = 0, j &lt; symbols.size(), (j++)]): null

2019-08-10 23:59:49 - [TEST_STEP][PASSED] - symbol = symbol: null

2019-08-10 23:59:49 - [TEST_STEP][PASSED] - println(symbol): null

2019-08-10 23:59:49 - [TEST_STEP][PASSED] - if (i == 2 &amp;&amp; wildList.indexOf(symbol) != -1): null

2019-08-10 23:59:49 - [TEST_STEP][PASSED] - if (i == 3 &amp;&amp; wildList.indexOf(symbol) != -1): null

2019-08-10 23:59:49 - [TEST_STEP][PASSED] - if (i == 4 &amp;&amp; wildList.indexOf(symbol) != -1): null

2019-08-10 23:59:49 - [TEST_STEP][PASSED] - symbol = symbol: null

2019-08-10 23:59:49 - [TEST_STEP][PASSED] - println(symbol): null

2019-08-10 23:59:49 - [TEST_STEP][PASSED] - if (i == 2 &amp;&amp; wildList.indexOf(symbol) != -1): null

2019-08-10 23:59:49 - [TEST_STEP][PASSED] - if (i == 3 &amp;&amp; wildList.indexOf(symbol) != -1): null

2019-08-10 23:59:49 - [TEST_STEP][PASSED] - if (i == 4 &amp;&amp; wildList.indexOf(symbol) != -1): null

2019-08-10 23:59:49 - [TEST_STEP][PASSED] - symbol = symbol: null

2019-08-10 23:59:49 - [TEST_STEP][PASSED] - println(symbol): null

2019-08-10 23:59:49 - [TEST_STEP][PASSED] - if (i == 2 &amp;&amp; wildList.indexOf(symbol) != -1): null

2019-08-10 23:59:49 - [TEST_STEP][PASSED] - if (i == 3 &amp;&amp; wildList.indexOf(symbol) != -1): null

2019-08-10 23:59:49 - [TEST_STEP][PASSED] - println("wild found on reel 4, adding counter by 1"): null

2019-08-10 23:59:49 - [TEST_STEP][PASSED] - free_spin_reel_counter[1] = free_spin_reel_counter[1] + 1: null

2019-08-10 23:59:49 - [TEST_STEP][PASSED] - if (i == 4 &amp;&amp; wildList.indexOf(symbol) != -1): null

2019-08-10 23:59:49 - [TEST_STEP][PASSED] - symbols = symbols: null

2019-08-10 23:59:49 - [TEST_STEP][PASSED] - for ([j = 0, j &lt; symbols.size(), (j++)]): null

2019-08-10 23:59:49 - [TEST_STEP][PASSED] - symbol = symbol: null

2019-08-10 23:59:49 - [TEST_STEP][PASSED] - println(symbol): null

2019-08-10 23:59:49 - [TEST_STEP][PASSED] - if (i == 2 &amp;&amp; wildList.indexOf(symbol) != -1): null

2019-08-10 23:59:49 - [TEST_STEP][PASSED] - if (i == 3 &amp;&amp; wildList.indexOf(symbol) != -1): null

2019-08-10 23:59:49 - [TEST_STEP][PASSED] - if (i == 4 &amp;&amp; wildList.indexOf(symbol) != -1): null

2019-08-10 23:59:49 - [TEST_STEP][PASSED] - symbol = symbol: null

2019-08-10 23:59:49 - [TEST_STEP][PASSED] - println(symbol): null

2019-08-10 23:59:49 - [TEST_STEP][PASSED] - if (i == 2 &amp;&amp; wildList.indexOf(symbol) != -1): null

2019-08-10 23:59:49 - [TEST_STEP][PASSED] - if (i == 3 &amp;&amp; wildList.indexOf(symbol) != -1): null

2019-08-10 23:59:49 - [TEST_STEP][PASSED] - if (i == 4 &amp;&amp; wildList.indexOf(symbol) != -1): null

2019-08-10 23:59:49 - [TEST_STEP][PASSED] - symbol = symbol: null

2019-08-10 23:59:49 - [TEST_STEP][PASSED] - println(symbol): null

2019-08-10 23:59:49 - [TEST_STEP][PASSED] - if (i == 2 &amp;&amp; wildList.indexOf(symbol) != -1): null

2019-08-10 23:59:49 - [TEST_STEP][PASSED] - if (i == 3 &amp;&amp; wildList.indexOf(symbol) != -1): null

2019-08-10 23:59:49 - [TEST_STEP][PASSED] - if (i == 4 &amp;&amp; wildList.indexOf(symbol) != -1): null

2019-08-10 23:59:49 - [TEST_STEP][PASSED] - free_spin_reel_counter = free_spin_reel_counter: null

2019-08-10 23:59:49 - [TEST_STEP][PASSED] - println("reel 3 wild found: " + free_spin_reel_counter[0]): null

2019-08-10 23:59:49 - [TEST_STEP][PASSED] - println("reel 4 wild found: " + free_spin_reel_counter[1]): null

2019-08-10 23:59:49 - [TEST_STEP][PASSED] - println("reel 5 wild found: " + free_spin_reel_counter[2]): null

2019-08-10 23:59:49 - [TEST_STEP][PASSED] - M4_spin_reels = M4_spin_reels: null

2019-08-10 23:59:49 - [TEST_STEP][PASSED] - M4_spin_reels_symbols = symbol: null

2019-08-10 23:59:49 - [TEST_STEP][PASSED] - M4_spin_reels_symbols = M4_spin_reels_symbols: null

2019-08-10 23:59:49 - [TEST_STEP][PASSED] - M4_spin_reel_wins = reel_wins: null

2019-08-10 23:59:49 - [TEST_STEP][PASSED] - M4_spin_reel_wins = M4_spin_reel_wins: null

2019-08-10 23:59:49 - [TEST_STEP][PASSED] - println("GlobalVariable.M4_spin_reel_wins is: " + M4_spin_reel_wins): null

2019-08-10 23:59:49 - [TEST_STEP][PASSED] - M4_spin_total_bonus_win_this_round = total_bonus_win_this_round: null

2019-08-10 23:59:49 - [TEST_STEP][PASSED] - M4_spin_total_bonus_win_this_round = M4_spin_total_bonus_win_this_round: null

2019-08-10 23:59:49 - [TEST_STEP][PASSED] - println("GlobalVariable.M4_spin_total_bonus_win_this_round is: " + M4_spin_total_bonus_win_this_round): null

2019-08-10 23:59:49 - [MESSAGE][PASSED] - Verify response successfully

2019-08-10 23:59:49 - [MESSAGE][PASSED] - Send request and verify the response successfully

2019-08-10 23:59:49 - [TEST_STEP][PASSED] - if (M4_total_bonus_spins_int != 0 &amp;&amp; M4_spin_reels_symbols[2].contains("WILD_Double") || M4_spin_reels_symbols[4].contains("WILD_Triple")): null

2019-08-10 23:59:49 - [TEST_STEP][PASSED] - free_spin_reel_counter = free_spin_reel_counter: null

2019-08-10 23:59:49 - [TEST_STEP][PASSED] - M4_spin_reels_symbols = M4_spin_reels_symbols: null

2019-08-10 23:59:49 - [TEST_STEP][PASSED] - M4_total_bonus_spins = M4_total_bonus_spins: null

2019-08-10 23:59:49 - [TEST_STEP][PASSED] - spin_result = sendRequestAndVerify(findTestObject("RGS(M4)/1_M4_spin", ["M4_login_user_id":M4_login_user_id, "rgs_session_token":rgs_session_token, "partner":Partner])): Send request and verify the response successfully

2019-08-10 23:59:50 - [TEST_CASE][PASSED] - Start Test Case : Verification: Verification accomplished successfully

2019-08-10 23:59:50 - [TEST_STEP][PASSED] - request = getInstance().getCurrentRequest(): null

2019-08-10 23:59:50 - [TEST_STEP][PASSED] - response = getInstance().getCurrentResponse(): null

2019-08-10 23:59:50 - [TEST_STEP][PASSED] - verifyResponseStatusCode(response, 200): Verify response status code successfully

2019-08-10 23:59:50 - [MESSAGE][PASSED] - Verify response status code successfully

2019-08-10 23:59:50 - [TEST_STEP][PASSED] - getStatusCode()).isEqualTo(200): null

2019-08-10 23:59:50 - [TEST_STEP][PASSED] - newline = System.getProperty("line.separator"): null

2019-08-10 23:59:50 - [TEST_STEP][PASSED] - M4_spin = new groovy.json.JsonSlurper(): null

2019-08-10 23:59:50 - [TEST_STEP][PASSED] - result_M4_spin = M4_spin.parseText(response.getResponseBodyContent()): null

2019-08-10 23:59:50 - [TEST_STEP][PASSED] - M4_spin_current_balance = current_balance: null

2019-08-10 23:59:50 - [TEST_STEP][PASSED] - M4_spin_current_balance = M4_spin_current_balance: null

2019-08-10 23:59:50 - [TEST_STEP][PASSED] - M4_spin_transaction_id = causality: null

2019-08-10 23:59:50 - [TEST_STEP][PASSED] - M4_spin_transaction_id = M4_spin_transaction_id: null

2019-08-10 23:59:50 - [TEST_STEP][PASSED] - M4_spin_round_id = round_id: null

2019-08-10 23:59:50 - [TEST_STEP][PASSED] - M4_spin_round_id = M4_spin_round_id: null

2019-08-10 23:59:50 - [TEST_STEP][PASSED] - M4_spin_line_wins = line_wins: null

2019-08-10 23:59:50 - [TEST_STEP][PASSED] - M4_spin_line_wins = M4_spin_line_wins: null

2019-08-10 23:59:50 - [TEST_STEP][PASSED] - M4_total_bonus_spins_int = total_bonus_spins: null

2019-08-10 23:59:50 - [TEST_STEP][PASSED] - println("******M4_total_bonus_spins type is:*******" + newline + getClass().getName()): null

2019-08-10 23:59:50 - [TEST_STEP][PASSED] - M4_total_bonus_spins_int = M4_total_bonus_spins_int: null

2019-08-10 23:59:50 - [TEST_STEP][PASSED] - M4_total_bonus_spins = Integer.toString(M4_total_bonus_spins_int): null

2019-08-10 23:59:50 - [TEST_STEP][PASSED] - M4_total_bonus_spins = M4_total_bonus_spins: null

2019-08-10 23:59:50 - [TEST_STEP][PASSED] - println("M4_total_bonus_spins is:" + M4_total_bonus_spins): null

2019-08-10 23:59:50 - [TEST_STEP][PASSED] - M4_spin_bonus_data = bonus_data: null

2019-08-10 23:59:50 - [TEST_STEP][PASSED] - M4_spin_features_triggered = result_M4_spin: null

2019-08-10 23:59:50 - [TEST_STEP][PASSED] - wild = []: null

2019-08-10 23:59:50 - [TEST_STEP][PASSED] - wild[0] = "WILD_Expanding": null

2019-08-10 23:59:50 - [TEST_STEP][PASSED] - wild[1] = "WILD_Normal": null

2019-08-10 23:59:50 - [TEST_STEP][PASSED] - wild[2] = "WILD_Double": null

2019-08-10 23:59:50 - [TEST_STEP][PASSED] - wild[3] = "WILD_ExtraFG": null

2019-08-10 23:59:50 - [TEST_STEP][PASSED] - wild[4] = "WILD_Triple": null

2019-08-10 23:59:50 - [TEST_STEP][PASSED] - wildList = Arrays.asList(wild): null

2019-08-10 23:59:50 - [TEST_STEP][PASSED] - wildList = wildList: null

2019-08-10 23:59:50 - [TEST_STEP][PASSED] - free_spin_reel_counter = []: null

2019-08-10 23:59:50 - [TEST_STEP][PASSED] - free_spin_reel_counter[0] = 0: null

2019-08-10 23:59:50 - [TEST_STEP][PASSED] - free_spin_reel_counter[1] = 0: null

2019-08-10 23:59:50 - [TEST_STEP][PASSED] - free_spin_reel_counter[2] = 0: null

2019-08-10 23:59:50 - [TEST_STEP][PASSED] - M4_spin_reels = reels: null

2019-08-10 23:59:50 - [TEST_STEP][PASSED] - for ([i = 0, i &lt; M4_spin_reels.size(), (i++)]): null

2019-08-10 23:59:50 - [TEST_STEP][PASSED] - symbols = symbols: null

2019-08-10 23:59:50 - [TEST_STEP][PASSED] - for ([j = 0, j &lt; symbols.size(), (j++)]): null

2019-08-10 23:59:50 - [TEST_STEP][PASSED] - symbol = symbol: null

2019-08-10 23:59:50 - [TEST_STEP][PASSED] - println(symbol): null

2019-08-10 23:59:50 - [TEST_STEP][PASSED] - if (i == 2 &amp;&amp; wildList.indexOf(symbol) != -1): null

2019-08-10 23:59:50 - [TEST_STEP][PASSED] - if (i == 3 &amp;&amp; wildList.indexOf(symbol) != -1): null

2019-08-10 23:59:50 - [TEST_STEP][PASSED] - if (i == 4 &amp;&amp; wildList.indexOf(symbol) != -1): null

2019-08-10 23:59:50 - [TEST_STEP][PASSED] - symbol = symbol: null

2019-08-10 23:59:50 - [TEST_STEP][PASSED] - println(symbol): null

2019-08-10 23:59:50 - [TEST_STEP][PASSED] - if (i == 2 &amp;&amp; wildList.indexOf(symbol) != -1): null

2019-08-10 23:59:50 - [TEST_STEP][PASSED] - if (i == 3 &amp;&amp; wildList.indexOf(symbol) != -1): null

2019-08-10 23:59:50 - [TEST_STEP][PASSED] - if (i == 4 &amp;&amp; wildList.indexOf(symbol) != -1): null

2019-08-10 23:59:50 - [TEST_STEP][PASSED] - symbol = symbol: null

2019-08-10 23:59:50 - [TEST_STEP][PASSED] - println(symbol): null

2019-08-10 23:59:50 - [TEST_STEP][PASSED] - if (i == 2 &amp;&amp; wildList.indexOf(symbol) != -1): null

2019-08-10 23:59:50 - [TEST_STEP][PASSED] - if (i == 3 &amp;&amp; wildList.indexOf(symbol) != -1): null

2019-08-10 23:59:50 - [TEST_STEP][PASSED] - if (i == 4 &amp;&amp; wildList.indexOf(symbol) != -1): null

2019-08-10 23:59:50 - [TEST_STEP][PASSED] - symbols = symbols: null

2019-08-10 23:59:50 - [TEST_STEP][PASSED] - for ([j = 0, j &lt; symbols.size(), (j++)]): null

2019-08-10 23:59:50 - [TEST_STEP][PASSED] - symbol = symbol: null

2019-08-10 23:59:50 - [TEST_STEP][PASSED] - println(symbol): null

2019-08-10 23:59:50 - [TEST_STEP][PASSED] - if (i == 2 &amp;&amp; wildList.indexOf(symbol) != -1): null

2019-08-10 23:59:50 - [TEST_STEP][PASSED] - if (i == 3 &amp;&amp; wildList.indexOf(symbol) != -1): null

2019-08-10 23:59:50 - [TEST_STEP][PASSED] - if (i == 4 &amp;&amp; wildList.indexOf(symbol) != -1): null

2019-08-10 23:59:50 - [TEST_STEP][PASSED] - symbol = symbol: null

2019-08-10 23:59:50 - [TEST_STEP][PASSED] - println(symbol): null

2019-08-10 23:59:50 - [TEST_STEP][PASSED] - if (i == 2 &amp;&amp; wildList.indexOf(symbol) != -1): null

2019-08-10 23:59:50 - [TEST_STEP][PASSED] - if (i == 3 &amp;&amp; wildList.indexOf(symbol) != -1): null

2019-08-10 23:59:50 - [TEST_STEP][PASSED] - if (i == 4 &amp;&amp; wildList.indexOf(symbol) != -1): null

2019-08-10 23:59:50 - [TEST_STEP][PASSED] - symbol = symbol: null

2019-08-10 23:59:50 - [TEST_STEP][PASSED] - println(symbol): null

2019-08-10 23:59:50 - [TEST_STEP][PASSED] - if (i == 2 &amp;&amp; wildList.indexOf(symbol) != -1): null

2019-08-10 23:59:50 - [TEST_STEP][PASSED] - if (i == 3 &amp;&amp; wildList.indexOf(symbol) != -1): null

2019-08-10 23:59:50 - [TEST_STEP][PASSED] - if (i == 4 &amp;&amp; wildList.indexOf(symbol) != -1): null

2019-08-10 23:59:50 - [TEST_STEP][PASSED] - symbols = symbols: null

2019-08-10 23:59:50 - [TEST_STEP][PASSED] - for ([j = 0, j &lt; symbols.size(), (j++)]): null

2019-08-10 23:59:50 - [TEST_STEP][PASSED] - symbol = symbol: null

2019-08-10 23:59:50 - [TEST_STEP][PASSED] - println(symbol): null

2019-08-10 23:59:50 - [TEST_STEP][PASSED] - if (i == 2 &amp;&amp; wildList.indexOf(symbol) != -1): null

2019-08-10 23:59:50 - [TEST_STEP][PASSED] - println("wild found on reel 3, adding counter by 1"): null

2019-08-10 23:59:50 - [TEST_STEP][PASSED] - free_spin_reel_counter[0] = free_spin_reel_counter[0] + 1: null

2019-08-10 23:59:50 - [TEST_STEP][PASSED] - if (i == 3 &amp;&amp; wildList.indexOf(symbol) != -1): null

2019-08-10 23:59:50 - [TEST_STEP][PASSED] - if (i == 4 &amp;&amp; wildList.indexOf(symbol) != -1): null

2019-08-10 23:59:50 - [TEST_STEP][PASSED] - symbol = symbol: null

2019-08-10 23:59:50 - [TEST_STEP][PASSED] - println(symbol): null

2019-08-10 23:59:50 - [TEST_STEP][PASSED] - if (i == 2 &amp;&amp; wildList.indexOf(symbol) != -1): null

2019-08-10 23:59:50 - [TEST_STEP][PASSED] - if (i == 3 &amp;&amp; wildList.indexOf(symbol) != -1): null

2019-08-10 23:59:50 - [TEST_STEP][PASSED] - if (i == 4 &amp;&amp; wildList.indexOf(symbol) != -1): null

2019-08-10 23:59:50 - [TEST_STEP][PASSED] - symbol = symbol: null

2019-08-10 23:59:50 - [TEST_STEP][PASSED] - println(symbol): null

2019-08-10 23:59:50 - [TEST_STEP][PASSED] - if (i == 2 &amp;&amp; wildList.indexOf(symbol) != -1): null

2019-08-10 23:59:50 - [TEST_STEP][PASSED] - if (i == 3 &amp;&amp; wildList.indexOf(symbol) != -1): null

2019-08-10 23:59:50 - [TEST_STEP][PASSED] - if (i == 4 &amp;&amp; wildList.indexOf(symbol) != -1): null

2019-08-10 23:59:50 - [TEST_STEP][PASSED] - symbols = symbols: null

2019-08-10 23:59:50 - [TEST_STEP][PASSED] - for ([j = 0, j &lt; symbols.size(), (j++)]): null

2019-08-10 23:59:50 - [TEST_STEP][PASSED] - symbol = symbol: null

2019-08-10 23:59:50 - [TEST_STEP][PASSED] - println(symbol): null

2019-08-10 23:59:50 - [TEST_STEP][PASSED] - if (i == 2 &amp;&amp; wildList.indexOf(symbol) != -1): null

2019-08-10 23:59:50 - [TEST_STEP][PASSED] - if (i == 3 &amp;&amp; wildList.indexOf(symbol) != -1): null

2019-08-10 23:59:50 - [TEST_STEP][PASSED] - if (i == 4 &amp;&amp; wildList.indexOf(symbol) != -1): null

2019-08-10 23:59:50 - [TEST_STEP][PASSED] - symbol = symbol: null

2019-08-10 23:59:50 - [TEST_STEP][PASSED] - println(symbol): null

2019-08-10 23:59:50 - [TEST_STEP][PASSED] - if (i == 2 &amp;&amp; wildList.indexOf(symbol) != -1): null

2019-08-10 23:59:50 - [TEST_STEP][PASSED] - if (i == 3 &amp;&amp; wildList.indexOf(symbol) != -1): null

2019-08-10 23:59:50 - [TEST_STEP][PASSED] - if (i == 4 &amp;&amp; wildList.indexOf(symbol) != -1): null

2019-08-10 23:59:50 - [TEST_STEP][PASSED] - symbol = symbol: null

2019-08-10 23:59:50 - [TEST_STEP][PASSED] - println(symbol): null

2019-08-10 23:59:50 - [TEST_STEP][PASSED] - if (i == 2 &amp;&amp; wildList.indexOf(symbol) != -1): null

2019-08-10 23:59:50 - [TEST_STEP][PASSED] - if (i == 3 &amp;&amp; wildList.indexOf(symbol) != -1): null

2019-08-10 23:59:50 - [TEST_STEP][PASSED] - if (i == 4 &amp;&amp; wildList.indexOf(symbol) != -1): null

2019-08-10 23:59:50 - [TEST_STEP][PASSED] - symbols = symbols: null

2019-08-10 23:59:50 - [TEST_STEP][PASSED] - for ([j = 0, j &lt; symbols.size(), (j++)]): null

2019-08-10 23:59:50 - [TEST_STEP][PASSED] - symbol = symbol: null

2019-08-10 23:59:50 - [TEST_STEP][PASSED] - println(symbol): null

2019-08-10 23:59:50 - [TEST_STEP][PASSED] - if (i == 2 &amp;&amp; wildList.indexOf(symbol) != -1): null

2019-08-10 23:59:50 - [TEST_STEP][PASSED] - if (i == 3 &amp;&amp; wildList.indexOf(symbol) != -1): null

2019-08-10 23:59:50 - [TEST_STEP][PASSED] - if (i == 4 &amp;&amp; wildList.indexOf(symbol) != -1): null

2019-08-10 23:59:50 - [TEST_STEP][PASSED] - symbol = symbol: null

2019-08-10 23:59:50 - [TEST_STEP][PASSED] - println(symbol): null

2019-08-10 23:59:50 - [TEST_STEP][PASSED] - if (i == 2 &amp;&amp; wildList.indexOf(symbol) != -1): null

2019-08-10 23:59:50 - [TEST_STEP][PASSED] - if (i == 3 &amp;&amp; wildList.indexOf(symbol) != -1): null

2019-08-10 23:59:50 - [TEST_STEP][PASSED] - if (i == 4 &amp;&amp; wildList.indexOf(symbol) != -1): null

2019-08-10 23:59:50 - [TEST_STEP][PASSED] - symbol = symbol: null

2019-08-10 23:59:50 - [TEST_STEP][PASSED] - println(symbol): null

2019-08-10 23:59:50 - [TEST_STEP][PASSED] - if (i == 2 &amp;&amp; wildList.indexOf(symbol) != -1): null

2019-08-10 23:59:50 - [TEST_STEP][PASSED] - if (i == 3 &amp;&amp; wildList.indexOf(symbol) != -1): null

2019-08-10 23:59:50 - [TEST_STEP][PASSED] - if (i == 4 &amp;&amp; wildList.indexOf(symbol) != -1): null

2019-08-10 23:59:50 - [TEST_STEP][PASSED] - println("wild found on reel 5, adding counter by 1"): null

2019-08-10 23:59:50 - [TEST_STEP][PASSED] - free_spin_reel_counter[2] = free_spin_reel_counter[2] + 1: null

2019-08-10 23:59:50 - [TEST_STEP][PASSED] - free_spin_reel_counter = free_spin_reel_counter: null

2019-08-10 23:59:50 - [TEST_STEP][PASSED] - println("reel 3 wild found: " + free_spin_reel_counter[0]): null

2019-08-10 23:59:50 - [TEST_STEP][PASSED] - println("reel 4 wild found: " + free_spin_reel_counter[1]): null

2019-08-10 23:59:50 - [TEST_STEP][PASSED] - println("reel 5 wild found: " + free_spin_reel_counter[2]): null

2019-08-10 23:59:50 - [TEST_STEP][PASSED] - M4_spin_reels = M4_spin_reels: null

2019-08-10 23:59:50 - [TEST_STEP][PASSED] - M4_spin_reels_symbols = symbol: null

2019-08-10 23:59:50 - [TEST_STEP][PASSED] - M4_spin_reels_symbols = M4_spin_reels_symbols: null

2019-08-10 23:59:50 - [TEST_STEP][PASSED] - M4_spin_reel_wins = reel_wins: null

2019-08-10 23:59:50 - [TEST_STEP][PASSED] - M4_spin_reel_wins = M4_spin_reel_wins: null

2019-08-10 23:59:50 - [TEST_STEP][PASSED] - println("GlobalVariable.M4_spin_reel_wins is: " + M4_spin_reel_wins): null

2019-08-10 23:59:50 - [TEST_STEP][PASSED] - M4_spin_total_bonus_win_this_round = total_bonus_win_this_round: null

2019-08-10 23:59:50 - [TEST_STEP][PASSED] - M4_spin_total_bonus_win_this_round = M4_spin_total_bonus_win_this_round: null

2019-08-10 23:59:50 - [TEST_STEP][PASSED] - println("GlobalVariable.M4_spin_total_bonus_win_this_round is: " + M4_spin_total_bonus_win_this_round): null

2019-08-10 23:59:50 - [MESSAGE][PASSED] - Verify response successfully

2019-08-10 23:59:50 - [MESSAGE][PASSED] - Send request and verify the response successfully

2019-08-10 23:59:50 - [TEST_STEP][PASSED] - if (M4_total_bonus_spins_int != 0 &amp;&amp; M4_spin_reels_symbols[2].contains("WILD_Double") || M4_spin_reels_symbols[4].contains("WILD_Triple")): null

2019-08-10 23:59:50 - [TEST_STEP][PASSED] - free_spin_reel_counter = free_spin_reel_counter: null

2019-08-10 23:59:50 - [TEST_STEP][PASSED] - M4_spin_reels_symbols = M4_spin_reels_symbols: null

2019-08-10 23:59:50 - [TEST_STEP][PASSED] - M4_total_bonus_spins = M4_total_bonus_spins: null

2019-08-10 23:59:50 - [TEST_STEP][PASSED] - spin_result = sendRequestAndVerify(findTestObject("RGS(M4)/1_M4_spin", ["M4_login_user_id":M4_login_user_id, "rgs_session_token":rgs_session_token, "partner":Partner])): Send request and verify the response successfully

2019-08-10 23:59:50 - [TEST_CASE][PASSED] - Start Test Case : Verification: Verification accomplished successfully

2019-08-10 23:59:50 - [TEST_STEP][PASSED] - request = getInstance().getCurrentRequest(): null

2019-08-10 23:59:50 - [TEST_STEP][PASSED] - response = getInstance().getCurrentResponse(): null

2019-08-10 23:59:50 - [TEST_STEP][PASSED] - verifyResponseStatusCode(response, 200): Verify response status code successfully

2019-08-10 23:59:50 - [MESSAGE][PASSED] - Verify response status code successfully

2019-08-10 23:59:50 - [TEST_STEP][PASSED] - getStatusCode()).isEqualTo(200): null

2019-08-10 23:59:50 - [TEST_STEP][PASSED] - newline = System.getProperty("line.separator"): null

2019-08-10 23:59:50 - [TEST_STEP][PASSED] - M4_spin = new groovy.json.JsonSlurper(): null

2019-08-10 23:59:50 - [TEST_STEP][PASSED] - result_M4_spin = M4_spin.parseText(response.getResponseBodyContent()): null

2019-08-10 23:59:50 - [TEST_STEP][PASSED] - M4_spin_current_balance = current_balance: null

2019-08-10 23:59:50 - [TEST_STEP][PASSED] - M4_spin_current_balance = M4_spin_current_balance: null

2019-08-10 23:59:50 - [TEST_STEP][PASSED] - M4_spin_transaction_id = causality: null

2019-08-10 23:59:50 - [TEST_STEP][PASSED] - M4_spin_transaction_id = M4_spin_transaction_id: null

2019-08-10 23:59:50 - [TEST_STEP][PASSED] - M4_spin_round_id = round_id: null

2019-08-10 23:59:50 - [TEST_STEP][PASSED] - M4_spin_round_id = M4_spin_round_id: null

2019-08-10 23:59:50 - [TEST_STEP][PASSED] - M4_spin_line_wins = line_wins: null

2019-08-10 23:59:50 - [TEST_STEP][PASSED] - M4_spin_line_wins = M4_spin_line_wins: null

2019-08-10 23:59:50 - [TEST_STEP][PASSED] - M4_total_bonus_spins_int = total_bonus_spins: null

2019-08-10 23:59:50 - [TEST_STEP][PASSED] - println("******M4_total_bonus_spins type is:*******" + newline + getClass().getName()): null

2019-08-10 23:59:50 - [TEST_STEP][PASSED] - M4_total_bonus_spins_int = M4_total_bonus_spins_int: null

2019-08-10 23:59:50 - [TEST_STEP][PASSED] - M4_total_bonus_spins = Integer.toString(M4_total_bonus_spins_int): null

2019-08-10 23:59:50 - [TEST_STEP][PASSED] - M4_total_bonus_spins = M4_total_bonus_spins: null

2019-08-10 23:59:50 - [TEST_STEP][PASSED] - println("M4_total_bonus_spins is:" + M4_total_bonus_spins): null

2019-08-10 23:59:50 - [TEST_STEP][PASSED] - M4_spin_bonus_data = bonus_data: null

2019-08-10 23:59:50 - [TEST_STEP][PASSED] - M4_spin_features_triggered = result_M4_spin: null

2019-08-10 23:59:50 - [TEST_STEP][PASSED] - wild = []: null

2019-08-10 23:59:50 - [TEST_STEP][PASSED] - wild[0] = "WILD_Expanding": null

2019-08-10 23:59:50 - [TEST_STEP][PASSED] - wild[1] = "WILD_Normal": null

2019-08-10 23:59:50 - [TEST_STEP][PASSED] - wild[2] = "WILD_Double": null

2019-08-10 23:59:50 - [TEST_STEP][PASSED] - wild[3] = "WILD_ExtraFG": null

2019-08-10 23:59:50 - [TEST_STEP][PASSED] - wild[4] = "WILD_Triple": null

2019-08-10 23:59:50 - [TEST_STEP][PASSED] - wildList = Arrays.asList(wild): null

2019-08-10 23:59:50 - [TEST_STEP][PASSED] - wildList = wildList: null

2019-08-10 23:59:50 - [TEST_STEP][PASSED] - free_spin_reel_counter = []: null

2019-08-10 23:59:50 - [TEST_STEP][PASSED] - free_spin_reel_counter[0] = 0: null

2019-08-10 23:59:50 - [TEST_STEP][PASSED] - free_spin_reel_counter[1] = 0: null

2019-08-10 23:59:50 - [TEST_STEP][PASSED] - free_spin_reel_counter[2] = 0: null

2019-08-10 23:59:50 - [TEST_STEP][PASSED] - M4_spin_reels = reels: null

2019-08-10 23:59:50 - [TEST_STEP][PASSED] - for ([i = 0, i &lt; M4_spin_reels.size(), (i++)]): null

2019-08-10 23:59:50 - [TEST_STEP][PASSED] - symbols = symbols: null

2019-08-10 23:59:50 - [TEST_STEP][PASSED] - for ([j = 0, j &lt; symbols.size(), (j++)]): null

2019-08-10 23:59:50 - [TEST_STEP][PASSED] - symbol = symbol: null

2019-08-10 23:59:50 - [TEST_STEP][PASSED] - println(symbol): null

2019-08-10 23:59:50 - [TEST_STEP][PASSED] - if (i == 2 &amp;&amp; wildList.indexOf(symbol) != -1): null

2019-08-10 23:59:50 - [TEST_STEP][PASSED] - if (i == 3 &amp;&amp; wildList.indexOf(symbol) != -1): null

2019-08-10 23:59:50 - [TEST_STEP][PASSED] - if (i == 4 &amp;&amp; wildList.indexOf(symbol) != -1): null

2019-08-10 23:59:50 - [TEST_STEP][PASSED] - symbol = symbol: null

2019-08-10 23:59:50 - [TEST_STEP][PASSED] - println(symbol): null

2019-08-10 23:59:50 - [TEST_STEP][PASSED] - if (i == 2 &amp;&amp; wildList.indexOf(symbol) != -1): null

2019-08-10 23:59:50 - [TEST_STEP][PASSED] - if (i == 3 &amp;&amp; wildList.indexOf(symbol) != -1): null

2019-08-10 23:59:50 - [TEST_STEP][PASSED] - if (i == 4 &amp;&amp; wildList.indexOf(symbol) != -1): null

2019-08-10 23:59:50 - [TEST_STEP][PASSED] - symbol = symbol: null

2019-08-10 23:59:50 - [TEST_STEP][PASSED] - println(symbol): null

2019-08-10 23:59:50 - [TEST_STEP][PASSED] - if (i == 2 &amp;&amp; wildList.indexOf(symbol) != -1): null

2019-08-10 23:59:50 - [TEST_STEP][PASSED] - if (i == 3 &amp;&amp; wildList.indexOf(symbol) != -1): null

2019-08-10 23:59:50 - [TEST_STEP][PASSED] - if (i == 4 &amp;&amp; wildList.indexOf(symbol) != -1): null

2019-08-10 23:59:50 - [TEST_STEP][PASSED] - symbols = symbols: null

2019-08-10 23:59:50 - [TEST_STEP][PASSED] - for ([j = 0, j &lt; symbols.size(), (j++)]): null

2019-08-10 23:59:50 - [TEST_STEP][PASSED] - symbol = symbol: null

2019-08-10 23:59:50 - [TEST_STEP][PASSED] - println(symbol): null

2019-08-10 23:59:50 - [TEST_STEP][PASSED] - if (i == 2 &amp;&amp; wildList.indexOf(symbol) != -1): null

2019-08-10 23:59:50 - [TEST_STEP][PASSED] - if (i == 3 &amp;&amp; wildList.indexOf(symbol) != -1): null

2019-08-10 23:59:50 - [TEST_STEP][PASSED] - if (i == 4 &amp;&amp; wildList.indexOf(symbol) != -1): null

2019-08-10 23:59:50 - [TEST_STEP][PASSED] - symbol = symbol: null

2019-08-10 23:59:50 - [TEST_STEP][PASSED] - println(symbol): null

2019-08-10 23:59:50 - [TEST_STEP][PASSED] - if (i == 2 &amp;&amp; wildList.indexOf(symbol) != -1): null

2019-08-10 23:59:50 - [TEST_STEP][PASSED] - if (i == 3 &amp;&amp; wildList.indexOf(symbol) != -1): null

2019-08-10 23:59:50 - [TEST_STEP][PASSED] - if (i == 4 &amp;&amp; wildList.indexOf(symbol) != -1): null

2019-08-10 23:59:50 - [TEST_STEP][PASSED] - symbol = symbol: null

2019-08-10 23:59:50 - [TEST_STEP][PASSED] - println(symbol): null

2019-08-10 23:59:50 - [TEST_STEP][PASSED] - if (i == 2 &amp;&amp; wildList.indexOf(symbol) != -1): null

2019-08-10 23:59:50 - [TEST_STEP][PASSED] - if (i == 3 &amp;&amp; wildList.indexOf(symbol) != -1): null

2019-08-10 23:59:50 - [TEST_STEP][PASSED] - if (i == 4 &amp;&amp; wildList.indexOf(symbol) != -1): null

2019-08-10 23:59:50 - [TEST_STEP][PASSED] - symbols = symbols: null

2019-08-10 23:59:50 - [TEST_STEP][PASSED] - for ([j = 0, j &lt; symbols.size(), (j++)]): null

2019-08-10 23:59:50 - [TEST_STEP][PASSED] - symbol = symbol: null

2019-08-10 23:59:50 - [TEST_STEP][PASSED] - println(symbol): null

2019-08-10 23:59:50 - [TEST_STEP][PASSED] - if (i == 2 &amp;&amp; wildList.indexOf(symbol) != -1): null

2019-08-10 23:59:50 - [TEST_STEP][PASSED] - if (i == 3 &amp;&amp; wildList.indexOf(symbol) != -1): null

2019-08-10 23:59:50 - [TEST_STEP][PASSED] - if (i == 4 &amp;&amp; wildList.indexOf(symbol) != -1): null

2019-08-10 23:59:50 - [TEST_STEP][PASSED] - symbol = symbol: null

2019-08-10 23:59:50 - [TEST_STEP][PASSED] - println(symbol): null

2019-08-10 23:59:50 - [TEST_STEP][PASSED] - if (i == 2 &amp;&amp; wildList.indexOf(symbol) != -1): null

2019-08-10 23:59:50 - [TEST_STEP][PASSED] - if (i == 3 &amp;&amp; wildList.indexOf(symbol) != -1): null

2019-08-10 23:59:50 - [TEST_STEP][PASSED] - if (i == 4 &amp;&amp; wildList.indexOf(symbol) != -1): null

2019-08-10 23:59:50 - [TEST_STEP][PASSED] - symbol = symbol: null

2019-08-10 23:59:50 - [TEST_STEP][PASSED] - println(symbol): null

2019-08-10 23:59:50 - [TEST_STEP][PASSED] - if (i == 2 &amp;&amp; wildList.indexOf(symbol) != -1): null

2019-08-10 23:59:50 - [TEST_STEP][PASSED] - if (i == 3 &amp;&amp; wildList.indexOf(symbol) != -1): null

2019-08-10 23:59:50 - [TEST_STEP][PASSED] - if (i == 4 &amp;&amp; wildList.indexOf(symbol) != -1): null

2019-08-10 23:59:50 - [TEST_STEP][PASSED] - symbols = symbols: null

2019-08-10 23:59:50 - [TEST_STEP][PASSED] - for ([j = 0, j &lt; symbols.size(), (j++)]): null

2019-08-10 23:59:50 - [TEST_STEP][PASSED] - symbol = symbol: null

2019-08-10 23:59:50 - [TEST_STEP][PASSED] - println(symbol): null

2019-08-10 23:59:50 - [TEST_STEP][PASSED] - if (i == 2 &amp;&amp; wildList.indexOf(symbol) != -1): null

2019-08-10 23:59:50 - [TEST_STEP][PASSED] - if (i == 3 &amp;&amp; wildList.indexOf(symbol) != -1): null

2019-08-10 23:59:50 - [TEST_STEP][PASSED] - if (i == 4 &amp;&amp; wildList.indexOf(symbol) != -1): null

2019-08-10 23:59:50 - [TEST_STEP][PASSED] - symbol = symbol: null

2019-08-10 23:59:50 - [TEST_STEP][PASSED] - println(symbol): null

2019-08-10 23:59:50 - [TEST_STEP][PASSED] - if (i == 2 &amp;&amp; wildList.indexOf(symbol) != -1): null

2019-08-10 23:59:50 - [TEST_STEP][PASSED] - if (i == 3 &amp;&amp; wildList.indexOf(symbol) != -1): null

2019-08-10 23:59:50 - [TEST_STEP][PASSED] - if (i == 4 &amp;&amp; wildList.indexOf(symbol) != -1): null

2019-08-10 23:59:50 - [TEST_STEP][PASSED] - symbol = symbol: null

2019-08-10 23:59:50 - [TEST_STEP][PASSED] - println(symbol): null

2019-08-10 23:59:50 - [TEST_STEP][PASSED] - if (i == 2 &amp;&amp; wildList.indexOf(symbol) != -1): null

2019-08-10 23:59:50 - [TEST_STEP][PASSED] - if (i == 3 &amp;&amp; wildList.indexOf(symbol) != -1): null

2019-08-10 23:59:50 - [TEST_STEP][PASSED] - if (i == 4 &amp;&amp; wildList.indexOf(symbol) != -1): null

2019-08-10 23:59:50 - [TEST_STEP][PASSED] - symbols = symbols: null

2019-08-10 23:59:50 - [TEST_STEP][PASSED] - for ([j = 0, j &lt; symbols.size(), (j++)]): null

2019-08-10 23:59:50 - [TEST_STEP][PASSED] - symbol = symbol: null

2019-08-10 23:59:50 - [TEST_STEP][PASSED] - println(symbol): null

2019-08-10 23:59:50 - [TEST_STEP][PASSED] - if (i == 2 &amp;&amp; wildList.indexOf(symbol) != -1): null

2019-08-10 23:59:50 - [TEST_STEP][PASSED] - if (i == 3 &amp;&amp; wildList.indexOf(symbol) != -1): null

2019-08-10 23:59:50 - [TEST_STEP][PASSED] - if (i == 4 &amp;&amp; wildList.indexOf(symbol) != -1): null

2019-08-10 23:59:50 - [TEST_STEP][PASSED] - symbol = symbol: null

2019-08-10 23:59:54 - [TEST_STEP][PASSED] - println(symbol): null

2019-08-10 23:59:54 - [TEST_STEP][PASSED] - if (i == 2 &amp;&amp; wildList.indexOf(symbol) != -1): null

2019-08-10 23:59:54 - [TEST_STEP][PASSED] - if (i == 3 &amp;&amp; wildList.indexOf(symbol) != -1): null

2019-08-10 23:59:54 - [TEST_STEP][PASSED] - if (i == 4 &amp;&amp; wildList.indexOf(symbol) != -1): null

2019-08-10 23:59:54 - [TEST_STEP][PASSED] - symbol = symbol: null

2019-08-10 23:59:54 - [TEST_STEP][PASSED] - println(symbol): null

2019-08-10 23:59:54 - [TEST_STEP][PASSED] - if (i == 2 &amp;&amp; wildList.indexOf(symbol) != -1): null

2019-08-10 23:59:54 - [TEST_STEP][PASSED] - if (i == 3 &amp;&amp; wildList.indexOf(symbol) != -1): null

2019-08-10 23:59:54 - [TEST_STEP][PASSED] - if (i == 4 &amp;&amp; wildList.indexOf(symbol) != -1): null

2019-08-11 00:00:00 - [TEST_STEP][PASSED] - free_spin_reel_counter = free_spin_reel_counter: null

2019-08-11 00:00:00 - [TEST_STEP][PASSED] - println("reel 3 wild found: " + free_spin_reel_counter[0]): null

2019-08-11 00:00:00 - [TEST_STEP][PASSED] - println("reel 4 wild found: " + free_spin_reel_counter[1]): null

2019-08-11 00:00:00 - [TEST_STEP][PASSED] - println("reel 5 wild found: " + free_spin_reel_counter[2]): null

2019-08-11 00:00:00 - [TEST_STEP][PASSED] - M4_spin_reels = M4_spin_reels: null

2019-08-11 00:00:05 - [TEST_STEP][PASSED] - M4_spin_reels_symbols = symbol: null

2019-08-11 00:00:05 - [TEST_STEP][PASSED] - M4_spin_reels_symbols = M4_spin_reels_symbols: null

2019-08-11 00:00:05 - [TEST_STEP][PASSED] - M4_spin_reel_wins = reel_wins: null

2019-08-11 00:00:05 - [TEST_STEP][PASSED] - M4_spin_reel_wins = M4_spin_reel_wins: null

2019-08-11 00:00:05 - [TEST_STEP][PASSED] - println("GlobalVariable.M4_spin_reel_wins is: " + M4_spin_reel_wins): null

2019-08-11 00:00:05 - [TEST_STEP][PASSED] - M4_spin_total_bonus_win_this_round = total_bonus_win_this_round: null

2019-08-11 00:00:05 - [TEST_STEP][PASSED] - M4_spin_total_bonus_win_this_round = M4_spin_total_bonus_win_this_round: null

2019-08-11 00:00:05 - [TEST_STEP][PASSED] - println("GlobalVariable.M4_spin_total_bonus_win_this_round is: " + M4_spin_total_bonus_win_this_round): null

2019-08-11 00:00:05 - [MESSAGE][PASSED] - Verify response successfully

2019-08-11 00:00:05 - [MESSAGE][PASSED] - Send request and verify the response successfully

2019-08-11 00:00:05 - [TEST_STEP][PASSED] - if (M4_total_bonus_spins_int != 0 &amp;&amp; M4_spin_reels_symbols[2].contains("WILD_Double") || M4_spin_reels_symbols[4].contains("WILD_Triple")): null

2019-08-11 00:00:05 - [TEST_STEP][PASSED] - free_spin_reel_counter = free_spin_reel_counter: null

2019-08-11 00:00:05 - [TEST_STEP][PASSED] - M4_spin_reels_symbols = M4_spin_reels_symbols: null

2019-08-11 00:00:05 - [TEST_STEP][PASSED] - M4_total_bonus_spins = M4_total_bonus_spins: null

2019-08-11 00:00:05 - [TEST_STEP][PASSED] - spin_result = sendRequestAndVerify(findTestObject("RGS(M4)/1_M4_spin", ["M4_login_user_id":M4_login_user_id, "rgs_session_token":rgs_session_token, "partner":Partner])): Send request and verify the response successfully

2019-08-11 00:00:05 - [TEST_CASE][PASSED] - Start Test Case : Verification: Verification accomplished successfully

2019-08-11 00:00:05 - [TEST_STEP][PASSED] - request = getInstance().getCurrentRequest(): null

2019-08-11 00:00:05 - [TEST_STEP][PASSED] - response = getInstance().getCurrentResponse(): null

2019-08-11 00:00:05 - [TEST_STEP][PASSED] - verifyResponseStatusCode(response, 200): Verify response status code successfully

2019-08-11 00:00:05 - [MESSAGE][PASSED] - Verify response status code successfully

2019-08-11 00:00:05 - [TEST_STEP][PASSED] - getStatusCode()).isEqualTo(200): null

2019-08-11 00:00:05 - [TEST_STEP][PASSED] - newline = System.getProperty("line.separator"): null

2019-08-11 00:00:05 - [TEST_STEP][PASSED] - M4_spin = new groovy.json.JsonSlurper(): null

2019-08-11 00:00:05 - [TEST_STEP][PASSED] - result_M4_spin = M4_spin.parseText(response.getResponseBodyContent()): null

2019-08-11 00:00:05 - [TEST_STEP][PASSED] - M4_spin_current_balance = current_balance: null

2019-08-11 00:00:05 - [TEST_STEP][PASSED] - M4_spin_current_balance = M4_spin_current_balance: null

2019-08-11 00:00:05 - [TEST_STEP][PASSED] - M4_spin_transaction_id = causality: null

2019-08-11 00:00:05 - [TEST_STEP][PASSED] - M4_spin_transaction_id = M4_spin_transaction_id: null

2019-08-11 00:00:05 - [TEST_STEP][PASSED] - M4_spin_round_id = round_id: null

2019-08-11 00:00:05 - [TEST_STEP][PASSED] - M4_spin_round_id = M4_spin_round_id: null

2019-08-11 00:00:05 - [TEST_STEP][PASSED] - M4_spin_line_wins = line_wins: null

2019-08-11 00:00:05 - [TEST_STEP][PASSED] - M4_spin_line_wins = M4_spin_line_wins: null

2019-08-11 00:00:05 - [TEST_STEP][PASSED] - M4_total_bonus_spins_int = total_bonus_spins: null

2019-08-11 00:00:05 - [TEST_STEP][PASSED] - println("******M4_total_bonus_spins type is:*******" + newline + getClass().getName()): null

2019-08-11 00:00:05 - [TEST_STEP][PASSED] - M4_total_bonus_spins_int = M4_total_bonus_spins_int: null

2019-08-11 00:00:05 - [TEST_STEP][PASSED] - M4_total_bonus_spins = Integer.toString(M4_total_bonus_spins_int): null

2019-08-11 00:00:05 - [TEST_STEP][PASSED] - M4_total_bonus_spins = M4_total_bonus_spins: null

2019-08-11 00:00:05 - [TEST_STEP][PASSED] - println("M4_total_bonus_spins is:" + M4_total_bonus_spins): null

2019-08-11 00:00:05 - [TEST_STEP][PASSED] - M4_spin_bonus_data = bonus_data: null

2019-08-11 00:00:05 - [TEST_STEP][PASSED] - M4_spin_features_triggered = result_M4_spin: null

2019-08-11 00:00:05 - [TEST_STEP][PASSED] - wild = []: null

2019-08-11 00:00:05 - [TEST_STEP][PASSED] - wild[0] = "WILD_Expanding": null

2019-08-11 00:00:05 - [TEST_STEP][PASSED] - wild[1] = "WILD_Normal": null

2019-08-11 00:00:05 - [TEST_STEP][PASSED] - wild[2] = "WILD_Double": null

2019-08-11 00:00:05 - [TEST_STEP][PASSED] - wild[3] = "WILD_ExtraFG": null

2019-08-11 00:00:05 - [TEST_STEP][PASSED] - wild[4] = "WILD_Triple": null

2019-08-11 00:00:05 - [TEST_STEP][PASSED] - wildList = Arrays.asList(wild): null

2019-08-11 00:00:05 - [TEST_STEP][PASSED] - wildList = wildList: null

2019-08-11 00:00:05 - [TEST_STEP][PASSED] - free_spin_reel_counter = []: null

2019-08-11 00:00:05 - [TEST_STEP][PASSED] - free_spin_reel_counter[0] = 0: null

2019-08-11 00:00:05 - [TEST_STEP][PASSED] - free_spin_reel_counter[1] = 0: null

2019-08-11 00:00:05 - [TEST_STEP][PASSED] - free_spin_reel_counter[2] = 0: null

2019-08-11 00:00:05 - [TEST_STEP][PASSED] - M4_spin_reels = reels: null

2019-08-11 00:00:05 - [TEST_STEP][PASSED] - for ([i = 0, i &lt; M4_spin_reels.size(), (i++)]): null

2019-08-11 00:00:05 - [TEST_STEP][PASSED] - symbols = symbols: null

2019-08-11 00:00:05 - [TEST_STEP][PASSED] - for ([j = 0, j &lt; symbols.size(), (j++)]): null

2019-08-11 00:00:05 - [TEST_STEP][PASSED] - symbol = symbol: null

2019-08-11 00:00:05 - [TEST_STEP][PASSED] - println(symbol): null

2019-08-11 00:00:05 - [TEST_STEP][PASSED] - if (i == 2 &amp;&amp; wildList.indexOf(symbol) != -1): null

2019-08-11 00:00:05 - [TEST_STEP][PASSED] - if (i == 3 &amp;&amp; wildList.indexOf(symbol) != -1): null

2019-08-11 00:00:05 - [TEST_STEP][PASSED] - if (i == 4 &amp;&amp; wildList.indexOf(symbol) != -1): null

2019-08-11 00:00:05 - [TEST_STEP][PASSED] - symbol = symbol: null

2019-08-11 00:00:05 - [TEST_STEP][PASSED] - println(symbol): null

2019-08-11 00:00:05 - [TEST_STEP][PASSED] - if (i == 2 &amp;&amp; wildList.indexOf(symbol) != -1): null

2019-08-11 00:00:05 - [TEST_STEP][PASSED] - if (i == 3 &amp;&amp; wildList.indexOf(symbol) != -1): null

2019-08-11 00:00:05 - [TEST_STEP][PASSED] - if (i == 4 &amp;&amp; wildList.indexOf(symbol) != -1): null

2019-08-11 00:00:05 - [TEST_STEP][PASSED] - symbol = symbol: null

2019-08-11 00:00:05 - [TEST_STEP][PASSED] - println(symbol): null

2019-08-11 00:00:05 - [TEST_STEP][PASSED] - if (i == 2 &amp;&amp; wildList.indexOf(symbol) != -1): null

2019-08-11 00:00:05 - [TEST_STEP][PASSED] - if (i == 3 &amp;&amp; wildList.indexOf(symbol) != -1): null

2019-08-11 00:00:05 - [TEST_STEP][PASSED] - if (i == 4 &amp;&amp; wildList.indexOf(symbol) != -1): null

2019-08-11 00:00:05 - [TEST_STEP][PASSED] - symbols = symbols: null

2019-08-11 00:00:05 - [TEST_STEP][PASSED] - for ([j = 0, j &lt; symbols.size(), (j++)]): null

2019-08-11 00:00:05 - [TEST_STEP][PASSED] - symbol = symbol: null

2019-08-11 00:00:05 - [TEST_STEP][PASSED] - println(symbol): null

2019-08-11 00:00:05 - [TEST_STEP][PASSED] - if (i == 2 &amp;&amp; wildList.indexOf(symbol) != -1): null

2019-08-11 00:00:05 - [TEST_STEP][PASSED] - if (i == 3 &amp;&amp; wildList.indexOf(symbol) != -1): null

2019-08-11 00:00:05 - [TEST_STEP][PASSED] - if (i == 4 &amp;&amp; wildList.indexOf(symbol) != -1): null

2019-08-11 00:00:05 - [TEST_STEP][PASSED] - symbol = symbol: null

2019-08-11 00:00:05 - [TEST_STEP][PASSED] - println(symbol): null

2019-08-11 00:00:05 - [TEST_STEP][PASSED] - if (i == 2 &amp;&amp; wildList.indexOf(symbol) != -1): null

2019-08-11 00:00:05 - [TEST_STEP][PASSED] - if (i == 3 &amp;&amp; wildList.indexOf(symbol) != -1): null

2019-08-11 00:00:05 - [TEST_STEP][PASSED] - if (i == 4 &amp;&amp; wildList.indexOf(symbol) != -1): null

2019-08-11 00:00:05 - [TEST_STEP][PASSED] - symbol = symbol: null

2019-08-11 00:00:05 - [TEST_STEP][PASSED] - println(symbol): null

2019-08-11 00:00:05 - [TEST_STEP][PASSED] - if (i == 2 &amp;&amp; wildList.indexOf(symbol) != -1): null

2019-08-11 00:00:05 - [TEST_STEP][PASSED] - if (i == 3 &amp;&amp; wildList.indexOf(symbol) != -1): null

2019-08-11 00:00:05 - [TEST_STEP][PASSED] - if (i == 4 &amp;&amp; wildList.indexOf(symbol) != -1): null

2019-08-11 00:00:05 - [TEST_STEP][PASSED] - symbols = symbols: null

2019-08-11 00:00:05 - [TEST_STEP][PASSED] - for ([j = 0, j &lt; symbols.size(), (j++)]): null

2019-08-11 00:00:05 - [TEST_STEP][PASSED] - symbol = symbol: null

2019-08-11 00:00:05 - [TEST_STEP][PASSED] - println(symbol): null

2019-08-11 00:00:05 - [TEST_STEP][PASSED] - if (i == 2 &amp;&amp; wildList.indexOf(symbol) != -1): null

2019-08-11 00:00:05 - [TEST_STEP][PASSED] - if (i == 3 &amp;&amp; wildList.indexOf(symbol) != -1): null

2019-08-11 00:00:05 - [TEST_STEP][PASSED] - if (i == 4 &amp;&amp; wildList.indexOf(symbol) != -1): null

2019-08-11 00:00:05 - [TEST_STEP][PASSED] - symbol = symbol: null

2019-08-11 00:00:05 - [TEST_STEP][PASSED] - println(symbol): null

2019-08-11 00:00:05 - [TEST_STEP][PASSED] - if (i == 2 &amp;&amp; wildList.indexOf(symbol) != -1): null

2019-08-11 00:00:05 - [TEST_STEP][PASSED] - if (i == 3 &amp;&amp; wildList.indexOf(symbol) != -1): null

2019-08-11 00:00:05 - [TEST_STEP][PASSED] - if (i == 4 &amp;&amp; wildList.indexOf(symbol) != -1): null

2019-08-11 00:00:05 - [TEST_STEP][PASSED] - symbol = symbol: null

2019-08-11 00:00:05 - [TEST_STEP][PASSED] - println(symbol): null

2019-08-11 00:00:05 - [TEST_STEP][PASSED] - if (i == 2 &amp;&amp; wildList.indexOf(symbol) != -1): null

2019-08-11 00:00:05 - [TEST_STEP][PASSED] - if (i == 3 &amp;&amp; wildList.indexOf(symbol) != -1): null

2019-08-11 00:00:05 - [TEST_STEP][PASSED] - if (i == 4 &amp;&amp; wildList.indexOf(symbol) != -1): null

2019-08-11 00:00:05 - [TEST_STEP][PASSED] - symbols = symbols: null

2019-08-11 00:00:05 - [TEST_STEP][PASSED] - for ([j = 0, j &lt; symbols.size(), (j++)]): null

2019-08-11 00:00:05 - [TEST_STEP][PASSED] - symbol = symbol: null

2019-08-11 00:00:05 - [TEST_STEP][PASSED] - println(symbol): null

2019-08-11 00:00:05 - [TEST_STEP][PASSED] - if (i == 2 &amp;&amp; wildList.indexOf(symbol) != -1): null

2019-08-11 00:00:05 - [TEST_STEP][PASSED] - if (i == 3 &amp;&amp; wildList.indexOf(symbol) != -1): null

2019-08-11 00:00:05 - [TEST_STEP][PASSED] - if (i == 4 &amp;&amp; wildList.indexOf(symbol) != -1): null

2019-08-11 00:00:05 - [TEST_STEP][PASSED] - symbol = symbol: null

2019-08-11 00:00:05 - [TEST_STEP][PASSED] - println(symbol): null

2019-08-11 00:00:05 - [TEST_STEP][PASSED] - if (i == 2 &amp;&amp; wildList.indexOf(symbol) != -1): null

2019-08-11 00:00:05 - [TEST_STEP][PASSED] - if (i == 3 &amp;&amp; wildList.indexOf(symbol) != -1): null

2019-08-11 00:00:05 - [TEST_STEP][PASSED] - if (i == 4 &amp;&amp; wildList.indexOf(symbol) != -1): null

2019-08-11 00:00:05 - [TEST_STEP][PASSED] - symbol = symbol: null

2019-08-11 00:00:05 - [TEST_STEP][PASSED] - println(symbol): null

2019-08-11 00:00:05 - [TEST_STEP][PASSED] - if (i == 2 &amp;&amp; wildList.indexOf(symbol) != -1): null

2019-08-11 00:00:05 - [TEST_STEP][PASSED] - if (i == 3 &amp;&amp; wildList.indexOf(symbol) != -1): null

2019-08-11 00:00:05 - [TEST_STEP][PASSED] - if (i == 4 &amp;&amp; wildList.indexOf(symbol) != -1): null

2019-08-11 00:00:05 - [TEST_STEP][PASSED] - symbols = symbols: null

2019-08-11 00:00:05 - [TEST_STEP][PASSED] - for ([j = 0, j &lt; symbols.size(), (j++)]): null

2019-08-11 00:00:05 - [TEST_STEP][PASSED] - symbol = symbol: null

2019-08-11 00:00:05 - [TEST_STEP][PASSED] - println(symbol): null

2019-08-11 00:00:05 - [TEST_STEP][PASSED] - if (i == 2 &amp;&amp; wildList.indexOf(symbol) != -1): null

2019-08-11 00:00:05 - [TEST_STEP][PASSED] - if (i == 3 &amp;&amp; wildList.indexOf(symbol) != -1): null

2019-08-11 00:00:05 - [TEST_STEP][PASSED] - if (i == 4 &amp;&amp; wildList.indexOf(symbol) != -1): null

2019-08-11 00:00:05 - [TEST_STEP][PASSED] - symbol = symbol: null

2019-08-11 00:00:05 - [TEST_STEP][PASSED] - println(symbol): null

2019-08-11 00:00:05 - [TEST_STEP][PASSED] - if (i == 2 &amp;&amp; wildList.indexOf(symbol) != -1): null

2019-08-11 00:00:05 - [TEST_STEP][PASSED] - if (i == 3 &amp;&amp; wildList.indexOf(symbol) != -1): null

2019-08-11 00:00:05 - [TEST_STEP][PASSED] - if (i == 4 &amp;&amp; wildList.indexOf(symbol) != -1): null

2019-08-11 00:00:05 - [TEST_STEP][PASSED] - symbol = symbol: null

2019-08-11 00:00:05 - [TEST_STEP][PASSED] - println(symbol): null

2019-08-11 00:00:05 - [TEST_STEP][PASSED] - if (i == 2 &amp;&amp; wildList.indexOf(symbol) != -1): null

2019-08-11 00:00:05 - [TEST_STEP][PASSED] - if (i == 3 &amp;&amp; wildList.indexOf(symbol) != -1): null

2019-08-11 00:00:05 - [TEST_STEP][PASSED] - if (i == 4 &amp;&amp; wildList.indexOf(symbol) != -1): null

2019-08-11 00:00:05 - [TEST_STEP][PASSED] - free_spin_reel_counter = free_spin_reel_counter: null

2019-08-11 00:00:05 - [TEST_STEP][PASSED] - println("reel 3 wild found: " + free_spin_reel_counter[0]): null

2019-08-11 00:00:05 - [TEST_STEP][PASSED] - println("reel 4 wild found: " + free_spin_reel_counter[1]): null

2019-08-11 00:00:05 - [TEST_STEP][PASSED] - println("reel 5 wild found: " + free_spin_reel_counter[2]): null

2019-08-11 00:00:05 - [TEST_STEP][PASSED] - M4_spin_reels = M4_spin_reels: null

2019-08-11 00:00:05 - [TEST_STEP][PASSED] - M4_spin_reels_symbols = symbol: null

2019-08-11 00:00:05 - [TEST_STEP][PASSED] - M4_spin_reels_symbols = M4_spin_reels_symbols: null

2019-08-11 00:00:05 - [TEST_STEP][PASSED] - M4_spin_reel_wins = reel_wins: null

2019-08-11 00:00:05 - [TEST_STEP][PASSED] - M4_spin_reel_wins = M4_spin_reel_wins: null

2019-08-11 00:00:05 - [TEST_STEP][PASSED] - println("GlobalVariable.M4_spin_reel_wins is: " + M4_spin_reel_wins): null

2019-08-11 00:00:05 - [TEST_STEP][PASSED] - M4_spin_total_bonus_win_this_round = total_bonus_win_this_round: null

2019-08-11 00:00:05 - [TEST_STEP][PASSED] - M4_spin_total_bonus_win_this_round = M4_spin_total_bonus_win_this_round: null

2019-08-11 00:00:05 - [TEST_STEP][PASSED] - println("GlobalVariable.M4_spin_total_bonus_win_this_round is: " + M4_spin_total_bonus_win_this_round): null

2019-08-11 00:00:05 - [MESSAGE][PASSED] - Verify response successfully

2019-08-11 00:00:05 - [MESSAGE][PASSED] - Send request and verify the response successfully

2019-08-11 00:00:05 - [TEST_STEP][PASSED] - if (M4_total_bonus_spins_int != 0 &amp;&amp; M4_spin_reels_symbols[2].contains("WILD_Double") || M4_spin_reels_symbols[4].contains("WILD_Triple")): null

2019-08-11 00:00:05 - [TEST_STEP][PASSED] - free_spin_reel_counter = free_spin_reel_counter: null

2019-08-11 00:00:05 - [TEST_STEP][PASSED] - M4_spin_reels_symbols = M4_spin_reels_symbols: null

2019-08-11 00:00:05 - [TEST_STEP][PASSED] - M4_total_bonus_spins = M4_total_bonus_spins: null

2019-08-11 00:00:05 - [TEST_STEP][PASSED] - spin_result = sendRequestAndVerify(findTestObject("RGS(M4)/1_M4_spin", ["M4_login_user_id":M4_login_user_id, "rgs_session_token":rgs_session_token, "partner":Partner])): Send request and verify the response successfully

2019-08-11 00:00:06 - [TEST_CASE][PASSED] - Start Test Case : Verification: Verification accomplished successfully

2019-08-11 00:00:06 - [TEST_STEP][PASSED] - request = getInstance().getCurrentRequest(): null

2019-08-11 00:00:06 - [TEST_STEP][PASSED] - response = getInstance().getCurrentResponse(): null

2019-08-11 00:00:06 - [TEST_STEP][PASSED] - verifyResponseStatusCode(response, 200): Verify response status code successfully

2019-08-11 00:00:06 - [MESSAGE][PASSED] - Verify response status code successfully

2019-08-11 00:00:06 - [TEST_STEP][PASSED] - getStatusCode()).isEqualTo(200): null

2019-08-11 00:00:06 - [TEST_STEP][PASSED] - newline = System.getProperty("line.separator"): null

2019-08-11 00:00:06 - [TEST_STEP][PASSED] - M4_spin = new groovy.json.JsonSlurper(): null

2019-08-11 00:00:06 - [TEST_STEP][PASSED] - result_M4_spin = M4_spin.parseText(response.getResponseBodyContent()): null

2019-08-11 00:00:06 - [TEST_STEP][PASSED] - M4_spin_current_balance = current_balance: null

2019-08-11 00:00:06 - [TEST_STEP][PASSED] - M4_spin_current_balance = M4_spin_current_balance: null

2019-08-11 00:00:06 - [TEST_STEP][PASSED] - M4_spin_transaction_id = causality: null

2019-08-11 00:00:06 - [TEST_STEP][PASSED] - M4_spin_transaction_id = M4_spin_transaction_id: null

2019-08-11 00:00:06 - [TEST_STEP][PASSED] - M4_spin_round_id = round_id: null

2019-08-11 00:00:06 - [TEST_STEP][PASSED] - M4_spin_round_id = M4_spin_round_id: null

2019-08-11 00:00:06 - [TEST_STEP][PASSED] - M4_spin_line_wins = line_wins: null

2019-08-11 00:00:06 - [TEST_STEP][PASSED] - M4_spin_line_wins = M4_spin_line_wins: null

2019-08-11 00:00:06 - [TEST_STEP][PASSED] - M4_total_bonus_spins_int = total_bonus_spins: null

2019-08-11 00:00:06 - [TEST_STEP][PASSED] - println("******M4_total_bonus_spins type is:*******" + newline + getClass().getName()): null

2019-08-11 00:00:06 - [TEST_STEP][PASSED] - M4_total_bonus_spins_int = M4_total_bonus_spins_int: null

2019-08-11 00:00:06 - [TEST_STEP][PASSED] - M4_total_bonus_spins = Integer.toString(M4_total_bonus_spins_int): null

2019-08-11 00:00:06 - [TEST_STEP][PASSED] - M4_total_bonus_spins = M4_total_bonus_spins: null

2019-08-11 00:00:06 - [TEST_STEP][PASSED] - println("M4_total_bonus_spins is:" + M4_total_bonus_spins): null

2019-08-11 00:00:06 - [TEST_STEP][PASSED] - M4_spin_bonus_data = bonus_data: null

2019-08-11 00:00:06 - [TEST_STEP][PASSED] - M4_spin_features_triggered = result_M4_spin: null

2019-08-11 00:00:06 - [TEST_STEP][PASSED] - wild = []: null

2019-08-11 00:00:06 - [TEST_STEP][PASSED] - wild[0] = "WILD_Expanding": null

2019-08-11 00:00:06 - [TEST_STEP][PASSED] - wild[1] = "WILD_Normal": null

2019-08-11 00:00:06 - [TEST_STEP][PASSED] - wild[2] = "WILD_Double": null

2019-08-11 00:00:06 - [TEST_STEP][PASSED] - wild[3] = "WILD_ExtraFG": null

2019-08-11 00:00:06 - [TEST_STEP][PASSED] - wild[4] = "WILD_Triple": null

2019-08-11 00:00:06 - [TEST_STEP][PASSED] - wildList = Arrays.asList(wild): null

2019-08-11 00:00:06 - [TEST_STEP][PASSED] - wildList = wildList: null

2019-08-11 00:00:06 - [TEST_STEP][PASSED] - free_spin_reel_counter = []: null

2019-08-11 00:00:06 - [TEST_STEP][PASSED] - free_spin_reel_counter[0] = 0: null

2019-08-11 00:00:06 - [TEST_STEP][PASSED] - free_spin_reel_counter[1] = 0: null

2019-08-11 00:00:06 - [TEST_STEP][PASSED] - free_spin_reel_counter[2] = 0: null

2019-08-11 00:00:06 - [TEST_STEP][PASSED] - M4_spin_reels = reels: null

2019-08-11 00:00:06 - [TEST_STEP][PASSED] - for ([i = 0, i &lt; M4_spin_reels.size(), (i++)]): null

2019-08-11 00:00:06 - [TEST_STEP][PASSED] - symbols = symbols: null

2019-08-11 00:00:06 - [TEST_STEP][PASSED] - for ([j = 0, j &lt; symbols.size(), (j++)]): null

2019-08-11 00:00:06 - [TEST_STEP][PASSED] - symbol = symbol: null

2019-08-11 00:00:06 - [TEST_STEP][PASSED] - println(symbol): null

2019-08-11 00:00:06 - [TEST_STEP][PASSED] - if (i == 2 &amp;&amp; wildList.indexOf(symbol) != -1): null

2019-08-11 00:00:06 - [TEST_STEP][PASSED] - if (i == 3 &amp;&amp; wildList.indexOf(symbol) != -1): null

2019-08-11 00:00:06 - [TEST_STEP][PASSED] - if (i == 4 &amp;&amp; wildList.indexOf(symbol) != -1): null

2019-08-11 00:00:06 - [TEST_STEP][PASSED] - symbol = symbol: null

2019-08-11 00:00:06 - [TEST_STEP][PASSED] - println(symbol): null

2019-08-11 00:00:06 - [TEST_STEP][PASSED] - if (i == 2 &amp;&amp; wildList.indexOf(symbol) != -1): null

2019-08-11 00:00:06 - [TEST_STEP][PASSED] - if (i == 3 &amp;&amp; wildList.indexOf(symbol) != -1): null

2019-08-11 00:00:06 - [TEST_STEP][PASSED] - if (i == 4 &amp;&amp; wildList.indexOf(symbol) != -1): null

2019-08-11 00:00:06 - [TEST_STEP][PASSED] - symbol = symbol: null

2019-08-11 00:00:06 - [TEST_STEP][PASSED] - println(symbol): null

2019-08-11 00:00:06 - [TEST_STEP][PASSED] - if (i == 2 &amp;&amp; wildList.indexOf(symbol) != -1): null

2019-08-11 00:00:06 - [TEST_STEP][PASSED] - if (i == 3 &amp;&amp; wildList.indexOf(symbol) != -1): null

2019-08-11 00:00:06 - [TEST_STEP][PASSED] - if (i == 4 &amp;&amp; wildList.indexOf(symbol) != -1): null

2019-08-11 00:00:06 - [TEST_STEP][PASSED] - symbols = symbols: null

2019-08-11 00:00:06 - [TEST_STEP][PASSED] - for ([j = 0, j &lt; symbols.size(), (j++)]): null

2019-08-11 00:00:06 - [TEST_STEP][PASSED] - symbol = symbol: null

2019-08-11 00:00:06 - [TEST_STEP][PASSED] - println(symbol): null

2019-08-11 00:00:06 - [TEST_STEP][PASSED] - if (i == 2 &amp;&amp; wildList.indexOf(symbol) != -1): null

2019-08-11 00:00:06 - [TEST_STEP][PASSED] - if (i == 3 &amp;&amp; wildList.indexOf(symbol) != -1): null

2019-08-11 00:00:06 - [TEST_STEP][PASSED] - if (i == 4 &amp;&amp; wildList.indexOf(symbol) != -1): null

2019-08-11 00:00:06 - [TEST_STEP][PASSED] - symbol = symbol: null

2019-08-11 00:00:06 - [TEST_STEP][PASSED] - println(symbol): null

2019-08-11 00:00:06 - [TEST_STEP][PASSED] - if (i == 2 &amp;&amp; wildList.indexOf(symbol) != -1): null

2019-08-11 00:00:06 - [TEST_STEP][PASSED] - if (i == 3 &amp;&amp; wildList.indexOf(symbol) != -1): null

2019-08-11 00:00:06 - [TEST_STEP][PASSED] - if (i == 4 &amp;&amp; wildList.indexOf(symbol) != -1): null

2019-08-11 00:00:06 - [TEST_STEP][PASSED] - symbol = symbol: null

2019-08-11 00:00:06 - [TEST_STEP][PASSED] - println(symbol): null

2019-08-11 00:00:06 - [TEST_STEP][PASSED] - if (i == 2 &amp;&amp; wildList.indexOf(symbol) != -1): null

2019-08-11 00:00:06 - [TEST_STEP][PASSED] - if (i == 3 &amp;&amp; wildList.indexOf(symbol) != -1): null

2019-08-11 00:00:06 - [TEST_STEP][PASSED] - if (i == 4 &amp;&amp; wildList.indexOf(symbol) != -1): null

2019-08-11 00:00:06 - [TEST_STEP][PASSED] - symbols = symbols: null

2019-08-11 00:00:06 - [TEST_STEP][PASSED] - for ([j = 0, j &lt; symbols.size(), (j++)]): null

2019-08-11 00:00:06 - [TEST_STEP][PASSED] - symbol = symbol: null

2019-08-11 00:00:06 - [TEST_STEP][PASSED] - println(symbol): null

2019-08-11 00:00:06 - [TEST_STEP][PASSED] - if (i == 2 &amp;&amp; wildList.indexOf(symbol) != -1): null

2019-08-11 00:00:06 - [TEST_STEP][PASSED] - println("wild found on reel 3, adding counter by 1"): null

2019-08-11 00:00:06 - [TEST_STEP][PASSED] - free_spin_reel_counter[0] = free_spin_reel_counter[0] + 1: null

2019-08-11 00:00:06 - [TEST_STEP][PASSED] - if (i == 3 &amp;&amp; wildList.indexOf(symbol) != -1): null

2019-08-11 00:00:06 - [TEST_STEP][PASSED] - if (i == 4 &amp;&amp; wildList.indexOf(symbol) != -1): null

2019-08-11 00:00:06 - [TEST_STEP][PASSED] - symbol = symbol: null

2019-08-11 00:00:06 - [TEST_STEP][PASSED] - println(symbol): null

2019-08-11 00:00:06 - [TEST_STEP][PASSED] - if (i == 2 &amp;&amp; wildList.indexOf(symbol) != -1): null

2019-08-11 00:00:06 - [TEST_STEP][PASSED] - if (i == 3 &amp;&amp; wildList.indexOf(symbol) != -1): null

2019-08-11 00:00:06 - [TEST_STEP][PASSED] - if (i == 4 &amp;&amp; wildList.indexOf(symbol) != -1): null

2019-08-11 00:00:06 - [TEST_STEP][PASSED] - symbol = symbol: null

2019-08-11 00:00:06 - [TEST_STEP][PASSED] - println(symbol): null

2019-08-11 00:00:06 - [TEST_STEP][PASSED] - if (i == 2 &amp;&amp; wildList.indexOf(symbol) != -1): null

2019-08-11 00:00:06 - [TEST_STEP][PASSED] - if (i == 3 &amp;&amp; wildList.indexOf(symbol) != -1): null

2019-08-11 00:00:06 - [TEST_STEP][PASSED] - if (i == 4 &amp;&amp; wildList.indexOf(symbol) != -1): null

2019-08-11 00:00:06 - [TEST_STEP][PASSED] - symbols = symbols: null

2019-08-11 00:00:06 - [TEST_STEP][PASSED] - for ([j = 0, j &lt; symbols.size(), (j++)]): null

2019-08-11 00:00:06 - [TEST_STEP][PASSED] - symbol = symbol: null

2019-08-11 00:00:06 - [TEST_STEP][PASSED] - println(symbol): null

2019-08-11 00:00:06 - [TEST_STEP][PASSED] - if (i == 2 &amp;&amp; wildList.indexOf(symbol) != -1): null

2019-08-11 00:00:06 - [TEST_STEP][PASSED] - if (i == 3 &amp;&amp; wildList.indexOf(symbol) != -1): null

2019-08-11 00:00:06 - [TEST_STEP][PASSED] - if (i == 4 &amp;&amp; wildList.indexOf(symbol) != -1): null

2019-08-11 00:00:06 - [TEST_STEP][PASSED] - symbol = symbol: null

2019-08-11 00:00:06 - [TEST_STEP][PASSED] - println(symbol): null

2019-08-11 00:00:06 - [TEST_STEP][PASSED] - if (i == 2 &amp;&amp; wildList.indexOf(symbol) != -1): null

2019-08-11 00:00:06 - [TEST_STEP][PASSED] - if (i == 3 &amp;&amp; wildList.indexOf(symbol) != -1): null

2019-08-11 00:00:06 - [TEST_STEP][PASSED] - if (i == 4 &amp;&amp; wildList.indexOf(symbol) != -1): null

2019-08-11 00:00:06 - [TEST_STEP][PASSED] - symbol = symbol: null

2019-08-11 00:00:06 - [TEST_STEP][PASSED] - println(symbol): null

2019-08-11 00:00:06 - [TEST_STEP][PASSED] - if (i == 2 &amp;&amp; wildList.indexOf(symbol) != -1): null

2019-08-11 00:00:06 - [TEST_STEP][PASSED] - if (i == 3 &amp;&amp; wildList.indexOf(symbol) != -1): null

2019-08-11 00:00:06 - [TEST_STEP][PASSED] - if (i == 4 &amp;&amp; wildList.indexOf(symbol) != -1): null

2019-08-11 00:00:06 - [TEST_STEP][PASSED] - symbols = symbols: null

2019-08-11 00:00:06 - [TEST_STEP][PASSED] - for ([j = 0, j &lt; symbols.size(), (j++)]): null

2019-08-11 00:00:06 - [TEST_STEP][PASSED] - symbol = symbol: null

2019-08-11 00:00:06 - [TEST_STEP][PASSED] - println(symbol): null

2019-08-11 00:00:06 - [TEST_STEP][PASSED] - if (i == 2 &amp;&amp; wildList.indexOf(symbol) != -1): null

2019-08-11 00:00:06 - [TEST_STEP][PASSED] - if (i == 3 &amp;&amp; wildList.indexOf(symbol) != -1): null

2019-08-11 00:00:06 - [TEST_STEP][PASSED] - if (i == 4 &amp;&amp; wildList.indexOf(symbol) != -1): null

2019-08-11 00:00:06 - [TEST_STEP][PASSED] - symbol = symbol: null

2019-08-11 00:00:06 - [TEST_STEP][PASSED] - println(symbol): null

2019-08-11 00:00:06 - [TEST_STEP][PASSED] - if (i == 2 &amp;&amp; wildList.indexOf(symbol) != -1): null

2019-08-11 00:00:06 - [TEST_STEP][PASSED] - if (i == 3 &amp;&amp; wildList.indexOf(symbol) != -1): null

2019-08-11 00:00:06 - [TEST_STEP][PASSED] - if (i == 4 &amp;&amp; wildList.indexOf(symbol) != -1): null

2019-08-11 00:00:06 - [TEST_STEP][PASSED] - symbol = symbol: null

2019-08-11 00:00:06 - [TEST_STEP][PASSED] - println(symbol): null

2019-08-11 00:00:06 - [TEST_STEP][PASSED] - if (i == 2 &amp;&amp; wildList.indexOf(symbol) != -1): null

2019-08-11 00:00:06 - [TEST_STEP][PASSED] - if (i == 3 &amp;&amp; wildList.indexOf(symbol) != -1): null

2019-08-11 00:00:06 - [TEST_STEP][PASSED] - if (i == 4 &amp;&amp; wildList.indexOf(symbol) != -1): null

2019-08-11 00:00:06 - [TEST_STEP][PASSED] - free_spin_reel_counter = free_spin_reel_counter: null

2019-08-11 00:00:06 - [TEST_STEP][PASSED] - println("reel 3 wild found: " + free_spin_reel_counter[0]): null

2019-08-11 00:00:06 - [TEST_STEP][PASSED] - println("reel 4 wild found: " + free_spin_reel_counter[1]): null

2019-08-11 00:00:06 - [TEST_STEP][PASSED] - println("reel 5 wild found: " + free_spin_reel_counter[2]): null

2019-08-11 00:00:06 - [TEST_STEP][PASSED] - M4_spin_reels = M4_spin_reels: null

2019-08-11 00:00:06 - [TEST_STEP][PASSED] - M4_spin_reels_symbols = symbol: null

2019-08-11 00:00:06 - [TEST_STEP][PASSED] - M4_spin_reels_symbols = M4_spin_reels_symbols: null

2019-08-11 00:00:06 - [TEST_STEP][PASSED] - M4_spin_reel_wins = reel_wins: null

2019-08-11 00:00:06 - [TEST_STEP][PASSED] - M4_spin_reel_wins = M4_spin_reel_wins: null

2019-08-11 00:00:06 - [TEST_STEP][PASSED] - println("GlobalVariable.M4_spin_reel_wins is: " + M4_spin_reel_wins): null

2019-08-11 00:00:06 - [TEST_STEP][PASSED] - M4_spin_total_bonus_win_this_round = total_bonus_win_this_round: null

2019-08-11 00:00:06 - [TEST_STEP][PASSED] - M4_spin_total_bonus_win_this_round = M4_spin_total_bonus_win_this_round: null

2019-08-11 00:00:06 - [TEST_STEP][PASSED] - println("GlobalVariable.M4_spin_total_bonus_win_this_round is: " + M4_spin_total_bonus_win_this_round): null

2019-08-11 00:00:06 - [MESSAGE][PASSED] - Verify response successfully

2019-08-11 00:00:06 - [MESSAGE][PASSED] - Send request and verify the response successfully

2019-08-11 00:00:06 - [TEST_STEP][PASSED] - if (M4_total_bonus_spins_int != 0 &amp;&amp; M4_spin_reels_symbols[2].contains("WILD_Double") || M4_spin_reels_symbols[4].contains("WILD_Triple")): null

2019-08-11 00:00:06 - [TEST_STEP][PASSED] - free_spin_reel_counter = free_spin_reel_counter: null

2019-08-11 00:00:06 - [TEST_STEP][PASSED] - M4_spin_reels_symbols = M4_spin_reels_symbols: null

2019-08-11 00:00:06 - [TEST_STEP][PASSED] - M4_total_bonus_spins = M4_total_bonus_spins: null

2019-08-11 00:00:06 - [TEST_STEP][PASSED] - spin_result = sendRequestAndVerify(findTestObject("RGS(M4)/1_M4_spin", ["M4_login_user_id":M4_login_user_id, "rgs_session_token":rgs_session_token, "partner":Partner])): Send request and verify the response successfully

2019-08-11 00:00:06 - [TEST_CASE][PASSED] - Start Test Case : Verification: Verification accomplished successfully

2019-08-11 00:00:06 - [TEST_STEP][PASSED] - request = getInstance().getCurrentRequest(): null

2019-08-11 00:00:06 - [TEST_STEP][PASSED] - response = getInstance().getCurrentResponse(): null

2019-08-11 00:00:06 - [TEST_STEP][PASSED] - verifyResponseStatusCode(response, 200): Verify response status code successfully

2019-08-11 00:00:06 - [MESSAGE][PASSED] - Verify response status code successfully

2019-08-11 00:00:06 - [TEST_STEP][PASSED] - getStatusCode()).isEqualTo(200): null

2019-08-11 00:00:06 - [TEST_STEP][PASSED] - newline = System.getProperty("line.separator"): null

2019-08-11 00:00:06 - [TEST_STEP][PASSED] - M4_spin = new groovy.json.JsonSlurper(): null

2019-08-11 00:00:06 - [TEST_STEP][PASSED] - result_M4_spin = M4_spin.parseText(response.getResponseBodyContent()): null

2019-08-11 00:00:06 - [TEST_STEP][PASSED] - M4_spin_current_balance = current_balance: null

2019-08-11 00:00:06 - [TEST_STEP][PASSED] - M4_spin_current_balance = M4_spin_current_balance: null

2019-08-11 00:00:06 - [TEST_STEP][PASSED] - M4_spin_transaction_id = causality: null

2019-08-11 00:00:06 - [TEST_STEP][PASSED] - M4_spin_transaction_id = M4_spin_transaction_id: null

2019-08-11 00:00:06 - [TEST_STEP][PASSED] - M4_spin_round_id = round_id: null

2019-08-11 00:00:06 - [TEST_STEP][PASSED] - M4_spin_round_id = M4_spin_round_id: null

2019-08-11 00:00:06 - [TEST_STEP][PASSED] - M4_spin_line_wins = line_wins: null

2019-08-11 00:00:06 - [TEST_STEP][PASSED] - M4_spin_line_wins = M4_spin_line_wins: null

2019-08-11 00:00:06 - [TEST_STEP][PASSED] - M4_total_bonus_spins_int = total_bonus_spins: null

2019-08-11 00:00:06 - [TEST_STEP][PASSED] - println("******M4_total_bonus_spins type is:*******" + newline + getClass().getName()): null

2019-08-11 00:00:06 - [TEST_STEP][PASSED] - M4_total_bonus_spins_int = M4_total_bonus_spins_int: null

2019-08-11 00:00:06 - [TEST_STEP][PASSED] - M4_total_bonus_spins = Integer.toString(M4_total_bonus_spins_int): null

2019-08-11 00:00:06 - [TEST_STEP][PASSED] - M4_total_bonus_spins = M4_total_bonus_spins: null

2019-08-11 00:00:06 - [TEST_STEP][PASSED] - println("M4_total_bonus_spins is:" + M4_total_bonus_spins): null

2019-08-11 00:00:06 - [TEST_STEP][PASSED] - M4_spin_bonus_data = bonus_data: null

2019-08-11 00:00:06 - [TEST_STEP][PASSED] - M4_spin_features_triggered = result_M4_spin: null

2019-08-11 00:00:06 - [TEST_STEP][PASSED] - wild = []: null

2019-08-11 00:00:06 - [TEST_STEP][PASSED] - wild[0] = "WILD_Expanding": null

2019-08-11 00:00:06 - [TEST_STEP][PASSED] - wild[1] = "WILD_Normal": null

2019-08-11 00:00:06 - [TEST_STEP][PASSED] - wild[2] = "WILD_Double": null

2019-08-11 00:00:06 - [TEST_STEP][PASSED] - wild[3] = "WILD_ExtraFG": null

2019-08-11 00:00:06 - [TEST_STEP][PASSED] - wild[4] = "WILD_Triple": null

2019-08-11 00:00:06 - [TEST_STEP][PASSED] - wildList = Arrays.asList(wild): null

2019-08-11 00:00:06 - [TEST_STEP][PASSED] - wildList = wildList: null

2019-08-11 00:00:06 - [TEST_STEP][PASSED] - free_spin_reel_counter = []: null

2019-08-11 00:00:06 - [TEST_STEP][PASSED] - free_spin_reel_counter[0] = 0: null

2019-08-11 00:00:06 - [TEST_STEP][PASSED] - free_spin_reel_counter[1] = 0: null

2019-08-11 00:00:06 - [TEST_STEP][PASSED] - free_spin_reel_counter[2] = 0: null

2019-08-11 00:00:06 - [TEST_STEP][PASSED] - M4_spin_reels = reels: null

2019-08-11 00:00:06 - [TEST_STEP][PASSED] - for ([i = 0, i &lt; M4_spin_reels.size(), (i++)]): null

2019-08-11 00:00:06 - [TEST_STEP][PASSED] - symbols = symbols: null

2019-08-11 00:00:06 - [TEST_STEP][PASSED] - for ([j = 0, j &lt; symbols.size(), (j++)]): null

2019-08-11 00:00:06 - [TEST_STEP][PASSED] - symbol = symbol: null

2019-08-11 00:00:06 - [TEST_STEP][PASSED] - println(symbol): null

2019-08-11 00:00:06 - [TEST_STEP][PASSED] - if (i == 2 &amp;&amp; wildList.indexOf(symbol) != -1): null

2019-08-11 00:00:06 - [TEST_STEP][PASSED] - if (i == 3 &amp;&amp; wildList.indexOf(symbol) != -1): null

2019-08-11 00:00:06 - [TEST_STEP][PASSED] - if (i == 4 &amp;&amp; wildList.indexOf(symbol) != -1): null

2019-08-11 00:00:06 - [TEST_STEP][PASSED] - symbol = symbol: null

2019-08-11 00:00:06 - [TEST_STEP][PASSED] - println(symbol): null

2019-08-11 00:00:06 - [TEST_STEP][PASSED] - if (i == 2 &amp;&amp; wildList.indexOf(symbol) != -1): null

2019-08-11 00:00:06 - [TEST_STEP][PASSED] - if (i == 3 &amp;&amp; wildList.indexOf(symbol) != -1): null

2019-08-11 00:00:06 - [TEST_STEP][PASSED] - if (i == 4 &amp;&amp; wildList.indexOf(symbol) != -1): null

2019-08-11 00:00:06 - [TEST_STEP][PASSED] - symbol = symbol: null

2019-08-11 00:00:06 - [TEST_STEP][PASSED] - println(symbol): null

2019-08-11 00:00:06 - [TEST_STEP][PASSED] - if (i == 2 &amp;&amp; wildList.indexOf(symbol) != -1): null

2019-08-11 00:00:06 - [TEST_STEP][PASSED] - if (i == 3 &amp;&amp; wildList.indexOf(symbol) != -1): null

2019-08-11 00:00:06 - [TEST_STEP][PASSED] - if (i == 4 &amp;&amp; wildList.indexOf(symbol) != -1): null

2019-08-11 00:00:06 - [TEST_STEP][PASSED] - symbols = symbols: null

2019-08-11 00:00:06 - [TEST_STEP][PASSED] - for ([j = 0, j &lt; symbols.size(), (j++)]): null

2019-08-11 00:00:06 - [TEST_STEP][PASSED] - symbol = symbol: null

2019-08-11 00:00:06 - [TEST_STEP][PASSED] - println(symbol): null

2019-08-11 00:00:06 - [TEST_STEP][PASSED] - if (i == 2 &amp;&amp; wildList.indexOf(symbol) != -1): null

2019-08-11 00:00:06 - [TEST_STEP][PASSED] - if (i == 3 &amp;&amp; wildList.indexOf(symbol) != -1): null

2019-08-11 00:00:06 - [TEST_STEP][PASSED] - if (i == 4 &amp;&amp; wildList.indexOf(symbol) != -1): null

2019-08-11 00:00:06 - [TEST_STEP][PASSED] - symbol = symbol: null

2019-08-11 00:00:06 - [TEST_STEP][PASSED] - println(symbol): null

2019-08-11 00:00:06 - [TEST_STEP][PASSED] - if (i == 2 &amp;&amp; wildList.indexOf(symbol) != -1): null

2019-08-11 00:00:06 - [TEST_STEP][PASSED] - if (i == 3 &amp;&amp; wildList.indexOf(symbol) != -1): null

2019-08-11 00:00:06 - [TEST_STEP][PASSED] - if (i == 4 &amp;&amp; wildList.indexOf(symbol) != -1): null

2019-08-11 00:00:06 - [TEST_STEP][PASSED] - symbol = symbol: null

2019-08-11 00:00:06 - [TEST_STEP][PASSED] - println(symbol): null

2019-08-11 00:00:06 - [TEST_STEP][PASSED] - if (i == 2 &amp;&amp; wildList.indexOf(symbol) != -1): null

2019-08-11 00:00:06 - [TEST_STEP][PASSED] - if (i == 3 &amp;&amp; wildList.indexOf(symbol) != -1): null

2019-08-11 00:00:06 - [TEST_STEP][PASSED] - if (i == 4 &amp;&amp; wildList.indexOf(symbol) != -1): null

2019-08-11 00:00:06 - [TEST_STEP][PASSED] - symbols = symbols: null

2019-08-11 00:00:06 - [TEST_STEP][PASSED] - for ([j = 0, j &lt; symbols.size(), (j++)]): null

2019-08-11 00:00:06 - [TEST_STEP][PASSED] - symbol = symbol: null

2019-08-11 00:00:06 - [TEST_STEP][PASSED] - println(symbol): null

2019-08-11 00:00:06 - [TEST_STEP][PASSED] - if (i == 2 &amp;&amp; wildList.indexOf(symbol) != -1): null

2019-08-11 00:00:06 - [TEST_STEP][PASSED] - if (i == 3 &amp;&amp; wildList.indexOf(symbol) != -1): null

2019-08-11 00:00:06 - [TEST_STEP][PASSED] - if (i == 4 &amp;&amp; wildList.indexOf(symbol) != -1): null

2019-08-11 00:00:06 - [TEST_STEP][PASSED] - symbol = symbol: null

2019-08-11 00:00:06 - [TEST_STEP][PASSED] - println(symbol): null

2019-08-11 00:00:06 - [TEST_STEP][PASSED] - if (i == 2 &amp;&amp; wildList.indexOf(symbol) != -1): null

2019-08-11 00:00:06 - [TEST_STEP][PASSED] - if (i == 3 &amp;&amp; wildList.indexOf(symbol) != -1): null

2019-08-11 00:00:06 - [TEST_STEP][PASSED] - if (i == 4 &amp;&amp; wildList.indexOf(symbol) != -1): null

2019-08-11 00:00:06 - [TEST_STEP][PASSED] - symbol = symbol: null

2019-08-11 00:00:06 - [TEST_STEP][PASSED] - println(symbol): null

2019-08-11 00:00:06 - [TEST_STEP][PASSED] - if (i == 2 &amp;&amp; wildList.indexOf(symbol) != -1): null

2019-08-11 00:00:06 - [TEST_STEP][PASSED] - println("wild found on reel 3, adding counter by 1"): null

2019-08-11 00:00:06 - [TEST_STEP][PASSED] - free_spin_reel_counter[0] = free_spin_reel_counter[0] + 1: null

2019-08-11 00:00:06 - [TEST_STEP][PASSED] - if (i == 3 &amp;&amp; wildList.indexOf(symbol) != -1): null

2019-08-11 00:00:06 - [TEST_STEP][PASSED] - if (i == 4 &amp;&amp; wildList.indexOf(symbol) != -1): null

2019-08-11 00:00:06 - [TEST_STEP][PASSED] - symbols = symbols: null

2019-08-11 00:00:06 - [TEST_STEP][PASSED] - for ([j = 0, j &lt; symbols.size(), (j++)]): null

2019-08-11 00:00:06 - [TEST_STEP][PASSED] - symbol = symbol: null

2019-08-11 00:00:06 - [TEST_STEP][PASSED] - println(symbol): null

2019-08-11 00:00:06 - [TEST_STEP][PASSED] - if (i == 2 &amp;&amp; wildList.indexOf(symbol) != -1): null

2019-08-11 00:00:06 - [TEST_STEP][PASSED] - if (i == 3 &amp;&amp; wildList.indexOf(symbol) != -1): null

2019-08-11 00:00:06 - [TEST_STEP][PASSED] - if (i == 4 &amp;&amp; wildList.indexOf(symbol) != -1): null

2019-08-11 00:00:06 - [TEST_STEP][PASSED] - symbol = symbol: null

2019-08-11 00:00:06 - [TEST_STEP][PASSED] - println(symbol): null

2019-08-11 00:00:06 - [TEST_STEP][PASSED] - if (i == 2 &amp;&amp; wildList.indexOf(symbol) != -1): null

2019-08-11 00:00:06 - [TEST_STEP][PASSED] - if (i == 3 &amp;&amp; wildList.indexOf(symbol) != -1): null

2019-08-11 00:00:06 - [TEST_STEP][PASSED] - if (i == 4 &amp;&amp; wildList.indexOf(symbol) != -1): null

2019-08-11 00:00:06 - [TEST_STEP][PASSED] - symbol = symbol: null

2019-08-11 00:00:06 - [TEST_STEP][PASSED] - println(symbol): null

2019-08-11 00:00:06 - [TEST_STEP][PASSED] - if (i == 2 &amp;&amp; wildList.indexOf(symbol) != -1): null

2019-08-11 00:00:06 - [TEST_STEP][PASSED] - if (i == 3 &amp;&amp; wildList.indexOf(symbol) != -1): null

2019-08-11 00:00:06 - [TEST_STEP][PASSED] - if (i == 4 &amp;&amp; wildList.indexOf(symbol) != -1): null

2019-08-11 00:00:06 - [TEST_STEP][PASSED] - symbols = symbols: null

2019-08-11 00:00:06 - [TEST_STEP][PASSED] - for ([j = 0, j &lt; symbols.size(), (j++)]): null

2019-08-11 00:00:06 - [TEST_STEP][PASSED] - symbol = symbol: null

2019-08-11 00:00:06 - [TEST_STEP][PASSED] - println(symbol): null

2019-08-11 00:00:06 - [TEST_STEP][PASSED] - if (i == 2 &amp;&amp; wildList.indexOf(symbol) != -1): null

2019-08-11 00:00:06 - [TEST_STEP][PASSED] - if (i == 3 &amp;&amp; wildList.indexOf(symbol) != -1): null

2019-08-11 00:00:06 - [TEST_STEP][PASSED] - if (i == 4 &amp;&amp; wildList.indexOf(symbol) != -1): null

2019-08-11 00:00:06 - [TEST_STEP][PASSED] - symbol = symbol: null

2019-08-11 00:00:06 - [TEST_STEP][PASSED] - println(symbol): null

2019-08-11 00:00:06 - [TEST_STEP][PASSED] - if (i == 2 &amp;&amp; wildList.indexOf(symbol) != -1): null

2019-08-11 00:00:06 - [TEST_STEP][PASSED] - if (i == 3 &amp;&amp; wildList.indexOf(symbol) != -1): null

2019-08-11 00:00:06 - [TEST_STEP][PASSED] - if (i == 4 &amp;&amp; wildList.indexOf(symbol) != -1): null

2019-08-11 00:00:06 - [TEST_STEP][PASSED] - symbol = symbol: null

2019-08-11 00:00:06 - [TEST_STEP][PASSED] - println(symbol): null

2019-08-11 00:00:06 - [TEST_STEP][PASSED] - if (i == 2 &amp;&amp; wildList.indexOf(symbol) != -1): null

2019-08-11 00:00:06 - [TEST_STEP][PASSED] - if (i == 3 &amp;&amp; wildList.indexOf(symbol) != -1): null

2019-08-11 00:00:06 - [TEST_STEP][PASSED] - if (i == 4 &amp;&amp; wildList.indexOf(symbol) != -1): null

2019-08-11 00:00:06 - [TEST_STEP][PASSED] - free_spin_reel_counter = free_spin_reel_counter: null

2019-08-11 00:00:06 - [TEST_STEP][PASSED] - println("reel 3 wild found: " + free_spin_reel_counter[0]): null

2019-08-11 00:00:06 - [TEST_STEP][PASSED] - println("reel 4 wild found: " + free_spin_reel_counter[1]): null

2019-08-11 00:00:06 - [TEST_STEP][PASSED] - println("reel 5 wild found: " + free_spin_reel_counter[2]): null

2019-08-11 00:00:06 - [TEST_STEP][PASSED] - M4_spin_reels = M4_spin_reels: null

2019-08-11 00:00:06 - [TEST_STEP][PASSED] - M4_spin_reels_symbols = symbol: null

2019-08-11 00:00:06 - [TEST_STEP][PASSED] - M4_spin_reels_symbols = M4_spin_reels_symbols: null

2019-08-11 00:00:06 - [TEST_STEP][PASSED] - M4_spin_reel_wins = reel_wins: null

2019-08-11 00:00:06 - [TEST_STEP][PASSED] - M4_spin_reel_wins = M4_spin_reel_wins: null

2019-08-11 00:00:06 - [TEST_STEP][PASSED] - println("GlobalVariable.M4_spin_reel_wins is: " + M4_spin_reel_wins): null

2019-08-11 00:00:06 - [TEST_STEP][PASSED] - M4_spin_total_bonus_win_this_round = total_bonus_win_this_round: null

2019-08-11 00:00:06 - [TEST_STEP][PASSED] - M4_spin_total_bonus_win_this_round = M4_spin_total_bonus_win_this_round: null

2019-08-11 00:00:06 - [TEST_STEP][PASSED] - println("GlobalVariable.M4_spin_total_bonus_win_this_round is: " + M4_spin_total_bonus_win_this_round): null

2019-08-11 00:00:06 - [MESSAGE][PASSED] - Verify response successfully

2019-08-11 00:00:06 - [MESSAGE][PASSED] - Send request and verify the response successfully

2019-08-11 00:00:06 - [TEST_STEP][PASSED] - if (M4_total_bonus_spins_int != 0 &amp;&amp; M4_spin_reels_symbols[2].contains("WILD_Double") || M4_spin_reels_symbols[4].contains("WILD_Triple")): null

2019-08-11 00:00:06 - [TEST_STEP][PASSED] - free_spin_reel_counter = free_spin_reel_counter: null

2019-08-11 00:00:06 - [TEST_STEP][PASSED] - M4_spin_reels_symbols = M4_spin_reels_symbols: null

2019-08-11 00:00:06 - [TEST_STEP][PASSED] - M4_total_bonus_spins = M4_total_bonus_spins: null

2019-08-11 00:00:06 - [TEST_STEP][PASSED] - spin_result = sendRequestAndVerify(findTestObject("RGS(M4)/1_M4_spin", ["M4_login_user_id":M4_login_user_id, "rgs_session_token":rgs_session_token, "partner":Partner])): Send request and verify the response successfully

2019-08-11 00:00:07 - [TEST_CASE][PASSED] - Start Test Case : Verification: Verification accomplished successfully

2019-08-11 00:00:07 - [TEST_STEP][PASSED] - request = getInstance().getCurrentRequest(): null

2019-08-11 00:00:07 - [TEST_STEP][PASSED] - response = getInstance().getCurrentResponse(): null

2019-08-11 00:00:07 - [TEST_STEP][PASSED] - verifyResponseStatusCode(response, 200): Verify response status code successfully

2019-08-11 00:00:07 - [MESSAGE][PASSED] - Verify response status code successfully

2019-08-11 00:00:07 - [TEST_STEP][PASSED] - getStatusCode()).isEqualTo(200): null

2019-08-11 00:00:07 - [TEST_STEP][PASSED] - newline = System.getProperty("line.separator"): null

2019-08-11 00:00:07 - [TEST_STEP][PASSED] - M4_spin = new groovy.json.JsonSlurper(): null

2019-08-11 00:00:07 - [TEST_STEP][PASSED] - result_M4_spin = M4_spin.parseText(response.getResponseBodyContent()): null

2019-08-11 00:00:07 - [TEST_STEP][PASSED] - M4_spin_current_balance = current_balance: null

2019-08-11 00:00:07 - [TEST_STEP][PASSED] - M4_spin_current_balance = M4_spin_current_balance: null

2019-08-11 00:00:07 - [TEST_STEP][PASSED] - M4_spin_transaction_id = causality: null

2019-08-11 00:00:07 - [TEST_STEP][PASSED] - M4_spin_transaction_id = M4_spin_transaction_id: null

2019-08-11 00:00:07 - [TEST_STEP][PASSED] - M4_spin_round_id = round_id: null

2019-08-11 00:00:07 - [TEST_STEP][PASSED] - M4_spin_round_id = M4_spin_round_id: null

2019-08-11 00:00:07 - [TEST_STEP][PASSED] - M4_spin_line_wins = line_wins: null

2019-08-11 00:00:07 - [TEST_STEP][PASSED] - M4_spin_line_wins = M4_spin_line_wins: null

2019-08-11 00:00:07 - [TEST_STEP][PASSED] - M4_total_bonus_spins_int = total_bonus_spins: null

2019-08-11 00:00:07 - [TEST_STEP][PASSED] - println("******M4_total_bonus_spins type is:*******" + newline + getClass().getName()): null

2019-08-11 00:00:07 - [TEST_STEP][PASSED] - M4_total_bonus_spins_int = M4_total_bonus_spins_int: null

2019-08-11 00:00:07 - [TEST_STEP][PASSED] - M4_total_bonus_spins = Integer.toString(M4_total_bonus_spins_int): null

2019-08-11 00:00:07 - [TEST_STEP][PASSED] - M4_total_bonus_spins = M4_total_bonus_spins: null

2019-08-11 00:00:07 - [TEST_STEP][PASSED] - println("M4_total_bonus_spins is:" + M4_total_bonus_spins): null

2019-08-11 00:00:07 - [TEST_STEP][PASSED] - M4_spin_bonus_data = bonus_data: null

2019-08-11 00:00:07 - [TEST_STEP][PASSED] - M4_spin_features_triggered = result_M4_spin: null

2019-08-11 00:00:07 - [TEST_STEP][PASSED] - wild = []: null

2019-08-11 00:00:07 - [TEST_STEP][PASSED] - wild[0] = "WILD_Expanding": null

2019-08-11 00:00:07 - [TEST_STEP][PASSED] - wild[1] = "WILD_Normal": null

2019-08-11 00:00:07 - [TEST_STEP][PASSED] - wild[2] = "WILD_Double": null

2019-08-11 00:00:07 - [TEST_STEP][PASSED] - wild[3] = "WILD_ExtraFG": null

2019-08-11 00:00:07 - [TEST_STEP][PASSED] - wild[4] = "WILD_Triple": null

2019-08-11 00:00:07 - [TEST_STEP][PASSED] - wildList = Arrays.asList(wild): null

2019-08-11 00:00:07 - [TEST_STEP][PASSED] - wildList = wildList: null

2019-08-11 00:00:07 - [TEST_STEP][PASSED] - free_spin_reel_counter = []: null

2019-08-11 00:00:07 - [TEST_STEP][PASSED] - free_spin_reel_counter[0] = 0: null

2019-08-11 00:00:07 - [TEST_STEP][PASSED] - free_spin_reel_counter[1] = 0: null

2019-08-11 00:00:07 - [TEST_STEP][PASSED] - free_spin_reel_counter[2] = 0: null

2019-08-11 00:00:07 - [TEST_STEP][PASSED] - M4_spin_reels = reels: null

2019-08-11 00:00:07 - [TEST_STEP][PASSED] - for ([i = 0, i &lt; M4_spin_reels.size(), (i++)]): null

2019-08-11 00:00:07 - [TEST_STEP][PASSED] - symbols = symbols: null

2019-08-11 00:00:07 - [TEST_STEP][PASSED] - for ([j = 0, j &lt; symbols.size(), (j++)]): null

2019-08-11 00:00:07 - [TEST_STEP][PASSED] - symbol = symbol: null

2019-08-11 00:00:07 - [TEST_STEP][PASSED] - println(symbol): null

2019-08-11 00:00:07 - [TEST_STEP][PASSED] - if (i == 2 &amp;&amp; wildList.indexOf(symbol) != -1): null

2019-08-11 00:00:07 - [TEST_STEP][PASSED] - if (i == 3 &amp;&amp; wildList.indexOf(symbol) != -1): null

2019-08-11 00:00:07 - [TEST_STEP][PASSED] - if (i == 4 &amp;&amp; wildList.indexOf(symbol) != -1): null

2019-08-11 00:00:07 - [TEST_STEP][PASSED] - symbol = symbol: null

2019-08-11 00:00:07 - [TEST_STEP][PASSED] - println(symbol): null

2019-08-11 00:00:07 - [TEST_STEP][PASSED] - if (i == 2 &amp;&amp; wildList.indexOf(symbol) != -1): null

2019-08-11 00:00:07 - [TEST_STEP][PASSED] - if (i == 3 &amp;&amp; wildList.indexOf(symbol) != -1): null

2019-08-11 00:00:07 - [TEST_STEP][PASSED] - if (i == 4 &amp;&amp; wildList.indexOf(symbol) != -1): null

2019-08-11 00:00:07 - [TEST_STEP][PASSED] - symbol = symbol: null

2019-08-11 00:00:07 - [TEST_STEP][PASSED] - println(symbol): null

2019-08-11 00:00:07 - [TEST_STEP][PASSED] - if (i == 2 &amp;&amp; wildList.indexOf(symbol) != -1): null

2019-08-11 00:00:07 - [TEST_STEP][PASSED] - if (i == 3 &amp;&amp; wildList.indexOf(symbol) != -1): null

2019-08-11 00:00:07 - [TEST_STEP][PASSED] - if (i == 4 &amp;&amp; wildList.indexOf(symbol) != -1): null

2019-08-11 00:00:07 - [TEST_STEP][PASSED] - symbols = symbols: null

2019-08-11 00:00:07 - [TEST_STEP][PASSED] - for ([j = 0, j &lt; symbols.size(), (j++)]): null

2019-08-11 00:00:07 - [TEST_STEP][PASSED] - symbol = symbol: null

2019-08-11 00:00:07 - [TEST_STEP][PASSED] - println(symbol): null

2019-08-11 00:00:07 - [TEST_STEP][PASSED] - if (i == 2 &amp;&amp; wildList.indexOf(symbol) != -1): null

2019-08-11 00:00:07 - [TEST_STEP][PASSED] - if (i == 3 &amp;&amp; wildList.indexOf(symbol) != -1): null

2019-08-11 00:00:07 - [TEST_STEP][PASSED] - if (i == 4 &amp;&amp; wildList.indexOf(symbol) != -1): null

2019-08-11 00:00:07 - [TEST_STEP][PASSED] - symbol = symbol: null

2019-08-11 00:00:07 - [TEST_STEP][PASSED] - println(symbol): null

2019-08-11 00:00:07 - [TEST_STEP][PASSED] - if (i == 2 &amp;&amp; wildList.indexOf(symbol) != -1): null

2019-08-11 00:00:07 - [TEST_STEP][PASSED] - if (i == 3 &amp;&amp; wildList.indexOf(symbol) != -1): null

2019-08-11 00:00:07 - [TEST_STEP][PASSED] - if (i == 4 &amp;&amp; wildList.indexOf(symbol) != -1): null

2019-08-11 00:00:07 - [TEST_STEP][PASSED] - symbol = symbol: null

2019-08-11 00:00:07 - [TEST_STEP][PASSED] - println(symbol): null

2019-08-11 00:00:07 - [TEST_STEP][PASSED] - if (i == 2 &amp;&amp; wildList.indexOf(symbol) != -1): null

2019-08-11 00:00:07 - [TEST_STEP][PASSED] - if (i == 3 &amp;&amp; wildList.indexOf(symbol) != -1): null

2019-08-11 00:00:07 - [TEST_STEP][PASSED] - if (i == 4 &amp;&amp; wildList.indexOf(symbol) != -1): null

2019-08-11 00:00:07 - [TEST_STEP][PASSED] - symbols = symbols: null

2019-08-11 00:00:07 - [TEST_STEP][PASSED] - for ([j = 0, j &lt; symbols.size(), (j++)]): null

2019-08-11 00:00:07 - [TEST_STEP][PASSED] - symbol = symbol: null

2019-08-11 00:00:07 - [TEST_STEP][PASSED] - println(symbol): null

2019-08-11 00:00:07 - [TEST_STEP][PASSED] - if (i == 2 &amp;&amp; wildList.indexOf(symbol) != -1): null

2019-08-11 00:00:07 - [TEST_STEP][PASSED] - if (i == 3 &amp;&amp; wildList.indexOf(symbol) != -1): null

2019-08-11 00:00:07 - [TEST_STEP][PASSED] - if (i == 4 &amp;&amp; wildList.indexOf(symbol) != -1): null

2019-08-11 00:00:07 - [TEST_STEP][PASSED] - symbol = symbol: null

2019-08-11 00:00:07 - [TEST_STEP][PASSED] - println(symbol): null

2019-08-11 00:00:07 - [TEST_STEP][PASSED] - if (i == 2 &amp;&amp; wildList.indexOf(symbol) != -1): null

2019-08-11 00:00:07 - [TEST_STEP][PASSED] - if (i == 3 &amp;&amp; wildList.indexOf(symbol) != -1): null

2019-08-11 00:00:07 - [TEST_STEP][PASSED] - if (i == 4 &amp;&amp; wildList.indexOf(symbol) != -1): null

2019-08-11 00:00:07 - [TEST_STEP][PASSED] - symbol = symbol: null

2019-08-11 00:00:07 - [TEST_STEP][PASSED] - println(symbol): null

2019-08-11 00:00:07 - [TEST_STEP][PASSED] - if (i == 2 &amp;&amp; wildList.indexOf(symbol) != -1): null

2019-08-11 00:00:07 - [TEST_STEP][PASSED] - if (i == 3 &amp;&amp; wildList.indexOf(symbol) != -1): null

2019-08-11 00:00:07 - [TEST_STEP][PASSED] - if (i == 4 &amp;&amp; wildList.indexOf(symbol) != -1): null

2019-08-11 00:00:07 - [TEST_STEP][PASSED] - symbols = symbols: null

2019-08-11 00:00:07 - [TEST_STEP][PASSED] - for ([j = 0, j &lt; symbols.size(), (j++)]): null

2019-08-11 00:00:07 - [TEST_STEP][PASSED] - symbol = symbol: null

2019-08-11 00:00:07 - [TEST_STEP][PASSED] - println(symbol): null

2019-08-11 00:00:07 - [TEST_STEP][PASSED] - if (i == 2 &amp;&amp; wildList.indexOf(symbol) != -1): null

2019-08-11 00:00:07 - [TEST_STEP][PASSED] - if (i == 3 &amp;&amp; wildList.indexOf(symbol) != -1): null

2019-08-11 00:00:07 - [TEST_STEP][PASSED] - if (i == 4 &amp;&amp; wildList.indexOf(symbol) != -1): null

2019-08-11 00:00:07 - [TEST_STEP][PASSED] - symbol = symbol: null

2019-08-11 00:00:07 - [TEST_STEP][PASSED] - println(symbol): null

2019-08-11 00:00:07 - [TEST_STEP][PASSED] - if (i == 2 &amp;&amp; wildList.indexOf(symbol) != -1): null

2019-08-11 00:00:07 - [TEST_STEP][PASSED] - if (i == 3 &amp;&amp; wildList.indexOf(symbol) != -1): null

2019-08-11 00:00:07 - [TEST_STEP][PASSED] - if (i == 4 &amp;&amp; wildList.indexOf(symbol) != -1): null

2019-08-11 00:00:07 - [TEST_STEP][PASSED] - symbol = symbol: null

2019-08-11 00:00:07 - [TEST_STEP][PASSED] - println(symbol): null

2019-08-11 00:00:07 - [TEST_STEP][PASSED] - if (i == 2 &amp;&amp; wildList.indexOf(symbol) != -1): null

2019-08-11 00:00:07 - [TEST_STEP][PASSED] - if (i == 3 &amp;&amp; wildList.indexOf(symbol) != -1): null

2019-08-11 00:00:07 - [TEST_STEP][PASSED] - if (i == 4 &amp;&amp; wildList.indexOf(symbol) != -1): null

2019-08-11 00:00:07 - [TEST_STEP][PASSED] - symbols = symbols: null

2019-08-11 00:00:07 - [TEST_STEP][PASSED] - for ([j = 0, j &lt; symbols.size(), (j++)]): null

2019-08-11 00:00:07 - [TEST_STEP][PASSED] - symbol = symbol: null

2019-08-11 00:00:07 - [TEST_STEP][PASSED] - println(symbol): null

2019-08-11 00:00:07 - [TEST_STEP][PASSED] - if (i == 2 &amp;&amp; wildList.indexOf(symbol) != -1): null

2019-08-11 00:00:07 - [TEST_STEP][PASSED] - if (i == 3 &amp;&amp; wildList.indexOf(symbol) != -1): null

2019-08-11 00:00:07 - [TEST_STEP][PASSED] - if (i == 4 &amp;&amp; wildList.indexOf(symbol) != -1): null

2019-08-11 00:00:07 - [TEST_STEP][PASSED] - symbol = symbol: null

2019-08-11 00:00:07 - [TEST_STEP][PASSED] - println(symbol): null

2019-08-11 00:00:07 - [TEST_STEP][PASSED] - if (i == 2 &amp;&amp; wildList.indexOf(symbol) != -1): null

2019-08-11 00:00:07 - [TEST_STEP][PASSED] - if (i == 3 &amp;&amp; wildList.indexOf(symbol) != -1): null

2019-08-11 00:00:07 - [TEST_STEP][PASSED] - if (i == 4 &amp;&amp; wildList.indexOf(symbol) != -1): null

2019-08-11 00:00:07 - [TEST_STEP][PASSED] - symbol = symbol: null

2019-08-11 00:00:07 - [TEST_STEP][PASSED] - println(symbol): null

2019-08-11 00:00:07 - [TEST_STEP][PASSED] - if (i == 2 &amp;&amp; wildList.indexOf(symbol) != -1): null

2019-08-11 00:00:07 - [TEST_STEP][PASSED] - if (i == 3 &amp;&amp; wildList.indexOf(symbol) != -1): null

2019-08-11 00:00:07 - [TEST_STEP][PASSED] - if (i == 4 &amp;&amp; wildList.indexOf(symbol) != -1): null

2019-08-11 00:00:07 - [TEST_STEP][PASSED] - free_spin_reel_counter = free_spin_reel_counter: null

2019-08-11 00:00:07 - [TEST_STEP][PASSED] - println("reel 3 wild found: " + free_spin_reel_counter[0]): null

2019-08-11 00:00:07 - [TEST_STEP][PASSED] - println("reel 4 wild found: " + free_spin_reel_counter[1]): null

2019-08-11 00:00:07 - [TEST_STEP][PASSED] - println("reel 5 wild found: " + free_spin_reel_counter[2]): null

2019-08-11 00:00:07 - [TEST_STEP][PASSED] - M4_spin_reels = M4_spin_reels: null

2019-08-11 00:00:07 - [TEST_STEP][PASSED] - M4_spin_reels_symbols = symbol: null

2019-08-11 00:00:07 - [TEST_STEP][PASSED] - M4_spin_reels_symbols = M4_spin_reels_symbols: null

2019-08-11 00:00:07 - [TEST_STEP][PASSED] - M4_spin_reel_wins = reel_wins: null

2019-08-11 00:00:07 - [TEST_STEP][PASSED] - M4_spin_reel_wins = M4_spin_reel_wins: null

2019-08-11 00:00:07 - [TEST_STEP][PASSED] - println("GlobalVariable.M4_spin_reel_wins is: " + M4_spin_reel_wins): null

2019-08-11 00:00:07 - [TEST_STEP][PASSED] - M4_spin_total_bonus_win_this_round = total_bonus_win_this_round: null

2019-08-11 00:00:07 - [TEST_STEP][PASSED] - M4_spin_total_bonus_win_this_round = M4_spin_total_bonus_win_this_round: null

2019-08-11 00:00:07 - [TEST_STEP][PASSED] - println("GlobalVariable.M4_spin_total_bonus_win_this_round is: " + M4_spin_total_bonus_win_this_round): null

2019-08-11 00:00:07 - [MESSAGE][PASSED] - Verify response successfully

2019-08-11 00:00:07 - [MESSAGE][PASSED] - Send request and verify the response successfully

2019-08-11 00:00:07 - [TEST_STEP][PASSED] - if (M4_total_bonus_spins_int != 0 &amp;&amp; M4_spin_reels_symbols[2].contains("WILD_Double") || M4_spin_reels_symbols[4].contains("WILD_Triple")): null

2019-08-11 00:00:07 - [TEST_STEP][PASSED] - free_spin_reel_counter = free_spin_reel_counter: null

2019-08-11 00:00:07 - [TEST_STEP][PASSED] - M4_spin_reels_symbols = M4_spin_reels_symbols: null

2019-08-11 00:00:07 - [TEST_STEP][PASSED] - M4_total_bonus_spins = M4_total_bonus_spins: null

2019-08-11 00:00:07 - [TEST_STEP][PASSED] - spin_result = sendRequestAndVerify(findTestObject("RGS(M4)/1_M4_spin", ["M4_login_user_id":M4_login_user_id, "rgs_session_token":rgs_session_token, "partner":Partner])): Send request and verify the response successfully

2019-08-11 00:00:07 - [TEST_CASE][PASSED] - Start Test Case : Verification: Verification accomplished successfully

2019-08-11 00:00:07 - [TEST_STEP][PASSED] - request = getInstance().getCurrentRequest(): null

2019-08-11 00:00:07 - [TEST_STEP][PASSED] - response = getInstance().getCurrentResponse(): null

2019-08-11 00:00:07 - [TEST_STEP][PASSED] - verifyResponseStatusCode(response, 200): Verify response status code successfully

2019-08-11 00:00:07 - [MESSAGE][PASSED] - Verify response status code successfully

2019-08-11 00:00:07 - [TEST_STEP][PASSED] - getStatusCode()).isEqualTo(200): null

2019-08-11 00:00:07 - [TEST_STEP][PASSED] - newline = System.getProperty("line.separator"): null

2019-08-11 00:00:07 - [TEST_STEP][PASSED] - M4_spin = new groovy.json.JsonSlurper(): null

2019-08-11 00:00:07 - [TEST_STEP][PASSED] - result_M4_spin = M4_spin.parseText(response.getResponseBodyContent()): null

2019-08-11 00:00:07 - [TEST_STEP][PASSED] - M4_spin_current_balance = current_balance: null

2019-08-11 00:00:07 - [TEST_STEP][PASSED] - M4_spin_current_balance = M4_spin_current_balance: null

2019-08-11 00:00:07 - [TEST_STEP][PASSED] - M4_spin_transaction_id = causality: null

2019-08-11 00:00:07 - [TEST_STEP][PASSED] - M4_spin_transaction_id = M4_spin_transaction_id: null

2019-08-11 00:00:07 - [TEST_STEP][PASSED] - M4_spin_round_id = round_id: null

2019-08-11 00:00:07 - [TEST_STEP][PASSED] - M4_spin_round_id = M4_spin_round_id: null

2019-08-11 00:00:07 - [TEST_STEP][PASSED] - M4_spin_line_wins = line_wins: null

2019-08-11 00:00:07 - [TEST_STEP][PASSED] - M4_spin_line_wins = M4_spin_line_wins: null

2019-08-11 00:00:07 - [TEST_STEP][PASSED] - M4_total_bonus_spins_int = total_bonus_spins: null

2019-08-11 00:00:07 - [TEST_STEP][PASSED] - println("******M4_total_bonus_spins type is:*******" + newline + getClass().getName()): null

2019-08-11 00:00:07 - [TEST_STEP][PASSED] - M4_total_bonus_spins_int = M4_total_bonus_spins_int: null

2019-08-11 00:00:07 - [TEST_STEP][PASSED] - M4_total_bonus_spins = Integer.toString(M4_total_bonus_spins_int): null

2019-08-11 00:00:07 - [TEST_STEP][PASSED] - M4_total_bonus_spins = M4_total_bonus_spins: null

2019-08-11 00:00:07 - [TEST_STEP][PASSED] - println("M4_total_bonus_spins is:" + M4_total_bonus_spins): null

2019-08-11 00:00:07 - [TEST_STEP][PASSED] - M4_spin_bonus_data = bonus_data: null

2019-08-11 00:00:07 - [TEST_STEP][PASSED] - M4_spin_features_triggered = result_M4_spin: null

2019-08-11 00:00:07 - [TEST_STEP][PASSED] - wild = []: null

2019-08-11 00:00:07 - [TEST_STEP][PASSED] - wild[0] = "WILD_Expanding": null

2019-08-11 00:00:07 - [TEST_STEP][PASSED] - wild[1] = "WILD_Normal": null

2019-08-11 00:00:07 - [TEST_STEP][PASSED] - wild[2] = "WILD_Double": null

2019-08-11 00:00:07 - [TEST_STEP][PASSED] - wild[3] = "WILD_ExtraFG": null

2019-08-11 00:00:07 - [TEST_STEP][PASSED] - wild[4] = "WILD_Triple": null

2019-08-11 00:00:07 - [TEST_STEP][PASSED] - wildList = Arrays.asList(wild): null

2019-08-11 00:00:07 - [TEST_STEP][PASSED] - wildList = wildList: null

2019-08-11 00:00:07 - [TEST_STEP][PASSED] - free_spin_reel_counter = []: null

2019-08-11 00:00:07 - [TEST_STEP][PASSED] - free_spin_reel_counter[0] = 0: null

2019-08-11 00:00:07 - [TEST_STEP][PASSED] - free_spin_reel_counter[1] = 0: null

2019-08-11 00:00:07 - [TEST_STEP][PASSED] - free_spin_reel_counter[2] = 0: null

2019-08-11 00:00:07 - [TEST_STEP][PASSED] - M4_spin_reels = reels: null

2019-08-11 00:00:07 - [TEST_STEP][PASSED] - for ([i = 0, i &lt; M4_spin_reels.size(), (i++)]): null

2019-08-11 00:00:07 - [TEST_STEP][PASSED] - symbols = symbols: null

2019-08-11 00:00:07 - [TEST_STEP][PASSED] - for ([j = 0, j &lt; symbols.size(), (j++)]): null

2019-08-11 00:00:07 - [TEST_STEP][PASSED] - symbol = symbol: null

2019-08-11 00:00:07 - [TEST_STEP][PASSED] - println(symbol): null

2019-08-11 00:00:07 - [TEST_STEP][PASSED] - if (i == 2 &amp;&amp; wildList.indexOf(symbol) != -1): null

2019-08-11 00:00:07 - [TEST_STEP][PASSED] - if (i == 3 &amp;&amp; wildList.indexOf(symbol) != -1): null

2019-08-11 00:00:07 - [TEST_STEP][PASSED] - if (i == 4 &amp;&amp; wildList.indexOf(symbol) != -1): null

2019-08-11 00:00:07 - [TEST_STEP][PASSED] - symbol = symbol: null

2019-08-11 00:00:07 - [TEST_STEP][PASSED] - println(symbol): null

2019-08-11 00:00:07 - [TEST_STEP][PASSED] - if (i == 2 &amp;&amp; wildList.indexOf(symbol) != -1): null

2019-08-11 00:00:07 - [TEST_STEP][PASSED] - if (i == 3 &amp;&amp; wildList.indexOf(symbol) != -1): null

2019-08-11 00:00:07 - [TEST_STEP][PASSED] - if (i == 4 &amp;&amp; wildList.indexOf(symbol) != -1): null

2019-08-11 00:00:07 - [TEST_STEP][PASSED] - symbol = symbol: null

2019-08-11 00:00:07 - [TEST_STEP][PASSED] - println(symbol): null

2019-08-11 00:00:07 - [TEST_STEP][PASSED] - if (i == 2 &amp;&amp; wildList.indexOf(symbol) != -1): null

2019-08-11 00:00:07 - [TEST_STEP][PASSED] - if (i == 3 &amp;&amp; wildList.indexOf(symbol) != -1): null

2019-08-11 00:00:07 - [TEST_STEP][PASSED] - if (i == 4 &amp;&amp; wildList.indexOf(symbol) != -1): null

2019-08-11 00:00:08 - [TEST_STEP][PASSED] - symbols = symbols: null

2019-08-11 00:00:08 - [TEST_STEP][PASSED] - for ([j = 0, j &lt; symbols.size(), (j++)]): null

2019-08-11 00:00:08 - [TEST_STEP][PASSED] - symbol = symbol: null

2019-08-11 00:00:08 - [TEST_STEP][PASSED] - println(symbol): null

2019-08-11 00:00:08 - [TEST_STEP][PASSED] - if (i == 2 &amp;&amp; wildList.indexOf(symbol) != -1): null

2019-08-11 00:00:08 - [TEST_STEP][PASSED] - if (i == 3 &amp;&amp; wildList.indexOf(symbol) != -1): null

2019-08-11 00:00:08 - [TEST_STEP][PASSED] - if (i == 4 &amp;&amp; wildList.indexOf(symbol) != -1): null

2019-08-11 00:00:08 - [TEST_STEP][PASSED] - symbol = symbol: null

2019-08-11 00:00:08 - [TEST_STEP][PASSED] - println(symbol): null

2019-08-11 00:00:08 - [TEST_STEP][PASSED] - if (i == 2 &amp;&amp; wildList.indexOf(symbol) != -1): null

2019-08-11 00:00:08 - [TEST_STEP][PASSED] - if (i == 3 &amp;&amp; wildList.indexOf(symbol) != -1): null

2019-08-11 00:00:08 - [TEST_STEP][PASSED] - if (i == 4 &amp;&amp; wildList.indexOf(symbol) != -1): null

2019-08-11 00:00:08 - [TEST_STEP][PASSED] - symbol = symbol: null

2019-08-11 00:00:08 - [TEST_STEP][PASSED] - println(symbol): null

2019-08-11 00:00:08 - [TEST_STEP][PASSED] - if (i == 2 &amp;&amp; wildList.indexOf(symbol) != -1): null

2019-08-11 00:00:08 - [TEST_STEP][PASSED] - if (i == 3 &amp;&amp; wildList.indexOf(symbol) != -1): null

2019-08-11 00:00:08 - [TEST_STEP][PASSED] - if (i == 4 &amp;&amp; wildList.indexOf(symbol) != -1): null

2019-08-11 00:00:08 - [TEST_STEP][PASSED] - symbols = symbols: null

2019-08-11 00:00:08 - [TEST_STEP][PASSED] - for ([j = 0, j &lt; symbols.size(), (j++)]): null

2019-08-11 00:00:08 - [TEST_STEP][PASSED] - symbol = symbol: null

2019-08-11 00:00:08 - [TEST_STEP][PASSED] - println(symbol): null

2019-08-11 00:00:08 - [TEST_STEP][PASSED] - if (i == 2 &amp;&amp; wildList.indexOf(symbol) != -1): null

2019-08-11 00:00:08 - [TEST_STEP][PASSED] - if (i == 3 &amp;&amp; wildList.indexOf(symbol) != -1): null

2019-08-11 00:00:08 - [TEST_STEP][PASSED] - if (i == 4 &amp;&amp; wildList.indexOf(symbol) != -1): null

2019-08-11 00:00:08 - [TEST_STEP][PASSED] - symbol = symbol: null

2019-08-11 00:00:08 - [TEST_STEP][PASSED] - println(symbol): null

2019-08-11 00:00:08 - [TEST_STEP][PASSED] - if (i == 2 &amp;&amp; wildList.indexOf(symbol) != -1): null

2019-08-11 00:00:08 - [TEST_STEP][PASSED] - println("wild found on reel 3, adding counter by 1"): null

2019-08-11 00:00:08 - [TEST_STEP][PASSED] - free_spin_reel_counter[0] = free_spin_reel_counter[0] + 1: null

2019-08-11 00:00:08 - [TEST_STEP][PASSED] - if (i == 3 &amp;&amp; wildList.indexOf(symbol) != -1): null

2019-08-11 00:00:08 - [TEST_STEP][PASSED] - if (i == 4 &amp;&amp; wildList.indexOf(symbol) != -1): null

2019-08-11 00:00:08 - [TEST_STEP][PASSED] - symbol = symbol: null

2019-08-11 00:00:08 - [TEST_STEP][PASSED] - println(symbol): null

2019-08-11 00:00:08 - [TEST_STEP][PASSED] - if (i == 2 &amp;&amp; wildList.indexOf(symbol) != -1): null

2019-08-11 00:00:08 - [TEST_STEP][PASSED] - if (i == 3 &amp;&amp; wildList.indexOf(symbol) != -1): null

2019-08-11 00:00:08 - [TEST_STEP][PASSED] - if (i == 4 &amp;&amp; wildList.indexOf(symbol) != -1): null

2019-08-11 00:00:08 - [TEST_STEP][PASSED] - symbols = symbols: null

2019-08-11 00:00:08 - [TEST_STEP][PASSED] - for ([j = 0, j &lt; symbols.size(), (j++)]): null

2019-08-11 00:00:08 - [TEST_STEP][PASSED] - symbol = symbol: null

2019-08-11 00:00:08 - [TEST_STEP][PASSED] - println(symbol): null

2019-08-11 00:00:08 - [TEST_STEP][PASSED] - if (i == 2 &amp;&amp; wildList.indexOf(symbol) != -1): null

2019-08-11 00:00:08 - [TEST_STEP][PASSED] - if (i == 3 &amp;&amp; wildList.indexOf(symbol) != -1): null

2019-08-11 00:00:08 - [TEST_STEP][PASSED] - if (i == 4 &amp;&amp; wildList.indexOf(symbol) != -1): null

2019-08-11 00:00:08 - [TEST_STEP][PASSED] - symbol = symbol: null

2019-08-11 00:00:08 - [TEST_STEP][PASSED] - println(symbol): null

2019-08-11 00:00:08 - [TEST_STEP][PASSED] - if (i == 2 &amp;&amp; wildList.indexOf(symbol) != -1): null

2019-08-11 00:00:08 - [TEST_STEP][PASSED] - if (i == 3 &amp;&amp; wildList.indexOf(symbol) != -1): null

2019-08-11 00:00:08 - [TEST_STEP][PASSED] - if (i == 4 &amp;&amp; wildList.indexOf(symbol) != -1): null

2019-08-11 00:00:08 - [TEST_STEP][PASSED] - symbol = symbol: null

2019-08-11 00:00:08 - [TEST_STEP][PASSED] - println(symbol): null

2019-08-11 00:00:08 - [TEST_STEP][PASSED] - if (i == 2 &amp;&amp; wildList.indexOf(symbol) != -1): null

2019-08-11 00:00:08 - [TEST_STEP][PASSED] - if (i == 3 &amp;&amp; wildList.indexOf(symbol) != -1): null

2019-08-11 00:00:08 - [TEST_STEP][PASSED] - if (i == 4 &amp;&amp; wildList.indexOf(symbol) != -1): null

2019-08-11 00:00:08 - [TEST_STEP][PASSED] - symbols = symbols: null

2019-08-11 00:00:08 - [TEST_STEP][PASSED] - for ([j = 0, j &lt; symbols.size(), (j++)]): null

2019-08-11 00:00:08 - [TEST_STEP][PASSED] - symbol = symbol: null

2019-08-11 00:00:08 - [TEST_STEP][PASSED] - println(symbol): null

2019-08-11 00:00:08 - [TEST_STEP][PASSED] - if (i == 2 &amp;&amp; wildList.indexOf(symbol) != -1): null

2019-08-11 00:00:08 - [TEST_STEP][PASSED] - if (i == 3 &amp;&amp; wildList.indexOf(symbol) != -1): null

2019-08-11 00:00:08 - [TEST_STEP][PASSED] - if (i == 4 &amp;&amp; wildList.indexOf(symbol) != -1): null

2019-08-11 00:00:08 - [TEST_STEP][PASSED] - symbol = symbol: null

2019-08-11 00:00:08 - [TEST_STEP][PASSED] - println(symbol): null

2019-08-11 00:00:08 - [TEST_STEP][PASSED] - if (i == 2 &amp;&amp; wildList.indexOf(symbol) != -1): null

2019-08-11 00:00:08 - [TEST_STEP][PASSED] - if (i == 3 &amp;&amp; wildList.indexOf(symbol) != -1): null

2019-08-11 00:00:08 - [TEST_STEP][PASSED] - if (i == 4 &amp;&amp; wildList.indexOf(symbol) != -1): null

2019-08-11 00:00:08 - [TEST_STEP][PASSED] - symbol = symbol: null

2019-08-11 00:00:08 - [TEST_STEP][PASSED] - println(symbol): null

2019-08-11 00:00:08 - [TEST_STEP][PASSED] - if (i == 2 &amp;&amp; wildList.indexOf(symbol) != -1): null

2019-08-11 00:00:08 - [TEST_STEP][PASSED] - if (i == 3 &amp;&amp; wildList.indexOf(symbol) != -1): null

2019-08-11 00:00:08 - [TEST_STEP][PASSED] - if (i == 4 &amp;&amp; wildList.indexOf(symbol) != -1): null

2019-08-11 00:00:08 - [TEST_STEP][PASSED] - free_spin_reel_counter = free_spin_reel_counter: null

2019-08-11 00:00:08 - [TEST_STEP][PASSED] - println("reel 3 wild found: " + free_spin_reel_counter[0]): null

2019-08-11 00:00:08 - [TEST_STEP][PASSED] - println("reel 4 wild found: " + free_spin_reel_counter[1]): null

2019-08-11 00:00:08 - [TEST_STEP][PASSED] - println("reel 5 wild found: " + free_spin_reel_counter[2]): null

2019-08-11 00:00:08 - [TEST_STEP][PASSED] - M4_spin_reels = M4_spin_reels: null

2019-08-11 00:00:08 - [TEST_STEP][PASSED] - M4_spin_reels_symbols = symbol: null

2019-08-11 00:00:08 - [TEST_STEP][PASSED] - M4_spin_reels_symbols = M4_spin_reels_symbols: null

2019-08-11 00:00:08 - [TEST_STEP][PASSED] - M4_spin_reel_wins = reel_wins: null

2019-08-11 00:00:08 - [TEST_STEP][PASSED] - M4_spin_reel_wins = M4_spin_reel_wins: null

2019-08-11 00:00:08 - [TEST_STEP][PASSED] - println("GlobalVariable.M4_spin_reel_wins is: " + M4_spin_reel_wins): null

2019-08-11 00:00:08 - [TEST_STEP][PASSED] - M4_spin_total_bonus_win_this_round = total_bonus_win_this_round: null

2019-08-11 00:00:08 - [TEST_STEP][PASSED] - M4_spin_total_bonus_win_this_round = M4_spin_total_bonus_win_this_round: null

2019-08-11 00:00:08 - [TEST_STEP][PASSED] - println("GlobalVariable.M4_spin_total_bonus_win_this_round is: " + M4_spin_total_bonus_win_this_round): null

2019-08-11 00:00:08 - [MESSAGE][PASSED] - Verify response successfully

2019-08-11 00:00:08 - [MESSAGE][PASSED] - Send request and verify the response successfully

2019-08-11 00:00:08 - [TEST_STEP][PASSED] - if (M4_total_bonus_spins_int != 0 &amp;&amp; M4_spin_reels_symbols[2].contains("WILD_Double") || M4_spin_reels_symbols[4].contains("WILD_Triple")): null

2019-08-11 00:00:08 - [TEST_STEP][PASSED] - free_spin_reel_counter = free_spin_reel_counter: null

2019-08-11 00:00:08 - [TEST_STEP][PASSED] - M4_spin_reels_symbols = M4_spin_reels_symbols: null

2019-08-11 00:00:08 - [TEST_STEP][PASSED] - M4_total_bonus_spins = M4_total_bonus_spins: null

2019-08-11 00:00:08 - [TEST_STEP][PASSED] - spin_result = sendRequestAndVerify(findTestObject("RGS(M4)/1_M4_spin", ["M4_login_user_id":M4_login_user_id, "rgs_session_token":rgs_session_token, "partner":Partner])): Send request and verify the response successfully

2019-08-11 00:00:09 - [TEST_CASE][PASSED] - Start Test Case : Verification: Verification accomplished successfully

2019-08-11 00:00:09 - [TEST_STEP][PASSED] - request = getInstance().getCurrentRequest(): null

2019-08-11 00:00:09 - [TEST_STEP][PASSED] - response = getInstance().getCurrentResponse(): null

2019-08-11 00:00:09 - [TEST_STEP][PASSED] - verifyResponseStatusCode(response, 200): Verify response status code successfully

2019-08-11 00:00:09 - [MESSAGE][PASSED] - Verify response status code successfully

2019-08-11 00:00:09 - [TEST_STEP][PASSED] - getStatusCode()).isEqualTo(200): null

2019-08-11 00:00:09 - [TEST_STEP][PASSED] - newline = System.getProperty("line.separator"): null

2019-08-11 00:00:09 - [TEST_STEP][PASSED] - M4_spin = new groovy.json.JsonSlurper(): null

2019-08-11 00:00:09 - [TEST_STEP][PASSED] - result_M4_spin = M4_spin.parseText(response.getResponseBodyContent()): null

2019-08-11 00:00:09 - [TEST_STEP][PASSED] - M4_spin_current_balance = current_balance: null

2019-08-11 00:00:09 - [TEST_STEP][PASSED] - M4_spin_current_balance = M4_spin_current_balance: null

2019-08-11 00:00:09 - [TEST_STEP][PASSED] - M4_spin_transaction_id = causality: null

2019-08-11 00:00:09 - [TEST_STEP][PASSED] - M4_spin_transaction_id = M4_spin_transaction_id: null

2019-08-11 00:00:09 - [TEST_STEP][PASSED] - M4_spin_round_id = round_id: null

2019-08-11 00:00:09 - [TEST_STEP][PASSED] - M4_spin_round_id = M4_spin_round_id: null

2019-08-11 00:00:09 - [TEST_STEP][PASSED] - M4_spin_line_wins = line_wins: null

2019-08-11 00:00:09 - [TEST_STEP][PASSED] - M4_spin_line_wins = M4_spin_line_wins: null

2019-08-11 00:00:09 - [TEST_STEP][PASSED] - M4_total_bonus_spins_int = total_bonus_spins: null

2019-08-11 00:00:09 - [TEST_STEP][PASSED] - println("******M4_total_bonus_spins type is:*******" + newline + getClass().getName()): null

2019-08-11 00:00:09 - [TEST_STEP][PASSED] - M4_total_bonus_spins_int = M4_total_bonus_spins_int: null

2019-08-11 00:00:09 - [TEST_STEP][PASSED] - M4_total_bonus_spins = Integer.toString(M4_total_bonus_spins_int): null

2019-08-11 00:00:09 - [TEST_STEP][PASSED] - M4_total_bonus_spins = M4_total_bonus_spins: null

2019-08-11 00:00:09 - [TEST_STEP][PASSED] - println("M4_total_bonus_spins is:" + M4_total_bonus_spins): null

2019-08-11 00:00:09 - [TEST_STEP][PASSED] - M4_spin_bonus_data = bonus_data: null

2019-08-11 00:00:09 - [TEST_STEP][PASSED] - M4_spin_features_triggered = result_M4_spin: null

2019-08-11 00:00:09 - [TEST_STEP][PASSED] - wild = []: null

2019-08-11 00:00:09 - [TEST_STEP][PASSED] - wild[0] = "WILD_Expanding": null

2019-08-11 00:00:09 - [TEST_STEP][PASSED] - wild[1] = "WILD_Normal": null

2019-08-11 00:00:09 - [TEST_STEP][PASSED] - wild[2] = "WILD_Double": null

2019-08-11 00:00:09 - [TEST_STEP][PASSED] - wild[3] = "WILD_ExtraFG": null

2019-08-11 00:00:09 - [TEST_STEP][PASSED] - wild[4] = "WILD_Triple": null

2019-08-11 00:00:09 - [TEST_STEP][PASSED] - wildList = Arrays.asList(wild): null

2019-08-11 00:00:09 - [TEST_STEP][PASSED] - wildList = wildList: null

2019-08-11 00:00:09 - [TEST_STEP][PASSED] - free_spin_reel_counter = []: null

2019-08-11 00:00:09 - [TEST_STEP][PASSED] - free_spin_reel_counter[0] = 0: null

2019-08-11 00:00:09 - [TEST_STEP][PASSED] - free_spin_reel_counter[1] = 0: null

2019-08-11 00:00:09 - [TEST_STEP][PASSED] - free_spin_reel_counter[2] = 0: null

2019-08-11 00:00:09 - [TEST_STEP][PASSED] - M4_spin_reels = reels: null

2019-08-11 00:00:09 - [TEST_STEP][PASSED] - for ([i = 0, i &lt; M4_spin_reels.size(), (i++)]): null

2019-08-11 00:00:09 - [TEST_STEP][PASSED] - symbols = symbols: null

2019-08-11 00:00:09 - [TEST_STEP][PASSED] - for ([j = 0, j &lt; symbols.size(), (j++)]): null

2019-08-11 00:00:09 - [TEST_STEP][PASSED] - symbol = symbol: null

2019-08-11 00:00:09 - [TEST_STEP][PASSED] - println(symbol): null

2019-08-11 00:00:09 - [TEST_STEP][PASSED] - if (i == 2 &amp;&amp; wildList.indexOf(symbol) != -1): null

2019-08-11 00:00:09 - [TEST_STEP][PASSED] - if (i == 3 &amp;&amp; wildList.indexOf(symbol) != -1): null

2019-08-11 00:00:09 - [TEST_STEP][PASSED] - if (i == 4 &amp;&amp; wildList.indexOf(symbol) != -1): null

2019-08-11 00:00:09 - [TEST_STEP][PASSED] - symbol = symbol: null

2019-08-11 00:00:09 - [TEST_STEP][PASSED] - println(symbol): null

2019-08-11 00:00:09 - [TEST_STEP][PASSED] - if (i == 2 &amp;&amp; wildList.indexOf(symbol) != -1): null

2019-08-11 00:00:09 - [TEST_STEP][PASSED] - if (i == 3 &amp;&amp; wildList.indexOf(symbol) != -1): null

2019-08-11 00:00:09 - [TEST_STEP][PASSED] - if (i == 4 &amp;&amp; wildList.indexOf(symbol) != -1): null

2019-08-11 00:00:09 - [TEST_STEP][PASSED] - symbol = symbol: null

2019-08-11 00:00:09 - [TEST_STEP][PASSED] - println(symbol): null

2019-08-11 00:00:09 - [TEST_STEP][PASSED] - if (i == 2 &amp;&amp; wildList.indexOf(symbol) != -1): null

2019-08-11 00:00:09 - [TEST_STEP][PASSED] - if (i == 3 &amp;&amp; wildList.indexOf(symbol) != -1): null

2019-08-11 00:00:09 - [TEST_STEP][PASSED] - if (i == 4 &amp;&amp; wildList.indexOf(symbol) != -1): null

2019-08-11 00:00:09 - [TEST_STEP][PASSED] - symbols = symbols: null

2019-08-11 00:00:09 - [TEST_STEP][PASSED] - for ([j = 0, j &lt; symbols.size(), (j++)]): null

2019-08-11 00:00:09 - [TEST_STEP][PASSED] - symbol = symbol: null

2019-08-11 00:00:09 - [TEST_STEP][PASSED] - println(symbol): null

2019-08-11 00:00:09 - [TEST_STEP][PASSED] - if (i == 2 &amp;&amp; wildList.indexOf(symbol) != -1): null

2019-08-11 00:00:09 - [TEST_STEP][PASSED] - if (i == 3 &amp;&amp; wildList.indexOf(symbol) != -1): null

2019-08-11 00:00:09 - [TEST_STEP][PASSED] - if (i == 4 &amp;&amp; wildList.indexOf(symbol) != -1): null

2019-08-11 00:00:09 - [TEST_STEP][PASSED] - symbol = symbol: null

2019-08-11 00:00:09 - [TEST_STEP][PASSED] - println(symbol): null

2019-08-11 00:00:09 - [TEST_STEP][PASSED] - if (i == 2 &amp;&amp; wildList.indexOf(symbol) != -1): null

2019-08-11 00:00:09 - [TEST_STEP][PASSED] - if (i == 3 &amp;&amp; wildList.indexOf(symbol) != -1): null

2019-08-11 00:00:09 - [TEST_STEP][PASSED] - if (i == 4 &amp;&amp; wildList.indexOf(symbol) != -1): null

2019-08-11 00:00:09 - [TEST_STEP][PASSED] - symbol = symbol: null

2019-08-11 00:00:09 - [TEST_STEP][PASSED] - println(symbol): null

2019-08-11 00:00:09 - [TEST_STEP][PASSED] - if (i == 2 &amp;&amp; wildList.indexOf(symbol) != -1): null

2019-08-11 00:00:09 - [TEST_STEP][PASSED] - if (i == 3 &amp;&amp; wildList.indexOf(symbol) != -1): null

2019-08-11 00:00:09 - [TEST_STEP][PASSED] - if (i == 4 &amp;&amp; wildList.indexOf(symbol) != -1): null

2019-08-11 00:00:09 - [TEST_STEP][PASSED] - symbols = symbols: null

2019-08-11 00:00:09 - [TEST_STEP][PASSED] - for ([j = 0, j &lt; symbols.size(), (j++)]): null

2019-08-11 00:00:09 - [TEST_STEP][PASSED] - symbol = symbol: null

2019-08-11 00:00:09 - [TEST_STEP][PASSED] - println(symbol): null

2019-08-11 00:00:09 - [TEST_STEP][PASSED] - if (i == 2 &amp;&amp; wildList.indexOf(symbol) != -1): null

2019-08-11 00:00:09 - [TEST_STEP][PASSED] - if (i == 3 &amp;&amp; wildList.indexOf(symbol) != -1): null

2019-08-11 00:00:09 - [TEST_STEP][PASSED] - if (i == 4 &amp;&amp; wildList.indexOf(symbol) != -1): null

2019-08-11 00:00:09 - [TEST_STEP][PASSED] - symbol = symbol: null

2019-08-11 00:00:09 - [TEST_STEP][PASSED] - println(symbol): null

2019-08-11 00:00:09 - [TEST_STEP][PASSED] - if (i == 2 &amp;&amp; wildList.indexOf(symbol) != -1): null

2019-08-11 00:00:09 - [TEST_STEP][PASSED] - if (i == 3 &amp;&amp; wildList.indexOf(symbol) != -1): null

2019-08-11 00:00:09 - [TEST_STEP][PASSED] - if (i == 4 &amp;&amp; wildList.indexOf(symbol) != -1): null

2019-08-11 00:00:09 - [TEST_STEP][PASSED] - symbol = symbol: null

2019-08-11 00:00:09 - [TEST_STEP][PASSED] - println(symbol): null

2019-08-11 00:00:09 - [TEST_STEP][PASSED] - if (i == 2 &amp;&amp; wildList.indexOf(symbol) != -1): null

2019-08-11 00:00:09 - [TEST_STEP][PASSED] - if (i == 3 &amp;&amp; wildList.indexOf(symbol) != -1): null

2019-08-11 00:00:09 - [TEST_STEP][PASSED] - if (i == 4 &amp;&amp; wildList.indexOf(symbol) != -1): null

2019-08-11 00:00:09 - [TEST_STEP][PASSED] - symbols = symbols: null

2019-08-11 00:00:09 - [TEST_STEP][PASSED] - for ([j = 0, j &lt; symbols.size(), (j++)]): null

2019-08-11 00:00:09 - [TEST_STEP][PASSED] - symbol = symbol: null

2019-08-11 00:00:09 - [TEST_STEP][PASSED] - println(symbol): null

2019-08-11 00:00:09 - [TEST_STEP][PASSED] - if (i == 2 &amp;&amp; wildList.indexOf(symbol) != -1): null

2019-08-11 00:00:09 - [TEST_STEP][PASSED] - if (i == 3 &amp;&amp; wildList.indexOf(symbol) != -1): null

2019-08-11 00:00:09 - [TEST_STEP][PASSED] - if (i == 4 &amp;&amp; wildList.indexOf(symbol) != -1): null

2019-08-11 00:00:09 - [TEST_STEP][PASSED] - symbol = symbol: null

2019-08-11 00:00:09 - [TEST_STEP][PASSED] - println(symbol): null

2019-08-11 00:00:09 - [TEST_STEP][PASSED] - if (i == 2 &amp;&amp; wildList.indexOf(symbol) != -1): null

2019-08-11 00:00:09 - [TEST_STEP][PASSED] - if (i == 3 &amp;&amp; wildList.indexOf(symbol) != -1): null

2019-08-11 00:00:09 - [TEST_STEP][PASSED] - if (i == 4 &amp;&amp; wildList.indexOf(symbol) != -1): null

2019-08-11 00:00:09 - [TEST_STEP][PASSED] - symbol = symbol: null

2019-08-11 00:00:09 - [TEST_STEP][PASSED] - println(symbol): null

2019-08-11 00:00:09 - [TEST_STEP][PASSED] - if (i == 2 &amp;&amp; wildList.indexOf(symbol) != -1): null

2019-08-11 00:00:09 - [TEST_STEP][PASSED] - if (i == 3 &amp;&amp; wildList.indexOf(symbol) != -1): null

2019-08-11 00:00:09 - [TEST_STEP][PASSED] - if (i == 4 &amp;&amp; wildList.indexOf(symbol) != -1): null

2019-08-11 00:00:09 - [TEST_STEP][PASSED] - symbols = symbols: null

2019-08-11 00:00:09 - [TEST_STEP][PASSED] - for ([j = 0, j &lt; symbols.size(), (j++)]): null

2019-08-11 00:00:09 - [TEST_STEP][PASSED] - symbol = symbol: null

2019-08-11 00:00:09 - [TEST_STEP][PASSED] - println(symbol): null

2019-08-11 00:00:09 - [TEST_STEP][PASSED] - if (i == 2 &amp;&amp; wildList.indexOf(symbol) != -1): null

2019-08-11 00:00:09 - [TEST_STEP][PASSED] - if (i == 3 &amp;&amp; wildList.indexOf(symbol) != -1): null

2019-08-11 00:00:09 - [TEST_STEP][PASSED] - if (i == 4 &amp;&amp; wildList.indexOf(symbol) != -1): null

2019-08-11 00:00:09 - [TEST_STEP][PASSED] - symbol = symbol: null

2019-08-11 00:00:09 - [TEST_STEP][PASSED] - println(symbol): null

2019-08-11 00:00:09 - [TEST_STEP][PASSED] - if (i == 2 &amp;&amp; wildList.indexOf(symbol) != -1): null

2019-08-11 00:00:09 - [TEST_STEP][PASSED] - if (i == 3 &amp;&amp; wildList.indexOf(symbol) != -1): null

2019-08-11 00:00:09 - [TEST_STEP][PASSED] - if (i == 4 &amp;&amp; wildList.indexOf(symbol) != -1): null

2019-08-11 00:00:09 - [TEST_STEP][PASSED] - symbol = symbol: null

2019-08-11 00:00:09 - [TEST_STEP][PASSED] - println(symbol): null

2019-08-11 00:00:09 - [TEST_STEP][PASSED] - if (i == 2 &amp;&amp; wildList.indexOf(symbol) != -1): null

2019-08-11 00:00:09 - [TEST_STEP][PASSED] - if (i == 3 &amp;&amp; wildList.indexOf(symbol) != -1): null

2019-08-11 00:00:09 - [TEST_STEP][PASSED] - if (i == 4 &amp;&amp; wildList.indexOf(symbol) != -1): null

2019-08-11 00:00:09 - [TEST_STEP][PASSED] - println("wild found on reel 5, adding counter by 1"): null

2019-08-11 00:00:09 - [TEST_STEP][PASSED] - free_spin_reel_counter[2] = free_spin_reel_counter[2] + 1: null

2019-08-11 00:00:09 - [TEST_STEP][PASSED] - free_spin_reel_counter = free_spin_reel_counter: null

2019-08-11 00:00:09 - [TEST_STEP][PASSED] - println("reel 3 wild found: " + free_spin_reel_counter[0]): null

2019-08-11 00:00:09 - [TEST_STEP][PASSED] - println("reel 4 wild found: " + free_spin_reel_counter[1]): null

2019-08-11 00:00:09 - [TEST_STEP][PASSED] - println("reel 5 wild found: " + free_spin_reel_counter[2]): null

2019-08-11 00:00:09 - [TEST_STEP][PASSED] - M4_spin_reels = M4_spin_reels: null

2019-08-11 00:00:09 - [TEST_STEP][PASSED] - M4_spin_reels_symbols = symbol: null

2019-08-11 00:00:09 - [TEST_STEP][PASSED] - M4_spin_reels_symbols = M4_spin_reels_symbols: null

2019-08-11 00:00:09 - [TEST_STEP][PASSED] - M4_spin_reel_wins = reel_wins: null

2019-08-11 00:00:09 - [TEST_STEP][PASSED] - M4_spin_reel_wins = M4_spin_reel_wins: null

2019-08-11 00:00:09 - [TEST_STEP][PASSED] - println("GlobalVariable.M4_spin_reel_wins is: " + M4_spin_reel_wins): null

2019-08-11 00:00:09 - [TEST_STEP][PASSED] - M4_spin_total_bonus_win_this_round = total_bonus_win_this_round: null

2019-08-11 00:00:09 - [TEST_STEP][PASSED] - M4_spin_total_bonus_win_this_round = M4_spin_total_bonus_win_this_round: null

2019-08-11 00:00:09 - [TEST_STEP][PASSED] - println("GlobalVariable.M4_spin_total_bonus_win_this_round is: " + M4_spin_total_bonus_win_this_round): null

2019-08-11 00:00:09 - [MESSAGE][PASSED] - Verify response successfully

2019-08-11 00:00:09 - [MESSAGE][PASSED] - Send request and verify the response successfully

2019-08-11 00:00:09 - [TEST_STEP][PASSED] - if (M4_total_bonus_spins_int != 0 &amp;&amp; M4_spin_reels_symbols[2].contains("WILD_Double") || M4_spin_reels_symbols[4].contains("WILD_Triple")): null

2019-08-11 00:00:09 - [TEST_STEP][PASSED] - free_spin_reel_counter = free_spin_reel_counter: null

2019-08-11 00:00:09 - [TEST_STEP][PASSED] - M4_spin_reels_symbols = M4_spin_reels_symbols: null

2019-08-11 00:00:09 - [TEST_STEP][PASSED] - M4_total_bonus_spins = M4_total_bonus_spins: null

2019-08-11 00:00:09 - [TEST_STEP][PASSED] - spin_result = sendRequestAndVerify(findTestObject("RGS(M4)/1_M4_spin", ["M4_login_user_id":M4_login_user_id, "rgs_session_token":rgs_session_token, "partner":Partner])): Send request and verify the response successfully

2019-08-11 00:00:09 - [TEST_CASE][PASSED] - Start Test Case : Verification: Verification accomplished successfully

2019-08-11 00:00:09 - [TEST_STEP][PASSED] - request = getInstance().getCurrentRequest(): null

2019-08-11 00:00:09 - [TEST_STEP][PASSED] - response = getInstance().getCurrentResponse(): null

2019-08-11 00:00:09 - [TEST_STEP][PASSED] - verifyResponseStatusCode(response, 200): Verify response status code successfully

2019-08-11 00:00:09 - [MESSAGE][PASSED] - Verify response status code successfully

2019-08-11 00:00:09 - [TEST_STEP][PASSED] - getStatusCode()).isEqualTo(200): null

2019-08-11 00:00:09 - [TEST_STEP][PASSED] - newline = System.getProperty("line.separator"): null

2019-08-11 00:00:09 - [TEST_STEP][PASSED] - M4_spin = new groovy.json.JsonSlurper(): null

2019-08-11 00:00:09 - [TEST_STEP][PASSED] - result_M4_spin = M4_spin.parseText(response.getResponseBodyContent()): null

2019-08-11 00:00:09 - [TEST_STEP][PASSED] - M4_spin_current_balance = current_balance: null

2019-08-11 00:00:09 - [TEST_STEP][PASSED] - M4_spin_current_balance = M4_spin_current_balance: null

2019-08-11 00:00:09 - [TEST_STEP][PASSED] - M4_spin_transaction_id = causality: null

2019-08-11 00:00:09 - [TEST_STEP][PASSED] - M4_spin_transaction_id = M4_spin_transaction_id: null

2019-08-11 00:00:09 - [TEST_STEP][PASSED] - M4_spin_round_id = round_id: null

2019-08-11 00:00:09 - [TEST_STEP][PASSED] - M4_spin_round_id = M4_spin_round_id: null

2019-08-11 00:00:09 - [TEST_STEP][PASSED] - M4_spin_line_wins = line_wins: null

2019-08-11 00:00:09 - [TEST_STEP][PASSED] - M4_spin_line_wins = M4_spin_line_wins: null

2019-08-11 00:00:09 - [TEST_STEP][PASSED] - M4_total_bonus_spins_int = total_bonus_spins: null

2019-08-11 00:00:09 - [TEST_STEP][PASSED] - println("******M4_total_bonus_spins type is:*******" + newline + getClass().getName()): null

2019-08-11 00:00:09 - [TEST_STEP][PASSED] - M4_total_bonus_spins_int = M4_total_bonus_spins_int: null

2019-08-11 00:00:09 - [TEST_STEP][PASSED] - M4_total_bonus_spins = Integer.toString(M4_total_bonus_spins_int): null

2019-08-11 00:00:09 - [TEST_STEP][PASSED] - M4_total_bonus_spins = M4_total_bonus_spins: null

2019-08-11 00:00:09 - [TEST_STEP][PASSED] - println("M4_total_bonus_spins is:" + M4_total_bonus_spins): null

2019-08-11 00:00:09 - [TEST_STEP][PASSED] - M4_spin_bonus_data = bonus_data: null

2019-08-11 00:00:09 - [TEST_STEP][PASSED] - M4_spin_features_triggered = result_M4_spin: null

2019-08-11 00:00:09 - [TEST_STEP][PASSED] - wild = []: null

2019-08-11 00:00:09 - [TEST_STEP][PASSED] - wild[0] = "WILD_Expanding": null

2019-08-11 00:00:09 - [TEST_STEP][PASSED] - wild[1] = "WILD_Normal": null

2019-08-11 00:00:09 - [TEST_STEP][PASSED] - wild[2] = "WILD_Double": null

2019-08-11 00:00:09 - [TEST_STEP][PASSED] - wild[3] = "WILD_ExtraFG": null

2019-08-11 00:00:09 - [TEST_STEP][PASSED] - wild[4] = "WILD_Triple": null

2019-08-11 00:00:09 - [TEST_STEP][PASSED] - wildList = Arrays.asList(wild): null

2019-08-11 00:00:09 - [TEST_STEP][PASSED] - wildList = wildList: null

2019-08-11 00:00:09 - [TEST_STEP][PASSED] - free_spin_reel_counter = []: null

2019-08-11 00:00:09 - [TEST_STEP][PASSED] - free_spin_reel_counter[0] = 0: null

2019-08-11 00:00:09 - [TEST_STEP][PASSED] - free_spin_reel_counter[1] = 0: null

2019-08-11 00:00:09 - [TEST_STEP][PASSED] - free_spin_reel_counter[2] = 0: null

2019-08-11 00:00:09 - [TEST_STEP][PASSED] - M4_spin_reels = reels: null

2019-08-11 00:00:09 - [TEST_STEP][PASSED] - for ([i = 0, i &lt; M4_spin_reels.size(), (i++)]): null

2019-08-11 00:00:09 - [TEST_STEP][PASSED] - symbols = symbols: null

2019-08-11 00:00:09 - [TEST_STEP][PASSED] - for ([j = 0, j &lt; symbols.size(), (j++)]): null

2019-08-11 00:00:09 - [TEST_STEP][PASSED] - symbol = symbol: null

2019-08-11 00:00:09 - [TEST_STEP][PASSED] - println(symbol): null

2019-08-11 00:00:09 - [TEST_STEP][PASSED] - if (i == 2 &amp;&amp; wildList.indexOf(symbol) != -1): null

2019-08-11 00:00:09 - [TEST_STEP][PASSED] - if (i == 3 &amp;&amp; wildList.indexOf(symbol) != -1): null

2019-08-11 00:00:09 - [TEST_STEP][PASSED] - if (i == 4 &amp;&amp; wildList.indexOf(symbol) != -1): null

2019-08-11 00:00:09 - [TEST_STEP][PASSED] - symbol = symbol: null

2019-08-11 00:00:09 - [TEST_STEP][PASSED] - println(symbol): null

2019-08-11 00:00:09 - [TEST_STEP][PASSED] - if (i == 2 &amp;&amp; wildList.indexOf(symbol) != -1): null

2019-08-11 00:00:09 - [TEST_STEP][PASSED] - if (i == 3 &amp;&amp; wildList.indexOf(symbol) != -1): null

2019-08-11 00:00:09 - [TEST_STEP][PASSED] - if (i == 4 &amp;&amp; wildList.indexOf(symbol) != -1): null

2019-08-11 00:00:09 - [TEST_STEP][PASSED] - symbol = symbol: null

2019-08-11 00:00:09 - [TEST_STEP][PASSED] - println(symbol): null

2019-08-11 00:00:09 - [TEST_STEP][PASSED] - if (i == 2 &amp;&amp; wildList.indexOf(symbol) != -1): null

2019-08-11 00:00:09 - [TEST_STEP][PASSED] - if (i == 3 &amp;&amp; wildList.indexOf(symbol) != -1): null

2019-08-11 00:00:09 - [TEST_STEP][PASSED] - if (i == 4 &amp;&amp; wildList.indexOf(symbol) != -1): null

2019-08-11 00:00:09 - [TEST_STEP][PASSED] - symbols = symbols: null

2019-08-11 00:00:09 - [TEST_STEP][PASSED] - for ([j = 0, j &lt; symbols.size(), (j++)]): null

2019-08-11 00:00:09 - [TEST_STEP][PASSED] - symbol = symbol: null

2019-08-11 00:00:09 - [TEST_STEP][PASSED] - println(symbol): null

2019-08-11 00:00:09 - [TEST_STEP][PASSED] - if (i == 2 &amp;&amp; wildList.indexOf(symbol) != -1): null

2019-08-11 00:00:09 - [TEST_STEP][PASSED] - if (i == 3 &amp;&amp; wildList.indexOf(symbol) != -1): null

2019-08-11 00:00:09 - [TEST_STEP][PASSED] - if (i == 4 &amp;&amp; wildList.indexOf(symbol) != -1): null

2019-08-11 00:00:09 - [TEST_STEP][PASSED] - symbol = symbol: null

2019-08-11 00:00:09 - [TEST_STEP][PASSED] - println(symbol): null

2019-08-11 00:00:09 - [TEST_STEP][PASSED] - if (i == 2 &amp;&amp; wildList.indexOf(symbol) != -1): null

2019-08-11 00:00:09 - [TEST_STEP][PASSED] - if (i == 3 &amp;&amp; wildList.indexOf(symbol) != -1): null

2019-08-11 00:00:09 - [TEST_STEP][PASSED] - if (i == 4 &amp;&amp; wildList.indexOf(symbol) != -1): null

2019-08-11 00:00:09 - [TEST_STEP][PASSED] - symbol = symbol: null

2019-08-11 00:00:09 - [TEST_STEP][PASSED] - println(symbol): null

2019-08-11 00:00:09 - [TEST_STEP][PASSED] - if (i == 2 &amp;&amp; wildList.indexOf(symbol) != -1): null

2019-08-11 00:00:09 - [TEST_STEP][PASSED] - if (i == 3 &amp;&amp; wildList.indexOf(symbol) != -1): null

2019-08-11 00:00:09 - [TEST_STEP][PASSED] - if (i == 4 &amp;&amp; wildList.indexOf(symbol) != -1): null

2019-08-11 00:00:09 - [TEST_STEP][PASSED] - symbols = symbols: null

2019-08-11 00:00:09 - [TEST_STEP][PASSED] - for ([j = 0, j &lt; symbols.size(), (j++)]): null

2019-08-11 00:00:09 - [TEST_STEP][PASSED] - symbol = symbol: null

2019-08-11 00:00:09 - [TEST_STEP][PASSED] - println(symbol): null

2019-08-11 00:00:09 - [TEST_STEP][PASSED] - if (i == 2 &amp;&amp; wildList.indexOf(symbol) != -1): null

2019-08-11 00:00:09 - [TEST_STEP][PASSED] - if (i == 3 &amp;&amp; wildList.indexOf(symbol) != -1): null

2019-08-11 00:00:09 - [TEST_STEP][PASSED] - if (i == 4 &amp;&amp; wildList.indexOf(symbol) != -1): null

2019-08-11 00:00:09 - [TEST_STEP][PASSED] - symbol = symbol: null

2019-08-11 00:00:09 - [TEST_STEP][PASSED] - println(symbol): null

2019-08-11 00:00:09 - [TEST_STEP][PASSED] - if (i == 2 &amp;&amp; wildList.indexOf(symbol) != -1): null

2019-08-11 00:00:09 - [TEST_STEP][PASSED] - if (i == 3 &amp;&amp; wildList.indexOf(symbol) != -1): null

2019-08-11 00:00:09 - [TEST_STEP][PASSED] - if (i == 4 &amp;&amp; wildList.indexOf(symbol) != -1): null

2019-08-11 00:00:09 - [TEST_STEP][PASSED] - symbol = symbol: null

2019-08-11 00:00:09 - [TEST_STEP][PASSED] - println(symbol): null

2019-08-11 00:00:09 - [TEST_STEP][PASSED] - if (i == 2 &amp;&amp; wildList.indexOf(symbol) != -1): null

2019-08-11 00:00:14 - [TEST_STEP][PASSED] - if (i == 3 &amp;&amp; wildList.indexOf(symbol) != -1): null

2019-08-11 00:00:14 - [TEST_STEP][PASSED] - if (i == 4 &amp;&amp; wildList.indexOf(symbol) != -1): null

2019-08-11 00:00:14 - [TEST_STEP][PASSED] - symbols = symbols: null

2019-08-11 00:00:14 - [TEST_STEP][PASSED] - for ([j = 0, j &lt; symbols.size(), (j++)]): null

2019-08-11 00:00:14 - [TEST_STEP][PASSED] - symbol = symbol: null

2019-08-11 00:00:14 - [TEST_STEP][PASSED] - println(symbol): null

2019-08-11 00:00:14 - [TEST_STEP][PASSED] - if (i == 2 &amp;&amp; wildList.indexOf(symbol) != -1): null

2019-08-11 00:00:14 - [TEST_STEP][PASSED] - if (i == 3 &amp;&amp; wildList.indexOf(symbol) != -1): null

2019-08-11 00:00:14 - [TEST_STEP][PASSED] - if (i == 4 &amp;&amp; wildList.indexOf(symbol) != -1): null

2019-08-11 00:00:14 - [TEST_STEP][PASSED] - symbol = symbol: null

2019-08-11 00:00:15 - [TEST_STEP][PASSED] - println(symbol): null

2019-08-11 00:00:15 - [TEST_STEP][PASSED] - if (i == 2 &amp;&amp; wildList.indexOf(symbol) != -1): null

2019-08-11 00:00:15 - [TEST_STEP][PASSED] - if (i == 3 &amp;&amp; wildList.indexOf(symbol) != -1): null

2019-08-11 00:00:15 - [TEST_STEP][PASSED] - println("wild found on reel 4, adding counter by 1"): null

2019-08-11 00:00:15 - [TEST_STEP][PASSED] - free_spin_reel_counter[1] = free_spin_reel_counter[1] + 1: null

2019-08-11 00:00:15 - [TEST_STEP][PASSED] - if (i == 4 &amp;&amp; wildList.indexOf(symbol) != -1): null

2019-08-11 00:00:15 - [TEST_STEP][PASSED] - symbol = symbol: null

2019-08-11 00:00:15 - [TEST_STEP][PASSED] - println(symbol): null

2019-08-11 00:00:15 - [TEST_STEP][PASSED] - if (i == 2 &amp;&amp; wildList.indexOf(symbol) != -1): null

2019-08-11 00:00:15 - [TEST_STEP][PASSED] - if (i == 3 &amp;&amp; wildList.indexOf(symbol) != -1): null

2019-08-11 00:00:15 - [TEST_STEP][PASSED] - if (i == 4 &amp;&amp; wildList.indexOf(symbol) != -1): null

2019-08-11 00:00:15 - [TEST_STEP][PASSED] - symbols = symbols: null

2019-08-11 00:00:15 - [TEST_STEP][PASSED] - for ([j = 0, j &lt; symbols.size(), (j++)]): null

2019-08-11 00:00:15 - [TEST_STEP][PASSED] - symbol = symbol: null

2019-08-11 00:00:15 - [TEST_STEP][PASSED] - println(symbol): null

2019-08-11 00:00:15 - [TEST_STEP][PASSED] - if (i == 2 &amp;&amp; wildList.indexOf(symbol) != -1): null

2019-08-11 00:00:15 - [TEST_STEP][PASSED] - if (i == 3 &amp;&amp; wildList.indexOf(symbol) != -1): null

2019-08-11 00:00:15 - [TEST_STEP][PASSED] - if (i == 4 &amp;&amp; wildList.indexOf(symbol) != -1): null

2019-08-11 00:00:15 - [TEST_STEP][PASSED] - symbol = symbol: null

2019-08-11 00:00:15 - [TEST_STEP][PASSED] - println(symbol): null

2019-08-11 00:00:15 - [TEST_STEP][PASSED] - if (i == 2 &amp;&amp; wildList.indexOf(symbol) != -1): null

2019-08-11 00:00:15 - [TEST_STEP][PASSED] - if (i == 3 &amp;&amp; wildList.indexOf(symbol) != -1): null

2019-08-11 00:00:15 - [TEST_STEP][PASSED] - if (i == 4 &amp;&amp; wildList.indexOf(symbol) != -1): null

2019-08-11 00:00:15 - [TEST_STEP][PASSED] - symbol = symbol: null

2019-08-11 00:00:15 - [TEST_STEP][PASSED] - println(symbol): null

2019-08-11 00:00:15 - [TEST_STEP][PASSED] - if (i == 2 &amp;&amp; wildList.indexOf(symbol) != -1): null

2019-08-11 00:00:15 - [TEST_STEP][PASSED] - if (i == 3 &amp;&amp; wildList.indexOf(symbol) != -1): null

2019-08-11 00:00:15 - [TEST_STEP][PASSED] - if (i == 4 &amp;&amp; wildList.indexOf(symbol) != -1): null

2019-08-11 00:00:15 - [TEST_STEP][PASSED] - free_spin_reel_counter = free_spin_reel_counter: null

2019-08-11 00:00:15 - [TEST_STEP][PASSED] - println("reel 3 wild found: " + free_spin_reel_counter[0]): null

2019-08-11 00:00:15 - [TEST_STEP][PASSED] - println("reel 4 wild found: " + free_spin_reel_counter[1]): null

2019-08-11 00:00:15 - [TEST_STEP][PASSED] - println("reel 5 wild found: " + free_spin_reel_counter[2]): null

2019-08-11 00:00:15 - [TEST_STEP][PASSED] - M4_spin_reels = M4_spin_reels: null

2019-08-11 00:00:15 - [TEST_STEP][PASSED] - M4_spin_reels_symbols = symbol: null

2019-08-11 00:00:15 - [TEST_STEP][PASSED] - M4_spin_reels_symbols = M4_spin_reels_symbols: null

2019-08-11 00:00:15 - [TEST_STEP][PASSED] - M4_spin_reel_wins = reel_wins: null

2019-08-11 00:00:15 - [TEST_STEP][PASSED] - M4_spin_reel_wins = M4_spin_reel_wins: null

2019-08-11 00:00:15 - [TEST_STEP][PASSED] - println("GlobalVariable.M4_spin_reel_wins is: " + M4_spin_reel_wins): null

2019-08-11 00:00:15 - [TEST_STEP][PASSED] - M4_spin_total_bonus_win_this_round = total_bonus_win_this_round: null

2019-08-11 00:00:15 - [TEST_STEP][PASSED] - M4_spin_total_bonus_win_this_round = M4_spin_total_bonus_win_this_round: null

2019-08-11 00:00:15 - [TEST_STEP][PASSED] - println("GlobalVariable.M4_spin_total_bonus_win_this_round is: " + M4_spin_total_bonus_win_this_round): null

2019-08-11 00:00:15 - [MESSAGE][PASSED] - Verify response successfully

2019-08-11 00:00:15 - [MESSAGE][PASSED] - Send request and verify the response successfully

2019-08-11 00:00:15 - [TEST_STEP][PASSED] - if (M4_total_bonus_spins_int != 0 &amp;&amp; M4_spin_reels_symbols[2].contains("WILD_Double") || M4_spin_reels_symbols[4].contains("WILD_Triple")): null

2019-08-11 00:00:15 - [TEST_STEP][PASSED] - free_spin_reel_counter = free_spin_reel_counter: null

2019-08-11 00:00:15 - [TEST_STEP][PASSED] - M4_spin_reels_symbols = M4_spin_reels_symbols: null

2019-08-11 00:00:15 - [TEST_STEP][PASSED] - M4_total_bonus_spins = M4_total_bonus_spins: null

2019-08-11 00:00:15 - [TEST_STEP][PASSED] - spin_result = sendRequestAndVerify(findTestObject("RGS(M4)/1_M4_spin", ["M4_login_user_id":M4_login_user_id, "rgs_session_token":rgs_session_token, "partner":Partner])): Send request and verify the response successfully

2019-08-11 00:00:15 - [TEST_CASE][PASSED] - Start Test Case : Verification: Verification accomplished successfully

2019-08-11 00:00:15 - [TEST_STEP][PASSED] - request = getInstance().getCurrentRequest(): null

2019-08-11 00:00:15 - [TEST_STEP][PASSED] - response = getInstance().getCurrentResponse(): null

2019-08-11 00:00:15 - [TEST_STEP][PASSED] - verifyResponseStatusCode(response, 200): Verify response status code successfully

2019-08-11 00:00:15 - [MESSAGE][PASSED] - Verify response status code successfully

2019-08-11 00:00:15 - [TEST_STEP][PASSED] - getStatusCode()).isEqualTo(200): null

2019-08-11 00:00:15 - [TEST_STEP][PASSED] - newline = System.getProperty("line.separator"): null

2019-08-11 00:00:15 - [TEST_STEP][PASSED] - M4_spin = new groovy.json.JsonSlurper(): null

2019-08-11 00:00:15 - [TEST_STEP][PASSED] - result_M4_spin = M4_spin.parseText(response.getResponseBodyContent()): null

2019-08-11 00:00:15 - [TEST_STEP][PASSED] - M4_spin_current_balance = current_balance: null

2019-08-11 00:00:15 - [TEST_STEP][PASSED] - M4_spin_current_balance = M4_spin_current_balance: null

2019-08-11 00:00:15 - [TEST_STEP][PASSED] - M4_spin_transaction_id = causality: null

2019-08-11 00:00:15 - [TEST_STEP][PASSED] - M4_spin_transaction_id = M4_spin_transaction_id: null

2019-08-11 00:00:15 - [TEST_STEP][PASSED] - M4_spin_round_id = round_id: null

2019-08-11 00:00:15 - [TEST_STEP][PASSED] - M4_spin_round_id = M4_spin_round_id: null

2019-08-11 00:00:15 - [TEST_STEP][PASSED] - M4_spin_line_wins = line_wins: null

2019-08-11 00:00:15 - [TEST_STEP][PASSED] - M4_spin_line_wins = M4_spin_line_wins: null

2019-08-11 00:00:15 - [TEST_STEP][PASSED] - M4_total_bonus_spins_int = total_bonus_spins: null

2019-08-11 00:00:15 - [TEST_STEP][PASSED] - println("******M4_total_bonus_spins type is:*******" + newline + getClass().getName()): null

2019-08-11 00:00:15 - [TEST_STEP][PASSED] - M4_total_bonus_spins_int = M4_total_bonus_spins_int: null

2019-08-11 00:00:15 - [TEST_STEP][PASSED] - M4_total_bonus_spins = Integer.toString(M4_total_bonus_spins_int): null

2019-08-11 00:00:15 - [TEST_STEP][PASSED] - M4_total_bonus_spins = M4_total_bonus_spins: null

2019-08-11 00:00:15 - [TEST_STEP][PASSED] - println("M4_total_bonus_spins is:" + M4_total_bonus_spins): null

2019-08-11 00:00:15 - [TEST_STEP][PASSED] - M4_spin_bonus_data = bonus_data: null

2019-08-11 00:00:15 - [TEST_STEP][PASSED] - M4_spin_features_triggered = result_M4_spin: null

2019-08-11 00:00:15 - [TEST_STEP][PASSED] - wild = []: null

2019-08-11 00:00:15 - [TEST_STEP][PASSED] - wild[0] = "WILD_Expanding": null

2019-08-11 00:00:15 - [TEST_STEP][PASSED] - wild[1] = "WILD_Normal": null

2019-08-11 00:00:15 - [TEST_STEP][PASSED] - wild[2] = "WILD_Double": null

2019-08-11 00:00:15 - [TEST_STEP][PASSED] - wild[3] = "WILD_ExtraFG": null

2019-08-11 00:00:15 - [TEST_STEP][PASSED] - wild[4] = "WILD_Triple": null

2019-08-11 00:00:15 - [TEST_STEP][PASSED] - wildList = Arrays.asList(wild): null

2019-08-11 00:00:15 - [TEST_STEP][PASSED] - wildList = wildList: null

2019-08-11 00:00:15 - [TEST_STEP][PASSED] - free_spin_reel_counter = []: null

2019-08-11 00:00:15 - [TEST_STEP][PASSED] - free_spin_reel_counter[0] = 0: null

2019-08-11 00:00:15 - [TEST_STEP][PASSED] - free_spin_reel_counter[1] = 0: null

2019-08-11 00:00:15 - [TEST_STEP][PASSED] - free_spin_reel_counter[2] = 0: null

2019-08-11 00:00:15 - [TEST_STEP][PASSED] - M4_spin_reels = reels: null

2019-08-11 00:00:15 - [TEST_STEP][PASSED] - for ([i = 0, i &lt; M4_spin_reels.size(), (i++)]): null

2019-08-11 00:00:15 - [TEST_STEP][PASSED] - symbols = symbols: null

2019-08-11 00:00:15 - [TEST_STEP][PASSED] - for ([j = 0, j &lt; symbols.size(), (j++)]): null

2019-08-11 00:00:15 - [TEST_STEP][PASSED] - symbol = symbol: null

2019-08-11 00:00:15 - [TEST_STEP][PASSED] - println(symbol): null

2019-08-11 00:00:15 - [TEST_STEP][PASSED] - if (i == 2 &amp;&amp; wildList.indexOf(symbol) != -1): null

2019-08-11 00:00:15 - [TEST_STEP][PASSED] - if (i == 3 &amp;&amp; wildList.indexOf(symbol) != -1): null

2019-08-11 00:00:15 - [TEST_STEP][PASSED] - if (i == 4 &amp;&amp; wildList.indexOf(symbol) != -1): null

2019-08-11 00:00:15 - [TEST_STEP][PASSED] - symbol = symbol: null

2019-08-11 00:00:15 - [TEST_STEP][PASSED] - println(symbol): null

2019-08-11 00:00:15 - [TEST_STEP][PASSED] - if (i == 2 &amp;&amp; wildList.indexOf(symbol) != -1): null

2019-08-11 00:00:15 - [TEST_STEP][PASSED] - if (i == 3 &amp;&amp; wildList.indexOf(symbol) != -1): null

2019-08-11 00:00:15 - [TEST_STEP][PASSED] - if (i == 4 &amp;&amp; wildList.indexOf(symbol) != -1): null

2019-08-11 00:00:15 - [TEST_STEP][PASSED] - symbol = symbol: null

2019-08-11 00:00:15 - [TEST_STEP][PASSED] - println(symbol): null

2019-08-11 00:00:15 - [TEST_STEP][PASSED] - if (i == 2 &amp;&amp; wildList.indexOf(symbol) != -1): null

2019-08-11 00:00:15 - [TEST_STEP][PASSED] - if (i == 3 &amp;&amp; wildList.indexOf(symbol) != -1): null

2019-08-11 00:00:15 - [TEST_STEP][PASSED] - if (i == 4 &amp;&amp; wildList.indexOf(symbol) != -1): null

2019-08-11 00:00:15 - [TEST_STEP][PASSED] - symbols = symbols: null

2019-08-11 00:00:15 - [TEST_STEP][PASSED] - for ([j = 0, j &lt; symbols.size(), (j++)]): null

2019-08-11 00:00:15 - [TEST_STEP][PASSED] - symbol = symbol: null

2019-08-11 00:00:15 - [TEST_STEP][PASSED] - println(symbol): null

2019-08-11 00:00:15 - [TEST_STEP][PASSED] - if (i == 2 &amp;&amp; wildList.indexOf(symbol) != -1): null

2019-08-11 00:00:15 - [TEST_STEP][PASSED] - if (i == 3 &amp;&amp; wildList.indexOf(symbol) != -1): null

2019-08-11 00:00:15 - [TEST_STEP][PASSED] - if (i == 4 &amp;&amp; wildList.indexOf(symbol) != -1): null

2019-08-11 00:00:15 - [TEST_STEP][PASSED] - symbol = symbol: null

2019-08-11 00:00:15 - [TEST_STEP][PASSED] - println(symbol): null

2019-08-11 00:00:15 - [TEST_STEP][PASSED] - if (i == 2 &amp;&amp; wildList.indexOf(symbol) != -1): null

2019-08-11 00:00:15 - [TEST_STEP][PASSED] - if (i == 3 &amp;&amp; wildList.indexOf(symbol) != -1): null

2019-08-11 00:00:15 - [TEST_STEP][PASSED] - if (i == 4 &amp;&amp; wildList.indexOf(symbol) != -1): null

2019-08-11 00:00:15 - [TEST_STEP][PASSED] - symbol = symbol: null

2019-08-11 00:00:15 - [TEST_STEP][PASSED] - println(symbol): null

2019-08-11 00:00:15 - [TEST_STEP][PASSED] - if (i == 2 &amp;&amp; wildList.indexOf(symbol) != -1): null

2019-08-11 00:00:15 - [TEST_STEP][PASSED] - if (i == 3 &amp;&amp; wildList.indexOf(symbol) != -1): null

2019-08-11 00:00:15 - [TEST_STEP][PASSED] - if (i == 4 &amp;&amp; wildList.indexOf(symbol) != -1): null

2019-08-11 00:00:15 - [TEST_STEP][PASSED] - symbols = symbols: null

2019-08-11 00:00:15 - [TEST_STEP][PASSED] - for ([j = 0, j &lt; symbols.size(), (j++)]): null

2019-08-11 00:00:15 - [TEST_STEP][PASSED] - symbol = symbol: null

2019-08-11 00:00:15 - [TEST_STEP][PASSED] - println(symbol): null

2019-08-11 00:00:15 - [TEST_STEP][PASSED] - if (i == 2 &amp;&amp; wildList.indexOf(symbol) != -1): null

2019-08-11 00:00:15 - [TEST_STEP][PASSED] - if (i == 3 &amp;&amp; wildList.indexOf(symbol) != -1): null

2019-08-11 00:00:15 - [TEST_STEP][PASSED] - if (i == 4 &amp;&amp; wildList.indexOf(symbol) != -1): null

2019-08-11 00:00:15 - [TEST_STEP][PASSED] - symbol = symbol: null

2019-08-11 00:00:15 - [TEST_STEP][PASSED] - println(symbol): null

2019-08-11 00:00:15 - [TEST_STEP][PASSED] - if (i == 2 &amp;&amp; wildList.indexOf(symbol) != -1): null

2019-08-11 00:00:15 - [TEST_STEP][PASSED] - println("wild found on reel 3, adding counter by 1"): null

2019-08-11 00:00:15 - [TEST_STEP][PASSED] - free_spin_reel_counter[0] = free_spin_reel_counter[0] + 1: null

2019-08-11 00:00:15 - [TEST_STEP][PASSED] - if (i == 3 &amp;&amp; wildList.indexOf(symbol) != -1): null

2019-08-11 00:00:15 - [TEST_STEP][PASSED] - if (i == 4 &amp;&amp; wildList.indexOf(symbol) != -1): null

2019-08-11 00:00:15 - [TEST_STEP][PASSED] - symbol = symbol: null

2019-08-11 00:00:15 - [TEST_STEP][PASSED] - println(symbol): null

2019-08-11 00:00:15 - [TEST_STEP][PASSED] - if (i == 2 &amp;&amp; wildList.indexOf(symbol) != -1): null

2019-08-11 00:00:15 - [TEST_STEP][PASSED] - if (i == 3 &amp;&amp; wildList.indexOf(symbol) != -1): null

2019-08-11 00:00:15 - [TEST_STEP][PASSED] - if (i == 4 &amp;&amp; wildList.indexOf(symbol) != -1): null

2019-08-11 00:00:15 - [TEST_STEP][PASSED] - symbols = symbols: null

2019-08-11 00:00:15 - [TEST_STEP][PASSED] - for ([j = 0, j &lt; symbols.size(), (j++)]): null

2019-08-11 00:00:15 - [TEST_STEP][PASSED] - symbol = symbol: null

2019-08-11 00:00:15 - [TEST_STEP][PASSED] - println(symbol): null

2019-08-11 00:00:15 - [TEST_STEP][PASSED] - if (i == 2 &amp;&amp; wildList.indexOf(symbol) != -1): null

2019-08-11 00:00:15 - [TEST_STEP][PASSED] - if (i == 3 &amp;&amp; wildList.indexOf(symbol) != -1): null

2019-08-11 00:00:15 - [TEST_STEP][PASSED] - if (i == 4 &amp;&amp; wildList.indexOf(symbol) != -1): null

2019-08-11 00:00:15 - [TEST_STEP][PASSED] - symbol = symbol: null

2019-08-11 00:00:15 - [TEST_STEP][PASSED] - println(symbol): null

2019-08-11 00:00:15 - [TEST_STEP][PASSED] - if (i == 2 &amp;&amp; wildList.indexOf(symbol) != -1): null

2019-08-11 00:00:15 - [TEST_STEP][PASSED] - if (i == 3 &amp;&amp; wildList.indexOf(symbol) != -1): null

2019-08-11 00:00:15 - [TEST_STEP][PASSED] - if (i == 4 &amp;&amp; wildList.indexOf(symbol) != -1): null

2019-08-11 00:00:15 - [TEST_STEP][PASSED] - symbol = symbol: null

2019-08-11 00:00:15 - [TEST_STEP][PASSED] - println(symbol): null

2019-08-11 00:00:15 - [TEST_STEP][PASSED] - if (i == 2 &amp;&amp; wildList.indexOf(symbol) != -1): null

2019-08-11 00:00:15 - [TEST_STEP][PASSED] - if (i == 3 &amp;&amp; wildList.indexOf(symbol) != -1): null

2019-08-11 00:00:15 - [TEST_STEP][PASSED] - if (i == 4 &amp;&amp; wildList.indexOf(symbol) != -1): null

2019-08-11 00:00:15 - [TEST_STEP][PASSED] - symbols = symbols: null

2019-08-11 00:00:15 - [TEST_STEP][PASSED] - for ([j = 0, j &lt; symbols.size(), (j++)]): null

2019-08-11 00:00:15 - [TEST_STEP][PASSED] - symbol = symbol: null

2019-08-11 00:00:15 - [TEST_STEP][PASSED] - println(symbol): null

2019-08-11 00:00:15 - [TEST_STEP][PASSED] - if (i == 2 &amp;&amp; wildList.indexOf(symbol) != -1): null

2019-08-11 00:00:15 - [TEST_STEP][PASSED] - if (i == 3 &amp;&amp; wildList.indexOf(symbol) != -1): null

2019-08-11 00:00:15 - [TEST_STEP][PASSED] - if (i == 4 &amp;&amp; wildList.indexOf(symbol) != -1): null

2019-08-11 00:00:15 - [TEST_STEP][PASSED] - symbol = symbol: null

2019-08-11 00:00:15 - [TEST_STEP][PASSED] - println(symbol): null

2019-08-11 00:00:15 - [TEST_STEP][PASSED] - if (i == 2 &amp;&amp; wildList.indexOf(symbol) != -1): null

2019-08-11 00:00:15 - [TEST_STEP][PASSED] - if (i == 3 &amp;&amp; wildList.indexOf(symbol) != -1): null

2019-08-11 00:00:15 - [TEST_STEP][PASSED] - if (i == 4 &amp;&amp; wildList.indexOf(symbol) != -1): null

2019-08-11 00:00:15 - [TEST_STEP][PASSED] - symbol = symbol: null

2019-08-11 00:00:15 - [TEST_STEP][PASSED] - println(symbol): null

2019-08-11 00:00:15 - [TEST_STEP][PASSED] - if (i == 2 &amp;&amp; wildList.indexOf(symbol) != -1): null

2019-08-11 00:00:15 - [TEST_STEP][PASSED] - if (i == 3 &amp;&amp; wildList.indexOf(symbol) != -1): null

2019-08-11 00:00:15 - [TEST_STEP][PASSED] - if (i == 4 &amp;&amp; wildList.indexOf(symbol) != -1): null

2019-08-11 00:00:15 - [TEST_STEP][PASSED] - free_spin_reel_counter = free_spin_reel_counter: null

2019-08-11 00:00:15 - [TEST_STEP][PASSED] - println("reel 3 wild found: " + free_spin_reel_counter[0]): null

2019-08-11 00:00:15 - [TEST_STEP][PASSED] - println("reel 4 wild found: " + free_spin_reel_counter[1]): null

2019-08-11 00:00:15 - [TEST_STEP][PASSED] - println("reel 5 wild found: " + free_spin_reel_counter[2]): null

2019-08-11 00:00:15 - [TEST_STEP][PASSED] - M4_spin_reels = M4_spin_reels: null

2019-08-11 00:00:15 - [TEST_STEP][PASSED] - M4_spin_reels_symbols = symbol: null

2019-08-11 00:00:15 - [TEST_STEP][PASSED] - M4_spin_reels_symbols = M4_spin_reels_symbols: null

2019-08-11 00:00:15 - [TEST_STEP][PASSED] - M4_spin_reel_wins = reel_wins: null

2019-08-11 00:00:15 - [TEST_STEP][PASSED] - M4_spin_reel_wins = M4_spin_reel_wins: null

2019-08-11 00:00:15 - [TEST_STEP][PASSED] - println("GlobalVariable.M4_spin_reel_wins is: " + M4_spin_reel_wins): null

2019-08-11 00:00:15 - [TEST_STEP][PASSED] - M4_spin_total_bonus_win_this_round = total_bonus_win_this_round: null

2019-08-11 00:00:15 - [TEST_STEP][PASSED] - M4_spin_total_bonus_win_this_round = M4_spin_total_bonus_win_this_round: null

2019-08-11 00:00:15 - [TEST_STEP][PASSED] - println("GlobalVariable.M4_spin_total_bonus_win_this_round is: " + M4_spin_total_bonus_win_this_round): null

2019-08-11 00:00:15 - [MESSAGE][PASSED] - Verify response successfully

2019-08-11 00:00:15 - [MESSAGE][PASSED] - Send request and verify the response successfully

2019-08-11 00:00:15 - [TEST_STEP][PASSED] - if (M4_total_bonus_spins_int != 0 &amp;&amp; M4_spin_reels_symbols[2].contains("WILD_Double") || M4_spin_reels_symbols[4].contains("WILD_Triple")): null

2019-08-11 00:00:15 - [TEST_STEP][PASSED] - free_spin_reel_counter = free_spin_reel_counter: null

2019-08-11 00:00:15 - [TEST_STEP][PASSED] - M4_spin_reels_symbols = M4_spin_reels_symbols: null

2019-08-11 00:00:15 - [TEST_STEP][PASSED] - M4_total_bonus_spins = M4_total_bonus_spins: null

2019-08-11 00:00:15 - [TEST_STEP][PASSED] - spin_result = sendRequestAndVerify(findTestObject("RGS(M4)/1_M4_spin", ["M4_login_user_id":M4_login_user_id, "rgs_session_token":rgs_session_token, "partner":Partner])): Send request and verify the response successfully

2019-08-11 00:00:16 - [TEST_CASE][PASSED] - Start Test Case : Verification: Verification accomplished successfully

2019-08-11 00:00:16 - [TEST_STEP][PASSED] - request = getInstance().getCurrentRequest(): null

2019-08-11 00:00:16 - [TEST_STEP][PASSED] - response = getInstance().getCurrentResponse(): null

2019-08-11 00:00:16 - [TEST_STEP][PASSED] - verifyResponseStatusCode(response, 200): Verify response status code successfully

2019-08-11 00:00:16 - [MESSAGE][PASSED] - Verify response status code successfully

2019-08-11 00:00:16 - [TEST_STEP][PASSED] - getStatusCode()).isEqualTo(200): null

2019-08-11 00:00:16 - [TEST_STEP][PASSED] - newline = System.getProperty("line.separator"): null

2019-08-11 00:00:16 - [TEST_STEP][PASSED] - M4_spin = new groovy.json.JsonSlurper(): null

2019-08-11 00:00:16 - [TEST_STEP][PASSED] - result_M4_spin = M4_spin.parseText(response.getResponseBodyContent()): null

2019-08-11 00:00:16 - [TEST_STEP][PASSED] - M4_spin_current_balance = current_balance: null

2019-08-11 00:00:16 - [TEST_STEP][PASSED] - M4_spin_current_balance = M4_spin_current_balance: null

2019-08-11 00:00:16 - [TEST_STEP][PASSED] - M4_spin_transaction_id = causality: null

2019-08-11 00:00:16 - [TEST_STEP][PASSED] - M4_spin_transaction_id = M4_spin_transaction_id: null

2019-08-11 00:00:16 - [TEST_STEP][PASSED] - M4_spin_round_id = round_id: null

2019-08-11 00:00:16 - [TEST_STEP][PASSED] - M4_spin_round_id = M4_spin_round_id: null

2019-08-11 00:00:16 - [TEST_STEP][PASSED] - M4_spin_line_wins = line_wins: null

2019-08-11 00:00:16 - [TEST_STEP][PASSED] - M4_spin_line_wins = M4_spin_line_wins: null

2019-08-11 00:00:16 - [TEST_STEP][PASSED] - M4_total_bonus_spins_int = total_bonus_spins: null

2019-08-11 00:00:16 - [TEST_STEP][PASSED] - println("******M4_total_bonus_spins type is:*******" + newline + getClass().getName()): null

2019-08-11 00:00:16 - [TEST_STEP][PASSED] - M4_total_bonus_spins_int = M4_total_bonus_spins_int: null

2019-08-11 00:00:16 - [TEST_STEP][PASSED] - M4_total_bonus_spins = Integer.toString(M4_total_bonus_spins_int): null

2019-08-11 00:00:16 - [TEST_STEP][PASSED] - M4_total_bonus_spins = M4_total_bonus_spins: null

2019-08-11 00:00:16 - [TEST_STEP][PASSED] - println("M4_total_bonus_spins is:" + M4_total_bonus_spins): null

2019-08-11 00:00:16 - [TEST_STEP][PASSED] - M4_spin_bonus_data = bonus_data: null

2019-08-11 00:00:16 - [TEST_STEP][PASSED] - M4_spin_features_triggered = result_M4_spin: null

2019-08-11 00:00:16 - [TEST_STEP][PASSED] - wild = []: null

2019-08-11 00:00:16 - [TEST_STEP][PASSED] - wild[0] = "WILD_Expanding": null

2019-08-11 00:00:16 - [TEST_STEP][PASSED] - wild[1] = "WILD_Normal": null

2019-08-11 00:00:16 - [TEST_STEP][PASSED] - wild[2] = "WILD_Double": null

2019-08-11 00:00:16 - [TEST_STEP][PASSED] - wild[3] = "WILD_ExtraFG": null

2019-08-11 00:00:16 - [TEST_STEP][PASSED] - wild[4] = "WILD_Triple": null

2019-08-11 00:00:16 - [TEST_STEP][PASSED] - wildList = Arrays.asList(wild): null

2019-08-11 00:00:16 - [TEST_STEP][PASSED] - wildList = wildList: null

2019-08-11 00:00:16 - [TEST_STEP][PASSED] - free_spin_reel_counter = []: null

2019-08-11 00:00:16 - [TEST_STEP][PASSED] - free_spin_reel_counter[0] = 0: null

2019-08-11 00:00:16 - [TEST_STEP][PASSED] - free_spin_reel_counter[1] = 0: null

2019-08-11 00:00:16 - [TEST_STEP][PASSED] - free_spin_reel_counter[2] = 0: null

2019-08-11 00:00:16 - [TEST_STEP][PASSED] - M4_spin_reels = reels: null

2019-08-11 00:00:16 - [TEST_STEP][PASSED] - for ([i = 0, i &lt; M4_spin_reels.size(), (i++)]): null

2019-08-11 00:00:16 - [TEST_STEP][PASSED] - symbols = symbols: null

2019-08-11 00:00:16 - [TEST_STEP][PASSED] - for ([j = 0, j &lt; symbols.size(), (j++)]): null

2019-08-11 00:00:16 - [TEST_STEP][PASSED] - symbol = symbol: null

2019-08-11 00:00:16 - [TEST_STEP][PASSED] - println(symbol): null

2019-08-11 00:00:16 - [TEST_STEP][PASSED] - if (i == 2 &amp;&amp; wildList.indexOf(symbol) != -1): null

2019-08-11 00:00:16 - [TEST_STEP][PASSED] - if (i == 3 &amp;&amp; wildList.indexOf(symbol) != -1): null

2019-08-11 00:00:16 - [TEST_STEP][PASSED] - if (i == 4 &amp;&amp; wildList.indexOf(symbol) != -1): null

2019-08-11 00:00:16 - [TEST_STEP][PASSED] - symbol = symbol: null

2019-08-11 00:00:16 - [TEST_STEP][PASSED] - println(symbol): null

2019-08-11 00:00:16 - [TEST_STEP][PASSED] - if (i == 2 &amp;&amp; wildList.indexOf(symbol) != -1): null

2019-08-11 00:00:16 - [TEST_STEP][PASSED] - if (i == 3 &amp;&amp; wildList.indexOf(symbol) != -1): null

2019-08-11 00:00:16 - [TEST_STEP][PASSED] - if (i == 4 &amp;&amp; wildList.indexOf(symbol) != -1): null

2019-08-11 00:00:16 - [TEST_STEP][PASSED] - symbol = symbol: null

2019-08-11 00:00:16 - [TEST_STEP][PASSED] - println(symbol): null

2019-08-11 00:00:16 - [TEST_STEP][PASSED] - if (i == 2 &amp;&amp; wildList.indexOf(symbol) != -1): null

2019-08-11 00:00:16 - [TEST_STEP][PASSED] - if (i == 3 &amp;&amp; wildList.indexOf(symbol) != -1): null

2019-08-11 00:00:16 - [TEST_STEP][PASSED] - if (i == 4 &amp;&amp; wildList.indexOf(symbol) != -1): null

2019-08-11 00:00:16 - [TEST_STEP][PASSED] - symbols = symbols: null

2019-08-11 00:00:16 - [TEST_STEP][PASSED] - for ([j = 0, j &lt; symbols.size(), (j++)]): null

2019-08-11 00:00:16 - [TEST_STEP][PASSED] - symbol = symbol: null

2019-08-11 00:00:16 - [TEST_STEP][PASSED] - println(symbol): null

2019-08-11 00:00:16 - [TEST_STEP][PASSED] - if (i == 2 &amp;&amp; wildList.indexOf(symbol) != -1): null

2019-08-11 00:00:16 - [TEST_STEP][PASSED] - if (i == 3 &amp;&amp; wildList.indexOf(symbol) != -1): null

2019-08-11 00:00:16 - [TEST_STEP][PASSED] - if (i == 4 &amp;&amp; wildList.indexOf(symbol) != -1): null

2019-08-11 00:00:16 - [TEST_STEP][PASSED] - symbol = symbol: null

2019-08-11 00:00:16 - [TEST_STEP][PASSED] - println(symbol): null

2019-08-11 00:00:16 - [TEST_STEP][PASSED] - if (i == 2 &amp;&amp; wildList.indexOf(symbol) != -1): null

2019-08-11 00:00:16 - [TEST_STEP][PASSED] - if (i == 3 &amp;&amp; wildList.indexOf(symbol) != -1): null

2019-08-11 00:00:16 - [TEST_STEP][PASSED] - if (i == 4 &amp;&amp; wildList.indexOf(symbol) != -1): null

2019-08-11 00:00:16 - [TEST_STEP][PASSED] - symbol = symbol: null

2019-08-11 00:00:16 - [TEST_STEP][PASSED] - println(symbol): null

2019-08-11 00:00:16 - [TEST_STEP][PASSED] - if (i == 2 &amp;&amp; wildList.indexOf(symbol) != -1): null

2019-08-11 00:00:16 - [TEST_STEP][PASSED] - if (i == 3 &amp;&amp; wildList.indexOf(symbol) != -1): null

2019-08-11 00:00:16 - [TEST_STEP][PASSED] - if (i == 4 &amp;&amp; wildList.indexOf(symbol) != -1): null

2019-08-11 00:00:16 - [TEST_STEP][PASSED] - symbols = symbols: null

2019-08-11 00:00:16 - [TEST_STEP][PASSED] - for ([j = 0, j &lt; symbols.size(), (j++)]): null

2019-08-11 00:00:16 - [TEST_STEP][PASSED] - symbol = symbol: null

2019-08-11 00:00:16 - [TEST_STEP][PASSED] - println(symbol): null

2019-08-11 00:00:16 - [TEST_STEP][PASSED] - if (i == 2 &amp;&amp; wildList.indexOf(symbol) != -1): null

2019-08-11 00:00:16 - [TEST_STEP][PASSED] - if (i == 3 &amp;&amp; wildList.indexOf(symbol) != -1): null

2019-08-11 00:00:16 - [TEST_STEP][PASSED] - if (i == 4 &amp;&amp; wildList.indexOf(symbol) != -1): null

2019-08-11 00:00:16 - [TEST_STEP][PASSED] - symbol = symbol: null

2019-08-11 00:00:16 - [TEST_STEP][PASSED] - println(symbol): null

2019-08-11 00:00:16 - [TEST_STEP][PASSED] - if (i == 2 &amp;&amp; wildList.indexOf(symbol) != -1): null

2019-08-11 00:00:16 - [TEST_STEP][PASSED] - if (i == 3 &amp;&amp; wildList.indexOf(symbol) != -1): null

2019-08-11 00:00:16 - [TEST_STEP][PASSED] - if (i == 4 &amp;&amp; wildList.indexOf(symbol) != -1): null

2019-08-11 00:00:16 - [TEST_STEP][PASSED] - symbol = symbol: null

2019-08-11 00:00:16 - [TEST_STEP][PASSED] - println(symbol): null

2019-08-11 00:00:16 - [TEST_STEP][PASSED] - if (i == 2 &amp;&amp; wildList.indexOf(symbol) != -1): null

2019-08-11 00:00:16 - [TEST_STEP][PASSED] - if (i == 3 &amp;&amp; wildList.indexOf(symbol) != -1): null

2019-08-11 00:00:16 - [TEST_STEP][PASSED] - if (i == 4 &amp;&amp; wildList.indexOf(symbol) != -1): null

2019-08-11 00:00:16 - [TEST_STEP][PASSED] - symbols = symbols: null

2019-08-11 00:00:16 - [TEST_STEP][PASSED] - for ([j = 0, j &lt; symbols.size(), (j++)]): null

2019-08-11 00:00:16 - [TEST_STEP][PASSED] - symbol = symbol: null

2019-08-11 00:00:16 - [TEST_STEP][PASSED] - println(symbol): null

2019-08-11 00:00:16 - [TEST_STEP][PASSED] - if (i == 2 &amp;&amp; wildList.indexOf(symbol) != -1): null

2019-08-11 00:00:16 - [TEST_STEP][PASSED] - if (i == 3 &amp;&amp; wildList.indexOf(symbol) != -1): null

2019-08-11 00:00:16 - [TEST_STEP][PASSED] - if (i == 4 &amp;&amp; wildList.indexOf(symbol) != -1): null

2019-08-11 00:00:16 - [TEST_STEP][PASSED] - symbol = symbol: null

2019-08-11 00:00:16 - [TEST_STEP][PASSED] - println(symbol): null

2019-08-11 00:00:16 - [TEST_STEP][PASSED] - if (i == 2 &amp;&amp; wildList.indexOf(symbol) != -1): null

2019-08-11 00:00:16 - [TEST_STEP][PASSED] - if (i == 3 &amp;&amp; wildList.indexOf(symbol) != -1): null

2019-08-11 00:00:16 - [TEST_STEP][PASSED] - if (i == 4 &amp;&amp; wildList.indexOf(symbol) != -1): null

2019-08-11 00:00:16 - [TEST_STEP][PASSED] - symbol = symbol: null

2019-08-11 00:00:16 - [TEST_STEP][PASSED] - println(symbol): null

2019-08-11 00:00:16 - [TEST_STEP][PASSED] - if (i == 2 &amp;&amp; wildList.indexOf(symbol) != -1): null

2019-08-11 00:00:16 - [TEST_STEP][PASSED] - if (i == 3 &amp;&amp; wildList.indexOf(symbol) != -1): null

2019-08-11 00:00:16 - [TEST_STEP][PASSED] - if (i == 4 &amp;&amp; wildList.indexOf(symbol) != -1): null

2019-08-11 00:00:16 - [TEST_STEP][PASSED] - symbols = symbols: null

2019-08-11 00:00:16 - [TEST_STEP][PASSED] - for ([j = 0, j &lt; symbols.size(), (j++)]): null

2019-08-11 00:00:16 - [TEST_STEP][PASSED] - symbol = symbol: null

2019-08-11 00:00:16 - [TEST_STEP][PASSED] - println(symbol): null

2019-08-11 00:00:16 - [TEST_STEP][PASSED] - if (i == 2 &amp;&amp; wildList.indexOf(symbol) != -1): null

2019-08-11 00:00:16 - [TEST_STEP][PASSED] - if (i == 3 &amp;&amp; wildList.indexOf(symbol) != -1): null

2019-08-11 00:00:16 - [TEST_STEP][PASSED] - if (i == 4 &amp;&amp; wildList.indexOf(symbol) != -1): null

2019-08-11 00:00:16 - [TEST_STEP][PASSED] - symbol = symbol: null

2019-08-11 00:00:16 - [TEST_STEP][PASSED] - println(symbol): null

2019-08-11 00:00:16 - [TEST_STEP][PASSED] - if (i == 2 &amp;&amp; wildList.indexOf(symbol) != -1): null

2019-08-11 00:00:16 - [TEST_STEP][PASSED] - if (i == 3 &amp;&amp; wildList.indexOf(symbol) != -1): null

2019-08-11 00:00:16 - [TEST_STEP][PASSED] - if (i == 4 &amp;&amp; wildList.indexOf(symbol) != -1): null

2019-08-11 00:00:16 - [TEST_STEP][PASSED] - symbol = symbol: null

2019-08-11 00:00:16 - [TEST_STEP][PASSED] - println(symbol): null

2019-08-11 00:00:16 - [TEST_STEP][PASSED] - if (i == 2 &amp;&amp; wildList.indexOf(symbol) != -1): null

2019-08-11 00:00:16 - [TEST_STEP][PASSED] - if (i == 3 &amp;&amp; wildList.indexOf(symbol) != -1): null

2019-08-11 00:00:16 - [TEST_STEP][PASSED] - if (i == 4 &amp;&amp; wildList.indexOf(symbol) != -1): null

2019-08-11 00:00:16 - [TEST_STEP][PASSED] - free_spin_reel_counter = free_spin_reel_counter: null

2019-08-11 00:00:16 - [TEST_STEP][PASSED] - println("reel 3 wild found: " + free_spin_reel_counter[0]): null

2019-08-11 00:00:16 - [TEST_STEP][PASSED] - println("reel 4 wild found: " + free_spin_reel_counter[1]): null

2019-08-11 00:00:20 - [TEST_STEP][PASSED] - println("reel 5 wild found: " + free_spin_reel_counter[2]): null

2019-08-11 00:00:20 - [TEST_STEP][PASSED] - M4_spin_reels = M4_spin_reels: null

2019-08-11 00:00:20 - [TEST_STEP][PASSED] - M4_spin_reels_symbols = symbol: null

2019-08-11 00:00:20 - [TEST_STEP][PASSED] - M4_spin_reels_symbols = M4_spin_reels_symbols: null

2019-08-11 00:00:20 - [TEST_STEP][PASSED] - M4_spin_reel_wins = reel_wins: null

2019-08-11 00:00:20 - [TEST_STEP][PASSED] - M4_spin_reel_wins = M4_spin_reel_wins: null

2019-08-11 00:00:20 - [TEST_STEP][PASSED] - println("GlobalVariable.M4_spin_reel_wins is: " + M4_spin_reel_wins): null

2019-08-11 00:00:20 - [TEST_STEP][PASSED] - M4_spin_total_bonus_win_this_round = total_bonus_win_this_round: null

2019-08-11 00:00:20 - [TEST_STEP][PASSED] - M4_spin_total_bonus_win_this_round = M4_spin_total_bonus_win_this_round: null

2019-08-11 00:00:20 - [TEST_STEP][PASSED] - println("GlobalVariable.M4_spin_total_bonus_win_this_round is: " + M4_spin_total_bonus_win_this_round): null

2019-08-11 00:00:21 - [MESSAGE][PASSED] - Verify response successfully

2019-08-11 00:00:21 - [MESSAGE][PASSED] - Send request and verify the response successfully

2019-08-11 00:00:21 - [TEST_STEP][PASSED] - if (M4_total_bonus_spins_int != 0 &amp;&amp; M4_spin_reels_symbols[2].contains("WILD_Double") || M4_spin_reels_symbols[4].contains("WILD_Triple")): null

2019-08-11 00:00:21 - [TEST_STEP][PASSED] - free_spin_reel_counter = free_spin_reel_counter: null

2019-08-11 00:00:21 - [TEST_STEP][PASSED] - M4_spin_reels_symbols = M4_spin_reels_symbols: null

2019-08-11 00:00:21 - [TEST_STEP][PASSED] - M4_total_bonus_spins = M4_total_bonus_spins: null

2019-08-11 00:00:21 - [TEST_STEP][PASSED] - spin_result = sendRequestAndVerify(findTestObject("RGS(M4)/1_M4_spin", ["M4_login_user_id":M4_login_user_id, "rgs_session_token":rgs_session_token, "partner":Partner])): Send request and verify the response successfully

2019-08-11 00:00:22 - [TEST_CASE][PASSED] - Start Test Case : Verification: Verification accomplished successfully

2019-08-11 00:00:22 - [TEST_STEP][PASSED] - request = getInstance().getCurrentRequest(): null

2019-08-11 00:00:22 - [TEST_STEP][PASSED] - response = getInstance().getCurrentResponse(): null

2019-08-11 00:00:22 - [TEST_STEP][PASSED] - verifyResponseStatusCode(response, 200): Verify response status code successfully

2019-08-11 00:00:22 - [MESSAGE][PASSED] - Verify response status code successfully

2019-08-11 00:00:22 - [TEST_STEP][PASSED] - getStatusCode()).isEqualTo(200): null

2019-08-11 00:00:22 - [TEST_STEP][PASSED] - newline = System.getProperty("line.separator"): null

2019-08-11 00:00:22 - [TEST_STEP][PASSED] - M4_spin = new groovy.json.JsonSlurper(): null

2019-08-11 00:00:22 - [TEST_STEP][PASSED] - result_M4_spin = M4_spin.parseText(response.getResponseBodyContent()): null

2019-08-11 00:00:22 - [TEST_STEP][PASSED] - M4_spin_current_balance = current_balance: null

2019-08-11 00:00:22 - [TEST_STEP][PASSED] - M4_spin_current_balance = M4_spin_current_balance: null

2019-08-11 00:00:22 - [TEST_STEP][PASSED] - M4_spin_transaction_id = causality: null

2019-08-11 00:00:22 - [TEST_STEP][PASSED] - M4_spin_transaction_id = M4_spin_transaction_id: null

2019-08-11 00:00:22 - [TEST_STEP][PASSED] - M4_spin_round_id = round_id: null

2019-08-11 00:00:22 - [TEST_STEP][PASSED] - M4_spin_round_id = M4_spin_round_id: null

2019-08-11 00:00:22 - [TEST_STEP][PASSED] - M4_spin_line_wins = line_wins: null

2019-08-11 00:00:22 - [TEST_STEP][PASSED] - M4_spin_line_wins = M4_spin_line_wins: null

2019-08-11 00:00:22 - [TEST_STEP][PASSED] - M4_total_bonus_spins_int = total_bonus_spins: null

2019-08-11 00:00:22 - [TEST_STEP][PASSED] - println("******M4_total_bonus_spins type is:*******" + newline + getClass().getName()): null

2019-08-11 00:00:22 - [TEST_STEP][PASSED] - M4_total_bonus_spins_int = M4_total_bonus_spins_int: null

2019-08-11 00:00:22 - [TEST_STEP][PASSED] - M4_total_bonus_spins = Integer.toString(M4_total_bonus_spins_int): null

2019-08-11 00:00:22 - [TEST_STEP][PASSED] - M4_total_bonus_spins = M4_total_bonus_spins: null

2019-08-11 00:00:22 - [TEST_STEP][PASSED] - println("M4_total_bonus_spins is:" + M4_total_bonus_spins): null

2019-08-11 00:00:22 - [TEST_STEP][PASSED] - M4_spin_bonus_data = bonus_data: null

2019-08-11 00:00:22 - [TEST_STEP][PASSED] - M4_spin_features_triggered = result_M4_spin: null

2019-08-11 00:00:22 - [TEST_STEP][PASSED] - wild = []: null

2019-08-11 00:00:22 - [TEST_STEP][PASSED] - wild[0] = "WILD_Expanding": null

2019-08-11 00:00:22 - [TEST_STEP][PASSED] - wild[1] = "WILD_Normal": null

2019-08-11 00:00:22 - [TEST_STEP][PASSED] - wild[2] = "WILD_Double": null

2019-08-11 00:00:22 - [TEST_STEP][PASSED] - wild[3] = "WILD_ExtraFG": null

2019-08-11 00:00:22 - [TEST_STEP][PASSED] - wild[4] = "WILD_Triple": null

2019-08-11 00:00:22 - [TEST_STEP][PASSED] - wildList = Arrays.asList(wild): null

2019-08-11 00:00:22 - [TEST_STEP][PASSED] - wildList = wildList: null

2019-08-11 00:00:22 - [TEST_STEP][PASSED] - free_spin_reel_counter = []: null

2019-08-11 00:00:22 - [TEST_STEP][PASSED] - free_spin_reel_counter[0] = 0: null

2019-08-11 00:00:22 - [TEST_STEP][PASSED] - free_spin_reel_counter[1] = 0: null

2019-08-11 00:00:22 - [TEST_STEP][PASSED] - free_spin_reel_counter[2] = 0: null

2019-08-11 00:00:22 - [TEST_STEP][PASSED] - M4_spin_reels = reels: null

2019-08-11 00:00:22 - [TEST_STEP][PASSED] - for ([i = 0, i &lt; M4_spin_reels.size(), (i++)]): null

2019-08-11 00:00:22 - [TEST_STEP][PASSED] - symbols = symbols: null

2019-08-11 00:00:22 - [TEST_STEP][PASSED] - for ([j = 0, j &lt; symbols.size(), (j++)]): null

2019-08-11 00:00:22 - [TEST_STEP][PASSED] - symbol = symbol: null

2019-08-11 00:00:22 - [TEST_STEP][PASSED] - println(symbol): null

2019-08-11 00:00:22 - [TEST_STEP][PASSED] - if (i == 2 &amp;&amp; wildList.indexOf(symbol) != -1): null

2019-08-11 00:00:22 - [TEST_STEP][PASSED] - if (i == 3 &amp;&amp; wildList.indexOf(symbol) != -1): null

2019-08-11 00:00:22 - [TEST_STEP][PASSED] - if (i == 4 &amp;&amp; wildList.indexOf(symbol) != -1): null

2019-08-11 00:00:22 - [TEST_STEP][PASSED] - symbol = symbol: null

2019-08-11 00:00:22 - [TEST_STEP][PASSED] - println(symbol): null

2019-08-11 00:00:22 - [TEST_STEP][PASSED] - if (i == 2 &amp;&amp; wildList.indexOf(symbol) != -1): null

2019-08-11 00:00:22 - [TEST_STEP][PASSED] - if (i == 3 &amp;&amp; wildList.indexOf(symbol) != -1): null

2019-08-11 00:00:22 - [TEST_STEP][PASSED] - if (i == 4 &amp;&amp; wildList.indexOf(symbol) != -1): null

2019-08-11 00:00:22 - [TEST_STEP][PASSED] - symbol = symbol: null

2019-08-11 00:00:22 - [TEST_STEP][PASSED] - println(symbol): null

2019-08-11 00:00:22 - [TEST_STEP][PASSED] - if (i == 2 &amp;&amp; wildList.indexOf(symbol) != -1): null

2019-08-11 00:00:22 - [TEST_STEP][PASSED] - if (i == 3 &amp;&amp; wildList.indexOf(symbol) != -1): null

2019-08-11 00:00:22 - [TEST_STEP][PASSED] - if (i == 4 &amp;&amp; wildList.indexOf(symbol) != -1): null

2019-08-11 00:00:22 - [TEST_STEP][PASSED] - symbols = symbols: null

2019-08-11 00:00:22 - [TEST_STEP][PASSED] - for ([j = 0, j &lt; symbols.size(), (j++)]): null

2019-08-11 00:00:22 - [TEST_STEP][PASSED] - symbol = symbol: null

2019-08-11 00:00:22 - [TEST_STEP][PASSED] - println(symbol): null

2019-08-11 00:00:22 - [TEST_STEP][PASSED] - if (i == 2 &amp;&amp; wildList.indexOf(symbol) != -1): null

2019-08-11 00:00:22 - [TEST_STEP][PASSED] - if (i == 3 &amp;&amp; wildList.indexOf(symbol) != -1): null

2019-08-11 00:00:22 - [TEST_STEP][PASSED] - if (i == 4 &amp;&amp; wildList.indexOf(symbol) != -1): null

2019-08-11 00:00:22 - [TEST_STEP][PASSED] - symbol = symbol: null

2019-08-11 00:00:22 - [TEST_STEP][PASSED] - println(symbol): null

2019-08-11 00:00:22 - [TEST_STEP][PASSED] - if (i == 2 &amp;&amp; wildList.indexOf(symbol) != -1): null

2019-08-11 00:00:22 - [TEST_STEP][PASSED] - if (i == 3 &amp;&amp; wildList.indexOf(symbol) != -1): null

2019-08-11 00:00:22 - [TEST_STEP][PASSED] - if (i == 4 &amp;&amp; wildList.indexOf(symbol) != -1): null

2019-08-11 00:00:22 - [TEST_STEP][PASSED] - symbol = symbol: null

2019-08-11 00:00:22 - [TEST_STEP][PASSED] - println(symbol): null

2019-08-11 00:00:22 - [TEST_STEP][PASSED] - if (i == 2 &amp;&amp; wildList.indexOf(symbol) != -1): null

2019-08-11 00:00:22 - [TEST_STEP][PASSED] - if (i == 3 &amp;&amp; wildList.indexOf(symbol) != -1): null

2019-08-11 00:00:22 - [TEST_STEP][PASSED] - if (i == 4 &amp;&amp; wildList.indexOf(symbol) != -1): null

2019-08-11 00:00:22 - [TEST_STEP][PASSED] - symbols = symbols: null

2019-08-11 00:00:22 - [TEST_STEP][PASSED] - for ([j = 0, j &lt; symbols.size(), (j++)]): null

2019-08-11 00:00:22 - [TEST_STEP][PASSED] - symbol = symbol: null

2019-08-11 00:00:22 - [TEST_STEP][PASSED] - println(symbol): null

2019-08-11 00:00:22 - [TEST_STEP][PASSED] - if (i == 2 &amp;&amp; wildList.indexOf(symbol) != -1): null

2019-08-11 00:00:22 - [TEST_STEP][PASSED] - if (i == 3 &amp;&amp; wildList.indexOf(symbol) != -1): null

2019-08-11 00:00:22 - [TEST_STEP][PASSED] - if (i == 4 &amp;&amp; wildList.indexOf(symbol) != -1): null

2019-08-11 00:00:22 - [TEST_STEP][PASSED] - symbol = symbol: null

2019-08-11 00:00:22 - [TEST_STEP][PASSED] - println(symbol): null

2019-08-11 00:00:22 - [TEST_STEP][PASSED] - if (i == 2 &amp;&amp; wildList.indexOf(symbol) != -1): null

2019-08-11 00:00:22 - [TEST_STEP][PASSED] - if (i == 3 &amp;&amp; wildList.indexOf(symbol) != -1): null

2019-08-11 00:00:22 - [TEST_STEP][PASSED] - if (i == 4 &amp;&amp; wildList.indexOf(symbol) != -1): null

2019-08-11 00:00:22 - [TEST_STEP][PASSED] - symbol = symbol: null

2019-08-11 00:00:22 - [TEST_STEP][PASSED] - println(symbol): null

2019-08-11 00:00:22 - [TEST_STEP][PASSED] - if (i == 2 &amp;&amp; wildList.indexOf(symbol) != -1): null

2019-08-11 00:00:22 - [TEST_STEP][PASSED] - if (i == 3 &amp;&amp; wildList.indexOf(symbol) != -1): null

2019-08-11 00:00:22 - [TEST_STEP][PASSED] - if (i == 4 &amp;&amp; wildList.indexOf(symbol) != -1): null

2019-08-11 00:00:22 - [TEST_STEP][PASSED] - symbols = symbols: null

2019-08-11 00:00:22 - [TEST_STEP][PASSED] - for ([j = 0, j &lt; symbols.size(), (j++)]): null

2019-08-11 00:00:22 - [TEST_STEP][PASSED] - symbol = symbol: null

2019-08-11 00:00:22 - [TEST_STEP][PASSED] - println(symbol): null

2019-08-11 00:00:22 - [TEST_STEP][PASSED] - if (i == 2 &amp;&amp; wildList.indexOf(symbol) != -1): null

2019-08-11 00:00:22 - [TEST_STEP][PASSED] - if (i == 3 &amp;&amp; wildList.indexOf(symbol) != -1): null

2019-08-11 00:00:22 - [TEST_STEP][PASSED] - if (i == 4 &amp;&amp; wildList.indexOf(symbol) != -1): null

2019-08-11 00:00:22 - [TEST_STEP][PASSED] - symbol = symbol: null

2019-08-11 00:00:22 - [TEST_STEP][PASSED] - println(symbol): null

2019-08-11 00:00:22 - [TEST_STEP][PASSED] - if (i == 2 &amp;&amp; wildList.indexOf(symbol) != -1): null

2019-08-11 00:00:22 - [TEST_STEP][PASSED] - if (i == 3 &amp;&amp; wildList.indexOf(symbol) != -1): null

2019-08-11 00:00:22 - [TEST_STEP][PASSED] - println("wild found on reel 4, adding counter by 1"): null

2019-08-11 00:00:22 - [TEST_STEP][PASSED] - free_spin_reel_counter[1] = free_spin_reel_counter[1] + 1: null

2019-08-11 00:00:22 - [TEST_STEP][PASSED] - if (i == 4 &amp;&amp; wildList.indexOf(symbol) != -1): null

2019-08-11 00:00:22 - [TEST_STEP][PASSED] - symbol = symbol: null

2019-08-11 00:00:22 - [TEST_STEP][PASSED] - println(symbol): null

2019-08-11 00:00:22 - [TEST_STEP][PASSED] - if (i == 2 &amp;&amp; wildList.indexOf(symbol) != -1): null

2019-08-11 00:00:22 - [TEST_STEP][PASSED] - if (i == 3 &amp;&amp; wildList.indexOf(symbol) != -1): null

2019-08-11 00:00:22 - [TEST_STEP][PASSED] - if (i == 4 &amp;&amp; wildList.indexOf(symbol) != -1): null

2019-08-11 00:00:22 - [TEST_STEP][PASSED] - symbols = symbols: null

2019-08-11 00:00:22 - [TEST_STEP][PASSED] - for ([j = 0, j &lt; symbols.size(), (j++)]): null

2019-08-11 00:00:22 - [TEST_STEP][PASSED] - symbol = symbol: null

2019-08-11 00:00:22 - [TEST_STEP][PASSED] - println(symbol): null

2019-08-11 00:00:22 - [TEST_STEP][PASSED] - if (i == 2 &amp;&amp; wildList.indexOf(symbol) != -1): null

2019-08-11 00:00:22 - [TEST_STEP][PASSED] - if (i == 3 &amp;&amp; wildList.indexOf(symbol) != -1): null

2019-08-11 00:00:22 - [TEST_STEP][PASSED] - if (i == 4 &amp;&amp; wildList.indexOf(symbol) != -1): null

2019-08-11 00:00:22 - [TEST_STEP][PASSED] - symbol = symbol: null

2019-08-11 00:00:22 - [TEST_STEP][PASSED] - println(symbol): null

2019-08-11 00:00:22 - [TEST_STEP][PASSED] - if (i == 2 &amp;&amp; wildList.indexOf(symbol) != -1): null

2019-08-11 00:00:22 - [TEST_STEP][PASSED] - if (i == 3 &amp;&amp; wildList.indexOf(symbol) != -1): null

2019-08-11 00:00:22 - [TEST_STEP][PASSED] - if (i == 4 &amp;&amp; wildList.indexOf(symbol) != -1): null

2019-08-11 00:00:22 - [TEST_STEP][PASSED] - symbol = symbol: null

2019-08-11 00:00:22 - [TEST_STEP][PASSED] - println(symbol): null

2019-08-11 00:00:22 - [TEST_STEP][PASSED] - if (i == 2 &amp;&amp; wildList.indexOf(symbol) != -1): null

2019-08-11 00:00:22 - [TEST_STEP][PASSED] - if (i == 3 &amp;&amp; wildList.indexOf(symbol) != -1): null

2019-08-11 00:00:22 - [TEST_STEP][PASSED] - if (i == 4 &amp;&amp; wildList.indexOf(symbol) != -1): null

2019-08-11 00:00:22 - [TEST_STEP][PASSED] - free_spin_reel_counter = free_spin_reel_counter: null

2019-08-11 00:00:22 - [TEST_STEP][PASSED] - println("reel 3 wild found: " + free_spin_reel_counter[0]): null

2019-08-11 00:00:22 - [TEST_STEP][PASSED] - println("reel 4 wild found: " + free_spin_reel_counter[1]): null

2019-08-11 00:00:22 - [TEST_STEP][PASSED] - println("reel 5 wild found: " + free_spin_reel_counter[2]): null

2019-08-11 00:00:22 - [TEST_STEP][PASSED] - M4_spin_reels = M4_spin_reels: null

2019-08-11 00:00:22 - [TEST_STEP][PASSED] - M4_spin_reels_symbols = symbol: null

2019-08-11 00:00:22 - [TEST_STEP][PASSED] - M4_spin_reels_symbols = M4_spin_reels_symbols: null

2019-08-11 00:00:22 - [TEST_STEP][PASSED] - M4_spin_reel_wins = reel_wins: null

2019-08-11 00:00:22 - [TEST_STEP][PASSED] - M4_spin_reel_wins = M4_spin_reel_wins: null

2019-08-11 00:00:22 - [TEST_STEP][PASSED] - println("GlobalVariable.M4_spin_reel_wins is: " + M4_spin_reel_wins): null

2019-08-11 00:00:22 - [TEST_STEP][PASSED] - M4_spin_total_bonus_win_this_round = total_bonus_win_this_round: null

2019-08-11 00:00:22 - [TEST_STEP][PASSED] - M4_spin_total_bonus_win_this_round = M4_spin_total_bonus_win_this_round: null

2019-08-11 00:00:22 - [TEST_STEP][PASSED] - println("GlobalVariable.M4_spin_total_bonus_win_this_round is: " + M4_spin_total_bonus_win_this_round): null

2019-08-11 00:00:22 - [MESSAGE][PASSED] - Verify response successfully

2019-08-11 00:00:22 - [MESSAGE][PASSED] - Send request and verify the response successfully

2019-08-11 00:00:22 - [TEST_STEP][PASSED] - if (M4_total_bonus_spins_int != 0 &amp;&amp; M4_spin_reels_symbols[2].contains("WILD_Double") || M4_spin_reels_symbols[4].contains("WILD_Triple")): null

2019-08-11 00:00:22 - [TEST_STEP][PASSED] - free_spin_reel_counter = free_spin_reel_counter: null

2019-08-11 00:00:22 - [TEST_STEP][PASSED] - M4_spin_reels_symbols = M4_spin_reels_symbols: null

2019-08-11 00:00:22 - [TEST_STEP][PASSED] - M4_total_bonus_spins = M4_total_bonus_spins: null

2019-08-11 00:00:22 - [TEST_STEP][PASSED] - spin_result = sendRequestAndVerify(findTestObject("RGS(M4)/1_M4_spin", ["M4_login_user_id":M4_login_user_id, "rgs_session_token":rgs_session_token, "partner":Partner])): Send request and verify the response successfully

2019-08-11 00:00:22 - [TEST_CASE][PASSED] - Start Test Case : Verification: Verification accomplished successfully

2019-08-11 00:00:22 - [TEST_STEP][PASSED] - request = getInstance().getCurrentRequest(): null

2019-08-11 00:00:22 - [TEST_STEP][PASSED] - response = getInstance().getCurrentResponse(): null

2019-08-11 00:00:22 - [TEST_STEP][PASSED] - verifyResponseStatusCode(response, 200): Verify response status code successfully

2019-08-11 00:00:22 - [MESSAGE][PASSED] - Verify response status code successfully

2019-08-11 00:00:22 - [TEST_STEP][PASSED] - getStatusCode()).isEqualTo(200): null

2019-08-11 00:00:22 - [TEST_STEP][PASSED] - newline = System.getProperty("line.separator"): null

2019-08-11 00:00:22 - [TEST_STEP][PASSED] - M4_spin = new groovy.json.JsonSlurper(): null

2019-08-11 00:00:22 - [TEST_STEP][PASSED] - result_M4_spin = M4_spin.parseText(response.getResponseBodyContent()): null

2019-08-11 00:00:22 - [TEST_STEP][PASSED] - M4_spin_current_balance = current_balance: null

2019-08-11 00:00:22 - [TEST_STEP][PASSED] - M4_spin_current_balance = M4_spin_current_balance: null

2019-08-11 00:00:22 - [TEST_STEP][PASSED] - M4_spin_transaction_id = causality: null

2019-08-11 00:00:22 - [TEST_STEP][PASSED] - M4_spin_transaction_id = M4_spin_transaction_id: null

2019-08-11 00:00:22 - [TEST_STEP][PASSED] - M4_spin_round_id = round_id: null

2019-08-11 00:00:22 - [TEST_STEP][PASSED] - M4_spin_round_id = M4_spin_round_id: null

2019-08-11 00:00:22 - [TEST_STEP][PASSED] - M4_spin_line_wins = line_wins: null

2019-08-11 00:00:22 - [TEST_STEP][PASSED] - M4_spin_line_wins = M4_spin_line_wins: null

2019-08-11 00:00:22 - [TEST_STEP][PASSED] - M4_total_bonus_spins_int = total_bonus_spins: null

2019-08-11 00:00:22 - [TEST_STEP][PASSED] - println("******M4_total_bonus_spins type is:*******" + newline + getClass().getName()): null

2019-08-11 00:00:22 - [TEST_STEP][PASSED] - M4_total_bonus_spins_int = M4_total_bonus_spins_int: null

2019-08-11 00:00:22 - [TEST_STEP][PASSED] - M4_total_bonus_spins = Integer.toString(M4_total_bonus_spins_int): null

2019-08-11 00:00:22 - [TEST_STEP][PASSED] - M4_total_bonus_spins = M4_total_bonus_spins: null

2019-08-11 00:00:22 - [TEST_STEP][PASSED] - println("M4_total_bonus_spins is:" + M4_total_bonus_spins): null

2019-08-11 00:00:22 - [TEST_STEP][PASSED] - M4_spin_bonus_data = bonus_data: null

2019-08-11 00:00:22 - [TEST_STEP][PASSED] - M4_spin_features_triggered = result_M4_spin: null

2019-08-11 00:00:22 - [TEST_STEP][PASSED] - wild = []: null

2019-08-11 00:00:22 - [TEST_STEP][PASSED] - wild[0] = "WILD_Expanding": null

2019-08-11 00:00:22 - [TEST_STEP][PASSED] - wild[1] = "WILD_Normal": null

2019-08-11 00:00:22 - [TEST_STEP][PASSED] - wild[2] = "WILD_Double": null

2019-08-11 00:00:22 - [TEST_STEP][PASSED] - wild[3] = "WILD_ExtraFG": null

2019-08-11 00:00:22 - [TEST_STEP][PASSED] - wild[4] = "WILD_Triple": null

2019-08-11 00:00:22 - [TEST_STEP][PASSED] - wildList = Arrays.asList(wild): null

2019-08-11 00:00:22 - [TEST_STEP][PASSED] - wildList = wildList: null

2019-08-11 00:00:22 - [TEST_STEP][PASSED] - free_spin_reel_counter = []: null

2019-08-11 00:00:22 - [TEST_STEP][PASSED] - free_spin_reel_counter[0] = 0: null

2019-08-11 00:00:22 - [TEST_STEP][PASSED] - free_spin_reel_counter[1] = 0: null

2019-08-11 00:00:22 - [TEST_STEP][PASSED] - free_spin_reel_counter[2] = 0: null

2019-08-11 00:00:22 - [TEST_STEP][PASSED] - M4_spin_reels = reels: null

2019-08-11 00:00:22 - [TEST_STEP][PASSED] - for ([i = 0, i &lt; M4_spin_reels.size(), (i++)]): null

2019-08-11 00:00:22 - [TEST_STEP][PASSED] - symbols = symbols: null

2019-08-11 00:00:22 - [TEST_STEP][PASSED] - for ([j = 0, j &lt; symbols.size(), (j++)]): null

2019-08-11 00:00:22 - [TEST_STEP][PASSED] - symbol = symbol: null

2019-08-11 00:00:22 - [TEST_STEP][PASSED] - println(symbol): null

2019-08-11 00:00:22 - [TEST_STEP][PASSED] - if (i == 2 &amp;&amp; wildList.indexOf(symbol) != -1): null

2019-08-11 00:00:22 - [TEST_STEP][PASSED] - if (i == 3 &amp;&amp; wildList.indexOf(symbol) != -1): null

2019-08-11 00:00:22 - [TEST_STEP][PASSED] - if (i == 4 &amp;&amp; wildList.indexOf(symbol) != -1): null

2019-08-11 00:00:22 - [TEST_STEP][PASSED] - symbol = symbol: null

2019-08-11 00:00:22 - [TEST_STEP][PASSED] - println(symbol): null

2019-08-11 00:00:22 - [TEST_STEP][PASSED] - if (i == 2 &amp;&amp; wildList.indexOf(symbol) != -1): null

2019-08-11 00:00:22 - [TEST_STEP][PASSED] - if (i == 3 &amp;&amp; wildList.indexOf(symbol) != -1): null

2019-08-11 00:00:22 - [TEST_STEP][PASSED] - if (i == 4 &amp;&amp; wildList.indexOf(symbol) != -1): null

2019-08-11 00:00:22 - [TEST_STEP][PASSED] - symbol = symbol: null

2019-08-11 00:00:22 - [TEST_STEP][PASSED] - println(symbol): null

2019-08-11 00:00:22 - [TEST_STEP][PASSED] - if (i == 2 &amp;&amp; wildList.indexOf(symbol) != -1): null

2019-08-11 00:00:22 - [TEST_STEP][PASSED] - if (i == 3 &amp;&amp; wildList.indexOf(symbol) != -1): null

2019-08-11 00:00:22 - [TEST_STEP][PASSED] - if (i == 4 &amp;&amp; wildList.indexOf(symbol) != -1): null

2019-08-11 00:00:22 - [TEST_STEP][PASSED] - symbols = symbols: null

2019-08-11 00:00:22 - [TEST_STEP][PASSED] - for ([j = 0, j &lt; symbols.size(), (j++)]): null

2019-08-11 00:00:22 - [TEST_STEP][PASSED] - symbol = symbol: null

2019-08-11 00:00:22 - [TEST_STEP][PASSED] - println(symbol): null

2019-08-11 00:00:22 - [TEST_STEP][PASSED] - if (i == 2 &amp;&amp; wildList.indexOf(symbol) != -1): null

2019-08-11 00:00:22 - [TEST_STEP][PASSED] - if (i == 3 &amp;&amp; wildList.indexOf(symbol) != -1): null

2019-08-11 00:00:22 - [TEST_STEP][PASSED] - if (i == 4 &amp;&amp; wildList.indexOf(symbol) != -1): null

2019-08-11 00:00:22 - [TEST_STEP][PASSED] - symbol = symbol: null

2019-08-11 00:00:22 - [TEST_STEP][PASSED] - println(symbol): null

2019-08-11 00:00:22 - [TEST_STEP][PASSED] - if (i == 2 &amp;&amp; wildList.indexOf(symbol) != -1): null

2019-08-11 00:00:22 - [TEST_STEP][PASSED] - if (i == 3 &amp;&amp; wildList.indexOf(symbol) != -1): null

2019-08-11 00:00:22 - [TEST_STEP][PASSED] - if (i == 4 &amp;&amp; wildList.indexOf(symbol) != -1): null

2019-08-11 00:00:22 - [TEST_STEP][PASSED] - symbol = symbol: null

2019-08-11 00:00:22 - [TEST_STEP][PASSED] - println(symbol): null

2019-08-11 00:00:22 - [TEST_STEP][PASSED] - if (i == 2 &amp;&amp; wildList.indexOf(symbol) != -1): null

2019-08-11 00:00:22 - [TEST_STEP][PASSED] - if (i == 3 &amp;&amp; wildList.indexOf(symbol) != -1): null

2019-08-11 00:00:22 - [TEST_STEP][PASSED] - if (i == 4 &amp;&amp; wildList.indexOf(symbol) != -1): null

2019-08-11 00:00:22 - [TEST_STEP][PASSED] - symbols = symbols: null

2019-08-11 00:00:22 - [TEST_STEP][PASSED] - for ([j = 0, j &lt; symbols.size(), (j++)]): null

2019-08-11 00:00:22 - [TEST_STEP][PASSED] - symbol = symbol: null

2019-08-11 00:00:22 - [TEST_STEP][PASSED] - println(symbol): null

2019-08-11 00:00:22 - [TEST_STEP][PASSED] - if (i == 2 &amp;&amp; wildList.indexOf(symbol) != -1): null

2019-08-11 00:00:22 - [TEST_STEP][PASSED] - if (i == 3 &amp;&amp; wildList.indexOf(symbol) != -1): null

2019-08-11 00:00:22 - [TEST_STEP][PASSED] - if (i == 4 &amp;&amp; wildList.indexOf(symbol) != -1): null

2019-08-11 00:00:22 - [TEST_STEP][PASSED] - symbol = symbol: null

2019-08-11 00:00:22 - [TEST_STEP][PASSED] - println(symbol): null

2019-08-11 00:00:22 - [TEST_STEP][PASSED] - if (i == 2 &amp;&amp; wildList.indexOf(symbol) != -1): null

2019-08-11 00:00:22 - [TEST_STEP][PASSED] - if (i == 3 &amp;&amp; wildList.indexOf(symbol) != -1): null

2019-08-11 00:00:22 - [TEST_STEP][PASSED] - if (i == 4 &amp;&amp; wildList.indexOf(symbol) != -1): null

2019-08-11 00:00:22 - [TEST_STEP][PASSED] - symbol = symbol: null

2019-08-11 00:00:22 - [TEST_STEP][PASSED] - println(symbol): null

2019-08-11 00:00:22 - [TEST_STEP][PASSED] - if (i == 2 &amp;&amp; wildList.indexOf(symbol) != -1): null

2019-08-11 00:00:22 - [TEST_STEP][PASSED] - if (i == 3 &amp;&amp; wildList.indexOf(symbol) != -1): null

2019-08-11 00:00:22 - [TEST_STEP][PASSED] - if (i == 4 &amp;&amp; wildList.indexOf(symbol) != -1): null

2019-08-11 00:00:22 - [TEST_STEP][PASSED] - symbols = symbols: null

2019-08-11 00:00:22 - [TEST_STEP][PASSED] - for ([j = 0, j &lt; symbols.size(), (j++)]): null

2019-08-11 00:00:22 - [TEST_STEP][PASSED] - symbol = symbol: null

2019-08-11 00:00:22 - [TEST_STEP][PASSED] - println(symbol): null

2019-08-11 00:00:22 - [TEST_STEP][PASSED] - if (i == 2 &amp;&amp; wildList.indexOf(symbol) != -1): null

2019-08-11 00:00:22 - [TEST_STEP][PASSED] - if (i == 3 &amp;&amp; wildList.indexOf(symbol) != -1): null

2019-08-11 00:00:22 - [TEST_STEP][PASSED] - if (i == 4 &amp;&amp; wildList.indexOf(symbol) != -1): null

2019-08-11 00:00:22 - [TEST_STEP][PASSED] - symbol = symbol: null

2019-08-11 00:00:22 - [TEST_STEP][PASSED] - println(symbol): null

2019-08-11 00:00:22 - [TEST_STEP][PASSED] - if (i == 2 &amp;&amp; wildList.indexOf(symbol) != -1): null

2019-08-11 00:00:22 - [TEST_STEP][PASSED] - if (i == 3 &amp;&amp; wildList.indexOf(symbol) != -1): null

2019-08-11 00:00:22 - [TEST_STEP][PASSED] - if (i == 4 &amp;&amp; wildList.indexOf(symbol) != -1): null

2019-08-11 00:00:22 - [TEST_STEP][PASSED] - symbol = symbol: null

2019-08-11 00:00:22 - [TEST_STEP][PASSED] - println(symbol): null

2019-08-11 00:00:22 - [TEST_STEP][PASSED] - if (i == 2 &amp;&amp; wildList.indexOf(symbol) != -1): null

2019-08-11 00:00:22 - [TEST_STEP][PASSED] - if (i == 3 &amp;&amp; wildList.indexOf(symbol) != -1): null

2019-08-11 00:00:22 - [TEST_STEP][PASSED] - if (i == 4 &amp;&amp; wildList.indexOf(symbol) != -1): null

2019-08-11 00:00:22 - [TEST_STEP][PASSED] - symbols = symbols: null

2019-08-11 00:00:22 - [TEST_STEP][PASSED] - for ([j = 0, j &lt; symbols.size(), (j++)]): null

2019-08-11 00:00:22 - [TEST_STEP][PASSED] - symbol = symbol: null

2019-08-11 00:00:22 - [TEST_STEP][PASSED] - println(symbol): null

2019-08-11 00:00:22 - [TEST_STEP][PASSED] - if (i == 2 &amp;&amp; wildList.indexOf(symbol) != -1): null

2019-08-11 00:00:22 - [TEST_STEP][PASSED] - if (i == 3 &amp;&amp; wildList.indexOf(symbol) != -1): null

2019-08-11 00:00:22 - [TEST_STEP][PASSED] - if (i == 4 &amp;&amp; wildList.indexOf(symbol) != -1): null

2019-08-11 00:00:22 - [TEST_STEP][PASSED] - symbol = symbol: null

2019-08-11 00:00:22 - [TEST_STEP][PASSED] - println(symbol): null

2019-08-11 00:00:22 - [TEST_STEP][PASSED] - if (i == 2 &amp;&amp; wildList.indexOf(symbol) != -1): null

2019-08-11 00:00:22 - [TEST_STEP][PASSED] - if (i == 3 &amp;&amp; wildList.indexOf(symbol) != -1): null

2019-08-11 00:00:22 - [TEST_STEP][PASSED] - if (i == 4 &amp;&amp; wildList.indexOf(symbol) != -1): null

2019-08-11 00:00:22 - [TEST_STEP][PASSED] - symbol = symbol: null

2019-08-11 00:00:22 - [TEST_STEP][PASSED] - println(symbol): null

2019-08-11 00:00:22 - [TEST_STEP][PASSED] - if (i == 2 &amp;&amp; wildList.indexOf(symbol) != -1): null

2019-08-11 00:00:22 - [TEST_STEP][PASSED] - if (i == 3 &amp;&amp; wildList.indexOf(symbol) != -1): null

2019-08-11 00:00:22 - [TEST_STEP][PASSED] - if (i == 4 &amp;&amp; wildList.indexOf(symbol) != -1): null

2019-08-11 00:00:22 - [TEST_STEP][PASSED] - free_spin_reel_counter = free_spin_reel_counter: null

2019-08-11 00:00:22 - [TEST_STEP][PASSED] - println("reel 3 wild found: " + free_spin_reel_counter[0]): null

2019-08-11 00:00:22 - [TEST_STEP][PASSED] - println("reel 4 wild found: " + free_spin_reel_counter[1]): null

2019-08-11 00:00:22 - [TEST_STEP][PASSED] - println("reel 5 wild found: " + free_spin_reel_counter[2]): null

2019-08-11 00:00:22 - [TEST_STEP][PASSED] - M4_spin_reels = M4_spin_reels: null

2019-08-11 00:00:22 - [TEST_STEP][PASSED] - M4_spin_reels_symbols = symbol: null

2019-08-11 00:00:22 - [TEST_STEP][PASSED] - M4_spin_reels_symbols = M4_spin_reels_symbols: null

2019-08-11 00:00:22 - [TEST_STEP][PASSED] - M4_spin_reel_wins = reel_wins: null

2019-08-11 00:00:22 - [TEST_STEP][PASSED] - M4_spin_reel_wins = M4_spin_reel_wins: null

2019-08-11 00:00:22 - [TEST_STEP][PASSED] - println("GlobalVariable.M4_spin_reel_wins is: " + M4_spin_reel_wins): null

2019-08-11 00:00:22 - [TEST_STEP][PASSED] - M4_spin_total_bonus_win_this_round = total_bonus_win_this_round: null

2019-08-11 00:00:22 - [TEST_STEP][PASSED] - M4_spin_total_bonus_win_this_round = M4_spin_total_bonus_win_this_round: null

2019-08-11 00:00:22 - [TEST_STEP][PASSED] - println("GlobalVariable.M4_spin_total_bonus_win_this_round is: " + M4_spin_total_bonus_win_this_round): null

2019-08-11 00:00:22 - [MESSAGE][PASSED] - Verify response successfully

2019-08-11 00:00:22 - [MESSAGE][PASSED] - Send request and verify the response successfully

2019-08-11 00:00:22 - [TEST_STEP][PASSED] - if (M4_total_bonus_spins_int != 0 &amp;&amp; M4_spin_reels_symbols[2].contains("WILD_Double") || M4_spin_reels_symbols[4].contains("WILD_Triple")): null

2019-08-11 00:00:22 - [TEST_STEP][PASSED] - free_spin_reel_counter = free_spin_reel_counter: null

2019-08-11 00:00:22 - [TEST_STEP][PASSED] - M4_spin_reels_symbols = M4_spin_reels_symbols: null

2019-08-11 00:00:22 - [TEST_STEP][PASSED] - M4_total_bonus_spins = M4_total_bonus_spins: null

2019-08-11 00:00:22 - [TEST_STEP][PASSED] - spin_result = sendRequestAndVerify(findTestObject("RGS(M4)/1_M4_spin", ["M4_login_user_id":M4_login_user_id, "rgs_session_token":rgs_session_token, "partner":Partner])): Send request and verify the response successfully

2019-08-11 00:00:23 - [TEST_CASE][PASSED] - Start Test Case : Verification: Verification accomplished successfully

2019-08-11 00:00:23 - [TEST_STEP][PASSED] - request = getInstance().getCurrentRequest(): null

2019-08-11 00:00:23 - [TEST_STEP][PASSED] - response = getInstance().getCurrentResponse(): null

2019-08-11 00:00:23 - [TEST_STEP][PASSED] - verifyResponseStatusCode(response, 200): Verify response status code successfully

2019-08-11 00:00:23 - [MESSAGE][PASSED] - Verify response status code successfully

2019-08-11 00:00:23 - [TEST_STEP][PASSED] - getStatusCode()).isEqualTo(200): null

2019-08-11 00:00:23 - [TEST_STEP][PASSED] - newline = System.getProperty("line.separator"): null

2019-08-11 00:00:23 - [TEST_STEP][PASSED] - M4_spin = new groovy.json.JsonSlurper(): null

2019-08-11 00:00:23 - [TEST_STEP][PASSED] - result_M4_spin = M4_spin.parseText(response.getResponseBodyContent()): null

2019-08-11 00:00:23 - [TEST_STEP][PASSED] - M4_spin_current_balance = current_balance: null

2019-08-11 00:00:23 - [TEST_STEP][PASSED] - M4_spin_current_balance = M4_spin_current_balance: null

2019-08-11 00:00:23 - [TEST_STEP][PASSED] - M4_spin_transaction_id = causality: null

2019-08-11 00:00:23 - [TEST_STEP][PASSED] - M4_spin_transaction_id = M4_spin_transaction_id: null

2019-08-11 00:00:23 - [TEST_STEP][PASSED] - M4_spin_round_id = round_id: null

2019-08-11 00:00:23 - [TEST_STEP][PASSED] - M4_spin_round_id = M4_spin_round_id: null

2019-08-11 00:00:23 - [TEST_STEP][PASSED] - M4_spin_line_wins = line_wins: null

2019-08-11 00:00:23 - [TEST_STEP][PASSED] - M4_spin_line_wins = M4_spin_line_wins: null

2019-08-11 00:00:23 - [TEST_STEP][PASSED] - M4_total_bonus_spins_int = total_bonus_spins: null

2019-08-11 00:00:23 - [TEST_STEP][PASSED] - println("******M4_total_bonus_spins type is:*******" + newline + getClass().getName()): null

2019-08-11 00:00:23 - [TEST_STEP][PASSED] - M4_total_bonus_spins_int = M4_total_bonus_spins_int: null

2019-08-11 00:00:23 - [TEST_STEP][PASSED] - M4_total_bonus_spins = Integer.toString(M4_total_bonus_spins_int): null

2019-08-11 00:00:23 - [TEST_STEP][PASSED] - M4_total_bonus_spins = M4_total_bonus_spins: null

2019-08-11 00:00:23 - [TEST_STEP][PASSED] - println("M4_total_bonus_spins is:" + M4_total_bonus_spins): null

2019-08-11 00:00:23 - [TEST_STEP][PASSED] - M4_spin_bonus_data = bonus_data: null

2019-08-11 00:00:23 - [TEST_STEP][PASSED] - M4_spin_features_triggered = result_M4_spin: null

2019-08-11 00:00:23 - [TEST_STEP][PASSED] - wild = []: null

2019-08-11 00:00:27 - [TEST_STEP][PASSED] - wild[0] = "WILD_Expanding": null

2019-08-11 00:00:27 - [TEST_STEP][PASSED] - wild[1] = "WILD_Normal": null

2019-08-11 00:00:27 - [TEST_STEP][PASSED] - wild[2] = "WILD_Double": null

2019-08-11 00:00:27 - [TEST_STEP][PASSED] - wild[3] = "WILD_ExtraFG": null

2019-08-11 00:00:27 - [TEST_STEP][PASSED] - wild[4] = "WILD_Triple": null

2019-08-11 00:00:27 - [TEST_STEP][PASSED] - wildList = Arrays.asList(wild): null

2019-08-11 00:00:27 - [TEST_STEP][PASSED] - wildList = wildList: null

2019-08-11 00:00:27 - [TEST_STEP][PASSED] - free_spin_reel_counter = []: null

2019-08-11 00:00:27 - [TEST_STEP][PASSED] - free_spin_reel_counter[0] = 0: null

2019-08-11 00:00:27 - [TEST_STEP][PASSED] - free_spin_reel_counter[1] = 0: null

2019-08-11 00:00:27 - [TEST_STEP][PASSED] - free_spin_reel_counter[2] = 0: null

2019-08-11 00:00:32 - [TEST_STEP][PASSED] - M4_spin_reels = reels: null

2019-08-11 00:00:32 - [TEST_STEP][PASSED] - for ([i = 0, i &lt; M4_spin_reels.size(), (i++)]): null

2019-08-11 00:00:32 - [TEST_STEP][PASSED] - symbols = symbols: null

2019-08-11 00:00:32 - [TEST_STEP][PASSED] - for ([j = 0, j &lt; symbols.size(), (j++)]): null

2019-08-11 00:00:32 - [TEST_STEP][PASSED] - symbol = symbol: null

2019-08-11 00:00:32 - [TEST_STEP][PASSED] - println(symbol): null

2019-08-11 00:00:37 - [TEST_STEP][PASSED] - if (i == 2 &amp;&amp; wildList.indexOf(symbol) != -1): null

2019-08-11 00:00:37 - [TEST_STEP][PASSED] - if (i == 3 &amp;&amp; wildList.indexOf(symbol) != -1): null

2019-08-11 00:00:37 - [TEST_STEP][PASSED] - if (i == 4 &amp;&amp; wildList.indexOf(symbol) != -1): null

2019-08-11 00:00:37 - [TEST_STEP][PASSED] - symbol = symbol: null

2019-08-11 00:00:37 - [TEST_STEP][PASSED] - println(symbol): null

2019-08-11 00:00:37 - [TEST_STEP][PASSED] - if (i == 2 &amp;&amp; wildList.indexOf(symbol) != -1): null

2019-08-11 00:00:37 - [TEST_STEP][PASSED] - if (i == 3 &amp;&amp; wildList.indexOf(symbol) != -1): null

2019-08-11 00:00:37 - [TEST_STEP][PASSED] - if (i == 4 &amp;&amp; wildList.indexOf(symbol) != -1): null

2019-08-11 00:00:37 - [TEST_STEP][PASSED] - symbol = symbol: null

2019-08-11 00:00:37 - [TEST_STEP][PASSED] - println(symbol): null

2019-08-11 00:00:37 - [TEST_STEP][PASSED] - if (i == 2 &amp;&amp; wildList.indexOf(symbol) != -1): null

2019-08-11 00:00:37 - [TEST_STEP][PASSED] - if (i == 3 &amp;&amp; wildList.indexOf(symbol) != -1): null

2019-08-11 00:00:37 - [TEST_STEP][PASSED] - if (i == 4 &amp;&amp; wildList.indexOf(symbol) != -1): null

2019-08-11 00:00:37 - [TEST_STEP][PASSED] - symbols = symbols: null

2019-08-11 00:00:37 - [TEST_STEP][PASSED] - for ([j = 0, j &lt; symbols.size(), (j++)]): null

2019-08-11 00:00:37 - [TEST_STEP][PASSED] - symbol = symbol: null

2019-08-11 00:00:37 - [TEST_STEP][PASSED] - println(symbol): null

2019-08-11 00:00:37 - [TEST_STEP][PASSED] - if (i == 2 &amp;&amp; wildList.indexOf(symbol) != -1): null

2019-08-11 00:00:37 - [TEST_STEP][PASSED] - if (i == 3 &amp;&amp; wildList.indexOf(symbol) != -1): null

2019-08-11 00:00:37 - [TEST_STEP][PASSED] - if (i == 4 &amp;&amp; wildList.indexOf(symbol) != -1): null

2019-08-11 00:00:37 - [TEST_STEP][PASSED] - symbol = symbol: null

2019-08-11 00:00:37 - [TEST_STEP][PASSED] - println(symbol): null

2019-08-11 00:00:37 - [TEST_STEP][PASSED] - if (i == 2 &amp;&amp; wildList.indexOf(symbol) != -1): null

2019-08-11 00:00:37 - [TEST_STEP][PASSED] - if (i == 3 &amp;&amp; wildList.indexOf(symbol) != -1): null

2019-08-11 00:00:37 - [TEST_STEP][PASSED] - if (i == 4 &amp;&amp; wildList.indexOf(symbol) != -1): null

2019-08-11 00:00:37 - [TEST_STEP][PASSED] - symbol = symbol: null

2019-08-11 00:00:37 - [TEST_STEP][PASSED] - println(symbol): null

2019-08-11 00:00:37 - [TEST_STEP][PASSED] - if (i == 2 &amp;&amp; wildList.indexOf(symbol) != -1): null

2019-08-11 00:00:37 - [TEST_STEP][PASSED] - if (i == 3 &amp;&amp; wildList.indexOf(symbol) != -1): null

2019-08-11 00:00:37 - [TEST_STEP][PASSED] - if (i == 4 &amp;&amp; wildList.indexOf(symbol) != -1): null

2019-08-11 00:00:37 - [TEST_STEP][PASSED] - symbols = symbols: null

2019-08-11 00:00:37 - [TEST_STEP][PASSED] - for ([j = 0, j &lt; symbols.size(), (j++)]): null

2019-08-11 00:00:37 - [TEST_STEP][PASSED] - symbol = symbol: null

2019-08-11 00:00:37 - [TEST_STEP][PASSED] - println(symbol): null

2019-08-11 00:00:37 - [TEST_STEP][PASSED] - if (i == 2 &amp;&amp; wildList.indexOf(symbol) != -1): null

2019-08-11 00:00:37 - [TEST_STEP][PASSED] - if (i == 3 &amp;&amp; wildList.indexOf(symbol) != -1): null

2019-08-11 00:00:37 - [TEST_STEP][PASSED] - if (i == 4 &amp;&amp; wildList.indexOf(symbol) != -1): null

2019-08-11 00:00:37 - [TEST_STEP][PASSED] - symbol = symbol: null

2019-08-11 00:00:37 - [TEST_STEP][PASSED] - println(symbol): null

2019-08-11 00:00:37 - [TEST_STEP][PASSED] - if (i == 2 &amp;&amp; wildList.indexOf(symbol) != -1): null

2019-08-11 00:00:37 - [TEST_STEP][PASSED] - if (i == 3 &amp;&amp; wildList.indexOf(symbol) != -1): null

2019-08-11 00:00:37 - [TEST_STEP][PASSED] - if (i == 4 &amp;&amp; wildList.indexOf(symbol) != -1): null

2019-08-11 00:00:37 - [TEST_STEP][PASSED] - symbol = symbol: null

2019-08-11 00:00:37 - [TEST_STEP][PASSED] - println(symbol): null

2019-08-11 00:00:37 - [TEST_STEP][PASSED] - if (i == 2 &amp;&amp; wildList.indexOf(symbol) != -1): null

2019-08-11 00:00:37 - [TEST_STEP][PASSED] - println("wild found on reel 3, adding counter by 1"): null

2019-08-11 00:00:37 - [TEST_STEP][PASSED] - free_spin_reel_counter[0] = free_spin_reel_counter[0] + 1: null

2019-08-11 00:00:37 - [TEST_STEP][PASSED] - if (i == 3 &amp;&amp; wildList.indexOf(symbol) != -1): null

2019-08-11 00:00:37 - [TEST_STEP][PASSED] - if (i == 4 &amp;&amp; wildList.indexOf(symbol) != -1): null

2019-08-11 00:00:37 - [TEST_STEP][PASSED] - symbols = symbols: null

2019-08-11 00:00:37 - [TEST_STEP][PASSED] - for ([j = 0, j &lt; symbols.size(), (j++)]): null

2019-08-11 00:00:37 - [TEST_STEP][PASSED] - symbol = symbol: null

2019-08-11 00:00:37 - [TEST_STEP][PASSED] - println(symbol): null

2019-08-11 00:00:37 - [TEST_STEP][PASSED] - if (i == 2 &amp;&amp; wildList.indexOf(symbol) != -1): null

2019-08-11 00:00:37 - [TEST_STEP][PASSED] - if (i == 3 &amp;&amp; wildList.indexOf(symbol) != -1): null

2019-08-11 00:00:37 - [TEST_STEP][PASSED] - println("wild found on reel 4, adding counter by 1"): null

2019-08-11 00:00:37 - [TEST_STEP][PASSED] - free_spin_reel_counter[1] = free_spin_reel_counter[1] + 1: null

2019-08-11 00:00:37 - [TEST_STEP][PASSED] - if (i == 4 &amp;&amp; wildList.indexOf(symbol) != -1): null

2019-08-11 00:00:37 - [TEST_STEP][PASSED] - symbol = symbol: null

2019-08-11 00:00:37 - [TEST_STEP][PASSED] - println(symbol): null

2019-08-11 00:00:37 - [TEST_STEP][PASSED] - if (i == 2 &amp;&amp; wildList.indexOf(symbol) != -1): null

2019-08-11 00:00:37 - [TEST_STEP][PASSED] - if (i == 3 &amp;&amp; wildList.indexOf(symbol) != -1): null

2019-08-11 00:00:37 - [TEST_STEP][PASSED] - if (i == 4 &amp;&amp; wildList.indexOf(symbol) != -1): null

2019-08-11 00:00:37 - [TEST_STEP][PASSED] - symbol = symbol: null

2019-08-11 00:00:37 - [TEST_STEP][PASSED] - println(symbol): null

2019-08-11 00:00:37 - [TEST_STEP][PASSED] - if (i == 2 &amp;&amp; wildList.indexOf(symbol) != -1): null

2019-08-11 00:00:37 - [TEST_STEP][PASSED] - if (i == 3 &amp;&amp; wildList.indexOf(symbol) != -1): null

2019-08-11 00:00:37 - [TEST_STEP][PASSED] - if (i == 4 &amp;&amp; wildList.indexOf(symbol) != -1): null

2019-08-11 00:00:37 - [TEST_STEP][PASSED] - symbols = symbols: null

2019-08-11 00:00:37 - [TEST_STEP][PASSED] - for ([j = 0, j &lt; symbols.size(), (j++)]): null

2019-08-11 00:00:37 - [TEST_STEP][PASSED] - symbol = symbol: null

2019-08-11 00:00:37 - [TEST_STEP][PASSED] - println(symbol): null

2019-08-11 00:00:37 - [TEST_STEP][PASSED] - if (i == 2 &amp;&amp; wildList.indexOf(symbol) != -1): null

2019-08-11 00:00:37 - [TEST_STEP][PASSED] - if (i == 3 &amp;&amp; wildList.indexOf(symbol) != -1): null

2019-08-11 00:00:37 - [TEST_STEP][PASSED] - if (i == 4 &amp;&amp; wildList.indexOf(symbol) != -1): null

2019-08-11 00:00:37 - [TEST_STEP][PASSED] - symbol = symbol: null

2019-08-11 00:00:37 - [TEST_STEP][PASSED] - println(symbol): null

2019-08-11 00:00:37 - [TEST_STEP][PASSED] - if (i == 2 &amp;&amp; wildList.indexOf(symbol) != -1): null

2019-08-11 00:00:37 - [TEST_STEP][PASSED] - if (i == 3 &amp;&amp; wildList.indexOf(symbol) != -1): null

2019-08-11 00:00:37 - [TEST_STEP][PASSED] - if (i == 4 &amp;&amp; wildList.indexOf(symbol) != -1): null

2019-08-11 00:00:37 - [TEST_STEP][PASSED] - println("wild found on reel 5, adding counter by 1"): null

2019-08-11 00:00:37 - [TEST_STEP][PASSED] - free_spin_reel_counter[2] = free_spin_reel_counter[2] + 1: null

2019-08-11 00:00:37 - [TEST_STEP][PASSED] - symbol = symbol: null

2019-08-11 00:00:37 - [TEST_STEP][PASSED] - println(symbol): null

2019-08-11 00:00:37 - [TEST_STEP][PASSED] - if (i == 2 &amp;&amp; wildList.indexOf(symbol) != -1): null

2019-08-11 00:00:37 - [TEST_STEP][PASSED] - if (i == 3 &amp;&amp; wildList.indexOf(symbol) != -1): null

2019-08-11 00:00:37 - [TEST_STEP][PASSED] - if (i == 4 &amp;&amp; wildList.indexOf(symbol) != -1): null

2019-08-11 00:00:37 - [TEST_STEP][PASSED] - free_spin_reel_counter = free_spin_reel_counter: null

2019-08-11 00:00:37 - [TEST_STEP][PASSED] - println("reel 3 wild found: " + free_spin_reel_counter[0]): null

2019-08-11 00:00:37 - [TEST_STEP][PASSED] - println("reel 4 wild found: " + free_spin_reel_counter[1]): null

2019-08-11 00:00:37 - [TEST_STEP][PASSED] - println("reel 5 wild found: " + free_spin_reel_counter[2]): null

2019-08-11 00:00:37 - [TEST_STEP][PASSED] - M4_spin_reels = M4_spin_reels: null

2019-08-11 00:00:37 - [TEST_STEP][PASSED] - M4_spin_reels_symbols = symbol: null

2019-08-11 00:00:37 - [TEST_STEP][PASSED] - M4_spin_reels_symbols = M4_spin_reels_symbols: null

2019-08-11 00:00:37 - [TEST_STEP][PASSED] - M4_spin_reel_wins = reel_wins: null

2019-08-11 00:00:37 - [TEST_STEP][PASSED] - M4_spin_reel_wins = M4_spin_reel_wins: null

2019-08-11 00:00:37 - [TEST_STEP][PASSED] - println("GlobalVariable.M4_spin_reel_wins is: " + M4_spin_reel_wins): null

2019-08-11 00:00:37 - [TEST_STEP][PASSED] - M4_spin_total_bonus_win_this_round = total_bonus_win_this_round: null

2019-08-11 00:00:37 - [TEST_STEP][PASSED] - M4_spin_total_bonus_win_this_round = M4_spin_total_bonus_win_this_round: null

2019-08-11 00:00:37 - [TEST_STEP][PASSED] - println("GlobalVariable.M4_spin_total_bonus_win_this_round is: " + M4_spin_total_bonus_win_this_round): null

2019-08-11 00:00:37 - [MESSAGE][PASSED] - Verify response successfully

2019-08-11 00:00:37 - [MESSAGE][PASSED] - Send request and verify the response successfully

2019-08-11 00:00:37 - [TEST_STEP][PASSED] - if (M4_total_bonus_spins_int != 0 &amp;&amp; M4_spin_reels_symbols[2].contains("WILD_Double") || M4_spin_reels_symbols[4].contains("WILD_Triple")): null

2019-08-11 00:00:37 - [TEST_STEP][PASSED] - break: null

2019-08-11 00:00:37 - [TEST_STEP][PASSED] - sendRequestAndVerify(findTestObject("RGS(M4)/1_Round_detail", ["partner":Partner, "M4_spin_round_id":M4_spin_round_id])): Send request and verify the response successfully

2019-08-11 00:00:38 - [TEST_CASE][PASSED] - Start Test Case : Verification: Verification accomplished successfully

2019-08-11 00:00:38 - [TEST_STEP][PASSED] - request = getInstance().getCurrentRequest(): null

2019-08-11 00:00:38 - [TEST_STEP][PASSED] - response = getInstance().getCurrentResponse(): null

2019-08-11 00:00:38 - [TEST_STEP][PASSED] - verifyResponseStatusCode(response, 200): Verify response status code successfully

2019-08-11 00:00:38 - [MESSAGE][PASSED] - Verify response status code successfully

2019-08-11 00:00:38 - [TEST_STEP][PASSED] - getStatusCode()).isEqualTo(200): null

2019-08-11 00:00:38 - [TEST_STEP][PASSED] - newline = System.getProperty("line.separator"): null

2019-08-11 00:00:38 - [TEST_STEP][PASSED] - M4_round = new groovy.json.JsonSlurper(): null

2019-08-11 00:00:38 - [TEST_STEP][PASSED] - M4_round_detail = M4_round.parseText(response.getResponseBodyContent()): null

2019-08-11 00:00:38 - [TEST_STEP][PASSED] - M4_round_object = M4_round_detail: null

2019-08-11 00:00:38 - [TEST_STEP][PASSED] - M4_round_object = M4_round_object: null

2019-08-11 00:00:38 - [TEST_STEP][PASSED] - M4_round_transaction_type = transaction_type: null

2019-08-11 00:00:38 - [TEST_STEP][PASSED] - M4_round_transaction_type = M4_round_transaction_type: null

2019-08-11 00:00:38 - [TEST_STEP][PASSED] - M4_round_player_id = player_id: null

2019-08-11 00:00:38 - [TEST_STEP][PASSED] - M4_round_player_id = M4_round_player_id: null

2019-08-11 00:00:38 - [TEST_STEP][PASSED] - M4_round_booster_type = booster_type: null

2019-08-11 00:00:38 - [TEST_STEP][PASSED] - M4_round_booster_type = M4_round_booster_type: null

2019-08-11 00:00:38 - [TEST_STEP][PASSED] - M4_round_currency = currency: null

2019-08-11 00:00:38 - [TEST_STEP][PASSED] - M4_round_currency = M4_round_currency: null

2019-08-11 00:00:38 - [TEST_STEP][PASSED] - M4_round_id = round_id: null

2019-08-11 00:00:38 - [TEST_STEP][PASSED] - M4_round_id = M4_round_id: null

2019-08-11 00:00:38 - [TEST_STEP][PASSED] - M4_round_transaction_id = transaction_id: null

2019-08-11 00:00:38 - [TEST_STEP][PASSED] - M4_round_transaction_id = M4_round_transaction_id: null

2019-08-11 00:00:38 - [TEST_STEP][PASSED] - M4_round_transaction_time = transaction_time: null

2019-08-11 00:00:38 - [TEST_STEP][PASSED] - M4_round_transaction_time = M4_round_transaction_time: null

2019-08-11 00:00:38 - [TEST_STEP][PASSED] - M4_round_total_win = total_win: null

2019-08-11 00:00:38 - [TEST_STEP][PASSED] - M4_round_total_win = M4_round_total_win: null

2019-08-11 00:00:38 - [TEST_STEP][PASSED] - M4_round_balance_long = balance: null

2019-08-11 00:00:38 - [TEST_STEP][PASSED] - M4_round_balance = Long.toString(M4_round_balance_long): null

2019-08-11 00:00:38 - [TEST_STEP][PASSED] - M4_round_balance = M4_round_balance: null

2019-08-11 00:00:38 - [TEST_STEP][PASSED] - M4_round_total_bet = total_bet: null

2019-08-11 00:00:38 - [TEST_STEP][PASSED] - M4_round_total_bet = M4_round_total_bet: null

2019-08-11 00:00:38 - [TEST_STEP][PASSED] - M4_round_bet_value = bet_value: null

2019-08-11 00:00:38 - [TEST_STEP][PASSED] - M4_round_bet_value = M4_round_bet_value: null

2019-08-11 00:00:38 - [TEST_STEP][PASSED] - M4_round_line = line: null

2019-08-11 00:00:38 - [TEST_STEP][PASSED] - M4_round_line = M4_round_line: null

2019-08-11 00:00:38 - [TEST_STEP][PASSED] - M4_round_reels1 = reels[0]: null

2019-08-11 00:00:38 - [TEST_STEP][PASSED] - M4_round_reels1 = M4_round_reels1: null

2019-08-11 00:00:38 - [TEST_STEP][PASSED] - M4_round_reels2 = reels[1]: null

2019-08-11 00:00:38 - [TEST_STEP][PASSED] - M4_round_reels2 = M4_round_reels2: null

2019-08-11 00:00:38 - [TEST_STEP][PASSED] - M4_round_reels3 = reels[2]: null

2019-08-11 00:00:38 - [TEST_STEP][PASSED] - M4_round_reels3 = M4_round_reels3: null

2019-08-11 00:00:38 - [TEST_STEP][PASSED] - M4_round_reels4 = reels[3]: null

2019-08-11 00:00:38 - [TEST_STEP][PASSED] - M4_round_reels4 = M4_round_reels4: null

2019-08-11 00:00:38 - [TEST_STEP][PASSED] - M4_round_reels5 = reels[4]: null

2019-08-11 00:00:38 - [TEST_STEP][PASSED] - M4_round_reels5 = M4_round_reels5: null

2019-08-11 00:00:38 - [TEST_STEP][PASSED] - M4_round_F_reels1 = reels[0]: null

2019-08-11 00:00:38 - [TEST_STEP][PASSED] - M4_round_F_reels1 = M4_round_F_reels1: null

2019-08-11 00:00:38 - [TEST_STEP][PASSED] - M4_round_F_reels2 = reels[1]: null

2019-08-11 00:00:38 - [TEST_STEP][PASSED] - M4_round_F_reels2 = M4_round_F_reels2: null

2019-08-11 00:00:38 - [TEST_STEP][PASSED] - M4_round_F_reels3 = reels[2]: null

2019-08-11 00:00:38 - [TEST_STEP][PASSED] - M4_round_F_reels3 = M4_round_F_reels3: null

2019-08-11 00:00:38 - [TEST_STEP][PASSED] - M4_round_F_reels4 = reels[3]: null

2019-08-11 00:00:38 - [TEST_STEP][PASSED] - M4_round_F_reels4 = M4_round_F_reels4: null

2019-08-11 00:00:38 - [TEST_STEP][PASSED] - M4_round_F_reels5 = reels[4]: null

2019-08-11 00:00:38 - [TEST_STEP][PASSED] - M4_round_F_reels5 = M4_round_F_reels5: null

2019-08-11 00:00:38 - [TEST_STEP][PASSED] - M4_round_reels0_symbols1 = symbols[0]: null

2019-08-11 00:00:38 - [TEST_STEP][PASSED] - M4_round_reels0_symbols1 = M4_round_reels0_symbols1: null

2019-08-11 00:00:38 - [TEST_STEP][PASSED] - M4_round_reels0_symbols2 = symbols[1]: null

2019-08-11 00:00:38 - [TEST_STEP][PASSED] - M4_round_reels0_symbols2 = M4_round_reels0_symbols2: null

2019-08-11 00:00:38 - [TEST_STEP][PASSED] - M4_round_reels0_symbols3 = symbols[2]: null

2019-08-11 00:00:38 - [TEST_STEP][PASSED] - M4_round_reels0_symbols3 = M4_round_reels0_symbols3: null

2019-08-11 00:00:38 - [TEST_STEP][PASSED] - M4_round_reels1_symbols1 = symbols[0]: null

2019-08-11 00:00:38 - [TEST_STEP][PASSED] - M4_round_reels1_symbols1 = M4_round_reels1_symbols1: null

2019-08-11 00:00:38 - [TEST_STEP][PASSED] - M4_round_reels1_symbols2 = symbols[1]: null

2019-08-11 00:00:38 - [TEST_STEP][PASSED] - M4_round_reels1_symbols2 = M4_round_reels1_symbols2: null

2019-08-11 00:00:38 - [TEST_STEP][PASSED] - M4_round_reels1_symbols3 = symbols[2]: null

2019-08-11 00:00:38 - [TEST_STEP][PASSED] - M4_round_reels1_symbols3 = M4_round_reels1_symbols3: null

2019-08-11 00:00:38 - [TEST_STEP][PASSED] - M4_round_reels1_symbols4 = symbols[3]: null

2019-08-11 00:00:38 - [TEST_STEP][PASSED] - M4_round_reels_symbols_all = symbol: null

2019-08-11 00:00:38 - [TEST_STEP][PASSED] - M4_round_reels_symbols_all = M4_round_reels_symbols_all: null

2019-08-11 00:00:38 - [TEST_STEP][PASSED] - M4_round_features_triggered = features_triggered: null

2019-08-11 00:00:38 - [TEST_STEP][PASSED] - M4_round_features_triggered = M4_round_features_triggered: null

2019-08-11 00:00:38 - [TEST_STEP][PASSED] - M4_round_features_complete = complete: null

2019-08-11 00:00:38 - [TEST_STEP][PASSED] - M4_round_features_complete = M4_round_features_complete: null

2019-08-11 00:00:38 - [TEST_STEP][PASSED] - M4_round_free_spins_left = free_spins_left: null

2019-08-11 00:00:38 - [TEST_STEP][PASSED] - M4_round_free_spins_left = M4_round_free_spins_left: null

2019-08-11 00:00:38 - [TEST_STEP][PASSED] - M4_round_total_free_spin_count = total_free_spin_count: null

2019-08-11 00:00:38 - [TEST_STEP][PASSED] - M4_round_total_free_spin_count = M4_round_total_free_spin_count: null

2019-08-11 00:00:38 - [TEST_STEP][PASSED] - M4_round_total_free_spin_win_amount = total_free_spin_win_amount: null

2019-08-11 00:00:38 - [TEST_STEP][PASSED] - M4_round_total_free_spin_win_amount = M4_round_total_free_spin_win_amount: null

2019-08-11 00:00:38 - [TEST_STEP][PASSED] - M4_round_subfeatures = subfeatures: null

2019-08-11 00:00:38 - [TEST_STEP][PASSED] - M4_round_subfeatures = M4_round_subfeatures: null

2019-08-11 00:00:38 - [TEST_STEP][PASSED] - M4_round_wild_multiplier = wild_multiplier: null

2019-08-11 00:00:38 - [TEST_STEP][PASSED] - M4_round_wild_multiplier = M4_round_wild_multiplier: null

2019-08-11 00:00:38 - [TEST_STEP][PASSED] - M4_round_wild_config = wild_config: null

2019-08-11 00:00:38 - [TEST_STEP][PASSED] - M4_round_wild_config = M4_round_wild_config: null

2019-08-11 00:00:38 - [TEST_STEP][PASSED] - M4_round_wild_config_index = index: null

2019-08-11 00:00:38 - [TEST_STEP][PASSED] - M4_round_original_reels = original_reels: null

2019-08-11 00:00:38 - [TEST_STEP][PASSED] - M4_round_original_reels = M4_round_original_reels: null

2019-08-11 00:00:38 - [TEST_STEP][PASSED] - M4_round_swapped_reels = swapped_reels: null

2019-08-11 00:00:38 - [TEST_STEP][PASSED] - M4_round_swapped_reels = M4_round_swapped_reels: null

2019-08-11 00:00:38 - [TEST_STEP][PASSED] - M4_round_free_spins_added = free_spins_added: null

2019-08-11 00:00:38 - [TEST_STEP][PASSED] - M4_round_spin_result_list = spin_results[0]: null

2019-08-11 00:00:38 - [TEST_STEP][PASSED] - M4_round_spin_result_list = M4_round_spin_result_list: null

2019-08-11 00:00:38 - [TEST_STEP][PASSED] - M4_round_feature_state = feature_state: null

2019-08-11 00:00:38 - [TEST_STEP][PASSED] - M4_round_feature_state = M4_round_feature_state: null

2019-08-11 00:00:38 - [TEST_STEP][PASSED] - M4_round_feature_state_all = feature_state: null

2019-08-11 00:00:38 - [TEST_STEP][PASSED] - M4_round_feature_state_all = M4_round_feature_state_all: null

2019-08-11 00:00:38 - [TEST_STEP][PASSED] - M4_round_features_type = type: null

2019-08-11 00:00:38 - [TEST_STEP][PASSED] - M4_round_features_type = M4_round_features_type: null

2019-08-11 00:00:38 - [TEST_STEP][PASSED] - M4_round_scatter_win = scatter_win: null

2019-08-11 00:00:38 - [TEST_STEP][PASSED] - M4_round_scatter_win = M4_round_scatter_win: null

2019-08-11 00:00:38 - [TEST_STEP][PASSED] - M4_round_spin_result1 = spin_results[1]: null

2019-08-11 00:00:38 - [TEST_STEP][PASSED] - M4_round_spin_result1 = M4_round_spin_result1: null

2019-08-11 00:00:38 - [MESSAGE][PASSED] - Verify response successfully

2019-08-11 00:00:38 - [MESSAGE][PASSED] - Send request and verify the response successfully

2019-08-11 00:00:38 - [TEST_STEP][PASSED] - M4_round_features_triggered = M4_round_features_triggered: null

2019-08-11 00:00:38 - [TEST_STEP][PASSED] - wildMultiplierIndex = -1: null

2019-08-11 00:00:38 - [TEST_STEP][PASSED] - wildMultiplierFeatureStateKeys = null: null

2019-08-11 00:00:38 - [TEST_STEP][PASSED] - for ([i = 0, i &lt; M4_round_features_triggered.size(), (i++)]): null

2019-08-11 00:00:38 - [TEST_STEP][PASSED] - if (type.equals("WILD_MULTIPLIER")): null

2019-08-11 00:00:38 - [TEST_STEP][PASSED] - if (type.equals("WILD_MULTIPLIER")): null

2019-08-11 00:00:38 - [TEST_STEP][PASSED] - if (type.equals("WILD_MULTIPLIER")): null

2019-08-11 00:00:38 - [TEST_STEP][PASSED] - wildMultiplierIndex = i: null

2019-08-11 00:00:38 - [TEST_STEP][PASSED] - wildMultiplierFeatureStateKeys = feature_state.keySet(): null

2019-08-11 00:00:38 - [TEST_STEP][PASSED] - wildMultiplierWildConfigeKeys = wild_config[0][0].keySet(): null

2019-08-11 00:00:38 - [TEST_STEP][PASSED] - println(wildMultiplierIndex): null

2019-08-11 00:00:38 - [TEST_STEP][PASSED] - println(wildMultiplierFeatureStateKeys): null

2019-08-11 00:00:38 - [TEST_STEP][PASSED] - println(wildMultiplierWildConfigeKeys): null

2019-08-11 00:00:38 - [TEST_STEP][PASSED] - multi_keys = new java.util.ArrayList(wildMultiplierFeatureStateKeys): null

2019-08-11 00:00:38 - [TEST_STEP][PASSED] - wildConfig_keys = new java.util.ArrayList(wildMultiplierWildConfigeKeys): null

2019-08-11 00:00:38 - [TEST_STEP][PASSED] - Collections.sort(multi_keys): null

2019-08-11 00:00:38 - [TEST_STEP][PASSED] - Collections.sort(Multiplier): null

2019-08-11 00:00:38 - [TEST_STEP][PASSED] - Collections.sort(wildConfig_keys): null

2019-08-11 00:00:38 - [TEST_STEP][PASSED] - Collections.sort(wild_config): null

2019-08-11 00:00:38 - [TEST_STEP][PASSED] - println("multi_keys is:" + multi_keys): null

2019-08-11 00:00:38 - [TEST_STEP][PASSED] - println("Multiplier is:" + Multiplier): null

2019-08-11 00:00:38 - [TEST_STEP][PASSED] - println("wildConfig_keys is: " + wildConfig_keys): null

2019-08-11 00:00:38 - [TEST_STEP][PASSED] - println("wild_config is:" + wild_config): null

2019-08-11 00:00:38 - [TEST_STEP][PASSED] - assert multi_keys.equals(Multiplier): null

2019-08-11 00:00:38 - [TEST_STEP][PASSED] - assert wildConfig_keys.equals(wild_config): null

2019-08-11 00:00:38 - [TEST_STEP][PASSED] - callTestCase(findTestCase("M4-Game/Super_Wild/backup/compare_values/4_specific_Multiplier_verify_value_call_test_case"), ["Partner":Partner, "Userid":Userid, "Game_code":Game_code, "url_krug_gw":url_krug_gw, "secret_key":secret_key, "M4_recorder":M4_recorder]): Call Test Case 'Test Cases/M4-Game/Super_Wild/backup/compare_values/4_specific_Multiplier_verify_value_call_test_case' successfully

2019-08-11 00:00:38 - [TEST_CASE][PASSED] - Test Cases/M4-Game/Super_Wild/backup/compare_values/4_specific_Multiplier_verify_value_call_test_case: Test Cases/M4-Game/Super_Wild/backup/compare_values/4_specific_Multiplier_verify_value_call_test_case

2019-08-11 00:00:39 - [TEST_STEP][PASSED] - sendRequestAndVerify(findTestObject("Wallet/Get_Session_Token", ["url_krug_gw":url_krug_gw, "partner":Partner, "secret_key":secret_key, "userid":Userid])): Send request and verify the response successfully

2019-08-11 00:00:39 - [TEST_CASE][PASSED] - Start Test Case : Verification: Verification accomplished successfully

2019-08-11 00:00:39 - [TEST_STEP][PASSED] - request = getInstance().getCurrentRequest(): null

2019-08-11 00:00:39 - [TEST_STEP][PASSED] - response = getInstance().getCurrentResponse(): null

2019-08-11 00:00:39 - [TEST_STEP][PASSED] - verifyResponseStatusCode(response, 200): Verify response status code successfully

2019-08-11 00:00:39 - [MESSAGE][PASSED] - Verify response status code successfully

2019-08-11 00:00:39 - [TEST_STEP][PASSED] - getStatusCode()).isEqualTo(200): null

2019-08-11 00:00:39 - [TEST_STEP][PASSED] - getResponseText()).contains("session_token"): null

2019-08-11 00:00:39 - [TEST_STEP][PASSED] - getsession = new groovy.json.JsonSlurper(): null

2019-08-11 00:00:39 - [TEST_STEP][PASSED] - result_getsession = getsession.parseText(response.getResponseBodyContent()): null

2019-08-11 00:00:39 - [TEST_STEP][PASSED] - session_token = session_token: null

2019-08-11 00:00:39 - [TEST_STEP][PASSED] - println("...value extracted is :" + session_token): null

2019-08-11 00:00:39 - [TEST_STEP][PASSED] - session_token = session_token: null

2019-08-11 00:00:39 - [TEST_STEP][PASSED] - println("GlobalVariable is :" + session_token): null

2019-08-11 00:00:39 - [TEST_STEP][PASSED] - internal_balance = internal_balance: null

2019-08-11 00:00:39 - [TEST_STEP][PASSED] - internal_balance = internal_balance: null

2019-08-11 00:00:39 - [MESSAGE][PASSED] - Verify response successfully

2019-08-11 00:00:39 - [MESSAGE][PASSED] - Send request and verify the response successfully

2019-08-11 00:00:39 - [TEST_STEP][PASSED] - M4_login = sendRequestAndVerify(findTestObject("RGS(M4)/M4_Login", ["partner":Partner, "game_code":Game_code, "session_token":session_token])): Send request and verify the response successfully

2019-08-11 00:00:40 - [TEST_CASE][PASSED] - Start Test Case : Verification: Verification accomplished successfully

2019-08-11 00:00:40 - [TEST_STEP][PASSED] - request = getInstance().getCurrentRequest(): null

2019-08-11 00:00:40 - [TEST_STEP][PASSED] - response = getInstance().getCurrentResponse(): null

2019-08-11 00:00:40 - [TEST_STEP][PASSED] - verifyResponseStatusCode(response, 200): Verify response status code successfully

2019-08-11 00:00:40 - [MESSAGE][PASSED] - Verify response status code successfully

2019-08-11 00:00:40 - [TEST_STEP][PASSED] - getStatusCode()).isEqualTo(200): null

2019-08-11 00:00:40 - [TEST_STEP][PASSED] - newline = System.getProperty("line.separator"): null

2019-08-11 00:00:40 - [TEST_STEP][PASSED] - M4_login = new groovy.json.JsonSlurper(): null

2019-08-11 00:00:40 - [TEST_STEP][PASSED] - result_M4_login = M4_login.parseText(response.getResponseBodyContent()): null

2019-08-11 00:00:40 - [TEST_STEP][PASSED] - M4_login_user_id = user_id: null

2019-08-11 00:00:40 - [TEST_STEP][PASSED] - println("playerid is: " + M4_login_user_id): null

2019-08-11 00:00:40 - [TEST_STEP][PASSED] - M4_login_user_id = M4_login_user_id: null

2019-08-11 00:00:40 - [MESSAGE][PASSED] - Verify response successfully

2019-08-11 00:00:40 - [MESSAGE][PASSED] - Send request and verify the response successfully

2019-08-11 00:00:40 - [TEST_STEP][PASSED] - M4_login_user_id = M4_login_user_id: null

2019-08-11 00:00:40 - [TEST_STEP][PASSED] - M4_init = sendRequestAndVerify(findTestObject("RGS(M4)/M4_init", ["partner":Partner, "M4_recorder":M4_recorder, "M4_login_user_id":M4_login_user_id])): Send request and verify the response successfully

2019-08-11 00:00:40 - [TEST_CASE][PASSED] - Start Test Case : Verification: Verification accomplished successfully

2019-08-11 00:00:40 - [TEST_STEP][PASSED] - request = getInstance().getCurrentRequest(): null

2019-08-11 00:00:40 - [TEST_STEP][PASSED] - response = getInstance().getCurrentResponse(): null

2019-08-11 00:00:40 - [TEST_STEP][PASSED] - verifyResponseStatusCode(response, 200): Verify response status code successfully

2019-08-11 00:00:40 - [MESSAGE][PASSED] - Verify response status code successfully

2019-08-11 00:00:40 - [TEST_STEP][PASSED] - getStatusCode()).isEqualTo(200): null

2019-08-11 00:00:40 - [TEST_STEP][PASSED] - newline = System.getProperty("line.separator"): null

2019-08-11 00:00:40 - [TEST_STEP][PASSED] - M4_init = new groovy.json.JsonSlurper(): null

2019-08-11 00:00:40 - [TEST_STEP][PASSED] - result_M4_init = M4_init.parseText(response.getResponseBodyContent()): null

2019-08-11 00:00:40 - [TEST_STEP][PASSED] - rgs_session_token = session_token: null

2019-08-11 00:00:40 - [TEST_STEP][PASSED] - rgs_session_token = rgs_session_token: null

2019-08-11 00:00:40 - [TEST_STEP][PASSED] - M4_init_balance = balance: null

2019-08-11 00:00:40 - [TEST_STEP][PASSED] - M4_init_balance = M4_init_balance: null

2019-08-11 00:00:40 - [TEST_STEP][PASSED] - game_code = genesis_id: null

2019-08-11 00:00:40 - [TEST_STEP][PASSED] - game_code = game_code: null

2019-08-11 00:00:40 - [TEST_STEP][PASSED] - M4_free_round = free_round: null

2019-08-11 00:00:40 - [TEST_STEP][PASSED] - M4_free_round = M4_free_round: null

2019-08-11 00:00:40 - [MESSAGE][PASSED] - Verify response successfully

2019-08-11 00:00:40 - [MESSAGE][PASSED] - Send request and verify the response successfully

2019-08-11 00:00:40 - [TEST_STEP][PASSED] - rgs_session_token = rgs_session_token: null

2019-08-11 00:00:40 - [TEST_STEP][PASSED] - sendRequestAndVerify(findTestObject("RGS(M4)/1_Round_detail", ["partner":Partner, "M4_spin_round_id":M4_spin_round_id])): Send request and verify the response successfully

2019-08-11 00:00:40 - [TEST_CASE][PASSED] - Start Test Case : Verification: Verification accomplished successfully

2019-08-11 00:00:40 - [TEST_STEP][PASSED] - request = getInstance().getCurrentRequest(): null

2019-08-11 00:00:40 - [TEST_STEP][PASSED] - response = getInstance().getCurrentResponse(): null

2019-08-11 00:00:40 - [TEST_STEP][PASSED] - verifyResponseStatusCode(response, 200): Verify response status code successfully

2019-08-11 00:00:40 - [MESSAGE][PASSED] - Verify response status code successfully

2019-08-11 00:00:40 - [TEST_STEP][PASSED] - getStatusCode()).isEqualTo(200): null

2019-08-11 00:00:40 - [TEST_STEP][PASSED] - newline = System.getProperty("line.separator"): null

2019-08-11 00:00:40 - [TEST_STEP][PASSED] - M4_round = new groovy.json.JsonSlurper(): null

2019-08-11 00:00:40 - [TEST_STEP][PASSED] - M4_round_detail = M4_round.parseText(response.getResponseBodyContent()): null

2019-08-11 00:00:40 - [TEST_STEP][PASSED] - M4_round_object = M4_round_detail: null

2019-08-11 00:00:40 - [TEST_STEP][PASSED] - M4_round_object = M4_round_object: null

2019-08-11 00:00:40 - [TEST_STEP][PASSED] - M4_round_transaction_type = transaction_type: null

2019-08-11 00:00:40 - [TEST_STEP][PASSED] - M4_round_transaction_type = M4_round_transaction_type: null

2019-08-11 00:00:40 - [TEST_STEP][PASSED] - M4_round_player_id = player_id: null

2019-08-11 00:00:40 - [TEST_STEP][PASSED] - M4_round_player_id = M4_round_player_id: null

2019-08-11 00:00:40 - [TEST_STEP][PASSED] - M4_round_booster_type = booster_type: null

2019-08-11 00:00:40 - [TEST_STEP][PASSED] - M4_round_booster_type = M4_round_booster_type: null

2019-08-11 00:00:40 - [TEST_STEP][PASSED] - M4_round_currency = currency: null

2019-08-11 00:00:40 - [TEST_STEP][PASSED] - M4_round_currency = M4_round_currency: null

2019-08-11 00:00:40 - [TEST_STEP][PASSED] - M4_round_id = round_id: null

2019-08-11 00:00:40 - [TEST_STEP][PASSED] - M4_round_id = M4_round_id: null

2019-08-11 00:00:40 - [TEST_STEP][PASSED] - M4_round_transaction_id = transaction_id: null

2019-08-11 00:00:40 - [TEST_STEP][PASSED] - M4_round_transaction_id = M4_round_transaction_id: null

2019-08-11 00:00:40 - [TEST_STEP][PASSED] - M4_round_transaction_time = transaction_time: null

2019-08-11 00:00:40 - [TEST_STEP][PASSED] - M4_round_transaction_time = M4_round_transaction_time: null

2019-08-11 00:00:40 - [TEST_STEP][PASSED] - M4_round_total_win = total_win: null

2019-08-11 00:00:40 - [TEST_STEP][PASSED] - M4_round_total_win = M4_round_total_win: null

2019-08-11 00:00:40 - [TEST_STEP][PASSED] - M4_round_balance_long = balance: null

2019-08-11 00:00:40 - [TEST_STEP][PASSED] - M4_round_balance = Long.toString(M4_round_balance_long): null

2019-08-11 00:00:40 - [TEST_STEP][PASSED] - M4_round_balance = M4_round_balance: null

2019-08-11 00:00:40 - [TEST_STEP][PASSED] - M4_round_total_bet = total_bet: null

2019-08-11 00:00:40 - [TEST_STEP][PASSED] - M4_round_total_bet = M4_round_total_bet: null

2019-08-11 00:00:40 - [TEST_STEP][PASSED] - M4_round_bet_value = bet_value: null

2019-08-11 00:00:40 - [TEST_STEP][PASSED] - M4_round_bet_value = M4_round_bet_value: null

2019-08-11 00:00:40 - [TEST_STEP][PASSED] - M4_round_line = line: null

2019-08-11 00:00:40 - [TEST_STEP][PASSED] - M4_round_line = M4_round_line: null

2019-08-11 00:00:40 - [TEST_STEP][PASSED] - M4_round_reels1 = reels[0]: null

2019-08-11 00:00:40 - [TEST_STEP][PASSED] - M4_round_reels1 = M4_round_reels1: null

2019-08-11 00:00:40 - [TEST_STEP][PASSED] - M4_round_reels2 = reels[1]: null

2019-08-11 00:00:40 - [TEST_STEP][PASSED] - M4_round_reels2 = M4_round_reels2: null

2019-08-11 00:00:40 - [TEST_STEP][PASSED] - M4_round_reels3 = reels[2]: null

2019-08-11 00:00:40 - [TEST_STEP][PASSED] - M4_round_reels3 = M4_round_reels3: null

2019-08-11 00:00:40 - [TEST_STEP][PASSED] - M4_round_reels4 = reels[3]: null

2019-08-11 00:00:40 - [TEST_STEP][PASSED] - M4_round_reels4 = M4_round_reels4: null

2019-08-11 00:00:40 - [TEST_STEP][PASSED] - M4_round_reels5 = reels[4]: null

2019-08-11 00:00:40 - [TEST_STEP][PASSED] - M4_round_reels5 = M4_round_reels5: null

2019-08-11 00:00:40 - [TEST_STEP][PASSED] - M4_round_F_reels1 = reels[0]: null

2019-08-11 00:00:40 - [TEST_STEP][PASSED] - M4_round_F_reels1 = M4_round_F_reels1: null

2019-08-11 00:00:40 - [TEST_STEP][PASSED] - M4_round_F_reels2 = reels[1]: null

2019-08-11 00:00:40 - [TEST_STEP][PASSED] - M4_round_F_reels2 = M4_round_F_reels2: null

2019-08-11 00:00:40 - [TEST_STEP][PASSED] - M4_round_F_reels3 = reels[2]: null

2019-08-11 00:00:40 - [TEST_STEP][PASSED] - M4_round_F_reels3 = M4_round_F_reels3: null

2019-08-11 00:00:40 - [TEST_STEP][PASSED] - M4_round_F_reels4 = reels[3]: null

2019-08-11 00:00:40 - [TEST_STEP][PASSED] - M4_round_F_reels4 = M4_round_F_reels4: null

2019-08-11 00:00:40 - [TEST_STEP][PASSED] - M4_round_F_reels5 = reels[4]: null

2019-08-11 00:00:40 - [TEST_STEP][PASSED] - M4_round_F_reels5 = M4_round_F_reels5: null

2019-08-11 00:00:40 - [TEST_STEP][PASSED] - M4_round_reels0_symbols1 = symbols[0]: null

2019-08-11 00:00:40 - [TEST_STEP][PASSED] - M4_round_reels0_symbols1 = M4_round_reels0_symbols1: null

2019-08-11 00:00:40 - [TEST_STEP][PASSED] - M4_round_reels0_symbols2 = symbols[1]: null

2019-08-11 00:00:40 - [TEST_STEP][PASSED] - M4_round_reels0_symbols2 = M4_round_reels0_symbols2: null

2019-08-11 00:00:40 - [TEST_STEP][PASSED] - M4_round_reels0_symbols3 = symbols[2]: null

2019-08-11 00:00:40 - [TEST_STEP][PASSED] - M4_round_reels0_symbols3 = M4_round_reels0_symbols3: null

2019-08-11 00:00:40 - [TEST_STEP][PASSED] - M4_round_reels1_symbols1 = symbols[0]: null

2019-08-11 00:00:40 - [TEST_STEP][PASSED] - M4_round_reels1_symbols1 = M4_round_reels1_symbols1: null

2019-08-11 00:00:40 - [TEST_STEP][PASSED] - M4_round_reels1_symbols2 = symbols[1]: null

2019-08-11 00:00:40 - [TEST_STEP][PASSED] - M4_round_reels1_symbols2 = M4_round_reels1_symbols2: null

2019-08-11 00:00:40 - [TEST_STEP][PASSED] - M4_round_reels1_symbols3 = symbols[2]: null

2019-08-11 00:00:40 - [TEST_STEP][PASSED] - M4_round_reels1_symbols3 = M4_round_reels1_symbols3: null

2019-08-11 00:00:40 - [TEST_STEP][PASSED] - M4_round_reels1_symbols4 = symbols[3]: null

2019-08-11 00:00:40 - [TEST_STEP][PASSED] - M4_round_reels_symbols_all = symbol: null

2019-08-11 00:00:40 - [TEST_STEP][PASSED] - M4_round_reels_symbols_all = M4_round_reels_symbols_all: null

2019-08-11 00:00:40 - [TEST_STEP][PASSED] - M4_round_features_triggered = features_triggered: null

2019-08-11 00:00:40 - [TEST_STEP][PASSED] - M4_round_features_triggered = M4_round_features_triggered: null

2019-08-11 00:00:40 - [TEST_STEP][PASSED] - M4_round_features_complete = complete: null

2019-08-11 00:00:40 - [TEST_STEP][PASSED] - M4_round_features_complete = M4_round_features_complete: null

2019-08-11 00:00:40 - [TEST_STEP][PASSED] - M4_round_free_spins_left = free_spins_left: null

2019-08-11 00:00:40 - [TEST_STEP][PASSED] - M4_round_free_spins_left = M4_round_free_spins_left: null

2019-08-11 00:00:40 - [TEST_STEP][PASSED] - M4_round_total_free_spin_count = total_free_spin_count: null

2019-08-11 00:00:40 - [TEST_STEP][PASSED] - M4_round_total_free_spin_count = M4_round_total_free_spin_count: null

2019-08-11 00:00:40 - [TEST_STEP][PASSED] - M4_round_total_free_spin_win_amount = total_free_spin_win_amount: null

2019-08-11 00:00:40 - [TEST_STEP][PASSED] - M4_round_total_free_spin_win_amount = M4_round_total_free_spin_win_amount: null

2019-08-11 00:00:40 - [TEST_STEP][PASSED] - M4_round_subfeatures = subfeatures: null

2019-08-11 00:00:40 - [TEST_STEP][PASSED] - M4_round_subfeatures = M4_round_subfeatures: null

2019-08-11 00:00:40 - [TEST_STEP][PASSED] - M4_round_wild_multiplier = wild_multiplier: null

2019-08-11 00:00:40 - [TEST_STEP][PASSED] - M4_round_wild_multiplier = M4_round_wild_multiplier: null

2019-08-11 00:00:40 - [TEST_STEP][PASSED] - M4_round_wild_config = wild_config: null

2019-08-11 00:00:40 - [TEST_STEP][PASSED] - M4_round_wild_config = M4_round_wild_config: null

2019-08-11 00:00:40 - [TEST_STEP][PASSED] - M4_round_wild_config_index = index: null

2019-08-11 00:00:40 - [TEST_STEP][PASSED] - M4_round_original_reels = original_reels: null

2019-08-11 00:00:40 - [TEST_STEP][PASSED] - M4_round_original_reels = M4_round_original_reels: null

2019-08-11 00:00:40 - [TEST_STEP][PASSED] - M4_round_swapped_reels = swapped_reels: null

2019-08-11 00:00:40 - [TEST_STEP][PASSED] - M4_round_swapped_reels = M4_round_swapped_reels: null

2019-08-11 00:00:40 - [TEST_STEP][PASSED] - M4_round_free_spins_added = free_spins_added: null

2019-08-11 00:00:40 - [TEST_STEP][PASSED] - M4_round_spin_result_list = spin_results[0]: null

2019-08-11 00:00:40 - [TEST_STEP][PASSED] - M4_round_spin_result_list = M4_round_spin_result_list: null

2019-08-11 00:00:40 - [TEST_STEP][PASSED] - M4_round_feature_state = feature_state: null

2019-08-11 00:00:40 - [TEST_STEP][PASSED] - M4_round_feature_state = M4_round_feature_state: null

2019-08-11 00:00:40 - [TEST_STEP][PASSED] - M4_round_feature_state_all = feature_state: null

2019-08-11 00:00:40 - [TEST_STEP][PASSED] - M4_round_feature_state_all = M4_round_feature_state_all: null

2019-08-11 00:00:40 - [TEST_STEP][PASSED] - M4_round_features_type = type: null

2019-08-11 00:00:40 - [TEST_STEP][PASSED] - M4_round_features_type = M4_round_features_type: null

2019-08-11 00:00:40 - [TEST_STEP][PASSED] - M4_round_scatter_win = scatter_win: null

2019-08-11 00:00:40 - [TEST_STEP][PASSED] - M4_round_scatter_win = M4_round_scatter_win: null

2019-08-11 00:00:40 - [TEST_STEP][PASSED] - M4_round_spin_result1 = spin_results[1]: null

2019-08-11 00:00:40 - [TEST_STEP][PASSED] - M4_round_spin_result1 = M4_round_spin_result1: null

2019-08-11 00:00:40 - [MESSAGE][PASSED] - Verify response successfully

2019-08-11 00:00:40 - [MESSAGE][PASSED] - Send request and verify the response successfully

2019-08-11 00:00:40 - [TEST_STEP][PASSED] - sendRequestAndVerify(findTestObject("RGS(M4)/in_game_history_detail", ["partner":Partner, "M4_spin_transaction_id":M4_spin_transaction_id, "M4_login_user_id":M4_login_user_id])): Send request and verify the response successfully

2019-08-11 00:00:41 - [TEST_CASE][PASSED] - Start Test Case : Verification: Verification accomplished successfully

2019-08-11 00:00:41 - [TEST_STEP][PASSED] - request = getInstance().getCurrentRequest(): null

2019-08-11 00:00:41 - [TEST_STEP][PASSED] - response = getInstance().getCurrentResponse(): null

2019-08-11 00:00:41 - [TEST_STEP][PASSED] - verifyResponseStatusCode(response, 200): Verify response status code successfully

2019-08-11 00:00:41 - [MESSAGE][PASSED] - Verify response status code successfully

2019-08-11 00:00:41 - [TEST_STEP][PASSED] - getStatusCode()).isEqualTo(200): null

2019-08-11 00:00:41 - [TEST_STEP][PASSED] - newline = System.getProperty("line.separator"): null

2019-08-11 00:00:41 - [TEST_STEP][PASSED] - M4_game_history = new groovy.json.JsonSlurper(): null

2019-08-11 00:00:41 - [TEST_STEP][PASSED] - M4_history = M4_game_history.parseText(response.getResponseBodyContent()): null

2019-08-11 00:00:41 - [TEST_STEP][PASSED] - M4_history_currency = currency: null

2019-08-11 00:00:41 - [TEST_STEP][PASSED] - M4_history_currency = M4_history_currency: null

2019-08-11 00:00:41 - [TEST_STEP][PASSED] - M4_history_spin_transaction = spin_transaction: null

2019-08-11 00:00:41 - [TEST_STEP][PASSED] - M4_history_spin_transaction = M4_history_spin_transaction: null

2019-08-11 00:00:41 - [TEST_STEP][PASSED] - M4_history_date = date: null

2019-08-11 00:00:41 - [TEST_STEP][PASSED] - M4_history_game_id = game_id: null

2019-08-11 00:00:41 - [TEST_STEP][PASSED] - M4_history_tx_id = tx_id: null

2019-08-11 00:00:41 - [TEST_STEP][PASSED] - M4_history_causality = causality: null

2019-08-11 00:00:41 - [TEST_STEP][PASSED] - M4_history_causality = M4_history_causality: null

2019-08-11 00:00:41 - [TEST_STEP][PASSED] - M4_history_round_id = round_id: null

2019-08-11 00:00:41 - [TEST_STEP][PASSED] - M4_history_round_id = M4_history_round_id: null

2019-08-11 00:00:41 - [TEST_STEP][PASSED] - M4_history_game_total_won = total_won: null

2019-08-11 00:00:41 - [TEST_STEP][PASSED] - M4_history_game_total_won = M4_history_game_total_won: null

2019-08-11 00:00:41 - [TEST_STEP][PASSED] - M4_history_game_total_bet = total_bet: null

2019-08-11 00:00:41 - [TEST_STEP][PASSED] - M4_history_total_bet = M4_history_game_total_bet: null

2019-08-11 00:00:41 - [TEST_STEP][PASSED] - M4_history_lines = lines: null

2019-08-11 00:00:41 - [TEST_STEP][PASSED] - M4_history_total_won = total_won: null

2019-08-11 00:00:41 - [TEST_STEP][PASSED] - M4_history_total_won = M4_history_total_won: null

2019-08-11 00:00:41 - [TEST_STEP][PASSED] - M4_history_bonus_name = bonus_name: null

2019-08-11 00:00:41 - [TEST_STEP][PASSED] - M4_history_bonus_retrigger = bonus_retrigger: null

2019-08-11 00:00:41 - [TEST_STEP][PASSED] - M4_history_key = key: null

2019-08-11 00:00:41 - [TEST_STEP][PASSED] - M4_history_data = data: null

2019-08-11 00:00:41 - [TEST_STEP][PASSED] - M4_history_total_bet = total_bet: null

2019-08-11 00:00:41 - [TEST_STEP][PASSED] - M4_history_total_bet = M4_history_total_bet: null

2019-08-11 00:00:41 - [TEST_STEP][PASSED] - M4_history_balance = balance: null

2019-08-11 00:00:41 - [TEST_STEP][PASSED] - M4_history_balance = M4_history_balance: null

2019-08-11 00:00:41 - [TEST_STEP][PASSED] - M4_history_type = type: null

2019-08-11 00:00:41 - [TEST_STEP][PASSED] - M4_history_reel_symbol = symbols: null

2019-08-11 00:00:41 - [TEST_STEP][PASSED] - M4_history_reel_symbol = M4_history_reel_symbol: null

2019-08-11 00:00:41 - [TEST_STEP][PASSED] - M4_history_reels = reels: null

2019-08-11 00:00:41 - [TEST_STEP][PASSED] - M4_history_reels = M4_history_reels: null

2019-08-11 00:00:41 - [TEST_STEP][PASSED] - M4_history_F_reels1 = reels: null

2019-08-11 00:00:41 - [TEST_STEP][PASSED] - M4_history_F_reels = M4_history_F_reels1: null

2019-08-11 00:00:41 - [TEST_STEP][PASSED] - M4_history_multiplier = multiplier: null

2019-08-11 00:00:41 - [TEST_STEP][PASSED] - M4_history_multiplier = M4_history_multiplier: null

2019-08-11 00:00:41 - [MESSAGE][PASSED] - Verify response successfully

2019-08-11 00:00:41 - [MESSAGE][PASSED] - Send request and verify the response successfully

2019-08-11 00:00:41 - [TEST_STEP][PASSED] - M4_round_features_triggered = M4_round_features_triggered: null

2019-08-11 00:00:41 - [TEST_STEP][PASSED] - M4_round_reels3 = M4_round_reels3: null

2019-08-11 00:00:41 - [TEST_STEP][PASSED] - M4_round_reels5 = M4_round_reels5: null

2019-08-11 00:00:41 - [TEST_STEP][PASSED] - wildMultiplierIndex = -1: null

2019-08-11 00:00:41 - [TEST_STEP][PASSED] - extraFreeSpinTypeAndComplete = false: null

2019-08-11 00:00:41 - [TEST_STEP][PASSED] - for ([i = 0, i &lt; M4_round_features_triggered.size(), (i++)]): null

2019-08-11 00:00:41 - [TEST_STEP][PASSED] - trigger = M4_round_features_triggered[i]: null

2019-08-11 00:00:41 - [TEST_STEP][PASSED] - if (type.equals("WILD_MULTIPLIER") &amp;&amp; complete == true): null

2019-08-11 00:00:41 - [TEST_STEP][PASSED] - trigger = M4_round_features_triggered[i]: null

2019-08-11 00:00:41 - [TEST_STEP][PASSED] - if (type.equals("WILD_MULTIPLIER") &amp;&amp; complete == true): null

2019-08-11 00:00:41 - [TEST_STEP][PASSED] - trigger = M4_round_features_triggered[i]: null

2019-08-11 00:00:41 - [TEST_STEP][PASSED] - if (type.equals("WILD_MULTIPLIER") &amp;&amp; complete == true): null

2019-08-11 00:00:41 - [TEST_STEP][PASSED] - extraFreeSpinTypeAndComplete = true: null

2019-08-11 00:00:41 - [TEST_STEP][PASSED] - wildMultiplierIndex = i: null

2019-08-11 00:00:41 - [TEST_STEP][PASSED] - wild_multiplier = wild_multiplier: null

2019-08-11 00:00:41 - [TEST_STEP][PASSED] - M4_round_spin_result_list = M4_round_spin_result_list: null

2019-08-11 00:00:41 - [TEST_STEP][PASSED] - multi = 1: null

2019-08-11 00:00:41 - [TEST_STEP][PASSED] - multi1 = 1: null

2019-08-11 00:00:41 - [TEST_STEP][PASSED] - for ([i = 0, i &lt; M4_round_features_triggered.size(), (i++)]): null

2019-08-11 00:00:41 - [TEST_STEP][PASSED] - trigger = M4_round_features_triggered[i]: null

2019-08-11 00:00:41 - [TEST_STEP][PASSED] - if (type.equals("WILD_MULTIPLIER") &amp;&amp; complete == true): null

2019-08-11 00:00:41 - [TEST_STEP][PASSED] - trigger = M4_round_features_triggered[i]: null

2019-08-11 00:00:41 - [TEST_STEP][PASSED] - if (type.equals("WILD_MULTIPLIER") &amp;&amp; complete == true): null

2019-08-11 00:00:41 - [TEST_STEP][PASSED] - trigger = M4_round_features_triggered[i]: null

2019-08-11 00:00:41 - [TEST_STEP][PASSED] - if (type.equals("WILD_MULTIPLIER") &amp;&amp; complete == true): null

2019-08-11 00:00:41 - [TEST_STEP][PASSED] - feature_state = feature_state: null

2019-08-11 00:00:41 - [TEST_STEP][PASSED] - wildConfig2 = wild_config[2]: null

2019-08-11 00:00:41 - [TEST_STEP][PASSED] - wildConfig4 = wild_config[4]: null

2019-08-11 00:00:41 - [TEST_STEP][PASSED] - configValue2 = wildConfig2[0].get("value"): null

2019-08-11 00:00:41 - [TEST_STEP][PASSED] - configValue4 = wildConfig4[0].get("value"): null

2019-08-11 00:00:41 - [TEST_STEP][PASSED] - if (configValue2 != null &amp;&amp; configValue2 != 0): null

2019-08-11 00:00:41 - [TEST_STEP][PASSED] - if (configValue4 != null &amp;&amp; configValue4 != 0): null

2019-08-11 00:00:41 - [TEST_STEP][PASSED] - multi1 = multi1 * configValue4: null

2019-08-11 00:00:41 - [TEST_STEP][PASSED] - config_value = multi * multi1: null

2019-08-11 00:00:41 - [TEST_STEP][PASSED] - M4_round_wild_config = M4_round_wild_config: null

2019-08-11 00:00:41 - [TEST_STEP][PASSED] - wildConfig = value: null

2019-08-11 00:00:41 - [TEST_STEP][PASSED] - M4_round_object = M4_round_object: null

2019-08-11 00:00:41 - [TEST_STEP][PASSED] - symbolsReels3 = symbols: null

2019-08-11 00:00:41 - [TEST_STEP][PASSED] - Reels3list = new java.util.ArrayList(): null

2019-08-11 00:00:41 - [TEST_STEP][PASSED] - for ([i = 0, i &lt; symbolsReels3.size(), (i++)]): null

2019-08-11 00:00:41 - [TEST_STEP][PASSED] - Reels3list.add(symbol): null

2019-08-11 00:00:41 - [TEST_STEP][PASSED] - Reels3list.add(symbol): null

2019-08-11 00:00:41 - [TEST_STEP][PASSED] - Reels3list.add(symbol): null

2019-08-11 00:00:41 - [TEST_STEP][PASSED] - symbolsReels5 = symbols: null

2019-08-11 00:00:41 - [TEST_STEP][PASSED] - Reels5list = new java.util.ArrayList(): null

2019-08-11 00:00:41 - [TEST_STEP][PASSED] - for ([i = 0, i &lt; symbolsReels5.size(), (i++)]): null

2019-08-11 00:00:41 - [TEST_STEP][PASSED] - Reels5list.add(symbol): null

2019-08-11 00:00:41 - [TEST_STEP][PASSED] - Reels5list.add(symbol): null

2019-08-11 00:00:41 - [TEST_STEP][PASSED] - Reels5list.add(symbol): null

2019-08-11 00:00:41 - [TEST_STEP][PASSED] - symbol_value = "": null

2019-08-11 00:00:41 - [TEST_STEP][PASSED] - if (Reels3list.contains("WILD_Double") &amp;&amp; Reels3list.contains("WILD_Triple")): null

2019-08-11 00:00:41 - [TEST_STEP][PASSED] - else if (Reels5list.contains("WILD_Double") &amp;&amp; Reels5list.contains("WILD_Triple")): null

2019-08-11 00:00:41 - [TEST_STEP][PASSED] - else if (Reels3list.contains("WILD_Double") &amp;&amp; Reels5list.contains("WILD_Double")): null

2019-08-11 00:00:41 - [TEST_STEP][PASSED] - else if (Reels3list.contains("WILD_Triple") &amp;&amp; Reels5list.contains("WILD_Double")): null

2019-08-11 00:00:41 - [TEST_STEP][PASSED] - else if (Reels3list.contains("WILD_Double") &amp;&amp; Reels5list.contains("WILD_Triple")): null

2019-08-11 00:00:41 - [TEST_STEP][PASSED] - else if (Reels3list.contains("WILD_Triple") &amp;&amp; Reels5list.contains("WILD_Triple")): null

2019-08-11 00:00:41 - [TEST_STEP][PASSED] - else if (Reels3list.contains("WILD_Double")): null

2019-08-11 00:00:41 - [TEST_STEP][PASSED] - else if (Reels5list.contains("WILD_Double")): null

2019-08-11 00:00:41 - [TEST_STEP][PASSED] - else if (Reels3list.contains("WILD_Triple")): null

2019-08-11 00:00:41 - [TEST_STEP][PASSED] - else if (Reels5list.contains("WILD_Triple")): null

2019-08-11 00:00:41 - [TEST_STEP][PASSED] - symbol_value = 3: null

2019-08-11 00:00:41 - [TEST_STEP][PASSED] - println("GlobalVariable.M4_history_multiplier is: " + M4_history_multiplier): null

2019-08-11 00:00:41 - [TEST_STEP][PASSED] - println("symbol_value is: " + symbol_value): null

2019-08-11 00:00:41 - [TEST_STEP][PASSED] - println("Config_Value is:" + config_value): null

2019-08-11 00:00:41 - [TEST_STEP][PASSED] - assert M4_history_multiplier == symbol_value: null

2019-08-11 00:00:41 - [TEST_STEP][PASSED] - assert config_value == M4_history_multiplier: null

2019-08-11 00:00:41 - [MESSAGE][PASSED] - Call Test Case 'Test Cases/M4-Game/Super_Wild/backup/compare_values/4_specific_Multiplier_verify_value_call_test_case' successfully</system-out>
            <system-err></system-err>
        </testcase>
        <system-out>2019-08-10 23:54:37 - [TEST_SUITE][PASSED] - superWild_4: Test Cases/M4-Game/Super_Wild/4_Multiplier_CALL</system-out>
        <system-err></system-err>
    </testsuite>
</testsuites>
